16.6847 11.2086 -3.7938 -0.8321 3.3967 -0.9565 -1.5426 1.1399 -1.2215 -2.7702 -0.2051 -0.1778 -1.5922 
16.4278 10.8102 -4.2527 -1.2534 3.1796 -0.9270 -1.4501 1.0237 -1.5210 -2.8419 0.0371 -0.1402 -1.8423 
14.8143 8.8997 -5.4422 -2.0734 2.2207 -2.0454 -2.3732 0.4990 -1.7327 -2.9544 -0.2360 -0.7066 -2.5095 
16.2989 10.7023 -4.2619 -1.2438 3.1418 -1.1473 -1.7887 1.0973 -0.7766 -2.0408 0.3582 -0.0152 -1.7067 
16.2125 10.7056 -4.0815 -1.0547 3.3282 -0.7472 -1.1074 1.6889 -0.8083 -2.6825 -0.1652 0.0990 -1.3176 
16.1534 10.9212 -3.6400 -1.0969 2.8536 -0.8562 -0.7204 1.9481 -0.8197 -2.5961 -0.1122 -0.2696 -1.7539 
16.5922 11.0204 -4.2514 -1.6806 2.4681 -1.5700 -1.8956 0.7894 -1.4536 -2.5822 0.1639 -0.3143 -2.3881 
16.4533 11.3739 -3.4092 -1.2808 2.5752 -1.3295 -1.8480 0.6996 -1.1872 -2.1645 0.3526 -0.1072 -1.8276 
16.4713 11.0459 -4.0371 -1.5126 2.6648 -1.4440 -1.9514 1.1345 -0.4920 -1.9561 0.1784 0.2415 -0.9416 
16.4290 10.0143 -5.7143 -1.6520 3.7755 -0.8633 -1.6975 1.9075 0.0613 -2.3045 -0.4135 -0.0217 -0.9734 
17.7635 11.5505 -4.8760 -1.3610 3.7320 -1.2147 -2.5249 0.6090 -1.0523 -2.5409 -0.0917 0.0593 -1.3105 
15.4476 9.6939 -4.6387 -1.0626 3.0189 -1.8333 -2.0628 1.7142 -0.2169 -2.3125 -0.2409 -0.2252 -1.5546 
15.8430 10.4500 -4.1624 -1.6616 2.1416 -1.8608 -1.8356 1.2163 -0.9860 -2.4917 0.1407 0.2828 -1.2044 
16.0227 10.6065 -4.2139 -1.6891 2.5089 -1.3103 -1.6727 1.0322 -1.0454 -2.4302 -0.0036 -0.0157 -1.3619 
16.0255 10.6500 -3.9983 -1.3526 2.6209 -1.5663 -2.1598 0.5092 -1.1748 -1.9023 0.6222 0.1061 -1.5255 
16.2492 10.4348 -4.7663 -1.6896 2.8231 -1.3769 -1.8275 1.1776 -0.8331 -2.2308 0.2499 0.0152 -1.6277 
15.9781 10.8815 -3.2970 -0.6499 2.9886 -1.2037 -1.5103 0.9133 -1.6013 -2.6685 0.3305 0.1125 -1.6669 
15.9951 10.9508 -3.3105 -0.8850 2.7955 -1.1738 -1.3695 1.3219 -0.7985 -2.0349 0.3645 -0.0017 -1.6425 
15.8094 10.9473 -3.1643 -1.0981 2.4453 -1.2365 -1.2634 1.4527 -0.6680 -2.1636 -0.0997 -0.3925 -1.5914 
15.0064 10.4391 -2.7295 -0.5944 2.4540 -1.5438 -1.7458 0.7835 -1.2562 -2.2868 0.2440 0.0182 -1.4178 
15.7748 10.5731 -3.6924 -1.0762 2.6741 -1.4853 -1.7124 1.2031 -0.9748 -2.5883 -0.2647 -0.3464 -1.8127 
15.7244 10.9111 -3.0628 -0.9885 2.4768 -1.1550 -1.0603 1.5384 -0.8406 -2.2143 0.3426 0.2234 -1.3681 
15.1421 10.3670 -3.2225 -1.1889 2.1465 -1.2842 -1.1037 1.1221 -1.4788 -2.6614 -0.1814 -0.6442 -1.9637 
15.1931 10.4589 -2.9657 -0.8232 2.0509 -2.1004 -2.0008 0.7076 -1.6132 -2.6825 0.1060 -0.2615 -2.0047 
15.7632 10.8863 -3.1254 -0.8961 2.6786 -1.0460 -1.1573 1.1535 -1.4657 -2.7924 -0.1324 -0.4753 -2.2052 
15.5422 10.9324 -2.7092 -0.8805 2.0634 -1.7604 -1.6583 0.8148 -1.4929 -2.3498 0.5400 0.1407 -1.6675 
14.7815 9.9471 -3.5856 -1.4338 2.2347 -1.3504 -1.6816 0.9550 -0.8308 -2.3249 -0.4158 -0.4790 -1.7104 
15.3108 10.2600 -3.6515 -1.2746 2.1679 -2.0302 -2.2159 0.9165 -0.9811 -2.7866 -0.9746 -1.1666 -2.2550 
16.1797 10.9105 -3.4890 -0.7037 2.6411 -2.4042 -2.8457 0.6971 -0.8961 -2.5818 -0.7314 -0.7981 -1.5275 
16.4017 11.5333 -3.0644 -1.3329 1.9541 -2.0489 -2.0943 0.9901 -1.0769 -2.9071 -0.7201 -0.5346 -1.8068 
15.0037 9.7539 -4.0296 -1.1695 2.6937 -1.2504 -1.4179 1.2611 -0.9413 -2.1648 0.3598 0.0313 -1.5922 
15.6572 10.8956 -2.9227 -0.7923 2.4879 -1.4862 -1.4954 1.4652 -0.4996 -1.9031 0.3229 -0.0633 -1.8329 
15.5591 10.8677 -2.6966 -0.5257 2.4274 -1.6693 -1.3854 1.5328 -0.9606 -2.5181 0.0426 -0.2249 -2.0016 
15.7184 10.5745 -3.6216 -1.1727 2.2714 -2.0176 -2.0845 0.9921 -1.2128 -2.7228 -0.1008 -0.2423 -2.0801 
15.0774 10.2866 -3.1633 -0.8767 2.3538 -1.7419 -1.9913 0.6617 -1.3071 -2.2319 0.4829 0.1365 -1.7225 
15.3449 10.3997 -3.5842 -1.6962 1.4090 -2.4146 -1.8740 1.5284 -0.6575 -2.5160 -0.1085 0.2023 -1.1231 
16.7124 10.7744 -4.7427 -1.6811 2.4531 -2.1725 -2.4184 0.7493 -1.5647 -2.9719 -0.1983 -0.4183 -1.8669 
18.8787 11.6123 -6.6479 -2.9835 2.5156 -1.8839 -1.6670 1.7070 -1.5182 -3.2012 0.4068 0.3366 -1.7021 
16.2372 11.3010 -3.0928 -1.0160 2.3404 -1.7729 -1.9645 0.8450 -1.0463 -1.9508 0.6800 0.2233 -1.5063 
15.4900 10.7543 -2.8130 -0.4887 2.8489 -1.0182 -1.1993 0.9851 -1.4555 -2.3176 0.5447 0.1994 -1.5504 
15.8663 10.9741 -3.0969 -0.9461 2.2710 -1.8600 -1.7259 1.4138 -0.7967 -2.4687 -0.0561 -0.1489 -1.8423 
16.3025 11.3507 -2.8744 -0.5577 2.5236 -1.8364 -1.7238 0.9782 -1.7211 -2.8436 0.3455 0.0806 -1.7633 
15.9390 10.9094 -3.3579 -1.0269 2.5169 -1.6988 -2.0119 0.9294 -0.9633 -2.1596 0.3994 0.0403 -1.8612 
15.6217 11.1045 -2.6601 -1.0871 1.9619 -1.7374 -1.7222 1.1085 -0.7742 -2.1601 0.1913 0.4182 -0.9324 
16.3763 11.2788 -3.2215 -0.7362 2.7977 -1.6953 -1.8869 1.5564 -0.3003 -2.1600 -0.0821 0.0017 -1.1710 
15.3978 10.0195 -4.0746 -1.1397 2.5412 -1.9611 -2.2306 0.8854 -1.0436 -2.1534 0.6701 0.4856 -1.4045 
21.7911 12.4506 -8.7890 -2.7159 3.6677 -3.1055 -2.2923 3.3780 -0.6770 -3.6504 0.6631 0.4430 -2.5855 
20.3078 11.5426 -8.4077 -2.6058 3.8928 -2.4009 -2.4067 2.4184 -1.2722 -4.0852 -0.1720 -0.3727 -3.2923 
18.0205 12.1802 -3.5691 -0.1676 3.3568 -2.2253 -2.0210 1.7271 -1.3730 -3.1984 0.4633 0.4188 -2.0792 
16.5558 10.8121 -4.1636 -0.8927 2.8955 -1.9206 -1.7999 1.5821 -0.9417 -2.1904 1.1441 0.8729 -1.2990 
16.3733 11.1272 -3.3297 -0.6068 2.6970 -1.9158 -1.7404 1.3834 -1.2533 -2.6424 0.4551 0.2215 -1.7621 
15.3340 9.9210 -4.2317 -1.2661 2.7460 -1.3933 -1.6639 1.2626 -0.7752 -2.1081 0.3706 0.2318 -1.1311 
16.7070 11.6311 -3.1514 -0.8983 2.7052 -1.5679 -1.9710 0.8085 -1.2598 -2.5545 -0.1339 -0.4607 -1.8762 
15.8237 10.2968 -4.4935 -1.8775 2.2563 -1.7561 -2.2513 0.3800 -1.7759 -3.3198 -1.1791 -1.2456 -1.9842 
15.9002 10.5518 -4.0975 -1.6431 2.3124 -1.5610 -1.7417 1.1036 -0.9256 -2.2891 -0.0331 -0.3159 -1.4669 
16.4487 11.4116 -3.2967 -1.2930 2.2268 -1.7290 -1.8724 0.9137 -1.1578 -2.4740 -0.1105 -0.2524 -1.4394 
16.5013 11.1525 -3.9343 -1.6414 2.4200 -1.4182 -1.8100 0.6690 -1.6795 -3.0800 -0.4988 -0.4548 -1.7766 
16.0262 10.8607 -3.3741 -0.5530 3.2257 -1.1205 -1.5995 0.9245 -1.5475 -2.9523 -0.1905 0.0072 -1.1018 
15.9748 10.5981 -4.2683 -2.0225 2.1034 -1.3993 -1.6594 0.7459 -1.3486 -2.4757 -0.3017 -0.7718 -1.7937 
15.5981 10.5135 -3.5101 -0.8504 2.9672 -1.1740 -1.6817 0.8283 -1.6230 -3.2392 -0.4600 0.2509 -0.5598 
15.4519 10.3095 -3.6598 -0.9735 2.6862 -1.5767 -1.8166 1.2180 -0.8879 -2.5828 -0.3194 -0.3505 -1.6890 
15.7197 10.8739 -2.9184 -0.4690 2.8396 -1.5778 -2.0059 0.8031 -1.0979 -2.1848 0.5011 0.4950 -1.0285 
16.0105 11.1375 -2.9541 -0.6587 2.7272 -1.6365 -2.1713 0.5945 -1.2093 -2.3416 0.0883 -0.0510 -1.3937 
15.4918 10.3849 -3.6443 -1.0987 2.6812 -1.1591 -1.2795 1.2494 -1.3803 -3.0024 -0.3383 -0.2405 -1.7615 
15.8070 10.9615 -3.0697 -0.9043 2.6390 -1.1521 -1.3777 1.0612 -1.2325 -2.6315 -0.3458 -0.4536 -1.4370 
15.4623 10.6475 -3.2940 -1.5121 1.6591 -1.9872 -1.7948 0.9199 -1.1782 -2.2457 0.2761 -0.1037 -1.7118 
15.6369 10.6406 -3.4713 -1.2523 2.2391 -1.8175 -2.0662 0.8572 -0.8175 -1.6981 0.9242 0.4830 -1.4617 
15.7066 11.0254 -2.5825 -0.3558 2.5287 -1.9330 -1.9108 1.2389 -0.8958 -2.4073 0.1185 0.0274 -1.5401 
15.5935 10.8818 -2.8433 -0.9197 2.0137 -1.7377 -1.2233 1.3844 -1.5128 -2.9514 0.0550 0.1797 -1.1629 
16.0352 11.0672 -3.2235 -0.9477 2.7278 -1.2648 -1.7086 0.6980 -1.6638 -2.9914 -0.3024 -0.2746 -1.6303 
15.0289 9.8318 -3.9252 -1.1417 2.5908 -1.4595 -1.5795 1.2306 -1.1203 -2.7237 -0.2815 -0.3080 -1.5581 
16.6638 11.3139 -3.4914 -0.6623 3.1068 -1.4791 -1.8504 0.9292 -1.5983 -2.9431 -0.0414 -0.3893 -2.1798 
15.9977 10.6338 -3.6191 -0.6703 2.5593 -2.2369 -2.1094 0.8856 -1.9452 -3.3214 -0.1317 -0.2377 -1.7892 
39.1262 27.6699 -8.0367 -4.5278 6.6564 0.5523 -1.9750 1.5568 -2.2606 -4.3994 -0.4909 -1.2624 -2.2084 
38.9558 28.4934 -7.4203 -6.7625 4.0124 0.1011 -2.3789 0.0551 -2.8679 -4.1568 -1.1179 -2.5010 -3.2218 
37.4297 28.4026 -5.9389 -7.4299 2.4727 0.2340 -2.2212 -0.7299 -2.8905 -3.7074 -1.6418 -3.2780 -3.4805 
37.3310 28.1979 -5.6758 -6.5242 2.6241 -0.6570 -2.3946 0.2974 -2.0423 -3.5033 -1.4472 -2.8943 -3.0659 
36.0845 27.4307 -5.5083 -7.2394 1.1297 -1.6959 -3.1540 -0.6379 -2.6828 -3.7671 -1.9783 -3.8716 -4.0786 
35.9703 27.6485 -4.4088 -5.7014 1.8673 -2.0669 -3.3276 0.3135 -1.4286 -3.1054 -1.3951 -2.8532 -3.3100 
36.0849 27.3210 -4.6014 -4.6842 2.6556 -2.5767 -3.6957 0.6954 -1.2738 -3.0301 -0.7886 -2.2598 -3.1480 
34.4833 26.7006 -3.6428 -5.0028 1.3983 -2.8221 -3.5569 0.1920 -1.7416 -3.1526 -1.0353 -2.5608 -3.3632 
34.9048 27.1013 -3.4574 -4.6377 1.9734 -2.5061 -3.6166 0.2437 -1.2826 -2.5202 -0.5363 -2.3751 -3.5230 
34.6014 26.9356 -3.5246 -5.3172 0.8553 -3.2760 -3.9905 -0.1914 -1.7713 -2.9218 -1.0807 -3.0501 -3.9003 
36.2263 27.0654 -5.0228 -4.5722 2.2662 -4.0578 -4.7989 0.7186 -1.0738 -3.0337 -0.7098 -2.3532 -3.5011 
36.8068 27.7220 -4.7506 -4.5371 2.3051 -4.1157 -4.7730 1.3891 -0.0878 -2.6324 -0.7644 -2.2811 -3.3399 
36.5568 28.0388 -4.2913 -5.4045 1.4366 -3.2979 -3.8472 0.7204 -0.9200 -2.1586 -0.1319 -2.5786 -3.5342 
37.9027 28.3944 -5.5615 -5.8662 1.6898 -3.4656 -3.9318 0.7256 -1.5326 -2.7869 -0.1925 -2.5653 -3.5099 
38.4516 29.0115 -5.4917 -6.1509 1.9505 -2.7154 -3.7519 0.2667 -1.8132 -2.7552 -0.0825 -2.3267 -3.3376 
37.8295 28.2175 -6.3462 -7.1845 1.1637 -3.1853 -4.4248 -0.6861 -2.7951 -3.7742 -0.8812 -2.6293 -3.7723 
38.9331 29.1377 -5.9932 -6.3246 2.3080 -2.3000 -3.4390 0.3022 -2.2616 -3.1029 0.3801 -1.5884 -3.3174 
38.5092 28.9190 -5.8374 -6.4652 1.9290 -2.4367 -3.4969 -0.0381 -2.6714 -3.1927 0.5455 -1.5903 -3.6616 
38.9991 28.8292 -6.5126 -6.1840 2.6904 -2.6080 -4.0141 0.3434 -1.9130 -3.1532 0.2308 -1.3046 -3.1800 
38.0431 28.6025 -6.0229 -7.1406 1.3902 -2.3618 -3.7950 -1.0720 -3.2631 -2.9624 0.6286 -2.0157 -4.2893 
38.3363 28.5585 -6.0118 -5.9507 2.6544 -2.2905 -3.7769 -0.1201 -2.4828 -3.0281 0.7774 -1.0371 -3.3563 
37.2385 27.8232 -6.0340 -6.7432 1.4357 -2.7362 -3.9293 -0.8770 -3.4204 -3.5179 0.4918 -1.5872 -4.1617 
37.1143 27.9422 -5.3899 -5.9796 1.9097 -2.3536 -3.3435 -0.2523 -2.9180 -3.0592 0.8316 -1.4154 -3.9245 
36.2630 27.0890 -5.6017 -5.9065 1.6760 -3.2164 -4.4034 -0.7364 -2.9663 -3.5094 0.0028 -1.9292 -4.2257 
36.1101 26.9702 -5.6685 -6.0742 1.5635 -3.2189 -4.6528 -1.3373 -3.4100 -3.4026 0.3298 -1.9464 -4.5156 
35.6872 27.3347 -4.2696 -5.0923 2.1962 -2.4326 -4.3127 -1.3241 -2.7422 -2.2607 1.2092 -1.2599 -4.0021 
34.7444 26.3657 -4.3144 -4.3765 2.6432 -2.9382 -5.0687 -1.4017 -2.5912 -2.7825 0.4413 -1.3563 -3.7879 
34.1397 25.9149 -3.9449 -3.4553 3.5754 -2.3296 -4.7121 -1.0036 -2.1562 -2.6567 0.3209 -1.1633 -3.2682 
32.1664 25.1946 -2.5947 -3.6185 2.1267 -2.6218 -4.4443 -1.6105 -3.1168 -3.4486 -0.4486 -1.6456 -3.3946 
32.1534 24.3012 -3.3543 -2.1302 3.8823 -2.6323 -4.4314 -0.7362 -3.1086 -4.1947 -0.2679 -0.5228 -2.1947 
29.7206 23.5973 -1.2322 -1.8672 2.3790 -2.8608 -3.9235 -0.7529 -2.5726 -2.9933 0.2376 -0.8017 -2.6662 
28.9758 22.1241 -2.6803 -2.1450 2.5747 -3.2693 -4.1335 0.0152 -1.8386 -3.1435 -0.1513 -0.8294 -2.6747 
26.1538 20.1034 -2.2341 -1.9801 2.1419 -3.1940 -4.1075 -0.1426 -1.2395 -2.2028 0.3838 -0.1398 -1.9234 
25.7349 19.2066 -3.3019 -2.7375 1.3859 -3.9001 -4.0619 0.2639 -1.4018 -2.5550 0.3954 -0.3104 -2.4379 
24.7369 18.8531 -2.3593 -1.9958 1.8230 -3.1432 -3.4745 0.3696 -1.1937 -2.1647 0.6108 -0.1660 -2.3004 
24.6301 18.4248 -2.8329 -1.9055 2.0338 -3.3387 -3.7477 0.1684 -1.5571 -2.6019 0.1178 -0.8439 -2.7768 
23.9755 17.9330 -2.5569 -1.4604 2.0803 -3.2575 -3.1742 0.3780 -2.5349 -3.6680 0.3934 0.1633 -2.3098 
22.6202 16.2193 -3.6677 -1.7945 2.2180 -3.2704 -3.8003 -0.6680 -3.3358 -4.1333 -0.3414 -0.7759 -2.6350 
22.1495 15.6719 -4.2274 -2.5186 1.7273 -3.4251 -3.8947 -0.4815 -2.9195 -4.3643 -1.2086 -1.2322 -2.8086 
22.3142 16.0884 -3.4589 -1.5186 2.7344 -2.5644 -3.0340 0.6468 -1.6547 -3.2779 -0.2849 -0.3970 -2.0060 
21.9845 15.5490 -4.0853 -1.9464 2.7996 -2.1799 -2.6988 0.9375 -1.3040 -3.0516 -0.2744 -0.4744 -2.3289 
20.5939 13.7763 -5.1143 -2.0692 2.8908 -2.2788 -2.7039 0.9250 -1.6408 -3.4540 -0.6399 -1.1534 -3.0782 
20.7363 14.4663 -4.0925 -1.8693 2.4410 -2.1624 -2.0116 1.3516 -1.2875 -2.5174 0.5562 -0.2702 -2.3587 
21.1662 15.0687 -3.5879 -1.6071 2.4225 -2.3445 -2.1110 1.4448 -1.2907 -2.8831 0.0656 -0.5890 -2.6156 
20.7613 14.2514 -4.8689 -2.9502 1.6313 -2.6257 -2.4248 1.0406 -1.4296 -2.8300 0.0387 -0.4869 -2.1445 
21.2591 14.5106 -5.1022 -2.9968 1.7333 -2.7483 -2.5988 0.8984 -1.7562 -3.0271 0.4253 0.0259 -2.2658 
20.4771 13.8495 -5.1571 -2.6309 2.9126 -1.0608 -1.3818 1.8344 -0.5609 -2.1979 0.6392 0.5126 -1.3667 
19.8837 13.5657 -4.5740 -2.1627 2.4592 -1.7980 -1.4723 2.1209 -0.5206 -2.2622 0.6104 0.1957 -1.8727 
20.3286 14.0549 -4.3563 -2.0864 2.5636 -1.7273 -1.6667 1.5554 -1.3223 -3.0944 -0.1205 -0.2902 -1.9355 
19.7927 13.6799 -4.4001 -2.4521 2.0969 -1.8880 -2.0530 0.6530 -1.9686 -3.1176 -0.2116 -0.8291 -2.4345 
19.8173 13.3352 -4.6205 -1.5697 3.1444 -1.5391 -1.3662 2.0504 -1.0801 -2.9175 0.3680 0.2243 -1.7691 
19.7686 13.6420 -4.0612 -1.4740 2.8693 -2.0441 -2.3746 1.0204 -1.3929 -2.8538 0.2759 0.1097 -1.9327 
19.9883 13.8730 -3.8811 -1.2127 3.0861 -2.0587 -2.5103 1.0649 -1.0821 -2.6865 -0.1776 -0.6671 -2.2953 
19.3893 13.4240 -3.5697 -0.4944 3.7921 -1.3850 -1.9510 1.1692 -1.3106 -2.6214 0.2577 -0.4132 -2.2688 
22.7144 17.9127 -0.2456 0.9901 4.2442 -1.2402 -2.3302 0.4276 -2.1351 -3.8899 -1.1508 -1.0124 -2.3359 
24.7978 19.6106 -0.3512 0.7744 4.6907 -0.8201 -2.4538 -0.2851 -3.1157 -4.4104 -1.0235 -0.8262 -2.2848 
26.0501 20.5990 -0.4594 0.5709 4.6373 -1.2496 -3.3236 -1.2730 -3.9723 -4.9800 -1.2567 -0.5484 -1.3264 
28.4146 21.9641 -1.5400 0.0969 5.2516 -1.3593 -4.0161 -1.2335 -3.2224 -4.2067 -0.8574 -0.6759 -1.5441 
28.9445 22.8076 -0.9508 0.1811 5.6038 -0.6649 -4.1697 -2.3124 -3.8641 -3.9179 -0.3223 -0.2389 -0.9869 
31.3366 24.4466 -1.9629 -1.1964 5.1523 -0.9657 -4.7627 -2.6720 -3.6562 -3.4119 -0.0914 -0.6555 -1.7873 
32.5215 24.7699 -3.2906 -1.7699 6.0665 -0.3022 -5.3594 -3.7686 -4.3618 -3.5667 0.0157 -0.6396 -1.8764 
34.5750 25.1479 -5.2380 -2.0821 6.1041 -2.0494 -6.2255 -2.5500 -3.5499 -3.5466 0.3696 -0.6876 -2.4372 
34.1784 25.1598 -4.8108 -2.0109 6.4352 -1.4849 -6.7244 -3.6068 -3.4126 -2.4827 1.0686 -0.3648 -2.1525 
35.0674 26.0199 -4.6663 -2.1319 6.4934 -1.3856 -6.7359 -3.4079 -2.7749 -1.6547 1.7503 -0.0702 -2.2912 
36.0601 26.4967 -5.1659 -2.1480 6.7413 -1.7900 -7.1240 -3.0896 -2.3520 -1.4280 2.0378 -0.0741 -2.7529 
36.6440 26.3295 -6.3424 -2.7832 6.3775 -2.6817 -7.7291 -3.0281 -2.4929 -1.7164 2.1368 -0.2459 -3.5992 
37.3139 26.7119 -6.6336 -3.0020 6.2488 -2.7986 -7.3632 -2.2751 -1.9376 -1.3503 2.4323 -0.2547 -3.7228 
36.9082 26.2109 -7.1231 -3.6772 5.4934 -3.3252 -7.5866 -2.4030 -2.1379 -1.6029 2.0506 -1.0283 -4.7558 
37.4077 26.9010 -6.6968 -3.5733 5.8742 -2.4090 -6.6803 -1.7401 -1.4652 -1.0752 2.2402 -0.7924 -4.3294 
38.0676 27.4230 -7.0096 -4.2876 5.5228 -2.2556 -6.3630 -1.3266 -1.0219 -1.0837 1.6656 -1.2910 -4.3782 
37.0610 26.9005 -6.8714 -5.1670 4.2901 -2.4696 -6.4065 -2.0720 -1.6837 -1.4574 0.8918 -2.1038 -4.5865 
37.8648 27.3373 -7.1286 -5.0156 4.7603 -2.0215 -5.5267 -1.0359 -1.3537 -1.5497 1.1315 -1.5617 -3.9558 
37.8559 27.4620 -7.0009 -5.4528 3.8427 -2.4196 -5.0239 -0.5496 -1.4709 -1.7246 1.2024 -1.5820 -3.9879 
37.8661 27.8268 -6.5618 -5.6457 3.6612 -1.9536 -4.5303 -0.3870 -1.3005 -1.5874 1.2270 -1.4960 -4.1224 
37.5768 27.7198 -6.4366 -5.9338 3.1971 -1.7784 -4.0331 -0.5275 -1.8416 -1.7701 1.1105 -1.9383 -4.4198 
37.3675 27.4618 -6.5369 -5.8878 3.2189 -1.6848 -3.7405 -0.4319 -2.2099 -2.1232 1.0326 -2.1382 -4.6577 
36.9583 27.4156 -6.2491 -6.1663 3.0020 -1.1473 -3.2003 -0.4001 -2.3264 -2.2110 1.1526 -1.7437 -4.6934 
35.7184 26.5416 -5.7400 -5.3507 3.4007 -0.9595 -2.9791 -0.2776 -2.5641 -2.6392 1.2169 -1.0995 -4.3943 
33.8095 25.3912 -4.8214 -4.4294 3.9359 -0.1062 -2.5715 -0.7785 -2.9071 -2.6134 0.9043 -1.1883 -3.6094 
33.9019 25.5963 -4.8246 -4.7547 3.9511 0.2481 -2.3975 -0.4004 -2.3555 -2.9553 0.0742 -1.1127 -3.2515 
33.8272 25.2692 -5.2211 -4.8702 3.7639 -0.0654 -2.4175 -0.3504 -2.4659 -2.8799 0.0084 -1.8804 -3.9668 
33.0133 24.7046 -4.9558 -4.6036 3.5838 -0.4986 -2.7985 -0.4244 -2.4409 -3.2940 -0.5444 -1.7653 -3.5833 
32.9251 24.2193 -5.2711 -3.8015 4.4866 -0.4786 -2.8458 -0.1455 -2.4343 -3.3436 -0.2198 -1.4223 -3.2694 
31.9900 23.7337 -4.6836 -3.3458 4.4747 -0.5291 -2.8019 0.0646 -2.1794 -3.3901 -0.2592 -1.0484 -3.0644 
30.9027 23.0223 -4.4416 -3.3118 4.3473 -0.3554 -2.7318 -0.0150 -2.0534 -3.4956 -0.9466 -1.8052 -3.6453 
29.9830 22.5523 -3.5802 -2.2914 4.6742 -0.1690 -2.1952 0.3426 -2.1051 -3.2415 -0.1230 -1.1077 -3.4362 
28.5077 21.1342 -3.8293 -2.1682 4.2874 -1.0636 -3.0414 -0.1788 -2.5868 -4.0002 -0.9102 -1.4211 -3.3279 
27.0332 20.0879 -3.1335 -1.0646 4.6509 -1.1044 -2.9210 0.1878 -1.6956 -2.5989 0.1005 -1.1702 -3.1430 
25.8964 19.4480 -2.5432 -0.6625 4.5773 -1.0138 -2.8284 -0.0970 -2.1243 -2.9390 -0.1108 -1.1051 -2.8236 
25.2076 18.8766 -2.5033 -0.5320 4.4737 -1.1877 -2.8036 0.0677 -2.3482 -3.7970 -0.8955 -1.2039 -2.7508 
24.5646 18.1327 -2.7555 -0.2386 4.8473 -1.1466 -2.8321 0.2932 -2.1501 -3.8297 -0.9402 -1.4172 -3.3919 
23.6967 17.3794 -3.0393 -0.8343 4.1269 -1.2597 -2.3492 0.9724 -1.6100 -3.8384 -1.3991 -1.6222 -3.2712 
22.2206 15.7491 -3.9690 -1.5623 3.6095 -1.0322 -1.5933 1.3698 -1.6986 -3.7447 -0.9609 -1.2517 -2.9516 
21.7069 14.9183 -4.6987 -1.6566 3.9266 -1.1914 -2.2160 1.2863 -1.0479 -3.1731 -0.6736 -0.8231 -2.5321 
21.5372 14.9274 -4.1291 -0.9802 3.8063 -2.0055 -2.7766 1.2234 -0.9076 -2.7872 -0.1918 -0.6926 -2.6467 
20.3860 13.5016 -5.3060 -2.0327 3.1888 -2.0521 -2.8185 0.7014 -1.8099 -3.7992 -1.0060 -1.0133 -2.6254 
21.4242 15.0008 -3.9875 -1.2907 3.5357 -1.4639 -1.9793 1.3005 -1.2402 -2.7927 -0.1200 -0.8875 -2.6323 
20.5868 14.1349 -4.3738 -1.4841 3.4955 -1.3763 -2.0435 1.0456 -1.4146 -2.7023 0.3401 -0.1070 -1.9462 
20.4987 14.3019 -4.0256 -1.5941 3.0258 -1.6903 -2.0380 1.4547 -0.7069 -2.3110 0.1562 -0.3228 -1.8967 
19.6107 12.6336 -5.7159 -2.2442 2.8646 -2.2174 -2.5134 0.9925 -2.0031 -3.9268 -0.4966 -0.3396 -2.3316 
20.0114 13.7233 -4.0765 -1.1232 3.1689 -2.0512 -2.1293 1.5322 -1.2218 -3.0236 0.0638 -0.2201 -2.3658 
19.5327 12.9630 -4.9187 -1.8760 2.5948 -2.4576 -2.3923 1.5139 -0.6876 -1.8977 1.2071 0.5479 -1.5875 
19.3438 13.1718 -4.3254 -1.3738 3.6067 -1.1731 -2.0108 1.4831 -0.2627 -1.9912 0.2404 0.1151 -1.3229 
19.3935 12.9031 -4.6343 -1.2610 3.2225 -2.1422 -2.2993 1.5843 -0.8916 -2.6129 0.3910 0.0791 -1.8395 
19.6498 13.5841 -3.8458 -1.0568 3.2192 -1.7558 -1.7578 2.0221 -0.6478 -2.8908 -0.2264 -0.1889 -1.8205 
19.0539 12.9333 -4.2908 -1.6581 2.4541 -2.3799 -2.3286 1.3011 -1.0580 -2.4960 0.4597 0.0072 -2.0118 
18.7459 12.8004 -4.1593 -1.8200 2.2125 -2.1190 -1.9743 0.9446 -1.9307 -3.2391 -0.1660 -0.7412 -2.7595 
18.9675 12.9457 -3.9920 -1.0534 3.3251 -1.5065 -1.8565 1.3096 -1.2049 -2.5941 0.4334 0.1053 -1.8125 
19.3415 13.5154 -3.5608 -0.9400 3.3855 -1.3456 -1.7032 1.5218 -1.0038 -2.6857 0.1754 -0.1097 -2.1770 
18.4738 12.4753 -4.1918 -1.2406 3.2244 -1.4886 -1.9555 1.2003 -1.0079 -2.2180 0.7571 0.5096 -1.2702 
18.8590 12.7141 -4.4469 -1.5350 3.3265 -1.0635 -1.5005 1.5867 -0.7445 -2.2872 0.3652 0.1964 -1.2709 
19.4219 13.1252 -4.5373 -1.5597 3.3684 -1.4363 -2.0544 1.3623 -0.9923 -2.8839 0.0155 0.2453 -1.5585 
19.0353 12.8885 -4.5139 -1.8981 2.7818 -1.7096 -2.1198 1.2880 -0.7362 -2.4263 -0.0591 -0.1955 -1.6508 
18.1752 12.0026 -4.7079 -1.6985 2.7305 -2.2396 -2.7546 0.8704 -1.0734 -2.9163 -0.6573 -0.6227 -1.6398 
18.5354 12.4007 -4.3833 -1.2598 3.2270 -1.7171 -2.1954 1.1789 -1.1013 -2.7713 -0.1356 -0.2619 -1.7298 
18.3826 12.2247 -4.4464 -1.1316 3.5739 -1.2939 -1.8589 1.5378 -0.5237 -2.1335 0.2222 -0.2015 -1.7960 
27.3503 16.3535 -11.2838 -5.1354 6.6696 0.9474 -3.0068 0.9297 0.1832 -1.5152 0.6934 -0.2754 -2.5933 
31.6851 16.6447 -15.6641 -4.1308 9.4072 -1.1599 -4.7151 2.3220 -0.4377 -3.6191 0.5853 -0.5616 -3.7406 
30.9132 15.8225 -15.7387 -3.6256 9.4944 -2.0321 -6.0230 0.9934 -1.7980 -4.4158 1.1010 0.6929 -3.0592 
31.8342 16.6467 -15.9187 -4.1683 9.6772 -1.3486 -5.8310 0.8037 -1.8240 -4.6112 0.5162 0.2032 -3.3795 
31.4848 16.4496 -15.7828 -4.2834 9.3908 -0.8676 -4.5300 1.6324 -2.0009 -4.8661 0.6265 0.2676 -3.0530 
30.7009 16.0961 -15.3489 -4.3218 8.9444 -0.8331 -4.0826 2.0252 -1.7492 -4.7086 0.9464 0.8587 -2.8196 
30.2253 16.6793 -14.0504 -4.6075 8.3223 -0.4105 -4.2405 1.1352 -1.6095 -4.1812 0.4960 0.3772 -2.6149 
29.6673 17.7096 -11.3179 -3.3066 8.5679 0.5981 -3.2442 1.6284 -0.7665 -3.6424 -0.0238 -0.0308 -2.4826 
31.5915 21.2211 -7.4925 -1.4412 8.5290 0.6094 -3.0809 0.5634 -2.8518 -5.2122 -0.6618 -0.5002 -3.0720 
37.2841 25.9595 -8.5313 -4.4982 7.2486 0.8447 -3.1754 -0.0974 -3.1789 -5.1346 -0.9578 -1.1701 -3.0703 
37.8435 26.1651 -9.1657 -5.3140 6.5411 0.4078 -3.2141 -0.3805 -4.1143 -5.8572 -1.0239 -1.4411 -3.7351 
38.4727 26.3551 -9.8273 -5.9119 6.0690 -0.0630 -3.3166 -0.3756 -4.4257 -6.0102 -0.8782 -1.6537 -4.1942 
39.0079 27.1081 -9.2639 -5.6103 6.5307 0.7923 -2.4268 0.2210 -4.0930 -5.7219 -0.3693 -1.0199 -3.8601 
38.4395 26.6083 -9.5343 -6.1063 6.0732 0.5036 -3.0233 -0.5822 -4.5817 -6.0618 -0.8487 -1.4229 -4.1778 
38.7286 27.2783 -8.8181 -6.0154 5.9674 0.9864 -2.3828 -0.3087 -4.0707 -5.1702 -0.4611 -1.4225 -3.6442 
38.7308 27.1842 -9.1103 -6.3249 5.8256 0.8063 -2.6791 -0.4261 -4.1025 -5.4178 -0.7012 -1.5765 -4.0260 
38.5238 26.8889 -9.3140 -6.4649 5.5076 0.3626 -3.0408 -0.7231 -4.2425 -5.3690 -0.8722 -2.0107 -4.2729 
38.5523 27.5746 -8.3701 -6.5191 5.4225 1.3105 -2.2290 -0.7096 -3.9385 -4.5741 -0.4850 -1.9770 -3.9645 
38.6804 27.2275 -9.1220 -6.6751 5.6313 1.1834 -2.4274 -0.6724 -3.9985 -4.9220 -0.8732 -2.0535 -3.6811 
37.7583 26.5851 -9.0593 -7.0411 4.7704 0.4930 -3.0142 -1.3624 -4.5175 -5.2722 -1.4080 -2.8056 -4.4455 
37.7809 26.8154 -8.4726 -6.4211 5.0003 0.4159 -2.9878 -1.1392 -4.1896 -4.7068 -0.6787 -2.4232 -4.5321 
38.5323 27.4832 -8.2217 -6.1286 5.0748 0.2352 -2.6577 -0.1828 -3.3551 -4.2984 -0.5032 -2.3106 -4.2258 
36.9559 26.8014 -7.3388 -6.3002 4.0238 -0.0137 -2.6048 -0.6510 -3.6908 -4.2500 -0.6998 -2.9251 -4.8941 
36.5843 26.8030 -6.6241 -5.5972 4.4096 0.1381 -2.6660 -0.6614 -3.4045 -3.8387 -0.2194 -2.3098 -4.5655 
35.4806 26.1671 -6.2484 -5.7469 3.6521 -0.3503 -3.0489 -1.1961 -3.5657 -3.6139 -0.2994 -2.8476 -5.1827 
35.2995 25.4972 -6.6773 -5.0146 3.9566 -1.5439 -4.1069 -1.1564 -3.3731 -3.7262 -0.3997 -2.7833 -4.9813 
33.6999 25.5256 -4.4628 -4.4604 3.3880 -1.0372 -3.7485 -1.6109 -3.0187 -2.7689 -0.1548 -2.7308 -4.5383 
33.9995 25.1030 -4.9623 -3.3536 4.1261 -2.2027 -4.3072 -0.3064 -2.1598 -3.2325 -0.2489 -1.8647 -3.7844 
31.2307 24.1863 -3.0537 -3.7900 2.2137 -2.0149 -3.5675 -1.0243 -2.6951 -2.8513 -0.1522 -2.1494 -4.2373 
31.0233 23.3228 -3.8853 -2.9639 3.6702 -1.9114 -3.9629 -0.2640 -1.7903 -3.3130 -0.9032 -1.5632 -2.9829 
28.7488 21.5998 -3.5828 -2.8727 2.9485 -1.9079 -3.0383 0.2384 -1.9037 -3.2680 -0.9339 -2.2827 -3.8444 
27.7768 20.3442 -4.2572 -2.6718 3.4256 -1.8623 -3.1643 0.4758 -1.5205 -3.1193 -0.7783 -1.8816 -3.5769 
27.0977 20.3279 -3.2199 -2.0037 3.7898 -1.0856 -2.5209 0.4801 -1.6433 -2.9108 -0.1687 -0.9988 -2.8629 
26.1317 19.7267 -2.8117 -1.8703 3.1087 -1.8198 -2.8056 0.3735 -1.7989 -3.0316 -0.1459 -0.8018 -2.6769 
25.3032 18.7682 -2.9057 -0.9198 4.0307 -1.7208 -2.8453 0.8038 -1.5041 -3.3549 -0.5439 -0.7569 -2.4096 
24.6824 18.3605 -2.8238 -1.2430 3.2896 -2.0564 -2.8033 0.4744 -2.0983 -3.4485 -0.1622 -0.5519 -2.5060 
24.2048 18.0252 -2.7148 -1.2123 3.0205 -2.4680 -3.1997 0.3037 -1.9915 -3.4512 -0.5333 -0.9564 -2.5696 
24.1009 17.6660 -3.1114 -1.0399 3.6233 -2.0108 -2.9864 0.3979 -2.0255 -3.4563 -0.2695 -0.5134 -2.2661 
22.7868 16.3674 -3.6591 -1.4280 3.4169 -1.9136 -2.8321 0.6672 -1.7465 -3.7557 -0.9343 -0.7589 -2.3338 
22.1658 15.7180 -3.7968 -1.1612 3.8524 -1.3533 -2.3233 0.8137 -1.6434 -3.1178 -0.1632 -0.5680 -2.3374 
21.1152 14.3116 -4.7890 -1.4806 3.7349 -1.8468 -2.7024 1.1309 -1.4606 -3.8099 -0.8340 -0.6195 -2.5483 
21.1468 14.8557 -3.7617 -0.9076 3.9066 -1.4284 -2.3897 0.9518 -1.3122 -2.9443 -0.2314 -0.6681 -2.5078 
21.1904 14.7214 -4.2019 -1.4850 3.3214 -1.7800 -2.3075 1.1688 -1.3390 -3.0593 -0.1714 -0.5730 -2.6252 
20.7088 14.1727 -4.2977 -1.1102 3.5779 -1.9906 -2.4906 1.3506 -1.2579 -3.2688 -0.0812 0.0641 -1.9041 
20.4833 14.0741 -4.1774 -1.0486 3.7774 -1.5528 -2.2546 1.4304 -0.7942 -2.8585 -0.6025 -0.7944 -1.9747 
19.6894 13.2385 -4.6261 -1.4148 3.3816 -2.2151 -3.4050 0.2474 -1.5169 -3.2672 -0.7948 -0.7469 -2.1358 
19.6181 13.0909 -4.8094 -1.7547 2.7980 -2.3527 -2.6655 0.8024 -1.8558 -3.4485 -0.2357 -0.3794 -2.2383 
19.3227 13.3699 -3.8470 -1.2682 2.9843 -1.6864 -1.8214 1.3790 -1.3669 -2.9740 0.1818 0.0002 -2.1729 
19.4829 13.4175 -4.2087 -1.6945 3.0724 -1.4313 -2.0440 1.2138 -0.8638 -2.5674 -0.0972 -0.1650 -1.7108 
19.9909 13.5354 -4.5752 -1.4656 3.5602 -1.4702 -2.1773 1.2526 -1.2979 -3.4536 -0.7050 -0.4068 -1.8605 
19.7051 12.8472 -5.3833 -1.6430 3.9932 -0.9191 -1.5562 2.0071 -0.4628 -2.3877 0.4653 0.1527 -2.2170 
19.6706 13.1287 -4.8159 -1.4457 3.8885 -0.8376 -1.5846 1.2602 -1.7087 -3.4362 -0.1123 0.0396 -1.7055 
19.8521 13.1998 -4.8665 -1.4288 3.5734 -1.5115 -1.8177 1.6341 -1.4991 -3.6373 -0.3501 -0.3194 -2.4519 
18.7443 12.7205 -4.0574 -1.0124 3.3810 -1.6071 -2.1564 1.1174 -1.0813 -2.5064 0.0557 -0.6013 -2.4501 
18.4754 12.5387 -3.9965 -1.0441 3.1969 -1.6099 -1.8227 1.3878 -1.3460 -3.0152 0.0114 -0.3020 -2.4185 
18.7728 12.7372 -4.3000 -1.7858 2.3573 -2.2089 -2.1308 1.2830 -1.1873 -2.6698 0.1879 -0.2585 -2.0503 
18.0084 12.0930 -4.4052 -1.9045 2.1729 -2.4636 -2.7365 0.5931 -1.5356 -2.9503 -0.1910 -0.3294 -1.8534 
17.9965 12.2245 -3.7984 -0.8339 3.0710 -2.1844 -2.6455 1.0372 -1.0288 -3.0912 -1.0916 -1.3878 -2.5590 
17.2456 11.0824 -4.8496 -1.5022 2.6057 -2.6040 -2.8926 0.7336 -1.6364 -3.4477 -0.7021 -0.7974 -2.3394 
18.7399 12.6329 -4.1500 -0.9124 3.5260 -1.5863 -2.0639 1.3319 -1.0569 -2.6163 0.2986 0.0508 -1.6667 
27.6478 16.1208 -10.8169 -2.9394 6.8731 -1.5256 -3.9678 0.7233 -2.9040 -4.6360 1.2807 1.3217 -2.5199 
27.9959 16.9912 -10.6685 -4.4132 6.3809 -0.0756 -3.1648 0.6447 -2.3767 -4.9131 -0.3822 1.2635 -0.2790 
24.7223 15.2808 -9.2855 -4.6727 4.8957 0.3814 -1.9366 0.9578 -1.5268 -3.3741 0.0010 0.8296 0.0405 
25.9476 18.8183 -4.3632 -2.5127 4.0587 -0.2077 -1.4903 1.0150 -2.2328 -4.4901 -1.3764 -0.4431 -0.8845 
28.3601 22.2601 -1.7086 -1.8010 3.3124 -1.2222 -2.5603 0.0551 -2.4102 -4.2198 -1.9261 -1.9997 -2.3501 
30.2087 23.6638 -2.1530 -2.6738 2.6694 -2.0060 -3.2976 0.0375 -1.4113 -2.7877 -1.5507 -3.3069 -3.5511 
30.6790 24.1522 -1.7037 -1.9253 3.2266 -2.2697 -3.9936 -0.2122 -0.9547 -2.1295 -1.3445 -3.6310 -3.8554 
31.2560 24.4252 -2.2869 -2.6708 2.7874 -2.5237 -4.0929 -0.1061 -0.9061 -2.2640 -1.3428 -3.4398 -3.8773 
32.4058 24.9798 -3.1312 -3.3357 2.6496 -3.0130 -4.8435 -0.3460 -0.6293 -2.0784 -1.6731 -4.0953 -4.1361 
34.1259 26.5042 -3.3458 -4.2964 2.4259 -2.3022 -4.1124 -0.1526 -0.7395 -2.1628 -1.7245 -4.1876 -4.1109 
34.9363 26.7419 -3.9491 -4.0563 3.3295 -1.9996 -4.0773 0.2680 -0.6025 -2.5866 -1.8255 -3.7164 -3.6165 
36.2056 26.8724 -5.5645 -4.7005 3.7360 -1.7920 -3.8000 0.4536 -1.2374 -3.3545 -2.0325 -3.7622 -3.5232 
36.9998 27.0252 -6.4650 -5.0133 4.3629 -0.7587 -2.6851 0.7057 -2.1891 -3.8308 -1.0864 -2.7896 -3.2971 
38.0936 27.2002 -7.8796 -5.7946 4.6557 -0.2940 -2.2087 0.5742 -3.5664 -4.9307 -0.5247 -2.0218 -3.6182 
39.5157 27.6316 -9.0507 -5.7306 5.9162 0.0728 -2.5390 0.6945 -3.4762 -5.2026 -0.2790 -1.2535 -3.4420 
39.6846 26.9974 -10.0506 -5.4607 6.3081 -0.4358 -2.6678 0.8299 -4.3790 -6.1107 -0.0796 -1.2481 -4.1299 
39.5789 26.4625 -10.9027 -5.7985 6.4889 -0.4739 -3.1287 0.3649 -4.6383 -6.3744 -0.3675 -1.2692 -4.1435 
38.7887 26.4176 -9.9178 -5.2970 7.1563 1.0836 -1.9781 0.5386 -4.5550 -6.0417 0.2392 -0.3691 -3.5447 
38.8007 26.0686 -10.4887 -5.3418 7.4446 1.2406 -1.8094 0.5940 -4.9687 -6.4997 0.2589 -0.2128 -3.6481 
39.2481 26.3988 -10.6903 -5.7217 7.2931 1.2446 -2.1070 -0.0465 -5.3080 -6.2921 0.4044 -0.3894 -3.7996 
38.7768 26.5537 -10.0065 -5.8231 7.3280 2.0738 -1.8559 -0.4966 -5.2598 -6.0614 0.3064 -0.1625 -3.4978 
38.0170 26.3416 -9.4439 -6.0576 6.5542 1.9154 -1.7707 -0.6171 -4.9322 -5.4426 0.1803 -0.8243 -3.8236 
36.8706 25.8906 -8.4565 -5.5334 6.2595 1.9981 -1.3907 -0.7920 -5.2009 -5.0285 0.7532 -0.7950 -3.9988 
36.1671 25.4470 -8.4151 -5.9078 5.7447 1.8265 -1.7238 -1.3648 -5.4426 -5.1866 0.2919 -0.9940 -3.8185 
36.4481 25.7465 -8.1290 -5.3798 6.3144 2.1326 -1.3554 -0.6622 -4.9634 -5.2359 0.3137 -0.7161 -3.6718 
35.3886 25.4638 -7.2913 -5.5381 5.6378 2.4300 -1.1446 -1.5629 -5.6149 -4.9931 0.2736 -1.1368 -3.6565 
34.9559 25.2466 -7.1511 -5.5312 5.6263 2.0544 -2.3026 -2.3879 -5.2300 -4.4234 0.4397 -0.6494 -3.0406 
34.3645 24.5195 -7.5250 -5.5184 5.6821 1.9247 -2.4197 -2.3122 -5.1015 -4.3590 0.6410 -0.1304 -2.5571 
32.4503 23.3738 -6.6070 -4.8521 5.4114 1.7771 -2.5240 -3.0565 -6.0168 -4.7079 0.6642 -0.2670 -2.8482 
33.2500 23.7729 -6.6839 -4.2538 5.7602 1.2891 -2.1796 -1.5411 -5.2344 -5.0518 0.4824 -0.0675 -2.6999 
31.9012 22.4541 -6.8461 -3.6592 6.2695 1.0473 -2.8069 -1.4759 -4.6820 -5.4330 -0.7470 -0.5890 -2.4391 
30.5973 22.0621 -5.5046 -2.7939 6.4291 1.6356 -1.9987 -0.7125 -3.4656 -4.2506 -0.4617 -0.6676 -2.1242 
29.3466 21.2739 -4.9883 -2.3811 6.2586 1.3405 -2.3052 -0.7883 -2.9765 -3.7493 -0.5407 -0.8139 -1.8467 
27.5164 20.0380 -4.5916 -2.4966 5.3484 1.0341 -2.0456 -1.0249 -3.7869 -4.4455 -0.7626 -0.8732 -2.2886 
26.0725 18.4448 -5.0897 -2.4225 4.6820 -0.1756 -2.3399 -0.4763 -3.7083 -4.9118 -1.0189 -1.0061 -2.7878 
24.3052 16.7165 -5.7607 -3.0995 3.8517 -0.3442 -1.9086 -0.1799 -3.5503 -4.6178 -0.9015 -1.2222 -2.9751 
23.5378 16.3340 -5.4221 -3.3265 2.8674 -1.3735 -2.7047 -0.5915 -3.5279 -4.6452 -1.1302 -1.2640 -3.0276 
22.1815 15.7260 -3.9300 -1.3380 4.1106 -0.6897 -1.9629 0.5311 -2.2419 -3.5550 -0.0448 0.0853 -1.6566 
22.1918 15.6433 -4.3000 -2.0030 3.4565 -1.0122 -1.9003 0.8798 -1.7146 -2.9990 0.3318 0.0944 -2.0471 
21.6604 15.2241 -4.0551 -1.4023 3.9357 -0.6520 -1.4097 1.3261 -1.6709 -3.1767 0.4255 0.5388 -1.5305 
21.1226 14.5829 -4.4644 -1.7001 3.5933 -1.0328 -1.7685 1.0462 -1.7078 -2.9037 0.7122 0.4568 -2.0038 
20.7390 14.1634 -4.7590 -2.1095 3.1377 -1.1369 -1.4912 1.2208 -1.9293 -3.3617 0.2474 0.2643 -1.5957 
19.6002 13.0182 -5.0124 -1.8113 3.4577 -1.1330 -1.8040 0.9218 -2.0204 -3.4670 -0.0705 -0.1788 -2.0314 
19.4753 13.3948 -4.1217 -1.6443 2.6625 -1.9497 -2.2835 0.5152 -2.1146 -2.9797 0.5858 0.3804 -1.4342 
19.4105 13.2269 -4.1990 -1.2640 3.4277 -1.1100 -1.4791 1.1531 -1.8431 -3.0364 0.2571 -0.3306 -2.2871 
18.9099 12.4893 -4.7366 -1.3557 3.2994 -1.8682 -2.4891 0.7232 -1.6415 -2.8046 0.2563 -0.3597 -2.2560 
18.0892 11.7438 -5.0712 -1.7314 3.3842 -1.0302 -1.7767 0.7732 -1.8531 -2.9817 0.2302 -0.1057 -2.0202 
18.5733 12.2798 -5.1398 -2.5293 2.5085 -1.6174 -2.3955 0.2068 -1.9993 -3.0733 -0.2193 -0.5546 -2.3896 
19.1674 13.0379 -4.3650 -1.7857 2.7275 -1.6407 -1.7414 1.3013 -1.4350 -3.0106 -0.1796 -0.5784 -2.2844 
18.6518 12.4770 -4.3916 -1.3508 2.9182 -1.8651 -1.6267 1.9544 -1.0346 -3.0677 0.1028 0.2968 -1.5571 
18.9222 13.0537 -3.7477 -0.9093 3.5737 -1.0404 -1.6054 1.0509 -1.7986 -3.2182 0.1874 0.5316 -1.0381 
18.4318 12.6210 -3.8561 -1.1322 3.1017 -1.4076 -1.4833 1.6979 -1.0606 -2.9332 -0.0802 0.0090 -1.5205 
18.6731 12.8957 -3.7115 -1.1079 3.0365 -1.5848 -1.9980 0.7649 -1.8903 -3.2392 -0.2899 -0.5108 -1.9933 
18.4110 11.9663 -5.1062 -1.7070 3.3797 -1.2298 -1.9136 0.9085 -1.5780 -2.6768 0.4916 -0.1400 -2.5318 
19.9533 12.8548 -6.3908 -3.2861 3.1804 -1.1057 -3.0499 -0.5939 -1.6991 -1.7931 0.7746 -0.7389 -2.8624 
19.1886 12.6264 -5.0765 -1.7806 3.1973 -1.9739 -2.9212 0.4947 -1.3086 -2.4654 0.2856 -0.3236 -2.2501 
18.5259 12.4724 -4.2152 -1.3207 2.7025 -2.3276 -2.5605 0.6237 -2.1361 -3.7498 -0.8117 -1.0524 -2.4658 
18.5316 12.2218 -4.8349 -1.5314 3.6259 -0.9859 -1.8815 1.0354 -1.1754 -2.5504 0.1492 -0.2489 -1.8969 
18.6184 12.4791 -4.5725 -1.7522 2.8748 -1.8846 -2.7119 0.4141 -1.2515 -2.1068 0.3752 -0.7057 -2.5088 
18.3687 12.1036 -4.6964 -1.4390 3.1309 -1.8304 -2.3018 1.1035 -0.9739 -2.1395 0.6775 -0.1316 -2.2583 
17.9532 12.2756 -3.9336 -1.4746 2.7169 -1.6005 -1.9072 1.0836 -1.2834 -2.8751 -0.2376 -0.2914 -1.7583 
17.5802 11.5319 -4.5939 -1.3672 3.3252 -0.9974 -1.3599 1.2975 -1.4782 -2.7314 0.4609 0.1490 -1.8206 
18.9738 12.9545 -4.0855 -1.2682 3.2019 -1.5434 -1.9965 1.2119 -1.0864 -2.5374 0.2085 -0.0775 -1.5446 
21.9284 13.4631 -7.1956 -1.5761 5.2581 -1.4874 -2.9421 1.3353 -1.3119 -3.3750 0.2508 0.2026 -2.1128 
19.5111 11.7711 -7.0478 -2.4104 3.6616 -1.7992 -2.3696 1.6940 -0.7768 -2.6316 0.5016 0.0692 -2.2765 
22.6128 17.6348 -0.5920 0.8542 4.1315 -1.7144 -3.1057 -0.2861 -2.4023 -3.3910 -0.0669 0.0369 -1.4499 
29.7311 24.0138 0.1084 0.2925 4.5409 -1.9938 -5.0558 -2.8341 -3.6985 -2.7767 0.6282 -0.4927 -1.5141 
30.6986 24.2549 -0.7745 0.3340 5.1787 -2.8322 -6.9639 -3.7241 -3.5069 -2.8215 0.2209 -0.7742 -1.7774 
33.8756 25.9540 -2.7048 -1.0495 5.6356 -2.1768 -6.2429 -2.6489 -2.8261 -2.5304 0.6409 -0.4269 -1.3771 
34.1702 25.3944 -4.0119 -1.2928 5.9611 -2.5401 -6.7914 -3.0961 -3.7798 -3.5489 0.2044 -0.7909 -1.8325 
36.4148 25.9228 -6.3176 -2.3131 6.0856 -3.0673 -6.5592 -1.7593 -3.3681 -3.9120 0.3796 -0.6953 -2.2374 
35.5270 26.3236 -4.3495 -1.4612 6.4387 -1.7505 -5.8715 -2.5757 -3.7256 -2.9530 1.3619 -0.2458 -1.6964 
35.2904 25.9101 -4.6740 -1.5510 6.1083 -2.5300 -6.5832 -2.9997 -4.1601 -3.4788 0.8077 -0.8643 -2.2238 
36.1077 26.2737 -5.0300 -1.3904 6.3712 -2.7589 -6.3604 -2.0071 -3.4255 -3.2811 1.0137 -0.5690 -1.9618 
34.8897 25.7206 -4.4943 -1.6812 5.7481 -2.5415 -6.3264 -2.8124 -3.9089 -3.1321 0.8897 -1.0284 -2.1879 
33.8283 24.6108 -4.9063 -1.8245 5.3744 -3.2346 -7.1770 -3.6657 -4.7194 -3.9763 -0.0236 -1.8734 -2.8390 
34.8911 25.9097 -3.9819 -1.0985 6.0639 -2.5306 -6.2537 -2.3861 -3.4579 -3.1116 0.7411 -0.8861 -1.9810 
34.5350 24.7995 -5.7223 -2.5121 4.8785 -4.0142 -7.7266 -3.5756 -4.5812 -4.1601 -0.2138 -1.9876 -3.1319 
34.7992 26.0518 -3.8006 -1.4814 5.6186 -2.4791 -6.2779 -2.8088 -3.5893 -2.7013 1.0640 -0.8841 -1.8412 
34.4199 25.3316 -4.6427 -2.1548 4.9073 -3.3308 -6.8510 -3.1203 -4.2190 -3.6439 0.3762 -1.2729 -2.3725 
34.9199 25.9464 -4.2806 -2.0728 5.0265 -2.7029 -5.8078 -2.2317 -3.5600 -2.9367 0.9044 -1.0971 -2.0250 
35.0989 25.9471 -4.5999 -2.3658 4.8006 -2.9437 -5.8286 -1.9353 -3.2950 -2.9388 0.8116 -1.0390 -1.7581 
35.1158 26.4529 -3.9509 -2.8863 3.5882 -3.2191 -5.2084 -1.6081 -3.2370 -2.4501 1.3605 -1.0816 -1.9446 
35.4951 26.5906 -4.4360 -3.4939 3.0798 -3.8686 -5.7831 -1.5389 -2.8287 -2.6065 0.7550 -1.2767 -1.8266 
36.9389 27.4799 -4.9090 -3.5320 3.5148 -4.1225 -6.0691 -0.6237 -1.4485 -2.0281 0.7616 -1.2702 -2.0124 
36.7206 27.6080 -4.6787 -4.0816 2.8570 -4.2530 -6.2003 -0.6622 -0.9287 -1.6753 0.1745 -2.4363 -3.0294 
36.9337 27.3962 -5.4904 -4.7046 2.5311 -4.5548 -6.2703 -0.4599 -0.8828 -1.9283 -0.2301 -2.9910 -3.6243 
36.7069 27.3277 -5.2248 -4.5795 2.2885 -4.7951 -6.2519 -0.4216 -0.8472 -1.5512 0.1710 -3.3925 -4.5514 
36.4151 27.3790 -4.9282 -4.8967 1.9162 -4.5755 -6.0691 -0.5004 -0.7290 -1.5794 -0.1920 -3.2797 -4.1229 
35.7586 27.0525 -4.3292 -4.2115 2.1273 -4.5417 -5.8871 -0.3070 -0.7389 -1.6913 -0.1068 -2.9992 -4.0753 
35.2712 26.6821 -4.0010 -3.6465 2.1080 -4.8454 -5.5692 0.2989 -0.7304 -2.0012 -0.1442 -3.0264 -4.2756 
34.6946 26.7469 -2.8952 -3.0333 1.9019 -4.7751 -4.8731 0.9997 -0.2918 -1.5565 0.4251 -2.5872 -4.2049 
32.9835 25.1584 -3.1091 -2.8867 1.5887 -5.3148 -5.2288 0.7118 -0.8957 -2.5999 -0.6992 -3.3583 -4.7084 
31.2354 24.1000 -2.2361 -2.0938 1.5675 -5.3159 -4.9314 1.0512 -0.6221 -2.4889 -0.6996 -3.3080 -4.6163 
29.9902 23.0423 -2.3200 -2.2202 1.0213 -5.6896 -4.7543 1.4917 -0.4816 -2.8114 -0.9124 -3.0009 -4.3843 
28.4387 21.8777 -2.0053 -1.6371 1.6425 -4.6493 -4.0315 1.2698 -0.8913 -2.7837 -0.8043 -3.0242 -4.4508 
28.8824 21.9126 -2.9127 -2.5142 1.6193 -4.1968 -3.5141 2.1795 0.2035 -2.1786 -0.0878 -1.4406 -3.3445 
26.7047 20.5240 -2.3342 -2.7222 0.3187 -4.8818 -3.6542 1.7217 -0.1716 -2.1045 0.0244 -1.3127 -2.8557 
25.6591 19.4404 -2.7332 -2.6559 0.6735 -4.6600 -4.0136 1.1198 -0.5116 -2.3711 -0.1988 -1.0186 -2.2659 
27.1573 18.8675 -5.3819 -2.3778 2.4351 -4.9950 -4.5051 2.1174 -0.3048 -3.2698 -0.3062 -0.8095 -2.9660 
25.0116 17.8298 -4.3740 -2.5614 1.4451 -4.7774 -4.0947 1.5986 -0.7091 -3.1346 -0.1709 -0.5246 -2.5270 
22.8584 16.6934 -3.4652 -2.5009 1.0744 -4.0514 -3.7865 0.6257 -1.0524 -2.3463 0.1081 -1.1957 -3.4137 
23.2738 17.1459 -2.8425 -1.2162 2.6724 -2.3957 -1.7321 2.7333 0.1714 -1.9840 0.5113 -0.2438 -2.1727 
38.5119 27.9899 -6.8791 -5.1185 4.3259 -1.7010 -3.1779 1.9017 -0.4847 -1.9360 2.2405 0.3286 -3.7003 
38.4899 27.8523 -7.5071 -6.1789 3.6458 -2.0407 -4.2447 0.1194 -1.9470 -3.0689 0.8552 -0.7229 -3.5878 
37.0112 27.0062 -6.7813 -5.6619 3.7385 -1.4681 -3.5657 0.1482 -2.4025 -3.5830 0.6747 -0.2980 -3.0533 
37.4081 27.2089 -7.1448 -6.1301 3.5473 -1.3922 -3.4281 0.1691 -2.4305 -3.5078 0.6449 -0.7391 -3.6307 
36.9012 26.8215 -6.8459 -5.4067 4.1657 -1.1341 -3.5054 -0.1183 -2.7207 -3.6501 0.7788 -0.1563 -2.9287 
35.9397 26.6801 -5.8349 -5.4168 3.3153 -1.3297 -3.3084 -0.2395 -2.8821 -3.6869 0.7062 -0.2478 -3.0799 
37.0622 27.4424 -6.4556 -6.1895 3.5507 -0.6660 -3.2844 -0.5500 -2.7401 -3.3886 0.6212 -0.3859 -2.9959 
35.1667 26.3350 -5.5026 -5.6980 2.7641 -1.1401 -2.8592 -0.2563 -3.1405 -4.0835 0.0887 -0.6667 -3.1983 
35.1890 25.3061 -7.2238 -5.9814 3.2947 -1.3846 -3.2742 -0.1730 -3.2850 -4.8215 -0.9720 -1.7894 -3.9733 
32.9664 24.6023 -5.0628 -4.5973 3.6943 -0.2421 -2.2239 -0.0455 -3.2154 -4.6414 -0.8013 -1.0164 -2.9161 
30.9017 23.0509 -4.4415 -3.6660 3.5468 -0.8810 -2.4351 0.3835 -2.2970 -3.9260 -1.1330 -1.9176 -3.1372 
30.2368 21.9655 -4.7878 -2.5967 4.1865 -1.5978 -2.6599 1.1440 -2.1013 -4.0089 -0.0251 -0.3152 -2.7057 
30.5222 20.4720 -7.0692 -1.7503 5.6282 -3.0688 -4.0871 2.1155 -1.4716 -4.6543 0.1081 0.1720 -3.1505 
30.6138 19.4296 -8.3824 -0.7048 7.3981 -2.8388 -4.1202 2.5386 -1.6654 -4.9002 0.6697 0.7157 -2.8320 
28.9932 18.1658 -8.6211 -1.2616 7.1163 -2.5073 -4.4827 1.8211 -1.3263 -4.4754 -0.1567 -0.3827 -3.3719 
28.8818 18.5410 -8.2162 -1.9482 6.5312 -1.8367 -3.6831 1.9261 -1.4397 -4.7204 -0.2601 0.3774 -2.5113 
26.7245 17.2666 -7.6412 -2.3131 5.5847 -1.8043 -3.6926 1.3840 -1.1362 -3.9294 -0.5233 -0.4058 -2.5983 
24.3908 16.3531 -6.0204 -2.2096 4.2091 -1.9394 -3.1585 1.0919 -1.3373 -3.4860 -0.3249 -0.4213 -2.4492 
22.8151 15.8429 -4.6270 -1.7673 3.5030 -2.1129 -3.0537 0.7238 -1.5714 -3.3088 -0.1730 -0.1863 -2.0266 
22.4341 15.7511 -4.3677 -2.0123 3.0418 -1.9838 -2.7184 0.5148 -1.9956 -3.3162 0.0442 -0.1835 -2.1608 
22.0988 14.9863 -5.0595 -1.6011 4.1571 -1.4942 -2.8122 0.9538 -0.9940 -2.7820 -0.1496 -0.2729 -1.5102 
21.8641 14.7918 -5.2326 -2.2095 3.1586 -2.3095 -3.1135 0.9757 -1.0535 -3.1903 -0.7372 -0.6281 -1.7230 
20.3296 13.9963 -4.4223 -1.8663 2.9026 -2.1942 -3.0315 0.8384 -0.5857 -2.1699 0.1487 0.1274 -1.0809 
20.2574 13.8719 -4.5643 -1.9774 2.9291 -1.8552 -2.5051 1.0120 -0.9394 -2.5674 -0.1326 -0.4416 -1.8122 
20.1179 13.7913 -4.2707 -1.4747 3.0510 -1.9682 -2.1294 1.6741 -0.7789 -2.8265 -0.2255 -0.3381 -1.8280 
19.0455 12.8874 -4.3739 -1.6129 2.7223 -2.1331 -2.1729 1.7128 -0.5864 -2.7340 -0.2906 -0.1859 -1.5481 
18.2261 12.2420 -4.2401 -1.2447 3.1628 -1.5281 -1.7745 1.5962 -0.7517 -2.2341 0.8239 0.7166 -1.2740 
19.5648 13.4104 -4.0525 -1.1561 3.2116 -1.9507 -2.4166 1.1454 -0.9771 -2.4101 0.3117 -0.1611 -1.8357 
19.3726 13.1933 -4.3142 -1.5467 2.9298 -2.0655 -2.4314 1.4489 -0.5159 -2.4050 0.0944 0.2152 -1.0659 
19.0991 12.7465 -4.7081 -1.5807 3.2939 -1.5970 -2.2741 1.0291 -1.2596 -2.9465 -0.3107 -0.6498 -2.4406 
18.9788 13.2074 -3.8195 -1.5831 2.6894 -1.7772 -2.2811 0.8188 -1.1872 -2.5386 -0.0693 -0.4773 -2.0693 
18.9207 13.0318 -3.8096 -1.0240 3.2626 -1.7422 -2.3978 0.9703 -0.9648 -2.3478 0.3538 0.2913 -1.1764 
19.2205 12.8507 -4.7954 -1.9211 2.8043 -1.9654 -2.3476 1.0820 -1.3925 -3.2364 -0.2777 0.0733 -1.3285 
22.9716 13.1620 -8.5543 -0.6472 6.4220 -2.8775 -3.7857 3.2111 -0.0843 -4.0940 0.4625 1.3080 -2.4328 
24.6146 13.3694 -10.1487 -0.5102 7.2326 -3.3516 -3.7960 4.0318 -0.3885 -4.8618 0.6306 1.2999 -3.0301 
25.8024 13.4629 -11.6917 -1.3107 6.9636 -3.9260 -3.9897 3.8545 -1.0923 -4.8714 1.3383 1.2362 -3.3857 
26.0258 13.0710 -12.3620 -0.7324 8.0057 -3.7725 -4.2624 3.5862 -1.6196 -5.1714 1.5577 1.2401 -3.6758 
27.5087 13.6155 -13.4161 -0.7143 9.0657 -3.3971 -4.2703 4.0981 -0.9777 -4.8605 1.5578 1.1186 -3.4838 
28.2048 13.7367 -14.4931 -1.6040 9.0398 -3.2976 -4.4911 4.0511 -0.5103 -4.2093 1.9608 1.2246 -3.3645 
28.3924 13.4961 -15.1171 -1.6244 9.3140 -3.6168 -4.9939 4.1683 -0.0766 -4.1220 1.7252 0.9925 -3.5014 
29.5021 14.0522 -15.7728 -1.7845 10.0471 -3.0907 -5.2158 3.4028 -0.9715 -4.4315 2.3519 1.9834 -2.7420 
30.2055 14.2873 -16.4779 -2.1631 10.4615 -2.4755 -4.9111 3.1696 -1.6017 -4.9733 1.8891 1.1290 -3.8816 
31.3118 15.5931 -16.0617 -2.6867 9.9629 -2.4793 -4.9393 3.1446 -1.1315 -4.5216 1.5454 0.5127 -3.7757 
30.5729 15.2934 -15.8330 -3.3415 8.8408 -3.1101 -5.5140 2.2787 -2.0127 -5.4934 0.8069 0.6384 -3.5382 
30.6880 16.9302 -12.9591 -1.7189 9.9717 -1.1455 -4.2268 2.4208 -1.3175 -4.2654 1.4835 1.1487 -3.1130 
36.0115 24.2611 -8.5959 -3.0044 6.2559 -2.9443 -4.8141 1.0258 -3.1324 -6.1405 -0.8364 -0.9387 -3.9389 
39.9788 27.9285 -8.5270 -4.4192 6.0537 -1.9188 -4.2028 1.0052 -2.4926 -4.6092 0.2976 -0.7221 -3.6359 
41.6179 28.8615 -9.5562 -5.4256 6.1152 -1.4265 -4.0934 0.3283 -3.4604 -4.8182 0.6298 -0.9703 -4.1677 
42.3762 29.1108 -10.4196 -6.1878 5.9784 -1.3207 -3.9916 0.2971 -3.6139 -4.7664 0.8580 -0.9337 -4.1146 
41.9625 28.7622 -10.4556 -6.3774 5.5325 -1.4514 -3.7463 0.2870 -3.7582 -4.4639 1.1495 -1.1332 -4.0129 
41.4406 28.3182 -10.6910 -6.8946 5.0114 -1.6328 -3.9291 -0.1324 -4.3480 -5.3068 0.2652 -1.5781 -4.2093 
40.2853 28.0270 -9.4784 -6.1494 5.3649 -0.7903 -3.1624 0.3578 -3.6836 -4.9108 0.2477 -1.1927 -3.4155 
36.2736 25.2678 -8.1547 -4.7460 5.3135 -0.7929 -2.8013 0.6629 -3.3313 -4.9398 -0.2215 -1.0174 -2.6854 
33.6015 22.6077 -9.3284 -5.5779 4.7584 -1.1413 -3.0072 1.7825 -1.3805 -4.7250 -1.1851 -0.6164 -2.2438 
32.5019 21.1513 -10.0320 -5.2048 4.9874 -1.9341 -3.7032 2.0233 -1.3767 -5.7118 -1.8271 -0.0880 -1.9401 
29.3288 20.0853 -7.9633 -5.8420 3.2062 -0.6024 -2.1851 0.8301 -1.7642 -3.5788 -0.5498 -0.5059 -1.3189 
29.4216 20.8996 -6.4538 -4.9192 3.3128 -0.7869 -2.8489 -0.3812 -2.7524 -4.0819 -1.2270 -1.4956 -1.9621 
27.7302 19.6845 -6.2001 -4.8195 3.2027 -0.2569 -2.1395 -0.1152 -2.5841 -3.6811 -0.6279 -0.8733 -1.7507 
26.7969 19.2331 -5.2236 -3.7830 3.0671 -0.8051 -1.7932 0.8341 -2.0871 -3.7737 -0.8769 -0.9958 -1.6037 
25.7510 18.0982 -5.8472 -4.2265 2.7211 -1.1225 -2.3477 0.1059 -2.7707 -4.5451 -1.7141 -1.4500 -1.5381 
31.3495 19.8263 -9.8293 -3.7203 4.8225 -4.0562 -4.4976 3.1633 -0.5207 -5.3428 -1.4131 -0.4110 -2.3662 
31.1385 18.3738 -12.3109 -4.5411 6.0377 -3.3859 -5.4581 2.1774 -0.4764 -4.8769 -1.0064 -0.0347 -2.2008 
32.4213 18.5221 -13.4198 -3.9248 7.4399 -2.9972 -4.9181 3.0134 -0.7063 -5.2603 -0.5442 -0.1576 -3.3383 
30.9995 17.1153 -13.4636 -3.1387 7.9005 -2.8611 -4.5240 3.2834 -0.8802 -5.3049 -0.3591 -0.0700 -2.9424 
30.2819 16.1526 -14.1488 -3.5819 7.2777 -3.4756 -4.5536 3.5184 -0.9479 -5.3106 -0.0205 0.0265 -3.3892 
30.4103 16.4896 -13.5383 -2.7613 8.1660 -2.8945 -4.4851 3.3782 -1.0606 -5.3234 0.3920 0.7507 -3.1600 
29.6287 15.7694 -13.6377 -2.4173 8.8532 -2.5629 -5.1613 2.6718 -0.5592 -4.3456 0.4771 0.0850 -3.6915 
28.6674 14.8877 -13.6215 -2.3318 7.9674 -3.8325 -5.5888 2.7090 -1.0249 -4.9421 0.4112 0.2608 -3.6733 
27.8785 14.4649 -13.1134 -1.9451 7.8620 -3.8915 -5.4460 2.7453 -1.2321 -5.3447 0.0468 0.2494 -3.5498 
27.4180 14.4098 -12.1370 -0.6772 8.6531 -3.5441 -5.2704 2.6408 -1.6487 -5.5566 0.4853 0.9651 -3.2958 
27.1891 14.2424 -12.3478 -1.3742 7.9353 -3.4200 -4.3035 3.8007 -0.7242 -4.9401 0.8658 1.1718 -3.2486 
27.0538 13.9792 -12.8382 -1.8211 8.1806 -2.6954 -4.0689 3.4512 -0.9661 -4.9377 0.9291 1.4764 -2.6890 
27.0874 13.8115 -13.1745 -1.8819 8.2840 -2.9019 -4.4906 3.2865 -0.9095 -5.1628 0.2188 0.5887 -3.4000 
27.5898 14.2314 -13.1738 -1.8955 8.4004 -2.9031 -4.6430 3.2802 -0.4572 -4.0553 1.8037 2.0097 -2.5163 
27.2672 13.7811 -13.6693 -2.4844 7.8950 -3.1036 -4.6749 3.1824 -0.5931 -4.3896 0.9255 0.9058 -3.2787 
28.0987 14.7984 -13.1914 -2.3357 8.5664 -2.1092 -4.5096 2.4174 -1.4790 -4.9595 0.9478 1.5469 -2.7341 
26.7013 14.2415 -12.2723 -2.4777 7.1484 -3.1561 -4.8228 2.4899 -1.2232 -5.2164 0.0350 1.0258 -2.5578 
24.8213 14.6512 -8.9633 -1.5575 6.2770 -2.6409 -4.0550 2.7159 0.0318 -3.7405 0.3335 1.5271 -1.4104 
22.3324 13.4563 -7.6730 -1.4983 5.4635 -2.0059 -3.4087 1.7492 -0.9122 -3.8275 -0.2941 0.1796 -2.4983 
22.0498 13.8601 -6.7296 -1.6540 4.5182 -2.6214 -3.7356 1.8004 -0.1671 -3.0994 -0.1146 0.3342 -2.2201 
21.7902 13.9738 -6.2618 -1.8880 3.8709 -2.3526 -2.5649 2.6260 -0.0405 -2.9811 0.3338 1.0109 -1.3159 
20.9291 13.5580 -5.8922 -1.9071 3.7522 -2.2995 -3.3303 1.2350 -0.6351 -2.8626 0.1887 0.8556 -0.8595 
21.2073 14.1741 -5.0821 -1.2529 4.4751 -1.2722 -2.6559 1.0254 -1.0528 -2.7996 0.3254 0.6943 -0.8873 
21.0064 13.8461 -5.5213 -1.7804 4.0243 -1.4670 -2.6669 0.8622 -1.5864 -3.5652 -0.4741 -0.1822 -1.8911 
20.2846 13.3188 -5.5232 -2.0769 3.5204 -1.4391 -2.0544 1.7218 -0.4536 -2.1156 1.0046 1.0359 -0.9710 
20.4530 13.4127 -5.3584 -1.6155 3.5652 -2.2237 -2.9862 1.0692 -1.1208 -2.9087 0.1921 0.2008 -1.7284 
20.2740 13.1049 -5.7363 -1.8404 3.6378 -2.1336 -2.9525 1.4902 -0.3551 -2.4165 0.3961 0.4869 -1.5259 
22.8350 14.3289 -7.0514 -1.5241 5.6737 -1.3317 -3.3437 1.2781 -0.7467 -2.9601 0.6237 1.0717 -1.5246 
24.3169 13.4544 -10.2965 -1.6605 7.0605 -2.4421 -4.5007 2.2959 -0.6070 -4.5504 0.2093 1.7200 -1.9428 
26.3626 14.3524 -10.9226 -0.6728 7.8753 -3.5962 -4.9907 3.2035 -0.3200 -4.4246 0.8940 1.5883 -2.5100 
27.0244 13.6566 -12.7510 -0.7203 8.3844 -4.2853 -5.0970 4.3087 0.3126 -4.2217 1.1935 1.1337 -3.2100 
27.5171 13.8273 -13.0214 -0.5237 8.8807 -3.9473 -4.8402 4.0837 -0.7386 -5.1949 1.1026 1.3981 -3.2989 
28.1109 14.4050 -12.9174 -0.6108 9.0120 -3.4382 -4.1966 4.5196 -0.4507 -4.8550 1.2768 1.3161 -3.0472 
28.0791 13.8496 -13.8657 -1.1884 8.4192 -4.1781 -4.2856 4.8369 -0.5631 -4.9793 1.5878 1.4617 -3.2004 
27.3919 12.9701 -14.2845 -1.0387 8.5010 -4.6347 -5.1098 3.7724 -1.7448 -5.8826 0.9903 0.8951 -3.5530 
28.5281 14.0212 -13.8631 -0.4396 9.1875 -4.1728 -4.1551 5.5520 -0.2063 -5.1518 1.8317 2.2677 -2.6335 
29.4649 14.4115 -14.3384 -0.2135 9.8928 -3.8573 -4.0436 5.2747 -1.0580 -5.4631 2.3517 2.2104 -3.5416 
28.9538 13.5877 -15.0485 -0.5307 9.5122 -4.5368 -4.3847 5.4067 -1.2517 -6.1705 1.7618 1.8449 -3.9192 
29.3852 14.4023 -14.2833 -0.2979 9.6907 -4.1150 -4.2715 5.4668 -0.3328 -4.9256 2.1649 1.8739 -3.2701 
30.0055 14.4782 -15.8081 -2.1952 9.3528 -3.3505 -4.5351 3.9965 -1.4509 -5.2962 1.7838 1.1705 -4.0717 
30.1823 15.4966 -14.5106 -2.2381 8.9256 -2.9722 -4.5589 3.1441 -1.5380 -4.2998 2.7270 1.9271 -3.1842 
29.3526 15.2356 -14.0793 -2.9116 7.4656 -3.7761 -4.5438 3.5979 -1.2100 -4.9674 1.4633 1.2823 -3.5147 
28.6438 16.7554 -10.5877 -2.2861 6.3137 -3.2009 -3.8064 2.7621 -1.5716 -4.3071 1.3075 0.6198 -3.2919 
32.5022 21.2091 -8.5709 -2.2505 6.2610 -2.7500 -3.8550 2.1307 -2.0106 -4.8139 0.2554 -0.3560 -3.7261 
38.4737 26.8112 -8.1578 -4.1437 5.4608 -2.3025 -3.9117 1.1228 -2.4746 -3.8521 1.2998 -0.4427 -3.8786 
40.3602 27.4603 -9.9555 -5.1460 5.6466 -3.0996 -5.3261 0.8464 -2.1993 -4.1673 1.0617 -0.0725 -3.5177 
39.1697 26.9839 -9.1981 -5.2114 4.8910 -3.2052 -5.2816 0.3579 -2.4576 -4.0439 0.7582 -0.5134 -3.3341 
37.4895 26.1903 -8.0898 -4.4389 5.2559 -2.2587 -4.4584 0.4526 -2.5106 -3.9098 1.1675 0.1413 -3.0707 
38.8360 26.9367 -9.2268 -5.7557 5.0358 -2.4397 -5.6364 -0.7604 -2.8646 -4.0775 0.6121 -0.5029 -3.5888 
37.5039 26.8913 -7.4608 -5.4932 4.0493 -2.0434 -4.2283 0.0110 -2.3443 -3.3292 0.9895 -0.3483 -3.1881 
37.4246 27.0285 -7.1389 -5.5146 3.6567 -2.5571 -4.8007 -0.4608 -2.5990 -3.6051 0.6278 -0.5080 -3.2318 
38.0390 27.1966 -7.6984 -5.4938 4.4445 -1.8124 -4.2862 -0.0809 -2.5592 -3.7328 0.6836 -0.5781 -3.6628 
35.5933 25.8500 -6.3238 -4.6183 3.9823 -1.9302 -3.8793 0.0466 -2.6163 -3.8815 0.4306 -0.4011 -3.2855 
36.6064 26.1484 -7.5392 -5.5252 3.9415 -2.4003 -5.0326 -0.6185 -2.5779 -4.0103 -0.1560 -1.2002 -4.0823 
33.0644 23.7163 -6.3136 -4.2222 3.9399 -2.1599 -4.4913 -0.7582 -2.8578 -3.8343 -0.0917 -1.2543 -3.7619 
31.4765 22.0356 -6.6499 -3.5849 4.4418 -1.8627 -3.5251 0.7997 -1.7228 -3.5100 -0.0525 -0.9078 -3.2462 
31.7952 22.4753 -5.9447 -2.4214 5.3144 -2.0943 -4.3785 0.3109 -1.7722 -3.4897 -0.0392 -1.1495 -3.8929 
31.2790 21.9275 -5.9164 -1.8161 5.8203 -2.1290 -4.5583 0.3602 -1.7775 -3.8809 -0.5911 -1.3074 -3.4254 
30.5539 21.3059 -6.1757 -2.3243 5.4333 -1.8052 -3.9738 0.5500 -1.9972 -4.2111 -0.5971 -0.8111 -3.0293 
31.6859 23.5638 -4.2634 -2.7111 4.3091 -1.9500 -4.6687 -1.0579 -2.1243 -2.6953 0.1344 -1.3082 -3.2078 
35.5272 25.4648 -6.7728 -4.3327 4.5403 -2.4220 -5.3603 -0.8522 -2.2288 -3.4466 -0.2887 -1.6417 -3.7375 
33.9198 24.7513 -5.5105 -3.5226 4.5041 -1.7093 -4.2098 -0.6493 -2.2731 -2.5473 0.6510 -1.6157 -3.6858 
34.6916 25.0398 -6.5722 -5.0734 3.3831 -2.0273 -4.1238 -1.0924 -3.2948 -3.2911 0.0898 -2.7384 -4.9386 
34.0727 24.9137 -5.8052 -4.7253 2.9905 -2.2048 -3.6599 -0.6112 -3.4370 -3.8053 0.0857 -2.1076 -4.7239 
32.4747 23.9936 -5.0453 -4.1467 3.1549 -1.6719 -2.9960 -0.0825 -3.0244 -3.8387 -0.0468 -1.5985 -4.1721 
33.2752 24.3037 -5.7228 -4.0311 4.8580 -0.0651 -3.1177 -1.2731 -3.9170 -4.2668 -0.1066 -0.9503 -3.3027 
32.5720 23.9310 -5.4812 -4.0906 4.7770 0.3844 -2.4737 -0.6128 -3.2611 -4.1287 -0.4393 -1.0055 -3.0310 
31.8880 23.5663 -5.2049 -4.0617 4.7398 0.7195 -2.3814 -1.1043 -3.7175 -4.3305 -0.6576 -1.0770 -2.8786 
31.7165 23.3046 -5.3543 -3.9639 4.9031 0.8920 -1.9219 -0.4464 -3.4457 -4.6349 -1.0781 -1.2487 -2.9008 
31.5288 23.8189 -4.0356 -3.3205 4.6405 0.7450 -1.5573 0.0495 -3.1103 -4.2873 -0.3478 -0.3718 -2.5939 
30.7548 22.6604 -4.6637 -3.0187 4.6185 -0.3626 -2.7791 -0.6905 -3.6394 -4.5644 -0.5056 -0.8237 -3.0841 
30.0391 22.3220 -4.4495 -3.3823 4.0649 -0.4417 -2.9073 -0.9347 -3.4711 -4.4440 -0.9078 -1.0977 -2.9403 
29.0847 21.8271 -3.5090 -2.0305 4.9671 0.1995 -2.2546 -0.4723 -3.2116 -4.0297 -0.3113 -0.6666 -2.7420 
27.8274 20.5523 -3.6152 -1.4848 4.8314 -0.7413 -2.7612 -0.2662 -3.2906 -4.5913 -0.6198 -0.6772 -2.9566 
26.4515 19.3124 -3.8324 -1.5118 4.7390 -0.7153 -2.7985 -0.2376 -2.7611 -4.0103 -0.7956 -1.2966 -3.2307 
24.3702 17.9819 -2.9850 -0.6947 4.9011 -0.3329 -2.2097 0.2393 -2.3914 -4.0361 -1.1590 -1.3997 -3.1110 
23.1013 16.9971 -2.7732 -0.3609 4.9268 -0.0679 -1.6766 0.5197 -2.3437 -3.8715 -0.9361 -1.2883 -3.0394 
22.6977 16.6353 -3.0773 -1.2275 3.5661 -1.2009 -2.1521 0.5296 -2.2582 -3.9073 -1.0481 -1.5776 -3.6259 
22.2226 16.1096 -3.2118 -1.0850 3.5185 -1.5361 -2.3896 0.5087 -2.3131 -4.0465 -1.0373 -1.2343 -3.0654 
22.4652 15.7468 -4.2031 -1.2567 4.2402 -1.0598 -2.4884 0.4552 -1.7237 -2.9343 -0.2829 -1.1546 -2.7114 
21.2409 15.2093 -3.3671 -1.0424 3.6218 -1.1090 -1.7854 1.1946 -1.1311 -2.4743 0.1291 -0.5336 -2.2611 
20.8287 14.8108 -3.4821 -1.1482 3.1976 -1.9745 -2.8668 0.1557 -2.2093 -3.5175 -0.4170 -0.5904 -2.3137 
20.4379 14.3413 -3.7996 -1.3172 3.3078 -1.4258 -2.0464 0.7941 -1.9777 -3.4535 -0.2484 -0.4139 -2.3479 
20.0488 14.0815 -3.6516 -1.2385 3.1086 -1.5055 -1.7314 1.1949 -1.8224 -3.4080 -0.1259 -0.3774 -2.4757 
19.8382 13.6774 -3.9458 -1.1078 3.1999 -1.8228 -1.7663 2.1286 -0.3516 -2.2727 0.4050 -0.0640 -1.9625 
19.8910 13.8395 -3.7629 -1.1130 3.2301 -1.4482 -1.5343 1.5455 -1.2694 -2.5613 0.6298 0.0002 -2.0582 
20.0534 14.0051 -3.8228 -1.3025 3.1943 -1.5362 -1.8452 1.5600 -0.8973 -2.7322 -0.0213 -0.0491 -1.5546 
18.8866 12.8595 -4.1332 -1.4115 2.8704 -1.7697 -1.9563 1.1468 -1.3523 -2.5487 0.4725 -0.0922 -2.0672 
19.1572 12.9964 -4.2894 -1.4794 2.7908 -2.2689 -2.5448 1.0491 -1.3585 -3.0335 -0.0235 -0.1388 -2.0573 
19.8771 13.2322 -4.7911 -1.2053 3.8544 -1.5851 -2.3447 1.4083 -0.7368 -2.3961 0.4764 0.1951 -1.7218 
19.8410 13.2088 -4.7566 -1.1717 3.8990 -1.3576 -2.1683 0.8714 -1.8453 -3.0448 0.4612 -0.1216 -2.6297 
19.7715 13.5060 -4.0865 -0.7405 4.1734 -1.0921 -2.0794 1.1627 -1.2409 -3.1034 -0.2744 0.0300 -1.3513 
19.0467 12.7875 -4.4650 -1.4138 3.1004 -1.7846 -1.9327 1.6028 -0.9873 -2.7038 0.3400 0.1053 -2.0333 
19.0798 11.9145 -6.4009 -2.7047 3.0402 -1.6459 -2.4476 0.5355 -1.8613 -2.9069 0.1732 -0.6966 -2.7830 
18.5246 12.4028 -4.4358 -1.5810 2.5445 -2.4713 -2.6168 0.9667 -1.5789 -3.3870 -0.3570 -0.2616 -1.9897 
22.0069 14.1359 -7.5455 -4.4014 3.8735 0.4690 -2.1947 -0.7977 -2.3067 -2.1765 0.9534 0.2345 -1.3858 
34.7688 23.8549 -10.1760 -8.1111 5.0523 2.4276 -2.5219 -2.8852 -5.1318 -4.0825 0.3624 -0.8857 -2.8181 
34.5785 23.8322 -9.1590 -6.0873 6.3984 2.4026 -2.6240 -2.5783 -5.2552 -4.6221 0.0910 -0.8349 -2.5760 
34.6607 24.8247 -7.4733 -5.4174 6.2072 2.3371 -2.7037 -2.5342 -4.5750 -3.9726 0.1640 -0.6433 -2.2696 
35.1924 25.0858 -7.6575 -5.2609 6.4558 2.1916 -3.0213 -3.2698 -6.0799 -5.1304 0.2530 -0.5504 -3.0902 
36.1106 25.9749 -7.3744 -5.1600 6.5563 2.4001 -2.4658 -2.3170 -4.7464 -3.5985 1.3859 0.0480 -2.4642 
36.2627 25.4696 -8.3792 -5.4900 6.1712 1.4461 -2.6539 -2.0211 -6.0066 -5.7397 0.6885 0.1586 -3.2000 
38.7425 26.4193 -10.4396 -6.4713 6.7636 1.2436 -3.2620 -1.4418 -4.8559 -5.3509 0.1698 -0.5959 -3.5381 
38.9434 26.8764 -10.3958 -7.2964 6.4783 2.1739 -2.4438 -1.2911 -4.7493 -5.2983 0.0570 -0.5450 -3.4588 
40.6935 26.9695 -12.0464 -6.0654 8.9398 1.6919 -3.8142 -0.2557 -3.5008 -6.2875 -0.8744 0.6888 -2.3880 
40.0313 26.9556 -11.1432 -6.0945 7.8180 1.0302 -3.7172 -0.3615 -3.8896 -6.3298 -0.6440 0.7376 -2.4513 
38.8488 27.3728 -9.1154 -6.1085 7.2713 2.4850 -2.6573 -1.2463 -4.0955 -4.9882 -0.0570 -0.1172 -3.1330 
39.3713 26.6008 -10.6921 -5.5383 8.2199 1.1867 -4.1246 -1.0077 -4.0573 -6.1416 -0.7097 0.2917 -3.1101 
36.9591 25.9927 -8.2056 -4.6225 7.4748 1.8236 -2.9838 -1.2812 -4.1796 -4.9827 -0.1286 -0.3986 -3.3344 
35.3937 25.4703 -6.9808 -4.5468 6.5437 1.9633 -2.2126 -1.3610 -4.9003 -5.4904 -0.0575 0.1604 -3.0147 
34.4170 24.6733 -6.8143 -4.1420 6.6729 2.1213 -1.8590 -1.2565 -5.1784 -5.6705 -0.0469 -0.0091 -3.1436 
34.6941 24.4320 -7.6462 -4.1932 7.5528 2.5798 -2.5416 -2.3434 -5.6901 -5.5766 -0.0472 -0.3545 -3.3569 
34.0700 23.8568 -7.8162 -4.2448 7.7262 2.8884 -2.7523 -3.0312 -5.7643 -4.6263 0.8044 -0.6074 -4.0554 
33.1277 23.3907 -7.2861 -4.2477 6.9476 2.4522 -2.5630 -2.5933 -5.0015 -3.8031 0.9819 -0.7624 -3.7829 
32.8743 23.4231 -7.4550 -5.3640 6.5685 3.7884 -1.3739 -2.6654 -5.5192 -4.5602 -0.0253 -1.1422 -3.5258 
29.4282 21.0714 -5.8376 -3.4558 5.9564 2.2278 -1.3883 -1.2896 -4.3592 -4.1980 0.1774 -0.4772 -2.6943 
27.7463 20.1461 -5.0157 -3.1116 5.4581 1.8992 -1.6650 -1.8087 -4.8656 -4.7488 -0.2559 -0.3059 -2.3642 
27.5513 20.1150 -4.5448 -2.4036 5.7699 1.4927 -2.2093 -1.5953 -3.9756 -4.2106 -0.6311 -1.1371 -3.0484 
26.3033 19.1887 -4.2276 -2.0721 5.5546 1.6055 -1.3421 -0.7191 -3.4647 -3.6185 0.0825 -0.7884 -3.1477 
25.2904 17.9225 -5.0132 -2.3539 5.4715 1.5864 -1.3397 -1.0192 -4.1351 -4.1202 0.1187 -0.3753 -2.5967 
23.4937 16.3243 -5.0482 -2.0598 4.9036 0.4097 -1.9654 -0.6480 -3.7602 -4.6814 -0.8619 -0.9987 -3.0401 
23.3136 16.7456 -4.2056 -2.3991 3.5215 -0.6334 -2.4489 -0.9403 -3.6054 -4.0759 -0.3588 -0.6611 -2.5641 
22.4494 15.9737 -4.1356 -1.9763 3.6946 -0.6047 -2.0801 -0.2181 -3.0246 -3.9647 -0.4979 -0.6387 -2.4043 
32.6659 18.6195 -14.1515 -5.0861 7.4257 -2.0757 -5.3666 1.0860 -1.3510 -3.6286 1.2161 0.0351 -4.1285 
36.0502 20.7695 -14.6371 -4.2804 8.4485 -2.9636 -6.0765 1.2809 -2.3885 -5.5685 0.2447 0.2154 -3.0202 
32.0221 17.4405 -14.3401 -3.0652 9.0913 -2.7644 -6.2843 1.4398 -1.4367 -5.2327 -0.4481 0.1107 -2.5857 
29.4237 16.4547 -12.8955 -3.5803 7.9329 -1.7200 -5.0603 1.4449 -1.0240 -4.6173 -0.7688 -0.4298 -3.0909 
26.7993 14.9712 -11.8077 -3.4190 7.0421 -1.5212 -4.2991 1.6894 -0.4340 -3.6178 -0.5557 -0.6049 -2.4192 
25.6539 15.1320 -10.0863 -3.2837 6.1509 -1.5255 -4.4613 0.5625 -1.3530 -4.0689 -0.9778 -0.6913 -2.4450 
24.6424 15.2072 -8.4891 -2.8367 5.4972 -1.4210 -3.8463 0.7520 -1.1380 -3.5824 -0.6250 -0.3434 -2.2161 
23.1280 14.0189 -8.3933 -2.7632 5.1272 -1.7463 -3.8194 1.3662 -0.2307 -3.2931 -0.8216 0.0526 -1.3586 
21.9430 13.8522 -6.8648 -1.9782 5.1261 -1.0500 -3.1206 0.8590 -1.0821 -3.4240 -0.6727 -0.0501 -1.3741 
21.1014 13.5447 -6.0729 -1.6166 4.5755 -1.4807 -2.9297 1.1976 -0.8221 -3.0588 -0.3477 -0.1450 -1.8409 
20.9918 13.8906 -5.2687 -1.2631 4.5164 -1.4026 -2.7064 1.5819 -0.0822 -2.1601 0.3847 0.2837 -1.8174 
20.2101 13.6828 -4.5934 -1.2885 3.9593 -1.3251 -2.4608 1.0532 -1.0024 -2.9051 -0.1650 0.3015 -0.9919 
19.7048 13.6945 -3.7194 -0.7551 3.9166 -1.2316 -2.1081 1.3791 -0.6663 -2.5061 0.1579 0.4488 -1.0186 
19.9965 13.0731 -5.4146 -1.7475 3.6373 -1.9025 -2.9378 1.0067 -0.7696 -2.5215 0.1279 0.1724 -1.1514 
20.0754 13.2907 -4.9553 -1.2516 3.8180 -1.8240 -2.5298 1.3741 -1.0279 -2.9622 0.2306 0.4536 -1.4564 
20.1390 13.5409 -4.9061 -1.9335 3.0720 -1.9174 -2.3102 1.6572 -0.4465 -2.2795 0.6524 0.6770 -1.4040 
19.2725 12.9123 -4.7976 -1.8551 3.1603 -1.6064 -2.3238 1.2531 -0.5681 -2.2237 0.3176 0.3400 -1.1778 
19.0041 12.7646 -4.3079 -0.8324 4.0463 -1.1172 -1.9078 1.5278 -0.7916 -2.6768 0.1127 0.2070 -1.5628 
18.5576 12.5482 -4.3545 -1.4696 3.4498 -1.1411 -2.1817 0.8010 -1.1118 -2.6370 -0.2840 -0.5887 -2.1344 
20.0817 12.6947 -6.1794 -1.5922 5.0769 -0.3319 -2.4437 0.3990 -1.3892 -2.2839 0.6832 -0.0053 -1.9480 
18.5586 12.4088 -4.4905 -1.4082 3.3295 -1.3458 -1.8563 1.2905 -1.1656 -2.6639 0.4653 0.4871 -1.3215 
18.7075 12.9186 -3.8569 -1.3868 2.8657 -1.8246 -2.5200 0.3283 -2.1040 -3.5377 -0.4382 -0.1927 -1.7200 
19.3106 13.1435 -4.3484 -1.5546 3.0567 -1.9547 -2.5682 1.1465 -0.8806 -2.7649 0.0127 0.2975 -1.5148 
18.7495 12.3013 -4.8421 -1.4338 3.1548 -1.9416 -2.1330 1.4183 -1.3350 -3.1496 -0.0492 -0.2858 -2.4222 
18.6651 12.8281 -3.7671 -0.8253 3.6174 -1.3612 -2.2028 1.0197 -0.9975 -2.5061 0.2218 0.1869 -1.6706 
23.5477 18.2939 -0.9065 0.6832 5.0013 -0.1547 -1.7436 0.4682 -2.1981 -3.7374 -0.8867 -0.8714 -2.3386 
26.5463 20.6556 -1.6847 -1.0722 4.2788 0.2861 -1.1575 -0.0201 -3.6813 -4.5501 -0.1969 0.2201 -1.8624 
26.2029 20.3672 -1.3701 -0.1683 4.8440 -0.4291 -2.5971 -0.6496 -3.1485 -4.0926 -0.7719 -0.9088 -2.5149 
26.7693 20.2687 -2.4159 -0.6797 4.9913 -0.1669 -2.0929 -0.3185 -3.6565 -4.7647 -0.7976 -0.8236 -2.9368 
31.5169 20.4064 -9.1959 -2.3565 9.2715 1.0250 -4.9201 -1.7350 -2.7939 -3.7347 -0.4524 -1.4522 -3.6726 
29.4784 20.7455 -5.7271 -1.2984 8.5678 2.2791 -3.0982 -1.5638 -3.1308 -3.8535 -0.6267 -0.9802 -2.7619 
28.7865 21.3931 -3.6076 -1.1903 6.3160 0.6005 -3.0078 -0.8459 -2.6825 -3.8110 -0.8346 -1.1168 -2.7993 
32.2947 23.8877 -4.1891 -2.1215 4.4426 -2.4744 -4.1991 0.3832 -1.5230 -3.2208 -0.5907 -1.7593 -2.9717 
37.0371 24.7564 -8.7705 -2.4082 6.5141 -4.0256 -5.8404 1.3272 -1.1428 -3.0695 0.8001 -1.6542 -4.0728 
35.2362 24.9543 -7.0428 -3.9047 5.1693 -2.1363 -5.1631 -0.4122 -1.3285 -1.9909 0.9137 -1.5084 -3.9679 
35.5420 26.1599 -5.4838 -3.8649 4.1833 -2.3806 -4.7551 -0.2452 -1.3109 -1.8714 1.0774 -1.1939 -3.5991 
35.4808 25.9887 -5.7887 -3.9317 4.6163 -2.1287 -5.1421 -0.4682 -1.0775 -2.0906 0.4480 -1.2784 -3.4004 
35.6647 26.2562 -5.7861 -4.2157 4.7010 -1.7641 -5.3658 -1.0720 -1.1540 -1.7786 0.5092 -1.4648 -3.5676 
35.1450 25.7883 -5.5502 -3.5246 5.0481 -1.8670 -5.5195 -1.2422 -1.0541 -1.0254 1.1973 -1.5921 -3.9425 
33.2761 24.3323 -5.1344 -2.8122 4.7971 -2.7544 -5.9755 -0.7896 -0.5859 -1.5828 0.3391 -1.3533 -2.9710 
34.2745 25.0639 -6.1128 -4.7750 4.1166 -1.7532 -5.2620 -1.0062 -0.5295 -1.1561 0.1788 -2.0916 -3.6933 
33.5150 24.5347 -5.8683 -4.6180 3.7118 -2.3684 -5.9048 -1.8232 -1.2195 -1.2082 0.5939 -1.7868 -3.6772 
34.8533 24.8076 -7.2042 -4.7827 4.4205 -2.7385 -6.7039 -1.9133 -1.3708 -1.8321 0.2741 -1.6687 -3.5623 
34.4102 24.7255 -6.9030 -4.8754 4.6781 -1.5516 -5.4702 -1.0108 -0.4961 -1.4316 0.0134 -1.7370 -3.0555 
34.2912 24.5939 -6.8163 -4.6245 4.7485 -1.5251 -5.4147 -1.6623 -1.7941 -1.8880 0.7793 -1.1185 -3.1278 
32.1784 23.6064 -5.4244 -4.0169 4.1556 -1.4638 -4.6119 -0.6859 -0.3821 -0.6544 0.7861 -1.8576 -3.6552 
31.3520 23.0415 -4.6153 -2.7546 4.1303 -2.2553 -4.4151 0.0185 -0.4487 -0.9490 0.9443 -1.6169 -3.4885 
33.6223 24.4029 -6.1618 -4.4714 4.3918 -1.1174 -4.2903 -0.8970 -1.3286 -1.2997 0.8787 -1.6215 -3.1808 
35.9834 24.3510 -9.4439 -5.0596 5.7786 -1.5615 -4.8088 0.0842 -1.6555 -2.9714 1.1632 0.1019 -2.7911 
33.8417 21.7495 -9.9987 -3.3315 6.5451 -3.2504 -5.9819 0.5803 -2.3657 -5.6255 -0.9247 -0.8840 -4.1708 
30.5997 21.1857 -7.0133 -3.6993 4.8653 -1.3075 -3.8531 0.0505 -1.5702 -2.5951 0.6072 -0.5320 -2.4474 
30.1821 22.0510 -4.6195 -2.3817 4.8798 -1.0733 -3.6954 -0.7025 -2.5412 -3.1091 0.3440 -0.6117 -2.5571 
29.4956 21.9320 -3.9077 -2.1270 5.0130 -0.5182 -3.6261 -1.3110 -2.7937 -2.8930 0.5297 -0.2764 -2.0664 
27.1789 19.6569 -4.4017 -1.9189 4.9293 -0.5994 -3.3730 -1.1857 -2.9340 -2.8093 0.7548 -0.4559 -2.5071 
28.8393 21.1734 -4.4852 -2.4847 5.4752 0.7220 -2.8833 -1.7712 -3.6431 -3.3614 0.2340 -0.6527 -2.3793 
29.3590 20.8370 -6.3583 -3.8878 6.0308 1.9527 -3.1189 -3.2815 -4.3627 -2.6404 0.8884 -0.9987 -2.7633 
26.4807 18.5220 -5.8931 -3.1636 5.0367 0.3611 -3.2287 -1.7777 -2.8278 -2.0170 1.1927 -0.3010 -1.8773 
26.0958 19.0898 -3.7395 -1.5187 4.6776 -0.5911 -2.7213 -0.5161 -3.2418 -4.3150 -0.7266 -0.8875 -2.5497 
25.1997 18.5465 -3.1676 -0.6074 5.5507 0.2194 -2.1647 0.0687 -2.1355 -3.1607 -0.4011 -1.3080 -3.0728 
25.2831 18.9829 -2.2275 0.3033 5.8947 0.0883 -2.3295 0.0240 -2.2736 -3.4820 -0.5808 -1.0786 -2.7672 
24.7061 18.4020 -2.4276 0.1492 5.5975 0.1353 -1.3163 1.6480 -1.2316 -3.4540 -0.6966 -0.7078 -2.4758 
23.2393 16.8182 -3.4010 -0.8536 4.7371 -0.0121 -1.1693 1.3476 -1.7029 -3.3264 0.0721 0.0389 -2.2645 
21.9963 15.8210 -3.3540 -0.9346 4.0811 -0.4913 -1.0639 1.6259 -1.5847 -3.2720 0.1921 0.2193 -2.0459 
21.8196 15.5923 -3.7161 -1.4315 3.8361 -0.6691 -1.7423 0.8905 -1.5434 -2.8131 0.2270 -0.1865 -2.5287 
21.9431 15.5338 -3.7220 -0.9018 4.2461 -0.7414 -1.5273 1.5098 -1.2250 -2.7519 0.4341 0.0757 -2.1350 
21.1656 14.7692 -3.9439 -1.0633 3.6297 -1.8069 -2.4865 1.2222 -1.0512 -2.8817 -0.0430 0.0573 -1.4760 
19.8697 13.4046 -4.4279 -0.8956 4.1188 -1.3686 -2.1388 1.9616 0.0362 -2.2256 0.0300 0.0948 -1.3633 
20.2362 13.7230 -4.2223 -0.5388 4.2791 -1.5869 -2.4565 1.4322 -0.8389 -2.9846 -0.3930 -0.1912 -1.3279 
19.4152 13.5162 -3.4991 -0.7410 3.1288 -2.0292 -1.8954 1.8781 -0.9099 -2.8965 0.2680 0.5068 -1.1589 
19.1829 13.1672 -4.0924 -1.5232 2.7228 -2.2284 -2.5799 1.2614 -0.5040 -2.1858 0.1336 -0.1072 -1.5805 
19.2842 13.2489 -4.0980 -1.4907 2.9290 -1.8404 -2.1991 1.3182 -0.8468 -2.5599 -0.0080 -0.2659 -1.8840 
19.3461 13.5872 -3.1981 -0.4151 3.4176 -1.8754 -2.1468 1.3619 -1.1608 -2.9335 -0.1148 -0.1712 -1.6416 
19.0961 13.0763 -4.0756 -1.3225 3.2465 -1.2481 -1.5205 1.5511 -1.1763 -3.0309 -0.3896 -0.5882 -2.0488 
19.3094 13.7239 -3.2355 -1.0280 3.1306 -1.4027 -1.8522 1.2280 -1.0686 -2.6291 0.1934 0.3361 -1.2268 
18.1449 12.3942 -3.9333 -1.3482 2.8221 -1.6907 -1.9140 1.4622 -0.6038 -2.2056 0.1743 -0.0274 -1.3058 
18.4145 12.4171 -4.2701 -1.3693 3.2544 -1.1264 -1.4052 1.7349 -0.5621 -2.0192 0.4512 -0.3374 -2.2942 
18.6322 12.3073 -4.7930 -1.6867 2.9163 -1.8510 -2.0474 1.3585 -1.2387 -2.9501 0.0703 0.0376 -1.7913 
18.0948 12.2823 -4.2030 -1.7616 2.4815 -1.9259 -2.2359 1.0546 -0.8602 -2.0959 0.6228 0.3045 -1.5538 
18.6148 12.5746 -4.1410 -1.1093 3.1933 -1.7854 -2.1235 1.3080 -1.0405 -2.6154 0.2123 -0.1059 -2.0505 
18.0418 12.1639 -4.0649 -0.9178 3.7852 -0.7423 -1.4028 1.5154 -0.7775 -2.3371 0.1491 -0.2244 -2.0430 
17.9098 12.2581 -3.9295 -1.6169 2.3703 -1.8997 -1.7973 1.6616 -0.5976 -2.4962 -0.1661 -0.1261 -1.2995 
18.3866 12.5356 -3.9378 -1.1763 2.9048 -1.9749 -2.1092 1.6465 -0.4797 -2.2188 0.5258 0.4667 -1.4908 
17.3137 11.0490 -5.2054 -1.9223 2.6819 -2.1429 -2.6232 0.9083 -1.1088 -2.6239 0.2774 0.3402 -1.3524 
17.5931 11.8042 -4.4952 -2.1419 2.3886 -1.5179 -1.8828 1.0763 -0.9444 -2.3829 0.1531 0.2590 -1.0713 
17.2863 11.4429 -4.2444 -1.0041 3.4750 -1.1912 -1.8340 1.1353 -1.1748 -2.7701 -0.1142 -0.0088 -1.2221 
17.6043 11.7924 -4.3226 -1.6221 2.7815 -1.6056 -2.0971 0.9795 -1.0676 -2.4066 0.2889 0.0310 -1.8333 
17.6416 11.6817 -4.3524 -1.1350 3.3933 -1.1821 -1.5430 1.5446 -0.9031 -2.3795 0.4752 0.2130 -1.4488 
17.0771 11.3902 -4.1781 -1.5238 2.3619 -2.1004 -2.1068 1.2076 -1.0256 -2.4794 0.2764 0.2751 -1.0124 
16.7840 11.0945 -4.2755 -1.4963 2.4399 -2.2011 -2.6923 0.1572 -2.1917 -3.3650 -0.0808 0.2160 -1.4320 
17.1199 11.7203 -3.5678 -1.0401 2.7678 -1.6302 -1.8149 1.2197 -1.1733 -2.7999 0.0077 0.3878 -1.0073 
17.6966 12.1176 -3.7936 -1.2847 2.8660 -1.5319 -2.1803 0.5324 -1.4549 -2.3663 0.4481 0.1770 -1.4492 
17.3968 11.8257 -3.7155 -0.8790 3.2491 -1.2037 -1.5359 1.3773 -1.0696 -2.5690 0.0946 -0.2456 -1.9201 
16.8073 11.2933 -4.0477 -1.5288 2.6054 -1.4457 -1.7626 1.0319 -1.1165 -2.4348 -0.0577 -0.5810 -2.2270 
16.2317 10.7430 -4.0473 -1.1715 2.8448 -1.5719 -1.9343 1.2284 -0.7435 -2.2606 0.1575 0.0252 -1.5374 
16.1341 10.8128 -4.0060 -1.6955 2.2179 -1.7372 -2.1452 0.5550 -1.3659 -2.5723 -0.2034 -0.3466 -1.6321 
16.1218 10.7519 -3.9415 -1.4016 2.2485 -2.1392 -2.2110 1.2334 -0.5703 -2.0886 0.1502 -0.1839 -1.7301 
15.8603 10.9017 -3.1854 -0.8509 2.5230 -1.7886 -2.0958 0.9164 -0.7666 -1.9147 0.3001 -0.2745 -2.0937 
16.0007 11.0379 -3.1451 -0.7735 2.7778 -1.3788 -1.6757 1.0819 -1.1606 -2.7275 -0.2578 -0.1904 -1.6403 
16.4762 11.2043 -3.3672 -0.4544 3.2989 -1.4676 -2.0416 1.0932 -0.7453 -2.2003 -0.1244 -0.7540 -2.3048 
15.8220 10.6298 -3.8250 -1.4826 2.3078 -1.6839 -1.9778 0.8842 -1.1263 -2.5751 -0.1965 -0.3355 -1.9102 
15.9086 10.5929 -4.2307 -1.9382 2.4331 -1.2434 -2.2462 -0.1196 -1.8175 -2.5752 0.0314 -0.0008 -1.4155 
15.8029 10.4288 -4.1804 -1.5715 2.5318 -1.6572 -2.4172 0.3728 -1.3270 -2.6288 -0.2912 -0.3064 -1.8412 
15.9137 10.6919 -3.9700 -1.7250 2.3210 -1.5010 -2.0891 0.5758 -1.0918 -2.1610 0.2546 0.0252 -1.7745 
16.5392 10.9367 -4.3526 -1.5755 2.9219 -1.3407 -2.2227 0.6263 -1.1777 -2.5320 0.1214 0.2473 -1.6085 
16.5944 11.1085 -4.2028 -1.5705 3.2579 -0.4709 -1.5817 0.5151 -1.5792 -2.9163 -0.5330 -0.5260 -1.9143 
16.5616 10.7821 -4.7299 -2.0267 2.4220 -1.5811 -2.1542 0.3136 -1.9705 -3.1328 -0.4802 -0.8302 -2.4287 
22.5824 13.0693 -9.1085 -3.3923 3.3762 -3.2698 -3.2796 1.5003 -2.3393 -4.5202 0.0127 -0.0332 -2.0677 
19.4010 11.6417 -7.0250 -2.3374 3.2121 -2.9478 -3.5696 0.6281 -2.3270 -4.3691 -0.2129 0.3974 -1.8134 
16.8343 10.1276 -6.1382 -2.1564 2.9397 -2.0650 -2.8507 0.4447 -1.7644 -3.1327 0.1135 0.2609 -1.4666 
16.6234 9.9851 -6.5065 -3.1213 2.3341 -1.8324 -2.8126 -0.0660 -2.0091 -2.9787 0.2832 0.5235 -1.3474 
17.1956 11.1907 -4.8693 -1.8415 2.9857 -1.3750 -2.2093 0.8240 -0.7933 -1.8135 0.8838 0.6487 -1.2374 
16.9140 10.9715 -4.9710 -2.1571 2.7606 -0.9666 -1.5068 0.9793 -1.2739 -2.3852 0.3884 0.0601 -1.7773 
16.9478 10.8225 -5.2409 -2.0170 3.2879 -0.6283 -1.4253 1.1831 -1.1253 -2.6588 0.1282 0.3483 -1.3153 
17.3426 11.5571 -4.3969 -1.5951 3.1339 -0.9939 -1.8545 0.5864 -1.6449 -2.8273 -0.0328 -0.1630 -1.7840 
17.1441 11.4427 -4.2998 -1.4543 3.4600 -0.3035 -1.0837 1.0752 -1.3598 -2.4932 0.3946 0.2613 -1.5210 
