14.2387 9.1287 -3.9379 -0.9699 2.5703 -1.5151 -1.5894 1.1408 -1.0658 -2.2302 0.3082 -0.1277 -1.7367 
14.6062 9.4981 -3.8052 -0.7883 3.0683 -0.8479 -1.0082 1.6801 -0.5623 -2.0548 0.1008 -0.3669 -1.8923 
14.8081 9.6598 -3.7449 -0.7541 2.7672 -1.4563 -1.2337 2.0766 -0.0450 -1.6137 0.5868 -0.0168 -1.5721 
15.2720 10.5501 -3.0584 -0.9749 2.3503 -1.4848 -1.4782 1.6190 -0.1523 -1.8144 0.0165 -0.1799 -1.4740 
14.2337 9.1991 -3.9639 -1.2887 2.4521 -1.0153 -0.9205 1.5071 -0.8132 -1.8601 0.7266 0.2773 -1.4254 
14.2727 9.0864 -4.2045 -1.3019 2.5842 -1.1611 -1.4444 0.8052 -1.5801 -2.6311 0.0520 -0.3275 -2.0826 
14.5476 9.4433 -4.1092 -1.5637 2.3643 -1.1036 -1.2970 1.0442 -1.2145 -2.5028 -0.1035 -0.1269 -1.3188 
15.4810 10.5944 -3.0480 -0.4702 3.0199 -0.9228 -1.0193 1.3209 -1.2823 -2.4664 0.1928 -0.2697 -1.9018 
14.5415 9.5257 -3.6496 -0.8079 2.7630 -1.1095 -1.0495 1.5239 -0.9881 -2.2880 0.4584 0.4637 -0.8557 
14.3972 9.5397 -3.4843 -0.7949 2.8615 -0.8932 -1.1219 1.3671 -0.7475 -1.9266 0.5429 0.3539 -1.2092 
15.1765 10.3241 -3.1442 -0.6859 2.6770 -1.0846 -0.8544 1.6881 -0.9262 -2.3628 -0.0515 -0.5864 -1.8682 
14.9580 9.9658 -3.5403 -0.7954 3.1456 -0.4308 -0.5999 1.6811 -0.8759 -2.4812 -0.4367 -0.9318 -2.2898 
15.4508 10.4252 -3.4423 -0.7781 3.0894 -0.8865 -1.3949 1.0423 -1.1458 -2.4984 -0.1384 -0.2195 -1.4385 
14.1942 8.9874 -4.2519 -1.4435 2.0226 -1.9607 -1.6997 1.3435 -1.0342 -2.7748 -0.4530 -0.4467 -1.6952 
14.5264 9.3660 -4.0767 -1.1701 2.8691 -0.9606 -1.5438 0.7450 -1.3093 -2.3567 0.1168 -0.0809 -1.4783 
15.1118 10.1873 -3.4194 -1.0158 2.4641 -1.3934 -1.5166 1.0105 -1.2594 -2.5249 -0.0696 -0.2545 -1.5934 
14.6621 9.5381 -3.8799 -0.9141 3.1092 -0.6211 -0.8678 1.5122 -1.0540 -2.6712 -0.1927 -0.0805 -1.4272 
15.5646 10.7002 -3.1462 -0.8284 2.7643 -1.0231 -1.2482 1.1822 -1.0638 -2.3668 -0.1529 -0.5290 -1.6003 
15.0612 10.3934 -3.0855 -1.0658 2.4084 -1.0541 -1.0438 1.8254 0.2821 -1.0868 0.4101 0.0159 -0.6657 
15.2156 9.9919 -3.9411 -1.1962 2.5988 -1.5185 -1.8424 0.9618 -1.0154 -2.2207 0.1654 -0.3421 -2.0343 
14.1768 8.9992 -4.3846 -1.6127 2.5313 -1.0231 -1.5324 0.8062 -1.1415 -2.3181 0.0116 -0.0067 -1.2899 
14.1615 9.3491 -3.8233 -1.5850 2.3153 -0.9167 -1.2835 1.1138 -0.6233 -1.8470 0.3764 0.5388 -0.9158 
15.1671 9.9936 -3.8000 -0.9588 2.8786 -1.0783 -0.9241 2.3485 0.0910 -1.9662 0.2079 0.3057 -1.2908 
14.9389 9.9943 -3.6032 -1.2241 2.3812 -1.3104 -1.1367 2.0056 0.0272 -1.7396 0.2355 0.0597 -1.3909 
14.7404 9.5494 -4.0897 -1.2612 2.8342 -0.7632 -0.9712 1.5093 -0.7294 -2.0427 0.3320 0.0088 -1.6332 
14.5127 9.4951 -3.6478 -0.7236 2.8974 -1.1187 -1.1881 1.6210 -0.5541 -1.8925 0.5430 0.1618 -1.6618 
14.1675 9.3137 -3.6064 -1.0146 2.5626 -0.9172 -0.6530 2.0237 -0.4497 -2.1509 0.1661 0.1513 -1.4139 
15.2467 10.4491 -3.0374 -0.5740 2.8594 -1.1281 -1.1801 1.7556 -0.3127 -1.9614 0.0564 -0.2501 -1.7601 
14.5637 9.3933 -4.1845 -1.6091 2.1727 -1.2918 -1.0742 1.5170 -0.9071 -2.2616 0.1820 -0.0580 -1.3778 
14.5509 9.4183 -3.9296 -0.8553 3.2150 -0.7559 -1.1783 1.6930 -0.1012 -1.5765 0.3005 -0.2813 -1.6782 
15.2355 9.9263 -4.0782 -1.2591 2.5725 -1.4019 -1.2066 2.1398 0.2130 -1.2466 1.1003 0.7475 -1.0879 
15.0880 10.1594 -3.2292 -0.4378 3.0137 -1.2744 -1.3914 1.6939 -0.3547 -1.9165 0.4741 0.4525 -1.1442 
14.7990 9.3873 -4.3949 -1.2062 2.9795 -1.0708 -1.4324 1.4009 -0.7217 -2.3360 -0.2276 -0.6693 -2.3569 
14.5593 9.5953 -3.6330 -0.8777 2.7843 -1.2238 -1.4558 1.4693 -0.4466 -1.9625 0.1720 -0.1360 -1.7984 
15.1015 10.1037 -3.5457 -0.8785 3.0939 -0.5007 -0.7285 1.7207 -0.4431 -1.7045 0.5979 0.2381 -1.4028 
15.1107 9.8139 -4.1240 -1.1110 3.3957 0.0030 -0.4106 1.5020 -1.1369 -2.2569 0.4990 0.3067 -1.2389 
14.8371 10.0518 -3.3065 -0.8389 3.0780 -0.4472 -1.0501 0.9914 -1.0610 -2.0364 0.4105 0.1124 -1.6055 
15.0812 10.1097 -3.5169 -0.8469 3.1987 -0.2690 -0.3054 2.2265 -0.3179 -2.0089 0.5691 0.6730 -1.1581 
14.4751 9.2101 -4.3295 -1.2904 2.9646 -0.8818 -1.4633 1.0574 -1.0835 -2.5682 -0.0348 0.1856 -1.3066 
14.6267 9.5873 -4.0876 -1.7596 2.2821 -0.9983 -1.3358 0.9011 -1.1918 -2.3984 -0.1017 -0.3764 -1.9634 
15.1406 9.9073 -4.4393 -2.2103 2.2946 -0.5983 -0.8892 1.3501 -0.6060 -1.7998 0.1957 -0.4166 -2.0784 
14.6965 9.6634 -3.9930 -1.5307 2.5836 -0.8184 -1.0958 1.7276 0.1998 -1.2078 0.4611 -0.0112 -1.3773 
14.9325 9.6226 -4.2531 -1.0812 3.6829 0.0706 -0.7810 1.3896 -0.8800 -2.3204 0.4202 0.8478 -0.8307 
14.8761 9.7224 -4.1648 -1.5568 2.7792 -0.7985 -1.5295 0.8332 -1.0792 -2.3865 0.0900 0.2702 -1.3062 
14.8313 9.6188 -4.1307 -1.2401 3.0552 -0.7230 -1.4574 1.0400 -0.5233 -1.5322 0.4617 -0.1202 -1.5920 
14.2450 8.6877 -5.0190 -1.8421 2.4766 -1.3326 -1.5972 1.2917 -0.5938 -1.8614 0.5664 0.2955 -1.5492 
17.9913 11.1659 -5.7900 -1.7652 3.3117 -1.5707 -1.4950 2.2002 -0.8076 -3.0307 -0.2704 -0.5935 -2.1451 
19.4348 10.9699 -7.9839 -1.9780 4.3351 -2.1039 -2.4672 2.2286 -0.7055 -2.6995 1.0016 0.2309 -2.6412 
15.6657 9.7915 -4.4941 -0.5042 3.5087 -1.2617 -0.8281 2.6184 -0.5588 -2.6039 0.3851 0.0758 -2.0377 
15.4598 10.0881 -4.0606 -0.9999 3.2053 -0.7887 -1.2186 1.1385 -1.3740 -2.3775 0.7452 0.2813 -2.0484 
14.6321 9.2261 -4.4937 -1.4557 2.5157 -1.4999 -1.5811 1.5348 -0.3450 -1.7071 0.4521 -0.2524 -2.1241 
13.8820 8.8304 -4.1027 -1.4071 1.9625 -1.9897 -1.8009 1.4232 -0.3086 -1.5757 0.5463 -0.0403 -1.7196 
14.6642 9.6140 -3.6433 -0.6802 2.9989 -1.0740 -1.1764 1.8486 0.0571 -1.2172 0.7404 -0.0540 -1.6804 
14.1536 9.0038 -4.1575 -1.0948 2.9603 -0.9237 -1.3068 1.5723 -0.1758 -1.5580 0.6926 0.6129 -1.0557 
14.7358 9.9302 -3.2246 -0.6023 2.9253 -1.0575 -1.4428 1.1018 -0.8185 -1.9712 0.1956 -0.1938 -1.4081 
14.5751 9.7193 -3.5181 -0.8768 3.1704 -0.3253 -0.9108 1.2181 -0.9127 -2.3704 -0.2834 -0.1116 -1.0973 
14.6807 9.6846 -3.5167 -0.5573 3.1971 -0.6184 -0.5721 1.9850 -0.8428 -2.7596 -0.2446 0.0709 -1.1701 
17.7451 9.3957 -8.4609 -2.7268 2.9380 -2.6635 -1.5600 2.6774 -2.3379 -4.7956 0.7665 1.0956 -2.6075 
23.3901 11.8945 -12.1011 -3.7304 4.9337 -2.5083 -1.6701 4.7493 -0.2824 -3.8860 1.4950 1.4572 -2.2224 
19.4371 10.2663 -8.9644 -1.7407 5.0168 -1.9225 -1.7177 3.4833 -0.8576 -4.0986 0.4255 0.7323 -2.0565 
16.5214 9.8118 -5.4846 -0.4402 3.9787 -1.7742 -1.1875 3.0882 -0.5102 -2.7866 1.0772 0.6085 -2.4915 
15.6875 9.6493 -4.6022 -0.1895 3.6997 -1.7222 -1.3732 2.5683 -0.2357 -1.9869 1.0692 0.1215 -2.4761 
15.2205 9.7431 -3.9294 -0.1926 3.5401 -1.5150 -1.9208 1.1150 -1.3903 -2.8470 0.0834 -0.2198 -2.1030 
15.5179 9.7206 -4.5013 -0.4749 3.8456 -1.2781 -1.9858 1.4536 -0.4749 -2.3960 -0.4628 -0.7329 -1.8366 
20.8192 11.8754 -8.7944 -3.1116 4.1988 -1.3268 -1.7859 1.9427 -1.8122 -3.7166 0.5547 0.1725 -2.4863 
18.8263 11.3410 -6.7527 -2.0401 4.1363 -0.8448 -1.4105 1.8378 -1.4527 -3.3332 0.4542 0.5445 -1.8922 
15.2745 9.4494 -4.8590 -1.0662 3.5051 -1.0296 -1.6092 1.4634 -0.6590 -2.1349 0.6111 0.5307 -1.2889 
14.9172 9.6374 -4.2360 -1.4126 2.7243 -1.0233 -1.3058 1.4099 -0.6143 -1.9723 0.3435 0.0407 -1.7021 
15.3724 9.8257 -4.5495 -1.4996 2.9061 -0.8844 -1.0634 1.6823 -0.7454 -2.2700 0.5466 0.6582 -1.2068 
14.5397 9.2710 -4.1431 -1.0312 2.7239 -1.5683 -1.8121 1.1731 -0.9845 -2.6658 -0.4461 -0.6068 -2.0205 
17.5665 10.1822 -6.9958 -2.1145 3.9255 -1.0893 -1.7423 1.8327 -0.6113 -2.4775 0.1002 -0.4359 -2.1138 
19.9280 11.7925 -7.8802 -3.2888 3.3055 -1.7843 -2.3353 1.4428 -1.3829 -3.1552 0.6045 0.7704 -1.5358 
18.8725 10.4263 -8.6714 -3.1250 4.1438 -0.8574 -1.6340 1.7905 -1.2542 -2.7391 1.3294 0.9504 -2.1820 
17.0411 10.0464 -6.5845 -2.1258 3.7567 -0.9500 -1.9114 1.0261 -1.4580 -2.7710 0.5466 0.3426 -1.6605 
14.2800 8.9470 -4.6333 -1.5412 3.1193 -0.3898 -1.1780 1.1352 -0.6263 -1.7123 0.5684 0.2626 -1.4153 
14.5941 8.9690 -4.5755 -0.5777 3.7085 -1.2050 -1.7058 2.1712 0.4747 -1.9987 -0.4561 -0.4636 -1.8226 
15.7413 10.1300 -4.2794 -0.6027 3.9574 -1.0063 -1.9970 1.9585 0.9714 -1.2384 0.0660 0.1327 -1.0822 
14.5386 9.4204 -3.9411 -0.8857 3.3670 -0.3697 -1.0097 1.2536 -0.8590 -2.0911 0.3058 0.1542 -1.3149 
14.6101 9.2713 -4.3482 -1.2580 2.7207 -1.4572 -1.6536 1.6390 -0.3356 -2.3214 -0.3062 -0.2133 -1.3345 
15.6426 10.6036 -3.4454 -0.8658 3.0554 -0.7627 -0.8573 2.1848 0.1606 -1.7385 0.0472 -0.1417 -1.3050 
15.2520 10.0659 -3.8998 -1.1726 2.9024 -0.8203 -1.0684 1.6022 -0.5064 -2.0551 -0.0067 -0.1565 -1.1502 
15.9790 9.1899 -5.8469 -0.5805 4.0069 -1.9088 -1.8393 2.3057 -0.7447 -2.6795 0.9127 0.4186 -2.2084 
20.3908 10.7114 -8.2726 0.8477 6.4812 -2.9565 -1.9243 4.5710 -0.7756 -3.9868 1.5564 0.5993 -3.6756 
22.3606 10.3189 -11.3987 0.3280 6.9312 -4.6967 -2.8772 5.6778 -0.9008 -5.0371 2.4223 2.2310 -3.2572 
24.1318 10.7601 -12.6888 1.1213 9.0677 -4.0451 -3.0479 5.8635 -0.9882 -5.2210 2.7116 2.2940 -3.7483 
25.0924 11.3438 -13.3298 0.3296 8.9523 -3.8436 -3.1643 5.4574 -1.2035 -5.0718 2.8863 2.2144 -3.9422 
25.9828 11.7446 -13.9392 -0.0610 8.8013 -4.2419 -3.3759 5.5195 -1.5093 -5.6306 2.7356 2.4562 -3.6683 
26.3438 11.4261 -15.1970 -0.5267 9.5529 -3.9340 -3.9884 5.6959 -0.0763 -4.7969 2.1550 1.8509 -3.4457 
27.1899 12.2299 -15.4742 -1.3749 9.6381 -3.3458 -4.9491 3.5318 -0.9985 -4.1246 2.5070 0.9962 -4.4702 
28.5837 13.0567 -16.4250 -2.1184 10.7301 -1.6046 -4.3210 3.6301 -0.2521 -3.4220 2.4856 1.2159 -3.7767 
32.1618 17.3347 -13.9828 -1.0047 11.8601 -0.6114 -4.6004 2.3504 -1.6078 -4.8704 1.1246 0.6375 -3.8684 
34.5090 20.9245 -11.5291 -1.3599 10.7147 -0.6316 -4.8361 1.3431 -2.1945 -5.5245 -0.3782 -0.3390 -3.6010 
35.3161 22.8121 -10.0524 -2.3631 9.5374 0.4812 -3.5498 0.8475 -3.0981 -5.9366 -0.8728 -0.5186 -2.8578 
36.0647 24.2362 -9.8123 -4.8909 7.3504 1.0112 -3.1067 -0.6855 -4.6266 -6.5545 -1.5740 -1.1761 -3.0918 
37.0774 25.7259 -8.9094 -4.9798 7.5307 2.0179 -2.3610 -0.4261 -4.1509 -5.8422 -0.6302 0.0424 -2.3530 
38.1842 26.7426 -9.3634 -6.4211 7.0016 2.7371 -2.1078 -0.9629 -4.1310 -5.4710 -1.2369 -1.0685 -2.5745 
38.6017 27.0085 -9.6855 -7.2228 6.0297 2.2855 -1.9957 -1.1503 -4.4803 -5.1770 -1.0430 -1.7495 -2.9413 
38.9897 27.7693 -8.9609 -7.2269 5.4784 1.8993 -1.9367 -0.7400 -3.9341 -4.7060 -0.7366 -1.7469 -3.2016 
39.1705 27.9838 -8.6299 -6.8652 5.3113 1.5041 -1.7329 -0.3462 -4.0732 -4.8940 -0.6542 -1.9087 -3.3258 
39.1319 28.1593 -8.2181 -6.8480 4.7093 1.0159 -1.6424 -0.1768 -4.0520 -4.6638 -0.4779 -2.2272 -3.5412 
38.8623 27.9404 -8.2673 -7.1952 3.7109 -0.3262 -2.5971 -0.3317 -3.6980 -4.4457 -0.7511 -2.7710 -3.8844 
39.2646 28.5909 -7.9149 -7.4078 3.6435 -0.1560 -2.7906 -0.3095 -2.8607 -3.8744 -1.0165 -2.7984 -3.4727 
38.0916 28.0496 -7.2083 -7.4968 2.3598 -1.2848 -3.3709 -0.6980 -2.9405 -3.9589 -1.8545 -4.0270 -4.1666 
38.8415 28.2658 -7.3520 -6.3788 3.3922 -1.8590 -3.7469 0.6029 -1.4941 -3.5416 -1.5768 -3.3100 -3.5624 
37.6558 28.3532 -5.7082 -6.2577 2.6786 -1.3557 -3.1658 0.2749 -1.3603 -2.5507 -0.8053 -3.0108 -3.4439 
36.2685 27.7227 -5.0677 -6.5593 1.6729 -2.0001 -4.0217 -0.5946 -1.2416 -2.2874 -1.4359 -3.7022 -3.6987 
36.9336 27.2928 -6.1107 -5.6261 2.7174 -2.8153 -4.4552 0.3107 -1.0373 -2.7985 -1.1703 -3.0581 -3.4526 
36.1356 27.6666 -4.4306 -5.3223 2.1514 -2.5305 -4.1832 -0.0323 -0.6915 -1.7148 -0.7511 -3.3974 -3.5134 
36.5110 28.0069 -4.5296 -5.7319 1.7803 -2.7812 -4.4608 -0.3310 -0.8824 -1.7564 -0.7939 -3.6702 -3.8093 
38.0645 27.5643 -7.1906 -5.9802 2.6587 -3.9206 -5.6820 -0.0593 -1.1675 -3.0322 -1.3623 -3.4383 -3.8177 
37.8537 28.3861 -5.7884 -6.1852 2.1349 -2.9328 -4.7012 -0.2385 -1.0500 -2.0445 -0.6753 -3.3452 -3.4773 
38.5256 28.4045 -6.6889 -6.4580 2.3557 -3.0110 -4.6255 0.0944 -1.1959 -2.3995 -0.4117 -2.7173 -3.1560 
39.0522 28.3618 -7.5017 -6.7512 2.3721 -3.4486 -5.0370 0.0477 -1.4006 -2.7218 -0.3774 -2.5231 -3.1730 
39.4676 28.7742 -7.3845 -6.7333 2.5226 -3.0774 -4.6591 0.0241 -1.7807 -2.8089 0.1590 -1.8554 -2.9297 
39.3907 29.0205 -6.6482 -6.2116 2.3957 -3.2725 -4.3466 0.3895 -1.8229 -2.6911 0.7650 -1.5223 -3.1154 
39.8265 29.0062 -7.3990 -6.5277 2.8866 -2.7213 -4.1225 0.5955 -1.5128 -2.4905 0.9805 -0.9356 -2.4789 
39.8724 29.4121 -7.1392 -7.0681 2.7669 -2.0122 -4.2280 -0.4524 -1.9039 -2.3105 0.6979 -1.3064 -2.5868 
38.8564 28.8520 -7.0571 -7.8732 1.8513 -1.8557 -4.1159 -1.2969 -2.7714 -2.6784 0.3130 -1.8189 -2.9884 
39.4422 28.9609 -7.5437 -7.6948 2.2663 -2.1413 -4.4350 -0.9784 -2.4642 -2.8131 0.2100 -1.6776 -3.0064 
38.9530 28.9679 -6.7611 -7.3255 2.1693 -1.9172 -4.1700 -1.2967 -2.7757 -2.3705 0.8499 -1.6627 -3.3409 
38.9727 28.3237 -7.4934 -6.6024 3.1338 -2.2920 -4.7239 -0.9327 -2.4051 -2.4525 0.9859 -1.3088 -3.3026 
37.8306 27.8964 -6.7518 -6.6311 2.6623 -2.0111 -4.4135 -1.2061 -2.4882 -2.2039 0.9503 -1.5756 -3.5020 
37.1779 26.8021 -7.5652 -6.5814 2.6471 -2.8979 -5.2921 -1.4311 -2.8089 -2.9970 0.3086 -1.8767 -3.9416 
36.4665 27.0742 -6.5062 -7.1062 1.8175 -2.1605 -4.4895 -1.5809 -2.5987 -2.3087 0.4650 -2.0093 -3.9531 
36.7128 27.4962 -5.3417 -4.8988 3.6760 -1.7003 -4.4676 -1.0203 -1.8065 -1.4882 1.5824 -0.8310 -3.1449 
35.1573 26.7349 -4.6234 -5.1254 2.5097 -2.5214 -5.3972 -2.3276 -2.4614 -1.4330 1.4429 -1.2211 -3.4275 
35.5583 26.2591 -5.3018 -3.8942 3.6803 -3.1458 -5.3780 -0.6045 -1.5301 -2.1413 0.8415 -0.8658 -2.7244 
32.7553 25.0652 -3.5420 -3.6124 2.7222 -2.8564 -5.0732 -1.2585 -1.4391 -1.4668 0.4176 -1.7562 -3.0140 
32.7487 25.1066 -3.3537 -3.4168 2.5553 -3.2592 -5.0369 -0.7682 -1.2797 -1.6612 0.7661 -0.8247 -2.4832 
30.9671 23.3654 -3.6178 -2.8742 2.9654 -3.2160 -4.9432 -0.3446 -0.9545 -1.8753 0.4368 -0.8133 -2.6418 
29.6658 22.1848 -3.6850 -2.5838 3.0284 -3.0751 -4.3465 0.3477 -0.7994 -2.1813 0.2726 -0.7453 -2.6589 
28.1033 21.5714 -2.1871 -1.4411 2.9680 -3.1626 -4.3239 -0.1896 -1.4568 -2.1701 0.7596 -0.3404 -2.4724 
27.3222 20.9697 -2.4321 -2.1447 2.4295 -2.7663 -3.7305 -0.0684 -1.4047 -2.0074 0.7177 -0.5660 -2.6409 
26.0678 19.4985 -3.2147 -2.5631 1.6441 -3.9043 -4.5171 -0.2589 -1.2502 -1.6525 1.1124 -0.3217 -2.4767 
25.6902 18.9213 -3.7709 -2.7227 2.1197 -3.2519 -4.2875 -0.4440 -1.6609 -2.2021 0.8534 -0.0219 -2.2187 
24.6978 18.1281 -3.9301 -3.1376 1.6836 -3.1319 -3.8933 0.0577 -0.8918 -1.5207 1.1382 0.2283 -1.6338 
23.9750 17.4290 -3.7074 -2.2742 2.0468 -3.2504 -3.4348 0.7884 -0.9721 -1.9883 1.1841 0.3112 -2.2238 
23.0738 16.2817 -4.6481 -2.9508 1.9408 -2.8001 -3.0680 0.6592 -1.3161 -2.2674 0.9165 0.1231 -2.1550 
22.7354 15.8355 -5.0246 -3.1968 1.8750 -2.8290 -3.1997 0.5321 -1.4296 -2.5535 0.6577 0.3125 -1.7981 
21.8451 15.3902 -4.1908 -2.0474 2.6709 -2.3527 -2.8687 0.9511 -0.9176 -2.2790 0.7166 0.4968 -1.5347 
21.3311 14.6873 -4.7262 -2.2557 2.7760 -2.0699 -2.6136 1.1391 -0.4635 -1.4973 1.2143 0.4582 -1.5776 
21.9842 15.1940 -4.7775 -2.1541 3.2854 -1.6991 -2.6450 0.9214 -0.9170 -2.1909 0.7744 0.4560 -1.4705 
20.8789 14.3966 -4.4066 -1.6303 3.5529 -1.0178 -1.5402 1.5955 -0.7657 -1.9764 1.0509 0.5914 -1.3322 
21.2627 14.6887 -4.4055 -1.5428 3.5012 -1.8905 -3.0361 0.4604 -1.2694 -2.2871 0.9538 0.8403 -1.2401 
20.7283 14.3802 -4.2045 -1.6076 3.0754 -2.0674 -2.7776 0.8191 -1.1229 -2.5085 0.4555 0.4224 -1.3806 
20.3122 13.8987 -4.5335 -1.8253 3.2718 -1.0920 -1.4523 1.5294 -1.1429 -2.4208 0.8601 0.3530 -2.0636 
19.8921 12.8582 -5.5910 -1.6205 4.0431 -1.3627 -2.3173 1.4289 -0.8324 -2.6077 0.7151 0.9717 -1.2978 
19.9980 13.4451 -4.6075 -1.2297 3.6216 -1.8651 -2.4734 1.4799 -0.7107 -2.4552 0.8441 1.0480 -1.3757 
21.8003 15.6854 -2.9037 0.2234 5.1641 -0.1527 -1.0788 1.8625 -1.2358 -3.2782 -0.1331 0.1839 -1.4298 
25.7171 19.7713 -1.4401 0.3706 5.2587 -0.2552 -1.9563 0.4239 -2.2644 -3.5500 -0.5506 -0.8973 -2.3726 
27.3533 20.4763 -2.8212 -0.5756 5.5687 -0.0041 -2.3200 -0.2680 -3.1672 -4.1809 -0.3242 -0.1889 -1.9029 
28.1540 20.7628 -3.8103 -1.4237 5.8553 0.5026 -2.7217 -1.1179 -3.5605 -4.3626 -0.8306 -0.6821 -2.0176 
28.9932 21.6570 -3.5423 -1.5639 5.7345 0.4857 -2.7723 -1.3021 -3.9344 -4.5768 -0.3508 0.0526 -1.9408 
30.4418 22.4419 -4.1769 -1.8287 5.7680 0.3053 -2.3772 -0.5380 -3.8486 -4.7551 -0.2045 0.0158 -2.1280 
32.7776 24.0562 -5.7351 -4.8351 3.5675 -0.9145 -3.5220 -1.4010 -3.6041 -3.8756 -0.2497 -1.5422 -3.9327 
35.8404 26.6558 -6.1816 -6.2476 3.2887 -0.6208 -3.9516 -1.7771 -2.3859 -1.8173 0.4467 -2.2137 -3.7028 
37.6127 27.3603 -7.2920 -6.1142 4.3906 -0.6266 -4.3889 -1.3931 -1.7785 -1.4649 0.7034 -2.2394 -3.7500 
38.5065 27.6981 -8.0845 -6.7978 3.7591 -1.6942 -5.0827 -1.1892 -1.5426 -1.7555 0.4799 -1.9409 -3.4293 
39.3076 27.8660 -8.7726 -6.6627 4.2497 -2.1031 -5.5852 -0.8583 -1.0938 -1.6129 0.7644 -1.6641 -3.4681 
39.6368 28.2851 -8.6713 -6.8918 4.2003 -2.0155 -5.8686 -1.2069 -0.9969 -1.4647 0.6561 -1.6141 -3.2193 
39.9286 28.6844 -8.4507 -6.9298 4.1794 -1.9056 -5.8340 -1.2028 -0.8032 -1.1992 0.7517 -1.6716 -3.2569 
38.4623 28.2356 -7.3728 -6.9906 3.5829 -1.5445 -5.9237 -2.3089 -1.0837 -0.6403 0.5806 -2.1754 -3.2237 
38.1812 28.0431 -7.2077 -6.5872 4.1363 -0.9810 -5.5186 -2.0690 -0.9802 -0.5766 0.9006 -1.5701 -2.7222 
38.3053 27.6972 -7.8942 -6.6683 4.1825 -1.4682 -5.8487 -1.8693 -0.9821 -1.0132 0.5241 -1.7370 -2.8154 
39.4638 28.3291 -8.2222 -6.4402 4.4383 -1.9427 -5.8790 -1.1183 -0.6827 -1.1033 0.7952 -1.7659 -3.4383 
39.4447 28.1909 -8.4800 -6.7357 4.0259 -2.3889 -6.2229 -1.4697 -1.0051 -1.2548 0.5781 -2.1798 -3.7557 
40.3060 28.4826 -8.9258 -6.3509 4.6259 -2.4942 -5.9876 -0.5799 -0.6434 -1.2968 1.0525 -1.6207 -3.5858 
38.8399 27.4124 -8.9691 -6.9285 3.6993 -2.9813 -6.5222 -1.3705 -1.2113 -1.8067 0.3415 -2.2658 -4.1536 
38.3179 27.2865 -8.4037 -6.4981 4.2150 -1.9812 -5.7982 -1.3936 -1.2654 -1.4590 0.7616 -1.8728 -3.7091 
37.9242 27.4058 -7.5253 -6.0123 4.2764 -1.4768 -5.0391 -1.1098 -1.2611 -1.2879 1.0034 -1.5528 -3.2263 
37.2190 26.3846 -8.5924 -6.9036 3.9614 -1.3667 -5.2465 -1.8299 -1.9928 -2.0483 -0.1925 -2.7721 -3.8734 
37.7192 26.7849 -8.0894 -5.8334 4.3450 -1.9777 -5.0995 -0.6852 -1.3801 -1.8655 0.5354 -2.1206 -3.8043 
36.4335 25.9047 -8.1941 -6.6911 3.5806 -1.4240 -4.6392 -1.5087 -2.4044 -2.5124 -0.2604 -2.6306 -3.7242 
36.8130 26.4256 -7.7300 -6.2193 4.1080 -1.0032 -4.2522 -0.9479 -2.0435 -2.5161 0.1877 -1.5246 -2.9556 
35.8658 25.9859 -7.3853 -6.4165 3.9724 -0.5872 -4.4586 -1.6944 -2.0991 -2.3612 -0.2916 -1.8873 -2.7554 
36.9527 26.3813 -8.0713 -6.3289 4.6695 0.0424 -3.5676 -1.3730 -3.1349 -3.0718 0.4206 -1.1984 -2.6893 
35.3165 25.6706 -7.2113 -6.6610 3.3849 -0.3993 -3.6576 -1.8156 -3.2750 -3.0283 0.0586 -1.5248 -2.8644 
35.3947 25.6095 -7.3871 -6.6049 3.6087 -0.2673 -3.7439 -2.2257 -3.7340 -2.9371 0.4897 -1.5984 -3.3124 
35.6830 25.5529 -7.3830 -5.6497 4.4141 -0.0382 -3.0996 -1.7762 -4.2718 -3.0499 1.4305 -0.9374 -3.1230 
34.4408 25.3513 -6.1836 -5.4400 4.3078 0.4465 -3.2047 -2.0169 -3.5147 -2.6404 0.9624 -0.7128 -2.5792 
35.7654 26.2272 -6.8061 -6.1223 4.5823 1.2212 -2.9537 -2.7050 -4.2946 -2.4548 1.5492 -0.9848 -3.2897 
34.0861 24.4754 -6.6974 -4.4234 5.4634 0.2949 -3.5838 -1.8791 -3.7976 -3.2559 1.0771 -0.1917 -2.5446 
32.6569 24.0094 -5.9129 -5.0663 4.5172 1.0600 -2.7995 -2.5140 -4.3815 -3.2280 0.6333 -0.9287 -2.6630 
31.4343 23.2581 -5.1541 -4.1987 4.6780 1.2971 -2.1446 -2.2999 -4.8019 -3.5169 0.5674 -1.1802 -2.9321 
30.7096 22.5969 -5.0018 -3.5771 4.8737 0.8727 -2.3201 -1.7813 -4.3829 -3.8269 0.0582 -1.2982 -2.8308 
28.7480 21.3969 -4.0831 -2.8541 4.4945 0.3412 -2.3842 -1.3964 -4.0620 -4.2288 -0.5996 -1.3018 -2.6799 
27.8511 21.0992 -3.2997 -2.4617 4.5460 0.8432 -1.7885 -1.1615 -4.0749 -4.4229 -0.6239 -0.8973 -2.5898 
27.5512 20.7625 -3.2929 -2.1132 4.7741 0.9039 -1.3130 -0.2537 -3.4527 -4.2375 -0.3201 -0.4157 -2.4752 
26.5343 19.7824 -3.2032 -1.4337 4.8171 0.1286 -1.9683 -0.4089 -3.4339 -4.2444 -0.5208 -0.8811 -2.9546 
26.0862 19.5755 -2.6186 -0.6816 4.9373 -0.0634 -1.4814 0.7451 -2.6199 -4.1840 -0.5966 -0.4763 -2.1398 
24.3047 17.7910 -3.0888 -0.5591 4.8312 -0.5074 -1.7837 0.9920 -2.0367 -3.6620 -0.2173 -0.4502 -2.6009 
23.4579 16.9121 -3.5953 -1.1097 4.4243 -0.3658 -1.3768 1.3009 -1.6527 -3.1959 0.0417 -0.2464 -2.3332 
21.6883 15.5919 -3.2949 -0.7942 4.2925 -0.2314 -0.9764 1.4906 -1.7974 -3.4618 0.1909 0.5654 -1.5175 
21.3517 14.4002 -5.2570 -2.1849 3.6638 -1.1782 -2.5141 0.3950 -1.6133 -2.6674 0.0990 -0.6369 -2.5102 
22.5050 15.0474 -5.7309 -2.0481 4.6576 -0.6350 -2.7176 0.1531 -1.7983 -3.1738 -0.6706 -1.2043 -2.4220 
20.5380 13.8736 -4.9152 -1.9279 3.4555 -1.1358 -1.7023 1.3612 -1.5078 -3.4236 -0.6436 -1.1084 -3.0461 
19.6482 12.9350 -5.3309 -2.2723 2.7632 -2.0667 -2.5160 0.8153 -1.8804 -3.7375 -0.8449 -0.9785 -2.5111 
19.9965 13.4259 -4.8954 -1.9267 3.1271 -1.6046 -2.0289 1.3763 -0.9519 -2.3101 0.7489 0.2479 -1.9166 
19.5111 13.3167 -4.2581 -1.4532 3.1765 -1.4467 -1.6484 1.6779 -0.7494 -2.1687 0.6404 -0.0345 -1.9552 
19.6562 13.3037 -4.4502 -1.3838 3.4643 -1.3858 -2.0748 0.7978 -1.7604 -2.8989 0.1785 -0.5497 -2.4833 
19.2420 13.2057 -4.0591 -1.3054 3.3415 -1.1213 -1.4345 1.6908 -0.7443 -2.3623 0.0231 -0.7162 -2.4725 
18.9455 12.8308 -4.1725 -1.0163 3.7977 -0.7294 -1.1930 1.4819 -1.5087 -2.9573 0.3712 0.2873 -1.6249 
18.4431 12.0245 -4.8130 -1.2195 3.5345 -1.1434 -1.0025 2.3736 -0.5552 -2.1535 0.9047 0.2600 -1.7983 
19.1374 12.9838 -4.1703 -1.0932 3.5977 -0.8415 -0.8674 2.1450 -0.7790 -2.2302 0.8362 0.3146 -1.4721 
20.7238 12.3959 -7.4371 -1.5590 5.5988 -1.2019 -3.1776 1.7393 0.4178 -1.9755 0.4456 0.4867 -1.4948 
18.2526 11.7760 -5.0635 -1.3479 3.6425 -1.2629 -1.5322 2.2707 0.0327 -1.7769 1.0031 0.9145 -0.9057 
18.7072 11.3916 -6.4854 -1.9909 3.7441 -1.6747 -2.2858 1.8499 -0.4217 -2.7510 -0.3216 -0.3822 -1.8764 
19.0958 12.6795 -4.8869 -1.7045 3.5357 -0.9150 -1.4207 1.9279 -0.1391 -1.7119 0.6432 0.1617 -1.3206 
27.1093 18.1849 -8.2190 -5.1405 5.7692 2.4167 -2.8303 -3.0418 -4.0412 -3.2888 -0.6912 -1.6934 -1.9786 
24.6055 16.0728 -8.0295 -4.5735 5.3304 1.9346 -2.2467 -2.0610 -3.7307 -3.3301 -0.1581 -0.6173 -1.0799 
27.8779 18.7609 -8.4685 -5.5526 5.8251 2.9769 -2.2210 -2.9437 -4.3736 -3.2368 0.1424 -0.7053 -1.5542 
30.6753 22.1405 -6.4491 -5.1077 4.9870 1.8397 -2.6847 -2.9299 -4.7209 -4.0377 -0.5498 -0.9987 -1.6455 
31.9463 22.9184 -6.6893 -4.6819 5.8556 1.9957 -2.9682 -3.1909 -5.1654 -4.4510 -0.6924 -1.2661 -2.0704 
36.3349 25.0960 -10.0315 -7.2042 6.8511 3.0654 -3.4002 -3.2696 -4.7184 -4.8488 -1.4112 -1.1424 -1.6974 
39.6853 26.7632 -11.1513 -6.2880 8.2351 2.3920 -3.2906 -1.8597 -4.8023 -4.8859 0.8052 0.4647 -2.2957 
38.0897 26.4042 -9.6055 -6.1488 6.9640 1.7188 -3.5404 -2.2436 -4.9377 -5.2518 -0.2358 -0.3748 -2.5476 
38.1842 26.1368 -10.4357 -6.8255 6.8945 1.8446 -3.7195 -2.6190 -5.1608 -5.3008 -0.3657 -0.7159 -2.9256 
37.9720 26.0332 -10.2725 -6.6075 7.0973 1.9292 -3.8324 -2.6628 -5.0133 -5.2684 -0.3888 -0.3333 -2.2830 
38.6932 26.9110 -9.6989 -6.2987 7.3712 2.4715 -3.0561 -1.9659 -4.3610 -4.4894 0.1663 -0.3017 -2.3435 
38.9001 27.1738 -9.4650 -6.0586 7.5349 2.4463 -3.1928 -2.0790 -4.4594 -4.5432 0.2351 -0.2650 -2.4673 
39.5709 26.8289 -10.7796 -6.1740 7.7394 1.8925 -3.2191 -1.6169 -4.8336 -5.1285 0.1741 -0.6015 -3.0034 
38.4023 26.6076 -9.6900 -6.1338 7.2980 2.3611 -2.8292 -1.7352 -4.4197 -4.5405 0.1953 -0.3395 -2.3097 
37.7817 26.7873 -8.8709 -6.5550 6.7357 2.9228 -2.5256 -2.1694 -4.3258 -4.0753 0.0878 -0.7608 -2.6108 
37.4506 26.2555 -9.2871 -6.6551 6.6136 2.5129 -3.1436 -3.0614 -5.3325 -4.6034 -0.0037 -1.1472 -3.3814 
37.2168 26.5912 -8.2931 -5.9447 7.3599 3.6268 -2.4491 -2.8530 -4.9272 -4.3072 -0.0972 -0.7524 -2.3069 
37.3070 25.9337 -9.0834 -5.4492 7.5088 2.5991 -2.5527 -1.9732 -5.0283 -4.8080 0.2313 -0.7351 -3.1416 
36.6268 25.6442 -8.7861 -5.7303 7.0229 2.7726 -2.4093 -2.4757 -5.2902 -4.3128 0.6937 -0.7351 -3.1577 
34.6032 25.0083 -7.1662 -5.4303 6.4184 3.1979 -2.1753 -3.1246 -5.4819 -4.2962 0.1969 -0.7207 -2.6720 
34.4086 23.8567 -8.4090 -4.6614 7.7119 2.8643 -2.8856 -2.7682 -4.7918 -3.8120 0.4308 -1.3027 -3.6958 
31.6715 22.6898 -6.5780 -4.1102 6.8517 2.8358 -2.6139 -2.6525 -3.9565 -3.1281 0.0553 -1.3759 -2.9296 
32.8984 22.9116 -8.0825 -4.8133 7.4125 3.3093 -2.6834 -3.2881 -5.0055 -3.6620 0.2217 -1.4685 -3.2955 
28.4467 19.9233 -6.4727 -3.4223 6.6226 2.6624 -2.0054 -2.2167 -4.4422 -3.8688 -0.1443 -1.2642 -3.1084 
27.4232 19.4423 -5.9708 -3.6848 5.6920 2.6010 -1.2363 -1.7461 -4.2934 -3.3786 0.6658 -0.5822 -2.7487 
25.7501 18.0362 -5.8307 -3.2469 5.4875 2.1497 -1.3523 -1.6479 -4.3981 -3.7328 0.4641 -0.4544 -2.7693 
25.4470 17.5979 -6.0316 -2.9300 5.8594 1.9738 -1.4949 -0.8522 -3.3952 -3.9015 -0.4004 -0.5315 -2.1573 
24.7588 16.2089 -7.4648 -3.2426 6.0352 1.1597 -2.7874 -1.1949 -3.2123 -4.4218 -1.2641 -0.8501 -2.3435 
24.1927 16.6995 -5.6307 -2.7393 4.8167 0.7050 -1.8156 -0.7125 -3.6450 -4.3264 -0.7166 -1.0004 -2.5648 
22.9004 15.6560 -5.3187 -2.0743 4.7599 0.0860 -2.1237 -0.4291 -3.2390 -4.0163 -0.1991 -0.3380 -2.3048 
21.9574 15.0435 -4.9815 -1.7998 4.8136 0.4830 -1.5770 -0.2457 -3.3308 -4.2432 -0.6988 -0.9615 -2.7486 
21.7587 15.0312 -4.8860 -2.3093 3.7974 -0.2457 -1.4489 0.8019 -1.9625 -3.4023 -0.3047 -0.2056 -1.6170 
21.3062 14.3810 -5.1168 -1.6557 4.7014 0.0589 -1.4071 1.2251 -1.4735 -3.2847 -0.2246 -0.0215 -1.9314 
20.7957 13.9130 -5.3379 -2.2045 3.9293 -0.1066 -1.2364 0.5640 -2.4710 -3.0632 0.7796 0.3713 -1.5947 
20.1744 13.1265 -5.7405 -1.9433 4.5164 0.0807 -1.2280 1.1657 -1.8748 -3.5777 -0.1980 0.0302 -1.7439 
19.9606 13.3337 -5.1440 -2.0184 3.8661 -0.4224 -1.7146 0.6291 -1.7851 -2.7880 0.5968 0.6334 -1.3328 
19.5583 12.7449 -5.6874 -2.5053 3.3346 -0.7878 -1.6302 1.0272 -1.3026 -2.4675 0.3002 -0.1552 -1.7448 
20.8923 14.1744 -5.0331 -1.9707 4.1528 -0.3843 -2.0075 0.7085 -1.1805 -2.5098 0.0745 -0.0792 -1.5358 
20.2184 13.5598 -4.9520 -1.6561 3.9687 -0.8156 -1.8521 1.3558 -0.7634 -2.3950 0.2226 0.1585 -1.1777 
20.0841 13.0527 -5.6688 -1.9408 3.9943 -0.8512 -1.8037 1.5122 -0.7166 -2.3675 0.2793 0.0314 -1.3861 
19.9210 12.6668 -6.1602 -2.0300 4.3486 -0.8713 -2.5672 0.9081 -0.4403 -1.8190 0.3243 -0.2410 -1.4216 
19.5578 12.0774 -6.9294 -2.9097 3.6419 -1.0988 -2.2688 1.3907 -0.2410 -1.9386 0.3038 -0.0748 -1.5409 
19.8462 12.3605 -6.8620 -2.8416 3.8139 -1.2092 -2.8300 0.9238 -0.3461 -2.1763 -0.2863 -0.6750 -2.0112 
20.4998 13.2275 -6.1080 -2.2469 4.2566 -0.6519 -1.9971 1.6721 -0.0236 -2.1085 -0.2147 -0.5111 -1.6419 
21.4468 13.9091 -6.3797 -2.7075 3.8112 -1.2967 -2.5976 1.3277 -0.3013 -2.3838 -0.3327 -0.3299 -1.1213 
19.6049 13.1212 -4.8310 -1.5761 3.9389 -0.6094 -1.4938 1.7956 0.0740 -1.4278 0.3666 -0.6155 -1.8168 
19.8540 13.6686 -4.2348 -1.6550 3.0440 -1.5632 -1.9197 1.6921 -0.0627 -1.5345 0.4823 -0.3356 -1.5968 
19.7352 13.1225 -4.9719 -1.7064 3.4530 -1.4316 -1.9998 1.4681 -0.8392 -2.5842 -0.0090 -0.2754 -1.5820 
19.1518 12.5933 -5.3903 -2.7213 2.2413 -1.8857 -1.8941 1.2197 -1.5291 -3.0437 0.0342 -0.2031 -2.0064 
19.3023 12.3642 -5.6222 -1.7153 3.7172 -1.6150 -2.5202 1.1010 -0.9414 -2.3247 0.7394 0.4579 -1.6392 
20.6388 12.9934 -6.4712 -2.0230 4.2429 -1.3073 -2.3187 1.6180 -0.4710 -2.0900 0.8009 0.2429 -1.7114 
21.7240 13.0960 -7.8819 -2.3971 5.0075 -1.1635 -2.6083 1.7455 -0.6371 -2.7378 0.7838 0.6467 -2.0801 
23.2078 12.9449 -10.0965 -2.5685 6.3715 -1.2170 -3.1043 2.4638 -0.1645 -3.3836 0.4769 1.1866 -1.6389 
25.9001 13.7237 -11.9639 -1.9194 8.0370 -2.0939 -4.2390 3.0241 0.0359 -3.9711 0.2332 0.6848 -2.2856 
26.9816 13.1536 -14.1539 -2.1752 8.2188 -3.6585 -5.3800 3.1245 -0.4592 -4.3877 1.1521 1.5208 -2.0798 
27.7687 13.7578 -13.8317 -1.1848 9.4291 -2.8664 -4.7819 3.4370 -0.4556 -4.0867 1.4564 0.9791 -2.9281 
27.9418 13.7720 -13.9191 -1.0956 9.2361 -3.2693 -4.5603 4.0762 -0.2442 -4.0367 1.8207 1.1560 -3.1075 
28.4447 13.7109 -14.9872 -1.9291 9.1731 -3.0330 -4.3581 4.1144 -0.3602 -3.8418 2.5129 1.6383 -3.3400 
28.4646 13.2547 -15.3170 -1.0108 10.0346 -3.3006 -4.4739 4.6196 -0.3748 -4.3160 2.5012 1.9798 -3.0957 
28.1537 12.7130 -15.6285 -0.7955 9.8984 -4.2906 -5.1568 4.9581 -0.1706 -5.1412 1.4596 1.6017 -3.0738 
29.1474 13.4866 -15.6800 -0.7265 10.4282 -3.6298 -4.5372 5.3719 0.0505 -4.5147 2.6645 2.4146 -3.3568 
28.9260 13.2725 -15.9961 -1.3506 10.0425 -3.5084 -4.5183 5.1108 -0.0079 -4.5477 2.1049 1.7214 -3.4228 
30.4260 14.6858 -15.9362 -1.9137 9.9147 -3.1352 -4.4262 4.5503 -0.7470 -4.9934 1.8813 1.5403 -3.5451 
29.3339 14.5205 -14.8392 -1.9336 9.0786 -3.4444 -4.6949 4.1821 -0.4784 -4.4734 2.1681 1.9456 -3.3283 
28.0787 14.2053 -13.9452 -2.2161 8.6743 -2.4056 -3.9372 3.6279 -0.8815 -4.3974 1.9680 1.8871 -2.9990 
32.2385 21.0942 -7.4346 0.1697 7.6109 -3.8105 -5.4720 1.5545 -2.1577 -4.9911 0.3610 -0.2938 -4.0098 
38.0496 26.0000 -8.9341 -3.9979 6.2534 -2.3761 -4.9597 0.5793 -2.4926 -4.5622 0.2986 -0.7290 -3.9826 
39.3866 27.5993 -8.7643 -5.5373 5.0000 -2.2629 -4.7858 0.3519 -2.2733 -4.1578 0.4757 -0.0185 -2.8421 
39.4351 27.7120 -9.1120 -6.8434 3.6209 -2.8304 -5.1771 -0.4593 -2.8685 -4.2049 0.3069 -0.6195 -3.5080 
39.7955 28.5398 -8.0412 -6.0061 4.4638 -1.8733 -4.4909 0.1710 -1.9964 -3.5950 0.6672 0.3647 -2.0655 
39.9864 28.3125 -8.7897 -6.3347 4.5676 -2.2543 -5.3864 -0.2350 -1.5953 -3.2883 0.2091 -0.3299 -2.2321 
39.3120 27.9899 -8.3756 -6.1694 4.4554 -2.0095 -5.0018 -0.2280 -1.7622 -3.3478 -0.0110 -0.8638 -2.6395 
40.7831 28.6934 -9.6897 -7.4419 4.4540 -1.6218 -5.2084 -0.9297 -2.3187 -3.3520 0.1528 -1.2135 -3.2401 
40.7691 29.1684 -8.8157 -7.2167 4.1628 -1.4948 -4.8101 -0.7974 -2.0426 -2.7188 0.5051 -1.1610 -2.9514 
39.5104 28.3374 -8.2958 -6.4661 4.7322 -1.0856 -4.8356 -0.9581 -1.8368 -2.4041 0.7380 -0.8322 -2.8604 
36.9330 26.7271 -7.4347 -6.2489 3.8198 -1.5370 -4.9126 -1.1781 -1.8782 -2.6348 -0.1781 -1.8598 -3.7053 
34.5036 26.0133 -4.7642 -4.5471 3.5216 -1.3263 -3.7370 -0.3001 -1.5406 -2.6769 -0.3503 -1.4188 -2.7585 
33.2548 24.7226 -4.9687 -4.0869 3.6490 -1.5021 -3.4142 0.2703 -1.5455 -2.8577 0.0928 -0.8058 -2.7395 
31.9018 23.6953 -4.6845 -3.5856 4.0025 -0.8350 -2.6886 0.5120 -1.3792 -2.2001 0.7932 -0.6404 -2.6779 
32.4406 23.9353 -4.7718 -3.0409 4.4676 -1.5322 -3.7368 0.0156 -2.1362 -3.5862 0.0582 -0.3401 -2.7435 
33.6346 24.5834 -5.7353 -4.1676 4.1194 -1.7982 -4.6273 -0.9228 -2.1779 -2.9592 0.1565 -1.1212 -3.3402 
34.8137 26.0042 -5.4034 -5.1695 3.3233 -1.3490 -4.3000 -1.6024 -2.2896 -1.8442 0.6569 -1.8563 -3.6352 
36.1677 26.8348 -6.2193 -6.0963 3.2985 -0.9854 -4.1834 -1.7566 -2.5737 -2.1450 0.4448 -1.9739 -3.6377 
36.3441 27.1571 -5.9112 -6.1249 2.9873 -1.0766 -3.9737 -1.7249 -2.7321 -2.0636 0.5307 -2.3703 -4.0808 
36.2835 27.0582 -5.9629 -6.1852 2.7225 -1.2987 -3.8222 -1.6341 -3.0681 -2.2512 0.7052 -2.5703 -4.6169 
36.4950 26.4342 -6.7995 -5.2133 4.0083 -1.5876 -4.1394 -0.7801 -2.4749 -2.5284 0.6964 -1.9914 -4.2996 
34.4218 25.6837 -5.4755 -5.2568 3.6228 -0.1877 -2.9756 -1.1923 -2.5919 -1.8840 1.0566 -1.4851 -3.4855 
33.8179 25.2096 -5.4644 -4.9831 4.3819 0.6131 -2.9805 -1.5637 -2.7297 -2.4079 0.2126 -1.5079 -3.0601 
34.1660 25.1041 -6.0180 -4.8824 4.8261 0.7329 -2.7381 -1.1062 -2.6982 -2.6402 0.2351 -1.4557 -3.0627 
32.8578 24.4719 -5.3059 -4.8198 4.3281 1.1409 -1.9293 -1.1866 -3.2679 -2.8528 0.1140 -1.8508 -3.4112 
32.5663 24.0843 -5.5391 -4.7911 4.3736 0.8450 -2.3828 -1.3851 -3.3929 -3.1569 0.0697 -1.4294 -3.1871 
31.7503 23.4345 -5.1815 -4.0350 4.4749 0.2530 -2.6973 -1.0804 -3.1515 -3.3094 -0.1046 -1.5241 -3.3888 
30.5835 22.8206 -4.1842 -2.8969 4.7495 0.3048 -2.1640 -0.3954 -2.8313 -3.2965 -0.0866 -1.3415 -3.1288 
29.5685 22.0725 -3.8603 -2.4489 4.5796 -0.2528 -2.4779 -0.1888 -2.5174 -3.3970 -0.3361 -1.2237 -3.0127 
28.2926 21.1947 -3.2980 -1.6356 4.7578 -0.5913 -2.7886 0.0366 -1.9084 -3.0812 -0.3141 -0.9316 -2.5691 
26.9095 19.9034 -3.4644 -1.3934 4.9116 -0.3484 -2.5491 -0.1232 -2.2498 -3.0823 -0.1449 -1.0614 -2.8666 
26.1746 19.4439 -3.0977 -0.9866 5.0218 -0.2732 -2.4995 -0.3159 -2.6521 -3.4561 -0.4193 -1.3944 -3.1661 
25.5304 18.9622 -2.8016 -0.4463 5.1971 -0.2416 -1.9973 0.4694 -2.4207 -3.8134 -0.4381 -0.8132 -2.8983 
24.6690 18.1024 -3.0921 -0.5849 4.9223 -0.6297 -2.3885 0.3078 -2.2959 -3.9097 -1.1303 -1.5476 -3.0370 
23.7409 17.5237 -2.5682 -0.0150 4.9330 -0.6908 -2.2591 0.2146 -2.6402 -3.9234 -0.6411 -1.0294 -2.7662 
22.6915 16.3973 -2.9315 0.1244 4.9643 -0.9297 -2.2380 0.8525 -1.8351 -3.4159 -0.1802 -0.3867 -2.3240 
21.8436 15.6981 -3.0695 -0.1847 4.5284 -1.0640 -2.0938 1.2400 -1.2859 -3.1308 -0.2568 -0.4736 -2.2890 
25.4208 17.3068 -6.7348 -3.9361 4.4639 0.4320 -2.3567 -0.6116 -2.3418 -2.3007 1.2281 -0.0065 -2.7926 
22.3396 15.0982 -5.7936 -2.8531 4.1750 -0.0018 -2.2806 -0.4032 -2.0065 -2.2145 0.3162 -1.1907 -2.8659 
20.9049 14.0271 -5.0051 -1.6237 3.7623 -1.4173 -2.2279 1.0796 -1.3883 -2.7744 0.3188 -0.2648 -2.2248 
20.7964 13.9110 -5.0424 -1.5200 3.9199 -1.5358 -2.4097 1.5824 -0.4136 -2.3463 0.1859 -0.3134 -2.3250 
20.5182 14.1524 -4.3058 -1.5296 3.5560 -1.1128 -1.8263 1.2366 -1.0478 -2.2928 0.5827 -0.0564 -2.0162 
19.8590 13.2976 -4.7528 -1.4706 3.6531 -1.0841 -1.5361 1.5445 -1.0947 -2.3424 0.7652 -0.0023 -2.1077 
20.2526 13.8188 -4.5376 -1.8238 3.0167 -1.5081 -1.6357 1.6179 -1.0676 -2.6129 0.3601 0.0313 -1.6836 
18.6404 12.2757 -4.7499 -1.3652 3.4345 -1.2635 -1.3951 1.9791 -0.6833 -2.3737 0.4064 -0.2093 -2.2625 
17.7836 11.2892 -5.4564 -1.9432 3.2159 -1.1465 -1.4802 1.6164 -0.8650 -2.2914 0.5253 0.0205 -1.6230 
19.4347 12.9740 -4.6299 -1.2304 3.7230 -1.1945 -1.6539 1.5331 -1.2022 -2.7448 0.3735 0.0373 -1.7317 
19.4419 12.5861 -5.5867 -1.9889 3.6017 -1.3635 -2.3199 1.2028 -0.5271 -1.6949 1.0326 0.2463 -1.9056 
20.6425 13.4727 -5.4749 -1.4330 4.2108 -1.3192 -2.0698 1.8576 -0.3696 -2.2187 0.3980 0.0164 -1.3630 
21.3293 13.1684 -6.8281 -1.5512 4.6437 -1.9971 -2.8255 2.0228 -0.2840 -2.4028 0.8919 0.6935 -1.7528 
24.8887 13.7960 -10.5738 -1.9770 6.8541 -2.5660 -4.4130 2.4716 -0.3906 -4.2778 -0.1468 0.4542 -2.8640 
26.6173 14.0819 -11.5605 -0.3407 8.8704 -2.8841 -4.5546 3.2584 -0.7853 -4.6802 1.0493 1.4199 -2.8087 
27.2501 13.7267 -13.1051 -0.9091 9.2091 -2.6161 -3.8824 4.1988 -0.5892 -4.8988 0.9802 0.9316 -3.5746 
26.7241 12.8933 -13.5180 -0.5450 9.2678 -3.2572 -4.0226 4.8203 -0.0740 -4.3372 2.1042 2.0543 -2.9995 
27.5976 13.4961 -13.6290 -0.6385 9.0287 -3.5506 -3.7663 5.0481 -0.5653 -4.8503 1.8609 1.4835 -3.4654 
27.7464 12.9059 -14.8483 -0.9731 9.1335 -4.2473 -4.6537 4.8521 -0.7479 -5.6817 0.8599 0.7905 -4.0036 
28.0300 13.0692 -14.9673 -0.7454 10.1516 -2.9743 -3.9782 5.0383 -0.1275 -4.2787 2.3500 1.6919 -3.5358 
29.4194 14.0865 -16.1138 -3.1578 8.5560 -3.8226 -5.7717 2.7467 -1.2200 -4.6949 1.2722 0.5328 -3.8591 
30.1017 14.8959 -15.3837 -2.3271 9.1185 -3.6180 -5.3761 3.2343 -1.4363 -5.4776 0.9978 1.0954 -3.1529 
29.4156 15.1161 -14.4399 -2.7675 8.6003 -2.6533 -4.4653 3.3708 -0.9008 -4.8741 0.7892 0.7066 -3.4654 
28.4810 15.5334 -12.5264 -2.4544 8.0778 -1.8280 -3.6057 2.8713 -1.4467 -4.8319 0.5516 0.3948 -3.0345 
30.4665 19.7383 -7.7723 -0.8563 6.9829 -2.5279 -3.6541 2.4834 -1.7042 -4.8509 0.0145 -0.4302 -3.4113 
35.5945 24.6891 -7.3511 -2.6145 6.6763 -1.3725 -3.7869 0.5719 -3.2490 -5.3093 -0.5264 -1.2159 -3.6547 
37.9263 26.3391 -8.6707 -4.8841 5.8666 -0.9567 -3.9111 -0.3941 -3.7863 -4.8581 0.0511 -1.2153 -3.7174 
37.8971 26.3310 -8.8742 -5.3567 5.6814 -0.7795 -3.8953 -0.4255 -3.5563 -4.7566 -0.0603 -0.9472 -3.0872 
37.5704 26.7793 -7.7789 -5.3276 5.4090 0.1146 -2.9313 -0.5073 -3.5083 -3.8991 0.6019 -0.6437 -2.4032 
38.4400 26.9979 -9.0281 -6.7539 4.3597 -0.8906 -3.9316 -1.5702 -4.7932 -5.0667 -0.3167 -1.7405 -3.4991 
38.8132 27.3237 -8.7875 -6.0829 5.2792 -0.2678 -3.3360 -0.4850 -3.7271 -4.7126 -0.1045 -0.8085 -2.2526 
38.4166 27.4816 -7.9086 -5.9604 4.5141 -0.4541 -2.4754 0.2695 -3.7551 -4.8602 0.0456 -0.9241 -2.7072 
36.5105 25.9368 -7.9401 -6.0043 4.2570 -0.3137 -2.3944 0.0140 -3.8343 -5.0605 -0.8493 -1.8937 -3.2893 
33.0681 23.8505 -6.2960 -4.6614 3.9304 -0.5202 -1.7484 1.1158 -2.8869 -4.9458 -0.8490 -0.8193 -2.1336 
31.3145 22.5871 -5.7928 -3.9448 4.2506 -0.1819 -1.6466 0.8458 -2.8130 -4.4194 -0.4631 -0.4312 -1.5505 
29.9984 22.0212 -5.0954 -4.1531 3.4771 -0.1227 -1.5682 0.0619 -3.5703 -4.6000 -0.5945 -0.7855 -2.0366 
27.9345 20.6198 -4.5097 -3.7713 3.0330 -0.5640 -1.9879 -0.3053 -3.4636 -4.5634 -1.1942 -1.2565 -1.8805 
26.7760 19.4427 -5.0234 -4.0880 2.9034 -0.2905 -1.4427 0.2282 -3.2701 -4.7441 -1.1125 -0.5664 -1.2528 
25.5997 18.8552 -4.0206 -2.9459 3.2955 -0.4122 -1.6242 0.4971 -2.5498 -4.4246 -1.4998 -0.9549 -1.4714 
24.4523 17.7537 -4.2485 -3.0437 2.8054 -0.7319 -1.5007 0.2730 -3.2838 -4.7214 -1.1521 -0.6533 -1.3250 
23.8358 17.0457 -4.3174 -2.2676 3.5781 -0.9860 -2.2455 0.3732 -2.5131 -4.4124 -1.1202 -0.0595 -0.5884 
23.3267 16.3486 -4.6944 -2.4040 2.9334 -1.9169 -2.5516 0.2717 -3.0808 -4.6601 -0.7002 -0.0865 -1.2472 
31.6965 20.0032 -9.7952 -3.9441 3.5470 -4.8458 -3.3023 3.8384 -1.8640 -5.9078 -0.4182 -0.3428 -3.2383 
32.1502 18.9811 -12.5557 -4.4445 6.4657 -2.7986 -4.5840 2.5143 -0.9174 -4.9672 -0.7450 -0.1669 -2.1467 
31.4420 17.1066 -14.6624 -4.5826 7.4209 -2.7916 -4.9270 2.9317 -0.2909 -4.5064 -0.2790 -0.1961 -2.7330 
31.7119 17.2515 -14.5357 -3.7817 8.6847 -1.7336 -4.1215 3.5196 -0.1946 -4.5755 0.2382 0.6508 -2.5478 
31.3942 16.4130 -15.2987 -3.6499 8.6918 -2.4301 -4.2662 4.2825 0.5440 -4.0441 0.5480 0.3054 -3.0965 
31.0110 15.8432 -15.3764 -2.8813 9.3304 -2.5224 -4.4024 4.3471 0.4360 -4.0918 0.8056 0.5205 -3.0479 
29.7761 14.8186 -15.3069 -2.7744 8.7131 -3.5414 -5.2276 3.9039 0.2214 -4.2523 0.6908 0.4615 -3.1933 
28.5228 14.0044 -14.8082 -2.3462 8.6978 -3.1857 -4.6287 3.9026 -0.0875 -3.9046 1.5503 0.9307 -3.1106 
28.3165 13.7603 -14.7907 -1.6885 9.8806 -2.4225 -4.6904 3.7543 -0.1715 -4.5933 0.6727 0.7719 -3.1384 
29.0063 14.3028 -15.0018 -2.1937 9.5843 -2.4367 -4.7128 3.5344 -0.2394 -4.1504 1.2582 1.0662 -2.8247 
27.9703 13.5448 -14.7385 -1.9832 9.0355 -3.4403 -5.5712 3.2177 -0.0162 -3.6555 1.9333 1.8005 -2.5698 
28.0814 13.7249 -14.2395 -0.9416 10.1803 -2.6861 -5.2426 3.1145 -0.5608 -4.4198 1.0944 1.0448 -2.8129 
28.0235 13.6480 -14.4842 -1.4994 9.6630 -2.7682 -5.0606 3.1998 -0.6499 -4.6292 0.8955 1.0353 -2.8035 
27.4873 13.3698 -14.4238 -1.9264 9.2294 -2.5041 -4.5526 3.7420 0.4693 -3.1375 1.9491 1.5844 -2.3434 
27.3753 13.6962 -13.6577 -1.6788 8.8969 -2.8267 -4.8370 3.2129 -0.4271 -4.4013 0.6945 0.8115 -2.8720 
26.9155 13.7170 -13.2239 -2.0197 8.4778 -2.5136 -4.6247 3.1199 -0.0786 -4.0745 0.3187 0.4940 -2.5767 
26.4656 13.7209 -12.7142 -2.1584 8.0035 -2.4981 -4.3468 3.3439 0.0546 -4.1863 0.3772 1.2098 -1.9095 
24.6883 13.3711 -10.9728 -1.8475 7.4875 -1.9045 -4.0384 2.7328 0.1361 -3.7344 -0.0809 0.6916 -1.6600 
22.6153 12.9508 -8.9360 -1.6634 6.1067 -2.3279 -4.2888 2.0800 0.3992 -3.1277 -0.2964 0.6481 -1.2683 
21.4569 12.6463 -7.7563 -1.2119 5.8163 -1.7370 -3.0622 2.7477 0.6670 -2.7352 -0.0390 0.6096 -1.3090 
20.6676 12.6265 -6.9942 -1.8192 4.5290 -1.9313 -3.0106 1.8702 -0.2452 -2.9080 -0.0148 0.4684 -1.4877 
19.5001 11.7334 -6.9493 -2.0460 3.9025 -2.0314 -2.7086 1.7369 -0.5670 -2.7379 0.2576 0.2429 -1.8589 
19.6830 12.4031 -5.9539 -1.5579 3.9902 -1.6816 -2.1977 1.9717 -0.5475 -2.6950 0.3387 0.3304 -1.6892 
19.9625 12.7842 -5.6403 -1.2589 4.4488 -1.1588 -1.9672 1.8517 -0.7173 -2.7247 0.4054 0.3816 -1.7441 
20.0724 13.1194 -5.1235 -1.0206 4.0121 -2.2251 -3.0087 1.6395 -0.2134 -2.4276 0.2042 0.2496 -1.5847 
19.3705 12.5138 -5.2519 -1.1115 4.2124 -1.3461 -2.0084 2.0879 -0.0782 -2.2016 0.2702 -0.0503 -1.7162 
19.0951 12.2928 -5.3526 -1.4499 3.6866 -1.6887 -1.9459 2.5193 0.3893 -2.0196 0.3771 0.2694 -1.5088 
18.8254 12.7021 -4.2329 -1.2382 3.0594 -1.7787 -1.7113 1.9951 -0.4664 -2.3117 0.3544 0.2376 -1.2366 
18.7858 12.5573 -4.4758 -1.3970 3.0394 -1.7539 -1.6336 2.0968 -0.5740 -2.6674 -0.0373 -0.2866 -2.0133 
19.4312 12.8755 -4.9025 -1.4956 3.5978 -1.4514 -2.0485 1.6699 -0.3987 -2.0950 0.6272 0.4173 -1.4851 
19.0900 12.5572 -4.9421 -1.5026 3.4525 -1.4890 -1.8256 1.8155 -0.5901 -2.4933 0.1088 -0.1176 -1.6547 
18.2308 11.4885 -5.5220 -1.5376 3.5601 -1.3928 -1.5781 1.9759 -0.7453 -2.4663 0.6600 0.4451 -1.4495 
19.1366 12.2091 -5.5025 -1.2720 4.2721 -0.9832 -1.6062 2.0880 -0.4434 -2.3709 0.4742 -0.1195 -2.5800 
18.5189 11.3697 -6.1924 -1.7163 3.9080 -1.6159 -2.4925 1.4420 -0.6727 -2.6627 -0.0085 -0.0520 -1.5856 
17.8889 10.9608 -5.9760 -1.5870 3.9017 -1.1842 -1.8109 1.6267 -0.9158 -2.6172 0.4318 0.2765 -1.5760 
18.1079 11.4479 -5.2850 -1.1431 3.7745 -1.7515 -2.6619 0.6308 -1.4991 -2.4442 0.5943 -0.3369 -2.2918 
17.5684 10.4891 -6.5597 -2.2624 3.3596 -1.5470 -2.0942 1.5621 -0.6203 -2.1095 0.9939 0.8187 -1.1268 
18.5223 10.8400 -7.0718 -1.7269 4.7350 -0.7920 -1.8870 1.7546 -0.7230 -2.5272 0.5098 0.0049 -2.2457 
23.2038 12.8164 -10.0542 -2.0850 6.6021 -1.5425 -3.3801 2.3590 -0.3541 -3.4981 0.3728 0.7739 -2.2695 
24.1015 14.1516 -9.4629 -2.9944 5.3581 -2.2723 -4.3711 1.1334 -0.8334 -3.3966 0.3905 0.8718 -1.8527 
30.6708 23.5078 -2.5688 -1.8546 2.9398 -3.9348 -4.9542 0.5644 -0.7412 -2.8829 0.0890 0.3026 -1.9218 
36.1139 26.9089 -5.2407 -4.2277 3.8666 -2.8183 -5.8394 -1.1376 -1.4024 -1.9786 0.9726 -0.5452 -3.1670 
37.1608 27.1674 -6.8459 -6.1778 2.5478 -3.5925 -6.3018 -1.7013 -2.2536 -2.5791 0.9399 -0.4635 -3.3734 
37.0211 27.2375 -6.1507 -5.2188 2.9440 -3.7388 -6.1945 -1.1477 -1.6497 -2.0674 1.3582 -0.1236 -2.9358 
37.5717 27.7320 -5.8779 -4.6257 3.6515 -3.5222 -6.3502 -1.1043 -1.2807 -1.7680 1.2405 -0.3997 -2.7573 
37.3733 27.8943 -5.7793 -5.4687 3.1804 -2.8652 -6.2763 -2.0674 -1.5307 -1.2400 0.9462 -1.3523 -3.0563 
37.0452 27.7930 -5.3807 -5.0805 3.4915 -2.0966 -4.9620 -1.1116 -1.8119 -2.1112 1.1187 -0.0088 -2.2368 
37.7313 27.7999 -6.6914 -6.2231 3.1704 -2.3133 -5.4635 -1.4719 -1.6644 -1.7262 1.1058 -0.5048 -2.5542 
38.6536 28.3170 -7.3422 -6.7991 3.4199 -1.8953 -5.3534 -1.2393 -1.1930 -1.4842 1.0012 -0.7087 -2.6317 
39.9079 28.7327 -8.2106 -6.6696 4.1780 -1.8689 -5.3317 -0.7663 -1.1038 -1.5233 1.5288 -0.2652 -2.7952 
41.4026 29.2654 -9.3454 -6.9959 4.4599 -2.2702 -5.6426 -0.5030 -1.0802 -1.6322 1.7093 -0.2632 -2.9231 
41.3066 29.0461 -9.3261 -6.5594 4.4829 -2.8016 -5.6305 0.1265 -0.8848 -1.8277 1.8528 -0.1235 -3.3277 
40.4953 29.1454 -8.5079 -7.2149 3.7953 -2.0406 -5.2488 -0.4027 -0.6825 -1.2468 1.7123 -0.1689 -2.8608 
40.3334 29.0397 -8.5018 -7.3455 3.5600 -2.1345 -5.2182 -0.3840 -0.6120 -1.1928 1.4491 -0.6614 -3.1005 
40.2180 29.2315 -8.0150 -7.1375 3.6502 -1.9538 -5.2358 -0.5133 -0.5890 -1.2241 1.3788 -0.4908 -2.9937 
40.1039 29.0100 -8.5044 -7.6537 3.8034 -1.4047 -5.2303 -0.9766 -0.9563 -1.5704 0.9424 -0.9310 -3.4916 
39.0782 28.6898 -7.5486 -7.5379 2.8147 -1.6309 -4.5084 -0.9256 -1.6836 -1.9271 0.8795 -1.1867 -3.4282 
39.1007 28.6815 -7.7527 -7.7796 3.0064 -1.1998 -4.3273 -0.7434 -1.3807 -2.0318 0.5782 -0.9706 -3.0933 
39.1498 28.2673 -8.3533 -7.6719 3.1546 -1.5257 -4.3532 -0.5457 -1.7184 -2.4817 0.4440 -1.2912 -3.4012 
38.9181 28.0387 -8.6433 -8.2090 2.7643 -1.6156 -4.5333 -0.8719 -1.9912 -2.7927 0.0679 -1.6070 -3.7015 
39.7162 29.0227 -8.0062 -7.8771 3.1501 -0.7987 -3.4446 -0.0516 -1.5598 -2.4104 0.5684 -1.0407 -3.0752 
40.0903 28.9143 -8.8652 -8.3408 3.3317 -0.8011 -3.8469 -0.4531 -2.0208 -2.9849 0.3558 -0.8708 -3.0791 
39.0558 28.1642 -8.7875 -8.4274 3.1485 -0.7167 -4.0797 -1.2124 -2.7034 -3.5413 -0.2985 -1.1898 -2.9376 
38.1660 27.4736 -8.2086 -7.1057 4.0873 -0.2164 -3.5007 -0.8728 -2.7423 -3.1505 0.6501 -0.5075 -2.6872 
37.4114 26.8601 -8.2895 -7.3356 3.7202 -0.2617 -3.3504 -0.8871 -2.9530 -3.5269 0.1223 -1.0177 -3.0273 
37.2912 27.2153 -7.3713 -6.6223 4.3802 0.6558 -2.8794 -1.2258 -3.2799 -3.3536 0.3225 -0.9694 -2.6348 
37.7213 27.8923 -6.9170 -6.8809 3.7684 0.5409 -2.4071 -0.8249 -3.3684 -3.7943 -0.1592 -1.1983 -2.4153 
37.2030 27.6344 -6.7918 -7.2594 3.0259 -0.0594 -3.0600 -1.4565 -3.5107 -3.7321 -0.4128 -1.5775 -2.7319 
36.5435 26.5235 -7.1115 -6.0933 3.6170 -0.8953 -3.2419 -0.6199 -3.4000 -4.2446 -0.3509 -1.1623 -2.6480 
33.1909 24.2796 -6.1072 -5.3697 3.3152 -0.6561 -2.6837 -0.3371 -2.9925 -4.0236 -0.7825 -1.6831 -3.0500 
32.6572 23.0335 -7.0619 -4.5697 4.3355 -1.1956 -3.1276 0.8637 -1.7564 -3.7518 0.0354 -0.1018 -2.5423 
33.0675 22.2701 -8.2705 -3.4578 5.6062 -2.3649 -4.2247 1.6335 -1.5937 -5.1393 -0.7910 0.1277 -2.4179 
32.8098 20.6568 -10.3326 -3.5488 5.9777 -2.7782 -3.8762 2.0664 -2.6309 -5.8802 -0.4170 -0.4622 -3.6873 
30.9813 19.4962 -9.5899 -2.9412 5.7916 -3.1138 -4.4550 1.5586 -1.9317 -4.3780 0.2973 -0.5624 -3.6382 
29.8954 19.0716 -8.8057 -2.6232 5.7280 -2.7343 -3.9496 2.0409 -1.3263 -4.0507 0.5840 0.3239 -2.8812 
28.9406 18.2615 -9.0513 -2.9786 5.5264 -2.5735 -3.8764 2.0464 -1.3476 -4.5156 0.0699 0.4180 -2.7448 
27.3997 18.0332 -7.4267 -2.9371 4.3163 -2.8197 -3.8161 1.7093 -0.9773 -3.8215 -0.2234 -0.0140 -2.2186 
26.1515 17.4049 -7.0107 -3.3279 3.8188 -1.9706 -2.8214 1.5575 -1.2412 -3.3103 0.4096 0.2053 -2.3879 
24.0188 15.7453 -6.8944 -3.2738 3.5718 -1.6059 -2.1857 1.8915 -0.9995 -3.3431 -0.2180 -0.3541 -2.2893 
23.1362 16.0026 -5.1315 -2.7275 2.8426 -1.8884 -2.3000 1.1324 -1.7183 -3.5403 -0.3593 -0.5505 -2.3224 
23.0650 15.2949 -5.8459 -2.0427 3.5958 -2.6003 -3.0967 1.5556 -0.9858 -3.0186 0.6951 1.0209 -1.1597 
21.0913 14.3469 -4.8789 -2.0232 3.2156 -1.6319 -2.2695 1.0824 -1.0173 -1.9576 1.2592 0.6063 -1.6297 
20.5971 14.1284 -4.4045 -1.5168 3.4363 -1.3876 -1.7574 1.5401 -1.2771 -2.9800 0.2838 0.0997 -1.9853 
20.3603 13.8912 -4.5236 -1.7120 3.1151 -1.6844 -1.9842 1.4782 -0.9536 -2.6498 -0.0987 -0.5061 -1.6248 
19.9622 13.1244 -5.5995 -2.7276 2.5307 -1.8125 -1.7668 1.9441 -0.4348 -2.1623 0.5133 0.0116 -1.9146 
20.4192 13.6340 -4.8600 -1.4220 3.4870 -1.7533 -1.8957 1.8186 -1.0118 -2.8492 0.2489 -0.0031 -1.7585 
19.3158 12.7289 -4.7871 -1.1337 3.6578 -1.5725 -1.7386 2.0379 -0.6200 -2.5534 0.2968 -0.0126 -1.8537 
19.8723 12.9704 -5.2875 -1.4144 4.0433 -1.2898 -2.1878 1.2976 -0.9746 -2.4148 0.7128 0.4185 -1.6400 
19.7941 13.3742 -4.3428 -1.0882 3.3826 -1.8622 -1.8559 1.9869 -0.7783 -2.7545 0.1984 -0.0650 -1.8466 
18.1990 11.9460 -4.5460 -1.0769 3.2870 -1.7053 -1.8533 1.3925 -1.1778 -2.2176 1.0078 0.2576 -1.7051 
18.8420 12.3867 -4.8183 -1.3303 3.4086 -1.8323 -2.4119 1.1739 -1.0614 -2.7658 -0.1289 -0.4084 -1.9422 
20.5251 13.2948 -5.7501 -1.7290 4.2290 -1.0733 -2.2724 0.9261 -1.4234 -2.7347 0.2723 -0.4399 -2.4721 
18.5110 12.0369 -5.2001 -1.9365 3.1512 -1.2956 -1.6625 1.5113 -0.9510 -2.4891 0.4458 0.4520 -1.0386 
19.6303 12.3801 -5.9476 -1.4361 4.7004 -0.3443 -1.2444 1.7726 -1.1711 -2.7078 0.7077 0.3424 -1.9287 
19.2927 12.0900 -6.1995 -1.8053 4.7418 -0.1493 -1.7743 1.1517 -0.7424 -1.8699 0.9072 0.2006 -2.0283 
18.7238 11.9705 -5.3730 -1.2476 4.3395 -0.6892 -1.5634 1.6915 -0.8379 -2.6059 0.3527 0.1345 -2.0502 
17.8302 11.2703 -5.5615 -1.9106 3.3692 -1.2922 -1.9616 1.3773 -0.7730 -2.4546 0.0953 -0.2018 -1.9154 
18.7593 11.8278 -5.5362 -1.0649 4.4197 -1.0002 -1.6667 1.9985 -0.7500 -3.0231 -0.2169 -0.1784 -1.8553 
19.1472 11.5034 -6.4439 -0.9657 4.7798 -1.5243 -2.1539 2.0950 -0.7718 -2.9825 0.2167 -0.1606 -2.2771 
21.9590 12.1168 -9.4080 -1.7246 6.6228 -0.6042 -2.3827 1.7040 -1.4604 -3.1294 1.0490 0.3414 -2.3841 
23.8571 13.7504 -9.1759 -1.7355 6.1792 -1.8299 -3.1220 1.9603 -1.4786 -3.6165 1.1953 0.8386 -2.5376 
23.1431 14.9293 -6.7187 -2.4405 4.0245 -1.9507 -2.7997 1.4600 -1.0345 -2.6747 0.7950 -0.0724 -2.8132 
22.3662 15.1794 -4.8959 -1.1320 4.5335 -1.4482 -2.6872 1.1271 -0.9894 -2.3412 0.9579 0.3269 -2.1613 
27.8112 22.3076 0.1333 0.8266 4.4602 -2.2113 -4.3268 -1.2755 -2.5420 -2.4963 0.8158 -0.1593 -1.8375 
30.3266 23.7242 -1.5118 -0.6559 4.7353 -2.0112 -5.7299 -3.4607 -3.9301 -2.6753 0.9139 -0.4975 -2.0592 
32.9969 24.7568 -4.0130 -2.5140 4.6937 -2.1735 -6.1291 -3.3529 -3.9503 -3.0683 0.8453 -0.2931 -2.0989 
31.2439 24.4552 -1.7249 -1.0891 4.7663 -1.5989 -5.3677 -3.3230 -3.8398 -2.4260 1.2673 -0.2306 -1.9072 
32.2515 25.0456 -1.9991 -0.9557 4.9836 -2.1163 -5.7896 -2.9160 -3.4786 -2.8030 0.6714 -0.5134 -1.8859 
31.9491 24.8646 -2.2189 -1.4473 5.4115 -0.6158 -5.2812 -4.1514 -4.6682 -2.9846 0.6246 -0.7692 -1.8332 
33.7520 25.4675 -3.5013 -1.5344 5.7002 -1.7415 -5.7929 -2.7625 -3.5908 -3.1226 0.7269 -0.3291 -1.9807 
33.1931 24.7286 -4.0331 -1.7954 5.5470 -1.8836 -5.8744 -2.8730 -3.8679 -3.4907 0.4038 -0.5515 -2.0691 
31.6478 23.9932 -3.4617 -2.2306 4.8685 -1.4813 -5.8035 -3.7428 -4.3044 -3.5298 -0.1460 -1.1393 -2.3103 
33.0279 24.7944 -3.6221 -1.5292 5.5995 -1.7502 -5.5922 -2.5286 -3.5605 -3.3906 0.2878 -0.6667 -2.0769 
31.6075 24.9165 -1.4284 -0.7005 5.6860 -0.6310 -5.1879 -3.5376 -3.6898 -2.3239 0.8256 -0.6214 -1.6250 
32.8786 24.7286 -3.2665 -0.9592 5.7678 -1.8138 -5.2011 -1.9827 -3.5728 -3.6563 0.3156 -0.6125 -2.2812 
33.2200 24.7021 -3.6851 -0.8885 5.9280 -2.1847 -5.4133 -1.5379 -3.1817 -3.7891 0.0161 -0.8106 -2.3821 
29.8381 23.5317 -1.0052 0.0025 5.3851 -1.4426 -5.4390 -3.1999 -3.6543 -3.0734 -0.2415 -1.3978 -2.0130 
29.6184 23.3425 -0.9245 0.2001 5.3531 -1.7512 -5.7375 -3.3736 -3.7767 -3.0600 -0.0566 -1.2701 -2.0371 
30.8757 24.1063 -1.4782 -0.3116 5.1235 -2.0335 -5.4928 -2.4567 -3.0703 -2.8355 0.1430 -1.1084 -2.1026 
31.9374 24.8834 -1.7242 -0.5994 5.2056 -1.9310 -5.5406 -2.5349 -2.9530 -2.4556 0.4277 -1.0562 -1.8559 
34.0979 25.2598 -4.1434 -1.6714 4.9310 -3.4653 -6.3132 -1.5917 -2.7356 -3.2056 0.5789 -0.5116 -2.3775 
32.9157 25.6223 -2.2013 -1.8202 3.9116 -2.6840 -5.1713 -1.2591 -1.9421 -2.3604 0.2840 -0.7907 -1.6080 
33.9209 25.9383 -2.9658 -2.1765 3.3257 -3.8784 -5.4260 -0.6552 -1.9256 -2.3970 0.6756 -1.3986 -3.0060 
32.9199 25.9040 -1.7725 -2.1534 2.6984 -3.5522 -4.8674 -0.4165 -1.2079 -1.6344 0.5130 -1.8013 -2.8283 
34.4199 26.5668 -2.9528 -3.0869 2.4462 -3.8056 -4.7929 -0.0391 -1.2663 -1.9344 0.2865 -2.5119 -3.8242 
33.3089 26.2823 -2.0909 -3.4171 1.3336 -4.0210 -4.8017 -0.6229 -1.3581 -1.4228 0.1152 -3.2415 -4.0719 
33.4707 26.1541 -2.4905 -3.3522 1.7351 -3.8260 -4.5190 0.0476 -0.9638 -1.7033 -0.1639 -3.1474 -4.1012 
32.6643 25.7968 -1.9536 -3.2241 1.2235 -4.2859 -4.7827 -0.1450 -1.0316 -1.7168 -0.2669 -3.4511 -4.5643 
32.5276 24.6929 -3.6098 -3.4399 1.9925 -4.1426 -4.9294 0.0680 -1.2155 -2.5592 -0.6246 -2.7356 -3.8301 
33.7582 25.8047 -3.3109 -3.0981 2.5394 -3.6653 -4.3951 0.6013 -0.9015 -2.2452 -0.3675 -2.9339 -3.9026 
30.9953 23.8537 -2.4683 -2.2286 2.1924 -4.0838 -4.4712 0.2947 -1.4045 -2.5292 -0.3511 -2.8195 -4.0807 
32.5179 24.6848 -3.4275 -3.0487 2.1901 -4.0161 -4.2719 0.9115 -1.0737 -2.8830 -0.7088 -2.8382 -4.2458 
30.0050 23.4424 -1.7557 -1.9676 1.9132 -3.9682 -4.0951 0.4640 -1.2459 -2.2111 -0.0301 -2.7043 -4.2837 
29.4904 22.8321 -2.0876 -2.0976 1.8108 -3.9781 -3.9022 0.7265 -1.0360 -2.0747 -0.0326 -2.7192 -4.1139 
28.9603 22.5608 -1.7682 -1.9867 1.5122 -4.0918 -3.4695 1.4566 -0.5984 -2.3008 -0.4484 -2.6596 -4.0324 
27.7321 21.4719 -1.8778 -1.7164 1.9990 -3.5030 -3.1523 1.7204 -0.1572 -2.2938 -1.0278 -2.9951 -3.9776 
26.9147 20.6619 -2.2127 -1.9144 1.9287 -3.5069 -3.4251 1.0747 -1.1574 -3.3898 -1.2783 -2.0717 -3.2503 
25.7148 19.7638 -1.7405 -1.0451 2.3909 -3.0164 -2.4421 2.0582 -0.7075 -3.3749 -1.4921 -2.2922 -3.0829 
25.3055 19.4814 -1.5490 -0.6788 2.6683 -2.9578 -2.4274 2.3954 -0.3050 -3.4405 -1.5369 -1.5987 -2.3559 
23.3700 17.6750 -2.0827 -1.1077 2.2262 -2.8716 -2.3761 1.8079 -0.7998 -3.1181 -0.9875 -1.6826 -2.9064 
22.7300 16.9556 -2.6678 -1.7992 1.7387 -2.9450 -2.4639 1.4742 -1.0604 -3.1129 -0.8645 -1.6588 -3.1401 
22.0049 16.1639 -2.7000 -1.0525 2.4615 -2.7290 -2.5165 1.2054 -1.5446 -3.2522 -0.2672 -0.7081 -2.3627 
21.3262 15.2406 -3.4774 -1.6552 1.8817 -3.3215 -2.8664 1.3240 -1.0589 -2.7354 0.0671 -0.3646 -1.7302 
20.8221 14.9674 -3.0787 -1.0464 2.5171 -2.6572 -2.4485 1.3046 -1.3623 -3.0854 -0.2197 -0.7693 -2.4849 
19.6007 13.7079 -3.5578 -0.9431 3.0424 -2.4060 -2.8635 1.2263 -0.6182 -2.5952 -0.3041 -0.6435 -2.2930 
19.4322 13.1634 -4.0768 -0.8101 3.2462 -2.4265 -2.7668 0.9889 -1.2144 -2.4609 0.3963 -0.4801 -2.3499 
19.9440 13.6391 -4.1959 -1.2857 3.0763 -2.0963 -2.1774 1.6740 -0.9092 -3.0139 -0.3149 -0.3964 -2.0564 
19.1221 12.8614 -4.3169 -1.1150 3.3280 -1.6869 -1.7986 1.7751 -0.7626 -2.4095 0.4306 0.0245 -1.7080 
19.7487 13.4811 -4.0946 -0.8001 4.0496 -0.9880 -1.5511 1.7924 -0.7249 -2.4045 0.5839 0.5367 -1.1650 
19.6779 13.0830 -4.6260 -0.8841 3.9523 -1.6634 -2.1654 1.8654 -0.4343 -2.4082 0.4232 0.3487 -1.4799 
19.3310 12.7867 -4.7442 -1.1044 3.8752 -1.2555 -1.6928 1.7548 -0.9849 -2.7198 0.5823 0.5985 -1.4444 
18.4322 11.8060 -5.2608 -1.4447 3.4333 -1.9951 -2.5243 1.4576 -0.8203 -2.9675 -0.1581 0.2070 -1.2977 
18.5542 11.8474 -5.3558 -1.4388 3.6859 -1.4675 -1.9564 1.7383 -0.6022 -2.4394 0.3380 0.2946 -1.3001 
19.0671 12.6070 -4.8125 -1.2494 4.0979 -0.6891 -1.5736 1.5810 -0.5061 -1.8187 1.0077 0.7144 -1.1681 
18.9149 12.6057 -4.4638 -0.8915 4.0545 -1.0849 -1.7960 1.7204 -0.6106 -2.5358 0.2593 0.3905 -1.3116 
18.1136 11.8681 -4.5272 -0.7711 4.1390 -0.5142 -0.7674 2.3108 -0.5759 -2.4324 0.1820 -0.2504 -1.7491 
18.0285 11.8412 -4.5278 -0.7863 4.2918 -0.5770 -1.4959 1.5113 -0.7752 -2.1760 0.7922 0.5056 -1.7021 
25.0446 14.1666 -9.9756 -1.4150 7.4586 -1.5036 -3.6607 1.6262 -1.7887 -3.9721 1.6236 1.8022 -2.4488 
28.7429 16.2758 -11.9188 -3.3272 6.4669 -2.2929 -3.5472 1.5048 -3.4425 -5.0589 2.2500 2.3590 -2.1093 
27.4972 16.0476 -11.1787 -4.0923 5.9142 -1.2512 -2.9225 1.9104 -1.7310 -4.0834 1.1459 1.6828 -1.5601 
26.6245 15.6803 -11.4015 -5.7769 4.7719 -0.2932 -2.0483 1.6275 -1.8109 -4.1992 0.1936 1.2342 -0.5922 
25.3373 15.9285 -9.3041 -5.6046 3.6236 0.0791 -0.9123 2.0436 -1.2350 -3.3009 0.0652 0.1501 -1.2422 
24.1924 16.2430 -6.3717 -3.1070 4.1325 -0.4390 -1.7376 1.0753 -1.9901 -3.8560 -0.5952 -0.6385 -2.2131 
26.7502 20.4259 -2.2089 -0.9864 4.1266 -1.0484 -2.2581 0.7685 -1.8466 -3.7756 -1.3054 -1.6328 -2.5589 
28.5068 21.9268 -2.4437 -2.2293 2.4879 -2.6953 -3.4223 0.1578 -2.0927 -3.8192 -1.7121 -2.6622 -3.2491 
29.1457 23.0880 -1.5104 -2.3727 1.9547 -2.8753 -3.7140 -0.1577 -1.6886 -3.2169 -1.9704 -3.5383 -3.8917 
30.7949 23.5037 -3.1334 -2.7294 2.9875 -2.5786 -3.8893 0.2730 -1.2488 -3.2927 -2.2054 -3.8589 -4.1937 
32.1683 25.2765 -2.3099 -2.9984 3.0753 -1.6011 -3.1389 0.6839 -0.4544 -2.6718 -2.4029 -4.0334 -3.4570 
33.4435 25.8057 -3.3999 -3.8605 2.9625 -1.4968 -2.9580 0.3481 -1.6633 -3.5594 -2.2389 -3.7708 -3.4877 
35.4101 26.4064 -5.2804 -4.6020 3.8989 -0.8073 -2.6442 0.5772 -2.0435 -3.9020 -1.6545 -3.0399 -3.2365 
36.7703 26.7138 -6.9482 -5.4458 4.7186 -0.0069 -2.5645 0.3273 -2.7524 -4.6301 -1.0836 -1.4692 -2.6561 
37.4313 27.1957 -7.6746 -6.9255 4.2257 0.8124 -2.3961 -1.1015 -4.1942 -4.9222 -1.1159 -2.0513 -3.2538 
38.4033 27.0408 -8.9103 -6.4027 5.4047 0.5259 -2.8113 -0.5830 -4.0498 -5.3370 -1.0465 -1.7179 -3.3146 
38.3406 26.6615 -9.4075 -6.3362 5.8768 0.9749 -2.3699 -0.4414 -4.4818 -5.5669 -0.4904 -1.2647 -3.6658 
37.6783 26.7092 -8.4295 -5.9964 5.9460 1.6722 -1.7390 -0.4269 -4.6453 -5.5792 -0.1289 -0.6361 -3.4728 
37.1622 26.2655 -8.1996 -5.3633 6.1503 1.1528 -2.2135 -0.0931 -3.8856 -5.3240 -0.2795 -0.2779 -2.8339 
36.6546 25.8170 -8.2732 -5.5142 5.8679 1.2143 -2.1559 -0.9512 -5.0669 -5.4765 0.0943 -0.5775 -3.2790 
36.3924 25.6308 -8.1160 -5.0805 6.4112 1.5282 -2.2130 -1.1809 -5.4382 -5.8177 0.4343 0.2746 -3.0987 
36.7396 25.7867 -8.4698 -5.3354 6.7175 1.9946 -2.0674 -1.1298 -5.2195 -5.6823 0.3294 0.1171 -3.1574 
36.2145 25.4681 -8.2560 -5.3004 6.4343 1.9153 -1.9255 -1.0555 -4.9858 -5.3098 0.2149 -0.3003 -3.0709 
36.2169 25.4528 -8.3655 -5.4269 6.5032 2.0136 -2.1409 -1.4766 -5.3509 -5.5175 0.4199 0.3055 -2.7532 
35.2488 24.8633 -7.7642 -4.6629 6.8196 2.1813 -2.0081 -1.6463 -5.7407 -5.7053 0.5123 0.3581 -2.8617 
35.3013 24.6952 -8.1125 -4.7494 6.9344 2.3550 -1.6658 -1.2717 -5.4348 -5.2340 0.9738 0.3611 -3.0300 
35.3047 24.5782 -8.4975 -5.2274 6.7014 2.2644 -2.0409 -1.8279 -5.6987 -5.3322 0.6311 0.0402 -2.9315 
34.3015 23.8287 -8.2807 -4.8379 6.9054 2.3053 -2.1428 -1.7596 -5.4463 -5.4140 0.3154 0.0787 -2.6898 
34.0122 23.7388 -8.2110 -5.1011 6.8643 2.7649 -2.0450 -2.1264 -5.3613 -4.9652 0.3450 -0.0684 -2.5147 
32.7902 23.0321 -7.4801 -4.4199 6.7912 2.5117 -2.0879 -1.9865 -5.1738 -5.0698 -0.0464 -0.1158 -2.0431 
31.7571 22.4075 -6.8358 -3.6987 6.7904 2.2651 -1.8936 -1.4531 -4.9546 -5.3542 -0.3204 -0.1661 -2.2597 
30.7944 21.3464 -7.2459 -3.7820 6.3319 1.3556 -2.4951 -1.1177 -4.0165 -4.8850 -0.8985 -1.1216 -2.8872 
28.7302 20.2141 -6.1697 -2.9353 6.8426 2.5082 -1.6472 -1.3015 -4.4713 -5.0710 -0.4645 0.2056 -1.6102 
26.3534 18.5458 -5.7487 -3.0913 5.6303 1.8980 -1.3942 -0.8027 -3.6699 -4.3414 -0.5395 -0.2851 -1.9268 
24.2976 16.8295 -5.7009 -2.8951 5.2701 1.9191 -0.5650 0.1154 -3.1156 -3.7514 0.4325 0.6167 -1.7518 
23.7342 17.0913 -4.3419 -2.3086 4.9526 1.7507 -0.7449 -0.4814 -3.6564 -3.9922 0.2283 0.4743 -1.5919 
22.6028 15.9817 -4.3211 -1.6657 4.9738 1.1154 -0.8626 0.0577 -3.5046 -4.5064 -0.3219 0.2377 -1.4662 
21.9398 15.4710 -4.5072 -2.4359 3.7049 0.1276 -1.3598 0.0498 -2.9719 -4.0062 -0.4442 -0.1262 -1.6996 
20.7239 13.8337 -5.4191 -2.0472 4.6541 0.6284 -1.1706 0.3734 -2.6886 -3.9503 -0.5013 -0.2709 -1.8675 
20.3529 13.5756 -5.3308 -2.3390 3.4207 -0.7712 -1.4696 1.1039 -1.9889 -3.6239 -0.2687 -0.2997 -2.4050 
20.3782 13.7431 -5.0459 -2.0917 3.7939 -0.2451 -1.2347 0.8750 -2.1725 -3.3077 0.3490 0.1947 -1.9924 
19.9042 13.6241 -4.5162 -1.9060 3.4558 -0.2722 -0.6628 1.5912 -1.5780 -2.9464 0.3869 0.2798 -1.5773 
19.6699 13.4374 -4.3752 -1.5180 3.7085 -0.5130 -1.1055 1.6757 -1.0637 -3.0203 -0.5157 -0.5351 -1.9758 
18.9263 12.7552 -4.1869 -0.8163 3.9369 -0.9800 -1.6647 1.0952 -1.8692 -3.4707 -0.2490 -0.3177 -2.2247 
18.4498 11.8135 -5.5623 -2.1258 3.2616 -1.0870 -1.6202 1.1862 -1.6568 -3.2700 -0.1859 -0.2914 -2.1390 
19.4117 13.0455 -4.4325 -0.9279 4.2225 -0.7666 -1.6866 1.1928 -1.6431 -3.3402 0.0037 0.1810 -1.9239 
18.9699 12.8017 -4.4747 -1.3221 4.0670 -0.4799 -1.7071 1.2232 -0.7225 -2.3651 0.0217 -0.0442 -1.5545 
18.7968 12.7858 -4.0565 -0.8626 4.1329 -0.4355 -1.2725 1.4652 -1.1683 -2.8485 0.1453 0.3455 -1.4782 
18.7269 12.5911 -4.3549 -1.2226 3.5524 -1.2020 -1.8744 1.3064 -0.8388 -2.3817 0.1429 -0.0406 -1.4467 
17.3408 11.0070 -4.9987 -1.1006 3.7047 -1.0970 -1.3295 1.9428 -0.8942 -2.8810 -0.1927 -0.4177 -1.9157 
17.5974 11.3336 -5.0161 -1.5558 3.3819 -1.0906 -1.4368 1.6790 -1.0666 -3.0347 -0.3281 -0.5672 -2.6293 
17.5689 11.3552 -4.7301 -0.9371 4.0638 -0.5394 -1.0008 1.9144 -1.0166 -2.7911 0.4347 0.6700 -1.1739 
18.1844 12.2564 -4.0092 -0.7087 4.0119 -0.5145 -1.0643 1.6002 -1.1474 -2.5272 0.4430 0.0589 -1.6611 
17.4491 11.3094 -4.7589 -1.2960 3.5150 -0.8927 -1.1865 1.7389 -1.0544 -2.7230 0.1979 0.0077 -1.8505 
16.9888 11.2813 -3.9270 -0.3915 4.2221 -0.2821 -0.7836 2.0495 -0.6798 -2.5181 0.2045 0.1000 -1.6981 
16.9084 11.1666 -4.2063 -1.1566 3.1103 -1.0377 -1.0354 1.7586 -0.8369 -1.9288 0.9918 0.1903 -1.9276 
17.6951 11.8347 -4.0102 -0.5914 4.0434 -0.6580 -1.4560 1.1880 -1.2391 -2.4151 0.3680 -0.3191 -2.2107 
25.2588 16.0393 -9.0615 -5.0791 4.9693 0.7388 -2.6939 -0.2542 -1.4549 -2.1996 1.2185 1.3958 -0.8480 
33.9409 20.0674 -14.5972 -7.5828 5.9187 -1.6145 -5.5169 -0.1196 -2.0182 -4.3120 0.2709 0.7725 -2.1793 
31.7333 16.4560 -16.1945 -4.6994 8.9330 -1.3968 -4.7396 1.8901 -1.4368 -3.9982 1.7641 1.3051 -2.6134 
31.7304 16.3987 -16.6248 -5.5304 8.4501 -1.1951 -4.3889 2.1724 -1.1136 -4.0105 1.2822 0.9492 -2.6665 
32.2045 17.1205 -16.4146 -6.2902 7.8386 -0.7425 -3.7528 1.9932 -1.9801 -4.9982 0.8739 1.5260 -1.8178 
31.7395 17.3093 -15.3308 -5.6004 8.2193 -0.2154 -3.6518 1.7221 -1.8663 -4.8920 0.3012 0.8344 -2.1105 
29.9636 16.1555 -14.9458 -5.7743 7.4124 -0.6359 -4.1831 0.6825 -2.6988 -5.3482 -0.0495 0.7834 -2.0357 
29.4744 16.9968 -13.0156 -5.6355 6.8187 0.2692 -2.8942 1.3501 -1.6661 -4.2371 0.1180 0.7185 -1.6637 
27.0418 15.4935 -12.5367 -6.3086 5.2722 -0.3943 -3.4789 0.3513 -2.0296 -4.3097 -0.4946 0.2802 -1.6182 
26.2478 15.1225 -12.0075 -5.9887 5.4206 0.3090 -2.5915 0.8558 -1.6351 -4.1455 -1.1829 -0.7381 -1.8945 
28.2702 18.4805 -8.1705 -2.9091 7.0785 1.0022 -2.3551 0.7656 -1.7453 -3.7821 -0.4822 -0.5665 -2.6266 
30.9652 22.4617 -5.3139 -2.7458 6.4265 1.8330 -1.3736 0.0598 -3.1649 -4.6720 -1.2215 -1.1788 -2.2795 
35.1495 25.3284 -7.2704 -5.4586 5.9750 2.4380 -1.7841 -1.4624 -4.3816 -4.6567 -0.8640 -1.6834 -2.9166 
35.6025 25.4003 -7.7054 -5.6551 5.5783 1.7273 -1.9406 -1.3756 -4.9332 -5.2117 -0.8401 -1.8667 -3.4027 
34.3848 25.1591 -6.5002 -5.5306 4.9160 1.9465 -1.4234 -1.3361 -4.7444 -4.9263 -0.9886 -1.8939 -3.0080 
33.3612 24.6394 -5.6609 -4.4950 5.5318 2.2385 -1.3045 -0.9535 -3.9990 -4.4954 -1.0012 -1.7921 -2.9678 
34.7758 25.4907 -6.5157 -5.3569 5.7213 2.7726 -1.2524 -1.3153 -4.3860 -4.8064 -1.3896 -2.2444 -3.0895 
36.2480 25.9741 -7.5312 -5.5862 5.2527 1.0845 -1.9344 -0.4431 -4.0195 -4.9722 -0.9300 -1.8020 -3.2747 
34.1226 24.9104 -6.5842 -5.7525 4.2325 0.8596 -2.4701 -1.9107 -4.8740 -5.1246 -1.6988 -3.0301 -4.1470 
35.8364 26.4603 -6.2309 -5.3344 5.2945 2.2374 -1.0950 -0.9905 -4.5864 -4.7181 -0.6348 -1.8410 -3.2321 
36.2837 26.0037 -7.4272 -5.3047 5.5826 1.3493 -1.7967 -0.6160 -4.4185 -5.1455 -0.8085 -1.7349 -3.2147 
36.4835 26.3077 -7.3215 -5.6131 5.2076 1.2217 -1.8610 -0.6426 -4.1751 -4.8489 -0.8811 -2.0280 -3.2846 
36.5126 26.8774 -6.6959 -6.0874 4.6605 1.6437 -1.5861 -1.0257 -4.0737 -4.2019 -0.6856 -2.1647 -3.1877 
36.6384 26.9194 -6.7041 -5.9796 4.5633 1.3433 -1.5122 -0.5955 -3.8627 -4.1966 -0.6007 -2.2404 -3.5941 
36.4977 26.1455 -7.5001 -5.5375 4.9076 0.2092 -2.6468 -0.5099 -3.6717 -4.5760 -0.7874 -2.0950 -3.7912 
35.5233 26.1261 -6.0767 -4.9805 4.5582 0.4088 -2.0984 -0.1307 -2.9168 -3.5635 -0.2969 -1.9182 -3.4447 
34.1832 25.7725 -4.9554 -4.9537 3.8960 0.5553 -2.0297 -0.6326 -2.8398 -3.0788 -0.5002 -2.4759 -3.6403 
32.7917 24.8779 -4.1890 -3.9834 4.0255 0.1419 -2.4958 -0.9722 -2.8656 -2.7299 -0.1227 -2.5146 -4.0792 
31.9283 24.4510 -3.7819 -3.9717 3.7106 0.0054 -2.8544 -1.4922 -2.8451 -2.2719 0.2274 -2.4490 -4.4715 
31.3585 23.5563 -4.3325 -3.8034 3.6766 -0.8018 -3.5069 -1.4341 -2.7094 -2.4117 0.1289 -2.3366 -4.3361 
30.9356 23.8170 -3.1687 -3.2491 3.5281 -0.6613 -3.0236 -1.0016 -2.2873 -2.0008 0.5765 -1.5284 -3.3376 
29.5886 23.0470 -2.3898 -2.7092 3.0018 -1.3473 -3.1461 -0.7808 -2.2038 -2.2063 0.4170 -1.3388 -3.1157 
28.6185 22.3191 -2.1131 -2.3564 2.6972 -1.9853 -3.4086 -0.5955 -2.2618 -2.8757 -0.1489 -1.2177 -3.0236 
27.1821 21.2040 -1.5268 -1.0951 3.2615 -2.1782 -3.4353 -0.0993 -1.7383 -2.5759 0.1562 -0.9922 -3.1515 
25.7161 19.6080 -2.1512 -1.1071 3.1585 -2.6975 -4.1807 -0.8253 -2.5080 -3.5390 -0.8496 -1.6963 -3.4117 
25.5105 19.7925 -1.1617 0.0667 3.9583 -2.0661 -3.4171 -0.1914 -2.2080 -3.1634 -0.0806 -0.8210 -2.7823 
25.4426 19.6475 -1.6211 -0.6033 4.0620 -0.7319 -1.9253 0.4080 -2.2500 -3.2398 -0.0363 -0.6867 -2.7762 
24.2241 18.3459 -2.1047 -0.5303 4.1013 -1.3214 -2.9515 -0.1219 -2.1922 -3.4971 -0.7418 -1.0789 -2.5687 
23.0319 17.4758 -1.8958 -0.4829 3.7258 -1.2105 -2.2734 0.3954 -1.7853 -2.6464 0.2824 -0.6209 -2.7239 
22.4457 16.8204 -2.2705 -0.7404 3.5154 -1.2581 -1.9186 1.2729 -0.8680 -2.4315 -0.0711 -0.7340 -2.5101 
21.5514 15.8501 -2.6739 -0.8179 3.4620 -1.3309 -2.0571 0.9107 -1.3009 -2.4964 0.2440 -0.4704 -2.3581 
20.3113 14.0286 -4.3325 -1.7369 3.3535 -1.2553 -2.2692 0.6259 -1.3716 -2.5627 0.0830 -0.2865 -1.8078 
19.8545 13.3651 -4.5967 -1.2632 3.8421 -1.2360 -2.0130 1.3777 -0.9495 -2.6744 0.0803 -0.1616 -1.9462 
19.2446 12.9986 -4.6104 -1.8665 2.9431 -1.7381 -2.3556 1.0761 -0.8203 -2.2873 0.2322 -0.2605 -2.2353 
19.5082 13.5106 -4.0324 -1.5319 3.1560 -1.3794 -1.9692 1.3254 -0.6427 -2.1778 0.2812 -0.0310 -1.7218 
19.0055 13.2081 -3.6737 -1.0474 3.3555 -1.2831 -1.7437 1.5183 -0.7063 -2.3450 0.3481 0.2964 -1.4007 
19.1297 13.2402 -3.7876 -1.0731 3.4267 -1.1273 -1.3073 2.1433 -0.4051 -2.6152 -0.2671 -0.4187 -1.9781 
19.0045 13.4575 -3.2356 -0.8041 3.6091 -0.9542 -1.8557 0.9632 -1.1362 -2.6262 -0.1401 -0.2701 -1.6348 
17.8025 12.0835 -3.8374 -0.8876 3.4745 -0.9659 -1.4368 1.2416 -1.3430 -2.7662 -0.1134 -0.5210 -1.9854 
17.6142 11.8296 -4.2231 -1.5377 2.7669 -1.5150 -1.7133 1.4656 -0.6524 -2.0714 0.3130 -0.3962 -2.3166 
18.2605 12.0576 -4.4828 -0.9623 3.8274 -0.9083 -1.3249 1.7458 -0.8895 -2.5451 0.0770 -0.3372 -1.7418 
18.4588 12.4889 -3.9252 -0.6277 3.8069 -1.1536 -1.6058 1.5614 -1.0934 -2.9138 -0.1952 -0.2656 -1.6194 
18.7219 12.8582 -4.3088 -2.1165 2.8619 -0.6112 -0.8642 1.8600 -0.4718 -1.9670 0.5259 0.1982 -1.6333 
19.3365 13.3268 -4.4024 -2.4842 2.0387 -1.8174 -1.7949 1.3433 -0.8641 -2.0967 0.6553 0.1468 -1.7874 
18.5495 12.7140 -3.9812 -1.4824 2.6778 -1.8980 -2.1307 1.1537 -1.0417 -2.3670 0.5023 0.1651 -1.7907 
18.5357 12.8738 -3.2772 -0.3024 3.6020 -1.6832 -2.2833 0.9539 -1.3748 -2.7913 0.1830 -0.0667 -2.0217 
17.3039 11.4833 -4.2413 -1.1447 3.2876 -1.1973 -1.7410 1.0653 -1.2481 -2.5851 -0.0478 -0.4671 -1.8089 
17.5663 12.0076 -3.5231 -0.6918 3.0155 -1.8706 -1.9419 1.4927 -1.0118 -2.9064 -0.2142 -0.0646 -1.4354 
18.1364 12.3788 -3.6769 -0.5957 3.6404 -1.1748 -1.5327 1.6999 -0.7039 -2.3507 0.3651 0.3110 -1.1392 
18.4641 12.1748 -4.4662 -0.6400 4.2119 -1.1429 -1.9317 1.6528 -0.5613 -2.4481 0.1822 0.0858 -1.6149 
20.6796 15.0007 -2.2752 0.7435 4.6724 -1.0143 -1.5721 1.5813 -1.5749 -3.4353 -0.0388 0.0968 -1.6843 
24.0958 18.7833 -0.7847 0.6563 4.5189 -1.3358 -3.2174 -0.9197 -3.3065 -4.1790 -0.7193 -0.8575 -2.8366 
23.3509 17.8273 -1.0203 1.4964 5.5318 -0.7577 -2.4920 0.0213 -2.9326 -4.4302 -1.0237 -1.0079 -2.6302 
24.0893 19.1320 0.5880 2.5607 5.3053 -1.6655 -2.9284 0.0841 -2.9879 -4.5185 -0.7735 -0.5444 -2.1734 
25.3885 19.5150 -0.9660 1.3313 5.2358 -1.7546 -3.4965 -0.3367 -3.0166 -4.4772 -0.9247 -0.7975 -2.1992 
25.0066 19.6579 0.1516 2.6791 6.4719 -0.9940 -3.6415 -0.8165 -3.0999 -4.3651 -0.7384 -0.4010 -2.1147 
26.8137 20.3039 -1.8637 0.5606 5.2808 -1.8173 -4.0082 -0.7970 -3.1750 -4.4040 -0.8046 -0.9185 -2.5333 
26.1192 19.9579 -1.1831 1.6609 6.3225 -1.2295 -4.0826 -0.8644 -2.6017 -3.7062 -0.5469 -0.7662 -2.2275 
28.7855 22.0208 -1.6352 0.5598 5.1100 -2.7920 -5.1760 -1.2620 -2.9947 -3.8764 -0.0358 -0.0881 -1.7786 
31.6500 23.1794 -4.1190 -1.0052 5.6093 -2.6785 -5.6381 -0.9497 -2.2656 -3.5053 0.1365 -0.1531 -2.3454 
31.9261 23.6850 -4.2925 -1.8737 6.3300 -0.8482 -6.2588 -3.4234 -2.6030 -1.8933 0.7181 -0.3336 -1.4845 
32.1412 23.5774 -4.7920 -2.1842 6.0457 -1.2639 -6.5496 -3.7170 -2.7929 -1.4660 1.0706 -1.1537 -2.6810 
30.6491 23.0020 -3.5959 -1.8146 4.9881 -2.4605 -7.4153 -4.0515 -2.2511 -0.6810 1.3472 -1.1202 -2.5885 
34.2584 25.4332 -4.8673 -2.9821 5.3720 -2.0571 -7.1442 -3.1306 -1.1744 -0.0840 1.6134 -1.1237 -2.9258 
32.5934 23.7981 -5.6216 -3.8275 4.5453 -2.3315 -7.5339 -4.1793 -2.0116 -0.0775 1.6871 -1.6737 -3.6015 
33.3778 24.4713 -5.7346 -4.3366 4.1497 -2.1688 -6.5561 -2.9574 -1.6700 -0.8691 0.5248 -2.7528 -4.6034 
32.1201 23.8221 -4.9821 -3.8326 4.2635 -1.4789 -5.5186 -2.1820 -0.9608 -0.0456 1.4372 -1.6337 -3.7030 
33.9230 25.1113 -5.5393 -4.8965 3.1906 -2.3343 -5.5669 -2.0134 -1.4528 -0.7015 0.9053 -2.5065 -4.2486 
32.7207 23.5423 -6.5473 -4.9357 4.0027 -1.0894 -4.1478 -0.6952 -0.6320 -0.3606 1.3381 -1.6298 -3.2838 
34.1419 24.9777 -6.0778 -4.9666 3.7300 -1.6118 -4.9729 -1.9994 -2.1336 -1.2556 1.1328 -1.9341 -4.0093 
33.9539 23.9653 -7.3485 -4.7442 4.6869 -1.3119 -4.3393 -0.4199 -1.3639 -1.9711 0.7578 -1.0794 -3.2253 
31.3255 22.9538 -5.5824 -4.5271 3.9148 -0.5299 -3.6507 -1.3741 -2.4436 -2.5556 0.1603 -1.1616 -2.9228 
29.6835 22.1050 -4.5549 -3.8628 3.6645 -0.5915 -3.5051 -1.5865 -2.8340 -2.8938 -0.2398 -1.6060 -3.3252 
29.5955 21.9711 -4.6236 -3.6897 4.0832 -0.1182 -2.8960 -0.5510 -1.6357 -2.1491 0.1600 -1.0069 -2.7157 
29.0963 21.6481 -4.0984 -2.6862 4.8403 0.3617 -2.6212 -1.0335 -2.6962 -2.5871 0.4389 -1.1039 -3.3461 
26.4713 19.5566 -3.7113 -2.1677 3.8550 -1.1032 -2.9209 -0.0964 -1.8295 -2.5784 0.2815 -0.7643 -3.1352 
28.0093 20.4898 -4.6305 -3.1212 4.1979 0.1471 -1.8575 -0.0309 -2.6565 -3.4838 -0.2108 -0.8355 -2.8023 
25.3610 18.1942 -4.3966 -1.9786 4.3986 -0.8172 -2.7163 0.3534 -1.5851 -2.8711 0.1342 -0.2810 -2.5677 
25.0966 17.4082 -5.4464 -2.2766 4.7737 -0.7504 -3.0394 0.1916 -1.7756 -3.3870 -0.0252 0.5125 -1.4345 
23.6360 16.6746 -4.2897 -1.3792 4.2256 -1.5608 -2.9527 1.0056 -0.6323 -2.1760 0.6101 0.2566 -1.8308 
22.2204 15.1920 -5.0736 -2.1347 3.5490 -1.5569 -2.4847 1.2305 -0.6814 -2.1304 0.7670 0.3734 -1.8256 
21.1546 14.3844 -4.8565 -1.8162 3.5559 -1.5045 -2.3050 1.2578 -0.8938 -2.3673 0.7728 0.5661 -1.8096 
20.3360 13.5555 -5.0496 -1.7223 3.4697 -1.7799 -2.6911 0.6029 -1.6658 -2.8581 0.4234 0.1386 -1.8073 
19.4132 12.9033 -4.9189 -1.7707 3.2679 -1.4970 -2.1945 0.8231 -1.5452 -2.7568 0.3655 0.1874 -1.6491 
18.9715 12.8910 -3.9627 -0.8021 3.4175 -1.7536 -1.9605 1.6497 -0.5412 -1.5465 1.7206 0.8594 -1.8816 
19.5287 12.9631 -4.6038 -0.8632 3.7700 -2.0923 -2.4868 2.0550 0.0163 -2.2585 0.2809 0.1751 -1.7656 
19.1270 12.6135 -4.6897 -0.9899 3.7199 -1.6961 -1.9149 2.0681 -0.5912 -2.7603 0.2435 0.2629 -1.6460 
18.2859 12.1121 -4.6767 -1.7516 2.6375 -2.0830 -2.1662 1.5137 -0.6490 -2.2432 0.5159 0.3270 -1.4769 
18.5642 12.0627 -4.8635 -1.0711 3.6170 -1.7748 -2.1219 1.7267 -0.7048 -2.6213 0.1893 -0.1373 -2.3523 
17.9701 11.9053 -4.3871 -0.9397 3.7975 -1.2036 -2.0036 1.3785 -0.7238 -2.4693 0.3546 0.6764 -1.0908 
18.5286 12.0999 -4.7400 -0.8903 4.0771 -1.0144 -1.4511 2.0844 -0.4956 -2.3437 0.6848 0.6365 -1.4180 
17.2344 11.1445 -4.7688 -1.2020 3.9613 -0.1959 -0.8246 1.7089 -0.9678 -2.3848 0.6560 0.7331 -0.7914 
17.3604 11.3800 -4.3445 -0.8381 3.6239 -1.0840 -1.1999 2.1829 -0.4010 -2.1253 0.8675 0.7985 -1.2556 
16.9226 10.6801 -5.0838 -1.2088 3.8192 -0.8905 -1.5015 1.8016 -0.5122 -2.4736 -0.0417 -0.1628 -1.8000 
17.5678 11.0857 -5.2733 -1.2269 3.8849 -1.3495 -2.1388 1.6702 -0.3358 -2.3777 0.1106 -0.0104 -1.9918 
17.6464 11.2590 -5.3453 -2.0800 2.6964 -1.7251 -1.5959 2.0947 -0.4967 -2.6780 -0.0395 0.0883 -1.3918 
17.5807 11.4331 -4.4641 -0.6143 3.8944 -1.4964 -2.1894 1.2915 -0.9314 -2.3743 0.8743 0.9311 -1.2726 
17.0296 11.1317 -4.3862 -1.0116 3.4376 -1.1439 -1.5192 1.4985 -0.8123 -1.8965 1.2500 0.8702 -1.2989 
17.5806 11.4317 -4.6840 -1.2086 3.3508 -1.5567 -1.9069 1.6070 -0.7835 -2.5705 0.4927 0.8711 -0.8814 
17.0899 10.8980 -4.9130 -1.2412 3.3780 -1.4628 -1.5338 2.4568 0.2525 -2.0301 0.2736 0.3450 -1.2161 
18.0028 11.7671 -4.4920 -0.6351 3.9942 -1.3436 -1.6884 2.2629 -0.2901 -2.8837 -0.3531 0.0105 -1.6397 
16.7611 10.7704 -4.6317 -1.1991 3.0489 -1.6000 -1.6388 1.5719 -1.0279 -2.4863 0.4625 0.0784 -1.8232 
16.8557 10.5823 -5.2626 -1.6702 3.0429 -1.5646 -1.6878 1.9293 -0.3201 -2.0224 0.8340 0.8263 -1.1383 
16.9969 10.9477 -4.5854 -0.8991 3.6397 -1.1237 -1.3970 1.8641 -0.7227 -2.5241 0.2222 0.0893 -1.7038 
16.4437 10.4855 -4.8068 -1.3878 3.2459 -0.9561 -1.0004 2.3361 0.1361 -1.5710 0.6159 0.0360 -1.6621 
16.5351 10.6623 -4.4168 -0.8173 3.5064 -1.3153 -1.6614 1.6597 -0.6301 -2.2176 0.5107 0.1951 -1.8849 
15.2316 9.4533 -4.9513 -1.5606 2.8123 -1.4340 -1.5389 1.9951 0.1917 -1.4587 0.7568 0.4653 -1.2703 
16.1560 10.3626 -4.6343 -1.3294 3.1989 -1.0937 -1.4453 1.6942 -0.5664 -2.4322 -0.0056 0.1197 -1.5015 
15.5958 9.9240 -4.5903 -1.2520 3.1877 -1.1784 -1.8938 0.9364 -0.9905 -2.2856 0.1870 0.0266 -1.5342 
16.3112 10.6113 -4.3141 -1.0221 3.3288 -1.1108 -1.4654 1.6710 -0.5353 -2.1815 0.2409 -0.0790 -1.8739 
15.8464 10.0448 -4.4765 -0.6522 3.7627 -0.9720 -1.3542 1.8172 -0.8115 -2.8064 0.0209 0.3530 -1.2485 
14.9532 9.2399 -4.6951 -0.8607 3.5667 -0.9550 -1.4202 1.5932 -0.9048 -2.9241 -0.3295 0.2125 -0.9221 
15.2933 9.7490 -4.6813 -1.7222 2.8034 -1.0801 -1.9014 0.4683 -1.4735 -2.4678 0.2540 0.2257 -1.3924 
15.0647 9.8033 -3.9577 -0.9402 2.8642 -1.5668 -2.0193 1.0788 -0.7812 -2.4927 -0.5357 -0.6792 -1.9176 
15.5688 10.2558 -3.9232 -1.1021 2.6245 -1.7334 -1.9097 1.2292 -0.9288 -2.5758 -0.0221 0.1409 -1.4253 
14.7664 8.9913 -5.0027 -1.2195 3.3965 -0.9753 -1.5324 1.7220 -0.0276 -1.6887 0.4267 0.2760 -1.3240 
14.9248 8.9057 -5.5251 -1.7027 3.1683 -1.1855 -1.8043 1.4695 -0.4109 -2.2031 0.2719 0.7590 -0.5800 
15.9048 9.7835 -5.3894 -1.6035 3.4900 -1.2099 -2.4886 0.7381 -0.3834 -1.6325 0.2513 -0.2454 -1.5622 
16.2925 10.3555 -4.6952 -1.0532 3.3943 -1.4986 -2.1803 1.1023 -0.7739 -2.1972 0.2052 -0.2251 -1.9369 
15.0266 9.7142 -4.1912 -1.2338 2.8682 -1.1998 -1.6091 1.3857 -0.4958 -2.1443 -0.0145 -0.1140 -1.7532 
15.1045 9.5230 -4.4735 -0.9632 3.2811 -1.1275 -1.3807 1.9197 -0.3298 -2.4344 -0.1599 0.0942 -1.3539 
15.2333 9.6952 -4.4216 -1.0526 3.4078 -0.6088 -1.1192 1.3639 -0.9258 -1.9443 1.0613 0.8088 -1.3997 
15.3241 9.8646 -4.0630 -0.6146 3.3449 -1.2844 -1.5426 1.7112 -0.5943 -2.4663 0.0797 0.2425 -1.3697 
14.8820 9.6195 -3.8314 -0.4599 3.4778 -0.7861 -1.2116 1.2791 -1.0206 -2.1647 0.3062 -0.1484 -1.4906 
14.7369 9.1870 -4.5831 -1.1093 3.0984 -1.2865 -1.8147 1.2684 -0.3076 -1.3964 0.7755 0.0032 -1.8478 
15.1108 9.6947 -4.2282 -1.0276 2.9985 -1.3528 -1.6320 1.5925 -0.5329 -2.4979 -0.2025 0.1341 -1.2684 
15.2601 9.5361 -4.4927 -0.4431 4.1055 -0.7006 -1.5279 1.3287 -1.2225 -3.1877 -0.4369 0.0082 -1.5529 
14.5337 9.4377 -3.9886 -1.0529 3.2414 -0.5095 -1.3700 0.8398 -1.0934 -2.2525 0.1369 -0.0326 -1.7685 
14.3710 8.6750 -5.0222 -1.2210 3.4515 -0.8246 -1.4729 1.7048 -0.0048 -1.6946 0.3712 0.2113 -1.4311 
