13.4351 8.2618 -4.6250 -1.9176 1.7329 -1.7201 -1.3245 1.6367 -0.5110 -2.0344 0.1881 -0.0203 -1.5720 
14.3072 9.4586 -3.5444 -1.0832 2.1846 -1.6179 -1.4485 1.1919 -1.3897 -2.9467 -0.1592 0.1758 -1.2400 
14.1671 9.2770 -3.7208 -1.2155 2.2762 -1.2229 -0.8582 1.9439 -0.4835 -2.2280 -0.1327 -0.5094 -2.1177 
13.9675 8.9649 -4.2859 -2.0210 1.7575 -1.3939 -1.1484 1.6579 -0.4061 -2.0839 -0.0790 -0.0989 -1.3937 
14.7283 9.4673 -4.1394 -1.3110 2.0902 -2.4406 -2.3653 1.5420 0.0716 -1.7652 0.1037 0.0446 -1.3185 
14.7074 9.8664 -3.5308 -1.0853 2.9308 -0.4814 -1.0617 1.0352 -0.9297 -1.9618 0.3987 0.2489 -1.2820 
14.5351 9.5249 -3.9372 -1.6419 1.7209 -2.1262 -2.0595 0.8293 -1.3787 -3.0093 -0.6300 -0.5483 -2.0321 
13.5486 8.6495 -4.0414 -1.4378 2.1982 -1.4585 -1.7549 0.6992 -1.5036 -3.1403 -1.0707 -1.2141 -2.5476 
14.4000 9.3112 -3.8844 -1.0333 2.3897 -1.9093 -1.8235 1.8257 0.2166 -1.7361 -0.1687 -0.2412 -1.0639 
15.0762 10.0380 -3.5841 -0.8990 2.7470 -1.3125 -1.5342 1.2424 -0.9751 -2.6223 -0.3752 -0.2683 -1.2813 
14.1556 9.1139 -3.8756 -1.0190 2.4187 -1.6693 -1.6249 1.3177 -0.9011 -2.2759 0.3647 0.1151 -1.8982 
14.5633 9.8690 -3.2922 -1.2375 1.8817 -1.8938 -1.8016 1.0884 -0.9196 -2.4095 0.0105 0.3558 -0.9760 
13.8980 8.6679 -4.4286 -1.5339 2.0412 -1.9168 -1.7169 1.4848 -0.5861 -2.3474 -0.4286 -0.8944 -2.5131 
13.5904 8.3975 -4.4801 -1.4634 2.3762 -1.4579 -1.7248 0.9853 -0.9111 -2.3797 -0.6722 -1.3113 -2.6435 
14.4507 9.2326 -4.2200 -1.4111 2.3362 -1.5294 -1.6298 1.1143 -0.8457 -1.8758 0.5452 0.0353 -1.6984 
14.4608 9.6052 -3.5503 -1.0517 2.6461 -0.7285 -0.5973 1.8892 -0.4829 -1.9059 0.4411 0.2365 -1.3808 
14.3336 9.2306 -3.8465 -0.8052 2.8407 -1.1898 -1.4462 0.9233 -1.3116 -2.1066 0.5875 0.0360 -1.4433 
14.4266 9.3598 -3.9754 -1.4159 2.0227 -1.9179 -1.8409 1.2018 -0.7228 -2.1045 0.0436 -0.4320 -2.0051 
15.5774 10.4561 -3.4346 -0.7570 2.5155 -1.7876 -1.4386 1.7508 -0.7905 -2.5157 -0.0167 -0.2982 -2.0748 
14.3190 9.3508 -3.7538 -1.2036 2.0860 -1.7844 -1.6501 0.9784 -1.4492 -2.8325 -0.4139 -0.6757 -1.9628 
14.4831 9.3212 -4.1029 -1.3594 2.3599 -1.3364 -1.0932 1.9094 -0.1434 -1.5296 0.5257 -0.2868 -2.0264 
14.4638 9.0465 -4.3876 -1.0001 2.8827 -1.6526 -2.2340 0.6676 -1.0492 -2.0606 0.1522 -0.7927 -2.6710 
14.4946 9.1796 -4.2770 -1.1515 2.6657 -1.5634 -1.7007 1.4237 -0.7084 -2.4377 -0.1672 -0.3395 -2.0006 
13.7216 8.6017 -4.1361 -1.1430 2.1382 -2.0432 -1.7337 1.4802 -0.7945 -2.3273 0.3447 0.2509 -1.7263 
13.9642 8.5651 -4.6400 -1.3984 2.4824 -1.4891 -1.4472 1.3776 -1.1458 -2.8517 -0.4119 -0.4536 -1.7394 
13.8037 8.3475 -4.8668 -1.7800 1.8657 -2.0615 -1.7325 1.1570 -1.4756 -3.1064 -0.6603 -1.0813 -2.7267 
14.4830 9.0954 -4.6798 -2.0669 1.4676 -2.6660 -2.6499 0.4938 -1.6208 -3.1734 -0.5115 -0.2594 -1.8315 
15.0441 10.0584 -3.6857 -1.2755 2.5249 -1.2752 -1.7196 0.8877 -1.0381 -2.5029 -0.3486 -0.3346 -1.6744 
14.5154 9.1495 -4.6054 -1.8550 2.1129 -1.4780 -1.3927 1.1767 -1.5393 -3.2560 -0.6486 -0.5780 -2.0332 
14.5391 9.2557 -4.5020 -1.8712 2.0920 -1.6309 -1.8478 0.9010 -1.2136 -2.7531 -0.3229 -0.2369 -1.9014 
14.8225 9.8937 -3.5773 -1.0921 2.5321 -1.3775 -1.6504 1.1710 -0.7843 -2.3932 -0.2432 -0.1695 -1.5769 
14.7808 9.8952 -3.5927 -1.3153 2.2247 -1.5183 -1.7126 0.9720 -0.9612 -2.2324 0.1153 0.0028 -1.4363 
14.8687 9.7640 -4.2212 -2.0973 1.9341 -1.1383 -1.2373 0.9940 -1.2597 -2.6206 -0.5499 -0.9002 -2.1258 
14.1631 9.2661 -3.8690 -1.5375 2.1563 -0.9769 -0.7588 1.6543 -0.6159 -1.9952 0.0106 -0.4570 -1.8707 
14.5714 9.6437 -3.7167 -1.2508 2.4711 -1.2219 -1.5297 1.0611 -0.8714 -2.3171 -0.3672 -0.6514 -1.9456 
14.3624 9.0643 -4.5323 -1.7250 2.2821 -1.4611 -1.4010 1.9238 0.0516 -1.8774 0.0483 -0.0770 -1.7572 
14.1678 9.0688 -4.1050 -1.2387 2.7392 -0.8218 -0.9568 1.5092 -0.9194 -2.5755 -0.3065 -0.2504 -1.4199 
14.3703 9.4580 -3.7949 -1.4474 2.1778 -1.1827 -1.0928 1.2123 -1.3846 -2.8573 -0.3270 -0.3278 -1.7877 
12.7623 7.5953 -4.6382 -1.4293 2.1083 -1.9119 -1.8641 1.1412 -1.1043 -2.9076 -0.5398 -0.2987 -1.8181 
17.7307 9.8095 -7.5507 -1.8164 3.9838 -1.8098 -1.9241 1.9367 -1.4408 -3.2200 0.5301 0.1362 -1.8485 
17.6796 11.0071 -5.8230 -2.1286 3.1888 -1.0860 -1.3891 1.3519 -1.6905 -3.1442 0.2017 0.1070 -1.5603 
15.6749 10.6831 -3.4311 -1.1923 2.3674 -1.4187 -1.2633 1.6106 -0.8710 -2.5155 0.2669 0.4265 -1.4472 
15.4954 10.2389 -4.0340 -1.5514 2.2630 -1.6063 -1.6218 1.3946 -0.6288 -2.0279 0.4437 0.2704 -1.5001 
14.8649 9.4766 -4.5781 -1.8815 2.2048 -1.6238 -1.9731 0.8629 -1.0046 -2.5300 -0.5265 -0.6932 -1.8774 
14.8849 8.8534 -5.6745 -2.2305 2.3694 -1.4747 -1.4349 1.5184 -0.9206 -2.4133 0.2210 -0.1166 -2.0389 
15.2957 9.4213 -5.2817 -1.9892 2.7481 -1.3294 -2.1736 0.4213 -1.3406 -2.2648 0.2323 -0.2695 -2.0082 
15.3028 9.4195 -5.3447 -2.1462 2.5850 -1.2375 -1.5714 1.2364 -1.1260 -2.7850 -0.1304 -0.0240 -1.7103 
15.4324 9.4057 -5.5487 -2.2426 2.5925 -1.2203 -1.6350 1.0122 -1.1671 -2.4190 0.0907 -0.1117 -1.4198 
16.0770 9.8313 -5.5158 -1.8415 2.6957 -2.2736 -2.7653 0.9472 -1.0734 -3.0650 -0.5635 -0.4143 -2.0896 
16.7386 10.6180 -5.2928 -1.9977 3.2361 -0.9458 -1.9265 1.0669 -0.4959 -1.7908 0.4611 0.0988 -1.5197 
17.4546 10.6826 -6.4145 -2.8915 2.8887 -1.2430 -1.9197 1.5141 -0.2124 -1.8541 0.4072 0.0922 -1.5566 
16.9068 9.9213 -6.8418 -2.7722 3.0608 -1.3153 -1.9500 1.3942 -0.8614 -2.7757 -0.2099 -0.1121 -1.4782 
19.9538 12.1439 -7.3937 -3.2216 3.4873 -0.9655 -1.3589 2.3739 -0.2899 -2.5298 0.0551 -0.3002 -1.9791 
18.3366 10.8070 -7.0744 -2.2359 4.1710 -0.8129 -1.8657 1.4057 -0.7459 -1.8187 1.3325 0.6615 -1.5082 
19.2123 11.1911 -7.7332 -2.5936 4.3127 -0.9118 -1.9526 1.8123 -0.4177 -1.9553 1.2900 0.8265 -1.6854 
19.1933 11.1233 -8.0103 -2.7702 4.7935 -0.5603 -2.6748 1.1186 -0.1494 -2.0295 0.3525 0.4999 -1.3905 
18.3899 10.5240 -7.8595 -2.7431 4.4086 -0.5112 -1.9208 1.4943 -0.7223 -2.6099 0.3404 0.4135 -1.5680 
18.7717 11.1883 -6.8902 -1.8089 4.5674 -1.1219 -2.5357 1.2892 -0.5378 -2.1913 0.5233 0.1526 -1.7783 
18.2357 10.8737 -6.6109 -1.7772 3.9422 -1.6417 -2.2694 1.8453 -0.3867 -2.1705 0.8281 0.2296 -2.3939 
16.9040 9.8343 -6.8388 -2.2247 3.9741 -0.9362 -2.4328 0.9065 -0.6073 -2.1616 0.1683 0.0610 -1.4615 
16.9533 10.4250 -5.8300 -2.1316 2.9441 -1.7237 -2.2796 1.1613 -0.9003 -2.5794 -0.0514 -0.2042 -1.7104 
16.4565 10.0464 -5.7885 -2.0703 2.9549 -1.7196 -2.3421 1.2469 -0.4708 -1.9779 0.5814 0.2634 -1.8506 
14.8631 9.1345 -5.0280 -1.5998 2.8453 -1.5128 -2.1529 1.0337 -0.5084 -1.8282 0.2836 -0.4267 -2.4834 
14.5273 9.0680 -4.7154 -1.7554 2.2250 -1.7042 -1.6572 1.4629 -0.8363 -2.6731 -0.1179 0.1842 -1.4537 
14.6377 9.2062 -4.7038 -1.8871 2.2448 -1.3980 -1.4375 1.4708 -0.5537 -2.1527 -0.1832 -0.4380 -1.5326 
13.8586 8.4371 -4.8672 -1.7709 2.2116 -1.7097 -1.8749 1.0050 -1.0837 -2.4274 0.3020 0.4696 -1.0088 
14.2987 9.3333 -3.7974 -1.2457 2.1046 -1.8963 -1.8741 1.1323 -0.9201 -2.5178 -0.2541 -0.2052 -1.5051 
13.1249 8.1813 -4.3319 -1.7857 1.7143 -1.8339 -1.8011 1.1207 -0.5000 -1.8953 -0.1897 -0.5969 -1.7290 
14.0005 8.8890 -4.1897 -1.3306 2.4262 -1.5691 -2.0434 0.6523 -1.0166 -2.0971 0.0524 -0.4487 -2.1234 
14.9329 9.8482 -3.7362 -1.0004 2.7046 -1.2958 -1.4974 1.3025 -0.7731 -2.2147 0.1180 0.1202 -1.1682 
14.1956 9.2055 -4.0377 -1.7817 1.5255 -2.0242 -1.5861 1.2829 -1.1516 -2.8785 -0.5627 -0.4886 -1.7615 
13.9386 8.9490 -4.2453 -2.0022 1.4854 -2.2073 -2.3122 0.7462 -0.7033 -2.0376 -0.2275 -0.7075 -2.2012 
15.3092 10.4237 -3.2047 -0.5865 3.2831 -0.3535 -0.4007 2.3008 0.0394 -1.6157 0.4667 0.1232 -1.4551 
20.1841 16.3480 1.0112 2.4811 5.0912 -0.4073 -1.8760 0.4132 -1.9216 -3.6306 -1.2812 -1.1061 -2.1920 
21.5265 18.0676 2.0958 2.6654 4.7757 -0.6680 -2.1722 -0.2482 -2.7096 -4.1004 -1.4887 -1.2847 -2.2590 
22.7908 19.2573 2.2582 2.3767 4.5766 -0.7270 -2.4013 -0.7763 -2.8923 -3.4826 -0.9605 -1.5911 -2.5668 
24.4618 20.0082 1.0017 1.7164 5.0720 -0.7376 -3.1069 -1.1692 -3.1192 -4.0001 -1.1511 -1.0258 -1.9651 
27.9708 21.5080 -1.4848 0.5144 5.3575 -1.5639 -3.8577 -0.8184 -3.1822 -4.3342 -0.7382 -0.8335 -2.4375 
27.3653 22.3913 0.5182 0.5104 5.0387 -0.1216 -3.3392 -2.4217 -3.8966 -3.2131 0.2923 -0.3700 -2.1525 
28.0777 22.6946 -0.5310 -0.8987 4.7430 0.3524 -3.9263 -4.4153 -5.5413 -3.4166 0.6502 -0.5118 -2.6311 
33.1538 24.4539 -4.3188 -1.5618 6.0351 -1.4126 -5.1797 -2.1987 -3.6120 -3.1892 0.9616 -0.6709 -3.1810 
32.0225 25.1067 -2.0946 -1.4458 6.2671 0.7178 -5.2236 -4.8952 -4.0313 -1.1413 1.7275 -0.8670 -2.3362 
32.6834 25.2051 -2.8836 -2.0103 5.7995 0.2167 -5.3936 -5.2551 -4.6099 -0.9350 2.2989 -0.9158 -2.3060 
34.7990 25.1842 -6.1058 -3.6568 5.1954 -2.0537 -6.9588 -4.3190 -4.2347 -2.2407 1.6319 -1.2175 -3.8561 
35.9694 26.8150 -4.9807 -3.0848 6.2642 -0.6728 -6.6790 -4.4680 -2.9306 -0.1076 2.8784 -0.4668 -2.7389 
36.1750 27.0804 -5.2363 -4.1302 5.3648 -0.9004 -7.0259 -5.1091 -3.0199 0.2300 2.6709 -1.1844 -3.2682 
36.7383 26.5356 -6.7142 -4.2448 5.3740 -2.0805 -7.2250 -3.8458 -3.0114 -1.2528 1.8884 -1.2480 -3.6441 
36.8493 27.2623 -5.7350 -4.1369 5.3340 -1.3489 -6.4345 -3.2944 -2.0433 -0.2281 2.2663 -1.0397 -3.2174 
36.6932 27.2822 -5.6793 -4.4821 5.0810 -1.2695 -6.5643 -3.4095 -1.5403 0.2460 1.9596 -1.5482 -3.4181 
37.1903 26.9539 -6.9394 -5.1486 4.4946 -2.0888 -6.2591 -2.5022 -1.9785 -0.9299 1.6382 -1.5696 -3.9130 
37.5957 27.3986 -6.7869 -5.1659 4.5827 -1.8548 -5.9616 -2.0620 -1.4280 -0.5270 1.8307 -1.4476 -3.8437 
37.7892 27.5121 -6.9780 -5.7621 3.8216 -1.8580 -5.2584 -1.9247 -1.8328 -0.7265 1.1678 -2.5505 -3.8946 
38.2671 27.7807 -7.4069 -6.1585 4.1999 -1.0813 -4.6686 -1.4406 -1.6158 -1.0740 0.8686 -2.2845 -3.5402 
37.7497 27.1828 -7.7757 -6.5888 3.4265 -1.8163 -4.8049 -1.3218 -2.0060 -1.8118 0.4664 -2.4693 -4.0430 
38.1303 27.6993 -7.3356 -6.4088 3.4332 -1.2712 -3.7024 -0.8823 -2.4431 -1.7549 1.3268 -1.8460 -3.7181 
37.8030 27.1154 -7.8821 -6.6326 3.2107 -1.6882 -3.9363 -1.0784 -3.2199 -2.7423 0.9857 -1.8833 -4.2324 
36.5320 26.2943 -7.3146 -5.8512 3.7122 -1.4039 -3.8350 -0.7482 -2.7190 -2.6971 1.0833 -0.9531 -3.4631 
34.5667 25.4793 -6.3708 -6.2789 2.8562 -0.9575 -3.4856 -0.8943 -2.4232 -2.9530 0.0004 -1.1266 -3.0806 
33.5125 24.5759 -6.3452 -6.1846 2.5114 -1.1515 -3.3230 -1.0847 -2.9386 -2.9909 0.1995 -1.4921 -3.6538 
33.2791 24.7843 -5.3734 -5.1212 3.3983 -0.3532 -2.7070 -0.6846 -2.6864 -2.7709 0.6984 -0.7533 -3.2465 
32.6825 24.6671 -4.5593 -4.5466 3.4869 0.0850 -1.9869 -0.5842 -3.1640 -3.0652 0.6554 -0.8334 -3.2264 
32.9888 24.5764 -5.1489 -4.7209 3.5477 -0.3082 -2.3837 -0.3518 -2.8516 -3.3378 0.1313 -1.1620 -3.5805 
31.9003 23.6088 -5.2973 -4.7110 3.4717 -0.4830 -2.8228 -0.8062 -3.0633 -3.7165 -0.5481 -1.5570 -3.6338 
31.6008 23.5937 -4.8778 -4.5975 3.1144 -0.9423 -3.1976 -1.0583 -3.2495 -3.9151 -0.5447 -1.2317 -3.3423 
31.0110 22.9589 -4.6484 -3.3795 4.1050 -0.8642 -3.0716 -0.3120 -2.6660 -3.8783 -0.4359 -0.7383 -2.8009 
28.7905 21.6351 -3.6834 -2.8925 3.4413 -1.3394 -3.1139 -0.1651 -2.1943 -3.5275 -0.6148 -1.0405 -3.1161 
27.6319 20.6752 -3.6478 -2.6355 3.7255 -0.7952 -2.5892 0.1492 -1.8071 -3.1087 -0.4369 -0.9086 -2.9181 
26.8187 19.8321 -3.5227 -1.6647 4.2617 -1.2013 -2.9289 0.3836 -1.6007 -3.0981 -0.2473 -0.5708 -2.5721 
25.3314 18.8408 -2.9962 -1.1857 4.1531 -1.2706 -2.8357 0.4703 -1.5039 -3.2316 -0.7835 -1.1494 -2.8912 
23.3960 17.1535 -3.1200 -1.0816 3.9071 -1.3276 -2.6037 0.6563 -1.3988 -3.1326 -0.5579 -0.5033 -1.9637 
23.9239 16.6348 -4.6813 -1.6154 3.9290 -1.4013 -2.1986 0.3347 -3.0863 -3.4829 1.0858 -0.0981 -3.3059 
26.8878 16.9931 -8.3450 -3.1380 4.9167 -0.0157 0.1286 1.7232 -4.4201 -3.8486 3.2304 0.6285 -4.2249 
22.6980 15.4322 -5.0694 -1.6597 4.1215 -0.8922 -1.3327 1.7167 -1.6847 -2.9732 1.1473 0.6358 -2.3695 
21.2594 14.1987 -5.3898 -2.0203 4.0543 -0.4569 -1.3859 1.2409 -1.4887 -2.3591 1.2702 0.4545 -2.4210 
20.3411 13.3440 -5.4279 -1.8690 3.5054 -1.6600 -2.2957 1.1519 -1.3540 -2.8007 0.5062 0.4370 -1.3919 
19.9790 13.1893 -5.1196 -1.6955 3.3884 -1.5748 -1.8987 1.3507 -1.4888 -2.7729 0.7899 0.3899 -1.8794 
20.3581 14.0044 -4.3963 -1.7173 3.3769 -1.0147 -1.5660 1.1676 -1.5125 -2.5178 0.9188 0.2063 -2.4110 
20.4427 13.6979 -5.0035 -1.7429 3.7295 -0.9818 -1.4850 1.8918 -0.7204 -2.5416 0.4359 0.3074 -1.7854 
20.4160 12.9731 -6.4979 -2.8136 3.2327 -1.6383 -2.1727 1.7310 -0.5788 -2.5151 0.5392 0.7319 -1.3122 
19.4801 12.1382 -6.4807 -2.3205 3.8920 -1.0084 -1.7952 1.8727 -0.5690 -2.6484 0.4403 0.9042 -0.9717 
19.5305 13.0485 -5.0793 -2.3736 2.6952 -1.7942 -2.4705 0.4519 -2.0840 -3.4987 -0.2002 -0.0368 -1.8524 
19.7457 13.5117 -4.6547 -2.5189 2.2066 -1.9487 -2.1220 1.1340 -1.2750 -3.0643 -0.4575 -0.4829 -1.9638 
18.8526 12.4451 -5.2225 -2.6398 2.1688 -2.0090 -2.0078 1.2560 -1.4731 -3.2093 -0.0578 -0.0618 -2.1683 
18.0111 11.7706 -4.8011 -1.4807 3.1807 -1.6920 -2.1894 1.1912 -1.1511 -2.9959 -0.4114 -0.4618 -1.9588 
19.0109 12.6264 -4.7099 -1.4903 3.2250 -1.5774 -1.6493 1.8459 -1.0901 -3.1463 0.0040 0.1450 -1.8311 
20.8933 11.9412 -9.5776 -3.9631 5.8352 0.5391 -3.9161 -0.8931 -0.4791 -1.6353 -0.5358 -1.0816 -2.0876 
33.4157 19.2403 -14.1381 -5.1155 7.5367 -2.0936 -5.7669 0.3337 -2.0917 -4.2768 0.6438 0.6118 -1.7478 
34.0811 18.5248 -15.6108 -3.9802 9.5515 -1.6089 -4.9849 1.9231 -1.8850 -5.0479 0.5712 0.6001 -2.1660 
33.3393 17.7482 -16.0422 -4.4691 8.8732 -2.4291 -6.0030 0.9262 -2.5097 -5.4787 0.0109 0.0686 -2.6248 
33.5443 18.1855 -15.2440 -3.6440 9.0378 -2.7568 -6.0874 0.9688 -2.7215 -5.4466 0.5610 0.3981 -2.8257 
34.0095 18.7037 -15.2685 -4.0785 9.2458 -1.5779 -5.0359 1.1146 -3.1073 -5.8293 0.4596 0.7416 -2.2346 
32.5525 17.7952 -14.9014 -4.1726 8.8446 -1.2679 -4.5642 1.1527 -3.0497 -5.6725 0.3446 0.4034 -2.6620 
31.8340 17.8048 -14.2403 -4.7833 8.0059 -0.4795 -3.0557 1.9462 -2.8657 -5.7867 0.0311 0.1662 -2.7133 
31.9476 19.2664 -11.4785 -2.9773 8.7713 0.2206 -2.8781 1.6607 -2.6208 -5.4447 -0.2861 0.0064 -2.4300 
33.2383 21.8921 -8.9426 -2.5981 8.3952 0.7666 -2.7561 0.8492 -2.7686 -4.8339 -0.0550 -0.1056 -2.5678 
34.0857 23.0184 -9.2486 -5.0271 6.4344 0.5801 -3.6517 -1.8292 -5.3418 -6.7360 -2.2050 -2.1667 -3.7692 
36.3358 25.4827 -8.2073 -4.7119 7.2124 2.0451 -2.3052 -0.9862 -4.3248 -5.0602 -0.4484 -0.8738 -2.5592 
36.1613 25.6833 -8.0040 -5.3720 6.7957 2.6030 -2.0008 -1.3496 -4.5590 -5.3218 -1.0430 -1.2540 -2.7438 
36.8551 25.5441 -9.0848 -5.6866 6.4219 1.3650 -2.5399 -0.7565 -4.1900 -5.2543 -0.7390 -1.2294 -3.2073 
36.5001 25.7680 -8.2811 -5.5690 6.2948 1.8409 -2.1290 -0.9004 -4.3240 -5.2120 -0.7141 -1.0168 -2.8157 
36.6376 26.0300 -8.2683 -5.9997 6.2158 2.4388 -1.7285 -1.0864 -4.6094 -5.5037 -1.1736 -1.3987 -2.9579 
36.4364 25.9053 -8.0758 -5.7874 6.1646 2.5316 -1.2725 -0.8794 -4.7331 -5.2904 -0.8151 -1.4911 -3.0019 
37.1193 26.0758 -8.7417 -6.0885 6.0343 1.9429 -1.7254 -0.7576 -4.4760 -5.0896 -0.6753 -1.6165 -3.2447 
37.2841 26.6009 -8.2318 -6.2365 5.8931 2.3867 -1.3707 -0.7764 -4.3656 -4.9280 -0.7508 -1.6397 -3.1244 
37.1686 26.3206 -8.5636 -6.4408 5.5839 1.8271 -1.8846 -1.0951 -4.5947 -5.0290 -0.7734 -1.8381 -3.4657 
36.0051 25.2206 -9.2729 -7.8414 3.8390 0.7084 -2.6924 -2.1763 -5.6145 -5.8000 -1.7532 -3.1115 -4.5966 
36.1827 26.1672 -7.6409 -6.7415 4.4954 1.7430 -1.5286 -1.3518 -4.8355 -4.9100 -1.0454 -2.6263 -4.1301 
35.9301 26.4779 -6.6210 -5.8653 5.4174 2.7279 -1.1137 -1.0316 -3.9891 -4.3407 -1.0284 -2.1995 -3.3713 
35.8988 25.9647 -7.2630 -5.8490 5.1347 1.6475 -1.7427 -0.9476 -4.0954 -4.4817 -0.8520 -2.2491 -3.6639 
35.4659 26.0166 -6.6871 -5.8737 4.9929 2.1547 -1.2910 -1.0177 -4.1938 -4.6043 -1.1916 -2.3905 -3.5075 
35.0726 26.1775 -5.8651 -5.7531 4.5496 2.2570 -0.8490 -0.9058 -4.0338 -4.1733 -1.1551 -2.7906 -3.5783 
35.2837 25.2599 -7.3204 -5.4801 4.6893 0.3974 -2.2123 -0.4062 -3.9578 -5.1179 -1.4443 -2.6133 -4.1502 
33.7706 25.4943 -5.1212 -5.4791 3.7498 1.3051 -1.4066 -0.9766 -3.7193 -3.9498 -1.2153 -2.8993 -3.8180 
33.9626 24.9281 -5.9586 -4.9676 4.0971 0.0086 -2.4213 -0.4872 -3.4120 -4.5706 -1.6309 -2.9022 -4.0973 
32.6054 25.0707 -3.6873 -4.1142 3.5765 0.3793 -1.6373 -0.3011 -2.9027 -3.4571 -0.8826 -2.6145 -3.8394 
32.6302 24.3602 -4.4615 -3.2702 4.4347 -0.6181 -2.6901 0.2876 -2.1824 -3.7849 -1.1293 -2.1296 -3.4990 
32.0806 23.7928 -4.4412 -2.8994 4.2869 -1.3636 -3.1690 0.2753 -2.1901 -3.5557 -0.2390 -1.2211 -3.5045 
30.5131 23.5926 -2.8527 -3.1294 2.9945 -1.0102 -2.2499 0.1207 -2.3910 -3.2519 -0.3151 -1.5474 -3.2475 
30.6234 22.8564 -4.0453 -2.9606 3.6293 -1.3690 -2.5761 0.6107 -2.1722 -3.6668 -0.5305 -1.3793 -3.1343 
28.8135 21.8879 -3.2570 -2.8727 2.9908 -1.7163 -3.4050 -0.7478 -2.6347 -3.3376 -0.6087 -1.8561 -3.6253 
27.8163 21.5256 -2.0132 -1.4441 3.6704 -1.3910 -2.9969 -0.3204 -2.3007 -3.0046 0.0204 -0.8198 -2.7298 
27.0501 20.6562 -2.2435 -1.0052 4.1732 -1.2404 -2.8317 0.2356 -1.6689 -2.7993 -0.2444 -1.2215 -2.9722 
25.6122 19.2739 -2.8271 -1.5712 3.8468 -0.8410 -2.2226 0.4510 -1.8543 -3.1835 -0.4460 -0.9889 -2.6559 
24.0903 18.1748 -2.3522 -0.9470 3.8590 -0.9516 -2.2638 0.2448 -2.0504 -3.0816 -0.1165 -0.6018 -2.3659 
23.7783 17.8557 -2.4652 -1.0783 3.4951 -1.3277 -2.2822 0.4882 -1.9372 -3.2078 -0.3607 -0.8867 -2.5657 
22.5589 16.3272 -3.4899 -1.4596 3.6547 -1.0011 -2.1153 0.4646 -2.1918 -3.8227 -1.0415 -1.0749 -2.3972 
22.2003 15.9712 -3.5629 -1.3144 3.7866 -1.2482 -2.5619 0.5783 -1.4731 -3.2819 -1.0049 -1.4501 -3.1724 
21.5406 15.3253 -4.0896 -2.3825 2.5874 -1.7032 -2.5560 0.3091 -1.8344 -3.3277 -0.8773 -1.1565 -2.5594 
21.3281 15.0302 -4.2127 -2.2953 2.5477 -1.8308 -2.3098 0.8293 -1.4544 -2.9237 -0.3111 -0.8559 -2.5768 
20.9407 14.4768 -4.2731 -1.5424 3.1342 -2.0707 -2.5382 1.2647 -0.8270 -2.6372 -0.4676 -1.3042 -2.9890 
20.0809 13.7887 -4.2757 -1.6106 2.8874 -2.0737 -2.4391 1.0449 -1.2606 -2.8568 -0.2871 -0.8604 -2.4721 
18.7813 12.2936 -5.2886 -2.5870 1.9377 -2.5105 -2.3184 1.1813 -1.4521 -3.2240 -0.6681 -1.3753 -3.1700 
19.4699 12.9769 -5.1362 -2.5894 2.2112 -2.0483 -1.9583 1.2281 -1.9886 -4.1261 -0.9702 -0.7503 -2.5431 
19.5005 12.4769 -5.9471 -2.3081 3.3992 -1.5670 -2.4642 1.0111 -1.2542 -2.9068 0.2770 0.4071 -1.6266 
18.9072 12.2150 -5.5494 -2.4974 2.2394 -2.5009 -2.5423 1.0250 -1.4823 -2.9868 0.0141 -0.4982 -2.5824 
18.9258 11.7578 -6.5020 -2.8713 2.7438 -2.0475 -2.7040 0.7262 -1.5817 -3.2547 -0.4671 -0.5865 -2.1501 
18.3277 11.3595 -6.2630 -2.5365 2.9832 -1.7946 -2.4931 0.7855 -1.8454 -3.8819 -0.9900 -0.6953 -2.2733 
18.5735 12.1110 -4.9313 -1.5222 2.9474 -2.3188 -2.7806 0.4797 -2.2250 -3.7139 -0.6257 -1.2617 -3.5212 
17.2353 10.7137 -5.5606 -1.7795 3.0526 -1.8598 -2.4285 0.5981 -1.9770 -3.1693 0.1872 -0.2343 -2.5614 
17.8918 11.8268 -4.7467 -1.8993 2.9253 -1.1425 -1.4923 1.3880 -0.9549 -2.2465 0.5380 -0.0145 -2.2381 
17.9134 11.5679 -5.0428 -1.6470 3.1991 -1.2405 -1.3973 1.7189 -0.9118 -2.4256 0.2814 -0.4397 -2.3771 
17.9418 11.7189 -4.7103 -1.2457 3.5371 -1.0427 -1.2256 2.0373 -0.6321 -2.4443 0.2150 -0.2698 -2.2130 
20.6298 12.7380 -6.5995 -1.4902 4.5061 -1.9473 -2.8815 1.5642 -0.8649 -2.9326 0.2554 -0.0763 -2.4934 
24.6535 13.3708 -11.7161 -4.1175 5.2394 -2.3643 -4.1081 0.7229 -2.9871 -5.4688 -0.2360 0.2912 -3.2145 
29.9662 17.2294 -12.4607 -4.0131 7.1172 -1.6544 -4.2552 1.1824 -2.7597 -5.6314 0.5068 1.8507 -1.7084 
29.5734 17.8736 -11.5681 -5.1642 6.2676 -0.3975 -3.4978 0.7513 -2.4191 -5.3799 -0.4472 1.8770 -0.0221 
26.6530 15.6995 -11.8107 -6.3477 5.3296 0.8981 -2.0185 0.9650 -1.7501 -3.9669 -0.0113 1.1022 -1.1924 
25.4939 14.8659 -11.7469 -6.7828 4.2319 0.0710 -2.5421 0.1195 -2.9018 -4.9847 -0.9099 -0.0084 -2.2728 
24.4924 15.1683 -9.3584 -5.1561 4.4934 0.6830 -1.3826 1.1754 -1.4013 -3.1415 -0.2195 -0.4866 -2.2211 
22.9917 14.6209 -7.9752 -4.4179 3.9527 0.3044 -1.3508 0.9355 -1.7684 -3.1638 0.1582 0.1088 -1.8393 
24.8367 17.6195 -4.9875 -2.8240 4.1604 0.3147 -1.0974 1.0752 -1.9898 -3.8040 -0.6736 -0.3350 -1.6901 
28.4946 21.8945 -2.3831 -1.8395 3.2526 -1.7000 -2.2700 1.2494 -1.6210 -4.1366 -2.1184 -2.5465 -2.8842 
30.2187 23.7461 -1.9919 -2.6717 2.3246 -2.3337 -2.9649 0.9061 -0.9918 -3.2640 -2.1695 -3.3811 -3.3909 
31.8587 25.0724 -2.2286 -3.1747 2.5218 -1.7472 -2.6888 0.6743 -1.1652 -2.8612 -1.8189 -3.8925 -4.0032 
33.6331 25.3729 -4.3922 -4.1620 2.9401 -2.1245 -3.5269 0.4894 -1.4031 -3.6665 -2.5036 -4.0546 -3.9144 
34.2289 26.2568 -4.0544 -4.8066 2.5335 -1.3676 -2.6950 0.3631 -1.8512 -3.5856 -2.0653 -3.7353 -3.5891 
35.2160 26.5574 -5.1587 -5.3401 3.4790 -0.2052 -2.5153 -0.2372 -2.5654 -4.1925 -2.4561 -3.6303 -3.1516 
36.7556 27.5695 -5.6360 -5.5211 4.1339 0.5307 -1.9216 0.1326 -2.5735 -3.9410 -1.5000 -2.7955 -3.0393 
37.0090 26.7216 -7.3712 -5.8472 4.6128 0.2463 -2.3104 -0.0570 -3.6468 -5.5135 -2.1208 -2.5398 -3.0007 
37.5391 26.5922 -8.1141 -5.2547 6.2756 1.2597 -1.9640 0.3240 -3.6190 -5.8031 -1.5847 -1.0803 -1.9491 
37.6508 26.9497 -7.9720 -5.9241 5.6832 1.5161 -1.8081 -0.2846 -4.0583 -5.4809 -1.2088 -1.2041 -2.3700 
37.6593 27.3067 -7.5206 -6.0029 5.8101 2.4544 -0.9740 -0.2012 -4.1715 -5.3934 -1.0782 -1.1850 -2.5838 
38.4290 27.3742 -8.4495 -6.0676 6.4311 2.2809 -1.5200 -0.0657 -3.9341 -5.5456 -0.8567 -0.6556 -2.8113 
38.5845 26.6604 -9.5898 -5.8796 6.8332 1.6852 -2.1003 -0.4438 -4.6173 -5.6361 -0.2918 -0.7558 -3.3239 
38.8840 27.1269 -9.3168 -5.8674 7.2786 2.7076 -1.4039 -0.3886 -4.5573 -5.2926 0.1102 -0.3352 -2.8685 
38.4713 26.7754 -9.5009 -6.1397 7.3448 3.1520 -1.5032 -1.2534 -5.3024 -5.6387 -0.3275 -0.8049 -3.0380 
38.2431 26.8545 -8.9577 -5.7321 7.5565 3.3669 -1.3472 -0.9835 -4.7451 -5.2217 -0.3042 -0.7666 -2.8384 
37.7048 26.1913 -9.3322 -5.9404 7.0542 2.5237 -2.0743 -1.3992 -4.9632 -5.2647 -0.2905 -0.9486 -3.2361 
36.7645 26.0576 -8.2463 -5.3668 7.5227 3.5642 -1.5792 -1.6576 -4.9444 -5.0554 -0.1342 -0.2806 -2.4191 
35.9281 25.4749 -8.5907 -6.5357 6.4981 3.4130 -2.0862 -2.8489 -5.7855 -5.6100 -0.9144 -0.8379 -2.6270 
36.5060 25.8870 -8.2586 -5.5136 7.4415 3.7166 -1.6011 -2.0425 -5.3131 -5.2695 -0.3925 -0.5066 -2.4697 
36.4333 25.5951 -8.6103 -5.5129 7.5727 3.6461 -1.7252 -2.1330 -5.4125 -5.1741 -0.0804 -0.3111 -2.4546 
35.7863 24.7369 -9.4235 -6.4345 6.4797 2.5086 -2.6961 -2.8145 -5.8786 -5.6007 -0.5801 -0.9284 -3.1870 
35.4390 25.1193 -8.0564 -5.4367 7.0829 3.4000 -1.8772 -2.4013 -5.3959 -4.8741 0.1323 -0.3024 -2.7276 
34.7059 24.4229 -8.1057 -5.2232 7.0504 3.1386 -2.1427 -2.7432 -5.8367 -5.1940 -0.1263 -0.7370 -3.1746 
33.7641 24.1744 -7.1075 -4.6288 7.2112 3.7626 -1.4109 -2.3686 -5.5183 -4.9782 -0.1428 -0.4984 -2.5431 
33.6640 23.7536 -7.6103 -4.7830 6.7964 2.8919 -1.8110 -2.2160 -5.6305 -5.2335 -0.0749 -0.5492 -3.0226 
33.2585 23.4137 -7.7199 -5.0804 6.3289 2.5648 -1.9576 -2.2118 -5.4719 -5.2007 -0.3742 -0.8308 -3.0083 
32.2176 22.8405 -6.9275 -3.9760 7.0952 2.9226 -1.9235 -1.9807 -4.8987 -5.0162 -0.6398 -0.6818 -2.4764 
30.4974 22.0975 -5.3575 -2.7714 6.6701 2.1545 -2.0831 -1.6585 -4.1618 -4.0926 -0.1042 -0.5307 -2.2114 
30.5810 21.3709 -6.9618 -3.8055 6.2149 1.4489 -2.7351 -1.9253 -4.6293 -4.7907 -0.3277 -0.3850 -2.4878 
28.5247 19.7178 -6.7242 -3.1149 6.7493 2.0830 -2.1963 -1.4787 -4.0111 -4.4755 -0.6996 -0.8117 -2.5206 
27.3762 19.3840 -5.3970 -2.1907 6.5396 1.7841 -2.0483 -1.1449 -3.6377 -3.9408 0.1936 0.2890 -1.7813 
26.3034 18.4559 -5.8393 -3.3048 5.0124 1.0669 -1.8858 -1.0142 -4.0795 -4.7549 -0.4148 0.1304 -1.8271 
25.6413 17.9473 -5.7567 -3.1816 5.0474 1.2857 -1.3952 -0.2229 -3.0904 -4.1040 -0.5038 -0.4168 -2.3616 
24.2666 16.6989 -5.5835 -2.2405 5.4557 0.7081 -2.2199 -0.5945 -3.2074 -4.3544 -0.6416 -0.0901 -1.9554 
23.0347 15.8059 -5.2103 -2.0990 4.3426 -0.5468 -2.3022 -0.0170 -2.9171 -4.2066 -0.5700 -0.6222 -2.7730 
22.6205 15.2866 -5.5223 -2.2231 4.2833 -0.3510 -1.6479 0.7295 -2.5068 -3.9811 -0.2310 -0.1621 -2.2760 
21.8012 14.7737 -5.1653 -2.0570 3.6519 -1.4075 -2.5037 0.4737 -2.3293 -3.9673 -0.5242 -0.3249 -2.1393 
21.3165 14.4567 -4.8674 -1.6259 3.8563 -1.1760 -2.0384 0.8960 -2.1544 -3.8896 -0.4547 -0.3847 -2.4761 
20.3975 13.7417 -4.8397 -1.6293 3.9688 -0.3476 -1.1497 0.9332 -2.2787 -3.1158 0.6513 -0.0108 -2.5474 
19.5112 12.8629 -5.3578 -2.3893 2.9526 -1.4159 -2.0171 0.9175 -1.5311 -2.7725 0.2877 -0.2173 -2.3239 
20.0756 13.4297 -4.8784 -1.6226 3.5533 -1.2491 -1.6623 1.6724 -0.9491 -2.6436 0.1570 -0.4016 -2.4496 
19.2141 12.9565 -4.4572 -1.4377 3.3160 -1.4422 -1.8646 1.5286 -0.7014 -2.2372 0.3939 -0.1128 -2.0390 
18.9194 12.5277 -4.9437 -2.1052 2.6020 -1.5742 -1.3351 1.6526 -1.5201 -3.0093 0.3962 0.0717 -2.1621 
18.7926 12.5472 -4.6875 -1.8509 2.8282 -1.5191 -1.6740 1.3230 -1.3171 -2.6290 0.4518 0.1295 -1.7073 
19.0426 12.4132 -5.2474 -1.7103 3.7872 -0.7675 -1.4286 1.6134 -0.9811 -2.6707 0.0438 -0.4841 -2.3722 
18.4173 11.8438 -5.4330 -2.0746 3.2326 -0.8680 -1.1503 1.4649 -1.5498 -2.8870 0.4260 0.2578 -1.6006 
18.2894 11.6661 -5.3435 -1.5683 3.5507 -1.2007 -1.5769 1.6006 -1.0309 -2.5021 0.4347 -0.0733 -1.9947 
18.2165 11.6904 -5.2328 -1.8006 2.7001 -2.3287 -2.2356 1.6072 -1.0555 -2.8795 0.3917 0.4959 -1.4435 
17.7929 11.5674 -5.0314 -2.0279 2.6972 -1.4320 -1.3009 1.9587 -0.7598 -2.5944 0.1013 -0.2080 -1.9359 
18.1829 12.1273 -4.4772 -1.5977 2.8263 -1.6412 -1.7351 1.3606 -1.4812 -3.2420 -0.3177 -0.5819 -2.5445 
17.6166 11.8496 -4.0806 -1.3862 2.5370 -2.0676 -2.2072 1.0329 -1.0310 -2.1934 0.2618 -0.5796 -2.3430 
18.0017 12.2101 -3.8692 -0.8478 3.3563 -1.5930 -1.9960 1.6199 -0.4240 -2.2961 -0.0091 -0.2612 -1.7894 
18.2354 11.9959 -4.7734 -1.4414 3.6704 -0.7395 -1.3342 1.6231 -0.8808 -2.6809 -0.2126 -0.5126 -2.2421 
18.8623 11.8730 -5.6852 -1.3081 4.1474 -1.4181 -2.1162 1.9909 -0.2955 -2.7985 -0.5117 -0.4153 -1.7356 
21.4286 12.5361 -8.0719 -1.8955 5.0926 -1.6500 -2.6804 1.6391 -1.4751 -3.5159 0.3382 -0.0220 -2.6992 
21.1809 12.3027 -8.7402 -3.3855 4.1734 -1.2848 -2.5736 0.7385 -2.1430 -3.4238 0.5817 0.3454 -2.2035 
21.9617 13.9608 -6.5139 -1.7009 4.9360 -0.9001 -1.9698 1.8595 -0.8373 -2.6164 0.8171 0.4246 -2.0427 
25.6350 20.1305 -0.0506 1.7153 4.4029 -3.3559 -5.0781 -1.6637 -3.7810 -4.2511 -0.0983 -0.0996 -1.7866 
28.9588 22.7425 -0.7778 0.2587 4.0687 -3.2367 -5.3342 -2.0346 -3.7648 -3.8744 0.0958 -0.3939 -2.0887 
29.9381 23.4226 -1.1149 -0.0877 4.2414 -3.0135 -5.5860 -2.6802 -4.1776 -3.6846 0.4430 -0.2170 -1.6305 
30.3335 23.6655 -1.4432 -0.4427 4.4116 -2.7241 -5.6057 -2.6256 -4.0423 -3.9383 0.2526 0.1895 -1.3360 
30.3392 23.5736 -1.7201 -0.8179 4.1352 -2.7023 -5.3938 -2.5979 -4.2559 -4.1028 0.1935 0.0601 -1.5847 
30.4561 23.6097 -1.5376 -0.1214 4.8113 -2.4398 -5.2116 -2.5870 -4.6570 -4.3128 0.4170 -0.0362 -1.9424 
31.4813 24.5242 -1.6319 -0.4662 5.2182 -1.6338 -5.0683 -2.8609 -4.3026 -3.5678 0.5425 -0.3945 -1.9375 
31.1118 24.4433 -1.2747 -0.2654 5.4564 -1.2255 -4.9479 -2.9887 -4.3855 -3.7068 0.6230 0.2314 -1.4546 
34.0734 24.9265 -4.7385 -1.8875 5.2944 -2.7112 -5.4699 -1.3920 -3.6862 -4.5286 0.0593 -0.2809 -2.3040 
30.8082 23.7024 -2.1020 -0.3850 5.8639 -0.9216 -4.8999 -3.1933 -4.6398 -3.6873 0.5566 -0.3214 -1.8203 
32.3394 24.4247 -2.9925 -0.7441 5.8359 -1.6399 -5.0458 -2.0271 -3.8660 -4.1803 -0.0363 -0.4318 -2.0349 
32.1748 24.9171 -2.0165 -0.6303 5.6125 -1.3709 -5.0299 -2.4637 -3.7954 -3.5762 0.4385 -0.0860 -1.7788 
31.6626 24.5592 -1.8341 -0.4904 5.3585 -1.6610 -4.9951 -2.3023 -3.8654 -3.9070 0.0458 -0.3800 -1.9679 
32.6699 24.4642 -3.2945 -0.9133 5.2154 -2.6174 -5.0228 -1.1322 -3.6974 -4.8196 -0.3162 -0.2965 -2.1950 
29.9685 24.1190 -0.1609 0.2295 5.2098 -1.1675 -4.7433 -2.7883 -3.8981 -3.5239 0.0137 -0.4203 -1.5353 
29.3121 23.2140 -0.7394 0.1779 5.2138 -1.4694 -5.0573 -2.8658 -3.8616 -3.5788 -0.3555 -1.0929 -2.1095 
29.7064 23.3436 -0.9026 0.4567 5.5328 -1.5578 -4.9328 -2.3775 -3.7053 -3.6906 -0.1172 -0.6028 -1.6853 
30.5296 24.2321 -0.6877 0.1676 5.3003 -1.6661 -5.2296 -2.6753 -3.5901 -3.2681 0.2639 -0.3567 -1.4712 
30.4619 24.0952 -0.8749 -0.1390 4.7771 -2.1157 -5.3205 -2.7470 -3.9417 -3.5614 0.2852 -0.2509 -1.5263 
33.6178 25.1826 -3.4609 -0.9795 5.6348 -2.5919 -5.8039 -1.5894 -2.7984 -3.3851 0.1368 -0.6817 -1.9098 
31.8079 25.1762 -1.2739 -1.2264 3.9162 -2.4232 -5.0097 -1.8549 -2.7609 -2.7209 0.1769 -0.9814 -1.6568 
32.8656 25.4219 -2.3989 -1.7905 3.8325 -2.9743 -5.2669 -1.3171 -2.4568 -3.0240 0.0140 -0.8462 -1.7666 
34.1928 26.5326 -2.4639 -2.1764 3.5068 -3.3448 -5.3463 -0.7737 -1.5421 -2.2513 0.1574 -1.3935 -2.2576 
34.5479 26.6671 -2.8990 -2.7629 2.9915 -3.8127 -5.6401 -0.7722 -1.3325 -2.1019 -0.1902 -2.3197 -3.0135 
34.5473 26.7745 -2.5749 -2.5517 2.7055 -4.0726 -5.1751 -0.1008 -1.1855 -2.1098 -0.0602 -2.4986 -3.3382 
34.8016 27.0065 -2.7073 -2.8927 2.7332 -3.6671 -5.0512 -0.2058 -0.7193 -1.2248 0.1300 -3.1525 -3.7645 
35.3317 26.8458 -3.6767 -3.0842 2.9871 -3.9258 -5.0916 0.3687 -0.6153 -1.7716 -0.0084 -2.8265 -3.8594 
34.8046 26.4847 -3.3067 -2.7302 2.4433 -4.5668 -4.6289 1.0723 -0.8836 -2.1341 0.3498 -2.7936 -4.5277 
34.9764 26.5296 -3.4031 -2.5930 2.6846 -4.4726 -4.4576 1.4224 -0.7314 -2.2751 0.3287 -2.6021 -4.5483 
34.7569 26.1556 -3.3580 -2.0737 2.4964 -5.1320 -4.2384 1.8184 -1.1973 -2.5218 0.6659 -2.9289 -5.1786 
34.3439 25.6968 -3.6134 -2.2508 2.3671 -5.1367 -4.2031 1.6955 -1.4870 -2.8371 0.3767 -3.1468 -5.2110 
33.6904 25.2077 -3.6862 -2.5135 2.2389 -4.7952 -3.9853 1.6649 -1.1666 -2.4247 0.1702 -3.5933 -5.2318 
31.8991 24.1641 -2.9562 -2.1994 2.0225 -4.4181 -3.3918 1.8864 -1.1888 -2.7384 -0.0393 -3.0616 -4.7280 
30.3506 22.3660 -3.8017 -2.0195 2.6005 -4.4254 -3.9573 1.7321 -1.1002 -3.3848 -0.7002 -2.5266 -4.2170 
28.7749 21.8494 -2.5651 -1.8000 2.1756 -3.6980 -2.9315 2.0366 -0.7770 -2.9522 -0.7000 -2.4741 -3.8462 
27.4559 20.7277 -2.9900 -2.5976 1.3291 -4.2660 -3.7294 1.3738 -1.0258 -3.7686 -1.8680 -2.5108 -3.2257 
26.4359 20.1541 -2.6293 -2.7210 0.8098 -4.2692 -3.6986 0.7946 -1.5157 -3.5375 -1.3386 -2.2184 -3.3267 
25.1774 18.9497 -2.8645 -2.4544 1.2609 -3.8115 -3.4015 1.1593 -0.8995 -3.0036 -1.0724 -2.0555 -3.3965 
25.2547 19.2874 -2.2093 -1.8507 1.6655 -3.3352 -2.7901 1.5077 -0.9778 -2.9759 -0.4633 -1.2796 -3.1404 
24.6737 18.5631 -2.5077 -1.5735 2.1048 -3.0970 -2.6525 1.6255 -0.9608 -3.0287 -0.5184 -1.2558 -2.9225 
23.2623 17.1649 -3.0411 -1.9360 1.7792 -3.1060 -2.5693 1.5995 -0.8328 -2.7919 -0.6339 -1.7809 -3.5122 
22.5438 16.3840 -3.3493 -1.8152 2.1329 -2.8986 -2.6445 1.5002 -0.9137 -2.8098 -0.0506 -0.6943 -3.1039 
21.6067 15.2613 -3.8309 -1.4689 2.9302 -2.1885 -2.2098 1.8299 -0.4305 -2.2527 0.1211 -0.9265 -3.0359 
20.6146 14.4143 -3.7461 -1.2945 2.3216 -3.3054 -2.9580 1.6467 -0.5209 -2.4040 0.2804 -0.2571 -2.1986 
20.2641 14.0927 -4.1498 -2.0747 1.9647 -2.9006 -2.9168 0.7666 -1.4648 -2.9213 -0.1877 -0.7656 -2.4448 
19.7797 13.7659 -4.0298 -1.9622 2.0122 -2.9433 -3.2944 0.3502 -1.4007 -2.5512 0.2294 -0.0660 -1.5885 
19.9064 13.6535 -4.2677 -1.6662 2.6049 -2.5668 -2.9812 0.5732 -1.7028 -3.1285 0.0426 0.0835 -1.5349 
19.7193 13.1538 -4.9080 -1.8379 2.9461 -2.1930 -2.7718 0.7468 -1.4581 -2.8176 0.2239 -0.0955 -1.9348 
20.3999 13.6487 -5.1455 -2.1306 3.1442 -1.7094 -2.4640 0.7408 -1.6274 -2.9961 0.1104 -0.1706 -2.1456 
18.9253 12.1471 -5.7786 -2.6604 2.3218 -2.4392 -2.5605 1.3812 -0.9014 -2.9348 -0.3365 -0.6193 -2.7234 
18.6943 12.0358 -5.2779 -1.7022 2.9943 -2.2377 -2.4088 1.4676 -0.9137 -2.4709 0.6739 0.1797 -2.3573 
19.6423 12.1310 -6.1486 -1.1961 4.3225 -1.8546 -2.6825 1.0935 -1.4905 -2.7790 0.6726 -0.1605 -2.5847 
19.5089 11.9542 -6.5140 -1.9057 3.6724 -2.0163 -2.3889 1.6653 -0.9091 -2.5670 0.5427 -0.3057 -2.8238 
19.8849 11.4974 -8.3239 -3.3126 3.7027 -1.5740 -2.7772 0.6189 -1.7229 -2.8607 0.4422 -0.3769 -2.7390 
21.5088 12.4572 -8.7515 -2.9735 4.6090 -1.4140 -2.9141 0.5874 -2.1496 -3.1427 1.0286 0.3280 -2.4160 
21.7547 12.7177 -8.8119 -3.2834 4.6225 -0.7855 -1.9905 1.3212 -2.0619 -3.7342 0.4219 0.0747 -2.7243 
22.0942 11.7607 -10.7964 -3.2408 6.1140 -0.5414 -2.5155 2.0106 -0.5123 -2.8396 0.4472 0.1184 -2.0901 
23.4689 12.1189 -11.4769 -2.3850 6.5496 -2.3708 -3.8836 2.3002 -0.7734 -3.7085 0.4157 0.1191 -2.9083 
21.2195 12.6138 -8.0296 -2.7981 3.8871 -2.4879 -3.5337 1.0279 -1.3367 -3.2638 0.4672 0.7104 -1.6809 
30.2663 22.3329 -3.8601 -1.6216 4.4301 -2.5299 -4.4949 -0.3570 -1.9127 -2.4493 1.1853 -0.0718 -2.7087 
34.8714 25.2581 -6.2956 -4.3314 4.2514 -2.5871 -6.0057 -1.6447 -1.9301 -2.3574 0.6536 -0.5741 -3.0760 
36.3900 26.1886 -6.7908 -4.5288 4.0946 -3.8382 -7.3974 -1.8271 -1.3046 -1.8476 0.6433 -1.0338 -3.1357 
35.8575 26.6171 -5.4887 -4.6371 3.3719 -3.0636 -5.9370 -1.3762 -1.4252 -1.5120 1.3362 -0.5513 -3.1062 
36.2250 26.4772 -6.1322 -4.4235 4.3242 -2.3130 -5.3058 -0.6536 -1.0279 -1.4075 1.6557 -0.0359 -2.7435 
37.1776 27.2395 -6.3357 -5.0355 3.6457 -2.9305 -5.5156 -0.5972 -1.3381 -1.8728 1.7726 0.3028 -2.9564 
38.8067 27.3325 -8.5286 -5.8357 4.1527 -3.0803 -5.5109 -0.0001 -1.5916 -2.5961 1.8828 0.4447 -3.3497 
39.4000 28.3349 -7.5864 -5.5901 3.9734 -2.7388 -4.6733 0.5087 -1.3962 -2.1639 2.2680 0.3049 -3.6459 
40.0995 28.6526 -8.3688 -6.3568 4.0824 -2.6433 -5.3758 -0.1222 -1.4815 -2.5250 1.6654 0.1888 -3.7902 
39.7463 28.4040 -8.1730 -6.1299 3.9647 -2.7843 -5.3208 -0.2929 -1.8372 -2.4804 1.8792 -0.0241 -4.0494 
39.5453 28.1867 -8.3990 -6.5374 3.5172 -3.0561 -5.4887 -0.5349 -2.1566 -2.7024 1.8741 0.0342 -4.1397 
39.9204 28.1447 -8.9213 -6.5134 3.8023 -3.2655 -5.7464 -0.3435 -1.9419 -2.7248 1.8487 0.0619 -4.0448 
39.1949 28.1508 -8.1605 -6.7333 3.5542 -2.3869 -5.2284 -0.8523 -2.0044 -2.1789 1.8937 -0.2023 -4.0209 
38.9890 28.3339 -7.3033 -5.9064 3.9844 -2.0171 -4.5936 -0.1577 -1.7798 -2.4444 1.8905 0.3800 -3.5181 
39.5194 28.2493 -7.9403 -5.4443 4.8604 -2.2105 -5.0690 0.0992 -1.5794 -2.7951 1.6794 0.4823 -3.4049 
39.6090 28.2737 -8.1861 -5.9950 4.2723 -2.4414 -5.0515 -0.0977 -1.9067 -2.9054 1.5053 -0.0079 -3.7007 
39.2110 28.1074 -7.8367 -5.7304 4.2941 -2.4022 -5.0663 -0.1970 -1.7463 -2.5335 1.6856 0.1027 -3.4949 
38.5505 27.9237 -7.5044 -6.1321 3.8875 -2.0180 -4.8218 -0.3622 -1.6306 -2.4862 1.2896 -0.0426 -3.2559 
38.1093 27.7885 -7.0586 -5.9449 3.7364 -1.7759 -4.1957 -0.0661 -1.7077 -2.4427 1.4100 -0.1354 -3.3506 
38.1638 27.8500 -7.1515 -6.2279 3.4829 -1.9772 -4.4016 -0.0328 -1.4709 -2.4681 1.1478 -0.2766 -3.5406 
37.8683 27.9956 -6.6260 -6.3132 3.4160 -1.1641 -3.5980 -0.0548 -1.6351 -2.2811 1.2055 -0.5017 -3.5692 
38.3130 27.8677 -7.5611 -6.7041 3.7022 -1.0892 -3.7663 -0.0047 -1.6012 -2.7302 0.5495 -0.6682 -3.2940 
38.3235 27.9137 -7.3270 -6.4199 3.5612 -1.3772 -3.4620 0.5633 -1.5598 -2.9707 0.5335 -0.6142 -3.1643 
38.2675 27.9694 -7.2699 -6.4987 3.9016 -0.5429 -3.1104 0.0621 -2.0320 -2.8112 0.8770 -0.6155 -3.2672 
37.5454 27.3865 -7.2573 -6.6109 3.4528 -0.7153 -2.9331 -0.1441 -2.7697 -3.4427 0.6082 -0.6986 -3.1799 
37.6923 27.5521 -7.2024 -6.4423 4.0456 -0.1630 -3.0620 -0.4128 -2.4784 -3.2193 0.3551 -0.3994 -2.0697 
37.8810 27.6709 -7.2033 -6.4293 3.8268 -0.5469 -3.1555 -0.5152 -3.1427 -3.7543 0.7365 0.0658 -2.3663 
38.0522 27.5957 -7.4399 -6.2561 4.1162 -0.4246 -2.9841 -0.4231 -3.2134 -3.7061 0.7141 -0.2113 -2.4160 
37.3496 26.6619 -8.1631 -6.5517 4.2976 -0.0540 -2.6598 -0.2677 -3.5893 -4.6749 -0.2392 -0.9371 -3.2226 
37.3052 26.5806 -8.0647 -6.1565 4.4811 -0.4480 -3.2043 -0.5382 -3.6352 -4.4650 0.2782 -0.4424 -2.9454 
36.2112 26.1579 -7.3910 -6.4042 3.4228 -0.8909 -3.2021 -0.6432 -3.5983 -4.7473 -0.8392 -1.1756 -2.3770 
33.5272 24.6760 -5.9398 -5.3676 3.3246 -0.7965 -3.0307 -0.4851 -3.0087 -4.4520 -1.1838 -1.1170 -1.9474 
31.7883 23.2628 -5.2265 -3.7187 3.8524 -1.3886 -3.0537 0.3002 -2.6649 -4.6454 -0.9745 -0.6161 -1.9882 
31.5313 21.6222 -7.6130 -4.0699 4.7312 -1.6146 -3.6286 0.6213 -2.4954 -5.3131 -1.6293 -0.9797 -2.4898 
31.5051 21.1202 -8.0297 -3.0585 6.1919 -1.4922 -4.2896 0.7107 -1.6919 -4.6542 -1.2778 -0.6680 -2.2442 
31.4030 20.1483 -9.4669 -3.1750 6.8987 -1.2380 -3.9689 1.2816 -1.9741 -5.4609 -1.1174 0.1333 -2.1706 
30.5594 20.0491 -8.7386 -3.6675 5.9038 -0.9958 -3.2222 1.5211 -1.6756 -5.1210 -1.4325 -0.1906 -1.6186 
27.2086 18.0649 -7.1433 -2.5760 5.3243 -1.5257 -3.6025 0.9370 -1.6866 -4.6000 -1.1616 -0.1683 -1.8101 
25.4570 17.5447 -5.8156 -2.8573 3.8894 -1.6416 -3.1290 0.8082 -1.3722 -3.6339 -0.8315 -0.4790 -1.8027 
24.3998 16.8789 -5.4580 -2.8511 3.2337 -2.0720 -3.2808 0.2359 -2.2749 -4.2317 -1.1203 -0.7830 -1.9348 
23.8148 16.5214 -5.3631 -3.0860 2.7321 -2.4649 -3.7510 -0.3180 -2.5634 -4.2021 -0.9253 -0.6660 -2.2020 
22.3989 15.4104 -5.1137 -2.6667 2.8249 -1.9240 -2.6803 0.4549 -2.1721 -3.8591 -0.9198 -0.9142 -2.0802 
21.7357 14.6532 -5.3366 -2.2895 3.3857 -1.5096 -2.2005 1.2151 -1.3184 -3.0347 -0.0890 -0.3102 -1.8358 
21.8831 15.1942 -4.4043 -1.6320 3.4282 -1.8005 -2.4795 1.1486 -1.1807 -3.0712 -0.5196 -0.6851 -1.8689 
21.4541 14.2777 -5.6263 -2.5336 2.9554 -2.1627 -2.6529 1.1943 -1.4010 -3.5373 -0.4733 -0.1704 -1.8113 
21.6176 14.3816 -5.4368 -1.8266 3.7626 -2.0348 -3.1055 0.8851 -1.2750 -3.2274 -0.1982 0.1169 -1.4753 
21.5285 14.5072 -5.1681 -1.9764 3.3459 -2.1773 -2.9039 1.3091 -0.7561 -3.0482 -0.5572 -0.2494 -1.4309 
20.0102 12.8758 -5.9649 -2.4970 2.9223 -2.0124 -2.0770 2.1050 -0.4033 -2.7028 0.1659 0.4432 -1.2359 
21.1836 13.2938 -6.7564 -2.3174 3.7662 -2.1762 -2.6360 2.2191 -0.5331 -3.6627 -0.5263 0.3577 -1.7268 
24.4523 13.3644 -10.3028 -1.3128 6.8613 -2.6017 -3.4572 3.0359 -1.2311 -4.7088 0.7481 1.2370 -2.6027 
27.0066 14.1966 -12.0640 -0.9687 8.4805 -2.5908 -3.4922 4.1323 -0.8134 -5.1707 0.6076 1.3606 -2.1016 
27.0415 13.5986 -13.2491 -1.7525 7.7838 -3.6274 -4.3074 3.5793 -1.3580 -5.1083 1.2092 1.1984 -3.3460 
26.8999 12.8372 -13.9395 -0.9301 9.0058 -3.5272 -4.6214 3.7413 -0.8472 -4.3322 1.8865 1.3389 -3.0447 
27.4640 13.3019 -13.8256 -0.8731 8.8289 -3.4788 -3.6561 4.5836 -1.3735 -5.1407 2.1591 1.9409 -2.9152 
26.8930 11.9811 -15.3101 -1.4774 8.4213 -4.2967 -3.9322 4.9586 -1.3903 -5.4445 2.1247 1.6714 -3.5928 
27.9696 13.4030 -14.2360 -0.7644 9.1327 -3.5753 -3.6991 4.6993 -1.5164 -5.2617 2.2900 1.8356 -3.3675 
27.8197 12.5564 -15.8064 -1.7251 9.2076 -3.5423 -4.0780 4.7739 -0.9999 -5.3010 1.7304 1.4695 -3.8176 
29.8471 14.5168 -15.3687 -1.6449 9.8939 -2.8295 -4.1868 4.2855 -0.9606 -4.9629 1.6253 1.2392 -3.3413 
29.8479 14.8778 -15.1025 -2.4297 8.9248 -2.8478 -3.9143 3.8933 -1.8222 -5.5988 1.7896 2.1659 -2.4866 
29.4406 14.7488 -15.2929 -3.4881 8.2638 -2.6777 -4.4643 2.8579 -1.7321 -4.9726 1.7832 2.1708 -2.1160 
29.0694 15.7118 -13.2331 -3.0927 7.8697 -1.9430 -3.6593 2.9857 -1.2599 -4.3967 1.6354 1.8891 -2.2034 
36.4474 23.5226 -10.2461 -2.9200 7.3648 -2.4242 -4.0068 2.1542 -3.1754 -6.7466 -0.4490 -0.1027 -3.7132 
40.1401 27.2504 -10.3252 -5.6589 6.3460 -0.8043 -3.7478 0.0724 -3.8203 -5.2434 -0.0932 -1.1894 -3.6629 
41.7082 28.2476 -11.1038 -6.5421 6.1890 -0.7692 -3.7370 0.2291 -3.5382 -4.7685 0.5492 -0.7179 -3.2954 
41.2871 28.5113 -10.2305 -6.7706 5.5037 -0.3036 -2.9992 -0.1482 -4.1134 -4.5378 0.7037 -1.1854 -3.4658 
40.7986 28.0799 -10.3039 -6.9586 5.0117 -0.6479 -3.0108 -0.2752 -4.4651 -4.6996 0.7168 -1.3326 -3.6593 
39.9709 28.0481 -9.3381 -6.9525 4.5423 -0.2931 -2.5066 -0.2341 -4.5201 -5.1079 0.0266 -1.2281 -2.9507 
38.3018 26.7464 -9.5071 -7.5882 3.6040 -0.7404 -3.0090 -1.0320 -5.1044 -5.7632 -1.0648 -2.2023 -3.4886 
36.9787 25.9240 -8.3840 -5.6418 5.0168 0.2351 -1.8396 -0.0702 -4.9137 -5.6572 -0.3551 -1.4905 -3.0408 
33.2887 23.7617 -6.7953 -4.8884 4.1522 -0.0811 -1.5819 0.5387 -3.5119 -4.6250 -0.2813 -0.9202 -2.1822 
32.2970 23.1088 -6.6997 -5.1668 3.6529 -0.4066 -2.0401 0.2228 -3.5050 -5.0581 -0.9552 -0.8891 -2.2378 
31.5387 21.2368 -8.3416 -4.6739 4.2573 -1.3438 -2.5354 0.8686 -3.2915 -5.2549 -0.8516 -0.8274 -1.9696 
28.5349 20.5324 -6.0397 -5.2787 2.8344 0.2317 -1.3238 -0.3095 -3.5998 -4.0962 -0.3904 -0.9880 -2.1522 
27.5061 19.5768 -5.6434 -3.8159 3.7764 0.0133 -1.5590 0.0641 -3.3638 -4.3078 -0.5660 -1.1287 -2.5882 
26.6468 18.9727 -5.5280 -3.7852 3.8462 0.4505 -1.2818 -0.0179 -3.3803 -4.4260 -1.0985 -1.5775 -2.6414 
25.1001 17.5973 -5.9339 -4.3641 3.0002 -0.2480 -1.8708 -0.1696 -2.9701 -4.2474 -1.1310 -0.9026 -1.8351 
29.6815 19.6509 -7.9611 -3.7963 3.4833 -3.1415 -2.3194 3.4599 -1.5463 -5.3008 -0.2282 0.4523 -2.4270 
34.2347 21.4516 -10.9943 -4.4688 4.0886 -5.3022 -4.0652 4.3889 -1.4091 -6.8959 -1.0689 0.5941 -2.3188 
33.3458 18.5908 -13.6943 -2.4026 8.4494 -3.7450 -4.6168 4.5044 -0.3637 -5.4042 0.1411 0.7430 -2.3347 
33.6457 17.9050 -15.4877 -3.4286 7.9951 -4.7298 -5.3797 4.5242 -0.6595 -6.2139 -0.2276 0.4159 -3.4964 
31.9749 16.7281 -15.0755 -2.9006 8.5013 -3.8408 -5.0826 3.8286 -1.0256 -5.7075 0.1853 0.4569 -3.0579 
32.2169 16.9160 -14.9260 -2.4994 8.8061 -3.9380 -5.1577 4.0252 -0.8826 -5.6013 0.5433 0.7311 -3.3643 
30.8589 15.6181 -15.0904 -2.1358 9.0149 -3.9224 -5.0446 4.3043 -0.7136 -5.7388 0.4315 1.0614 -2.9551 
29.5991 14.3187 -15.7135 -2.6670 8.4690 -4.2299 -5.2190 4.0943 -0.9155 -5.8847 0.4841 1.4425 -2.5079 
29.5666 14.4914 -14.9898 -1.5765 9.2612 -3.9036 -4.8182 4.6902 -0.6354 -5.9807 0.4463 1.4930 -2.5758 
28.8272 13.8996 -14.9167 -1.4583 9.2049 -3.6783 -4.1245 5.4249 -0.2486 -5.8666 0.4996 1.4379 -2.8761 
28.5924 14.0527 -14.2679 -1.1863 8.9500 -4.1813 -4.9765 4.4762 -0.6110 -5.6845 0.6295 1.4051 -2.9345 
28.0577 13.8435 -14.0815 -1.6442 8.1560 -4.5353 -5.1340 4.2969 -0.5388 -5.4995 0.7407 1.7021 -2.4759 
27.9549 13.9404 -13.6235 -0.9798 9.0920 -3.5286 -4.6486 4.3000 -0.3790 -5.2299 0.5360 1.1458 -2.8866 
27.8888 13.7571 -14.4915 -2.7196 7.6479 -4.1073 -5.3055 3.2853 -0.9771 -5.4179 0.3005 1.1523 -2.4715 
26.3201 13.3231 -12.9160 -1.9893 7.2705 -4.1115 -4.9428 3.8245 -0.1289 -5.1188 -0.2845 0.7062 -2.6501 
24.1792 12.9599 -10.9023 -2.0264 6.4310 -3.0872 -4.4574 2.3543 -1.0909 -5.0658 -0.6282 0.3965 -2.4696 
23.5297 13.9490 -8.0931 -1.0140 5.4244 -3.8047 -4.4760 2.5876 -0.6286 -5.0224 -1.2519 -0.1014 -2.7997 
23.0464 14.2032 -6.9949 -0.5131 5.8975 -2.6796 -4.0529 1.8049 -1.1389 -4.6811 -0.8727 -0.0282 -2.8074 
20.5247 11.8848 -7.9521 -1.8659 4.7005 -2.4639 -3.3403 2.3233 -0.0245 -3.3430 -0.4707 0.0241 -2.1053 
19.9711 12.0036 -6.7280 -1.0538 4.7865 -2.0020 -2.3440 2.9108 -0.0678 -3.3147 -0.0173 0.6141 -1.6702 
19.3903 11.6195 -6.6703 -1.2137 4.3748 -2.7351 -3.6968 1.6034 -0.5133 -3.4469 -0.5643 0.0033 -1.9422 
20.3831 12.4449 -6.9479 -1.9295 4.2204 -2.2412 -3.2379 1.8720 0.0729 -2.5791 0.0173 0.3361 -1.6602 
20.9399 12.8683 -6.9730 -1.6273 5.0677 -1.7930 -3.5546 1.8330 0.6344 -2.5865 -0.6708 0.4617 -0.4953 
20.8768 12.1185 -8.2946 -2.2721 4.8314 -2.6832 -4.6027 1.6208 0.7102 -3.2033 -1.6027 0.0668 -0.5862 
20.8471 12.3203 -8.1552 -2.9070 3.9866 -2.7306 -4.0829 1.9867 1.0011 -2.6123 -0.8723 0.4593 -0.6902 
21.0605 13.0900 -6.8818 -1.8528 4.8334 -1.8026 -3.4019 2.0340 0.3324 -3.8390 -1.9944 0.0019 -0.8357 
21.7982 13.6722 -6.6884 -1.5122 4.9357 -1.7367 -2.6661 2.5753 0.0384 -3.4850 -0.7234 0.1123 -1.9265 
24.9539 13.5646 -10.8027 -1.5137 7.2500 -2.8304 -4.3208 3.4305 0.4690 -3.8851 0.5797 1.7191 -1.9846 
26.6363 13.2455 -13.0234 -0.8219 8.6959 -3.9542 -5.2452 3.9900 -0.0845 -4.8285 1.3749 2.6626 -2.0290 
27.7975 13.5208 -14.3204 -1.8096 8.1210 -4.3328 -4.7116 4.7365 -0.3399 -5.7131 0.1774 1.1617 -2.6691 
28.7227 14.2127 -14.2518 -1.3861 8.8176 -3.8704 -4.3890 4.8876 -0.3035 -5.1472 1.2794 2.0025 -2.2087 
28.8889 13.9664 -14.9997 -1.6294 9.3047 -3.4853 -4.5369 4.5262 -0.6448 -5.4126 1.1862 1.8565 -2.7112 
28.7593 13.2919 -15.5862 -1.0005 9.8778 -4.1115 -5.0923 4.7792 -0.4759 -5.4039 1.6029 2.4002 -2.2793 
29.1160 13.6962 -15.2645 -0.7004 10.0193 -3.9505 -4.6338 5.1241 -0.7338 -6.0196 0.8665 1.3923 -3.3181 
29.1002 13.4618 -15.2632 0.1435 10.7404 -4.1307 -4.7627 5.7351 -0.0084 -5.5989 1.1683 1.6807 -2.9257 
29.7950 13.9382 -15.5559 -0.2032 10.7270 -4.1724 -4.9621 5.7003 0.1325 -5.4794 1.3636 1.9164 -2.9219 
29.6600 13.7177 -15.6747 -0.1990 10.6181 -4.1201 -4.4201 6.1677 0.1392 -5.3932 1.6638 1.9811 -2.9507 
29.8296 13.7460 -16.0211 -0.5581 10.6320 -4.0578 -4.9115 5.2761 -0.4855 -5.5699 1.6009 1.7192 -3.5696 
29.9178 14.1342 -15.6453 -0.9713 9.7462 -4.6132 -5.1375 5.0635 -0.7959 -6.1866 0.7682 1.3556 -3.1724 
30.0756 14.8406 -14.9722 -1.3976 9.3823 -3.8010 -4.1995 5.3785 -0.5839 -5.9494 1.0303 1.9229 -2.7370 
28.1954 13.5796 -14.9872 -2.2631 8.7774 -2.8271 -3.6930 4.4192 -0.9429 -5.0497 1.6927 1.9106 -2.9968 
29.2341 16.8341 -10.5657 -0.6796 7.8958 -3.2564 -3.7946 3.7606 -1.2582 -4.8236 1.6686 1.7674 -2.9221 
33.3676 22.0348 -7.7583 -0.6686 7.5274 -2.8866 -4.6650 1.3270 -2.9194 -5.4710 0.2119 -0.1170 -3.4741 
40.9365 27.2681 -10.7892 -4.7675 6.4885 -2.9222 -5.0664 1.1880 -2.5790 -4.7765 0.7219 -0.4046 -3.6928 
38.9388 26.6736 -9.2129 -4.9967 4.6781 -3.5593 -4.9639 0.6993 -3.0934 -5.0245 0.4586 -0.3224 -3.5084 
38.8891 26.4970 -9.1941 -4.0262 6.2681 -2.9672 -5.7742 0.2877 -2.0338 -3.8181 0.6617 -0.4530 -3.2284 
38.3874 25.8017 -10.2078 -5.3993 5.5219 -2.9071 -6.3428 -1.3816 -3.3927 -4.1367 0.6091 -0.7145 -3.6688 
39.3178 27.0947 -9.3512 -5.2542 5.7127 -1.9121 -4.8463 -0.1613 -2.9488 -4.3252 0.5869 -0.0577 -2.6424 
37.4103 26.5030 -7.7717 -4.9803 4.8810 -1.8612 -4.7902 -0.7691 -2.7881 -3.5284 0.3546 -1.1148 -3.1203 
36.0894 25.8087 -7.0290 -4.7121 4.2059 -2.2834 -4.4003 -0.0356 -2.4150 -3.7403 0.2143 -0.8055 -3.1659 
37.1598 26.5076 -7.5122 -4.9326 5.1076 -1.4344 -4.7274 -0.7499 -2.5141 -3.6279 0.1902 -0.4230 -2.6017 
36.6292 26.7768 -6.3572 -5.0841 3.8005 -1.5574 -3.4522 -0.0514 -2.8439 -3.8066 0.2153 -0.9550 -3.2545 
34.3535 25.0958 -6.0365 -4.6906 3.9922 -1.3280 -4.0757 -1.1545 -3.2012 -4.1325 -0.9372 -1.8644 -3.4332 
32.8494 23.7186 -5.7064 -3.1501 5.2653 -0.7573 -3.1365 0.5590 -1.7110 -3.2190 0.0944 -0.9074 -3.3741 
33.0245 24.1478 -5.0315 -2.7658 4.8534 -1.5731 -3.6473 0.2923 -2.0387 -3.3240 0.3509 -0.8309 -3.7023 
32.7608 23.1243 -6.2958 -2.4052 6.3730 -1.2797 -4.5821 0.2245 -1.4322 -3.9723 -0.8743 -0.5191 -2.6863 
34.0024 24.4562 -6.0660 -3.3198 5.2191 -1.5880 -4.1612 0.3649 -1.6555 -3.7374 -0.2382 -0.2161 -2.5053 
34.1973 25.0453 -5.9715 -4.6302 4.3003 -1.0236 -4.1930 -1.2522 -2.9504 -3.8495 -0.4459 -0.9483 -2.6767 
34.8693 25.8041 -5.4627 -4.3360 4.1299 -1.4408 -4.2462 -0.9957 -2.6763 -3.3049 0.3027 -0.6643 -2.8476 
34.6339 25.1914 -6.1337 -4.4073 4.2906 -1.6849 -4.7250 -1.3709 -2.8834 -3.4178 -0.0590 -1.3594 -3.3172 
36.0542 25.7537 -7.1470 -4.6259 5.1740 -0.8428 -4.3169 -1.4524 -2.8174 -2.4872 0.5091 -2.0114 -3.2960 
35.5809 25.6874 -6.6393 -4.8821 4.1156 -1.1776 -3.6350 -1.0809 -3.0148 -2.2945 0.9068 -2.3843 -4.1694 
36.5736 26.0398 -7.3228 -4.9664 4.3380 -1.3117 -3.2897 -0.4791 -3.4411 -3.0526 1.0384 -2.2564 -4.7466 
34.9571 25.2592 -6.5313 -4.8473 4.2354 -0.4419 -2.6120 -0.7081 -3.6558 -3.1693 0.7434 -2.0854 -4.1304 
34.5950 25.4319 -5.8360 -4.5970 4.6256 0.3044 -2.2801 -0.3305 -3.0711 -3.6892 -0.0008 -0.7822 -2.4155 
34.3815 25.3005 -6.1762 -5.3425 4.6662 1.2593 -2.0475 -1.0646 -3.4601 -3.6513 -0.3298 -1.2990 -2.5608 
34.3786 25.4801 -5.9489 -5.5462 4.2505 1.2273 -1.7008 -0.7113 -3.2233 -3.5440 -0.3850 -1.4177 -2.6485 
33.4390 24.4504 -6.3992 -5.6843 4.0163 0.8254 -2.0703 -1.0898 -3.8973 -4.3746 -0.8851 -1.6534 -3.0808 
33.1569 24.6263 -5.7468 -5.4300 4.3051 1.5810 -1.5428 -0.9047 -3.5004 -3.9903 -0.7962 -1.4524 -2.6784 
32.9855 24.4028 -5.9235 -5.5644 4.2433 1.6374 -1.5324 -1.1329 -3.8093 -4.2655 -1.2560 -1.9688 -2.8338 
32.4533 24.2759 -5.0450 -4.4289 4.9083 1.6594 -1.6741 -0.8201 -3.3207 -4.1006 -0.8293 -0.8501 -1.9149 
31.4173 23.3284 -4.9277 -3.9152 4.7408 1.0286 -1.8300 -0.6154 -3.3543 -4.2506 -0.8743 -0.8894 -1.8996 
29.4433 21.7223 -4.9137 -3.7891 4.5077 0.6784 -2.4173 -0.9635 -3.0322 -4.0937 -1.3209 -1.1517 -1.8909 
28.0161 20.6435 -4.2905 -2.6742 4.7828 0.5537 -2.0729 -0.6786 -3.2934 -4.0233 -0.5511 -0.7030 -2.1507 
26.3018 19.4211 -3.5337 -1.5099 4.9522 0.0471 -2.2473 -0.1910 -2.6293 -3.7422 -0.6498 -0.8397 -2.1916 
25.1737 18.7068 -3.2016 -1.3885 4.7134 -0.1917 -2.5905 -0.2094 -1.9968 -3.3101 -0.8068 -0.8693 -2.0868 
24.6366 17.8427 -3.8944 -1.5883 4.5768 -0.3849 -2.4295 0.0532 -1.9157 -2.8814 -0.1884 -1.1087 -2.9918 
23.9385 17.3402 -3.7212 -1.5795 3.9736 -0.9548 -2.2596 0.7513 -1.4257 -2.9242 -0.3648 -0.8346 -2.2779 
23.2715 16.8571 -3.4853 -1.3670 3.6795 -1.2132 -2.1629 0.5034 -2.3283 -3.6908 -0.5005 -0.7382 -2.3280 
38.0310 26.0440 -8.3649 -3.0565 6.5360 -2.2469 -3.5073 2.7773 -0.9344 -3.3559 1.8300 1.0383 -2.4255 
39.6079 26.8528 -10.6629 -6.2674 6.8057 0.9752 -2.7186 -0.3583 -4.0372 -4.2385 1.6245 0.3493 -3.1891 
38.6085 26.5740 -10.6180 -7.2227 7.9100 4.2661 -2.2726 -2.9493 -5.5545 -5.3061 -0.8238 -0.8025 -1.8823 
36.9153 25.4571 -9.8279 -6.5898 6.9750 2.9318 -2.3829 -1.9679 -4.5766 -4.7951 -0.6548 -0.9964 -2.6339 
38.2381 26.8379 -9.6555 -7.2001 6.8588 3.4609 -2.1638 -2.3134 -5.1693 -5.4710 -0.8619 -0.3309 -1.7639 
38.3899 26.6095 -9.9387 -6.6115 7.2736 2.6511 -2.8769 -1.7977 -4.5514 -5.7305 -1.2914 -0.2766 -1.5571 
37.9749 26.5933 -9.6038 -6.7923 7.5489 4.0877 -1.9313 -2.3203 -5.0284 -5.0926 -0.3418 0.2016 -1.6034 
37.5976 26.1119 -9.8717 -6.7696 7.5660 3.6707 -2.7290 -2.9485 -5.1260 -4.8882 -0.3280 -0.2109 -2.2166 
37.1146 25.6795 -9.4796 -5.7194 8.0077 3.0966 -3.1368 -2.5041 -4.4479 -4.5332 -0.3230 -0.4179 -2.2977 
36.3023 25.5431 -8.4811 -5.1260 8.1768 3.4880 -3.0534 -2.9638 -4.6919 -4.2948 0.0953 -0.0313 -2.2684 
35.4597 25.5061 -7.5588 -5.3423 7.3472 3.5741 -2.7644 -3.2715 -4.8989 -4.3239 -0.3502 -0.4612 -2.0852 
35.0036 24.8681 -7.7846 -5.0890 7.2870 3.2822 -2.6432 -3.3845 -5.7127 -4.8324 -0.2880 -0.5903 -2.1817 
33.8906 24.1327 -7.2285 -4.4039 7.1987 2.6514 -3.0601 -3.1362 -5.1733 -4.6439 -0.3883 -0.6893 -2.4978 
32.8972 23.8341 -6.1725 -3.7593 7.0816 2.8355 -2.4281 -2.6318 -4.8386 -4.2096 0.1632 -0.3178 -2.5761 
32.1375 23.1042 -6.5351 -4.2498 6.6506 2.8189 -2.4853 -3.1158 -5.2292 -4.1301 0.2136 -0.6406 -2.8563 
31.7984 22.6915 -6.0825 -2.8264 7.2537 2.5053 -1.4872 -1.1467 -4.8675 -4.9636 0.3801 0.0536 -2.8985 
30.6423 22.4850 -5.7231 -4.5163 5.8315 3.3870 -1.1783 -2.5353 -5.5867 -5.3059 -1.2761 -1.4726 -2.8995 
29.3731 20.4327 -6.2909 -2.7131 5.7125 -0.0917 -2.9741 -0.8452 -3.9979 -4.8263 -0.4658 -1.0555 -3.6362 
26.5628 19.2085 -4.4502 -1.9581 5.7386 1.6104 -1.2049 -0.7625 -4.1782 -4.3337 0.0708 -0.5532 -3.0976 
25.1217 17.4970 -5.1966 -1.7406 5.9570 1.2402 -1.5807 -0.6477 -3.9527 -4.2764 0.3102 0.0620 -2.4921 
24.2215 17.3830 -4.2793 -1.8635 5.2434 1.5609 -0.8297 -0.6274 -4.3239 -4.6135 -0.2539 -0.6898 -2.9608 
23.4361 16.8465 -4.1216 -1.9300 4.7254 0.9933 -1.3014 -0.7779 -3.9400 -4.1673 -0.1059 -0.4230 -2.5760 
30.6429 18.7919 -10.7431 -3.7932 6.2518 -2.0598 -4.1621 1.2549 -2.5023 -5.4388 -0.1183 0.7369 -2.3779 
33.5350 19.3219 -12.8671 -2.5066 8.1381 -3.4642 -4.8942 2.6530 -2.8342 -6.9192 0.0750 1.2020 -2.5831 
31.4033 16.3825 -14.7768 -2.1022 10.0997 -2.3240 -5.3307 2.1553 -2.4996 -6.6088 -0.1550 1.0125 -2.6835 
31.4389 16.5345 -14.9103 -3.0114 8.9931 -3.0315 -5.8497 1.8631 -2.2265 -6.1018 0.0365 0.8968 -2.8119 
31.3891 16.8685 -14.3330 -3.0672 8.5531 -3.0692 -5.5640 2.1922 -1.7679 -5.7656 0.0515 1.3017 -1.5179 
30.0751 15.8772 -14.3864 -3.2584 8.6917 -2.2738 -5.3723 1.5116 -2.1986 -5.8692 -0.2310 1.2038 -1.2318 
29.4867 16.4143 -12.9045 -3.6275 7.3223 -2.0256 -4.0396 2.2537 -1.8999 -5.6688 -0.4861 0.6022 -1.9103 
27.3735 15.2091 -12.4018 -4.1490 6.6036 -1.3818 -3.5247 1.9602 -1.6201 -4.8140 0.1319 1.1140 -1.7029 
26.4711 15.6122 -10.5804 -3.8933 5.8224 -1.4742 -3.5251 2.0475 -0.7703 -4.5070 -0.7618 0.5967 -1.6877 
24.2136 14.4808 -9.3231 -3.3834 5.6273 -0.5193 -2.4060 2.0971 -0.5635 -3.6359 -0.5152 0.1166 -1.8383 
22.8911 14.1328 -8.1207 -3.3306 4.2812 -1.8410 -3.4596 1.5918 -0.1508 -3.3755 -1.0000 -0.0376 -1.5494 
21.3203 12.7269 -8.3522 -3.5214 3.7442 -1.9903 -3.0893 1.8016 -0.2331 -3.2844 -0.7331 0.0514 -1.5570 
20.3369 12.6345 -6.7859 -2.2027 4.3910 -1.2851 -2.7541 1.3326 -0.6993 -3.2720 -0.6679 0.1252 -1.2667 
19.9640 12.6577 -6.0560 -1.9247 3.5811 -2.2426 -2.8859 1.6913 -0.4450 -3.0286 -0.4235 0.0917 -1.3399 
20.4862 13.4594 -5.3286 -1.3971 4.3169 -1.1253 -2.0220 1.8600 -0.5095 -2.7816 -0.0136 0.2285 -1.4623 
19.9522 13.0041 -5.4775 -1.8647 3.4548 -1.7911 -2.3093 1.6684 -0.4927 -2.3294 0.4372 0.1878 -1.7561 
18.4755 11.8515 -5.4702 -1.9336 3.3558 -1.3956 -2.0884 1.3219 -0.7669 -2.4134 0.1944 0.1018 -1.3818 
18.2236 11.8482 -4.6010 -0.6167 3.9388 -1.6557 -2.1538 1.6498 -0.6480 -2.4333 0.2383 -0.2223 -2.1032 
18.0592 11.4505 -5.4947 -1.7998 3.2655 -1.6976 -2.1974 1.4470 -0.9012 -2.9639 -0.3327 -0.1848 -1.6646 
18.1541 10.7949 -6.8510 -2.5373 2.7266 -2.9909 -3.6502 0.4145 -1.9323 -4.0447 -1.1530 -0.8425 -2.0992 
18.3597 11.5999 -5.9370 -2.5060 3.1158 -0.9654 -1.3006 1.7898 -0.7890 -2.4614 0.4774 0.5940 -0.9739 
18.0789 11.6711 -5.1661 -1.7515 3.2957 -1.2053 -1.5345 1.6901 -0.9771 -2.7963 0.2401 0.3582 -1.5670 
18.1040 11.9010 -4.6123 -1.2068 3.4893 -1.2396 -1.5015 1.8280 -0.8936 -3.0153 -0.3289 -0.0256 -1.3706 
17.5482 11.0663 -5.2635 -1.2932 3.6786 -1.3768 -1.8582 1.7988 -0.4522 -2.2367 0.5109 0.2386 -1.8746 
19.9688 14.3845 -2.7879 -0.2245 4.1610 -0.8830 -2.1755 0.3005 -2.1931 -3.6077 -0.6244 -0.6513 -2.4884 
22.2984 16.2223 -2.8179 0.1008 5.2683 -0.4798 -2.6400 -0.0610 -2.4416 -4.2079 -1.1489 -0.4523 -2.0033 
23.2259 17.2463 -2.2683 0.3892 5.4849 -0.0836 -2.0559 0.2855 -2.2284 -3.5625 -0.5118 -0.5011 -1.7933 
25.4799 19.2680 -2.1770 -0.0544 5.6175 0.1724 -2.5477 -0.8759 -3.2075 -4.1186 -1.2486 -1.3855 -2.1173 
26.3803 20.2320 -1.7704 0.1769 6.0716 0.6973 -2.2862 -0.9398 -3.4828 -4.2126 -0.6192 -0.3679 -1.8414 
26.1477 20.1029 -1.9780 -0.8424 4.6753 0.1871 -1.8768 -0.9203 -4.4579 -5.3731 -1.1916 -0.5172 -2.0268 
26.5777 20.5597 -1.6308 -0.3448 5.1436 0.3724 -1.6365 -0.1590 -3.4109 -4.7449 -1.1644 -0.5254 -1.6786 
26.5542 20.4426 -1.9225 -0.7728 4.6931 0.0475 -1.7861 -0.3204 -3.7297 -5.0290 -1.3489 -0.9861 -2.4225 
33.7003 25.1600 -5.5677 -5.3630 4.2341 1.1417 -2.1020 -0.9226 -2.9200 -3.7194 -1.3741 -1.9590 -2.1352 
35.5397 25.8661 -6.4568 -4.7243 4.8482 -0.8645 -4.2729 -0.5870 -1.6200 -3.0564 -0.8162 -1.5114 -2.4191 
35.5408 25.5522 -6.6973 -4.0674 5.5765 -1.1246 -4.8082 -0.4626 -1.1697 -2.7090 -0.5418 -1.5446 -2.8830 
36.2538 25.2975 -8.1311 -4.5875 5.5496 -1.7541 -4.9272 0.3213 -0.9906 -3.1054 -0.0550 -0.6144 -3.0780 
34.9997 25.4415 -6.1750 -4.2660 4.5476 -1.7355 -4.4983 0.3320 -0.1097 -1.5427 0.2628 -1.2991 -3.0185 
36.6639 26.1313 -7.2117 -4.2502 5.3704 -2.1049 -5.5263 -0.0881 -0.2680 -1.7212 0.2396 -1.6111 -3.5714 
36.3568 26.4660 -6.1671 -3.7486 5.4612 -1.9317 -5.4545 0.1206 -0.0042 -2.2032 -0.3709 -1.1487 -2.9129 
36.0875 26.5030 -5.8057 -3.9669 4.8016 -2.1744 -5.4253 -0.1513 -0.1881 -1.9696 -0.4376 -1.7500 -3.2021 
35.7029 25.9903 -5.9040 -3.4537 5.1511 -2.5454 -5.8717 -0.0733 0.0414 -2.0830 -0.8421 -2.0793 -3.1806 
35.1451 25.6024 -5.7517 -3.3940 4.9087 -2.7037 -5.8905 -0.1839 0.0307 -1.7151 -0.3090 -1.7342 -3.1990 
34.6545 25.5035 -5.0620 -2.8990 4.7104 -3.1779 -6.1477 -0.0361 0.4794 -1.3213 -0.2620 -1.9351 -3.1850 
34.8610 25.7059 -4.9786 -2.7613 5.0038 -2.7936 -5.7157 0.3334 0.4454 -1.8224 -0.6078 -1.6162 -2.5722 
33.4853 24.8621 -4.5694 -2.8390 4.4957 -2.6328 -5.5935 -0.4564 -0.1575 -1.4801 -0.5071 -2.4503 -3.3910 
34.0288 25.2335 -4.6741 -2.5358 5.4020 -2.2824 -6.0704 -0.2335 1.1084 -0.9854 -1.2178 -2.5750 -2.5628 
33.4648 25.0450 -4.1961 -2.6151 4.7036 -2.2258 -5.2568 -0.3376 0.0106 -1.2256 -0.2844 -2.0022 -2.6764 
34.2449 25.4117 -4.5292 -2.5237 4.8241 -2.6469 -5.1984 0.6333 0.5660 -1.7905 -1.0934 -2.3650 -2.8754 
35.6353 25.9666 -5.9017 -3.6411 4.9627 -2.2272 -5.2346 0.1925 0.0069 -1.9851 -0.8103 -2.1760 -3.0071 
34.5249 25.4580 -5.0775 -3.0325 5.1100 -1.8077 -4.7630 0.2728 -0.0560 -1.9653 -0.7052 -1.9598 -2.8678 
34.8591 25.4252 -5.9247 -4.1653 4.4159 -1.4183 -3.8667 0.0379 -1.3592 -2.6236 -0.5677 -2.0750 -3.0703 
34.3561 25.3545 -5.0571 -3.3359 4.7102 -1.0512 -3.1016 0.6759 -1.0541 -2.2531 -0.2291 -2.1673 -3.0573 
35.8547 25.7224 -6.9135 -4.6101 5.0257 -0.3750 -2.8817 -0.0042 -2.6528 -3.3624 0.1864 -1.3114 -2.8969 
35.9871 26.3077 -6.2742 -4.5905 5.3798 0.7084 -2.3485 -0.1144 -2.3453 -3.0259 0.0406 -0.8877 -1.7784 
35.8172 25.7865 -7.0346 -4.9810 5.4937 1.0228 -2.1390 -0.3884 -3.0573 -3.4001 0.2073 -1.0561 -2.5125 
35.1115 25.1037 -6.7532 -3.7521 6.3461 0.5449 -2.7432 0.0931 -2.6840 -4.1160 -0.1988 -0.6496 -2.8584 
34.5053 24.7301 -6.6602 -4.0249 5.9535 0.8112 -2.3266 -0.3132 -3.5123 -4.3000 0.3440 -0.0002 -2.5242 
33.3743 24.5515 -5.4046 -3.7543 5.3787 0.8562 -2.2545 -0.8805 -3.8339 -4.1734 0.2101 -0.2198 -2.4242 
33.3719 24.2011 -6.0211 -3.9163 5.7045 1.2911 -1.8875 -0.8308 -4.0525 -4.1131 0.4440 -0.4192 -2.5408 
32.5379 24.2821 -4.7373 -3.6501 5.1683 1.4232 -1.5529 -0.9828 -4.0045 -3.5719 0.9377 -0.2124 -2.7089 
30.7020 22.7660 -4.6380 -3.2491 5.2645 1.4949 -1.5728 -1.1011 -3.9642 -3.6243 0.5886 -0.2661 -2.1946 
30.3830 22.7829 -4.0859 -2.8842 5.3835 1.7754 -1.0458 -0.4708 -3.5993 -3.8455 0.1784 -0.3837 -2.2659 
28.4011 21.5514 -3.1526 -2.1248 4.9890 1.2814 -1.1106 -0.4015 -3.5881 -4.1147 -0.3036 -0.4650 -2.0403 
26.8463 20.1732 -3.1725 -1.6279 5.3658 1.5577 -0.7254 0.1459 -3.2503 -4.2171 -0.3739 -0.3878 -2.4597 
26.4310 19.8088 -2.8266 -0.9203 5.1252 0.3025 -1.6292 -0.0518 -3.4305 -4.4324 -0.4347 -0.5002 -2.6173 
25.9267 19.2747 -2.9745 -0.8652 4.9647 -0.0981 -1.6873 0.6219 -2.4751 -3.8678 -0.3382 -0.5565 -2.5983 
24.5223 18.1615 -2.7718 -0.4201 5.1129 0.0119 -1.5624 0.7082 -2.3216 -3.6543 -0.0886 -0.2610 -2.4842 
24.3489 18.3599 -2.1496 -0.1239 5.2546 0.5124 -1.1272 0.6997 -2.2799 -3.4073 -0.1109 -0.4308 -2.3260 
25.6481 18.8332 -3.4987 -1.0245 5.8160 1.1840 -1.3612 0.1653 -2.2545 -2.9977 -0.2257 -1.2944 -2.8870 
25.6262 18.6557 -3.8673 -1.3062 5.7099 1.0280 -1.5204 0.3159 -1.9456 -2.9748 -0.4143 -1.2648 -2.4613 
23.0416 16.4414 -3.6795 -0.6094 5.1669 -0.1489 -1.6229 1.4800 -1.2444 -3.7710 -1.4500 -1.4353 -2.8674 
22.6885 16.4652 -3.0764 -0.3946 5.0030 0.3768 -0.2869 2.7148 -0.2721 -2.6363 -0.5244 -1.1744 -2.6884 
21.2968 15.0792 -3.5940 -0.7412 4.5088 -0.1815 -1.1047 1.5549 -1.2922 -2.9661 -0.1577 -0.6338 -2.4053 
20.4314 14.1999 -3.8555 -0.7321 4.2611 -0.9107 -1.7548 1.8599 -0.1846 -2.0122 0.4087 -0.1053 -2.0198 
20.4579 14.5009 -3.3254 -0.6329 3.8983 -0.9616 -1.4196 1.7797 -0.7328 -2.3144 0.4510 0.0228 -1.7863 
19.7074 13.9132 -3.2291 -0.5182 3.6557 -1.2998 -1.3996 2.3082 -0.2082 -2.3788 0.0540 -0.1697 -1.7889 
19.4216 13.4620 -3.5469 -0.4468 3.8578 -1.3865 -1.8622 1.5679 -1.0081 -2.9729 -0.3825 -0.6120 -2.0654 
18.9381 12.6274 -4.3564 -0.6852 4.2061 -0.8497 -1.4386 1.6701 -1.1819 -3.0557 -0.2709 -0.6079 -2.2460 
18.7510 12.7259 -4.1676 -1.2364 3.3403 -1.3074 -1.5209 2.1150 -0.1136 -2.1338 0.1092 -0.2499 -1.9213 
18.4577 11.8717 -5.1794 -1.3804 3.6266 -1.5614 -2.2090 1.1700 -1.4926 -3.3469 -0.1976 -0.1246 -2.1732 
18.0913 11.8838 -4.6623 -1.1978 3.7253 -0.9379 -1.3401 1.9735 -0.7828 -3.1520 -0.6117 -0.3203 -1.6994 
18.7157 12.3965 -4.4382 -0.6659 4.1532 -1.2891 -2.1969 1.2324 -1.0017 -2.6461 0.1791 0.0111 -1.7836 
20.4870 14.4499 -2.6656 1.0594 4.6322 -1.9205 -2.3892 1.0476 -2.0952 -3.5638 -0.2774 -1.0713 -2.6466 
20.5316 13.6775 -4.0157 0.6714 4.8432 -1.6710 -1.4801 2.0785 -2.0396 -3.8589 -0.3469 -1.6502 -3.7537 
21.3080 15.3225 -2.4077 1.1979 5.4389 -0.7072 -1.4210 1.9069 -1.5032 -3.8924 -0.9092 -1.0273 -2.7116 
24.9644 16.7676 -4.6906 1.3875 7.1779 -1.6615 -3.1066 1.7313 -2.6569 -6.3642 -1.8684 -0.8760 -3.5127 
27.3469 16.5086 -7.9765 1.5892 9.1632 -2.4587 -4.0823 2.9954 -1.8714 -6.5560 -0.8738 0.5078 -3.2502 
28.9114 17.1651 -8.8046 1.9354 10.3398 -2.1033 -3.8869 3.5163 -2.0328 -7.1618 -0.8922 0.6301 -3.5438 
29.1175 16.6527 -10.1254 1.0066 9.6206 -3.0201 -4.3023 4.0033 -0.8872 -5.7860 -0.1763 0.5347 -3.3800 
30.4275 17.2233 -11.1474 0.4135 9.9430 -2.7420 -3.9603 4.9375 0.2073 -5.0202 0.3535 0.9790 -2.8971 
30.1667 15.6201 -14.0364 -0.9746 11.0513 -1.3341 -4.0894 3.7044 -1.1333 -6.0484 -0.2047 0.5136 -4.0016 
31.4805 16.9342 -14.1327 -2.1373 10.5083 -0.6138 -3.6607 2.9456 -1.5875 -5.2073 0.7268 0.8906 -3.1396 
32.0494 17.6284 -13.9467 -2.4629 10.5525 0.1550 -3.0521 2.8189 -2.1240 -6.0490 -0.3752 0.3126 -2.8048 
31.9800 18.5896 -12.4048 -2.4460 9.9332 0.2780 -3.2646 1.9596 -2.5453 -6.6391 -1.8032 -0.2753 -1.7084 
32.1536 20.4829 -9.5657 -1.9547 9.3715 0.9146 -3.0462 0.9923 -2.7354 -5.8841 -1.4441 -0.1937 -1.4715 
32.6132 21.9711 -8.1884 -2.7182 8.3493 1.4993 -3.0490 -0.9010 -4.2560 -5.8200 -1.2461 -0.8585 -2.4159 
33.7018 24.0228 -6.6840 -3.5293 6.9274 1.5526 -2.4921 -0.7116 -3.7934 -5.4389 -1.4702 -0.7467 -1.6843 
34.6185 24.6032 -7.4328 -4.6248 6.8482 2.3773 -1.9932 -0.9414 -4.1847 -5.8291 -1.9964 -0.9251 -1.1290 
32.6065 23.7584 -5.5705 -3.2729 6.0913 0.9530 -2.6171 -0.5125 -3.3682 -5.8381 -3.0855 -1.8877 -1.2683 
33.7681 24.1910 -6.7159 -4.6706 4.5057 -0.5306 -2.7581 0.2877 -2.6885 -4.7844 -1.9229 -2.2172 -2.4697 
31.4517 23.1562 -5.3628 -4.3833 4.1240 0.3457 -1.9336 -0.0150 -2.9459 -4.8915 -2.5596 -2.6444 -2.1266 
32.9362 24.8829 -4.8291 -5.2442 2.8124 -0.7015 -2.9599 -0.8137 -2.6844 -3.9720 -2.5429 -3.8630 -3.2657 
30.4375 23.1120 -3.6168 -3.1955 3.7029 -0.5745 -2.2498 0.7595 -1.1262 -3.0607 -1.8624 -2.9823 -2.6119 
32.7280 24.8025 -4.3176 -4.2552 3.3415 -1.3338 -3.8843 -0.6479 -1.7031 -3.4423 -2.5115 -3.7254 -3.3247 
31.8080 23.5654 -4.4286 -2.8675 4.1540 -1.5857 -3.0341 1.2708 -0.7358 -3.0772 -1.4103 -2.5153 -2.7702 
32.6791 25.3000 -3.5245 -4.5320 2.1976 -2.1741 -4.1887 -0.5047 -0.9326 -2.5320 -2.3227 -4.1841 -3.6342 
32.9721 23.6488 -6.4924 -4.8840 2.9921 -2.6177 -3.8433 0.9905 -0.8922 -3.2229 -1.3861 -2.6104 -3.0028 
33.1109 25.4429 -3.9778 -4.9347 2.0185 -2.2317 -4.0807 -0.5248 -1.2896 -2.5678 -1.4404 -2.9189 -2.8987 
31.7212 23.8077 -4.5139 -4.4199 2.3010 -2.5074 -3.7794 0.3781 -0.9731 -2.7046 -0.8850 -1.7079 -1.9267 
34.1279 25.5104 -5.6500 -6.2114 1.8045 -2.3122 -4.3130 -0.7703 -1.5712 -2.6406 -1.2436 -2.8085 -2.8796 
33.9346 24.4417 -7.0557 -5.9266 3.3965 -1.2300 -3.8088 -0.1797 -1.2206 -2.6389 -0.8268 -1.6687 -1.6956 
35.4315 25.9967 -7.2988 -7.8871 1.7297 -1.8598 -4.7702 -1.6745 -2.1456 -3.2053 -1.8310 -2.8275 -2.6965 
33.4191 23.5115 -8.0983 -6.4623 3.4240 -1.3095 -4.1944 -0.4157 -1.2579 -2.6631 -0.4364 -0.7150 -1.0794 
35.9843 25.7217 -7.9050 -6.6426 3.3981 -1.2751 -3.6919 0.0435 -1.6033 -3.1341 -0.6010 -1.4026 -2.2352 
32.3911 23.8919 -6.3349 -6.7970 2.0482 -0.9893 -3.4542 -0.8748 -1.7380 -2.6955 -1.0534 -1.7766 -1.7457 
33.0982 23.7010 -7.3551 -6.2518 3.4410 -0.8458 -3.9671 -0.7058 -1.2224 -2.3104 -0.6484 -1.4933 -1.8421 
30.9984 23.2340 -4.7393 -4.8330 2.3655 -1.8111 -3.8268 -0.8193 -2.0674 -3.0204 -0.7893 -1.5913 -2.2587 
30.8001 22.4938 -5.9341 -5.4409 2.7160 -1.1855 -3.4679 -0.6536 -2.0592 -3.4146 -1.4472 -1.8491 -1.9689 
28.1952 20.9343 -4.2962 -3.8476 2.0388 -2.6461 -3.5835 0.4683 -1.0711 -3.0673 -1.2519 -1.5967 -2.0178 
29.5068 22.1882 -4.2025 -4.0862 2.4925 -2.1877 -4.4237 -1.0463 -1.6020 -2.4703 -0.5762 -1.5004 -2.5936 
26.8429 19.8504 -4.0587 -3.0976 2.9945 -1.4355 -2.7246 0.6983 -0.7072 -2.2079 -0.4744 -1.2000 -1.9307 
26.0125 19.1771 -3.9455 -2.9797 2.5026 -2.0988 -2.8979 0.8157 -0.7582 -2.0733 0.2934 -0.3634 -1.6988 
25.2112 18.5090 -3.8341 -2.6971 2.4095 -2.4027 -3.0731 0.7404 -0.8012 -1.9022 0.6893 -0.1203 -1.8344 
22.7517 16.1962 -4.2382 -2.5398 2.1267 -2.8890 -3.4035 0.5117 -1.1598 -2.5754 -0.1659 -0.7681 -2.1170 
21.8322 15.2778 -4.3319 -2.1581 2.3604 -2.6858 -2.8671 1.0075 -0.9909 -2.1591 0.7585 0.0335 -1.7196 
21.0237 15.0047 -3.6874 -1.9631 2.0889 -2.9180 -3.3006 0.6104 -0.9309 -2.1722 0.5103 0.1236 -1.7021 
20.8224 14.4457 -4.2341 -1.7804 2.6365 -2.5348 -2.8810 1.0262 -0.7073 -1.7601 1.0830 0.2221 -1.8406 
19.2559 12.7222 -5.1105 -2.2193 2.4000 -2.5065 -2.7400 0.9235 -1.2955 -2.7815 -0.0860 -0.9451 -3.0822 
20.1911 13.8716 -4.1809 -1.4191 2.7988 -2.6292 -2.9303 1.0901 -0.7631 -2.0611 0.6063 -0.2917 -2.1781 
19.1086 12.6017 -5.1148 -2.1947 2.4738 -2.3755 -2.6371 0.9948 -1.2867 -2.9572 -0.1381 -0.2082 -1.6923 
18.1299 11.8968 -4.8572 -2.1731 1.5270 -3.5430 -3.2868 0.4616 -2.1003 -3.5665 -0.2816 -0.4481 -2.2589 
18.1544 11.6528 -5.5717 -2.7855 1.6572 -3.0568 -3.2453 0.3561 -1.4907 -2.4724 0.3791 -0.2859 -1.9672 
18.8364 12.4029 -5.0427 -2.0909 2.5813 -2.0070 -1.9534 1.7305 -0.6405 -2.2909 0.4528 -0.1009 -2.1016 
18.3822 12.3110 -4.3489 -1.3034 3.1764 -1.5596 -1.8470 1.5824 -0.5870 -1.9479 0.9037 0.5021 -1.4496 
18.3076 12.1845 -4.4304 -1.2652 3.0706 -2.1870 -2.8276 0.8029 -1.0979 -2.5621 0.2034 -0.0045 -1.8562 
18.0709 11.7676 -4.9570 -1.8700 2.4017 -2.6180 -2.7784 0.8895 -1.4826 -3.1895 -0.2441 -0.2179 -1.8986 
17.8850 11.7227 -4.6904 -1.3673 3.3218 -1.4914 -2.0583 1.2619 -0.9660 -2.7242 -0.3051 -0.5917 -2.0371 
18.0812 11.8692 -4.8317 -1.9297 2.2500 -2.5990 -2.4149 1.6357 -0.6294 -2.6576 -0.1093 -0.3532 -2.2617 
18.4265 12.3253 -4.4554 -1.3980 3.3524 -1.2480 -1.8259 1.3003 -0.8865 -2.3187 0.2937 -0.1367 -1.8683 
16.8359 10.7254 -5.0379 -1.8653 2.4505 -2.0354 -2.0286 1.3401 -0.9112 -2.1301 0.9184 0.6494 -1.2856 
17.1999 11.0924 -4.8776 -1.7418 2.5521 -1.9643 -1.7538 1.8833 -0.6017 -2.5905 -0.1659 -0.4092 -1.8979 
17.0883 11.3047 -4.3149 -1.4648 2.5588 -1.9967 -2.0515 1.3482 -0.9362 -2.5881 0.0924 0.0392 -1.6010 
17.1463 10.9184 -5.2699 -2.1114 2.5917 -1.7806 -2.0711 1.0833 -1.3456 -2.9702 -0.1848 -0.4261 -2.4583 
16.1488 9.9870 -5.7486 -2.8131 2.0699 -1.5979 -1.7219 1.2919 -0.8148 -2.1690 0.3403 -0.1015 -1.8461 
16.8188 11.0461 -4.6522 -2.0442 2.3903 -1.5825 -1.8401 1.2745 -0.6521 -2.1361 0.1176 -0.1963 -1.7383 
16.6588 10.9772 -4.1937 -1.1412 3.0162 -1.3936 -1.4999 1.7898 -0.4236 -2.0833 0.2796 -0.0645 -1.6637 
16.6239 10.8451 -4.0883 -0.5626 3.2988 -1.7416 -1.6832 2.0007 -0.3809 -2.2025 0.1760 -0.4905 -2.2350 
15.8711 9.7185 -5.4452 -1.9251 2.5137 -2.2647 -2.9218 0.1884 -1.7924 -3.0883 -0.6300 -1.2234 -2.9031 
16.4734 10.7003 -4.5219 -1.4271 2.9803 -1.2456 -1.4962 1.5453 -0.6707 -2.0399 0.6150 0.1477 -1.9218 
16.6439 10.9416 -4.1654 -0.9593 3.1733 -1.4656 -1.6779 1.6341 -0.6162 -2.0964 0.6622 0.1444 -2.1311 
16.8910 11.4662 -3.9381 -1.5748 2.7977 -0.8098 -1.2159 0.9877 -1.5521 -2.7954 -0.2064 -0.6965 -2.4682 
16.3586 10.1471 -5.4061 -1.9860 2.7097 -1.2468 -0.8677 2.4405 -0.2277 -2.0908 0.2092 -0.4938 -2.3048 
22.6047 12.7545 -9.6855 -3.3800 4.2320 -2.1053 -2.3551 2.2954 -1.0681 -3.0619 0.4003 -0.7768 -2.8438 
18.8556 11.2204 -6.8675 -1.9499 3.8745 -1.6001 -2.0305 1.5395 -1.5221 -3.0911 0.5148 -0.0491 -2.4268 
15.9733 9.6049 -5.7248 -2.0000 2.3643 -2.3644 -2.1364 1.6303 -0.7905 -2.3859 0.6547 0.3721 -1.7463 
15.9489 9.9936 -4.7925 -1.1404 3.0492 -1.6685 -1.9017 1.1032 -1.2910 -2.2851 0.7933 0.2649 -1.5180 
16.5022 11.0042 -3.9256 -0.9629 3.1365 -1.4742 -2.0538 1.1774 -0.6428 -2.2100 -0.0176 -0.4185 -2.1066 
16.2976 10.4330 -4.5781 -1.1927 2.9393 -1.7714 -2.0007 1.2991 -0.7763 -2.0589 0.4662 -0.1584 -1.8902 
16.1329 10.5944 -4.0354 -0.8995 3.2122 -1.0228 -1.2926 1.3467 -0.9577 -1.8745 0.7971 -0.0615 -1.8102 
15.9353 10.2551 -4.6650 -1.5856 3.2482 -0.4267 -0.9582 1.6519 -0.2417 -1.3779 0.7875 -0.0238 -1.9195 
15.2709 9.9671 -3.9822 -1.0956 2.6499 -1.4992 -1.6383 1.1210 -1.0714 -2.0841 0.7085 0.3426 -1.3921 
15.4133 10.2569 -3.7684 -1.0569 2.9662 -0.9181 -1.2849 1.3497 -0.8052 -2.1534 0.2777 -0.2076 -2.1862 
15.3033 10.0073 -4.0259 -1.1526 2.8035 -1.2418 -1.3391 1.8232 -0.1646 -1.8283 0.2751 -0.1126 -1.8567 
14.7608 9.4607 -4.2585 -1.4084 2.3946 -1.5352 -1.3474 1.9607 -0.0846 -2.0465 -0.4446 -1.0103 -2.2278 
14.6655 9.4780 -4.1504 -1.5320 2.0016 -2.2841 -2.6803 0.3357 -1.3408 -2.6511 -0.5079 -0.9272 -2.6409 
14.5960 9.6141 -3.7270 -1.2623 2.0450 -1.8960 -1.6255 1.5617 -0.5629 -2.2986 -0.0974 -0.0596 -1.3458 
13.8109 8.4620 -4.6397 -1.3223 2.7899 -1.3232 -1.9356 0.7815 -1.0471 -2.2891 0.1889 0.1806 -1.4509 
14.0902 8.9370 -4.4925 -2.0269 1.8821 -1.4724 -1.3756 1.4467 -0.6798 -2.3342 -0.0721 -0.0464 -1.6392 
14.4205 9.4831 -3.8684 -1.5011 2.2176 -1.3832 -1.6467 1.0413 -0.7008 -2.1091 -0.3157 -0.6328 -1.6898 
14.2810 9.3395 -3.6924 -1.1237 2.1263 -1.7151 -1.3097 1.7266 -0.5679 -2.2457 -0.2684 -0.9175 -2.5096 
15.0443 9.8805 -4.1123 -1.6569 2.3898 -1.2248 -1.5810 1.1355 -0.6258 -2.0457 -0.1231 -0.3901 -1.7422 
15.2356 9.6258 -4.8089 -1.9661 2.0787 -2.0002 -2.0623 1.2687 -0.6053 -2.2839 -0.1677 -0.2965 -1.6610 
15.3449 10.1255 -3.6938 -0.6174 3.2104 -1.1607 -1.4413 1.5059 -0.8629 -2.5360 0.1445 0.2670 -1.3823 
15.7823 10.5787 -3.7523 -1.3654 2.0728 -2.1519 -2.1250 1.0269 -0.9989 -2.3265 0.1586 -0.1433 -1.6305 
15.0125 9.7010 -4.1887 -1.2610 2.8890 -0.9018 -1.2932 1.2204 -0.6292 -1.4750 0.7042 -0.3277 -2.1583 
14.5990 9.5115 -4.0147 -1.3355 2.6398 -1.1812 -1.7591 0.7326 -1.1928 -2.3825 0.1981 0.2925 -1.3002 
15.5468 10.3335 -3.9043 -1.3516 2.4938 -1.6484 -2.0478 1.1082 -0.3058 -1.4677 0.4379 -0.5578 -2.5046 
14.4388 9.1464 -4.4047 -1.6035 2.1511 -1.6640 -1.3983 1.8659 -0.1271 -1.8298 0.0156 -0.6583 -2.3380 
14.0680 8.7097 -4.5096 -1.4258 2.1816 -1.7754 -1.3835 1.7720 -0.4020 -1.7429 0.5654 -0.1300 -1.9126 
14.8284 9.8708 -3.7314 -1.3648 2.3376 -1.4752 -1.7931 1.1797 -0.2745 -1.5904 0.2214 -0.2498 -1.7892 
14.7872 9.9567 -3.3579 -0.9761 2.3200 -1.7397 -1.8453 1.0335 -1.1899 -2.9544 -0.6777 -0.5977 -2.0593 
14.0495 8.6085 -4.9413 -2.1277 1.6600 -2.3284 -2.4886 0.5558 -1.2491 -2.8039 -0.9866 -1.4329 -2.7112 
15.1846 10.2767 -3.2340 -0.7039 2.5149 -1.7490 -1.6098 1.6582 -0.4647 -2.2153 -0.0344 -0.3199 -1.9875 
14.8489 9.6329 -3.8979 -0.9784 2.4812 -1.7694 -1.6544 1.3218 -0.9711 -2.1045 0.7733 0.4117 -1.4949 
14.6316 9.5281 -4.0730 -1.7920 1.5252 -2.1866 -1.8494 0.9317 -1.4754 -2.8714 -0.4262 -0.7060 -2.0816 
15.5771 10.5995 -3.4591 -1.2899 2.1363 -1.8216 -1.8710 1.2139 -0.4228 -1.6537 0.3250 -0.2864 -1.8481 
15.1266 9.8234 -4.2784 -1.6783 2.2521 -1.6987 -2.1709 0.5144 -1.2763 -2.4490 -0.1975 -0.3987 -1.8321 
13.4495 8.3392 -4.2149 -1.0242 2.6283 -1.4467 -1.7655 0.7950 -1.3616 -2.6364 -0.1939 -0.1585 -1.1603 
14.6100 9.7280 -3.2662 -0.4286 2.7420 -1.8162 -2.0657 1.0187 -0.7933 -2.0153 0.3084 -0.1581 -1.7744 
14.8354 9.7275 -3.9049 -1.2887 2.3735 -1.6027 -1.7401 1.1507 -0.9193 -2.3080 0.2019 0.0034 -1.8668 
14.9785 9.9692 -3.4993 -0.7265 2.7787 -1.6393 -2.1202 0.8846 -0.6771 -1.8163 0.3320 -0.1705 -1.8447 
13.9089 9.0620 -3.6192 -1.0623 2.0610 -1.6639 -1.1368 1.7446 -0.7269 -2.3034 -0.0233 -0.3392 -1.7000 
14.2453 8.7992 -4.7041 -1.5955 2.4367 -1.1562 -0.7874 2.0452 -0.6030 -2.2476 0.2623 -0.0534 -1.8406 
13.4309 8.2697 -4.3841 -1.1869 2.6208 -1.4513 -1.9904 0.4395 -1.6785 -2.8026 -0.1099 -0.1727 -1.8322 
14.3856 9.2289 -4.0231 -1.0463 2.7557 -1.1247 -1.3061 1.2154 -1.0111 -2.1172 0.3801 -0.1394 -1.9068 
14.1860 9.0509 -4.0329 -0.9239 2.9698 -1.0321 -1.4454 1.0516 -1.2371 -2.6794 -0.2825 -0.4975 -2.0735 
13.3033 8.2758 -4.1966 -1.1854 2.4248 -1.4958 -1.7019 1.0089 -1.0163 -2.4189 -0.2071 -0.4232 -1.8624 
12.6077 7.3283 -5.1003 -2.1023 1.4550 -2.5058 -2.6559 0.1069 -2.1416 -3.8532 -1.4880 -1.2107 -2.4212 
13.6098 8.6703 -3.9561 -1.2270 2.1333 -1.8548 -2.1045 0.4757 -1.4557 -2.4368 0.0271 -0.3517 -2.0049 
13.7323 8.9856 -3.3611 -0.4352 2.9303 -1.1999 -1.4407 1.4014 -0.5014 -1.8952 0.3251 0.2014 -1.2014 
13.9920 9.3602 -3.0775 -0.3871 2.8632 -1.1235 -1.2573 1.4511 -0.6211 -2.0691 0.1728 0.1713 -1.1131 
14.5039 9.8416 -3.0947 -0.5472 3.1386 -0.5453 -0.9447 1.5489 -0.2612 -1.3553 0.9624 0.6156 -1.3726 
