15.8399 10.6996 -3.6650 -1.3306 2.3565 -1.6571 -2.0037 0.7496 -0.9967 -2.0356 0.0965 -0.5261 -1.9584 
15.8248 10.7850 -3.3516 -0.9444 2.5002 -1.7679 -2.0537 0.8203 -1.1823 -2.6932 -0.6597 -0.8551 -1.8444 
15.4044 10.2338 -3.8493 -1.2721 2.4866 -1.8004 -2.3371 0.7599 -0.8391 -2.3760 -0.2894 -0.1947 -1.4517 
15.8139 10.6611 -3.7591 -1.4910 2.1764 -1.8705 -2.0656 1.0389 -0.7793 -2.2185 0.1885 0.2375 -1.2966 
15.5665 10.0337 -4.2965 -1.3071 2.2565 -2.5647 -2.7695 0.7476 -1.1629 -2.9130 -0.8172 -1.0447 -2.3066 
15.4449 10.3081 -3.8951 -1.7886 1.5970 -2.2584 -2.1241 0.8100 -1.1317 -2.1383 0.3692 -0.1748 -1.8475 
15.4669 10.1690 -4.1083 -1.7467 1.6520 -2.4317 -2.1577 0.9933 -1.3948 -3.0951 -0.5390 -0.3780 -1.6246 
16.1641 11.0008 -3.5762 -1.3291 2.2231 -1.7968 -1.8357 0.9484 -1.3480 -2.6166 0.0872 -0.0914 -1.6793 
15.8421 10.6457 -3.8924 -1.8029 1.7597 -1.9875 -1.7666 1.1773 -1.1222 -2.6518 -0.1208 -0.0424 -1.3816 
16.0885 10.9019 -3.6220 -1.2465 2.4517 -1.5358 -1.7063 0.9143 -1.4557 -2.8047 -0.2348 -0.3464 -1.6083 
16.1108 11.0727 -3.1309 -0.7162 2.4174 -2.0617 -1.8600 1.6209 -0.2145 -1.5571 0.5682 -0.3021 -2.1659 
15.6897 10.4796 -3.7566 -1.2365 2.2974 -2.0055 -2.3072 0.4584 -1.7142 -2.9446 -0.3252 -0.6543 -2.5126 
15.2897 10.2134 -3.8500 -1.6609 1.9546 -1.8150 -1.9262 0.8983 -1.0677 -2.5607 -0.5633 -0.8877 -2.0769 
15.3429 10.5208 -3.4230 -1.5507 1.9918 -1.6688 -2.2014 0.1052 -1.6821 -2.7101 -0.5475 -0.8400 -2.1248 
15.6380 10.6400 -3.4336 -1.1521 2.3136 -1.8734 -2.2960 0.4763 -1.3207 -2.4477 -0.1379 -0.4573 -1.7330 
15.7725 10.3291 -4.0681 -1.0933 2.7396 -1.8691 -2.3064 0.8879 -1.0331 -2.6377 -0.4197 -0.6045 -2.0387 
16.0128 10.5620 -4.1194 -1.2973 2.8123 -1.4158 -1.7721 1.3627 -0.5940 -2.3538 -0.4417 -0.9710 -2.5663 
15.1811 9.9398 -3.9033 -1.0198 2.6501 -1.8102 -2.2294 0.8185 -0.9922 -2.3052 -0.0848 -0.6786 -2.5050 
15.6906 10.5846 -3.6302 -1.2415 2.5147 -1.2797 -1.4378 1.0911 -1.2694 -2.6311 -0.0919 -0.1750 -1.6409 
15.9118 10.5912 -4.0556 -1.5612 2.5905 -1.1983 -1.6378 0.8993 -1.2533 -2.6090 -0.0696 0.0560 -1.3921 
16.3052 10.9112 -3.7870 -1.0078 2.7466 -1.7506 -1.9685 1.1515 -1.1891 -3.0492 -0.5914 -0.2550 -1.3115 
15.8615 10.6986 -3.6591 -1.3231 2.2634 -1.5687 -1.3910 1.3351 -1.2495 -2.7460 -0.0576 -0.0013 -1.2506 
15.7106 10.5449 -3.5732 -1.0746 2.0969 -2.3967 -2.2140 1.1569 -1.0512 -2.7316 -0.2553 -0.1499 -1.2919 
18.1915 11.7247 -5.5288 -2.7837 1.9002 -2.2111 -1.8319 1.7181 -0.9522 -2.8101 -0.0780 -0.4123 -2.0802 
18.1986 12.0470 -5.0873 -2.6216 2.5274 -0.9545 -1.0087 2.1924 0.1019 -1.8146 -0.0493 -0.5905 -2.0126 
15.8702 10.5182 -3.9149 -1.2670 2.1649 -2.5361 -2.8050 0.3547 -1.8125 -3.2325 -0.4258 -0.5834 -2.5996 
16.1375 11.1296 -3.3185 -1.2558 2.1409 -1.9373 -2.1293 0.6770 -1.3707 -2.6885 -0.1619 -0.0472 -1.5084 
14.6731 9.2421 -4.3779 -1.0696 2.8380 -1.6980 -2.2719 0.6631 -1.2171 -2.4761 0.0383 -0.1031 -1.7529 
15.7881 10.5884 -4.0634 -2.0100 2.0168 -1.4325 -1.7559 0.5764 -1.7585 -3.3169 -1.0489 -1.0676 -2.3767 
15.2225 9.7599 -4.6262 -2.1951 1.6834 -1.6842 -1.1622 1.4931 -1.3537 -2.9242 -0.3158 -0.7131 -2.4688 
15.5312 10.4528 -3.9052 -1.8757 2.1239 -1.0979 -1.2210 1.1448 -1.0680 -2.3962 -0.1125 -0.3769 -1.8689 
15.8623 10.3681 -4.4024 -1.6627 2.6457 -1.5198 -2.2542 0.6069 -1.2013 -2.5149 0.2340 0.5257 -1.1966 
15.6817 10.3533 -4.1357 -1.7232 2.0611 -1.7596 -1.5439 1.6049 -0.7222 -2.7675 -0.7895 -0.6980 -1.4753 
15.2701 9.9802 -4.2615 -1.8761 1.8334 -2.1495 -2.2347 1.0656 -0.4331 -1.7621 0.2273 -0.1230 -1.3937 
15.1427 9.7940 -4.2684 -1.7159 1.5933 -2.8648 -2.7331 0.8884 -0.9865 -2.9356 -1.1132 -1.2704 -2.3158 
15.7638 10.7091 -3.6002 -1.3813 2.3600 -1.5012 -1.7453 1.1492 -0.7811 -2.3974 -0.3035 -0.3046 -1.5435 
18.4391 10.5673 -7.3199 -2.3385 2.4713 -3.7085 -2.9485 2.0092 -1.3326 -3.7669 -0.4018 -0.9027 -3.0465 
21.9767 12.9617 -8.2195 -2.6406 3.6488 -2.7280 -2.0124 3.2815 -0.6148 -3.5608 -0.0006 -0.5030 -2.6137 
17.7938 11.0587 -5.5698 -1.5118 3.0193 -2.5556 -2.4646 1.9679 -0.4726 -2.5516 0.3928 0.0615 -2.1215 
15.9877 9.6903 -5.3203 -1.3017 2.7837 -2.3754 -2.1213 1.6631 -1.0861 -2.8122 0.3731 0.0998 -1.9039 
15.4746 9.7991 -4.7034 -1.8276 1.8058 -2.5067 -2.1498 1.2169 -1.1133 -2.5575 0.1039 -0.2857 -2.0798 
15.5487 10.0397 -4.4887 -1.8935 1.8433 -2.1398 -1.7158 1.6946 -0.6682 -2.5033 0.0468 0.1530 -1.3519 
15.6005 10.1907 -3.8631 -0.7179 2.8244 -1.6371 -1.2215 2.1208 -0.6042 -2.4646 0.1022 -0.3128 -2.1773 
15.6177 10.3890 -3.8269 -1.2163 2.5383 -1.5427 -1.7124 1.1380 -1.1167 -2.6783 -0.3082 -0.5045 -2.0056 
15.5441 10.2897 -3.8145 -1.0949 2.4927 -1.8107 -1.9762 0.9144 -1.3145 -2.7259 -0.3076 -0.6128 -1.9832 
15.3143 9.8534 -4.4125 -1.6847 1.9781 -2.2804 -2.1437 1.3189 -0.7059 -2.4457 -0.1900 -0.2515 -1.4619 
15.9299 10.8867 -3.5177 -1.5076 1.9765 -1.6446 -1.3584 1.4646 -0.8148 -2.2479 0.0063 -0.3246 -1.6395 
15.7721 10.5776 -3.6694 -1.1486 2.3615 -1.8179 -1.6749 1.5393 -0.7121 -2.4710 -0.1445 -0.1287 -1.3340 
16.8171 11.4215 -3.6786 -1.1404 2.6241 -1.6591 -1.6384 1.4988 -0.9207 -2.6704 -0.1982 -0.3060 -1.7976 
16.0380 10.9961 -3.3251 -1.1656 2.0789 -1.9093 -1.5427 1.4851 -0.9970 -2.7570 -0.4844 -0.5192 -1.6503 
15.8164 10.8043 -3.1827 -0.5585 2.9775 -1.2059 -1.2008 1.7103 -0.9297 -2.9292 -0.4825 -0.2727 -1.6862 
15.9490 10.6171 -4.0078 -1.4673 2.6334 -1.0943 -1.3513 1.0458 -1.4823 -2.8980 -0.2494 -0.2438 -1.6801 
15.1472 9.9058 -4.1947 -1.7917 2.0025 -1.6926 -1.7727 0.7714 -1.7745 -3.5766 -1.3591 -1.2872 -2.2448 
15.9950 10.8378 -3.4750 -0.8308 2.8583 -1.6361 -2.2955 0.5234 -1.3363 -2.6923 -0.4813 -0.6817 -1.9274 
15.6087 10.4383 -3.5700 -0.8420 2.5599 -2.0295 -2.1605 1.0780 -1.1984 -3.0577 -0.6102 -0.5055 -1.9692 
15.7126 10.3000 -4.3053 -1.7301 2.3806 -1.5046 -1.8325 0.9965 -0.9814 -2.3626 0.1411 0.3432 -0.9272 
15.5710 10.4601 -3.7111 -1.5205 1.7781 -2.2789 -2.2848 0.3779 -2.0262 -3.1313 -0.0354 0.0757 -1.5887 
15.8379 10.6010 -3.8165 -1.3663 2.2516 -2.0001 -2.2108 0.8866 -1.0835 -2.5905 -0.0862 0.2011 -1.0615 
15.7306 10.5781 -3.3993 -0.4787 3.3056 -0.7253 -0.6416 2.1592 -0.4247 -2.1126 0.1241 -0.3733 -1.8673 
19.6122 15.2068 -0.4360 1.3691 4.5708 -0.1999 -0.8173 1.9015 -0.4214 -2.0624 0.1682 -0.1573 -1.7215 
23.9988 19.7810 1.3439 2.0315 5.1688 -0.7343 -3.3527 -1.7200 -3.6409 -4.1524 -0.7896 -0.3606 -1.6595 
26.9657 22.0680 0.3730 -0.0828 3.8440 -1.3488 -3.9935 -2.5517 -4.1858 -4.0687 -0.8026 -1.4177 -3.1777 
30.0641 23.7492 -1.7945 -1.6942 5.4640 1.0305 -4.2639 -5.3496 -6.3310 -3.5579 0.6834 -1.2970 -3.7922 
33.1315 24.7703 -4.0098 -1.9017 6.0168 -0.6365 -5.0733 -3.2864 -4.4725 -3.1698 1.1058 -0.8526 -3.5875 
33.8016 25.8047 -3.5188 -2.3385 6.0097 0.1941 -4.9536 -3.9439 -4.2880 -2.2119 1.5198 -0.9432 -3.4340 
32.8496 25.7776 -2.4275 -2.2727 5.8234 0.7705 -5.3477 -5.7004 -5.2474 -1.9574 1.6697 -0.8991 -3.0311 
37.1727 26.9925 -5.7995 -2.4326 6.7135 -1.5405 -5.9935 -2.4170 -3.3152 -2.4616 1.9351 -0.2824 -3.1211 
35.1092 26.9710 -3.6746 -3.2460 5.1391 -0.5270 -5.7083 -4.4499 -4.0651 -1.4442 2.1218 -0.7078 -3.1203 
35.6859 27.8391 -3.7554 -5.0448 3.5593 -0.4442 -5.5337 -5.0612 -4.0810 -0.8292 1.8905 -1.5730 -3.5522 
38.2504 28.6755 -5.3464 -4.3545 5.0001 -1.3468 -5.9098 -2.9319 -2.4762 -0.7499 2.4751 -0.6930 -3.3826 
38.1341 28.8863 -5.1635 -5.1114 4.1546 -1.3103 -5.8810 -3.5201 -2.7017 -0.3649 2.4091 -1.3348 -3.6896 
39.6573 28.4878 -7.4832 -4.8645 5.1284 -2.5583 -6.4735 -2.0331 -2.2879 -1.3874 2.3508 -0.8180 -3.8940 
38.5778 28.1433 -7.0697 -5.8734 3.8237 -2.4842 -6.4309 -2.8526 -2.5531 -1.1122 1.8795 -1.6635 -4.3164 
37.6834 28.2139 -5.7101 -5.5473 3.4721 -1.8178 -5.5027 -2.7787 -2.3724 -0.1908 2.5678 -1.6762 -4.4291 
38.6663 28.2249 -6.7001 -5.2225 3.9866 -2.4064 -5.4602 -1.6943 -1.9726 -0.4197 2.6600 -1.5824 -4.3888 
37.7467 27.5270 -7.1758 -6.8086 2.0227 -3.4100 -5.9352 -2.4180 -2.9114 -1.5900 1.3439 -2.6331 -5.3293 
37.9710 28.5180 -5.7158 -6.1680 2.2790 -2.4720 -4.5712 -1.1855 -1.9397 -0.9869 1.8699 -1.8118 -4.5427 
38.7267 28.2801 -6.9843 -5.9991 3.3259 -2.2643 -4.4556 -0.6076 -2.1036 -1.8124 1.7398 -1.3531 -4.3676 
38.2972 28.4750 -6.1336 -6.1000 2.6134 -2.0387 -3.6547 -0.6428 -2.7791 -2.0258 1.9353 -1.4495 -4.5562 
36.8342 27.4658 -6.0839 -6.8753 1.3582 -2.0388 -3.1889 -1.6096 -4.5714 -3.0887 1.3551 -2.2040 -5.2059 
35.8148 26.7298 -5.5637 -5.4551 2.9671 -1.4316 -3.3477 -0.6239 -2.8984 -3.0553 0.7750 -0.9849 -3.7049 
34.2119 26.0969 -4.6984 -5.6194 2.6136 -0.6671 -2.9924 -0.9970 -2.5054 -2.4018 0.6866 -0.9874 -3.5172 
33.9804 25.8482 -4.7217 -5.3879 2.8740 -0.6515 -3.1244 -1.0026 -2.5207 -2.7628 0.0972 -1.3930 -3.5666 
33.8895 25.7794 -4.4146 -4.7511 3.0534 -1.0698 -3.3860 -1.0230 -2.7583 -3.0067 0.1335 -1.3613 -3.5861 
33.3030 25.3974 -4.2837 -4.7177 3.1183 -0.6512 -3.0773 -1.1998 -3.0289 -3.0168 0.2148 -1.4914 -3.9849 
33.2556 24.8016 -4.8537 -3.9707 4.1903 -0.4191 -2.8507 -0.6218 -3.0018 -3.4256 0.1589 -1.3157 -3.9000 
32.6740 24.5750 -4.7253 -4.6333 3.2318 -0.8605 -3.2569 -1.1441 -3.0588 -3.1556 0.3458 -1.1815 -4.0953 
32.2784 24.1848 -4.7143 -4.2846 3.7281 -0.1723 -2.3669 -0.4571 -2.8828 -3.2609 0.2545 -1.1500 -3.7878 
31.1748 23.4743 -4.2809 -3.8838 3.7011 -0.2634 -2.4676 -0.5477 -2.9836 -3.6712 -0.2737 -1.2180 -3.6551 
31.0174 22.8393 -4.7316 -3.1004 4.5435 -0.4124 -2.5580 -0.1155 -2.9285 -3.9725 -0.1865 -0.7127 -3.0837 
28.5316 21.4437 -3.5027 -2.4281 4.0698 -0.5475 -2.3746 0.2265 -1.8813 -2.9172 -0.1157 -1.1014 -3.2981 
26.7090 19.8896 -3.1980 -1.5161 4.0813 -1.2797 -2.7569 0.4632 -1.5780 -2.9085 -0.2512 -0.9411 -2.6387 
25.9796 19.5711 -2.5167 -0.9743 3.8289 -1.7494 -2.7103 0.9335 -1.2308 -2.5885 0.4854 -0.3319 -2.9195 
24.4762 18.1491 -2.9151 -1.1219 3.7778 -1.4983 -2.4882 0.8292 -1.6935 -3.5606 -0.7181 -1.0026 -3.0566 
22.9106 16.2334 -4.1674 -1.8510 3.0656 -2.5700 -3.7931 -0.3862 -2.7785 -4.5439 -1.4290 -1.4741 -3.6354 
22.7011 16.2081 -3.5490 -0.8189 3.9246 -1.9131 -3.0344 0.3594 -2.1450 -3.8430 -0.7400 -0.7598 -2.3586 
22.6206 16.1115 -3.7820 -1.2405 3.6922 -1.8114 -2.8126 0.7335 -1.6198 -3.4914 -0.5810 -0.6172 -2.5295 
22.1127 15.6052 -3.6874 -0.7433 3.9247 -1.6815 -2.3062 0.9158 -2.3592 -4.2253 -0.7142 -0.8489 -2.8370 
22.1199 15.6176 -3.7263 -0.8098 3.9619 -1.5934 -2.1018 1.7377 -0.8470 -2.8727 -0.1523 -0.8268 -3.0496 
21.7284 15.2950 -3.7186 -0.8268 3.7066 -1.9943 -2.5341 1.4093 -0.8954 -2.6714 0.1659 -0.3433 -2.4375 
20.9079 14.4252 -4.1140 -1.1312 3.2950 -2.0907 -2.0062 2.0719 -0.7053 -2.7445 0.4146 0.2366 -1.9417 
20.3265 13.9314 -4.4460 -1.9590 2.3460 -2.6639 -2.7568 0.8277 -1.7902 -3.4178 -0.2904 -0.4672 -2.2690 
20.4598 14.0258 -4.4215 -1.7143 2.9289 -1.9865 -2.2148 1.2651 -1.4302 -3.2940 -0.5251 -0.9301 -2.6531 
19.8113 13.1398 -4.9532 -1.6088 3.1577 -2.3272 -2.8490 1.1074 -1.0990 -2.9910 -0.2304 -0.2971 -1.9119 
19.8946 13.6367 -4.2396 -1.5619 2.7833 -2.1936 -2.3432 1.2087 -1.4184 -3.2538 -0.3611 -0.5507 -2.4626 
20.1461 13.6076 -5.0183 -2.5081 2.5571 -1.7919 -1.9865 1.6153 -0.5984 -2.4221 0.1919 0.2233 -1.3619 
19.8478 13.0818 -5.2621 -2.0411 2.9813 -2.0505 -2.4028 1.3317 -1.0017 -2.4985 0.8501 0.8126 -1.4702 
19.6305 13.2495 -4.5444 -1.5078 3.2716 -1.6982 -2.2228 1.2471 -0.9772 -2.4894 0.3331 -0.0731 -2.1672 
19.7038 13.3942 -4.3947 -1.2911 3.7943 -1.1255 -2.1334 1.0463 -1.0313 -2.6431 0.0031 0.0623 -1.5668 
18.3839 11.9587 -5.5212 -2.8341 2.3046 -1.9879 -3.0640 -0.3206 -2.0086 -2.9677 -0.3761 -0.5233 -1.8893 
21.7881 13.7912 -7.4815 -3.4210 4.8993 0.3696 -2.5530 0.3066 -0.2611 -1.1074 0.8614 0.0259 -1.7050 
33.2917 19.6879 -13.1983 -4.7488 7.7375 -1.5325 -5.8311 -0.7250 -2.9977 -4.6238 0.2721 0.2213 -2.0923 
33.2082 18.0648 -15.0403 -3.3992 9.9284 -1.2971 -5.4012 0.7483 -2.4838 -4.5369 1.0655 0.3192 -2.6828 
32.6348 17.0195 -16.4236 -4.6902 9.1075 -1.6398 -5.3340 1.1113 -2.2346 -4.7311 0.6803 0.1626 -2.6076 
32.7882 17.8197 -15.5558 -5.1065 8.3975 -1.3705 -4.9951 0.7411 -2.7362 -5.1753 0.2308 0.1653 -2.2278 
32.8055 18.7642 -13.9666 -4.6153 8.5233 -0.1194 -3.6114 0.8310 -3.4910 -5.8467 -0.0736 0.1265 -2.4996 
31.8806 18.4516 -13.8144 -5.8628 7.2256 0.0914 -3.2079 0.8337 -2.7932 -4.8305 0.2764 0.2744 -2.3208 
30.6014 17.9806 -12.9721 -6.0157 6.2094 -0.3948 -3.5168 0.2952 -2.9963 -4.8744 -0.0756 -0.0716 -2.6656 
29.8890 18.1860 -11.7794 -5.9277 5.7271 -0.3105 -3.4821 0.3749 -2.3718 -4.8270 -0.8510 -0.0287 -1.7148 
29.2848 18.7706 -9.5639 -4.1040 7.2977 1.6319 -2.3352 0.6363 -1.5963 -3.7854 -0.6575 -0.3496 -2.0300 
30.6494 21.4124 -6.7268 -2.9191 7.4336 2.2603 -1.9494 -0.2073 -2.6229 -4.0474 -0.6185 -0.2549 -1.7392 
34.7318 24.9518 -6.6264 -3.7126 7.0965 2.0477 -2.1920 -0.9606 -4.0316 -4.9509 -0.8187 -0.8938 -2.2620 
35.6228 25.0303 -8.1400 -5.1206 6.4507 1.6245 -2.6126 -1.5192 -4.8126 -5.5027 -1.0903 -1.5515 -3.2364 
37.2025 26.4555 -7.8113 -4.8670 6.8946 2.0964 -1.8526 -0.6369 -4.2407 -4.9535 -0.3497 -1.0459 -2.8773 
36.7674 26.2369 -7.8174 -5.3608 6.3579 1.9402 -2.1287 -1.1165 -4.6054 -5.4638 -1.1029 -1.5441 -2.9755 
37.1841 26.2659 -8.4131 -5.9735 5.4743 0.8502 -2.6692 -1.2692 -4.8584 -5.4845 -0.9516 -1.8493 -3.5774 
37.3818 26.7149 -8.0646 -5.8997 6.0893 1.8989 -2.3326 -1.3303 -4.3351 -4.9291 -0.8674 -1.4629 -2.8436 
37.0064 26.2337 -8.3639 -5.9995 6.0177 1.8048 -2.3997 -1.4991 -4.6379 -5.1441 -1.0584 -1.9260 -3.3807 
36.9554 26.7007 -7.4830 -5.7991 5.8344 2.2954 -1.5629 -1.1517 -4.4489 -4.6211 -0.5443 -1.5894 -2.9310 
37.0616 26.7321 -7.8511 -6.4907 5.3835 2.2083 -1.7565 -1.5950 -4.9027 -4.9925 -0.8529 -1.9244 -3.3809 
36.8047 26.2972 -8.2072 -6.6458 4.9971 1.4865 -2.1997 -1.6107 -5.0282 -5.3371 -1.1233 -2.2269 -3.9120 
37.5270 27.4909 -7.1733 -6.1320 5.7531 2.6953 -1.4388 -1.1826 -4.0168 -4.0196 -0.2175 -1.5427 -3.1681 
37.4951 27.6056 -7.0387 -6.4176 5.2241 2.3661 -1.6213 -1.3687 -4.0630 -3.9516 -0.3034 -1.8587 -3.5759 
37.8061 26.8634 -8.4929 -6.4465 5.3993 1.2857 -2.3118 -1.0246 -4.3288 -4.9051 -0.7971 -2.0108 -3.7405 
37.5522 26.7697 -8.1591 -6.1993 5.1145 0.8930 -2.2532 -0.7526 -4.2052 -4.8151 -0.7599 -2.1631 -3.7785 
36.9310 26.6151 -7.3604 -5.5346 5.2671 1.0204 -1.9624 -0.4872 -4.0716 -4.7125 -0.5851 -2.1346 -3.9885 
36.4627 26.5790 -6.5436 -4.8277 5.4007 0.8884 -2.1088 -0.3856 -3.4825 -4.0372 -0.3192 -2.0008 -3.7477 
35.2924 26.3220 -5.3890 -4.4807 5.2547 1.3921 -1.9078 -0.8577 -3.3735 -3.3677 -0.0781 -1.9568 -3.4817 
34.8010 25.8475 -5.6242 -4.7955 4.8762 1.0098 -2.4619 -1.4393 -3.6650 -3.5992 -0.6267 -2.6070 -3.8697 
35.0994 25.8225 -5.4964 -3.6812 5.2547 -0.2584 -3.1805 -0.5869 -2.8956 -3.4380 -0.1001 -1.9061 -3.8316 
34.4392 25.7890 -4.6845 -3.5318 4.9400 -0.2514 -3.2792 -0.8765 -2.7867 -3.1327 0.0284 -1.7565 -3.7870 
33.5857 25.0028 -4.5295 -3.0820 4.5357 -1.0839 -3.4256 -0.9294 -3.6578 -3.9990 -0.0039 -1.5369 -3.9076 
32.7783 24.1943 -4.6889 -2.9012 4.4053 -1.9082 -4.3961 -1.0897 -3.1109 -3.7113 -0.1784 -1.6762 -4.0545 
30.3902 22.9436 -3.4702 -2.5159 3.7169 -1.8394 -3.8546 -0.8059 -2.7417 -3.5571 -0.6174 -1.9964 -4.0020 
29.9925 22.4516 -3.4398 -1.6362 4.7386 -1.4163 -3.4202 0.4162 -1.4688 -3.1808 -0.4180 -0.9728 -2.8014 
28.4899 21.4505 -3.0442 -1.6472 3.9589 -1.8494 -3.5459 -0.2045 -2.2227 -3.2841 -0.1776 -1.0176 -2.9253 
27.1474 20.6820 -2.1287 -0.3538 4.8938 -1.4617 -3.7608 -0.1898 -1.4278 -2.5963 -0.0789 -0.8026 -2.5019 
26.8164 20.3244 -2.2730 -0.5325 4.4604 -1.7542 -3.6241 -0.1245 -1.6649 -2.5795 0.4091 -0.2188 -2.0749 
25.7033 19.1605 -2.7691 -0.9048 3.9399 -1.9415 -3.3903 -0.2822 -2.6094 -3.7593 -0.6753 -1.4200 -3.3274 
25.5459 19.0571 -2.7458 -0.7523 4.5107 -0.9984 -2.5089 0.3085 -2.3767 -3.6613 -0.0292 -0.1804 -2.3778 
24.5066 17.7555 -3.6725 -1.4568 3.7571 -1.6885 -2.8625 0.3389 -1.9922 -3.2005 -0.0712 -0.7176 -2.8272 
23.2524 16.4500 -4.1643 -1.5371 3.7792 -1.5386 -2.4978 0.8556 -1.6779 -3.3483 -0.3468 -0.7004 -2.6082 
22.9779 16.3363 -3.7385 -0.9158 4.0297 -1.6983 -2.6464 0.8071 -1.8968 -3.5959 -0.1086 -0.0030 -2.0724 
21.3995 14.7819 -4.3654 -1.5715 3.2233 -1.8701 -2.2832 0.9110 -1.9674 -3.3965 -0.0969 -0.5959 -2.6451 
21.9988 15.2760 -4.5345 -2.0364 2.8296 -2.3566 -2.9348 0.5139 -1.9469 -3.2631 0.0529 -0.4078 -2.6690 
21.3653 14.5793 -4.9279 -2.2416 2.9309 -1.8701 -2.2312 1.3469 -1.2197 -3.2679 -0.7391 -1.0363 -2.6035 
21.3678 14.6074 -4.5908 -1.4875 3.5206 -1.6877 -1.8988 1.8872 -1.0514 -3.2864 -0.2841 -0.3668 -2.3395 
20.2989 13.6885 -4.7959 -1.8391 2.9300 -2.1957 -2.4691 1.3858 -1.0571 -3.1175 -0.4942 -0.6369 -2.0945 
20.2189 14.0059 -3.8604 -0.8110 3.8482 -1.3892 -2.0677 1.3082 -1.2428 -3.0976 -0.0427 0.2588 -1.4369 
20.2910 13.9340 -4.2936 -1.4814 3.1990 -1.9133 -2.5943 0.6244 -1.9892 -3.6296 -0.3015 0.1784 -1.1850 
20.5491 13.4943 -5.4254 -1.5750 4.1921 -1.3023 -2.5843 0.9883 -1.1267 -2.9880 -0.2052 0.0002 -1.5037 
20.1341 13.0209 -5.6080 -1.6783 3.8025 -1.5543 -2.0615 1.7515 -1.0366 -3.4677 -0.8553 -0.8472 -2.3006 
18.8537 12.5550 -4.8832 -2.2087 2.4611 -1.7842 -1.5694 2.0074 -0.5476 -2.4614 0.0976 -0.3950 -2.3917 
20.5743 13.8079 -5.0002 -1.9024 3.2536 -1.6023 -1.9796 1.4335 -1.1640 -2.8730 -0.0738 -0.3773 -1.8701 
19.8103 13.1399 -4.9593 -1.6718 3.2026 -1.6782 -1.6197 2.0779 -0.6813 -2.4850 0.4745 0.0450 -1.8786 
20.0733 14.0267 -3.8472 -1.4978 2.7973 -1.9142 -2.1753 1.0376 -1.3216 -2.4349 0.6930 0.1790 -1.8330 
18.7719 12.6413 -4.6973 -2.3221 2.2327 -1.9836 -2.1549 1.0847 -1.1660 -2.7452 -0.1826 -0.3351 -1.7028 
19.2471 13.1421 -4.2351 -1.4799 3.1871 -1.4470 -1.9151 1.3897 -0.8259 -2.4962 -0.0027 -0.2298 -1.6551 
18.7754 12.4296 -4.8140 -1.8042 2.6348 -2.4254 -2.7185 0.9678 -1.3467 -3.0012 0.0405 -0.0275 -1.9908 
23.7387 14.0386 -8.8248 -2.4430 5.3166 -1.4187 -2.3969 1.6406 -2.0010 -3.5232 1.0114 0.1164 -2.9615 
31.2721 16.9430 -14.6495 -4.5362 7.6745 -1.7269 -4.0452 1.6730 -2.4105 -4.2434 1.8495 0.7615 -3.3366 
31.7907 18.3656 -13.2400 -4.5178 7.7071 -1.1902 -5.0126 -0.5448 -3.9337 -5.5293 0.2920 0.4344 -2.4233 
28.1164 17.1363 -10.5114 -4.3160 6.4167 0.3172 -2.6793 0.3027 -2.9275 -4.2911 0.6423 1.1294 -1.1652 
30.3685 21.7223 -5.3368 -2.2087 5.8012 -0.0845 -2.2719 0.8688 -2.4434 -4.7341 -1.2296 -1.1436 -2.6507 
31.4284 23.6338 -3.9032 -2.8961 4.1676 -0.7748 -2.5362 0.4513 -2.0985 -3.9525 -1.6147 -2.3715 -3.0157 
31.0260 23.7585 -3.2149 -3.0295 3.2781 -1.4761 -2.8759 0.5253 -1.5176 -3.5288 -1.8877 -2.8255 -3.0210 
30.6618 23.4731 -2.8577 -2.3632 3.0007 -3.0917 -4.4509 0.2941 -0.7803 -3.0589 -2.2645 -3.6113 -3.5806 
31.6453 25.0066 -1.9156 -2.6711 2.9143 -1.9872 -3.4714 0.4580 -0.5091 -2.4308 -1.8286 -3.4366 -3.4763 
32.4396 24.7904 -3.0968 -2.4778 3.4518 -2.6043 -3.8730 0.7716 -0.7423 -2.8616 -1.6411 -3.4400 -3.9685 
32.4286 25.0399 -3.0092 -3.3071 2.4919 -2.8503 -3.9995 0.3679 -0.9302 -2.8740 -1.9893 -4.0378 -4.3836 
33.8054 26.3263 -2.8664 -3.5076 2.7253 -2.3577 -3.7018 0.5813 -0.4628 -2.2373 -1.4918 -3.6847 -3.9662 
34.5798 26.6699 -3.7700 -4.7046 2.1528 -2.3493 -3.7078 0.1407 -1.2429 -3.0327 -2.1652 -4.1706 -4.1900 
37.3976 26.7728 -7.2341 -4.7182 4.6503 -2.3314 -4.4454 1.2480 -0.9283 -4.6174 -2.6820 -2.8171 -3.1986 
37.6946 27.0583 -7.7452 -5.9931 4.4589 -0.6607 -3.1974 0.3123 -2.4417 -4.7611 -2.0695 -2.6569 -3.1918 
38.3577 27.2372 -8.2375 -5.8220 5.2507 0.2201 -2.3172 0.3740 -3.4413 -5.1428 -1.1977 -2.0621 -3.1771 
38.9273 27.5348 -8.5376 -5.8379 5.8673 1.0666 -1.8593 0.0431 -4.0812 -5.2403 -0.8499 -1.7491 -2.7270 
39.4166 27.2110 -9.7363 -6.0873 6.1352 0.5701 -2.3571 0.2418 -4.1355 -5.6759 -0.6404 -1.2483 -3.1234 
39.6644 27.2140 -9.9797 -5.8890 6.6210 0.8703 -2.1604 0.2736 -4.4484 -5.7660 -0.1187 -0.9178 -3.5451 
39.7188 27.3663 -9.8291 -5.7864 7.0153 1.5389 -1.7667 0.2839 -4.5169 -5.9322 -0.3253 -0.7862 -3.2064 
39.2316 26.8164 -10.1657 -5.9348 7.1013 1.5334 -2.3011 -0.4586 -4.8683 -6.0194 -0.4912 -0.8956 -3.2629 
37.9881 26.7432 -8.8580 -6.0291 6.6890 2.4181 -1.9045 -1.1743 -4.8612 -5.2835 -0.2061 -0.7896 -3.1184 
37.7423 26.5273 -8.7969 -5.7500 7.0784 2.8296 -1.6731 -1.2914 -5.1239 -5.3410 -0.0669 -0.7325 -3.2559 
37.0675 25.9164 -8.9664 -6.0148 6.6875 2.7433 -1.7588 -2.0399 -6.0957 -5.6363 0.0101 -1.1057 -3.9244 
37.0810 25.8726 -8.7126 -5.1343 7.4373 2.8501 -1.4057 -0.8901 -5.1278 -5.6149 -0.2272 -0.7465 -3.1460 
36.1721 25.3910 -8.2370 -5.1255 6.5962 2.0893 -1.7172 -1.1255 -5.3655 -5.7180 -0.3019 -0.9171 -3.4079 
36.1720 25.3046 -8.4882 -5.3303 6.7463 2.4352 -1.6535 -1.3563 -5.4768 -5.6144 -0.2703 -1.1323 -3.7999 
35.5963 25.2684 -7.6480 -4.6949 7.2056 3.0332 -1.2524 -1.1201 -5.3075 -5.7631 -0.2800 -0.5633 -3.3650 
35.6581 25.4707 -7.4065 -4.7365 7.0934 3.3251 -0.9949 -1.5263 -5.6458 -5.2662 0.2637 -0.4962 -3.0391 
35.7389 24.8731 -8.6967 -5.5019 6.6563 2.3229 -2.1416 -2.0366 -5.7493 -5.5019 -0.2584 -1.2592 -3.8884 
35.1139 25.0528 -7.5713 -5.1717 6.6889 3.0491 -1.6146 -2.1203 -5.6074 -5.1672 -0.1366 -0.9572 -3.3618 
35.2417 25.0447 -7.5700 -4.6628 7.3026 3.1661 -1.5509 -1.5512 -5.0396 -5.1341 -0.1160 -0.4051 -2.7077 
34.6668 24.6211 -7.4160 -4.5735 6.9257 2.7044 -1.7451 -1.5802 -4.8739 -4.6801 0.2297 -0.5031 -2.9569 
33.6178 23.7938 -7.2781 -4.2748 7.0425 2.8288 -1.6536 -1.5657 -4.8169 -4.6605 0.0699 -0.7505 -3.1428 
32.1637 22.6630 -7.1518 -4.0289 7.0362 2.5836 -2.2189 -1.7872 -4.4704 -4.8388 -0.7672 -1.0284 -2.8903 
31.4002 22.1557 -6.8379 -3.7384 6.9035 2.4345 -2.1637 -1.6242 -4.1402 -4.4348 -0.6333 -1.0661 -2.6904 
29.4492 20.8114 -6.0607 -2.9302 6.4249 1.6616 -2.0463 -0.7986 -3.3700 -3.9512 -0.1213 -0.3660 -2.1825 
28.4978 19.9115 -6.3796 -3.0821 6.6693 2.4067 -1.4941 -0.7408 -3.4429 -4.0603 -0.1347 0.1307 -1.5236 
27.1225 19.0605 -5.5863 -2.3416 6.1343 1.3588 -1.7649 -0.1989 -3.0964 -4.4270 -0.7458 -0.2704 -1.7189 
25.8650 18.3205 -5.3235 -2.9408 4.8312 0.8302 -1.5544 -0.0140 -2.9837 -4.3591 -0.8914 -0.6183 -2.2857 
25.0655 17.1173 -5.7459 -1.9668 5.5003 0.1355 -2.1347 0.2985 -2.6813 -4.1439 -0.2559 0.1391 -1.5721 
23.8029 15.8245 -6.4349 -2.7067 4.7625 -0.2266 -2.2935 0.2244 -2.5969 -4.2043 -0.5817 -0.1003 -1.8346 
23.2264 15.6578 -5.9863 -3.0472 3.4947 -1.0578 -2.1530 0.5648 -2.6095 -4.5180 -1.0947 -0.6090 -2.0856 
21.6346 14.6606 -5.5030 -3.0774 2.7269 -1.2885 -1.7862 0.8273 -2.5117 -4.3302 -0.7245 -0.2300 -2.0475 
21.7282 14.4638 -6.0130 -3.2282 2.9120 -1.4773 -2.4192 0.4358 -2.3190 -3.8610 -0.4095 -0.2972 -2.3136 
20.6733 14.3057 -4.4882 -2.2204 2.7679 -1.3882 -1.5977 1.3119 -1.6531 -3.3308 -0.1276 -0.1023 -1.8843 
20.9552 13.5011 -6.1840 -2.5950 2.9942 -2.1222 -2.4625 1.0210 -2.0470 -3.8717 -0.5526 -0.7279 -2.5469 
20.5613 13.7164 -5.5015 -2.7129 3.0785 -0.9713 -1.6211 1.0973 -1.4721 -2.6687 0.5589 0.3912 -1.5246 
20.5897 13.8230 -5.2016 -2.4539 2.8273 -1.4554 -1.6640 1.2621 -1.7401 -3.3118 -0.2608 -0.6697 -2.4481 
19.9023 13.1478 -5.4914 -2.6252 2.7814 -1.5499 -1.9734 1.1523 -1.5646 -3.3421 -0.3246 -0.3781 -2.3180 
18.4114 11.6276 -6.0838 -3.1424 1.7288 -2.7219 -2.7698 0.6079 -2.0843 -3.9031 -1.0303 -1.1160 -2.7887 
20.1205 13.8227 -4.4209 -1.8502 2.9259 -1.9584 -2.6479 0.7497 -1.4983 -3.0928 0.0965 0.3283 -1.6116 
19.5838 13.0232 -4.9349 -1.8903 2.7730 -2.2934 -2.6231 0.9148 -1.6074 -3.2380 -0.0924 -0.1099 -1.9896 
19.4000 12.7383 -5.2267 -1.9738 3.1785 -1.4862 -1.9452 1.0362 -1.9073 -3.5278 -0.2774 -0.4437 -2.3929 
19.3564 12.8238 -4.8439 -1.4365 3.5319 -1.5598 -2.2525 1.0294 -1.4243 -2.9296 0.2458 0.2044 -1.7981 
19.2071 12.5210 -5.3335 -1.9677 3.2731 -1.4701 -2.1745 0.8241 -1.6131 -2.7506 0.5341 0.1396 -2.2605 
19.7378 13.1842 -4.7905 -1.6956 2.9755 -1.9041 -1.9536 1.4454 -1.3626 -2.8070 0.5457 0.2182 -1.9430 
19.1531 12.6770 -4.9032 -1.7380 3.0351 -1.9413 -2.4770 0.8761 -1.4171 -2.8286 0.0205 -0.4697 -2.3514 
19.6105 13.1383 -4.9085 -2.1827 2.4632 -2.3840 -2.6554 1.0671 -1.0393 -2.6620 0.0447 -0.1163 -1.7424 
19.0735 12.8418 -4.5506 -1.7494 2.8642 -1.6630 -1.6920 1.7591 -0.9425 -2.9337 -0.0687 0.0474 -1.6521 
18.7964 12.3317 -5.0678 -2.0801 2.4245 -2.3154 -2.2037 1.4502 -1.0766 -2.5621 0.6884 0.4755 -1.6312 
18.4954 11.9945 -5.2210 -1.9013 3.0619 -1.6322 -1.9549 1.5806 -0.7604 -2.6856 -0.2400 -0.4458 -1.9494 
18.9074 12.6757 -4.5024 -1.4063 3.3203 -1.5000 -1.9572 1.4714 -0.7986 -2.4141 0.3610 0.0040 -2.0843 
18.2770 12.1348 -4.6384 -1.5995 3.1142 -1.6209 -2.2275 1.2604 -0.6771 -2.5704 -0.4401 -0.5556 -1.8199 
19.1641 12.4509 -5.1585 -1.4961 3.2734 -2.2317 -2.6774 1.2016 -1.2466 -3.2899 -0.5845 -0.7436 -2.4458 
23.8858 13.2276 -10.2737 -2.2164 6.5125 -1.8441 -4.0484 0.8845 -1.9143 -3.4283 1.5732 0.9001 -3.1081 
25.9245 14.0602 -11.6633 -2.6609 6.8897 -2.1507 -4.0827 1.4803 -2.0421 -4.1496 1.1560 0.3426 -3.9530 
24.0501 14.5585 -8.1597 -1.6343 5.9806 -1.4878 -2.8483 1.9740 -1.1258 -3.2101 1.3404 1.2373 -2.1846 
29.0001 22.3658 -1.2857 0.6509 4.8251 -3.0945 -5.2380 -1.3601 -3.2670 -3.9530 0.3250 0.4081 -1.6895 
31.6052 24.2568 -2.3185 -0.9086 4.8538 -2.1498 -5.3315 -2.8740 -4.4558 -3.7201 0.6619 -0.2114 -2.1684 
34.8688 26.3623 -3.7768 -2.1940 5.4592 -1.5656 -5.7351 -3.0652 -3.7528 -2.7291 1.2131 -0.2527 -2.1855 
34.4692 26.0497 -3.6488 -1.9115 5.7359 -1.2287 -5.7913 -3.9575 -4.6441 -2.6879 1.5496 -0.3324 -2.1488 
36.3580 26.0809 -6.3530 -3.1689 5.3443 -2.9695 -6.5731 -2.5022 -4.2396 -4.4764 0.2235 -0.6139 -2.9012 
34.5080 25.9720 -4.0693 -2.5089 5.2977 -1.6490 -6.2563 -4.0712 -4.6161 -3.0521 1.2228 -0.3096 -2.4787 
34.4017 26.3796 -3.2573 -2.1790 5.7017 -0.6732 -5.6120 -4.0438 -4.4492 -2.8163 1.0124 -0.5673 -2.2179 
34.0016 25.8539 -3.5282 -2.1240 5.7868 -0.6278 -5.5087 -4.1744 -4.9498 -3.2601 0.8108 -0.7308 -2.2901 
34.9827 26.0329 -4.4531 -2.1918 5.9618 -1.3118 -5.5322 -2.7567 -3.9683 -3.5176 0.6068 -0.4967 -2.3259 
34.4444 25.2102 -5.1056 -2.4422 5.6358 -2.0196 -6.1308 -3.0065 -4.2474 -3.8651 0.5355 -0.3467 -2.3241 
32.8813 25.0267 -3.4891 -2.4282 4.9921 -1.2420 -5.7722 -4.1263 -4.7356 -3.2905 0.6274 -0.6711 -2.3500 
33.5454 25.6807 -3.2846 -2.1545 5.7656 -0.3323 -5.2588 -3.9190 -4.5245 -3.0316 0.8988 -0.4635 -2.2475 
34.9254 25.4900 -5.2160 -2.2933 5.9282 -1.9652 -6.0840 -2.8615 -4.3252 -4.1641 0.2264 -0.6876 -2.5689 
33.0329 25.2043 -3.3583 -2.4630 4.6682 -1.5010 -5.7116 -4.1438 -4.9229 -3.2384 0.7162 -0.8819 -2.3204 
34.3295 26.0465 -3.5478 -2.1192 5.2865 -1.5693 -5.6913 -3.3593 -4.2261 -2.9977 1.1246 -0.2753 -1.8558 
35.3693 26.4505 -4.2116 -2.2594 5.1918 -2.4645 -6.1572 -2.6964 -3.6706 -3.1633 0.8480 -0.4853 -2.1757 
35.2307 26.8037 -3.4915 -2.2549 4.8605 -2.2488 -5.7860 -2.6678 -3.6361 -2.9891 0.8955 -0.4080 -1.7611 
36.6300 26.6501 -5.5936 -2.7724 4.9831 -3.6354 -6.6484 -1.6658 -3.0459 -3.7129 0.3287 -0.5935 -2.2442 
34.7021 26.8962 -2.9576 -3.1403 3.2299 -2.8398 -5.6029 -2.4192 -3.0411 -2.5375 0.3103 -1.3142 -1.8975 
34.5810 26.8632 -2.5469 -2.4672 3.3654 -3.2870 -5.5996 -1.6112 -2.2971 -2.4299 0.1066 -1.4340 -1.8271 
34.7227 26.7537 -3.0949 -3.2690 2.2048 -4.4174 -5.8940 -1.3906 -2.4997 -2.8582 -0.1449 -2.1591 -3.0566 
37.2524 27.6048 -5.0160 -3.3584 3.6901 -4.1356 -5.7068 -0.0188 -1.6170 -2.9378 0.2804 -1.2419 -2.7453 
36.5854 27.2342 -4.6563 -3.2182 3.3254 -4.3621 -5.4996 0.3555 -1.2051 -2.5780 0.2362 -1.6605 -2.8110 
37.0053 27.3267 -4.9847 -3.1396 3.4957 -4.5979 -5.5895 0.6594 -1.0334 -2.5166 0.4951 -1.5779 -3.1311 
36.2330 26.6826 -4.7431 -2.9265 2.5103 -5.9336 -5.9630 0.4750 -1.6915 -2.6665 0.5129 -2.8704 -4.7713 
37.3297 27.1425 -5.7681 -3.3976 3.6875 -4.4981 -5.2621 1.1938 -1.0108 -2.9575 0.2401 -1.6870 -3.5181 
35.3205 26.1962 -4.5924 -3.1209 2.9928 -4.4336 -4.9837 0.9189 -0.9547 -2.5486 -0.0984 -2.6511 -4.1430 
34.5515 25.5942 -4.5425 -3.1507 2.6301 -4.7806 -5.2958 0.3551 -1.7224 -3.1616 -0.3306 -2.6046 -4.1171 
33.5810 25.2776 -3.7571 -3.0695 2.0929 -4.6247 -4.6786 0.7410 -1.2281 -2.6635 -0.7267 -3.7018 -4.7094 
33.7413 25.4270 -3.6242 -2.7619 2.5035 -4.1699 -3.9538 1.6451 -0.7454 -2.6241 -0.2222 -2.4689 -3.9078 
32.0079 24.2224 -3.1133 -2.4754 1.8396 -4.5701 -3.7224 1.6564 -0.8912 -2.2836 -0.0060 -3.2333 -4.9050 
30.4224 23.2607 -2.5613 -2.1625 1.8546 -4.3938 -3.9298 1.3770 -0.6677 -2.4043 -0.6292 -3.1976 -4.5449 
28.7313 22.1127 -1.9270 -1.4580 1.8454 -4.4550 -3.6961 1.6449 -0.5577 -2.2995 -0.1832 -2.5130 -4.1674 
27.2783 20.7280 -2.6109 -2.2753 1.2761 -4.4512 -3.6835 1.8047 -0.0899 -2.3833 -0.4435 -1.4715 -2.7897 
26.5071 20.4074 -2.1963 -2.3792 0.9248 -4.2929 -3.6172 1.2736 -0.6417 -2.5656 -0.4301 -1.4181 -2.8250 
27.8780 19.5330 -5.0513 -1.4440 4.0070 -4.3207 -5.2458 1.5610 -0.1307 -3.7587 -1.1942 -0.2787 -1.7991 
25.2108 18.0592 -4.3464 -2.4320 2.2620 -3.8025 -3.8535 1.6995 -0.1235 -3.0319 -0.9287 -0.9483 -2.4049 
24.4719 17.8186 -3.7321 -2.4230 1.5438 -4.2335 -4.0674 1.0085 -0.9487 -3.2251 -0.6692 -0.8663 -2.4145 
23.4639 16.9938 -3.7524 -2.4379 1.3923 -4.2466 -4.2653 0.5379 -0.9408 -2.4480 0.2198 -0.2739 -2.0299 
22.0412 15.1074 -5.4167 -3.8046 0.6624 -4.2394 -4.1571 0.0211 -2.0344 -3.6074 -0.8620 -1.4048 -3.0177 
21.4135 14.8670 -4.2206 -1.6330 2.4703 -3.5247 -3.9839 0.3614 -1.6576 -3.5199 -0.7986 -1.1080 -2.8728 
20.8839 14.4099 -4.6114 -2.3992 2.1724 -2.7736 -3.1129 0.7008 -1.3871 -2.9833 -0.0298 -0.1060 -1.8792 
20.4823 14.2410 -4.1700 -2.0052 2.0168 -3.1352 -3.1725 0.8818 -1.2179 -2.7910 0.2171 -0.0029 -2.0348 
19.7483 13.2695 -5.0162 -2.6386 1.7893 -3.0217 -3.0615 0.8521 -1.3887 -3.2554 -0.3686 -0.1580 -1.8784 
20.3304 14.1526 -3.8497 -1.1712 3.0672 -2.2401 -2.5176 1.3455 -0.9852 -2.8423 -0.0136 -0.1293 -1.8302 
20.1348 13.6409 -4.4666 -1.3088 3.3166 -2.1020 -2.5702 1.2682 -1.0114 -2.7997 0.0893 0.1710 -1.1797 
20.5726 13.7717 -5.0545 -1.9780 2.8858 -2.4893 -3.0806 0.5900 -1.6739 -3.0797 -0.0057 -0.5277 -2.6191 
20.4125 13.7392 -4.7887 -1.6055 3.3156 -1.8748 -2.1682 1.6546 -1.0527 -3.2791 -0.3207 -0.0029 -1.5465 
19.3373 12.6263 -5.3763 -2.2859 2.5074 -2.2726 -2.2348 1.4419 -1.2431 -3.1510 -0.3686 -0.7906 -2.7869 
19.2689 12.8772 -4.6961 -1.6072 3.0382 -2.1560 -2.7238 1.1047 -0.7765 -2.5574 -0.3603 -1.0260 -2.8546 
19.7246 13.4184 -4.3889 -1.6940 2.4849 -2.6038 -2.3630 1.8940 -0.4478 -2.5366 0.1362 -0.0215 -1.8622 
19.7292 13.4560 -4.3356 -1.7127 2.5046 -2.2971 -1.9684 1.8778 -0.7771 -2.7078 0.0509 -0.3033 -2.1947 
18.6744 12.3330 -5.0186 -2.2422 2.4109 -2.2017 -2.6556 0.6211 -1.3703 -2.4888 0.3013 -0.2197 -2.0286 
18.7204 12.4242 -4.8080 -1.8344 2.8617 -1.9333 -2.3228 1.4390 -0.4753 -2.3990 -0.3809 -0.9077 -2.4843 
18.8378 12.6025 -4.4701 -1.4985 2.7175 -2.2264 -2.2898 1.0123 -1.7365 -3.0360 0.4040 0.1653 -1.7150 
18.4774 12.3627 -4.4964 -1.6937 2.7402 -1.5816 -1.4978 1.5139 -1.3904 -2.8355 0.4242 0.3106 -1.5022 
18.1855 11.8882 -5.1664 -2.5542 1.8982 -2.2940 -2.0836 1.2222 -1.3333 -2.8386 0.0473 -0.2341 -2.0614 
21.1237 12.6526 -7.5672 -2.0776 4.5505 -1.7641 -2.8777 0.9493 -1.9491 -3.6464 -0.2461 -0.9798 -3.0928 
27.6205 21.0998 -1.9718 -0.4497 4.0670 -2.5334 -4.0292 -0.0356 -1.4946 -2.1068 1.3895 0.5254 -2.2609 
36.5455 26.9440 -6.0400 -5.0376 3.6635 -2.4324 -5.4195 -1.4886 -2.5453 -2.9592 0.7258 -0.5000 -3.4739 
40.2196 28.4085 -8.6559 -5.7849 4.8045 -2.6182 -5.7383 -0.6361 -1.9879 -2.5925 1.7801 0.1865 -3.2986 
40.4558 28.4291 -9.1674 -6.4629 4.3382 -2.7858 -5.7021 -0.5828 -1.9914 -2.4543 2.1298 0.3945 -3.4004 
40.0802 28.6360 -8.4416 -6.5980 3.8612 -2.6155 -5.5492 -0.8409 -1.9620 -2.3392 1.6728 -0.0760 -3.4174 
39.4255 28.6286 -7.4231 -6.1548 3.5649 -2.5199 -5.0040 -0.5067 -1.8043 -2.1809 1.6544 -0.1443 -3.2998 
39.3962 28.5838 -7.5312 -6.4842 3.0458 -2.8158 -4.9592 -0.6762 -2.3849 -2.5393 1.7588 -0.1285 -3.4664 
39.2520 28.2739 -7.8943 -6.6400 3.0597 -2.8257 -4.9796 -0.7424 -2.6820 -2.9255 1.6622 0.0333 -3.3636 
39.6277 28.6423 -7.8386 -6.6125 3.4010 -2.4057 -4.7816 -0.3953 -1.9541 -2.4710 1.3783 -0.4316 -3.3959 
39.9771 28.9618 -7.8582 -6.7916 3.3388 -2.3012 -4.6659 -0.4081 -2.0810 -2.4579 1.7835 0.0310 -3.5419 
39.6703 28.8085 -8.0702 -7.4279 3.2591 -1.8951 -5.1727 -1.2651 -1.8192 -2.0353 1.1344 -0.5946 -3.4076 
39.8635 28.9598 -7.9321 -7.0694 3.6212 -1.6361 -4.8187 -0.9496 -1.6980 -1.8564 1.3625 -0.4908 -3.0226 
39.6217 28.5467 -8.0596 -6.7502 3.5698 -2.0760 -4.7550 -0.7779 -2.2102 -2.2599 1.6168 -0.5623 -3.5988 
38.9815 28.4324 -7.2115 -6.2314 3.4786 -1.9763 -4.2583 -0.3203 -2.0952 -2.4708 1.4795 -0.3201 -3.3908 
38.6114 28.2264 -7.1407 -6.4026 3.1563 -2.1996 -4.3673 -0.1775 -1.9448 -2.9152 0.7555 -0.4973 -3.2182 
38.9578 28.7407 -6.6864 -6.1437 3.2381 -2.2777 -4.5640 -0.2460 -1.6246 -2.1492 1.6974 -0.0306 -3.5257 
38.4867 28.2303 -6.5566 -5.4493 3.4596 -2.7811 -4.8404 0.0440 -1.3127 -2.1613 1.3525 -0.3457 -3.3083 
37.3055 26.8832 -7.2782 -6.0377 2.4357 -3.7875 -5.2712 -0.4626 -2.5367 -3.5150 0.4219 -1.1639 -4.2661 
37.8583 27.4624 -7.1372 -5.8724 3.3797 -2.4692 -4.5906 -0.1249 -1.7697 -2.9287 0.1733 -1.2492 -3.2687 
38.2027 28.3124 -6.4781 -6.2867 3.1528 -1.4682 -3.6568 -0.2004 -1.9922 -2.6177 0.7878 -0.7387 -3.1314 
37.7945 28.2997 -6.2226 -6.7485 2.7844 -1.1030 -3.6179 -0.7141 -2.1687 -2.7629 0.1052 -1.1471 -2.7708 
37.5759 27.7263 -6.3605 -5.6538 3.7107 -1.1610 -3.3983 -0.2442 -2.7378 -3.6377 0.2754 -0.6029 -2.5579 
37.8143 27.8740 -6.8883 -6.7285 3.1475 -1.0193 -3.5749 -0.8105 -2.8012 -3.4212 -0.0421 -1.1318 -2.7582 
37.4087 27.4382 -6.9360 -6.5658 2.9978 -1.3292 -3.4894 -0.6789 -3.2767 -4.1179 -0.3371 -1.2103 -2.8091 
37.7456 27.6152 -6.9517 -6.2136 3.4770 -1.0933 -3.1818 -0.2397 -3.1638 -4.2299 -0.1170 -0.6830 -2.4168 
38.2817 27.9307 -7.3269 -6.4478 3.9677 -0.6280 -3.4020 -0.5832 -3.2470 -4.3212 -0.0061 -0.3082 -2.4625 
38.2715 27.7476 -7.6260 -6.5920 3.8879 -0.7022 -3.4251 -0.7235 -3.4000 -4.2509 -0.2050 -1.0950 -3.0106 
37.5153 27.0115 -7.7132 -6.4261 3.8839 -0.5981 -3.0797 -0.7089 -3.7995 -4.4988 -0.3495 -1.4446 -3.2459 
36.2531 26.0498 -7.2070 -5.4002 4.3235 -0.8285 -3.4695 -0.9841 -3.9148 -4.3386 0.0606 -1.1490 -3.3508 
35.7281 25.6607 -7.2998 -5.7134 4.1594 -0.5390 -3.4791 -1.6324 -4.5147 -4.7360 -0.5265 -1.4657 -2.8620 
36.0650 26.2261 -6.7360 -5.3074 4.5663 -0.0453 -2.8066 -0.6093 -3.6739 -4.7672 -0.8410 -1.2118 -2.3840 
34.0666 25.2426 -5.4723 -4.7993 3.6350 -0.7055 -2.8856 -0.7913 -3.8459 -4.8644 -1.1505 -1.5233 -2.5514 
31.8866 23.6781 -4.7793 -3.6870 4.2526 -0.3642 -2.8473 -0.8470 -3.7775 -5.0478 -1.3565 -1.0267 -1.9888 
30.5823 22.0430 -5.4092 -3.0800 4.5642 -1.3559 -3.5997 0.0897 -2.2973 -4.5333 -1.4206 -0.9618 -2.1599 
30.5661 20.4588 -7.5806 -2.4177 6.0612 -2.3012 -4.9946 0.3668 -2.3111 -5.7947 -2.0089 -0.4730 -2.1927 
31.1465 20.4227 -8.0942 -1.6366 7.5910 -1.1840 -3.8902 1.3287 -2.1435 -5.5608 -1.1674 -0.1797 -2.4784 
31.6482 20.0169 -9.4759 -1.8178 8.3849 -1.1500 -4.3439 1.3853 -2.0072 -5.7006 -1.0986 0.0077 -2.4678 
30.4011 19.4240 -9.0160 -2.2443 7.6466 -0.8886 -3.8939 1.4820 -1.5848 -5.2961 -1.1707 0.3354 -1.7414 
26.8608 17.9300 -6.8679 -2.3897 5.4111 -1.4465 -3.7640 0.6811 -1.6328 -4.4298 -1.2672 -0.3643 -1.7052 
24.8386 16.7547 -6.0496 -2.3016 4.3670 -2.0087 -3.8013 0.5122 -1.4931 -3.7387 -0.6307 -0.1275 -1.7723 
23.6339 15.9990 -5.7076 -2.4922 3.4036 -2.5720 -3.7881 0.3277 -2.0425 -4.2353 -0.8714 -0.2362 -1.9621 
22.7015 15.3159 -5.5477 -2.5183 2.9188 -2.7645 -3.6710 0.1214 -2.2648 -3.9332 -0.7245 -0.8269 -2.5676 
22.1305 14.8698 -5.5917 -2.5393 3.2364 -1.9233 -2.9192 0.5415 -1.7908 -3.4301 -0.4567 -0.6025 -2.1760 
21.5555 14.5200 -5.1043 -1.8418 3.4082 -2.0792 -2.7972 0.8553 -1.6969 -3.4508 -0.3576 -0.4742 -1.9814 
20.8601 14.2772 -4.6657 -1.9694 2.9467 -2.0992 -2.6458 1.0823 -1.0688 -2.8762 -0.2943 -0.4740 -1.7696 
20.0286 12.9842 -5.6967 -2.1830 2.9323 -2.7914 -3.7992 -0.0034 -2.0236 -3.4561 -0.1201 -0.0447 -2.1426 
20.9467 14.2489 -4.4839 -1.1767 3.4697 -2.4134 -2.8230 1.5970 -0.6741 -2.9857 -0.2740 -0.0325 -1.3623 
20.6807 13.9962 -4.6571 -1.4890 3.2398 -2.2811 -2.7418 1.1159 -1.3819 -3.2578 -0.0024 0.4819 -1.0337 
20.6440 14.0376 -4.6741 -1.8005 3.0816 -1.7585 -1.9028 1.5908 -1.2400 -3.0437 0.1576 0.1480 -1.6628 
20.1150 13.4156 -4.9427 -1.7433 3.0789 -2.0919 -2.3611 1.3592 -1.1748 -2.8893 0.1885 0.0974 -1.5824 
20.5924 14.1129 -4.4388 -1.5478 3.4245 -1.4865 -2.0312 1.3337 -1.2296 -3.1285 -0.3290 -0.2494 -1.7620 
20.0141 13.3552 -4.8673 -1.5970 3.2975 -1.7864 -2.1262 1.3345 -1.4055 -3.1750 -0.2154 -0.5324 -2.2522 
20.3071 12.3335 -7.0441 -1.9360 4.3971 -1.8431 -2.7682 1.9899 -0.4242 -3.2340 -0.2506 0.1111 -2.1914 
24.0379 13.8546 -9.3467 -1.8368 6.2744 -2.2054 -3.8057 2.2332 -0.7538 -4.2047 0.1240 1.2787 -1.4101 
26.0453 14.1485 -11.2752 -1.8807 6.7677 -3.3944 -4.2946 3.2100 -0.5015 -4.2711 0.7606 1.2479 -2.2655 
26.5849 13.4890 -12.6522 -1.1665 8.1213 -3.3957 -4.0258 4.2131 -0.6504 -5.1488 0.6348 1.0736 -3.0125 
27.5309 13.6421 -13.7067 -1.6943 7.8318 -3.9723 -3.9415 4.7501 -0.6840 -5.1116 1.3406 1.6691 -2.5894 
27.8621 13.5636 -13.9104 -0.9472 8.3845 -4.8184 -5.1503 3.9235 -1.8250 -6.4566 0.5643 1.1531 -3.3338 
28.4956 13.8516 -14.4094 -1.1417 8.9919 -4.0689 -4.6453 4.7364 -0.3143 -4.7982 1.7165 1.9122 -2.6939 
29.0867 13.6504 -15.9374 -2.1681 9.2653 -3.5767 -4.8750 3.8651 -1.4582 -5.9867 0.5034 0.5634 -3.9136 
29.6965 14.5113 -15.1803 -1.5295 10.0505 -2.6488 -4.2751 4.0696 -1.0329 -5.0202 1.7087 1.8558 -2.5349 
29.5447 14.0320 -15.6765 -1.4836 10.0577 -3.2400 -4.9352 3.6105 -1.5645 -5.2552 2.0151 1.7398 -3.6723 
31.0115 14.7060 -17.0458 -2.7636 10.0936 -3.0093 -5.6173 2.5615 -2.0378 -5.4970 1.0507 0.4508 -3.8884 
30.3025 14.1452 -17.0995 -3.0669 9.4964 -3.0938 -4.7376 3.9363 -0.9754 -4.8523 1.9695 1.8193 -2.8891 
30.2366 15.2960 -15.2523 -2.9838 9.0030 -2.3290 -4.4004 2.6273 -2.2680 -5.3073 1.5950 1.5068 -3.1262 
30.9678 17.9308 -11.7366 -1.8545 8.9709 -1.2762 -3.5972 2.6407 -1.5711 -4.6953 0.7969 0.7363 -2.7023 
37.4891 24.7533 -9.7402 -2.8534 8.1090 -1.1720 -3.8012 1.5159 -2.7641 -5.4949 -0.2947 -0.7942 -3.5425 
39.5765 27.1133 -9.2527 -4.3898 6.4810 -1.4164 -3.6764 0.7047 -3.9300 -5.8742 0.0985 -0.2956 -3.2236 
38.3269 26.3623 -9.0926 -5.0456 5.4851 -1.6147 -3.9486 -0.0460 -3.8308 -5.0094 0.0947 -1.0513 -3.2509 
38.4444 26.8622 -8.3241 -4.4555 6.1844 -0.7878 -3.5730 0.0629 -3.4894 -4.7163 0.3373 -0.2836 -2.2854 
38.2077 26.7337 -8.8871 -5.7066 5.9879 -0.0441 -4.2526 -1.6959 -4.2389 -4.9084 -0.2361 -0.4865 -2.3982 
37.4005 25.8337 -9.2957 -5.9367 5.4763 -0.6293 -4.3380 -1.2582 -3.6924 -4.5670 -0.2338 -0.6011 -2.1812 
38.2596 27.3845 -8.4604 -7.1109 4.2140 -0.2736 -3.7106 -1.1027 -3.0362 -3.7462 -0.2119 -0.8288 -1.9941 
38.7867 25.7106 -12.4030 -8.3642 6.1640 1.1101 -4.0730 -1.7315 -3.4234 -4.3438 -1.0730 -1.4234 -1.8307 
34.6629 23.1435 -10.8043 -7.5020 5.0151 0.1693 -4.5072 -2.1492 -3.5320 -4.6832 -2.0138 -2.0539 -2.0017 
33.4380 22.8006 -9.5269 -6.8125 4.8899 0.5003 -3.8673 -1.8730 -3.4312 -4.5954 -1.9702 -1.8061 -1.6114 
29.7483 20.3272 -8.4699 -6.4287 3.6040 0.0961 -2.8634 -0.7806 -2.4224 -3.2850 -0.6062 -0.7202 -0.8357 
28.8715 20.1110 -7.2804 -5.3619 3.8731 0.0600 -3.1836 -1.5723 -3.1672 -3.5488 -0.7392 -1.0404 -1.0104 
28.0330 19.8860 -6.4049 -4.8317 4.0622 0.6530 -2.5862 -1.3306 -2.8614 -3.1848 -0.6242 -1.1280 -1.5511 
26.4423 18.4906 -6.6406 -5.1794 3.1923 0.0455 -2.6411 -1.3621 -3.2802 -3.8799 -1.2034 -1.3926 -1.6921 
25.4453 17.4648 -6.7871 -4.6799 3.5613 0.0045 -2.4798 -0.7773 -3.1100 -4.4239 -1.4236 -0.7187 -0.8434 
25.3753 17.7306 -5.9763 -4.0047 3.5393 -0.4339 -2.8573 -0.9230 -2.7802 -3.6275 -0.9121 -0.8755 -0.9831 
24.3730 16.7657 -6.1074 -3.8598 3.4025 -0.4718 -2.3316 -0.2946 -2.5464 -3.5030 -0.6592 -0.7771 -1.2545 
24.0192 16.6124 -5.7850 -3.7016 2.8297 -1.6686 -3.3746 -0.4913 -2.2048 -3.3575 -0.7023 -0.8320 -1.7147 
32.0094 19.5174 -12.0660 -6.0999 3.9332 -3.6342 -4.2942 2.2592 -1.4593 -5.2560 -0.8630 0.3173 -1.3467 
32.2463 18.8501 -12.7508 -4.4177 6.0904 -3.3424 -4.3557 2.8827 -1.2482 -5.0625 -0.0039 0.5513 -1.8615 
32.7088 18.2024 -13.9804 -3.3901 8.1488 -2.6329 -4.0775 3.4907 -1.2467 -5.0134 0.9556 0.9148 -2.6256 
32.9043 17.2721 -15.5594 -3.3547 8.4138 -3.7195 -4.4436 4.8525 -0.3346 -5.1885 1.3647 2.1843 -1.8188 
31.4880 15.9002 -15.8875 -3.2470 8.4874 -3.9262 -5.1702 3.8687 -1.0577 -5.6943 0.7363 1.3883 -2.6792 
31.2656 15.4615 -16.3247 -3.3093 8.8450 -3.2498 -4.4550 4.1556 -0.9707 -5.1192 1.4613 1.4380 -2.9874 
30.4602 15.0716 -15.6401 -2.7992 8.3658 -4.1744 -5.1385 3.7145 -1.3592 -5.5181 0.9819 0.9176 -3.4565 
29.9703 14.7022 -15.1926 -1.5558 9.7113 -3.4520 -4.9119 4.0274 -0.9773 -5.2809 1.5689 2.2354 -2.0876 
30.9719 15.7773 -15.0294 -2.1831 9.2625 -3.0712 -4.0551 4.8224 -0.4214 -5.0610 1.4806 2.0031 -2.5745 
30.1099 14.6130 -16.0803 -3.0535 8.6144 -3.7017 -4.8440 4.0660 -1.0308 -5.7391 0.7785 1.6872 -2.3894 
29.4687 14.7698 -14.5966 -1.9454 8.8131 -3.6830 -4.7460 4.3942 -0.0171 -4.3010 1.7232 1.8451 -2.4101 
21.4773 13.0413 -6.7759 -0.6208 5.1167 -2.6874 -3.1091 2.4811 -0.6385 -3.5939 -0.0981 -0.3433 -2.8485 
19.6324 12.7914 -5.3440 -1.4793 4.1037 -1.4842 -3.0978 0.2616 -1.5535 -3.0069 -0.2040 -0.4711 -2.5060 
19.5158 12.8465 -5.2197 -1.9657 3.0826 -2.2002 -3.2153 0.2531 -1.6898 -2.9305 0.3083 0.2313 -1.9571 
19.4940 12.7815 -5.2570 -1.7634 3.6166 -1.4563 -2.3804 1.1474 -0.8971 -2.5775 0.0817 -0.2165 -2.0461 
19.1362 12.6156 -5.0538 -1.9634 2.8889 -1.7404 -1.9033 1.3258 -1.6219 -3.4748 -0.3288 -0.3160 -2.2557 
19.5943 13.2246 -4.6603 -1.7747 3.1370 -1.7072 -2.5281 0.7703 -1.0320 -2.2687 0.1878 -0.2973 -1.5355 
18.6415 12.0873 -5.2976 -1.8472 3.4227 -1.4535 -2.3403 1.1694 -0.6609 -2.2831 0.3317 0.3411 -1.4564 
18.8388 12.0643 -5.3600 -1.4590 3.5724 -1.7133 -2.1864 1.2808 -1.5665 -3.3720 -0.0343 -0.0293 -1.9744 
17.7619 11.2503 -5.4979 -2.0452 2.9479 -1.4959 -1.7660 1.2950 -1.3640 -2.8610 0.1274 -0.0997 -1.7325 
18.4297 12.1023 -4.7045 -1.3355 3.0462 -2.1778 -2.4213 1.2478 -1.2472 -2.9541 0.1297 0.1607 -1.3559 
19.0619 12.5042 -5.3110 -2.2840 2.8508 -1.7892 -2.3542 1.1427 -1.0120 -2.7929 0.0040 0.2168 -1.5028 
18.1912 12.1780 -4.3920 -1.5895 2.6219 -2.1929 -2.5471 0.8587 -1.1872 -2.5544 0.1328 -0.1850 -1.9485 
17.8954 11.3948 -5.4548 -2.2125 2.2978 -2.6862 -2.9248 0.6869 -1.8143 -3.7183 -0.9081 -1.0089 -2.7640 
17.8177 11.7780 -4.5962 -1.7594 2.3566 -2.5017 -2.6806 0.8869 -1.4662 -3.2721 -0.4512 -0.4398 -2.2490 
18.0478 12.0790 -4.3403 -1.3481 3.2630 -1.2774 -1.8516 1.1044 -1.3171 -2.9671 -0.3697 -0.5105 -1.8678 
18.5826 12.0607 -5.3013 -2.1293 2.7357 -2.0424 -2.3976 1.1432 -1.3127 -3.3118 -0.5403 -0.3156 -1.8271 
17.2788 10.9474 -5.3470 -2.1313 2.3573 -2.1850 -2.0792 1.5698 -0.7285 -2.3129 0.6398 0.7404 -0.8739 
17.5336 11.5520 -4.6366 -1.8925 2.2674 -2.1875 -2.1139 1.4157 -0.7641 -2.3196 0.3306 0.2177 -1.2406 
16.6671 11.0033 -4.5629 -2.1450 2.1576 -1.7884 -2.1700 0.7935 -0.9886 -2.1899 0.1748 -0.1528 -1.5942 
16.6459 11.0170 -4.0520 -0.9025 3.2967 -1.3221 -1.7722 1.5446 -0.2807 -1.7788 0.4237 0.0014 -1.5300 
17.6495 12.0226 -3.8843 -1.4124 2.4637 -2.0631 -2.1852 1.1731 -1.0099 -2.7632 -0.4327 -0.5460 -1.9224 
17.7399 11.9465 -4.1335 -1.4603 2.5976 -1.8537 -1.7297 1.7421 -0.7140 -2.5905 -0.1087 -0.4638 -2.3137 
17.5415 11.7720 -4.3079 -1.8629 2.2199 -2.0336 -2.1236 0.9991 -1.2719 -2.7629 -0.2782 -0.6569 -2.1819 
17.4186 11.7334 -4.0418 -1.4124 2.4846 -2.1489 -2.3716 0.9074 -1.2445 -2.6218 0.2187 0.1270 -1.6415 
16.5834 11.0237 -3.9812 -1.1030 2.6630 -2.0365 -2.1462 1.3527 -0.7488 -2.4091 0.2730 0.4757 -1.1455 
16.4521 10.9110 -4.2655 -1.8161 2.1120 -1.9046 -1.8716 1.1455 -1.2050 -2.7613 -0.2634 -0.6158 -2.3612 
16.1872 10.7808 -3.9215 -1.1705 2.6782 -1.7612 -1.9792 1.3792 -0.6588 -2.6224 -0.5825 -0.6004 -1.7751 
15.5199 9.9452 -4.5275 -1.5016 2.5799 -1.8503 -2.1266 1.2712 -0.9585 -3.1514 -0.6183 0.0602 -1.3678 
15.8031 10.5499 -3.8773 -1.5363 1.9570 -2.0310 -1.7593 1.2438 -1.2224 -2.6439 0.2008 0.0369 -1.8231 
15.9892 10.8792 -3.6480 -1.6343 1.7174 -2.3692 -2.3252 0.8278 -1.1947 -2.6477 -0.0731 -0.0239 -1.5544 
14.8771 9.8855 -3.7288 -1.4738 1.7307 -2.3614 -2.2641 0.9324 -1.1348 -3.0768 -1.1277 -0.9295 -1.7608 
14.9101 9.7871 -4.2881 -2.5333 0.6263 -3.1970 -3.0881 -0.0878 -2.0322 -3.5384 -1.4111 -1.4861 -2.5326 
15.6681 10.5759 -3.5204 -1.0282 2.4313 -1.9977 -2.3334 0.7252 -1.2411 -2.7607 -0.4215 -0.5661 -2.0296 
15.9798 10.8101 -3.4320 -0.7281 2.8888 -1.4397 -1.6300 1.3469 -0.7042 -2.1166 -0.0638 -0.7393 -2.0866 
15.7339 10.8708 -3.0057 -0.7607 2.3754 -1.8181 -1.8398 0.8855 -1.4586 -2.7355 -0.2135 -0.6181 -2.0093 
15.0089 9.5428 -4.5852 -1.9534 1.5432 -2.8007 -2.8824 0.2608 -1.6345 -2.6508 0.2493 0.1638 -1.6270 
14.7413 9.2454 -4.7222 -1.7778 2.1464 -2.1562 -2.4036 1.1020 -0.4258 -1.9572 0.2649 0.2119 -1.3053 
