16.0356 10.8512 -3.5913 -0.7878 3.7922 0.2872 -0.3964 1.5351 -0.9192 -2.1327 0.3403 -0.0293 -1.6410 
16.2771 10.2857 -5.0200 -1.3477 4.1242 0.3442 -0.4336 1.9921 -0.5087 -2.1564 0.4106 0.3682 -1.1218 
15.2450 10.0806 -4.0078 -1.4389 2.8583 -0.5982 -0.9239 1.7145 -0.3288 -2.0748 -0.1657 -0.2575 -1.6451 
15.1201 10.0185 -3.7668 -1.0662 2.9245 -0.8784 -1.4690 0.7027 -1.3918 -2.2672 0.2215 -0.3570 -1.9742 
14.7419 9.1266 -4.9839 -1.7703 2.9499 -0.7160 -1.4252 0.8503 -1.2018 -2.2451 0.2694 -0.0220 -1.5427 
15.3564 10.0515 -4.1587 -1.4465 2.7530 -0.9752 -1.4153 1.0838 -0.8809 -1.9555 0.4179 0.0030 -1.5669 
14.8814 9.6097 -4.3066 -1.6343 2.4887 -1.0716 -1.3443 1.0774 -1.0426 -2.0302 0.6744 0.5016 -1.0406 
14.5204 9.3865 -4.0517 -1.1423 3.0014 -0.7864 -1.3729 1.2657 -0.1791 -0.9644 1.3022 0.6830 -1.3278 
15.2715 9.3866 -5.1715 -1.5141 3.3869 -0.9814 -1.9015 1.2198 -0.3735 -1.9793 0.1175 0.0472 -1.4015 
15.4595 8.8036 -6.2384 -1.5028 3.7335 -1.1139 -1.6292 1.6412 -0.7890 -2.3171 0.6144 0.3555 -1.4402 
15.1515 9.3543 -5.2134 -2.0148 2.6897 -1.1500 -1.6920 1.0132 -0.8774 -1.9387 0.7021 0.4913 -1.1767 
14.0180 8.7228 -4.6509 -1.6580 2.6478 -1.0346 -1.6541 0.7935 -1.0895 -2.1897 0.4001 0.3380 -1.3901 
14.5615 9.4371 -3.8058 -0.7459 2.9159 -1.3561 -1.7600 0.8505 -1.2909 -2.4338 0.0490 -0.4421 -2.0358 
14.8746 9.7548 -3.8371 -0.9356 3.0445 -1.0875 -1.7721 0.9300 -0.8154 -2.0413 0.3571 0.3679 -1.0866 
14.5250 9.0217 -4.5162 -0.9043 3.4321 -0.7278 -1.0713 1.8862 -0.1472 -1.6080 0.5812 -0.0707 -1.9355 
13.7696 8.5244 -4.3809 -1.0851 2.7210 -1.6910 -2.1941 1.0159 -0.5137 -2.0131 0.1034 0.2114 -0.9951 
14.1090 9.0980 -3.9464 -1.1542 2.6044 -1.2651 -1.6984 0.7303 -1.4149 -2.6541 -0.0710 -0.1151 -1.7701 
14.4595 9.0793 -4.3879 -1.2521 2.4270 -1.8841 -2.0596 0.7053 -1.7650 -3.2477 -0.5263 -0.4033 -1.6204 
14.4179 9.2985 -4.0123 -1.1639 2.5936 -1.3831 -1.6071 1.2124 -0.8486 -2.2839 0.1822 0.2757 -1.0886 
13.6620 8.3637 -4.6595 -1.5882 2.3289 -1.4531 -1.7352 0.6340 -1.6555 -2.8417 -0.2824 -0.2925 -1.3916 
14.7820 9.4458 -4.2956 -1.2921 2.7629 -1.1363 -1.3476 1.4711 -0.6019 -2.1799 -0.1848 -0.3909 -1.4113 
14.9814 9.5861 -4.3626 -1.3360 2.8260 -1.1649 -1.4677 1.4759 -0.4926 -1.8921 0.6879 0.7828 -0.9708 
14.2323 9.0813 -4.2278 -1.5202 2.2619 -1.2755 -1.1119 1.5807 -0.6892 -2.0648 0.1875 -0.3357 -1.9268 
14.7196 9.4177 -4.1743 -1.0906 2.8092 -1.3044 -1.4632 1.5314 -0.6121 -2.3532 -0.3606 -0.7439 -2.1904 
13.9981 9.2205 -3.4820 -0.7891 2.7893 -1.0436 -1.4926 0.8603 -1.2142 -2.5395 -0.3529 -0.5008 -1.7423 
14.0617 9.0832 -3.7147 -0.7318 2.7395 -1.4332 -1.5632 1.3164 -0.8991 -2.6003 -0.4496 -0.6133 -2.0656 
14.7355 9.8479 -3.5316 -1.0466 2.6844 -0.9782 -1.2759 1.1775 -0.8939 -2.2201 0.0231 0.0163 -1.0157 
14.5383 9.4625 -3.8952 -1.1843 2.4675 -1.3558 -1.3763 1.2492 -1.1854 -2.6342 -0.0191 -0.0465 -1.5598 
14.4418 9.3527 -3.7936 -0.7907 2.7365 -1.5741 -1.7242 1.3386 -0.6707 -2.0459 0.5143 0.3621 -1.5528 
14.5499 9.5493 -3.5988 -0.6813 3.0483 -0.7456 -0.9008 1.3485 -1.2407 -2.5384 -0.1043 -0.5194 -1.8900 
14.5108 9.4806 -3.8677 -1.1872 2.7804 -0.5120 -0.5167 1.5876 -1.1256 -2.4840 0.0501 -0.1498 -1.5477 
14.2648 9.0959 -3.9417 -0.8049 2.6064 -1.7502 -1.5810 1.5717 -0.9876 -2.9194 -0.3112 0.0742 -1.1788 
14.5480 9.6321 -3.4825 -0.6513 3.1386 -0.5757 -0.7949 1.5602 -0.7600 -2.0581 0.1725 -0.3487 -1.8048 
14.8795 9.9280 -3.3143 -0.3977 3.1368 -1.0635 -1.2826 1.3009 -1.2368 -2.7668 -0.1911 -0.2974 -1.7887 
14.7178 9.4763 -3.9871 -0.9338 2.7221 -1.5246 -1.7869 0.7832 -1.4983 -2.4017 0.4617 -0.0803 -1.9406 
13.7964 8.7429 -4.1203 -1.2931 2.3996 -1.1595 -1.0046 1.5760 -0.8988 -2.5052 -0.2302 -0.2065 -1.1322 
13.7300 8.8106 -4.1800 -1.9766 1.4322 -2.1884 -2.3689 0.2894 -1.4949 -2.7710 -0.5892 -0.5233 -1.6338 
14.2761 9.0143 -4.3705 -1.3868 2.5486 -1.5006 -2.0082 0.6848 -1.1361 -2.2595 0.1631 -0.1063 -1.8168 
14.4612 9.2424 -4.1516 -1.1414 2.8379 -0.9432 -1.1242 1.3702 -1.1016 -2.7356 -0.5401 -0.6677 -1.6463 
13.7669 8.7095 -4.1569 -1.3494 2.1701 -1.8924 -2.1104 0.7909 -1.1796 -2.7466 -0.5370 -0.4916 -1.6727 
14.8766 10.1407 -3.1412 -0.8155 2.5654 -1.3667 -1.7657 0.7123 -1.1537 -2.1985 0.0058 -0.4024 -1.6371 
14.2363 9.0148 -4.3416 -1.3768 2.7174 -1.0979 -1.5624 1.0916 -0.6608 -1.6817 0.7791 0.4934 -1.2033 
14.7660 9.8590 -3.3822 -0.4802 3.4071 -0.6699 -1.2968 1.4527 -0.2581 -1.7880 -0.0848 -0.6558 -2.2280 
15.2569 10.2342 -3.5992 -1.0872 2.6620 -1.3377 -1.7441 1.1753 -0.4448 -1.9303 -0.2429 -0.6039 -1.6332 
14.9994 9.9721 -3.5352 -0.5970 3.4111 -0.6350 -1.4487 0.8549 -0.9926 -2.0439 0.0264 -0.5651 -1.8940 
14.6046 9.3268 -4.3918 -1.5346 2.6912 -1.0128 -1.3517 1.4531 -0.6678 -2.7795 -1.0820 -0.9354 -1.7980 
14.7014 9.2712 -4.2278 -0.5642 3.6564 -0.8642 -1.6081 1.1211 -1.0592 -2.6578 -0.1766 0.1749 -0.8268 
15.1143 9.7240 -4.4169 -1.5092 2.8707 -1.0052 -1.6624 1.0954 -0.5084 -1.7682 0.3768 0.3079 -0.9877 
18.5931 11.5722 -6.4315 -3.1622 2.1549 -1.9961 -1.4222 2.7634 0.2821 -2.0951 -0.0345 -0.6297 -2.1038 
18.1956 11.9242 -5.1681 -2.5592 2.2380 -1.4588 -1.0179 2.4362 0.0773 -1.7578 0.2023 -0.5453 -1.8379 
15.9670 10.9636 -3.2099 -0.7416 2.9398 -1.0478 -1.2954 1.1702 -1.3856 -2.8294 -0.0866 -0.0373 -1.6066 
15.1109 9.6717 -4.4480 -1.5631 2.4968 -1.4905 -1.8237 0.9536 -0.9650 -2.1478 0.1721 -0.1656 -1.6126 
14.9802 9.3900 -4.4570 -0.7799 3.6085 -0.5803 -0.8534 1.9769 -0.4676 -2.2418 -0.0996 -0.4545 -1.7320 
14.7342 9.3000 -4.3447 -1.0661 2.8316 -1.4138 -1.4783 1.6120 -0.4840 -1.8324 0.6607 0.3548 -1.2654 
14.4881 9.2526 -4.1575 -1.2854 2.1974 -2.0824 -2.2188 0.7665 -1.1876 -2.5513 -0.5170 -1.0737 -2.2909 
14.8980 9.5089 -4.3071 -1.1345 2.9204 -1.4877 -2.0127 1.2024 -0.5730 -2.3292 -0.2457 -0.2860 -1.7773 
14.5871 8.9930 -4.8234 -1.5375 2.5379 -1.7084 -2.0541 0.7979 -1.3175 -2.6085 -0.1783 -0.7977 -2.7315 
14.9730 9.1816 -5.1397 -1.7732 2.6576 -1.6351 -2.1927 0.8654 -0.9278 -2.3398 -0.1379 -0.5758 -2.2422 
16.1565 10.4214 -4.2656 -0.7184 3.3492 -1.6624 -2.2261 0.9130 -1.4203 -3.0689 -0.3603 -0.3472 -1.9099 
24.2439 13.2479 -10.1980 -2.1444 4.4039 -4.0934 -1.8936 4.8542 -1.5364 -4.8005 2.0605 1.6766 -3.0597 
21.8723 12.3140 -8.7271 -1.8414 4.3797 -3.1980 -2.4595 3.0462 -1.6183 -4.0836 1.2478 0.6092 -3.1272 
20.3398 11.9396 -6.9501 -0.6542 4.7023 -2.5014 -2.2768 2.2670 -1.5887 -3.2247 1.1159 0.2883 -1.8305 
26.5932 15.5969 -10.2696 -3.6407 4.1887 -3.6953 -4.2741 0.6538 -3.3854 -4.8083 0.7016 0.3457 -1.6845 
23.5018 14.2224 -8.7343 -3.6798 3.9355 -1.7922 -2.6785 1.1360 -2.1025 -3.6746 0.6174 0.6236 -1.2646 
23.9762 14.7638 -9.3508 -6.1244 1.4366 -2.4657 -2.2932 0.9428 -3.1101 -4.8154 0.1512 1.3248 -0.0203 
21.2421 13.3056 -7.7077 -4.5653 2.4046 -1.2744 -1.7743 1.0642 -1.9801 -3.5456 0.2497 1.0105 -0.2237 
20.3765 12.3622 -7.8043 -3.5864 3.8762 -0.1862 -1.1658 1.6662 -1.3811 -3.2472 0.3146 0.9148 -0.5517 
19.5999 11.2688 -8.5592 -3.7221 3.8892 -0.3936 -1.2689 1.7267 -1.5441 -3.4965 0.4136 1.1560 -0.6239 
18.8976 11.0978 -7.7217 -3.2522 3.6557 -0.5455 -1.3059 1.4539 -1.7059 -3.4834 -0.0052 0.3740 -1.2720 
17.1614 9.8210 -7.3551 -2.8097 3.6784 -0.2929 -0.7173 2.3194 -0.4148 -2.2395 0.5183 0.3694 -1.2423 
16.6090 10.0179 -6.0699 -2.1729 3.4054 -0.3367 -0.4181 2.3781 -0.3443 -1.7044 1.0003 -0.0524 -2.3670 
15.2267 9.6906 -4.5071 -1.2532 3.2327 -0.7637 -1.2638 1.5327 -0.4583 -1.8735 0.3904 -0.0169 -1.7482 
14.5311 9.3140 -3.8824 -0.6144 2.8935 -1.7151 -1.9162 1.2319 -0.6962 -1.8245 0.6570 -0.1776 -2.1983 
27.3566 20.1826 -2.9237 0.0134 5.3742 -1.4257 -2.7418 1.1090 -1.9164 -3.9480 -0.3617 -0.4227 -2.2706 
26.4569 21.2166 0.1399 1.1376 5.2934 -0.7951 -3.3963 -1.3677 -3.4292 -3.9458 -0.2974 -0.2090 -1.8057 
26.3862 21.5127 0.7061 1.3891 5.5833 -0.4878 -3.7900 -1.9590 -3.2573 -3.5723 -0.4591 -0.5461 -2.1913 
27.4972 22.0538 -0.3405 0.3393 5.8388 0.4288 -3.8770 -3.5574 -4.8372 -3.6024 0.2843 -0.6512 -2.7904 
31.9813 23.4333 -4.5558 -1.9177 5.5237 -1.6274 -5.4081 -2.8304 -4.4174 -3.9358 0.2775 -1.2613 -3.7212 
30.5354 24.1229 -1.4772 -0.8303 6.1374 0.5929 -4.9673 -4.8055 -4.4614 -1.6332 1.6552 -0.8876 -2.7550 
31.0352 24.4751 -1.8029 -1.5019 5.5756 0.1937 -5.3979 -5.2821 -4.8228 -1.8403 1.4890 -1.0508 -2.8221 
34.0299 25.0754 -4.6006 -1.8197 6.1908 -1.6455 -6.2671 -3.2570 -3.6317 -2.4669 1.4123 -0.7044 -3.0224 
33.6216 25.3297 -3.9263 -2.3182 5.4903 -1.4171 -6.4207 -4.2159 -3.7539 -1.5758 1.8977 -0.8027 -3.0403 
34.3400 26.1038 -4.1852 -3.4736 5.1436 -0.8009 -6.6697 -5.2627 -3.7930 -0.7575 2.1822 -0.9032 -2.8108 
35.6815 26.8344 -4.8890 -3.8884 5.1797 -1.2376 -7.1539 -4.9759 -3.0505 -0.1842 2.3666 -1.1561 -3.3218 
37.1493 27.8914 -5.3868 -4.5452 5.2600 -0.7998 -6.6554 -4.2762 -2.2809 0.3273 2.5439 -1.1791 -3.2953 
37.7976 28.1847 -6.1296 -5.4872 4.8262 -0.9760 -6.8187 -4.0658 -1.7624 0.3701 2.0043 -1.5032 -3.2295 
38.1801 28.0811 -6.7655 -5.6859 4.5996 -1.5699 -6.8571 -3.5416 -1.5967 0.2863 2.0299 -1.7299 -3.5618 
38.8960 28.6457 -7.0460 -6.2488 4.5239 -1.1345 -6.2843 -2.9513 -1.1117 0.5331 2.2775 -1.3325 -3.2961 
39.3159 28.8136 -7.7085 -7.1199 4.2721 -0.9668 -6.1574 -2.7693 -1.1840 -0.1516 1.7939 -1.1618 -3.4055 
39.3655 28.5225 -8.3286 -7.5486 3.9082 -1.3127 -6.1768 -2.7501 -1.5457 -0.6812 1.3020 -1.5885 -3.6580 
40.2207 29.2817 -7.8712 -7.1421 3.6840 -1.0767 -4.5065 -1.7419 -1.9425 -0.1693 2.4002 -1.8824 -3.7825 
39.9990 29.2085 -7.5721 -7.0030 3.2464 -1.5269 -4.3483 -1.4351 -2.0790 -0.4783 2.2641 -1.9285 -3.7410 
39.4299 28.1640 -8.4245 -7.0411 3.1062 -2.3920 -4.9631 -1.5618 -2.7490 -1.6393 1.5726 -2.1834 -4.0293 
40.0599 28.7579 -8.1317 -6.5874 3.6975 -1.7222 -3.9437 -0.5548 -2.4977 -1.7287 2.1233 -1.2588 -3.5606 
39.3241 28.2975 -7.9486 -6.9163 2.8152 -1.7994 -3.2070 -0.7184 -3.7756 -2.3950 2.3804 -1.5240 -4.5308 
36.1696 26.6127 -6.3315 -5.9489 2.7249 -1.6962 -3.3586 -0.3409 -2.3569 -2.2406 1.2701 -0.9051 -3.0110 
35.4513 26.4069 -5.9378 -6.2894 2.3024 -1.4130 -3.1885 -0.5046 -2.3728 -2.5361 0.5960 -1.2680 -3.3190 
35.3523 26.3777 -5.9838 -6.4459 2.5377 -0.7264 -2.7300 -0.4461 -2.3907 -2.6560 0.4264 -1.1795 -3.1755 
35.1983 26.2938 -5.6134 -5.5259 3.4974 -0.3489 -2.9117 -0.7641 -2.6409 -2.7212 0.7334 -0.6649 -2.9006 
33.9937 25.5818 -4.9452 -4.9551 3.3667 -0.3694 -2.4945 -0.6383 -3.3503 -3.8077 0.0784 -0.8016 -2.9871 
33.6043 25.2911 -5.0754 -5.2932 3.1779 -0.3016 -2.6948 -0.9137 -3.1414 -3.5339 -0.0317 -0.8358 -2.8407 
33.4684 24.8640 -5.7642 -5.7582 3.1234 -0.2918 -2.9430 -1.3516 -3.4942 -3.6835 -0.1059 -0.9425 -2.9637 
32.5218 24.4315 -4.8671 -4.9805 2.8060 -1.1522 -3.6245 -1.7037 -3.4225 -3.3421 -0.1409 -1.4789 -3.2984 
31.5190 23.8847 -4.0217 -3.7930 3.4224 -1.1770 -3.6343 -0.8716 -2.0536 -2.6487 -0.3334 -1.7431 -3.2595 
30.6007 23.2542 -3.5705 -3.1306 3.6812 -0.9361 -2.9841 0.0007 -1.3757 -2.4117 -0.2939 -1.2337 -2.3084 
29.3333 22.1098 -3.7286 -2.9360 3.9223 -0.9628 -3.7340 -0.9630 -1.6630 -2.2855 -0.4764 -1.6972 -2.8459 
28.4532 21.1266 -3.8278 -2.2737 4.1629 -1.3266 -3.5869 -0.3994 -1.8431 -2.9137 -0.4128 -1.1645 -2.6924 
27.4384 20.4590 -3.5419 -2.0779 4.3290 -0.5838 -2.8250 -0.2821 -1.8064 -2.2999 0.3496 -1.0122 -3.0192 
25.8707 19.1594 -3.2929 -1.5596 4.0232 -0.9345 -2.1609 0.7108 -1.6576 -2.6708 0.3375 -0.7883 -2.9901 
24.2326 17.6758 -3.5517 -1.5062 4.0031 -1.1631 -2.9329 -0.2505 -2.2777 -3.2155 -0.2200 -0.8381 -2.5233 
24.1639 17.6807 -3.4128 -1.4381 3.8928 -1.2428 -2.7273 0.1479 -1.9933 -3.0390 0.1699 -0.2562 -2.2140 
23.4984 17.0340 -3.4892 -1.2669 3.8443 -1.5678 -3.1600 -0.2802 -2.1927 -2.8728 0.4523 0.0139 -1.8317 
22.7014 16.6911 -3.0231 -1.3506 3.1911 -1.8494 -2.8723 0.4461 -1.1687 -2.1650 0.5157 -0.0738 -1.7049 
21.9355 15.4535 -4.0653 -1.6484 3.1102 -2.1750 -2.8550 0.9190 -1.1452 -2.8203 -0.0374 -0.2111 -1.9119 
20.6313 14.2920 -4.1212 -1.4405 3.0543 -2.1648 -2.7335 0.7077 -1.5539 -2.8702 0.1323 -0.3111 -2.1280 
20.7094 14.2564 -4.6653 -2.4425 2.4150 -1.8923 -1.9391 1.5428 -0.7215 -2.0815 0.7136 0.0266 -1.9537 
19.3410 12.6423 -5.4363 -2.4962 2.2922 -2.4087 -2.4062 1.2741 -1.1444 -2.6654 0.3505 0.0045 -1.8836 
19.5707 13.3298 -4.4089 -1.7866 2.6316 -2.1863 -2.2758 1.5645 -0.5415 -2.2591 0.3156 0.0280 -1.6303 
19.7305 13.3919 -4.4915 -1.4861 3.6200 -1.0033 -1.6136 1.5881 -0.8012 -2.4488 0.3963 0.2303 -1.7350 
19.1474 12.6361 -4.9388 -1.6591 3.2448 -1.5791 -1.8906 1.6043 -0.7925 -2.4642 0.2011 -0.2134 -1.8528 
19.5363 12.9912 -4.9352 -1.8751 2.9023 -2.0129 -2.3147 1.2133 -1.1933 -2.6732 0.4583 0.2312 -1.8514 
19.3859 12.1579 -6.4500 -2.6630 3.3917 -1.3871 -2.3443 1.0295 -1.3707 -3.4601 -0.7326 -0.3585 -1.7331 
18.6263 12.1236 -5.2291 -1.9793 2.8360 -2.4355 -3.1119 1.1186 -0.4249 -2.4536 -0.0918 0.0932 -1.6169 
18.5354 12.3296 -4.5031 -1.2791 3.2820 -1.6402 -2.0034 1.3091 -1.4681 -3.4969 -0.5930 -0.3769 -1.8388 
17.9758 11.7770 -4.6405 -1.2014 3.4662 -1.3456 -1.7892 1.3344 -1.3152 -3.0014 -0.1307 -0.4083 -2.3394 
17.3047 10.8910 -5.4837 -1.9856 2.9463 -1.6687 -2.0583 1.4208 -0.7695 -2.5188 0.0640 -0.1425 -1.9212 
16.1667 9.8741 -5.6559 -2.1755 2.4430 -1.9274 -2.0511 1.1040 -1.4254 -3.1129 -0.5280 -0.9198 -2.7435 
17.9955 11.2476 -5.7771 -1.7927 3.7855 -0.9560 -1.8319 1.2628 -1.0701 -2.6531 0.1528 0.1061 -1.4307 
26.8823 15.8187 -11.4066 -5.3551 5.4801 -0.2713 -3.1683 0.3101 -1.8950 -3.0015 0.9315 0.1610 -2.5141 
30.6129 17.4717 -13.3849 -5.3039 6.2430 -2.2244 -4.9235 0.3399 -3.6661 -6.4677 -0.2689 0.9088 -2.6263 
30.1672 18.0644 -11.5235 -4.0524 7.1145 -0.8053 -3.6184 1.2153 -2.8074 -6.1171 -0.5461 1.1907 -1.4401 
31.0331 22.2640 -5.3937 -2.3834 5.4572 -1.1424 -3.6183 0.1332 -2.9609 -5.6138 -1.5638 -0.4116 -2.0772 
29.9096 21.8775 -4.3152 -1.9022 4.8160 -1.5081 -3.1617 0.8307 -2.4053 -5.5784 -2.3443 -1.2411 -1.9857 
30.9552 23.5922 -3.0906 -2.4366 3.4554 -1.8750 -2.7462 1.0501 -1.9964 -4.7735 -2.2606 -2.1628 -2.6231 
34.0016 26.3530 -3.3027 -4.0062 2.6506 -2.2184 -3.8661 0.0531 -1.1870 -3.0394 -2.0718 -3.7511 -3.6358 
33.7100 25.5840 -3.8373 -3.3836 3.1879 -2.8000 -4.3461 0.5549 -0.3487 -2.2247 -1.2131 -3.1782 -3.5718 
32.0060 25.1633 -2.2726 -3.1070 2.4577 -2.7700 -4.3816 0.0489 -0.1426 -1.5368 -0.9427 -3.0915 -3.6480 
32.0219 25.4660 -1.5329 -2.3895 2.7626 -2.6591 -3.9942 0.7925 0.4900 -1.6532 -1.9237 -4.2013 -4.0928 
32.7434 25.7223 -2.2544 -3.0417 2.4692 -2.7435 -3.8113 0.7834 -0.0260 -1.9180 -1.5272 -3.8527 -4.1127 
34.5688 25.5241 -5.4469 -4.6320 2.6488 -3.3232 -4.5994 0.5217 -0.9651 -3.3849 -2.3794 -4.3771 -4.6779 
35.2594 26.8499 -4.4707 -4.8132 3.0011 -1.5079 -3.1711 0.7364 -0.7530 -2.9131 -2.1535 -3.9550 -3.5781 
35.8472 26.9771 -5.3068 -5.5342 2.9649 -1.1372 -2.7721 0.6452 -1.6259 -3.8556 -2.3710 -3.8142 -3.6255 
37.3180 27.0401 -7.3847 -6.2771 3.8946 -0.4304 -2.4877 0.5018 -2.7057 -4.8289 -2.0055 -2.8342 -3.1975 
38.3130 27.3771 -8.4411 -7.0222 4.1585 0.1097 -2.2673 0.1627 -3.4209 -5.0482 -1.3988 -2.3460 -3.4839 
39.1384 27.6005 -9.1751 -6.8022 5.5809 1.1357 -2.1665 0.0020 -3.7021 -5.3516 -1.1152 -1.6419 -3.1698 
39.6313 27.5779 -9.6933 -6.2612 6.8691 1.7601 -2.1119 0.1478 -3.7206 -5.4846 -0.6225 -0.7464 -2.9098 
39.0969 26.9307 -10.3776 -7.2567 5.9292 1.2553 -2.6032 -0.6607 -4.3320 -5.5900 -0.7421 -1.2353 -3.5972 
38.9310 26.9323 -10.1473 -7.0551 6.2980 1.7434 -2.5012 -0.9131 -4.4136 -5.2923 -0.2263 -0.8998 -3.7600 
39.1122 27.2798 -9.6658 -6.5682 6.7088 2.1290 -2.0603 -0.4720 -4.1517 -5.1504 0.1467 -0.3062 -3.4169 
38.4515 26.6408 -9.7190 -6.4184 6.6136 2.0157 -2.0516 -0.7060 -4.4525 -5.1563 -0.0833 -0.9072 -3.5846 
37.8386 26.0965 -9.5681 -5.7502 7.3728 2.6036 -1.7946 -0.8607 -4.7440 -5.1936 0.1109 -0.7190 -3.4655 
37.1690 25.7405 -9.4192 -6.0233 7.0506 2.6744 -2.0162 -1.4301 -4.9525 -5.3288 -0.4631 -1.1682 -3.4560 
36.4862 25.6354 -8.4714 -5.2405 7.4799 3.0203 -2.1489 -1.8791 -4.9622 -4.9807 -0.1296 -0.6710 -2.9958 
36.2437 25.2626 -8.9993 -6.0652 6.5020 2.3384 -2.3404 -1.9264 -5.2037 -5.3746 -0.6196 -1.2837 -3.4985 
35.1496 25.0882 -7.6689 -5.2672 7.0615 3.7202 -1.3276 -2.1028 -5.3361 -4.9367 -0.2796 -0.9158 -2.7697 
35.6467 25.0580 -8.2942 -5.3955 6.7738 2.7431 -1.8201 -1.8194 -5.2597 -4.9950 -0.0151 -0.8544 -3.0973 
34.1450 24.4860 -7.1519 -4.7951 7.0554 3.6454 -1.4626 -2.4320 -5.5458 -4.7527 0.1025 -0.7693 -3.0962 
34.0464 24.1395 -7.3950 -4.5903 6.8052 2.6542 -1.9191 -1.8890 -5.0221 -4.8399 -0.2983 -1.0436 -2.9508 
33.1855 23.8683 -6.7533 -4.6127 6.3284 2.6353 -1.9380 -2.2547 -5.2607 -4.9148 -0.2582 -0.5757 -2.3800 
32.8984 23.4022 -7.0271 -4.4257 6.4562 2.2016 -2.5517 -2.4514 -4.9403 -4.3975 0.0160 -0.6272 -2.4496 
31.8307 22.3539 -7.1891 -4.1800 6.3974 1.7815 -2.8550 -2.5478 -5.2385 -4.9113 -0.2895 -0.7902 -2.8874 
30.9562 21.9506 -6.3700 -3.1627 7.0917 2.1867 -2.7179 -2.1554 -4.1456 -3.7964 0.2383 -0.2431 -1.8991 
29.7747 20.5504 -7.0960 -3.4839 6.2885 0.7669 -3.6988 -2.1353 -3.9883 -4.3735 -0.7987 -1.0986 -2.5171 
29.2081 19.9872 -6.9368 -2.7626 6.5963 0.5323 -3.4652 -1.5122 -4.1802 -5.0947 -0.6643 -0.3809 -2.4173 
27.7698 19.6727 -5.3626 -1.9818 6.6890 1.4939 -2.1898 -0.6069 -3.2233 -4.3896 -0.4088 0.2842 -1.5899 
26.5030 18.2038 -6.1741 -2.5464 5.8148 0.6600 -2.3264 -0.2526 -2.9109 -4.2785 -0.7047 -0.5068 -2.3602 
25.5541 17.4693 -6.2210 -2.9619 4.8507 -0.1584 -2.7977 -0.6570 -3.3297 -4.5487 -0.6812 -0.3218 -2.2774 
24.5582 16.7079 -6.0504 -2.7811 4.5907 -0.3442 -2.3152 0.4891 -2.1807 -4.0252 -0.6104 -0.1871 -1.9661 
23.6401 16.0237 -6.0567 -3.0970 4.0361 -0.4051 -2.1118 0.4146 -2.3525 -4.1056 -0.7381 -0.1026 -1.3277 
22.7808 15.3326 -5.8976 -2.6819 4.1889 -0.6219 -2.4782 0.3191 -2.1789 -4.1587 -1.1406 -0.5654 -1.8298 
22.3613 14.9298 -6.0207 -2.9432 3.6098 -0.8863 -2.0862 0.7060 -2.0629 -3.6649 -0.2004 0.1614 -1.4288 
21.5354 14.5536 -5.2491 -2.1468 3.8447 -0.7732 -1.7504 1.1651 -1.6290 -3.2894 0.0924 0.1089 -2.1827 
21.1450 14.0895 -5.4509 -2.0849 4.0436 -0.4307 -1.4613 0.9568 -2.2036 -3.6695 -0.0303 0.1445 -1.8213 
20.4483 13.3167 -5.7001 -1.8112 4.4043 -0.5186 -1.8437 0.9961 -1.6999 -3.4485 -0.2747 0.0610 -1.5809 
20.2507 12.5871 -6.9734 -2.9427 3.4629 -1.6107 -2.7226 0.7953 -1.6188 -3.6447 -0.6541 -0.2505 -1.8402 
19.1065 11.8384 -6.6140 -2.7904 3.1742 -1.5682 -2.4905 0.6045 -1.9534 -3.5828 -0.3850 -0.2383 -2.1539 
19.0761 12.3366 -5.5631 -2.1693 3.3095 -1.2930 -2.1315 0.7849 -1.6367 -2.9356 0.1868 0.0096 -1.8604 
18.5768 11.7217 -5.9680 -2.3984 3.0720 -1.5935 -2.1673 1.1073 -1.6867 -3.8553 -0.8583 -0.3587 -1.7947 
18.4657 11.5922 -5.7941 -1.7601 3.8254 -0.9378 -1.6216 1.3868 -1.3285 -2.8163 0.3318 0.0064 -2.0087 
18.3724 11.7018 -5.6032 -2.1614 2.9062 -1.7353 -2.0971 0.9662 -1.9553 -3.6436 -0.4077 -0.5310 -2.6431 
17.7952 11.4297 -5.3728 -2.3855 2.3254 -2.0569 -2.1741 1.1514 -1.4121 -3.1804 -0.0813 0.3133 -1.4562 
18.3062 12.1818 -4.4867 -1.4205 3.0986 -1.4704 -1.6403 1.3316 -1.7131 -3.3797 -0.0600 -0.2113 -2.4647 
17.8515 11.9258 -4.2664 -1.1532 3.4982 -0.9557 -1.4581 1.4298 -1.0709 -2.6158 0.0791 -0.3118 -2.0991 
17.4915 10.9399 -5.6832 -2.0692 3.0195 -1.7557 -2.4577 0.8356 -1.3831 -3.0965 -0.4052 -0.3869 -2.0361 
17.4676 11.2175 -5.1341 -1.7502 3.3748 -0.9008 -1.5050 1.3353 -1.1426 -2.6164 0.5159 0.7337 -1.2635 
17.5494 11.5131 -4.7700 -1.7879 2.9685 -1.3477 -1.8601 1.2123 -1.0642 -2.9330 -0.6016 -0.4892 -1.4937 
25.1180 15.2128 -9.5555 -4.5104 3.5922 -2.6247 -3.7296 0.7653 -2.3637 -4.5395 -0.2689 -0.1356 -2.7434 
26.9363 16.7727 -9.0334 -3.4206 4.8347 -2.5969 -4.3907 0.3403 -2.9805 -5.4495 -0.5213 0.4853 -2.0696 
28.3273 20.9547 -3.1205 -0.6410 4.2223 -3.3666 -4.6673 0.2804 -1.7845 -3.3292 0.8465 0.8225 -2.2483 
29.7125 22.2037 -3.2492 -1.5889 3.3523 -3.7527 -4.8379 -0.1986 -2.5110 -3.6274 1.0705 0.7819 -2.7959 
30.5736 22.4669 -4.1821 -2.0000 4.2197 -2.5465 -4.1027 0.1456 -2.2342 -3.3618 1.0286 0.2734 -3.3260 
36.6566 26.9655 -6.0875 -4.9947 3.5354 -2.6049 -4.9333 -0.4119 -1.6153 -2.1151 1.7551 0.0257 -3.7049 
41.1602 29.0829 -9.0781 -6.6222 4.0823 -2.9661 -5.2931 0.2100 -1.7710 -2.5359 2.7322 0.9144 -3.9275 
40.7209 28.2918 -9.6744 -6.6363 3.7974 -3.9038 -5.9499 0.1141 -1.9754 -3.0148 2.2128 0.4884 -4.1155 
40.9969 28.7365 -9.2810 -6.3700 4.2733 -3.1225 -5.2652 0.6323 -1.3598 -2.5231 2.2281 0.3755 -3.8582 
41.5964 28.9402 -9.8735 -6.8722 3.9744 -3.5139 -5.6364 0.2630 -1.7325 -2.6022 2.2182 0.0176 -4.0845 
40.4090 28.2265 -9.7933 -7.4854 3.4002 -3.3408 -5.9822 -0.7101 -2.0941 -2.7544 1.4840 -0.5900 -4.3931 
40.5706 28.4762 -9.2267 -6.4687 4.3628 -2.6879 -5.4288 -0.2674 -1.6714 -2.0612 2.1791 -0.1461 -3.7361 
41.0591 28.5050 -9.7734 -6.4510 4.7344 -2.5524 -5.1571 0.1408 -1.6619 -2.2143 2.2706 -0.0273 -3.6267 
41.4887 28.6650 -10.3579 -7.4137 3.7497 -3.1465 -5.2123 0.0918 -1.9541 -2.3613 2.1055 -0.6867 -4.3007 
42.5724 29.5481 -10.1904 -6.9855 4.3427 -2.9393 -5.0247 0.6263 -1.3983 -2.0104 2.3394 -0.4763 -3.9936 
42.2126 29.1959 -10.3234 -7.2116 3.8823 -3.3208 -5.2190 0.2700 -1.9432 -2.3770 2.1269 -0.7967 -4.3332 
41.9325 29.0759 -10.1984 -7.1859 4.0626 -2.9283 -5.0905 0.2543 -1.6742 -2.1786 1.9648 -0.7642 -3.9175 
41.3048 28.5861 -10.1542 -7.2010 3.7651 -3.2207 -5.2107 0.1994 -1.8045 -2.3060 2.0334 -0.6698 -4.0866 
41.0939 28.3640 -10.2172 -7.1009 3.9781 -3.0705 -5.2718 0.0390 -1.9123 -2.4260 1.9023 -0.6192 -3.9376 
40.7646 28.4862 -9.5737 -6.6977 4.5535 -2.2672 -5.0435 0.0187 -1.4898 -2.0014 2.1731 -0.1528 -3.7002 
40.3732 28.3747 -9.6760 -7.5086 4.1818 -1.8139 -4.9959 -0.1334 -1.0490 -1.8941 1.5681 -0.4015 -3.7473 
39.8778 28.1715 -9.3942 -7.6827 3.6585 -1.7721 -4.4805 0.1676 -0.8747 -1.6724 1.4507 -0.6891 -3.6113 
38.1388 27.6012 -8.0509 -7.5738 2.7767 -1.6996 -4.1509 -0.2387 -1.3728 -2.0374 1.0041 -0.8640 -3.5755 
37.5473 27.2534 -7.7733 -7.2968 2.8824 -1.7483 -4.3329 -0.2002 -1.2732 -2.5379 0.3496 -0.6782 -2.9217 
38.5703 27.7959 -8.2518 -7.5192 2.9910 -1.5409 -3.8033 0.0405 -1.7309 -2.7857 0.5244 -0.8726 -3.2654 
36.8585 26.6476 -7.7968 -7.2647 2.8741 -1.1592 -3.4866 -0.3374 -2.0938 -2.7774 0.3249 -1.3184 -3.4989 
37.2823 26.7547 -8.0806 -7.1372 3.0126 -1.5680 -3.9345 -0.6210 -2.6945 -3.4848 0.1989 -0.8084 -2.7263 
36.8717 26.4875 -8.0255 -7.1465 3.1657 -1.0661 -3.5138 -0.5201 -2.7634 -3.6432 0.0751 -0.8344 -2.8059 
37.2909 27.1721 -7.4291 -7.0394 2.9805 -0.9997 -3.1837 -0.2827 -2.6171 -3.3467 0.4991 -0.4316 -2.4068 
35.6154 25.7454 -7.2698 -6.1731 3.8988 -0.2318 -2.8667 -0.4113 -2.8185 -3.4486 0.4125 -0.6605 -2.7983 
37.2833 26.9839 -7.8658 -7.1660 3.6665 -0.1503 -3.2476 -1.1668 -3.5169 -4.1146 -0.3254 -1.0623 -2.5741 
36.5634 26.3470 -7.3273 -5.9700 3.5771 -1.5229 -3.8567 -0.7677 -3.4098 -4.2380 -0.1170 -0.8845 -2.5777 
35.6298 26.1745 -6.4988 -5.9713 3.3880 -0.8987 -3.5180 -1.0999 -3.4354 -4.1159 -0.4937 -1.3926 -2.7677 
33.8298 24.8407 -5.9830 -5.2978 3.1605 -1.3680 -3.5890 -0.9113 -3.2176 -4.0824 -0.7893 -1.6957 -2.8773 
31.1253 23.3291 -4.5910 -4.3222 3.2338 -0.6722 -2.6119 -0.0765 -2.0078 -3.1146 -0.6551 -1.4762 -2.4683 
29.8545 22.1210 -4.5035 -3.4958 3.5275 -1.0384 -2.5820 0.4232 -2.0826 -3.6510 -0.4577 -0.6565 -2.2502 
29.7231 21.4568 -5.1552 -3.1692 3.6880 -1.8163 -3.1093 0.1868 -3.2019 -5.0097 -0.8596 -0.7576 -2.7352 
28.9754 19.8287 -6.8447 -3.4402 4.0816 -2.1540 -3.5734 0.4109 -2.8680 -4.9718 -0.7165 -0.3936 -2.4930 
28.9900 18.7074 -8.5168 -3.0768 5.5955 -1.8655 -4.0377 0.6370 -1.9261 -3.8056 -0.0427 -0.6995 -2.7298 
29.0084 18.1151 -9.2846 -2.7679 5.9102 -2.5812 -4.3742 1.2515 -1.8811 -4.3502 0.2594 -0.0162 -2.9889 
28.1695 17.8986 -8.7900 -3.2361 5.1705 -2.5979 -4.4851 1.0348 -1.4913 -4.2545 -0.3766 0.0125 -2.3074 
26.1292 17.3763 -7.1210 -3.4260 3.9877 -1.8976 -3.3409 0.9493 -1.3955 -3.5593 -0.1960 0.0913 -1.7419 
24.3154 16.5875 -5.5963 -2.2249 4.1320 -1.7163 -3.2806 0.5517 -1.4508 -3.3899 -1.0340 -1.5090 -2.5865 
23.9263 16.3360 -5.6192 -2.5389 3.9001 -1.1920 -2.4909 0.6034 -1.9270 -3.1491 0.3570 0.0055 -1.9438 
24.1680 16.2104 -6.1350 -2.4984 4.2819 -1.4222 -2.9449 1.0292 -0.9911 -2.9899 -0.3344 -0.6165 -2.1896 
22.3524 14.9450 -5.6885 -2.3951 3.3060 -2.3662 -3.2913 1.0154 -0.7527 -2.6304 -0.3058 -1.0928 -2.8248 
21.7452 14.2458 -6.2045 -2.9159 2.9465 -2.2910 -2.9821 1.1116 -0.9925 -2.9281 -0.3239 -0.8915 -2.8804 
21.5339 14.3928 -5.6042 -2.4765 3.4249 -1.5941 -2.6452 1.0613 -0.7425 -2.3037 0.2894 -0.3078 -2.3139 
20.8316 13.7158 -5.8188 -2.7078 3.0767 -1.4726 -1.9208 1.6898 -0.5766 -2.2738 0.4286 0.0352 -1.7130 
20.1563 13.4968 -5.0432 -2.2877 2.4357 -2.1879 -1.8034 2.1821 -0.3594 -2.1986 0.5081 -0.0591 -1.8097 
20.3724 13.6932 -4.8051 -1.5604 3.5053 -1.4820 -1.7293 1.8767 -0.9967 -3.0647 0.0862 0.3089 -1.3100 
19.7717 13.2480 -4.9697 -2.0595 3.0166 -1.8381 -2.4689 1.1565 -1.0657 -3.0195 -0.1665 0.0853 -1.6839 
18.9587 12.3416 -5.4324 -2.4436 2.3522 -2.5012 -2.8054 0.9738 -1.1155 -2.7743 0.0479 0.0649 -1.5242 
19.5482 13.3066 -4.3521 -1.5438 3.0360 -1.8780 -2.4412 0.8114 -1.4450 -2.7451 0.2498 0.0255 -1.5852 
19.3916 12.8823 -4.7924 -1.4583 3.3946 -1.7025 -2.1313 1.5792 -0.6534 -2.4350 0.1083 -0.2474 -1.7307 
18.9793 12.6287 -4.9077 -2.0336 2.8901 -1.5397 -1.6818 2.0012 -0.2997 -2.4003 0.0812 0.1696 -1.3508 
19.9011 13.0261 -5.3931 -1.9065 3.2740 -2.0346 -2.4277 1.9170 -0.1268 -2.3436 0.2550 0.3630 -1.3633 
20.6643 12.5786 -7.2114 -2.2173 4.1988 -1.9697 -2.8321 1.9367 -0.5264 -3.2016 0.2277 0.9742 -1.4408 
22.5776 12.6137 -9.6702 -2.2950 6.0522 -1.7789 -3.7174 1.8428 -0.6489 -4.0720 -0.7660 0.1472 -1.8476 
26.0311 13.2924 -12.7019 -2.1213 7.4466 -2.9975 -3.9025 3.9822 0.0905 -4.1540 0.4297 0.4785 -2.7858 
26.7133 13.0277 -13.5120 -1.2066 8.4542 -3.3018 -3.4448 5.2748 0.0158 -4.5352 1.7107 1.6989 -3.2874 
27.9902 14.1119 -13.0187 -0.1768 9.4244 -3.2041 -3.6610 4.8234 -1.1355 -5.6920 1.2379 1.3978 -3.6022 
28.3472 13.6775 -14.1998 -0.5323 9.2552 -4.1224 -4.2291 5.3051 -0.2316 -4.5320 2.4918 2.1208 -3.1393 
28.4210 13.1955 -14.9998 -0.3116 10.1848 -3.6911 -4.3643 5.0240 -0.6703 -5.1294 1.8951 1.7269 -3.1665 
28.5294 13.1065 -15.4054 -0.6482 9.9487 -4.1947 -4.9688 5.0228 -0.0360 -4.7128 1.5882 1.0947 -3.5679 
28.5807 12.7841 -16.3461 -1.5957 9.4864 -4.3204 -4.9154 5.3131 0.2203 -4.7723 1.5972 1.5247 -3.1172 
29.6558 13.9159 -15.9128 -1.5029 9.6522 -4.0128 -4.7958 4.8140 -0.7661 -5.5495 1.3723 1.5135 -3.2093 
30.6854 15.0560 -15.7815 -2.1219 9.6459 -3.4453 -5.0005 4.3239 0.0312 -4.1021 1.7495 0.9879 -3.4282 
29.7077 14.3512 -15.9021 -2.7694 8.8892 -3.5452 -5.0665 3.6959 -0.9486 -5.2665 0.8019 0.7205 -3.7169 
29.2252 15.0809 -14.3609 -3.0475 8.1590 -3.0459 -5.1350 2.6760 -0.7751 -4.0487 1.3889 0.9183 -3.1637 
30.4295 18.2649 -10.3303 -1.5276 7.8850 -2.3303 -3.8476 3.1321 -0.8490 -4.6076 0.1170 0.0019 -3.1255 
37.9090 24.4836 -10.6306 -3.1373 7.1056 -3.8014 -5.7159 1.6312 -2.3173 -5.3333 0.3591 -0.6655 -4.8856 
41.7101 27.7811 -11.1721 -5.3152 6.2496 -3.0231 -5.2962 0.8789 -2.5155 -4.1493 1.1784 -0.7559 -4.1672 
41.8655 28.2456 -10.8827 -5.8522 5.7560 -2.7806 -5.1772 0.5763 -2.3582 -3.5593 1.4251 -0.6555 -3.7077 
41.1074 27.6247 -11.1881 -6.5540 5.0727 -3.0920 -5.5781 0.2095 -2.3380 -3.5908 1.2180 -0.6758 -3.8912 
40.6286 27.5518 -10.9805 -7.1640 4.4805 -2.9673 -5.9427 -0.8900 -2.8362 -3.5428 0.6988 -1.5044 -4.2778 
40.6651 28.5642 -9.4558 -6.8371 4.7210 -1.7211 -4.9634 -0.4587 -2.1100 -3.0756 0.7431 -0.7935 -3.2469 
41.6824 28.9098 -10.3209 -7.1063 4.9729 -2.2653 -5.7661 -0.4558 -1.9933 -3.4639 0.5779 -0.6587 -3.5165 
40.8642 28.3924 -9.8199 -6.6057 4.8183 -2.3133 -5.3662 -0.4685 -2.3441 -3.1833 1.0631 -0.7479 -3.3925 
39.4681 28.1067 -8.7005 -6.9370 3.9880 -1.8697 -5.0488 -0.8590 -2.1383 -2.8949 0.6037 -0.8429 -3.0756 
37.1870 26.9887 -7.2175 -5.8581 4.3194 -1.0753 -4.4983 -0.9826 -2.0114 -2.5819 0.5846 -0.7849 -2.9477 
35.2954 26.2585 -5.5153 -4.9019 3.5959 -1.6575 -4.1190 -0.1512 -1.2872 -2.6121 -0.2123 -1.4145 -3.2441 
33.7845 25.2952 -4.7465 -4.0823 3.5996 -1.7256 -4.0369 -0.5443 -1.9824 -2.8259 0.0374 -1.2061 -3.1463 
32.3138 24.1551 -4.2433 -3.1288 3.8090 -1.8720 -3.6600 0.2011 -1.4905 -2.6603 0.0774 -1.2297 -3.2150 
32.6168 23.7891 -5.3173 -3.2139 4.7082 -1.6235 -4.3689 -0.5000 -2.0173 -3.2010 0.0372 -0.6960 -2.8191 
33.5350 24.5512 -5.9274 -4.9314 3.4349 -1.5716 -4.1395 -1.1813 -2.7493 -3.1746 -0.1345 -1.7104 -3.6961 
36.4892 27.0249 -6.0515 -5.4930 3.6564 -1.1881 -4.0011 -0.9747 -2.0816 -2.0753 0.6342 -1.7230 -3.5882 
37.2932 26.7502 -7.8670 -6.5852 3.3753 -1.8343 -4.8552 -1.8778 -3.2936 -3.0441 0.1005 -2.5385 -4.5631 
37.2205 26.7139 -7.5192 -5.8538 3.8690 -1.5863 -4.2581 -1.1899 -3.0781 -2.9066 0.5228 -2.2075 -4.2957 
36.2392 26.3531 -6.8811 -6.0605 3.0788 -1.3431 -3.3840 -1.1292 -3.5512 -2.7570 1.1008 -2.1721 -4.5996 
36.1629 27.0204 -5.7877 -5.9783 3.0188 -0.4920 -2.6783 -1.0763 -3.2713 -2.2992 1.2553 -1.9206 -4.2710 
33.9558 25.1125 -5.8829 -5.5991 3.2437 -0.4034 -2.6505 -0.5638 -2.5629 -2.6626 0.3145 -1.8072 -3.7789 
33.9860 25.1883 -5.7534 -5.4927 3.2701 -0.3569 -2.5330 -0.5886 -2.8529 -2.8388 0.7375 -0.9593 -3.2840 
32.9544 24.4989 -5.5663 -5.4297 3.3232 -0.1500 -2.8144 -1.1674 -3.0988 -3.1824 0.0393 -1.3606 -3.3824 
32.8883 24.4788 -5.3188 -4.8763 3.9410 0.3428 -2.6069 -1.4442 -3.5810 -3.3051 0.2006 -1.3125 -3.3253 
33.0639 24.7263 -5.1251 -4.7470 4.1101 0.5191 -2.5454 -1.3478 -3.3251 -3.2476 -0.1421 -1.5019 -2.9526 
32.3687 24.1053 -4.9848 -4.1573 4.5933 0.8563 -2.1918 -1.2055 -3.5071 -3.4129 -0.1648 -1.6103 -3.2141 
32.2596 23.3756 -5.8709 -4.0535 4.5775 -0.3508 -3.0620 -0.6864 -2.9589 -3.6749 -0.5098 -1.8285 -3.5535 
31.0363 23.1298 -4.6168 -3.6673 4.4794 0.4398 -2.3970 -0.8466 -2.8015 -3.0007 -0.0741 -1.4067 -2.9743 
29.7349 22.1767 -4.1195 -2.8843 4.5162 -0.0612 -2.7233 -0.7914 -2.7442 -3.1290 0.0344 -0.8728 -2.6712 
29.0223 21.5298 -4.1336 -2.5951 4.6971 -0.1944 -2.9097 -0.5592 -2.3629 -3.3464 -0.6426 -1.2157 -2.5263 
27.8873 20.8594 -3.1544 -1.2739 4.8983 -0.7082 -2.8588 0.1445 -1.8116 -3.3031 -0.9257 -1.4892 -2.5399 
26.4755 19.8444 -2.7142 -0.7075 4.8470 -0.9842 -3.0517 -0.0117 -1.9077 -3.1437 -0.3495 -0.8893 -2.7109 
25.6588 19.1660 -2.5045 -0.1503 5.0904 -0.9500 -2.8477 0.1243 -2.2165 -3.6209 -0.6376 -1.1030 -2.8130 
24.3081 17.9973 -2.7593 -0.4007 4.9646 -0.5308 -2.2196 0.7741 -1.6352 -3.5507 -0.8397 -0.9143 -2.5557 
23.1260 16.6584 -3.2332 -0.3050 4.6744 -1.1930 -2.4573 0.7634 -2.0165 -3.8562 -0.6578 -0.7420 -2.5225 
22.0219 15.4124 -4.1542 -1.1319 4.4429 -0.8315 -2.4789 0.3470 -1.9401 -3.6067 -0.9435 -0.8081 -1.9056 
20.7898 14.3567 -4.3294 -1.5896 3.4628 -1.1857 -1.8087 1.0118 -1.7518 -3.0637 0.1301 -0.3367 -2.3212 
20.9976 14.1196 -4.8939 -1.4164 3.9432 -1.3040 -2.0378 1.3341 -1.2732 -2.8558 0.3447 0.2285 -1.7001 
20.1320 13.2132 -5.3084 -1.5676 4.0242 -0.9892 -1.4310 2.2925 -0.5818 -3.0776 -0.2759 -0.2005 -2.1767 
20.0476 13.1448 -5.2591 -1.5101 3.8394 -1.4810 -2.0561 1.7279 -0.8826 -2.9890 0.0147 0.0736 -1.7641 
20.0417 13.4660 -4.5804 -1.0154 4.0161 -1.5809 -2.4547 1.4777 -0.5991 -2.6384 0.0738 0.1992 -1.6571 
19.9043 13.0543 -5.2012 -1.4834 3.7559 -1.6005 -2.1029 1.9143 -0.4757 -2.7588 -0.0598 0.2485 -1.2338 
19.7528 13.2893 -4.7677 -1.8453 3.0042 -1.9531 -2.5288 0.9812 -1.2656 -2.9369 -0.0945 -0.2114 -1.9975 
18.9716 12.1728 -5.4980 -1.6004 3.8765 -1.4096 -2.4074 1.3589 -0.6209 -2.6048 0.0885 0.4162 -1.2364 
19.8276 13.1802 -4.6964 -0.7780 4.6435 -0.6493 -1.6355 1.6536 -0.9500 -3.0529 -0.3315 0.0342 -1.1303 
19.7232 13.2136 -4.6104 -0.9769 4.2956 -1.1917 -2.4607 1.1821 -0.6280 -2.3340 0.4232 0.4157 -1.7251 
19.5468 12.9730 -4.7747 -1.1438 4.0768 -0.9748 -1.6729 1.6260 -0.9277 -2.6242 0.3056 -0.0677 -2.2861 
19.8654 12.9682 -5.4670 -1.7572 4.0957 -0.6973 -1.5128 1.8719 -0.6119 -2.6161 0.1205 -0.0020 -1.9151 
20.0681 13.5702 -4.4596 -1.0281 4.1422 -0.8635 -1.4843 1.8536 -0.6972 -2.2792 0.9740 0.9542 -1.1536 
25.7204 19.5542 -1.9505 0.1372 5.5999 -0.0080 -2.2493 -0.0147 -2.8941 -4.5799 -1.0357 -0.3070 -1.9202 
27.3841 20.6000 -2.9317 -1.0586 5.5207 0.4689 -2.2916 -0.7714 -3.5748 -4.4865 -0.6073 -0.3189 -2.0833 
28.3560 21.3332 -3.2428 -1.7451 5.0095 0.3534 -2.0313 -0.6056 -3.7535 -4.5483 -0.3234 -0.1106 -2.1680 
28.4488 21.7855 -2.6853 -1.7910 4.7132 0.3689 -1.9578 -0.6763 -3.8451 -4.6852 -0.3461 0.0910 -2.2382 
29.2366 22.3450 -2.9007 -2.0363 4.7434 0.4405 -2.0261 -1.0125 -4.3440 -4.9652 -0.3588 0.0830 -2.2994 
34.4577 25.5827 -5.5127 -4.5796 4.5702 -0.3079 -3.7516 -0.7913 -1.4256 -1.9227 0.3413 -1.2031 -3.0322 
36.1400 26.3821 -7.0178 -6.3716 3.3954 -1.4167 -4.9128 -1.8270 -2.1368 -1.9830 0.4480 -1.7491 -3.6480 
38.0559 27.8055 -7.3297 -6.5935 3.8028 -1.2126 -4.8922 -1.4402 -1.5011 -1.5039 0.6694 -1.5459 -3.1876 
37.9114 28.0611 -6.8579 -6.8406 3.2238 -1.5267 -5.1978 -1.6238 -1.2553 -1.2842 0.5896 -1.6774 -3.4770 
39.4763 28.6143 -7.8729 -6.6447 4.1043 -1.7041 -5.3826 -0.9421 -0.8140 -1.2424 1.0518 -1.0780 -3.2227 
39.7338 28.2504 -8.7678 -6.7195 4.3276 -2.1891 -5.8147 -0.7948 -0.9367 -1.5958 1.3387 -0.6487 -3.4625 
39.8642 28.3368 -8.9004 -7.0149 4.0348 -2.3858 -5.9442 -0.9142 -1.0460 -1.6444 1.3139 -0.8019 -3.7226 
40.7153 28.9459 -9.1414 -7.2716 4.0955 -2.4065 -6.0673 -0.7655 -0.7250 -1.5979 1.1229 -0.7949 -3.5123 
41.0940 29.3143 -8.9171 -6.8813 4.5287 -2.2699 -6.0351 -0.4742 -0.3847 -1.4986 1.2604 -0.4269 -3.2857 
40.2942 28.9118 -8.7179 -7.3627 3.8326 -2.1936 -5.9389 -1.0596 -0.8201 -1.3769 1.1790 -0.8651 -3.4517 
39.9750 28.5114 -8.7105 -6.9096 3.9901 -2.4717 -5.9861 -0.9026 -0.8938 -1.4505 1.2737 -0.9053 -3.5839 
39.9621 28.5847 -8.7883 -7.2236 4.1018 -2.1218 -6.3865 -1.6803 -1.0408 -1.3781 0.9260 -1.2142 -3.6287 
39.5328 28.3480 -8.5554 -7.0653 4.1009 -1.9739 -6.1394 -1.6120 -1.2388 -1.7276 0.7041 -1.0991 -3.3804 
39.7468 28.5277 -8.2940 -6.5291 4.3883 -1.9474 -5.6947 -0.9555 -0.9594 -1.4213 1.2835 -0.8533 -3.3365 
38.4237 27.5283 -8.4301 -7.2763 3.1715 -2.6409 -6.0413 -1.3610 -1.3471 -1.9890 0.4649 -1.4886 -3.7433 
37.4802 27.5747 -6.8568 -6.4159 3.2374 -2.0654 -5.2087 -0.8310 -0.7855 -1.4640 0.6730 -1.1848 -3.1425 
38.9522 27.8821 -8.6500 -7.4112 3.5004 -2.2763 -5.9443 -1.2607 -1.2271 -2.1943 0.0795 -1.6378 -3.7716 
38.6474 28.0940 -7.9269 -7.3794 3.3063 -1.5595 -5.0128 -1.1881 -1.3277 -1.6408 0.6741 -1.4968 -3.5845 
37.5074 27.3966 -7.1708 -6.5196 3.3587 -1.5099 -4.4140 -0.8512 -1.5476 -1.6590 0.9375 -1.3754 -3.2748 
38.2971 27.4834 -8.1999 -6.8521 4.0087 -0.9172 -4.1684 -0.8304 -1.8150 -1.9971 0.8253 -1.2344 -3.0085 
38.0529 27.2329 -8.3136 -6.8113 4.4723 -0.0054 -3.4821 -0.9492 -2.3824 -2.3391 0.8664 -0.9030 -2.5186 
38.2650 26.7372 -9.3003 -6.7375 5.1113 0.2443 -3.2077 -0.7786 -2.9426 -3.0035 0.7102 -0.9785 -2.5838 
37.8445 27.0365 -8.6085 -7.3353 4.4794 0.9261 -2.6699 -1.2488 -3.3247 -2.9092 0.8539 -0.8683 -2.6515 
37.0216 26.6546 -8.1529 -7.3112 4.1926 1.2132 -2.2637 -1.5385 -3.9478 -3.2008 0.8876 -0.7980 -2.6815 
36.2022 25.9061 -8.2671 -7.3142 3.9393 0.7500 -2.8331 -2.0630 -4.2930 -3.4385 0.6962 -0.8924 -2.8715 
36.5614 26.2963 -7.7347 -6.4519 4.5415 1.0963 -2.2584 -1.7300 -4.3771 -2.9898 1.5590 -0.6947 -2.9311 
36.9374 26.6374 -7.7269 -6.3962 4.9315 1.2622 -2.7542 -2.2196 -4.2977 -2.7559 1.6728 -0.4613 -2.6253 
36.4911 26.3348 -7.4031 -6.0300 4.6369 0.7940 -2.6724 -2.1656 -4.8359 -3.1554 1.7846 -0.5878 -3.1286 
35.7995 25.7116 -7.5562 -6.0785 4.5514 0.4391 -3.1585 -1.9553 -4.2172 -3.5466 0.7041 -0.7242 -2.5930 
33.5729 24.8224 -6.0197 -5.8530 3.4962 0.5386 -2.2510 -1.4557 -3.9482 -3.6794 -0.0506 -1.2919 -2.7720 
31.5880 23.7903 -4.6497 -4.6267 3.6450 0.6204 -1.8339 -0.9346 -3.6093 -3.7097 0.1425 -0.4129 -2.2247 
31.5009 23.8113 -4.5613 -5.0754 2.5346 -0.1136 -1.4316 -0.2859 -3.7996 -4.3234 -0.0553 -0.3659 -2.4429 
30.9263 23.2832 -4.3135 -3.9548 3.9046 0.5507 -1.6984 -0.6767 -3.6276 -3.8901 0.1454 -0.2614 -2.2534 
29.5465 22.2326 -3.8621 -3.0546 4.3408 0.5370 -1.9486 -1.0448 -3.8680 -3.8412 0.3265 -0.1412 -2.1585 
28.3986 21.2363 -3.7386 -2.5582 4.3811 0.2724 -1.8549 -0.5260 -3.5627 -4.1313 -0.0194 0.1742 -1.5465 
29.6295 21.3010 -5.6197 -3.5188 4.7690 0.1202 -2.4783 -0.2532 -2.8046 -4.1864 -1.0240 -1.1388 -2.3602 
27.7456 20.2638 -4.4002 -2.5815 4.2831 -0.3846 -2.1929 0.0914 -2.7474 -4.0328 -0.9863 -1.7667 -3.1768 
26.6252 19.3167 -4.2021 -1.9803 4.3893 -0.7385 -2.1980 0.9202 -1.6522 -3.5384 -0.9424 -1.3873 -2.6072 
24.9745 17.9620 -4.3620 -2.3315 3.8122 -0.8403 -2.2868 0.3200 -2.2932 -3.7557 -0.8148 -1.3232 -3.1533 
23.6460 16.7552 -4.5058 -2.1961 3.7265 -0.9996 -2.2921 0.6558 -1.6211 -3.0801 -0.2776 -0.7484 -2.7264 
22.8946 16.0137 -4.8549 -2.6315 3.2900 -0.8808 -1.7208 0.9596 -1.8258 -3.3057 -0.0196 0.0266 -1.7964 
21.5441 15.3822 -3.8470 -1.8675 3.4096 -0.5118 -1.2690 1.0341 -1.7361 -3.0592 -0.0359 -0.2064 -1.9219 
20.9120 14.3327 -4.7072 -2.0436 3.3089 -0.9166 -1.1436 1.9225 -0.9822 -2.6151 0.5657 0.1915 -2.0490 
19.5831 13.0540 -4.8593 -1.5859 3.7118 -0.8191 -1.4104 1.3640 -1.4790 -2.6958 0.8806 0.6246 -1.7219 
19.0335 12.2272 -5.5208 -1.8477 3.4140 -1.5282 -2.0425 1.3264 -1.2544 -2.7878 0.4925 0.3433 -1.8194 
19.4347 13.0525 -4.4921 -1.3127 3.3060 -1.6278 -1.8777 1.2570 -1.7635 -3.4347 -0.2926 -0.6804 -2.6087 
17.9777 11.2011 -5.9982 -2.3103 3.2204 -1.1366 -1.4904 1.8322 -0.6182 -2.2173 0.8701 0.9022 -0.9013 
19.9854 13.0137 -5.4588 -1.7712 3.5541 -1.5558 -1.7440 2.1015 -0.7844 -2.7994 0.7212 0.9222 -1.2914 
19.7367 13.0077 -4.8441 -1.0927 3.7543 -1.4626 -1.4407 2.2332 -0.7082 -2.3878 0.7958 0.2089 -1.8067 
19.8483 13.2328 -4.5063 -0.6971 4.0857 -1.4230 -1.7729 1.7732 -1.1208 -2.8428 0.2820 -0.3172 -2.4746 
20.9874 12.2794 -7.2370 -0.3479 5.4904 -2.7661 -2.8944 3.3647 -0.1826 -3.9153 0.1058 0.6338 -2.4993 
25.0726 12.5030 -11.7290 -0.1437 7.4885 -4.8587 -4.4655 4.8314 -0.0800 -4.7283 1.2838 1.6419 -2.5914 
26.3652 12.4907 -13.4395 -0.2218 8.7397 -4.5345 -4.6612 4.8672 -0.7172 -6.0776 0.3638 1.4891 -2.5186 
26.6558 12.7810 -13.1601 0.4471 9.6798 -3.8577 -4.2539 5.4257 -0.0294 -5.5129 0.8756 1.9127 -2.3761 
27.7965 13.8433 -12.8096 0.8234 10.0961 -3.9008 -4.6526 5.0589 -0.3324 -5.8947 0.3318 1.2486 -3.0244 
28.7735 14.7736 -12.8857 0.3523 10.3534 -3.3437 -5.1067 3.9074 -1.0574 -6.4661 -0.7905 -0.0254 -3.8021 
30.8721 17.0989 -11.4731 1.5363 11.3435 -2.8447 -5.0038 3.5494 -1.8777 -7.0381 -0.6009 0.5588 -3.1653 
32.8517 19.7403 -10.3656 0.3629 10.4405 -1.5702 -3.6809 2.9771 -2.8647 -6.8413 0.0597 0.6030 -3.6222 
34.3627 21.8663 -9.4253 -0.7996 9.1907 -1.1938 -3.0973 2.6752 -3.0631 -6.8487 -0.5221 0.2053 -3.1294 
35.8207 23.3988 -9.9603 -3.2311 7.8798 -0.7224 -3.4495 1.3012 -3.5781 -6.9945 -1.3974 -0.4840 -3.0362 
37.4876 24.5466 -10.2103 -3.1078 8.5145 -0.2070 -2.8675 1.6689 -3.7318 -6.9214 -0.9960 -0.4575 -2.9546 
37.3770 25.8507 -8.6910 -4.3534 7.3908 1.2850 -2.0864 0.3795 -4.1246 -6.1117 -0.9340 -0.7613 -2.7427 
38.0946 26.8450 -8.3923 -5.1328 6.7699 1.5397 -1.9070 0.0741 -4.2518 -5.8982 -0.7261 -0.7559 -2.9437 
38.3601 26.5747 -9.2858 -5.6827 6.2874 0.6392 -2.6458 -0.1060 -4.1830 -5.9501 -1.1553 -1.2193 -2.7753 
37.8954 26.8490 -8.3023 -5.8413 5.4092 0.6330 -2.0260 0.3851 -3.4882 -5.0791 -0.8728 -1.4956 -2.7797 
37.4531 27.1003 -7.3505 -5.9864 4.3700 0.1834 -1.8483 0.7386 -2.6403 -4.0814 -0.7977 -2.1995 -3.1443 
36.6975 27.0071 -6.6156 -6.1679 3.5103 -0.4012 -2.4193 0.3066 -2.4013 -3.7796 -1.1040 -2.8289 -3.7741 
36.3194 27.2328 -5.5714 -5.7181 3.1472 -0.6076 -2.2319 0.5366 -2.1589 -3.6056 -1.0845 -2.6182 -3.4081 
35.2873 26.4403 -5.4560 -5.7418 2.4375 -1.6085 -2.9825 0.3773 -1.8569 -3.4675 -1.3807 -2.9955 -3.7567 
34.7391 26.3943 -4.7057 -5.6476 1.5464 -2.2892 -2.8647 0.7255 -1.6714 -3.2963 -1.1648 -2.8223 -3.6468 
34.8639 26.6706 -4.2340 -5.0706 1.9428 -2.4072 -3.3142 0.7181 -0.9517 -2.5486 -0.9030 -2.6805 -3.3049 
34.2555 26.2832 -4.0116 -4.9851 1.6065 -2.9148 -3.9597 -0.0515 -1.5201 -2.7557 -1.0669 -3.1545 -3.9546 
34.2229 26.5481 -3.3659 -4.4735 1.8263 -2.7901 -3.9560 -0.1721 -1.4777 -2.5536 -1.1180 -3.3831 -3.6970 
35.4899 26.8630 -4.6070 -4.9963 1.7039 -3.7120 -4.5269 0.3528 -1.1832 -2.9864 -1.3920 -3.3334 -3.7624 
35.8284 27.5748 -3.9201 -4.9325 1.6582 -3.1950 -3.9713 0.3956 -1.1102 -2.3657 -0.6566 -2.9884 -3.5268 
36.4272 27.7707 -4.5520 -5.2811 2.0660 -2.5984 -3.7520 0.0326 -1.8491 -2.8080 -0.4359 -2.5615 -3.3457 
37.2168 27.6698 -6.2631 -6.6302 1.8244 -2.8474 -4.4491 -0.4937 -2.1548 -3.3827 -1.2087 -3.1626 -3.8934 
38.2688 27.8653 -7.1238 -6.2740 2.7646 -2.7055 -4.0698 0.5724 -1.6899 -3.4604 -0.6636 -2.0761 -3.0227 
38.2695 28.3137 -6.5958 -6.6336 2.3983 -2.0814 -3.5036 0.1974 -2.0308 -2.9664 0.0953 -1.7252 -3.1418 
38.8795 28.5540 -7.1377 -6.9667 2.5156 -2.0726 -3.6988 -0.0291 -2.3690 -3.2001 0.2969 -1.5308 -3.4468 
39.0203 28.7566 -6.9336 -6.7514 2.8607 -1.4878 -3.1075 0.2541 -2.1909 -2.7975 0.7172 -1.2935 -3.1132 
38.1823 27.5998 -7.4996 -6.4964 2.7469 -2.5379 -4.0214 -0.1510 -2.8766 -3.6558 0.3934 -1.3489 -3.4361 
37.7229 27.3432 -7.1632 -5.9319 3.3703 -2.0724 -3.9128 -0.0157 -2.5227 -3.6527 0.0409 -1.2339 -2.8814 
37.7007 27.7858 -6.4969 -6.0391 3.0012 -1.7814 -3.4146 0.1393 -2.2449 -2.9086 0.7584 -1.1081 -3.1309 
36.6783 27.1849 -6.1794 -6.2076 2.1987 -2.6041 -4.3607 -0.7605 -2.5281 -2.9402 0.4593 -1.2901 -3.2534 
36.9334 27.5297 -5.6655 -5.4121 2.9788 -1.9196 -3.6842 -0.3976 -2.5341 -2.8110 0.8360 -0.8572 -2.5747 
33.8951 25.4485 -4.9251 -5.1436 1.9021 -3.0465 -4.7953 -1.5632 -3.3006 -3.6658 -0.3950 -1.6361 -2.9838 
34.9851 25.8076 -5.5991 -4.6119 3.3602 -2.3350 -4.4841 -0.8509 -2.7695 -3.5258 0.0505 -0.8344 -2.2638 
33.6416 24.8607 -5.3175 -4.5816 2.7790 -2.5543 -4.0431 -0.2714 -2.3527 -3.3165 0.0169 -1.0746 -2.6923 
31.5731 23.7220 -4.2776 -3.9629 2.7237 -2.1417 -3.8512 -0.8477 -2.6390 -2.8981 0.4818 -0.8052 -2.5628 
31.6033 24.1044 -3.5975 -3.7678 2.3595 -2.3792 -3.8804 -1.1347 -3.0526 -3.0416 0.4069 -1.0733 -2.8408 
31.3835 23.5473 -4.0266 -3.2347 3.1947 -2.4544 -4.3252 -0.7047 -2.1784 -2.8682 0.1321 -1.0310 -2.8815 
29.8866 22.7682 -3.2414 -3.1000 2.4496 -2.4602 -3.4970 -0.1189 -1.8157 -2.2096 0.4999 -1.7773 -4.0091 
28.7574 21.5203 -3.5200 -2.3758 3.1750 -2.7532 -4.2546 -0.0236 -1.1543 -2.2908 0.0930 -1.0797 -2.8093 
27.4288 20.6452 -3.1822 -2.4787 2.5060 -2.5335 -3.1417 0.5686 -1.2250 -1.9177 0.9367 -0.8265 -3.2424 
26.6129 20.3358 -2.3090 -1.5406 2.9810 -2.3833 -3.1406 0.7793 -0.9903 -2.3970 0.2865 -0.3365 -2.2084 
25.2253 18.6512 -3.1819 -1.7146 2.5927 -3.2022 -3.4862 1.1676 -0.7761 -2.8875 -0.5570 -1.2337 -3.1360 
23.4337 17.0379 -3.5002 -1.7567 2.7491 -2.6112 -3.2555 0.6589 -1.1180 -2.5137 0.0344 -0.8103 -2.7339 
23.3804 16.7749 -3.9537 -2.0379 2.7030 -2.6332 -3.3109 0.5657 -1.2909 -2.5185 0.5749 0.0829 -2.1666 
21.7977 15.3474 -4.1229 -2.0172 2.3243 -2.8628 -3.1127 0.6414 -1.6878 -3.0209 0.4034 0.2072 -2.0193 
21.0396 13.4357 -6.6440 -3.4077 1.7690 -3.9420 -4.4051 -0.0066 -1.9850 -3.5558 -0.3334 -0.2797 -1.9804 
20.3773 13.2737 -6.0226 -3.2644 1.6444 -3.3920 -3.4062 0.9735 -0.9219 -2.5906 0.1738 -0.1181 -1.9363 
20.6093 13.8335 -5.0723 -1.9974 3.1479 -2.1414 -2.8176 1.4039 -0.1755 -1.9607 0.4604 0.2992 -1.3281 
20.3542 13.6148 -5.0150 -1.7548 3.4987 -1.6856 -2.4577 1.3717 -0.4335 -1.9398 0.7317 0.1981 -2.0364 
20.6631 13.6936 -5.2133 -1.6698 3.4647 -2.2901 -3.0027 1.3304 -0.5307 -2.4417 0.2641 0.2237 -1.4652 
19.6054 13.4701 -3.8074 -0.6719 3.5007 -1.9864 -2.3267 1.3719 -1.0030 -2.3399 1.0582 0.7333 -1.6725 
19.3577 13.0405 -4.4429 -1.3424 3.2499 -1.7799 -2.1371 1.4039 -0.9015 -2.3709 0.5528 0.1297 -1.7927 
18.2226 11.5988 -5.3738 -1.8569 2.4142 -3.2432 -3.7051 -0.0268 -2.4267 -3.7849 -0.4196 -0.7196 -2.8341 
18.7710 12.3980 -4.8287 -1.6600 3.0572 -1.7180 -1.9865 1.3581 -1.2331 -2.8137 0.1887 -0.2940 -2.4899 
18.3750 11.9954 -4.8040 -1.2656 3.3604 -1.7953 -2.2449 1.1787 -1.3366 -2.9736 -0.0792 -0.4820 -2.2914 
31.2020 18.8179 -12.5194 -6.2177 5.8444 -0.6380 -3.8808 -0.0039 -2.7993 -4.1417 1.0202 0.7936 -2.7440 
34.4413 19.2951 -15.4883 -5.4283 8.3313 -1.5942 -5.5846 0.2320 -2.8378 -4.8258 0.9486 0.6952 -2.5240 
33.8734 19.2591 -14.0688 -3.5530 9.2514 -1.5266 -5.3267 0.6889 -2.9474 -5.4938 0.4102 0.7503 -1.8708 
31.9360 17.1148 -15.4511 -4.8075 8.3183 -1.8229 -5.2931 1.0912 -1.9885 -4.5742 0.6418 0.3100 -2.6394 
32.3579 17.7374 -15.4685 -5.9800 7.4859 -0.8377 -3.7070 1.2613 -3.1791 -5.8684 -0.1839 -0.0319 -2.5975 
32.0244 18.0267 -14.6900 -5.9393 7.6631 0.2473 -2.7571 1.9276 -1.9992 -4.6844 0.4234 0.4363 -2.4298 
31.4699 18.6563 -12.8313 -5.5111 6.8065 -0.3186 -3.2497 1.3297 -2.1245 -4.8241 -0.1625 0.1382 -2.4554 
29.4834 17.4371 -12.5335 -6.0851 6.1413 0.1544 -3.0756 0.8583 -2.0955 -5.0991 -1.4239 -0.4984 -2.1516 
29.3447 18.6711 -9.7596 -4.1973 6.8704 0.7740 -2.9545 0.3992 -1.9814 -4.3538 -0.9729 -0.2896 -1.7609 
30.6939 21.1227 -7.4153 -3.3588 7.4134 2.2751 -2.0532 -0.3050 -2.6832 -4.1683 -0.9719 -0.8800 -2.2132 
33.5680 24.1453 -6.4349 -3.7051 6.8322 1.9053 -2.3390 -0.7565 -3.2170 -4.4613 -1.0868 -1.1067 -2.2922 
35.8804 25.4643 -7.7747 -4.9798 6.7424 2.3341 -1.8162 -0.8863 -4.2544 -5.0654 -0.8594 -1.3579 -2.8527 
36.5233 25.6683 -8.5309 -5.8307 6.0299 1.6827 -2.1564 -1.0499 -4.5069 -5.1753 -0.9230 -1.8540 -3.5236 
36.4920 25.8835 -8.3213 -6.2099 5.7353 2.1677 -1.7113 -1.3664 -4.8983 -5.1584 -1.0721 -2.3607 -3.8259 
36.8861 26.7931 -7.2025 -5.6232 6.0492 2.8004 -1.1073 -1.1151 -4.5181 -4.4915 -0.5967 -2.0905 -3.3230 
37.5376 26.8940 -7.7158 -5.4793 6.0487 2.0215 -1.2817 -0.4643 -4.4501 -4.9036 -0.5205 -1.8810 -3.4024 
37.3166 26.8284 -7.5498 -5.5391 5.6883 1.5633 -1.5793 -0.2402 -3.8644 -4.7000 -0.8096 -2.0545 -3.3604 
36.9604 27.0652 -6.7762 -5.6836 5.1455 1.9655 -0.8745 -0.3394 -4.1590 -4.3965 -0.4204 -2.0862 -3.3655 
36.6386 26.3177 -7.9319 -6.8347 4.0862 0.6648 -2.3798 -1.5248 -4.8912 -5.2240 -1.6121 -3.2010 -4.2635 
36.7910 27.4138 -6.1648 -5.9519 4.6068 1.7879 -1.3163 -0.7578 -3.7748 -3.9977 -0.6893 -2.2915 -3.4018 
37.0411 26.7191 -7.4591 -5.9414 4.6878 0.4944 -2.3376 -0.5618 -3.7187 -4.3255 -0.6575 -2.3447 -3.8554 
36.2324 26.1693 -7.3189 -6.0545 4.1986 0.0767 -2.7689 -1.0438 -3.8768 -4.2008 -0.6627 -2.5734 -4.2482 
35.8763 26.9114 -5.8519 -6.1623 3.7819 0.9445 -2.1745 -1.2767 -3.4298 -3.3575 -0.5094 -2.4736 -3.8326 
36.1425 26.7728 -5.9017 -5.1087 4.3896 0.2036 -2.4054 -0.4511 -3.1310 -3.5633 -0.1403 -2.0357 -4.0160 
35.1511 25.7338 -5.8024 -4.0022 4.9989 -0.3266 -2.8160 0.0121 -2.6938 -3.7281 -0.2725 -1.7506 -3.8427 
33.2545 24.3534 -5.5634 -4.1828 3.9322 -1.2078 -3.3823 -0.5657 -3.0018 -3.7801 -0.5530 -2.2946 -4.3806 
32.7214 24.9043 -4.0697 -4.0321 3.8109 -0.0261 -2.4350 -0.7191 -2.8401 -3.1094 -0.2068 -1.8129 -3.3717 
32.0656 24.9052 -2.9424 -3.3435 3.5185 -0.6524 -3.0497 -1.1493 -2.8043 -2.7331 0.1611 -1.6016 -3.4390 
32.1525 24.7958 -3.0839 -3.0093 3.9295 -0.6135 -3.0722 -1.1068 -2.9027 -2.7245 0.5196 -1.2680 -3.4940 
32.3596 24.1998 -4.1277 -2.9279 3.8168 -2.1540 -4.1418 -0.6420 -2.5939 -3.3219 0.0718 -1.2325 -3.5740 
31.2273 23.9430 -2.8386 -2.0679 4.2040 -1.5004 -3.9041 -0.8237 -2.0290 -2.1448 0.8442 -0.8742 -3.1908 
29.4666 23.1158 -1.5973 -1.3512 3.7024 -2.0520 -4.1973 -0.9186 -1.8367 -2.1863 0.4403 -0.8530 -2.6775 
28.4634 22.1137 -1.9531 -1.5559 3.4571 -2.1311 -4.3535 -1.6452 -2.9008 -2.8874 0.2534 -0.8773 -2.8177 
28.5711 22.2081 -1.6829 -0.7278 4.5516 -1.3618 -3.9215 -1.2649 -2.5674 -2.6066 0.6232 -0.4471 -2.3740 
28.2286 21.6118 -2.3232 -1.1078 4.4447 -1.3661 -3.8691 -1.2532 -2.8196 -3.1560 0.0603 -0.7189 -2.3916 
27.2861 20.7187 -2.6526 -1.4674 4.0240 -1.5636 -4.0707 -1.6321 -3.0747 -3.2837 -0.3153 -1.2960 -2.8857 
26.8856 20.2626 -2.4274 -0.3690 4.8891 -1.4627 -3.4588 0.0499 -1.7689 -3.0426 -0.0166 -0.5654 -2.5648 
25.1783 19.2521 -1.8607 -0.4766 4.1651 -1.2364 -2.7408 0.2187 -1.6305 -2.6103 0.1162 -0.5420 -2.1034 
23.5613 17.7722 -2.0988 -0.5357 3.6972 -1.5860 -2.5903 0.5039 -1.6652 -2.9540 -0.1682 -0.5317 -2.0137 
22.1155 16.2551 -2.7491 -0.7871 3.5456 -1.7978 -3.0846 -0.1462 -2.1075 -3.0055 0.1008 -0.4484 -2.6329 
21.3434 15.2265 -3.3251 -0.5874 3.9922 -1.7552 -3.0005 0.6859 -1.1067 -2.8735 -0.3392 -0.4545 -2.2506 
20.4739 13.7927 -4.7378 -1.5161 3.2863 -2.1818 -2.6769 1.1858 -1.1464 -2.7852 0.3753 0.1567 -1.9519 
20.1211 14.0207 -3.8639 -1.3152 2.9744 -2.1533 -2.5133 1.3111 -0.6388 -2.1193 0.6058 0.1193 -1.7962 
19.2146 13.3640 -3.8053 -1.3156 3.2476 -1.2090 -1.8180 1.1557 -0.9982 -2.2840 0.4733 0.1750 -1.5140 
19.4719 13.2107 -4.2233 -1.0149 3.6136 -1.5833 -2.1247 1.3797 -0.9959 -2.5067 0.7233 0.6324 -1.4803 
18.6172 12.6250 -4.0460 -1.0344 3.2357 -1.8383 -2.3000 1.1814 -1.0556 -2.7863 -0.1781 -0.2598 -1.6967 
18.4816 12.3125 -4.5793 -1.5314 3.1621 -1.6255 -2.4406 0.5364 -1.5932 -2.9190 -0.3833 -0.8369 -2.2496 
18.7901 12.7845 -4.1507 -1.3706 3.0743 -1.6213 -2.1937 0.7426 -1.5960 -2.8324 0.0056 -0.4249 -2.0930 
19.2784 12.9129 -4.5772 -1.4461 3.1859 -1.7402 -1.9110 1.5508 -1.3869 -3.4649 -0.3248 -0.0719 -1.8818 
17.9752 12.0532 -4.2015 -1.3659 2.5945 -2.2551 -2.3571 0.8644 -1.9848 -3.7880 -0.6736 -0.4738 -2.0998 
17.6545 11.7316 -4.6890 -2.3020 2.0310 -1.9815 -2.0267 0.9596 -1.5267 -3.0169 -0.1525 -0.2498 -2.1416 
17.6126 11.5905 -4.5852 -1.6275 2.6170 -1.9929 -2.2037 0.8190 -1.9286 -3.6073 -0.7012 -0.7147 -2.2065 
17.7220 11.9406 -4.1241 -1.2888 3.1613 -1.2546 -1.7739 1.1436 -1.2114 -2.8005 -0.2033 -0.3735 -1.9426 
17.3215 11.4323 -4.3867 -1.3384 2.9881 -1.4368 -1.4997 1.7137 -0.8697 -2.7149 -0.1487 -0.2019 -1.4535 
18.2802 11.7140 -5.1979 -1.4746 3.2403 -2.0601 -2.2777 1.8944 -0.3020 -2.4960 0.0309 0.1447 -1.4482 
18.7042 11.6283 -6.0769 -1.7553 4.0788 -1.1774 -2.2585 1.3073 -0.7565 -2.3354 0.5853 0.2688 -1.8704 
20.9881 11.0648 -9.9389 -2.0365 6.2322 -1.2290 -2.8632 2.0681 -0.5933 -2.7799 1.1734 1.1760 -1.3929 
23.9455 12.4910 -11.8745 -3.1277 6.8558 -0.7041 -2.5963 2.0556 -1.3469 -3.4237 1.0089 0.4747 -2.4586 
22.8211 12.5383 -10.3963 -3.1007 5.9033 -0.9094 -2.6515 1.8593 -1.0599 -3.3627 0.4406 0.1599 -2.8500 
23.7845 13.9719 -9.2410 -2.9067 5.3010 -1.4437 -2.8108 1.7790 -1.0680 -3.1822 0.4817 -0.0293 -2.5926 
21.7129 13.2109 -7.7792 -2.5978 4.9229 -0.8121 -2.5672 1.0366 -1.2786 -2.9628 0.3779 0.2874 -1.8347 
23.0954 16.7420 -2.8554 0.2056 4.9727 -1.2181 -2.8299 0.1907 -2.0991 -3.1488 0.1284 -0.1087 -1.5827 
27.4180 21.7037 -0.0600 1.5353 5.3698 -1.7901 -3.8511 -0.4096 -2.1048 -2.9274 0.2580 -0.2730 -1.8434 
31.8809 24.6398 -2.0672 -0.7532 5.2460 -1.6548 -5.3065 -3.1783 -4.2802 -3.0318 0.8487 -0.8217 -2.1645 
34.4694 24.9731 -5.3010 -2.0238 5.8739 -2.5265 -6.3689 -2.4176 -3.6537 -3.6988 0.5904 -0.3372 -2.3087 
33.1440 24.1638 -4.7802 -1.5869 6.0959 -2.2146 -6.6330 -3.2424 -4.1567 -3.8960 0.2686 -0.6238 -2.5918 
33.8404 24.7934 -4.7529 -1.7690 6.0999 -1.9432 -6.2472 -2.9748 -4.0629 -3.8833 0.1602 -0.8333 -2.5952 
33.6281 25.4795 -3.3266 -1.2980 6.3417 -0.8927 -5.5261 -3.0786 -3.8922 -3.2856 0.6463 -0.2661 -1.9405 
34.1928 25.0307 -4.5722 -1.1615 6.6403 -1.7723 -5.8526 -2.3525 -3.7847 -3.7446 0.5521 -0.4326 -2.2283 
33.7321 25.1180 -3.9078 -1.1613 6.5161 -1.2137 -5.3249 -2.1313 -3.2694 -3.2211 0.6631 -0.2261 -1.8467 
32.0442 23.7426 -3.8683 -1.1059 6.1219 -1.4643 -5.6399 -3.0787 -4.3608 -3.7566 0.2715 -1.1032 -2.7787 
33.1482 24.5684 -3.9178 -0.8268 6.9288 -0.8089 -5.0117 -2.0710 -3.4611 -3.5053 0.2860 -0.7239 -2.1639 
33.4211 24.9208 -3.9173 -1.3889 6.2025 -1.4481 -5.6615 -2.4066 -3.2376 -3.3309 -0.0225 -1.1477 -2.5771 
32.7799 24.8035 -3.0002 -0.6008 6.5628 -0.9945 -5.3014 -2.5858 -3.6147 -3.3515 0.3357 -0.6464 -2.0908 
33.8836 25.1657 -3.8519 -0.9881 6.0845 -2.1878 -5.7144 -1.9156 -3.4505 -3.9243 -0.0850 -0.8905 -2.2953 
33.6560 25.2793 -3.2521 -0.6303 6.1061 -2.1499 -5.7571 -2.1411 -3.5014 -3.6202 0.2740 -0.6503 -1.9648 
31.9552 24.6342 -1.8797 -0.1067 5.4811 -2.3079 -5.6956 -2.5793 -3.7722 -3.4434 0.3398 -0.6127 -1.6571 
32.6595 25.1083 -2.0867 -0.2983 5.4662 -2.2065 -5.1491 -1.7516 -3.3158 -3.2922 0.5712 -0.5375 -1.7691 
33.5669 25.6591 -2.6029 -1.0816 4.6913 -2.8746 -5.2298 -1.3835 -3.1692 -3.4095 0.4951 -0.5621 -1.7633 
33.6895 26.1597 -2.3744 -1.9268 4.0106 -2.6981 -5.2896 -1.5053 -2.3600 -2.6742 0.1070 -1.0505 -1.7017 
35.4932 26.3799 -4.4828 -2.7440 3.8142 -3.9655 -5.6124 -0.2922 -2.0854 -3.4445 -0.0239 -1.0632 -2.4307 
35.1104 26.7371 -3.4587 -2.7649 3.2970 -3.5741 -4.8263 0.2482 -1.2461 -2.5143 0.0656 -1.4622 -2.2228 
33.8087 26.1568 -2.7666 -2.8421 2.6157 -3.7750 -4.9084 0.2778 -0.6372 -2.2433 -0.7652 -2.5276 -2.8462 
34.2523 26.0805 -3.4307 -2.8348 3.0157 -3.7495 -4.7862 0.6982 -0.5909 -2.4743 -0.6458 -2.3185 -3.1134 
33.4619 25.7323 -2.6136 -2.0864 2.8899 -4.0289 -4.5887 0.9483 -0.4490 -2.1408 -0.6385 -3.1117 -3.7116 
32.8884 24.9510 -3.2345 -2.6833 2.0348 -4.6918 -4.6705 0.7014 -1.1584 -2.3364 -0.2659 -3.2897 -4.3129 
33.6083 25.3867 -3.4161 -2.6715 2.0633 -4.9840 -4.8800 0.6905 -1.0939 -1.9861 0.0530 -3.6078 -4.8713 
31.6857 24.8273 -1.5892 -1.7477 2.0753 -4.4134 -4.4458 0.7015 -0.9397 -2.1730 -0.0419 -2.4083 -3.7266 
31.3548 24.3125 -1.9043 -1.7629 1.8900 -4.4967 -3.6853 1.6940 -0.6536 -2.1251 0.0519 -3.0018 -4.5661 
30.3730 23.5142 -1.8665 -1.6401 1.8282 -4.5712 -3.8374 1.5272 -0.7246 -2.4103 -0.3547 -2.8400 -4.1912 
30.0281 23.1558 -2.0953 -1.9597 1.5706 -4.2867 -3.0028 2.2612 -0.5493 -2.5350 -0.3667 -2.7372 -4.1243 
28.5666 22.0712 -1.9795 -1.9152 1.5927 -3.9124 -2.9759 1.9189 -0.5120 -2.5086 -0.9624 -3.3049 -4.2276 
27.4166 21.2383 -1.7804 -1.8196 1.2537 -4.2285 -3.0355 2.1717 -0.2416 -2.6316 -0.9561 -2.5281 -3.3991 
26.3752 20.3306 -1.9224 -1.7120 1.6777 -3.6177 -2.8129 2.1432 -0.1774 -2.5697 -0.4920 -1.4257 -2.8004 
25.1127 19.4271 -1.7013 -1.5914 1.5066 -3.6594 -3.0703 1.6033 -0.3882 -2.5470 -0.7565 -1.7038 -2.7617 
24.7498 18.8012 -2.1351 -1.3719 2.0496 -3.0978 -2.4042 1.9237 -0.8150 -3.0386 -0.7138 -1.5457 -2.8447 
23.7281 17.8018 -2.3633 -1.1463 2.4602 -2.8572 -2.7210 1.3303 -1.1867 -3.3397 -1.0189 -1.4190 -2.5604 
22.7150 17.0511 -2.0630 -0.5081 3.0426 -2.4444 -2.6549 1.1344 -1.5485 -3.7647 -0.9513 -0.7065 -1.9378 
22.4400 16.5705 -2.5404 -0.8208 2.6829 -2.8882 -2.8784 1.1669 -1.3471 -3.2949 -0.4529 -0.7232 -2.5358 
21.5705 15.8140 -2.7330 -1.0960 2.4656 -2.5567 -2.3427 1.4519 -0.9894 -2.5847 0.1823 -0.5501 -2.6189 
20.4913 14.4482 -3.5065 -0.9920 3.0571 -2.1388 -2.1004 2.0098 -0.1273 -1.9827 0.2653 -0.7215 -2.7631 
18.8484 12.5956 -4.6265 -1.7799 2.5257 -2.5364 -2.9604 0.5909 -1.4326 -2.8320 -0.3180 -1.0787 -2.9679 
19.2326 13.0672 -4.2120 -1.4648 2.5277 -2.5373 -2.4148 1.3161 -1.2481 -2.8861 0.1247 -0.2217 -2.2049 
18.8812 12.4259 -5.2127 -2.5603 1.8741 -2.9271 -2.9845 0.9769 -0.9318 -2.4415 0.2650 -0.0858 -1.9225 
18.9130 12.5236 -4.5351 -1.0519 3.2230 -2.4245 -2.8170 1.0555 -1.1236 -2.5018 0.4895 -0.2699 -2.6058 
18.4523 12.4458 -3.9418 -0.6576 3.4011 -1.9353 -2.1933 1.3589 -1.2532 -3.0490 -0.1688 -0.4113 -2.1305 
19.1362 12.2542 -5.4859 -1.5764 3.2691 -2.8407 -3.6716 0.6906 -1.5543 -4.0548 -1.0580 -0.3260 -2.1362 
21.7862 12.5638 -8.0103 -0.4903 6.2805 -3.1781 -4.9134 2.3268 0.3711 -4.0097 -0.6406 1.1579 -1.4391 
24.0063 13.5233 -9.7336 -1.5607 6.7113 -2.5442 -4.3973 2.4686 -0.0044 -3.9663 -0.2205 0.8202 -2.0303 
25.6736 12.8382 -12.3497 -0.2836 9.3933 -2.8983 -5.0827 3.4619 0.2369 -4.3429 0.5540 1.6496 -1.9093 
26.6090 13.0325 -13.2540 -0.6347 9.4011 -2.7411 -4.2655 3.7547 -0.6265 -4.5511 0.9653 0.7192 -3.0192 
27.4072 13.2186 -14.2420 -1.2861 9.4262 -2.8918 -4.5541 3.8555 -0.4877 -4.7395 0.9975 1.2323 -2.8044 
27.1365 12.2036 -15.5731 -1.7277 9.2320 -3.4808 -4.5936 4.3714 -0.5598 -5.0757 1.4243 2.0635 -2.2568 
28.0889 13.2157 -14.6401 -0.4134 10.0668 -3.4176 -4.2944 4.9862 -0.1576 -4.4801 2.0725 1.7540 -3.0729 
28.0793 13.3608 -14.5596 -0.8991 9.4208 -3.4845 -3.9944 5.0015 -0.4538 -4.8078 1.7312 1.3462 -3.5507 
27.5033 12.2119 -15.5240 -0.7221 9.7861 -4.0132 -4.6714 4.7431 -0.9024 -5.4650 1.3871 1.1639 -3.6678 
27.9293 12.5210 -15.7450 -1.0448 9.8619 -3.6817 -4.4903 4.7383 -0.9191 -5.1670 2.4546 2.6753 -2.8525 
29.0062 13.8207 -14.9861 -0.6532 10.3633 -3.1149 -4.2207 4.9203 -0.5595 -5.1635 1.7014 1.8701 -2.9525 
30.1396 14.7119 -15.6078 -1.9978 9.9578 -2.3999 -4.0224 3.8225 -1.7225 -5.3949 1.7095 1.2657 -3.7673 
28.3943 13.4050 -15.8334 -3.1933 8.0676 -3.4828 -4.4687 3.5365 -1.5837 -5.1208 1.7884 1.6240 -3.2653 
28.4310 14.7415 -13.8215 -2.9256 8.0225 -2.1803 -3.7030 3.0440 -1.5107 -4.5138 1.7062 1.4200 -2.9378 
27.2663 14.9253 -11.7410 -2.2723 7.0751 -2.3751 -3.0925 3.2177 -1.6603 -4.7382 1.1373 0.8660 -3.2233 
31.3041 20.2397 -7.8966 -0.6216 7.3333 -2.2527 -3.1605 2.4325 -2.6909 -5.5559 0.0302 -0.5419 -3.8964 
35.9437 23.7704 -9.2875 -2.8010 7.8523 -0.3244 -2.5316 1.7312 -2.9240 -4.8824 0.3999 -0.7569 -3.5083 
38.8600 26.3204 -9.4915 -4.2478 6.4405 -1.7516 -4.0261 0.3843 -4.1385 -5.8351 -0.0287 -0.8224 -3.3766 
38.0234 25.8781 -9.7453 -5.7997 5.0276 -1.4421 -3.4000 0.1855 -4.2618 -5.6775 -0.2755 -1.2180 -3.5140 
38.1211 26.3500 -8.8239 -4.8473 5.8564 -0.9119 -3.4687 0.0770 -3.5219 -4.6586 -0.0604 -1.2120 -2.7719 
38.1166 26.7426 -8.3261 -5.0982 5.5479 -0.3493 -2.7193 0.1243 -3.8773 -4.8641 -0.1700 -1.4982 -3.0768 
37.2922 26.1371 -8.0158 -4.6506 5.5222 -0.4905 -2.5706 0.2505 -4.0923 -5.2018 -0.4418 -1.7415 -3.0688 
36.3961 25.2334 -8.2898 -4.6763 5.3416 -0.8668 -2.8509 0.3170 -3.9657 -5.4727 -0.8663 -1.7525 -2.8499 
33.7634 23.0178 -7.9875 -3.4855 5.9132 -1.0835 -2.9713 1.1263 -3.1790 -6.0038 -1.3329 -0.5255 -1.7314 
31.3218 21.8407 -7.0729 -4.1208 4.8984 -0.1395 -2.0227 0.8404 -2.9320 -5.1842 -1.3253 -1.0021 -2.1998 
28.5391 20.7457 -4.9579 -3.4595 3.7700 -0.1748 -1.3398 0.6772 -3.2250 -5.0214 -1.4146 -1.3876 -2.3216 
27.0639 19.1218 -5.4097 -3.0761 3.8698 -0.3736 -0.9697 1.3918 -2.9256 -4.8961 -0.9946 -0.7922 -1.7424 
26.3100 19.1104 -4.2683 -2.5489 3.5279 -0.7906 -1.3646 1.2336 -2.5641 -4.6551 -1.2617 -1.0870 -2.1397 
24.3331 17.2217 -4.7086 -2.4750 3.5735 -0.7531 -1.4519 0.9240 -3.1722 -5.5671 -2.0096 -1.3455 -2.3279 
24.3225 17.0774 -4.6735 -1.9208 3.8869 -1.3065 -2.2572 0.7604 -2.4084 -4.3518 -1.2007 -0.9788 -1.7396 
23.2919 16.5127 -4.1230 -1.4905 3.9432 -1.3133 -2.3786 0.7646 -2.2260 -4.4733 -1.3255 -0.5269 -1.3092 
22.0783 15.6300 -4.1077 -1.9955 3.0430 -1.2640 -1.4409 1.4167 -2.1068 -4.3540 -1.3064 -1.1073 -2.1443 
32.3691 19.9462 -11.6625 -5.7967 3.6484 -4.0773 -3.5199 3.8246 -1.1512 -5.8649 -0.3469 1.1910 -1.7667 
34.0160 20.4066 -12.7903 -5.2213 5.0097 -4.5099 -4.8547 3.1228 -1.5496 -6.3420 -1.0282 0.2922 -2.1499 
33.1952 18.4603 -14.4883 -4.0468 7.8939 -2.9094 -4.5422 3.6742 -0.5466 -5.2414 -0.1090 0.5923 -2.3836 
32.6280 17.2016 -15.6416 -4.2001 7.5262 -3.7532 -4.1525 4.8124 -0.5738 -5.5228 0.7942 1.1742 -3.3684 
31.3986 15.9839 -15.6951 -3.4131 8.1886 -3.7843 -4.6844 4.2133 -0.9790 -5.7899 0.4411 0.9192 -3.0554 
30.4585 15.4275 -15.3897 -3.4724 7.7713 -3.8981 -4.9253 3.5151 -1.3287 -5.4680 0.6507 0.6628 -3.3405 
29.6090 15.0663 -14.4546 -2.2972 8.4704 -3.5694 -4.6624 4.0525 -0.6244 -5.2982 0.3339 0.8970 -2.4752 
28.7884 14.2521 -14.6893 -2.2997 8.4942 -3.3702 -4.1916 4.6365 -0.0919 -4.7133 1.0536 1.3335 -2.7654 
29.3472 14.2018 -15.6158 -2.4993 9.1054 -3.4411 -5.3023 3.5183 -0.6862 -5.1446 0.4566 0.6418 -3.2186 
27.8574 13.2164 -15.3400 -2.5870 8.9045 -2.7931 -4.5799 3.7390 -0.0086 -3.6951 1.7631 1.3753 -2.8578 
29.0030 14.5235 -14.8579 -2.7465 8.8707 -2.7489 -5.2510 2.5175 -0.9201 -4.3145 1.0784 0.8843 -3.2516 
28.8016 14.3325 -14.8278 -2.5594 9.0566 -2.4209 -4.4777 3.3749 -0.8090 -4.8600 0.8762 1.4287 -2.3129 
27.3939 13.2263 -14.5099 -1.8997 9.0455 -3.3101 -5.6548 2.9930 -0.2431 -4.5185 0.4488 1.0261 -2.2184 
26.2677 12.7881 -13.9749 -2.4139 8.1032 -3.1684 -5.2368 2.8207 -0.3875 -4.5856 -0.0307 0.4509 -2.7380 
26.2714 13.4250 -12.8769 -1.9255 8.6153 -1.7651 -3.8324 3.5035 0.2520 -3.6878 0.5514 0.5597 -2.7402 
24.8410 12.7960 -12.1931 -2.2965 7.5329 -1.9888 -3.5448 3.6153 0.0688 -4.3246 0.3322 1.6311 -1.7606 
23.3970 12.9146 -10.0785 -1.9676 6.4527 -2.3997 -4.1479 2.7211 0.5228 -3.3492 0.2925 1.7721 -0.6792 
21.4748 12.4783 -8.0714 -1.3613 5.6377 -2.1633 -3.4856 2.2738 -0.2147 -3.5120 0.2137 1.5644 -0.7712 
21.2630 12.8415 -7.4070 -1.8418 4.6985 -2.2179 -3.2497 2.0168 -0.4519 -3.6376 -0.5530 0.1370 -2.1259 
20.6100 12.5913 -6.9946 -1.9011 4.3559 -1.9685 -2.6083 2.5703 0.0809 -3.1525 -0.0698 1.0310 -0.9977 
19.4454 12.1017 -6.1827 -1.5935 4.2459 -1.3808 -1.9958 2.3608 -0.0578 -2.5541 0.4382 0.9133 -1.1380 
18.9144 11.5938 -6.2690 -1.4452 4.4177 -1.5186 -2.7886 1.1624 -1.0391 -3.2383 -0.1947 0.6350 -0.6783 
20.1534 11.5428 -7.4437 -0.9350 4.6149 -2.6710 -2.4136 2.5762 -0.9896 -3.0163 0.8862 0.0703 -2.4235 
19.0444 11.9179 -5.6054 -1.0187 3.9117 -1.8509 -1.7234 2.4905 -0.5165 -2.7719 0.0885 -0.2892 -2.0164 
18.1188 11.0956 -6.0098 -1.6508 3.3875 -2.2908 -2.8441 1.0823 -1.2679 -3.0050 0.1798 0.2939 -1.6027 
19.1705 12.5043 -5.0795 -1.4163 3.6866 -1.1239 -1.3211 1.9713 -0.9483 -2.6849 0.3900 0.1900 -1.5488 
18.2546 11.7020 -5.0683 -1.2227 3.4399 -1.7845 -1.8867 1.8759 -0.8094 -2.7402 0.1869 0.0892 -1.5263 
18.2950 11.8145 -4.8445 -0.8889 3.7629 -1.7499 -2.1447 1.7474 -0.5929 -2.3413 0.6620 0.4143 -1.7696 
18.0286 11.4137 -5.5027 -1.7475 3.4502 -1.3836 -2.0248 1.4163 -0.5218 -1.8851 0.6045 0.0358 -1.4246 
17.8196 11.3723 -5.2522 -1.7120 3.1757 -1.4074 -1.5911 1.6266 -1.1391 -2.9317 -0.1000 -0.2809 -1.8411 
18.9707 11.9684 -5.7626 -1.6955 3.4347 -2.0823 -2.3788 1.6818 -1.2171 -3.6814 -0.5570 -0.4492 -2.6382 
17.7456 11.3244 -5.3162 -1.8435 3.2155 -1.2424 -1.6249 1.6206 -0.6705 -2.2541 0.3664 0.2370 -1.0146 
17.7022 11.7537 -4.3751 -1.3661 3.0460 -1.2694 -1.1559 2.0551 -0.8119 -2.7705 0.0343 0.0467 -1.5750 
18.5780 12.4194 -4.5425 -1.6158 3.0229 -1.3335 -1.2149 2.2690 -0.3506 -2.2898 0.2572 -0.1874 -2.0278 
17.7527 11.5549 -4.9667 -1.8537 3.0126 -1.1303 -1.1626 2.0352 -0.6692 -2.4671 0.5598 0.7260 -1.0612 
17.9426 12.0232 -4.1847 -1.1333 3.1722 -1.6456 -1.8670 1.8065 -0.3747 -2.3071 0.0991 -0.1461 -1.9093 
18.5001 12.2653 -4.7840 -1.6359 3.6940 -0.4144 -1.2147 1.3295 -0.8696 -1.7382 1.0531 0.0471 -2.2920 
30.5925 21.9452 -6.7858 -5.5097 4.9602 2.8019 -1.3267 -2.7382 -5.5106 -3.8756 0.8785 0.0535 -1.5871 
33.4266 24.2410 -6.4702 -4.6184 6.2327 2.7234 -2.0467 -3.0151 -6.1323 -5.0649 0.1947 -0.0405 -1.7864 
33.3372 23.0861 -8.4990 -5.4065 6.4041 1.8365 -3.6429 -3.4918 -5.8206 -5.5414 -0.9732 -1.0275 -2.9590 
36.0152 24.9214 -9.2949 -5.8993 7.3732 3.0945 -2.4557 -2.0970 -4.5973 -4.7482 -0.4363 -0.5801 -2.1552 
36.8317 24.9890 -10.3392 -5.7748 8.7934 3.2431 -4.1058 -2.9981 -3.7043 -3.7714 -0.1202 -0.0404 -1.5252 
36.9070 24.7629 -10.6661 -5.7297 8.6160 2.9738 -3.5606 -2.5012 -4.6054 -5.1874 -0.8201 -0.4935 -2.2843 
36.3987 24.7128 -10.2714 -5.9245 8.6771 3.9089 -3.0892 -2.9531 -4.8710 -5.1576 -1.1216 -0.7899 -2.0862 
36.7151 25.2138 -9.8155 -5.7395 8.7168 4.1253 -2.7091 -2.5724 -4.3503 -4.3969 -0.4666 -0.5415 -2.1047 
36.2006 24.8832 -9.7860 -6.1688 7.6822 2.9229 -3.8474 -3.4285 -4.7672 -4.6628 -0.7717 -0.7065 -2.2673 
35.1494 24.4552 -8.3744 -4.4466 7.9966 2.3086 -3.6695 -2.2423 -3.8305 -4.3921 -0.5077 -0.3721 -2.3388 
33.5855 23.2012 -8.5372 -4.9871 7.1427 2.0511 -3.8288 -2.9930 -4.6213 -4.7602 -0.8255 -0.8799 -2.9548 
34.3327 23.5447 -9.3876 -5.8866 7.3876 2.9409 -3.6841 -3.8449 -5.6481 -5.5109 -1.2601 -0.8361 -2.7082 
31.5851 21.6914 -8.1966 -4.2786 8.1474 3.8423 -2.3691 -2.7661 -4.8803 -4.8720 -0.8246 -0.4601 -2.0631 
34.4017 24.1105 -8.7308 -6.1124 7.2976 4.1599 -2.2463 -3.3700 -5.4327 -4.7679 -0.4576 -0.5014 -2.4569 
29.9325 20.9437 -7.0939 -4.2847 6.2743 2.4464 -2.0281 -1.7326 -3.9907 -3.9159 0.0509 -0.2830 -2.3845 
30.7818 21.0384 -8.7499 -5.8211 6.6936 4.1372 -1.2708 -2.6428 -5.1608 -4.1867 0.1276 -0.5512 -2.4269 
27.9372 18.9959 -7.4115 -3.9406 6.0863 1.9131 -2.0572 -1.3888 -4.0685 -4.4993 -0.5229 -0.5768 -2.2907 
27.8262 19.2920 -6.8173 -3.7751 6.3523 2.7938 -1.2347 -1.1313 -4.3373 -5.2145 -1.0461 -0.4409 -2.3491 
25.6541 18.2320 -5.3021 -2.9351 5.5533 2.1722 -1.4312 -1.9066 -5.0636 -4.9642 -0.6833 -0.8795 -3.0179 
24.3188 16.7306 -6.0357 -3.2608 5.1740 1.9062 -1.2718 -1.5528 -4.8689 -4.9904 -0.9188 -1.1297 -2.9716 
23.4439 16.1889 -5.5714 -2.7098 5.3247 1.8383 -1.2980 -1.2230 -4.0825 -4.0253 -0.0067 -0.4985 -2.8068 
23.6757 15.9315 -6.1844 -2.6481 5.2116 0.6061 -2.1454 -0.3743 -2.9693 -4.0988 -0.3401 0.0311 -2.0399 
24.5324 15.6612 -7.4208 -1.7650 6.9996 0.1759 -3.4145 0.1570 -2.1629 -5.0695 -1.4444 0.4685 -1.4681 
31.4438 18.1492 -13.1915 -4.8379 6.7353 -2.1276 -4.5903 1.3904 -2.4997 -5.9515 -0.4885 0.5861 -2.5094 
32.3567 17.6414 -14.2436 -2.8917 8.8711 -2.5272 -4.7143 2.2567 -2.9351 -6.5521 0.2591 0.9066 -2.8318 
31.5407 16.2233 -15.4109 -2.6176 9.9598 -2.3650 -5.2065 2.8651 -1.2780 -5.4195 0.5516 0.9930 -3.0802 
32.1596 17.2979 -14.7716 -3.3262 8.8365 -2.8787 -5.8382 1.6559 -2.2639 -6.0587 -0.2913 0.4061 -2.6950 
30.9836 16.7867 -14.0880 -3.0653 9.1749 -1.7529 -5.2398 1.2755 -2.4560 -6.1005 -0.8854 -0.1346 -2.7203 
29.7252 16.6911 -12.6545 -3.0165 8.3881 -1.4027 -4.4633 1.7214 -1.5501 -4.8238 0.0091 0.3557 -2.7360 
27.9687 16.0686 -11.5089 -3.3807 6.8662 -1.8615 -4.4454 1.3626 -1.3256 -4.0051 0.4760 0.7938 -1.8536 
25.4809 14.4139 -11.1035 -3.5725 6.3755 -1.5044 -4.2593 1.2335 -0.9293 -3.9083 -0.0452 0.9931 -1.2246 
23.1446 13.5419 -9.2447 -3.0548 5.1411 -2.0467 -4.2660 0.5605 -1.8498 -4.8508 -1.3664 -0.2622 -2.1622 
22.1964 13.4629 -8.0093 -2.6149 4.8984 -1.5569 -3.2839 1.5162 -0.6130 -3.8123 -1.1776 -0.1099 -1.3998 
21.0804 12.9855 -7.2062 -2.3347 4.4428 -1.6688 -3.1455 1.5500 0.1119 -2.0238 0.6512 0.8987 -1.0809 
19.3173 12.6946 -5.0217 -1.4489 3.6285 -1.6342 -2.1868 1.8758 -0.2372 -2.5563 -0.1535 0.0908 -1.3800 
18.1538 11.9977 -4.6920 -1.7074 2.7816 -1.9114 -2.1599 1.3534 -0.7970 -2.3128 0.3609 -0.1292 -2.0400 
17.6741 11.8179 -4.3664 -1.6423 2.7421 -1.6348 -1.9101 1.4432 -0.5177 -2.0333 0.2657 -0.3708 -2.2839 
17.2412 11.4184 -4.2472 -1.1321 3.1086 -1.6837 -2.0982 1.3327 -0.6420 -2.0931 0.4395 -0.1823 -2.2940 
16.8167 11.0665 -4.4435 -1.8041 2.0421 -2.3727 -2.1692 1.4680 -0.5784 -2.1837 0.2310 -0.0922 -1.7181 
16.5221 10.8924 -4.2729 -1.5542 2.3988 -1.6891 -1.2830 2.1683 -0.2497 -2.0115 0.5630 0.2920 -1.7043 
16.5457 10.7754 -4.8351 -2.4875 1.4922 -2.6600 -2.5411 1.1745 -0.5681 -2.2717 -0.0955 -0.4208 -2.2812 
16.1943 10.3164 -5.1181 -2.3898 2.0994 -1.7430 -1.9809 0.8378 -1.4496 -2.9908 -0.5624 -0.7095 -2.1216 
15.8638 9.9824 -4.9980 -1.7934 2.5559 -1.8630 -2.1380 1.3419 -0.4991 -2.2595 -0.3084 -0.9143 -2.6815 
16.0002 10.4354 -4.4328 -1.6870 2.5346 -1.3764 -1.4418 1.6646 -0.3964 -1.8907 0.5115 0.2671 -1.4760 
16.7774 11.2516 -3.9685 -1.3185 2.5206 -1.9961 -2.0653 1.5305 -0.4933 -2.4460 -0.1365 0.0772 -1.3450 
15.2615 9.7961 -4.6860 -2.1557 2.1563 -1.2128 -1.2736 1.4573 -0.4962 -1.7888 0.3169 -0.0986 -1.3767 
15.3709 9.8349 -4.7504 -1.9810 2.5527 -1.2555 -2.0160 0.5586 -1.2878 -2.5003 0.1741 0.3082 -1.5531 
15.6118 10.1859 -4.1922 -1.1371 3.2164 -1.1041 -2.0174 0.8478 -0.7649 -2.1680 -0.0009 -0.0350 -1.3265 
15.6559 10.1258 -4.2575 -1.0693 3.0327 -1.4539 -1.8522 1.3390 -0.6894 -2.2482 0.3225 0.2812 -1.4714 
15.6506 10.7010 -3.4497 -1.2783 2.4423 -1.3905 -1.6464 1.2501 -0.8642 -2.8057 -0.5193 0.0195 -1.4195 
14.4363 9.2584 -4.2998 -1.6451 2.3381 -1.2874 -1.4738 1.2811 -0.7313 -2.2416 -0.0588 -0.2429 -1.7090 
14.4322 9.0903 -4.4778 -1.4261 2.6832 -1.3109 -1.8663 0.6445 -1.6013 -3.1650 -0.7954 -0.7604 -2.1710 
13.9916 8.9754 -3.9690 -1.0939 2.6351 -1.4160 -1.9994 0.5869 -1.2615 -2.5894 -0.4126 -0.5631 -2.0741 
14.7747 9.5228 -4.0736 -1.0487 2.9195 -1.0102 -1.2512 1.2294 -1.3307 -2.7773 -0.0536 -0.1437 -1.9383 
13.9091 8.8767 -3.9362 -0.9974 2.5585 -1.3242 -1.2688 1.3679 -1.1887 -2.6573 0.2699 0.6580 -0.8653 
14.6556 9.5995 -3.6661 -0.6943 3.0442 -0.9271 -0.9693 1.8975 -0.3010 -1.8001 0.4874 0.1252 -1.5530 
14.6278 9.4340 -4.0004 -0.9008 3.1452 -0.8525 -1.2928 1.3048 -0.9668 -2.6554 -0.4589 -0.5149 -1.9106 
14.5534 9.2097 -4.6471 -1.9538 2.3009 -1.2010 -1.7303 0.3669 -1.9423 -3.1525 -0.5864 -0.5644 -1.8872 
14.3998 9.2807 -4.1519 -1.3428 2.8774 -0.6458 -0.9859 1.6237 -0.4710 -2.1808 -0.1442 -0.3375 -2.0592 
15.2740 10.1039 -3.8022 -0.8446 3.4524 -0.5009 -1.2200 1.2370 -1.0533 -2.7268 -0.1892 0.0407 -1.7357 
15.1884 10.1302 -3.8287 -1.3126 2.9865 -0.4813 -1.1512 1.0972 -0.8564 -2.2356 -0.1897 -0.3458 -1.7608 
14.9467 9.9012 -3.9084 -1.6489 2.0942 -1.3080 -1.2302 1.1768 -1.4180 -2.8841 -0.0804 0.2970 -0.9538 
15.0315 9.9172 -3.9901 -1.4626 2.7540 -0.6719 -1.1668 1.1218 -0.8099 -2.0402 -0.1065 -0.6181 -1.8995 
14.4951 8.9670 -4.6533 -0.9296 3.8447 -0.3241 -1.3684 1.1406 -0.9252 -2.5945 -0.3277 -0.2778 -1.8624 
14.1992 8.9567 -4.1968 -0.9518 2.9775 -1.1077 -1.3990 1.4437 -0.4912 -1.7589 0.4526 -0.1958 -2.0728 
14.5548 9.0861 -4.6784 -1.4775 2.8881 -1.0681 -1.6695 1.0385 -0.7669 -2.0476 0.1776 -0.1602 -1.8971 
15.2898 9.8216 -4.3643 -1.2638 2.9815 -1.1663 -1.6458 1.3033 -0.5067 -1.7813 0.6079 0.3635 -1.1791 
15.4047 9.9808 -4.4257 -1.5141 3.1680 -0.4882 -1.1139 1.6531 -0.1265 -1.8345 -0.0198 -0.1983 -1.6229 
15.4476 10.2154 -4.1044 -1.6125 2.6620 -0.8717 -1.3600 0.9966 -1.2205 -2.6920 -0.2062 0.0526 -1.4229 
15.4101 9.9674 -4.3526 -1.2203 3.4769 -0.5221 -1.6278 0.7556 -1.1298 -2.5515 -0.2286 -0.0102 -1.3012 
15.0487 9.8351 -4.0260 -1.2818 2.6583 -1.1814 -1.2688 1.6872 -0.4011 -2.0356 0.1168 -0.2321 -2.0632 
