15.4923 10.0769 -4.1713 -1.2367 2.6597 -1.7366 -2.1295 0.8964 -1.1217 -2.5362 0.0003 -0.1380 -1.7714 
14.9571 9.5327 -4.5695 -1.7727 2.4438 -1.2388 -1.5377 1.0477 -1.0436 -2.2967 0.1403 -0.0422 -1.5365 
15.4361 10.4016 -3.5622 -1.1188 2.6126 -1.2752 -1.6044 0.9696 -1.1095 -2.4036 -0.1258 -0.4391 -1.8794 
15.1233 9.6144 -4.4809 -1.3152 2.8340 -1.4864 -1.9943 1.0871 -0.6566 -2.1180 -0.0354 -0.4213 -2.0357 
15.7643 10.4640 -3.8760 -1.1523 2.6829 -1.4917 -1.6832 1.2750 -0.9110 -2.3541 0.3352 0.3731 -1.3451 
16.5163 10.8247 -4.4406 -1.6613 2.4443 -1.8915 -2.1395 1.0304 -1.0321 -2.4068 0.3673 0.3350 -1.6210 
15.0105 9.4328 -4.8467 -1.9247 2.3078 -1.7535 -2.3059 0.5885 -1.0424 -2.2857 -0.3173 -0.9932 -2.5121 
14.3821 8.7543 -5.1444 -2.0490 2.1218 -2.0476 -2.7171 -0.0377 -1.9120 -3.1470 -0.7545 -0.8714 -2.2173 
14.8794 9.2814 -4.6810 -1.3780 2.6059 -1.9938 -2.5649 0.5854 -0.9595 -2.0299 0.2571 -0.2052 -1.6183 
15.1522 9.7160 -4.4843 -1.6058 2.6176 -1.4628 -2.2280 0.5328 -0.8451 -1.8484 -0.0176 -0.7507 -1.9799 
14.6529 9.7677 -3.8416 -1.8455 1.8908 -1.3450 -1.6194 0.6367 -1.0537 -1.6755 0.7041 0.1445 -1.5026 
15.1717 9.3830 -5.5569 -2.9872 1.7738 -1.4719 -1.7563 1.0658 -0.6122 -2.0302 -0.1077 -0.3572 -1.6916 
15.3532 10.1402 -4.0788 -1.6873 2.2576 -1.3547 -1.4935 1.1417 -1.0432 -2.4344 0.0085 -0.1630 -1.9700 
15.8105 10.2138 -4.3528 -1.1834 2.9520 -1.5747 -2.0763 0.9568 -1.2658 -3.0064 -0.4969 -0.3378 -1.7839 
16.4840 10.8429 -4.3657 -1.5213 2.7704 -1.6068 -2.2343 0.7715 -1.1820 -2.7572 -0.4453 -0.5442 -1.9791 
16.9529 11.3247 -4.3142 -1.7047 2.8334 -1.2887 -2.0180 0.9125 -0.9689 -2.6832 -0.5755 -0.6512 -2.0798 
16.8385 11.0422 -4.5501 -1.6489 2.8357 -1.4501 -1.9474 1.1793 -0.7874 -2.4705 -0.2864 -0.4172 -1.7858 
16.8716 10.8090 -4.9395 -1.6135 3.0197 -1.6489 -2.2519 1.0221 -1.0354 -2.5309 0.2634 0.1625 -1.6651 
14.1827 9.0979 -4.0441 -1.2367 2.4464 -1.4134 -1.4329 1.5426 -0.3935 -1.8486 0.2988 -0.0257 -1.6158 
12.2592 7.2419 -4.7174 -1.7462 1.9767 -1.5982 -1.8050 0.9974 -0.4776 -1.7716 -0.1947 -0.7173 -1.7377 
13.0543 7.7737 -4.8545 -1.7015 2.1493 -1.6202 -1.6675 1.1641 -0.9732 -2.6494 -0.6093 -0.7805 -2.0453 
12.9087 7.9771 -4.2717 -1.4671 2.1053 -1.3909 -1.0660 1.9582 -0.2873 -2.3218 -0.3561 -0.3607 -1.9394 
12.6349 7.4947 -4.9616 -2.2537 1.4558 -1.9963 -2.0410 0.7106 -1.1321 -2.7263 -0.8967 -0.7249 -1.3717 
12.8180 7.3736 -5.0268 -1.0682 3.3538 -0.7441 -1.3379 1.4261 -0.7619 -2.7084 -0.4965 -0.1157 -1.2757 
13.1413 7.6324 -5.2907 -2.0863 1.6556 -2.4795 -2.4341 1.1674 -0.2388 -1.8924 -0.3252 -0.7188 -1.8029 
13.6439 8.1010 -4.9978 -1.4850 2.5518 -1.4646 -1.3379 1.8869 -0.2126 -1.8350 0.3684 0.0530 -1.4208 
14.3595 8.5469 -5.3960 -1.7120 3.1976 -0.6809 -1.2911 1.3791 -0.9931 -2.9970 -0.6867 -0.2504 -1.4406 
12.9025 7.6232 -5.0502 -1.9530 2.2010 -1.4482 -1.8587 1.0677 -0.3374 -1.7274 -0.0316 -0.5041 -1.9207 
13.3046 8.0529 -4.5743 -1.1976 2.6979 -1.4607 -1.8785 0.9742 -1.0147 -2.5560 -0.1479 0.1150 -1.1002 
12.7139 7.0985 -5.6075 -2.0854 2.0022 -1.8331 -1.7880 1.3330 -0.5679 -2.1291 -0.1662 -0.5243 -1.9029 
12.9326 7.4410 -5.5384 -2.5137 1.5940 -2.0234 -2.1809 0.7991 -0.9060 -2.2478 0.1879 0.3934 -1.1761 
12.9152 7.1700 -5.9167 -2.6204 1.1469 -3.2757 -3.3070 0.5495 -1.0389 -3.1287 -1.2164 -0.9470 -2.1844 
13.5895 7.9684 -5.2664 -1.6749 2.6868 -1.4570 -1.8642 1.4336 -0.2620 -2.2397 -0.5045 -0.4642 -1.7643 
13.2070 7.8936 -4.7959 -1.6152 2.0827 -1.8538 -1.8980 0.8813 -1.1399 -2.2002 0.2589 -0.2587 -1.8833 
13.1551 7.4697 -5.4753 -1.5823 2.9650 -1.0929 -1.5551 1.4184 -0.6710 -2.6298 -0.4487 -0.1025 -1.5200 
13.5215 7.7925 -5.3734 -1.6237 2.5338 -1.6616 -1.6378 1.6869 -0.3829 -2.0776 0.2019 0.0331 -1.6061 
13.6309 8.3618 -4.5137 -1.2661 2.6315 -1.3849 -1.7439 0.9770 -0.8650 -2.0239 0.1953 -0.1006 -1.3274 
12.9485 7.7425 -4.6491 -1.3680 2.4715 -1.3474 -1.5375 1.2251 -0.5462 -1.9045 -0.3075 -0.9003 -1.6386 
12.7662 6.9739 -5.8089 -1.8436 2.4615 -1.9010 -2.4061 0.7164 -1.0001 -2.3917 -0.2159 -0.7204 -2.5266 
13.2502 7.7782 -5.0693 -1.5411 2.6637 -1.3454 -1.8772 0.7226 -1.2433 -2.4044 0.1422 0.0600 -1.4926 
13.6349 8.3900 -4.4161 -1.0463 2.8427 -1.4584 -1.8976 1.2063 -0.5196 -1.9410 0.4976 0.4615 -1.5107 
14.0298 8.3987 -4.9470 -1.2540 2.8904 -1.4488 -1.7681 1.0973 -1.1945 -2.5598 0.2267 0.1259 -1.6937 
27.9418 15.2079 -11.9022 -2.0376 6.5113 -4.2877 -4.5293 3.3185 -0.5008 -2.9793 2.3522 0.7261 -2.7390 
34.3923 19.7772 -13.7558 -4.3929 5.6874 -5.2573 -4.6095 4.9177 0.2825 -4.4409 0.1162 -0.8035 -3.2960 
28.3195 17.2532 -9.3753 -2.3992 5.0524 -3.7114 -2.7213 5.0213 0.5569 -3.8547 0.1451 -0.6406 -3.8815 
23.7241 13.3308 -9.0585 -0.7686 5.8380 -3.3786 -2.3824 5.3475 1.1265 -3.1165 0.7069 0.0178 -2.8495 
20.5382 11.3064 -8.4120 -1.3056 4.5567 -2.9861 -1.6063 4.9608 0.6669 -3.2110 0.2854 -0.4726 -3.2348 
18.2559 10.4581 -7.0345 -1.6865 3.2780 -2.5634 -1.1108 4.0281 -0.0590 -3.0339 0.5309 -0.1509 -2.9293 
15.7318 9.1296 -6.1626 -2.1608 2.1189 -2.5610 -1.4616 2.9774 0.1674 -1.9558 0.9593 0.3854 -1.9534 
15.0171 8.5397 -6.5230 -2.8078 2.1233 -1.6113 -1.2378 1.7957 -1.0730 -2.4844 0.7858 0.4234 -1.8756 
14.1057 8.0866 -5.5199 -1.3372 2.9741 -1.4775 -1.3021 1.9870 -0.6481 -2.3603 0.3181 -0.1129 -2.0283 
16.1991 8.7955 -7.2219 -1.9381 3.2039 -2.3209 -2.0613 2.2450 -0.5394 -2.4945 0.5545 -0.0575 -2.1897 
19.4799 11.3314 -7.7098 -2.7582 3.0423 -2.7389 -2.6657 1.9031 -0.6925 -2.1710 1.4111 0.5497 -2.0037 
16.0670 10.0467 -4.8828 -1.1873 3.0219 -1.8222 -1.8832 1.6030 -0.8109 -2.3339 0.6285 0.3545 -1.4284 
14.1005 8.4850 -4.7454 -0.9478 2.8883 -1.7361 -1.6655 1.8014 -0.3912 -1.9979 0.5394 0.2372 -1.5930 
13.8584 7.9253 -5.5007 -1.3820 2.9764 -1.4058 -1.3770 2.0218 -0.1640 -1.9212 0.1707 -0.4408 -2.0463 
13.6905 7.9357 -5.5743 -2.1508 2.1887 -1.5735 -1.5584 1.3585 -0.8985 -2.3965 -0.0557 -0.6068 -2.4402 
14.3472 8.5267 -5.4653 -1.9637 2.7636 -0.9875 -1.2887 1.5740 -0.4621 -2.0104 0.0243 -0.4727 -1.8816 
14.3023 8.7338 -4.9509 -1.7663 2.2503 -1.8867 -2.0550 0.9548 -1.2459 -2.7471 -0.0300 -0.0010 -1.8654 
15.3058 8.9277 -6.2992 -2.3651 3.3818 -0.6742 -2.0817 0.5027 -0.9539 -2.0947 -0.1088 -0.6315 -1.7352 
19.4381 11.5597 -7.9390 -3.5824 4.0167 -0.3443 -2.3522 0.4774 -1.0565 -2.4525 -0.4306 -0.9061 -1.5315 
13.6468 7.8417 -5.7996 -2.3936 2.2862 -1.3069 -1.8325 0.5879 -1.1466 -1.6514 1.0114 0.2040 -1.6609 
14.2191 8.4453 -5.6394 -2.5261 2.2554 -0.9215 -0.9140 1.8384 -0.2886 -1.8946 0.0105 -0.4977 -1.8345 
12.8487 7.5429 -5.0285 -1.8301 2.2180 -1.4492 -1.8033 0.7293 -1.2182 -2.6004 -0.5660 -0.6312 -1.4896 
12.9168 7.8671 -4.5958 -1.7812 2.0592 -1.5241 -2.1025 0.1646 -1.4406 -2.3193 -0.3781 -0.8584 -1.6921 
13.0179 8.0222 -4.4603 -1.7367 2.0221 -1.4504 -1.5754 1.1673 -0.5478 -1.9213 -0.0744 -0.4468 -1.7166 
13.3883 8.2698 -4.4884 -1.6316 2.1992 -1.3409 -1.4316 1.1759 -0.8362 -2.1961 -0.1473 -0.4677 -1.6626 
13.4989 8.2538 -4.6269 -1.5051 2.5476 -1.1587 -1.5334 0.9162 -1.1629 -2.4521 -0.1576 -0.3045 -1.6677 
14.2270 8.8013 -4.8482 -1.9463 2.2362 -1.3654 -1.5454 1.1626 -0.7880 -1.9336 0.5678 0.3249 -1.4868 
13.9450 8.2784 -5.4453 -2.1819 2.4602 -1.1940 -1.6270 1.2257 -0.6361 -2.1814 0.1555 0.2698 -1.4771 
13.6583 7.7491 -5.9225 -2.3193 2.3465 -1.4579 -1.7645 1.1855 -0.6261 -1.8415 0.5840 0.3801 -1.0941 
14.2976 8.6834 -4.8212 -1.1392 3.0093 -1.6096 -2.1005 1.2300 -0.6501 -2.5621 -0.6206 -0.6974 -1.7490 
14.1900 8.6036 -5.1025 -1.8134 2.5885 -1.5460 -2.2066 0.8604 -0.7758 -2.3904 -0.2203 -0.0872 -1.5022 
14.2140 9.0854 -4.2505 -1.4493 2.6676 -1.0630 -1.7058 0.8527 -0.7647 -1.9615 0.1181 0.0152 -1.1027 
13.7961 8.3039 -5.0978 -1.8523 2.5951 -1.2674 -1.9495 0.8572 -0.7085 -2.0833 0.0416 0.1777 -0.9225 
13.0543 7.6390 -5.3132 -2.1467 2.3596 -1.0742 -1.7634 0.5426 -1.2279 -2.5360 -0.6108 -0.6769 -1.5033 
14.3064 8.3364 -5.5825 -1.5704 3.2427 -1.1918 -1.8847 1.5355 0.0110 -2.0291 -0.6693 -0.8240 -1.4569 
13.9768 8.1425 -5.5196 -1.8154 2.6435 -1.6110 -1.9200 1.4152 -0.6341 -2.7627 -0.6848 -0.4547 -1.8592 
13.7990 8.1719 -5.2616 -1.8728 2.4573 -1.4377 -1.8485 0.8407 -1.0520 -2.1465 0.2199 -0.2271 -1.8184 
14.0283 8.4962 -5.0675 -1.8178 2.6063 -1.2974 -1.8424 1.1098 -0.5593 -2.1645 -0.2419 -0.3926 -1.8115 
13.5375 7.4947 -6.1622 -2.1749 2.7809 -1.3819 -2.1610 0.8765 -0.8348 -2.3373 0.1073 0.1509 -1.7289 
13.8784 8.2644 -5.3408 -2.1371 2.2470 -1.6716 -2.2114 0.7893 -0.7456 -2.2532 -0.3944 -0.5652 -1.8501 
12.8724 7.1057 -5.8858 -2.1461 2.4119 -1.5729 -2.2444 0.5618 -1.0359 -2.2039 0.1032 -0.0357 -1.5582 
13.1429 7.4048 -5.8165 -2.2118 2.5430 -1.1734 -1.8136 0.8768 -0.8924 -2.2555 -0.0118 -0.1152 -1.6020 
13.0901 7.8108 -4.8323 -1.7237 2.0825 -1.5366 -1.3144 1.5819 -0.6581 -2.3739 -0.3229 -0.4607 -1.6872 
13.6622 8.0062 -5.0880 -1.1788 3.2399 -0.7465 -0.9495 1.7938 -0.5128 -2.0868 -0.0415 -0.5227 -1.7561 
13.4445 7.9564 -5.0045 -1.4793 2.6317 -1.4756 -1.6161 1.6678 -0.2732 -2.1491 -0.0727 -0.0596 -1.4983 
13.6731 8.3022 -5.0032 -2.1589 2.0103 -1.2162 -0.9407 1.9634 -0.2011 -1.9159 0.0830 -0.2292 -1.7225 
13.2396 7.4436 -5.8649 -2.1280 2.7175 -1.2397 -2.0544 1.1134 0.0028 -1.5127 0.1129 -0.0443 -1.5207 
34.5500 19.8781 -15.7637 -7.8189 6.7913 -0.3416 -4.0488 0.7428 -1.9699 -3.8391 0.8230 -0.0243 -2.7059 
35.6721 19.1360 -17.5839 -5.9832 9.5020 -0.9832 -5.3717 1.0830 -2.1749 -5.0515 0.2165 -0.3033 -2.9757 
35.3959 18.7642 -17.5154 -5.4706 9.4864 -1.4562 -5.2201 1.6213 -2.0020 -4.7533 1.0349 0.6455 -1.8912 
35.3783 18.5747 -18.1926 -6.4494 8.9902 -1.3303 -5.2334 1.1719 -2.5037 -5.2087 0.5277 0.2240 -2.1829 
35.1586 18.9455 -17.3554 -6.4314 8.7430 -0.7509 -4.3944 1.6286 -1.9613 -4.3297 1.5473 1.2674 -1.7069 
34.6447 18.9218 -16.9159 -7.1455 7.1448 -1.5851 -4.4273 1.0316 -3.6272 -6.3717 -0.2099 -0.1522 -2.8158 
34.4043 18.9585 -16.4329 -6.6366 7.7517 -0.9954 -4.3778 0.7290 -3.6948 -6.2308 0.0457 0.3382 -2.4986 
33.7457 18.8242 -15.6467 -6.0276 8.2061 -0.4214 -4.1861 0.7058 -3.3396 -5.9839 -0.2122 0.2977 -2.0705 
33.2072 19.2651 -14.3639 -6.5077 6.3339 -1.4597 -4.3149 0.5507 -3.4167 -5.8490 -0.1007 0.3546 -2.3228 
32.2793 18.2451 -15.0412 -6.8927 6.7493 -0.5675 -4.0666 0.2504 -3.5178 -6.1146 -0.9147 -0.3882 -2.8008 
32.8611 19.3621 -13.5598 -5.3962 7.9939 -0.0448 -4.1866 0.5321 -2.6454 -5.5087 -0.3870 0.7684 -1.4507 
32.2134 18.9264 -13.6630 -6.1718 6.6810 -1.2007 -5.2051 -0.3537 -3.0702 -5.6452 -0.6946 0.1627 -2.3823 
30.1387 17.4607 -13.4265 -6.4017 6.1956 -0.4286 -3.8053 0.6578 -1.9639 -4.4530 -0.2440 0.1609 -2.0840 
30.3422 18.2912 -12.3729 -6.1523 6.2305 -0.2512 -4.3311 -0.1601 -2.1742 -5.0134 -1.6681 -0.6986 -2.2204 
29.7905 18.2993 -11.7887 -6.3708 5.8807 0.3440 -3.5918 0.0986 -1.8245 -4.6108 -1.6206 -0.4960 -1.4417 
29.5993 19.3685 -9.0410 -3.9646 7.5994 2.3380 -1.8662 0.6816 -1.6199 -3.9565 -1.0389 -0.5117 -1.7440 
31.8494 22.7161 -6.3021 -3.2095 6.9685 1.9762 -2.0407 -0.2734 -2.8520 -4.5312 -1.4308 -1.3120 -2.2588 
33.9627 24.3710 -6.6869 -4.1607 6.1952 1.2674 -2.7191 -1.2355 -4.0281 -5.1687 -1.7710 -2.1800 -2.9958 
36.1040 25.8534 -7.3527 -4.7494 6.6566 1.9767 -2.1796 -0.8672 -3.8576 -4.8287 -1.1520 -1.8095 -2.8338 
37.1929 26.7231 -7.7084 -5.5493 6.3516 2.1233 -2.1072 -0.9535 -3.8570 -4.6239 -0.9231 -1.9430 -3.2732 
37.8629 26.6136 -8.7354 -5.7788 6.4089 1.5785 -2.3799 -0.6895 -3.8167 -4.6729 -0.7652 -1.9067 -3.3644 
36.7784 26.0913 -8.5989 -6.7565 5.2800 1.4784 -2.7239 -1.8407 -4.6732 -5.1577 -1.5059 -2.7538 -4.0710 
37.6062 26.9886 -7.9040 -5.8511 6.0910 1.9865 -1.9937 -0.8721 -4.0876 -4.7752 -0.7100 -1.8702 -3.5878 
37.6137 27.2163 -7.5293 -5.7380 6.1289 2.2776 -1.6669 -0.6248 -3.6914 -4.4540 -0.8277 -2.0095 -3.3184 
37.9539 27.2766 -7.8930 -5.9385 5.8855 1.7469 -1.9874 -0.5773 -3.6812 -4.4815 -0.6907 -1.8872 -3.4076 
37.4831 27.2780 -7.4881 -6.2509 5.6208 2.2097 -1.8371 -1.0189 -3.8450 -4.4260 -0.8600 -2.0429 -3.4860 
38.1235 26.7811 -8.8851 -6.0666 6.0821 1.3106 -2.4743 -0.7166 -3.9388 -4.9201 -1.2001 -2.4729 -3.7296 
37.6033 27.0906 -8.1073 -6.7651 5.2834 1.7580 -2.4075 -1.5312 -4.2276 -4.7663 -1.2739 -2.3956 -3.6185 
38.2283 27.6664 -7.8080 -6.2891 5.7406 2.0181 -1.9573 -0.9067 -3.8493 -4.4768 -0.7643 -1.9308 -3.3473 
38.0323 27.6973 -7.4769 -6.1874 5.6517 2.0297 -1.9714 -0.9228 -3.5211 -3.9836 -0.6425 -2.0635 -3.2880 
37.0676 26.1894 -8.9617 -7.5105 3.9630 0.1081 -3.3002 -1.8820 -4.8443 -5.4380 -1.9476 -3.5848 -4.9444 
37.4900 27.3548 -7.3282 -6.3982 4.8596 1.4810 -1.8526 -0.7642 -3.7753 -4.2826 -0.8533 -2.6559 -4.1393 
36.8916 27.3262 -6.5935 -6.1626 5.0009 2.1792 -1.3910 -0.7146 -3.3555 -3.8488 -1.0608 -2.8639 -3.9116 
37.0068 27.0000 -7.0027 -5.7177 5.2910 1.5724 -1.6830 -0.2617 -3.1800 -4.0603 -1.0124 -2.5932 -3.7492 
36.6777 26.2374 -7.6518 -5.5418 5.3881 0.8349 -2.3241 -0.2614 -3.2398 -4.4062 -1.2699 -2.8131 -4.0706 
35.8825 26.6458 -6.0985 -5.6232 4.6743 1.4570 -1.7009 -0.6451 -3.2940 -3.7555 -0.8414 -2.7930 -4.1594 
35.4337 25.9800 -6.4854 -5.5264 4.6209 0.9199 -2.1433 -0.7010 -3.3091 -3.9113 -0.9986 -2.7936 -4.1522 
34.7428 25.5906 -6.3486 -5.7664 4.2490 0.7388 -2.5732 -1.2261 -3.5000 -4.0927 -1.2603 -2.7700 -4.0388 
35.1414 26.1975 -5.7044 -5.2131 4.7080 1.3130 -1.8004 -0.4184 -2.8123 -3.6301 -1.0099 -2.4105 -3.3731 
34.4804 25.4115 -5.9015 -4.8483 4.7556 0.7943 -2.0534 -0.2106 -2.8480 -3.9957 -1.1909 -2.3862 -3.4654 
33.9446 24.4438 -6.3074 -3.9145 5.4633 0.2331 -2.5058 -0.0000 -3.0279 -4.4853 -1.1497 -2.0353 -3.2835 
32.5140 23.1045 -6.5813 -3.8234 5.3926 -0.2480 -3.1368 -0.1093 -3.0224 -5.2755 -2.0325 -2.1079 -3.3743 
32.5390 22.0488 -7.5783 -2.4198 6.7104 -0.8566 -2.8868 1.5286 -2.7331 -5.8386 -1.3449 -1.2741 -3.7113 
31.2651 19.9325 -8.7939 -1.4350 7.7159 -1.1547 -2.3172 3.3512 -1.9251 -6.0569 -1.2061 -1.3461 -4.4024 
29.5563 19.0693 -7.9453 -1.2880 7.3015 -0.7409 -1.8334 3.2208 -1.6943 -5.3834 -0.9645 -1.2199 -3.9092 
27.0096 17.4945 -7.1073 -1.2476 6.0776 -1.4617 -2.1290 2.7006 -1.8126 -4.9319 -0.6281 -1.1475 -4.0392 
27.5631 16.7615 -8.8150 -1.0637 7.0180 -1.8396 -2.8597 2.2022 -2.6677 -5.4067 -0.5294 -1.6285 -4.6903 
27.1073 15.7924 -9.5387 -0.4303 8.1293 -1.6350 -3.1155 2.2853 -2.5192 -5.2948 -0.1079 -1.2125 -4.7705 
25.8435 15.6570 -8.5127 -1.2558 6.5882 -1.7780 -2.8445 2.5439 -1.6569 -5.0643 -0.8920 -1.1644 -4.0796 
23.8889 14.1499 -8.3557 -1.0796 6.5032 -1.6246 -3.0109 1.9755 -1.6052 -4.3908 -0.6799 -1.5362 -4.1951 
23.6617 13.7090 -9.1714 -2.1406 5.8717 -1.5922 -2.9258 1.7684 -1.6444 -3.8781 0.1150 -1.0001 -4.1916 
23.2544 13.1317 -9.3140 -1.3816 7.0053 -0.7955 -2.3121 2.5312 -0.8953 -3.3426 0.4721 -0.6905 -3.6591 
24.1292 13.4848 -10.1779 -2.1084 7.0224 -0.6474 -2.3843 2.3356 -1.3300 -4.0548 -0.1646 -0.9975 -3.7803 
29.0364 15.8025 -13.5775 -4.4969 6.4920 -2.3445 -3.9210 2.1867 -2.0208 -4.8673 0.7706 0.1754 -4.0574 
33.3843 18.7643 -14.9178 -6.0209 5.6403 -3.9963 -5.7225 0.6788 -3.9399 -6.4335 0.5877 1.0197 -2.5126 
32.0698 18.7076 -13.0610 -4.6909 7.0723 -1.7568 -4.5757 0.8179 -2.8976 -5.4238 0.0529 0.3535 -2.0793 
33.3155 20.8672 -11.4910 -5.0394 6.6538 -0.5872 -3.1973 1.5058 -2.1570 -4.7780 0.3156 0.9338 -1.4124 
34.4433 24.0487 -7.6396 -4.1078 6.0367 0.1380 -2.3688 1.1775 -2.4432 -5.1691 -1.0919 -0.4213 -2.1139 
34.1999 24.2999 -7.2200 -4.6944 5.1990 -0.4293 -3.3311 0.7115 -1.3625 -4.3196 -2.1405 -2.1048 -2.9301 
34.3042 24.8817 -6.1213 -4.1379 4.6013 -1.3429 -3.7043 0.6361 -1.2704 -3.6504 -1.3778 -2.2216 -3.4595 
34.0048 25.1916 -4.8928 -3.3615 4.3447 -1.7680 -3.6981 0.9044 -0.7710 -3.0752 -1.3588 -2.6785 -3.4601 
35.3123 26.2339 -5.2872 -4.1562 4.3271 -1.1435 -3.1897 1.0117 -1.0678 -3.5371 -1.3262 -2.1125 -3.2925 
35.9649 26.4185 -6.0087 -4.7565 3.9290 -1.7931 -3.9029 0.5433 -1.2055 -3.4768 -1.6606 -2.9498 -3.7150 
35.8546 26.8399 -5.3155 -4.9406 3.4631 -1.8400 -4.3079 -0.1254 -0.9252 -2.7676 -2.0951 -4.1426 -4.0640 
37.3262 27.9858 -5.3997 -4.8389 4.2010 -1.1383 -3.7933 0.3750 -0.6423 -2.7075 -1.9085 -3.7277 -3.4814 
38.5931 28.2076 -6.9088 -5.5995 4.3380 -1.1840 -3.7691 0.2066 -1.6802 -3.5268 -1.6629 -3.5618 -3.8196 
39.5663 28.1362 -8.4730 -6.1330 4.9878 -0.7272 -3.5360 0.0404 -2.8519 -4.5245 -1.1780 -2.6743 -3.6970 
40.9901 28.5972 -9.6207 -6.2005 6.0562 -0.1956 -3.4243 0.1859 -3.1566 -4.8649 -0.6983 -1.9158 -3.4769 
41.8321 28.5780 -10.7909 -6.5150 6.3552 -0.2714 -3.3195 0.4028 -3.6544 -5.4281 -0.6467 -2.1155 -4.2009 
41.9838 28.5374 -11.0844 -6.5387 6.7183 0.1635 -2.9615 0.6464 -3.6141 -5.4078 -0.3020 -1.5727 -3.9496 
41.2119 28.0042 -11.1468 -6.9718 6.3945 0.4578 -2.8842 0.0725 -4.1593 -5.6162 -0.4409 -1.7651 -4.2677 
40.9824 28.0142 -10.5834 -6.2245 7.0616 1.0474 -2.4851 0.1953 -4.0569 -5.2768 0.0941 -1.1641 -3.8314 
40.0350 27.3994 -10.3831 -6.3062 6.8002 1.2492 -2.3945 -0.4695 -4.8837 -5.6024 0.0167 -1.4575 -4.3367 
39.5217 27.0929 -10.0958 -5.7978 7.5219 1.9983 -2.1140 -0.4443 -4.6239 -5.3482 0.1270 -1.0400 -3.7633 
39.0230 26.9182 -9.7391 -5.7954 7.3044 2.1283 -2.0521 -0.8132 -4.8538 -5.2157 0.1802 -0.9774 -3.4131 
38.2668 26.8959 -8.9608 -6.1051 6.5789 2.2849 -2.0567 -1.6328 -5.2239 -4.7747 0.4810 -0.9962 -3.4492 
37.3208 26.7461 -7.9365 -5.6474 6.9002 3.0877 -1.9106 -2.1857 -5.3236 -4.6211 0.4502 -0.7391 -3.0916 
37.5582 26.4475 -8.5594 -5.6098 6.6227 2.0668 -2.0628 -1.1802 -4.7064 -4.8627 -0.0887 -1.3452 -3.5339 
36.5517 25.8218 -8.4397 -5.8083 6.7471 2.9526 -1.7448 -1.8404 -5.2202 -4.8697 0.0548 -1.1202 -3.4585 
36.5990 25.9532 -8.1566 -5.4300 7.0661 3.1595 -1.6041 -1.7277 -5.0619 -4.6332 0.2871 -0.8264 -2.9412 
35.3477 24.9953 -7.9329 -4.9861 7.2467 3.0174 -2.1159 -2.2402 -5.4239 -5.1917 -0.2491 -1.0099 -3.3359 
35.3335 24.9217 -7.6922 -4.0758 7.9838 2.7347 -2.5816 -1.7197 -4.5257 -5.2107 -0.8373 -0.8363 -2.4672 
34.6550 24.3500 -7.6763 -4.1272 7.4030 2.0426 -2.8627 -1.6651 -4.3162 -4.8426 -0.5562 -0.9932 -3.0111 
34.2336 23.7733 -7.7934 -3.3984 8.3704 2.6360 -2.3140 -0.9342 -3.8652 -4.7930 -0.3969 -0.4739 -2.3999 
32.8422 22.5864 -7.5264 -2.5231 8.6348 2.0867 -2.8151 -0.9068 -3.9951 -5.4394 -0.6230 0.0942 -2.1840 
32.5552 21.1457 -8.9617 -1.6346 9.6357 1.1875 -3.0177 0.7472 -3.0509 -5.7557 -0.5622 0.2282 -2.7335 
33.4380 20.2324 -11.4681 -1.9879 9.8325 -0.2812 -3.6110 1.7918 -3.1137 -6.7471 -0.4945 0.7261 -2.5097 
34.9758 19.7270 -14.1813 -2.1762 10.8125 -1.3668 -4.8466 2.1292 -2.6800 -6.4632 0.0208 0.3099 -3.7211 
34.2709 18.5335 -15.2249 -2.4218 10.9387 -1.3225 -4.4122 3.1034 -1.7357 -5.7927 0.5343 0.7382 -3.2041 
33.6970 17.9979 -15.1004 -2.0706 10.7724 -1.4472 -3.7292 3.6801 -1.8184 -5.1843 2.0695 1.3825 -3.8051 
32.9169 17.4072 -14.9495 -1.7785 10.9874 -1.2646 -3.7193 3.6882 -1.5473 -5.0375 1.7250 0.9612 -3.8732 
31.9836 16.3096 -15.0768 -1.0385 10.9812 -2.1796 -3.6504 4.9863 -0.7053 -4.9490 1.8652 0.9418 -4.2558 
31.6252 16.1560 -14.9233 -1.2298 10.3727 -3.0564 -4.7037 4.3051 -0.7722 -5.0420 1.5963 1.1159 -3.7922 
31.8748 16.0186 -15.0960 -0.4939 10.9216 -3.3888 -4.6624 4.9209 -0.6036 -4.9342 2.2715 1.4931 -4.0692 
30.9359 14.7575 -15.7557 -0.3087 11.1359 -3.4740 -4.5876 4.7955 -1.4372 -5.7691 2.0611 1.6383 -3.6781 
30.4201 14.1035 -16.3269 -0.9152 10.5409 -3.7864 -4.4037 5.2487 -1.2009 -5.7352 2.2592 1.7364 -4.1468 
31.2596 15.1398 -15.8337 -1.1984 10.0224 -3.6852 -3.8376 5.5687 -0.8003 -4.6663 3.3418 2.2165 -3.7253 
30.7169 14.1407 -16.7542 -1.3636 10.0347 -4.4004 -4.9726 4.5318 -1.9637 -5.8303 2.8084 1.9961 -4.6122 
31.2263 14.6295 -16.6229 -1.1782 10.5585 -3.8700 -4.7202 4.7561 -1.7477 -6.0751 2.1983 1.7422 -4.3013 
32.9813 16.2274 -16.8009 -2.2676 9.9032 -4.1533 -5.4048 4.1200 -1.4146 -5.2779 2.3975 1.6172 -3.8064 
32.8199 15.8542 -17.7269 -3.5972 9.1807 -4.0262 -5.3362 3.7111 -2.0662 -6.1490 1.5064 1.0678 -4.2827 
31.7318 15.2656 -17.6226 -4.3001 8.7016 -3.3366 -5.1351 2.8513 -2.4452 -6.0503 1.0426 0.7302 -3.8822 
31.7950 16.6143 -15.3940 -3.4518 9.1303 -1.8525 -3.8847 3.3395 -1.4381 -4.7392 1.6379 0.9672 -3.6620 
36.0517 23.4282 -9.6693 -2.1819 8.1075 -1.8193 -3.9967 1.9507 -2.5181 -5.4587 0.0974 -0.4106 -3.6644 
41.6648 27.4270 -11.6402 -5.0108 7.3692 -1.9501 -4.8073 0.6227 -3.7064 -5.8599 -0.0881 -1.3054 -4.3595 
43.9173 28.8903 -12.5596 -5.9112 7.3705 -2.0090 -5.1569 0.3249 -3.8883 -5.7778 0.2220 -1.1141 -4.2268 
45.1776 29.9380 -12.5871 -5.9856 7.8097 -1.4222 -4.7336 0.6707 -3.3921 -4.9910 1.1276 -0.3579 -3.5532 
45.4656 30.0526 -13.0974 -6.7446 7.5675 -1.1245 -4.6610 0.2858 -3.6886 -5.0418 0.9398 -0.6417 -3.5656 
44.7318 29.7345 -13.0451 -7.6393 6.5042 -1.5574 -5.2764 -0.4352 -3.7630 -5.1536 0.3063 -1.0086 -3.7188 
44.7103 30.2666 -12.1816 -7.5315 6.3058 -1.3213 -5.0261 -0.2421 -3.1551 -4.5124 0.5052 -0.8576 -3.3754 
44.3757 30.6637 -11.1240 -7.3832 6.0937 -0.7626 -4.3306 0.0857 -2.6926 -4.0376 0.6650 -0.5520 -2.7393 
42.7241 29.9266 -10.3877 -7.7602 5.3366 -0.2386 -3.6905 -0.0743 -2.9191 -4.4397 -0.1288 -0.8561 -2.5609 
40.6640 29.0553 -8.7981 -7.1257 4.3319 -0.6413 -3.1116 0.2294 -2.9727 -4.4587 -0.3256 -1.0617 -2.3904 
36.0365 25.5847 -8.1319 -6.5362 3.7144 -0.8564 -3.2638 -0.3993 -3.2266 -4.2935 0.0044 -0.1125 -1.6845 
33.8982 23.7646 -8.5689 -7.2752 2.8634 -0.9604 -3.2915 -0.7125 -3.2696 -4.3728 -0.5719 -0.5767 -1.6863 
32.8322 23.6099 -7.4274 -7.2296 2.0573 -0.9522 -2.8527 -0.4193 -2.3916 -3.2447 -0.4800 -1.2506 -2.0936 
31.9357 22.5073 -7.5882 -6.2945 2.6526 -1.2366 -2.9660 -0.4128 -3.1035 -3.9505 -0.2068 -0.6142 -1.8321 
29.8380 21.3264 -6.8479 -6.2230 2.3611 -0.9500 -3.3818 -1.5231 -3.3862 -3.8898 -0.8601 -1.4302 -2.5205 
28.5065 20.3435 -6.3950 -5.4270 2.9455 0.0363 -1.8874 -0.3859 -3.0536 -3.9579 -0.8616 -1.1294 -1.9545 
28.0014 19.9215 -6.2417 -5.1344 2.6508 -0.8178 -2.5254 -0.4744 -3.1135 -4.4310 -1.3485 -0.8726 -0.9979 
26.4625 18.6734 -6.1749 -5.1197 2.0215 -1.3796 -2.7514 -0.8410 -3.5778 -4.4032 -0.8956 -0.7319 -1.2743 
25.8157 18.0088 -6.2532 -4.8488 2.0142 -1.6601 -2.6060 -0.2014 -3.2655 -4.6853 -1.0123 -0.2846 -0.8383 
29.9489 19.5900 -9.1967 -5.3460 3.5135 -2.5851 -3.8555 1.2594 -1.4370 -4.4594 -1.3230 -0.9635 -2.2053 
35.1716 22.0882 -11.5736 -4.7722 5.6933 -3.3927 -4.5748 2.6260 -1.2288 -4.9482 0.1790 0.7517 -1.8930 
33.9961 18.3680 -15.6196 -4.1123 8.3224 -3.2964 -5.0686 3.0087 -2.1749 -6.5507 0.1029 0.7814 -3.0019 
34.9069 19.0422 -15.8118 -4.5048 7.9923 -3.3102 -4.3982 4.0862 -0.9521 -5.0697 1.2768 1.0762 -2.8848 
33.6412 17.4105 -16.7620 -4.6907 7.6886 -4.0337 -4.7565 4.1183 -1.3563 -5.7158 1.1831 1.2115 -3.1724 
33.1007 16.8253 -16.6541 -3.7038 8.7422 -3.8279 -5.2828 3.5872 -1.3812 -5.1559 1.8595 1.4154 -3.2262 
33.0351 16.8653 -15.8838 -2.1989 9.6038 -4.0712 -5.2319 4.5404 -0.5597 -5.0269 1.7676 1.4849 -3.0079 
31.7432 15.6416 -16.2339 -2.4555 9.1316 -4.4515 -5.4106 4.4584 -0.7182 -5.4330 1.4283 1.6858 -2.6690 
31.0845 15.2588 -15.9546 -2.3151 8.9705 -4.8064 -6.2402 3.3867 -1.2613 -5.4123 1.3139 1.0770 -3.5368 
31.0899 15.1693 -15.6531 -1.2032 10.0049 -4.1549 -4.9637 5.2049 -0.1041 -4.8791 2.1136 2.1062 -2.8912 
30.9295 14.5443 -16.7336 -2.0324 9.5918 -4.6041 -5.6398 4.5139 -0.5805 -5.1579 1.7895 1.7324 -2.9540 
30.5528 14.4423 -16.1343 -1.5124 9.2995 -5.1819 -5.6718 4.5685 -1.2732 -6.1071 1.4763 1.7453 -3.3019 
30.5498 14.6521 -15.5709 -0.8161 9.9814 -4.5207 -5.0642 5.2279 -0.3169 -4.9215 2.4970 2.4145 -2.8981 
29.6864 13.7332 -16.3727 -1.8179 9.5412 -4.3803 -5.4595 4.4358 -0.6115 -5.1984 1.6345 1.6262 -3.1543 
30.4838 14.5906 -16.0134 -1.5838 10.0195 -4.0099 -5.5626 4.4531 0.0661 -4.5457 1.6419 1.6072 -2.7607 
30.2913 14.2921 -16.3377 -1.8991 9.7300 -4.1616 -5.4406 4.6919 0.1622 -4.4404 2.0016 1.9640 -2.7168 
29.8197 13.9174 -16.4365 -2.1076 9.6472 -3.9112 -5.1944 4.8781 0.4780 -4.2405 1.9400 1.9899 -2.5131 
29.7414 13.9445 -16.4278 -2.4703 9.2085 -4.0251 -5.1846 4.7275 0.1648 -4.7045 1.3930 1.4065 -3.3441 
29.4680 14.6544 -15.0098 -2.4666 8.5477 -3.9272 -5.2513 4.0865 0.0002 -4.6581 0.8907 1.1544 -2.8014 
29.1304 14.8166 -14.5089 -2.9244 7.8233 -3.7570 -4.9489 3.8008 -0.1818 -4.6214 0.5415 0.8852 -2.3405 
28.2363 14.3518 -14.3287 -3.2326 7.6774 -3.4791 -5.3962 3.0156 -0.1509 -4.4687 0.2113 0.8183 -2.2306 
26.9306 13.9239 -13.1179 -2.7734 7.0294 -3.7199 -5.0836 3.1766 0.0333 -4.0539 0.4127 0.5927 -2.6499 
25.1684 13.1619 -12.1603 -2.8997 6.2755 -3.3853 -4.6442 2.9093 0.0037 -3.9754 -0.1515 0.0635 -2.6439 
23.1928 12.4372 -10.9362 -2.9266 5.8922 -2.4552 -3.9359 3.0919 0.9355 -3.3800 -0.7538 -0.1373 -2.2097 
22.5577 12.6283 -9.4371 -2.1454 5.3276 -2.9430 -3.8595 2.6914 -0.1065 -3.9155 -0.3231 0.3687 -2.5431 
22.2462 13.3410 -7.7666 -1.7574 4.7004 -3.0807 -4.0427 1.8799 -0.4454 -3.4943 -0.2667 -0.1019 -2.8102 
21.0567 12.4578 -7.9681 -2.5127 4.0264 -2.8405 -3.8240 1.5814 -0.5518 -3.3896 -0.2095 0.3732 -2.0154 
20.0051 11.7399 -7.7389 -2.5338 3.6139 -2.8285 -3.4679 1.5930 -0.8736 -3.6638 -0.4705 0.0288 -2.1974 
19.6902 11.8258 -7.0618 -2.1231 3.7555 -2.4720 -3.2180 1.3776 -1.0859 -3.6301 -0.7272 -0.7231 -2.9818 
19.7170 12.5252 -6.0109 -2.0771 3.4383 -1.9995 -2.6313 1.4290 -0.8737 -2.9045 0.1556 0.3109 -1.7866 
19.1933 11.5422 -7.1364 -2.9133 2.7009 -2.7015 -2.7262 2.0994 0.1752 -1.6977 1.0776 0.3981 -1.9470 
20.3303 12.2580 -7.2599 -2.1808 4.1406 -2.1415 -3.2152 1.4782 -0.4054 -2.5360 0.1760 -0.1461 -2.1692 
19.6226 12.5253 -5.9298 -2.3039 2.8135 -2.6716 -2.9699 1.6299 -0.2146 -2.3811 -0.1696 -0.7549 -2.6978 
18.9337 11.7563 -6.3440 -2.4552 2.9921 -2.1592 -2.5872 1.3124 -1.2014 -3.3200 -0.3678 -0.2452 -1.9801 
19.3509 12.3861 -5.7287 -2.1296 2.9912 -1.9584 -1.8573 2.1736 -0.5134 -2.6410 0.2901 0.2291 -1.6753 
18.6546 11.8345 -5.8001 -2.3121 2.7105 -2.2827 -2.5221 1.3095 -1.3705 -3.7893 -1.0966 -0.8946 -2.4427 
18.5823 11.5400 -6.3798 -2.7738 2.7393 -2.0278 -2.5874 1.0457 -1.1085 -2.7845 0.0606 -0.1538 -2.2465 
18.7387 11.3862 -6.4680 -1.8709 3.8456 -1.5452 -2.1736 1.3666 -1.6480 -3.7320 -0.2572 0.2285 -1.5371 
17.6795 10.7831 -6.1029 -1.9314 3.4264 -1.5814 -2.1425 1.4007 -0.9232 -2.5240 0.4847 0.3529 -1.5575 
17.6286 10.9617 -5.9074 -2.2294 3.2604 -1.0545 -1.6006 1.5746 -0.5724 -2.0967 0.2845 -0.2833 -1.9190 
18.0774 10.8895 -7.0507 -3.2863 3.1839 -0.7426 -2.0215 0.2558 -1.8722 -2.4657 0.7166 -0.0321 -2.2990 
18.5608 10.4652 -8.6769 -3.9110 4.0041 -0.3127 -2.6297 -0.0761 -1.1617 -1.4376 1.1346 -0.2677 -2.2437 
16.7475 9.6032 -6.9815 -2.4198 3.4606 -1.2061 -2.0048 1.2102 -0.7705 -1.9036 0.6987 -0.1069 -1.6729 
33.3094 19.6202 -13.7028 -5.7396 7.2028 -0.6357 -4.0200 0.5429 -2.7062 -4.5005 0.4963 -0.1130 -2.7556 
37.8684 21.7628 -15.6271 -4.7533 9.2045 -2.3068 -6.0838 0.9221 -2.6588 -5.2131 1.0815 0.8616 -2.4086 
35.1363 18.6539 -17.4481 -5.7304 8.9818 -1.9882 -5.9277 0.9022 -2.3889 -5.0202 0.7311 0.5440 -2.1719 
35.7705 19.7015 -16.4043 -5.1459 9.3246 -1.2913 -4.9389 1.5437 -2.4636 -5.5472 0.3569 0.6221 -1.9712 
33.8118 18.2462 -16.5146 -5.9396 8.3532 -1.1214 -4.8259 0.5442 -3.3455 -5.4902 0.6279 0.6404 -2.1796 
34.0049 19.6659 -14.2405 -5.0580 8.3425 -0.3232 -3.6519 1.2808 -2.7993 -5.1959 0.5238 0.5459 -2.2639 
33.0852 18.9139 -14.4623 -5.5855 7.5959 -1.0795 -4.5727 0.7500 -2.5871 -5.1169 0.1115 0.3214 -2.3793 
32.4227 19.0462 -13.5397 -5.7763 7.1001 -0.4471 -3.7975 0.8417 -2.5081 -5.0439 -0.2055 0.0417 -2.5965 
31.8494 20.0128 -10.6578 -3.8903 7.9466 1.0055 -2.2095 1.7514 -1.8601 -4.5379 0.2504 1.0107 -1.5246 
33.2680 22.8363 -7.8470 -3.0670 8.0382 1.5562 -2.7006 0.0827 -3.1485 -5.7130 -1.3489 0.0474 -1.7842 
35.1948 24.9159 -7.3705 -3.9878 7.0428 1.2025 -3.1612 -1.0102 -3.9814 -5.6174 -1.2687 -0.7531 -2.6015 
36.5721 26.2964 -7.3649 -4.9005 6.8345 2.2903 -2.1488 -1.0205 -4.0363 -4.9039 -0.6198 -0.7768 -2.4234 
37.2726 26.8802 -7.5708 -5.5615 6.3030 2.1611 -2.1378 -1.1555 -4.0684 -4.6922 -0.7208 -1.3952 -2.8316 
37.8448 27.0778 -8.1609 -6.0587 6.1701 2.1316 -2.1355 -1.2470 -4.2980 -4.7883 -0.6594 -1.3570 -2.6830 
37.5911 27.1846 -7.8055 -6.2550 6.0268 2.5441 -1.9895 -1.6054 -4.4888 -4.8450 -0.8929 -1.4926 -2.6585 
37.7238 26.9871 -8.0719 -5.9318 6.0992 1.9816 -2.1366 -1.3027 -4.6369 -5.1835 -0.9448 -1.6785 -2.9343 
37.1264 26.6546 -8.0354 -6.3391 5.6761 1.9121 -2.4011 -1.7004 -4.8424 -5.6387 -1.5866 -1.8794 -3.0711 
38.0623 27.3773 -7.7922 -5.7163 6.1762 2.0279 -1.8727 -0.9322 -4.3958 -4.9368 -0.6253 -1.6048 -3.1364 
38.0221 27.5533 -7.5043 -5.6848 6.3446 2.5477 -1.6176 -1.1278 -4.4845 -4.7421 -0.4154 -1.4339 -2.9105 
38.5110 27.3376 -8.5213 -6.0198 6.2278 1.7607 -2.2338 -1.0113 -4.3236 -4.8594 -0.6805 -1.8515 -3.2857 
38.9197 27.6641 -8.6038 -6.1299 6.3692 1.9156 -2.2276 -0.8985 -4.0490 -4.6660 -0.5456 -1.6977 -3.2941 
38.4370 27.6166 -8.1284 -6.2128 6.1201 2.2395 -1.9390 -1.1634 -4.3880 -4.7829 -0.6575 -1.9491 -3.5749 
38.6091 26.9696 -9.2485 -6.1610 6.2567 1.1585 -2.8963 -1.0412 -4.1794 -5.0920 -1.1687 -2.3781 -3.8232 
36.9693 26.8369 -7.4878 -6.2145 5.5419 2.3072 -1.7625 -1.5430 -4.6864 -4.8320 -0.8879 -2.0949 -3.5120 
37.6772 27.1342 -7.7929 -5.9093 6.0285 2.0332 -2.0935 -1.1121 -4.0913 -4.7173 -0.9808 -2.0160 -3.3381 
37.0705 27.0998 -7.0489 -5.7213 5.9613 2.5326 -1.5593 -1.0449 -4.1744 -4.7886 -1.0059 -1.8877 -3.1679 
37.1217 26.8748 -7.2367 -5.3752 5.9390 1.8283 -1.8188 -0.6325 -3.8401 -4.5972 -0.8513 -1.9374 -3.2197 
36.3969 26.0816 -7.5110 -5.4663 5.3350 0.8323 -2.3294 -0.5743 -4.0886 -5.4530 -1.6752 -2.3665 -3.6480 
34.6096 25.2525 -6.2502 -4.6095 5.3055 0.8215 -2.4030 -0.4737 -3.3969 -5.0563 -1.9778 -2.4594 -3.5980 
33.8253 24.4747 -5.8763 -3.1798 6.2549 0.8810 -1.9173 0.4742 -3.2681 -5.3433 -1.2144 -0.9554 -2.7364 
33.1827 22.5718 -7.5697 -2.4858 6.6929 -0.6908 -2.4220 1.7896 -2.8836 -5.6210 -0.4012 -0.2826 -3.1720 
32.5582 20.7249 -8.9986 -1.1810 8.0356 -1.2383 -2.3900 2.7168 -3.0488 -6.0879 -0.3946 -1.1179 -4.2061 
31.2697 19.8789 -8.4679 -0.1148 9.4800 -0.1887 -2.6999 2.1447 -2.9873 -6.5123 -1.0503 -0.4265 -3.2613 
31.0730 20.0890 -8.1311 -1.0679 7.5775 -1.3228 -2.6012 2.6627 -2.5402 -6.2356 -1.1048 -0.7214 -3.4838 
29.0438 18.2793 -8.4609 -1.1496 7.5463 -0.9853 -2.4082 2.6056 -2.1563 -5.4318 -0.6290 -0.8564 -3.9023 
28.6872 17.8089 -8.7105 -0.9590 7.9743 -0.8171 -2.4388 2.9346 -1.5519 -5.2165 -0.7937 -0.8243 -3.6582 
27.2684 16.7092 -8.6898 -1.1310 7.3531 -1.5285 -3.4741 1.7847 -2.2813 -5.9820 -1.8928 -1.3379 -3.3899 
26.4481 16.5506 -7.9013 -1.0477 7.1601 -0.7854 -2.5117 2.0403 -2.1138 -5.1481 -0.6406 -0.5161 -3.5295 
24.8538 14.9100 -8.8956 -2.2643 6.1563 -0.8729 -2.6236 1.1399 -2.7016 -4.7783 -0.4815 -1.0317 -3.6218 
25.1959 14.6475 -9.4668 -1.5187 7.3616 -0.7489 -2.8898 1.3250 -2.6318 -4.8805 -0.1089 -0.4240 -3.3842 
26.1002 14.3515 -11.1514 -1.7983 7.9986 -0.8964 -2.8197 2.3036 -2.0539 -4.8725 0.2209 -0.1325 -3.5532 
33.0248 18.7296 -14.4234 -5.1741 7.5360 -1.5481 -4.1367 2.0841 -1.6457 -4.7290 0.6196 0.6729 -2.9796 
33.0455 19.6046 -12.7286 -4.3676 7.1565 -2.0774 -4.5641 1.4161 -2.5281 -5.6659 -0.0239 0.9752 -1.7247 
34.4314 22.8209 -9.6450 -4.4128 6.5955 -0.5329 -3.3800 1.0975 -2.5021 -5.7099 -1.2814 -0.3329 -2.5351 
35.7097 25.8585 -6.5680 -4.5812 4.8438 -0.8270 -3.1570 1.0633 -1.3633 -4.3316 -1.9930 -1.9378 -2.4001 
35.1518 25.7809 -6.2435 -5.5574 2.7638 -2.5106 -4.0947 0.4397 -1.8889 -4.9403 -2.6943 -2.6194 -3.2545 
34.3779 25.5440 -4.8721 -4.0732 2.3816 -4.0279 -4.6637 0.8453 -1.4118 -4.3275 -2.3261 -3.1423 -3.8248 
34.4629 26.4912 -3.2924 -3.4255 2.5348 -3.1268 -3.4115 1.8054 -0.4652 -3.3061 -1.3737 -2.1453 -2.9732 
33.1549 25.9717 -2.4265 -3.2672 2.1243 -3.2226 -4.0158 0.7004 -0.6695 -2.9028 -1.8438 -3.3696 -3.8148 
34.2000 25.6513 -4.2052 -3.2203 3.2607 -3.1593 -4.1544 0.8706 -1.3277 -3.7928 -1.8042 -3.1797 -4.0877 
34.0727 25.9902 -3.3898 -2.6506 3.9620 -2.0387 -3.3706 1.2190 -0.7403 -3.1633 -1.6490 -3.1576 -3.7885 
35.0396 26.2744 -4.7426 -4.1095 3.3272 -2.4309 -3.9511 0.7576 -1.0200 -3.6640 -2.6116 -4.2708 -4.2306 
36.9505 26.9935 -6.3256 -4.7138 4.3194 -1.5720 -3.5343 1.0135 -1.2057 -3.9038 -2.2827 -3.5698 -3.5359 
37.1653 27.2101 -6.6680 -5.5842 4.0612 -0.9468 -3.1914 0.5969 -1.8577 -4.4822 -2.4583 -3.1297 -3.2219 
39.0830 27.9439 -7.8298 -5.1648 5.8204 0.0082 -2.5946 1.1101 -2.4526 -5.0541 -1.3218 -1.6036 -2.8726 
39.4529 28.0204 -8.3665 -5.4339 6.3743 0.7436 -2.4344 0.8613 -2.7052 -5.2712 -1.3246 -1.2592 -2.7423 
39.7265 27.5103 -9.5570 -5.7838 6.3615 0.3689 -2.5923 0.4786 -3.9255 -6.0303 -1.0267 -1.2819 -3.3451 
40.1470 27.6379 -10.0042 -5.8171 7.1666 1.1356 -2.5573 0.0623 -4.5108 -6.5394 -0.7948 -0.4327 -3.0057 
40.3568 27.8096 -10.1907 -6.0002 7.7739 2.1070 -2.4834 -0.5948 -4.6972 -6.1002 -0.3519 -0.2158 -3.0544 
39.8662 27.2495 -10.4560 -6.1817 7.3553 1.6516 -2.6360 -0.5566 -4.5598 -5.8579 -0.4172 -0.7846 -3.6238 
39.3769 27.2972 -9.8316 -6.1595 7.3851 2.3387 -2.3005 -0.9070 -4.6892 -5.6001 -0.0713 -0.2795 -3.2191 
39.4652 26.6143 -10.9375 -6.0283 7.9253 1.7082 -3.4453 -1.5046 -5.0049 -5.9408 -0.2455 -0.2373 -3.1998 
38.5996 26.6965 -9.4895 -5.3233 8.1432 2.8170 -2.2706 -1.3886 -5.1862 -5.5919 0.2755 0.0467 -2.9655 
38.2722 26.3836 -9.7977 -5.9656 7.4831 2.4617 -2.6356 -1.8374 -5.3199 -5.5963 -0.1457 -0.4842 -3.0371 
37.2409 26.0722 -8.7825 -5.3300 7.7128 3.0582 -2.2757 -2.1031 -5.4014 -5.2094 0.2273 -0.1991 -2.6508 
37.0110 26.3370 -8.0230 -5.1861 7.4716 3.2936 -1.8397 -1.8424 -4.8904 -4.5341 0.3980 -0.3230 -2.4737 
36.0790 25.5770 -8.0911 -5.3481 7.0941 2.9649 -2.2242 -2.2590 -5.2502 -5.1086 -0.3498 -0.8496 -2.9649 
35.1825 25.2767 -7.1042 -4.4320 7.4678 3.1762 -2.0410 -1.8318 -4.4451 -4.5435 -0.3080 -0.7044 -2.4656 
34.3949 24.4235 -7.3054 -4.2206 7.4002 2.9092 -1.7587 -1.0572 -3.9764 -4.5843 -0.4051 -0.6691 -2.6028 
32.6819 23.5809 -6.1140 -3.6335 6.4101 1.8980 -1.8995 -0.8977 -4.0698 -5.0391 -0.9863 -0.8399 -2.2551 
31.7342 21.6816 -7.5536 -2.9194 7.5452 1.8158 -1.7435 -0.2021 -4.5436 -6.0721 -0.7200 -0.0104 -2.2812 
31.4988 19.8312 -9.8611 -2.4658 8.4942 0.5185 -2.6172 1.0521 -3.6585 -6.2585 -0.3907 0.3847 -2.7228 
32.2304 19.5389 -10.9331 -2.0183 9.0015 -0.3576 -3.0669 1.5084 -3.6764 -6.4400 -0.3688 -0.2310 -3.4587 
30.3714 18.2839 -10.1989 -1.1625 9.1813 -0.0811 -2.5763 1.6874 -3.6563 -6.1331 0.0666 -0.1366 -3.7503 
27.1116 17.2065 -7.9049 -1.4129 7.3185 0.1121 -1.9620 1.3412 -3.3701 -5.6813 -0.1532 0.5053 -2.5516 
24.4736 15.7736 -7.0004 -1.8215 6.1660 0.4095 -1.4408 1.3003 -2.5654 -4.5500 -0.1636 0.3417 -1.8178 
22.9905 14.6309 -7.0239 -2.1327 5.6648 0.6957 -0.7725 1.4949 -2.6861 -4.5766 -0.1750 0.1076 -2.3613 
22.8187 14.5362 -6.6786 -1.5348 5.7177 -0.0850 -1.7016 1.1035 -2.5123 -4.3505 -0.4843 -0.6359 -2.8949 
24.1601 14.1604 -8.8628 -1.3608 6.9347 -1.0059 -2.8034 1.9141 -1.7200 -4.4619 -0.0601 0.0393 -2.9567 
27.9053 14.4360 -13.4038 -2.3751 8.2192 -2.1197 -3.4967 3.1933 -1.6935 -5.0160 0.9865 0.5994 -3.6690 
30.1308 17.3239 -12.4035 -4.1977 6.0062 -2.7969 -3.8341 2.6206 -1.5376 -4.6094 0.7671 0.6121 -2.8502 
26.9603 15.3461 -11.1212 -3.2011 6.0068 -2.2956 -3.4779 2.1129 -1.6774 -4.0673 0.8914 0.2238 -3.3171 
28.7059 19.9048 -5.5389 -1.3886 5.1054 -2.5721 -3.9244 0.8518 -2.2173 -4.2699 0.0877 0.0626 -2.4349 
31.6789 24.0486 -2.2669 0.2399 5.7666 -2.5112 -5.3373 -1.4867 -3.2548 -3.7351 0.2493 -0.5302 -2.2178 
33.8244 25.4313 -3.0793 -0.4004 6.1080 -2.1650 -5.6159 -2.3881 -3.8658 -3.0794 1.0958 -0.8349 -2.4369 
33.7792 25.3589 -3.5815 -1.3938 5.6268 -2.0161 -5.9816 -3.3191 -4.4194 -3.3073 0.6507 -1.3392 -2.7059 
33.5058 25.0274 -3.7024 -1.2971 5.7219 -1.9587 -5.8861 -3.3283 -4.4904 -3.1131 0.9492 -1.4380 -2.9990 
33.6559 25.3875 -3.3133 -1.0492 6.2096 -1.2182 -5.3047 -2.7940 -4.0126 -3.2273 0.5227 -1.3880 -2.8069 
34.0108 25.7980 -2.8862 -0.4764 6.5218 -1.4037 -5.5353 -2.7470 -3.9060 -3.1747 0.7386 -0.9178 -2.3274 
33.2815 25.4865 -2.6130 -0.7655 6.2204 -1.0377 -5.3933 -3.2128 -4.2090 -3.2175 0.5103 -1.2688 -2.5803 
35.9775 26.0264 -5.4117 -1.6680 6.5330 -2.3526 -5.9727 -1.4599 -3.0425 -3.7737 0.1343 -1.0355 -2.6432 
33.1067 24.7589 -3.5057 -0.8772 6.2354 -1.4355 -5.3584 -2.8471 -4.5235 -3.7461 0.5191 -1.3641 -2.8430 
34.9122 25.7550 -4.3922 -1.3409 6.3143 -2.0754 -6.0024 -2.3650 -3.6042 -3.3493 0.5604 -1.2824 -2.8821 
35.2822 26.4089 -3.7227 -1.1002 6.1547 -2.0994 -5.6641 -2.0874 -3.6912 -3.3414 1.0426 -0.7922 -2.5831 
35.7377 26.0467 -5.2329 -2.3251 5.1612 -3.3590 -6.4957 -2.3469 -4.2112 -4.2107 0.2079 -1.6293 -3.3662 
36.9267 27.3640 -4.6384 -2.2071 5.1942 -3.1688 -5.8626 -1.0383 -2.5940 -3.0394 0.8506 -0.9244 -2.5149 
36.6583 27.2941 -4.6456 -2.8824 4.2556 -3.7570 -6.3504 -1.3472 -2.2811 -2.7404 0.3627 -1.6373 -3.0071 
36.4244 27.9339 -3.2278 -2.7167 3.4218 -3.7344 -5.4900 -0.6607 -1.4695 -1.5920 0.6711 -2.5108 -3.4276 
36.4744 27.7939 -3.4749 -2.6833 3.3864 -4.1652 -5.6228 -0.0335 -0.8687 -1.6424 0.3088 -3.0371 -4.2036 
36.2260 27.4978 -3.8315 -3.1196 3.4051 -3.4877 -4.9322 0.2108 -0.9393 -1.9805 -0.1796 -3.3305 -4.5488 
37.2116 27.6991 -4.9146 -3.4653 3.7827 -3.8051 -5.5719 0.3288 -0.5513 -2.1122 -0.3031 -2.8470 -4.1448 
36.1378 27.5216 -3.9436 -3.8403 2.6135 -3.6890 -4.8173 0.3187 -0.7352 -1.8607 -0.3353 -3.4412 -4.5071 
37.6093 27.9089 -5.0922 -3.8040 3.1847 -3.8818 -4.5984 0.9184 -1.0707 -2.3222 0.0514 -3.0723 -4.4582 
36.9135 27.8744 -4.3869 -3.9957 2.6838 -3.6329 -4.2670 0.9584 -1.0396 -2.7455 -0.7248 -3.2413 -4.2350 
36.2839 27.2079 -4.4304 -3.4538 3.1965 -3.4980 -4.2168 0.9278 -1.5443 -3.4187 -0.9179 -3.1368 -4.1270 
36.0788 26.6460 -5.0364 -3.4152 3.4505 -3.8155 -4.6313 1.2702 -0.8553 -3.3300 -1.2084 -2.8950 -3.6420 
34.4372 25.2965 -4.6470 -2.3168 4.1314 -3.5734 -4.3265 1.7697 -0.4182 -3.1289 -1.0747 -2.5223 -3.1172 
32.7053 23.2880 -5.6915 -2.3331 4.7741 -3.1591 -4.4583 1.6456 -0.6898 -3.8292 -0.9144 -1.1979 -3.1253 
35.6287 23.1492 -9.8155 -2.7919 7.1889 -3.0597 -5.3012 2.1484 -0.7389 -4.6588 -0.6671 -0.4191 -2.8408 
36.6153 22.5188 -11.8548 -2.3135 9.0116 -2.7111 -5.1643 3.0619 -0.5304 -5.0269 -0.5158 -0.3285 -3.0701 
37.3722 21.8517 -13.9262 -2.3223 10.4795 -2.7387 -6.2306 2.8764 -0.0851 -4.6084 0.0632 0.1045 -3.0548 
36.4858 20.8078 -14.4060 -2.0840 11.2109 -2.1248 -6.1964 2.6023 -0.0344 -4.1529 0.4531 0.1736 -3.2256 
36.2325 20.4331 -14.5542 -1.9954 10.9785 -2.4836 -5.9531 3.0548 -0.1316 -4.5598 0.0398 -0.3249 -3.4214 
34.7803 18.9129 -15.0312 -2.0363 10.4874 -3.2550 -6.1315 3.4604 -0.0254 -4.9791 -0.2821 -0.3872 -3.7244 
34.8586 18.6573 -15.8790 -3.0459 9.8638 -3.1337 -5.6849 3.2386 -0.7283 -4.7928 0.8760 0.3729 -3.7414 
33.3236 17.3258 -15.8480 -2.5959 10.2112 -2.6092 -5.1664 3.3770 -0.5108 -4.1495 1.3518 0.5499 -3.1529 
32.7943 16.4321 -16.7052 -3.1262 9.5245 -3.5240 -5.1999 4.3599 -0.1145 -4.8028 0.9774 0.5808 -3.7621 
32.4148 16.1194 -16.2747 -2.0063 10.3445 -3.5478 -5.5714 4.0253 -0.4237 -4.9439 1.0354 0.6318 -3.7760 
31.6709 15.5817 -16.1469 -2.1465 9.4336 -4.8088 -6.8106 2.6324 -2.1056 -6.4346 0.4763 1.0793 -3.0750 
31.8479 16.0246 -15.8959 -2.5860 9.1941 -4.1221 -5.9074 3.1751 -1.6788 -5.9994 0.8870 1.4180 -3.0546 
30.1843 15.3353 -15.3914 -3.8742 7.4984 -3.8762 -5.3945 2.6564 -1.7672 -5.5957 0.5483 0.8666 -3.1308 
30.0631 16.9637 -12.2695 -2.4599 8.0125 -2.2795 -4.1464 2.7660 -1.0559 -4.2271 1.2877 1.5692 -1.7835 
36.6535 24.4253 -8.7779 -2.0612 7.4318 -2.9109 -5.2318 1.3124 -1.8532 -4.4143 0.0596 -1.1077 -3.8668 
41.1530 27.7341 -10.1224 -4.1130 7.0584 -2.5487 -5.0740 1.0691 -2.3237 -4.3175 0.8390 -0.5864 -3.6682 
41.5812 27.9722 -10.9683 -5.8926 5.7295 -2.7184 -5.0651 0.4671 -2.9527 -4.3409 1.1177 -0.5076 -3.7201 
42.1951 28.6000 -11.0860 -6.5293 5.6301 -2.2463 -5.0561 0.0239 -3.0869 -4.3543 0.8200 -0.7893 -3.9353 
42.3247 29.2450 -10.4576 -6.8807 5.2838 -1.9246 -5.0691 -0.3655 -2.9967 -4.0831 0.8485 -0.7041 -3.8447 
41.1104 28.4687 -10.1123 -6.9335 4.5736 -2.3901 -5.1637 -0.4922 -3.2442 -4.4254 0.6085 -0.5731 -3.6997 
40.7141 28.7056 -9.2298 -6.6402 4.8148 -1.6421 -4.5904 0.1355 -2.0337 -3.5363 0.7858 -0.3062 -3.4457 
41.3582 28.5898 -9.9385 -5.9262 5.8995 -1.9649 -5.1657 0.4597 -1.7641 -3.6334 1.0948 0.1573 -3.4446 
39.9648 28.7917 -8.0002 -6.1974 4.6421 -1.2545 -4.1761 -0.0603 -2.2800 -3.6011 0.6683 -0.3181 -3.4441 
38.6876 28.4415 -6.7887 -5.8092 4.2172 -1.1538 -4.0711 -0.4762 -2.3589 -3.3253 0.4637 -0.7571 -3.5563 
35.0990 25.9486 -5.8798 -5.1407 3.8880 -0.7955 -3.6106 -1.0394 -3.1129 -3.7792 -0.2440 -1.4206 -3.8701 
33.4660 24.5872 -5.5809 -4.5506 3.2798 -2.0034 -3.7892 -0.0487 -2.1961 -3.6642 -0.5301 -1.3547 -3.3098 
33.7651 24.4642 -5.4830 -2.7723 5.3511 -1.0339 -2.6732 1.6854 -1.1996 -3.3079 0.2723 -0.6680 -3.5656 
33.8275 23.9118 -6.2032 -2.0503 6.6179 -1.2442 -3.8898 1.0898 -1.2249 -3.4403 0.3058 -0.2005 -3.0096 
32.5528 23.0497 -5.9596 -2.3076 5.6588 -1.6353 -3.5803 1.1007 -1.6846 -3.7511 0.2221 -0.5145 -3.7272 
34.6975 25.6234 -5.1293 -3.3605 4.8199 -1.4631 -4.1867 -0.5194 -2.2348 -2.9275 0.5574 -1.2250 -4.1524 
35.2063 26.0986 -4.9581 -3.1683 5.1143 -1.1453 -3.9890 -0.5870 -2.2859 -2.7547 0.4193 -1.6966 -3.8532 
35.9240 26.2018 -6.0624 -4.0715 5.1682 -0.4483 -3.3320 -0.5396 -2.3849 -2.1660 1.0929 -1.8721 -4.3215 
36.6065 25.8631 -7.1734 -3.5061 6.3564 -0.1361 -2.9164 -0.2681 -3.3008 -2.7592 1.7865 -1.5923 -4.7324 
34.1518 25.6209 -4.3870 -3.2522 4.7356 -0.2559 -2.5950 -0.4612 -2.9454 -2.6154 1.4158 -0.8870 -3.9651 
31.8260 23.9437 -3.8709 -2.7028 4.7541 0.1057 -2.0153 -0.0558 -2.6791 -2.8656 0.6141 -1.2905 -3.6602 
31.4023 23.6823 -3.5614 -2.0203 5.6034 0.6190 -2.1711 -0.2203 -2.2423 -2.4018 0.4722 -1.7218 -3.9517 
30.8134 22.5035 -4.6461 -2.3172 4.9901 -0.8285 -2.9108 0.0754 -2.5583 -3.5748 -0.2108 -1.7360 -4.2198 
29.7363 22.6125 -2.7107 -1.1405 5.3399 0.0512 -2.1477 0.0500 -2.4477 -3.0226 0.2160 -1.2886 -3.5854 
28.9850 21.7706 -2.9463 -0.7797 5.6724 -0.1760 -2.6186 -0.1965 -2.7757 -3.6896 -0.1050 -0.8254 -3.1469 
27.7762 20.5006 -3.1006 0.0816 6.5555 -0.0570 -2.8173 0.3272 -1.3808 -2.4448 0.1306 -1.1980 -3.1886 
26.2540 19.4767 -2.7117 0.1105 5.9361 -0.1529 -2.5387 -0.1266 -2.4814 -3.2694 -0.0119 -0.6789 -2.2546 
25.7343 18.4732 -3.7919 -0.1834 6.3848 0.1467 -2.4457 0.4667 -1.5292 -2.7662 -0.0787 -1.0101 -2.8066 
24.7053 17.8050 -3.4874 0.0087 6.4566 0.6594 -1.8502 0.7460 -1.3671 -2.7874 -0.4530 -1.4198 -3.1219 
24.2488 17.3770 -3.8172 -0.9199 4.8063 -0.8849 -2.4356 0.9608 -1.3402 -3.3389 -0.8744 -1.3898 -3.3482 
23.5031 16.7250 -3.9155 -0.7608 5.4824 0.3178 -1.5440 1.1887 -1.1105 -2.6582 -0.0813 -0.9621 -3.3578 
24.0187 17.0593 -4.1082 -1.0921 5.1182 0.2514 -1.0629 1.5245 -1.2764 -2.6013 0.2048 -1.1321 -3.3658 
22.6771 15.8337 -4.2668 -0.9186 4.9981 -0.3754 -1.8171 1.4679 -0.7959 -2.6083 -0.1332 -0.8710 -2.7639 
21.1033 14.1054 -5.2277 -1.4865 4.8035 -0.2259 -1.5178 2.0285 -0.1518 -2.3431 0.2298 0.1470 -2.1296 
21.6258 14.4226 -5.2812 -1.5533 4.2826 -0.8058 -1.4391 1.6313 -1.7800 -3.6015 0.0804 -0.0774 -2.4853 
25.2319 15.3559 -9.0486 -3.4700 4.9956 -0.1955 -0.7714 2.0302 -2.2119 -2.8932 1.8021 0.1540 -2.8323 
26.8694 16.1474 -10.2342 -4.1535 5.5991 0.1770 -1.0313 2.1222 -1.6686 -2.4700 2.1533 0.5198 -2.7960 
19.9976 12.6366 -6.3823 -2.5102 3.5285 -1.3859 -2.4506 0.3784 -2.4584 -3.9935 -0.8035 -1.0886 -3.0300 
21.1474 13.5973 -6.5217 -2.5605 4.6693 0.1710 -1.5795 1.0674 -1.3128 -2.9468 -0.2609 -0.7706 -2.7111 
19.9170 12.8788 -5.6053 -1.5312 4.5579 -0.4467 -1.5680 1.8287 -0.3048 -2.1952 -0.0202 -0.6632 -2.3156 
19.3302 12.1451 -6.0153 -1.6562 4.4294 -0.3710 -1.0038 2.2030 -0.7126 -2.6348 0.0927 -0.7201 -2.8158 
18.4690 11.6277 -5.7108 -1.6611 3.9305 -0.7766 -1.3120 1.8354 -0.9611 -2.7240 0.2148 -0.2337 -2.4509 
18.2302 11.4967 -5.5850 -1.5561 3.9056 -0.9886 -1.6275 1.8986 -0.3229 -1.9906 0.8119 0.5270 -1.5302 
17.8371 10.8465 -6.3379 -2.1771 3.5977 -1.0096 -1.5631 1.6901 -0.9594 -2.6349 0.4804 0.0360 -2.5048 
17.3978 10.6005 -6.0485 -1.8087 3.7746 -1.1707 -2.0010 1.6298 -0.3683 -2.2098 0.3480 0.0804 -2.1590 
17.4621 10.5265 -6.3600 -2.3738 2.8298 -2.0601 -2.3230 1.4742 -0.7582 -2.5098 0.1076 -0.4272 -2.4289 
17.7591 10.8255 -6.5681 -3.0574 2.5551 -1.5643 -1.9184 1.2036 -1.2637 -2.8212 0.0144 -0.2491 -2.0786 
17.3026 9.6917 -8.1167 -3.9913 2.2161 -2.1694 -2.8153 0.5986 -1.5371 -3.0607 -0.2229 -0.4141 -2.1855 
17.2139 10.3753 -6.4653 -2.7239 2.7960 -1.4601 -1.7678 1.5419 -0.9575 -2.8217 -0.1758 -0.4954 -2.4174 
16.7989 9.8745 -6.7952 -2.8392 2.9485 -1.2710 -1.9902 0.8866 -1.5930 -3.2067 -0.3745 -0.3784 -1.9343 
17.0352 10.1230 -6.6206 -2.6666 2.9783 -1.3059 -1.6672 1.5734 -1.0170 -2.7938 0.2192 0.2627 -1.6738 
17.4423 10.3201 -6.8615 -2.8059 2.7623 -2.1155 -2.6850 1.0228 -1.2843 -3.1715 -0.0817 0.0245 -2.4809 
17.5092 10.5270 -6.7087 -2.8764 3.0178 -1.3147 -2.0641 1.1348 -1.1025 -2.6058 0.5386 0.5110 -1.8779 
17.1071 10.4406 -6.0451 -2.2686 2.9957 -1.4751 -1.9831 1.0515 -1.3432 -2.5007 0.7380 0.4410 -1.5560 
17.7928 11.0262 -6.1912 -2.7096 2.8486 -1.3347 -1.8035 1.3646 -0.8607 -2.1483 0.8706 0.4812 -1.6582 
17.2839 10.6581 -6.0543 -2.6622 2.4181 -1.8962 -1.9916 1.4933 -0.9702 -2.8288 0.0119 0.0776 -1.7031 
17.1186 10.7404 -5.7319 -2.4482 2.9680 -1.0872 -1.9080 0.8574 -1.4364 -3.0188 -0.1286 0.1685 -1.5234 
16.5052 10.1592 -5.8609 -2.4874 2.8950 -0.9302 -1.6545 0.8304 -1.4252 -2.6015 -0.0425 -0.7865 -2.7549 
15.8299 9.4209 -5.8666 -1.9155 3.0581 -1.1048 -1.0852 1.8925 -0.9471 -2.4068 0.6515 0.1509 -1.8728 
16.4583 10.0775 -5.8809 -2.5140 2.5392 -1.3892 -1.4558 1.7307 -0.5391 -1.9052 0.9549 0.6239 -1.4315 
16.6008 10.1458 -6.0846 -2.8467 2.4168 -1.1728 -1.3351 1.2742 -1.2749 -2.3704 0.4694 -0.3665 -2.4432 
16.3119 10.3806 -5.1770 -2.3187 2.5856 -0.8484 -1.1630 1.1336 -1.3053 -2.3411 0.3519 -0.2159 -1.8752 
14.9185 8.8684 -6.0442 -2.9975 2.2287 -0.5487 -0.5887 1.4216 -1.3657 -2.5587 0.1704 -0.2615 -1.9012 
15.3662 9.0041 -6.3975 -2.9741 2.4582 -0.8560 -1.0559 1.6312 -0.6589 -1.9759 0.6436 0.3107 -1.4518 
15.8489 9.6380 -5.7251 -2.3427 2.3843 -1.8823 -2.1858 1.1055 -0.9461 -2.5185 0.0472 0.0034 -1.5173 
15.2391 9.3887 -5.2010 -2.0052 2.3741 -1.5691 -1.5792 1.3595 -1.0955 -2.6464 -0.0745 -0.3852 -1.9694 
13.7323 7.9237 -5.7993 -2.4818 2.1602 -1.2537 -1.3946 1.1232 -1.2388 -2.5712 0.1658 0.3620 -0.9030 
13.6058 7.9460 -5.2511 -1.6375 2.6590 -1.0505 -1.0116 1.4866 -1.1117 -2.2489 0.7079 0.6836 -0.6307 
14.5892 8.6282 -5.5268 -1.9315 2.4278 -1.7295 -1.5989 1.6723 -0.9594 -3.1794 -0.9172 -0.8384 -1.9861 
13.5012 7.9927 -5.2945 -2.2893 1.7972 -1.7560 -1.6487 1.2191 -1.0163 -2.5331 0.0196 0.0569 -1.5826 
13.1047 7.3967 -5.8478 -2.5393 1.9701 -1.4217 -1.5387 1.1910 -0.6678 -1.7967 0.4918 0.1357 -1.2615 
13.4255 7.7796 -5.5288 -2.1414 2.4987 -0.7610 -0.7604 1.9050 -0.2550 -1.6801 0.4537 -0.1362 -1.9144 
13.8620 8.3308 -5.0091 -1.6712 2.5269 -1.2962 -1.3441 1.5494 -0.7696 -2.5926 -0.4911 -0.5920 -1.7095 
13.5261 8.1628 -4.9295 -1.9183 2.1131 -1.3990 -1.3089 1.4158 -0.9757 -2.8475 -0.9049 -1.0362 -2.0622 
13.0811 7.8762 -5.0672 -2.4865 1.6993 -1.2597 -1.4443 0.7787 -1.2306 -2.4353 -0.3040 -0.5363 -1.8178 
13.3646 7.7485 -5.6389 -2.4896 2.0773 -1.2791 -1.4710 1.4480 -0.2494 -1.8830 -0.2393 -0.5914 -1.7598 
13.4005 7.7286 -5.5498 -2.1048 2.3027 -1.5553 -1.9903 0.6583 -1.4974 -2.8259 -0.0094 0.1793 -1.5986 
13.6770 8.3380 -4.9244 -2.0369 2.1862 -1.0841 -0.9900 1.6750 -0.7152 -2.4246 -0.0498 -0.0261 -1.5943 
13.8644 8.5180 -4.8458 -1.9138 2.3082 -1.2598 -1.5011 1.3154 -0.5779 -2.2298 -0.3898 -0.6825 -1.9721 
13.3807 8.0533 -4.8690 -1.7603 2.2507 -1.4302 -1.4978 1.4242 -0.3506 -1.5662 0.5220 -0.2494 -2.1831 
15.2133 8.7389 -6.4934 -2.6555 2.6510 -1.4204 -1.9187 1.2821 -0.7137 -2.4277 -0.1140 -0.2945 -1.9949 
15.0431 9.0377 -5.7922 -2.6951 1.9912 -1.8039 -2.0358 1.1829 -0.4350 -1.7186 0.4542 -0.0942 -1.8418 
13.8324 7.1475 -7.5217 -3.4431 2.1981 -1.1876 -1.3219 1.5448 -0.8391 -2.5283 -0.1709 -0.5816 -2.4990 
13.9230 8.0151 -6.2019 -3.1439 1.8947 -1.2812 -1.7822 0.7504 -1.0593 -2.3564 -0.1383 -0.3469 -2.0040 
13.3949 7.9922 -5.1034 -1.9661 2.3819 -1.1570 -1.5383 1.0932 -0.6995 -1.8670 0.3823 -0.1031 -1.9018 
16.1019 10.5279 -4.5632 -2.1617 1.8027 -2.3054 -2.5519 0.6848 -0.9454 -2.3585 -0.4073 -0.8780 -2.1535 
15.7451 10.2717 -4.2115 -1.2050 3.0368 -1.1082 -1.5151 1.4627 -0.4908 -1.9845 0.2494 -0.0726 -1.7605 
15.4679 9.7040 -5.2205 -2.3933 2.4736 -0.7623 -0.8738 1.9715 0.0759 -1.3820 0.5052 -0.1091 -1.4788 
15.0197 9.1036 -5.6342 -2.6169 2.1150 -1.3423 -1.4268 1.3542 -0.9126 -2.5356 -0.3136 -0.5146 -1.8302 
14.0210 8.2881 -5.4823 -2.0768 2.6375 -1.1118 -1.8270 0.6451 -1.1914 -2.3413 -0.0171 -0.0454 -1.1231 
13.8774 8.0072 -5.5995 -1.7235 3.0782 -0.7722 -1.0453 1.7943 -0.6489 -2.6123 -0.3177 -0.1192 -1.3615 
13.7560 8.0361 -5.6064 -2.3343 2.3495 -0.7750 -0.5789 2.1423 -0.1633 -1.8160 0.0366 -0.6967 -2.2458 
13.8346 8.1686 -5.4230 -2.2025 2.0938 -1.6532 -1.7743 1.1018 -1.0277 -2.5260 -0.1113 -0.1272 -1.4238 
13.3816 7.7954 -5.5176 -2.3773 2.0006 -1.4474 -1.5947 1.0324 -1.0528 -2.2329 0.2844 -0.2758 -2.5065 
12.8141 7.2360 -5.5407 -2.1636 1.8309 -1.9788 -1.9193 0.9489 -1.3279 -2.6590 0.1609 0.1195 -1.6987 
13.5850 8.0638 -5.3271 -2.0893 2.7491 -0.4974 -1.1610 1.0489 -0.7716 -1.7915 0.5079 0.2883 -1.1316 
12.8400 7.0848 -6.0107 -2.5752 1.8254 -1.8952 -1.9935 1.2170 -0.6228 -2.3502 -0.1052 0.0536 -1.5396 
13.1242 7.3329 -5.9183 -2.2779 2.5162 -1.0077 -1.2277 1.7337 -0.2836 -2.2290 -0.2954 -0.1058 -1.2632 
14.2078 8.4124 -5.4125 -1.8555 2.6727 -1.4043 -1.8794 0.9484 -1.1817 -2.7028 -0.2805 -0.4151 -1.9227 
13.8522 7.9008 -5.8286 -1.9757 2.8516 -1.0999 -1.4510 1.6442 -0.3551 -2.1026 0.0585 -0.0987 -1.6477 
13.6871 7.6434 -6.0178 -1.9440 3.1208 -0.5774 -0.7494 2.2905 0.2761 -1.2713 0.8287 0.2499 -1.4507 
17.5810 10.5032 -7.1883 -4.0425 1.6904 -1.7583 -1.6164 1.4097 -1.2073 -2.5690 0.1870 -0.7829 -2.8876 
16.6302 9.9580 -6.1989 -2.3372 2.7780 -1.8023 -2.2620 1.0036 -0.9917 -1.9478 0.9149 0.0115 -2.1561 
15.4760 8.3922 -7.2880 -2.4240 3.3976 -1.3990 -2.1487 1.4602 -0.5561 -2.3963 0.1169 -0.0935 -1.9396 
13.7686 7.4487 -6.5907 -2.4196 2.7149 -1.3160 -1.6578 1.5339 -0.6598 -2.5963 -0.2953 -0.2992 -1.7620 
14.5465 8.3673 -6.2215 -2.7038 2.3305 -1.0714 -0.9282 1.9906 -0.5578 -2.3291 0.1853 0.0239 -1.8613 
