14.6257 10.0118 -2.9548 -0.8203 2.0842 -1.7432 -1.6012 0.8438 -1.4962 -2.5437 -0.0821 -0.5828 -1.8888 
14.6200 9.3566 -4.5054 -1.9418 2.1806 -1.5130 -2.0829 0.5314 -1.0894 -2.1189 0.2530 -0.0260 -1.8767 
14.9245 9.8884 -3.9653 -1.8386 1.8799 -1.4427 -1.4074 0.9894 -1.2095 -2.1779 0.5206 0.2904 -1.3449 
14.8519 9.8561 -3.6727 -1.0754 2.7089 -1.0718 -1.3827 1.0901 -1.0627 -2.2247 0.3396 0.0265 -1.8032 
14.9891 9.8649 -4.0164 -1.5951 2.3050 -1.2022 -1.2821 1.2566 -1.0543 -2.5971 -0.3534 -0.4840 -1.7288 
15.0635 9.7863 -4.3242 -1.6800 2.6467 -1.0372 -1.7285 0.9033 -0.6200 -1.9223 -0.0749 -0.2872 -1.5197 
15.3069 9.8415 -4.6961 -2.3319 1.6415 -1.9702 -1.7954 1.3999 -0.5341 -2.1060 0.2529 0.3909 -1.1563 
18.2700 10.6351 -6.7721 -0.8130 5.3757 -1.6547 -3.6122 1.0756 -0.4982 -3.0410 -0.4947 -0.2715 -2.2599 
16.3947 10.5542 -4.5850 -1.1014 3.4990 -1.3592 -2.3648 0.8404 -1.0552 -2.9060 -0.3884 0.1356 -1.4191 
16.3251 9.5771 -5.8041 -0.9918 3.3360 -2.7125 -2.7843 1.7251 -0.4521 -2.2962 0.5473 0.2368 -1.5126 
15.9845 10.3244 -4.4368 -1.4083 2.6157 -1.6740 -1.7198 1.3527 -0.9540 -2.3129 0.4205 0.2034 -1.4283 
15.7621 10.1472 -4.5959 -1.6559 2.6858 -1.4537 -1.9165 1.0893 -0.9363 -2.5756 -0.0615 0.2815 -1.0282 
15.3770 9.9190 -4.3231 -1.2905 2.8465 -1.5329 -2.3745 0.3715 -1.2764 -2.4473 -0.3292 -0.7024 -2.0214 
15.1679 10.0566 -3.8372 -1.3167 2.4797 -1.3664 -1.5975 1.0791 -1.1440 -2.6991 -0.3523 -0.4051 -1.8821 
15.8794 10.1141 -4.9032 -1.7087 3.3174 -0.7570 -2.1471 0.2237 -1.2408 -2.3020 -0.4215 -1.0986 -2.6079 
15.9735 10.5457 -3.9558 -0.9119 3.1739 -1.2933 -1.8538 1.1128 -1.0319 -2.7586 -0.3059 0.0059 -1.2299 
15.0777 9.2686 -4.9525 -1.4499 2.6378 -1.9198 -2.2128 0.7197 -1.7256 -3.0818 -0.1105 -0.1353 -1.6925 
15.9101 10.3736 -4.3120 -1.4379 2.6365 -1.5483 -1.6554 1.6115 -0.4431 -2.1255 0.2549 0.2943 -1.0992 
16.3255 10.6934 -4.2827 -1.3593 2.7469 -1.2958 -1.0160 2.2095 -0.2923 -1.9290 0.7759 0.6867 -0.8270 
15.6135 10.6761 -3.3510 -1.1717 2.3238 -1.4509 -1.3233 1.7534 -0.0856 -1.6016 0.0666 -0.7178 -2.0426 
15.5105 10.5318 -3.5275 -1.2100 2.6054 -1.3562 -1.9048 0.9373 -0.7240 -2.1321 0.0408 0.0267 -1.3314 
15.8589 10.3941 -4.2304 -1.4321 2.6178 -1.6738 -2.0591 1.1314 -0.7773 -2.4746 -0.1748 -0.1508 -1.8179 
15.3060 10.1147 -3.9091 -1.1756 2.9013 -1.0556 -1.5302 1.3412 -0.5154 -2.1933 -0.1790 -0.1142 -1.3428 
15.3537 10.1512 -3.8497 -1.0362 2.9494 -1.2034 -1.7371 1.0092 -1.2622 -3.1890 -0.8464 -0.3367 -1.4796 
14.8877 9.6077 -4.2075 -1.4350 2.4458 -1.3613 -1.3837 1.3511 -0.9974 -2.5035 -0.1716 -0.6052 -2.3220 
14.7089 9.6449 -3.8749 -1.3524 2.1767 -1.6745 -1.5870 1.2692 -1.0422 -2.6101 -0.0945 -0.0353 -1.5257 
15.3632 9.8901 -4.2090 -0.9289 3.2684 -0.9377 -1.3233 1.3304 -1.2125 -2.8383 -0.1332 0.0611 -1.4032 
15.1764 10.0154 -3.8023 -1.1322 2.3618 -2.0208 -2.2927 0.8212 -0.9742 -2.2998 0.0832 -0.0087 -1.4986 
15.0879 9.9698 -3.6309 -0.6748 2.9867 -1.6031 -2.3689 0.5332 -0.8908 -1.8181 0.3363 -0.3504 -2.0441 
14.8679 9.6829 -3.8766 -0.9274 2.7926 -1.3804 -1.5671 1.2509 -1.1128 -2.8314 -0.6303 -0.9717 -2.5225 
14.9764 9.6669 -4.1488 -1.1891 2.6207 -1.8113 -2.3271 0.7304 -1.0920 -2.7315 -0.7292 -0.8024 -1.7356 
15.1364 9.9865 -3.8867 -1.2892 2.3946 -1.7608 -2.0836 0.8325 -1.2678 -2.9883 -0.7167 -0.6349 -2.0280 
15.6513 10.4668 -3.8109 -1.3043 2.6222 -1.2207 -1.4553 1.2921 -0.9000 -2.5753 -0.4542 -0.5402 -1.6945 
15.2502 9.8585 -4.2716 -1.4496 2.3178 -2.1449 -2.7194 0.1954 -1.5881 -2.7869 -0.4601 -0.8726 -2.3770 
15.4551 10.1753 -3.9379 -1.1914 2.5375 -1.7003 -1.9369 0.9982 -1.1273 -2.6044 -0.1677 -0.2877 -1.9100 
15.1040 9.9166 -3.9099 -1.1934 2.5034 -1.7006 -2.1173 0.5794 -1.5843 -3.0322 -0.5110 -0.2751 -1.3796 
15.1007 9.9548 -3.8387 -1.1497 2.5485 -1.6361 -1.9837 0.9884 -0.9054 -2.5600 -0.5828 -0.6219 -1.6661 
14.5736 9.5985 -3.6650 -1.0648 2.3045 -1.7767 -1.7551 1.3236 -0.7104 -2.3337 -0.0768 -0.0304 -1.4406 
27.0918 14.6516 -13.0033 -4.5759 6.3363 -1.0676 -2.6854 2.5955 -0.5646 -2.8243 0.9171 -0.1786 -2.0172 
31.8321 18.5578 -13.1198 -5.4583 5.6462 -2.0579 -2.7071 3.7534 -0.1410 -3.8139 -0.4816 -1.1948 -2.4566 
25.4052 15.7493 -7.8825 -1.5705 5.6568 -1.8436 -2.0027 3.7429 0.2160 -2.6881 0.9417 0.1342 -2.3966 
23.3416 14.5595 -7.4277 -2.0046 5.2917 -0.8778 -1.4901 3.3885 0.4134 -2.7311 -0.1977 -0.4375 -1.8843 
18.9786 12.1812 -5.3016 -1.2887 3.9106 -1.1634 -1.3164 2.5347 -0.0676 -2.2206 0.1998 -0.2269 -1.7110 
16.8118 10.4781 -5.3442 -1.5987 3.1318 -1.6557 -1.8074 2.0727 0.0084 -1.9754 0.2360 -0.1758 -1.7774 
16.6012 10.6317 -4.6235 -1.0511 3.3131 -1.4494 -1.7015 1.6519 -0.7083 -2.4299 0.1386 -0.0889 -1.6289 
16.0468 10.5234 -4.2465 -1.5121 2.4178 -1.6684 -1.6246 1.3487 -1.0795 -2.5467 0.0965 -0.2743 -2.0620 
15.5010 10.4708 -3.5950 -1.2160 2.7130 -0.8688 -1.1985 0.9640 -1.5943 -2.9666 -0.3874 -0.7039 -2.6582 
15.1447 9.8324 -4.2000 -1.4649 2.4117 -1.6685 -2.0881 0.5500 -1.5579 -2.7371 0.0212 0.1707 -1.1890 
21.9706 14.0293 -7.1645 -4.1252 1.7000 -2.8272 -2.0178 2.5893 -0.3770 -2.8375 -0.2160 -1.0844 -2.9827 
22.9243 14.4555 -8.4794 -6.0811 0.6172 -2.9724 -1.9296 2.9383 0.3143 -2.4079 -0.1262 -0.7160 -2.5200 
17.8694 11.8273 -4.7393 -2.3840 1.3922 -2.8936 -1.7287 2.7998 0.4169 -2.0211 0.0176 -0.4340 -1.9317 
16.9281 11.2177 -4.3938 -1.8220 2.2802 -1.7390 -1.3511 2.1527 -0.4256 -2.6612 -0.3472 -0.4567 -2.1572 
15.3913 9.6085 -4.9648 -1.6952 2.7120 -1.5101 -1.8771 1.1372 -1.1466 -3.0557 -0.8270 -0.7455 -1.8649 
15.3764 10.0940 -4.0070 -1.2141 2.7358 -1.3463 -1.7331 0.9909 -1.1789 -2.6132 -0.0883 -0.1226 -1.7411 
15.2100 9.7585 -4.4653 -1.7486 1.9535 -2.3393 -2.4451 0.7111 -1.5680 -3.4128 -0.9310 -0.7012 -2.0265 
15.1099 9.7868 -4.1009 -1.1019 2.7705 -1.5775 -1.9339 1.2464 -0.4890 -1.8947 0.2672 -0.2594 -2.1292 
15.6812 10.3430 -3.9554 -1.0644 2.9238 -1.4348 -2.0245 0.9068 -0.9798 -2.5872 -0.5897 -0.8919 -2.3403 
15.0355 9.8227 -4.0648 -1.4890 2.1882 -1.7800 -1.9135 0.8605 -1.2959 -2.5618 0.0632 -0.0949 -1.8088 
14.7870 9.7534 -3.7582 -1.1211 2.5715 -1.4847 -1.9798 0.7423 -0.9909 -2.3108 -0.3798 -0.7393 -1.9020 
15.3507 9.9116 -4.1341 -0.9551 2.9215 -1.5755 -1.9047 1.1176 -1.1104 -2.7936 -0.4536 -0.4997 -1.7962 
15.2056 9.7631 -4.3714 -1.3798 2.6362 -1.6617 -2.0269 1.0183 -1.1378 -2.7650 -0.1951 -0.3205 -2.1537 
14.6617 9.0555 -4.9255 -1.8844 2.0777 -2.0515 -2.1777 0.9500 -0.8611 -2.0916 0.1773 -0.2856 -1.8096 
15.1924 9.9901 -3.8444 -1.0258 2.6246 -1.8173 -2.3157 0.5371 -1.5309 -3.0275 -0.6037 -0.5579 -1.8482 
14.6104 9.2676 -4.6566 -2.0414 2.1608 -1.3049 -1.5112 1.1866 -0.8113 -2.4007 -0.3829 -0.4512 -1.6799 
15.0805 10.5135 -2.9925 -1.3471 1.8406 -1.4777 -1.2489 1.4351 -0.5526 -1.9760 0.0434 -0.0935 -1.4680 
15.3233 10.5541 -2.9676 -0.6176 2.6327 -1.4995 -1.5539 1.4443 -0.6817 -2.4698 -0.3825 -0.3212 -1.4727 
15.8046 10.8929 -3.2915 -1.0822 2.6588 -1.4605 -2.2636 0.4771 -1.0543 -2.4117 -0.3481 -0.3831 -1.7777 
14.2224 9.3402 -3.7748 -1.3036 2.4072 -1.1767 -1.3684 1.2791 -0.7322 -2.2774 -0.0898 0.0598 -1.1598 
15.2066 10.1072 -3.8593 -1.3654 2.6614 -0.9453 -1.2405 1.2602 -1.0636 -2.7687 -0.5952 -0.6910 -2.0509 
14.6206 9.1988 -4.7400 -2.2526 1.2307 -2.8417 -2.8205 0.1978 -1.8785 -3.3983 -1.2278 -1.4096 -2.4783 
14.3971 8.8736 -4.7864 -1.6827 2.1191 -1.9814 -1.7236 1.6192 -0.6958 -2.6359 -0.3220 -0.2449 -1.7569 
14.8247 9.6626 -4.0659 -1.5475 2.0631 -1.8880 -2.0701 0.8386 -0.7500 -1.6358 0.6403 0.0850 -1.3816 
14.7445 9.5698 -4.2159 -1.6187 2.5171 -1.0372 -1.4293 1.0609 -1.0118 -2.4427 -0.1739 -0.2525 -1.6411 
15.4223 10.0973 -4.2122 -1.6527 2.2197 -1.8929 -2.3490 0.4134 -1.7156 -3.3492 -1.0161 -0.8257 -1.9374 
14.6943 9.6771 -3.8726 -1.5663 1.8642 -1.8611 -1.7133 1.1174 -1.0576 -2.4521 0.0450 0.0572 -1.4442 
15.7175 10.2651 -3.9730 -0.8061 2.8687 -2.0596 -2.4793 0.9027 -1.0629 -2.6920 -0.0610 0.3510 -0.9482 
15.1932 9.9368 -4.1372 -1.5412 2.3266 -1.7143 -2.1389 0.7918 -0.8036 -1.9659 0.2930 0.0883 -1.4671 
15.2609 9.9091 -4.1528 -1.3550 2.2863 -2.1112 -2.2924 0.9226 -1.0075 -2.4788 -0.1352 -0.3622 -1.7935 
15.0894 9.7390 -4.2855 -1.7208 1.6405 -2.6833 -2.6746 0.3967 -1.6974 -2.9799 -0.5346 -1.0201 -2.6164 
14.4091 8.8199 -5.1282 -2.1810 1.8836 -2.4105 -3.1095 -0.1521 -1.8508 -3.3348 -1.0660 -0.9715 -2.3797 
15.2215 10.0548 -3.7276 -0.9716 2.5597 -1.6041 -1.5346 1.3728 -1.2100 -3.0539 -0.6925 -0.7839 -2.1341 
14.9434 9.6910 -4.1888 -1.6373 1.9697 -2.0216 -2.2014 0.3504 -2.0605 -3.4559 -0.9160 -1.0033 -2.2892 
15.5557 9.9610 -4.4446 -1.1829 3.1347 -1.2181 -1.9198 0.8246 -1.1623 -2.5632 -0.3485 -0.6143 -1.9331 
15.7750 10.3263 -4.2206 -1.3547 2.8009 -1.4868 -2.1317 0.7961 -0.9853 -2.3686 -0.1247 -0.3580 -1.7708 
15.5126 10.1688 -4.0447 -1.1489 2.8323 -1.4506 -1.8758 1.0824 -1.1408 -3.0215 -0.6071 -0.1788 -1.4261 
15.8372 10.4627 -4.0864 -1.4174 2.6503 -1.2636 -1.4917 1.2579 -0.9899 -2.4399 0.0538 -0.0462 -1.4979 
15.0173 9.9247 -3.6192 -0.7245 2.8420 -1.6187 -1.9474 1.0823 -1.1395 -2.9526 -0.5706 -0.5809 -2.2823 
15.1660 9.7791 -4.0983 -0.9081 2.9014 -1.7257 -2.1462 1.0210 -0.9871 -2.5693 -0.1450 -0.2522 -1.8270 
14.4586 9.5549 -3.7231 -1.3455 2.2062 -1.4878 -1.6575 0.9219 -1.1784 -2.6011 -0.3279 -0.3254 -1.6021 
15.3955 10.5669 -3.0084 -0.4551 2.9636 -1.4449 -2.0035 0.8600 -0.9451 -2.4227 -0.3460 -0.5273 -1.8784 
15.2144 10.1545 -3.5126 -0.8489 2.5790 -1.5517 -1.5199 1.3509 -0.7943 -1.9232 0.4980 -0.2662 -2.0095 
14.3715 9.6095 -3.5101 -1.3518 1.9265 -1.8330 -2.0856 0.4010 -1.4181 -2.3035 0.0502 -0.4888 -2.1550 
14.4284 9.8790 -3.1381 -1.1112 2.2894 -1.4670 -2.1128 0.4448 -0.9128 -2.0683 -0.2803 -0.5674 -1.8165 
14.0298 9.0634 -4.1432 -1.7362 2.1095 -1.5138 -2.1174 0.3271 -1.4824 -2.9710 -0.8913 -0.6211 -1.7511 
15.4160 10.1709 -3.8265 -0.7966 3.2529 -1.2329 -2.0726 0.8566 -0.8972 -2.4753 -0.3626 -0.5888 -2.2319 
15.3317 10.1927 -3.7943 -1.1747 2.6593 -1.4448 -1.8182 1.2607 -0.5146 -2.2568 -0.3441 -0.3578 -1.5455 
14.9055 9.7023 -4.0528 -1.2634 2.6901 -1.2356 -1.5904 1.1032 -0.9826 -2.3313 0.2664 0.3919 -1.0998 
15.5082 10.1357 -4.2481 -1.8051 1.7153 -2.4279 -2.2391 1.0210 -1.2176 -2.9318 -0.5268 -0.6208 -2.1486 
15.3464 10.1037 -4.0587 -1.4360 2.5771 -1.4720 -2.1494 0.5714 -1.0760 -2.3489 -0.2779 -0.5095 -1.8956 
15.4781 10.3509 -3.7296 -1.2235 2.5184 -1.5088 -1.7529 1.2534 -0.5709 -2.1172 -0.1965 -0.5901 -1.9963 
15.1662 9.9709 -4.1728 -1.7971 2.2924 -1.2705 -1.8538 0.4440 -1.2911 -2.1920 -0.1217 -0.8379 -2.3992 
15.4436 10.3674 -3.5342 -0.8747 2.8706 -1.2272 -1.6382 1.0561 -0.8362 -1.9632 0.2413 -0.5078 -2.3577 
14.9264 10.2158 -2.9718 -0.5954 2.4970 -1.7484 -1.9582 0.8986 -0.9825 -2.1783 0.2155 0.0189 -1.4592 
15.0620 10.2861 -3.3207 -1.2468 2.2400 -1.5051 -1.8834 0.7583 -0.8617 -2.1569 -0.4714 -0.8779 -1.7919 
15.1409 10.0289 -3.7194 -0.9782 2.7907 -1.2647 -1.5076 1.3790 -0.6952 -2.2968 -0.0149 0.1000 -1.1738 
27.1994 15.8561 -11.3831 -4.1694 7.0400 -0.1661 -4.2374 -0.3402 -2.1250 -3.7053 0.2966 0.9038 -0.4446 
36.7741 20.8804 -16.0503 -5.7262 8.4001 -2.4628 -6.5812 0.0887 -3.0523 -5.6390 0.2506 0.3361 -2.6583 
36.0179 19.7449 -16.1948 -4.1086 9.7426 -2.7923 -6.9876 0.5280 -2.8490 -5.8777 0.4376 1.1205 -1.5860 
35.3045 18.4371 -17.5216 -4.7827 9.4559 -2.7658 -6.5373 0.3419 -4.2064 -6.9886 0.3993 1.3044 -1.6329 
35.3411 18.8228 -17.2772 -5.3436 9.4528 -1.1206 -4.3207 2.1660 -2.7033 -6.0822 0.5123 1.2361 -1.3815 
35.1460 19.2428 -16.5106 -5.7068 8.5414 -1.3600 -4.2328 2.1299 -2.6612 -6.0808 0.4209 1.2280 -1.6331 
33.6913 17.9188 -17.2079 -6.8797 7.5792 -1.2679 -4.0464 1.8229 -2.7599 -5.9929 0.1035 0.7455 -2.0467 
32.9737 17.8449 -16.4134 -6.8179 7.2221 -1.0747 -3.9859 1.3226 -2.9555 -5.8275 -0.1603 0.1823 -2.3259 
32.7819 18.2839 -15.5997 -7.0307 6.6201 -1.1526 -4.2836 0.5920 -3.4020 -6.2778 -1.0166 -0.4133 -2.3526 
32.8508 19.5796 -13.3494 -6.1316 6.4444 -0.9954 -4.0985 0.7114 -2.5195 -4.8780 0.1307 0.4488 -1.8815 
31.3896 18.5369 -13.3977 -6.5218 6.4429 -0.0242 -3.3673 1.0640 -1.9526 -5.0515 -1.0011 -0.0394 -1.6530 
31.8877 20.2440 -10.9253 -5.1206 7.1564 0.8600 -3.0565 0.9119 -1.4247 -4.1029 -0.2807 0.7398 -1.0886 
33.6552 23.4541 -7.7729 -4.1048 6.9311 1.1461 -3.1828 -0.4748 -2.6609 -4.5940 -1.2439 -0.9062 -2.4695 
36.2011 25.6136 -8.2445 -5.7480 6.0722 1.5324 -2.8795 -1.6567 -4.6925 -5.9397 -2.1244 -2.1851 -3.3820 
37.1851 26.2393 -8.5983 -6.1009 5.9705 1.7334 -2.2023 -1.2349 -4.9264 -5.8111 -1.4513 -2.0913 -3.6045 
38.6695 27.6309 -8.4051 -6.1847 6.4767 2.5614 -1.6888 -0.9432 -4.3602 -4.9704 -0.6778 -1.4221 -2.9353 
38.2721 27.5710 -8.2495 -6.7305 5.9608 2.7348 -1.7341 -1.5691 -4.8287 -5.2178 -1.1097 -1.8416 -2.9847 
39.6328 27.6349 -9.7288 -6.7144 6.2531 1.4770 -2.5723 -1.0434 -4.6182 -5.4531 -1.0242 -1.9860 -3.4684 
39.4990 28.2478 -8.5647 -6.4139 6.4022 2.4408 -1.7831 -0.8638 -4.0385 -4.4597 -0.4026 -1.5766 -2.9077 
39.0700 27.7133 -9.1018 -7.0341 5.8989 2.0020 -2.3671 -1.3725 -4.3330 -4.8381 -0.8775 -1.9589 -3.3965 
39.0984 28.2560 -8.0631 -6.3829 6.1968 2.4970 -1.7978 -0.8458 -3.4787 -3.7534 -0.1755 -1.7173 -3.1362 
38.8598 27.9451 -8.4292 -6.9956 5.4921 2.1698 -1.8570 -1.3337 -4.3497 -4.2419 -0.3649 -2.2906 -3.8059 
38.9532 27.3670 -9.1595 -6.4070 6.0571 1.3152 -2.5089 -0.5926 -3.6694 -4.6255 -0.8325 -1.9601 -3.2248 
37.8204 27.5953 -7.4274 -6.4177 5.2722 2.0525 -1.6401 -0.8515 -3.6846 -3.9778 -0.5349 -2.0325 -3.1543 
37.3802 27.6131 -6.8394 -6.2741 5.3001 2.4844 -1.4039 -0.9484 -3.5459 -3.7871 -0.6715 -2.1978 -3.1551 
36.2165 26.8523 -6.4857 -6.2169 4.7101 2.0467 -1.5937 -1.2367 -3.7155 -3.7770 -0.9552 -2.7447 -3.4555 
36.8951 26.6274 -7.3302 -5.4708 5.5888 1.3504 -1.9976 -0.3468 -3.3054 -4.1896 -0.8674 -2.2414 -3.3750 
36.3455 26.7091 -6.6387 -5.6739 5.2211 1.8737 -1.5715 -0.5902 -3.3550 -3.9315 -0.8240 -2.2611 -3.2937 
35.8303 26.3631 -6.6529 -5.9744 4.8892 1.9263 -1.5588 -0.8637 -3.4254 -3.6626 -0.7276 -2.5432 -3.6016 
35.0411 25.8440 -6.2445 -5.5028 4.8265 1.6823 -1.6184 -0.8623 -3.4677 -3.7464 -0.8836 -2.5633 -3.3331 
33.9167 25.0387 -5.8356 -4.7934 5.1945 1.6220 -1.8966 -0.8658 -3.2654 -3.9632 -1.2506 -2.3359 -2.9268 
33.3834 24.4522 -5.8857 -4.2861 5.6801 1.7248 -1.8473 -0.6612 -3.2354 -4.2213 -1.3121 -1.8560 -2.3434 
32.7943 23.0327 -7.4792 -4.8256 5.3947 0.8356 -2.4235 -0.7445 -3.7605 -4.7765 -1.0942 -1.6681 -2.9151 
32.8263 22.2083 -8.1387 -3.0450 7.5056 0.6392 -2.7936 0.7491 -2.4945 -4.8922 -0.5161 0.0683 -2.0207 
33.2753 21.0592 -9.9106 -1.7727 9.2723 -0.2251 -3.5172 1.9751 -1.7971 -5.6239 -1.4613 -0.9570 -2.9761 
33.6793 19.2615 -13.1829 -1.9984 10.0112 -1.9192 -4.9378 2.8365 -1.1201 -5.7975 -0.8403 0.1270 -2.4250 
33.5554 18.6069 -13.8331 -1.5870 10.5178 -2.1168 -4.8152 3.4712 -0.7907 -5.2324 0.5011 1.1071 -2.2934 
33.3652 17.8705 -14.4795 -1.1091 10.9373 -2.5548 -4.7451 4.3539 -0.3253 -5.1540 0.6472 0.6306 -3.3036 
33.5740 17.9602 -14.5302 -1.0136 10.9107 -2.9314 -5.2923 3.7709 -0.7227 -5.2072 0.5216 0.2716 -3.3756 
32.9694 17.1518 -15.1398 -1.3885 10.5859 -3.1881 -5.2716 3.9557 -0.5732 -4.9562 0.7908 0.0828 -3.9060 
32.4467 16.2430 -15.9382 -1.6398 10.4270 -3.4195 -5.0576 4.1895 -1.2483 -6.1426 0.0014 -0.2673 -3.8648 
31.8094 15.5791 -16.0819 -1.5599 10.1278 -4.0729 -5.4712 4.1839 -1.1812 -6.1687 -0.0389 -0.3295 -4.1994 
32.8235 16.5402 -16.0483 -1.9172 10.1374 -3.8785 -5.7636 3.6193 -1.0456 -4.9222 1.6835 0.9413 -3.5187 
32.4989 16.0080 -16.5356 -1.9827 10.5462 -3.2990 -5.0889 4.4753 -0.3773 -4.9386 1.2254 0.6760 -3.5435 
32.8354 16.5287 -16.4362 -2.6261 9.9664 -3.6159 -5.9544 3.4741 -0.3102 -4.1188 1.8599 1.2934 -2.6640 
32.1086 15.4302 -17.4047 -3.1520 9.6839 -3.9125 -6.3654 2.5533 -1.8906 -5.6816 0.8223 0.4938 -3.4388 
32.4555 15.9765 -17.2010 -3.4491 9.8885 -2.8857 -5.4358 3.2399 -0.9474 -4.7575 1.4500 0.9545 -3.5224 
32.4301 16.6847 -16.0158 -3.3624 9.1727 -3.3541 -5.9725 2.4702 -1.2666 -4.7643 1.2180 0.9182 -3.0467 
32.2457 17.2323 -15.1739 -3.6118 9.3782 -1.5770 -4.6393 2.4216 -1.2240 -4.2904 1.3243 0.7144 -3.3788 
31.2820 17.3750 -13.4449 -2.9691 8.8108 -1.4216 -3.6053 3.3478 -0.6888 -4.3488 0.6990 0.4917 -2.6466 
36.6525 24.5761 -8.7884 -2.3095 8.1517 -1.0407 -3.8608 1.3722 -2.4932 -5.2571 -0.4942 -0.8637 -3.2122 
38.9256 26.7994 -8.8810 -4.0547 6.9418 -0.9402 -4.0091 0.0618 -3.7211 -5.4544 -0.4571 -1.2547 -3.4481 
40.6444 28.2489 -9.4347 -5.5341 6.3571 -0.6260 -3.9816 -0.0984 -3.2793 -4.7174 -0.0022 -0.9277 -3.1299 
39.5567 28.3080 -8.1257 -5.7662 5.4136 -0.7034 -4.2295 -0.5390 -2.9133 -4.7014 -0.9175 -1.0583 -2.5042 
39.5334 27.9757 -8.6143 -5.9070 5.3698 -0.7392 -4.0490 -0.5659 -3.1356 -4.3082 -0.2809 -1.1225 -2.5199 
39.7187 28.2508 -8.2307 -5.4613 5.7034 -0.3254 -3.4540 -0.2995 -3.3188 -4.3252 -0.0174 -0.9177 -2.1907 
38.9133 28.4735 -6.9287 -5.5672 4.8862 -0.0633 -2.9429 -0.3636 -3.2255 -4.1825 -0.4553 -1.3654 -2.0383 
38.5764 27.9214 -7.3600 -5.5353 5.1260 0.0348 -2.7500 -0.0800 -3.5361 -5.0447 -0.7623 -0.9364 -2.0276 
36.1674 25.7587 -7.3821 -4.9209 5.0720 -0.0594 -1.9483 1.1076 -3.0004 -5.2679 -1.1563 -1.1367 -2.2433 
32.4604 23.0233 -6.8986 -4.9054 3.7565 -1.0317 -2.5904 0.4396 -2.9327 -4.6190 -0.7579 -0.8498 -1.9612 
29.8261 21.7585 -5.4417 -4.5019 3.3188 -0.1616 -1.5041 0.5150 -3.0202 -4.7936 -1.3780 -1.1617 -2.0049 
29.2351 21.9046 -4.0747 -3.6323 2.9679 -0.9618 -2.1945 0.0321 -3.1911 -4.8346 -1.5869 -1.3641 -1.8465 
27.1893 19.8280 -4.5560 -3.1898 3.3451 -0.8738 -2.1630 -0.0112 -3.3973 -4.9040 -1.1847 -0.7141 -1.4030 
31.0397 20.7502 -7.9951 -3.3013 5.3823 -1.7271 -3.2273 1.7182 -1.6478 -4.3673 -0.5672 -1.0535 -2.9803 
37.7228 23.5265 -13.0836 -6.1483 5.5639 -3.4161 -4.8349 2.1135 -2.1901 -5.9713 -1.1824 -1.6998 -4.0897 
34.7020 19.6903 -14.9433 -5.0596 7.6176 -3.0710 -5.6986 2.3424 -0.8502 -5.4773 -1.8156 -1.9249 -3.8181 
36.5305 20.2936 -16.0975 -4.6978 8.7398 -2.7599 -4.7345 3.9053 -0.5392 -5.4707 -0.6115 -0.6454 -3.0388 
35.8362 19.3847 -16.2630 -3.7992 9.4527 -3.0692 -5.2441 3.7076 -0.7543 -5.4126 0.0846 0.0509 -2.8808 
35.1726 18.5023 -17.0008 -4.5989 8.3419 -3.9991 -5.4664 3.6556 -1.1076 -5.4959 0.4224 0.0598 -3.1449 
34.4882 17.8387 -16.7115 -3.3245 9.6253 -3.3894 -5.2966 3.5789 -1.2311 -4.9490 1.6415 0.6404 -3.8598 
33.6917 16.7164 -17.3917 -3.2264 9.7551 -3.8575 -5.7801 3.6768 -0.9938 -5.3266 0.6734 -0.0071 -3.5581 
32.7713 15.5410 -18.0086 -3.0730 10.0941 -3.8088 -5.6225 4.1293 -0.7829 -5.3653 0.8380 -0.0404 -4.2444 
32.7012 15.6169 -17.8701 -3.3065 9.6182 -4.1877 -6.0148 3.6943 -0.9930 -5.5477 0.2717 -0.6682 -4.4205 
33.2333 16.8231 -16.6301 -2.8925 10.0800 -3.4211 -6.1179 3.3092 -0.1400 -4.2650 0.8279 0.0208 -3.2268 
31.7255 16.1583 -15.9924 -3.4222 9.0826 -3.2263 -5.8219 2.8324 -0.3942 -4.1982 0.4606 -0.6049 -3.9010 
30.3986 16.5365 -13.1587 -2.0122 8.6897 -3.1927 -5.6447 2.1330 -1.1203 -4.3670 0.4001 -0.5649 -3.8507 
30.2777 18.0254 -10.3599 -1.2107 7.7385 -3.8595 -6.2988 1.1321 -1.8858 -5.4718 -1.3554 -1.7002 -4.0721 
28.7028 17.4384 -8.8252 -0.1851 7.4122 -4.1002 -6.1517 0.8389 -2.4716 -5.7561 -1.4634 -1.8441 -4.2118 
28.2953 16.7083 -10.1732 -1.4853 8.0243 -2.0549 -5.1158 1.0787 -1.1166 -3.9360 -0.7036 -1.3742 -2.9855 
28.8328 17.7672 -9.3351 -1.6948 7.5917 -2.1708 -5.6563 0.3269 -1.2235 -3.7635 -0.7325 -1.4196 -3.3741 
27.5716 18.0221 -6.9514 -0.9078 6.5559 -2.1828 -4.2936 1.3300 -1.1856 -4.2612 -1.1475 -1.2485 -3.0560 
28.4602 19.8612 -4.9072 0.0023 6.7183 -2.1107 -4.8502 0.3776 -1.4798 -4.0840 -1.2357 -1.4989 -3.2581 
28.5844 19.0363 -6.0084 0.6411 7.4524 -2.8379 -5.0843 1.1835 -1.6646 -4.8362 -0.6360 -0.5037 -3.5319 
30.8742 19.5839 -7.6331 1.3574 8.8730 -3.1939 -4.4985 3.2522 -1.1944 -5.4700 -0.3379 -0.4023 -4.0947 
32.2280 19.6116 -9.0594 1.6312 9.5153 -3.9603 -4.7653 3.6282 -2.2524 -6.8451 -0.0873 0.1822 -4.2284 
32.4055 18.9355 -10.3226 1.6402 10.2450 -3.8210 -4.7513 3.8233 -2.3142 -6.6780 0.6471 0.6746 -4.1913 
32.8295 18.7682 -11.2932 1.0804 10.0523 -4.1583 -4.8035 4.2013 -1.9729 -6.3376 0.9665 0.4472 -4.7264 
32.5353 18.2569 -11.8611 0.9905 10.7470 -3.5275 -5.0612 3.8065 -1.6745 -6.2148 0.1672 -0.1073 -4.0409 
33.7651 19.2085 -12.0013 0.8685 11.0717 -3.1581 -4.7160 4.1207 -1.7717 -6.7505 -0.2817 -0.1710 -3.8531 
33.5145 19.1788 -11.8879 0.7444 11.3333 -2.6911 -5.1327 3.4643 -1.2664 -5.6967 0.1970 -0.0306 -3.9959 
34.8697 19.9725 -13.1036 -0.8590 11.1731 -2.1532 -5.6921 2.0786 -2.2271 -6.4050 -0.6577 -0.3380 -3.6280 
36.8047 21.7909 -13.2005 -2.1693 10.3905 -1.4377 -4.5740 2.0121 -3.0914 -6.8319 -0.8654 -0.6878 -3.2594 
37.7181 23.6136 -11.7580 -2.3780 10.3723 -0.3398 -4.3232 1.3592 -2.8919 -6.1804 -0.5935 -0.0944 -2.5300 
38.2137 25.0530 -10.9222 -4.2770 8.4205 0.2257 -3.6550 0.3509 -3.7652 -6.3134 -1.2529 -1.0451 -2.8265 
38.9538 25.8758 -10.9367 -5.2498 7.6315 0.5001 -3.2950 -0.4083 -4.9518 -6.6437 -0.9912 -1.0852 -2.9778 
40.0412 27.2665 -10.4573 -5.9897 6.9356 0.6575 -2.9454 -0.0439 -4.1644 -5.9813 -1.0700 -1.3906 -2.9682 
40.8229 28.1674 -9.9191 -5.7757 6.8657 0.6821 -2.4579 0.5709 -3.7977 -5.6452 -0.7742 -1.4180 -2.8415 
40.4215 28.1598 -9.6079 -6.3596 5.6992 -0.0878 -2.8513 0.4474 -3.5037 -5.4396 -1.1259 -1.9309 -3.1251 
40.3708 28.0704 -9.7233 -6.7219 4.7689 -1.2175 -3.4101 0.4826 -3.3681 -5.3371 -1.0854 -2.1016 -3.3214 
39.2177 28.2343 -7.9754 -6.5914 3.7678 -1.3599 -3.4207 0.1725 -2.8833 -4.6042 -1.2698 -2.5247 -3.3362 
39.0108 28.6084 -7.0315 -6.2053 3.8038 -1.1872 -3.4099 0.3570 -2.0281 -3.9115 -1.4427 -2.8930 -3.2623 
38.5946 28.4173 -6.7543 -6.1633 3.3842 -1.6748 -3.6134 0.6201 -1.4378 -3.5458 -1.4981 -2.9367 -3.1934 
38.9534 28.6728 -6.6929 -5.9354 3.4684 -1.9544 -3.7262 0.8926 -1.1686 -3.3034 -1.1343 -2.7580 -3.2640 
39.6303 29.1806 -6.7305 -5.9247 3.4447 -2.3215 -4.0282 1.0156 -0.9632 -3.3479 -1.3293 -2.8933 -3.2105 
38.8025 28.7496 -6.2779 -5.7636 3.1100 -2.6030 -4.3852 0.4582 -1.2180 -3.2669 -1.4947 -3.3854 -3.6701 
39.0751 28.5043 -6.9392 -5.6653 3.4704 -2.8523 -4.6973 0.5510 -1.0906 -3.1856 -1.2610 -3.0180 -3.3005 
38.9125 29.3856 -5.4043 -5.6340 2.9928 -2.1965 -4.0042 0.5507 -0.7334 -2.4592 -0.9670 -2.8893 -2.9537 
38.6511 29.4165 -5.2504 -6.2516 2.2223 -2.1632 -3.8726 -0.1716 -1.7643 -2.8749 -0.7956 -2.6210 -2.8218 
39.7398 28.4858 -7.8841 -6.1910 2.8251 -4.0951 -5.2976 0.5910 -1.7899 -4.1778 -1.1577 -2.2341 -3.0372 
39.3802 29.7320 -5.7008 -6.2942 2.5320 -2.2185 -3.9090 0.2441 -1.4770 -2.9545 -0.6388 -2.1540 -2.6326 
39.9125 29.0985 -7.6166 -7.1059 2.4586 -3.0860 -5.0415 -0.5678 -2.4050 -3.7097 -0.8071 -2.3028 -3.1889 
39.2655 28.8280 -7.0309 -6.4964 2.9313 -2.4683 -4.3413 0.2609 -1.4179 -2.9605 -0.3010 -1.5149 -2.2026 
39.5178 29.3079 -6.7656 -6.7665 2.9374 -1.8243 -4.0784 -0.1969 -1.6098 -2.5487 0.0383 -1.5049 -2.2626 
39.9163 29.1439 -7.6831 -7.3627 2.5211 -2.4808 -4.6410 -0.8339 -2.5901 -3.1899 -0.1266 -2.0259 -3.0824 
40.3479 29.7377 -7.2359 -6.9470 3.2938 -1.5520 -3.9617 -0.0832 -1.6507 -2.6636 0.0831 -1.4574 -2.4076 
39.8101 29.2381 -7.1992 -6.7188 3.1839 -1.8634 -4.1265 -0.3779 -2.2172 -2.9524 0.1351 -1.7194 -2.9626 
38.9818 28.4235 -7.4627 -6.8500 2.8319 -2.5750 -4.9974 -0.9036 -2.4443 -3.4473 -0.4216 -1.6784 -2.7605 
38.8922 28.6536 -6.7450 -6.1551 3.3015 -2.1681 -4.6019 -0.4440 -1.7665 -2.6811 0.1287 -1.4489 -2.7893 
37.3170 27.5262 -6.4433 -5.9824 3.0420 -2.1699 -4.6003 -0.8301 -2.1503 -2.9084 -0.1802 -1.6969 -2.8983 
37.4117 27.6309 -6.1328 -5.3988 3.1872 -2.7348 -5.0325 -0.6977 -2.1150 -3.3395 -0.5378 -1.5684 -2.6240 
36.9154 27.9023 -5.1422 -5.4004 2.9037 -2.1515 -4.5470 -0.8394 -1.9965 -2.9166 -0.3716 -1.5433 -2.7055 
36.5571 27.1908 -5.0979 -3.6925 4.2525 -2.7611 -5.5064 -0.7857 -1.6186 -2.6205 0.0225 -1.3079 -2.6184 
33.9904 26.0979 -3.7878 -4.0550 3.0530 -2.6573 -5.7529 -1.7878 -1.5396 -2.2199 -0.6470 -2.0178 -2.9388 
34.1414 25.8642 -4.0615 -3.6326 3.1617 -3.0521 -5.3286 -1.0342 -1.8859 -2.9116 -0.5091 -1.4897 -2.4876 
32.2620 24.7176 -3.3228 -3.1309 3.1406 -2.7945 -5.2315 -1.3667 -2.1369 -3.0380 -0.4576 -1.0228 -2.2166 
30.9138 23.6442 -3.1350 -2.9418 2.6170 -3.1909 -4.8681 -0.7986 -1.8167 -2.7682 -0.2318 -1.0418 -2.4418 
29.7144 22.4487 -3.1888 -2.1660 3.3467 -2.7828 -4.5220 -0.6154 -1.8558 -2.4990 0.4855 -0.5891 -2.6461 
28.5855 21.6171 -3.1120 -2.1213 3.5667 -1.9935 -3.6479 0.3413 -0.5584 -1.5968 0.5495 -0.6773 -2.6636 
26.7988 20.3867 -2.5486 -1.7300 2.9911 -2.3804 -3.2306 0.8645 -0.4966 -1.7607 0.4408 -0.9540 -3.2026 
26.6570 19.9916 -2.7296 -1.1509 3.4879 -2.5731 -3.3065 1.2075 -0.4712 -2.0742 0.5133 -0.3318 -2.4977 
25.4005 19.4065 -2.1840 -1.3053 3.2094 -1.9854 -3.0481 0.5863 -0.8383 -2.0125 0.3118 -0.7410 -2.7926 
23.9541 17.9659 -2.6645 -1.6430 2.4804 -2.6653 -3.2951 0.3739 -1.4159 -2.6000 0.2998 -0.1387 -1.9918 
23.0372 16.4197 -4.1532 -2.1618 2.8366 -2.2188 -2.9538 0.7510 -1.1843 -2.6959 -0.0106 -0.5797 -2.6691 
22.4271 15.8072 -4.1122 -1.6653 3.0970 -2.2625 -2.8998 0.6570 -1.7433 -3.1949 0.0003 -0.3305 -2.4848 
21.9688 15.6189 -3.8484 -1.6126 3.1909 -1.8150 -2.6856 0.4996 -1.5963 -2.7576 0.0639 -0.6733 -2.7739 
21.7286 15.1570 -4.4653 -2.1587 2.8175 -2.0863 -2.7923 0.6142 -1.5102 -2.8441 0.1541 -0.1062 -1.9528 
20.8963 14.4782 -4.2966 -1.6726 3.1650 -1.8662 -2.5772 0.8650 -1.2561 -2.6400 0.3678 0.2078 -1.5835 
20.7867 14.4416 -4.4361 -2.3944 2.0745 -2.7304 -3.0350 0.6343 -1.4741 -2.9192 0.1078 -0.1372 -2.2471 
20.7432 14.0052 -4.7787 -1.6856 2.9355 -2.7929 -3.4231 0.5110 -1.6298 -3.2351 -0.3791 -0.8751 -2.9111 
20.5171 13.7904 -4.9835 -2.0520 2.6882 -2.6796 -2.9930 1.2843 -0.6716 -2.4689 0.2678 -0.0812 -2.1539 
20.4883 13.5752 -5.4400 -2.2998 2.9744 -2.4295 -3.5133 0.4063 -1.0104 -2.4395 0.0043 -0.4072 -2.1030 
20.9974 13.6133 -6.0043 -2.1815 3.7413 -1.7478 -2.8534 0.9876 -0.9482 -2.5839 0.1737 -0.2271 -2.2440 
20.1786 13.4748 -5.1337 -2.1503 3.0468 -1.6241 -1.9319 1.6616 -0.8191 -2.8508 -0.2908 -0.5275 -2.3875 
19.7602 13.2538 -5.0071 -2.1865 3.0531 -1.4554 -2.0042 1.5867 -0.3611 -2.2717 -0.1776 -0.5917 -2.1008 
20.1670 13.3859 -5.0407 -1.4379 3.9415 -1.5619 -2.8703 0.6032 -1.3011 -2.9125 -0.3160 -0.4330 -1.8713 
21.8533 14.9765 -4.0629 -0.0675 4.7590 -1.5335 -2.1538 1.6147 -1.2897 -2.8086 0.7722 0.1721 -2.2934 
24.4079 17.7625 -2.3497 1.3913 5.5216 -2.0671 -3.2707 0.5746 -2.3002 -3.8175 -0.3931 -1.1327 -3.0112 
24.7866 18.3194 -1.9647 1.5430 5.9778 -1.1475 -2.6242 0.4531 -2.8560 -4.2911 -0.5048 -0.9628 -2.9244 
27.6829 20.3993 -2.4897 1.1082 5.8884 -2.1077 -3.6950 0.1677 -2.7180 -3.8549 -0.1818 -1.5298 -3.2968 
28.0662 19.5449 -3.9785 1.5907 6.3731 -3.5188 -4.3038 1.2565 -2.9162 -5.4846 -0.6379 -1.2186 -4.1626 
30.7871 19.7869 -6.4043 2.7978 8.5840 -4.2680 -4.1967 3.5421 -2.4657 -6.2138 0.4142 -0.0916 -4.1846 
30.7967 18.9621 -8.1710 1.6437 8.3856 -4.6002 -5.1253 2.3426 -3.7292 -7.1512 0.2242 -0.1997 -5.2129 
32.2316 19.7277 -8.5929 2.0716 9.1759 -4.5988 -4.8966 3.3792 -2.9113 -6.8603 0.4248 0.0409 -4.6839 
33.5279 20.2527 -9.4502 2.1559 10.2879 -4.0600 -4.6563 4.3543 -1.8458 -6.5472 0.4855 0.3786 -4.2680 
34.1987 19.7938 -11.3733 1.5138 11.2217 -3.9098 -5.8139 3.6544 -1.4760 -6.3315 -0.0221 0.0769 -3.8215 
34.2492 19.0490 -12.9156 0.7800 11.5348 -3.4782 -5.4715 3.8308 -1.8872 -6.7921 0.3549 0.6533 -4.0365 
34.1707 18.8259 -13.4510 0.3862 12.2666 -1.8934 -4.4039 4.2198 -1.4009 -6.4077 0.3023 0.8289 -3.5503 
35.3297 19.5605 -14.1484 -0.5990 11.7958 -2.1324 -4.7829 3.8050 -1.5611 -6.2426 0.5969 1.1727 -3.1226 
35.6102 19.6060 -14.7128 -1.3169 11.3963 -2.3046 -5.0248 3.4882 -1.7976 -6.3659 0.4462 0.7763 -3.7444 
37.0942 20.9729 -14.8955 -2.3312 11.0003 -1.9780 -5.2955 2.1182 -3.3298 -7.3541 -0.0307 0.9502 -2.7872 
37.2070 22.3871 -12.9807 -2.4860 10.2576 -1.4045 -4.8931 1.8574 -2.9899 -7.3729 -1.4856 -0.2235 -2.7591 
39.0063 25.4942 -10.8119 -3.3093 9.2356 0.0367 -3.4624 1.3797 -3.2975 -6.5259 -0.9884 -0.2613 -2.1990 
40.0899 26.6041 -10.8761 -4.4882 8.1646 -0.0631 -3.2928 0.9937 -3.7226 -6.3917 -0.9315 -0.8557 -2.7757 
40.5900 27.0359 -11.2130 -5.4321 7.3950 -0.5329 -3.8314 0.6565 -3.6760 -6.5375 -1.4062 -1.1587 -2.8380 
41.4082 28.0319 -10.6945 -5.5373 7.0649 -0.3889 -3.2558 0.9999 -3.4806 -5.9736 -0.9396 -1.3920 -3.1281 
41.2121 28.2677 -10.0327 -5.5357 6.5127 -0.4689 -2.8977 1.1017 -3.4856 -5.7911 -1.0832 -1.9673 -3.2261 
40.7932 28.2158 -9.5777 -5.6110 5.8378 -1.0528 -3.1024 1.3613 -2.8653 -5.4193 -1.2704 -2.2961 -3.4098 
39.9935 27.9762 -9.0540 -5.9629 4.7822 -1.8283 -3.7013 1.0490 -2.4605 -4.9704 -1.4834 -2.7473 -3.7583 
39.5188 28.1060 -8.2560 -5.9563 4.1975 -2.1915 -4.0623 0.8476 -1.9398 -4.3448 -1.6188 -3.3464 -4.1810 
38.8183 28.5143 -6.6189 -5.4720 3.9830 -1.8761 -3.9450 0.9158 -0.9292 -3.3960 -1.6049 -3.1087 -3.4970 
37.8857 28.1773 -6.0106 -5.8065 2.8117 -2.2161 -3.6294 0.5405 -1.7048 -3.4433 -1.1545 -3.0827 -3.9391 
37.8189 28.4707 -5.4258 -5.6198 2.6940 -2.4263 -3.9269 0.7439 -0.8263 -2.8840 -1.2510 -3.0633 -3.6966 
38.2389 28.8080 -5.3961 -5.5789 2.7425 -2.3995 -3.8328 0.6755 -1.0946 -2.8002 -0.8131 -3.0314 -4.0413 
38.4212 28.4038 -6.1040 -5.2620 3.1749 -3.1780 -4.8582 0.4986 -1.0156 -2.9882 -1.0255 -3.2876 -4.3778 
39.4669 28.2463 -7.2946 -4.5304 4.1814 -4.0488 -5.3233 1.7061 -0.5195 -3.8895 -1.2752 -2.2468 -3.4872 
38.7350 28.4793 -6.6324 -5.9126 2.8718 -3.1261 -4.7382 0.4049 -1.4198 -3.5361 -1.2934 -2.9701 -3.8735 
39.0482 29.2104 -6.0351 -6.0791 2.9081 -2.3829 -4.4476 0.0710 -1.2502 -3.0001 -1.2575 -3.0204 -3.3591 
40.7966 29.7453 -7.1607 -5.5684 4.1690 -2.3538 -4.2815 0.9830 -1.0157 -3.0785 -0.5885 -2.2158 -2.7743 
40.7794 29.2234 -8.2523 -6.4079 3.7287 -2.7581 -4.6744 0.4549 -1.9011 -3.7389 -0.4528 -1.9868 -3.2309 
41.7639 29.9251 -8.3172 -6.1513 4.3614 -2.2869 -4.2954 0.7282 -1.9265 -3.6830 -0.0104 -1.4736 -2.8218 
42.5856 30.2600 -8.8133 -6.2471 4.5079 -2.3035 -4.1343 0.7005 -2.3943 -3.5971 0.7161 -1.2811 -3.0693 
42.2804 29.8038 -9.1481 -6.2053 4.6436 -2.6680 -4.6763 0.8283 -2.0351 -4.0101 0.1492 -0.9800 -2.7500 
42.5405 30.2438 -8.8233 -6.2245 4.7266 -2.1259 -4.2159 0.7768 -2.0888 -3.6496 0.4897 -1.0386 -2.8978 
41.7544 30.1286 -8.0045 -6.2385 4.0447 -2.3106 -4.1886 0.4463 -2.4810 -3.8289 0.4959 -1.0595 -3.3185 
42.0746 29.9792 -8.5239 -5.9138 4.6549 -2.6213 -4.8694 0.4701 -2.0224 -3.7154 0.3042 -0.9865 -3.0094 
41.1674 29.8498 -7.5529 -5.7932 4.3142 -2.1079 -4.3530 0.1902 -2.0774 -3.2201 0.4319 -1.1804 -2.9048 
40.3863 29.4814 -7.1097 -5.5606 4.4618 -1.7289 -4.3218 -0.1869 -2.3054 -3.2800 0.4788 -0.9629 -2.9207 
39.1864 28.5668 -6.7265 -4.8981 4.5588 -1.8942 -4.3440 -0.2738 -2.5287 -3.3183 0.6137 -1.0023 -3.2307 
38.0722 28.1141 -6.3523 -5.6351 3.6152 -1.6696 -4.0574 -0.5884 -2.6412 -3.3653 0.2038 -1.2876 -3.3906 
37.5428 28.0379 -5.5834 -5.2205 3.3267 -1.6970 -3.4889 -0.1609 -2.5283 -3.0276 0.6479 -1.2397 -3.4874 
36.7525 27.5314 -5.4971 -5.6832 2.4613 -1.8316 -3.0268 -0.2116 -3.1751 -3.3830 0.7990 -1.2965 -4.0734 
36.7944 26.9848 -6.3055 -5.5019 2.9490 -1.9059 -2.6746 0.8407 -3.0002 -4.4319 0.2379 -0.4981 -3.0585 
34.2702 25.7871 -4.5593 -4.4008 2.8308 -1.4333 -2.0724 0.7528 -2.8375 -4.2053 -0.6606 -1.5141 -2.8338 
33.3586 25.2562 -3.9818 -3.5445 3.6774 -0.6801 -1.9208 0.3918 -2.9473 -3.7913 -0.0005 -0.9755 -2.8462 
32.9585 24.4099 -4.7142 -3.4363 3.8484 -1.2532 -2.5817 0.2281 -2.9117 -3.7571 -0.0054 -1.1425 -3.0755 
32.8435 24.3930 -4.6326 -3.5578 3.7312 -0.9156 -2.0575 0.3898 -2.8952 -3.5010 0.2309 -1.0444 -2.7951 
32.5781 24.0899 -4.6901 -3.2616 4.1443 -0.8634 -2.4857 -0.2449 -3.6331 -4.2749 -0.2025 -1.0640 -2.8808 
32.9278 24.5048 -4.4550 -3.2036 4.0192 -1.1721 -2.7234 -0.0942 -3.2649 -4.0768 -0.0958 -0.8747 -2.9120 
32.4241 23.9178 -4.5324 -2.6113 4.8168 -0.6250 -2.5063 -0.2386 -3.6018 -4.1905 0.1081 -0.4688 -2.2686 
32.3015 23.7264 -4.8033 -2.9661 4.5234 -0.7423 -2.5508 -0.4204 -3.9735 -4.5423 -0.0251 -0.5350 -2.4762 
38.6456 27.6131 -7.9906 -6.1052 4.1930 -1.0898 -3.6579 -0.9450 -3.2440 -2.7380 0.8414 -2.1503 -3.6118 
40.5955 28.0499 -9.7276 -5.9866 5.3142 -1.9709 -4.8102 -0.0481 -2.1722 -3.0626 0.5936 -1.6682 -3.5343 
41.4975 28.4973 -10.2309 -6.0465 5.6918 -2.3032 -5.4551 0.2015 -1.5391 -3.0921 0.5474 -1.0077 -3.1497 
40.1003 27.5962 -9.8231 -5.8427 5.5155 -2.4514 -6.0495 -0.5950 -1.4756 -2.4234 0.6612 -1.6083 -3.7988 
40.0211 27.5303 -10.0405 -6.4980 4.7794 -2.6515 -5.7985 -0.5130 -1.8174 -2.8918 0.3961 -1.7240 -4.1282 
40.8320 28.9844 -8.9052 -6.3995 5.0960 -1.7526 -5.6259 -0.6241 -0.9498 -1.8809 0.7649 -1.1649 -3.3082 
39.7968 28.2523 -8.6883 -6.3119 4.7055 -2.1980 -5.9369 -0.8465 -1.2684 -2.3748 0.5212 -1.0314 -3.4412 
39.9673 28.2685 -8.9250 -6.3919 4.8672 -2.1610 -6.2760 -1.2333 -1.1116 -1.8542 0.4959 -1.6289 -3.5902 
40.2589 28.6060 -8.5856 -5.9123 5.3161 -1.7897 -5.7767 -0.7173 -0.8068 -1.5394 1.0100 -1.1835 -3.3091 
40.0684 28.4182 -8.7029 -6.0038 5.3074 -1.9142 -6.1080 -0.8815 -0.7903 -1.7096 0.9082 -0.9505 -3.3140 
39.5364 28.6287 -7.6238 -5.8290 4.8425 -1.7280 -5.7916 -1.1128 -0.7224 -1.1756 0.7900 -1.6151 -3.3486 
38.5173 28.2006 -7.0465 -5.9484 4.2486 -1.6637 -5.6155 -1.5634 -1.2103 -1.2227 0.8528 -1.7167 -3.6023 
37.7534 27.8144 -6.3604 -5.5001 3.4952 -2.4579 -5.2204 -0.9360 -1.5016 -1.7474 0.8804 -1.5654 -3.7301 
37.0509 27.1009 -6.3576 -5.1199 3.3443 -3.0151 -5.2412 -0.5237 -1.4752 -2.1066 0.6385 -1.4963 -3.4504 
37.2399 27.1475 -6.4234 -4.7940 3.9132 -2.6492 -4.9982 -0.2164 -1.2832 -2.1490 0.5538 -1.4044 -3.1379 
37.1072 27.3121 -6.1959 -5.1827 3.6435 -2.2057 -4.6503 -0.2962 -1.2330 -2.1178 0.2109 -1.6598 -3.0492 
37.5630 27.3083 -6.8012 -5.2340 4.0834 -1.9148 -4.4094 -0.2650 -1.9017 -2.9514 0.1050 -1.1624 -2.5135 
37.7362 27.3198 -7.0782 -5.3468 4.3970 -1.3976 -4.0823 -0.3383 -2.2774 -3.3439 -0.0038 -0.8526 -2.0772 
37.7661 26.9961 -7.8474 -5.6672 5.1131 -0.3917 -3.9293 -1.0270 -2.7750 -3.0749 0.4343 -0.9951 -2.4221 
37.8714 26.4628 -9.1473 -6.4828 5.2170 0.0421 -3.7599 -1.4248 -3.4974 -3.6017 0.0238 -1.4977 -2.6370 
37.5361 26.5807 -8.5326 -6.2690 5.4681 0.7170 -3.5532 -1.9032 -3.7758 -3.4107 0.4079 -1.0463 -2.4657 
37.1066 26.8052 -7.4200 -5.7736 5.2263 0.8904 -2.8677 -1.6560 -4.2786 -3.8939 0.6733 -0.4150 -2.2895 
36.6246 26.4422 -7.4838 -6.1473 4.6539 0.7061 -2.9217 -2.2196 -5.0718 -4.3417 0.3504 -0.9004 -2.6823 
36.9367 26.6947 -7.5667 -6.1518 5.0798 1.0541 -2.9815 -2.0099 -4.4369 -4.1248 0.0649 -1.0220 -2.6061 
35.8384 26.2456 -6.7535 -5.8104 4.8764 1.3067 -2.5330 -1.8994 -4.4056 -4.0985 -0.0494 -1.0363 -2.4256 
34.2200 25.2330 -5.9066 -5.0003 4.6724 1.0574 -2.1992 -1.4343 -4.1306 -4.1022 -0.3959 -1.2595 -2.2838 
32.4689 24.4924 -4.1694 -3.4345 4.7698 1.1112 -1.3706 -0.7904 -4.2364 -4.2798 0.0152 -0.5000 -2.0689 
31.9546 23.7648 -4.6119 -3.3514 4.8902 0.8340 -1.6825 -0.9473 -4.6810 -4.9178 -0.1935 -0.4935 -2.4588 
32.4405 23.8946 -4.8389 -2.9186 5.4851 0.8596 -1.6609 -0.5982 -4.4424 -4.7862 0.0349 -0.2751 -2.1890 
31.2688 23.0904 -4.2607 -2.1301 5.3995 0.1235 -2.0777 -0.2447 -3.8816 -4.6643 -0.1356 -0.4526 -2.5415 
29.2264 22.0445 -3.1076 -1.6736 4.8157 0.1388 -1.7588 -0.4327 -3.8479 -4.0862 0.2805 -0.1910 -2.1527 
28.2283 21.2693 -2.8227 -1.0424 5.1615 0.2991 -1.2410 0.5647 -3.1631 -4.1995 0.1417 0.1176 -2.0932 
27.1798 20.2389 -2.8707 -0.4752 5.3433 -0.3921 -2.0869 0.4347 -2.8638 -4.2089 -0.0398 0.1756 -2.0988 
26.5070 18.5498 -4.6939 -0.4614 6.4257 -0.1696 -2.2597 1.0645 -1.9573 -3.9620 -0.3262 -0.0472 -1.9839 
26.7879 18.0880 -6.0508 -1.0465 6.8468 -0.0323 -2.7544 0.7206 -1.7499 -3.5266 -0.2376 -0.5050 -2.2509 
26.8284 17.2951 -7.2821 -0.7350 8.1751 0.4341 -3.0814 0.5749 -1.5894 -3.1152 0.2781 -0.4228 -2.4878 
22.9256 15.1317 -5.9195 -1.7226 4.8732 -0.6706 -2.1297 0.7664 -2.1018 -3.3194 0.1232 -0.6572 -2.7839 
31.4680 19.5597 -11.4180 -5.4384 6.3042 -0.0778 -3.2603 1.1062 -0.2769 -1.3415 1.3082 -1.3273 -4.0880 
35.8113 20.5102 -15.1628 -5.2500 8.1051 -2.0933 -4.9667 2.3173 -0.5590 -3.5190 0.7349 -0.7774 -3.9144 
36.2537 20.1054 -16.1985 -4.7438 9.3656 -2.2102 -6.0150 1.5943 -1.2279 -4.2438 0.8099 0.3224 -2.5069 
35.0894 19.5023 -15.9607 -5.4633 8.4079 -1.9409 -5.2848 1.6512 -1.8898 -5.4313 -0.2508 0.0931 -2.3762 
34.6584 19.0017 -16.3950 -5.9442 8.2721 -1.3540 -4.4042 2.1428 -1.7447 -5.2021 -0.0440 -0.1127 -2.8361 
33.6106 18.4830 -15.7571 -5.7153 7.7127 -1.9928 -5.0440 1.4365 -2.2729 -5.7755 -0.8314 -0.5154 -2.6794 
33.2109 18.7779 -14.9430 -6.1223 6.7445 -2.0672 -4.7630 1.3508 -2.2758 -5.4082 -0.0523 0.7892 -1.4295 
31.0794 17.2371 -14.8037 -6.1946 7.0035 -0.7217 -4.0441 0.8829 -2.2270 -4.6485 0.1954 0.6136 -1.5204 
30.0815 17.5850 -13.1640 -6.5267 5.8466 -0.1695 -2.9776 1.1207 -2.0017 -4.3716 -0.0077 0.3258 -1.8854 
29.8064 18.5570 -10.8244 -4.9943 6.7072 0.8874 -2.4260 1.1391 -1.7731 -4.3209 -0.2669 0.4045 -1.9876 
33.4197 23.0423 -7.8651 -3.6667 7.1912 1.3894 -2.3740 -0.0988 -3.2343 -4.5764 -0.2753 -0.5260 -2.7494 
36.1261 25.9392 -7.2519 -4.7017 6.8964 2.5668 -1.7222 -1.0701 -4.3909 -4.9228 -0.6041 -1.0988 -2.5514 
37.7468 26.7113 -8.4594 -5.9481 5.9776 1.7107 -1.8920 -0.9369 -4.7626 -5.1040 -0.3205 -1.4060 -3.2826 
37.2510 26.7410 -7.8329 -6.0064 5.7705 2.4186 -1.1477 -1.1821 -5.2984 -5.2290 -0.4331 -1.6540 -3.1985 
36.4560 26.5452 -6.6208 -4.8938 5.6230 1.7391 -1.0948 -0.4547 -4.8847 -5.3710 -0.4776 -1.4031 -3.1938 
36.4601 26.0755 -7.4133 -5.0663 5.6537 1.0269 -2.0167 -0.5930 -4.5866 -5.5241 -1.0497 -1.8413 -3.4787 
35.7140 26.2465 -6.2752 -5.1499 5.1541 1.8088 -0.9861 -0.3629 -4.3413 -5.0605 -0.9167 -1.6009 -2.7042 
36.2031 26.4966 -6.7271 -5.6103 5.1892 1.8724 -1.3707 -0.8180 -4.4043 -4.8970 -0.8978 -1.8875 -3.1512 
36.7159 26.8862 -6.5512 -5.1246 5.6411 2.0434 -1.1920 -0.8171 -4.6148 -4.6420 -0.2856 -1.7266 -3.2398 
37.8738 27.2939 -7.5234 -5.4891 5.9124 1.7549 -1.4518 -0.1723 -4.0110 -4.9812 -0.8804 -1.8439 -3.1312 
37.8297 26.7841 -8.4465 -6.0248 5.6329 1.1109 -2.2383 -0.5429 -3.9718 -4.8925 -1.0699 -2.3552 -3.6077 
37.2955 27.1040 -7.2599 -5.8860 5.3602 1.8197 -1.4821 -0.5601 -3.7962 -4.1818 -0.6017 -2.2133 -3.3163 
36.4774 26.7472 -6.7492 -5.8328 4.9709 1.8353 -1.3501 -0.8335 -4.1090 -4.3553 -0.9561 -2.5790 -3.3867 
36.0113 26.5907 -6.1575 -5.2152 5.1375 1.7803 -1.2399 -0.4738 -3.7737 -4.2826 -0.9428 -2.4101 -3.3479 
35.4571 25.3018 -7.2198 -4.8403 5.1950 0.0814 -2.6249 -0.0665 -3.2390 -4.7465 -1.5127 -2.8120 -4.2452 
35.2079 25.5936 -6.2517 -4.2786 5.3324 0.4365 -2.0902 0.5102 -2.5177 -4.1444 -1.2105 -2.4270 -3.6075 
34.6189 25.3065 -6.2932 -5.0865 4.5956 0.6150 -2.1201 -0.3567 -3.1188 -4.0449 -1.2079 -2.7917 -3.9945 
34.3185 25.8272 -4.9105 -4.4583 4.7437 1.2348 -1.5245 -0.0694 -2.5246 -3.2415 -0.7373 -2.5782 -3.8192 
33.3986 25.3711 -4.3334 -4.1133 4.5696 0.9437 -1.9511 -0.3592 -2.3076 -3.0217 -0.9546 -2.8625 -4.0292 
33.1355 25.1459 -4.2950 -3.9115 4.8471 1.1721 -1.9911 -0.6557 -2.5934 -3.2135 -1.0258 -2.5297 -3.4029 
32.2337 23.7846 -5.2407 -3.9488 4.8486 0.6476 -2.2180 -0.4563 -2.9528 -4.0622 -1.4755 -2.7861 -4.0723 
33.1133 22.8805 -6.8376 -1.9465 6.9971 -0.6822 -2.9544 1.5597 -1.9842 -4.8913 -1.2533 -1.6554 -3.7224 
31.6549 21.5899 -7.0966 -1.9817 7.1358 -0.4922 -3.1900 1.4677 -1.4182 -4.6356 -1.8296 -2.0860 -3.5005 
33.8864 21.1002 -10.6472 -2.0518 8.8769 -1.5669 -4.5998 2.1192 -1.4324 -5.9223 -2.0486 -1.5010 -3.5656 
35.2929 20.9401 -12.3482 -1.3293 10.7528 -1.0441 -3.9015 3.5653 -0.7589 -5.2747 -0.5468 -0.5407 -3.3472 
34.6231 19.4871 -13.5065 -0.7330 11.6329 -1.4956 -4.3705 4.0960 -0.3217 -5.2711 -0.2247 -0.1446 -3.4268 
34.0164 18.8807 -13.6551 -0.7672 11.2827 -2.0991 -4.8317 4.0109 -0.0503 -4.8789 -0.0545 -0.1701 -3.2085 
33.0963 17.0222 -15.4122 -0.8266 12.1152 -1.7625 -4.7768 3.7382 -0.9464 -5.2874 0.4513 -0.2791 -4.2229 
33.4915 17.3161 -15.6100 -1.3562 11.6909 -1.4529 -3.9420 3.8921 -1.5601 -5.2935 1.1558 -0.2033 -4.6707 
32.6438 16.8254 -15.1186 -1.2957 10.3944 -2.9034 -3.9482 4.8280 -1.1935 -5.1607 2.5281 1.9236 -3.7843 
32.5406 16.7818 -14.8631 -0.7307 10.9796 -2.6162 -4.1025 4.2528 -1.9591 -5.8435 1.9383 1.4114 -3.9587 
31.9799 15.9433 -15.5244 -1.0943 10.3604 -3.6057 -4.7431 4.0310 -2.4538 -6.5754 1.5231 1.1353 -4.5715 
31.0707 14.6966 -16.6337 -1.9492 9.9168 -3.5724 -4.5671 3.9239 -2.7642 -6.8917 1.0769 0.6833 -4.7147 
32.6305 16.2523 -15.8666 -1.2139 10.3164 -3.8933 -4.7149 4.5664 -1.8625 -5.9284 2.4215 2.0767 -3.8339 
31.1794 14.6581 -17.0172 -2.5216 9.1999 -4.5977 -5.8086 2.8666 -3.4922 -7.4742 0.6299 0.5968 -4.3525 
32.6176 16.4980 -15.8138 -1.8854 10.0502 -3.2916 -4.4961 4.2392 -1.7591 -5.5668 2.6279 2.5975 -3.1721 
33.0099 16.7998 -16.1219 -2.4728 10.0260 -2.7625 -4.2999 4.0171 -1.6674 -5.3058 2.1844 1.5832 -3.6752 
32.2501 16.3754 -15.8909 -2.4719 9.9617 -2.9166 -5.2854 2.5913 -2.6865 -6.2212 1.2244 1.0371 -4.2159 
32.7981 19.5134 -11.2695 -1.1019 9.5983 -1.6709 -4.0608 2.7544 -1.8024 -5.3008 0.7848 0.9347 -3.0946 
37.7937 25.5220 -8.7333 -2.4241 7.7471 -1.9528 -4.6008 1.0063 -3.1076 -5.9686 -0.5800 -0.5393 -3.1189 
39.5130 26.7121 -9.7829 -4.1006 7.4084 -1.2867 -4.6045 0.3068 -3.0389 -5.0043 0.0023 -0.4982 -2.6808 
39.2382 26.7062 -9.8328 -5.2500 5.9474 -1.6969 -4.4581 -0.0989 -3.7701 -5.3342 0.0356 -0.5305 -2.8716 
40.2345 27.4918 -10.7008 -6.9937 5.6968 -0.4200 -3.9604 -0.5660 -3.6171 -4.7644 0.1661 -0.2756 -2.1971 
40.8772 27.2344 -12.2097 -7.5217 6.5287 0.0286 -4.5111 -1.1202 -3.6422 -4.8123 -0.3681 -0.9112 -2.4318 
36.5880 24.6854 -10.1333 -6.0039 5.8595 -0.5610 -4.3634 -0.7359 -3.3220 -5.3290 -1.4258 -1.1524 -2.2878 
36.6857 24.9432 -10.3315 -7.0058 5.4931 0.2522 -3.9884 -1.3038 -3.5589 -4.9923 -1.1460 -0.5999 -1.0035 
32.2434 22.5348 -7.5502 -5.1054 4.2995 -0.4907 -2.7359 0.0568 -2.9781 -4.5019 -0.6034 -0.5908 -1.9266 
30.5441 21.5677 -7.0173 -5.3110 3.6811 -0.1959 -2.4085 -0.3567 -3.3149 -4.6180 -1.0921 -1.1177 -1.9807 
28.9138 19.9413 -7.4239 -5.2440 3.3386 -1.0070 -3.1873 -0.8017 -3.4791 -4.4492 -0.4535 -0.3680 -1.6769 
27.4406 18.4759 -7.8948 -5.3588 3.2800 -0.8817 -3.0771 -0.8615 -3.4669 -4.4038 -0.5944 -0.3551 -1.3006 
25.3358 16.7481 -7.8206 -5.2483 2.5078 -1.9867 -4.2044 -2.0766 -4.6038 -5.4296 -1.7055 -1.5434 -2.3946 
25.0638 16.8235 -7.0231 -4.2644 3.3673 -1.1448 -3.2934 -0.9463 -3.0966 -3.8965 -0.7375 -1.0575 -1.7379 
23.9491 16.1543 -6.5386 -4.0299 2.9378 -1.5613 -3.4171 -0.8237 -2.7750 -3.5841 -0.3796 -0.4495 -1.3140 
23.1345 15.9479 -5.4536 -3.2037 2.8025 -1.6447 -2.6448 0.3437 -1.9571 -3.2099 -0.1368 -0.2856 -1.4524 
22.8284 15.7861 -5.2339 -2.8788 3.1505 -1.3452 -2.4630 0.5650 -1.8251 -3.5490 -0.7022 -0.6029 -1.7275 
28.7771 18.4130 -9.1896 -5.1205 2.1906 -4.1411 -3.0598 2.8670 -1.6498 -4.6052 0.8039 1.2003 -1.8709 
34.8599 21.8322 -11.8733 -5.7866 4.3276 -3.8882 -4.0671 2.9442 -1.5696 -5.0717 0.6603 0.9784 -2.4273 
36.4593 20.9926 -15.0963 -5.1746 7.8244 -2.2760 -3.8434 3.7701 -0.8932 -4.9134 0.8041 1.0389 -2.0757 
35.7380 18.8048 -17.9629 -6.2162 7.9335 -2.7901 -4.1451 4.2722 -0.8895 -5.4357 0.8710 1.1575 -2.8038 
34.2376 17.0920 -18.1115 -4.9065 8.5139 -3.4826 -4.3616 4.6826 -0.9933 -5.7573 0.7503 0.8529 -2.8224 
33.4416 16.7387 -17.1751 -3.4692 9.6289 -3.2280 -4.9735 4.0985 -0.8774 -5.3527 0.9856 0.9132 -3.0646 
33.0341 16.3128 -17.2403 -3.3267 9.5651 -3.4846 -4.9104 4.6356 -0.3664 -5.2148 1.1745 1.7511 -1.8618 
32.4385 15.3307 -17.8329 -2.8644 10.2159 -3.4755 -4.9062 4.9913 -0.1892 -5.1406 1.2891 1.1710 -3.0007 
32.4710 15.5277 -17.4066 -2.2887 10.9476 -2.8141 -4.6727 4.9582 -0.0498 -4.7660 1.8162 1.7712 -2.7937 
32.7270 15.9509 -16.9640 -2.0679 10.7847 -3.3480 -5.4480 4.2474 -0.3669 -4.8033 1.5633 1.1683 -3.3550 
31.5850 15.0140 -16.9541 -1.9227 10.8421 -3.2530 -5.4911 4.2007 -0.1666 -4.6523 1.4735 1.0074 -3.7485 
31.5232 15.0195 -17.1624 -2.8105 9.6959 -4.0357 -6.0549 3.5321 -0.8105 -4.9560 1.7224 1.7385 -2.9278 
30.5850 14.3920 -16.6575 -1.8332 10.7428 -3.2089 -5.9739 3.1667 -0.6590 -4.4554 1.5499 1.0303 -3.1376 
30.1932 14.3800 -16.3424 -2.3614 9.8596 -3.0737 -5.0277 3.8318 -0.4734 -4.5196 1.2162 0.6660 -3.2555 
31.0094 15.2568 -15.9210 -2.2014 9.7449 -3.4315 -5.1830 4.0188 -0.4472 -4.7724 1.1768 0.7935 -3.4837 
29.7561 14.7765 -14.9165 -1.5725 9.9952 -2.9282 -5.1645 3.5857 -0.3268 -4.4832 0.9218 0.6546 -3.2514 
29.2178 14.1369 -15.4344 -2.0673 9.7351 -2.8650 -5.0925 3.5164 -0.3697 -4.3927 1.2649 1.3293 -2.5818 
29.6845 15.2604 -14.5067 -2.5638 9.0661 -2.4036 -4.6136 3.0917 -1.0586 -4.9469 0.8030 1.0757 -2.8384 
29.3311 15.6945 -13.2590 -2.4399 7.9432 -3.3618 -4.8949 3.3219 -0.5204 -4.7259 0.4737 0.9577 -2.3934 
26.0085 13.1567 -12.8970 -2.1360 7.5304 -3.1007 -4.1420 3.8607 -0.0576 -4.6408 0.0131 0.8417 -2.1162 
24.9010 13.8961 -10.3446 -2.1112 6.0169 -3.1253 -3.9457 3.0799 -0.1790 -3.9998 0.0441 0.6425 -1.8839 
22.4972 12.6896 -9.1423 -1.8540 5.4255 -2.9672 -3.9324 2.6703 0.1793 -3.4923 -0.3309 0.1976 -2.0706 
22.1328 13.0633 -8.0622 -1.5130 5.6758 -2.0118 -3.3677 2.4372 0.0295 -3.5461 -0.4621 0.5912 -1.3295 
21.4622 13.0859 -7.0001 -1.0991 5.2864 -2.2329 -3.5596 1.7133 -0.9386 -4.2215 -0.7605 0.3115 -1.9719 
21.6822 13.6583 -6.5935 -1.7894 4.1336 -2.5965 -3.3616 1.7622 -0.6897 -3.5276 -0.3379 0.2757 -1.6176 
20.7442 12.9927 -6.4231 -1.7157 3.9454 -2.7244 -3.6096 1.4039 -0.7099 -3.2898 -0.3664 -0.0682 -1.9087 
20.5817 13.4216 -5.3141 -1.1827 3.8710 -2.2980 -2.7080 1.7845 -0.8725 -3.2015 0.1126 0.3406 -1.7993 
20.4360 13.4063 -5.2544 -1.4859 3.4576 -2.2736 -2.3713 2.0057 -0.8101 -3.2299 -0.0572 0.1207 -2.0132 
18.9476 12.0135 -5.9208 -2.3395 3.0084 -1.6550 -1.6167 2.2645 -0.6195 -3.1577 -0.2853 0.1317 -1.6378 
19.2657 12.3934 -5.3538 -1.3756 3.7717 -1.4348 -1.4296 2.7261 0.0146 -2.4265 0.0667 -0.3954 -2.4559 
19.8315 12.9555 -5.2697 -1.5435 3.5746 -2.0559 -2.8958 1.0636 -0.7166 -2.1944 0.4089 -0.1706 -1.9659 
19.9934 13.1975 -5.0368 -1.5097 3.2772 -2.2285 -2.3211 2.0136 -0.3258 -2.2166 0.7900 0.3770 -1.8935 
19.8493 13.0615 -4.9557 -1.0672 4.0667 -1.4597 -2.0628 1.7668 -0.6592 -2.6026 0.1510 -0.1529 -1.9317 
19.1756 12.6042 -5.1397 -1.8895 3.2159 -1.5660 -2.0643 1.5132 -0.6458 -2.5344 -0.2735 -0.6834 -2.2224 
18.9680 12.5810 -4.6716 -1.3032 3.4064 -1.7868 -2.3404 1.2218 -1.1782 -3.0903 -0.3908 -0.5011 -2.1696 
19.8054 13.3868 -4.5078 -1.4745 3.1905 -1.7897 -2.0694 1.4449 -0.9407 -2.2542 0.9195 0.4616 -1.7108 
18.6726 12.3079 -4.8146 -1.5571 3.0786 -2.0588 -2.5436 1.1846 -1.0292 -2.9223 -0.1164 0.0598 -1.6946 
18.8847 12.6239 -4.5333 -1.3189 3.5084 -1.3129 -1.8447 1.3906 -1.2060 -3.0304 -0.1711 -0.3660 -2.3154 
18.4908 12.0014 -5.0751 -1.5689 3.2495 -1.8739 -2.4301 1.0212 -1.5508 -3.3955 -0.2820 -0.1264 -1.9142 
19.2506 12.7533 -4.7565 -1.3210 3.3617 -2.1311 -2.8169 0.8698 -1.4278 -3.1477 -0.0370 0.1274 -1.6083 
19.0048 12.5038 -5.1799 -2.2496 2.4464 -2.5792 -3.0348 0.8471 -1.1295 -2.9459 -0.2651 -0.2738 -2.0175 
18.4606 12.2625 -4.3617 -0.8610 3.6532 -1.6337 -2.2324 1.1604 -1.3797 -3.1286 -0.0091 0.1809 -1.4794 
19.1107 12.6716 -4.6822 -1.2631 3.4290 -1.8034 -2.2465 1.3616 -1.1408 -3.0487 -0.3398 -0.6249 -2.2526 
18.2448 11.6479 -5.5704 -2.1290 3.0716 -1.7615 -2.5205 1.0702 -0.8755 -2.9129 -0.8833 -1.1527 -2.4489 
18.4626 12.2103 -4.8416 -2.0125 2.4078 -2.4216 -2.8350 0.5821 -1.4596 -2.7037 0.1413 -0.3579 -2.4185 
18.3446 12.2251 -4.4219 -1.1533 3.5192 -1.6103 -2.7377 0.2612 -1.7929 -3.0941 -0.1353 -0.0054 -1.5389 
18.7454 11.8930 -5.7245 -1.8883 3.4459 -1.8587 -2.8256 0.7320 -1.3211 -2.6168 0.7394 0.4177 -2.2929 
19.6562 12.2454 -6.7553 -3.0433 2.9559 -1.8500 -2.6310 0.8621 -1.2499 -2.4737 0.6840 0.1623 -1.9874 
19.3453 12.0765 -6.5485 -2.9712 2.6764 -2.0120 -2.5371 0.7238 -1.5708 -2.3993 1.0647 0.3846 -1.8596 
19.9514 12.6486 -6.4738 -2.9104 3.2075 -1.3398 -2.2058 0.8816 -1.4649 -2.5755 0.8874 0.6572 -1.5758 
20.5526 12.8496 -6.9494 -2.9590 3.5127 -1.5110 -2.6793 0.7122 -1.4104 -2.6362 0.5680 0.1055 -1.9613 
20.5031 12.6238 -7.2534 -2.9864 3.7480 -1.0976 -2.0159 1.3425 -1.1802 -2.5395 0.8235 0.0920 -2.5812 
20.8009 13.0555 -6.8309 -2.6781 3.8296 -1.2669 -2.3878 0.8982 -1.5582 -2.9739 0.1447 -0.4814 -2.5492 
20.1342 12.0564 -7.7621 -3.2852 3.4614 -1.6191 -2.7114 0.6913 -1.6161 -2.8010 0.5254 -0.1982 -2.6178 
19.5620 11.5381 -7.4953 -2.1940 4.7148 -0.9316 -2.4721 1.1768 -0.6801 -1.7966 1.3874 0.5510 -2.1296 
21.9776 12.5590 -9.4855 -3.3053 5.5100 -0.5096 -2.7585 1.5375 -0.0415 -2.1947 -0.0386 -0.8524 -2.6875 
23.5927 12.4436 -11.3529 -2.5812 7.0430 -1.2775 -3.3062 2.6510 -0.1749 -3.4914 0.7319 1.5713 -1.4190 
23.9874 12.3410 -11.9056 -2.4284 7.1228 -2.3614 -4.4987 2.4091 -0.2865 -4.2091 -0.1401 0.7737 -2.4364 
24.4427 12.0956 -12.7020 -2.6339 6.4861 -3.0405 -3.5987 3.0360 -1.5419 -4.6344 1.0590 0.7988 -2.9507 
24.3910 12.4173 -12.2790 -2.9404 5.9676 -3.2007 -3.7505 3.0166 -1.2354 -4.7548 0.4283 0.5696 -2.9494 
25.2361 13.1590 -11.7898 -1.6339 7.5862 -2.8151 -4.4009 2.6970 -1.2515 -4.9746 0.8445 1.9440 -2.0899 
24.5444 12.6348 -11.5882 -1.5598 6.9849 -3.1409 -3.7635 3.5261 -0.5520 -4.0264 1.3066 1.3530 -2.4383 
23.8095 12.6729 -10.8521 -2.2367 5.7275 -3.2072 -3.4734 3.0216 -1.3597 -4.7227 0.6255 0.8510 -2.8103 
23.8063 12.4792 -11.4003 -3.0132 4.8452 -4.1365 -4.3175 2.4265 -1.5231 -4.3138 1.2662 1.0219 -3.1109 
23.1908 12.5944 -10.1662 -2.2790 5.0317 -3.4283 -3.5096 2.3794 -1.9914 -4.5464 0.9849 0.5361 -3.3926 
22.9013 13.3131 -8.8223 -2.3730 4.7318 -2.5406 -2.8887 2.4133 -1.2186 -3.7692 0.6861 0.3001 -3.1081 
22.9423 14.0894 -7.7178 -2.3017 4.7216 -1.6448 -2.3447 2.0698 -1.3070 -3.5175 0.6641 0.5214 -2.3324 
21.8825 13.1281 -7.9616 -2.5343 4.3808 -1.8160 -2.4534 2.1151 -0.7697 -3.0073 0.2060 -0.6611 -3.1868 
21.1068 12.5840 -7.9630 -2.9345 3.6613 -2.3218 -3.0106 1.3539 -1.3217 -3.3510 -0.0613 -0.4616 -2.5689 
20.4931 11.9436 -8.1351 -2.7632 3.8820 -2.3306 -3.3759 0.8026 -1.6908 -3.3472 0.1241 -0.4461 -2.8751 
20.1781 12.0571 -7.6312 -2.8888 3.5867 -1.9709 -2.8125 1.1826 -1.1880 -2.9119 0.1426 -0.4863 -2.7105 
20.6696 12.5330 -7.4573 -2.7537 3.7099 -1.9176 -2.6249 1.5398 -0.9533 -2.7428 0.6051 0.0852 -2.4885 
20.3923 12.5429 -6.8814 -2.3184 3.6001 -2.1568 -2.7118 1.3014 -1.4345 -3.1831 0.2086 -0.3465 -2.7076 
20.2492 12.5599 -6.5936 -1.8674 4.3631 -1.4614 -2.6908 1.1057 -1.1962 -2.9881 -0.0202 -0.4527 -2.6319 
19.5813 11.9214 -7.1638 -3.0971 3.0779 -1.6371 -2.0454 1.3368 -1.6856 -3.4302 0.0847 -0.1409 -2.4225 
19.9182 12.6109 -6.3443 -2.6499 3.1431 -1.7070 -2.2339 1.3216 -1.0717 -2.5320 0.5955 0.1409 -2.0499 
19.0475 12.0444 -5.8894 -2.0463 3.3268 -1.8103 -2.5776 0.6740 -1.7856 -3.0486 0.2519 -0.0619 -1.9654 
19.6458 12.1333 -6.6944 -2.4277 3.6802 -1.4581 -2.1877 1.5877 -0.8038 -2.8236 -0.2807 -0.8192 -2.5807 
18.5452 11.4434 -6.4769 -2.5460 3.6421 -0.6019 -1.2956 1.7093 -1.0384 -3.0592 -0.2854 -0.1343 -1.5901 
18.2577 11.5979 -5.6501 -1.9408 3.7051 -1.0430 -2.3670 0.6097 -1.1335 -2.3311 0.1732 -0.3238 -2.0023 
18.2874 11.4714 -5.8035 -1.9386 3.3087 -1.7647 -2.2614 1.5847 -0.6055 -2.4289 0.4838 0.4469 -1.6153 
17.2093 10.9189 -5.5067 -2.5187 2.4135 -1.5021 -1.7613 1.0666 -1.2739 -2.5450 0.1364 -0.1612 -1.5021 
17.7794 11.5711 -4.9328 -1.6379 3.4079 -1.0239 -1.8320 0.8250 -1.7812 -3.3105 -0.1450 0.2329 -1.4354 
17.9968 11.7508 -4.9435 -1.7835 3.0447 -1.4631 -1.7635 1.8319 -0.1742 -2.0873 -0.0303 -0.3412 -1.6989 
17.8265 11.5689 -5.0121 -1.7563 3.1057 -1.5701 -2.3140 0.8332 -1.1974 -2.7190 -0.4532 -1.0298 -2.4213 
17.7953 11.6443 -4.8500 -1.7221 3.1098 -1.3702 -1.9603 1.0699 -1.2281 -2.6076 0.4092 0.2080 -1.9397 
17.2884 11.4025 -4.3132 -0.9806 3.4931 -1.5486 -2.5709 0.6391 -1.0611 -2.4727 -0.1065 -0.2785 -1.7044 
16.7735 10.9188 -4.7430 -1.8581 2.7274 -1.4312 -1.9498 0.8908 -1.4693 -3.1738 -0.4995 -0.2160 -1.5819 
16.2064 10.4314 -4.5725 -1.2101 3.3343 -1.3523 -2.3121 0.8170 -0.7904 -2.1973 0.1294 0.1533 -1.0143 
16.6759 11.0597 -4.3486 -1.6083 3.0237 -0.9650 -1.7907 0.7454 -1.1663 -2.1597 0.6308 0.4701 -1.3503 
16.3524 10.7186 -4.4693 -1.9189 1.8332 -2.8622 -3.3216 0.0354 -1.7420 -3.2674 -0.9096 -1.0209 -2.4120 
15.7575 10.0092 -4.8860 -1.8485 2.6817 -1.3529 -1.6907 1.3791 -0.8704 -2.7355 -0.0683 0.4103 -1.2320 
16.1403 10.3667 -5.0675 -2.5135 2.1412 -1.5928 -2.2549 0.3887 -1.4592 -2.7587 -0.4025 -0.5067 -2.1208 
16.0129 10.1411 -5.1164 -2.0357 3.1619 -0.0719 -0.6084 1.3027 -1.2063 -1.9928 1.0229 0.6155 -1.2526 
