16.1949 10.4119 -5.0352 -2.5639 1.8056 -1.9752 -2.1677 0.7787 -1.3378 -2.7804 -0.1444 -0.2326 -2.1355 
15.2683 9.8351 -4.8927 -2.8258 1.4149 -1.9159 -2.1922 0.6159 -1.0890 -2.6122 -0.5387 -0.2995 -1.4245 
16.3837 10.9604 -4.0808 -1.3920 3.2317 -0.6386 -1.6469 0.5568 -1.6356 -3.1026 -0.6212 -0.3161 -1.4855 
16.1356 10.6317 -4.3900 -1.7813 2.8117 -0.6766 -1.0689 1.3598 -0.9739 -2.4893 -0.1015 -0.1478 -1.5105 
16.7364 11.1336 -4.4457 -1.8497 3.1295 -0.3768 -1.2188 1.0373 -1.1925 -2.8772 -0.7308 -0.5976 -1.6842 
15.6319 10.1867 -4.6650 -2.3025 2.3737 -0.8613 -1.5745 0.5684 -1.2844 -2.2806 0.0760 -0.0569 -1.3395 
16.0340 10.4782 -4.7474 -2.4072 2.3361 -0.8950 -1.5279 0.6691 -1.1608 -1.9151 0.7436 0.6091 -0.8417 
16.4533 10.8056 -4.4497 -1.4668 3.4141 -0.6937 -2.1480 -0.0714 -1.7044 -2.3382 0.0684 -0.7885 -2.8164 
16.9665 11.3126 -4.5463 -2.0795 2.8263 -1.1079 -2.4765 0.0681 -1.0310 -1.8666 0.2626 0.0396 -1.2933 
16.9683 11.5257 -4.2479 -2.2366 2.4828 -0.7444 -1.3741 0.8654 -1.1198 -2.1406 0.4404 0.0368 -2.0747 
16.0875 10.4973 -4.9331 -2.6374 2.5754 -0.2425 -1.1110 0.7041 -1.2716 -2.4146 -0.3779 -0.7530 -2.1932 
16.1729 10.6816 -4.5648 -2.2445 2.5261 -0.7474 -1.4063 1.0271 -0.6581 -1.8914 0.0916 -0.2910 -1.9288 
18.5274 11.2892 -7.3132 -3.9607 2.8005 -1.0848 -2.6638 0.2336 -1.2082 -2.7622 -0.4310 0.1395 -0.9701 
16.0447 10.8175 -3.7465 -1.3571 2.3837 -1.6364 -1.7760 1.1026 -1.1224 -2.7563 -0.5099 -0.6684 -2.0749 
16.3261 10.6140 -4.7663 -2.0863 2.5811 -1.1634 -1.6357 1.1785 -0.7905 -2.2460 0.1182 -0.0189 -1.6004 
16.2395 10.3913 -5.2337 -2.5352 2.6673 -0.7668 -1.7149 0.6493 -1.0370 -2.0530 0.3688 0.1643 -1.4690 
16.7795 10.7264 -5.3420 -2.4395 2.7839 -1.1287 -2.2733 0.3232 -1.2355 -2.3325 0.0009 -0.2063 -1.7894 
16.1339 9.9893 -5.8677 -2.9820 2.2796 -1.3524 -2.1165 0.7698 -0.7952 -2.1322 0.1134 -0.0403 -1.7440 
16.5871 10.7694 -4.5708 -1.4767 2.8361 -1.6104 -1.6701 1.9654 -0.2578 -2.3630 0.0461 0.0612 -1.7379 
16.1301 10.4728 -4.2776 -0.9392 3.3900 -1.0866 -1.5307 1.3869 -1.1742 -2.9408 -0.0487 0.2300 -1.4980 
15.6324 10.2039 -4.1307 -1.1159 2.9656 -1.3745 -1.8853 1.0196 -1.1102 -2.7573 -0.3853 -0.2839 -1.4435 
15.2532 9.6822 -4.6378 -1.6914 2.3045 -1.8056 -1.7127 1.6307 -0.5564 -2.3299 0.1387 0.1046 -1.6581 
15.7904 10.3554 -4.2466 -1.7476 2.0434 -1.6717 -1.2719 1.6102 -0.9298 -2.2941 0.2289 -0.5270 -2.4586 
16.1294 11.0036 -3.4330 -1.1030 2.4313 -1.4760 -1.4047 1.1190 -1.4494 -2.5333 0.3824 0.1192 -1.4903 
15.6565 10.5314 -3.7857 -1.5071 2.3412 -1.3509 -1.5204 1.1249 -1.0982 -2.5292 0.0551 0.2329 -1.1522 
16.0272 10.7129 -3.9949 -1.4830 2.7398 -1.0713 -1.6963 0.6888 -1.2765 -2.2249 0.3173 -0.1185 -1.8277 
15.5260 10.2726 -3.9686 -1.4123 2.4119 -1.4835 -1.4907 1.4814 -0.6996 -2.2779 0.0872 -0.0989 -1.8130 
15.3720 10.0859 -4.0966 -1.6918 1.6026 -2.7739 -2.7399 0.5577 -1.4036 -2.8164 -0.2932 -0.3734 -1.8433 
15.9905 10.2060 -4.7477 -1.5965 2.8008 -1.4245 -1.6670 1.5457 -0.5472 -2.2731 -0.0368 -0.2011 -1.5392 
15.4019 10.1820 -3.8981 -1.1610 2.7453 -1.5350 -2.2047 0.7001 -0.8602 -2.0658 0.0393 -0.4205 -1.9182 
15.7144 10.3486 -3.8535 -0.7377 3.2720 -1.0355 -1.4394 1.1671 -1.3314 -2.6515 0.2673 0.1719 -1.6304 
16.3217 10.6398 -4.4089 -1.3283 3.1179 -1.0721 -1.5210 1.3580 -0.8573 -2.5009 -0.2800 -0.6342 -2.2095 
16.0811 10.6579 -4.1922 -1.6468 2.5165 -1.4752 -1.9993 0.7536 -1.1484 -2.5469 -0.5043 -1.0695 -2.6238 
17.0278 11.1775 -4.7026 -1.6709 3.5609 -0.5902 -2.1989 0.2364 -0.7994 -1.4245 0.3467 -0.8585 -2.3117 
15.6699 10.1195 -4.4239 -1.4157 2.8868 -1.1740 -1.6324 1.1163 -0.9502 -2.3689 -0.1793 -0.5543 -1.8715 
16.1361 10.6862 -3.9989 -1.0927 3.0070 -1.2536 -1.5650 1.5299 -0.4823 -2.0432 0.2193 -0.0503 -1.5610 
17.2094 11.2108 -4.8137 -1.6482 3.3704 -0.9897 -2.1101 0.7174 -0.7216 -1.5343 0.9868 0.4655 -1.3474 
18.6482 12.1094 -5.7472 -2.7391 3.5610 -0.0174 -1.2604 1.4197 -0.2973 -1.9133 -0.0150 -0.4684 -2.0220 
18.2095 11.7284 -5.6964 -2.5335 3.5592 -0.3736 -1.9778 0.4507 -1.2543 -2.6650 -0.5349 -0.6594 -1.7833 
18.1309 11.8635 -5.1576 -2.1199 3.2229 -1.1702 -2.3259 0.6907 -1.1319 -2.8459 -0.4656 -0.2659 -1.6692 
18.0360 11.3785 -6.1886 -3.1298 2.8336 -0.9156 -1.8540 1.1489 -0.4919 -2.1155 -0.2193 -0.4714 -1.5856 
18.5440 12.0641 -5.6994 -2.8943 3.0412 -0.7083 -1.9177 0.7760 -0.8711 -2.1284 0.2313 -0.0924 -1.7869 
18.4725 11.8041 -6.1724 -3.2417 3.0822 -0.4355 -1.7066 0.8401 -0.9892 -2.5679 -0.4271 -0.4939 -1.7417 
17.6696 11.0225 -6.2249 -3.0134 2.7852 -1.2340 -2.1988 0.9511 -0.7847 -2.6226 -0.4856 -0.2684 -1.4651 
17.6838 11.0665 -6.0793 -2.6014 3.4686 -0.7289 -2.2358 0.7320 -0.6374 -2.1312 -0.0365 -0.0787 -1.3705 
17.8213 11.3810 -5.7931 -2.7525 3.0195 -0.9718 -2.0945 1.1149 -0.1793 -1.6833 0.4110 0.2384 -1.5387 
17.3158 10.8819 -6.0111 -2.7135 3.6173 -0.1229 -1.8336 0.7815 -0.6416 -2.3379 -0.2230 0.4252 -0.5197 
18.1089 11.4851 -6.0740 -2.9819 2.9704 -0.9950 -2.2763 0.4691 -1.2940 -2.7257 -0.2251 -0.0980 -1.4725 
18.0659 11.4895 -5.9420 -2.7532 3.1805 -1.0059 -2.5138 0.3689 -1.1109 -2.7781 -0.9141 -0.9609 -1.9654 
17.3986 10.4927 -6.7748 -3.1264 3.1002 -0.8463 -1.9290 1.1033 -0.4971 -1.9341 0.1374 -0.4126 -1.9985 
17.6425 11.1290 -6.0048 -2.9131 2.9227 -0.8721 -1.9435 0.7896 -1.0141 -2.4579 -0.2003 -0.4811 -2.1194 
16.8296 10.8826 -5.0107 -2.0741 2.9462 -1.0670 -1.9078 1.0417 -0.6374 -2.1428 0.1018 0.2250 -1.0457 
16.6100 10.3782 -5.7703 -2.7428 2.4807 -1.5809 -2.4666 0.6616 -0.9514 -2.5336 -0.2442 -0.2452 -1.8413 
17.2144 11.1846 -5.0556 -2.0109 3.3634 -0.7091 -1.8807 1.1253 -0.2848 -1.9358 -0.1572 -0.3573 -1.5931 
16.7366 10.6821 -5.1726 -2.0832 2.8515 -1.2277 -1.8797 0.9587 -1.1975 -2.8397 -0.4240 -0.2922 -1.3926 
16.2737 10.3338 -5.1242 -2.0511 2.7132 -1.5630 -2.4162 0.6267 -0.9642 -2.3374 -0.0631 -0.1417 -1.5152 
16.7084 11.1481 -4.1920 -1.4897 2.9245 -1.3457 -2.2293 0.6027 -1.0988 -2.5224 -0.3797 -0.4565 -1.6798 
15.2856 9.5794 -4.7814 -1.3597 3.0941 -1.3598 -2.1655 0.7758 -0.9387 -2.1602 0.2302 -0.1098 -1.7242 
16.0102 10.8541 -3.6831 -1.3919 2.4654 -1.3752 -1.6974 1.0405 -0.7348 -1.8927 0.1881 -0.2373 -1.3842 
14.8928 9.6363 -4.2858 -1.6293 2.5373 -0.9750 -1.2560 1.2016 -0.9379 -2.3335 -0.2274 -0.5683 -1.8996 
15.8562 10.2667 -4.5691 -1.9056 2.1890 -1.7968 -2.1053 0.5621 -1.5307 -2.4679 0.2869 -0.1675 -1.9573 
15.1001 9.7261 -4.5438 -2.1464 1.7619 -1.7864 -1.6584 1.0654 -1.3608 -2.8263 -0.2175 -0.5119 -2.5107 
15.7595 10.1739 -4.4867 -1.5162 2.8520 -1.0253 -1.3078 1.3320 -1.0403 -2.5057 -0.0930 -0.4033 -1.8441 
15.6600 10.0650 -4.6197 -1.8096 2.5146 -1.0801 -1.0376 1.6003 -0.9919 -2.5866 -0.1431 -0.3729 -1.8411 
15.9444 10.6323 -4.0064 -1.6649 2.0909 -1.7694 -1.7215 1.0665 -1.3240 -2.5776 0.3624 0.2884 -1.4961 
15.9428 10.4981 -4.1670 -1.3997 2.7292 -1.4083 -1.8882 0.9132 -1.1321 -2.5230 -0.0195 -0.0442 -1.6337 
16.5699 10.5463 -5.0548 -1.7145 3.2607 -0.9987 -1.7883 1.0924 -0.9723 -2.4275 0.3679 0.5869 -1.2440 
16.4145 10.7636 -4.4790 -1.6941 2.7622 -1.2990 -1.8602 0.9352 -1.1701 -2.7043 -0.1545 0.1082 -1.2364 
15.2429 10.0608 -3.9285 -1.3628 2.4438 -1.4124 -1.6090 1.0440 -1.0604 -2.1460 0.5188 0.1550 -1.8514 
15.7197 10.5907 -3.5947 -1.1368 2.3842 -1.7821 -1.7345 1.4939 -0.6578 -2.4347 0.0402 0.4741 -0.6883 
16.0349 10.9913 -3.5259 -1.4589 2.2447 -1.6287 -2.0118 0.6787 -1.1667 -2.3050 0.1670 0.0118 -1.6083 
15.4338 10.2821 -3.6605 -0.9701 2.4875 -2.1619 -2.6141 0.6165 -1.1045 -2.5306 -0.1780 -0.3449 -2.0234 
15.8176 10.3996 -4.0933 -1.3758 2.4345 -1.6698 -1.7579 0.9606 -1.4951 -2.7776 0.0163 -0.1710 -1.9012 
15.7685 10.3148 -4.2152 -1.4059 2.6218 -1.4904 -1.6903 1.2458 -1.0722 -2.7545 -0.2941 -0.4299 -2.2216 
14.8331 9.3908 -4.4065 -1.2888 2.5632 -1.6775 -1.7254 1.4692 -0.5783 -2.1325 0.0615 -0.3970 -1.9687 
15.7902 10.4821 -4.0029 -1.5214 2.2835 -1.6262 -1.5952 1.3427 -0.9849 -2.6889 -0.4334 -0.6953 -2.2759 
15.6442 10.2069 -4.2300 -1.4717 2.4784 -1.5229 -1.6723 1.0676 -1.1481 -2.2635 0.3908 -0.1158 -2.0188 
15.9609 10.5697 -4.0312 -1.2878 2.7718 -1.3651 -1.7972 1.0780 -0.7307 -1.8800 0.3036 -0.5274 -2.4002 
16.8798 9.0966 -7.1394 -1.2418 3.0598 -3.4636 -2.5185 1.6887 -2.4793 -4.1241 0.2104 -0.5680 -3.0571 
29.9564 16.0840 -14.2865 -4.6424 6.8928 -1.6529 -3.0386 1.7717 -3.9058 -5.7790 1.5154 0.9481 -3.5966 
32.6849 18.2161 -14.3824 -4.0047 9.0468 -0.6631 -4.3005 0.4208 -4.1598 -6.2302 0.4031 0.3747 -3.4557 
28.4685 16.4072 -12.0112 -3.9795 7.9089 0.8095 -2.7330 0.6304 -2.8039 -4.4706 0.5614 0.5887 -2.3892 
27.2538 15.6546 -12.1290 -5.1464 6.5238 0.2622 -3.2298 0.2807 -2.2842 -4.0362 0.3259 0.7395 -1.7039 
23.9190 14.0439 -10.0573 -3.8776 6.8042 1.3773 -2.7496 -0.4131 -2.1786 -3.3410 0.1626 0.3483 -1.7719 
23.4502 14.9625 -7.7024 -3.1307 6.1759 1.8880 -1.2109 0.5017 -2.0628 -3.6247 -0.6811 -0.9442 -2.9464 
24.7064 18.0494 -3.3455 -0.3374 6.6093 1.5578 -1.6369 -0.2615 -2.6214 -3.5496 -0.5639 -1.0791 -2.7703 
27.3462 21.0928 -2.2635 -1.7795 3.5785 -1.0484 -2.4487 0.4958 -1.3981 -2.9276 -1.0743 -2.2136 -3.3415 
30.8974 24.0636 -2.4526 -2.6334 3.3752 -1.3425 -2.9602 0.4504 -0.8116 -2.2412 -1.2184 -3.5098 -4.4523 
33.4769 26.0396 -3.1432 -3.8320 3.2471 -0.9828 -2.9178 0.3551 -0.6513 -1.9944 -1.3779 -4.0920 -4.8354 
36.0431 27.0018 -5.3369 -5.0321 3.5933 -1.1911 -3.5069 -0.0272 -1.4084 -2.7791 -1.6451 -4.3897 -5.1038 
38.3462 28.5842 -6.2100 -5.9399 4.1451 0.0944 -2.5200 0.2061 -1.7318 -2.8093 -0.9142 -3.3967 -4.3506 
38.7065 28.6719 -6.9080 -6.7053 4.2555 0.8114 -2.1277 -0.0914 -2.7739 -4.1784 -1.3369 -2.6205 -3.9385 
40.4724 28.9489 -8.6443 -6.4567 5.9542 1.2382 -2.1333 0.5379 -2.8046 -4.8078 -0.9493 -1.3831 -3.1693 
41.1288 28.6983 -9.8762 -6.4753 6.6976 1.1717 -2.3962 0.6548 -3.2518 -5.6094 -0.8618 -0.8411 -3.2622 
40.5718 27.8129 -10.5181 -6.4694 6.7794 0.7872 -3.0842 -0.2796 -4.2596 -6.0624 -0.8301 -1.0666 -3.7742 
41.0061 28.1535 -10.4967 -6.1976 7.5142 1.4768 -2.8363 -0.1827 -3.9048 -5.4867 -0.1900 -0.4047 -3.3324 
41.0406 28.3935 -10.2972 -6.4070 7.4372 1.7961 -2.6791 -0.2398 -3.8255 -5.4340 -0.2679 -0.5018 -3.7315 
41.7803 28.1257 -11.8398 -6.9063 7.8321 1.5390 -3.2745 -0.4775 -4.1458 -5.9731 -0.6507 -0.7473 -3.9082 
41.7210 27.9477 -11.8453 -6.4639 8.2274 1.6933 -3.0065 -0.4235 -4.6009 -6.0364 0.1079 -0.1942 -3.9336 
40.3925 27.1528 -11.7035 -7.0747 7.5466 1.7998 -3.3547 -1.5451 -5.2897 -6.3280 -0.4910 -0.8625 -4.4883 
40.4186 27.6837 -10.4658 -5.9657 8.1100 2.4214 -2.3990 -0.8036 -4.7421 -5.2526 0.9565 0.0639 -4.1057 
39.4951 27.4124 -10.0284 -6.6770 7.1668 2.6233 -2.2058 -1.2837 -4.9122 -5.3677 0.1177 -0.5841 -3.9370 
39.3707 27.5271 -9.6678 -6.5121 7.3647 3.0865 -1.8599 -1.1070 -4.5829 -5.1296 0.0692 -0.3260 -3.1853 
39.8750 27.4399 -10.3966 -6.4526 7.7199 2.7380 -2.0864 -0.7123 -4.6065 -5.6236 0.1532 0.0517 -3.3708 
38.8134 26.4889 -10.5251 -6.5186 7.2970 2.2289 -2.5474 -1.2546 -5.1992 -6.1837 -0.3771 -0.3974 -3.8038 
38.2664 26.7341 -9.0756 -5.3922 7.9345 2.9571 -2.1134 -1.1901 -4.7371 -5.2580 0.4593 0.2841 -3.1788 
37.6634 26.1217 -9.0408 -5.0800 7.6257 2.2958 -2.3070 -1.3258 -5.2116 -5.3652 0.7381 0.1839 -3.4893 
37.0436 26.1156 -8.5374 -5.7319 6.6827 2.4710 -1.8161 -1.2973 -5.2133 -5.4349 0.3857 -0.0319 -3.4562 
35.7694 25.5847 -7.6407 -5.4496 6.2957 2.6159 -1.5436 -1.4779 -5.1008 -4.8447 0.6101 -0.1594 -3.2932 
35.7210 24.8830 -8.4495 -5.1353 6.4442 1.6320 -2.0790 -1.0404 -5.1621 -5.6080 0.1012 -0.4000 -3.6319 
34.8454 24.0670 -8.5504 -4.8199 6.9050 1.8848 -2.2136 -1.2185 -5.3244 -6.1073 -0.4600 -0.5348 -3.6225 
34.0689 23.6337 -8.1822 -4.6678 6.7713 2.0127 -2.0998 -1.2161 -4.6697 -5.0138 -0.1229 -0.7328 -3.3257 
32.8102 22.5776 -8.0507 -3.9783 7.3383 1.6461 -3.4397 -2.0265 -4.2682 -4.6138 -0.0859 -0.2233 -2.7868 
32.4995 22.4901 -7.4698 -3.1831 7.7087 1.7087 -3.0570 -1.3308 -3.8880 -4.6940 -0.1850 -0.1314 -2.5843 
30.8621 21.3868 -7.3194 -3.7497 6.7156 1.7110 -2.6326 -1.4556 -4.2668 -5.2683 -1.1421 -0.7594 -2.6150 
29.8883 20.7566 -6.7578 -3.0091 6.8326 1.5874 -2.1326 -0.0761 -2.6456 -4.1241 -0.4691 -0.2707 -2.3958 
28.8441 19.6521 -6.8104 -2.1737 7.1640 0.6128 -3.2922 -0.3359 -2.7011 -4.6636 -0.7225 0.1659 -2.1236 
27.8309 18.5667 -7.6221 -3.3998 5.7000 -0.3430 -3.6531 -0.5973 -3.3156 -5.7548 -1.8913 -0.6617 -2.9761 
27.0403 17.9285 -7.5525 -3.4115 5.3122 -0.1870 -2.5377 0.3649 -3.2641 -5.8328 -1.4342 -0.0632 -2.5294 
27.0313 18.4365 -6.6744 -3.1871 5.0622 -0.2854 -2.4707 0.9935 -1.7548 -4.5895 -1.4459 -0.2734 -1.5452 
26.0258 17.3293 -7.0432 -2.9127 5.4301 -0.2480 -2.5577 1.1982 -1.4403 -4.7065 -1.9725 -0.7518 -1.9754 
25.6776 16.8110 -7.3591 -3.0138 4.9453 -1.0016 -2.8567 0.9122 -2.4344 -5.4800 -1.5661 -0.0543 -1.8212 
25.4484 16.0492 -8.1832 -2.7367 5.7348 -0.9583 -3.0834 1.4278 -1.4841 -4.6797 -0.7747 0.6853 -1.5794 
25.8867 15.3278 -9.7655 -2.5089 6.8590 -1.0063 -3.3660 1.9603 -0.9547 -4.4841 -0.6732 0.4404 -1.9456 
28.2188 15.1236 -13.0035 -2.7917 7.9490 -2.3297 -4.6985 1.9805 -1.9622 -5.7337 -0.3723 0.3762 -3.1603 
30.3636 16.0776 -13.9004 -2.1716 9.0456 -2.6396 -4.5336 3.2252 -1.5853 -5.7160 0.7959 1.5808 -2.7426 
30.7958 15.9366 -14.4815 -1.9207 9.2704 -3.2003 -4.7892 3.5692 -1.3737 -5.5445 0.8511 0.9629 -3.4898 
31.3975 16.2831 -14.6534 -1.7129 9.9310 -2.6258 -4.4102 3.7904 -1.2080 -4.9231 2.0126 1.8300 -3.3834 
31.4304 15.8582 -15.4140 -1.8236 10.2772 -2.6100 -4.4372 4.3109 -0.6161 -5.1863 0.8861 0.9431 -3.0838 
31.0553 15.2444 -15.4872 -0.9952 10.4886 -3.7583 -5.3264 4.6402 0.0567 -4.6647 1.4529 1.4243 -2.7495 
30.3184 14.5314 -15.6312 -0.9638 10.4160 -3.6545 -4.9509 4.6384 -0.8491 -6.0273 0.4178 0.8508 -3.2113 
31.7811 16.0558 -14.7384 -0.1315 10.8197 -3.9232 -5.1494 4.8560 -0.4073 -5.1823 1.5027 1.4450 -3.0988 
30.1755 13.8823 -16.5682 -1.3683 10.1235 -4.4003 -5.4605 4.8181 -0.4864 -5.5354 1.3098 1.6673 -2.7856 
30.3318 14.5717 -15.3556 -0.7080 9.8104 -4.7346 -5.2248 4.8804 -1.0815 -6.0235 1.5588 2.1475 -2.8157 
30.4411 14.5252 -16.1051 -1.9108 9.4295 -4.1545 -5.0225 4.4446 -1.2466 -6.0786 0.8149 1.0247 -3.6530 
30.1799 15.1159 -14.9119 -2.0151 8.6824 -4.1441 -4.8161 4.4373 -0.9556 -5.7535 1.0425 1.7549 -2.9494 
29.9780 15.6143 -14.2518 -2.8460 7.8046 -3.5461 -4.4702 3.4282 -1.6717 -5.5164 0.9441 0.9898 -3.5355 
30.7450 19.0246 -8.8178 0.1884 8.5991 -2.5154 -3.9272 2.8398 -2.0406 -5.6657 0.3762 0.7872 -3.2310 
36.4682 24.4789 -8.3588 -1.8277 7.4601 -2.5234 -4.4850 1.5897 -2.5357 -5.3268 0.0397 -0.3450 -3.6292 
40.4564 27.0410 -10.6613 -5.0585 6.0240 -3.2485 -5.7853 0.1818 -3.1496 -5.2161 -0.1015 -1.0870 -4.0653 
41.1255 27.7294 -10.4037 -4.9921 6.0860 -3.0503 -5.2533 0.9498 -2.5097 -4.7332 0.5233 -0.2955 -3.3236 
41.6942 28.5045 -10.2878 -5.6184 6.1448 -2.3230 -5.6795 -0.2912 -2.5164 -3.8173 0.6983 -0.6093 -3.1509 
42.6009 28.6648 -11.4479 -6.4071 5.9630 -2.4283 -5.3280 0.3555 -2.4112 -3.9478 0.9596 -0.4080 -3.2245 
43.5105 29.6124 -11.0063 -6.1469 6.1721 -2.1178 -4.7066 1.0291 -1.9377 -3.3807 1.6277 -0.1275 -3.2239 
43.9172 29.7211 -11.5777 -6.6128 6.3146 -1.8788 -4.9991 0.4003 -2.3612 -3.6024 1.2690 -0.5630 -3.4549 
43.0283 28.8908 -11.8676 -7.0052 5.5988 -2.6896 -5.6863 0.0047 -2.6205 -4.0544 0.7809 -0.8871 -3.9710 
43.4298 29.4233 -11.2889 -6.3435 6.1597 -2.1585 -5.0329 0.5242 -2.2710 -3.4288 1.6256 -0.3304 -3.6320 
43.1620 29.2906 -11.2376 -6.6740 5.4800 -2.6890 -5.4539 -0.1144 -2.9581 -3.9268 1.1114 -0.9650 -4.1607 
41.9138 29.0480 -9.6014 -5.5542 5.5461 -2.4537 -4.9489 0.2462 -2.5135 -3.5009 1.1881 -0.8678 -3.7389 
38.6326 26.6112 -9.1194 -5.0374 5.3391 -2.6908 -5.2449 0.3907 -2.0515 -4.1586 0.0028 -0.8594 -3.6632 
36.4652 25.4530 -7.8671 -4.2946 4.8493 -2.9483 -5.0296 0.5886 -1.8211 -3.9958 0.0528 -0.5754 -3.2678 
35.9075 25.0464 -7.8886 -4.3812 4.9290 -2.7393 -5.2633 0.2406 -1.6263 -3.6540 0.2308 -0.1741 -3.0456 
36.4859 24.7457 -8.8823 -3.8610 6.1133 -2.5571 -5.2034 0.7717 -1.6277 -4.0332 0.3393 -0.0719 -3.3997 
36.3085 25.7863 -7.5941 -5.0012 4.8755 -1.7233 -5.0980 -1.0217 -2.5302 -3.5505 0.1607 -0.9036 -3.6227 
38.5759 27.9340 -7.6164 -5.9236 5.1958 -0.3866 -4.5576 -1.0974 -1.8464 -2.6231 0.2456 -0.9893 -3.1161 
39.7253 28.3544 -8.5186 -6.2341 5.4378 -0.7208 -5.0315 -1.0635 -1.7894 -2.8658 -0.0821 -1.3032 -3.2277 
39.8040 28.2220 -8.6164 -6.0613 5.0956 -1.2950 -4.8237 -0.7490 -2.0169 -2.7185 0.3682 -1.4895 -3.4098 
39.3871 27.9430 -8.4274 -5.9322 4.8559 -1.4771 -4.7326 -0.9102 -2.4998 -2.7533 0.7959 -1.5635 -3.9999 
38.5269 27.9037 -7.3636 -5.9956 3.9971 -1.1113 -3.8106 -1.2924 -3.3513 -2.5031 1.2958 -1.9114 -4.3800 
37.2472 27.0020 -6.8413 -5.0503 4.6310 -0.8281 -3.3197 -0.0998 -2.4708 -2.9973 0.8780 -0.7719 -3.2333 
35.7974 26.1822 -6.3924 -5.0859 4.5946 -0.0763 -2.9282 -0.3696 -2.4689 -3.0768 0.3035 -0.9896 -3.2448 
34.7490 25.5486 -6.2082 -5.4698 3.8915 -0.3184 -3.2875 -1.1612 -2.9812 -3.1849 0.1585 -1.1545 -3.3920 
34.4445 25.5513 -5.6529 -4.9213 4.4731 0.4875 -2.8555 -1.3773 -2.9889 -2.6611 0.3265 -1.4235 -2.9799 
33.6085 25.2436 -4.7677 -4.1525 4.5184 0.3539 -2.6425 -0.9322 -2.9734 -3.1957 0.2936 -0.5970 -2.6020 
33.1032 24.6923 -4.8595 -3.8771 4.6289 0.1305 -2.8296 -0.9791 -3.1592 -3.5843 -0.1011 -0.8450 -2.6756 
32.1315 23.9855 -4.5596 -3.5120 4.5040 -0.0429 -2.6555 -0.7144 -3.1734 -3.8066 -0.2107 -0.7717 -2.6416 
31.5424 23.2637 -4.7878 -3.2124 4.6572 -0.2364 -2.6541 -0.4998 -3.1634 -3.8725 -0.1222 -0.7549 -2.8519 
30.3351 22.3986 -4.4459 -2.7353 4.7920 -0.1920 -2.4515 0.0979 -2.4610 -3.8022 -0.5163 -0.8864 -2.9201 
29.7899 22.0087 -4.1481 -2.2039 5.0363 -0.2010 -2.4758 0.0439 -2.5297 -3.7236 -0.3958 -0.8851 -2.7236 
28.6530 20.6894 -4.5029 -1.3119 6.3056 0.2771 -2.6565 0.2054 -1.9185 -3.3836 -0.4611 -0.9458 -2.7704 
27.2955 20.1440 -3.5210 -1.1180 5.5366 0.1129 -2.0778 0.7812 -1.5602 -3.3895 -0.7557 -0.9566 -2.4382 
26.1780 19.0301 -3.6519 -0.7447 5.5224 -0.2913 -2.2082 0.9721 -1.4098 -3.2108 -0.5686 -1.2053 -3.0865 
24.8905 18.1100 -3.5520 -1.2796 4.1340 -1.0508 -1.9012 1.3725 -1.3016 -2.9693 -0.1849 -0.9614 -2.8725 
24.2940 17.5146 -3.7836 -1.1287 4.9333 -0.0663 -1.5811 1.2021 -1.4648 -3.1598 0.0368 0.1843 -1.6617 
23.7451 16.6266 -4.3154 -0.9585 4.8590 -0.6225 -1.6840 1.3994 -1.5875 -3.0267 0.5397 0.1070 -2.1651 
22.7252 15.6284 -4.8990 -1.7519 4.0805 -1.1840 -2.3204 1.0208 -1.3851 -2.8759 0.3842 0.0239 -2.5848 
22.4445 15.3256 -4.9693 -1.7449 3.7385 -1.9083 -2.8825 0.8907 -1.4421 -3.1024 0.1558 -0.0650 -2.3779 
21.5738 14.3769 -5.4463 -2.1424 3.3038 -1.7693 -2.0721 1.3967 -1.7020 -3.5387 -0.2370 -0.6353 -2.8517 
20.4419 13.1501 -6.2118 -2.7718 3.0810 -1.5716 -2.1509 1.0011 -1.7492 -3.3151 -0.3564 -1.0424 -3.0719 
20.8073 13.9023 -5.3218 -2.2904 3.1390 -1.6939 -2.4827 0.4840 -2.2600 -3.5497 0.1090 0.0874 -2.1041 
21.2122 14.2367 -5.2168 -1.9797 3.6320 -1.2769 -1.9197 1.4329 -1.3261 -3.1269 0.1022 -0.0069 -2.1841 
21.9145 14.1458 -6.4787 -2.3835 4.3345 -1.0891 -2.5694 0.9536 -1.5472 -3.6687 -0.3614 0.4044 -1.2589 
22.1643 13.7677 -7.5039 -2.7886 4.3146 -1.3589 -2.4223 1.7049 -1.2214 -3.9834 -0.6268 0.1536 -1.8755 
20.3625 13.3537 -5.3272 -1.5821 3.7165 -1.6527 -2.0590 1.8115 -0.9067 -3.0622 -0.0888 -0.0923 -1.9673 
19.2413 12.1470 -6.1192 -2.5394 2.6656 -2.4113 -2.6830 1.1601 -1.3550 -3.3141 -0.4509 -0.5907 -2.3301 
20.2627 13.4292 -5.1229 -1.6066 3.7681 -1.2589 -1.7721 1.8189 -0.6725 -2.5131 0.1548 -0.4402 -2.3755 
19.8200 13.4313 -4.5767 -1.5777 3.6208 -0.8930 -1.5244 1.5519 -0.6788 -1.9121 0.8656 0.0934 -2.0812 
19.7787 13.4751 -4.4842 -1.7319 3.1655 -1.3310 -1.5112 2.0160 -0.4590 -2.3963 0.2404 -0.1171 -2.2213 
31.0112 18.8583 -12.8687 -7.7378 4.6572 -0.6947 -3.9048 0.4122 -1.1419 -3.1878 0.0960 0.3837 -1.2492 
34.5114 19.5141 -15.5183 -5.9986 8.1397 -0.9042 -4.7164 0.9202 -2.4245 -5.3564 -0.5050 -0.5403 -2.9695 
33.2582 17.4007 -16.8632 -5.1909 9.3106 -0.9082 -4.7592 1.2828 -2.1425 -4.3930 1.2281 0.6786 -2.2930 
33.4944 17.4671 -17.0784 -5.2833 9.3204 -0.8791 -4.4916 1.5627 -2.4405 -5.0829 0.8828 0.7050 -2.3538 
33.3276 17.6722 -16.7096 -5.7219 8.6221 -0.8766 -4.2682 1.1626 -3.4591 -6.2319 0.2513 0.8312 -2.1998 
33.9119 18.5793 -16.0496 -5.7220 8.3679 -1.0477 -4.4644 1.3960 -2.3966 -5.1310 0.7658 1.3122 -1.5831 
32.0490 17.2866 -15.4178 -5.0191 8.4139 -0.8404 -4.1844 0.9812 -3.0805 -5.1901 1.0653 1.3416 -1.5208 
31.6257 17.5491 -14.5760 -5.0809 8.2084 -0.2754 -3.7743 0.9972 -2.8165 -5.1686 0.4712 0.6914 -2.5268 
30.1226 17.2545 -13.3477 -5.5051 7.0465 -0.1270 -3.5354 0.6597 -2.7098 -5.4244 -0.9919 -0.3952 -2.4860 
31.4095 20.3755 -8.8437 -2.0277 8.8667 0.9649 -3.0385 0.6875 -2.4575 -4.9057 -0.6202 -0.2689 -2.7369 
35.2072 24.2737 -8.1925 -3.4703 8.2103 1.8697 -2.5957 -0.4684 -3.8809 -5.4230 -0.7233 -0.4638 -2.4679 
36.5122 24.7968 -9.4437 -4.5991 7.7959 1.3484 -3.3336 -1.1254 -4.4849 -5.8711 -1.0595 -1.0163 -2.9379 
37.1924 25.4732 -9.4412 -5.2198 7.0574 1.0329 -3.2760 -1.1554 -4.6470 -5.8722 -1.0145 -1.2465 -3.3243 
37.7329 26.3477 -8.4916 -4.5178 7.4852 1.5780 -2.5143 -0.5327 -4.1548 -5.0785 -0.0100 -0.5399 -2.8223 
37.0385 25.8785 -8.6670 -5.3233 6.7018 1.5976 -2.5370 -1.2412 -4.9844 -5.8393 -0.9785 -1.3537 -3.0786 
37.9217 26.0027 -9.3307 -4.7449 7.4987 1.0446 -2.8490 -0.1013 -4.0102 -5.8015 -0.6058 -0.4928 -2.9343 
37.2756 26.1742 -8.3804 -5.0402 6.8135 1.6351 -2.1930 -0.6776 -4.6795 -5.7183 -0.6004 -0.9285 -3.1322 
36.9218 26.5587 -7.3521 -5.0394 6.3666 2.0617 -1.5810 -0.7009 -4.7756 -5.5695 -0.5135 -0.8624 -2.9701 
37.0743 26.1961 -8.1555 -5.2960 6.2576 1.4973 -1.9941 -0.5971 -4.6162 -5.6428 -0.9232 -1.5533 -3.4722 
37.1129 26.6617 -7.6336 -5.6643 5.7080 1.7123 -1.6359 -0.6686 -4.6033 -5.2755 -0.4938 -1.1705 -3.1367 
37.2226 26.6697 -7.8452 -5.9382 5.3781 1.2275 -2.1484 -0.9385 -4.5712 -5.1567 -0.5435 -1.4541 -3.4986 
36.8645 26.5431 -7.5918 -5.9138 5.2166 1.1589 -2.1998 -0.8376 -4.2236 -5.0599 -0.8251 -1.5223 -3.3275 
37.0525 27.0390 -6.9502 -5.6243 5.2891 1.4674 -1.7312 -0.3915 -3.6272 -4.4100 -0.6033 -1.6592 -3.1712 
36.1850 26.4985 -6.8834 -6.2370 4.1266 0.6634 -2.3489 -1.2025 -4.2773 -4.7399 -1.0103 -2.4417 -4.2299 
36.1632 25.7158 -7.7899 -5.7581 4.4199 -0.6402 -3.3508 -0.6210 -3.5164 -4.7748 -1.4224 -2.8402 -4.4764 
35.2829 26.1182 -5.5905 -4.5685 4.4086 -0.1565 -2.6222 -0.3470 -2.8752 -3.4968 -0.4196 -2.2707 -3.9334 
34.0246 25.7605 -4.2308 -3.8364 3.9069 -0.6536 -2.7442 -0.4311 -2.8449 -3.2566 -0.2085 -2.4103 -4.3893 
33.3589 24.7026 -4.8040 -3.2885 4.3147 -1.6421 -4.0115 -0.5438 -2.4905 -3.6081 -0.7834 -2.2480 -3.9531 
32.4478 24.9478 -3.2654 -3.1102 3.9434 -0.7786 -3.2258 -0.8368 -2.5215 -2.8371 0.1772 -1.1914 -3.1813 
31.5441 24.2276 -3.0309 -2.7718 3.4894 -1.6853 -3.7032 -0.8278 -2.5367 -3.1236 -0.4147 -1.8055 -3.1557 
31.9313 23.9044 -3.6137 -1.7614 4.7221 -2.0491 -4.3457 -0.5551 -2.2527 -2.9508 0.4858 -0.6606 -2.7663 
30.7110 23.7022 -2.4967 -2.1431 3.3959 -2.0678 -3.6581 -0.4896 -2.2914 -2.7032 0.6064 -0.5324 -2.4993 
30.1962 22.9152 -3.2208 -2.5138 3.3539 -2.0451 -3.7681 -0.8574 -2.8630 -3.1749 0.3669 -0.7642 -2.8435 
29.5733 22.4219 -2.8435 -1.5054 4.1430 -2.0094 -3.8842 -0.2571 -1.8729 -2.6393 0.6634 -0.1511 -2.3692 
28.5124 21.4364 -3.2583 -1.9681 3.9992 -1.5362 -3.7731 -0.9978 -2.4839 -2.5662 0.7945 -0.2819 -2.4638 
28.2451 21.2104 -3.0241 -1.4801 4.0895 -1.6453 -3.3873 -0.4364 -2.2629 -2.2433 1.3029 -0.3212 -2.8769 
26.9621 20.0861 -3.0607 -1.1617 4.2920 -1.4971 -2.8952 0.7313 -1.1475 -2.1340 1.1238 0.2431 -2.3756 
26.0419 19.1925 -3.3988 -1.4218 4.0968 -1.3681 -2.4654 1.4221 -0.4722 -2.2376 0.1989 -0.3737 -2.2503 
24.6334 17.6012 -4.0820 -1.5818 3.6015 -2.1689 -2.9462 1.0175 -1.3828 -3.2409 -0.2766 -0.6284 -2.7489 
24.4811 17.7957 -3.5547 -1.4510 3.5390 -1.9199 -2.6527 1.0557 -1.3778 -2.9572 0.4624 0.3673 -2.0434 
23.2739 16.5185 -4.3626 -2.2592 2.9986 -2.1021 -2.9283 0.9331 -1.0481 -2.9696 -0.2669 -0.1175 -1.7517 
23.1562 16.0695 -4.5732 -1.3206 4.3253 -1.2795 -2.2434 1.5509 -0.8823 -2.9610 -0.2988 -0.5890 -2.2336 
23.4885 15.2569 -6.8447 -2.8227 3.9083 -2.0524 -3.2655 1.3149 -0.7496 -3.3249 -0.6821 -0.2706 -1.7625 
25.0572 15.0270 -9.0654 -2.3820 6.0474 -1.7402 -3.6101 2.1032 -0.2754 -3.6334 -0.3591 0.5354 -1.4477 
27.3198 15.5097 -11.5812 -3.3366 7.0430 -1.3872 -3.5785 2.6937 -0.1773 -3.8939 0.1594 0.9901 -2.0580 
29.2120 15.7666 -13.0865 -2.3683 8.5445 -2.3471 -4.5608 2.9377 -0.7915 -4.5971 1.0004 1.4677 -2.7569 
29.7845 15.2746 -14.6366 -2.8669 8.2494 -3.5325 -5.2041 3.2362 -0.7594 -4.7517 0.8638 0.6554 -3.7439 
30.3891 15.9133 -14.1907 -2.2266 8.9485 -3.2385 -5.2741 3.2963 -0.3315 -4.2442 1.1565 0.9261 -3.2815 
30.7136 15.6530 -14.9512 -2.1614 9.3604 -3.3612 -5.4109 3.3429 -0.6845 -4.8783 0.6222 0.5146 -3.2826 
30.4263 14.7686 -16.3664 -3.2028 8.9388 -3.6864 -5.7948 3.1689 -0.5611 -4.5530 0.9965 0.7365 -3.2134 
31.7069 15.7952 -16.0278 -2.2192 10.1778 -3.1315 -5.4400 3.6141 -0.6043 -4.7477 1.5112 1.6482 -2.6273 
31.7953 15.7779 -16.1748 -2.1215 10.7407 -2.3259 -4.9038 3.5856 -0.8835 -4.8514 1.4238 1.2644 -3.0896 
32.2625 16.3813 -15.6758 -1.8922 10.4313 -2.8153 -4.6904 4.5754 -0.0814 -4.7982 1.2423 1.4279 -2.7715 
31.1719 15.0249 -16.8350 -2.9542 9.7856 -3.0407 -4.9481 4.4044 0.2512 -4.3216 1.2519 1.0947 -2.9319 
31.7889 15.8287 -16.5358 -3.1638 10.0072 -2.4489 -5.3445 2.9432 -0.8788 -4.5487 1.4703 1.3774 -2.9193 
30.7359 15.2962 -16.1232 -3.4886 9.0725 -2.8243 -5.4516 2.6214 -0.8613 -4.3110 1.0324 0.5215 -3.3284 
29.6254 15.7936 -13.8469 -3.1308 8.2060 -2.6024 -5.3269 1.7284 -1.4135 -4.3817 0.8314 0.7973 -2.6407 
32.0320 20.8445 -7.9965 -0.5187 8.1168 -2.4009 -5.0946 0.9551 -2.3310 -5.1640 -0.3141 -0.0687 -2.6884 
37.0829 25.4264 -8.6248 -4.0257 5.9811 -2.2596 -5.0359 0.0860 -2.5948 -4.6208 -0.5220 -1.1966 -3.4303 
40.9236 28.1220 -9.6304 -4.9626 6.2635 -2.0555 -4.7074 0.7596 -2.3296 -4.2861 0.6118 -0.0860 -2.7086 
40.1544 27.7981 -9.3958 -5.6278 4.9999 -3.0963 -5.8753 -0.3578 -2.7130 -4.5990 -0.3142 -0.8514 -3.0005 
40.7261 28.2339 -9.1296 -4.8366 5.9110 -2.4639 -5.1979 0.2511 -2.2131 -3.5154 1.1198 -0.1449 -2.7066 
40.4855 27.9461 -9.4242 -5.2719 5.5299 -2.4385 -4.8763 0.2711 -2.7080 -3.8765 1.3530 0.0378 -3.1114 
42.0298 28.8760 -10.7819 -7.3246 4.7211 -2.2878 -5.0961 -0.1860 -2.6792 -3.9468 0.5267 -0.8657 -3.5930 
42.0370 28.8572 -10.6634 -6.8732 5.2813 -1.8471 -4.7125 0.0702 -2.6772 -3.9764 0.6297 -0.8850 -3.8647 
42.5782 29.0682 -10.8094 -6.5729 5.3009 -2.4839 -5.0000 0.2113 -2.7542 -3.9172 0.9905 -0.7643 -3.6587 
41.6533 28.7866 -9.9605 -6.3222 4.7635 -2.8388 -5.1475 -0.0435 -2.9886 -4.1043 0.8947 -0.6273 -3.5518 
39.2621 28.0179 -7.8679 -5.4276 4.5695 -2.0431 -4.4275 -0.1167 -2.6220 -3.6499 0.7119 -0.2545 -2.4586 
36.3128 25.3197 -7.8040 -4.1586 4.9843 -2.4096 -4.0137 1.3463 -1.5670 -3.7250 0.2994 -0.6103 -3.1128 
36.0427 24.8884 -7.7223 -3.2376 5.4566 -3.1000 -4.7306 1.1214 -2.0468 -4.3563 0.2331 -0.4628 -3.4407 
35.6284 24.0522 -8.3750 -2.9540 5.8743 -3.4168 -5.0730 1.3098 -1.8881 -4.3398 0.4974 -0.3386 -3.9765 
34.7742 23.2129 -8.6818 -3.3049 5.3035 -3.6276 -4.7831 1.4840 -1.9693 -4.2879 0.4757 -0.7703 -4.3074 
34.5286 24.1464 -7.2844 -3.7633 4.9272 -2.6519 -4.9211 0.3434 -1.6979 -3.5752 0.2351 -0.4852 -3.4425 
37.6013 26.1450 -8.2006 -4.4676 4.8537 -2.8291 -4.7943 -0.0992 -3.0960 -3.8871 0.9784 -0.9477 -4.3029 
39.1908 27.5396 -8.5349 -5.4685 4.8299 -2.1911 -4.7751 -0.3660 -2.8393 -3.6179 0.8542 -0.9531 -4.0223 
38.2083 27.8374 -6.9829 -5.7361 4.0208 -1.1562 -3.7898 -1.0125 -3.0049 -2.4367 1.3848 -1.5674 -4.2351 
37.1656 26.7820 -7.4670 -6.2827 3.2156 -1.8099 -4.2460 -1.7107 -4.0748 -3.4947 0.6653 -2.0803 -4.9114 
35.9457 26.0711 -6.6993 -5.4081 3.6427 -1.1765 -3.4153 -1.4561 -4.5125 -3.9223 0.8783 -1.2058 -4.0163 
34.4867 25.7107 -5.2533 -4.6697 3.9838 -0.2141 -2.8431 -1.1161 -3.2576 -2.8707 0.7701 -1.0888 -3.5010 
34.8219 25.3065 -6.1409 -4.2832 4.7369 -0.5346 -3.0256 -0.2612 -2.7069 -3.0582 0.8991 -0.7315 -3.5321 
34.0760 24.9858 -6.0301 -4.9652 4.2055 -0.0779 -2.7680 -0.5212 -2.6301 -3.2409 -0.2580 -1.7846 -3.8105 
33.6117 25.0879 -5.1302 -4.4699 4.3735 0.3401 -2.5907 -0.8682 -2.8399 -3.0071 0.1287 -1.3778 -3.4152 
33.2347 24.6730 -5.2190 -4.1192 4.9922 0.7309 -2.7073 -1.2026 -3.0929 -3.2038 0.1433 -0.8931 -2.7947 
33.2192 24.2009 -5.5482 -3.3665 5.4282 0.0776 -2.8135 -0.3688 -2.6660 -3.1885 0.2699 -1.2276 -3.4580 
31.7118 23.3762 -4.8576 -3.2070 4.7568 -0.5287 -3.3544 -0.8134 -2.8626 -3.6911 -0.4095 -1.1448 -3.0592 
30.6915 22.9172 -4.0539 -2.6997 4.5894 -0.4818 -3.2609 -1.3527 -3.3819 -3.4114 0.0405 -1.1358 -3.0606 
30.1739 22.6533 -3.9260 -2.9705 4.1338 -0.6831 -3.4429 -1.4354 -3.1141 -3.3483 -0.5261 -1.7864 -3.3438 
29.7281 22.3071 -3.4590 -1.8746 4.8861 -0.4014 -2.7241 -0.3399 -2.6896 -3.5351 -0.2807 -1.0259 -2.8527 
28.7849 21.0588 -4.2454 -1.8050 5.4162 -0.3357 -3.1035 -0.2634 -2.2222 -3.7243 -1.2239 -1.8004 -3.1311 
27.2041 19.7995 -3.9172 -1.0484 5.7842 -0.1425 -3.0293 -0.5888 -2.7011 -3.7832 -0.8619 -1.4979 -3.0854 
26.3945 19.0960 -3.7454 -0.5700 5.7100 -0.5258 -2.7457 0.3319 -2.0569 -3.5642 -0.4936 -0.9688 -2.8100 
24.3771 17.5493 -3.5921 -0.7144 4.7477 -1.0597 -2.4436 0.9037 -1.4682 -2.9449 0.0937 -0.4833 -2.5615 
23.6706 16.8335 -4.2018 -1.6363 4.2294 -0.7321 -2.2751 0.2739 -2.3285 -3.7634 -0.7892 -0.9178 -2.2457 
23.8377 16.4132 -5.4685 -2.6205 3.9685 -0.8564 -2.4322 0.3073 -2.3550 -3.8594 -0.4250 -0.5617 -3.1512 
22.0896 15.1423 -4.7911 -1.6041 3.9456 -1.5516 -2.7835 0.6319 -1.8194 -3.7077 -0.6898 -0.6662 -2.5329 
21.4873 14.9129 -4.3582 -1.6366 3.3140 -2.0178 -2.8955 0.7216 -1.3357 -2.7913 0.2426 -0.0023 -2.0336 
21.9604 15.2637 -4.9820 -3.1119 2.2960 -1.9516 -2.8016 0.1090 -1.9079 -2.7368 0.4541 -0.0264 -2.0809 
21.4709 14.6812 -4.8973 -2.1944 3.1320 -1.4918 -1.9905 1.1472 -1.3233 -2.3229 0.9816 0.1238 -2.2564 
21.3752 14.3335 -5.2394 -1.8817 3.8342 -1.1319 -1.8643 1.4557 -1.2522 -3.0320 0.0517 -0.1918 -2.3962 
21.9689 14.3768 -5.8792 -1.6644 4.6226 -1.1752 -2.4960 1.2586 -1.1710 -3.1511 0.0461 0.2671 -1.6689 
21.0849 13.6144 -6.2582 -2.5655 3.4948 -1.7615 -2.8798 0.5767 -1.7172 -3.0818 0.4242 0.3592 -1.9211 
20.8463 12.9901 -7.1249 -3.0613 3.4824 -1.6027 -2.6820 0.8422 -1.3231 -2.6897 0.3581 -0.1686 -2.1034 
20.0041 12.9141 -5.7251 -1.9163 3.7911 -1.1981 -1.9759 1.1726 -1.5222 -2.9879 0.1838 -0.3710 -2.5287 
19.9793 12.8109 -6.1111 -2.6715 2.8693 -2.1265 -2.6805 1.1306 -1.0242 -2.6721 0.2380 -0.0471 -2.0055 
20.8099 13.6870 -5.3517 -1.4524 4.0050 -1.7933 -2.7486 1.1478 -1.0895 -2.8292 0.1309 -0.3188 -2.3728 
21.1772 13.4645 -6.3105 -1.7211 4.5954 -1.3354 -2.7796 0.9056 -1.2439 -2.6275 0.6129 0.0422 -2.3135 
21.6923 12.9074 -7.8144 -1.8977 4.8590 -1.9954 -2.9186 1.8319 -0.8647 -2.8996 0.8045 0.3637 -2.6304 
23.8361 13.4236 -9.6771 -1.9096 5.9816 -2.3220 -3.3088 2.3176 -1.1785 -3.8311 0.5847 0.2685 -2.8991 
27.4650 13.6898 -13.4126 -1.0552 9.1183 -2.5295 -3.9455 3.0275 -1.7824 -4.0961 2.6027 1.2942 -3.6819 
28.3726 14.9725 -12.7060 -1.4751 8.3842 -2.6050 -3.5946 3.2807 -1.7041 -4.2015 2.4451 1.3571 -3.3935 
29.9539 17.0417 -12.5500 -4.1067 5.9017 -3.3981 -4.7205 1.5896 -2.6195 -5.2427 1.0614 1.5307 -2.4821 
30.1266 21.5349 -3.8139 0.8640 6.2281 -3.0988 -4.5463 0.1888 -3.4789 -4.6964 1.1315 0.9621 -2.3541 
32.3516 24.2127 -2.8389 0.0872 5.7146 -2.6957 -4.7970 -0.6778 -3.3852 -4.0721 0.9212 0.4971 -2.0166 
34.3877 25.9306 -3.5597 -1.7978 5.1059 -2.0637 -5.2797 -2.5996 -4.4837 -3.7242 0.9979 -0.0731 -1.8258 
34.7633 26.3418 -3.2366 -1.3926 5.4649 -1.7782 -4.8017 -1.9636 -3.9768 -3.3547 1.2142 -0.1828 -1.9608 
33.8939 25.7766 -3.0662 -1.4112 5.3156 -1.9313 -5.5452 -2.9557 -4.2709 -3.3746 0.6341 -0.9495 -2.4715 
36.0350 26.2107 -5.2803 -1.9592 6.0315 -2.5401 -5.8619 -1.5027 -3.4409 -4.2703 -0.0387 -0.8101 -2.5503 
33.2973 25.5643 -2.8502 -1.9448 4.5444 -1.9630 -5.3249 -3.0506 -4.4009 -3.4774 0.3432 -1.3001 -2.6017 
33.4541 26.0033 -2.3577 -1.7358 4.9570 -1.1687 -4.8166 -2.9559 -4.2698 -3.3014 0.5236 -0.9305 -2.2092 
33.1713 25.4716 -2.7896 -1.5497 5.4741 -1.0486 -5.1278 -3.2178 -4.3993 -3.6128 0.0208 -1.2307 -2.1959 
33.5738 25.3772 -3.2116 -1.1075 5.7982 -1.7455 -5.3324 -2.0987 -3.3819 -3.4591 -0.0361 -1.3176 -2.4201 
33.0353 24.6296 -3.8053 -1.3983 5.6710 -1.9541 -5.6324 -2.4248 -3.7913 -3.8617 -0.1497 -1.1699 -2.3905 
32.3808 24.9199 -2.4570 -1.2369 4.9027 -2.2185 -5.7729 -2.8235 -3.7678 -3.5686 -0.2742 -1.5267 -2.6769 
32.6877 25.3850 -1.7173 -0.2756 5.4888 -1.9529 -5.2440 -2.3215 -3.8002 -3.6632 0.0199 -1.0968 -2.1543 
33.8054 25.6061 -2.8753 -0.6186 5.5881 -2.8122 -6.0455 -2.0062 -3.3957 -3.8448 -0.0539 -0.8547 -2.1581 
33.7183 25.3311 -3.3265 -1.0746 5.1332 -3.1320 -6.0694 -2.0824 -3.7697 -3.9845 0.3210 -0.5783 -2.2515 
32.6359 25.1936 -1.9443 -0.5226 4.7076 -3.1201 -5.7787 -2.0617 -3.4545 -3.2278 0.8278 -0.4466 -2.0604 
34.6575 26.0999 -3.7274 -1.9747 4.9507 -2.6155 -5.7615 -1.9136 -3.1472 -3.4011 0.1045 -1.0929 -2.0805 
34.9308 26.4859 -3.6611 -2.4607 4.4957 -2.5634 -5.5787 -1.8634 -2.9839 -3.2380 -0.0958 -1.4104 -2.0429 
36.1554 26.5930 -5.0382 -2.7327 4.4592 -3.8804 -6.3444 -1.0116 -2.3063 -3.3453 0.0550 -1.1868 -2.4947 
35.3446 26.8904 -3.4677 -2.7496 2.9830 -4.4821 -5.8231 -0.4298 -1.6879 -2.5082 0.4423 -1.7962 -3.3255 
35.1514 27.0939 -2.8346 -2.6255 2.5208 -4.9556 -6.0846 -0.3784 -1.2502 -1.9700 0.6899 -2.1086 -4.1753 
35.0854 27.1012 -2.6783 -2.6586 2.0565 -5.2714 -5.6739 0.1767 -1.3212 -2.3685 0.4957 -2.2320 -4.4438 
35.0664 26.6109 -3.4983 -2.8357 2.3128 -5.3951 -5.8859 0.4346 -1.1151 -2.7448 0.2031 -1.8438 -4.2053 
33.6316 25.4991 -3.6994 -3.6547 1.0067 -6.2729 -6.5532 -0.1969 -1.3830 -2.9513 -0.3607 -2.6235 -5.1298 
34.3013 26.3434 -2.7755 -2.4979 1.9205 -5.6458 -5.7474 0.5200 -1.0067 -2.2050 0.7467 -2.2688 -5.3486 
33.7269 26.6656 -1.5577 -2.5694 1.0243 -5.6124 -5.0997 0.8669 -0.9208 -2.3822 0.4960 -1.9767 -4.9131 
33.5148 26.3173 -1.8636 -2.5480 1.3481 -5.4993 -5.4906 0.4515 -0.8766 -2.2343 0.3079 -2.1854 -4.9025 
33.9399 26.0970 -2.6773 -2.4772 1.8146 -5.4295 -5.1050 1.0863 -0.9742 -2.5742 0.6934 -1.4805 -4.4850 
32.9912 25.9719 -1.6136 -2.2522 1.5457 -4.8419 -4.4093 1.0120 -1.1172 -2.4400 0.5999 -1.7508 -4.5707 
32.1887 25.1310 -1.7722 -1.9442 1.8223 -4.4752 -3.6417 1.5701 -1.5353 -3.3845 0.0646 -1.7870 -4.4896 
32.9904 25.3474 -2.7355 -2.6993 1.5695 -4.9833 -4.1417 1.9544 -0.5864 -2.9523 -0.0275 -1.4475 -3.7271 
31.9257 24.6746 -2.4386 -2.7417 1.1670 -4.8864 -3.9008 1.6088 -1.0855 -3.0270 0.0108 -1.5847 -3.7715 
30.6139 23.7610 -2.1398 -2.3705 1.5487 -4.2401 -3.4134 1.9646 -0.7732 -3.3534 -0.7374 -1.6855 -3.2658 
29.7214 22.3388 -3.3504 -2.7262 1.7495 -3.9086 -3.0759 1.8459 -1.3350 -3.4767 -0.2515 -1.3050 -3.3217 
28.1581 21.8499 -1.9127 -2.0314 1.5461 -3.8996 -3.2858 1.5958 -0.7479 -2.9218 -0.4905 -1.2312 -2.6906 
27.2625 21.0183 -2.0213 -1.9074 1.6464 -3.5200 -2.7161 1.6094 -1.4673 -3.4421 -0.0796 -0.3641 -2.1982 
26.2228 20.0081 -2.2645 -1.7395 1.9094 -3.5422 -3.1141 1.4935 -1.1219 -3.4527 -0.5242 -0.4439 -2.1099 
24.9165 18.9094 -2.4221 -2.0383 1.3534 -3.7599 -3.1813 1.2406 -1.1557 -2.9546 0.1093 -0.1305 -2.0681 
24.1166 17.9746 -3.0835 -2.5832 0.9785 -4.0721 -3.7694 0.6198 -1.1890 -2.6278 -0.0213 -0.7274 -2.4316 
23.7828 17.2316 -3.7648 -2.3477 1.7681 -3.5793 -3.4902 1.0115 -0.8348 -2.3618 0.2998 -0.4452 -2.4083 
21.7423 15.2449 -4.3841 -2.6888 1.2788 -3.6135 -2.9199 1.5448 -0.8661 -2.7612 0.1618 -0.2446 -2.6042 
21.5352 14.8121 -4.6257 -1.8499 3.1534 -1.9807 -2.4193 1.4224 -0.7207 -2.2419 0.6965 0.2294 -2.0022 
21.5450 14.6858 -4.8656 -2.0518 2.8606 -2.1694 -2.0289 2.0431 -0.7391 -2.8907 0.1701 0.2079 -1.6927 
21.2982 14.3593 -5.2524 -2.4323 2.8476 -1.9427 -2.1571 1.5152 -1.1916 -3.0032 0.3679 0.3864 -2.0363 
21.4972 14.6725 -5.1702 -2.9223 2.2744 -1.7649 -1.3562 2.1531 -0.9832 -3.1324 -0.1068 -0.1115 -2.1787 
21.6028 14.9284 -4.5726 -2.0985 2.6692 -2.1969 -2.3291 1.1419 -1.5007 -2.8112 0.6295 0.3598 -1.8615 
22.9099 16.6502 -3.0617 -0.6596 4.0002 -1.2392 -1.7432 1.3910 -1.9667 -3.8044 0.2161 0.6909 -1.8389 
26.0525 19.8051 -2.1460 -0.5513 4.7640 0.0197 -1.2348 0.5077 -3.3636 -4.6964 -0.4075 -0.0028 -2.2010 
27.6613 20.7482 -2.8861 -0.8829 5.2157 -0.1547 -2.0189 0.1856 -3.3763 -5.0015 -0.6288 0.2251 -1.9395 
29.2873 21.6194 -3.7716 -1.3898 5.4487 -0.2234 -2.3776 -0.0825 -3.5581 -4.9969 -0.6099 0.0100 -1.9732 
30.1853 22.8460 -3.4771 -2.4619 4.7174 0.2887 -1.9889 -0.3388 -3.5901 -4.8210 -0.6175 0.0880 -1.8508 
32.0628 23.7080 -4.8326 -3.1170 5.5665 0.9558 -2.2994 -1.0813 -3.8981 -4.2026 0.0550 -0.3407 -2.6117 
37.6228 26.9179 -7.8220 -5.7017 5.2906 0.3454 -2.9818 -0.6014 -3.0095 -3.3399 0.6310 -0.9245 -3.5638 
37.8136 27.6771 -7.1269 -6.5877 3.2700 -1.4794 -4.3350 -1.2649 -2.6650 -2.7600 0.5120 -1.4544 -3.6517 
38.7350 28.1896 -7.5072 -6.7882 3.2129 -1.6827 -4.4184 -1.3411 -2.6314 -2.1887 0.8663 -1.9713 -3.9022 
40.1375 28.5485 -8.6396 -6.4249 4.4787 -2.1140 -5.5113 -0.8398 -1.6781 -2.4558 0.6425 -1.0191 -3.2061 
40.1300 28.7376 -8.2336 -6.2793 4.3172 -1.9901 -5.1814 -0.9971 -1.8871 -1.8819 1.2060 -1.3204 -3.3814 
39.9860 28.5442 -8.1407 -5.8125 4.5165 -2.2553 -5.1492 -0.5413 -1.8073 -2.1511 1.3472 -0.9648 -3.4538 
38.8863 28.1322 -7.2600 -5.5045 4.1684 -2.1469 -4.9740 -0.8343 -1.7241 -1.5243 1.4571 -1.3724 -3.4948 
38.7072 28.0344 -7.3496 -5.7945 4.1585 -1.7999 -4.9673 -1.1857 -1.8331 -1.5417 1.0762 -1.8264 -3.5827 
38.9881 28.2811 -7.0457 -5.3256 4.1922 -1.9332 -4.4991 -0.6938 -1.8770 -1.4362 1.3826 -1.8590 -3.4318 
39.2483 28.1958 -7.7119 -5.9463 3.6888 -2.6137 -5.1814 -1.0999 -2.0647 -1.5387 1.2011 -2.2799 -3.9306 
38.8462 27.9129 -7.5812 -5.7240 3.8441 -2.6098 -5.3645 -1.1946 -1.9985 -1.6642 1.0228 -2.0457 -3.7176 
38.9816 28.2644 -7.0966 -5.2992 4.3546 -2.0155 -4.9421 -0.8892 -1.6472 -1.2624 1.5633 -1.5100 -3.5113 
38.8646 27.9084 -7.5004 -5.2944 4.5033 -2.2054 -5.2418 -0.9362 -1.6759 -1.6100 1.0592 -1.7479 -3.3982 
39.0088 28.1076 -7.3280 -5.2359 4.4332 -2.1116 -4.7681 -0.4908 -1.6938 -1.6999 1.3817 -1.4298 -3.5314 
39.4949 27.6682 -8.6760 -5.3865 4.8589 -2.8015 -5.5948 -0.2412 -1.5443 -2.4828 0.7308 -1.4378 -3.6240 
39.2222 27.7781 -8.3947 -5.8170 4.4956 -2.5619 -5.5751 -0.4401 -1.4274 -2.5309 0.4564 -1.2450 -3.4012 
38.2959 27.4855 -7.6156 -5.6999 3.9783 -2.5258 -5.1834 -0.3704 -1.4837 -2.5238 0.4645 -1.0706 -3.2413 
38.4556 27.5456 -7.7431 -5.7147 4.2242 -2.0549 -4.6776 -0.2111 -1.6945 -2.5792 0.6622 -1.1295 -3.4808 
39.5841 27.2369 -9.9642 -6.2497 5.6535 -1.2369 -4.8607 -0.3105 -1.9175 -3.3905 -0.1164 -1.1568 -3.0220 
38.3969 27.5780 -8.0244 -6.4491 4.3477 -0.7750 -3.7938 -0.3707 -2.3112 -3.4144 0.1257 -0.7007 -2.8856 
38.7056 26.9867 -9.3346 -6.4098 5.1977 -0.7528 -4.1480 -0.4289 -2.5834 -3.8021 0.0268 -1.0233 -3.4686 
37.7460 27.1445 -7.9368 -6.3384 4.9707 0.5172 -3.0109 -0.7250 -3.0230 -3.7352 0.1937 -0.5511 -2.8174 
37.5954 26.8790 -8.1359 -6.2948 5.1657 0.8168 -2.7406 -0.8967 -3.5152 -3.8806 0.3675 -0.5586 -2.8465 
37.1131 26.4534 -8.1288 -5.9721 5.6745 1.0939 -2.9677 -1.2305 -3.6890 -4.0513 0.3930 -0.1948 -2.6420 
36.9795 26.4789 -7.6115 -5.1394 6.3913 1.5400 -2.8406 -1.4990 -3.9053 -3.6529 1.0510 0.1340 -2.4222 
36.3502 26.2724 -7.4685 -6.2244 4.6382 0.7872 -2.8796 -1.9918 -4.6326 -4.0040 0.6319 -0.8477 -3.4169 
36.0498 26.2867 -6.8530 -5.6524 4.9084 0.9914 -2.6883 -1.8293 -4.4010 -3.8241 0.6620 -0.6648 -2.9825 
35.2954 25.5438 -7.0084 -5.6041 4.6960 0.4694 -3.3747 -2.5654 -4.9777 -4.1231 0.4391 -0.9831 -3.3449 
34.8596 25.4672 -6.2740 -4.8319 5.0340 0.7119 -2.8510 -1.8249 -4.3633 -3.9864 0.1751 -0.9709 -2.5717 
33.4224 24.7055 -5.2317 -3.8927 4.9213 0.5758 -2.0354 -0.4345 -3.5932 -4.3021 -0.1246 -0.2994 -1.8760 
31.9306 24.0338 -4.2771 -3.6043 4.3565 0.3414 -2.1672 -0.8786 -3.9901 -4.6444 -0.3613 -0.0288 -1.6515 
30.9738 23.1614 -4.3879 -3.4753 4.5482 0.8306 -1.6559 -0.9169 -4.5260 -5.2265 -0.7893 -0.2055 -1.5664 
30.6090 22.5591 -4.5818 -2.7824 5.2035 0.7066 -1.8930 -0.8229 -4.3715 -4.8214 -0.0818 0.0099 -1.9934 
30.2232 22.2401 -4.5128 -2.5761 5.2420 0.5367 -1.9012 -0.3682 -3.8326 -4.6024 0.1602 0.4682 -1.8738 
28.9373 21.5389 -3.6958 -2.0212 4.7797 0.0638 -1.8094 -0.1730 -3.8147 -4.6453 0.0123 0.1490 -2.2058 
28.7873 21.5582 -3.6736 -2.4082 4.6111 0.4807 -1.4702 -0.0760 -3.5719 -4.5598 -0.3495 -0.1780 -2.3070 
27.7479 20.8812 -2.9462 -1.3102 4.7994 -0.1614 -1.7215 0.6362 -2.7972 -4.6531 -0.9659 -0.5541 -2.3334 
26.8131 19.5763 -4.0066 -1.8884 4.4741 -0.6620 -2.4802 0.0028 -2.8256 -4.2486 -0.9963 -1.4234 -3.5062 
25.5442 18.6600 -3.5664 -1.2024 4.7817 -0.3138 -1.8576 0.5182 -2.7779 -4.5522 -1.1934 -1.2058 -2.9512 
24.5705 17.8386 -3.6033 -1.2123 4.5445 -0.4346 -1.8984 0.3411 -2.8462 -4.2448 -0.7528 -0.9862 -2.9309 
23.8127 17.1981 -3.3948 -0.7025 4.4872 -0.9787 -2.0535 0.7706 -2.5754 -4.5250 -1.0714 -0.8059 -2.4577 
23.2626 16.6049 -3.9941 -1.6642 3.7213 -0.9820 -1.5907 1.3585 -1.8988 -3.9216 -0.6976 -0.8043 -3.0384 
22.7601 16.2039 -4.0940 -1.9678 3.3232 -1.1582 -1.8130 0.8832 -2.2383 -3.8184 -0.3249 -0.3737 -2.5444 
22.0268 15.2083 -4.7657 -2.1212 3.2241 -1.7235 -2.5900 0.4592 -2.2802 -3.8752 -0.6108 -0.6646 -2.4323 
22.3031 15.8828 -3.9040 -1.7314 3.1722 -1.6178 -2.0517 1.2663 -1.5519 -3.4022 -0.1175 -0.0024 -2.0743 
21.5399 14.7024 -4.9890 -2.2515 3.2412 -1.2139 -1.5612 1.5614 -1.4105 -3.1345 0.0510 -0.2944 -2.4725 
22.2505 15.2618 -4.5964 -0.9358 4.8505 -0.9197 -2.3252 1.3727 -0.8414 -3.0166 -0.3109 0.0738 -1.4762 
20.7534 14.2116 -4.5275 -1.5220 3.8234 -0.9833 -1.8720 1.2438 -1.1350 -2.8534 -0.2849 -0.5743 -2.1455 
20.8508 14.5490 -4.1550 -1.7034 3.2653 -1.1865 -1.6356 1.3580 -1.2807 -2.7106 0.3545 -0.0815 -2.1499 
20.3205 13.4333 -5.3206 -2.1335 2.8959 -2.1106 -2.1810 1.7378 -0.8100 -2.7193 0.1318 -0.2137 -2.0458 
20.3931 13.8876 -4.6790 -2.0089 2.8155 -1.9428 -2.2645 1.1113 -1.4561 -3.0107 0.2513 0.3684 -1.3459 
19.9704 13.5506 -4.5693 -1.8169 2.7551 -2.0789 -2.2039 1.3294 -1.0815 -2.4563 0.5113 -0.0357 -1.6853 
24.8575 15.9139 -8.5226 -4.4632 5.3872 1.0900 -2.6869 -0.6797 -1.3478 -1.1226 1.8878 0.8031 -1.4119 
33.6738 18.6467 -16.0756 -6.9579 6.6668 -2.2444 -5.8171 -0.3335 -3.2337 -4.5863 1.4446 1.0868 -2.0988 
32.9446 16.9018 -17.0124 -4.7301 9.4294 -1.5750 -5.0803 1.8331 -1.6514 -4.3171 1.4809 1.0907 -2.2080 
33.5305 17.4716 -17.0629 -5.1640 9.3488 -1.0345 -4.3470 2.4582 -1.1815 -4.2297 1.1464 0.8189 -2.0413 
33.4480 17.4650 -17.0107 -5.3733 8.8169 -1.6538 -4.9027 2.0040 -1.4883 -4.4117 1.1032 1.0491 -1.6949 
32.7014 17.0918 -16.5923 -5.2460 8.7888 -0.7038 -3.1987 2.9545 -1.7307 -4.6734 1.5133 1.2138 -2.5003 
32.0585 17.2564 -15.7477 -5.7488 7.7853 -0.8301 -3.4229 2.2312 -2.0916 -5.1375 0.5313 0.9816 -1.6467 
31.9385 17.7818 -14.8409 -5.9052 7.0924 -0.9376 -3.3349 2.2119 -1.7941 -4.8666 0.2055 0.4115 -2.1477 
30.7532 17.4445 -13.8674 -5.7555 6.7194 -0.8374 -3.6252 1.1976 -2.7817 -5.9954 -1.3177 -1.0235 -3.4238 
29.7437 17.7527 -11.9434 -5.1523 6.5938 0.2458 -2.3480 1.7328 -1.8913 -4.5902 -0.3052 -0.3466 -2.8302 
31.1275 20.2292 -9.0402 -2.9481 7.9794 1.2916 -2.0643 0.9463 -2.7643 -4.7652 -0.3278 -0.7023 -3.1428 
34.8599 24.4270 -7.2193 -2.9891 7.6010 1.2862 -2.3708 -0.1350 -3.7663 -4.8663 0.0130 -0.5362 -2.9436 
38.3307 25.9963 -9.9314 -5.0140 7.5503 1.1067 -2.6530 -0.1410 -4.6102 -6.3405 -0.8495 -0.8743 -3.0737 
38.6003 26.5786 -9.5601 -5.5895 6.7131 0.9864 -2.5720 -0.5877 -4.9649 -5.8916 -0.2018 -0.8998 -3.4672 
39.4884 27.7494 -9.0009 -5.8510 6.6905 1.8866 -1.7420 -0.5329 -4.8128 -5.1264 0.3588 -0.9362 -3.4116 
39.4658 27.7358 -8.9352 -5.7922 6.5176 1.6123 -1.8133 -0.6714 -5.3959 -5.7023 0.2961 -0.9059 -3.6493 
39.3386 27.2415 -9.5385 -5.8833 6.4464 1.0194 -2.3228 -0.5930 -5.1890 -5.8858 -0.1594 -1.1675 -3.6523 
37.9111 27.3353 -7.7127 -6.0130 5.6293 2.1739 -1.0100 -0.6315 -4.9208 -5.0686 -0.0725 -1.2450 -3.0629 
37.5719 27.1555 -7.6829 -6.2389 5.4319 2.2319 -0.9872 -0.5037 -4.5170 -4.9457 -0.4232 -1.5023 -3.1322 
37.0244 27.1308 -7.1353 -6.6118 4.4284 1.7610 -1.1713 -0.8398 -4.5131 -4.6082 -0.4948 -2.0627 -3.6677 
36.4203 26.8841 -6.6448 -6.2589 4.4877 1.7443 -1.3960 -1.1053 -4.5766 -4.7961 -0.8539 -2.1416 -3.6455 
36.8991 26.7909 -7.0564 -5.5348 5.1587 1.1250 -1.8251 -0.3469 -3.7720 -4.5663 -0.7030 -1.9421 -3.6084 
36.3033 26.1077 -7.2359 -5.2731 5.2146 0.7455 -2.1158 -0.3200 -3.7708 -4.7371 -0.9307 -2.2573 -4.0398 
35.6100 25.9960 -6.3699 -4.8694 4.9836 0.6820 -2.0064 -0.3165 -3.7800 -4.7989 -1.0297 -2.1229 -3.8060 
35.3517 26.5561 -5.1568 -4.8265 4.4653 1.1517 -1.2627 -0.3252 -3.7600 -4.1497 -0.4857 -2.0573 -3.6240 
34.1975 26.2466 -4.2252 -4.8808 3.8146 1.1616 -1.5457 -1.3127 -4.0548 -3.6247 -0.2412 -2.1219 -3.8198 
34.1641 26.2794 -3.8465 -4.2202 4.1200 1.0133 -1.4721 -0.9077 -3.7770 -3.3790 0.1106 -2.1171 -4.0711 
34.6759 25.5973 -5.1185 -3.3351 4.9878 -0.7085 -2.9797 0.1159 -2.6919 -4.0639 -0.8112 -2.1454 -3.9175 
33.8853 24.7132 -5.1748 -2.6430 5.1918 -1.4868 -3.6853 0.0370 -2.7945 -4.4117 -0.9426 -2.0636 -4.0285 
33.3985 24.8668 -4.2847 -2.4960 4.9168 -1.2135 -3.3788 0.0097 -2.4352 -3.5751 -0.2734 -1.7070 -3.9002 
32.6972 24.7806 -3.3780 -2.1034 4.6846 -1.1946 -3.1184 0.2579 -2.0969 -3.3526 -0.2796 -1.5147 -3.4401 
30.7188 23.8961 -2.1561 -1.8355 3.8650 -1.6017 -3.6269 -0.6483 -2.3862 -3.2209 -0.5563 -1.8678 -3.5958 
30.1337 23.5458 -1.6394 -1.0473 4.2777 -1.4150 -3.4437 -0.7982 -2.8313 -3.2716 -0.0648 -1.3906 -3.3979 
30.7302 23.1389 -2.7834 -0.5610 5.0460 -2.3265 -4.2889 -0.2025 -2.4334 -3.8041 -0.3230 -1.1167 -3.2738 
30.3216 22.7565 -2.9497 -0.8480 4.6316 -2.5706 -4.3095 -0.2166 -2.6208 -4.1478 -0.5537 -0.9973 -3.0332 
29.4258 22.3527 -2.4986 -0.7946 4.7803 -1.5972 -3.5492 -0.2448 -2.4902 -3.5403 -0.0270 -0.5949 -2.6226 
27.7123 21.0679 -2.3456 -0.7954 4.5438 -1.1376 -2.7911 -0.0136 -2.6272 -3.6428 0.0140 -0.3640 -2.3628 
26.7947 20.3365 -2.2797 -0.7424 4.3324 -1.1407 -2.6113 0.0323 -2.4322 -3.1785 0.1190 -0.7246 -2.5043 
25.8710 19.8651 -1.6187 -0.0368 4.6360 -1.1397 -2.7027 0.4078 -1.6967 -2.8175 0.4689 0.1359 -2.1606 
24.9894 18.7900 -2.0336 0.1711 4.6672 -1.2294 -2.1666 1.0689 -1.8004 -3.2148 0.2119 -0.5605 -3.1186 
24.6111 18.4565 -2.1905 -0.1448 4.2687 -1.5432 -2.5138 0.7344 -1.9383 -3.3265 -0.0791 -0.8184 -3.1307 
24.1904 17.9485 -2.4866 -0.0657 4.7931 -0.9792 -2.3127 0.7874 -1.8594 -3.5181 -0.4474 -0.7705 -2.5626 
22.6894 16.2838 -3.5063 -1.1226 3.5490 -1.7194 -2.3940 0.5440 -2.7297 -4.4970 -1.0681 -1.2798 -3.2845 
22.6609 15.9641 -4.0300 -1.2409 3.7934 -1.5171 -2.0496 1.3118 -1.8573 -3.8248 -0.3685 -0.3511 -2.3810 
21.2589 14.7768 -4.4280 -2.1543 2.7871 -1.3576 -1.2846 1.5403 -1.9161 -3.8657 -0.9540 -1.3443 -2.8103 
21.0325 14.6030 -4.1207 -1.3014 3.5291 -1.4675 -1.9330 1.2782 -1.6117 -3.3265 -0.1590 -0.5264 -2.7171 
21.7959 15.3149 -4.0853 -1.5705 3.3141 -1.7477 -2.3233 1.1008 -1.5980 -3.5613 -0.4938 -0.2956 -2.0372 
22.1360 15.3532 -4.7982 -2.5317 2.5478 -2.3375 -2.7922 0.8755 -1.4902 -3.1801 -0.0853 -0.2369 -2.3578 
21.3852 15.2127 -3.8101 -1.9223 2.4900 -2.0505 -2.0100 1.5414 -1.0773 -3.0148 -0.3107 -0.5155 -2.2534 
20.6825 14.0559 -4.7574 -1.9598 2.9946 -1.7137 -1.9059 1.3388 -1.6912 -3.5457 -0.4929 -0.8380 -2.7565 
20.7119 14.0461 -5.0267 -2.4465 2.7069 -1.8591 -2.2467 1.1169 -1.4562 -3.1272 0.0782 0.0056 -2.2557 
20.3018 13.4644 -5.4921 -2.8005 2.2440 -2.2618 -2.3417 0.9288 -2.1017 -4.0488 -1.1033 -1.3920 -3.2670 
20.3553 13.6550 -5.0225 -2.1307 2.8120 -1.9571 -2.1305 1.3377 -1.3851 -3.3037 -0.8034 -1.5698 -3.3668 
19.2524 12.2045 -6.3454 -3.3311 1.8782 -2.8365 -3.2160 0.3746 -2.0100 -3.7996 -0.8955 -0.9718 -2.8931 
20.4951 14.0402 -4.5637 -1.9267 2.9846 -1.7615 -2.2703 1.0458 -1.2930 -2.6844 0.3841 0.0640 -2.0011 
20.0716 13.5153 -4.8867 -2.2138 2.4991 -2.0084 -1.8200 1.6551 -1.1415 -2.7684 0.3584 0.1422 -1.6197 
23.4207 17.4563 -2.5481 -0.8971 3.5694 -1.4359 -2.2697 0.5972 -2.0202 -3.3126 -0.0927 -0.3955 -2.3255 
23.7483 18.2137 -1.3544 0.3600 4.6546 -0.6418 -2.0252 0.2585 -2.6950 -4.3036 -1.3876 -1.4207 -2.5058 
24.0056 18.4533 -1.1725 0.7313 4.9947 -0.6623 -2.2035 0.1382 -3.0294 -4.9104 -1.8073 -1.5525 -2.7652 
24.3237 18.7563 -1.0292 1.0277 5.5307 -0.1924 -1.9812 0.3958 -2.4473 -4.1829 -1.1569 -0.8455 -2.1181 
24.8819 18.8249 -1.7897 0.5739 5.5563 -0.0774 -1.5542 1.1205 -1.9148 -3.8501 -0.9504 -1.0729 -2.5313 
24.5262 18.8493 -1.1813 0.8181 5.2091 -0.5251 -1.9374 0.7397 -2.1967 -3.8974 -0.6884 -0.7025 -2.4635 
28.7206 22.2669 -1.8425 -0.8997 4.6342 -0.7901 -3.1501 -1.1517 -3.4744 -3.9771 -0.4825 -0.9313 -2.5530 
30.3058 23.2148 -2.1280 -0.3238 5.5386 -0.9197 -3.3551 -0.7503 -3.4184 -4.1366 0.0928 -0.1326 -2.3110 
31.1619 23.6946 -2.8863 -1.2322 5.5219 -0.6566 -3.9227 -1.7103 -3.6054 -3.8072 -0.1071 -0.7214 -2.4874 
32.6069 24.6445 -3.1082 -0.6120 7.0844 -0.0311 -4.6751 -2.3517 -3.1617 -2.9311 0.2130 -0.7116 -1.8203 
32.6417 24.6518 -2.9920 -0.5728 6.3342 -1.2443 -5.2910 -2.4582 -3.3396 -3.0800 -0.0382 -1.3786 -2.3644 
33.4479 25.0866 -3.1014 -0.0364 6.8679 -1.7697 -6.1517 -2.8063 -3.3862 -2.9062 0.4041 -1.0203 -2.0625 
34.6894 26.0154 -3.2920 -0.5863 5.8524 -2.8655 -5.9476 -1.5096 -2.5431 -2.6975 0.6145 -0.9325 -2.0795 
33.9306 25.7581 -3.2618 -1.2705 6.2190 -1.6671 -6.8501 -3.4713 -2.3054 -1.4291 0.5516 -1.3213 -1.9920 
33.9014 25.6480 -3.0886 -0.5894 6.5273 -2.0980 -6.9624 -2.8314 -1.7438 -1.1500 1.0810 -0.7636 -1.9717 
33.9982 25.9357 -2.8641 -1.1287 5.3093 -2.8153 -6.4083 -1.7654 -1.2878 -1.2139 1.0612 -1.0072 -2.5772 
34.9724 25.8285 -4.5865 -1.6476 6.4842 -2.0785 -6.7032 -1.8352 -0.7822 -0.8548 1.0594 -1.0161 -2.5073 
34.1450 25.5379 -3.9096 -1.5061 5.8814 -2.5336 -6.7613 -1.7133 -0.6653 -0.8574 1.0937 -1.0755 -3.1777 
34.0773 26.0121 -3.2719 -2.0785 4.9287 -2.2340 -5.9199 -1.8416 -1.4319 -1.2814 1.0149 -1.0789 -3.2312 
36.1451 26.7905 -5.3115 -3.6397 5.1468 -1.3558 -4.8137 -0.8139 -1.2370 -1.4867 1.2972 -0.7198 -3.2644 
33.7627 25.6955 -3.1628 -2.0098 4.0180 -3.2870 -5.5533 -0.7708 -1.0320 -1.0984 1.3101 -1.3820 -3.6553 
34.6478 25.9121 -4.1597 -2.4482 4.5236 -2.8135 -5.1550 -0.0767 -0.6122 -1.3925 0.9371 -1.2682 -3.3861 
34.7317 25.4692 -5.2263 -3.2195 4.3049 -2.6897 -4.9157 -0.1808 -1.0193 -1.5958 0.6021 -2.2415 -4.3685 
35.3668 26.2572 -5.0334 -3.5793 4.5680 -1.4338 -3.7914 0.2517 -0.8382 -1.5837 0.3723 -2.2782 -3.8724 
35.4506 26.2121 -5.2617 -3.7839 4.3975 -1.4713 -3.5737 0.2592 -1.5062 -2.3807 0.2078 -2.0286 -3.7711 
33.8868 25.1497 -4.5953 -2.8792 4.8108 -0.9537 -2.9083 0.2372 -2.3501 -2.9093 0.7424 -1.4100 -4.1562 
32.0942 24.1667 -3.6141 -2.3149 4.4403 -0.9534 -2.4755 0.4889 -2.0793 -2.4929 1.1654 -0.7249 -3.4421 
29.7200 22.6782 -2.7542 -1.7878 4.2129 -0.7823 -2.2041 0.6323 -1.6610 -2.5725 0.1391 -1.4146 -3.5050 
29.6151 22.5863 -2.6055 -1.4192 4.2371 -1.4519 -2.9336 0.4158 -1.8314 -2.9519 0.2552 -0.6385 -2.8056 
28.3749 21.4330 -2.9340 -1.5983 4.2535 -0.8963 -2.2742 0.6800 -1.8942 -3.1977 0.0385 -0.5352 -2.6987 
29.0405 21.5878 -4.0739 -2.5880 4.9657 0.7447 -1.7360 0.0263 -2.1885 -3.0318 -0.4806 -1.3534 -2.5240 
27.1853 20.2223 -3.1698 -1.1604 4.6823 -0.8799 -2.4335 0.8316 -1.4693 -2.9952 -0.1138 -0.6767 -2.5986 
26.2605 19.8504 -2.3427 -0.6094 4.5128 -0.9948 -2.2778 0.8930 -1.6781 -3.4910 -0.6155 -0.7013 -2.3830 
25.0174 18.1194 -3.5665 -0.7665 5.0516 -0.4426 -1.8030 1.2242 -1.8053 -3.9330 -1.0449 -1.3389 -3.3085 
23.7101 17.0385 -3.4551 -0.4218 5.0751 -0.4341 -1.6170 1.5390 -1.1979 -2.8865 0.2174 -0.2504 -2.5903 
22.9293 16.2689 -3.8396 -0.9096 4.5893 -0.4786 -1.3523 1.7740 -0.9865 -2.7253 0.2330 -0.0405 -1.7981 
21.6860 15.3436 -3.7354 -0.8992 4.4034 -0.5618 -1.7523 1.0152 -1.6279 -3.2763 -0.3658 -0.4985 -2.0767 
21.4097 14.8060 -4.2469 -1.3184 3.3893 -1.9952 -2.4447 1.1334 -1.4049 -2.8004 0.6058 0.3949 -1.8134 
21.3394 14.6029 -4.4431 -1.1944 3.6921 -1.8551 -2.4015 1.2448 -1.4114 -3.1308 0.0549 -0.0886 -1.8584 
20.8204 14.3011 -4.4665 -1.6879 3.2821 -1.4479 -1.8029 1.4376 -1.1934 -2.6609 0.3532 -0.2008 -2.2824 
19.9239 13.5202 -4.5538 -1.7587 2.8650 -2.0032 -2.1414 1.5183 -1.0598 -3.0594 -0.3387 -0.5113 -2.3123 
20.5621 13.9427 -4.9606 -2.3509 2.8143 -1.6254 -2.0454 1.1023 -1.3804 -2.9061 -0.2980 -1.0265 -2.6681 
20.5954 13.7222 -5.1391 -1.8904 3.1096 -2.2650 -2.7721 0.9720 -1.5690 -3.3737 -0.2484 -0.3544 -2.2325 
19.1894 12.5990 -5.2739 -2.2312 2.8659 -1.5642 -1.7670 1.5431 -1.0842 -2.8519 -0.0986 -0.5327 -2.4652 
19.3399 12.7015 -5.2100 -2.0615 2.8453 -1.9521 -2.2398 1.1551 -1.3069 -2.5727 0.6839 0.1049 -2.3690 
19.2339 12.0744 -6.0890 -2.2415 2.8326 -2.5778 -2.7263 1.3770 -1.2154 -3.0793 0.2493 0.2592 -1.6892 
19.3040 12.5258 -5.4651 -2.1315 2.8572 -2.1628 -2.6369 0.8420 -1.4099 -2.5686 0.5443 -0.2454 -2.5188 
19.7968 12.9702 -5.5142 -2.2818 3.2305 -1.2331 -1.5150 1.9889 -0.6284 -2.7143 -0.0013 -0.0073 -1.8080 
19.2246 12.8702 -4.7948 -2.0168 2.6910 -1.8468 -1.8950 1.7061 -0.7683 -2.7326 -0.0729 -0.0736 -1.6314 
19.7127 13.2115 -4.6627 -1.5207 3.1228 -1.8340 -1.8056 1.8897 -0.7346 -2.2318 0.9395 0.1279 -2.5236 
19.7753 13.0664 -5.0458 -1.6160 3.4151 -1.7779 -2.3991 1.0597 -1.2977 -2.7142 0.2286 -0.4766 -2.6102 
18.7510 12.3448 -5.0508 -2.0806 2.7551 -1.7790 -2.0887 1.3108 -0.8086 -2.2671 0.1763 -0.4971 -2.1401 
18.7806 12.6099 -4.4275 -1.5108 2.9127 -1.6798 -1.5769 1.8144 -0.9215 -2.4585 0.6781 0.0309 -2.6506 
18.5250 12.5839 -3.9671 -0.9877 3.2966 -1.4635 -1.7075 1.4653 -1.0605 -2.5098 0.2732 -0.4391 -2.6326 
18.2318 12.3721 -4.3099 -1.9283 2.5952 -1.2705 -1.3383 1.5445 -0.9361 -2.4097 0.2355 -0.0530 -1.6504 
17.5397 11.5930 -4.5209 -1.6021 2.8793 -1.4127 -1.7051 1.1469 -1.4242 -2.9201 -0.1097 -0.1544 -1.4718 
17.6419 11.6679 -4.6126 -1.8102 2.7224 -1.3836 -1.3604 1.8692 -0.6250 -2.5237 -0.2181 -0.5629 -2.0104 
17.7173 11.7635 -4.2851 -1.3519 2.4518 -2.4004 -2.1391 1.4228 -1.2753 -3.0529 -0.1884 -0.3435 -2.0397 
18.2099 12.1725 -4.6409 -1.9219 2.9945 -1.0230 -1.4498 1.3777 -1.1607 -2.7791 0.1198 0.0967 -1.9044 
18.0826 12.0503 -4.6195 -2.0484 2.2737 -2.0087 -2.0473 1.2067 -0.9032 -2.0415 0.6624 0.1279 -1.4540 
18.1570 12.0098 -4.8228 -2.0817 2.4644 -2.0243 -2.4149 0.8285 -1.2656 -2.5962 0.1996 -0.0232 -1.7098 
17.9174 12.1528 -4.0330 -1.2849 3.1427 -1.2546 -1.8216 1.0648 -0.9615 -1.9394 0.9299 0.4155 -1.7921 
17.3201 11.1015 -5.3013 -2.3252 2.5522 -1.5496 -2.0003 0.9620 -1.0862 -2.5024 -0.3943 -1.1354 -2.7398 
17.4738 11.5603 -4.5591 -1.6673 3.0275 -1.1615 -1.6865 1.1027 -1.2427 -2.5532 0.4343 0.3403 -1.5407 
17.8081 12.0715 -4.2203 -1.8572 2.5020 -1.4477 -1.4643 1.7367 -0.4776 -2.1357 0.2660 0.0659 -1.4137 
17.9377 12.3010 -3.9763 -1.6453 2.7198 -1.4274 -1.8335 1.3242 -0.5861 -2.1622 0.1312 -0.0058 -1.4363 
17.9327 12.2506 -3.9062 -1.3552 2.8312 -1.6018 -1.9071 1.2972 -0.8560 -2.3505 0.3412 0.1858 -1.6409 
17.6221 11.7543 -4.4050 -1.6769 2.6729 -1.6992 -1.9290 1.2869 -1.0408 -2.6846 0.0357 -0.1402 -2.1023 
16.6895 11.2898 -3.9929 -1.8281 2.1928 -1.3693 -1.4395 0.7499 -2.0282 -3.0686 0.0361 -0.3062 -2.3351 
16.6541 11.0912 -4.0717 -1.2967 2.6478 -1.9867 -2.4005 0.9480 -0.9218 -2.4187 0.1418 0.0656 -1.7628 
16.1234 10.4588 -4.7482 -2.1519 2.3228 -1.3819 -1.7367 0.8659 -1.4454 -2.8238 -0.0343 0.0479 -1.6705 
16.7294 11.2426 -4.1017 -1.8927 1.8976 -1.8718 -1.3545 1.7227 -1.1834 -3.1971 -0.5463 -0.5731 -2.2873 
15.8987 10.5135 -4.1143 -1.4390 2.7650 -1.0295 -1.1658 1.6415 -0.8860 -2.9088 -0.7007 -0.7308 -2.1758 
16.4347 10.9347 -4.0721 -1.2923 2.8272 -1.6253 -2.2047 1.0237 -0.6566 -2.1844 0.0643 -0.0168 -1.6442 
16.0604 10.4860 -4.7597 -2.6474 1.3661 -2.3679 -2.3736 0.7016 -1.4829 -3.2833 -0.8842 -0.6331 -1.8587 
16.2325 10.8766 -4.0786 -1.8987 1.8703 -2.0908 -2.3102 0.3761 -1.8501 -2.9631 0.0548 0.2053 -1.4136 
15.9627 10.5492 -4.3317 -1.8878 2.4463 -1.3023 -1.7556 1.1750 -0.6246 -2.4084 -0.5905 -0.6978 -2.0181 
16.1173 11.0202 -3.5154 -1.4377 2.0312 -1.7681 -1.5398 1.2902 -1.1568 -2.6497 -0.0433 -0.0941 -1.6990 
16.7613 10.9560 -4.8286 -2.3276 2.1857 -1.6171 -1.9195 0.9827 -1.0926 -2.7393 -0.7267 -1.0808 -2.3802 
16.3086 10.9258 -4.1765 -1.9861 2.1076 -1.6473 -2.0014 0.7656 -1.1155 -2.4309 -0.1237 -0.2824 -1.8412 
16.1533 10.7464 -4.2244 -1.9086 2.1681 -1.6482 -2.0149 0.6408 -1.3895 -2.5607 0.1032 0.1247 -1.4049 
16.2164 10.7445 -4.2263 -1.7748 2.1481 -1.8363 -1.7984 1.2778 -1.1021 -2.8805 -0.4029 -0.4493 -2.0307 
15.7614 10.6904 -3.5088 -1.1100 2.5647 -1.4767 -1.8771 0.7047 -1.3131 -2.4093 -0.0582 -0.6627 -2.2140 
16.6325 11.4587 -3.5464 -1.5601 2.0210 -1.9305 -1.8925 1.1634 -0.9697 -2.5769 -0.2800 -0.3862 -1.7500 
15.6764 10.1851 -4.3878 -1.6364 2.5583 -1.2074 -1.4535 1.0964 -1.0433 -2.1029 0.4006 0.0655 -1.4463 
15.5141 10.0769 -4.4231 -1.8915 2.0430 -1.7878 -1.9083 0.7290 -1.5945 -2.6901 0.3295 0.2509 -1.7366 
16.2240 10.8615 -3.8868 -1.2204 2.8218 -1.2979 -1.6254 1.2071 -1.1267 -2.7866 -0.2217 -0.1638 -1.8256 
16.0423 10.5241 -4.4042 -1.6907 2.7957 -1.0638 -1.7118 0.8345 -1.2998 -2.7371 -0.2200 -0.2129 -1.8605 
16.5040 10.9570 -4.1412 -1.3547 2.8590 -1.3643 -1.7811 1.2429 -0.7199 -2.3023 -0.2433 -0.5875 -1.8229 
15.7535 10.7172 -3.5872 -1.4410 2.2825 -1.4180 -1.5839 1.0387 -1.1308 -2.4572 0.1043 0.0715 -1.5427 
15.7840 10.4991 -3.9432 -1.4921 2.2912 -1.4806 -1.4986 0.9031 -1.7995 -3.1638 -0.3800 -0.3246 -1.6214 
15.5909 9.9506 -4.6097 -1.6379 2.3909 -1.6935 -1.5730 1.4675 -1.1899 -3.0954 -0.5091 -0.3357 -1.7346 
16.0836 10.3490 -4.6889 -1.8156 2.3400 -1.8425 -1.9544 1.1966 -0.9356 -2.4169 0.0375 -0.3122 -2.0716 
16.2982 10.9057 -3.9081 -1.1825 2.9191 -1.3045 -1.7384 1.2316 -0.8892 -2.6017 -0.2451 -0.1810 -1.6363 
16.0780 10.6716 -4.1654 -1.5808 2.7974 -0.8797 -1.3119 1.3026 -0.6338 -1.9421 0.0857 -0.4817 -1.8487 
16.0675 10.8745 -3.5545 -0.9111 2.9631 -1.2680 -1.7591 1.0461 -0.8952 -2.1496 0.2989 -0.0138 -1.8395 
15.3924 9.7415 -4.7313 -1.7453 2.3323 -1.6934 -1.6514 1.2412 -1.3872 -3.0471 -0.3811 -0.5760 -2.2409 
15.7200 9.9816 -4.7963 -1.8245 2.3291 -1.7605 -1.8850 0.9379 -1.4893 -2.9528 -0.3827 -0.5358 -1.9361 
15.8761 10.5556 -4.3635 -2.3569 1.8234 -1.5483 -1.8203 0.8384 -1.0280 -2.3915 -0.1695 -0.2348 -1.6621 
16.3992 10.9630 -3.8788 -0.9689 3.3054 -0.8438 -1.2944 1.4486 -0.9534 -2.7441 -0.4586 -0.5728 -1.9425 
15.3291 9.8753 -4.4971 -1.6815 2.7557 -0.8064 -1.2201 0.9902 -1.5245 -2.7950 -0.0554 -0.2478 -1.9756 
15.6204 10.1506 -4.1369 -1.0744 2.8250 -1.5704 -1.9061 0.9623 -1.1154 -2.2762 0.0785 -0.7360 -2.4076 
15.6073 10.4232 -3.8114 -1.2866 2.6521 -1.2437 -1.9470 0.0972 -1.9773 -2.5485 0.3489 0.1080 -1.3386 
15.5100 10.1101 -4.2435 -1.5794 2.1892 -2.0202 -2.2414 0.6835 -1.4640 -2.7884 -0.0404 -0.0255 -1.6610 
15.5950 10.1515 -4.4968 -2.2495 1.5310 -1.9699 -1.7073 0.6776 -2.0506 -2.9298 0.4230 0.2881 -1.4999 
15.3903 10.0523 -4.2977 -1.7480 2.3700 -1.3570 -1.6836 1.1505 -0.5083 -1.8660 -0.2251 -0.9119 -2.1206 
16.0979 10.7399 -3.7622 -0.9346 2.7656 -1.7835 -2.1550 0.6929 -1.5833 -2.7246 0.3713 0.3437 -1.5541 
15.7445 9.8295 -4.7844 -1.2271 2.7916 -1.6856 -1.4749 1.5907 -1.0084 -2.1439 0.7403 0.0484 -1.6721 
16.4755 10.8483 -4.2113 -1.3145 2.7048 -1.6549 -1.7868 1.4241 -0.5519 -1.7703 0.7634 0.2636 -1.5705 
16.2322 10.8579 -4.1962 -1.7598 2.8828 -0.7398 -1.6077 0.9996 -0.4405 -1.6693 0.2993 0.1805 -1.0496 
14.8928 9.2751 -4.8865 -1.7267 2.6353 -1.3548 -1.6102 1.3024 -1.2231 -3.1232 -0.1682 0.4538 -1.4420 
15.7467 10.4402 -4.0179 -1.6776 1.9173 -1.7484 -1.2313 1.6190 -1.0595 -2.5609 -0.0430 -0.6749 -2.7406 
16.1757 10.9052 -3.8516 -1.2676 3.1066 -0.9238 -1.9379 0.6199 -1.0311 -2.3190 -0.0321 0.0136 -1.5579 
16.1294 11.0509 -3.4880 -1.3058 2.3912 -1.5016 -1.5997 1.3252 -0.8146 -2.3464 0.2265 0.4135 -1.0679 
16.3570 10.9271 -4.0814 -1.6149 2.5191 -1.0971 -0.8831 2.0654 -0.3589 -1.9627 0.5301 0.1987 -1.7473 
16.4277 10.7309 -4.4244 -1.4314 2.9776 -1.0585 -1.1524 1.9163 -0.5724 -2.6308 -0.3582 -0.2044 -1.4905 
