16.2853 11.2949 -3.1800 -1.1405 2.0396 -2.1747 -1.9249 1.4704 -0.6839 -2.5810 -0.5079 -0.7948 -2.2873 
15.1361 10.0361 -3.9026 -1.5296 2.1826 -1.7001 -1.9464 0.9756 -0.7601 -2.1181 -0.1885 -0.8787 -2.5266 
15.0475 10.3942 -3.0367 -1.0294 2.1953 -1.7313 -2.0874 0.5454 -1.2681 -2.4923 -0.1803 -0.1467 -1.3818 
15.8975 10.5198 -4.0125 -1.2255 2.8272 -1.4407 -2.0653 0.8042 -0.8812 -2.1114 -0.0139 -0.5045 -2.0651 
14.5621 9.2428 -4.2800 -1.3662 2.1539 -1.9396 -1.5964 1.6408 -0.5411 -1.9076 0.5839 0.0533 -1.7842 
15.0861 9.8435 -3.9911 -1.3108 2.1018 -2.1764 -2.0036 1.2942 -0.9219 -2.6240 -0.1450 -0.1392 -1.7862 
15.0892 9.8191 -4.3192 -1.9742 1.7785 -2.0039 -2.2039 0.4470 -1.6133 -2.8519 -0.3827 -0.3200 -1.3124 
14.7219 9.1291 -4.7590 -1.5485 2.3476 -2.0574 -2.3866 0.6167 -1.2396 -2.2606 0.2662 -0.3353 -2.2527 
15.2450 10.0624 -3.9172 -1.3516 2.3204 -1.7868 -1.9946 0.9324 -1.2920 -3.1378 -0.9228 -0.7242 -1.8793 
15.0718 10.1877 -3.3826 -1.1259 2.0922 -1.8980 -1.8000 1.1332 -1.1191 -2.8816 -0.7999 -0.8547 -1.8870 
14.7259 9.5875 -4.0500 -1.5796 1.9627 -1.7487 -1.5679 1.1659 -1.0832 -2.2874 0.1629 -0.3274 -1.8872 
15.6805 10.6539 -3.5329 -1.4035 1.9574 -2.0478 -1.9526 1.1932 -0.7945 -2.3103 -0.0201 -0.1782 -1.6597 
14.6696 9.6973 -3.7702 -1.4436 1.9009 -2.1274 -2.3835 0.4122 -1.3123 -2.3900 -0.1613 -0.4927 -1.7487 
14.3385 9.4483 -3.9779 -1.9723 1.7106 -1.4346 -1.5047 0.8641 -1.0397 -2.2658 -0.5038 -1.2155 -2.6351 
14.8352 9.8125 -3.7609 -1.4255 1.7652 -2.3648 -2.3012 0.7935 -1.0712 -2.1951 0.3843 0.0410 -1.9800 
15.3676 10.1910 -3.7927 -1.1353 2.6425 -1.3312 -1.6225 0.8501 -1.5387 -2.9126 -0.4422 -0.6205 -2.0660 
15.1347 10.0966 -3.6829 -1.2377 2.4011 -1.4508 -1.6490 1.0822 -0.7477 -1.9023 0.1625 -0.3238 -1.5317 
15.4820 10.6364 -3.0093 -0.4860 2.9902 -1.0985 -1.2900 1.4431 -0.8132 -2.3560 -0.0046 -0.1497 -1.7452 
15.5625 10.6081 -3.4099 -1.0936 2.6610 -1.1720 -1.5008 1.3554 -0.2563 -1.5471 0.2676 -0.3297 -1.6957 
15.5804 10.2991 -4.0525 -1.5292 2.2498 -2.0262 -2.4644 0.6351 -1.1394 -2.5865 -0.1559 -0.2410 -2.1209 
15.4275 9.9848 -4.3459 -1.6375 2.0681 -2.2725 -2.4425 0.7598 -1.1894 -2.6192 -0.1500 -0.3711 -2.1410 
15.3144 10.2704 -3.6465 -1.1690 2.6615 -1.1085 -1.3250 1.3404 -0.9080 -2.5940 -0.3638 -0.2952 -1.5486 
15.1717 9.9236 -4.0513 -1.4161 2.1737 -2.1771 -2.4845 0.6735 -1.0799 -2.4421 -0.0620 -0.2509 -2.0463 
15.3699 10.0829 -4.0939 -1.5561 2.1061 -1.9215 -1.8681 1.2755 -0.7748 -2.3602 -0.1174 -0.2711 -1.7188 
15.5566 10.1008 -4.4008 -1.6578 2.5383 -1.3697 -1.6882 1.1581 -0.9080 -2.3161 0.2763 0.2379 -1.6599 
15.6496 10.4205 -4.0320 -1.8360 1.8111 -2.0539 -2.0275 1.0117 -1.0133 -2.4694 -0.1164 -0.3872 -1.9927 
15.6282 10.4432 -3.7610 -1.3450 2.1089 -2.0579 -2.1682 0.5750 -1.6568 -2.6137 0.3907 0.0252 -2.0774 
15.1474 9.7328 -4.5820 -2.0359 2.0504 -1.5995 -1.6401 1.3032 -0.8379 -2.6015 -0.4462 -0.4869 -1.9268 
15.7330 10.4902 -4.0050 -1.7332 2.0405 -1.8178 -2.0284 0.6677 -1.4705 -2.7656 -0.2157 -0.2929 -1.7532 
15.1318 9.6776 -4.6159 -2.0688 1.6501 -2.5625 -2.7457 0.5890 -1.1236 -2.8354 -0.8551 -0.7512 -1.6511 
15.0645 9.7163 -4.5968 -2.4658 1.0723 -2.9079 -3.1347 -0.1780 -1.9050 -3.3032 -1.3203 -1.5248 -2.6895 
15.1186 9.8418 -4.4095 -2.2262 1.5432 -2.0145 -1.9808 0.9042 -0.8325 -1.8761 0.3810 -0.1154 -1.7449 
15.2156 9.9331 -4.2390 -1.9264 1.5707 -2.2728 -1.8859 1.4243 -0.5405 -1.8993 0.5382 0.2153 -1.5863 
15.7607 10.8832 -3.1938 -1.0750 2.5317 -1.0897 -1.2590 1.1027 -1.1047 -2.2975 -0.0940 -0.5306 -1.7154 
15.2666 9.6197 -4.8314 -1.9793 1.9508 -2.1413 -2.0900 0.9987 -1.3142 -2.9005 -0.3919 -0.6096 -2.2842 
15.2443 9.8452 -4.4011 -1.9084 1.6829 -2.2704 -2.0473 1.0350 -1.1436 -2.5910 -0.1953 -0.3560 -1.7003 
15.5100 10.0930 -4.3062 -1.6857 2.1053 -1.9781 -1.9998 1.1372 -0.9642 -2.6446 -0.4246 -0.4668 -1.7208 
15.6458 10.5474 -3.5869 -1.0201 2.8174 -1.3221 -1.8502 0.8622 -1.2568 -2.8010 -0.2748 -0.0157 -1.3653 
14.7775 9.3106 -4.9054 -2.3432 1.9103 -1.6073 -1.8842 0.8615 -0.9768 -2.4142 -0.4339 -0.7342 -2.0398 
15.7629 10.5976 -3.5574 -0.8937 2.7558 -1.4518 -1.6523 1.0238 -1.5080 -2.9214 0.0365 0.1404 -1.6914 
19.7381 11.7788 -7.8364 -3.2587 4.0282 -1.3115 -3.5764 0.1782 -0.6237 -2.1380 -0.2983 -0.8970 -1.9799 
17.7432 11.1671 -5.8746 -2.2590 3.6785 -1.0532 -3.0666 0.0474 -0.5345 -1.5374 -0.0394 -0.9791 -1.9878 
21.6296 11.9460 -8.5851 -0.4849 6.2634 -2.3583 -3.0271 2.5025 -0.8381 -2.7070 1.7857 0.6078 -2.6673 
34.7975 19.1920 -15.2661 -4.4579 6.8826 -4.6991 -5.1603 3.3087 -2.2961 -6.4331 -0.0576 -0.4664 -3.7547 
35.3850 20.9420 -13.0535 -3.6302 7.1887 -3.5957 -4.0832 4.1669 -0.7472 -4.9101 0.2430 -0.9145 -4.2992 
29.8831 18.0924 -9.7829 -1.6692 6.5751 -3.0406 -2.8810 4.3650 -0.3045 -4.0958 0.2592 -0.9382 -3.7484 
25.7128 14.1163 -10.8392 -2.0653 5.9089 -3.2743 -3.0739 3.4783 -1.2554 -4.3362 0.4578 -0.8456 -3.9682 
21.8213 11.1389 -10.3539 -1.5400 5.4750 -3.1301 -2.0475 4.9443 0.3685 -3.2261 1.1617 0.2657 -3.0005 
19.8248 10.6108 -8.5128 -1.2387 4.1896 -3.9502 -3.3175 2.3953 -1.8033 -4.3234 0.1995 -0.7122 -3.7113 
19.1982 11.0623 -6.9702 -0.7726 4.3755 -2.9703 -2.7638 2.3477 -1.5705 -4.3602 -0.1295 -0.2305 -2.9406 
17.6011 10.7511 -5.5909 -1.0320 3.4274 -2.3642 -2.0114 2.2662 -1.0352 -3.3566 0.1176 -0.0805 -2.2900 
20.1334 11.6943 -7.8967 -2.6414 3.2924 -2.5646 -1.9110 2.9023 -0.7678 -3.1318 0.7277 -0.0120 -2.8742 
21.0286 11.9743 -8.2417 -1.7599 4.4302 -2.7903 -2.5030 2.8826 -1.0248 -3.7322 0.5777 0.2618 -2.4884 
18.1427 11.8233 -4.6050 -0.9084 3.4099 -1.8871 -1.8524 1.9064 -0.9712 -2.8586 0.4007 0.2334 -1.8098 
16.9738 11.0533 -4.5267 -1.4165 2.6530 -2.0202 -2.1008 1.1671 -1.2263 -2.6370 0.1121 -0.3769 -2.1053 
16.8210 10.9739 -4.7274 -1.9594 2.5218 -1.5101 -1.8511 1.0003 -1.1039 -2.3017 0.1705 -0.5144 -2.3640 
17.5668 10.9612 -6.0926 -2.8839 2.5784 -1.6379 -2.5283 0.4885 -1.3505 -2.7465 -0.3422 -0.5563 -1.8386 
17.7694 11.7760 -4.7531 -1.9750 3.0373 -1.1028 -2.1638 0.4187 -1.4271 -2.6751 -0.3661 -0.4539 -1.4224 
16.6776 10.7030 -5.0457 -2.0568 2.6982 -1.5052 -2.1601 0.9763 -0.6589 -2.1274 -0.2028 -0.7221 -2.0386 
17.0175 10.9948 -5.0928 -2.1922 2.5928 -1.9087 -2.7357 0.9800 -0.2284 -2.3409 -1.0818 -1.3090 -2.2005 
17.1444 11.3563 -4.4729 -1.5682 3.2945 -0.7838 -1.6581 1.0183 -0.9043 -2.3297 -0.1538 -0.4351 -1.7066 
16.5387 10.5905 -4.8048 -1.2820 3.6620 -1.0009 -2.4046 0.1886 -1.6268 -2.9257 -0.5762 -0.6726 -1.7146 
15.2001 9.0878 -5.9924 -2.9266 1.7461 -2.2883 -2.8076 0.1925 -1.7354 -3.2079 -0.6473 -0.5009 -1.9717 
15.9903 9.7292 -5.9258 -2.7440 2.0832 -2.1307 -2.6213 0.6659 -1.1683 -2.7886 -0.4433 -0.4189 -1.7368 
17.0847 11.1856 -4.8973 -2.2442 2.5807 -1.4401 -2.3118 0.4799 -1.1611 -2.4389 -0.4163 -0.8956 -2.0318 
16.5957 10.6230 -5.2824 -2.5892 2.2807 -1.5964 -2.2065 0.9794 -0.4788 -2.1074 -0.4958 -0.9190 -1.9530 
16.4951 10.6197 -5.1239 -2.2640 3.0384 -0.7313 -2.1301 0.2371 -1.1339 -2.2174 -0.3448 -0.8715 -2.1764 
17.0348 11.3788 -4.6138 -2.3660 2.5406 -0.9805 -2.0325 0.2766 -1.1736 -2.1231 -0.1330 -0.2792 -0.8735 
16.7651 10.5464 -5.5164 -2.3334 2.7008 -1.5559 -2.2971 0.8544 -0.9227 -2.4777 -0.2128 -0.3097 -1.5231 
16.3797 10.5077 -4.9875 -2.0210 2.7773 -1.3643 -2.2342 0.6763 -0.9602 -2.3799 -0.3464 -0.6188 -1.7118 
16.7093 10.4652 -5.4663 -1.7126 3.9576 -0.6821 -2.5546 0.3037 -0.8949 -2.2786 -0.2428 -0.3792 -1.7042 
16.1033 10.0516 -5.3680 -2.0107 3.0571 -1.2353 -2.3592 0.4797 -1.1530 -2.5305 -0.2631 -0.2001 -1.1547 
16.3699 10.0103 -6.1975 -3.0651 2.4445 -1.6814 -3.0399 0.0924 -0.9462 -2.5642 -1.0574 -1.2150 -2.0427 
16.5797 10.8140 -4.8891 -2.2895 2.5652 -1.2701 -1.9582 1.2873 -0.0575 -1.7983 -0.1928 -0.3973 -1.4744 
17.4546 11.4452 -4.9986 -2.1533 3.1911 -0.7897 -1.9879 0.9232 -0.3763 -1.9004 -0.3267 -0.7490 -1.9298 
17.2651 11.2004 -5.0616 -2.1023 2.8738 -1.4514 -2.3254 1.0717 -0.1491 -1.6551 0.0687 -0.3512 -1.5813 
17.2417 11.3782 -4.9555 -2.5882 2.3503 -1.5437 -2.5645 0.4388 -0.6766 -1.9892 -0.3047 -0.6715 -1.8131 
16.5837 10.6224 -5.2524 -2.3391 2.9603 -0.9176 -2.1136 0.8608 -0.1037 -1.4385 -0.0614 -0.6789 -1.8163 
16.8403 11.1984 -4.6898 -2.4392 2.4673 -1.1330 -2.2681 0.2345 -0.9733 -2.0072 -0.2064 -0.4865 -1.3643 
17.0074 11.2672 -4.5485 -1.9473 2.6489 -1.3600 -1.9133 1.0937 -0.7516 -2.3298 -0.2429 -0.5541 -1.9201 
15.7806 9.8510 -5.2390 -2.1921 2.2174 -1.9317 -2.1369 1.0553 -1.0133 -2.5273 0.0367 0.0198 -1.3927 
16.3119 10.8987 -4.1924 -2.0499 1.7506 -2.1098 -2.1040 0.9087 -1.0720 -2.3710 -0.0258 -0.4068 -1.9307 
15.5991 10.6639 -3.4127 -1.2992 2.2336 -1.5471 -1.5670 1.2788 -0.8955 -2.4586 -0.0632 -0.1487 -1.8318 
15.4413 10.5598 -3.3689 -1.2566 2.2639 -1.5545 -1.7470 1.0535 -0.8155 -2.0134 0.5670 0.6412 -0.9265 
15.6840 10.7274 -3.5358 -1.5002 2.3187 -1.2478 -1.4897 1.2333 -0.7778 -2.5767 -0.6389 -0.5008 -1.7694 
15.5114 10.1910 -4.0688 -1.3705 2.5124 -1.5462 -1.6456 1.5011 -0.5296 -2.2382 -0.0424 -0.1493 -1.6931 
14.8527 9.5429 -4.3907 -1.7691 2.0169 -2.0395 -2.2682 0.8083 -1.0900 -2.7152 -0.5575 -0.7599 -2.4948 
15.9741 10.9459 -3.4312 -1.3150 2.2561 -1.4449 -1.3011 1.4559 -0.9310 -2.4707 -0.1181 -0.4333 -2.0606 
16.3460 11.1907 -3.4922 -1.2435 2.3011 -1.9464 -2.1704 0.8462 -1.0723 -2.3055 0.0105 -0.8001 -2.7541 
16.5002 10.7800 -4.5126 -1.5431 3.0076 -1.1987 -1.9166 0.8615 -0.9520 -1.8655 0.8612 0.2504 -2.0367 
16.0235 10.6031 -3.8205 -0.6879 3.1545 -1.7239 -2.3259 1.0272 -0.6650 -2.2067 -0.1148 -0.6094 -2.3268 
16.1049 10.7617 -4.0755 -1.6832 2.4908 -1.1918 -1.5237 0.9940 -1.2460 -2.5636 -0.0479 -0.2732 -1.8436 
16.8168 10.8962 -4.8487 -2.0853 2.1356 -2.1961 -2.3617 0.8897 -1.1725 -2.4986 0.1274 -0.2589 -1.9045 
17.0426 10.2373 -6.2441 -2.1013 3.4173 -1.2862 -2.2113 0.7119 -1.3754 -2.2219 0.8031 -0.1197 -2.4628 
17.1395 10.4712 -5.7752 -1.4351 4.0144 -0.9098 -1.6681 1.7436 -0.4833 -2.2158 0.3673 -0.1021 -1.9424 
16.7421 10.1664 -5.4633 -0.9294 3.6974 -2.1063 -2.7887 1.0186 -1.1286 -2.5782 0.5898 0.3460 -1.7151 
17.1506 10.6582 -5.3533 -1.3428 3.3720 -1.6319 -2.0421 0.9851 -1.6245 -2.5349 0.8941 0.1114 -2.2018 
16.5293 10.4329 -4.9531 -1.3047 3.1905 -1.7328 -2.2443 1.1597 -0.9661 -2.4511 0.3718 0.0259 -2.1363 
15.8773 9.4044 -6.1153 -2.5274 1.7965 -3.2513 -3.4756 0.3464 -1.8894 -3.9090 -1.2015 -0.9548 -2.4814 
17.4584 10.0894 -6.6616 -1.3046 4.2063 -1.9873 -2.9451 1.1134 -1.2329 -3.0199 0.3260 0.2366 -1.9416 
22.2061 11.3288 -11.1533 -2.2812 6.5783 -2.1293 -4.1614 1.7850 -0.5929 -3.1825 0.6661 0.2314 -2.6887 
23.3373 11.4979 -12.0669 -1.6692 7.9357 -1.7915 -4.1251 1.7497 -1.4992 -3.9713 0.9174 0.2629 -3.5463 
20.9812 11.0094 -10.3329 -3.1132 4.8806 -1.7694 -2.4071 2.2285 -1.3770 -3.2998 1.5094 0.9440 -2.7179 
24.1572 17.9846 -2.1914 0.4121 4.9028 -1.6966 -3.5596 -0.1680 -1.8445 -2.3875 1.2712 0.7028 -1.6595 
30.1738 24.4591 0.1734 0.3572 4.9946 -1.6727 -4.9494 -1.8092 -1.9541 -2.1762 -0.0121 -0.7969 -1.3965 
32.8984 26.2971 -1.2154 -1.2907 5.4245 -0.9227 -6.6969 -5.2987 -3.8155 -1.3372 1.2265 -0.8350 -1.7718 
37.6401 27.0953 -6.1839 -2.5161 6.3581 -2.6284 -6.5944 -1.9197 -3.0865 -3.4586 0.7265 -0.2716 -1.9647 
35.7429 26.7069 -4.1199 -1.5303 6.5344 -1.6806 -6.4505 -3.1679 -3.6238 -2.9485 0.9486 -0.2803 -1.8500 
36.6052 27.0921 -4.5453 -1.3973 7.0066 -1.5881 -6.0646 -2.2188 -3.1726 -3.3353 0.4818 -0.5331 -2.0677 
35.0474 26.5213 -3.5902 -1.4569 6.6694 -1.0305 -6.3815 -3.7531 -3.7484 -2.8796 0.4361 -0.8222 -1.9305 
37.4584 26.7895 -6.3363 -2.3609 6.3767 -2.8803 -6.5875 -1.6912 -3.3281 -4.2157 0.0095 -0.8085 -2.4644 
34.2424 25.7252 -3.8439 -1.4612 6.7569 -0.9457 -6.3369 -3.6614 -3.7763 -3.0876 0.5400 -0.4043 -1.8427 
34.8829 26.2479 -4.1327 -2.2519 6.0760 -1.3862 -6.6986 -3.7800 -3.5755 -3.0819 -0.0185 -1.1451 -2.3264 
34.5569 25.8125 -4.1860 -1.7542 6.5843 -1.0768 -6.4340 -3.9290 -4.1875 -3.4378 -0.0129 -1.1689 -2.1562 
36.1102 26.1773 -5.5179 -2.0532 6.2988 -2.4270 -6.3587 -1.9971 -3.2055 -3.7467 0.0424 -0.8917 -2.1290 
32.8240 24.7540 -3.4658 -1.4725 5.8245 -1.5821 -6.4216 -4.0022 -4.1767 -3.1914 -0.0858 -1.5962 -2.3063 
32.8192 25.2637 -2.3697 -0.9022 5.4698 -1.8974 -6.0644 -3.5374 -4.0126 -2.9152 0.4002 -1.3673 -2.3098 
33.9173 25.7588 -2.8291 -0.5626 6.1140 -2.0280 -6.0031 -2.7166 -3.5477 -3.1003 0.3488 -1.1766 -2.1068 
35.7195 26.1469 -4.7973 -1.6104 5.7343 -3.2224 -6.4223 -1.7527 -3.4371 -4.1510 0.0083 -0.8424 -2.3993 
33.6490 25.8074 -3.1673 -2.6077 3.9391 -2.6370 -6.3115 -3.7894 -4.3157 -3.2304 -0.0600 -1.7087 -2.1030 
35.4769 27.0685 -3.3692 -2.2236 4.8345 -2.2536 -5.6626 -2.4789 -3.5820 -3.2194 0.4308 -0.5967 -1.0304 
37.1891 27.9551 -4.5233 -3.3255 4.2113 -3.1505 -6.0648 -1.7041 -2.8187 -3.4329 -0.1708 -1.0825 -1.6474 
37.5131 28.3585 -4.1679 -3.0757 4.0950 -3.5102 -6.0908 -1.1882 -2.0945 -2.8523 0.0138 -1.3192 -1.8374 
38.7979 28.3962 -6.0446 -3.9608 4.2403 -3.8785 -6.3545 -0.7547 -1.9754 -3.1867 0.0138 -1.2391 -2.2287 
36.6350 27.9862 -4.2482 -4.7765 1.9618 -4.1390 -6.0678 -1.4712 -1.9527 -2.4721 -0.6664 -3.0281 -3.3340 
37.0887 28.6109 -3.7701 -4.4483 2.3020 -3.9067 -5.9075 -0.9067 -1.1075 -1.9701 -0.3817 -2.7060 -3.3363 
37.2828 28.8585 -3.2459 -3.7664 2.2986 -4.1348 -5.2858 -0.1511 -0.9653 -1.5771 0.2518 -2.7986 -3.4876 
37.6660 28.2636 -4.6777 -3.8549 2.7938 -4.8786 -6.2315 0.0180 -0.8530 -2.4107 -0.3587 -2.5415 -3.5189 
35.8275 27.8898 -2.9290 -3.8934 1.5160 -4.5903 -5.4902 -0.4838 -1.0767 -1.4351 0.1746 -3.1350 -3.9149 
35.6252 27.8538 -2.5711 -3.6291 1.3516 -4.6761 -5.1195 -0.1918 -1.1355 -1.3426 0.4245 -3.1924 -4.0532 
36.5992 28.1857 -3.4186 -3.7719 2.0857 -4.5993 -5.6173 -0.0017 -0.7190 -1.7693 0.0065 -2.6549 -3.6801 
37.2301 28.1646 -4.0228 -3.3566 2.6084 -5.0231 -5.7867 0.4400 -0.7605 -1.9722 0.3413 -2.5781 -4.0913 
36.0570 27.6217 -3.5639 -3.8070 1.7207 -5.0221 -5.6376 0.0155 -1.0259 -1.9446 -0.0031 -3.1437 -4.2851 
35.0271 27.1732 -2.9856 -3.6799 1.7433 -4.4618 -5.3887 -0.1378 -0.8002 -1.7856 -0.2100 -2.7869 -3.6055 
34.7901 26.7507 -3.0317 -2.9946 2.2204 -4.6059 -5.2785 0.3143 -0.6956 -1.8455 -0.1135 -2.8474 -3.7292 
34.0517 26.4573 -2.4447 -2.5392 2.5968 -4.0420 -5.1153 0.1091 -0.5730 -1.5622 0.0054 -2.5407 -3.4776 
32.5512 25.3251 -2.0075 -1.8555 2.6390 -4.0764 -4.7857 0.2227 -1.0722 -2.1061 -0.0330 -2.3391 -3.4764 
32.2497 24.6639 -2.9902 -2.5064 2.8690 -3.5001 -4.5856 0.2249 -1.1093 -2.5260 -0.5217 -2.2762 -3.3074 
30.3281 23.6704 -1.7750 -1.7810 2.3070 -3.9487 -4.4888 0.5087 -0.5285 -1.7805 0.0171 -1.8060 -2.9553 
29.2208 22.9581 -1.5591 -2.0211 1.6116 -4.1640 -4.1656 0.9607 -0.2748 -1.9370 -0.1060 -1.4974 -2.8959 
28.4407 21.9992 -2.1571 -2.1250 2.0717 -3.3177 -3.4756 0.8840 -1.1679 -2.7704 0.1444 -0.4365 -2.4228 
28.2981 21.2860 -3.5034 -3.0270 2.1174 -3.1777 -3.8609 0.4746 -1.1797 -2.5550 0.4886 -0.1135 -2.3771 
27.7340 20.5256 -4.0890 -3.2754 2.2270 -2.8935 -3.7151 0.3400 -1.3120 -2.3293 0.9799 0.2483 -2.3611 
26.1396 18.8521 -4.5067 -2.8633 2.4440 -3.2333 -4.0551 0.3735 -1.2823 -2.6689 0.5288 0.0908 -2.2747 
24.4836 17.8906 -3.7158 -2.3112 2.4187 -2.8945 -3.5523 0.6254 -0.9579 -2.2819 0.7693 0.5208 -1.6067 
23.5730 16.8218 -4.4812 -3.1764 1.3060 -3.8220 -4.0832 0.1393 -1.5871 -2.9653 -0.0184 -0.2204 -2.0044 
22.4271 15.9125 -4.1322 -2.4376 1.4593 -4.1338 -4.0979 0.6388 -1.0531 -2.7145 0.1315 -0.0386 -1.9097 
24.0875 15.4317 -6.9720 -2.3716 3.5798 -3.5767 -4.3380 0.6759 -1.6560 -3.2657 0.3696 -0.2645 -2.6532 
22.9473 15.4901 -5.5222 -2.2492 3.4756 -2.2692 -3.3627 0.5468 -1.4534 -2.9324 0.0821 -0.2719 -2.1798 
23.3526 16.0546 -5.1975 -2.2316 3.6849 -1.7539 -3.0896 0.5392 -1.1415 -2.1300 0.9815 0.4309 -1.6238 
25.1299 18.6826 -2.3477 0.4318 5.5421 -0.7125 -2.7846 -0.1654 -2.4749 -3.3633 -0.3237 -1.0729 -2.7362 
27.6574 21.3027 -1.4709 0.3206 5.1489 -1.2652 -3.2782 -0.3712 -2.5349 -3.4633 -0.5727 -1.5653 -3.0468 
30.8640 23.5390 -2.6172 -0.6927 6.1455 -0.6283 -5.0312 -3.0559 -3.9596 -3.6127 -0.5197 -1.4462 -2.2664 
31.1880 24.0175 -2.0210 -0.2689 5.7288 -1.6002 -5.4494 -2.8362 -3.8241 -3.3834 0.2598 -0.7384 -2.1816 
31.6751 24.0333 -3.0650 -1.2995 5.5306 -1.6930 -6.4211 -4.1885 -4.3349 -2.9839 0.5575 -1.0843 -2.7251 
32.2742 24.9125 -2.4354 -1.3905 5.0450 -1.6992 -5.9780 -4.0443 -4.3590 -2.5595 1.0276 -1.1361 -2.7318 
33.3574 25.6082 -2.8480 -1.8376 4.5634 -2.7695 -6.8799 -3.9334 -3.9623 -2.7101 0.7905 -1.0384 -2.8461 
35.5248 26.3620 -4.3193 -1.5269 6.2099 -2.4460 -6.9639 -3.1002 -3.2528 -2.4195 1.4096 -0.3628 -2.3201 
36.0576 26.6676 -4.7155 -1.9795 6.1263 -2.4409 -6.9832 -2.8298 -2.7404 -1.9783 1.8171 -0.0676 -2.4762 
36.3530 26.5254 -5.7110 -3.0891 5.3122 -3.2116 -7.7388 -3.2460 -2.7770 -1.9418 1.6210 -0.7043 -3.5029 
37.8490 27.8538 -5.7957 -3.5712 5.6114 -2.3828 -7.3239 -3.1490 -2.1997 -0.9763 2.1950 -0.5903 -3.3284 
38.3602 27.9066 -6.3696 -3.7054 5.6150 -2.7757 -7.4113 -2.8487 -2.3613 -1.1558 2.7698 -0.3352 -4.1502 
38.2805 27.4042 -7.3159 -4.5262 5.0507 -3.0821 -7.3503 -2.6172 -2.2114 -1.3654 1.8939 -1.1756 -3.9293 
37.2149 26.8867 -6.4293 -3.9043 4.5281 -3.4389 -6.3629 -1.3241 -2.1939 -2.1674 1.7947 -0.6288 -3.8619 
37.7259 26.8447 -7.4202 -4.8575 3.8386 -3.7737 -6.0966 -1.0006 -2.0919 -1.9869 1.2246 -2.3702 -4.7660 
37.5139 26.8509 -6.9711 -4.4943 3.9838 -3.2615 -5.3319 -0.8335 -2.2927 -1.6724 1.7903 -2.1877 -4.8133 
36.5159 26.3337 -6.5963 -4.2732 4.5917 -2.2914 -5.1192 -0.7590 -1.5633 -1.4860 1.3041 -1.8706 -4.1519 
36.3464 25.5064 -7.8718 -4.9438 4.3444 -2.5782 -5.3384 -1.2308 -2.3722 -1.9925 0.8338 -2.9083 -4.9004 
35.5981 25.6750 -6.3234 -4.1824 4.1703 -1.9284 -3.9740 -0.7275 -2.6237 -1.7844 1.5136 -2.3127 -4.2680 
34.9049 25.7517 -5.0979 -3.7712 3.5224 -2.1322 -3.5753 -0.8124 -3.2079 -1.9981 1.7846 -2.1764 -4.5492 
34.0098 25.0797 -5.2138 -3.8603 4.0829 -1.1999 -3.3696 -0.8322 -3.1544 -2.8793 0.9828 -1.0940 -3.3238 
32.9110 24.4062 -4.4140 -2.7028 4.4829 -1.4793 -3.4756 -0.3385 -2.7406 -3.2608 0.4345 -0.8991 -2.9907 
32.1220 23.7395 -4.5826 -3.1191 3.9399 -1.4257 -3.1039 -0.3374 -2.7591 -2.8827 0.6227 -1.0975 -2.8055 
30.6730 22.9262 -4.0048 -2.9039 3.8423 -1.2887 -3.3799 -0.9083 -2.9132 -2.9862 0.4253 -0.8975 -2.7648 
31.7038 23.5602 -4.3710 -2.9246 4.4806 -0.7419 -3.1159 -0.8107 -3.2330 -3.6181 0.1908 -0.4760 -2.3197 
30.0625 22.5476 -3.6990 -2.4834 4.2702 -0.7106 -2.9756 -0.9784 -3.3605 -3.6552 -0.1557 -0.9502 -2.4030 
29.4050 22.1673 -3.3475 -2.1537 4.4045 -0.3851 -2.3854 -0.3921 -3.1876 -4.0629 -0.5489 -0.6645 -1.6993 
29.3370 21.7559 -4.0362 -2.3564 4.8314 -0.0876 -2.6976 -0.9597 -3.5530 -4.2346 -0.6793 -0.6758 -1.5527 
28.3503 20.7742 -3.7978 -1.1537 5.4438 -0.5308 -2.9997 -0.5953 -2.9898 -3.5910 -0.1962 -0.9836 -2.4172 
27.6839 20.2350 -4.1480 -2.0895 4.5675 -0.4987 -2.7728 -0.9728 -3.6987 -4.5789 -1.6667 -2.2200 -2.7629 
26.5550 19.3675 -3.5059 -0.6753 5.2995 -0.5710 -2.2226 0.6582 -2.2614 -3.7313 -0.4187 -0.8458 -2.5049 
28.0205 20.8028 -3.2637 -0.8429 5.6159 -0.3311 -3.1038 -0.7134 -2.7132 -3.5949 -0.8379 -1.2211 -1.6499 
26.7680 19.7474 -3.2457 -0.8116 4.9464 -1.1539 -3.1818 -0.1327 -2.4393 -3.8349 -0.8386 -1.1512 -2.4297 
26.4238 19.1572 -3.8671 -0.9295 5.7061 0.0296 -2.3538 0.2225 -2.1604 -3.4840 -0.4965 -0.8468 -2.3405 
25.4647 18.2241 -4.1070 -1.0282 5.2613 -0.6344 -2.8829 -0.1894 -2.6959 -3.8603 -0.1285 -0.0460 -2.0229 
24.3620 17.9589 -2.7062 -0.0002 5.3403 -0.3026 -1.9684 0.6653 -2.0746 -3.2813 0.3870 0.2454 -2.1097 
23.0941 16.4165 -3.7510 -0.7627 4.5364 -0.9932 -1.8992 1.6676 -1.0362 -3.0725 0.0845 0.1618 -1.9475 
22.7850 15.0713 -5.8478 -1.4917 5.3302 -0.6800 -2.7120 0.8947 -1.3727 -3.5817 -0.4923 0.0086 -2.0914 
24.4223 15.6452 -6.8309 -1.1376 6.2913 -0.8874 -2.9865 1.3236 -1.0536 -3.3367 -0.1305 0.2417 -1.3319 
21.7141 14.4119 -5.1998 -1.0645 4.5341 -1.3671 -2.1053 1.8313 -0.7849 -2.5549 0.7927 0.5230 -1.8537 
20.0558 12.9265 -5.8477 -2.2515 3.1106 -2.0895 -2.5263 1.2130 -1.4411 -3.2669 0.0561 -0.0296 -2.4649 
19.6159 12.9997 -4.7362 -1.0880 3.7759 -1.5264 -1.8382 1.8829 -0.7437 -2.6677 0.1557 -0.1034 -1.8840 
19.6236 13.2082 -4.4998 -1.2381 3.5286 -1.6875 -2.2701 1.3095 -0.9889 -2.6402 0.3668 0.3834 -1.5349 
31.4044 18.8261 -12.4667 -5.4106 6.8896 -0.0638 -3.5551 0.5470 -1.7734 -3.0793 1.0864 0.2815 -2.0931 
35.3748 19.7943 -15.5388 -4.7969 8.7054 -1.9461 -5.1449 1.4265 -2.3719 -4.9344 0.8628 0.3139 -2.7480 
34.1589 17.5515 -17.6913 -5.4013 8.6326 -3.0542 -6.4503 1.0564 -2.3406 -4.9809 1.0148 0.5390 -2.8233 
35.8390 19.6498 -16.3676 -4.7220 9.4505 -1.9988 -5.9018 0.9514 -2.6649 -5.5253 0.3909 0.6041 -1.8680 
35.3927 19.6497 -15.8464 -4.7635 9.2522 -1.5314 -5.3055 1.1180 -2.6257 -5.5680 0.0345 0.0639 -2.5692 
34.1864 18.8614 -15.7050 -5.2906 8.1619 -1.9176 -5.0268 1.2620 -2.8401 -5.9935 -0.2972 0.0168 -2.7382 
33.0329 18.4082 -14.9838 -5.2624 7.8961 -1.2303 -4.0367 1.9223 -1.9633 -4.9676 0.2612 0.1491 -2.7789 
31.9416 17.8761 -14.7421 -5.9751 6.9834 -1.2648 -4.4358 0.5946 -2.9748 -5.4742 -0.3792 -0.2690 -2.9026 
33.6650 21.7717 -9.5663 -2.3168 9.0427 0.5567 -3.1441 1.2164 -2.3933 -5.2597 -0.6735 -0.1232 -2.2109 
35.3697 24.1237 -8.2248 -2.6824 8.3252 0.4287 -3.6745 0.0544 -3.0875 -5.4191 -0.9703 -0.3863 -2.1458 
37.6179 25.4349 -9.5170 -3.9543 8.1648 0.5855 -3.2765 0.6776 -2.9244 -5.5521 -0.8347 -0.5074 -2.7505 
39.1909 26.3238 -10.3018 -4.5522 8.0390 0.3202 -3.3756 0.5631 -3.6246 -6.1199 -0.6845 -0.4283 -2.9517 
39.7641 26.9174 -10.6952 -6.0387 6.9663 0.3750 -3.5117 -0.2989 -4.0514 -5.9916 -1.1422 -1.4031 -3.5034 
38.1275 26.7507 -8.6724 -5.2548 6.9181 1.3024 -2.9398 -0.7904 -3.9725 -5.2102 -0.6215 -0.7168 -2.5675 
36.9476 25.8601 -8.3764 -4.8606 6.5921 0.4716 -3.6132 -0.8670 -3.7344 -5.3030 -1.0783 -1.2470 -3.3487 
36.6221 26.3226 -7.1861 -4.7106 6.2053 1.0906 -2.5917 -0.6248 -3.8249 -5.1276 -0.9824 -1.2571 -2.9450 
36.2457 25.8701 -7.4644 -4.9658 5.8523 0.9088 -2.6327 -1.0450 -4.4746 -5.4081 -1.1549 -1.7161 -3.2456 
36.3092 25.8826 -7.1500 -3.8592 6.9553 0.9993 -2.7435 -0.1747 -3.4942 -5.4907 -1.4134 -1.1864 -2.6924 
35.8018 25.8731 -6.7814 -4.6551 5.6703 0.8169 -2.4456 -0.8093 -4.7628 -6.3385 -1.6978 -1.4928 -3.4039 
37.1522 26.5679 -6.9438 -3.6062 6.6828 0.1245 -3.1683 -0.0728 -3.4947 -5.3071 -0.9131 -1.0313 -2.9053 
36.1482 25.9780 -6.9737 -4.6145 5.5590 0.3022 -2.8940 -0.9623 -4.4393 -5.4890 -1.2431 -1.8309 -3.4059 
37.3671 26.7848 -7.0951 -4.2161 6.1914 0.2653 -2.9148 -0.3078 -3.6661 -4.9492 -0.8529 -1.7166 -3.3328 
37.0807 26.4284 -7.3940 -4.9445 4.6537 -1.1308 -3.2737 -0.4294 -4.1612 -5.1331 -0.9051 -2.6876 -4.8474 
38.3606 27.5332 -7.2604 -4.5038 5.9254 -0.2138 -3.2345 -0.0716 -2.9620 -4.0214 -0.1669 -1.7602 -3.8764 
36.7809 26.7305 -6.7135 -5.1528 4.2610 -1.3632 -4.3750 -1.6099 -3.7932 -3.9989 -0.3388 -2.5450 -5.1527 
36.5261 26.4574 -6.2174 -3.6129 5.4604 -1.3080 -4.1403 -0.3823 -2.6780 -3.5932 0.2355 -1.3402 -3.8950 
34.2732 25.6571 -4.6692 -3.8384 3.7774 -1.7705 -4.1268 -1.0409 -2.9315 -3.3014 0.0463 -1.8857 -4.3664 
32.7517 25.3218 -3.0436 -3.3060 2.9910 -2.1400 -4.0802 -1.0610 -2.8661 -3.4066 -0.0727 -1.3605 -3.8435 
32.4853 24.8189 -3.2132 -2.6585 3.5331 -2.3625 -4.2024 -0.6110 -2.5768 -3.5771 -0.1177 -0.8288 -2.9483 
31.3297 24.4677 -1.9883 -1.8028 3.6863 -2.0492 -4.0430 -0.9332 -2.6050 -3.0453 0.3313 -0.6439 -2.7299 
30.7182 23.3024 -2.6595 -1.0000 4.3953 -2.6225 -4.5224 -0.7359 -2.8823 -3.7452 0.1505 -0.5488 -3.0138 
30.4045 22.7046 -3.2542 -1.1155 4.6483 -2.3571 -4.0771 0.1907 -1.6489 -2.6512 0.7974 -0.3484 -2.9842 
27.4652 21.2975 -1.3795 -0.1029 4.4342 -1.7221 -3.3993 -0.2281 -2.2224 -3.0172 0.1926 -0.8004 -3.0867 
25.8274 19.9025 -1.3769 0.0461 4.0129 -2.1405 -3.2785 0.1954 -2.0293 -3.2172 0.0773 -0.2243 -1.8854 
24.2163 17.4809 -3.6991 -1.3838 3.6653 -2.0512 -3.2017 0.3291 -1.8452 -3.0620 0.2186 -0.4294 -2.8094 
23.8807 18.0207 -2.0482 -0.4170 3.5265 -2.5237 -3.7656 -0.1020 -1.8598 -3.0819 0.0139 -0.2690 -2.3358 
23.2797 17.0699 -2.8721 -0.6312 3.8243 -2.1562 -3.6283 -0.3564 -2.3217 -3.3752 -0.1952 -0.5765 -2.4241 
22.5966 16.2049 -3.5170 -1.0205 3.7475 -1.9122 -3.1504 0.2840 -1.6322 -2.8861 -0.0025 -0.4743 -2.3344 
22.0209 15.5359 -3.9836 -1.5758 3.0379 -2.2472 -2.8078 0.6799 -1.8095 -3.3077 -0.0899 -0.2495 -2.0383 
20.5436 13.9941 -4.7063 -2.0221 2.7431 -2.3719 -3.1187 0.1297 -2.2479 -3.5755 -0.3571 -0.5836 -2.4649 
20.3416 13.9797 -4.3522 -1.7717 2.6846 -2.3395 -2.6277 1.0178 -1.1961 -2.6399 0.1865 -0.3941 -2.3639 
20.2381 13.9714 -3.9445 -0.9654 3.4976 -1.7021 -2.1150 1.2401 -1.2942 -2.7181 0.1642 -0.5838 -2.4895 
20.5142 14.2519 -3.7884 -0.7439 3.7532 -1.6301 -2.1711 1.2369 -1.4098 -3.0096 0.2767 0.2448 -1.7238 
20.4753 14.0557 -4.2320 -1.2753 3.3281 -1.8537 -2.2009 1.2096 -1.7009 -3.5735 -0.3579 -0.3794 -2.2964 
19.3858 13.0840 -4.3533 -1.3351 2.8818 -2.3829 -2.5621 0.9632 -1.8158 -3.4171 0.1253 0.2982 -1.7519 
19.6281 13.2509 -4.6255 -1.7167 3.0195 -2.0420 -2.5732 1.2108 -0.9768 -3.0844 -0.4388 -0.1069 -1.7129 
19.4413 12.7453 -5.1791 -1.7847 3.0774 -2.3457 -3.0608 0.6597 -1.5608 -3.4378 -0.7984 -0.9097 -2.3973 
19.4028 12.8064 -4.9565 -1.7660 2.6634 -2.5939 -2.6274 1.1494 -1.5677 -3.2700 0.0671 0.0193 -1.9176 
19.5721 12.8283 -5.0115 -1.2508 3.6378 -1.9677 -2.4958 1.4083 -0.9286 -2.5922 0.4306 -0.0781 -2.1936 
19.1584 12.9940 -4.3026 -1.4010 3.1284 -1.7956 -2.2696 1.1264 -1.2537 -2.9890 -0.1586 -0.1829 -1.9021 
18.9428 12.5479 -4.7725 -1.6149 2.9201 -2.1737 -2.5004 1.1507 -1.1701 -2.8750 -0.0772 -0.2931 -2.0571 
18.5615 12.2639 -4.8082 -1.7728 2.7729 -2.1907 -2.7899 0.5942 -1.3537 -2.6143 0.0292 -0.4239 -1.9918 
19.1077 12.3870 -5.5409 -2.2168 3.2001 -1.4171 -2.0497 1.2857 -1.1019 -3.0200 -0.3041 -0.1024 -1.6163 
21.3571 13.2962 -7.3058 -2.8566 4.4212 -0.5294 -1.7841 1.7226 -0.8529 -2.9322 0.3612 0.8267 -1.1709 
21.7207 13.7051 -6.6662 -1.8067 4.8733 -1.2134 -2.8642 0.8421 -1.2039 -2.5470 0.4969 -0.2433 -2.2870 
21.0535 12.7905 -7.5734 -2.7296 4.0241 -1.8825 -3.2536 0.5737 -1.8769 -3.5769 -0.0119 -0.1545 -2.5708 
21.9989 13.0800 -8.1635 -2.2576 5.2614 -1.1364 -2.5675 1.6257 -1.1323 -3.3368 0.0840 -0.0277 -2.1331 
20.2169 11.8851 -7.6818 -2.2090 4.3356 -1.7995 -2.7341 1.3256 -1.4306 -3.2078 0.4323 0.0925 -2.4018 
19.7173 12.3585 -6.1074 -1.5732 4.1900 -1.7291 -2.8915 1.1201 -0.7669 -2.4099 0.3874 0.0088 -1.9088 
18.9420 12.1763 -5.2662 -1.2580 3.7570 -1.9975 -2.8444 1.1075 -1.0501 -3.0221 -0.1707 -0.0452 -1.7708 
18.4646 11.5415 -5.5884 -1.1624 3.8660 -1.8138 -1.9486 2.3477 -0.7141 -3.5558 -0.3117 0.3204 -2.0224 
18.2307 11.3687 -5.4734 -0.9278 4.0982 -1.6792 -2.3845 1.3813 -0.8755 -2.4803 0.2075 -0.4044 -2.0559 
20.8145 11.8840 -8.3485 -2.1512 4.4507 -2.5986 -3.5576 1.1984 -1.2666 -3.0873 0.1488 -0.7375 -2.9893 
23.7816 12.2739 -11.7461 -2.9879 5.7965 -2.2738 -2.7275 2.5806 -2.1975 -4.7731 0.8609 0.7919 -2.5315 
27.6765 15.1857 -12.3642 -3.5413 6.2268 -2.6112 -3.5896 2.3647 -2.2777 -5.3447 0.1826 0.1843 -3.1464 
23.3052 13.7744 -9.1266 -3.4691 4.4028 -1.7886 -2.9693 1.1726 -1.6633 -3.0323 1.4232 1.2537 -1.5051 
22.5916 14.5328 -6.2697 -1.3866 5.0684 -1.1640 -2.1856 1.7187 -1.3832 -3.1905 1.1018 1.3857 -1.2146 
26.8911 20.3559 -1.0729 2.2129 5.7851 -2.6621 -4.1924 -0.4694 -3.4765 -4.3629 0.1652 -0.0472 -1.9288 
26.8742 20.5303 -1.1999 1.3480 5.2344 -2.8051 -5.1538 -1.7074 -3.5756 -3.9419 -0.0615 -0.7019 -2.5389 
26.3283 20.2313 -0.9509 1.2869 4.7368 -2.8523 -4.2415 -0.4434 -2.9726 -4.2908 -0.7121 -1.0854 -2.8562 
29.0285 22.1972 -1.4343 1.1088 5.5955 -2.5332 -4.7489 -0.9546 -3.4599 -4.9496 -1.2465 -1.2719 -2.6745 
29.2968 21.7806 -2.7709 0.1514 5.2977 -2.6133 -4.4649 -0.3431 -3.0083 -4.5585 -0.6361 -0.8278 -2.6742 
28.1042 22.0125 -0.1601 2.1351 5.7311 -2.7981 -5.4013 -1.9252 -4.0149 -4.5856 -0.1994 -0.1439 -1.8524 
28.2607 21.5525 -1.5107 0.9548 5.2620 -2.6226 -4.5461 -0.6711 -3.0723 -4.3555 -0.4829 -0.4555 -1.9764 
28.0294 21.3052 -1.3815 1.3433 5.1573 -3.2218 -4.8657 -0.7470 -3.3839 -4.6334 -0.5458 -0.7339 -2.3499 
26.6170 20.4095 -0.9186 1.5093 4.8180 -3.2045 -4.8380 -1.2783 -3.8459 -4.4636 -0.1304 -0.4360 -2.0942 
27.7331 20.6489 -2.3540 0.4300 4.5317 -3.5681 -4.9985 -0.8152 -3.4732 -4.6576 -0.4822 -0.6435 -2.2676 
27.3376 20.3789 -1.8695 1.5319 5.4411 -3.3618 -5.1934 -0.8947 -3.1646 -4.0553 -0.0603 -0.5648 -1.9877 
28.1790 21.0518 -2.0552 0.9877 5.0080 -3.3214 -4.5248 -0.1309 -2.8116 -3.7160 0.6532 0.0931 -1.6856 
27.5535 20.6100 -1.6716 1.3644 4.4633 -4.0931 -4.7565 -0.6347 -3.8261 -4.1556 0.6537 -0.3046 -1.8723 
30.3416 22.9126 -2.1699 0.3031 4.7523 -3.5459 -4.9898 -0.5085 -3.1364 -4.2280 0.2292 -0.0357 -1.9314 
31.2820 24.2096 -1.1253 0.7140 4.5193 -3.8603 -4.9965 -0.2750 -2.5642 -3.3855 0.4859 -0.6398 -2.1293 
32.4347 24.9823 -1.6859 0.1792 4.8082 -3.9435 -6.2732 -1.4816 -2.7110 -3.3164 0.0787 -1.1229 -2.4227 
34.3203 25.0263 -4.4379 -1.2457 4.6249 -4.6606 -6.2710 -0.6097 -2.8527 -3.9161 0.3574 -0.9894 -2.9700 
34.4856 25.1885 -4.3202 -1.1612 4.3721 -5.1314 -6.0848 0.3877 -2.1286 -3.8992 0.2145 -1.5232 -4.0762 
33.7106 24.6292 -3.9752 -0.9522 3.6658 -5.4971 -5.1121 1.4134 -1.8056 -3.3640 0.5970 -2.3073 -4.9145 
35.5866 26.2667 -3.9763 -1.3910 3.6662 -5.2567 -4.9966 1.3956 -1.6417 -2.8402 0.9888 -2.5208 -5.1998 
35.6265 26.7203 -3.4789 -1.7836 3.0430 -5.1686 -4.5210 2.0255 -0.8370 -2.7120 0.2197 -2.8148 -4.6183 
34.7160 26.2566 -2.9555 -1.4615 3.1195 -4.8540 -4.4930 1.4865 -1.2205 -2.6591 0.3321 -2.7132 -4.5999 
34.2726 25.7052 -3.9509 -2.8069 3.1019 -3.7154 -4.3261 0.8600 -1.1857 -2.6982 -0.3562 -2.6557 -3.7516 
33.4941 25.3224 -3.5515 -2.8440 2.4759 -4.2405 -4.5707 0.8148 -1.1310 -2.8337 -0.7664 -3.2155 -4.3203 
32.3976 25.0190 -2.6792 -2.9346 1.8165 -3.9065 -3.7731 1.2042 -0.8059 -2.5119 -0.6290 -2.9172 -4.0936 
31.8319 23.9538 -3.7097 -3.1433 2.2035 -3.4180 -3.1269 1.6939 -1.0859 -3.3386 -1.2185 -2.8992 -3.7703 
30.7332 23.2296 -3.3694 -3.1658 1.4413 -3.6545 -2.3487 2.4283 -1.0013 -3.2948 -0.8477 -2.5346 -3.4143 
28.6854 21.9698 -2.3016 -1.9453 1.7404 -3.9187 -2.7940 2.4516 -0.4592 -3.2903 -1.2883 -2.1614 -2.6703 
27.5417 21.0130 -2.3011 -1.7099 2.1360 -3.1322 -2.2025 2.3175 -0.7825 -3.0336 -0.4603 -1.4209 -2.6840 
27.4970 21.4255 -1.3404 -1.0086 2.4365 -2.8052 -1.9469 2.1719 -1.2148 -3.5216 -0.8944 -1.6073 -2.6300 
26.7490 20.2736 -2.3838 -1.3907 2.7113 -2.4362 -1.6476 2.5715 -1.0262 -3.8272 -1.1179 -1.2141 -2.0327 
25.0439 18.6686 -2.9925 -1.8852 2.4769 -2.4867 -2.3418 1.8535 -0.4850 -2.6642 -0.6617 -1.5187 -2.7540 
23.9045 17.1917 -4.1117 -2.7836 1.4764 -3.3629 -2.8233 1.2485 -1.5631 -3.6963 -1.4107 -2.2962 -3.3428 
24.0211 17.6213 -3.1746 -1.6004 2.5040 -2.5959 -2.1324 1.9483 -1.0760 -3.5559 -1.2188 -1.5831 -2.4221 
23.1907 16.3787 -3.8307 -0.8218 4.0184 -1.4904 -1.5969 1.9203 -1.6092 -3.7379 -0.5760 -0.9473 -2.3102 
22.5384 16.0437 -3.6387 -1.1897 3.1227 -2.2832 -2.2132 1.7996 -0.7870 -2.6252 -0.1238 -1.0857 -2.6785 
23.2875 16.7506 -3.0772 -0.0908 4.1998 -1.8528 -1.8182 2.3098 -0.9888 -3.2049 0.0989 -0.4397 -2.6860 
24.0969 17.1768 -3.1893 0.3508 4.4064 -2.5402 -2.1535 2.6262 -1.3883 -4.4198 -0.7165 -0.5653 -2.6391 
25.4930 17.5895 -4.0144 1.4044 6.5550 -2.3151 -3.1771 2.5748 -1.1551 -5.0590 -1.1238 -0.1523 -2.7485 
26.7927 17.8447 -4.9662 1.7264 6.8689 -3.2427 -3.6688 2.3702 -2.4405 -6.0888 -0.9438 -0.0874 -2.9077 
29.1495 18.2025 -7.1761 2.1984 8.7699 -3.4427 -3.9813 3.4803 -2.2460 -6.7327 -0.3286 0.7293 -3.3329 
29.6018 18.2006 -7.4790 2.6538 9.0670 -3.7728 -3.7081 4.1223 -2.4280 -7.0622 -0.2112 0.3928 -3.7155 
30.1629 17.9583 -8.9473 1.7203 9.1611 -3.5977 -3.9481 3.6649 -2.6738 -6.8219 0.1460 0.4033 -3.9869 
30.2429 17.8738 -8.9603 2.3248 9.8679 -3.4137 -3.8275 4.0756 -2.5018 -7.0065 0.2691 1.0522 -3.2684 
32.0927 18.6017 -10.8356 0.9864 10.5221 -2.8265 -4.5844 3.3628 -2.2344 -6.6829 -0.0613 0.4111 -3.8175 
34.5360 19.8664 -12.7387 -0.5836 11.4918 -1.0529 -4.2877 2.4309 -2.7310 -6.3579 0.1363 0.4023 -3.2604 
35.3923 20.9628 -12.7510 -2.0235 10.6416 -0.3936 -3.8057 2.1757 -2.7011 -6.3789 -0.5465 0.0763 -2.7191 
36.4754 22.8528 -11.3246 -2.2363 10.1655 -0.0596 -3.9425 1.2812 -3.0294 -6.1783 -0.6157 0.1511 -2.0586 
36.9153 24.7176 -9.3726 -3.3274 8.1101 0.2815 -2.7528 1.1903 -3.3268 -6.1394 -1.2297 -0.7557 -2.2741 
38.0703 25.8388 -9.3160 -3.8533 7.9776 0.7862 -2.2981 1.0941 -3.6700 -6.3111 -1.3230 -0.9317 -2.2184 
38.7434 26.6798 -9.1800 -4.9244 6.4920 0.0512 -2.5624 0.5202 -4.0065 -5.8291 -1.0101 -1.5181 -2.7713 
39.1623 27.1443 -9.0605 -5.1708 6.0939 -0.2815 -2.7117 0.6190 -3.7693 -5.7383 -1.2009 -1.8136 -2.9065 
38.9970 27.6985 -7.8219 -4.8746 5.4403 -0.5506 -2.3179 1.0627 -3.5169 -5.5933 -1.0640 -1.6601 -2.8492 
38.1046 27.1120 -7.5183 -4.7403 4.8328 -1.5242 -2.8008 1.5140 -3.1289 -6.3198 -1.9699 -1.6415 -2.7677 
37.4188 26.7441 -7.0078 -4.2831 4.7448 -1.7212 -2.9828 1.2010 -2.9467 -5.3206 -1.3490 -2.1318 -3.1704 
36.4763 26.7582 -5.9113 -4.4442 4.0409 -1.5417 -2.8426 1.0494 -2.5027 -5.0221 -1.8678 -2.2977 -2.7242 
36.1667 26.9579 -5.1578 -4.1970 4.0064 -1.4004 -2.9409 0.8981 -2.1135 -4.6062 -1.9840 -2.4269 -2.4962 
36.2895 26.5901 -6.0004 -4.7713 3.2401 -2.6194 -3.6738 0.8057 -2.3600 -4.9677 -2.1320 -2.7717 -3.1772 
36.4858 27.0073 -5.6094 -4.7626 3.0488 -2.7986 -3.7363 1.2283 -1.5958 -4.5981 -2.0460 -2.3186 -2.6399 
36.5550 27.1898 -5.3748 -4.4843 3.6756 -1.9376 -3.3047 1.1908 -1.4129 -4.0712 -1.7310 -2.3024 -2.4293 
35.6519 27.4424 -3.6542 -4.0640 2.8332 -2.3497 -3.5002 0.8137 -1.3565 -3.9354 -2.1800 -2.6166 -2.1025 
36.0693 27.0702 -4.6289 -3.8066 3.4715 -2.8065 -4.2249 0.4203 -2.1011 -4.5434 -1.7125 -1.8529 -2.0931 
36.4030 27.2811 -4.5532 -3.5686 3.3057 -3.4279 -4.3279 0.9338 -1.7585 -4.2984 -1.1206 -1.2905 -1.9618 
37.5142 27.8450 -5.3059 -4.0705 3.5408 -3.2974 -4.5083 0.8198 -1.8058 -4.2819 -0.9678 -1.3784 -2.4216 
36.9492 27.6067 -5.5009 -5.4648 2.0936 -3.5620 -4.7027 0.0077 -2.4098 -4.8731 -2.1995 -2.4024 -2.7197 
38.5662 28.0612 -6.4773 -4.4356 4.2536 -2.8375 -4.5609 0.6657 -1.9029 -4.1853 -0.8343 -1.4093 -2.3157 
37.5745 27.7300 -5.7459 -4.4677 3.5559 -3.0377 -4.3660 0.8257 -1.8831 -4.4798 -0.9555 -0.8459 -1.9827 
38.1576 27.8841 -6.7168 -5.6643 3.1757 -2.5465 -3.9956 0.3254 -2.5460 -4.4004 -0.8084 -1.4836 -2.6545 
38.0398 28.0381 -6.5911 -6.0970 3.1452 -1.8190 -3.6734 0.0486 -2.6207 -4.3215 -0.8229 -1.4543 -2.7985 
38.2260 28.2982 -6.2439 -5.6436 3.5443 -1.4185 -3.1428 0.4924 -2.3345 -3.8313 -0.1009 -0.9586 -2.7349 
37.8215 27.4713 -7.2162 -6.2539 3.1858 -1.7935 -3.6304 -0.3724 -3.4071 -4.4779 -0.4730 -1.6195 -3.3925 
37.2158 26.9977 -6.7485 -5.1918 3.8177 -1.7291 -3.3858 0.1705 -3.0822 -4.5575 -0.6399 -1.3071 -2.5883 
36.5115 27.1113 -5.5091 -4.7159 3.5803 -1.5561 -3.0819 0.1929 -2.8775 -4.1311 -0.3991 -1.2149 -2.4964 
35.2498 27.0565 -3.9907 -4.6776 2.5210 -1.8833 -3.3724 -0.3668 -2.4121 -3.0477 -0.1768 -1.7276 -3.1540 
34.6624 26.5572 -3.6444 -3.8117 2.8290 -2.2135 -3.1950 0.4480 -2.1060 -3.2945 0.0736 -1.1657 -3.2873 
34.0132 25.1840 -4.6827 -3.0957 3.8646 -2.6909 -4.2051 0.1853 -2.1690 -3.6833 -0.2861 -1.1985 -2.9606 
32.6892 24.6567 -4.0279 -3.5748 3.0117 -2.0583 -3.1959 0.2222 -2.1028 -3.0012 0.0247 -1.5031 -3.0785 
31.7197 23.9674 -3.9088 -3.6697 2.6385 -2.1426 -3.1165 0.1527 -2.2308 -3.0447 0.1518 -1.3102 -3.2070 
30.4967 22.9866 -3.7133 -3.0576 3.2672 -1.5855 -2.9075 0.0778 -2.3357 -3.2773 -0.0878 -1.1400 -2.8750 
28.8343 21.5253 -3.6339 -2.3632 3.6974 -1.3716 -2.3984 0.9985 -1.7288 -3.5322 -0.4016 -0.7035 -2.5074 
27.7485 19.7313 -5.1790 -2.6178 4.0587 -1.6653 -2.7848 1.5699 -0.9836 -3.8123 -1.2355 -1.2243 -3.0613 
29.7790 19.0252 -8.6724 -2.2345 6.2743 -2.8382 -4.7375 1.9339 -0.9509 -5.1623 -1.5277 -0.3725 -2.6189 
31.2588 18.3616 -11.4593 -2.0253 8.0802 -3.0956 -5.4351 2.5680 -0.1969 -4.3907 -0.3600 0.3922 -1.7306 
31.2313 16.8201 -13.5945 -1.5783 9.3662 -3.5739 -6.1751 2.3802 -1.0236 -4.7553 0.6990 0.6649 -2.7623 
32.0879 17.1175 -14.1633 -1.6931 9.3903 -3.6323 -5.4756 3.3835 -0.4958 -3.8641 2.1273 1.4198 -2.6392 
31.6334 16.6158 -13.8595 -0.5030 10.0700 -3.8296 -4.8977 4.9542 -0.1177 -5.3375 0.8899 1.6116 -2.2654 
30.9884 15.3280 -15.2174 -1.0013 10.0421 -4.0503 -4.9742 4.9960 -0.6252 -6.0985 0.7285 1.8465 -2.3657 
30.5754 14.5666 -15.9932 -1.4897 9.2796 -5.4872 -6.3642 4.2432 -1.1421 -6.8522 -0.2824 0.7076 -3.3590 
31.0871 15.3575 -15.1431 -0.8509 9.7043 -4.7445 -5.3368 4.8485 -0.6374 -5.5171 1.2971 1.3989 -3.1658 
31.0155 15.0988 -15.2322 -0.2655 10.3718 -4.6010 -5.2986 5.0089 -0.7854 -5.9301 1.1012 1.4722 -3.0050 
32.1265 15.7297 -15.9610 -0.9698 10.4473 -4.2798 -5.1246 5.2188 -0.4044 -5.4841 1.3570 1.3997 -3.0867 
33.0805 16.6340 -15.8331 -1.1281 10.4672 -4.1782 -5.2224 4.9521 -0.4837 -5.0631 2.1380 2.0150 -2.8753 
32.5140 16.0208 -16.5611 -2.4921 9.1683 -4.4736 -4.8406 5.0682 -1.0324 -5.8655 1.8868 2.3890 -2.8077 
31.5714 15.5674 -16.6580 -3.5563 8.9028 -3.2462 -4.8562 3.4072 -1.6642 -5.3408 1.7796 2.0461 -2.3346 
32.0017 17.4212 -14.4611 -3.8152 7.7758 -2.8265 -4.1413 3.3557 -1.7762 -5.9124 0.5225 1.4336 -2.1696 
35.5548 23.3795 -8.4683 -0.8703 7.8146 -3.3663 -4.8256 2.3724 -1.9622 -5.1988 0.6163 0.3780 -3.4172 
40.8672 27.7294 -9.5304 -3.7102 6.6511 -3.1513 -4.9898 1.4537 -2.6406 -5.2670 0.2003 -0.5458 -3.4477 
42.2149 28.0648 -11.4624 -5.6706 5.9213 -3.2746 -5.1227 1.1900 -2.8663 -5.0523 0.7063 -0.4554 -3.8242 
43.6732 29.3885 -11.3154 -5.7211 6.3617 -2.7037 -4.8285 1.3322 -2.6530 -4.6441 1.3364 0.1580 -3.3993 
44.1951 29.5847 -11.9632 -6.5251 5.8729 -2.9991 -5.1182 1.0479 -2.7653 -4.4721 1.5192 0.0277 -3.6224 
44.0544 29.4311 -12.2809 -7.0907 5.5639 -2.9871 -5.2186 0.9793 -2.5967 -4.4610 1.3303 0.0123 -3.6265 
44.2468 30.1279 -11.1108 -6.2587 5.8030 -2.8605 -4.8764 1.5073 -2.0216 -3.9844 1.7066 0.3833 -3.3006 
44.0896 30.2299 -10.9093 -6.5107 5.7528 -2.3487 -4.7758 0.9181 -2.4051 -3.9848 1.6069 0.2679 -3.2970 
43.5807 29.7008 -11.0526 -6.5336 5.4094 -2.9662 -5.2260 0.7890 -2.4300 -4.1332 1.2603 -0.1155 -3.4852 
43.3515 29.8393 -10.3903 -6.0619 5.6295 -2.7333 -5.1523 0.6912 -2.3793 -3.9013 1.5345 0.1118 -3.5405 
41.8143 28.8193 -10.0843 -6.3133 4.6495 -3.3647 -5.7108 -0.2649 -3.0312 -4.1564 0.8248 -0.8685 -4.0351 
39.1279 27.8750 -7.7253 -4.8571 5.0471 -2.2175 -4.6838 0.4071 -1.7885 -3.3870 0.6116 -0.4788 -3.2173 
37.5351 26.5067 -7.7607 -4.8449 4.4696 -2.5053 -4.2514 0.7177 -2.1046 -3.9086 0.1998 -0.7197 -3.2143 
36.7796 26.2695 -7.0012 -4.3179 4.6883 -2.0320 -3.9383 0.6060 -1.9779 -3.4270 0.4588 -0.6163 -2.9042 
36.4279 26.6288 -6.4739 -5.4735 3.4482 -1.4678 -3.2672 -0.0149 -2.4674 -3.1296 0.4070 -1.2034 -3.1940 
37.7125 27.4898 -6.8349 -5.7909 3.2838 -2.0344 -4.0277 -0.7789 -3.1973 -3.3314 0.6893 -1.2627 -3.6358 
39.2287 28.2986 -7.4075 -5.5578 4.1890 -1.7797 -4.0004 -0.3111 -2.5530 -2.5961 1.3320 -1.1600 -3.6073 
40.3669 28.4977 -8.4643 -5.6951 4.2701 -2.4526 -4.3137 -0.3916 -3.2994 -2.9991 1.6594 -1.3166 -3.9678 
40.1322 28.2717 -8.8885 -6.4527 3.9634 -2.3062 -4.5250 -0.7666 -3.4859 -3.4896 0.9710 -1.7938 -4.7714 
40.0827 28.5704 -8.1838 -6.1281 3.9391 -1.6334 -3.4220 -0.7718 -4.2170 -3.1178 2.0426 -1.6302 -4.9580 
38.9996 27.7758 -8.0183 -5.8233 4.3225 -1.2066 -3.3082 -0.5990 -3.8964 -3.4114 1.5907 -1.0636 -4.2140 
37.2295 26.7400 -7.3513 -5.2707 5.0437 -0.0452 -2.9342 -0.5759 -3.2203 -3.2925 0.7902 -1.1109 -3.7853 
37.0424 26.7834 -7.1631 -5.6859 4.2174 -0.6009 -3.3343 -1.1722 -3.7903 -3.6634 0.4455 -1.3880 -3.9117 
36.0484 25.8112 -7.3807 -5.5413 4.2407 -0.8212 -3.1885 -0.1758 -2.9171 -3.9295 -0.1600 -1.4513 -3.9632 
35.4810 26.0088 -6.3595 -5.4431 3.9886 -0.3409 -3.1854 -1.3588 -3.7876 -3.7806 0.1320 -1.2562 -3.5900 
34.6597 25.5532 -5.5387 -4.1404 4.7249 -0.3415 -3.1970 -0.8072 -3.0872 -3.5770 0.1063 -0.8771 -2.8898 
33.4463 25.3833 -4.1579 -3.8085 4.2013 -0.1418 -2.8026 -0.7933 -2.6964 -2.8331 0.5291 -0.7108 -2.9245 
32.5355 24.1883 -4.8074 -3.7698 4.2024 -0.3932 -2.6997 -0.6692 -3.5158 -4.1242 -0.0265 -0.6750 -3.1363 
31.6592 23.8088 -3.6333 -2.0965 5.0578 -0.4757 -3.0368 -0.6413 -2.7949 -3.0307 0.6764 -0.3749 -2.6629 
29.1836 21.1987 -4.3227 -1.5185 5.4166 -0.7754 -3.3560 -0.8776 -3.4358 -3.9597 -0.0996 -1.0835 -3.4384 
29.0653 21.4565 -3.5750 -1.0061 5.4523 -0.8611 -3.0703 0.0616 -2.2793 -3.1847 0.5017 -0.4369 -3.1245 
26.8401 20.0394 -2.9027 -0.7977 5.0579 -0.4449 -2.3779 0.1810 -2.1611 -2.8983 0.3897 -0.7724 -3.1905 
26.0457 19.0599 -3.5652 -1.3071 4.2881 -1.4873 -3.0247 0.2786 -2.0064 -3.2709 -0.0377 -0.7622 -3.0829 
26.6044 19.4102 -4.0426 -1.8497 4.8244 -0.0936 -2.2305 -0.1642 -2.8905 -3.6833 0.2273 -0.2411 -2.9547 
23.8971 17.1463 -3.8761 -1.2507 4.6019 -0.4719 -1.9299 0.8953 -1.6764 -3.1922 -0.0758 -0.4084 -2.4821 
22.3096 15.6841 -4.3686 -1.9604 3.4144 -1.5900 -2.8518 0.2348 -1.9441 -3.4199 -0.6077 -1.1300 -3.3070 
21.4477 14.8298 -4.5792 -1.8419 3.5267 -1.5998 -2.7795 0.8131 -0.9351 -2.6419 -0.2331 -0.6241 -2.4536 
21.2646 14.8514 -4.1294 -1.4603 3.5999 -1.3096 -2.1755 0.8955 -1.5310 -3.0059 -0.0761 -0.4085 -2.2394 
21.2210 14.7206 -4.4096 -1.8290 3.2519 -1.6569 -2.5544 0.6546 -1.4739 -2.8203 -0.0958 -0.7448 -2.6629 
20.7813 14.2698 -4.5405 -1.6901 3.6428 -1.0787 -1.9599 1.0833 -1.3168 -2.7503 0.2164 -0.3550 -2.6870 
19.6485 13.1452 -4.7921 -1.7059 3.1420 -1.7774 -2.1935 1.2800 -1.0650 -2.6201 0.1216 -0.4900 -2.5135 
20.4930 13.9621 -4.5842 -1.6311 3.1709 -2.3900 -3.3250 0.5565 -1.4011 -3.2246 -0.3490 -0.3270 -2.3562 
19.7676 13.6169 -4.1393 -1.5241 2.9449 -1.9375 -2.2715 1.3025 -1.0571 -2.9280 -0.1924 -0.1901 -1.7444 
19.4463 13.0455 -4.9011 -2.1324 2.9813 -1.3575 -1.7714 1.5660 -0.5997 -2.2409 0.1668 -0.4978 -2.5384 
18.5921 12.3760 -4.6092 -1.4194 3.4484 -1.4602 -2.4434 0.6828 -1.2091 -2.3532 0.5464 0.2814 -1.6268 
19.2492 12.6917 -4.8420 -1.1843 3.9173 -1.3115 -2.2650 0.8570 -1.5919 -3.0186 0.2063 0.1922 -1.7782 
18.2058 12.2366 -4.2604 -1.4054 2.7626 -2.1934 -2.5733 0.8818 -1.3758 -2.9489 -0.0413 -0.2553 -2.2836 
18.7524 12.4955 -4.7339 -1.8629 2.7490 -1.9887 -2.4358 0.9506 -1.1546 -2.5634 0.2121 -0.0508 -1.7131 
18.6519 12.6366 -4.1828 -1.2334 3.3294 -1.4599 -2.1317 0.9167 -1.4913 -3.1000 -0.2196 -0.1303 -1.7141 
18.4608 12.2582 -4.6793 -1.7946 2.6554 -1.8737 -1.8222 1.5428 -1.1911 -2.9338 0.1559 0.2734 -1.3226 
18.4163 12.0375 -4.9552 -1.5257 3.6405 -0.8851 -1.4950 1.6230 -0.5639 -2.1251 -0.0001 -0.8778 -2.3482 
17.8186 11.4876 -5.3907 -2.7265 1.5780 -3.0913 -3.3957 -0.2050 -2.8371 -4.7036 -1.8085 -1.5595 -3.2340 
20.7358 13.0301 -6.3855 -1.8029 3.8681 -2.5483 -3.2323 1.7207 -0.4951 -2.8384 0.6243 1.0174 -1.6926 
23.9393 13.0470 -10.3083 -1.8411 5.8920 -3.3664 -3.8314 3.0913 -0.8988 -4.6920 0.4953 1.4786 -2.0309 
26.4301 13.7507 -11.7339 -0.6513 7.5786 -3.9978 -3.7538 4.5821 -0.9408 -5.2723 1.4157 2.1115 -2.4125 
27.3353 13.5993 -13.0886 -0.6830 8.2231 -4.3971 -4.3686 4.4582 -1.3223 -5.7840 1.1845 1.5961 -3.1369 
28.4798 14.1886 -13.8704 -1.0802 9.0398 -3.4199 -4.1444 4.2730 -1.2757 -5.5140 1.3169 1.6460 -2.8085 
29.0784 14.3885 -14.1777 -0.7844 9.3927 -3.9237 -4.6680 4.6209 -0.6960 -5.4240 1.1833 1.7532 -2.4780 
29.1729 14.2028 -14.6173 -0.9193 9.4455 -3.8850 -4.3552 5.1836 -0.1291 -4.6651 2.0136 1.9495 -2.9544 
29.9904 14.3655 -15.5008 -1.2690 9.5600 -4.0812 -4.4114 5.4390 -0.3254 -5.4581 1.1168 1.3539 -2.7853 
30.6697 14.1163 -17.0389 -1.9101 10.1736 -3.4603 -4.1034 5.5948 -0.4017 -5.4445 1.3594 1.2361 -3.3865 
31.2228 14.6799 -16.9756 -2.1587 9.9773 -3.7273 -4.6583 5.0111 -0.7923 -5.5621 1.8269 2.0665 -3.1166 
31.8806 15.9014 -15.7807 -1.9644 9.3616 -4.3328 -5.3734 3.9319 -1.5457 -5.6117 1.7904 1.8288 -2.7898 
32.0470 16.1521 -15.9537 -2.7343 9.0653 -3.6969 -4.9158 3.6980 -1.7626 -5.6520 1.5460 1.5792 -2.8094 
31.0267 15.7695 -15.6632 -3.5374 8.4393 -2.9275 -4.6150 2.6112 -2.6975 -5.8908 1.3670 1.4351 -3.0266 
30.6357 17.4198 -12.5062 -3.2408 7.0540 -2.7471 -3.7379 3.2304 -1.4853 -4.9078 1.4208 2.0521 -1.7580 
35.9785 23.5772 -9.2514 -2.2400 7.0833 -3.1341 -4.5439 2.2741 -2.0628 -5.3592 0.1175 0.0214 -3.1180 
41.8480 28.3669 -10.2089 -4.7616 6.3302 -2.7428 -4.5727 1.6363 -2.3146 -4.7107 0.6476 -0.2400 -3.1335 
42.6544 28.9174 -10.8184 -5.9334 5.5537 -2.9716 -4.7620 1.3250 -2.4780 -4.6829 0.7056 -0.0913 -2.8050 
41.5894 28.3909 -10.6745 -6.7587 4.7530 -2.7268 -4.9984 0.1309 -3.0250 -4.4285 0.6248 -0.4783 -3.1161 
41.3523 28.7846 -9.5684 -6.0607 5.1959 -2.1621 -4.6743 0.5877 -1.9255 -3.4526 1.0610 0.0604 -2.5974 
41.8238 29.1388 -9.7521 -6.3875 5.0801 -2.1232 -4.5337 0.7539 -2.1291 -4.0323 0.7686 0.1945 -2.5346 
41.8219 28.8848 -10.2986 -6.8167 4.8548 -2.3588 -4.8681 0.3666 -2.4425 -4.1699 0.6694 -0.0565 -2.8846 
42.3015 29.0004 -10.7954 -6.9931 5.1234 -2.1388 -4.9417 -0.0902 -3.0452 -4.5389 0.2983 -0.6283 -3.1396 
41.5722 28.9878 -9.7871 -6.5673 5.1382 -1.7916 -4.6699 0.1535 -2.4099 -4.1201 0.1780 -0.6639 -3.1039 
40.7342 29.1780 -8.3927 -6.3436 4.8027 -1.1383 -4.1403 -0.2521 -2.4155 -3.3094 0.7402 -0.6702 -3.3037 
38.0724 26.8228 -8.4244 -5.8179 4.3070 -2.2809 -4.5749 0.2786 -2.4266 -4.7396 -0.5847 -0.7398 -3.5138 
36.5802 25.1185 -8.4277 -3.8506 5.8969 -2.5468 -4.8529 1.3573 -1.4742 -4.8591 -0.5121 0.1600 -2.7583 
36.9171 24.6681 -9.2088 -3.2065 6.5837 -3.0114 -4.8381 2.2289 -1.0889 -4.6335 0.1012 0.2484 -3.0846 
37.0838 25.3146 -8.4674 -3.4595 5.8718 -2.9026 -4.4623 1.5217 -2.3937 -5.0714 0.5493 0.6002 -3.0638 
36.9484 25.7627 -7.7660 -3.6961 5.6987 -2.2128 -4.3822 0.7248 -2.2953 -4.1987 0.4657 -0.1358 -3.1099 
38.1000 26.7440 -8.4708 -5.6255 4.4362 -2.3782 -4.9625 -0.5402 -2.9260 -4.1394 0.0580 -1.1354 -3.9347 
39.0071 28.2651 -7.7432 -6.7853 3.5453 -1.1270 -3.6014 -0.8810 -3.2742 -3.0831 1.0692 -1.3195 -4.0565 
39.8622 28.9208 -7.6649 -6.5379 3.8453 -0.8348 -2.9944 -0.5968 -3.7537 -3.1718 1.8471 -0.9237 -4.3443 
38.9564 27.9697 -7.7416 -5.9041 4.3719 -0.6717 -2.8489 -0.5029 -3.9356 -3.5575 1.5172 -0.7315 -3.6994 
37.1161 27.0990 -6.4817 -4.7835 5.1764 0.1608 -2.9382 -0.9048 -3.4014 -3.2305 0.9677 -0.4751 -2.6035 
36.4694 26.8970 -6.2112 -5.2705 4.5419 0.0836 -3.2123 -1.4828 -3.6545 -3.4253 0.5915 -0.7037 -2.9276 
36.8374 26.4817 -7.3145 -5.4015 4.6978 -0.5056 -3.3398 -0.5381 -2.9072 -3.2970 0.5964 -1.0933 -3.6620 
35.5605 26.1600 -6.2458 -5.4702 4.0330 -0.0439 -2.8631 -1.1115 -3.2796 -3.0240 0.6035 -1.0577 -3.0761 
34.3936 25.6106 -5.5481 -5.1247 4.0448 0.2259 -2.8931 -1.4569 -3.2085 -2.7286 0.7228 -0.8587 -2.9037 
33.7552 24.8469 -5.5927 -4.3680 4.4734 -0.1146 -3.0781 -1.3332 -3.5348 -3.2475 0.8078 -0.3195 -2.3615 
32.4765 24.1886 -4.7144 -3.7600 4.0837 -0.5459 -2.9163 -0.8390 -3.1868 -3.2886 0.6523 -0.3030 -2.5751 
31.2258 22.9498 -5.1014 -4.0165 3.4783 -1.1101 -3.1828 -1.2162 -3.8434 -3.8550 0.2372 -0.8733 -3.2881 
31.2054 23.1672 -4.5305 -3.1351 4.7002 -0.1144 -2.5968 -0.0917 -2.2546 -3.0967 0.4881 0.0308 -2.4453 
28.9791 21.5112 -3.7219 -1.8447 4.9277 -0.1479 -2.1875 -0.1441 -3.0740 -3.6329 0.4349 -0.2586 -2.7513 
27.8909 19.8604 -4.6704 -1.2569 5.5401 -0.9108 -2.8934 0.5734 -2.2661 -4.0519 -0.2431 -0.1107 -2.4102 
28.2142 19.1999 -5.7802 -0.5805 6.4407 -1.7465 -3.7292 1.1270 -1.6246 -4.0613 -0.3024 0.1641 -1.5816 
26.1475 17.4393 -5.6535 0.0775 6.6873 -1.5801 -3.3293 1.5084 -1.4003 -3.7197 0.1177 -0.0136 -2.3949 
24.9380 17.2430 -4.6525 -0.4576 5.4715 -1.4580 -2.8699 1.2909 -1.5107 -3.7244 -0.2654 -0.2257 -2.3085 
23.9265 16.3140 -5.0116 -0.9670 4.9834 -1.4130 -2.7950 0.8915 -1.6837 -2.9924 0.7833 0.2624 -2.3656 
23.6399 15.1095 -6.5953 -1.0788 5.7910 -1.3542 -3.3231 0.5093 -2.0404 -3.4108 0.2990 -0.4538 -2.8902 
25.2815 15.1185 -8.8930 -1.6634 6.7363 -1.4307 -3.6992 1.0276 -1.6806 -3.4628 0.7987 0.3988 -2.2852 
28.8880 15.0542 -14.2221 -3.3973 8.5790 -1.1197 -3.7726 2.1204 -1.5855 -3.9236 1.5653 0.9854 -2.5155 
31.1301 15.9436 -16.0560 -4.8634 7.5339 -2.5266 -4.1627 2.3863 -2.4975 -5.0301 1.6509 0.8706 -3.7392 
29.7221 17.7779 -10.9968 -3.7375 5.5498 -3.2053 -4.7054 1.0192 -2.7228 -4.7827 1.1151 0.9735 -3.1032 
34.3611 24.4886 -5.7464 -2.0047 5.2461 -3.4839 -5.2183 0.7541 -1.3339 -2.8617 1.6561 0.8540 -2.6197 
40.0925 27.9386 -8.7800 -4.9757 4.8490 -3.9094 -6.0966 0.4947 -1.5379 -3.2737 1.5722 0.7257 -3.0339 
40.0426 28.3514 -8.3612 -5.6863 4.0716 -3.4683 -5.5429 0.0527 -1.9767 -2.7290 2.4339 0.9533 -3.3193 
40.3922 28.6505 -8.6638 -6.3134 3.9596 -3.3231 -5.8938 -0.3421 -1.9804 -2.8539 2.2406 1.0443 -3.4349 
40.0141 28.9435 -7.5243 -5.7927 3.8528 -3.0930 -5.4653 -0.1392 -1.7221 -2.5720 2.2085 0.9961 -3.2589 
40.1742 29.5319 -6.7378 -5.8242 3.0970 -3.2783 -4.7657 0.3988 -1.7267 -2.4832 2.4343 0.9848 -3.0905 
40.2061 29.0617 -7.6541 -6.1926 3.2901 -3.2120 -5.2210 -0.6261 -2.6521 -2.4622 2.8191 0.5930 -3.8886 
41.4234 29.6124 -8.4952 -6.5785 3.5870 -3.2231 -5.2040 0.0804 -1.9347 -2.4709 2.5223 0.6511 -3.5609 
41.2577 29.5970 -8.3279 -6.7111 3.1998 -3.3717 -5.1478 -0.0097 -1.9442 -2.1220 2.6949 0.1800 -4.1421 
41.9832 29.9537 -8.7841 -6.9264 3.4930 -3.0298 -4.9209 0.0461 -2.0679 -2.1835 2.7044 0.1090 -4.0510 
41.9724 29.8611 -9.0806 -7.2471 3.5700 -2.6532 -4.8404 -0.2871 -2.3967 -2.4006 2.3557 -0.3064 -4.1478 
41.7593 29.1631 -10.1682 -7.7910 3.7257 -2.7186 -5.2704 -0.3532 -2.4335 -3.2129 1.4770 -0.3757 -4.1397 
42.0651 29.6040 -9.6842 -7.3656 3.8971 -2.6204 -4.8524 0.3086 -1.8871 -2.7916 1.9300 0.0183 -3.8917 
42.5094 29.9831 -9.6678 -7.3408 4.0976 -2.5064 -4.9492 0.2783 -1.6832 -2.5767 2.0542 0.3054 -3.4320 
42.3264 29.9570 -9.4910 -7.4753 3.7862 -2.3210 -4.5513 0.0057 -2.2726 -2.6266 2.0710 -0.1873 -3.6905 
41.7062 29.2378 -9.1686 -6.0566 4.4178 -2.9126 -4.6369 0.5712 -2.2393 -2.7721 2.4169 0.2098 -3.4284 
40.3638 28.6971 -8.5774 -6.6261 3.5553 -2.4139 -3.9895 0.2668 -2.7399 -3.2369 1.7629 -0.1640 -3.4182 
38.8156 27.9762 -7.6976 -6.3355 3.3157 -2.3084 -3.9792 0.3802 -2.2134 -3.4047 0.9768 0.0046 -2.7876 
38.6301 28.1940 -7.3149 -6.5118 3.6948 -0.8696 -3.2037 -0.1080 -2.5296 -3.2505 0.7284 -0.3429 -2.5599 
38.7100 28.1881 -7.5632 -6.9015 3.4114 -0.9662 -3.3901 -0.4145 -2.4216 -2.8164 0.4418 -1.3931 -3.0377 
38.5573 27.6710 -7.9608 -6.4328 3.8411 -1.3595 -3.6454 -0.0929 -2.5295 -3.4144 0.4701 -0.7571 -2.8273 
37.3798 27.1156 -7.1381 -6.0460 3.6017 -0.7876 -2.6583 -0.2944 -3.3855 -3.4939 0.6811 -0.8963 -2.4953 
36.7980 26.4563 -7.2624 -5.6534 3.8058 -1.1339 -2.9363 -0.0882 -3.2430 -3.8595 0.1526 -1.1959 -2.6219 
36.4102 26.5703 -6.5663 -5.4063 3.9908 -0.4160 -2.2255 0.3356 -2.9181 -3.8053 0.0783 -1.0562 -2.5860 
35.9180 26.4750 -6.3512 -5.8914 3.5629 -0.2974 -2.5595 -0.3524 -3.0464 -3.9065 -0.5984 -1.7508 -3.1649 
33.6717 25.3757 -4.7175 -4.7329 3.0712 -1.0270 -2.9464 -0.4963 -2.6146 -3.1638 -0.2077 -1.5479 -2.9122 
32.0816 23.5822 -5.2049 -4.1093 3.3594 -1.4060 -2.6415 0.5912 -2.4262 -4.1111 -0.4945 -0.5149 -2.0158 
31.4698 21.6601 -7.4067 -4.2628 3.6629 -2.7369 -3.9059 0.5518 -2.8252 -4.8603 -0.1156 0.1554 -2.4280 
31.4025 21.7436 -6.6715 -2.8858 4.6876 -2.7045 -4.1608 0.8608 -2.1692 -4.5502 -0.1302 0.4064 -2.0858 
31.9051 20.5256 -9.0743 -2.6221 6.2594 -2.6413 -4.2261 1.6568 -1.9316 -4.6790 0.0958 0.1641 -2.3065 
31.0435 20.1502 -8.8391 -3.1705 5.5695 -2.7746 -4.5738 1.3231 -1.5187 -4.3282 0.0730 0.7265 -1.6276 
28.2886 18.9953 -7.1903 -3.3017 4.0029 -2.8063 -4.0069 1.0805 -1.2930 -3.3162 0.5605 0.5149 -1.9498 
26.8299 17.8106 -7.0045 -2.9966 3.7364 -2.7697 -3.2947 1.3426 -2.0538 -4.2331 0.0353 0.0546 -2.3888 
25.3649 17.3577 -5.7936 -2.3845 4.3275 -1.5522 -3.1781 0.4953 -1.9834 -3.8154 -0.2418 0.2865 -1.1940 
24.9974 16.7780 -6.3248 -2.6110 4.2342 -1.9081 -3.5402 0.8028 -1.1460 -3.3201 -0.3340 0.0893 -1.3495 
24.8570 16.0336 -7.6452 -3.6021 3.6317 -2.4014 -3.5048 1.4183 -0.7516 -3.4363 -0.5002 -0.0430 -1.7402 
25.7223 14.8907 -10.4611 -3.4854 5.0804 -3.4399 -5.1125 1.6531 -0.6155 -4.3503 -0.5975 0.7230 -1.8404 
27.6098 15.1836 -11.9793 -2.9804 5.8347 -4.2760 -4.9617 2.5257 -1.5233 -5.2476 0.1183 0.7760 -2.5246 
28.9784 15.1688 -13.0099 -1.2961 8.0842 -4.1639 -4.4114 4.4837 -0.8342 -5.6161 0.5492 1.0982 -2.8206 
29.3062 14.7664 -13.9378 -1.2250 8.2010 -5.0474 -4.9412 5.0041 -0.3774 -5.5217 0.8185 1.4124 -2.7775 
28.9352 13.9130 -14.6815 -0.9744 8.6723 -5.2950 -5.4619 4.4889 -1.1523 -6.1501 0.5818 1.0042 -3.1803 
29.1904 14.3116 -14.2675 -0.6109 9.0819 -4.5899 -4.2717 5.8662 -0.3118 -5.9086 1.0153 1.6642 -3.2355 
29.9902 14.9966 -14.2750 -0.7470 9.2616 -4.1899 -4.1492 5.4829 -0.5049 -5.2571 2.0202 2.5144 -2.2777 
30.4930 14.7270 -15.3239 -0.7942 9.7350 -4.3920 -4.4265 5.4165 -1.2206 -6.3950 1.3502 2.1589 -2.4711 
31.5707 15.7243 -15.5008 -1.5966 9.4203 -4.3878 -5.0139 4.7105 -1.0568 -5.9587 1.0016 1.3917 -2.8210 
31.0328 15.6318 -15.4386 -2.8075 8.0764 -4.5122 -5.1077 3.7142 -2.0552 -6.5135 0.6066 1.3414 -2.7183 
30.2025 15.7425 -14.4794 -3.1606 7.7164 -3.5911 -4.8118 2.8892 -2.1331 -5.7851 1.0550 1.6867 -2.2988 
28.5362 16.0949 -11.4736 -2.3771 6.4653 -3.3820 -3.3966 3.8818 -1.1237 -4.7558 1.2207 1.2868 -2.7412 
34.9383 22.3884 -9.2626 -1.0302 7.5580 -4.5112 -6.0424 2.1039 -2.0468 -6.2680 -0.8308 -0.1392 -3.2021 
39.9212 26.8515 -10.3602 -5.1646 5.8282 -3.0197 -5.5073 0.4191 -2.8007 -5.1264 -0.1685 -0.6440 -3.2986 
40.6485 27.6988 -10.0416 -5.3364 5.8124 -2.4884 -4.9710 0.4750 -2.7151 -4.4990 0.5365 -0.2969 -2.8100 
39.0519 27.2944 -8.4694 -5.0092 4.8102 -2.5878 -4.4389 0.2900 -3.1098 -4.4211 0.6592 -0.2585 -2.6528 
39.0426 27.5668 -8.0571 -5.0787 4.6040 -2.2747 -4.0533 0.1363 -3.3160 -4.1485 1.0148 -0.1917 -2.6730 
38.8652 27.0529 -8.8236 -5.3237 5.0687 -2.1298 -4.5796 0.0045 -2.8384 -4.0822 0.5696 -0.5960 -3.2065 
38.0253 26.7737 -7.6373 -4.1317 5.0926 -2.4307 -4.2698 0.3189 -2.9322 -3.9975 0.8209 -0.6655 -3.3968 
37.4138 27.0626 -6.5279 -4.3901 4.1968 -2.3667 -4.1079 -0.0528 -2.8592 -3.6012 0.6253 -1.0030 -3.2849 
34.3767 24.8636 -5.6772 -3.0059 4.9381 -2.0428 -3.9274 0.8253 -1.5948 -3.6804 -0.2722 -0.7679 -2.6866 
33.2602 24.0382 -5.2045 -2.0208 5.7687 -1.3581 -3.4916 0.6757 -2.1462 -3.9831 -0.1298 -0.5778 -2.6612 
33.0099 23.6417 -5.5075 -2.1030 5.5610 -1.9903 -4.3495 -0.1346 -2.7294 -4.0952 0.1696 -0.4114 -3.0320 
33.3559 23.8657 -5.4241 -1.9160 5.1975 -2.8061 -4.3164 0.7098 -2.3953 -4.1032 0.9090 0.6478 -2.5808 
34.4552 25.1357 -5.3831 -3.2668 4.2829 -2.1281 -3.4069 0.7438 -2.4276 -3.7891 0.7243 -0.0927 -2.8050 
36.6080 27.2602 -5.7004 -5.3822 3.3085 -1.1404 -3.0516 -0.4667 -3.0227 -3.2461 0.5376 -1.1267 -3.1756 
37.9122 27.9391 -6.6367 -6.3625 3.1108 -0.6179 -2.3560 -0.8701 -4.4389 -3.6401 1.3626 -1.2304 -4.3072 
38.0831 27.8579 -6.9900 -6.2622 3.6228 -0.4717 -2.6169 -0.8925 -4.2238 -3.6729 1.1569 -1.2864 -4.3290 
36.8652 26.8802 -6.8157 -5.7909 3.9343 -0.2332 -2.5524 -0.9992 -4.3700 -3.9705 1.0340 -0.5866 -3.5314 
35.5443 26.3057 -5.8725 -5.2303 4.0752 0.4539 -1.6719 -0.1820 -3.3181 -3.4017 0.5426 -1.0698 -3.1815 
34.7720 25.8295 -5.6937 -5.5183 3.2686 0.0194 -1.6632 -0.1524 -3.1938 -3.3327 0.0717 -1.6693 -3.2057 
34.2565 25.5554 -5.4825 -5.1153 4.2247 0.8758 -1.9538 -0.7181 -3.0299 -3.0053 0.4916 -0.8614 -3.0564 
33.1778 24.8095 -4.8596 -4.2012 4.2857 0.4003 -2.2062 -0.8628 -3.2524 -2.9884 0.6640 -0.9604 -3.3404 
32.0717 23.8723 -4.7466 -3.7923 4.3973 0.4727 -1.9250 -0.7974 -3.7996 -3.7437 0.3608 -0.8199 -3.2009 
31.0649 23.2187 -4.0825 -2.7583 4.7185 -0.0183 -2.3726 -0.4370 -2.9881 -3.3051 0.4286 -0.7044 -3.0865 
29.8904 22.1842 -3.9585 -2.2738 4.5463 -0.7202 -2.8472 -0.5963 -3.2363 -3.6901 0.1291 -0.9250 -3.4802 
29.3945 21.9388 -3.2971 -1.2904 5.0771 -0.2808 -1.8795 0.3626 -2.8779 -3.5381 0.3221 -0.8028 -3.0361 
28.5936 21.3591 -3.2802 -1.3370 5.1572 -0.1009 -2.1083 0.2363 -2.4103 -3.3323 -0.0234 -0.7912 -2.6615 
27.5195 20.3819 -3.3865 -1.1558 5.1946 -0.2702 -2.3712 0.2035 -2.1077 -3.0058 0.1688 -0.7094 -2.8358 
26.0945 18.9511 -3.6875 -0.9302 5.1726 -0.3812 -2.1619 0.3077 -2.6235 -3.7722 -0.3429 -1.0608 -3.1887 
25.1225 18.3763 -3.1847 -0.4186 5.4201 0.0427 -1.5126 1.0403 -2.0308 -3.5993 -0.2325 -0.4743 -2.5066 
23.8689 17.0180 -4.3636 -2.1331 3.9062 -0.5787 -1.9081 0.6996 -1.6441 -2.7813 0.1917 -0.4215 -2.6687 
22.8880 16.1370 -4.0848 -1.0905 4.4391 -1.0731 -2.3207 1.2343 -1.0483 -2.9374 0.0435 0.0746 -1.9498 
22.9043 16.2119 -4.0519 -1.0432 4.9878 -0.0746 -1.5930 1.4341 -1.1613 -3.2291 -0.0121 0.6114 -1.4215 
22.5334 15.8739 -4.1064 -1.1608 4.5929 -0.4039 -1.5436 1.7144 -0.7502 -2.7172 0.1847 0.3028 -1.7372 
23.0692 15.9382 -4.9292 -1.7621 4.5330 -0.5823 -2.0257 1.3002 -1.0475 -3.0749 0.0202 0.8238 -0.6937 
23.0856 14.6792 -6.5686 -1.2801 5.2535 -1.2712 -2.2405 1.7763 -1.0378 -2.4007 1.4199 0.9520 -1.3136 
21.6724 14.3068 -5.0092 -0.3738 5.0853 -1.1281 -1.7430 2.1159 -0.6957 -2.2000 1.0203 0.0150 -2.2800 
22.6242 13.9223 -8.0024 -2.9646 5.0793 -0.3441 -2.2212 1.2676 -0.9991 -2.7226 0.4932 0.4196 -1.7926 
20.1516 13.6851 -4.7607 -2.1176 2.7671 -2.1009 -2.7768 0.6788 -1.4528 -3.1511 -0.4793 -0.5474 -2.1708 
20.1878 13.9122 -4.2735 -1.5389 3.4454 -1.3555 -2.3896 0.4494 -1.8517 -3.1931 -0.2237 -0.2410 -1.8077 
19.4402 12.9779 -4.9347 -2.0297 2.9373 -1.7290 -2.2812 0.9454 -1.4300 -3.0171 -0.2159 -0.5074 -2.4344 
28.0143 16.1459 -11.6035 -4.0641 6.2635 -0.6651 -2.1677 1.8658 -2.1376 -3.3070 2.0098 1.0441 -2.0714 
33.1835 18.6683 -14.6179 -5.1586 7.4651 -1.4881 -4.0247 1.0955 -3.1606 -4.7779 1.6098 1.5450 -1.2853 
28.9539 16.8926 -11.5634 -3.4015 7.8965 0.1415 -2.9443 1.2802 -2.0078 -4.1481 0.4312 0.7205 -1.5243 
27.3278 15.8856 -11.5018 -4.6463 6.0105 -0.2818 -2.3084 1.7843 -1.5497 -3.6512 0.7394 0.9294 -1.5294 
24.5353 13.8429 -11.4802 -5.4556 4.5613 -0.9708 -3.0461 0.8196 -1.7959 -3.9541 -0.3441 0.2971 -1.3655 
25.8842 16.5041 -8.0231 -2.9070 5.5748 -0.2106 -1.7243 2.0305 -1.0705 -3.0890 0.8190 1.1659 -0.8245 
28.8683 21.8126 -3.0537 -1.8695 3.9329 -1.3884 -2.6408 0.6812 -2.2254 -4.5969 -1.6656 -1.0457 -1.8235 
29.5684 22.8068 -2.1792 -1.5763 3.2068 -2.7233 -3.5689 0.4700 -2.2206 -4.5950 -1.6919 -1.4947 -2.4703 
32.9934 24.8025 -4.2256 -3.3918 3.6557 -2.1735 -4.0937 0.3977 -0.9722 -3.5688 -2.5664 -3.2984 -2.6616 
34.0956 25.9918 -4.1007 -4.3837 2.6044 -2.2813 -3.6634 0.3903 -1.3396 -3.5946 -2.3384 -3.3581 -2.8383 
34.2861 25.6026 -4.6784 -3.8217 3.2151 -2.7589 -4.0746 0.5273 -1.7729 -4.4073 -2.3020 -2.6880 -2.6043 
35.6196 26.5979 -5.5015 -5.1615 3.6275 -0.8726 -3.3337 -0.7025 -3.2110 -4.8593 -2.1688 -2.4724 -2.4852 
35.5648 26.2547 -6.3250 -5.7060 4.3462 0.4441 -2.8830 -0.8853 -2.9922 -4.5741 -2.2998 -2.2300 -1.5189 
34.3054 25.3222 -6.0111 -5.1281 4.8749 1.1301 -2.4314 -1.0293 -3.5235 -5.2330 -2.7474 -2.1534 -1.3934 
35.8220 25.8661 -7.1656 -5.3699 5.6030 1.4696 -2.3783 -1.3456 -4.5082 -5.6073 -1.8052 -1.3097 -1.3688 
34.8851 25.1234 -7.1850 -5.5379 5.1376 1.1587 -2.4744 -1.2013 -4.0026 -5.1925 -2.0425 -2.0095 -2.1166 
33.2697 24.1443 -6.4507 -4.7870 5.6994 2.1080 -1.8594 -1.3981 -4.2390 -5.0082 -1.6183 -1.5441 -2.0835 
34.0738 24.3625 -7.3123 -5.2670 5.8198 2.0365 -2.2358 -1.9220 -4.8142 -5.1475 -1.2282 -1.2877 -2.0718 
31.7044 23.1680 -5.8220 -4.3755 5.3784 1.8849 -1.7880 -1.3569 -4.3841 -5.0734 -0.9039 -0.2411 -1.6170 
31.3363 23.0804 -5.2534 -3.7268 5.7421 1.9909 -2.0306 -1.8822 -4.6665 -4.9201 -0.8162 -0.3539 -1.3396 
31.1581 22.3311 -6.2970 -3.8865 6.1226 1.5357 -3.0955 -2.1503 -4.0785 -4.6453 -1.2407 -0.9556 -1.8613 
28.7121 19.3128 -7.6637 -3.6882 5.6703 0.0983 -3.1341 -0.5517 -3.2120 -5.0587 -1.4988 -0.6747 -1.8241 
28.6955 19.9284 -6.4596 -2.9212 6.1879 0.7702 -2.7992 -0.6554 -3.4695 -5.6149 -1.9444 -0.2339 -1.1050 
29.6391 20.6548 -6.5389 -2.7777 6.8797 1.0778 -3.3296 -1.1094 -3.0512 -4.8925 -1.8078 -0.5550 -1.2984 
27.4538 19.0874 -5.9924 -2.4937 5.8695 0.2676 -2.9365 -0.3096 -2.6495 -4.4665 -0.7054 0.8205 -0.5300 
25.3629 17.3212 -6.3555 -3.2279 4.6392 -0.5129 -3.2572 -0.3297 -2.5261 -4.9405 -1.9002 -0.3974 -1.6683 
23.9535 16.3721 -5.6918 -2.3958 4.7570 -0.4741 -2.9330 -0.2795 -2.7969 -4.8514 -1.4554 -0.2596 -1.7573 
21.8711 14.7094 -5.5367 -2.4039 3.7876 -0.9320 -2.1002 0.9066 -1.6943 -3.4165 -0.1818 0.0022 -2.0172 
20.4020 13.7695 -4.8795 -2.0018 2.8142 -2.5582 -3.4878 -0.1038 -2.5225 -4.3273 -1.2916 -0.9918 -2.4805 
21.1128 13.6997 -6.0340 -2.1756 3.8102 -1.8306 -3.0610 0.7498 -1.6830 -3.9597 -0.8064 -0.1363 -1.8376 
20.2007 13.6035 -5.0929 -2.4660 2.7275 -1.6726 -2.0535 1.1929 -1.4600 -3.2691 -0.1635 -0.0315 -1.9638 
19.8545 13.5474 -4.3951 -1.4940 3.4513 -1.3157 -1.9047 1.4024 -1.1180 -3.1674 -0.6077 -0.5902 -1.9190 
19.8233 13.3778 -4.5652 -1.2590 3.8800 -1.4057 -2.6193 0.6657 -1.5678 -3.4489 -0.6044 -0.3072 -2.0419 
19.6030 13.3660 -4.5649 -2.0297 2.8945 -1.6075 -2.3631 0.7217 -1.3421 -2.6694 0.1915 0.0600 -1.7675 
19.4616 13.4871 -3.9190 -1.3059 3.1797 -1.8699 -2.7744 0.6884 -1.0304 -2.5496 -0.0926 -0.3561 -2.1612 
18.9422 12.4642 -4.9911 -1.8155 2.8447 -2.2664 -2.7206 0.8630 -1.5453 -3.3038 -0.3019 -0.2718 -2.0478 
19.1563 12.7472 -4.8103 -1.7188 3.0709 -1.9129 -2.5476 0.9112 -1.1335 -2.5296 0.1785 -0.4220 -2.4665 
18.5028 12.2371 -4.5014 -1.0925 3.2240 -2.1814 -2.5526 1.2416 -1.1016 -3.0797 -0.4735 -0.5475 -2.0502 
19.8487 13.2552 -4.9214 -1.7467 3.2444 -1.9672 -2.6294 1.2120 -0.8471 -2.6284 0.2251 0.1213 -1.9206 
18.7632 12.3727 -4.8838 -1.7931 2.6520 -2.5344 -2.8399 1.0215 -1.2622 -3.1726 -0.3459 -0.4502 -2.5410 
18.7737 12.5958 -4.5154 -1.4587 3.4392 -1.3050 -2.1902 0.8923 -1.1781 -2.6881 -0.2250 -0.6558 -2.3896 
18.4440 12.3816 -4.3391 -1.3102 3.1466 -1.9317 -2.6982 0.6515 -1.3221 -2.5381 0.4678 -0.0448 -2.4850 
18.0615 11.6026 -5.2845 -2.0071 2.6187 -2.2909 -2.5644 1.1020 -1.0785 -2.6560 0.1362 -0.2579 -2.3299 
17.9992 11.4904 -5.5529 -2.4608 2.2497 -2.4089 -2.5428 1.2137 -0.8685 -2.4357 0.3955 0.1767 -1.7515 
17.5495 11.1567 -5.6371 -2.5508 2.7584 -1.2359 -1.8622 0.9519 -1.4485 -3.2015 -0.6254 -0.5580 -2.1906 
18.0362 12.0719 -4.3640 -1.3948 3.2359 -1.3367 -1.9372 1.1945 -1.0438 -2.7656 -0.1988 -0.1146 -1.4090 
17.9142 12.1787 -4.0201 -1.5978 2.2279 -2.3709 -2.3660 1.1112 -1.1045 -2.6687 0.0352 -0.1817 -2.0861 
17.7573 11.7527 -4.4603 -1.4385 2.7276 -2.3514 -2.9359 0.3294 -1.9961 -3.4866 -0.3439 -0.2041 -1.9278 
17.3430 11.3194 -4.7294 -1.8106 2.3165 -2.3998 -2.4465 1.1911 -1.1220 -3.1525 -0.7765 -0.8747 -2.5253 
17.4512 11.6422 -4.4825 -2.0255 2.2365 -1.8962 -2.0072 1.1919 -0.9818 -2.5232 0.0262 -0.1259 -1.6470 
17.2426 11.5821 -3.9540 -0.9112 3.4558 -1.1779 -1.8692 1.1933 -0.8403 -2.3706 -0.0530 -0.6764 -2.6361 
16.6662 10.8880 -4.5809 -1.8418 2.2280 -2.1625 -2.3160 1.0372 -0.8756 -2.2377 0.1457 -0.4051 -2.0396 
16.3743 11.0112 -3.8207 -1.3452 2.2766 -2.0073 -1.9623 1.2463 -0.9886 -2.6347 -0.1996 -0.2747 -1.7320 
16.6440 11.0473 -4.1483 -1.4546 2.3755 -2.1341 -2.3509 0.8264 -1.3514 -3.0402 -0.7950 -0.9147 -1.9832 
17.3576 11.7125 -4.1915 -1.8899 2.1647 -1.9601 -2.1816 0.7513 -1.3148 -2.4105 0.2695 -0.0789 -1.5879 
16.4939 10.6607 -4.6117 -1.5133 2.7348 -1.6688 -1.7997 1.4512 -0.8885 -2.6503 -0.1612 -0.2293 -1.6398 
17.0834 11.7190 -3.4279 -0.8033 2.8384 -1.9364 -2.3193 0.9798 -0.8886 -2.3144 -0.0027 -0.3595 -1.7825 
16.4657 11.2183 -3.3391 -0.5009 3.1027 -1.8628 -2.6164 0.3998 -1.4947 -2.7144 0.0287 -0.1195 -2.0498 
15.6867 10.0640 -4.5508 -1.6755 2.0542 -2.6714 -3.1516 -0.0391 -2.0827 -3.6095 -1.1015 -1.0362 -2.4045 
16.6080 11.5800 -3.1152 -0.9291 2.5960 -1.7056 -2.1740 0.5355 -1.5528 -2.7518 0.0713 0.2623 -1.2281 
16.6274 11.1588 -3.6745 -0.6100 3.3083 -1.3254 -1.6468 1.1592 -1.7570 -3.5475 -0.4035 -0.1726 -2.0782 
16.5770 11.1218 -3.8216 -1.0217 2.9173 -1.5583 -2.1446 0.4853 -1.6824 -2.6808 0.0345 -0.4980 -2.1926 
15.7877 10.5276 -3.9557 -1.5370 2.2318 -1.9695 -2.3947 0.6902 -0.8609 -2.0041 0.4289 0.3522 -1.2278 
14.9306 9.3822 -4.6078 -1.4652 2.4312 -1.9934 -2.3500 0.6085 -1.4904 -2.8046 -0.1822 -0.3970 -2.0864 
16.6288 11.3736 -3.3212 -0.6196 3.0267 -1.3740 -1.4508 1.5258 -0.7860 -2.0012 0.8161 0.4154 -1.4932 
15.9883 10.9929 -3.3180 -1.0973 2.5409 -1.3137 -1.4618 1.2464 -0.8707 -2.1487 0.3117 0.0476 -1.6715 
15.3712 10.0729 -4.3168 -1.8935 2.2739 -1.4552 -2.1317 0.2824 -1.5568 -2.7144 -0.4179 -0.5108 -1.7110 
15.2145 9.8478 -4.3903 -1.5616 2.8158 -1.3592 -2.6632 -0.2180 -1.5952 -2.7413 -0.8531 -1.1094 -2.1997 
14.8928 9.6254 -4.3377 -1.6837 2.4472 -1.3342 -1.6944 1.3844 -0.1364 -1.7017 0.0423 -0.3511 -1.9455 
14.9798 9.6943 -4.4183 -1.8264 2.5683 -0.9072 -1.5881 0.5747 -1.5079 -2.7306 -0.3476 -0.5271 -2.1130 
15.5232 10.5626 -3.7072 -1.8336 1.9371 -1.5759 -1.9268 0.6797 -1.0877 -2.3941 -0.1699 -0.0461 -1.2746 
15.6339 10.4411 -3.9094 -1.5417 2.3718 -1.3423 -1.5293 1.2257 -0.6771 -1.8618 0.4137 -0.0579 -1.7609 
15.0890 10.2873 -3.3345 -1.1282 2.5846 -1.0397 -1.5984 0.5557 -1.4782 -2.6137 -0.3232 -0.4615 -1.7876 
15.5633 10.4181 -4.0977 -1.9348 2.4623 -0.9739 -1.9002 0.3691 -1.2227 -2.4785 -0.5439 -0.6849 -2.0218 
15.2161 10.0209 -4.2938 -2.1965 1.7492 -1.8043 -2.2225 0.3280 -1.4773 -2.6616 -0.3626 -0.5254 -2.0193 
15.2968 10.1587 -3.8872 -1.4700 2.3112 -1.4649 -1.6113 1.1455 -0.9013 -2.3389 -0.2718 -0.7551 -2.2423 
15.6880 9.8202 -5.3639 -2.5261 2.2262 -1.6713 -2.4382 0.5085 -0.8229 -1.8489 0.5065 0.4134 -1.0981 
14.9525 9.2667 -5.1957 -2.5431 1.3813 -2.6885 -2.9334 -0.0001 -1.9909 -3.3259 -0.8903 -1.0740 -2.5846 
15.7628 10.7388 -3.3414 -0.8825 2.6918 -1.4458 -1.7850 0.8733 -1.2026 -2.4150 -0.1050 -0.6808 -2.3334 
15.1208 9.8461 -4.3501 -2.0116 1.8492 -1.8795 -2.1052 0.7124 -0.9173 -1.6678 1.0631 0.7265 -1.2908 
14.6687 9.3280 -4.3892 -1.4293 2.6310 -1.3435 -2.0114 0.2307 -1.8201 -2.7308 -0.2690 -0.7155 -2.1792 
15.6722 10.5172 -3.6803 -1.1511 2.6123 -1.4373 -1.8164 0.9340 -0.8471 -2.0336 -0.1766 -0.9981 -2.2572 
15.5740 10.6005 -3.1190 -0.1616 3.6838 -0.7515 -1.4322 1.5292 -0.1986 -1.7616 0.2686 0.1715 -1.0940 
