17.1844 11.2630 -4.9664 -2.4301 2.3867 -1.4490 -1.8703 1.2184 -0.8262 -2.5675 -0.0564 0.0694 -1.7941 
15.9120 9.7181 -5.8698 -2.7610 2.0900 -2.1658 -3.0646 -0.2337 -2.1480 -3.4914 -0.6221 -0.0718 -1.3327 
16.0545 10.0678 -5.4134 -2.5586 2.1112 -1.7609 -2.0389 1.0393 -0.9953 -2.5363 -0.0304 -0.1036 -1.8603 
15.6025 10.2020 -4.3676 -1.7378 2.4765 -1.7034 -2.4545 0.7228 -0.6849 -2.4005 -0.4863 -0.2307 -1.4524 
16.4212 10.9198 -4.0640 -1.2648 2.8979 -1.4347 -2.0816 0.6999 -1.2398 -2.4215 0.1179 -0.0449 -1.3326 
15.7973 10.0254 -4.8130 -1.6960 2.6588 -1.5301 -1.9111 0.9692 -1.2049 -2.6848 -0.3039 -0.4224 -1.5055 
15.5120 9.4290 -5.3834 -1.6625 2.8961 -1.9254 -2.7376 0.4453 -1.3731 -2.7456 -0.3335 -0.7633 -2.3562 
15.9416 9.6325 -5.5992 -1.5884 3.4145 -1.1947 -1.9457 0.9523 -1.3169 -2.7653 -0.2183 -0.6749 -2.3362 
16.4816 10.7421 -4.2621 -0.9125 3.4053 -1.0411 -1.4208 1.2560 -1.4474 -2.8778 0.0537 -0.1084 -1.7730 
16.2736 10.3843 -4.8275 -1.6433 2.7706 -1.4348 -1.4113 1.8562 -0.6649 -2.5446 0.0743 -0.0508 -1.8377 
15.6693 10.1758 -4.4044 -1.6924 2.3528 -1.6531 -1.9397 0.8076 -1.3766 -2.7763 -0.3497 -0.4790 -1.8196 
16.4536 10.2886 -4.9122 -0.9437 3.4100 -1.8224 -2.3259 1.0002 -1.3909 -2.8698 0.1176 -0.0690 -1.8739 
16.7798 10.8019 -4.6525 -1.3279 2.8189 -2.0287 -2.2834 1.0419 -1.2262 -2.6190 0.2041 -0.0886 -1.7613 
15.9711 10.1143 -4.7441 -1.2275 3.2671 -1.3267 -1.9404 1.1384 -0.9531 -2.4771 0.1227 0.0930 -1.5058 
15.6343 9.8988 -4.7674 -1.5799 2.7239 -1.6323 -2.2126 0.5534 -1.6771 -3.0885 -0.4003 -0.4044 -2.0600 
16.8574 10.5403 -5.6758 -2.2813 3.0400 -1.4739 -2.6468 0.6069 -1.0111 -2.8105 -0.5072 -0.2575 -1.7043 
15.5849 10.3212 -3.9649 -1.2889 2.7097 -1.4254 -1.9267 0.9763 -1.0520 -2.8442 -0.6003 -0.3199 -1.6400 
17.2128 11.0981 -5.1653 -2.0936 3.1140 -0.9189 -1.7760 1.0167 -1.0431 -2.8011 -0.6268 -0.5549 -1.7105 
19.2839 12.4360 -5.8555 -2.4241 3.6040 -0.9439 -2.2065 1.0414 -0.8567 -2.9416 -0.7975 -0.3471 -0.9755 
15.3600 10.2497 -3.7641 -1.2930 2.4738 -1.3967 -1.6475 0.9445 -1.2912 -2.5797 0.0499 -0.0328 -1.5560 
15.4583 10.2857 -3.9251 -1.5574 2.3408 -1.1507 -1.1036 1.3453 -1.2896 -2.8405 -0.3521 -0.6029 -2.2228 
15.1217 10.3721 -3.1853 -1.0893 2.2730 -1.4438 -1.4217 1.3341 -0.9244 -2.6438 -0.4357 -0.5179 -2.1774 
15.1430 10.5342 -2.7888 -0.6230 2.5311 -1.6894 -2.3011 0.2709 -1.3777 -2.4632 -0.4190 -0.7444 -1.7871 
15.6515 10.6640 -3.1732 -0.4137 3.1721 -1.4079 -2.0068 1.1078 -0.5888 -2.2888 -0.4935 -0.7020 -1.7356 
14.6002 9.7197 -3.8650 -1.9392 1.5396 -1.9462 -1.8952 0.9864 -1.0895 -3.0246 -1.0880 -0.8569 -1.8637 
15.3663 10.4884 -3.4607 -1.5637 1.7100 -2.0888 -2.0185 0.9212 -1.1808 -2.8041 -0.4233 -0.1690 -1.4774 
14.6017 9.6066 -4.1063 -2.1191 1.4870 -2.0543 -2.4950 -0.2097 -2.1129 -3.2865 -1.0906 -1.0317 -2.0079 
14.4652 9.4735 -3.7813 -1.1257 2.4268 -1.7789 -2.3778 0.4383 -0.9363 -1.8890 0.1195 -0.4662 -1.9985 
14.6858 9.5327 -3.9576 -1.1545 2.4477 -1.7598 -1.9837 1.0576 -0.6967 -1.8640 0.4901 0.1094 -1.4318 
15.0303 10.2189 -3.1860 -0.7138 2.7365 -1.4565 -2.1004 0.3871 -1.5002 -2.6500 -0.1835 -0.0012 -1.0730 
14.6877 9.6688 -3.8945 -1.5525 1.9632 -1.9018 -2.0820 0.8223 -0.8595 -2.2139 -0.3313 -0.6849 -1.9791 
15.2207 10.2057 -3.5933 -1.0822 2.5734 -1.6354 -2.2075 0.6887 -1.0039 -2.5552 -0.4992 -0.2696 -1.3324 
15.4853 10.5562 -3.3828 -1.1088 2.4536 -1.6224 -2.1240 0.5986 -1.1578 -2.4265 -0.3749 -0.7949 -1.9976 
19.6248 9.8960 -9.0308 -0.0334 6.4187 -2.4757 -2.5564 3.4340 -0.5037 -3.3873 0.6092 -0.2379 -2.5655 
27.7694 14.2045 -13.5942 -2.8608 6.6629 -4.1848 -4.4301 3.7762 -0.4477 -4.0633 0.6227 -0.6356 -3.2323 
24.6485 14.2079 -9.7438 -2.9026 4.6120 -2.7949 -2.2447 3.8647 -0.3758 -4.0246 -0.8691 -2.0437 -3.6652 
19.7339 11.0162 -7.7316 -0.9288 4.7076 -2.3266 -1.0561 4.7515 0.5154 -2.6381 0.8833 -0.3293 -2.9451 
18.5278 11.7050 -4.7080 0.1969 4.0789 -2.2720 -1.3237 3.0975 -0.8998 -3.2370 0.2213 -0.6813 -2.6483 
16.5114 10.4096 -4.5814 -0.6725 2.9893 -2.4146 -2.1121 1.3061 -1.9780 -3.4713 0.1806 -0.2447 -2.2653 
15.5310 9.9124 -4.3682 -1.0602 2.7371 -1.9792 -1.9354 1.6900 -0.4821 -2.2308 0.2763 -0.0131 -1.8049 
14.4346 8.8629 -4.4931 -0.8040 2.6365 -2.5908 -2.7204 1.0013 -1.0816 -2.8071 -0.3202 -0.7347 -2.5929 
14.4581 9.0008 -4.5318 -1.4694 1.8895 -2.6339 -2.4932 0.6610 -1.7330 -3.0396 -0.0378 -0.1306 -1.8180 
15.0616 10.0689 -3.7261 -1.4165 2.3445 -1.2031 -1.2402 1.3473 -1.0700 -2.7820 -0.5016 -0.5776 -2.0342 
15.1182 10.1157 -3.5793 -1.0348 2.5800 -1.5649 -1.9394 0.9692 -0.9369 -2.4525 -0.1746 -0.1670 -1.5720 
14.5229 9.3592 -4.1553 -1.5807 1.8874 -2.1357 -2.0363 1.1265 -0.9002 -2.4886 -0.1872 -0.2572 -1.6854 
16.3401 10.1471 -5.0941 -1.1783 3.3768 -1.5289 -1.9389 1.4347 -0.7663 -2.5385 -0.5200 -1.1098 -2.0939 
19.1300 11.8554 -6.8478 -3.5675 2.1701 -1.9269 -1.6948 2.2046 -0.3744 -2.7815 -0.5719 -0.7565 -2.0118 
18.1760 11.7378 -4.7304 -0.7935 3.6815 -1.6208 -1.7732 1.6234 -1.1910 -2.6081 0.5262 -0.0505 -1.5878 
15.8192 10.8729 -3.0657 -0.5224 2.9467 -1.2884 -1.4940 1.2813 -0.9502 -2.2845 0.2219 -0.0976 -1.6991 
16.4267 10.0800 -5.1498 -1.0799 2.8742 -2.4920 -2.2338 1.4835 -1.3083 -2.7925 0.4489 0.0125 -1.8016 
21.7740 11.6775 -10.0288 -2.8237 4.3330 -3.1009 -3.2652 1.8002 -2.1363 -4.2643 0.3931 -0.0024 -2.2110 
16.7265 10.1879 -5.7388 -1.7424 3.1765 -1.7721 -2.4207 0.8491 -1.2514 -2.5376 0.1734 -0.2497 -1.7562 
16.0344 10.0556 -4.6988 -0.6846 3.6289 -1.8533 -2.6947 0.8830 -1.2250 -3.1868 -0.4697 -0.1839 -1.9302 
15.8209 10.1296 -4.4454 -1.0583 3.1351 -1.5348 -2.0921 0.9775 -1.1047 -2.5945 -0.1299 -0.3375 -1.7566 
14.7519 9.3434 -4.3658 -1.2234 2.7081 -1.4519 -1.6970 1.1297 -0.9850 -2.2920 0.1065 -0.1280 -1.3388 
15.2096 9.9185 -4.0752 -1.2526 2.5653 -1.7586 -2.2371 0.6343 -1.4634 -3.0449 -0.6445 -0.6936 -2.2569 
14.9843 9.7511 -4.1666 -1.5693 2.3374 -1.3752 -1.4927 1.2711 -0.7590 -2.2073 -0.1373 -0.3822 -1.4545 
18.1987 10.5232 -7.5372 -2.3800 4.8307 -0.4172 -2.8834 0.1546 -0.8024 -1.6398 0.5195 -0.5144 -2.0388 
14.5249 8.9943 -4.7302 -1.4016 2.7995 -1.4820 -2.0782 0.8136 -0.9820 -2.1628 0.4171 0.3207 -1.4083 
14.8087 9.4543 -4.2571 -1.2382 2.5426 -1.6934 -1.9802 0.7795 -1.3658 -2.5673 -0.0047 -0.2255 -1.5520 
15.7340 10.5113 -3.9528 -1.5924 2.3911 -1.3482 -1.7145 0.8709 -1.0681 -2.2356 0.1302 -0.0201 -1.3408 
14.9221 9.6270 -4.1328 -1.2305 2.5140 -1.7215 -2.0947 0.6371 -1.3280 -2.2559 0.5434 0.4223 -1.0757 
15.0737 9.8230 -3.9104 -0.8186 3.0525 -1.4384 -2.0241 0.9667 -1.0277 -2.7870 -0.6257 -0.6140 -1.9102 
14.6413 9.5252 -3.8183 -0.8320 2.9222 -1.2277 -1.5417 1.2301 -0.9564 -2.5262 -0.1766 -0.1474 -1.4508 
15.1159 9.9822 -3.5850 -0.5489 3.0520 -1.5302 -2.0072 0.9109 -1.2374 -2.8958 -0.5690 -0.5105 -1.6995 
15.1656 9.6619 -4.4145 -1.4297 2.1648 -2.3769 -2.3849 1.0545 -0.8843 -2.4440 -0.2565 -0.5797 -1.7268 
15.6348 10.2707 -4.0944 -1.3467 2.5474 -1.7113 -2.0816 0.8892 -1.1588 -2.6733 -0.2364 -0.3023 -1.8320 
15.4689 10.2985 -3.5478 -0.6858 2.7351 -1.8564 -2.1084 0.8429 -1.4585 -2.9908 -0.3706 -0.2584 -1.6613 
15.2001 9.9169 -3.9901 -1.2206 2.2559 -2.1251 -2.2204 0.7472 -1.5722 -3.0857 -0.4402 -0.2719 -1.5024 
14.7554 9.7371 -3.7343 -1.2368 2.1200 -2.0013 -2.0668 1.0865 -0.5543 -1.8631 0.1757 -0.0812 -1.2378 
13.3849 8.3157 -4.5973 -2.2637 1.2449 -2.0685 -1.7942 1.0498 -0.6819 -1.8457 0.0629 -0.4543 -1.6790 
14.4991 9.8348 -3.4330 -1.6980 1.3587 -2.2441 -2.0809 0.9168 -0.8311 -2.1433 0.2739 0.4217 -1.2074 
15.0815 10.0425 -3.6601 -1.2052 2.1645 -1.9804 -1.9500 1.2158 -0.8732 -2.6745 -0.4716 -0.1803 -1.1110 
15.0617 9.5481 -4.6304 -1.6723 2.5659 -1.1789 -1.2039 1.6780 -0.6217 -2.2824 -0.0385 -0.3498 -1.9085 
14.9242 9.6521 -4.4427 -2.1550 1.5541 -2.2889 -2.4446 0.5239 -1.3921 -2.9754 -0.7899 -0.8035 -2.1571 
15.7278 10.7706 -3.1289 -0.4745 3.1774 -1.1012 -1.4556 1.5914 -0.3231 -2.0629 -0.1113 -0.2772 -1.5935 
14.4155 9.3139 -3.8964 -0.8634 2.9933 -1.1486 -1.6748 1.1440 -0.4784 -1.5897 0.6486 0.3739 -1.0667 
15.2312 10.2581 -3.3367 -0.6495 2.7996 -1.6395 -2.0568 0.9733 -0.8118 -2.2804 -0.1214 -0.1567 -1.3164 
15.7074 10.4285 -3.9596 -1.3889 2.3624 -2.0789 -2.6100 0.6872 -0.7385 -2.1711 -0.1382 -0.2937 -1.6013 
14.5867 9.2926 -4.3090 -1.4060 2.3633 -1.9132 -2.4625 0.3106 -1.4295 -2.3888 0.2829 0.2193 -1.4512 
14.7533 9.5786 -4.1796 -1.7349 1.8699 -2.1165 -2.4828 0.1302 -1.8767 -3.1185 -0.6488 -0.4934 -1.4934 
14.9058 10.1223 -3.0574 -0.4276 2.9301 -1.2457 -1.4942 1.2538 -0.8424 -2.1976 0.2101 0.0597 -1.3942 
15.2612 10.3337 -3.3843 -1.0244 2.4549 -1.4101 -1.4937 1.0874 -1.2841 -2.8131 -0.6077 -0.8347 -1.7526 
14.8440 9.7381 -3.8549 -1.1059 2.6250 -1.6255 -2.2147 0.5828 -1.2632 -2.6796 -0.3713 -0.3677 -1.7903 
14.4649 9.7546 -3.2094 -0.9343 2.0609 -2.0516 -2.3610 0.1607 -1.5383 -2.2221 0.0058 -0.7218 -2.0207 
15.0768 10.0389 -3.8142 -1.7450 1.3270 -2.8769 -2.9671 0.1107 -1.4828 -2.5174 -0.3199 -0.7561 -1.9923 
14.4110 9.3644 -3.9096 -1.1770 2.5401 -1.4473 -1.9325 0.7015 -1.0040 -2.1420 -0.2023 -0.7607 -1.8962 
14.7504 9.8493 -3.4307 -0.7618 2.8115 -1.3036 -1.7719 0.8911 -0.9640 -2.1442 0.1484 -0.1819 -1.7168 
15.0090 10.1855 -3.4200 -1.3028 2.1909 -1.5095 -1.8231 0.7234 -0.9253 -1.8218 0.2299 -0.5175 -1.9771 
14.8533 9.5066 -4.2494 -1.4242 2.0711 -2.0727 -1.9174 0.7177 -2.2298 -3.5822 -0.1367 0.0644 -1.9785 
14.8491 9.6287 -3.8925 -0.9030 2.6552 -1.5956 -1.5709 1.3855 -0.9597 -2.4617 -0.0183 -0.2934 -1.7005 
14.5039 9.4311 -3.9044 -1.1786 2.3461 -1.9285 -2.2836 0.7485 -0.9988 -2.2849 0.2858 0.5044 -0.8776 
15.2683 10.3323 -3.2248 -0.6642 2.4562 -2.0996 -2.3234 0.6963 -1.2755 -2.5664 -0.2186 -0.6938 -2.2711 
15.9576 10.8424 -3.2199 -0.2669 3.3495 -1.5649 -2.3717 0.7739 -0.7906 -2.2092 -0.2266 -0.6653 -2.1339 
15.2901 10.0709 -3.9415 -1.2742 2.4478 -1.8894 -2.5000 0.2859 -1.6034 -3.0281 -0.6723 -0.3899 -1.3634 
15.3609 10.4350 -3.2101 -0.7087 2.5052 -1.8827 -2.0185 0.9695 -1.1923 -2.6663 0.0433 0.4706 -0.7435 
14.5020 9.5129 -3.7690 -1.1005 2.4904 -1.7691 -2.4564 0.4138 -0.7944 -1.5824 0.4847 -0.2945 -1.9895 
15.0259 9.8809 -3.7441 -0.8703 2.6944 -1.7948 -2.1461 1.0238 -0.8669 -2.5693 -0.4614 -0.4536 -1.5776 
15.3667 10.3562 -3.3313 -0.5716 3.0173 -1.2582 -1.6367 1.0151 -1.2533 -2.6568 -0.1976 -0.4698 -2.0466 
16.0054 10.3075 -4.5162 -1.3632 2.9080 -1.4714 -1.9438 0.9445 -1.2736 -2.7360 -0.2107 -0.4021 -1.8240 
15.0388 9.4309 -4.6321 -1.4246 2.3090 -2.4564 -2.7732 0.5266 -1.6049 -3.3259 -0.8930 -1.0268 -2.6498 
13.9780 8.5268 -4.9520 -2.1183 1.5333 -2.5619 -2.7494 -0.0175 -2.3182 -3.7948 -1.3315 -1.4866 -2.9289 
14.7181 9.5875 -3.9554 -1.2742 2.3002 -1.8035 -1.9177 1.0999 -0.8751 -2.2548 0.1555 -0.0949 -1.6607 
14.1269 9.0233 -3.9617 -1.0003 2.3761 -2.0149 -2.2656 0.7236 -1.0258 -2.0451 0.3653 -0.1464 -1.8405 
14.3413 9.1507 -4.0358 -0.9517 2.6222 -1.7711 -2.0739 0.7954 -1.4133 -2.9451 -0.4813 -0.4995 -1.9114 
14.8428 9.4751 -4.1645 -0.7704 3.3831 -1.0038 -1.6483 1.1731 -0.8013 -2.1445 0.2131 -0.4036 -2.4506 
15.7766 10.2967 -3.9361 -0.6119 3.2291 -1.4743 -1.6265 1.6066 -0.9587 -2.9298 -0.3338 -0.3233 -1.9841 
15.2195 9.3680 -4.7937 -1.1273 2.5928 -2.3445 -2.2144 1.2543 -1.3279 -3.0951 -0.5041 -0.9489 -2.5998 
14.7314 8.9806 -5.1236 -1.9518 1.9465 -2.3464 -2.3763 0.6829 -1.5618 -2.9482 -0.5586 -1.2363 -2.9603 
14.6083 9.0732 -5.2421 -2.6547 1.9223 -1.7463 -2.7567 -0.0213 -1.0083 -2.1005 -0.3642 -0.4698 -1.3004 
14.8537 9.6907 -3.7065 -0.5632 3.0747 -1.4522 -2.0711 0.4359 -1.7319 -2.7438 -0.0518 -0.4625 -2.1693 
15.4438 9.5306 -4.9048 -1.1648 2.9812 -1.9250 -2.2671 1.1251 -0.9628 -2.3832 0.3095 -0.0284 -1.8123 
18.0388 10.4388 -6.7656 -1.0910 4.5762 -1.9983 -3.1612 0.9220 -1.4224 -3.0389 0.3512 -0.1761 -2.5738 
25.3206 17.4543 -3.9424 0.9884 5.0142 -3.7145 -3.5671 1.5652 -2.6129 -3.8607 2.1184 1.0768 -2.8835 
28.1770 21.7488 -0.9124 1.1805 4.5062 -3.7336 -4.8853 -0.3072 -2.7777 -3.7518 0.9178 0.3475 -2.9600 
29.2237 21.9030 -2.5943 -0.2744 4.1474 -4.1775 -5.7762 -0.4249 -1.7543 -3.0505 0.1461 -1.1416 -3.9427 
32.3664 23.7897 -4.0353 -1.1364 5.0224 -3.4821 -5.5560 0.0638 -1.3322 -2.6463 1.1923 -0.0526 -3.7993 
32.3518 23.6579 -4.4548 -1.8476 4.1458 -4.4642 -6.4538 -0.2329 -0.9075 -2.3289 0.7648 -0.5857 -3.6480 
32.6941 23.9441 -4.5653 -1.6638 5.4336 -3.1585 -6.6365 -1.0697 -1.1522 -2.5587 0.3526 -0.3673 -3.3529 
33.1235 24.2854 -4.7120 -2.2672 4.5974 -3.3530 -5.7125 -0.0981 -0.9673 -2.3292 1.1402 0.2016 -3.1926 
39.2982 29.0658 -6.1577 -4.8284 4.3465 -2.8357 -5.9005 -0.3468 -0.8372 -2.1126 1.3042 0.2593 -3.0080 
41.7176 30.0733 -8.7621 -7.5399 3.8707 -2.2639 -6.0987 -1.4615 -1.7130 -2.0720 1.5417 0.0471 -3.2009 
40.6426 30.0006 -7.5650 -7.5650 3.3194 -1.5872 -5.3197 -1.6464 -1.7845 -1.7038 1.4886 -0.2505 -3.0720 
41.6213 30.3702 -8.0702 -7.3304 3.7347 -1.8316 -5.3415 -1.2503 -1.6474 -1.4805 1.9302 -0.3109 -3.3478 
41.5871 30.4257 -7.8883 -7.2958 3.5176 -1.9380 -5.1807 -1.2221 -1.8506 -1.5582 1.8477 -0.7039 -3.5889 
40.9450 29.9478 -7.6414 -7.1075 2.9827 -2.4528 -4.9487 -1.0680 -2.3912 -1.9004 2.1256 -0.6658 -4.0524 
39.2229 28.7595 -6.8446 -6.0439 2.8837 -3.2188 -5.1052 -0.4524 -2.1781 -2.5661 1.8160 0.0081 -3.6035 
38.3012 27.5503 -7.8286 -6.4570 3.1704 -3.2401 -6.1005 -1.3615 -2.3932 -3.0094 1.0384 -0.2790 -3.6851 
38.7963 28.2683 -7.2077 -5.9497 3.9232 -2.1359 -4.9708 -0.2314 -1.0826 -1.8555 1.6031 -0.0024 -3.1034 
41.0538 29.8752 -8.5453 -8.3817 2.9881 -1.4117 -4.6570 -1.3860 -2.3692 -2.1681 1.3525 -0.8500 -3.4647 
40.4384 29.3045 -8.3751 -7.7916 3.1955 -1.4595 -4.2692 -0.8235 -2.2592 -2.3628 1.2486 -0.6790 -3.0194 
40.8824 29.2837 -9.3605 -8.5608 3.3905 -1.1845 -4.5618 -1.0561 -2.4072 -3.1025 0.4749 -0.7386 -3.1277 
41.9115 29.6281 -9.9296 -8.1535 4.0901 -1.3245 -4.3054 -0.0595 -2.2846 -3.6730 0.6987 -0.2397 -3.1995 
42.4446 29.7316 -10.2504 -7.7612 4.6075 -1.3276 -3.9857 0.6569 -2.1549 -3.9498 0.7517 -0.0752 -3.1351 
41.5531 29.2771 -9.9444 -7.9667 4.3016 -0.9747 -3.8512 0.1284 -2.3890 -3.7720 0.6156 -0.2856 -2.9757 
40.9483 28.5709 -10.1130 -7.6746 4.3551 -1.2510 -4.0561 -0.2407 -3.0984 -4.3479 0.2851 -0.4530 -2.6663 
40.4633 28.9697 -8.9734 -7.6471 4.3049 -0.2222 -3.5110 -0.7135 -3.0757 -3.8516 0.2568 -0.4842 -2.1713 
40.2424 28.8305 -8.8397 -7.4236 4.4625 -0.2293 -3.6502 -0.7574 -2.9945 -3.9228 -0.0141 -0.6871 -2.2126 
39.7554 28.0484 -9.3049 -7.2591 4.3442 -0.9960 -4.0897 -0.7764 -3.4918 -4.6281 -0.1503 -0.7282 -2.7057 
38.8237 27.6906 -8.6135 -7.0702 4.0814 -0.7991 -3.9372 -1.0874 -3.4080 -4.1623 -0.3413 -1.1765 -2.3433 
38.5502 27.5819 -8.3064 -6.6689 4.4539 -0.3703 -3.5158 -0.8154 -3.3293 -4.2123 -0.4063 -1.2569 -2.5028 
37.1377 27.1739 -7.0465 -6.2971 4.1155 0.0400 -3.0508 -0.9348 -3.3041 -4.1722 -0.8749 -1.6032 -2.4562 
35.5752 25.8823 -6.6652 -5.5170 3.7695 -0.9570 -3.3081 -0.5880 -3.3290 -4.4843 -0.9310 -1.5734 -2.6955 
33.0031 23.9847 -5.8701 -4.2837 3.9758 -0.9983 -2.5042 0.8333 -2.5234 -4.4381 -0.1281 0.2544 -1.6697 
31.9696 22.5203 -6.7799 -4.2283 3.9777 -1.8302 -3.2333 1.0972 -1.9115 -4.5103 -0.9990 -0.8776 -2.7869 
30.8823 20.9841 -7.2118 -3.0997 4.4489 -2.6613 -3.2670 1.9014 -1.9172 -4.9334 -1.1176 -1.2101 -2.8903 
31.5566 20.0668 -9.3044 -2.9229 5.3368 -3.2959 -3.6730 2.1336 -2.6353 -5.4580 -0.1731 -0.4859 -3.2501 
30.6394 19.2473 -9.3874 -2.6186 5.9510 -2.6047 -3.1954 2.7911 -1.5807 -4.6402 0.1048 -0.3123 -2.8958 
28.9729 18.0241 -9.3731 -3.1338 4.9918 -3.0406 -3.6422 1.8465 -2.3771 -4.9946 0.0071 -0.1706 -2.8575 
29.4437 18.7697 -9.1361 -3.7933 4.6097 -2.6964 -3.5522 1.8721 -1.6146 -4.3415 -0.1766 -0.1840 -2.1886 
28.5729 18.1634 -9.7602 -5.7536 2.8660 -2.8817 -3.7294 0.9747 -1.9456 -4.0425 -0.0783 -0.1373 -2.4463 
26.3756 16.9045 -8.6733 -5.2053 2.0920 -3.5582 -4.1725 0.2278 -2.5336 -4.2616 -0.4420 -0.4266 -1.9591 
25.3867 17.1026 -6.9557 -4.4279 2.6113 -2.0196 -2.9583 0.6248 -1.7421 -3.2258 0.0918 -0.1631 -1.9188 
23.7101 15.8586 -6.3311 -3.4563 2.5768 -2.5229 -2.6852 1.8502 -0.4337 -2.4967 0.5122 0.4810 -1.3879 
22.3196 14.5312 -6.8682 -4.0309 2.0170 -2.7110 -3.0169 0.8460 -1.8967 -3.9183 -0.5088 -0.2466 -2.2461 
22.1922 14.8367 -5.7228 -2.7073 2.8618 -2.1500 -2.3208 1.6687 -1.0502 -3.2301 -0.3479 -0.3734 -1.8880 
22.2216 15.1446 -5.0110 -1.7117 4.2676 -0.6391 -1.5633 1.6612 -0.8078 -2.2872 0.7680 0.4252 -1.5154 
24.2492 18.2491 -1.7932 0.6905 5.3370 -0.3830 -1.6744 0.8499 -2.3190 -3.6469 -0.0417 -0.2963 -2.2577 
25.6093 19.4453 -1.4451 1.0949 5.3608 -1.4458 -2.8405 0.6261 -2.2366 -4.1027 -0.6964 -0.5762 -2.2813 
25.6507 19.1648 -1.9231 1.2740 6.2595 -0.4016 -1.9355 1.2340 -2.0814 -4.2656 -1.0772 -1.2655 -2.9949 
26.8542 19.8993 -2.5077 0.6458 5.9983 -0.6439 -2.2162 0.7281 -2.8134 -4.6230 -1.0914 -1.5842 -3.3834 
26.5830 19.7828 -2.1430 1.1784 6.2618 -0.9075 -3.0675 -0.3080 -3.1704 -3.9984 -0.3055 -1.3417 -3.2877 
26.9568 20.3876 -1.6760 1.2352 6.1440 -1.2436 -3.9947 -1.4597 -3.9857 -4.7800 -1.2637 -1.9085 -3.2953 
29.8137 22.4096 -2.3782 0.4698 5.8587 -1.9522 -4.1543 -0.3180 -2.8503 -4.2952 -0.5304 -0.7564 -2.3895 
31.2676 23.4623 -3.1777 -0.7093 6.0345 -1.4551 -5.5440 -2.8280 -3.6492 -2.9129 0.8910 -0.6308 -2.8807 
35.5056 25.6389 -6.2178 -3.2964 5.9145 -2.1423 -7.6182 -4.1893 -3.4987 -2.1348 1.3503 -0.9508 -3.4663 
38.4366 28.1373 -6.0783 -3.2122 6.8840 -1.3178 -7.0008 -2.9884 -1.9814 -0.8921 2.4941 0.1089 -2.8333 
39.2691 28.1699 -7.2051 -3.8263 6.3965 -2.3223 -7.4589 -2.7894 -2.1719 -1.1719 2.5898 -0.2379 -3.6680 
39.9967 28.1841 -8.1939 -4.1620 6.4721 -2.7232 -7.5515 -2.1478 -1.9034 -1.6675 2.1324 -0.3379 -3.7004 
40.0505 28.3736 -8.2671 -4.9000 5.8804 -2.4457 -6.8857 -1.6232 -1.6064 -1.7784 1.7415 -0.4883 -3.5300 
39.6732 28.0117 -8.7155 -5.8734 5.0030 -2.5550 -6.7077 -1.7431 -1.8920 -2.1678 1.0350 -1.4229 -4.4539 
40.0238 28.5284 -8.2425 -5.5864 5.1616 -2.2594 -6.1161 -0.9500 -1.1606 -1.7976 1.0240 -1.4067 -4.1362 
39.8327 28.3856 -8.3906 -6.0016 4.8818 -1.9480 -5.5296 -0.6616 -1.2679 -1.9695 1.1057 -1.1520 -4.0066 
39.0345 27.6132 -8.7586 -6.5161 4.2590 -2.2385 -5.5041 -0.6730 -1.6971 -3.0481 -0.1581 -1.8113 -4.2190 
38.7611 27.4646 -8.4371 -6.1918 4.2343 -1.7788 -4.3002 -0.2029 -2.3637 -3.3891 0.0149 -2.0428 -4.3623 
37.5444 27.2372 -6.9335 -5.4296 3.8664 -1.7713 -3.6259 0.4766 -2.1460 -3.8512 -0.4311 -1.4940 -3.4787 
35.2371 26.1272 -5.6387 -4.9353 3.7547 -0.9635 -3.1859 -0.0850 -2.1538 -3.2376 -0.1594 -1.0469 -2.7301 
34.4489 25.4414 -5.7792 -5.1515 3.3420 -1.3695 -3.7853 -0.8710 -2.5313 -3.0258 0.0847 -1.0586 -2.7522 
34.0389 25.5166 -4.9519 -4.4748 3.8909 -0.7369 -3.5529 -1.0684 -2.7464 -3.2668 0.1014 -0.3079 -1.9488 
33.2706 24.8329 -4.7517 -3.7841 4.2316 -0.7656 -3.2635 -0.4555 -2.4757 -3.5396 -0.4175 -0.8035 -2.1665 
32.3754 23.6943 -5.2874 -3.6195 4.3336 -0.9780 -3.2237 -0.2222 -2.4940 -3.6046 -0.5232 -1.4339 -2.9570 
31.8320 23.4614 -4.9644 -3.5834 4.2998 -0.5094 -2.9114 -0.6029 -2.6678 -3.0159 0.0411 -1.2893 -2.8517 
30.8412 22.9466 -4.2826 -2.9284 4.3883 -0.8455 -3.4601 -0.7339 -2.2179 -2.7845 -0.0135 -0.8900 -2.3073 
30.4517 22.5373 -4.4205 -2.8256 4.6704 -0.5314 -3.2317 -0.6357 -2.3769 -3.1047 -0.0977 -0.8557 -2.7148 
28.8820 20.9394 -5.0278 -3.1589 4.1137 -1.3050 -4.1703 -1.5124 -2.8741 -3.4161 -0.7734 -1.9630 -3.6884 
28.7912 21.2381 -4.1341 -2.2226 4.9281 -0.4116 -3.2348 -0.6767 -2.1783 -2.8138 -0.0313 -0.9379 -2.6703 
27.6478 20.3177 -4.1514 -2.2976 4.5367 -0.8706 -3.7552 -1.0578 -2.4151 -3.5015 -1.0863 -1.5104 -2.8422 
26.7157 19.8219 -3.2689 -1.1419 5.0230 -0.5576 -2.9532 -0.2951 -2.2920 -3.3414 -0.0690 -0.1010 -1.9063 
26.1747 19.0596 -3.8064 -1.2581 5.1064 -0.4100 -2.6309 0.1402 -1.7918 -2.7346 0.3516 -0.1149 -2.1067 
25.6657 18.3413 -4.3009 -1.4198 4.8809 -0.7248 -2.4876 0.6399 -1.6658 -3.1042 -0.1584 -0.6136 -2.2659 
26.0413 18.2940 -4.9660 -1.7468 4.8943 -0.8945 -2.5029 1.3379 -0.4326 -1.9007 0.5835 -0.3697 -2.1136 
24.7748 17.1556 -5.1722 -1.8287 4.6098 -1.2371 -2.9002 0.9532 -0.8210 -2.5517 -0.3029 -1.2286 -2.8608 
24.5216 16.7523 -5.5976 -2.0702 4.6602 -1.0530 -2.6386 1.4125 -0.3472 -2.3116 0.0330 -0.4424 -1.9746 
23.6336 16.0040 -5.6427 -2.1911 4.1246 -1.5184 -2.6053 1.8110 -0.0472 -2.3743 -0.1444 -0.4636 -2.0715 
23.1268 15.3425 -6.2437 -2.8347 3.4959 -1.9925 -3.1911 0.7178 -1.3132 -3.1157 -0.3276 -0.3870 -1.6897 
22.7458 14.9213 -6.3323 -2.4472 4.2486 -1.2420 -2.5234 1.6285 -0.2447 -2.5124 -0.3675 -0.6747 -2.0522 
22.4267 14.6624 -6.4866 -2.9083 3.7256 -1.2844 -2.2889 1.5537 -0.5292 -2.4108 0.1678 -0.3242 -2.2546 
22.7898 15.3255 -5.6961 -2.3627 3.8207 -1.5711 -2.7411 1.1793 -0.9016 -3.0896 -0.6243 -0.5885 -1.8832 
23.0452 15.0702 -6.5193 -2.4507 4.5453 -1.1572 -2.8487 1.1821 -0.7613 -3.0235 -0.3190 -0.0184 -1.5763 
22.6022 14.0793 -7.4977 -2.6287 4.2782 -2.1809 -3.3889 1.6210 -0.5764 -3.1922 0.2186 0.7502 -1.7097 
23.2112 13.4755 -9.3641 -3.1095 4.7294 -2.4364 -3.4867 2.2611 -0.4486 -3.6860 0.0050 0.4044 -2.7381 
25.6558 14.3015 -10.9641 -2.5543 6.5585 -2.6560 -4.4780 2.2325 -0.8810 -4.7540 -0.1105 1.3357 -1.5600 
27.1591 14.2578 -13.0858 -3.2079 6.7865 -3.4601 -5.1131 2.0807 -1.9405 -5.8846 -0.3943 0.4466 -2.9490 
28.2918 14.5123 -13.6752 -2.2563 8.0671 -3.1884 -4.2312 3.7221 -1.0665 -5.0627 1.2448 1.5790 -2.7608 
29.1835 14.5163 -14.8053 -2.7048 7.6663 -3.9417 -4.0078 4.2781 -1.5842 -5.4881 1.6520 1.3934 -3.7018 
30.2928 15.4296 -14.6479 -2.2525 8.4094 -3.7133 -4.1343 4.4941 -1.0809 -5.1083 1.8928 1.6068 -3.5584 
29.7229 13.9886 -16.3805 -2.6831 9.0113 -3.5155 -4.5417 3.8970 -1.9147 -6.0051 1.3790 1.5092 -3.3563 
31.2478 15.8478 -14.8583 -1.3404 9.6686 -3.5273 -4.1599 4.9973 -0.8487 -5.1655 2.2912 2.1715 -3.2718 
31.4916 15.6876 -15.5603 -1.6439 9.9011 -3.4462 -4.4326 4.6902 -1.0251 -5.2164 2.2631 1.9468 -3.6280 
32.3864 16.0039 -16.4687 -2.4216 9.7160 -3.2192 -3.6819 5.4942 -0.7766 -5.0617 2.7038 2.2110 -3.4063 
32.2625 16.1008 -16.3845 -2.8663 9.4112 -3.0446 -3.7420 5.1787 -0.9803 -5.6859 1.6302 1.6766 -3.5120 
32.2934 16.0293 -16.8569 -3.5940 9.1485 -2.8572 -4.0411 4.3275 -1.4189 -5.6341 1.3759 1.3101 -3.1093 
31.6792 16.1634 -16.1593 -4.0993 8.5015 -2.7942 -4.8739 2.6928 -2.0011 -5.5992 0.8857 1.0699 -2.8364 
33.2722 20.1942 -10.8662 -1.0896 9.9876 -0.5845 -3.3493 2.4378 -2.2248 -5.1321 0.9675 0.8066 -3.0307 
39.0676 26.0486 -9.8581 -3.5208 7.0757 -2.4638 -4.6639 1.0700 -3.2050 -5.6262 -0.1766 -1.1904 -4.2182 
42.1187 28.2470 -10.7193 -4.5010 7.3931 -1.9668 -4.5821 1.0977 -3.0374 -5.2193 0.3854 -0.7769 -3.7927 
41.5648 28.0455 -10.6271 -5.1388 6.8089 -1.8390 -4.8384 0.1549 -3.5870 -5.2328 0.3442 -0.7823 -3.7711 
40.9043 28.0703 -9.8952 -5.4921 6.0451 -1.5258 -4.2223 0.1408 -3.6277 -5.1227 0.1699 -0.7728 -3.2136 
40.6043 28.0067 -9.8373 -5.9869 5.5647 -1.5181 -4.3292 -0.1518 -3.5816 -5.0116 -0.0937 -1.1504 -3.4707 
40.2239 28.1489 -8.9510 -5.4024 5.8520 -1.1103 -4.1148 -0.0399 -2.9923 -4.2828 0.2260 -0.7209 -2.5602 
39.4290 27.6425 -8.6661 -5.0998 6.1435 -0.5295 -3.4989 0.2948 -3.0726 -4.7479 -0.2427 -0.9850 -2.7339 
38.2675 27.0674 -8.1656 -5.3839 5.0906 -1.1500 -3.7329 0.0285 -3.3503 -5.3087 -1.0471 -1.2858 -2.5190 
35.8774 25.5225 -7.2506 -4.5447 5.2671 -0.4280 -2.6960 0.4144 -3.5594 -5.5101 -0.7948 -0.7977 -2.6459 
32.4750 22.7717 -7.4596 -5.3184 3.6037 -1.0421 -2.4103 0.6103 -3.1707 -5.0834 -0.9841 -0.9955 -2.2915 
29.8660 20.7506 -7.0712 -4.6059 3.7301 -1.1191 -2.5839 0.7521 -2.4151 -4.2952 -0.2258 0.0138 -2.0570 
28.7412 19.9492 -6.7302 -4.2168 3.5975 -1.4446 -2.8950 0.3414 -3.0790 -5.1593 -0.7759 0.1442 -1.7722 
28.2831 19.7985 -6.1277 -3.5378 3.9443 -1.3111 -2.9594 0.2618 -2.6898 -4.6067 -0.9040 -0.2641 -1.4371 
26.2526 19.2362 -4.1369 -2.6631 3.7409 -0.4661 -1.9570 0.2642 -2.5444 -3.9529 -0.7852 -0.6374 -1.6043 
25.2022 18.6856 -3.7697 -3.1129 2.4954 -1.1027 -1.8310 0.3516 -2.7786 -4.3224 -1.0571 -0.7469 -1.7618 
24.2974 17.2903 -4.8581 -3.2777 2.5844 -1.6740 -2.5670 0.2602 -2.5547 -4.2841 -0.8518 -0.0085 -0.8014 
25.8750 18.2244 -5.1164 -2.3834 4.1349 -1.5312 -3.1630 0.6643 -1.5402 -3.7304 -0.7158 -0.0896 -1.1587 
38.4508 23.3336 -14.9943 -8.1860 4.0631 -4.5825 -5.4074 2.1468 -1.9501 -5.3233 0.3619 0.3890 -2.6829 
35.3900 20.4679 -14.7497 -5.7239 6.5015 -3.4662 -4.9773 3.0775 -0.6828 -4.8128 0.0969 0.4235 -2.0804 
36.1314 19.8121 -16.4676 -5.0976 8.2313 -3.2749 -5.0198 4.0966 0.1958 -4.3438 0.6680 0.3855 -2.8327 
36.4018 19.3621 -17.4080 -4.8901 8.9468 -3.1830 -4.9383 4.2392 -0.4681 -5.2297 0.6159 0.6922 -2.7626 
35.2606 17.9687 -18.1128 -4.9451 8.7403 -3.8760 -5.5029 4.0629 -0.6166 -5.1725 1.2733 1.3784 -2.7951 
33.7333 16.8744 -17.7022 -4.3373 9.2467 -2.9843 -4.5458 4.7521 0.1257 -4.3942 1.7618 1.7043 -2.5724 
33.6541 17.5125 -16.1580 -3.1770 9.5468 -3.0514 -4.6903 4.7506 0.3945 -4.4185 1.0628 1.0302 -2.6514 
32.7716 16.2945 -16.8242 -2.9972 9.7190 -3.3360 -4.9069 4.5518 -0.0790 -4.5781 1.4605 1.3210 -2.5228 
32.0683 15.8975 -16.3314 -2.4922 9.7800 -3.0774 -3.9770 5.3347 -0.5095 -5.6843 1.1238 1.6387 -2.9032 
31.3571 15.3453 -15.9410 -1.6572 10.0888 -3.5724 -4.8322 4.5766 -0.7360 -5.1996 1.7148 1.7376 -2.9489 
30.0274 14.1125 -16.2072 -1.6829 9.9829 -3.7414 -5.2059 4.1174 -1.1137 -5.7418 1.0177 1.3889 -2.8677 
30.0404 14.2068 -16.0823 -1.7303 9.6932 -4.2396 -5.6596 4.1675 -0.6376 -5.5438 0.7605 1.1501 -3.1199 
29.3606 14.1348 -15.1243 -1.4724 8.6828 -5.2483 -5.8275 4.3867 -0.5485 -5.5817 0.6796 1.1035 -2.9884 
28.8171 14.3661 -14.1834 -1.4996 8.6359 -4.2564 -5.2546 4.0241 -0.4665 -5.1718 0.3497 0.4990 -3.3186 
28.5942 14.5714 -13.8366 -1.8536 8.6898 -3.2702 -4.7540 3.8045 -0.4060 -5.0799 0.1807 0.8318 -2.6290 
28.6761 15.1276 -13.4075 -2.9178 6.8559 -4.4588 -5.5194 3.1202 -0.4155 -4.5508 0.3479 0.6537 -2.5055 
27.2829 14.9525 -11.8712 -2.4961 6.9074 -3.2305 -4.7322 2.6841 -0.5400 -4.3747 -0.1423 0.1431 -2.5713 
24.8770 13.5774 -10.7941 -2.1212 6.0968 -3.4425 -4.2951 2.9228 -0.5590 -4.6449 -0.4001 0.5153 -1.9350 
22.8791 12.7637 -9.3415 -1.4880 5.9339 -2.7841 -3.6875 2.6701 -0.5823 -4.1497 -0.2052 0.3008 -2.3296 
22.3253 13.2358 -7.9411 -1.4742 5.3165 -2.4250 -3.3039 2.3807 -0.5827 -3.7135 0.1822 0.8247 -1.8202 
21.8234 13.1377 -7.3169 -1.1057 5.1539 -2.7807 -3.6188 2.4056 -0.2720 -3.6692 -0.0426 0.7007 -2.1077 
20.6368 12.7373 -6.4459 -1.1116 4.6870 -2.0721 -2.6090 2.4634 -0.4100 -3.7525 -1.0082 -0.5813 -2.4821 
20.0644 12.4052 -6.2298 -1.1013 4.4155 -2.3298 -3.1490 1.5284 -0.9448 -3.2786 -0.1047 -0.1989 -2.6226 
20.5839 12.8963 -6.2499 -1.4448 4.2217 -2.0619 -2.5892 1.9412 -0.8916 -3.4838 -0.3740 -0.2067 -1.9844 
19.7589 12.5660 -5.7373 -1.4635 3.8621 -1.8851 -2.3435 1.7968 -0.8627 -3.1792 -0.3320 -0.4213 -2.2603 
20.1474 13.2718 -5.0103 -1.1955 3.7287 -1.9887 -2.3242 1.8281 -0.6561 -2.5294 0.5827 0.2026 -2.0426 
18.8644 12.1819 -5.1116 -1.2185 3.7379 -1.3758 -1.4348 2.1974 -1.0322 -3.4300 -0.3863 -0.2808 -1.9984 
19.2323 12.6210 -4.8713 -1.1365 3.6549 -1.9465 -2.5137 1.3880 -1.0334 -3.1713 -0.5501 -0.8202 -2.6686 
19.4905 12.6935 -5.4014 -1.8682 3.4091 -1.7345 -2.3579 1.4330 -0.9420 -3.1306 -0.4529 -0.4295 -2.2702 
19.3047 12.8123 -4.7062 -1.3510 3.1879 -2.1078 -2.2988 1.5193 -0.9967 -2.7537 0.2361 -0.1854 -2.3701 
19.0405 12.1687 -5.5801 -1.7813 3.2574 -2.3687 -3.2557 0.5439 -1.4501 -2.9289 0.1761 0.0916 -1.9554 
19.3658 12.3017 -5.8153 -1.8186 3.5076 -2.0617 -2.6589 1.5372 -0.7164 -2.8340 0.2183 0.5262 -1.4040 
19.0849 12.1785 -5.6437 -1.7826 3.5105 -1.7193 -2.1842 1.7997 -0.4822 -2.5483 0.0642 -0.1942 -1.9296 
18.7460 12.1447 -5.2013 -1.5783 3.5030 -1.5816 -2.1594 1.5982 -0.4780 -2.3526 -0.0189 -0.5213 -2.2098 
19.1898 12.8218 -4.6598 -1.4807 3.4272 -1.3071 -1.7194 1.5103 -1.1856 -3.0602 -0.3801 -0.7432 -2.3213 
18.4630 12.2460 -4.7759 -1.8351 2.9866 -1.3500 -1.4760 1.9861 -0.4288 -2.4629 -0.0824 -0.2697 -1.8924 
18.6266 11.6307 -5.7613 -1.6016 3.3180 -2.0322 -1.9727 1.8203 -1.2508 -3.0209 0.3285 -0.5486 -3.4268 
19.8939 11.9490 -6.6873 -1.0222 4.7906 -1.9543 -2.6489 1.9572 -0.6896 -2.8021 0.3307 -0.3779 -2.6208 
20.3550 12.2203 -6.8293 -0.9206 5.1411 -1.9161 -3.0030 1.5564 -1.0460 -3.2337 -0.0140 -0.2854 -2.2564 
20.4036 11.5089 -7.9935 -1.2156 4.8495 -2.8616 -3.3522 1.9062 -0.9715 -2.9416 0.7798 -0.1797 -2.8608 
30.0218 16.3679 -13.5936 -3.6058 7.7013 -2.0145 -4.2693 1.6314 -2.3530 -4.6400 1.0904 0.8544 -1.8673 
33.7707 18.6653 -15.1583 -4.6402 8.0758 -2.4104 -5.0992 1.4329 -2.8555 -5.7625 0.5049 0.9979 -1.7291 
31.9559 18.0805 -14.0401 -4.8170 8.0144 -0.7885 -4.0123 1.6247 -1.6686 -4.4506 0.6950 1.2229 -1.4502 
30.1128 16.9708 -13.6163 -5.3650 6.7526 -0.9529 -3.5450 1.6603 -1.7331 -4.5127 0.2500 0.7228 -1.7874 
28.4754 16.6343 -11.9021 -4.6910 6.8340 0.2601 -2.4949 1.6614 -1.4628 -3.9046 0.2559 0.6471 -1.3829 
30.5604 21.2083 -6.6797 -2.7277 6.4013 0.0922 -2.9107 0.8021 -1.6002 -4.2253 -1.3244 -0.9754 -2.3950 
31.0865 22.9169 -4.3297 -2.1821 4.8697 -1.5048 -3.3552 1.3051 -0.8736 -4.0555 -1.7993 -1.4123 -2.4626 
32.5939 24.4743 -3.9363 -2.7696 3.7220 -2.6565 -4.0206 1.3040 -0.1746 -3.2249 -2.1781 -3.0377 -3.1558 
35.0251 26.4034 -4.3986 -3.7757 3.6398 -1.9020 -3.3591 1.0903 -0.6625 -2.9531 -1.8400 -3.5658 -3.4570 
36.6823 27.2329 -5.5349 -4.5561 4.0845 -1.0950 -2.7672 0.9776 -1.6390 -3.8177 -2.0031 -3.5735 -3.3003 
38.0579 27.0905 -7.8763 -5.3840 5.0417 -0.7519 -3.1270 0.6476 -2.6121 -5.1139 -2.0817 -2.7313 -3.2827 
38.6180 27.2551 -8.3757 -5.4370 5.6169 -0.0315 -2.3626 1.0581 -2.9659 -5.3290 -1.2841 -1.9162 -3.4716 
39.0078 27.1716 -8.9238 -5.2618 6.2177 0.2914 -2.0563 1.1208 -3.6235 -5.7236 -0.5711 -1.2039 -3.7286 
38.7142 26.9704 -8.8603 -4.9952 6.9325 1.0888 -1.9808 0.7090 -3.7614 -5.6972 -0.6695 -1.1879 -3.6595 
38.1893 26.0232 -9.7419 -5.1060 7.2706 0.9685 -2.6404 -0.0270 -4.4649 -6.3280 -0.9226 -1.0748 -3.7513 
37.9107 26.2604 -8.8789 -4.6434 7.4921 1.5781 -2.0036 0.2595 -4.1924 -5.8095 -0.2399 -0.4533 -3.4150 
38.1285 26.5058 -8.6487 -4.4508 7.4561 1.5613 -1.8090 0.2001 -4.4444 -5.4754 0.4849 -0.1524 -3.3704 
37.6726 25.9042 -9.3923 -5.3674 6.8839 1.3097 -2.3182 -0.4316 -4.8483 -6.0627 -0.5460 -1.2158 -4.1902 
37.7180 26.2778 -8.9132 -5.1868 7.4778 2.4155 -1.7845 -0.4546 -4.5536 -5.6598 -0.3174 -0.5878 -3.3628 
37.0543 26.0076 -8.4368 -5.1512 6.8882 1.9898 -1.9160 -0.6395 -4.6875 -5.5370 -0.0968 -0.4833 -3.4014 
36.2831 25.7422 -8.1476 -5.5958 6.7167 2.8289 -1.6629 -1.3227 -4.8288 -5.3628 -0.6362 -0.9019 -3.0111 
36.3843 25.6345 -8.4447 -5.5605 7.0185 2.9410 -1.8596 -1.7391 -5.2826 -5.4965 -0.4502 -0.8677 -3.2064 
36.2811 25.9727 -7.8982 -5.6461 7.0391 3.5626 -1.6173 -1.9581 -5.0971 -5.2565 -0.6278 -0.6987 -2.5854 
36.5193 25.8671 -8.1228 -5.4084 6.6884 2.5831 -1.5612 -1.0330 -4.7806 -5.2239 -0.2376 -0.6461 -2.9038 
35.1736 25.0821 -7.6654 -5.4857 6.1055 2.5360 -1.5591 -1.5089 -5.0156 -5.1708 -0.6895 -1.2610 -2.8663 
34.6903 24.7797 -7.2898 -4.9364 6.3100 2.6129 -1.2468 -1.2216 -5.0835 -5.3467 -0.6188 -0.9321 -2.4461 
33.7630 24.6381 -6.2937 -4.7224 5.9809 2.7846 -1.0519 -1.1483 -4.6031 -5.0742 -1.1685 -1.5531 -2.5380 
33.5700 25.0936 -5.1738 -4.4390 5.3111 2.3107 -0.9035 -0.5388 -3.6761 -4.4894 -1.5305 -2.2980 -2.8295 
33.6478 24.5573 -5.7096 -3.8081 5.2634 0.5252 -2.0470 -0.0394 -3.2762 -4.4475 -0.9164 -1.9183 -3.6465 
32.4369 23.8502 -4.8822 -2.9755 5.0091 -0.0744 -1.8866 0.7274 -2.8075 -4.4008 -0.5031 -0.8962 -2.9127 
30.3809 22.5333 -4.2669 -2.7187 4.7751 0.3322 -1.4265 0.4763 -3.3730 -5.0097 -0.9419 -0.6390 -2.2774 
29.4377 22.7213 -2.5543 -2.0575 4.4497 0.2716 -1.9153 -0.6023 -3.6097 -4.3002 -0.3931 -0.4522 -2.3935 
28.4372 22.0680 -1.9193 -1.2617 4.2750 -0.4527 -2.1856 -0.4796 -3.7115 -4.5699 -0.4805 -0.4431 -2.4266 
27.8935 21.5284 -2.0094 -1.2027 3.9653 -1.1141 -2.5102 -0.0983 -3.2151 -4.5717 -0.6905 -0.3687 -2.1584 
26.8784 20.6844 -1.7816 -0.5334 4.4413 -0.6491 -1.7777 0.5337 -2.9805 -4.3207 -0.1319 0.1159 -2.0132 
26.5923 20.0519 -2.3611 -0.3799 4.8626 -0.7995 -2.1403 0.7057 -2.5590 -4.3631 -0.5875 -0.1624 -1.8775 
25.2597 18.9257 -2.5135 -0.5503 4.6062 -0.7928 -2.3219 0.1341 -2.9838 -4.5569 -0.9099 -0.5909 -2.3598 
28.0557 19.5127 -4.8272 0.0843 6.6985 -1.0607 -2.5455 1.8572 -1.5794 -3.8713 -0.0495 -0.5889 -2.7912 
25.2248 19.1916 -1.7053 0.2627 4.8216 -0.9633 -2.2910 0.4314 -2.6782 -4.3821 -0.9572 -0.6810 -2.0212 
27.6285 21.3666 -1.4702 0.2154 5.6207 -0.1284 -2.3926 -0.2998 -3.1125 -4.0059 -0.0266 0.0337 -1.8906 
29.1197 22.4617 -1.7061 0.0324 5.7541 -0.3796 -3.1333 -1.2097 -3.7025 -3.9205 0.0799 -0.5232 -2.3716 
30.5729 23.2166 -2.7387 -0.7434 6.2385 0.3130 -3.2908 -2.0742 -4.4061 -4.0305 0.0572 -0.7962 -2.3619 
32.2926 24.0783 -3.9889 -1.7602 6.1589 -0.2642 -4.7124 -3.1280 -4.3112 -3.2524 0.4886 -1.0801 -2.6325 
33.1029 24.7440 -4.2929 -2.4373 5.9015 -0.4768 -5.3953 -3.6002 -4.1173 -3.0049 0.6573 -0.6508 -2.3503 
34.8271 25.7484 -4.9028 -2.4958 6.2304 -1.0661 -6.0839 -3.2514 -3.2193 -2.1937 1.2641 -0.3790 -2.1893 
35.1109 26.2528 -4.5640 -2.6206 6.2013 -0.7404 -6.0629 -3.5577 -3.0158 -1.4395 1.8666 -0.0219 -1.8093 
35.3815 26.1341 -5.1329 -2.8273 6.0402 -1.4408 -6.7209 -3.6028 -2.8152 -1.2973 1.9798 -0.1686 -2.3077 
36.8718 26.5430 -6.5500 -3.4669 5.9252 -2.2879 -7.0127 -2.6404 -2.1872 -1.5107 1.7910 -0.4766 -3.0067 
36.5866 26.7973 -5.9841 -3.8561 5.3952 -1.9873 -6.8123 -2.8863 -1.8953 -0.8784 1.7200 -1.0478 -3.3554 
37.0661 27.0210 -6.3527 -4.1778 5.2844 -2.0555 -6.6594 -2.4762 -1.6365 -0.9494 1.5524 -1.1778 -3.4933 
37.6170 27.7827 -6.2661 -4.8984 5.2174 -1.2049 -6.2265 -2.3943 -1.2073 -0.8248 1.2912 -0.9304 -3.1445 
36.8862 27.2589 -5.8874 -4.8258 3.8518 -2.4147 -5.6273 -1.7566 -2.1104 -1.6210 1.3803 -1.4485 -4.0625 
36.6083 26.8963 -5.9106 -4.3013 4.2513 -2.8280 -6.1324 -1.2434 -1.0823 -1.3461 0.9764 -1.7323 -4.2912 
35.1860 26.0640 -5.2435 -3.9403 3.9952 -2.5805 -5.5361 -1.1846 -1.4133 -1.7377 0.4242 -1.9987 -3.9659 
34.8927 25.6351 -5.3642 -3.6426 3.9848 -3.0065 -5.5473 -0.8859 -1.6360 -2.1983 0.3591 -2.1180 -4.4247 
34.4914 25.6459 -4.5150 -3.0195 3.9030 -2.6076 -4.1442 -0.0348 -2.1273 -2.5178 1.0836 -1.4345 -4.3383 
33.0708 24.4052 -4.6900 -2.8121 4.5845 -1.6679 -3.8797 -0.1549 -1.6841 -1.9200 1.1788 -1.4338 -4.2509 
31.1838 23.3151 -3.8011 -2.3026 4.4730 -0.9396 -2.8099 -0.0782 -2.2341 -2.2956 1.0512 -1.1389 -3.8562 
31.6466 23.8992 -3.7428 -2.8859 4.1006 -0.8122 -2.8719 -0.3854 -2.3461 -2.3808 0.9458 -0.8611 -3.4174 
30.7683 22.8047 -4.2563 -2.4625 5.0846 -0.0862 -2.4992 0.1397 -1.8341 -2.4807 0.4164 -1.2742 -3.7494 
30.2639 22.6207 -3.8825 -2.4915 4.6847 -0.0888 -2.4247 -0.4591 -2.6707 -2.9349 0.0824 -1.3891 -3.1165 
30.0374 22.5451 -3.6815 -2.2443 5.0307 0.1511 -2.5203 -0.5636 -2.7869 -3.4202 -0.2344 -0.9132 -2.3723 
28.9817 21.8541 -3.2151 -1.7921 4.7397 -0.5686 -3.0536 -0.4974 -2.3794 -3.3674 -0.5266 -1.0514 -2.6084 
29.1776 21.9986 -3.0551 -1.3534 5.2086 -0.1419 -2.5087 -0.0880 -2.0924 -2.7239 0.1270 -1.1367 -3.0241 
28.3917 21.1268 -3.3899 -1.1961 5.5962 0.2123 -2.2835 -0.0150 -2.3713 -3.4493 -0.5123 -1.1056 -2.7508 
27.9275 20.4443 -3.9402 -1.5017 5.1903 -0.3935 -2.6175 -0.0664 -2.7008 -4.0241 -0.9366 -1.5960 -3.3838 
26.3549 19.6494 -3.1096 -1.2775 4.7929 -0.1217 -2.2536 -0.3799 -2.9296 -3.8183 -0.9258 -1.8320 -3.5488 
25.3084 18.6239 -2.9709 -0.2351 5.4331 -0.4545 -2.4507 0.4592 -1.8462 -3.5130 -1.0980 -1.6694 -2.9289 
23.6082 16.6254 -4.4043 -1.4164 4.6951 -0.6830 -2.6343 0.2024 -1.9681 -3.5340 -1.0055 -1.5862 -3.5124 
25.4161 18.1621 -4.7100 -2.5361 4.0151 -0.5255 -1.9282 0.7750 -1.9917 -3.6593 -0.4190 -0.3946 -2.3064 
25.9922 18.3772 -5.3915 -3.3893 3.3252 -1.2779 -2.8676 -0.2143 -2.6133 -3.6447 -0.3461 -0.9575 -3.0859 
23.2973 16.2550 -4.8882 -2.5015 3.0220 -2.2727 -3.6727 -0.3121 -1.8900 -2.8473 -0.3152 -1.3345 -3.0700 
22.4922 15.6216 -4.7909 -2.3655 2.9680 -2.0008 -2.8734 0.4750 -1.6741 -3.0450 -0.2702 -0.8446 -2.6761 
21.8256 15.0825 -4.4768 -1.4657 3.8422 -1.3737 -2.1931 1.2686 -1.2431 -3.0755 -0.1773 -0.4777 -2.5700 
21.2432 14.0851 -5.5386 -2.1304 3.4743 -1.8856 -2.8403 0.6881 -1.8252 -3.6038 -0.3172 -0.2403 -2.4790 
20.8820 14.0310 -5.0978 -1.8067 3.9020 -0.9707 -1.8515 1.3843 -1.2952 -3.1399 0.1634 0.2714 -2.2121 
21.2712 14.7620 -4.3827 -1.6276 3.7646 -1.0229 -1.9916 1.1513 -1.2449 -2.9534 0.1389 0.4708 -1.2814 
21.6017 14.0619 -6.2673 -2.5355 4.0421 -0.9565 -2.2852 1.2059 -0.7693 -2.5369 0.0371 -0.0007 -1.4826 
20.9979 13.1820 -6.5021 -1.9205 3.8504 -2.5068 -3.5394 0.7796 -1.2644 -2.9816 -0.0571 -0.4113 -2.2609 
19.6391 12.8211 -5.3305 -1.8783 3.0587 -2.3437 -3.0356 0.6397 -1.3335 -2.4761 0.5279 -0.1044 -2.1154 
19.7029 12.8772 -5.2069 -1.5263 3.4609 -2.0877 -2.6155 1.4392 -0.8208 -2.9190 -0.3210 -0.4319 -2.0721 
19.9226 12.6307 -5.9599 -1.6956 3.8840 -1.9298 -3.0253 0.6737 -1.4647 -2.8698 0.0979 -0.5860 -2.5449 
22.0508 12.8225 -8.5109 -2.1593 4.9839 -2.2615 -3.3044 1.9359 -0.6891 -3.1707 0.4062 0.1809 -2.5290 
26.5111 13.8577 -12.5751 -2.4613 7.4636 -2.0475 -3.2311 2.8161 -2.0554 -4.9910 1.2986 1.3983 -3.0247 
29.4547 15.4510 -13.9914 -3.2379 7.2605 -3.2215 -3.9582 3.1530 -2.1344 -5.3177 1.4767 1.2978 -3.2879 
28.3230 16.1549 -11.5693 -3.2761 6.0852 -3.0167 -4.1934 2.2960 -1.1239 -3.6859 1.2639 0.8539 -2.4292 
29.0439 19.8613 -5.6472 -0.4157 6.2734 -2.1964 -3.6212 1.5062 -1.4827 -3.2111 1.2419 0.4465 -2.6903 
33.4547 24.6599 -3.9879 -0.6812 6.2942 -2.5844 -6.2184 -1.8332 -3.1618 -3.7989 0.6163 0.4297 -1.9380 
36.1887 26.2459 -5.3802 -1.6712 6.7667 -2.1530 -6.4505 -2.5248 -3.7517 -3.4336 1.4044 0.4926 -1.8040 
36.2702 26.6036 -5.0639 -1.8032 6.8476 -1.7872 -6.5765 -2.7547 -3.4230 -3.2637 1.0429 0.3428 -1.7100 
34.5620 25.5437 -4.4365 -1.5099 6.4755 -1.8964 -6.7663 -3.4222 -3.8285 -3.2794 0.6612 -0.3029 -1.9385 
35.4285 25.7175 -5.3959 -2.3264 5.3686 -3.2007 -6.5915 -2.2702 -3.8963 -4.3306 0.1515 -0.4371 -2.2907 
33.5045 25.4411 -2.8537 -0.6365 6.0519 -1.9577 -5.8401 -2.3838 -3.2499 -3.0945 0.6631 -0.2371 -1.7879 
32.7354 24.7990 -3.0125 -0.8774 5.8964 -1.9426 -6.2742 -3.3481 -4.1671 -3.7983 0.0696 -0.7291 -2.3692 
34.9325 25.3406 -5.2178 -1.9070 5.8219 -2.6027 -5.8003 -1.5370 -3.6074 -4.6305 -0.4798 -1.0740 -2.8205 
33.0132 24.6412 -3.7680 -1.3552 5.7464 -2.0628 -6.0489 -2.7316 -3.7419 -3.8124 -0.1465 -0.8944 -2.2449 
32.8811 24.9652 -3.1965 -1.4448 5.6776 -1.5765 -5.9657 -3.1224 -3.5656 -3.3710 -0.3470 -1.1912 -1.9101 
32.2287 24.7272 -2.6174 -1.0196 5.8716 -1.3492 -6.1018 -3.6339 -3.8991 -3.5378 -0.6280 -1.4234 -1.9418 
35.0735 25.8096 -4.3973 -1.1880 6.1434 -2.6645 -6.0326 -1.4926 -3.0584 -3.9832 -0.1061 -0.6305 -1.8357 
33.7305 25.3633 -3.2476 -0.8185 5.6573 -2.6497 -5.9085 -1.8134 -3.0438 -3.4609 0.2129 -0.4295 -1.3456 
33.5994 25.5489 -2.9181 -1.4528 4.0771 -3.9118 -6.1203 -1.5332 -3.1500 -3.9350 0.1101 -0.1419 -1.5781 
34.4432 26.7652 -2.2229 -1.5664 4.2860 -3.0099 -5.8113 -1.8624 -2.6219 -2.6882 0.5783 -0.2092 -0.8086 
36.3702 26.7746 -4.8615 -2.4748 4.3881 -4.0430 -5.8209 -0.2196 -2.2484 -3.5598 0.8181 0.5017 -1.2396 
35.7916 27.2361 -3.0405 -1.6770 3.8738 -4.1249 -5.1456 0.3512 -1.7974 -3.0891 0.6951 -0.1922 -1.3130 
36.6174 27.6855 -3.7669 -2.8033 2.9236 -4.8767 -5.7066 0.0113 -1.8654 -3.0348 0.1681 -1.6111 -2.4830 
37.6017 27.6791 -5.1506 -2.9994 3.8845 -4.5531 -5.7402 0.5457 -1.4609 -3.1217 0.5277 -0.8662 -2.5936 
37.8511 27.4799 -5.3858 -2.4436 3.8600 -5.2856 -5.3799 1.4821 -1.3850 -2.9600 1.0942 -1.2432 -3.2296 
36.3466 26.8083 -4.5909 -2.8522 2.2651 -6.0456 -5.4928 0.8690 -1.7992 -2.6198 0.7466 -3.0209 -4.6694 
37.2664 26.9116 -5.8804 -3.2235 3.3961 -5.2681 -5.6001 1.1820 -1.1378 -2.6750 0.7981 -1.7661 -3.6626 
36.8266 27.0190 -4.9418 -2.7810 3.0361 -5.5371 -5.4564 1.3431 -1.0352 -2.4444 0.9132 -2.1747 -4.2916 
35.6849 26.7246 -3.7700 -2.4350 2.3331 -5.6639 -4.8775 1.6598 -1.0161 -2.3351 0.8671 -2.6903 -4.8657 
35.8544 26.7891 -4.2161 -2.8988 2.8000 -4.9570 -5.0331 1.5038 -0.6532 -2.6763 0.2438 -1.9600 -4.0915 
33.0044 25.4853 -2.6777 -3.1224 0.9373 -5.4985 -4.9062 0.9274 -1.0442 -2.8562 -0.6518 -2.9707 -4.6059 
33.6999 25.6579 -3.1140 -2.6301 1.9150 -5.1530 -4.5631 1.8722 -0.2666 -2.5598 -0.1534 -2.1137 -4.0223 
31.7409 24.4823 -2.0744 -1.8123 1.4135 -5.7542 -4.5591 1.9847 -0.2453 -2.3861 0.0564 -2.1664 -4.1865 
29.7865 23.1301 -1.6755 -1.7143 1.1012 -5.2024 -3.5768 2.3284 -0.3293 -2.4085 0.1214 -1.9472 -3.9926 
28.5139 21.9094 -2.4294 -2.7140 0.6589 -4.7155 -3.4610 1.7480 -0.6644 -2.6003 -0.3317 -2.0940 -3.8912 
28.0572 21.6291 -2.0074 -1.7922 1.7573 -3.8062 -2.9823 2.0267 -0.2993 -2.3290 -0.2212 -1.7263 -3.2582 
27.5435 20.7601 -2.8253 -1.9509 2.0988 -3.8043 -3.3415 1.9328 -0.3911 -2.9040 -0.5684 -1.3051 -2.9174 
25.8998 19.1893 -3.3348 -2.1417 2.0447 -4.0151 -4.0886 1.3961 -0.2463 -2.9122 -0.6983 -0.6912 -2.3078 
24.6093 18.3026 -3.1851 -2.5830 1.0241 -4.2163 -3.6428 1.2420 -0.8342 -2.9676 -0.3632 -0.5658 -2.1302 
24.2337 17.9099 -3.1444 -2.0807 1.5708 -3.9131 -3.4439 1.4444 -0.6068 -2.5422 0.1520 -0.4562 -2.4521 
23.1094 16.8404 -3.4635 -2.2309 1.4958 -3.7723 -3.4227 1.2861 -0.5057 -2.3485 -0.1323 -0.9920 -2.7247 
22.1134 15.5882 -4.2117 -2.1336 2.3190 -3.0794 -3.5297 0.7925 -0.6660 -2.1794 -0.0216 -1.0990 -2.9491 
21.7158 15.3738 -3.8823 -1.8028 2.1957 -3.3715 -3.3717 1.3629 -0.5160 -2.8377 -0.6995 -1.0958 -2.8032 
21.4246 15.2770 -3.6300 -1.7142 2.2142 -2.9251 -2.7941 1.2547 -1.2037 -3.0640 -0.0598 -0.3144 -2.4558 
21.2649 15.1385 -3.5200 -1.2941 2.7875 -2.5324 -2.7878 1.0775 -1.2422 -3.0675 -0.2642 -0.4045 -2.0544 
21.0263 14.4070 -4.6122 -1.9309 2.5894 -3.0200 -3.4525 1.0310 -0.6089 -2.3721 0.1591 -0.3476 -2.4404 
20.7076 14.1090 -4.7036 -1.8770 3.0235 -2.1945 -2.8265 1.1019 -0.7404 -2.4240 0.0683 -0.4288 -2.3688 
19.5351 13.0734 -4.8026 -2.0734 2.1649 -2.8159 -2.6311 1.3107 -0.8986 -2.2392 0.5580 -0.4726 -2.7371 
19.6322 13.3174 -4.7532 -2.4791 1.8446 -2.9807 -2.9732 1.2313 -0.7585 -2.8274 -0.3339 -0.4459 -2.3781 
18.9600 12.4782 -5.1263 -2.1803 2.5361 -2.2143 -2.3449 1.4448 -0.7890 -2.5431 0.1415 -0.3700 -2.5842 
19.5960 13.1575 -4.6236 -1.4813 3.1462 -2.2407 -2.7173 1.5233 -0.1512 -1.9757 0.3581 -0.0446 -1.8767 
19.0119 12.4782 -4.8701 -1.1603 3.8215 -1.6918 -2.7055 0.9608 -0.9117 -2.4651 0.2833 0.0964 -1.6971 
19.0416 12.8185 -4.3187 -1.2061 3.1303 -2.0221 -2.1680 1.6193 -0.9078 -2.9379 -0.1183 0.0471 -1.3165 
18.8199 12.2793 -5.0520 -1.7758 2.5257 -2.9892 -3.2396 0.8125 -1.4249 -3.2126 -0.2552 -0.2832 -2.0194 
18.4614 12.4536 -4.2340 -1.3407 2.9103 -2.1638 -2.6340 1.1051 -0.7161 -2.1917 0.5910 0.4413 -1.6305 
18.3139 12.0042 -4.8794 -1.7772 2.5952 -2.4848 -2.8334 0.7342 -1.5929 -3.1697 -0.1643 -0.3634 -2.3295 
18.1564 11.8201 -5.1063 -2.0093 2.6176 -2.4521 -3.1100 0.5891 -1.4839 -3.4987 -0.7486 -0.2874 -2.0326 
18.7267 12.3604 -5.1844 -2.5592 2.1036 -2.7017 -3.3376 0.1833 -1.9706 -3.9786 -1.3248 -0.9947 -2.5799 
17.8012 11.4736 -5.2632 -2.2041 2.4360 -2.3981 -2.9237 0.8340 -0.8033 -2.3873 -0.0489 -0.3170 -1.9240 
18.0135 11.6922 -5.0387 -1.8357 2.6523 -2.5984 -3.4027 0.1392 -1.7919 -3.4379 -0.8032 -0.7706 -2.3433 
17.2990 11.1374 -4.9565 -1.6430 2.9609 -1.8602 -2.5465 0.6067 -1.5956 -3.0614 -0.1982 -0.3761 -2.4178 
18.6182 12.6224 -4.2556 -1.4950 2.9470 -1.9157 -2.5319 0.9515 -1.0105 -2.7120 -0.1174 0.0479 -1.2919 
18.0995 12.2535 -3.9791 -1.0356 3.1582 -1.7339 -2.1945 1.0323 -1.3143 -2.8333 0.0339 -0.1614 -1.8997 
17.9888 12.1932 -3.9233 -0.9164 3.3923 -1.5794 -2.3750 0.8064 -1.2369 -2.6854 0.1091 0.0807 -1.7634 
17.8619 12.1706 -3.9670 -1.4015 2.7393 -1.9850 -2.6342 0.6493 -1.1713 -2.6179 0.0239 0.1976 -1.1668 
17.3930 11.7713 -4.0622 -1.5530 2.5836 -1.8962 -2.3206 1.0176 -0.9922 -2.7021 0.0234 0.3784 -1.3113 
17.9252 12.3414 -3.5842 -0.9167 3.0447 -1.7602 -2.1466 1.2056 -1.0439 -2.8763 -0.3476 -0.4113 -2.0046 
17.1881 11.2484 -4.5191 -1.3676 2.8971 -1.9025 -2.1993 1.3850 -0.7017 -2.5283 -0.0608 0.0280 -1.2316 
17.1310 11.4739 -3.8581 -0.6591 3.5585 -1.2063 -1.8559 1.0181 -1.2860 -2.5889 0.3502 0.3154 -1.3878 
16.2813 11.0304 -3.8210 -1.7107 1.9813 -1.8577 -2.0214 0.5426 -1.6451 -2.8604 -0.6073 -1.0207 -2.1477 
16.2052 10.5666 -4.5296 -1.9228 2.1029 -1.9565 -2.1452 0.6013 -1.6579 -2.7307 0.0508 -0.3484 -1.9143 
15.6459 9.6570 -5.1005 -1.6628 2.3402 -2.3187 -2.2675 0.9725 -1.7603 -3.5061 -0.5302 -0.3592 -1.7502 
16.3689 10.9508 -4.0758 -1.6235 2.4339 -1.5987 -1.9209 0.9552 -1.3075 -3.1179 -0.8679 -0.8869 -2.2521 
16.2805 10.9412 -3.9849 -1.6503 2.4024 -1.3451 -1.5278 1.2506 -0.8104 -2.2113 -0.0108 -0.3750 -1.8309 
33.5102 19.2904 -14.4840 -5.6499 7.6903 -1.3509 -5.2889 0.6214 -1.7641 -4.2579 0.7825 1.3854 -1.3528 
35.1208 19.1940 -15.8381 -3.9359 9.5395 -2.7243 -6.6005 1.1056 -1.8724 -4.8894 0.7754 1.1310 -1.5338 
34.2081 17.9378 -17.0639 -4.7806 9.8687 -1.3395 -5.5145 1.1211 -2.2563 -4.8947 1.0100 1.0914 -1.8058 
33.6168 17.6769 -17.0740 -5.8748 8.3824 -1.4708 -4.5045 1.7089 -2.6523 -5.6780 0.4756 0.8938 -2.0265 
33.3314 17.6886 -16.7660 -6.0206 7.9992 -1.7776 -5.1646 0.7484 -3.2425 -5.7552 0.6829 1.1892 -2.0967 
34.2079 19.4572 -15.1696 -6.2290 7.0472 -1.5525 -4.3549 0.8502 -3.6119 -6.2278 -0.0526 0.5824 -2.0750 
32.6859 18.8468 -14.2357 -6.2003 6.4619 -1.5901 -4.7118 0.0105 -3.9462 -6.5568 -0.9509 0.0607 -2.1189 
31.2239 18.4482 -12.8737 -5.7451 6.2962 -0.6047 -3.1656 1.2748 -2.5258 -5.4970 -1.1001 -0.3930 -2.0080 
31.1499 19.7939 -10.1900 -4.0115 7.4997 0.8352 -2.5460 1.3816 -1.9421 -5.3755 -1.5435 0.1291 -1.0537 
32.1363 22.0543 -7.7339 -3.2650 7.8242 2.2210 -1.6909 0.8938 -2.0406 -4.4974 -0.9600 -0.2621 -2.1340 
34.6750 25.0285 -6.6404 -3.9257 7.4680 2.8383 -1.9204 -0.7393 -3.3815 -4.9632 -1.5767 -0.9834 -1.8516 
36.0312 25.4983 -7.8909 -4.9207 6.7744 1.9491 -2.2069 -0.7592 -4.2164 -5.7627 -1.4537 -0.9590 -2.3504 
36.9088 26.0749 -8.4854 -6.0758 5.8191 1.5837 -2.3201 -1.3006 -4.8372 -5.6291 -1.1749 -1.5086 -2.9892 
36.4807 26.4835 -7.0706 -5.2996 6.2809 2.7670 -1.2764 -1.2023 -4.7876 -5.0534 -0.6486 -1.2155 -2.4966 
36.8025 26.4924 -7.5539 -5.6039 6.0824 2.3462 -1.4975 -0.9447 -4.5400 -5.0276 -0.4954 -0.9809 -2.5983 
36.8266 26.3172 -8.0769 -6.1144 5.9586 2.3916 -1.8202 -1.6603 -5.1467 -5.2939 -0.6658 -1.2114 -2.7596 
37.6852 27.0525 -7.9497 -6.0287 6.0034 2.3624 -1.5275 -1.1698 -4.9085 -5.1396 -0.4348 -1.2010 -2.8057 
37.8982 27.3556 -7.8257 -6.1649 5.9167 2.3854 -1.5611 -1.0211 -4.4485 -4.8032 -0.4055 -1.1873 -2.7186 
37.7573 27.4387 -7.4516 -6.0767 5.6313 2.1853 -1.5760 -1.0288 -4.2967 -4.4594 -0.2986 -1.3797 -2.7432 
37.0330 26.9929 -7.2125 -6.2043 4.8918 1.6297 -1.7402 -1.3296 -4.7034 -4.5495 -0.4049 -2.0273 -3.4449 
37.3628 26.8227 -7.6739 -5.6481 5.6343 1.2853 -2.1801 -0.7413 -3.9815 -4.6406 -0.6770 -1.7486 -3.1166 
36.2931 26.8186 -6.2967 -5.5221 5.0209 1.7336 -1.6523 -1.1491 -4.1211 -4.0768 -0.4736 -1.9706 -3.0276 
36.2490 26.6103 -6.5494 -5.4592 5.2261 1.7166 -1.7260 -1.0608 -4.0908 -4.1690 -0.4330 -1.8875 -3.1693 
35.7590 25.8167 -6.9773 -5.1584 5.1720 0.7935 -2.1885 -0.5090 -3.8473 -4.8689 -1.1159 -2.0178 -3.3754 
34.6598 25.3937 -6.4285 -5.7257 3.9000 0.3951 -2.2522 -1.0673 -4.2158 -4.7728 -1.2444 -2.4622 -3.7555 
34.5242 25.6658 -5.5973 -5.0581 4.2873 0.8770 -1.6844 -0.5053 -3.4927 -3.9158 -0.5113 -1.8886 -3.1749 
32.4629 24.5611 -4.4986 -4.4869 3.9288 0.8261 -1.7728 -0.8615 -3.2149 -3.3986 -0.8976 -2.6158 -3.3079 
31.6688 23.6450 -4.6746 -4.0540 3.7351 -0.2924 -2.3627 -0.3612 -2.9288 -3.8417 -1.0498 -2.2756 -3.3639 
30.8905 23.3680 -4.0105 -3.6517 3.9032 0.1604 -2.0653 -0.3607 -2.6218 -3.2492 -0.6630 -2.0805 -3.1985 
29.9125 22.7593 -3.5103 -3.2982 3.4048 -0.4015 -1.8944 0.1504 -2.6070 -3.7827 -1.0702 -2.0337 -3.0980 
29.4783 21.8633 -4.2860 -3.1031 3.9148 -0.5345 -2.1943 0.2298 -2.6162 -4.0251 -0.9845 -1.6197 -2.9350 
28.8150 20.9950 -4.8007 -3.1323 3.9812 -0.5961 -2.0582 0.5736 -2.5956 -4.3488 -0.9787 -1.0343 -2.2802 
28.8527 20.2162 -5.4750 -1.6788 5.5723 -1.0555 -2.4933 1.7906 -1.5986 -4.3869 -0.4097 0.2420 -2.1149 
29.2073 18.5587 -8.2520 -1.3086 6.8436 -2.2396 -3.7227 2.1444 -1.7455 -5.2365 -0.8174 -0.3086 -2.7141 
27.3907 16.2067 -9.1804 -0.5337 6.9904 -3.6337 -4.7025 2.0647 -2.0852 -5.3618 -0.2456 -0.3651 -3.6449 
26.2060 15.7486 -8.9329 -1.4144 6.7787 -2.1746 -4.0771 1.5756 -1.6407 -4.5347 0.0032 0.5280 -2.2873 
25.9053 15.6411 -8.7076 -1.4471 6.5163 -2.0805 -3.6663 1.7199 -1.8760 -4.8985 -0.4839 -0.0134 -2.5008 
24.2249 14.3358 -8.7615 -1.9870 5.4362 -2.2451 -2.8550 2.3478 -1.7040 -4.5702 0.0727 0.1624 -2.7845 
22.9569 13.4437 -8.4749 -1.9023 4.8441 -2.9719 -3.5833 1.8282 -1.4283 -3.9255 0.0033 -0.3959 -3.0052 
22.0908 12.8510 -8.2594 -1.6803 5.0963 -2.2837 -2.8131 2.1598 -1.6142 -4.3753 -0.1801 -0.1296 -2.7656 
22.7276 14.1199 -6.9590 -1.2756 4.9883 -2.3014 -2.9101 2.2249 -1.0631 -3.9227 -0.0366 0.2671 -2.3794 
21.7016 13.6121 -6.2376 -0.7850 4.9531 -1.8569 -2.0800 2.5092 -1.1102 -3.6455 0.1408 -0.0349 -2.4763 
20.8392 12.3197 -7.2181 -1.1411 4.5094 -2.6715 -2.5811 2.3834 -1.2960 -3.7463 0.0937 -0.4541 -3.0194 
20.8868 13.0774 -6.2741 -1.5415 3.6500 -2.7867 -2.7904 1.6961 -1.4887 -3.2722 0.7015 0.1127 -2.7413 
21.0821 12.9481 -6.7569 -1.5276 4.1641 -2.5256 -2.9709 1.4177 -1.8527 -3.9926 -0.2546 -0.4999 -2.7149 
23.4713 13.0976 -9.8235 -1.9903 6.1743 -2.1710 -3.6469 2.1120 -0.8147 -3.7753 0.0595 0.2360 -2.1305 
32.2910 18.1909 -13.9789 -4.4483 7.4880 -2.2658 -4.8277 1.4044 -2.2124 -4.4512 1.5704 1.3125 -2.6273 
32.0147 18.7141 -13.1008 -4.8710 7.3202 -0.8467 -3.8771 0.7479 -3.0133 -4.8729 1.1291 1.4763 -1.6995 
30.8903 19.6289 -9.8778 -3.7458 6.9812 0.3198 -2.2130 1.3102 -3.1561 -6.0577 -1.1240 -0.0425 -2.0570 
31.6401 22.5188 -6.1163 -3.3929 4.9808 -0.5385 -2.2931 0.9709 -2.9917 -5.8734 -1.9179 -0.9933 -2.5668 
30.8909 22.5135 -5.0922 -3.1767 4.3224 -1.2595 -3.1193 0.6045 -2.1424 -4.8926 -2.0736 -1.6763 -2.9354 
31.0704 23.3871 -3.7046 -2.7931 3.4538 -2.0050 -3.0392 1.0329 -1.6214 -4.3693 -2.1671 -2.4634 -3.2772 
31.6502 24.2934 -2.9670 -2.5006 3.7504 -1.4978 -2.7184 1.2560 -1.1003 -3.7588 -1.8220 -2.3265 -3.1096 
31.8249 24.4043 -2.8628 -2.3151 3.5078 -2.0588 -2.8426 1.4143 -1.2620 -4.0788 -2.1341 -2.7981 -3.4080 
32.0737 24.0966 -3.7949 -2.6392 3.7569 -2.1466 -3.2358 1.2436 -1.2108 -4.0779 -2.3622 -3.1687 -3.5177 
32.4385 24.8920 -3.1201 -2.7014 3.8583 -1.3357 -2.6651 1.3809 -0.6815 -3.3547 -2.2529 -3.5588 -3.7441 
33.5540 24.8117 -5.2614 -4.4947 2.8777 -2.4987 -4.0980 -0.3364 -2.6298 -4.8486 -3.4774 -5.1077 -4.7137 
36.1270 26.2247 -6.4419 -4.6169 4.4424 -1.1192 -2.9279 0.9061 -2.2599 -4.8718 -2.2070 -2.7812 -2.9867 
37.0790 26.9428 -7.0551 -5.8582 4.2106 0.1390 -1.8682 0.2094 -3.6728 -4.9692 -1.1146 -2.1236 -3.0557 
38.3036 27.0659 -8.1579 -5.0924 5.9129 0.2070 -2.2872 0.7954 -3.5872 -5.8819 -1.0344 -0.8533 -2.5784 
37.6031 26.7301 -7.8885 -5.1577 5.8765 0.4951 -2.4543 0.2665 -3.6974 -5.8895 -1.3247 -0.9923 -2.7201 
37.3201 26.1854 -8.4798 -5.4553 5.7497 0.2860 -2.6795 0.0303 -4.0573 -6.2212 -1.4576 -1.1103 -3.0976 
36.6793 26.3354 -7.4124 -5.1066 6.1141 1.5890 -1.8202 -0.2123 -4.1655 -5.7790 -0.9928 -0.5721 -2.4225 
36.5262 25.5867 -8.2223 -4.7857 6.5834 1.0247 -2.5828 -0.5163 -4.4931 -6.0241 -0.8660 -0.6153 -2.8109 
36.2353 25.4506 -7.9993 -4.2955 7.5908 2.1649 -2.0887 -0.3733 -4.1056 -5.7140 -0.7996 -0.4910 -2.9914 
35.4771 24.9497 -7.9575 -4.9796 6.1940 1.4782 -2.0733 -0.9660 -4.9707 -5.7175 -0.7151 -1.2646 -3.7213 
35.2471 24.9868 -7.4345 -4.2324 7.2227 2.3927 -1.8540 -0.9569 -4.5548 -5.2258 -0.2851 -0.5869 -3.0616 
34.0702 24.0937 -7.4208 -4.5666 6.4258 1.9730 -2.0221 -1.4690 -5.1432 -5.4686 -0.4603 -0.9762 -3.5418 
33.5475 24.1941 -6.4073 -3.8565 6.9677 2.8370 -1.3738 -1.1414 -4.7351 -5.3386 -0.6123 -0.4318 -2.3135 
33.2234 23.8307 -6.7376 -4.4118 6.3014 2.4412 -1.5401 -1.4941 -5.2965 -5.6989 -0.7604 -0.8939 -3.2118 
32.7740 23.4127 -6.6181 -3.6740 7.3504 3.1422 -1.4826 -1.5984 -5.0609 -5.1861 -0.1949 -0.3178 -2.5126 
32.9462 23.0740 -7.6030 -4.3575 6.9515 2.3780 -2.3315 -1.8195 -4.7503 -4.9673 -0.3977 -0.9354 -3.5064 
32.8563 23.5054 -6.8194 -4.1802 7.2709 3.6700 -1.2132 -1.7836 -4.9477 -4.8518 -0.3191 -0.5641 -2.4208 
32.0138 22.5640 -7.2184 -4.3968 6.4872 2.3389 -2.1288 -1.7080 -4.3923 -4.6227 -0.6478 -1.1058 -2.8413 
30.8028 21.9801 -6.2315 -3.3861 6.9303 2.7205 -1.8179 -1.7048 -4.4651 -4.3767 0.1803 0.0576 -2.1478 
30.4349 21.4226 -6.5457 -3.4615 6.2771 1.6330 -2.0959 -1.2545 -4.5311 -5.0476 -0.3061 -0.1107 -2.2365 
29.7618 21.0888 -6.0484 -2.7752 7.0148 2.0978 -2.3047 -1.2971 -3.7256 -4.4331 -0.6125 -0.4460 -1.9553 
29.0301 20.3330 -6.3394 -3.2336 5.8244 0.9468 -2.4405 -1.0442 -4.1325 -5.1332 -0.7858 -0.3043 -2.2785 
27.0794 19.1077 -5.5016 -2.3729 6.2305 1.6846 -1.5129 -0.1043 -3.0229 -4.4141 -0.7656 -0.2667 -1.9334 
25.4183 17.8448 -5.1835 -2.0490 5.6584 0.7400 -2.2818 -0.4428 -2.7236 -3.8013 -0.4589 -0.2381 -1.8290 
24.2537 16.4623 -6.1271 -2.9563 4.5066 -0.1758 -2.3599 0.0579 -2.3332 -3.6015 -0.1406 0.1018 -1.7064 
23.3546 15.5814 -6.4139 -3.1086 4.2557 -0.4309 -2.5724 -0.0861 -2.4324 -3.7643 -0.2905 0.1005 -1.6856 
22.5265 15.0335 -5.9238 -2.4248 4.2827 -0.9090 -2.7466 0.4379 -1.7736 -3.7575 -0.9001 -0.5146 -2.1304 
22.3210 15.2840 -5.3471 -2.7015 3.5123 -1.0916 -2.6414 0.1915 -1.9641 -3.6062 -0.9151 -0.7953 -2.1652 
20.7055 13.5591 -5.9558 -2.8284 2.8795 -2.0796 -3.0902 0.1892 -2.2893 -4.0169 -0.6978 -0.3019 -2.0318 
20.9606 13.6835 -5.9448 -2.2705 3.9692 -1.0997 -2.4180 0.7893 -1.8084 -3.8310 -0.6679 -0.2583 -2.0283 
21.7603 13.7486 -6.9823 -2.5762 4.2286 -1.6282 -2.9768 1.6665 -0.2173 -2.9936 -0.3875 0.2470 -1.6097 
22.3812 13.6888 -7.7134 -2.1198 5.2669 -1.7268 -3.7112 1.5038 -0.0605 -3.0471 -0.5154 0.1870 -1.5774 
24.4345 13.9761 -9.8376 -2.1516 6.5066 -2.1229 -4.3029 1.7528 -0.9772 -4.8890 -1.1618 0.1329 -2.4114 
25.1733 13.7981 -11.1369 -2.3862 7.0906 -2.1314 -4.3955 2.3373 -0.2087 -4.3317 -0.7735 0.4786 -1.7431 
27.7381 14.8154 -12.6626 -2.3847 7.7199 -2.9869 -4.8339 2.8953 -0.5066 -4.7103 -0.0435 0.8729 -1.8011 
28.9573 14.6899 -14.1949 -1.9519 9.0730 -3.0189 -4.9990 3.4597 -0.3242 -4.5464 0.7738 1.3654 -1.6784 
29.0706 14.3319 -15.0441 -2.2139 9.5640 -2.6093 -5.0845 3.1845 -0.4489 -4.6045 0.4180 0.6349 -2.4912 
30.2191 15.3197 -14.8127 -2.1022 9.3562 -2.8826 -4.6359 3.7352 -0.4281 -4.0020 1.8641 1.3436 -2.8181 
29.5215 14.7424 -14.7362 -1.8457 9.4018 -3.1049 -5.0062 3.2915 -1.1250 -4.8367 1.6592 1.9334 -2.4021 
29.8074 14.5920 -15.4775 -2.3666 9.0564 -3.4353 -4.8937 3.6461 -1.1449 -5.0278 1.4975 1.3230 -3.3664 
30.2454 15.1103 -15.1393 -2.2614 9.0038 -3.0924 -4.0065 4.2381 -1.0375 -4.4266 2.5737 1.7503 -3.4023 
30.7280 15.3261 -15.3787 -2.2660 8.8229 -4.0884 -5.0319 4.0296 -1.0457 -4.7624 2.6538 2.5758 -2.8325 
30.9253 15.2943 -16.4458 -3.9146 8.4771 -3.0323 -4.5411 3.4648 -1.8242 -5.9783 0.8976 1.2808 -3.5337 
30.7363 15.8409 -15.6717 -4.3950 8.2412 -2.1297 -4.6796 1.8620 -2.7014 -5.8378 1.0132 1.7470 -2.6749 
31.1103 18.1916 -11.7056 -2.3749 8.4457 -1.2392 -3.4144 2.3445 -2.2182 -5.0898 0.9359 1.0122 -2.7349 
36.7674 25.1355 -8.2499 -2.9740 6.8738 -1.4316 -3.4019 1.6076 -2.8288 -5.6173 -0.2625 -0.2550 -3.2239 
36.7727 25.1267 -8.4789 -3.1854 7.5002 -0.4370 -3.7204 -0.1061 -4.3318 -6.3879 -1.0038 -0.7225 -2.4762 
37.1600 25.5755 -8.6917 -4.2296 6.6704 -0.5367 -3.7549 -0.0200 -3.5126 -5.4029 -0.5775 -0.4568 -2.2870 
36.6419 25.1242 -9.1014 -5.2200 5.7342 -0.6893 -3.9511 -0.9753 -4.3950 -5.7641 -1.2144 -1.3561 -2.5661 
36.2062 25.8622 -7.2071 -4.7087 5.0959 -0.8069 -3.5599 -0.2927 -3.3460 -5.1690 -1.2509 -0.9531 -1.5917 
35.9081 25.1912 -7.9544 -4.6648 6.1165 0.3969 -2.8434 -0.0348 -3.3390 -5.4712 -1.8775 -1.5170 -1.7168 
32.1765 22.8137 -6.7244 -4.2454 4.9218 0.0179 -2.3614 0.1174 -3.3082 -5.2255 -1.5372 -1.1473 -1.6093 
30.4589 20.9860 -7.3228 -4.1793 4.7220 -0.2686 -1.7726 1.5066 -2.1761 -4.5827 -0.9004 -0.8864 -2.4414 
27.1142 19.7124 -4.8535 -3.6180 3.3103 -0.4738 -1.8429 0.2121 -3.0877 -4.8173 -1.2397 -0.2443 -0.6513 
26.6800 18.7866 -5.3593 -2.5106 4.7613 -0.3501 -2.1012 0.8901 -2.2578 -4.7470 -1.3289 0.0190 -0.5507 
24.5784 17.1868 -5.4562 -3.4670 2.8709 -1.3809 -2.2897 0.4746 -2.6203 -4.4854 -1.0961 -0.5927 -1.7648 
23.8504 17.0520 -4.2524 -2.1517 3.6039 -0.8471 -1.8429 0.4487 -3.1541 -5.1783 -1.7262 -1.0812 -1.9749 
23.8683 16.8012 -4.7707 -2.3152 3.9075 -0.6227 -1.7384 1.1699 -1.5951 -3.6757 -1.0490 -0.9063 -1.7099 
37.0885 23.0977 -13.2845 -7.3564 3.8385 -3.7642 -3.7923 2.9081 -1.6832 -4.4826 1.3016 0.7187 -2.6902 
36.7714 22.6030 -13.3311 -6.4883 4.6522 -3.9623 -4.2303 3.0661 -1.7030 -5.3763 0.4688 0.9347 -1.9782 
35.6257 19.7604 -15.6370 -4.5415 7.8928 -3.9733 -5.6133 3.3871 -0.8550 -5.3492 0.3342 0.6588 -2.7805 
36.0294 19.3349 -16.7647 -4.5870 8.2962 -3.9254 -4.6693 5.2184 0.1175 -5.1877 0.8857 1.3634 -2.3781 
35.4880 18.5675 -17.1377 -4.1577 9.0316 -3.5184 -4.5476 5.0934 -0.4058 -5.7061 0.9297 1.6586 -2.5808 
33.8711 16.9442 -17.9809 -5.2198 7.7515 -4.3834 -5.1358 4.5717 -0.5536 -5.6503 0.5979 1.0850 -2.8530 
33.1033 16.8005 -16.6162 -3.5580 8.7585 -3.8668 -4.7770 4.7770 -0.4614 -5.4696 0.9234 1.3475 -2.7460 
32.3067 15.8857 -16.8776 -3.0750 9.3611 -3.8839 -5.4158 4.2168 -0.4153 -5.1922 0.7463 0.9510 -2.6161 
32.0229 15.6668 -16.7442 -2.7589 9.6062 -3.7115 -5.1006 4.6698 -0.0971 -4.9930 1.0205 0.9094 -3.4540 
31.6407 15.3560 -16.7296 -2.5705 10.0916 -3.0234 -4.7219 4.7607 0.3427 -4.1351 1.6467 1.0382 -3.3904 
31.1020 14.9915 -16.8188 -3.1502 9.2099 -3.7768 -5.6281 3.6202 -0.7334 -5.1567 0.9178 1.1379 -2.9579 
31.0991 15.6271 -15.3966 -1.8018 10.3820 -2.6492 -4.8633 4.2537 0.2093 -4.4201 1.0310 1.2593 -2.4767 
30.2248 15.1461 -15.1904 -2.0954 10.0301 -2.3099 -4.6022 3.9299 -0.1124 -4.5803 0.8531 1.2967 -2.3319 
29.0085 14.1853 -15.4860 -3.1721 8.2466 -3.7660 -5.5103 3.5327 -0.0741 -4.7294 0.3101 0.9209 -2.4929 
27.7214 14.7071 -12.6973 -2.1259 8.0573 -2.5939 -4.2401 3.2369 -0.8228 -5.2179 -0.2617 0.7423 -2.1347 
25.8669 14.4338 -10.7077 -2.2361 5.8683 -3.7837 -4.4077 2.9557 -0.5932 -4.3823 0.1908 0.8129 -1.8759 
24.9310 14.0635 -9.6995 -0.8553 7.2096 -2.7819 -4.0873 3.2370 -0.0482 -4.4108 -0.3229 0.5798 -2.4641 
22.1517 12.0166 -9.9123 -2.2088 5.4196 -3.2310 -4.4913 2.2854 -0.1000 -3.9891 -0.7758 0.0410 -2.2529 
22.5107 13.1035 -8.5169 -1.7462 5.4048 -2.6617 -3.6973 2.7090 0.2021 -3.5026 0.0718 1.3181 -1.0774 
22.2647 13.4386 -7.6821 -1.6399 5.3404 -1.9790 -3.1830 2.2986 -0.3143 -3.7121 -0.3700 0.7494 -1.2546 
21.9675 13.8133 -6.7857 -1.9438 4.1332 -2.8009 -3.9309 1.1156 -1.2510 -4.1377 -0.9025 -0.0036 -1.8967 
21.1029 13.2728 -6.4932 -1.7712 4.2782 -2.0343 -2.9624 1.7363 -0.4969 -2.9455 0.0450 0.2789 -1.7579 
20.8907 13.2817 -6.0631 -1.3911 4.5290 -1.5207 -2.3916 1.5897 -1.3334 -3.5900 -0.1220 0.1635 -1.8061 
20.6895 13.2884 -5.8270 -1.6862 3.4991 -2.6890 -3.2073 1.2769 -1.0416 -2.8933 0.4712 0.4787 -1.6033 
20.4417 13.2553 -5.6512 -1.6522 4.0057 -1.5532 -2.4587 1.2313 -1.3826 -3.3621 -0.0983 0.0158 -2.1384 
19.4560 12.5248 -5.2564 -1.1471 3.5202 -2.7592 -3.3855 0.9012 -1.3322 -3.0192 0.2134 -0.2386 -2.8023 
20.0697 13.0167 -5.4617 -1.6691 3.2556 -2.5019 -2.7829 1.4858 -0.9768 -2.9728 0.0045 -0.2679 -2.2454 
19.8071 12.1965 -6.3107 -1.4490 3.9799 -2.0197 -2.1899 1.9742 -1.0832 -2.9136 0.7926 0.5351 -1.7607 
21.6033 12.4714 -7.9592 -1.0105 5.4686 -2.3201 -2.8838 2.2670 -1.0813 -3.1738 1.2178 0.8547 -1.9031 
27.1130 13.8292 -13.6227 -3.2391 6.9376 -2.9718 -4.1428 2.4085 -2.0892 -4.8155 1.3250 1.1211 -2.7974 
33.5977 19.0252 -14.2266 -4.5415 7.0236 -3.3266 -5.1511 1.5535 -3.0977 -5.9628 0.4489 0.3151 -3.3698 
33.0851 19.4762 -13.1218 -4.5569 7.6395 -1.3794 -4.7146 0.4970 -2.7658 -4.7866 0.5911 0.6982 -1.8242 
29.9920 17.4509 -12.6226 -4.9988 6.9076 -0.2142 -2.8182 1.9036 -1.5115 -4.2268 0.3956 0.9862 -1.4048 
30.6558 19.8688 -9.0763 -3.3453 6.9145 -0.0062 -2.9258 1.0003 -2.1092 -4.5737 -0.6928 -0.5053 -2.6361 
30.6877 21.2905 -7.0456 -3.8221 4.8855 -1.2345 -3.7808 0.2179 -2.2483 -5.1314 -2.2213 -1.4366 -2.5539 
30.8383 22.5793 -4.9964 -3.4162 3.8457 -1.7283 -3.5900 0.3553 -1.8378 -4.4115 -2.0049 -1.6826 -2.2878 
30.5916 23.5027 -2.8570 -2.4500 3.5503 -1.8238 -3.5501 0.2287 -1.4284 -3.6617 -2.0783 -2.4522 -2.4678 
31.8392 24.4802 -2.6748 -2.2343 3.1722 -2.5819 -3.0581 1.4996 -1.1126 -3.8729 -1.9348 -2.6145 -2.9354 
32.7396 25.2454 -3.0998 -3.3419 2.6395 -2.5544 -3.5811 0.4698 -1.7243 -4.1757 -2.5406 -3.2336 -2.9998 
33.3395 25.2940 -3.8947 -3.6005 3.0547 -2.1612 -3.1779 0.9373 -1.5593 -4.2870 -2.6577 -3.2644 -2.7155 
34.3156 25.5773 -5.5340 -5.1853 3.7426 -0.5620 -3.5235 -0.7937 -2.2114 -3.8970 -2.5743 -3.3237 -2.5142 
32.6053 23.5082 -6.3033 -4.5809 4.1736 -0.7419 -2.8414 0.6639 -1.8994 -4.6590 -2.5332 -2.3442 -1.8311 
34.7015 24.8349 -7.9199 -6.6681 4.6355 1.2048 -2.9462 -1.8203 -3.8599 -4.8155 -2.1250 -2.3195 -2.2498 
31.9736 22.9281 -7.0034 -5.5615 4.6337 1.0026 -2.4211 -0.2402 -2.0125 -4.2661 -2.6847 -2.2719 -1.5689 
33.2581 23.1786 -8.7118 -6.8063 4.4911 0.8331 -3.0081 -1.3746 -3.7716 -5.5367 -2.5271 -1.7018 -2.0494 
33.2356 23.5851 -7.7171 -5.8418 5.3202 1.8594 -2.0922 -1.1634 -3.9981 -5.4553 -2.1028 -1.3459 -1.5800 
31.0281 20.6880 -9.4279 -5.6337 6.3587 2.1774 -2.2980 -0.9016 -3.3493 -4.9046 -1.4562 -0.6377 -1.6552 
31.1594 22.4982 -5.9273 -3.7423 5.8047 1.4639 -1.9513 -0.3886 -3.6821 -6.0471 -2.4390 -0.7206 -1.3680 
29.9845 21.3842 -5.7342 -2.8406 5.9277 0.8703 -1.8722 0.5094 -2.6459 -4.7157 -0.9557 -0.0860 -1.5761 
30.3490 21.0882 -7.0943 -3.5651 6.6546 1.4205 -2.6427 -0.4421 -3.2490 -5.9173 -2.1457 0.0961 -1.2618 
28.9768 20.2954 -6.2122 -2.8064 6.3257 1.1481 -2.0043 0.3834 -2.7772 -5.3057 -1.2603 0.6889 -1.1002 
29.7462 20.8450 -6.2894 -2.5401 7.0248 1.2298 -2.9351 -0.7232 -3.3374 -5.4644 -1.3143 0.8085 -0.7648 
27.9023 18.9191 -6.9659 -2.8542 6.0418 0.0102 -3.2718 -0.2470 -2.9913 -5.5596 -1.6113 0.4103 -1.1511 
27.5820 18.9117 -6.5381 -2.8140 5.6825 -0.1164 -3.0308 0.0655 -2.6979 -4.9826 -0.5746 1.2740 -1.0710 
26.4742 17.9116 -6.6535 -2.6810 5.7870 0.2229 -2.3976 0.8831 -1.6707 -3.9157 0.0318 1.2507 -1.1718 
25.0521 16.7936 -6.5735 -2.6012 5.6542 0.3811 -2.3143 0.5664 -1.8358 -3.8765 -0.4013 0.4389 -1.7459 
23.1264 15.2681 -6.3544 -2.4409 4.8335 -0.4343 -2.5458 0.3285 -2.2153 -3.9357 -0.3343 0.1938 -1.9442 
22.0451 14.8634 -5.5139 -2.4405 3.6573 -1.1409 -2.2222 0.8647 -1.9040 -3.8927 -0.7324 -0.3423 -1.9227 
21.5247 14.4478 -5.6529 -2.9368 2.8720 -1.6155 -2.2395 1.1083 -1.5049 -3.5083 -0.6070 -0.4820 -2.0846 
20.1123 13.2734 -5.4710 -2.2825 3.2904 -1.5608 -2.5083 0.8970 -1.2591 -3.0214 -0.1804 -0.0184 -1.6928 
19.8465 12.9171 -5.8209 -2.6417 3.0349 -1.5508 -2.2376 1.1446 -1.3507 -3.3600 -0.4224 -0.1809 -2.0320 
20.0780 13.4203 -4.9865 -1.8184 3.3670 -1.6052 -2.3137 0.9670 -1.7130 -3.6362 -0.6561 -0.6610 -2.4748 
19.6340 13.0110 -5.0253 -1.7975 3.2200 -1.6595 -2.0396 1.3680 -1.3785 -3.2695 -0.0750 0.2700 -1.4116 
18.8890 12.5186 -4.9205 -1.8925 3.0017 -1.8842 -2.7952 0.3536 -1.7158 -2.9996 0.0354 0.0003 -1.7442 
19.9732 13.4842 -4.7461 -1.7147 3.5665 -1.0527 -1.7440 1.2737 -1.5743 -3.6071 -0.5160 -0.0409 -1.7222 
19.5367 13.1187 -4.7192 -1.7407 2.9642 -2.1982 -2.6805 1.2929 -0.8094 -2.9718 -0.3926 -0.1316 -1.7609 
19.0136 12.6409 -4.7636 -1.8077 2.5121 -2.5820 -2.5199 1.5333 -1.0236 -3.3203 -0.5959 -0.5081 -2.2478 
18.6151 12.3928 -4.6272 -1.7520 2.4512 -2.5689 -2.6574 1.1751 -1.0688 -2.8027 -0.0122 -0.2665 -2.2617 
18.7973 12.4572 -4.6777 -1.3027 3.4624 -1.8814 -2.8350 0.8442 -0.7691 -2.2306 0.1628 -0.3577 -2.1266 
18.2807 12.0147 -4.6476 -1.2451 3.2467 -1.9306 -2.3819 1.2148 -1.0207 -2.6311 0.2327 0.0526 -1.8310 
18.3668 12.2425 -4.6825 -2.0324 2.3210 -2.3322 -2.6996 0.5985 -1.4714 -2.5836 0.5370 0.3020 -1.7619 
18.3908 12.1183 -4.9536 -2.0377 2.8439 -1.4251 -1.7411 1.3817 -0.9950 -2.6982 -0.2741 -0.5335 -1.8871 
18.3908 12.1562 -4.7606 -1.5602 3.3086 -1.6137 -2.3657 1.1754 -1.0211 -3.2206 -0.7542 -0.5742 -2.2561 
17.8926 11.4824 -5.2652 -1.8448 3.1149 -1.7275 -2.4074 1.1598 -0.7412 -2.6281 -0.5413 -0.8568 -2.2545 
17.8326 11.9237 -4.4353 -1.6151 3.0896 -1.2638 -1.9967 1.0178 -0.7292 -1.9023 0.4749 -0.0698 -1.7530 
18.1341 12.0333 -4.5824 -1.5186 3.1624 -1.4925 -2.0194 1.3186 -0.7693 -2.3552 0.2712 0.0800 -1.7490 
17.7541 11.6826 -4.5814 -1.3484 3.3053 -1.3986 -2.1701 0.5673 -1.9601 -3.3853 -0.4502 -0.5387 -2.1057 
18.1172 12.1576 -4.1398 -0.9324 3.5379 -1.3556 -1.8755 1.4396 -0.8768 -2.6017 0.0428 -0.2018 -2.0482 
18.3217 12.0881 -4.8354 -1.8098 2.9882 -1.5746 -2.0843 1.1553 -1.0333 -2.6278 -0.0941 -0.4652 -2.2439 
17.0729 11.0190 -5.0193 -1.9380 2.9027 -1.5395 -2.3378 1.0674 -0.2536 -1.7025 0.1826 -0.1579 -1.2806 
17.3428 11.4341 -4.7045 -2.0783 2.3509 -1.7980 -1.9181 1.5070 -0.3517 -1.7172 0.8799 0.6129 -1.3024 
17.2871 11.4592 -4.1703 -1.1369 2.5923 -2.6476 -2.9186 0.7752 -1.2245 -2.5810 0.3548 0.0197 -2.2044 
16.9951 11.4207 -3.8442 -0.9037 3.0341 -1.8817 -2.4671 0.8394 -1.1474 -2.7427 -0.1447 -0.1333 -1.8891 
17.6573 11.5193 -5.0335 -2.2268 2.4501 -1.8737 -2.2781 1.0171 -0.9829 -2.6731 -0.4367 -0.6075 -1.7723 
17.5526 11.9033 -4.2216 -1.9988 2.3692 -1.3841 -1.5261 1.4181 -0.6090 -1.8790 0.5949 0.2392 -1.4815 
18.1554 12.3274 -4.2049 -1.5744 3.0643 -1.3034 -2.0584 0.9063 -1.0817 -2.5205 0.0114 -0.2343 -2.0016 
17.7896 11.9474 -4.3832 -1.7286 2.8856 -1.3816 -2.0279 0.9564 -0.9139 -2.0290 0.7787 0.5139 -1.5292 
16.8185 11.1491 -4.3586 -1.6065 2.8623 -1.3039 -1.9066 0.9641 -1.0508 -2.3836 0.3958 0.4984 -1.2547 
16.8684 11.1030 -4.5471 -1.7361 2.8865 -1.1723 -1.7151 1.1603 -0.9269 -2.4450 0.0506 0.0727 -1.3453 
17.4932 11.7985 -4.3954 -2.1027 2.4724 -1.4584 -2.0463 0.9096 -0.9474 -2.4575 0.0363 0.2560 -1.3209 
16.3989 10.7272 -4.5872 -1.8356 2.6836 -1.3846 -1.8599 1.3281 -0.5456 -2.2113 0.3903 0.7270 -1.1619 
15.6926 10.2028 -4.3847 -1.5567 2.5095 -2.0267 -2.7145 0.6194 -0.9458 -2.5046 -0.1068 -0.1517 -2.1751 
15.6305 9.8687 -4.9441 -1.8967 2.5802 -1.4719 -2.0259 0.6347 -1.4411 -2.5370 0.2023 0.0132 -1.3964 
16.2278 10.4990 -4.6750 -1.8000 2.5592 -1.6341 -1.9713 1.2841 -0.5355 -2.0048 0.3646 0.1843 -1.2583 
16.1560 10.7362 -3.9951 -1.1284 3.1223 -1.0706 -1.5680 1.2966 -1.0481 -2.9213 -0.3948 -0.1731 -1.8714 
15.7803 10.6852 -3.5913 -0.9815 3.2970 -0.5458 -1.3925 0.9436 -1.1185 -2.5932 -0.2090 0.0071 -1.3663 
15.9129 10.3466 -4.5890 -1.6674 3.3106 -0.4356 -1.4711 0.9776 -1.0168 -2.7248 -0.4667 -0.2231 -1.7272 
16.3767 10.6723 -4.7779 -2.2349 2.2255 -1.8117 -2.4854 0.4362 -1.2636 -2.5194 0.0057 -0.1006 -1.8979 
18.0197 10.5123 -7.0513 -2.0640 3.8114 -2.1805 -3.1238 1.5325 -0.5077 -3.1482 -0.4263 -0.2016 -2.3136 
16.8566 10.1645 -6.5115 -3.1769 2.0486 -2.3275 -2.7500 0.9207 -1.0703 -2.9866 -0.3160 -0.0692 -1.7087 
16.3943 10.3808 -5.1316 -1.6414 3.6527 -0.6811 -1.9868 0.9129 -0.6684 -2.3447 -0.2698 -0.0889 -1.3680 
15.3019 9.2490 -5.7674 -2.3091 3.0391 -0.9668 -2.1426 0.8298 -0.5234 -2.1613 -0.2435 -0.1543 -1.6172 
17.1833 10.9174 -5.1623 -1.5697 3.2176 -1.8857 -2.7002 1.0155 -0.8474 -2.9151 -0.5852 -0.2457 -1.2222 
16.6948 11.0603 -4.4917 -2.0483 2.3668 -1.4928 -2.0845 0.2895 -2.0826 -3.2248 -0.1048 0.1004 -1.6096 
15.0132 9.6421 -4.5377 -1.9399 2.2161 -1.4691 -1.8798 0.5875 -1.6387 -2.9901 -0.3521 -0.3210 -2.0755 
15.8960 10.5770 -4.0221 -1.4120 2.7685 -1.2922 -2.0119 0.7805 -0.7770 -1.9459 0.1634 -0.3255 -2.0791 
15.6552 10.5327 -3.8791 -1.6645 2.4366 -1.0705 -1.5767 0.7101 -1.4086 -2.7332 -0.3453 -0.2869 -1.6524 
15.1558 9.7822 -4.5822 -2.2526 1.5878 -2.4097 -2.8580 0.0573 -1.6842 -3.1361 -0.8681 -0.6176 -1.6249 
15.8757 10.6496 -3.8413 -1.3238 2.7292 -1.2104 -1.6196 1.1353 -1.1226 -2.9357 -0.5932 -0.4442 -1.9093 
15.1850 9.7579 -4.5552 -1.9253 2.2046 -1.5629 -1.8561 0.9921 -0.7838 -2.0760 0.0447 -0.2123 -1.4214 
14.5067 9.3274 -4.2865 -1.6707 2.2911 -1.3429 -1.5601 1.0634 -1.1434 -2.6342 -0.0176 0.2497 -1.3909 
15.2462 9.9523 -4.3530 -1.8694 2.3998 -1.1884 -1.6997 0.8968 -0.8633 -2.0483 0.2053 -0.2098 -2.1149 
14.7726 9.4931 -4.4492 -2.0693 1.6762 -1.8221 -1.5076 1.3672 -0.9550 -2.4130 0.2373 0.2705 -1.4798 
15.0178 9.6864 -4.4128 -1.8454 2.0924 -1.7045 -1.8166 1.1519 -0.8956 -2.5706 -0.2210 0.1792 -0.9256 
14.7752 9.2820 -4.6412 -1.5058 2.6786 -1.6649 -2.6414 -0.0098 -1.3952 -1.9608 0.6525 0.1590 -1.8052 
15.6953 10.6502 -3.6448 -1.3301 2.7714 -0.9154 -1.5918 0.6829 -1.5124 -2.9487 -0.4254 -0.2369 -1.6890 
15.2867 10.1526 -4.0041 -1.7427 2.1055 -1.6915 -2.2817 0.0963 -1.7490 -2.5352 0.3042 0.2439 -1.5221 
15.4872 10.0207 -4.5756 -1.9530 2.4587 -1.2224 -1.8990 0.4142 -1.6079 -2.6959 -0.1233 -0.1516 -1.4920 
15.1085 9.9430 -3.9541 -1.2631 2.7644 -1.1055 -1.4768 1.4239 -0.3525 -1.8717 0.0335 -0.4590 -2.0838 
15.2764 9.7793 -4.5827 -1.7063 2.5764 -1.4526 -2.0501 0.7063 -1.2270 -2.6239 -0.1761 -0.1210 -1.5219 
15.4355 10.1982 -4.2818 -2.1583 1.8498 -1.6231 -1.7487 1.0133 -1.1379 -2.8445 -0.5635 -0.5061 -2.0293 
15.1088 10.0763 -3.8341 -1.5239 2.3314 -1.4412 -2.1057 0.1645 -1.8243 -2.9212 -0.2865 -0.0503 -1.3521 
14.3171 9.2524 -4.0359 -1.4938 1.9568 -1.9951 -2.1343 0.5953 -1.4043 -2.4931 0.1783 0.1233 -1.4942 
14.9613 9.5665 -4.7964 -2.5220 1.5283 -2.1745 -2.7026 -0.0473 -1.8036 -3.1195 -0.7505 -0.4504 -1.6321 
15.3122 10.0148 -4.0441 -1.1712 2.7903 -1.5043 -2.1698 0.5602 -1.3544 -2.5974 -0.0231 -0.1207 -1.9578 
15.7740 10.8496 -3.1017 -0.6499 2.8300 -1.3900 -1.7146 0.9943 -1.2282 -2.6475 -0.1644 -0.3964 -2.0678 
15.2810 10.4591 -3.5345 -1.7131 2.0201 -1.4652 -2.0449 0.2946 -1.4163 -2.5300 -0.1883 -0.0008 -1.3018 
