15.8685 10.4290 -4.0798 -1.1891 2.7933 -1.5433 -2.0279 0.8504 -1.0657 -2.3445 -0.0058 -0.2077 -1.5533 
15.6970 9.4633 -5.7885 -2.3657 2.1659 -2.3686 -2.7093 0.7492 -1.2368 -3.0578 -0.9371 -1.2359 -2.6397 
15.6795 10.2022 -4.1765 -1.1595 2.7607 -1.6754 -1.8975 1.3563 -0.7210 -2.4231 -0.1365 -0.3966 -2.1183 
15.5827 10.0910 -4.6041 -2.0491 2.2027 -1.6598 -2.1895 0.4681 -1.6577 -3.2498 -0.8268 -0.6167 -1.9128 
15.3535 9.6968 -4.7226 -1.7180 2.1474 -2.3300 -2.6496 0.3905 -1.6674 -3.0484 -0.6438 -0.9006 -2.1560 
14.8391 9.4325 -4.6551 -2.0339 2.0209 -1.7406 -2.2022 0.2347 -1.7364 -2.7703 -0.3819 -0.7392 -2.1330 
15.1920 10.2396 -3.7866 -1.8810 1.8889 -1.2708 -1.3908 0.7317 -1.4863 -2.5422 -0.2696 -0.7673 -2.2386 
14.6984 9.4542 -4.3318 -1.8003 1.9513 -1.8898 -2.2013 0.4621 -1.2138 -2.1079 0.0467 -0.5834 -1.9961 
15.2640 10.0237 -4.4567 -2.5440 1.3933 -1.9023 -2.1564 0.2280 -1.6142 -2.4457 0.1430 0.0430 -1.3737 
15.1870 9.4720 -5.3042 -2.8253 1.2892 -2.5896 -2.8640 0.1594 -1.5790 -2.7936 -0.3093 -0.4947 -2.2434 
16.1130 10.6851 -4.0354 -1.2589 2.7672 -1.5702 -1.9426 1.2781 -0.6395 -2.3715 -0.2542 -0.4592 -1.8201 
15.9914 10.3955 -4.3098 -1.2575 2.9213 -1.2787 -1.5966 1.1898 -0.9740 -2.1217 0.3865 -0.2074 -1.8456 
16.2257 10.4263 -4.7794 -1.7190 2.9446 -1.0717 -1.6622 1.0292 -0.9924 -2.2043 0.1860 -0.3193 -1.9581 
16.7704 11.3521 -3.8277 -1.2918 2.7856 -1.3042 -1.6447 1.2045 -0.7945 -2.0584 0.1716 -0.4647 -1.9691 
21.1161 14.0235 -6.1836 -3.9942 1.6245 -2.9357 -3.8910 -0.1586 -1.3645 -2.2513 0.7880 0.5186 -1.5318 
17.3415 10.8617 -5.8136 -2.5141 2.7698 -1.4901 -2.2224 0.7715 -1.2924 -2.6222 0.1485 -0.0131 -1.6265 
16.3011 10.3583 -5.1294 -2.1704 2.4297 -1.7061 -2.0547 1.3755 -0.1076 -1.4393 0.6257 0.0018 -1.6874 
16.4039 10.6341 -4.5507 -1.4164 3.0738 -1.1666 -1.5039 1.7387 -0.1143 -1.6366 0.4708 0.0006 -1.4794 
15.5844 10.3987 -3.6784 -0.9020 2.9660 -1.1334 -1.3612 1.5911 -0.4588 -2.0088 0.1232 -0.2704 -1.7927 
15.4855 10.3494 -3.6763 -1.0393 2.6749 -1.6903 -2.4285 0.2954 -1.3455 -2.4432 -0.1332 -0.1159 -1.0595 
16.3612 10.8125 -4.0881 -1.0775 3.0606 -1.6220 -2.4636 0.5634 -1.0920 -2.3547 0.0046 -0.1046 -1.4429 
15.1693 10.0193 -3.9307 -1.3953 2.4082 -1.5755 -1.9136 0.9736 -0.8658 -2.1834 0.2759 0.2463 -1.4415 
15.6398 10.1622 -4.3146 -1.4661 2.4280 -2.1079 -2.4708 1.1001 -0.5127 -2.3441 -0.4037 -0.5334 -1.9121 
14.7280 9.7511 -3.8375 -1.7233 1.4589 -2.5329 -2.5575 0.5401 -0.9851 -2.0830 0.0119 -0.4109 -1.7868 
14.8430 9.5164 -4.4541 -1.8189 2.1243 -1.8399 -2.3991 0.2043 -1.5707 -2.5455 0.0250 -0.0811 -1.5650 
14.6274 9.5293 -3.7324 -0.6843 2.9498 -1.5058 -2.1159 0.6261 -1.1642 -2.1591 0.3611 0.0333 -1.5889 
15.4192 10.0600 -4.0395 -0.9714 2.9764 -1.6227 -2.1874 1.0787 -0.7953 -2.5601 -0.1365 0.1586 -1.2734 
15.6631 10.1593 -4.3114 -1.5038 2.2756 -1.9900 -2.0821 0.8197 -1.6311 -3.2237 -0.7268 -0.8269 -2.0602 
15.0527 9.9328 -3.9951 -1.5831 2.3695 -1.1183 -1.2688 1.2511 -0.8950 -2.2001 0.1405 -0.1718 -1.8767 
15.1829 10.1635 -3.6442 -1.2077 2.3773 -1.7462 -2.0974 0.8503 -1.0385 -2.6116 -0.3510 -0.2719 -1.7353 
15.1337 9.4753 -4.7583 -1.4800 2.7912 -1.4065 -1.8459 0.7295 -1.9385 -3.6917 -1.0364 -0.7972 -2.0441 
14.7630 9.4838 -4.5324 -2.1198 1.9674 -1.4572 -1.6245 1.0213 -0.9903 -2.4172 -0.2482 -0.4720 -1.9114 
15.2818 9.9359 -4.0286 -1.0392 2.7166 -1.6459 -1.9376 0.9582 -1.1147 -2.3723 0.0468 -0.4178 -2.0510 
15.3282 9.9610 -4.3060 -1.6701 2.2542 -1.7873 -2.2191 0.4988 -1.4724 -2.7917 -0.4359 -0.4465 -1.6118 
32.4158 17.6860 -14.8644 -5.1984 5.6849 -3.7044 -2.9790 4.6046 -1.0284 -4.2544 1.7758 0.1271 -4.0131 
40.1145 23.4530 -15.9692 -6.2074 6.4977 -3.7372 -3.0030 5.6080 -0.7995 -5.0486 1.2399 -0.3723 -4.6681 
32.5814 19.8861 -10.8442 -2.7665 6.7019 -2.5140 -2.1255 5.3167 0.1991 -3.7248 1.4142 0.4195 -3.6241 
29.9140 17.3709 -11.1739 -2.1894 7.1834 -1.9197 -1.5122 5.4601 0.2106 -3.4495 1.3745 -0.1197 -3.8520 
26.8387 15.0760 -11.2830 -3.2571 5.5640 -2.2437 -1.5041 5.0174 0.1883 -3.1781 1.5478 0.4698 -3.3481 
24.5018 13.6178 -10.6987 -3.5422 4.3388 -2.8880 -1.9450 4.4597 0.1255 -3.2312 0.9151 -0.0417 -3.3817 
22.1523 12.3701 -9.1499 -2.4406 3.7087 -3.6115 -2.1465 4.0191 -0.4907 -3.6221 0.4876 -0.4753 -3.3761 
19.5507 11.0933 -7.9382 -2.5195 2.7509 -3.4370 -2.1187 3.1049 -1.1481 -4.3893 -1.1083 -1.7472 -3.8805 
18.3319 11.5780 -5.5802 -2.1805 2.0508 -2.5373 -0.9341 3.5331 -0.1874 -3.2354 -0.6182 -0.6799 -2.0118 
17.6062 11.0669 -5.8064 -2.6566 2.4253 -1.4077 -1.1426 1.9916 -0.9989 -3.1215 -0.7289 -1.0611 -2.3888 
19.7998 11.1661 -7.7978 -1.6654 3.6348 -3.0428 -1.6399 3.5054 -1.4270 -4.4595 -0.0358 -0.3811 -2.8796 
22.5508 12.5765 -9.7969 -3.4334 3.5112 -3.1261 -2.0499 3.5890 -1.0350 -4.1661 0.3753 0.0149 -2.9649 
21.9656 12.9824 -8.4767 -3.1035 3.9362 -1.9810 -2.2321 2.3887 -0.8076 -3.1248 0.4541 -0.0059 -2.2849 
23.2267 13.8536 -8.9072 -3.6392 3.6492 -2.6097 -3.1087 1.7299 -1.3749 -3.6483 0.3692 0.1678 -2.5888 
17.8131 11.2436 -5.2243 -1.2956 3.0581 -2.6345 -2.8572 1.1754 -1.3091 -3.0409 0.3640 0.3988 -1.7526 
16.5109 10.3076 -5.1708 -1.5116 2.9071 -2.0348 -2.2998 1.3317 -0.8656 -2.6353 -0.0842 -0.3605 -2.1038 
15.9831 10.3745 -4.1559 -0.8875 2.9998 -1.5869 -1.6123 1.5002 -1.1666 -2.7738 0.2294 0.1323 -1.8467 
15.6549 9.9493 -4.5508 -1.2789 2.6511 -2.0182 -2.2599 0.9885 -1.0993 -2.4292 0.2271 -0.1327 -1.8633 
14.9649 9.2819 -4.8747 -1.7322 2.0496 -2.4973 -2.5108 0.9796 -1.1226 -2.8017 -0.1927 -0.1640 -1.8950 
15.0855 10.3038 -3.0999 -0.7023 2.7207 -1.0990 -1.1663 1.3120 -1.1944 -2.6816 -0.0333 0.2219 -1.0805 
14.2891 8.5337 -5.3374 -1.7616 3.0325 -0.8646 -1.4437 1.5536 -0.0562 -1.5828 0.2101 -0.2444 -1.6344 
20.7162 11.4895 -9.6717 -3.1040 6.5311 0.4910 -3.7917 -0.7615 -1.0044 -1.7096 0.5262 -0.1677 -1.5657 
18.6282 10.8815 -7.7302 -2.5412 5.4442 -0.0108 -3.7667 -0.5562 -0.0857 -1.3480 -0.9119 -1.6548 -1.5319 
16.3821 10.6309 -4.6674 -1.4406 3.5963 -1.0344 -2.9477 -0.1656 -0.9514 -2.1575 -0.6864 -0.9548 -1.5199 
16.5193 11.1484 -3.8386 -1.0991 3.3068 -0.9625 -1.9856 0.8367 -0.6252 -1.9317 0.0637 -0.1977 -1.5069 
15.2730 9.6572 -4.7502 -1.7447 2.5055 -1.5646 -2.0351 0.7326 -1.2184 -2.5569 -0.3994 -0.6611 -1.6517 
14.5292 9.6576 -3.7845 -1.7090 1.8839 -1.4835 -1.7795 0.2572 -1.8428 -2.6316 -0.0781 -0.3905 -1.8482 
15.4941 9.4351 -5.6876 -2.3647 2.7165 -1.4251 -2.8053 -0.5037 -2.0060 -2.5277 0.0322 -0.8534 -2.9253 
15.1976 9.7235 -4.5190 -1.6189 2.5366 -1.5357 -1.9383 1.1141 -0.5868 -2.0045 0.0336 -0.3717 -1.8667 
15.2562 10.2445 -3.7253 -1.4946 2.2363 -1.5828 -2.2155 0.1999 -1.3061 -2.0809 -0.2019 -1.1298 -2.3841 
17.2469 10.7254 -5.8803 -2.2637 3.3307 -1.4047 -3.2803 -0.6677 -1.7881 -2.1869 0.3878 -0.4367 -1.9910 
14.5948 9.4175 -4.2567 -1.7048 2.0993 -1.7975 -2.1369 0.7222 -1.1555 -2.8055 -0.9197 -1.1611 -2.3633 
15.0259 9.6828 -4.2622 -1.3578 2.7503 -1.1165 -1.5751 0.7830 -1.4395 -2.5947 -0.1039 -0.1928 -1.1822 
15.3563 9.9603 -4.3464 -1.6933 2.3124 -1.5066 -1.7226 0.9991 -0.8970 -1.9338 0.3486 -0.1113 -1.3031 
15.1948 9.9331 -4.1171 -1.6163 1.8380 -2.5057 -2.6153 0.7283 -1.1006 -2.7622 -0.5668 -0.5197 -1.8038 
14.9666 9.4674 -4.7245 -1.9485 2.1057 -1.7797 -1.8729 1.0490 -1.3200 -3.0059 -0.0846 0.6829 -0.5918 
15.2767 9.9068 -4.1581 -1.1991 2.6345 -1.9886 -2.7823 0.1209 -1.5828 -2.7453 -0.1131 0.0981 -1.1701 
15.1380 9.9739 -3.7516 -0.8861 2.7775 -1.5599 -1.8620 1.1469 -0.8742 -2.3949 0.0214 0.1851 -0.8940 
15.3981 9.8661 -4.6241 -1.7382 2.6278 -1.4772 -2.2932 0.4527 -1.2263 -2.5750 -0.3360 -0.0702 -0.7833 
15.0040 9.7127 -4.2401 -1.8605 1.2088 -3.2139 -2.9684 0.4788 -1.5945 -3.2702 -0.9031 -0.8181 -1.9647 
14.8546 9.3329 -4.8471 -2.0002 2.2079 -1.8808 -2.5088 0.5926 -0.6548 -1.7984 0.2043 -0.1788 -1.6569 
15.4900 9.9774 -4.4191 -1.4051 2.7921 -1.4754 -1.9656 1.2461 -0.3214 -1.8020 0.0759 -0.4449 -1.9089 
16.3665 10.3357 -4.8916 -1.1406 3.5722 -1.4080 -2.4148 0.9228 -0.6020 -1.9444 0.2419 -0.4199 -2.2338 
15.4019 9.7592 -4.6375 -1.3571 3.0063 -1.3347 -1.9275 1.0685 -0.8650 -2.3845 -0.0316 -0.0843 -1.4419 
16.1158 10.5660 -4.4071 -1.6495 2.7285 -1.3973 -2.0184 0.9242 -1.0814 -2.9299 -0.7128 -0.4270 -1.6487 
15.5695 9.9392 -4.4742 -1.2248 2.8061 -1.8479 -2.3001 0.8710 -1.3493 -3.2914 -0.9937 -0.7216 -1.7160 
15.7106 10.0892 -4.5807 -1.6319 2.5043 -1.7965 -2.1169 1.1361 -0.7589 -2.4545 -0.3035 -0.3965 -1.7167 
15.9933 10.1986 -4.9145 -1.8199 2.9811 -1.0861 -1.9482 0.8166 -0.9010 -2.1554 0.1165 -0.2205 -1.7387 
16.6226 10.3063 -5.5344 -1.8215 3.3535 -1.2959 -2.3367 0.9862 -0.3858 -1.9140 -0.1581 -0.4743 -1.2864 
16.1560 10.3189 -4.8455 -1.6511 2.9839 -1.3929 -2.1407 0.9778 -0.7610 -2.3100 -0.0536 -0.0363 -1.2581 
16.1108 10.2064 -5.0407 -1.7419 3.2379 -0.9758 -1.9406 1.0539 -0.5641 -2.2858 -0.5111 -0.6507 -1.7292 
16.2758 10.4092 -4.8947 -1.7025 3.0747 -1.2336 -2.0046 1.1533 -0.6246 -2.4748 -0.5706 -0.7781 -2.1656 
16.6704 10.5427 -5.3594 -2.0687 3.1097 -1.3876 -2.7500 0.2766 -1.1338 -2.7219 -0.6956 -0.5767 -1.5735 
17.1176 10.8182 -5.6229 -2.3266 3.2496 -1.0224 -2.4068 0.6028 -0.7293 -2.2102 -0.1964 -0.2435 -1.2506 
16.9735 10.8538 -5.3239 -2.1093 3.3999 -0.9105 -2.6470 0.0415 -1.1527 -2.4322 -0.4622 -0.5174 -1.5562 
15.7825 9.4697 -6.0480 -2.4454 2.8731 -1.6177 -3.0029 0.1762 -0.8752 -2.2690 -0.4377 -0.5610 -1.5971 
16.1902 10.1765 -5.5741 -2.8578 2.1079 -1.6710 -2.5231 0.2579 -1.2036 -2.3754 -0.3141 -0.5294 -1.4318 
16.8672 11.0795 -4.8890 -2.3755 2.5037 -1.7305 -3.2343 -0.2512 -0.8441 -1.7476 -0.0380 -0.4972 -1.6955 
16.3270 10.6343 -4.7599 -2.1902 2.2997 -1.6751 -2.2796 0.7804 -0.8139 -2.4628 -0.6953 -0.8723 -1.9249 
15.8398 10.5139 -3.9032 -1.1087 2.9421 -1.1931 -1.7572 0.8984 -0.9964 -2.2401 -0.2413 -0.8702 -2.1571 
15.6126 10.1339 -4.2803 -1.3022 2.7586 -1.6875 -2.2679 0.8812 -0.8383 -2.4137 -0.3393 -0.5027 -1.8344 
15.0260 9.6888 -4.0455 -0.9215 2.8087 -1.5601 -1.6491 1.5049 -0.5924 -2.0864 0.3212 0.1591 -1.2396 
15.8418 10.5806 -3.6866 -0.8761 2.8928 -1.3832 -1.4622 1.6558 -0.6742 -2.5037 -0.1338 -0.2265 -1.9142 
15.9378 10.6071 -3.8872 -1.1561 2.7384 -1.6329 -2.2235 0.5649 -1.4931 -2.9619 -0.5397 -0.5236 -1.9648 
15.6644 9.9527 -4.4043 -0.8363 3.0822 -1.9956 -2.4954 0.8698 -1.1207 -2.5774 -0.0859 -0.5588 -2.3384 
15.6874 9.6420 -4.7675 -0.5257 3.3043 -2.7171 -3.3849 0.4983 -1.5293 -3.1848 -0.3495 -0.6024 -2.5289 
16.7324 10.1939 -5.4556 -0.8812 4.0947 -1.5308 -2.4722 1.2451 -0.8643 -2.8371 -0.2870 -0.3209 -1.7257 
16.1651 10.5640 -4.5304 -1.7777 2.7971 -1.0238 -1.5111 1.2876 -0.8016 -2.4826 -0.3175 -0.6301 -2.4070 
22.4351 13.4116 -9.1890 -4.4469 4.4405 -0.1175 -2.2908 0.6295 -1.3869 -2.4233 0.9942 0.2868 -2.3655 
25.1720 16.1521 -7.7832 -2.5549 6.7325 0.7571 -2.7672 0.5167 -0.9211 -2.4926 0.4274 0.2608 -1.6296 
27.5642 21.3140 -1.6502 -0.2213 4.9926 -1.4158 -4.4587 -1.5618 -2.2856 -2.4522 0.1552 -1.2310 -3.2494 
30.2825 23.1805 -2.3970 -0.9495 4.6004 -2.6389 -5.4462 -1.0407 -1.2581 -2.0270 0.2837 -0.9569 -2.8594 
32.4990 25.0779 -2.5309 -1.8708 3.8168 -3.0779 -5.5373 -1.1936 -1.5261 -1.7363 1.0235 -0.6762 -2.9790 
39.0751 29.0030 -6.0574 -4.9045 4.5570 -2.3374 -6.4034 -1.8267 -1.0987 -0.7380 1.8149 -0.8444 -3.5037 
38.6803 28.9908 -5.5083 -4.9286 3.6332 -3.1016 -5.8334 -0.3908 -0.7958 -1.8999 1.5174 0.4513 -2.8110 
39.5555 28.5633 -7.4538 -5.7169 3.3720 -4.0472 -6.1748 -0.2519 -1.6923 -2.7860 1.7834 0.2810 -4.0275 
40.0800 28.9194 -7.9645 -6.5050 3.6029 -2.9165 -5.7921 -0.9090 -1.9341 -2.4944 1.3013 -0.6056 -3.8605 
41.3237 29.7672 -8.4033 -6.6806 4.4831 -1.9746 -5.3273 -0.2764 -1.1794 -2.2038 1.5411 -0.0299 -3.5192 
42.0356 29.6472 -9.4319 -6.6066 5.0236 -2.4255 -5.8815 -0.0390 -0.8756 -2.2011 1.4978 -0.1991 -3.6997 
41.3057 28.8351 -9.9482 -7.1304 4.4406 -2.8877 -6.2207 -0.3210 -1.1455 -2.6606 0.8395 -0.6675 -3.9703 
41.3696 29.1103 -9.5273 -6.9418 4.5188 -2.4908 -5.6512 -0.0533 -1.1206 -2.5172 1.0674 -0.5676 -3.9240 
41.2259 29.5476 -8.8390 -7.3087 3.9592 -2.1603 -5.4080 -0.4604 -1.2517 -2.2812 1.0622 -0.4903 -3.5287 
41.7746 29.7622 -9.0919 -7.0140 4.5552 -1.9615 -5.2579 -0.0798 -1.0022 -2.0335 1.5783 -0.1324 -3.4168 
41.0377 28.8642 -9.7309 -7.5329 4.0511 -2.3776 -5.5564 -0.3810 -1.3838 -2.4736 1.0908 -0.6370 -3.8674 
41.3142 29.0788 -9.5830 -7.1023 4.5106 -2.1320 -5.1513 0.2843 -0.9463 -2.3957 1.1016 -0.6341 -3.8211 
40.5400 28.7464 -9.3271 -7.5616 3.8338 -2.2961 -5.5618 -0.4649 -1.1978 -2.5229 0.4430 -1.2575 -4.0972 
40.4926 29.1109 -8.5457 -7.1058 4.1660 -1.4566 -4.7100 -0.3193 -1.1950 -1.9375 1.1479 -0.8744 -3.5127 
40.2079 28.3877 -9.3316 -7.4237 3.7419 -2.0397 -4.7273 -0.3188 -1.9597 -2.6985 0.8979 -1.1679 -3.6957 
40.7264 29.0217 -9.0782 -7.4406 4.1080 -1.3084 -4.3596 -0.2947 -1.7647 -2.5307 0.8635 -0.8446 -2.9172 
40.7278 29.0638 -9.2300 -7.9896 3.6736 -1.2548 -4.3378 -0.7562 -2.4041 -2.9836 0.5837 -1.0440 -3.0560 
41.3342 29.3561 -9.4588 -7.6427 4.4793 -0.9538 -4.3538 -0.3944 -2.0137 -2.9500 0.8663 -0.3165 -2.6208 
40.4063 29.0278 -8.7394 -7.5898 3.9047 -0.8391 -3.8511 -0.5420 -2.4505 -3.0264 0.8276 -0.4667 -2.4998 
40.4934 28.7353 -9.2133 -7.3770 4.3407 -0.8772 -3.9372 -0.5984 -3.1117 -3.9036 0.6487 -0.2651 -2.5842 
40.3208 28.9984 -8.5653 -7.2476 4.3999 -0.1504 -3.2829 -0.5801 -2.9435 -3.4743 0.4634 -0.7077 -2.2799 
40.2352 28.5383 -9.2024 -7.3620 4.4821 -0.4653 -3.7257 -0.9777 -3.5708 -4.0085 0.4242 -0.8600 -3.0189 
39.4613 28.1255 -8.9383 -7.4220 4.4002 -0.0497 -3.4072 -1.0144 -3.5979 -4.1755 0.1259 -0.7484 -2.7228 
39.0629 28.1355 -8.4011 -7.3511 4.1888 0.1224 -3.1607 -0.9865 -3.4589 -4.0797 -0.3078 -1.3981 -2.9540 
37.9646 28.2741 -6.4958 -6.6389 3.6524 0.3041 -2.5295 -0.9090 -3.3654 -3.6760 -0.2532 -1.5778 -2.8395 
37.3609 27.2077 -6.6651 -5.0277 4.6028 -0.8100 -3.3010 -0.2008 -3.0054 -4.1510 -0.3712 -1.2694 -2.6488 
35.0133 25.4355 -6.4288 -4.8328 4.4655 -0.4982 -2.9253 -0.0821 -2.9522 -4.3122 -0.4123 -0.7757 -2.6683 
33.4694 23.3050 -7.6176 -4.4918 4.8907 -0.8865 -2.8148 0.9611 -2.4856 -4.8106 -0.6313 -0.3998 -2.5106 
34.0039 22.7888 -8.9465 -4.0806 5.9257 -1.6420 -4.1184 1.0289 -1.9334 -4.7188 -0.4873 -0.3136 -2.8149 
34.7656 21.1358 -12.1595 -3.7408 7.0909 -3.3043 -5.5677 0.9816 -3.2787 -6.4117 -0.6325 -0.5070 -3.2768 
34.6216 21.0932 -11.9898 -3.5422 7.5302 -2.3192 -4.5708 1.4070 -2.8907 -5.7474 -0.4648 -0.7725 -2.9577 
34.3288 20.6926 -12.1351 -3.0172 8.4662 -1.9587 -4.8529 1.6188 -1.9811 -5.1473 -0.3422 -0.5546 -2.7750 
33.6532 19.5806 -12.9961 -3.0256 8.4936 -2.7189 -5.3390 2.3095 -1.3584 -5.5291 -0.6060 -0.1263 -2.7029 
33.3705 18.4310 -14.2485 -2.7881 8.9232 -3.2481 -5.3633 3.1513 -1.0582 -5.6921 -0.3775 0.2065 -2.5392 
33.1546 17.6105 -15.5186 -3.6307 8.3002 -4.1436 -6.1891 2.4366 -1.9938 -6.3023 -0.1855 0.3736 -3.0138 
32.5906 16.9980 -15.3515 -2.7594 8.6415 -4.5321 -6.0739 3.2234 -1.4537 -6.0526 0.1672 0.6720 -2.8181 
31.9642 16.1427 -16.1737 -3.4512 8.2381 -4.8450 -6.4834 3.0197 -1.3913 -6.1837 -0.1308 0.6637 -2.6747 
32.5381 17.0494 -14.9890 -2.0224 9.6100 -3.7362 -5.6686 3.6617 -0.5279 -4.9790 0.8179 1.0006 -2.5060 
32.2296 16.7008 -14.9608 -1.7341 9.5762 -3.7954 -4.9943 4.5688 -0.2029 -4.8362 1.1136 0.8650 -3.1611 
31.3370 15.5888 -15.6578 -1.9235 9.5479 -4.1448 -5.3206 4.9876 0.4843 -4.7693 1.1677 1.7024 -2.4845 
30.7177 14.7756 -16.4847 -2.8264 8.9250 -4.4102 -5.9883 3.4484 -1.1108 -5.5187 0.8321 0.9561 -3.3803 
32.1112 16.1918 -16.1910 -3.1293 8.9958 -3.6723 -5.0510 4.1252 -0.8626 -5.6619 0.6641 1.1754 -2.8925 
31.4125 15.6805 -16.1857 -3.3069 8.6065 -4.1946 -5.9454 3.3096 -0.8907 -5.2213 0.7927 0.7697 -3.5121 
30.7936 16.1767 -14.7935 -3.5945 7.7973 -3.6047 -5.4285 2.8077 -0.9729 -4.9046 0.3472 0.1754 -3.6065 
31.6872 19.7810 -9.3369 -0.8568 8.4361 -2.1331 -4.2060 2.6407 -1.0259 -4.6810 -0.0169 0.1564 -2.7772 
37.6753 24.4413 -10.3166 -2.9022 7.1125 -3.9915 -6.1579 1.1487 -2.5797 -5.6501 -0.2609 -1.1173 -4.8753 
41.5533 28.3234 -10.4611 -5.8162 5.9519 -2.3375 -5.2618 0.3327 -2.3958 -4.2291 0.3759 -0.9885 -3.9370 
41.1614 28.6477 -9.4791 -5.8742 5.3358 -2.1448 -4.7922 0.3109 -2.3467 -3.8255 0.7098 -0.6464 -3.3438 
40.3615 28.3245 -9.1903 -6.3293 4.8267 -1.7938 -4.6172 -0.1327 -2.3027 -3.2545 0.8397 -0.8509 -3.3374 
41.1929 28.9443 -9.3418 -6.4399 5.0114 -1.8139 -4.8624 -0.1107 -2.0153 -3.0916 0.9183 -0.5888 -3.0416 
40.7180 28.7982 -9.0925 -6.6896 4.6162 -1.7961 -4.7705 -0.0215 -1.7832 -3.1290 0.5751 -0.7483 -3.1643 
40.4783 29.2099 -8.2643 -6.7793 4.5218 -1.0167 -4.4646 -0.6724 -2.0277 -2.7289 0.7310 -0.7882 -2.9731 
40.8219 29.2432 -8.6160 -6.7597 4.5621 -1.6115 -5.1276 -0.6473 -1.6884 -2.7720 0.4061 -0.8956 -2.9361 
39.9753 28.8835 -8.2750 -7.1022 4.1202 -1.2838 -5.1516 -1.5894 -2.3017 -2.7346 0.1841 -1.2843 -2.9394 
38.6888 28.4131 -6.9972 -6.1039 4.2262 -1.1390 -4.6898 -1.0602 -1.8114 -2.4190 0.3740 -1.1175 -2.9207 
36.9801 26.1533 -7.4919 -4.2673 5.0416 -2.7145 -5.0082 1.1523 -0.6248 -3.4094 -0.0356 -0.3736 -3.2649 
35.7374 25.5260 -6.5054 -3.3084 5.2777 -2.3252 -4.2557 1.3885 -1.1647 -4.0234 -0.3025 -0.4719 -3.2859 
36.1185 25.1536 -7.5158 -3.1413 6.0096 -2.6638 -5.1095 1.0484 -1.2994 -3.9300 0.3857 -0.1089 -3.9681 
33.8556 24.2300 -5.9633 -3.0509 4.4744 -3.0533 -4.6242 0.7925 -1.5584 -3.5877 0.1298 -0.9740 -4.0107 
34.8275 25.4505 -5.7723 -4.0517 4.1976 -1.9368 -4.3315 -0.4530 -2.0556 -2.6320 0.6937 -1.1632 -3.6025 
36.6566 27.2496 -6.0120 -5.6416 3.7927 -0.7165 -3.9114 -1.4853 -2.5196 -2.1300 0.6484 -1.6453 -3.3196 
38.1799 28.0687 -6.7383 -5.8818 4.1267 -0.8304 -4.0350 -1.1914 -2.3797 -2.2054 0.5933 -1.9137 -3.5180 
37.9511 28.0353 -6.3250 -5.5768 3.9079 -1.0995 -3.8534 -0.9455 -2.4664 -2.3141 0.5669 -2.2052 -3.8626 
37.7002 27.9110 -6.2999 -5.8993 3.5664 -0.7013 -3.2097 -1.1963 -3.2324 -2.3967 0.8962 -2.3797 -4.1691 
37.4918 26.9058 -7.6532 -6.1050 3.7923 -1.2883 -3.7770 -1.0942 -3.5314 -3.3756 0.4141 -2.2116 -4.5249 
35.8010 26.3233 -6.2412 -5.3357 4.1245 -0.2641 -3.0308 -0.8677 -2.9048 -2.7575 0.6878 -1.5368 -3.8777 
34.6012 25.7110 -5.3904 -4.6176 4.1663 -0.1107 -2.4788 -0.2249 -2.4968 -2.9015 0.2656 -1.4898 -3.5351 
33.1925 24.2582 -5.9973 -4.9856 3.5403 -1.3166 -4.3919 -2.1964 -3.7283 -3.5824 -0.4789 -2.3764 -4.5105 
32.9949 24.7630 -4.5580 -3.8161 4.2751 -0.3531 -3.1443 -1.0429 -2.9683 -3.1341 0.2580 -1.2168 -3.5806 
32.3530 23.6098 -5.3056 -3.2643 4.9818 -0.6198 -3.6004 -1.0651 -2.9980 -3.2817 0.0828 -1.5645 -3.8731 
30.9602 22.7142 -4.7824 -2.6694 5.4767 0.1579 -2.9818 -0.6463 -2.3576 -2.8053 0.0963 -1.4508 -3.5748 
30.0630 22.1974 -4.2701 -2.3410 5.0777 -0.2703 -2.9979 -0.5709 -2.4501 -2.9747 0.0477 -1.2571 -3.3589 
29.2925 22.0045 -3.1734 -1.3139 5.3016 -0.2093 -2.5725 0.0083 -1.9371 -2.5206 0.3291 -1.2393 -3.3674 
27.7313 20.8143 -2.9115 -0.9744 5.1553 -0.3047 -2.4747 -0.0555 -2.4490 -3.4123 -0.2774 -1.0728 -3.0695 
28.1051 21.0983 -3.0740 -1.1307 5.4921 0.0502 -2.8184 -0.6742 -2.5114 -3.1088 -0.2600 -1.3005 -3.0300 
28.0544 20.6540 -3.7231 -1.3031 5.3083 -0.6608 -3.2429 -0.3274 -2.2931 -3.5969 -0.8861 -1.5631 -3.0681 
26.5645 19.3486 -3.7060 -0.8862 5.4075 -0.6706 -2.8932 0.4265 -1.6637 -3.5481 -1.0675 -1.3710 -2.5376 
25.3565 18.6193 -3.0732 -0.2831 5.5457 -0.2085 -2.0462 1.0486 -1.1784 -2.7549 -0.2078 -1.0424 -2.8434 
24.7739 18.2149 -2.8832 -0.1242 5.4254 -0.1953 -1.7308 1.2703 -1.3639 -3.1619 -0.4490 -1.0553 -3.0477 
24.1917 17.7239 -2.8335 0.0871 5.5140 -0.1969 -1.7205 1.3656 -1.2040 -3.0285 -0.2717 -0.7180 -2.7425 
23.5788 17.3112 -2.5162 0.6494 5.8986 -0.1716 -1.8936 1.5356 -0.6227 -2.6240 -0.1012 -0.2021 -1.8294 
23.4966 17.4922 -2.3056 0.1080 5.1329 -0.0981 -1.3037 1.6132 -1.0861 -2.9784 -0.2504 -0.5659 -2.4452 
23.2473 16.9399 -2.9985 -0.1793 5.4219 0.3631 -1.0688 1.6294 -1.0425 -2.8334 -0.0716 -0.2470 -2.0075 
23.9501 17.4841 -2.8445 0.2927 5.8141 -0.0168 -1.8400 1.0567 -1.3336 -2.7617 0.3063 0.0721 -1.7820 
24.7335 18.3531 -2.4919 0.2428 5.6478 -0.2020 -2.2135 0.3274 -2.2915 -3.5991 -0.2605 -0.4018 -2.2816 
26.3357 19.7961 -2.2110 0.3674 5.9228 -0.0512 -2.1640 0.1532 -2.7895 -3.9990 -0.4605 -0.7931 -2.6147 
26.7815 20.5196 -1.5208 0.6932 5.9201 -0.2493 -2.6554 -0.4834 -3.1337 -4.0231 -0.4723 -0.7793 -2.4537 
27.7444 21.5155 -1.4731 0.0871 5.7724 0.2290 -2.6755 -1.4014 -4.0623 -4.4135 -0.6022 -0.8158 -2.2374 
30.4493 22.7200 -3.1691 -0.5498 5.8908 -0.9931 -3.6676 -0.9174 -3.6457 -4.4001 -0.2242 -0.8315 -2.9659 
31.0068 23.2881 -3.5600 -1.5151 6.3013 0.4549 -3.9021 -2.7496 -4.3651 -3.6655 0.2530 -0.8698 -2.7616 
32.3209 24.1608 -4.0955 -1.8756 6.9485 0.9910 -4.5336 -3.7864 -4.3933 -2.7889 0.7366 -1.0632 -2.7278 
33.1526 24.8962 -4.1523 -2.2622 6.6560 0.6324 -5.0831 -4.1340 -4.2825 -2.6083 0.5933 -1.3404 -2.7737 
33.3068 25.3958 -3.6319 -2.1670 6.9725 1.1650 -5.3736 -4.9221 -4.3327 -2.0904 0.9193 -1.0936 -2.3988 
33.7617 25.4450 -4.2915 -2.7838 6.2238 -0.0163 -6.2258 -4.9988 -4.3141 -2.3979 0.5734 -1.4214 -2.8443 
34.5658 26.1850 -4.0384 -2.5528 6.2949 -0.3305 -6.4972 -4.8289 -3.7722 -1.6880 1.2123 -0.9286 -2.3066 
36.4644 27.2655 -4.7737 -2.8846 6.0845 -1.2391 -6.7206 -3.9779 -3.2428 -1.4919 1.7305 -0.7507 -2.7156 
36.1671 27.3037 -4.7702 -3.8128 5.3492 -1.2671 -7.4159 -5.1781 -3.4492 -1.1754 1.4630 -1.0580 -2.7149 
38.8707 28.0215 -6.7935 -3.5369 6.3655 -2.1715 -7.1677 -2.9024 -2.5917 -1.5962 2.0442 -0.4092 -2.7525 
37.5568 27.8724 -5.8387 -4.4200 5.3079 -1.6565 -7.3112 -3.9206 -2.0819 -0.3436 2.0172 -0.9157 -2.9103 
38.0116 28.2860 -5.7907 -4.3757 5.5197 -1.5723 -7.1969 -3.2240 -1.2059 -0.1028 1.9548 -0.7699 -2.9988 
38.8717 28.4675 -6.7115 -4.8871 5.3178 -1.8425 -6.9074 -2.8238 -1.5226 -0.2884 2.2642 -1.0984 -3.6663 
39.6641 28.2315 -8.1714 -5.3658 5.2686 -2.5582 -7.0772 -2.0566 -1.2391 -0.7760 1.8247 -1.2475 -3.6656 
39.7743 28.5902 -8.0782 -6.0370 4.8970 -2.0826 -6.7557 -2.0927 -1.0214 -0.7142 1.3608 -1.5369 -3.5831 
39.9052 29.1693 -7.5280 -6.4591 4.4446 -1.4379 -5.8907 -1.9547 -1.0711 -0.5272 1.4380 -1.5564 -3.4184 
39.6399 28.9146 -7.6821 -6.8675 3.7734 -1.7594 -5.6615 -1.9257 -1.6428 -1.0439 1.3433 -1.7348 -3.8133 
39.9378 28.9468 -7.9949 -7.0186 3.5289 -2.0890 -5.5022 -1.5467 -1.6955 -1.3527 1.1106 -1.8411 -3.6668 
40.8333 29.8839 -7.5986 -6.7656 3.9637 -1.4693 -4.7109 -0.6581 -1.0220 -1.0948 1.1702 -1.6197 -3.0970 
40.6927 29.8675 -7.7902 -7.5627 3.4363 -1.2034 -4.6196 -1.2380 -1.5997 -1.4176 0.7878 -2.0184 -3.3478 
40.7100 28.5808 -9.6149 -7.4888 3.5003 -2.8083 -5.4627 -0.8868 -2.6681 -3.4387 0.1875 -1.8607 -4.0787 
39.5932 28.6341 -8.0303 -7.1698 3.1208 -1.9077 -4.3900 -1.0619 -3.0198 -3.0731 0.6068 -1.8337 -4.1488 
38.2586 28.3031 -6.7968 -7.1049 2.2240 -1.6614 -3.4507 -1.0554 -3.6536 -3.2297 0.9642 -1.5985 -4.2371 
37.2040 27.0322 -6.6854 -5.0471 4.2268 -1.3815 -3.6210 -0.2941 -2.8993 -3.5227 0.5843 -0.7858 -3.0382 
35.8677 26.5794 -6.4170 -6.6991 2.6521 -0.6128 -2.8124 -0.7929 -2.7788 -2.6746 0.6372 -1.0955 -3.0545 
34.9807 25.9664 -5.9793 -5.7851 3.6418 0.2021 -2.4009 -0.6420 -2.9115 -3.4389 -0.4270 -1.7694 -3.5199 
34.9714 26.1109 -5.6321 -5.6095 3.3269 -0.4533 -3.0075 -0.9866 -2.9365 -3.0787 0.2280 -1.2301 -3.4959 
34.0645 25.4790 -5.1799 -4.9646 3.3680 -0.6827 -2.8839 -0.6965 -3.0501 -3.5761 -0.1368 -1.1813 -3.2408 
33.0586 24.8121 -4.4917 -3.8972 3.6578 -1.0355 -3.1061 -0.7935 -3.4499 -4.0694 -0.2858 -1.0405 -2.9109 
32.9099 24.8119 -4.6918 -4.8003 3.0772 -0.5509 -2.4344 -0.4521 -3.0839 -3.9163 -0.5112 -1.0568 -2.9715 
32.8202 24.6703 -4.2412 -3.5091 3.7749 -1.1243 -2.9712 -0.3398 -2.9507 -3.6279 0.2284 -0.4780 -2.6031 
32.2445 24.6229 -3.4940 -3.1688 3.8420 -0.7287 -2.6563 -0.1012 -2.1672 -2.8663 0.0117 -1.1273 -2.7743 
30.5381 22.7962 -4.1892 -3.1636 3.8670 -1.0370 -3.1309 -0.3085 -2.1500 -3.2177 -0.8828 -1.9552 -2.9998 
31.5182 22.8505 -5.5908 -3.5710 4.9169 -0.1606 -3.0976 -0.7774 -2.7119 -3.0995 0.0202 -1.5422 -3.4143 
31.2768 23.3718 -3.9542 -2.3048 5.0452 -0.5649 -3.2468 -0.2932 -1.7518 -2.2445 0.4141 -1.5733 -3.7652 
28.7009 21.4609 -3.3745 -1.6836 4.6024 -0.8826 -2.7521 0.4977 -1.2425 -2.2943 0.0006 -1.7905 -3.7911 
27.8820 20.7573 -3.2262 -1.1022 5.0734 -0.5688 -2.2961 1.0927 -0.9550 -2.4134 0.0361 -1.3605 -3.4492 
26.0039 18.9198 -3.8324 -1.6677 3.9102 -1.5550 -2.5217 1.0564 -1.4039 -2.9949 -0.1812 -1.2094 -3.1985 
24.4283 17.4893 -4.0000 -1.6144 3.4785 -2.0769 -2.7066 1.0680 -1.3360 -2.7136 0.3216 -0.7904 -3.0394 
23.8973 17.0481 -4.0341 -1.5386 3.7654 -1.5783 -2.4470 1.0248 -1.3223 -2.6214 0.4509 -0.4064 -2.5881 
22.3248 15.7019 -4.0332 -1.2777 3.5793 -2.0459 -2.7942 1.0526 -1.2881 -3.0974 -0.0420 -0.3321 -2.6715 
21.0676 14.5882 -4.3890 -1.7943 3.1164 -1.8254 -2.3357 1.2513 -1.0886 -2.7667 0.2658 0.0310 -2.2314 
21.0400 14.4140 -4.4038 -1.2932 3.5597 -1.8019 -2.3780 1.1850 -1.1667 -2.5123 0.5981 0.0650 -2.0503 
19.9347 13.3811 -4.8647 -1.7967 3.3651 -1.4682 -2.2349 0.9463 -1.4172 -2.9512 -0.1464 -0.6500 -2.6708 
20.3010 13.7832 -4.7808 -2.1818 2.6274 -2.0149 -2.2236 1.2341 -1.1167 -2.4125 0.8127 0.6007 -1.4313 
20.1186 13.6903 -4.4511 -1.4873 3.2168 -1.8839 -2.2190 1.6271 -0.5522 -2.3670 0.1006 -0.5029 -2.2981 
19.9793 13.3957 -4.8621 -1.7532 3.2964 -1.6608 -2.2199 1.3793 -0.8116 -2.5751 -0.0123 -0.3164 -2.0090 
19.8828 12.9462 -5.2433 -1.2933 3.8695 -1.6890 -2.2136 1.5392 -1.2345 -3.2406 -0.0335 0.0381 -1.8627 
19.2042 12.5349 -5.1671 -1.6898 3.1652 -2.0452 -2.2502 1.8719 -0.4147 -2.5422 0.1387 0.1476 -1.6302 
19.0491 12.3164 -5.3350 -1.7668 3.0131 -2.5495 -3.1175 0.9166 -1.2566 -3.3123 -0.7766 -1.0158 -2.6692 
19.3813 12.8278 -4.8076 -1.4123 3.1738 -2.2644 -2.6361 1.1523 -1.3887 -3.2333 -0.0645 0.0726 -1.7044 
19.1169 12.7211 -4.7447 -1.6752 2.9271 -1.9198 -2.0054 1.6036 -1.0023 -2.9411 -0.2460 -0.4927 -2.1295 
19.0249 12.8938 -4.2311 -1.2387 3.2027 -1.9412 -2.4854 1.2519 -0.6156 -2.2398 0.1862 -0.1727 -1.7253 
19.5784 13.0985 -4.9755 -2.3037 2.3432 -2.4746 -2.7642 0.9298 -1.1135 -2.6496 -0.2108 -1.0485 -2.8647 
18.9965 12.9841 -4.3383 -1.8971 2.8104 -1.5568 -2.2779 0.7657 -0.9581 -2.0758 0.2289 -0.5058 -2.1371 
19.4035 12.8591 -4.9705 -1.7745 3.2038 -1.5928 -1.7809 2.0637 -0.1847 -2.1140 0.3052 -0.2740 -2.1936 
18.2671 12.1796 -4.3708 -1.1189 3.4980 -1.4121 -1.9667 1.4557 -0.7624 -2.4771 0.2790 0.2362 -1.6618 
18.6738 12.3706 -4.6910 -1.5558 2.8723 -2.2943 -2.7341 0.8223 -1.5666 -3.3205 -0.4240 -0.5043 -2.3082 
19.3031 12.8144 -4.8515 -1.6688 3.0605 -2.0565 -2.5354 1.0767 -1.1622 -2.6592 0.4565 0.3447 -1.7606 
19.3240 12.4098 -5.6687 -2.0475 3.1281 -2.2291 -2.9708 0.8349 -1.1586 -2.5992 0.5235 0.4545 -1.4742 
19.9283 12.8988 -5.3522 -1.2770 3.8130 -2.0192 -2.4703 1.7927 -0.6884 -3.0022 -0.0533 0.4466 -1.0999 
19.2942 12.3903 -5.1686 -0.9583 3.7501 -2.1113 -2.3758 1.4587 -1.4231 -3.1921 0.1235 -0.1318 -2.1362 
18.6793 12.3839 -4.8789 -1.9906 2.7370 -1.9518 -2.4289 1.0723 -0.8933 -2.4535 0.0462 -0.3157 -2.0095 
17.9786 11.7931 -4.7025 -1.4786 2.9574 -2.0357 -2.3924 1.2183 -1.0723 -2.8626 0.0952 0.3486 -1.4120 
28.0870 15.6346 -13.1222 -5.0203 6.9320 -0.8702 -4.9225 -0.1796 -1.3597 -2.6466 0.8726 0.0161 -2.3777 
33.7629 17.6103 -16.9125 -4.6815 9.2826 -2.5616 -6.5286 1.0269 -1.7008 -4.3826 1.2245 0.9369 -2.4870 
34.4852 17.9381 -17.1333 -4.1632 10.2290 -2.1049 -6.2892 1.2194 -2.0581 -5.1220 0.6735 0.6618 -2.2642 
34.7586 18.4632 -16.8107 -4.6154 9.6851 -1.6855 -5.4468 1.1839 -2.8438 -5.5151 0.9453 0.9729 -2.3255 
34.3574 18.6500 -16.2990 -5.4601 8.2632 -2.0014 -4.9974 1.6027 -2.3777 -5.3099 0.5525 0.6156 -2.2110 
34.1494 18.4095 -16.6042 -5.6905 8.7931 -0.9730 -4.7847 0.8802 -2.8042 -5.1410 0.4763 0.0320 -2.8344 
33.5489 18.2177 -15.9784 -5.1484 9.2300 -0.1114 -3.6424 1.8021 -2.4299 -5.2032 0.7089 0.8616 -2.2498 
32.6313 18.0913 -15.3233 -5.9030 7.8613 -0.6710 -4.2307 1.0078 -2.4130 -4.8052 0.6547 0.5738 -2.8347 
31.2537 17.7018 -14.0381 -5.4381 7.5812 -0.3689 -4.0103 0.7364 -2.3017 -4.8090 -0.3001 0.0024 -2.0462 
32.0899 20.3950 -10.2037 -3.4370 8.2231 0.7920 -3.0761 0.7927 -2.1000 -4.3453 -0.0562 0.3841 -1.7319 
31.6109 21.2589 -8.0531 -2.7981 7.9604 1.4930 -2.3689 0.6059 -2.3260 -4.7942 -1.4597 -1.0570 -2.3738 
34.6379 24.3221 -7.4389 -3.5847 7.6273 1.9089 -2.6454 -0.9975 -3.7210 -4.5988 -0.4014 -0.1964 -1.4872 
36.5054 25.8196 -7.6537 -4.3603 6.9674 1.8190 -2.3381 -1.5262 -4.7608 -4.5928 -0.2236 -1.1883 -2.0575 
36.9647 26.5145 -7.5299 -5.2797 6.2022 2.0909 -1.9268 -1.5181 -4.4690 -3.9268 0.0775 -1.4089 -2.2565 
37.8078 26.7959 -8.3416 -5.9631 5.7890 1.8061 -1.8075 -1.5473 -5.0358 -4.1721 0.2875 -1.5838 -2.5335 
38.0862 27.2858 -8.1971 -6.5645 5.3403 2.0503 -1.7294 -1.9379 -5.1288 -3.8912 0.3396 -1.7792 -2.6264 
38.6146 27.3800 -8.7384 -6.6278 5.5927 1.8618 -1.9971 -1.8369 -5.0834 -4.0972 0.1942 -1.8899 -2.7875 
38.2455 27.5216 -7.8622 -6.0428 5.8211 2.1237 -1.8435 -1.6855 -4.7016 -3.8765 0.1238 -1.7228 -2.3427 
37.0128 27.1364 -6.8850 -5.8551 5.5482 2.5390 -1.6087 -2.0874 -4.7891 -3.6598 -0.0052 -1.9538 -2.3963 
36.9454 26.7954 -7.1278 -5.5917 5.4878 2.0917 -1.3847 -1.5131 -4.8825 -3.9880 0.0411 -1.9251 -2.6058 
36.8985 26.2601 -7.9716 -5.7040 5.5528 0.9664 -2.7223 -1.2505 -4.0869 -4.3983 -0.5796 -1.8085 -2.8927 
36.2033 26.5934 -6.6856 -5.9858 4.6203 1.4492 -2.0498 -1.6993 -4.2676 -3.6986 -0.2759 -2.0327 -2.8229 
36.2966 27.0633 -6.0420 -5.8918 4.4784 1.7358 -1.5965 -1.4624 -4.0254 -3.3836 -0.1746 -2.1325 -2.8049 
36.1665 26.8009 -6.2717 -5.7947 4.7739 1.7941 -1.8365 -1.6025 -3.8091 -3.0904 -0.2425 -2.4762 -2.9272 
35.6937 25.4991 -7.6809 -6.0813 4.2861 0.1199 -2.9947 -1.6323 -4.3130 -4.2958 -1.0372 -2.9918 -3.7367 
35.8680 26.5008 -6.2849 -5.7517 4.3341 0.9737 -2.1440 -1.1927 -3.6485 -3.5897 -0.6097 -2.4032 -3.0500 
36.2302 26.8985 -6.0099 -5.6185 4.1862 0.9531 -1.6964 -0.8857 -3.7892 -3.5336 -0.2775 -2.3271 -3.0625 
36.3714 26.6897 -6.3455 -5.3178 4.3292 0.2338 -2.2467 -0.5831 -3.4144 -3.5426 -0.3056 -2.2824 -3.1238 
35.6752 26.0449 -6.5359 -5.3935 4.2555 -0.0914 -2.9186 -0.9787 -3.3149 -3.5562 -0.5118 -2.3314 -3.2502 
34.9543 26.3373 -4.9778 -4.8259 4.0432 0.2499 -2.5823 -1.0448 -2.8634 -2.6405 0.0116 -2.0751 -2.9138 
34.7547 26.0114 -5.3665 -5.2721 3.5055 -0.3206 -3.0695 -1.4319 -3.2471 -3.2118 -0.8005 -2.8157 -3.4067 
35.5538 26.4173 -5.5590 -4.7869 4.3275 0.0990 -2.4457 -0.5529 -3.1153 -3.5482 -0.4839 -2.0848 -2.9703 
34.8027 25.8225 -5.6239 -5.1094 3.6813 -0.2754 -2.4658 -0.6437 -3.4951 -4.0106 -0.6919 -2.1107 -3.2637 
34.1452 25.6554 -5.3269 -5.7972 2.8921 0.2750 -1.6100 -0.7981 -3.9345 -3.8220 -0.2041 -1.8354 -3.3400 
32.1976 24.6621 -3.6826 -3.8591 3.7779 0.7731 -0.9016 0.1006 -3.1498 -3.5515 -0.1275 -1.2140 -2.6042 
30.8718 23.4975 -3.7951 -3.7084 3.7947 0.5226 -1.6015 -0.7597 -3.8250 -4.0074 -0.1703 -1.0442 -3.0561 
30.1061 22.9455 -3.4518 -3.2592 3.7109 0.4597 -1.1267 -0.3671 -4.0558 -4.4836 -0.4949 -1.0768 -2.6878 
29.7209 22.5252 -3.3291 -2.6518 3.8242 -0.2546 -1.7945 -0.5651 -4.1135 -4.3298 -0.0394 -0.8971 -3.0834 
30.3916 22.9222 -3.4828 -2.3949 4.3743 -0.1101 -1.6665 0.1187 -3.4357 -4.2002 0.0498 -0.3948 -2.5253 
30.7897 23.2175 -3.4052 -2.0514 4.8430 0.0748 -1.6883 0.1305 -3.3268 -3.9968 0.2655 -0.2099 -2.2757 
31.4074 23.1873 -4.3120 -2.2199 5.2630 -0.1568 -2.3725 -0.2595 -3.5941 -4.3511 0.0949 -0.1795 -2.3525 
31.2953 23.2334 -4.1053 -2.1777 5.2178 -0.2707 -2.6960 -0.4815 -3.5243 -4.4729 -0.3133 -0.3162 -2.2473 
31.7766 23.4574 -4.5112 -2.5091 5.2719 -0.1628 -2.6844 -0.4504 -3.5117 -4.5078 -0.3035 -0.3376 -2.3358 
36.2349 26.8158 -6.0831 -5.3866 4.0979 -0.6488 -3.8603 -1.0098 -2.0338 -2.5028 -0.2622 -1.9293 -2.9829 
37.2725 27.4295 -6.9354 -6.5894 3.4556 -1.3253 -4.9705 -1.6508 -1.9019 -2.5694 -0.7748 -2.2203 -3.1028 
38.8607 27.9455 -8.0760 -6.5532 4.0440 -1.9366 -5.4335 -1.0393 -1.6958 -2.8849 -0.4127 -1.7737 -3.4356 
39.4940 28.0829 -8.2624 -5.5596 5.1633 -2.0111 -5.4945 -0.2351 -0.9981 -2.4064 0.5622 -0.8401 -3.1722 
38.5138 27.8832 -7.5102 -5.8505 4.5952 -1.6359 -5.3326 -0.7816 -1.1057 -2.0032 0.7857 -0.7737 -3.2961 
38.7612 27.5574 -8.4187 -6.1278 4.6573 -2.1552 -6.0551 -1.1877 -1.5096 -2.4373 0.5908 -0.9990 -3.6972 
39.2541 27.6580 -8.9292 -6.2956 4.7067 -2.4853 -6.4383 -1.1707 -1.3513 -2.5895 0.0642 -1.4201 -3.6163 
39.9641 28.1746 -8.9256 -6.0720 5.0305 -2.4376 -6.3464 -0.8924 -1.1183 -2.2278 0.5527 -1.3425 -3.7702 
39.0800 27.4323 -8.4750 -5.0008 5.4421 -2.5725 -6.1227 -0.6569 -1.3365 -2.2151 0.9785 -1.1832 -3.8813 
38.7048 27.9005 -7.4080 -5.1967 4.9894 -1.8512 -5.4308 -0.7396 -1.0771 -1.4796 1.3179 -1.1564 -3.6751 
38.8653 27.7162 -7.7294 -4.9664 4.9315 -2.6364 -5.6237 -0.0488 -0.9770 -2.2007 1.0677 -0.7228 -3.4945 
39.1141 28.0571 -7.6294 -5.1440 5.0500 -2.1289 -5.4781 -0.3270 -0.8781 -1.7749 1.0426 -1.0317 -3.3658 
38.3909 27.4755 -7.4260 -4.8045 4.8103 -2.5525 -5.2519 0.2120 -1.0412 -2.5064 0.6934 -0.9672 -3.5227 
38.0239 27.5297 -6.8251 -4.7851 4.3787 -2.3995 -4.9474 -0.2818 -1.4455 -1.8735 1.1306 -1.6824 -4.1692 
37.8367 27.2954 -6.6208 -4.2076 4.3044 -2.9007 -4.5077 0.6200 -1.5254 -2.2949 1.5560 -1.1481 -4.3578 
38.4341 27.1217 -8.0555 -5.0703 4.6867 -2.5234 -4.9342 0.0678 -1.6045 -2.5241 0.6269 -1.8717 -4.0631 
37.9071 27.0464 -7.4774 -4.7975 4.9807 -1.8345 -4.5729 0.0666 -1.3007 -2.2384 0.4945 -1.7976 -3.5540 
37.5123 27.2924 -6.7565 -5.1339 4.4140 -1.2982 -3.7809 0.1627 -1.5416 -2.4872 0.4902 -1.3000 -3.2368 
37.3893 26.7693 -7.5304 -5.3054 4.9211 -0.8420 -3.7563 -0.1036 -1.9432 -2.9936 -0.1044 -1.7574 -3.2226 
37.3720 26.4676 -8.1330 -5.6568 5.0914 -0.3499 -3.4138 -0.4419 -2.9151 -3.8539 -0.3498 -1.5789 -3.0222 
38.2391 26.9811 -8.4353 -5.4652 5.9387 0.0770 -3.4165 -0.1433 -2.6858 -3.9985 0.0475 -0.6479 -2.7468 
36.8733 26.5739 -7.3769 -5.5603 5.1936 0.6482 -2.5868 -0.6647 -3.5626 -4.1184 0.1449 -0.6926 -2.7023 
36.4330 26.5153 -6.7984 -5.4156 4.8082 0.7481 -2.0698 -0.8238 -4.1558 -3.9994 0.5888 -0.9137 -2.9068 
36.7171 26.6998 -6.8355 -5.2688 5.1977 1.0705 -2.0418 -1.0198 -4.2254 -3.7355 0.9445 -0.6552 -2.6369 
36.6005 26.6053 -7.0214 -5.7207 4.8694 1.0368 -2.2659 -1.4647 -4.3121 -3.5695 0.7341 -1.1261 -2.9448 
35.8431 26.1283 -6.8834 -5.8481 4.5587 0.9087 -2.3097 -1.3242 -4.1642 -3.9868 0.0844 -1.4056 -3.2201 
34.9999 25.5251 -6.3396 -4.7088 5.2843 0.8286 -2.4334 -0.6728 -3.3179 -3.8915 -0.0814 -1.0953 -3.0466 
32.8261 24.4454 -4.8861 -3.9302 4.5713 0.7304 -1.3608 0.1679 -3.4048 -4.4743 -0.4596 -0.8250 -2.6052 
31.2146 23.4333 -4.0014 -2.9214 4.6796 0.5934 -1.3181 0.0222 -3.8371 -4.8134 -0.3745 -0.2852 -2.0298 
30.4936 23.2676 -3.2845 -2.7449 4.4357 0.8773 -0.9010 -0.0932 -4.1628 -5.0697 -0.6726 -0.3723 -1.6443 
29.6885 22.2677 -3.6182 -2.2799 4.6348 -0.0019 -2.1243 -0.6892 -4.1974 -4.9752 -0.6215 -0.5438 -2.1956 
28.7426 21.4502 -3.6251 -2.1073 4.6016 -0.1106 -2.1802 -0.6578 -4.1871 -5.2222 -0.9249 -0.4480 -2.1208 
28.1020 20.5880 -4.1549 -2.2927 4.0682 -1.0707 -2.5508 -0.1603 -3.8136 -5.4170 -1.1912 -0.6975 -2.6187 
27.0674 19.8253 -3.5557 -0.9243 5.2214 -0.5318 -2.1976 0.6275 -2.6434 -4.4527 -0.6926 -0.4764 -2.4664 
26.5686 18.6927 -4.4967 -0.5438 5.7828 -0.9194 -2.5558 0.9329 -2.3525 -4.3986 -0.6082 -0.3012 -2.1373 
25.3873 18.3006 -3.4430 -0.1793 5.2510 -0.9469 -2.0021 1.3530 -2.0454 -4.0142 -0.3335 -0.2961 -2.2801 
23.9344 17.3158 -3.2088 -0.2368 4.9944 -0.8053 -2.0697 0.9570 -2.2123 -4.2791 -0.9277 -0.5137 -2.0097 
23.4301 16.7627 -3.5623 -0.5259 4.8794 -0.7149 -1.9766 1.0649 -1.8220 -3.4423 0.1649 0.2449 -1.9117 
21.7646 15.2936 -3.7944 -0.7123 4.3669 -1.0281 -2.0496 1.0828 -1.5355 -2.9851 0.4391 0.3090 -2.0485 
22.1318 15.3691 -4.2621 -1.1343 4.0011 -1.4377 -2.0285 1.6300 -1.1169 -3.0870 -0.0470 -0.3107 -2.3811 
21.2914 14.7345 -4.1452 -0.9178 4.2586 -0.9523 -1.6035 1.8587 -0.9976 -3.2919 -0.5319 -0.5417 -2.3069 
21.2565 14.3346 -4.7239 -1.1299 3.8548 -1.8416 -2.1553 1.8270 -1.0693 -3.2721 -0.2873 -0.5954 -2.5316 
21.4019 13.4892 -6.3274 -1.3853 4.4380 -2.0682 -2.6085 2.1206 -0.6294 -3.2163 -0.3688 -0.7377 -2.6351 
28.8844 16.7945 -11.3779 -3.3993 6.4023 -1.9556 -3.3030 2.1202 -1.9694 -4.4494 0.4886 -0.0591 -2.8387 
28.9212 16.0307 -12.4302 -3.1576 6.5602 -3.3091 -4.4635 2.2894 -1.9177 -5.1669 -0.0081 -0.0775 -2.9346 
28.1337 16.0666 -11.8841 -4.2633 5.4035 -2.7736 -3.8883 2.2970 -0.9811 -3.6993 0.7491 0.4471 -2.3943 
27.5396 18.6039 -5.9366 -0.9372 5.7509 -2.1163 -3.4882 1.4306 -1.5264 -3.6088 0.5193 0.3522 -2.0614 
30.9663 23.3789 -2.4305 0.1170 5.4431 -2.7693 -5.2814 -1.2469 -3.2023 -4.0026 0.0964 -0.1906 -1.9354 
34.3480 25.5509 -4.2910 -2.1095 5.3098 -2.4032 -6.3345 -3.0594 -4.1599 -3.9556 0.1758 -0.3519 -1.8335 
35.4035 26.5724 -4.2201 -2.3891 5.5430 -1.9256 -6.1852 -2.6934 -3.1450 -3.0940 0.4238 -0.1409 -1.4307 
34.6178 25.8671 -4.2695 -2.1893 5.7568 -1.7111 -6.1222 -2.8883 -3.5106 -3.5381 -0.0106 -0.3989 -1.3864 
35.5749 26.0116 -4.8874 -1.6735 5.8884 -2.9142 -6.2011 -1.4743 -2.9909 -3.8724 0.0942 -0.5580 -2.0779 
32.8433 24.5261 -3.8851 -1.7137 5.5050 -1.9532 -6.0415 -2.9895 -3.8632 -3.8606 -0.4976 -1.2058 -2.0162 
32.1775 24.8539 -2.2345 -0.9839 5.3222 -1.3934 -4.9537 -2.4880 -3.6883 -3.4399 -0.0087 -0.7148 -1.3999 
31.4205 24.4263 -1.7567 -0.5237 5.3747 -1.3542 -4.8662 -2.6970 -4.2088 -3.9273 -0.2631 -0.8346 -1.5154 
33.3650 24.5661 -4.1382 -1.2032 5.4546 -2.9918 -5.8408 -1.3567 -3.1579 -4.2499 -0.3750 -0.7506 -2.1610 
31.0646 23.6497 -2.5102 -0.5388 5.4313 -2.2277 -5.9910 -2.8468 -3.6475 -3.6878 -0.5331 -1.1959 -1.8139 
31.5161 24.4054 -1.8233 -0.3359 5.4224 -1.8997 -5.4442 -2.4466 -3.2729 -3.1582 -0.0864 -1.0842 -1.9104 
30.8241 23.9215 -1.4698 0.0997 5.2499 -2.2378 -5.3886 -2.5144 -3.9247 -3.7245 -0.0728 -0.9520 -1.8510 
33.7528 25.0610 -3.7564 -0.9921 5.4665 -2.9727 -5.6138 -1.1101 -3.0718 -4.0650 0.0820 -0.3142 -1.9229 
32.0285 24.5214 -2.7841 -1.7260 4.2870 -2.6879 -6.0342 -3.0054 -3.9113 -3.6738 -0.2624 -1.1673 -2.1378 
33.3156 25.3653 -2.9484 -1.1733 5.4914 -2.2330 -6.2637 -2.9603 -3.5393 -3.3355 0.0788 -0.7015 -1.5187 
35.2512 26.6976 -3.4303 -1.5270 5.6535 -2.1818 -5.8830 -2.0936 -2.9092 -2.9600 0.5785 -0.3333 -1.3895 
36.5293 27.5632 -4.1321 -2.7628 4.7889 -2.5066 -5.7960 -1.9912 -3.0818 -3.1797 0.4739 -0.4018 -1.1780 
37.6343 28.6453 -4.1253 -3.4679 4.3111 -2.4543 -5.6054 -1.7158 -2.5229 -2.7050 0.3671 -0.7983 -1.1665 
38.5859 28.8800 -4.9128 -3.5359 4.3843 -3.1649 -5.8255 -0.9215 -2.1366 -3.0686 0.2459 -0.6096 -1.2566 
38.3312 28.8366 -4.7095 -4.0095 3.1633 -3.8263 -5.4645 -0.6619 -2.2611 -2.7782 0.3908 -1.5962 -2.2347 
39.6675 29.2394 -5.7513 -3.9310 3.9902 -4.0022 -5.6663 0.2673 -1.4732 -2.8344 0.5850 -1.0315 -2.2294 
38.9878 28.5804 -5.8360 -3.9339 3.3746 -4.9768 -6.1258 0.3748 -1.3608 -2.7057 0.7098 -1.6740 -3.5513 
39.2866 28.3523 -6.7411 -4.3549 3.4445 -5.2315 -6.4596 0.5788 -1.1475 -3.1244 0.3232 -1.3360 -3.3066 
38.5646 28.2064 -6.2101 -4.6356 2.9455 -5.0509 -6.4122 0.3124 -0.9522 -2.9272 -0.0560 -1.5690 -3.2011 
37.6665 27.8186 -5.1622 -3.5836 2.7790 -5.5665 -6.1003 0.8708 -0.8338 -2.6277 0.3906 -2.0313 -4.1017 
38.2321 28.2853 -4.8597 -2.9379 3.2711 -5.3016 -5.1891 2.1176 -0.3796 -2.5695 0.9375 -1.5510 -4.2252 
37.6719 27.7592 -4.7512 -2.7596 2.4863 -6.5050 -5.4814 2.2597 -0.9185 -3.3204 0.5397 -2.1141 -4.9169 
36.7218 26.8812 -4.8945 -2.3372 3.4966 -5.6576 -5.6317 1.9412 -0.5542 -3.0909 0.3671 -1.7113 -4.3554 
35.7321 26.5030 -4.4099 -2.7285 2.8230 -5.3568 -5.1761 1.7285 -0.8802 -3.2369 0.1626 -2.0338 -4.8035 
34.9641 25.6422 -4.8663 -3.0564 2.3588 -5.7924 -5.3429 1.6865 -1.0373 -3.4707 -0.0640 -2.3320 -5.2374 
33.7569 25.2723 -3.7197 -2.5157 2.0322 -6.1162 -5.9035 0.9053 -1.3920 -3.6089 -0.2239 -2.0285 -4.7207 
32.9975 24.7573 -3.4145 -2.0725 2.4610 -5.3082 -4.8737 1.6470 -1.0860 -3.7450 -0.6548 -2.1699 -4.4069 
31.6005 23.9539 -2.6678 -1.4842 2.5005 -4.9254 -4.4031 1.4106 -1.6223 -3.8117 -0.2551 -1.5332 -3.7574 
30.6404 23.3354 -2.4600 -1.4911 2.5057 -4.2798 -3.7179 1.5906 -1.5193 -3.5530 -0.1094 -1.5577 -3.7904 
29.5699 23.1492 -1.4155 -1.4949 1.7417 -4.4817 -3.7326 1.7798 -0.5177 -2.7131 -0.1718 -1.3914 -3.1759 
28.8436 21.0716 -3.9339 -2.0458 2.1332 -5.4236 -5.1127 1.4878 -0.6857 -3.8985 -1.6084 -2.1293 -3.7711 
27.7204 20.9332 -2.7461 -1.9150 1.9096 -4.3653 -3.8808 1.9706 0.1421 -2.3101 0.0843 -0.5396 -2.4600 
24.5398 18.3939 -2.7720 -2.2224 0.9032 -4.6797 -4.0914 0.8461 -1.1116 -3.0293 -0.6812 -1.5701 -3.2406 
24.5957 18.7169 -2.2643 -1.9830 1.0173 -4.3456 -3.6501 1.3339 -0.4225 -2.3313 -0.2318 -1.1475 -2.6173 
22.5359 16.7295 -2.6470 -1.6459 1.3579 -4.0347 -3.6025 0.7009 -1.5580 -3.2580 -0.5321 -1.1133 -2.7854 
22.8000 16.5215 -3.7000 -2.4968 1.4195 -3.7063 -3.6947 0.5994 -1.1814 -2.6939 -0.0575 -0.6981 -2.7089 
21.6075 15.9507 -2.9440 -2.0072 1.5970 -3.1692 -3.2856 0.7203 -0.6991 -2.0894 -0.0211 -0.9763 -2.8274 
21.3926 15.4674 -3.3504 -1.7434 2.3132 -2.4197 -2.4345 1.5138 -0.2368 -1.5348 0.9635 -0.0965 -2.4100 
21.1737 14.8244 -4.4227 -2.6742 1.7927 -2.8188 -3.0179 0.7117 -1.1894 -2.6463 -0.1685 -0.7995 -2.5485 
22.4646 15.5714 -4.8654 -2.4925 2.8486 -1.7804 -2.0394 1.6136 -0.7345 -2.2826 0.5121 -0.2254 -2.3077 
21.9845 15.1517 -4.9007 -2.5272 2.4966 -2.4204 -2.6298 1.4263 -0.7062 -2.5191 0.2277 0.0312 -1.7875 
21.6444 14.8020 -4.9940 -2.5076 2.3518 -2.8264 -3.0257 1.3865 -0.3851 -2.0472 0.7162 0.3504 -1.8345 
21.7174 14.7248 -5.3418 -2.6496 2.9095 -1.8820 -2.4276 1.3477 -1.0774 -3.3385 -0.6314 -0.3426 -1.7710 
21.4393 14.6233 -5.1148 -2.7187 2.3173 -2.4974 -2.7129 1.2573 -0.9486 -2.7627 0.1054 -0.1035 -2.1346 
21.0991 14.2157 -5.1659 -2.2678 2.8407 -2.3945 -2.9829 0.9229 -1.1650 -2.7992 0.1893 0.0162 -1.9180 
20.2624 13.7567 -4.6346 -1.7468 3.0275 -2.1837 -2.8325 0.7666 -1.5620 -3.3346 -0.2900 -0.1778 -2.1148 
19.7391 13.1549 -5.0631 -2.2396 2.4842 -2.4328 -2.7189 0.9387 -1.4618 -3.3655 -0.7755 -1.0526 -2.6819 
20.0540 13.5030 -4.8183 -1.7603 3.3824 -1.6415 -2.6042 0.7759 -1.1182 -2.4962 0.1769 -0.2018 -1.9875 
20.0034 13.7643 -4.1270 -1.3636 3.0499 -2.0950 -2.4648 1.2814 -0.7998 -2.3525 0.3121 -0.1528 -1.9244 
18.6148 12.5572 -4.5434 -2.1519 2.1499 -2.2870 -2.4521 0.9113 -1.1461 -2.5160 -0.1334 -0.8847 -2.3782 
18.1532 12.0107 -4.7882 -1.8611 2.9713 -1.4809 -1.9636 1.4557 -0.5915 -2.3634 0.2456 0.3912 -1.3332 
19.1589 13.1104 -4.1752 -1.5699 2.8016 -2.0274 -2.5436 0.7318 -1.5422 -3.1210 -0.2050 0.0381 -1.4083 
19.0995 13.0067 -4.4114 -1.8022 2.9661 -1.6530 -2.3575 1.1737 -0.4102 -1.9743 0.1553 -0.3644 -2.1347 
18.4363 11.4588 -6.1950 -2.5134 2.7538 -2.1603 -2.4889 1.4266 -0.6990 -2.6071 -0.1159 -0.3095 -1.7507 
18.2449 11.7308 -5.2859 -1.8566 2.9560 -2.0855 -2.7082 0.7621 -1.3270 -2.7180 0.1836 -0.1018 -1.9955 
18.6761 11.9922 -5.5649 -1.9975 3.5364 -1.2486 -2.3062 0.9231 -0.9772 -2.3137 0.4968 0.2684 -1.5569 
19.3165 12.4799 -5.4763 -1.9187 3.1231 -1.9609 -2.1651 1.5401 -1.2714 -3.1480 0.2390 0.1856 -2.0835 
18.8862 11.8177 -5.9034 -1.6505 3.7626 -1.7730 -2.6521 1.0224 -1.1862 -2.8441 -0.1322 -0.6686 -2.4370 
19.3238 11.9541 -6.1107 -1.3349 4.1236 -2.1020 -2.9500 1.2869 -1.1998 -3.3336 -0.0612 0.0187 -2.2508 
20.0659 12.3123 -6.7965 -2.0938 4.0116 -1.7260 -2.6169 1.2061 -1.4767 -3.3066 0.2274 0.2949 -1.7889 
20.7922 11.9634 -8.1127 -1.7216 5.0972 -2.1809 -3.5230 1.3983 -1.0733 -3.5654 -0.3603 -0.4951 -2.7447 
23.6291 12.4461 -11.0271 -1.7742 7.3455 -1.9639 -4.1226 2.2728 -0.3628 -3.7798 -0.0060 0.2382 -2.6764 
23.3650 11.9369 -11.7062 -2.2506 7.5064 -1.3334 -3.9539 1.5275 -1.1258 -3.8606 0.0362 0.3162 -1.7202 
25.2270 14.4161 -10.0636 -2.3001 6.2499 -1.8305 -2.8751 2.6200 -1.2126 -4.2146 0.2885 0.6812 -1.7689 
26.5140 15.3520 -10.7655 -3.7428 5.1187 -2.6032 -3.4687 2.5558 -0.5776 -3.3633 0.7956 0.5502 -2.4889 
24.5915 16.8246 -4.9961 -0.7535 5.2782 -1.6952 -3.1580 1.4523 -0.7763 -3.0461 0.2041 0.5932 -1.1709 
29.9254 22.8330 -1.9067 0.6648 6.2017 -2.1634 -6.0472 -2.4201 -3.1170 -3.6295 -0.4160 -0.4727 -1.2108 
30.6887 23.8526 -1.7423 -0.6155 4.7938 -2.4752 -6.2231 -3.4417 -4.1097 -3.8810 -0.7814 -1.5330 -2.1465 
32.0669 24.7277 -2.0435 -0.3202 5.7632 -1.9080 -5.9255 -2.8433 -3.2562 -2.8275 0.3408 -0.7808 -1.7753 
32.0293 24.1571 -2.8989 -0.5376 5.5357 -2.7730 -6.4473 -2.6440 -3.4128 -3.6450 -0.3353 -1.0511 -1.9989 
33.0447 24.3134 -4.1040 -1.1258 5.5280 -2.8254 -5.7063 -1.3387 -2.9754 -3.7205 0.1622 -0.5283 -1.9953 
31.5625 24.6372 -1.6429 -0.4427 5.5979 -1.5856 -6.0255 -3.5723 -3.5650 -2.7231 0.0225 -1.1727 -1.4467 
32.9246 25.4634 -2.4447 -1.4378 5.1388 -1.8052 -5.9433 -3.1911 -3.5094 -3.1411 -0.3428 -1.5273 -2.2438 
32.1491 24.8310 -2.1572 -0.6566 5.8025 -1.3539 -5.7553 -3.5282 -4.0910 -3.4062 -0.4670 -1.7387 -2.0084 
33.9755 25.3429 -3.7624 -1.1947 5.7147 -2.5786 -6.1353 -2.1368 -3.2848 -3.7533 -0.2831 -1.1304 -2.0813 
31.6304 24.3524 -2.4068 -1.1322 5.2194 -1.6161 -5.7793 -3.6473 -4.3399 -3.6264 -0.5372 -1.6350 -1.8088 
33.9153 26.2905 -2.3398 -1.3299 5.2816 -1.7513 -5.5657 -2.5627 -3.1815 -2.9995 0.0645 -0.7975 -1.2209 
34.4746 26.7160 -2.6856 -2.1648 4.6928 -1.7299 -5.5627 -3.2838 -4.0512 -3.1105 0.2071 -1.1607 -1.3734 
36.7729 27.3061 -4.9399 -3.1740 4.4997 -3.1569 -6.2808 -2.1447 -3.3857 -3.5912 0.1282 -0.8870 -1.6481 
35.9725 27.1391 -3.9887 -2.6803 4.2991 -3.2112 -6.2066 -2.1573 -3.1031 -3.1062 0.1339 -1.2694 -1.5086 
37.1706 27.7153 -4.6965 -3.0304 4.2750 -3.5708 -6.0613 -1.1717 -2.5225 -3.3326 0.0119 -1.1626 -1.8850 
37.1499 28.1140 -4.1644 -3.4184 3.3638 -3.9797 -5.9912 -0.9470 -2.1405 -3.0886 -0.2031 -1.6215 -2.2562 
38.5477 27.9130 -6.4322 -4.0448 3.8240 -4.7230 -6.6992 -0.5634 -2.1918 -3.8071 -0.3741 -1.6544 -3.1214 
38.3530 28.3189 -5.4476 -3.9207 3.1547 -4.8417 -6.0647 0.1376 -1.3117 -2.4792 0.4761 -2.1465 -3.8859 
37.9185 27.9028 -5.6914 -4.4332 2.4737 -5.0301 -5.7220 0.2640 -1.7246 -3.0629 -0.0902 -2.7509 -4.3479 
37.5633 27.8807 -5.1613 -4.2622 2.1034 -5.1435 -5.3259 0.5944 -1.5836 -2.6998 0.2844 -2.9190 -4.6710 
37.4741 28.4661 -4.2155 -4.1545 2.3245 -4.1324 -4.6746 0.9050 -0.7226 -2.0593 0.1627 -2.7275 -4.0895 
36.5467 27.6166 -4.2827 -4.2584 1.6397 -4.5079 -4.4379 0.5896 -1.5449 -2.2857 -0.0241 -3.5331 -4.4390 
37.3660 28.0333 -4.8102 -4.6232 1.8445 -4.0157 -3.9470 0.5979 -2.0004 -2.3541 0.4776 -3.2184 -4.4836 
38.2738 28.5578 -5.3114 -4.7917 2.4738 -3.7500 -4.1658 1.1243 -1.1442 -2.5407 0.1334 -2.3956 -3.7201 
37.7888 28.3497 -5.0835 -5.0219 1.9779 -3.6062 -3.6029 1.1207 -1.7753 -3.0001 0.1231 -2.4112 -3.9102 
36.7456 27.4904 -4.7066 -3.9611 2.8133 -3.1317 -3.1133 1.4836 -1.9933 -3.5936 -0.1142 -1.9147 -2.9539 
35.3324 26.0682 -5.0389 -3.7213 2.7515 -3.8460 -3.7105 1.9391 -1.1348 -3.6551 -0.7741 -2.1503 -3.1483 
34.0929 24.8963 -5.1280 -3.1014 3.4378 -3.7646 -4.1507 1.9402 -0.6534 -3.6389 -0.8095 -1.2008 -2.2592 
34.6936 23.1269 -8.5929 -3.1272 4.9200 -4.7215 -5.2773 2.5826 -0.7649 -4.9441 -1.0111 -0.6375 -2.8745 
36.1666 21.8815 -12.4000 -3.1142 7.2987 -4.6746 -6.0574 2.9716 -0.7787 -5.2038 -0.1692 0.2335 -2.6809 
37.2819 21.6544 -14.2227 -3.0419 8.9961 -4.0783 -6.4715 2.9214 -0.5230 -4.7050 0.7702 0.9296 -2.5262 
35.8820 20.1490 -15.1075 -3.8636 8.4598 -3.7112 -5.5611 3.5257 -0.3540 -4.6444 0.8266 0.9848 -2.5600 
34.4735 18.6796 -15.3932 -3.3951 8.5459 -4.2758 -5.9704 3.5820 -0.3598 -4.9057 0.5595 0.7379 -2.6668 
34.8903 19.2395 -14.7073 -2.7211 8.5873 -4.5365 -5.6038 4.0814 -0.7081 -5.4532 0.7200 0.9810 -2.9766 
34.4450 18.0372 -15.8124 -2.4289 8.9889 -5.0614 -6.0356 3.6864 -1.8238 -6.3599 0.3904 0.0652 -4.1490 
34.2198 18.2100 -14.9561 -1.5956 9.4328 -4.7755 -5.5427 4.5219 -1.0375 -5.9391 1.0254 1.4160 -2.7417 
32.9468 16.8246 -15.3237 -1.1572 9.7505 -5.1021 -6.3067 3.6340 -1.6557 -5.9194 1.2668 1.0695 -3.6617 
32.1289 15.9519 -15.7806 -1.5401 9.4722 -4.7575 -5.1381 5.1335 -0.5422 -5.4854 1.4081 1.4878 -3.0048 
32.0859 15.9449 -16.1454 -2.3909 9.2346 -4.1839 -5.1028 4.5015 -0.5852 -4.9333 1.6866 1.6385 -2.7094 
31.6305 15.9232 -16.0979 -3.3582 8.7394 -3.4582 -4.9338 3.9054 -0.5265 -4.6362 1.4620 1.6164 -2.6661 
30.7416 15.7770 -15.4283 -3.9984 7.4446 -3.6111 -4.4216 3.9425 -1.0753 -5.5729 0.6690 1.4981 -2.5025 
29.6992 16.1780 -13.2862 -3.3615 6.9546 -3.5702 -5.1603 1.9550 -2.1703 -5.4550 0.2313 0.3114 -3.3892 
32.4218 20.7505 -8.7814 -1.0259 8.0933 -1.7177 -3.4058 2.5160 -1.9458 -4.9663 0.5227 0.4544 -3.0079 
39.5413 26.7152 -10.1002 -5.0267 6.2441 -1.9067 -4.4137 0.8989 -2.4420 -4.4558 0.3786 -0.7327 -3.7828 
42.2215 28.4834 -10.8941 -5.6024 6.2245 -2.4855 -4.9178 0.9340 -2.4568 -4.2808 1.0080 -0.2523 -3.2864 
41.6878 28.6425 -10.3220 -6.2947 5.4750 -2.1744 -4.9964 0.0918 -2.8101 -4.2464 0.8894 -0.2092 -3.3421 
39.7897 27.6795 -8.8945 -5.0477 5.4178 -2.3530 -4.6436 0.6583 -2.2302 -3.9253 0.7653 -0.3059 -3.0984 
40.1405 28.0068 -9.4484 -6.2843 5.1687 -1.6530 -4.6636 0.1734 -2.1039 -3.8082 0.5781 -0.0520 -2.9339 
39.2392 27.8652 -8.3622 -5.8992 4.7382 -1.7102 -4.4327 0.2868 -1.7077 -3.2435 0.6556 -0.2684 -2.8439 
40.2203 28.6383 -8.6396 -6.3706 4.8291 -1.5386 -4.8149 -0.2892 -2.0134 -3.4384 0.5059 -0.2420 -2.8330 
39.5547 28.4786 -7.7419 -5.7691 4.5457 -1.7805 -4.5643 -0.1375 -2.0300 -3.2233 0.6816 -0.3133 -2.6621 
40.0184 28.5361 -8.4617 -6.2217 4.6612 -1.9535 -5.1600 -0.3253 -1.8732 -3.4910 0.2997 -0.1390 -2.4646 
38.7660 28.0624 -7.3933 -5.8518 3.9307 -2.1865 -4.7608 -0.4035 -2.2424 -3.4131 0.3923 -0.5201 -2.8538 
36.1979 26.5406 -6.2833 -5.1487 3.8223 -1.7671 -4.4274 -0.7445 -2.3546 -3.2236 0.2059 -0.8551 -3.1302 
34.9934 25.6232 -5.6217 -3.6701 4.7269 -1.8189 -4.5957 -0.3701 -1.7984 -3.0290 0.2575 -0.5118 -2.8664 
34.2985 24.5161 -6.2754 -3.4407 4.5838 -2.7390 -4.7885 0.2129 -2.1855 -4.4641 -0.7790 -0.8755 -3.1014 
33.8703 24.9690 -5.0245 -3.3050 4.3449 -1.9893 -4.2364 -0.2643 -2.2852 -3.5480 0.1679 -0.3178 -2.7070 
33.1401 25.0594 -3.8263 -3.0232 3.7587 -2.1057 -4.1948 -0.6438 -2.3014 -2.9476 0.4032 -0.6492 -2.7415 
35.6382 26.5603 -4.8885 -3.9791 3.3864 -2.3803 -4.0608 -0.8085 -2.8597 -2.4651 1.1052 -1.4979 -3.4544 
36.5064 26.8536 -5.8660 -4.7881 3.2961 -2.4711 -4.3391 -1.0494 -3.4599 -3.5013 0.4639 -1.5831 -3.7933 
37.6810 27.2380 -6.6790 -4.4190 4.5906 -2.1743 -4.5884 -0.4890 -2.6191 -3.1100 0.8567 -1.1266 -3.6974 
37.2561 26.4970 -7.3537 -4.7660 4.1512 -2.7892 -5.0004 -0.8385 -3.0318 -3.3888 0.3945 -1.8994 -4.0981 
37.5490 26.3192 -7.6079 -3.6826 5.4767 -2.7530 -5.0279 0.2905 -2.0675 -3.3965 0.7277 -0.9185 -3.8203 
35.7974 26.5941 -4.8673 -3.5387 3.7965 -2.3411 -3.5766 0.1908 -2.7390 -3.0970 1.4304 -0.8293 -4.3847 
34.3346 25.6797 -4.9362 -4.4669 3.3256 -1.3410 -2.8994 0.0544 -2.7611 -3.7597 0.1804 -0.5415 -2.9038 
33.6671 25.2534 -4.5645 -3.8603 3.9854 -0.6426 -2.8854 -0.8828 -3.4503 -3.4866 0.4341 -0.9231 -3.3280 
32.4738 24.0606 -4.8887 -3.9248 3.5494 -1.3432 -3.5367 -1.5858 -4.2708 -4.0972 0.0872 -1.4601 -4.1586 
32.9079 24.2241 -4.7290 -2.6093 5.2638 -0.4087 -2.8514 -0.6475 -3.6888 -3.8344 0.8444 -0.1997 -3.0316 
33.0247 24.3191 -5.0730 -3.4290 4.7644 -0.2493 -2.5532 -0.3097 -3.0922 -3.3474 0.8958 -0.4068 -3.4622 
32.8612 24.1880 -5.0893 -3.4973 4.6446 -0.3743 -2.9100 -0.9425 -3.4913 -3.2798 0.9632 -0.5089 -3.3448 
32.8723 24.1341 -5.1732 -3.5405 4.5029 -0.5952 -3.1093 -1.3435 -4.1417 -3.7415 0.8395 -0.5409 -3.2550 
33.4755 24.2645 -5.8492 -3.8295 4.6065 -0.8599 -3.3138 -0.7953 -3.4451 -3.6547 0.5640 -0.8098 -3.5246 
32.0602 23.7075 -4.3847 -2.2984 5.3623 -0.4893 -3.3329 -0.9315 -3.1337 -3.1916 0.8885 -0.1170 -2.5323 
30.8784 23.0235 -3.8303 -2.0044 5.0662 -0.6324 -3.2209 -0.6860 -2.6773 -2.9812 0.4151 -0.7324 -2.6739 
30.0062 22.3545 -3.3948 -1.0269 5.7125 -0.3624 -2.7437 -0.0722 -2.6147 -3.2710 0.7520 0.1377 -2.3495 
28.8734 21.5962 -3.0464 -0.8462 5.4962 -0.1239 -2.1919 0.1130 -2.5260 -3.2041 -0.0462 -1.2723 -2.9051 
27.6078 20.7880 -2.6285 -0.4735 5.6646 0.0381 -2.4021 -0.2156 -2.6386 -3.4634 -0.1636 -0.7685 -2.6292 
26.4072 19.6917 -2.5690 0.0112 5.5712 -0.3539 -2.0448 0.7752 -2.1347 -3.5831 0.0504 0.0376 -2.0363 
26.3868 19.4467 -3.0875 -0.4625 5.2769 -0.4840 -2.0717 0.6379 -2.3905 -3.7079 -0.1617 -0.7387 -3.0052 
27.0436 19.4552 -4.0483 -0.7854 5.7280 -0.1913 -1.8432 1.4242 -1.0770 -2.6153 -0.2522 -1.9184 -3.8524 
25.5633 18.8967 -2.7440 0.1460 6.0107 0.4007 -1.2471 1.5654 -1.3857 -3.3631 -0.4557 -0.5256 -2.0095 
24.2168 17.2040 -3.8689 -0.4135 5.6943 0.2967 -0.9572 1.9541 -1.2751 -3.2102 0.0214 -0.3481 -2.6680 
24.1182 17.2693 -3.6404 -0.2653 5.9040 0.4204 -1.1261 2.1240 -0.5435 -2.9882 -0.5702 -0.5990 -2.2656 
23.8908 17.1916 -3.1143 0.4827 6.0671 0.2279 -1.0214 2.1016 -0.9335 -2.8280 0.2799 -0.0241 -1.9498 
23.8237 16.8950 -3.6169 0.2039 6.1083 0.2722 -1.0020 2.4334 -0.2733 -2.2910 0.4297 -0.0164 -1.8159 
23.8173 17.1107 -3.0977 0.6031 6.1426 0.2055 -0.9473 2.3657 -0.7743 -3.1024 -0.2588 -0.3383 -1.9768 
24.3811 17.9718 -2.3104 0.9788 6.0216 -0.3564 -1.9115 1.1765 -1.9556 -4.0856 -0.8277 -0.5176 -2.0769 
25.8690 20.1078 -0.7972 1.1086 5.5290 -0.4883 -2.1064 0.4515 -2.5503 -4.0199 -0.4743 -0.2952 -1.9857 
27.8107 21.7093 -1.0807 0.2620 5.1849 -0.5326 -2.5250 -0.6085 -3.6221 -4.2886 -0.2636 -0.4118 -2.1713 
29.9819 23.1578 -1.8464 -0.3594 5.6603 0.0194 -2.6476 -1.4484 -4.5998 -4.4747 0.2881 0.0741 -1.7559 
31.3796 24.4401 -1.9016 -1.1461 5.0163 -0.3252 -3.1107 -2.1487 -4.9899 -4.1619 0.7382 -0.0157 -1.9701 
32.7230 25.4950 -2.2163 -1.6519 5.0800 -0.5376 -4.1309 -2.8850 -4.6579 -3.5625 0.8900 -0.0159 -1.9392 
35.3120 26.4035 -4.0431 -1.8612 5.4970 -2.1548 -5.4316 -2.0267 -3.8530 -3.5810 1.3553 0.4099 -2.2464 
34.4328 25.8548 -4.0090 -2.4298 4.6637 -2.6526 -6.3226 -3.3456 -4.3418 -3.1217 1.5833 -0.0177 -2.8808 
34.9003 26.4034 -3.8186 -2.4664 5.0043 -1.9519 -6.0863 -3.5772 -3.9448 -1.8856 2.5221 0.1255 -2.7999 
36.3296 27.2176 -4.4591 -2.7455 5.2235 -2.1698 -6.1705 -2.7747 -2.9630 -1.4188 2.6274 -0.0659 -3.1931 
36.5797 27.6569 -4.4072 -3.3712 4.9858 -1.7126 -6.2050 -3.3176 -2.8364 -0.8075 2.7324 -0.3311 -3.3170 
36.7691 27.5520 -4.7955 -3.3449 5.0881 -2.2036 -6.6294 -2.8129 -2.1032 -0.8775 2.2128 -0.5803 -3.4558 
37.6754 27.7161 -5.8427 -3.7778 5.3593 -2.1526 -6.5846 -2.6126 -2.1974 -1.0238 2.3624 -0.5878 -3.7063 
37.9142 27.6593 -6.2492 -3.9296 5.1876 -2.6282 -6.6671 -2.0309 -1.8182 -1.3326 1.8960 -0.7523 -3.7054 
37.7586 28.2412 -5.5261 -4.6492 4.6218 -1.6647 -5.8646 -2.1192 -1.5768 -0.8827 1.8521 -0.7653 -3.5235 
37.6631 28.0425 -5.8811 -5.1667 4.1758 -1.6230 -5.4013 -1.9247 -1.9258 -1.2921 1.6257 -0.9824 -3.6213 
37.7140 27.9402 -6.0201 -5.1211 3.9952 -1.9364 -5.1314 -1.3544 -1.8929 -1.5523 1.6441 -0.9673 -3.9205 
37.5741 27.5836 -6.1207 -4.4660 4.4596 -2.3333 -5.2228 -0.5454 -1.5585 -2.2386 1.3554 -0.3753 -3.7298 
36.4383 27.1863 -5.3016 -4.4190 3.9452 -2.1507 -4.6826 -0.1409 -1.2617 -2.5980 0.4754 -0.5427 -3.3593 
36.1155 27.0749 -4.9605 -4.3811 3.4317 -2.1943 -3.8613 0.2491 -1.8871 -3.0611 0.6044 -0.6212 -3.4665 
35.3107 26.7711 -4.3776 -4.3254 3.1008 -1.6593 -2.7406 0.5554 -2.6526 -3.8121 0.6640 -0.1455 -3.2712 
33.1419 25.0925 -4.0908 -3.7452 3.6065 -0.7767 -2.2407 0.3163 -2.6109 -3.3422 0.6295 -0.5541 -3.3283 
32.1803 24.1310 -4.4372 -3.8418 3.7020 -0.4953 -2.1073 0.4574 -1.9663 -2.7531 0.2814 -1.2294 -3.4879 
32.0738 24.5291 -3.8098 -3.9829 3.6021 0.1669 -1.6385 0.3074 -2.1745 -3.0116 0.0461 -0.9355 -3.0103 
32.6840 24.1318 -5.0742 -3.7482 4.3028 -0.6553 -2.8073 0.1359 -2.1860 -3.3320 -0.1373 -1.1581 -3.4276 
31.1581 23.3117 -4.0289 -2.8496 4.2856 -0.5184 -2.4991 -0.3894 -3.1760 -3.6851 -0.0175 -1.1618 -3.3522 
30.9719 23.3963 -3.4224 -2.0674 5.0361 -0.0655 -2.5627 -0.5574 -3.0337 -3.4723 0.2605 -0.3366 -2.1928 
30.3716 23.0108 -3.2664 -2.0394 4.9279 -0.0561 -2.6975 -0.8208 -2.9138 -3.0320 0.4170 -0.5632 -2.4118 
29.3350 22.4833 -2.5683 -1.4156 5.1745 0.2688 -2.3718 -0.4211 -2.2148 -2.6247 0.0428 -1.1479 -2.7255 
28.9293 21.7651 -2.9086 -0.7061 6.0699 0.4391 -2.4004 -0.2211 -2.2038 -2.8298 -0.0809 -1.3512 -3.0570 
28.1506 21.2337 -2.7168 -0.6818 5.7311 0.2923 -2.3195 -0.3185 -2.3908 -2.6145 0.5974 -0.7875 -3.1126 
28.2221 21.1558 -2.9501 -0.7669 5.6364 0.0085 -2.2018 0.5867 -1.6218 -2.8501 0.0562 -0.6231 -2.4697 
27.6464 20.6105 -3.2641 -1.3189 5.0698 -0.0745 -2.0805 0.4271 -1.9529 -3.2587 -0.6106 -1.2786 -2.6921 
26.8559 19.4908 -3.8348 -0.7504 6.0777 0.4095 -1.9269 0.7460 -1.5766 -2.9765 -0.3968 -1.1244 -2.2959 
25.5320 18.4688 -3.6968 -0.7768 5.2450 -0.5687 -2.2962 1.0401 -1.1662 -2.7497 -0.0388 -0.8492 -2.9879 
24.6755 17.8583 -3.5038 -0.5093 5.5789 0.1608 -1.5860 1.2431 -1.3397 -2.9803 -0.0402 -0.4327 -2.4156 
24.1710 17.7998 -2.8568 -0.2198 5.5443 0.4166 -1.3388 1.1928 -1.2202 -2.5804 0.2856 -0.0310 -1.6916 
24.1478 17.4977 -3.4414 -0.5070 5.7439 0.7827 -0.8640 1.8535 -0.7666 -2.5873 0.3063 0.2059 -1.9306 
23.7580 16.7905 -4.1538 -0.8689 5.4309 0.2271 -1.2568 1.9043 -0.5958 -2.6130 0.0835 0.0730 -1.5349 
24.5076 17.9858 -3.1073 -0.3909 5.8358 0.8233 -1.3127 0.9005 -1.5172 -2.7522 0.3717 0.3872 -1.2999 
24.3723 17.9817 -2.6928 0.1734 5.9517 0.4606 -1.5515 0.9496 -1.6675 -3.2751 -0.1653 -0.0491 -1.9132 
25.2360 18.7846 -2.4059 0.4714 6.2136 0.4458 -1.6225 1.0423 -1.3951 -2.9718 -0.3116 -0.7305 -2.3465 
26.0165 19.7827 -1.9418 0.1723 5.7650 0.4123 -1.7042 0.1892 -2.8291 -4.0716 -0.5802 -0.5871 -2.2376 
26.4823 20.4892 -1.2446 0.7881 6.3662 0.7914 -1.8915 -0.4591 -3.6170 -4.7551 -0.7320 -0.0080 -1.4980 
28.0469 22.1431 -0.8802 0.0538 5.4462 0.3960 -1.8313 -0.2267 -3.1438 -4.1399 -0.5140 -0.2935 -1.7228 
28.9873 22.7002 -1.3368 -0.2933 5.5107 0.2985 -2.2539 -0.7175 -3.4488 -4.1636 -0.4837 -0.3418 -1.6303 
27.5251 21.4880 -1.1022 0.4178 5.7378 -0.1494 -3.1766 -1.8335 -4.5404 -5.0362 -0.9480 -0.6084 -2.1426 
29.9873 22.3206 -3.2352 -0.8215 5.0292 -2.0507 -4.1399 -0.6110 -3.2615 -4.5860 -0.6370 -0.7598 -2.5795 
29.9801 23.4386 -1.1173 0.3597 5.6532 -1.0318 -3.8213 -1.3746 -3.5579 -3.9025 0.1842 0.0633 -1.5464 
30.6576 23.5355 -2.2956 -0.7430 5.3761 -1.4487 -5.1303 -2.6411 -3.6709 -3.2975 0.4663 0.0095 -1.3732 
31.6928 24.4984 -2.1349 -0.9472 5.0149 -1.8614 -5.4063 -2.8634 -3.7268 -2.7109 1.3886 0.3225 -1.6329 
31.3183 23.9437 -2.8612 -1.6650 4.8209 -1.9010 -6.1276 -3.7384 -3.7069 -2.3475 0.9545 -0.6502 -2.2671 
34.1016 25.2013 -4.7476 -2.4041 5.7213 -1.9394 -6.9239 -3.7452 -2.9578 -1.2305 1.9945 -0.5522 -2.6865 
32.2907 24.1476 -3.6279 -1.3126 5.6979 -1.8758 -5.7409 -1.9650 -1.8439 -1.3310 1.5175 -0.4682 -2.4774 
32.0027 23.8486 -4.3205 -2.4097 5.6908 -1.1569 -6.5447 -3.7016 -1.9832 -0.2589 1.8149 -0.8251 -2.5670 
34.2342 26.1188 -4.3197 -4.2516 4.3121 -0.9514 -6.1140 -3.9766 -2.0440 0.3981 2.2905 -1.1706 -3.2518 
33.1449 24.7467 -4.5752 -3.2918 4.5264 -1.7281 -5.5255 -2.0412 -1.4618 -0.7331 1.3543 -1.5413 -3.8357 
33.1226 24.9044 -4.6911 -4.1426 4.0133 -1.5460 -6.0393 -3.3051 -1.8205 -0.0802 1.6865 -1.6328 -3.6603 
32.3990 24.3512 -4.5643 -4.1998 3.2857 -2.0630 -5.4619 -2.2376 -1.3450 -0.2074 1.5018 -1.8252 -4.0040 
31.8847 23.7297 -5.2746 -5.0586 2.9476 -1.9532 -5.7870 -2.7705 -1.3284 -0.1099 1.1640 -2.0026 -3.8098 
31.7902 23.2657 -5.4653 -4.3662 3.0808 -2.5703 -5.3119 -1.6251 -1.5463 -1.3483 0.1706 -2.8645 -4.4191 
31.9213 24.0884 -4.3184 -4.0005 3.4627 -1.5652 -4.7395 -1.5873 -1.1516 -0.8116 0.6406 -1.9292 -3.4783 
29.5492 21.5865 -5.0972 -4.0815 2.4392 -3.1563 -5.1672 -1.1244 -1.7364 -2.4206 -0.1349 -1.6680 -3.7305 
30.8118 23.6207 -3.7556 -4.4515 2.2819 -1.6559 -4.1032 -1.9282 -2.5679 -2.0257 0.3953 -1.6115 -3.4814 
27.3953 20.6791 -3.5516 -3.5631 1.7608 -2.5876 -3.5243 0.0477 -0.8701 -1.4018 0.6652 -1.0607 -3.0550 
31.6501 23.5860 -5.0305 -4.5807 3.9212 0.4790 -2.4536 -1.2660 -2.8514 -2.5412 0.2005 -1.0619 -2.1116 
28.6466 21.3846 -3.9573 -2.8858 4.0643 -0.5016 -3.0988 -0.8352 -1.8655 -1.8299 0.6481 -0.7351 -2.2526 
28.2725 20.8640 -4.3147 -3.0140 4.0408 -0.1117 -2.0386 -0.0893 -2.5992 -3.4709 -0.5567 -1.4702 -3.2048 
26.6346 18.9966 -5.2049 -3.2314 3.7549 -0.6430 -2.3208 -0.0499 -2.8479 -4.1089 -0.9036 -1.3123 -3.0736 
24.7918 17.8121 -4.1413 -1.8175 4.0945 -0.8676 -2.2306 0.4609 -2.0362 -2.7839 0.9136 0.2329 -2.2877 
24.4766 17.7357 -3.9887 -2.0171 3.9885 -0.6600 -2.4351 -0.0204 -2.1035 -3.1584 -0.4709 -0.9615 -2.3906 
23.1737 16.6439 -3.8298 -1.6525 3.7592 -0.6909 -1.3420 1.4862 -1.3622 -2.9803 -0.1226 -0.6021 -2.3615 
22.9419 16.3343 -4.0721 -1.7505 3.6306 -1.3548 -2.5041 0.6643 -1.4212 -2.5962 0.5336 0.1207 -2.1165 
21.1935 14.5519 -4.7821 -2.1619 3.1834 -1.5917 -2.5828 0.6182 -1.3155 -2.4749 0.4174 -0.0185 -2.0627 
21.0099 14.6295 -3.8768 -0.7657 4.0618 -1.3470 -2.0151 1.6743 -0.7297 -2.7485 -0.2011 -0.6898 -2.7365 
20.1503 13.6911 -4.6526 -1.8319 3.1328 -1.6714 -2.1050 1.5847 -0.6116 -2.5860 -0.2073 -0.5464 -2.3206 
19.9308 13.6497 -4.6134 -2.3772 2.3666 -1.8622 -2.0160 1.2575 -1.0741 -2.5600 0.1410 -0.3926 -2.4168 
19.2611 13.1647 -4.2985 -1.6820 2.8939 -2.0087 -2.8306 0.6612 -0.7974 -1.8437 0.6936 -0.0928 -2.2349 
18.6914 12.5926 -4.4377 -1.5717 3.1868 -1.3462 -2.0337 0.8352 -1.5157 -2.9041 -0.1979 -0.7346 -2.7090 
18.6504 12.6163 -4.2977 -1.6443 2.5668 -2.1089 -2.2096 1.2477 -0.9627 -2.3031 0.4554 -0.2246 -2.3797 
18.6854 12.5559 -4.4175 -1.5153 2.9523 -1.8102 -2.2128 1.0239 -1.2319 -2.4352 0.6292 0.2506 -1.8164 
19.0572 13.1098 -3.7738 -0.7936 3.4452 -1.8648 -2.3603 1.4774 -0.6724 -2.6926 -0.0283 0.0263 -1.8786 
18.5658 12.4136 -4.4813 -1.4799 2.9219 -2.1306 -2.5014 1.3584 -0.6335 -2.5491 -0.1300 -0.2976 -2.0816 
18.8941 12.6680 -4.3297 -0.9655 3.6194 -1.6822 -2.2586 1.4187 -0.9215 -2.8647 -0.0134 0.0360 -1.8725 
18.6113 12.5965 -4.4717 -1.9778 2.5418 -1.9893 -2.4297 1.0718 -0.8745 -2.5458 0.0489 -0.0644 -2.0188 
18.9489 13.0502 -3.8153 -0.9377 3.4692 -1.6062 -2.2157 1.5426 -0.4091 -2.5650 -0.4347 -0.4432 -1.8595 
18.2292 12.2076 -4.4788 -1.6056 3.1230 -1.2539 -1.5409 1.9166 -0.3169 -2.3191 0.0893 0.0656 -1.6567 
18.3246 12.2908 -4.2443 -1.0305 3.5726 -1.4009 -2.1974 1.0312 -1.0552 -2.5712 0.1129 -0.0461 -1.8509 
18.7166 12.6375 -4.2773 -1.0316 4.0376 -0.8421 -1.9352 1.4645 -0.2895 -2.2263 -0.1415 -0.1425 -1.4214 
17.4543 11.7533 -3.9505 -0.8490 3.5817 -1.3221 -2.2892 0.9720 -0.7933 -2.4356 0.0934 0.4561 -0.9192 
17.3096 11.1764 -4.8884 -1.3997 3.6043 -1.1660 -2.4558 0.2704 -1.6056 -2.6756 0.1488 -0.0047 -1.7274 
17.6124 11.8601 -3.8458 -0.6323 3.5621 -1.4836 -2.1861 1.0061 -1.0514 -2.4406 0.1619 -0.1955 -1.8328 
18.2013 11.8943 -5.0099 -1.8798 2.8728 -2.0305 -2.8282 0.5665 -1.1609 -2.3388 0.4545 0.2126 -1.5590 
17.1333 10.7195 -5.5580 -1.9899 3.0043 -1.8010 -2.6567 0.5883 -1.3934 -2.7927 0.1784 0.3660 -1.2551 
17.0366 11.1646 -4.8404 -2.2169 2.5030 -1.4211 -1.9788 0.8994 -1.0570 -2.5661 -0.2827 -0.3070 -1.3990 
17.4373 11.7102 -4.0024 -1.0525 3.0803 -1.6584 -2.0844 1.0792 -1.2620 -2.9211 -0.2324 -0.2523 -1.7339 
17.3955 11.6841 -4.1486 -1.4238 2.8752 -1.4735 -1.8847 1.0473 -1.3446 -2.9379 -0.2108 -0.2750 -2.0530 
16.6144 10.7381 -4.8976 -2.0230 2.5829 -1.6826 -2.2829 1.0314 -0.5954 -2.2759 -0.2208 -0.2415 -1.4967 
17.6097 11.5638 -4.6070 -1.3912 3.2502 -1.3435 -1.7053 1.6039 -0.8713 -2.7691 0.0627 0.2253 -1.5030 
17.1612 11.6712 -3.6828 -0.9384 2.9592 -1.9610 -2.8746 0.0680 -1.7275 -2.8391 -0.2179 -0.5142 -2.1885 
15.8848 10.1787 -4.7928 -2.0747 1.9087 -2.4758 -2.8042 0.4030 -1.6026 -3.2185 -0.6069 -0.1577 -1.3429 
16.7106 11.2286 -3.9147 -1.1732 2.9128 -1.5448 -1.9727 1.3781 -0.4354 -2.1499 0.0452 -0.1119 -1.7945 
16.5665 11.1493 -3.9365 -1.3315 2.7751 -1.7162 -2.5452 0.6534 -0.6625 -1.9787 0.0540 -0.2387 -1.6854 
19.2562 11.9354 -6.3758 -2.1768 3.3987 -2.1742 -2.9801 1.1711 -0.4125 -1.6409 1.1613 0.3337 -1.9825 
16.6755 11.1481 -4.0989 -1.4537 2.6638 -1.7523 -2.3038 0.9369 -0.7339 -2.2992 -0.2725 -0.6043 -2.0814 
15.8056 10.7063 -3.6474 -1.4351 2.1416 -1.9251 -2.1726 0.9211 -0.6545 -1.9777 0.0003 -0.2855 -1.4588 
15.0146 9.2640 -5.2080 -2.2198 2.0516 -2.0241 -2.3223 0.7704 -1.2473 -2.8765 -0.3957 -0.1212 -1.3849 
15.7657 9.8088 -5.0517 -1.5220 3.0262 -1.4365 -2.1112 0.7042 -1.2482 -2.3773 -0.0195 -0.4865 -1.6631 
16.5669 10.4840 -5.2879 -2.2407 2.4416 -1.9971 -3.0428 -0.2663 -1.7213 -2.6924 -0.7529 -1.4384 -2.4699 
18.0558 11.3701 -5.6480 -1.7590 3.7693 -0.9536 -1.9860 0.8066 -1.5185 -2.7358 0.1879 -0.1132 -1.5768 
17.0094 11.1730 -4.1052 -0.5861 3.4881 -1.6322 -1.9318 1.6412 -0.4180 -1.7537 0.9317 0.1097 -2.1429 
16.4120 10.4597 -4.8723 -1.6756 2.6633 -1.7306 -1.9944 0.9751 -1.3855 -2.7470 -0.0263 -0.2698 -1.7783 
15.9919 10.1568 -4.6243 -1.1028 3.3022 -1.0552 -1.3146 1.4387 -1.2994 -2.8296 0.0785 -0.0214 -1.8182 
16.9364 11.1182 -4.1912 -0.6994 3.6210 -1.3741 -1.9232 1.3880 -1.0529 -2.9613 -0.2623 -0.4948 -2.5432 
16.7355 9.9424 -5.9670 -1.3032 3.6456 -2.0342 -2.5746 1.4242 -1.0868 -3.2733 -0.2645 -0.2935 -2.4982 
19.0284 10.5609 -8.0503 -1.5762 5.1709 -1.3954 -2.1218 2.6401 -0.4526 -2.9917 1.1190 1.2253 -2.1695 
20.4912 11.6145 -8.3223 -1.6603 5.5521 -1.5838 -2.9545 1.8432 -1.2014 -3.8297 0.5001 0.7954 -2.7138 
17.6675 10.5970 -6.4729 -1.9578 3.9633 -1.1581 -2.2692 1.0072 -1.7548 -3.9739 -0.6887 -0.1965 -2.3161 
17.1342 10.4693 -5.9661 -1.8646 3.7598 -0.9550 -1.9268 1.1739 -1.3452 -3.2551 -0.0833 0.2826 -1.9487 
16.8432 10.2052 -6.3787 -3.0508 2.2662 -1.7181 -2.0418 1.0202 -1.3770 -2.9542 -0.0858 -0.0611 -1.6671 
17.1545 10.7245 -5.8611 -2.6904 2.7107 -0.9537 -1.1778 1.6831 -0.9836 -2.7747 0.0710 0.2328 -1.4842 
16.0966 10.0288 -5.4390 -2.4127 2.3050 -1.2716 -1.1676 1.3149 -1.7575 -3.1080 0.3360 0.3827 -1.6803 
16.9014 10.6280 -5.5196 -2.2036 3.0985 -0.6880 -1.1363 1.2975 -1.7053 -3.3429 -0.0140 0.3666 -1.4799 
17.6876 11.1983 -5.6246 -2.3167 2.8707 -1.3833 -1.9000 0.9309 -1.6045 -2.8447 0.4993 0.5978 -1.1256 
17.1560 10.7948 -5.6993 -2.5451 2.8322 -0.8407 -1.4094 0.7898 -2.0321 -3.1857 0.1214 -0.0060 -2.0562 
17.1644 11.1995 -4.7623 -1.7534 3.0524 -0.9838 -1.6277 0.5603 -2.2323 -3.1321 0.6792 0.8927 -1.3492 
16.8241 10.3468 -6.0361 -2.8608 2.2332 -1.5737 -1.6690 1.1685 -1.4208 -2.6798 0.4058 0.1035 -1.8213 
16.9391 10.9577 -4.8068 -1.6569 3.0582 -1.1293 -1.6495 0.8962 -1.8144 -3.3248 -0.4330 -0.5335 -2.3666 
16.9668 11.0727 -4.7483 -1.8408 2.9930 -0.7743 -1.2644 1.0481 -1.4661 -2.5878 0.1812 -0.3058 -2.0924 
16.3365 10.4229 -4.9780 -1.8631 2.8064 -1.4243 -1.9718 1.0125 -1.1944 -2.8095 -0.0925 -0.0337 -1.8463 
16.0914 10.2511 -5.0890 -2.3701 2.1992 -1.3885 -1.5430 0.9983 -1.4698 -2.7268 -0.0313 -0.4665 -2.2671 
15.8858 10.1156 -4.7854 -1.6796 2.6812 -1.5666 -1.9922 0.8493 -1.4831 -2.9673 -0.2525 -0.3337 -1.9205 
16.4729 10.3823 -5.1453 -1.7438 3.0392 -1.2221 -1.7140 1.0583 -1.3793 -2.7705 0.0457 -0.1512 -1.8758 
17.0492 10.9739 -4.9097 -1.8505 2.4792 -1.8076 -1.6865 1.4572 -1.0592 -2.2811 0.7533 0.3918 -1.2576 
16.9427 10.5561 -5.9189 -2.9987 1.9900 -1.9005 -2.1509 0.9303 -1.2392 -2.8556 -0.5640 -0.8336 -2.1506 
16.2066 10.2167 -5.3058 -2.3802 2.3283 -1.5278 -1.7823 1.2152 -0.9450 -2.4821 0.2022 0.3961 -1.3197 
16.6406 10.8499 -4.4140 -1.1807 3.1420 -1.6805 -2.5726 0.4428 -1.3252 -2.5121 -0.0250 -0.3196 -1.7849 
16.5568 10.7986 -4.5777 -1.6367 2.8558 -1.3694 -1.8936 1.0149 -1.1863 -2.6972 -0.0040 -0.0359 -1.7780 
15.9344 10.1535 -4.8353 -1.9826 1.9334 -2.5814 -2.8516 0.2826 -1.8781 -3.2727 -0.5195 -0.5886 -2.2126 
16.1801 10.7933 -4.0032 -1.5657 2.1046 -2.1484 -2.3276 0.5670 -1.7020 -3.0491 -0.3412 -0.5848 -2.4490 
15.7591 10.0293 -4.6200 -1.3285 2.8678 -1.6644 -1.9471 1.3417 -0.9459 -2.8280 -0.2297 0.0179 -1.4748 
15.8165 10.6822 -3.4594 -0.8149 2.7109 -1.7617 -2.1288 0.8963 -0.9535 -2.1861 0.3301 0.2063 -1.4647 
15.6427 10.2006 -4.3225 -1.7194 2.1397 -1.9225 -2.1272 0.6535 -1.5463 -2.8084 -0.2441 -0.5530 -1.9933 
15.2615 10.6635 -2.9645 -1.0886 2.4469 -1.1734 -1.7109 0.6786 -1.1568 -2.5137 -0.4298 -0.4320 -1.5488 
