16.0774 8.6532 -8.2469 -3.5302 3.8772 -0.1249 -2.6220 -0.6780 -1.8432 -2.1854 0.1658 -0.8646 -2.2537 
15.9313 8.5765 -8.1254 -3.6108 3.1791 -0.9104 -2.4247 0.4190 -1.1125 -2.2271 0.4115 0.1898 -1.5764 
13.4686 7.2622 -6.4973 -2.4248 2.5477 -1.5135 -2.0213 0.9691 -1.0709 -2.6831 -0.3343 -0.4295 -1.7506 
13.4359 8.0059 -5.0599 -1.8969 2.1338 -1.8181 -2.3185 0.3836 -1.1582 -1.8430 0.7613 0.3408 -1.5675 
14.6896 8.1746 -6.6067 -2.2427 3.3869 -0.8404 -1.9372 0.8363 -0.7534 -1.4989 1.3750 1.0467 -0.9974 
16.4521 8.9214 -8.0705 -3.1545 3.8188 -0.4666 -1.9681 0.7483 -1.2334 -2.4176 0.4760 0.1805 -1.8698 
17.6755 9.4105 -7.7975 -1.1038 4.6477 -2.0337 -1.8946 2.9162 -0.4445 -2.6185 1.3127 1.1209 -1.2320 
30.4852 15.7434 -15.6882 -5.7849 4.8555 -5.0067 -4.2659 4.7316 0.0793 -4.3896 0.6404 0.1007 -3.4700 
34.4031 20.8465 -12.8284 -5.9956 4.2745 -3.9189 -3.1949 4.6277 0.2121 -3.6144 0.9621 0.0487 -3.1708 
26.9165 16.7900 -8.3750 -2.4453 4.4463 -3.3443 -2.4090 4.7198 1.0650 -2.4796 1.3079 0.5254 -2.8825 
23.3433 14.4512 -7.7277 -2.7968 3.6534 -2.3690 -1.3171 4.6864 1.0877 -2.7555 0.0420 -0.2007 -2.5034 
19.6597 11.9141 -6.9823 -2.4249 3.4939 -1.7154 -1.2759 3.6322 0.6325 -2.7391 -0.5679 -0.8027 -2.6886 
17.0959 10.2430 -6.6172 -3.1546 1.9907 -2.1101 -1.4758 2.8016 0.3244 -2.3612 -0.3151 -0.4226 -1.9573 
15.8056 9.4382 -6.1971 -2.9678 1.8436 -2.0810 -1.8389 1.8681 -0.3242 -2.4504 -0.1967 -0.0740 -1.3959 
14.4314 8.4672 -5.8719 -2.6950 1.7566 -1.9960 -1.9141 1.2804 -0.8413 -2.6846 -0.8291 -1.2392 -2.3137 
13.8237 8.3559 -5.0475 -1.9696 2.3276 -1.1788 -1.4210 1.0884 -0.9464 -2.1491 0.1397 -0.0415 -1.2464 
13.8963 8.3456 -5.1128 -1.8009 2.5995 -1.2184 -1.7024 0.9068 -1.0860 -2.2556 0.4516 0.6042 -0.8847 
13.3942 7.5820 -5.7602 -2.1694 2.1416 -1.9000 -2.0699 1.0102 -1.1171 -2.7657 -0.2588 -0.0345 -1.3870 
12.8415 7.5755 -5.0270 -2.1126 1.6482 -1.8334 -1.6132 1.1844 -0.9763 -2.3597 -0.0066 -0.2569 -1.7475 
12.8661 7.5494 -5.0330 -1.8623 2.0581 -1.6838 -1.9122 0.6528 -1.4770 -2.6884 -0.0538 -0.0578 -1.5755 
13.4171 8.3350 -4.3476 -1.4385 2.2076 -1.7543 -2.0603 0.6673 -1.3736 -2.8012 -0.1630 0.2673 -1.2036 
12.8085 7.3585 -5.4987 -2.5784 1.4078 -1.9538 -1.9469 0.6228 -1.2466 -2.1349 0.1924 -0.3039 -1.6567 
12.4048 7.0354 -5.4245 -2.2383 1.9108 -1.5955 -1.7705 1.0853 -0.6768 -2.0704 0.2622 0.4776 -0.8807 
12.9136 7.8356 -4.4767 -1.3047 2.5485 -1.3974 -1.9460 0.7870 -0.8072 -2.0940 0.0122 0.0577 -1.0873 
12.3670 7.4240 -4.6144 -1.9308 1.6598 -1.6914 -1.8684 0.4237 -1.3569 -2.0908 0.3112 0.0071 -1.3435 
12.5635 7.4392 -4.9534 -2.0982 1.8675 -1.6313 -2.0664 0.5395 -1.1172 -2.5204 -0.4428 -0.1800 -1.2620 
12.9685 7.6717 -5.2392 -2.3230 2.1617 -1.0155 -1.3698 1.3323 -0.4702 -2.3563 -0.6247 -0.4376 -1.5162 
12.8105 7.3990 -5.3573 -2.3330 1.5984 -1.9287 -1.7388 1.2674 -0.8070 -2.4470 -0.2306 -0.2579 -1.6017 
12.3335 6.7857 -5.5091 -1.7307 2.3829 -1.7468 -2.2416 0.5838 -1.1321 -2.4882 -0.7329 -1.4667 -2.8411 
13.4717 7.5596 -5.8631 -2.0595 2.3836 -1.8751 -2.3445 0.7416 -0.9803 -2.2815 -0.0698 -0.4194 -1.6642 
14.1081 8.7721 -4.5832 -1.5781 2.3668 -1.4138 -1.4727 1.2192 -1.0955 -2.4365 0.3081 0.4022 -1.1245 
13.9313 8.2920 -5.3410 -2.0675 2.4440 -1.3031 -1.9491 0.3387 -1.8416 -3.0240 -0.4553 -0.5968 -2.0691 
14.0041 8.0980 -6.1338 -3.1910 1.4717 -1.9483 -2.3463 0.1544 -1.9918 -3.5330 -1.2368 -0.9306 -1.7495 
14.8472 8.9527 -5.8373 -3.0795 1.7135 -1.5627 -1.9240 0.5517 -1.5124 -2.8884 -0.6069 -0.3754 -0.9816 
14.4680 8.4093 -6.2497 -3.0905 2.1171 -1.0617 -1.5595 0.9059 -0.8403 -1.7859 0.4519 -0.0171 -1.1507 
17.5798 10.1297 -7.6232 -3.2154 3.6260 -0.6365 -2.1010 0.5936 -1.5440 -2.9618 -0.1756 -0.2589 -1.7786 
16.9234 10.8054 -5.3273 -2.0876 3.5550 -0.3587 -1.8343 0.4991 -1.1945 -2.4062 -0.0633 -0.0264 -1.3475 
15.1380 9.4597 -5.0852 -1.9999 2.8860 -0.9420 -1.9551 0.7921 -0.4973 -1.8722 -0.3328 -0.7864 -1.8868 
15.4277 9.6248 -5.3975 -2.4155 2.9199 -0.5788 -1.8085 0.5944 -0.9269 -2.5143 -0.8155 -0.6102 -1.2906 
14.5144 8.7110 -5.6632 -2.5476 2.5094 -0.8695 -1.5989 0.7897 -1.2658 -2.8971 -0.5403 0.1875 -0.5162 
15.3179 9.3922 -5.5100 -2.2508 2.8309 -1.0591 -1.9520 0.8981 -0.8081 -2.4422 -0.3215 -0.1751 -1.3031 
15.4861 9.8829 -5.1385 -2.8217 1.9137 -1.3346 -2.1065 0.1523 -1.4294 -2.2669 0.0898 0.0086 -1.1869 
15.7279 10.2476 -4.6129 -2.0549 2.7515 -0.5349 -1.2966 0.9235 -0.7294 -1.6911 0.0822 -0.8422 -2.0386 
15.3531 9.7150 -5.2155 -2.6652 2.3985 -0.7411 -1.8686 -0.1008 -1.7188 -2.1600 0.4119 0.1032 -1.3606 
13.8360 8.4436 -5.0102 -1.9639 2.7322 -0.6101 -1.3448 0.8741 -1.0735 -2.4351 -0.2501 -0.1840 -1.2730 
13.8370 8.3314 -5.1865 -2.2189 1.9802 -1.6819 -1.9672 0.7546 -1.1729 -2.5787 -0.3612 -0.3240 -1.4248 
14.2317 8.9363 -4.6213 -1.7605 2.5241 -1.1329 -1.7344 0.7655 -1.1739 -2.7488 -0.6915 -0.4319 -1.1790 
13.9989 8.7490 -4.5159 -1.5857 2.4289 -1.3834 -1.7931 0.9568 -0.8053 -2.3127 -0.4437 -0.4118 -1.2518 
14.4083 8.7814 -4.8810 -1.3805 2.7836 -1.4708 -1.6849 1.2224 -1.3500 -3.1052 -0.2093 0.1699 -1.4920 
13.1820 7.9487 -4.9133 -2.0238 2.0330 -1.6431 -2.1845 0.5518 -0.8128 -1.8668 0.1574 -0.2575 -1.8921 
12.5356 6.8216 -6.1768 -2.8618 1.8084 -1.3820 -1.4861 1.3990 -0.3236 -1.7537 0.3534 0.2512 -1.2056 
12.3884 6.8492 -5.6486 -2.3058 1.5424 -2.3741 -2.4441 0.4696 -1.5418 -2.8532 -0.3659 -0.6436 -2.6119 
12.3757 6.7603 -5.6882 -2.0053 2.1193 -1.7585 -1.7418 1.4472 -0.3184 -1.6719 0.5002 0.0747 -1.5283 
15.8264 8.0372 -8.5959 -2.9156 4.4542 -0.0105 -1.7507 0.7388 -1.5778 -2.9045 0.1048 -0.0741 -1.8842 
15.7074 7.7347 -9.1418 -3.5365 3.9539 -0.3318 -1.7625 1.1716 -0.9158 -2.3035 0.7066 0.5464 -1.5630 
13.3492 7.3917 -6.2740 -2.6423 2.4934 -0.9660 -1.7745 0.4122 -1.6853 -2.9235 -0.5126 -0.6524 -2.0106 
15.9072 8.1857 -8.5314 -3.2434 3.7509 -0.5900 -1.8578 0.9379 -1.3303 -2.6825 0.3146 0.2062 -1.5739 
13.7723 7.7319 -6.2411 -2.4905 2.8204 -0.7509 -1.5886 0.9587 -0.7708 -2.0801 0.0196 -0.2720 -1.7977 
17.0195 8.7806 -8.6062 -2.1272 4.9046 -1.4517 -2.9137 2.1553 0.2523 -3.2042 -0.4624 1.2522 -0.5968 
21.0347 9.0091 -12.8837 -1.6242 7.1339 -3.3840 -4.6644 2.6276 -1.1278 -5.0866 -0.0633 0.9250 -2.2999 
24.8840 11.5133 -13.1647 -0.2480 8.7743 -3.6508 -4.1113 4.6373 -0.0333 -4.0665 1.9166 1.7459 -2.6563 
26.6028 12.2020 -14.2564 -0.3332 9.3008 -4.1127 -4.3890 5.2859 0.0127 -4.7174 2.1028 2.6190 -2.2910 
26.7860 11.6916 -15.3021 -0.3889 9.8472 -4.1132 -4.6997 5.0310 -0.2682 -4.6709 2.2931 2.0499 -3.1569 
27.0758 11.9273 -15.1731 -0.1463 9.9074 -4.2598 -4.4394 5.7648 0.2271 -4.7097 2.1536 2.2038 -2.7847 
25.4627 9.7811 -16.6251 -0.4963 10.0721 -4.3582 -4.7801 5.3611 -0.4722 -5.6893 1.4083 1.9742 -2.8129 
26.6290 10.7120 -16.8424 -0.9701 10.0233 -4.1743 -4.8662 4.8986 -0.7481 -5.3262 1.9140 2.0510 -2.7959 
29.2644 13.7719 -15.1008 -0.2013 10.2579 -4.2683 -4.9071 5.3129 0.0457 -4.5374 2.4219 2.1642 -2.9718 
31.2667 15.3007 -15.4073 -0.5095 10.6343 -4.1297 -5.2004 5.3328 0.5434 -4.2241 2.1520 1.8728 -2.6807 
30.1269 12.8977 -18.2764 -1.7302 11.1595 -3.8400 -5.9882 4.2818 -0.0961 -4.3634 2.4090 2.1353 -2.6927 
32.1693 15.2734 -17.5301 -2.4656 10.9365 -2.7451 -4.9422 4.6224 0.0492 -4.4944 1.9678 2.0269 -2.4756 
30.8900 14.5962 -17.2607 -3.0637 10.2996 -2.2789 -4.7949 3.5763 -1.1202 -5.3596 1.2371 1.8420 -2.3805 
30.3739 14.3673 -18.1486 -5.9392 8.0516 -2.3719 -5.5017 1.1978 -3.0654 -6.6431 -0.2844 1.1598 -1.6947 
30.6122 15.3864 -16.4914 -5.0815 7.9786 -2.0775 -4.3213 2.5947 -1.9694 -5.8047 0.1758 0.8104 -2.7318 
29.1940 16.3145 -12.3612 -2.6193 8.5550 -0.6497 -2.8152 3.1539 -0.6936 -3.8098 0.8483 0.3956 -2.5920 
33.0651 21.7663 -8.1814 -1.1465 8.3929 -1.0037 -4.0497 0.5658 -3.2855 -5.5544 -0.6171 -1.0324 -3.5727 
38.6671 26.7987 -9.0761 -5.0917 6.7586 0.6492 -2.5453 0.3891 -3.3476 -4.5408 0.4970 -0.3993 -2.8854 
39.6532 27.4290 -9.8538 -6.7960 4.7204 -1.1542 -3.8230 -0.8518 -4.9305 -6.1126 -1.0207 -2.1165 -4.2262 
38.9119 26.7429 -9.7034 -6.0938 5.1668 -1.1142 -3.4559 0.1650 -3.9083 -5.6751 -0.9309 -1.7322 -3.3699 
36.2249 25.2729 -8.7431 -6.2771 4.2180 -1.0966 -3.5235 -0.2303 -3.7216 -5.9542 -2.0803 -2.0847 -3.0107 
33.4304 23.9337 -6.7570 -4.9041 4.1011 -0.6366 -2.3310 0.8101 -2.7955 -5.3608 -1.8091 -1.0487 -1.3218 
30.7523 21.6885 -6.7806 -4.3571 4.8569 0.3696 -2.0728 0.3851 -2.7776 -4.9726 -1.6368 -1.0639 -1.7947 
29.1020 20.8727 -5.8706 -4.4108 3.4506 -0.3892 -1.8564 0.3323 -3.1632 -4.9295 -1.2666 -0.8647 -1.7224 
27.9714 20.0184 -5.4690 -3.7421 3.4705 -0.6870 -1.7861 0.5514 -3.4580 -5.6677 -1.8269 -1.0455 -1.7447 
26.1769 18.6118 -5.2640 -3.3641 3.4330 -0.8855 -2.1542 0.4408 -2.7532 -4.7649 -1.6121 -1.4324 -2.4435 
25.6508 18.2873 -5.1708 -3.5750 2.9537 -1.1661 -2.2199 0.6353 -2.2007 -4.4137 -1.9284 -1.7841 -2.1823 
25.9115 18.2885 -5.3218 -3.2328 3.1645 -1.5495 -2.2970 1.1611 -1.9731 -4.5055 -1.3973 -0.6793 -1.4746 
38.4359 21.3133 -17.6252 -7.2249 5.8699 -5.1671 -5.6294 2.9964 -3.2130 -8.1153 -1.3952 -1.1175 -4.6927 
35.3005 20.1368 -14.7376 -4.8898 6.9557 -3.6074 -4.2848 4.1347 -1.0434 -5.9813 -0.2452 0.4587 -2.7094 
34.9157 18.3609 -16.8979 -4.6046 8.2270 -3.8819 -4.8685 4.4362 -1.0910 -6.5146 -0.3167 0.3438 -3.2573 
35.7534 18.8274 -16.8816 -3.8193 9.1072 -3.5704 -4.4591 4.7205 -1.3803 -6.2818 0.7827 0.9323 -3.5064 
34.2409 17.1644 -17.6008 -3.9837 8.9209 -3.7638 -4.3541 4.8274 -1.8607 -7.0267 0.6107 1.1112 -3.8283 
33.6256 16.6896 -17.4162 -3.6341 8.9802 -3.9542 -4.5074 5.0051 -1.3081 -6.5668 0.5740 1.0199 -3.3754 
32.5251 15.7396 -17.3280 -3.1857 9.1864 -3.9272 -4.4552 5.1943 -0.7563 -5.6437 1.3429 1.3101 -3.1295 
33.0551 16.2771 -16.9402 -2.6788 9.4809 -3.9344 -4.1335 5.9020 -0.3900 -5.6585 1.6782 2.0693 -2.6716 
33.4094 16.4781 -17.0142 -2.4697 9.9259 -3.7098 -4.1904 5.7700 -0.4149 -5.4554 1.9323 2.0544 -2.9084 
32.4068 15.4923 -17.6578 -3.3219 9.4208 -3.7206 -4.8574 4.3252 -1.3677 -5.6286 1.8881 2.1343 -2.6094 
32.1156 15.2362 -17.9743 -3.9634 8.9633 -3.9608 -5.5360 3.4401 -1.8263 -6.0289 1.1060 1.3041 -3.3435 
34.5116 17.7992 -16.5119 -2.5819 10.2352 -3.3154 -4.7560 5.2220 0.2821 -4.7239 1.6014 1.7575 -2.5002 
32.6406 15.5821 -18.1928 -3.9871 9.4720 -3.7295 -5.8746 3.5345 -1.1276 -5.9351 0.4540 1.0268 -3.1395 
32.6147 15.9282 -17.6493 -4.0394 9.1819 -3.6203 -5.6507 3.9402 0.2089 -4.0352 1.6460 1.4697 -2.4467 
30.7610 14.8574 -17.1045 -4.2385 8.7551 -2.9651 -5.5256 2.5082 -0.9402 -4.1239 1.3615 0.9955 -2.1875 
30.5490 14.8709 -17.2622 -5.2079 8.0551 -2.9178 -5.6993 2.2537 -0.6197 -3.9428 0.9125 0.4281 -2.8014 
30.0385 15.0983 -16.1224 -4.8671 7.8272 -2.3543 -4.9025 2.0602 -1.2206 -3.7958 1.6325 0.8534 -3.0619 
29.5970 15.1228 -15.6958 -5.1331 7.7456 -1.2759 -3.7764 2.3209 -1.2934 -4.0166 1.1361 0.6788 -2.6824 
29.0001 14.7496 -15.1853 -4.3797 7.9531 -1.3282 -3.4343 2.7731 -1.2079 -3.9349 1.5493 1.0924 -2.4656 
28.0997 13.9911 -15.2424 -4.5643 7.2144 -2.2672 -4.2607 2.0301 -1.8665 -4.3453 1.3581 0.7092 -3.2031 
27.2311 12.7540 -16.2429 -4.9305 7.5282 -1.4952 -3.3893 2.5212 -1.8848 -4.4801 1.4444 1.0129 -2.8983 
27.0281 13.1607 -15.0791 -4.1169 7.9918 -0.8095 -2.7740 2.8415 -1.4627 -4.0653 1.3699 0.7184 -2.8256 
27.8547 13.3380 -16.0965 -4.7618 7.9620 -1.0482 -2.9925 3.1891 -0.9160 -3.6544 1.7734 0.8692 -3.2484 
28.5338 14.1436 -15.9634 -5.3122 7.6515 -0.9887 -3.4357 2.4078 -1.1307 -3.4739 1.8460 1.1539 -2.5726 
27.8190 14.6080 -13.7919 -4.0406 7.5580 -0.6188 -2.3968 2.8454 -1.2714 -3.3223 2.2994 1.5650 -2.2567 
29.1849 16.2694 -13.6311 -6.0925 4.6409 -3.4461 -5.4526 0.3045 -2.4441 -4.2762 0.6202 -0.0011 -3.2362 
26.0927 15.5347 -10.3434 -4.5065 4.4401 -2.5499 -4.6662 0.1975 -1.5795 -2.9766 0.6903 -0.1179 -2.7493 
29.4433 21.7005 -3.7694 -1.3523 4.7368 -2.5308 -5.3096 -1.5586 -3.0268 -3.7595 0.0765 -0.0622 -2.0555 
34.4514 26.2495 -3.1688 -1.5846 5.5217 -1.7584 -5.5064 -2.2820 -3.0852 -2.6670 1.0097 -0.3147 -2.0384 
34.4818 26.2282 -3.8443 -2.9465 4.9443 -1.1756 -5.3684 -3.0965 -3.7707 -3.0392 0.4954 -0.6486 -2.0343 
35.0266 26.4459 -3.9178 -2.2823 5.6599 -1.2570 -5.4630 -2.6658 -3.3603 -2.7848 0.7529 -0.5669 -1.8619 
34.9074 26.6939 -3.3565 -2.2107 5.4729 -1.0993 -5.3275 -2.8770 -3.3316 -2.2698 1.0982 -0.7171 -2.0372 
34.0177 25.8014 -3.8248 -2.7218 5.1105 -1.0300 -5.4059 -3.5717 -4.1786 -2.8894 0.5005 -1.2259 -2.1684 
35.6812 25.6973 -5.7926 -2.2792 6.0614 -2.5449 -6.3857 -2.1030 -3.2412 -3.4653 0.3508 -0.9760 -2.3941 
33.4761 25.2609 -3.7295 -2.3205 4.7204 -2.1911 -5.9496 -3.2118 -4.0169 -3.1180 0.4163 -1.5161 -2.8044 
33.9943 25.6625 -3.3602 -1.3486 5.5448 -2.0133 -5.5414 -2.4245 -3.7347 -3.2520 0.5799 -1.0598 -2.1621 
35.1140 26.1302 -4.2023 -1.7245 5.8463 -1.9969 -5.5265 -1.7628 -2.9919 -3.1542 0.3931 -0.8795 -1.8552 
35.0470 26.4984 -3.5093 -1.8211 5.1003 -2.1657 -5.1377 -1.8256 -3.2423 -2.7116 0.8803 -1.1427 -1.8046 
36.2571 26.7294 -4.9054 -2.6880 4.5035 -3.3651 -5.6797 -1.4416 -3.4671 -3.3823 0.7607 -1.5024 -2.6509 
38.2630 27.4939 -6.3649 -3.0405 5.0974 -3.7471 -5.9161 -0.2505 -2.2715 -3.2300 0.7647 -1.1041 -2.4850 
37.2561 27.7061 -4.8837 -3.3389 3.8660 -3.6543 -5.4779 -0.4636 -1.9627 -2.3418 0.7306 -2.3247 -3.6458 
37.8582 27.7206 -5.7477 -3.7529 3.6288 -4.7023 -6.5854 -0.5443 -1.6646 -2.6587 0.1008 -2.7215 -4.1159 
38.2560 28.3326 -5.0926 -3.2678 3.8963 -4.2599 -5.8364 0.1030 -1.1382 -1.9266 0.7554 -2.4424 -3.7717 
37.6308 27.7191 -5.4170 -3.7003 3.4899 -4.2829 -5.6131 0.3168 -0.9500 -1.9039 0.3750 -3.1399 -4.4461 
38.0175 28.5081 -4.8488 -4.0394 3.1254 -3.9548 -5.2780 0.4952 -0.5013 -1.6940 0.1662 -2.9320 -4.1810 
37.8519 28.5273 -4.7889 -4.6076 2.3100 -4.2077 -5.2816 0.0193 -1.1320 -1.8471 0.1047 -3.5755 -4.9809 
38.7218 28.0621 -6.9777 -5.4369 2.9064 -4.3243 -5.8428 0.1513 -1.2836 -3.0840 -0.7915 -3.1363 -4.5794 
37.1318 28.1399 -4.9949 -5.6630 1.8913 -2.8956 -3.8881 0.3042 -1.4492 -2.4106 -0.2678 -3.2712 -4.7051 
36.8911 28.1296 -4.8403 -6.0431 1.4197 -2.5874 -3.2331 0.2437 -2.2773 -3.1686 -0.3545 -2.8560 -4.4513 
36.1209 27.8655 -4.0759 -5.6032 1.2760 -2.1977 -2.0182 1.1156 -2.6448 -4.0647 -0.5158 -2.3554 -4.3771 
35.7077 26.5587 -5.4555 -5.2367 2.2385 -2.5746 -2.7720 1.3756 -2.3852 -4.9738 -1.5631 -2.1099 -3.7031 
32.6705 25.1006 -3.7433 -4.5825 1.9319 -1.9540 -2.3388 1.5052 -1.0460 -3.3256 -0.6975 -0.9622 -2.4075 
30.5487 23.3386 -3.2727 -3.5233 1.6257 -3.3242 -3.3941 0.9040 -1.6619 -3.9427 -1.5785 -2.3445 -3.4284 
28.2836 21.6883 -3.0432 -3.8677 0.3984 -3.8152 -3.1299 0.9233 -1.8584 -3.9381 -1.3239 -1.9108 -3.2582 
28.7668 20.9634 -4.8152 -3.5677 2.4295 -2.9546 -3.4875 1.1681 -1.1202 -3.6171 -1.0913 -1.4616 -3.0527 
27.7161 21.0660 -3.1387 -3.2730 1.3446 -3.2107 -3.0364 1.2087 -0.8788 -2.8211 -0.7911 -1.7535 -2.8770 
26.4248 20.1363 -2.7472 -2.8635 0.9828 -3.8434 -3.3325 1.2738 -0.7126 -2.6280 -0.3825 -1.1982 -2.6105 
25.3048 18.6776 -3.4725 -2.3865 1.9024 -3.5962 -3.7675 0.7669 -1.1799 -3.2760 -1.1960 -1.9631 -3.1605 
24.4272 17.8428 -3.5950 -2.1019 2.3809 -2.9930 -3.2030 1.2008 -0.8750 -3.1116 -1.0461 -1.6652 -2.8083 
31.8210 19.3674 -12.4916 -5.9942 6.7027 -0.2716 -4.6683 -0.1009 -1.0077 -2.6935 0.4207 0.2244 -1.4922 
35.1012 19.5922 -15.5049 -4.6174 8.9773 -2.1785 -6.1106 0.9255 -1.7261 -4.3574 0.5626 -0.1117 -3.0393 
35.3024 18.9536 -16.8417 -4.9426 9.2424 -2.2544 -5.7404 1.8773 -1.3698 -4.4678 1.0752 1.0105 -1.7979 
34.3869 17.3672 -18.7612 -6.4228 8.7753 -2.1700 -5.9647 1.2108 -2.0020 -4.9293 0.4456 0.0602 -2.8290 
35.9448 19.1460 -17.7347 -5.8623 9.1080 -1.8011 -5.2851 1.7712 -2.2629 -5.5714 0.5543 0.9650 -1.9934 
35.2901 19.2882 -16.6839 -5.7397 8.9364 -0.7974 -3.8356 2.6704 -1.6454 -5.1223 0.7978 1.3607 -1.5916 
35.2861 19.9871 -15.5578 -5.7228 8.1295 -1.3290 -4.3417 1.7672 -2.5681 -5.9050 -0.0351 0.5064 -2.2818 
33.8672 18.9813 -15.6931 -6.6247 7.1086 -1.3006 -4.2453 1.1953 -2.9610 -5.9141 -0.1874 0.3418 -2.5493 
33.1186 19.2637 -13.7401 -5.1698 7.3677 -1.2783 -4.0708 1.5245 -2.4551 -5.7726 -0.6183 0.1296 -2.2233 
32.6165 19.5594 -12.6701 -4.9599 7.5566 -0.0619 -2.9722 2.0583 -1.5105 -4.5318 0.1869 0.4985 -2.3068 
34.1893 22.9247 -8.9672 -3.5062 7.9649 1.0154 -2.6985 0.9992 -2.3181 -5.1923 -1.0697 -0.2277 -1.9828 
36.3595 25.3277 -8.4519 -4.7572 6.9874 1.4606 -2.5341 -0.6289 -4.2898 -5.8140 -1.3305 -1.4384 -3.0330 
39.1885 27.3623 -9.1801 -5.6475 6.9787 1.7029 -2.0785 -0.1114 -3.9954 -5.1745 -0.3431 -1.0737 -3.0720 
39.0812 27.0970 -9.9468 -6.9267 6.0906 1.6732 -2.1986 -1.0787 -5.1256 -5.7795 -0.8472 -1.8048 -3.5421 
40.0948 27.9796 -9.8185 -6.7366 6.6301 2.1208 -1.9152 -0.5608 -4.3107 -5.0320 -0.3284 -1.3628 -3.2213 
40.0199 27.9240 -9.7877 -6.8148 6.2523 1.7486 -1.9785 -0.7198 -4.8140 -5.2612 -0.1074 -1.4730 -3.6754 
40.1138 27.6782 -10.3748 -7.0646 6.1458 1.1512 -2.7348 -0.8870 -4.6450 -5.6014 -0.8602 -1.7585 -3.5644 
40.4288 28.3718 -9.6158 -6.9011 6.0130 1.5667 -1.8895 -0.3584 -4.4200 -5.1073 -0.1776 -1.4564 -3.5059 
39.7991 28.2976 -8.9840 -6.9607 5.6481 1.7895 -1.7313 -0.7026 -4.6083 -5.0871 -0.4223 -1.7817 -3.6389 
39.6545 28.2544 -8.8214 -6.7659 5.7731 1.6293 -2.1161 -0.6786 -4.1447 -5.0471 -0.8109 -1.7056 -3.2739 
39.5449 28.4402 -8.1992 -6.3539 5.7426 1.6893 -1.8018 -0.5800 -4.2118 -4.7797 -0.4416 -1.7153 -3.2962 
39.0934 28.3270 -7.8634 -6.5774 5.0630 1.2936 -1.9290 -0.6155 -4.0352 -4.6456 -0.6822 -2.1200 -3.6860 
39.4315 28.5583 -7.8896 -6.5113 5.1660 1.3222 -1.8339 -0.5050 -3.9806 -4.4483 -0.3984 -2.0175 -3.6084 
37.9070 27.1537 -8.6195 -7.8936 3.3641 0.0199 -2.9529 -1.8560 -5.2004 -5.4647 -1.5604 -3.3802 -5.0050 
38.5751 28.4031 -6.9461 -6.3398 4.4440 0.8841 -1.9104 -0.4649 -3.5087 -3.8055 -0.2887 -2.3515 -3.8670 
38.0793 28.0276 -6.8277 -6.1902 4.2444 0.3474 -2.5138 -0.8164 -3.5926 -3.8851 -0.4137 -2.4252 -4.0905 
37.6552 27.7332 -6.6058 -5.8864 4.1698 -0.0288 -2.8174 -0.8905 -3.5001 -3.6589 -0.1171 -2.2642 -4.2308 
37.0246 27.2692 -6.4360 -5.6873 3.9941 -0.4605 -3.2400 -1.0966 -3.4979 -3.6367 -0.0746 -2.1348 -4.2993 
35.9504 26.6627 -5.7337 -4.9383 4.0619 -0.8685 -3.7145 -1.1756 -3.2531 -3.7080 -0.3437 -1.9158 -3.9251 
35.3976 26.2268 -5.2447 -3.8121 4.6537 -1.1171 -3.8894 -0.9370 -3.0679 -3.5191 0.1806 -1.3449 -3.6542 
33.6907 25.4772 -4.3606 -4.0330 3.6620 -1.3286 -4.0563 -1.4916 -3.1878 -3.5526 -0.2730 -1.5051 -3.5548 
33.6464 24.8332 -5.0751 -3.6694 3.8644 -2.2164 -4.4981 -0.8247 -2.6483 -3.5011 -0.2438 -1.6290 -3.8087 
32.9436 24.6070 -4.5127 -3.4059 4.1960 -1.2853 -3.9070 -1.0448 -2.8325 -3.2401 0.2779 -0.7636 -2.8902 
31.7713 23.5340 -4.5702 -3.1290 4.0580 -1.9153 -4.6286 -1.4748 -2.9789 -3.4472 -0.1884 -1.3496 -3.3798 
31.0133 22.7011 -4.8876 -3.0309 4.2312 -1.9546 -4.7974 -1.4640 -2.8117 -3.4651 -0.4894 -1.7761 -3.8831 
29.1639 22.0744 -3.1074 -2.0238 3.9551 -1.5299 -3.5713 -0.5897 -2.2911 -2.9003 0.2128 -0.6849 -2.5235 
27.8489 20.5420 -3.6814 -1.7221 4.1697 -1.7049 -3.4689 -0.2083 -2.3190 -3.2808 0.0216 -0.6849 -2.5863 
26.4201 20.0924 -2.3690 -1.2020 3.7403 -1.5591 -2.9073 0.1160 -1.9212 -2.7775 0.3832 -0.2530 -2.2284 
25.6939 19.2922 -2.5703 -0.9530 3.8122 -1.7284 -2.7906 0.3731 -2.1544 -3.2499 0.3477 -0.0813 -2.3376 
23.3776 16.4673 -4.7256 -2.6756 2.7092 -2.4395 -3.6956 -0.3566 -2.3350 -3.7533 -0.8889 -1.1440 -2.9502 
23.2183 16.3511 -4.4228 -1.8656 3.7693 -1.1319 -2.1754 0.8204 -1.6956 -3.2356 -0.4818 -0.9734 -2.5854 
22.6456 15.5707 -4.7694 -1.5070 4.0327 -1.8166 -3.4741 -0.3888 -2.5872 -3.5776 -0.2063 -0.7350 -2.7788 
21.7501 15.3152 -4.0197 -1.5016 3.3446 -2.1277 -3.5185 -0.3595 -2.2264 -3.3920 -0.6618 -1.1305 -2.5452 
21.4248 14.4608 -5.3550 -2.5790 2.8604 -2.2889 -3.4289 -0.0159 -1.9846 -3.2804 -0.1394 -0.2732 -2.2068 
20.3635 13.3658 -5.6239 -2.3786 3.0217 -2.0157 -2.7197 0.8125 -1.5005 -3.0782 0.0463 0.0246 -1.8202 
20.1055 13.7136 -4.4294 -1.5123 3.2256 -2.0040 -2.7555 0.7568 -1.5246 -3.2402 -0.2005 -0.0698 -1.9886 
19.8090 13.5021 -4.4278 -1.5861 3.2338 -1.7029 -2.5135 0.6765 -1.5877 -3.1585 -0.4554 -0.7627 -2.4349 
19.7690 13.1199 -4.9599 -1.4888 3.7422 -1.5702 -2.8395 0.2741 -1.7365 -2.8389 0.0540 -0.6316 -2.6349 
19.0641 12.4164 -4.7659 -0.6336 3.9571 -2.2705 -3.1734 0.8200 -1.1315 -2.6067 0.1226 -0.7121 -2.8682 
19.1528 12.6818 -4.8471 -1.6094 3.1343 -1.9449 -2.5232 0.7437 -1.8206 -3.4882 -0.7308 -1.2820 -3.0683 
19.3878 12.7351 -4.9510 -1.2688 3.6120 -2.0162 -2.7857 0.9850 -1.3931 -3.4111 -0.6366 -0.8469 -2.8491 
18.6159 12.0706 -5.1715 -1.7839 2.8375 -2.4316 -2.7785 1.0822 -1.3658 -3.5020 -0.7660 -0.7680 -2.5387 
17.7710 11.2711 -5.3578 -1.8083 2.8248 -2.2220 -2.5311 0.9839 -1.5978 -3.3436 -0.2458 -0.3455 -2.4253 
17.9056 11.1863 -5.9481 -2.3536 3.0030 -1.7189 -2.4926 0.8280 -1.4451 -3.2764 -0.4171 -0.1521 -1.9358 
17.2619 10.3890 -6.1131 -1.6745 3.6158 -1.9757 -3.3330 -0.1310 -2.3380 -3.8457 -0.6572 -0.2702 -1.7141 
17.4808 10.7171 -5.6319 -1.0943 4.0521 -1.2947 -1.8511 1.5971 -1.2679 -3.3469 -0.3661 -0.2529 -1.7434 
17.3103 10.9303 -5.3405 -1.8396 2.9929 -1.3632 -1.3824 1.7206 -1.1268 -2.6962 0.4074 0.1135 -1.7746 
17.6396 11.1037 -5.4738 -1.8409 2.9871 -1.6697 -1.5556 2.1664 -0.4595 -2.4836 0.1599 -0.2136 -2.1068 
27.3504 14.5606 -13.1183 -3.7122 7.1452 -1.1928 -2.1931 4.3376 0.3441 -3.4388 0.8094 0.7459 -1.8792 
35.9594 23.3567 -9.7374 -2.3209 8.0330 -1.8641 -4.0751 2.1158 -2.3147 -6.0513 -0.9720 -0.5148 -2.8287 
39.8033 26.9150 -10.0938 -4.8803 6.8014 -0.8862 -3.4087 0.9368 -3.6259 -5.9308 -0.4931 -0.8758 -3.2734 
40.7053 27.5839 -10.3431 -5.3893 6.5179 -0.6957 -3.0532 0.5900 -4.4028 -5.9452 -0.0595 -1.0058 -3.3535 
41.5055 27.8217 -11.6625 -7.0527 5.7710 -0.8667 -3.4880 0.0752 -4.5047 -5.8361 -0.1730 -1.4168 -3.7469 
40.6096 27.6983 -10.4922 -6.4151 5.7475 -0.5202 -2.8578 0.5975 -4.0372 -5.6275 -0.1759 -1.0044 -2.8954 
36.8963 25.4930 -9.0725 -5.8758 5.0637 -0.2947 -2.4154 0.6986 -3.4057 -5.2231 -0.6338 -0.9901 -2.4140 
34.4779 24.0033 -8.2418 -5.7137 4.0189 -1.1135 -2.8432 0.5452 -3.2151 -5.5430 -1.6987 -1.8068 -3.1338 
31.4282 21.9688 -7.8459 -6.1919 3.5139 0.3626 -1.3003 0.7445 -2.7615 -4.4495 -0.9789 -1.1512 -2.3416 
29.8485 21.0988 -6.8361 -5.2814 3.5704 0.4337 -1.0406 0.7007 -3.0462 -4.6343 -0.9748 -0.9944 -2.0814 
28.8529 20.4089 -6.4857 -4.8900 3.5201 0.2513 -1.3434 0.1518 -3.5505 -4.9674 -1.3397 -1.2198 -1.9272 
27.9633 19.7250 -6.2983 -4.5096 3.6709 0.1843 -1.4437 0.3291 -3.1737 -4.7622 -1.1546 -0.8885 -1.9808 
26.3771 18.3382 -6.2645 -4.1395 3.4251 -0.4622 -1.8952 0.2207 -3.1077 -4.6552 -1.1094 -0.9750 -1.9940 
29.2172 18.7334 -8.5715 -3.1583 4.8427 -1.8762 -1.8154 2.5489 -2.8371 -5.7445 -1.0444 -0.9527 -1.9834 
35.6063 21.3699 -13.5393 -5.9726 5.0813 -3.5502 -3.6917 2.8040 -3.0364 -6.7862 -0.8372 -0.5063 -2.5514 
35.7276 20.0033 -15.5180 -4.7986 7.9852 -2.8983 -4.4760 3.4106 -1.6844 -6.3457 -0.7315 -0.0177 -2.4553 
34.0088 17.6237 -16.4229 -3.5033 8.8412 -3.6446 -4.5869 3.9766 -2.4888 -7.5135 -0.4422 0.4337 -2.8919 
32.2756 16.7429 -15.4594 -3.3640 7.8066 -3.9017 -4.0089 4.0676 -2.4228 -6.3450 1.0258 0.7561 -3.4417 
30.6672 15.0789 -15.8208 -2.8461 8.1372 -4.2921 -4.5281 4.2302 -1.8230 -6.1675 0.8255 0.8802 -3.2270 
31.1110 15.2347 -16.0188 -2.4346 8.8958 -3.9838 -4.1236 5.2844 -1.2078 -6.6371 0.6770 2.0819 -1.6668 
30.5039 14.2137 -17.2392 -3.5053 8.2715 -4.2452 -4.4102 4.8878 -1.1595 -5.9492 1.1007 1.5712 -2.5177 
30.6653 14.6995 -16.5420 -3.0025 8.6638 -3.8791 -4.1372 5.3223 -0.6495 -5.8616 1.1038 2.0687 -2.0255 
30.8676 15.2112 -15.7934 -2.5138 8.7852 -3.6943 -3.8103 5.5080 -0.4289 -5.3972 1.2978 1.7363 -2.2123 
29.6716 14.1932 -15.5464 -1.9457 8.4773 -4.4783 -4.0669 5.3430 -1.2152 -5.9849 1.6737 2.2037 -2.4499 
27.4911 12.3312 -15.5580 -1.6518 8.1873 -5.0045 -4.4577 5.2453 -1.3270 -6.9372 -0.1025 0.6832 -3.4149 
26.1516 12.3754 -13.6273 -0.9143 8.2182 -4.2989 -4.4017 4.6722 -0.5969 -5.3398 0.8187 1.1967 -3.0321 
23.2507 10.9468 -12.5688 -1.9085 6.1641 -4.2001 -3.7464 3.8927 -1.5791 -5.9695 -0.0261 0.7431 -2.9014 
22.4144 11.3387 -10.6270 -1.1962 5.8025 -3.8047 -3.0913 4.0194 -1.0540 -4.9082 0.5355 0.9345 -2.4326 
21.8239 10.9995 -10.5083 -1.5305 5.0780 -4.3477 -3.6654 3.1882 -1.6473 -5.0015 0.4882 0.5369 -3.0293 
22.5252 11.4862 -11.2470 -2.5037 5.7976 -2.8150 -3.7514 2.2153 -1.4465 -4.4100 0.1222 0.0397 -2.8367 
31.8961 18.0599 -14.6477 -6.3901 6.6598 -1.5536 -4.7756 1.6930 -0.3652 -3.7407 0.1051 0.8134 -1.2825 
35.2810 20.5266 -14.4556 -5.1037 7.9888 -1.9028 -5.2653 1.1872 -1.7767 -4.3477 0.9027 1.1501 -1.1676 
33.6356 17.2981 -17.4064 -5.3627 8.4584 -2.8502 -5.9378 1.3938 -2.5236 -5.8174 0.1501 0.7686 -1.6168 
33.3457 17.8110 -16.3250 -5.3239 8.4593 -1.7181 -4.8749 1.7519 -2.0986 -5.4264 0.1869 0.9444 -1.3126 
32.1479 17.1625 -15.9989 -5.9930 6.9624 -2.3880 -4.7149 1.8773 -2.0586 -5.6325 -0.7229 -0.2305 -1.9868 
31.0173 17.4668 -13.9974 -5.3701 7.2366 -0.6842 -3.7230 0.8477 -3.2258 -6.1824 -1.3525 -0.5583 -1.7506 
30.5323 17.4841 -13.5778 -6.0724 5.7363 -1.7320 -3.9550 1.5137 -1.9704 -5.2173 -0.8133 -0.2546 -2.3093 
30.4091 19.3720 -9.5227 -3.1860 7.5091 0.4967 -2.2702 2.0274 -1.6416 -5.2733 -1.4332 -0.0425 -1.2111 
33.3785 23.3841 -6.8023 -2.5929 7.2303 0.5840 -2.5055 1.0633 -2.2682 -5.2316 -1.6829 -0.8054 -1.6687 
35.6406 24.9613 -8.1257 -4.8406 6.5548 1.5326 -2.1147 -0.4843 -4.4539 -6.2941 -2.0710 -1.6424 -2.3443 
36.3028 25.1549 -8.9826 -5.8686 5.7080 0.9073 -2.3718 -0.6728 -4.6547 -5.9986 -1.6063 -1.9111 -3.0099 
36.2576 25.6033 -8.2900 -5.9226 5.5866 1.5515 -1.8584 -0.9396 -4.8626 -5.6669 -1.2775 -1.8683 -2.9592 
36.2620 26.3500 -7.0577 -5.5807 5.6992 2.5021 -0.9231 -0.7126 -4.6224 -5.1295 -0.8422 -1.4633 -2.4433 
35.8296 26.0864 -6.7634 -5.1303 5.9648 2.5096 -1.0314 -0.6473 -4.4247 -5.1610 -1.0008 -1.4107 -2.4996 
36.3088 26.1216 -7.4302 -5.5818 5.6291 1.9859 -1.2415 -0.5254 -4.5571 -5.4541 -1.1326 -1.6180 -2.8590 
35.6038 26.0362 -6.9231 -5.9956 5.3378 2.8440 -0.7189 -1.0221 -4.8901 -5.4401 -1.4419 -2.0709 -3.0736 
36.1705 26.5641 -6.6802 -5.7949 5.3322 2.8328 -0.4011 -0.7825 -4.8203 -5.0016 -1.0050 -2.2464 -3.2116 
36.2385 26.4440 -6.9933 -6.0411 4.8210 1.8886 -0.9933 -0.5685 -4.6064 -5.3510 -1.2510 -2.0024 -3.2064 
35.8163 26.8023 -6.0759 -6.2633 4.5541 2.7394 -0.5876 -1.2448 -4.8035 -4.8023 -1.0214 -2.0395 -2.9706 
36.5986 26.4181 -7.6223 -6.4073 4.7227 1.4719 -1.5613 -0.8165 -4.6281 -5.4015 -1.3774 -2.2185 -3.4042 
35.6170 26.0716 -6.9143 -6.3858 4.3570 2.0170 -0.8619 -1.0841 -5.0939 -5.3374 -1.5099 -2.8746 -3.7832 
35.5132 26.2689 -6.2421 -5.7089 4.8084 2.3031 -0.6169 -0.6372 -4.4247 -4.7595 -1.0347 -2.2364 -3.1445 
35.3044 25.3027 -7.1022 -4.8629 5.6765 1.4895 -1.3563 -0.0754 -4.1151 -5.3719 -1.4533 -2.2403 -3.3635 
34.8937 25.1039 -6.9193 -4.8950 5.5120 1.5386 -1.1340 0.2857 -3.7651 -5.3635 -1.5281 -1.9490 -3.0941 
33.1892 24.3312 -5.3842 -3.6853 4.9489 0.5378 -1.3380 0.4659 -3.8187 -5.4834 -1.4560 -1.9347 -3.4249 
32.8429 24.0517 -5.3415 -3.5092 5.1040 0.4304 -1.7513 0.2533 -3.6138 -5.3916 -1.5723 -1.6087 -2.6926 
32.5096 23.2715 -5.6435 -2.4078 5.9247 -0.1486 -1.9874 1.1465 -3.0333 -5.4143 -1.3306 -1.4193 -3.0124 
32.7576 21.5523 -8.1630 -1.5028 7.4482 -1.4909 -2.8897 2.6906 -2.2574 -6.1914 -1.2960 -0.6210 -2.8391 
31.8153 20.3778 -8.7700 -1.3084 8.0273 -1.0838 -2.5145 3.2890 -1.9685 -6.6212 -1.7352 -0.4508 -2.6398 
29.8377 18.7700 -8.5389 -1.0793 7.1907 -1.7173 -2.4791 2.6724 -2.8552 -6.0350 -0.5165 -0.4953 -3.2209 
27.8183 17.2963 -8.2651 -0.8256 7.3554 -1.0459 -1.9285 2.8658 -2.6486 -5.9846 -0.4269 0.0374 -2.9788 
27.3829 16.7236 -9.1693 -2.0471 6.8567 -1.0784 -2.9560 1.3587 -3.1370 -6.2255 -1.6870 -1.3039 -3.3632 
27.4349 17.4688 -8.0129 -1.7500 6.9113 -0.3185 -2.2325 1.6629 -2.3888 -5.0020 -0.8292 -0.8820 -2.9361 
24.3819 15.4723 -6.9364 -1.1581 5.8184 -1.2528 -2.3321 1.8017 -2.0590 -4.5913 -0.7107 -0.8601 -2.8617 
23.2089 14.2277 -7.5661 -1.3894 6.0682 -0.8847 -2.3557 1.7698 -1.8663 -4.6502 -0.7986 -0.5017 -2.6356 
23.2061 14.1374 -7.5179 -1.0940 5.9273 -1.6358 -2.9956 1.4779 -1.9326 -4.2285 -0.1347 -0.4086 -3.0739 
23.8882 14.2752 -8.2960 -1.3916 6.2377 -1.5283 -2.9606 1.7793 -1.8756 -4.7194 -0.5839 -0.3267 -2.7625 
30.2076 16.7356 -13.5482 -4.3543 6.8600 -2.3075 -4.2344 1.7643 -2.4870 -5.3778 0.5877 1.3219 -1.6312 
32.5361 19.5550 -12.1261 -4.2459 6.9785 -1.7151 -3.9704 1.4559 -3.1347 -6.4561 -0.4776 1.0352 -1.3257 
30.7331 18.1194 -13.3799 -7.1741 5.3882 0.0393 -2.2566 1.4728 -2.7097 -5.6714 -0.6370 0.9791 -0.8249 
30.7333 18.6362 -12.0747 -6.1724 4.8743 -1.6869 -3.7276 1.0508 -2.5317 -5.5206 -0.6442 0.9219 -0.8815 
27.4529 16.5758 -11.0983 -5.7860 4.8881 -0.2235 -2.2545 1.5677 -1.5353 -4.1329 -0.1396 0.9922 -0.5269 
25.4762 15.6896 -9.8108 -5.3453 4.4610 0.5100 -0.7682 2.3411 -1.5473 -4.6467 -0.8743 0.7086 -0.4552 
27.0911 18.4950 -6.7142 -3.2996 5.2830 0.7096 -1.2335 1.2993 -2.3813 -4.9807 -1.2912 -0.2541 -1.7697 
28.8932 21.4770 -3.8593 -2.5037 3.8436 -0.9574 -1.7858 1.5325 -1.8959 -4.6624 -1.8325 -1.5480 -2.5118 
30.8547 23.6728 -2.9300 -2.5949 3.4231 -1.3620 -2.1497 1.4958 -1.3067 -3.9638 -1.9307 -2.3349 -2.8828 
32.6016 25.1867 -3.0596 -3.2818 3.1429 -1.4097 -2.2765 1.5201 -1.0142 -3.8511 -2.4710 -3.3048 -3.3899 
33.9897 26.0857 -3.6134 -3.7600 3.4295 -0.8353 -1.9302 1.3453 -1.3282 -3.7007 -2.4747 -4.0815 -3.6546 
36.1251 26.5351 -6.0569 -4.8777 4.0125 -0.9707 -2.5740 1.0547 -2.0126 -4.6253 -2.5584 -3.5910 -3.3938 
37.4079 27.1885 -6.9222 -5.4256 4.5438 -0.1323 -2.0816 0.8885 -2.6920 -4.9252 -2.1055 -3.0950 -3.1645 
38.4329 27.8073 -7.6186 -6.1494 4.8923 0.7943 -1.6328 0.6068 -3.2637 -5.2244 -1.8242 -2.5994 -3.1359 
38.9466 27.8721 -8.0646 -5.7241 6.0494 1.5503 -1.3769 0.6844 -3.5042 -5.5170 -1.4482 -1.6054 -2.4435 
38.8042 27.1470 -9.1844 -6.3772 5.5634 0.9162 -1.8040 0.0863 -4.5773 -6.0952 -1.2490 -1.7434 -3.1798 
38.6321 27.3960 -8.5619 -5.9326 6.5283 2.3544 -1.2776 -0.1575 -4.2955 -5.4762 -0.8666 -1.1381 -2.4548 
38.8758 26.9273 -9.5894 -5.9806 6.9020 1.9847 -1.9127 -0.6840 -5.0665 -6.0629 -0.8820 -1.2157 -2.8396 
38.6442 27.0212 -9.0192 -5.4980 7.3817 2.6283 -1.5131 -0.6427 -4.9971 -5.7671 -0.3370 -0.5777 -2.5889 
37.5979 26.5765 -8.4656 -5.7453 6.5271 2.3903 -1.4407 -0.7345 -4.8413 -5.5217 -0.5460 -1.0205 -3.0175 
36.8458 25.6907 -8.9353 -5.8769 6.4269 2.1644 -1.6956 -0.9410 -5.0577 -5.8194 -0.9390 -1.4427 -3.3333 
36.1670 25.5901 -8.1431 -5.5298 6.6347 3.1459 -0.8014 -1.1828 -5.7009 -5.7515 -0.2707 -0.8459 -2.9914 
35.4774 25.4309 -7.3523 -4.8942 7.1277 3.6881 -0.8450 -1.6516 -5.7488 -5.4605 0.0792 -0.2460 -2.5944 
36.2030 25.6872 -7.8501 -5.1306 6.6847 2.8340 -0.8538 -0.7569 -5.2264 -5.3892 0.2058 -0.3989 -3.0362 
35.5597 24.8870 -8.4242 -5.4765 6.4720 2.4611 -1.5335 -1.3552 -5.4123 -5.5226 -0.2722 -0.9793 -3.4183 
35.1055 24.5246 -8.2245 -4.7995 7.3374 3.0217 -1.4448 -1.2549 -5.1056 -5.4314 -0.2783 -0.4866 -2.7468 
34.1149 24.1801 -7.4262 -4.5414 7.0968 3.1921 -1.3534 -1.7373 -5.5038 -5.3344 -0.0082 -0.3395 -2.8129 
33.8019 24.1979 -6.9614 -4.4047 6.9546 3.1975 -1.2457 -1.5145 -5.1485 -5.2376 -0.2117 -0.3864 -2.7210 
33.8719 23.9760 -7.3729 -4.5480 6.5073 2.1409 -1.8661 -1.0280 -4.3260 -5.0557 -0.7953 -1.0890 -2.9594 
33.2505 23.2304 -7.5880 -4.1659 6.8138 1.9950 -1.9614 -0.7098 -3.9189 -4.9129 -0.8633 -1.1158 -2.9247 
31.3434 22.2619 -6.6086 -3.9630 6.1918 2.1840 -1.3675 -0.6827 -4.2034 -5.1958 -0.9798 -0.7774 -2.4633 
30.5279 20.4223 -7.8038 -2.4947 7.6323 1.0840 -2.5836 -0.2497 -4.0721 -6.2162 -1.7002 -0.7460 -2.4139 
32.0945 20.0271 -10.1251 -2.1142 8.9092 0.3598 -2.5941 1.5649 -3.3032 -6.4376 -1.0626 -0.1876 -2.5608 
31.1435 19.4010 -9.4162 -1.0914 9.1235 0.4243 -1.8137 2.2009 -3.3519 -6.0708 -0.1421 -0.0049 -3.0824 
30.6208 18.2300 -10.8550 -1.7035 9.3747 0.5788 -2.1145 1.9218 -3.1388 -5.3791 0.5634 0.1923 -3.5510 
27.8942 17.2042 -8.6969 -1.0223 8.1704 0.2499 -1.6756 2.1448 -2.5566 -4.7952 0.2374 -0.1427 -2.8636 
25.6645 15.8241 -7.7823 -0.5130 7.4376 -0.4751 -1.9714 2.0928 -2.3760 -4.7428 0.1591 0.2622 -2.3620 
24.1879 14.9334 -7.3556 -0.6896 6.7702 -0.2883 -1.3965 2.0846 -2.4781 -4.4854 0.0657 -0.6297 -3.3808 
22.8843 14.1891 -7.0177 -0.8912 6.5339 0.2415 -1.1904 1.6193 -2.6028 -4.3798 -0.2066 -0.8123 -3.1749 
22.8321 14.2474 -6.8269 -0.9140 6.0370 -0.5098 -1.5528 1.8717 -2.4151 -4.6521 -0.2449 -0.1778 -2.3354 
24.2308 14.1518 -8.7526 -0.9927 7.0050 -1.1944 -2.7924 1.6514 -2.4623 -4.7584 0.3311 0.5462 -2.3487 
26.2255 14.0537 -11.6012 -1.6707 7.6779 -2.0098 -3.1153 3.0167 -1.8535 -5.1610 0.4820 0.5601 -2.8218 
28.2350 14.6848 -13.6488 -3.3105 6.5847 -3.6643 -4.0175 3.4258 -1.7052 -5.6424 0.1355 0.1891 -3.4366 
25.7478 15.0479 -9.9700 -3.0031 5.2200 -2.6903 -3.5027 2.2145 -1.4242 -4.2701 0.2958 0.3416 -2.4299 
27.9056 19.4729 -4.6624 0.0319 6.0362 -2.2745 -3.8005 1.0924 -1.7587 -3.6104 0.7182 0.6787 -1.5251 
33.7204 24.8929 -4.2685 -1.5617 5.7447 -1.8321 -5.2186 -2.3299 -4.2836 -3.6989 1.0686 -0.0641 -1.9706 
35.0845 25.1874 -5.6364 -1.9947 5.9105 -2.4550 -5.6428 -2.0157 -4.2984 -3.9182 1.2943 -0.0272 -2.2570 
33.4545 25.1025 -3.4677 -1.3606 5.1474 -2.2815 -5.1843 -2.3851 -4.6739 -3.9465 1.2027 -0.0883 -2.4652 
33.2824 25.0218 -3.3265 -1.2218 5.1799 -2.3965 -5.5123 -2.6466 -4.4983 -3.7401 0.7537 -0.7674 -2.4271 
32.3991 24.3672 -2.9490 -0.2880 6.1796 -1.7617 -5.4279 -2.6210 -4.1695 -3.4810 0.7882 -0.6164 -2.1669 
31.8175 24.3154 -2.3219 -0.4210 5.4320 -1.9964 -5.0096 -2.0477 -3.9917 -3.9556 0.3763 -0.4829 -2.4371 
31.8018 24.4695 -1.8423 0.0765 5.5310 -2.1481 -4.9044 -1.7093 -3.9253 -4.1828 0.4475 0.0840 -2.0133 
30.7932 23.2380 -2.5222 0.1848 6.1374 -1.9215 -5.4006 -2.3734 -4.5930 -5.1621 -0.4727 -0.3133 -2.2733 
30.0544 23.5929 -0.6557 1.1032 5.9706 -1.4795 -4.5208 -1.9616 -3.9868 -3.9703 0.2554 -0.2794 -1.9104 
31.0426 24.0006 -1.5274 0.3632 5.6080 -2.0869 -4.9485 -1.6520 -3.5662 -4.1394 -0.2880 -0.7306 -2.0917 
31.5552 24.4397 -1.4040 0.4978 5.6798 -1.9890 -4.5627 -1.3841 -3.7313 -4.0697 0.4265 -0.0117 -1.8984 
33.7615 25.2577 -3.2024 -0.4460 5.5082 -3.1591 -5.4771 -0.9921 -3.4386 -4.3174 0.4860 0.1621 -1.8383 
35.0118 25.3980 -4.9462 -1.5714 5.2253 -3.7141 -5.8633 -0.9071 -3.5263 -4.4327 0.5683 -0.1315 -2.3058 
34.1313 24.9168 -4.7285 -1.6719 5.4991 -2.6909 -5.6169 -1.6212 -3.4719 -3.7288 0.2825 -0.8523 -1.7356 
32.4727 24.6402 -3.1768 -2.0612 3.7443 -3.0612 -5.1234 -1.4326 -3.2222 -3.7642 -0.3810 -1.2089 -1.7485 
32.0229 24.7612 -2.0281 -1.2094 3.6200 -3.2462 -4.4302 -0.1583 -2.2423 -3.4493 -0.4720 -1.2311 -1.3211 
30.9106 23.8189 -2.1690 -1.4011 3.1988 -3.7241 -5.0677 -0.6954 -2.3602 -3.3702 -0.2757 -1.0282 -1.9202 
30.9119 22.8627 -4.1413 -2.7406 2.6336 -4.3426 -5.5250 -0.7865 -2.7264 -4.1466 -0.9514 -1.5642 -2.5346 
29.5237 22.9214 -1.3587 -0.5396 2.8745 -4.0201 -3.9696 0.8066 -1.8422 -3.3235 -0.0109 -1.2435 -2.9856 
32.0263 24.2297 -3.2626 -2.3339 2.8300 -4.0096 -4.8299 0.2583 -1.4700 -2.9557 -0.4955 -2.4032 -3.9339 
30.8936 22.2352 -4.9224 -2.2034 3.9311 -3.4013 -4.5228 0.4600 -1.9533 -3.6699 -0.1224 -0.8600 -2.7391 
29.6609 21.7466 -4.0357 -2.0709 3.2250 -3.3989 -3.7671 1.0552 -1.6381 -3.4590 -0.2010 -1.3700 -3.4998 
28.8438 21.1786 -3.7742 -1.8624 2.9744 -3.6789 -3.9187 0.6826 -2.2725 -3.8844 -0.0621 -0.8070 -2.8878 
31.0595 22.9016 -4.1567 -2.4399 3.2508 -3.1841 -3.5112 1.3785 -1.3820 -3.4626 -0.5187 -1.7504 -3.4382 
29.7189 21.7595 -4.2035 -2.1578 3.7680 -2.2262 -2.3348 2.6559 -0.3871 -3.4811 -1.0286 -1.5121 -2.9688 
28.9436 21.3914 -3.8946 -2.3662 3.3240 -2.2854 -2.7742 1.5558 -0.9949 -3.1470 -0.5850 -1.4069 -2.8484 
26.7821 19.4560 -4.3433 -2.8465 2.5481 -2.5451 -2.4788 2.0435 -0.5315 -2.9374 -0.3403 -0.7185 -2.3876 
25.3290 17.9333 -5.0221 -3.1349 2.6567 -1.8395 -1.7481 2.0291 -1.1954 -3.5491 -0.5038 -0.5797 -2.1452 
24.5503 16.9227 -5.7865 -3.5803 2.3131 -2.5883 -2.9655 1.1041 -1.2398 -3.0670 -0.0382 -0.1780 -1.7629 
23.7494 16.4536 -5.4790 -3.3625 2.5367 -2.1153 -2.7772 1.0358 -0.9389 -2.6057 -0.0175 -0.5389 -2.1951 
23.1385 16.1744 -4.8161 -2.4482 3.1420 -1.8534 -2.7478 0.8841 -1.2852 -2.9510 0.0909 0.0004 -1.8828 
22.3376 15.0092 -5.6419 -2.4507 3.6415 -1.5018 -2.8788 0.3359 -1.6081 -2.6080 0.3254 -0.6330 -2.7344 
21.9390 14.2574 -6.4380 -2.7669 3.7046 -1.5117 -3.0111 0.1670 -1.8693 -2.8145 0.4380 -0.2824 -2.4954 
22.0483 14.5131 -5.8594 -2.0218 4.0049 -1.6410 -2.7195 1.1328 -0.9987 -2.5241 0.5500 0.1357 -1.8449 
22.0688 14.5244 -6.1143 -2.6933 3.4369 -1.6231 -2.4889 1.0378 -1.2465 -2.5189 0.6783 0.0275 -2.0736 
20.4377 12.7982 -6.8724 -3.0721 3.0461 -1.8776 -2.4372 1.2992 -1.1350 -2.7286 0.6357 0.5238 -1.6709 
20.3577 12.2681 -8.0079 -4.1184 2.4833 -2.3906 -3.1738 0.7213 -1.3444 -2.8339 0.5064 0.4512 -1.7054 
20.9590 12.1363 -9.1417 -4.3616 3.2491 -2.2294 -3.9116 0.0772 -1.7066 -3.4409 -0.4891 -0.8431 -3.1679 
21.4076 12.8959 -8.2812 -3.8664 3.2114 -2.1426 -3.3091 0.5512 -1.7648 -3.4763 -0.0858 -0.0444 -1.9801 
19.7035 12.0927 -6.7289 -2.1126 4.1172 -1.4064 -2.5858 0.9693 -1.3646 -2.8331 0.6047 0.5599 -1.4140 
20.7340 11.6889 -9.1589 -3.3581 4.4175 -1.3696 -2.7697 1.0806 -1.6006 -3.3518 0.5032 0.5213 -1.9177 
20.4713 11.3884 -9.6409 -4.3091 3.5085 -1.7600 -2.9505 0.9419 -1.3855 -2.9613 0.4835 0.1222 -2.2191 
21.4324 12.4157 -9.0433 -3.7286 4.0568 -1.4335 -2.6409 1.3298 -1.2606 -3.2585 0.1179 0.1119 -1.8279 
20.0077 11.4692 -8.4983 -3.1412 4.1622 -1.3005 -2.4350 1.5799 -0.7052 -2.6564 0.3528 0.2622 -1.4728 
20.6771 11.7143 -8.9497 -3.0561 4.7049 -1.1194 -2.3484 1.9587 -0.4227 -2.4059 0.9779 0.6775 -1.9084 
18.8307 11.4825 -6.8235 -2.8151 3.1910 -1.4960 -2.0741 1.3753 -1.2163 -3.0173 0.1783 0.3608 -1.3336 
18.6840 11.0889 -7.1968 -2.6945 3.4550 -1.4738 -1.8303 2.1581 -0.4307 -2.8098 -0.1561 -0.0842 -1.5950 
19.0531 11.8569 -6.3548 -2.2716 3.7838 -1.0152 -1.7413 1.9271 -0.3477 -2.5086 -0.1270 -0.2499 -1.7840 
18.3245 10.7841 -7.5809 -3.5656 2.8122 -1.5357 -2.1961 1.2685 -1.0178 -2.9564 -0.3565 -0.3504 -1.7512 
17.4293 10.4516 -6.5506 -2.5832 2.9128 -1.7059 -2.0192 1.6662 -0.6563 -2.5743 0.2298 0.3196 -1.5354 
17.7421 10.8270 -6.6073 -3.1244 2.6275 -1.4552 -1.7922 1.6658 -0.7386 -2.8668 -0.1819 0.1652 -1.3997 
17.5802 10.7537 -6.2795 -2.5541 2.8719 -1.7823 -2.3361 1.4056 -0.3821 -2.0750 0.2159 -0.2972 -2.0689 
16.9039 9.6723 -7.5005 -3.6927 1.9730 -2.3323 -2.5878 1.1550 -0.6663 -2.0430 0.6277 0.2451 -1.4734 
17.1954 10.1380 -6.8544 -2.9319 2.5376 -1.9551 -2.1174 1.3556 -1.4623 -3.5129 -0.4565 -0.3450 -2.1848 
17.6266 10.6523 -6.4898 -2.6018 2.8044 -1.9236 -2.0867 1.9097 -0.5683 -3.0422 -0.4063 -0.0692 -1.7880 
18.9939 11.9132 -6.2131 -2.3352 3.4690 -1.6050 -2.6018 1.1155 -0.8474 -2.6935 -0.0374 -0.1963 -2.0134 
18.6139 11.5993 -6.2530 -2.3452 3.7022 -0.8599 -1.7793 1.5666 -0.4523 -2.0582 0.5309 0.1141 -1.9152 
19.5898 12.0397 -7.0262 -3.0893 3.2334 -1.3957 -2.3534 0.6329 -1.7967 -2.9099 0.3744 -0.0905 -2.0560 
19.8311 11.8894 -7.4590 -2.8384 3.7762 -1.1860 -2.0308 1.1057 -1.7059 -2.7597 1.1462 0.6838 -1.6786 
20.7723 12.3781 -7.9991 -3.0054 4.2852 -0.8668 -1.9064 1.5993 -1.2726 -3.2280 -0.1035 -0.6599 -2.8609 
20.3371 12.6037 -6.9688 -2.5559 4.4303 -0.2401 -1.5389 1.3232 -1.1189 -2.2856 0.7570 -0.2459 -2.6411 
21.8158 13.6807 -7.8005 -4.1017 3.6979 -0.3818 -2.0399 0.7922 -1.0166 -2.0905 0.4829 -0.4848 -2.4652 
21.3850 12.3637 -9.2238 -4.1064 3.8742 -1.2162 -2.4560 1.2782 -1.0173 -2.4503 0.7426 -0.2795 -2.9181 
20.9663 12.2550 -9.0188 -4.3614 3.6816 -0.9775 -2.5842 0.6527 -1.6179 -3.2058 0.0661 0.1131 -1.8595 
21.3947 13.5589 -7.0010 -2.9353 4.3664 -0.1834 -1.5662 1.5041 -0.9477 -2.5663 0.7464 0.8132 -1.3799 
20.6580 12.9810 -6.9848 -3.1815 3.5530 -0.7998 -1.4979 1.7907 -0.8565 -2.5286 0.6710 0.2665 -2.1807 
18.1651 11.1853 -6.2083 -2.0122 4.0186 -0.6081 -1.5614 1.5051 -0.9434 -2.5748 0.4105 0.2428 -1.7124 
18.3739 11.5641 -5.8212 -1.9009 3.9215 -0.4473 -0.8686 2.5159 -0.0040 -1.9059 0.8643 0.5989 -1.5105 
17.3320 10.8779 -5.4184 -1.4053 4.2090 -0.1807 -0.8769 2.1900 -0.3284 -2.2254 0.5582 0.5474 -1.4907 
16.7822 10.3238 -5.7716 -1.9784 3.5068 -0.6436 -1.2446 1.7407 -0.4885 -1.9904 0.6650 0.4180 -1.4067 
16.0786 9.9803 -5.5480 -2.2726 3.0330 -0.6520 -1.4611 0.9180 -1.1793 -2.1710 0.6491 0.2895 -1.7359 
15.6320 9.1407 -6.5472 -3.2047 1.7602 -2.3190 -2.4826 1.0038 -1.0082 -2.5805 0.2483 0.1516 -2.2047 
15.7516 9.3833 -6.2563 -2.9144 2.3440 -1.3219 -1.6792 1.1209 -1.1440 -2.5353 0.1827 -0.0042 -1.8300 
16.0376 9.6982 -5.9323 -2.3741 2.8253 -1.2765 -1.8728 1.1600 -0.8755 -2.5134 -0.1565 -0.1606 -1.5821 
16.3406 9.5913 -6.7184 -3.0104 2.5407 -1.6372 -2.3254 0.8221 -1.0819 -2.4874 -0.0206 -0.4166 -1.9653 
17.2941 10.3265 -6.9931 -3.5126 2.5505 -1.1980 -2.0190 0.7409 -1.2516 -2.5336 -0.0349 -0.2681 -1.6705 
17.2250 10.7068 -5.7397 -2.1658 2.8462 -1.8673 -2.3627 1.3692 -0.2678 -1.7009 0.7646 0.4147 -1.3232 
16.9594 10.4052 -6.1819 -2.8419 2.6158 -1.4664 -2.1785 0.8866 -1.0639 -2.4390 0.4324 0.6313 -1.0506 
19.0452 11.3006 -7.5762 -3.3859 2.9123 -1.7632 -2.1677 1.4886 -1.1767 -2.9138 0.4940 0.3334 -2.0919 
18.1068 10.6965 -7.6680 -4.1132 2.1799 -2.0905 -3.1377 0.1591 -1.6109 -2.9626 0.0332 0.2085 -1.4952 
16.9575 10.1374 -6.6797 -3.2843 1.9134 -2.3468 -2.4047 1.3998 -0.5337 -2.1451 0.4940 0.2554 -1.6505 
17.9623 11.2149 -6.4216 -3.4825 2.1606 -1.7413 -2.3372 1.0393 -0.4396 -1.5802 0.9716 0.6111 -1.2204 
18.7283 12.0593 -5.8919 -2.9381 2.7358 -1.3449 -2.0002 1.4160 -0.4045 -2.1409 0.0672 -0.5283 -2.6026 
18.3470 11.4188 -6.4867 -3.3676 2.0477 -2.2430 -2.5397 0.9707 -1.3362 -3.0856 -0.2268 -0.4435 -2.6363 
18.3439 11.5435 -6.1139 -2.8271 2.5795 -1.9765 -2.6416 0.8589 -1.0420 -2.5719 0.0683 -0.3118 -2.4317 
17.6983 10.9672 -6.4238 -3.3274 2.5135 -0.9487 -1.3567 1.4512 -0.7375 -2.0955 0.2441 -0.5861 -2.5232 
17.9085 11.2947 -5.9588 -2.9231 2.2666 -1.7812 -1.8698 1.5200 -0.8053 -2.5590 -0.1101 -0.6166 -2.3460 
17.7043 10.5409 -7.2925 -3.9481 2.0121 -1.7199 -1.9676 1.3085 -0.8495 -2.2485 0.5153 0.0302 -2.0338 
18.5243 11.9687 -5.8793 -3.2699 2.3212 -1.2862 -1.8752 0.9355 -0.9632 -1.9492 0.6824 -0.0136 -1.9463 
17.9154 11.0745 -6.4704 -3.1830 2.5554 -1.4622 -1.9835 1.2032 -1.1819 -3.1890 -0.8017 -1.0771 -2.8382 
18.1383 11.4518 -6.3272 -3.5831 2.1561 -1.4255 -1.9581 0.9521 -1.3061 -2.9489 -0.3043 -0.4197 -2.2111 
18.2773 11.7547 -5.8982 -3.2442 2.3935 -1.0203 -1.4367 1.1989 -1.2702 -2.6499 0.2616 -0.0676 -2.3131 
17.5181 11.2756 -5.4281 -2.5727 2.5259 -1.7438 -2.8023 0.1357 -1.3489 -2.3954 0.0031 -0.3259 -1.5773 
