16.4435 10.7047 -4.5895 -1.6790 2.8466 -1.1419 -1.5829 1.0768 -1.2585 -2.7439 -0.3125 -0.6055 -2.0792 
16.8262 11.2111 -4.0872 -1.0768 3.4600 -0.7963 -1.5968 0.9784 -1.1358 -2.4247 -0.0485 -0.5539 -2.2018 
16.3227 10.8172 -4.1886 -1.6008 2.4745 -1.4499 -1.6681 0.8686 -1.5348 -2.6174 0.1893 -0.1803 -1.8410 
16.6430 11.1472 -3.8543 -1.0013 2.8180 -1.9900 -2.4297 0.9495 -1.0264 -2.7313 -0.2537 -0.1357 -1.6304 
16.3942 10.9275 -4.1052 -1.3752 3.1088 -0.8356 -1.6715 0.6149 -1.5543 -2.7830 -0.2845 -0.4607 -1.9073 
15.1858 9.5309 -4.6680 -1.4286 2.6293 -1.3688 -0.9779 2.2382 -0.3247 -2.0324 0.5232 0.1939 -1.6224 
16.3912 10.6036 -4.3694 -0.9483 3.2112 -1.6672 -2.1313 1.0952 -1.1413 -2.5625 0.3758 0.1804 -1.7762 
16.9456 11.6132 -3.4450 -0.8331 2.9683 -1.4283 -1.7100 1.1138 -1.2539 -2.4829 0.3931 0.0482 -1.7662 
15.9874 10.2806 -4.6972 -1.7528 2.5982 -1.6663 -2.2662 0.6502 -1.3261 -2.8385 -0.5481 -0.7743 -2.2777 
15.2745 9.4974 -5.2469 -2.5313 1.6807 -1.9788 -1.9289 0.7389 -1.7906 -3.2464 -0.6865 -0.8816 -2.1419 
15.3227 9.7101 -4.7756 -1.7835 2.6626 -1.1883 -1.5367 1.2923 -0.8605 -2.5026 -0.0903 0.1552 -1.0580 
15.6001 10.0609 -4.5650 -1.6942 2.7875 -1.0490 -1.5269 1.3059 -0.5602 -1.9417 0.3486 0.0875 -1.5794 
16.1431 11.2168 -3.0865 -0.6888 3.3369 -0.4975 -1.2745 0.9164 -1.1038 -2.2778 -0.1163 -0.5732 -2.0335 
15.9423 10.5146 -4.0002 -1.0114 3.1124 -1.1554 -1.5713 1.2230 -1.2262 -2.9296 -0.2338 -0.0522 -1.7249 
16.1078 10.4076 -4.5674 -1.5134 2.9280 -1.2195 -1.6709 1.1946 -1.0033 -2.6143 -0.2598 -0.3988 -1.9318 
15.3467 10.0949 -3.9370 -1.2718 2.4275 -1.4544 -1.2928 1.4242 -1.3089 -3.0167 -0.4261 -0.4281 -1.8254 
15.7665 10.4519 -4.0935 -1.5280 2.6531 -1.2475 -1.7247 1.2140 -0.4990 -2.1081 -0.2966 -0.5473 -1.6638 
16.2615 11.4623 -3.0355 -1.2597 2.4785 -1.0110 -1.3002 1.1394 -1.0299 -2.4926 -0.0604 0.0976 -1.4977 
15.4074 10.0101 -4.2853 -1.5210 2.5734 -1.2033 -1.2001 1.7146 -0.6294 -2.3744 0.1086 0.4525 -0.7570 
15.2567 9.6638 -4.9142 -2.2788 1.9419 -1.7296 -1.7299 1.2466 -1.0141 -2.7291 -0.3219 -0.4328 -2.1874 
15.9269 10.4236 -4.5094 -2.0594 2.2491 -1.2343 -1.2560 1.4528 -0.9393 -2.4685 0.1706 0.1662 -1.6599 
18.2135 10.8907 -6.2224 -1.2005 3.6992 -2.4452 -2.1359 2.5286 -1.0025 -3.7671 0.1268 0.5935 -1.8541 
16.9927 10.8266 -5.0289 -1.6765 2.6203 -2.3977 -2.6025 1.2362 -1.0976 -3.2271 -0.3597 0.1182 -1.5454 
14.5828 8.7365 -5.5276 -2.4428 1.8768 -1.6037 -1.0755 1.8447 -1.1040 -2.9229 0.1161 0.4967 -1.2136 
14.9365 9.0928 -5.2150 -1.8512 2.3744 -1.9271 -2.0855 1.0577 -1.1344 -2.4360 0.4901 0.1795 -2.1537 
16.0157 10.1591 -4.7945 -1.5551 2.6768 -1.6319 -1.5839 1.5978 -0.9764 -2.5843 0.3982 0.3245 -1.7389 
16.7250 11.1369 -4.5067 -2.3441 2.0672 -1.2463 -1.1578 1.5788 -0.8264 -2.4056 0.0711 -0.0866 -1.8375 
15.6848 10.3938 -3.8261 -1.0710 2.6744 -1.3032 -1.0586 1.8530 -0.8742 -2.6747 -0.1992 -0.5281 -2.3570 
16.0109 10.6186 -4.2136 -1.8292 2.2649 -1.4499 -1.6943 0.8540 -1.5371 -3.1376 -0.9267 -1.2426 -2.5941 
15.2841 10.0166 -4.0164 -1.5000 1.8452 -2.2936 -2.0304 0.8244 -2.0880 -3.9368 -1.0398 -0.7028 -2.3102 
15.8218 10.6395 -3.7773 -1.4596 2.3056 -1.3905 -1.3012 1.4466 -0.8863 -2.2686 0.3034 0.0923 -1.7565 
15.2921 9.6280 -4.8620 -1.9000 2.3504 -1.5478 -1.7156 1.1464 -0.9120 -2.1537 0.1853 -0.4198 -2.1724 
16.0041 10.6197 -3.9510 -1.0843 3.1475 -0.8442 -1.3007 1.2934 -0.9406 -2.4808 -0.3492 -0.5753 -1.6565 
16.3663 11.1267 -3.7434 -1.4788 2.5146 -1.1479 -1.2138 1.3794 -1.2542 -2.9400 -0.1469 0.2074 -1.3910 
15.1374 9.4383 -5.1150 -2.1926 2.4174 -1.0391 -1.2220 1.3174 -1.1038 -2.6642 -0.2585 -0.3856 -1.8552 
15.4764 10.3711 -3.5714 -0.9874 2.5637 -1.5264 -1.6297 1.0351 -1.4683 -2.9886 -0.3446 -0.2576 -1.6406 
16.0094 10.8342 -3.7952 -1.5673 2.4344 -1.1886 -1.4940 0.9061 -1.5167 -3.0466 -0.5039 -0.3530 -1.8034 
16.6200 11.1662 -4.1891 -2.0300 2.0691 -1.4980 -1.3709 1.5260 -0.8808 -2.6980 -0.5191 -0.7150 -2.1277 
15.6923 10.4479 -3.9217 -1.4712 2.3447 -1.4799 -1.5202 1.2374 -1.1472 -2.8396 -0.5280 -0.4587 -1.6353 
22.1853 11.1933 -10.8725 -1.9664 5.3643 -3.1127 -2.4264 3.3342 -2.0383 -4.5481 1.4410 0.7846 -2.8848 
37.9811 21.7811 -16.1257 -6.6749 5.8364 -4.1977 -4.1305 4.1968 -1.4932 -5.6037 0.6003 -0.2195 -4.1405 
35.2857 22.2352 -11.2966 -4.6535 5.2264 -3.3681 -3.2680 3.6271 -1.2589 -4.3398 1.3938 0.5780 -3.3310 
31.0586 19.3826 -9.8266 -3.0989 5.5825 -2.3632 -1.6839 4.7044 -0.5084 -3.7359 1.7012 0.9364 -2.7955 
27.0564 15.9981 -9.9363 -2.8631 5.0919 -2.5111 -1.5548 4.5698 -0.6055 -3.7747 1.4488 0.7784 -2.7084 
23.8682 13.7791 -9.3020 -2.6742 4.4714 -2.3246 -1.1570 4.4154 -0.6428 -4.0488 0.1900 -0.3904 -2.8529 
20.6731 12.0191 -7.9606 -2.4164 3.6332 -2.1817 -0.8662 4.1880 -0.6548 -4.2918 -0.3149 -0.0085 -2.2653 
20.1317 12.3171 -6.8708 -2.2790 3.6726 -1.4419 -1.0243 2.9457 -1.2805 -4.5077 -1.1558 -0.6377 -2.0332 
22.5674 12.7716 -9.4920 -3.3104 3.5076 -3.1834 -1.9766 4.1803 -0.4309 -4.7047 -1.0550 -0.7863 -2.6637 
23.2567 12.5836 -10.7210 -3.2249 4.7534 -2.8838 -2.5273 4.2486 0.1070 -4.2561 -0.2048 0.2356 -2.5235 
20.5969 12.6614 -6.7378 -1.7397 4.2430 -1.6358 -1.5660 3.0735 -0.3756 -3.3183 -0.0493 -0.0657 -2.1625 
20.9768 11.3266 -9.8314 -3.1053 4.5570 -2.0189 -2.5547 2.6414 -0.3152 -3.0926 0.1972 0.1794 -1.6922 
18.2323 10.9205 -6.8956 -2.6047 3.5164 -1.2078 -1.9050 1.6531 -0.7845 -2.9424 -0.3236 -0.1634 -1.5284 
17.9858 11.1675 -6.2875 -2.9850 2.3545 -2.0892 -2.5620 0.8292 -1.6686 -3.9980 -1.5782 -1.0446 -1.8993 
17.7512 11.0625 -6.2797 -3.1699 2.4295 -1.5462 -2.0956 1.1998 -0.8470 -2.7376 -0.2809 0.0295 -1.2753 
17.5758 11.0384 -5.9240 -2.6128 2.9596 -1.3993 -2.5754 0.3852 -1.5533 -3.1618 -0.2622 0.5184 -0.7405 
16.9672 11.4697 -4.0682 -1.5662 3.0049 -0.8581 -1.5329 1.1850 -0.7641 -2.3689 -0.3248 -0.6408 -2.1506 
16.0074 10.4230 -4.4354 -1.4989 3.0685 -0.7008 -1.0960 1.5847 -0.5801 -2.2117 -0.2327 -0.5513 -1.6898 
15.8842 10.4884 -4.1785 -1.7453 2.0689 -1.7764 -1.6815 1.0345 -1.7089 -3.4684 -0.7930 -0.5960 -1.9579 
15.2387 9.7743 -4.4175 -1.5265 2.4128 -1.7285 -2.0069 0.7161 -1.6451 -3.0651 -0.3585 -0.2821 -1.5666 
15.4705 10.0401 -4.3826 -1.7249 2.3300 -1.4856 -1.6455 1.1325 -0.9952 -2.4172 -0.1071 -0.1979 -1.3829 
15.2166 9.5394 -4.9595 -2.1303 1.9774 -1.7050 -1.2432 1.9905 -0.4398 -2.1506 0.3078 -0.1069 -2.0913 
16.2874 11.1060 -3.6517 -1.4286 2.5113 -1.0975 -1.1851 1.3751 -0.9298 -2.2228 0.2947 0.0047 -1.7137 
15.7319 10.1622 -4.5624 -1.7661 2.4291 -1.7559 -2.2237 0.7857 -1.3275 -3.2253 -0.8174 -0.1247 -1.1023 
16.2565 10.7661 -4.0339 -1.1577 2.9687 -1.1280 -1.3887 1.2513 -1.2403 -2.6407 -0.0267 -0.2963 -1.7853 
16.1645 10.8165 -4.1413 -1.9501 2.0599 -1.6618 -1.9433 0.5966 -1.6767 -2.8881 -0.0321 -0.0443 -1.8488 
17.0126 11.3308 -4.3016 -1.5010 3.1080 -1.0200 -1.6845 1.0760 -1.0760 -2.4219 0.4233 0.2820 -2.0022 
19.4172 11.7361 -6.9037 -1.9574 4.4668 -1.2021 -2.3567 1.5237 -1.1074 -3.3858 0.0436 0.3832 -2.0970 
22.4869 11.4880 -10.9935 -1.6709 7.0117 -2.0954 -3.4719 2.9989 -0.5179 -4.0317 0.9666 1.5552 -2.5249 
24.6994 11.6485 -13.1409 -0.9141 8.8771 -2.5474 -3.9918 3.6078 -0.7244 -4.4269 1.3881 1.2605 -3.3770 
25.6707 11.8758 -14.0331 -1.3110 8.5024 -3.2409 -3.6581 4.6861 -0.4418 -4.6010 1.4654 1.1207 -3.3847 
26.9097 12.2747 -14.7111 -0.7978 9.1930 -4.0851 -4.9568 3.7964 -1.2625 -4.5899 2.6021 1.8787 -3.4433 
27.9554 12.9676 -15.1328 -1.1958 9.5234 -3.1041 -3.6424 4.6993 -1.3285 -5.0977 2.2738 1.5306 -3.8889 
27.8496 12.7206 -15.6731 -1.9224 8.9672 -3.6034 -4.2845 4.5263 -0.5779 -4.1451 2.8813 2.2673 -2.9804 
27.8333 12.7825 -15.1581 -0.8651 9.7734 -3.6621 -4.7436 4.1905 -1.0689 -5.1057 1.8078 1.6098 -3.2282 
28.7793 13.7594 -14.7334 -0.7553 9.6161 -3.7175 -4.2620 4.6855 -1.0850 -5.0048 2.3733 1.8645 -3.4805 
28.1751 13.1029 -14.9605 -0.6082 9.8944 -3.5754 -4.2946 4.6745 -0.9663 -4.7900 2.6553 2.1038 -3.3532 
28.4307 12.9337 -15.6062 -0.8871 9.7549 -3.9260 -4.3529 4.8459 -1.3143 -5.5890 2.0080 1.7494 -3.4686 
29.7314 14.1868 -15.3162 -0.8860 9.9122 -3.7662 -4.1584 5.2375 -0.9507 -5.2633 2.7854 2.7550 -3.2416 
30.1098 14.1683 -15.9421 -1.0402 10.4899 -3.3832 -4.6302 4.3867 -1.2525 -5.0245 2.5826 1.9138 -3.7211 
30.2870 14.6635 -15.2354 -0.7717 10.1250 -3.7166 -4.3641 4.9402 -1.0334 -5.1821 2.4152 1.8446 -3.8403 
30.0536 14.1685 -16.0694 -1.4072 10.4145 -3.1186 -4.4847 4.6391 -0.7023 -4.8134 2.3162 1.8032 -3.6070 
29.9002 13.8050 -16.4838 -1.6677 10.0457 -3.6122 -4.8065 4.2933 -1.2025 -4.9948 2.4647 1.7488 -3.7147 
35.6575 19.7343 -15.0168 -3.1861 8.2119 -4.5226 -5.1918 3.6115 -2.4930 -6.6044 1.2609 1.7627 -2.5573 
38.0636 21.5048 -15.8168 -4.7733 6.8539 -5.7535 -6.1756 2.6329 -3.8701 -7.8207 0.5848 0.8501 -3.8960 
34.9517 18.8553 -15.2115 -2.2936 9.4533 -3.8239 -4.7962 4.1006 -2.3236 -6.9005 0.9805 1.3377 -3.6122 
34.0012 17.9461 -16.0723 -3.8516 8.3033 -3.9485 -5.1279 3.3915 -2.3257 -6.4395 1.1886 1.6749 -3.1332 
33.4761 19.0467 -13.3735 -2.7719 8.4818 -2.7701 -4.3879 3.0096 -1.9097 -5.1822 1.5855 1.4165 -2.9956 
36.8376 24.1008 -9.5324 -1.9779 8.4140 -1.5862 -3.5822 2.4673 -2.4537 -5.7682 0.1042 -0.0498 -3.6462 
38.4461 26.1206 -8.8684 -3.1977 6.9148 -2.2885 -4.7054 0.5284 -3.6134 -5.9108 -0.5819 -1.2773 -3.9081 
40.0247 27.7995 -8.3168 -3.2881 7.1292 -1.4533 -3.8034 0.9856 -3.3931 -5.4954 0.0606 -0.5545 -3.1178 
41.0490 27.8432 -10.2504 -5.0795 6.5002 -1.9714 -5.0183 -0.5298 -4.4432 -5.7964 -0.0771 -1.2004 -3.9314 
41.5312 28.4054 -10.1468 -5.3768 6.5243 -1.4045 -4.4413 0.0089 -3.6503 -5.1705 -0.0425 -1.2031 -3.3859 
40.6390 27.7871 -10.0402 -5.3292 6.7514 -0.7784 -4.0521 0.0082 -3.8184 -5.6023 -0.2433 -0.6128 -2.8400 
38.0544 26.0483 -9.5078 -5.3884 5.9222 -0.8419 -3.7244 -0.0496 -4.0960 -6.2292 -1.2187 -1.3479 -3.3638 
34.5499 24.2575 -7.4138 -4.4111 4.8232 -1.1149 -2.8602 0.6912 -3.3373 -5.4605 -0.8343 -0.8145 -2.5739 
32.6953 23.5487 -6.3476 -4.7237 3.8655 -0.8514 -2.7774 -0.0557 -3.2021 -4.5303 -0.4204 -0.4331 -1.7819 
30.9949 22.4980 -5.6578 -4.2971 3.5065 -1.1360 -2.9896 -0.5487 -3.8715 -5.2396 -0.7554 0.0175 -1.1635 
28.6378 20.7117 -5.3404 -4.0338 3.1752 -0.9449 -2.3944 -0.3013 -3.6752 -4.7948 -0.5468 -0.1661 -1.3054 
28.2439 19.7521 -5.9306 -3.1440 4.0135 -1.2869 -2.4621 0.3402 -3.6617 -5.3510 -0.8398 -0.6118 -2.1143 
29.3961 18.7489 -8.8190 -2.2215 7.4274 -1.1251 -4.3306 1.5511 -0.4792 -4.7546 -2.3918 -0.8563 -1.2591 
29.8386 18.6008 -9.7933 -2.6415 7.5678 -1.6215 -5.5042 0.6564 -0.8933 -5.1412 -2.6549 -0.4515 -0.2299 
26.1371 17.9132 -6.0793 -2.6434 4.6352 -1.3929 -3.5402 0.5136 -1.4801 -4.2663 -1.9159 -0.9425 -1.3152 
25.7136 17.6310 -5.7364 -2.0658 4.8471 -1.5401 -3.7041 0.2536 -2.0359 -4.9144 -2.3903 -1.1421 -1.1225 
24.0907 16.7064 -5.1388 -2.1960 3.9803 -1.6170 -3.3665 0.0050 -2.3186 -4.6076 -1.9157 -0.8145 -0.8882 
31.7571 19.6987 -10.3938 -3.3725 5.7878 -3.0602 -3.5671 2.9143 -2.1088 -5.8440 0.1806 1.0067 -2.7015 
37.3343 22.5350 -13.6088 -4.9233 6.7573 -3.5744 -4.5618 3.3215 -1.8693 -6.0283 0.8119 1.6856 -2.6216 
34.8981 19.1117 -15.5547 -3.8948 8.7818 -3.2605 -5.2195 3.6413 -0.9349 -5.8608 0.2382 1.4189 -2.0483 
33.3337 17.2711 -16.2340 -3.6578 8.6379 -3.7261 -5.2413 3.2281 -2.1450 -6.4281 0.4801 1.1546 -2.5915 
33.6198 17.9420 -15.1340 -2.4267 9.6772 -3.1265 -5.1290 3.1592 -1.9783 -5.7771 1.3557 1.3859 -3.2368 
32.6916 16.6385 -16.0792 -2.8753 9.1539 -3.6706 -5.0558 3.4474 -2.2215 -6.2100 1.1503 1.1247 -3.6144 
31.7364 15.8588 -15.7714 -2.0558 9.5981 -3.8026 -5.1499 3.8932 -1.6614 -6.1687 1.0524 1.6290 -2.9476 
30.7515 14.5062 -16.6528 -2.2471 9.3738 -4.2772 -4.9734 4.7893 -1.0277 -5.7382 1.9893 2.5434 -2.7314 
31.1149 14.8779 -16.1778 -1.2143 10.4565 -3.9698 -5.2741 4.7148 -0.5470 -5.2402 1.9185 2.2324 -2.6387 
31.3462 15.0539 -16.3013 -1.4486 10.5249 -3.5010 -5.0177 4.2586 -1.1414 -5.3168 1.8037 1.4175 -3.5638 
31.0593 15.0142 -16.0003 -1.3702 10.5131 -3.3089 -4.6664 4.9354 -0.2039 -4.7871 1.8002 1.4988 -3.2161 
32.5049 16.5168 -15.2599 -0.8064 10.8545 -3.5468 -5.1625 4.6933 -0.1497 -4.6707 1.7239 1.2171 -3.3643 
32.1303 15.9397 -16.1436 -1.6910 10.9885 -2.6173 -4.7476 4.4783 -0.4158 -5.0864 1.4814 1.7478 -2.8770 
30.5751 14.7389 -16.3018 -2.5213 9.5515 -3.3772 -4.9594 4.0597 -0.8866 -5.3663 1.1028 1.1847 -3.2991 
29.6186 14.8476 -14.8233 -2.2258 9.0442 -2.9745 -4.3720 4.0564 -0.5571 -4.7779 0.9358 0.7414 -3.2672 
28.1267 16.0597 -10.4544 -0.5901 8.1317 -3.2608 -5.0491 2.3774 -1.4080 -5.3786 -0.7191 -0.6011 -3.6039 
25.8934 14.6836 -9.5294 -0.1479 7.4123 -3.2701 -3.8380 3.6642 -0.5706 -4.7181 0.0945 0.6004 -2.3246 
23.9211 13.0550 -9.8300 -0.9943 6.0635 -3.5954 -3.3164 3.9200 -0.3456 -3.9831 0.6296 0.2060 -3.0817 
23.6779 13.4563 -8.6447 -0.1537 6.5395 -3.2453 -3.4371 3.5926 -0.4988 -4.2500 0.5906 0.9346 -2.4865 
22.8070 13.2151 -8.3769 -1.2717 5.0905 -3.6589 -3.9002 2.6723 -0.9676 -4.5585 0.0571 0.7562 -2.6368 
22.3461 13.4005 -7.5333 -1.2063 4.9635 -3.0237 -3.3737 2.6561 -0.7185 -4.2573 -0.2758 0.4778 -2.2496 
21.5721 13.2110 -7.1335 -1.8240 4.4290 -1.8784 -1.7975 3.2709 -0.3272 -3.5379 0.1595 0.4535 -2.3538 
21.6701 13.8381 -6.1179 -1.2823 4.7064 -1.5585 -2.0695 2.5318 -0.3814 -2.9412 0.3349 0.2644 -2.0996 
21.0620 13.7024 -5.5046 -1.1330 4.4202 -1.6245 -2.2791 1.8225 -1.0862 -3.3665 -0.0328 -0.0425 -2.3113 
20.4855 12.9511 -6.1993 -1.8258 3.8722 -1.9206 -2.4395 1.7378 -0.9883 -3.0554 0.3857 0.3811 -1.9428 
19.6453 12.2119 -6.3590 -2.0496 3.5126 -1.9823 -2.1992 2.0615 -0.5864 -2.7436 0.2891 0.0045 -2.1592 
19.6825 12.9653 -4.9870 -1.5979 2.7915 -2.8289 -2.7777 1.5381 -0.9713 -2.9665 -0.0507 -0.5634 -2.8694 
29.4497 19.6192 -8.9800 -5.3376 6.0628 1.7800 -3.1229 -1.8368 -2.7455 -2.4469 1.1559 1.0722 -0.4787 
34.1095 22.7391 -9.7644 -4.9555 7.2301 1.1071 -4.1012 -2.2592 -4.2517 -4.6347 -0.6198 -0.7511 -1.7693 
36.2793 24.0853 -10.5685 -5.5125 7.2572 0.9901 -3.7284 -1.5714 -4.4664 -5.2361 -0.4437 -0.3745 -1.9113 
36.2702 24.5286 -9.5936 -4.7856 7.5065 1.1213 -3.5187 -1.3136 -4.3512 -5.4037 -0.5812 -0.2112 -1.8253 
40.2688 26.5247 -12.2026 -6.6640 7.4522 0.8819 -3.2929 -0.3512 -4.1666 -5.3976 0.3219 0.0414 -2.8960 
42.5394 27.6390 -13.2436 -6.5448 8.4653 1.1228 -3.0902 -0.0362 -4.5159 -5.5299 0.8214 0.1445 -2.7392 
41.6514 27.3446 -12.2407 -5.9008 7.8645 0.1381 -3.6327 -0.3302 -4.8864 -5.8402 0.6152 -0.2447 -3.2397 
41.3207 27.4954 -11.7558 -6.0907 7.8407 0.8526 -3.3089 -0.5677 -4.7530 -5.4708 0.8478 0.1403 -2.9645 
41.4703 27.5538 -11.8865 -6.0031 8.2841 1.0504 -3.6144 -0.7384 -4.6370 -5.6443 0.6040 0.4837 -2.4639 
41.4853 27.2497 -12.3957 -6.1652 8.1707 0.6888 -3.9402 -1.1490 -5.3088 -6.0326 0.6281 0.2197 -3.0868 
41.7323 27.4615 -12.2175 -5.7762 8.5611 0.9912 -3.5559 -0.8343 -5.0934 -5.6012 1.0146 0.1095 -3.2300 
42.1114 27.9766 -11.8203 -5.5645 8.6699 1.1150 -3.3237 -0.4696 -4.7308 -5.2957 1.4067 0.5107 -3.0553 
41.5208 27.4284 -11.8663 -5.3583 8.9173 1.3074 -3.3976 -0.9383 -5.3268 -5.5861 1.4958 0.6390 -3.1181 
41.2839 27.4005 -11.6411 -5.4026 8.8156 1.5357 -3.1509 -0.9104 -5.2387 -5.4595 1.3389 0.3640 -3.1542 
40.2473 26.8031 -11.2728 -5.5148 8.1132 1.1410 -3.2813 -1.2283 -5.6112 -5.6734 1.2454 0.3027 -3.3181 
39.7514 26.9533 -10.4068 -5.3161 8.1974 1.9033 -2.8355 -1.4854 -5.5734 -5.2971 1.3017 0.3019 -3.0481 
39.4932 26.8091 -10.4044 -5.4647 8.2561 2.3290 -2.6524 -1.7358 -5.7719 -5.3503 1.2089 0.3371 -2.8535 
38.8934 26.6024 -10.2932 -6.1015 7.7372 2.4941 -2.7815 -1.9518 -5.2279 -4.8729 1.0249 0.3191 -2.7611 
37.1125 25.7507 -9.3215 -5.8588 7.3201 2.6210 -2.7847 -2.4003 -5.4050 -5.0439 0.6696 0.5092 -2.3184 
36.0860 24.8436 -9.1878 -5.2222 7.6681 2.5276 -2.8992 -2.2585 -5.2111 -5.1086 0.3789 0.2788 -2.2978 
35.2214 23.5954 -10.2885 -5.6654 8.1167 3.2294 -2.7633 -2.4817 -5.0262 -4.6765 0.2229 -0.5192 -3.1807 
30.9758 21.2363 -8.1213 -4.8301 6.1768 1.9231 -2.4561 -1.8196 -4.3980 -4.3705 0.1626 -0.0008 -2.1160 
32.0029 20.3752 -10.3532 -3.9137 8.1999 1.5781 -2.9300 -1.0221 -4.7506 -5.6987 0.0559 0.4832 -2.1123 
28.3343 19.8220 -6.6171 -3.9860 5.6398 1.9945 -1.9301 -2.1667 -5.1955 -4.7369 0.1937 0.3735 -1.4628 
27.8143 19.3548 -6.5421 -3.7514 5.4498 1.5631 -1.9685 -1.7975 -4.8055 -4.4214 0.3529 0.1119 -2.1518 
27.4763 19.0858 -6.7076 -4.2207 4.9853 1.6206 -1.5426 -1.3438 -4.2737 -3.7173 0.9797 0.2800 -2.3859 
25.7701 17.5568 -6.9029 -4.2976 4.3559 1.0554 -1.4511 -0.7535 -3.6923 -3.5097 0.9203 0.3747 -2.0702 
24.8632 16.4690 -7.4187 -4.4190 3.8255 0.0321 -2.1671 -1.0676 -4.2456 -4.2577 0.4438 0.0380 -2.4062 
23.9477 16.1799 -6.5615 -3.8370 4.2697 1.0386 -1.0817 -0.1359 -3.2539 -3.8362 0.0630 -0.1400 -2.1346 
23.4139 15.6673 -6.6094 -4.0072 3.1740 -0.4625 -1.8311 -0.4141 -3.9831 -4.5815 0.0811 0.1565 -2.2697 
22.8082 15.3822 -6.0964 -3.3630 3.8051 0.2996 -1.0247 0.6576 -2.5386 -3.5128 0.2729 -0.0041 -2.4056 
22.5128 14.9540 -6.6424 -4.0950 3.0387 -0.3083 -1.2509 1.0396 -1.8739 -3.3139 0.0672 0.3010 -1.4458 
23.1430 15.6409 -6.1664 -3.6428 3.1367 -0.8365 -2.0502 0.3109 -2.5534 -3.9508 -0.5089 -0.2708 -1.9013 
24.7696 16.5397 -7.6429 -5.4682 3.0094 0.0813 -1.8807 -0.5072 -3.4157 -4.1643 0.2129 0.9361 -1.4482 
23.0581 15.4346 -6.4034 -3.5650 3.6625 -0.1813 -1.6069 0.4930 -2.4734 -3.6215 0.2631 0.3260 -2.3768 
37.8854 27.3021 -7.1495 -4.9980 4.5301 -2.3789 -5.4423 -0.3896 -0.7076 -1.5033 0.9082 -1.0363 -3.0747 
39.4530 28.1755 -7.8216 -5.1606 4.8533 -2.8088 -6.0694 -0.3365 -0.5196 -1.6390 0.7881 -1.0007 -2.9683 
39.6117 28.1653 -8.1263 -5.4228 4.7185 -2.9870 -6.4767 -0.9765 -0.9463 -1.5521 0.7925 -1.5531 -3.4390 
40.6376 28.2737 -9.0274 -5.0328 5.5288 -3.0138 -6.1414 -0.2413 -1.1561 -2.1097 0.9376 -1.1414 -2.9642 
40.0279 28.0395 -8.6375 -5.1154 5.0178 -3.2512 -6.2183 -0.3119 -0.8631 -1.6293 0.9727 -1.5282 -3.3098 
40.7164 28.3331 -9.1574 -5.4921 4.8621 -3.4501 -6.1745 -0.1857 -1.1038 -1.8275 1.1914 -1.4101 -3.4624 
40.5610 28.5782 -8.7405 -5.6478 4.8445 -3.1883 -6.5499 -0.6099 -0.7000 -1.6499 0.6692 -1.3982 -2.9393 
40.5359 28.5802 -8.6720 -5.6156 4.7895 -3.1099 -6.2809 -0.5331 -0.9056 -1.7037 0.7926 -1.5159 -3.1419 
40.0753 28.1041 -8.8162 -5.5223 4.9749 -3.0079 -6.3185 -0.4487 -0.5203 -1.3331 0.8471 -1.5788 -3.1264 
40.1194 28.3838 -8.6847 -5.9838 4.8273 -2.4154 -5.9544 -0.5308 -0.4533 -1.3683 0.5140 -1.5758 -2.8774 
39.4963 27.9950 -8.7447 -6.7269 3.8919 -2.3815 -5.5993 -1.1819 -1.6132 -1.8550 0.3937 -2.0837 -3.4687 
40.1356 28.5032 -8.7813 -6.5088 4.7595 -1.5745 -5.1864 -0.6008 -0.9615 -1.6546 0.6543 -1.3674 -3.0167 
40.1089 27.9837 -9.6952 -6.8904 4.7524 -1.8212 -5.3319 -0.4456 -1.2608 -2.5457 0.1510 -1.1231 -2.7940 
39.3200 27.9075 -9.0344 -7.2969 4.1847 -1.3804 -5.2769 -1.3453 -1.7275 -2.5887 -0.3869 -1.5064 -2.5178 
39.0456 27.7970 -8.9192 -7.4230 4.1199 -0.8332 -4.5471 -1.3171 -2.3865 -3.0899 -0.3510 -1.4383 -2.6940 
39.9114 27.9647 -9.4028 -6.4699 5.5839 -0.6367 -4.6294 -0.6985 -2.0377 -3.1124 0.3058 -0.3611 -2.1034 
38.9472 27.5492 -8.9727 -6.8582 4.8471 -0.3920 -4.2420 -1.3582 -2.9688 -3.3346 0.3938 -0.4977 -2.2980 
40.1116 28.1146 -9.5528 -6.6050 6.0265 0.1848 -4.2239 -0.9898 -2.6635 -3.4695 0.6874 0.4132 -1.7552 
39.6215 27.9798 -9.3167 -7.0355 5.5076 0.4765 -4.0374 -1.7702 -3.4674 -3.5388 0.6118 -0.1737 -2.2462 
39.5733 27.4732 -9.5658 -5.9205 6.5582 0.3844 -3.8934 -1.0392 -3.4527 -3.9176 1.0225 0.4905 -2.1579 
37.7580 26.9577 -8.4470 -6.7502 5.0782 0.7098 -3.6364 -1.9658 -3.6214 -3.4380 0.4814 -0.3533 -2.2952 
37.7711 26.8856 -8.5142 -6.5190 5.5160 1.0063 -3.5614 -2.0022 -3.7222 -3.5266 0.4148 -0.6053 -2.7251 
36.8118 26.5814 -7.9915 -6.8030 5.2154 1.3415 -3.8953 -2.8112 -3.7717 -3.7203 -0.6853 -1.2732 -2.6182 
35.8708 26.0563 -6.9917 -5.4375 5.5395 1.2925 -3.1100 -1.9401 -3.7355 -3.7802 -0.3923 -1.0711 -2.0966 
33.6626 24.8463 -6.0409 -5.4139 4.4441 0.9686 -2.7549 -1.7425 -3.6647 -4.0421 -0.9745 -1.3107 -2.2647 
32.3916 24.2474 -4.8296 -4.1701 4.5958 0.8794 -2.3323 -1.4753 -4.1302 -4.4915 -0.6204 -0.6918 -2.3104 
31.9933 23.8983 -4.7291 -3.8779 4.6715 0.8342 -2.2617 -1.5113 -4.4286 -4.7670 -0.7132 -0.7038 -2.3230 
32.0588 23.9726 -4.5526 -3.4654 5.0889 1.0321 -1.9925 -0.8595 -3.7001 -4.3797 -0.4939 -0.3132 -1.9092 
32.1109 23.3191 -5.7219 -3.5070 5.8390 0.8331 -2.8385 -0.8085 -3.2000 -4.7346 -1.0011 0.1227 -1.5409 
30.9402 23.0484 -4.4389 -3.0897 5.1127 0.5981 -2.6177 -1.0580 -3.4495 -4.5222 -1.0343 -0.2580 -1.5262 
30.9783 23.0999 -4.1454 -2.2635 6.1222 1.1767 -2.4199 -0.7915 -3.1142 -4.3519 -0.9048 0.0558 -1.0617 
33.8442 22.9397 -8.3796 -2.8845 8.6932 1.1934 -4.3191 -1.3356 -2.8019 -3.8356 -0.0218 -0.3528 -2.8233 
31.7110 22.6266 -6.0658 -2.7428 7.0475 1.1605 -3.5244 -1.6090 -3.3057 -4.0744 -0.5525 -0.5624 -2.4815 
30.4647 22.1807 -4.8060 -1.9606 6.6022 0.8811 -3.0492 -1.2338 -3.3794 -4.0436 -0.2382 -0.3945 -2.6261 
29.9955 22.2625 -3.7827 -1.2054 6.6935 0.9144 -2.8259 -0.9801 -3.1895 -3.9861 -0.1189 0.1552 -1.8969 
29.5342 21.8732 -3.6525 -1.1629 5.8721 -0.1033 -2.9079 -0.5537 -3.0545 -3.8384 0.0161 -0.3583 -2.5208 
28.3812 21.3262 -3.1246 -1.2796 5.4710 0.2680 -2.5703 -0.9990 -3.6454 -4.0680 0.2787 0.4577 -1.8686 
27.6336 20.5856 -3.0702 -0.7252 5.5108 -0.5018 -3.3034 -1.1110 -3.4286 -3.9396 0.1324 0.0339 -2.2973 
26.0334 19.1833 -3.2263 -0.8039 4.9448 -1.0798 -3.3740 -0.5118 -2.7300 -4.2433 -1.1723 -0.8833 -2.2254 
24.5236 17.7272 -3.4584 -0.4970 5.0672 -1.0304 -2.8859 0.4092 -2.0042 -4.0407 -1.1123 -0.7637 -2.3523 
24.1829 16.9846 -4.3742 -1.0606 4.9303 -0.6514 -1.9497 1.0648 -2.2170 -4.2523 -0.6430 -0.2769 -2.3006 
23.4300 16.6263 -3.9303 -0.9880 4.4900 -0.8784 -1.8208 1.4001 -1.7178 -3.9850 -0.9515 -0.8012 -2.5100 
22.9478 15.8281 -4.3844 -0.6237 4.8892 -0.9125 -1.7397 1.5295 -1.8471 -3.7657 -0.2954 -0.6269 -2.8763 
22.3152 14.9263 -5.2629 -1.3268 4.4299 -1.3793 -2.2870 1.3780 -1.4457 -3.4682 -0.4495 -0.7160 -2.6295 
21.7513 15.0063 -4.5145 -1.6239 3.4148 -1.7543 -2.0111 1.8757 -0.8597 -3.0739 -0.1416 -0.1593 -2.0816 
21.5003 14.5004 -5.1290 -1.8782 3.6964 -1.3998 -2.0631 1.4898 -1.3167 -3.5818 -0.6243 -0.3804 -2.0536 
20.7862 13.9563 -4.7338 -0.9848 4.3843 -0.9640 -1.6123 1.7838 -1.3531 -3.7033 -0.7581 -0.5789 -1.9376 
19.9677 13.1155 -5.3626 -1.9345 3.4173 -1.5362 -1.8666 2.0601 -0.4201 -2.7188 -0.0403 0.0218 -1.8740 
19.5692 12.6677 -5.6800 -2.3762 2.9189 -1.6181 -1.7001 1.6222 -1.4461 -3.4066 -0.1846 -0.0109 -1.7061 
19.4571 13.0338 -4.6792 -1.5840 3.2150 -1.5708 -1.6875 2.0163 -0.4912 -2.5198 0.1366 0.0505 -1.6809 
21.6905 14.0006 -5.7866 -1.0697 4.6017 -1.8309 -2.2913 2.2783 -0.8679 -3.5163 -0.0039 0.0834 -2.4296 
25.9748 16.6190 -6.5138 0.6242 7.5044 -1.9860 -3.3557 2.8876 -0.9508 -4.7359 0.3366 1.1858 -2.9345 
29.1912 19.0696 -6.4280 1.3068 8.2506 -2.9394 -4.7351 2.0102 -2.3448 -6.2942 -0.4430 0.3573 -4.2227 
29.8371 19.1550 -6.8869 1.8065 9.4644 -1.4835 -3.3554 2.0754 -2.8364 -4.9993 1.2853 0.0388 -4.4726 
32.9366 20.2965 -9.0659 1.2356 9.4925 -3.4622 -4.6559 2.8883 -2.6903 -6.0686 0.7533 -0.0891 -4.6999 
32.7066 20.0047 -8.8209 2.0965 9.7456 -4.0780 -4.6158 3.9254 -2.2258 -6.7324 0.1632 0.1067 -4.3753 
33.1984 20.0968 -9.5992 1.2774 9.2639 -4.4702 -4.8788 3.8588 -2.4749 -7.1858 0.1397 0.5963 -4.1769 
33.1169 19.7227 -10.1040 1.3614 9.8233 -4.3541 -5.3454 3.5689 -2.4044 -7.2412 -0.0174 0.7220 -3.8948 
34.1193 20.0330 -11.2959 0.8029 11.1360 -2.7853 -5.2096 3.0682 -2.2270 -6.8517 -0.1688 0.5677 -3.6280 
34.7283 20.4607 -12.1348 -0.7956 10.8337 -1.6034 -4.9640 1.7076 -3.1318 -6.6285 -0.1704 0.0891 -3.8718 
36.7058 22.4782 -12.1534 -2.2347 10.2966 -0.7238 -4.1954 2.1461 -2.4161 -6.3623 -0.6062 0.2465 -2.8756 
37.2275 23.5113 -11.5196 -3.0734 9.2982 -0.4043 -3.8414 1.1203 -3.7899 -6.9652 -0.9041 0.0239 -2.5240 
38.8425 26.1156 -10.1136 -4.4602 7.9643 0.6694 -2.7123 0.7181 -3.8561 -6.0563 -0.5368 -0.4490 -2.7969 
39.9870 27.1409 -10.1469 -4.9271 7.8679 1.1571 -2.2306 0.4405 -4.6221 -6.3517 -0.3411 -0.4172 -2.7076 
40.4176 27.6368 -10.1167 -5.4164 7.4210 0.9955 -2.4110 0.3294 -4.3954 -6.1628 -0.5884 -0.7588 -2.6845 
40.2451 27.5403 -10.0587 -5.6414 6.6379 0.0711 -2.8605 0.4162 -4.1058 -5.9204 -0.5692 -0.9951 -2.8590 
39.4858 27.2351 -9.5185 -5.5908 6.0253 -0.3711 -2.9390 0.5211 -3.9291 -6.0642 -1.0419 -1.0793 -2.4499 
38.8339 27.1306 -8.7901 -5.4801 5.3857 -0.9811 -3.3731 0.4177 -3.5028 -5.8197 -1.6390 -1.9617 -2.8652 
38.4956 27.6479 -7.4548 -5.2784 4.8229 -0.6168 -2.4140 0.8295 -3.3905 -5.5010 -1.3628 -1.8427 -2.6956 
37.5686 27.4496 -6.5233 -5.2307 3.7999 -1.5117 -2.8893 0.8230 -2.7674 -4.9252 -1.4465 -2.2474 -3.1888 
36.3990 27.3454 -5.0979 -5.0209 2.8685 -1.7996 -2.7519 0.7906 -2.4910 -4.5852 -1.5742 -2.1994 -2.6837 
35.0933 26.4034 -5.1039 -5.6736 1.4867 -3.0107 -3.8891 -0.3816 -3.0760 -4.6789 -2.0468 -3.1785 -3.6055 
35.6407 26.9137 -4.2361 -3.7920 2.8321 -3.1124 -3.7545 0.8340 -2.0264 -4.1408 -1.1493 -1.9547 -2.6986 
35.9378 27.4991 -4.0262 -4.5120 2.2827 -2.7976 -3.5251 0.6672 -1.9127 -3.8867 -1.2264 -2.1799 -2.9401 
36.1555 27.2170 -4.6967 -4.4181 2.6248 -3.3167 -4.3921 0.4242 -1.6693 -3.7346 -1.4136 -2.5246 -2.9173 
36.4601 27.4105 -4.8474 -4.5444 2.7768 -3.0465 -4.3289 0.2566 -1.6581 -3.3079 -0.9030 -2.1980 -2.6717 
38.6146 27.2746 -7.6879 -4.2413 4.7266 -4.1659 -6.2166 1.0595 -0.7151 -4.4742 -1.7243 -1.1981 -1.9869 
37.7265 27.6194 -6.2429 -4.6337 3.8646 -3.1594 -5.0761 0.7144 -1.1393 -4.1836 -1.5453 -1.2826 -1.8113 
37.6452 27.8605 -5.8766 -4.7192 4.0250 -2.4206 -4.7916 0.3560 -1.1085 -3.5882 -1.0529 -1.0944 -1.8028 
36.9036 27.5552 -5.4767 -5.0025 3.1548 -2.7453 -4.6407 0.3001 -1.1844 -3.2711 -0.6525 -1.1323 -2.2661 
37.4773 27.7554 -5.9158 -5.1350 3.3099 -2.7352 -4.7804 -0.1129 -1.6860 -3.1750 -0.1058 -0.8788 -2.2754 
36.8633 27.0772 -6.4942 -5.8584 2.7312 -3.2191 -5.6149 -0.9432 -2.0522 -3.6831 -1.1412 -1.8133 -2.9801 
37.1462 27.3127 -5.7001 -4.0728 3.9040 -2.8863 -4.3920 0.6477 -1.6809 -3.3349 0.3685 -0.6741 -2.9117 
36.0522 26.8405 -5.3036 -4.5956 3.2497 -2.4175 -3.8880 0.4608 -1.7987 -3.4978 -0.3238 -1.1977 -2.8492 
35.7429 26.1956 -5.8324 -4.3126 3.8946 -2.3853 -4.6605 -0.6158 -2.5532 -3.8145 -0.7557 -1.8168 -2.9957 
35.7766 26.5671 -5.3038 -4.2834 3.8394 -1.9763 -4.4861 -1.1537 -2.8219 -3.1327 0.0499 -1.6274 -3.0269 
35.6543 26.6056 -4.8518 -3.7501 4.0096 -1.9380 -4.1468 -0.8210 -2.7404 -2.6108 1.2024 -0.9975 -3.3821 
34.7120 25.8211 -5.2711 -4.6572 3.3130 -1.8705 -4.3619 -1.7044 -3.4389 -3.0655 0.5123 -1.6929 -3.9555 
34.1311 25.6421 -4.4881 -3.7198 3.9716 -1.3405 -3.8882 -1.2257 -2.8381 -2.3738 1.2530 -1.0420 -3.7547 
33.3842 24.6990 -4.7286 -3.0359 4.4998 -1.5835 -3.9028 -0.5213 -2.4371 -2.7287 0.9432 -0.9537 -3.6910 
31.5710 23.4857 -4.2569 -2.7934 4.2267 -1.7338 -4.3953 -1.2927 -2.5425 -2.5266 0.5045 -1.5694 -3.8215 
30.2105 22.0935 -4.6476 -2.6583 4.2633 -1.8893 -4.4926 -1.3863 -3.0899 -3.5372 -0.1470 -1.3905 -3.5441 
29.8592 22.4030 -3.3130 -1.6953 4.3539 -1.7132 -3.6233 -0.2360 -2.1276 -2.7487 0.6488 -0.5999 -2.9595 
29.6631 21.1468 -5.1699 -1.7893 5.6138 -1.4962 -4.2127 0.2083 -1.2557 -3.0632 -0.0652 -0.3505 -2.5829 
28.5615 19.1552 -6.8023 -1.6548 6.2435 -1.8470 -4.5413 0.4358 -1.6638 -3.9346 0.1061 0.8000 -1.6182 
26.7503 18.0554 -6.3605 -2.3555 4.2990 -2.7827 -4.2963 0.3146 -2.2196 -4.0682 0.0801 0.1278 -2.6269 
23.5136 16.1925 -5.2523 -2.5257 3.1328 -2.3140 -3.3218 0.2676 -2.3499 -4.2967 -1.1188 -1.0717 -2.9369 
23.2628 16.4727 -4.1808 -1.9184 2.7402 -2.7701 -3.2017 0.6464 -1.7007 -3.1515 -0.1121 -0.6907 -2.4774 
22.3410 15.5439 -4.6729 -2.4700 2.1762 -3.1128 -3.4168 0.4922 -1.8791 -3.4062 -0.0472 -0.1864 -2.2582 
21.3851 14.6775 -4.7040 -2.0872 2.6122 -2.8296 -3.4350 0.4244 -1.7737 -3.5361 -0.5894 -0.5548 -2.3413 
21.6215 15.1573 -4.0886 -1.6166 3.1472 -1.6384 -1.8562 1.3313 -1.6360 -3.1885 0.1750 -0.0537 -2.0746 
21.0769 14.8415 -3.8180 -1.4506 2.9360 -2.0168 -2.1438 1.5743 -0.7092 -2.3035 0.2999 -0.4098 -2.2381 
20.5840 13.9134 -4.9391 -2.1255 2.9451 -1.8997 -2.5429 0.6451 -1.7674 -3.1029 -0.0539 -0.3615 -1.9638 
20.4281 13.8410 -4.8345 -2.0610 2.7856 -2.4781 -3.3779 0.1456 -1.8547 -3.1888 0.0011 -0.0704 -2.2868 
20.2870 13.6234 -4.6496 -1.2187 3.5601 -1.9524 -2.2974 1.7806 -0.4688 -2.3062 0.4694 0.1607 -1.7133 
27.7799 15.3510 -12.5790 -3.8031 7.2205 -1.2448 -3.7215 1.9228 -1.2391 -3.7884 1.3516 1.3241 -2.6833 
32.0353 17.6734 -14.8691 -5.6818 6.4087 -2.4233 -4.1149 1.9044 -2.4384 -4.7134 1.8112 2.0115 -1.4554 
30.3136 16.9852 -13.5862 -4.4813 8.1454 -0.0388 -3.1274 2.0085 -1.5732 -4.5921 0.2847 1.0445 -1.2233 
28.9310 16.8280 -12.6469 -5.9525 5.8805 -0.2065 -2.8938 1.3270 -1.3162 -3.4655 0.2187 0.0129 -1.8854 
27.1075 15.7041 -12.1805 -6.0224 5.5581 0.3559 -2.2321 1.4548 -1.3273 -3.5596 0.4624 1.1341 -0.9812 
26.1612 16.3290 -9.7379 -5.2572 5.0138 0.7050 -1.7489 1.2629 -1.2190 -3.4603 -0.3202 0.4743 -0.8234 
25.7165 16.2139 -9.2441 -5.1108 4.4932 0.1699 -1.8268 1.5893 -0.5563 -2.5933 0.2334 0.2950 -1.3712 
26.4480 18.2413 -6.3401 -3.5395 4.3726 -0.0755 -1.8074 0.9288 -2.1513 -4.4110 -1.2044 -0.7935 -2.3905 
29.9276 22.9739 -2.9213 -2.6463 3.4557 -1.1174 -2.3980 0.7648 -1.6662 -3.7506 -1.4599 -1.9088 -3.1151 
31.3215 24.7217 -1.6891 -2.0683 3.2357 -2.0129 -3.3510 0.4187 -1.2910 -3.1844 -1.4345 -2.5001 -3.4206 
33.3675 26.2197 -2.2683 -3.1473 2.2984 -2.9190 -3.7135 0.7339 -0.8685 -3.0283 -1.8230 -3.2980 -3.5839 
34.3889 26.6661 -3.5329 -4.6479 2.1626 -2.1833 -3.7314 -0.2793 -1.7430 -3.3337 -2.2686 -4.1555 -4.0779 
35.6818 27.7456 -3.3799 -4.3032 2.9002 -1.5132 -2.9930 0.5431 -1.3047 -3.1809 -1.9175 -3.6335 -3.4581 
36.9433 27.1793 -6.1880 -4.9879 4.4487 -0.5137 -2.8696 0.0109 -3.0062 -4.7146 -1.6089 -2.4136 -3.0680 
36.7879 27.0057 -6.7032 -5.9548 4.2422 0.6024 -1.8433 -0.2183 -3.9332 -5.4118 -1.7796 -2.2313 -3.0573 
38.4491 28.0619 -7.5783 -6.7819 4.6774 1.2172 -2.1010 -0.7805 -3.9389 -4.8437 -0.9577 -1.4652 -2.7176 
38.7894 28.2875 -7.6567 -6.4304 5.8594 2.2881 -2.0618 -1.1856 -4.0319 -4.9277 -1.0645 -0.9698 -1.9489 
38.2331 27.1430 -8.5765 -6.2712 5.9105 1.4958 -2.6752 -1.6493 -5.0492 -5.5730 -0.7797 -1.0459 -2.8499 
37.0830 26.8545 -7.3726 -5.5905 6.2187 2.5038 -1.8339 -1.6736 -4.9529 -4.9297 -0.2081 -0.6005 -2.3153 
37.4537 26.7992 -7.9651 -5.8437 5.9685 1.8847 -1.9290 -1.0356 -4.7398 -5.4200 -0.5245 -0.6795 -2.7983 
36.7753 26.4285 -7.4033 -4.9884 6.6197 2.1592 -1.9414 -0.9744 -4.6820 -5.7191 -0.6983 -0.1587 -2.2396 
37.3442 25.8605 -9.1221 -5.4459 6.7653 1.2553 -2.9872 -1.3420 -5.1271 -6.2829 -0.9506 -0.4714 -2.7162 
36.3892 25.7085 -7.9954 -4.6982 7.4637 2.3821 -2.5508 -1.4674 -4.5758 -5.5383 -0.7546 0.0126 -1.6390 
34.5076 24.1197 -8.1793 -5.1799 6.1409 1.2152 -3.2835 -2.2670 -5.4068 -6.3478 -2.0614 -1.7135 -2.8466 
34.1132 24.4481 -6.4404 -3.2382 7.3405 2.0338 -2.1924 -0.9341 -4.2367 -5.3894 -1.0415 -0.6158 -1.8988 
34.4017 24.4920 -6.9827 -3.9740 6.7046 1.5032 -2.7428 -1.5357 -4.5607 -5.2503 -0.9917 -1.1216 -2.6012 
33.5467 24.2201 -6.4690 -4.1283 6.6742 2.5661 -1.9216 -1.8496 -5.0294 -5.1734 -0.3582 -0.0236 -1.8498 
33.3997 23.5274 -7.3309 -3.9840 7.2803 2.3439 -2.6181 -2.0227 -4.8552 -5.2919 -0.8358 -0.6625 -2.4600 
32.6089 23.5659 -5.9963 -3.4695 6.6640 2.2642 -1.8595 -1.6303 -5.0289 -5.1755 -0.3255 -0.3955 -2.5222 
32.5574 23.5379 -6.0485 -3.6005 6.7757 2.7658 -1.5148 -1.7941 -5.1769 -4.9918 -0.3318 -0.7546 -2.6128 
33.1669 23.4064 -7.1982 -3.8399 7.4464 2.5030 -2.6347 -1.9852 -4.3952 -4.6107 -0.4095 -0.5721 -2.4202 
33.1735 22.6564 -8.3378 -3.8193 7.8408 1.9543 -3.2489 -1.8590 -4.4411 -5.2906 -0.8870 -0.3610 -2.1251 
31.8514 21.9072 -7.5780 -3.1733 7.9291 2.3497 -2.6025 -1.6966 -4.6748 -5.4082 -0.8993 -0.4593 -2.1258 
30.8508 21.6730 -6.6776 -3.2312 6.9366 1.7450 -2.5427 -0.9598 -3.5251 -4.7763 -0.6082 0.3718 -1.4205 
29.2086 20.2682 -6.3448 -2.1682 7.3452 1.4927 -2.4905 -0.2905 -2.8795 -4.8186 -1.3639 -0.4439 -1.6210 
27.6475 18.9689 -6.6203 -2.8556 6.3374 1.3600 -1.8316 0.1664 -2.9608 -4.9514 -1.0167 -0.0036 -2.1821 
27.2629 18.3296 -7.1833 -3.1436 5.9601 0.8660 -1.9078 0.3834 -3.0428 -5.1701 -0.8641 0.5456 -1.3638 
26.3590 17.3884 -7.5296 -3.4274 5.0507 -0.5359 -2.9052 0.3407 -2.5852 -5.0370 -1.2678 -0.0207 -1.8601 
25.6561 17.0574 -6.8724 -2.6828 5.2595 -0.7680 -3.1596 0.5694 -1.8389 -4.3179 -0.8501 0.2598 -1.6728 
24.3029 16.0052 -6.6623 -2.4300 5.0846 -0.5923 -2.5659 0.7589 -2.0181 -4.2250 -0.7204 0.0137 -1.7685 
23.6492 15.4682 -6.7099 -2.5918 4.5779 -1.2291 -3.0589 0.6778 -1.8732 -4.4877 -1.4593 -0.7567 -2.6643 
22.9580 14.6757 -7.0129 -2.5350 4.4820 -1.5424 -3.1817 0.8673 -1.4708 -3.9052 -0.8735 -0.1253 -1.5323 
24.3391 15.1071 -8.0333 -2.2309 5.8741 -1.1331 -3.3395 1.2100 -1.3210 -4.1086 -0.5233 0.3750 -1.6875 
25.7106 14.6940 -10.4194 -2.3569 6.9452 -1.8073 -4.0601 1.9816 -1.0238 -4.7500 -0.3761 1.2029 -1.2589 
27.9056 15.3342 -12.3081 -2.8539 7.4314 -2.3647 -4.2551 2.8374 -0.7802 -4.9117 0.0833 1.2431 -2.1356 
29.6601 15.7157 -13.7934 -2.9505 7.5237 -3.7383 -4.9230 3.4549 -0.7831 -5.2170 0.2924 1.0685 -2.2930 
29.6195 15.1498 -14.6604 -3.0764 7.8613 -3.6214 -4.9154 3.2083 -1.4748 -5.5265 0.8353 1.6008 -2.1884 
30.0851 15.5397 -14.2497 -1.9694 9.0250 -3.2449 -4.6394 4.2953 -0.0156 -4.3998 1.7514 2.3639 -2.1362 
30.6436 15.5690 -14.8395 -1.8939 9.2743 -3.6730 -5.0049 4.4755 -0.0050 -4.9719 0.7569 1.3844 -2.2643 
30.8051 15.6478 -15.1441 -2.3058 9.3953 -3.2307 -5.1767 3.6884 -0.4131 -4.5970 1.2647 1.2456 -3.0910 
30.7714 15.2451 -15.6166 -2.1616 9.5452 -3.4444 -5.0724 3.8103 -1.1449 -5.5328 0.9267 0.8974 -3.6480 
30.9924 15.4941 -15.4026 -1.9125 9.6725 -3.4538 -4.8269 4.5653 -0.1329 -4.5493 1.9175 1.8077 -3.2951 
30.6286 14.6477 -16.4606 -2.4441 9.5990 -3.5367 -4.8408 4.6367 -0.3917 -5.1573 1.5329 2.0924 -2.4471 
31.4034 15.8239 -15.4618 -2.0340 9.6765 -3.4199 -4.7813 4.5827 -0.4597 -5.3408 1.1510 1.5853 -3.0142 
30.7642 14.9577 -16.1809 -2.5969 9.0888 -4.0810 -5.3414 4.1378 -0.9684 -5.9164 0.6599 1.1750 -3.5010 
30.4816 15.4925 -15.0186 -2.4694 9.0907 -3.0528 -4.7909 3.4340 -1.1780 -5.0281 1.1176 0.7355 -3.6331 
28.8123 15.7248 -12.3677 -1.8227 8.3922 -2.4389 -4.0926 3.2503 -1.0359 -4.8399 0.9619 1.5566 -2.1353 
34.8490 22.9357 -8.5025 -1.3831 7.4074 -3.0793 -4.7899 1.7649 -2.3528 -5.4652 -0.3310 -0.6363 -3.4159 
39.9453 26.8026 -10.2937 -4.8588 5.8881 -3.1660 -5.2878 0.7181 -2.8761 -5.0063 0.4033 -0.4787 -3.8705 
41.0040 28.4060 -9.5037 -5.6613 5.1756 -2.6143 -4.7431 0.7209 -2.5418 -4.5684 0.4740 0.0490 -2.6330 
40.0273 28.1632 -8.7354 -5.7683 4.5976 -2.7695 -5.2460 -0.0226 -2.4990 -4.3473 0.0715 -0.2396 -2.5467 
39.2373 27.6290 -8.1341 -4.8002 4.7001 -3.4914 -5.5934 0.3988 -2.0310 -4.0925 0.3950 -0.0568 -2.6105 
39.2541 27.8055 -7.4422 -3.7728 5.2808 -3.4216 -5.5492 0.4516 -1.7703 -3.3618 0.8978 -0.2358 -2.7642 
39.0594 27.3980 -8.2646 -4.6742 5.1881 -3.0659 -6.1543 -1.0612 -2.7995 -3.5843 0.6982 -0.7311 -3.4077 
39.1180 27.9438 -7.4109 -4.5614 4.9153 -2.2414 -4.0740 0.8767 -1.9618 -3.5463 0.6409 -0.4432 -2.6863 
38.5001 27.5489 -7.6731 -5.3984 4.5143 -1.9482 -4.3784 0.0941 -2.3817 -4.1766 -0.3164 -0.9326 -3.2147 
38.3326 28.0642 -6.5701 -5.0882 4.2970 -1.9973 -4.7234 -0.4634 -2.3267 -3.6595 0.2157 -0.1812 -2.5151 
35.3954 25.3871 -6.6784 -4.2641 4.3419 -2.8313 -5.6451 -1.0278 -2.7660 -4.1370 -0.0190 -0.2909 -3.0519 
33.5555 23.9827 -6.0440 -3.0513 4.8648 -2.4741 -4.5178 0.6868 -1.2352 -3.1153 0.5744 -0.0824 -3.2097 
34.4571 23.8324 -7.2105 -2.6658 5.7254 -3.0358 -5.2969 0.6178 -1.5647 -3.9039 -0.2338 -0.8811 -3.6000 
36.7050 24.5614 -9.3808 -3.5092 7.0809 -2.2440 -5.6142 0.4185 -1.9314 -4.6039 -0.1552 -0.1271 -3.3164 
35.5599 25.5401 -6.3795 -3.4654 5.3562 -1.9314 -4.6107 0.2633 -1.6651 -3.6694 -0.2110 -0.7428 -3.1620 
37.2909 27.2901 -6.4777 -5.0105 4.3800 -1.7061 -4.7424 -0.7686 -2.4092 -3.8845 -0.5976 -1.0454 -2.9845 
38.7670 28.0950 -6.9593 -4.8425 4.8693 -1.6749 -4.3452 -0.1025 -2.2374 -3.4489 0.3129 -0.8743 -3.1250 
38.1866 27.4437 -7.4841 -5.4875 4.4096 -1.6528 -4.3220 -0.4110 -2.3194 -3.1072 0.3096 -1.4091 -3.4201 
37.9788 27.8630 -6.5908 -5.5063 4.0816 -1.0647 -3.5428 -0.3610 -2.3750 -2.7525 0.6042 -1.4286 -3.4833 
36.8747 27.2723 -6.1784 -5.8408 3.0285 -1.4240 -3.3994 -0.9478 -3.5780 -3.5759 0.2217 -1.9856 -4.1945 
36.9515 26.8044 -6.9716 -5.6426 3.8503 -1.2512 -3.6761 -0.9097 -3.4965 -3.7541 0.2271 -1.7370 -4.2061 
34.8320 25.9931 -5.5252 -5.2895 3.6799 -0.1486 -2.7832 -1.0254 -3.2716 -3.4524 -0.0831 -1.4785 -3.2902 
33.6214 25.0036 -5.3388 -4.6542 4.2439 0.1891 -2.8011 -1.3131 -3.8335 -4.3866 -0.7564 -1.1912 -2.8324 
33.0368 24.7579 -5.0298 -4.7344 3.9881 0.3611 -2.5608 -1.2787 -3.6958 -4.2483 -0.8773 -1.2773 -2.7488 
32.8766 24.8498 -4.2148 -3.6385 4.4486 0.2925 -2.2282 -0.3791 -2.7076 -3.3376 -0.1121 -0.7552 -2.2763 
32.8323 24.3147 -5.1157 -3.9622 4.4424 -0.2588 -2.9538 -0.5304 -2.6406 -3.5942 -0.4415 -0.8758 -2.2679 
32.5478 24.1837 -4.6365 -2.9712 5.4589 0.2353 -3.0580 -0.7314 -2.5288 -3.3215 -0.2706 -0.7325 -2.0393 
32.5570 23.8862 -4.9518 -2.6491 5.7921 0.1217 -2.8607 -0.2378 -2.7068 -3.8543 -0.0732 -0.1194 -1.9863 
32.1947 23.4277 -5.3912 -3.1357 5.4625 0.1217 -2.7257 -0.1587 -2.6066 -3.7834 -0.2821 -0.5493 -2.2566 
29.9669 21.5926 -5.5592 -3.3654 5.0735 0.1863 -2.9476 -1.0537 -3.4542 -4.3843 -0.8408 -0.9863 -2.8516 
29.4833 21.5795 -4.5080 -2.0798 6.0156 0.9078 -2.3241 -0.5040 -2.8202 -3.6215 -0.1014 -0.3750 -2.4617 
29.0445 21.3185 -4.0827 -1.4748 6.0395 0.4179 -2.5640 -0.2325 -2.5214 -3.6877 -0.4306 -0.5249 -1.9700 
27.6723 20.5623 -3.3947 -1.1508 5.6023 0.0113 -2.7450 -0.1902 -2.3647 -3.8639 -0.7870 -0.6665 -2.2997 
26.1345 19.4341 -2.9635 -0.7037 5.2558 -0.2555 -2.5341 -0.2788 -2.8866 -4.0025 -0.3681 -0.3385 -2.4359 
25.5057 18.6832 -3.3790 -1.0013 4.7673 -0.3901 -1.5699 1.3572 -1.5734 -3.4990 -0.8348 -1.3891 -3.0147 
24.0188 17.4537 -3.1379 -0.2736 5.1704 -0.1304 -1.1390 1.7464 -1.4921 -3.4208 -0.3879 -0.9295 -2.9241 
23.3467 16.9308 -3.1773 -0.5498 4.5432 -0.6834 -1.4366 1.7887 -1.0757 -2.9336 -0.0194 -0.4554 -2.3124 
22.4847 15.6256 -4.3828 -1.4113 3.7363 -1.5408 -2.0620 1.2882 -1.6138 -3.1758 0.0942 -0.4358 -2.4876 
21.9582 15.2885 -4.4054 -1.8238 3.1077 -2.0253 -2.4339 1.2892 -1.3012 -3.3120 -0.4331 -0.5649 -2.4109 
21.4156 14.5209 -4.8474 -1.6041 3.5754 -1.8655 -2.5273 1.1873 -1.3262 -3.1464 -0.0573 -0.1712 -2.1418 
21.4370 14.3998 -5.2078 -1.9629 3.4391 -1.8763 -2.6998 0.7295 -1.8793 -3.5562 -0.3693 -0.5057 -2.2550 
21.6211 14.2093 -5.7996 -1.8462 4.4208 -1.1661 -2.5943 1.0190 -1.5222 -3.9816 -1.1323 -0.5697 -1.9585 
31.4638 21.8819 -6.4533 -2.6159 5.1479 -1.8117 -2.9354 2.0737 -0.9158 -3.1583 0.7063 0.2601 -2.0630 
34.9056 24.8544 -6.3838 -3.0055 5.7197 -1.2162 -3.3973 0.3956 -3.2030 -5.2407 -1.2086 -1.9290 -3.9308 
34.3378 24.6861 -5.8006 -2.4559 6.4679 0.0580 -2.4616 0.4249 -3.4391 -5.2391 -1.0984 -1.6444 -3.2046 
34.5003 25.0683 -5.9587 -3.6467 6.0531 1.4231 -1.4287 -0.3775 -4.7082 -5.6719 -1.0258 -1.4748 -2.9472 
33.3040 24.4822 -5.3910 -3.7124 5.4300 1.2343 -1.4998 -0.6282 -4.7210 -5.5649 -1.2438 -2.0547 -3.6907 
34.2991 25.3136 -5.1733 -3.4286 5.3711 0.6554 -1.4514 0.3911 -3.9880 -5.7393 -1.4076 -1.4856 -3.0420 
34.4410 25.1712 -6.1798 -4.8802 4.6312 0.5924 -2.0208 -0.7140 -4.6215 -5.9274 -1.8992 -2.2453 -3.6431 
34.7855 26.0655 -4.9359 -4.0900 5.0991 1.4840 -0.8441 0.1173 -4.0205 -5.0944 -1.0336 -1.7851 -3.3242 
35.2901 26.4295 -5.1917 -4.4779 5.1358 1.7759 -0.8304 -0.1275 -4.0832 -4.9426 -1.0142 -1.9594 -3.4058 
35.4362 25.5753 -6.2242 -3.6476 5.4201 -0.4715 -2.5967 0.5270 -3.2223 -5.0722 -1.0529 -1.7800 -3.6905 
32.9160 24.7683 -4.0960 -3.1285 4.4467 -0.0714 -1.5749 0.6463 -3.2907 -5.1299 -1.5912 -2.1647 -3.6410 
32.3292 24.6976 -3.4999 -3.1505 4.1054 -0.0322 -1.7404 0.1434 -3.2271 -4.4500 -1.1857 -2.4612 -4.3244 
32.3556 23.8682 -4.4319 -2.3634 4.8253 -1.0804 -2.5008 0.9630 -2.5357 -4.6770 -1.3005 -2.0652 -3.9319 
30.6126 23.2355 -3.3804 -2.7066 3.7502 -0.9554 -2.3520 0.2292 -2.9515 -4.6161 -1.5643 -2.4705 -4.1845 
30.9164 23.4774 -3.0153 -1.5753 5.0914 -0.4996 -2.7124 0.0861 -2.2887 -3.5852 -0.9218 -2.2285 -3.7480 
30.0685 23.1453 -2.2728 -1.1770 4.7444 -0.8454 -2.8389 0.0293 -2.0650 -3.0813 -0.5873 -2.2526 -3.8497 
30.4783 22.3795 -4.0391 -1.3990 5.3519 -1.1620 -3.0933 0.5615 -1.9732 -3.5176 -0.3900 -1.4500 -3.2640 
27.4900 20.3505 -3.5172 -1.7658 3.8576 -1.8321 -3.3794 -0.2959 -2.6807 -3.7694 -0.7491 -1.9092 -3.7625 
26.5012 19.9135 -2.6982 -1.0751 4.1055 -1.2915 -2.3844 0.9148 -1.5419 -3.1365 -0.2860 -0.6656 -2.1090 
25.7806 19.3258 -2.5575 -0.7396 4.1578 -1.4233 -2.5451 0.5249 -2.2127 -3.6148 -0.2807 -0.6549 -2.5503 
24.1938 18.1961 -2.1695 -0.4202 3.7722 -2.0021 -3.0181 0.4164 -1.8696 -3.4587 -0.7330 -1.3380 -3.2219 
23.8377 17.6954 -2.5719 -0.6245 3.8595 -1.2986 -1.6884 1.4446 -1.9375 -4.0389 -0.7917 -0.8287 -2.7349 
23.5310 17.0853 -3.2724 -0.9964 3.7454 -1.5102 -1.9329 1.6316 -1.0787 -3.0665 -0.5783 -1.2487 -2.8666 
21.7321 14.9813 -4.7466 -2.2467 2.7168 -2.3214 -2.8293 0.7184 -1.7247 -3.4087 -0.5815 -1.0802 -2.9763 
21.8655 15.0973 -4.4075 -1.2438 4.0031 -1.3867 -2.1994 1.3750 -1.0516 -2.9403 -0.3783 -0.9378 -2.8218 
20.3563 13.3304 -5.4251 -1.7109 3.6997 -1.7772 -2.7794 0.5906 -1.9251 -3.6307 -0.7188 -1.0841 -2.8760 
19.8592 13.3123 -4.8377 -1.7264 3.2915 -1.8103 -2.7231 0.5678 -1.6900 -3.5249 -1.1448 -1.3482 -2.5249 
20.7251 13.7484 -5.4285 -2.1564 3.4621 -1.4474 -2.4224 0.5397 -2.1497 -3.8144 -0.7656 -0.6637 -2.0189 
20.7576 13.9661 -4.8560 -1.5628 3.3914 -2.1485 -2.6446 1.4484 -0.9181 -3.0925 -0.3414 -0.4407 -2.4379 
20.0325 13.5978 -4.5348 -1.4641 3.5855 -1.3731 -1.9953 1.6848 -0.3921 -2.3116 -0.0695 -0.6534 -2.4562 
20.0701 13.8216 -4.2907 -1.6939 3.0667 -1.6416 -2.1249 1.2878 -0.9235 -2.6368 -0.2013 -0.6713 -2.2661 
19.8874 13.4992 -4.4965 -1.5012 3.4083 -1.4659 -1.9799 1.4368 -1.0253 -2.8453 -0.0484 -0.2527 -2.2312 
20.3267 13.7484 -4.5877 -1.4244 3.3881 -1.7781 -2.1341 1.4255 -1.2667 -3.1501 -0.2865 -0.6236 -2.4862 
20.1045 13.3684 -5.2349 -2.2639 2.7914 -2.1708 -2.6951 0.9139 -1.4092 -3.2042 -0.4309 -0.6497 -2.4051 
19.2077 12.7264 -4.9291 -1.8898 2.8180 -1.8347 -1.6609 2.0304 -0.7576 -2.6832 0.4214 0.3499 -1.7176 
19.4591 13.0679 -4.5794 -1.4737 3.2093 -1.7681 -2.0681 1.5103 -0.9346 -2.7102 -0.0228 -0.4953 -2.4363 
26.0455 14.3740 -11.4475 -2.9128 6.5547 -2.1596 -3.5558 2.7963 -0.6118 -3.7376 1.0717 1.2536 -2.1147 
29.2221 16.1777 -13.3371 -4.3662 7.3594 -1.2971 -4.4277 0.5349 -2.9616 -4.9795 0.9500 1.2222 -2.5221 
31.9996 18.1689 -13.6602 -4.6953 6.5576 -3.0340 -5.2458 0.3228 -4.5656 -7.0057 0.3262 1.4746 -2.0777 
30.1086 17.4912 -12.9873 -5.8705 5.8256 -1.1016 -3.3647 1.5168 -1.9885 -4.6457 0.4787 1.6440 -0.5242 
29.7176 18.4367 -11.2329 -6.2185 5.0289 0.1068 -1.9785 1.5530 -2.0123 -4.5831 -0.1974 1.0800 -0.3091 
29.9957 20.6765 -7.0606 -3.5501 5.5753 0.3264 -1.9646 0.9717 -2.3919 -4.7552 -1.1597 -0.5604 -1.7126 
30.4938 21.6383 -6.1237 -3.5480 4.6953 -0.5327 -2.1915 1.3857 -1.8351 -4.5965 -1.2930 -0.7242 -2.1780 
30.4469 22.8189 -4.1435 -3.5902 3.0488 -1.4183 -2.3994 0.9938 -1.7635 -4.1672 -1.7854 -1.8293 -2.4606 
30.7263 23.4393 -3.3451 -3.3378 2.4007 -2.3265 -2.8382 1.0174 -1.4620 -3.6121 -1.4741 -2.3655 -3.3302 
31.4479 24.5308 -2.6055 -3.4346 1.9410 -2.7789 -3.4032 0.7429 -1.1848 -3.4271 -1.6391 -2.4791 -3.4252 
32.5191 25.6813 -2.0656 -3.3181 1.7604 -2.8813 -3.1908 0.8559 -1.2387 -3.2363 -1.5865 -2.9776 -3.6291 
33.8007 26.5207 -2.5187 -3.4484 2.5369 -2.2983 -3.2345 0.9256 -0.9357 -3.3430 -2.1116 -3.2936 -3.3353 
36.8400 27.3769 -5.6750 -5.0317 3.5195 -1.5541 -3.0524 0.9194 -1.6682 -3.9793 -1.9023 -3.0816 -3.1922 
39.2736 28.3215 -7.8229 -5.9493 5.0234 -0.5638 -3.3386 1.0435 -1.5082 -4.8408 -2.1436 -1.5357 -2.1840 
40.3759 28.5813 -8.8671 -6.2088 5.5551 -0.0246 -2.8213 0.7017 -2.7539 -5.0852 -1.4017 -1.6947 -2.5781 
40.5920 28.3046 -9.3064 -5.6163 6.4022 0.2763 -2.5647 0.4860 -3.8701 -5.4645 -0.3030 -0.9038 -2.7253 
40.2654 27.6032 -10.0044 -5.7562 6.4310 0.0971 -2.6979 0.2269 -4.5359 -6.0102 -0.3631 -0.8908 -2.8807 
40.6158 27.5009 -10.5618 -5.4533 7.4538 0.6243 -2.6787 0.3834 -4.4690 -6.2173 -0.2327 -0.3163 -2.4751 
40.4744 27.3740 -10.6420 -5.5013 7.6556 0.9593 -2.6757 0.0407 -4.8269 -6.5427 -0.4904 -0.3077 -2.3643 
40.2855 27.1954 -10.6375 -5.3209 7.9818 1.2725 -2.6936 -0.3583 -5.1247 -6.3543 -0.1416 -0.2767 -2.5511 
39.8141 26.9996 -10.3753 -5.3889 7.7297 1.4042 -2.4063 -0.2377 -4.9794 -6.1580 -0.1028 -0.3846 -2.7702 
38.9088 26.3389 -10.2742 -5.3548 7.7237 1.6721 -2.4069 -0.7907 -5.4242 -6.1153 0.1207 -0.2143 -2.7779 
38.2151 26.4138 -9.4763 -5.5848 7.4591 2.2746 -2.4584 -1.5172 -5.1516 -5.4322 -0.1566 -0.6335 -2.6203 
37.3159 26.3611 -8.1487 -4.7536 7.8165 3.1442 -1.7847 -1.7126 -5.3194 -5.0505 0.2237 -0.4585 -2.4741 
37.7409 26.1014 -8.9553 -4.6711 7.7042 1.8328 -2.4935 -0.8582 -4.6359 -5.3945 -0.0504 -0.3148 -2.7580 
36.1854 25.2955 -8.2297 -4.6014 7.1285 1.7652 -2.4941 -1.1899 -4.7962 -5.5558 -0.4525 -0.4174 -2.6320 
35.3415 25.2951 -7.0325 -4.2427 6.7891 2.0663 -1.8893 -0.9034 -4.4124 -5.0370 -0.2278 -0.2848 -2.2686 
34.6192 24.8468 -7.0382 -4.7048 6.3500 2.0876 -2.2246 -1.7545 -5.0138 -5.3704 -0.6576 -0.7775 -2.9117 
34.9242 24.9271 -6.9437 -3.8501 7.2511 2.5235 -1.6326 -1.1242 -4.8944 -5.2931 -0.2867 -0.4333 -2.3932 
34.2562 24.5773 -6.5699 -3.7133 6.8758 2.1013 -1.8190 -1.0109 -4.6172 -5.1395 -0.2146 -0.3074 -2.4431 
33.2502 23.0515 -7.8103 -4.0918 6.7625 1.3102 -3.0563 -1.8645 -4.8635 -5.1268 -0.3904 -0.8683 -3.1054 
33.3398 23.1813 -7.5787 -3.5261 7.6753 2.0643 -2.9093 -2.0066 -4.7623 -4.8518 -0.0708 -0.1604 -2.0981 
33.2443 22.9794 -7.7079 -3.5628 7.2085 1.2478 -3.1531 -1.5470 -4.4970 -5.1930 -0.6207 -0.5099 -2.0762 
32.1103 22.4144 -7.0183 -3.1333 7.2896 1.7136 -2.7209 -1.4978 -4.1878 -4.4546 -0.0279 -0.2638 -2.0446 
30.5445 21.0723 -7.0307 -2.7312 7.5951 1.7261 -3.0497 -1.5571 -3.8759 -4.5870 -0.3417 0.2221 -1.4584 
29.0454 20.1565 -6.4251 -2.6236 6.5465 0.8419 -2.9492 -0.9035 -3.3480 -4.5508 -0.7510 -0.3084 -1.8434 
26.6520 18.5297 -5.8975 -2.7193 5.3704 0.3946 -2.4506 -0.5728 -3.5014 -4.8524 -0.8808 -0.2088 -1.9498 
25.5956 17.9041 -5.4117 -2.6337 4.5021 -0.3905 -2.5338 -0.3941 -3.3473 -4.5537 -0.5127 -0.0683 -2.0483 
24.5860 17.1055 -5.1983 -2.2766 4.4290 -0.3688 -2.0231 0.1156 -3.1807 -4.4973 -0.6175 -0.6134 -2.7822 
24.1640 16.9536 -4.6151 -1.5960 4.6122 -0.4317 -1.7349 0.7408 -2.7091 -4.2180 -0.1265 0.1017 -2.1269 
22.9765 15.5597 -5.4997 -2.3037 3.7127 -1.4083 -2.2986 0.8456 -2.2761 -4.0088 -0.3271 -0.2784 -2.3060 
22.4543 15.1512 -5.6716 -2.6706 3.6461 -0.9558 -2.1279 0.5794 -2.3574 -4.0298 -0.5882 -0.3586 -2.3081 
21.3356 14.5263 -4.8779 -1.8159 3.7764 -1.0123 -1.8599 1.0422 -1.9370 -3.6615 -0.2468 -0.1539 -2.2531 
21.2664 14.5057 -4.7408 -1.6018 3.9382 -0.8849 -1.6114 1.5377 -1.2848 -3.2071 -0.1571 -0.0087 -1.7198 
21.1179 13.9950 -5.6101 -2.2586 3.7408 -0.8896 -1.6517 1.3388 -1.7010 -3.5225 -0.0248 0.2477 -1.7294 
20.4401 13.7325 -5.0321 -1.7749 4.0550 -0.6357 -1.8858 0.9683 -1.4296 -3.0032 0.0928 0.2956 -1.5019 
20.3618 13.6587 -5.1531 -2.4361 2.6418 -1.7919 -1.8603 1.3758 -1.6672 -3.4720 -0.1135 -0.0189 -1.9571 
19.6079 12.4002 -6.3245 -2.8578 2.7708 -1.5730 -1.4365 2.0766 -0.9161 -2.7781 0.4008 0.2395 -1.6626 
19.1351 12.4045 -5.4954 -2.2474 2.7732 -2.0362 -2.3100 1.2187 -1.3011 -2.7238 0.8749 0.9447 -1.3819 
19.8981 13.3596 -4.6428 -1.3640 3.4743 -1.6933 -2.1988 1.1784 -1.4782 -3.0080 0.4018 0.3901 -1.7178 
20.0585 13.6876 -4.3282 -1.4165 3.0766 -2.1095 -2.4029 1.2380 -1.3132 -3.0482 -0.0456 -0.3636 -2.2719 
19.5770 12.8626 -5.0204 -1.4800 3.2852 -2.1273 -2.6343 0.6749 -2.2956 -3.9290 -0.4118 -0.4566 -2.4410 
19.1244 12.7662 -4.5869 -1.5263 2.7442 -2.4766 -2.7284 0.8627 -1.4226 -2.7241 0.1903 -0.4124 -2.1749 
20.4157 13.6714 -4.8103 -1.1144 4.3374 -1.2021 -2.4487 1.0584 -1.0856 -2.6993 0.3515 0.1420 -2.0938 
23.8481 12.7556 -11.2000 -2.6876 6.8969 -1.0042 -2.9170 2.3418 -0.7604 -3.3727 0.8366 0.6600 -2.1141 
26.2922 13.6145 -12.8446 -2.6215 7.6995 -2.1976 -4.3275 2.0842 -1.4841 -4.1717 1.4102 1.1089 -2.9746 
26.7173 15.5229 -10.8396 -4.0241 4.5546 -3.6021 -4.5842 1.6948 -1.5038 -4.4254 0.2531 0.4349 -2.8046 
26.3842 17.9173 -5.4258 -0.3634 6.3539 -1.4455 -3.5838 0.5837 -2.3568 -4.2796 0.1121 0.3619 -2.2533 
31.8928 22.6069 -4.4745 1.1101 7.5042 -3.9120 -7.1217 -0.0033 -1.5001 -4.7486 -0.5106 1.2032 -1.3160 
32.7335 24.7052 -2.8899 -0.4982 5.7007 -2.2841 -5.2844 -1.5228 -3.1532 -3.4033 0.9803 0.6672 -1.3460 
32.6402 24.5336 -2.9088 -0.4112 5.0955 -3.7587 -6.6550 -2.2482 -3.5753 -3.7637 0.5260 -0.0360 -1.8012 
32.8145 25.6386 -1.3290 -0.0745 4.9584 -3.0430 -5.8836 -2.0037 -3.1495 -3.2219 0.7103 0.2512 -1.1652 
32.3409 25.1931 -1.1063 0.7543 5.5382 -3.2796 -6.4635 -2.3683 -3.4465 -3.6737 0.3052 0.0204 -1.4121 
34.0947 25.7223 -2.9274 -0.5530 5.1312 -3.6670 -5.9677 -1.1115 -3.2141 -4.3437 0.1214 0.0137 -1.7947 
32.8713 24.9656 -2.7090 -0.7528 5.0529 -2.9073 -5.7000 -2.0018 -3.9469 -4.3155 0.2014 -0.0888 -1.8763 
32.3273 25.1090 -1.4067 0.1072 4.9086 -2.9789 -5.2465 -1.7125 -3.9706 -4.0624 0.7522 0.2582 -1.7896 
32.5322 25.0595 -1.9847 -0.4316 4.8942 -2.7193 -5.2089 -1.9355 -4.1609 -4.1441 0.4540 -0.4768 -2.4654 
32.9978 24.9353 -2.6943 0.0578 6.5580 -1.5322 -5.0654 -2.1259 -4.1298 -3.9309 0.5181 -0.6198 -2.4040 
34.1573 25.3946 -3.8008 -1.0236 5.8041 -2.4637 -5.4535 -1.5192 -3.7354 -4.5084 -0.0494 -0.4447 -2.2445 
33.6843 24.9708 -3.6465 -0.3642 6.5498 -2.1143 -5.8277 -2.3406 -3.9678 -3.6715 0.7763 -0.4750 -2.1732 
33.3229 25.1583 -3.1704 -1.0137 5.5785 -2.3554 -6.0386 -2.7042 -3.9176 -3.6912 0.4863 -0.2374 -1.8019 
34.5503 26.1144 -2.9709 -0.5737 5.6187 -3.0563 -5.9362 -1.3449 -2.8192 -3.4250 0.6725 0.0334 -1.7107 
33.0263 25.0498 -3.1431 -1.5566 4.6578 -3.1850 -6.8399 -3.2792 -3.9451 -3.7182 -0.1267 -1.0001 -2.2038 
35.6269 26.3563 -4.4035 -1.7512 5.3272 -3.2581 -6.1449 -1.2555 -2.6115 -3.3107 0.5925 -0.3040 -2.0146 
34.1408 25.9287 -3.6043 -3.0393 2.9634 -3.6942 -5.5143 -1.4157 -2.8347 -3.2199 -0.0853 -1.3039 -1.9171 
34.5695 26.4762 -3.2314 -2.8949 2.8571 -3.9525 -5.3252 -0.2153 -1.3166 -2.6686 -0.4970 -1.7017 -1.8931 
35.3628 26.0955 -4.7976 -2.9009 3.7179 -3.9718 -5.3191 0.1100 -1.8629 -3.2596 0.1625 -1.1088 -2.4866 
32.4567 25.3291 -1.8387 -1.7540 2.5435 -4.3318 -5.0709 -0.0912 -1.6649 -2.8420 -0.1460 -1.5912 -2.6728 
33.5134 25.2732 -3.3310 -1.8871 3.5338 -4.1122 -5.4061 -0.3925 -2.2365 -3.2345 0.0838 -1.3965 -2.6684 
33.9641 25.6229 -3.4177 -2.0613 3.5095 -3.8570 -4.6568 0.7523 -1.2453 -2.7496 0.2137 -1.5725 -3.4306 
32.3006 25.1824 -1.9562 -2.0664 2.0801 -4.6238 -5.1074 -0.0924 -1.6961 -2.8819 -0.5196 -2.5910 -3.8395 
32.8198 25.0941 -2.7723 -1.9286 3.1972 -3.7772 -4.5744 0.6027 -1.3669 -3.1770 -0.3834 -1.4850 -2.9494 
31.8039 24.7819 -1.9368 -1.9390 2.2443 -4.4426 -4.9205 0.2372 -1.5218 -3.2579 -0.8375 -2.3191 -3.8243 
31.1698 24.0060 -2.0999 -1.3642 2.7673 -4.3177 -4.7703 0.3114 -1.7122 -3.0902 -0.0973 -1.6747 -3.4958 
30.5055 23.7663 -1.5827 -1.2280 2.5304 -4.1981 -4.3612 0.6971 -1.3373 -2.8842 -0.2914 -2.2121 -4.0753 
29.2019 22.5836 -1.8648 -1.3111 2.7456 -3.4330 -3.6698 0.9169 -1.3130 -3.0161 -0.4711 -1.8804 -3.3610 
27.7977 21.1787 -2.1547 -1.0332 2.7783 -3.7133 -3.6207 1.5000 -0.8530 -2.8881 0.0532 -0.9839 -3.2990 
26.1235 19.9357 -1.9517 -0.8891 2.7151 -3.4408 -3.6315 0.9105 -1.2774 -3.1330 -0.4772 -1.3786 -3.3251 
26.1631 20.2413 -1.4158 -0.5798 2.9055 -2.9548 -3.0377 1.2293 -1.1315 -3.0562 -0.5449 -1.2344 -2.6220 
25.4434 19.2984 -2.0306 -0.5562 3.4572 -2.5281 -3.1510 0.8072 -1.5968 -3.3996 -0.3138 -0.3108 -1.8207 
24.2561 18.3637 -1.9078 -0.2771 3.6097 -2.3486 -3.1709 0.6908 -1.3137 -2.8338 0.0310 -0.2930 -1.9882 
23.4856 17.0247 -3.3727 -1.2195 3.1499 -2.8581 -3.7347 0.3477 -1.6412 -3.4610 -0.5947 -0.4068 -1.8087 
22.6343 16.5360 -2.8058 -0.2762 4.4121 -1.3488 -2.8896 0.2199 -1.8661 -3.1605 0.1837 0.7587 -0.6182 
21.8654 15.6846 -3.4762 -1.2470 3.2622 -2.0453 -2.8184 0.8006 -1.2690 -2.7831 0.3063 0.3508 -1.4963 
21.6325 15.0909 -4.0237 -1.0465 3.8100 -1.6419 -2.3780 1.0100 -1.6957 -3.3662 -0.0504 -0.0258 -1.7286 
20.6999 14.7084 -3.4498 -1.0841 3.2658 -1.7131 -2.2203 1.2224 -0.9172 -2.5057 0.0422 -0.1922 -1.5902 
20.4129 13.9336 -4.4546 -1.6766 2.7526 -2.4580 -2.7077 1.0320 -1.1030 -2.3506 0.3936 -0.6519 -2.7275 
20.2339 13.8548 -4.4259 -1.7362 2.9459 -1.9409 -2.4844 0.6074 -1.9446 -3.2124 -0.0936 -0.7227 -2.7648 
20.3645 13.9205 -4.2470 -1.1319 3.4039 -2.0403 -2.3650 1.5279 -1.0009 -3.1033 -0.4114 -0.5498 -2.0559 
20.4355 13.8231 -4.6600 -1.4931 3.3452 -2.1927 -2.9601 0.8261 -1.4263 -3.1777 0.0179 0.2012 -1.7742 
20.3499 13.9982 -4.2691 -1.5121 3.2692 -1.3155 -1.4118 1.7528 -1.2769 -3.0206 0.1032 -0.2295 -2.1627 
20.0332 13.1414 -5.4161 -1.9883 3.2805 -1.9462 -2.5807 1.2469 -0.9699 -2.7721 0.0977 -0.1432 -2.1645 
19.8343 13.0702 -5.3644 -2.1512 3.3147 -1.2880 -1.8681 1.4358 -0.9175 -2.4455 0.3885 -0.1171 -2.0576 
19.6307 13.3343 -4.5731 -1.9305 2.8697 -1.5835 -1.8051 1.4749 -1.1694 -2.9937 -0.0576 -0.0210 -1.8149 
18.6848 12.4219 -4.6305 -1.6983 2.5419 -2.2060 -1.8215 2.0940 -0.3422 -1.9360 0.9367 0.1595 -2.2988 
19.2056 13.0135 -4.4146 -1.5067 3.3142 -1.3737 -1.8107 1.6546 -0.7453 -2.6177 0.3583 0.5015 -1.5338 
18.8950 12.5055 -4.9592 -1.9307 3.0627 -1.5255 -2.1343 1.0990 -0.9532 -2.3792 -0.0171 -0.7601 -2.3823 
20.0161 13.3183 -4.9643 -1.5537 3.5825 -1.7439 -2.6280 0.9564 -1.1208 -2.7292 -0.0875 -0.4547 -1.9735 
23.0650 13.6263 -8.5722 -2.3450 4.9931 -1.8344 -2.5188 1.9002 -1.9378 -3.9667 0.7585 0.2939 -2.9341 
26.0173 15.4762 -9.5624 -2.5482 6.0075 -1.9734 -3.5914 1.6434 -1.4952 -3.5083 1.4664 1.1058 -2.7239 
23.5100 15.4749 -6.2711 -2.3420 3.7581 -2.4197 -3.3565 0.9497 -1.3619 -2.8070 0.9910 0.7398 -1.7671 
28.0541 21.5012 -1.5195 0.3666 4.3453 -3.2794 -4.9619 -0.9640 -3.0782 -3.9690 0.2908 0.3967 -1.8388 
31.6839 22.7762 -3.8625 1.1036 6.9310 -3.8316 -6.7470 -0.7860 -2.6694 -4.7609 -0.3473 0.6213 -1.1519 
33.9577 25.4938 -3.2693 -0.5273 6.1870 -2.5854 -6.4305 -2.1624 -2.8335 -3.0421 0.7527 0.3304 -1.0436 
31.8766 24.7971 -1.4902 -0.0480 5.0804 -2.9671 -6.2370 -2.5263 -3.3904 -3.3442 0.6923 0.5273 -1.0894 
33.9686 25.6729 -2.9589 -0.7827 5.0466 -3.4127 -5.8104 -1.2165 -3.2783 -4.3539 0.0660 0.0770 -1.7448 
32.5880 25.3499 -1.5965 -0.1266 5.4627 -2.3615 -5.7467 -2.2644 -3.3541 -3.5553 0.1745 -0.1298 -1.3688 
31.2563 24.4483 -1.0098 0.6003 5.5202 -2.4667 -5.5923 -2.0910 -3.3580 -3.5874 0.1861 -0.2549 -1.5964 
34.1003 25.3837 -3.5268 -0.6862 5.4747 -3.2915 -5.7322 -1.1001 -3.3194 -4.2569 0.2202 -0.2479 -2.0971 
31.3181 23.9578 -2.1781 -0.2303 5.3528 -2.5441 -6.0586 -2.8943 -3.8559 -3.3085 0.5133 -0.6986 -2.1657 
30.2798 23.5284 -1.2325 0.3491 4.9225 -2.6672 -5.0837 -1.7884 -3.6795 -3.6920 0.5917 -0.0484 -1.6459 
30.8601 23.7653 -1.6149 0.3153 5.2355 -2.6568 -5.4010 -2.0759 -3.6266 -3.2437 0.8417 -0.4866 -2.2107 
31.1544 23.6641 -2.3982 -0.1936 5.4288 -2.5100 -5.8294 -2.6545 -4.0781 -3.8907 0.0743 -0.7833 -1.9748 
33.3667 24.3264 -4.7739 -1.9438 4.8243 -3.5756 -6.4310 -1.8335 -3.3392 -4.0787 -0.0947 -0.7241 -2.3769 
32.0277 24.2667 -3.0852 -1.3527 5.0647 -2.3861 -6.1816 -2.8721 -3.2867 -3.0137 0.0093 -1.1423 -1.8319 
32.7482 24.6660 -3.3749 -1.5473 4.7175 -3.0746 -6.3045 -2.2029 -2.7584 -2.9580 0.0488 -0.9880 -1.7642 
33.8085 25.3563 -4.0084 -2.3933 4.6379 -2.7214 -6.2566 -2.3243 -2.3625 -2.1590 0.2757 -1.5738 -2.1545 
32.9887 24.2848 -4.7215 -2.8119 3.8632 -3.8469 -6.6283 -1.6197 -1.8093 -2.5208 -0.3746 -2.0033 -2.4179 
31.4002 23.9266 -2.9687 -2.0511 3.4305 -3.6428 -6.1127 -1.6340 -1.6215 -1.7964 0.2373 -1.6445 -2.2293 
32.9481 24.5184 -4.4998 -3.7719 1.8387 -5.1051 -6.1779 -0.7520 -1.7211 -2.6662 -0.4281 -3.0239 -4.5862 
31.0591 23.9032 -2.5591 -2.2899 2.3636 -4.2515 -5.4082 -0.4687 -1.1523 -1.8587 0.1625 -2.2779 -3.7216 
30.8979 23.7019 -2.5890 -2.1647 2.3699 -4.1785 -4.7755 0.4239 -0.6854 -1.6670 0.4598 -2.1682 -3.8961 
28.6761 21.9785 -2.5494 -2.2787 1.9639 -4.2017 -4.9131 0.2291 -0.3697 -1.4552 0.4205 -1.4991 -3.1699 
28.0134 21.3221 -2.6311 -2.3934 0.9476 -5.5004 -5.2371 0.3757 -1.0687 -2.8021 -0.7388 -2.5558 -4.3783 
26.8456 19.8623 -3.4333 -2.3309 1.5000 -4.8619 -4.6785 0.6737 -0.8573 -1.9631 1.0729 -0.3352 -2.6592 
26.6031 20.1783 -2.3292 -1.4944 1.9045 -4.2725 -3.8950 1.3761 -0.1656 -1.4296 0.9959 -1.0636 -3.6959 
26.2532 19.4023 -3.1941 -1.7303 2.1158 -4.1849 -3.8240 1.6384 0.0733 -1.2856 1.2242 -0.8142 -3.6498 
25.3326 19.0001 -2.6297 -1.6831 1.6908 -4.0138 -3.1744 1.9350 -0.3708 -2.2722 0.5740 -0.3515 -2.5650 
24.8166 17.4454 -4.9580 -2.8950 2.0853 -3.5110 -3.5773 1.0529 -1.1272 -2.8645 0.1505 -0.2815 -1.9375 
23.9869 17.2509 -4.0784 -2.5855 1.7486 -3.4561 -3.2905 1.1024 -0.8099 -2.0159 0.8678 -0.1751 -2.2315 
22.1908 15.7755 -4.4350 -3.1680 1.6029 -2.6242 -2.9907 0.4157 -1.3369 -2.4187 0.1620 -0.4013 -1.7835 
20.1274 13.8568 -4.5754 -2.7043 1.4639 -2.9561 -2.5277 1.3956 -0.9537 -2.7761 -0.0470 -0.0538 -1.3663 
20.7383 14.4284 -4.3712 -2.3690 2.0750 -2.5458 -2.7662 0.7330 -1.2413 -2.2470 0.8051 0.4072 -1.4086 
20.2507 14.0513 -4.3729 -2.4512 1.9157 -2.4518 -2.4590 0.9281 -1.3263 -2.4023 0.9800 0.9137 -1.0054 
20.2981 13.8929 -4.6691 -2.3185 2.5012 -1.8490 -1.9618 1.4900 -0.6449 -1.8119 1.0370 0.2799 -1.6522 
20.0433 13.6264 -4.1857 -0.7340 4.0232 -1.3826 -1.9912 1.3730 -1.4139 -3.1114 0.2305 0.2110 -1.7760 
19.2409 12.5791 -5.5913 -2.8560 2.1678 -2.3070 -2.6614 0.6839 -1.7358 -3.4256 -0.6076 -0.8806 -2.8590 
20.2258 13.8301 -4.5297 -1.9655 2.6773 -2.0983 -2.3811 1.0686 -1.3384 -2.8881 0.0188 -0.3113 -2.1545 
20.1432 13.7494 -4.3050 -1.3032 3.2948 -1.8757 -2.2910 1.1554 -1.3513 -2.6606 0.7858 0.5367 -1.6993 
19.9872 13.2122 -5.1577 -1.9256 2.8389 -2.4913 -2.6963 1.3482 -1.0476 -2.7733 0.5674 0.6406 -1.4666 
19.0986 12.9173 -4.3695 -1.3581 3.4649 -1.2439 -1.7977 1.4832 -0.8589 -2.6160 0.1391 0.2798 -1.1434 
19.3916 13.1232 -4.6224 -1.7941 3.4066 -1.0059 -1.9254 0.8940 -1.4118 -3.1061 -0.6558 -0.6695 -1.8340 
19.0449 12.5370 -5.1053 -1.9921 2.9237 -1.9215 -2.3010 1.5212 -0.5622 -2.5741 -0.2218 -0.3441 -1.8136 
18.7208 12.1234 -5.1002 -1.4556 3.3654 -1.6732 -1.8539 1.6269 -1.2575 -3.0968 0.0339 -0.1292 -1.9590 
19.4959 12.9481 -4.8852 -1.6801 3.0500 -2.1594 -2.5914 1.1549 -1.1540 -2.8912 0.0829 0.0769 -1.6428 
19.4730 12.9377 -4.9591 -1.7449 3.4009 -1.4758 -2.1909 1.2526 -0.8198 -2.2828 0.5612 0.2539 -1.7317 
18.6780 12.4567 -4.5883 -1.5155 3.1382 -1.6925 -2.0771 1.5179 -0.6425 -2.3474 0.3621 0.1741 -1.7718 
18.8660 12.8451 -4.2622 -1.6813 2.7692 -1.6553 -1.7834 1.5334 -0.8640 -2.5268 0.1048 -0.1890 -1.7846 
18.0028 11.3729 -5.7663 -2.4908 2.5365 -1.7613 -1.6371 1.8748 -0.8273 -2.7506 -0.1159 -0.9135 -3.3419 
18.5824 12.4474 -4.6632 -1.9807 2.7636 -1.4797 -1.7747 1.3650 -0.9288 -2.4472 0.1625 -0.2184 -1.9076 
19.0568 12.5905 -5.0216 -1.8954 3.1911 -1.3236 -1.5518 1.9198 -0.8120 -3.1099 -0.4841 -0.3952 -2.0369 
18.3673 12.1685 -4.5419 -1.1990 3.5639 -1.2221 -1.6514 1.7217 -0.6575 -2.4236 0.1816 -0.2147 -2.1461 
18.4703 12.3980 -4.3999 -1.5396 2.8194 -1.9748 -2.2213 1.3936 -0.7083 -2.3562 0.1477 -0.2633 -1.8716 
18.0946 12.0596 -4.5472 -1.6872 2.9781 -1.2869 -1.4368 1.8494 -0.6673 -2.7383 -0.2469 -0.0812 -1.5834 
18.2302 12.3721 -4.3980 -2.0358 2.7321 -1.1139 -1.5977 1.0319 -1.4718 -3.1252 -0.4873 -0.4117 -1.8044 
17.8948 11.4978 -5.2515 -1.8908 3.1321 -1.2977 -1.5784 1.8387 -0.3640 -1.9675 0.6742 0.3974 -1.4728 
17.9739 12.0596 -4.1407 -1.1187 3.1375 -1.5516 -1.7192 1.5035 -1.1252 -2.8108 0.0731 -0.0808 -1.8804 
17.1731 11.1793 -4.6714 -1.7244 2.2708 -2.4267 -2.5737 0.4891 -2.0675 -3.4021 -0.4329 -0.7512 -2.5848 
16.7908 11.1283 -4.1307 -1.0456 3.2582 -1.2943 -1.7579 1.4498 -0.7408 -2.4689 0.2005 0.3116 -1.4579 
16.9879 10.9175 -5.0894 -2.1241 2.4382 -2.0361 -2.5640 0.7625 -1.1115 -2.8029 -0.6254 -0.8712 -2.4081 
17.6775 11.8857 -4.2986 -1.5908 3.1128 -0.8901 -1.1839 1.9967 -0.1550 -2.0833 -0.0039 -0.2668 -1.8867 
17.2286 11.8141 -3.6244 -1.1106 2.9206 -1.3725 -1.6004 1.6200 -0.6202 -2.5735 -0.2134 -0.0673 -1.5919 
16.1471 10.3438 -4.6938 -1.6279 2.4880 -1.9343 -2.1045 1.0480 -1.1997 -2.6922 -0.1372 -0.4355 -1.9625 
16.9683 11.0527 -4.6944 -1.5975 3.0487 -1.4251 -2.2006 0.7085 -1.3727 -2.6637 0.2550 0.1448 -1.9542 
16.4129 10.6765 -4.6217 -1.9081 2.1411 -2.2240 -2.4698 0.6469 -1.6727 -3.3971 -0.7316 -0.4987 -1.9356 
16.2436 10.5740 -4.5839 -1.9242 2.1383 -2.0833 -2.2181 1.1197 -0.8063 -2.3669 0.0027 -0.2496 -2.0363 
15.5807 9.7865 -5.0744 -2.0649 2.5103 -1.2062 -1.2143 1.8510 -0.3922 -1.9310 0.8064 0.7405 -1.3865 
15.8046 10.2381 -4.4026 -1.5984 2.2147 -2.1026 -2.1219 1.0991 -1.0865 -2.7013 -0.3430 -0.6003 -2.0746 
16.2508 10.9645 -3.7514 -1.3844 2.1604 -2.0630 -1.9676 1.3953 -0.4920 -1.9595 0.2429 -0.1478 -1.6015 
15.1200 9.6409 -4.4161 -1.3447 2.5786 -1.7802 -1.9645 1.3547 -0.6766 -2.5776 -0.5265 -0.7174 -2.2537 
15.7240 10.5873 -3.8834 -1.8215 1.8973 -1.8621 -2.0620 0.8702 -0.7735 -2.0785 -0.0969 -0.3965 -1.6731 
15.6078 10.2925 -4.2420 -1.9392 1.9686 -1.8104 -2.0709 0.6816 -1.1577 -2.2342 0.0879 -0.5386 -2.4278 
15.6455 10.4608 -3.9694 -1.8349 1.9304 -1.5494 -1.3333 1.4638 -0.8543 -2.4964 -0.2864 -0.3424 -1.5364 
15.4463 10.5349 -3.5653 -1.5997 2.1907 -1.2324 -1.6321 0.5942 -1.3647 -2.3691 -0.0570 -0.3515 -1.7484 
15.9484 10.9628 -3.4545 -1.2755 2.7322 -1.0781 -1.8809 0.6104 -1.0528 -2.4129 -0.3992 -0.3066 -1.3205 
14.8507 9.9451 -3.9356 -2.1591 1.5134 -1.8836 -2.2896 0.2214 -1.3523 -2.5340 -0.5985 -0.8293 -2.1009 
15.5815 10.5564 -3.5769 -1.3496 2.2884 -1.5243 -1.6703 1.1484 -0.7548 -2.1028 -0.0265 -0.4503 -1.9028 
15.6601 10.7199 -3.5114 -1.4680 2.3590 -1.3060 -1.8796 0.5879 -1.0792 -2.1983 -0.1779 -0.5283 -1.7646 
