20.7437 11.9883 -9.2539 -5.3736 1.2973 -2.9736 -2.3885 1.9268 -0.4746 -1.6619 1.4528 0.3218 -1.5947 
17.5051 11.3982 -5.0399 -2.3119 2.2954 -1.7678 -1.8454 1.5110 -0.2582 -1.3378 1.0228 0.1174 -1.6902 
14.1608 8.9238 -4.3542 -1.5155 2.1910 -1.4306 -1.0016 2.0677 0.0407 -1.1473 1.0674 0.1870 -1.6319 
15.3794 8.8802 -6.0858 -1.7814 3.1642 -1.3564 -1.4527 1.9021 -0.5599 -2.1458 0.6622 0.4221 -1.2575 
19.5805 10.1996 -9.9481 -3.4249 3.8511 -2.8545 -3.6925 1.7360 -0.3425 -2.8106 0.3208 0.4050 -1.7667 
15.0897 8.6691 -6.2289 -2.2265 2.6367 -1.8735 -2.1528 1.4226 -0.5219 -2.2351 0.1647 0.1463 -1.1868 
13.6456 7.7950 -5.5692 -1.7374 2.5171 -1.7892 -1.9330 1.2622 -0.9317 -2.7939 -0.8414 -1.2041 -2.2135 
13.4078 7.9892 -5.1651 -2.1841 1.8994 -1.7848 -2.0233 0.8820 -0.7752 -2.0828 -0.0621 -0.4672 -2.0021 
13.0677 7.8794 -4.5231 -1.2188 2.4661 -1.6156 -1.7722 1.0430 -1.2454 -2.8704 -0.3252 -0.1794 -1.8407 
13.0074 7.6167 -5.1565 -2.1595 1.5057 -2.1921 -1.8785 1.2317 -0.6165 -1.7882 0.4562 -0.0900 -1.7342 
13.6609 8.2513 -4.8058 -1.5753 2.2772 -1.7128 -1.7718 1.3391 -0.1548 -1.0907 0.8657 -0.0830 -1.6713 
13.2256 7.7878 -5.1131 -2.0137 1.7121 -2.0752 -1.9100 0.7905 -1.6038 -2.6711 0.3839 0.3040 -1.5934 
13.1894 7.7790 -4.9333 -1.5051 2.4764 -1.2292 -0.9049 2.2046 0.0572 -1.4878 0.5825 -0.1244 -1.9113 
13.4553 8.0574 -5.1225 -2.1237 2.0045 -1.8615 -2.3340 0.6848 -0.8146 -2.1707 0.1018 0.1755 -1.3887 
13.4436 7.5282 -5.9643 -2.2982 2.2666 -1.4836 -1.4950 1.6006 -0.3551 -1.7006 0.7361 0.4850 -1.2585 
12.9741 7.4122 -5.5497 -2.2273 2.1667 -1.3142 -1.5464 1.0807 -0.7991 -1.9048 0.4231 0.0547 -1.3867 
13.5384 8.0427 -5.1487 -2.0285 1.9793 -1.6342 -1.4039 1.5571 -0.6346 -2.1959 -0.0378 -0.3806 -1.8275 
13.7313 8.3297 -5.0167 -2.0777 2.1973 -1.0920 -1.0210 1.7568 -0.3360 -2.0257 -0.2948 -0.8550 -2.1895 
13.2760 7.5051 -5.7260 -2.1755 2.1301 -1.6884 -1.6550 1.4136 -0.6926 -2.2885 -0.0432 -0.1443 -1.2619 
13.1837 7.7407 -5.0523 -1.5137 2.8255 -0.9406 -1.3122 1.3212 -0.7151 -2.0836 0.1561 -0.1981 -1.7890 
13.2665 7.4975 -5.5634 -1.7815 2.3077 -2.0403 -2.1028 1.3305 -0.5616 -2.1307 0.1838 -0.2129 -2.2341 
13.3018 7.6332 -5.6021 -2.1614 2.3360 -1.3312 -1.6529 1.0967 -0.8392 -2.2101 -0.0170 -0.4103 -2.0313 
13.1178 7.3925 -5.8410 -2.5591 1.6942 -1.9836 -2.1475 0.6241 -1.2542 -2.3827 -0.0873 -0.4883 -1.9410 
13.5281 8.1276 -4.9142 -1.7807 2.1085 -1.6965 -1.6725 1.1294 -1.0995 -2.4024 0.3054 0.3660 -1.0954 
13.2830 7.2961 -5.9427 -1.9179 2.4315 -1.7698 -1.7467 1.4844 -0.6293 -2.0030 0.5448 0.1889 -1.5767 
14.4184 8.7759 -5.0959 -1.8086 2.5676 -1.4743 -1.8883 1.1045 -0.8773 -2.5753 -0.4011 -0.5166 -2.0352 
13.6611 8.3250 -4.9500 -1.9982 2.3849 -1.0223 -1.2377 1.7373 0.0292 -1.7369 0.1064 0.1834 -1.1581 
13.1058 7.9904 -4.8429 -2.3727 1.4943 -1.5945 -1.5141 1.0687 -0.6977 -1.6036 0.8752 0.7036 -0.8852 
14.1720 8.6699 -4.7500 -1.2912 2.9222 -1.2207 -1.5486 1.4208 -0.7657 -2.5206 0.0332 0.5822 -0.6987 
14.2638 8.5627 -5.1814 -1.6244 2.8686 -1.3259 -1.8258 1.3124 -0.5932 -2.3127 0.1440 0.4495 -1.2170 
12.8415 7.3105 -5.5553 -2.4378 1.5773 -1.8099 -1.4089 1.5458 -0.7443 -2.4350 -0.2989 -0.5448 -1.9649 
12.8823 7.7075 -4.9301 -2.2453 1.4379 -2.1115 -2.2646 0.3307 -1.4729 -2.5728 -0.4875 -1.0754 -2.5771 
12.7358 7.3701 -5.0229 -1.4372 2.7254 -1.1013 -1.3367 1.5655 -0.2715 -1.7820 0.1103 -0.3298 -1.7050 
11.9019 6.5208 -5.5576 -2.2937 1.5663 -1.9961 -1.9336 0.7979 -1.3193 -2.6515 -0.2085 -0.3415 -1.8858 
11.8916 6.8668 -5.1632 -2.7097 0.9276 -2.0681 -2.0124 0.4900 -1.0387 -2.0094 -0.2395 -0.6666 -1.5513 
12.4639 7.2402 -4.9609 -1.7446 2.1002 -1.5387 -1.6405 0.8931 -1.3309 -2.6319 -0.1711 -0.4115 -1.9712 
13.3979 8.2048 -4.6624 -1.8245 2.0462 -1.3556 -1.2128 1.5123 -0.5820 -2.0120 0.1673 0.0709 -1.2367 
12.0291 6.9505 -4.5772 -1.0433 2.4893 -1.4776 -1.4838 1.1589 -1.2466 -2.7390 -0.2216 -0.1513 -1.4425 
12.1451 7.0868 -4.8457 -1.9240 1.6839 -1.7123 -1.5237 1.1361 -0.9313 -2.0840 0.4136 0.1227 -1.7137 
12.1986 7.1916 -4.8010 -1.8514 2.0999 -1.3246 -1.6976 0.9610 -0.5964 -1.9503 0.0392 0.0804 -1.2639 
12.6938 7.3321 -5.3430 -2.4416 1.3992 -2.0088 -1.6884 1.3646 -0.5511 -1.9291 0.3707 0.2074 -1.2735 
12.3123 7.4259 -4.4738 -1.6733 2.0218 -1.2553 -1.2759 1.2585 -0.5926 -1.7929 0.2558 -0.1552 -1.6283 
12.6678 7.3302 -5.0864 -1.5997 2.7483 -0.7798 -1.0657 1.6229 -0.2628 -1.8115 0.0833 -0.0961 -1.3378 
12.3570 7.3048 -4.9552 -2.3782 1.3590 -1.6319 -1.3110 1.3127 -0.6692 -1.7927 0.5889 0.2940 -1.3185 
13.2218 8.0132 -4.7817 -1.8907 1.9267 -1.8784 -2.0392 1.1616 -0.2839 -1.7864 -0.0027 -0.2367 -1.4542 
13.6669 7.6099 -6.2476 -2.4969 2.3909 -1.6436 -2.3154 0.8131 -0.6039 -1.8790 0.2889 0.0413 -1.4321 
15.5128 8.4170 -7.1011 -1.9555 3.6101 -1.7945 -2.5661 1.3577 -0.9942 -3.3315 -0.3970 0.1858 -1.4636 
16.7646 8.3093 -9.2973 -2.8932 4.4323 -1.5118 -3.2415 1.0116 -0.6600 -2.7420 0.0452 0.0928 -1.9605 
20.2673 9.8096 -11.0400 -2.0384 6.6491 -1.8825 -3.7795 2.7204 0.7054 -2.7812 0.5454 1.2404 -1.0278 
22.6492 10.0177 -13.4119 -1.4931 8.2957 -2.9357 -5.0949 2.9706 0.4406 -3.5184 0.5713 1.0065 -1.6942 
24.9165 11.1729 -14.2859 -1.2581 8.9360 -3.5204 -5.4945 3.2503 0.3281 -3.2649 1.6196 1.2998 -1.9807 
25.4622 10.7756 -15.9927 -2.0647 9.6086 -2.8259 -5.4120 3.3331 0.7089 -2.8672 1.7759 1.2043 -2.0976 
26.2889 10.9446 -16.7428 -2.0469 10.1539 -2.6674 -5.3433 3.2189 0.0615 -3.2545 1.8389 0.6570 -2.9858 
26.5166 10.3997 -17.8796 -2.1260 10.5733 -2.8582 -5.3981 3.7614 0.4282 -3.1144 2.1821 0.9087 -2.9594 
28.2489 11.8827 -17.7462 -2.1102 10.9239 -2.3783 -4.7861 4.0527 0.0839 -3.1973 2.8170 1.1021 -3.7479 
28.5038 11.6147 -18.5525 -2.2901 11.2230 -2.3554 -4.8917 3.9121 -0.4115 -3.6469 3.0032 1.4701 -3.9077 
28.4602 11.2443 -19.2516 -3.0012 10.3859 -3.0829 -5.1116 3.6673 -1.0374 -3.9520 3.1162 1.3436 -3.9971 
29.5679 12.7262 -18.0950 -2.2341 10.9556 -2.7739 -5.0985 3.9128 -0.2919 -3.2330 3.4647 1.4511 -4.1550 
31.4764 15.0786 -16.4518 -1.4488 10.8308 -3.0906 -4.8368 4.3097 -0.4043 -3.6069 3.1110 1.2430 -3.8222 
30.8499 14.0687 -17.3201 -1.6898 10.9275 -3.0590 -4.7091 4.4425 -0.6484 -3.9144 3.2211 1.3791 -4.0529 
29.9061 13.2573 -17.5146 -1.7794 11.1113 -2.8965 -5.2489 4.0099 -0.0194 -3.2384 2.9978 1.0832 -3.8496 
30.2569 13.4803 -17.7941 -2.2227 11.0266 -2.4874 -4.8490 3.6857 -1.0757 -4.1423 2.8378 1.1474 -4.2005 
30.5573 13.2483 -18.7002 -2.7180 10.8477 -2.9691 -5.0859 4.3609 -0.0455 -3.6290 2.8753 1.4182 -3.4511 
31.1206 13.9849 -18.1997 -2.5848 10.7931 -2.8232 -4.6491 4.6678 -0.2673 -4.1455 2.6236 1.4949 -3.4512 
31.4786 14.4776 -18.0854 -2.9003 10.6889 -3.0978 -5.9761 3.3378 -0.1879 -3.6116 2.3526 1.1223 -3.2822 
31.9866 14.8518 -18.7324 -4.3021 9.8819 -3.1409 -6.5521 2.0502 -1.2282 -4.4836 1.0648 -0.1821 -4.2243 
31.8709 15.6512 -17.0611 -3.4349 10.2203 -2.3021 -5.7108 2.4501 -0.9195 -4.4181 1.0698 0.8284 -2.4231 
32.5960 18.7624 -12.1750 -0.8884 10.6674 -1.1584 -4.4611 2.3336 -1.4581 -4.5628 0.7288 -0.0656 -3.8098 
37.1073 24.3700 -9.9063 -3.0784 7.6000 -1.9053 -4.4402 1.3379 -2.4511 -5.1031 -0.2577 -1.1773 -4.1359 
41.9130 28.2472 -11.1884 -6.0970 6.4824 -1.5945 -4.9201 -0.0530 -3.2861 -4.9904 -0.1975 -1.6947 -4.3496 
42.8163 29.0388 -11.4451 -6.8705 6.3003 -1.0879 -4.5996 -0.0783 -3.0280 -4.4132 0.2660 -1.2352 -3.6056 
42.0607 28.9869 -10.6021 -6.9511 5.6736 -1.0006 -4.4664 -0.5376 -3.2171 -4.2217 -0.0882 -1.9318 -3.7818 
41.5307 28.7398 -10.3605 -7.0881 5.3825 -0.6249 -3.7532 -0.2706 -3.2261 -4.0633 0.1200 -1.7244 -3.3311 
40.8982 28.8517 -9.4080 -7.1001 4.9032 -0.2218 -3.0981 -0.0540 -2.8530 -3.5780 0.1121 -1.7313 -2.7275 
38.8830 27.3741 -8.9244 -6.6124 4.4063 -0.8946 -3.2078 0.1394 -3.1734 -4.6069 -0.8058 -2.1681 -3.1785 
35.9560 25.5575 -7.8085 -6.0489 3.7365 -0.8237 -2.0398 1.6076 -1.9711 -4.2281 -0.6756 -1.2661 -2.8005 
32.5998 22.9855 -7.9168 -6.6416 3.2009 -0.0131 -1.7058 0.7653 -2.3615 -4.1647 -0.8794 -1.0391 -2.2067 
31.2796 22.4795 -6.5342 -5.2358 3.8369 0.1906 -2.0496 0.1022 -2.6089 -4.1500 -1.1495 -1.3149 -2.1414 
30.1529 21.7665 -6.2300 -5.3783 3.1139 -0.0957 -1.9908 -0.3234 -3.4905 -4.8614 -1.3868 -1.2491 -2.2451 
28.8264 21.0787 -5.3715 -4.8111 2.7576 -0.5181 -2.0746 -0.1246 -3.0378 -4.5246 -1.4569 -1.3560 -1.9349 
28.3268 19.7050 -6.7779 -4.5633 3.6037 -0.6786 -2.3539 0.3007 -2.8136 -4.8040 -1.5349 -1.1229 -1.6537 
27.0276 18.9661 -6.3178 -4.5357 3.2709 -0.7948 -2.8684 -0.4135 -2.7320 -4.3834 -1.6305 -1.4241 -2.0543 
29.3527 19.2754 -8.7395 -4.5325 4.8345 -0.8500 -2.7912 1.1784 -1.5947 -3.7523 -0.2534 -0.3130 -1.6765 
39.7341 22.9482 -17.3299 -8.5143 5.2815 -4.2299 -5.2742 2.6208 -1.9725 -5.4809 0.1353 -0.7085 -3.3721 
35.9412 20.8392 -15.4092 -7.3859 4.8054 -4.1969 -5.2796 1.9391 -2.2803 -5.7921 -1.0026 -1.6200 -3.6218 
35.6819 19.4962 -16.9745 -6.5697 7.1029 -2.8454 -4.2355 3.9273 -0.5420 -5.1250 -0.2048 -0.3412 -3.0294 
35.5898 18.7988 -17.4223 -5.4683 7.8485 -3.8811 -5.2151 3.6735 -1.5683 -6.4619 -0.2842 0.2216 -2.9460 
35.0298 17.9972 -17.8486 -5.2146 8.1567 -3.9392 -5.0717 4.4073 -0.4723 -5.1790 0.8134 0.4884 -3.3502 
33.9754 16.9874 -17.8141 -4.4636 8.8502 -3.5559 -4.7014 4.7939 -0.4048 -5.4602 0.6345 0.7984 -2.6977 
34.4052 17.6540 -17.0000 -3.7307 9.1224 -3.4092 -4.0492 5.5241 -0.3001 -5.2658 1.8055 1.9795 -2.8306 
33.6328 16.5482 -17.6768 -3.5386 9.5237 -3.6133 -4.7053 4.7963 -1.1247 -6.1606 1.0198 1.3466 -3.3704 
32.8402 15.9120 -17.8864 -4.1944 8.7480 -3.4405 -3.5944 6.0294 -0.1854 -5.6218 0.9441 0.7331 -3.8780 
32.6569 15.3550 -18.1824 -3.2570 9.8224 -3.8476 -5.0682 4.9117 -0.3446 -5.1611 1.2924 0.7506 -3.6553 
32.5112 15.9088 -17.0379 -3.1411 9.0059 -4.2560 -4.8771 5.1608 -0.0541 -4.6368 1.9979 1.3659 -3.3688 
31.0267 14.9924 -16.2588 -2.3849 9.0089 -4.0657 -4.2413 5.3586 -0.5867 -5.2653 1.7435 1.4591 -3.1898 
30.0055 14.1851 -16.0665 -1.9027 9.4172 -3.6290 -3.9389 5.4370 -0.3757 -4.7837 2.1038 1.3956 -3.5221 
28.4936 12.9974 -16.0145 -2.0677 8.6949 -4.0546 -4.2265 4.5370 -1.3962 -5.0252 2.2775 1.2193 -3.8664 
26.5774 12.7890 -13.8494 -1.9801 7.0471 -4.5104 -4.0479 4.3969 -0.9228 -4.3532 2.2597 1.5872 -2.7420 
25.8804 13.2901 -12.1076 -1.6591 6.4460 -4.5377 -4.3625 3.4014 -1.8168 -5.5888 0.5881 0.7806 -2.9962 
25.3276 13.1474 -11.6121 -1.4884 6.6392 -3.6547 -3.4540 3.8632 -1.1705 -4.7345 0.9552 0.9045 -2.4429 
24.0951 12.5134 -11.3891 -2.1720 6.0293 -3.0594 -3.0170 3.5643 -1.0959 -4.1281 1.6517 1.5794 -2.3685 
24.5535 13.9331 -9.3219 -0.9145 6.7076 -2.0231 -2.2134 3.5240 -1.2692 -4.0549 1.5305 1.4341 -1.9855 
27.8619 18.9820 -4.8084 1.4252 7.5226 -1.8221 -3.1641 1.8068 -2.5482 -5.1193 0.1135 -0.0612 -3.6845 
29.1326 20.6015 -4.4600 0.2867 7.1609 -0.6829 -2.8293 0.8419 -2.7695 -4.4137 0.3511 -0.1668 -3.6209 
30.6918 21.8243 -4.6797 -0.2766 6.6263 -1.3104 -3.2612 0.5020 -3.3276 -4.8392 0.1502 -0.6027 -3.9232 
34.8868 24.5659 -6.3631 -1.9183 6.3543 -2.4925 -4.9116 0.7560 -1.6600 -3.8999 0.2202 -0.1346 -2.6932 
39.2008 27.3441 -8.6697 -5.0622 5.0934 -2.7092 -5.3348 -0.1574 -2.1497 -3.2101 0.5556 -1.3972 -3.5502 
39.5581 27.5010 -9.1057 -5.5545 4.9983 -2.7680 -5.6575 -0.2935 -1.8715 -2.8676 0.9241 -0.9242 -3.2729 
40.4669 28.3295 -9.1126 -5.8623 4.9999 -2.5626 -5.5877 -0.2279 -1.5465 -2.4303 1.0638 -1.2716 -3.7320 
40.5481 28.2249 -9.6952 -6.6489 4.5638 -2.6885 -5.9718 -0.9292 -2.1216 -2.8252 0.6198 -1.7436 -4.2392 
40.6024 28.8312 -8.6338 -6.0812 4.9623 -1.6521 -4.8729 -0.4993 -1.7751 -2.0118 1.5103 -1.0102 -3.5492 
40.2917 28.0002 -9.8039 -6.7674 4.6349 -2.4544 -5.8986 -0.9333 -2.0035 -2.7300 0.7905 -1.2987 -3.9721 
41.3469 28.8984 -9.6506 -6.4452 5.2707 -2.0247 -5.5447 -0.3481 -1.4503 -2.2826 1.3355 -0.9123 -3.7731 
41.1591 28.4572 -10.4324 -7.3337 4.5799 -2.6597 -6.4150 -1.2886 -2.2016 -3.0207 0.4641 -1.7279 -4.5292 
41.5232 29.0793 -9.6178 -6.4820 5.3727 -1.7026 -5.2368 -0.3246 -1.6229 -2.3772 1.3456 -0.9322 -3.7630 
40.9459 28.1699 -10.5055 -7.1193 4.7776 -2.4503 -5.9519 -0.9342 -2.2212 -2.9130 0.8020 -1.6318 -4.3683 
41.7548 29.0053 -10.0999 -6.6059 5.6056 -1.7839 -5.5704 -0.3248 -1.3705 -2.3421 1.1692 -1.0921 -3.8658 
41.6691 29.1602 -9.8178 -6.8111 5.1885 -1.8479 -5.5684 -0.5793 -1.4747 -2.1391 1.1592 -1.4687 -4.1735 
41.1945 28.4881 -10.3153 -7.0138 5.0414 -2.0416 -5.6848 -0.7120 -1.7663 -2.5557 0.7092 -1.7213 -4.1750 
39.6763 27.5400 -10.3169 -8.0664 3.8655 -1.9900 -5.7899 -1.7790 -2.6384 -3.0856 -0.1241 -2.4677 -4.5548 
40.4648 28.8473 -9.0268 -7.1416 4.9736 -0.4774 -4.5986 -0.9752 -1.6260 -2.0968 0.5515 -1.4274 -3.0432 
39.9535 28.1679 -9.7182 -7.8403 4.6310 -0.4095 -4.8310 -1.9632 -2.8449 -2.9856 -0.0791 -1.8946 -3.3004 
40.5042 27.9426 -10.4519 -7.2413 5.3844 -0.6413 -4.5767 -1.1411 -2.9923 -3.4008 0.4340 -1.4551 -3.3820 
39.0172 27.4732 -9.6185 -7.7696 4.7782 0.3664 -3.9722 -1.8852 -3.3423 -3.3073 0.0034 -1.6211 -2.9399 
39.2058 28.1554 -8.8438 -7.5992 5.2379 1.5021 -3.4120 -2.0926 -3.2946 -3.0834 -0.0005 -1.2944 -2.2039 
38.3045 27.6429 -8.3864 -7.6313 4.2074 0.7382 -3.4622 -2.5493 -4.2116 -3.2594 0.3118 -1.7460 -3.1606 
38.4954 27.3957 -8.7114 -6.9681 4.9116 0.7029 -3.1640 -1.8007 -4.2005 -3.6397 0.6788 -1.1073 -3.1670 
37.7765 27.2367 -8.0998 -7.0630 4.4643 0.9096 -2.9248 -2.0715 -4.2279 -3.1676 1.0154 -1.0265 -3.0057 
37.8442 27.5513 -7.5370 -6.5743 4.8086 1.1122 -2.8928 -1.9896 -4.0292 -3.1955 0.7511 -1.0631 -2.6803 
36.6556 27.1872 -6.5512 -6.5311 3.9643 1.0329 -2.2855 -1.6279 -4.1656 -3.9182 -0.1184 -1.1851 -2.4474 
35.6314 25.2762 -7.6696 -5.4134 4.7067 -0.2454 -2.8252 -0.5014 -4.0601 -5.1739 -0.6439 -1.0661 -3.0705 
33.4190 24.8448 -5.4460 -5.0430 3.7957 0.3096 -2.2314 -1.0874 -4.0366 -4.3724 -0.4492 -0.9621 -2.4180 
32.3442 24.5608 -4.4532 -4.7570 3.4707 0.3211 -2.3761 -1.4505 -3.8439 -3.9311 -0.3120 -0.7826 -2.2891 
31.6637 23.9520 -4.3757 -4.2347 4.0913 0.8763 -1.9513 -1.2176 -3.8836 -4.2238 -0.5825 -0.7780 -2.1387 
30.4873 22.4419 -4.8798 -3.4479 4.6335 0.4488 -2.0626 -0.6550 -3.6794 -4.2747 -0.1968 -0.4731 -2.4202 
29.5454 21.8606 -4.5994 -3.5043 4.0758 0.0593 -1.9905 0.0078 -2.6714 -3.7249 -0.1602 -0.1240 -1.6705 
30.9539 20.8683 -7.9357 -3.7121 5.4423 -0.8227 -2.9634 0.7972 -2.2725 -4.0047 0.1005 -0.3035 -2.4278 
30.2860 19.5449 -8.4941 -2.4515 6.2188 -1.3625 -2.8674 0.8383 -3.6836 -4.6349 1.1430 -0.3042 -3.5456 
28.9443 18.2826 -8.7319 -2.1994 6.4526 -1.7120 -3.5973 1.0475 -2.5427 -4.1695 0.9214 -0.0269 -3.2910 
26.6533 16.9995 -7.6748 -1.8521 5.6070 -2.2020 -3.7576 0.6936 -2.9261 -4.7065 0.5102 0.4563 -2.5436 
25.2542 16.5080 -6.8518 -2.2986 4.6159 -1.8127 -3.1308 0.4308 -2.7596 -3.7807 0.8246 0.2478 -2.2041 
23.4723 15.1739 -6.7860 -2.5018 4.1176 -1.9872 -3.5205 -0.2063 -3.0484 -4.1145 0.2009 -0.0279 -2.4813 
22.1627 13.5852 -7.6585 -2.6539 4.1703 -2.0683 -3.6865 -0.5196 -3.5312 -4.4514 0.0393 -0.3801 -2.9031 
22.6278 13.7920 -7.9946 -2.9292 3.9896 -2.2004 -3.3047 0.4152 -2.6209 -3.8682 0.2445 -0.6299 -3.2730 
23.6940 13.6465 -9.5433 -2.7836 5.3522 -1.7867 -3.1533 1.2957 -1.9376 -3.7099 0.5064 -0.3203 -2.9210 
26.0846 14.6862 -11.2401 -3.4704 6.0632 -1.8051 -3.4126 1.9595 -1.2960 -3.5904 0.9563 0.2841 -3.0050 
27.5107 16.8931 -9.1661 -2.2190 6.7630 -1.2315 -3.2708 1.7720 -1.0597 -2.9576 1.3407 0.5553 -2.3605 
31.7621 23.6563 -3.7400 -1.9770 3.7871 -3.2805 -4.6136 0.1618 -1.5324 -2.4562 0.9627 -0.4988 -3.2242 
38.5084 28.2354 -7.0049 -6.1196 3.8404 -1.9923 -5.7426 -1.7753 -1.6374 -1.5775 0.9937 -0.9897 -3.1564 
39.5959 28.4756 -7.8896 -6.0175 4.1513 -2.7602 -6.2539 -1.4153 -1.6524 -1.7984 1.4736 -0.4853 -3.0489 
38.6224 27.5219 -8.1790 -6.3014 3.4062 -3.5139 -6.5398 -1.5991 -2.1140 -2.1380 1.4966 -0.6624 -3.6882 
39.2694 28.3677 -7.3959 -5.4945 4.1785 -2.7665 -5.7109 -0.9090 -1.8562 -1.9899 1.9657 -0.1832 -3.5607 
39.7635 28.3963 -8.1611 -6.2129 3.5511 -3.2658 -5.7672 -1.0002 -2.1714 -1.8944 1.9765 -1.1168 -4.3611 
40.1798 28.9915 -7.7171 -6.0196 3.7615 -2.8760 -5.3124 -0.5876 -1.9405 -1.7535 2.4924 -0.3496 -4.0616 
40.2843 28.3305 -8.9833 -6.4034 3.8268 -3.3059 -5.6392 -0.4981 -2.1198 -2.2384 2.1212 -0.5383 -3.9055 
41.1568 29.0659 -9.0092 -6.4279 4.2157 -3.0241 -5.6310 -0.1866 -1.5456 -2.0311 2.1172 -0.2536 -3.5858 
41.9409 29.3389 -9.4851 -6.3029 4.5530 -3.2269 -5.7399 -0.0261 -1.7135 -2.2105 2.3159 -0.2619 -3.9742 
41.5587 29.2218 -9.2853 -6.4773 4.3829 -2.9935 -5.7207 -0.3600 -1.7428 -2.0107 2.2372 -0.4210 -3.9860 
41.3337 28.8117 -9.7067 -6.6731 4.3361 -3.0136 -5.6186 -0.2048 -1.7941 -2.2567 2.0429 -0.4379 -3.8579 
41.0360 28.4555 -10.1274 -7.2920 3.8324 -3.3069 -6.0672 -0.7826 -2.1675 -2.6253 1.3625 -1.1459 -4.2967 
40.9236 28.9752 -9.2480 -7.3387 3.6535 -2.6083 -5.4723 -0.8811 -2.0675 -2.1749 1.4823 -1.2602 -4.1680 
41.3594 29.4434 -9.1079 -7.2779 4.0296 -2.1802 -5.4233 -0.7930 -1.5431 -1.7918 1.4665 -0.9843 -3.5575 
41.0929 29.1504 -9.2338 -7.3633 3.9138 -2.0526 -5.0132 -0.6387 -1.7938 -1.8948 1.6202 -0.9794 -3.5392 
40.5143 29.0765 -8.8012 -7.7524 3.3120 -1.9450 -4.8216 -0.6259 -1.5977 -1.9889 1.1790 -0.8486 -3.0569 
40.4191 29.0055 -8.7833 -7.7756 3.2439 -1.8010 -4.4886 -0.6470 -2.1599 -2.5193 0.9889 -1.0369 -3.2360 
40.0344 29.2287 -7.9502 -7.7144 2.9537 -1.4860 -4.1255 -0.6088 -1.9136 -2.2925 0.7731 -1.1142 -2.9937 
39.4861 28.9092 -7.8666 -7.9001 2.7798 -1.3413 -4.0945 -0.7859 -2.1483 -2.7639 0.3529 -1.0067 -2.7966 
39.3390 28.9420 -7.7115 -7.9428 3.0113 -0.7139 -3.8222 -0.8770 -1.9131 -2.4753 0.1401 -1.0771 -2.1060 
39.0762 28.0565 -8.6722 -7.7567 3.5143 -1.0587 -4.2787 -1.0946 -2.9046 -3.8694 -0.2484 -0.9670 -2.6442 
39.5110 28.5047 -8.4451 -7.4229 4.2363 -0.1874 -3.9899 -1.5086 -3.0317 -3.3485 -0.0496 -1.2213 -2.3689 
39.2583 28.2372 -8.5795 -7.4116 4.4981 0.1824 -3.7785 -1.4336 -3.0792 -3.6746 -0.5216 -1.5708 -2.6282 
38.6727 27.8969 -8.3742 -7.5271 4.0734 0.2948 -3.1668 -1.0754 -2.9739 -3.4939 -0.5955 -1.9990 -2.7945 
38.2668 27.8269 -7.6435 -6.7556 4.1395 -0.2356 -3.6162 -1.1235 -2.9514 -3.5449 -0.3393 -1.4482 -2.4368 
38.1028 27.7950 -7.4286 -6.6653 3.9581 -0.4250 -3.5970 -1.0157 -3.0373 -3.8944 -0.6604 -1.5400 -2.6080 
36.5924 26.6707 -7.0203 -6.0139 4.1626 -0.2606 -3.2378 -0.5872 -2.6601 -3.7843 -0.9420 -2.0178 -3.0826 
34.5135 25.0777 -6.3533 -4.9559 3.8867 -1.1497 -3.2847 0.0494 -2.2298 -3.4930 -0.4241 -1.6108 -3.1759 
33.6944 23.2803 -7.9001 -4.4099 4.8358 -1.9837 -4.2484 0.5369 -2.0647 -4.3652 -0.2808 -0.4851 -3.5494 
32.5937 22.0996 -8.0257 -3.9156 4.5735 -2.7492 -4.1031 1.1658 -2.1447 -4.6929 -0.3238 -0.6266 -3.2758 
32.7274 21.0952 -9.0477 -2.4179 6.1054 -3.2023 -4.1140 1.9019 -2.8855 -5.8566 -0.1828 -0.4278 -3.4489 
33.3546 20.4866 -10.5750 -2.0368 6.9490 -4.1323 -4.9955 2.4834 -2.4032 -5.8545 0.4927 0.5501 -3.0786 
32.2832 19.3868 -11.6559 -3.5160 6.6455 -3.0992 -4.9774 1.2555 -2.8579 -5.6412 0.0085 -0.1478 -3.1750 
30.5539 18.2991 -11.2365 -3.7859 5.7917 -2.9858 -4.5678 0.6427 -3.6205 -5.3347 0.7008 -0.1375 -3.5690 
29.4183 17.6829 -10.5095 -3.3430 5.0462 -4.1837 -5.1603 0.9366 -3.1030 -5.2313 0.7349 0.1508 -3.6646 
28.1368 17.1557 -9.5623 -2.8778 4.9983 -3.6933 -4.5234 1.3140 -2.5286 -4.7551 0.5494 -0.0660 -3.2954 
27.2603 16.6730 -9.2567 -2.9559 4.7921 -3.2667 -4.1145 1.1547 -2.5442 -4.4253 0.4794 -0.4764 -3.3053 
26.1981 15.8435 -9.3951 -3.4455 4.1665 -3.3375 -3.9929 1.1539 -2.3174 -3.9953 0.8567 -0.0875 -3.1519 
25.3339 14.9760 -9.3583 -2.5997 5.0479 -2.9381 -3.8521 1.3431 -2.0522 -3.5977 1.3951 0.3341 -3.0972 
24.4484 14.2849 -9.6168 -3.1937 4.8035 -2.4218 -3.5686 1.3852 -1.2728 -2.5380 1.7711 0.5558 -2.2894 
25.0825 14.4713 -10.1100 -3.1279 5.2482 -2.5225 -3.8933 1.5251 -0.9663 -2.6411 1.3300 0.2126 -2.4898 
25.8710 14.2679 -11.4442 -3.0729 6.6143 -1.3031 -2.8412 2.1459 -1.4039 -3.1546 1.5222 0.0904 -3.1083 
31.1480 17.9046 -13.2691 -5.2120 5.9395 -2.8787 -5.1225 1.0110 -1.9182 -3.8652 1.2439 -0.0164 -3.7237 
26.8288 16.7483 -9.0148 -3.5087 5.0531 -1.9519 -4.0448 0.3024 -2.2488 -3.7321 0.4135 -0.4584 -3.3673 
34.6567 25.3495 -5.7868 -4.0530 4.3526 -2.1545 -5.3104 -1.1392 -1.6982 -2.0961 0.8900 -0.8344 -3.3648 
36.7346 27.0641 -5.7549 -4.3725 3.7404 -3.2688 -6.0482 -1.3766 -2.0723 -2.2634 1.2818 -0.4929 -3.3469 
37.4171 27.2172 -6.6027 -4.8907 3.9930 -2.7962 -5.5724 -0.9494 -1.9187 -2.3114 1.3311 -0.2258 -2.8690 
36.7565 26.8871 -6.4019 -5.3614 2.9475 -3.3221 -5.4539 -0.8191 -1.9611 -2.4204 1.0094 -0.8444 -3.4221 
36.9311 27.3422 -5.8580 -5.0768 3.2624 -2.8096 -5.0651 -0.5765 -1.7476 -2.2919 1.2928 -0.3546 -3.2808 
37.7959 27.9822 -6.2561 -5.8618 2.8907 -2.7325 -5.1964 -1.1363 -1.9738 -1.8803 1.4105 -0.8825 -3.5944 
37.5207 27.5012 -6.5006 -5.3061 3.7447 -2.5168 -5.2296 -0.4913 -1.1350 -1.7067 1.5200 -0.1117 -2.7945 
37.9650 27.9693 -6.7067 -6.1601 3.2729 -2.3273 -5.2965 -0.9619 -1.2207 -1.3316 1.7592 -0.2291 -3.0145 
38.0730 27.3246 -7.7365 -6.2161 3.1871 -3.0278 -5.2967 -0.5732 -1.7461 -2.0336 1.5213 -0.8915 -3.8642 
38.9724 27.8727 -7.9185 -5.9187 3.8616 -2.6682 -4.8956 0.0358 -1.5514 -2.0980 1.8678 -0.4026 -3.5965 
38.9077 27.5775 -8.4052 -6.2097 3.7565 -2.9138 -5.2957 -0.2333 -1.7112 -2.6316 0.9188 -0.9634 -3.5739 
39.4524 28.1612 -8.1858 -6.1633 3.9701 -2.4237 -4.7544 0.1748 -1.3037 -2.1301 1.3388 -0.5978 -2.9567 
39.1038 28.0140 -8.2155 -6.6638 3.7390 -1.8202 -4.2735 -0.0720 -1.6180 -2.0931 1.4899 -0.5205 -3.0007 
38.4143 27.5590 -8.1037 -6.9484 3.0485 -2.0089 -4.0406 -0.2607 -2.1202 -2.3630 1.1721 -1.0997 -3.3158 
38.5931 28.0956 -7.5944 -6.9765 3.2623 -1.2591 -3.6869 -0.2513 -1.7120 -2.0667 0.8741 -1.1822 -2.8557 
38.0000 27.4997 -7.9423 -7.5122 2.4976 -1.8965 -3.9592 -0.3629 -2.1544 -2.8034 0.3710 -1.6744 -3.8706 
37.9014 27.5771 -7.7841 -7.5996 2.6014 -1.4226 -3.6902 -0.3590 -2.0828 -2.9052 0.1399 -1.3848 -3.3195 
37.9226 27.2605 -8.1179 -6.9891 3.6749 -0.9897 -3.7782 -0.3678 -2.0592 -2.9647 0.1714 -1.2380 -3.1333 
37.3600 26.9417 -7.9236 -6.9288 3.8367 -0.4690 -3.6873 -1.0019 -2.5470 -3.0374 0.0207 -1.2086 -2.5530 
37.4656 26.6724 -8.3681 -6.5060 4.8313 0.0386 -3.6848 -1.0429 -2.7719 -3.5857 -0.4533 -1.2412 -2.2536 
37.6316 26.7953 -8.2944 -6.1499 5.4392 0.4407 -3.7662 -1.4717 -3.2934 -3.9866 -0.5609 -0.9884 -1.6926 
38.5484 27.1338 -8.9388 -6.4449 5.0220 -0.6589 -4.2617 -0.8535 -2.7491 -3.9145 -0.5108 -1.1879 -2.3365 
36.8923 26.4635 -7.9363 -6.3832 4.6019 -0.1903 -3.9886 -1.1728 -2.5061 -3.5033 -0.8015 -1.4134 -2.1005 
36.0052 26.1900 -7.1705 -6.1444 4.5169 0.4090 -3.4476 -1.5851 -3.1053 -3.5342 -0.6537 -1.4292 -2.1591 
34.8301 25.8973 -5.8745 -5.6052 3.8603 0.1105 -2.9043 -0.8897 -2.7510 -3.6515 -0.9653 -1.4785 -1.9666 
33.1434 24.5624 -5.4475 -4.6371 4.2843 0.0973 -2.7830 -0.3597 -2.0318 -3.1861 -0.9549 -1.7721 -2.1896 
31.0038 22.0407 -6.1913 -3.7925 4.3154 -1.1722 -3.2640 -0.0529 -2.6076 -3.8424 -0.2416 -0.9471 -2.7707 
31.4913 21.3680 -7.5606 -2.9874 5.9977 -0.9913 -3.0310 1.5311 -1.6576 -4.2642 -0.2791 -0.3211 -2.6306 
33.3613 20.9652 -11.0469 -4.4548 6.2799 -1.8586 -3.8851 1.8891 -1.4636 -4.3459 0.0080 -0.4383 -3.1755 
33.0951 19.7882 -12.2763 -4.0169 6.8062 -2.6612 -4.3585 2.3776 -1.2820 -4.3368 0.2636 -0.7146 -3.5145 
31.2926 18.2410 -12.4967 -4.2115 6.3687 -2.9826 -4.8110 1.7957 -1.6963 -4.7081 0.0943 -0.3300 -3.1885 
30.6431 17.9929 -12.1134 -4.2801 6.1171 -2.6688 -4.3040 1.8807 -2.1344 -5.4034 -0.2339 -0.0950 -2.9207 
28.3484 16.9387 -10.4698 -3.2634 5.9378 -2.4660 -4.0403 1.7031 -1.7284 -4.2999 0.5139 0.1513 -2.9094 
28.2630 16.7977 -10.3232 -2.6192 6.3500 -2.8371 -4.4266 2.0440 -1.3516 -4.7748 -0.2658 0.0921 -2.5886 
28.1456 15.8619 -11.8479 -3.2062 6.3438 -3.4203 -4.9387 2.2826 -1.4492 -5.6915 -0.8002 0.1962 -2.9510 
29.1562 16.1477 -12.0598 -2.0285 7.2028 -3.7112 -4.1606 3.7287 -1.2452 -5.1520 1.3261 1.8219 -2.3767 
29.4482 15.3117 -13.5714 -1.9167 7.7118 -4.0518 -3.8300 4.4852 -1.8136 -6.0069 1.4957 1.8152 -2.9609 
30.5288 15.9534 -13.8571 -1.7759 7.9097 -4.7611 -4.4774 5.0749 -0.7272 -5.5687 1.2829 1.3367 -3.5708 
30.8594 16.2893 -13.6674 -1.5868 8.1328 -4.3625 -3.9489 5.2428 -0.9889 -5.6777 1.5154 1.5995 -3.3909 
30.3764 15.1920 -14.7074 -1.4007 8.9646 -3.8685 -3.4897 5.8229 -0.7158 -5.6052 1.4536 1.1142 -3.8863 
30.0322 15.0055 -14.7626 -1.8668 8.4601 -4.1569 -4.0104 5.2533 -0.8221 -5.6519 1.1618 1.1476 -3.4739 
30.6312 15.6118 -14.3882 -1.4071 8.8101 -4.1065 -3.9843 5.3675 -0.6185 -5.0158 2.1837 1.8469 -3.1777 
30.1742 14.8026 -15.0981 -1.4678 9.0188 -4.2734 -4.2880 5.4082 -0.3177 -4.7157 2.3336 1.7154 -3.4595 
30.0082 14.6179 -15.2542 -1.5582 9.1958 -3.9048 -3.9177 5.7971 -0.1631 -5.0523 2.0753 1.9817 -3.3496 
29.6474 14.0357 -15.7152 -1.7101 8.9431 -4.4416 -4.3954 5.3535 -0.7690 -5.5264 1.8847 1.8041 -3.4815 
30.5530 15.2312 -14.6985 -1.0202 9.0905 -4.6537 -4.4871 5.4931 -0.6978 -5.7316 1.6269 1.9579 -2.9680 
29.8835 14.7360 -14.8977 -1.4780 9.0622 -4.0842 -4.2091 5.6696 -0.0196 -5.1420 1.8172 2.2359 -2.7936 
29.7939 14.8952 -14.7531 -2.0742 8.2976 -4.3006 -4.5770 4.5523 -1.1748 -5.8450 1.1241 1.4622 -3.2196 
28.8148 15.4145 -12.8460 -2.2172 7.4992 -3.3625 -3.9687 3.5535 -1.5582 -5.1066 1.3450 1.2308 -3.0595 
33.2465 21.7483 -7.8822 -0.4674 7.1728 -3.9269 -5.0042 1.9800 -2.7042 -6.0871 -0.2473 -0.2997 -3.8957 
41.1385 27.7189 -10.4108 -4.7017 6.8998 -2.1447 -4.8449 1.0710 -2.0530 -3.9729 0.8728 -0.7067 -3.7346 
40.7291 27.7366 -10.1183 -5.3639 5.8609 -2.7155 -5.5499 0.1523 -2.4468 -4.1800 0.4376 -0.5960 -3.0498 
39.7843 27.3571 -9.6301 -5.4923 5.4943 -2.7406 -5.9146 -0.3285 -2.3563 -4.1477 0.1285 -0.6087 -3.0851 
39.6959 27.8884 -8.8423 -5.8613 4.9699 -1.7931 -4.5369 -0.0621 -2.4766 -3.5909 0.9032 -0.2409 -3.0133 
38.6478 27.6819 -8.0942 -6.2668 4.3106 -1.6856 -4.8617 -0.4810 -1.7305 -3.0647 -0.0172 -1.1605 -3.1437 
39.6289 28.5062 -8.1422 -6.4362 4.5792 -1.2108 -4.8351 -1.1877 -2.4549 -2.9127 0.6799 -0.8658 -3.2729 
37.6411 27.4844 -7.1965 -6.4412 3.4760 -1.7304 -4.8237 -1.0272 -2.0223 -2.9852 -0.0840 -0.9655 -2.5696 
37.5000 26.9647 -7.9410 -6.7139 3.6503 -1.6794 -5.2590 -1.9960 -3.0379 -3.4114 -0.1876 -1.3967 -3.1189 
36.8492 27.4316 -6.0079 -5.8176 3.4186 -1.0447 -3.6536 -0.7923 -2.4800 -2.9904 0.1338 -1.2709 -3.1414 
33.6861 24.6985 -5.6335 -4.3904 3.5177 -2.1140 -4.2481 -0.6233 -2.6744 -3.6578 0.0425 -0.8829 -3.3345 
33.7948 24.0828 -6.0382 -2.8662 4.8682 -2.3510 -3.8268 0.8382 -2.2711 -4.0430 -0.0736 -1.7199 -4.8548 
33.0201 23.5421 -5.5949 -2.1029 5.1660 -2.5348 -3.9623 0.9803 -2.2099 -4.2414 0.0528 -0.8472 -3.9031 
31.3343 22.4914 -5.0987 -2.0918 4.5868 -2.6859 -4.0592 0.6563 -2.1096 -3.9074 -0.0516 -1.1051 -4.0593 
31.9657 22.9051 -5.5642 -2.7038 4.6052 -2.5815 -4.5113 0.4237 -1.6004 -3.6236 -0.3500 -1.0718 -3.6407 
33.4644 25.2971 -4.2790 -3.8854 3.6064 -1.5316 -4.0296 -0.8988 -2.0757 -2.4501 0.2705 -1.3978 -3.2012 
34.4055 25.9542 -4.6806 -4.4930 3.4933 -1.1598 -3.6280 -0.9032 -2.3176 -2.6478 -0.3098 -2.4538 -3.7319 
35.1430 26.1071 -5.6422 -5.1018 3.6848 -1.0258 -3.9337 -1.3026 -2.5500 -2.7264 -0.3789 -2.5940 -3.8556 
33.9837 25.6562 -4.7671 -4.6974 3.7322 -0.4024 -3.5151 -1.7055 -2.7783 -2.2090 0.1832 -2.5152 -3.9913 
32.9570 24.2481 -5.2751 -3.6727 4.8432 -0.4385 -3.5924 -0.9866 -2.4313 -2.7566 0.0741 -1.6170 -3.3687 
32.8149 24.2074 -5.3251 -3.9506 4.9308 0.2329 -3.0544 -0.7629 -2.1499 -2.7380 -0.3996 -1.9247 -3.4729 
31.9984 23.4685 -5.2026 -3.2375 5.6607 0.6434 -2.9614 -0.8532 -2.3447 -3.0105 -0.6127 -1.9208 -3.3771 
31.5534 22.6992 -5.7145 -2.9838 5.9499 0.3299 -3.3200 -0.9288 -2.4967 -3.2006 -0.6677 -2.0471 -3.5267 
30.8178 22.3209 -5.1921 -2.4364 6.2128 0.5015 -3.2236 -0.8514 -2.4578 -3.2989 -0.5593 -1.5169 -3.1209 
30.9505 22.5002 -4.9632 -2.2322 6.1977 0.5176 -2.8566 -0.4776 -2.3644 -3.0961 -0.0650 -1.0743 -2.8475 
30.2915 22.0275 -5.1346 -2.7911 5.7533 0.3829 -3.4796 -1.3951 -2.7943 -3.3881 -0.5342 -1.2164 -2.8284 
30.1316 22.1698 -4.5501 -2.2924 6.1834 1.0493 -2.8013 -1.0367 -2.6580 -3.2655 -0.3232 -0.8754 -2.5015 
30.0628 21.9042 -4.8425 -2.1276 6.4885 0.6583 -3.6833 -1.3151 -2.2271 -3.1254 -0.7272 -1.1138 -2.4716 
30.0372 21.9858 -4.6454 -2.2009 6.0651 0.5722 -3.1392 -0.9804 -2.4933 -3.1416 -0.1701 -0.7522 -2.4953 
30.6319 22.5203 -4.5622 -2.1721 6.2013 0.6444 -3.1601 -0.9934 -2.4821 -3.0539 0.0615 -0.5278 -2.4467 
29.4773 21.8664 -4.0380 -1.9169 6.0268 0.6815 -3.1536 -1.2572 -2.6651 -3.0849 -0.0122 -0.7525 -2.9457 
30.8307 21.2702 -6.0310 -0.6866 7.6346 -0.6993 -3.9824 -0.0403 -2.6402 -3.9099 0.4918 -0.5440 -3.9140 
29.3371 20.6161 -4.9304 -0.1927 7.0644 -0.8758 -3.4513 0.3177 -2.9708 -4.5296 0.4684 0.0764 -3.5903 
31.2963 19.6486 -7.9179 1.5146 8.8545 -3.4864 -3.8807 4.0388 -2.1361 -6.8824 0.2582 1.0993 -4.0445 
31.2350 18.8882 -8.2378 3.1797 9.9249 -4.6975 -4.8674 4.3353 -2.1792 -7.3806 -0.0384 0.7029 -4.2579 
31.4753 18.4326 -9.1340 3.4316 10.8223 -4.0310 -4.0350 4.9978 -2.2582 -7.3254 0.5009 0.8641 -4.2404 
30.6970 17.2915 -10.1496 2.9276 10.8055 -4.0503 -4.1952 5.1536 -1.5808 -6.5506 1.0058 1.1655 -4.0153 
31.6359 17.4565 -11.3942 2.1487 10.9669 -3.8202 -4.0122 5.5296 -1.2746 -6.5765 0.6243 0.6040 -4.3454 
31.7783 18.1482 -10.6276 1.9743 10.7318 -3.3093 -3.5750 5.7214 -0.7465 -6.2107 0.5335 0.9124 -3.7117 
31.7320 17.6543 -11.8318 0.6398 9.7347 -4.2417 -4.7608 4.5641 -1.5787 -7.0448 -0.7510 -0.6248 -4.8391 
32.3346 18.0762 -11.8592 1.5198 12.2979 -1.6119 -3.9494 4.2634 -1.3252 -6.2835 -0.0822 0.2673 -3.7310 
32.6310 18.4942 -12.1010 0.0007 10.3672 -3.0814 -5.2873 3.0143 -1.9444 -6.5776 -0.7326 -0.5880 -4.5206 
34.5271 20.2906 -12.4914 -1.4864 10.7238 -0.9007 -4.3826 2.1026 -2.4384 -6.3969 -1.1298 -0.9789 -3.7274 
35.5269 22.5537 -10.5174 -2.2090 9.3513 -0.1434 -3.1755 1.8078 -2.8805 -5.9187 -0.5724 -0.6767 -3.3670 
36.8210 24.2661 -10.0594 -3.2422 9.2153 1.1587 -2.8911 0.8692 -3.1189 -5.7964 -1.1246 -0.9326 -2.7696 
37.2842 25.4456 -9.1436 -4.1656 7.8877 1.3771 -2.3278 0.2757 -3.7790 -5.4279 -0.5659 -0.9726 -2.9079 
36.5535 25.0027 -9.4088 -5.5475 6.1426 0.3798 -3.0932 -0.5207 -4.2063 -6.0603 -1.8924 -2.1626 -3.4834 
36.7479 26.1090 -7.9049 -5.5082 5.3303 0.3395 -2.4528 0.4445 -2.8553 -5.0907 -1.7880 -2.1030 -2.9843 
36.9771 26.8661 -7.1102 -5.8035 4.6689 0.6208 -1.7802 0.6418 -2.5156 -4.2702 -1.4301 -2.4253 -2.9858 
36.2318 26.6477 -6.4380 -5.7439 3.8804 -0.1109 -2.1389 0.6027 -2.1717 -3.7944 -1.2711 -2.6983 -3.3184 
36.0929 26.7523 -5.8864 -5.3588 3.5827 -0.7102 -2.3919 0.6934 -2.1076 -3.9502 -1.6756 -3.1860 -3.6336 
35.2047 26.6443 -4.8257 -5.0648 3.1240 -0.9077 -2.5937 0.4478 -1.7591 -3.4938 -1.9207 -3.6443 -3.6883 
34.5583 26.4686 -3.9416 -4.3158 2.9668 -1.4446 -2.7594 0.6982 -1.5029 -3.3823 -1.7186 -3.3886 -3.8086 
34.0852 26.5897 -3.2324 -4.5981 1.9965 -1.9083 -2.9457 0.3436 -1.6723 -3.3423 -1.7507 -3.4182 -3.9096 
35.0951 26.8266 -4.0199 -4.3764 2.5914 -2.3723 -3.5078 0.6286 -1.2279 -3.0820 -1.4948 -3.4004 -4.0633 
35.5370 27.5356 -3.5603 -4.5667 2.3604 -2.0234 -3.0294 0.7544 -1.1250 -2.6679 -1.0093 -3.1438 -3.8725 
36.5775 27.2328 -5.2692 -4.4648 3.2980 -2.5712 -3.7753 0.9697 -1.3058 -3.5333 -1.4020 -2.9832 -3.7302 
36.8033 27.4118 -5.2519 -4.3440 3.6129 -2.2245 -3.5234 1.1238 -1.2041 -3.4120 -1.1936 -2.6620 -3.3182 
35.5257 27.4732 -4.2906 -6.1167 1.4129 -1.9017 -3.3705 -0.5129 -2.0946 -3.1203 -1.5733 -3.4368 -3.5585 
37.0164 27.9749 -5.1231 -5.4747 2.7299 -1.6956 -3.0176 0.6080 -1.7307 -3.2942 -0.7802 -2.1752 -3.0490 
36.3105 27.9007 -4.4894 -5.6901 2.3633 -1.2895 -2.9717 -0.0291 -1.7846 -2.8636 -0.9130 -2.5630 -3.0782 
36.1786 27.5802 -4.6950 -5.5535 2.3040 -1.5005 -2.8062 -0.0754 -2.5042 -3.2585 -0.6836 -2.7574 -3.6455 
36.0397 27.3128 -4.8287 -5.2968 2.5074 -1.7012 -2.7888 0.6297 -1.8643 -3.3840 -0.8948 -2.2142 -2.9186 
35.3074 27.2756 -4.0412 -5.2957 2.3923 -1.0168 -2.4190 0.2189 -2.1149 -3.3360 -0.8140 -1.9522 -2.8728 
35.1039 26.8380 -4.3297 -5.0477 2.5167 -1.4147 -2.6277 0.3624 -2.2636 -3.5932 -0.6214 -1.7500 -3.1317 
34.8380 26.8850 -3.8078 -4.8738 2.1734 -1.5088 -2.0830 1.0340 -1.9662 -3.4998 -0.3957 -1.5344 -3.2436 
35.0982 27.0028 -4.0502 -4.8865 2.9062 -0.6612 -2.3318 -0.2351 -2.9682 -3.8644 -0.7833 -1.8158 -2.8989 
34.2688 26.3956 -3.7109 -4.2418 3.2183 -0.7837 -2.5029 0.0508 -2.3098 -3.4498 -0.8501 -2.0339 -2.9550 
34.8079 26.3558 -4.4873 -4.4540 3.2634 -1.1427 -2.6668 0.0612 -3.0310 -4.5259 -1.2203 -1.9726 -3.3342 
34.4780 25.9578 -4.3557 -3.6911 3.6930 -1.4031 -2.6693 0.6660 -2.4942 -4.2669 -0.9915 -1.8212 -3.2022 
32.5839 25.0037 -3.6308 -4.2226 2.3080 -1.6414 -2.5762 -0.1117 -3.3592 -4.7105 -1.4237 -2.2074 -3.5616 
31.7964 24.4342 -3.5658 -4.2228 2.3761 -1.2452 -2.3227 -0.0763 -3.0896 -4.4467 -1.7353 -2.8860 -3.9772 
31.5387 24.4027 -2.8626 -3.0885 3.2847 -0.5747 -1.3996 1.0115 -2.3549 -4.0337 -1.2347 -2.2497 -3.3651 
30.5313 23.3943 -2.9780 -2.6192 3.5515 -0.9047 -1.9656 0.5741 -2.8389 -4.5334 -1.1653 -1.7356 -3.6168 
30.7522 22.5433 -4.6619 -2.7034 4.6274 -0.5947 -1.9628 1.2807 -2.1780 -4.3289 -0.4730 -0.4788 -2.9933 
27.0500 20.3129 -2.8856 -1.4835 3.6611 -1.5193 -1.8633 1.9780 -1.0086 -3.4787 -0.7829 -1.0620 -2.8041 
25.2056 19.1029 -2.4145 -1.4112 3.2711 -1.0609 -0.8798 2.6396 -0.4385 -2.8474 -0.4683 -1.0887 -2.8493 
24.1770 18.1489 -2.4366 -0.8897 3.8585 -0.7365 -1.1575 1.8072 -1.2213 -3.1672 -0.3927 -0.5762 -1.9016 
24.0456 17.5324 -3.4191 -1.2259 4.2122 -0.7576 -1.8758 1.0067 -1.9288 -3.9123 -0.9176 -0.9345 -2.4500 
22.8593 16.6227 -3.0796 -0.8672 3.4563 -1.9832 -2.2482 1.4253 -1.7994 -4.3826 -1.4593 -1.3185 -2.8568 
21.8471 15.7022 -3.4741 -1.2248 3.6276 -1.4013 -2.4089 0.7787 -1.7302 -3.8764 -1.1609 -0.6785 -1.7740 
21.4082 15.0219 -4.0579 -1.3915 3.8691 -0.8434 -1.5489 1.5335 -1.5733 -4.0371 -1.0900 -0.5266 -1.8167 
20.7886 14.4866 -4.0095 -1.2714 3.4936 -1.6937 -2.5578 0.7180 -1.7790 -3.7435 -0.9963 -0.7418 -1.9206 
30.8232 17.3391 -13.7967 -4.8060 7.9847 -0.2651 -3.8891 0.7825 -2.1839 -4.0448 0.4834 -0.5261 -3.2127 
33.6413 17.8065 -16.0714 -3.5216 10.6132 -0.8781 -4.7943 1.9828 -1.7049 -4.6754 0.8794 0.2249 -3.0934 
32.7337 16.6120 -17.1157 -4.2755 10.4744 -0.6304 -4.9008 1.6175 -1.4391 -3.7651 1.6376 0.7800 -2.3853 
32.6018 16.7065 -16.8558 -4.6695 9.3714 -1.5043 -5.2345 0.8673 -3.2220 -5.7804 0.2735 -0.1673 -3.2941 
32.4367 17.0185 -16.5186 -5.4546 8.5925 -1.2127 -4.6717 1.5348 -1.9785 -4.7262 0.6509 0.2070 -2.9511 
31.6609 16.4775 -16.7980 -6.6261 7.1732 -1.8106 -5.0629 0.6703 -2.9205 -5.6306 -0.3419 -0.3642 -2.9230 
31.6771 17.3767 -15.3458 -6.2522 7.2063 -0.9517 -4.1490 1.2096 -2.2537 -5.2793 -0.7678 -0.9580 -3.5045 
30.1319 17.2129 -13.3407 -5.4777 6.6343 -0.8637 -3.7915 1.0414 -2.0993 -4.5216 0.1163 0.1469 -2.5982 
29.2644 17.5266 -11.8485 -5.7515 5.3273 -1.0030 -3.5885 0.5107 -2.5772 -4.9246 -0.9323 -0.9136 -2.8041 
30.1648 20.5191 -7.5218 -3.2399 6.6922 0.7947 -2.6905 0.3751 -1.9656 -4.0383 -0.9921 -1.0736 -2.6613 
33.5027 24.0166 -6.6464 -4.0206 6.5644 1.9745 -2.1826 -1.1706 -4.0075 -4.8538 -1.2403 -1.5507 -2.5902 
35.3948 24.4264 -8.7629 -5.1052 6.5887 1.3130 -2.7207 -0.9907 -4.3012 -5.3152 -0.7027 -0.8051 -2.5435 
34.6693 24.8030 -7.5344 -5.5908 5.8938 2.3540 -2.0237 -1.8669 -4.6494 -4.5113 -0.4126 -1.3326 -2.9112 
32.7644 23.7884 -6.2577 -4.5776 5.5086 1.6702 -2.2664 -1.8256 -4.6584 -4.9505 -1.2347 -2.0162 -3.3456 
33.0286 23.9201 -6.6195 -5.0706 5.5986 2.4505 -1.5215 -1.6452 -4.7592 -4.8778 -0.9406 -1.6420 -2.9180 
33.4194 24.2797 -6.8551 -5.8205 5.0518 2.3228 -1.7105 -1.8184 -4.3679 -4.1345 -0.5488 -1.7349 -3.1949 
31.6069 22.8741 -6.4248 -4.9907 5.3230 2.3536 -1.6928 -1.9365 -4.5101 -4.2592 -0.8389 -2.0390 -3.1894 
33.0738 24.3565 -6.1827 -5.7150 4.2851 1.5387 -2.0154 -1.9164 -4.5924 -4.6296 -1.2525 -2.3345 -3.5231 
30.4256 22.2294 -5.4276 -3.8874 5.2556 1.8171 -1.3992 -0.7988 -3.4695 -3.9106 -1.0593 -2.3270 -3.1667 
33.3990 24.4728 -6.6423 -6.3151 3.9274 1.3458 -2.1733 -1.9486 -4.4977 -4.6449 -1.5624 -2.8598 -3.9767 
29.3981 21.4939 -5.4523 -4.3875 4.3739 1.2611 -1.6753 -0.7763 -2.9458 -3.2561 -0.7109 -2.4540 -3.9055 
31.3885 23.2206 -5.8288 -5.9580 2.8395 -0.0539 -3.0525 -2.1164 -4.0698 -4.1860 -1.4237 -3.0666 -4.7979 
27.6654 20.5047 -4.3054 -3.5527 3.3325 -0.1573 -1.6893 0.2319 -2.1465 -3.0683 -0.8414 -2.4394 -3.7069 
29.9869 22.8451 -3.5394 -3.3372 3.5346 -0.6122 -2.8974 -0.7084 -2.2529 -2.8627 -0.8684 -2.6963 -3.9672 
27.5334 20.5061 -3.5155 -1.9804 4.3226 -0.4919 -2.2119 0.3999 -1.9605 -3.3510 -0.9896 -2.0157 -3.0405 
27.7115 21.2375 -2.7216 -2.3183 3.3579 -1.3462 -3.5552 -1.4431 -3.1289 -3.3695 -0.4818 -1.9373 -4.0966 
26.7943 20.2437 -2.6872 -1.2050 4.3630 -1.0128 -2.8208 0.1969 -1.8136 -3.1078 -0.2017 -0.7834 -2.9470 
25.7019 19.4635 -2.4076 -1.0626 3.9639 -1.0616 -2.2941 0.5119 -1.8210 -2.9097 0.0055 -0.9513 -3.0957 
24.3290 17.8698 -3.1815 -1.2095 3.7399 -1.5839 -2.5580 0.7159 -1.7418 -3.2001 -0.1805 -0.9661 -3.3779 
23.3879 16.3555 -4.4614 -1.4305 4.0425 -1.9370 -3.4492 0.2644 -1.5763 -2.9784 0.0109 -0.3196 -2.3266 
22.6367 14.9470 -5.9962 -2.1338 4.1745 -1.5431 -2.8066 1.1099 -1.0869 -3.0958 -0.4463 -0.9037 -2.8627 
22.7761 15.1150 -5.7125 -1.6277 4.5040 -1.7114 -3.1800 0.8161 -1.3529 -3.1009 0.2558 0.2756 -2.0319 
21.3074 13.8654 -5.8140 -1.6199 4.5415 -1.0203 -2.3996 0.5801 -2.3990 -3.8976 -0.0604 -0.1074 -2.4477 
20.8804 13.8855 -5.1798 -1.4633 4.2059 -1.2105 -2.3225 1.0219 -1.6279 -3.4072 0.0604 0.2996 -1.8390 
19.5663 12.2826 -6.4692 -2.6166 3.5878 -1.0450 -2.0608 0.8154 -1.8788 -3.2029 0.5566 0.7440 -1.6397 
19.4100 12.6495 -5.1412 -1.4266 3.5946 -1.5093 -1.8406 1.3997 -1.6094 -3.0848 0.3812 -0.1526 -2.5029 
18.9903 12.2839 -5.2483 -1.4916 3.7125 -1.2707 -1.8184 1.4279 -1.2564 -2.8040 0.3395 -0.1076 -2.3321 
18.4298 11.3865 -6.1266 -2.0294 3.3360 -1.7719 -2.0596 1.8723 -0.6245 -2.7796 -0.2104 -0.5684 -2.3045 
17.9614 11.2742 -5.5241 -1.7332 2.8728 -2.2113 -1.8794 2.2106 -0.6743 -3.0124 -0.2357 -0.5580 -2.6892 
17.7714 11.0416 -5.6586 -1.5427 3.4941 -1.8573 -2.4641 1.3571 -0.7749 -2.4890 0.4003 0.2348 -1.8861 
17.8009 11.1593 -5.7165 -1.8285 3.7752 -1.0376 -2.3212 0.6032 -1.5179 -3.0207 -0.2178 -0.1951 -1.7798 
17.6133 10.7398 -6.0738 -1.9131 3.2709 -2.0172 -2.4915 1.7591 -0.0104 -1.9295 0.4068 -0.0954 -2.1282 
16.9508 10.2384 -5.9211 -1.7005 3.2643 -1.9147 -2.2452 1.6093 -0.8119 -2.9085 -0.2888 -0.6648 -2.8155 
17.2655 10.5682 -5.9356 -2.0507 3.0060 -1.7566 -1.9604 1.6135 -0.9342 -2.7588 0.2233 0.1545 -1.7915 
16.5793 10.1561 -5.8227 -2.4125 2.2656 -2.2203 -2.3745 0.9632 -1.4782 -3.1214 -0.1213 0.0761 -1.6545 
15.7131 8.8746 -6.6194 -2.0353 3.1809 -1.7190 -2.1686 1.1781 -1.3641 -2.8625 0.4929 0.4437 -1.8330 
15.9120 9.2814 -6.2529 -2.1740 2.7215 -1.8466 -1.8751 1.5056 -1.0734 -2.5660 0.5240 0.2402 -1.6631 
16.1244 9.4811 -6.1610 -1.8896 3.1787 -1.9034 -2.6296 0.9154 -1.1974 -2.9574 -0.2058 -0.2657 -2.3198 
15.4832 8.9848 -6.3834 -2.6408 2.3189 -1.9750 -2.2198 1.3078 -0.3841 -1.7203 0.4607 -0.3465 -2.1350 
16.1160 9.5089 -6.3424 -2.6062 2.4076 -1.9291 -2.0334 1.4234 -0.7928 -2.2364 0.5818 0.2036 -1.6584 
15.1744 8.3881 -6.8808 -2.4346 2.9905 -1.3826 -1.5708 2.0007 -0.3619 -2.4287 -0.0087 -0.2454 -2.1530 
15.9537 9.3210 -6.3159 -2.2445 2.8721 -1.6521 -1.8208 1.7430 -0.7410 -2.8106 -0.0821 0.1420 -1.5036 
15.7444 9.0724 -6.4426 -2.3327 2.6945 -1.7925 -1.8577 1.6254 -0.8059 -2.5782 0.0135 -0.2640 -1.7865 
15.3432 8.9116 -6.0796 -1.8442 3.3989 -1.0189 -1.6893 1.3039 -0.8693 -2.3413 0.3099 0.2454 -1.3146 
15.0391 8.3596 -6.8941 -2.7598 2.7269 -1.3247 -1.7270 1.4801 -0.5923 -2.2013 0.2122 -0.0548 -1.7811 
15.2588 8.7595 -6.2309 -1.9964 2.9719 -1.7625 -2.1020 1.6206 -0.5452 -2.7589 -0.5582 -0.6259 -2.1665 
15.1615 8.8769 -6.0527 -2.3323 2.4508 -1.9808 -2.1837 1.6627 -0.1351 -2.1343 0.1180 0.1083 -1.7874 
14.6617 8.5084 -5.7176 -1.6590 2.9466 -1.4963 -1.6378 1.6567 -0.6233 -2.2243 0.3140 -0.0745 -1.8970 
15.0635 8.9119 -5.8500 -2.3782 2.1520 -1.9915 -1.9471 1.3967 -0.8884 -2.5295 0.1719 0.0775 -1.7380 
14.8674 8.9247 -5.2648 -1.4337 3.1043 -1.1963 -1.2917 1.9203 -0.6453 -2.6317 0.1285 0.5311 -1.1407 
15.0856 9.1900 -5.2078 -1.6275 2.9020 -1.3402 -1.5583 1.6527 -0.5862 -2.3375 0.1888 0.1028 -1.7814 
13.8906 8.0094 -5.7099 -1.9906 2.7964 -1.1142 -1.7531 0.9875 -0.6726 -1.7585 0.5413 0.4564 -0.7200 
13.5388 8.0468 -5.1375 -1.9361 2.2057 -1.5289 -1.7076 1.1156 -0.6874 -1.8354 0.4505 0.2323 -1.0962 
14.2230 8.8345 -4.8339 -2.0616 2.0044 -1.7192 -1.9357 0.9116 -1.1607 -2.8739 -0.6182 -0.3102 -1.3096 
14.0247 8.3958 -5.2669 -2.0553 2.2379 -1.6559 -1.9261 1.0911 -0.7768 -2.2689 0.0474 0.0710 -1.3716 
14.2969 8.8386 -4.8139 -1.6835 2.6265 -1.3046 -1.7958 1.2316 -0.3154 -1.8540 -0.1549 -0.6628 -2.1839 
13.0972 7.4349 -5.4160 -1.6449 2.4445 -1.9550 -2.3659 0.7916 -0.9937 -2.5688 -0.5276 -0.6783 -1.7928 
13.1679 7.8458 -4.8283 -1.3909 2.8682 -0.8734 -1.3280 1.1303 -0.9906 -2.3190 0.0830 -0.0516 -1.6228 
12.0751 6.4631 -5.9511 -2.3589 2.1833 -1.0635 -1.1696 1.4215 -0.5117 -1.8337 0.0240 -0.7617 -2.5561 
12.1001 6.5842 -5.9279 -2.7976 1.4928 -1.4819 -1.1003 1.8817 0.0063 -1.6114 0.1703 -0.0073 -0.9816 
13.4045 7.5632 -5.7248 -1.9488 2.4395 -1.6175 -1.6733 1.6362 -0.3218 -2.0585 -0.0055 -0.3320 -1.9565 
13.5036 7.4770 -6.2428 -2.5542 2.2108 -1.6401 -1.9396 1.3188 -0.2454 -1.7769 0.1254 -0.1852 -1.6240 
12.2842 6.2185 -6.6842 -2.4797 2.5455 -1.3646 -2.1057 0.7136 -1.0730 -2.5824 -0.2897 -0.2303 -1.7464 
12.5914 6.9490 -5.7984 -2.4058 1.6308 -2.2076 -2.2256 0.8498 -1.0247 -2.4723 -0.2551 -0.3415 -1.5177 
13.0212 7.6584 -5.3009 -2.3973 1.8646 -1.3938 -1.4642 1.4326 -0.2444 -1.7230 0.2826 0.2716 -1.0683 
12.5301 7.0509 -5.8412 -2.8840 1.6502 -1.5210 -2.0091 0.6119 -0.9102 -2.4686 -0.7648 -0.5650 -1.4070 
12.8138 7.3402 -5.1545 -1.4256 2.7874 -1.1948 -1.6327 1.0757 -0.7339 -1.8810 0.3246 -0.0775 -1.5339 
13.0039 7.8213 -4.8580 -1.9847 2.0197 -1.3812 -1.4715 1.3287 -0.4867 -2.0677 -0.2099 -0.2968 -1.3900 
12.5275 7.4455 -4.7555 -1.7571 2.1639 -1.2266 -1.3816 1.1794 -0.6142 -1.7136 0.4655 -0.0267 -1.8796 
11.4540 6.2210 -5.4362 -2.0641 2.0603 -1.2404 -1.3295 1.4799 -0.1148 -1.5304 0.2004 -0.0493 -1.2198 
12.1623 6.7447 -5.4037 -1.7768 2.4280 -1.3198 -1.5572 1.3754 -0.3307 -1.6181 0.6191 0.3507 -1.3071 
12.8399 7.5339 -5.0405 -1.7497 2.5761 -0.8413 -1.1384 1.3626 -0.6571 -2.0352 0.2469 0.2149 -1.2749 
12.4467 7.1697 -5.2927 -2.2553 2.0657 -0.9226 -0.9567 1.5184 -0.3930 -1.5382 0.7549 0.5222 -1.1060 
12.9728 7.6119 -5.1303 -1.9201 2.2595 -1.3392 -1.4495 1.5617 -0.3126 -2.1021 -0.1748 -0.1588 -1.4385 
12.5325 6.6139 -6.4874 -2.9682 1.6366 -1.6862 -1.5795 1.3801 -0.3613 -1.3109 1.1322 0.5361 -1.3585 
13.0451 7.5449 -5.3103 -1.9648 2.2317 -1.4054 -1.6398 0.8092 -1.4499 -2.7472 -0.2398 -0.1762 -1.3722 
12.6407 7.2574 -5.1450 -1.7845 2.0000 -1.9187 -1.9281 0.9331 -1.2225 -2.5488 0.0639 -0.1386 -2.0964 
12.6236 7.3079 -5.0550 -1.7290 2.2085 -1.5200 -1.5634 1.3445 -0.6264 -2.2013 -0.0616 0.0064 -1.2108 
13.4301 7.7504 -5.4572 -1.8028 2.7265 -1.2009 -1.7366 1.0177 -0.8081 -2.0566 0.2569 -0.0597 -1.8078 
13.1438 7.2462 -5.9712 -2.1432 2.3829 -1.5158 -1.6242 1.4423 -0.5807 -1.9743 0.4929 0.1861 -1.6276 
13.3496 7.8051 -5.0622 -1.3336 2.8078 -1.5003 -2.0068 0.9019 -0.8761 -1.9769 0.4722 -0.0371 -1.9571 
13.2724 7.4963 -5.8327 -2.2622 2.4755 -1.0593 -1.4006 1.2795 -0.6732 -1.9917 0.3142 0.0499 -1.6381 
13.3458 7.6753 -5.4212 -1.6521 2.7978 -1.4786 -2.1339 1.0446 -0.5430 -2.2018 -0.0653 0.2113 -1.0173 
12.8085 7.0897 -5.9701 -2.6200 1.7656 -1.8295 -2.1523 0.4142 -1.5001 -2.4458 0.1497 -0.3025 -2.2924 
13.4708 7.9021 -5.1345 -1.3653 3.1458 -1.0131 -1.7216 1.3429 -0.1067 -1.7262 -0.1273 -0.4465 -1.6723 
12.5589 7.0673 -5.6739 -2.4300 2.0568 -1.3699 -1.9169 0.7091 -0.7389 -1.8661 0.2401 0.2757 -0.9918 
13.2654 7.4089 -5.9264 -2.0636 2.9233 -0.8592 -1.6688 0.9146 -0.8463 -2.1172 0.1584 0.0183 -1.5334 
13.8855 8.3051 -5.2779 -2.2102 1.9733 -1.8301 -2.0125 0.9569 -1.0248 -2.5869 -0.1829 -0.0859 -1.8823 
13.5616 8.2845 -4.7165 -1.6414 2.4675 -1.2267 -1.6301 0.8978 -1.1162 -2.4758 -0.0695 0.1734 -1.0833 
13.7113 8.2613 -4.7946 -1.3532 2.7147 -1.2074 -1.3865 1.1769 -1.1463 -2.2867 0.3227 -0.2319 -2.1171 
13.2890 7.9092 -5.1348 -2.0837 2.2689 -1.0168 -1.2051 1.3121 -0.6879 -1.9891 0.1872 -0.1793 -1.8451 
14.2391 8.2325 -5.7350 -1.8834 2.6925 -1.8337 -2.4107 1.1975 0.0417 -1.3401 0.4987 0.1452 -1.1091 
13.9312 8.0863 -5.6751 -1.9887 2.9528 -0.8187 -1.4220 1.4021 -0.3907 -1.9241 0.1478 0.0754 -1.2384 
