14.5286 9.4566 -3.9671 -1.1575 2.9680 -0.8000 -1.5169 0.8776 -0.9651 -2.3443 -0.3662 -0.5403 -1.8392 
14.6757 9.8349 -3.2453 -0.5902 2.5449 -1.9253 -2.1349 0.8819 -1.2590 -2.9184 -0.4661 -0.2936 -1.7539 
15.5682 10.5492 -3.5020 -1.2021 2.3338 -1.6751 -2.0324 0.5320 -1.4417 -2.4798 0.0461 -0.0408 -1.3177 
15.0245 9.8287 -4.0107 -1.5718 1.7168 -2.4349 -2.4202 0.4005 -1.7806 -2.9454 -0.4598 -0.9247 -2.4471 
15.0993 9.8662 -4.0464 -1.3544 2.4063 -1.7532 -2.1499 0.7553 -0.9509 -2.0843 0.1735 -0.2580 -1.7832 
14.3757 9.3218 -3.8939 -1.2145 2.1627 -2.0587 -2.4007 0.2409 -1.7747 -2.8391 -0.2970 -0.5799 -2.0399 
14.8362 9.5148 -4.1798 -1.0615 3.0240 -0.9853 -1.3886 1.1418 -1.1676 -2.5581 -0.0779 -0.1869 -1.5188 
14.9038 9.6954 -4.0602 -1.1807 3.0300 -0.6613 -1.1000 1.3219 -0.8411 -2.1704 0.1680 -0.1317 -1.8705 
15.1745 10.0950 -3.6165 -0.8703 2.8333 -1.3890 -1.9101 0.8070 -1.0604 -2.4201 -0.4685 -0.9062 -2.0237 
15.4971 10.1432 -4.1452 -1.3045 2.9316 -0.8972 -1.1724 1.5714 -0.7468 -2.5008 -0.2676 -0.4871 -2.1889 
14.3824 9.1075 -4.2340 -1.1243 2.7064 -1.3293 -1.3526 1.6687 -0.4580 -2.1078 -0.1651 -0.8649 -2.5746 
14.4018 9.2567 -3.8939 -0.8335 2.7086 -1.5384 -1.5679 1.5439 -0.4531 -2.0516 -0.1428 -0.5626 -1.6681 
14.4071 9.1384 -4.4170 -1.7243 1.9177 -2.0330 -1.9048 1.3990 -0.4986 -2.3047 -0.4732 -0.7585 -2.1005 
14.4148 9.0198 -4.2976 -0.8677 2.9782 -1.3077 -1.5024 1.1333 -1.4367 -2.8833 -0.3626 -0.7119 -2.0038 
13.7969 8.6323 -4.3526 -1.5905 1.7969 -2.1536 -2.0404 0.6767 -1.7501 -3.0486 -0.1489 0.1184 -1.1298 
14.9841 9.9788 -3.5485 -0.9434 2.4268 -1.9099 -2.2310 0.5552 -1.7128 -3.3774 -0.9259 -0.6140 -1.7210 
14.5321 9.0358 -4.8412 -1.8736 2.1565 -2.2158 -3.0127 -0.0083 -1.4378 -2.7165 -0.4913 -0.4437 -1.8056 
15.4128 10.1185 -3.8311 -0.6187 3.5184 -0.8635 -1.5170 1.4085 -0.4732 -2.0792 0.0160 -0.0932 -1.3862 
16.4693 10.8188 -4.3685 -1.3244 3.4357 -0.4585 -0.8871 1.9943 -0.3589 -2.3751 -0.0674 0.2390 -1.0559 
15.0444 9.7260 -4.4180 -1.9531 2.0163 -1.5284 -1.5454 1.1061 -1.2109 -2.8283 -0.6503 -0.7862 -1.9734 
14.4212 9.0924 -4.3729 -1.3767 2.1964 -2.2838 -2.5529 0.6755 -1.1507 -2.6050 -0.1367 -0.0026 -1.3990 
19.2809 10.9690 -8.2929 -2.6345 4.7844 -1.5407 -4.0042 0.3783 -0.7870 -3.2581 -0.9278 -0.2089 -1.6349 
15.8608 10.0489 -4.8448 -1.5496 2.7988 -2.1297 -2.9851 0.7007 -0.7930 -2.7831 -0.5485 -0.0208 -1.3771 
15.1176 9.5255 -4.5028 -1.0930 2.9615 -1.6283 -2.1342 0.9166 -1.0266 -2.4143 -0.1200 -0.5398 -2.0782 
14.6311 8.9291 -5.0833 -1.8961 1.9516 -2.7734 -3.3241 0.0260 -1.5737 -3.1934 -1.2811 -1.4298 -2.4468 
14.7306 9.5378 -4.0084 -1.0754 2.7382 -1.4673 -1.8245 1.1893 -0.7699 -2.5420 -0.5287 -0.5996 -2.0171 
16.9660 10.9430 -5.0444 -1.9886 3.0423 -1.1616 -2.4116 -0.2166 -2.4238 -3.5253 -0.5450 -0.3132 -1.8345 
14.5825 9.4862 -3.9634 -1.4559 1.8699 -2.1756 -2.2751 0.2723 -2.0675 -3.2079 -0.4789 -0.5280 -1.6985 
15.1379 10.1026 -3.8305 -1.6433 2.0417 -1.4877 -1.4847 1.2285 -0.7498 -2.0552 0.0549 -0.4157 -2.0293 
14.5493 9.3506 -4.2115 -1.6568 1.7732 -2.2210 -2.0873 1.0237 -0.8800 -2.2150 -0.0843 -0.6450 -2.2569 
14.8023 9.8302 -3.8175 -1.6504 1.9008 -1.5555 -1.3987 1.3370 -0.7132 -2.2095 -0.3760 -0.7589 -1.7618 
14.6761 9.5033 -4.0330 -1.2093 2.6611 -1.1296 -1.2532 1.3548 -1.0313 -2.6053 -0.1991 -0.1256 -1.3317 
14.2217 9.1542 -3.9441 -0.9930 2.9847 -0.6442 -1.0647 1.0497 -1.1145 -2.1559 -0.0456 -0.5918 -1.6088 
15.0297 9.8972 -3.8526 -1.2476 2.3294 -1.8181 -2.1272 0.6262 -1.4170 -2.6880 -0.1351 -0.0991 -1.5363 
14.1441 9.1689 -3.7581 -1.0861 2.1354 -1.8085 -1.6109 1.1904 -0.8596 -1.8645 0.3729 -0.4103 -1.7236 
14.4490 9.6028 -3.4962 -1.1031 2.0492 -1.9765 -1.9689 0.9100 -1.0307 -2.2287 0.0627 -0.3862 -1.8869 
14.0574 9.0783 -3.8837 -1.2337 2.2219 -1.5503 -1.5677 0.9065 -1.3376 -2.2568 0.5055 0.0431 -1.9279 
15.2177 9.8424 -4.5212 -2.0852 1.9539 -1.7992 -2.1645 0.5283 -1.4436 -2.8871 -0.6549 -0.6729 -1.9080 
14.6057 9.8248 -3.4800 -1.3180 2.1546 -1.4545 -1.7416 0.6087 -1.3547 -2.3829 -0.0636 -0.4158 -1.8870 
21.8459 11.0547 -10.5253 -1.1580 6.6434 -2.5838 -3.3195 3.1231 -0.3467 -3.3673 0.5894 -0.2182 -2.7051 
35.6236 20.0967 -15.6990 -6.4091 5.4685 -4.6141 -5.0537 3.0118 -2.0523 -6.1438 -0.5641 -0.9971 -3.8543 
33.7775 20.6730 -12.1585 -5.4966 4.5818 -3.4027 -3.0114 3.8058 -1.5954 -5.9200 -1.0093 -0.9370 -3.2843 
27.7838 16.2523 -10.0557 -1.6621 6.6647 -2.6913 -3.0560 3.4473 -1.2061 -4.5883 0.3537 -0.2248 -3.3825 
24.5868 13.9261 -10.1850 -3.1310 4.5129 -3.1111 -2.7730 3.3081 -0.8384 -3.9497 0.4003 -0.0067 -2.6778 
21.2303 11.9892 -8.8587 -2.8933 3.3454 -3.2847 -2.2666 3.6224 -0.4201 -4.1317 -0.8364 -0.9742 -2.8392 
19.0148 11.3904 -7.0051 -2.7478 2.5498 -2.4535 -1.4307 3.0837 -0.7283 -3.8017 -0.8006 -0.9092 -2.4308 
18.3700 11.5085 -6.0820 -2.6324 2.7152 -1.4937 -1.2369 2.3529 -0.7175 -3.2360 -0.7198 -0.7157 -1.8808 
16.4587 10.3082 -5.3315 -1.9933 2.8663 -1.1343 -1.3302 1.3019 -1.9586 -4.2104 -1.4378 -0.9016 -1.6909 
16.2195 10.3730 -4.8618 -1.7620 2.8883 -1.0566 -1.1993 1.9003 -0.5777 -2.8401 -0.8950 -0.9478 -1.9935 
16.0633 10.3538 -4.8433 -2.1880 2.2659 -1.4685 -1.5913 1.3300 -1.1374 -3.1271 -0.7774 -0.6322 -1.8287 
19.5599 11.5044 -7.4553 -2.5045 3.3319 -2.1885 -1.7885 2.5867 -0.9444 -3.1990 0.7352 0.6687 -2.0386 
21.8118 12.3492 -9.5287 -3.9080 3.3836 -2.4206 -2.2551 2.6713 -0.6506 -3.0031 0.6270 -0.0568 -2.4766 
18.8062 11.8192 -6.0450 -2.3778 3.0755 -1.3063 -1.2325 2.0308 -1.1397 -2.8310 0.7428 0.6426 -1.7407 
16.5121 10.1261 -5.4133 -1.4113 3.2730 -1.4676 -1.5212 1.6829 -1.4156 -3.3895 -0.3669 -0.4181 -1.9848 
16.2544 9.9278 -5.6759 -2.0447 2.8255 -1.5801 -1.9004 1.4053 -0.7466 -2.3230 0.2384 0.0562 -1.4618 
16.2268 11.1416 -3.3549 -0.8351 3.2644 -0.7512 -1.6882 0.6132 -1.0390 -1.9092 0.2210 -0.3177 -1.6929 
14.2936 9.3247 -3.7558 -0.8896 3.0330 -0.7572 -1.2795 1.0246 -1.2147 -2.5956 -0.0520 0.1672 -1.2293 
14.4405 9.1305 -4.2356 -1.1045 2.4847 -2.0350 -2.4597 0.2920 -1.9326 -3.1756 -0.3544 -0.3200 -1.8023 
15.0589 10.0072 -3.7954 -1.5026 1.9861 -1.8178 -1.9135 0.6930 -1.3796 -2.6026 -0.4505 -0.8804 -2.0824 
15.0906 9.9518 -3.8467 -1.1791 2.6265 -1.3518 -1.8493 0.4932 -1.6816 -2.6986 -0.0101 -0.1863 -1.7187 
14.8183 9.7223 -3.9916 -1.5157 2.1946 -1.8271 -2.4171 0.1550 -1.6332 -2.6483 -0.0886 -0.2029 -1.7943 
14.4927 9.7132 -3.2993 -0.8055 2.4840 -1.4792 -1.5318 1.2634 -0.8358 -2.2623 0.0981 0.0607 -1.3634 
14.4916 9.4970 -3.8309 -1.4099 1.9266 -1.9702 -1.9570 0.7705 -1.4690 -2.9313 -0.5388 -0.5023 -1.8462 
14.3172 9.1885 -3.8736 -0.7799 2.7674 -1.4626 -1.6043 1.1677 -1.1113 -2.6061 -0.4201 -0.8582 -2.3265 
14.9835 9.9129 -3.8519 -1.5257 1.9629 -1.8137 -1.8627 0.5943 -1.8075 -3.0803 -0.6152 -0.9305 -2.3235 
15.1226 10.1699 -3.3996 -0.8965 2.5076 -1.4500 -1.4446 1.1335 -1.3810 -2.7534 -0.1116 -0.3154 -1.9571 
15.3866 10.6964 -3.1531 -1.4459 1.9978 -1.3265 -1.4543 0.6968 -1.5995 -2.7088 -0.1395 -0.1933 -1.5648 
15.0461 9.7621 -4.1282 -1.2869 2.6359 -1.4108 -1.7683 0.9543 -1.1970 -2.7697 -0.6515 -0.9509 -2.3481 
14.3101 9.2872 -3.9938 -1.4731 2.1553 -1.5996 -1.8854 0.5705 -1.4964 -2.6500 -0.0929 0.0971 -1.0945 
15.1088 9.5344 -5.0053 -2.4575 1.8162 -1.8687 -2.4184 0.0696 -1.7507 -2.8763 -0.7705 -1.1782 -2.3611 
16.9227 10.2282 -6.2460 -2.3394 3.1435 -1.7866 -2.9122 0.6695 -1.1171 -3.0323 -0.3174 0.0677 -1.8227 
18.6411 10.9609 -7.0725 -1.6380 4.9416 -1.2606 -3.0972 1.1379 -0.5938 -2.8484 0.1498 0.6265 -1.7503 
20.6264 10.6970 -9.8402 -1.2809 6.8437 -2.0499 -4.2284 2.2311 0.0793 -3.7733 -0.0725 1.4012 -1.3660 
23.0618 11.6677 -11.7790 -2.1228 7.5232 -2.3208 -4.9589 2.6298 0.4845 -4.5643 -1.1213 0.8102 -1.8983 
25.4478 12.5424 -13.0567 -1.7126 8.2991 -2.5972 -4.0986 3.8674 0.2408 -3.8220 1.3304 1.7131 -2.1261 
25.7585 11.6073 -14.9452 -2.2451 7.8265 -4.6468 -6.3607 2.1543 -1.2482 -4.2655 1.6873 1.3887 -2.4369 
26.5853 12.9321 -13.5736 -0.9824 9.3208 -3.2191 -5.8729 1.9535 -1.3328 -4.5191 0.8777 0.6482 -2.6209 
26.5769 12.2199 -14.7462 -1.1865 9.8820 -2.5859 -4.9076 2.8928 -1.0695 -4.1098 1.9976 1.1485 -3.5949 
26.8973 12.2524 -15.4787 -2.0433 9.6434 -2.5257 -5.1938 2.5265 -1.1496 -4.3299 1.4940 0.9705 -3.3108 
27.3011 12.3330 -15.8138 -2.2145 9.0195 -3.7089 -5.6065 3.0550 -1.0339 -4.8487 1.2666 1.1030 -3.5002 
28.4144 13.3765 -15.1310 -1.0378 10.0282 -3.5552 -5.4342 3.7891 -0.3590 -4.5169 1.3550 0.9118 -3.4727 
28.3444 12.9119 -15.6503 -0.7721 10.6507 -3.0251 -4.6065 4.6083 -0.1619 -4.3971 1.8352 1.1571 -3.5390 
28.1378 12.3966 -15.8805 -0.1568 10.9442 -3.6930 -5.0726 4.6871 -0.3544 -4.6890 1.9182 1.1494 -3.7569 
27.6940 11.7584 -16.6370 -1.1634 9.7528 -4.7991 -5.7763 4.3613 -0.9446 -6.0028 0.5537 0.5232 -4.2140 
29.5434 13.7267 -15.5918 -0.3806 10.3570 -4.3869 -5.1751 5.0116 -0.4178 -4.8974 2.4115 2.1668 -2.9948 
29.0882 13.1592 -15.8780 -0.3482 10.4413 -4.3812 -5.1359 5.1423 -0.1992 -4.8119 1.9033 1.2499 -3.3910 
29.1266 13.1479 -16.1119 -0.6397 10.6317 -3.7047 -4.6652 4.9578 -0.9348 -5.6453 1.6177 1.5248 -3.4290 
29.2065 13.2661 -16.3004 -1.3047 10.0555 -3.9531 -4.9102 4.9878 -0.1989 -4.7539 1.9402 1.4110 -3.5369 
29.2191 14.1632 -15.1202 -1.7477 9.0877 -4.0212 -5.4134 3.3649 -1.5880 -5.6342 0.9869 0.8972 -3.4321 
28.7409 14.9996 -13.0430 -1.1250 8.9960 -3.0386 -4.4255 3.7327 -0.5375 -4.0743 1.8979 1.5604 -2.6449 
35.5939 23.4463 -9.0624 -2.2682 7.3464 -2.5285 -4.8368 0.9809 -2.8365 -5.1839 0.0471 -0.9264 -4.1862 
38.7007 26.6542 -8.2564 -2.9547 6.6330 -3.1231 -5.8054 0.1460 -2.7552 -4.6537 0.1927 -0.9323 -3.8762 
39.7332 26.5443 -9.9988 -3.9004 6.2083 -4.0777 -6.1121 0.6285 -3.1769 -5.6853 0.0498 -0.6822 -4.0383 
39.3867 27.4734 -8.4766 -4.6131 5.1022 -3.3494 -5.5803 0.1849 -2.3683 -3.8947 0.7295 -0.6533 -3.4454 
39.4036 28.1591 -7.5287 -4.8044 4.5801 -2.9294 -4.8561 0.6342 -1.7318 -3.2109 1.0925 -0.2206 -2.9685 
40.2450 28.3625 -8.1555 -4.7213 4.7428 -3.4671 -5.2222 0.4098 -2.3966 -3.4016 1.4980 -0.6579 -3.8400 
41.1753 28.7653 -9.1157 -5.3592 5.4421 -2.8344 -5.4385 0.6798 -1.7135 -3.8996 0.7364 0.0593 -3.1040 
41.0422 29.3618 -8.6087 -6.7548 4.3268 -1.5390 -4.4183 -0.4878 -2.3051 -2.7085 0.9565 -1.2171 -3.4041 
40.1240 28.9991 -7.9866 -6.5790 4.1633 -1.4655 -4.6493 -1.0557 -2.5792 -2.9149 0.6331 -1.1127 -3.1095 
37.1849 27.1926 -6.8459 -5.9749 3.5371 -1.6842 -4.4534 -0.9489 -2.4425 -3.1489 -0.0338 -1.4827 -3.2573 
34.7522 25.5488 -5.8268 -4.8103 3.6173 -1.2836 -2.8743 0.8257 -1.4523 -2.8219 0.1412 -1.4011 -3.6402 
33.6960 24.7804 -5.2467 -3.7606 3.9716 -1.5923 -3.1483 0.4526 -2.4677 -3.9403 -0.0726 -1.0079 -3.7018 
33.4868 24.0782 -5.7709 -3.2642 3.9469 -3.1308 -4.4666 0.3689 -2.2563 -3.6830 0.5198 -0.5592 -3.3974 
33.2135 22.5598 -7.8014 -3.2276 5.1876 -2.8415 -4.5923 0.6308 -2.2719 -3.9412 0.5229 -0.7216 -3.7865 
34.8481 24.8384 -6.7982 -4.0421 5.1205 -1.1131 -3.5887 0.2136 -2.1522 -3.3031 0.3850 -1.1092 -3.6616 
38.5503 28.2533 -7.1698 -6.4226 4.1154 -0.3748 -3.5407 -0.8934 -2.4996 -2.6413 0.5868 -1.3215 -3.1848 
39.6210 28.6857 -8.0535 -6.9337 4.3304 -0.3119 -3.8760 -1.4208 -2.9368 -2.6690 0.5900 -1.7810 -3.5032 
39.5420 27.8693 -9.2170 -7.0834 4.4726 -0.7886 -4.2608 -1.5689 -3.4316 -3.1577 0.3094 -2.3365 -4.0396 
37.8161 27.3549 -7.5661 -6.3859 4.0726 -0.4071 -3.5092 -1.4929 -3.4383 -2.7544 0.7727 -1.9722 -3.8903 
36.2521 26.6320 -6.3696 -5.5022 4.2293 0.4256 -2.0309 -0.4724 -3.0823 -2.7749 0.6409 -1.7441 -3.5661 
34.8092 24.9075 -7.7446 -6.6734 3.6630 0.1660 -2.7771 -1.3998 -3.8284 -3.9090 -0.6638 -2.4333 -4.3159 
34.9083 25.3623 -6.6546 -5.1555 5.1878 1.3471 -2.1081 -1.1023 -3.5339 -3.3921 0.0778 -1.3790 -2.8672 
34.6055 25.4628 -6.0717 -5.1651 4.4137 0.4679 -2.6592 -1.1485 -3.2427 -3.2848 -0.1244 -1.5959 -3.0471 
33.3031 24.5396 -5.5689 -4.4437 4.6553 0.7604 -2.0555 -0.8123 -3.5080 -3.6987 -0.1638 -1.3284 -2.8690 
32.3642 23.7043 -5.6011 -4.1894 4.9014 1.0481 -1.9541 -1.1491 -4.0375 -4.0782 -0.4119 -1.5807 -3.1644 
32.2264 23.5350 -5.4432 -3.6815 5.0147 0.5552 -2.3527 -1.2273 -4.0230 -3.7554 0.2050 -1.2525 -3.2121 
32.1148 23.4315 -5.2274 -3.1001 5.3438 0.3342 -2.4017 -0.6538 -3.4515 -3.5491 0.5249 -0.7770 -3.0658 
31.0771 22.9400 -4.7155 -3.1471 4.8719 0.2805 -2.4291 -0.8557 -3.3742 -3.4859 0.2163 -0.9280 -2.8833 
30.2030 22.6857 -3.7552 -2.2451 5.5650 0.8280 -2.5972 -1.2420 -3.1062 -3.1484 0.1649 -0.6085 -2.1428 
29.9360 22.1551 -3.9231 -1.6788 5.6599 0.0718 -2.9554 -1.0249 -3.1088 -3.2688 -0.0150 -1.2975 -2.9191 
29.4862 21.7327 -4.0382 -1.5551 6.1205 0.5485 -2.9111 -1.1515 -3.1303 -3.4488 -0.2882 -1.3086 -2.7941 
28.2030 20.8202 -3.6254 -1.0583 6.0455 0.3601 -2.8735 -1.0484 -3.1749 -3.5431 -0.0327 -0.7154 -2.5941 
27.9192 20.8685 -3.0557 -0.8600 5.5223 -0.2239 -2.8341 -0.4256 -2.5437 -3.2998 -0.0091 -0.7042 -2.7635 
27.0607 20.4739 -2.1565 0.0842 5.5883 -0.3281 -2.3443 0.0093 -2.8975 -3.8583 0.0047 -0.3248 -2.4293 
27.3193 20.2810 -2.5927 0.3091 5.4093 -1.5708 -3.0466 0.4233 -2.8487 -4.4478 -0.1444 -0.1098 -2.4577 
30.4444 20.0538 -5.8919 2.1268 7.8136 -4.1926 -4.2372 3.3907 -2.2252 -6.3369 0.2436 0.8006 -3.4545 
30.9648 19.2483 -7.8401 2.0367 8.9151 -4.0989 -4.6570 3.1945 -2.7129 -6.8634 0.0557 0.4716 -3.8527 
31.0185 18.6126 -8.8745 2.1254 9.5757 -4.1622 -4.8493 3.6864 -2.1749 -6.8316 -0.1572 0.1863 -4.0399 
31.5561 18.8581 -9.5415 1.2954 9.4745 -3.6916 -4.4843 3.9284 -1.7344 -6.3212 0.1918 0.3090 -4.3753 
31.9290 18.3844 -11.0168 0.7710 10.1354 -3.3620 -5.1253 2.8562 -2.6925 -7.0815 -0.6025 -0.3674 -4.3625 
33.9361 20.0473 -11.2041 0.3159 10.5481 -2.5992 -4.6837 3.2508 -1.8606 -6.1430 -0.2839 -0.4593 -3.8910 
34.9176 21.0803 -11.5197 -0.9843 10.4852 -1.3897 -4.4325 2.5567 -2.1115 -6.3985 -0.8460 -0.3413 -3.3149 
35.2124 22.1187 -10.9938 -2.6360 8.9569 -1.0480 -4.3611 1.5186 -2.6781 -6.7542 -1.7792 -0.6293 -2.6918 
37.0006 24.9444 -9.3971 -3.8181 7.9441 0.4258 -3.2144 0.5505 -3.1097 -5.4417 -0.8616 -0.8008 -2.5184 
37.5324 26.1351 -8.7044 -4.9062 7.0051 1.2084 -2.4682 0.2120 -3.3035 -5.3196 -1.2460 -1.3030 -2.5428 
38.0489 27.2216 -7.9487 -5.6566 5.9055 1.2141 -2.0181 0.3212 -3.2120 -5.2416 -1.4660 -1.5538 -2.5524 
37.2568 26.1184 -8.9504 -6.8802 3.8825 -1.1068 -3.5765 -0.5516 -4.0065 -6.0386 -2.4684 -2.9576 -3.8226 
37.5018 27.5004 -6.7193 -5.8229 4.0559 -0.2700 -2.3302 0.4480 -2.6632 -4.1121 -0.8089 -2.0339 -3.0790 
37.2655 27.6654 -6.2944 -6.2096 3.1309 -1.0263 -2.9436 0.2022 -2.3908 -4.1970 -1.7102 -2.9527 -3.4877 
37.1126 27.9761 -5.4423 -5.8360 2.9569 -0.9518 -2.6634 0.1868 -2.3503 -3.7816 -1.5459 -3.2118 -3.3956 
37.1014 27.6304 -5.7873 -5.4963 3.0837 -1.8195 -3.3829 0.5161 -1.8569 -3.8438 -1.6741 -3.1046 -3.4131 
36.3595 27.3772 -5.2653 -5.5477 2.5876 -1.9552 -3.4451 0.2560 -1.9563 -3.8141 -1.7199 -3.1194 -3.5482 
36.6682 27.9235 -4.6754 -5.1543 2.8860 -1.6141 -3.2228 0.3702 -1.6515 -3.3103 -1.2871 -2.8163 -3.2991 
37.3968 28.1632 -5.5335 -5.8905 2.7788 -1.8108 -3.8210 -0.1052 -1.7675 -3.3977 -1.5066 -3.0050 -3.4188 
37.3818 28.4465 -4.9102 -5.5463 2.7050 -1.7411 -3.4025 0.2537 -1.6116 -3.2070 -1.3163 -2.9592 -3.3006 
37.5138 28.1442 -5.7393 -6.0164 2.7254 -1.8179 -3.7212 -0.0371 -1.7836 -3.3467 -1.4250 -2.8995 -3.1338 
36.8673 27.9916 -5.3134 -6.3478 2.2654 -1.3693 -3.3104 -0.4126 -1.9718 -2.8821 -1.0828 -2.9483 -3.1689 
37.5163 27.8668 -6.1921 -6.1420 2.7482 -1.8092 -3.4924 0.1457 -1.9415 -3.3011 -0.8558 -2.3637 -2.9976 
37.5157 28.2797 -5.4438 -5.9567 2.5385 -1.4418 -2.8221 0.0543 -2.4598 -3.1282 -0.2225 -2.1580 -3.0377 
37.7578 28.2572 -5.8925 -6.1790 2.6870 -1.3819 -3.0121 -0.2101 -2.7425 -3.3279 -0.1764 -2.0961 -3.2952 
38.2362 28.0096 -6.6241 -5.4990 3.8007 -1.5420 -3.3583 0.3969 -2.3050 -3.7362 -0.4377 -1.7145 -2.8993 
37.5165 27.8772 -5.9592 -5.6580 3.1795 -1.2349 -2.7526 0.0554 -2.9339 -3.5685 0.0344 -1.8015 -3.2633 
37.3853 27.6893 -6.1061 -5.7287 3.0924 -1.3706 -2.7534 0.2053 -2.9452 -3.7255 0.1766 -1.4743 -3.4669 
37.3260 27.8664 -5.6842 -5.5318 3.2033 -0.9280 -2.3162 0.2362 -2.8483 -3.2723 0.4612 -1.4143 -3.1829 
36.5861 27.1641 -5.7297 -5.3789 2.8967 -1.6059 -2.7621 0.1106 -3.0536 -3.6478 0.0990 -1.7974 -3.7066 
36.0566 26.4781 -5.6700 -4.3518 3.4377 -2.2181 -3.2225 0.3750 -2.8347 -3.5453 0.3358 -1.9742 -4.3906 
35.5597 25.9480 -5.7869 -4.1203 3.7585 -1.9272 -2.9998 0.4529 -2.8292 -3.5087 0.3611 -1.8522 -4.0805 
33.6401 24.9514 -4.8770 -3.6143 4.0699 -1.3332 -3.0835 0.3908 -2.0966 -3.4891 -0.2937 -1.3158 -3.1627 
32.9309 22.0678 -7.6317 -1.9534 5.9850 -2.9224 -3.7076 2.3927 -1.8840 -5.1058 -0.3431 -0.6792 -3.6571 
33.9000 21.6302 -9.0317 -0.7648 7.9107 -3.0096 -3.7464 3.6608 -1.2318 -5.0956 0.2658 -0.2211 -3.7414 
32.1685 20.3603 -9.0561 -1.1593 7.6953 -2.2528 -3.3434 3.1336 -1.4740 -4.7850 0.3741 -0.3582 -3.8484 
29.9241 19.4335 -7.4817 -0.6981 6.7584 -2.7687 -3.6029 3.0210 -0.8382 -4.3865 -0.2074 -0.7683 -3.8195 
28.5496 18.3124 -8.1020 -2.1062 5.7945 -2.3415 -3.6366 1.6497 -1.9885 -4.7043 -0.3936 -0.8427 -3.7966 
27.0326 17.7221 -6.9892 -1.6388 5.8157 -1.6046 -3.1822 1.2816 -2.0393 -4.4270 -0.5783 -0.9502 -3.3090 
25.7379 17.0196 -6.5480 -1.8583 5.1982 -1.5614 -3.1065 0.9552 -2.1109 -4.3872 -0.8717 -0.9827 -2.9229 
24.8628 15.7070 -7.6327 -2.2060 5.4036 -1.1895 -2.5558 1.5906 -1.5846 -3.7815 -0.2457 -1.0062 -3.6138 
28.2397 16.2326 -11.3300 -2.8353 7.2154 -1.7735 -4.0359 1.6146 -1.7367 -4.1487 0.8430 0.2780 -3.4915 
32.6945 19.0856 -13.0666 -4.1922 7.7395 -1.5051 -4.3285 1.1679 -2.8675 -5.2114 1.1809 1.5898 -2.1572 
32.6699 19.5517 -12.6647 -4.7788 7.5726 -0.6276 -4.0536 0.6484 -3.1269 -5.8632 -0.2184 1.0043 -1.5028 
28.5543 16.7819 -12.1063 -5.4145 6.2986 -0.1430 -3.4515 0.6150 -2.0937 -4.7274 -0.8024 -0.0741 -2.0165 
27.6012 16.3661 -11.5642 -5.4782 5.6191 -0.6086 -3.8274 0.3516 -1.7682 -4.1704 -0.6142 -0.0757 -2.0163 
26.1223 15.8907 -9.9934 -4.4257 5.6174 0.0436 -2.3867 1.3045 -1.3878 -3.7356 -0.2506 -0.0484 -2.1603 
24.8928 15.5245 -8.8726 -4.2399 4.6859 -0.3020 -2.0779 1.4618 -1.0898 -3.1286 0.0470 -0.0211 -1.9272 
27.2860 19.5834 -4.9792 -2.8605 4.0371 -1.0077 -2.8661 -0.0005 -2.5619 -4.2609 -1.2129 -1.2606 -2.5894 
31.9128 25.2278 -1.7152 -2.3927 2.7809 -2.2103 -2.9705 0.8867 -1.2526 -3.2490 -1.3410 -2.5002 -3.3519 
34.7281 26.0123 -4.4953 -3.6661 3.0660 -3.2626 -4.2582 0.9903 -1.1581 -4.0563 -2.3507 -3.4609 -4.0081 
36.6308 26.7715 -5.9015 -3.9381 4.4390 -2.1182 -3.6312 1.4489 -1.2645 -4.4278 -2.2621 -3.0465 -3.4906 
36.8040 27.5931 -5.8700 -6.2034 3.0161 -0.9610 -3.3500 -0.4554 -2.4224 -4.0827 -2.2612 -3.6549 -3.8311 
39.4217 28.2781 -8.3259 -6.6827 4.5265 -0.5267 -3.4840 -0.2735 -3.0234 -4.7669 -1.4619 -2.4071 -3.4940 
40.3068 28.9905 -8.4543 -6.8099 5.0360 0.2160 -3.0521 -0.1124 -2.9654 -4.6627 -1.0240 -1.7687 -3.1925 
41.0287 28.5856 -9.8064 -6.5247 5.8483 -0.0762 -3.1367 0.2632 -3.4983 -5.4473 -0.9700 -1.6138 -3.3022 
40.7400 28.4496 -9.6939 -6.4401 6.1977 0.4399 -3.1433 -0.1753 -3.7450 -5.4367 -0.7175 -1.1049 -3.1303 
39.9127 28.0100 -9.3397 -6.3951 6.0799 0.8244 -2.7771 -0.5517 -4.5907 -5.9990 -0.6478 -0.8918 -3.4367 
39.8940 27.8710 -9.3707 -6.0470 6.4025 0.9265 -2.6306 -0.3857 -4.3731 -5.5523 -0.3171 -0.8128 -3.1938 
39.5291 27.7199 -9.0919 -5.9433 6.2094 0.8258 -2.4995 -0.2547 -4.4206 -5.5472 0.0335 -0.4762 -3.3809 
38.8535 27.0573 -9.0377 -5.3550 6.6339 0.8488 -2.4065 0.1460 -4.0503 -5.4580 -0.0248 -0.4847 -3.3235 
38.2141 26.4191 -9.5348 -6.0381 6.3499 1.1732 -2.4110 -0.6301 -5.0116 -6.1323 -0.3006 -0.4810 -3.5042 
38.1623 26.8788 -8.7309 -5.8156 6.3930 1.4130 -2.5116 -0.7817 -4.6176 -5.8473 -0.4586 -0.2609 -2.9162 
37.8563 26.7093 -8.6743 -5.9664 6.2961 1.7025 -2.5055 -1.5038 -5.1430 -5.5952 -0.2602 -0.4432 -2.7447 
37.8771 26.9241 -8.4883 -5.9788 6.7045 2.2454 -2.6925 -1.6042 -4.1778 -4.6071 -0.0965 -0.3001 -2.3275 
36.4650 25.3835 -9.0466 -6.0867 6.0354 1.0276 -3.7538 -2.4929 -5.1253 -5.4334 -0.9183 -1.2676 -2.9120 
36.2284 25.1464 -8.8908 -5.5647 6.3198 0.8939 -3.7482 -2.0431 -4.4178 -4.6896 -0.3998 -1.0787 -2.7810 
35.3113 24.9237 -7.7354 -4.4391 7.0855 1.3377 -4.0728 -2.4479 -3.8354 -3.7622 -0.0118 -0.6623 -1.8346 
34.4440 24.2581 -7.2239 -3.4162 7.3839 0.9421 -3.9956 -1.5686 -3.0475 -3.7898 -0.5920 -1.0244 -1.8099 
33.1536 24.0123 -6.1255 -3.7177 6.4461 1.3113 -3.2412 -1.3943 -2.8962 -3.6784 -0.3966 -0.0088 -0.8944 
31.0373 22.3778 -5.4769 -2.6254 6.3692 0.8520 -2.8958 -0.8859 -3.2466 -4.5237 -1.1553 -0.8819 -1.8247 
30.4772 21.9231 -5.1875 -2.0015 6.5404 0.7767 -2.3498 0.0832 -2.7659 -4.4180 -0.7139 -0.3467 -1.8439 
27.6833 19.7211 -5.2349 -2.2723 5.9861 0.9659 -2.1221 0.0303 -2.4253 -4.1591 -1.0411 -0.4300 -1.6095 
26.8003 19.2667 -4.7661 -2.3322 5.0521 0.2593 -2.1370 -0.0059 -3.0834 -5.1819 -1.7119 -0.3459 -1.0184 
25.0497 17.5131 -5.3661 -2.4955 4.9209 0.0890 -2.4249 0.1088 -2.0079 -3.8243 -1.0685 -0.2083 -0.7953 
23.8744 16.7229 -5.0900 -2.5045 4.3880 -0.2571 -2.6661 -0.4881 -2.8249 -4.4667 -1.4100 -0.5246 -1.3673 
23.1227 16.3609 -4.5843 -2.3762 3.8761 -0.3169 -2.0497 -0.0882 -2.6517 -3.8491 -0.7714 -0.6082 -1.6722 
21.7213 15.2414 -4.5292 -2.3096 3.6076 -0.4571 -1.9589 0.2265 -2.0408 -3.1588 -0.2803 -0.4738 -1.9417 
21.1613 14.6789 -4.5748 -2.1706 3.4321 -0.5275 -1.4266 0.6465 -2.3590 -3.5819 -0.2667 -0.2748 -1.6796 
20.8513 14.1481 -5.0461 -2.4378 2.8819 -1.4970 -2.0699 0.5528 -2.6107 -4.1758 -0.6992 -0.5740 -2.2692 
20.1128 13.1913 -5.8544 -3.0031 2.7924 -1.3028 -2.2135 -0.0363 -3.1433 -4.4428 -0.8596 -0.6120 -2.1757 
21.2187 14.7645 -4.5315 -2.1380 3.5142 -0.6239 -1.7477 0.5868 -2.0203 -3.2600 0.0196 0.1163 -1.5951 
19.6818 13.2355 -4.7967 -1.7825 3.5424 -0.9000 -1.6541 1.2060 -1.2651 -2.6587 0.3418 0.1576 -1.6194 
19.9503 13.6021 -4.5280 -1.7490 3.3169 -1.2458 -2.0218 0.7605 -1.7683 -3.0269 0.1280 -0.0957 -1.8028 
19.8594 12.9645 -5.6197 -2.3103 3.2728 -1.4017 -2.1979 0.8344 -1.6432 -2.9890 0.0798 -0.4170 -2.4630 
19.7540 13.2660 -5.0155 -2.2489 3.0617 -1.3070 -1.8598 1.4993 -0.7892 -2.8095 -0.4149 -0.4839 -1.9558 
19.4668 12.7611 -5.6549 -2.8451 2.5756 -1.8162 -2.3971 1.0141 -1.3872 -3.5788 -0.9506 -0.6170 -2.1528 
19.0754 12.6365 -5.2131 -2.5576 2.4616 -1.9230 -2.5464 0.5870 -1.4988 -2.9718 -0.4628 -0.7495 -2.1152 
19.4338 13.2189 -4.6059 -2.1724 2.5926 -1.7819 -2.1677 1.1127 -1.1215 -2.8209 -0.3025 -0.4673 -1.9064 
18.8928 12.6611 -4.5851 -1.6213 3.1327 -1.5376 -2.0649 1.0858 -1.2978 -2.8378 0.0209 -0.0238 -1.4925 
18.3336 12.1192 -4.8898 -2.1290 2.5583 -1.5700 -1.3576 2.1211 -0.5468 -2.6482 -0.0628 -0.1623 -2.0191 
18.4339 12.4978 -4.2657 -1.5688 3.1344 -1.0783 -1.5673 1.1771 -1.3472 -2.7530 0.1941 0.0655 -1.6764 
18.0104 12.0371 -4.5575 -1.8236 3.0415 -0.9443 -1.5012 1.1084 -1.2441 -2.6310 -0.1751 -0.5488 -1.8350 
18.6741 12.3954 -4.7984 -1.8369 2.9348 -1.6925 -2.2718 0.7780 -1.5054 -2.7560 0.1596 -0.1988 -1.8526 
17.9829 11.8118 -4.8832 -1.9820 2.6329 -1.8874 -2.3291 0.8190 -1.4751 -3.0146 -0.3484 -0.6339 -2.2375 
18.2466 11.8115 -5.5185 -2.6839 2.5181 -1.5086 -2.0065 0.9612 -1.3004 -2.9439 -0.5463 -0.7712 -2.2364 
17.4465 11.3976 -5.0671 -2.3528 2.7071 -1.0978 -1.7463 0.9364 -1.1421 -2.4215 0.2041 0.0425 -1.5529 
17.0687 10.8908 -5.2422 -2.0520 2.8364 -1.6648 -2.5976 0.3495 -1.4617 -2.6559 -0.0171 -0.1158 -1.5341 
18.2397 12.3212 -4.2858 -1.6871 2.5286 -2.1299 -2.3654 1.2125 -0.8607 -2.6665 -0.3027 -0.4396 -1.7053 
17.3495 11.5532 -4.5301 -2.2212 1.8412 -2.2484 -2.2078 0.9382 -1.3289 -2.8037 -0.2884 -0.6430 -2.2021 
17.6371 11.9285 -4.1231 -1.6620 2.4993 -1.6474 -1.8003 1.2014 -0.8932 -2.1465 0.1023 -0.6968 -2.2640 
17.6482 11.5905 -4.4807 -1.1825 3.0466 -2.0546 -2.2589 1.6696 -0.3646 -2.2550 0.1595 -0.1037 -1.7569 
16.8125 10.9266 -4.5524 -1.3166 3.0147 -1.8877 -2.7248 0.4776 -1.1012 -2.0130 0.6731 0.0943 -1.8983 
16.8624 11.2559 -4.2625 -1.7307 2.5165 -1.6566 -2.3428 0.1905 -1.9080 -2.9578 -0.2587 -0.5596 -2.1074 
16.3311 10.8216 -4.1916 -1.5864 2.4300 -1.7442 -2.1138 0.7094 -1.3173 -2.4037 0.2279 -0.2597 -2.0509 
16.5623 11.2166 -4.0176 -2.0025 1.9160 -1.7070 -1.6345 1.2841 -0.8219 -2.2450 0.0058 -0.4906 -2.2048 
16.7324 11.0725 -4.2730 -1.6220 2.2428 -2.0987 -1.9352 1.6121 -0.4780 -2.3100 -0.3045 -0.7511 -2.0998 
17.0181 11.2199 -4.5177 -1.6893 2.7508 -1.6933 -2.3442 0.7509 -1.3417 -3.1914 -0.7811 -0.5083 -1.9659 
17.1088 11.5351 -4.0739 -1.5254 2.6561 -1.7500 -2.2505 1.0703 -0.7901 -2.6814 -0.4967 -0.2408 -1.4898 
16.7437 11.5388 -3.3769 -0.9057 2.9566 -1.4260 -1.9687 1.0236 -0.9028 -2.3589 0.1122 -0.0836 -2.0169 
15.6909 10.0990 -4.4730 -1.5702 2.1876 -2.4966 -2.8092 0.6629 -1.0348 -2.4054 0.1159 0.0693 -1.4222 
15.2963 9.8909 -4.5248 -1.9801 2.1828 -1.5926 -1.9400 0.9662 -0.7944 -2.1033 0.3438 0.4931 -0.8308 
16.3507 10.9874 -3.7651 -1.0467 2.7955 -1.6652 -1.9262 1.4921 -0.2297 -1.7348 0.4592 -0.0168 -1.9086 
24.4424 13.6722 -10.8260 -3.0581 7.1039 -0.3958 -3.4753 1.3044 -0.8287 -3.1049 1.0216 1.2951 -1.8412 
31.8814 18.9442 -12.3684 -4.2758 7.2617 -2.0477 -5.8435 -0.4752 -3.3636 -5.8876 -0.5128 0.5907 -1.9912 
28.1643 16.3937 -12.2247 -5.3731 6.4080 -0.1908 -3.8425 0.2491 -1.9358 -4.2089 -0.2548 0.7239 -0.9249 
27.6765 18.0994 -8.6025 -4.2442 6.2225 1.5099 -1.8907 0.5343 -2.0312 -4.1546 -0.6218 0.5288 -0.9019 
30.4968 22.4890 -4.9527 -3.7596 4.1129 -0.4812 -2.8187 0.0407 -2.4050 -4.9347 -2.5516 -1.8714 -2.0935 
28.5592 21.5383 -3.3879 -2.4163 3.9905 -0.6738 -2.4653 0.2546 -2.1804 -4.3217 -2.2979 -2.3198 -2.3608 
29.5742 23.1528 -2.0548 -2.2975 3.2441 -1.2272 -2.5596 0.5324 -1.3799 -3.4018 -2.2101 -3.1133 -2.8310 
28.8401 22.6567 -1.7501 -1.9173 3.2763 -1.4238 -2.9201 -0.0313 -2.1089 -4.1014 -2.5771 -3.2416 -3.2851 
32.6877 24.5374 -4.0059 -2.7487 4.3974 -1.1903 -2.9170 0.7992 -1.6346 -4.0962 -2.4029 -3.3219 -3.2051 
33.9069 25.6930 -4.0508 -3.3048 4.6260 -0.2088 -2.2960 0.9580 -1.2626 -3.8056 -2.7723 -3.6650 -2.5756 
33.6713 25.6493 -4.3196 -4.3729 4.1796 0.6087 -2.1063 -0.3467 -2.5380 -4.2020 -2.8127 -3.4618 -2.0895 
34.8647 25.0308 -6.6583 -4.2480 5.3603 0.0952 -2.5239 -0.0178 -3.5542 -5.5108 -2.1288 -2.3379 -2.6168 
34.8073 25.5292 -5.9891 -4.4170 5.5351 1.3815 -1.7268 -0.3398 -3.7112 -5.1627 -1.7988 -1.8952 -2.1932 
36.2468 26.5249 -6.5461 -4.9720 6.1278 2.6300 -1.0795 -0.9062 -4.5567 -4.9350 -0.8302 -1.4944 -2.3539 
36.9202 26.3210 -8.3240 -6.1614 6.5631 2.8656 -2.2319 -2.0047 -4.7324 -5.2789 -1.5838 -1.8504 -2.7198 
35.5003 25.5712 -7.0778 -4.8084 6.6254 2.6933 -1.4246 -0.8936 -4.1796 -4.8109 -0.7419 -1.0771 -2.3836 
34.4142 24.6766 -7.0346 -4.5104 6.9793 3.1095 -1.2510 -0.8858 -4.0407 -4.7142 -0.8222 -1.1698 -2.5639 
34.6499 24.7938 -7.3235 -4.8820 6.8727 2.9714 -1.7971 -1.4786 -4.2396 -4.7147 -0.7859 -0.8954 -2.2506 
34.8953 24.8059 -7.4193 -4.6005 6.8462 2.5181 -1.7109 -1.1198 -4.5787 -5.1847 -0.5929 -0.6812 -2.5558 
34.7106 24.4922 -7.3821 -3.7931 7.6277 2.4431 -1.9623 -0.7888 -4.3695 -5.6569 -0.8435 -0.2041 -2.3162 
34.0490 24.1785 -6.9862 -3.7278 7.1935 2.0528 -2.2484 -0.8919 -3.8919 -4.9388 -0.7775 -0.7190 -2.5403 
33.0484 23.3917 -6.9749 -3.3636 8.1371 2.9155 -2.5318 -1.5004 -4.0262 -5.5070 -1.5563 -0.3837 -1.9335 
33.6401 23.5049 -7.3387 -3.1485 7.9121 1.6952 -2.9924 -0.6279 -3.2815 -5.2223 -1.0583 -0.0296 -2.2094 
33.3917 23.2728 -7.3718 -3.1635 7.8113 1.7138 -2.7474 -0.3707 -3.1108 -5.1089 -1.1895 -0.3208 -2.0130 
32.1382 21.9100 -7.7096 -2.6847 8.1887 1.7893 -2.2551 0.4026 -3.1039 -5.6455 -1.0012 0.3032 -2.3535 
32.3097 21.0663 -8.5919 -1.3820 9.1617 0.5577 -2.6113 1.9915 -2.4390 -6.0884 -0.5816 0.9701 -2.3004 
33.4320 20.2346 -11.2593 -1.4904 10.2976 0.1965 -2.6102 3.2067 -1.9517 -5.9832 0.0715 0.9192 -2.7803 
34.2034 19.6177 -12.8178 -1.0268 10.6520 -1.4945 -3.4870 4.0336 -1.9560 -6.9161 -0.5317 0.1697 -3.4543 
34.0002 19.0766 -13.5237 -1.3761 10.6451 -1.3560 -3.2634 4.1080 -1.9517 -6.5171 0.0566 0.3376 -3.6253 
33.5215 18.0908 -14.4927 -1.5594 10.5092 -2.4327 -4.5275 3.6695 -2.0195 -6.8299 -0.1800 0.3918 -3.5402 
32.6211 16.9969 -14.8947 -1.0914 11.1917 -2.0065 -3.9855 4.6341 -0.8797 -5.8501 0.3851 0.4410 -3.7682 
32.3645 16.6153 -15.0447 -1.0714 10.7128 -2.6818 -3.9560 4.9316 -1.0345 -5.9777 0.5216 0.4346 -3.5595 
32.1023 16.4141 -15.1322 -1.2040 10.7323 -2.7973 -4.7138 4.0140 -1.3603 -5.6888 1.2765 1.2131 -3.6760 
32.4049 16.4076 -15.4761 -1.1451 10.8530 -3.1599 -5.0517 4.1784 -0.9762 -5.3600 1.4523 1.1226 -3.8909 
32.3309 16.3685 -15.6944 -1.6528 10.8123 -2.4505 -4.4658 4.1821 -1.1634 -5.6321 1.1278 1.2473 -3.2419 
32.3216 16.2703 -16.1824 -2.5512 10.0815 -2.8362 -5.0237 3.3871 -1.6735 -5.7429 1.1101 1.2219 -3.2051 
31.8896 16.2348 -16.2779 -4.0391 8.6073 -2.8548 -4.9925 2.3006 -2.9398 -6.4845 0.6831 0.9988 -3.4776 
31.6366 16.7286 -15.4364 -4.2181 8.9467 -1.1251 -3.7762 2.8685 -1.4805 -5.0393 0.8265 0.9282 -3.1622 
33.0355 20.3525 -10.4542 -1.5242 8.9253 -1.5481 -4.2123 1.8350 -2.4363 -5.6875 -0.1785 0.0004 -3.1560 
34.7495 22.9390 -9.2771 -3.0986 7.3877 -1.2617 -4.6678 -0.2016 -3.4862 -5.5171 -0.8699 -1.4563 -4.0247 
38.0124 25.9818 -9.1275 -4.1732 7.0042 -1.0798 -4.7072 -0.2244 -3.1565 -5.1133 -0.3673 -0.5162 -2.7547 
38.1046 25.4738 -10.9317 -6.3981 5.8073 -1.3700 -5.2361 -0.9969 -3.6831 -5.8340 -1.4596 -1.3282 -3.3664 
37.5515 25.1332 -10.6776 -6.0495 6.3018 -0.5783 -4.7838 -1.3657 -4.2316 -5.7887 -1.0465 -1.0631 -2.9787 
38.3192 25.7980 -10.8475 -6.3177 6.9716 0.5193 -4.3914 -1.2394 -3.6252 -5.4173 -1.1768 -0.5424 -1.8123 
37.2169 26.4452 -8.0519 -5.5414 5.6566 0.2771 -3.2604 -0.2906 -3.0408 -5.0017 -1.1048 -0.5874 -1.8237 
33.8353 23.7831 -7.6161 -4.8295 5.5425 0.6196 -2.5811 -0.4764 -3.6993 -5.2839 -1.5556 -1.6472 -2.8314 
32.5326 23.1462 -6.7466 -4.1747 5.7250 0.9766 -2.4605 -0.7473 -3.5101 -4.4556 -0.7905 -1.1641 -2.2198 
28.4616 20.1073 -6.1186 -3.8281 4.4982 0.0680 -2.5482 -0.7743 -3.5792 -4.3370 -0.0910 0.1045 -1.7449 
27.7685 19.6701 -5.8204 -3.6045 4.5106 0.6018 -1.4263 0.0851 -3.4618 -4.7165 -0.6277 -0.2232 -1.5699 
26.6315 18.7719 -5.6499 -3.3831 4.0108 -0.4087 -2.1906 0.1556 -2.8944 -4.5379 -0.9220 -0.3638 -1.3671 
26.5064 18.2111 -6.2752 -3.3782 3.9489 -0.7284 -1.7614 1.0089 -2.7378 -4.6149 -0.5720 -0.1741 -1.5173 
29.2773 18.6340 -10.0324 -6.1186 2.7520 -2.5483 -2.9517 1.0716 -3.5061 -6.2433 -1.6762 -1.3339 -2.9595 
32.2235 20.4065 -10.6990 -5.7622 3.1211 -3.7385 -3.0930 2.7060 -2.8085 -6.2691 -0.3000 0.5100 -2.0715 
32.7772 19.8918 -11.9658 -4.5751 6.2167 -2.3913 -4.2169 1.6954 -2.2637 -5.3148 -0.2501 0.0922 -1.8650 
32.7203 17.6987 -15.3716 -4.6191 8.2245 -2.0471 -4.5215 2.3345 -2.0036 -5.6580 0.0049 0.3499 -2.6978 
33.2949 17.2399 -16.9334 -5.1254 8.2150 -2.7400 -4.7199 3.0215 -1.9954 -6.4247 -0.1976 0.7684 -2.3570 
32.9569 17.4362 -15.6507 -3.7010 8.8969 -2.7561 -4.9063 3.1187 -1.5129 -5.8795 0.1540 1.1418 -1.8303 
32.5731 16.9771 -15.8849 -3.8093 8.6904 -2.8034 -4.3425 4.0157 -0.8453 -5.2899 0.9186 1.6172 -1.9640 
32.1541 16.5588 -15.5822 -2.6486 9.6040 -3.1862 -5.4224 3.4743 -0.6982 -5.0782 0.7941 1.0890 -2.6096 
31.0666 15.4288 -16.1062 -2.9869 9.4073 -3.1245 -5.4866 2.9321 -1.5088 -5.8890 0.0390 0.5055 -3.0182 
30.5934 15.5476 -15.6181 -3.6851 8.6051 -2.4932 -4.4754 3.3185 -0.9485 -4.9580 0.5621 0.6514 -2.8232 
29.9948 16.1950 -13.4871 -2.7298 8.3554 -2.3558 -4.2617 2.8728 -1.5019 -5.1109 0.8051 1.1709 -2.5779 
29.2571 17.8965 -9.4117 -1.3142 7.6915 -2.2076 -4.6020 1.2236 -2.7395 -6.3447 -1.3884 -0.3666 -2.8997 
27.0213 16.0136 -9.6142 -1.6881 6.7107 -2.7294 -4.2078 2.6304 -0.3764 -4.2578 -0.8014 -0.4812 -2.2858 
26.4669 16.3365 -8.4602 -1.7015 6.2639 -2.2614 -4.0904 1.3229 -2.0769 -5.5377 -1.7373 -1.0282 -2.6779 
26.3978 17.0543 -7.6390 -2.4797 5.3880 -1.9771 -4.3356 0.1446 -2.7160 -5.9476 -2.5760 -1.1448 -1.8139 
24.8605 15.7108 -7.9208 -2.6144 5.6117 -1.2174 -4.0578 -0.0159 -1.7654 -3.7093 -0.6298 -0.2868 -1.4262 
26.3787 17.7078 -6.6842 -2.3646 5.9366 -0.0942 -3.0589 0.1048 -1.8163 -3.3860 -0.4252 -0.3597 -1.2976 
32.1870 22.2150 -8.2566 -5.3110 5.4364 0.4910 -4.0540 -2.5367 -4.2402 -4.4610 -0.9453 -1.4436 -2.5059 
37.1138 26.0134 -9.1159 -6.7589 5.3300 0.7620 -3.4199 -1.4739 -3.6903 -4.3769 -0.5718 -1.0528 -2.4342 
38.2183 26.5495 -9.5218 -6.2940 6.4342 1.3042 -3.1698 -1.1744 -3.7091 -4.4424 -0.2409 -0.5090 -1.5818 
36.6603 26.1553 -7.4296 -4.5880 6.3500 0.6970 -3.5143 -1.6538 -4.3144 -4.8272 -0.4002 -0.5362 -1.8086 
37.3650 26.1492 -8.7693 -5.5507 6.5648 1.2036 -3.2938 -1.5415 -4.4385 -5.2460 -0.5569 -0.2663 -1.5899 
38.1926 26.8184 -8.5650 -5.1335 6.8352 1.0457 -3.2542 -1.1590 -4.0787 -4.9329 -0.5416 -0.8156 -2.1200 
39.6384 27.7683 -9.4355 -6.5107 6.2710 1.4445 -2.8040 -1.7301 -5.2760 -5.2357 0.0773 -0.7075 -2.6188 
39.6583 27.4012 -10.0401 -6.2724 7.4616 2.5543 -2.4252 -1.8209 -5.2595 -4.8005 0.5943 -0.6680 -2.8076 
38.6840 26.8347 -9.4603 -5.6941 7.2494 1.5474 -3.5425 -2.0599 -4.9525 -5.2416 -0.3323 -0.9432 -2.8800 
39.5028 27.1655 -9.8405 -5.4885 7.5678 1.4468 -3.0731 -0.9899 -4.4135 -5.0777 0.1148 -0.7275 -3.2800 
39.0757 27.2119 -9.8182 -6.6244 7.2147 2.8076 -2.5633 -2.0724 -4.9158 -4.7828 -0.1029 -1.0105 -3.0354 
38.2989 26.9008 -9.1033 -6.0793 7.1274 2.5437 -2.6566 -1.9372 -4.8355 -5.0163 -0.2127 -0.7009 -2.9353 
37.8893 27.2110 -8.1437 -6.3644 6.0083 2.4241 -2.0573 -1.9254 -5.0773 -4.7794 -0.0588 -1.0722 -3.0956 
38.8040 27.5315 -8.5971 -5.9160 6.6946 2.1430 -2.3894 -1.5348 -4.6392 -4.5464 0.2893 -0.6900 -2.8004 
38.8875 27.5736 -9.1253 -6.9142 6.4130 2.4612 -2.8206 -2.4078 -4.8058 -4.4437 0.0085 -0.8475 -2.6506 
38.9446 27.2729 -9.3668 -6.2092 7.1979 2.6095 -2.3480 -1.3297 -4.1379 -4.3420 0.2133 -0.4646 -2.3597 
38.0992 26.7907 -9.1331 -6.3776 6.7259 2.2682 -2.9462 -2.1403 -4.6132 -4.5055 0.2063 -0.3689 -2.5663 
37.4639 26.0547 -9.2006 -5.9733 6.5045 1.6775 -2.6349 -1.4787 -5.0160 -5.6086 -0.5221 -0.5728 -2.4127 
35.6321 24.7654 -9.0917 -5.9440 7.2343 3.1653 -2.4867 -2.3287 -4.6746 -4.6451 -0.4963 -0.9365 -2.4876 
34.8108 23.9933 -9.1782 -5.8071 7.1282 2.8461 -2.9452 -3.0144 -5.3395 -4.8838 -0.4977 -1.1672 -2.8976 
30.8526 21.3237 -7.5978 -4.5543 5.6295 1.5681 -1.5269 -0.6539 -4.4064 -4.9973 -0.0542 0.0495 -2.2074 
28.6760 20.4238 -6.1608 -4.0858 5.4565 2.2435 -1.6113 -2.0868 -5.1805 -5.0382 -0.8331 -0.9280 -2.3264 
26.9698 18.4205 -7.2217 -4.6039 4.5317 0.9790 -2.2015 -1.8380 -4.8771 -4.9839 -0.8036 -0.9720 -2.6434 
26.3965 18.2906 -6.5021 -3.9853 4.8638 1.2152 -2.3156 -2.1286 -4.7083 -4.2996 -0.0016 -0.3414 -2.2986 
25.7015 18.0488 -5.9051 -3.6344 5.0776 1.9278 -1.4655 -1.5289 -4.2460 -4.1953 -0.2186 -0.0609 -1.4071 
24.0527 16.7133 -5.6312 -3.1581 4.5590 0.9392 -1.7560 -0.9446 -3.6085 -4.1310 -0.6029 -0.6376 -2.1862 
23.6890 16.0802 -6.1291 -3.3115 4.0930 0.0778 -2.1278 -0.8861 -3.9829 -4.7540 -0.8053 -0.5832 -2.1650 
22.6700 15.2290 -6.2033 -3.5017 3.5240 -0.3082 -2.0193 -0.4947 -3.7101 -4.7846 -0.7746 -0.1610 -1.8320 
21.6353 14.4746 -5.8316 -2.9940 3.4639 -0.4307 -1.6253 0.0569 -3.5652 -4.9210 -0.8914 -0.3658 -2.0335 
21.4459 14.2374 -6.3343 -3.7754 3.1538 -0.3994 -2.0465 -0.2236 -2.8921 -4.1135 -0.5146 0.2628 -1.4448 
21.3492 14.2860 -5.4132 -2.0615 4.1855 -0.3276 -1.7133 0.3083 -2.8615 -3.9600 -0.1514 -0.2944 -2.4775 
21.1023 13.9949 -5.6310 -2.3691 3.6139 -1.0367 -2.0945 0.4868 -2.5559 -4.0225 -0.4309 -0.3977 -2.4296 
20.3791 13.3827 -5.7319 -2.4578 3.5711 -0.8900 -1.9358 0.8307 -1.8965 -3.6505 -0.4915 -0.0646 -1.6166 
19.8286 13.0701 -5.2663 -1.8187 3.8242 -0.9682 -2.1950 0.2801 -2.6821 -4.3201 -0.9616 -0.5891 -2.1240 
19.5492 13.0222 -5.1329 -2.3007 2.9809 -1.3929 -2.2760 0.2986 -2.1776 -3.2787 -0.1097 -0.3514 -2.2193 
19.5814 12.9005 -5.2998 -2.1357 3.2208 -1.3980 -2.1551 0.7106 -1.9658 -3.2566 0.2385 0.0611 -2.2779 
20.2155 13.4880 -5.1498 -2.0072 3.4618 -1.2450 -2.0208 1.1139 -1.4508 -3.2412 -0.2969 -0.1564 -1.7287 
19.3616 12.9424 -4.9145 -1.9590 3.3999 -0.7687 -1.4174 1.1788 -1.6068 -3.0862 0.0559 0.1019 -1.5896 
19.4071 12.4685 -5.7360 -2.1360 3.3475 -1.4640 -1.9817 1.4542 -0.9898 -2.5487 0.5274 0.3239 -1.6429 
19.4804 12.9034 -4.9402 -1.6200 3.3800 -1.5763 -2.0925 1.1258 -1.6771 -3.2405 0.3662 0.5318 -1.7187 
18.6117 12.2205 -4.8530 -1.4394 3.4170 -1.5464 -2.0997 1.1452 -1.6982 -3.7336 -0.4801 0.1217 -1.5568 
17.9508 11.5121 -5.3349 -2.1515 2.5130 -2.2109 -2.7806 -0.0050 -2.7059 -4.0296 -0.9551 -1.1612 -2.5870 
18.4040 12.2288 -4.7666 -1.8689 3.1179 -1.0550 -1.5808 1.1632 -1.3763 -2.7916 0.1346 -0.0224 -1.7086 
17.0361 10.6742 -5.5298 -2.2905 2.2514 -2.3063 -2.5406 0.6102 -1.9401 -3.6911 -1.2595 -1.7246 -3.2006 
17.8758 11.7098 -4.7375 -1.5133 3.2202 -1.1902 -1.4707 1.3889 -1.5709 -3.4265 -0.6492 -0.7884 -2.2493 
18.3780 12.3235 -4.0825 -0.8025 3.2984 -1.9290 -2.2100 1.1601 -1.3832 -2.8276 0.2031 -0.1099 -1.8065 
18.3043 12.3898 -4.2030 -1.4731 2.9553 -1.5758 -2.0721 0.9356 -1.3667 -2.8514 -0.1734 -0.3472 -2.0040 
18.9172 12.6495 -4.3861 -1.1004 3.3069 -1.8288 -1.9338 1.7606 -0.9311 -2.8824 0.1031 0.0156 -1.9963 
18.5837 12.4270 -4.3820 -1.1969 3.3065 -1.6707 -2.0715 1.3180 -1.2906 -3.2863 -0.5431 -0.4537 -1.8681 
17.6551 11.3519 -5.2653 -2.3145 2.1602 -2.4393 -2.7640 0.4261 -1.8343 -3.1049 -0.2175 -0.5978 -2.4325 
17.2070 10.9297 -5.4589 -2.5893 1.7975 -2.8229 -3.2250 0.0212 -2.1433 -3.6345 -0.9625 -1.0554 -2.4415 
17.9122 11.6313 -5.0047 -1.7008 3.2147 -1.3962 -1.9468 1.3623 -0.8160 -2.6186 -0.3341 -0.6616 -2.0282 
17.7709 10.9505 -5.9362 -2.0005 2.8384 -2.7111 -3.4088 0.3310 -2.0399 -3.8678 -0.6309 -0.3073 -2.0723 
19.3656 11.5052 -7.2870 -2.2462 4.2267 -1.4434 -2.2247 2.4142 0.3409 -2.0852 0.7723 0.9449 -1.2660 
21.7923 11.7928 -10.1353 -2.8045 5.3456 -2.6030 -4.2315 2.1727 0.1028 -3.6122 -0.1283 1.2732 -1.1928 
24.6751 12.6100 -11.8933 -1.4649 7.6668 -3.1675 -4.7096 3.5039 0.2915 -4.4795 -0.0047 1.1648 -2.3287 
25.6536 11.8605 -14.3129 -1.8507 8.2653 -3.5777 -4.8842 3.4958 -0.6151 -4.9176 0.2731 0.5378 -2.8698 
26.8894 13.0300 -13.7919 -1.2004 8.8362 -3.5629 -5.0261 3.5520 -0.4867 -4.6562 0.7943 1.2762 -1.9476 
27.6058 13.0588 -14.7547 -1.5752 8.9148 -3.7120 -4.7887 4.2306 -0.2098 -4.5873 1.0568 1.0843 -2.6457 
28.1511 13.6213 -14.3753 -0.9707 9.6326 -3.3357 -4.6693 4.4073 -0.1369 -4.7445 0.9519 1.0511 -2.7572 
28.0743 13.3383 -14.5039 -0.5118 9.9130 -3.7450 -4.9142 4.8220 0.3370 -4.4712 1.3615 1.5251 -2.6704 
29.2286 13.8839 -14.7682 0.2097 10.6254 -4.2794 -5.3042 5.2429 0.3348 -4.9543 1.2871 1.7211 -2.4980 
28.6478 12.8669 -15.8545 -0.4776 10.1771 -4.9080 -6.0570 4.6060 -0.1607 -5.4396 0.7486 1.3861 -2.3845 
29.0024 13.5112 -15.2958 -0.2597 10.6671 -4.0110 -5.7105 4.2101 -0.3091 -5.0217 0.9534 0.8938 -3.1008 
29.8634 14.0904 -16.1118 -1.7376 10.1531 -3.2896 -5.0550 4.1144 -0.6689 -5.2170 1.0849 1.3880 -2.7896 
31.5784 16.0183 -15.6163 -2.4978 9.5330 -3.5468 -5.9912 2.8673 -0.9967 -5.0465 0.8176 1.2403 -2.1005 
30.1587 15.2328 -15.1986 -2.7543 9.1587 -2.9019 -5.5727 2.1451 -1.7375 -5.1732 0.7594 0.9037 -2.8829 
28.4604 15.2492 -13.3408 -3.5887 6.8796 -3.2989 -5.3807 1.4827 -2.2149 -5.7524 -0.5537 0.1554 -2.6692 
33.0660 21.8870 -7.8248 -0.9962 7.5627 -2.5408 -4.8196 1.2583 -2.1571 -5.0447 -0.3988 -0.4382 -2.9995 
40.0192 27.3824 -10.1535 -6.1157 5.5026 -1.9381 -5.0926 -0.1089 -2.3098 -3.9584 -0.0040 -0.9270 -2.9994 
41.0880 28.1890 -10.0827 -5.7023 5.9875 -2.2192 -5.6971 -0.2511 -2.0487 -3.6786 0.1390 -0.7010 -2.3750 
39.8046 27.7198 -9.0978 -5.4688 5.3197 -2.6959 -6.0471 -0.4755 -1.9006 -3.8225 -0.3862 -0.6728 -2.1348 
39.3686 27.8677 -8.5192 -5.6218 5.5678 -1.3618 -5.0871 -0.1724 -1.2873 -3.1656 0.0007 -0.1850 -2.0363 
37.5259 26.8849 -7.5274 -5.1879 5.1217 -1.1299 -4.3311 0.1784 -0.9598 -2.4952 0.4666 -0.0808 -1.8562 
39.3465 28.7491 -7.4262 -6.5866 3.8338 -1.3383 -4.4168 -0.8253 -2.2212 -3.0620 0.2882 -0.3264 -1.9268 
38.4990 28.1300 -7.2026 -6.0370 4.5487 -0.8670 -4.6641 -1.0679 -1.7492 -2.6853 -0.1125 -0.8226 -1.8906 
37.3925 26.5316 -7.4887 -4.5204 4.8678 -2.4482 -4.8698 0.1262 -2.1718 -3.9418 0.0914 -0.5530 -2.9645 
36.8622 24.1115 -9.8319 -2.9020 7.0663 -3.0168 -4.9386 1.6810 -2.0709 -4.6555 0.8139 0.0487 -3.5153 
37.7242 24.1539 -10.8686 -2.9685 7.5737 -3.2846 -5.1645 2.1173 -2.1154 -5.2084 1.0120 0.6507 -3.6643 
35.7278 23.2466 -9.4871 -2.2843 7.0839 -3.5108 -5.2674 1.7520 -2.2851 -5.5170 0.1436 0.0058 -3.7568 
34.4296 23.2884 -8.2974 -3.4839 5.2202 -3.4261 -5.2667 0.5785 -2.6594 -5.3112 -0.5892 -0.7734 -3.8161 
35.1539 25.3406 -5.7864 -2.8303 4.9819 -2.4865 -4.0802 0.8392 -2.1958 -4.0789 0.3370 -0.4049 -3.2468 
36.6502 26.7678 -6.2586 -4.6319 4.3378 -1.5451 -3.9840 -0.4179 -2.6493 -3.4497 0.3691 -0.9313 -3.2957 
37.4092 27.5346 -6.4332 -5.6380 3.8626 -0.7553 -3.2285 -0.7668 -3.0137 -2.8715 0.9094 -1.0541 -3.1910 
36.4337 26.8555 -6.3969 -5.7984 3.9250 -0.1317 -2.9729 -1.0502 -3.1421 -3.1000 0.3087 -1.2482 -2.8824 
35.8925 26.0874 -6.6495 -4.8908 5.3705 0.6055 -3.0778 -1.2211 -3.0248 -2.8513 0.6001 -0.9971 -2.8448 
36.1442 26.0059 -7.1942 -5.2682 5.0383 0.0004 -3.6343 -1.4204 -2.9528 -2.7947 0.2237 -1.7847 -3.4361 
35.6489 25.7926 -6.6958 -4.6876 5.4572 0.4756 -3.2664 -1.5070 -3.2713 -2.8166 0.5512 -1.4398 -3.1562 
34.5539 25.1700 -6.3316 -4.8102 4.9296 0.4344 -3.0311 -1.2971 -2.9473 -2.7082 0.2510 -1.6262 -3.0870 
33.1766 24.1211 -6.0078 -4.2021 5.2365 0.6052 -3.0915 -1.6703 -3.3545 -3.0352 0.0158 -1.6038 -3.0311 
32.9856 24.1768 -5.3484 -3.4679 5.4085 0.5366 -2.7723 -1.2379 -3.2708 -3.0271 0.1445 -1.5878 -2.9530 
32.3612 23.5851 -5.2727 -2.8760 5.9324 0.6881 -2.5585 -0.6161 -2.7897 -3.1693 -0.0911 -1.4459 -2.8876 
31.3345 22.2659 -5.7759 -2.3623 6.1552 -0.0346 -3.0580 -0.4108 -2.8898 -3.6899 -0.0383 -0.8535 -2.7202 
29.6036 21.1941 -4.9942 -1.6295 6.3263 0.2934 -2.8416 -0.6225 -2.9617 -3.5731 -0.1712 -0.8685 -2.2911 
27.6793 20.0573 -4.1975 -1.2413 5.9388 0.1907 -2.7302 -0.6616 -3.2161 -4.1320 -0.4623 -0.5175 -2.1970 
26.8551 19.6306 -3.6719 -1.0089 5.4069 -0.3124 -2.6043 -0.0216 -2.3321 -3.2010 0.2900 -0.1909 -2.3212 
26.4900 18.8023 -4.4383 -0.7071 6.1258 -0.6240 -3.4106 0.1597 -1.6449 -3.2804 -0.0941 -0.0668 -2.2989 
26.7458 18.1464 -5.8922 -1.2681 5.8382 -1.3793 -3.4751 0.7597 -1.8284 -4.0534 -0.3506 0.2261 -1.7436 
24.6849 16.2458 -6.0976 -1.1404 5.1536 -2.3420 -4.0240 0.2933 -2.4435 -4.5156 -0.7572 -0.3731 -2.3572 
22.6004 15.5140 -4.4294 -0.4965 5.1887 -0.7239 -2.1217 0.7734 -2.2290 -3.4163 0.4477 -0.0835 -2.6841 
21.2973 14.5773 -4.6377 -1.6006 3.7143 -1.3208 -2.3878 0.3341 -2.3456 -3.5368 -0.1947 -0.3284 -1.8485 
20.8441 13.8367 -5.2014 -1.4678 4.2162 -1.1813 -2.5517 0.3885 -2.0772 -3.4256 -0.4085 -0.8887 -2.6921 
21.3193 13.8076 -5.8274 -1.6078 4.0624 -1.7961 -2.4424 1.4335 -1.5424 -3.5756 -0.0800 -0.0382 -2.0775 
24.4496 14.1204 -9.0038 -1.1148 6.2567 -2.7419 -3.8247 1.7458 -1.8720 -3.9965 0.9916 0.4356 -2.9537 
26.3369 14.2068 -11.7191 -2.1719 7.3755 -1.8329 -2.9103 3.2205 -1.2633 -4.4924 0.6893 0.4263 -3.0950 
26.1926 15.3509 -9.7455 -2.2035 5.8825 -2.9673 -3.9385 2.4678 -0.9170 -3.9230 0.7934 0.8171 -2.6945 
24.5682 16.0851 -6.5893 -2.0312 4.7421 -1.7888 -2.9421 1.5599 -1.1956 -3.4673 0.2254 0.3991 -1.8947 
28.3365 22.0118 -1.1478 0.3665 4.6546 -2.4195 -4.4863 -1.0704 -2.8112 -3.3580 0.2448 -0.1195 -1.6966 
30.1069 23.3853 -1.4893 -0.0613 5.0895 -2.1451 -5.4157 -2.6226 -3.7527 -3.5741 -0.0870 -0.6375 -1.5327 
31.8095 23.9568 -2.9034 -0.5178 5.5349 -2.3267 -5.2816 -1.4694 -2.9585 -3.4938 0.1328 -0.5781 -1.8957 
31.6276 23.7782 -2.9929 -0.5571 5.5605 -2.5575 -6.1262 -2.4724 -3.3692 -3.4679 -0.0308 -0.8315 -1.7190 
31.8405 24.3032 -2.3108 -0.0604 6.1187 -1.7545 -5.4729 -2.1617 -3.2611 -3.5835 -0.2934 -1.0109 -1.8669 
30.7307 23.6024 -1.8406 0.1747 5.6348 -1.9527 -5.1320 -2.3105 -4.1540 -4.2001 -0.2542 -1.0668 -2.2709 
32.4140 24.3965 -3.0252 -0.6178 5.5803 -2.5078 -5.7259 -1.9454 -3.4463 -4.0511 -0.4323 -1.0783 -2.2339 
32.1074 24.2902 -2.7664 -0.5239 5.4764 -2.5100 -5.6604 -1.9046 -3.3092 -3.7706 -0.0863 -0.7398 -1.9651 
32.4578 24.9789 -2.0881 -0.4738 5.0607 -2.7656 -5.6825 -1.9127 -3.2389 -3.5682 0.0826 -0.5611 -1.4828 
33.6629 25.8115 -2.4180 -0.8072 5.0411 -2.7399 -5.4567 -1.6052 -3.1110 -3.2933 0.4696 -0.6700 -1.7765 
34.0394 26.1752 -2.7138 -1.9165 3.8669 -3.2502 -5.3879 -1.3435 -3.0078 -3.6124 -0.0037 -0.8755 -1.9813 
35.6087 26.4523 -4.5282 -2.8298 3.6591 -4.1720 -5.8614 -0.7917 -2.7774 -3.7824 0.0544 -1.1646 -2.5943 
36.6079 26.9829 -5.1329 -3.3631 3.3955 -4.5388 -5.8651 -0.1386 -2.0473 -3.4031 0.0729 -1.5089 -3.0820 
36.5627 27.3286 -4.4482 -3.1514 3.2374 -4.4134 -5.5012 0.2027 -1.5847 -2.8806 0.2882 -1.6197 -3.2620 
36.2720 27.2002 -4.1901 -3.0074 3.0389 -4.5551 -5.3308 0.4218 -1.4057 -2.5469 0.4574 -2.1046 -3.9157 
36.8876 26.8301 -5.5997 -3.1277 3.8465 -4.4018 -5.3280 0.8206 -1.4744 -3.0879 0.4363 -1.6223 -3.7129 
34.6261 25.9832 -3.8504 -2.7408 2.7006 -4.3867 -4.4609 0.8587 -1.7064 -2.7796 0.3818 -2.6510 -4.5439 
33.7550 25.4189 -3.8417 -3.1966 2.2355 -4.2512 -4.3553 0.7511 -1.7171 -3.2254 -0.4866 -2.7951 -4.1301 
32.3812 24.9256 -2.5877 -2.3284 2.5423 -3.4706 -3.4736 1.3594 -0.8859 -2.3410 0.0438 -2.3037 -3.8111 
33.3243 25.8230 -2.6308 -3.1835 1.4738 -4.0446 -3.5407 1.1719 -1.2015 -2.3529 -0.1158 -3.0551 -4.2326 
31.7428 24.5205 -2.6669 -2.9837 1.7669 -3.6827 -3.6126 0.9578 -1.3814 -3.2491 -1.1312 -2.6229 -3.2058 
32.4273 24.7862 -3.1890 -3.1151 2.1269 -3.5221 -3.4564 1.4896 -0.9991 -3.3739 -1.1664 -2.2013 -2.8688 
31.3286 23.4645 -4.0926 -3.7378 1.7193 -3.7808 -3.8502 0.8215 -1.6618 -3.8217 -1.5975 -2.7340 -3.2741 
30.5763 23.2812 -3.1789 -2.9009 2.5282 -2.3694 -2.3417 1.8169 -0.9382 -3.0718 -0.7300 -1.7557 -2.5867 
30.6024 22.4142 -4.5967 -2.8973 3.3594 -2.5147 -2.8148 2.3999 -0.0455 -3.0438 -1.0686 -1.7205 -2.7211 
30.1099 21.6827 -5.2616 -2.9630 4.1612 -1.7446 -2.9569 1.8039 -0.4873 -3.3663 -0.9925 -1.1713 -2.7136 
30.2139 20.7397 -6.8080 -2.8365 4.9430 -2.3748 -3.9156 1.8428 -0.6440 -4.2602 -1.0961 -0.1359 -2.1312 
31.0457 19.1473 -10.1003 -2.2195 7.4634 -2.3896 -4.4828 2.7167 -0.4530 -4.9527 -0.9645 0.1926 -2.2458 
32.1811 18.7090 -12.1466 -2.1032 8.8358 -2.4051 -5.1027 2.4621 -0.5868 -4.3646 -0.1163 -0.1327 -2.5771 
32.0715 17.9334 -13.2635 -2.4007 8.6538 -3.3366 -5.9381 2.0428 -1.2235 -4.4914 0.9943 0.5799 -3.5214 
30.2886 16.3122 -13.1117 -1.7778 7.9483 -4.6188 -6.0378 2.3351 -2.1124 -5.7708 0.5890 0.6307 -3.5989 
30.2100 16.3352 -12.4843 -0.6433 8.6250 -4.2981 -4.9686 3.9563 -0.8869 -4.8535 1.4030 1.0698 -3.2206 
28.8530 14.4399 -13.9474 -1.2704 8.3719 -4.7577 -5.4487 3.6610 -1.3332 -5.5564 0.8022 0.5253 -4.2257 
29.7938 15.0369 -14.0247 -0.7808 9.2049 -4.2276 -4.6616 4.7810 -0.7694 -5.2964 1.8202 2.1326 -2.7844 
29.0786 14.1257 -14.7374 -1.3497 8.6977 -4.7299 -5.1945 4.2659 -1.1639 -5.5654 1.5729 1.7876 -3.3005 
30.5476 15.7612 -13.8901 -0.8433 9.3620 -3.7505 -3.9247 5.5534 -0.3095 -5.1323 2.1365 2.6696 -2.5745 
30.4532 15.3723 -14.8553 -1.8938 8.9753 -4.0528 -4.9953 4.5639 -0.3090 -4.9971 1.6199 2.0056 -2.9886 
31.2944 15.9552 -15.5917 -3.1082 8.8984 -3.2052 -4.8928 3.6734 -1.2768 -5.9038 0.8666 2.0007 -2.6529 
30.6902 15.7052 -15.4088 -3.2921 9.3454 -1.6986 -4.3179 2.6890 -1.5759 -4.7386 1.5992 1.7282 -2.4167 
30.0285 16.7316 -12.9228 -3.0043 8.4416 -1.4440 -4.1924 2.0591 -1.5668 -4.7851 0.3215 0.4497 -2.9871 
36.9938 24.4966 -10.1584 -4.2196 7.5153 -0.1943 -3.2594 1.0217 -2.8166 -5.1533 -0.4593 -0.9146 -3.1301 
37.0165 25.6464 -8.2253 -3.8448 6.5942 -0.9188 -4.0345 0.0476 -3.1210 -4.8761 -0.2017 -0.4843 -2.5873 
35.5233 24.6110 -7.7962 -3.3677 6.5246 -1.4200 -4.7773 -0.2236 -2.8745 -5.1304 -0.8496 -0.4821 -2.1651 
33.9429 23.6396 -7.7064 -4.4765 4.9952 -1.3109 -3.8440 -0.1553 -3.5554 -5.9826 -1.6177 -0.7644 -2.2077 
31.0278 21.5970 -6.7199 -3.0849 5.7507 -0.3761 -2.8031 0.6113 -2.9565 -5.8150 -1.7531 -0.2349 -1.1798 
27.6597 19.0607 -6.2893 -3.1031 4.0762 -1.8971 -3.3860 0.3200 -3.1181 -5.6524 -1.4835 -0.3182 -1.7732 
26.4149 18.6840 -5.2248 -2.7746 4.0278 -0.9040 -2.2110 0.6754 -3.0058 -5.5913 -1.7518 -0.4518 -1.7360 
24.9794 17.8043 -4.3902 -1.8780 3.9538 -1.4363 -2.6807 0.3095 -3.1034 -5.3683 -1.6072 -0.6213 -1.9041 
28.4373 19.8622 -6.7161 -4.8916 2.7077 -1.6289 -2.3593 1.5111 -1.4152 -4.2876 -1.6697 -1.1675 -1.7923 
28.8200 19.0293 -8.5133 -5.1822 2.9415 -2.3499 -2.5726 2.2607 -1.2562 -4.5330 -1.2797 -0.6558 -1.4039 
30.4326 18.9528 -10.5702 -5.0408 4.0709 -3.2909 -3.7800 2.6665 -1.0187 -5.2399 -1.4949 -0.2277 -1.2684 
31.5983 17.3549 -14.2762 -4.1921 7.5866 -2.3984 -4.0449 3.2339 -1.3911 -6.0429 -0.8868 0.3203 -1.7899 
32.2081 16.3222 -16.8901 -4.9656 7.9436 -3.0268 -4.4909 3.6254 -1.5932 -6.4649 -0.3900 0.6549 -2.4253 
31.3203 15.9419 -16.0298 -4.0687 8.3457 -2.6967 -4.0389 4.1018 -1.0785 -5.8212 0.3311 1.0031 -2.7737 
29.5620 14.9915 -14.9104 -3.2545 7.9738 -3.0289 -3.9660 4.0339 -1.0825 -5.5405 0.3824 0.7359 -2.9713 
28.8981 14.8161 -14.0389 -2.3826 8.4926 -2.5197 -3.4840 4.4980 -0.4071 -4.9474 0.4509 0.5871 -2.8718 
28.2870 14.2458 -13.7071 -1.5899 8.2642 -3.5416 -3.5750 5.2413 -0.0914 -4.7354 1.2057 1.2148 -2.7723 
27.5768 13.1570 -14.2233 -1.1684 8.2163 -4.3469 -3.4811 6.0579 -0.3505 -5.6350 1.2675 1.8052 -2.7571 
27.2465 13.0173 -13.9003 -0.9637 7.8013 -5.3412 -4.6483 5.1349 -1.0100 -6.3787 0.3999 1.1876 -3.1536 
25.8026 13.2659 -11.1554 0.4726 7.7953 -4.5605 -3.7502 4.8936 -1.3472 -6.0388 0.7041 1.0823 -3.3674 
24.1470 13.0724 -9.6108 -0.2593 5.8099 -4.6469 -3.1130 4.6163 -1.1956 -5.1350 0.9445 0.8390 -3.2386 
22.2037 12.1720 -8.8246 -0.6471 5.2590 -3.8588 -2.9428 3.5827 -1.4883 -4.8974 0.4527 0.4502 -3.0287 
21.5558 12.4503 -7.1500 0.5283 5.5304 -3.8458 -3.2547 3.1613 -1.5044 -4.9049 0.1907 0.5524 -2.5649 
21.4404 12.7063 -7.1633 -0.7282 4.6291 -3.3392 -2.9431 2.7401 -1.3423 -4.2522 0.3315 0.4529 -2.4048 
21.1152 13.0627 -6.3046 -0.8836 4.1248 -3.2523 -3.0157 2.4837 -0.8732 -3.5585 0.2964 -0.0114 -2.8169 
20.7603 12.4770 -7.5987 -2.5163 4.3132 -1.2819 -2.1083 1.9677 -0.4510 -2.1896 0.7722 -0.0912 -2.1216 
31.7422 19.1687 -12.3811 -5.5541 6.1965 -1.7312 -5.3979 -0.0303 -1.4962 -3.5999 -0.0418 0.0210 -1.5002 
31.8339 17.5032 -14.6965 -4.5244 8.6525 -1.1667 -5.2749 0.5872 -2.0553 -4.6406 0.2042 0.6911 -1.2906 
31.0213 16.6227 -14.9928 -4.7275 7.7339 -2.3624 -5.5819 1.1323 -1.4350 -4.0868 0.5732 0.3894 -2.1513 
31.1820 17.4402 -14.4199 -5.6099 7.5234 -0.6265 -4.2362 1.0573 -1.5310 -4.2168 -0.1246 0.1281 -1.7117 
30.9660 18.3376 -12.9958 -6.0600 6.5802 -0.2540 -3.9303 0.4874 -2.1564 -5.0427 -1.0451 -0.0110 -1.7544 
29.8721 18.6837 -10.7776 -5.3326 5.8343 -0.5060 -4.2401 -0.5337 -2.6392 -4.7885 -1.1053 -0.1371 -1.3717 
28.9254 18.7858 -9.0934 -4.5537 5.6343 0.1845 -2.9365 -0.1983 -3.1123 -4.9956 -0.9214 0.1452 -1.0660 
32.4994 22.7127 -7.7497 -4.8027 6.2895 1.9169 -2.2608 -0.7653 -3.0563 -4.2294 -0.9653 -0.7607 -1.6813 
33.2665 23.6028 -7.3010 -4.6934 6.3730 2.0136 -2.6027 -1.9610 -4.7822 -5.6659 -1.8444 -1.5078 -2.3677 
29.8271 21.9022 -4.8533 -3.1333 5.2877 1.0608 -2.2901 -1.3944 -3.9721 -4.4477 -1.1213 -1.5855 -2.4789 
33.0072 23.9611 -6.4700 -5.0308 5.1849 1.5353 -2.4485 -1.9334 -4.4237 -4.7403 -1.3660 -1.8120 -2.4328 
32.8067 23.5277 -6.9338 -4.7438 6.6645 3.3488 -1.4994 -1.8145 -4.2977 -4.3666 -1.0612 -1.6602 -2.2401 
31.0138 22.6166 -5.6286 -4.0214 5.2847 1.4481 -2.3284 -1.9024 -4.3383 -4.1650 -0.5275 -1.5964 -3.2338 
32.2764 23.1612 -6.7158 -4.5711 6.3577 2.9513 -1.5927 -1.8017 -4.2503 -3.9559 -0.4398 -1.5058 -2.7059 
31.4334 22.8176 -6.1853 -4.8252 5.0857 2.0240 -1.5475 -1.3335 -3.9745 -4.1322 -1.1040 -2.5261 -3.7054 
32.9902 23.8641 -7.0869 -6.0651 5.0436 2.5905 -1.6423 -1.8427 -3.9374 -3.7292 -1.0364 -2.5578 -3.2230 
29.9316 21.4586 -6.2008 -4.2268 5.5152 2.0162 -1.7351 -1.0141 -3.0365 -3.4690 -1.0271 -2.1107 -2.6296 
28.5735 21.0048 -4.9098 -3.8748 4.0661 0.6265 -1.8114 -0.4326 -2.8846 -3.8975 -1.3122 -2.0156 -3.0198 
26.9658 19.6479 -4.7472 -3.4146 3.7405 -0.1692 -2.3300 -0.4449 -2.3388 -2.7569 0.0200 -1.1245 -2.6940 
27.4021 19.9994 -4.4956 -2.6580 4.5550 -0.1673 -2.7702 -0.3961 -1.9342 -2.6438 -0.0282 -0.8894 -2.3235 
25.3309 18.4673 -3.7600 -1.4307 4.9073 -0.1729 -2.3558 0.1696 -1.8777 -3.0655 -0.2688 -0.6955 -2.2391 
24.5901 17.8662 -3.7878 -1.4763 4.7102 -0.4292 -2.7710 -0.2503 -2.0516 -3.0213 -0.0310 -0.4393 -2.3955 
22.8670 16.1357 -4.2405 -1.6956 3.6111 -1.7141 -3.0856 -0.0926 -2.4086 -3.7929 -0.8311 -1.0137 -2.3316 
22.2042 15.6270 -4.0782 -1.3923 3.7127 -1.6743 -2.9047 0.3190 -1.7850 -3.0695 -0.1220 -0.5002 -2.2375 
21.3738 14.7910 -4.5298 -1.8246 3.5569 -1.3066 -2.3605 0.8432 -1.2312 -2.6339 0.1950 -0.1826 -2.1845 
20.6264 13.8772 -5.0733 -1.8598 3.9867 -0.7879 -2.1971 0.5101 -2.0073 -3.6554 -0.5596 -0.2863 -1.8848 
20.5015 14.0649 -4.3393 -1.3291 3.7933 -1.0183 -1.8188 1.0725 -1.5085 -2.9525 -0.1388 -0.7045 -2.4574 
20.0072 13.6414 -4.5375 -1.7092 3.3825 -1.3168 -2.0371 1.2247 -1.1123 -2.9231 -0.2204 -0.3323 -2.1510 
20.0481 13.4590 -4.9775 -2.0229 3.2101 -1.4986 -2.1112 1.3390 -0.9173 -2.7282 -0.0953 -0.3082 -2.1607 
19.5549 13.0024 -4.9572 -1.6768 3.6165 -1.2249 -2.0664 1.1629 -1.2315 -3.0932 -0.4718 -0.6037 -2.0917 
19.0148 12.3860 -5.2396 -1.8026 3.2656 -1.7290 -2.2678 1.2490 -1.2908 -3.2253 -0.2049 -0.0648 -1.9047 
18.7091 12.5578 -4.4591 -1.4988 3.0888 -1.6823 -2.1733 1.0429 -1.2990 -2.6469 0.5219 0.4204 -1.5224 
18.3270 12.1328 -4.5952 -1.4065 3.1242 -1.8349 -2.2546 1.4278 -0.4454 -1.9645 0.3951 -0.2872 -2.1028 
18.4804 11.9344 -5.2181 -1.7115 3.1239 -2.0566 -2.6224 1.0264 -1.3962 -3.6129 -1.2399 -1.4008 -2.8195 
18.3467 12.0477 -4.7650 -1.2223 3.8595 -1.1463 -2.1785 1.2221 -0.5466 -2.2672 -0.1739 -0.5641 -2.0402 
17.9484 11.6248 -5.2194 -2.0236 3.0854 -1.5220 -2.3794 0.9226 -1.0894 -3.0238 -0.6577 -0.5248 -2.0218 
18.4501 12.5372 -4.1056 -1.3639 2.8382 -2.0944 -2.4131 1.2967 -0.9455 -2.9834 -0.2853 -0.1105 -1.8540 
18.1743 12.0137 -4.5433 -1.2746 3.1921 -1.9207 -2.3583 1.5063 -0.4181 -2.3887 -0.2415 -0.6410 -2.4475 
17.8927 12.0363 -4.2257 -1.4438 2.8704 -1.7659 -2.2164 0.9822 -1.3459 -3.0516 -0.2843 -0.2102 -1.8066 
18.2108 11.9818 -4.7545 -1.4910 3.2285 -1.8034 -2.5357 0.9818 -1.1678 -3.1349 -0.5140 -0.2735 -1.8486 
19.1649 12.1690 -5.7745 -1.6744 4.1781 -0.6696 -1.4442 1.8236 -0.6896 -2.5109 -0.0153 -0.5924 -2.0804 
23.8737 14.7157 -8.5539 -3.8704 3.8290 -1.7186 -2.3369 2.3603 -0.5272 -3.4955 -0.6422 -0.4269 -1.7574 
19.5348 12.6412 -5.7783 -2.4959 2.9081 -1.9710 -2.4385 1.6178 -0.3969 -2.4828 0.0607 -0.0241 -1.8706 
18.3586 11.8435 -4.9225 -0.9015 3.9649 -1.6728 -2.6377 0.9166 -1.2405 -2.8704 -0.0412 -0.2195 -1.9358 
17.9454 11.5506 -5.0494 -1.4055 3.3881 -1.8964 -2.7858 0.6730 -1.4528 -3.1891 -0.4382 -0.3300 -1.7883 
17.9785 11.7907 -4.6837 -1.3715 3.2070 -1.7034 -2.1446 1.3373 -0.9182 -2.6481 0.1778 0.4209 -0.9739 
17.5584 11.6054 -4.2277 -0.7273 3.7468 -1.3560 -2.1895 0.8913 -1.3747 -2.7238 0.4064 0.4448 -1.4176 
17.7695 12.1177 -3.8782 -1.2337 2.9789 -1.6451 -2.4167 0.4968 -1.4110 -2.5222 0.2124 -0.0452 -1.7937 
17.7635 11.6791 -4.7265 -1.7428 2.7960 -1.8091 -2.3428 0.7544 -1.4795 -2.9704 -0.3571 -0.7123 -2.4776 
17.4980 11.6069 -4.2930 -1.0922 3.3598 -1.5805 -2.4986 0.5074 -1.6454 -3.0586 -0.0378 0.2070 -1.5097 
16.8129 11.1709 -4.1453 -1.1949 3.0890 -1.3757 -1.8670 1.1582 -1.3307 -3.4868 -1.0029 -0.3588 -1.3613 
17.0429 11.4208 -4.0825 -1.2732 3.0990 -1.1916 -1.7783 1.1453 -0.7383 -1.9864 0.3006 -0.3847 -2.1847 
16.8088 10.7975 -4.7757 -1.4333 3.0480 -1.4231 -1.5405 1.7128 -0.9109 -2.8829 -0.3838 -0.6879 -2.4413 
17.1002 11.0627 -4.7775 -1.5642 2.9017 -1.6282 -1.7915 1.4956 -1.1941 -3.3451 -0.7885 -0.7465 -2.3551 
15.8994 10.3715 -4.3496 -1.4935 2.6726 -1.6739 -2.3231 0.6998 -1.0105 -2.4318 -0.1666 -0.1901 -1.5850 
16.9111 11.1734 -4.2457 -1.1591 3.2391 -1.1549 -1.5176 1.6333 -0.5325 -2.3011 -0.2560 -0.7328 -2.0479 
16.5475 10.9613 -4.1766 -1.3507 2.7518 -1.7056 -2.0196 1.4741 -0.2822 -2.0991 -0.1414 -0.2925 -1.5771 
16.0033 10.5633 -4.2623 -1.7340 2.4060 -1.5376 -2.0815 0.4398 -1.6629 -2.9585 -0.5721 -0.6592 -1.7796 
14.8907 9.5108 -4.3469 -1.3919 2.4339 -1.9342 -2.4203 0.4834 -1.5215 -3.0107 -0.4809 -0.0978 -1.1233 
14.5281 9.7258 -3.4053 -0.9799 2.4358 -1.4080 -1.5215 1.2806 -0.6563 -2.0918 0.1158 0.2346 -0.7058 
15.1270 10.4725 -2.9077 -0.7809 2.3880 -1.5783 -1.7561 0.9320 -1.0645 -2.4091 -0.2443 -0.5190 -1.8005 
15.4217 10.4809 -3.3757 -1.1222 2.2577 -1.6158 -1.5282 1.2280 -1.1332 -2.6795 -0.4411 -0.8455 -2.2158 
14.7141 9.7262 -3.9354 -1.9451 1.3451 -2.1109 -1.5778 1.4794 -0.5578 -1.9254 0.3065 -0.0042 -1.4157 
15.3165 10.2376 -3.6296 -1.0956 2.4662 -1.6240 -1.8164 0.9881 -1.1143 -2.4870 -0.1468 -0.4158 -1.8996 
14.5353 9.6663 -3.7544 -1.5052 2.3229 -1.1210 -1.5230 0.9569 -0.7623 -2.0319 -0.0417 -0.1560 -1.3817 
14.5981 9.4667 -3.9224 -1.0079 2.6753 -1.5917 -1.7231 1.7629 -0.0145 -2.0993 -0.2691 -0.1310 -1.5336 
14.4202 9.2217 -4.3038 -1.5367 2.5024 -1.2551 -1.7744 0.5722 -1.7520 -3.4220 -1.2129 -1.1912 -2.5378 
14.7515 9.5722 -3.9591 -1.0450 2.6824 -1.5958 -1.9581 1.0478 -0.9294 -2.6508 -0.5379 -0.5017 -1.7460 
14.9453 9.9464 -3.7981 -1.3792 2.5923 -1.0781 -1.6218 1.0067 -0.6343 -2.0076 0.0421 0.2852 -0.6929 
14.7609 9.6826 -3.9989 -1.5406 2.2541 -1.4417 -1.4470 1.6663 -0.2174 -1.9874 -0.0277 -0.1820 -1.7441 
14.8192 9.6452 -4.0440 -1.2212 2.8678 -0.9530 -1.3401 1.3967 -0.6094 -2.1020 0.3074 0.4129 -1.2023 
14.7645 9.6149 -4.0189 -1.1714 2.9417 -1.0021 -1.6226 1.1730 -0.5532 -2.2092 -0.3828 -0.4179 -1.5166 
15.0345 10.0680 -3.4394 -0.7394 2.8503 -1.4197 -1.8575 1.1628 -0.4622 -1.8776 0.0490 -0.3214 -1.7249 
14.0053 9.2077 -3.6391 -1.0861 2.6262 -1.0761 -1.7492 0.4925 -1.1670 -2.1881 -0.3700 -1.0461 -2.4495 
14.2809 9.2941 -3.8216 -1.1677 2.2541 -1.8326 -1.8994 1.1616 -0.8376 -2.4442 -0.1572 -0.1201 -1.3919 
14.8963 9.8654 -3.7100 -1.1656 2.3454 -1.7776 -2.1230 0.5907 -1.3763 -2.5646 -0.0670 -0.1523 -1.5399 
14.9649 10.0261 -3.3251 -0.5494 2.9051 -1.4121 -1.7401 0.9384 -1.4692 -2.9281 0.0495 0.4415 -1.3137 
14.6379 9.6582 -3.7403 -1.1568 2.6215 -1.0797 -1.3462 1.1885 -0.8536 -2.1553 0.0371 -0.2820 -1.6540 
14.9087 9.6230 -4.2054 -1.4652 2.3127 -1.5445 -1.4543 1.3203 -1.3067 -3.0781 -0.4135 -0.0531 -1.3774 
16.5339 11.0717 -4.0119 -1.2277 3.2301 -0.9478 -1.8359 0.8412 -1.0681 -2.6090 -0.4064 -0.4205 -1.7878 
15.4959 9.9392 -4.7551 -2.2746 1.7298 -2.0958 -2.2114 0.6380 -1.4536 -2.6700 0.0489 -0.0223 -1.7192 
15.2824 10.0322 -4.2582 -1.8196 2.4108 -1.1737 -1.6069 1.1050 -0.7505 -2.2612 -0.0606 -0.0915 -1.8822 
15.0682 9.5244 -4.6964 -1.6930 2.5364 -1.5468 -2.0046 0.8351 -1.2458 -2.6967 -0.0578 0.0051 -1.7906 
15.1194 9.3614 -5.4252 -2.6303 2.2055 -1.3047 -1.8623 0.8555 -1.1946 -2.9571 -0.4765 0.0059 -1.7263 
15.5533 9.9424 -4.8287 -2.0430 2.5834 -1.1737 -2.1013 0.0974 -1.7884 -2.6627 0.0486 0.1490 -1.1968 
16.1251 10.7820 -3.9307 -1.2601 2.9286 -1.1479 -1.7396 0.9227 -1.2942 -2.9021 -0.4049 -0.3340 -2.0162 
16.0135 10.3586 -4.7990 -2.0973 2.6897 -0.9032 -1.5718 0.8877 -1.2384 -2.7178 -0.2055 0.0516 -1.3801 
15.5990 10.1766 -4.7412 -2.5084 2.1729 -1.2215 -2.1841 0.1463 -1.6238 -3.2441 -1.1463 -0.6533 -1.9353 
15.7545 10.1753 -4.5815 -1.5558 3.2531 -0.5683 -1.3280 1.3192 -0.7638 -2.4532 0.0847 0.4988 -1.3166 
15.6502 9.9912 -5.0666 -2.5572 2.0467 -1.6106 -2.2259 0.6253 -1.0115 -2.4449 -0.1105 0.2074 -1.2265 
15.2773 9.8546 -4.6480 -2.0557 2.5183 -1.0904 -1.9934 0.4474 -1.0396 -2.0130 0.3879 0.6328 -0.3805 
16.1894 10.3727 -5.0467 -2.2297 2.6155 -1.2758 -2.1394 0.4933 -1.4475 -2.9096 -0.3740 -0.0974 -1.5765 
16.5728 11.0372 -4.1859 -1.3564 3.2331 -1.0535 -2.0982 0.7032 -1.1872 -2.9988 -0.6570 -0.0047 -1.0751 
15.5046 9.7853 -5.0213 -2.2905 1.9019 -1.9590 -1.8545 1.3862 -0.8822 -2.7355 -0.1685 0.1497 -1.5298 
16.1755 10.7792 -4.3438 -1.9387 2.8310 -0.7985 -1.8638 0.5224 -1.3641 -2.8822 -0.2503 0.3849 -1.2400 
16.0391 10.5169 -4.5564 -1.9560 2.8130 -0.8810 -1.9701 0.3113 -1.3560 -2.3740 0.1136 0.2185 -1.2555 
16.0976 10.8181 -4.1042 -1.9875 2.1927 -1.3519 -1.7969 0.8349 -0.7959 -1.7777 0.5767 0.4282 -0.9236 
15.6344 10.4498 -3.9924 -1.6477 2.5230 -1.1717 -1.7361 0.8387 -1.2027 -2.8074 -0.4289 -0.0994 -1.4227 
15.5414 10.3162 -4.2208 -1.8751 2.6585 -0.8644 -1.8512 0.5933 -0.7594 -1.9099 -0.0016 -0.3011 -1.8248 
15.5454 9.9524 -4.9217 -2.3174 2.5028 -0.6253 -0.8759 1.7315 -0.3423 -2.0972 -0.3154 -0.5541 -1.8247 
15.0895 9.8522 -4.1824 -1.4179 3.0693 -0.4747 -1.1936 1.0747 -0.9836 -2.4408 -0.3157 -0.4995 -2.0258 
15.5491 10.1386 -4.3751 -1.5945 2.9134 -1.0277 -2.0647 0.3909 -1.2757 -2.5384 -0.3932 -0.4927 -1.8584 
15.9394 10.4667 -4.3069 -1.5948 2.8090 -0.8951 -1.3902 0.8185 -1.7301 -3.0325 -0.2296 -0.2307 -1.7536 
15.0131 9.7822 -4.1864 -1.4888 2.6458 -1.3835 -2.2391 0.5146 -0.8630 -2.1435 -0.3073 -0.4861 -1.5299 
15.7782 10.3469 -4.0921 -1.0846 3.0116 -1.5616 -2.4819 0.3878 -1.2636 -2.5989 -0.4697 -0.6509 -1.8045 
15.7059 10.3748 -4.2083 -1.5551 3.0202 -0.7828 -1.9889 0.0965 -1.7124 -2.8029 -0.3669 -0.2026 -1.4939 
15.2125 9.6545 -4.9115 -2.0810 2.7094 -0.9596 -1.7627 1.0657 -0.4692 -2.0619 -0.1284 -0.2239 -1.8838 
15.5305 10.1526 -4.4879 -2.3087 1.5238 -2.3769 -2.7623 0.1035 -1.5639 -2.8143 -0.6604 -0.9022 -2.3642 
16.0726 10.9164 -3.5942 -1.1782 2.6721 -1.3444 -1.6183 1.3724 -0.5903 -2.2997 -0.2399 -0.2698 -1.5865 
15.4087 9.9273 -4.3611 -1.2566 3.1347 -0.8853 -1.5717 0.6955 -1.8320 -3.1797 -0.2721 -0.2772 -2.2937 
14.7249 9.6705 -3.8907 -1.2507 2.6905 -1.1612 -1.8831 0.3793 -1.5056 -2.3580 0.2838 -0.0264 -1.9338 
15.4228 10.2604 -3.9440 -1.5654 2.3462 -1.4243 -1.8429 0.6103 -1.5177 -2.6830 -0.0454 -0.1384 -1.6651 
14.8390 9.9425 -3.5032 -0.9850 2.6885 -1.4043 -2.1460 0.5043 -0.9532 -2.0209 0.0711 -0.0653 -1.1827 
15.4676 10.3047 -3.7429 -1.0761 2.7412 -1.4077 -1.8562 0.9286 -1.0469 -2.4326 -0.0184 0.0357 -1.2770 
15.3430 10.1049 -3.8234 -0.7345 3.4847 -0.6739 -1.4545 0.9742 -1.2223 -2.5533 0.1436 0.3695 -0.9210 
