16.1462 10.4351 -4.6854 -1.9481 2.0675 -2.4465 -2.9470 0.1702 -1.8424 -3.4024 -0.9263 -0.9878 -2.4993 
16.2707 10.6499 -4.4771 -1.6542 2.8639 -1.1749 -1.8644 0.7511 -1.4202 -2.7879 -0.0279 -0.0116 -1.9091 
15.3131 9.8932 -4.3403 -1.5028 2.5691 -1.3550 -1.5455 1.2132 -1.0651 -2.4108 0.2964 0.1246 -1.6851 
14.8740 9.8128 -3.9095 -1.5014 2.1955 -1.6559 -2.0201 0.6549 -1.0924 -2.0441 0.5931 0.5439 -1.1866 
15.7760 10.7177 -3.3909 -0.9207 2.4885 -1.9928 -2.3914 0.6624 -1.0783 -2.2426 0.2863 0.1386 -1.4476 
15.2469 10.1695 -3.8081 -1.4516 2.2938 -1.4895 -1.6477 1.2635 -0.5115 -1.8053 0.2931 -0.3636 -2.4337 
15.5894 10.4402 -3.9407 -1.8021 2.1076 -1.2692 -1.4113 0.9164 -1.1568 -2.0954 0.1484 -0.5923 -2.0833 
15.7173 10.5046 -3.9641 -1.7067 2.0943 -1.8149 -2.2532 0.3933 -1.4222 -2.5713 -0.3580 -0.6425 -1.8714 
15.7261 10.5584 -3.6032 -1.0740 2.2794 -2.2142 -2.4479 0.5206 -1.5401 -2.6328 0.1566 -0.2654 -2.3282 
15.0959 9.9084 -3.8888 -1.1056 2.6392 -1.5609 -1.8597 1.2413 -0.4308 -1.8189 0.1170 -0.3999 -1.8025 
14.5270 9.6236 -3.6856 -1.2665 2.3464 -1.3912 -1.6599 0.9275 -1.1153 -2.6363 -0.5643 -0.5940 -1.7076 
15.1772 10.0853 -3.7463 -1.1450 2.5475 -1.7152 -2.2875 0.5524 -1.3040 -2.7845 -0.5682 -0.7681 -2.4479 
15.4594 10.5374 -3.3294 -1.0258 2.3710 -1.8446 -2.0591 1.1558 -0.5868 -2.2556 -0.2171 -0.3541 -2.0231 
15.1058 9.8682 -4.2482 -1.8052 2.2662 -1.1641 -1.2104 1.3307 -1.1713 -2.8611 -0.3591 -0.2362 -1.7646 
15.3621 10.3338 -3.5911 -1.0450 2.9582 -0.7843 -1.2819 1.1315 -0.9662 -2.2909 0.0688 -0.0421 -1.5755 
15.9225 10.7882 -3.7427 -1.4556 2.4934 -1.5895 -2.3860 0.2943 -1.4495 -2.7779 -0.2976 -0.1404 -1.8309 
14.6455 9.3313 -4.4905 -1.7574 2.3149 -1.4308 -1.5701 1.6043 -0.0985 -1.8892 -0.1691 -0.3041 -1.5531 
15.9992 10.9025 -3.4244 -0.9733 2.7512 -1.1989 -1.3142 1.4416 -0.7762 -2.0559 0.5681 0.3919 -1.3139 
15.0845 9.8157 -4.1898 -1.6624 2.0034 -1.9519 -2.0902 0.5638 -1.7042 -2.8900 -0.1506 -0.2589 -1.7088 
15.2692 10.3006 -3.3009 -0.8294 2.2004 -2.1616 -2.0865 0.8758 -1.2426 -2.4055 0.0332 -0.4405 -1.8879 
14.8927 10.0140 -3.2867 -0.7439 2.4296 -1.9458 -2.2499 0.6811 -0.9364 -1.9658 0.1109 -0.4117 -1.5761 
15.2341 10.3200 -3.1768 -0.6439 2.4551 -1.8272 -1.6564 1.3468 -1.0096 -2.5571 -0.1724 -0.4037 -1.7309 
14.2807 9.0980 -4.0352 -1.0353 2.4341 -1.6601 -1.5005 1.4024 -0.8579 -2.1566 0.1496 -0.5318 -2.1096 
15.2240 10.3962 -3.3943 -1.4766 1.8609 -1.6816 -1.4817 1.3660 -0.6621 -2.2653 -0.4547 -0.7245 -1.7202 
14.7572 9.7431 -3.7268 -1.1208 2.5490 -1.3008 -1.4820 1.0953 -1.2952 -2.9337 -0.5733 -0.4442 -1.5073 
15.3277 10.0145 -3.9810 -1.1057 2.5007 -1.9934 -2.2269 0.9194 -1.0993 -2.5706 -0.2639 -0.7519 -2.4179 
15.0105 10.1100 -3.2060 -0.6656 2.1782 -2.4230 -2.3037 0.9335 -1.2178 -2.6875 -0.2571 -0.6264 -2.2964 
14.9292 10.1177 -3.2047 -0.7904 2.4629 -1.5223 -1.3440 1.6076 -0.9473 -3.0242 -0.7055 -0.3329 -1.5092 
14.7859 9.5989 -3.7974 -0.7330 2.6739 -2.0518 -2.4797 0.5360 -1.4222 -2.7383 -0.1853 -0.1282 -1.4370 
13.9008 8.4021 -5.0726 -2.0570 1.9284 -2.0699 -2.5173 0.0101 -2.2277 -3.5254 -0.7772 -0.6204 -2.0425 
15.4001 10.2527 -3.7560 -1.2109 2.3233 -2.0768 -2.5334 0.5377 -1.0767 -2.4072 -0.3291 -0.6190 -1.9650 
15.4167 10.2773 -3.8209 -1.4615 2.1037 -1.8936 -2.0649 0.6540 -1.5212 -2.7740 -0.1484 -0.2993 -1.9112 
14.9523 9.7315 -3.9034 -1.0434 2.3603 -2.1191 -2.2390 0.8039 -1.4117 -2.8335 -0.2226 -0.4603 -2.1864 
14.8910 9.6129 -3.9456 -0.8834 2.4833 -2.2448 -2.3330 1.0549 -1.0190 -2.7165 -0.4586 -0.7808 -2.3532 
15.1075 9.6463 -4.3256 -0.9808 3.4736 -0.4999 -0.9744 1.6633 -0.5754 -2.1103 0.1212 -0.3279 -2.0432 
14.7107 9.8050 -3.4288 -0.7118 2.9042 -1.0535 -1.3190 1.2133 -1.1554 -2.6572 -0.1126 -0.0088 -1.3801 
15.6869 10.5331 -3.5289 -0.7437 2.9340 -1.5616 -2.0760 0.8642 -1.1253 -2.6064 -0.1880 -0.1942 -1.6097 
14.7155 10.0613 -2.9669 -0.5475 2.6742 -1.5727 -2.0258 0.8326 -0.7950 -2.0114 0.1973 0.0567 -1.2445 
14.0613 8.8648 -4.1587 -1.1289 2.0976 -2.7210 -3.1139 0.0959 -1.7950 -3.2703 -0.6770 -0.4013 -1.6671 
14.7812 9.5106 -4.3287 -1.8240 1.8202 -1.9026 -1.7266 1.0861 -1.1031 -2.3135 0.0672 -0.6051 -2.3705 
14.8033 9.8557 -3.6003 -1.0428 2.6459 -1.2736 -1.6740 0.9131 -1.1979 -2.7225 -0.4330 -0.3534 -1.6463 
14.0230 8.8671 -4.0546 -0.8062 3.0477 -1.0226 -1.4912 0.8939 -1.2519 -2.2727 0.1643 -0.4939 -2.3850 
14.9662 10.0099 -3.3565 -0.6823 2.6082 -1.4959 -1.2000 2.0300 0.0503 -1.2813 0.7717 -0.3056 -2.3892 
15.2706 9.9138 -4.1403 -1.2973 2.4865 -1.6338 -1.7602 0.9929 -1.4479 -3.0208 -0.6015 -0.6973 -1.8598 
15.0270 10.2706 -2.9248 -0.3381 2.7814 -1.7406 -2.0829 0.9066 -1.0022 -2.5294 -0.4263 -0.6736 -2.0711 
15.2230 10.1157 -3.7142 -1.1427 2.4486 -1.5691 -1.7311 0.9073 -1.4439 -2.9051 -0.4700 -0.5666 -1.8930 
16.0802 10.5821 -4.4097 -1.9819 2.1110 -1.7824 -1.9808 1.0024 -1.0566 -2.6243 -0.2067 -0.0683 -1.2669 
20.6501 12.8950 -7.2062 -3.6570 2.6731 -1.6848 -1.6958 2.2782 -0.3097 -2.3827 0.3889 -0.0396 -1.9776 
19.5668 12.4977 -6.1636 -2.9773 2.4768 -1.7574 -1.3608 2.5439 -0.2579 -2.4224 0.3796 0.1231 -1.6831 
16.2149 10.6865 -4.1105 -1.2332 2.6563 -1.8176 -1.9818 1.3106 -0.8004 -2.4114 0.0493 -0.1207 -1.6591 
14.8893 9.7852 -3.8869 -1.5798 1.5324 -2.3423 -1.6656 1.5124 -0.8728 -2.1316 0.7009 0.3652 -1.4387 
15.1177 10.0209 -3.8217 -1.2974 2.4220 -1.5755 -1.8225 1.1382 -0.8078 -2.4389 -0.3098 -0.3647 -1.6399 
15.3077 10.1797 -3.7798 -1.4368 1.8861 -2.0322 -1.6442 1.2757 -1.3935 -2.9425 0.1316 0.5527 -1.0219 
15.2340 10.2009 -3.5585 -1.1789 2.1045 -1.8135 -1.5830 1.1309 -1.3285 -2.6703 -0.2279 -0.6033 -1.9564 
15.1340 10.2830 -3.3634 -1.1671 2.1469 -1.9667 -2.2376 0.6988 -1.2908 -3.1116 -1.1025 -0.9841 -2.1386 
14.7721 9.8291 -3.5761 -0.9466 2.7464 -1.2727 -1.5879 1.4744 -0.2682 -2.1048 -0.4678 -0.6197 -1.6148 
15.2237 10.2558 -3.5724 -1.3264 2.0459 -2.0794 -2.1430 1.2167 -0.4004 -1.9091 0.2489 -0.0141 -1.8705 
15.5128 10.0976 -4.3215 -1.6501 2.3802 -1.5609 -1.9173 0.6993 -1.5057 -2.9527 -0.6422 -0.6942 -1.8248 
15.5572 10.0168 -4.2931 -1.0931 2.9880 -1.3781 -1.7445 1.1649 -1.0017 -2.4409 -0.1230 -0.6221 -2.2859 
16.0060 10.6609 -3.8735 -1.2292 2.3867 -2.1359 -2.4082 0.7879 -1.2256 -2.7784 -0.2742 -0.2084 -1.7963 
16.9444 10.3898 -5.7820 -2.1492 2.4642 -2.1627 -1.9774 1.4940 -1.3410 -3.1851 -0.3800 -0.7858 -2.5492 
19.7905 12.8030 -6.1239 -3.4732 1.7026 -2.4756 -2.0358 2.1187 -0.1021 -2.0809 0.4583 0.4178 -1.0678 
16.4632 11.2449 -3.5090 -1.1280 2.4636 -1.8463 -2.0098 1.0487 -1.0817 -2.5401 0.0650 0.1880 -0.9863 
15.0504 9.5439 -4.3444 -1.1146 2.5372 -2.0786 -2.0753 1.3257 -0.8516 -2.5196 -0.1142 -0.4384 -2.2207 
15.4632 9.9405 -4.3540 -1.3400 2.5097 -1.8342 -1.8332 1.4722 -0.6723 -2.3422 -0.1226 -0.6226 -2.2563 
14.7677 9.8957 -3.4608 -1.0858 2.2327 -1.7922 -1.9647 0.8284 -1.1523 -2.5114 -0.2351 -0.3963 -1.7962 
15.1471 9.8299 -4.1696 -1.3797 2.4764 -1.6237 -1.9606 0.7847 -1.2245 -2.3140 0.2903 -0.0779 -1.8930 
14.7834 9.4655 -4.1078 -0.9802 2.5886 -2.2096 -2.8727 0.0451 -1.8344 -2.9856 -0.2845 -0.2418 -1.4994 
15.3444 10.1736 -3.6558 -0.6442 3.2889 -0.9876 -1.3060 1.8310 -0.2732 -2.2170 -0.0701 -0.1526 -1.9069 
15.3326 9.9087 -4.3823 -1.5830 2.4264 -1.8719 -2.5361 0.2711 -1.6674 -3.0710 -0.5343 -0.4523 -2.0060 
14.5967 9.3200 -4.2831 -1.3282 2.5951 -1.6515 -2.2622 0.6791 -0.8802 -2.0688 0.2232 0.0786 -1.3869 
15.8195 10.5631 -3.8505 -1.2655 2.6147 -1.5327 -1.9834 0.7968 -1.2381 -2.6585 -0.2878 -0.4543 -1.9896 
15.1028 10.0096 -3.5780 -0.6895 2.9553 -1.3087 -1.6093 1.2107 -0.8844 -2.2514 0.0972 -0.2396 -1.8036 
14.3708 9.2232 -3.8463 -0.6560 2.9089 -1.4603 -1.6821 1.1916 -0.9295 -2.2259 0.3172 0.2284 -1.2158 
14.7507 9.5756 -3.9020 -0.8803 2.9388 -1.2582 -1.5087 1.6019 -0.3003 -1.9803 0.0621 -0.0718 -1.4407 
14.5339 9.0937 -4.8069 -2.0087 2.1380 -1.6555 -2.0407 0.6352 -1.4251 -2.8512 -0.4327 -0.5467 -2.3194 
15.0131 9.7779 -3.8891 -0.8810 2.7577 -1.7142 -1.8894 1.4011 -0.6560 -2.4174 -0.0134 0.0972 -1.4763 
15.1874 10.4212 -2.7973 -0.1175 2.9486 -1.6703 -1.9477 1.0285 -1.0105 -2.3799 0.1563 0.1210 -1.5233 
15.5746 10.7610 -2.9168 -0.5198 2.7482 -1.4203 -1.4963 1.3068 -1.0263 -2.6262 -0.2627 -0.3975 -1.9809 
15.3979 10.3421 -3.5465 -0.9130 2.9316 -1.0215 -1.4483 1.0998 -0.9910 -2.2927 0.0071 -0.3877 -2.0917 
14.1192 8.6984 -4.7535 -1.9008 1.5158 -2.7589 -2.5581 0.8127 -1.2709 -2.8816 -0.4462 -0.5244 -2.0563 
14.6320 9.2004 -4.7931 -2.2038 1.6227 -2.3273 -2.5253 0.3546 -1.7979 -3.3231 -0.6410 -0.3222 -1.8805 
15.6959 10.6863 -3.3589 -0.8915 2.8382 -1.0423 -1.3109 1.2147 -1.0186 -2.4181 -0.1547 -0.3009 -1.4730 
15.7681 10.7308 -3.2428 -0.6995 2.5797 -1.7328 -1.5877 1.5172 -0.8493 -2.5968 -0.4168 -0.6264 -1.5754 
15.4579 10.1401 -3.8815 -0.9974 2.4365 -2.1707 -2.0810 1.5255 -0.4495 -2.2437 -0.0511 -0.1802 -1.6196 
14.7128 9.4779 -4.3614 -1.8582 1.9312 -2.0983 -2.6492 0.2083 -1.2401 -2.3024 -0.1293 -0.4692 -2.0569 
15.0049 9.9368 -3.5230 -0.6123 2.8543 -1.5943 -1.8117 1.1620 -1.1349 -2.8351 -0.3790 -0.3286 -1.8207 
15.0793 9.7412 -4.2776 -1.5369 2.3293 -1.7141 -2.0887 0.4999 -1.6260 -2.6959 -0.0402 -0.4111 -2.1386 
14.3814 9.0280 -4.5310 -1.6799 2.0673 -1.7121 -1.3649 1.5706 -1.2059 -3.2418 -0.7682 -0.6841 -2.2697 
15.1332 9.9501 -4.0089 -1.3651 2.6199 -1.3820 -1.9847 0.7058 -1.1797 -2.6295 -0.3029 -0.0884 -1.2645 
15.7224 9.9561 -4.8344 -1.6648 2.7007 -1.7072 -2.2365 1.0841 -0.5607 -2.2744 -0.4976 -0.8002 -1.8685 
16.6444 10.5876 -5.1521 -1.9977 2.7465 -1.6229 -2.2834 0.7807 -1.2668 -2.9371 -0.5333 -0.4344 -1.5883 
19.0311 11.4411 -6.9365 -2.1337 4.0861 -1.7007 -2.9087 1.2834 -0.8707 -3.1576 -0.0108 0.4097 -1.8531 
21.4507 12.0593 -9.0411 -2.0835 5.7185 -1.8967 -3.7352 1.7372 -0.6477 -3.8509 -0.1762 0.7983 -1.8190 
24.6189 12.3606 -12.6149 -2.3562 7.3829 -3.1329 -5.4592 2.2125 -0.2055 -4.1325 -0.0702 0.4517 -2.4166 
26.7849 12.3384 -15.5195 -2.3513 10.0777 -2.0497 -6.0179 1.9633 -0.1896 -3.8522 0.6049 0.4702 -3.1234 
29.0620 13.8810 -15.8887 -2.2145 10.6089 -2.2134 -6.0430 2.4731 0.0709 -3.6467 1.2780 1.3971 -1.9606 
29.0446 12.7961 -17.4209 -2.3358 10.4885 -3.1297 -5.9251 3.2166 -0.2683 -3.9614 1.7489 1.1024 -2.8372 
29.4302 13.0200 -17.3530 -1.9119 10.8799 -2.8568 -5.2652 3.8546 -0.1683 -3.7731 2.2232 1.1172 -3.2167 
29.3221 12.7086 -17.3501 -1.1411 11.2889 -3.4723 -5.7605 3.9305 -0.4429 -4.3409 2.1558 1.1392 -3.6543 
29.0601 12.5441 -17.2129 -0.8321 11.7921 -2.9825 -5.6802 3.6534 -0.7865 -4.6399 2.0579 1.1959 -3.9945 
29.7055 13.3353 -16.5144 -0.5159 11.0193 -4.0754 -5.4241 4.9814 0.1665 -4.0900 2.7946 1.9271 -3.4071 
30.7578 14.8751 -15.2272 -0.0694 10.7119 -4.3613 -5.1485 5.5741 0.3990 -4.4641 2.3231 1.8609 -3.2311 
29.2704 12.8468 -16.4874 -0.0956 10.9767 -4.4796 -5.1673 5.5375 -0.3047 -5.3647 1.9795 1.7853 -3.4396 
29.0303 12.7908 -16.4235 -0.3092 11.1180 -3.7667 -4.9239 5.1160 -0.3152 -4.8208 2.2224 1.6259 -3.5684 
30.8688 14.6485 -15.7663 -0.0886 11.2024 -4.1567 -5.4863 5.2397 0.5455 -4.1752 2.0883 1.3713 -3.1230 
30.1774 13.4860 -16.7566 -0.2544 11.4306 -4.1202 -5.5110 5.0510 -0.0814 -4.8233 1.7585 1.0041 -3.6166 
30.8353 14.2600 -16.4473 -0.3139 11.5365 -3.7893 -5.3118 5.2994 0.4981 -4.2650 2.1243 1.4793 -3.2485 
31.9222 15.1924 -16.6106 -0.8639 11.4305 -3.5810 -5.4606 4.7357 0.1485 -4.1018 2.3998 1.5680 -3.1483 
31.2318 14.5012 -17.5363 -2.7077 9.9205 -3.8682 -5.7341 3.7517 -0.8345 -4.8050 1.8591 1.3307 -3.4186 
31.2435 14.9545 -17.4403 -4.3054 8.1159 -4.2202 -5.8153 2.8017 -1.8168 -5.3473 1.1977 0.4995 -4.0601 
30.9056 15.8147 -15.3139 -3.2051 8.4515 -3.4213 -5.3751 2.4498 -1.9530 -5.4097 0.6125 0.3970 -3.0117 
29.3268 15.3433 -14.1848 -3.5172 7.1917 -3.8426 -5.8719 1.4795 -2.0473 -4.8788 0.6408 0.1792 -3.5080 
34.5467 21.8601 -9.8116 -1.4386 7.8022 -3.6815 -5.3934 2.5320 -0.9886 -4.6424 -0.0344 -0.8225 -4.1029 
42.0072 28.8836 -9.9064 -5.2086 6.3205 -2.2099 -5.0709 0.6164 -1.9428 -3.5078 0.8756 -0.9379 -3.6821 
42.0256 28.4810 -10.9945 -6.4585 5.2666 -3.1468 -5.9168 -0.0853 -2.4870 -3.7236 0.9882 -1.0001 -4.0777 
41.0817 28.4644 -9.5784 -5.8538 4.9698 -2.8222 -5.0658 0.4184 -2.2723 -3.6139 1.0168 -0.7138 -3.6132 
41.0397 28.7556 -9.0544 -5.8486 4.6416 -2.7578 -4.6745 0.6111 -2.2763 -3.3955 1.5544 -0.2219 -3.3599 
42.7183 29.6291 -10.2715 -6.7219 5.2717 -2.1631 -5.1958 -0.1100 -2.2631 -3.0321 1.4519 -0.8769 -3.8034 
43.0437 29.7513 -10.5044 -6.7498 5.3576 -2.3331 -5.2077 0.3310 -2.1589 -3.6067 1.2214 -0.4232 -3.7406 
41.7044 29.0431 -9.8942 -6.6541 5.0366 -2.0655 -5.0096 0.0392 -2.0347 -3.2637 0.8017 -0.9956 -3.6869 
40.7193 29.0518 -8.9021 -7.1940 4.1302 -1.4926 -4.5123 -0.6549 -2.5876 -3.2728 0.5957 -1.2889 -3.9058 
38.9490 28.0916 -7.7680 -6.1217 4.3304 -1.4867 -4.3467 -0.0873 -1.9144 -3.5059 -0.0897 -0.9316 -3.1622 
36.7912 26.4550 -6.6887 -3.9633 5.1286 -2.1408 -4.7349 0.1798 -2.0555 -4.0088 0.0876 -0.3129 -3.1707 
35.1055 25.6184 -5.9149 -4.2537 3.9424 -2.1832 -4.1504 -0.0384 -2.3929 -3.6818 0.3846 -0.2097 -2.6503 
33.7530 23.9219 -6.9298 -4.4913 4.0311 -1.9502 -3.6223 0.4703 -2.1928 -3.3734 0.8031 -0.5191 -3.6862 
34.3956 23.9151 -7.1932 -3.2409 5.1610 -2.3402 -3.5713 1.5102 -2.1379 -4.1180 0.7737 -0.4600 -4.1492 
35.4699 25.4016 -6.4857 -3.6196 5.0737 -1.9022 -4.1111 0.4136 -2.0156 -3.4420 0.4683 -0.9675 -3.8086 
36.7682 27.3169 -5.9168 -5.1888 4.3763 -0.4834 -3.7148 -0.9523 -2.3368 -2.5592 0.6560 -1.0637 -3.2675 
37.2196 27.0487 -7.7731 -7.6278 2.5003 -1.6856 -4.9439 -2.5140 -3.5543 -3.1704 -0.3056 -2.6749 -4.4991 
38.7347 28.8609 -6.2963 -6.2114 3.6219 -0.5554 -3.3740 -1.2626 -2.9186 -2.0571 1.3038 -1.6633 -3.6995 
38.5445 28.8419 -6.2761 -6.5768 3.4434 -0.2495 -3.3072 -1.7298 -3.4563 -2.3085 1.4242 -1.5712 -4.2131 
38.5034 27.7518 -7.5145 -5.7248 4.4508 -1.1191 -3.8685 -0.7253 -3.0836 -3.2783 0.9714 -0.8541 -3.5655 
35.3005 26.0782 -6.2121 -5.9383 3.4876 0.1342 -2.1578 -0.4617 -2.7180 -2.5325 0.5833 -1.8955 -4.2042 
34.8847 25.9617 -5.9494 -5.7898 4.0417 0.7785 -2.5720 -1.3132 -2.8242 -2.4225 0.4559 -1.7566 -4.1431 
34.6890 25.9017 -5.3915 -4.9158 4.3260 0.5777 -2.3940 -0.7904 -2.3656 -1.9746 0.6623 -1.8872 -3.8028 
34.1342 25.2085 -5.6947 -4.7285 4.4655 0.2431 -2.7564 -0.8146 -2.5353 -2.4153 0.6966 -1.3084 -3.5641 
32.5801 24.2130 -5.0156 -4.2731 3.8024 -0.4485 -2.7444 -0.7445 -3.0407 -3.1649 0.3883 -1.1094 -3.4946 
32.1752 24.3312 -4.0340 -3.3880 4.3784 -0.0883 -2.8934 -0.9870 -2.5729 -2.3561 0.7505 -1.0034 -3.2578 
31.4855 23.8717 -3.5509 -2.5446 4.8251 -0.0659 -2.7694 -0.7139 -2.7370 -2.8954 0.7907 -0.2681 -2.8899 
30.4264 22.2507 -4.5598 -2.3347 4.7925 -1.1678 -3.5677 -0.7214 -3.0317 -3.6308 0.1122 -1.0144 -3.6008 
29.3436 21.9834 -3.3512 -1.6691 4.8285 -0.3740 -2.3236 -0.0989 -2.7758 -3.2424 0.4687 -0.5348 -2.7025 
29.2572 21.7568 -3.6514 -1.7990 4.8043 -0.6940 -3.1280 -1.0907 -3.5324 -3.6641 0.2223 -0.6866 -2.7765 
29.3190 21.9698 -3.5815 -1.8619 5.4504 0.1788 -3.2018 -1.1586 -2.4612 -2.7423 0.0751 -0.7129 -2.1316 
28.1689 20.6507 -3.9016 -1.3564 5.4856 -0.4048 -3.2185 -0.7171 -2.6503 -3.3453 -0.3080 -1.2192 -2.7684 
26.4883 19.6049 -3.0928 -0.6421 5.3151 -0.4463 -2.5813 0.1969 -1.8238 -2.6892 0.2058 -0.8950 -2.8815 
25.7250 19.1071 -2.8500 -0.4514 5.3298 -0.3101 -2.4163 0.3019 -1.7838 -2.8156 0.1654 -0.5371 -2.4642 
24.3337 17.8013 -2.9270 0.0643 5.7534 0.1534 -1.6104 1.1908 -1.2224 -2.6009 0.2389 -0.5082 -2.6052 
24.3005 17.8772 -2.8494 -0.2178 5.1633 -0.4880 -2.1780 0.7712 -1.5375 -2.8558 0.1441 -0.6327 -3.0162 
24.1307 17.6398 -2.9457 -0.0548 5.4343 -0.1649 -1.6541 1.3051 -1.4964 -3.3560 -0.2928 -0.4623 -2.4355 
23.8348 17.3057 -3.0795 0.1590 6.0823 0.5496 -1.3004 1.5685 -0.9004 -2.7449 -0.1340 -0.5954 -2.6257 
23.9393 17.0587 -4.0102 -0.7406 6.0369 1.0387 -1.1136 1.4307 -0.9327 -2.5622 0.2571 -0.1423 -2.4486 
24.0411 17.1228 -4.0849 -0.9911 5.6289 0.8235 -0.9606 1.5035 -1.2092 -2.9182 -0.0885 -0.4610 -2.4237 
24.2711 17.5536 -3.3223 -0.0633 6.0550 0.6081 -1.1735 1.5866 -1.1058 -2.8310 0.0632 -0.4597 -2.5722 
24.9549 18.6569 -2.4062 0.1396 5.9325 0.4165 -2.0699 0.0543 -2.1944 -3.2818 -0.3761 -0.7065 -2.2587 
26.1885 19.8637 -2.1986 -0.3139 5.1599 -0.4647 -2.8243 -0.6136 -2.9850 -4.0157 -0.6774 -0.6735 -2.3021 
27.6710 21.0886 -2.3702 -0.8597 4.8728 -0.9331 -3.9371 -1.9287 -3.4450 -3.4511 -0.2929 -1.0426 -2.4171 
29.2215 22.6090 -2.1228 -1.3480 4.4560 -0.8628 -3.6679 -2.2556 -4.4638 -4.0778 0.1597 -0.2299 -2.0356 
31.0617 24.0699 -2.5587 -2.0526 4.9826 0.1830 -3.6402 -3.1132 -4.7535 -3.4170 0.6548 -0.5223 -2.3304 
32.3304 24.1552 -3.7896 -1.2884 6.7105 -0.1552 -4.9054 -3.0771 -4.5147 -4.1144 0.3541 0.0712 -2.2755 
33.0512 24.8969 -3.7677 -2.0430 5.6765 -0.8578 -5.2969 -3.4472 -4.4307 -3.2166 0.9672 -0.5533 -2.8700 
33.1531 25.5659 -2.9545 -2.3053 5.0320 -0.7907 -5.2801 -4.0260 -4.4211 -2.0557 2.1833 -0.0024 -2.5406 
34.6199 26.4181 -3.5802 -2.6296 5.0298 -1.4614 -5.9686 -3.8807 -4.0208 -1.8771 2.3437 -0.0691 -2.9597 
34.8484 26.6043 -3.7259 -3.0114 4.7475 -1.5905 -6.2496 -4.2415 -3.9399 -1.4234 2.3930 -0.6268 -3.4754 
37.1562 26.9882 -5.9875 -3.0750 5.7592 -2.5037 -6.6972 -2.5113 -2.7969 -1.8732 2.2179 -0.2459 -3.3031 
36.0789 26.6092 -5.5984 -3.9299 4.7158 -2.4011 -6.9153 -3.5319 -2.9271 -1.0826 2.3698 -0.9666 -4.1046 
36.6558 27.4576 -5.2314 -4.5180 4.0883 -2.1091 -6.2035 -3.1425 -2.7215 -0.8250 2.4948 -1.0864 -4.2357 
37.8560 28.0289 -5.9577 -4.7168 4.4755 -2.3112 -6.4409 -2.4594 -2.0431 -1.0360 2.2021 -0.9709 -4.3407 
38.8112 28.2939 -6.5460 -4.2917 5.2563 -2.2954 -6.2188 -1.6144 -1.5132 -0.8876 2.3914 -0.7449 -3.8305 
38.1779 27.6871 -6.7979 -4.6363 4.7805 -2.5800 -6.3461 -1.8238 -1.7486 -1.0681 2.0846 -1.1842 -4.0976 
38.3492 27.7663 -6.8977 -4.7092 4.7296 -2.4991 -5.8891 -1.2812 -1.6965 -1.4461 1.7861 -1.2510 -4.0964 
38.8107 28.2869 -6.8686 -5.3586 4.0164 -2.2669 -4.8100 -0.7000 -2.1577 -1.8955 1.9079 -1.3962 -4.6343 
38.4394 28.1319 -6.9113 -5.9217 3.6675 -1.9014 -4.5539 -0.8708 -2.3848 -2.3116 1.4911 -1.2236 -4.4686 
38.0510 27.4427 -7.4957 -6.0583 3.5480 -2.0757 -4.1795 -0.3230 -2.6786 -3.1208 1.1816 -1.2017 -4.8026 
36.2559 26.5182 -6.3398 -5.1849 3.6486 -1.5838 -3.4441 0.1304 -2.1583 -2.6735 1.2185 -0.8520 -4.0554 
34.3270 25.8459 -4.8845 -4.6925 3.7889 -0.3203 -2.8916 -0.6334 -2.2135 -2.2416 0.7146 -1.1197 -3.2246 
33.6513 25.4548 -4.6893 -4.8245 3.3273 -0.6080 -2.9755 -0.7025 -2.6552 -3.2184 0.0409 -0.9320 -3.0530 
33.2054 25.0054 -4.5921 -4.3758 3.4851 -0.5762 -2.6669 -0.6201 -3.0058 -3.4454 -0.1596 -1.3626 -3.1949 
32.2101 24.4749 -4.0186 -3.7580 4.0849 0.0546 -2.5655 -0.7730 -2.7876 -3.0907 0.1901 -0.8986 -3.0316 
31.1382 23.3361 -3.8688 -2.5080 4.5943 -0.7138 -3.0768 -0.4903 -2.5195 -2.8910 0.5400 -0.7755 -3.1237 
29.5942 22.3030 -3.3285 -1.9552 4.7790 -0.2030 -2.5201 -0.4025 -2.4821 -2.6271 0.7299 -0.6433 -3.0252 
28.3392 20.9328 -4.0182 -2.2321 4.7069 -0.4034 -3.0167 -0.7210 -2.5440 -3.1765 -0.3123 -1.3642 -3.5151 
27.9194 21.2106 -2.8753 -1.7038 4.6871 -0.0504 -2.2692 0.3366 -1.2055 -2.2160 -0.0064 -1.1416 -3.1066 
27.0170 20.2846 -2.8700 -1.0198 4.9974 -0.3285 -2.4009 0.2633 -1.8912 -3.1068 -0.2264 -0.7399 -2.5159 
26.5289 19.8977 -2.6617 -0.6237 4.8535 -1.1048 -3.0577 0.2959 -1.4335 -2.6440 0.1838 -0.5157 -2.6814 
24.4493 17.9006 -3.1662 -0.8107 4.2999 -1.5003 -2.9668 0.4922 -1.3562 -2.5092 0.4095 -0.3117 -2.3623 
23.8107 17.2894 -3.1640 -0.5319 4.2868 -1.6289 -2.6051 1.1224 -1.2523 -2.9541 0.1065 -0.2400 -2.3747 
23.3235 17.1149 -3.1976 -1.4395 3.5456 -1.0400 -1.7598 1.1068 -1.5875 -2.9874 0.2838 -0.0015 -2.1955 
22.4145 16.0310 -3.5497 -1.0363 3.8063 -1.2718 -1.7390 1.6630 -1.0120 -2.5630 0.6577 0.2227 -1.9516 
22.1020 15.5769 -4.0742 -1.5355 3.5850 -1.2337 -1.5301 2.2196 -0.2566 -2.1432 0.7595 0.3349 -2.0588 
21.3238 14.7992 -3.9746 -0.8025 3.8077 -1.9770 -2.4629 1.6501 -0.6453 -2.4721 0.5228 0.2066 -1.8823 
20.9090 14.4234 -4.5475 -2.0636 2.8772 -1.9566 -2.5931 0.8479 -1.3024 -2.7811 0.1852 0.1319 -1.5426 
20.2237 13.7152 -4.7382 -1.9495 3.0625 -1.5383 -1.8245 1.5702 -0.9916 -2.6445 0.5343 0.6648 -1.1170 
20.4433 13.8682 -4.7833 -1.9702 3.0506 -1.7052 -2.0414 1.4688 -1.1003 -2.9690 -0.1568 -0.4960 -2.3983 
20.8101 14.3062 -4.5017 -1.8379 3.0206 -1.8588 -2.1806 1.4458 -1.0082 -2.7138 0.4045 0.1593 -2.4430 
20.5920 13.6115 -5.6163 -2.4592 3.3730 -1.1991 -2.1002 0.9586 -1.3818 -2.7532 0.3260 0.1125 -1.9596 
19.9491 13.3397 -4.8656 -1.6746 3.3559 -1.5766 -2.1596 0.9870 -1.6661 -3.0888 0.2630 0.2615 -1.6323 
20.9718 14.6062 -3.8667 -0.7039 4.3680 -0.7404 -1.5684 1.5998 -0.7877 -2.1194 0.7792 0.0324 -2.0729 
25.5879 19.7073 -1.3034 0.5455 5.3272 -0.2609 -2.1338 -0.3172 -3.6059 -4.6835 -0.7591 -0.6295 -2.4605 
29.0970 21.8092 -3.4437 -1.7071 5.4042 0.4473 -2.4245 -0.9892 -3.5116 -3.7250 0.2180 -0.2237 -2.2264 
29.4147 22.0696 -3.4893 -1.8171 5.2930 0.0438 -3.0669 -1.3138 -3.4266 -3.8077 -0.2259 -0.5992 -2.3288 
32.2943 24.4359 -4.3366 -3.9642 4.4942 0.7088 -2.5582 -1.2340 -2.7302 -2.6592 0.0073 -1.5298 -3.1911 
37.0494 27.5734 -6.1365 -5.8617 3.8516 -0.6374 -3.9231 -1.1510 -1.9995 -2.0376 0.4716 -1.7419 -3.4250 
37.0173 27.4638 -6.4381 -6.2921 3.4787 -1.1285 -4.7732 -1.9716 -2.2833 -1.9307 0.6342 -1.5678 -3.3693 
38.5382 28.2347 -7.2912 -6.6407 3.8493 -1.1054 -4.7950 -1.5813 -1.9372 -1.7043 0.9239 -1.5199 -3.4901 
38.9977 28.5172 -7.5181 -6.7404 4.0747 -1.1828 -5.2510 -1.6360 -1.5698 -1.6600 0.8243 -1.1556 -3.1981 
39.9025 28.6361 -8.0826 -5.8421 5.1905 -1.5404 -5.6377 -1.1286 -1.2901 -1.6169 1.2512 -0.9328 -3.2360 
39.6111 28.3963 -8.4348 -6.7968 4.1751 -2.0404 -6.0260 -1.7058 -1.7552 -1.9617 0.7529 -1.5417 -3.7754 
41.1317 29.2153 -8.9758 -6.3953 5.3297 -1.8075 -6.1071 -0.9293 -0.9297 -1.7800 1.0511 -0.8926 -3.3110 
40.8813 29.3174 -8.5156 -6.4219 5.0086 -1.8888 -6.1980 -1.1260 -0.8983 -1.7084 0.8861 -0.9757 -3.2391 
41.3726 29.2966 -9.2006 -6.5759 5.2514 -1.8110 -6.0575 -1.0509 -1.1110 -1.6308 1.2321 -1.1196 -3.4923 
40.5142 28.9468 -8.7082 -6.6468 4.8645 -1.7145 -6.0090 -1.2193 -0.8203 -1.2792 0.9428 -1.3778 -3.2407 
40.6392 28.9595 -8.8795 -6.8344 4.6065 -1.9364 -5.9427 -1.0396 -0.8015 -1.3567 0.7419 -1.7441 -3.3925 
40.7368 28.9568 -8.9079 -6.6215 4.7970 -1.9621 -5.9540 -1.0461 -0.9522 -1.4373 0.8432 -1.7120 -3.5136 
39.9957 28.7435 -8.3650 -6.5352 4.9287 -1.3789 -5.9598 -1.4866 -0.7025 -1.0173 0.7110 -1.6073 -3.0020 
39.3893 28.3400 -8.0731 -6.3910 4.3232 -1.9634 -5.7088 -1.0677 -0.8798 -1.1754 1.0063 -1.6454 -3.5426 
39.8172 28.3211 -8.4916 -6.0769 4.8228 -1.9922 -5.5500 -0.6482 -1.1084 -1.7385 1.0219 -1.3739 -3.5705 
39.8229 28.4581 -8.6017 -6.8181 4.2495 -1.9288 -5.5565 -0.9744 -1.3950 -2.1494 0.4326 -1.6756 -3.6366 
39.9020 28.5037 -8.3665 -6.2333 4.6534 -1.6805 -4.8590 -0.2683 -1.4077 -2.2359 0.9689 -1.0827 -3.3913 
39.0574 27.7207 -8.8353 -7.0584 4.0709 -1.2475 -4.3967 -0.8364 -2.2564 -2.6550 0.4603 -1.6387 -3.4487 
39.9551 27.9663 -9.2573 -6.3100 5.1306 -0.9518 -3.7231 0.1457 -2.4424 -3.2103 1.0561 -0.7207 -3.1327 
39.2799 27.8757 -8.6347 -6.3998 4.9448 -0.3391 -3.5051 -0.8111 -3.4782 -3.6133 1.0405 -0.3005 -2.3943 
39.3212 27.6551 -9.2356 -7.0529 4.3352 -0.8535 -3.7426 -0.8821 -3.6304 -3.8215 0.7527 -0.8439 -2.9939 
39.2874 27.9742 -8.6306 -6.6908 4.8622 0.0840 -3.2189 -1.0763 -3.7931 -3.5872 1.1630 -0.3807 -2.7262 
38.4625 27.1977 -9.0245 -7.1157 4.7073 0.0892 -3.7389 -1.8747 -4.3937 -4.3763 0.2920 -0.6209 -2.7406 
37.3852 25.8371 -9.5651 -6.7054 4.9400 -0.3016 -3.9638 -1.8323 -4.5069 -4.3105 0.6958 -0.3945 -2.7216 
36.9227 26.7913 -7.1975 -5.6329 5.4745 1.2806 -2.8495 -1.8524 -3.8865 -3.1518 0.8057 -0.7160 -2.2284 
36.2718 26.4950 -7.0176 -6.2074 4.4829 0.9415 -2.9077 -2.2957 -4.3374 -3.4687 0.1948 -1.3864 -2.5931 
33.9170 24.6832 -6.3569 -5.0322 4.4745 0.2187 -2.8526 -1.1413 -3.4669 -3.6530 0.1148 -0.8100 -2.5525 
31.5282 23.6235 -4.9253 -5.0843 2.7119 -0.7613 -3.2029 -1.9871 -4.4205 -4.5320 -0.7785 -1.1803 -2.8482 
32.0397 24.0209 -4.5556 -3.9504 4.1004 0.1435 -2.4348 -1.1175 -3.7785 -4.0128 -0.2001 -0.8295 -2.5822 
31.2432 23.4384 -4.3890 -3.7047 4.2122 0.1218 -2.8295 -1.6404 -3.8904 -3.8438 -0.0707 -0.5312 -2.1036 
30.9429 23.3620 -3.8483 -3.2284 3.8382 -0.5201 -2.5645 -0.7745 -3.5317 -3.7822 0.4479 -0.0489 -2.3075 
29.8275 22.3862 -3.5386 -1.9342 5.2843 0.4458 -2.1089 -0.4930 -3.3254 -3.8202 0.3228 0.1598 -1.8592 
27.9558 21.0535 -3.1299 -1.7837 4.4998 -0.1989 -2.0918 -0.2113 -3.2357 -4.0059 0.3230 0.5142 -1.9628 
31.1820 22.5276 -6.1789 -4.6191 4.8187 1.2538 -1.6945 -0.2284 -2.4498 -3.0177 -0.1113 -1.3925 -3.0805 
28.6848 20.7525 -5.1824 -3.2466 4.7016 0.3061 -2.0804 0.1587 -2.1848 -3.4009 -0.5408 -1.3410 -3.0062 
26.0763 18.7791 -4.3162 -1.8442 4.6678 -0.3903 -2.0933 0.5762 -2.0533 -3.3966 -0.2243 -0.6050 -2.0878 
24.8116 17.6425 -4.6435 -2.2739 4.0403 -0.7842 -2.2574 0.6525 -1.7232 -3.1841 -0.2137 -0.5283 -2.1780 
22.7318 15.9363 -4.4901 -1.9675 3.5841 -1.0546 -1.5753 1.6095 -1.4935 -3.5466 -0.2860 -0.2439 -2.2609 
22.0654 15.4732 -4.3843 -1.8981 3.5613 -1.3104 -2.4132 0.8530 -1.3486 -3.0530 -0.1288 -0.0686 -1.8758 
21.5259 15.0609 -4.3349 -2.0424 3.0094 -1.6119 -2.1679 1.0959 -1.4231 -3.2430 -0.3414 -0.2031 -1.8528 
20.4484 14.0936 -4.3623 -1.7322 3.1774 -1.5869 -2.3807 0.5719 -1.8080 -3.0470 0.1589 0.1885 -1.4482 
20.5579 13.9280 -4.7963 -2.0822 2.5227 -2.4944 -2.7137 0.6862 -2.0975 -3.6962 -0.4700 -0.5758 -2.2391 
19.8858 13.1778 -5.2244 -2.3055 2.5129 -2.2666 -2.2219 1.4472 -1.3282 -2.9761 0.6316 0.7697 -1.4229 
20.1581 13.4717 -4.9468 -1.7915 3.0356 -2.3295 -2.8898 0.8651 -1.3813 -2.7548 0.7080 0.5639 -1.7839 
20.8463 13.6168 -5.4367 -1.4102 3.6988 -2.4785 -2.7570 2.0552 -0.6142 -3.2038 0.2110 0.4707 -2.2174 
20.4101 13.3182 -5.3570 -1.3328 3.9132 -2.0539 -2.7657 1.4127 -1.1601 -3.3631 0.1478 0.8638 -0.9329 
19.7242 13.2952 -4.6737 -1.8005 2.8557 -2.1115 -2.5250 0.8963 -1.5884 -3.2138 -0.2843 -0.6902 -2.7973 
20.2670 13.2605 -5.7303 -2.4424 3.1902 -1.7126 -2.4774 1.1307 -1.1106 -2.9073 0.0728 0.1094 -1.9079 
20.3639 12.3630 -7.1285 -2.3010 3.6528 -2.6977 -3.7750 0.5002 -1.8355 -3.8714 -0.6397 -0.3677 -2.2545 
19.6710 12.6584 -5.3915 -1.0716 4.4345 -1.3128 -2.6189 0.4706 -2.1329 -3.3592 0.3631 0.3325 -1.7928 
19.6567 12.8896 -5.1344 -1.3709 3.9493 -1.5044 -2.6662 0.6818 -1.5092 -2.9794 -0.0137 -0.3385 -2.1682 
18.5711 11.4693 -6.1300 -1.8855 3.5441 -1.7773 -2.2795 1.6817 -0.6336 -2.6505 -0.0277 -0.3753 -2.2364 
19.0579 12.0622 -5.5026 -1.1533 3.7631 -2.3443 -2.9398 1.3361 -0.9494 -2.8552 0.1537 -0.2456 -2.5486 
20.1997 11.6619 -7.6943 -1.5223 4.6865 -2.4525 -3.1652 1.9420 -0.6212 -2.8732 0.5540 0.1478 -2.4331 
26.3136 14.2701 -12.2051 -3.4978 6.6913 -1.7157 -3.7304 1.8087 -1.4033 -3.7487 1.0527 0.6843 -2.7913 
33.0522 17.7866 -15.9757 -5.8371 6.5568 -3.4696 -5.3184 1.3661 -3.2915 -5.9652 0.8145 0.6698 -3.3512 
33.4950 19.0519 -14.3880 -4.8304 7.9419 -1.6935 -4.7452 1.3726 -2.3542 -5.3470 0.2938 1.1187 -1.2647 
30.1480 17.3131 -12.8284 -4.5647 7.2869 -0.4546 -2.9245 2.0321 -1.8684 -4.6069 0.7916 1.6008 -1.0750 
28.0077 16.4284 -11.6452 -4.9147 5.9300 -0.6193 -3.0784 1.0417 -2.0850 -4.0796 0.4836 0.6655 -1.7202 
25.2334 15.2626 -9.5137 -3.7161 5.6180 -0.3854 -2.5823 1.2258 -1.6734 -4.0869 -0.3379 0.4319 -1.3132 
25.5450 16.4769 -7.3864 -1.9149 6.7142 0.2996 -2.2712 1.4219 -1.2850 -3.6954 -0.1337 0.4116 -1.5629 
31.1705 23.1726 -4.1533 -2.4551 4.6674 -1.0858 -2.8867 1.1943 -1.0975 -3.8471 -1.5419 -1.5146 -2.4974 
32.8067 25.1875 -3.2809 -3.0075 3.8740 -1.1529 -2.7686 1.0422 -1.0879 -3.8675 -2.3889 -2.7638 -2.7727 
35.0230 26.7014 -4.2912 -4.5178 3.2674 -1.1762 -2.9214 0.5464 -1.2387 -3.2073 -2.1883 -3.9409 -3.5749 
37.8477 28.1980 -6.1519 -5.9127 3.8877 -0.2561 -2.7197 0.0747 -2.2456 -3.8171 -1.6181 -3.0038 -3.2463 
38.5520 28.1710 -7.4339 -6.7803 4.0031 0.1662 -2.5429 -0.5511 -3.6617 -4.7223 -1.3209 -2.5899 -3.4340 
39.3773 28.3398 -8.2622 -6.7551 4.9186 0.6559 -2.3730 -0.0573 -3.4137 -5.0943 -1.3740 -1.8347 -2.8259 
39.1214 28.2721 -8.1930 -6.9659 5.1542 1.7399 -1.7399 -0.7307 -4.2819 -5.1614 -1.1881 -1.9498 -2.8992 
38.5325 27.5786 -8.5753 -6.8876 5.7261 2.2425 -1.9246 -1.3181 -4.6996 -5.4399 -1.4032 -1.9904 -3.1528 
39.0397 27.9698 -8.3356 -6.1976 6.5483 2.9291 -1.1269 -0.7279 -4.4942 -4.9012 -0.5592 -1.7083 -3.1685 
38.9586 27.4694 -8.8896 -6.0463 6.6030 2.2405 -1.7206 -0.9139 -4.7647 -4.9009 0.0475 -1.2995 -3.4438 
38.6906 27.0490 -9.1607 -5.7751 7.2464 2.5314 -1.9922 -1.2197 -4.8925 -5.1095 -0.0550 -0.9403 -3.0607 
38.4125 26.9736 -9.1762 -6.3952 6.6902 2.8159 -1.5774 -1.4886 -5.4311 -5.3080 -0.1096 -1.2560 -3.3982 
38.0441 27.1103 -8.6085 -6.4548 6.7219 3.4862 -1.3054 -1.6493 -5.1398 -5.1088 -0.4834 -1.2515 -3.0216 
37.5763 26.5127 -8.5934 -5.6472 7.2371 3.2006 -1.5868 -1.7245 -5.4310 -5.2026 0.0021 -0.7791 -2.8473 
36.9798 26.0208 -8.8706 -6.2862 6.5402 2.5945 -2.4270 -2.2661 -5.2607 -5.2889 -0.6910 -1.0530 -2.7610 
36.0320 25.8181 -7.7258 -5.4603 6.9286 3.1754 -2.1828 -2.4762 -5.0436 -4.6123 -0.1844 -0.6651 -2.3444 
35.3012 25.4383 -7.1278 -4.8063 7.0872 3.2017 -1.9366 -2.1498 -4.8897 -4.6466 -0.2537 -0.6990 -2.3868 
35.0706 24.6553 -7.9301 -4.7061 7.0114 2.1358 -2.6417 -1.7959 -4.5621 -4.8410 -0.5484 -1.0699 -2.8959 
33.4964 23.8290 -7.1237 -4.1305 7.4929 3.0993 -2.0333 -1.4235 -3.7146 -4.3604 -0.7479 -0.6386 -1.8510 
32.4941 22.9386 -7.1754 -3.9295 7.4796 2.7765 -2.3973 -1.3239 -3.3673 -4.5406 -1.1053 -0.2006 -1.1574 
30.8913 21.6567 -7.0504 -3.9505 6.5605 1.9528 -2.5148 -1.3951 -3.8099 -5.0727 -1.7529 -1.1738 -2.1411 
30.0171 21.1162 -6.3667 -2.7519 7.6076 2.8865 -1.5713 -0.6468 -3.3159 -4.4735 -0.9228 -0.5383 -1.8467 
29.1445 20.3855 -6.3107 -2.5584 7.3246 2.0430 -2.3625 -0.5665 -2.5502 -3.8827 -0.5923 -0.2642 -2.0403 
26.9624 18.0284 -7.4920 -3.4720 6.0742 0.8358 -3.1961 -1.3810 -3.8219 -5.5120 -1.8870 -0.8018 -2.4760 
26.6666 18.1762 -6.7914 -3.3374 5.7038 1.2085 -1.8239 -0.0051 -2.8310 -4.2448 -0.2130 0.4493 -1.8280 
25.2753 17.1694 -6.4616 -3.1981 4.9566 0.4641 -1.9824 0.1919 -2.3742 -3.7995 -0.4271 -0.1198 -1.6577 
24.4491 16.0834 -7.1768 -3.4849 4.4661 -0.7018 -3.2489 -0.4840 -2.8095 -4.6068 -1.3617 -0.7552 -2.2674 
24.2698 15.7608 -7.0647 -2.5151 5.2684 -0.6573 -2.7645 0.8320 -2.1133 -4.8477 -1.1306 0.1625 -1.6768 
26.1016 15.5854 -9.3880 -1.9217 7.2371 -0.9890 -3.5045 1.4954 -1.6918 -4.8403 -0.7722 -0.1339 -2.3745 
27.7720 14.5222 -13.4453 -3.1549 7.3844 -2.9336 -5.0985 1.6748 -1.8045 -4.7116 0.4626 0.0677 -3.2738 
27.9486 14.1680 -13.8926 -2.3462 8.5360 -2.3473 -3.9735 3.3866 -1.1341 -5.1280 0.2729 0.2611 -3.2216 
28.1004 13.9292 -14.1012 -1.7641 8.4808 -3.6716 -4.7846 3.4433 -1.5610 -5.4325 1.3837 1.7259 -2.6645 
28.6620 13.7753 -15.0566 -1.9852 8.5407 -3.9545 -4.5425 4.0537 -1.6713 -5.9122 1.1820 1.3443 -3.4881 
29.4547 14.2429 -15.3623 -2.1012 8.6135 -4.1887 -4.6549 4.5563 -0.8142 -4.8032 2.7159 2.9264 -2.3357 
30.4904 15.3038 -14.8477 -1.6919 8.8508 -4.3477 -4.9552 4.2116 -1.5003 -5.7578 1.9179 2.3685 -2.8237 
31.0646 15.8321 -14.7248 -1.4189 9.6479 -3.4648 -4.5079 4.4208 -1.1360 -5.3492 2.0488 2.1478 -3.1673 
30.7787 15.0696 -15.9340 -2.3565 9.4167 -3.3620 -4.6380 4.0629 -1.1834 -4.9362 2.2247 1.5586 -4.0334 
30.0591 14.7734 -15.5425 -2.6472 8.3891 -4.2239 -5.2861 3.3614 -1.6838 -5.1492 2.0018 1.3316 -3.9248 
31.2639 16.3507 -14.8597 -2.8578 8.9624 -2.7027 -4.5117 3.4964 -1.0661 -4.7945 1.5332 1.1059 -3.9477 
30.3312 15.5360 -15.7746 -4.7858 7.6135 -2.8335 -5.4464 1.5163 -2.2735 -5.3712 0.6007 0.6886 -3.1882 
31.2609 18.7596 -10.7018 -1.3431 9.3312 -0.9963 -4.0715 1.9831 -1.4432 -4.5158 0.1766 -0.0341 -2.9525 
37.9728 25.5809 -9.8023 -4.4716 7.1873 -0.4524 -3.7779 0.2917 -3.2536 -5.2280 -0.6734 -1.5524 -3.8901 
36.4902 25.3602 -7.7431 -3.1215 7.1225 -0.5237 -3.7191 0.0249 -3.7095 -5.8569 -1.1351 -1.0840 -2.8267 
37.3388 26.2949 -7.8511 -4.3786 6.0787 -0.5941 -3.7801 -0.5236 -3.8101 -5.0539 -0.2896 -0.9516 -3.0676 
36.7229 25.8647 -7.8540 -4.6047 5.9540 -0.1023 -3.1988 -0.3268 -3.7258 -5.0480 -0.4100 -0.6279 -2.1593 
37.5326 26.8087 -7.6728 -5.1552 5.7549 0.3906 -2.9756 -0.6686 -3.9872 -5.1553 -0.5465 -0.4541 -1.8151 
36.3296 26.0092 -7.4986 -5.3334 5.4944 0.8620 -2.4898 -0.9322 -4.5437 -5.5586 -0.9638 -0.9599 -2.0841 
33.2594 23.7400 -6.7683 -4.4674 5.2806 0.9714 -1.5476 -0.0273 -4.0540 -5.3245 -0.8935 -0.9652 -2.2962 
29.9304 21.7655 -5.3259 -3.8938 3.9785 0.1822 -1.3069 0.3171 -3.7571 -5.0884 -0.4981 0.1241 -1.2347 
29.3696 20.8783 -5.9265 -3.6513 4.4701 -0.0349 -2.0128 -0.0161 -3.5884 -4.9931 -0.8335 -0.4510 -1.8323 
27.8626 20.2971 -4.5634 -2.8141 4.1467 -0.1286 -1.6364 -0.0132 -4.1352 -5.6501 -1.2374 -0.6126 -2.0290 
26.9597 19.8972 -3.7951 -2.1254 4.1022 -0.8530 -2.4913 0.0974 -3.1691 -5.2818 -1.4441 -0.1334 -1.2317 
31.7833 20.0326 -10.5348 -5.0509 4.1104 -3.1171 -3.0757 2.9692 -1.7784 -5.5921 -0.9927 -0.7016 -2.8212 
33.5712 20.8372 -11.5786 -5.2039 4.6911 -3.2665 -2.9549 4.0047 -1.3638 -6.0963 -1.0510 -0.3132 -2.8852 
32.9808 18.7744 -13.7338 -4.0266 7.6145 -2.5381 -4.0910 3.4640 -1.1281 -6.0074 -1.1507 -0.2423 -2.5835 
33.7034 18.0822 -15.8498 -4.3815 8.4080 -2.8840 -4.9084 3.1588 -1.5329 -6.3890 -1.1574 -0.5962 -3.0845 
32.6932 17.3337 -15.6251 -4.0984 8.4963 -2.4057 -4.0592 3.7456 -1.3161 -6.1439 -0.7695 -0.2928 -3.0869 
32.5118 17.0652 -15.7874 -3.9264 8.7840 -2.7364 -5.1872 2.6756 -1.5451 -5.6272 -0.1267 -0.1349 -3.3595 
31.7345 16.4401 -15.9237 -4.1823 8.7342 -2.2566 -4.7153 3.1432 -0.4326 -4.1073 1.0629 0.6616 -2.8829 
31.6283 16.4405 -15.6639 -3.8701 8.6837 -3.0200 -5.8444 2.6019 -0.2169 -4.1235 0.3547 0.0703 -2.7718 
30.5050 15.5821 -15.2411 -2.9203 9.3865 -2.6684 -5.6672 2.7272 -0.0690 -3.9194 0.5058 -0.0678 -3.2268 
30.0653 15.3096 -15.1311 -2.9887 9.2281 -2.4607 -5.3806 2.5456 -0.5465 -4.3192 0.0965 -0.4789 -3.2720 
28.6717 15.0447 -13.9220 -3.3220 7.9556 -2.7748 -5.6036 1.9755 -0.2859 -3.7056 -0.0248 -0.6774 -3.2827 
27.1414 14.6489 -12.3787 -2.7259 7.5265 -2.4705 -4.7774 2.5101 -0.0583 -4.0582 -0.6008 -0.2376 -2.2244 
25.3128 14.2615 -10.8759 -3.0389 6.2934 -2.6972 -5.5551 0.8807 -0.8964 -4.6393 -1.5723 -0.5604 -2.3956 
24.5354 14.8131 -8.5915 -1.8452 6.3781 -1.9697 -4.5902 1.3261 -0.1353 -3.3899 -0.7572 -0.1883 -2.0144 
26.1997 17.6773 -5.4748 0.1186 7.1259 -1.4708 -4.4746 0.4308 -1.4389 -4.2011 -1.3205 -0.9077 -2.4698 
25.4083 17.1364 -5.6225 -0.4221 7.1046 -0.4955 -3.9220 0.2047 -1.2842 -3.8541 -1.6068 -1.0842 -1.8751 
22.9177 14.6731 -6.7320 -1.8389 5.2587 -1.0814 -2.9933 1.0866 -0.9884 -3.2314 -0.5236 -0.4360 -1.8902 
22.1881 14.5061 -5.9195 -1.6978 4.2625 -2.0610 -3.3149 1.0417 -1.0415 -3.2652 -0.6971 -0.9143 -2.4168 
21.1656 13.7554 -5.8619 -1.9049 3.7898 -2.0670 -2.9755 1.3193 -0.6985 -2.7927 -0.2692 -0.6309 -2.5004 
21.4126 13.2612 -6.6377 -1.2097 4.7458 -2.3735 -3.4052 1.3633 -1.1603 -3.3102 0.1431 -0.1230 -2.5575 
24.2268 13.3001 -9.8521 -0.7635 6.7680 -3.2675 -3.7591 3.4719 -0.8152 -4.9691 0.2011 1.0867 -2.3197 
27.3725 14.2866 -12.0212 -0.5823 7.9347 -3.6193 -2.9917 5.1659 -1.1861 -5.6265 1.2319 1.3825 -3.3198 
28.4536 14.9731 -12.1225 -0.1437 8.6152 -3.2509 -2.2216 6.3120 -0.5065 -5.1351 1.8798 1.4830 -3.7471 
29.9213 16.0019 -12.2876 0.1379 9.2391 -3.5257 -3.0343 5.8513 -0.9603 -5.8083 1.6352 1.7644 -3.4119 
29.6502 15.2235 -12.7960 0.8525 9.8057 -3.9520 -3.1591 6.2192 -1.1842 -6.4387 1.1456 1.2060 -3.7674 
30.7688 16.8646 -11.7658 0.9430 10.1908 -3.3405 -3.7918 5.0493 -1.3808 -6.5611 0.2945 0.7847 -3.7139 
32.5796 19.4178 -9.8993 1.6065 10.4566 -3.2836 -4.6851 3.8801 -1.6619 -6.5922 -0.2598 0.4191 -3.4427 
34.6409 21.1750 -10.4775 0.0024 9.9364 -2.8683 -4.9220 3.0949 -1.9036 -6.6051 -0.6697 0.1437 -3.3310 
35.4047 22.3386 -10.4458 -1.7340 9.1615 -1.4217 -3.9307 2.4220 -2.7117 -7.3006 -1.7055 -0.3469 -2.9961 
36.2593 23.8373 -9.4253 -2.1424 9.0123 -0.0266 -2.9905 1.6324 -3.2699 -6.5701 -1.2028 -0.4405 -2.3524 
37.3313 25.2657 -9.3744 -4.0012 7.9540 1.0694 -2.3803 0.4697 -4.1137 -6.2225 -0.9612 -0.6535 -2.4250 
37.4790 25.4592 -9.6034 -4.7819 7.5594 1.3897 -2.4184 -0.3160 -4.6884 -6.2134 -1.0638 -1.1861 -2.9399 
38.0633 26.6798 -8.7624 -5.5495 6.6121 1.7331 -1.9267 -0.5304 -4.6588 -5.6791 -0.8544 -1.3921 -2.8828 
38.0196 27.0598 -8.1884 -5.7329 6.1011 1.6567 -1.9170 -0.5802 -4.3229 -5.3574 -1.2017 -1.8598 -2.7720 
38.0889 27.5652 -7.6545 -6.2370 5.0841 1.1661 -1.9523 -0.3368 -3.7629 -5.0093 -1.2827 -1.7773 -2.4552 
38.0451 27.7559 -7.4414 -6.7243 4.2072 0.7228 -2.0406 -0.4599 -3.7098 -4.7972 -1.5247 -2.4604 -2.7859 
37.2975 28.0109 -5.7729 -5.9988 3.7498 0.6263 -1.7750 -0.4136 -3.1991 -3.7147 -1.1030 -2.8409 -2.8039 
38.3883 28.1921 -6.7937 -5.7862 4.3535 -0.5823 -3.1746 0.3269 -2.1075 -4.4108 -1.9127 -2.2340 -2.4462 
38.0800 27.8332 -6.8375 -5.8366 3.3702 -2.1725 -3.8982 0.5352 -2.1089 -4.6379 -1.8266 -2.2887 -2.9466 
37.6492 28.6445 -5.2053 -6.1966 2.3710 -1.5571 -3.3941 -0.2879 -2.1298 -3.3274 -1.4182 -3.1855 -3.3490 
38.8583 29.2124 -5.9033 -6.5484 2.2295 -2.0132 -3.4507 -0.0524 -2.3214 -3.3986 -1.1198 -3.3737 -3.6993 
39.1502 29.5047 -5.6681 -6.0830 2.7752 -1.7645 -3.3284 0.3804 -1.7501 -3.1211 -0.8967 -2.7560 -3.0162 
39.3428 29.6538 -5.6955 -6.1025 2.8073 -1.8391 -3.4590 0.4260 -1.6065 -3.0868 -0.7727 -2.3609 -2.7506 
38.7769 29.4431 -5.3478 -6.3792 1.9556 -2.1912 -3.4660 -0.1646 -2.4085 -3.1767 -0.5270 -2.5295 -3.0123 
39.6579 28.6094 -7.7883 -6.5252 2.9280 -3.0747 -4.4953 0.5340 -1.8749 -3.7882 -0.6786 -1.9116 -2.8941 
39.6928 29.3415 -6.7204 -6.5016 2.6678 -2.4608 -3.8720 0.4543 -1.8351 -3.1901 0.0757 -1.1962 -2.3963 
38.9293 29.3696 -5.9559 -7.0053 1.8941 -2.0349 -3.5205 -0.0507 -2.1408 -3.2909 -0.3924 -1.3304 -1.9424 
40.0508 29.3442 -7.1807 -6.4825 3.1266 -2.2010 -3.7743 0.5293 -2.0448 -3.5796 0.0042 -0.8393 -1.9534 
39.3606 29.5702 -6.3582 -7.2221 2.4254 -1.4294 -3.7221 -0.7085 -2.3279 -2.9571 -0.1537 -1.4234 -2.1546 
38.9426 29.0594 -6.6772 -7.3388 2.3932 -1.5034 -3.7431 -0.6157 -2.4314 -3.3415 -0.2957 -1.1894 -2.1624 
38.5503 28.7860 -6.4980 -7.0702 2.4391 -1.6873 -4.0371 -0.8318 -2.4023 -3.1378 -0.0961 -1.0052 -2.0219 
38.1084 29.0475 -5.4803 -6.8275 2.2591 -1.4317 -3.9667 -1.1673 -2.4117 -2.8952 -0.0404 -0.9645 -2.0048 
38.9078 28.7369 -6.4573 -5.6916 3.7244 -1.7628 -4.1485 -0.3341 -2.2224 -3.0409 0.5944 -0.3882 -1.9248 
37.7433 28.4405 -5.8255 -6.6432 2.2612 -1.8135 -4.1190 -1.2885 -2.9094 -3.2005 0.0575 -1.0425 -2.2417 
37.1241 28.1632 -5.1726 -5.8510 2.5940 -1.8653 -4.2395 -1.1325 -2.3951 -2.7031 0.3276 -0.7321 -1.8689 
36.2734 27.6291 -4.6614 -5.1886 2.7770 -1.9659 -4.4044 -1.3591 -2.5119 -2.5451 0.5388 -0.8155 -2.2535 
34.7781 26.5944 -4.2933 -4.9649 2.4730 -2.1936 -4.6215 -1.6153 -2.4706 -2.5355 -0.0314 -1.6905 -2.9941 
34.0885 25.9279 -4.3143 -4.6069 2.6300 -2.4731 -5.0471 -1.8632 -2.5818 -2.7450 -0.3991 -2.0223 -3.1107 
33.9216 25.5620 -4.7750 -4.9437 2.3354 -2.7188 -4.9152 -1.5032 -2.6802 -3.3503 -0.8397 -2.1210 -3.2915 
33.3312 25.4556 -3.6143 -3.3916 3.2612 -2.5692 -4.9627 -1.1257 -1.8367 -2.5196 -0.3038 -1.7076 -2.8591 
31.3669 24.4687 -2.2586 -2.4318 2.9593 -2.8740 -5.1565 -1.7351 -2.3587 -2.5447 -0.1798 -1.5310 -2.5990 
31.8319 23.5909 -4.3403 -2.9181 3.3080 -3.3926 -5.1487 -0.5040 -1.6933 -2.7277 0.0318 -1.2512 -3.0681 
29.7372 22.8717 -2.6010 -2.0793 3.4779 -2.3842 -4.6307 -0.8800 -1.2835 -1.6934 0.6093 -0.5843 -2.1923 
28.7188 22.0360 -2.4439 -1.8413 2.9681 -3.2153 -4.9721 -0.8983 -1.6198 -2.2250 0.3785 -0.6588 -2.4585 
26.8319 20.6801 -1.7656 -0.8972 3.0738 -3.1362 -4.1208 0.1688 -1.3675 -2.8599 -0.1330 -0.3115 -1.7180 
25.3707 18.4729 -3.6879 -1.6573 3.1987 -3.1487 -4.3738 0.1769 -1.2845 -3.0584 -0.2058 -0.0086 -1.6585 
24.0058 17.8143 -2.9907 -1.8691 2.0024 -3.6126 -4.1918 -0.1072 -1.6638 -2.8170 0.1198 -0.0426 -1.4949 
22.9780 17.4071 -2.3880 -2.0245 1.3041 -3.8110 -4.4134 -0.7539 -2.0946 -3.0321 -0.2619 -0.2196 -1.2878 
22.9947 16.9809 -2.7992 -1.3004 2.3768 -3.4203 -4.1615 -0.3670 -2.0474 -2.9768 0.1652 -0.0455 -1.4191 
22.8598 16.4373 -3.7362 -1.8857 2.3769 -3.3493 -4.0887 0.0439 -1.7468 -3.3800 -0.3085 0.0957 -1.4014 
22.0128 15.6656 -3.8310 -1.8247 2.3750 -3.0580 -3.4920 0.5645 -1.2054 -2.6078 0.1682 -0.1019 -1.6293 
21.2025 14.9161 -3.9266 -1.7111 2.5124 -2.5216 -2.5417 1.2489 -1.1817 -2.8434 0.1222 0.0233 -1.4674 
20.9960 14.3974 -4.4777 -1.4726 3.3978 -2.2799 -3.4008 0.2408 -1.7429 -3.2199 -0.1627 -0.3502 -2.4613 
21.0786 14.5632 -4.2549 -1.4218 3.0493 -2.7232 -3.2555 1.2066 -0.5100 -2.5216 -0.2073 -0.4380 -1.9113 
20.9213 14.5616 -4.2435 -1.8957 2.5733 -2.6542 -3.2334 0.4856 -1.6440 -3.2492 -0.1466 -0.0263 -1.9246 
19.0208 12.8090 -4.3625 -1.4093 2.8125 -2.2690 -2.3143 1.5063 -0.8650 -2.6970 -0.1473 -0.7746 -2.7308 
19.6691 12.9211 -5.1913 -1.7897 3.1819 -1.9664 -2.2299 1.6264 -0.9366 -2.9545 -0.0386 -0.2361 -2.3233 
19.1601 12.5450 -5.1356 -1.9495 2.6360 -2.2532 -2.0542 1.6127 -1.3630 -3.2187 0.1002 0.0721 -1.8161 
18.3837 11.5903 -5.7523 -2.2791 2.2524 -3.1019 -3.3593 0.4907 -1.6613 -2.8936 0.1851 -0.6062 -3.0095 
19.5202 13.0739 -4.6456 -1.4141 3.3708 -1.8393 -2.4922 1.0186 -1.2218 -2.6412 0.4808 0.0955 -2.2677 
19.1898 12.9447 -4.4561 -1.6591 2.5422 -2.6201 -2.8273 1.0445 -1.0603 -2.7630 -0.1971 -0.5953 -2.2592 
18.5659 12.0474 -5.0461 -1.7114 2.4458 -3.1304 -3.3355 0.6849 -1.5073 -3.1248 -0.2469 -0.4605 -2.0066 
19.0394 12.8068 -4.4083 -1.2494 3.4486 -1.6012 -2.3366 0.9476 -1.2354 -2.5879 0.3344 -0.1437 -2.2835 
18.6468 12.3410 -4.7950 -1.6874 3.0370 -1.8452 -2.3542 1.2101 -0.8836 -2.5765 0.0261 -0.3117 -2.3084 
20.1129 13.3977 -5.0240 -1.6797 3.5457 -1.6750 -2.4171 1.4019 -0.7257 -2.7389 -0.1565 -0.1895 -1.8118 
18.6892 11.5892 -6.2075 -2.2712 2.9382 -2.5048 -3.1796 0.6707 -1.4095 -2.9332 -0.0847 -0.8101 -3.2535 
18.3347 11.4935 -6.0410 -2.5199 2.7444 -2.0932 -2.5613 1.3797 -0.4367 -2.2669 0.0538 -0.2756 -2.0114 
18.9432 12.2389 -5.3213 -1.7804 2.9704 -2.4626 -2.8561 1.1402 -1.2685 -3.3580 -0.4163 -0.3283 -2.3572 
18.8092 11.9926 -5.5969 -1.8557 3.2828 -1.9414 -2.6612 0.8271 -1.5322 -3.2202 -0.2166 0.0127 -1.2745 
18.9583 11.3500 -6.9704 -2.4245 3.1442 -2.8084 -3.7339 0.3091 -1.8637 -3.6115 -0.5546 -0.6226 -2.4317 
19.3197 12.0889 -5.8390 -1.3353 3.7614 -2.2779 -2.7731 1.3102 -1.2623 -2.8718 0.7417 0.5170 -2.1267 
19.5887 11.4414 -7.7102 -2.4618 4.2438 -1.2908 -2.3997 0.9852 -1.7224 -3.0549 0.5176 -0.0652 -2.4717 
23.8492 13.7940 -9.6781 -3.0398 5.5106 -1.3818 -2.8840 2.0265 -0.6594 -3.2016 0.2363 0.1807 -2.2002 
23.3727 14.3818 -8.2442 -3.3194 4.0649 -2.3116 -3.8866 0.5855 -1.5773 -3.6462 -0.2661 -0.0832 -2.3528 
28.6471 20.9818 -3.9476 -1.5461 4.5972 -1.9697 -3.9974 0.1268 -1.1033 -2.1067 0.6198 -0.3857 -2.3096 
37.2797 27.0023 -6.4908 -4.1879 4.7521 -2.4599 -5.6490 -1.0791 -1.4553 -1.6934 0.7389 -1.2796 -2.6157 
38.5180 28.0628 -6.6057 -4.9159 3.9523 -2.8179 -5.4205 -1.0732 -1.9717 -1.5985 1.8438 -0.3965 -2.4479 
38.4750 27.5764 -7.3823 -4.9589 4.4930 -2.7805 -5.7553 -0.8047 -1.3742 -1.6075 1.4842 -0.4192 -2.3497 
39.3024 28.2964 -7.3711 -5.0920 4.4662 -2.9842 -5.9853 -0.7033 -1.3313 -1.9325 1.3997 -0.1228 -2.4388 
38.2284 27.2829 -7.4975 -5.0471 3.9359 -3.7301 -6.1918 -0.5297 -1.4020 -2.2663 1.0183 -0.6960 -3.2028 
38.4975 28.1770 -6.8284 -5.8601 3.3434 -2.6122 -5.2123 -1.0328 -1.9680 -2.0358 1.3484 -0.3448 -2.5510 
40.3765 29.0076 -7.7686 -5.5182 4.4901 -2.5802 -5.2891 -0.3311 -1.5858 -1.9479 1.9623 0.0946 -2.6995 
40.9368 29.4379 -8.6514 -7.3000 3.8469 -2.3781 -6.2712 -1.5694 -1.2846 -1.5999 0.9359 -0.8146 -2.7111 
41.1492 29.2444 -8.7112 -6.2799 4.4367 -2.7982 -5.9053 -0.5734 -1.3251 -1.7686 1.8814 -0.1963 -3.1970 
40.6188 29.0378 -8.6205 -6.6713 4.3291 -2.4871 -6.2327 -0.9175 -0.7489 -1.6574 0.9463 -0.3424 -2.4842 
41.0166 29.2783 -8.9150 -7.1479 4.1157 -2.1728 -5.7574 -1.0755 -1.3493 -1.6776 1.2983 -0.6530 -2.9808 
41.2395 29.5349 -8.8025 -6.8865 4.7468 -1.8397 -5.9214 -0.7945 -0.7755 -1.8472 1.0430 -0.1552 -2.7718 
41.5309 29.7409 -8.8439 -6.9112 4.8079 -1.6874 -5.7986 -0.9394 -0.9284 -1.6605 1.1429 -0.3766 -2.6912 
41.2212 29.3356 -8.9911 -6.7931 4.7060 -1.9840 -5.6735 -0.5650 -1.0370 -2.0466 1.1419 -0.1696 -2.6837 
40.1656 28.5776 -8.7092 -6.9357 3.4390 -2.7706 -5.1236 -0.4080 -2.0547 -2.6939 1.1697 -0.6765 -3.3882 
40.0196 29.0171 -8.1067 -7.3369 3.3554 -1.6333 -4.4790 -0.8974 -2.3374 -2.6558 0.8820 -0.7090 -2.8038 
40.0835 28.8826 -8.0681 -6.3662 4.3656 -1.8085 -4.7584 0.0849 -1.5431 -3.4882 0.2436 0.2872 -2.0579 
40.7165 28.4865 -9.5856 -7.0374 4.0005 -2.3618 -4.6172 -0.0111 -2.6149 -3.7066 0.8500 -0.4090 -3.0197 
41.2166 28.9074 -9.5866 -7.1045 4.0847 -2.0578 -4.0540 0.5135 -2.5673 -4.0492 0.6423 -0.2272 -2.6977 
41.0604 28.9494 -9.4094 -7.2119 4.2103 -1.3964 -3.8942 -0.3099 -3.2172 -3.9641 0.6520 -0.3164 -2.1461 
40.5608 28.9327 -8.7941 -7.0131 4.3642 -0.7740 -3.5471 -0.5374 -3.4335 -4.0172 0.7152 -0.0467 -1.9716 
39.9102 28.4554 -8.3307 -6.2794 4.4039 -0.8580 -2.9725 -0.1779 -3.7518 -3.9556 1.1289 -0.3482 -2.5524 
40.8737 29.1082 -8.6893 -6.5389 4.7439 -0.6273 -3.1369 -0.1736 -3.5517 -4.1582 0.5486 -0.7002 -2.4301 
40.1825 29.1048 -7.9225 -6.6798 4.2496 -0.4611 -2.9874 -0.2311 -3.3207 -4.2593 -0.1869 -1.1423 -2.4951 
38.2690 28.1553 -6.7305 -6.0340 3.8500 -0.6593 -2.9618 -0.0561 -2.5460 -3.4992 -0.1536 -1.2141 -2.3016 
36.0963 25.8019 -7.0346 -4.7933 4.0435 -1.9822 -3.2993 1.0642 -2.1730 -4.0527 0.0400 -0.6640 -2.7904 
34.5098 24.6852 -6.5823 -4.3167 3.9414 -2.1170 -3.2943 1.0281 -2.4352 -4.5513 -0.0425 0.1088 -2.0781 
32.9186 22.8975 -7.2956 -4.2684 3.9377 -2.3028 -3.4955 0.4804 -3.1559 -4.5167 0.7784 0.7936 -1.8911 
32.5396 22.0976 -7.9617 -4.1497 3.9911 -2.8605 -3.5047 1.3183 -3.0156 -5.6551 -0.4985 -0.0095 -2.5733 
33.3467 22.4926 -8.5719 -4.3100 4.9444 -2.2392 -4.1821 0.7197 -2.3814 -4.8664 -0.5979 -0.3231 -2.3660 
31.7226 21.4935 -7.9461 -3.9132 4.8386 -2.0054 -3.7465 1.0866 -2.0335 -4.8323 -0.6148 0.4123 -1.4464 
30.7358 20.4961 -8.7163 -5.0014 4.1667 -1.7847 -3.3783 1.3955 -1.4267 -4.2876 -0.4284 0.4430 -1.8205 
28.9888 19.9802 -7.2923 -4.9879 3.0098 -2.0311 -3.4432 0.6878 -1.5664 -3.6972 -0.2930 0.2048 -1.6255 
27.1633 18.8110 -6.6995 -5.0158 1.6873 -3.1000 -3.7758 0.1561 -2.5310 -4.5405 -0.8443 -0.1370 -1.6080 
25.6643 17.7012 -6.0362 -3.6219 2.7620 -2.4623 -3.2973 0.7931 -1.5868 -3.6582 -0.4598 -0.0634 -1.5232 
24.7334 17.5791 -5.0690 -3.6922 2.0440 -2.2640 -2.8445 0.5612 -1.6891 -3.1828 -0.2151 -0.3157 -1.7930 
23.5942 16.4138 -5.2420 -3.2495 2.1952 -2.5870 -3.0623 0.6104 -1.7225 -3.3489 -0.2734 -0.1405 -1.4290 
22.8083 15.9167 -4.7866 -2.5337 2.8061 -2.0109 -2.6080 0.9429 -1.3258 -2.8933 0.1959 0.3750 -1.1191 
23.2661 16.9656 -3.1847 -1.1017 3.6172 -1.5353 -2.2690 0.9660 -1.5632 -3.1998 -0.4058 -0.7081 -2.2398 
24.9594 19.1902 -1.2991 0.5218 4.8835 -1.0327 -2.5786 0.3608 -2.1114 -3.6323 -0.5668 -0.6752 -2.3953 
25.2273 19.0391 -2.0328 0.0475 4.8136 -0.8766 -2.1478 0.6210 -2.5069 -4.2435 -0.8832 -0.8795 -2.6373 
24.7203 19.3325 -0.7294 0.5140 4.4518 -0.7397 -1.6949 0.5785 -2.7155 -4.1920 -0.8010 -0.6427 -1.8460 
26.2626 20.2595 -1.2861 0.3746 4.8382 -0.9189 -2.1706 0.4643 -2.6076 -4.0098 -0.7266 -1.0994 -2.6495 
26.9201 20.2337 -2.1765 0.1201 4.7285 -1.8104 -3.2983 -0.6785 -3.8889 -4.6486 -0.6732 -1.3801 -3.0801 
27.8580 21.0530 -2.2889 -0.0577 5.5181 -0.6491 -2.9972 -1.0037 -4.0305 -4.7314 -0.7925 -1.1515 -2.7792 
29.8230 22.3549 -2.9031 -0.3612 6.0721 -0.6920 -4.1965 -2.3290 -4.1596 -3.6558 -0.1240 -1.6296 -2.8714 
30.2696 22.4545 -3.7749 -1.4974 5.2700 -1.7734 -5.8741 -3.6425 -4.7123 -4.0094 -0.1926 -1.3451 -3.0047 
33.3565 24.3422 -5.0419 -2.0335 6.5422 -0.8012 -5.7372 -3.3724 -4.0387 -3.0539 0.8548 -0.5647 -2.3751 
33.4835 25.4983 -3.3843 -1.9594 5.6737 -1.1743 -6.0123 -3.5267 -3.3382 -2.1507 1.2689 -0.0968 -1.8563 
35.3859 25.8448 -5.4182 -2.7918 5.5073 -2.3256 -6.8420 -3.9059 -4.4165 -2.7127 1.8427 -0.2678 -2.9855 
37.4957 27.4540 -6.0727 -3.8370 5.5837 -1.8170 -6.6182 -3.2942 -3.2046 -1.7508 2.3881 0.2921 -2.6716 
38.6077 27.8973 -6.8314 -4.1007 5.5701 -2.3225 -6.5132 -2.1289 -2.3733 -1.7542 2.2675 0.0362 -3.1895 
38.9668 27.7112 -7.9007 -5.0956 4.8596 -2.8956 -6.5972 -1.8548 -2.4397 -2.2314 1.6646 -0.7331 -3.9239 
39.5582 28.3655 -7.9536 -5.7574 4.7056 -2.2439 -5.9723 -1.3614 -1.8157 -2.1338 1.0440 -1.0145 -3.5257 
40.3543 28.6977 -8.3123 -5.8222 4.4444 -2.4742 -5.2393 -0.7419 -2.0835 -1.9824 1.4651 -1.5105 -3.8005 
40.4437 28.3620 -9.1385 -6.2055 4.6104 -2.5389 -5.4453 -0.4556 -1.8694 -2.5963 0.8191 -1.4168 -3.6747 
39.8185 28.2641 -8.4555 -6.1681 4.1576 -2.1855 -4.4844 -0.0491 -2.0622 -2.6970 0.9008 -1.4555 -3.8261 
39.4782 28.3333 -7.7350 -5.9782 3.6482 -1.9177 -3.3680 0.0883 -2.8149 -2.5011 1.5976 -1.7704 -4.2675 
37.0875 27.0050 -6.7354 -5.6584 3.4033 -1.3630 -3.0758 -0.3957 -3.0962 -2.9339 0.6693 -1.9429 -3.6884 
36.1785 26.8645 -5.5200 -4.8297 3.6742 -0.8134 -2.5258 -0.1497 -2.7768 -2.6109 0.9496 -1.2906 -3.2923 
35.9070 26.2334 -6.1920 -4.7784 4.1041 -1.0817 -3.2077 -0.3260 -3.0263 -3.5059 0.5977 -0.5919 -2.8499 
34.5207 25.5310 -5.7271 -5.2682 3.2804 -0.6013 -2.5205 -0.7242 -3.5647 -3.6843 -0.0098 -1.2904 -2.7141 
34.2218 25.4255 -5.4195 -4.8909 3.6922 -0.1962 -2.2158 -0.3016 -3.1123 -3.6574 -0.1807 -1.1657 -2.5693 
33.4407 24.8601 -5.2832 -4.7074 3.9226 0.2552 -2.0020 -0.5140 -3.4108 -4.0655 -0.7546 -1.4278 -2.4611 
33.0818 24.7282 -4.8237 -4.2490 3.8553 -0.1096 -2.1240 -0.3416 -3.2961 -4.0453 -0.5504 -1.0964 -2.3429 
32.6262 24.3563 -4.7466 -4.0392 3.8985 -0.2710 -2.3159 -0.3322 -3.0385 -3.6945 -0.3271 -1.1719 -2.5147 
31.6963 23.6440 -4.4482 -3.4825 4.0062 -0.5061 -2.3979 -0.0738 -2.7944 -3.8505 -0.5863 -0.9609 -2.0880 
30.6236 23.2099 -3.4253 -2.7811 3.7167 -0.6215 -1.9849 -0.0991 -3.3255 -3.8838 0.0225 -0.5421 -2.2052 
30.1464 22.5945 -3.8321 -2.7809 3.9614 -0.8277 -2.7630 -0.5981 -3.3010 -4.0680 -0.4583 -0.7520 -2.2351 
29.4955 22.1755 -3.3172 -1.8395 4.7427 -0.1939 -2.1449 -0.1377 -2.9638 -3.6463 -0.1024 -0.6407 -2.0794 
27.9422 20.4032 -4.0291 -1.5365 5.1382 -0.6009 -2.9010 -0.1248 -2.4133 -3.7249 -0.7919 -1.0954 -2.3581 
26.4000 19.5131 -3.1784 -0.7114 5.4391 -0.1232 -2.2431 0.4641 -1.8385 -3.2268 -0.3378 -0.6544 -2.2972 
25.2418 18.5936 -2.9867 -0.4904 4.9973 -0.4984 -1.8813 0.9051 -2.1387 -3.9667 -0.9408 -1.2395 -2.9888 
24.3899 17.8565 -3.1591 -0.8191 4.3226 -1.1930 -2.2554 1.1129 -1.6652 -3.8365 -0.9401 -0.9912 -3.0349 
23.0414 16.4867 -3.7046 -1.1348 3.9237 -1.7123 -3.0195 0.3979 -1.7812 -3.4529 -0.5332 -0.6355 -2.7183 
23.0146 15.4115 -5.7092 -1.8874 4.7375 -0.7411 -2.3807 1.0603 -0.9421 -2.5082 0.2894 0.1570 -1.4425 
22.4195 14.6209 -6.0078 -1.5212 4.9054 -1.0884 -2.1748 2.1002 -0.3903 -2.9670 -0.1087 0.3285 -1.3558 
21.0320 14.7760 -3.7304 -0.9909 3.6866 -1.2509 -1.5963 1.6367 -1.3231 -3.3274 -0.4883 -0.6190 -2.2473 
20.9663 14.8330 -3.5463 -0.7343 4.2525 -0.8002 -1.9971 0.9823 -1.0787 -2.3951 0.3408 0.1507 -1.4193 
19.7374 13.2561 -4.9409 -2.2394 2.6999 -1.8388 -2.2531 1.0017 -1.3642 -2.9212 -0.2342 -0.7141 -2.5751 
23.6011 15.5618 -6.8319 -3.0213 5.1952 0.4776 -2.1842 0.7248 -0.5151 -1.7062 0.6781 0.1139 -1.6842 
34.3621 19.5841 -14.8637 -5.5064 7.3771 -2.2586 -5.2026 1.1544 -2.1358 -4.6936 0.6137 0.4687 -2.4981 
32.6824 17.1105 -15.8459 -3.3962 10.1601 -1.3332 -4.7019 2.6260 -1.0343 -4.7292 0.3316 0.4487 -2.0780 
32.9169 17.1098 -16.4461 -4.3137 9.2077 -2.2360 -5.4720 2.0595 -1.4619 -5.1825 -0.2720 -0.2116 -2.5467 
31.4519 15.9953 -16.6900 -5.0688 8.7137 -1.6262 -5.1683 1.2974 -2.1078 -5.1514 -0.0929 -0.2260 -3.0170 
32.1110 17.5293 -15.0112 -4.6740 8.6058 -0.8832 -4.1839 1.8095 -1.4975 -4.2006 0.8043 0.6147 -2.1761 
31.7099 17.2937 -15.0611 -5.1452 8.1455 -0.7787 -4.0219 1.5769 -1.8496 -4.5273 0.5578 0.7767 -1.7234 
30.2471 16.5828 -14.5108 -5.6357 7.1490 -0.6216 -3.5427 1.3730 -2.0807 -4.6735 -0.0524 0.1426 -1.8837 
29.7725 17.1522 -12.8001 -4.9817 6.8863 -0.5877 -3.4806 1.3118 -1.9702 -4.9408 -0.6737 0.1318 -1.7028 
29.2449 17.9211 -10.7808 -4.2057 7.3045 0.6772 -3.1502 0.3734 -2.0432 -4.0177 -0.2333 0.0899 -1.5498 
30.7648 21.1817 -7.0081 -2.5662 7.4483 1.4400 -2.2716 0.3301 -2.4561 -4.5278 -1.0849 -0.6411 -2.0780 
33.9412 24.3322 -6.7020 -3.8517 7.2540 2.8235 -1.5874 -0.8279 -3.7169 -4.5788 -0.9800 -1.1372 -2.1257 
35.9511 25.7886 -7.5501 -5.5229 6.1565 2.6793 -1.4124 -1.5439 -5.1109 -5.1104 -0.7591 -1.4808 -2.5028 
35.5066 25.1885 -7.9670 -5.6662 5.9339 2.0396 -2.0498 -1.7578 -5.4070 -5.8069 -1.2660 -1.7532 -3.1316 
35.0621 25.4108 -6.5345 -4.3002 6.6374 2.7078 -1.1474 -0.9474 -4.6182 -4.8328 -0.4239 -1.3096 -2.8765 
35.8639 25.8117 -7.0159 -4.6848 6.2482 1.8707 -1.7783 -0.8917 -4.4997 -5.1380 -0.8646 -1.5429 -2.9434 
36.4339 26.2392 -7.3938 -5.4705 5.9747 2.3763 -1.2847 -0.9547 -4.6067 -4.9129 -0.7613 -1.6603 -2.7202 
37.6215 27.0546 -7.7411 -5.7181 6.2129 2.4756 -1.3775 -0.8805 -4.3910 -4.6096 -0.3362 -1.3628 -2.6655 
37.4752 27.2742 -7.2898 -5.9296 5.7962 2.7377 -0.9987 -1.1424 -4.7358 -4.5100 -0.3265 -1.7378 -2.8707 
37.4077 27.5757 -6.7125 -5.9323 5.3089 2.4258 -1.0402 -0.9401 -4.2289 -4.1415 -0.4613 -1.9323 -2.8075 
37.8313 26.8079 -8.2153 -5.6127 5.6872 0.7137 -2.3999 -0.2607 -3.8323 -5.0077 -0.8760 -1.8088 -3.3704 
36.8120 27.2344 -6.4978 -6.0273 4.6714 1.6501 -1.5101 -0.7367 -3.6320 -3.9113 -0.6126 -2.0356 -2.9805 
36.6237 27.3122 -6.1452 -6.1066 4.2801 1.5981 -1.3631 -0.9626 -4.0512 -3.9463 -0.4847 -2.4519 -3.7156 
36.2306 26.8954 -5.9958 -5.3973 4.6775 1.3406 -1.4789 -0.5738 -3.8449 -4.3001 -0.8380 -2.3129 -3.4965 
35.2056 26.2893 -5.4486 -5.1007 4.0839 0.7160 -1.6066 -0.5378 -3.6717 -3.8893 -0.7454 -2.8154 -3.9343 
33.5401 25.4766 -4.3900 -4.4157 4.1414 1.1157 -1.1498 -0.1944 -3.0706 -3.4614 -0.6664 -2.3831 -3.3543 
31.5066 23.8397 -4.0585 -3.7566 4.0048 0.8422 -0.9323 0.0616 -3.0948 -3.2644 0.0066 -1.8108 -3.3533 
30.6433 23.4124 -3.3318 -3.0290 3.8741 -0.0782 -1.9639 -0.3765 -3.2884 -4.1072 -1.0857 -2.1696 -3.3386 
30.2635 23.1617 -3.3432 -3.2946 3.4783 -0.3507 -2.2982 -0.6270 -3.0329 -3.6719 -1.1213 -2.6537 -4.0183 
30.4961 23.8813 -2.2776 -2.7287 3.4351 -0.3411 -1.9546 -0.2717 -2.9434 -3.5951 -0.5438 -1.6338 -3.1708 
30.8154 23.4765 -3.1675 -2.3655 4.1728 -0.8071 -2.4615 0.5251 -1.9863 -3.5634 -0.6163 -1.1117 -2.6064 
29.7366 22.5946 -3.3276 -2.8246 3.5190 -0.8933 -2.4216 -0.0416 -2.6084 -3.5424 -0.4005 -1.2850 -2.9725 
29.4401 22.1442 -3.5588 -2.4143 4.3344 -0.3708 -2.2461 0.3135 -2.1552 -3.6275 -0.9254 -1.4229 -2.4942 
28.3892 21.0892 -3.7870 -2.1310 4.6152 -0.3732 -2.3543 0.4134 -2.0266 -3.7184 -0.8305 -0.9393 -2.3950 
26.7734 19.4085 -4.2948 -1.9369 4.6928 -0.9121 -3.2872 -0.1355 -1.9495 -3.6745 -1.0728 -0.8959 -2.0577 
26.4982 19.1048 -4.5223 -2.2142 4.4029 -1.1020 -3.2168 0.3327 -1.3226 -3.3143 -1.0439 -1.0441 -2.2568 
25.4340 18.0090 -4.7744 -1.8218 5.0512 -0.4505 -2.6999 0.7559 -0.8184 -2.7761 -0.7062 -0.8737 -2.0413 
24.4822 17.4245 -4.2185 -1.4304 4.3457 -1.3227 -2.4221 1.7605 -0.4642 -3.0690 -0.5503 -0.2432 -1.8281 
24.3404 16.0513 -6.4720 -2.1026 4.9073 -1.5215 -3.0827 1.6346 -0.7246 -3.7766 -0.6511 0.4013 -1.5860 
25.0821 15.2061 -8.3882 -1.2112 7.0558 -1.1770 -2.9918 2.7095 -0.4068 -4.0916 -0.0256 1.2129 -1.4617 
27.6476 15.9003 -10.3162 -1.0992 7.6688 -2.6019 -3.7221 3.4764 -0.7972 -4.9264 0.5320 1.6656 -1.9558 
28.9490 15.8218 -11.9613 -1.0975 8.2407 -3.2108 -3.8337 4.2268 -0.8077 -5.2191 0.6133 1.1331 -2.6165 
29.7960 15.6355 -13.4875 -1.6744 8.1912 -4.1141 -4.4917 4.6504 -0.6491 -5.8943 0.0805 1.0303 -2.6383 
29.6255 14.8470 -14.1467 -0.7980 9.3086 -4.2907 -5.0117 4.5190 -1.0973 -6.5022 0.0149 1.1382 -2.7030 
30.4311 15.1321 -15.0272 -1.6162 9.0607 -4.3447 -4.9519 4.7962 -0.6973 -6.0726 0.4454 1.6172 -2.2037 
30.6485 15.1556 -15.6124 -2.3053 9.1655 -3.7215 -4.9432 4.2661 -0.6537 -5.2942 1.1852 1.9635 -2.1723 
30.7550 15.1136 -15.7256 -2.0566 9.6627 -3.2736 -4.6891 4.2046 -0.6809 -4.8418 1.5268 1.6108 -2.3265 
31.2839 15.0243 -16.6082 -2.3359 9.6781 -3.7754 -4.8042 4.9911 -0.3656 -5.6451 0.7824 1.5998 -2.1548 
31.2283 14.9683 -16.7504 -2.8195 8.8935 -4.4460 -5.2079 4.5406 -0.9118 -5.8622 0.9967 1.7968 -2.2852 
30.5764 14.7461 -16.2946 -2.8395 8.5473 -4.4353 -5.0933 4.4361 -1.2581 -6.6106 0.0723 1.0539 -3.1668 
29.3844 15.0992 -13.9747 -1.9595 8.4026 -3.8207 -4.9846 3.5707 -1.2188 -5.7926 -0.0962 0.1504 -3.5712 
29.8871 17.7584 -9.8431 -0.3716 7.9956 -3.2411 -4.1403 3.1889 -1.5563 -5.2411 0.4031 0.3517 -3.4066 
37.9001 24.9920 -10.3517 -4.0743 6.9629 -2.3473 -5.3128 0.4549 -2.7861 -5.3079 -0.4490 -0.7685 -3.4524 
37.2083 25.5425 -8.2377 -3.1692 6.5079 -2.2881 -4.6526 0.8607 -2.5793 -5.1430 -0.2617 -0.1595 -2.4882 
36.9941 25.4849 -8.4799 -4.2287 5.5164 -2.5741 -5.0152 0.3512 -2.3875 -4.5244 0.0133 0.0477 -2.0642 
37.5691 26.5031 -8.0611 -5.0021 5.3735 -1.5077 -4.7817 -0.2768 -1.8172 -3.1069 0.4648 -0.3364 -2.4065 
37.6253 26.6634 -7.8171 -4.8861 5.2825 -1.5350 -4.5330 -0.0961 -2.1939 -3.7650 0.3714 0.2872 -1.8915 
35.6337 25.5429 -7.0909 -5.1462 3.9420 -2.1614 -4.6484 -0.4915 -2.4440 -3.8672 -0.1691 -0.4613 -2.4111 
37.4609 26.7467 -7.7436 -5.2637 5.3034 -1.3504 -5.5863 -1.4024 -1.7723 -2.7708 -0.1055 -0.8170 -2.1642 
36.2307 26.6220 -6.1961 -4.8365 4.6683 -1.2275 -5.3213 -2.0989 -2.3075 -2.2380 0.4661 -0.9172 -2.2111 
36.9124 26.7335 -6.6456 -4.3451 5.2771 -1.4656 -5.1305 -1.0629 -1.9333 -2.6964 0.3888 -0.6618 -2.4059 
33.3876 24.5991 -5.3222 -3.7166 4.8804 -0.8633 -4.3757 -1.2663 -2.3878 -3.2499 -0.2845 -0.7158 -2.2043 
31.5076 22.4556 -6.1896 -3.7263 4.4720 -1.6582 -4.4836 -0.7865 -2.1107 -3.0693 -0.1540 -1.2014 -3.0757 
30.7482 21.9101 -5.4778 -2.2262 5.3691 -1.5864 -3.9521 0.4866 -1.4127 -3.2741 0.0219 -0.2701 -2.5226 
30.6197 22.5055 -4.5047 -2.4495 4.5942 -2.0676 -4.9929 -0.9590 -2.0337 -3.4843 -0.5894 -0.6946 -2.6495 
31.6192 23.3380 -4.9012 -3.7231 3.5771 -1.9147 -4.3088 -0.8901 -1.8713 -2.1887 0.4473 -1.1381 -2.8148 
32.6663 24.2217 -5.2499 -4.5186 3.5481 -1.6044 -4.8151 -1.7757 -2.1970 -2.3549 -0.0147 -1.4470 -2.8425 
31.8260 23.0659 -5.6188 -3.7248 4.1978 -1.6069 -4.4299 -0.9941 -1.7079 -1.8936 0.2885 -1.9599 -3.4512 
31.8657 23.3889 -5.6989 -4.9646 3.3259 -1.1929 -4.5081 -2.3318 -2.6231 -1.8513 0.0418 -2.6586 -3.6761 
27.4774 19.8597 -5.0299 -3.5880 2.9667 -2.1243 -4.0876 -0.6384 -1.6452 -2.5301 -0.5022 -1.9335 -3.5793 
30.3970 22.3479 -4.9906 -3.7584 4.0285 -0.4094 -2.8654 -0.5576 -2.3173 -3.1305 -0.7736 -1.7106 -2.9201 
26.9991 19.6461 -4.0944 -1.9264 4.2056 -1.2664 -3.0111 -0.1288 -2.3913 -3.4197 -0.5156 -1.3304 -2.6022 
28.8683 21.1036 -4.5321 -2.4164 5.0597 -0.2626 -3.2248 -0.6876 -2.2752 -3.4148 -1.1299 -1.5727 -2.2171 
27.9788 20.6026 -3.8204 -1.6185 5.0657 -0.4293 -2.7382 0.0353 -2.0931 -3.4900 -0.7070 -0.8566 -2.1454 
26.1821 19.2752 -3.2651 -0.7925 5.0397 -0.8754 -2.8379 0.5700 -1.2129 -2.8798 -0.5813 -0.8484 -1.9774 
26.6701 19.9759 -2.9815 -1.2834 4.7239 0.0371 -1.5197 0.6778 -2.2368 -3.5839 -0.4592 -0.7483 -2.3857 
25.6647 18.5381 -4.0457 -1.3988 5.1322 -0.1045 -2.2431 0.3597 -1.8263 -3.0353 -0.1722 -0.8236 -2.9332 
24.1462 17.2522 -3.9981 -1.0054 5.3659 0.1767 -1.9438 0.5021 -1.8663 -3.1875 -0.0417 0.0690 -1.5302 
24.1030 16.9393 -4.6024 -1.4761 5.0650 -0.1740 -1.9913 1.2685 -0.7660 -2.8237 -0.5703 -0.5827 -1.9767 
22.1350 15.8787 -3.1384 -0.0310 5.1382 -0.2180 -1.4150 1.6087 -0.9066 -2.5996 0.0774 -0.3746 -2.1934 
21.4314 14.9634 -3.9201 -0.7673 4.4549 -0.6348 -1.5019 1.5073 -1.2748 -2.9815 -0.1511 -0.7164 -2.5618 
20.7756 14.5039 -3.9898 -1.2482 3.8019 -0.9580 -1.7654 1.2833 -1.1796 -2.9447 -0.3088 -0.3877 -1.8563 
20.5594 14.1272 -4.2582 -1.3490 3.1638 -2.2973 -2.6773 1.3398 -1.0549 -3.1804 -0.2966 -0.1634 -2.0785 
19.4051 13.0951 -4.6008 -1.8025 2.8611 -1.8727 -2.1017 1.4707 -0.9316 -2.6740 0.2724 0.1781 -1.8103 
18.5846 12.5955 -4.2651 -1.5451 2.8658 -1.8971 -2.3624 1.0977 -1.0254 -2.8089 -0.3397 -0.5181 -2.0088 
19.3206 13.2115 -4.2539 -1.6437 2.9040 -1.6150 -1.8062 1.6001 -0.6371 -2.1643 0.4068 -0.1675 -2.0292 
18.9168 12.7509 -4.4136 -1.4676 3.1450 -1.7263 -2.3332 1.0613 -0.9123 -2.3713 0.0982 -0.3459 -1.8420 
18.6247 12.1753 -5.1440 -1.9884 2.8759 -2.0068 -2.4863 1.2546 -0.9225 -3.1280 -0.8277 -0.7201 -1.9205 
18.8934 12.4278 -5.1422 -2.2320 2.3280 -2.9068 -3.5981 0.2900 -1.2858 -2.8328 -0.5957 -1.2738 -2.9374 
18.9708 12.2050 -5.3712 -1.5836 3.5126 -1.7470 -2.3103 1.2617 -1.2541 -2.8387 0.3815 -0.1005 -2.5515 
19.2910 12.8476 -4.9254 -2.1374 2.4539 -2.1734 -2.1017 1.4318 -1.2210 -2.7298 0.6843 0.6078 -1.6016 
19.6306 12.9588 -5.0996 -1.9512 2.6409 -2.6415 -2.7239 1.4731 -0.7403 -2.6024 0.2204 0.0375 -1.7428 
18.6739 12.3262 -4.9656 -2.0446 2.6172 -2.1821 -2.6636 0.8492 -1.1001 -2.4968 0.1446 -0.3066 -2.1045 
19.4006 13.4050 -3.9711 -1.2298 3.5219 -1.3360 -2.4395 0.5904 -1.2186 -2.4227 0.1459 -0.3639 -2.1354 
18.5732 12.3509 -4.5516 -1.2310 3.7091 -1.0824 -2.0204 0.8455 -1.2127 -2.1599 0.6383 -0.1158 -1.9316 
18.5788 12.2187 -4.8241 -1.4854 3.3110 -1.7114 -2.5868 0.3607 -1.9522 -3.0023 0.1153 -0.6506 -3.0770 
19.2161 12.4541 -5.6178 -2.3805 2.9186 -1.8941 -2.6680 0.7015 -1.3305 -2.5647 0.4936 0.1065 -2.0965 
18.6999 11.5529 -6.6877 -3.2642 2.3990 -2.0564 -2.5486 0.8457 -1.4181 -2.8941 0.0553 -0.2985 -2.4149 
19.0898 12.1730 -5.9306 -2.4903 2.9182 -1.8987 -2.4898 1.0632 -1.1362 -2.6469 0.3718 0.0126 -2.2218 
18.8749 12.4596 -4.9407 -1.7678 3.1942 -1.5826 -2.3456 0.5449 -2.1702 -3.8610 -0.7385 -0.4108 -1.8224 
19.1964 12.5817 -5.2662 -2.2032 2.6068 -2.2458 -2.4468 1.2404 -1.1770 -2.8935 0.1723 0.2114 -1.5806 
18.6091 11.8546 -5.7122 -1.9986 3.7287 -0.8922 -1.7190 1.6418 -0.5479 -2.3297 0.3860 0.2330 -1.7396 
18.6357 11.5950 -6.1024 -2.0650 3.3920 -1.9003 -2.7118 0.9817 -1.2455 -3.0451 -0.1537 -0.1575 -1.8224 
18.5826 11.7799 -5.7407 -2.0008 3.4039 -1.5238 -2.2702 1.0906 -1.3488 -3.1052 -0.1157 -0.1026 -1.7712 
18.4156 10.9416 -7.2571 -3.0606 3.1736 -1.4295 -1.9949 1.5486 -1.1223 -3.3324 -0.6815 -1.1405 -3.2753 
19.7062 12.2539 -7.0825 -3.3821 3.5131 -0.9110 -2.5680 0.5055 -1.1822 -2.5640 0.2287 0.0551 -1.8949 
18.9033 12.4372 -5.1557 -2.0071 3.3460 -1.1914 -2.2066 0.7339 -1.2741 -2.5839 -0.0231 -0.4934 -2.1006 
18.0066 11.6289 -5.2793 -2.1400 2.8569 -1.5095 -1.9907 1.0364 -1.3330 -2.7254 0.2612 0.0923 -1.9870 
18.1682 12.1464 -4.7137 -2.1145 2.8279 -1.2007 -1.8272 1.0424 -1.1617 -2.8600 -0.4824 -0.5270 -1.8968 
18.5660 12.0368 -5.4931 -2.5279 2.5446 -1.8884 -2.3028 1.0506 -1.3313 -3.2278 -0.5665 -0.6691 -2.6502 
17.9925 11.3844 -5.6393 -2.0945 3.2200 -1.1191 -1.3622 1.8840 -0.9203 -3.0127 -0.2133 -0.1244 -1.8489 
17.1699 10.8307 -5.3464 -1.9485 2.7562 -1.6890 -1.9851 0.7563 -2.1050 -3.3576 -0.0301 -0.3843 -2.5690 
17.4993 11.2194 -5.2330 -2.0591 2.7765 -1.4749 -1.6125 1.5687 -1.0096 -2.6531 0.3473 0.3349 -1.5130 
17.2901 11.2252 -5.0052 -2.0822 2.7373 -1.3967 -1.8738 0.9825 -1.5542 -3.2261 -0.1671 0.1912 -1.6148 
17.2083 11.0181 -5.2523 -2.1479 2.9203 -0.9170 -1.1876 1.4405 -1.5141 -3.3009 -0.2984 -0.1940 -2.0790 
16.3565 10.4493 -4.9759 -1.9176 2.8233 -1.1635 -1.7796 0.7181 -1.5722 -2.7894 -0.2004 -0.6367 -2.2042 
16.0985 10.1073 -5.2695 -2.1287 2.7778 -0.9694 -1.3821 1.0673 -1.5832 -2.9752 0.1250 0.3119 -1.4891 
16.7341 10.8939 -4.8810 -2.1927 2.6073 -1.0685 -1.4156 1.3346 -1.0918 -2.9105 -0.3649 -0.2105 -2.0660 
15.3886 9.6885 -4.9570 -1.9888 2.4101 -1.6328 -2.1881 0.4209 -2.0124 -3.6287 -0.6354 0.0919 -1.4580 
15.8207 10.1208 -5.0045 -2.3271 2.3951 -1.2667 -1.8121 1.0056 -0.9117 -2.4323 0.1398 0.4292 -1.3487 
16.0563 10.0803 -5.2697 -2.1363 2.5523 -1.8465 -2.6002 0.5986 -1.2942 -3.0838 -0.5405 -0.1452 -1.8262 
15.9211 10.0184 -5.1189 -1.9585 2.7807 -1.1969 -1.6939 1.0674 -1.1485 -2.5570 0.2281 0.4079 -1.1697 
16.0361 10.1610 -5.1418 -2.3203 2.1588 -1.8127 -2.1255 0.8083 -1.3835 -2.9297 -0.3489 -0.3615 -2.0066 
16.5544 10.5941 -5.1875 -2.4441 2.1985 -1.8143 -2.1999 0.9623 -1.0164 -2.7278 -0.4128 -0.4517 -1.9854 
16.7868 10.9518 -4.7666 -2.1055 2.2397 -1.9812 -2.4221 0.5826 -1.4712 -2.8969 -0.2327 -0.1278 -1.6477 
15.9266 9.9887 -5.4279 -2.8073 1.6388 -2.0766 -2.1976 0.5801 -1.8594 -3.5268 -1.0351 -0.9621 -2.2976 
16.7334 10.9329 -4.5344 -1.3868 3.4188 -0.7717 -1.6426 1.0103 -0.9241 -2.2134 0.0692 -0.2918 -1.7679 
15.2412 9.4018 -5.4474 -2.6138 1.9383 -1.8123 -2.1943 0.6364 -1.3867 -2.8743 -0.3239 0.0108 -1.3051 
16.3914 10.4935 -5.0668 -2.2010 2.5506 -1.3027 -1.6620 1.2830 -0.9482 -2.6773 -0.1506 -0.0527 -1.8105 
15.6988 9.8572 -5.1631 -2.1540 2.4743 -1.5863 -2.3017 0.5097 -1.2134 -2.3253 0.2021 -0.0050 -1.7562 
15.8630 10.0457 -4.8730 -1.5708 2.9545 -1.7152 -2.6570 0.6054 -0.9243 -2.3798 0.1588 0.4413 -1.1216 
15.4664 9.8339 -4.7799 -1.7830 2.7337 -1.2914 -2.1368 0.2297 -1.9458 -3.1180 -0.1115 0.4176 -0.7877 
15.4640 10.0543 -4.4566 -1.7782 2.6629 -1.1754 -1.9656 0.6798 -1.0543 -2.4212 0.0132 0.4173 -0.8131 
16.1261 10.6659 -4.4405 -2.0916 2.3668 -1.2469 -1.8009 0.8721 -0.9888 -2.4364 -0.1141 0.0017 -1.5545 
15.6342 10.1170 -4.8000 -2.4940 1.8544 -1.6480 -1.8665 1.0031 -1.1366 -3.0431 -0.8005 -0.4711 -1.8976 
15.5818 10.1558 -4.4844 -1.9170 2.4453 -1.4606 -2.3984 0.0050 -1.7853 -2.8684 -0.2534 -0.1514 -1.7539 
15.9827 10.5080 -4.5595 -2.2825 2.0920 -1.4810 -1.9611 0.6390 -1.3892 -2.9022 -0.5232 -0.3439 -1.8683 
15.6942 10.2594 -4.3354 -1.6765 2.5297 -1.2973 -1.5817 1.2303 -0.8788 -2.4062 -0.0364 -0.1072 -1.6739 
15.6683 10.2004 -4.4911 -1.8948 2.3889 -1.4769 -1.9881 0.8662 -0.8359 -2.1383 0.0847 -0.0691 -1.4444 
15.8994 10.3125 -4.7198 -2.1849 2.2627 -1.4268 -1.7866 1.0804 -0.9200 -2.5689 -0.2843 -0.1868 -1.6947 
15.5503 10.3823 -4.1686 -2.2082 1.8169 -1.6047 -1.9775 0.7058 -0.8775 -2.1524 -0.1747 -0.2782 -1.5468 
