19.2529 11.2551 -7.8118 -3.0627 3.6364 -1.2588 -2.0100 1.3643 -1.4485 -3.1202 0.1510 -0.3224 -2.5097 
19.6197 10.5159 -9.4957 -3.4848 3.6347 -2.1401 -2.4449 1.7586 -1.5423 -3.2242 0.8354 -0.2448 -3.5414 
19.1184 10.8914 -8.2534 -3.2756 3.5337 -1.1823 -1.5427 1.7596 -1.3645 -2.5812 1.2668 0.2652 -2.7363 
19.4531 11.3947 -7.3737 -2.1025 3.9547 -1.6644 -1.8094 1.8595 -1.6628 -3.0887 1.0534 0.1523 -2.5723 
19.5016 11.2600 -7.7943 -2.4354 3.8469 -1.8679 -1.9844 2.2623 -1.0532 -3.2060 0.4403 -0.1450 -2.7964 
18.9332 10.8910 -7.8443 -2.8016 3.7155 -1.3985 -1.8401 1.8963 -0.9339 -2.6095 0.6792 -0.0995 -2.3991 
18.4514 10.1992 -8.3199 -2.7625 3.9541 -1.5592 -2.3451 1.4663 -1.3600 -3.1236 0.5675 0.2892 -2.3825 
18.1995 9.9881 -8.3092 -3.0267 3.0798 -2.1999 -2.0669 1.9175 -1.1161 -2.3141 1.7982 0.9626 -2.0759 
18.0581 10.3003 -7.7196 -3.0247 3.0224 -2.0461 -2.4267 1.3922 -1.2299 -3.0009 0.1560 -0.2689 -2.4008 
17.6090 10.6445 -6.2314 -1.9345 3.4323 -1.7213 -2.3277 1.0814 -1.6787 -3.2945 0.3427 0.1778 -2.5786 
16.9782 10.8422 -5.0295 -1.6995 2.8674 -1.8205 -2.2022 1.2501 -0.8216 -2.3030 0.3544 -0.2905 -2.5165 
16.9309 10.4603 -5.6954 -2.0720 2.7807 -1.9171 -2.2509 1.2831 -0.8231 -2.3300 0.2723 -0.4228 -2.4598 
15.9688 10.1861 -4.8486 -1.6546 3.1780 -0.8907 -1.6814 1.1114 -0.7986 -2.3148 -0.1481 -0.4739 -1.9254 
15.5420 9.6123 -5.3127 -2.1016 2.5619 -1.4479 -1.8894 0.9570 -1.2196 -2.7838 -0.3885 -0.3889 -1.5238 
15.3375 9.7669 -4.6418 -1.5967 2.7448 -1.3946 -1.9032 1.0130 -1.1435 -2.8520 -0.3082 -0.1271 -1.7023 
16.1301 10.3989 -4.8099 -1.9255 2.8597 -0.8243 -1.1191 1.8595 -0.4079 -2.5547 -0.5494 -0.4897 -1.9191 
16.4520 10.7299 -4.3960 -1.1765 3.4007 -0.9456 -1.7255 0.9992 -1.0485 -2.4126 -0.0260 -0.2587 -1.6421 
15.5004 10.0807 -4.3626 -1.6945 2.4444 -1.3898 -1.7829 0.8458 -1.0190 -1.9390 0.5915 0.1863 -1.4860 
14.5873 9.5734 -4.0235 -1.6898 2.1625 -1.4058 -1.6651 1.1526 -0.5359 -1.9474 0.0811 -0.0747 -1.4325 
14.2113 8.8065 -4.4977 -1.2160 2.5349 -1.7902 -1.9110 1.1524 -0.9426 -2.2957 0.2170 -0.2084 -2.1675 
14.9753 9.7289 -4.1174 -1.1995 2.9680 -1.0979 -1.7107 1.2415 -0.4300 -1.9816 0.0757 -0.1312 -1.9186 
15.5050 10.4035 -3.9076 -1.7098 2.3767 -1.0470 -1.4168 1.0085 -1.0331 -2.4166 -0.2497 -0.5315 -2.1880 
14.5810 9.1682 -4.9400 -2.5737 1.5211 -1.7624 -1.7303 0.8299 -1.5186 -2.9515 -0.3733 -0.4687 -2.1967 
15.1274 9.7377 -4.3178 -1.4308 2.5149 -1.6171 -1.7966 1.3439 -0.7017 -2.4419 -0.1737 -0.0895 -1.4389 
14.4708 9.5110 -3.7991 -1.2311 2.5079 -1.3744 -1.8384 0.8519 -0.9479 -2.3059 -0.0724 -0.0875 -1.4400 
15.4362 10.4232 -3.6707 -1.4371 2.3433 -1.5658 -2.2084 0.3764 -1.2976 -2.4442 -0.1351 -0.1478 -1.4895 
15.0942 9.9930 -4.0173 -1.7717 2.0035 -1.7999 -2.2602 0.4217 -1.2876 -2.5479 -0.4557 -0.8304 -2.5839 
14.6436 9.6442 -3.8147 -1.3633 2.2086 -1.5602 -1.5949 1.1145 -1.2179 -2.9026 -0.5868 -0.5406 -1.9373 
15.8150 9.7484 -5.3814 -1.9267 2.6613 -2.1041 -2.8940 0.6634 -0.7867 -2.5238 -0.6771 -0.9843 -2.2489 
14.7343 9.5635 -4.0399 -1.2936 2.4717 -1.5591 -1.9610 0.6441 -1.3853 -2.5496 -0.1090 -0.4669 -2.0453 
14.6469 9.6693 -3.9955 -1.8535 1.9750 -1.3826 -1.7651 0.5166 -1.3113 -2.4473 -0.5120 -0.8523 -1.9308 
14.8802 10.1022 -3.4986 -1.3909 2.5400 -0.7376 -1.0614 1.4081 -0.6623 -2.4791 -0.4912 -0.1544 -1.2664 
14.9401 10.1543 -3.4609 -1.5002 2.0035 -1.5355 -1.8476 0.5093 -1.4278 -2.5547 -0.2243 -0.1440 -1.1385 
15.1523 10.4121 -3.1046 -0.9180 2.5499 -1.0826 -1.2392 1.0822 -1.2277 -2.4863 -0.0828 -0.2559 -1.5072 
13.8714 8.6378 -4.6340 -1.9477 1.8944 -1.7586 -1.9443 0.7029 -1.2604 -2.4479 0.0036 -0.1580 -1.8074 
14.0571 8.8257 -4.6361 -2.2155 1.3180 -2.5383 -2.6479 0.2358 -1.6994 -3.1327 -0.7465 -0.4423 -1.4389 
14.2893 9.1277 -4.5608 -2.3128 1.6779 -1.5896 -1.8953 0.3860 -1.7196 -3.0295 -0.6245 -0.4053 -1.6729 
14.9174 9.9396 -3.8858 -1.6031 2.5963 -0.6450 -1.1624 0.9800 -1.2388 -2.8168 -0.6000 -0.3581 -1.5791 
15.1047 10.4185 -3.1913 -1.3431 2.0264 -1.5016 -1.6431 0.8487 -1.1611 -2.4165 -0.0533 -0.0221 -1.4299 
14.8529 10.0751 -3.2158 -0.8834 2.3195 -1.8426 -2.0931 0.7417 -1.2250 -2.6801 -0.3447 -0.1657 -1.3366 
15.1107 9.8235 -3.9520 -0.8454 3.1115 -1.0434 -1.3643 1.2427 -1.2766 -2.8751 -0.3691 -0.5071 -1.9916 
14.6538 9.7393 -3.4495 -0.6787 2.9593 -1.0649 -1.5290 0.8222 -1.4686 -2.7886 -0.3412 -0.4824 -1.8350 
14.9578 9.7545 -4.1009 -1.4486 2.5399 -1.1897 -1.5331 1.0349 -0.9229 -2.2540 -0.3116 -0.8032 -2.0033 
14.3526 9.2401 -4.3484 -1.8507 2.4166 -0.8524 -1.2853 1.2412 -0.4584 -1.9099 -0.0939 -0.1728 -1.2295 
15.2032 10.2052 -3.6491 -1.3485 2.1942 -1.7929 -1.9995 0.9467 -1.0828 -2.8757 -0.7638 -0.4949 -1.3960 
14.3242 9.0553 -4.6136 -1.9715 2.0195 -2.0816 -3.0001 -0.2703 -1.7628 -3.1820 -1.0629 -0.8063 -2.0344 
14.4804 9.3594 -4.1322 -1.5526 2.2012 -1.4937 -1.5219 1.2926 -0.8316 -2.4238 -0.2482 -0.4185 -1.9044 
14.8051 9.7108 -3.9961 -1.3365 2.8268 -0.9143 -1.5986 0.8234 -1.2882 -2.9826 -0.8298 -0.7842 -2.2723 
15.4754 10.1084 -4.0460 -1.0530 2.9258 -1.3316 -1.6426 1.2930 -0.9738 -2.6112 -0.0212 0.0271 -1.7793 
17.5028 9.3177 -7.3302 -0.4487 4.3432 -2.9758 -2.2470 2.8081 -0.8256 -2.4440 1.7431 0.2007 -3.0680 
33.5796 18.8145 -14.2916 -4.4021 6.3699 -3.9625 -3.5701 4.7654 -0.5748 -4.4861 1.3165 0.4756 -2.9756 
36.9233 22.6166 -12.8351 -4.9221 5.8198 -3.7966 -3.5935 4.4493 -0.4708 -4.2339 0.9621 -0.4988 -4.0896 
29.5704 18.7323 -8.3160 -1.5144 5.8579 -2.9966 -2.5653 4.2555 0.0824 -2.7853 1.6515 -0.0421 -3.5184 
26.5013 16.1454 -8.4534 -1.4537 5.4797 -2.9435 -2.1538 4.7339 0.6594 -2.6348 1.2174 -0.1896 -3.0834 
22.2053 12.8117 -8.3700 -1.7203 4.6222 -2.7880 -2.1908 3.5869 -0.4123 -3.2975 0.7169 -0.0178 -2.5545 
19.5860 11.7401 -6.9970 -2.4759 2.3240 -3.8100 -2.9357 2.3237 -0.8530 -3.4875 -0.5681 -1.6132 -3.8289 
18.0389 11.1830 -5.8281 -2.0695 2.4382 -2.3630 -1.2284 3.0223 -0.6485 -3.4698 -0.5696 -0.7673 -2.3898 
16.6763 10.5383 -5.3160 -2.3991 1.9364 -2.1711 -1.9225 1.2529 -1.3931 -2.8566 0.1431 -0.0470 -1.5380 
17.0243 10.7165 -4.7117 -0.7528 2.8502 -2.3671 -1.3481 2.1651 -1.7688 -3.4400 0.3786 -0.2233 -2.2909 
23.1442 11.6316 -11.5089 -2.1414 5.5933 -3.9583 -3.8534 3.3415 -0.8375 -4.3213 0.3975 0.0816 -2.7330 
21.4324 11.7086 -9.3932 -2.1983 5.0369 -2.1381 -2.1017 3.4273 -0.4142 -3.4950 0.5002 0.6196 -1.2300 
17.0306 10.0617 -5.9589 -0.8276 4.2616 -1.4974 -1.7319 2.2003 -0.9659 -3.2228 0.1600 -0.0850 -2.5072 
19.6176 12.0493 -6.8392 -2.7077 3.2746 -1.5591 -2.0308 1.0546 -2.0080 -3.2400 0.4157 -0.2954 -2.5637 
17.9633 10.9108 -6.1662 -1.7161 3.7136 -1.5395 -2.3081 0.8525 -1.7825 -2.9025 0.8392 0.7381 -1.3014 
15.4516 9.5652 -5.2849 -2.2436 2.1200 -1.9408 -2.1506 0.7746 -1.5779 -3.0583 -0.2695 -0.3144 -1.9860 
15.8196 10.1334 -4.8732 -2.2407 2.1293 -1.4350 -1.4260 1.3470 -1.0266 -2.6781 -0.4997 -0.7683 -1.9252 
15.0889 9.5754 -4.6860 -1.7813 2.5268 -1.3622 -1.8783 0.5953 -1.9250 -3.8081 -1.4671 -1.2215 -2.4166 
15.6680 10.1235 -4.4954 -1.5634 2.9017 -0.9104 -1.2642 1.4478 -0.8625 -2.5318 -0.1277 -0.1250 -1.5532 
15.2122 9.9231 -4.2870 -1.8951 1.9493 -1.6035 -1.3417 1.4804 -1.1640 -3.0062 -0.3281 0.0321 -1.4776 
14.1847 8.4102 -5.4990 -2.2065 2.2538 -1.4922 -1.5692 1.3928 -0.8143 -2.4124 0.0368 -0.0501 -1.6013 
15.0907 9.6396 -4.3524 -1.3112 2.5624 -1.6628 -1.7920 1.1440 -1.2274 -2.8535 -0.3479 -0.3587 -1.6942 
15.7901 10.3172 -4.1577 -1.1706 2.8507 -1.5934 -2.1404 0.8115 -1.1238 -2.4861 -0.0871 -0.2877 -1.6823 
15.2995 9.7231 -4.5140 -1.2953 2.8917 -1.3395 -1.6332 1.2827 -1.1294 -2.9174 -0.3696 -0.1247 -1.4150 
15.9915 10.3592 -4.4283 -1.2868 3.1787 -1.0169 -1.5490 1.5051 -0.2138 -1.6602 0.2242 -0.4245 -1.9938 
15.5837 10.0367 -4.6969 -2.0518 2.3814 -1.2204 -1.5192 1.2573 -0.7433 -2.3503 -0.2698 -0.2000 -1.1787 
15.3048 9.7024 -4.7962 -2.0196 2.1110 -1.6774 -1.6067 1.3482 -1.1157 -3.0439 -0.6953 -0.2953 -1.1172 
15.3881 9.8807 -4.4200 -1.3562 2.7668 -1.6724 -2.2464 1.0793 -0.3592 -1.8742 -0.0886 -0.6924 -2.4044 
15.6213 10.4318 -3.8996 -1.4939 2.4500 -1.3611 -1.7869 0.8229 -0.9807 -2.0550 0.0910 -0.5481 -2.0772 
14.9904 9.4697 -4.8357 -2.2160 1.8167 -2.0336 -2.4247 0.2430 -1.4996 -2.4744 -0.2141 -0.5320 -1.5986 
14.8959 9.4962 -4.2201 -0.9362 3.0512 -1.3025 -1.7749 0.9070 -1.4725 -3.0339 -0.4084 -0.1438 -1.3270 
15.2727 10.0288 -3.9592 -1.1105 2.8368 -1.4045 -1.8371 1.3252 -0.4709 -2.2695 -0.2772 -0.2442 -1.4780 
14.4696 8.8659 -5.3974 -2.9584 1.1173 -2.4148 -2.3187 0.8480 -1.1017 -2.8912 -0.7904 -0.7912 -2.2751 
15.9512 10.3205 -4.7864 -2.3200 1.9533 -1.8355 -2.1628 0.5891 -1.5476 -3.0300 -0.5759 -0.5648 -2.0261 
15.3048 9.8889 -4.2684 -1.4093 2.3982 -1.8628 -2.0700 1.0236 -0.8245 -2.1041 0.0659 -0.5241 -1.8579 
14.8668 9.2356 -4.7511 -1.3473 2.8660 -1.5288 -1.9988 1.1407 -0.6187 -1.9721 0.3896 0.2842 -1.1297 
16.2756 10.5442 -4.6212 -1.6170 2.8874 -1.3228 -1.8116 1.2309 -0.9090 -2.5516 0.2231 0.6135 -1.0182 
16.1059 10.4401 -4.5524 -1.3661 3.5969 -0.3454 -1.2814 1.2928 -0.6852 -2.2043 0.1631 0.2381 -1.3508 
16.0932 10.3454 -4.7136 -1.6212 3.0005 -1.1628 -1.8944 0.8641 -1.1602 -2.6751 -0.3403 -0.3656 -1.6610 
15.6614 10.0148 -4.7959 -1.8754 2.8102 -0.9180 -1.4487 1.2033 -0.9351 -2.5401 -0.3251 -0.5655 -2.0967 
15.6029 10.4591 -3.8306 -1.5859 2.0415 -1.8929 -2.0392 0.8626 -1.1514 -2.6243 -0.3313 -0.4831 -1.9726 
15.9331 10.7192 -3.8918 -1.5844 2.4468 -1.3281 -1.7992 0.7175 -1.4037 -2.8360 -0.4647 -0.3868 -1.5436 
15.6702 10.3796 -3.8995 -1.1828 2.6501 -1.4535 -1.5023 1.6841 -0.3562 -2.1468 -0.2500 -0.5903 -1.7619 
14.9533 10.2967 -3.0373 -0.9451 2.3782 -1.2365 -1.1654 1.5769 -0.5855 -2.3889 -0.5601 -0.5227 -1.3070 
15.2657 10.0941 -3.7835 -1.1445 2.4082 -1.6091 -1.4785 1.3973 -1.1166 -2.8721 -0.6589 -1.0516 -2.6191 
15.2226 9.9886 -3.9008 -1.1089 2.5731 -1.6084 -1.7629 1.1366 -0.9664 -2.1599 0.5435 0.3565 -1.3584 
14.8974 9.5271 -4.2029 -1.1104 2.6375 -1.6671 -1.7894 1.1344 -1.1752 -2.4268 0.5909 0.6542 -1.1209 
15.8213 10.6505 -3.6327 -1.0255 2.8036 -1.3829 -1.8112 1.1191 -0.7291 -2.1830 0.0101 -0.0460 -1.2242 
15.0783 10.0978 -3.6264 -1.2161 2.5090 -1.2950 -1.7772 0.5317 -1.5144 -2.5350 -0.0356 -0.2485 -1.7554 
14.9217 10.1976 -3.3068 -1.2717 2.4503 -0.6294 -0.6740 1.3484 -1.0789 -2.2036 0.3021 0.0979 -1.3195 
14.8419 9.6770 -4.1254 -1.5769 2.2861 -1.6449 -2.2323 0.2413 -1.7311 -2.8564 -0.1936 -0.0777 -1.4672 
14.4908 9.3722 -3.9869 -1.1443 2.6771 -1.1890 -1.3837 1.2257 -1.2531 -3.0366 -0.5478 -0.0837 -1.1678 
15.4159 10.3791 -3.4857 -1.0378 2.1690 -2.4563 -2.9129 0.0178 -2.0085 -3.4327 -0.8542 -0.7757 -2.3532 
15.1275 9.9025 -3.9076 -0.9565 2.9493 -1.3173 -1.7911 1.0819 -0.9841 -2.5021 0.0587 0.1995 -1.4285 
15.7535 10.2894 -4.2065 -1.2634 2.8660 -1.3572 -1.6722 1.3843 -0.9052 -2.8967 -0.6278 -0.5310 -2.0575 
15.1880 9.8057 -3.9495 -0.5659 3.1868 -1.5846 -1.8860 1.3661 -0.9739 -3.0133 -0.7911 -0.8674 -2.2477 
14.8402 9.7650 -3.8687 -1.1970 2.7853 -0.9890 -1.4520 1.1071 -0.8672 -2.3176 -0.1682 -0.1530 -1.3296 
14.9940 9.8266 -3.8077 -0.9393 2.7476 -1.3563 -1.4889 1.2472 -1.2013 -2.8627 -0.4290 -0.3499 -1.6527 
15.8673 10.7211 -3.4897 -0.7930 3.0407 -1.0226 -1.1211 1.8622 -0.5359 -2.6901 -0.8068 -0.8771 -2.1549 
15.4263 10.0620 -4.0053 -1.0131 2.6203 -2.0018 -2.0267 1.5091 -0.8312 -3.0118 -0.5544 -0.3704 -2.0853 
15.7269 10.8117 -3.1545 -0.8095 2.5448 -1.8324 -2.1623 0.9558 -0.8869 -2.5528 -0.3772 -0.1587 -1.2753 
15.3596 10.2162 -4.1530 -2.1713 1.6993 -1.7448 -1.8814 0.8550 -1.1306 -2.7147 -0.5723 -0.5222 -1.8101 
15.7129 10.2864 -4.2579 -1.4907 2.6850 -1.3827 -1.7660 1.1988 -0.9780 -2.8629 -0.6726 -0.7910 -2.4861 
16.5704 10.2960 -5.3888 -1.6436 3.2584 -1.5869 -2.3675 1.0256 -0.9929 -2.7246 0.0897 0.4092 -1.4482 
18.6474 11.0794 -6.9307 -1.7227 4.8121 -1.1456 -2.8705 1.1428 -1.0142 -3.6257 -0.5437 0.3974 -1.7096 
21.6486 11.5044 -10.1098 -1.7950 6.8050 -1.8161 -3.9116 2.7767 0.4308 -4.0335 -0.1235 2.2481 -0.6294 
25.0466 12.1873 -12.8397 -1.0946 8.4927 -3.2098 -4.7821 3.8411 0.4408 -4.2125 0.6072 1.5940 -1.6654 
26.0803 11.8068 -14.5978 -0.8275 9.8138 -3.1975 -5.2513 3.5702 -0.1388 -4.3989 0.9275 1.2681 -2.3174 
29.4415 14.4622 -14.7385 -1.0061 10.1933 -3.1433 -5.0393 4.2093 0.5379 -3.3632 1.9925 1.2965 -2.6243 
29.3470 13.3117 -16.2919 -0.7500 11.1105 -3.4600 -5.4538 4.6520 0.6498 -3.9085 1.6673 1.2587 -2.5015 
29.4667 13.4672 -16.1761 -0.7074 11.1727 -3.1495 -5.0837 4.4511 -0.0079 -3.9561 2.4836 1.7499 -3.0688 
28.6007 12.1609 -17.1809 -0.9077 11.3566 -3.0740 -5.1691 3.8058 -1.3793 -5.1454 2.1207 1.6691 -3.3354 
30.1816 14.0792 -16.0467 -0.6632 10.9079 -3.7201 -5.2285 4.7188 -0.1491 -4.4421 2.4025 2.0684 -2.7627 
30.4168 14.2054 -16.4447 -1.2365 11.0903 -2.7946 -4.7648 4.1665 -1.0364 -5.1483 1.7079 1.2821 -3.4788 
29.8105 13.9665 -16.3559 -1.9314 10.2858 -3.0934 -5.3661 3.4022 -1.0613 -4.9397 1.6049 1.4957 -3.0435 
29.2614 13.9261 -16.2479 -3.1936 8.9779 -3.0908 -5.3207 2.8955 -1.1301 -4.8040 1.1979 1.0907 -3.0393 
29.0555 15.4019 -13.2379 -1.9370 8.9687 -2.0976 -4.2660 2.7657 -1.1803 -4.1321 1.5456 0.8465 -3.3517 
33.4910 22.1648 -7.6865 -0.2734 8.5612 -1.8249 -3.9940 2.3174 -1.5695 -4.8802 -0.0183 -0.2359 -3.4177 
38.0604 26.0188 -8.2163 -2.3340 7.1351 -3.1557 -5.7137 0.9150 -2.0864 -4.7050 0.1922 -0.4357 -3.5231 
39.5643 27.0957 -9.0405 -3.7246 6.7735 -2.6739 -5.4197 0.9465 -1.9481 -4.6099 0.2066 -0.1658 -3.0253 
39.0827 27.3956 -8.7412 -5.3204 5.7194 -1.7125 -5.2935 -0.2147 -1.7903 -3.7381 -0.1610 -0.6416 -2.7029 
39.7197 28.4709 -8.2784 -6.1506 5.1607 -1.1738 -5.0003 -0.4003 -1.5626 -3.5242 -0.2373 -0.1775 -2.1030 
40.0552 28.7370 -8.3935 -6.4865 4.9221 -1.0484 -4.7790 -0.5724 -1.8234 -3.3317 0.0338 -0.2177 -2.0051 
37.7062 27.2349 -7.5754 -6.0243 4.3623 -1.5436 -5.1721 -0.9559 -1.7970 -3.1876 -0.0758 -0.3833 -2.3605 
39.0250 27.9811 -8.1337 -6.3515 4.2744 -1.8699 -5.3253 -1.0650 -2.1129 -3.1618 0.0496 -0.8586 -2.7230 
37.2255 27.3351 -6.5054 -5.2647 4.4720 -1.3979 -4.9109 -0.7742 -1.4049 -2.7717 -0.2750 -0.7291 -1.9173 
35.1422 25.5627 -6.2106 -4.4818 4.2591 -1.7889 -4.6079 -0.8526 -2.2582 -2.9832 0.1154 -1.4116 -3.4793 
35.1519 24.8459 -6.9718 -3.5366 5.3323 -2.5748 -5.2554 0.4820 -1.1686 -3.6417 -0.1694 -0.5051 -3.2993 
35.6945 24.7913 -7.6273 -3.2517 5.9698 -2.8228 -5.6230 0.6802 -1.3571 -4.3654 -0.1286 0.4761 -2.6385 
36.3321 25.2711 -8.0483 -4.1495 5.5984 -2.3953 -5.3646 0.1317 -1.8452 -4.0252 0.2171 0.0067 -3.2427 
37.6200 27.1200 -7.4187 -5.8407 3.9065 -1.9287 -4.9207 -1.2290 -2.4029 -2.5761 0.5654 -1.5247 -3.6642 
38.9780 27.6320 -8.2967 -5.7510 4.6274 -2.1041 -5.1957 -0.7969 -2.2659 -2.9768 0.5540 -1.2427 -3.6909 
39.0633 27.8317 -7.9554 -5.3483 5.1142 -1.4151 -4.5572 -0.5431 -2.0359 -2.3970 0.9609 -1.2709 -3.3545 
38.1016 27.6645 -7.4194 -6.3973 3.8462 -0.8275 -3.9590 -1.6378 -2.9527 -1.9663 1.0961 -2.1074 -3.9198 
37.8429 26.9802 -8.0122 -5.9969 4.4844 -0.9742 -4.1271 -1.0752 -2.5243 -2.1982 1.0435 -1.6411 -3.6436 
35.6137 25.5070 -7.3487 -5.6935 4.0454 -0.5480 -2.7882 -0.0158 -2.2981 -2.7090 0.5072 -1.4417 -3.5014 
35.5382 26.1820 -6.1714 -5.4985 3.9073 -0.0270 -2.7168 -0.9908 -2.9477 -2.4823 0.6650 -1.6028 -3.4864 
34.7559 25.1445 -6.6820 -5.1859 4.2223 -0.5410 -3.5132 -1.4451 -3.6475 -3.6502 0.0097 -1.4825 -3.4358 
33.7392 25.3049 -5.1110 -4.9747 3.6459 -0.1608 -3.0476 -1.5061 -3.3111 -3.1200 0.0723 -1.3724 -3.1521 
33.9465 24.5922 -6.2086 -4.5261 4.0641 -1.3087 -3.6637 -0.6179 -3.1110 -4.2445 -0.7151 -1.3888 -3.1372 
33.6859 25.0623 -5.2853 -4.6674 3.9729 -0.1169 -2.6675 -0.6940 -2.9216 -3.3402 0.0438 -0.8669 -2.6456 
32.8043 23.9933 -5.7477 -4.3188 4.5716 -0.0832 -3.1277 -0.9795 -3.0464 -3.8262 -0.7509 -1.5241 -3.0080 
32.0065 23.6049 -5.1108 -3.7319 4.7519 0.2783 -2.5560 -0.7038 -3.1141 -4.0126 -0.9174 -1.3834 -2.5842 
30.7574 23.2308 -3.6805 -2.4666 5.1300 0.0509 -3.1987 -0.8522 -2.3447 -3.3729 -0.6780 -0.8201 -2.0670 
29.6552 21.9900 -3.9921 -2.2504 4.5778 -1.0137 -3.4367 -0.6875 -2.8704 -4.0117 -0.7189 -0.7117 -2.0580 
27.8909 20.9981 -2.7480 -0.8360 5.1389 -0.3270 -2.1758 0.4879 -1.9942 -3.1842 -0.2406 -0.9731 -2.5224 
26.8434 19.7715 -3.5471 -1.5772 4.0726 -1.5540 -3.0443 0.0468 -2.5264 -3.9628 -0.7820 -1.2472 -3.1846 
25.6472 18.9296 -3.1374 -0.7747 5.0043 -0.5375 -2.2480 0.7041 -2.0427 -3.8484 -0.3412 -0.1034 -2.5292 
24.7660 17.9842 -3.6448 -1.2528 4.5897 -0.2911 -1.3614 1.5880 -1.2105 -2.8966 0.2647 0.2114 -1.5719 
24.1164 16.9365 -4.3986 -1.1509 4.8457 -0.5847 -1.6885 1.5701 -1.3026 -2.8481 0.9619 0.9824 -1.6091 
23.6729 16.3855 -4.5827 -0.7629 5.3960 -0.5312 -2.1383 1.1412 -1.6329 -3.5895 -0.3795 -0.3861 -2.3584 
23.8070 15.9543 -5.7517 -1.5395 5.3917 -0.4345 -2.3107 0.9546 -1.5586 -3.1913 0.1844 0.0243 -2.2826 
24.9258 16.7098 -6.1654 -1.9066 5.5287 -0.5073 -2.6800 0.9181 -1.4912 -3.7329 -0.4870 0.2033 -1.6346 
24.0065 14.6108 -8.1099 -1.8044 5.9878 -1.0256 -2.4800 2.0456 -0.9062 -3.4221 -0.1403 -0.1096 -1.9103 
21.4614 13.7085 -6.1182 -1.5995 4.0111 -2.2774 -2.8825 1.4372 -1.3299 -3.5883 -0.4156 -0.2229 -2.0061 
20.9343 13.9873 -5.1480 -1.6690 3.9773 -1.0452 -1.8950 1.3121 -1.3367 -3.0535 -0.0878 -0.3031 -2.0229 
20.3982 13.2368 -5.4535 -1.3341 4.1592 -1.1021 -1.2141 2.5750 -0.5921 -2.7698 0.3548 0.0480 -2.0845 
34.3549 21.1057 -14.0317 -8.7949 5.2584 0.4461 -3.3292 -0.2788 -2.3454 -2.8380 1.9369 1.7182 -0.7030 
34.8171 19.6884 -15.1427 -5.0777 8.3324 -1.6314 -5.0455 1.0890 -1.9216 -3.7194 1.7916 1.1494 -1.5926 
35.1121 19.6983 -15.5170 -5.1117 8.4647 -1.9284 -5.4760 0.6873 -3.0700 -5.5534 0.4703 0.4529 -2.4559 
33.1763 17.6631 -16.7814 -6.3118 8.0766 -1.0272 -4.5106 1.1368 -2.4746 -4.9222 0.6413 0.5339 -2.3370 
32.9702 18.4536 -15.3251 -6.5130 6.8623 -1.2494 -4.1894 0.9694 -2.6838 -5.0389 0.0712 -0.2387 -2.8517 
32.4817 18.6494 -14.1059 -5.5026 7.6297 -0.4501 -3.7729 1.2641 -2.1269 -4.8922 -0.2146 0.1043 -1.9230 
32.2148 19.9813 -11.2803 -4.1774 7.9209 0.3737 -3.3973 0.9315 -1.9226 -4.5044 -0.3531 0.1228 -1.7526 
34.3753 23.8196 -7.7695 -3.3794 7.7047 1.6362 -2.0744 0.7128 -2.4156 -4.4748 -0.6960 -0.6738 -2.3052 
37.5453 26.3645 -8.3189 -4.9104 6.6352 1.0705 -2.5230 -0.5308 -4.4371 -5.7362 -0.9984 -1.3772 -3.0865 
39.2924 27.6312 -8.7223 -5.4630 6.3672 0.7714 -2.4072 0.0429 -4.1132 -5.5955 -0.5434 -0.9086 -2.9896 
38.4261 27.0638 -8.9532 -6.6632 5.0309 0.5878 -2.3681 -0.7901 -5.1023 -5.9874 -0.7891 -1.5261 -3.7793 
38.3335 27.4326 -8.1162 -5.9894 5.8355 1.4531 -2.1820 -0.7820 -4.4075 -5.2536 -0.5300 -0.9904 -2.9209 
38.2773 27.3265 -8.3576 -6.4268 5.4137 1.2847 -2.2613 -1.0182 -4.6098 -5.2492 -0.6466 -1.4015 -3.2372 
38.0998 27.6416 -7.5157 -6.0479 5.4227 1.4266 -2.2727 -1.0732 -4.0237 -4.4569 -0.6130 -1.6865 -2.9295 
37.3110 27.3282 -6.9973 -6.0930 4.8257 1.2197 -2.2816 -1.3973 -4.2541 -4.3074 -0.6436 -2.2626 -3.6030 
37.7797 27.3031 -7.4582 -5.6584 5.4959 0.9347 -2.6713 -0.8983 -3.6281 -4.2922 -0.7450 -2.0409 -3.3325 
37.1212 27.1280 -6.9116 -5.6792 5.1422 1.1448 -2.4263 -1.3343 -4.1972 -4.3332 -0.5266 -2.1289 -3.7292 
37.5187 27.3273 -7.1874 -5.8530 5.2320 1.1975 -2.2496 -0.6877 -3.5287 -4.2884 -0.7578 -1.9424 -3.3015 
36.3469 26.6527 -6.6990 -5.7862 4.6548 0.8687 -2.4392 -1.1143 -3.7412 -4.1529 -0.8246 -2.3244 -3.7237 
35.9940 26.2776 -6.2958 -4.5121 5.3418 0.3887 -2.5086 0.0984 -2.4335 -3.6753 -0.7318 -2.0332 -3.1733 
33.5292 25.0713 -4.9163 -4.1819 4.2946 -0.2348 -3.1376 -1.0270 -3.1659 -4.1609 -1.4875 -2.3620 -2.9897 
33.6300 24.6849 -5.4165 -3.6597 4.8882 -0.7547 -3.8810 -1.0809 -2.9140 -3.7859 -0.9250 -2.1026 -3.2658 
33.4972 25.3208 -4.3268 -3.7734 4.4615 0.0714 -2.7405 -0.7535 -2.6528 -3.0668 -0.2257 -1.4829 -2.6636 
32.8342 24.6941 -4.2521 -3.3717 4.3177 -0.7346 -3.4722 -1.0602 -2.7788 -3.0946 -0.0720 -1.2784 -2.7369 
32.5831 24.1027 -4.4678 -2.4832 5.0177 -1.1085 -3.6466 -0.6390 -3.0203 -3.7822 0.1951 -0.3879 -2.4522 
31.5078 23.9729 -3.6761 -3.2709 3.7700 -1.2678 -4.0120 -1.1638 -2.1873 -2.8921 -0.6059 -1.5038 -2.6061 
30.5703 22.7072 -3.6993 -1.4674 5.1505 -1.4341 -3.8341 -0.2338 -2.1409 -3.3798 -0.1528 -0.5435 -2.0656 
28.9672 22.1126 -2.7177 -1.5965 4.6022 -0.8370 -3.4367 -0.5259 -1.3690 -1.6993 0.6578 -0.6295 -2.2453 
27.2779 20.5204 -2.7556 -0.9073 4.8871 -0.7317 -2.7516 0.1301 -1.8775 -2.8639 0.2287 -0.3309 -2.2333 
26.6471 19.9842 -2.6320 -0.5293 4.9089 -1.2195 -3.3051 -0.0298 -1.7942 -2.9859 -0.0313 -0.2239 -1.6646 
25.0341 18.3617 -3.1937 -0.8317 4.3812 -1.4888 -2.8315 0.8134 -1.3229 -2.9017 0.2389 0.1297 -1.8942 
24.3947 17.3578 -4.2826 -1.7613 3.6926 -2.0206 -3.1122 0.9797 -0.8551 -2.6201 0.0223 -0.4096 -2.2950 
23.5228 16.4979 -4.6649 -2.0705 3.5891 -1.7534 -2.9525 0.7008 -1.2268 -2.6324 0.4523 0.0674 -2.3243 
23.3469 16.3090 -4.6919 -1.9064 3.7970 -1.7241 -3.0017 0.9120 -0.8493 -2.5342 0.3435 0.2604 -1.8316 
21.8607 14.8261 -5.1930 -2.3493 2.8511 -2.4409 -3.0168 0.8682 -1.3107 -2.8982 0.0686 -0.2935 -2.2037 
23.2428 14.5228 -7.8914 -3.3263 4.2364 -1.1558 -2.4591 1.0774 -1.6476 -3.1239 0.5624 -0.1348 -3.0206 
23.3384 14.3061 -8.4612 -3.6097 4.2248 -1.3489 -2.6736 1.1700 -1.6768 -3.7298 0.1103 0.6705 -1.3036 
23.5250 14.6948 -7.4525 -2.2165 4.6058 -2.0795 -3.1316 1.0883 -2.1046 -4.0572 0.1312 0.2689 -1.9784 
22.0193 14.2537 -6.2734 -2.2027 4.0622 -1.2486 -1.9048 1.6388 -1.4272 -3.2158 0.4474 0.3385 -2.0646 
20.5022 13.6875 -5.0217 -1.5752 3.7736 -1.5409 -2.6211 0.6298 -1.6364 -2.9427 0.1956 -0.1776 -2.2363 
20.5999 13.7563 -4.8648 -1.1460 4.0640 -1.6414 -2.5149 1.3121 -0.9774 -2.7952 0.0577 -0.3855 -2.3967 
18.9345 12.3532 -5.2942 -2.1041 3.0346 -1.4065 -1.6747 1.5940 -0.9430 -2.6021 0.2246 0.0452 -1.5855 
19.6939 12.8768 -5.2293 -1.4858 3.8963 -1.2464 -1.9579 1.5922 -0.6156 -2.1195 0.6845 0.1303 -1.8512 
20.3239 13.5294 -5.1197 -1.6445 3.9560 -1.1676 -2.1918 1.3499 -0.8385 -2.7136 0.1187 0.1159 -1.8457 
21.7037 12.9651 -7.6803 -1.5913 5.4194 -1.4939 -2.8410 1.6146 -1.1739 -3.2760 0.6986 0.8932 -1.6928 
24.6012 13.2667 -11.2587 -2.5147 7.1100 -1.1364 -3.0027 2.3390 -1.1579 -3.9767 0.6192 0.6928 -2.6557 
26.4208 14.3517 -11.9606 -2.9210 7.3781 -0.6332 -2.4458 1.9059 -2.3459 -3.8165 1.7874 0.6764 -3.1203 
24.9543 13.7083 -11.1681 -2.9194 6.7737 -0.9432 -2.7865 2.2342 -0.8420 -2.9608 1.2568 0.3785 -3.0570 
25.4510 14.7371 -10.1509 -2.9767 5.7553 -1.9621 -3.2784 2.1364 -1.3198 -4.3331 -0.0001 0.3718 -2.5641 
26.1008 18.9723 -3.2566 -0.2009 4.8064 -2.1372 -3.5500 0.1926 -2.3540 -3.4604 0.5589 0.3597 -1.6579 
30.7249 23.5767 -1.6526 0.3522 4.9763 -2.9525 -5.2704 -1.9581 -4.0846 -4.0225 0.3764 -0.1719 -1.5737 
30.8952 24.1018 -1.4886 -0.2576 5.1740 -2.1159 -5.7290 -2.7590 -3.3819 -3.1712 -0.0454 -0.8364 -1.6306 
30.7821 23.7881 -1.8919 -0.4890 5.0778 -2.0007 -5.4032 -2.7405 -3.6903 -3.0772 0.3329 -1.0170 -2.2163 
32.7183 24.1991 -3.9667 -1.3546 5.1435 -3.1194 -6.4263 -2.5377 -3.9463 -4.2935 -0.3708 -1.0392 -2.4562 
31.9488 24.0244 -2.9634 -0.4718 5.6852 -2.2934 -5.4919 -1.8001 -3.1020 -3.3640 0.2348 -0.5960 -1.7209 
31.7049 24.2898 -2.2468 -0.2960 5.8168 -1.8105 -5.6789 -2.7609 -3.6813 -3.5274 -0.2744 -1.2749 -2.0952 
32.0739 24.0297 -3.2107 -0.7251 5.6130 -2.1544 -5.1945 -1.5569 -3.1128 -3.5053 0.1564 -0.7403 -2.0840 
29.2926 22.4259 -1.9581 0.0435 5.7074 -1.2116 -4.7714 -2.8646 -4.4992 -4.0579 -0.6229 -1.7554 -2.3056 
30.2347 23.6824 -1.2401 -0.0168 5.5234 -1.1804 -4.9320 -2.9473 -3.7907 -2.9528 0.0711 -1.3334 -1.8443 
30.8381 23.5986 -2.1345 -0.0140 6.0278 -1.4956 -5.4656 -2.8504 -3.7218 -3.3384 -0.2951 -1.6185 -2.1517 
32.1025 24.0267 -3.3527 -0.9422 5.5414 -2.1623 -5.4631 -2.0063 -3.3650 -3.5983 -0.1349 -1.2044 -2.2887 
32.3014 24.3139 -3.1470 -0.8663 5.6549 -2.0033 -5.5211 -2.2561 -3.4294 -3.3853 0.1081 -0.9182 -1.7055 
32.6559 25.2381 -2.1508 -0.9782 4.8890 -2.1550 -5.2976 -2.4001 -3.4284 -2.7952 0.4741 -1.1472 -1.6424 
32.6104 24.8322 -2.9456 -1.4789 4.7887 -2.5565 -6.0736 -2.7271 -3.1909 -2.7838 0.2167 -1.0767 -1.5943 
35.1074 25.7245 -4.8213 -1.9886 5.2165 -3.3008 -6.2749 -1.5467 -2.8387 -3.3126 0.5496 -0.5359 -2.0182 
34.0635 25.3649 -4.1605 -2.2354 4.4691 -3.1466 -5.7307 -1.3432 -2.6730 -3.4032 -0.1884 -1.1489 -1.7876 
34.2332 26.0094 -3.3651 -2.4597 3.3749 -3.7745 -5.5004 -0.8953 -2.2065 -2.8383 -0.0413 -1.6920 -2.2093 
33.4634 25.3893 -3.2707 -2.3413 3.1150 -3.9155 -5.0563 -0.2815 -2.0883 -3.1652 -0.4395 -2.2592 -2.9585 
33.8651 25.6707 -3.4513 -2.5917 3.0709 -3.8894 -4.9311 0.2524 -1.3314 -2.8436 -0.6227 -2.4295 -3.0477 
34.0096 25.2057 -3.8072 -1.7093 3.2110 -5.1432 -5.5211 0.2157 -1.5805 -1.8069 0.9758 -3.0572 -4.4733 
33.8034 24.6699 -5.0804 -3.2422 2.6812 -5.0324 -5.9628 -0.2672 -1.7779 -2.9654 -0.7188 -3.4674 -4.5288 
32.9574 24.7297 -3.3441 -1.8384 3.1083 -4.2647 -4.6828 0.3033 -1.8193 -2.3996 0.3028 -2.9837 -4.1852 
33.9109 25.6755 -3.2437 -2.4156 2.3662 -4.5790 -4.3253 0.9224 -1.4812 -2.3454 0.4062 -2.7551 -4.1182 
32.8774 25.1986 -2.7861 -2.4698 2.1649 -4.4892 -4.6136 0.8151 -0.7282 -2.0532 -0.2956 -2.9839 -3.6352 
33.1018 25.4039 -2.7194 -2.5230 1.9973 -4.3150 -3.9671 0.9560 -1.5200 -2.6245 -0.0136 -2.7517 -3.9343 
34.0251 25.3140 -4.0561 -2.4241 3.2964 -3.8914 -4.0968 1.4428 -1.1141 -2.9595 -0.1149 -2.0974 -3.7371 
32.1970 24.4055 -2.7385 -1.6728 2.4169 -4.6470 -4.0339 1.3273 -1.3617 -2.7554 -0.2335 -2.9255 -3.9441 
31.0814 23.9239 -2.1484 -1.6338 2.3737 -3.9857 -3.5532 1.4651 -0.8608 -2.4228 -0.5524 -3.1226 -3.7566 
30.4389 22.9327 -2.8709 -1.2517 3.5830 -3.5197 -4.0940 1.4134 -0.3546 -2.7075 -0.9798 -2.2894 -3.0625 
29.4803 22.0068 -3.3549 -1.9925 2.8153 -3.5054 -3.4462 1.8167 -0.5997 -3.3291 -1.4614 -2.2939 -2.8052 
27.1206 20.5166 -2.4182 -1.4373 2.3247 -3.2828 -2.5632 1.8415 -1.1959 -3.3655 -1.1901 -2.4725 -3.1524 
25.7006 19.5920 -2.1969 -1.6827 1.8118 -3.2749 -2.4415 2.0866 -0.4721 -2.7865 -1.0375 -2.3067 -3.3768 
25.4261 19.1968 -2.6361 -2.0913 1.7385 -2.8867 -2.0359 2.0002 -0.9255 -3.1142 -1.0137 -2.0262 -3.1335 
25.0565 18.7849 -2.9641 -2.1654 2.2969 -2.4009 -2.4706 1.3444 -1.1209 -3.2719 -0.9855 -1.3782 -2.5214 
23.5447 17.5368 -2.8801 -1.8384 2.2810 -2.6916 -3.1340 0.4308 -1.8862 -3.7689 -1.0915 -0.9692 -2.1696 
22.1125 15.6845 -3.9362 -1.8122 2.5848 -2.6769 -2.9260 1.0056 -1.3957 -3.2659 -0.3239 -0.4352 -2.0987 
21.0069 14.6515 -4.1043 -1.7146 2.6252 -2.4540 -2.5943 1.1111 -1.3023 -2.7930 0.2791 -0.1072 -1.9350 
20.2531 14.0752 -4.2640 -2.2308 2.1520 -2.2537 -2.2094 1.0855 -1.8194 -3.7675 -0.5560 0.0135 -1.3373 
19.7124 13.3016 -4.9396 -2.6259 2.0170 -2.3165 -2.2813 1.1990 -1.2018 -2.7597 0.0731 -0.3204 -2.2871 
19.6666 13.6597 -4.1740 -2.0672 2.5573 -1.5395 -1.6476 1.5679 -1.0030 -2.9177 -0.1441 0.1032 -1.3086 
19.8577 13.6199 -4.2549 -1.5883 2.9106 -1.9373 -2.1957 1.3423 -1.0449 -2.8906 -0.3307 -0.4178 -1.6467 
19.3372 12.8024 -5.3480 -2.7229 2.3807 -1.9577 -2.3669 1.0402 -1.1301 -2.8357 -0.2872 -0.6251 -2.3571 
18.9057 12.3331 -5.5143 -2.5702 2.8652 -1.2103 -1.5932 1.6314 -0.8556 -3.0304 -0.7693 -0.8303 -2.2790 
20.6483 13.5000 -5.6046 -1.7855 3.9242 -1.6019 -2.4741 1.6152 -0.7908 -3.4532 -0.8532 -0.3284 -1.7176 
20.3548 12.7092 -6.5583 -1.9151 4.3993 -1.6131 -3.0459 1.3008 -0.4952 -2.7627 -0.0375 0.3048 -1.4325 
22.1331 13.4865 -7.6322 -1.9128 5.4064 -1.5926 -3.4721 1.6308 -0.3042 -3.3845 -0.4387 0.6082 -1.2687 
25.0393 14.8162 -9.0414 -1.3993 7.1114 -1.8439 -3.9898 2.8195 0.5174 -4.1043 -0.8814 1.2257 -0.7045 
27.1838 14.4329 -12.5249 -2.0029 8.4553 -2.3305 -4.8166 2.8761 -0.1762 -4.6101 0.1229 1.5944 -1.6301 
28.3060 14.1387 -14.2466 -2.0100 8.9733 -2.8190 -4.7496 3.2671 -0.7668 -4.7345 0.9531 1.7100 -1.5425 
27.9312 13.4809 -14.9844 -2.6641 8.2489 -3.5176 -4.9702 3.5305 -0.4026 -4.4872 0.8657 1.1191 -2.3849 
28.5156 13.9535 -14.9968 -2.6049 8.5940 -3.2167 -4.8721 3.4868 -0.5192 -4.2320 1.8642 2.1534 -2.1095 
29.3548 14.4869 -14.9711 -1.8421 9.8439 -2.3750 -4.3324 3.8533 -0.5120 -4.3385 1.4906 0.8980 -3.5940 
29.6532 14.5855 -15.2042 -1.7606 10.2602 -2.3463 -4.8481 3.6144 0.0164 -3.7676 1.3556 0.5742 -3.3231 
30.0724 14.8378 -15.5432 -2.2124 10.2207 -2.1161 -4.8812 3.1306 -0.6330 -4.1930 1.3643 0.9148 -2.9704 
30.7017 15.2302 -16.0075 -3.1210 9.2993 -2.6766 -4.9781 2.9895 -1.1004 -4.4558 1.6916 1.5548 -2.3683 
31.2264 15.7067 -16.0998 -3.3319 9.6969 -2.0130 -4.9456 2.4999 -1.5587 -4.8921 1.4409 1.8523 -1.9879 
29.9452 15.5111 -15.1724 -4.2596 8.1434 -1.9022 -4.3694 2.5700 -1.2090 -4.8378 0.5041 1.0305 -2.3246 
33.1397 21.5460 -8.7135 -1.3568 8.4165 -1.2540 -4.0132 1.7273 -1.7621 -4.8091 0.0111 0.3807 -2.3738 
40.0299 26.3886 -11.3440 -5.3240 6.9014 -1.3922 -4.4879 -0.0710 -3.9122 -5.4366 -0.4719 -1.8955 -3.9568 
39.2696 27.0647 -8.9181 -4.1915 6.6419 -1.3636 -4.0485 0.6961 -2.8587 -4.9051 -0.0653 -0.5505 -2.6700 
39.5296 27.4157 -9.5273 -6.1986 5.3628 -0.8329 -4.0355 -0.9795 -3.9375 -4.2378 0.3412 -1.5110 -3.4964 
37.4478 26.0614 -8.6720 -5.4168 5.1191 -1.0663 -3.5796 -0.1841 -3.7645 -5.2981 -0.8756 -1.4223 -2.7450 
35.5428 25.1652 -7.7895 -5.5770 4.5151 -0.4935 -3.1378 -0.7582 -4.2535 -5.5517 -1.2855 -1.5022 -2.6781 
34.4968 24.6687 -6.9793 -4.9595 4.3870 -0.6902 -3.1070 -0.5641 -3.9048 -5.4783 -1.8415 -2.0426 -2.4612 
32.7240 22.6388 -7.5347 -4.2603 4.6974 -0.7688 -1.9241 1.4483 -2.8164 -4.8308 -0.5467 -1.1017 -2.6724 
30.6768 20.8641 -8.0316 -4.9856 3.8399 -1.3698 -2.7846 0.8581 -2.4526 -4.4286 -0.3258 -0.0490 -1.4440 
28.8191 20.7747 -5.4684 -3.9738 3.4176 -0.8390 -2.3010 0.1501 -3.1843 -5.0846 -1.6304 -0.9971 -1.2323 
26.2219 19.1170 -4.4276 -3.1475 3.1419 -0.9378 -2.1384 0.2325 -2.6214 -4.1730 -1.2216 -0.9418 -1.0219 
25.4657 18.3279 -4.9216 -3.7396 2.5413 -1.2602 -2.0691 0.7018 -2.2124 -4.3688 -1.6902 -1.3202 -1.8716 
23.5685 16.5393 -5.0568 -3.1165 2.8381 -1.3960 -2.2603 0.5750 -2.3947 -4.7974 -2.3882 -1.8840 -2.0257 
23.4486 16.9038 -3.9636 -2.2722 2.8120 -1.8356 -2.5974 0.2192 -2.7974 -4.6806 -1.4788 -0.9292 -1.8711 
22.9838 16.4751 -3.8974 -2.0329 2.8250 -1.6271 -1.8659 0.8693 -2.4129 -4.0925 -1.0760 -1.2841 -2.3686 
23.0248 15.7032 -5.4382 -2.6472 3.0321 -2.1185 -2.5864 1.4411 -1.2565 -3.7650 -0.9316 -0.5911 -1.9849 
34.1970 22.2511 -10.1540 -5.1255 3.9847 -4.2334 -5.0388 1.6809 -1.7559 -5.0892 -0.3356 0.5909 -1.6440 
34.1736 19.9709 -13.1973 -3.7280 7.4362 -3.3533 -4.9351 3.0426 -1.2110 -5.9128 -0.8072 0.7424 -1.1236 
33.1186 17.9761 -15.1175 -4.2552 7.3873 -3.9350 -4.9487 3.9979 -0.6639 -6.1158 -1.0029 0.4335 -1.7415 
33.0973 17.8414 -15.3542 -3.8884 8.9759 -2.3358 -5.1567 2.5833 -1.1114 -5.0880 0.3009 1.0879 -1.8408 
32.5268 17.6067 -14.4152 -2.5080 9.4512 -2.8375 -5.3751 3.2845 -0.2127 -4.9851 -0.6582 -0.2229 -2.5492 
31.2489 15.9309 -15.5411 -2.9959 9.0350 -3.3789 -5.7851 2.8822 -0.5138 -4.5596 0.3202 0.4512 -2.1528 
30.3153 14.9936 -15.9856 -3.4906 8.5014 -3.4069 -5.2879 3.2449 -0.7415 -5.0373 0.1564 0.4246 -2.6618 
29.7108 14.7455 -15.4422 -3.0127 8.6205 -3.5440 -5.8206 2.5912 -0.9469 -4.9788 -0.0861 -0.0581 -3.0287 
30.5646 15.6786 -14.9300 -2.7088 8.7887 -3.3381 -5.4462 2.7344 -1.1386 -4.6778 1.0854 1.1467 -2.3801 
30.6009 15.6857 -14.9947 -2.7458 8.7645 -3.5397 -5.5219 3.4709 0.1109 -4.0838 0.7871 0.7553 -2.4652 
30.4378 15.5105 -15.0908 -2.7826 8.8511 -3.3192 -5.2899 3.5797 0.0306 -4.1933 1.0834 1.6543 -1.3887 
30.5231 16.0105 -14.5558 -2.8893 9.0250 -2.4657 -5.1844 2.5140 -1.0016 -4.9036 0.1185 0.5143 -2.5007 
28.6774 14.7944 -14.3087 -3.4900 7.6785 -3.0423 -5.2023 2.6460 -0.2396 -4.0194 0.1792 0.2261 -2.4795 
27.9594 15.0742 -12.8173 -3.0257 7.3796 -2.8408 -5.2343 1.8291 -0.9679 -4.4398 -0.2409 0.1401 -2.3359 
25.6526 14.5846 -10.6705 -3.0443 5.6971 -3.1049 -4.8275 1.8275 -0.6257 -4.1828 -0.5120 0.2935 -1.9666 
25.0400 15.8129 -7.4136 -1.3656 6.0686 -1.9747 -3.8843 1.6117 -1.0296 -4.6628 -1.4920 -0.4506 -2.2440 
23.2684 14.9203 -6.4239 -0.9534 5.6124 -2.3279 -4.4541 0.9767 -0.9526 -4.6390 -2.2638 -0.8892 -1.6813 
21.4831 13.0987 -7.2828 -1.6455 5.2252 -1.7911 -3.4453 1.6452 -0.4701 -3.6201 -0.5152 0.9262 -0.5994 
20.2760 12.6365 -6.4700 -1.8711 3.8734 -2.5129 -3.5008 1.3835 -0.5471 -3.3219 -0.8118 -0.1262 -1.4973 
20.0301 12.7563 -5.9409 -1.5703 4.4899 -1.0536 -2.0477 2.1400 -0.1158 -3.0279 -0.9518 -0.6152 -1.8426 
20.3780 13.3378 -5.4528 -1.6597 3.9254 -1.5003 -2.4614 1.1434 -1.3979 -3.6339 -0.8522 -0.4255 -1.5685 
21.1124 13.5279 -6.4924 -2.2900 4.9677 0.1615 -1.8484 1.0443 -0.6684 -1.9844 0.3106 -0.4088 -1.8160 
26.4690 16.3015 -10.9242 -6.7963 5.0853 1.8816 -2.4482 -1.3886 -2.4848 -2.8336 -0.9997 -2.0066 -1.7930 
29.8092 18.6962 -11.0903 -6.1762 5.9546 1.1404 -3.6839 -2.5837 -4.3673 -4.0680 -0.4946 -1.2500 -1.4942 
31.8456 21.7617 -8.8309 -5.9641 5.4807 1.5599 -3.0538 -2.4894 -4.4316 -4.1622 -0.6545 -1.3915 -1.9941 
33.7098 23.6807 -8.0491 -5.6447 5.6720 1.7716 -2.5021 -1.8549 -4.2005 -4.0690 -0.3787 -1.2858 -2.2231 
37.5372 26.1245 -9.3023 -6.1272 6.8145 2.3474 -2.4521 -1.6147 -4.2381 -4.1573 -0.1104 -1.2109 -2.2173 
38.1345 26.4189 -9.4652 -6.0224 6.5983 1.5416 -2.8578 -1.6768 -4.8542 -4.7913 -0.0386 -1.2689 -3.0051 
38.9192 25.8675 -10.8810 -5.1428 7.8641 0.9785 -2.5260 0.6409 -3.6569 -5.3132 -0.0161 -0.5592 -2.4565 
38.7328 26.3683 -9.9217 -5.1729 7.4266 0.9280 -3.0280 -0.4209 -4.3234 -5.6364 -0.3097 -0.5350 -2.5269 
37.0573 25.5543 -9.0028 -4.8795 7.1068 1.0638 -3.0096 -0.5966 -3.8505 -5.0292 -0.2614 -0.4163 -2.2958 
37.7769 25.7486 -10.3276 -6.8335 5.7252 0.4118 -3.6972 -1.7315 -4.9199 -5.6097 -0.7291 -1.1287 -3.0906 
39.2158 27.1055 -9.8648 -6.1098 7.1023 1.5661 -3.1002 -1.0827 -4.1229 -5.0531 -0.1569 -0.2230 -2.2969 
38.0394 26.8758 -8.8108 -6.0912 6.7204 1.9042 -3.3737 -2.1243 -4.3175 -4.7341 -0.4583 -0.4678 -2.0955 
37.8686 26.5141 -9.0130 -5.9102 6.7407 1.9063 -2.7692 -1.6018 -4.5777 -4.9688 -0.2520 -0.4890 -2.2874 
36.2751 25.8542 -7.8313 -5.2539 6.8448 2.6145 -2.1082 -1.5804 -4.5614 -4.8113 -0.1946 -0.3756 -2.2326 
34.5826 24.7451 -7.4500 -5.3462 6.1967 2.4340 -2.2860 -2.3059 -5.3150 -5.5213 -1.1959 -1.2974 -2.8017 
35.5874 25.5154 -7.2679 -4.6110 7.1530 2.5844 -2.5806 -2.2686 -5.0374 -5.0865 -0.4593 -0.6391 -2.4890 
34.8293 24.8056 -7.5560 -4.9146 6.9786 2.6933 -2.5731 -2.3755 -4.9512 -5.1446 -0.9365 -0.9426 -2.4259 
35.2911 24.8808 -7.9704 -5.0056 6.8384 2.3832 -2.3728 -2.0685 -5.1171 -4.9682 -0.1681 -0.6052 -2.5816 
34.3878 24.3563 -7.7605 -5.0540 6.9788 2.8699 -2.7558 -3.2159 -5.5967 -4.7624 -0.1436 -0.7726 -2.7764 
36.5662 25.0427 -9.7395 -5.7160 7.9344 3.1307 -2.7455 -2.4055 -5.0732 -5.0049 -0.1667 -0.3774 -2.2487 
34.1214 23.9230 -8.1355 -5.0891 7.1979 3.0275 -2.5827 -2.7916 -5.1531 -4.5885 0.0263 -0.2567 -1.9939 
31.6278 22.6373 -6.1672 -3.3094 6.8374 2.2092 -2.3750 -2.1419 -4.8325 -4.6865 -0.3663 -0.4641 -1.6633 
29.5087 20.7015 -6.7005 -4.0021 5.7883 2.1193 -1.3561 -0.9952 -3.7557 -3.4793 0.4668 -0.3187 -1.6780 
29.2935 20.7275 -6.7877 -4.6141 5.9708 2.9641 -2.0507 -3.1621 -5.3376 -4.3452 -0.5778 -1.1346 -1.8156 
26.3106 18.3493 -6.0486 -3.3690 5.0778 0.9857 -2.1078 -0.9160 -3.3875 -4.0443 -0.4305 -0.0744 -0.8704 
24.6963 16.9744 -6.3848 -4.1282 3.8317 0.2007 -2.6195 -1.7502 -4.2688 -4.6977 -1.2021 -1.2512 -2.4613 
24.5269 17.1858 -5.4985 -3.1900 4.3544 0.3576 -2.4695 -1.2568 -3.5903 -4.2260 -0.7534 -0.5619 -1.9885 
23.8827 16.4439 -5.5845 -2.5629 4.8858 0.4104 -2.3959 -1.1201 -3.8391 -4.6475 -0.9013 -0.5711 -1.9316 
23.3851 16.3911 -5.1749 -3.0314 3.8786 0.1199 -2.0133 -0.6135 -3.2352 -4.2603 -1.1552 -1.0934 -2.2808 
22.1322 15.2840 -5.0043 -2.6480 3.0024 -1.5034 -2.8922 -0.9899 -4.0364 -5.0085 -1.4077 -1.5895 -3.2156 
20.3705 13.6220 -5.5837 -3.1207 2.6876 -1.2407 -2.3813 -0.3478 -3.2338 -4.5296 -1.0891 -0.6278 -1.9606 
21.2184 14.7307 -4.5769 -2.0534 3.7583 -0.4984 -1.9848 0.3220 -1.8442 -3.0724 -0.6032 -0.9903 -2.0645 
21.1955 14.9865 -3.9959 -1.7270 3.6676 -0.5086 -1.6589 0.5609 -2.1107 -3.5706 -0.6734 -0.4803 -1.6013 
23.6778 17.3624 -3.2732 -1.3328 4.0927 -0.5918 -2.1971 -0.1805 -2.9531 -4.2177 -1.1290 -1.1325 -2.4542 
22.1107 16.0729 -2.8272 -0.2835 4.3073 -0.9235 -1.9190 0.6960 -2.1988 -3.6451 -0.5750 -0.7565 -2.2028 
24.3641 17.8243 -3.2746 -0.9468 4.9234 0.6081 -0.6066 1.0390 -2.4400 -3.5677 -0.2591 -0.7805 -2.3491 
23.6541 17.9136 -1.4937 0.7658 4.9904 -0.5371 -1.6049 0.7079 -2.4785 -3.6296 -0.4026 -1.0915 -2.6461 
24.3862 18.1403 -2.0710 0.8212 5.6769 -0.0892 -1.2006 1.3836 -2.0463 -3.6385 -0.3694 -0.8369 -2.4891 
25.3441 18.7587 -2.8858 -0.5063 5.0976 -0.2859 -2.0845 0.2311 -2.3950 -3.3304 -0.0618 -0.5714 -2.1831 
26.0411 19.5509 -2.2877 0.1188 5.5062 -0.3266 -2.2946 0.0168 -2.7789 -3.7453 -0.1760 -0.4746 -2.1520 
26.6267 20.0041 -2.3994 -0.1583 5.1524 -1.0582 -3.6245 -1.6684 -3.9812 -3.9210 0.0509 -0.5937 -2.4157 
27.8558 20.8479 -2.6802 -0.1927 5.5609 -1.0441 -3.7153 -1.0355 -3.0009 -3.4265 0.0895 -0.6421 -2.4583 
28.8306 21.5301 -2.9881 -0.5008 5.6288 -1.1202 -3.9810 -1.0430 -2.8886 -3.7217 -0.5005 -0.8382 -1.9287 
28.8471 22.1178 -1.9550 0.0099 6.0371 -0.3339 -3.9810 -2.2435 -3.6122 -3.2657 -0.2453 -1.2721 -1.9866 
29.5344 22.4134 -2.3855 0.0240 6.4449 -0.5394 -4.6999 -2.6541 -3.7260 -3.5233 -0.5242 -1.2850 -1.8155 
32.1319 23.7886 -3.7455 -0.7857 6.1264 -1.8905 -5.4839 -1.7222 -2.8572 -3.3982 -0.0513 -0.7213 -1.8334 
31.7451 24.1080 -2.9042 -0.8803 6.0851 -1.1891 -5.7624 -3.0810 -3.1395 -2.4869 0.4449 -0.7041 -1.6335 
33.2733 24.9218 -3.7506 -1.4547 5.9227 -1.9220 -6.5779 -3.2221 -2.8896 -2.1646 0.7022 -0.7594 -1.8285 
33.2301 24.8982 -3.7515 -1.5626 5.6568 -2.2560 -6.9499 -3.6509 -3.2265 -2.3027 0.5425 -1.0761 -2.0514 
33.2176 24.6691 -3.8526 -1.0755 5.9548 -2.4511 -6.5896 -2.6354 -2.6726 -2.2611 0.8326 -0.6521 -1.8793 
33.2257 24.9176 -3.5507 -1.2393 5.7486 -2.2229 -6.5203 -3.0524 -2.7224 -1.5164 1.5444 -0.6276 -2.2660 
33.2401 24.5948 -4.1048 -1.4606 5.5292 -2.6616 -6.4783 -2.3738 -2.2222 -1.6560 0.9448 -1.3112 -2.5797 
34.8167 25.9417 -4.2760 -1.9832 5.7635 -2.1107 -6.3836 -2.3513 -1.6937 -0.9866 1.4044 -0.8085 -2.1924 
35.9030 26.4009 -5.0911 -2.5409 5.4431 -2.7668 -6.5426 -1.8457 -1.7958 -1.6814 1.2353 -0.8579 -2.9410 
36.6239 26.7032 -5.7686 -3.2388 5.2019 -2.6004 -6.2601 -1.9643 -2.0690 -1.4385 1.4948 -1.2194 -3.2488 
35.6388 26.3148 -5.1437 -3.2188 4.8042 -2.4389 -5.8385 -1.6614 -1.8520 -1.5927 1.1758 -1.0842 -2.9807 
35.8656 25.9943 -5.7964 -3.0426 5.0358 -2.8287 -5.6503 -0.6528 -1.4291 -1.9621 0.9320 -1.1556 -3.1241 
34.1292 25.3587 -4.4321 -2.5622 4.6417 -2.4755 -5.0712 -0.5161 -1.0678 -1.4036 1.0839 -1.2334 -3.1359 
36.0072 26.1544 -6.2640 -4.3310 4.2434 -2.5183 -5.4699 -1.1130 -1.6612 -1.9905 0.2733 -2.2579 -3.9089 
36.4889 26.2106 -6.6918 -4.0781 4.9386 -2.0303 -4.7862 -0.2178 -1.3221 -2.1682 0.2312 -2.0552 -3.5659 
35.6523 25.7607 -6.4570 -4.4325 4.2139 -2.2116 -4.7769 -0.6385 -2.0208 -2.9228 -0.3606 -2.1523 -3.4441 
36.1087 25.9513 -6.6565 -4.3519 4.4172 -1.8541 -3.9497 -0.1726 -2.4280 -2.9308 0.4612 -1.9256 -3.9599 
35.6305 26.2083 -5.8408 -4.8011 3.6463 -1.2541 -3.0094 -0.2901 -2.9488 -2.9321 0.8119 -1.7238 -4.0719 
33.8616 25.2288 -5.1465 -4.5658 3.8482 -0.1078 -2.2278 -0.3338 -2.6199 -2.4833 0.7435 -1.2976 -3.1193 
33.0475 24.8970 -4.6407 -4.3042 4.2763 0.8631 -1.6173 -0.3507 -2.9996 -3.5277 -0.4041 -1.4108 -2.8348 
32.7967 24.1792 -5.3398 -4.1347 4.5537 0.4905 -1.8570 -0.1559 -3.1785 -4.0389 -0.6140 -1.5554 -3.1782 
31.6191 23.5965 -4.6896 -3.9827 4.0989 0.3648 -2.0142 -0.8289 -3.7201 -4.0473 -0.3382 -0.9643 -2.4193 
30.9314 23.1939 -4.3701 -3.8033 3.8635 -0.0249 -2.4881 -1.1527 -3.6253 -3.8879 -0.5039 -1.2512 -2.6818 
30.5613 22.7905 -4.2288 -3.1268 4.2400 -0.1064 -2.2563 -0.6384 -3.4761 -3.9231 -0.4029 -1.3616 -2.9788 
30.3817 22.4508 -4.3087 -2.4597 5.0741 0.0801 -2.3582 -0.3356 -2.9849 -3.6505 -0.1340 -0.8955 -2.5247 
29.2706 21.6146 -4.2482 -2.4344 5.1983 0.6416 -2.1160 -0.7190 -3.2369 -3.5667 -0.0379 -0.5849 -2.0092 
27.8625 20.7045 -3.5971 -1.7619 5.0679 0.2322 -2.2798 -0.3878 -2.3925 -2.8971 -0.3738 -1.7854 -3.2518 
26.8188 19.8096 -3.4233 -1.0511 5.6167 0.4077 -2.1799 -0.1070 -2.2286 -3.0837 -0.4083 -1.3382 -2.8356 
29.6696 20.9137 -6.1752 -3.2091 5.6579 0.8414 -1.9236 0.1989 -2.2085 -2.9579 0.1660 -1.0938 -2.7985 
26.5411 18.8498 -4.8985 -2.1764 4.7360 -0.1212 -1.5815 1.1451 -1.3168 -2.1486 0.6618 -1.2037 -3.4023 
25.3337 18.0613 -4.2384 -1.2132 5.1254 -0.2459 -1.8177 1.1266 -1.3635 -2.7808 -0.1575 -1.2094 -2.7960 
24.3317 17.5423 -3.6945 -1.1881 4.1387 -1.2933 -2.2522 1.1548 -1.3563 -2.9038 0.0936 -0.5000 -2.3653 
22.5280 15.4912 -5.0680 -2.1602 3.9367 -1.0273 -2.6015 0.5126 -1.1622 -2.2574 0.2320 -0.7578 -2.7571 
21.4559 14.6774 -4.9636 -2.3910 2.8871 -1.8101 -2.3264 1.1068 -1.2528 -2.8888 -0.2490 -1.0055 -3.0310 
21.3432 14.6110 -4.6247 -1.6384 3.3445 -2.0556 -2.6909 1.0966 -1.3192 -3.2996 -0.3164 0.0178 -1.3717 
20.7977 13.7795 -5.5847 -2.3460 3.6038 -0.9152 -1.6324 1.5578 -1.2117 -3.3901 -0.7475 -0.7940 -2.3421 
20.4090 13.6171 -5.3071 -2.5006 2.5841 -2.1068 -2.1644 1.5935 -1.1658 -3.3212 -0.4062 -0.6125 -2.7550 
20.0372 13.5627 -4.9038 -2.3842 2.5843 -1.8684 -2.1418 1.4338 -0.7218 -2.4580 0.0102 -0.4375 -2.2024 
20.6900 14.3306 -4.5116 -2.2875 2.7347 -1.4881 -1.7818 1.3897 -1.2847 -3.2408 -0.5082 -0.5788 -2.4494 
20.0917 13.1599 -5.6266 -2.6053 2.3884 -2.6000 -2.7785 1.2183 -0.9730 -2.8010 -0.2687 -0.8142 -2.6937 
19.7550 13.2078 -5.2553 -2.8525 1.9964 -2.5433 -2.8112 0.9648 -1.0538 -2.9670 -0.6127 -0.8358 -2.5075 
18.8454 12.0452 -6.0174 -2.9618 2.6565 -1.2824 -1.5759 1.5348 -1.0159 -2.8687 -0.3052 -0.4386 -2.0017 
18.8106 12.4424 -4.6930 -1.4606 3.0551 -1.7361 -1.6251 1.7595 -1.3671 -3.3455 -0.2633 -0.4354 -2.3788 
18.9461 13.0638 -3.9534 -1.5523 2.6598 -1.7149 -1.6023 1.7392 -0.9802 -2.9906 -0.3300 -0.2087 -1.5285 
18.8532 12.3617 -5.2579 -2.4262 2.3862 -1.9813 -2.0465 1.2602 -1.3329 -3.1195 -0.5482 -0.8730 -2.3559 
18.5548 12.3209 -4.8561 -2.2320 2.2523 -2.1040 -2.2536 0.7556 -1.8144 -3.2186 -0.3998 -0.6985 -2.1272 
19.1825 12.8957 -4.8244 -2.2086 2.7996 -1.4023 -1.9103 1.0544 -1.2222 -2.6008 0.1371 -0.2076 -2.0429 
19.8664 13.4543 -4.6897 -1.9786 2.8549 -1.7547 -2.1342 1.0494 -1.4862 -2.9622 0.1234 0.0262 -1.7301 
19.4366 12.9717 -4.8976 -1.9827 3.0524 -1.1236 -1.2373 1.6585 -1.0856 -2.4045 0.3987 -0.3540 -2.1134 
20.7308 14.9011 -2.9409 -0.3187 4.2739 -0.3284 -0.8127 1.6725 -1.6575 -3.2243 0.3001 0.3939 -1.6146 
24.1500 18.6187 -1.1434 0.7349 5.3170 -0.2296 -2.4564 -0.6416 -2.9861 -3.6901 -0.6361 -1.1001 -2.7128 
26.9070 20.5479 -2.0093 -0.3149 5.2472 0.2407 -1.4156 0.2764 -3.3869 -4.5838 -0.4291 -0.1784 -2.0603 
28.0327 21.3775 -2.4438 -0.9729 5.2564 0.4275 -1.8454 -0.3772 -3.4178 -4.3054 -0.6228 -0.4577 -1.7742 
29.4387 22.0046 -3.4476 -1.4573 5.6214 0.4555 -2.1252 -0.4629 -3.4682 -4.1735 -0.0489 -0.0004 -1.8625 
30.0571 22.4164 -3.7050 -1.7610 5.5812 0.5381 -1.9619 -0.2853 -3.4957 -4.3978 -0.1981 0.0688 -1.6890 
29.5780 22.0617 -3.7584 -1.9419 5.6833 1.3405 -1.2536 -0.4683 -4.0274 -4.4666 -0.0630 -0.2814 -2.4092 
34.0906 25.2406 -5.1658 -3.5401 5.4506 0.0938 -3.5668 -1.1361 -2.4629 -3.0218 -0.4417 -1.5674 -2.7960 
36.6021 26.5650 -6.9922 -5.6530 4.0627 -1.2938 -4.4408 -1.0166 -1.9770 -2.5526 -0.3579 -2.2210 -3.1113 
37.9932 27.3562 -7.8261 -6.2334 4.3891 -1.3510 -4.9330 -0.7044 -1.3965 -2.8807 -0.5054 -1.2565 -2.6584 
38.7096 27.4385 -8.2495 -5.3875 5.3480 -1.8757 -5.5097 -0.0867 -0.7767 -2.8531 -0.2127 -0.7854 -2.7505 
39.5682 27.4188 -9.1115 -5.0912 5.6388 -2.6875 -6.0351 -0.1990 -1.2502 -2.8481 0.1672 -1.2850 -3.2299 
38.9688 27.5870 -8.1224 -5.2312 4.8166 -2.5403 -5.3620 -0.1098 -1.3713 -2.5213 0.7241 -0.9780 -3.2673 
38.2926 27.1141 -8.1492 -5.4570 4.7054 -2.3722 -5.4362 -0.2140 -1.1974 -2.7969 -0.1020 -1.2814 -2.9019 
38.4396 27.3317 -7.8282 -4.9943 5.1178 -2.1814 -5.4134 -0.1461 -0.8472 -2.2568 0.1979 -1.2088 -2.5883 
38.8161 27.4018 -8.2099 -5.1806 4.8710 -2.6787 -5.4950 0.0815 -1.2139 -2.9432 0.0453 -1.2458 -3.1176 
38.1337 26.7771 -8.7468 -6.0254 4.5426 -2.6412 -6.4003 -1.2938 -1.8605 -3.4972 -0.8886 -1.7265 -3.4582 
38.2696 27.1954 -7.7507 -4.9689 4.8794 -2.1426 -4.9101 -0.2346 -1.8406 -2.8191 0.4475 -1.3713 -3.2243 
37.9111 27.0114 -7.8208 -5.5412 4.3953 -1.9795 -4.8827 -0.7242 -2.0699 -2.7509 0.1379 -1.6943 -3.0576 
38.0343 27.5984 -7.1873 -5.7040 4.2779 -1.3819 -4.5397 -0.8639 -1.7272 -2.0690 0.3926 -1.5411 -2.6228 
38.2687 27.4573 -7.7335 -5.6414 4.9023 -1.1516 -4.7455 -0.9116 -1.7808 -2.4051 0.3109 -1.2129 -2.7066 
37.9230 27.1250 -7.6679 -5.4721 4.7720 -0.9677 -3.9183 -0.7521 -2.7790 -2.9511 0.7773 -1.0156 -2.9409 
37.0681 26.0908 -8.4002 -5.8300 5.0973 -0.2132 -3.8286 -1.7352 -3.9606 -3.7750 0.1023 -1.2516 -2.4203 
37.4272 26.5804 -8.1777 -5.8536 5.4580 0.5492 -3.3243 -1.4082 -3.4258 -3.4290 0.1383 -0.8797 -1.8385 
38.8117 27.1540 -9.0672 -6.0284 5.8769 0.5455 -3.0999 -0.9818 -3.7932 -3.7635 0.8373 -0.5067 -2.5876 
39.3527 27.4726 -9.6651 -7.0114 5.4019 0.4941 -3.4899 -1.7595 -4.3862 -3.9404 0.8625 -0.6518 -3.0610 
38.8704 27.4044 -9.1852 -6.8706 5.5614 0.9651 -3.3346 -1.7703 -4.0328 -3.6329 1.0231 -0.1068 -2.4951 
38.0204 27.3872 -8.1125 -6.5956 5.5927 1.7702 -2.9213 -2.2060 -4.0384 -3.1048 1.1671 -0.2012 -2.3479 
37.8653 27.3521 -8.1156 -7.1707 4.5204 0.9441 -3.2308 -2.4218 -4.3886 -3.3480 1.0474 -0.6010 -3.0874 
37.1814 26.3953 -8.4150 -6.4009 5.2053 0.8405 -3.2147 -2.0216 -4.4672 -3.8930 0.7732 -0.5623 -3.0788 
35.4725 25.6406 -7.3516 -6.2625 4.3019 0.5722 -2.9329 -1.7854 -4.0802 -3.6018 0.7574 -0.3549 -2.7217 
34.0937 24.8859 -6.8665 -6.5852 3.2925 0.3491 -2.7875 -2.2812 -4.8299 -4.2900 -0.2717 -1.3551 -2.9547 
32.6583 24.4812 -4.6912 -4.1393 4.1776 0.6551 -1.2467 0.2557 -3.2599 -4.3076 -0.2672 -0.4564 -2.3903 
32.5330 24.4624 -4.5188 -4.0174 4.1795 0.5314 -1.6727 -0.5286 -4.1373 -4.9409 -0.4690 -0.2951 -2.2120 
31.9530 23.9481 -4.7893 -4.4997 3.8937 0.8719 -1.3458 -0.6652 -4.1016 -4.4019 -0.0136 -0.1558 -2.0446 
30.2844 22.1429 -5.4304 -4.3379 3.9112 0.0507 -2.7204 -1.6718 -4.4853 -4.8414 -0.8675 -0.9913 -2.6288 
29.9910 22.0024 -4.9893 -3.5806 4.5297 0.6204 -1.8535 -0.6552 -3.6515 -4.1847 -0.3352 -0.6139 -2.2858 
27.7436 20.4062 -4.1035 -2.3665 4.4393 -0.1971 -2.2798 -0.5952 -3.7693 -4.6689 -0.6280 -0.5986 -2.4592 
25.4575 18.6351 -4.1198 -2.7702 3.6032 -0.1662 -1.6982 -0.1864 -3.3315 -4.1548 -0.0996 0.2326 -1.6180 
24.7276 17.5133 -4.9248 -2.6997 3.9583 -0.3801 -2.2185 -0.2563 -2.7873 -3.5010 -0.0424 -0.4734 -2.4248 
24.4073 16.7352 -5.7818 -2.9191 3.8461 -1.0171 -2.6652 -0.0585 -2.8062 -4.1081 -0.3499 0.0885 -1.3367 
22.6770 15.9591 -4.6254 -2.5358 3.0831 -1.4404 -2.6773 -0.1007 -2.6724 -3.9510 -0.4195 0.0150 -1.4874 
21.1425 14.8381 -4.4466 -2.6166 2.6363 -1.2429 -2.0573 0.3572 -1.9122 -2.7406 0.3861 0.1433 -1.4613 
20.8958 14.3469 -4.8430 -2.3834 3.1752 -1.0148 -1.7363 1.3520 -0.9040 -2.5634 0.1508 0.1655 -1.3816 
20.9613 13.8929 -5.5468 -2.3417 3.2353 -1.5694 -2.0390 1.3116 -1.5930 -3.4528 -0.1856 -0.2215 -2.1861 
20.1614 13.5590 -4.9575 -2.0452 3.1785 -1.4101 -1.9985 1.0108 -1.7394 -3.4045 -0.2035 -0.0346 -1.8445 
20.2321 13.5201 -4.8618 -1.3504 3.9263 -1.3952 -2.4954 0.5967 -1.9916 -3.7051 -0.7946 -0.9374 -2.4229 
27.1844 17.9248 -8.6002 -5.1928 5.1438 1.0279 -3.7825 -3.3821 -4.2054 -2.7066 0.5881 -0.9111 -1.8545 
28.1435 19.3832 -7.5874 -5.4223 4.4425 1.2448 -2.8200 -2.9022 -4.5981 -3.2905 0.5254 -0.4512 -1.4720 
32.1012 22.3041 -8.4615 -6.2860 5.1874 1.8137 -3.1651 -3.4135 -5.1885 -4.1058 -0.1338 -0.8367 -1.8836 
35.3951 25.3577 -7.4726 -5.3676 6.1321 2.2256 -2.4717 -2.4174 -4.6928 -3.7079 0.5207 -0.4848 -1.6289 
35.4578 24.8164 -8.3967 -5.3164 6.6278 1.7259 -3.5067 -2.8219 -4.8616 -4.3212 0.0391 -0.4573 -1.9400 
35.6385 25.0028 -8.1240 -4.8101 6.9744 1.7983 -3.2042 -2.3209 -4.7512 -4.4779 0.1330 -0.2860 -1.9015 
35.8160 24.8791 -8.5722 -4.9695 7.2361 2.6517 -2.0045 -1.9310 -5.0863 -4.0789 0.9780 -0.3583 -2.2262 
39.4856 26.3439 -11.6458 -6.9442 7.1254 1.5639 -3.3371 -2.1172 -5.5191 -5.4168 -0.2111 -1.2336 -3.1771 
38.7713 26.5912 -10.0735 -6.0841 7.2788 2.0197 -2.9168 -1.8491 -4.8987 -4.8578 0.0449 -0.4538 -1.8812 
37.9235 26.7978 -8.3960 -5.5027 6.5164 1.8024 -2.1273 -1.1171 -4.8677 -5.0551 0.3732 0.0219 -2.1441 
39.3866 27.1508 -10.0947 -6.2847 7.2610 1.8867 -3.2639 -2.0024 -5.0238 -5.2429 0.0068 -0.0785 -2.1156 
37.2460 26.1171 -8.6217 -5.7355 5.8373 0.9029 -2.7869 -1.5374 -5.3177 -5.5696 -0.0101 -0.1490 -2.3876 
36.5354 25.8479 -8.4211 -6.0905 5.9902 1.9362 -2.7092 -2.6195 -5.7615 -5.0977 0.4223 0.1371 -1.9960 
36.9487 25.7964 -8.8470 -5.5312 7.0526 2.2131 -2.8660 -2.3712 -5.4075 -5.0900 0.3700 0.3710 -1.6905 
35.5644 25.5360 -7.4232 -5.3185 6.3413 2.5029 -2.2699 -2.5416 -5.6081 -5.0308 0.0949 -0.0814 -1.9693 
36.1105 25.2930 -8.4916 -5.2824 7.0601 2.3663 -2.8017 -2.4958 -5.1996 -4.4703 0.7150 -0.0444 -2.5067 
33.7682 23.7175 -7.9275 -5.2300 6.2690 2.2419 -2.6840 -3.0878 -5.6769 -4.3505 0.3776 -1.1448 -3.4218 
34.1650 24.4736 -7.0353 -4.5029 6.9779 2.9476 -2.3262 -3.0196 -5.6346 -4.3851 0.4617 -0.5204 -2.4931 
33.8133 24.0365 -7.0701 -4.4406 5.9861 1.3904 -2.4737 -1.7229 -4.6594 -4.2968 0.2910 -0.6233 -2.5041 
32.1250 22.7666 -6.9603 -4.3125 6.2562 2.0574 -2.5547 -2.7970 -5.6552 -4.9397 -0.2286 -0.8556 -2.6919 
31.0662 22.3032 -6.2397 -3.8662 6.4902 2.5752 -2.4534 -3.1653 -5.5300 -4.2791 0.3102 -0.6493 -2.7992 
28.2743 20.2489 -5.7929 -3.8186 5.2823 1.9639 -1.6534 -1.8996 -4.8454 -4.5807 -0.4702 -1.0283 -2.8056 
26.3567 18.8074 -5.4489 -3.5718 4.4736 0.8645 -2.1994 -1.6421 -4.1471 -4.1064 -0.1831 -0.3627 -1.9500 
25.4372 18.0536 -5.1754 -2.8543 4.9248 1.1194 -1.8800 -1.6096 -4.7191 -4.8067 -0.3933 -0.1075 -1.6023 
23.6660 16.3770 -5.5153 -2.8980 4.3811 0.4001 -2.0195 -0.7992 -3.3978 -3.8524 -0.0867 -0.1189 -1.9472 
23.2187 15.9458 -5.5023 -2.6285 4.4107 0.0267 -2.4031 -1.0117 -3.8213 -4.5700 -0.6317 -0.4217 -2.3676 
22.0403 15.1620 -5.1944 -2.7854 3.3989 -0.4644 -1.6263 0.2577 -2.9115 -4.1479 -0.4757 -0.1398 -1.6596 
20.7633 13.9661 -5.4241 -2.7434 3.2247 -0.8477 -1.9768 0.4196 -2.1167 -3.3675 -0.2561 -0.4304 -2.3334 
21.2698 14.2538 -5.3755 -2.1399 3.9297 -0.6639 -1.9860 0.3063 -2.5211 -3.6268 -0.2243 -0.6114 -2.6216 
19.8568 13.4304 -4.9426 -2.4051 2.9579 -1.1027 -2.0047 0.3445 -1.9847 -2.6399 0.6276 -0.0314 -2.2638 
20.0765 13.6195 -5.0928 -2.9021 2.4974 -1.0099 -1.2362 1.3174 -1.5448 -3.0609 -0.1209 -0.3171 -2.1328 
20.0144 13.0187 -5.6777 -2.3626 2.9185 -1.9094 -2.3806 0.6043 -2.4534 -3.9802 -0.5952 -0.7881 -2.5954 
19.5755 12.9935 -5.3102 -2.5457 2.9095 -1.0669 -1.4793 1.4306 -1.0595 -2.5563 0.0346 -0.6507 -2.4677 
19.0091 11.9885 -6.2422 -2.7778 3.0770 -0.9223 -1.1085 1.7958 -1.4611 -3.4483 -0.4144 -0.7547 -2.9101 
18.8475 12.0189 -5.7267 -2.1259 3.2750 -1.3826 -1.7840 1.5592 -1.1319 -2.9908 0.0398 0.0772 -1.8822 
22.6012 15.4300 -5.6658 -3.1776 3.4251 -0.6043 -2.1719 -0.0342 -2.5485 -3.7252 -0.5532 -0.3833 -1.6995 
19.8305 12.8480 -5.8230 -2.4279 3.3108 -1.3922 -2.3896 0.4904 -2.1348 -3.7534 -0.7102 -0.7337 -2.5288 
18.8967 11.9752 -5.8705 -2.1309 3.3630 -1.6329 -2.6813 0.3500 -1.9449 -3.3664 -0.6341 -0.9625 -2.3109 
20.2031 13.4038 -5.2123 -1.7750 3.9194 -1.0642 -2.4506 0.4898 -1.5143 -2.7897 -0.1533 -0.5399 -2.0848 
20.3038 13.1446 -5.9038 -2.1196 4.1849 -0.4545 -1.5629 1.4116 -1.1334 -2.8580 0.0621 0.0230 -1.7790 
21.2689 12.7652 -6.7844 -0.4189 4.9517 -3.0303 -3.0729 2.2682 -1.6908 -4.4322 0.3332 0.7003 -2.4574 
28.3124 15.6778 -10.8314 -0.4214 6.5804 -5.8486 -5.0823 3.4255 -2.7383 -6.5711 1.2478 1.7495 -3.2979 
26.4632 12.6251 -13.0949 0.1571 8.6411 -4.4728 -4.0679 4.5729 -1.8627 -5.7062 2.1991 2.2467 -2.9757 
27.7026 13.4043 -13.9471 -1.0809 8.1249 -4.5250 -4.1182 4.7993 -1.2511 -5.3937 1.7769 1.6295 -3.1486 
28.3885 13.3726 -15.0020 -1.3857 8.5438 -4.6795 -4.7800 4.3447 -1.4315 -5.1392 2.5708 2.1524 -3.4639 
28.8895 13.5075 -15.7019 -1.6697 9.7523 -2.9078 -4.1210 4.0348 -1.3759 -4.6911 2.4774 1.7009 -3.3567 
30.0241 14.7970 -15.0938 -1.5452 9.7404 -3.0217 -4.1392 4.4694 -0.9888 -5.0921 1.9428 1.9850 -2.8735 
29.9327 14.1669 -16.4256 -2.7859 9.2105 -2.8638 -3.8555 4.2602 -1.4566 -5.1195 2.1592 1.7736 -3.4510 
31.0421 15.3306 -15.8336 -2.5188 8.9242 -3.5559 -4.2526 4.0404 -1.9884 -5.4234 2.6010 2.2450 -3.5168 
31.4669 15.6116 -15.9193 -2.4370 9.3370 -2.9907 -3.7108 4.3037 -2.0642 -5.6009 2.3568 1.9233 -3.6111 
32.1122 15.7835 -16.9576 -3.4902 9.2309 -2.9948 -4.4970 3.6359 -1.7502 -5.1709 2.0896 1.6558 -2.9929 
32.8665 15.8602 -18.5267 -5.2592 8.5488 -3.2248 -5.2370 2.8018 -2.2815 -6.1382 0.5379 0.6495 -3.0881 
33.1292 17.6165 -15.7756 -4.0347 8.9501 -2.4538 -5.2330 2.2503 -1.8922 -5.4894 0.6991 1.4714 -1.6330 
31.0220 16.8851 -14.2377 -4.0495 7.6961 -2.3682 -4.6512 1.6672 -3.0220 -6.4777 -0.0924 1.2336 -1.7041 
33.3038 20.6314 -10.7208 -2.3886 8.3217 -1.4924 -3.8295 2.6004 -1.4911 -5.4273 -0.3114 0.7076 -1.9634 
38.4936 26.2410 -9.3525 -4.4815 6.5902 -1.0918 -3.8835 0.3789 -3.5343 -5.7177 -0.8377 -0.9662 -2.6363 
37.2508 25.8916 -8.2794 -4.2571 6.2182 -0.8445 -3.8219 -0.2268 -3.7549 -5.2811 -0.3553 -0.5510 -2.2133 
36.2885 25.3742 -7.7504 -3.9237 6.2195 -0.4668 -3.2200 0.0578 -3.8318 -5.5481 -0.5235 -0.4087 -2.1953 
34.4689 24.2209 -7.4753 -4.3799 5.5248 -0.1280 -2.5817 0.7166 -2.7145 -5.0753 -1.3121 -0.8681 -1.6155 
29.2462 20.7452 -5.6276 -2.7072 5.2670 -0.0015 -1.9430 0.9661 -2.2896 -4.4705 -1.1631 -0.9251 -1.7852 
28.5514 20.5051 -4.9621 -2.4695 4.5759 -0.7893 -2.1697 1.0332 -2.5946 -5.2849 -1.8202 -0.9682 -1.6981 
27.2235 19.8293 -4.0492 -1.8294 4.2725 -1.2054 -2.5272 0.4856 -2.8971 -5.1018 -1.6823 -1.1196 -1.8035 
25.8865 18.6176 -4.0306 -1.2320 4.6816 -1.1785 -2.7114 0.2941 -2.9620 -4.8476 -0.9143 -0.1221 -1.2707 
24.4929 17.1785 -4.9314 -2.3578 3.5969 -1.6586 -2.7378 0.6292 -2.3661 -4.6417 -1.3466 -0.7872 -2.1456 
23.7377 16.3877 -5.0078 -2.1939 3.1076 -2.0688 -1.8179 2.1471 -1.4336 -4.1188 -1.1412 -0.9622 -1.8167 
34.9494 21.8589 -12.0606 -6.2824 3.7253 -3.9448 -3.6387 3.1283 -1.4473 -4.8134 0.2160 0.2811 -1.8662 
38.2010 23.2770 -14.2501 -7.1005 4.2655 -5.0397 -5.1938 2.7799 -2.1975 -6.3904 -0.4855 0.1631 -2.8103 
34.3895 19.8616 -14.2724 -5.3813 6.2500 -3.7537 -5.0341 3.0953 -0.7637 -5.0490 0.0301 0.7327 -2.0722 
33.8504 19.0104 -14.6852 -5.0102 6.3223 -4.2396 -4.9355 3.4208 -1.5539 -6.2564 -0.3031 0.5020 -3.1360 
33.1536 17.8945 -15.0717 -4.0420 7.0138 -4.4377 -4.4870 4.5591 -0.8434 -5.5916 0.5541 0.7670 -3.0883 
32.4717 16.7442 -15.7720 -3.5654 7.4798 -4.8965 -4.8415 4.8797 -0.5326 -5.4040 0.8482 0.9148 -2.9297 
32.2100 16.5143 -15.4927 -2.7339 8.1943 -4.7720 -4.9294 4.9242 -0.5841 -5.6343 0.6923 0.8620 -2.8866 
31.1618 15.1913 -16.0594 -2.2626 8.8944 -4.6167 -5.2381 4.3584 -1.2198 -5.9215 0.8272 1.0760 -2.7949 
31.6333 16.0127 -15.4039 -2.0776 9.3504 -3.7526 -4.8314 4.4725 -0.5203 -4.7814 1.8531 1.7491 -2.8240 
30.5116 14.5620 -16.2938 -2.1989 9.4845 -3.7899 -4.6452 5.1897 0.0991 -5.0034 0.9340 0.8218 -3.3891 
29.1891 13.8486 -15.2509 -1.1444 9.4798 -3.9362 -4.3727 4.9750 -0.9255 -5.8688 0.7399 0.9544 -3.1708 
27.5855 12.6753 -14.8948 -1.0327 8.5194 -4.7849 -4.3747 4.8811 -1.8595 -7.0352 -0.0702 0.2091 -3.9651 
25.7307 12.0279 -13.5521 -1.0178 7.3977 -5.1223 -4.5585 4.3478 -1.7588 -6.7025 -0.4143 -0.1219 -3.9792 
24.6016 13.1788 -10.2319 -0.4781 6.4622 -4.4425 -4.0340 3.8081 -1.4569 -5.8993 -0.1583 0.4990 -3.0619 
23.6428 12.9344 -9.4970 -0.7629 5.5418 -4.5292 -3.7176 3.9233 -0.9968 -5.1783 0.1595 0.5866 -2.8603 
21.8123 11.2023 -10.1469 -1.2887 5.3868 -4.0668 -3.7333 3.1847 -1.1484 -4.3208 1.1095 1.1113 -2.7329 
22.0506 12.5417 -8.0674 -0.5338 5.1302 -3.7915 -3.2342 3.1625 -1.3735 -4.6892 0.4287 0.6798 -2.6529 
21.7738 12.6580 -7.6548 -0.6627 5.0018 -3.5843 -3.3942 2.9561 -0.8489 -4.2160 -0.0362 -0.1973 -3.3134 
19.8677 11.2991 -7.6892 -1.5877 3.6432 -3.7613 -3.4020 1.8374 -1.9586 -4.2791 0.3130 0.0606 -3.1753 
20.0672 12.5242 -5.7357 -0.6865 3.9067 -2.8903 -2.3672 2.5790 -1.1248 -3.5505 0.8102 0.9609 -2.0547 
19.9394 12.7330 -5.3699 -0.6484 4.4764 -1.7828 -2.2655 1.7315 -1.3904 -3.4011 0.2080 -0.0505 -2.3947 
19.1466 11.8218 -6.3521 -2.2166 2.9704 -2.5077 -2.6114 1.3551 -1.7069 -3.9519 -0.8635 -1.1240 -2.9989 
19.6055 12.4208 -5.9639 -2.1411 2.8318 -2.7516 -2.8780 1.2327 -1.5724 -3.4915 0.0334 -0.0475 -2.3907 
19.7910 12.7072 -5.3017 -0.8761 4.1142 -1.9573 -2.3165 1.9052 -0.7847 -2.9189 -0.1019 -0.6703 -2.5992 
19.7344 12.4089 -5.8830 -1.4155 3.7487 -2.1854 -2.3834 1.9087 -0.7933 -2.6619 0.6519 0.2163 -1.9978 
29.7266 15.9612 -14.3977 -4.9413 6.9222 -1.5741 -3.3838 2.2897 -1.8443 -4.1277 1.8445 1.6778 -2.1540 
33.9733 19.1063 -14.9245 -5.1780 7.5773 -1.7617 -3.8414 2.1725 -2.5602 -5.4416 0.6094 0.5353 -2.8998 
29.8015 17.1594 -12.7612 -5.1429 6.1607 -1.1502 -3.2134 1.3257 -2.8598 -5.2539 0.4459 1.5212 -0.8826 
30.6286 19.6612 -9.3894 -3.6014 6.6260 0.2174 -1.7841 1.8544 -2.6108 -5.5464 -1.0917 -0.4186 -2.1227 
32.0187 22.8216 -5.9772 -3.0756 5.1547 -0.8184 -2.6085 1.1170 -2.3840 -5.2854 -1.8598 -1.1235 -2.0662 
31.6206 23.2017 -4.7535 -2.8767 4.1968 -1.7617 -3.1194 1.2595 -1.3486 -4.0495 -1.3364 -1.2785 -2.2485 
31.1887 23.5722 -4.0473 -3.8995 2.7670 -1.8725 -3.2304 0.4536 -1.5348 -3.8364 -2.0728 -2.5272 -2.8212 
31.5239 24.4698 -2.6681 -2.9271 2.8874 -2.2356 -3.6897 0.2190 -1.0901 -2.8928 -1.6351 -2.8917 -3.0101 
31.3060 24.2061 -2.8507 -3.0809 2.7804 -2.1752 -3.5920 0.0257 -1.5132 -3.2617 -2.0327 -3.2776 -2.7974 
34.2287 25.5355 -5.0012 -4.3672 3.2564 -2.2245 -4.1744 0.1100 -1.0553 -2.9795 -1.9686 -3.4311 -2.7471 
33.6212 25.1217 -4.9749 -4.4816 3.4240 -1.3661 -3.5123 -0.2008 -1.9266 -3.8191 -2.4918 -3.3532 -2.2775 
34.8767 26.0470 -5.3774 -4.9828 3.7689 -0.6490 -3.3187 -0.6421 -2.4182 -4.0114 -2.6198 -3.5160 -2.1407 
33.2232 24.3132 -5.5874 -3.9744 4.5804 -0.4817 -2.8345 0.2588 -2.1592 -4.2304 -1.9836 -2.1494 -1.5378 
32.0780 23.9684 -4.7723 -3.9095 4.6326 0.3872 -2.6626 -0.4404 -2.1773 -3.8630 -2.2808 -2.6553 -2.0102 
31.5208 22.4855 -6.7346 -4.8457 4.6603 0.5529 -2.1965 0.2155 -2.1179 -4.1082 -1.8078 -1.5678 -1.2411 
33.4296 23.7643 -7.8927 -6.3575 5.0408 2.0049 -2.3139 -2.0615 -4.4983 -4.9964 -1.7827 -1.8108 -1.8531 
28.4230 20.4746 -5.8873 -4.5715 4.2752 1.1964 -1.9191 -1.2143 -3.5035 -4.1562 -1.5586 -1.7964 -1.4683 
27.0773 19.9329 -4.2750 -2.9310 4.0994 0.0986 -2.0512 -0.4186 -3.2686 -4.6847 -1.6652 -1.4679 -2.0722 
30.1863 19.8148 -9.4691 -4.8943 7.1279 2.2984 -2.8330 -1.7122 -3.9986 -5.0453 -1.0936 0.0012 -0.8119 
26.7827 18.8225 -5.7887 -3.2076 4.8276 0.4447 -2.0571 -0.2039 -3.1621 -4.7518 -1.1850 -0.3781 -1.1816 
27.2143 19.6947 -4.6463 -2.3738 5.1017 0.4609 -2.0171 -0.1942 -3.3902 -5.1855 -1.4595 -0.4137 -1.5272 
27.2176 19.4249 -5.1631 -2.5212 5.4305 0.8451 -1.6000 0.5434 -2.4757 -4.4562 -0.9652 -0.1760 -1.7444 
27.8576 19.5886 -5.7145 -2.4585 6.0458 1.0739 -1.7746 0.2739 -2.7962 -4.4613 -0.3854 0.5476 -1.3805 
26.0394 17.6521 -6.6571 -3.1640 5.1160 0.1917 -2.1225 0.6884 -2.0706 -4.1451 -0.4408 0.5645 -1.4309 
24.5572 16.6453 -6.3016 -3.1819 4.4448 0.0884 -1.6907 0.7267 -2.1860 -3.7937 -0.0542 0.5348 -1.4949 
22.2349 14.9393 -5.7883 -2.7885 3.7552 -0.3792 -1.3763 1.0087 -2.3014 -4.0551 -0.5076 -0.0667 -1.6525 
20.5900 13.0074 -7.1619 -4.0953 2.3365 -1.7783 -2.6618 0.0371 -2.8788 -4.5209 -1.0348 -0.6149 -2.4013 
20.3045 13.3911 -5.6242 -2.5132 3.3930 -0.7715 -1.4012 1.3236 -1.8356 -3.9735 -1.1836 -1.2074 -2.7676 
20.4109 13.8839 -4.7849 -2.0805 3.1143 -1.4261 -2.1049 0.9684 -1.3841 -2.9784 -0.3929 -0.6399 -2.0215 
19.4463 12.7352 -5.5091 -2.5917 2.4774 -2.1916 -2.7133 0.5245 -1.9557 -3.5830 -0.6542 -0.7741 -2.4998 
19.8199 13.6245 -4.0542 -1.1860 3.3151 -1.5961 -1.8047 1.7195 -0.8371 -2.7920 -0.2689 -0.5181 -1.9076 
19.4843 13.0202 -4.8239 -1.8492 2.9588 -1.7222 -1.8728 1.6158 -0.9482 -2.7881 -0.1748 -0.6545 -2.4875 
19.3087 12.8824 -4.6634 -1.3624 3.4745 -1.6163 -2.1728 1.3816 -0.9405 -2.8139 -0.2594 -0.5389 -2.2211 
19.5500 13.1897 -4.4998 -1.3627 3.5674 -1.1846 -1.6025 1.6236 -1.1402 -3.0469 -0.1316 -0.1274 -1.8209 
19.1988 12.5418 -5.2300 -1.8767 3.2085 -1.4723 -1.7431 1.5368 -1.1416 -2.7348 0.2836 0.1013 -1.4559 
19.6189 12.3397 -6.6978 -3.5127 2.1013 -2.6023 -3.0635 0.8345 -1.1739 -3.1718 -0.9963 -1.4235 -2.7601 
18.2156 11.8245 -4.8958 -1.3729 3.1367 -2.0972 -2.3424 1.5648 -0.6596 -2.4998 0.0614 -0.4847 -2.4323 
18.8660 12.5304 -4.6221 -1.4368 2.9669 -2.0745 -1.9914 1.8800 -0.9642 -3.4359 -0.7528 -0.5403 -2.0913 
18.7174 12.2268 -4.9489 -1.2876 3.9487 -0.7602 -1.3393 1.6185 -1.3605 -3.3119 -0.3433 -0.3281 -2.0718 
17.9287 11.6467 -4.9606 -1.4471 3.8828 -0.4110 -1.1059 1.5618 -1.3512 -3.3149 -0.4046 -0.1409 -1.8323 
17.6084 11.2972 -5.2661 -2.1576 2.3992 -2.4485 -2.9097 0.6667 -1.3293 -2.7573 0.2423 0.0536 -2.1589 
17.1196 10.8122 -5.2402 -1.6924 3.0114 -1.6720 -1.8112 1.9500 -0.1191 -1.9259 0.4532 0.0793 -1.7501 
17.4056 10.9676 -5.4274 -2.0443 2.3629 -2.5359 -2.4318 1.4489 -1.0744 -3.2298 -0.6929 -0.8432 -2.3975 
17.3655 11.2538 -4.6795 -1.2016 3.3615 -1.3140 -1.5207 1.7356 -0.9577 -2.9125 -0.4091 -0.8915 -2.7640 
17.5913 11.7284 -4.1269 -1.0463 3.0083 -1.7623 -1.6882 1.8034 -0.9410 -2.9385 -0.0136 0.1787 -1.4715 
18.4524 12.0619 -4.9685 -1.6189 3.2183 -1.7438 -2.3279 1.0261 -1.5711 -3.4927 -0.4018 -0.1436 -2.0108 
20.1653 12.7065 -6.4833 -2.6448 3.0466 -2.2274 -2.7149 1.1863 -1.4850 -3.5451 -0.2631 0.1007 -1.3786 
17.3207 11.0435 -5.3446 -2.4582 1.6815 -3.1162 -3.0012 0.9962 -1.1258 -2.9558 -0.1599 -0.0186 -1.6176 
18.5369 11.5211 -5.9538 -1.6427 3.9111 -1.5007 -2.5296 1.0045 -1.1556 -2.7628 0.1021 -0.2079 -2.1831 
17.6088 11.4357 -5.0192 -2.1640 2.2748 -1.9545 -1.8295 1.2099 -1.8106 -3.5561 -0.3399 -0.2168 -1.8782 
17.0110 11.1662 -4.5862 -1.8315 2.4473 -1.6810 -1.6572 1.5928 -0.5376 -1.9649 0.3674 -0.3329 -2.0789 
16.5860 10.3005 -5.6064 -2.2868 2.5820 -1.6683 -2.0636 1.0760 -0.8747 -1.9533 0.7365 -0.0120 -2.1889 
16.8351 11.1152 -4.5487 -1.9122 2.6172 -1.4338 -1.9592 1.0597 -0.8976 -2.6254 -0.4376 -0.3818 -1.6451 
16.8782 10.8795 -5.0890 -2.2288 2.5786 -1.5350 -2.3101 0.4013 -1.7601 -3.4295 -1.1168 -1.0442 -2.2959 
17.0947 11.3386 -4.1424 -1.0007 3.2496 -1.4347 -1.8484 1.3819 -0.8386 -2.5312 -0.0846 -0.2932 -1.7741 
18.1109 12.0433 -4.6269 -1.6956 3.1888 -1.0016 -1.3289 1.8529 -0.4841 -2.3369 -0.0038 -0.4380 -2.3700 
17.7535 11.3821 -4.9400 -1.1239 3.5887 -1.5198 -1.8744 1.6071 -1.1292 -3.0983 -0.2055 -0.5788 -2.8150 
16.8282 10.5191 -5.1916 -1.3579 3.0870 -2.3156 -2.9205 0.8005 -1.3897 -3.3145 -0.5535 -0.4129 -2.1191 
16.3918 10.2977 -4.8850 -0.9865 3.5068 -1.7146 -2.3608 1.2747 -0.8482 -2.8485 -0.2281 -0.0419 -1.8914 
16.9259 11.0559 -4.4904 -1.1876 3.4610 -1.0562 -1.5846 1.6788 -0.5017 -2.3824 0.0588 -0.0634 -1.9819 
16.6167 11.2970 -3.6397 -1.1408 2.5991 -1.7900 -1.9918 1.2307 -0.9484 -2.8879 -0.6478 -0.3693 -1.3456 
15.6581 10.5943 -3.6283 -1.2296 2.7708 -1.0341 -1.6605 0.5972 -1.7100 -2.9844 -0.1115 0.0845 -1.7595 
15.4366 10.4609 -3.3460 -0.9438 2.3089 -1.9996 -2.2811 0.3709 -1.8094 -2.9815 -0.5010 -0.9493 -2.5057 
14.2935 9.0622 -4.2766 -1.2522 2.7209 -1.2921 -1.7377 1.1140 -0.5007 -1.6375 0.4113 -0.2220 -1.7526 
15.4139 10.1856 -3.8487 -1.1776 2.3823 -1.8652 -1.8077 1.4096 -0.8695 -2.7113 -0.3593 -0.3126 -1.6243 
14.2508 9.0596 -4.0803 -1.0396 2.5266 -1.6086 -1.5856 1.3311 -0.9723 -2.5940 -0.3754 -0.5476 -1.6200 
14.7686 9.8822 -3.5895 -1.4493 1.8138 -1.8355 -1.6064 1.1318 -1.0204 -2.2804 -0.0596 -0.6091 -2.1164 
14.8597 9.6088 -4.1630 -1.5455 1.8300 -2.5727 -2.6870 0.4779 -1.6308 -3.2542 -0.7625 -0.6096 -1.7760 
15.7817 10.4903 -3.6962 -0.7320 3.0085 -1.5348 -1.8508 1.3523 -0.5594 -2.1287 -0.1519 -0.7936 -2.1993 
14.7747 8.8703 -5.1298 -1.3912 2.4104 -2.6359 -2.6564 1.0712 -1.3335 -3.4918 -0.9689 -0.7656 -2.1916 
15.4002 9.7563 -4.6241 -1.4156 2.6602 -1.8964 -2.3101 0.8514 -1.4293 -3.2815 -0.5555 -0.0767 -1.5213 
15.7746 10.2934 -4.2083 -1.1672 3.0384 -1.3220 -1.8192 1.3462 -0.6404 -2.4608 -0.1464 -0.0191 -1.5733 
14.7376 9.2320 -4.6661 -1.7192 1.9644 -2.4372 -2.7181 0.1310 -2.1583 -3.4155 -0.4251 -0.3366 -1.9456 
14.7796 9.5197 -3.9666 -0.8016 2.8976 -1.5850 -2.0279 0.7152 -1.5203 -2.7795 0.0174 -0.0756 -1.8084 
14.3119 8.5730 -5.4024 -2.2501 1.9879 -2.0509 -2.3807 0.6090 -1.2693 -2.6092 -0.1642 -0.3367 -2.0842 
16.1596 10.4860 -4.5626 -1.6243 2.9205 -0.8507 -0.8987 2.0231 -0.6559 -2.8103 -0.4869 -0.5152 -2.2352 
15.9563 10.5293 -4.1144 -1.2702 2.9239 -1.3234 -1.7877 1.3290 -0.8508 -3.0557 -0.9623 -0.6796 -2.1337 
15.1255 9.6765 -4.4921 -1.6510 2.2676 -2.0479 -2.3908 0.9609 -0.7357 -2.4940 -0.4810 -0.5492 -2.0513 
15.3958 10.4070 -3.4825 -1.0673 2.5768 -1.3641 -1.6261 1.0388 -1.0738 -2.2501 0.4235 0.1097 -1.8777 
14.4350 9.4215 -3.7984 -0.9332 2.8630 -1.4476 -2.3738 0.3703 -0.9035 -1.7958 0.4909 0.2911 -1.2317 
15.5071 10.2341 -4.0534 -1.5911 2.0884 -1.9878 -2.0929 1.1044 -0.5131 -1.6761 0.5464 0.0408 -1.6043 
14.7107 9.3020 -4.3428 -1.1664 2.5804 -1.8728 -2.0491 1.1667 -1.0026 -2.9259 -0.8380 -0.9117 -2.2371 
14.8783 9.5060 -4.4054 -1.5745 2.3010 -1.7237 -1.7678 1.4118 -0.5664 -2.2315 -0.1667 -0.5690 -2.1714 
15.3344 10.1565 -3.9180 -1.2802 2.8737 -0.7415 -1.0402 1.3570 -1.2010 -2.8896 -0.3847 -0.3694 -2.0812 
14.8054 9.7169 -3.8138 -1.1422 2.4950 -1.3020 -1.1033 1.7449 -0.8637 -2.8834 -0.7701 -0.9059 -2.3300 
14.8122 9.8912 -3.5468 -1.0212 2.6699 -1.2196 -1.8049 0.4624 -1.5931 -2.7493 -0.3849 -0.4036 -1.5273 
15.5131 10.1659 -3.8372 -0.7688 2.8546 -1.6251 -1.7368 1.0508 -1.6475 -3.1832 -0.4492 -0.7812 -2.4940 
14.9985 10.1043 -3.2146 -0.6138 2.5227 -1.7390 -1.6316 1.3056 -1.0531 -2.6224 -0.3485 -0.7856 -2.2982 
14.3927 9.3218 -3.9352 -1.2036 2.4336 -1.4008 -1.4994 1.0417 -1.3958 -2.9764 -0.6883 -0.7947 -1.9372 
