15.0393 9.6074 -4.3490 -1.1874 3.0755 -0.8120 -0.9757 1.8487 -0.4687 -2.0554 0.3796 0.1689 -1.5535 
14.6997 9.2811 -4.5590 -1.4989 2.7124 -1.3653 -1.8646 1.1464 -0.6595 -2.3393 -0.2963 -0.3963 -1.8695 
14.7519 9.3785 -4.9302 -2.6501 1.8670 -1.1562 -1.4748 1.1936 -0.2751 -1.5658 0.1300 -0.2707 -1.5557 
16.0152 10.0252 -5.3980 -2.2797 2.8667 -0.7843 -1.2856 1.6036 -0.4186 -2.0941 0.1762 0.0405 -1.7636 
18.1487 10.9501 -6.9044 -3.0443 2.9939 -1.3879 -2.0055 1.4922 -0.6371 -2.4500 0.1198 0.0131 -1.6805 
18.2002 9.7109 -9.5531 -4.7512 2.6476 -1.6411 -2.4193 1.2542 -0.7193 -2.5311 -0.4983 -1.4016 -2.8460 
21.2598 11.0091 -11.9963 -6.0704 3.6497 -0.9368 -2.5633 1.0233 -1.2690 -2.8050 0.5349 -0.0500 -2.5378 
23.7936 11.8841 -13.7014 -5.6745 5.6719 -0.1947 -2.1373 2.3742 0.0040 -1.9533 0.9348 -0.4575 -2.5034 
24.1533 11.8286 -14.1324 -5.6828 5.4394 -0.8837 -2.5075 1.7899 -1.4779 -3.0155 1.3666 0.6766 -1.5277 
24.0314 12.1342 -13.1416 -4.7833 5.7677 -0.8119 -2.3889 1.9124 -1.3360 -2.8965 1.1560 0.2007 -1.6333 
26.3560 11.4965 -17.8369 -6.9393 6.3280 -0.6511 -1.5485 3.3033 -2.1792 -4.6916 1.2629 0.7790 -2.3614 
28.6379 13.0021 -18.2240 -6.4368 7.6529 -0.3173 -1.6543 3.7882 -1.8351 -4.6689 1.9933 2.0562 -1.6460 
28.0937 13.3909 -16.5244 -5.1063 8.3909 -0.1358 -2.5778 2.9807 -0.9557 -3.3494 2.0117 1.3519 -2.1592 
31.9560 15.0309 -19.9570 -7.8531 8.5652 0.7233 -2.2547 2.5422 -2.1520 -4.1638 1.9280 0.9497 -2.7774 
28.6915 13.0972 -18.1448 -6.0027 8.8007 0.3054 -2.7332 2.6730 -1.1608 -3.7009 1.4522 1.0593 -2.0524 
25.9377 11.8266 -16.9565 -6.8498 6.6833 -0.0191 -2.4316 2.0612 -1.6773 -3.9153 1.0212 0.9945 -1.6627 
22.8358 11.3521 -13.0586 -4.8312 6.4708 0.6434 -2.0323 1.4629 -0.9456 -2.3950 0.8484 0.1383 -1.4171 
21.3140 11.5866 -10.7676 -4.6124 5.3699 0.3636 -2.6911 0.5574 -0.4304 -1.6803 0.5182 -0.0230 -1.4297 
16.5876 9.3105 -7.8415 -3.5065 3.6936 -0.0560 -1.7387 1.1730 0.0845 -1.3697 0.0619 -0.9534 -2.8261 
14.4104 9.2810 -4.6260 -2.5180 1.8354 -1.2880 -2.0098 0.4700 -0.6106 -1.5079 0.2712 -0.2128 -1.7103 
14.7286 9.6534 -4.1858 -1.9905 1.9321 -1.5245 -1.8799 0.7673 -0.8227 -2.0264 -0.0740 -0.4588 -1.9622 
12.9069 7.3450 -5.7170 -2.5375 2.0803 -1.2148 -1.9674 0.0441 -1.6454 -2.2146 0.3348 0.1532 -1.2343 
13.3424 8.1948 -4.8559 -2.3784 1.6984 -1.3955 -1.6963 0.4939 -1.4401 -2.4858 -0.2356 -0.5797 -2.1918 
13.6434 8.4454 -4.8065 -2.3595 1.5092 -1.8791 -2.0237 0.6658 -1.0077 -2.1289 0.0457 -0.1798 -1.6311 
13.7280 8.2567 -5.2735 -2.4350 1.8909 -1.6565 -2.2331 0.3850 -1.0121 -2.0329 -0.1775 -0.7191 -2.1235 
14.2962 9.1587 -4.3992 -2.0052 1.9249 -1.3569 -1.2356 1.6383 -0.1676 -1.4575 0.5477 -0.2904 -2.4521 
14.1510 9.0199 -4.4964 -2.1284 1.9123 -1.2411 -1.1981 1.5493 -0.3770 -1.9477 -0.0305 -0.2887 -1.7361 
12.7989 7.5985 -5.1303 -2.5009 1.5441 -1.5112 -1.6391 0.6534 -1.2811 -2.2154 0.2630 -0.0084 -1.8330 
13.6055 8.4242 -4.4668 -1.4544 2.5083 -1.0791 -1.1437 1.6141 -0.2533 -1.4033 0.9418 0.7114 -0.9443 
14.3105 9.6323 -3.3814 -1.0383 2.8058 -0.6113 -1.1703 1.1161 -0.6109 -1.7498 0.4420 0.4056 -1.0917 
13.8753 9.0398 -4.0736 -1.9835 1.8278 -1.2400 -1.2969 1.3977 -0.2663 -1.7979 -0.0063 0.0868 -0.9819 
12.7625 7.7512 -4.7575 -2.2506 1.6641 -1.2891 -1.2398 1.2995 -0.4570 -1.7672 0.0155 -0.2815 -1.4212 
13.7847 8.6298 -4.3472 -1.5756 1.8861 -1.9184 -1.5062 1.7325 -0.3022 -1.8912 0.0394 -0.6721 -2.2371 
13.9072 8.8280 -4.2409 -1.4077 2.6733 -0.7319 -0.6904 2.1943 0.0554 -1.7665 0.3775 0.3292 -1.4726 
13.7873 8.8499 -4.0265 -1.3975 2.4158 -0.9851 -0.9282 1.9067 -0.0235 -1.5961 0.4044 0.2550 -1.1947 
12.9912 7.6021 -5.2773 -2.5242 1.0065 -2.6624 -2.2630 0.9930 -0.8159 -2.2773 -0.3402 -0.7715 -2.0912 
14.3513 9.1956 -4.3083 -1.6551 2.4085 -1.1857 -1.5905 1.1097 -0.4879 -1.8163 -0.0712 -0.5117 -1.8769 
13.5383 8.5295 -4.2412 -1.6143 1.9112 -1.7348 -1.5528 1.5960 0.0088 -1.2249 0.7996 0.2769 -1.3970 
13.3731 8.3453 -4.2951 -1.5791 1.8440 -1.9831 -1.7900 1.4552 -0.3881 -2.1717 -0.2402 -0.0510 -0.9993 
13.6983 8.8913 -4.0401 -1.9372 1.7279 -1.3275 -1.1844 1.6525 0.1917 -0.9926 0.7430 0.1659 -1.4526 
12.9183 7.6940 -5.0041 -2.1595 2.0050 -0.8281 -0.3965 2.3263 0.4016 -0.6503 1.6342 1.0438 -0.9595 
15.6907 9.6381 -5.6264 -2.7332 1.8426 -1.4908 -0.8839 2.1904 -0.3111 -1.6549 0.9121 -0.0213 -2.4163 
17.0417 10.7336 -5.5549 -2.4710 2.4846 -1.0524 -0.4219 2.7640 -0.4702 -2.5827 0.3683 0.1524 -2.0810 
15.1784 9.8341 -4.4752 -2.1430 1.8093 -1.4964 -1.0143 2.0360 -0.1990 -1.6725 0.9049 0.8520 -0.8401 
13.7152 8.7895 -3.9897 -1.4726 1.9609 -1.4812 -1.0643 1.7141 -0.5950 -2.0043 0.3059 -0.2507 -2.1562 
14.2939 9.1289 -4.2478 -1.5714 2.1328 -1.6363 -1.6245 1.3557 -0.4243 -1.7365 0.2028 -0.3529 -1.6650 
14.6490 9.6368 -4.0379 -1.8205 2.1370 -0.9014 -0.7436 1.9438 0.1618 -1.0841 0.7469 0.2613 -1.0239 
14.2557 9.3365 -3.8259 -1.3756 2.2751 -1.2908 -1.4642 1.0398 -0.9402 -2.2014 -0.1223 -0.4368 -1.6759 
13.6521 8.9637 -3.8278 -2.0301 1.1036 -1.9444 -1.3543 1.4034 -0.7320 -2.2590 -0.1464 0.0683 -0.7400 
14.3811 9.3012 -3.9553 -1.3052 2.0530 -1.9267 -1.4891 1.9721 -0.0838 -1.9069 0.0977 -0.3187 -1.9372 
14.2735 9.2068 -4.1545 -1.5937 2.2953 -1.2052 -1.2084 1.6787 -0.3117 -1.9694 0.0981 -0.0758 -1.7403 
14.0694 9.1449 -3.7115 -0.9513 2.5439 -1.2778 -1.1601 1.6888 -0.5555 -2.0906 0.1755 -0.2304 -1.9841 
14.5352 9.4319 -4.3058 -2.1163 1.7829 -1.3218 -1.1724 1.3633 -0.7810 -2.0669 0.2700 0.1439 -1.2183 
14.3102 9.3314 -4.1325 -2.0035 1.6857 -1.5589 -1.3548 1.4934 -0.5277 -2.2799 -0.4135 -0.3783 -1.3571 
14.8204 8.5672 -5.7554 -1.7031 2.4852 -2.1300 -1.6270 1.9613 -0.7693 -2.1436 1.1880 0.5819 -1.9165 
15.4367 10.0818 -4.0830 -1.1494 2.8930 -1.2080 -1.4741 1.3946 -0.8780 -2.3852 0.3775 0.5873 -0.9622 
13.5653 8.9241 -3.4957 -1.0865 2.3101 -1.1812 -1.1166 1.7045 -0.0879 -1.4704 0.6376 0.5802 -0.8766 
13.8244 8.9345 -4.2074 -2.2695 1.2001 -1.8080 -1.2509 1.7690 0.0353 -1.1623 1.0841 0.9135 -0.6044 
14.8867 10.2616 -3.2938 -1.7546 1.5649 -1.3615 -0.7770 2.1356 0.3186 -1.1396 0.4997 -0.0352 -1.3032 
14.2836 9.2254 -4.1011 -1.5356 2.3200 -1.0893 -1.0176 1.6750 -0.4942 -2.0687 0.1138 0.1414 -1.1129 
14.1235 9.0769 -4.1360 -1.5283 2.2938 -1.3076 -1.4421 1.4511 -0.1252 -1.2793 0.7548 0.2074 -1.4904 
13.7799 8.6225 -4.4427 -1.6265 2.3176 -1.1666 -1.0794 2.0568 0.6303 -0.6635 0.8877 0.0397 -1.4824 
14.1304 8.8625 -4.7662 -2.3148 1.8408 -1.0925 -0.7462 2.1345 0.3857 -0.8650 0.9151 0.1085 -1.4563 
14.3191 9.1554 -4.2185 -1.4380 2.3769 -1.5300 -1.6927 1.4164 -0.3763 -2.1573 -0.3498 -0.4145 -1.6603 
14.7341 9.5109 -4.3404 -1.9031 1.8530 -1.8782 -1.7785 1.3745 -0.5953 -2.1531 0.3761 0.5230 -1.3253 
14.6677 9.6188 -4.0114 -1.6428 2.1494 -1.3675 -1.3886 1.4577 -0.4325 -1.9216 0.1684 0.0780 -1.4142 
14.3931 8.8830 -4.9006 -1.9203 2.2185 -1.4794 -1.4556 1.4910 -0.6136 -2.1882 -0.0562 -0.2869 -1.5524 
14.6371 9.3819 -4.3535 -1.7706 1.9111 -2.0610 -2.2127 0.8379 -0.8644 -2.2058 -0.1433 -0.4352 -1.6844 
13.8549 8.5439 -4.6981 -1.8822 1.8639 -1.7754 -1.5323 1.4155 -0.6073 -1.8772 0.3490 -0.1150 -1.4647 
14.4196 9.4375 -4.0845 -1.9065 1.9265 -1.1880 -0.9711 1.8539 0.0095 -1.4094 0.5538 0.2779 -1.1791 
14.6646 9.6831 -3.9371 -1.6193 2.3542 -1.0059 -1.2567 1.3623 -0.3952 -1.7633 0.1078 -0.2820 -1.7147 
14.1138 9.1601 -4.3211 -2.3568 1.5909 -1.2472 -1.1821 1.4060 -0.2796 -1.3976 0.7353 0.4011 -1.3981 
13.5949 8.5289 -4.5540 -2.2465 1.4167 -1.8887 -1.7724 1.1251 -0.4968 -1.9372 -0.2951 -0.4756 -1.2299 
13.9034 8.6919 -4.6892 -2.2473 1.6291 -1.5585 -1.4286 1.0686 -0.9764 -1.9712 0.4216 -0.0759 -1.8742 
13.7584 8.7929 -4.1314 -1.6290 2.0214 -1.3537 -1.0860 1.8694 0.0127 -1.3082 0.8769 0.5085 -1.2990 
13.8084 8.7768 -4.3382 -1.9391 1.7994 -1.4842 -1.2943 1.6005 -0.1159 -1.3029 0.8593 0.5999 -0.8553 
13.5378 8.3727 -4.5318 -1.6717 2.1289 -1.5964 -1.6700 1.3224 -0.3982 -1.7854 0.2235 -0.1823 -1.8237 
14.4033 9.3530 -4.3364 -2.3823 1.1784 -2.1933 -1.9066 1.3741 -0.2451 -1.9879 -0.2492 -0.2207 -1.3029 
15.3670 9.4434 -5.3619 -2.0939 2.6130 -1.3327 -1.6256 1.4790 -0.5248 -2.0556 0.3444 -0.0159 -2.0131 
18.3363 10.1112 -7.9271 -1.9033 4.3250 -1.8280 -2.1700 2.2114 -0.9980 -3.0895 0.9839 0.7575 -2.4383 
21.6869 9.4156 -12.7712 -1.3143 6.9038 -3.3184 -2.8298 4.3277 -1.3608 -4.9592 1.6179 1.6103 -3.2048 
25.0579 11.5036 -13.3060 -0.1711 8.5971 -4.3309 -4.8513 3.8015 -1.1460 -4.9761 1.3495 1.2533 -2.5695 
26.9609 12.6776 -14.1165 -0.6913 9.0511 -3.8638 -4.3607 4.5812 -0.5730 -4.4305 2.4486 2.0767 -2.9657 
27.0901 11.3581 -16.5890 -1.4289 9.3795 -4.5828 -5.2836 4.5682 -0.4872 -4.5367 2.6028 2.1029 -3.3405 
27.8084 11.7671 -16.7399 -1.0096 10.3257 -3.9173 -4.9569 4.8208 -0.3289 -4.5388 2.3814 1.9100 -2.9585 
30.7405 14.6074 -16.0645 -1.0116 10.7570 -3.3689 -4.7137 4.8093 -0.3911 -4.2776 3.1068 2.3818 -3.4593 
28.7460 11.7822 -18.0978 -1.5364 10.7233 -3.6855 -4.6524 5.1558 -0.6948 -4.9524 2.8262 2.3282 -3.4205 
30.3747 13.9908 -16.2834 -0.6115 10.6474 -3.9514 -4.4179 5.4664 -0.6896 -4.7208 3.4326 2.5551 -3.8287 
29.9201 13.1981 -17.1848 -1.2493 10.4005 -3.9597 -4.3445 5.5413 -0.6990 -5.0238 2.8968 2.4920 -3.1574 
30.3999 14.2188 -16.2095 -1.1783 10.1722 -3.8766 -4.5555 4.9742 -0.8454 -4.7464 3.0364 2.3651 -3.3583 
31.5617 14.8470 -17.2302 -2.3449 10.2056 -3.1832 -4.3669 4.6228 -1.0926 -4.7201 3.1684 2.5440 -3.2409 
30.7230 14.2130 -17.5254 -3.1020 9.7794 -3.0187 -5.0626 3.0320 -1.9639 -4.8724 2.5184 1.5290 -3.7700 
32.0775 18.2480 -12.1546 -0.8321 9.9690 -1.7843 -3.7354 3.5510 -0.9329 -3.7780 2.4861 1.3022 -3.5586 
38.4485 25.4168 -9.8362 -2.7837 7.8782 -2.4666 -5.2034 1.1136 -2.5467 -5.1653 0.3008 -0.2475 -3.7086 
40.4407 27.2058 -10.0895 -4.0416 7.1185 -2.8427 -5.8848 0.6873 -2.2078 -4.8580 0.1313 -0.3034 -3.5777 
41.3017 27.6044 -11.1099 -5.4147 6.5380 -2.7572 -5.8422 0.5775 -2.1962 -4.7710 0.1184 -0.3374 -3.5148 
43.3214 29.8538 -10.5655 -6.3426 6.0456 -1.9615 -5.1286 0.4241 -2.1518 -3.9233 0.9759 0.0470 -3.1283 
41.6637 29.1705 -9.3273 -5.9431 5.1378 -2.5329 -4.9682 0.7158 -2.1434 -4.3695 0.6759 0.4933 -2.7637 
42.2909 29.5910 -9.9298 -6.7583 5.5436 -1.4554 -4.9142 0.2661 -1.6191 -3.7368 0.1407 -0.1141 -2.3884 
42.0918 29.7171 -9.5859 -7.0752 5.0025 -1.3448 -4.7378 -0.2216 -1.9839 -3.3087 0.5253 -0.4632 -2.8851 
42.4988 29.7020 -10.2394 -7.3608 5.2000 -1.2146 -4.7358 -0.2015 -1.8847 -3.0473 0.7336 -0.4921 -2.8089 
43.8847 29.9338 -11.6383 -7.4864 5.8266 -1.6569 -5.3041 -0.1923 -2.3460 -3.7510 0.7050 -0.4202 -2.9855 
44.0725 30.1823 -11.2917 -7.1143 5.8078 -1.9601 -5.4255 -0.2435 -2.4571 -3.5836 0.9997 -0.5054 -3.2346 
42.8199 29.8723 -10.0990 -6.8493 5.3509 -1.5947 -4.9265 -0.4437 -2.4483 -3.0929 1.0945 -0.8080 -3.3649 
39.5716 27.2259 -9.6573 -5.8819 4.9486 -2.4930 -4.8532 0.3540 -2.3158 -3.6779 1.1377 -0.2348 -3.6634 
37.1396 26.4376 -7.6317 -5.2356 4.3894 -2.2358 -5.0208 -0.6724 -2.4301 -3.3027 0.6417 -0.8099 -3.9378 
36.1097 25.6623 -7.5406 -5.1467 4.5114 -1.6520 -4.3470 -0.2682 -2.2157 -3.4012 0.3532 -0.6263 -3.2706 
36.6820 26.2500 -7.4779 -5.4567 4.3202 -1.5788 -4.2738 -0.1721 -1.8594 -3.0453 0.2854 -0.8490 -3.0864 
38.7961 28.5138 -7.1123 -6.4079 4.3311 -0.2444 -3.8945 -1.3046 -2.4065 -2.4424 0.4482 -1.3773 -3.0882 
39.0850 28.8959 -6.9755 -6.8757 3.5296 -0.4837 -3.6981 -1.6881 -2.9322 -1.9854 1.0360 -1.7994 -3.4757 
39.8838 28.7642 -8.2298 -6.8338 4.5741 -0.4021 -4.1922 -1.5284 -2.6657 -2.1339 1.1376 -1.4495 -3.5100 
39.3989 28.9967 -7.7208 -7.8745 3.5851 0.2219 -3.9889 -2.6986 -3.1701 -1.7911 0.5242 -2.6180 -3.8429 
40.3887 28.7431 -8.9257 -7.0236 4.6375 -0.6078 -4.1420 -1.2937 -2.8640 -2.3558 1.1999 -1.8847 -4.5429 
38.0008 27.7797 -7.4753 -7.0264 3.8970 0.2330 -3.4748 -2.0475 -3.2193 -2.2635 0.4430 -2.3549 -4.0212 
36.5646 26.5864 -7.2161 -6.2100 4.2768 0.1218 -3.2130 -1.0622 -2.7818 -3.1232 -0.1549 -1.7379 -3.7097 
37.1695 27.3711 -6.5964 -5.9114 4.1427 -0.0610 -2.9937 -0.7219 -2.7156 -2.9950 0.3485 -1.2043 -3.3624 
36.0928 27.1199 -5.5576 -5.7444 3.4341 -0.5088 -3.4963 -1.4903 -3.1023 -3.0794 0.2248 -1.1242 -3.2773 
34.9233 26.1856 -5.5387 -5.6184 3.7139 0.2824 -2.7538 -1.3029 -3.2321 -3.3248 -0.1359 -1.3918 -3.1881 
34.4302 25.8496 -5.2715 -5.1295 4.0414 0.2832 -2.9966 -1.5007 -3.3348 -3.5208 -0.3281 -1.4461 -3.3391 
34.5771 25.7829 -5.2557 -4.4597 4.4735 -0.1035 -3.2301 -1.2171 -3.2454 -3.4737 0.2771 -0.7133 -3.0524 
33.0882 24.4980 -5.6595 -5.1127 3.9136 -0.0300 -3.4086 -1.9658 -3.7599 -3.9023 -0.6949 -1.6992 -3.5883 
32.9212 24.5051 -4.8998 -3.6831 5.0125 0.2316 -3.2616 -1.4588 -3.3412 -3.6689 -0.1166 -0.7171 -2.6303 
31.0766 23.4113 -4.0450 -3.1099 4.8265 0.4032 -2.8102 -1.2395 -3.0234 -3.2316 -0.0982 -1.1279 -3.1036 
30.0576 22.7003 -3.4429 -2.2408 4.7628 -0.1002 -2.4805 -0.1646 -2.2173 -2.8789 0.2672 -0.7040 -2.8774 
28.6298 21.4071 -3.4925 -1.8351 4.7402 -0.8267 -3.4582 -0.6555 -2.2859 -3.2157 -0.2596 -0.8428 -2.8511 
28.1423 20.9175 -3.2765 -0.9011 5.5466 -0.5354 -3.1993 -0.3876 -2.4824 -3.7864 -0.6602 -0.7406 -2.2973 
27.7312 20.9626 -2.6698 -0.9545 4.9359 -0.6142 -2.6824 0.0121 -2.3673 -3.5769 -0.1537 -0.2198 -2.0906 
25.9832 19.7302 -2.2787 -0.6280 4.8026 -0.6691 -2.7700 0.0451 -1.9166 -3.3924 -0.6157 -0.5596 -2.0735 
25.0849 19.1170 -1.9128 -0.2499 4.6773 -0.7781 -2.6187 0.0352 -2.1113 -3.3728 -0.4873 -0.6385 -2.1333 
24.1192 17.3532 -3.9475 -1.5477 4.2678 -0.8686 -2.3877 0.6457 -1.7788 -3.5655 -0.5767 -0.5858 -2.6407 
26.1908 18.2363 -5.9636 -3.2769 4.4876 -0.5494 -3.7881 -1.5878 -2.6667 -2.8333 -0.1814 -1.2336 -2.5470 
24.1298 16.0513 -6.6388 -3.1673 3.9990 -1.7679 -4.5244 -1.3089 -2.1890 -2.8317 -0.6251 -2.1599 -3.8424 
24.1156 16.5527 -5.3392 -1.7459 5.1735 -0.4823 -2.8236 0.4244 -1.1197 -2.3021 0.4245 -0.3235 -2.4301 
23.2128 15.8731 -5.4572 -2.3705 4.3544 -0.2917 -1.8531 0.8243 -1.7773 -3.2409 0.2769 0.7089 -0.9797 
22.0426 14.2450 -6.7367 -3.0366 3.7870 -1.1949 -2.3715 1.3441 -0.9774 -2.9857 0.3353 0.8167 -1.3787 
21.8014 13.7959 -7.1934 -3.2642 3.8115 -0.7139 -1.5216 1.7501 -1.1165 -2.7285 0.9401 0.6744 -2.2318 
22.0383 14.1440 -6.9169 -3.2861 3.2170 -2.0048 -3.0768 0.6213 -1.8824 -3.7346 -0.1882 0.0532 -2.4088 
23.0373 14.1665 -8.1639 -2.9576 5.0461 -1.2800 -3.4739 1.2778 -0.1397 -2.7493 -0.1135 0.7113 -0.9280 
20.9482 13.1270 -6.7356 -2.0449 4.6720 -1.1750 -2.6788 1.5875 -0.2330 -2.4884 0.2328 0.5122 -1.4023 
19.6750 13.1071 -4.8377 -1.4533 3.6941 -1.3249 -1.9162 1.8034 -0.1733 -1.6890 0.9790 0.4067 -1.5274 
18.8543 12.4464 -5.0676 -2.1185 2.8177 -1.7998 -2.1646 1.6750 -0.1109 -2.0315 -0.0566 -0.4516 -1.7270 
20.5252 13.2643 -6.0681 -2.5243 3.4479 -1.1528 -1.6596 1.7802 -0.5588 -1.9525 0.9096 0.1704 -1.8783 
18.5088 11.5126 -6.4151 -3.1045 2.3386 -1.8306 -1.9442 1.2108 -1.4540 -2.9296 -0.0420 -0.6384 -2.5385 
23.4273 12.5312 -11.0732 -3.0602 5.8161 -2.0883 -3.4954 2.2766 -0.3380 -2.5771 1.6612 1.0914 -2.4809 
29.9722 15.7729 -15.0733 -5.0656 7.1915 -2.0326 -4.7263 0.8685 -2.8074 -4.6101 1.5941 1.2774 -2.7810 
34.0015 19.5279 -14.3087 -4.7322 8.5959 -0.6972 -4.5689 0.2170 -3.5095 -5.3139 0.6424 0.6657 -2.1340 
31.9973 19.5198 -11.7522 -4.3684 7.8516 0.5524 -2.8580 0.9976 -2.7026 -4.9953 0.1201 0.7720 -1.6875 
32.0129 22.1020 -7.4199 -3.8131 5.4484 -0.5372 -3.1558 -0.1434 -3.3824 -5.1717 -1.3190 -1.4336 -3.0056 
32.1460 23.4045 -5.2255 -3.0239 4.8250 -1.0490 -3.0872 0.6720 -1.9551 -4.4563 -1.8379 -1.8840 -2.7120 
31.6926 23.6596 -4.2467 -3.1790 3.5778 -2.0345 -3.5444 0.6030 -1.5197 -4.1022 -2.2491 -2.6334 -3.0961 
32.0313 24.7851 -2.7547 -2.8656 2.9408 -2.2578 -3.3471 0.5341 -1.6350 -3.8042 -1.8028 -2.5064 -3.1717 
33.1048 25.5751 -2.7405 -2.6577 2.9663 -2.9286 -3.8866 0.6475 -1.3010 -3.4264 -1.5302 -2.7341 -3.5368 
35.3184 27.4467 -2.7980 -3.0081 3.2291 -2.6980 -3.9869 0.8926 -0.2364 -2.1116 -1.0884 -3.3038 -3.6870 
36.3208 27.6475 -4.3410 -4.4871 2.8167 -2.6972 -4.2353 0.2523 -1.1479 -2.8509 -1.4973 -3.8302 -4.3095 
38.4253 28.1742 -6.3238 -4.8276 4.1023 -2.1170 -3.8400 0.9641 -1.2836 -3.4277 -1.2149 -3.0554 -3.7929 
38.8716 27.9144 -7.8004 -5.8378 4.5681 -1.2606 -3.7689 0.4774 -1.9557 -4.3627 -1.8489 -2.7364 -3.2713 
39.1249 28.0890 -7.6762 -5.4638 5.0243 -0.5521 -2.7458 0.7731 -2.7085 -4.7186 -1.2370 -2.2018 -3.0059 
39.1798 28.1568 -7.9351 -6.0538 5.0224 0.3042 -2.1041 0.5560 -3.2720 -5.0414 -1.1489 -1.9197 -3.0067 
39.9475 27.7337 -9.6529 -6.2757 5.8591 0.2496 -2.5651 0.3109 -4.0185 -5.8428 -0.9626 -1.4357 -3.2677 
40.4892 27.6178 -10.3673 -5.8450 6.9614 0.7388 -2.4283 0.2771 -4.5465 -6.1478 -0.4568 -0.9070 -3.1631 
40.0972 27.3294 -10.2230 -5.5145 7.3312 1.1105 -2.1419 0.4316 -4.4963 -6.0183 0.0060 -0.3471 -3.1142 
39.7045 27.0248 -10.3261 -5.7530 7.2971 1.4373 -2.2092 -0.2750 -5.0002 -5.9964 0.0135 -0.4149 -3.0032 
40.2406 27.3624 -10.6358 -6.1377 7.1554 1.3344 -2.2092 0.0666 -4.6659 -6.0985 -0.2484 -0.5458 -3.2191 
39.8817 27.3020 -10.1925 -5.7908 7.4629 1.6864 -2.2384 -0.1861 -4.5214 -5.6802 0.0401 -0.2645 -2.9269 
39.4143 26.8390 -10.2665 -5.4833 7.9920 1.8828 -2.7723 -1.0357 -5.1093 -5.8529 0.3173 0.2120 -2.8215 
38.4922 25.9814 -10.9141 -6.8173 6.5405 1.1830 -3.2339 -1.8518 -6.0768 -6.9901 -1.1277 -1.0954 -3.6874 
39.3372 26.9566 -10.2086 -5.9315 7.6768 2.0308 -2.6623 -0.8325 -4.6180 -5.7680 -0.0638 0.1402 -2.7538 
39.2379 27.0432 -9.8339 -5.5190 8.1476 2.4940 -2.5501 -0.9652 -4.4922 -5.3511 0.3557 0.5702 -2.3210 
37.7919 25.8280 -9.7195 -5.1461 8.1307 2.5586 -2.4178 -1.5570 -5.7134 -6.2669 -0.0794 0.2508 -2.4318 
37.9675 25.4217 -10.3607 -4.9084 8.0614 1.4931 -2.7981 -0.8020 -5.1880 -6.1143 0.1273 -0.0078 -3.0597 
37.0176 25.5383 -9.0090 -4.7479 7.8586 2.3726 -2.2371 -1.2296 -5.2488 -5.6713 0.3929 0.4057 -2.4605 
35.3919 24.3184 -8.7965 -4.6961 7.2905 2.0054 -2.3097 -1.5280 -5.8654 -6.4651 -0.4798 -0.3664 -3.0184 
35.7888 24.8763 -8.4458 -4.6119 7.5103 2.3231 -2.3599 -1.5131 -4.9807 -5.2332 0.1287 -0.0624 -2.4960 
34.2504 23.9107 -8.0134 -4.6397 6.9567 2.2144 -2.4978 -2.1723 -5.5099 -5.5038 -0.3880 -0.5679 -2.5520 
33.7736 23.5944 -7.7757 -4.1676 7.4382 2.4628 -2.4839 -1.9839 -5.2817 -5.6999 -0.4768 0.0197 -2.0762 
33.2700 23.4763 -7.1967 -3.9199 7.1044 2.1925 -2.2926 -1.2284 -4.1062 -4.8053 -0.2962 -0.0182 -2.0315 
31.8489 22.1600 -7.2684 -3.6575 6.6186 1.2106 -2.7553 -1.1450 -4.3143 -5.3349 -0.4012 0.3511 -1.7648 
29.9903 20.5930 -7.3551 -3.7571 5.8651 0.2802 -3.5963 -1.5866 -4.0609 -5.0864 -0.9880 -0.6661 -2.6063 
28.7779 20.2543 -5.8182 -2.4645 6.1275 0.8326 -2.1161 0.0181 -2.9870 -4.3922 -0.2553 0.2381 -1.8168 
27.5388 19.1326 -5.9285 -2.3619 5.8979 0.5874 -2.0441 0.1746 -3.1362 -4.8814 -0.8082 -0.1324 -2.0090 
26.3707 18.0449 -6.3740 -2.9486 5.2539 0.2623 -2.2413 0.1944 -2.6049 -4.1796 -0.2535 0.3836 -1.7676 
25.8189 17.9045 -5.7289 -2.6863 4.8051 0.0664 -1.7504 0.7277 -2.4983 -4.4000 -0.6286 0.1485 -1.5952 
24.3677 16.7595 -5.8221 -3.1138 3.9128 -0.6173 -2.2388 0.4135 -2.5866 -4.7947 -1.5254 -0.6710 -2.1087 
24.2268 16.9810 -5.1354 -2.7682 3.8011 -0.5412 -1.9546 0.4620 -2.4049 -3.8685 -0.3531 -0.0984 -1.9459 
22.9996 15.8720 -5.3983 -3.0155 3.3776 -0.7991 -2.0760 0.4106 -2.3564 -3.9703 -0.6212 -0.0689 -1.5829 
21.5672 14.4718 -6.0271 -3.8119 2.3310 -1.4251 -2.1792 0.5245 -2.1576 -3.8756 -0.9168 -0.7800 -2.4276 
20.7817 13.8941 -5.6276 -3.0770 2.8247 -0.7320 -1.0342 1.3683 -1.8438 -3.3466 -0.0661 -0.0849 -1.7312 
20.3284 13.3388 -5.8968 -2.8870 3.2920 -0.5017 -1.1045 1.4778 -1.4794 -3.0412 0.2047 0.0893 -2.0652 
20.9788 13.1311 -6.8896 -2.5060 4.1618 -1.0806 -2.2117 1.3304 -1.0614 -2.6722 0.4432 0.0441 -1.9906 
20.6931 13.7896 -5.3438 -2.1178 3.6776 -0.9089 -1.6695 1.4623 -1.1110 -2.7607 0.3281 0.2884 -1.5738 
19.6579 13.0033 -5.2407 -2.1899 3.0509 -1.5673 -2.1372 1.1505 -1.1008 -2.6045 -0.0064 -0.6691 -2.4582 
19.2471 12.4942 -5.6454 -2.4400 3.3391 -0.4833 -0.8407 1.9027 -0.6493 -1.7842 1.0958 0.2925 -1.7615 
19.3815 12.3141 -6.0787 -2.5074 3.2829 -0.9341 -1.2474 1.7235 -0.9040 -2.0442 1.0542 0.4118 -1.6667 
19.9454 12.7584 -6.0139 -2.4365 3.0661 -1.5672 -1.7150 1.4537 -1.4541 -2.5763 0.9940 0.4178 -1.7665 
19.7220 12.4743 -6.1170 -2.3579 3.0536 -1.5906 -1.3187 2.1810 -0.9676 -2.5745 0.6893 0.0546 -2.0611 
19.8136 12.7465 -5.6737 -1.7513 3.8979 -1.0552 -1.5485 1.9106 -0.6748 -2.2300 0.8370 0.3536 -1.7793 
18.7648 11.0755 -7.1298 -2.4883 3.1909 -1.9810 -2.0432 1.5242 -1.6095 -3.1496 0.4757 0.2912 -1.6156 
21.1877 11.7040 -8.8407 -1.6646 4.9859 -2.7186 -3.0669 2.2524 -1.0058 -2.9408 1.4760 0.8828 -2.2731 
23.9358 12.8303 -11.1019 -2.8467 6.0102 -1.7977 -2.6663 2.8185 -0.7904 -3.1654 1.5376 1.1595 -2.1207 
29.8261 17.5496 -11.8032 -4.5259 5.4015 -2.5753 -3.5767 2.1166 -2.1939 -4.9299 0.8456 1.2142 -2.4500 
29.5601 19.4112 -8.2402 -3.7074 4.0254 -3.5046 -5.0122 -0.1817 -3.3245 -5.1714 -0.0769 0.3712 -2.6871 
29.4952 21.8566 -3.2887 -0.8423 4.6951 -2.3446 -3.9632 -0.1577 -2.7017 -3.6641 0.6557 0.4500 -1.9481 
33.1809 24.3476 -4.0269 -1.0152 5.0402 -3.4765 -6.1470 -2.6173 -4.5969 -3.7813 0.7770 -1.1084 -3.0013 
35.3657 25.7548 -4.5824 -0.9502 6.0193 -2.7765 -5.6232 -2.1668 -4.3107 -2.7935 2.3702 -0.3290 -2.7285 
35.3522 25.7472 -4.8351 -1.5097 5.8173 -2.4207 -5.4263 -2.4772 -4.8446 -3.3421 2.0528 -0.2482 -2.6186 
36.4473 26.5193 -4.8134 -1.0611 6.3713 -2.3348 -5.1557 -1.8648 -4.4448 -2.9410 2.5934 -0.1154 -2.6138 
35.5996 25.5673 -5.1929 -0.9921 6.3925 -2.6780 -5.7190 -2.5004 -5.2341 -3.7468 2.0420 -0.6255 -3.4031 
36.9630 26.1943 -6.3990 -1.9967 6.4637 -2.6036 -5.5816 -1.2781 -4.0130 -4.2307 0.9814 -0.5158 -2.9244 
35.5567 25.8397 -4.7502 -0.9330 6.5101 -2.1701 -5.2503 -2.0081 -4.5337 -3.4348 1.8946 -0.4498 -2.9097 
35.7896 26.2971 -4.3876 -1.0188 6.3008 -2.2432 -5.2480 -1.7162 -4.1176 -3.5582 1.5471 -0.1990 -2.5150 
34.6265 25.7090 -3.8193 -0.9895 5.7304 -2.5837 -5.6722 -2.3824 -4.4193 -3.6354 1.1599 -0.6516 -2.7688 
36.3733 26.1287 -5.9093 -2.3326 5.7037 -3.0361 -6.0108 -1.4736 -3.7029 -4.2961 0.4936 -0.4102 -2.5710 
34.1977 25.5301 -3.6657 -1.1374 5.8044 -1.8350 -5.1659 -2.5891 -4.3975 -2.9264 1.8311 -0.3977 -2.4576 
34.7030 25.4806 -4.4151 -1.2452 6.0626 -2.1443 -5.4765 -2.3932 -4.5327 -3.7000 1.1629 -0.7944 -2.8080 
34.6302 25.2922 -4.6728 -1.4044 6.0547 -1.9909 -5.2336 -2.3569 -4.9067 -4.2952 0.7336 -0.8165 -2.6370 
35.5214 25.1420 -6.3613 -2.3901 5.5654 -3.3852 -6.4168 -1.9984 -4.3239 -4.8329 -0.2032 -1.4037 -3.1487 
33.6369 24.9755 -3.8597 -1.3699 5.2697 -2.3918 -5.4950 -2.9503 -5.0381 -3.7277 0.9251 -1.2839 -2.7539 
35.2590 26.4186 -3.7346 -1.3663 5.7879 -2.0577 -5.4063 -2.1715 -3.7983 -3.1993 0.9836 -0.7185 -2.0198 
34.7362 26.1139 -3.9235 -2.5140 4.2097 -2.9742 -6.0697 -3.1905 -4.6248 -3.6181 0.2786 -1.6920 -2.5354 
37.4260 27.0940 -5.9883 -3.0498 4.9656 -3.6174 -6.3294 -1.2580 -3.1601 -4.1164 0.1598 -0.6765 -2.3836 
36.3288 27.5118 -4.0921 -3.3399 3.6836 -3.1581 -5.5669 -1.3830 -2.5155 -2.8010 0.3190 -1.2414 -2.1879 
36.6420 27.6760 -4.2744 -3.4991 3.4740 -3.6157 -5.7916 -0.9559 -2.0279 -2.9243 -0.1177 -1.4999 -2.3495 
36.6487 28.1313 -3.6004 -3.7127 2.7001 -3.6884 -5.2341 -0.6475 -1.7963 -2.3083 0.1611 -2.2166 -3.1582 
36.6312 28.0276 -3.7067 -3.8411 2.3208 -3.8777 -4.8777 -0.5072 -2.0273 -1.9748 0.5239 -3.1155 -4.1763 
37.3148 27.5396 -5.4178 -4.0455 2.9974 -4.4845 -5.6987 0.0641 -1.5050 -2.8820 -0.3799 -2.7908 -3.9234 
35.9047 26.6883 -4.7729 -3.8346 2.1831 -4.8304 -5.1878 0.0816 -2.1910 -3.1534 -0.4357 -3.6354 -4.8593 
34.9621 26.7705 -3.0995 -2.9838 2.0101 -4.3527 -4.1207 0.6943 -1.7870 -2.4773 0.0953 -3.4720 -4.6723 
34.4734 26.4124 -2.9540 -2.8261 1.7714 -4.9084 -4.5837 0.6098 -1.7624 -2.7701 -0.3537 -3.7437 -4.9770 
35.4986 25.9353 -5.5613 -3.8588 2.9704 -4.4337 -5.4502 0.2855 -1.8454 -3.9312 -1.0793 -2.5328 -4.0489 
33.5163 25.9557 -2.7442 -3.1218 2.0575 -3.7021 -4.1000 0.6595 -0.9064 -2.1521 -0.4554 -3.1233 -4.0660 
32.4784 25.3091 -2.5523 -3.6294 0.8691 -4.2022 -3.9093 0.5089 -1.3710 -2.3295 -0.5429 -3.4548 -4.3755 
32.6376 25.0706 -2.8966 -3.0126 1.7671 -3.9917 -3.7097 1.0925 -1.3147 -2.8942 -0.8062 -3.3618 -4.3734 
32.6497 24.6257 -3.6579 -2.8969 2.7338 -3.4615 -3.8162 1.2420 -1.1018 -3.3197 -0.9370 -2.1140 -3.0152 
30.0935 23.3616 -2.2954 -2.6949 1.7385 -3.3166 -3.3115 0.7599 -1.3381 -2.6791 -0.7668 -2.7294 -3.2813 
29.0657 22.7031 -2.1301 -2.9403 1.1823 -3.5204 -3.2251 1.1997 -0.6291 -2.4057 -0.7967 -2.3121 -2.8510 
28.4076 21.8411 -2.4522 -2.3949 1.9684 -3.1144 -3.0776 1.0593 -1.3669 -3.3389 -1.0465 -1.7583 -2.3610 
27.2399 21.3081 -1.6510 -2.0628 1.5590 -3.0838 -2.3642 1.8607 -0.9180 -3.4490 -1.3386 -1.5771 -1.9552 
25.6594 19.9510 -1.6585 -1.5367 2.3184 -2.3097 -2.1726 1.6068 -1.0538 -3.4558 -1.1667 -1.2077 -2.1180 
24.6578 18.7776 -2.4885 -2.4884 1.0541 -3.3843 -2.9057 0.6122 -2.3241 -4.2470 -1.4960 -1.6932 -2.5377 
24.2826 17.9743 -3.2587 -2.3385 1.6840 -3.4498 -3.3461 0.9813 -1.4367 -3.9651 -1.5377 -1.1016 -1.7019 
23.5210 16.9715 -3.7145 -2.0541 1.9884 -3.4008 -3.0816 1.3043 -1.3856 -3.7375 -1.0804 -1.0427 -1.8628 
23.1505 16.4500 -4.2999 -2.4777 2.2009 -2.9331 -3.2651 0.6531 -1.6372 -3.5350 -0.8351 -0.8900 -2.0309 
21.9581 15.6409 -3.9931 -2.2303 2.1965 -2.9048 -3.4973 0.3383 -1.4265 -2.8690 0.0475 0.1007 -1.5888 
21.9134 15.4679 -3.8947 -1.4562 2.8980 -2.7803 -3.3169 0.7098 -1.4625 -3.1118 0.2000 0.4793 -1.2609 
21.6408 14.7813 -5.0681 -2.5530 2.5314 -2.5068 -2.9753 0.9857 -0.9797 -2.5500 0.3824 0.3052 -1.3526 
21.4837 14.3550 -5.6739 -2.8518 2.7809 -1.8050 -2.0468 1.7313 -0.7643 -2.7757 0.0479 0.0497 -1.5874 
21.2143 13.8272 -5.8302 -2.3044 2.6688 -3.0628 -2.9208 1.6845 -1.0562 -3.2309 0.2556 0.6340 -1.2570 
19.5845 13.5357 -4.2787 -2.2999 1.9090 -2.4853 -2.5468 0.9142 -1.0999 -2.4927 -0.0226 -0.3606 -1.5448 
19.6706 13.3764 -4.4519 -1.7817 2.5534 -2.5651 -2.8004 1.2446 -0.4630 -1.6574 1.3500 0.8736 -1.4917 
19.4487 12.7658 -5.2699 -2.1206 2.7773 -2.0970 -2.1312 1.9486 -0.2505 -2.2153 0.4282 0.5136 -0.6829 
19.2000 12.8493 -4.9467 -2.4443 2.1254 -2.5202 -2.7401 1.0334 -0.9546 -2.7921 -0.4630 -0.7494 -2.3891 
20.7896 12.9474 -6.7068 -2.3234 3.2706 -2.7032 -3.0154 1.3479 -1.3551 -3.2264 0.1499 -0.2797 -2.5196 
29.7015 16.1137 -14.0348 -4.6732 6.9873 -1.7137 -3.7501 1.8205 -2.2755 -4.5185 1.3603 0.8377 -3.2313 
33.5673 18.7959 -15.1768 -5.7637 7.0370 -2.6091 -5.8184 -0.0818 -3.7472 -5.7278 0.7211 0.9461 -2.5991 
32.0606 19.0415 -12.8455 -5.2475 6.8861 -1.1741 -4.5880 0.3118 -2.6569 -4.9268 0.1684 0.7883 -1.8534 
29.9366 17.7860 -12.6366 -6.6383 4.9995 -0.8980 -3.2472 0.9921 -2.0996 -4.3309 0.3084 1.1734 -0.8018 
27.9466 17.1168 -11.2532 -6.7450 4.0904 -0.4272 -2.8400 0.2344 -2.5006 -4.2560 -0.4665 -0.2803 -2.1899 
27.5117 18.1727 -8.2804 -4.4370 5.5366 1.2138 -1.7396 0.5350 -1.8284 -3.4670 -0.6565 -0.8359 -2.2979 
30.6187 22.8660 -4.1201 -2.7133 4.8492 -0.1183 -2.4734 0.5416 -1.6677 -3.8211 -1.2843 -1.0669 -2.2511 
31.3548 23.8868 -3.3755 -2.9332 3.3873 -1.6848 -2.8915 0.8846 -1.4495 -3.7736 -1.6851 -2.2861 -3.1033 
32.8750 25.1118 -3.3648 -3.0664 3.0410 -2.6645 -3.9066 0.3360 -1.5177 -3.3585 -1.4541 -2.9669 -3.8368 
34.9795 27.2525 -2.9795 -3.6503 2.9212 -2.2440 -3.6861 0.5910 -0.7390 -2.6424 -1.5135 -3.4572 -3.7435 
37.4588 27.8214 -5.5832 -4.6172 3.9341 -1.5413 -3.0729 0.8631 -1.9110 -3.7783 -1.2519 -3.0536 -3.6593 
39.2251 27.6454 -8.7483 -6.3885 4.0170 -1.8315 -3.5627 0.3366 -3.5223 -5.4398 -1.4086 -2.8488 -4.2858 
40.3692 28.3447 -9.2353 -6.5040 4.8899 -0.8656 -3.0701 0.5401 -3.5395 -5.5887 -1.2442 -2.2479 -3.7601 
40.8089 28.5519 -9.3173 -5.9736 5.9473 -0.0188 -2.6506 0.5761 -3.7281 -5.4287 -0.4900 -1.4647 -3.4132 
41.0599 28.1688 -10.1271 -5.6574 6.8359 0.1237 -2.7777 0.7864 -3.8128 -5.9021 -0.4865 -0.9293 -3.2676 
40.7448 28.0794 -9.9651 -5.7045 7.1503 1.0147 -2.4177 0.1820 -4.4018 -5.9011 -0.2659 -0.7760 -3.1751 
40.5799 27.7709 -10.2626 -5.7999 7.2156 1.2268 -2.2010 -0.1343 -5.3021 -6.5575 -0.2597 -0.6112 -3.2021 
41.0307 28.0186 -10.5577 -5.9808 7.4632 1.4684 -2.1699 0.1063 -4.6901 -5.9791 0.0588 -0.4302 -3.1854 
41.1821 27.7821 -11.2660 -6.2052 7.9454 1.7827 -2.5532 -0.5168 -4.9999 -5.9697 0.1993 -0.2544 -3.1771 
40.7652 27.2316 -11.6077 -6.3020 7.8135 1.5358 -2.7527 -0.8319 -5.5841 -6.4219 0.0884 -0.4802 -3.6618 
40.2236 27.2851 -10.7493 -5.9614 7.7823 1.8115 -2.4197 -0.4353 -4.9121 -5.9877 0.2204 -0.0363 -3.1710 
38.8629 27.1628 -9.1779 -5.6946 7.3752 2.5137 -2.0299 -1.1580 -4.9535 -5.1923 0.3834 -0.1190 -2.6324 
37.4266 26.1198 -9.1118 -5.9545 6.9411 2.6058 -2.1943 -2.1937 -6.1146 -5.8540 0.0455 -0.4671 -3.1237 
37.4593 26.2190 -8.8387 -5.5956 7.0044 2.3115 -2.2580 -1.5397 -5.1474 -5.3678 0.0781 -0.1836 -2.6594 
36.8993 25.9521 -8.3006 -4.8698 7.6098 2.8843 -1.9165 -1.6692 -5.4817 -5.4056 0.5150 0.5060 -2.0100 
36.9752 25.8578 -8.5099 -4.8513 7.5934 2.5870 -2.1912 -1.8563 -5.7906 -5.5858 0.6707 0.5706 -2.2833 
36.5412 25.4986 -8.5440 -5.0139 7.0331 1.8415 -2.5572 -1.3948 -5.0025 -5.5972 -0.2009 -0.1099 -2.5533 
35.4842 24.6904 -8.4538 -4.9987 6.7511 1.6633 -2.7751 -1.8518 -5.3669 -5.6677 -0.2269 -0.3305 -2.9811 
35.2175 25.0050 -7.8522 -5.2863 6.7350 2.7022 -2.1778 -2.0070 -5.0747 -5.3119 -0.5436 -0.3267 -2.1400 
35.1573 24.8230 -7.7493 -4.5650 7.2059 2.4023 -2.3318 -1.3802 -4.1360 -4.5007 0.0126 -0.1469 -2.1504 
33.5156 23.6937 -7.3534 -4.2832 7.0013 2.1002 -2.9473 -2.0255 -4.3576 -4.8008 -0.3848 0.1564 -1.6090 
32.3340 22.7116 -6.9911 -3.3168 7.5091 2.1650 -2.7218 -1.5535 -3.8207 -4.3483 -0.3181 -0.0422 -1.4703 
30.2530 21.1838 -6.7033 -3.4504 6.2933 1.2294 -2.7301 -1.1830 -3.5992 -4.3122 -0.2607 -0.0016 -1.6309 
29.2785 20.6909 -5.9765 -2.7799 6.5116 1.7219 -1.8847 -0.5586 -3.2386 -3.8765 0.2188 0.1983 -1.8475 
27.9306 19.7870 -5.6585 -2.8157 5.9282 1.7093 -1.2564 -0.2592 -3.8707 -5.1315 -0.5547 0.6772 -0.9236 
26.4762 18.8296 -5.3860 -3.1997 4.6425 0.7207 -1.6965 -0.3321 -3.2835 -4.1827 -0.2391 -0.0168 -2.1522 
25.6210 18.0508 -5.3687 -2.8868 4.5726 0.2482 -2.0408 -0.3467 -3.4061 -4.6828 -0.6718 0.0252 -1.9313 
24.5112 17.1619 -5.0732 -2.1834 4.9237 0.4110 -1.5103 0.5426 -2.8118 -4.7903 -1.0724 -0.0599 -1.5815 
23.6802 16.6439 -5.0935 -3.1519 3.0820 -1.1143 -2.6163 -0.5137 -3.3763 -4.6297 -0.8788 -0.3306 -2.2063 
22.4963 15.6496 -4.8584 -2.3129 3.8495 -0.5207 -1.9710 0.4440 -2.1800 -3.7692 -0.7686 -0.6459 -2.3495 
21.7495 15.0808 -4.8676 -2.5880 3.2162 -0.8519 -1.7589 0.8999 -1.8133 -3.7210 -1.0880 -1.0794 -2.4879 
21.8841 14.3173 -6.3421 -2.6169 4.4170 -0.5158 -2.2648 1.1902 -0.7102 -2.8670 -0.3810 -0.0239 -1.6325 
21.2706 14.3601 -5.6013 -3.2228 2.7063 -1.2010 -1.8819 0.9709 -1.6140 -3.4551 -0.8941 -1.0484 -2.5559 
20.5859 13.8231 -5.3670 -2.6882 3.1140 -0.7781 -1.4116 1.0855 -1.7688 -3.0909 0.2338 0.1702 -1.7730 
19.5727 12.9663 -5.4042 -2.9579 1.8601 -2.3959 -2.3441 0.9361 -1.8967 -3.7378 -0.8183 -0.9297 -2.6430 
20.0292 13.5854 -4.8030 -2.1251 3.1655 -1.0303 -1.5924 1.2117 -1.4844 -3.1536 -0.2577 -0.2115 -1.8142 
20.2748 13.5537 -5.1420 -2.1584 3.1469 -1.3609 -1.6496 1.5947 -1.3224 -3.2597 -0.2040 -0.3051 -2.4022 
18.5095 11.6332 -6.0138 -2.4078 3.0955 -1.3596 -1.6517 1.5864 -1.4429 -3.6201 -0.5967 -0.4775 -2.5549 
19.1334 12.5826 -4.9942 -1.6648 3.0338 -2.2513 -2.5521 1.5606 -0.7298 -3.0837 -0.5674 -0.3310 -1.8548 
19.0755 12.3634 -5.5683 -2.3864 2.8507 -1.7234 -2.1459 1.3332 -0.8118 -2.3908 -0.0167 -0.9382 -2.8717 
19.2272 12.1520 -6.2795 -2.8864 2.6985 -1.9671 -2.6600 0.5602 -1.8061 -3.2304 -0.2458 -0.6299 -2.5542 
18.6960 11.8558 -5.9781 -2.6317 2.8159 -1.5003 -1.6674 1.8912 -0.4323 -2.2030 0.2866 -0.3111 -2.2468 
18.5190 12.3825 -4.5394 -1.6830 2.8430 -1.6462 -1.7419 1.6845 -0.5372 -2.0197 0.4079 -0.4828 -2.4186 
18.0662 11.2007 -6.1352 -2.5839 2.4805 -2.2731 -2.3970 1.3172 -1.0696 -2.5850 0.6278 0.2998 -2.1199 
22.0575 12.2231 -9.4319 -2.0490 5.8396 -1.5934 -2.7710 2.2419 -0.9028 -3.1674 1.3679 1.6615 -1.2865 
30.0914 16.0256 -14.5932 -4.6528 7.0076 -2.4421 -4.6169 1.0803 -3.3241 -5.6272 0.8048 1.0880 -2.4000 
30.4200 17.4369 -13.2412 -5.2122 6.8357 -1.0290 -4.2797 0.1763 -3.3368 -5.5763 -0.1272 0.7244 -1.8670 
27.8524 15.9858 -12.8131 -6.2020 6.1615 0.6207 -3.0184 0.2059 -2.0736 -3.7597 0.1409 0.6985 -1.1044 
27.9001 17.5967 -9.9929 -5.3455 5.4463 0.9329 -1.8300 0.9093 -1.6468 -3.2452 0.5126 1.1939 -0.1799 
29.5399 21.0605 -5.8011 -3.2087 5.4069 0.6610 -1.8667 0.6352 -2.2118 -4.3772 -1.4320 -1.0519 -2.0166 
30.9682 23.4978 -3.3085 -2.1861 4.6559 -0.6164 -2.5820 0.6557 -1.8404 -4.1745 -1.6209 -1.4246 -2.2335 
32.0853 24.7361 -3.1727 -3.3679 2.9959 -1.9989 -3.6119 0.3460 -1.0703 -3.4205 -2.4272 -3.2718 -3.0620 
33.5815 25.0829 -4.4311 -3.4952 3.0465 -3.2280 -4.5013 0.2493 -1.6527 -3.8235 -2.0512 -3.5445 -4.0370 
32.0692 24.8408 -2.6729 -2.8559 2.7184 -2.5636 -3.5902 0.0878 -2.3055 -4.3311 -2.4741 -3.7459 -3.9518 
34.3300 25.9794 -3.9097 -3.0891 3.9870 -1.6648 -3.1409 0.7077 -1.8173 -3.7954 -1.3923 -2.5477 -3.2050 
35.1735 26.7117 -4.1804 -3.9484 3.4958 -1.5221 -2.9183 0.6793 -1.9893 -4.1106 -1.8587 -2.9098 -3.2385 
38.1207 27.0562 -8.2428 -5.7266 5.1328 -1.0415 -4.1582 0.2855 -2.1788 -5.5952 -3.0204 -2.3415 -2.5898 
38.7716 27.4074 -8.3385 -5.4273 5.5919 -0.3540 -3.0323 0.5078 -3.1205 -5.3890 -1.2987 -1.4981 -2.8338 
40.2829 27.6685 -10.0233 -6.0576 5.9130 -0.4720 -3.0316 0.4095 -4.2329 -6.2671 -1.0623 -1.5723 -3.3942 
41.1000 28.3033 -9.9641 -5.6428 6.8599 0.4079 -2.5040 0.6313 -4.1947 -6.1020 -0.5823 -0.9793 -2.9292 
40.5979 27.8307 -10.1221 -5.7025 6.9175 0.4988 -2.5747 0.5192 -4.2927 -6.3329 -0.7726 -1.0468 -3.2859 
40.0963 27.1820 -10.5443 -5.6605 7.3848 0.8418 -2.7065 0.1897 -4.6175 -6.5995 -0.5695 -0.4153 -3.1803 
40.4516 27.5607 -10.2059 -5.1006 8.0670 1.4715 -2.2726 0.1779 -4.8207 -6.2778 0.2324 0.1534 -2.9393 
39.7524 27.0270 -10.3286 -5.3752 8.0191 1.6785 -2.6028 -0.4371 -4.9247 -6.3188 -0.2293 -0.1275 -2.9196 
39.4409 26.2582 -11.3888 -6.0384 7.7505 1.1682 -3.4644 -1.2217 -5.5010 -6.8321 -0.5547 -0.1496 -3.0728 
39.6767 26.8268 -10.3633 -4.7646 8.9968 2.3455 -2.4536 -0.6855 -5.3630 -6.4500 0.3468 0.8101 -2.2948 
39.7478 26.7163 -10.8638 -5.3445 8.6526 1.9875 -3.0177 -0.9508 -5.0755 -6.2699 -0.0075 0.3205 -2.7144 
39.8717 27.0881 -10.4345 -5.3691 8.3657 1.9678 -2.8550 -0.8165 -4.6899 -5.5805 0.4735 0.4141 -2.6703 
39.2570 26.5673 -10.3104 -4.8986 8.8210 2.2662 -2.8169 -1.1763 -5.3626 -6.0836 0.5934 0.9514 -2.2992 
38.3751 26.0883 -10.0435 -5.1421 8.2916 2.1878 -2.9173 -1.5254 -5.4091 -6.0684 0.1873 0.6354 -2.3172 
37.8293 25.8529 -9.7248 -5.1780 7.9100 2.0587 -2.7869 -1.3502 -5.2075 -5.9466 0.1024 0.3650 -2.6074 
37.3167 25.6123 -9.1528 -4.5557 7.8902 1.7794 -2.8164 -1.3109 -5.0964 -5.5179 0.3595 -0.0303 -3.0699 
35.9779 24.8540 -8.8923 -5.1401 6.9921 1.6778 -3.0350 -2.0493 -5.4597 -5.7626 -0.3411 -0.4719 -3.1963 
36.1764 25.3628 -8.1272 -4.5055 7.4865 2.3559 -2.1805 -1.3237 -4.9221 -5.1899 0.3392 0.1853 -2.5269 
35.3375 24.7964 -8.0883 -4.6249 7.7403 3.2527 -1.7706 -1.7003 -5.2416 -5.4472 -0.1510 0.0763 -2.0041 
34.6198 23.9947 -8.5591 -5.2146 6.6588 2.0887 -2.4443 -1.9618 -5.3157 -5.3586 -0.3304 -0.8752 -3.3305 
33.0698 23.1632 -7.7178 -4.7750 6.3341 2.0428 -2.2618 -1.8842 -5.0473 -5.0153 -0.1755 -0.5205 -2.7100 
31.6705 21.9345 -7.3061 -3.3196 7.2293 1.7492 -2.5059 -1.0716 -4.0953 -4.8402 -0.0184 0.1186 -2.4647 
29.8800 21.0263 -6.3530 -2.8891 7.2799 2.6302 -1.8153 -1.2212 -3.8433 -4.0486 0.2823 0.1965 -2.0239 
28.9383 19.8183 -7.0652 -3.1970 6.6211 1.8064 -1.6301 -0.1454 -3.2311 -4.0588 0.6014 0.8062 -2.0267 
27.8752 19.2985 -6.4444 -2.8944 6.4880 1.7791 -1.7613 -0.1968 -2.9018 -4.1801 -0.2838 0.4230 -1.3415 
26.5782 18.7709 -5.5063 -2.7084 5.7739 1.7871 -1.0037 0.2170 -2.9714 -4.3611 -0.5101 0.2775 -1.2987 
25.1386 17.6692 -5.2367 -2.3991 5.3902 1.2089 -1.4050 -0.1097 -3.2712 -4.6441 -0.7481 0.1821 -1.5408 
24.2389 16.7343 -5.7733 -3.2132 4.0226 -0.1406 -2.1079 -0.2839 -3.5341 -5.1488 -1.0482 0.2066 -1.5137 
24.2766 16.8592 -5.4297 -2.7316 4.3351 0.0155 -1.8121 0.2274 -2.8609 -4.4407 -0.6947 0.1716 -1.2625 
22.6067 15.5793 -5.2539 -2.6325 3.9417 -0.1129 -1.6272 0.3796 -2.6276 -4.1606 -0.7767 -0.4327 -2.1813 
22.4079 15.7076 -4.6118 -2.2094 3.9342 0.0446 -1.0714 0.9258 -2.3106 -4.0652 -1.0244 -0.7804 -1.9828 
20.8938 14.1814 -5.2811 -2.7812 3.2588 -0.4705 -1.3519 1.0719 -1.6177 -3.1835 -0.2436 -0.2206 -2.0140 
20.6645 13.9712 -5.3901 -3.0458 2.8005 -0.8333 -1.2968 1.6013 -0.8807 -2.5346 0.2144 -0.0353 -2.1830 
20.2027 13.5660 -4.8964 -1.7038 3.7499 -0.7484 -1.2287 1.7898 -1.1998 -3.1458 -0.1461 -0.2355 -2.2529 
20.3957 13.0140 -6.5877 -3.2288 2.9659 -1.5725 -2.5054 0.7328 -1.4248 -2.8064 0.1688 -0.0583 -2.0301 
20.0615 13.3739 -5.2878 -2.6384 2.4063 -1.9318 -1.9987 1.2890 -1.3645 -2.8208 0.3214 -0.1204 -2.4401 
19.7966 13.1070 -5.2966 -2.2433 3.1735 -1.2935 -1.7302 1.6911 -0.7414 -2.6851 -0.1125 -0.3871 -2.2190 
19.9085 12.8451 -5.8943 -2.3016 3.5187 -1.3217 -1.9329 1.9275 -0.3317 -2.5755 -0.1168 -0.2478 -1.9425 
19.6850 12.7565 -5.7189 -2.1987 3.5942 -1.0786 -1.8539 1.4790 -0.8717 -2.4548 0.6724 0.4596 -1.9504 
19.2004 11.7903 -6.9943 -3.3463 2.5645 -2.1910 -2.8368 0.7682 -1.6259 -3.4466 -0.3011 -0.2883 -2.6651 
18.1237 11.0686 -6.4996 -2.7698 2.5076 -2.3217 -2.2581 2.1328 -0.0661 -2.4307 -0.1005 -0.4065 -2.3214 
17.9537 11.2686 -6.1331 -3.3033 1.5967 -2.4092 -2.0246 1.6890 -0.5784 -2.1204 0.6157 0.1766 -1.6443 
24.1090 12.5594 -11.9106 -3.1952 6.2247 -1.7504 -2.8211 2.7109 -1.1741 -3.7361 1.3417 1.0450 -2.5507 
25.1787 12.7541 -13.1127 -3.5930 6.6479 -1.8729 -3.3455 2.3454 -1.5414 -4.0400 1.1965 0.7427 -2.9633 
29.9816 15.7049 -14.9114 -4.3697 7.8875 -1.5001 -3.8334 1.6963 -2.9765 -5.3747 1.1356 1.1832 -2.4523 
32.6137 18.6582 -13.8799 -4.9292 7.2494 -1.7881 -4.4640 0.9466 -3.2662 -5.6627 0.7489 1.5732 -1.4068 
30.8021 18.0094 -13.4086 -6.4528 6.3208 0.0979 -2.8624 1.3428 -1.9346 -4.5637 0.0492 1.0658 -0.8130 
28.3702 16.2518 -13.1118 -6.7295 5.1622 -0.1713 -2.3029 1.5104 -2.1162 -4.6381 -0.1298 0.6630 -1.2564 
28.7394 18.4370 -9.4665 -4.5768 6.2598 1.4574 -1.2309 1.6121 -1.4999 -3.7747 -0.3658 -0.2298 -2.0716 
30.2684 21.5469 -5.7130 -2.8102 5.3816 -0.0101 -1.9049 1.1962 -2.3640 -4.9903 -1.4884 -0.8770 -2.1042 
30.5882 22.7779 -4.2088 -3.0738 3.7103 -1.3229 -2.4963 1.1830 -1.7030 -4.4359 -1.9074 -1.8313 -2.8175 
32.2712 24.4275 -3.5828 -2.7095 3.7922 -1.8033 -3.0760 1.0219 -1.2454 -3.5794 -1.7107 -2.7909 -3.4077 
32.8994 25.9231 -2.1320 -2.8485 3.1322 -1.6029 -2.8278 0.9242 -0.8991 -3.1665 -1.9631 -3.0285 -3.0150 
33.0768 25.9194 -2.4584 -3.1274 2.9889 -1.7906 -3.1593 0.4871 -1.1783 -3.1086 -2.0247 -3.6721 -3.7457 
35.6172 26.6885 -4.8008 -4.0808 3.4962 -2.2693 -3.8193 0.5701 -1.5088 -3.7294 -1.9294 -3.3713 -3.7046 
35.9830 27.2919 -4.8655 -5.2396 2.9489 -1.4776 -3.4095 -0.0364 -2.0156 -4.0104 -2.4760 -3.7615 -3.5965 
38.5398 28.3469 -6.5232 -5.3313 4.5810 -0.4197 -2.6062 0.7046 -2.4090 -4.5531 -1.7696 -2.7852 -3.0702 
40.0922 28.0771 -8.9802 -5.5395 6.0203 -0.1241 -2.5674 0.9909 -3.4358 -5.8266 -1.1288 -1.4360 -2.9198 
41.1231 27.9680 -10.6412 -6.1232 6.3778 -0.2152 -2.7053 0.8379 -4.2588 -6.4382 -0.8787 -1.4756 -3.5774 
41.5538 28.2991 -10.5336 -5.6535 7.2109 0.5055 -2.3328 0.8728 -4.3562 -6.2569 -0.2664 -0.7757 -3.2077 
41.5537 27.9148 -11.4473 -6.2769 7.3378 0.5748 -2.9403 0.2448 -4.5701 -6.5342 -0.5799 -0.7939 -3.5857 
40.9942 27.4184 -11.5118 -6.2756 7.3397 0.8169 -2.6664 0.0377 -5.0984 -6.6395 -0.1719 -0.5675 -3.7393 
40.0612 26.9490 -10.8919 -5.5557 8.1293 1.6773 -2.4625 -0.2717 -5.1685 -6.5045 0.0581 -0.1667 -3.7358 
39.1639 26.6185 -10.0178 -4.8560 8.3605 2.0849 -1.9968 -0.0729 -5.0505 -6.4946 -0.1135 -0.0914 -3.3769 
37.0165 25.8944 -8.2841 -4.3355 7.9555 2.8834 -1.1374 -0.2904 -5.0387 -5.8116 0.3193 -0.0397 -3.5052 
38.0913 26.1457 -9.3959 -4.9583 7.5230 1.6894 -2.2755 -0.7665 -5.2721 -5.8652 0.3394 -0.2663 -3.6963 
36.7606 25.3029 -8.5456 -3.4955 8.7343 2.4532 -1.7956 -0.3121 -5.2089 -6.4333 0.1299 0.3299 -3.3570 
37.4755 25.9360 -8.6202 -4.0005 8.2248 2.2357 -1.7628 -0.2530 -5.0005 -5.9552 0.3871 0.0796 -3.5758 
36.3385 25.0940 -8.6876 -4.6844 6.9040 1.2367 -2.5111 -1.1008 -5.5617 -6.2597 -0.2219 -0.5492 -3.6852 
35.5505 24.8038 -8.1572 -4.4815 7.1624 1.9566 -2.2469 -1.4691 -5.8624 -6.4909 -0.3484 -0.2263 -3.4277 
36.2641 25.4408 -7.9559 -4.2039 7.5294 2.2284 -2.0580 -1.4943 -5.9366 -5.9833 0.6443 0.4597 -3.0923 
36.2533 25.6217 -7.8207 -4.4357 7.6695 2.9964 -1.7006 -1.7382 -5.8082 -5.5551 0.5882 0.3068 -2.7273 
35.9935 25.1037 -8.4496 -4.9932 6.9451 2.0179 -2.4594 -1.9278 -5.6156 -5.4590 0.1937 -0.4327 -3.3622 
35.1054 24.7622 -7.3950 -3.7152 7.7305 2.6048 -1.7886 -1.3194 -5.3606 -5.4694 0.4623 0.2092 -2.9033 
33.8852 23.7687 -7.0620 -2.7504 8.4867 2.8325 -2.0027 -1.5894 -5.3584 -5.3294 0.5353 0.4157 -2.4418 
33.9537 23.7901 -7.2910 -3.5798 6.9445 1.4631 -2.1140 -0.5963 -4.2611 -4.8301 0.2653 -0.2526 -2.9443 
32.4718 22.7232 -7.1703 -3.5197 7.1269 1.7668 -2.5897 -1.0466 -3.5074 -4.1048 -0.0302 -0.2919 -2.2378 
29.6049 21.1065 -5.8469 -3.1523 5.9703 1.5621 -1.8289 -0.9297 -4.0415 -4.5708 -0.1647 0.0883 -1.6633 
27.8521 20.0559 -5.0535 -2.7062 5.3733 1.0252 -1.6634 -0.0863 -2.9732 -4.0792 -0.2389 0.1044 -1.7569 
26.2376 19.1475 -4.4439 -2.8133 4.6664 1.3157 -1.0657 -0.6305 -3.9446 -4.2398 0.0203 0.0157 -1.9152 
25.0101 18.4118 -3.7500 -2.1867 4.4835 1.1032 -0.6709 0.1704 -3.1676 -3.8158 0.0175 -0.1754 -2.1937 
23.6760 16.9650 -4.4965 -2.7976 3.6530 0.3964 -0.7735 0.7165 -2.4045 -3.3660 0.0697 -0.0881 -1.7474 
23.5622 17.1374 -3.8597 -2.2150 3.7730 0.0558 -1.1835 0.6243 -2.4029 -3.4942 0.3041 0.4020 -2.2384 
22.6342 16.3820 -3.8005 -2.1026 3.5758 -0.1416 -1.2353 0.6028 -2.4460 -3.7068 -0.2525 -0.1982 -2.3381 
21.8978 15.5355 -4.1125 -2.2111 2.8315 -1.2488 -1.6259 0.8265 -2.4606 -4.0263 -0.7051 -0.8455 -2.7403 
22.2374 15.5385 -4.5137 -1.9516 3.8136 -0.4326 -1.1147 1.5430 -1.5186 -3.0000 0.6316 0.7043 -1.5489 
20.9971 14.6948 -4.3541 -2.2878 3.0155 -0.5840 -0.7574 1.8186 -1.0457 -2.2966 0.8719 0.4153 -1.6918 
20.6802 14.1151 -4.7778 -2.1561 3.1072 -1.0301 -1.1406 1.8702 -1.1359 -2.8131 0.4076 0.3654 -1.4731 
19.9923 13.7355 -4.5799 -2.2256 3.1616 -0.3009 -0.3542 2.3092 -0.8216 -2.8941 -0.2596 -0.3012 -1.8294 
24.3041 16.6901 -5.1765 -1.5241 4.9707 -0.5854 -1.8483 1.7432 -0.5847 -2.1210 0.6754 -0.2942 -2.1942 
33.1911 22.7004 -7.5314 -2.4726 7.4873 0.3671 -2.4894 1.3816 -2.0260 -4.4049 -0.3395 -0.5704 -2.8066 
35.0771 24.4304 -7.8718 -3.7594 7.5178 1.4117 -2.8284 -0.6468 -4.0316 -5.7728 -1.4187 -1.2186 -2.8081 
38.2144 26.3840 -9.0786 -4.7189 7.5190 1.5132 -2.2199 -0.1995 -4.5779 -5.7423 -0.2544 -0.8090 -3.1004 
37.9426 26.4434 -8.8443 -5.2477 6.7961 1.4440 -2.2327 -0.7071 -5.0783 -5.9935 -0.5638 -1.1831 -3.3987 
37.7662 26.5777 -8.6418 -5.8155 6.1284 1.4421 -2.1626 -0.7490 -4.6693 -5.6388 -0.9161 -1.4789 -3.2540 
37.2263 26.5703 -7.8548 -5.6666 5.5091 1.1920 -1.9847 -1.0133 -5.2275 -5.5800 -0.3384 -1.2804 -3.4874 
36.6412 26.4073 -6.9825 -4.5441 6.2844 1.5256 -1.8436 -0.5623 -4.4996 -5.1561 -0.1543 -0.8459 -2.9805 
37.0807 27.0703 -6.6124 -4.9310 5.5746 1.3310 -1.4282 0.0202 -4.0776 -5.0956 -0.3801 -0.9743 -2.9957 
37.9437 27.4482 -7.1899 -5.0696 6.0679 1.6529 -1.4665 -0.2268 -4.3163 -4.9104 -0.0394 -1.1451 -3.1577 
37.2927 26.4128 -8.1311 -5.6919 5.1881 0.3318 -2.3788 -0.5648 -4.9339 -5.8506 -0.7134 -1.8766 -4.3234 
38.8877 27.6149 -8.4427 -6.0257 5.5146 0.6321 -2.3952 -0.3707 -4.2543 -5.0723 -0.2320 -1.6099 -4.1054 
38.4149 27.4933 -7.9772 -5.6467 5.9441 1.0248 -2.5339 -0.4593 -3.8526 -5.1233 -0.7438 -1.3393 -3.4661 
38.0232 26.9357 -8.1689 -5.3834 5.6751 -0.1171 -3.3420 -0.3043 -3.6252 -5.4081 -1.0378 -1.3487 -3.7099 
37.1173 27.6472 -5.6978 -4.8444 4.8369 0.3996 -2.2942 -0.1619 -3.1436 -3.9669 -0.0547 -1.2820 -3.5005 
35.8778 27.2758 -4.3926 -4.1988 4.2051 -0.1305 -2.3052 -0.2345 -3.3561 -4.1408 -0.1666 -1.2364 -3.4598 
34.6060 26.7691 -3.2735 -3.4417 4.0114 -0.5692 -2.8963 -0.6345 -2.8131 -3.2465 -0.0924 -1.6988 -3.6484 
33.8487 26.3035 -2.8014 -2.8667 4.1957 -0.3244 -2.3123 -0.1996 -2.8193 -3.2343 0.1664 -1.7269 -4.1383 
33.2726 25.5350 -3.5568 -3.7143 3.2807 -1.2833 -3.3811 -1.4042 -4.1526 -4.6101 -0.9360 -2.2910 -4.3879 
32.8482 25.5554 -2.4749 -2.3777 4.0847 -0.9218 -3.1580 -1.1905 -3.5958 -3.5634 0.1130 -1.4218 -3.3596 
32.0256 24.8486 -2.3072 -1.9123 3.8411 -2.0588 -4.0898 -0.9445 -2.7877 -3.3735 -0.2472 -1.6120 -3.4517 
32.6563 24.7608 -3.0700 -1.4257 4.9076 -2.0513 -4.4908 -0.7572 -2.4979 -3.2272 0.1894 -1.0153 -3.0789 
32.4610 24.8576 -3.0167 -2.4110 3.5664 -2.7362 -5.0075 -1.6612 -3.4121 -3.9509 -0.5220 -1.6445 -3.5031 
31.8065 24.6149 -2.1533 -1.3425 4.1177 -2.4726 -4.6591 -1.3072 -3.1397 -3.5582 0.0251 -1.2939 -3.5366 
31.6400 24.3567 -2.3566 -1.2406 4.6695 -1.7576 -4.3691 -1.6185 -3.4742 -3.3638 0.5743 -0.7780 -3.1107 
30.5509 23.2048 -2.8225 -1.3496 4.5619 -2.0904 -4.9610 -2.1233 -3.6969 -3.7054 -0.0843 -1.2981 -3.2809 
28.4470 21.8247 -2.0517 -0.5343 5.0651 -1.0395 -4.1792 -2.5246 -4.4519 -4.0781 -0.1955 -0.8374 -2.2621 
28.0798 21.6215 -1.8314 -0.4799 4.4857 -1.9099 -4.2138 -1.1420 -2.7433 -3.1951 0.3521 -0.1917 -2.3151 
25.6201 19.9886 -1.0940 -0.0614 4.2092 -1.2853 -3.1087 -0.9123 -3.0607 -3.4035 -0.0483 -0.7446 -2.4781 
24.4816 18.7595 -1.8584 -0.8176 3.4548 -2.0046 -3.8672 -1.3241 -2.9164 -3.0501 0.5555 0.1881 -1.9782 
23.9041 18.2850 -1.9033 -1.0640 2.7327 -2.7605 -4.2092 -1.3217 -3.0230 -3.6842 -0.5821 -0.9343 -2.5623 
23.8616 18.3764 -1.5341 -0.6433 2.9381 -2.6145 -3.7474 -0.5516 -2.3471 -3.4168 -0.6993 -1.1619 -2.6310 
21.8305 16.0475 -2.6703 -0.9541 2.6603 -2.9145 -3.7771 -0.7434 -3.1593 -4.4188 -1.5366 -2.1879 -3.9412 
23.2662 17.6822 -1.7737 -0.4260 3.2058 -2.3728 -3.1705 0.1833 -2.1333 -3.7077 -0.7918 -0.8356 -2.3303 
21.7837 16.0378 -2.6047 -0.7946 3.0190 -2.4071 -3.2030 -0.0276 -2.4661 -4.0255 -1.0608 -1.0243 -2.3373 
22.0202 16.0796 -2.7179 -0.5104 3.4053 -2.2878 -3.0020 0.4862 -1.7175 -3.0084 -0.0811 -0.5955 -2.2800 
21.1570 15.5019 -2.9025 -1.4385 2.4582 -2.3718 -3.0481 0.1172 -1.6043 -2.5442 -0.1205 -1.0669 -2.6843 
20.4063 14.2649 -4.0197 -1.7091 2.8707 -1.8871 -2.5117 0.5223 -2.1689 -4.0440 -1.1697 -0.9578 -2.2318 
20.4103 14.2168 -4.0190 -1.4087 3.4507 -1.2469 -1.8836 1.2901 -1.0907 -2.7947 -0.2094 -0.6227 -2.5010 
19.7127 13.5022 -4.4074 -1.8775 2.8136 -1.9532 -2.6506 0.6974 -1.3476 -3.1322 -0.8783 -1.1328 -2.5426 
19.7698 13.5425 -4.3506 -1.8459 2.5832 -2.1990 -2.5344 0.6895 -1.9161 -3.4924 -0.4235 -0.5994 -2.5447 
19.9932 13.7955 -4.1758 -1.6202 2.9221 -1.7755 -1.9131 1.6403 -0.8780 -2.8160 -0.2520 -0.7048 -2.5589 
19.4226 13.3026 -4.3925 -2.0858 2.4806 -1.6553 -1.6125 1.5968 -0.9942 -2.7921 -0.3277 -0.6318 -1.9670 
18.9472 12.6761 -4.8836 -2.3829 2.2139 -2.2735 -2.5652 0.9175 -1.0786 -2.5794 0.0085 -0.1941 -1.8261 
19.2870 12.9864 -4.4162 -1.2779 3.3323 -1.6210 -1.8217 1.9060 -0.3072 -1.9505 0.5842 -0.0475 -1.8017 
20.0674 13.8474 -4.4829 -2.4559 2.1269 -1.9283 -1.6323 1.9873 -0.3204 -2.0224 0.4114 -0.1582 -1.8299 
18.8208 12.4505 -4.9732 -2.0624 2.7680 -1.7629 -2.1467 1.1598 -1.0314 -2.5875 -0.1922 -0.7374 -2.2374 
20.0713 14.4869 -2.8963 -0.7016 3.6246 -0.6982 -0.9122 2.1338 -0.3436 -1.8574 0.8352 0.3138 -1.7410 
24.4765 18.8853 -1.2046 0.5089 4.8420 -1.1691 -3.2956 -0.4245 -2.0618 -3.5137 -1.5763 -1.9795 -2.6295 
25.6243 19.7639 -1.2341 0.6878 5.3298 -1.0626 -3.5597 -0.7342 -2.2914 -3.3692 -1.1381 -2.0274 -3.2230 
26.5219 20.4592 -1.5031 0.1135 5.0351 -1.1546 -3.8226 -1.3364 -2.9839 -3.7810 -1.1716 -1.7046 -2.5674 
26.9951 21.2585 -0.7252 0.5732 5.4219 -0.6591 -3.3430 -0.7262 -2.2612 -3.4583 -1.2164 -1.4530 -1.9280 
27.7904 21.7712 -0.7490 0.9854 5.8438 -0.9950 -3.9338 -0.9709 -2.2546 -3.3104 -1.0113 -1.3237 -1.8755 
29.1291 22.8570 -0.9457 0.5547 5.8685 -0.9667 -4.3623 -1.6378 -2.7606 -3.5352 -1.1172 -1.4599 -1.8189 
32.0790 24.4273 -3.0784 -1.5852 5.3619 -1.5170 -5.7732 -2.9483 -3.1288 -3.1118 -0.8996 -2.0541 -2.4028 
33.0561 24.9028 -4.1465 -2.8031 5.2776 -1.4350 -6.9915 -4.7962 -4.0858 -3.1576 -0.8319 -2.1341 -2.5674 
35.5351 26.5233 -4.4995 -2.3276 6.1074 -1.4891 -6.3757 -3.0174 -2.7478 -2.1845 0.6313 -0.9519 -2.0048 
36.5340 27.3200 -4.7678 -3.0750 5.3640 -2.1298 -6.7025 -2.9007 -2.3944 -1.7411 1.0447 -0.9776 -2.5662 
37.4857 27.6525 -5.5931 -3.6101 4.9943 -2.9912 -7.2744 -2.6964 -2.2229 -1.9787 0.8016 -1.1236 -2.7575 
38.9648 28.3622 -6.2418 -3.5180 5.3959 -3.0958 -6.7188 -1.5299 -1.7830 -1.7569 1.5642 -0.6611 -2.6304 
38.7429 28.7312 -5.7358 -4.1845 4.7831 -2.8402 -6.9717 -2.1586 -1.4063 -1.1847 1.2192 -1.0316 -2.6352 
39.7221 28.8857 -6.6861 -4.4351 4.5921 -3.4848 -6.8252 -1.7538 -1.9910 -1.5266 1.7531 -1.2635 -3.5698 
40.9531 29.4643 -7.4676 -4.6497 5.2658 -3.0009 -6.4710 -1.0569 -1.4679 -1.4732 1.9939 -0.5286 -2.9059 
40.8800 28.9873 -8.5307 -5.7664 4.4285 -3.8003 -7.2853 -1.6379 -2.0000 -2.2536 1.2318 -1.1734 -3.8397 
41.0828 29.6889 -7.5721 -5.2788 4.9393 -2.7287 -6.3677 -1.1366 -1.1459 -1.1611 1.7673 -0.8527 -3.0807 
40.9090 29.1845 -8.4152 -5.9430 4.6309 -3.1136 -6.7556 -1.0548 -1.0842 -1.7452 1.2128 -0.9453 -3.5476 
41.5881 29.5121 -8.6105 -5.8416 4.5743 -3.2107 -6.0362 -0.3772 -1.3148 -1.7162 1.7995 -1.0383 -3.9445 
41.3735 29.4746 -8.5510 -6.2237 4.2032 -3.0023 -5.7401 -0.4159 -1.3424 -1.7310 1.5001 -1.2963 -3.9673 
40.1116 29.2897 -7.5834 -6.8994 3.1820 -2.4374 -5.2676 -0.9228 -1.4671 -1.7354 0.8020 -1.6750 -3.6428 
39.4844 29.1583 -6.6398 -6.1560 3.1728 -2.1534 -4.3676 -0.6169 -2.0312 -2.0032 1.0963 -1.5215 -3.5235 
39.7856 28.9640 -7.2625 -5.9593 3.7442 -2.2267 -4.3935 -0.1050 -2.1203 -2.7261 1.1555 -1.0076 -3.7825 
38.7243 28.3201 -6.7677 -5.8160 3.0804 -2.3668 -3.7312 -0.1569 -3.1238 -3.1098 1.5485 -1.2647 -4.6295 
37.2577 27.3399 -6.4004 -5.5714 3.2130 -1.7697 -3.4334 -0.6009 -3.6543 -3.6342 0.8931 -1.3674 -4.0989 
35.8763 26.8696 -5.4489 -5.6252 2.5596 -1.6749 -3.3146 -0.5985 -3.0837 -3.5842 -0.0745 -1.6212 -3.8835 
35.9271 26.9369 -5.7580 -6.3018 2.5231 -1.0123 -3.1742 -1.0637 -3.1582 -3.2287 0.2475 -1.2555 -3.6299 
35.7564 26.8934 -5.4462 -5.8115 2.9494 -0.7838 -3.0474 -0.8533 -2.9365 -3.1148 0.4606 -0.7918 -3.0976 
34.7220 26.3331 -5.0963 -6.0447 2.2944 -0.9414 -3.1582 -1.3949 -3.4037 -3.3901 0.0067 -1.2860 -3.4345 
34.7318 26.2246 -4.9500 -5.2012 3.1804 -0.3625 -2.1189 0.1993 -2.1659 -2.7015 0.7135 -0.4113 -2.6168 
33.4223 25.4403 -4.7902 -5.4727 3.4158 0.8307 -1.4855 0.2347 -2.0050 -3.2845 -0.5379 -0.9589 -2.9931 
33.2174 25.3806 -4.3307 -4.9340 3.2078 0.0392 -2.0594 -0.0617 -2.1883 -3.1120 -0.2288 -0.9311 -2.8739 
32.7940 24.0343 -5.8146 -5.1678 2.6801 -1.7992 -3.3428 -0.3186 -2.8819 -3.9988 -0.4913 -1.2486 -3.4591 
31.0937 23.5713 -4.0592 -4.1197 2.9570 -1.0144 -2.9705 -0.7104 -2.6392 -3.1253 0.0260 -0.7846 -2.8014 
29.5727 22.6237 -2.7776 -2.1352 3.6464 -1.3806 -2.7263 0.4156 -1.6880 -2.5731 0.7401 -0.0708 -2.6345 
27.9081 21.6976 -2.0887 -2.0758 3.0310 -1.3613 -2.4419 0.3428 -1.6393 -2.3931 0.5678 -0.3088 -2.5430 
26.2865 19.9359 -2.6535 -1.7578 3.2426 -1.7510 -2.9715 0.1477 -1.6887 -2.6290 0.0810 -0.9701 -3.0316 
24.1776 17.9880 -3.0826 -1.9542 2.8697 -1.6401 -2.3849 0.5496 -1.7881 -3.0941 -0.3419 -0.9308 -2.6443 
22.7693 16.9479 -2.7942 -1.6285 2.6919 -2.0239 -3.0246 -0.4173 -2.7959 -3.8195 -0.4977 -0.6118 -2.4618 
23.2063 16.8692 -3.6615 -2.2765 2.2814 -2.3961 -2.6896 0.8044 -1.4082 -2.6070 0.6309 0.4030 -1.4506 
21.5669 15.1556 -4.3510 -2.3420 2.6360 -1.9525 -2.7691 0.1694 -2.2361 -3.5506 -0.2369 -0.0504 -1.7018 
20.8056 14.5069 -4.4681 -2.5860 2.2253 -2.0249 -2.5661 0.3028 -2.0139 -3.1121 0.0650 -0.0745 -1.9642 
20.3687 14.3913 -3.9195 -2.1574 2.1439 -2.3198 -2.5773 0.8632 -1.2456 -2.7471 0.0678 -0.1090 -2.1081 
20.7186 14.3844 -4.4683 -2.5123 1.9168 -2.6954 -2.7513 1.0035 -1.1105 -2.7217 -0.1341 -0.6093 -2.3719 
19.4434 13.1655 -4.7355 -2.2848 2.3761 -2.3618 -2.9609 0.6622 -0.9679 -2.3182 0.1380 -0.5012 -2.5137 
19.2055 13.2802 -4.3304 -2.4964 1.8770 -2.3423 -2.6503 0.8111 -0.9319 -2.4116 -0.0507 -0.4761 -2.3669 
20.0702 14.1188 -4.0685 -2.3765 2.2523 -1.3544 -1.1856 1.8123 -0.7457 -2.2336 0.4465 -0.2064 -2.4558 
19.3114 13.1117 -4.7255 -2.5651 2.1494 -1.5893 -1.3538 1.7563 -0.8280 -2.4360 0.1144 -0.2176 -1.5831 
21.8594 14.1676 -7.6510 -5.5065 2.5331 0.7153 -0.2897 0.7467 -2.4596 -3.0715 0.7032 0.2715 -2.1242 
22.6253 12.8330 -9.9682 -4.0516 4.1862 -1.7039 -2.7555 1.2212 -1.9322 -3.3287 0.9178 -0.4500 -4.0288 
19.2467 12.4527 -5.8764 -2.9794 2.5441 -1.3435 -1.4307 1.7166 -0.7999 -2.0830 0.8914 -0.0469 -2.4949 
19.2902 12.6349 -5.7146 -3.2745 1.8345 -2.0777 -2.0405 1.2476 -1.1516 -2.5812 0.2550 -0.2351 -2.2138 
20.9848 15.4047 -2.5694 -0.5208 3.9113 -0.4785 -0.9011 1.9686 -0.5645 -1.9157 1.0185 0.4300 -1.9748 
24.7617 19.2832 -0.9629 0.3863 4.7525 -0.2936 -1.6254 0.3190 -2.9463 -4.2894 -0.8122 -0.7477 -2.3982 
25.6681 20.2622 -1.0315 -0.5460 4.5518 0.7091 -0.7911 0.3907 -3.0161 -4.3316 -0.7836 -0.2656 -1.7659 
27.4473 21.0257 -2.3999 -1.3477 4.7408 0.3795 -1.7219 -0.4584 -3.6352 -4.5591 -0.7335 -0.4669 -2.1539 
26.4367 20.7489 -1.2128 -0.5878 4.4425 0.1048 -1.4234 0.0094 -3.3674 -4.5013 -0.6694 -0.2719 -1.9562 
26.7117 20.5887 -1.4516 0.2316 5.1664 -0.4194 -1.9881 0.2811 -2.9953 -4.2329 -0.2344 -0.0822 -2.0018 
27.5013 21.1388 -2.1550 -0.9941 4.8574 -0.0724 -2.4818 -0.9662 -3.7861 -4.5352 -0.5512 -0.3428 -2.4811 
32.2626 24.0658 -4.7104 -3.3522 5.6561 1.1945 -2.5735 -0.8225 -2.1920 -2.8997 -0.8333 -2.1235 -3.2966 
36.3454 26.6124 -6.3083 -4.8258 4.6931 -0.7979 -3.9052 -0.4976 -1.7791 -2.4534 0.3326 -1.3617 -3.2043 
37.1454 26.9029 -7.1820 -5.8644 3.7094 -1.8515 -4.5400 -0.6692 -2.0896 -2.9556 0.0199 -1.4502 -3.2434 
38.9253 27.5506 -8.0495 -4.9512 5.1633 -2.3331 -4.9713 0.6001 -1.2324 -3.1926 0.5068 -0.5213 -3.3597 
38.9599 26.8547 -9.0831 -5.1200 4.7570 -3.4970 -5.4481 0.6883 -1.7167 -3.6854 0.3142 -1.2440 -4.2407 
38.3343 27.1489 -7.6833 -4.6883 4.5214 -3.0998 -5.2602 0.1254 -1.5210 -2.4692 0.8893 -1.4577 -3.9575 
38.8440 27.5146 -7.6651 -4.5032 4.5879 -3.5087 -5.5055 0.4143 -1.3993 -2.7050 1.0154 -0.9890 -3.8224 
38.2993 27.6521 -6.6970 -4.3572 4.1235 -3.3813 -5.1151 0.4508 -1.2718 -2.3926 0.9283 -1.2935 -3.6236 
38.1442 27.7273 -6.7612 -5.2042 3.5085 -3.1514 -5.1309 -0.1554 -1.5901 -2.2763 1.1241 -1.1118 -3.8243 
38.4500 27.6907 -7.1056 -5.0561 3.6949 -3.4655 -5.4399 -0.2108 -1.6203 -2.2089 1.1637 -1.3079 -3.8177 
38.4489 27.8243 -6.7369 -4.7585 3.6292 -3.5358 -5.1527 -0.0390 -1.8382 -2.1166 1.7010 -1.2386 -4.1727 
37.7123 27.4875 -6.4944 -5.0664 3.2262 -3.5175 -5.4983 -0.6324 -1.8640 -2.3471 0.6692 -1.7212 -3.7506 
37.6794 26.9202 -7.0007 -4.0620 4.7578 -3.1125 -5.5796 -0.3263 -1.8903 -2.8145 0.7803 -1.0426 -3.1693 
37.4094 26.8855 -6.6430 -3.8363 4.7396 -3.2479 -5.6406 0.0410 -1.3832 -2.9166 0.4054 -0.8863 -2.9401 
37.4492 26.8923 -6.8364 -4.5382 3.6660 -3.7718 -5.5385 -0.3481 -2.1684 -3.0605 0.3229 -1.6986 -3.4867 
38.7500 27.5003 -7.4849 -4.3572 4.5589 -3.4596 -5.3407 0.2589 -1.8959 -3.0355 0.9379 -1.0264 -3.5970 
38.0891 27.5176 -6.4784 -3.7758 4.8979 -2.8456 -5.0548 0.3922 -1.1958 -2.4558 0.7969 -0.9723 -2.9445 
37.5412 26.9073 -6.9903 -4.3723 4.4929 -3.0279 -5.3207 0.0554 -1.7390 -3.4500 0.0704 -0.7677 -2.7459 
37.4102 27.1018 -6.6419 -4.4844 4.6483 -2.1699 -4.7400 0.1023 -1.5270 -3.3618 -0.3330 -0.7346 -1.9738 
37.6213 27.3259 -6.8757 -5.0821 4.7348 -1.2499 -4.2771 -0.4238 -2.2099 -3.5896 -0.2083 -0.5845 -2.0717 
37.5838 27.0063 -7.4346 -5.5274 4.3698 -1.3400 -4.0188 -0.6588 -3.1447 -4.0933 -0.0880 -0.8345 -2.6517 
37.0664 26.3619 -7.8827 -5.6804 4.5474 -1.0839 -3.9473 -0.8503 -3.7265 -4.8295 -0.2266 -0.4090 -2.6401 
37.0818 26.3838 -8.0551 -6.0226 4.6112 -0.6522 -4.0100 -1.4482 -3.9996 -4.6763 -0.1617 -0.3360 -2.3979 
36.9080 26.2859 -7.8436 -5.5624 5.1962 -0.0589 -3.6558 -1.5843 -4.3930 -4.7450 0.1365 -0.1180 -2.1791 
36.7592 26.1471 -7.8541 -5.3143 5.9520 0.8687 -3.4428 -2.1312 -4.7623 -4.7182 -0.0618 -0.3653 -1.8773 
36.6152 26.0303 -7.9174 -5.5209 5.5604 0.4423 -3.5819 -1.9038 -4.6894 -5.0103 -0.1458 -0.2270 -2.1876 
35.5892 25.7499 -6.9516 -5.3861 4.8780 0.6276 -2.7705 -1.8590 -5.0599 -4.6772 0.4893 -0.2855 -2.6666 
34.7879 25.4310 -6.2054 -4.8531 4.6946 0.2728 -2.9294 -1.7180 -4.7240 -4.6590 0.1326 -0.2693 -2.1374 
32.7838 24.6613 -4.6958 -4.3254 4.1581 0.3276 -2.8487 -2.1190 -4.8872 -4.8642 -0.4863 -0.5471 -2.1038 
31.9606 23.6349 -4.5994 -2.7990 5.3105 0.5842 -1.7054 -0.0816 -3.7644 -4.5157 0.2558 -0.0027 -2.6647 
30.0052 22.4527 -3.9378 -2.7572 4.5993 0.5420 -1.5162 -0.5151 -4.2995 -4.8056 -0.0169 0.0117 -2.2571 
28.9063 21.7535 -3.6170 -2.5492 4.7866 1.1620 -0.9642 -0.1004 -3.5735 -4.2593 -0.2351 -0.4713 -2.5083 
27.8591 20.7854 -3.5074 -1.8937 4.8527 0.2969 -2.0173 -0.7359 -3.9535 -4.6566 -0.5648 -0.5787 -2.5231 
26.8126 20.1484 -2.8304 -0.9583 5.2719 0.2899 -1.9912 -0.2001 -3.0485 -4.1099 -0.4954 -0.3840 -1.9964 
25.3750 19.2055 -2.5181 -1.1362 4.4182 -0.2277 -2.1242 -0.3240 -3.2045 -4.3552 -0.5990 -0.0775 -1.8470 
24.3374 17.6089 -3.9870 -2.1178 3.4444 -1.4915 -3.1769 -1.0630 -4.0333 -5.2129 -1.3210 -0.8155 -2.4064 
25.2306 18.5284 -3.8309 -2.0830 4.4343 -0.1382 -2.7721 -0.8188 -2.4609 -3.1050 -0.2464 -0.6344 -2.2931 
23.1822 16.9879 -3.3426 -1.4824 4.0950 -0.3955 -2.0298 0.4261 -1.7107 -3.1406 -0.4371 -0.2937 -1.6014 
21.9140 15.6338 -3.8603 -1.7995 3.1655 -1.4755 -2.1645 1.0269 -1.4648 -3.2754 -0.2148 0.1939 -1.4985 
20.5379 14.2102 -4.2518 -1.6116 3.2480 -1.5308 -1.9538 1.4515 -1.3910 -3.7705 -0.7846 0.1416 -0.9693 
20.2618 13.7477 -4.8076 -2.3329 2.1861 -2.7231 -3.0002 0.4539 -1.9882 -3.2455 0.3397 0.5097 -1.4245 
20.1430 13.7142 -4.9453 -2.8181 2.0375 -2.2347 -2.6404 0.4669 -1.7619 -2.9306 0.1881 0.0220 -1.8144 
20.2111 13.7063 -4.8873 -2.4232 2.4905 -1.8387 -1.9811 1.1227 -1.7562 -3.3630 0.0313 0.3009 -1.3228 
19.3006 12.8678 -5.1136 -2.6611 2.0222 -2.3843 -2.7621 -0.0486 -3.0778 -4.5898 -1.1085 -0.8014 -2.3385 
19.3217 13.2757 -4.4329 -2.3967 2.0053 -2.3676 -2.6050 0.9668 -0.9331 -2.5378 0.1790 0.5523 -0.8420 
18.1882 12.1275 -5.0012 -3.0565 1.2072 -2.8091 -2.8128 0.5556 -1.3408 -2.6514 -0.1718 -0.6025 -2.2823 
18.8309 12.6639 -4.7979 -2.5541 1.9052 -2.1389 -1.7510 1.9494 -0.4511 -2.4655 -0.1358 -0.5674 -2.3910 
18.8346 12.3870 -5.0687 -2.0032 2.8851 -1.7508 -2.1677 1.0566 -1.3525 -2.6747 0.5592 0.4391 -1.4581 
18.2656 11.8949 -5.2345 -2.4082 2.1692 -2.4100 -2.6279 0.7414 -1.5897 -2.9020 0.3387 0.1164 -2.1031 
17.8687 11.2969 -5.7040 -2.4129 2.5523 -2.1029 -2.5391 0.9868 -1.0241 -2.4731 0.3480 0.1890 -1.6668 
21.8063 11.7201 -10.5881 -3.6748 4.8750 -1.9886 -3.5723 1.5489 -0.8004 -3.2857 0.2590 0.1578 -2.7241 
18.1134 11.2707 -6.1851 -2.8079 2.3104 -2.3604 -2.6084 1.0772 -1.2389 -3.0373 -0.2291 -0.4125 -2.3329 
17.9665 11.0166 -6.3618 -2.7931 2.2954 -2.3193 -2.0730 1.8928 -0.8037 -2.8947 0.1620 0.0988 -2.2057 
20.2203 11.9822 -7.4962 -2.3001 3.6089 -2.7848 -3.0008 1.8579 -1.2978 -3.8699 0.1689 0.7023 -1.9493 
22.5350 12.5107 -9.2993 -1.5142 5.6844 -3.1043 -3.8036 2.9615 0.0640 -3.2089 0.9476 1.0428 -2.5345 
23.7809 12.2580 -11.6018 -2.5090 5.7475 -3.9401 -4.6253 2.7030 -1.3813 -5.7678 -0.6542 0.5903 -2.9847 
27.3151 15.2292 -10.6038 -0.1950 8.6671 -2.6039 -3.6371 4.4757 -0.0141 -4.9722 0.3443 1.4586 -2.1718 
30.1031 18.0008 -9.3060 1.1189 9.7377 -2.9765 -5.1882 2.4320 -2.3928 -7.1521 -1.2208 0.0172 -3.7413 
31.1518 18.6017 -9.7559 0.8993 10.0157 -2.4060 -4.1618 3.5201 -1.6744 -6.6126 -1.1039 -0.3870 -3.5964 
32.0585 19.4648 -9.8842 0.5042 10.5988 -1.6775 -4.6539 2.9577 -1.3109 -6.8413 -2.2109 -0.4560 -2.7775 
32.9412 20.6491 -9.4190 -0.0589 10.0603 -1.7531 -4.9772 2.5491 -1.2397 -6.7828 -2.4266 -0.3432 -2.2998 
33.9594 21.9992 -8.8111 -0.7165 9.3349 -0.9633 -3.5172 2.7317 -2.0259 -7.1679 -2.6274 -0.4744 -1.2780 
34.4118 22.6554 -8.8866 -1.8425 8.7441 -0.5396 -3.7758 1.4361 -2.9474 -7.3155 -2.6061 -0.7542 -2.1570 
34.1610 23.9472 -6.5511 -1.7455 7.8879 0.2879 -2.8958 0.8016 -3.2104 -6.3151 -1.7872 -0.4084 -1.5783 
34.4809 24.6933 -6.1626 -2.8223 6.3240 -0.3719 -3.0380 0.5120 -3.6267 -7.0739 -2.8378 -1.0555 -1.7957 
36.4200 26.7502 -5.8785 -4.0975 5.2540 -0.0721 -2.2892 0.8146 -2.9838 -5.8417 -2.4815 -1.9356 -2.2064 
35.7509 26.7231 -5.2656 -4.7204 3.7612 -1.0478 -2.8943 0.3310 -2.9621 -5.7645 -3.0231 -2.7157 -2.6469 
36.3956 27.3362 -4.8268 -4.1128 3.9175 -1.5341 -3.0749 0.8560 -2.2393 -5.2587 -3.0054 -3.0083 -2.4116 
38.6985 28.2594 -6.1747 -3.6604 5.3296 -2.5397 -4.5805 2.0579 -0.5248 -5.6612 -3.3612 -1.7838 -2.0936 
38.3239 29.0405 -4.6309 -4.1492 3.9234 -2.2309 -3.8312 1.3641 -0.8767 -4.1311 -2.0915 -2.4418 -2.7133 
38.1790 29.1111 -4.2369 -4.1493 3.2442 -2.7408 -3.7259 1.3774 -1.1004 -3.9426 -1.6860 -2.3326 -2.5932 
37.9402 28.8853 -4.4864 -4.7482 2.5279 -3.2119 -4.2034 0.6656 -1.5425 -3.7857 -1.6156 -2.9681 -3.3825 
39.3749 29.2128 -5.6839 -4.5362 3.5175 -3.3624 -4.4329 1.2657 -1.2600 -3.9783 -1.3928 -2.5407 -3.2715 
37.8225 28.1480 -5.8414 -5.7730 1.8187 -4.1946 -5.2225 -0.1257 -2.5605 -5.0096 -2.4321 -3.5845 -4.3695 
38.9625 28.4901 -6.5404 -5.3270 2.7230 -4.1902 -5.0878 0.6527 -2.1640 -4.8649 -1.7582 -2.7316 -3.8426 
39.1782 29.4166 -5.2746 -4.8650 3.0849 -3.1070 -4.1591 1.0041 -1.5721 -3.7705 -0.5273 -1.5601 -2.9461 
39.1717 29.7272 -5.1885 -5.9390 1.9108 -3.1967 -3.9897 0.6347 -1.9068 -3.8206 -0.7970 -2.0633 -3.2612 
41.0160 29.8425 -7.2162 -5.7820 3.1190 -3.7616 -4.5096 1.3748 -1.9617 -4.6352 -0.4856 -1.1177 -3.0301 
40.7120 30.0491 -6.5539 -5.6632 3.3280 -2.9202 -3.9935 1.2967 -1.8576 -4.2723 -0.1654 -0.8632 -2.9957 
39.8674 29.5179 -6.4826 -5.9794 2.9570 -2.9861 -4.4073 0.6374 -2.0940 -4.4191 -0.5842 -1.1957 -3.3137 
40.8113 30.4484 -6.2173 -5.9759 3.1197 -2.3835 -3.5495 1.0375 -2.1992 -4.1094 0.4078 -0.3470 -3.0377 
40.7630 30.3298 -6.5572 -6.5558 2.6629 -2.6410 -4.1720 0.0391 -2.6870 -4.0529 0.1031 -0.8072 -2.9660 
40.0011 30.2221 -5.8856 -6.7951 2.1236 -2.3089 -3.9312 -0.5481 -3.1089 -3.8097 0.3672 -0.9087 -3.3049 
40.1004 29.9712 -6.0141 -5.8537 2.9405 -2.7593 -4.4400 -0.2684 -3.0031 -3.9596 0.9375 -0.1366 -3.4202 
39.8325 29.5680 -6.2570 -5.7425 3.2090 -2.6050 -4.6809 -0.9879 -3.5639 -3.9726 0.8056 -0.4874 -3.2529 
40.3370 29.3846 -6.8943 -4.9815 4.4713 -2.4511 -4.8094 -0.5251 -3.2667 -4.1618 0.7279 -0.2272 -2.8753 
38.9399 29.0911 -5.6039 -4.7835 4.1709 -1.9365 -4.7713 -1.2130 -3.1221 -3.3715 1.0256 -0.3234 -3.1254 
37.8980 28.6508 -4.9333 -4.7230 3.6668 -1.8388 -4.3624 -1.0783 -2.7171 -2.6618 1.0437 -1.0898 -3.6990 
37.2270 28.1029 -4.7070 -4.1461 4.0271 -1.5674 -3.7165 -0.2462 -2.3107 -2.7046 0.9721 -1.1442 -3.8454 
35.9816 26.7635 -4.9699 -3.7726 3.6285 -2.9052 -4.6263 -0.3362 -2.5768 -3.4721 0.2920 -1.5113 -4.0921 
35.6032 26.4770 -4.6133 -2.8560 4.4621 -2.6065 -4.5733 -0.0367 -2.0299 -2.9514 0.8435 -0.7080 -3.3199 
32.8365 24.6905 -3.9079 -2.8114 3.7307 -2.5939 -4.6021 -0.7942 -2.6507 -3.3943 0.2081 -0.9909 -3.2833 
31.2785 23.0187 -4.6750 -3.2546 3.2037 -2.8902 -4.3296 -0.2010 -2.2862 -3.4966 -0.1253 -1.3081 -3.7079 
29.1281 22.1889 -2.9033 -2.5061 2.4478 -2.8337 -3.3628 0.6221 -1.1749 -1.9712 0.8432 -0.9624 -3.4369 
27.7940 21.1372 -2.8416 -2.4316 2.3216 -2.6735 -2.9901 0.8271 -1.3970 -2.4795 0.8076 -0.2980 -2.9697 
26.5884 19.9817 -3.3893 -3.1672 1.5253 -3.0329 -3.0918 0.8837 -1.1295 -2.5435 0.2148 -0.5692 -2.5974 
25.3875 19.4622 -2.5024 -2.4889 1.8456 -2.8367 -3.6414 0.0328 -1.3719 -2.7667 -0.3778 -0.7416 -2.4770 
24.6552 18.7122 -2.3686 -1.7334 2.0530 -3.1460 -3.5047 0.1906 -1.9112 -3.0897 0.2091 -0.0132 -1.8931 
24.1776 18.0946 -2.9706 -2.4454 1.4181 -3.3977 -3.4997 0.0874 -2.2174 -3.5422 -0.2251 0.0023 -1.4307 
23.5696 17.5059 -3.2368 -2.5931 1.6581 -2.7859 -3.1276 0.1068 -2.0837 -3.1508 0.2529 0.4450 -1.0808 
22.9263 16.7339 -3.4208 -1.9361 2.5578 -2.4664 -3.4393 -0.3536 -2.4593 -3.5473 -0.2558 -0.1628 -1.7808 
22.9407 16.5478 -3.8394 -2.3798 1.9218 -3.2540 -3.7256 0.1377 -1.7209 -3.0061 0.1159 0.1821 -1.2826 
21.1696 14.8848 -4.3342 -2.7877 1.3436 -3.6114 -4.1815 -0.7724 -2.7266 -3.8341 -0.6050 -0.3102 -1.4716 
20.7407 14.3617 -4.4689 -2.3479 1.9711 -3.2175 -3.8120 -0.1337 -2.0378 -3.2863 -0.0474 0.1924 -1.1844 
20.7799 14.6215 -4.2328 -2.7799 1.1982 -3.5143 -3.8044 -0.4453 -2.4689 -3.4569 -0.3109 -0.4616 -1.9224 
20.6976 14.8681 -3.3136 -1.4828 2.4500 -2.5732 -3.1028 0.3415 -1.6905 -3.2423 -0.5718 -0.3398 -1.3151 
19.6073 13.1753 -4.9536 -2.6266 1.7388 -2.7865 -2.7311 0.5168 -2.2514 -3.8365 -0.9251 -1.2153 -2.5687 
19.0934 12.4868 -5.2398 -2.0568 2.9020 -1.7398 -1.9854 1.1769 -1.7540 -3.6106 -0.8246 -1.3632 -3.1676 
18.3207 11.6678 -5.8269 -2.9849 1.5803 -3.0652 -3.0724 0.4966 -1.9360 -3.4289 -0.3746 -0.7288 -2.7344 
28.0068 15.0048 -13.0180 -3.3445 6.8958 -2.7047 -4.0272 2.6071 -1.4816 -4.3430 1.3721 1.1127 -2.7788 
31.9664 18.0811 -13.9349 -4.9941 6.7695 -2.3906 -4.7698 0.7587 -3.6254 -5.8303 0.9911 1.4718 -2.1795 
30.4756 18.0521 -12.0440 -4.6408 6.2863 -1.7053 -4.1048 0.9015 -2.9889 -5.8647 -0.4703 0.9363 -1.0588 
29.6723 18.8558 -9.8578 -4.6220 5.6647 -0.0988 -1.8513 2.4019 -0.9670 -3.6950 0.4357 1.4553 0.0372 
30.5754 21.9551 -5.4732 -3.1476 4.2092 -1.4064 -2.6772 0.9585 -2.6640 -5.5423 -2.2385 -1.6027 -2.3894 
30.9093 23.5904 -2.7286 -1.3751 4.8651 -1.0502 -2.6994 1.1369 -1.5000 -4.2512 -1.5835 -1.0120 -1.8233 
31.4100 24.6900 -2.0415 -2.6345 2.5869 -2.7608 -4.0582 0.0766 -1.3870 -3.6063 -2.2768 -3.2042 -3.7380 
33.0174 25.0629 -3.0544 -1.7014 4.1074 -2.7377 -3.7656 1.1745 -1.1449 -3.4684 -1.0495 -2.1957 -3.5671 
33.0085 25.9099 -1.7253 -1.7125 3.1185 -3.5850 -4.3842 1.2633 -0.2950 -3.3507 -2.0048 -2.8733 -3.7877 
35.2221 25.7671 -5.1947 -2.9174 3.9542 -4.1551 -5.2876 1.4891 -0.7861 -4.9530 -2.8130 -2.6813 -3.7148 
35.8437 27.3962 -3.6308 -3.2934 3.4284 -2.5232 -3.2902 1.8065 -0.6117 -3.5967 -1.7957 -2.7526 -3.1643 
37.8256 28.2494 -5.5822 -5.1510 3.4012 -1.6560 -2.9069 1.0810 -1.9857 -4.5137 -2.2175 -3.3746 -3.3862 
39.8684 28.4197 -8.1404 -5.6139 5.0826 -0.8224 -2.6637 1.4016 -2.7346 -5.4816 -1.4379 -1.8773 -3.0936 
40.6856 28.6802 -8.8217 -5.6391 5.8818 -0.1809 -2.3994 1.3049 -3.3207 -5.8791 -0.9666 -1.1553 -2.8668 
40.6680 28.8153 -8.8034 -5.8473 6.3284 0.7133 -2.3795 0.6511 -3.6454 -6.0573 -1.0780 -0.7576 -2.6376 
40.4344 27.7854 -10.1210 -6.0265 6.5800 0.4497 -2.6077 0.4077 -4.4742 -6.9076 -1.4645 -1.0569 -2.9900 
39.8550 27.0663 -10.2330 -5.6571 6.3307 -0.1575 -2.5029 0.3866 -5.4011 -7.2340 -0.6877 -0.9069 -3.6503 
40.3039 27.4765 -9.6921 -4.3734 7.6309 0.4554 -1.9581 1.0983 -5.1291 -6.9896 0.3140 0.0926 -3.4237 
39.2530 26.7228 -9.4884 -4.1017 7.9209 0.8600 -2.1724 0.2248 -5.6747 -6.9800 0.4037 0.2325 -3.4611 
39.2669 26.3051 -10.4948 -5.0389 7.2220 0.0211 -2.9785 -0.0303 -5.5995 -7.1626 0.0126 -0.1134 -4.0022 
38.6037 26.6802 -8.7960 -4.1874 7.4547 0.9542 -2.0100 0.2752 -5.1963 -6.4092 0.5938 0.4007 -3.2338 
37.9552 25.9849 -8.9260 -3.7652 7.9213 0.9678 -2.2020 0.3977 -5.0467 -6.7563 0.2020 0.5630 -2.9796 
37.6659 25.6820 -9.2814 -4.3920 7.3693 0.6104 -2.6869 0.0691 -4.7655 -6.4332 -0.0646 0.1159 -3.2715 
36.6594 24.8652 -9.2864 -4.2143 7.8003 1.3916 -2.1745 -0.0894 -5.4411 -7.1936 -0.2883 0.4117 -3.2046 
35.8404 24.1475 -9.2769 -4.1078 7.4963 0.9070 -2.6534 -0.6382 -5.7337 -7.0805 -0.4333 -0.2401 -3.7672 
34.8016 24.3544 -7.4946 -3.4992 7.4748 1.7742 -1.9831 -0.4724 -4.6513 -5.4336 0.6710 0.9260 -2.3021 
31.4649 22.0263 -6.6790 -2.9632 6.9656 1.8120 -1.8272 -1.1029 -5.2009 -5.5734 0.2031 0.5012 -2.1729 
29.8701 21.6856 -5.0649 -2.7562 5.6930 1.3039 -1.3058 -0.0893 -3.8481 -4.8251 -0.0748 0.2985 -1.8291 
27.8500 20.4654 -4.6150 -3.2611 4.7474 1.7816 -0.4274 -0.0760 -3.8380 -4.4642 0.0664 0.6032 -1.2756 
26.7759 19.6409 -4.3814 -3.0324 4.1852 0.9552 -0.5858 0.3964 -3.6942 -5.1029 -0.7434 0.1183 -1.6528 
25.3467 18.3494 -4.5401 -3.0896 3.5028 0.0540 -1.1324 0.2108 -3.7311 -5.0657 -0.7135 -0.0449 -2.0679 
24.9604 17.9497 -4.5345 -2.7243 3.8004 0.0121 -1.3419 0.1164 -3.5821 -4.8381 -0.8380 -0.5829 -2.4426 
23.9957 16.8869 -5.0698 -2.8697 3.9609 0.2976 -0.9922 0.7819 -2.8820 -4.8357 -1.2395 -0.3616 -1.5762 
23.1130 16.1391 -5.1451 -3.0324 3.4390 -0.2409 -1.4788 0.3409 -2.9196 -4.3975 -0.8108 -0.2125 -1.6105 
23.1936 15.3870 -6.6376 -3.5392 3.6923 -0.7100 -2.3234 0.3748 -2.2553 -4.0114 -0.7675 -0.3826 -2.1518 
23.3069 15.3043 -7.0169 -3.6892 4.0131 -0.3270 -2.0682 0.8852 -1.5182 -3.6832 -0.8674 -0.1518 -1.3444 
22.6739 14.8847 -6.6187 -3.1292 4.0345 -0.7422 -2.4539 0.7026 -1.4215 -3.2335 -0.4183 -0.2050 -1.7710 
23.4238 15.3898 -6.9392 -3.4069 4.2314 -0.7820 -3.1673 -0.0362 -1.7731 -3.6790 -1.0484 -0.3889 -1.5141 
23.3969 14.8895 -7.8993 -3.8180 4.5915 -0.4050 -2.9401 0.5499 -0.9034 -2.9915 -0.4900 0.1169 -1.3598 
22.0188 14.1702 -6.9145 -3.1455 4.0360 -0.9115 -2.6655 0.9588 -0.5805 -2.6769 -0.7945 -0.7124 -1.4845 
21.7156 14.2140 -6.6261 -3.4537 3.7607 -0.5436 -2.5146 0.4216 -1.1588 -3.0058 -1.0485 -0.9844 -2.0241 
20.3036 12.7690 -7.5735 -4.9932 1.6548 -2.2769 -3.6392 -0.5387 -2.2169 -3.9590 -1.5250 -1.1545 -2.5821 
20.0093 12.7293 -6.8081 -3.7692 2.6360 -1.6310 -2.9424 0.1937 -1.6537 -3.3345 -0.6098 -0.0930 -1.4264 
19.8083 12.8080 -6.2308 -3.2748 2.8794 -1.1280 -2.0479 1.0146 -0.9837 -2.5507 -0.0862 -0.4012 -2.1246 
19.0709 12.2342 -6.1130 -3.2743 2.2929 -1.6332 -1.8953 1.3727 -0.8834 -2.4954 0.0740 -0.1852 -1.6679 
19.4215 12.9678 -5.0446 -2.2795 2.8188 -1.6281 -2.0161 1.6340 -0.3202 -2.0890 0.3515 0.1860 -1.4725 
18.9365 12.8968 -4.4992 -2.0733 2.9259 -1.0887 -1.7302 1.2721 -0.5700 -2.0481 0.0323 -0.4597 -2.0210 
17.6628 11.3781 -5.4210 -2.6850 2.3229 -1.1258 -0.7447 2.3803 -0.2728 -2.1175 0.1577 -0.3794 -1.9433 
17.8190 11.3065 -5.7968 -3.0255 1.6321 -2.6233 -2.5729 0.8385 -1.5697 -3.2476 -0.5795 -0.6709 -1.9071 
17.5346 11.1133 -5.7222 -2.7883 2.2587 -1.6776 -1.7650 1.5988 -0.4394 -1.9188 0.5072 0.0603 -1.4987 
17.6655 11.4551 -5.2688 -2.6436 2.0287 -1.8729 -1.6838 1.7756 -0.3728 -1.8957 0.6789 0.3247 -1.5289 
17.5722 11.6190 -4.7889 -2.4627 1.7669 -2.1009 -1.7677 1.5224 -0.6745 -1.9293 0.5830 -0.2222 -2.0799 
17.3806 11.3726 -5.0560 -2.7237 1.7791 -1.7934 -1.6080 1.2123 -1.2732 -2.3845 0.5746 0.1151 -1.7711 
17.4001 11.5313 -4.6590 -2.1174 2.4732 -1.3820 -1.6051 1.2788 -1.0227 -2.5719 -0.1746 -0.4886 -1.9221 
18.0240 11.7681 -5.3155 -2.6664 2.4962 -1.3147 -1.8259 1.1528 -0.6604 -1.9094 0.3937 -0.1192 -1.8661 
18.7294 11.2091 -8.1482 -4.8567 2.9972 -0.1907 -2.5956 -0.4520 -1.0466 -1.4411 0.4666 -0.5975 -2.5639 
17.1967 10.2539 -6.6284 -2.7587 2.5398 -2.3204 -2.5796 1.6690 -0.2643 -2.3372 0.2438 -0.0088 -2.2917 
21.7534 11.7592 -9.8509 -2.4912 4.8975 -2.7944 -2.9429 3.1651 -0.6549 -4.1584 0.3663 0.7375 -2.7571 
23.8436 11.7149 -12.0907 -1.6423 6.4857 -4.1971 -4.2222 3.8093 -0.8468 -4.8509 1.3695 2.0811 -2.3163 
25.6094 12.4811 -13.0715 -1.7287 6.8564 -4.5179 -4.0189 4.6184 -0.8482 -5.1717 1.5869 2.0470 -2.5923 
26.1221 11.9485 -14.4184 -1.3543 8.2543 -3.9644 -3.8160 5.0015 -0.8966 -5.5721 1.1476 1.5052 -2.8598 
27.9255 12.9204 -15.0977 -1.1940 8.8765 -4.5085 -4.6538 4.8433 -1.0788 -5.6679 1.9361 2.5166 -2.4533 
29.3007 13.6391 -15.5612 -0.7412 9.9522 -4.2449 -4.6755 5.3002 -0.6965 -5.6666 1.7466 2.0825 -2.7895 
29.6855 13.6527 -16.2711 -1.1671 10.4622 -3.5497 -4.9687 4.1599 -1.2805 -5.1084 2.3517 1.8171 -3.3310 
30.2860 13.8467 -17.1119 -1.8866 10.8662 -2.6788 -4.6299 4.3202 -0.6346 -4.3073 2.8536 2.0592 -3.4502 
31.3094 14.8247 -17.2463 -2.8619 10.0866 -2.7373 -4.4778 4.1887 -0.8921 -4.4852 2.7282 2.0769 -3.2012 
30.8036 14.9787 -16.2823 -2.9351 8.7550 -3.8198 -4.7993 3.8919 -1.4862 -5.0053 2.6728 2.5241 -2.7425 
29.9725 14.7744 -15.6670 -3.0583 8.4758 -3.5797 -5.3398 2.3810 -2.5399 -5.8371 1.0333 1.0794 -2.7180 
31.5125 19.1822 -9.8487 -0.4524 9.0717 -1.6908 -3.5786 2.5874 -2.2849 -5.3888 0.5252 0.2690 -3.1805 
39.9735 26.4009 -10.5012 -3.8176 6.9393 -2.8854 -4.5642 1.6487 -3.2169 -6.0003 -0.0024 -0.6143 -3.7574 
42.2723 28.3338 -11.2169 -5.8419 5.8656 -2.7997 -4.7594 0.9549 -3.3677 -5.5247 0.3155 -0.5903 -3.6717 
41.9165 28.6841 -10.2266 -5.7786 5.5394 -2.3867 -4.3496 0.7478 -3.3624 -4.9188 1.0017 -0.0376 -3.1179 
39.7340 27.4212 -9.3217 -5.4270 5.0178 -2.6547 -4.6746 0.3490 -3.3399 -5.3043 -0.1256 -0.6200 -3.1087 
40.0203 27.4371 -9.4532 -5.0040 5.4973 -2.4174 -4.1169 1.1087 -2.6097 -4.0838 1.2233 -0.1118 -2.8866 
39.4820 27.5366 -8.7141 -5.2136 4.7637 -2.7940 -4.8504 -0.1301 -3.3590 -4.3071 1.0344 -0.1449 -3.0683 
40.3882 27.9069 -9.3453 -5.1089 5.8115 -2.2863 -4.9880 0.2844 -2.6019 -4.3394 0.4394 -0.4480 -3.0921 
40.4910 28.1299 -9.0621 -4.9963 5.8233 -1.8325 -3.9636 1.1687 -2.3314 -4.2985 0.6099 -0.3028 -3.0626 
38.8289 27.3396 -7.8135 -4.2814 4.9028 -3.0131 -4.2905 1.3135 -2.6364 -5.0990 0.3045 0.1135 -3.0033 
37.6686 26.9185 -7.1590 -4.5938 4.1960 -2.9069 -4.3889 0.7215 -2.4217 -4.5686 -0.3288 -1.0002 -3.4139 
35.8989 25.6505 -6.9270 -4.4563 4.1484 -3.0239 -5.4069 -0.6792 -3.0353 -4.9027 -0.8366 -0.9610 -3.1999 
35.6840 24.8946 -7.5999 -3.9503 4.8379 -3.0276 -5.0446 0.2631 -2.6774 -5.0012 -0.5846 -0.7335 -3.1846 
36.0876 24.6462 -8.1348 -3.0719 6.0014 -2.9570 -4.8209 1.2406 -2.1125 -4.6113 0.5864 0.2776 -3.3456 
35.9418 24.9673 -7.7864 -3.8570 5.1931 -2.6254 -4.4117 1.0178 -2.2123 -4.5510 0.2251 -0.2119 -3.4425 
37.0607 26.0322 -8.2319 -5.5793 3.9699 -2.9095 -5.4398 -0.9987 -3.3739 -4.6577 -0.4426 -1.4587 -4.0998 
39.4342 27.9232 -8.2365 -5.3964 4.8711 -1.9974 -4.4553 -0.1248 -3.1031 -4.3961 0.2954 -0.8743 -3.5591 
39.8551 28.1169 -7.9369 -4.3896 5.3479 -2.0099 -3.4794 1.0719 -2.7750 -3.6518 1.6615 -0.4431 -3.5645 
38.7741 27.6067 -7.5862 -4.9385 4.4741 -1.9722 -3.5104 0.1107 -3.6432 -3.7694 1.5979 -1.0738 -4.6014 
37.2978 27.2320 -6.4983 -5.1084 4.1839 -0.8201 -2.8571 -0.4948 -3.9109 -3.9597 0.8073 -1.1517 -4.0271 
35.8864 26.7304 -5.3352 -4.6039 4.1748 0.0425 -2.0012 -0.6028 -4.1086 -4.0615 0.1325 -1.6827 -3.7977 
36.7590 26.7715 -6.5571 -4.9214 4.7662 -0.2333 -2.8490 -0.4987 -3.4105 -3.8075 0.3084 -1.1892 -3.5290 
35.3096 26.3277 -5.4786 -4.9507 4.2432 0.4008 -2.2667 -0.8332 -3.4604 -3.4846 0.2340 -1.1065 -3.0405 
34.5352 25.5943 -5.5432 -4.7529 4.2017 0.2504 -2.0113 -0.2935 -3.4261 -4.0705 -0.1578 -1.1173 -3.3979 
34.1418 25.3993 -4.9659 -3.7935 4.7335 0.1864 -2.1918 -0.3193 -3.2526 -3.6368 0.2893 -0.8949 -3.0380 
33.6783 24.9259 -4.9895 -3.4909 4.7719 -0.3791 -2.7954 -0.3032 -2.9402 -3.6129 0.2356 -0.6913 -2.8659 
31.2885 22.9806 -5.1567 -3.9488 3.7681 -1.0262 -3.5723 -1.7087 -4.3679 -4.7972 -0.8784 -1.5337 -3.4525 
29.6092 22.0653 -4.1427 -3.0697 4.0754 -0.2671 -2.5519 -1.0114 -3.6830 -4.1447 -0.7157 -1.4766 -2.9736 
28.5545 21.1646 -3.8311 -2.0044 4.9373 0.0341 -2.2280 -0.2335 -2.9054 -3.5687 0.2753 -0.1171 -2.2368 
27.6276 20.4213 -3.3813 -0.8966 5.4574 -0.5610 -3.0288 -0.1024 -2.0590 -3.2129 -0.3486 -0.9975 -2.5865 
25.7933 18.7701 -3.7254 -1.2410 4.7778 -0.7197 -2.5680 0.0644 -2.7458 -4.2298 -0.7317 -0.7111 -2.7260 
24.9879 18.5751 -2.6814 -0.5747 4.4539 -0.9575 -2.2717 0.2459 -2.6333 -3.6355 -0.1658 -0.8629 -2.9406 
23.9994 17.4778 -3.0980 -0.4805 4.4369 -1.4008 -2.5994 0.5233 -2.2555 -3.5281 0.3812 0.3049 -2.2876 
23.7858 17.3399 -3.2553 -1.0354 3.9103 -1.4279 -2.3973 0.8064 -1.7060 -3.1264 0.0481 -0.3530 -2.4271 
24.0337 17.4372 -3.6825 -1.7678 3.4698 -1.1982 -2.0198 0.5090 -2.4508 -3.4661 0.1228 -0.3197 -2.2888 
23.1650 16.2120 -4.8145 -2.6195 2.9421 -1.5094 -2.0449 0.8131 -2.1722 -3.3942 0.2434 -0.3500 -2.9988 
21.1696 14.2177 -5.2034 -2.1259 3.1153 -2.1967 -3.1800 0.0048 -2.5025 -3.7816 -0.2829 -0.3680 -2.4217 
20.7284 14.0926 -4.8501 -2.1956 2.7366 -2.0585 -2.4413 0.9575 -1.4649 -2.8251 0.2268 -0.4487 -2.7303 
20.4650 13.7540 -5.1282 -2.3436 2.8628 -1.7786 -2.3990 0.7082 -1.6768 -2.9234 0.1964 -0.1327 -2.1562 
19.9753 13.5327 -4.4434 -1.1992 3.8361 -1.0650 -1.6809 1.5359 -0.8508 -2.3529 0.1898 -0.6684 -2.6213 
19.3529 12.6440 -5.1182 -1.5691 3.2530 -1.9607 -2.1281 1.6475 -1.0908 -3.1192 -0.2323 -0.4792 -2.4024 
20.2631 13.6120 -5.0477 -2.2227 2.8780 -1.7959 -2.1578 1.3509 -1.0205 -2.7257 -0.0160 -0.4285 -2.2273 
19.7746 13.6111 -4.4625 -2.3200 2.4009 -1.5877 -1.4848 1.9371 -0.4503 -2.3510 -0.0764 -0.5037 -2.0625 
18.7731 12.6407 -4.6703 -2.0873 2.8972 -1.0612 -1.5028 1.3050 -0.9456 -2.2438 0.2285 -0.5309 -2.4700 
18.3786 12.2743 -4.7578 -2.3010 2.2361 -1.7732 -1.6012 1.7056 -0.7643 -2.3864 0.3395 0.0163 -1.8510 
23.1110 13.0721 -10.0428 -3.4581 4.9912 -2.0434 -3.5182 2.0524 -0.1874 -3.2651 -0.2447 0.0593 -2.0640 
21.1277 11.3122 -10.2071 -3.3781 4.6243 -2.1840 -3.0768 2.4308 -0.3288 -3.3304 0.3838 0.7461 -2.2081 
24.1603 12.1905 -12.2562 -2.9203 5.5244 -3.7026 -3.3732 4.0710 -0.5655 -4.5580 0.8853 1.3038 -2.5218 
26.5109 13.1611 -13.5343 -2.3716 7.2438 -3.8046 -4.1555 4.5521 0.0737 -4.6729 0.8559 1.6237 -2.2510 
28.3864 14.2048 -14.1104 -1.9510 8.4330 -3.2671 -3.7992 4.6995 -0.7364 -5.3415 1.2333 1.6863 -3.0500 
29.0206 13.2205 -16.7386 -2.7658 9.0536 -3.4767 -4.5023 4.2236 -1.0306 -4.7373 2.3786 1.7533 -3.3940 
29.6621 13.9434 -16.2911 -2.1287 10.1804 -2.5377 -4.3234 4.3508 -0.4032 -4.3824 2.0994 1.6763 -3.2268 
29.2724 13.5000 -16.5357 -2.2945 9.8701 -3.1603 -5.1541 3.6919 -0.6661 -4.4381 2.0289 1.6673 -2.9844 
30.3792 14.7476 -15.5742 -1.4533 10.0311 -3.3681 -4.5916 4.7756 0.0042 -4.0061 2.4582 1.8156 -2.8788 
30.0079 14.0203 -16.7039 -2.7001 9.0979 -4.0176 -5.2290 4.0247 -1.0585 -5.3603 1.4826 1.6106 -2.7735 
32.2262 16.5024 -15.7027 -2.8608 8.7322 -4.3177 -5.9864 2.6879 -2.3917 -6.2348 1.0060 1.2541 -3.1028 
30.5345 15.5860 -14.9795 -2.7611 8.3935 -3.5159 -4.3455 4.2231 -1.2338 -5.8027 0.8362 1.1933 -3.2491 
30.0303 16.7092 -12.3563 -1.8642 8.7154 -1.4419 -2.4645 4.2541 -1.1868 -4.9820 1.0804 0.9657 -3.2243 
36.9857 24.6379 -9.0886 -2.7507 6.8510 -2.6386 -3.9644 2.2704 -2.4990 -5.7503 -0.0553 -0.0562 -3.1975 
40.7360 27.6409 -10.1398 -5.0234 6.2234 -2.4397 -4.7524 1.1843 -2.4823 -5.1134 0.1764 -0.0909 -3.0050 
40.1316 27.7127 -9.0736 -4.7349 5.5210 -2.6731 -4.2749 1.3524 -2.7826 -5.2687 0.3570 0.3216 -2.5271 
39.2733 27.2508 -8.5270 -4.2354 5.6592 -2.5698 -4.3412 1.2959 -2.0365 -3.9499 0.9703 0.0218 -2.7593 
40.0310 28.0041 -8.8149 -5.3586 5.0641 -2.4427 -4.4818 1.0024 -1.9980 -4.0222 0.9477 0.6784 -2.2334 
39.0031 27.3366 -8.4193 -5.0296 4.8119 -3.0401 -5.1776 0.6476 -1.7613 -3.6841 0.8794 0.2527 -2.7312 
38.7833 26.8961 -8.7682 -4.9203 4.8917 -3.4235 -5.3767 1.0278 -1.6443 -4.2908 0.3837 0.2929 -2.9155 
39.1728 26.9861 -9.2855 -5.3742 4.9831 -2.6430 -4.4879 0.9277 -2.5576 -4.8505 0.0504 -0.4833 -3.4571 
37.8585 26.6444 -7.9641 -4.7896 4.6907 -2.7959 -4.8379 0.5220 -2.2387 -4.4509 -0.2505 -0.8490 -3.4085 
37.1311 26.7276 -6.9733 -4.6900 4.6759 -1.8958 -4.2424 0.5126 -1.6162 -3.4300 0.3199 -0.2618 -2.6124 
34.3107 24.9451 -5.6444 -3.3925 4.4473 -2.5471 -4.5206 0.6337 -1.3527 -3.4333 0.3697 0.2804 -2.4059 
33.7331 24.1488 -6.0557 -3.2947 4.4900 -2.4755 -3.9405 1.0634 -1.6924 -3.8665 0.1382 -0.2887 -3.1378 
34.3212 23.0940 -8.1512 -2.6079 6.3804 -2.4038 -4.4944 0.8827 -2.3001 -3.9978 1.0359 -0.0427 -3.6679 
34.0403 22.7105 -8.7477 -3.4393 5.9854 -2.0267 -3.6891 1.8566 -1.5276 -3.9168 0.8385 0.3959 -2.5921 
32.2721 22.8371 -6.3754 -3.4108 4.6612 -2.1830 -4.7065 -0.6907 -2.9060 -4.1757 -0.1491 -0.7204 -3.2739 
32.9558 23.7662 -5.6966 -3.1227 5.0120 -1.3268 -3.9829 -0.7987 -3.0486 -3.5403 0.4336 -0.6899 -2.6676 
32.2479 23.6574 -4.9690 -2.9857 4.9073 -1.0480 -4.3652 -2.0803 -3.8537 -3.6856 -0.0096 -1.2187 -2.5434 
31.5859 23.6358 -4.0738 -2.9143 4.1849 -0.8626 -2.9801 -0.8320 -3.3683 -3.2743 0.6930 -1.0602 -3.5663 
29.8206 22.6128 -3.2456 -2.2520 4.3832 -0.5845 -3.1443 -1.1761 -2.9517 -2.7181 0.5749 -1.1927 -3.4438 
28.0764 21.5101 -2.4975 -1.7195 3.8594 -1.1659 -3.1862 -0.9598 -2.8790 -2.9841 0.2950 -0.9742 -2.9823 
29.8998 22.5226 -3.4895 -2.2167 4.6335 -0.5111 -3.1697 -1.0225 -2.9374 -3.3601 -0.3182 -1.3515 -3.0103 
27.2383 19.7720 -4.2165 -2.0416 3.9689 -1.7322 -3.2867 -0.0457 -2.3587 -3.3758 0.0373 -0.6839 -2.8386 
25.6871 19.8603 -1.4669 -0.4067 3.7860 -1.7435 -3.0053 -0.1294 -2.3891 -3.3145 -0.1059 -0.6121 -2.4227 
27.1519 20.7862 -2.3178 -1.1638 4.5927 -0.4279 -2.8010 -0.7079 -2.6145 -3.3633 -0.5301 -0.8038 -1.8822 
25.5670 19.3253 -2.4876 -0.8572 4.7605 -0.4780 -3.0595 -0.8038 -2.1043 -2.7187 -0.6354 -1.5421 -2.3818 
26.9279 19.8865 -3.7695 -1.8292 5.0228 -0.0234 -2.9871 -0.9136 -2.5257 -3.4509 -1.1991 -1.8124 -2.5429 
25.3050 18.5733 -3.1551 -0.4282 5.4972 -0.3349 -2.7330 -0.0035 -1.8771 -3.1202 -0.6126 -1.0543 -2.2819 
24.8445 18.2563 -3.0216 -0.3088 5.5255 -0.0531 -2.1594 0.4953 -1.7730 -3.3984 -1.0011 -1.3430 -2.4696 
23.5293 17.1987 -2.9403 -0.1368 5.4611 0.2045 -1.4134 1.3438 -1.2259 -3.1642 -0.6814 -0.8908 -2.3725 
23.2316 17.4018 -1.9715 0.3309 4.8074 -0.6818 -1.6808 1.3962 -1.3169 -3.0213 0.1277 0.0978 -1.8727 
22.1600 16.3158 -2.5056 -0.0868 4.6442 -0.5118 -1.6391 1.2665 -1.3626 -3.2811 -0.5123 -0.3671 -1.8742 
21.5859 15.6135 -3.1036 -0.8678 3.6964 -1.0568 -1.4700 1.6983 -1.0844 -3.0615 -0.3575 -0.4377 -1.9274 
20.3192 14.4282 -3.1412 -0.3744 3.9589 -1.0518 -1.5912 1.3914 -1.1745 -2.5049 0.2623 -0.5189 -2.4814 
20.0107 14.1449 -3.5343 -1.2265 3.1706 -1.4862 -2.0226 0.9789 -1.5521 -3.1697 -0.3595 -0.5492 -2.2172 
19.6386 13.4304 -4.5294 -2.2120 2.5390 -1.5378 -1.5934 1.4196 -1.4117 -3.1761 -0.2882 -0.4051 -2.1514 
19.3035 12.8923 -4.9729 -2.3565 2.3493 -2.0245 -1.9307 1.5266 -1.2418 -3.1368 -0.0925 -0.0911 -2.1071 
18.5185 12.2591 -4.5473 -1.2662 3.0833 -2.0754 -2.3111 1.3542 -0.9871 -2.5604 0.3976 0.1090 -1.9240 
18.6100 12.3937 -4.6009 -1.5632 2.9582 -1.9434 -2.2134 1.5332 -0.7039 -2.7175 -0.2244 -0.2337 -1.7158 
17.8132 11.9286 -4.4315 -1.8840 2.4087 -1.7947 -1.7617 1.4872 -1.0910 -3.0022 -0.3012 -0.1700 -1.8053 
17.9863 11.6738 -5.1796 -2.2342 2.4048 -2.1137 -2.2817 1.2949 -0.8002 -2.3309 0.4025 0.0859 -1.9306 
17.7409 11.7493 -4.5727 -1.7411 2.6574 -1.7556 -1.8520 1.5889 -0.6098 -2.2725 0.3019 0.1892 -1.3526 
17.2771 10.8390 -5.8259 -2.8762 1.9190 -2.2095 -2.0223 1.7061 -0.5587 -2.4116 0.3359 0.2740 -1.8637 
18.5500 12.0840 -5.2438 -2.2391 2.6467 -1.5701 -1.5439 1.5826 -1.0935 -2.4411 0.5488 -0.1563 -2.3384 
20.4884 12.9512 -6.4459 -2.5680 3.2021 -1.6138 -1.4827 2.1348 -1.2511 -3.1889 0.2842 -0.0762 -2.1248 
21.4384 12.9829 -8.0338 -3.7664 2.7506 -2.3678 -2.4723 1.3882 -1.9219 -3.6421 0.3558 0.0044 -2.5528 
18.0657 11.3559 -6.0062 -2.7639 2.5092 -1.7492 -1.9743 1.4199 -0.9401 -2.6517 0.0157 -0.2932 -2.0309 
18.3918 12.0829 -4.9436 -1.9632 2.7111 -1.6363 -1.4832 1.8613 -1.1215 -3.1736 -0.1127 0.1685 -1.4359 
17.3984 10.9857 -5.6867 -2.6421 2.2450 -2.0749 -2.3971 1.0222 -0.9316 -2.3580 0.2367 -0.1730 -2.0625 
19.6833 11.8984 -7.1341 -2.6645 3.3851 -1.8325 -2.2428 1.5119 -1.1058 -2.4024 1.0807 0.2035 -2.3391 
18.9000 11.2697 -7.4156 -3.1791 3.2305 -1.5619 -2.3375 1.3855 -0.9046 -2.7272 0.3439 0.0934 -2.2786 
21.8389 12.6426 -9.2342 -4.0363 3.4664 -2.0816 -2.7729 1.2262 -2.0049 -3.9200 0.2005 0.2421 -2.0575 
18.1120 10.5223 -7.7629 -3.7310 2.6016 -1.7204 -2.3527 1.0803 -0.9657 -2.4293 0.1103 -0.5426 -2.2975 
17.4984 10.8178 -6.2544 -2.8620 3.0398 -0.4941 -0.7175 2.3946 -0.0191 -1.9577 0.3028 -0.1491 -1.8397 
17.5971 10.7709 -6.5487 -3.3024 2.3895 -1.1171 -1.0167 2.2011 -0.1301 -1.5962 0.8798 -0.0257 -2.1969 
17.0119 10.2689 -6.5237 -3.1469 2.3031 -1.5630 -1.7598 1.4258 -0.7324 -2.0870 0.5690 0.1359 -1.6343 
17.6210 11.2277 -5.4500 -2.2314 2.6815 -1.8828 -2.4454 0.8736 -1.0911 -2.4540 0.1701 -0.3446 -2.3266 
17.6939 11.1731 -5.8001 -2.7626 2.2828 -1.6931 -1.5847 1.9065 -0.2557 -1.7748 0.7107 0.1469 -1.6076 
17.2760 10.4110 -6.5178 -2.9281 2.3292 -2.0263 -2.1121 1.5199 -0.6095 -2.0537 0.7248 0.2407 -1.6590 
16.0047 9.6362 -6.5123 -3.9238 1.1089 -2.0799 -1.7862 1.6301 -0.1433 -1.5839 0.6564 0.3455 -1.1142 
17.5288 11.2977 -5.3185 -2.5658 2.2184 -1.4964 -1.1280 2.1180 -0.6403 -2.5844 -0.0716 -0.5487 -2.4993 
16.1852 9.8422 -5.9936 -2.8244 2.0511 -1.8075 -1.8358 1.3046 -0.9362 -2.5239 -0.2797 -0.8288 -2.3258 
16.0113 10.1215 -5.1616 -2.3145 2.2509 -1.4965 -1.8235 0.7826 -1.1890 -2.0241 0.3439 -0.6360 -2.3732 
15.8731 10.2270 -4.7789 -2.3438 1.6259 -2.0439 -1.5760 1.5371 -1.0702 -2.6854 0.2617 0.2455 -1.9757 
14.9763 9.1221 -5.4588 -2.4589 1.9976 -1.7021 -1.9159 0.6858 -1.4975 -2.5170 0.1515 -0.3216 -2.1101 
14.7771 9.2579 -5.0312 -2.5388 1.6114 -1.8241 -1.7367 1.2115 -0.8708 -2.5591 -0.4106 -0.3712 -1.6673 
14.6785 8.9519 -5.3646 -2.4599 1.8795 -1.9275 -2.2654 0.5096 -1.5662 -3.0381 -0.5956 -0.4411 -1.6443 
15.0796 9.6410 -4.9298 -2.8211 1.2242 -2.2780 -2.4504 0.4410 -1.4220 -2.8987 -0.4569 -0.1976 -1.7282 
15.0617 9.5220 -5.0839 -2.8811 1.3028 -1.6557 -1.1642 1.7166 -0.3142 -1.5928 0.3736 -0.3824 -1.6895 
14.3283 9.0574 -4.6989 -2.4636 1.1457 -2.2929 -1.8461 1.3378 -0.4430 -1.4959 1.0121 0.4521 -1.6889 
14.5029 9.3863 -4.1997 -1.9325 1.5371 -1.8912 -1.3121 1.6619 -0.6907 -2.2452 0.0999 -0.2439 -2.1082 
14.3203 9.1797 -4.4436 -2.2810 1.3187 -1.9746 -1.4525 1.7266 -0.1250 -1.4735 0.8111 0.6236 -0.9953 
13.4186 8.0939 -5.0496 -2.3388 1.6168 -1.7338 -1.6870 0.9830 -1.0438 -2.4589 -0.4501 -0.7696 -1.9630 
14.1993 8.8488 -4.8167 -2.1693 1.8826 -1.6699 -1.8473 0.8720 -1.1225 -2.6320 -0.5326 -0.6582 -1.8886 
14.2316 8.8286 -4.9962 -2.5061 1.5766 -1.5917 -1.2762 1.5397 -0.7103 -2.2824 -0.0143 -0.2062 -1.7736 
14.6905 9.5221 -4.5589 -2.6982 1.0860 -2.1460 -2.2614 0.4225 -0.9828 -1.8877 -0.0105 -0.5444 -1.7348 
14.3941 9.2956 -4.3318 -2.0865 1.7955 -1.3938 -1.2928 1.4090 -0.4332 -1.6374 0.3809 -0.2806 -2.0584 
15.0423 9.8776 -4.2755 -2.2764 1.3407 -2.2126 -2.1125 0.9079 -0.8387 -2.1475 0.0156 -0.3244 -2.0292 
14.5285 9.6220 -3.8696 -1.7341 2.0184 -1.2519 -1.4109 1.0709 -0.5666 -1.5001 0.3878 -0.4357 -2.0308 
14.3417 9.1535 -4.4798 -2.0285 2.0174 -1.2301 -1.2321 1.4703 -0.3423 -1.5320 0.5708 0.0599 -1.6880 
14.8840 9.8543 -4.2392 -2.4099 1.6947 -1.0867 -1.0996 1.3040 -0.6889 -2.1534 -0.1125 0.0515 -0.9660 
14.0930 8.7067 -5.0493 -2.4992 1.7473 -1.5667 -1.8534 0.7118 -1.0754 -2.1603 0.3650 0.5692 -0.6384 
13.9111 8.7511 -4.7100 -2.4221 1.4803 -1.9055 -2.0575 0.9303 -0.5347 -2.1042 -0.4427 -0.5783 -1.8658 
14.0131 8.8291 -4.5665 -2.0807 1.6803 -1.9605 -2.0035 1.0402 -0.6125 -1.9023 0.3216 -0.0090 -1.9290 
14.5575 9.4104 -4.5101 -2.6602 0.8347 -2.4524 -2.0238 1.0699 -0.6655 -1.8197 0.4759 0.1334 -1.4794 
13.5186 8.1594 -5.6062 -3.8503 -0.0390 -2.8317 -2.4697 0.4262 -1.1417 -2.3030 -0.3174 -0.7859 -2.5399 
13.7953 8.2895 -5.5507 -3.3423 0.5181 -2.6889 -2.4553 0.4449 -1.3121 -2.6027 -0.6504 -1.0164 -2.3826 
14.5211 9.3216 -4.3494 -1.9245 1.7884 -1.6301 -1.1614 1.9833 0.0626 -1.2757 0.8069 0.0216 -1.9663 
14.6960 9.3408 -4.8932 -2.6349 1.8054 -1.1431 -1.3974 1.0397 -0.6941 -2.0117 -0.2829 -0.5446 -1.4447 
13.6756 8.4338 -4.9116 -2.5048 1.4716 -1.4893 -1.0211 1.9309 -0.0732 -1.6846 0.4324 0.5882 -0.7208 
15.0576 10.2247 -3.5817 -1.8795 1.4119 -1.8082 -1.3086 1.5204 -0.5807 -2.0377 -0.0128 -0.2772 -1.5400 
14.1117 8.8053 -4.8257 -2.4258 1.3400 -2.1024 -1.8347 1.2316 -0.5992 -1.9256 0.2628 -0.0486 -1.4571 
13.4275 8.1855 -5.0926 -2.8493 0.9296 -2.1659 -1.8139 1.1551 -0.6839 -2.2126 -0.1943 -0.0843 -1.0311 
14.4188 9.4069 -4.2561 -2.1980 1.6521 -1.5865 -1.5721 1.2811 -0.6980 -2.5619 -0.5804 -0.3921 -1.6820 
14.5032 9.6842 -3.8535 -2.0957 1.4938 -1.4009 -1.0348 1.5948 -0.4724 -1.9972 -0.0461 -0.0477 -0.9992 
13.1128 7.6298 -5.7484 -3.3470 0.6324 -2.4975 -2.2780 0.7222 -0.8518 -1.9292 0.4401 0.4012 -0.9759 
13.5885 8.2851 -5.2880 -3.2260 0.7466 -1.9600 -1.5653 0.9324 -1.3515 -2.8331 -0.6793 -0.9713 -2.5463 
13.5783 8.5963 -4.4673 -2.3944 1.1359 -1.9155 -1.4318 1.4778 -0.5000 -2.1420 -0.4067 -0.8336 -2.2103 
13.9521 8.7492 -4.7690 -2.5312 1.3015 -1.8985 -1.8544 0.7599 -1.0894 -2.3353 -0.4348 -0.9240 -2.1678 
14.0115 9.0214 -4.2824 -2.1594 1.5778 -1.3676 -1.1312 1.2462 -0.8706 -2.0346 0.1031 -0.1328 -1.1252 
14.0970 8.8968 -4.6720 -2.4413 1.4250 -1.4554 -1.0327 1.3762 -0.8904 -1.8675 0.5721 -0.0387 -1.7524 
14.3758 9.2624 -4.2673 -2.0105 1.5385 -1.7178 -1.1345 1.6822 -0.6080 -1.8663 0.4571 -0.3181 -2.2571 
14.3899 9.0910 -4.2899 -1.4462 1.9535 -1.8696 -1.2019 1.8823 -0.4961 -1.8114 0.6202 0.1826 -1.3867 
13.6148 8.3199 -5.0130 -2.5284 1.3858 -1.9036 -1.8362 1.1018 -0.4085 -1.7609 -0.1878 -0.6694 -1.9458 
14.7107 9.2182 -4.6822 -1.7215 2.3017 -1.4122 -1.0948 2.1107 -0.0357 -1.8515 -0.0908 -0.6809 -2.0736 
14.6203 9.4496 -4.4136 -2.2611 1.5092 -1.7160 -1.3551 1.5698 -0.4107 -1.7305 0.4897 -0.0456 -1.9687 
