15.4393 10.1813 -3.8907 -1.0097 2.9437 -1.4549 -2.3694 0.1241 -1.7289 -2.7281 -0.1625 -0.3265 -1.6596 
15.6771 10.3129 -4.1448 -1.6103 2.1206 -2.0180 -2.1577 0.9501 -0.8253 -2.0228 0.2725 -0.1096 -1.5141 
15.5339 10.2343 -4.1081 -1.4937 2.4740 -1.7529 -2.4239 0.4708 -1.2627 -2.7919 -0.7663 -0.9560 -2.2220 
15.1412 9.9049 -4.0416 -1.2566 2.8706 -0.9187 -1.4934 0.7914 -1.2699 -2.3851 -0.1093 -0.4439 -1.8259 
14.3867 9.0970 -4.5282 -1.7128 2.4282 -1.4186 -2.1612 0.3357 -1.2468 -2.3312 -0.4000 -0.8903 -2.1179 
15.2304 9.8664 -4.1195 -1.0226 3.0301 -1.3195 -2.0076 0.6031 -1.6121 -3.0744 -0.4939 -0.4498 -2.0384 
14.8473 9.4756 -4.7706 -2.5193 1.4008 -2.2555 -2.5624 0.1480 -1.7556 -3.2459 -1.2509 -1.5315 -2.8523 
15.3278 10.5987 -3.2539 -1.5309 1.8158 -1.7572 -1.9545 0.5906 -1.3006 -2.6027 -0.3909 -0.2369 -1.3431 
15.2995 10.0504 -4.2426 -1.8473 2.2844 -1.2987 -1.6561 0.9364 -1.1342 -2.5840 -0.1320 0.0490 -1.3749 
14.5446 9.5202 -3.9870 -1.6349 1.9568 -1.7722 -1.8511 1.0190 -0.8516 -2.2575 -0.1800 -0.5481 -2.0136 
14.6972 9.7591 -3.9089 -1.9518 1.4458 -2.1990 -2.1616 0.9860 -0.4422 -1.7399 0.0708 -0.4463 -1.9422 
15.0659 10.4185 -3.1995 -1.4589 1.8898 -1.6869 -1.8861 0.8519 -0.8505 -2.2646 -0.3889 -0.6625 -1.8948 
14.8430 9.8504 -3.7858 -1.3847 2.3227 -1.5686 -2.0408 0.7229 -0.8045 -1.9185 0.1040 -0.2974 -1.5514 
14.9786 9.9496 -4.0005 -1.7722 2.4103 -0.8762 -1.4648 0.7525 -1.0362 -2.1225 0.0202 -0.2702 -1.6803 
14.2741 9.2122 -4.1412 -1.6626 1.9827 -1.8723 -2.3669 0.0953 -1.6740 -2.5848 -0.1740 -0.4870 -1.9995 
15.3096 10.3629 -3.5139 -1.2184 2.4499 -1.4898 -2.0144 0.5895 -1.1940 -2.3528 -0.0824 -0.4226 -2.1078 
15.3348 10.3435 -3.6207 -1.3618 2.3028 -1.5781 -1.9262 0.8150 -1.1029 -2.5416 -0.2804 -0.2410 -1.4761 
15.1627 10.1028 -3.6412 -0.9153 2.8777 -1.4046 -1.9255 1.1979 -0.6336 -2.6894 -0.8757 -0.5970 -1.5493 
15.5590 10.7777 -3.0517 -0.8395 2.7179 -1.2700 -1.7290 0.9887 -0.8902 -2.2371 0.3266 0.6677 -0.8261 
15.1658 10.0710 -3.7161 -1.1044 2.5093 -1.6343 -1.8339 1.1788 -0.8244 -2.4557 -0.2980 -0.3041 -1.3601 
15.4379 9.9631 -4.0972 -0.8805 2.7962 -1.8245 -1.8256 1.5208 -0.7244 -2.4171 -0.0494 -0.2616 -1.6318 
14.8857 9.7600 -3.9705 -1.3673 2.5297 -1.2380 -1.7189 0.5003 -1.6834 -2.5671 0.2083 -0.0559 -1.5137 
14.5964 9.6806 -3.6051 -1.1403 2.1600 -2.1382 -2.6339 0.2101 -1.2846 -2.0390 0.6028 0.3579 -1.3735 
14.5765 9.8886 -3.1688 -0.8882 2.3553 -1.5247 -1.6749 1.0548 -0.7411 -1.8243 0.3565 -0.3520 -2.3421 
15.2780 10.4031 -3.3765 -1.0987 2.5953 -1.1847 -1.5617 0.9672 -1.2330 -2.8833 -0.6185 -0.5041 -1.9346 
15.2246 9.9210 -4.0565 -1.1415 2.7975 -1.4167 -1.8795 1.0339 -0.7571 -2.1705 -0.2285 -0.6976 -2.0139 
15.1652 10.4126 -3.2225 -1.1513 2.3339 -1.4213 -1.7908 0.7562 -1.1722 -2.6356 -0.6410 -0.8000 -2.1369 
15.0020 10.0169 -3.6081 -1.0425 2.7092 -1.2575 -1.6772 0.9894 -1.2007 -3.0018 -0.7977 -0.5195 -1.7444 
15.4629 10.6040 -3.2886 -1.1320 2.4491 -1.2993 -1.5149 1.0959 -1.0884 -2.6754 -0.3369 -0.0120 -1.0933 
14.6540 10.0336 -3.3181 -1.5085 2.0852 -0.9971 -1.1438 1.0486 -0.9589 -2.0503 0.2432 0.0399 -1.5720 
14.7780 10.2591 -2.8821 -0.8394 2.5540 -1.1367 -1.4862 1.2237 -0.4796 -2.1267 -0.4586 -0.5421 -1.6334 
15.5259 10.5990 -3.1349 -0.5878 2.7823 -1.4766 -1.6226 1.2966 -0.8339 -2.3819 -0.2239 -0.6076 -2.1890 
21.9277 13.1948 -8.9274 -5.4396 1.4713 -2.3297 -1.0904 3.6062 0.0744 -3.3344 -1.0619 -0.9944 -1.6495 
20.3966 13.6932 -5.2966 -2.9134 2.2755 -1.1757 -0.1442 3.3041 -0.3428 -3.1486 -0.9433 -1.1455 -1.7468 
16.3626 11.1451 -3.5419 -1.2361 2.3814 -1.2772 -0.7616 1.9826 -0.8059 -2.3027 0.2010 -0.2275 -1.4965 
15.4700 9.7834 -4.9971 -2.5116 1.3254 -2.4960 -2.2826 0.5035 -2.1200 -3.6145 -0.9739 -1.1923 -2.6378 
15.2192 9.8550 -4.0297 -1.1524 2.0683 -2.5227 -2.3189 0.8029 -1.7333 -3.0518 0.0509 0.0908 -1.4389 
15.7558 10.5287 -3.6930 -0.9802 2.7017 -1.6172 -1.7968 1.2353 -1.0733 -2.8303 -0.3243 -0.1120 -1.4091 
15.5613 10.5947 -3.0897 -0.3530 2.9820 -1.5063 -1.7985 0.9941 -1.1579 -2.4096 -0.1131 -0.8617 -2.5276 
15.3131 10.1884 -3.7157 -1.0194 2.8798 -1.0075 -1.2597 1.3985 -0.8732 -2.4399 -0.1603 -0.3934 -1.9541 
16.0564 10.8186 -3.5704 -0.7755 3.0407 -1.4283 -1.8759 1.2315 -0.7025 -2.3172 -0.0494 -0.1234 -1.6683 
15.4877 10.1306 -3.9745 -0.9891 2.8114 -1.5833 -1.8412 1.2866 -0.6238 -2.0821 0.0209 -0.4830 -2.0098 
15.3161 10.2470 -3.6755 -1.1440 2.6141 -1.4382 -1.7564 1.2734 -0.6126 -2.4300 -0.5434 -0.6753 -2.1403 
15.0277 9.8647 -3.8498 -1.0511 2.7879 -1.0680 -1.1964 1.3481 -1.0753 -2.3866 0.2399 0.0649 -1.3502 
14.7942 9.4437 -4.2776 -1.2455 2.6490 -1.5230 -1.9383 0.5791 -1.7803 -2.9182 0.1041 0.1954 -1.4515 
17.9653 10.6080 -6.4852 -1.7041 3.1683 -2.3355 -1.6792 2.4635 -0.9323 -2.6451 0.9305 -0.2292 -2.8953 
20.8812 12.0159 -8.7797 -3.5923 3.2373 -2.3973 -2.4703 2.0793 -1.0590 -3.1870 0.4722 -0.1758 -2.8286 
18.2911 11.1367 -6.2706 -1.8983 3.4777 -1.7144 -1.9760 1.5839 -1.4045 -3.0179 0.6351 0.2483 -2.2507 
15.4568 9.4913 -4.5340 -0.0658 3.8298 -1.7818 -1.8795 1.9132 -0.6628 -2.4629 0.5115 0.1406 -2.0574 
15.5273 9.8229 -4.6016 -1.3400 2.5019 -2.1968 -2.2012 1.3789 -0.8991 -2.9328 -0.5624 -0.4424 -1.7285 
15.3647 9.9682 -4.0031 -0.9689 2.3191 -2.7479 -2.9440 0.6975 -1.1592 -2.7989 -0.4959 -0.7885 -2.3667 
14.5442 9.5390 -3.5710 -0.7633 2.3807 -2.0737 -2.0847 1.0594 -0.8798 -2.1480 0.2863 0.0901 -1.2980 
15.1019 10.4169 -2.8504 -0.5141 2.5179 -1.8666 -2.2156 0.5040 -1.5320 -2.5985 0.3155 0.3540 -1.5786 
15.1383 9.9950 -3.6460 -0.8812 2.4359 -1.7888 -1.5420 1.3664 -1.2067 -2.5575 0.2079 -0.2315 -2.0179 
15.2810 10.4446 -3.0478 -0.5756 2.6037 -1.7531 -2.0220 0.8996 -0.7497 -1.6834 0.4766 -0.3409 -1.9829 
14.9232 10.1106 -3.2289 -0.8309 2.4640 -1.5834 -1.8049 0.8463 -1.0785 -1.9037 0.8952 0.5563 -1.5060 
14.6553 9.4370 -4.4928 -2.3134 1.4262 -1.9679 -1.7106 1.2609 -0.7944 -2.4268 -0.3859 -0.6915 -2.2678 
14.4954 9.5512 -3.6497 -1.0058 2.5369 -1.5293 -1.9760 0.7603 -0.8384 -2.0478 -0.4105 -1.2003 -2.3546 
14.2389 9.3571 -3.7781 -1.2111 2.8042 -0.6331 -1.1597 1.1402 -0.7543 -2.2124 -0.4169 -0.5381 -1.4755 
14.5142 9.6406 -3.6095 -1.2059 2.3541 -1.3361 -1.5368 1.0820 -0.7310 -1.9084 0.1589 -0.1762 -1.5618 
15.1908 10.1087 -3.7410 -1.3168 2.2475 -1.5884 -1.6536 0.9263 -1.3232 -2.5292 -0.0286 -0.1755 -1.4096 
15.5522 10.4068 -3.3437 -0.2041 3.2873 -1.7543 -2.3778 0.8658 -1.0810 -2.7546 -0.2855 -0.1666 -1.8156 
15.4164 10.2776 -3.7051 -1.0623 2.7015 -1.3945 -1.7650 0.9996 -1.0254 -2.5323 -0.4307 -0.6664 -2.0464 
15.3776 10.0682 -4.0894 -1.4279 2.2748 -1.9151 -2.0140 1.1336 -0.9463 -2.6308 -0.3128 -0.3357 -1.9007 
15.4200 10.2488 -3.6738 -0.9535 2.5509 -1.8057 -1.9389 1.0540 -1.1697 -2.5897 0.0665 -0.1005 -1.8715 
14.5723 9.3326 -4.0774 -0.9877 2.8145 -1.3004 -1.3411 1.6864 -0.6239 -2.4787 -0.3957 -0.8167 -2.5031 
15.4721 10.1352 -4.0178 -1.0601 2.9984 -1.2072 -1.7341 1.0776 -0.8177 -2.1928 -0.1453 -0.7160 -2.2010 
15.2026 9.6011 -4.8280 -1.9997 2.0731 -2.1123 -2.5623 0.5044 -1.1019 -2.3742 -0.2800 -0.7030 -2.2505 
14.3914 9.2004 -4.1051 -1.1357 2.5344 -1.8212 -2.4499 0.2898 -1.3534 -2.3570 -0.0444 -0.3296 -1.8037 
13.8542 8.4838 -4.7800 -2.0324 1.1717 -3.2597 -3.3236 -0.1429 -1.8736 -2.8414 -0.1479 -0.2866 -1.7772 
14.9524 9.6397 -4.3560 -1.7580 1.9977 -2.1848 -2.7021 0.2070 -1.3072 -2.3115 0.0748 -0.0473 -1.4860 
15.4557 10.3033 -3.5757 -0.6619 3.0943 -1.3528 -1.8707 1.0460 -0.9847 -2.6039 -0.3569 -0.3764 -1.6506 
15.4039 10.0621 -4.0933 -1.2053 2.8349 -1.2776 -1.7467 0.9234 -1.2288 -2.6656 -0.3459 -0.5894 -1.9739 
15.2682 10.0751 -3.7808 -0.8828 2.9104 -1.4973 -2.0304 0.8025 -1.4817 -3.3421 -0.9437 -0.6636 -1.9976 
15.9144 10.6522 -4.0331 -1.6425 2.5534 -1.4507 -2.3311 0.3885 -1.1790 -2.5650 -0.4718 -0.5548 -2.0541 
16.1904 10.1401 -5.4244 -2.1897 2.7226 -2.1406 -3.6111 0.0222 -0.7610 -2.4694 -0.6379 -0.3988 -1.6537 
18.6746 10.7012 -7.6136 -1.7705 5.1926 -1.5602 -4.2160 0.2303 -0.5436 -2.5585 -0.2192 0.0173 -1.7552 
23.7428 12.1294 -11.8827 -2.1154 7.6596 -2.2322 -4.9191 2.6448 1.1351 -3.0248 -0.1499 0.6513 -1.4285 
25.7125 12.2072 -13.8797 -1.5965 8.8182 -3.1828 -5.4346 3.2445 0.6543 -3.4480 0.7045 0.8021 -1.9041 
28.0399 13.6645 -14.3489 -1.1028 10.0562 -2.8659 -5.6021 3.0738 0.4060 -3.0049 1.5551 0.6443 -2.4539 
27.0472 11.9201 -15.8176 -1.5064 9.4999 -3.9822 -5.9870 2.9572 -0.8218 -4.4970 0.8055 -0.2274 -3.8037 
27.5098 12.0911 -15.9616 -0.9693 10.4312 -3.4527 -5.6354 3.3275 -0.7630 -4.2660 1.9211 1.0234 -3.3790 
27.9173 12.4350 -15.7368 -0.5908 10.4778 -3.7091 -5.1471 4.6870 0.2466 -4.2591 1.5149 0.9739 -2.9411 
28.2218 12.5363 -15.8626 -0.3305 10.8825 -3.6135 -5.1450 4.6534 -0.0331 -4.3394 2.0624 1.4535 -3.3640 
28.8332 12.6852 -16.2982 -0.1417 11.1907 -4.0719 -5.6557 4.6502 -0.1090 -4.6210 1.9687 1.5185 -3.1300 
29.7796 13.3395 -16.5587 -0.3940 11.2113 -3.9884 -5.3488 5.0505 -0.1057 -4.9324 1.6753 1.1531 -3.5098 
29.2749 12.5941 -17.0985 -0.6108 10.8146 -4.7002 -6.0092 4.3144 -1.0239 -5.4856 1.5566 0.8233 -4.1574 
29.0376 12.8791 -16.5791 -1.0429 10.3046 -4.4318 -5.8156 4.3651 -0.3061 -4.6012 1.9825 1.3852 -3.3093 
30.1462 13.7724 -16.6015 -1.0708 10.5720 -4.1499 -5.6098 4.3146 -0.7742 -5.2046 1.4386 0.7791 -3.7888 
31.1887 14.8546 -16.3496 -1.1841 10.9416 -3.3674 -5.1325 4.5056 -0.3194 -4.4787 2.0418 1.0096 -4.0040 
30.3501 14.4282 -16.1931 -1.9186 9.7499 -3.7762 -5.3322 3.7356 -0.9611 -4.7244 1.4162 0.1560 -4.2908 
30.0812 14.2358 -16.6562 -3.0797 8.9824 -3.6262 -5.2011 3.6083 -0.9809 -4.9074 1.2396 0.5563 -3.8723 
29.7345 15.2962 -14.4870 -2.8198 8.1695 -3.3327 -4.8047 3.2704 -0.6903 -3.8723 1.9084 1.2464 -2.4799 
32.6709 20.7442 -9.0107 -1.0541 7.3150 -3.9792 -5.8914 1.1755 -2.4707 -5.5728 -0.4715 -0.7546 -3.9255 
41.1686 27.8294 -10.1197 -4.3154 7.0328 -2.4304 -5.1508 1.2191 -1.7040 -4.1199 0.3124 -0.7838 -3.2371 
41.8310 28.3232 -10.5000 -5.2735 6.1093 -2.8893 -5.4135 0.5964 -2.3548 -4.1119 0.5075 -1.0939 -3.4074 
42.6436 29.0567 -10.6029 -5.7155 6.1548 -2.4018 -5.2019 0.4612 -2.3441 -3.9494 0.6394 -0.7599 -2.9176 
43.2363 29.2321 -11.3645 -6.5178 5.7064 -2.6840 -5.2861 0.5271 -2.3208 -3.7752 1.0142 -0.7103 -3.2024 
43.7674 30.1660 -10.5772 -6.3820 5.8486 -2.0276 -4.8558 0.3880 -2.2595 -3.2162 1.4569 -0.6701 -3.1416 
44.0491 29.9056 -11.4615 -6.7748 5.7474 -2.5716 -5.4462 0.1644 -2.5675 -3.7855 1.0573 -0.7687 -3.3013 
43.7718 29.8755 -11.2237 -6.8284 5.7350 -2.2431 -5.1953 0.2931 -2.2979 -3.5595 1.2070 -0.4866 -3.1372 
43.6136 29.5123 -11.5681 -6.9497 5.4316 -2.7098 -5.2572 0.4478 -2.4982 -4.0149 0.6780 -1.1667 -3.7493 
43.6648 29.9582 -10.7593 -6.4318 5.7407 -2.1444 -4.6427 0.7967 -2.1609 -3.5639 0.9102 -1.1708 -3.5653 
42.3343 29.2518 -10.1474 -6.3399 5.2959 -2.1563 -4.7520 0.0338 -2.8600 -3.7784 0.7914 -1.4213 -3.9452 
39.8075 27.6485 -8.9569 -5.0767 5.3580 -2.4592 -4.8449 0.3299 -2.3450 -3.7637 0.4468 -1.1947 -3.4480 
37.8251 25.8857 -8.7635 -4.1217 5.4859 -2.8901 -4.3570 1.6626 -1.7771 -4.1138 0.5988 -0.6019 -3.7652 
36.5923 25.7019 -7.4105 -3.6480 5.5504 -2.1559 -4.2512 0.8983 -1.9487 -3.9767 0.1529 -0.7820 -3.2500 
35.3787 25.2974 -6.4832 -3.5064 5.0948 -2.1142 -4.3377 0.4541 -1.8936 -3.6889 -0.0476 -1.1075 -3.4437 
35.2950 24.6822 -7.5279 -3.9734 5.1749 -2.3170 -4.9379 -0.0873 -2.1313 -3.6089 0.1385 -1.2039 -3.9055 
35.8898 25.3660 -7.5679 -4.7052 4.9457 -1.8277 -4.9592 -0.6166 -1.9897 -3.1016 0.0164 -1.3553 -3.3317 
37.7177 27.4748 -7.1078 -6.0594 3.8982 -0.9976 -3.9611 -1.2665 -2.8608 -2.6547 0.4379 -1.9721 -3.4997 
38.9187 28.2403 -7.6649 -6.6109 3.9829 -0.7585 -3.8658 -1.2988 -3.0398 -2.7968 0.5636 -1.7663 -3.4965 
39.0720 28.3250 -7.7744 -6.7226 4.0153 -0.5753 -3.6376 -1.2650 -3.2979 -3.0147 0.7048 -1.5238 -3.6109 
38.1854 27.5855 -7.5056 -6.0081 4.3870 -0.4901 -3.4115 -0.9021 -2.9234 -2.7672 0.5287 -1.9542 -3.7871 
36.1892 26.1436 -7.2109 -5.9856 3.8764 -0.4145 -2.9818 -1.0273 -3.6377 -3.5097 0.3394 -1.5578 -3.5626 
36.4128 26.6197 -6.6771 -5.5774 4.5081 0.3343 -2.7653 -1.0835 -3.2287 -2.9493 0.4586 -1.5605 -3.3603 
36.0313 26.3387 -6.5298 -5.2344 4.8535 0.5152 -2.8998 -1.4319 -3.6045 -3.2972 0.2380 -1.5765 -3.2931 
36.2993 26.1128 -7.0539 -4.9021 5.3068 0.2124 -3.0872 -1.1124 -3.5795 -3.4872 0.4437 -1.2368 -3.0838 
34.8424 25.3262 -6.6495 -5.4294 4.2876 0.0674 -3.0525 -1.4959 -3.8042 -3.6711 0.0207 -1.4332 -3.2113 
34.7134 25.4624 -6.1365 -5.0731 4.4790 0.5775 -2.3365 -1.1821 -3.9037 -3.6505 0.3078 -1.1270 -2.9170 
34.3058 25.2039 -5.8353 -4.6076 4.6982 0.6417 -2.2003 -1.0758 -3.9410 -3.6309 0.4927 -0.9703 -2.8378 
34.3393 24.6370 -6.4758 -3.8144 5.7927 0.2541 -3.0121 -0.8058 -3.4575 -3.8436 0.4291 -0.4278 -2.6043 
32.9369 23.7513 -6.1634 -3.9694 5.3146 0.3469 -2.8824 -0.9604 -3.3652 -3.8550 -0.2441 -1.1021 -2.7401 
31.5032 23.0441 -5.2646 -3.4350 5.2950 0.7695 -2.4930 -1.2410 -3.6680 -3.7623 -0.0645 -0.8485 -2.4597 
30.9053 22.5907 -5.0924 -3.1822 5.0713 0.0876 -3.0140 -1.1429 -3.4362 -3.9786 -0.3149 -0.7613 -2.6472 
29.8334 21.7989 -4.3843 -1.7642 5.7911 0.1043 -2.6707 -0.4714 -3.1388 -3.8459 0.1961 -0.0626 -2.0285 
27.8334 20.1707 -4.1625 -1.2051 5.5989 -0.6954 -3.3557 -0.3910 -2.7016 -3.9479 -0.0894 0.1029 -2.1789 
28.2447 18.8743 -6.4584 -0.7928 6.9230 -1.0286 -3.0219 1.6314 -1.5652 -4.0932 -0.2830 -0.6131 -2.9852 
28.2587 19.0224 -7.0623 -2.7664 5.5064 -0.8415 -2.9785 0.9273 -1.6234 -3.4529 0.1134 -0.2909 -2.5033 
27.4769 18.0991 -7.2504 -2.2643 5.7229 -0.9727 -2.6899 1.2181 -1.9857 -3.7580 0.2382 -0.5170 -3.0806 
24.4467 15.7851 -6.8241 -1.7482 5.3703 -1.3484 -3.0471 0.7945 -2.1052 -3.7361 0.2193 -0.4137 -3.2352 
24.3825 15.4455 -7.3763 -1.9805 5.4373 -1.4360 -3.1711 1.1014 -1.5877 -3.6899 -0.2285 -0.6855 -2.9725 
23.5227 14.1301 -8.3291 -2.1146 5.3165 -2.0193 -3.4944 1.1653 -1.7315 -3.8558 -0.0317 -0.5837 -3.4310 
23.4972 14.3126 -7.7540 -1.3505 5.9665 -1.6694 -3.2661 1.6981 -0.8755 -3.0745 0.5918 0.1083 -2.6410 
32.0513 18.1310 -13.6493 -4.1290 7.6922 -1.8479 -4.0405 2.4050 -1.1552 -3.5914 1.7620 0.8297 -2.8923 
33.4849 18.9124 -14.5950 -5.0793 7.2264 -2.7244 -5.3201 1.2261 -2.5013 -5.1501 0.7117 0.4139 -3.3478 
31.9906 18.8714 -13.0028 -5.1988 7.1254 -0.6494 -3.6515 1.3232 -1.8231 -3.9635 1.0897 0.8799 -2.2979 
29.4496 17.3376 -12.7367 -6.4952 5.5618 -0.0391 -2.5910 1.4937 -1.3412 -3.5365 0.4661 0.5183 -1.5735 
27.3963 16.9475 -10.0950 -4.7640 5.7781 0.7651 -1.5306 1.7504 -1.0695 -2.8901 0.5529 -0.1214 -2.3666 
30.0937 21.6523 -5.2059 -2.4867 5.1867 -0.8848 -3.1310 0.8170 -1.4855 -4.2075 -1.7189 -1.3286 -2.0625 
31.5006 23.9061 -3.5335 -2.9209 3.5685 -1.5605 -2.7940 1.0236 -1.4339 -3.9108 -1.6128 -1.7405 -2.3748 
33.4262 25.6566 -3.4745 -3.5987 2.9402 -2.2469 -3.5749 0.6972 -0.8214 -2.9023 -1.6221 -3.1251 -3.4275 
35.1399 26.5919 -4.4389 -4.3078 2.9016 -2.6506 -4.2246 0.3739 -0.8635 -2.8303 -1.8189 -3.8330 -3.8304 
36.3379 27.5688 -4.7497 -5.0669 2.7418 -2.1120 -3.6939 0.3232 -1.3156 -3.1079 -1.7823 -3.7943 -3.7933 
37.2702 27.9892 -5.3555 -5.2287 3.3306 -1.3852 -3.0851 0.4007 -1.9114 -3.4909 -1.5818 -3.7203 -3.8072 
38.1186 28.2962 -6.2549 -5.8713 3.6878 -0.6846 -2.6702 0.4397 -2.1959 -3.8399 -1.5624 -3.2731 -3.3823 
38.9983 28.3567 -7.6190 -6.6928 4.0189 -0.1060 -2.4008 0.2219 -2.7654 -4.1374 -1.3943 -3.0476 -3.3451 
38.3543 27.4378 -8.3474 -7.1837 3.3835 -0.7769 -2.7761 -0.5019 -4.3063 -5.4247 -1.7160 -3.4060 -4.3602 
38.8101 27.9848 -7.6899 -5.9297 5.0112 0.5131 -1.8713 0.3390 -3.7713 -5.2068 -0.9764 -1.9811 -3.2300 
39.0950 27.5546 -8.5858 -5.5411 6.0922 0.8685 -1.8951 0.4130 -3.9082 -5.3043 -0.6247 -1.4983 -3.0261 
39.1713 27.4270 -9.1321 -6.2010 5.7827 1.0398 -1.7594 -0.1196 -4.7562 -5.4632 -0.1916 -1.5869 -3.7002 
38.6685 27.2475 -8.9724 -6.4375 5.8569 1.5713 -1.9579 -0.8549 -4.9202 -5.4211 -0.3791 -1.3663 -3.2894 
39.9556 27.3304 -10.0874 -5.5475 7.3548 1.2987 -2.1597 0.2068 -4.6308 -6.1727 -0.2619 -0.4848 -3.0860 
37.7231 25.9821 -9.9643 -7.0521 5.4129 1.0070 -2.8073 -2.0462 -6.2575 -6.4864 -1.0395 -1.9601 -4.1328 
37.7518 26.4363 -8.8414 -5.5454 7.1542 2.6003 -1.8389 -1.3627 -5.2120 -5.1493 0.2234 -0.8493 -3.1478 
37.6157 26.6557 -8.5883 -6.0706 6.6735 2.6293 -2.2518 -1.9867 -4.9443 -4.6016 0.1175 -0.9852 -3.0126 
37.6309 26.7743 -8.3738 -5.9116 6.8240 2.8850 -1.9850 -1.8562 -4.9503 -4.6842 -0.0422 -1.2299 -3.1915 
37.3954 26.3771 -8.3169 -4.9863 7.5779 2.7201 -2.2434 -1.5852 -4.5890 -4.5631 0.0019 -1.0532 -2.9222 
36.8920 25.9504 -8.4121 -5.3091 6.8890 2.2333 -2.1468 -1.2563 -4.5831 -4.9466 -0.3755 -1.1900 -3.0883 
36.0162 25.6599 -7.8640 -5.5114 6.3788 2.4035 -2.0478 -1.6416 -4.6492 -4.7166 -0.4067 -1.1655 -2.8371 
35.4309 25.2926 -7.5265 -4.9407 6.8842 2.6505 -2.1464 -1.7752 -4.6684 -4.7851 -0.3629 -0.8971 -2.6662 
34.5121 24.7031 -6.8571 -3.8966 7.1899 2.1519 -2.5116 -1.2918 -3.8044 -4.4628 -0.5782 -1.0262 -2.7349 
33.8468 24.1903 -6.9066 -4.3008 6.4635 2.0479 -1.9825 -1.1340 -4.2100 -4.7423 -0.5480 -0.9109 -2.6012 
32.5630 23.1594 -6.6491 -3.4817 7.3092 2.6386 -1.7797 -0.8608 -3.6647 -4.5958 -0.9486 -1.0206 -2.1079 
31.8029 21.8491 -7.3836 -2.7954 7.7222 1.6777 -2.3077 -0.0685 -3.1970 -5.1062 -1.3141 -0.9573 -2.2760 
30.7671 20.8354 -7.4673 -2.7239 6.8419 0.6269 -1.9404 1.2250 -2.3796 -4.5843 -0.6293 -0.7225 -2.6244 
30.5229 19.4488 -9.2061 -2.3623 8.1373 0.4412 -2.8056 1.0679 -2.3694 -4.5612 -0.1546 -0.5930 -3.2704 
30.4014 18.8877 -9.9965 -2.7470 7.7056 -0.1921 -2.6707 1.8504 -2.3579 -5.4361 -0.6766 -0.3520 -2.8970 
28.5434 17.1292 -10.2224 -2.5047 7.2991 -1.0322 -3.2732 1.4147 -2.8314 -5.5062 -0.0695 0.3130 -2.8452 
27.8357 16.7950 -9.4902 -1.9117 6.9393 -1.1143 -2.2141 2.2616 -2.8319 -5.0804 0.7093 0.1703 -3.1239 
26.9991 15.8025 -9.5310 -1.1484 6.8214 -2.1582 -2.4408 2.8437 -2.5906 -4.9969 0.8986 0.0374 -3.4508 
25.9643 14.4189 -10.1010 -0.3240 7.9845 -1.8457 -2.5453 3.0150 -2.4938 -5.2827 0.6036 -0.0125 -3.2600 
26.7128 14.4025 -11.1901 -0.3589 9.0117 -1.7641 -3.4303 2.8577 -1.9844 -5.2642 0.5521 0.5588 -2.9437 
27.7540 14.4466 -12.8960 -1.5034 8.9174 -2.1355 -4.0963 2.7188 -1.8012 -5.2651 0.4109 0.3755 -2.9919 
28.5234 14.3911 -14.2855 -2.4442 8.7106 -2.3311 -4.1919 2.7774 -1.7267 -4.8253 0.9481 0.1644 -3.5407 
29.1324 15.6010 -13.5165 -3.3989 6.9717 -3.8111 -5.6167 2.0433 -1.3130 -4.6971 0.2400 -0.1262 -3.4277 
30.7328 20.5798 -6.9074 -1.1116 6.1332 -3.3805 -4.8428 1.8656 -0.5497 -3.0905 0.9426 0.2985 -2.6129 
39.7020 27.6194 -8.7638 -4.8379 5.1234 -3.6189 -6.3169 -0.2017 -1.9061 -3.3246 0.7901 -0.6529 -3.4026 
42.6944 29.5519 -9.6372 -5.2324 5.6350 -3.4119 -5.9665 0.3253 -1.6721 -2.5582 2.0759 -0.1259 -3.1785 
42.3847 29.2831 -10.0393 -6.2380 4.5865 -4.0385 -6.6418 -0.5632 -2.3463 -2.9522 1.7584 -0.4749 -3.6985 
42.3044 29.2874 -9.9110 -6.2125 4.5620 -3.8013 -6.2134 -0.2731 -2.0671 -2.4324 2.2506 -0.1844 -3.3026 
42.6673 29.7088 -9.5664 -5.7803 5.0193 -3.4492 -5.8775 0.0273 -2.0217 -2.4748 2.5203 0.1875 -3.2351 
43.4878 30.2073 -10.2602 -6.5832 5.2547 -2.9605 -6.2304 -0.3540 -1.6743 -2.3561 2.0556 0.0731 -3.1167 
43.5674 29.9841 -10.9605 -7.3094 4.6689 -3.5228 -6.6661 -0.6711 -2.1114 -2.7517 1.8733 -0.4182 -4.0235 
43.5427 29.9552 -10.9571 -7.2073 4.9097 -3.2659 -6.5231 -0.4650 -1.6683 -2.3690 2.0082 -0.1209 -3.5029 
43.0399 29.6573 -10.9110 -7.5750 4.3896 -3.2451 -6.3484 -0.7802 -2.1524 -2.6103 1.6860 -0.7166 -3.9501 
43.5295 30.1697 -10.7398 -7.4416 4.8028 -2.8272 -6.1590 -0.4832 -1.7618 -2.5564 1.7018 -0.2835 -3.6007 
44.1536 30.4770 -10.9843 -7.2142 5.3355 -2.8030 -6.3018 -0.1422 -1.2536 -2.2396 2.0177 -0.0090 -3.4788 
42.6393 29.4980 -10.6341 -7.5567 4.1698 -3.2256 -6.2482 -0.8086 -1.9510 -2.2169 1.7273 -0.8744 -3.8190 
42.8161 30.0149 -9.7452 -6.7366 4.6413 -2.8962 -5.7380 -0.1702 -1.5188 -1.9457 2.2094 -0.3146 -3.5600 
41.6409 29.5494 -9.1810 -7.2480 3.6058 -3.0118 -5.8323 -0.9312 -1.9019 -1.9025 1.7928 -0.8125 -3.6572 
41.6574 30.0465 -8.6084 -7.4592 3.5617 -2.3897 -5.6033 -0.9881 -1.4146 -1.5451 1.6306 -0.5400 -3.0903 
41.2594 29.6274 -8.7330 -7.3207 3.8212 -2.2181 -5.5222 -0.8092 -1.2141 -1.5153 1.6195 -0.4735 -3.0304 
42.0850 30.1446 -8.7052 -6.7391 4.4421 -2.0714 -5.1383 -0.2750 -1.1827 -1.4231 2.1255 -0.3699 -3.2787 
42.4237 30.3032 -9.0962 -7.2145 4.2738 -2.1707 -5.2795 -0.1554 -1.0471 -1.7932 1.6508 -0.3681 -3.1632 
42.2792 29.2791 -10.9381 -8.4470 3.5587 -3.2695 -6.3354 -0.6923 -1.8467 -3.2028 0.4632 -1.0267 -3.8772 
42.7545 29.7594 -10.8231 -8.4713 3.8115 -2.6111 -5.7191 -0.5921 -2.0470 -3.2348 0.6029 -0.7732 -3.2979 
43.8500 30.5554 -10.7298 -8.0306 4.2931 -2.2493 -4.9308 0.0380 -1.9955 -2.8321 1.2198 -0.7922 -3.0329 
43.7670 30.8573 -10.0893 -7.7874 4.3199 -1.9729 -4.5450 0.3860 -1.7670 -2.8706 1.2416 -0.4562 -2.8272 
43.0131 30.2970 -10.2353 -8.2253 4.0570 -1.7776 -4.6668 -0.1847 -2.2950 -3.4359 0.6926 -0.6242 -2.9205 
42.7730 30.0511 -9.9950 -7.4063 4.8072 -1.4092 -4.4397 -0.2296 -2.6549 -3.5608 0.9048 -0.4372 -2.5881 
41.7668 29.7920 -9.1194 -7.2751 4.6370 -0.6870 -3.8625 -0.6915 -3.1869 -3.6735 0.7843 -0.3630 -2.2775 
41.1390 28.9643 -9.5385 -7.1662 4.6798 -0.9697 -4.0452 -0.7982 -3.6733 -4.4652 0.0972 -0.7073 -2.1682 
41.0475 29.2545 -9.2005 -7.5603 4.4218 -0.6388 -4.1293 -1.2281 -3.5407 -4.1216 0.2110 -0.4618 -2.0567 
40.3194 28.5949 -9.1985 -7.1391 5.0247 -0.0860 -3.8224 -1.0897 -3.5022 -4.3013 -0.1220 -0.6913 -2.0394 
40.2485 28.5006 -8.9187 -6.3898 5.4476 -0.1094 -3.4915 -0.5492 -3.4752 -4.4550 0.0783 -0.4529 -2.0446 
39.3459 28.5186 -7.8159 -6.4542 4.8858 0.2922 -3.2625 -1.2053 -3.7724 -4.2799 -0.2297 -0.9305 -2.2269 
37.4993 27.5521 -6.6756 -5.6733 4.5885 -0.0469 -3.3504 -1.1574 -3.7265 -4.7032 -0.8417 -0.9123 -1.9226 
36.5412 26.5216 -7.1754 -6.0796 3.9776 -0.5903 -3.5221 -0.9173 -3.0836 -4.0180 -0.8449 -1.6149 -2.5316 
34.2675 24.9989 -6.3665 -5.2612 3.9429 -0.6482 -3.2351 -0.3149 -2.5767 -4.3042 -1.3771 -1.3424 -2.1045 
34.1405 23.2759 -8.4567 -4.4692 5.0800 -1.8100 -3.7275 1.0756 -2.3346 -5.1044 -0.5816 0.1011 -2.0336 
33.8717 21.5888 -10.6005 -4.1924 6.0458 -2.8846 -5.0606 1.3765 -1.9216 -5.4392 -0.5081 0.6196 -1.9324 
32.5523 19.9633 -11.3446 -3.9352 6.4754 -2.6755 -4.8062 1.4758 -2.0798 -5.3458 -0.2829 0.4461 -2.0765 
31.7833 19.0890 -11.6007 -3.6074 6.8257 -2.5489 -4.6759 1.7037 -1.7017 -4.7592 0.1800 0.5988 -1.9059 
31.6636 18.9807 -11.6289 -3.9878 5.6935 -3.7389 -5.1263 1.4196 -2.3837 -5.1974 0.1460 0.2395 -2.3657 
30.4127 18.2523 -11.0707 -3.5139 6.1510 -2.7017 -4.2759 1.5446 -2.4013 -5.2767 -0.4453 -0.5881 -2.8424 
29.2269 17.5252 -10.9485 -4.1077 5.2468 -2.9403 -4.3158 1.4597 -2.2508 -5.2998 -0.7053 -0.5959 -3.0990 
27.9529 17.0674 -10.0469 -3.9954 4.7129 -3.1620 -4.7704 0.8562 -2.2199 -5.1514 -0.8573 -0.5088 -3.1874 
26.9151 17.1600 -8.6480 -3.9991 4.2662 -1.9238 -3.0807 1.6438 -1.4035 -4.1026 -0.4034 -0.2626 -2.5067 
24.8902 15.8056 -8.2567 -4.2271 3.2155 -2.5969 -3.6617 0.9700 -1.3414 -3.6447 -0.4705 -0.1662 -1.4663 
24.9334 15.7362 -8.5120 -4.3638 3.4265 -2.2736 -3.4416 1.2811 -0.9406 -3.5135 -0.5210 0.0091 -1.2727 
23.4962 15.4912 -6.8193 -3.5367 3.5761 -1.2586 -2.7296 0.5124 -1.9539 -3.8509 -0.7846 -0.5354 -1.7999 
22.7150 15.2087 -5.8155 -2.5518 3.5003 -1.7880 -2.7358 1.0678 -1.1409 -2.9800 -0.3144 -0.6223 -1.8573 
22.6815 15.1095 -6.1372 -3.0974 3.1118 -1.7431 -2.3834 1.4813 -0.9212 -3.0685 -0.4262 -0.6108 -2.2036 
22.2146 14.5685 -6.4523 -3.1750 3.2543 -1.6605 -2.6198 1.2190 -0.8085 -2.7340 -0.2230 -0.6325 -2.4564 
21.9876 14.1514 -7.1385 -4.1818 2.1525 -2.5454 -3.3782 0.3208 -1.5531 -2.8197 0.1827 -0.1762 -1.9341 
23.4316 14.8552 -7.9781 -3.9444 4.2843 -0.5463 -2.8881 -0.0785 -1.8367 -2.4740 0.7987 -0.5591 -3.4470 
20.7659 13.4410 -6.2468 -2.8458 3.2751 -1.3743 -2.0810 1.4255 -1.0791 -3.2090 -0.7119 -1.0949 -2.8661 
21.0235 13.2748 -6.7732 -2.7764 3.4496 -1.9790 -3.1452 0.4346 -1.9120 -3.7058 -0.6205 -0.2446 -1.5304 
20.1899 13.1367 -5.4649 -1.7185 3.3967 -2.1579 -2.6545 1.1173 -1.5428 -3.3236 -0.0107 -0.0086 -2.0070 
20.0818 13.1497 -5.5427 -2.2360 3.1346 -1.6808 -2.1188 1.3431 -1.1776 -2.8376 0.1929 0.1251 -1.5594 
19.2338 12.6232 -5.2038 -1.9891 3.0155 -1.8991 -2.4594 0.9546 -1.4207 -2.9611 0.2484 0.3504 -1.5435 
18.9447 12.4775 -4.8810 -1.5908 3.1843 -1.4986 -1.4184 2.1742 -0.5697 -2.5736 0.0458 -0.4039 -2.3877 
18.6574 12.2122 -4.9777 -1.5802 3.4716 -1.0854 -1.3885 1.7619 -1.0299 -2.8195 0.1015 -0.0123 -1.6384 
19.1887 13.0527 -4.1898 -1.3516 2.9571 -2.0122 -2.4138 0.9003 -1.3072 -2.5626 0.1836 -0.3743 -2.0571 
25.7415 16.0736 -9.8078 -5.5727 5.0039 0.8589 -2.6219 -0.0627 -0.9150 -1.4951 1.2101 0.5205 -1.3009 
33.9871 19.2262 -15.6321 -7.1826 6.2397 -1.9910 -4.9255 0.6402 -2.6604 -5.1184 -0.1636 -0.1704 -2.3682 
33.0179 17.6135 -15.9448 -4.7892 8.4683 -2.0367 -5.0912 1.5024 -1.9381 -4.1458 1.5524 0.8787 -2.0829 
33.7792 17.9531 -16.5132 -4.8903 9.3953 -0.8858 -4.1724 2.4048 -1.3125 -4.2293 1.1998 0.8760 -1.9402 
34.2874 18.3804 -16.8091 -5.7800 8.7211 -0.7182 -3.7452 1.8909 -2.7891 -5.3001 1.3103 1.3528 -1.9902 
34.5233 18.9221 -16.1827 -5.6088 8.3662 -1.3593 -4.3080 1.8643 -2.5696 -5.7058 0.3997 0.8215 -2.0949 
32.8290 17.5232 -16.3606 -5.8872 8.1762 -0.7249 -3.7838 1.4278 -3.1439 -5.8068 0.3248 0.8240 -1.4757 
33.7966 18.9473 -15.5775 -6.3897 7.3723 -1.0970 -4.1459 1.4316 -2.2262 -5.0355 -0.0038 -0.0055 -2.4041 
32.7232 18.5820 -14.7618 -6.3449 6.8064 -0.8905 -3.5689 1.4080 -2.6993 -5.6651 -0.6092 -0.0831 -2.1129 
31.4087 18.0855 -13.8240 -6.1624 6.3494 -0.7970 -3.5302 0.9280 -2.8085 -5.0914 0.2483 0.9089 -1.3391 
32.4260 21.1281 -9.5643 -3.6727 7.7598 1.1602 -2.4105 0.6687 -2.8380 -4.9428 -0.3751 0.2634 -1.4793 
33.9942 23.6906 -7.7928 -4.0622 7.0292 1.3384 -2.8995 -0.6744 -3.5551 -5.3658 -1.3583 -0.7211 -2.2382 
35.8833 25.3172 -7.6620 -4.1539 7.3509 2.0259 -2.2296 -0.7873 -4.0098 -4.8709 -0.5869 -1.0158 -2.5111 
37.3389 26.2866 -8.4437 -5.2892 7.0369 2.3991 -1.8963 -1.0443 -4.6239 -5.0412 -0.2947 -1.0488 -2.8107 
38.2169 26.8295 -8.6609 -5.3522 6.8457 1.8073 -1.9943 -0.5365 -4.4597 -5.2026 -0.1876 -0.9556 -2.9996 
38.8497 27.3296 -8.9015 -5.9577 6.4705 1.9364 -1.6645 -0.5079 -4.6042 -4.9754 0.2225 -0.9888 -3.1636 
38.3683 27.2033 -8.5353 -5.8874 6.6347 2.4698 -1.5268 -0.7703 -4.5804 -4.9192 -0.0325 -1.0516 -2.9154 
38.7576 27.2166 -9.1071 -6.3661 6.0296 1.5417 -2.1855 -1.0240 -4.8058 -5.1431 -0.3382 -1.6079 -3.4384 
38.6269 26.9203 -9.6556 -7.0219 5.5697 1.2635 -2.5726 -1.6335 -5.5103 -5.7562 -0.8138 -2.1545 -4.0718 
39.2814 27.6460 -9.0619 -6.3409 6.1176 1.8346 -1.6984 -0.9889 -5.2694 -5.1607 0.0921 -1.6422 -3.6157 
39.1083 27.7871 -8.4916 -6.0504 5.9506 1.6435 -1.6137 -0.5293 -4.5715 -4.7496 -0.0346 -1.8437 -3.5690 
39.8052 27.8750 -9.1777 -6.1069 5.9117 0.7859 -2.2630 -0.4032 -4.3957 -4.7108 0.0044 -2.0535 -3.8826 
39.1895 28.1169 -8.0931 -6.1955 5.2779 0.9687 -1.9903 -0.5697 -4.3467 -4.4507 0.0365 -2.3015 -4.3470 
38.6263 27.5226 -8.3165 -6.3385 4.7745 0.0385 -2.8935 -0.8748 -4.0601 -4.3298 -0.4956 -2.9367 -4.6280 
37.5006 27.5322 -6.6984 -5.8235 4.2758 0.0468 -2.7667 -0.9262 -3.6126 -3.7908 -0.4848 -2.9333 -4.4943 
37.3859 27.8485 -5.7859 -5.0283 4.6766 0.0882 -3.0110 -0.9139 -2.9982 -3.0630 0.1175 -2.1810 -3.9945 
36.1539 27.2935 -4.7872 -4.2821 4.5316 -0.2455 -3.3055 -1.0604 -2.6243 -2.5329 0.1393 -2.3826 -3.9181 
35.7282 25.9897 -6.1891 -4.2922 4.4757 -1.7964 -4.6615 -1.1242 -2.9822 -3.8165 -0.6853 -2.3084 -4.0061 
34.2099 26.1351 -3.9945 -4.0247 3.7980 -0.6505 -3.4964 -1.6945 -3.2588 -2.7536 0.2998 -1.7695 -3.4138 
33.9644 25.6399 -4.7287 -4.8549 3.0179 -1.2002 -3.7066 -1.7272 -3.2214 -2.5424 0.4452 -2.1318 -3.9796 
35.1216 25.6948 -6.3878 -5.3341 4.0823 -0.6473 -3.8672 -1.3619 -2.4614 -2.2042 0.4776 -2.0074 -3.8158 
33.8408 25.1477 -5.5461 -4.9859 4.1002 -0.1138 -3.7115 -1.9651 -2.8769 -2.5744 -0.5008 -2.7660 -3.5677 
36.1194 26.3704 -6.0950 -4.1657 4.9612 -1.1649 -4.2584 -0.7394 -2.2804 -3.1615 -0.4739 -2.1770 -3.5736 
35.6439 25.3383 -7.9006 -6.0629 4.3250 -0.5696 -3.9419 -1.3030 -2.8720 -3.3384 -0.7230 -2.6038 -3.6105 
34.9913 25.0455 -8.0707 -7.2381 3.5502 -0.0057 -3.7327 -2.1187 -3.5177 -3.6696 -1.1088 -2.4979 -2.9525 
32.2108 22.7934 -7.3885 -5.5554 4.2499 -0.1039 -3.4387 -1.0708 -2.3009 -2.7992 -0.4472 -1.7281 -2.2718 
34.9845 24.6835 -8.3987 -6.4184 5.1227 1.0710 -3.3769 -2.1746 -3.8753 -3.7979 -0.4283 -1.3942 -2.1748 
33.3152 23.8112 -6.6700 -4.3060 5.4035 0.7879 -2.1918 -0.5058 -3.3037 -3.7134 -0.2165 -1.5207 -2.3419 
39.7563 27.5402 -10.5866 -8.0840 5.4611 1.4079 -3.0625 -2.0118 -4.6040 -4.1579 0.1107 -1.6584 -3.0841 
36.3331 25.8175 -7.9231 -5.4330 6.1993 1.8957 -2.1630 -1.2047 -3.9981 -3.8757 0.2533 -1.1105 -2.5595 
38.6657 27.1929 -9.2741 -6.9649 5.5636 1.5513 -2.2758 -1.3315 -4.6692 -4.5143 0.2583 -1.0433 -2.7465 
37.5405 26.1383 -9.1077 -6.0251 5.8647 0.4484 -3.8939 -2.2659 -5.0241 -5.0844 -0.6107 -1.7224 -3.0750 
38.9525 27.2316 -9.1011 -5.6075 6.9188 1.1468 -3.4608 -1.4614 -4.2810 -4.7539 0.0440 -0.5693 -2.3497 
40.4130 27.6221 -10.7566 -6.6148 7.3319 1.8612 -2.8389 -1.2740 -4.8926 -5.1524 0.5670 -0.2520 -2.7571 
41.0315 27.6006 -11.7338 -7.1700 7.1887 1.5635 -3.1394 -1.7828 -5.7083 -5.4705 0.7028 -0.6072 -3.2843 
39.8682 27.6276 -10.0617 -6.5311 7.2699 2.6120 -2.1366 -1.4549 -5.2934 -5.4346 0.0700 -0.5540 -2.5730 
39.2792 27.4373 -9.8144 -6.9564 6.8462 2.9931 -2.0127 -2.1524 -5.6795 -5.1969 -0.1533 -1.5508 -3.5111 
38.7661 27.2783 -9.3579 -6.8657 6.3782 2.4004 -2.5505 -2.4020 -5.5465 -5.0819 -0.0295 -1.0241 -3.1492 
38.1343 27.2014 -8.4428 -6.2230 6.5225 2.6658 -2.2059 -2.2093 -5.3614 -4.8581 0.3604 -0.2112 -2.3348 
37.3565 26.6250 -8.4372 -6.4847 5.9902 2.3650 -2.5336 -2.8352 -5.7319 -4.7423 0.2454 -0.8194 -2.6797 
37.0244 26.8745 -7.5988 -6.1805 6.3111 3.3367 -1.7361 -2.4442 -5.2129 -4.4939 0.0359 -0.6298 -2.1223 
35.9770 26.1466 -7.2948 -5.9748 5.9235 2.8152 -2.1186 -2.6749 -5.1647 -4.2351 0.0856 -1.1405 -3.0785 
35.6493 25.3485 -7.8498 -5.3032 6.8205 2.9294 -2.0316 -2.3006 -5.1856 -4.3760 0.5297 -0.4222 -2.5474 
35.5885 25.7201 -7.3866 -5.7165 6.3428 3.2684 -1.7316 -2.5444 -5.1372 -3.7445 1.0913 -0.2919 -2.6253 
36.9269 25.5544 -9.8051 -6.7294 7.3064 3.9512 -1.8517 -2.8827 -5.7823 -4.4839 0.5178 -1.0982 -3.4277 
34.7819 24.2876 -8.9895 -6.1973 7.6448 4.7462 -1.6970 -3.0447 -5.0209 -3.9768 -0.1279 -1.1563 -2.4246 
31.4130 22.2270 -7.4310 -5.3463 6.1639 3.5968 -1.1996 -2.2918 -4.8527 -4.0197 -0.1236 -1.0285 -2.2694 
31.3948 22.0717 -7.8337 -5.7035 6.1828 3.6440 -1.5604 -2.6542 -4.7809 -3.9426 -0.4370 -1.3842 -2.2839 
28.5346 19.9775 -6.7545 -4.1705 5.9781 2.8981 -1.1126 -1.7490 -4.8272 -4.4166 -0.2167 -0.9425 -2.6402 
27.8736 18.6231 -7.9177 -4.1403 5.8279 1.6310 -1.7079 -0.9396 -4.4387 -4.9273 -0.1443 -0.2863 -2.7848 
26.4819 18.7855 -5.7424 -3.7415 4.7708 1.5620 -1.4413 -1.1813 -4.1540 -4.4501 -0.6413 -0.9325 -2.7020 
24.9517 16.8798 -7.0056 -4.4400 4.2155 0.9631 -2.1126 -2.0434 -4.9428 -4.7312 -0.7996 -1.5975 -3.4558 
24.5043 16.7306 -6.5817 -4.1491 4.4034 1.5883 -0.9862 -0.6202 -3.4942 -3.6625 0.0023 -0.4283 -1.9960 
22.6597 14.8215 -6.9647 -3.6526 4.4025 1.0258 -0.9924 0.1025 -2.9238 -3.5757 -0.0893 -0.6295 -2.4375 
24.5675 16.4043 -6.7407 -3.6473 3.5660 -0.9075 -2.1390 0.4106 -2.6371 -3.7906 0.0119 -0.0772 -1.8653 
25.6489 16.5853 -8.2202 -4.7490 3.0777 -1.8402 -2.9747 0.3233 -2.9750 -4.7522 -0.5277 -0.2075 -2.4626 
23.6542 14.8430 -7.7259 -3.0714 4.2067 -1.1940 -2.0066 1.2706 -2.2179 -3.7982 -0.0804 -0.7322 -2.7109 
22.4452 14.1766 -7.3475 -3.3499 3.4736 -1.3711 -2.0581 0.9893 -2.2722 -3.7000 0.0683 -0.0602 -1.8482 
21.4653 14.2060 -5.5752 -1.9632 4.0187 -0.8808 -1.8315 0.8213 -2.3125 -3.7124 -0.2723 -0.5337 -2.2517 
20.7818 13.7779 -5.3895 -2.0099 3.6825 -1.0289 -1.7776 1.0250 -1.9015 -3.3868 -0.1880 -0.2180 -1.4082 
20.2571 13.3031 -5.6990 -2.3913 3.7745 -0.5676 -1.8969 0.4729 -1.9891 -3.0093 0.2161 -0.1285 -2.0369 
19.9534 12.9532 -5.7367 -2.3031 3.3060 -1.4767 -2.4010 0.4095 -2.1062 -3.1098 0.1495 -0.5037 -2.5553 
19.4934 12.9359 -5.2053 -2.2659 3.1219 -1.2744 -2.0663 0.7658 -1.8246 -3.3414 -0.0982 0.0186 -2.0115 
21.3268 12.9629 -7.4425 -2.3668 4.0226 -2.3385 -3.2623 1.1220 -1.5021 -3.4807 0.0778 -0.0413 -2.3168 
27.3950 14.4686 -13.5884 -4.2723 6.8616 -1.9019 -4.1722 1.6621 -1.8033 -4.3158 1.0404 0.5134 -3.7048 
30.9385 18.1872 -11.8479 -3.1925 7.6300 -1.7700 -4.0916 2.1239 -1.3763 -4.0565 1.3219 0.7990 -3.1506 
31.8577 22.0164 -6.5621 -1.8646 6.2917 -2.2589 -5.1143 0.3334 -1.2104 -3.0113 0.5738 -0.3492 -3.4441 
38.1983 26.3037 -8.6615 -4.4059 4.7126 -4.5320 -6.6904 -0.0497 -2.0528 -3.8472 0.5447 -0.6293 -3.8309 
41.9274 29.0659 -9.5487 -5.4940 5.2680 -3.3493 -5.8439 0.3094 -1.6403 -2.6520 1.9133 0.0001 -3.0704 
43.2679 29.3416 -10.9777 -6.0496 5.4523 -3.7694 -6.2314 0.3558 -1.8500 -2.7819 2.2668 0.0462 -3.4486 
42.3471 29.0001 -10.7051 -6.8525 4.5159 -3.7291 -6.4493 -0.5140 -2.2104 -2.8261 1.7606 -0.4584 -3.7195 
41.6312 29.7239 -8.7391 -6.6942 4.1425 -2.7369 -5.6662 -0.3062 -1.1601 -1.8804 1.6309 -0.2286 -2.9154 
40.4482 29.0176 -8.0236 -5.9496 4.0607 -3.1608 -5.8350 -0.3393 -1.5237 -2.4316 1.5885 0.1058 -3.0766 
41.2147 29.4794 -8.6182 -6.8905 3.6268 -2.8174 -5.3048 -0.3549 -1.8029 -2.4962 1.2562 -0.5437 -3.1199 
41.5650 29.9229 -8.6310 -7.4594 3.3479 -2.4219 -4.9166 -0.3186 -1.7613 -2.2429 1.5628 -0.5465 -3.5045 
40.9972 29.7250 -7.8334 -6.3960 3.8900 -2.5691 -5.1355 0.0089 -1.4404 -2.5495 1.5299 0.2642 -3.1060 
40.0231 28.8716 -7.9004 -6.5120 3.2887 -3.0476 -5.2246 -0.1962 -1.7460 -2.6340 1.2292 -0.3888 -3.2900 
39.5295 28.8087 -7.3935 -6.4816 3.1193 -2.8383 -5.1546 -0.3889 -1.6055 -2.4591 0.8408 -0.8239 -3.2481 
39.3003 28.5876 -7.5511 -6.7270 3.0391 -2.4715 -4.6790 -0.3819 -2.1326 -3.0944 0.5504 -0.6535 -3.0306 
39.0523 28.8518 -7.0917 -7.0650 3.1365 -1.3427 -4.1368 -0.7230 -2.2747 -3.4002 -0.2365 -0.7057 -2.0062 
39.7477 28.6656 -8.0977 -6.8224 3.8818 -1.1353 -3.5232 0.0577 -2.2770 -3.1170 0.7800 -0.4955 -2.5494 
39.1060 28.4765 -7.6509 -6.9578 3.3762 -1.4383 -4.0835 -0.7605 -2.8098 -3.6922 -0.0765 -0.8881 -2.3208 
38.9778 28.4002 -7.3440 -6.3228 3.9028 -0.9534 -3.4471 -0.4757 -2.9165 -3.2753 0.8614 -0.4814 -2.4639 
38.8168 28.2901 -7.4779 -6.5459 4.1043 -0.4932 -3.5484 -0.9523 -3.0877 -3.3811 0.4965 -0.8012 -2.6981 
38.7501 28.3674 -7.3273 -6.7165 3.8795 -0.2028 -2.9574 -0.6891 -3.1854 -3.5776 0.1760 -1.1224 -2.6531 
37.8302 27.5678 -7.1846 -5.9488 4.7456 0.1638 -3.3095 -1.1812 -3.3895 -3.8520 -0.2696 -1.2941 -2.6005 
36.9708 26.4462 -7.9670 -6.1732 4.8700 -0.0335 -4.1735 -2.3273 -4.4715 -4.9859 -1.3638 -1.9295 -2.8177 
36.4346 26.6053 -6.8395 -5.6838 4.7564 0.6464 -2.5310 -0.6502 -3.2799 -4.2727 -0.9945 -1.7563 -2.7143 
34.8118 25.8958 -5.7611 -5.3003 4.3366 0.7520 -2.1223 -0.2211 -2.4970 -3.7372 -1.0580 -1.4362 -1.8497 
33.4405 23.4407 -7.6005 -4.8856 4.6676 -1.1955 -3.9432 0.1963 -1.6590 -3.9173 -1.2495 -1.4438 -2.6482 
34.4985 22.5880 -10.0373 -4.0610 7.4789 -0.3226 -3.8059 1.3995 -1.1135 -4.2148 -0.1893 0.4909 -2.0954 
34.5264 21.8020 -10.3933 -2.5488 7.5856 -2.4915 -4.2641 2.7230 -1.1306 -4.6717 0.1935 -0.0591 -3.1225 
34.0703 21.0952 -10.9753 -2.1963 9.2602 -0.7394 -3.7899 2.3759 -1.3476 -4.7450 0.3746 0.7046 -2.3146 
32.5937 19.6739 -11.2833 -2.2891 8.6464 -1.4769 -4.0410 2.7094 -0.6191 -4.2326 0.1383 0.3878 -2.0126 
32.8456 19.3010 -12.1743 -2.3828 8.8291 -1.9235 -4.5551 2.3941 -1.1428 -4.5369 0.3394 0.2804 -2.6397 
33.9611 19.0885 -14.1122 -2.9857 9.1997 -2.4897 -5.1942 2.6596 -0.9079 -4.6283 0.5130 0.6061 -2.3506 
34.2087 18.7138 -14.8704 -2.6646 10.0020 -2.1852 -4.8367 2.9973 -1.3634 -5.1031 0.9042 1.0400 -2.2687 
33.0348 17.0863 -15.4733 -1.6621 10.7110 -2.9277 -5.3337 3.6062 -1.0027 -5.2859 1.1295 1.3691 -2.5828 
32.8036 16.5765 -16.0413 -1.8424 10.6800 -3.3064 -5.7721 3.6663 -0.6943 -5.3909 0.6079 1.0116 -2.4617 
32.0861 15.8831 -16.4577 -2.4630 10.1645 -3.3864 -5.9826 3.0739 -0.9846 -5.1177 0.8896 0.9607 -2.8786 
32.0029 15.5784 -16.6420 -2.1646 10.2124 -3.8188 -6.0700 3.3562 -0.7535 -4.4106 2.1835 1.8618 -2.5099 
32.1281 15.7803 -16.7152 -2.7750 9.5725 -4.0674 -6.2595 2.8720 -1.5733 -5.4912 1.2133 1.3517 -2.7651 
32.9303 16.4594 -16.4815 -2.1289 10.6581 -3.2240 -5.8510 3.2007 -0.8430 -4.1334 2.6329 1.9783 -2.8593 
32.2372 16.0684 -16.1386 -2.0650 10.0729 -3.8205 -5.9089 3.5222 -0.8905 -5.0726 1.3962 1.4292 -2.8131 
32.5791 16.4766 -16.0894 -2.3382 10.2255 -2.9294 -5.0950 3.5662 -1.2979 -5.3526 1.3882 1.4863 -2.9993 
31.8685 16.9276 -14.9878 -3.4490 8.7096 -2.6001 -4.8717 2.6950 -1.5808 -5.2532 0.6837 0.7287 -3.3151 
34.1553 21.7547 -9.5083 -1.2373 8.4690 -2.3965 -4.8319 1.7345 -2.1897 -5.4672 -0.2478 -0.1104 -2.7717 
37.6767 25.6433 -8.8958 -3.8004 6.1311 -2.7738 -5.3124 0.1443 -3.2916 -5.7213 -0.8532 -1.1158 -3.4178 
37.2020 25.4081 -8.8385 -3.9725 6.5742 -1.3484 -4.1934 0.5217 -2.7364 -4.9953 -0.4525 -0.4560 -2.2489 
37.1710 25.3570 -9.6320 -5.7353 5.5933 -0.8873 -4.0344 -0.2017 -3.1203 -4.9736 -0.7759 -0.8051 -2.1920 
37.9159 26.3543 -9.3512 -6.2791 5.6675 0.0260 -3.8094 -0.5473 -2.5896 -3.9090 -0.3018 -0.6884 -2.0590 
35.5024 24.4175 -9.5021 -6.7627 4.7634 -0.2911 -4.2137 -1.6712 -3.7065 -4.7084 -1.1307 -1.4037 -2.3724 
36.7295 24.6010 -11.2989 -7.8284 5.5725 0.9122 -3.5519 -1.0410 -2.8444 -4.0091 -0.8343 -1.3548 -2.3656 
30.8614 20.8093 -9.1434 -6.5749 3.6789 -0.6084 -3.4081 -0.5465 -2.5712 -3.9809 -0.8038 -1.0006 -2.2960 
29.5814 20.5805 -7.3214 -5.2433 3.7928 -0.0767 -2.1478 0.1449 -2.7590 -4.3039 -0.8828 -0.7402 -1.7138 
31.0085 21.1157 -8.6347 -5.8977 4.4813 0.1373 -3.2300 -1.1394 -3.3449 -4.5950 -1.6268 -1.6940 -1.9318 
27.3839 18.6798 -7.0127 -3.9449 4.4876 -0.4681 -3.0747 -0.4407 -2.5923 -3.7114 -0.2996 -0.2495 -1.3834 
26.9386 17.5217 -8.4024 -4.7326 3.5247 -1.7723 -3.5385 -0.5208 -3.5485 -4.7801 -0.6062 -0.5492 -1.8144 
24.4948 15.7873 -7.9081 -4.3724 3.2808 -1.7919 -3.5792 -0.4656 -2.7897 -4.0193 -0.5511 -0.5562 -1.6472 
24.1967 15.7064 -7.6277 -4.4494 2.7071 -2.1136 -3.2149 0.1187 -2.5010 -3.9347 -0.4460 -0.5615 -1.8933 
22.5709 15.0197 -6.3182 -3.3574 3.4128 -0.9610 -2.2321 0.7229 -1.7268 -3.5404 -0.7583 -0.5385 -1.3632 
22.5381 14.9402 -6.2353 -3.0008 3.5840 -1.0890 -2.1382 0.9588 -1.8372 -3.4847 0.1115 0.3569 -1.3367 
22.3340 14.5605 -6.1211 -2.3682 3.2090 -2.0774 -1.7867 1.9163 -1.8740 -3.7445 -0.0447 -0.6947 -2.5513 
26.3346 16.3632 -8.3635 -2.7816 3.9219 -2.9834 -1.8670 3.4419 -1.3568 -3.6193 1.0803 -0.2177 -2.5832 
33.7653 20.9364 -12.3036 -6.7384 3.6542 -3.6481 -4.1573 2.1086 -1.9129 -4.7632 0.5151 0.3433 -2.4202 
32.3835 20.3805 -10.9404 -5.0911 5.0567 -2.8383 -4.7402 1.0926 -2.1049 -5.1353 -0.6048 -0.0992 -2.1166 
32.7342 17.9920 -15.2482 -5.3268 7.5122 -2.3224 -5.0106 2.1024 -1.2419 -5.0453 -0.4133 0.1102 -1.9363 
33.7884 17.5376 -17.2252 -5.3998 8.3268 -2.5423 -4.6918 3.2754 -1.0003 -5.1022 0.3753 0.4769 -2.4446 
32.7432 16.3993 -16.9056 -3.7246 8.8156 -4.0668 -5.6036 4.1332 -0.3100 -5.3059 0.5134 0.9571 -2.6152 
32.0236 15.3751 -17.8571 -4.3552 8.7540 -3.6574 -5.1951 4.2995 -0.1278 -5.0691 0.3972 0.5082 -2.8960 
32.8328 16.5014 -16.6337 -2.9323 9.9553 -3.3668 -5.8512 3.5473 -0.0890 -4.2455 1.1118 0.4097 -3.3807 
32.2511 16.0288 -16.5738 -2.7900 9.8850 -3.5245 -5.8192 3.8173 0.0183 -4.5119 1.0459 0.9268 -2.8722 
31.6736 14.8469 -18.1476 -3.8567 9.7280 -3.5425 -6.3798 2.9915 -0.6965 -5.1514 0.5820 0.7299 -3.2351 
31.9578 15.4679 -17.2230 -2.9117 10.7472 -2.1726 -4.9623 4.0308 0.3673 -3.7417 1.6070 0.9865 -2.9535 
31.6269 15.3541 -16.8555 -2.8200 9.8730 -3.8190 -6.6348 2.7154 -0.8335 -5.0367 0.4608 0.1734 -3.5838 
31.7839 15.9852 -16.0401 -2.6089 9.9777 -3.2723 -6.2443 2.7943 -0.3277 -3.9652 1.5626 0.9643 -3.1732 
31.0392 14.7988 -17.4420 -3.9711 9.0461 -3.5667 -6.1123 2.7701 -0.9379 -4.8823 0.9997 0.8610 -3.3858 
30.6834 14.9971 -16.4665 -3.4788 8.9058 -3.3815 -5.4080 3.5275 -0.1792 -4.1003 1.5713 1.3053 -2.8447 
30.4173 15.0502 -16.0247 -3.3259 8.9512 -3.2171 -5.6271 2.9919 -0.3956 -4.2770 0.8904 0.6488 -2.9293 
30.6266 15.6469 -14.9652 -2.2705 9.4689 -3.4156 -6.1660 2.7597 -0.2727 -4.4178 0.2869 0.1071 -3.0892 
29.6477 14.7685 -15.0817 -2.2710 9.3649 -3.1926 -5.6432 2.9430 -0.6147 -4.7018 0.5506 0.7506 -2.5533 
28.5693 14.6500 -13.7529 -1.7367 9.2600 -2.9574 -5.8851 2.2712 -0.3403 -4.0069 0.2639 0.1184 -2.5065 
27.1350 14.2353 -12.6483 -1.7627 8.5979 -2.7849 -5.8121 1.9646 0.1361 -3.1752 0.5041 0.2465 -2.3821 
26.1530 14.4299 -11.2605 -2.0980 7.5846 -2.1576 -4.7540 2.0021 -0.0930 -3.5361 -0.5170 -0.6371 -2.4329 
23.4928 13.1376 -9.9329 -2.1831 6.2081 -2.4860 -4.9244 0.9327 -0.8403 -3.6063 -0.6244 -0.6776 -2.6281 
23.4334 13.6593 -9.1409 -2.4357 5.5164 -2.3448 -4.1205 1.9166 0.1730 -2.9888 -0.3252 -0.2051 -2.5110 
22.8303 14.2341 -7.1268 -1.6330 4.9201 -2.6407 -4.2151 1.1912 -0.6137 -3.1461 -0.0128 0.4184 -1.7070 
22.3212 14.0165 -6.6996 -1.2045 5.4708 -1.4860 -2.9852 1.6843 -0.5960 -2.9551 0.2239 0.3063 -2.0204 
20.9164 13.0745 -6.6325 -1.8591 4.4555 -1.6317 -2.8210 1.4991 -0.5931 -2.6974 0.2739 0.4668 -1.3913 
21.1040 13.2597 -6.6028 -2.0588 3.8836 -2.4157 -3.3378 1.3996 -0.6083 -2.8768 -0.0697 -0.0145 -1.7564 
19.8076 12.2338 -6.8690 -2.6039 3.7150 -1.8834 -3.4978 0.3409 -1.2604 -2.9033 -0.0902 -0.3535 -2.8610 
20.0049 12.4035 -6.7132 -2.4263 3.5347 -2.0889 -2.8765 1.4195 -0.8328 -3.1759 -0.3627 -0.2018 -2.1216 
20.1843 12.9689 -5.5740 -1.1196 4.4279 -1.7598 -2.9639 1.0505 -1.1288 -2.9447 0.1393 -0.2157 -2.6858 
20.3120 13.0742 -5.8514 -1.8300 3.9584 -1.5661 -2.5953 1.2405 -0.8747 -2.6846 0.1636 -0.0673 -2.1838 
20.3395 13.3114 -5.5495 -1.9327 3.6888 -1.5136 -2.4024 1.2204 -0.9473 -2.5195 0.5190 0.2396 -2.0156 
20.8907 13.6193 -5.9411 -2.3771 3.5569 -1.4873 -2.2819 1.3766 -1.0748 -3.0798 -0.2424 -0.4598 -2.4137 
19.3631 12.2365 -6.0159 -2.2522 2.8527 -2.5848 -2.9393 1.1536 -1.0321 -2.5993 0.5041 0.1931 -1.7577 
20.5781 13.3988 -5.7842 -2.3249 3.0027 -2.2674 -2.7403 0.9584 -1.5856 -2.9704 0.6401 0.3142 -2.2127 
20.4350 13.0264 -6.3293 -2.5397 3.3264 -2.0200 -2.9375 1.0071 -0.9812 -2.8978 -0.4920 -1.0222 -2.8692 
20.2385 12.8091 -6.5234 -2.7740 3.3902 -1.3089 -1.9461 1.6846 -0.5684 -2.4833 -0.0847 -0.4165 -1.8740 
20.4180 13.1434 -6.2950 -2.9106 3.2030 -1.3939 -2.4729 0.5275 -1.5532 -2.5396 0.3840 -0.5630 -2.9249 
20.4439 13.0593 -6.4458 -2.9144 3.0928 -1.9393 -3.1316 0.1452 -2.0345 -3.5860 -0.8422 -1.2607 -2.9931 
19.3121 12.1992 -6.4112 -3.2427 2.1877 -2.3935 -2.8317 0.5474 -1.8023 -3.1930 -0.0623 -0.1925 -1.8683 
19.3747 12.4566 -5.9088 -2.7108 2.6365 -1.9704 -2.3124 1.2737 -0.9050 -2.2361 0.8639 0.4309 -1.8254 
18.9252 11.9259 -6.0540 -2.4805 2.7798 -2.0813 -2.5516 0.7169 -1.8126 -3.0720 0.2334 -0.0250 -1.8299 
19.1966 12.3348 -5.4994 -1.9861 2.7590 -2.1764 -1.9058 1.6868 -1.3097 -2.7857 0.5074 -0.2257 -2.3100 
19.6965 12.3933 -6.0651 -1.8643 3.7150 -1.4090 -1.7251 1.5879 -1.4615 -2.7817 0.7967 0.0221 -2.5198 
18.8826 11.7457 -6.0012 -1.8158 3.4067 -1.8311 -2.1717 1.1581 -1.6043 -2.6807 0.7036 -0.2528 -2.4783 
19.5854 12.4933 -5.7470 -1.8556 3.3218 -1.9954 -2.3661 1.1437 -1.6696 -3.1827 0.1181 -0.4010 -2.4400 
19.1069 12.1400 -5.9186 -2.1866 3.5071 -1.3026 -2.3809 0.2962 -2.3974 -3.5826 -0.0207 -0.0591 -2.0403 
18.0110 11.5570 -5.2292 -1.8191 2.9208 -1.8549 -2.1541 1.1205 -1.4304 -2.9355 0.0476 -0.2577 -1.9917 
18.5283 11.8420 -5.5387 -2.1589 2.6374 -2.1707 -2.1577 1.4154 -1.4228 -3.2477 -0.0499 -0.1820 -2.2198 
17.5250 10.6182 -6.5428 -3.1303 1.9084 -2.5820 -2.6281 1.0318 -1.1216 -2.6514 -0.0678 -0.4248 -1.7308 
17.9401 11.4691 -5.2995 -1.8077 3.0380 -1.9021 -2.5082 0.9065 -1.1750 -2.6053 0.0460 -0.5686 -2.6170 
18.4817 12.2322 -4.7536 -1.5585 3.5397 -0.8233 -1.4034 1.5168 -0.8878 -2.3163 0.4720 0.0842 -1.8220 
18.1427 11.6408 -5.2362 -1.4352 3.9035 -1.1168 -2.2006 1.1403 -0.8953 -2.6273 0.1591 0.3879 -1.2815 
18.9540 12.3376 -5.1946 -1.4921 4.0047 -0.9136 -1.9003 1.3520 -0.8457 -2.3738 0.5253 0.1343 -2.0623 
23.2355 12.0439 -11.3552 -2.1130 7.4952 -1.4026 -4.1265 1.5411 -0.7682 -3.2114 1.0229 0.9448 -2.4167 
23.4835 12.3782 -11.1241 -2.1124 7.2922 -1.4913 -3.7318 2.2974 -0.3578 -3.6505 0.1268 0.3727 -2.4940 
23.7645 12.4339 -11.2063 -1.8346 7.1187 -2.5668 -4.6113 1.9693 -0.9785 -4.1549 0.8109 1.4273 -2.3986 
21.7733 11.5984 -9.9053 -1.6538 6.2092 -2.4815 -3.9446 2.1709 -0.7542 -3.8099 0.6939 0.9908 -2.8795 
21.8101 12.5023 -8.7427 -2.2284 4.9142 -2.5580 -3.4726 2.2081 -0.6215 -3.5234 0.6307 0.9468 -2.5667 
20.9175 12.3609 -7.8567 -2.0673 5.0618 -1.3247 -2.6131 1.8077 -0.9206 -3.4070 0.1178 0.2203 -2.4669 
19.6299 11.1623 -8.3520 -2.8609 4.0492 -1.6329 -2.2305 2.1943 -0.6616 -3.0554 0.4736 0.3522 -2.5472 
19.7349 11.7006 -7.4674 -2.5323 3.4687 -2.7896 -3.6315 0.8185 -1.8264 -4.0140 -0.2387 -0.0894 -2.9727 
19.2376 11.7368 -6.7782 -2.3464 3.7249 -1.7731 -3.1561 0.1623 -2.1446 -3.7124 -0.5524 -0.5177 -2.1632 
19.1264 12.2885 -5.4470 -1.6691 3.2384 -2.4552 -3.1385 0.8380 -1.4164 -3.2680 -0.1342 -0.0894 -2.2341 
18.3645 11.4511 -6.0078 -2.2479 2.9148 -2.0257 -2.3021 1.2411 -1.4629 -3.0209 0.5196 0.2692 -2.3612 
19.8572 12.2776 -7.1894 -3.3906 3.4465 -0.9623 -2.4833 0.4430 -1.2797 -2.4984 -0.0231 -0.2033 -1.1868 
24.6007 15.9183 -7.4106 -3.1197 4.6766 -0.9035 -2.6418 1.2656 -0.7123 -2.5454 0.2310 0.0627 -1.2707 
22.0962 13.4683 -7.7246 -2.0394 6.0681 0.3813 -1.5218 2.0988 -0.2113 -2.1322 0.6971 0.1820 -1.7937 
20.6897 13.0277 -6.6835 -2.5030 4.0479 -0.8391 -1.5927 2.0347 -0.5695 -2.6083 0.3886 0.4714 -1.2791 
20.2188 12.4998 -6.8120 -2.1883 4.4499 -0.8129 -2.0711 1.3247 -1.1067 -2.8184 0.2456 0.1000 -1.7407 
19.8347 11.9509 -7.4835 -2.9845 3.9519 -0.7233 -1.8128 1.1965 -1.5535 -3.1921 0.0388 -0.0396 -1.8038 
19.3558 11.7442 -7.0313 -2.5215 4.1233 -0.7554 -2.0799 0.8686 -1.5067 -2.7675 0.3564 -0.1502 -2.2534 
19.0922 11.8075 -6.8088 -3.1618 3.0267 -1.3141 -2.1099 1.0361 -1.2793 -2.7120 0.3839 0.1945 -1.9228 
18.4821 11.8488 -5.6077 -2.3849 2.7172 -1.8466 -2.4187 0.6542 -1.5732 -2.6053 0.5305 0.1368 -1.7659 
17.8228 11.3465 -5.5677 -2.1553 3.3244 -1.0432 -2.0106 0.9201 -1.1558 -2.5372 0.3910 0.4890 -1.3094 
18.1251 11.1690 -6.1267 -1.9684 3.7225 -1.1887 -1.8947 1.6756 -0.7045 -2.7652 -0.1763 -0.4652 -2.4878 
16.7720 9.7813 -6.7085 -2.5237 2.7726 -1.9613 -2.1682 1.3150 -1.4997 -3.5219 -0.4909 -0.4572 -2.5289 
