12.6446 7.0720 -5.6704 -2.3001 1.9775 -1.4790 -1.4200 1.3848 -0.8443 -2.5590 -0.4123 -0.4970 -1.9704 
12.8318 7.2581 -5.2350 -1.3477 2.7099 -1.4198 -1.5005 1.3735 -0.9340 -2.3394 0.1986 -0.1694 -1.9562 
12.1060 6.7759 -5.2851 -1.8317 2.2704 -1.2147 -1.3157 1.1879 -0.9141 -1.9162 0.8836 0.8224 -0.9826 
12.8969 7.7518 -4.7066 -1.7125 2.1787 -1.2295 -1.2293 1.3391 -0.6287 -1.6920 0.6147 0.1249 -1.5491 
11.9141 6.5284 -5.3443 -1.8216 1.7543 -2.2172 -1.9385 1.1708 -1.0846 -2.7927 -0.5510 -0.6974 -2.0948 
12.7147 7.4576 -5.0813 -2.2242 1.4923 -1.8706 -1.4435 1.5560 -0.4924 -2.0479 -0.0161 -0.2864 -1.6760 
11.9404 6.5498 -5.6158 -2.5530 0.9832 -2.8197 -2.6012 0.6738 -1.0456 -2.6308 -0.8104 -1.2077 -2.5711 
12.5715 7.2344 -4.9568 -1.2645 2.7912 -1.2653 -1.7122 1.0104 -0.9588 -2.3774 -0.0483 0.0248 -1.2270 
14.8056 8.8797 -5.7112 -2.6847 1.8622 -1.7152 -1.5671 1.7798 0.0243 -1.5786 0.3434 0.1210 -1.0290 
17.7884 11.7714 -5.2671 -3.5319 1.1217 -1.9413 -1.6011 1.2807 -1.2169 -2.9362 -0.5084 -0.4589 -1.6430 
13.6606 8.5665 -4.1445 -0.9706 2.8662 -1.0774 -1.1836 1.9141 0.0354 -1.6757 0.1771 -0.2622 -1.8468 
12.3276 7.1238 -4.8899 -1.4408 2.4695 -1.4620 -1.7100 1.3677 -0.3524 -2.0082 0.0401 0.1528 -1.1077 
12.5705 7.1880 -5.0895 -1.6804 1.9856 -1.7422 -1.2178 1.7892 -0.5834 -1.8673 0.7290 0.1045 -1.8985 
12.8845 7.4441 -5.1317 -1.7158 2.1666 -1.6044 -1.3394 1.6765 -0.5512 -2.0395 0.4130 0.3135 -1.2285 
13.0788 7.7824 -4.8837 -1.8278 1.7501 -2.2503 -2.1036 1.1759 -0.7509 -2.3333 0.0679 0.1670 -1.3975 
12.4813 7.4045 -4.5662 -1.4180 2.0542 -1.7144 -1.4714 1.4259 -0.7770 -2.3413 -0.2541 -0.7380 -2.3549 
12.7518 7.1604 -5.2658 -1.3726 2.5699 -1.4928 -1.2473 1.8247 -0.5431 -2.1428 0.0569 -0.5657 -2.2386 
12.4171 7.4224 -4.7378 -1.9639 1.9731 -1.1133 -1.1311 1.4771 -0.2123 -1.5219 0.3003 0.0712 -1.1357 
12.4085 7.4056 -4.7705 -2.0832 1.6353 -1.6767 -1.7547 0.9002 -0.6695 -1.6583 0.4307 0.0108 -1.3977 
12.0769 6.9392 -5.0333 -1.8466 2.2396 -1.2063 -1.7135 0.6166 -1.0974 -2.1333 0.1185 0.0430 -1.3797 
12.5528 7.2788 -5.1335 -1.8406 2.6664 -0.4477 -0.7620 1.6338 -0.1036 -1.2691 0.5796 0.0724 -1.2206 
12.1329 6.3463 -6.1934 -2.4494 1.8918 -1.7395 -1.6244 1.3693 -0.8028 -2.4678 -0.3080 -0.5302 -1.9050 
18.4594 10.6078 -8.0076 -4.0975 1.2330 -3.6262 -2.6944 2.1908 -0.5754 -2.9013 0.3578 0.4182 -1.7839 
18.2872 11.1317 -6.8277 -3.3533 2.1698 -2.1277 -1.9333 2.1451 -0.0800 -1.9890 0.7523 0.5891 -1.3749 
14.8524 8.8731 -5.3054 -1.2776 3.4501 -1.0175 -1.3645 2.1376 0.2435 -1.4947 0.7624 0.3809 -1.6134 
13.4864 7.6356 -5.9219 -2.4726 2.0904 -1.4531 -1.4489 1.3781 -0.8267 -2.1298 0.4516 0.0778 -1.7192 
13.2498 7.7062 -5.1422 -1.3746 2.9641 -1.2638 -1.9089 1.0123 -0.7639 -2.2731 -0.0094 0.1335 -1.1400 
13.7593 8.0169 -5.4998 -2.0187 2.2695 -1.8424 -2.0169 1.3501 -0.5298 -2.4601 -0.4468 -0.3517 -1.6120 
13.7747 8.2286 -5.0674 -1.7618 2.1849 -2.0475 -2.2811 0.9735 -0.5824 -1.6975 0.6181 0.0011 -1.9751 
12.6389 7.2067 -5.3501 -2.0261 2.0885 -1.4921 -1.5198 1.3508 -0.5646 -1.9832 0.1238 -0.2662 -2.0039 
13.9801 8.1888 -5.3341 -1.7210 2.2645 -2.0293 -1.7740 1.6229 -0.7191 -2.2605 0.5431 0.2616 -1.8458 
13.4064 7.8705 -5.1951 -1.8254 2.2559 -1.6780 -1.8186 1.1559 -0.7793 -2.1259 0.3061 0.3050 -0.9921 
12.7369 6.6153 -6.6201 -2.5943 2.0505 -2.2440 -2.8190 0.4835 -1.0473 -2.5574 -0.3032 -0.1503 -1.5303 
15.0938 7.7195 -7.9808 -2.7444 3.3063 -1.8294 -3.0731 0.4711 -1.1304 -2.4206 0.4869 0.4649 -1.3974 
13.6760 8.0519 -5.4747 -2.2093 2.3882 -1.3429 -1.9821 0.7167 -1.1334 -2.6740 -0.3528 -0.0717 -1.4214 
13.0688 7.1537 -6.3387 -3.0601 1.2377 -2.6906 -2.9708 0.1453 -1.7649 -3.5820 -1.2292 -0.3464 -0.9344 
13.6671 7.6740 -6.1379 -2.6181 1.8600 -2.2404 -2.4990 0.8465 -1.0615 -3.0218 -0.8925 -0.4471 -1.0855 
14.1873 8.2646 -5.7977 -2.2379 2.6595 -1.1955 -1.8133 1.1878 -0.3161 -1.7639 0.0307 -0.1531 -0.8151 
14.2595 8.7335 -4.9269 -1.7299 2.5409 -1.4535 -2.0036 0.7728 -0.9718 -2.2547 -0.0690 -0.0944 -1.0095 
14.1808 8.5496 -5.4255 -2.6170 1.5583 -2.3357 -2.6450 0.6410 -0.8460 -2.4599 -0.4065 -0.1416 -1.2681 
13.4599 7.5359 -6.2057 -2.8903 1.7635 -1.7737 -2.0962 0.6408 -1.0683 -2.0648 0.3042 0.0443 -1.2889 
13.4477 7.6369 -5.9573 -2.7348 1.7100 -1.8075 -1.8690 0.9215 -1.1906 -2.5884 -0.1847 -0.2934 -1.6372 
13.2222 7.6123 -5.6716 -2.4618 2.1079 -1.3983 -1.8132 1.1051 -0.3766 -1.8611 -0.2206 -0.7220 -2.1924 
14.0843 8.2388 -5.5219 -1.8031 2.9049 -1.0048 -1.2568 1.8575 -0.1295 -1.8742 0.1961 -0.0030 -1.5319 
14.0722 8.3130 -5.4323 -1.9567 2.4591 -1.7797 -2.3943 0.6864 -1.0530 -2.7677 -0.6525 -0.2249 -1.0743 
13.2481 7.6256 -5.5963 -2.2773 2.1651 -1.5151 -1.8237 1.0903 -0.7412 -2.1297 0.3690 0.3944 -1.4951 
13.5274 7.8005 -5.7147 -2.3756 2.0759 -1.9161 -2.4028 0.8369 -0.7666 -2.5621 -0.4204 0.0656 -1.1395 
12.6508 7.3421 -4.9907 -1.6225 2.3010 -1.3841 -1.3152 1.4755 -0.8266 -2.4989 -0.2393 -0.1817 -1.2502 
13.0365 7.2713 -5.7765 -1.9203 2.7582 -1.2639 -1.8615 1.1645 -0.6453 -2.4309 -0.2246 0.2233 -0.8361 
13.7065 8.2471 -4.9600 -1.7043 2.4187 -1.5251 -1.9360 0.8300 -0.9754 -2.3117 -0.3113 -0.5505 -1.4928 
13.1001 7.2755 -5.8898 -2.0898 2.5377 -1.4665 -1.9971 1.1322 -0.2645 -1.5396 0.4520 0.0581 -1.4493 
13.6341 8.0510 -5.1763 -1.5548 3.0036 -0.9905 -1.8344 0.5462 -1.5217 -2.8256 -0.2971 -0.1595 -1.4650 
12.6424 7.5987 -4.8514 -2.1905 1.9485 -0.9332 -1.1118 1.0369 -0.9774 -2.2132 -0.2506 -0.6109 -1.7382 
10.8054 5.9052 -5.0682 -2.1284 1.3236 -1.8742 -1.7725 0.5816 -1.4856 -2.7397 -0.5627 -0.5318 -1.5038 
12.9704 7.8933 -4.8089 -2.2285 1.8500 -1.2304 -1.6666 0.4452 -1.1319 -1.7184 0.5715 0.1079 -1.4672 
12.9332 7.5875 -5.2954 -2.5313 1.4916 -1.5755 -1.3087 1.2763 -0.8374 -1.9882 0.3565 -0.0361 -1.5520 
12.2707 7.3755 -4.3674 -1.3647 2.2292 -1.2477 -1.1541 1.6859 -0.0680 -1.6739 -0.3058 -0.7707 -1.5352 
12.8098 7.7965 -4.6684 -2.0110 1.8667 -1.4245 -1.5504 1.1809 -0.4888 -1.8728 0.1539 0.1805 -1.1289 
12.4125 7.6443 -4.2847 -1.8366 1.5413 -1.6249 -1.2716 1.4288 -0.6515 -2.1477 -0.0553 -0.2116 -1.6035 
13.1790 8.1236 -4.4470 -1.4084 2.8320 -0.5107 -0.8868 1.5941 -0.2344 -1.6231 0.3154 0.0714 -1.2136 
12.3162 7.2219 -4.7773 -1.6309 2.2544 -1.1437 -1.1952 1.3443 -0.5522 -1.6318 0.5452 0.0331 -1.5054 
12.2253 7.2270 -4.7466 -1.7748 2.2576 -0.9325 -1.3142 0.7495 -1.2821 -2.3659 -0.0896 -0.3369 -1.9050 
13.0466 7.7873 -4.9277 -1.9699 1.8722 -1.7769 -1.7570 1.2795 -0.4425 -1.8346 0.0538 -0.6681 -2.4112 
12.5651 7.2524 -5.0673 -1.7415 2.1695 -1.5754 -1.6742 1.1781 -0.6737 -2.0596 0.0172 -0.0845 -1.2000 
12.7204 7.3166 -5.0314 -1.3405 2.7072 -1.3566 -1.6519 1.2876 -0.5117 -1.8358 0.3162 -0.0258 -1.4367 
12.2115 6.8802 -5.2916 -1.9435 2.1204 -1.2924 -1.1434 1.6586 -0.5248 -2.1503 -0.0561 -0.3955 -1.9714 
12.0878 6.8816 -5.2025 -2.2648 1.4013 -1.9121 -1.5223 1.3708 -0.6397 -2.1103 -0.1098 -0.3662 -1.5513 
25.4274 17.1582 -7.8540 -5.2398 5.9754 3.9926 -1.4134 -2.6164 -3.3120 -1.6234 1.4977 0.5014 -0.7870 
35.4839 25.3424 -8.3653 -6.6895 6.4397 3.5134 -2.8487 -3.7658 -4.9104 -3.6351 -0.2078 -1.2603 -2.2369 
35.9189 25.2284 -9.5435 -7.8805 5.8965 3.3271 -3.1901 -4.5142 -5.8344 -4.3542 -0.8848 -2.0721 -2.5742 
37.0536 26.2136 -9.0686 -7.1185 6.1758 2.7613 -3.1291 -3.3165 -4.6931 -3.6210 -0.0064 -1.2484 -2.2754 
37.3375 26.1277 -9.8153 -7.9464 5.3816 1.9652 -3.6946 -3.8711 -5.6023 -4.4521 -0.3399 -1.5631 -2.8965 
37.8884 26.8942 -9.0441 -7.2328 5.9068 2.4345 -3.1194 -3.4100 -5.3456 -4.0433 0.2387 -1.2623 -2.8076 
39.1054 27.2465 -9.8537 -6.9065 6.6447 2.3425 -2.5782 -1.8695 -4.7012 -4.2454 0.7708 -0.4069 -2.7132 
39.5616 27.1926 -10.7799 -7.4448 6.8674 2.3413 -3.1597 -2.3537 -4.8825 -4.4727 0.5171 -0.5713 -2.9198 
38.8593 25.8519 -11.8910 -7.2515 7.2556 1.4867 -4.3554 -2.8335 -5.5075 -5.8506 -0.7098 -1.1391 -3.3438 
38.5186 26.1331 -10.5715 -5.9610 8.2330 2.6760 -3.0278 -1.7645 -4.6162 -4.9839 0.0973 -0.2773 -2.3891 
38.9470 26.0407 -11.3263 -6.1665 8.4971 2.6891 -3.2138 -2.0562 -4.9362 -4.8464 0.4069 -0.7271 -3.2856 
38.2945 25.4373 -11.3796 -6.1026 8.2155 2.0853 -3.9605 -2.9142 -5.6869 -5.1580 0.2554 -1.3999 -4.3809 
38.0672 25.8916 -10.3148 -5.7314 8.3792 2.9161 -2.8386 -1.7901 -4.7825 -5.0000 0.3526 -0.3663 -3.3118 
37.7318 25.7165 -10.3256 -6.0448 8.2490 3.2640 -2.7485 -2.0967 -4.7566 -4.7395 0.2403 -0.5957 -3.2940 
36.2637 25.0333 -9.8746 -6.4992 8.0657 4.0907 -3.0724 -3.4464 -4.9839 -4.6388 -0.5285 -0.7133 -2.5311 
36.2183 25.2542 -9.4080 -6.4070 7.8207 4.1111 -2.8069 -3.3019 -4.6929 -4.0083 -0.1867 -0.9355 -2.7024 
34.7825 24.4217 -8.4833 -5.6969 7.2500 3.6495 -2.3723 -3.2073 -5.2994 -4.1535 0.0678 -1.2083 -2.9483 
33.9549 23.9058 -8.3598 -5.8372 7.2952 4.3655 -1.8588 -3.2310 -5.0695 -3.5550 0.5392 -0.7963 -2.4292 
32.9714 23.3261 -7.7431 -5.2566 7.0629 3.9104 -1.7898 -2.8296 -5.0859 -4.1389 0.0192 -1.1086 -3.2980 
32.3247 22.2416 -8.3010 -4.6805 7.4157 3.5185 -1.4875 -1.7924 -4.6530 -4.1619 0.1775 -1.2502 -3.8245 
28.4497 20.2623 -6.1559 -4.1569 5.4050 2.4769 -1.1521 -1.5076 -4.2524 -3.7080 0.1960 -1.0304 -3.3056 
26.9446 19.3464 -5.7088 -4.0963 5.1858 2.6703 -1.3325 -2.2797 -4.7357 -3.9188 -0.1542 -1.2439 -3.4000 
25.8402 18.2603 -5.8456 -3.8370 4.9895 2.1297 -1.5478 -2.2835 -5.0308 -4.2518 -0.0233 -0.7444 -2.8237 
24.5937 16.7699 -6.4987 -3.5533 5.5069 2.4029 -1.0663 -1.2895 -4.1245 -3.9090 0.1203 -0.4330 -2.5170 
24.0274 15.9354 -6.9793 -3.2732 5.9046 2.2268 -1.3379 -1.1312 -3.9860 -4.1157 -0.0103 -0.3536 -2.5913 
24.6505 15.4675 -8.2436 -3.1765 5.5259 0.0871 -2.5092 -0.6137 -4.0314 -4.5072 0.5421 0.0438 -2.9806 
22.4283 13.4599 -8.3965 -2.8450 5.3569 -0.1529 -2.3586 -0.3675 -4.0857 -4.8480 0.1704 -0.1979 -3.1833 
21.3511 13.7387 -6.5812 -2.8186 4.1626 -0.1611 -1.6275 0.3995 -2.6641 -3.5143 0.3291 -0.3202 -2.7795 
20.6082 13.3587 -6.2683 -2.9327 3.5711 -0.7292 -2.2221 -0.0129 -2.6574 -3.7610 -0.4489 -0.7141 -2.5150 
19.9551 12.7259 -6.5604 -3.2425 3.4893 -0.1445 -1.3596 0.4219 -2.6610 -3.7990 -0.4390 -0.8970 -3.0826 
19.3169 12.2187 -6.7238 -3.9460 2.1115 -1.4265 -1.9763 0.4048 -2.4652 -3.6730 -0.4451 -1.1492 -3.6444 
19.5967 12.7425 -5.7265 -2.4617 3.4392 -0.5883 -1.1866 1.2431 -2.1725 -3.9927 -0.5828 -0.6262 -2.8295 
19.4396 11.8391 -7.0056 -2.6624 3.9060 -0.5611 -1.4487 1.0096 -2.2062 -3.2593 0.6434 0.0564 -2.6172 
19.4231 12.0345 -6.5106 -2.1817 4.0761 -0.8929 -2.0528 0.7277 -2.1383 -3.2879 0.5826 0.0644 -2.9742 
19.0790 11.7533 -6.4204 -2.0208 4.1148 -0.5836 -1.3639 1.1706 -2.1453 -3.3343 0.4934 -0.0784 -2.6459 
19.3136 11.6801 -6.8186 -1.8129 4.6730 -0.9976 -2.5337 0.8012 -1.7579 -3.4181 0.1293 -0.0194 -2.5975 
21.4995 11.5270 -10.3322 -3.0950 5.9084 -0.3218 -2.1735 1.5311 -1.3303 -2.5978 1.3833 -0.1882 -3.8178 
23.3955 11.6255 -12.7938 -3.7053 6.5520 -1.6485 -4.2469 0.8749 -1.8251 -3.9040 0.5409 -0.0776 -3.5306 
28.0520 15.2673 -13.5285 -4.9385 6.9250 -0.7214 -3.5092 1.3720 -1.5522 -3.2539 1.8775 1.3213 -2.4123 
31.6829 17.2558 -14.9139 -4.8941 7.7304 -2.0876 -5.3875 0.5211 -2.8482 -4.8578 1.3420 1.2371 -2.7241 
31.7615 17.5910 -15.3045 -6.7123 6.7479 -0.7597 -3.1179 2.7619 -1.2132 -5.0991 0.1293 1.5026 -1.2438 
30.8560 17.4294 -14.8849 -7.6899 6.0136 0.3524 -2.3976 1.9276 -1.5770 -4.5903 -0.0111 0.9790 -1.2316 
30.5848 18.0425 -13.4824 -7.3726 5.5410 0.1819 -2.6679 1.4525 -1.6600 -4.7418 -0.8200 0.0503 -1.7770 
29.1675 16.9213 -13.6852 -7.8004 5.3884 0.7430 -2.4138 1.4721 -0.8659 -3.8981 -0.9281 -0.2097 -1.7266 
28.4262 17.2140 -12.1110 -7.4682 4.6616 1.1562 -0.9200 2.5042 -0.4045 -3.3481 -0.3909 -0.0473 -1.9256 
29.0089 18.8165 -9.6787 -5.6975 5.5135 2.0354 -0.1275 2.3793 -1.1566 -3.8879 -0.7963 -0.7697 -2.8089 
30.1778 20.9108 -7.2732 -4.1854 5.5780 1.0155 -1.6370 1.0923 -1.8088 -4.2725 -1.4266 -1.5221 -3.0895 
30.4660 22.2554 -5.2506 -3.7032 4.4881 0.2557 -1.6402 1.0528 -1.8313 -4.1032 -1.6966 -2.2294 -3.1558 
31.0113 23.3700 -4.1467 -3.6708 3.7200 -0.3632 -1.9841 0.9329 -1.5981 -3.9676 -1.9871 -2.3827 -2.9909 
31.8201 23.7542 -4.3993 -3.3921 3.8817 -1.1500 -2.7664 0.9714 -1.0866 -3.4837 -2.1377 -3.2325 -3.2399 
32.4668 24.7471 -4.0035 -4.0435 3.5502 -0.5605 -2.5771 0.4381 -1.4320 -3.8069 -2.8670 -3.6721 -2.9069 
33.6541 25.4220 -4.6458 -4.4932 3.8535 -0.0401 -2.1550 0.4202 -2.0806 -4.3516 -2.7297 -3.3907 -2.8538 
34.0721 25.3892 -5.2504 -4.4274 4.6430 0.5708 -1.9484 0.3154 -2.6041 -4.8295 -2.4188 -2.5628 -2.4721 
34.5908 25.1205 -6.3468 -4.5385 5.2260 0.8392 -1.7264 0.1887 -3.6664 -5.6163 -1.8982 -1.8908 -2.6844 
34.7985 24.9350 -7.1730 -5.0950 5.4616 1.2033 -2.0722 -0.7278 -4.3137 -5.5740 -1.6399 -2.1192 -3.4711 
34.8899 25.2356 -6.4484 -4.0169 6.5099 2.0024 -1.3972 -0.2019 -4.1555 -5.4704 -0.9014 -0.8923 -2.6952 
35.2254 25.0918 -7.1746 -4.3740 6.2979 1.5292 -1.6845 -0.2590 -4.2405 -5.2662 -0.5570 -1.1179 -3.2157 
34.7351 24.5809 -7.3289 -4.2231 6.6358 1.7023 -2.0923 -1.0028 -4.5595 -5.0185 -0.3130 -1.1228 -3.3270 
34.3300 24.4189 -7.1887 -4.4434 6.5433 2.3128 -1.5873 -1.4377 -5.4399 -5.4867 -0.3293 -1.1776 -3.4507 
34.5796 24.5414 -7.1596 -3.7592 7.7354 2.7811 -2.0531 -1.5196 -4.7199 -5.0091 -0.2695 -0.7319 -2.8910 
34.9506 24.4342 -7.9476 -4.2684 7.4628 2.3605 -2.2595 -1.4233 -4.7364 -5.0822 -0.1923 -0.7118 -3.0626 
35.5634 24.7057 -8.4527 -4.6322 7.4816 2.2400 -2.5130 -1.4490 -4.6911 -5.1994 -0.2520 -0.6278 -3.0919 
34.7133 24.3000 -8.2107 -5.0182 7.1368 2.7339 -2.4717 -2.6074 -5.7931 -5.5008 -0.3267 -0.7876 -3.2458 
35.1729 24.8603 -7.7176 -4.3931 7.7723 3.0173 -2.3711 -2.0590 -4.7822 -4.7313 -0.0978 -0.6544 -2.8160 
35.0813 24.6173 -7.9790 -4.6243 7.2568 2.5416 -2.2564 -1.8354 -4.9130 -4.7525 0.0583 -0.7509 -2.9272 
33.8238 23.8602 -7.3571 -4.1805 6.8708 2.0983 -2.1545 -1.3802 -4.7332 -5.1683 -0.4840 -1.0088 -3.1718 
31.6979 21.3471 -7.9189 -2.6078 7.7921 0.7762 -3.2848 -0.6484 -4.1489 -5.8846 -0.8044 -0.4087 -3.0807 
28.2458 20.5881 -4.6620 -2.3940 6.0033 2.0060 -1.0039 -0.2430 -3.6172 -4.6681 -0.7668 -0.5945 -2.2550 
26.8056 19.3173 -4.8645 -2.4515 5.8701 1.9296 -1.5217 -1.3376 -4.5628 -5.0455 -0.8666 -0.7346 -2.5229 
26.7251 18.7217 -5.4167 -1.9741 6.1110 1.1720 -1.5143 0.0622 -3.5009 -4.9701 -0.8186 -0.3849 -2.1069 
25.0177 17.1511 -5.6794 -1.8202 6.3440 1.6647 -1.1026 0.0722 -3.5875 -4.8211 -0.4574 -0.0449 -2.1376 
23.5790 16.7272 -4.3038 -1.4286 5.4119 1.1192 -1.3079 -0.4301 -3.5683 -4.1157 -0.3864 -0.7862 -2.4657 
21.9700 15.4721 -3.9617 -0.9887 4.8666 0.2929 -1.5078 -0.1604 -3.2650 -3.8881 -0.3274 -0.8792 -2.5059 
23.9716 15.5506 -6.6260 -1.6144 5.8711 -0.3202 -2.4318 0.5989 -2.6095 -4.3479 -0.3136 -0.3238 -2.6244 
27.5222 17.3486 -9.6956 -4.7169 5.7500 0.0215 -3.8072 -0.5930 -1.8009 -2.9712 -0.0789 -0.6217 -2.2499 
34.1822 20.0837 -13.8338 -5.1692 7.5050 -2.1846 -6.2659 -0.4820 -2.8126 -4.7792 0.0132 -0.5620 -3.2135 
35.0429 19.8112 -14.6273 -3.4284 9.6839 -2.0969 -6.0286 1.0767 -2.2018 -5.4191 -0.0738 0.1266 -2.3651 
34.2545 18.8036 -15.5278 -4.1944 9.4428 -1.8602 -6.1064 0.3976 -2.7039 -5.1298 0.6110 0.5698 -2.2079 
33.9106 18.5084 -15.6972 -4.5219 9.4069 -1.0273 -4.8382 1.2566 -2.3776 -5.0445 0.4421 0.0025 -3.1286 
33.8693 18.4002 -16.0587 -5.2321 8.6878 -1.4460 -5.2573 0.3518 -3.5424 -5.6104 0.8157 0.7362 -2.4112 
33.1815 17.7209 -16.4024 -5.7215 8.0920 -1.6022 -4.8031 1.0801 -2.9076 -5.2390 0.9618 0.7280 -2.6541 
33.4147 18.8349 -14.6043 -4.7459 8.2776 -1.2809 -4.3855 1.3918 -2.5367 -4.9894 1.0069 0.9075 -2.3714 
32.4846 17.7021 -15.6316 -5.8022 7.8144 -0.7970 -3.6169 1.8737 -2.2467 -4.8446 0.7424 0.0800 -3.4601 
31.1510 17.6899 -13.8745 -5.3915 7.3519 -0.4583 -3.4625 1.6038 -1.6700 -3.9958 1.0428 0.8320 -2.2664 
30.3952 17.5648 -13.3759 -5.9896 6.3481 -0.8927 -4.1819 0.7852 -1.4206 -3.5528 0.5029 0.3180 -2.0197 
28.5810 16.3298 -12.9575 -5.6318 6.6889 -0.0013 -3.7681 0.1872 -2.2664 -4.4009 -0.3950 -0.3223 -2.6561 
28.7859 18.4836 -9.3183 -4.1457 6.7196 1.3938 -1.9340 0.6516 -2.3051 -4.0370 -0.0088 0.1060 -2.1438 
32.3305 22.8316 -6.9038 -3.5682 7.3391 2.6147 -2.0757 -1.6256 -4.6771 -5.1023 -0.6570 -0.7591 -2.4809 
34.6948 24.7516 -7.5221 -5.1512 6.5516 2.7016 -1.8671 -1.5016 -4.3759 -4.7391 -0.7570 -1.3316 -2.7686 
35.0020 24.7031 -8.1321 -5.6273 6.2067 2.2452 -2.1220 -1.6339 -5.0112 -5.6941 -1.2487 -1.3954 -2.9407 
35.3356 25.3308 -7.4672 -5.3711 6.2231 2.5363 -1.7440 -1.5711 -4.7976 -4.8853 -0.5592 -1.3825 -2.8495 
35.3053 25.3185 -7.5157 -5.4854 6.2780 2.8087 -1.5587 -1.5661 -4.8085 -4.9389 -0.6829 -1.3786 -2.7267 
35.3695 25.0103 -8.2468 -6.0089 5.9582 2.3830 -2.0006 -1.9029 -5.0397 -5.1009 -1.0160 -1.9022 -3.0613 
35.8766 25.4493 -7.9907 -5.5936 6.0598 2.1382 -1.6543 -1.0826 -4.9125 -5.4745 -0.8106 -1.4071 -3.0068 
36.1522 26.0373 -7.3893 -5.4094 6.1644 2.3827 -1.6765 -1.1576 -4.4401 -4.9011 -0.7583 -1.4032 -2.7281 
36.0795 26.1193 -7.1027 -5.2097 6.3145 2.7155 -1.2799 -0.9597 -4.3630 -4.7736 -0.7702 -1.7029 -2.8306 
36.5310 26.0930 -7.8414 -5.7399 5.7632 1.7574 -1.9381 -0.9460 -4.1990 -4.7357 -0.8081 -1.8516 -3.1091 
36.1114 25.9854 -7.5267 -5.8045 5.5529 1.8426 -1.9795 -1.2808 -4.4144 -4.8505 -1.0578 -2.0957 -3.2241 
36.0865 25.9778 -7.5766 -5.9029 5.6645 2.1665 -1.8190 -1.3895 -4.5739 -5.0037 -1.2385 -2.1970 -3.1534 
35.8906 26.2614 -6.8970 -5.8518 5.4726 2.4268 -1.5238 -1.2011 -4.0486 -4.4078 -0.9796 -1.9943 -2.9228 
36.1701 26.2623 -7.1585 -5.7014 5.5904 1.9500 -2.0209 -1.1762 -3.7672 -4.1944 -0.9475 -2.1125 -2.9670 
35.7672 26.1007 -6.7518 -5.4111 5.5242 2.1231 -1.5189 -1.1007 -4.2196 -4.4428 -0.9267 -2.3098 -3.1588 
36.2580 25.8408 -7.5741 -4.9962 6.0978 1.2892 -2.3298 -0.5576 -3.5317 -4.5312 -1.0711 -2.1281 -3.1569 
34.4323 24.9896 -6.8072 -5.5832 4.6723 0.9703 -2.5620 -1.7035 -4.3707 -4.6910 -1.5068 -2.8875 -3.8430 
33.3400 24.5571 -6.0695 -5.5502 3.9706 0.6650 -2.5935 -1.8535 -4.4098 -4.7323 -1.8346 -3.4124 -4.5322 
33.3702 25.0075 -5.0776 -4.4716 5.0978 1.8158 -1.7073 -1.0609 -3.4856 -4.1225 -1.6381 -2.8411 -3.3911 
33.0470 24.8425 -4.7005 -3.9895 5.0528 1.2652 -2.1541 -1.0241 -3.1125 -3.7031 -1.2363 -2.3855 -3.0805 
32.5108 23.7553 -5.3530 -3.4255 5.0042 -0.2106 -2.9227 -0.4687 -2.9273 -4.0222 -1.1497 -2.3707 -3.5398 
31.2554 23.6637 -3.6802 -3.0052 4.1019 -0.1669 -2.0675 -0.3324 -3.1530 -3.5208 -0.2604 -2.0026 -3.6603 
31.5789 23.6701 -4.2693 -3.2636 4.6885 0.5528 -1.8267 -0.1914 -2.8399 -3.2813 0.1177 -1.2134 -3.1722 
30.2924 22.2829 -4.7313 -3.2085 4.4380 0.0003 -1.9301 0.1952 -2.8172 -3.9059 -0.4012 -1.1351 -3.0841 
28.5720 21.0830 -4.2211 -2.6527 4.5498 0.3647 -1.4680 0.3448 -2.6736 -3.7112 -0.4818 -1.3174 -3.2351 
27.8187 20.2497 -4.5716 -2.5688 4.8184 0.4175 -1.7277 0.0636 -3.0400 -4.4030 -0.9957 -1.1688 -3.0933 
27.6665 20.0879 -4.4177 -1.9411 5.4638 0.5754 -1.7675 0.4003 -2.3630 -3.6978 -0.2761 -0.4419 -2.5014 
27.3110 19.8397 -4.2997 -1.8763 5.1567 0.0669 -2.0408 0.4573 -2.4475 -4.1771 -0.6616 -0.3830 -2.3574 
27.2337 19.9587 -3.9228 -1.6649 5.1656 0.2097 -1.8517 0.4232 -2.4569 -3.9889 -0.6409 -0.4946 -2.0850 
26.8930 19.9636 -3.1816 -0.8254 5.7247 0.5981 -1.6253 0.4606 -2.4338 -3.9380 -0.7136 -0.6432 -2.1548 
27.1015 20.0152 -3.3437 -0.7831 5.8501 0.4857 -1.8491 0.2618 -2.7313 -4.3073 -0.9904 -0.7276 -1.9332 
27.8634 20.6445 -3.4074 -1.0166 5.7032 0.3062 -2.0315 0.0646 -3.0350 -4.3317 -0.3265 0.0718 -1.7952 
27.3656 20.4829 -2.8612 -0.6210 5.6492 0.2447 -1.9432 0.0961 -3.1456 -4.5709 -0.6438 -0.1852 -1.9807 
28.0182 20.8533 -3.3059 -1.1086 5.5536 0.2402 -2.1575 -0.2447 -3.3267 -4.4924 -0.6284 -0.5525 -2.4847 
28.0189 20.7804 -3.4080 -1.0046 5.8938 0.5461 -2.1276 -0.4408 -3.5837 -4.7747 -0.7458 -0.1079 -1.7779 
27.9028 20.3589 -4.2446 -2.0443 4.6955 -0.7523 -3.1494 -1.0768 -4.2686 -5.6663 -1.4794 -0.6244 -2.4182 
30.0711 22.4279 -3.7163 -1.8300 5.3256 0.0188 -2.4242 -0.2892 -3.2829 -4.4431 -0.3456 0.0532 -1.9196 
34.4275 25.4589 -5.3898 -4.0336 4.5812 -1.2769 -4.6578 -1.0200 -1.6379 -2.6403 -0.6585 -1.9622 -3.1219 
37.5674 26.7661 -7.9929 -5.8590 4.2736 -2.4212 -5.8653 -0.7653 -1.0898 -2.6813 -0.6241 -1.9841 -3.5943 
38.8216 27.3938 -8.5309 -5.8840 4.5814 -2.1392 -4.9315 0.1120 -1.1128 -2.3081 0.6076 -1.4910 -3.8726 
39.6855 28.0898 -8.7415 -6.2587 4.6208 -2.2077 -5.3313 0.2048 -0.4549 -2.0239 0.5760 -1.1356 -3.5232 
39.8688 28.0100 -9.1893 -6.6654 4.1569 -2.6713 -5.4241 0.1647 -0.8150 -2.2189 0.6543 -1.4190 -3.9927 
40.1796 28.0414 -9.4669 -6.4450 4.5958 -2.8176 -5.8341 0.1665 -0.6818 -2.3117 0.6853 -1.1975 -4.0727 
40.2733 28.4004 -9.0840 -6.5090 4.6069 -2.2667 -5.4194 0.0825 -0.5478 -1.7579 0.9552 -1.2881 -3.8719 
39.0336 27.4606 -9.1546 -7.0034 3.8011 -2.6256 -5.8206 -0.7894 -1.2491 -2.1294 0.3468 -2.0076 -4.2580 
38.7914 27.9922 -8.1061 -6.8621 4.0746 -1.5418 -5.4358 -1.0576 -0.7224 -1.3681 0.5299 -1.4992 -3.4377 
38.3521 28.3234 -6.7855 -6.1507 4.2688 -0.9102 -4.9049 -1.1230 -0.5965 -0.9622 0.4767 -1.6200 -2.9470 
37.9416 27.7713 -7.1023 -6.1730 4.2506 -0.8876 -4.7191 -1.3449 -1.5344 -1.8548 0.0814 -1.9332 -3.1928 
39.7075 28.4159 -8.9492 -7.7005 3.9534 -1.4651 -5.6686 -1.5102 -1.1935 -1.9276 -0.1583 -1.9084 -3.2186 
37.8621 27.5399 -7.6774 -7.1221 3.2651 -1.4927 -4.9249 -1.4796 -1.7387 -1.9280 0.1558 -2.0948 -3.7184 
37.8566 27.4550 -7.6000 -6.5007 4.1439 -0.7705 -4.2321 -0.7652 -1.3558 -1.9277 0.1883 -1.8108 -3.3551 
37.7448 26.7787 -8.4456 -6.2672 4.8893 -0.7704 -4.6657 -1.0729 -2.0135 -2.9707 -0.4060 -1.7306 -3.1271 
39.0929 28.0196 -8.3743 -6.5318 5.2948 0.3133 -3.7533 -0.8615 -2.0582 -2.6720 0.1708 -1.1041 -2.4345 
39.1112 27.7645 -9.0963 -7.4342 4.5434 -0.0739 -3.9431 -1.3301 -2.7812 -3.1850 -0.1982 -1.6622 -3.0178 
38.8901 27.8318 -8.6387 -7.1669 4.6534 0.1238 -3.7044 -0.9869 -2.3858 -2.9811 0.0308 -1.2046 -2.7660 
38.0555 27.1588 -8.5340 -6.7565 5.1818 0.6322 -3.5275 -1.1041 -2.6188 -3.2189 0.1846 -0.6470 -2.6255 
37.2581 25.9049 -9.5748 -7.0054 5.3888 0.6635 -3.8972 -2.0010 -3.7553 -3.8968 -0.0628 -1.0307 -3.1161 
38.6239 26.5829 -9.8364 -5.9656 6.9308 1.2260 -3.3154 -0.9875 -3.3926 -3.8404 0.6291 -0.1045 -2.1970 
37.5101 26.3651 -9.1632 -6.8304 5.9084 1.8596 -3.0902 -2.4347 -4.4023 -3.6549 0.3769 -1.1250 -2.9543 
37.2706 26.2413 -8.7472 -5.8702 6.9007 2.1374 -3.5901 -2.9252 -4.4237 -3.5260 0.5884 -0.4906 -2.1744 
36.1461 25.5588 -8.3007 -5.7906 6.2253 1.6948 -3.4352 -2.7732 -4.7406 -4.1428 0.1342 -0.6993 -2.4482 
34.6199 24.8569 -7.2922 -5.3601 5.8459 1.7634 -3.1786 -2.9374 -4.8576 -4.0675 0.0262 -0.7503 -2.1987 
33.0594 24.1152 -5.9970 -4.2231 5.8686 1.9205 -1.8626 -0.9667 -3.6090 -4.1888 -0.4898 -0.6945 -2.1200 
31.7045 23.4678 -5.4501 -4.6957 4.8223 2.0315 -1.3181 -1.2082 -4.0712 -4.5692 -1.3089 -1.3754 -1.8952 
31.3479 23.0531 -5.1929 -3.6052 5.5476 1.7963 -1.5610 -1.1180 -4.1961 -4.4116 -0.1606 -0.2180 -1.9094 
30.7607 22.6914 -4.8935 -3.2461 5.6174 1.5301 -1.9674 -1.1948 -4.0022 -4.4714 -0.3429 -0.2252 -2.1525 
29.2448 21.6237 -4.4976 -3.0415 4.9180 0.6750 -2.4898 -1.3461 -3.7749 -4.3058 -0.6733 -0.7211 -2.5787 
29.1283 21.5027 -4.2828 -2.4412 5.2712 0.6055 -2.2881 -0.7527 -3.4576 -4.2547 -0.2364 0.0227 -2.2574 
28.7905 21.3881 -3.7973 -1.8942 5.4138 0.5943 -2.1606 -0.7707 -3.7123 -4.1952 0.2532 0.3150 -2.2361 
28.0612 20.7041 -3.6457 -1.2343 5.5446 -0.0404 -2.4434 -0.0265 -2.8670 -4.2581 -0.3408 0.0974 -1.9208 
26.4547 19.3049 -3.7439 -1.0648 5.6518 0.4572 -1.6734 0.5803 -2.4402 -3.9628 -0.2851 -0.0872 -2.3180 
25.5397 18.3779 -3.8112 -0.3513 6.5209 0.8483 -1.7151 0.5809 -2.4499 -4.4208 -1.0096 -0.5316 -2.5227 
23.4797 16.4834 -4.2349 -0.9938 4.8243 -0.4865 -1.6395 1.0726 -2.4279 -4.3607 -0.7517 -0.6594 -2.8284 
22.3410 15.5215 -4.5000 -1.3047 4.9860 0.5050 -0.8589 1.1619 -2.4260 -4.2875 -0.6803 -0.3128 -2.3125 
23.2146 15.0537 -6.3855 -1.4042 5.7866 -0.5441 -2.2752 1.9585 -0.5718 -3.3201 -0.4203 -0.4052 -2.6306 
25.1843 16.1650 -8.5020 -4.3188 5.6047 1.0524 -2.7688 -0.3117 -0.9368 -1.8476 -0.1384 -1.1650 -2.3261 
34.9078 20.2167 -15.2928 -6.9400 7.0573 -1.2876 -5.0078 0.7919 -1.5318 -3.8473 0.6994 0.4506 -2.0692 
33.8044 18.2607 -16.0394 -4.7609 9.1615 -1.5330 -5.0929 2.0569 -0.9705 -4.1513 0.8533 0.6538 -2.1559 
33.8265 18.4921 -15.7501 -4.8772 8.9981 -1.2034 -4.8475 1.4468 -1.9550 -4.6888 0.6099 0.2599 -2.5873 
33.4482 18.1768 -16.0096 -5.4866 8.6078 -0.7198 -3.9964 1.8351 -2.1174 -5.0078 0.5121 0.5033 -2.2009 
31.7121 16.9024 -16.0361 -6.2893 7.1316 -1.2501 -3.8209 1.4164 -3.0948 -5.7937 -0.0453 -0.1699 -2.9760 
31.0372 17.1773 -14.3739 -5.0157 8.0213 -0.1980 -3.2374 1.7449 -2.2380 -5.1317 -0.1157 -0.0607 -2.6228 
30.5267 17.7013 -13.1310 -5.4171 7.1509 0.1103 -3.1378 1.1033 -2.2094 -4.5953 0.1103 0.4079 -2.0092 
28.8997 16.6763 -12.8816 -5.8443 6.4507 0.1783 -3.0478 0.9901 -1.8711 -4.3432 -0.3236 -0.1797 -2.5762 
27.5691 16.2618 -11.7052 -5.5299 5.8223 0.0748 -2.9655 0.5899 -2.1028 -4.1812 -0.2428 0.0074 -2.1715 
29.7580 20.3678 -7.3100 -3.1446 7.3131 2.2336 -1.6125 0.3941 -2.3487 -4.1434 -0.5301 -0.1062 -1.9447 
32.4355 23.4409 -6.0160 -3.3318 7.2027 2.7499 -1.8126 -1.2380 -4.1059 -4.9691 -0.9790 -0.5770 -1.9616 
33.1865 23.7921 -6.6251 -4.0834 6.5919 2.5119 -1.5248 -1.2532 -4.6859 -5.0373 -0.6320 -0.9952 -2.4894 
35.2929 25.2306 -7.3675 -4.8727 6.5594 2.3060 -1.8679 -0.9650 -4.1128 -5.0133 -0.9738 -0.9788 -2.1618 
34.9561 25.2801 -7.0354 -5.1166 6.4541 2.7764 -1.8679 -1.5098 -4.2443 -5.0376 -1.5788 -1.6134 -2.3089 
34.8557 25.6202 -6.1504 -4.6354 6.3603 2.9886 -1.1830 -1.1942 -4.3648 -4.7391 -0.9636 -1.6315 -2.6875 
35.7573 25.3986 -7.6471 -5.0139 6.1169 1.4889 -2.1806 -0.8426 -4.2261 -5.1112 -1.0296 -1.6698 -3.0737 
35.3639 25.6073 -6.9042 -5.0574 6.0606 2.4423 -1.3132 -0.8295 -4.1495 -4.6511 -0.8357 -1.7172 -2.8946 
34.4839 25.5606 -6.1546 -5.6323 5.1976 2.6252 -1.4525 -1.6808 -4.4483 -4.7976 -1.6107 -2.2281 -2.8402 
35.1145 25.9250 -6.1057 -4.9962 5.7896 2.5462 -1.3803 -1.1358 -4.0647 -4.5298 -1.2238 -2.0909 -2.8024 
35.0128 25.5888 -6.3701 -4.8536 5.6319 1.8919 -1.5498 -0.6742 -3.8383 -4.6471 -1.2998 -2.2635 -3.1041 
34.6486 24.8587 -7.2684 -5.5577 4.9718 1.0879 -2.1783 -1.0111 -4.2584 -5.2757 -1.8715 -2.6545 -3.4151 
34.7561 25.5086 -6.2837 -5.1202 5.3226 1.9488 -1.4841 -0.7978 -3.8542 -4.6370 -1.5181 -2.4192 -2.8974 
34.4378 25.6293 -5.6138 -4.9164 5.2184 2.3462 -0.9056 -0.6694 -3.8393 -4.3801 -1.3553 -2.4760 -2.8864 
33.6896 24.5295 -6.4921 -5.4709 4.2556 0.7793 -2.0950 -1.1039 -4.3022 -5.1981 -2.1053 -3.1241 -3.7499 
33.0729 24.3936 -5.3695 -3.8774 5.5293 1.5495 -1.6087 -0.5078 -3.5159 -4.5418 -1.5623 -2.2859 -2.6271 
32.6314 24.6749 -4.4965 -4.0841 5.0451 2.0468 -1.0929 -0.5849 -3.3264 -4.1429 -1.5881 -2.2717 -2.2383 
31.8447 23.8183 -4.6918 -3.8436 4.9896 1.6497 -1.3454 -0.9362 -4.1729 -4.8844 -1.6581 -2.2293 -2.6939 
30.9794 23.4018 -3.9707 -2.9581 5.6757 2.1255 -1.3608 -1.1272 -3.8707 -4.2258 -1.2072 -2.1482 -2.8070 
30.7177 22.6315 -4.8067 -2.9620 5.8026 1.5266 -1.9070 -0.9500 -3.6356 -4.4719 -1.6308 -2.3296 -2.6249 
30.4036 22.3922 -4.8073 -3.0854 5.5098 1.4154 -1.6150 -0.3303 -2.9624 -4.1069 -1.6259 -2.3579 -2.6228 
29.8796 21.8166 -5.0794 -3.1326 5.5662 1.3431 -1.9830 -0.8230 -3.3718 -4.4833 -2.0343 -2.7270 -2.8647 
29.5949 21.6122 -4.6277 -2.1138 6.2006 1.2735 -1.7971 0.0894 -2.5700 -4.3558 -2.0581 -2.4562 -2.6073 
29.8415 20.7736 -6.1794 -1.9282 7.1059 0.5977 -3.0456 0.0578 -1.8828 -3.6993 -1.3473 -2.2287 -3.4537 
29.8511 19.9694 -7.3646 -1.7147 7.9269 0.5737 -2.8948 1.2367 -1.0806 -4.1030 -1.9133 -2.2269 -3.1240 
30.9398 19.2647 -9.9521 -2.0671 8.9097 0.0065 -3.5865 1.7966 -1.1553 -5.1867 -2.2388 -1.9323 -3.3438 
31.5688 18.0019 -12.8223 -2.4778 9.5428 -1.6158 -5.4880 2.0736 -0.4023 -5.2159 -1.9316 -1.2581 -3.1152 
31.4774 17.2056 -13.9592 -2.5626 10.0904 -1.3564 -5.4082 1.9516 -0.5431 -4.5219 -0.6773 -0.5879 -3.0196 
31.4731 16.1878 -15.8272 -3.5661 9.5314 -2.2498 -5.8299 1.8263 -1.4649 -5.5090 -0.7042 -0.4631 -3.2700 
31.8300 16.4468 -15.2345 -2.0720 10.6382 -1.9699 -5.0856 2.8636 -1.1942 -5.2558 0.2694 0.3780 -2.8589 
31.7019 15.7179 -16.4278 -2.5478 11.0431 -1.4546 -4.9001 2.6233 -1.5578 -5.0466 0.8466 0.2241 -3.5665 
31.9429 15.8749 -16.5048 -2.7311 10.6184 -1.9860 -4.9092 3.4621 -0.1257 -3.4534 2.1127 0.8752 -3.2678 
32.0764 15.7098 -16.7463 -2.2418 11.2548 -2.1572 -5.6670 2.5403 -1.2188 -4.3960 1.6017 0.3932 -3.9279 
32.6226 16.2994 -16.6403 -2.5949 10.9175 -2.0034 -5.0099 3.4526 -0.1928 -3.3807 2.3771 0.7932 -3.8364 
32.3198 15.7139 -17.5134 -3.4037 10.6643 -1.8603 -5.1095 2.8685 -0.9889 -3.9715 2.3276 1.1953 -3.3939 
31.7631 14.9940 -18.0262 -3.6100 10.6090 -2.1776 -5.7483 2.3941 -1.1891 -4.4537 1.4882 0.6617 -3.4630 
31.9172 15.6883 -17.0152 -3.3654 10.2613 -2.0465 -5.0512 2.9855 -0.9088 -4.2711 1.7129 0.9475 -3.2647 
31.2267 15.6942 -16.1825 -3.3691 9.9272 -1.7797 -5.1610 2.1128 -1.3665 -3.9871 2.1858 1.5590 -2.6849 
31.0333 15.8428 -16.3587 -4.9381 8.6046 -1.5124 -4.5270 2.3675 -1.1555 -4.2736 1.5251 1.5927 -2.4764 
29.2935 15.4350 -14.4897 -4.2957 7.5716 -2.2267 -4.8260 1.9581 -1.2723 -4.5391 0.4992 0.7695 -2.4982 
34.5947 22.8819 -8.8965 -2.3716 7.8591 -1.2254 -4.1502 1.2511 -2.3350 -5.4708 -0.7333 -0.3838 -2.8735 
38.6503 26.1696 -9.8363 -4.4684 7.6395 -0.4006 -4.5384 -0.1782 -3.0349 -5.1947 -0.6470 -0.7121 -2.8371 
38.0137 26.0777 -9.2713 -4.6558 7.1423 -0.3386 -4.6793 -0.9141 -3.4738 -5.1158 -0.5205 -0.3994 -2.2156 
37.5631 26.4135 -8.3539 -5.2617 5.7304 -0.4522 -3.8518 -0.4901 -3.3929 -5.0861 -0.6958 -0.4708 -1.9610 
37.7137 26.5023 -8.8498 -6.2528 5.3154 -0.2074 -4.1823 -1.4366 -3.7491 -4.8485 -0.8987 -1.3345 -2.9786 
36.0282 25.4721 -7.8827 -5.1772 5.5127 -0.1262 -3.7706 -0.9412 -3.1950 -4.4385 -1.1661 -1.8891 -2.6463 
33.4122 22.9695 -8.7093 -6.0276 4.0894 -1.0867 -4.0423 -1.3841 -4.1824 -5.5909 -2.1730 -2.9110 -4.0557 
30.8065 21.9820 -6.3977 -4.5531 4.0685 -0.2443 -2.1217 0.5184 -2.7775 -4.9694 -1.6378 -1.3189 -2.2228 
30.3681 20.7692 -6.6775 -2.6113 4.7849 -1.6431 -2.2768 1.0032 -3.8206 -5.2222 -0.3055 -1.4595 -3.4118 
31.1457 19.3527 -9.1336 -1.0492 7.1135 -2.7147 -3.4036 1.7945 -3.7774 -5.5776 0.5943 -1.0611 -4.0181 
26.8389 18.0704 -6.4684 -2.6243 4.1093 -1.8456 -2.5166 0.7058 -3.5517 -5.2906 -1.0860 -1.6631 -3.1680 
25.9326 17.4742 -6.1731 -2.3068 4.3680 -1.4557 -2.4322 0.6439 -2.9484 -4.3005 -0.5801 -1.3484 -2.4969 
25.0041 16.6677 -6.1740 -2.1118 4.3484 -1.5362 -2.4119 0.6016 -3.2496 -4.6055 -0.5221 -1.3063 -3.0021 
24.6867 16.3882 -6.2569 -2.0438 4.7131 -1.2181 -2.5263 0.4200 -3.3310 -4.8170 -0.3430 -0.3238 -2.0651 
29.8468 19.6708 -9.0627 -6.0699 2.2139 -2.5726 -2.5527 1.3229 -2.5084 -3.7025 0.7837 -0.7119 -3.1200 
39.0707 23.4826 -15.4116 -8.0308 4.3552 -4.4219 -4.6941 2.6593 -2.5967 -5.9576 0.3786 -0.2341 -3.8256 
35.3630 21.0029 -13.7914 -5.4921 6.3896 -2.7746 -3.9849 3.0646 -1.5635 -5.3998 0.1106 0.3663 -2.4266 
35.5882 19.6244 -16.4157 -6.0424 7.1464 -3.0189 -4.1381 4.1494 -0.6061 -5.2847 0.1459 0.5598 -2.3637 
33.9150 17.7372 -16.8598 -5.2448 7.4289 -3.8432 -4.6976 4.2630 -0.7241 -5.3464 0.8925 1.2234 -2.7075 
33.0585 17.1831 -16.5263 -4.9935 7.3425 -3.6056 -3.9809 4.9087 -0.5001 -5.4480 0.6324 0.7925 -3.4626 
32.9907 17.2227 -16.3266 -4.8941 7.2445 -3.8117 -4.3683 4.3331 -0.8573 -5.3056 1.0237 1.2778 -2.7347 
32.1587 16.3876 -16.2229 -3.9297 7.9991 -4.0405 -4.8134 4.7962 0.1978 -4.7315 1.0297 1.4023 -2.2990 
31.1045 14.9870 -17.2724 -4.6278 7.1389 -5.3256 -6.2260 3.3783 -1.3106 -6.0603 0.1077 0.6431 -2.9231 
31.8904 15.3520 -17.4336 -3.7169 8.9258 -3.8343 -4.8403 5.1196 0.2838 -4.9414 0.9607 1.2310 -2.5685 
31.1496 14.2590 -18.2400 -3.8055 8.9939 -4.5950 -6.3801 3.7699 -0.3678 -5.3347 0.3675 0.6230 -3.0086 
31.0120 15.4377 -15.8648 -2.8466 8.7765 -4.1316 -5.4947 4.2566 0.1095 -4.6565 1.0969 1.5538 -2.2070 
29.6052 14.1336 -16.7462 -4.3394 7.8415 -3.5926 -5.2071 3.3223 -0.5186 -4.2820 1.3121 1.1602 -2.4736 
30.6175 15.4037 -16.1869 -4.5125 7.9660 -2.9570 -5.1567 2.6872 -0.6894 -3.8159 1.4411 0.4630 -3.5675 
30.6969 15.7536 -15.8924 -4.7869 7.8993 -2.1099 -4.1003 3.3374 -0.1954 -3.5405 1.2563 0.3510 -3.1479 
29.5230 14.4955 -16.8452 -6.0002 7.0352 -2.0617 -3.9790 2.9047 -0.4837 -2.9627 2.5609 1.6654 -2.6777 
28.7141 13.8985 -16.4964 -5.3400 7.3031 -2.3500 -4.6191 2.2424 -0.9980 -3.5836 1.5439 0.6040 -3.0915 
28.0380 13.8147 -15.5312 -4.5612 7.7569 -1.8576 -4.3473 2.4415 -0.5165 -3.2902 1.3961 0.4804 -3.2981 
25.5242 12.0595 -15.1217 -4.8288 6.5146 -2.1583 -3.7640 2.6172 -0.7951 -3.5805 1.2003 0.5573 -3.1762 
24.6898 12.6224 -12.5792 -3.1058 6.9916 -1.8104 -3.7482 2.3794 -0.5419 -3.2938 0.9687 0.3913 -3.1447 
23.6782 12.2022 -12.1711 -3.7604 5.7638 -2.0152 -3.3786 2.3879 -0.6285 -3.3505 0.8978 0.8908 -2.2002 
23.1197 11.8995 -12.0708 -3.9305 5.8025 -1.4838 -3.1976 2.0965 -0.6689 -3.2571 0.6555 0.6058 -2.1165 
24.1224 13.8120 -10.3152 -3.7766 5.3404 -1.1542 -2.9346 1.5532 -1.0200 -3.0461 0.4662 -0.2777 -3.0171 
25.9066 17.8842 -5.2288 -1.3010 5.2425 -1.2251 -2.6158 1.6630 -0.6395 -2.3217 1.1785 0.7376 -1.7476 
34.3458 25.3644 -5.1955 -3.4755 4.7087 -2.2366 -6.0517 -1.8241 -1.7010 -2.0657 0.8131 0.0066 -2.1184 
36.4910 26.6376 -6.4142 -4.9749 3.7849 -2.9077 -6.2295 -1.7824 -1.9412 -2.0266 1.2729 0.0280 -2.4386 
35.5302 26.2230 -5.5952 -4.1262 4.3455 -2.6109 -6.3344 -1.3587 -0.3991 -0.8619 1.1305 -0.0091 -1.5548 
36.1341 26.7950 -6.2119 -6.0856 2.7388 -2.8378 -6.5746 -2.8324 -2.0844 -1.3068 1.5386 -0.3932 -3.1628 
36.6907 26.9090 -6.2564 -4.8949 4.0521 -2.5706 -6.2302 -1.8713 -1.4307 -1.0360 1.7910 -0.4189 -3.2152 
36.0178 26.1829 -6.9420 -5.7195 3.8483 -2.2951 -6.7284 -2.9052 -1.6939 -0.6547 2.0616 -0.1398 -3.0217 
37.4060 26.9288 -7.5282 -5.5614 4.8797 -1.6743 -6.2622 -1.9713 -1.1124 -1.0017 1.6651 0.2413 -2.0283 
38.2023 26.7821 -8.7475 -5.6097 5.3895 -2.1105 -6.6103 -1.4114 -0.7767 -1.2775 1.4482 -0.0003 -2.4785 
37.0533 26.5653 -7.3836 -5.4068 3.8308 -3.0706 -5.9404 -0.6296 -0.9126 -1.6887 1.3091 -0.1642 -2.8358 
35.3840 26.3161 -5.9575 -6.1311 2.1450 -2.9440 -5.6249 -1.5123 -1.1725 -0.9187 1.6164 -0.3378 -2.9270 
36.9920 26.7324 -7.2784 -5.8485 3.6038 -2.9117 -6.5915 -1.8564 -0.9776 -0.8062 1.1954 -1.4002 -3.5423 
33.0316 24.5341 -5.1061 -4.3664 3.2147 -2.5371 -5.1039 -0.3755 0.3186 0.2281 2.2823 0.2695 -2.3189 
35.3232 26.0014 -6.0391 -4.9351 3.9770 -2.4429 -6.8938 -2.7858 -0.9852 0.0985 2.0335 -0.7228 -3.3643 
36.0767 25.9602 -6.9015 -4.9959 3.8076 -2.7032 -5.1331 -0.2606 -0.8837 -1.1927 1.7751 -0.6604 -3.3340 
34.3532 25.1387 -6.5016 -6.0057 2.7398 -2.3605 -5.4426 -1.4485 -0.6776 -0.2009 1.7357 -0.8783 -3.0325 
31.9082 23.2079 -5.5769 -4.2469 2.8058 -3.2082 -5.0034 -0.2979 -0.7309 -1.1507 1.3313 -0.6242 -2.9192 
36.7882 27.2450 -7.0255 -7.6282 2.3110 -1.7980 -5.5406 -1.9827 -0.6008 -0.3607 0.4421 -2.0192 -2.9666 
30.6077 22.0213 -6.0147 -4.7814 2.3209 -3.2635 -4.8386 0.2027 0.1216 -0.6693 1.3146 -0.4849 -2.5371 
33.3957 24.4895 -6.2632 -5.6837 3.2608 -1.4539 -4.7479 -1.1587 -0.7042 -0.8882 0.7079 -1.3904 -3.2857 
33.6869 24.8802 -6.0468 -5.6807 3.4968 -0.7090 -4.1974 -1.5645 -1.5328 -1.1429 0.9947 -0.9561 -2.4349 
34.7661 25.7404 -6.0707 -5.9768 2.8067 -1.4944 -4.0887 -1.1315 -2.2939 -2.7520 -0.0117 -1.1761 -2.4584 
32.2267 23.8239 -5.2292 -4.4488 3.2846 -1.6612 -3.8605 -0.3484 -1.5996 -2.5663 0.1321 -0.5532 -1.7681 
32.9378 24.6658 -4.9996 -4.9628 2.5016 -2.4466 -4.5676 -0.6143 -1.7968 -3.7722 -1.6577 -1.2634 -1.3602 
31.5216 23.2806 -4.9083 -3.9038 3.1415 -2.2442 -3.7612 0.5636 -1.0424 -3.0280 -0.6714 -0.9330 -1.8457 
29.7710 22.1435 -4.5195 -3.9131 2.8134 -2.0909 -3.9360 -0.3897 -2.0337 -3.7461 -1.1152 -0.9952 -1.8604 
32.4281 23.6777 -5.8971 -4.5753 4.1605 -1.0741 -4.5261 -1.2824 -2.0337 -3.3531 -1.3545 -1.7814 -2.3696 
28.8856 21.3866 -4.5344 -3.6081 3.2955 -1.8824 -4.6193 -1.1357 -1.4735 -2.4829 -0.6641 -1.1736 -1.7291 
26.4475 19.3294 -4.3366 -3.1333 2.5971 -2.5320 -3.8911 0.0301 -1.1043 -2.3780 0.0072 -0.3609 -1.6343 
26.8918 19.8914 -3.9355 -2.7253 3.3159 -1.6191 -3.1848 0.2413 -1.7107 -3.8335 -1.6391 -1.6958 -2.6824 
25.0514 17.8207 -4.4978 -1.9335 4.0123 -1.5732 -3.1037 0.3916 -1.6843 -3.1512 0.0164 -0.0082 -1.5650 
27.2808 18.1511 -6.9206 -2.1121 5.5552 -2.0928 -4.7408 0.1244 -1.4125 -3.2480 0.3147 0.3912 -1.9433 
27.8471 16.8995 -9.6561 -2.3362 6.8577 -1.9171 -4.3402 1.3800 -1.6141 -4.7241 -0.0228 1.0003 -1.8857 
27.9819 15.5958 -12.4715 -3.8550 6.9072 -2.1430 -4.9887 1.1098 -1.7334 -4.9103 0.0596 1.1186 -2.2787 
28.4036 15.5729 -12.9005 -3.7524 6.8370 -2.7186 -4.9472 1.7002 -1.4780 -4.4795 0.8967 1.4389 -2.0555 
28.1528 15.1590 -13.1243 -3.4698 7.1213 -2.9087 -4.8935 2.5102 -0.9740 -4.9846 0.4314 1.5633 -2.3772 
25.7629 14.1585 -11.2231 -2.4580 6.5700 -2.8434 -4.3169 2.4593 -0.9283 -4.3570 0.6968 1.4316 -1.9606 
26.3689 14.2641 -12.3835 -3.5854 6.7925 -2.0286 -4.2822 2.2406 -0.3287 -3.6056 0.6423 1.0855 -2.0111 
25.9943 13.3775 -13.7842 -5.0448 5.5093 -3.1812 -5.3920 1.0418 -1.3787 -3.9339 0.8509 0.8828 -2.8032 
26.7603 14.2917 -13.1739 -4.5349 6.1974 -2.2689 -4.5217 1.5267 -1.3305 -4.0488 0.7993 0.8861 -2.7772 
24.0099 13.5757 -10.6447 -3.9849 5.1202 -2.0219 -4.2435 0.8577 -1.2174 -3.5384 0.3135 0.5185 -2.4409 
21.2350 12.5116 -8.5204 -3.4895 3.6753 -2.1003 -2.8520 2.2033 0.2172 -2.3902 0.2209 0.1456 -1.9744 
19.9955 11.7057 -8.2447 -3.7393 2.7473 -2.6515 -3.3162 0.8762 -1.5190 -3.4788 -0.1235 0.1259 -1.9400 
19.1959 11.1742 -8.0266 -3.6190 2.7180 -2.3591 -2.9130 1.0310 -1.3928 -3.2043 -0.0474 -0.2207 -2.1574 
18.9086 11.7816 -6.5240 -3.1334 2.4120 -1.9995 -2.0906 1.6113 -0.8399 -2.6868 0.1879 0.0827 -1.8002 
17.4836 10.0663 -7.3712 -2.8316 3.4806 -0.9485 -1.3853 2.1798 -0.4129 -2.6346 -0.0391 -0.1303 -1.8514 
16.8997 9.7323 -7.1824 -3.0865 2.6020 -1.7388 -1.8506 1.8602 -0.3758 -2.1134 0.5953 0.4347 -1.3317 
17.6271 10.5958 -6.5703 -2.5646 3.0982 -1.2662 -1.4389 2.0662 -0.2537 -1.7008 1.0562 0.2585 -1.8415 
17.1474 10.5092 -5.8998 -1.9698 3.3759 -1.1698 -1.6640 1.5951 -0.8281 -2.5563 0.1608 -0.1077 -1.9324 
16.9212 10.1477 -6.3769 -2.7212 2.3027 -2.1464 -2.1848 1.3187 -1.0140 -2.5183 0.2267 -0.2527 -2.0114 
17.2891 10.4239 -6.2843 -2.1375 3.3723 -1.5428 -2.3256 1.2622 -0.7774 -2.6746 -0.2458 -0.2880 -1.6313 
17.0337 10.4458 -6.0057 -2.2965 3.1694 -1.1420 -1.6586 1.9373 0.2873 -1.3662 0.6470 0.1294 -1.3773 
16.8028 9.9679 -6.1529 -1.7808 3.1355 -2.0607 -2.0817 2.0597 -0.2886 -2.2983 0.4660 0.3900 -1.3169 
15.8683 8.9295 -7.1106 -2.9781 2.4757 -2.0641 -2.4443 1.3936 -0.5072 -2.4880 -0.2347 -0.4297 -2.1041 
17.0848 10.3704 -6.0205 -1.8937 3.5788 -1.0397 -1.5815 1.7532 -0.6599 -2.4755 0.2755 0.2317 -1.3373 
16.9706 10.3123 -5.8836 -1.7683 3.4214 -1.3419 -1.7200 1.6906 -0.8926 -2.8721 -0.2540 -0.4250 -1.9141 
16.0600 9.4534 -6.2652 -2.3462 2.6411 -1.9403 -2.2016 1.2758 -0.9825 -2.5760 0.2459 0.0023 -1.9183 
17.0094 10.6792 -5.3146 -1.6929 3.0798 -1.5292 -1.6386 1.8547 -0.8021 -2.8693 -0.0021 0.2356 -1.4335 
16.5418 10.0328 -5.7971 -1.8732 3.1357 -1.2937 -1.3426 1.9469 -0.8052 -2.5736 0.4310 0.3496 -1.5099 
16.6606 9.9819 -6.2950 -2.4521 3.1314 -0.7871 -1.0545 1.8755 -0.7250 -2.3395 0.4363 0.3260 -1.2396 
16.1953 9.7509 -5.9756 -2.1586 3.0634 -1.5192 -2.4775 0.5804 -1.4075 -2.9665 -0.3986 -0.4642 -2.1501 
16.3522 9.7146 -6.2798 -2.4144 2.7166 -1.8966 -2.2291 1.5541 -0.4658 -2.4866 -0.1607 -0.3308 -2.1719 
16.0827 9.4866 -6.2084 -2.2157 2.8721 -1.6589 -1.9736 1.3656 -1.0744 -2.8188 0.0673 0.1653 -1.4756 
16.3684 9.6008 -6.3636 -2.0708 3.2023 -1.7957 -2.4698 1.1861 -0.9403 -2.8810 -0.2989 -0.3891 -2.1846 
15.7651 9.2736 -6.0681 -1.9371 3.1922 -1.4996 -2.1878 1.2016 -0.6618 -2.2156 0.2720 0.1978 -1.3320 
15.0391 9.0205 -5.5259 -1.8034 3.0244 -1.3623 -1.9597 1.4530 -0.2626 -1.9862 0.2585 0.0253 -1.9992 
15.4469 9.1251 -5.8472 -1.8880 2.8289 -1.9051 -2.1113 1.7623 -0.2811 -2.4009 -0.1012 -0.1682 -1.8583 
16.0335 9.5678 -5.9323 -2.0121 2.9365 -1.4585 -1.4963 1.9580 -0.5153 -2.4284 0.0654 -0.1550 -1.7330 
15.7348 9.3958 -5.8648 -2.0569 2.8496 -1.5628 -1.7434 1.9389 -0.0527 -1.9620 0.3584 0.3167 -1.3383 
14.1359 7.8327 -6.4717 -2.7325 1.8079 -2.3422 -2.2678 1.0274 -1.3265 -3.0033 -0.3795 -0.4273 -1.8398 
14.4283 8.6688 -5.3661 -2.1834 2.0390 -1.9349 -1.8940 1.5015 -0.3258 -1.8949 0.2106 -0.3405 -2.1858 
15.0049 8.8889 -5.7993 -2.3140 2.2890 -1.7270 -1.6855 1.5443 -0.8056 -2.5176 0.0664 0.0125 -1.5828 
14.9128 8.8053 -5.7610 -2.0911 2.5969 -1.6825 -1.9658 1.4521 -0.3809 -1.8845 0.5478 0.2407 -1.6926 
13.8823 7.7897 -6.3778 -3.0413 1.5514 -2.2572 -2.3373 1.0117 -0.6672 -2.0984 0.1207 -0.2134 -1.8499 
14.0014 7.9107 -6.2599 -2.6265 2.4352 -1.2444 -1.5429 1.6969 -0.1573 -2.2022 -0.4242 -0.4535 -1.7315 
14.3584 8.2029 -6.0959 -2.2435 2.7009 -1.4772 -1.9406 1.4835 -0.1968 -1.9617 0.0992 -0.0838 -1.7707 
13.8681 7.7957 -6.2796 -2.9400 1.2932 -2.9772 -2.9195 1.0705 -0.4567 -2.4058 -0.3930 -0.3307 -1.8304 
13.1654 7.6766 -5.2838 -2.0435 1.9684 -1.9995 -2.1296 1.2253 -0.3161 -1.8246 0.3605 0.4145 -1.1658 
14.1171 8.0826 -6.1050 -2.6838 1.9757 -1.9164 -2.1313 1.1867 -0.6007 -2.4752 -0.6335 -0.6943 -1.7772 
14.3854 8.7750 -4.9570 -1.5852 2.5779 -1.7374 -1.9181 1.5796 -0.4494 -2.5574 -0.3245 -0.1499 -1.7720 
12.6525 7.0265 -5.7049 -2.1850 2.1247 -1.3944 -1.2993 1.4726 -0.8611 -2.3456 0.1730 -0.0090 -1.6549 
13.0831 7.4212 -5.7433 -2.4602 1.8098 -1.9475 -2.0403 1.2234 -0.4802 -2.1512 -0.0412 0.0636 -1.3193 
13.3926 7.9703 -4.8822 -1.4055 2.6847 -1.2487 -1.4403 1.3186 -0.8834 -2.2469 0.3468 0.2566 -1.3574 
12.3923 6.7876 -5.7978 -2.3682 1.6485 -2.3776 -2.7263 0.4241 -0.7814 -1.6554 0.5061 -0.0240 -1.5929 
12.6575 7.3863 -5.0957 -2.0422 1.8123 -2.0244 -2.5048 0.2345 -1.1866 -2.2641 -0.4140 -0.9630 -2.3795 
12.6638 7.2612 -5.2722 -1.9564 2.1579 -1.4317 -1.6159 1.0449 -0.7618 -1.8155 0.3837 -0.1390 -1.6143 
13.1922 7.6057 -5.5966 -2.3207 2.3220 -1.0347 -1.4022 1.2586 -0.4374 -1.6386 0.5135 0.2855 -1.0547 
13.6255 7.9699 -5.4585 -2.0774 2.4297 -1.2087 -1.3793 1.4466 -0.8471 -2.6618 -0.2682 0.0125 -1.2305 
12.7394 7.4188 -5.0473 -1.7315 2.2710 -1.5879 -1.9183 1.0348 -0.5069 -1.8524 0.1371 0.1296 -0.9720 
13.2117 7.6367 -5.3379 -1.6260 3.1365 -0.4602 -1.0302 1.3470 -0.8476 -2.1824 0.3889 0.3474 -1.2843 
12.8115 7.2273 -5.6032 -2.0911 2.3935 -1.2000 -1.4408 1.4187 -0.5811 -2.2680 0.0157 0.2527 -1.3329 
13.7417 8.3757 -4.8218 -1.7371 2.3708 -1.3593 -1.6696 0.9929 -0.8327 -1.9163 0.3368 -0.1895 -1.9092 
