12.4087 6.8631 -5.5364 -1.9146 2.1825 -1.5704 -1.4560 1.5290 -0.6929 -2.3201 0.0731 0.0902 -1.3861 
12.5683 6.8755 -5.8730 -2.3744 1.7595 -1.9780 -1.8733 1.1717 -0.8822 -2.3743 0.0218 0.0922 -1.2254 
12.2479 6.9869 -5.0603 -1.9058 1.4772 -2.2874 -1.7026 1.5866 -0.4547 -1.9394 0.3423 0.2202 -1.1001 
12.5754 7.1050 -5.3494 -1.7991 2.4473 -0.9853 -0.7037 2.2306 -0.1660 -2.1804 -0.3200 -0.6191 -2.0204 
12.4915 7.5129 -4.4786 -1.5013 2.2014 -1.1258 -0.9946 1.4945 -0.5337 -1.4167 1.0664 0.3530 -1.8696 
12.3764 7.1295 -4.9756 -1.6582 2.1231 -1.5709 -1.4643 1.4421 -0.5390 -1.9692 0.1190 -0.1959 -1.5275 
13.2743 7.7580 -5.2369 -1.8212 2.5006 -1.1110 -1.1268 1.7272 -0.5326 -2.2046 0.1349 0.0336 -1.5489 
12.9708 7.1300 -5.9381 -2.0773 2.5952 -1.1363 -1.3481 1.5286 -0.4855 -1.7856 0.7169 0.4040 -1.4782 
13.3167 7.4550 -5.9237 -2.3203 2.1598 -1.5844 -1.6105 1.2904 -0.9931 -2.4042 0.4065 0.5102 -1.0767 
13.0553 7.5848 -5.1906 -1.7571 2.3787 -1.4905 -1.7632 1.0827 -0.7782 -2.1109 0.2161 0.3016 -0.8614 
12.4061 6.6970 -6.0546 -2.6382 1.5615 -2.1247 -2.2836 0.4965 -1.4234 -2.7088 -0.5202 -0.8510 -2.1479 
13.1482 7.6775 -5.1715 -1.7715 2.4760 -1.1327 -1.3452 1.1435 -0.9774 -2.1106 0.2407 -0.1931 -1.6457 
12.1895 6.7671 -5.5033 -2.0907 1.9684 -1.8876 -2.2780 0.6450 -0.8659 -2.1154 -0.1804 -0.7472 -2.3759 
14.1592 9.1215 -4.0690 -1.7283 1.2941 -2.8399 -2.7114 0.4561 -1.2096 -2.2685 -0.0246 -0.5348 -1.9862 
13.9395 8.4188 -4.9942 -1.6923 2.6600 -0.9053 -0.8810 1.8571 -0.4771 -1.9333 0.4391 -0.1245 -2.0041 
13.4027 7.9575 -5.0212 -1.7458 2.3125 -1.3695 -1.3564 1.3358 -0.9642 -2.4061 -0.0719 -0.3568 -1.8502 
12.3508 6.9082 -5.3478 -2.0211 1.4552 -2.5332 -2.1887 0.9807 -1.0420 -2.4041 -0.2642 -0.8802 -2.4562 
12.4688 6.9862 -5.4200 -1.8830 2.2596 -1.4030 -1.4930 1.1810 -0.9808 -2.4162 -0.2435 -0.5679 -1.8263 
12.8185 7.5763 -4.8381 -1.6685 2.0619 -1.7793 -1.8898 0.9579 -0.7948 -1.9648 0.0327 -0.6218 -2.0762 
12.9393 7.4410 -5.4166 -2.4369 1.2021 -2.3956 -1.9695 0.8865 -1.2966 -2.3852 0.0401 -0.5258 -2.0873 
12.3149 6.9577 -5.3992 -2.2816 1.8379 -1.0416 -0.6713 1.4794 -1.1038 -2.1285 0.3743 -0.3261 -2.0460 
12.5329 7.3879 -4.8754 -2.1398 1.2036 -2.1939 -1.7115 0.8458 -1.4699 -2.4404 -0.0301 -0.8324 -2.3904 
12.6326 7.1188 -5.4050 -2.0150 1.7029 -2.3550 -2.3838 0.7196 -0.7359 -1.4430 0.7245 -0.3037 -1.9389 
12.3849 6.9860 -5.0894 -1.3892 2.4063 -1.5125 -1.1930 1.8966 -0.4718 -2.1551 0.3099 0.4409 -0.7918 
12.7532 7.4481 -4.7375 -1.1266 2.5880 -1.4420 -1.3312 1.4889 -0.9195 -2.3043 0.3122 0.0651 -1.5759 
13.6352 7.3926 -5.7691 -1.0447 2.7604 -2.1750 -1.4124 2.2590 -0.4944 -1.8971 0.8190 -0.0876 -1.7392 
22.0327 12.5591 -8.4182 -1.9799 3.3194 -4.2062 -2.6763 3.0258 -1.2392 -3.2092 1.0157 -0.3466 -2.3511 
18.7210 10.8456 -6.9745 -1.7467 3.2148 -2.2796 -0.9950 3.0381 -0.9331 -2.4252 0.9394 -0.9522 -3.0047 
15.2033 8.7446 -5.7791 -1.4515 2.4098 -2.6923 -1.8601 2.0411 -0.9879 -2.5924 0.7576 0.3595 -1.6866 
14.2847 8.0504 -5.9421 -1.5615 3.3329 -0.9029 -1.0508 1.8861 -0.7810 -2.3053 0.5687 0.1937 -1.7713 
13.7360 8.1263 -5.0905 -1.5231 2.5782 -1.4718 -1.3486 1.8929 -0.2486 -1.7331 0.8996 0.7135 -1.3378 
13.7853 8.3180 -4.7330 -1.2002 2.8026 -1.1794 -0.9602 2.1323 -0.3704 -2.2047 0.2617 0.2054 -1.4886 
13.1683 7.3533 -5.8193 -2.0575 2.4346 -1.5907 -1.9622 1.1151 -0.6586 -2.2433 -0.3591 -0.7208 -1.8749 
13.1990 7.7557 -4.9566 -1.3271 2.7887 -1.3438 -1.6161 1.5968 -0.0713 -1.6406 0.2343 -0.2185 -1.7539 
12.9497 7.4973 -4.9990 -1.2996 2.6826 -1.3594 -1.3509 1.7187 -0.3881 -2.0908 -0.2749 -1.0197 -2.5491 
13.3812 7.2784 -6.1115 -1.8652 2.8162 -1.3505 -1.4465 1.8049 -0.3153 -1.9740 0.2111 -0.1600 -1.4898 
13.3212 7.9682 -4.9746 -2.0370 1.7351 -1.7798 -1.3954 1.3840 -1.2214 -2.8944 -0.1906 0.2230 -1.0590 
12.8433 7.2352 -5.4227 -1.5639 2.8650 -1.0637 -1.4798 1.2122 -0.8168 -2.0276 0.5785 0.4254 -1.3371 
13.2436 8.0600 -4.5848 -1.4284 2.5290 -1.3693 -1.8947 0.7358 -1.0849 -2.4869 -0.2895 -0.0995 -1.3194 
13.6086 7.9518 -5.1875 -1.5048 2.6058 -1.5271 -1.5608 1.4398 -0.8605 -2.4522 -0.1230 -0.4705 -2.0231 
18.0969 10.0152 -8.5398 -4.3456 1.2409 -3.0832 -1.4635 3.2302 -0.4843 -3.3017 -0.0715 -0.0417 -1.7597 
21.8521 12.8084 -9.1880 -4.9661 1.7440 -2.8815 -1.7336 2.9299 -0.8791 -3.4391 0.0893 -0.3344 -2.3299 
17.2172 10.1863 -6.6532 -2.5048 3.0717 -1.3453 -1.5081 1.8124 -0.8985 -2.6319 0.2297 -0.1018 -1.8277 
14.5945 8.2582 -6.5644 -3.3136 1.1224 -2.6684 -2.3113 0.7604 -1.7736 -3.1112 -0.3093 -0.8839 -2.8960 
13.0320 7.4565 -5.2107 -1.4662 2.4969 -1.7201 -1.8571 1.1031 -0.9136 -1.9582 0.8312 0.6300 -1.0690 
12.4363 6.8947 -5.7056 -2.3989 1.7071 -1.9277 -2.0421 0.8238 -0.9323 -2.0953 0.2769 0.1821 -1.3130 
11.7897 6.1906 -6.0568 -2.7094 1.1515 -2.5874 -2.5521 0.5044 -1.0555 -2.1228 -0.0990 -0.7940 -2.4182 
12.5482 7.0938 -5.2825 -1.7794 2.1368 -1.6761 -1.6366 1.1837 -0.8955 -2.1018 0.2554 -0.2584 -1.9179 
12.5807 7.3163 -5.2088 -2.2421 1.9562 -1.1401 -1.2979 0.9883 -1.0480 -2.3582 -0.3966 -0.6025 -1.6166 
12.4278 7.0828 -5.1681 -1.7727 2.2054 -1.3855 -1.3414 1.3682 -0.7698 -2.1101 0.1989 -0.0808 -1.5411 
12.7599 7.6489 -4.4769 -1.2491 2.2484 -1.6502 -1.4049 1.5397 -0.9106 -2.7156 -0.2671 -0.0360 -1.4200 
12.9758 7.4251 -5.2293 -1.4909 2.5170 -1.8972 -2.2789 0.9554 -0.8520 -2.4879 -0.1244 0.2526 -0.8243 
12.5953 7.2739 -4.9655 -1.4626 2.4588 -1.3143 -1.2588 1.5461 -0.7397 -2.2986 0.0584 0.0011 -1.2987 
12.8514 7.8179 -4.1618 -0.7675 2.6512 -1.6709 -1.8556 1.1995 -0.5013 -1.6605 0.5661 0.1459 -1.2775 
12.4727 7.3144 -4.7659 -1.4725 2.4289 -1.1192 -1.1834 1.3758 -0.6526 -1.8591 0.2011 -0.5177 -2.0845 
12.1363 7.0147 -4.7531 -1.4330 2.1476 -1.6037 -1.4716 1.3461 -0.7245 -2.1628 -0.2197 -0.8054 -2.1232 
12.9129 7.4008 -5.2329 -1.6209 2.3715 -1.8828 -2.2245 0.9441 -0.7493 -2.3098 -0.3403 -0.5691 -1.8854 
12.6614 7.1918 -5.3245 -2.1137 1.3973 -2.4125 -1.8629 1.2127 -1.1647 -2.6217 -0.1082 -0.2101 -1.4677 
13.9927 8.6673 -4.4891 -1.2025 2.8654 -1.1079 -1.4193 1.3644 -0.6909 -2.3193 -0.4518 -0.7712 -1.6949 
13.0180 7.9885 -4.4987 -1.6994 2.0548 -1.5442 -1.6807 1.2335 -0.4963 -2.2352 -0.5050 -0.3039 -1.0517 
12.7274 7.3902 -5.1335 -1.9453 2.0365 -1.5376 -1.6966 0.7824 -1.2864 -2.3081 0.3431 0.3630 -0.9597 
12.4680 7.0830 -5.3849 -2.1347 2.0934 -1.2449 -1.3743 1.2215 -0.5621 -1.5941 0.5864 0.1032 -1.3509 
13.1395 7.4790 -5.5791 -2.0369 2.5071 -0.8305 -0.7184 1.8974 -0.6034 -2.1717 0.2661 0.0335 -1.7085 
13.4440 7.9150 -5.3201 -2.0844 2.2757 -1.4814 -1.9481 0.9123 -0.7612 -2.3149 -0.3928 -0.3042 -1.2730 
11.8283 6.2018 -5.9054 -2.2323 1.6813 -2.0637 -1.7715 1.1533 -1.2016 -2.7112 -0.2645 -0.4116 -1.7997 
12.4660 7.0936 -5.2354 -1.7367 2.3761 -1.6033 -2.0005 1.1351 -0.4511 -2.0825 0.0058 0.1975 -1.1489 
12.7994 7.1066 -5.7944 -2.2220 2.3315 -0.9309 -0.7859 1.7975 -0.6763 -2.1717 0.2108 -0.2103 -2.0184 
13.1444 7.7116 -5.2812 -2.1234 2.2736 -1.1143 -1.3420 1.3864 -0.4886 -2.1116 -0.2891 -0.4368 -1.5155 
13.1594 7.8105 -5.0147 -1.7555 2.4423 -1.4625 -2.0048 0.9080 -0.7873 -2.4188 -0.3133 -0.1201 -1.4805 
13.0333 7.6698 -4.7021 -1.0138 2.7626 -1.3302 -1.2115 1.7413 -0.3997 -1.5386 0.8715 0.1453 -1.4523 
13.0398 7.3618 -5.4622 -1.6121 2.5943 -1.7052 -1.9680 1.3648 -0.3695 -1.8205 0.5591 0.3439 -1.4605 
13.1524 7.6906 -5.2058 -1.8858 2.3573 -1.2136 -1.2369 1.6438 -0.4664 -2.2587 -0.3574 -0.5218 -1.7332 
12.7660 7.6077 -4.6553 -1.4340 2.3448 -1.4551 -1.6251 1.0860 -0.9301 -2.4694 -0.4810 -0.5560 -1.5688 
38.5577 24.4670 -12.1998 -4.7406 7.1150 -2.7488 -5.4351 1.2161 -1.7143 -3.8323 1.0937 -0.3959 -3.8742 
40.0049 26.6393 -11.3516 -5.5525 8.6109 1.7724 -3.2666 -0.8460 -3.9299 -4.2087 1.1262 -0.3480 -3.4298 
36.8007 25.1228 -9.7530 -5.6188 7.3900 2.0897 -2.8609 -1.6018 -4.5377 -4.5802 0.4310 -0.7299 -3.4708 
35.6399 24.6950 -8.8436 -5.2346 7.4223 2.8543 -2.2090 -2.0035 -5.2434 -4.8521 0.5415 -0.2788 -3.0177 
34.1443 23.4210 -9.2038 -5.8009 7.0039 3.1012 -2.0229 -1.8786 -4.5825 -4.5448 -0.2084 -0.7892 -2.6066 
32.1632 22.0206 -8.5914 -4.7989 7.8885 3.9791 -1.8620 -2.3627 -4.7011 -4.3805 -0.4487 -1.1694 -2.7459 
30.3665 21.3088 -7.3817 -5.1208 5.5991 2.3358 -2.0733 -2.2535 -4.7277 -4.4915 -0.6717 -1.2670 -2.6859 
28.5229 20.2478 -6.4310 -4.4347 5.5794 2.9317 -1.0773 -2.0187 -5.0432 -4.3757 0.0677 -0.5866 -2.8206 
26.7508 18.5702 -6.8395 -4.4972 5.4237 2.7837 -1.2894 -2.0757 -4.6456 -4.0117 -0.0938 -0.8294 -2.7544 
25.8066 17.6011 -7.0436 -4.2651 5.4352 2.4586 -1.5145 -2.1335 -4.9670 -4.5984 -0.4399 -0.8806 -2.9391 
24.2541 16.3908 -6.9500 -4.4829 4.3915 1.8003 -1.3149 -1.9104 -4.9005 -3.9902 0.5158 -0.5697 -3.2804 
23.8601 16.4085 -6.0271 -3.3767 5.1429 2.2654 -0.8615 -1.1865 -3.9520 -3.3614 0.5104 -0.8654 -3.5694 
33.6063 19.7410 -14.2431 -6.3891 7.1020 -0.8885 -4.6600 0.8390 -1.8325 -5.0618 -1.0358 -0.8577 -3.1759 
35.5324 20.2610 -14.9914 -4.4146 9.2713 -1.6617 -5.6209 1.1260 -2.4188 -5.9194 -0.4771 -0.1319 -3.0415 
31.2739 17.8506 -13.6909 -5.1006 7.6623 -0.4637 -3.9695 0.8830 -2.4040 -5.2778 -1.2475 -1.6299 -3.5981 
31.9813 19.7444 -11.6651 -5.2094 6.4875 -0.6351 -3.6133 1.2481 -1.3123 -3.7543 -0.0684 -0.5771 -2.6626 
30.0839 18.7846 -10.5738 -4.6969 5.9795 -1.0124 -3.6876 1.6389 -0.4941 -3.6713 -0.9624 -1.3592 -3.1852 
29.0850 17.3263 -11.5537 -4.5666 6.5706 -0.8556 -3.7184 1.9330 0.0557 -2.9745 -0.1828 -0.9325 -3.5384 
28.8095 16.1510 -12.7184 -4.1641 6.7046 -1.9993 -3.8282 2.9846 -0.1728 -4.1791 -0.5241 -0.7784 -3.5563 
29.2937 15.4496 -14.1240 -3.5738 7.8538 -2.2915 -4.1539 3.3306 -0.1059 -3.8626 0.3250 -0.6106 -3.7757 
28.7581 15.1303 -14.1017 -4.0873 7.1217 -2.2435 -3.7267 2.9356 -1.1585 -4.3885 0.5371 -0.4539 -3.9799 
26.5249 14.4652 -12.1101 -3.5788 6.2104 -2.0194 -3.1110 2.7414 -1.0827 -3.9028 0.4996 -0.4875 -3.7212 
25.0618 13.1278 -11.8070 -2.1368 7.1762 -2.4857 -4.1743 2.2508 -1.1881 -4.2317 0.2437 -0.3231 -3.5328 
23.6856 13.0797 -10.4918 -2.6674 6.5880 -0.8345 -2.6786 2.3079 -0.6699 -3.3534 0.2466 -0.3541 -3.3293 
21.2423 11.8771 -9.2450 -2.7242 5.1446 -1.2461 -2.4295 1.8603 -1.3644 -3.7132 0.1824 0.0136 -2.7839 
19.6320 11.0190 -8.7822 -3.4208 3.6821 -1.8402 -2.9185 0.9264 -1.4141 -2.9542 0.1836 -0.5142 -2.6058 
20.1855 11.5691 -8.1728 -2.2796 4.7036 -1.2395 -2.0079 2.0672 -0.8196 -2.7299 0.4968 -0.2931 -2.4542 
22.9236 11.5095 -11.8701 -2.5560 6.8542 -1.7967 -3.5572 2.6057 0.0226 -2.6382 1.3724 1.0524 -1.8294 
26.5039 12.7960 -14.7475 -3.7436 7.4885 -1.9751 -3.6459 2.3236 -2.0404 -4.2276 1.8867 0.8618 -3.5147 
27.1090 13.6254 -14.1771 -3.7697 6.7510 -3.2437 -4.7239 2.4387 -0.9206 -3.7192 1.0664 -0.0392 -3.4458 
27.0460 14.8996 -12.4571 -4.3076 5.9066 -2.5008 -4.5161 1.6866 -0.8326 -3.6468 0.1290 -0.3865 -3.1687 
25.0882 15.4459 -8.5123 -2.7617 5.0532 -1.9934 -3.2742 1.9628 -0.0788 -1.7032 1.9051 0.8962 -1.9011 
28.8993 21.4817 -2.9489 0.0017 5.8562 -2.0381 -5.2890 -1.3983 -2.3329 -3.0986 -0.1498 -0.8303 -2.0726 
30.9460 23.6155 -1.9275 0.7096 6.3384 -2.1509 -5.8105 -1.9490 -2.5797 -2.8226 0.2113 -0.8377 -1.9206 
31.0336 23.3267 -2.8348 -0.2655 5.7361 -2.3943 -6.1853 -2.9685 -3.8564 -3.5811 -0.1875 -1.3050 -2.1500 
32.5780 24.2149 -3.7447 -1.0703 5.8056 -2.2476 -6.0384 -2.3656 -3.1772 -3.2930 -0.0867 -1.3120 -2.3546 
32.1269 24.3597 -2.6838 -0.2873 6.2555 -1.5944 -5.7516 -2.8589 -3.4622 -2.7025 0.5602 -1.2105 -2.0463 
32.5320 24.5744 -2.6258 0.2986 6.9069 -1.4398 -5.7906 -3.0654 -3.9958 -2.9950 0.7491 -1.1580 -2.1743 
33.0381 24.5013 -3.5433 0.0184 7.3829 -1.3049 -5.7515 -2.2778 -3.3004 -3.4389 -0.0115 -1.3775 -2.5016 
33.5791 24.5416 -4.5299 -1.1551 6.3177 -2.1645 -5.9208 -1.8705 -3.0918 -3.7225 -0.4160 -1.5593 -2.6644 
31.7085 24.2839 -2.0157 0.2636 6.1130 -1.9643 -5.6800 -2.4934 -3.4209 -2.9816 0.4610 -1.1342 -2.1022 
33.3775 24.8466 -3.4595 -0.2433 6.6979 -2.0055 -5.9300 -2.2266 -3.5914 -3.7223 0.3954 -0.4718 -1.7934 
34.0855 25.6042 -3.3751 -1.1056 5.2487 -2.9372 -5.9227 -2.0468 -3.3823 -2.9632 0.8945 -1.1301 -2.2731 
34.9534 25.7735 -4.5090 -2.0674 4.6759 -3.4065 -5.6689 -1.1816 -2.9723 -3.1158 0.7045 -1.4204 -2.6583 
36.1139 26.8187 -4.5960 -2.7266 4.1417 -3.7395 -5.7742 -0.6849 -1.9761 -2.5198 0.2833 -2.4351 -3.3666 
37.6719 27.5129 -5.2016 -2.2214 4.7753 -4.3513 -5.8154 0.4648 -1.5707 -2.8023 0.7756 -1.8935 -3.7266 
37.7535 27.4204 -5.6203 -2.9162 3.8330 -5.0429 -5.8792 0.4897 -1.8201 -3.0009 0.4063 -2.8069 -4.4683 
38.3404 27.5510 -6.2671 -3.0777 4.3324 -4.7494 -5.7848 0.9286 -1.3555 -2.9169 0.6584 -2.1253 -4.2205 
37.8450 27.2696 -6.1761 -3.3509 3.8107 -5.0690 -6.0542 0.6643 -1.2998 -2.6456 0.6821 -2.5797 -5.0051 
37.3975 27.3299 -5.5023 -3.4100 3.2922 -4.6839 -5.0425 1.0650 -1.3521 -2.3212 1.0839 -2.7134 -5.2517 
36.4454 27.1892 -4.5673 -3.3583 3.1399 -3.8406 -4.5131 0.6197 -1.4078 -1.9762 0.6789 -3.2924 -4.9713 
37.2482 27.0516 -6.0201 -3.8488 3.6201 -3.9829 -4.8466 1.1713 -1.0312 -2.8697 -0.1055 -2.6556 -4.4094 
35.0316 26.3883 -4.1265 -3.4958 2.7497 -3.4494 -3.9640 0.9375 -1.1067 -2.3324 -0.1801 -3.2588 -4.4660 
33.8704 25.3810 -4.4393 -3.9336 2.3476 -3.6162 -4.2780 0.6106 -1.4668 -3.3076 -1.1520 -3.2020 -4.3060 
33.7836 25.3702 -4.3400 -4.1548 1.5971 -4.1869 -3.9936 1.2467 -1.2060 -3.2672 -1.0680 -3.2725 -4.5639 
33.5277 25.2485 -4.0922 -3.7761 2.1882 -3.0879 -2.7379 1.9338 -1.0281 -3.0080 -0.6925 -2.9476 -4.0622 
32.2656 23.9593 -4.3478 -3.3880 2.4013 -3.2377 -2.6150 2.5651 -0.6485 -3.2316 -0.6823 -2.3202 -3.7559 
31.8691 22.2304 -6.6315 -3.0854 4.6957 -2.6017 -3.9572 1.7316 -1.0481 -4.5961 -1.6580 -1.5672 -3.3835 
34.2080 21.9278 -9.9277 -2.7868 7.0562 -2.7282 -4.2716 3.2053 -0.6711 -5.3319 -0.6316 0.2608 -3.0608 
35.0690 21.1080 -12.1486 -2.5985 8.1766 -3.5907 -5.6299 2.9402 -0.4659 -4.6446 0.2315 0.2597 -3.0735 
34.3892 19.3600 -13.9411 -2.5834 8.7142 -3.9105 -5.3559 4.2378 0.2646 -4.4430 0.8070 0.4811 -3.5441 
33.6761 18.5821 -13.8778 -1.7222 9.2540 -4.0627 -5.4156 4.3892 0.1903 -4.3979 1.3890 1.1838 -3.1899 
33.1262 18.1174 -13.5661 -1.1174 8.9534 -5.1164 -5.7955 4.7367 0.0558 -5.0417 0.9141 0.6166 -3.8973 
32.5441 17.5539 -13.9685 -1.5051 9.3370 -4.0040 -5.2780 4.4006 -0.2412 -5.2494 0.5387 0.5968 -3.5085 
32.1699 16.7457 -14.5068 -1.0508 9.6337 -4.5450 -5.4957 4.6259 -0.6512 -5.6900 1.3955 2.1427 -2.6336 
31.7847 16.2780 -14.8691 -1.4967 9.0690 -4.8806 -5.5726 4.2568 -1.2813 -5.7160 2.1105 2.7190 -2.4791 
31.5653 15.6472 -15.5982 -1.6259 9.2017 -4.9217 -5.4497 4.5428 -1.2966 -6.0754 1.5243 1.9846 -3.0418 
30.7899 15.0677 -16.0597 -2.9988 8.0301 -4.6552 -4.7571 4.7840 -0.7284 -4.9382 2.2859 2.0321 -3.0651 
31.4611 15.5656 -16.0821 -2.6213 9.1070 -3.7386 -4.7223 4.2624 -1.0798 -4.9096 2.3941 1.9754 -3.1884 
31.0340 15.1374 -16.2859 -2.6735 9.3673 -3.2885 -4.2806 5.0586 0.1060 -4.1559 2.4664 2.0458 -3.0145 
30.7178 15.1296 -16.4733 -4.1188 7.9655 -3.5777 -4.8677 3.3626 -1.7089 -5.7493 0.9016 1.0622 -3.3840 
29.2209 15.2670 -14.2508 -3.7376 7.0742 -3.3671 -4.8880 2.1968 -2.0081 -4.8875 1.1346 0.6395 -3.3993 
30.8819 18.7562 -9.9409 -1.1006 8.0295 -2.5845 -4.1306 2.9960 -0.6912 -3.7377 1.5191 1.0758 -2.6472 
36.9969 25.0382 -8.6691 -3.0420 6.4420 -3.3241 -5.8358 0.7040 -1.8411 -4.4957 -0.4668 -1.1984 -3.5613 
40.3856 27.6446 -9.6682 -4.9750 5.9515 -2.5426 -5.0879 0.6722 -2.0526 -3.8969 0.4937 -0.8895 -3.3770 
41.7481 28.4903 -10.5706 -6.1740 5.6594 -2.2854 -5.0775 0.3103 -2.3532 -3.7013 1.0800 -0.4978 -3.3182 
42.3135 28.4738 -11.6463 -7.0752 5.3318 -2.6169 -5.6277 -0.1684 -2.5211 -3.7715 0.6818 -1.0009 -3.4463 
42.7700 28.9195 -11.7053 -7.4851 5.1645 -2.3242 -5.2522 0.1294 -2.0863 -3.2758 0.9627 -0.8359 -3.1585 
42.8073 29.1720 -11.5180 -7.8715 4.6581 -2.5714 -5.6687 -0.4055 -2.2111 -3.2735 0.5998 -1.2255 -3.2654 
43.1990 29.5562 -11.2226 -7.2996 5.3302 -2.1483 -5.3161 0.0224 -1.9837 -3.1636 1.0206 -0.6685 -2.9714 
43.1715 29.7303 -10.8736 -7.2473 5.1838 -1.9493 -4.9232 0.0666 -2.0427 -2.8748 1.3374 -0.5599 -2.7660 
42.7038 29.5062 -10.6291 -7.1457 5.1452 -2.0830 -5.3098 -0.1751 -1.9524 -2.9871 1.1224 -0.3617 -2.6578 
41.4462 28.6436 -10.4115 -7.2195 4.6809 -2.3244 -5.6437 -0.7253 -2.1815 -3.1190 0.5167 -1.0537 -2.9897 
38.8565 27.1621 -9.1603 -6.4552 4.3652 -2.1993 -5.2318 -0.6467 -2.1654 -3.2177 0.2774 -0.9951 -2.9200 
37.2453 25.4937 -8.7837 -4.5380 4.8746 -3.1248 -4.5493 1.2705 -1.7774 -3.6455 0.7651 -0.9609 -4.1812 
36.0602 23.9813 -9.7799 -4.7914 4.9620 -3.3687 -4.7477 1.7931 -1.4202 -4.2420 0.4673 -0.4482 -4.5356 
35.1599 22.9442 -9.9968 -4.1431 5.4731 -3.6677 -5.3533 1.4160 -1.6084 -4.2803 0.6155 -0.1464 -4.1104 
34.4779 21.4183 -11.6527 -4.6378 5.3572 -4.4625 -5.9428 1.3679 -2.3711 -5.7161 -0.1806 -0.4899 -4.9393 
35.3116 24.0316 -8.6060 -4.1269 5.4483 -2.5911 -4.9511 0.6915 -1.5966 -3.5262 0.6283 -0.6817 -4.2428 
37.5587 26.7082 -8.1142 -6.0087 4.3397 -1.7469 -5.1609 -1.3747 -2.6156 -3.0929 0.2269 -1.6720 -4.0123 
40.1517 28.5181 -8.7460 -6.3776 5.0180 -1.1646 -4.7249 -0.6531 -1.7843 -2.1650 1.1798 -1.0274 -3.3030 
40.3878 28.3543 -9.7343 -7.5187 4.3584 -1.4978 -5.2710 -1.5437 -2.6209 -2.7121 0.5751 -1.9288 -4.0588 
41.1276 29.0421 -9.2613 -6.5941 5.3787 -0.8734 -4.5863 -0.5179 -1.6745 -2.0191 1.1560 -1.4162 -3.4739 
40.1181 28.0894 -9.6757 -7.2865 4.3864 -1.5699 -5.2394 -1.6023 -2.6248 -2.4168 0.5271 -2.6601 -4.4854 
39.5161 27.8971 -8.8674 -6.5166 4.5410 -1.2637 -4.4334 -1.1843 -2.8174 -2.2760 1.1181 -2.4411 -4.5815 
38.0114 27.3361 -7.9164 -6.6002 3.9280 -0.8339 -3.8669 -1.1862 -2.6571 -2.1110 1.0415 -2.0310 -4.1324 
35.7224 26.0455 -7.1013 -6.4026 3.9891 0.2181 -3.1251 -1.0732 -2.5206 -2.7246 0.0621 -1.7549 -3.8140 
35.6417 26.1028 -6.7164 -5.9725 4.0660 -0.0050 -3.3362 -1.1094 -2.2655 -2.2908 0.2114 -1.8793 -3.6236 
34.4487 25.3267 -6.2265 -5.5486 3.7376 -0.6913 -3.8910 -1.2915 -2.3821 -2.8663 -0.4460 -1.9776 -3.6922 
34.1684 25.0735 -6.0771 -5.0425 4.2865 -0.1977 -3.6244 -1.7029 -3.1579 -2.9345 0.3051 -1.2789 -3.2775 
33.5786 24.6738 -5.8054 -4.6072 4.5116 -0.2549 -3.7736 -1.4943 -2.6418 -2.8163 -0.0877 -1.5293 -3.2279 
32.9846 23.9913 -5.9641 -4.2712 4.7761 -0.1482 -3.4298 -1.1695 -2.8389 -3.2339 -0.2770 -1.6355 -3.3910 
31.9303 23.2160 -5.7170 -3.7419 5.2873 0.0232 -3.8192 -1.2811 -2.2958 -3.0967 -0.7707 -1.7561 -3.2141 
31.4586 22.7546 -5.6507 -3.4589 5.1700 -0.1280 -3.4514 -0.9925 -2.4426 -3.0706 -0.7216 -2.2434 -3.5852 
30.4632 21.8691 -5.6821 -3.2159 5.1631 -0.4551 -3.7683 -0.9846 -2.4613 -3.5028 -1.0277 -2.0185 -3.4707 
29.3136 20.6456 -5.6691 -1.9635 6.4141 0.1993 -2.9796 -0.0531 -2.3400 -4.0171 -1.1253 -1.6620 -3.2075 
27.9338 19.7764 -5.4910 -2.5933 5.2188 -0.3065 -3.2271 -0.5219 -2.2330 -3.1431 -0.3715 -1.5091 -3.4990 
28.8558 21.0982 -4.2743 -2.0649 4.5383 -1.5412 -3.7708 -0.2437 -1.8581 -2.9094 -0.2759 -1.7337 -3.6738 
28.4991 20.4778 -4.7236 -1.9376 4.7931 -1.5084 -3.5313 0.3274 -1.3557 -2.4895 0.3492 -0.9049 -2.9291 
25.9714 18.6894 -4.3766 -2.1510 3.8089 -1.6932 -3.1340 0.3346 -1.8701 -3.4137 -0.5998 -1.4260 -3.3535 
24.7854 17.4239 -4.7055 -1.7801 4.0773 -1.9492 -3.4620 0.5092 -1.3137 -2.9312 -0.2411 -0.9671 -2.8037 
23.8860 16.4665 -5.3328 -2.6807 2.9352 -2.6405 -3.5720 0.5899 -0.9652 -2.1669 0.3693 -0.9926 -3.0973 
22.3695 14.9889 -5.7465 -2.6236 3.1942 -2.2633 -3.2824 0.8927 -0.6731 -2.2407 0.2560 -0.4491 -2.2499 
20.9254 14.0947 -5.1430 -2.0924 3.4339 -1.6679 -2.9163 0.5424 -0.8944 -1.9037 0.5187 -0.5398 -2.5991 
21.0863 14.0838 -5.4981 -2.7487 2.3718 -2.4443 -2.4303 1.5776 -0.8807 -2.7305 0.2098 -0.1789 -2.3604 
20.3255 13.6414 -5.1409 -2.3698 2.8156 -1.7451 -2.0608 1.5472 -0.6041 -2.1685 0.4548 -0.2327 -2.4102 
19.8914 12.7663 -5.8023 -2.0239 3.2996 -2.0471 -2.3929 1.8814 -0.1408 -2.1529 -0.0226 -0.8692 -2.5439 
19.1891 12.0429 -6.2159 -2.5990 2.5016 -2.6864 -2.8544 1.1008 -1.4666 -3.4496 -0.6518 -1.1071 -3.0511 
19.6328 12.7243 -5.7044 -2.3709 2.9979 -1.8630 -2.3841 1.2753 -0.9473 -2.6806 0.0060 -0.4866 -2.6034 
19.1506 12.1278 -6.1200 -2.7229 2.5127 -2.4429 -2.8741 0.9459 -1.1105 -2.7043 0.0965 -0.1303 -1.9723 
18.6419 11.9975 -5.4741 -2.2339 2.4934 -2.5269 -2.9093 0.6965 -1.5333 -3.0734 -0.2502 -0.5239 -2.1416 
18.6686 12.3803 -4.7379 -1.6967 2.9844 -1.6100 -1.9009 1.1872 -1.3774 -2.6254 0.6002 0.2476 -1.7845 
18.7027 12.2411 -5.0679 -1.7609 3.3643 -1.1347 -1.5641 1.4991 -1.1408 -2.6656 0.4241 0.1668 -1.9301 
18.3106 11.7830 -5.4029 -2.1227 2.9562 -1.4249 -1.6529 1.4195 -1.4940 -3.2569 -0.0897 -0.1910 -2.3747 
18.0706 11.3689 -5.8044 -2.2690 3.0580 -1.2435 -1.5416 1.4953 -1.1601 -2.7409 -0.0226 -0.6204 -2.6012 
17.5663 10.8261 -6.0479 -2.4934 2.6039 -1.6396 -1.6131 1.3302 -1.7134 -3.1028 0.2120 -0.3450 -2.7552 
20.7215 13.3338 -6.5052 -2.8629 4.5468 1.1567 -0.2692 1.3350 -1.3731 -1.9582 1.1666 0.1627 -1.6481 
24.7245 18.5261 -2.4826 -0.3209 5.5486 0.8389 -1.4278 -0.2418 -3.1651 -3.7748 -0.4026 -1.0682 -2.6850 
25.1340 18.7451 -2.3065 0.4689 5.8720 -0.1999 -2.4673 -0.2428 -3.2199 -4.4144 -0.4274 -0.2145 -2.2977 
26.3216 20.0617 -1.9466 -0.0830 5.3377 0.1031 -1.7251 0.0385 -3.3791 -4.3918 -0.1818 -0.1587 -2.5661 
28.0723 20.3022 -4.2622 -1.1363 6.0574 0.0179 -2.9020 -0.8666 -3.9906 -5.0289 -0.4652 -0.0866 -2.5500 
28.2069 21.1692 -3.3449 -1.8205 4.9707 0.2094 -2.5683 -1.4220 -4.3095 -4.6930 -0.4074 -0.3090 -2.5542 
29.3536 22.0244 -3.4294 -1.4726 6.1358 1.1073 -2.4255 -1.3043 -3.7638 -4.1268 -0.0840 0.0368 -2.1464 
30.1080 22.2841 -3.8946 -1.4646 6.0201 0.2430 -2.8075 -0.7252 -3.3407 -4.0810 0.0337 -0.1444 -2.5008 
30.5089 22.3289 -4.6468 -2.1171 6.1375 0.4999 -3.2561 -1.4501 -3.4174 -3.7903 -0.2681 -0.8872 -2.6926 
35.8273 26.4973 -6.0973 -5.2592 4.4080 -0.7636 -4.8893 -1.8144 -1.5375 -1.5735 -0.0186 -2.1815 -3.1478 
37.9579 27.4391 -7.4361 -5.5304 5.1191 -1.1866 -5.4622 -0.9516 -0.4286 -1.3696 0.0602 -1.7939 -3.0473 
39.4194 27.7786 -8.8140 -6.0792 4.7527 -2.3515 -5.7406 -0.3771 -0.9401 -2.2685 0.1369 -1.8680 -3.6727 
39.3696 27.6636 -8.8700 -5.8927 4.9825 -2.3706 -5.7676 0.0074 -0.2700 -1.6763 0.6169 -1.4985 -3.5550 
39.0496 27.4151 -8.9607 -6.0517 5.0225 -2.1916 -5.9942 -0.4315 -0.3095 -1.5233 0.5780 -1.4770 -3.4190 
39.9910 27.9186 -9.2503 -5.8692 5.3873 -2.2043 -5.8620 -0.2692 -0.6415 -1.7418 0.8930 -1.1835 -3.1205 
39.8568 28.0700 -8.9834 -6.1632 5.0347 -2.1476 -6.0551 -0.8927 -1.0123 -1.8718 0.5629 -1.4580 -3.1040 
39.6878 28.1132 -8.9332 -6.6553 4.6279 -2.0284 -5.9601 -0.9169 -0.8384 -1.7076 0.5505 -1.6433 -3.6512 
39.3947 28.0514 -8.8185 -6.9844 4.2995 -1.9415 -5.8441 -0.6904 -0.2184 -1.2670 0.4855 -1.7003 -3.6298 
38.8521 28.0313 -8.1004 -6.7861 4.1930 -1.5276 -5.5345 -1.0288 -0.3769 -0.9701 0.5268 -1.7770 -3.3746 
38.4973 28.0158 -7.5169 -6.5266 3.8692 -1.5752 -4.9639 -0.5987 -0.4908 -1.1844 0.4292 -1.8730 -3.3110 
38.7398 27.7119 -8.6010 -7.2860 3.8172 -1.4947 -5.2481 -1.2971 -1.2145 -1.5792 0.0872 -2.4367 -3.7688 
39.3663 28.1166 -8.7413 -7.0908 4.5474 -0.8161 -4.8334 -0.9622 -1.0228 -1.6041 0.1802 -1.9240 -3.0525 
39.7877 27.8523 -9.6564 -7.1125 4.8815 -1.0860 -4.8665 -0.5317 -1.2377 -2.2134 0.2342 -1.6928 -3.3493 
39.5947 27.1218 -10.3905 -6.8970 5.2950 -0.8469 -4.2549 -0.4888 -2.4932 -3.1587 0.4039 -1.5762 -3.3538 
39.9647 27.4726 -10.3172 -6.8115 5.7090 -0.1769 -3.7682 -0.5342 -2.9006 -3.3793 0.6788 -1.0121 -2.8236 
40.3245 27.5358 -10.7933 -7.1239 5.7103 -0.1910 -3.8684 -0.8166 -3.5143 -3.9490 0.5823 -0.9026 -2.8826 
39.6001 27.5158 -9.9488 -7.0736 5.5293 0.3518 -3.6683 -1.3751 -3.6200 -3.5062 0.7175 -0.9081 -2.7213 
39.4828 27.6023 -9.7139 -7.3510 4.8549 0.0632 -3.5886 -1.5403 -3.8758 -3.4351 0.7527 -1.1834 -2.9140 
39.1127 27.3455 -9.8031 -7.5039 5.1018 0.4654 -3.8216 -1.8777 -3.6182 -3.3063 0.3723 -1.4429 -3.1838 
37.9891 27.0307 -8.7237 -6.8498 5.4703 1.0812 -3.8084 -2.2780 -3.4664 -3.1786 0.0097 -1.4039 -2.7361 
37.8310 27.4571 -7.8486 -6.8486 5.0468 1.5360 -2.8200 -1.7911 -3.4702 -3.2781 -0.1365 -1.4250 -2.3414 
37.0035 26.3218 -8.0059 -5.8125 5.1353 0.3526 -2.6822 -0.2496 -3.1864 -4.3197 -0.4987 -1.1289 -2.4575 
34.3898 25.5250 -5.9394 -5.6275 4.2443 1.4018 -1.4341 -0.4974 -3.2565 -3.7612 -0.2524 -0.7140 -1.9785 
33.9037 25.1936 -5.7786 -5.4683 4.2075 1.2784 -1.7137 -0.9043 -3.4798 -3.6945 -0.0862 -0.5820 -1.9700 
33.2097 24.5902 -5.6172 -4.9020 4.4739 0.9822 -2.1827 -1.1657 -3.7106 -4.2114 -0.7319 -1.0517 -2.4406 
33.6853 24.9227 -5.5317 -4.4186 5.1676 1.3955 -1.9862 -1.1454 -3.8243 -3.9251 0.0316 -0.5170 -2.1000 
32.3485 23.9135 -5.2012 -3.9418 5.0332 0.9968 -2.2040 -1.0751 -3.6560 -4.0654 -0.4143 -0.7715 -2.1733 
31.0662 22.9955 -4.8772 -3.4294 5.4825 1.4804 -2.1049 -1.1963 -3.3760 -3.5770 -0.1566 -0.6481 -2.1755 
30.0933 22.1916 -4.6902 -3.0720 5.0938 0.6207 -2.4499 -0.8996 -3.2656 -3.9341 -0.3555 -0.5100 -2.3423 
32.0857 21.2166 -7.4545 -0.5065 7.7985 -1.9687 -3.4508 2.5784 -2.3412 -5.9871 0.3388 1.5182 -2.6233 
30.3899 20.2779 -6.6966 -0.3226 7.3097 -1.8465 -3.2702 2.0455 -2.6949 -5.6207 0.6625 1.4519 -2.6361 
30.7110 18.9154 -8.7898 0.2644 8.1582 -2.8302 -3.2174 3.4444 -2.3884 -5.4476 1.4777 0.7509 -4.3277 
31.0998 17.4156 -11.5708 0.2753 9.4369 -3.4288 -4.0306 3.9534 -2.1329 -5.6194 1.9881 1.2633 -4.3691 
32.3690 17.4253 -13.1650 0.1268 10.1250 -3.6870 -4.0548 4.8277 -1.7384 -5.8253 1.8977 0.9727 -4.7024 
31.7736 16.7702 -13.6910 -0.6095 9.3725 -4.0101 -3.9152 5.0190 -2.0411 -6.6342 1.3376 1.0276 -4.6400 
32.4364 17.2393 -13.7827 -0.5748 9.4419 -4.5877 -5.0312 4.2505 -1.9794 -6.2105 1.5110 1.2089 -3.8875 
31.6898 16.6190 -13.8018 -0.5225 9.5100 -4.1885 -4.4011 4.6158 -2.2258 -6.7119 1.5732 1.9101 -3.2437 
32.2761 16.4290 -15.0891 -1.2135 9.4090 -4.7917 -5.1686 4.5730 -1.7187 -6.3344 1.4418 1.3159 -3.9388 
32.0105 16.4687 -14.9448 -1.8212 8.8597 -4.2774 -4.2968 5.0406 -1.2656 -5.6797 2.0342 1.9380 -3.2561 
30.2711 15.1844 -15.0317 -2.3669 8.5452 -3.3075 -3.3732 4.9880 -1.3559 -5.4847 1.9344 1.5407 -3.7651 
30.2393 15.2272 -15.3743 -3.3839 7.9012 -3.3714 -4.1560 3.5562 -1.9514 -5.1553 2.2531 1.8094 -3.3721 
29.7814 15.4145 -14.6150 -3.5793 7.3025 -3.4647 -4.3858 3.1415 -1.9394 -5.3854 1.2743 1.0572 -3.4692 
28.6623 15.6638 -12.7585 -3.3422 6.6560 -2.7983 -3.6427 2.9179 -1.5134 -3.9623 2.1461 1.0759 -3.6381 
33.1759 21.9903 -7.8861 -1.3513 7.0266 -2.8140 -4.8281 0.9702 -2.4431 -4.3940 0.6242 -0.5739 -3.8452 
38.6501 26.2178 -9.4520 -4.4698 5.7569 -3.0700 -5.5887 0.0391 -2.5931 -3.9179 0.5932 -1.4832 -4.6051 
39.6586 26.9967 -9.7289 -4.7771 6.2282 -2.5368 -5.7119 0.0226 -1.8707 -3.2427 0.7593 -1.0533 -3.6058 
40.0175 27.3754 -9.9981 -5.7875 5.4200 -2.6730 -5.6983 0.0318 -1.7291 -3.2524 0.6355 -0.9435 -3.5649 
40.2245 27.5665 -10.1595 -6.3289 4.9323 -2.8113 -5.7545 -0.1928 -2.0305 -3.6277 0.1495 -1.3067 -3.7597 
41.1181 28.7322 -9.4182 -6.1974 4.9784 -2.1800 -4.8375 0.3007 -1.6569 -2.7016 1.1659 -0.9002 -3.4573 
41.1934 28.6757 -9.7316 -6.4434 5.0860 -2.0276 -5.1348 -0.2757 -2.0011 -2.8744 0.8582 -1.1607 -3.4598 
40.5550 28.2792 -9.7131 -6.7960 4.6437 -2.2385 -5.4197 -0.4535 -1.9684 -3.1843 0.4034 -1.1211 -3.3853 
38.9831 27.6916 -8.6232 -6.6117 4.3112 -1.6331 -4.9760 -0.8379 -1.9275 -2.7498 0.2803 -1.1761 -2.8652 
36.5436 26.4130 -7.2331 -5.7193 4.2388 -1.3766 -4.8292 -1.0590 -1.7671 -2.5257 0.0855 -1.3208 -3.1204 
35.3179 25.0597 -7.1867 -4.0832 5.7948 -0.8445 -3.8521 0.9626 -0.7694 -3.5190 -1.0058 -1.4726 -3.5064 
35.2017 24.6840 -6.9455 -2.8493 5.8489 -2.3275 -4.4700 1.2357 -1.1519 -3.7222 -0.4534 -1.5443 -3.8958 
35.7587 24.7011 -7.8375 -3.4798 5.6721 -2.4126 -4.3348 1.2503 -1.7835 -4.2835 -0.1736 -1.0974 -3.9733 
34.2721 24.2839 -6.6931 -3.5322 5.1458 -1.8315 -4.3479 -0.2526 -2.6169 -3.6033 0.5939 -0.8209 -3.8351 
35.4435 25.8632 -6.4978 -5.1942 4.2361 -1.1731 -4.5728 -1.2436 -2.0396 -2.4528 0.1393 -1.7238 -3.5331 
37.4757 27.4690 -6.9818 -6.1152 4.2996 -0.5787 -4.4162 -1.4251 -1.8908 -2.0397 0.2339 -1.8762 -3.3835 
37.9544 27.4848 -7.5347 -6.0847 4.6797 -0.5232 -4.3927 -1.4230 -2.2891 -2.4436 0.0528 -2.3372 -3.8443 
36.9994 27.1514 -6.7122 -5.6682 4.7512 0.1048 -3.8234 -1.5944 -2.5099 -2.3196 0.0418 -2.4686 -3.7895 
34.1970 24.8912 -6.3592 -4.9305 4.6447 0.1884 -2.8092 -0.3589 -1.9555 -2.3587 0.3545 -1.4856 -3.3752 
33.6672 24.5581 -6.4851 -5.4695 4.4110 0.5554 -2.9252 -1.0385 -2.2805 -2.6281 -0.3876 -1.9800 -3.3593 
33.3184 24.4265 -6.0032 -4.7858 4.8772 0.6663 -3.2078 -1.6099 -2.7634 -2.6508 -0.0078 -1.6013 -3.2311 
33.3831 24.7421 -5.4416 -4.4543 4.7822 0.5067 -3.0211 -1.1510 -2.5205 -2.8314 -0.2111 -1.5041 -3.0270 
32.9026 24.1213 -5.2977 -3.3416 5.3946 0.1518 -2.9812 -0.6721 -2.7791 -3.3479 0.0766 -0.9927 -3.0747 
31.6524 23.0767 -5.3406 -3.1663 5.6721 0.5076 -2.9940 -0.7616 -2.4531 -3.2085 -0.3646 -1.2156 -2.7315 
29.4558 21.4292 -5.0412 -3.0382 5.1110 0.4230 -2.6807 -0.8770 -2.7338 -3.1774 -0.2997 -1.3745 -3.1708 
29.1595 21.4619 -3.9470 -1.3752 5.8532 -0.1750 -3.0280 0.0607 -1.7481 -3.1324 -0.1962 -0.5532 -2.4522 
27.0357 20.0212 -3.0260 -0.1885 6.1661 -0.0748 -3.1234 -0.7601 -2.7122 -3.5677 -0.4913 -0.8349 -2.3257 
26.0963 19.2383 -2.9537 0.1716 6.4223 0.0786 -2.6789 0.2798 -1.8270 -3.6076 -0.8359 -1.0350 -2.9808 
26.0199 17.9453 -4.9974 -0.5122 6.0815 -1.0057 -2.8868 1.1984 -1.3542 -3.2130 0.3855 0.1019 -2.3412 
26.7245 17.8441 -6.2080 -0.9821 6.2559 -1.1865 -2.8374 1.8920 -0.8950 -3.2006 0.3674 -0.3661 -3.4369 
25.6194 16.2868 -7.1297 -0.7247 6.7998 -1.1120 -2.6442 2.4552 -0.5957 -3.1624 0.7190 0.2434 -2.9992 
25.4007 15.6313 -7.9545 -0.9168 7.1663 -0.6904 -2.4325 2.1582 -1.2152 -3.4582 0.5603 -0.2541 -3.2409 
25.4939 15.5870 -8.3036 -1.3397 6.8352 -1.0843 -2.9363 1.7424 -1.5054 -3.5833 0.8487 0.3024 -2.8620 
26.2131 15.2776 -10.0015 -2.0218 7.4020 -0.8089 -3.0513 1.7847 -1.7103 -4.2117 0.3611 0.1134 -2.9901 
27.9039 14.9356 -12.9919 -2.6753 8.8875 -0.7886 -4.1290 1.5558 -1.4082 -3.6821 1.2302 0.2206 -3.9041 
28.7407 15.1813 -14.1779 -4.4649 6.9496 -2.0602 -3.9596 1.9459 -2.1827 -4.6685 1.1039 0.3678 -3.7633 
27.4602 16.1383 -10.8382 -3.7951 5.6724 -2.0970 -3.7325 1.7799 -1.1462 -3.1155 1.8918 1.6060 -1.8309 
32.4016 23.1663 -5.5061 -2.5322 4.0086 -4.0094 -5.4082 0.1446 -2.0235 -3.3257 1.3467 0.4759 -3.4289 
36.8256 26.6586 -6.5423 -4.3472 4.4955 -2.7751 -5.8478 -0.9088 -1.3912 -1.7647 1.4930 -0.4823 -3.4242 
38.6878 27.5689 -7.9758 -5.6192 4.2525 -3.0792 -6.2322 -0.7182 -1.0962 -2.0531 0.9868 -0.5705 -3.2300 
39.2152 28.1555 -7.7503 -5.5882 4.4728 -2.6342 -5.8574 -0.5215 -0.9762 -1.9373 1.1574 -0.3366 -3.0202 
38.9665 28.2445 -7.5985 -6.2367 4.0712 -1.9007 -5.3075 -0.9844 -1.2953 -1.5156 1.5593 -0.1975 -2.7529 
38.5492 27.5974 -8.0545 -6.1764 4.2290 -2.1139 -5.4448 -0.5201 -0.6677 -1.4311 1.1174 -0.7243 -3.1738 
38.0792 27.8050 -6.9636 -5.8449 3.8903 -1.6723 -4.6347 -0.7704 -1.4029 -1.3325 1.5547 -0.7684 -3.1484 
39.3228 28.4110 -7.7320 -6.1172 4.3112 -1.8193 -5.1558 -0.7345 -1.1991 -1.5770 1.2465 -0.8987 -3.3793 
39.0725 28.1994 -7.7433 -6.1295 4.2136 -1.9138 -5.1754 -0.6287 -0.9865 -1.4596 1.1179 -1.1249 -3.4953 
38.9973 28.1107 -7.6718 -5.9202 4.1969 -2.1370 -5.1360 -0.3656 -0.9831 -1.7012 1.0305 -0.9773 -3.3110 
38.5736 28.1523 -7.3466 -6.4879 3.7735 -1.4222 -4.7015 -0.9303 -1.1528 -1.2265 0.8902 -1.6081 -3.3252 
38.6361 28.1314 -7.6378 -6.8607 3.7352 -1.1483 -4.4193 -0.7346 -1.2571 -1.7682 0.5502 -1.2559 -2.9419 
38.3974 28.2692 -7.1862 -6.8997 3.7355 -0.5358 -3.9973 -1.0081 -1.6317 -1.9402 0.4204 -1.2212 -2.6291 
39.2623 28.5424 -7.9447 -7.1748 3.9373 -0.5899 -3.8918 -0.6822 -1.8802 -2.4330 0.5100 -1.0983 -2.9604 
39.3693 28.6899 -7.9011 -7.2487 3.9385 -0.4747 -3.7179 -0.4755 -1.9152 -2.7255 0.5900 -0.6443 -2.9304 
38.3940 28.1152 -7.4833 -7.1536 3.5441 -0.4017 -3.3780 -0.6717 -2.1719 -2.5693 0.3270 -1.4325 -3.0915 
38.5637 28.0099 -7.7663 -6.9927 3.8065 -0.3542 -3.2512 -0.6818 -2.5943 -2.8775 0.3600 -1.4010 -2.9063 
38.0570 27.5152 -7.8955 -6.8953 4.0487 -0.1593 -3.2654 -0.7255 -2.6574 -3.2755 -0.1790 -1.5104 -2.6881 
37.8329 27.4901 -7.6725 -6.8179 4.2376 0.2417 -3.1914 -1.0471 -2.8857 -3.2598 -0.0176 -1.3385 -2.7943 
37.8005 27.6261 -7.2690 -6.5091 4.2639 0.3638 -2.8368 -0.9200 -3.0149 -3.1389 0.2827 -1.2832 -2.8512 
37.4700 27.2291 -7.3872 -6.3231 4.3955 0.3218 -2.7271 -0.7554 -3.2971 -3.6641 0.1117 -1.3068 -3.1496 
35.6724 26.3732 -6.3031 -6.0194 3.6191 -0.0439 -2.8259 -1.0790 -3.3568 -3.6144 -0.2733 -1.7352 -3.3928 
33.0023 24.4103 -5.2057 -4.1465 4.1692 -0.1931 -2.0934 0.4524 -2.4958 -3.9363 -0.5803 -0.9901 -2.0428 
30.5971 22.0766 -5.5777 -3.8265 3.7495 -0.8853 -1.9526 1.0380 -2.3942 -4.0389 -0.2611 -0.5940 -2.2749 
30.8752 21.7743 -6.2239 -3.4020 4.4960 -1.0388 -2.2846 1.1835 -2.4165 -4.3860 -0.4096 -0.6733 -2.7824 
31.7361 20.6653 -8.4664 -2.2900 6.2142 -2.1203 -3.0324 2.2781 -2.1659 -4.6512 0.4107 -0.3094 -3.2185 
32.7970 20.8507 -9.8795 -3.1740 6.3563 -2.0238 -3.0698 2.4670 -1.9943 -4.5046 0.6419 -0.3691 -3.3697 
30.2514 19.7371 -8.2055 -2.4262 6.1547 -1.6838 -3.1752 1.9552 -1.5373 -3.8759 0.6789 0.2490 -2.4533 
28.2960 18.8197 -7.6134 -3.4855 4.5786 -1.5476 -2.6773 1.8298 -1.3675 -3.8294 0.1364 0.1870 -2.2158 
27.3150 17.2715 -8.1759 -2.0404 5.7788 -2.3568 -3.6867 1.9305 -1.3123 -4.1459 0.2604 0.4025 -2.5816 
26.4643 16.3850 -8.2989 -1.5683 6.2026 -2.1636 -3.3402 2.3275 -1.4168 -4.4882 0.5525 1.3029 -1.8303 
25.3391 16.1900 -7.3955 -2.0352 5.3653 -1.4950 -2.7131 1.6060 -1.9210 -4.1931 0.2412 0.3877 -2.1099 
24.8870 15.5309 -8.4209 -3.3068 4.8691 -1.4112 -3.3467 0.8222 -1.4107 -3.3558 -0.1301 -0.2943 -2.1486 
23.3839 14.2179 -8.2245 -2.5944 4.9224 -1.7114 -3.3081 0.6780 -2.1600 -3.8341 -0.0363 -0.6556 -3.0125 
22.8003 13.5970 -8.6645 -3.0991 4.5861 -1.7424 -3.3256 0.6601 -2.0200 -3.7264 0.0317 -0.2724 -2.4208 
22.3091 13.0697 -8.6673 -2.7260 4.6299 -2.0186 -3.2590 0.9721 -1.9579 -3.6916 0.3334 -0.0355 -2.5943 
22.1456 12.9185 -8.4090 -2.3049 4.2482 -2.8878 -3.2662 1.7689 -1.2189 -2.9802 0.8617 -0.2916 -3.0583 
21.8876 12.5763 -8.2893 -1.4522 5.0156 -2.8202 -3.3198 1.9636 -1.2740 -3.3240 0.9344 0.4257 -2.2051 
22.2413 12.4287 -9.7481 -3.0326 5.0824 -1.8672 -3.4419 1.1893 -1.4390 -3.3521 0.8167 1.0781 -1.2382 
25.2657 12.7735 -13.0605 -3.4261 6.3537 -2.7515 -3.9893 2.2574 -1.6346 -4.2873 1.2736 1.2886 -2.2597 
29.9341 15.6548 -14.5970 -3.7894 7.6675 -2.4743 -4.1179 2.1386 -3.1387 -6.0576 0.9316 1.0439 -3.3648 
28.8557 15.9302 -13.1661 -4.4160 6.9193 -0.8341 -2.6480 2.0408 -2.2229 -4.0305 1.5729 0.7863 -2.6006 
32.1907 21.4709 -8.2799 -3.1312 6.0392 -1.5653 -3.6265 1.0798 -2.6228 -5.4949 -1.0027 -0.4151 -2.5092 
33.0191 23.2378 -6.6424 -3.2399 5.3251 -1.3569 -3.2793 1.1001 -2.1284 -4.9002 -1.3552 -1.3681 -3.0171 
32.3516 23.4656 -5.2903 -2.7938 5.0351 -1.1946 -3.1087 0.9919 -1.8113 -4.4851 -1.5933 -1.7286 -3.0355 
32.0392 23.8437 -4.0507 -2.4452 4.0284 -2.0684 -2.9244 1.6353 -1.3424 -4.2534 -1.7298 -2.2270 -3.3331 
31.1528 22.9729 -4.4839 -3.0894 3.0601 -2.9617 -3.6185 1.0201 -1.9639 -4.9128 -2.3480 -2.7994 -4.0694 
30.4977 23.5901 -2.3931 -2.2374 2.8908 -2.4607 -2.9080 1.4824 -0.9738 -3.8794 -2.3073 -2.9772 -3.4493 
30.5339 23.8259 -2.0710 -2.1780 2.8893 -2.3729 -3.0762 1.1235 -0.9768 -3.5977 -2.3695 -3.5059 -3.9418 
32.8805 25.5665 -2.5685 -2.7630 3.1962 -1.7972 -2.5713 1.4484 -0.8436 -3.3427 -2.1960 -3.6987 -3.5590 
33.8100 26.2056 -3.0749 -3.5542 2.9419 -1.6278 -2.4291 1.2820 -1.4751 -4.1293 -2.4726 -3.4760 -3.4261 
34.3649 26.6542 -3.2152 -3.7872 3.2105 -1.0100 -2.1793 0.8790 -2.0475 -4.3186 -2.2094 -3.0001 -3.0073 
34.7548 26.2403 -4.6256 -4.3285 3.8041 -0.7037 -2.6578 0.3017 -2.3124 -4.4517 -2.3190 -2.8391 -2.6421 
34.6879 25.4415 -5.5261 -3.7362 4.7078 -0.9367 -2.9572 0.5255 -2.5677 -4.9837 -2.2195 -2.6310 -2.9255 
34.0498 25.2365 -5.1991 -3.9448 4.7871 0.2575 -1.9501 0.4334 -2.8734 -4.9488 -2.0754 -2.2460 -2.3791 
33.2254 24.6792 -5.1705 -4.2992 4.2279 -0.0611 -2.5184 -0.4814 -3.5027 -5.2438 -2.3200 -2.3462 -2.4990 
32.3369 24.2063 -4.4627 -3.2962 5.1207 0.8097 -1.7791 0.1509 -2.8663 -4.7106 -1.8410 -1.8769 -2.3731 
32.7708 23.7803 -6.0479 -3.8984 6.2431 1.8570 -2.5158 -1.8979 -4.3557 -4.6861 -1.1678 -1.6571 -2.6191 
35.1615 24.4493 -8.2659 -4.4037 7.4692 1.8514 -3.0520 -1.3949 -4.0832 -5.2538 -1.0253 -0.5203 -2.0177 
32.0029 22.8926 -6.7655 -4.5830 5.8913 1.7515 -2.6948 -1.8699 -4.2867 -5.4017 -2.1201 -1.5398 -2.1365 
29.7961 21.9525 -4.3551 -2.1669 6.0139 1.3949 -1.5326 -0.2186 -3.5521 -4.9713 -1.2970 -0.8749 -1.9301 
31.7819 22.7264 -6.5140 -3.9883 6.3963 2.1863 -1.9008 -0.9997 -3.9406 -5.0554 -1.0125 -0.4159 -1.9695 
31.9871 22.7135 -6.2360 -2.8847 6.6856 1.1614 -2.2738 -0.4675 -4.1488 -5.7895 -1.0825 -0.0820 -1.5955 
28.9264 19.9474 -6.6432 -3.1547 5.2959 -0.1282 -2.2780 0.5821 -2.8045 -5.0134 -1.5476 -1.4370 -3.0110 
28.4810 19.7436 -6.1629 -2.2127 6.7400 1.4140 -1.6170 0.2487 -3.2691 -4.9885 -0.7615 0.0014 -1.9597 
28.7796 20.1800 -5.9631 -2.2754 6.8745 1.3921 -2.4539 -0.6854 -3.3862 -4.6577 -0.4276 0.3917 -1.6593 
27.9900 19.7441 -5.3975 -1.7980 6.5796 0.9458 -2.3748 -0.4019 -3.4907 -5.0243 -0.5789 0.3876 -2.0588 
27.7304 19.1227 -6.2074 -2.1628 6.6718 0.8911 -2.4853 0.2482 -2.0643 -3.8367 -0.0946 0.6913 -1.7016 
25.2425 17.5086 -5.4138 -1.8079 6.0640 0.8339 -2.1659 0.0868 -2.2849 -3.8465 -0.5583 -0.3376 -2.3710 
26.5134 17.3858 -7.3072 -2.0906 6.7963 0.2305 -2.9241 0.4979 -2.2888 -4.8875 -1.0159 0.2595 -1.7687 
23.8270 16.3926 -5.2538 -1.6863 5.3941 -0.0677 -2.5465 0.3594 -1.8727 -3.7816 -0.5942 -0.0580 -2.0293 
21.4981 14.4014 -5.4372 -1.9683 4.4697 -0.2984 -1.8490 0.9139 -1.6626 -3.4884 -0.4082 -0.0651 -1.8454 
21.4562 14.6419 -5.0255 -2.2401 3.4267 -1.2290 -2.0923 1.1703 -1.1680 -2.8920 -0.0519 -0.0928 -1.7259 
20.2015 13.3446 -5.2152 -1.5446 4.0736 -1.2410 -2.3806 1.1747 -1.1279 -3.4566 -1.2487 -1.3563 -2.4816 
19.2225 12.5120 -5.4881 -2.2168 3.3056 -0.9444 -1.3569 1.6478 -1.0718 -2.7838 -0.0242 -0.4881 -2.4875 
19.0228 12.7251 -4.7256 -1.8654 2.8668 -1.6964 -1.8630 1.6461 -0.8437 -2.8929 -0.5616 -1.1257 -3.0188 
18.5654 12.2774 -4.9394 -2.0532 2.8258 -1.6260 -2.2544 0.5643 -1.9793 -3.3459 -0.1694 -0.2343 -2.1812 
18.1849 11.4293 -6.0237 -2.6628 2.7324 -1.6625 -2.1235 1.1693 -1.3026 -3.2083 -0.4866 -0.5226 -2.3389 
16.9988 10.7661 -5.1611 -1.7593 2.7362 -1.9258 -1.9618 1.6715 -0.6715 -2.5520 -0.0231 -0.2316 -1.8542 
16.3385 10.4497 -4.8833 -1.9348 2.3170 -1.8088 -1.6248 1.8621 -0.2025 -1.8692 0.1987 -0.4934 -2.2096 
17.6831 11.4072 -5.0716 -1.8012 2.8696 -1.8622 -2.1585 1.3876 -0.9687 -2.8165 0.0144 0.0273 -1.7999 
17.2406 10.7773 -5.4332 -1.5770 3.3944 -1.5229 -2.0867 1.3175 -1.0963 -2.9262 -0.0287 0.0862 -1.6846 
17.2507 10.7235 -5.7905 -2.2154 3.0886 -1.0891 -1.2670 2.0713 -0.4973 -2.4979 0.1192 -0.2085 -2.4765 
17.7949 11.4136 -5.3004 -1.9674 2.9801 -1.7484 -2.2778 1.2962 -0.8042 -2.4362 0.7231 0.9559 -1.3984 
17.2619 10.9364 -5.3143 -1.9158 2.9057 -1.5008 -1.6821 1.4913 -1.1868 -2.9548 -0.1150 -0.3752 -2.4218 
16.4299 9.9548 -5.8900 -2.0927 2.9862 -1.4890 -1.8257 1.6037 -0.7013 -2.5722 0.0577 -0.0276 -1.8766 
16.1489 10.1481 -5.1812 -1.9474 2.7645 -1.3323 -1.6556 1.4214 -0.7166 -2.2916 0.2032 0.0930 -1.6567 
16.8071 10.6169 -5.3292 -2.0995 2.6881 -1.5994 -1.8550 1.5848 -0.3714 -1.9169 0.5034 0.0249 -1.8930 
16.8401 10.4626 -5.4828 -1.8550 2.8575 -1.8266 -1.9830 1.7000 -0.3356 -1.9149 0.4917 -0.2199 -2.1110 
16.3865 9.9263 -6.0331 -2.5481 2.4466 -1.7962 -1.9260 1.7132 -0.2016 -1.8847 0.4646 0.2596 -1.1796 
15.9546 9.6557 -5.6131 -1.8215 2.9000 -1.5527 -1.6454 1.7932 -0.3774 -1.8911 0.7184 0.5540 -0.8561 
16.0195 9.7729 -5.6179 -2.1343 2.4762 -1.8275 -1.8352 1.5612 -0.5554 -1.8219 0.9403 0.3836 -1.7533 
15.6708 9.5278 -5.4567 -1.8276 2.6829 -1.9341 -2.4059 0.8389 -0.9622 -2.0608 0.5538 0.2037 -1.3380 
16.2029 9.7025 -6.0943 -2.3041 2.9053 -1.5592 -2.3296 0.7699 -1.2318 -2.7918 -0.2918 -0.1556 -1.2676 
15.6513 9.4038 -5.7568 -2.1734 2.5012 -1.7795 -1.8273 1.6034 -0.5682 -2.2074 0.3825 0.4538 -0.7068 
15.7649 9.7762 -5.2797 -2.0365 2.5172 -1.5283 -1.6848 1.3605 -0.7439 -2.0820 0.1061 -0.9294 -2.8280 
15.8525 9.7216 -5.6423 -2.4994 2.1635 -1.6792 -1.5008 1.8017 -0.4860 -2.0369 0.6631 0.4562 -1.3497 
15.9638 9.7802 -5.5630 -2.1055 2.6023 -1.7523 -2.0219 1.3945 -0.6315 -2.3269 -0.0003 -0.3183 -1.9225 
15.9796 9.2333 -6.7057 -2.6412 3.0205 -1.2016 -1.7831 1.3948 -1.0197 -2.8711 0.1028 0.3445 -1.7329 
15.8491 8.9563 -6.9306 -2.6865 2.6396 -2.1914 -2.7808 1.0053 -0.8053 -2.5305 0.0422 0.0553 -1.5221 
15.4762 8.7539 -6.7092 -2.4217 3.1221 -1.0940 -1.5689 1.3723 -1.3303 -3.1164 -0.1369 -0.0253 -1.7739 
16.1290 8.9590 -7.0493 -2.0086 3.7091 -1.4967 -2.2591 1.3507 -1.1101 -3.0982 -0.1312 -0.1198 -2.2370 
14.2478 7.0806 -8.0502 -3.2771 2.3717 -2.1069 -2.6452 0.4630 -2.1692 -3.8717 -0.8379 -1.1187 -3.3384 
15.5772 9.3966 -5.6880 -2.2096 2.5335 -1.2950 -1.0632 1.9923 -0.6452 -2.1473 0.6169 -0.0522 -2.3909 
15.5799 8.7171 -6.9505 -2.6541 2.8263 -1.3852 -1.4284 1.9785 -0.6294 -2.3061 0.9229 0.8534 -1.5708 
14.4106 8.0456 -6.2888 -2.0441 2.8761 -1.4623 -1.5965 1.7043 -0.7963 -2.4711 0.6778 0.7970 -1.4212 
15.6109 8.3676 -7.5748 -2.7791 2.9217 -1.7917 -2.0991 1.6125 -0.6941 -2.3263 0.7110 0.3548 -1.9691 
14.8730 7.9251 -7.2470 -2.5232 2.7864 -2.2883 -2.8968 1.0517 -0.8044 -2.6251 0.0380 -0.2661 -2.6415 
14.4838 7.7998 -6.9037 -2.4246 2.8668 -1.2185 -1.0473 2.2714 -0.6687 -2.6773 0.4005 0.3239 -2.0558 
15.3268 8.7765 -6.5988 -2.8420 2.2765 -1.6975 -1.5727 1.8928 -0.6258 -2.5401 0.3519 0.3500 -1.9051 
14.4130 7.7934 -6.8398 -2.1513 3.7316 -0.2666 -0.8103 2.3278 -0.0299 -1.9897 0.6588 0.6222 -1.6323 
13.6654 7.5985 -6.2197 -2.4226 2.3693 -1.7067 -2.1333 1.0956 -0.7874 -2.4278 0.2595 0.7234 -0.9609 
13.7986 7.7154 -6.1686 -2.1786 3.0271 -0.7980 -1.3165 1.8421 0.1657 -1.4831 0.4960 0.1055 -1.7037 
13.6959 7.9909 -5.5641 -2.2327 2.3063 -1.2868 -1.5411 1.2070 -0.7444 -2.0273 0.3233 0.0113 -1.7689 
13.2673 7.8346 -5.2798 -2.0271 2.7958 -0.4811 -1.2677 0.9284 -0.8770 -2.0363 0.2033 -0.0331 -1.7379 
13.8718 8.6550 -4.8090 -2.3917 1.7949 -1.0977 -0.9932 1.4095 -0.8499 -2.2747 0.0365 -0.0560 -1.5588 
13.4343 7.5842 -6.0485 -2.6413 2.1932 -1.3120 -1.9084 0.5578 -1.2951 -2.4062 0.0349 -0.0847 -1.6528 
13.6396 7.7583 -6.1253 -2.8600 2.0402 -1.3983 -2.0006 0.6316 -0.8828 -1.8889 0.2033 -0.4625 -2.3312 
13.5745 7.8389 -5.7771 -2.4791 2.2063 -1.4783 -2.0065 0.9932 -0.5265 -2.0095 0.0668 0.0358 -1.5477 
16.3196 8.7152 -8.1926 -3.0223 4.0484 -0.4496 -2.0447 0.8443 -1.1852 -2.5758 0.5587 0.6391 -1.5998 
13.3549 7.8872 -5.0436 -1.6247 2.4929 -1.3624 -1.4314 1.5024 -0.6761 -2.3038 0.0936 0.1919 -1.2068 
15.6438 7.9912 -8.4838 -3.1250 3.8645 -0.6800 -2.2461 0.6720 -1.2200 -2.5246 0.4322 0.5204 -1.3024 
17.0051 9.0264 -8.6348 -3.2607 4.0495 -0.5918 -2.2077 0.6501 -1.4737 -2.7435 0.3830 0.3371 -1.5955 
13.8469 8.2481 -5.2079 -1.5616 3.3667 -0.5461 -1.5902 1.0997 -0.5329 -2.2558 -0.4374 -0.4287 -1.7300 
13.7689 8.3274 -4.9106 -1.7201 2.3621 -1.3847 -1.2653 1.9285 -0.0311 -1.7498 0.1940 -0.1400 -1.6285 
13.4808 7.9684 -5.2897 -2.0407 2.4179 -1.2887 -1.7619 1.0660 -0.8061 -2.4874 -0.2914 -0.0743 -1.4743 
14.1138 8.7793 -4.6046 -1.5487 2.4123 -1.8801 -2.5639 0.4102 -1.2456 -2.7542 -0.4811 -0.2913 -1.7475 
12.9068 7.6546 -5.0552 -2.1461 1.7705 -2.0713 -2.5222 0.6483 -0.4619 -1.9266 -0.4479 -0.7281 -1.8748 
13.3886 8.1580 -4.6793 -1.7295 1.9478 -2.0420 -2.2233 0.7596 -1.1086 -2.5952 -0.2697 -0.0927 -1.4359 
12.6024 7.0769 -5.4956 -2.0834 1.8860 -1.9180 -1.8626 1.1067 -0.9605 -2.3100 0.2659 0.1981 -1.5636 
12.7099 7.5703 -4.6905 -1.5143 2.3459 -1.3641 -1.5717 1.1937 -0.5804 -1.9129 0.0561 -0.3332 -1.7387 
12.2149 6.5757 -5.9812 -2.5325 1.8321 -1.4246 -1.3720 1.0785 -1.2491 -2.4741 0.0245 -0.2859 -1.7892 
13.2346 7.9261 -4.8560 -1.7750 1.9883 -1.9201 -2.0849 0.7648 -1.0362 -2.1829 0.0752 -0.2778 -1.7016 
12.1843 6.7654 -5.4955 -2.2958 1.3595 -2.3953 -2.2108 0.7846 -1.1132 -2.3913 -0.3384 -1.0378 -2.5899 
14.4491 6.8305 -8.9352 -3.5783 3.3113 -0.9041 -2.1899 0.7528 -1.0671 -2.3446 0.3500 0.0453 -2.0719 
14.7127 8.4636 -6.4280 -2.8000 2.8941 -0.5146 -1.4262 0.9731 -0.9914 -2.4105 -0.1211 -0.1865 -1.6752 
12.2925 6.7019 -5.8527 -2.3117 2.1931 -1.4383 -2.1683 0.1911 -1.4206 -2.3131 -0.2111 -0.8141 -2.1969 
11.4295 6.5844 -4.6947 -1.5419 2.5263 -0.6642 -1.1775 1.2019 -0.1354 -1.2221 0.4851 0.3738 -0.4638 
