16.0417 10.1801 -5.0833 -2.2157 2.3294 -1.4632 -1.6187 1.1214 -1.3955 -2.7977 0.0941 -0.2808 -2.6713 
15.7345 9.9700 -5.0938 -2.1992 2.7055 -0.9097 -1.6054 0.9205 -1.0771 -2.5225 -0.2701 -0.4794 -2.1833 
16.5700 10.7059 -4.9392 -2.1553 2.5797 -1.2151 -1.6628 1.0080 -1.1580 -2.3576 0.2918 -0.2136 -2.2762 
16.6965 10.9754 -4.6915 -2.0214 2.8721 -0.9297 -1.7366 0.9619 -0.9197 -2.2787 0.2860 0.1409 -1.9179 
15.7722 10.3085 -4.5275 -2.1482 2.0728 -1.4907 -1.5496 1.4022 -0.5815 -1.9800 0.4469 0.1700 -1.7182 
15.7492 10.0535 -5.1215 -2.6876 1.9226 -1.4193 -1.5092 1.5921 -0.0401 -1.4412 0.5675 0.0938 -1.6079 
16.0763 10.2898 -5.1268 -2.3804 2.7271 -0.7531 -1.5449 0.9726 -1.0086 -2.6316 -0.4586 -0.4903 -2.0236 
16.9513 11.0831 -5.0555 -2.6596 2.3353 -1.0287 -1.4660 1.2532 -0.6644 -2.1422 -0.1046 -0.5217 -1.9932 
16.6408 10.5022 -5.4843 -2.6390 2.0778 -1.8351 -2.0023 1.0630 -1.1457 -2.5358 0.2776 0.1573 -1.7344 
17.3055 11.2921 -4.9769 -2.0588 3.1639 -0.6185 -1.3280 1.3616 -0.7977 -2.4272 -0.1595 -0.4210 -1.9744 
17.1262 11.4197 -4.4113 -1.8072 2.8432 -0.9707 -1.2837 1.7925 -0.0902 -1.7160 0.0801 -0.7286 -2.2782 
16.6450 10.9831 -4.5423 -2.1096 2.2727 -1.2606 -1.1947 1.6091 -0.7046 -2.1158 0.2747 -0.1659 -1.8207 
16.9276 10.9087 -4.8862 -1.7332 2.9028 -1.3657 -1.5785 1.6968 -0.4526 -1.9226 0.7443 0.3156 -1.8944 
16.8642 10.7954 -5.3976 -2.7309 2.2724 -1.4047 -1.9725 0.7809 -1.1421 -2.5841 -0.5327 -0.9961 -2.3908 
17.0912 10.6603 -5.9315 -2.8009 2.5675 -1.3161 -1.8637 1.0647 -1.2515 -3.0912 -0.6660 -0.7172 -2.4537 
17.2434 10.4862 -6.5545 -3.1625 2.5858 -1.4059 -1.9636 1.3796 -0.7315 -2.5612 0.2720 0.6037 -1.2839 
17.4285 10.6489 -6.5051 -3.0475 2.9683 -0.6527 -1.1991 1.6883 -0.5118 -1.8748 0.9503 0.6185 -1.7163 
17.3395 10.5370 -6.4670 -2.8476 2.9523 -1.1390 -2.0169 0.5967 -1.9369 -3.3761 -0.1616 0.1511 -1.6609 
15.7246 10.1440 -4.6125 -1.6658 2.9494 -1.0831 -1.8688 0.9935 -0.8191 -2.3513 0.2251 0.6706 -0.9253 
13.5668 8.9384 -3.5462 -1.3146 2.0469 -1.2956 -1.3567 1.0380 -0.7842 -1.8536 -0.0348 -0.7734 -2.0292 
14.9166 10.0856 -3.2074 -0.6364 2.8427 -1.0302 -0.9767 1.8691 -0.3744 -2.0307 0.0584 -0.2673 -1.6410 
14.1160 9.0125 -4.0427 -1.1566 2.5071 -1.1831 -0.8778 1.9980 -0.4161 -2.0917 0.0744 -0.3273 -1.9133 
14.0512 9.2118 -3.4762 -0.6422 2.7542 -1.3026 -1.3088 1.7281 -0.3569 -2.1172 0.0500 0.1446 -1.2920 
13.1592 8.2472 -3.8571 -0.7135 2.6562 -1.3461 -1.2227 1.7566 -0.1704 -1.3053 1.0758 0.5300 -1.3721 
13.7394 9.0414 -3.6716 -1.3512 2.3234 -0.9967 -1.0325 1.8578 0.2247 -1.3158 0.5548 0.4687 -0.9130 
13.9553 8.9582 -3.9217 -0.9751 2.7823 -1.3950 -2.1072 0.6371 -0.9521 -2.2886 -0.2377 -0.3777 -1.8868 
14.5305 9.4652 -3.8275 -1.0171 2.6997 -1.1495 -1.3667 0.9665 -1.5685 -2.9422 -0.4114 -0.5766 -1.8724 
14.5245 9.6769 -3.2869 -0.7214 2.1804 -1.9477 -1.3424 1.8069 -0.9028 -2.7650 -0.1642 -0.0481 -1.4626 
14.6913 9.8977 -3.3292 -0.9515 2.3716 -1.6508 -1.8097 1.1322 -0.7644 -2.2839 -0.1395 -0.4075 -2.2562 
14.0714 9.0607 -4.0603 -1.4307 2.3962 -1.0954 -1.1373 1.4297 -0.9274 -2.5958 -0.2853 -0.3002 -1.8927 
14.4480 9.6098 -3.4163 -0.6989 2.9695 -0.8967 -1.2490 1.2297 -0.9813 -2.3971 -0.0038 -0.0750 -1.4855 
13.7563 8.5898 -4.2102 -0.9620 2.9687 -0.8165 -0.9762 1.5459 -0.6117 -1.6814 0.6697 -0.1067 -1.9414 
13.7683 8.7760 -3.9239 -1.1213 2.1386 -1.8697 -1.6769 1.1946 -1.1564 -2.5753 0.0863 0.0054 -1.7965 
14.2105 8.7622 -4.7305 -1.4537 2.8399 -1.0576 -1.3967 1.4470 -0.6499 -2.3407 -0.1122 -0.1109 -1.6287 
13.8604 8.4073 -4.9626 -1.8325 2.2984 -1.7135 -2.3399 0.3411 -1.2473 -2.0647 0.5158 0.2080 -1.6074 
14.0944 8.9419 -4.2562 -1.4182 2.3996 -1.4154 -1.5355 1.4284 -0.3954 -1.8723 0.0949 -0.3799 -2.0627 
13.7578 8.6964 -4.2470 -1.6258 1.8222 -2.0172 -1.9789 0.8846 -1.2019 -2.6189 -0.2500 -0.4509 -2.1519 
14.2817 9.0161 -4.2007 -0.9557 2.8527 -1.4942 -1.8544 1.0712 -1.1131 -2.7784 -0.3990 -0.4387 -1.9315 
14.5655 9.6225 -3.6314 -0.9879 2.5880 -1.4762 -1.8494 0.8957 -1.1499 -2.8120 -0.7161 -0.6048 -1.5796 
14.3095 9.3156 -3.6156 -0.6848 2.6331 -1.6081 -1.5979 1.2720 -1.0522 -2.5904 -0.3764 -0.9150 -2.4886 
14.1492 9.1813 -4.0142 -1.5021 2.3478 -1.2070 -1.5617 0.9474 -0.9117 -2.0762 0.2387 -0.1265 -2.1021 
15.0690 9.8483 -3.8568 -0.8140 3.0289 -1.3798 -1.8988 1.1586 -0.5408 -2.0045 -0.0285 -0.4752 -2.0550 
14.6398 9.6655 -3.8232 -1.3928 2.3335 -1.3966 -1.5235 1.6100 0.0437 -1.6322 -0.0409 -0.3595 -1.6456 
14.5948 9.5101 -3.8212 -1.1188 2.2211 -1.9099 -1.8740 0.9205 -1.3500 -2.5067 0.1610 -0.2828 -2.0853 
16.3609 9.9394 -5.8213 -2.3141 2.3763 -1.7848 -1.6593 1.4306 -1.0381 -2.3727 -0.0776 -1.0802 -2.3274 
18.6449 11.6881 -6.4989 -3.6536 1.8062 -1.6569 -1.2410 1.6600 -1.5149 -3.1449 -0.1117 -0.4023 -1.9595 
14.7420 9.3730 -4.3708 -1.4910 2.1182 -2.1390 -2.1099 1.1079 -0.9242 -2.2896 0.2560 -0.1116 -2.0381 
13.6469 8.3799 -4.3748 -0.9020 2.9461 -1.4056 -1.8854 1.0457 -0.6453 -1.8356 0.2962 -0.1502 -1.4377 
13.5241 8.0814 -4.8195 -1.3259 2.6762 -1.2764 -1.3563 1.3467 -1.0281 -2.5396 -0.2377 -0.4881 -1.7980 
14.5317 9.4370 -3.7941 -0.7958 2.8908 -1.2036 -1.2561 1.7794 -0.3714 -2.1533 -0.1665 -0.4765 -1.8285 
14.5215 9.5922 -3.4582 -0.5610 2.9307 -1.3791 -1.6753 1.2713 -0.7898 -2.2825 0.3370 0.4698 -1.3953 
14.9846 10.0285 -3.3226 -0.5557 2.6911 -1.9220 -2.2895 0.6915 -1.3268 -2.7337 -0.2814 -0.5203 -2.2400 
13.8063 8.6836 -4.0977 -0.8643 2.9553 -1.0841 -1.2653 1.6492 -0.4676 -2.1838 -0.1453 -0.4725 -2.0527 
14.1565 8.8696 -4.4431 -1.5168 2.2488 -1.5784 -1.5528 1.2713 -0.7523 -2.0038 0.1223 -0.3989 -1.6431 
14.0993 9.4017 -3.2110 -0.6502 2.5026 -1.3823 -1.3033 1.3689 -0.7429 -1.8087 0.7469 0.4138 -1.3877 
14.3095 9.1371 -4.2184 -1.4776 2.2371 -1.6016 -1.8142 0.7291 -1.3219 -2.3097 0.1778 -0.3245 -1.9766 
15.1670 10.2340 -3.4313 -1.0747 2.4104 -1.3328 -1.3241 1.1893 -1.1989 -2.5850 -0.2834 -0.6231 -2.0614 
14.4890 9.3713 -3.7267 -0.5742 2.8268 -1.7663 -1.8692 1.4320 -0.6014 -2.1928 0.2287 0.0287 -1.8804 
14.4656 9.2012 -4.1721 -1.0733 2.7972 -1.1706 -1.3712 1.2275 -0.9487 -2.1645 -0.0139 -0.7779 -2.3227 
14.1643 9.3991 -3.3379 -0.6781 2.7855 -0.8644 -0.8764 1.4470 -0.9651 -2.2053 0.0264 -0.6756 -2.2054 
14.4797 9.3242 -3.8071 -0.5257 3.3230 -0.7437 -0.9369 1.6961 -0.5721 -1.9265 0.1679 -0.6521 -2.3162 
14.6136 9.4093 -4.0149 -1.0001 2.7364 -1.4914 -1.7064 1.3573 -0.6231 -2.2040 0.0197 -0.1644 -1.8460 
14.2617 9.3006 -3.6618 -0.6338 3.3749 -0.2961 -0.6846 1.5136 -0.9569 -2.4462 -0.1219 -0.2836 -1.7255 
14.0490 8.6126 -4.8415 -1.8422 2.0926 -1.7733 -1.9410 0.6838 -1.6573 -3.1437 -0.7517 -0.9009 -2.3140 
14.4825 9.3340 -3.9599 -0.8351 3.2617 -0.6344 -1.1115 1.3512 -0.8355 -2.1830 0.1226 -0.3389 -2.1336 
14.3515 9.2402 -3.7896 -0.5703 3.1137 -1.1430 -1.3124 1.5932 -0.6750 -2.2893 0.0149 -0.2967 -1.9057 
13.6933 8.3465 -4.6894 -1.3733 2.8113 -1.0872 -1.6395 0.9292 -0.8127 -1.8584 0.3005 -0.0309 -1.0519 
15.0026 9.9789 -3.5948 -0.6721 3.4923 -0.5825 -1.5882 0.9444 -0.4361 -1.4276 0.4813 -0.1917 -1.7818 
14.5638 9.2406 -4.2286 -0.9430 3.1165 -1.1840 -1.8645 0.9014 -0.7554 -1.8136 0.3753 -0.1492 -1.6047 
13.8789 8.6684 -4.1099 -0.6550 3.2392 -0.6715 -0.7638 1.5598 -1.2032 -2.6227 -0.0748 -0.3571 -1.6483 
14.3297 9.3172 -3.5987 -0.6816 2.5063 -1.5924 -1.1866 1.6217 -1.0972 -2.4670 0.3702 0.0701 -1.8030 
14.0240 9.0054 -3.8026 -0.9087 2.2388 -2.1266 -1.9125 1.4823 -0.5241 -2.1821 -0.0692 -0.5054 -2.0512 
15.5755 9.5034 -4.7769 -0.1983 4.1155 -1.4966 -2.0272 1.6930 -0.6381 -2.4921 0.3438 0.1242 -1.9310 
38.8217 26.4156 -9.2955 -3.9693 7.1643 -0.8761 -3.4318 1.5383 -1.8290 -3.4406 1.7595 0.7682 -2.5140 
41.0248 28.1574 -10.6229 -6.1561 8.3048 2.4016 -2.9980 -0.8337 -3.5233 -4.4709 0.2418 -0.0365 -2.3689 
40.2667 27.6416 -10.8135 -6.8045 8.0874 2.9467 -3.1416 -1.8835 -4.1831 -4.6123 -0.0069 -0.3108 -2.6499 
40.6435 27.8314 -11.0110 -6.8006 8.4070 3.3012 -2.7826 -1.5931 -4.1961 -4.7245 0.1759 -0.0434 -2.6442 
39.4228 27.1517 -11.0941 -8.1865 7.0119 3.3827 -3.0317 -3.1891 -5.4123 -5.1529 -0.7239 -1.1528 -3.0901 
39.9278 27.9198 -10.0811 -7.0448 7.7776 3.9056 -2.1246 -2.0574 -4.5505 -4.2932 0.4054 -0.1307 -2.3124 
39.1114 27.8598 -9.2860 -7.3032 6.9895 3.5768 -2.6689 -2.6791 -4.4235 -4.0422 0.2546 -0.2123 -2.6172 
38.8492 26.7929 -10.1373 -6.6079 7.1621 2.5216 -2.7036 -2.1744 -5.3135 -5.0778 0.1378 -0.6584 -3.1605 
37.8492 26.7783 -8.7365 -6.0947 7.0101 3.0759 -2.0735 -2.1368 -5.2498 -4.8680 0.2693 -0.2439 -2.5169 
36.0476 25.4588 -8.7082 -6.3353 6.8488 3.2698 -2.9226 -3.6416 -5.5867 -4.7492 -0.7141 -1.3905 -2.7460 
35.0170 24.2351 -8.9911 -5.7127 7.1358 3.1929 -2.0901 -2.3112 -5.1549 -4.7154 -0.0979 -0.9245 -3.0615 
32.8138 23.6710 -6.7542 -4.8279 6.3730 2.8321 -2.4689 -2.9846 -5.0090 -4.2313 -0.2373 -0.9682 -2.5946 
32.0310 22.1463 -8.2491 -5.2903 6.1737 2.1910 -2.6183 -2.3789 -4.6626 -4.3255 -0.1757 -0.6591 -2.2252 
29.4269 20.9660 -6.7732 -5.1191 5.4926 3.1923 -1.2629 -2.3679 -4.8467 -4.0842 -0.2633 -0.9728 -2.4861 
27.6771 19.4421 -6.6627 -4.6993 4.9714 2.3706 -1.3978 -2.4136 -5.5734 -4.7730 -0.1717 -0.6689 -2.5585 
26.5985 18.6907 -6.2824 -4.1137 5.3722 2.7195 -1.1602 -2.1235 -4.9655 -4.0718 0.3653 -0.3058 -2.5685 
24.8694 17.0776 -6.3314 -3.5538 5.3665 2.4486 -0.7655 -1.2666 -4.4274 -3.8379 0.5667 -0.3979 -3.0484 
24.4345 16.8164 -6.1572 -3.4297 5.3227 2.2781 -1.0395 -1.2647 -3.9978 -3.4655 0.7236 -0.1677 -2.9397 
23.4066 15.9847 -6.1814 -3.7715 4.3229 1.6771 -0.7981 -0.9794 -3.9597 -3.2428 0.9536 -0.3113 -3.1850 
24.8753 15.6961 -8.5804 -3.6967 6.1040 0.9739 -2.7836 -0.7319 -3.1242 -4.6278 -0.6904 0.1709 -2.1493 
31.4976 17.1800 -14.9300 -5.0410 7.9192 -1.5674 -5.0118 1.1125 -1.8641 -4.5215 0.7727 0.9896 -2.1751 
31.6338 17.1494 -14.5110 -3.6123 8.5402 -2.6917 -5.7006 1.9569 -1.4199 -5.4306 -0.0101 1.2962 -1.2989 
30.9231 16.1264 -15.1722 -3.3276 9.6797 -1.3228 -4.7236 2.3770 -0.9640 -4.5945 0.2908 0.2606 -2.9831 
31.0657 17.5662 -12.8073 -2.7366 8.5690 -2.2154 -5.4020 1.1653 -2.2514 -5.5558 -0.5090 -0.1252 -2.6500 
28.6767 16.1598 -12.1219 -2.8182 8.2555 -1.4555 -4.9987 0.9905 -1.5063 -4.6183 -0.5061 0.1253 -1.6754 
27.7559 15.8339 -11.7908 -3.3649 7.9517 -0.5212 -4.2157 1.1348 -1.2202 -4.4706 -0.6989 -0.0823 -2.6542 
26.2556 14.8141 -11.5297 -3.5538 7.1531 -0.9417 -4.2093 1.4394 -0.5186 -4.0397 -0.9405 -0.1031 -2.0464 
25.9083 15.5761 -10.0101 -3.8388 6.0253 -0.6211 -2.9598 2.5480 0.4111 -3.9410 -1.6978 -0.0488 -0.8282 
24.2626 14.6830 -9.3269 -3.9689 4.9409 -1.3884 -3.9380 0.9825 -0.1505 -2.9079 -0.7407 -0.1447 -1.2108 
22.8627 14.4157 -7.8719 -3.7771 4.1331 -0.9256 -2.7676 1.1899 -0.6040 -3.2957 -1.0979 -0.2876 -1.1102 
21.3076 13.3371 -7.0570 -2.6515 4.2271 -1.0309 -2.2302 1.5103 -0.7193 -2.6039 0.1515 -0.2218 -2.1222 
21.5933 13.6899 -6.9604 -3.0454 3.3837 -2.0491 -3.2450 0.5195 -1.6240 -3.3044 -0.3300 -0.5454 -2.2907 
21.1577 14.1330 -5.4214 -2.2842 3.3110 -1.6239 -2.2121 1.4755 -1.0299 -3.0813 -0.1413 -0.0361 -1.8455 
21.0403 14.1704 -5.1677 -2.2361 3.0604 -1.8418 -2.3110 1.3600 -0.8898 -2.3530 0.6969 0.1521 -2.1684 
19.8670 13.0521 -5.4806 -2.1731 3.4850 -1.3131 -2.3260 1.0520 -0.9621 -2.7449 -0.2989 -0.4004 -1.8006 
19.8495 13.1655 -5.0074 -1.5734 3.6012 -1.7301 -2.8435 0.5039 -1.4398 -2.6704 0.2177 -0.1180 -1.7724 
19.5487 12.7752 -5.4833 -2.2482 2.9384 -2.2495 -3.1815 0.5907 -1.0735 -2.6953 -0.2382 -0.3863 -1.8709 
20.1005 13.1510 -5.3467 -1.4760 4.1208 -1.3304 -2.3391 1.5358 -0.4192 -2.3323 0.1178 -0.3290 -2.3307 
19.1045 12.1725 -6.0161 -2.4806 3.2947 -1.4947 -2.3745 1.4180 -0.4348 -2.5029 -0.0293 0.2844 -1.1606 
20.1581 13.3938 -5.2057 -1.9219 3.5171 -1.5617 -2.3997 1.5302 -0.2380 -2.2220 0.0447 -0.1353 -1.7735 
20.0361 13.0565 -5.4070 -1.5951 3.7447 -1.7513 -2.4243 1.5767 -0.6611 -2.6293 0.3258 0.5337 -1.2462 
20.6863 12.9773 -6.8420 -2.8244 3.3009 -2.2625 -3.1434 1.2010 -1.0363 -3.5050 -0.4183 0.4240 -1.3668 
21.7929 12.6945 -8.8798 -3.2443 4.1915 -2.6681 -4.4797 0.3313 -2.0094 -4.9174 -1.4411 -0.3216 -2.5170 
25.5217 14.1597 -11.2183 -2.9008 6.6787 -2.1880 -4.4545 2.0302 -0.5450 -4.3075 -0.2979 0.8773 -1.8378 
28.6923 14.6960 -13.8143 -1.7002 9.4329 -2.2547 -4.0990 4.2051 -0.0202 -4.6621 0.9382 1.7735 -2.0602 
29.5815 14.8091 -14.8752 -2.0109 9.8119 -2.4224 -4.6870 3.7722 -0.2720 -4.7905 0.6926 1.3164 -2.2404 
29.8699 14.1459 -16.3474 -2.4722 9.6330 -3.3889 -5.5450 3.2424 -0.9698 -4.8800 1.2676 1.1921 -2.7683 
29.2614 13.2961 -16.9962 -2.5853 9.9968 -3.1401 -5.7453 3.0262 -0.7239 -4.3893 1.4867 1.0308 -3.0612 
29.3856 13.4212 -16.6491 -1.9306 10.2625 -3.2403 -5.2618 3.9771 -0.3002 -4.5341 1.2638 0.7245 -3.4124 
28.4480 12.7070 -16.6373 -2.1301 9.9426 -2.9248 -4.8175 3.6157 -0.8683 -4.2627 1.9762 1.1015 -3.0720 
28.7303 12.7412 -16.9764 -2.3173 9.8183 -3.0962 -4.7214 3.7614 -1.1002 -4.4092 2.2785 1.1093 -3.7007 
30.2444 14.5736 -15.6192 -1.2570 10.3824 -3.0821 -4.5990 4.4179 -0.3308 -3.9178 2.5615 1.2256 -3.6533 
30.2262 14.1112 -16.6088 -1.9649 10.2920 -3.0724 -5.0659 3.4039 -1.5059 -4.8703 1.8927 0.8030 -3.8763 
31.4344 15.6197 -16.1306 -2.6320 10.0400 -2.3736 -4.6985 3.2611 -1.2514 -4.4648 2.0540 1.2644 -3.2791 
31.5546 15.1387 -17.5122 -3.9092 9.1891 -3.4237 -5.8232 2.6676 -1.9362 -6.0252 0.5966 0.9932 -3.1994 
31.7964 15.8706 -16.7132 -3.7887 9.4584 -2.4059 -5.0909 2.7547 -1.6481 -5.6355 0.4597 0.8039 -2.8787 
31.9115 18.2957 -12.7812 -2.7726 9.0236 -1.0722 -3.7171 2.6853 -1.4303 -4.9826 0.2020 0.0086 -3.5413 
36.2138 24.0573 -8.7923 -1.8226 8.0753 -2.0570 -4.5380 1.7583 -2.1163 -5.5374 -0.5083 -0.2627 -3.1110 
40.5691 26.8208 -11.1873 -4.9404 7.1977 -1.5179 -4.5052 0.2157 -3.8916 -5.6690 -0.3826 -1.5894 -3.8275 
42.6333 28.1632 -12.0732 -5.8772 7.1378 -1.3757 -4.2033 0.8465 -3.3478 -5.1960 0.3668 -0.8931 -3.4811 
43.9986 29.0235 -12.6042 -6.2724 7.3395 -1.0612 -3.8904 0.9875 -3.3933 -4.8721 0.9908 -0.6269 -3.3297 
44.0559 29.1139 -12.9180 -7.0802 6.9755 -0.8741 -4.0659 0.5668 -3.5048 -5.1072 0.5060 -0.7574 -3.2425 
42.2233 28.8045 -11.2697 -7.2634 6.1669 -0.0545 -3.5325 0.0418 -3.2838 -4.6462 0.1306 -0.6418 -2.3998 
41.1102 28.5115 -10.0980 -6.9905 5.0715 -0.7138 -3.3271 -0.1367 -4.0133 -4.9928 0.1687 -0.8654 -2.7158 
40.4488 28.0827 -10.3918 -8.0790 4.1437 -0.7557 -3.5474 -0.8893 -4.5769 -5.5398 -0.7086 -1.6034 -3.1895 
39.7508 27.6581 -9.6621 -6.8358 4.7866 -0.6045 -2.8279 0.3740 -3.7703 -5.1945 -0.0812 -0.7776 -2.5212 
36.2496 25.1808 -8.9339 -6.3575 4.3243 -0.5683 -2.5619 0.4430 -3.5855 -5.4633 -0.9633 -1.2556 -2.8216 
33.5218 23.4429 -8.1629 -6.2736 3.6150 -0.2419 -1.8819 0.4913 -3.3345 -4.9430 -0.9280 -1.2308 -2.6480 
32.9883 23.6203 -7.0075 -5.7055 3.5635 -0.0098 -1.4872 0.7199 -3.1470 -4.7856 -0.5532 -0.3636 -1.9565 
30.9348 22.5849 -5.8555 -5.1271 3.4721 0.3333 -1.8514 -0.7406 -3.8307 -4.4075 -0.7409 -1.0614 -1.7374 
29.4521 21.1157 -6.3629 -5.4564 2.8718 -0.2157 -1.8672 -0.1486 -3.2620 -4.4714 -1.0026 -0.9504 -1.8172 
27.7489 19.4820 -6.6887 -5.2974 2.9716 0.1303 -1.1724 0.4488 -2.9623 -4.1968 -0.5974 -0.5874 -1.6786 
26.5128 18.8516 -5.8846 -4.7046 2.8886 -0.1254 -1.7448 -0.2614 -3.1163 -4.2241 -1.2916 -1.3338 -1.6918 
27.2864 18.4219 -7.8122 -5.1085 3.9438 -0.5046 -3.4207 -0.5348 -2.0922 -4.0954 -1.8412 -0.9759 -0.8608 
24.6184 16.9898 -6.2251 -4.3413 2.8893 -0.5448 -1.9133 -0.0640 -3.1743 -4.5468 -1.1364 -0.7949 -1.6079 
27.5815 18.0569 -7.7612 -3.5256 3.5682 -3.2152 -3.6799 1.3705 -2.4589 -5.5865 -1.2266 0.0107 -1.4886 
33.4547 20.0268 -12.2800 -4.0377 6.2282 -3.8197 -4.8327 2.7829 -1.8858 -6.6640 -1.4694 -0.0234 -2.0069 
33.5233 17.8548 -15.7831 -4.1206 8.0266 -3.9133 -5.4328 3.4582 -1.2868 -6.5697 -1.2066 -0.0590 -2.3378 
32.7569 16.5719 -17.0490 -4.7008 8.1510 -3.4593 -4.9129 3.7608 -0.9535 -5.4010 0.4109 0.2867 -3.5674 
32.4971 16.5573 -16.1942 -3.1329 9.6505 -2.4948 -4.3305 3.9872 -1.1537 -5.4882 0.9820 1.0684 -3.2352 
32.5299 16.4935 -16.4426 -3.3531 9.6044 -2.5605 -4.3717 4.3688 -0.5444 -5.2271 1.1465 1.5608 -3.0194 
31.9877 16.1578 -16.3620 -3.5716 9.2687 -2.5506 -4.4934 3.8886 -0.5872 -4.7874 1.0082 0.8297 -3.2654 
31.2187 15.4169 -16.4225 -3.4688 8.9167 -2.8904 -4.2804 3.8915 -1.2800 -5.1379 1.4399 0.9976 -3.5930 
31.1882 15.4079 -16.2519 -3.0258 9.3334 -2.9213 -4.5572 4.0416 -0.5909 -4.4528 1.8742 1.3512 -3.4484 
30.5402 14.8246 -16.1229 -2.4559 9.5695 -3.5150 -5.4020 3.9434 -0.2280 -4.9070 0.7130 1.0329 -2.7088 
30.5856 15.0361 -15.8587 -2.3932 9.8363 -2.5975 -4.3548 4.3029 -0.4746 -5.1040 0.7347 1.0194 -2.6553 
30.5531 14.9405 -16.0659 -2.6038 9.8013 -2.6201 -4.7395 3.6652 -0.8285 -5.0417 0.8385 0.9725 -2.7187 
31.6684 16.3522 -15.1341 -2.1756 9.9423 -2.9009 -5.6407 2.5847 -1.5474 -5.4085 0.6520 0.7223 -3.4936 
31.0592 15.6478 -15.9669 -3.3483 9.4208 -2.2935 -4.8337 3.1834 -0.7513 -4.6245 1.1708 1.3710 -2.8657 
30.3993 15.2499 -15.6821 -3.1010 9.4541 -2.3728 -5.0235 3.3662 -0.0217 -4.4074 0.2282 0.3249 -2.9573 
29.4082 14.4276 -16.0920 -4.2509 8.0328 -2.8266 -4.8744 3.2331 0.0424 -3.5228 1.2876 0.8951 -2.4803 
29.9658 15.8280 -14.0975 -2.6881 9.0160 -2.3368 -4.9433 3.2993 0.5510 -3.3558 1.2413 1.4184 -2.1700 
28.1044 14.3149 -14.2411 -3.0885 8.1702 -2.8428 -5.1237 3.4876 1.2015 -3.2178 0.2818 0.4442 -2.3813 
25.7013 13.6316 -12.3358 -3.3342 6.1868 -3.7375 -6.1377 1.1559 -0.8166 -4.5115 -1.0977 -0.4939 -2.7698 
24.9094 14.5518 -9.6054 -2.5522 5.5781 -2.8844 -4.3745 2.4254 0.5165 -3.0557 -0.2073 0.3124 -1.5242 
23.6297 14.1308 -8.5767 -2.2457 5.2761 -2.8324 -4.5471 1.9306 0.2511 -3.5805 -1.0814 -0.1296 -1.9893 
24.0510 15.2164 -7.2789 -1.8546 5.1472 -2.6260 -4.3793 1.8614 0.6026 -2.9686 -0.9930 -0.2598 -1.6080 
23.6341 14.9567 -7.2578 -2.1185 4.8658 -2.3620 -3.9397 1.8684 0.4500 -2.6983 -0.4360 -0.0599 -1.9984 
22.9572 14.6784 -6.9498 -2.4503 4.1130 -2.7279 -4.2291 1.4616 0.5442 -2.1061 -0.0760 -0.1106 -2.0032 
22.5810 14.6338 -6.6293 -2.7048 3.7309 -2.2522 -3.6097 1.1401 -0.0722 -2.2798 -0.5177 -1.0582 -2.4809 
21.9991 13.9331 -7.2045 -3.3856 2.9663 -2.8076 -3.8830 0.9013 -0.3252 -2.1922 -0.0066 -0.7207 -2.7229 
22.3423 14.7112 -6.0283 -2.3705 3.5180 -2.2657 -2.9776 1.7766 0.1195 -1.8641 0.5251 -0.2460 -2.4678 
22.1583 14.3932 -6.4637 -2.4212 4.6688 -0.4408 -2.1991 1.0682 -0.8378 -2.3000 0.3054 -0.4967 -2.6873 
22.0010 13.0874 -8.3995 -2.7430 5.0766 -1.1192 -2.7535 1.8983 0.0220 -2.3140 0.4925 0.4967 -1.5453 
20.3463 12.2135 -7.5948 -2.8822 3.4591 -2.4825 -3.4875 0.9892 -0.7725 -2.3679 0.5965 -0.0774 -2.5113 
19.6877 11.9630 -7.0629 -2.7253 3.0865 -2.6110 -3.3710 0.7431 -1.4378 -3.0228 0.1760 -0.4017 -2.9053 
19.2241 11.7138 -6.8962 -2.5229 3.6770 -1.8494 -3.3632 0.3458 -1.2906 -2.7005 0.1714 -0.2195 -2.5243 
18.9597 11.7130 -6.3556 -1.9504 4.1321 -1.1337 -2.3095 1.3959 -0.4618 -2.1753 0.3268 -0.2334 -2.3845 
18.5406 11.3073 -6.2960 -1.6938 3.9421 -1.7052 -2.7040 1.0971 -0.9172 -2.4982 0.1345 -0.7120 -2.9678 
18.4793 10.6721 -7.1628 -1.6533 4.2632 -2.0224 -3.0606 1.0547 -1.1226 -2.5342 0.8210 0.1314 -2.4974 
19.7532 11.0417 -8.4092 -2.2929 4.4317 -1.8861 -2.6084 1.5262 -1.6302 -3.4533 0.4303 -0.1440 -2.8837 
22.4660 11.6309 -11.4157 -3.3934 5.8023 -1.2303 -2.4619 2.3099 -1.3031 -3.6104 0.9995 0.5089 -3.0710 
23.9612 12.7441 -11.3871 -2.9078 6.5190 -1.4799 -3.4035 1.5920 -1.7037 -4.0884 0.4085 0.3448 -2.7407 
27.3467 16.4489 -10.1129 -3.7114 5.1162 -2.3133 -3.7703 0.9753 -2.4955 -4.3134 0.7887 0.7165 -2.2787 
25.6044 17.2160 -5.9820 -1.5587 5.2457 -1.5840 -3.4061 0.5281 -2.1848 -3.9746 -0.0474 -0.0461 -2.5220 
29.0691 22.5232 -1.3188 0.5235 5.5066 -1.8489 -4.6400 -1.0121 -2.1048 -2.7833 0.3399 -0.0439 -1.5203 
32.7167 24.8639 -3.2813 -1.8307 5.3740 -1.2170 -5.4559 -3.3336 -4.0252 -3.0685 0.4240 -0.8352 -1.9817 
34.9817 26.1799 -4.2378 -2.3502 5.5342 -1.4656 -5.6279 -3.2542 -4.1189 -2.6605 1.4519 -0.2831 -1.7114 
35.4963 26.2203 -4.7519 -2.1874 6.0110 -1.4918 -5.5902 -2.8726 -4.2045 -3.2411 1.1417 -0.3387 -1.8607 
35.9022 26.2699 -5.0810 -2.0015 6.2346 -1.8249 -5.7194 -2.4355 -4.0010 -3.5466 0.7292 -0.8284 -2.3778 
34.6789 25.7461 -4.3819 -1.8708 6.3479 -0.7389 -5.1534 -3.4031 -5.0629 -3.6987 0.8722 -0.7600 -2.1335 
35.8398 25.6523 -6.1217 -2.5189 5.9212 -2.5535 -6.2401 -2.3950 -4.2140 -4.2206 0.3069 -1.0230 -2.8795 
33.3664 24.7581 -4.0936 -1.7099 5.6769 -1.1560 -4.7900 -3.3554 -5.6260 -3.7857 1.1675 -1.1367 -2.6357 
34.9000 25.3823 -5.0847 -1.7522 6.2576 -1.8195 -5.5794 -2.4819 -4.3157 -3.6462 0.9862 -0.7496 -2.6151 
33.8948 25.5358 -3.5200 -1.4625 5.9884 -0.8431 -4.7875 -3.1838 -5.0201 -3.3991 1.2506 -0.8880 -2.5767 
35.1956 25.4463 -5.5134 -2.1790 6.0083 -2.0625 -5.7407 -2.4932 -4.4841 -4.1032 0.5813 -0.9652 -2.8866 
33.7789 25.3679 -3.5055 -1.0977 6.2853 -1.0413 -4.9202 -2.5065 -4.0546 -3.0823 1.2098 -0.5616 -2.1497 
32.3776 24.2649 -3.6277 -1.6898 5.2297 -1.5036 -5.0538 -3.1936 -5.1028 -3.9625 0.4013 -1.3911 -2.7734 
33.6663 25.1922 -3.6539 -1.1395 6.2125 -1.3518 -5.1792 -2.2244 -3.6133 -3.3231 0.5589 -0.7264 -2.0477 
33.6804 24.9799 -4.3438 -2.1803 5.0858 -2.3786 -6.0262 -2.8475 -3.9933 -3.6279 -0.0183 -1.6192 -2.8229 
32.7715 25.3215 -2.0568 -0.6696 5.2813 -1.8753 -5.2790 -2.9561 -4.3692 -3.2029 0.7012 -1.2499 -2.0773 
34.3484 25.0747 -4.7105 -1.6989 5.0996 -3.5072 -6.2487 -1.8637 -3.7451 -4.0519 0.1584 -1.1566 -2.5246 
33.4538 25.2734 -3.4182 -1.9405 4.4509 -2.5660 -5.4170 -2.5700 -4.2858 -3.5341 0.5660 -0.9530 -1.5782 
36.3559 26.5492 -5.2623 -2.5250 4.9225 -3.3099 -5.5678 -0.6856 -2.7385 -3.5148 0.5873 -0.6310 -1.9619 
35.2395 26.2625 -4.7241 -3.7187 3.0664 -3.6503 -5.6317 -1.7473 -3.3235 -3.1787 0.0096 -2.3401 -2.8490 
36.4507 27.2048 -4.5445 -3.1524 3.5956 -3.7938 -5.2901 -0.1942 -1.7438 -2.3659 0.5370 -1.9407 -2.6482 
36.8510 26.6933 -6.1729 -4.1348 3.1231 -4.7429 -5.9911 0.0081 -1.6487 -3.0101 -0.0698 -2.1481 -3.2471 
36.3296 26.8917 -5.0252 -3.6758 2.9133 -4.5235 -5.4657 0.3423 -1.2013 -2.3668 0.1109 -2.6936 -3.7049 
36.2195 26.9082 -5.0876 -4.2116 2.4388 -4.6044 -5.6692 0.0016 -1.2791 -2.5262 -0.3646 -2.9661 -3.8301 
35.5712 27.2263 -3.4245 -3.4608 2.0344 -4.5015 -5.0122 0.1827 -1.1077 -1.5686 0.5377 -3.0459 -4.1841 
34.9848 26.9115 -3.0602 -3.3329 1.5896 -4.7325 -4.6068 0.5945 -1.2003 -1.9387 0.1889 -3.2945 -4.3103 
34.3655 26.3870 -3.2186 -3.7680 0.7325 -5.5920 -4.9750 0.8578 -0.9815 -2.4247 -0.4502 -3.4607 -4.5536 
34.4168 25.8980 -4.0993 -3.8642 1.1274 -5.7209 -5.3196 0.8501 -1.1518 -2.9160 -0.5691 -3.2671 -4.7774 
33.8563 25.4740 -3.8772 -3.3983 1.4478 -5.5332 -5.1361 1.0910 -0.8709 -2.7557 -0.5308 -3.0704 -4.5569 
31.8290 24.5160 -2.3340 -2.1898 1.5770 -5.0832 -4.4926 0.9779 -1.3109 -2.7725 -0.2297 -2.6806 -4.1175 
32.1794 24.4067 -3.1980 -2.8392 1.3906 -5.2164 -4.3343 1.7197 -0.7254 -3.0024 -0.6181 -2.5126 -3.9887 
30.8631 23.7929 -2.0745 -1.9075 1.3375 -5.1814 -3.9380 1.7607 -0.7314 -2.4119 -0.0950 -2.6613 -4.0864 
29.5672 22.7332 -2.3233 -2.3227 1.1230 -5.0106 -4.3161 1.0330 -0.9713 -2.8159 -1.1358 -3.3395 -4.2585 
29.2471 22.6788 -1.8062 -1.7583 1.4696 -4.7107 -3.7768 1.9260 -0.0685 -2.2055 -0.5046 -2.5590 -3.7988 
28.1515 21.6321 -2.4735 -2.5738 1.4089 -3.7321 -3.0870 1.9621 -0.0321 -2.3823 -0.8975 -2.3322 -3.2735 
26.9666 20.2973 -3.0891 -2.6871 1.3873 -3.6113 -2.4488 2.9064 0.3821 -2.6286 -0.8467 -1.6308 -2.9484 
25.4104 18.8781 -3.5182 -3.0257 1.2455 -3.3725 -2.5216 2.4611 0.0632 -3.1250 -1.6524 -1.9559 -2.6373 
24.1301 17.6197 -3.8818 -3.0887 1.2493 -2.9813 -1.9619 2.4859 -0.3777 -3.1950 -1.0564 -1.1798 -2.0126 
23.6849 17.2013 -4.1240 -3.3026 1.4497 -2.6311 -2.5934 0.9400 -1.3684 -3.0666 -0.6331 -1.1167 -2.3658 
23.6753 17.1898 -3.7966 -2.6022 1.6490 -3.0447 -2.5974 1.3223 -1.6458 -3.9047 -1.1805 -1.4801 -2.9645 
21.7474 15.1218 -4.3786 -1.9937 2.3576 -3.0062 -3.0210 1.0396 -1.7012 -4.0508 -1.3004 -1.0747 -2.1577 
22.4450 15.4370 -5.2237 -2.9803 2.3295 -2.4559 -2.9187 0.6958 -1.7466 -3.4771 -0.4066 -0.5024 -2.3948 
21.5663 14.8923 -4.8217 -2.5129 2.8313 -1.4261 -1.9049 0.8350 -2.1601 -3.4876 0.2268 0.2400 -2.0240 
20.1951 13.9969 -3.9676 -1.3066 3.0195 -2.1139 -2.6557 0.5933 -1.5894 -2.5058 0.5766 -0.1658 -2.0851 
19.2861 13.1854 -4.3599 -2.0155 2.2901 -2.2335 -2.1190 1.6283 -0.7022 -2.5038 0.2499 -0.0975 -2.2843 
19.0829 12.7410 -4.6689 -1.8265 2.4438 -2.3112 -2.0973 1.4229 -1.2046 -2.5567 0.4940 -0.2195 -2.2803 
20.0449 13.5727 -4.7037 -1.9781 2.6798 -2.1690 -2.2316 1.6303 -0.8004 -2.8229 -0.0704 -0.0435 -1.7738 
19.8304 12.6961 -5.9215 -2.2075 3.1836 -2.2144 -2.8337 1.3816 -0.4700 -2.4793 -0.1336 -0.1290 -1.2875 
19.9723 13.1489 -5.2568 -1.8951 3.1201 -2.0795 -2.2845 1.8190 -0.6554 -2.9121 -0.0937 0.1447 -1.5191 
18.7479 12.6495 -4.1994 -1.1800 3.1298 -1.6863 -1.6809 1.8857 -0.5774 -2.1866 0.6372 0.3110 -1.3720 
18.7058 12.4208 -4.6547 -1.5034 3.1716 -1.4913 -1.5514 1.9703 -0.5414 -2.1242 0.9224 0.5570 -1.7113 
18.5359 12.5871 -3.9276 -0.8662 3.4439 -1.2809 -1.5358 1.3254 -1.4900 -2.5629 0.8971 0.3744 -1.7795 
20.4592 13.4510 -5.3840 -1.6327 4.0667 -1.1800 -2.1244 1.6065 -0.2130 -1.5699 1.1330 0.4536 -1.5735 
30.7895 17.1456 -13.2877 -3.3050 7.9607 -2.6638 -5.5745 1.4421 -1.1349 -4.0380 -0.0375 -0.8640 -2.9558 
30.5045 15.0853 -16.4581 -3.5982 10.6649 -0.1789 -4.5792 1.5117 -1.3478 -3.3911 1.8351 0.5549 -3.3076 
33.1111 18.1061 -15.2692 -4.4570 8.9033 -1.6662 -5.8869 -0.2586 -3.5354 -5.3990 0.4951 0.1349 -2.8608 
31.9968 17.0570 -15.8999 -5.4042 8.3766 -1.0639 -5.1058 -0.0302 -3.4670 -5.4851 0.1289 0.2541 -1.9833 
31.9609 17.2854 -15.5706 -5.5321 8.1709 -0.8220 -4.5751 0.5840 -2.9629 -5.3946 0.0029 0.2871 -1.8207 
31.1024 16.8141 -15.2470 -5.5290 8.0187 -0.4544 -3.9987 1.0411 -2.5437 -5.1401 0.2396 0.7172 -1.9469 
30.8296 17.2532 -14.2003 -5.4963 7.3423 -0.6527 -3.7595 1.4355 -2.1608 -5.3675 -0.5106 0.2229 -2.2788 
29.9791 17.3787 -13.3484 -6.3153 6.5396 0.5542 -2.3860 1.7947 -1.7260 -5.1215 -1.0947 -0.2527 -2.5285 
30.8706 19.8936 -9.6945 -3.8949 7.6203 1.2325 -2.8422 0.2019 -2.6875 -5.0630 -1.0511 0.0076 -1.4860 
31.5246 21.9651 -6.8998 -2.8289 7.6196 2.1836 -1.7434 0.1451 -2.9077 -4.5737 -0.6449 -0.1359 -1.5956 
33.9918 23.6061 -8.2195 -5.0934 5.8383 1.0445 -2.4854 -1.1850 -5.2077 -6.5523 -1.8262 -1.6418 -3.3327 
35.5845 25.3337 -7.5840 -5.1643 5.9636 1.8459 -1.4300 -0.4093 -4.4401 -5.4305 -0.8635 -1.3074 -3.0465 
36.4971 26.2422 -7.5264 -5.5395 6.0534 2.4380 -1.0147 -0.3033 -4.3986 -5.5240 -1.0670 -1.3483 -2.8832 
36.9619 26.7374 -7.4581 -5.8233 5.7631 2.2063 -1.2521 -0.3410 -4.2566 -5.5520 -1.1464 -1.0986 -2.5154 
37.5531 26.6547 -8.5390 -6.5431 5.3014 1.3851 -2.0149 -0.7944 -4.5066 -5.3914 -0.9766 -1.6312 -3.2491 
38.3395 27.4851 -8.3179 -6.5602 5.7271 2.1112 -1.6785 -0.7964 -4.3109 -5.0197 -0.7333 -1.4594 -2.9364 
38.8589 28.0952 -8.2112 -6.9322 5.5787 2.3627 -1.4902 -0.6229 -3.9642 -4.8495 -0.8173 -1.5086 -3.0481 
38.8774 27.2503 -9.2940 -6.7109 5.4689 0.8768 -2.4416 -0.6600 -4.4867 -5.5283 -1.0163 -1.8884 -3.7048 
38.7105 27.8666 -8.2241 -6.6471 5.7353 2.3548 -1.5126 -0.9241 -4.2666 -4.5990 -0.5793 -1.7297 -2.9705 
39.1548 27.8640 -8.7672 -6.7533 5.6245 1.7047 -1.9282 -0.8250 -4.2968 -4.7311 -0.5221 -1.8263 -3.2733 
38.7221 28.4752 -7.5561 -7.1612 5.1420 2.5989 -1.5570 -1.3649 -4.0594 -4.2532 -0.8516 -1.9673 -2.9466 
39.4503 27.7145 -9.3991 -6.9573 5.4209 0.8954 -2.5654 -0.8085 -4.4078 -5.3305 -1.0829 -2.1610 -3.6013 
37.6506 27.9380 -6.8242 -6.8607 4.3982 2.0430 -1.3242 -1.1075 -4.1202 -4.2172 -0.7141 -1.9557 -2.8504 
38.1098 27.7272 -7.5262 -6.4744 4.8461 1.2486 -2.0903 -0.9580 -4.0741 -4.5388 -0.7410 -1.9167 -3.1794 
37.1204 27.9951 -5.7406 -6.2294 4.0423 1.7594 -1.1806 -1.2409 -4.2575 -3.6033 -0.1507 -2.4603 -3.6116 
37.3530 27.7055 -6.3192 -5.8576 4.4804 1.0339 -1.8964 -0.7369 -3.5581 -3.6710 -0.3493 -2.3922 -3.7801 
37.1125 26.4799 -7.7648 -5.7314 4.4784 -0.7951 -3.3696 -0.3740 -3.3422 -4.6024 -0.9530 -2.2453 -4.0650 
36.2322 26.9367 -5.9753 -5.5130 4.2489 0.2466 -2.8043 -0.7077 -2.5763 -3.2062 -0.5848 -2.1051 -3.4149 
35.4945 26.9239 -4.7881 -5.0091 3.6689 -0.0831 -2.7834 -1.2817 -3.1881 -2.7085 0.2543 -2.2723 -4.0772 
35.1109 26.4709 -4.8857 -4.6773 3.9508 -0.2133 -2.9227 -1.1388 -3.2722 -3.1692 0.1918 -1.7316 -3.7821 
34.6340 25.2205 -5.9885 -4.2652 4.2756 -1.3930 -3.7955 -0.5937 -2.9293 -3.7879 -0.3775 -1.9521 -4.0575 
32.5449 25.5039 -2.7796 -3.8044 3.0580 -0.4846 -2.6196 -0.9934 -2.6778 -2.4328 0.1962 -1.9201 -3.4776 
31.7041 24.3068 -3.3250 -3.1551 3.6911 -1.0130 -3.4105 -1.0085 -2.4674 -2.5375 0.3004 -1.4256 -3.3714 
32.0681 24.6884 -3.1354 -3.1351 3.3103 -1.8202 -4.1315 -1.2454 -2.4195 -2.5817 0.0542 -1.7601 -3.6793 
30.2347 23.8230 -1.7907 -2.1017 3.4958 -1.3481 -3.5422 -0.9670 -1.9801 -1.9745 0.4185 -1.4768 -3.3267 
29.7681 22.7140 -2.6614 -1.6370 3.8811 -1.9753 -3.6107 -0.1992 -2.0786 -2.9233 0.0239 -1.2627 -3.1743 
29.3699 22.4573 -2.4861 -1.4648 3.8087 -2.2261 -3.9632 -0.5826 -2.4560 -3.2813 -0.1883 -1.2829 -3.1851 
27.9409 21.8181 -1.4938 -0.9160 3.7258 -2.0567 -4.0085 -1.0310 -2.4715 -2.9730 -0.2120 -1.2794 -2.8539 
27.9106 21.2372 -2.1784 -0.4752 4.4681 -2.0964 -4.0003 -0.5041 -2.3727 -3.3128 -0.0137 -0.6921 -2.7185 
27.6188 20.7486 -2.6644 -0.6291 4.7491 -1.6679 -3.7430 -0.4673 -2.4439 -3.4279 -0.1056 -0.6196 -2.5021 
27.4530 20.5425 -2.9839 -0.9001 5.1004 -1.0949 -3.7816 -0.5195 -1.6292 -2.3994 0.2579 -0.7477 -2.7361 
25.8008 18.9412 -3.3153 -0.9649 4.4948 -1.3995 -2.8933 0.7015 -1.2344 -2.6122 -0.0669 -1.3423 -3.5113 
24.6775 17.9654 -3.1367 -0.3444 4.6284 -1.6408 -2.8785 0.8321 -1.6099 -3.4320 -0.6188 -1.2236 -3.0856 
22.9456 16.4754 -3.4117 -0.7718 3.8164 -2.1680 -3.0114 1.1062 -0.9360 -2.8973 -0.4151 -0.9227 -2.7479 
22.6203 15.9846 -4.1873 -1.7964 3.3004 -1.9202 -2.7456 1.0538 -0.8599 -2.6363 -0.4129 -1.3106 -3.3014 
21.3227 14.8848 -4.3660 -2.1220 2.6988 -2.1226 -2.4117 1.6167 -0.5125 -2.8629 -0.7196 -0.8880 -2.5011 
20.9792 15.1497 -3.2956 -1.5130 2.7980 -1.8591 -2.3715 0.9676 -1.2102 -2.9965 -0.4933 -0.5337 -1.9700 
20.6027 13.8990 -4.8153 -1.7390 3.0938 -2.2973 -2.8713 0.9540 -1.2828 -3.2449 -0.7918 -1.0474 -2.5230 
20.6323 13.8335 -4.9789 -1.7697 3.0799 -2.6865 -3.3798 1.0811 -0.5454 -2.6294 -0.5632 -0.9255 -2.1424 
20.8881 14.3301 -4.3597 -1.2140 3.7848 -1.5606 -2.2342 1.5553 -0.7151 -2.6737 -0.0081 -0.2692 -2.1765 
20.2178 13.6161 -4.5772 -1.1927 3.6385 -1.7669 -2.3029 1.4053 -0.8650 -2.3567 0.6073 0.1488 -1.8625 
20.2426 13.7278 -4.4032 -1.0957 3.6850 -1.6573 -2.0675 1.7807 -0.5532 -2.4869 -0.0177 -0.5856 -2.3713 
20.5141 13.3029 -5.4347 -1.5219 3.1773 -2.5877 -2.2890 1.8333 -1.3972 -3.3355 -0.1334 -0.9341 -2.9626 
19.4123 12.4130 -5.0717 -0.6103 3.6717 -2.6697 -2.4945 1.8368 -1.1519 -2.9455 0.2951 -0.4453 -2.3366 
18.5265 11.7875 -5.3232 -1.1611 4.0938 -1.0659 -1.5572 1.9338 -0.9222 -3.1194 -0.2259 -0.1167 -1.9775 
19.8095 11.8420 -7.0334 -1.7043 4.1681 -2.5613 -3.3516 1.6800 -0.8782 -3.9495 -0.9253 -0.3009 -2.5319 
22.0331 11.2986 -10.6877 -1.7611 6.1968 -3.1113 -4.0183 3.2659 0.0045 -4.3905 -0.2198 0.8061 -2.7308 
24.2218 12.0438 -11.7757 -0.6903 7.9385 -2.9897 -3.4968 4.3563 -0.4392 -4.8797 1.0303 1.8898 -2.6188 
25.7062 12.3563 -12.7911 -0.0963 8.6465 -3.8617 -3.7500 5.2170 -0.6194 -5.7651 1.0138 2.4350 -1.9172 
26.2938 12.6230 -12.9990 0.2803 9.3560 -3.7676 -4.1083 5.0193 -0.6225 -5.7295 0.8037 1.6403 -2.7357 
25.7256 11.4585 -14.3133 -0.3526 9.1471 -4.1659 -4.5445 4.5880 -1.3171 -6.3388 0.6970 1.6496 -3.0107 
26.6482 12.5047 -13.9966 -0.7217 8.7933 -4.1120 -4.3766 4.7193 -1.1235 -6.3065 0.4446 1.5667 -2.6538 
30.3105 17.2353 -10.7719 1.1142 10.9116 -1.8503 -3.9872 3.7964 -0.8936 -5.3545 0.0310 0.3078 -3.1489 
32.5140 19.7610 -9.8772 0.6546 10.8036 -1.1810 -4.0420 2.4055 -2.6387 -6.7447 -0.8288 0.1663 -2.8104 
33.4484 21.0838 -9.7429 -1.0210 9.6421 -0.9230 -4.6993 0.5937 -3.2178 -6.1026 -0.6836 -0.0529 -2.8994 
34.2633 22.1512 -9.6926 -2.5748 8.2433 -0.5899 -3.9404 0.1557 -4.2236 -6.7828 -1.4296 -0.7873 -2.6941 
36.3381 23.4022 -10.1482 -2.4156 8.5631 -0.4391 -2.6780 1.3313 -4.6830 -7.1487 -0.9767 -1.1410 -3.0917 
35.2191 24.6126 -7.6105 -3.7859 6.8657 1.4404 -1.4167 0.1409 -4.8615 -6.4380 -1.1909 -0.9581 -2.4407 
36.4140 25.5483 -8.3486 -5.5525 5.6965 1.3005 -1.6401 -0.5897 -5.2160 -6.2226 -1.3540 -1.7570 -3.0649 
37.2408 26.6830 -7.6907 -5.5064 5.9603 2.0053 -1.0796 0.0159 -4.2636 -5.5978 -1.3293 -1.6964 -2.7261 
37.9556 27.2009 -8.0010 -6.1893 5.1809 1.1845 -1.6375 -0.1567 -4.3684 -5.7756 -1.5644 -2.1734 -3.1865 
38.4253 27.7212 -7.7952 -6.3325 4.7342 0.6504 -1.9517 0.0124 -3.6382 -4.9409 -1.2971 -2.3366 -3.0633 
38.1854 27.6780 -7.2444 -5.8214 4.2427 -0.3865 -2.2064 0.4950 -3.3463 -4.8277 -1.1369 -2.5211 -3.3885 
37.1160 27.2117 -6.6456 -6.0842 2.9914 -1.2182 -2.3045 0.5709 -3.3737 -5.1073 -1.6967 -3.1901 -4.1100 
37.4981 27.7570 -6.1067 -5.6652 3.0433 -1.6155 -2.6097 1.1915 -1.8692 -3.7586 -1.0720 -2.9043 -4.0030 
36.5421 28.0184 -4.2124 -4.9077 2.7028 -1.4579 -2.4261 0.8308 -1.8440 -3.1268 -0.7026 -3.0295 -4.1613 
36.7006 27.0686 -5.6792 -4.4668 3.5059 -2.6730 -3.9760 0.9530 -1.3441 -3.6928 -1.5563 -3.1793 -4.0832 
35.7359 26.9756 -4.3631 -3.8212 3.4014 -2.2732 -3.3479 1.1482 -1.1710 -3.3063 -1.2681 -2.9646 -3.8391 
34.7321 26.6984 -3.5748 -4.0171 2.4183 -2.7083 -3.6575 0.4951 -1.3395 -2.9505 -1.3794 -3.5754 -4.1941 
33.7951 26.7797 -1.9716 -3.4851 1.5511 -3.0230 -3.0500 0.8844 -1.2886 -2.5659 -0.7158 -3.1435 -3.9848 
34.9333 26.9342 -3.2476 -3.8423 1.7342 -3.6382 -3.6402 0.8342 -1.6099 -3.0485 -0.9487 -3.5446 -4.3046 
34.0207 26.1708 -3.2004 -3.4506 2.2124 -3.4599 -4.0956 0.3154 -1.6940 -3.1292 -1.0309 -2.9934 -3.4273 
35.2079 26.0711 -4.9238 -3.6282 3.0468 -3.8509 -4.7279 0.6767 -1.6317 -3.7614 -0.8079 -1.7674 -2.7770 
35.1850 26.6961 -4.2854 -4.7347 1.3716 -3.8979 -3.9130 0.5349 -2.3939 -4.1177 -1.1593 -2.7543 -3.7485 
34.9991 26.7747 -3.8971 -4.3664 2.2162 -2.5700 -3.0992 0.8511 -1.6301 -3.1472 -0.6651 -2.2068 -2.7990 
35.9836 27.6354 -4.2765 -5.3314 2.0857 -2.0883 -3.3099 0.1394 -2.0126 -3.4830 -1.0752 -2.1668 -2.5824 
35.8672 26.8596 -5.3889 -5.4148 2.7342 -1.7818 -3.3448 -0.0611 -2.4485 -3.6731 -0.7965 -2.1131 -3.0589 
36.2250 26.3983 -7.0590 -6.9362 1.4997 -3.2916 -4.7014 -0.9170 -3.3289 -4.7770 -1.7192 -2.7176 -3.6903 
36.6768 26.8376 -6.4730 -5.7973 2.2522 -3.3183 -4.1878 0.4915 -2.4571 -4.7423 -1.2564 -1.7007 -3.2326 
36.4403 27.2846 -5.2567 -4.9895 3.0125 -1.9886 -3.1787 0.7543 -2.0210 -3.8620 -0.4837 -1.0623 -2.5729 
36.5862 27.3825 -5.3179 -5.0956 3.0224 -1.8027 -3.3154 -0.1281 -2.7612 -3.5388 0.0289 -1.2927 -2.8261 
35.7172 26.5172 -5.8398 -5.8025 2.3574 -2.0991 -3.5001 -0.1816 -2.4922 -3.5379 -0.8256 -2.4361 -3.3854 
35.8919 26.8749 -5.1400 -4.8168 3.1166 -1.8211 -3.2841 0.2602 -2.1096 -3.2976 -0.3670 -1.7475 -2.8950 
35.2603 26.4054 -5.2716 -5.3257 2.6924 -1.4093 -2.7705 -0.1135 -2.7410 -3.0487 0.4624 -1.4330 -3.1516 
34.2162 26.0950 -4.0875 -4.2998 3.0582 -1.3560 -2.9881 -0.1114 -2.3527 -3.1954 -0.1840 -1.5184 -3.0381 
34.4099 26.3019 -3.8629 -3.9160 3.3762 -1.3766 -3.3377 -0.5925 -2.6205 -3.0721 0.0419 -1.3676 -2.7572 
34.3683 26.0548 -4.1031 -3.7185 3.4801 -1.9632 -3.9706 -0.5221 -2.2489 -2.9133 0.2141 -1.1065 -2.8052 
33.8712 26.1128 -3.9036 -5.0517 1.9659 -1.9159 -3.5385 -0.9553 -3.0067 -3.6697 -0.6431 -1.7351 -3.2401 
32.9280 25.0172 -3.7059 -3.3768 2.9901 -2.5193 -3.8354 0.1648 -1.6576 -2.8482 0.0179 -1.1719 -3.1110 
31.5051 24.3951 -2.8430 -3.1307 2.8907 -1.9985 -3.8463 -0.7006 -1.7003 -1.9343 0.3873 -1.4231 -3.1128 
30.6279 23.6162 -2.8792 -3.0634 2.6032 -2.2890 -3.8301 -0.8619 -2.4442 -2.6289 0.4060 -1.2214 -3.4636 
30.1621 23.3752 -2.3164 -2.2539 2.7720 -2.7288 -3.8894 -0.1189 -1.7068 -2.5387 0.4160 -0.6009 -2.6298 
29.0703 22.1265 -2.8107 -2.0152 3.1822 -2.7336 -4.4372 -0.7570 -1.7949 -2.1410 0.5357 -0.9495 -2.9155 
27.7614 21.2246 -2.4760 -1.8268 2.8308 -2.9629 -4.2194 -0.1580 -1.2105 -2.0903 0.2809 -0.9984 -3.0074 
26.2650 19.8028 -2.6082 -1.3961 2.9878 -2.9194 -3.7826 0.4408 -1.0016 -2.1751 0.3571 -0.8125 -3.1169 
24.7432 18.1924 -3.1907 -1.3510 3.1164 -2.8877 -3.7234 0.4768 -1.4468 -3.1359 -0.3334 -0.9437 -3.3580 
23.8298 17.5908 -2.9828 -1.4199 2.7948 -2.6184 -3.1353 0.5518 -1.7328 -3.2374 -0.2763 -0.7801 -2.9153 
22.8689 16.8229 -2.9840 -1.4763 2.5651 -2.5673 -2.8498 0.7809 -1.6129 -3.2170 -0.3306 -0.8736 -2.9933 
21.9335 15.8682 -2.9287 -0.4508 3.6963 -1.8927 -2.4789 0.8338 -2.0357 -3.6628 -0.2370 -0.4344 -2.7168 
21.5117 15.6904 -2.7149 -0.5256 3.4497 -1.9545 -2.4325 1.2776 -0.8845 -2.5464 0.0615 -0.5573 -2.6935 
20.7685 14.7223 -3.6750 -1.4418 3.1387 -1.5521 -1.9942 1.4683 -0.7271 -2.6543 -0.5960 -1.3623 -3.2561 
19.9107 13.5317 -4.3272 -1.2651 3.2679 -1.8449 -1.9010 1.9625 -0.6932 -2.9079 -0.2474 -0.2863 -1.8391 
20.8188 14.0901 -4.4636 -0.8296 4.0291 -1.8741 -2.5480 1.4273 -1.0876 -3.2305 -0.3504 -0.2715 -1.9104 
20.1190 13.6385 -4.4031 -1.2754 3.1454 -2.2890 -2.4145 1.6584 -0.7136 -2.6392 -0.0314 -0.6070 -2.4979 
20.6795 13.9481 -4.8572 -1.6787 3.3917 -2.0739 -3.0034 0.7590 -1.1685 -2.7848 -0.0190 -0.0614 -1.4975 
19.6316 13.4803 -4.1324 -1.4113 3.1306 -1.5715 -1.9402 1.1362 -1.3925 -2.5852 0.6692 0.2247 -2.1294 
18.5477 12.3353 -4.3761 -1.0436 3.2363 -2.0277 -2.4422 0.9342 -1.4058 -2.5462 0.5171 -0.3574 -2.8164 
18.6687 12.1203 -5.2336 -1.8714 3.1443 -1.6355 -2.1911 0.9963 -1.4236 -2.7897 0.2234 -0.3039 -2.5244 
22.8514 17.3534 -1.2977 1.0226 5.1699 -0.3092 -1.3120 1.1681 -2.2960 -4.1489 -0.5909 -0.0474 -1.4081 
25.4401 19.7127 -1.2236 0.3483 5.2757 0.1005 -1.8377 -0.2080 -3.4282 -4.6967 -1.1299 -0.7730 -1.9545 
27.0997 20.9912 -1.7196 -0.6331 4.8938 0.1800 -1.6474 0.0147 -3.2784 -4.5167 -0.6238 -0.2162 -1.9863 
27.3031 21.0632 -2.0702 -1.2090 4.4856 0.1595 -1.5868 -0.4977 -4.4797 -5.6025 -0.8682 0.0472 -1.9969 
28.0850 21.8136 -1.7402 -0.8951 4.7064 0.2865 -1.1984 0.1030 -3.9279 -5.1899 -0.8691 -0.3041 -1.9902 
32.8005 24.2481 -5.0374 -3.5409 5.0103 0.1204 -3.0144 -1.0565 -2.9700 -3.0654 0.1262 -1.5800 -3.6201 
37.0250 26.7145 -6.9422 -5.0432 4.1793 -1.8048 -3.9835 -0.0551 -2.3498 -3.2772 0.4096 -1.1332 -3.3069 
37.8213 27.5317 -6.6859 -4.9397 4.3521 -2.0680 -4.4776 0.4893 -0.9281 -2.7563 -0.1103 -1.1331 -2.7085 
39.2810 28.0027 -8.2158 -5.9012 4.6708 -1.8928 -4.8632 0.0159 -1.3790 -2.8020 0.4981 -0.7741 -3.0928 
38.7679 27.5328 -8.2632 -6.0073 4.1195 -2.4294 -4.8870 0.2579 -1.1740 -2.7302 0.1979 -1.2466 -3.2350 
39.1085 28.2449 -7.8769 -6.4676 4.0988 -1.6987 -4.9942 -0.4394 -0.6726 -1.5863 0.4149 -1.3766 -2.8478 
38.6138 28.3740 -6.9998 -6.2276 3.9752 -1.4451 -4.8709 -0.6180 -0.5953 -1.3290 0.6009 -1.1703 -2.8844 
39.0959 28.1795 -7.6564 -5.6181 4.9149 -1.6699 -5.4210 -0.7223 -0.8467 -1.7520 0.4412 -1.2310 -2.9162 
39.1705 28.6434 -7.2707 -5.9954 4.8233 -1.0246 -5.2405 -1.0107 -0.6279 -1.5190 0.0752 -1.4427 -2.6370 
39.6114 28.8255 -7.6023 -6.3653 4.2712 -1.6714 -5.4417 -1.0414 -0.9393 -1.6114 0.3864 -1.4403 -3.0375 
39.0188 27.9279 -7.7318 -5.5365 4.0795 -2.9177 -5.4703 -0.4752 -1.7687 -2.3204 1.2975 -1.0154 -4.0489 
38.2755 27.9806 -6.8287 -5.4853 4.1020 -2.3282 -5.4980 -0.4189 -0.4429 -1.5221 0.6219 -0.9835 -2.9821 
38.0796 27.7802 -6.8121 -5.2980 4.1598 -2.4752 -5.4499 -0.0506 -0.3085 -1.8591 0.3842 -0.8497 -2.9089 
37.3655 27.4060 -6.3581 -4.9384 4.1708 -2.4611 -5.4430 -0.0512 -0.1587 -1.9142 -0.2143 -1.3596 -2.6805 
37.1057 27.2340 -6.2304 -4.5149 4.9778 -1.7809 -5.5288 -0.4499 -0.1533 -1.7791 -0.3654 -1.5734 -2.6876 
36.1722 26.4686 -6.3090 -4.9155 4.0858 -2.1910 -5.4276 -0.8902 -1.1633 -2.5898 -1.0391 -2.1722 -2.7052 
36.9629 26.8847 -6.4596 -4.6608 4.1614 -2.3664 -4.6661 0.1275 -1.3973 -2.9398 -0.1139 -1.3179 -2.9401 
36.2970 26.6565 -6.4065 -5.5608 3.6593 -1.4314 -4.1655 -0.7576 -2.1329 -3.0335 -0.4216 -1.5864 -2.7155 
37.6485 27.4603 -7.1775 -6.2391 3.9785 -0.7181 -3.5691 -0.3418 -1.9864 -2.9165 0.1360 -0.7549 -2.2256 
37.8337 27.4110 -7.5111 -6.2276 4.4592 -0.1092 -3.1622 -0.4310 -2.4057 -3.0116 0.3984 -0.7911 -2.5249 
37.0194 26.4636 -8.1351 -6.6015 4.5468 0.4224 -3.0307 -1.4666 -4.1344 -4.2604 0.1041 -0.6683 -2.7017 
37.3860 26.7975 -8.0716 -6.7759 4.1049 0.1520 -2.8664 -1.5278 -4.5849 -4.1952 0.7587 -0.3303 -2.7392 
37.0758 26.8596 -7.8644 -7.3780 3.5756 0.4805 -2.6163 -1.6765 -4.3702 -3.8188 0.6591 -0.6314 -2.8896 
36.3917 25.9547 -8.3673 -7.4386 3.2176 -0.4521 -3.4845 -2.3182 -5.2194 -4.7109 0.1402 -1.0243 -3.5117 
35.7093 26.5665 -6.1354 -5.9616 4.3898 1.4674 -2.3052 -2.4131 -4.9770 -3.8994 0.6859 -0.2671 -2.0800 
35.0649 26.0011 -6.1718 -6.0928 3.6484 0.6386 -2.2045 -1.3892 -4.2590 -4.3384 -0.4934 -1.4709 -3.0727 
34.0772 25.1836 -5.4402 -4.5576 3.6755 -0.7715 -2.3499 0.0614 -3.6605 -5.0528 -0.6485 -0.5449 -2.1776 
31.4261 24.2082 -3.6272 -4.3995 2.9281 0.2455 -1.4026 -0.5316 -3.9011 -4.5291 -0.6282 -0.7560 -2.3619 
31.3923 24.0853 -3.5812 -3.9171 3.4204 0.5010 -1.0617 -0.1791 -3.8311 -4.4952 -0.4772 -0.7100 -2.2466 
30.5907 23.3377 -3.9619 -4.2892 3.4051 0.5527 -1.7631 -1.0864 -4.1782 -4.8926 -1.0834 -0.7277 -2.1018 
29.8447 22.6540 -3.7522 -3.6310 3.4235 0.0965 -1.4169 0.0980 -3.3189 -4.6009 -0.7387 -0.2737 -1.8333 
28.8440 21.7030 -3.6687 -2.9072 3.8280 -0.0647 -1.6557 -0.1069 -3.7091 -5.0060 -0.8674 -0.1228 -1.5226 
27.8374 20.9961 -3.3718 -2.4018 4.3686 0.4787 -1.5710 -0.2450 -3.3427 -4.2627 -0.3461 -0.0731 -2.0130 
27.1349 19.6831 -4.4305 -2.1702 4.8703 0.0060 -1.9914 0.5001 -2.3605 -4.0108 -0.2157 0.6486 -1.0856 
25.6031 18.6945 -3.6241 -1.2174 4.9088 -0.2824 -2.0012 0.6660 -2.0580 -3.4963 0.0787 0.1677 -2.0587 
24.2553 17.9639 -2.8015 -0.6564 4.4995 -0.9491 -2.6447 0.0425 -2.4308 -3.8223 -0.4870 -0.1778 -1.7925 
22.9009 16.7739 -3.1928 -1.3749 3.6084 -1.0700 -2.1429 0.3978 -2.4923 -4.1661 -0.9521 -0.7933 -2.5531 
24.1870 17.0827 -4.7125 -2.4307 3.4050 -1.4771 -2.6905 0.0808 -2.5828 -3.8651 -0.5325 -0.6058 -1.9157 
23.5097 15.5668 -6.1552 -1.8744 5.2486 -0.8425 -3.0167 1.1235 -0.3116 -2.4992 -0.2011 -0.0231 -1.4540 
21.6889 14.4430 -5.5001 -1.8934 3.9896 -1.6442 -3.0005 0.7611 -1.2988 -3.3677 -0.7615 -0.5085 -1.6923 
21.5621 14.7657 -4.8956 -2.1502 3.2825 -1.4675 -2.0465 1.4114 -1.1619 -3.2312 -0.5283 -0.5122 -2.0081 
20.7633 14.0413 -4.6602 -1.2152 3.9787 -1.4619 -2.2384 1.5199 -0.8403 -2.9164 -0.2151 -0.0953 -1.5092 
21.0180 14.2943 -4.7119 -1.5126 3.8111 -1.3587 -2.2108 1.1726 -1.3269 -2.9677 0.2953 0.1904 -2.1480 
31.9883 21.8441 -8.1104 -4.7840 4.3331 -1.7195 -3.8709 0.4067 -1.4203 -2.3964 1.4510 0.5662 -1.9178 
41.2768 27.7819 -10.6407 -5.1099 6.6227 -2.2083 -4.9502 0.9031 -1.9810 -3.7369 1.0715 -0.1616 -2.8964 
39.9894 27.6059 -9.3074 -5.1649 5.5225 -2.5463 -5.0913 0.3463 -2.2847 -3.8913 0.7117 -0.3510 -3.0318 
40.3961 28.0941 -9.1674 -5.4523 5.2765 -2.4021 -4.9787 0.1570 -2.2707 -3.6303 0.6040 -0.4939 -2.4625 
40.4220 27.9990 -9.5419 -5.8932 5.0461 -2.6025 -5.3022 -0.0897 -2.5912 -4.2323 0.2284 -0.4613 -2.6728 
41.0493 28.5809 -9.8910 -6.9159 4.8464 -1.5012 -4.4561 -0.3928 -2.8494 -3.5979 0.8524 -0.5559 -2.7991 
40.7241 28.9075 -8.9116 -6.7409 4.5060 -1.3155 -4.0639 -0.1968 -2.4721 -3.1333 0.9910 -0.5951 -2.9528 
38.7194 28.4045 -7.2345 -6.4825 4.3208 -0.3073 -3.7486 -0.5704 -1.7018 -2.5963 0.0545 -1.1257 -2.8406 
35.9860 26.6253 -5.8260 -5.0062 3.8377 -1.1235 -3.3653 -0.1014 -2.3125 -3.4827 -0.0718 -0.7200 -2.6051 
34.3481 25.4705 -5.4936 -4.7999 3.5935 -1.2195 -3.3228 0.2743 -1.2769 -2.3832 0.4129 -0.7473 -2.7913 
32.9849 24.1230 -5.5452 -4.0369 3.9745 -1.4942 -3.4892 0.4708 -1.1197 -2.2195 0.8142 -0.5062 -3.1075 
32.7244 22.7783 -7.1715 -3.9154 4.4149 -2.2945 -4.0003 0.6527 -2.0794 -4.2938 -0.7963 -1.4130 -3.8159 
33.8579 24.1188 -6.2409 -2.9857 5.4117 -1.9180 -4.3942 0.4025 -1.7278 -3.7374 -0.0777 -0.4112 -2.9207 
36.6209 26.6239 -6.9452 -5.7303 4.0564 -0.8414 -3.7620 -0.8890 -2.4335 -2.6696 0.2752 -1.6317 -3.3009 
38.8224 28.1370 -7.7268 -6.5316 4.2827 -0.6210 -4.0673 -1.1340 -2.2248 -2.2548 0.4343 -1.7760 -3.2459 
38.0901 27.9141 -7.2033 -6.7541 3.6201 -0.4208 -3.6090 -1.6899 -3.1070 -2.2664 0.5996 -2.4665 -3.9678 
37.6746 27.4452 -7.2570 -6.4510 3.6932 -0.6777 -3.6363 -1.4666 -3.0793 -2.2604 0.8851 -2.3011 -4.1005 
35.7498 26.3340 -6.5433 -6.3873 3.1422 -0.3733 -2.9832 -1.3433 -3.1760 -2.3673 0.8957 -1.9225 -4.0940 
34.2508 25.3262 -6.0640 -5.7340 3.7573 0.3328 -2.6497 -1.1491 -2.9884 -3.0684 -0.2947 -2.0306 -3.7105 
34.2536 25.5373 -5.4735 -5.0773 4.1241 0.5878 -2.2248 -0.8155 -2.9890 -3.0494 -0.0195 -1.8087 -3.6367 
34.0963 25.2457 -5.8425 -5.2804 4.2659 0.7820 -2.4056 -1.3160 -3.4834 -3.4796 -0.4621 -2.1549 -3.7200 
34.1452 24.3189 -7.2626 -5.2906 4.4117 -0.3957 -3.2690 -1.0505 -3.8101 -4.6495 -0.9958 -2.0544 -3.8753 
33.0379 24.2276 -5.8292 -4.6323 4.6631 0.7546 -2.2578 -0.9029 -3.4604 -3.9696 -0.7335 -1.7814 -3.0460 
32.7088 24.5509 -4.7703 -4.2689 4.3864 0.6931 -2.2330 -0.8684 -2.9408 -3.1788 -0.2113 -1.3956 -2.7083 
31.7228 23.7474 -4.8641 -4.7196 3.2996 -0.2234 -2.6481 -1.2189 -3.3976 -3.5997 -0.7799 -2.3620 -3.9002 
31.9972 24.2305 -4.1106 -3.7467 4.1406 0.3914 -1.8656 -0.2465 -2.8732 -3.5433 -0.2418 -1.1142 -2.9128 
31.1929 23.6210 -3.9569 -3.5001 4.1847 0.3265 -2.0825 -0.4253 -2.7970 -3.6998 -0.9440 -1.5449 -2.5251 
30.0446 22.5670 -4.2170 -3.5178 4.4104 0.7018 -2.1887 -0.9962 -3.2267 -3.8809 -1.0438 -1.5868 -2.6232 
29.1104 21.5288 -4.1379 -2.2211 5.4411 0.6475 -2.3374 -0.6882 -3.0985 -4.0698 -1.1210 -1.5553 -2.5557 
27.6688 20.5116 -3.5558 -1.5268 5.0472 -0.3495 -2.8344 -0.4020 -2.6843 -4.1353 -1.4988 -1.8303 -2.8630 
26.9451 19.9236 -3.2868 -0.9123 5.2702 -0.3884 -2.5788 0.0431 -2.3788 -3.7511 -0.8665 -1.2937 -2.6776 
26.0331 18.8976 -3.7889 -0.8839 5.7226 -0.0035 -2.5974 0.0635 -2.0904 -3.7847 -1.3419 -1.5186 -2.5353 
24.6379 18.2788 -2.9580 -0.9112 5.0427 0.7157 -0.8986 0.6735 -2.6380 -3.9304 -0.6657 -1.0447 -2.8113 
25.4448 18.3891 -4.2634 -2.2126 4.3412 0.2998 -1.1745 0.3030 -3.0869 -3.7863 0.1188 -0.5126 -2.8327 
22.2149 15.7974 -3.9914 -1.8401 3.3005 -1.2231 -2.0286 0.5041 -2.4458 -3.7313 -0.3337 -0.7911 -3.0334 
21.1682 14.6381 -4.2866 -1.4776 3.2954 -1.9596 -2.6413 0.7111 -1.6691 -2.9407 0.2780 -0.1057 -2.2082 
20.1071 13.7225 -4.1192 -0.6591 4.2863 -0.9735 -1.7922 1.2055 -1.6435 -3.0647 0.4239 0.1235 -2.1285 
19.8284 13.2745 -4.7721 -1.6145 3.2696 -1.5923 -1.8852 1.4215 -1.2636 -2.7268 0.3858 -0.2156 -2.4278 
19.3250 12.7702 -4.9322 -1.7261 2.9760 -1.8559 -1.8824 1.4713 -1.4545 -3.0262 0.1442 -0.5496 -2.8840 
18.9375 12.7969 -4.2581 -1.3694 2.8416 -2.0028 -1.9428 1.4587 -1.4148 -3.0888 0.0781 -0.3613 -2.7314 
18.4477 12.1811 -4.9621 -2.1268 2.7644 -1.4556 -1.8574 1.0770 -1.1992 -2.3332 0.4781 -0.1601 -2.0277 
18.7481 12.2873 -4.7160 -0.9084 3.9313 -1.5093 -2.3391 1.1177 -1.0534 -2.5380 0.1720 -0.3660 -2.2446 
18.6945 11.5512 -6.0691 -1.5632 3.9901 -1.6874 -2.5804 1.3194 -1.0330 -3.0738 -0.1566 -0.2673 -2.2917 
19.4317 12.5061 -5.5884 -1.8672 3.4154 -1.7359 -2.2574 1.3416 -1.1898 -2.8934 0.2872 0.3136 -1.3901 
18.1063 11.3625 -5.7083 -2.1499 2.3731 -2.8164 -2.8029 1.0220 -1.5679 -3.1785 -0.0333 -0.5450 -2.7310 
17.9976 11.5946 -5.1794 -1.8974 2.7427 -2.0453 -2.2885 1.1507 -1.2739 -2.8183 0.1382 -0.1984 -2.1792 
17.9645 11.7466 -4.6767 -1.2620 3.3127 -1.4796 -1.6772 1.6149 -1.1366 -2.8404 0.3856 0.5716 -1.1652 
18.1016 11.8511 -4.5511 -0.9005 3.6702 -1.4240 -1.8523 1.3621 -1.2959 -2.7226 0.4663 -0.0310 -2.3726 
19.4771 12.1467 -6.3492 -2.1821 3.6711 -1.3974 -1.9650 1.5773 -1.1155 -2.7044 0.8050 0.5815 -1.8509 
25.1857 15.3071 -9.2133 -3.7629 4.4241 -1.7104 -2.4757 1.9715 -1.6070 -3.8622 0.6315 0.8384 -1.6920 
24.6623 14.3951 -9.9733 -3.5099 5.4226 -1.3090 -2.9188 1.8904 -1.0333 -3.8670 -0.3109 0.0997 -1.9121 
23.7870 14.8602 -7.9797 -3.1349 4.3647 -1.9327 -3.5522 0.9631 -1.0320 -3.0142 0.3508 0.5426 -1.7295 
32.6791 24.6842 -3.7825 -3.1496 2.8916 -3.2832 -4.6222 -0.0481 -1.5060 -2.5613 0.8096 0.2142 -2.1745 
32.6541 24.5529 -3.7614 -2.5671 3.5800 -3.3095 -5.4176 -1.0359 -2.1424 -2.6163 1.0431 0.1633 -2.6216 
35.1501 25.4139 -6.4528 -4.4086 4.3263 -2.6610 -6.0453 -1.1628 -1.2290 -2.1106 0.6779 -0.1944 -2.5410 
37.4343 27.1236 -7.0623 -5.3228 4.4444 -1.8730 -5.2136 -0.7931 -1.4908 -2.3211 1.1145 0.4746 -2.1308 
37.8675 27.7553 -6.7329 -5.8839 3.1254 -2.9420 -5.3500 -0.3843 -1.0544 -1.6989 1.7837 0.2960 -3.0989 
39.4104 27.9647 -8.5471 -6.2734 4.1765 -2.6841 -5.5474 0.0276 -0.7934 -2.1662 1.2707 0.3851 -2.3758 
38.9412 27.6834 -8.5236 -6.5048 4.0242 -2.4940 -5.4534 0.0769 -0.4719 -1.8887 1.4650 0.9399 -1.7886 
38.8541 27.8202 -8.5082 -7.2052 3.5742 -1.9483 -4.9522 -0.0446 -0.3456 -1.4307 1.3448 0.3414 -2.1085 
40.7100 28.4527 -9.6342 -6.6582 4.9158 -2.1916 -5.4627 0.4193 -0.2061 -1.8795 1.2759 0.4169 -2.3220 
39.6688 27.3467 -9.8292 -6.2321 4.9835 -2.7599 -6.1311 -0.2008 -0.8905 -2.3712 1.0499 0.2045 -2.4902 
39.1743 27.8336 -8.6224 -6.5091 4.3925 -1.9532 -5.2355 -0.1204 -0.6587 -2.0180 0.9341 0.1356 -2.2368 
38.7433 27.4630 -8.8828 -7.4172 2.7596 -3.4034 -5.8944 -0.4977 -1.5093 -3.1938 0.1160 -0.3132 -2.9240 
39.2165 27.8984 -8.7159 -6.8336 4.2136 -1.7955 -5.0495 -0.0831 -0.7570 -2.3904 0.4011 -0.1539 -2.3321 
39.6144 28.2808 -8.5461 -6.6474 4.3631 -1.7712 -4.9560 0.1394 -0.5731 -2.2197 0.5907 -0.1717 -2.4944 
39.5289 28.1570 -8.4805 -6.4728 4.1452 -2.0740 -4.7254 0.2717 -1.1820 -2.7774 0.6575 -0.0934 -2.6688 
38.7488 28.4008 -7.1430 -6.4707 3.5377 -1.4788 -3.9020 0.2435 -1.2120 -2.4956 0.6306 -0.3031 -2.6901 
39.0652 28.4844 -7.5150 -6.6097 3.7075 -1.7897 -4.5236 0.5294 -0.2444 -2.4160 -0.1379 -0.4597 -2.1965 
38.4194 28.3391 -6.8348 -6.4233 3.4560 -1.4434 -3.9556 0.2550 -0.8977 -2.2955 0.3882 -0.6290 -2.6427 
37.9254 28.2040 -6.3932 -6.2687 3.6443 -0.5778 -3.2590 -0.0112 -1.1988 -1.9085 0.6216 -0.8726 -2.3265 
37.6110 28.0498 -6.4245 -6.7167 3.1993 -0.5566 -3.1862 -0.2939 -1.8239 -2.6308 0.3982 -0.4409 -2.0516 
37.6756 27.5319 -6.9143 -5.8958 3.8799 -1.1118 -3.3685 0.4294 -1.5732 -2.8084 0.6805 -0.1453 -2.1814 
36.9023 26.8738 -6.7919 -5.3256 4.4789 -0.8536 -3.5731 0.0797 -1.8653 -3.1529 0.4250 -0.0828 -1.9806 
36.5321 26.9100 -6.4816 -5.7785 4.1090 -0.2275 -3.1802 -0.6792 -2.7742 -3.5196 0.2858 0.0311 -1.7281 
36.4662 27.0628 -5.9883 -5.3563 4.2560 -0.0914 -2.9117 -0.5803 -2.9841 -3.6242 0.4845 0.0830 -1.9030 
36.6228 27.2912 -6.0436 -5.6283 4.6032 0.6750 -2.9198 -1.1434 -2.9869 -3.3262 0.3140 -0.2533 -1.9912 
36.6617 27.0059 -6.5003 -5.5004 4.9753 0.5677 -3.0390 -0.7213 -2.8146 -4.0956 -0.5616 -0.3375 -1.6915 
36.4775 26.7556 -6.6025 -5.4437 5.0481 0.8038 -2.8057 -1.0781 -3.3803 -4.1080 -0.5793 -0.7606 -1.5799 
35.7389 26.4217 -6.0455 -5.0608 4.9592 0.6550 -2.8247 -0.8337 -2.9200 -3.8503 -0.7165 -1.2278 -2.2709 
33.9312 25.6428 -4.8143 -4.6335 4.5093 0.9953 -2.1488 -0.7158 -2.8741 -3.7779 -0.9920 -1.4140 -2.1166 
31.4165 23.3891 -4.8444 -4.3026 3.4318 -0.5044 -2.2801 0.0168 -2.8402 -4.3148 -1.0988 -1.2761 -2.5746 
30.7929 21.8422 -5.9446 -3.3097 4.1875 -1.4200 -2.1389 2.0669 -1.3367 -3.7655 -0.1550 -0.2360 -2.0572 
29.9871 20.6875 -6.4088 -2.3577 5.4194 -1.3486 -2.5820 2.2324 -1.1662 -4.3230 -0.7136 -0.3360 -2.4438 
30.1432 19.8220 -7.6741 -1.5401 7.1919 -0.9899 -3.1627 1.7701 -1.5367 -4.2152 0.0935 0.6087 -1.3964 
30.1792 19.2685 -8.8436 -2.3007 6.6871 -1.9059 -3.8473 1.8242 -1.7608 -5.0507 -0.2032 0.7830 -1.9861 
29.3500 18.7139 -8.7947 -2.6640 6.2083 -1.6516 -3.3418 1.9708 -1.3433 -3.9996 0.6319 0.9593 -1.7767 
28.3321 18.3570 -8.1821 -2.6928 6.3422 -0.5884 -3.2302 0.4492 -2.4491 -4.0025 0.3414 0.0763 -2.3895 
26.4558 17.8706 -6.5615 -2.8513 4.5187 -1.4591 -3.2645 0.3612 -2.3156 -4.0515 -0.0617 0.4688 -1.3924 
24.1949 16.6887 -5.4633 -2.7502 3.3529 -2.0151 -3.4053 0.0254 -2.1957 -3.7860 -0.7517 -0.7945 -2.2002 
23.3030 16.5167 -4.4524 -2.3823 3.0905 -1.6103 -2.5869 0.2950 -2.2800 -3.6047 -0.2805 -0.3024 -1.8364 
22.1126 15.4219 -4.6359 -2.4303 2.6763 -2.1450 -2.9559 0.1046 -2.3388 -3.5661 -0.1992 -0.2675 -1.9246 
20.8154 13.9770 -5.2680 -2.4770 2.7511 -2.0916 -2.7491 0.4613 -2.1039 -3.4675 0.0215 -0.0657 -2.1589 
20.5732 14.0084 -4.6252 -1.5564 3.7022 -1.3587 -2.4923 0.5115 -1.8016 -3.0284 0.3204 0.2205 -1.8447 
20.2007 13.4440 -4.8044 -1.1177 3.7949 -1.9966 -2.7038 1.2019 -1.2380 -3.1631 0.0265 0.2763 -1.4630 
20.1293 12.7190 -6.1545 -1.7624 4.2177 -1.3840 -2.3813 1.4110 -1.0825 -3.1007 0.0389 0.2419 -1.3637 
19.1957 12.8066 -4.5499 -1.1888 3.5495 -1.4263 -1.7434 1.6855 -0.7672 -2.2228 0.6340 -0.0223 -1.9808 
19.8266 13.4096 -4.3844 -1.1231 3.5474 -1.8002 -2.4183 1.0345 -1.3962 -2.8166 0.3950 0.0430 -2.0910 
18.6986 12.1978 -5.0815 -1.7589 3.0116 -1.9591 -2.3876 1.0640 -1.3006 -2.8991 -0.1929 -0.7589 -2.6373 
19.0378 12.8456 -4.2420 -1.0781 3.3579 -1.6662 -1.7251 1.9422 -1.0378 -3.5089 -0.7135 -0.5211 -2.2312 
18.2945 12.2353 -4.3932 -1.4710 2.9386 -1.5552 -1.6904 1.3083 -1.4490 -3.0105 -0.2504 -0.8023 -2.5362 
18.7687 12.4430 -4.6587 -1.5574 2.7842 -2.1400 -2.1609 1.2771 -1.4109 -2.9166 0.1972 -0.1514 -1.9615 
17.5305 11.0541 -5.4448 -1.9730 2.6850 -2.1032 -2.4744 0.6088 -1.9391 -3.2457 -0.2628 -0.6966 -2.3523 
17.8710 11.8379 -4.2019 -0.7153 3.5806 -1.5582 -2.0491 1.1533 -1.2443 -2.5823 0.2698 -0.2257 -1.8955 
18.5207 12.2407 -4.6220 -1.2991 3.3336 -1.5480 -1.9045 1.4240 -0.9634 -2.3843 0.4651 -0.0165 -1.8029 
18.0460 12.0057 -4.3300 -1.1282 3.2530 -1.6517 -1.9766 1.5466 -0.5728 -2.0117 0.7843 0.4339 -1.5285 
18.3360 11.4017 -5.5509 -0.8754 4.1845 -1.7754 -2.1140 2.5072 0.1562 -2.3720 0.3708 0.5317 -1.3273 
28.0560 14.4262 -14.1246 -3.7200 7.1723 -2.4882 -3.7302 3.0095 -1.4381 -4.5599 1.3445 1.3324 -2.4262 
31.9892 16.8164 -15.5629 -4.1164 8.6276 -1.6625 -3.9053 2.0175 -3.4874 -6.4150 0.5846 0.8233 -2.9267 
31.2697 17.4220 -13.7356 -4.1055 7.6440 -1.5777 -3.7289 1.6077 -3.4777 -6.3927 -0.0216 0.8402 -1.8496 
29.2394 16.2360 -13.6314 -5.3915 6.5409 -0.7088 -2.9768 1.5579 -2.4799 -4.8099 0.6790 1.2346 -1.5085 
27.8582 15.9132 -12.7247 -6.5013 4.0739 -1.9477 -3.4326 0.7051 -3.4202 -6.2296 -1.9971 -1.8244 -3.8217 
30.5352 21.3380 -6.2031 -2.6908 5.1132 -1.0530 -2.1053 2.0433 -1.9857 -5.1811 -1.5268 -1.1500 -2.8407 
29.3105 21.3041 -4.4720 -2.1215 4.2467 -2.0474 -3.4185 0.6999 -2.2196 -4.8726 -1.6834 -1.1788 -2.4571 
28.7599 22.0472 -2.3412 -1.5105 3.5038 -2.0242 -2.9745 0.4839 -2.3116 -4.4131 -1.7168 -1.8405 -2.6322 
28.7781 22.8009 -0.8932 -0.7733 3.3561 -2.2617 -3.0499 0.6849 -1.6448 -3.6965 -1.5299 -2.1549 -2.9720 
30.5758 23.3575 -2.6081 -1.7682 3.0705 -3.3512 -4.0047 0.7330 -1.5442 -3.8412 -1.6424 -2.8134 -4.1833 
30.8335 24.2045 -1.8128 -2.2426 2.2890 -3.2110 -3.6386 0.8042 -1.2303 -3.6056 -2.3289 -3.8896 -4.2368 
36.1076 27.6250 -4.2908 -4.9125 2.6194 -1.8179 -3.0452 0.6286 -1.3963 -3.1146 -1.7133 -3.8311 -3.7750 
37.7438 28.3799 -5.6747 -5.9527 3.1853 -0.7290 -2.4623 0.5002 -2.1474 -3.8536 -1.6880 -3.2468 -3.3606 
39.4678 28.0697 -8.4504 -6.3152 4.5636 -0.5907 -2.4957 0.7674 -3.3484 -5.3167 -1.2256 -2.2445 -3.3886 
40.3868 27.9986 -9.8732 -6.6280 5.3209 -0.3952 -2.6951 0.7142 -3.7635 -5.8040 -0.8950 -1.6336 -3.5049 
41.0595 27.9838 -10.7345 -6.5245 6.2381 0.1154 -2.5653 0.5577 -4.5097 -6.4100 -0.5832 -1.1068 -3.5386 
40.8789 28.2484 -10.1927 -6.3589 6.8932 1.2591 -2.2786 0.3483 -4.1506 -6.1107 -0.6135 -0.6447 -3.0633 
40.1081 27.6293 -10.2368 -6.4244 6.8963 1.5346 -2.2475 -0.0138 -4.3100 -5.9910 -0.5968 -0.5785 -2.8843 
39.8174 27.2511 -10.3763 -6.2809 6.9608 1.4374 -2.2106 0.1603 -4.2246 -6.0628 -0.7553 -0.6863 -3.0431 
38.6074 26.6964 -9.7355 -6.1710 6.9203 2.0862 -2.0705 -0.8462 -5.0476 -6.0145 -0.5603 -0.7970 -3.2745 
39.0921 27.1135 -9.4897 -5.7280 7.2435 2.2591 -1.5859 -0.3275 -4.9278 -5.8535 -0.1154 -0.5336 -3.3098 
38.2322 26.6999 -9.0118 -5.6074 7.0956 2.5610 -1.4263 -0.8452 -5.3200 -5.6515 0.1540 -0.2744 -2.7829 
37.8350 26.1388 -9.3216 -5.6391 6.7166 1.7500 -1.9762 -0.9995 -5.4430 -5.7358 0.0514 -0.6933 -3.3748 
37.2828 26.2274 -8.6119 -5.8421 6.4370 2.6446 -1.1349 -1.2797 -5.8248 -5.5957 0.0985 -0.7794 -3.0988 
36.8295 25.7927 -8.5668 -5.3963 6.8448 2.6351 -1.3963 -1.4436 -5.9740 -5.8218 0.0809 -0.6405 -3.2431 
35.2786 24.6203 -8.3014 -4.8971 7.1203 2.6918 -1.6443 -1.5226 -5.8208 -6.1721 -0.4851 -0.5654 -3.0199 
34.8020 24.5754 -7.6251 -4.4584 7.2093 2.7323 -1.7611 -1.4102 -4.9336 -5.1432 -0.0812 -0.3664 -2.6572 
34.7580 24.6950 -7.6729 -5.2569 6.3012 2.4909 -1.7473 -1.6246 -5.1070 -5.1508 -0.2313 -0.7284 -2.9865 
33.4678 23.8263 -6.8329 -3.8553 6.9934 2.5474 -1.7974 -1.7772 -5.2694 -4.9962 0.0634 -0.6292 -3.0138 
32.5348 23.2634 -6.3181 -3.4763 6.5782 2.1404 -1.2814 -0.5394 -4.2665 -4.7361 0.0475 -0.3548 -2.6978 
31.9984 22.7760 -6.5436 -3.8198 6.2232 1.8161 -1.8844 -1.2192 -4.5722 -4.9132 -0.3877 -0.8886 -3.2093 
31.2244 22.2948 -6.1117 -3.2953 6.3484 1.7710 -1.7458 -0.7987 -4.1738 -4.7591 0.0069 0.1276 -2.2353 
29.3388 21.0163 -5.5466 -2.8113 6.2672 1.8268 -1.8239 -1.2490 -4.4626 -5.0117 -0.7349 -0.6357 -2.3708 
29.0674 20.7058 -5.4799 -2.3557 6.5129 1.7475 -1.6393 -0.7368 -4.0292 -4.6153 -0.3185 -0.5601 -2.6837 
26.1509 18.8041 -4.5267 -1.7531 6.0777 1.7480 -1.1932 -0.2934 -3.5186 -4.5125 -0.6922 -0.6159 -2.4921 
24.8136 17.9707 -4.1890 -2.0217 5.0771 1.1563 -1.3771 -0.5096 -3.4758 -4.0304 -0.0290 0.0023 -2.2885 
23.8373 16.2914 -5.6678 -2.5480 4.5544 0.1428 -1.7259 -0.1574 -3.7738 -5.0900 -0.9531 -0.5017 -2.4342 
22.8065 15.4154 -5.5375 -2.4221 3.7202 -0.7645 -1.5213 0.5483 -3.2907 -4.2368 0.1109 -0.3764 -2.7819 
21.6440 14.4473 -5.6195 -2.3818 3.8419 -0.5291 -1.5660 0.4840 -2.9547 -3.8444 0.4735 0.2526 -2.3284 
21.1627 14.2413 -5.4975 -2.8133 3.1458 -0.9765 -2.0863 0.0133 -2.9382 -4.0254 -0.5368 -0.7248 -2.5530 
20.7284 14.0692 -4.9400 -2.1136 3.5334 -0.5924 -1.2973 1.0098 -2.2316 -3.7481 -0.3301 -0.2141 -1.8663 
19.5735 13.0160 -4.9926 -1.7633 3.7072 -0.6580 -1.3938 1.0547 -2.1018 -3.6447 -0.2240 -0.2089 -2.1547 
19.4928 12.9223 -4.8461 -1.4097 3.7211 -0.9953 -1.5633 1.0866 -1.8670 -2.9231 0.4466 -0.4339 -2.8042 
19.2550 12.5844 -5.2802 -1.8319 3.7259 -0.5250 -0.8890 1.8824 -1.3323 -3.1076 0.1499 0.0531 -1.9372 
19.5384 12.5284 -5.4875 -1.1478 4.5131 -1.1350 -2.3226 1.2912 -0.9101 -2.6311 0.3273 0.0497 -2.3352 
19.4620 12.5034 -5.5982 -1.6175 3.9906 -1.3218 -2.2703 1.4569 -0.6157 -2.4415 0.1591 -0.3222 -2.5849 
19.7146 12.4151 -6.4096 -2.4532 3.6830 -1.5534 -2.9420 0.6693 -1.2246 -3.2349 -0.8672 -0.8897 -2.3405 
18.4490 11.9025 -5.4221 -2.1375 3.0381 -1.5427 -2.1753 0.9792 -1.3758 -3.0221 -0.3896 -0.7619 -2.4949 
18.2675 11.7084 -5.6157 -2.3290 3.2519 -0.8131 -1.4404 1.4023 -1.0816 -2.6518 0.1833 -0.0167 -1.9976 
18.2940 11.4922 -5.7359 -1.9787 2.9798 -2.0946 -2.4695 0.9386 -1.7959 -3.5513 -0.5872 -0.9918 -3.0378 
18.2539 11.1147 -6.3359 -2.1647 2.9944 -2.3566 -2.6126 1.2610 -1.5120 -3.4824 -0.0655 0.2108 -1.7530 
18.3084 11.2910 -6.0914 -2.0270 3.0375 -2.4023 -2.7073 1.4291 -0.9647 -2.8997 0.3484 0.5030 -1.6905 
18.5847 11.6657 -5.7982 -1.8041 3.4413 -1.7978 -2.5262 1.0183 -1.0332 -2.4338 0.2364 -0.0871 -1.3789 
18.6047 11.8199 -5.5527 -1.7002 3.3260 -2.1646 -2.8963 1.0481 -0.8932 -2.6449 -0.0179 -0.3775 -2.3609 
17.6676 10.9305 -5.8356 -1.9770 2.9498 -2.1456 -2.4590 1.3276 -1.0163 -2.7795 0.2183 0.2033 -1.6313 
18.2318 11.9992 -4.6732 -1.3429 3.4472 -1.0644 -1.1230 2.3619 -0.1106 -1.9493 0.6054 0.1840 -1.8410 
18.0398 11.8186 -4.5808 -1.0377 3.4015 -1.9219 -2.2754 1.7497 -0.4038 -2.6910 -0.4153 -0.3116 -1.6462 
17.6899 11.3096 -5.2384 -2.0493 2.2320 -2.6037 -2.3528 1.5533 -0.9858 -3.0092 -0.2584 -0.2711 -1.8450 
17.1654 11.2770 -4.3893 -1.1053 3.5593 -0.6364 -0.8006 2.2460 -0.1226 -1.5020 1.1940 0.6893 -1.2188 
21.0074 16.5522 0.0621 1.7622 4.8661 -0.4777 -1.7798 0.2472 -2.3940 -3.4393 -0.4479 -0.7538 -2.3585 
22.5409 17.7911 0.2515 2.3028 5.4838 -0.9162 -2.5910 0.1625 -2.3977 -4.1372 -1.2043 -0.9737 -2.3470 
23.7522 18.5228 -0.5419 1.1804 4.6831 -1.7949 -3.6688 -0.7534 -3.0242 -4.5944 -1.5284 -1.2277 -2.8145 
25.6070 19.7303 -1.5804 -0.1373 4.7844 -0.6340 -2.7985 -0.7636 -3.1554 -4.1021 -0.9807 -1.1905 -2.5827 
27.1780 21.2617 -0.8862 0.7997 6.0911 0.2107 -2.7719 -1.2665 -3.6118 -3.9998 -0.5533 -0.9994 -2.3628 
29.0000 21.8947 -2.2928 0.2108 5.6873 -1.3734 -3.5605 -0.3480 -3.0423 -4.2565 -0.4206 -0.8055 -2.6893 
30.1819 22.4306 -3.3064 -0.5619 5.9610 -1.0498 -3.9805 -1.1417 -3.4616 -4.1777 -0.4642 -1.2776 -3.0061 
30.7315 23.4751 -2.4444 -0.4154 6.3813 -0.2923 -4.3584 -2.2038 -3.3324 -3.2686 -0.3146 -1.5115 -2.6315 
31.5216 23.8947 -3.0756 -0.9933 6.3851 -0.7109 -5.6014 -2.9269 -2.8899 -2.9580 -0.8147 -1.6952 -1.9618 
32.5280 24.3517 -3.4713 -0.5777 7.1305 -0.9669 -6.3854 -3.4323 -3.0869 -2.5715 0.0335 -1.3080 -1.9201 
33.3926 24.7051 -4.3775 -1.4587 6.9628 -0.9769 -6.5872 -3.4561 -2.6357 -1.7882 0.7825 -0.9487 -1.9694 
32.2583 24.3771 -2.9277 -0.2846 6.6412 -2.0037 -7.2301 -3.4213 -2.2389 -1.4106 1.0396 -0.8859 -2.2153 
32.5647 24.6166 -2.7647 -0.0584 6.4685 -2.2317 -6.6126 -2.5763 -2.2393 -1.6339 1.3742 -0.6375 -2.4507 
33.1380 24.8653 -3.3249 -0.4417 6.7528 -2.1199 -7.1001 -2.7789 -1.7524 -1.1833 1.5367 -0.4301 -2.4609 
33.8410 25.2518 -4.0497 -1.4194 6.5225 -1.9683 -7.2977 -2.8214 -1.1882 -1.0249 0.6655 -1.2670 -2.5736 
34.5670 25.6411 -4.6795 -2.4049 5.7419 -2.1933 -6.9534 -2.5932 -1.4066 -1.0860 0.8486 -1.5517 -3.2812 
34.7487 25.6985 -4.7472 -2.3252 5.7843 -2.0160 -6.1066 -1.4477 -0.8092 -1.0286 0.8509 -1.4766 -3.2302 
34.5574 25.5915 -4.5840 -2.1503 5.6145 -2.4909 -6.2369 -0.8605 -0.1864 -0.9643 0.8238 -1.3177 -3.3832 
33.2319 24.7999 -4.1492 -2.3331 4.5339 -3.3287 -6.5714 -1.0289 -0.3019 -1.2576 0.3547 -1.5603 -3.5291 
34.7952 25.7020 -5.1741 -3.1792 5.4011 -1.5492 -5.3425 -0.5641 0.1543 -0.6446 0.5168 -1.7745 -3.3218 
33.7982 25.4570 -4.2064 -3.2118 4.3195 -1.6265 -4.3132 -0.2271 -0.4313 -0.8170 0.9541 -1.6275 -3.5385 
32.6413 24.4230 -4.6231 -4.0754 3.1970 -1.9221 -4.0975 -0.8398 -2.1409 -2.7554 -0.3628 -1.9505 -3.3408 
32.4207 24.9143 -3.1579 -2.8598 3.9595 -1.0035 -3.0437 0.0503 -1.3524 -1.7965 0.9203 -0.7257 -2.5803 
30.9356 23.8404 -2.6095 -2.1829 3.7155 -1.2926 -2.4549 0.7032 -1.7831 -2.7777 0.7337 -0.1889 -2.6923 
29.5665 23.0294 -2.0844 -2.0189 3.4091 -1.1070 -1.9404 1.0920 -1.5520 -3.0805 -0.0883 -0.5915 -2.4842 
28.7724 22.4012 -1.7702 -1.2654 3.8930 -1.0214 -2.0340 0.8857 -1.7351 -2.8843 0.5049 -0.0259 -2.1688 
29.7869 22.6151 -3.1154 -2.1135 4.2126 -0.8873 -2.6519 0.3223 -1.8854 -3.0978 -0.0518 -0.7244 -2.6991 
27.3663 20.9379 -2.1233 -0.8726 4.1732 -1.2378 -2.3033 1.0064 -1.5646 -3.1263 0.1903 0.0658 -1.9810 
26.3681 19.8346 -2.5032 -0.7837 4.0511 -1.6887 -2.7378 0.5862 -2.0515 -3.5967 -0.5651 -1.1823 -3.0945 
25.5756 19.2905 -2.3165 -0.4231 4.6990 -0.9714 -2.6516 0.4286 -1.8055 -3.3929 -0.5745 -0.8766 -2.6644 
25.0906 19.0949 -1.8457 0.0135 4.8894 -0.7249 -2.4308 0.4362 -1.7461 -3.1335 -0.4449 -0.9899 -2.7250 
23.5948 17.7047 -1.8623 0.4717 4.6137 -1.4954 -2.5870 0.9392 -1.3939 -2.9491 0.1759 -0.0487 -2.1862 
22.9153 16.5840 -2.9737 -0.2094 4.2041 -1.7999 -2.5828 1.1315 -1.2671 -2.6523 0.7813 0.5224 -1.7881 
22.2750 15.9678 -3.3296 -0.7561 3.7366 -1.6151 -1.8336 1.9222 -0.8445 -2.6747 0.5867 0.3334 -2.0770 
21.4675 15.5199 -2.9179 -0.4606 3.7602 -1.6867 -2.4549 0.8683 -1.3964 -2.6602 0.3425 -0.2943 -2.4721 
20.8083 15.0401 -2.7862 -0.4542 3.4652 -1.5480 -1.6472 1.6158 -1.2077 -2.8184 0.1568 -0.2747 -2.2176 
19.7764 13.8246 -3.4063 -0.3746 3.9330 -1.3354 -1.8004 1.5267 -1.3817 -3.3885 -0.2691 -0.3415 -2.6452 
19.7836 13.9507 -3.3731 -0.7430 3.4968 -1.6638 -2.1554 1.7339 -0.1022 -2.0146 0.1049 -0.4373 -2.2056 
19.6354 13.9061 -3.2195 -0.7338 3.2662 -1.8319 -2.2416 1.4917 -0.2324 -1.6277 0.6987 -0.1370 -2.1947 
18.7635 12.7052 -4.1756 -1.2895 2.9319 -2.0639 -2.4330 0.9575 -1.2510 -2.5678 0.2559 -0.2454 -2.0955 
18.4171 12.0666 -4.7732 -1.3954 3.0886 -2.0369 -2.3807 1.1295 -1.2176 -2.6399 0.3209 -0.2285 -2.4299 
18.6778 12.4480 -4.3371 -0.8643 3.7339 -1.2991 -1.7148 1.5234 -1.0406 -2.5589 0.1212 -0.7950 -2.9239 
18.0984 12.2220 -4.1200 -1.2368 3.0360 -1.8778 -2.3820 1.2074 -0.6761 -2.2955 0.1369 -0.3661 -2.4524 
18.4103 11.9681 -4.7819 -1.0317 3.4271 -2.1016 -2.2606 1.9734 -0.3166 -2.5010 -0.0057 -0.3281 -2.2442 
18.0279 11.4071 -5.5364 -1.7354 3.5792 -1.3447 -2.2038 1.2828 -0.5756 -2.2164 -0.0103 -0.6652 -2.4492 
17.8044 11.7327 -4.6848 -1.6284 3.1555 -1.1189 -1.3068 2.0179 -0.4972 -2.7177 -0.4545 -0.4775 -1.9394 
17.4916 10.9701 -5.6507 -2.2549 2.6496 -1.6641 -1.6812 1.5283 -1.0384 -2.4584 0.3032 -0.5033 -2.5324 
17.1952 11.0484 -5.1454 -2.1115 2.6882 -1.3946 -1.6331 1.4329 -0.8073 -2.2511 0.2630 -0.1772 -1.7913 
16.6660 10.5299 -5.0341 -1.6006 2.7650 -1.7760 -1.6464 1.7706 -0.8306 -2.4987 0.2535 -0.2724 -2.1279 
17.3664 11.3613 -4.6164 -1.5509 2.7141 -1.9151 -1.9144 1.7351 -0.5027 -2.3337 0.1184 -0.1557 -1.8044 
17.3757 11.4846 -4.4288 -1.5379 2.6952 -1.6799 -1.7079 1.4691 -0.9164 -2.2435 0.6415 0.2912 -1.5646 
16.8797 10.9929 -4.7369 -2.0187 2.0896 -2.2683 -2.4139 0.6169 -1.7813 -2.9958 0.2281 0.2414 -1.5694 
17.2491 11.3293 -4.5624 -1.6170 2.7287 -1.6521 -1.7468 1.5118 -0.8386 -2.2634 0.7127 0.5025 -1.4832 
16.8677 10.8185 -4.7039 -1.2552 2.8990 -2.0407 -2.0850 1.6692 -0.3684 -1.7667 0.8549 0.0521 -2.1274 
16.5966 10.7046 -4.5755 -1.2758 2.8734 -2.0247 -2.4540 1.0029 -0.8805 -2.3375 -0.0184 -0.5930 -2.1995 
16.7158 10.9617 -4.4086 -1.4709 2.7359 -1.6485 -2.0079 0.9482 -1.0522 -1.9152 0.8576 0.0398 -1.9600 
16.5894 11.0372 -4.0890 -1.3126 2.7420 -1.6654 -2.0099 1.1881 -0.7021 -2.0414 0.3865 -0.0762 -1.8273 
16.9726 11.1688 -4.1653 -0.8542 3.1392 -1.9269 -2.0490 1.8734 -0.2394 -2.3262 0.0103 -0.1207 -1.8490 
15.8058 10.1398 -4.2991 -0.8457 3.2979 -1.0375 -1.0833 1.6807 -1.2845 -3.0669 -0.3014 -0.3167 -1.7522 
16.4262 11.1766 -3.5708 -1.0465 2.9167 -0.9251 -0.9842 1.6079 -0.9864 -2.3484 0.4966 0.3058 -1.5310 
16.4759 11.1887 -3.5436 -0.9326 2.9043 -1.0822 -1.0666 1.5484 -1.1254 -2.5391 -0.0042 -0.5637 -2.0452 
15.8733 10.6787 -3.5235 -0.6123 3.3314 -1.1301 -1.9213 0.6898 -1.4599 -2.8679 -0.2088 -0.1179 -1.8649 
16.6011 11.1901 -3.9259 -1.4005 2.7361 -1.3601 -1.8266 1.0098 -0.9595 -2.2347 0.2121 -0.2439 -2.1819 
16.1822 10.8014 -3.9320 -1.2087 2.8408 -1.4901 -2.1419 0.5592 -1.7385 -3.4158 -0.7763 -0.3669 -1.7651 
15.8234 10.1162 -4.5943 -1.4105 2.8315 -1.4112 -1.3818 2.0885 -0.1291 -2.2057 -0.0618 -0.0834 -1.6154 
16.3801 10.3017 -4.9175 -1.0830 3.5913 -1.2261 -1.6459 1.8187 -0.6541 -2.8094 -0.0469 0.2857 -1.7391 
14.8027 8.9832 -5.3120 -2.0704 2.1885 -2.0708 -2.4166 0.6769 -1.3867 -2.9845 -0.4991 -0.4004 -1.8326 
15.4086 9.3921 -5.3252 -1.7590 2.7062 -1.7763 -2.1291 1.0867 -1.0897 -2.7689 -0.2484 -0.1937 -1.6791 
15.2599 9.7285 -4.5038 -1.1703 3.4198 -0.9408 -1.9862 0.8568 -0.9827 -2.7966 -0.5705 -0.1774 -1.5605 
15.9189 10.3128 -4.5248 -1.5892 2.8675 -1.1570 -1.6622 1.1658 -0.9948 -2.7147 -0.3540 -0.1329 -1.4223 
15.3859 10.1676 -3.9077 -1.0141 3.4303 -0.2356 -0.8786 1.3433 -1.0568 -2.6673 -0.3162 -0.1983 -1.5340 
13.9058 8.7229 -4.5049 -1.7052 2.4633 -0.9511 -1.4110 0.6833 -1.5461 -2.6145 0.0999 0.2119 -1.2596 
15.3565 10.4701 -3.4115 -1.2519 2.4609 -1.0026 -1.0786 1.3669 -0.9389 -2.4114 -0.1352 -0.2352 -1.6559 
15.3725 10.4541 -3.4986 -1.2903 2.5779 -0.9738 -1.3948 1.0546 -0.7201 -1.8206 0.2165 -0.3719 -1.9851 
14.5585 8.7831 -5.2983 -1.7519 3.1005 -0.9076 -1.7412 0.9724 -0.9510 -2.5638 -0.3199 -0.1171 -1.2454 
14.2880 9.0538 -4.2211 -0.8647 3.5968 -0.3537 -1.2632 1.0066 -1.2643 -2.8252 -0.2120 0.1324 -1.4433 
14.7251 9.5292 -4.0289 -1.0205 3.1154 -0.7127 -1.1506 1.2494 -1.1479 -2.6163 -0.0382 0.0062 -1.5015 
15.1622 9.9154 -3.9182 -0.9319 3.1796 -0.5627 -0.8099 1.3427 -1.4911 -2.8067 0.1537 0.1412 -1.5058 
14.8715 9.7597 -3.8275 -1.0691 2.6933 -1.2324 -1.3750 1.2961 -1.0760 -2.4121 0.5425 0.7177 -1.1953 
14.3552 8.9990 -4.8558 -2.2137 2.3003 -0.7940 -1.0907 1.2344 -0.8965 -2.3357 -0.2058 -0.4350 -1.9775 
14.8036 9.4925 -4.5475 -1.8519 2.6629 -0.9228 -1.8202 0.4924 -1.2667 -2.4687 -0.0449 0.1318 -1.4510 
15.4692 10.0107 -4.4540 -1.7621 2.3451 -1.5554 -1.8247 0.9165 -1.3479 -2.7906 -0.0649 0.0606 -1.6435 
14.9901 9.4120 -5.0209 -2.3794 1.9148 -1.7470 -2.1784 0.2975 -1.8384 -3.0680 -0.4649 -0.4965 -2.1175 
15.3780 9.9749 -4.3242 -1.3533 3.1638 -0.7899 -1.7766 0.4538 -1.6672 -2.8665 -0.0310 0.2656 -1.4017 
15.4759 9.9421 -4.8064 -2.1379 2.6350 -0.9492 -2.0293 0.0124 -1.9549 -3.0149 -0.3076 -0.1441 -1.8472 
15.7730 10.3909 -4.0598 -1.1224 3.2520 -0.6768 -1.2124 1.3155 -1.0370 -2.5479 0.1187 0.2128 -1.5230 
15.9150 10.5704 -3.9411 -1.1419 3.0788 -0.8222 -1.2727 1.0891 -1.4707 -2.9090 -0.1858 -0.2622 -1.9897 
15.7918 10.6871 -3.6452 -1.2255 2.9017 -0.5612 -0.7495 1.6441 -0.8507 -2.4876 -0.1192 -0.1198 -1.6269 
15.2549 9.9898 -4.1569 -1.5215 2.5919 -1.1978 -1.6048 1.0447 -0.9648 -2.1815 0.5485 0.6634 -1.0313 
14.4107 9.0479 -4.6951 -1.8499 2.4747 -1.0808 -1.5155 1.0328 -0.7275 -1.6060 0.9856 0.6346 -1.3315 
14.6586 9.5271 -4.1194 -1.4677 2.5831 -1.1387 -1.5712 1.1108 -0.7759 -2.1678 0.1751 0.1205 -1.6165 
15.3398 10.1560 -4.1416 -1.7939 2.4385 -1.2120 -2.0432 0.3205 -1.2833 -2.2291 0.1455 -0.0587 -1.7075 
15.5131 10.4408 -3.5790 -1.0260 2.7616 -1.3341 -1.8244 0.9218 -0.9869 -2.3433 -0.0286 -0.2051 -1.8218 
15.3800 10.3488 -3.7471 -1.4856 2.4894 -1.0462 -1.4049 1.1535 -0.7002 -1.9562 0.2815 0.2311 -1.0662 
15.3184 10.0785 -4.0484 -1.2762 3.1092 -0.5771 -1.3172 0.9510 -0.9718 -2.0138 0.3548 -0.0182 -1.6838 
15.8810 10.7230 -3.8719 -1.6085 2.6574 -0.8928 -1.5833 0.6841 -1.3398 -2.6139 -0.0381 0.3130 -1.2058 
16.0113 10.8096 -3.7316 -1.2391 2.9354 -0.6492 -0.8891 1.5333 -0.9484 -2.4654 0.0913 0.1277 -1.4342 
14.5597 8.9350 -5.1807 -2.2434 2.1148 -1.7026 -2.2156 0.4635 -1.3773 -2.4709 0.2219 0.3813 -1.0947 
15.1130 9.6965 -4.2795 -1.2198 2.8184 -1.1721 -1.3365 1.1661 -1.6773 -3.3506 -0.5571 -0.5165 -2.1283 
16.1289 10.8365 -3.6883 -0.9095 3.0421 -1.2637 -1.7723 1.0118 -1.1261 -2.6693 -0.4425 -0.7158 -2.1329 
15.2909 10.2815 -3.5896 -1.1929 2.5550 -1.0461 -1.0027 1.6856 -0.5778 -2.0671 0.2125 -0.0365 -1.5881 
15.6575 10.1858 -4.2833 -1.0185 3.9358 -0.0582 -1.4829 0.6915 -0.7757 -1.4294 0.9998 0.4028 -1.6694 
15.3808 9.7631 -4.9440 -2.1119 2.6391 -1.0632 -1.8753 0.8193 -0.6205 -1.6310 0.6971 0.5225 -0.9403 
15.3375 10.0207 -4.0376 -1.0937 2.9416 -1.2386 -1.8274 0.7431 -1.3747 -2.5849 0.0281 -0.1265 -1.7355 
15.3900 10.5600 -3.0870 -0.6261 2.9426 -1.0672 -1.3349 1.4109 -0.8215 -2.5722 -0.3844 -0.5213 -2.2657 
15.0987 10.1084 -3.6251 -1.2722 2.3291 -1.2605 -0.9899 1.9100 -0.4481 -2.3293 -0.2536 -0.1770 -1.3711 
15.2193 10.3729 -3.0526 -0.2710 3.3542 -1.0662 -1.8372 0.8475 -1.0062 -2.3918 -0.0575 -0.0337 -1.5246 
15.5336 10.6907 -3.2246 -0.9753 2.8820 -0.6820 -1.0970 1.1219 -1.1351 -2.3040 0.3740 0.3256 -1.4314 
13.7941 8.8961 -3.7384 -0.9332 2.4546 -1.4881 -1.4044 1.5233 -0.6366 -2.0761 0.5333 0.6209 -1.0360 
14.5080 9.5316 -3.8073 -1.1372 2.8204 -0.9127 -1.3679 1.3041 -0.4910 -1.8768 0.2012 -0.2149 -2.0701 
13.6067 8.5505 -4.5119 -2.0590 1.8164 -1.6124 -1.9907 0.4411 -1.4843 -2.9656 -1.0366 -1.2664 -2.6872 
14.2408 9.1248 -4.2235 -1.6491 1.9762 -2.0120 -2.4916 0.1621 -1.4834 -2.5345 -0.5232 -1.1762 -2.6350 
13.8832 8.8186 -4.1440 -1.1962 2.8250 -0.8938 -1.4593 0.6863 -1.8179 -3.5023 -1.1641 -0.9237 -1.9570 
13.8890 9.3229 -3.2681 -1.1030 2.1362 -1.3204 -1.3579 0.8890 -1.5012 -2.9529 -0.7622 -0.8875 -1.8764 
