15.3997 9.7905 -4.4877 -1.1267 3.1093 -1.4611 -2.2216 0.7173 -1.0771 -2.3687 0.0367 -0.0412 -1.3898 
15.9521 10.2509 -4.4513 -1.0971 3.1061 -1.7724 -2.5215 0.9127 -0.5954 -2.0904 0.0396 -0.2123 -1.6928 
15.1288 9.4963 -4.6865 -1.4226 2.7567 -1.5309 -2.0519 0.5852 -1.5944 -2.6814 0.1328 -0.0424 -1.7778 
15.7491 10.1961 -4.1372 -0.6972 3.4260 -1.4165 -2.1495 0.9229 -1.1986 -2.9144 -0.4797 -0.6072 -2.3736 
16.0498 9.8833 -5.1864 -1.2434 3.3708 -1.5446 -2.1272 1.0457 -1.4106 -3.1372 -0.2698 -0.2240 -2.0659 
16.3347 10.2072 -4.9725 -1.1034 3.2764 -1.9364 -2.2923 1.7152 -0.1764 -2.1977 0.0630 -0.1024 -1.7847 
15.5154 9.7032 -4.8689 -1.5894 2.3149 -2.5732 -2.9591 0.5586 -1.1460 -2.4235 0.1221 -0.2037 -1.8491 
15.5073 9.9414 -4.5304 -1.5138 2.7918 -1.2604 -1.8077 0.8044 -1.2414 -2.4928 -0.2116 -0.6694 -2.2688 
15.2113 9.7961 -4.3101 -1.4978 2.2013 -2.1066 -2.3630 0.5402 -1.5193 -2.7883 -0.3385 -0.6044 -1.9906 
14.9830 9.8502 -3.8526 -1.1420 2.6238 -1.3279 -1.4458 1.5166 -0.5493 -2.2526 -0.0789 0.0921 -1.1180 
15.7641 10.3846 -3.9950 -1.1506 2.5655 -2.1421 -2.5342 1.1306 -0.2461 -1.8231 0.1489 -0.0562 -1.4097 
15.9207 10.4122 -4.2541 -1.3472 2.9396 -1.0199 -1.4572 1.1006 -0.9481 -1.8741 0.6413 -0.0146 -1.6142 
15.1119 9.8528 -4.1143 -1.4865 2.2909 -1.6282 -1.8924 0.6684 -1.3094 -2.0420 0.7511 0.3297 -1.4174 
15.7261 10.2008 -4.3558 -1.4980 2.4344 -2.0107 -2.6520 0.0637 -1.8565 -2.7370 0.2153 0.1918 -1.4821 
15.0479 9.6746 -4.2470 -1.2639 2.5889 -1.7767 -2.1466 1.0378 -0.6413 -2.0622 -0.1005 -0.7153 -2.3308 
15.9000 10.6133 -3.9047 -1.4146 2.2344 -2.2025 -2.5119 0.8926 -0.7726 -2.4295 -0.3692 -0.6041 -2.2010 
15.7443 9.9813 -4.8135 -1.6242 2.8593 -1.3204 -1.8563 0.9318 -1.1892 -2.4862 0.1806 -0.0018 -1.8151 
16.4149 10.9301 -4.0426 -1.2356 2.9689 -1.3215 -1.7927 1.3242 -0.6489 -2.4076 -0.1835 -0.1153 -1.4593 
15.4445 10.5071 -3.3045 -0.8183 2.8232 -1.2603 -1.7821 0.7871 -1.0966 -2.1702 0.2626 0.1133 -1.1294 
15.6241 10.5431 -3.2682 -0.4589 2.7749 -1.9792 -2.0813 1.3514 -0.5523 -2.1880 -0.1429 -0.6466 -2.1924 
15.0733 9.9577 -3.9317 -1.4858 2.2597 -1.6874 -2.1592 0.4294 -1.5026 -2.7552 -0.4423 -0.5854 -1.9374 
15.1791 9.9313 -4.0194 -1.4430 1.9660 -2.3520 -2.4642 0.5601 -1.4287 -2.6045 0.0434 -0.0803 -1.5462 
15.5863 10.4683 -3.6158 -1.2080 2.1957 -1.9020 -1.8615 0.9877 -1.2805 -2.5286 0.0820 -0.2850 -1.9925 
16.3616 10.5225 -4.9649 -2.1270 2.6296 -1.3058 -2.2164 0.0116 -2.1243 -2.9059 0.1373 -0.2395 -2.2915 
14.3980 9.1010 -4.4407 -1.4156 2.8781 -0.9346 -1.8406 0.2013 -1.6740 -2.3332 0.3261 0.0572 -1.4145 
14.3222 9.2628 -3.9685 -1.4705 1.6217 -2.5696 -2.2836 1.1449 -0.6094 -1.9470 0.2689 -0.2078 -1.8290 
15.0262 10.4183 -3.0369 -1.3326 1.6122 -2.0854 -1.8910 0.8930 -1.3002 -2.8180 -0.4374 -0.3764 -1.7946 
14.6689 9.6815 -3.7452 -1.2147 2.3562 -1.5884 -1.6713 1.4225 -0.4974 -2.3078 -0.4148 -0.5454 -1.8696 
15.5151 10.2700 -3.8039 -1.1863 2.1805 -2.0577 -1.7489 1.4149 -1.1355 -2.9720 -0.5794 -0.7258 -2.1833 
14.6859 9.4453 -3.9700 -0.9130 2.5353 -1.9999 -2.0828 1.2230 -0.6903 -2.1989 -0.0437 -0.5214 -2.1491 
15.1414 10.2134 -3.5951 -1.3952 2.2929 -1.3258 -1.5178 1.0687 -1.0791 -2.6080 -0.3566 -0.3838 -1.7712 
15.2846 10.1671 -3.6412 -0.8958 2.7855 -1.4512 -1.9261 0.6973 -1.3069 -2.2921 0.4415 0.1602 -1.7481 
15.2784 10.2793 -3.4130 -0.8066 2.6504 -1.6173 -1.7819 1.3119 -0.6495 -2.2521 -0.1643 -0.4799 -1.8900 
15.2362 10.0928 -4.0133 -1.6808 2.1280 -1.8138 -2.2776 0.5880 -1.1779 -2.7918 -0.8062 -0.7540 -1.9152 
15.0504 9.9631 -3.6500 -0.7548 3.1126 -1.0825 -1.7015 0.9061 -1.1455 -2.6124 -0.2972 -0.1585 -1.1933 
14.9050 9.9620 -3.7199 -1.5305 2.0993 -1.4046 -1.4286 1.1407 -1.0543 -2.5400 -0.4076 -0.6025 -1.7480 
15.1606 10.1218 -3.7629 -1.3360 2.5202 -1.3673 -1.8821 0.9123 -0.7967 -2.4589 -0.7667 -0.8063 -1.6437 
15.3811 10.0896 -4.0456 -1.3109 2.5490 -1.6689 -2.1694 0.6124 -1.4489 -3.1433 -1.1158 -1.0539 -1.8998 
22.6276 12.8217 -8.5857 -0.9529 5.6007 -2.7178 -2.5177 3.3153 -0.6878 -2.9251 1.9215 0.9157 -2.4000 
37.4172 21.5330 -15.3964 -5.8037 6.1197 -3.9085 -3.6724 3.6463 -2.9516 -6.3236 0.7018 -0.2944 -3.8330 
35.9828 21.8736 -12.7268 -4.7575 5.9482 -2.9880 -2.4808 4.6187 -1.2067 -4.9051 0.5474 -0.6935 -3.8306 
29.3435 17.4124 -10.2607 -2.0525 6.3052 -2.7645 -2.4403 3.6858 -1.8000 -4.5204 1.1159 -0.3582 -4.0172 
26.8367 15.2566 -10.5904 -2.4050 5.8443 -2.2321 -1.5037 4.0490 -1.6030 -4.2697 0.9621 -0.4022 -3.0953 
22.9257 12.2540 -10.2425 -2.2564 4.9756 -2.4454 -1.2408 3.9412 -1.6655 -4.1264 0.9545 -0.3594 -2.8398 
21.5139 12.3764 -8.3950 -2.9616 2.0910 -4.1931 -1.7626 3.4422 -1.8536 -4.0883 0.7553 -0.3640 -2.6708 
19.8977 11.7198 -7.3493 -2.5319 2.5434 -2.5526 -0.4420 3.6631 -1.7176 -4.0089 0.6546 0.1416 -1.9549 
17.5674 10.5829 -6.1765 -2.3247 2.0359 -2.4558 -1.1720 2.0654 -2.1677 -3.9487 -0.4195 -0.9606 -2.1695 
17.7015 10.5287 -6.2822 -1.7938 2.8366 -2.3190 -1.3483 2.4163 -1.7918 -4.0781 -0.1985 -0.0902 -1.6617 
21.8240 12.4970 -9.0374 -3.4464 3.0176 -3.3256 -2.5839 2.8182 -0.8935 -3.3132 0.8698 0.1344 -2.8258 
21.6372 12.3308 -8.4341 -1.7148 4.9275 -1.8342 -1.3174 3.1853 -1.8756 -4.1804 1.1706 0.7315 -2.3037 
17.9764 11.7131 -4.6237 -1.1474 3.0524 -1.7770 -1.1991 2.3232 -1.1507 -2.8993 0.9280 0.6565 -1.8763 
17.7887 11.2905 -4.9697 -0.9392 3.3756 -2.0711 -1.9393 1.8173 -1.2330 -2.9571 0.5970 0.2736 -2.1332 
16.5219 10.5165 -4.9765 -1.7173 2.8149 -1.7148 -2.2183 1.0564 -0.8625 -2.3975 0.0646 0.1745 -0.9154 
16.3311 10.3572 -5.0474 -1.8826 2.6962 -1.5670 -2.0645 0.7604 -1.5258 -2.9075 -0.1806 -0.2210 -1.5015 
16.9167 10.9817 -4.9089 -2.0297 2.6486 -1.7285 -2.5566 0.4636 -1.5098 -3.3195 -0.9979 -0.5870 -1.4552 
16.9213 11.0011 -4.9465 -2.2696 2.4559 -1.2561 -1.5221 1.1721 -1.3575 -3.2769 -1.0815 -0.7828 -1.1630 
16.8762 10.9773 -5.0627 -2.5042 2.4056 -1.2845 -1.8563 0.9374 -1.1966 -3.1385 -1.1116 -0.9499 -1.8559 
16.3344 10.3843 -5.2550 -2.2526 2.9666 -0.7317 -1.4694 1.4446 -0.2403 -1.8258 0.1560 -0.1247 -1.6547 
16.7135 10.6733 -5.2235 -2.1830 2.8812 -1.1986 -2.1769 0.5788 -1.1206 -2.3407 0.0895 0.1106 -1.0465 
16.2109 10.3179 -5.1657 -2.3489 2.2968 -1.8348 -2.6560 0.1063 -1.8203 -3.2235 -0.6275 -0.4047 -1.7117 
16.6310 10.3896 -5.7175 -2.6110 2.6071 -1.4483 -2.3976 0.4346 -1.3577 -2.8609 -0.7251 -1.0051 -2.3462 
16.7423 10.7057 -5.1279 -2.0880 2.6824 -1.6004 -2.4129 0.3620 -1.5689 -2.6376 0.1658 0.0350 -1.4544 
16.3323 10.0263 -5.8070 -2.4021 2.7015 -1.6137 -2.3911 0.8043 -0.9462 -2.5520 -0.3165 -0.3913 -1.6949 
16.3979 10.3703 -5.2017 -1.9313 3.1132 -0.9793 -1.6956 1.2873 -0.6853 -2.4580 -0.2800 -0.2363 -1.5097 
17.0306 10.9466 -5.2218 -2.2023 3.0423 -0.9053 -1.8802 0.8305 -0.9327 -2.3256 -0.1905 -0.3932 -1.5309 
17.0227 11.0979 -4.7906 -1.6536 3.4882 -0.8121 -2.2716 0.2743 -1.1933 -2.3716 -0.3568 -0.5154 -1.3084 
16.2072 9.8682 -5.8885 -2.2494 3.1716 -1.2115 -2.5984 0.1022 -1.5440 -2.9057 -0.7764 -1.0370 -2.2121 
16.5635 10.9496 -4.1973 -1.2017 3.2283 -1.1277 -2.0312 0.5590 -1.3107 -2.4079 -0.1716 -0.7564 -1.9591 
16.1497 10.4665 -4.8629 -2.2567 2.4508 -1.4232 -2.2961 0.5555 -0.9326 -2.4123 -0.4728 -0.4042 -1.2912 
15.2689 9.9104 -4.6595 -2.2963 2.4308 -0.7501 -1.6779 0.4152 -1.0599 -1.9329 -0.0258 -0.4886 -1.5648 
15.5192 9.8405 -5.0060 -2.2015 2.4361 -1.4461 -2.3889 0.1031 -1.5692 -2.6994 -0.5732 -1.0162 -2.3309 
15.8841 10.0821 -4.9176 -1.7814 2.7350 -1.8698 -3.0728 -0.1718 -1.5037 -2.5293 -0.2349 -0.4708 -1.7547 
16.6928 11.1582 -4.1237 -1.4372 2.9472 -1.1392 -1.7682 1.0062 -0.8992 -2.3472 -0.3651 -0.8772 -2.1080 
16.4423 10.7490 -4.9017 -2.4883 2.4955 -0.8904 -1.7146 0.7205 -1.0418 -2.5288 -0.8098 -1.1897 -2.1583 
16.6237 10.7310 -4.8830 -1.9328 2.6593 -1.6817 -2.2714 1.1295 -0.3900 -2.0158 -0.2191 -0.8563 -2.4793 
16.1302 10.6920 -4.3083 -1.8805 2.3451 -1.7309 -2.4610 0.6654 -0.4496 -1.7301 -0.1437 -0.6186 -1.5696 
16.5673 10.9043 -4.5565 -1.7655 3.1214 -0.8717 -2.0289 0.5044 -1.2925 -2.8504 -0.6160 -0.1839 -1.0044 
15.9065 10.4299 -4.2969 -1.4278 2.9800 -1.3232 -2.3703 0.4153 -1.1754 -2.6235 -0.6052 -0.7912 -2.0721 
15.8906 10.3988 -4.4508 -1.6138 3.2814 -0.4716 -1.6744 0.7971 -0.4048 -1.4195 0.3284 -0.1099 -1.2672 
15.5330 9.8143 -4.8209 -1.7155 2.5555 -1.7969 -2.4438 0.4530 -1.2478 -2.2731 0.0702 -0.5158 -2.0025 
15.1017 9.6125 -4.6196 -1.6237 2.8545 -1.0342 -1.7193 0.9369 -0.9519 -2.4815 -0.4319 -0.5106 -1.5564 
16.1610 10.2954 -5.0763 -2.2104 2.3534 -1.9207 -2.8985 -0.0677 -1.4623 -2.5375 -0.5179 -0.7835 -1.4980 
16.6148 11.1886 -3.9823 -1.4777 2.7344 -1.3131 -1.9032 0.7719 -1.2294 -2.5132 -0.0453 -0.1927 -1.6726 
15.4976 9.9478 -4.6272 -1.6857 2.9365 -0.8758 -1.6820 0.7545 -1.1068 -2.2728 0.0235 -0.2500 -1.7575 
15.5073 10.3309 -3.9777 -1.6289 2.2721 -1.8063 -2.6090 0.1617 -1.2107 -2.4257 -0.4624 -0.4749 -1.4733 
15.4078 10.0414 -4.1124 -1.2209 2.6855 -1.5575 -2.0088 0.6649 -1.4729 -2.6734 -0.1815 -0.7366 -2.6597 
14.9490 9.8640 -3.6874 -0.8432 2.8040 -1.6840 -2.3779 0.6498 -0.7198 -1.9559 -0.1683 -0.7730 -2.1125 
13.9582 8.7101 -4.4484 -1.4638 2.2424 -2.0180 -2.4505 0.5529 -1.2165 -2.7748 -0.6768 -0.6423 -1.8030 
14.9381 9.9652 -3.4806 -0.9191 2.3743 -1.7002 -1.5094 1.4287 -1.0784 -2.8087 -0.2959 -0.2470 -1.7017 
14.8033 9.1866 -4.9789 -2.0224 2.1075 -1.9189 -2.2868 0.3770 -1.9094 -3.2176 -0.3324 -0.1744 -1.7435 
14.3375 9.4099 -3.7041 -1.0915 2.4755 -1.4394 -1.7785 0.9720 -0.5901 -1.6599 0.2763 -0.1637 -1.2985 
14.7903 10.1316 -3.0599 -0.9385 2.1863 -1.6984 -1.9006 0.5605 -1.4534 -2.4838 -0.2073 -0.7068 -2.0478 
14.7592 9.9288 -3.5689 -1.3503 2.3342 -1.3945 -1.8647 0.7432 -1.1449 -2.6562 -0.4166 -0.2306 -1.5004 
15.4594 10.4143 -3.7866 -1.7855 1.7409 -2.0085 -2.1656 0.5553 -1.2811 -2.3654 -0.1297 -0.6994 -2.2929 
15.1049 10.2862 -3.3356 -1.2515 2.0407 -1.8154 -2.0653 0.4148 -1.4503 -2.1389 0.4104 -0.3110 -2.0701 
14.8427 9.9468 -3.5716 -1.1669 2.6047 -1.1480 -1.6729 0.8459 -0.8816 -2.1364 -0.2000 -0.5129 -1.6886 
15.4772 10.5047 -3.5243 -1.2338 2.5302 -1.4022 -1.9691 0.6640 -1.0976 -2.2544 0.1143 -0.1463 -1.8858 
14.3243 9.4661 -3.6848 -1.3559 2.0226 -1.8182 -1.9252 0.9768 -0.7852 -2.0347 0.2713 0.0980 -1.4923 
14.6625 9.4562 -4.4120 -2.0588 1.8289 -1.7661 -2.0575 0.4420 -1.6357 -2.7951 -0.1994 -0.4495 -2.2884 
15.2578 9.8989 -4.2394 -1.3123 2.8512 -1.4657 -2.3888 0.4027 -1.1157 -2.2769 -0.0695 -0.4859 -2.2914 
14.8663 9.5735 -4.1687 -1.3529 2.2409 -1.9722 -2.0080 1.0507 -1.0785 -2.5518 -0.1415 -0.4291 -2.1920 
15.0816 9.9722 -3.7910 -1.1564 2.5487 -1.5040 -1.8333 0.8506 -1.3128 -2.7138 -0.2296 -0.3435 -1.9754 
15.4015 10.3256 -3.5160 -0.9171 2.4338 -2.0783 -2.3806 0.7246 -1.1188 -2.4265 0.0094 -0.2019 -1.8082 
15.3221 9.7210 -4.7456 -1.8592 2.2618 -1.8659 -2.1139 1.1038 -0.6436 -2.0214 0.3193 0.1295 -1.4143 
15.7282 10.2642 -4.0531 -0.9327 2.8924 -1.8816 -2.4621 0.6259 -1.2799 -2.5213 0.1707 0.0271 -1.7200 
15.4972 10.4343 -3.6959 -1.5064 2.0458 -1.7684 -1.9096 0.6778 -1.5215 -2.7664 -0.1136 0.0319 -1.4107 
15.2403 9.7755 -4.4032 -1.4595 2.5774 -1.4979 -1.8590 0.7669 -1.3962 -2.4494 0.2490 -0.2588 -2.3713 
14.9226 9.2021 -5.0423 -1.7650 2.6886 -1.4329 -2.2133 0.2612 -1.5883 -2.4414 0.0350 -0.5674 -2.3567 
14.8941 9.7098 -3.8787 -0.8746 3.0223 -1.1780 -1.7871 0.7145 -1.3501 -2.3965 0.3260 0.0761 -1.9086 
16.0679 10.4505 -4.5099 -1.6152 2.9469 -0.9156 -1.5388 0.9322 -1.1696 -2.3591 0.2176 0.1322 -1.5451 
16.4251 10.3216 -5.2702 -1.9760 2.9493 -0.9815 -1.5463 0.7246 -1.8036 -2.6502 0.5486 0.1994 -1.8105 
19.7126 9.1014 -9.9463 0.3599 6.3063 -3.2664 -2.5453 2.1543 -3.6101 -4.0547 2.1298 -1.3506 -5.2690 
21.3497 14.4799 -3.3695 1.5244 5.2347 -1.4511 -0.5378 2.7602 -2.2104 -3.0332 1.8542 -0.2475 -3.4368 
28.5977 21.0280 -3.6038 -0.8039 6.3389 1.3967 -1.0380 -0.8724 -5.0352 -3.9216 1.8496 0.3370 -2.7834 
31.5599 23.4059 -4.3508 -2.3500 6.1698 1.7867 -1.4395 -1.4171 -5.0554 -4.1837 1.2479 0.3008 -2.4861 
32.1566 23.9125 -5.0913 -4.0927 5.4315 2.4499 -1.2246 -2.0714 -5.4995 -4.5109 0.6307 -0.0853 -2.5557 
33.8274 25.4775 -5.0980 -5.0113 4.6479 2.2026 -0.9421 -1.2119 -4.2403 -3.4443 0.9182 -0.6807 -3.4116 
37.0304 27.6758 -6.1271 -6.4115 3.3268 -0.0282 -2.6531 -0.9483 -3.0199 -2.5781 1.0879 -1.1473 -3.6627 
39.3819 28.4992 -8.0403 -7.0393 3.7710 -1.1122 -4.0739 -0.9102 -2.7616 -2.8447 1.0571 -1.3937 -4.2928 
40.7166 29.2210 -8.6050 -6.8743 4.6380 -1.2065 -4.7235 -0.5821 -2.0017 -2.8712 0.8924 -0.9326 -3.9650 
41.3022 29.2909 -9.1024 -6.6031 5.0805 -1.6136 -5.1493 -0.2287 -1.4550 -2.5919 1.0931 -0.7167 -3.8331 
41.9624 29.5814 -9.4992 -6.6288 5.2992 -1.9472 -5.5856 0.0244 -0.9485 -2.4431 1.2418 -0.2919 -3.6149 
42.0891 29.7045 -9.5532 -6.7951 5.2362 -2.0195 -5.8838 -0.2403 -0.9382 -2.4458 1.0771 -0.3724 -3.6236 
42.7611 29.6943 -10.1092 -6.2923 5.6859 -2.5120 -6.0131 0.0740 -1.0086 -2.2808 1.4796 -0.6606 -3.8714 
42.8327 29.8301 -10.1233 -6.5252 5.6535 -2.3757 -6.1868 -0.1914 -0.9385 -2.1673 1.4775 -0.4632 -3.6932 
43.3359 30.0664 -10.4961 -6.8044 5.6930 -2.2628 -6.1488 -0.3633 -1.2011 -2.1320 1.6329 -0.6053 -3.7438 
43.2231 29.7250 -10.8050 -6.6055 6.0110 -2.3139 -6.2610 -0.3447 -1.3784 -2.4211 1.6146 -0.5318 -3.8633 
43.2289 29.5194 -11.2064 -6.8012 6.0275 -2.3107 -6.2374 -0.2076 -1.1677 -2.2287 1.6256 -0.7321 -4.0358 
42.7700 29.2915 -11.1200 -7.0065 5.8800 -2.2689 -6.4835 -0.4500 -1.0926 -2.4147 1.1609 -0.8996 -4.1338 
42.8741 29.8294 -10.4282 -6.8504 6.0975 -1.5829 -6.0956 -0.5219 -1.1066 -2.4216 1.3203 -0.0773 -3.2010 
42.4831 29.6812 -10.4068 -7.5033 5.3856 -1.4507 -5.8441 -0.8870 -1.3668 -2.2813 0.9586 -0.9255 -3.5022 
41.9327 29.1764 -10.5928 -7.7878 5.0971 -1.3798 -5.7434 -1.2124 -1.8012 -2.5339 0.6661 -1.0665 -3.1787 
41.4106 28.9011 -10.1109 -7.3100 5.0980 -1.1914 -5.2394 -1.2700 -2.1671 -2.2838 0.9408 -1.3049 -2.9418 
41.2257 28.9119 -9.7809 -7.3091 4.7424 -0.8883 -4.3562 -1.2723 -2.9526 -2.3594 1.3306 -1.4751 -3.0855 
40.7577 28.9808 -9.3952 -7.7895 4.5911 0.0157 -3.7569 -1.1931 -2.8387 -2.9413 0.3606 -1.3671 -2.6201 
40.4861 28.7353 -9.5837 -8.1908 4.2259 0.0357 -3.5718 -1.2078 -3.0173 -3.0954 0.2403 -1.5087 -2.7350 
39.7664 28.3625 -9.0351 -7.6736 4.3021 0.1321 -3.4818 -1.5828 -3.5055 -3.0262 0.5694 -1.4681 -2.6500 
39.8963 28.4139 -8.9793 -7.3656 4.5640 0.2456 -3.1914 -1.3162 -3.6785 -3.3153 0.5947 -1.2873 -2.4872 
38.9693 27.8897 -8.4517 -7.0549 4.2807 0.2367 -2.9507 -1.7433 -4.5453 -3.6848 0.5090 -1.6894 -2.8280 
39.3429 27.9087 -8.8823 -6.8398 5.1121 0.6265 -3.0075 -1.3884 -3.9406 -3.5988 0.3571 -1.4105 -2.4145 
37.6667 27.1859 -7.9945 -7.0505 4.2555 0.8069 -2.7124 -1.7226 -3.9646 -3.5238 -0.3113 -2.0859 -2.4404 
36.1128 26.6282 -6.4975 -6.0439 4.0571 0.6396 -2.2694 -0.7969 -3.0519 -3.2474 -0.2701 -1.6683 -2.2883 
34.7137 25.8891 -5.7819 -5.8129 3.6188 0.6439 -2.0018 -1.0105 -3.7060 -3.8127 -0.1190 -1.0250 -2.6942 
34.3228 25.7423 -5.4017 -5.4284 3.9709 1.1916 -1.3886 -0.4489 -3.1620 -3.4274 0.0669 -0.7716 -2.2768 
33.2037 24.6170 -5.5036 -4.9420 4.0298 0.7012 -1.6819 -0.4405 -3.3908 -3.8808 -0.1887 -0.8029 -2.3289 
31.6403 23.6215 -4.8147 -4.2833 4.0308 0.7989 -1.3053 -0.1547 -3.3211 -4.0861 -0.5948 -1.0810 -2.4214 
31.6665 23.5270 -4.7794 -3.7320 4.5476 0.6737 -1.8189 -0.6610 -3.6390 -3.9971 -0.2487 -0.9298 -2.4446 
31.0261 23.0718 -4.5608 -3.3677 4.6665 0.4337 -2.1109 -0.4542 -3.2091 -4.0594 -0.5324 -0.9802 -2.6504 
29.9727 22.3089 -4.0881 -2.7412 4.4553 0.0118 -1.8628 -0.1005 -3.4787 -4.3401 -0.0628 -0.0404 -1.8338 
28.4946 20.8060 -4.3498 -2.2420 4.7413 -0.1520 -2.0454 -0.1495 -3.4896 -4.2257 0.1394 -0.0305 -2.0599 
28.0499 20.4494 -3.7810 -1.0147 5.0764 -0.9226 -2.2680 0.4855 -3.2980 -4.4197 0.5222 0.4181 -2.3587 
29.7098 19.8327 -6.1152 0.0851 6.1473 -3.2708 -3.5321 1.6296 -3.6274 -5.4705 1.2568 1.1013 -2.7235 
31.0344 19.2908 -8.0984 1.1323 7.7423 -4.2934 -3.7550 3.5524 -3.3368 -6.7252 1.5532 1.8131 -3.3378 
31.5702 18.9980 -9.1742 1.2917 8.5594 -4.3708 -3.9720 4.1692 -2.6777 -6.7428 1.1348 1.4344 -3.2362 
31.3824 17.8753 -10.4703 1.6507 9.0897 -5.2904 -4.6938 4.7538 -2.0703 -6.6168 1.3132 1.3448 -3.9181 
31.3687 17.2676 -11.7790 0.9592 9.5407 -4.9101 -5.0419 4.4667 -2.2816 -7.5513 0.2206 1.0925 -3.8378 
32.0755 18.0363 -11.8288 0.3612 9.8089 -3.8524 -5.0176 3.4545 -2.5337 -7.1698 -0.2728 0.1260 -4.0658 
32.4684 18.9749 -10.9300 0.4766 9.9757 -3.4189 -5.2966 2.9497 -2.3131 -6.9279 -0.2939 0.6213 -3.6412 
33.6727 19.9838 -11.4035 -0.5965 9.7601 -3.3073 -6.1717 1.9048 -2.3958 -7.0995 -1.2706 0.1686 -3.0259 
35.0612 22.0184 -10.4434 -1.4957 9.6232 -0.8993 -4.1911 1.1144 -3.3972 -6.1408 -0.2641 -0.0908 -2.8138 
36.0632 22.8508 -10.5632 -1.7955 9.8623 -0.1646 -3.3999 1.6376 -3.2682 -6.4753 -0.8923 -0.4121 -2.4866 
36.7264 24.1566 -10.1120 -3.4924 8.4791 0.3338 -3.3478 0.5956 -3.2098 -5.5167 -0.9382 -1.0564 -2.6707 
37.1062 25.2856 -9.2100 -4.2831 7.7326 1.2635 -2.3911 0.3003 -3.7578 -5.6717 -0.9387 -0.9764 -2.6479 
37.7797 26.4878 -8.6110 -5.3247 6.5873 1.4567 -1.8856 0.3469 -3.5727 -5.4405 -1.1678 -1.2981 -2.6350 
37.9708 27.0163 -7.9497 -5.2999 5.9543 1.0465 -1.7398 0.4823 -3.6749 -5.4656 -1.2542 -1.6963 -2.7648 
38.0940 26.9681 -8.3020 -5.8033 5.0690 -0.2590 -2.6548 0.5468 -3.3745 -5.8930 -2.0488 -1.9546 -2.6238 
37.1873 27.2595 -6.5797 -5.5498 4.0885 -0.5037 -2.4351 0.6750 -2.5892 -4.6933 -1.5902 -2.1666 -2.7013 
36.6724 27.0467 -6.0863 -5.3287 3.3618 -1.6475 -3.0779 0.8010 -2.0969 -4.4177 -1.8752 -2.7974 -3.0960 
36.3999 27.5470 -4.9125 -5.1793 2.8752 -1.5905 -2.9159 0.7609 -1.6624 -3.7418 -1.7351 -2.9716 -3.1961 
36.4544 27.3370 -5.1924 -5.0042 2.8326 -2.3702 -3.4512 1.0936 -1.3406 -3.9962 -2.0256 -3.0188 -3.2730 
36.1034 27.3314 -4.7467 -4.8817 2.8092 -2.2214 -3.4666 1.1222 -0.7231 -3.2782 -1.9105 -3.1973 -3.1911 
36.8880 27.7435 -5.1861 -5.1525 2.7877 -2.4738 -3.7005 1.0021 -1.1512 -3.6589 -1.6534 -2.9339 -3.5325 
37.4554 28.2637 -5.2183 -5.4084 2.7931 -2.2633 -3.6435 0.9846 -1.0222 -3.6477 -1.8908 -2.8957 -3.0419 
38.0690 28.4646 -5.7273 -5.5670 3.0248 -2.1646 -3.7658 0.5956 -1.3784 -3.3777 -1.3613 -2.7898 -2.9795 
38.8830 28.6614 -6.6486 -6.0525 3.1690 -2.2907 -3.9919 0.7579 -1.2998 -3.6117 -1.2170 -2.0768 -2.4497 
38.9943 28.8427 -6.6054 -6.2802 3.0036 -2.2322 -4.1555 0.2128 -1.6939 -3.5741 -1.0660 -2.0514 -2.6075 
39.3085 29.3039 -6.4916 -6.6775 2.9367 -1.5766 -3.5940 0.1906 -1.8722 -3.4912 -0.7368 -1.8600 -2.8053 
39.1973 29.2276 -6.5757 -6.9212 2.8062 -1.4327 -3.5681 -0.0518 -1.9715 -3.3962 -0.8185 -1.9919 -2.6826 
38.4565 28.6907 -6.5760 -7.1851 2.4080 -1.4849 -3.6793 -0.5252 -2.3265 -3.5031 -1.0120 -2.1216 -2.5916 
38.2770 28.1321 -6.9143 -6.6721 2.5585 -2.1073 -3.6769 -0.0053 -2.5838 -3.9665 -0.6676 -1.6758 -2.7177 
37.6205 27.6656 -6.4611 -5.8323 2.9910 -1.9690 -3.3576 0.1234 -3.0512 -4.3345 -0.3326 -1.2288 -2.7320 
37.6599 27.8458 -6.0673 -5.3476 3.3854 -1.8205 -3.3455 0.3887 -2.4967 -3.9800 -0.3506 -1.2278 -2.5539 
37.4826 27.3257 -6.6920 -5.5352 3.2189 -2.4768 -3.9787 0.2001 -2.7154 -4.5359 -0.8841 -1.5116 -2.8204 
36.8926 27.2206 -5.9827 -5.4966 2.3333 -2.8360 -3.5224 0.2350 -3.0056 -3.9475 0.0362 -1.6528 -3.5349 
37.1942 27.4364 -6.0700 -5.5010 2.6607 -2.4886 -3.5487 0.0201 -2.8367 -3.2635 0.6321 -1.6789 -3.8627 
36.5322 27.2843 -5.5732 -5.6075 2.5048 -2.0154 -3.4267 -0.4798 -3.0012 -3.1885 0.3656 -1.8847 -3.8973 
36.5843 27.2286 -5.5396 -5.0070 3.3398 -1.5738 -3.1326 0.0859 -2.6196 -3.3545 0.2495 -1.5113 -3.4202 
35.2277 26.4068 -5.0799 -4.8631 3.1835 -1.2977 -3.0207 -0.1880 -2.4055 -2.8546 0.0402 -2.0738 -3.4400 
33.8302 25.1119 -5.3248 -4.7753 3.2110 -1.3504 -3.0821 -0.0257 -2.2329 -3.0673 -0.0718 -1.7587 -3.6018 
32.5131 24.1611 -4.9454 -4.3825 2.9412 -1.7438 -3.3312 -0.2559 -2.2226 -2.7970 0.0688 -1.6177 -3.1851 
31.1879 23.1444 -4.4257 -3.2113 3.7976 -1.1720 -2.5692 0.4530 -2.3539 -3.4482 0.3101 -0.4494 -2.7048 
30.7954 21.7584 -5.6267 -2.1854 4.7714 -2.5750 -3.7480 1.4678 -1.7439 -4.6617 -0.3582 0.3551 -2.3901 
31.9150 20.2912 -9.2200 -1.9621 6.8463 -3.3407 -5.0947 2.2362 -0.9298 -4.7474 -0.1825 0.3530 -2.7830 
33.9742 20.2101 -11.8494 -1.9119 8.4588 -3.2149 -4.8323 3.1266 -1.1692 -4.7585 1.1159 0.4825 -4.0091 
33.8738 18.8496 -13.8720 -2.0288 9.4633 -2.8162 -4.3141 3.9725 -0.9697 -4.5000 2.2940 1.5373 -3.6897 
33.1220 18.1791 -13.8883 -2.0608 8.7454 -3.7427 -4.3636 4.8410 -0.4237 -5.1510 1.2079 1.4625 -2.6972 
32.3755 17.3351 -13.7386 -0.7650 9.7076 -4.0257 -5.0103 4.4069 -0.9796 -5.6112 1.1542 1.2988 -3.1511 
31.5558 16.7366 -13.5664 -0.5965 9.5410 -4.3362 -5.2320 4.6891 -0.1982 -5.2358 0.7987 1.2686 -2.3652 
31.2211 16.2319 -14.0627 -0.9417 9.4831 -4.0195 -4.7287 4.9738 -0.0581 -4.7022 1.5939 1.4914 -2.7861 
31.1918 16.0644 -14.3119 -1.0161 9.4937 -4.1144 -4.7677 5.0903 -0.0876 -5.0040 1.3834 1.5756 -2.7377 
30.9548 15.0688 -15.6527 -1.2039 9.9889 -4.3515 -5.5034 4.6883 -0.3307 -5.5012 0.6250 0.7041 -3.3385 
31.7767 15.3386 -16.3739 -1.6279 9.8044 -4.6701 -5.3412 5.1384 -0.5460 -5.9734 0.8394 1.3255 -2.9079 
31.8856 15.0388 -17.3688 -2.5381 9.8759 -3.5482 -4.2114 5.1475 -1.3080 -6.2295 1.2130 1.4688 -3.0187 
31.7286 16.0860 -15.3769 -2.1374 8.9949 -4.2053 -4.9941 4.3582 -0.9541 -5.2858 1.4768 1.2829 -3.3099 
30.5724 15.5752 -15.0752 -2.9125 8.1677 -3.7604 -4.6251 3.7773 -1.8184 -6.5109 -0.0242 0.6119 -3.1631 
31.2273 18.1303 -11.6219 -2.0517 7.3729 -3.8692 -4.9932 2.7944 -1.7142 -5.5208 0.3985 0.5304 -3.4432 
38.4141 25.6255 -9.6237 -3.2936 7.0002 -3.0524 -5.8484 0.4018 -2.2314 -3.9699 0.5821 -1.1060 -4.0171 
41.9651 28.2019 -10.5968 -4.7069 6.6449 -2.8024 -5.1203 0.9866 -2.3455 -3.8993 1.1182 -0.9790 -3.8277 
42.1485 28.1559 -11.4091 -5.9041 6.0265 -2.9063 -5.4322 0.6982 -2.2663 -3.9650 0.9153 -0.7269 -3.5183 
42.9889 29.1375 -11.0680 -6.2292 5.7363 -2.6117 -4.8858 1.0008 -2.0629 -3.5080 1.4839 -0.4272 -3.4138 
42.3797 28.9902 -10.9725 -7.2565 4.7093 -2.5963 -5.0748 0.1934 -2.4237 -3.5507 1.0932 -0.7764 -3.4851 
42.1147 28.8210 -10.9715 -7.3686 4.6378 -2.6419 -5.4709 -0.3357 -2.5817 -3.5756 0.8928 -0.8679 -3.5260 
41.8060 29.1463 -9.9958 -6.9944 4.7855 -2.0200 -4.8399 0.2501 -1.7618 -3.1125 0.9136 -0.4965 -3.0411 
41.7749 29.3631 -9.6624 -6.9360 4.9400 -1.6990 -4.8047 0.2038 -1.6660 -3.2558 0.7498 -0.2481 -2.9583 
42.0122 29.2863 -9.8205 -6.5413 4.9583 -2.3179 -4.9384 0.3249 -2.1514 -3.6168 0.9238 -0.4361 -3.3259 
40.4070 28.4691 -8.9944 -6.3293 4.5568 -2.1451 -4.9041 -0.2740 -2.2436 -3.2547 0.4695 -1.3166 -3.5472 
36.8713 26.4246 -7.5342 -5.8300 3.5581 -2.5967 -5.0874 -0.5234 -2.1867 -3.8452 -0.7305 -1.5201 -3.3069 
35.7682 25.1911 -7.2530 -4.3687 3.8522 -2.8103 -3.4752 1.3038 -1.9693 -3.2568 0.7511 -1.0735 -3.2335 
35.8129 24.4322 -8.0984 -3.5021 4.8087 -3.5336 -4.3736 1.1294 -2.5987 -4.0675 0.8742 -0.8592 -3.9323 
34.1861 23.2437 -7.7359 -2.6509 5.8840 -2.9578 -5.2922 -0.2330 -3.1204 -4.2393 0.9210 -0.2752 -3.7711 
35.0524 25.3284 -5.8519 -3.2466 4.6179 -2.7281 -4.9038 -0.0622 -1.6137 -2.5992 0.5319 -1.3354 -3.6214 
38.0727 27.6600 -7.2338 -6.1548 3.5952 -1.4881 -4.1529 -1.1275 -2.4306 -1.7719 1.2990 -1.7328 -3.6605 
39.0846 28.0621 -8.4479 -7.5307 3.1512 -1.5127 -4.6395 -2.2465 -3.7853 -2.8491 0.5785 -2.4909 -4.4287 
39.9708 28.4425 -8.6349 -6.6016 4.4564 -1.1831 -4.2829 -0.9752 -2.7145 -2.5500 1.0217 -1.5794 -3.6390 
38.3689 28.2908 -6.9982 -7.1038 2.8216 -0.6929 -3.1568 -1.5432 -3.2567 -1.7207 1.4543 -2.2397 -3.9788 
37.4687 27.3099 -6.9399 -6.4450 2.2942 -2.0312 -3.2005 -0.9591 -4.0824 -2.9759 1.4755 -2.0312 -4.8379 
36.3683 27.1743 -5.5162 -5.4307 3.1034 -0.8781 -2.5548 -0.4712 -3.0864 -2.6658 1.0242 -1.3676 -3.3111 
34.2609 25.2836 -5.6245 -4.6847 3.9622 -0.6174 -3.1155 -0.7283 -2.7151 -2.9608 0.1423 -1.4664 -3.0929 
34.0638 25.2025 -5.6481 -5.0387 3.5280 -0.9864 -3.7500 -1.4195 -2.8730 -2.6903 0.2919 -1.7353 -3.7750 
33.3585 24.5903 -5.5636 -4.5952 3.9307 -0.7820 -3.7168 -1.5161 -3.1682 -3.0895 0.1375 -1.6395 -3.8142 
32.6286 24.2626 -4.7662 -3.6481 4.1542 -1.1826 -4.1614 -1.6277 -3.0021 -2.8909 0.2692 -1.5676 -3.7797 
32.3680 24.4009 -3.8826 -2.9123 4.0901 -1.4921 -3.8560 -0.8690 -2.6762 -3.1544 0.2899 -0.8203 -3.1276 
31.4974 23.8575 -3.5050 -2.5345 4.2960 -1.0272 -3.2775 -0.5380 -2.6318 -3.3974 -0.1294 -1.0583 -3.0723 
31.1795 23.0400 -4.3417 -2.4961 4.5340 -1.5370 -3.9491 -0.6883 -2.6323 -3.5584 -0.2723 -1.0734 -2.9023 
30.3534 22.8407 -3.5397 -2.1729 4.6709 -0.7971 -3.4757 -0.9882 -2.8084 -3.4241 -0.4158 -1.2552 -2.6930 
29.6042 22.3489 -3.1049 -1.6688 4.4794 -1.2658 -3.4276 -0.5890 -2.7599 -3.6592 -0.3763 -1.0491 -2.7987 
29.7016 21.9305 -3.8048 -1.5840 4.7593 -1.4483 -3.2250 0.2441 -2.2047 -3.4758 -0.1116 -0.9380 -3.0053 
28.1250 21.0012 -3.1949 -1.2398 4.9852 -0.5415 -2.7468 -0.2891 -2.5076 -3.3378 -0.5005 -1.4830 -2.8627 
27.9491 20.7577 -3.3209 -1.1042 5.2662 -0.3472 -2.5923 -0.0394 -2.2406 -2.9670 0.2335 -0.7152 -2.6704 
26.3948 19.4911 -3.1937 -0.7053 5.3361 -0.4249 -2.5375 0.4291 -1.6222 -2.8202 0.1589 -0.5054 -2.7049 
25.3801 18.8189 -2.9910 -1.1379 3.9636 -1.2282 -2.1906 0.6283 -2.3963 -3.8484 -0.4379 -0.8102 -2.9488 
24.8974 18.3722 -2.9626 -0.5294 5.2159 0.1743 -1.1717 1.6843 -0.8326 -2.4725 -0.1029 -1.2039 -3.1657 
25.1498 18.4228 -3.2637 -0.7327 5.0606 -0.1777 -1.4539 1.6328 -1.0279 -2.8219 -0.0563 -0.7563 -2.9144 
23.5090 16.9244 -3.4628 -0.6394 4.8184 -0.4574 -1.5801 1.4493 -1.3545 -3.1087 -0.0806 -0.4921 -2.6516 
22.0387 16.0191 -2.8645 -0.2142 4.6901 -0.5892 -1.9626 0.9063 -1.2358 -2.4561 0.2815 -0.4092 -2.4437 
25.2863 17.1790 -6.4388 -3.3789 4.2505 -0.4251 -2.4727 0.0645 -2.1912 -3.2057 -0.1553 -0.9374 -2.7057 
22.0585 15.2951 -4.5158 -1.7248 3.4177 -2.0051 -2.9998 0.6463 -1.2601 -2.6578 0.0269 -0.6184 -2.4295 
20.9588 13.9179 -5.2325 -1.6756 3.6730 -1.7116 -2.4018 1.2851 -0.7866 -1.9494 0.8424 -0.2865 -2.3194 
20.0269 13.2837 -5.1919 -2.0224 3.1984 -1.6546 -2.2903 0.9667 -1.4504 -2.9637 -0.1904 -0.8483 -2.9318 
20.1548 13.7477 -4.5024 -1.7265 3.0015 -2.0198 -2.6356 0.7621 -1.5539 -3.1711 -0.3088 -0.4338 -2.0942 
20.0175 13.3131 -5.0039 -1.8370 2.8450 -2.5777 -2.9977 0.9729 -1.0752 -2.6081 0.1641 -0.4110 -2.3711 
19.7491 13.1175 -4.8791 -1.4182 3.5834 -1.8825 -3.0508 0.0325 -2.2625 -3.3502 0.1284 0.1128 -1.6463 
19.9161 13.3927 -4.6711 -1.5149 3.2670 -1.9773 -2.5747 1.0146 -1.2190 -2.7247 0.2531 0.0013 -1.8483 
18.7456 12.0792 -5.3856 -1.9526 2.7789 -2.5634 -3.0492 0.9121 -1.0451 -2.5802 0.4048 0.2679 -1.7146 
19.3893 12.7526 -4.9303 -1.3677 3.4446 -1.7761 -1.9516 1.8111 -0.9581 -2.9017 0.3154 0.3164 -1.8120 
18.9876 12.4749 -5.0172 -1.8440 2.7288 -2.3194 -2.3509 1.6900 -0.5097 -2.2297 0.5648 0.0396 -2.2068 
18.6997 12.3429 -4.6236 -1.2353 3.0802 -2.3460 -2.5761 1.4243 -0.8043 -2.6996 -0.0844 -0.2509 -1.6977 
18.9006 12.7967 -4.4273 -1.7583 2.6670 -2.3576 -3.1171 0.4124 -1.2751 -2.4625 0.4985 0.2949 -1.8258 
18.3368 12.0556 -4.7047 -1.2962 3.4050 -1.6657 -2.3044 1.1446 -1.0680 -2.7780 -0.0238 -0.0003 -1.6833 
19.1970 12.9064 -4.3790 -1.1066 3.5143 -1.7086 -2.3287 1.0939 -1.3032 -2.9782 -0.1669 -0.5333 -2.4253 
18.7959 12.4229 -4.5830 -0.9662 3.7621 -1.6108 -2.3539 1.1063 -1.2359 -2.9519 -0.1278 -0.2737 -1.9849 
19.2812 12.6809 -5.0459 -1.6891 3.2955 -1.5717 -1.9345 1.5731 -0.7383 -2.3559 0.3051 0.0985 -1.2240 
18.9559 12.4882 -4.8771 -1.6514 2.8789 -2.1719 -2.2904 1.4466 -0.9304 -2.5170 0.4607 0.2237 -1.6294 
18.0586 11.9196 -4.6169 -1.3863 3.3427 -1.3879 -1.9607 1.3638 -0.6958 -2.1729 0.4819 0.1602 -1.7531 
19.2417 12.7347 -5.0093 -2.0286 2.5830 -2.4648 -2.8680 0.6998 -1.6810 -3.4711 -0.7218 -0.8497 -2.4566 
19.6780 13.1137 -4.8102 -1.4902 3.3837 -1.8956 -2.4568 1.3482 -0.9107 -2.9023 -0.2654 -0.3839 -2.2403 
19.2493 12.2509 -5.7066 -1.7971 3.3005 -2.3539 -3.1608 0.4757 -2.0340 -3.7987 -0.5922 -0.5232 -2.2570 
20.7078 12.3139 -7.2073 -1.2085 4.7882 -2.6507 -3.4258 1.9748 -0.5761 -3.2414 0.2237 0.4332 -1.8755 
30.0932 16.0072 -15.0786 -5.5487 6.8201 -2.0432 -4.7733 0.9906 -2.3568 -4.7471 0.5837 0.6069 -2.4689 
34.3737 19.2427 -14.9569 -4.6632 7.7536 -2.6950 -5.0669 0.9854 -4.2143 -6.8580 0.4968 1.2464 -2.0406 
31.6827 17.7084 -14.2377 -5.0777 7.1343 -1.7603 -4.3632 1.0329 -3.1596 -5.7266 0.3912 1.3257 -1.3154 
31.3375 18.6154 -12.6094 -5.3642 6.5645 -0.5706 -3.1902 1.3300 -2.2318 -4.4729 0.9188 1.9619 -0.2595 
32.7765 21.5879 -8.9731 -3.1361 7.3992 0.1631 -2.5353 1.6836 -2.0234 -5.1027 -1.0377 -0.1760 -1.4854 
30.9045 21.4811 -6.3503 -2.1851 6.2773 -0.4138 -2.5550 1.3076 -2.2473 -5.1862 -1.5265 -0.8070 -2.1348 
29.0386 21.1960 -4.2902 -1.9410 4.5844 -1.6288 -3.2952 0.7438 -1.9940 -4.7551 -1.6122 -0.8020 -2.0531 
30.2655 22.9178 -3.1654 -2.0753 3.9384 -1.5511 -2.6346 1.2759 -1.4362 -4.1892 -1.8472 -1.6002 -1.9529 
32.1042 24.6113 -3.2735 -3.1186 3.2789 -1.8170 -3.2244 0.6246 -1.3179 -3.5385 -1.8636 -2.8255 -3.4369 
35.5362 26.5745 -4.9650 -4.3012 3.4109 -2.0632 -3.4474 0.9382 -1.1360 -3.4478 -2.0045 -3.6507 -3.5822 
38.1552 27.8373 -6.9343 -5.8657 3.6387 -1.3972 -3.1862 0.3856 -2.3807 -4.1507 -1.8650 -3.5918 -3.4789 
40.4228 28.9202 -8.1736 -5.9382 5.0235 -0.3141 -2.4014 0.6698 -3.2236 -4.5765 -0.5717 -2.1327 -3.0229 
41.2690 28.8049 -9.6109 -6.2888 5.7810 -0.1578 -2.6304 0.8547 -3.4517 -5.4603 -0.7516 -1.5230 -3.0912 
41.5300 28.3104 -11.0536 -7.1942 5.6189 -0.4489 -3.2794 -0.0428 -4.5068 -6.1952 -0.9450 -1.6970 -3.6711 
42.1502 29.0090 -10.6698 -6.7785 6.4565 0.5675 -2.5889 0.2961 -4.2569 -5.8240 -0.2918 -0.9374 -3.2136 
42.4446 28.9428 -11.0098 -6.3599 7.3740 1.1451 -2.4428 0.1604 -4.4373 -5.6771 -0.0240 -0.8791 -3.0492 
41.4652 28.1724 -10.9156 -6.0992 7.6406 1.4713 -2.4049 -0.1212 -4.6994 -5.8372 -0.0444 -0.7340 -3.0712 
41.3702 27.7279 -11.6835 -6.5453 7.6606 1.4561 -2.6441 -0.3246 -4.8224 -6.0517 -0.3502 -1.1035 -3.5965 
41.0220 27.5175 -11.4311 -5.9856 8.3739 1.8709 -2.8014 -0.5341 -4.7171 -5.8700 -0.0029 -0.5288 -3.5055 
41.1301 27.9104 -10.8397 -5.7269 8.3611 2.1728 -2.1876 -0.1086 -4.4657 -5.4725 0.3730 -0.3883 -3.2565 
39.3920 26.9670 -10.4645 -6.5170 7.1518 1.8853 -2.8582 -1.4465 -5.0338 -5.6317 -0.2690 -0.7339 -3.1840 
38.9751 27.1996 -9.4189 -5.9222 7.6241 2.8860 -2.1826 -1.4336 -4.7203 -4.9432 0.1152 -0.3914 -2.5635 
38.5404 26.8679 -9.5750 -6.3531 7.2948 2.8626 -2.6117 -2.2833 -5.0068 -4.6297 0.1658 -0.5999 -2.6204 
38.4686 26.4047 -9.7655 -5.6417 7.4954 2.4488 -2.2294 -1.8567 -5.4755 -4.7649 0.4160 -1.1140 -2.9746 
36.9588 25.9634 -8.5875 -5.5193 7.0571 2.7542 -2.1165 -2.1102 -5.2708 -4.5555 0.4137 -0.8934 -3.1712 
36.2467 25.6938 -8.1079 -5.4414 6.8628 2.8924 -1.8617 -1.8550 -5.0251 -4.7157 0.0902 -0.6696 -2.6548 
35.8719 25.3977 -8.1021 -5.2690 7.3155 3.2913 -2.0527 -2.1851 -4.8412 -4.4619 -0.1037 -0.9360 -2.6968 
34.6914 24.7525 -7.2842 -4.3897 7.4852 3.0254 -2.2695 -1.9591 -4.5881 -4.9610 -0.6703 -0.4293 -1.9804 
35.1654 24.5857 -7.8225 -3.6625 8.3228 2.5580 -2.6287 -1.1526 -3.8260 -4.9183 -0.6992 -0.2905 -1.9150 
34.2012 23.7255 -7.8543 -3.6718 7.5191 1.2319 -3.6038 -1.3651 -3.4694 -4.4883 -0.7373 -0.8558 -2.5003 
32.5486 22.6676 -7.3338 -3.1770 8.0445 2.2389 -2.9141 -1.1703 -3.3784 -4.7961 -1.0430 -0.2706 -1.7757 
31.8486 21.6604 -7.7167 -2.7249 7.8803 1.1907 -3.1444 -0.4311 -3.1009 -4.8779 -0.6943 -0.1468 -2.4526 
31.5229 20.4706 -9.3689 -3.2441 8.1324 0.9725 -3.2561 0.2220 -2.8894 -5.8184 -1.4980 -0.0238 -2.3438 
31.1233 18.7703 -11.1647 -2.8741 8.2266 -0.9396 -4.2720 0.8826 -3.0537 -6.6328 -1.5263 -0.1991 -2.9838 
33.2003 18.7019 -13.7384 -2.6834 9.9291 -0.7061 -3.2543 3.6310 -1.0875 -5.3989 0.1013 0.8021 -2.3517 
32.6110 17.3901 -14.7562 -2.2456 10.2385 -1.5977 -4.0224 3.0489 -2.2991 -5.9451 0.8188 0.8230 -3.2934 
31.2008 16.4230 -14.2081 -1.8577 9.5279 -2.1338 -3.2759 4.2941 -1.5197 -5.4730 1.1844 0.8509 -3.6039 
31.6250 16.3176 -14.5321 -1.0197 10.2991 -2.7200 -3.9998 4.0841 -2.1717 -6.2761 1.3050 1.4253 -3.4983 
31.5024 16.2544 -14.3041 -0.6555 10.2277 -3.4399 -4.6954 4.1334 -1.5999 -5.9982 0.9150 0.8116 -3.6803 
31.9407 16.9593 -13.4050 0.0223 9.9521 -4.4363 -5.4743 3.7101 -1.9649 -5.9420 1.7216 1.9209 -2.7807 
30.8303 15.5084 -14.6779 -0.9590 9.6813 -3.9973 -4.9296 4.0116 -1.8991 -6.2818 0.9265 1.1932 -2.8585 
30.8441 15.6412 -14.6417 -1.1943 9.7869 -3.4259 -4.6965 3.8691 -1.6445 -5.6815 1.2927 1.3063 -2.9832 
30.4717 14.6465 -15.9891 -2.0090 9.2204 -4.3358 -5.2059 4.5679 -0.2928 -4.5348 2.0028 1.4983 -3.2473 
30.9037 15.2393 -15.4405 -1.3997 9.9974 -3.7462 -5.3715 3.7093 -1.2969 -5.5364 0.8402 0.4362 -3.6473 
31.0288 15.1003 -16.6345 -3.1520 9.7463 -2.3476 -4.6400 3.1520 -1.5305 -4.9092 1.7177 1.3522 -3.1825 
31.2971 16.2520 -15.2638 -3.1050 9.5626 -1.8355 -4.6518 2.6658 -1.3993 -5.0560 0.4782 0.3788 -3.0566 
29.8394 16.2779 -13.4297 -3.4909 7.4101 -2.5620 -4.2092 2.7195 -1.3327 -4.7918 0.3016 0.1758 -2.7092 
31.0761 19.3174 -9.2635 -1.0068 7.9994 -1.7848 -3.3208 2.2198 -2.5480 -5.0550 0.7043 0.1002 -3.1780 
37.6613 25.7176 -8.9452 -4.1622 6.4803 -0.8413 -3.3270 0.2403 -4.0185 -5.2702 0.0404 -1.1813 -3.6632 
39.7705 27.5192 -9.4190 -5.5481 6.0659 -0.4673 -3.3516 0.0322 -3.7594 -5.0331 -0.0287 -0.8462 -2.7722 
39.2360 27.4990 -9.0488 -6.2254 5.1986 -0.2122 -2.8347 -0.0254 -3.7804 -4.8278 0.0297 -0.6915 -2.3716 
39.1925 27.6672 -8.6271 -5.9644 5.1955 -0.2408 -2.7707 -0.0083 -4.0517 -5.3536 -0.3263 -0.6889 -2.3634 
37.7912 26.9502 -7.7844 -5.4825 5.0278 0.0721 -1.9479 0.6464 -3.8135 -5.6889 -1.2723 -1.6976 -2.7028 
35.2138 25.1951 -7.1750 -5.2294 4.5027 -0.0667 -2.0078 0.4713 -3.5198 -5.3892 -1.3211 -1.2722 -2.1405 
30.6554 21.8723 -6.1401 -4.0777 4.3074 0.1196 -1.2307 1.1173 -2.9111 -4.8615 -0.8804 -0.6176 -1.7856 
29.4880 21.4723 -5.4376 -4.4234 3.3257 -0.2652 -1.6747 0.3076 -3.4765 -5.4852 -1.6401 -0.7545 -1.7408 
29.2028 20.9987 -5.5384 -3.6589 4.2064 -0.0483 -1.6643 0.4447 -3.8190 -6.4176 -2.3234 -0.7159 -1.3269 
32.1868 20.9476 -9.1341 -4.0247 4.2837 -2.8787 -2.5915 2.3569 -3.2575 -5.9915 -0.1912 -0.0750 -2.4863 
32.6745 21.4824 -8.9610 -3.9064 4.6790 -2.8209 -3.1353 2.3218 -2.5743 -5.8944 -0.6340 0.1735 -1.9633 
30.7663 18.6011 -11.1528 -3.7277 6.5761 -1.7673 -3.5361 2.1796 -1.9449 -5.8217 -1.4776 -0.5553 -2.1614 
32.4123 18.4548 -13.3078 -3.4121 8.0919 -2.2817 -4.3121 2.8447 -1.5639 -5.9515 -0.7307 0.4380 -1.8791 
32.9669 18.6040 -13.7041 -3.3717 8.1812 -2.5796 -4.2949 3.1820 -1.6284 -6.1267 -0.5517 0.5032 -2.0581 
33.1774 17.5068 -15.9916 -4.3132 8.3403 -2.6086 -4.0542 3.6256 -1.6227 -5.7582 0.3815 0.7102 -2.2691 
32.2341 17.2530 -14.8162 -3.2445 8.7234 -2.4586 -3.7480 4.3667 -0.8899 -5.8431 -0.0764 0.5716 -2.7411 
31.4035 16.5002 -14.7158 -2.8364 8.4800 -3.4370 -4.7121 3.8575 -1.0303 -5.8549 -0.3363 -0.0688 -3.2996 
31.2194 15.7933 -15.6408 -3.1001 8.3596 -4.0628 -5.0495 4.4245 -0.0994 -4.8462 1.0226 1.3938 -2.4999 
30.2078 15.0060 -15.5132 -3.0120 8.0057 -4.3225 -5.0565 4.1939 -0.7388 -5.6862 0.0953 0.5017 -3.1278 
30.0781 15.4817 -14.1292 -1.7444 8.6219 -4.0513 -4.9895 3.9799 -0.9557 -5.4585 0.8288 1.3569 -2.5408 
29.9514 15.6484 -13.8835 -2.2413 7.8340 -4.2899 -4.8552 4.0596 -1.0561 -5.9071 0.1825 0.9260 -2.9073 
27.8513 14.3486 -13.6306 -3.0205 6.9324 -3.7941 -4.5730 3.4839 -0.9635 -5.5586 -0.5569 0.0418 -2.9047 
26.1409 14.3924 -11.0262 -1.8370 6.9676 -2.6951 -3.5575 3.3901 -0.9262 -5.2230 -0.5657 0.0553 -3.0582 
25.4285 15.6417 -7.8622 -1.1265 5.6061 -3.1291 -3.5798 2.5446 -1.8235 -6.1629 -2.1129 -1.1981 -3.5234 
23.9121 14.3436 -8.2054 -1.4602 5.7471 -2.3661 -3.3864 2.4264 -0.6824 -3.9050 -0.0261 0.4426 -2.0671 
23.2395 14.1969 -7.6562 -1.7915 4.5263 -3.4177 -3.9708 2.2451 -0.6442 -4.1049 -0.3590 0.3484 -2.2755 
21.8183 13.6606 -6.5198 -1.0678 5.1003 -2.0917 -3.2335 1.8415 -0.6113 -3.4195 -0.2950 0.0051 -2.1455 
21.1388 13.3962 -6.1222 -1.2879 4.3458 -2.4413 -3.3152 1.5754 -0.7790 -3.3851 -0.3882 -0.0342 -1.6777 
24.9498 17.6830 -3.6937 0.1163 5.2907 -1.6687 -2.9051 0.7522 -2.2755 -3.7453 -0.0632 -0.8794 -3.1260 
25.9926 18.6103 -3.6414 -0.0019 5.4816 -1.4764 -3.1148 0.1593 -2.9667 -4.3265 -0.6500 -1.6540 -3.8279 
28.7325 19.8433 -4.9561 0.5160 7.0404 -1.6723 -3.4931 1.0322 -2.4506 -4.3890 -0.1022 -1.0092 -3.6698 
29.5160 19.7581 -5.7455 1.1243 7.5601 -2.8957 -4.4139 1.6338 -2.2676 -5.3867 -0.6971 -0.5443 -3.2134 
30.9564 19.4801 -7.5841 1.7567 8.5677 -3.8647 -4.0463 3.9701 -1.9001 -6.7481 -0.6154 0.2631 -3.3097 
31.6603 19.0379 -9.1110 1.8940 9.6449 -3.9726 -4.6953 3.7807 -2.0397 -6.7249 -0.3085 0.0385 -3.8494 
32.3154 18.6269 -10.7265 1.6883 10.7376 -3.5871 -4.9318 3.9143 -2.0087 -7.2290 -0.5753 0.4109 -3.5495 
32.3019 18.5696 -10.8199 1.6621 10.7665 -3.7165 -5.2785 3.6783 -1.8136 -6.7420 -0.3016 0.0771 -4.3581 
32.8333 18.6025 -11.6576 1.4009 11.6954 -2.6374 -4.7833 3.9970 -1.5044 -6.8387 -0.6453 0.1561 -3.6517 
33.6426 19.0896 -12.0925 0.8831 11.4187 -2.9091 -5.1392 3.7741 -1.1195 -5.9592 -0.2808 -0.1074 -3.3886 
34.7687 19.4594 -13.5361 -0.4784 11.4900 -2.0870 -4.8663 3.0709 -2.0391 -5.9455 0.6922 0.5846 -3.5844 
35.1683 20.0469 -13.7992 -1.8003 11.1852 -1.0670 -4.9886 1.3237 -3.8062 -7.4369 -0.4085 0.7496 -2.8868 
37.2889 23.0886 -11.6512 -1.9009 9.8003 -1.2863 -3.5553 2.9187 -2.8321 -6.9187 -0.4284 0.5299 -2.3424 
38.2277 24.9017 -10.8131 -3.5978 8.6818 0.0730 -3.0750 1.1331 -3.8971 -6.5615 -0.7385 -0.3648 -2.4060 
39.5210 26.0523 -11.2730 -5.2362 7.4743 0.0219 -3.0532 0.3732 -4.6708 -6.6741 -0.9071 -1.1332 -3.0417 
41.2560 27.7798 -10.8938 -5.5138 7.4598 0.4772 -2.5309 0.7243 -4.1904 -5.9155 -0.3056 -0.8397 -2.5640 
41.5727 28.0373 -10.8965 -5.7291 6.9019 -0.1023 -2.6809 0.7119 -4.3500 -5.9871 -0.5006 -1.4685 -2.9854 
41.5268 28.2469 -10.5086 -5.8334 6.3036 -0.5547 -2.6319 1.1305 -3.8985 -5.7949 -0.5862 -1.6304 -3.0041 
40.6744 27.6433 -10.6396 -6.7507 4.7120 -1.7546 -3.3010 0.6070 -4.2833 -6.0925 -1.0361 -2.2504 -3.6239 
40.7208 28.5736 -9.2169 -6.5244 4.4486 -1.3843 -2.9994 0.7999 -3.3239 -5.0429 -0.8523 -2.2446 -3.1727 
40.0635 28.6998 -7.9942 -6.0521 4.0998 -1.4418 -2.9091 0.7447 -2.9346 -4.3493 -0.7836 -2.6927 -3.2496 
38.9471 28.3037 -7.4869 -6.5489 3.4474 -1.4008 -3.4266 -0.0508 -2.7544 -4.2372 -1.4405 -2.7207 -2.7790 
38.4981 28.3938 -6.5621 -6.0389 3.1442 -1.9468 -3.6154 0.5174 -1.7696 -3.6862 -1.3554 -2.6271 -2.7362 
38.5669 28.6877 -6.0807 -5.8514 2.8842 -2.2930 -3.8598 0.3013 -1.7883 -3.3975 -1.1777 -2.8923 -3.1842 
38.3809 28.9266 -5.5157 -5.9115 2.5163 -2.3654 -3.8948 0.2672 -1.6593 -3.5068 -1.5548 -2.9983 -3.0815 
39.8638 29.1869 -6.8697 -5.7427 3.4467 -2.5941 -3.9913 0.9990 -1.5616 -3.8867 -1.2400 -2.4659 -2.9051 
38.9584 29.5093 -5.7180 -6.7150 2.3700 -1.5216 -3.2790 0.1053 -1.7940 -3.0909 -0.8545 -2.3550 -2.6279 
39.9411 29.7494 -6.5216 -6.6297 2.8841 -1.7978 -3.5180 0.5347 -1.5042 -3.0962 -0.6355 -2.0350 -2.4370 
39.4816 29.5619 -6.5277 -7.3350 2.1868 -1.7401 -3.4683 0.1509 -1.7646 -3.1907 -0.8196 -2.1049 -2.4584 
39.9520 28.6922 -8.1258 -6.6287 3.4473 -2.2349 -3.7782 0.9439 -1.7394 -3.7146 -0.4208 -1.4697 -2.4576 
39.3667 28.3884 -8.0049 -6.8469 3.3655 -1.8533 -3.7909 0.4391 -1.8626 -3.4185 -0.2192 -1.4442 -2.6639 
39.2665 28.7912 -7.2672 -6.8484 3.1831 -1.2803 -3.3582 -0.0819 -2.2799 -3.0196 0.1630 -1.4097 -2.4282 
39.7395 29.6802 -6.8678 -7.8407 2.1532 -0.8986 -2.5262 -0.1421 -2.8702 -3.1511 0.5870 -1.1840 -2.6808 
39.5056 28.8973 -7.4826 -7.2748 2.4117 -2.0970 -3.6181 -0.1293 -2.8164 -3.5902 0.2797 -1.0370 -2.4543 
39.2377 29.0762 -6.6470 -6.6627 2.7000 -1.6356 -2.9845 0.5859 -1.8929 -2.7288 0.7717 -0.5958 -1.8726 
39.5096 29.1359 -7.0471 -6.9682 2.7022 -1.8377 -3.5688 0.1086 -2.1571 -3.1343 0.2865 -0.9290 -2.1700 
38.5782 27.4830 -8.4668 -7.2517 2.3698 -3.2133 -4.7941 -0.4451 -3.2760 -4.8678 -0.7201 -1.1649 -2.7412 
38.4853 27.9149 -7.1558 -5.8410 3.3207 -2.5617 -4.2783 0.0437 -2.3897 -3.5597 0.1953 -0.9984 -2.5500 
37.9317 27.9356 -6.6294 -6.4074 2.4102 -2.2643 -3.5306 0.0292 -2.6917 -3.5986 0.1540 -0.9497 -2.2103 
37.6332 27.2705 -7.2667 -6.3549 2.5500 -3.0538 -4.8337 -0.7836 -3.0011 -3.7247 0.2524 -1.0715 -3.1690 
37.8393 28.5413 -5.3851 -5.6718 2.9990 -1.5173 -3.6105 -0.6912 -2.5545 -2.4446 1.2525 -0.5999 -2.7754 
36.7386 27.9807 -4.7140 -5.4281 2.2414 -2.4722 -4.2538 -1.0102 -2.7270 -2.7763 0.8494 -0.8175 -3.1306 
35.1751 26.2108 -5.0825 -4.4810 2.8439 -2.9421 -4.6580 -0.8010 -2.5939 -2.9025 0.8932 -0.5539 -2.9947 
34.0846 25.7509 -4.4278 -4.3264 2.7203 -2.7861 -4.9538 -1.1934 -2.0369 -2.3857 0.2102 -1.3538 -2.9707 
33.4944 24.5677 -5.5490 -4.5388 2.4978 -4.0594 -6.4176 -1.9006 -2.4581 -3.0872 -0.6537 -2.1615 -3.6147 
32.6748 24.9117 -3.6904 -3.6311 2.7931 -2.7776 -4.9443 -1.2677 -2.1353 -2.8370 -0.4822 -1.3658 -2.2733 
31.4250 23.9572 -3.4912 -3.0833 3.5782 -1.8917 -4.5405 -0.9542 -1.2222 -1.9186 -0.2315 -1.3614 -2.1360 
29.6988 22.5630 -3.2399 -2.5431 3.4588 -2.2241 -4.3709 -0.3925 -1.1297 -2.5958 -0.6943 -0.9868 -1.8654 
28.1141 21.5022 -2.6498 -2.1963 2.6282 -3.0441 -4.2102 0.1299 -0.9739 -2.3315 0.2199 -0.1209 -1.7877 
26.5302 19.9709 -3.0660 -2.4511 1.9383 -3.7474 -4.6871 -0.4516 -1.6071 -2.5675 0.3878 0.1731 -1.3805 
25.2423 18.7263 -3.4298 -2.5606 1.8159 -3.7410 -4.5076 -0.0790 -1.1701 -2.3081 0.5575 0.3038 -1.6185 
24.4879 18.2005 -2.9581 -1.8794 1.9143 -3.5333 -3.4329 0.9052 -1.2158 -2.6090 0.8178 0.7991 -1.2521 
22.8122 16.4095 -3.6921 -1.8126 2.5925 -2.6771 -3.0751 0.7954 -1.3248 -2.8057 0.2871 0.2057 -1.5485 
22.9877 16.9633 -2.9683 -1.6188 2.3907 -2.7960 -3.3698 0.1213 -1.7702 -2.6043 0.7192 0.4293 -1.5000 
22.9160 16.5274 -3.6187 -1.8612 2.2120 -3.4400 -3.9847 0.0201 -1.7650 -2.8273 0.5439 0.4811 -1.4101 
22.5238 15.9447 -4.0731 -1.9258 2.4717 -3.0328 -3.4194 0.6316 -1.4490 -2.9216 0.2443 0.0920 -1.9161 
21.1844 14.8093 -4.2379 -1.9562 2.7663 -2.1775 -2.7664 0.9708 -0.7739 -2.2735 0.1304 -0.3963 -2.1799 
20.1641 13.3685 -5.4293 -2.6523 2.2854 -2.6092 -2.6738 1.7466 -0.0388 -2.1156 0.0417 -0.2624 -1.7574 
20.6837 14.2245 -4.4976 -2.0536 2.3479 -2.9730 -3.5320 0.4699 -0.9107 -2.0392 0.2798 -0.6987 -2.5274 
21.1959 14.3047 -5.3505 -2.8726 2.1703 -2.7425 -3.2188 0.5521 -1.3897 -2.8266 -0.1489 -0.7064 -2.5970 
21.3908 14.3651 -5.5312 -2.9156 2.4042 -2.2614 -2.4324 1.4515 -0.8481 -2.8015 -0.3055 -0.6436 -2.2141 
21.1481 14.0526 -5.6211 -2.3974 3.5624 -1.2026 -2.1064 1.3316 -0.9199 -2.7525 -0.1028 -0.2566 -1.7903 
20.9239 14.1342 -5.2880 -2.8462 2.3900 -1.9147 -1.9729 1.5789 -1.0485 -3.1791 -0.7306 -0.8677 -2.0115 
21.3232 14.3051 -5.5467 -2.8595 2.6676 -1.8480 -2.2544 1.1652 -1.3242 -3.0986 -0.4471 -0.7797 -2.0843 
20.4547 13.7143 -5.2306 -2.4731 2.7556 -1.8533 -2.2374 1.2970 -1.1695 -3.2752 -0.8100 -0.7860 -1.9173 
20.3164 13.3289 -5.6190 -2.4732 2.6750 -2.4551 -2.9487 0.8067 -1.5297 -3.4209 -0.7669 -0.9244 -2.2790 
19.6959 13.0252 -5.5763 -3.0592 2.1596 -2.1889 -2.7090 0.7854 -1.2118 -3.1796 -1.0014 -0.8817 -1.9126 
18.9015 11.9858 -6.1360 -2.9355 2.4496 -2.0723 -2.6195 0.5200 -2.1053 -3.8450 -0.8655 -0.6988 -1.8914 
20.0292 13.6507 -4.5107 -1.6864 3.1768 -1.7585 -2.3540 1.2228 -0.9898 -2.9095 -0.3782 -0.3942 -1.6117 
19.3873 12.7070 -5.4497 -2.3496 3.0096 -1.6566 -2.3736 1.1164 -0.8491 -2.3992 0.2993 0.0650 -1.6850 
19.1156 12.4683 -5.3601 -2.1275 2.8953 -2.2288 -3.0127 0.7989 -0.8443 -2.3921 0.0949 -0.1695 -1.8561 
19.3148 12.6669 -5.2781 -2.0453 3.1277 -1.7719 -2.6880 0.4034 -1.7904 -3.0569 -0.0396 -0.0800 -1.4600 
18.4150 11.8789 -5.4559 -2.2448 2.8569 -1.8903 -2.6887 0.7213 -1.1235 -2.7265 -0.3033 -0.3267 -1.6004 
19.0594 12.3844 -5.6180 -2.6897 2.4910 -1.8279 -2.0531 1.3012 -1.2309 -3.0819 -0.3027 -0.3367 -2.1197 
18.1226 12.0070 -4.6909 -1.7983 2.8354 -1.6035 -2.0578 0.8481 -1.6232 -2.9427 0.0677 -0.2602 -2.3104 
18.1366 12.2244 -4.2411 -1.5435 2.5534 -2.3146 -2.5515 1.2418 -0.7036 -2.5574 -0.0628 0.0685 -1.5815 
17.1157 10.9994 -4.8975 -1.6143 2.8206 -1.8211 -2.0272 1.2197 -1.3048 -2.7828 0.3810 0.1443 -2.1720 
18.1292 12.1532 -4.3176 -1.3957 2.9438 -1.9858 -2.5740 0.9698 -0.7816 -2.2709 0.1473 -0.0886 -1.6665 
18.1581 12.0186 -4.6785 -1.5161 3.4585 -1.1345 -1.9881 1.0484 -1.1709 -2.9835 -0.5904 -0.6622 -2.0352 
17.7173 11.8438 -4.1359 -0.9706 3.4194 -1.4270 -2.1124 0.9664 -1.1494 -2.4646 0.2949 0.1171 -1.4202 
18.0660 11.9311 -4.5788 -1.2487 3.5075 -1.4967 -2.3014 1.3370 -0.3911 -2.3070 -0.2491 -0.3094 -1.5585 
17.8961 12.0759 -4.0929 -1.0602 3.5792 -1.2009 -2.2226 0.9677 -0.7257 -2.4090 -0.3753 -0.4792 -1.6605 
24.9541 17.1524 -6.8967 -4.9598 4.1682 1.5035 -2.4611 -2.7440 -4.1509 -3.2972 -0.4383 -1.1444 -1.3651 
29.4177 20.7468 -7.1056 -5.3511 4.7720 1.6702 -2.6794 -2.7591 -4.4239 -3.7569 -0.4635 -0.9224 -1.2598 
32.1767 23.1438 -7.0801 -5.7179 5.3930 2.6696 -2.1069 -2.6492 -4.5838 -3.9390 -0.4211 -0.7912 -1.3213 
32.9937 23.3526 -7.6108 -5.3932 5.7308 1.7138 -3.1967 -2.8757 -4.9379 -4.8994 -1.1476 -0.9668 -1.4257 
33.3658 23.6363 -7.0148 -3.8890 6.7429 1.4101 -3.2927 -2.0518 -4.2992 -4.5030 -0.2209 -0.2241 -1.7870 
34.8837 23.7973 -9.2011 -5.0993 6.9780 0.7884 -4.8606 -3.1409 -5.3032 -6.2083 -1.7315 -0.8355 -2.3557 
38.0727 27.0996 -8.0681 -5.2688 6.5153 1.0478 -3.2304 -1.0069 -3.8484 -5.3126 -0.9744 -0.1180 -1.1467 
39.7424 27.8701 -9.7019 -6.7626 7.0909 2.5607 -2.8512 -2.0319 -4.8602 -5.2314 -0.3355 -0.0698 -1.6480 
40.8186 27.8384 -11.3246 -7.4404 7.1987 2.1726 -2.9293 -1.4444 -4.7271 -5.4079 -0.1589 -0.3156 -2.5038 
41.3038 27.8286 -11.9607 -7.3528 7.8192 2.0328 -3.7011 -1.7267 -4.4168 -5.1944 -0.1865 -0.3006 -2.4882 
42.2148 28.2953 -12.4589 -7.4733 8.2086 2.0479 -3.9758 -1.8248 -4.6270 -5.5184 -0.0652 -0.0689 -2.9140 
42.5739 28.5903 -12.3085 -7.0886 8.6961 2.4720 -3.4529 -1.3386 -4.4213 -5.3591 0.1823 0.0172 -2.8743 
41.7624 27.9956 -12.2008 -7.0573 8.5666 2.5190 -3.5110 -1.6732 -4.5776 -5.3098 -0.0157 -0.2645 -2.8531 
40.1133 27.4775 -10.8073 -6.7005 8.0825 2.9762 -2.9225 -1.8834 -4.6281 -4.9876 -0.0423 -0.3424 -2.6837 
38.6363 27.0357 -9.6534 -6.6906 7.4029 3.3385 -2.4584 -2.1516 -4.5728 -4.5025 -0.0233 -0.5646 -2.6943 
37.9097 26.9970 -8.4343 -5.8869 7.1428 2.9347 -2.3741 -1.8079 -4.4726 -4.8741 -0.2913 -0.0566 -2.0300 
37.5353 25.9093 -9.6996 -6.2669 6.8504 2.0598 -3.1236 -2.4792 -5.3370 -5.1577 -0.3081 -0.9866 -2.9625 
37.9639 26.0310 -10.5542 -6.8828 8.1382 4.0271 -2.7162 -2.6058 -4.2223 -3.9730 -0.1253 -0.6742 -2.2722 
34.3636 23.9877 -8.6183 -5.6472 7.2658 3.5194 -2.3116 -2.5551 -4.6327 -4.4283 -0.6520 -1.1290 -2.4630 
33.0825 23.6411 -7.0898 -4.6295 6.9363 3.0717 -2.3586 -2.6643 -4.9796 -4.8419 -0.8087 -0.8101 -2.1813 
30.5959 21.2820 -7.8112 -5.3949 5.5786 2.3941 -1.8209 -1.8234 -4.4384 -4.3936 -0.4906 -0.9811 -2.6884 
30.2617 21.4082 -6.9603 -4.6207 6.2842 3.2176 -1.4724 -2.0673 -4.5017 -4.1200 -0.4374 -1.0785 -2.3988 
28.7459 20.3408 -6.4213 -4.1257 5.7635 2.6834 -1.1356 -1.5130 -4.5007 -4.3470 -0.4036 -1.0477 -2.7592 
27.5184 19.1881 -6.5846 -3.9243 5.7234 2.3580 -1.3709 -1.3944 -4.3616 -4.3989 -0.0274 -0.0735 -2.1835 
26.4689 18.4361 -6.0916 -3.2841 5.5795 2.0645 -1.2818 -1.5311 -4.7031 -4.4015 -0.3638 -1.0644 -2.4796 
25.7996 17.9072 -6.1561 -3.4358 5.2344 1.3799 -2.2282 -1.8370 -4.1226 -3.7426 0.1671 -0.7688 -3.1775 
24.1379 16.3442 -6.8631 -4.4003 4.4089 1.6442 -1.3744 -1.1057 -3.4360 -3.3368 0.0268 -0.7267 -2.4549 
23.3028 15.3360 -7.2065 -4.1843 4.1206 0.7360 -1.7123 -0.8739 -3.9775 -4.6894 -0.8383 -0.8185 -2.6924 
22.6617 15.3651 -5.8987 -3.0469 4.4106 0.7326 -1.7065 -0.8106 -3.4389 -3.6138 0.0844 -0.3589 -2.0958 
22.3553 14.4539 -6.9900 -3.3192 4.3299 0.0868 -1.9956 -0.3011 -3.4071 -4.5941 -0.7742 -0.6362 -2.8265 
21.6371 14.3808 -6.0464 -2.9042 4.1444 0.0967 -1.9357 -0.2934 -3.0656 -4.1416 -0.5552 -0.2723 -2.0032 
20.7828 13.6248 -5.9929 -2.7256 3.7259 -0.5035 -2.0517 -0.2380 -3.2103 -4.1060 -0.2068 0.0530 -1.6447 
20.6186 13.4127 -6.1357 -2.5865 4.2476 -0.1206 -2.1469 -0.1292 -2.3810 -3.1237 0.4740 0.6873 -1.0445 
20.9927 13.9282 -5.6093 -2.1484 4.2985 -0.5060 -2.6438 -0.3960 -2.3323 -3.1690 -0.2394 -0.4534 -1.8431 
20.2938 13.1873 -5.9440 -2.4211 3.8347 -0.8763 -2.4762 0.2716 -1.7322 -3.0922 -0.4320 -0.3449 -1.4981 
24.6058 15.4591 -7.4071 -1.8778 4.6035 -2.8216 -3.3058 1.5680 -2.4594 -5.0662 -0.2243 0.1751 -2.7810 
25.9727 14.9443 -8.9994 0.1977 7.2765 -3.0019 -2.7971 4.0326 -1.3901 -5.0666 0.8583 1.1336 -2.6503 
27.5800 14.1212 -12.7362 -1.2793 7.1550 -4.7449 -4.1951 4.1709 -1.7470 -5.5788 1.5845 1.8256 -2.5237 
28.6644 14.5848 -13.3826 -1.4392 7.3210 -4.7818 -3.8467 4.5278 -2.2191 -6.0926 1.5783 1.3823 -3.4328 
29.0428 14.1456 -14.5529 -1.3682 8.2684 -4.5065 -3.9173 4.8047 -2.1800 -6.5231 1.2988 1.3530 -3.5009 
29.9140 14.5131 -15.2674 -1.7693 8.6090 -4.0866 -3.5970 5.2188 -1.6991 -5.9325 1.9719 1.7446 -3.4721 
30.1012 14.7470 -14.9267 -1.4418 8.2528 -5.1000 -4.4238 4.7553 -2.0989 -5.9604 2.4645 2.1612 -3.3633 
30.5687 14.6418 -15.7345 -1.3118 9.5163 -4.0606 -4.1257 4.9735 -1.6860 -5.9517 1.7443 1.4537 -3.4041 
31.1824 15.2514 -15.4793 -1.2343 9.1812 -4.7718 -4.3280 5.6922 -0.8251 -5.3985 2.4835 2.4603 -2.5941 
31.4045 15.0348 -16.5996 -2.3032 9.2265 -4.1527 -4.4997 4.6986 -1.5906 -5.6373 2.2619 1.9832 -3.2001 
31.9208 15.5749 -16.4205 -2.3597 9.2092 -3.8999 -4.2032 4.6509 -1.6667 -5.3013 2.5676 1.9995 -2.7470 
31.8286 15.5749 -16.4088 -2.6306 8.9031 -3.9470 -4.2403 4.3580 -2.0948 -5.7075 2.0839 1.1962 -3.7874 
31.2392 14.6258 -17.5341 -3.5046 8.6179 -4.2590 -5.0960 3.4898 -2.8843 -7.0581 0.7502 0.9580 -3.6327 
32.7600 16.4095 -16.8638 -3.6220 9.1590 -3.0086 -4.2171 4.3900 -1.2726 -5.6325 1.5193 1.9090 -2.4091 
32.7529 17.7571 -14.7733 -3.4862 8.5598 -2.4622 -4.0784 3.4313 -1.4665 -4.8782 1.8821 1.9373 -2.4152 
36.4882 23.2052 -10.4357 -1.6350 9.6909 -0.7885 -3.7438 1.9247 -2.6521 -5.4581 0.3831 0.0389 -3.1357 
41.0706 26.9413 -12.1960 -6.3347 6.4188 -1.8532 -5.0661 -0.4301 -4.3688 -6.2914 -1.0778 -1.9368 -4.1742 
43.0787 28.9612 -11.2790 -5.5150 7.3697 -0.9317 -3.9971 0.6003 -3.4337 -4.8658 0.7361 -0.4652 -2.8502 
41.4102 28.2248 -10.3004 -5.5157 6.3515 -1.4215 -4.1565 0.3298 -3.5485 -5.1780 0.1370 -0.5846 -2.5924 
41.3600 28.8455 -9.3330 -5.7809 5.5030 -1.0696 -2.9519 0.8325 -3.9179 -5.4572 0.4801 0.0619 -2.2044 
38.9147 27.2880 -8.5425 -5.4564 4.8088 -1.6024 -3.2660 0.6699 -4.0339 -6.4589 -1.0678 -0.4687 -2.1365 
37.6685 26.3673 -8.5272 -5.6662 4.7356 -0.8374 -2.6284 0.5849 -3.8046 -5.7311 -1.0302 -1.1026 -2.2567 
34.3999 23.9083 -7.9595 -4.9291 4.7090 -0.5616 -2.0937 0.9866 -3.2719 -5.2596 -0.9211 -1.0042 -2.1160 
31.6158 22.0398 -7.3912 -4.9732 3.9049 -0.7009 -2.1446 0.7937 -2.7166 -4.4936 -0.6252 -0.4527 -1.5668 
31.4710 22.3081 -6.3774 -3.9101 4.3441 -0.8930 -2.5390 0.5269 -2.9550 -4.9347 -1.1422 -0.7522 -1.5422 
30.0661 20.8844 -6.3289 -3.0193 4.3648 -1.5160 -2.5942 0.2583 -4.1140 -5.7285 -1.2796 -1.0940 -1.5845 
28.6376 19.9651 -6.1221 -3.3562 3.8400 -1.2247 -2.0801 0.6338 -3.4164 -4.9721 -0.7125 -0.2726 -0.7884 
27.9943 19.7907 -5.6512 -3.2987 3.8221 -0.9793 -1.7519 1.5273 -2.3591 -4.9986 -1.1785 -0.3537 -1.6933 
36.6540 22.7018 -12.8189 -6.0738 4.5797 -4.1388 -4.1862 2.9768 -2.1814 -6.2327 -0.9064 -0.5835 -2.8627 
35.7044 21.8374 -12.5515 -4.8050 5.8884 -3.7814 -4.5892 3.0209 -1.1780 -4.9542 0.2311 0.7266 -1.4727 
35.7125 19.9971 -15.4541 -4.9370 7.2081 -3.8131 -4.5539 4.0082 -1.1756 -5.8888 -0.1468 0.2448 -2.6175 
34.9359 18.7107 -16.4335 -5.1475 6.5952 -5.2951 -5.5974 3.5221 -2.2640 -7.1023 -0.3673 0.2614 -3.3612 
34.3596 18.3501 -15.6964 -3.4790 8.3687 -3.9022 -4.3786 4.9164 -0.5754 -5.4119 0.7598 0.7405 -3.0375 
32.5538 16.4974 -16.6201 -4.1273 7.9979 -4.3858 -5.6201 3.7107 -1.0130 -5.9032 -0.0022 0.5400 -2.9557 
33.7004 17.5621 -16.2242 -3.5683 8.8916 -3.4326 -4.6428 4.6022 -0.1454 -4.6903 1.3021 1.3032 -2.5536 
31.6207 15.6030 -16.4141 -2.9350 9.2377 -3.6750 -5.1787 4.1551 -0.4766 -5.0539 1.0750 1.3789 -2.4586 
31.5759 15.7549 -16.3525 -3.6653 8.2447 -3.8411 -4.6109 4.6048 -0.3973 -5.0336 1.2454 1.5964 -2.4492 
31.1695 15.7058 -15.5694 -2.6308 9.1629 -3.0922 -4.2136 4.6208 -0.5219 -5.2458 0.8219 1.0437 -2.9147 
31.2069 15.9417 -15.2358 -2.7772 8.5395 -3.3863 -3.9392 4.6877 -0.9006 -5.2548 1.4621 1.6676 -2.4909 
30.6227 15.8533 -14.6551 -2.7279 8.2870 -3.4405 -4.2692 4.2805 -0.7685 -5.1790 1.0674 1.5827 -2.3047 
29.9957 15.6010 -13.9866 -2.0209 8.4402 -3.8284 -4.8801 4.0965 -0.3035 -4.8406 0.7040 1.0076 -2.5324 
28.8146 14.2275 -14.9773 -2.7916 8.1684 -3.7619 -5.1350 3.7722 -0.0895 -4.7235 -0.0731 -0.0398 -3.0323 
28.5229 15.0192 -13.7425 -3.7057 6.5305 -3.9607 -5.1762 3.0041 -0.4115 -4.5948 0.0224 0.7216 -1.9698 
25.8317 14.5100 -10.6238 -2.3006 6.0259 -3.4713 -4.5984 2.4322 -0.7521 -4.4473 -0.2654 0.5023 -1.6350 
24.8155 14.9505 -8.3142 -1.1828 6.2276 -2.6117 -3.8827 2.6352 -0.2763 -4.2444 -0.7795 0.0514 -2.2596 
23.5334 14.1629 -8.1784 -1.8098 5.3311 -2.7052 -3.9606 2.0899 -0.6269 -4.5672 -1.4065 -0.1517 -1.8888 
22.9146 13.8532 -8.0848 -2.2825 4.8220 -2.4894 -3.5951 2.2685 -0.0863 -3.5960 -0.3903 0.6930 -1.6104 
22.6174 13.8357 -7.7382 -2.1536 4.8699 -2.5634 -4.2262 1.6660 0.0556 -3.5132 -1.0892 0.0543 -1.4914 
22.4423 13.6591 -7.9297 -2.5206 4.6418 -2.3063 -3.9112 1.4695 -0.2853 -3.3023 -0.4020 0.7744 -0.8524 
23.0454 14.8257 -6.6434 -2.1135 4.1337 -2.5745 -3.3407 2.2215 -0.0129 -3.4001 -0.7475 -0.0451 -1.9307 
25.9579 14.3475 -10.8581 -1.8115 6.7183 -3.3257 -4.4607 2.9321 -0.5877 -4.6800 -0.1220 0.6697 -2.5750 
28.0990 14.0811 -13.8174 -1.8503 7.7988 -4.4020 -4.8826 4.1862 -0.3988 -4.9178 0.8767 1.5141 -2.0823 
29.9581 14.8860 -14.7460 -1.2672 9.7312 -3.1760 -4.2499 4.5418 -0.6914 -4.9868 1.4906 1.5706 -2.7311 
30.4568 15.3129 -14.5224 -0.8590 9.8878 -3.5771 -4.5246 4.6577 -0.7721 -5.1514 1.8255 1.9403 -2.9180 
29.1537 13.2099 -16.5128 -2.0465 8.9456 -4.6971 -5.2562 4.3364 -1.0979 -5.3155 1.6845 1.4273 -3.1423 
29.7972 14.0088 -15.4174 -0.2803 10.3934 -4.2991 -5.1154 4.6060 -1.4849 -6.3741 0.8474 0.8105 -4.1700 
31.3733 15.2951 -15.7068 -0.9448 10.3742 -4.0238 -5.0296 4.9739 -0.3558 -5.0022 1.7799 1.4892 -3.2527 
31.1678 14.8661 -16.6111 -2.0558 10.0464 -3.5878 -5.0376 4.0719 -1.6145 -6.2066 0.9648 1.2197 -3.4725 
31.8158 15.8095 -15.8531 -1.8622 9.9220 -3.2718 -4.2166 4.7522 -1.1411 -5.5860 1.4189 1.2559 -3.2737 
32.5146 16.5873 -15.7804 -2.4747 9.4090 -3.5357 -4.9774 3.5293 -1.9297 -5.7368 1.4457 1.3210 -3.1432 
31.2642 15.5891 -16.2761 -3.6105 8.5708 -3.5694 -5.4397 2.8871 -1.6840 -5.5520 0.8310 0.9815 -3.0890 
30.5308 15.9162 -15.2821 -4.7192 6.9572 -3.1867 -4.8191 1.9780 -2.6987 -5.8760 0.1753 -0.1128 -3.8804 
31.0464 18.4985 -10.7784 -1.5509 8.4365 -1.7923 -3.5427 3.0021 -1.4460 -4.9381 0.5369 0.5974 -2.9345 
35.7852 23.4388 -9.3733 -2.2502 7.9181 -1.9912 -4.7132 1.1412 -2.3589 -4.9902 -0.3772 -1.2140 -3.8486 
40.1459 27.4830 -9.3400 -4.4315 6.2442 -1.9459 -4.0329 0.6807 -3.5028 -5.0814 0.2313 -1.0265 -3.2592 
38.1452 26.2433 -8.5065 -3.5793 6.5732 -2.0393 -4.9086 0.1019 -2.8818 -4.7601 -0.3879 -0.9459 -2.3485 
38.0670 26.1630 -8.6532 -3.9285 6.3397 -1.6718 -4.2509 0.2208 -3.1972 -4.6694 -0.0331 -1.1201 -2.6802 
37.0191 25.8913 -7.9126 -4.3414 5.4155 -1.3616 -3.5135 0.0198 -3.9479 -5.1468 -0.0633 -1.0579 -3.0511 
36.1207 25.8055 -6.8452 -3.9475 5.4890 -0.9032 -3.5941 -0.3469 -3.4244 -4.6755 -0.5974 -1.1306 -2.0095 
34.0223 24.1036 -6.7808 -3.8323 5.1999 -0.6104 -2.7194 0.1396 -3.7297 -5.3851 -1.0756 -1.0793 -1.8617 
29.7658 21.4712 -5.2069 -2.9984 4.4557 -0.8209 -2.6980 0.2069 -2.7519 -4.5045 -1.0626 -0.6952 -1.3088 
28.3499 19.7253 -5.9106 -2.6345 4.4970 -1.4083 -2.5865 0.9648 -2.7887 -5.1956 -1.1287 -0.2534 -1.3981 
26.7010 19.1230 -4.7166 -2.2189 4.5753 -0.5805 -2.4334 0.1868 -2.9008 -4.9796 -1.7106 -0.8584 -1.4253 
25.4008 18.1242 -4.6289 -2.3299 3.9439 -1.0118 -2.6696 -0.3616 -3.4593 -4.8822 -1.2350 -0.8291 -1.6128 
26.8910 18.9631 -5.5602 -3.5971 2.6949 -1.9400 -1.9216 1.7069 -2.3241 -5.1989 -1.6058 -0.8363 -1.8707 
36.6513 21.9919 -14.2276 -6.8551 4.6359 -3.8670 -3.8085 3.4016 -1.7191 -5.2066 0.4891 -0.0449 -3.1838 
35.4445 21.9346 -12.2125 -5.3043 5.0041 -3.6800 -3.6808 3.4064 -1.5352 -5.0923 0.5514 0.5611 -2.4664 
35.0531 19.9882 -14.5413 -4.6182 7.1021 -3.5121 -4.3345 3.9813 -0.6042 -4.8154 0.5191 0.4182 -2.5683 
34.6092 18.8188 -15.7363 -4.4491 7.8835 -3.1898 -3.7373 4.8197 -0.9540 -5.8471 0.6818 1.3120 -2.7294 
33.8256 17.4972 -16.7868 -4.3215 8.6227 -2.9450 -3.9970 4.4983 -1.1452 -5.7366 0.9331 1.3059 -2.6795 
32.7684 16.7032 -16.8040 -4.7614 7.6947 -3.4856 -4.0944 4.4846 -0.9990 -5.6758 0.3304 0.2695 -3.5500 
32.6375 16.4949 -16.7587 -4.0047 8.8525 -2.9358 -4.5044 3.8380 -1.3035 -5.7623 0.5084 1.0519 -2.4672 
31.5283 15.5507 -17.0224 -4.5619 8.1370 -3.1188 -4.4505 3.8640 -0.7236 -4.7192 0.9822 0.8532 -2.4344 
32.1504 16.4878 -16.0039 -3.5471 9.0136 -2.4997 -4.0053 4.2268 -0.7373 -5.2749 0.4052 0.6012 -2.8621 
30.4949 15.1003 -15.9176 -3.1159 9.0135 -3.0123 -4.8311 3.7277 -0.6645 -5.2895 0.1942 0.9535 -1.9543 
30.2504 15.2783 -15.2129 -2.8609 8.7476 -3.1578 -4.7971 3.8195 -0.2666 -4.6682 0.5892 1.0967 -1.9157 
28.8598 14.5808 -14.6366 -3.0002 8.2190 -3.0791 -5.0436 2.8486 -0.9458 -5.0594 -0.2106 0.0251 -3.0804 
27.7854 14.7077 -12.9462 -2.6803 7.3207 -3.3348 -4.8588 3.0437 -0.2284 -4.1948 0.2402 0.5318 -2.3429 
27.0108 15.2567 -11.3060 -2.9460 6.6525 -2.1222 -3.7363 2.6000 -0.5896 -3.8602 0.4381 0.7120 -2.1860 
25.3014 14.9643 -9.1881 -2.1356 5.4117 -3.2274 -4.1887 2.0716 -1.1912 -4.5716 -0.5574 -0.2380 -3.0278 
24.7787 15.0416 -8.4909 -2.1141 5.3399 -2.9119 -4.3527 1.8309 -0.6254 -4.1946 -0.8549 0.0775 -2.1559 
23.6587 14.5571 -7.7842 -1.8192 5.3700 -2.4892 -4.0594 2.0354 -0.0252 -3.7378 -0.6975 0.6416 -1.5259 
24.0631 15.1359 -7.4865 -2.1048 4.9161 -2.5979 -4.0030 2.0850 0.3343 -3.2647 -0.9394 -0.1840 -1.7030 
24.8441 16.5755 -6.1774 -2.1605 3.9516 -2.9891 -3.8282 1.7400 -0.6357 -4.0633 -1.2826 -0.5494 -2.5518 
25.2498 15.8271 -7.6989 -1.6458 5.6532 -2.3637 -3.5992 2.5914 0.1317 -3.5262 -0.4916 0.1629 -2.0689 
27.8019 15.8281 -10.5737 -0.8720 8.1924 -2.5415 -3.8593 4.1963 0.6738 -4.2138 -0.1993 0.6732 -2.1695 
29.8009 15.6921 -13.5449 -1.9739 8.0743 -3.8758 -4.3792 4.6614 -0.1181 -5.0646 0.4037 1.0195 -2.3276 
31.0366 15.8053 -14.6233 -1.4317 8.9352 -4.5814 -5.1168 4.4223 -1.0441 -5.5428 1.6035 2.1894 -2.4205 
30.1751 14.5385 -15.6767 -1.8372 9.0405 -4.3898 -4.9963 4.5323 -0.7372 -5.0120 1.7396 1.4719 -3.2980 
31.5262 15.7297 -15.3389 -1.1047 10.3303 -3.5714 -4.7382 4.9838 -0.2254 -5.0037 1.6229 1.8438 -2.6257 
32.4213 16.0693 -15.8268 -0.8303 11.0441 -3.4939 -5.0287 4.6840 -0.4303 -4.5472 2.4115 1.7839 -3.1957 
31.4233 14.9753 -16.4829 -1.6440 9.8409 -4.2936 -4.6882 5.6561 0.0536 -4.9024 1.8687 1.8259 -2.5904 
31.2316 14.5357 -16.6488 -0.8242 10.9215 -4.0134 -4.8990 5.5632 -0.1466 -5.3335 1.5224 1.4314 -3.4007 
31.1861 14.6294 -16.5739 -1.0895 10.7309 -3.8267 -4.6979 5.6616 0.0436 -5.1320 1.7934 2.1032 -2.3832 
32.5318 15.7916 -16.8203 -2.0149 10.1781 -3.9301 -5.1811 4.4554 -1.1616 -5.8436 1.1296 1.2761 -2.9784 
32.2820 15.6491 -17.3012 -3.6285 8.5833 -4.0839 -4.7384 4.0266 -2.2226 -6.6314 0.7183 1.1148 -2.7348 
31.4664 16.2041 -15.2313 -3.0747 8.0728 -3.8647 -4.6805 3.4012 -2.2181 -6.0134 0.8397 0.7215 -3.3569 
33.3910 20.9269 -9.5763 -0.9803 7.8814 -3.2643 -4.4609 2.6750 -2.0329 -5.2696 0.9044 0.9630 -2.7025 
40.7833 27.3014 -10.2016 -3.9013 7.0326 -2.7530 -4.8201 1.5919 -2.3649 -4.8974 0.5482 -0.1732 -2.9893 
41.5157 28.2372 -10.0962 -5.1351 5.5809 -3.2804 -4.9849 1.0993 -2.6828 -4.6864 0.8613 0.0393 -2.7917 
40.4476 27.3973 -9.8384 -4.3556 6.3758 -3.0910 -5.6907 0.5884 -2.0569 -3.8102 1.1025 0.2056 -2.4425 
39.4141 26.5094 -10.4057 -5.6861 5.0185 -3.3910 -5.7345 -0.1180 -2.8902 -4.2666 0.6794 -0.3734 -2.9439 
38.9146 26.1688 -10.5163 -6.3680 4.0666 -3.6648 -5.4560 -0.0752 -3.2256 -4.7457 0.1431 -0.7414 -3.0234 
38.3484 26.8767 -8.4066 -5.1907 4.9122 -2.2160 -4.7423 0.0447 -2.1100 -3.2603 0.9338 0.0471 -2.1202 
37.2904 26.6390 -7.2526 -4.7304 4.5219 -2.3524 -4.9428 -0.5435 -2.1699 -2.6160 1.3145 -0.1333 -2.4297 
37.1090 26.4084 -7.8993 -5.7377 4.4165 -1.6288 -4.8226 -0.8880 -2.1330 -2.7785 0.5632 -0.7866 -2.8172 
34.4731 24.5732 -6.8975 -4.4324 4.6110 -1.6639 -4.4181 -0.3800 -1.8931 -2.7054 0.8110 -0.4554 -2.8417 
32.3586 23.0600 -6.3240 -3.8883 4.2474 -1.8734 -3.9304 0.3536 -1.3294 -2.5422 0.5586 -0.7931 -3.0652 
31.0870 21.5232 -6.6814 -3.1340 4.1926 -3.1120 -4.5001 0.5433 -1.8711 -3.2819 0.9134 -0.1511 -3.2894 
30.9669 21.2967 -6.9315 -3.2438 4.2379 -3.0821 -4.6523 0.2368 -2.1335 -3.4464 0.6967 -0.4387 -3.5691 
29.2157 20.1945 -6.1979 -2.5567 4.4263 -2.6530 -4.2242 0.3658 -1.7785 -2.7435 1.3767 0.3058 -2.5877 
36.2627 26.1038 -7.9034 -6.9465 3.8613 -0.2392 -3.9340 -1.7115 -2.8268 -2.6858 0.4428 -1.2787 -3.2539 
34.0111 24.0800 -7.8300 -5.9994 4.2728 -0.4697 -4.2278 -1.7977 -2.7814 -2.6353 0.4176 -1.3225 -3.1123 
33.0373 23.3652 -7.2271 -4.7719 5.1603 0.1506 -3.6157 -1.4966 -2.4979 -1.7924 1.1322 -1.4466 -3.4130 
32.0290 23.2146 -6.1901 -4.9292 3.8088 -0.7383 -3.7430 -1.4623 -2.9850 -3.1940 -0.1293 -1.4639 -3.3545 
29.7165 21.5215 -5.3338 -3.6220 3.9619 -0.9734 -3.2746 -0.5140 -2.1146 -2.3399 0.8322 -0.6789 -2.9000 
29.8094 22.0159 -4.4010 -2.8968 4.1975 -0.9860 -3.3354 -0.6039 -2.3495 -2.8705 0.0874 -1.4485 -3.7605 
29.8032 21.9253 -4.5123 -2.7608 4.6389 -0.5143 -3.2719 -1.0742 -2.8355 -2.9169 0.2142 -1.3835 -3.4819 
28.7536 20.8882 -4.6484 -2.2765 5.1153 -0.5480 -3.6613 -1.1016 -2.2955 -2.3698 0.6200 -0.6724 -2.6189 
28.4186 20.5289 -4.9572 -2.7241 4.6975 -0.7372 -3.6448 -1.1847 -3.1976 -4.1964 -0.8317 -0.9903 -2.9456 
28.3395 19.9813 -5.4598 -2.2313 5.3950 -0.1770 -2.3470 0.2906 -2.5755 -3.6835 0.0828 -0.3561 -2.4053 
25.9765 18.4995 -4.4505 -1.3211 5.3590 -0.2294 -2.0296 1.1493 -1.4465 -3.3056 -0.2271 -0.3637 -2.2204 
25.9174 18.3400 -4.5410 -1.1964 5.2339 -0.9732 -3.0338 0.3604 -1.8358 -3.3239 -0.3079 -0.9369 -2.8808 
24.1536 16.7464 -5.1005 -2.0948 4.1476 -1.0425 -2.2208 0.9974 -1.8129 -3.6392 -0.4173 -0.5480 -2.3999 
24.0557 16.3816 -5.5911 -2.2524 4.1871 -1.0744 -2.1995 1.1166 -1.6325 -3.3194 -0.2044 -0.7571 -2.7160 
23.0047 15.5829 -5.2239 -1.5167 4.5481 -1.0360 -2.1284 1.2965 -1.5361 -3.2970 0.0684 -0.2529 -2.4671 
22.4151 14.5966 -6.3501 -2.5191 3.7149 -1.6610 -2.4292 1.1754 -1.5967 -3.1342 0.2983 -0.4156 -2.8951 
21.1819 13.8744 -5.7568 -2.1037 3.6207 -1.5538 -2.1553 1.3318 -1.3427 -2.7026 0.8183 0.3439 -1.9494 
20.3927 13.3056 -5.8647 -2.7374 2.7849 -1.6563 -1.7479 1.5729 -1.4516 -3.3099 -0.2839 -0.7280 -2.6940 
20.1389 13.1562 -5.8532 -2.8666 2.6668 -1.8561 -2.5938 0.2696 -2.2630 -3.2731 0.2088 -0.2201 -2.5227 
19.5404 12.4188 -6.0672 -2.4302 3.0339 -1.9786 -2.5284 1.0012 -1.5004 -3.1840 -0.1797 -0.3783 -2.0297 
18.8401 12.0997 -5.7454 -2.3920 3.2541 -1.1030 -1.7881 1.3972 -0.8766 -2.5616 0.0630 -0.2200 -1.9217 
19.9536 13.5938 -4.3514 -1.2951 3.5645 -1.4393 -2.1141 1.1550 -1.2504 -2.8254 0.1489 0.1350 -1.5083 
18.8558 11.6055 -6.6756 -2.9341 2.7134 -2.2073 -2.8289 0.9458 -1.0766 -2.8119 -0.3496 -0.8923 -2.7224 
19.9031 12.8973 -6.0285 -3.0038 2.6255 -1.8220 -2.3789 1.0291 -1.1266 -2.5980 0.1754 -0.2968 -2.1667 
19.6774 12.3851 -6.2183 -2.0191 4.0486 -1.0345 -1.8710 1.5962 -1.1990 -3.3206 -0.1441 0.0567 -1.8476 
19.5487 12.3111 -6.2647 -2.1920 4.0814 -0.6665 -1.7695 1.1627 -1.5968 -3.4045 -0.2201 0.0050 -1.7288 
20.5314 13.3815 -5.8067 -2.4185 3.1070 -1.7580 -2.1460 1.2979 -1.4385 -3.0925 -0.0200 -0.5345 -2.4767 
20.5681 13.4961 -5.5168 -1.9165 3.5606 -1.8223 -2.6480 1.0901 -1.0114 -2.3520 0.7974 0.2232 -2.0557 
20.3569 13.3871 -5.1994 -1.4025 3.8668 -1.5849 -2.2573 1.1937 -1.5525 -3.1658 0.1119 -0.3045 -2.5626 
20.0209 12.8674 -5.9021 -2.0712 3.7814 -1.2545 -2.0941 1.3932 -0.9822 -2.6314 0.4135 0.1471 -1.9410 
19.8418 12.5697 -6.3943 -2.7822 3.1740 -1.4925 -2.1086 1.4123 -0.8877 -2.5337 0.2061 -0.4542 -2.6248 
19.4660 12.7253 -5.4323 -2.1111 3.4029 -1.0958 -1.5760 1.7241 -0.8072 -2.4883 0.5461 0.2984 -1.9905 
19.5632 12.6295 -5.6307 -1.8668 3.8014 -1.3372 -2.4358 1.0859 -0.8086 -2.5198 -0.2461 -0.7466 -2.2975 
18.9993 12.5813 -4.6670 -1.0815 3.9944 -0.9826 -1.8305 1.1165 -1.4408 -2.9504 -0.0760 -0.3178 -1.7922 
18.4587 12.4333 -4.5677 -2.0898 2.5699 -1.4971 -1.7749 1.1932 -1.1197 -2.5417 0.0443 -0.4673 -2.2842 
17.8176 10.7905 -6.5083 -2.5989 2.8678 -1.8550 -2.2282 1.2598 -1.4242 -3.4008 -0.4239 -0.5381 -2.6435 
19.1832 12.9331 -4.6834 -2.0061 2.7585 -1.9133 -2.4021 1.2842 -0.5365 -2.2450 0.1674 -0.0441 -1.7374 
18.6920 12.5232 -4.4979 -1.6996 2.4751 -2.4423 -2.4663 1.3379 -0.8314 -2.5081 0.0539 -0.3092 -1.8430 
18.3649 11.9561 -5.3004 -2.4690 2.3041 -2.0569 -2.3314 0.7813 -1.5803 -2.7676 0.3864 0.2099 -1.5369 
18.2645 11.9612 -5.2647 -2.6311 2.3010 -1.6661 -1.8034 1.3243 -1.1342 -2.6431 0.4298 0.3756 -1.7421 
17.6024 10.4456 -7.1182 -3.5611 2.1519 -1.7800 -1.9554 1.0673 -1.3852 -2.5537 0.2583 -0.5895 -2.5397 
18.5148 11.6925 -6.0722 -2.7085 3.0351 -0.9709 -1.4219 1.5379 -0.9836 -2.5530 0.2553 0.0872 -1.5062 
18.8815 11.8380 -6.4202 -3.1202 2.5998 -1.6110 -2.5016 -0.2919 -3.0425 -3.6775 0.0398 -0.2600 -2.1973 
19.1898 12.2407 -6.2148 -3.1335 2.6737 -1.2652 -1.7824 1.0251 -1.4713 -2.7235 0.2925 -0.0679 -1.9735 
18.8933 11.6938 -6.4882 -2.5864 3.3719 -1.1222 -1.7115 1.3960 -1.2317 -2.6543 0.6365 0.4744 -1.5773 
18.1104 11.4612 -5.8004 -2.4908 2.8144 -1.3759 -1.7312 1.1590 -1.5434 -2.9321 0.3203 0.2734 -1.5816 
18.4324 11.6709 -5.9257 -2.5422 2.9931 -1.2781 -1.8849 0.9111 -1.7360 -2.9360 0.5322 0.3478 -1.7517 
18.2903 11.4264 -6.4299 -3.2808 2.5800 -1.1485 -1.5401 1.5690 -0.5546 -1.9349 0.6743 0.1689 -1.6665 
18.0670 11.6425 -5.4656 -2.5940 2.3118 -1.7859 -2.0514 0.7963 -1.6291 -2.7738 -0.0026 -0.7114 -2.4380 
18.1811 11.0582 -6.3086 -2.0641 3.4247 -1.3007 -1.5980 1.2666 -1.9033 -3.1784 0.1929 -0.5203 -2.4335 
17.2722 10.0974 -6.8305 -2.5839 2.7809 -1.9359 -2.1793 0.9793 -1.7755 -3.2499 -0.4562 -0.9860 -2.3552 
16.5001 10.1967 -5.3731 -1.7489 2.7566 -1.5643 -1.3105 1.6380 -1.4882 -2.9922 0.2412 0.1117 -1.5909 
16.8789 10.8333 -4.7924 -1.4582 2.9568 -1.5620 -1.8112 1.2288 -1.1853 -2.7723 -0.5584 -1.0667 -1.8927 
16.4266 10.6846 -4.6337 -1.8580 2.3935 -1.7444 -1.8276 1.3738 -1.0274 -2.9661 -0.4633 -0.3358 -1.7943 
17.4854 11.1338 -5.3195 -1.9690 2.9496 -1.4797 -1.9220 1.1413 -1.1669 -2.6913 -0.3602 -0.9712 -2.1753 
16.5042 10.4738 -5.3303 -2.4617 2.5148 -1.0299 -1.4336 1.0687 -1.0048 -1.8812 0.6410 -0.1467 -1.7666 
15.6927 9.9776 -4.5661 -1.4980 2.3270 -1.7259 -1.5464 0.8245 -1.8841 -2.4794 0.2943 -1.0638 -2.8144 
19.1879 11.6633 -7.3589 -3.7259 2.7432 -1.3532 -2.2358 0.5043 -2.1104 -3.5584 -0.1557 0.5892 -0.6631 
17.9478 11.3643 -5.5972 -2.0936 3.1302 -1.2855 -1.7797 1.3158 -0.9199 -2.4079 -0.0483 -0.4578 -1.6389 
17.0943 10.2263 -6.6400 -2.7645 3.2545 -0.8928 -1.9181 1.0587 -0.6719 -1.9174 0.5231 0.1781 -1.4891 
17.3714 10.5980 -6.6074 -3.2126 3.0590 -0.4269 -1.7094 0.2977 -1.7136 -2.6030 -0.2286 -0.8723 -2.3810 
17.5659 10.6209 -6.6832 -3.0736 2.8085 -1.1691 -1.9673 0.6432 -1.5373 -2.4727 0.3534 -0.1172 -1.5377 
17.8411 10.7882 -6.4574 -2.3111 3.5207 -0.7394 -1.0425 1.7810 -1.3262 -2.7876 0.4844 -0.1685 -2.3799 
16.7157 10.9054 -4.7556 -1.8676 3.1618 -0.5737 -1.5578 0.5821 -1.4083 -2.2084 0.4279 -0.0607 -1.8216 
16.7094 11.0713 -4.5581 -2.2235 2.2518 -1.3658 -1.7766 0.6879 -1.4954 -2.5439 0.1780 -0.2149 -2.0128 
17.4807 11.7631 -4.5843 -2.5141 2.1460 -1.4033 -1.8774 0.7410 -1.3269 -2.6196 -0.0669 -0.2440 -1.8840 
16.7940 10.9044 -5.0742 -2.6078 2.0720 -1.6500 -1.9890 0.9137 -1.2330 -2.8163 -0.1820 0.0220 -1.6631 
15.1915 9.8037 -4.6860 -2.4136 1.8735 -1.3385 -1.6516 0.5836 -1.4606 -2.5611 -0.5123 -1.1309 -2.2985 
15.4507 10.2544 -4.3809 -2.5834 1.4854 -1.6504 -1.7285 0.9875 -1.0098 -2.7838 -0.7592 -0.4656 -1.5910 
15.9079 10.3704 -4.3391 -1.5153 2.6184 -1.3263 -1.3596 1.5049 -0.9577 -2.4427 0.4011 0.4981 -1.1351 
16.3639 11.1079 -3.6136 -1.2934 2.1436 -2.0671 -2.0254 0.9415 -1.0810 -1.9570 0.6912 0.0501 -1.5062 
15.7781 10.0776 -4.5189 -1.4121 2.4860 -1.6990 -1.4947 1.3030 -1.4326 -2.5766 0.5583 0.3454 -1.3273 
17.1221 10.9383 -4.7554 -1.1741 2.9961 -1.7102 -1.4267 1.8217 -0.9046 -2.1237 0.6729 -0.3081 -2.0416 
16.4887 10.5844 -4.5733 -1.4392 2.3338 -2.0419 -1.6344 1.1582 -1.8192 -2.8314 0.2611 -0.4153 -1.9118 
17.1387 11.4544 -3.9369 -1.1063 2.5336 -1.9469 -1.6037 1.4356 -1.3612 -2.6695 0.2120 -0.3059 -1.9374 
16.8577 10.9356 -4.6918 -1.4847 3.3093 -0.8123 -1.4623 0.9385 -1.5902 -2.8914 -0.3735 -1.0987 -2.7626 
16.7403 10.9873 -4.6849 -2.1631 2.2899 -1.4724 -1.7115 0.9645 -1.4138 -2.8245 -0.2038 -0.3967 -1.9989 
18.0439 11.7271 -5.3237 -2.5106 2.5951 -1.2272 -1.3485 1.7299 -0.7674 -2.5874 -0.0692 -0.1466 -1.6457 
19.3849 12.9238 -5.5434 -3.3541 2.4503 -0.6607 -1.0191 1.6510 -0.7407 -2.2931 0.3433 0.1174 -1.7664 
18.4343 11.5043 -6.0939 -2.3922 3.1410 -1.1722 -1.2821 2.0281 -0.5632 -2.0010 1.0186 0.5492 -1.3954 
29.3388 15.0766 -14.4317 -3.3631 7.0806 -3.6400 -3.7781 4.6336 0.0506 -4.1669 0.2238 -1.1951 -4.1147 
30.6935 15.8192 -16.0589 -5.6898 6.6599 -2.8232 -4.3231 2.9992 -0.6114 -3.7953 0.6376 -1.0171 -4.4032 
23.4070 12.9585 -10.3434 -3.2653 4.7916 -2.3729 -2.9756 2.2152 -0.8136 -2.6274 1.0068 -0.6275 -3.1936 
21.7735 11.8955 -9.8575 -2.9012 4.8775 -2.0494 -2.8100 2.2613 -0.5984 -2.7632 0.5814 -0.5909 -3.0305 
19.1147 11.5537 -6.7751 -2.1767 3.6306 -1.7994 -2.3542 1.4511 -0.9868 -2.4695 0.4754 -0.6547 -3.0497 
16.9887 11.0593 -4.7093 -1.6460 3.0100 -1.1956 -1.6069 1.4246 -0.6750 -2.1923 0.0638 -0.3918 -1.8302 
