17.5035 10.9218 -6.0250 -2.8651 2.4753 -1.3887 -1.7929 0.7317 -2.1372 -3.5387 -0.3408 -0.4688 -2.4739 
17.1566 10.7553 -5.6690 -2.2486 3.0957 -1.1233 -1.8735 1.0548 -1.1689 -2.6504 0.2788 0.3635 -1.5528 
17.6653 10.8980 -6.2476 -2.5917 3.3373 -0.8482 -2.0758 0.4465 -1.5917 -2.6218 0.1621 -0.1913 -1.9152 
17.3189 10.8092 -6.0086 -2.8257 2.8157 -0.8167 -1.5695 0.6688 -1.8688 -2.9768 0.1528 0.1479 -1.6227 
17.7811 11.4594 -5.3643 -2.2326 3.1313 -1.0154 -2.0339 0.4202 -1.9692 -3.2215 -0.0382 0.1824 -1.6105 
17.7755 11.4858 -5.1494 -1.8950 3.1499 -1.2876 -1.9575 0.9350 -1.5960 -3.0968 0.1825 0.3415 -1.8708 
17.1338 10.3305 -6.4521 -2.7215 2.8823 -1.3904 -2.1791 0.5315 -1.9366 -3.1506 0.0518 -0.1589 -2.2407 
16.6114 9.9751 -6.1575 -2.2545 3.0184 -1.5564 -2.2055 0.9042 -1.4995 -3.0780 -0.0797 -0.1264 -2.0879 
17.7303 11.5672 -4.7882 -1.2964 3.8601 -0.8232 -1.9893 0.9139 -0.9937 -2.3809 0.1256 -0.1902 -2.0853 
16.4999 10.4936 -4.9749 -1.6126 3.1093 -1.3629 -2.0683 0.9675 -1.0128 -2.5258 -0.2272 -0.6300 -2.2854 
16.6129 11.0469 -4.3180 -1.8276 2.4132 -1.6777 -2.2437 0.5806 -1.3117 -2.7151 -0.6223 -1.1227 -2.5603 
15.6684 9.5603 -5.7160 -2.5276 2.1891 -2.1338 -2.8419 0.3233 -1.4605 -3.0565 -0.6839 -0.7238 -2.4548 
15.5291 9.7082 -5.2889 -2.3940 2.4495 -1.0364 -1.4214 1.1762 -1.1527 -3.0568 -1.0727 -1.1104 -2.2354 
15.4585 9.9923 -4.5137 -1.7424 2.6312 -1.3885 -2.3421 0.1088 -1.6314 -2.7404 -0.4295 -0.7209 -2.3243 
15.9080 10.2485 -4.8414 -2.1898 2.3867 -1.3816 -2.0659 0.5056 -1.3267 -2.4831 -0.1063 -0.3965 -2.0339 
16.3105 10.1590 -5.5967 -2.5072 2.4622 -1.4676 -1.9644 0.9707 -1.1204 -2.7338 -0.3534 -0.3252 -1.5828 
15.8194 10.0465 -5.0967 -2.3033 2.3095 -1.7688 -2.5805 0.3985 -1.1881 -2.5930 -0.1777 0.0326 -1.4299 
17.8884 11.7310 -5.1035 -2.1493 3.4043 -0.5496 -1.8270 0.7446 -0.8055 -1.7826 0.4490 -0.3457 -2.0965 
17.2752 11.0396 -5.4411 -2.0780 4.0061 0.2912 -1.5310 0.4745 -0.6513 -1.0770 0.6498 -0.6571 -1.7137 
15.3679 10.2818 -3.5518 -0.8606 2.8972 -0.9688 -1.1115 1.3776 -0.8926 -1.8615 0.7768 0.2167 -1.4150 
14.4210 9.6487 -3.1726 -0.3878 3.0088 -1.0641 -1.2404 1.4070 -0.9398 -2.6098 -0.5234 -0.9504 -2.4681 
15.1963 9.8305 -4.1271 -1.1878 2.4688 -1.9539 -2.1430 0.9586 -1.0226 -2.3235 0.0187 -0.5229 -2.0139 
14.4674 9.2608 -4.2656 -1.6853 1.7656 -2.2670 -2.1786 0.9550 -1.0658 -2.7594 -0.8220 -1.1486 -2.4058 
14.9855 10.1663 -3.4542 -1.3891 2.0296 -1.8211 -2.1431 0.7193 -0.7829 -2.0077 -0.0582 -0.3307 -1.5907 
14.9468 9.9492 -3.5940 -1.0901 2.3224 -1.6660 -1.6645 1.1354 -1.0466 -2.3521 0.0398 -0.3924 -1.9308 
15.0383 10.0204 -3.4380 -0.6396 2.6759 -1.9576 -2.3313 0.7697 -1.1481 -2.7133 -0.6495 -1.1785 -2.8812 
15.3857 10.1249 -3.8756 -0.9164 3.0602 -1.2623 -1.9465 0.7287 -1.2603 -2.5931 -0.1906 -0.3095 -1.7164 
14.6680 9.9726 -3.2221 -1.0663 2.1173 -1.9656 -2.4490 0.1730 -1.5560 -2.7768 -0.7441 -1.0584 -2.1587 
14.5439 9.3283 -4.1983 -1.4373 2.3296 -1.4866 -1.6890 0.6589 -1.7428 -2.8131 -0.0300 -0.1212 -1.4486 
14.9936 9.6375 -4.2859 -1.5552 1.9695 -2.2918 -2.2200 1.0705 -0.8900 -2.3987 -0.1668 -0.4851 -1.9882 
14.8686 9.8421 -3.6715 -0.9539 2.8428 -1.0845 -1.4657 1.1077 -1.0538 -2.6205 -0.5939 -1.0229 -2.5764 
34.9026 19.6234 -14.9775 -5.1002 6.2645 -3.9896 -3.5326 5.0322 -0.4513 -4.6851 0.8992 -0.2972 -3.7741 
41.0585 24.9766 -14.6807 -5.8471 6.1955 -4.5927 -4.4148 4.5989 -1.1172 -5.7027 0.3562 -0.3833 -3.8437 
33.2639 20.3397 -10.6153 -1.9789 6.8697 -4.0175 -4.1349 3.9704 -0.5526 -3.9346 1.5449 0.3753 -3.4154 
31.1007 18.2850 -11.6807 -3.4044 6.0328 -3.0549 -2.7424 4.5177 -0.2419 -3.6146 1.5200 0.5303 -2.8367 
27.3920 15.6741 -10.8967 -2.9907 5.1865 -3.7254 -3.4019 3.7845 -0.3632 -3.8178 0.6164 -0.0880 -2.8805 
25.7207 14.9791 -9.7499 -2.7650 4.3457 -3.8847 -2.9382 4.0454 -0.3962 -4.4348 -0.5563 -0.7548 -2.6056 
23.1045 13.4965 -8.6591 -2.4431 3.7104 -3.8726 -2.9222 3.3457 -1.1031 -4.7572 -0.3551 -0.0852 -2.3616 
20.4080 11.6355 -8.1624 -2.4034 3.2391 -3.2726 -1.8658 3.9327 -0.6027 -4.5121 -0.7428 -0.4257 -2.4891 
18.6424 11.1277 -6.8756 -2.6903 2.1442 -3.1087 -1.8003 3.1658 -0.5461 -3.6863 -0.3339 0.0646 -1.6947 
18.0410 10.8274 -6.3134 -2.0069 2.5097 -2.8236 -1.7431 2.6539 -1.0592 -3.6486 -0.4088 -0.5307 -1.9873 
20.6894 12.1510 -8.2196 -3.3861 3.1288 -1.8653 -1.0066 3.6750 -0.2150 -3.4795 -0.6992 -1.2806 -3.1514 
20.6484 12.2425 -7.5432 -2.0488 4.1431 -2.1380 -2.0211 3.0834 -0.2338 -3.2478 -0.0493 -0.2044 -2.0290 
16.8785 10.5015 -5.1377 -0.8978 3.9022 -1.2495 -1.6804 1.7759 -0.9265 -3.0380 -0.4290 -0.6166 -2.0419 
16.0224 9.5129 -5.8441 -1.7232 2.8323 -2.2198 -2.3724 1.2139 -1.2761 -2.8747 0.1344 -0.1582 -2.0133 
21.0185 11.8832 -9.0371 -3.2765 3.7214 -2.4789 -3.0860 1.0646 -2.3716 -4.2599 0.0980 0.3267 -1.3768 
16.9602 10.5238 -5.8976 -2.6371 2.4307 -2.1530 -3.1284 0.0837 -1.5670 -2.8695 -0.2341 -0.2816 -1.7963 
17.0178 11.0640 -4.8448 -1.6612 3.4099 -1.2004 -2.7928 -0.0458 -1.5888 -3.0644 -0.7628 -0.5181 -1.7876 
16.3716 10.3296 -5.0995 -1.6401 3.2478 -1.1611 -2.0090 0.8710 -1.0905 -2.4388 0.1144 0.0456 -1.2744 
16.5081 10.4179 -5.3763 -2.1447 3.2301 -0.5716 -1.6268 0.7490 -1.1551 -2.3784 -0.1914 -0.4921 -1.5336 
16.1258 9.5514 -6.3889 -2.5829 3.0713 -0.9776 -1.8013 1.1791 -0.6728 -2.1714 -0.0036 -0.4063 -1.8097 
17.0688 10.8653 -5.3644 -2.0640 3.2903 -1.0447 -2.2812 0.6528 -1.0523 -2.7918 -0.6729 -0.3915 -1.3083 
17.2257 11.1912 -5.0825 -2.1518 3.1784 -0.6044 -1.6196 0.8200 -1.1458 -2.4926 -0.2606 -0.5269 -1.7621 
17.3657 11.4395 -4.8072 -1.9038 3.4349 -0.4530 -1.6475 0.8845 -0.8427 -2.2242 -0.2217 -0.6175 -1.7564 
16.8136 10.6981 -5.6047 -2.7613 2.8533 -0.8141 -2.1830 0.4641 -0.6827 -1.9360 -0.2088 -0.4279 -1.4553 
16.8775 10.8418 -5.0283 -1.6748 3.7008 -0.5023 -2.0464 0.2858 -1.1755 -1.9876 0.1485 -0.4763 -1.6228 
16.5626 10.3028 -5.5897 -2.0929 3.2004 -1.1582 -2.3065 0.6274 -0.9740 -2.4176 -0.4270 -0.8392 -2.0915 
15.8623 9.4539 -6.0180 -2.1694 2.9488 -1.7490 -2.7769 0.4329 -1.2343 -2.7070 -0.3006 -0.2020 -1.2403 
16.1286 10.3221 -4.8635 -1.5894 3.4791 -0.8368 -2.3989 -0.0175 -1.7786 -3.3051 -1.2467 -1.1035 -1.8080 
16.1938 10.5863 -4.3539 -1.2621 3.3641 -0.8946 -1.9956 0.6427 -0.7486 -1.6794 0.2569 -0.4255 -1.6156 
16.3666 10.6117 -4.6047 -1.5217 2.9767 -1.6552 -2.8551 -0.0380 -1.4517 -2.2853 0.2610 -0.1777 -2.0418 
16.4525 10.5658 -4.7908 -1.4319 3.4136 -1.1881 -2.3370 0.7762 -0.6638 -2.1169 -0.1227 -0.5219 -1.9917 
16.5644 10.5841 -5.2484 -2.3608 2.6543 -1.3547 -2.2763 0.5912 -1.1696 -2.7501 -0.4429 -0.2070 -1.4066 
16.2050 10.1520 -5.3273 -1.9985 3.0104 -1.3242 -2.3075 0.8484 -0.5529 -2.0383 -0.1623 -0.4339 -1.4683 
15.7551 9.5982 -5.9336 -2.8667 2.2136 -1.7870 -2.8682 -0.1092 -1.5671 -2.9243 -1.0181 -1.0420 -1.7468 
15.8221 10.1128 -5.1427 -2.4703 2.7305 -0.7322 -2.0916 0.1121 -1.1098 -2.0763 -0.2960 -0.4680 -1.2016 
15.9625 10.4189 -4.6339 -1.9084 2.9392 -1.1786 -2.7446 -0.0804 -1.2213 -2.8221 -1.2202 -0.9554 -1.7275 
16.3657 10.7088 -4.5786 -1.7532 2.9418 -1.2485 -2.3764 0.4037 -1.0374 -2.3595 -0.3509 -0.4931 -1.6029 
16.2881 10.4655 -4.8372 -1.6361 3.3480 -0.9709 -2.3941 0.3036 -0.8691 -2.0107 -0.4472 -1.1809 -2.2668 
15.7052 9.9888 -4.9801 -2.0538 2.7618 -1.1880 -2.3398 0.1088 -1.4949 -2.6894 -0.5482 -0.5755 -1.5231 
15.8137 10.2508 -4.6280 -1.9281 2.5768 -1.2908 -2.0425 0.6348 -1.0419 -2.4440 -0.6125 -0.9486 -2.0065 
15.6308 9.9111 -4.9134 -1.8268 2.8371 -1.5078 -2.7270 0.1847 -1.0271 -2.4526 -0.8011 -0.8822 -1.5430 
15.5708 10.0709 -4.3069 -1.1219 3.2039 -1.3669 -2.3974 0.7404 -0.4232 -1.7516 -0.0880 -0.5435 -1.5422 
15.7881 10.3445 -4.0389 -0.8256 3.3543 -1.4521 -2.4478 0.8336 -0.5609 -2.2236 -0.4329 -0.6710 -1.8984 
15.6397 10.1523 -4.1015 -0.9251 2.9514 -1.5690 -1.8809 0.9263 -1.6545 -3.1645 -0.1879 -0.0418 -1.6985 
14.8086 9.4395 -4.5056 -1.7703 2.1338 -2.0015 -2.5229 0.4936 -0.8888 -2.0783 -0.1615 -0.4888 -1.6988 
14.9727 9.6979 -4.0672 -1.1663 2.5188 -1.9420 -2.5265 0.3323 -1.3717 -2.4220 -0.0202 -0.2700 -1.5889 
15.7447 10.1251 -4.4575 -1.3726 2.5873 -2.1115 -2.5479 0.8115 -1.1493 -2.8383 -0.2945 -0.0508 -1.3284 
14.4946 9.0611 -4.7448 -2.0198 1.7515 -2.1367 -2.1645 0.6506 -1.5121 -2.8078 -0.2556 -0.3148 -1.7136 
14.8617 9.4262 -4.2794 -0.8640 3.2022 -1.4104 -2.2579 0.5248 -1.3576 -2.8208 -0.7313 -1.0131 -2.3981 
15.0136 9.6511 -4.3247 -1.3543 2.8353 -1.2597 -1.9268 0.8598 -0.8472 -2.1449 0.1509 0.1285 -1.4256 
14.5042 9.4503 -4.3156 -2.1665 1.9387 -1.3173 -1.9054 0.3906 -1.2282 -2.3585 -0.4707 -0.8161 -1.9012 
13.9176 9.2277 -3.5975 -1.5715 1.4463 -2.5105 -2.8963 -0.1784 -1.5604 -2.4893 -0.4234 -0.6740 -1.8633 
14.6976 9.9286 -3.4285 -1.3243 1.9491 -2.0507 -2.4823 0.2148 -1.5332 -2.8218 -0.5650 -0.5151 -1.7986 
15.4687 10.1793 -4.0296 -1.3167 2.5769 -1.6795 -2.2353 0.6606 -1.1229 -2.4431 -0.1139 -0.2396 -1.6363 
15.8961 10.4741 -3.9622 -0.8901 3.1629 -1.4361 -2.1896 0.7760 -0.9494 -2.1372 0.2953 0.0336 -1.3854 
14.9199 9.6977 -3.9438 -0.9594 2.8897 -1.2758 -1.6922 1.0125 -0.9945 -2.3323 -0.2274 -0.5941 -1.6325 
14.9420 9.5928 -4.3229 -1.3811 2.6478 -1.6582 -2.3665 0.5989 -0.9351 -2.1823 0.0247 -0.2598 -1.8770 
14.4801 9.8440 -3.2345 -1.0546 2.5061 -1.0790 -1.6142 0.6501 -1.1392 -2.2596 -0.2071 -0.5226 -1.8688 
15.0343 10.0521 -3.7298 -1.4191 2.3857 -1.1700 -1.2511 1.5867 -0.3064 -1.8410 0.0694 -0.3588 -1.8618 
15.4247 10.5949 -3.2971 -1.1910 2.5486 -0.9889 -1.4136 0.8264 -1.1610 -2.2155 0.0547 -0.2369 -1.5420 
27.5924 19.1850 -5.9207 -3.3500 2.6707 -3.1963 -3.1201 1.8748 -0.8217 -2.6654 1.0473 0.4945 -2.0478 
41.0906 28.1102 -9.9874 -5.4959 5.5347 -2.6760 -4.7729 1.1151 -1.5393 -2.6939 2.1251 -0.1715 -3.7771 
41.2778 29.3143 -8.6941 -5.9844 5.1094 -1.8360 -4.8490 -0.0891 -1.7328 -2.0188 2.2612 -0.6156 -4.2425 
40.9570 29.0955 -8.8307 -6.4171 4.8044 -1.8733 -5.2570 -0.7997 -2.0300 -1.9773 2.1599 -0.8262 -4.4737 
41.1103 28.2487 -10.2347 -6.4100 4.9541 -2.9797 -5.9482 -0.3710 -2.1346 -2.8554 1.6769 -0.9091 -4.7813 
41.4515 28.5682 -10.1920 -6.3677 5.2253 -2.7353 -5.9646 -0.3228 -1.7034 -2.2975 1.9280 -1.0607 -4.9993 
41.7854 29.3204 -9.3888 -6.0904 5.5069 -1.9570 -5.3111 -0.0943 -1.4269 -1.9992 2.0248 -0.7245 -4.2186 
41.4694 28.5094 -10.4372 -6.7555 4.8665 -2.9363 -6.1670 -0.8491 -2.5219 -2.9794 1.5402 -1.4462 -5.3854 
41.5873 28.6106 -10.3973 -6.5867 5.2405 -2.5630 -5.9115 -0.4658 -1.9464 -2.6548 1.5829 -0.9616 -4.4759 
41.1432 28.1931 -10.5915 -6.8120 5.0761 -2.6455 -6.1537 -0.8040 -2.1509 -2.7842 1.4159 -1.1485 -4.5772 
42.2100 29.1421 -10.2858 -6.1938 6.0122 -2.2169 -6.0455 -0.2390 -1.4171 -2.4421 1.8233 -0.4063 -4.1775 
42.4623 29.3596 -10.4983 -6.6247 5.9904 -1.9982 -6.0860 -0.1648 -1.0643 -2.5324 1.2862 -0.6362 -4.1603 
42.2735 28.9265 -10.8705 -6.7337 5.7246 -2.0134 -5.3866 0.0748 -1.8656 -3.1048 1.2374 -0.9437 -4.2969 
41.5257 28.5573 -10.4440 -6.6600 5.4380 -1.6942 -4.6715 0.2147 -2.1456 -3.0651 1.4898 -0.8340 -4.1464 
40.9605 28.0547 -10.5276 -6.7403 5.2715 -1.6695 -4.5752 0.0228 -2.5703 -3.5410 1.0414 -0.8968 -3.7583 
41.6013 28.3655 -10.8148 -6.6275 5.7428 -1.4100 -4.4464 0.0556 -2.8238 -3.7954 1.0602 -0.7853 -3.6288 
40.4194 28.2547 -9.5757 -6.6483 5.3217 -0.5349 -3.7351 -0.4118 -3.1520 -3.6650 0.9380 -0.7743 -3.1912 
40.6052 28.0279 -10.0775 -6.4814 5.7029 -0.5651 -3.6379 -0.1613 -3.4157 -3.9825 1.2330 -0.5915 -3.5976 
39.0290 27.3247 -9.2893 -6.6996 5.0528 0.0343 -3.1339 -0.9999 -4.0718 -3.6587 1.2832 -1.0433 -3.6265 
37.8961 26.5331 -8.9918 -6.3649 5.2289 0.3887 -3.0106 -1.4282 -4.5839 -3.8601 1.3387 -0.9112 -3.6489 
37.5884 26.5544 -8.4861 -6.0755 5.3242 0.5620 -2.9027 -1.2447 -4.1745 -3.7563 0.9901 -1.0853 -3.6684 
36.5654 25.9989 -7.9735 -5.6404 5.8275 1.5267 -2.2645 -1.1868 -4.0655 -3.7504 0.5617 -1.3731 -3.5829 
36.8065 25.7020 -8.6226 -5.5442 5.7706 0.5047 -2.9408 -0.9601 -4.2265 -4.4949 0.3778 -0.9733 -3.5081 
35.1334 25.3823 -6.7978 -5.0482 5.0965 1.1533 -1.4985 -0.4051 -4.1985 -4.3348 0.4954 -0.7471 -3.0050 
32.2701 24.0273 -4.9826 -4.4592 3.7210 0.3990 -1.1460 0.1668 -3.7926 -4.6311 -0.0766 -0.3432 -2.5110 
32.0123 24.0133 -4.6574 -4.1746 4.2678 1.1018 -1.0282 0.0781 -3.1817 -3.8860 -0.0756 -0.6163 -2.6544 
31.0668 23.6585 -3.8551 -3.8276 3.7725 0.5711 -1.1987 0.3092 -2.8566 -4.1236 -0.7434 -0.9580 -2.7092 
30.2872 22.7798 -3.9689 -3.0109 4.8712 1.2144 -1.3137 -0.4581 -3.5418 -4.0098 -0.2287 -0.7325 -2.5524 
29.2025 21.8151 -3.8408 -2.3584 5.1910 1.0549 -1.4576 -0.3544 -3.4980 -4.1450 -0.2026 -0.4842 -2.5245 
28.2064 20.9592 -3.6555 -1.9513 4.7035 -0.0735 -2.1556 -0.4630 -3.4653 -3.9701 0.0967 -0.4076 -2.6648 
27.7874 20.8690 -3.1950 -1.6954 4.6852 -0.1767 -2.3764 -0.5316 -3.4021 -4.3264 -0.3575 -0.1115 -2.0869 
27.1367 20.4317 -2.8796 -1.1792 5.0476 0.0857 -2.0106 0.1340 -2.6549 -3.9304 -0.2160 -0.0030 -2.2828 
26.1272 18.7019 -4.6050 -1.8871 5.0190 -0.5706 -3.1703 -0.3334 -2.6528 -4.6248 -1.2593 -0.1733 -1.7916 
25.8780 17.4970 -5.9654 -1.5099 5.8893 -0.6074 -2.7901 0.9826 -1.6728 -4.1977 -0.9592 -0.0847 -1.5743 
24.8656 17.4212 -4.3082 -0.6555 5.0720 -0.8536 -1.4893 1.9022 -1.8415 -3.7575 0.3674 0.5346 -1.7568 
25.9055 17.5508 -6.2359 -2.1323 5.9221 0.3769 -1.9156 1.4755 -0.5873 -2.4094 0.2697 -0.1250 -1.8300 
35.2998 21.3325 -13.5781 -5.4551 8.2735 -0.3864 -5.0082 0.2683 -1.6072 -3.7317 0.2137 -0.5657 -3.2698 
34.5616 19.1739 -14.9152 -2.9109 10.8940 -0.9690 -5.3802 1.7314 -1.0443 -3.9395 1.1445 0.5509 -2.7598 
34.7514 19.0716 -15.6386 -3.8645 10.2272 -0.9353 -4.8284 1.9243 -1.5935 -4.6456 0.7918 0.6236 -2.3284 
33.9634 18.6078 -15.6828 -4.7037 9.2726 -0.8406 -4.4139 1.6156 -2.4084 -5.4950 0.2030 0.6939 -1.6711 
33.2895 17.7686 -16.4935 -5.7745 8.0255 -2.0943 -5.7643 0.3552 -3.0778 -5.7239 -0.4063 -0.5389 -2.9340 
33.3411 19.0406 -14.5366 -5.4107 8.0057 -0.7532 -4.4996 0.4621 -3.1031 -5.4430 0.0601 0.3113 -2.3051 
31.5693 18.0484 -13.7665 -5.2750 7.2430 -1.0591 -4.3451 0.5678 -3.1287 -6.0519 -1.1731 -0.6735 -2.8756 
30.8612 18.3769 -12.4106 -5.1476 7.1581 0.1812 -3.1923 0.9008 -2.3537 -4.9614 -0.6999 -0.2717 -2.1135 
30.8233 19.6762 -9.6953 -3.2808 8.0900 1.2705 -2.3553 1.1374 -2.1909 -4.9498 -0.9521 -0.2562 -1.9908 
31.9362 22.2778 -6.7323 -2.4739 7.6562 1.8219 -1.6803 0.7225 -2.4785 -4.4743 -0.8577 -0.7287 -2.2535 
34.6096 24.4363 -7.7030 -4.7764 6.7296 2.3460 -1.9622 -1.3854 -4.8777 -5.5795 -1.1466 -1.4211 -3.0739 
35.5422 25.1940 -7.9502 -5.4239 6.2995 2.1283 -1.9682 -0.9216 -4.1920 -5.3208 -1.2521 -1.3336 -2.8690 
35.4519 25.7658 -6.9718 -5.4586 6.0112 3.0228 -0.8298 -0.8878 -4.4597 -4.9066 -0.8378 -1.4228 -2.6231 
35.4634 25.8559 -6.7143 -5.1578 6.1236 2.9926 -0.7968 -0.7798 -4.3403 -4.8226 -0.8858 -1.4829 -2.4366 
35.5460 25.1805 -8.0093 -5.7636 5.6000 1.7626 -1.7616 -1.1158 -4.9557 -5.6674 -1.4173 -2.1564 -3.4951 
34.9609 25.5129 -7.0780 -6.3551 4.8723 2.3755 -1.4103 -1.4642 -4.6172 -5.2166 -1.9459 -2.7889 -3.6235 
35.7331 26.4874 -6.3054 -5.7462 5.3756 2.9787 -0.6413 -0.8018 -4.1020 -4.5700 -1.1928 -2.0783 -2.8082 
35.9748 26.1821 -6.8252 -5.3299 5.5316 2.0474 -1.0201 -0.0657 -3.7296 -4.8778 -1.3756 -2.2165 -3.1753 
35.4925 25.7436 -6.8063 -5.1417 5.5322 1.9488 -0.9561 0.0424 -3.8237 -5.0277 -1.3207 -2.0302 -3.0088 
34.5669 25.7230 -6.0202 -5.9716 4.2852 2.1884 -0.6320 -0.5634 -4.0944 -4.8241 -1.5877 -2.4624 -3.1734 
35.0515 26.1743 -5.5453 -5.0730 4.8006 1.8475 -0.8408 -0.0254 -3.3663 -4.3261 -1.3527 -2.5061 -3.1323 
35.2204 25.6020 -6.2256 -4.1462 5.6611 0.9459 -1.6559 0.5154 -2.9486 -4.6034 -1.3664 -2.2860 -3.2712 
34.6946 25.4396 -5.8976 -4.3863 5.0652 0.7258 -1.7543 0.3048 -2.9068 -4.3819 -1.3373 -2.3393 -3.2629 
33.7657 25.6325 -4.4447 -4.4673 4.1625 1.2407 -0.8772 0.0020 -3.1795 -3.6814 -0.7641 -2.4604 -3.4105 
33.2229 24.7426 -4.9022 -4.0074 4.1890 -0.1416 -2.2050 -0.0222 -2.9175 -4.1346 -1.4172 -2.9390 -4.1236 
32.0097 24.3793 -3.6464 -3.2393 4.2205 0.4025 -1.2036 0.7646 -2.3550 -3.8054 -1.2708 -2.4962 -3.4230 
31.6322 23.4182 -4.2523 -2.3107 4.9526 -0.6560 -2.4400 0.7359 -2.0913 -3.6966 -0.8219 -2.2076 -3.9468 
30.3679 22.9836 -3.4529 -2.6517 3.9471 -0.5332 -1.7784 0.9132 -1.9663 -3.4883 -0.9501 -2.4759 -4.0822 
29.1803 22.1545 -3.1799 -2.4762 3.7905 -0.4955 -1.6446 1.0064 -1.7498 -3.4267 -1.1348 -2.2156 -3.4105 
28.4106 21.4337 -3.1958 -2.0009 4.4084 -0.1511 -1.9216 0.2770 -2.3939 -3.7525 -1.3600 -2.5391 -3.6303 
29.0037 21.9008 -2.9815 -1.3860 4.8756 -0.6820 -2.7964 0.1408 -1.9511 -3.3036 -0.8873 -2.0991 -3.5450 
28.8596 21.5643 -3.6243 -2.2326 4.2269 -0.7626 -2.3846 0.5456 -1.9884 -3.7050 -1.1646 -2.0467 -3.6394 
27.9166 20.9069 -3.4207 -2.1105 4.2462 -0.1489 -1.2637 1.5085 -1.5542 -3.7621 -1.3802 -2.1664 -3.8088 
28.5304 20.6924 -4.7809 -2.8736 3.9133 -1.0270 -1.7082 2.4570 -0.3097 -3.2404 -1.2070 -2.1512 -4.2395 
28.2170 19.0543 -7.2049 -3.6818 4.1073 -1.4294 -2.1183 2.1617 -1.4232 -4.2544 -0.8697 -1.4965 -4.2547 
29.5658 18.4511 -9.6975 -3.3567 5.7277 -2.0963 -3.0266 3.1426 -0.6162 -4.5280 -0.8556 -1.2681 -4.1141 
30.5268 17.0286 -13.5331 -4.4172 6.7653 -2.6168 -4.3112 2.5947 -1.4076 -5.3225 -0.5273 -0.5556 -3.6611 
28.0646 15.7514 -11.9464 -3.3784 6.3323 -2.5536 -3.5154 2.8482 -1.5296 -4.9567 0.0072 -0.6621 -4.4922 
25.4509 14.2482 -10.8984 -3.1586 5.6668 -2.0109 -2.3747 3.4388 -0.6956 -3.7698 0.5440 -0.4946 -4.0937 
24.6847 14.6906 -9.1094 -2.7032 5.1780 -2.0126 -2.7059 2.5639 -1.0238 -3.8589 0.3133 0.0617 -3.1010 
23.1354 14.1751 -8.0405 -2.7834 4.4841 -1.8824 -3.0052 1.4548 -1.3081 -3.4634 0.0897 -0.3299 -2.9499 
21.5062 13.8498 -6.3114 -2.2881 3.9532 -1.3451 -2.1734 1.4038 -1.3601 -3.0984 0.2969 -0.0556 -2.3590 
21.5700 14.1273 -5.7107 -1.5563 4.5247 -1.1983 -2.3651 1.3987 -1.0067 -2.8991 0.1501 -0.0446 -1.9995 
22.5333 13.8307 -7.3813 -1.6337 5.2858 -1.5858 -2.8090 1.7322 -1.0569 -3.2863 0.2343 -0.0666 -2.3900 
23.2318 13.2921 -9.3803 -2.3679 5.6811 -1.8290 -3.4796 1.1894 -1.7826 -3.7519 0.4245 -0.0795 -2.9080 
27.5879 14.4602 -13.5918 -3.6252 7.6075 -1.6635 -3.9956 2.1289 -1.3008 -4.0214 1.0769 0.6109 -3.2140 
30.6944 17.1969 -13.6714 -4.9802 6.0979 -3.2191 -5.2575 1.4305 -1.5987 -4.1431 0.7126 -0.1428 -3.4497 
30.4055 20.4192 -7.1944 -1.9524 6.2502 -1.7473 -3.7807 1.5538 -0.4817 -2.1890 1.2776 -0.2209 -3.3101 
35.1455 24.9152 -6.4336 -2.4453 6.1629 -2.5538 -5.6435 0.1725 -1.0953 -2.9127 0.9587 0.3363 -3.2016 
39.7425 28.4135 -8.0074 -5.3157 5.4054 -2.1689 -6.2522 -1.1090 -1.5343 -2.4207 1.2251 -0.0441 -3.2780 
42.4081 29.6675 -9.6566 -6.2414 5.2106 -3.0445 -6.5768 -0.5596 -1.3863 -2.1933 2.0362 0.1914 -3.5237 
43.6601 30.0161 -10.6448 -6.3401 5.5208 -3.2982 -6.4086 0.0042 -1.3556 -2.0264 2.6429 0.2189 -3.7265 
44.4246 30.3437 -11.1376 -6.5279 5.6032 -3.3779 -6.3388 0.1760 -1.3599 -1.7801 3.1564 0.3013 -3.8794 
44.4173 30.0748 -11.7383 -6.9917 5.4323 -3.6151 -6.7257 -0.0546 -1.5023 -2.1867 2.6050 -0.0481 -4.0945 
44.4941 30.1157 -11.7181 -6.8945 5.4667 -3.6668 -6.6621 0.0948 -1.4628 -2.2436 2.5149 -0.1823 -4.1431 
44.2444 30.1241 -11.5020 -7.1285 5.2005 -3.4930 -6.6275 -0.2228 -1.5194 -2.0907 2.3349 -0.4692 -4.1660 
43.8032 29.8155 -11.5153 -7.3603 4.9318 -3.3977 -6.4963 -0.4127 -1.7647 -2.2423 2.0453 -0.7861 -4.1664 
43.7158 29.7661 -11.4136 -7.1166 5.2718 -3.0451 -6.1640 -0.0901 -1.5208 -2.0654 2.3215 -0.4761 -4.0663 
43.5964 29.3662 -12.1363 -7.7571 4.8939 -3.4831 -6.7582 -0.4472 -1.5890 -2.3217 1.7631 -0.9800 -4.4239 
44.0390 29.5284 -12.5224 -7.9462 5.0243 -3.4009 -6.6669 -0.2659 -1.5952 -2.4905 1.7848 -0.8277 -4.4444 
43.8973 29.6922 -11.9964 -7.6761 5.1247 -3.0443 -6.2566 -0.0162 -1.2133 -1.9696 2.1017 -0.5844 -4.0051 
43.2433 29.9364 -10.8579 -7.7167 4.5758 -2.8064 -6.0324 -0.0733 -0.8551 -1.7513 1.8347 -0.4004 -3.4977 
42.3514 29.6900 -9.9503 -7.3694 4.2386 -2.7270 -5.9142 -0.6679 -1.2952 -1.3890 2.0729 -0.6604 -3.4934 
41.0575 29.1699 -9.0214 -7.1023 3.7222 -2.8200 -5.6056 -0.4594 -1.4066 -1.9312 1.7055 -0.3668 -3.3548 
40.5322 29.1170 -8.5288 -7.1539 3.6056 -2.5094 -5.5240 -0.4176 -0.8742 -1.7612 1.2063 -0.3641 -2.8197 
40.6064 29.0933 -8.9373 -7.8180 3.1821 -2.7137 -5.8837 -0.8126 -1.1558 -2.1567 0.8130 -0.4840 -2.9461 
40.1716 29.2579 -7.9434 -7.2687 3.3441 -2.1901 -5.3764 -0.7049 -0.9131 -1.7132 0.9088 -0.5142 -2.5147 
39.8413 28.5915 -8.6993 -7.6123 3.4794 -1.7356 -4.7962 -0.4351 -1.0762 -1.9209 0.7372 -0.7138 -2.3406 
39.7181 28.6031 -8.7705 -8.1821 3.0677 -1.5452 -4.7617 -0.8812 -1.3489 -1.9589 0.4084 -1.1748 -2.5346 
40.2301 28.1774 -9.8830 -7.7475 4.1824 -1.2105 -4.3707 -0.5151 -2.1628 -2.8520 0.8237 -0.4630 -2.2234 
40.0787 28.5115 -9.1502 -7.6384 3.9846 -1.0422 -4.2787 -0.7949 -2.3708 -2.9516 0.5146 -0.9744 -2.8124 
37.4745 26.7407 -8.4810 -7.2665 3.4913 -1.3547 -4.7234 -1.6142 -3.1115 -4.0671 -0.9872 -1.4983 -2.5191 
37.5521 27.0174 -8.1046 -7.1207 3.6231 -0.8200 -4.0089 -1.2303 -3.0069 -3.7966 -0.4815 -1.0693 -2.1922 
38.7444 27.4971 -8.9681 -7.1986 4.6828 -0.0103 -3.8867 -1.3704 -3.1214 -3.5605 0.0865 -0.7324 -2.1817 
36.8205 26.5075 -7.3916 -5.7062 4.3556 -1.0141 -4.0842 -0.8804 -2.7603 -3.5550 0.0052 -0.7961 -2.2396 
37.0122 26.3086 -8.3895 -6.8050 3.9534 -0.7894 -3.9432 -1.3381 -3.7317 -4.5071 -0.5308 -1.1171 -2.6679 
36.9993 26.5134 -7.7902 -6.0234 4.5332 -0.7681 -4.3002 -1.4672 -3.6298 -4.6316 -0.6628 -0.8104 -2.2744 
36.4309 26.7381 -6.3483 -5.0282 4.8218 -0.2854 -3.7289 -1.1679 -3.1804 -4.0383 -0.4993 -0.8250 -1.8437 
34.6615 25.7689 -5.3670 -4.2108 5.1205 0.1476 -3.6687 -1.4236 -2.8495 -3.5473 -0.7182 -1.2702 -1.9154 
32.3994 23.9614 -5.2789 -4.3596 3.8925 -0.9644 -3.9487 -1.3135 -2.9033 -3.9712 -1.2859 -1.6814 -2.5205 
32.9218 23.1275 -6.7406 -3.1209 5.8454 -1.1621 -3.9590 0.5695 -1.6855 -4.2412 -0.8349 -0.3883 -2.0826 
33.5561 21.5375 -10.0062 -3.2444 7.1227 -2.0964 -4.9579 1.1464 -1.9877 -5.5035 -0.8401 0.0533 -2.6926 
32.1244 19.9456 -10.3865 -2.7814 6.9572 -2.9626 -5.2205 1.5360 -1.6434 -4.8452 0.2484 0.6970 -2.5803 
32.0402 19.2621 -11.5439 -3.3676 6.8920 -3.0003 -5.1768 1.4347 -2.2266 -5.5692 -0.2553 0.5174 -2.2121 
31.1905 18.9218 -11.3922 -3.9104 6.9339 -2.1119 -5.3112 0.8861 -1.3460 -4.3829 -0.1273 0.3049 -2.7602 
28.7465 18.3961 -8.8480 -3.4498 5.2517 -2.2422 -4.1791 1.1442 -1.4572 -4.2121 -0.3823 -0.0675 -2.4773 
26.2936 17.1172 -7.9355 -3.8741 4.0089 -2.3113 -4.4336 -0.1366 -2.1657 -4.2167 -0.6762 -0.2047 -2.2710 
25.5861 17.1849 -6.7556 -3.5998 3.1603 -2.7772 -4.2247 0.0614 -1.8909 -3.6080 -0.1634 0.0519 -1.7570 
24.3200 16.4784 -6.0617 -3.0070 3.4039 -2.2741 -3.7853 0.1787 -1.6075 -3.2113 -0.2255 -0.4125 -2.1609 
23.3840 15.6280 -6.2734 -3.3740 2.6429 -2.6361 -3.3166 0.8483 -1.3278 -3.1100 0.1078 0.1874 -1.5893 
22.2917 14.6183 -6.6509 -3.6806 2.5842 -2.6424 -4.0748 -0.0853 -1.2560 -2.7300 -0.5400 -1.1850 -2.8557 
21.2214 14.0238 -5.9011 -3.0539 2.2758 -2.9369 -3.6291 0.4983 -0.9502 -2.2486 0.2406 -0.4399 -2.0802 
21.1434 14.2520 -5.3028 -2.7155 2.2797 -2.8073 -3.4512 0.2361 -1.5923 -2.7554 0.1525 -0.1241 -1.5537 
20.6824 13.5525 -5.6821 -2.1523 3.4673 -1.9554 -3.0545 0.8159 -0.7410 -2.0956 0.3636 -0.5214 -2.5464 
19.2810 12.1181 -6.1723 -2.3060 3.1412 -2.2626 -3.1338 0.5951 -1.5346 -3.1862 -0.3090 -0.5930 -2.5092 
20.2240 13.6437 -4.8846 -2.0655 2.9514 -1.7438 -2.1355 1.3072 -0.9672 -2.4388 0.3518 -0.1638 -2.1357 
19.8276 13.2006 -4.8418 -1.5445 3.2419 -1.9673 -2.4576 1.0366 -1.1642 -2.3545 0.4016 -0.5843 -2.5170 
19.2802 12.7059 -5.2877 -2.4797 2.2866 -2.6243 -3.2066 0.2946 -1.7537 -3.1596 -0.1309 0.0445 -1.4456 
19.3892 12.7934 -4.9205 -1.4401 3.4923 -1.7177 -2.4147 0.8276 -1.8270 -3.4490 -0.1728 0.0019 -1.7038 
18.3603 11.7591 -5.2110 -1.5796 2.8441 -2.6288 -2.8773 0.9494 -1.4371 -2.9588 0.2337 0.1623 -1.4566 
19.0369 12.4607 -5.1530 -1.8885 2.9682 -2.0541 -2.5988 0.8248 -1.5383 -3.0696 -0.0410 -0.1767 -1.9223 
18.3779 12.0887 -4.7736 -1.3932 3.4408 -1.6085 -2.2061 1.5767 -0.6272 -2.9474 -0.4519 -0.0490 -1.5226 
19.0970 12.3134 -5.5401 -1.9619 3.4034 -1.5361 -2.1405 1.5634 -0.7063 -2.8499 -0.3559 -0.1843 -1.4507 
20.3960 13.1735 -5.8304 -1.9026 3.7497 -2.0104 -2.9662 1.4561 -0.3731 -2.5673 0.1335 0.2297 -1.8443 
20.7636 12.8145 -6.9368 -2.0067 4.5646 -1.4799 -2.6195 1.8677 -0.5451 -3.2258 -0.1791 0.1226 -2.1879 
22.1565 12.4260 -9.5363 -2.6989 5.0031 -2.9335 -4.4412 1.7577 -0.6600 -4.3995 -0.6966 0.6105 -2.2608 
24.4149 13.4717 -10.2623 -1.5213 6.8331 -2.8580 -4.2690 3.0296 -0.2574 -4.8806 -0.5842 0.9698 -2.0676 
25.7031 13.4054 -11.9223 -1.5500 7.4414 -3.7414 -5.1681 3.2958 0.1147 -4.6072 -0.2248 0.8067 -2.2891 
27.4784 13.9884 -13.1041 -1.4646 8.0753 -3.7708 -4.4837 3.9949 -0.9715 -5.5694 0.5357 1.0816 -3.2501 
28.7758 13.9517 -15.2050 -2.4358 8.5626 -3.8553 -5.3168 3.4479 -0.9450 -5.2537 0.4555 0.4096 -3.3910 
28.8053 14.3817 -14.2872 -1.8134 8.5455 -3.8288 -4.7587 3.9418 -1.0974 -5.4732 0.9984 1.3616 -3.0506 
29.0334 14.1906 -14.5491 -0.9704 9.6026 -3.6988 -4.6938 4.7162 -0.2380 -4.8749 1.5885 1.9294 -2.4251 
29.3446 14.0822 -14.9989 -1.0208 9.1993 -4.5423 -4.6958 5.3271 -0.0742 -4.6143 2.2448 1.9208 -2.9174 
30.0776 14.3540 -15.4971 -0.7203 10.4636 -3.8344 -5.1638 4.5785 -0.4264 -4.7286 2.2153 1.9914 -3.0581 
30.0370 14.0102 -16.0877 -0.8672 10.9288 -3.3472 -5.2310 3.7961 -1.6126 -5.6753 1.7521 1.6353 -3.3611 
31.4427 15.5410 -15.6512 -1.2110 10.7597 -3.1552 -5.0365 4.4247 -0.1460 -4.2908 2.1091 1.3458 -3.5432 
31.6125 15.1071 -17.0602 -2.4081 10.7365 -2.4067 -4.5861 4.0423 -1.0578 -5.1820 1.5252 1.0797 -3.7319 
31.2870 15.0668 -17.2990 -3.8750 9.3579 -2.6227 -4.8831 3.1589 -1.4074 -4.8876 1.7813 1.3055 -3.7632 
30.7401 15.3042 -16.1138 -3.6490 8.6934 -2.7455 -4.5600 3.0114 -2.0527 -5.5817 1.4584 1.6947 -2.8986 
33.3029 20.4044 -10.8326 -1.9441 8.5266 -1.9385 -4.3789 1.9308 -2.2103 -5.4531 -0.1968 -0.3975 -3.6812 
37.9590 24.8678 -10.6003 -4.0283 7.3837 -1.5061 -4.3657 0.5605 -3.4965 -5.6284 -0.3831 -1.3381 -4.1078 
40.0427 26.4384 -11.0937 -4.9361 6.9730 -1.5114 -4.1100 0.5787 -3.7403 -5.2402 0.4815 -1.1060 -4.0682 
40.7031 27.3283 -10.9276 -5.7552 6.5557 -0.9506 -3.8651 0.1531 -3.8637 -5.1049 0.3112 -1.1424 -3.6543 
40.2921 27.1678 -10.7586 -5.9775 6.2956 -0.6406 -3.4501 0.1599 -3.9565 -4.9888 0.5581 -0.8118 -3.2502 
38.5518 26.4087 -9.6207 -5.7522 5.4174 -0.9061 -3.2581 -0.1052 -4.5777 -5.7874 -0.2282 -1.1168 -3.3413 
35.2672 24.3335 -8.4885 -4.9644 5.5222 0.0136 -2.2059 0.5794 -3.9086 -6.0067 -1.3576 -1.5074 -3.1795 
33.3677 22.6169 -8.6872 -4.6667 5.6634 -0.1145 -2.3169 1.3948 -2.1576 -4.5879 -0.2379 0.4824 -1.2291 
31.4526 21.8028 -7.4095 -4.1783 5.4884 0.4344 -2.0308 0.9347 -2.2606 -4.7284 -1.2525 -0.3550 -1.3457 
29.3232 20.8068 -6.1062 -3.8782 4.4744 0.1440 -1.7760 0.4577 -3.1186 -5.0248 -1.1955 -0.9210 -2.5270 
27.3147 19.1352 -6.2665 -4.3009 3.4108 -0.6328 -2.6363 -1.2091 -4.6613 -5.5127 -1.2296 -0.9355 -2.1789 
26.7459 18.8183 -5.7739 -3.5838 3.9198 -0.0758 -1.6994 -0.0466 -3.7176 -5.0226 -0.9753 -0.4833 -1.3820 
30.2778 20.8314 -7.5669 -5.0921 3.2135 -1.3100 -1.5138 2.6310 -1.2915 -4.3914 -0.7562 -0.1195 -1.6027 
34.7152 22.4646 -10.2348 -4.9818 3.6068 -4.2607 -2.9585 4.0177 -1.7372 -5.8438 -0.2219 0.1859 -2.3769 
34.2513 20.6987 -12.4949 -4.3891 6.8868 -2.4140 -3.9256 3.1426 -1.1071 -5.3929 -0.4262 0.5425 -1.7004 
34.6094 19.2944 -14.9723 -4.1430 8.1431 -3.0806 -4.7491 3.4475 -1.1237 -5.4455 0.2580 0.4654 -2.9315 
33.6335 17.8251 -15.9366 -3.9032 8.7970 -2.7506 -4.1658 4.2890 -1.0042 -5.8802 0.2728 0.7129 -3.1427 
32.8697 16.9829 -16.3143 -4.1840 8.1825 -3.3939 -4.4676 4.0242 -1.2943 -5.8151 0.3408 0.2207 -3.6820 
31.8567 16.1208 -16.1820 -3.7058 8.2898 -3.7370 -4.8914 3.8537 -1.1802 -5.5539 0.6148 0.3534 -3.6418 
30.7535 15.1082 -16.2497 -3.2844 8.9653 -2.8051 -4.1342 4.1537 -0.8569 -4.9206 1.1807 0.7586 -3.2555 
31.1239 16.0765 -14.8823 -2.2729 9.5760 -2.5031 -4.2144 4.1343 -0.6668 -5.0328 0.9480 0.8783 -3.2645 
31.3009 15.9758 -15.3332 -2.8316 8.3716 -4.1484 -4.9476 4.4603 -0.4154 -5.0069 1.2947 1.2389 -3.3379 
31.3904 16.1639 -15.1678 -2.6931 8.8060 -3.4958 -4.3842 5.1478 0.3378 -4.9411 0.7040 0.9600 -3.1738 
31.0979 16.0290 -15.3002 -3.5561 7.7131 -4.0625 -5.0412 3.7892 -0.8539 -5.2026 0.6340 0.2512 -4.1535 
31.9602 16.6490 -15.6190 -3.8674 8.1070 -3.5406 -5.0766 3.5309 -0.8694 -5.1564 0.8175 1.1502 -2.7649 
30.7308 16.2978 -14.7678 -3.9118 8.1093 -2.5334 -4.7818 2.9902 -0.5745 -4.6539 0.4541 0.9721 -2.6046 
29.1926 15.4423 -14.1978 -4.1549 6.9509 -3.1719 -4.8864 3.0823 0.0951 -3.9948 -0.0951 -0.2625 -2.9983 
30.0657 15.9203 -14.8716 -4.9225 6.9641 -2.3790 -3.9087 3.5066 -0.0413 -4.0008 0.0991 -0.4158 -3.3292 
28.8582 15.5166 -13.7185 -4.1088 7.2133 -2.1852 -4.5232 1.9150 -1.5970 -5.2023 -0.8994 -0.9823 -3.6764 
28.8768 15.1543 -13.9282 -3.4088 7.6260 -2.3349 -3.6660 3.5919 -0.4748 -4.1386 0.7073 0.2723 -2.8770 
27.4312 14.0359 -13.8896 -3.5003 7.3316 -2.2135 -3.6009 3.0076 -1.3255 -4.7037 0.5089 0.1007 -3.5545 
26.5810 13.9601 -12.7361 -3.0529 6.9871 -2.0670 -3.1954 2.9936 -1.1127 -3.8782 1.2612 0.6901 -2.7217 
26.2116 13.8285 -12.6641 -3.2102 7.3801 -1.1492 -2.9862 2.7143 -0.8582 -3.5650 1.0330 0.4351 -2.8019 
27.5403 14.8317 -12.4580 -2.7147 7.3729 -2.0229 -3.4983 2.4632 -1.5686 -3.9070 1.1505 -0.1626 -3.5134 
27.6648 14.5056 -12.9826 -2.4923 7.6417 -2.2027 -3.0326 3.5027 -1.5428 -4.7270 1.1766 0.8004 -2.8648 
26.2484 14.5476 -11.2549 -2.7170 6.2144 -2.7864 -3.8288 2.4414 -1.3461 -4.1609 0.8213 0.3172 -3.2819 
24.6562 14.5971 -9.1443 -2.5897 5.1387 -2.3815 -3.2720 1.9833 -1.2056 -3.3685 0.9823 0.4879 -2.6321 
27.9786 20.8151 -2.6465 0.1369 5.0543 -2.7089 -4.6837 -0.5031 -2.7435 -4.3254 -0.5343 -0.2893 -2.0189 
30.3754 23.7084 -1.3114 -0.1770 4.4863 -2.9351 -5.4577 -1.6165 -2.7933 -3.5319 -0.3878 -0.7452 -1.8284 
31.3036 24.1791 -1.8645 -0.3037 5.2666 -2.2113 -5.7779 -3.0759 -4.2328 -3.6322 0.3605 -0.5080 -1.8039 
32.1957 24.0317 -3.3768 -0.8076 5.4735 -2.5337 -5.4091 -1.2582 -2.7416 -3.4987 0.1751 -0.3229 -1.6373 
31.5197 24.1736 -2.1302 -0.3860 5.0841 -2.6169 -5.6868 -2.3577 -3.7917 -3.9065 -0.1805 -0.8882 -1.8813 
31.6482 23.9309 -2.9264 -0.9317 5.2211 -2.3056 -5.7321 -2.6158 -3.9101 -3.9756 -0.6209 -1.7719 -2.6734 
32.3546 24.9954 -1.9017 -0.1099 6.0787 -1.3231 -5.1624 -2.6918 -3.8813 -3.2287 0.3279 -1.2566 -2.2083 
33.5058 25.1039 -3.4125 -0.7716 6.1337 -2.0084 -5.7244 -2.1231 -3.3331 -3.6031 -0.1891 -1.2993 -2.2178 
34.7930 25.5796 -4.4791 -1.3533 6.1381 -2.2122 -5.5040 -1.3554 -3.0227 -3.5799 0.3885 -0.5760 -2.0298 
33.4807 25.1138 -3.6783 -1.6288 5.3144 -2.1101 -5.4783 -2.2578 -3.8309 -3.7645 0.3085 -0.7300 -1.9556 
35.1586 26.2028 -4.2656 -2.1147 5.2310 -2.5223 -5.6471 -1.5862 -3.1521 -3.7310 0.1794 -0.6611 -1.9507 
35.6075 26.7107 -3.9521 -1.9396 5.1377 -2.8483 -5.7349 -1.2954 -2.9399 -3.6745 0.3199 -0.7885 -2.3723 
36.9778 27.0079 -5.4356 -2.6444 5.1217 -3.5343 -6.3468 -0.9399 -2.2689 -3.4382 0.0919 -0.9930 -2.4561 
35.6584 27.2081 -3.4195 -2.7763 3.3440 -3.6546 -5.1285 -0.2204 -1.5138 -2.1646 0.5052 -1.9388 -3.1259 
35.8385 26.6459 -4.5633 -3.0975 3.3052 -3.9887 -4.8315 0.5178 -1.5025 -2.5340 0.3628 -2.4718 -4.1644 
36.1323 26.9294 -4.1988 -2.5234 3.4241 -4.1275 -4.0760 1.7054 -1.3130 -2.7832 0.7762 -2.3734 -4.9776 
36.4085 27.3724 -4.2826 -3.5535 2.5064 -4.4161 -4.6077 0.9822 -1.4367 -2.7936 0.3320 -2.6233 -5.0478 
35.9241 27.2339 -3.8798 -3.5919 2.2575 -3.8939 -3.8302 0.8758 -1.9300 -2.7731 0.2613 -3.2255 -5.2039 
35.5678 26.7031 -4.3669 -3.5134 3.0743 -3.4314 -4.1014 1.2042 -1.0918 -3.1919 -0.9139 -3.2634 -4.7561 
35.1423 26.7327 -3.8313 -3.5595 2.9923 -2.5905 -3.1798 1.2252 -1.3658 -3.0779 -0.6517 -2.9952 -4.3690 
34.7995 26.0424 -4.5083 -3.8076 2.8061 -2.8113 -3.1465 0.9466 -2.2915 -3.6659 -0.6085 -3.3054 -4.9990 
34.8356 26.0130 -4.5666 -3.3844 4.0463 -1.4362 -2.4667 1.1427 -2.2652 -4.0994 -1.0095 -2.5649 -3.6178 
35.2782 25.8406 -5.2802 -3.2873 4.1351 -2.2193 -2.8767 1.4706 -2.4834 -4.6738 -0.7516 -1.9360 -3.6809 
34.4617 25.3478 -5.0252 -3.0678 4.5297 -1.5974 -2.6741 1.5541 -2.0363 -4.5787 -1.2105 -2.1829 -3.9566 
33.9000 24.7877 -4.7736 -2.1472 4.7554 -2.6051 -3.5560 1.7331 -1.6886 -4.8179 -1.2825 -1.4330 -3.2385 
33.2332 23.0144 -6.0705 -0.8177 6.1215 -3.2005 -3.4515 3.2226 -1.4995 -5.5583 -0.8040 -0.8664 -3.9888 
32.3610 20.9670 -7.1214 1.3156 7.6547 -4.3901 -3.4907 5.0958 -1.1142 -6.2954 -0.3975 -0.1116 -3.6671 
31.9620 20.2623 -7.7097 1.1430 7.3779 -4.8945 -3.6800 5.0936 -1.2598 -6.2419 -0.1419 -0.1464 -3.8891 
31.5507 19.4726 -8.4745 1.0482 7.7220 -4.7467 -3.6845 5.2972 -0.7902 -5.6194 0.4536 0.1048 -4.3154 
31.3681 19.0901 -8.5966 1.6957 8.4470 -4.6625 -3.8112 5.2743 -0.9088 -5.3713 1.4234 0.8333 -4.4231 
31.3424 18.5346 -9.5094 1.6891 9.4166 -3.8220 -3.7327 4.6492 -1.9357 -6.2766 1.0373 0.9460 -3.9585 
32.1238 18.0314 -11.7105 0.7894 10.2821 -3.1838 -3.8910 4.3465 -2.2296 -6.4571 1.0873 0.7963 -4.5635 
33.1497 18.2497 -12.5863 1.0060 10.9574 -3.9111 -5.0181 4.5212 -1.4140 -6.0465 1.4046 1.3571 -3.8427 
32.1324 17.6794 -12.5907 0.1451 10.2300 -3.6551 -5.2696 3.4113 -1.9530 -6.1303 0.8670 0.9097 -3.8813 
34.2024 20.3816 -11.1014 0.2644 10.7603 -2.1344 -4.1694 3.6972 -2.0781 -6.8887 0.1368 1.2756 -3.1762 
36.0444 23.0236 -10.2305 -2.1010 8.2783 -2.1454 -3.9068 2.7824 -2.5173 -7.1121 -1.6028 -0.6280 -3.2079 
38.6914 25.4795 -10.5054 -3.8101 7.8517 -0.8986 -3.3180 1.7482 -3.3315 -6.5844 -1.0404 -0.9669 -3.3887 
39.5281 26.6222 -10.2391 -4.6878 7.6766 0.2944 -2.6825 1.1618 -3.6467 -6.1326 -0.5658 -0.6666 -3.0870 
39.4094 26.8407 -10.0264 -5.0677 7.7680 1.0112 -2.7296 0.6199 -3.5143 -5.9249 -0.8735 -0.7759 -2.9780 
38.6998 26.2947 -10.1943 -5.7258 6.7896 0.3932 -3.1347 0.1388 -3.8628 -6.1733 -1.3102 -1.2910 -3.4104 
38.3725 26.8487 -9.0822 -6.0735 5.9723 0.7510 -2.5965 0.0712 -3.6788 -5.7583 -1.2860 -1.2613 -3.1711 
38.1092 27.1259 -8.1345 -5.5853 6.0604 1.2300 -2.0504 0.1046 -3.6969 -5.4758 -1.1923 -1.3811 -2.8389 
37.9570 27.3626 -7.3912 -5.2859 5.5746 0.6816 -2.0582 0.6485 -2.8196 -4.8479 -1.4027 -1.9780 -2.9223 
37.7198 26.8334 -7.8947 -5.5823 4.6517 -0.8563 -2.7812 1.0222 -2.5778 -5.2352 -2.0010 -2.5512 -3.2893 
36.6581 27.2600 -5.7915 -5.4317 3.3777 -0.7988 -2.0180 1.1212 -2.2010 -4.2280 -1.5134 -2.6330 -3.0804 
36.3049 27.5437 -5.0686 -5.8190 2.4884 -1.1177 -2.2748 0.7044 -2.3035 -4.1617 -1.4531 -2.6465 -3.6784 
36.2681 27.7502 -4.4747 -5.3876 2.1627 -2.0357 -2.9634 0.8602 -1.5082 -3.5399 -1.5425 -3.0873 -3.8027 
35.4145 27.3129 -3.9751 -5.1149 1.9213 -2.4605 -3.5638 0.4691 -1.2045 -3.0343 -1.4600 -3.2229 -3.9421 
35.4589 26.9636 -4.1312 -4.2643 2.1208 -3.8626 -4.5908 0.9090 -0.5480 -2.7443 -1.0611 -2.8326 -3.8668 
35.5361 27.5257 -3.3122 -4.1060 2.0054 -3.5461 -4.3341 0.6842 -0.7341 -2.5888 -0.8127 -2.5886 -3.5976 
35.0734 27.1547 -3.1511 -3.8669 1.7673 -3.9196 -4.1986 0.9685 -0.9913 -3.0455 -0.8193 -2.3385 -3.4684 
36.0253 27.3180 -4.2930 -4.4148 1.8613 -4.2886 -4.7869 0.7743 -0.9521 -3.0115 -0.8884 -2.4610 -3.4115 
36.6398 28.1079 -3.8145 -4.2892 2.0373 -3.7835 -4.1910 1.2038 -0.6003 -2.5743 -0.4055 -2.0818 -3.0659 
37.2773 28.3879 -4.2652 -4.3624 2.6407 -3.2356 -4.0990 0.9988 -0.9165 -2.8181 -0.3937 -1.7514 -2.4473 
38.1543 28.8959 -4.9664 -5.3387 2.2777 -3.0328 -3.9134 0.7946 -1.2826 -2.9667 -0.4674 -2.0067 -2.5912 
38.1182 28.7045 -5.5226 -6.0276 2.0699 -2.8253 -4.0249 0.3516 -1.3610 -2.6358 -0.2308 -1.8921 -2.4565 
38.3364 28.0419 -6.5543 -5.4980 2.7190 -3.7421 -4.9121 0.4791 -1.6067 -3.3931 -0.2962 -1.5026 -2.6162 
38.3252 28.5997 -6.4123 -7.0762 1.9739 -2.0076 -3.7661 -0.8046 -2.9000 -3.2160 0.0416 -1.7199 -2.8150 
37.6957 27.0895 -7.8759 -6.8788 2.6340 -2.5834 -4.5299 -0.7033 -3.0143 -4.1208 -0.6337 -1.7257 -2.8934 
36.9948 27.3449 -6.2615 -5.9203 2.8933 -1.9154 -3.7223 -0.0853 -2.1490 -3.2050 -0.0268 -0.9992 -1.9745 
36.9626 27.3958 -6.7656 -7.3772 2.0121 -1.5828 -3.8906 -1.3142 -2.9049 -3.0914 -0.0910 -1.4298 -2.2849 
36.9449 26.9466 -6.7199 -5.6991 3.2461 -2.1802 -4.1692 -0.2833 -2.2958 -3.1778 0.3194 -0.8822 -2.4521 
35.0388 26.5936 -4.7012 -5.1337 2.7913 -1.3840 -3.3246 -0.4817 -2.2262 -2.7008 0.2817 -0.9971 -2.2802 
36.3298 27.5250 -5.4104 -6.4119 2.2194 -1.5579 -4.1975 -1.9228 -3.1065 -2.7933 0.1055 -1.6812 -2.9506 
35.2678 26.5384 -4.8943 -4.6571 3.2892 -1.9257 -4.3979 -1.0538 -2.2966 -2.6514 0.3970 -0.9862 -2.6877 
33.9247 26.0598 -3.9304 -4.7336 2.2661 -2.0880 -3.8116 -0.5939 -1.8236 -2.2432 0.2081 -1.6205 -3.3009 
34.0211 26.2035 -3.5367 -4.0382 2.5803 -2.5367 -4.3837 -0.7633 -1.8983 -2.4329 0.3894 -0.7071 -2.2288 
31.9711 24.9606 -2.8415 -3.9248 1.9355 -2.6499 -4.2759 -0.7565 -1.4308 -1.9567 0.0528 -1.4201 -2.7686 
30.4556 23.7429 -2.6696 -3.6234 1.7302 -2.7646 -4.1253 -1.0076 -2.2227 -2.4655 0.3390 -0.9703 -2.9858 
29.4561 22.6099 -2.9059 -2.9536 2.2030 -3.3093 -5.1431 -1.7409 -2.6758 -2.7689 0.2047 -1.2169 -3.5648 
28.6288 22.1594 -2.0735 -1.6654 2.9608 -3.1135 -4.7596 -0.6483 -1.3092 -1.9644 0.4566 -0.7468 -2.7444 
27.0172 20.8579 -1.9907 -1.3294 3.4677 -1.8042 -3.1166 0.2966 -1.3815 -2.5770 0.0943 -0.5943 -2.5307 
25.8569 19.9104 -2.0178 -1.5094 2.6991 -2.6579 -3.5788 0.4958 -0.5978 -1.8049 0.5993 0.0805 -1.7634 
25.3692 18.8796 -3.1319 -1.8029 3.0066 -2.5372 -3.8525 -0.2408 -1.6771 -2.4702 0.6860 0.3505 -1.4630 
24.1838 18.0243 -2.9328 -1.7777 2.5554 -2.7846 -3.6915 0.0050 -1.6539 -2.7007 0.5400 0.3912 -1.6113 
22.9456 16.5164 -3.8732 -2.1838 2.4333 -2.7376 -3.3744 0.5564 -1.2730 -2.8553 0.0641 0.0835 -1.7451 
21.9647 15.5563 -3.8978 -1.7040 2.4963 -3.1998 -3.7831 0.2983 -1.5142 -2.8392 0.2332 -0.0768 -1.9655 
21.7996 15.7020 -3.6208 -1.9074 2.5726 -2.3930 -3.1471 0.5165 -1.2053 -2.7275 -0.0867 -0.2781 -2.0543 
21.5519 15.3095 -3.7914 -1.7513 2.5354 -2.5151 -2.8163 0.7761 -1.6670 -3.4588 -0.6843 -0.7759 -2.1505 
20.7482 14.7170 -3.6158 -1.5074 2.5164 -2.7446 -3.1469 0.7742 -1.1136 -2.7820 -0.1159 -0.1694 -1.8027 
20.2478 14.0069 -4.2129 -1.7481 2.6868 -2.3578 -2.6180 1.4605 -0.5846 -2.8089 -0.6186 -0.7371 -2.0718 
19.9625 13.8671 -3.9104 -1.2196 3.2398 -2.0574 -2.8423 0.9325 -0.9189 -2.7602 -0.2102 -0.1148 -1.6769 
19.6908 13.8065 -3.7397 -1.4655 2.8525 -1.8437 -2.2840 1.0107 -1.4165 -3.3186 -0.5310 -0.2919 -1.9872 
19.4029 12.8901 -4.9084 -1.8100 2.9001 -2.2639 -2.8573 0.6264 -1.7659 -3.4959 -0.5228 -0.3378 -1.7455 
19.8568 13.7691 -4.1255 -1.9221 2.3913 -2.0998 -2.2538 0.8343 -1.7401 -3.0208 0.1274 -0.1412 -1.9265 
19.4010 13.2975 -4.2587 -1.7420 2.7471 -1.9160 -2.3347 0.9180 -1.4014 -2.8934 0.0318 -0.0788 -1.8155 
19.2843 13.1868 -4.3391 -1.8031 2.9187 -1.5279 -2.1077 0.9241 -1.3622 -3.0442 -0.7566 -1.2092 -2.5835 
18.8168 12.6422 -4.5201 -1.6672 2.9380 -1.7581 -2.3047 0.8263 -1.4015 -2.8064 -0.2424 -0.8088 -2.3877 
18.5464 12.4764 -4.2584 -1.2949 2.8727 -2.2121 -2.4241 1.3157 -0.9727 -2.8998 -0.3480 -0.4363 -1.9254 
18.6858 12.5958 -4.2069 -1.2382 2.8853 -2.1628 -2.3464 0.9953 -1.7958 -3.5888 -0.5675 -0.6366 -2.4120 
17.7223 11.5662 -4.8799 -2.0191 2.1570 -2.4540 -2.2940 1.2567 -1.2939 -2.9402 0.1041 -0.0822 -2.1582 
17.8298 11.9635 -4.2686 -1.5478 2.6573 -1.8958 -2.1581 1.2061 -0.7180 -2.0720 0.2715 -0.3454 -1.9441 
18.4604 12.6182 -4.1777 -1.8124 2.5891 -1.7778 -2.3566 0.6839 -1.1847 -2.5327 -0.4367 -1.1497 -2.5028 
18.5921 12.3727 -4.6085 -1.7038 2.6019 -2.1331 -2.1587 1.1352 -1.6544 -3.3818 -0.4779 -0.6389 -2.0411 
18.0163 12.0613 -4.1560 -0.9222 3.4456 -1.7216 -2.4866 0.8995 -1.2402 -3.1945 -1.0486 -1.2953 -2.3909 
18.0721 12.0593 -4.5082 -1.7437 2.5660 -2.2067 -2.6029 1.0201 -0.8310 -2.6079 -0.5719 -0.9904 -2.1256 
17.7514 11.8938 -4.1104 -1.1838 2.8054 -1.9840 -2.0627 1.3005 -1.1115 -2.6188 0.0966 -0.4170 -2.1909 
17.6299 11.7153 -4.2972 -1.1778 3.1624 -1.7151 -2.2538 1.0238 -1.2815 -2.9845 -0.2847 -0.5419 -2.4969 
16.9507 10.9543 -4.9056 -2.0044 2.2518 -2.3359 -2.5440 1.0103 -1.1097 -2.9349 -0.3345 -0.1513 -1.6059 
17.3424 11.6699 -3.9831 -1.1246 3.1068 -1.2665 -1.4820 1.5300 -1.1125 -2.9680 -0.1823 0.1092 -1.3539 
17.8896 11.8897 -4.4489 -1.2104 3.7642 -0.9037 -2.1581 0.6163 -1.0641 -1.9913 0.6913 0.2648 -1.5651 
28.3464 18.4581 -9.9836 -6.5039 6.3645 4.3582 -0.6144 -1.3124 -2.8259 -1.5217 1.9548 0.2130 -1.7541 
32.3497 23.2991 -6.5828 -4.4790 6.5062 2.9937 -2.1088 -2.8751 -5.1404 -3.9892 0.2009 -0.8282 -2.1651 
35.4696 25.3998 -7.7651 -5.6514 6.6704 2.8516 -2.9582 -3.2768 -5.1500 -4.5104 -0.5823 -1.0775 -2.1723 
35.2542 24.8832 -7.7938 -4.3964 7.8133 2.7264 -3.3157 -3.3543 -5.7954 -5.4272 -0.6772 -0.5682 -1.8277 
35.4802 25.2911 -7.6439 -4.8791 7.5104 3.4140 -2.2640 -2.6681 -5.0908 -4.4813 -0.0790 -0.4574 -1.6441 
37.5686 25.8279 -9.5749 -5.2013 8.3447 2.5221 -3.6150 -2.3822 -4.4537 -4.6228 -0.2352 -0.7486 -2.5227 
35.7844 24.5874 -9.1243 -5.1387 7.5075 2.4781 -2.5332 -1.6428 -4.3534 -4.3415 0.0253 -1.0550 -3.0816 
38.0321 26.0017 -9.9198 -5.4396 8.3029 2.9669 -2.5909 -1.8783 -4.7615 -4.4868 0.2982 -0.9892 -2.9780 
37.3969 26.0720 -9.2539 -5.9076 7.5365 2.7718 -3.3539 -3.0310 -5.0836 -4.8230 -0.7856 -1.5521 -2.9925 
37.5131 26.2501 -9.1735 -6.0241 7.4947 3.1334 -2.7148 -2.5691 -5.0829 -5.0191 -0.5027 -0.6316 -2.3074 
37.0042 25.7520 -9.0037 -5.3648 7.7714 2.8929 -2.8629 -2.6324 -5.1958 -4.6902 0.1934 -0.3328 -2.3104 
35.9302 25.4152 -8.0970 -5.1430 7.4516 3.1863 -2.6012 -2.9775 -5.1716 -4.1636 0.0597 -1.1080 -2.5869 
34.5353 24.9055 -6.9057 -4.5412 7.1369 2.9695 -2.7821 -3.0805 -4.7903 -3.9712 -0.5368 -1.8110 -2.8584 
34.9351 24.7747 -7.5351 -4.5497 7.0959 2.3318 -2.9937 -2.8001 -4.9612 -4.0528 0.2384 -1.1531 -3.1517 
33.8042 24.3155 -6.8044 -4.5006 6.6692 2.7291 -2.3386 -2.8206 -5.1694 -4.0889 -0.0618 -1.6857 -3.4764 
34.1460 24.3120 -6.8928 -3.6280 7.4115 2.0748 -3.0073 -2.0354 -4.0443 -3.8552 0.0739 -0.8771 -2.7292 
33.5079 24.0857 -6.6866 -4.0451 7.4148 3.3594 -2.1828 -2.8094 -4.9543 -3.8695 0.2099 -0.9135 -2.3922 
32.8592 22.8007 -7.6400 -3.7420 7.4359 2.3540 -2.0860 -1.2089 -4.5041 -5.2016 -0.6601 -0.7328 -2.7493 
30.0048 20.6729 -6.6980 -2.5635 6.4485 0.4786 -2.3950 0.0219 -3.4400 -4.8226 -0.3738 -0.4581 -2.5380 
26.2012 18.6087 -5.1987 -2.4522 5.9100 1.8422 -1.6808 -1.4688 -4.5196 -4.7695 -0.6010 -0.6723 -2.4806 
26.3769 19.1529 -4.6104 -2.5567 5.5510 1.8883 -1.7556 -1.9184 -4.4618 -4.1763 -0.6025 -1.2673 -2.7206 
25.3226 18.1550 -4.9195 -2.9826 4.6196 1.0266 -2.0430 -1.9305 -4.7100 -4.5905 -0.7550 -1.1805 -2.8732 
23.8346 17.3297 -3.9054 -1.8726 4.9753 1.2471 -1.3957 -0.8482 -3.6910 -4.0527 -0.2345 -0.2998 -2.2734 
23.2965 16.5016 -4.4665 -1.9356 4.7468 0.7676 -1.2395 -0.0166 -3.0062 -3.8130 -0.4548 -0.9972 -2.9101 
34.6820 19.7705 -14.3300 -3.8307 8.9373 -1.8062 -4.9526 1.2946 -2.9510 -5.5558 0.7540 0.3666 -3.5140 
31.7866 16.1250 -15.6186 -2.0159 10.6617 -2.3377 -5.3077 2.7260 -1.9673 -6.3334 -0.2635 0.0607 -3.5927 
30.0139 15.0628 -15.7736 -3.6353 9.3881 -1.6063 -4.9883 1.8889 -1.6833 -5.1532 -0.0651 -0.2396 -3.5798 
27.7851 14.9746 -12.9470 -3.1774 8.1686 -1.1279 -4.2934 1.2072 -2.0432 -4.9697 -0.4579 -0.2947 -2.7107 
25.9381 14.3875 -11.3739 -3.0611 6.5091 -1.9871 -3.8541 1.8489 -1.5586 -4.7374 -0.4698 -0.1031 -2.2530 
24.2562 13.6983 -10.1758 -2.4846 6.4626 -1.6842 -3.7948 1.9849 -0.3529 -3.5154 -0.2762 -0.0403 -2.0673 
23.7967 14.2854 -8.5795 -2.1077 6.0265 -1.7106 -4.0376 1.2712 -0.9794 -4.2763 -0.9874 -0.0452 -2.0815 
22.7952 13.9939 -7.5425 -1.5981 5.6554 -1.9765 -4.1546 1.1308 -0.5927 -3.4472 -0.5188 -0.0505 -2.3485 
21.2553 13.3991 -6.5692 -1.7807 4.7897 -1.2950 -2.8318 1.1607 -1.1323 -3.2597 0.0529 0.5813 -1.3702 
20.5915 13.0077 -6.3193 -2.0321 3.7007 -1.9982 -2.3974 1.7739 -1.2706 -3.7609 -0.4680 -0.3750 -2.5356 
19.5532 12.5810 -5.3508 -1.1330 4.0202 -1.9615 -2.8548 1.1058 -1.2272 -3.1781 -0.1877 -0.2784 -2.3403 
19.1470 12.0321 -6.0520 -1.9748 3.7773 -1.2208 -1.8466 1.7677 -0.7179 -2.7895 -0.3438 -0.9140 -2.7605 
19.2422 12.5641 -5.2970 -2.0174 3.0140 -1.7189 -1.8874 1.7048 -0.8803 -2.9659 -0.6538 -1.1631 -2.5800 
18.7085 12.1492 -5.3548 -2.0162 3.4155 -0.9923 -1.6196 1.4256 -1.2126 -3.1062 -0.2514 -0.1951 -1.9755 
18.8506 12.5473 -4.5897 -1.3035 3.5291 -1.3186 -2.0464 0.7669 -1.8819 -3.1321 0.2514 0.2272 -1.7609 
30.8621 21.3925 -7.7838 -4.8499 6.2186 2.1904 -2.9745 -3.0671 -4.8076 -4.0561 -0.4976 -1.0661 -1.4412 
31.1114 21.9841 -7.1729 -4.8072 6.0267 2.3281 -2.6169 -2.8247 -5.0042 -4.7688 -1.0896 -1.0992 -1.4277 
34.0540 23.8704 -7.8388 -4.4937 7.3295 2.7623 -2.1788 -1.6794 -4.4556 -4.7824 -0.5365 -0.5270 -1.6259 
36.9921 25.4896 -9.5323 -5.4192 8.5171 3.4420 -3.2385 -3.0395 -4.9694 -4.6648 -0.3032 -0.3180 -1.4552 
36.9653 25.6420 -8.9754 -4.7735 8.5742 2.9098 -3.4080 -2.4480 -4.5078 -4.7813 -0.1354 0.3386 -1.4804 
36.8986 25.6462 -9.0995 -5.4803 7.7059 2.8407 -2.7555 -2.1759 -5.0440 -5.5237 -0.7905 -0.4674 -2.1666 
38.2762 25.6410 -11.3097 -6.7297 7.8501 3.0479 -2.1769 -1.3080 -5.0148 -5.8653 -0.5510 -0.3194 -2.4783 
37.7778 25.7284 -10.0192 -5.2356 8.7052 2.8438 -3.3071 -2.1640 -4.6954 -5.1199 -0.2214 0.0275 -1.6913 
38.6343 26.7350 -9.8898 -5.9751 8.4179 3.4120 -2.9389 -2.0917 -4.2592 -4.8848 -0.7813 -0.5996 -2.0159 
38.6007 26.7761 -9.9490 -6.2760 8.3616 3.6092 -3.1364 -2.5382 -4.2976 -4.6830 -0.7183 -0.4876 -1.8717 
36.2417 25.3184 -8.4110 -5.0322 6.5801 1.1554 -3.1266 -1.6021 -4.8390 -5.3887 -0.2638 -0.3801 -2.8869 
34.3607 24.3020 -7.4378 -4.4191 6.6866 1.6977 -2.9786 -2.2317 -5.0602 -5.0311 -0.1717 -0.4654 -2.7689 
34.3733 24.7899 -7.0716 -5.0589 6.6036 2.9253 -2.3079 -2.4993 -4.7569 -4.4296 -0.1808 -0.2491 -2.0422 
34.4018 24.4885 -7.2658 -4.2980 7.4267 2.8762 -2.6197 -2.5704 -4.7137 -4.2160 -0.1665 -0.8142 -2.2591 
33.0036 23.7257 -6.7582 -4.6496 6.0912 1.9080 -3.1656 -3.1092 -4.8838 -3.9165 -0.0910 -1.6126 -3.6777 
32.6899 23.4134 -6.6424 -3.9968 7.0054 2.8155 -2.2624 -2.2555 -4.3325 -3.7887 -0.0350 -1.0456 -2.5981 
30.6755 21.9600 -6.4451 -4.2980 5.9678 2.3199 -1.9955 -1.7735 -4.4134 -4.9604 -1.1705 -0.8097 -2.0976 
28.2006 20.1841 -5.3852 -2.7310 5.9429 1.3108 -2.3704 -1.3718 -4.2202 -5.0542 -0.7879 -0.2541 -2.3113 
26.7569 19.4009 -4.6729 -2.5607 5.5205 1.8959 -1.2810 -1.3745 -4.6568 -4.5581 -0.0524 -0.2610 -2.5358 
25.3763 18.1578 -4.8751 -2.5515 5.3851 1.7376 -1.3575 -1.0021 -3.7486 -3.7920 0.1703 -0.2647 -2.5666 
23.7407 16.5683 -5.1260 -2.3563 5.0341 1.2686 -1.1773 -0.6333 -3.8272 -3.9758 0.1360 -0.4041 -2.5979 
33.9922 20.3636 -13.1439 -5.2193 7.1384 -1.2675 -4.0209 1.4570 -2.1700 -4.7516 0.5898 0.5645 -2.6276 
36.0263 20.6021 -14.8862 -4.4974 8.0759 -3.2163 -5.7639 1.5319 -3.0439 -6.6586 -0.3681 0.0939 -3.0541 
32.1602 18.9345 -12.3890 -3.5189 7.9320 -1.8379 -4.8521 1.3292 -2.1223 -5.5469 -0.7479 -0.0796 -2.1981 
28.5943 17.3730 -10.2580 -3.4664 6.0946 -1.8515 -4.0443 1.0703 -2.0940 -4.7773 -0.4797 -0.1389 -2.2222 
26.4083 16.0369 -9.6000 -3.4812 5.4001 -1.8583 -3.9731 0.8135 -1.8780 -4.5796 -1.2302 -0.9478 -2.0945 
24.4420 14.6359 -9.6254 -4.1571 4.7049 -1.3993 -3.3971 1.0193 -1.3664 -4.1645 -1.2627 -0.8435 -2.1974 
23.3818 13.9576 -9.4478 -4.4073 4.0430 -2.0464 -4.3794 0.0176 -1.6078 -3.9635 -1.1497 -0.7416 -2.4288 
23.4668 14.6903 -8.1715 -3.5242 5.0647 -0.1601 -2.5769 0.8493 -1.2722 -3.7125 -0.9418 -0.0889 -1.2717 
22.4867 14.0436 -7.8823 -3.5498 4.2942 -0.9168 -2.9249 0.6275 -1.5109 -3.8680 -1.0189 -0.1784 -1.4365 
23.7276 15.3798 -7.5703 -4.2232 3.3033 -1.5941 -3.2536 0.3997 -1.6202 -3.7922 -1.0710 -0.5778 -1.6613 
22.5172 14.2575 -7.6647 -3.9087 3.3638 -1.9674 -3.8859 -0.0697 -1.7148 -3.9187 -1.6072 -1.2964 -2.4454 
23.2501 15.0997 -6.9743 -3.1643 3.7363 -2.0436 -3.2903 1.7182 -0.0793 -3.5063 -1.6290 -0.9316 -2.0157 
22.8327 14.2902 -7.8474 -3.5051 3.8364 -1.9820 -3.3330 1.6580 -0.0937 -3.1493 -0.7558 -0.0883 -1.8010 
24.6651 14.9585 -8.8695 -2.8771 5.2049 -2.3004 -3.9343 2.1280 -0.1802 -4.2928 -1.3836 0.1049 -1.5631 
26.4911 14.3879 -12.1192 -3.3219 6.2243 -3.1465 -4.5301 2.8099 -0.4675 -4.8208 -0.6193 0.2435 -2.9118 
28.0997 14.6895 -13.4308 -2.8407 7.3798 -3.5678 -5.0076 3.2315 -0.3122 -4.5005 0.4119 0.7566 -2.6552 
29.4457 14.7490 -14.8227 -2.3299 8.9842 -2.9870 -4.5717 3.9044 -0.2941 -4.3485 1.1929 0.9937 -2.6837 
30.1935 14.8807 -15.6286 -2.6617 8.8532 -3.5756 -4.8619 4.0395 -0.6641 -4.9938 0.9854 0.6438 -3.6696 
30.9413 15.6692 -15.0261 -1.7635 9.7990 -3.0513 -4.6849 4.0262 -0.7604 -4.8718 1.3158 0.8080 -3.6452 
31.4321 15.5059 -16.1963 -2.5687 9.6325 -3.1730 -4.7865 4.0023 -0.8033 -4.6118 2.0781 1.7189 -2.8628 
32.0331 15.6836 -16.9301 -3.1246 9.7975 -2.8124 -4.7375 3.7393 -1.2174 -5.0909 1.6398 1.5484 -2.7501 
33.1186 16.8020 -16.6203 -3.2075 9.7637 -2.9427 -4.8094 4.3088 -0.5493 -5.4949 0.6376 1.2079 -2.6201 
32.4598 15.8913 -17.8941 -4.8283 9.0219 -2.4911 -4.4158 4.2930 -0.3161 -5.3775 0.0706 0.7908 -2.0995 
32.3491 16.6076 -17.0034 -5.5034 8.4236 -1.6275 -4.1044 3.1532 -1.2081 -5.5290 -0.0342 0.8088 -2.1020 
30.6524 16.8780 -13.7344 -3.7835 7.8307 -2.2692 -4.8812 1.7909 -1.9110 -5.5693 -0.5806 -0.0338 -2.8368 
37.7390 24.7787 -10.8871 -4.8955 7.1070 -0.8046 -3.9662 0.5568 -3.0055 -5.1960 -0.5524 -1.0139 -2.9895 
39.2223 26.4489 -10.1909 -5.1192 6.5715 -0.8524 -3.4625 0.7710 -3.3767 -5.3389 -0.0878 -0.5143 -2.6022 
36.2876 24.9985 -8.6284 -4.6215 6.0921 -0.2506 -2.6821 0.9660 -3.2915 -6.0730 -1.4919 -0.9349 -2.5000 
35.5285 24.7332 -7.9956 -4.4040 5.6682 -0.8883 -3.4972 0.5487 -2.7546 -5.5248 -1.8015 -1.1837 -1.7922 
31.6347 22.0362 -6.8875 -3.1535 6.1996 0.1983 -2.2915 1.5473 -1.5275 -4.7081 -1.4792 -0.3501 -1.1799 
29.4634 20.3673 -6.6437 -2.9559 5.7598 -0.0274 -2.4575 0.6946 -2.8961 -5.8253 -1.8889 -0.3842 -1.6778 
28.2804 20.1579 -5.5098 -3.1471 4.6416 0.0628 -1.5689 1.1961 -2.3151 -4.9449 -1.4710 -0.4263 -1.6274 
26.5935 19.0919 -4.7136 -2.4491 4.2986 -0.4988 -1.8859 0.9077 -2.4442 -4.7544 -1.3221 -0.5442 -1.6432 
25.4760 17.9322 -5.1433 -2.4159 4.5921 -0.2193 -1.8919 0.8114 -2.4466 -4.8353 -1.3191 -0.1427 -1.2316 
23.2485 15.8827 -5.6815 -3.0032 3.5034 -0.9468 -2.1408 0.5837 -2.5761 -4.8144 -1.4767 -0.4269 -1.3670 
27.3662 18.2407 -7.4227 -3.7989 3.7054 -2.0464 -2.3930 2.7913 -0.3198 -3.5249 -0.0364 0.5586 -1.5407 
36.3202 22.5504 -13.1412 -7.2712 3.4590 -4.6525 -4.5717 3.1692 -1.2220 -5.4818 -0.2736 0.3993 -2.5414 
33.1348 19.6320 -12.8329 -4.5705 6.6100 -2.8809 -4.4322 3.4079 0.0511 -4.5468 -0.3438 0.7017 -1.4163 
34.8070 18.6652 -16.7004 -5.5894 7.2798 -3.6570 -4.4413 4.8782 0.3365 -5.0423 -0.3648 -0.2789 -3.0377 
33.6818 17.2294 -17.2581 -4.8848 8.3400 -3.0173 -4.3064 4.1619 -0.8354 -4.9855 1.2450 1.1673 -2.5386 
33.8853 17.7204 -16.5650 -4.3989 8.3609 -3.4145 -4.5129 4.8661 0.2237 -4.7842 0.8004 0.9406 -2.9009 
33.7578 17.5960 -16.3378 -3.6269 9.2776 -2.8880 -4.5560 4.4043 -0.1653 -4.6604 1.2561 1.3311 -2.7022 
33.0961 17.0115 -16.5135 -3.9993 8.6735 -3.1355 -4.3220 4.6109 -0.4118 -5.4402 0.1771 0.5645 -2.6709 
32.4933 16.3325 -17.1136 -4.7299 8.2123 -3.3528 -5.1375 3.2981 -1.0425 -5.3235 0.0261 0.1556 -2.6514 
32.1344 16.2289 -16.7041 -4.3462 8.5494 -2.8365 -4.7435 3.2820 -1.1437 -5.1220 0.3626 0.2407 -2.6766 
31.0834 15.9341 -15.8112 -4.1861 8.2366 -2.6542 -4.8881 2.5973 -1.1300 -4.4914 0.5140 0.0402 -2.7956 
30.9151 16.9537 -14.6428 -5.6568 6.3500 -2.5529 -4.9686 1.3728 -1.5122 -4.2497 -0.0680 -0.6087 -2.8697 
29.9795 16.2971 -14.5822 -5.6302 6.7689 -1.6122 -4.4320 1.6204 -0.8267 -3.6581 0.0056 -0.3433 -2.3885 
27.8358 15.6478 -12.2998 -4.2957 6.2274 -1.7860 -3.8469 1.8361 -0.9023 -3.4728 0.3522 -0.1032 -2.4392 
25.2063 14.3125 -10.7452 -3.5852 5.4490 -2.0672 -3.6867 1.6274 -1.0517 -3.6102 -0.2071 -0.3993 -2.0205 
24.2732 14.2551 -9.4238 -2.8817 5.4610 -1.8505 -3.6073 1.5199 -0.7703 -3.3102 -0.2804 -0.3849 -2.0127 
22.8330 13.5540 -8.7951 -3.0720 4.7304 -1.9790 -3.8050 1.0707 -0.5807 -2.9194 -0.4856 -0.5832 -1.9068 
21.6740 13.3209 -7.4493 -2.4291 4.5444 -1.6770 -3.3938 0.8128 -0.9463 -2.8717 -0.2966 -0.5057 -2.0298 
21.5510 13.7523 -6.4611 -2.0215 4.5300 -1.0629 -2.2415 1.5971 -0.7621 -2.8254 -0.0812 -0.2683 -1.8840 
20.5907 13.0101 -6.2872 -1.5615 5.0449 -0.6377 -2.2809 1.3878 -0.5624 -2.5004 -0.0756 -0.3265 -1.8243 
20.1085 12.9497 -5.7391 -1.7553 3.9757 -1.1123 -1.5864 2.0486 -0.8669 -3.2104 -0.4228 -0.4141 -2.0287 
20.0160 12.8938 -5.7857 -2.0778 3.2542 -2.0785 -2.4538 1.6402 -0.7166 -2.7058 0.0778 -0.2833 -2.1981 
20.3687 13.6339 -5.0097 -1.6435 3.8171 -1.5074 -2.7113 1.0652 -0.5762 -2.4126 -0.1771 -0.4722 -2.1427 
19.1824 12.1900 -5.9642 -2.3082 3.2465 -1.6220 -2.1558 1.6156 -0.6309 -2.7292 -0.2415 -0.1717 -1.4964 
20.9062 13.9492 -5.0545 -1.2744 4.5308 -0.6386 -1.6276 1.6669 -0.9141 -2.7014 0.3316 0.3187 -1.4125 
26.0158 20.4588 -0.3902 1.3116 5.5609 -0.9322 -3.4915 -1.3702 -3.8497 -4.6728 -0.8615 -0.4879 -1.7875 
27.2931 20.6167 -2.2103 0.3940 6.3652 -0.2561 -3.8834 -2.0807 -3.9276 -3.8685 -0.1134 -0.8868 -2.6603 
29.3696 22.2478 -2.7170 -0.6877 5.7558 -1.0328 -5.2076 -3.0106 -3.7250 -3.2263 -0.0583 -1.3085 -2.7718 
30.4303 22.9957 -3.2412 -1.2256 6.3113 -0.5474 -6.3028 -4.5935 -3.9288 -2.5119 0.3187 -0.9666 -2.0479 
33.9104 24.9646 -4.7970 -2.0262 6.4380 -1.4590 -6.9300 -3.8134 -3.0419 -1.8420 1.1526 -0.6417 -2.0217 
31.7961 23.8549 -3.9094 -1.6944 6.9206 -0.0231 -6.7224 -4.9621 -3.0555 -0.8672 1.3730 -0.8687 -2.1636 
33.4690 24.6008 -5.1388 -2.8048 5.8767 -1.4883 -7.3013 -4.6228 -3.3158 -1.5006 1.3565 -0.7820 -2.3925 
33.3578 24.4994 -5.2404 -2.8811 6.1236 -1.0778 -7.2183 -4.5992 -2.7096 -0.4867 2.2058 -0.1770 -1.9920 
33.4102 24.3944 -5.9912 -4.1296 5.4517 -0.9471 -7.2516 -4.8840 -2.4750 -0.0514 1.9422 -0.9469 -2.6111 
32.5208 24.0863 -4.9094 -3.2667 5.0233 -1.6255 -6.7378 -3.3905 -1.2677 0.3010 1.7095 -1.5064 -3.2313 
32.1951 23.9329 -4.8895 -3.7353 4.3554 -1.6616 -6.0608 -2.5808 -0.8659 0.1851 1.4253 -1.7757 -3.7175 
32.9194 24.5501 -5.3083 -4.8453 3.8376 -1.2357 -5.8411 -3.2121 -1.6316 -0.1292 1.3121 -1.9546 -3.8531 
29.9283 21.3000 -5.6092 -2.6878 4.8029 -2.3999 -5.8881 -1.4319 -0.9256 -0.8310 1.6553 -0.3882 -3.0026 
29.7282 21.9276 -4.4834 -3.4119 2.5985 -3.4262 -5.3754 -1.2713 -1.6705 -1.7021 0.6496 -1.6748 -3.8322 
30.1856 22.2154 -4.8915 -3.9956 2.7485 -2.3952 -4.3009 -0.8807 -1.8993 -2.1504 0.3126 -1.6962 -3.7360 
28.1158 21.1398 -3.4621 -2.6262 3.2685 -1.7860 -3.6411 -0.3234 -1.0366 -1.3549 0.5833 -1.3232 -2.9537 
28.6008 21.6229 -3.2768 -2.4903 3.5319 -1.3137 -3.0522 -0.1168 -1.6778 -2.5066 -0.0323 -0.7787 -1.9935 
27.5387 20.0960 -4.2142 -2.0508 4.5422 -1.1976 -3.5951 -0.0910 -1.1771 -2.4615 -0.4396 -1.1708 -2.4078 
26.7385 19.8171 -3.2671 -1.1344 4.7341 -1.2563 -3.4568 0.1985 -0.9608 -2.4721 -0.4988 -0.9232 -1.9266 
25.4761 18.3737 -4.0925 -1.7515 3.9781 -1.7862 -3.4898 -0.0695 -2.1310 -3.8781 -1.3379 -1.7324 -3.3419 
24.6296 17.8870 -3.7825 -1.5801 4.2885 -0.9018 -2.8568 -0.1291 -2.1071 -3.2111 -0.0845 -0.1341 -1.9939 
22.6412 15.8329 -4.8118 -2.5711 3.1257 -1.7966 -3.4362 -0.4412 -2.1986 -3.3993 -0.5014 -0.7161 -2.8940 
22.1974 15.4659 -4.6191 -1.9621 3.8213 -1.0834 -2.5162 0.7147 -0.9519 -2.0216 1.0818 0.8788 -1.4558 
21.5237 14.5941 -5.2873 -2.5332 3.1523 -1.6649 -2.7359 0.6622 -1.1627 -2.4724 0.4278 0.3216 -1.4651 
21.2927 14.4633 -5.0537 -2.2879 2.9639 -2.0362 -2.7113 1.0129 -0.9432 -2.4973 0.1929 -0.1008 -1.8271 
20.0939 13.4257 -5.0302 -1.9982 2.8384 -2.5768 -3.2225 0.9875 -0.6528 -2.3975 0.2343 0.1703 -1.7416 
19.8046 13.3805 -4.5723 -1.5403 3.1843 -2.0791 -2.8237 0.7378 -1.3924 -2.9690 -0.1147 -0.3776 -2.3291 
20.3547 13.8292 -4.5225 -1.5257 3.0357 -2.4549 -2.9124 1.1773 -0.7854 -2.5100 0.1621 -0.1254 -1.8811 
19.0459 12.5466 -5.0658 -1.8227 3.2812 -1.6788 -2.5938 0.7964 -1.1616 -2.7147 -0.0580 -0.2276 -1.9601 
19.0203 12.5394 -4.8525 -1.4894 3.0953 -2.4228 -3.1002 0.7438 -1.2815 -2.9172 0.0861 0.1196 -1.9544 
19.5657 13.0313 -4.9693 -2.0022 2.7601 -2.2677 -2.6700 1.1525 -0.9736 -2.8837 -0.3988 -0.5826 -2.1677 
19.1070 12.7301 -4.8130 -1.8625 2.7709 -2.2460 -2.7659 0.8296 -1.3567 -3.0971 -0.2868 -0.2095 -1.8056 
18.5942 12.2731 -5.1396 -2.4719 2.2640 -2.4861 -3.1567 0.5395 -1.0694 -2.6617 -0.2374 -0.5054 -2.3573 
18.3147 12.0862 -4.8666 -1.9743 2.5842 -2.1505 -2.3973 1.4915 -0.3460 -2.1618 0.0783 -0.3999 -2.2723 
18.4279 12.0812 -5.1047 -2.2054 2.5727 -1.9278 -2.3150 0.9406 -1.3256 -2.9037 -0.3602 -0.8315 -2.5200 
18.0120 12.2164 -4.0525 -1.4400 2.5411 -2.2962 -2.6875 0.6752 -1.4700 -3.1610 -0.7194 -0.8793 -2.2937 
18.2544 12.4277 -4.1089 -1.6621 2.3669 -2.2825 -2.4589 1.1769 -0.5508 -1.8754 0.4766 -0.2132 -2.0100 
18.3517 12.4020 -4.1865 -1.4796 2.5289 -2.3294 -2.2955 1.4311 -1.0116 -2.9213 -0.1214 -0.1869 -1.9603 
17.7036 11.5030 -5.0179 -2.0529 2.3815 -2.3153 -2.4677 1.1943 -1.1458 -3.1287 -0.4934 -0.6724 -2.6871 
17.5428 11.6216 -4.4659 -1.3343 3.4679 -1.1363 -2.0716 1.0050 -0.9814 -2.7598 -0.4852 -0.6358 -2.3261 
17.8841 11.7323 -4.5579 -1.2653 2.9319 -2.2038 -2.5523 0.7874 -1.7110 -3.2096 -0.1599 -0.2870 -1.9889 
18.0629 12.2148 -4.1521 -1.4851 2.6301 -2.1658 -2.5201 0.9600 -1.1896 -2.9572 -0.3125 -0.1994 -1.7724 
17.6803 11.8901 -4.1439 -1.4480 2.6638 -1.6379 -1.3791 2.0114 -0.7117 -2.7633 -0.2064 -0.3458 -1.9746 
18.8088 12.1061 -5.6953 -2.6455 2.2033 -2.7718 -2.9977 1.4136 -0.3431 -2.8621 -1.0949 -0.8940 -1.6424 
16.7627 10.8253 -4.8542 -2.0816 1.8850 -2.6627 -2.5331 1.2034 -0.9601 -2.9533 -0.7309 -0.9081 -2.3199 
16.5854 10.5377 -4.9126 -1.4361 3.0025 -2.0224 -2.8970 0.4083 -1.3108 -2.8173 -0.6331 -0.8885 -2.1419 
17.5311 11.7794 -4.2921 -1.7308 2.6601 -1.5196 -1.8856 1.0738 -1.3039 -3.0348 -0.3769 -0.2428 -1.8994 
16.8881 11.0472 -4.4896 -1.3801 2.9205 -1.8855 -2.4019 1.2881 -0.3732 -2.2500 -0.2794 -0.4921 -1.8647 
16.2497 10.6392 -4.3889 -1.6601 2.3097 -2.1172 -2.5033 0.6477 -1.2073 -2.5847 -0.3154 -0.7403 -2.2534 
15.8070 10.2128 -4.4306 -1.4408 2.6902 -1.5464 -1.8887 1.0045 -1.0500 -2.2204 0.2776 -0.3648 -2.1900 
15.8640 10.1638 -4.5949 -1.4578 2.7022 -1.8892 -2.3587 1.0086 -0.7787 -2.2917 0.2172 0.1861 -1.5993 
16.1124 10.8241 -3.8527 -1.2732 2.8175 -1.4293 -2.3275 0.3650 -1.3142 -2.7747 -0.8741 -0.9972 -2.0582 
16.2233 10.6787 -4.2642 -1.3599 2.9994 -1.3303 -1.9906 1.0930 -0.8518 -2.6204 -0.2592 -0.2178 -2.0510 
16.3064 10.9613 -4.0110 -1.6312 2.5817 -1.1525 -1.4286 1.4257 -0.6561 -2.3863 -0.2701 -0.2847 -1.5571 
15.7092 9.9759 -4.7393 -1.5616 2.7451 -1.5420 -1.7364 1.5201 -0.9118 -3.1861 -0.9507 -0.7881 -2.4719 
15.7750 10.0441 -4.8180 -1.7707 2.6383 -1.6427 -2.1174 1.1120 -0.9074 -2.8698 -0.5769 -0.3185 -1.9027 
15.6908 10.1521 -4.6117 -1.9735 2.2468 -1.8211 -2.4061 0.4821 -1.2987 -2.6016 -0.0963 -0.1013 -1.7229 
15.5238 10.0212 -4.4393 -1.4437 2.9511 -1.2542 -2.2487 0.3368 -1.2041 -2.1440 0.0621 -0.4324 -1.7057 
15.8504 10.4425 -4.3922 -2.0636 2.0573 -1.7909 -2.1826 0.8594 -0.7630 -2.2540 -0.1860 -0.1378 -1.2151 
15.7585 9.9800 -4.9856 -1.7867 3.2042 -0.8110 -1.8171 1.0052 -0.5975 -2.1086 -0.0316 -0.1295 -1.5904 
16.2996 10.1706 -5.2543 -1.5846 3.3677 -1.4093 -2.5230 0.6944 -0.8274 -2.1072 0.4523 0.3487 -1.4065 
15.5652 9.7655 -4.8638 -1.3333 3.3494 -1.2114 -2.3166 0.4666 -1.3782 -2.7683 -0.2807 -0.3648 -2.0646 
15.7207 9.6158 -5.4102 -1.8504 2.6875 -1.9331 -2.4357 0.8410 -1.1259 -2.5059 0.1788 -0.1189 -2.0753 
16.2246 10.4638 -4.6549 -1.5261 2.9867 -1.4676 -2.1742 1.1271 -0.4584 -2.1279 -0.2337 -0.6242 -2.2119 
16.6840 11.0076 -4.1304 -0.9071 3.3714 -1.3974 -2.1918 0.6924 -1.5504 -3.0251 -0.2459 -0.3988 -2.4066 
16.0060 9.9927 -5.3920 -2.2578 2.6627 -1.2067 -1.6795 1.1433 -1.1534 -2.8907 -0.4861 -0.6824 -2.5351 
17.2354 11.5358 -4.3549 -1.8152 2.7342 -1.1733 -1.6603 1.0264 -1.1621 -2.5344 -0.0211 -0.2875 -1.9399 
16.6471 10.8866 -4.6965 -1.8856 2.9214 -1.0326 -1.7569 1.0851 -0.9073 -2.6842 -0.4659 -0.3308 -1.8435 
16.7427 10.7530 -4.9965 -1.8547 2.9917 -1.3906 -2.2797 0.7350 -1.1186 -2.7859 -0.6100 -0.6887 -1.9273 
16.8923 10.9465 -4.8003 -1.6313 3.2338 -1.0866 -2.0146 0.7556 -1.0941 -2.3412 -0.1127 -0.7721 -2.3050 
16.0325 10.2885 -4.7526 -1.7002 2.8028 -1.6650 -2.7090 0.2403 -1.0301 -1.8532 0.5866 0.1921 -1.4301 
15.7864 9.9750 -5.1165 -2.1993 2.4398 -1.5904 -2.2505 0.8658 -0.5320 -1.8405 0.2062 -0.0455 -1.4606 
15.3735 9.8214 -4.6884 -1.8496 2.5469 -1.2416 -1.6766 1.1365 -0.5210 -1.6680 0.2930 -0.5001 -2.0639 
15.2449 9.7172 -4.8746 -2.3900 1.8954 -1.6773 -2.0403 0.5439 -1.4300 -2.6525 -0.2661 -0.4655 -1.8848 
15.8667 10.0286 -4.8487 -1.5461 2.8229 -1.7046 -2.2144 1.0321 -0.8260 -2.2996 0.0817 -0.2686 -2.1083 
15.9282 9.9697 -5.1489 -1.5737 3.5862 -0.8214 -2.1860 0.4533 -1.4004 -2.8157 -0.1372 -0.0362 -2.0873 
16.2253 10.7339 -4.0875 -1.0707 3.3923 -0.9251 -1.9644 0.6512 -0.9245 -1.8364 0.3567 -0.6130 -2.7020 
15.9716 9.9745 -5.3942 -2.2186 2.7172 -1.6149 -2.8144 0.0866 -1.2716 -2.3844 -0.0841 -0.5016 -2.4070 
15.1064 9.5195 -4.7717 -1.6213 2.8078 -1.5457 -2.4621 0.5429 -1.0862 -2.7164 -0.6356 -0.7655 -2.3911 
15.4524 9.6900 -5.0425 -2.1651 2.0033 -1.9420 -1.8442 1.3408 -0.8920 -2.5925 -0.3284 -0.6769 -2.3302 
15.7130 10.3708 -4.3790 -2.1190 2.2097 -1.1664 -1.4194 1.2141 -0.9820 -2.7446 -0.5560 -0.4891 -1.9645 
15.0422 9.9362 -3.9894 -1.4328 2.8056 -0.8348 -1.4498 1.1148 -0.7621 -2.2294 0.0032 -0.0984 -1.7567 
15.5974 10.2830 -4.2415 -1.6875 2.7557 -0.9018 -1.5951 1.0276 -0.6335 -1.9702 0.0667 -0.1929 -1.7249 
14.9011 9.7220 -4.0785 -1.3831 2.7112 -0.8595 -0.9251 1.8246 -0.5341 -2.3336 0.0346 0.0825 -1.6985 
14.7498 9.5078 -4.3199 -1.6269 2.4711 -1.4416 -2.2007 0.3532 -1.2711 -2.3238 0.0783 0.0834 -1.3666 
14.5984 9.2171 -4.7386 -2.2197 1.6126 -2.3093 -2.6515 0.2108 -1.4801 -2.5398 -0.0278 -0.1555 -1.7637 
14.9978 9.5107 -4.6711 -1.8334 2.4140 -1.2670 -1.5298 1.0257 -1.1514 -2.4278 -0.1097 -0.5206 -1.9053 
14.4987 8.9299 -5.0197 -2.0591 2.1788 -1.5535 -1.8698 0.6320 -1.5969 -2.8321 -0.1929 -0.1671 -1.5788 
15.1275 9.6538 -4.7520 -2.2176 1.9145 -1.8626 -2.2609 0.5161 -1.2217 -2.3800 -0.0602 -0.2325 -1.5070 
15.8735 10.7953 -3.6821 -1.5961 2.1718 -1.6450 -2.0488 0.7841 -0.6682 -1.7719 0.0461 -0.6147 -1.9864 
