15.3919 9.9447 -4.6155 -2.1139 2.1835 -1.3310 -1.5236 1.2026 -0.9165 -2.4019 -0.0323 -0.2545 -2.0342 
16.2311 10.7179 -4.3889 -2.0100 2.0837 -1.7642 -2.0114 0.8227 -1.0446 -2.0676 0.4589 0.0603 -1.5858 
15.4470 10.2480 -3.8468 -1.2781 2.4181 -1.5236 -1.3930 1.6098 -0.8103 -2.4402 0.3431 0.5206 -1.2367 
15.5868 10.6224 -3.3715 -1.1383 2.2716 -1.6418 -1.6157 1.2531 -0.7374 -1.8791 0.5488 0.1159 -1.5526 
16.3121 11.2983 -3.1882 -0.8811 2.8090 -1.3162 -1.6890 1.1911 -0.7463 -2.1736 0.2217 0.1890 -1.4609 
16.8745 11.6443 -3.4481 -1.2067 2.5649 -1.4634 -1.5935 1.2503 -1.0090 -2.4768 0.0084 -0.1066 -1.5692 
15.7558 10.4657 -3.9745 -1.2808 2.9731 -0.8843 -1.4756 0.9865 -1.1994 -2.5674 0.0982 0.2980 -1.3859 
15.6035 10.1057 -4.5830 -2.2190 1.5811 -2.2442 -2.1112 0.8722 -1.3403 -2.7539 -0.2808 -0.5771 -2.1613 
16.0439 10.8129 -3.6098 -1.0347 2.5177 -1.8241 -1.8981 1.0734 -1.4463 -3.1278 -0.2820 0.0297 -1.4277 
16.4335 11.4136 -3.1585 -0.9633 2.6221 -1.2799 -1.2785 1.3848 -1.1636 -2.6665 -0.0405 -0.3365 -2.3205 
16.2591 10.9680 -3.7454 -1.1242 2.9114 -1.3616 -2.1425 0.4439 -1.5667 -2.8837 -0.3093 -0.0859 -1.4015 
15.8375 10.6231 -3.8967 -1.6359 2.2086 -1.4171 -1.3872 1.3293 -0.8736 -2.0907 0.5675 0.5477 -0.7708 
15.7008 10.2788 -4.4767 -2.1931 1.8310 -1.7680 -1.6318 1.4451 -0.8142 -2.6954 -0.3125 0.0232 -1.1707 
15.3492 10.3169 -3.6965 -1.3887 2.4538 -1.1758 -1.5399 0.8100 -1.1867 -2.0553 0.5255 0.1085 -1.5401 
15.3118 10.1266 -3.7268 -0.7290 3.3058 -0.9001 -1.5226 1.2041 -0.6598 -1.9421 0.2544 -0.2387 -1.9140 
16.0176 10.4849 -4.3571 -1.7967 2.0430 -1.8962 -1.5258 1.7267 -0.7629 -2.5803 0.0212 0.1368 -1.4362 
16.1855 10.4624 -4.7484 -2.1180 1.9688 -2.1473 -2.1731 1.1206 -0.9501 -2.4938 0.0897 -0.0530 -1.9915 
16.2542 11.2495 -3.3436 -1.4100 2.2382 -1.1498 -1.0141 1.1975 -1.4778 -2.6320 0.0050 -0.4370 -1.9475 
17.0655 11.9169 -3.2192 -1.0898 2.5896 -1.5127 -1.8195 0.8802 -1.0683 -1.8556 0.8361 0.1748 -1.6826 
16.1135 11.2339 -3.0607 -1.0894 2.1647 -1.9009 -2.0244 0.7313 -1.4372 -2.6725 0.1307 0.3074 -1.2561 
14.6124 9.6413 -4.0104 -2.0042 1.5062 -2.0632 -2.3545 -0.0319 -2.1046 -3.2237 -0.6930 -0.5938 -1.8618 
15.9614 10.8752 -3.5648 -1.3958 2.3686 -1.1813 -1.3491 0.7479 -1.7295 -2.6402 0.0257 -0.4527 -1.8852 
15.2327 10.2276 -3.7629 -1.7779 1.5817 -2.1351 -2.1367 0.3874 -1.9306 -3.0548 -0.1693 -0.1678 -2.0302 
15.8361 10.7203 -3.7393 -1.5659 2.2970 -1.3498 -1.6501 0.7771 -1.3937 -2.5729 0.0272 0.0127 -1.4689 
15.4783 10.2554 -3.7729 -1.0851 2.5349 -1.4781 -1.4713 1.1633 -1.1325 -2.0090 0.7167 -0.0903 -2.0814 
16.0175 10.7298 -3.9325 -1.6486 1.9568 -2.2216 -2.4722 0.5351 -1.1220 -2.0586 0.2786 -0.4400 -2.1591 
15.8712 10.6188 -3.7452 -1.1929 2.4442 -1.5757 -1.4847 1.3243 -1.1125 -2.4848 -0.0147 -0.6105 -2.3505 
16.1523 10.5925 -4.3731 -1.7613 2.3057 -1.5636 -1.5561 1.2444 -1.2165 -2.7411 -0.2352 -0.4313 -1.8623 
16.1636 10.8187 -3.9417 -1.3766 2.7116 -1.3143 -1.7889 1.0439 -0.7191 -2.0035 0.0204 -0.4295 -1.6051 
17.5860 11.9503 -4.4914 -2.9672 1.2012 -1.7443 -0.9954 1.8790 -0.8453 -2.4591 0.2650 0.3216 -1.2383 
17.9232 12.5232 -4.0781 -3.0443 1.1997 -1.1016 -0.2485 2.0002 -1.1274 -2.4980 0.5014 0.2661 -1.7908 
16.5224 11.4606 -3.8330 -2.6293 1.1775 -1.6733 -1.2109 1.5112 -1.0171 -2.9319 -0.5047 -0.1193 -1.6408 
17.2659 11.8512 -4.0871 -2.3214 2.1696 -0.7078 -0.7095 1.3361 -1.3355 -2.3535 0.6382 0.3336 -1.7641 
17.9210 12.4006 -3.6586 -1.2810 2.8610 -1.5707 -1.9224 1.6265 -0.1858 -2.1407 0.0764 0.3456 -1.1732 
15.8673 10.8874 -3.4052 -1.3710 2.0200 -1.9080 -1.7598 1.3950 -0.7853 -2.5550 -0.0665 0.2595 -1.2148 
16.1145 11.3064 -3.1811 -1.6426 1.7746 -1.7680 -1.9722 0.3970 -1.6691 -2.5823 0.2750 0.3988 -1.1470 
16.3453 11.2037 -3.4275 -1.1118 2.4859 -1.6786 -1.8073 1.1197 -1.2108 -2.8558 -0.2920 -0.2258 -1.8359 
15.8546 10.5058 -3.9064 -1.2417 2.3462 -1.9487 -1.9991 0.8414 -1.6628 -3.0430 -0.1481 -0.1687 -1.7917 
15.7151 10.0540 -4.6902 -1.8079 2.2174 -2.1992 -2.4623 0.9889 -0.8139 -2.4868 -0.1875 -0.2294 -1.8583 
16.0075 10.6268 -4.3038 -2.1308 1.8170 -2.0531 -2.3172 0.7218 -1.0482 -2.4669 -0.1444 -0.2303 -1.8880 
15.3829 10.2129 -3.8569 -1.2155 2.9482 -0.5232 -0.7223 1.4955 -1.1360 -2.5919 -0.1872 -0.6657 -2.3569 
16.2317 11.1373 -3.3338 -1.0259 2.3955 -1.9023 -2.1185 0.7675 -1.3070 -2.5867 -0.0945 -0.2950 -1.8745 
16.6741 11.2120 -3.9706 -1.3485 2.8865 -1.1864 -1.6288 1.0684 -1.3620 -3.0018 -0.2885 -0.1476 -1.9088 
16.0894 10.3648 -4.5693 -1.4537 2.8887 -1.3606 -1.7385 1.1147 -1.2605 -2.8918 -0.4961 -0.8325 -2.4139 
16.0349 10.6446 -4.1273 -1.7099 2.2204 -1.5390 -1.5774 0.8940 -1.7984 -3.0065 0.2855 0.4921 -1.4978 
15.7483 10.5075 -3.8769 -1.5834 1.7798 -2.3511 -2.1719 0.9262 -1.2649 -2.5748 0.1622 0.0770 -1.6472 
17.1586 11.6442 -3.9024 -1.4721 2.5125 -1.6032 -1.5286 1.7174 -0.5844 -2.2459 0.3584 0.2757 -1.3995 
20.4827 12.8224 -7.1982 -3.7977 2.5846 -1.6368 -1.4662 2.9092 0.1519 -2.8301 -0.1154 0.3817 -1.5998 
18.0968 12.0451 -4.5325 -1.5883 3.0201 -1.4381 -1.6089 1.9053 -0.3830 -2.3584 0.0357 -0.1313 -1.8216 
17.1066 11.4931 -3.9754 -1.1206 3.0529 -1.5327 -2.0324 1.2053 -0.7476 -2.3167 0.0037 -0.3777 -2.0174 
15.9606 10.3712 -4.7216 -2.2750 2.1377 -1.3072 -1.2447 1.7125 -0.5520 -2.2534 0.2115 0.2379 -1.4391 
16.0042 10.3705 -4.4086 -1.5320 2.3367 -1.8121 -1.5219 1.4736 -1.4533 -3.1881 -0.1633 -0.0768 -1.7286 
16.6145 11.2864 -3.6496 -1.2582 2.3555 -1.6878 -1.4284 1.4005 -1.4251 -2.9313 0.0917 -0.0233 -2.0762 
16.6306 11.5859 -3.3255 -1.4477 2.1408 -1.7161 -1.8013 0.9598 -1.4369 -3.0189 -0.2553 -0.1094 -2.1017 
16.5295 11.0443 -4.3661 -2.4156 1.4652 -2.0465 -1.7076 1.1039 -1.5053 -2.8465 0.3279 0.3506 -1.9067 
16.9395 11.7205 -3.4469 -1.3525 2.3303 -1.5734 -1.5319 1.1834 -1.3912 -2.8645 -0.0482 0.0110 -1.6277 
16.2627 11.0323 -3.6260 -1.1436 2.7246 -1.3310 -1.6812 0.9063 -1.4375 -2.7708 -0.0331 0.0368 -1.3255 
16.0762 10.9090 -3.4266 -0.9650 2.1740 -2.4367 -2.1893 1.4078 -0.7845 -2.5846 -0.0541 -0.0658 -1.8299 
15.6923 10.0036 -4.9616 -2.5013 1.5354 -2.1867 -2.1079 0.6885 -1.6174 -2.8125 -0.0239 -0.1825 -1.8402 
15.5089 10.0247 -4.4605 -1.7137 2.4087 -1.5782 -2.0329 0.6208 -1.3566 -2.4729 0.0854 -0.0488 -1.5584 
15.4638 9.8796 -4.4022 -1.1203 3.0092 -1.4206 -1.9523 0.7696 -1.4370 -2.6309 0.0328 -0.3493 -2.0069 
15.5946 10.4117 -3.8163 -1.2290 2.7839 -1.1108 -1.5465 0.9771 -1.3685 -2.8568 -0.0874 0.2003 -1.4972 
15.3910 10.0866 -4.0033 -1.1884 2.7144 -1.2782 -1.5283 1.0728 -1.0809 -2.0790 0.5522 0.1087 -1.5509 
16.2444 11.0299 -3.5777 -1.1949 2.4328 -1.4916 -1.2825 1.5317 -1.1560 -2.8295 -0.2394 -0.3532 -1.8980 
16.8285 11.4739 -3.6638 -1.3009 2.3459 -1.9784 -2.0227 1.1191 -1.1475 -2.6531 0.0435 -0.1383 -2.0797 
16.0930 11.0144 -3.4636 -1.2834 2.3593 -1.3594 -1.2653 1.4891 -0.7362 -2.0576 0.2581 -0.3006 -2.1933 
17.0206 11.7861 -3.4547 -1.3000 2.5419 -1.4227 -1.6967 0.9620 -1.2086 -2.4377 0.0428 -0.2493 -1.6866 
16.6540 11.4535 -3.4058 -1.0367 2.7410 -1.2684 -1.4218 1.1744 -1.4024 -2.8626 -0.0461 0.0895 -1.4372 
16.2622 10.8483 -3.9322 -1.2293 2.7417 -1.4287 -1.7102 1.1730 -0.9390 -2.3828 -0.1247 -0.4618 -1.9178 
16.0675 10.9247 -3.5976 -1.1365 2.9584 -0.9665 -1.6974 0.7580 -1.0515 -2.0849 0.3525 0.1946 -1.2031 
16.0483 10.7252 -4.0160 -1.7768 1.8556 -2.1259 -2.1351 0.7159 -1.5785 -3.0039 -0.4727 -0.6564 -2.2388 
16.6897 11.4599 -3.2818 -0.6442 2.9537 -1.6759 -2.1666 0.5930 -1.5609 -2.4594 0.5328 -0.0522 -2.3251 
15.2018 10.2235 -3.6344 -1.4331 2.1507 -1.5016 -1.7266 0.5711 -1.5796 -2.5036 0.0759 -0.1718 -1.5519 
16.1890 10.9366 -3.6082 -0.9358 2.9220 -1.4019 -1.9418 0.8043 -1.2711 -2.7155 -0.3860 -0.4100 -1.5893 
15.9952 10.4836 -4.3322 -1.5744 2.6711 -1.4897 -2.1902 0.5724 -1.0744 -1.9967 0.5387 0.2045 -1.5327 
15.2058 9.7898 -4.3347 -1.4039 2.6969 -1.3769 -2.0084 0.4066 -1.6255 -2.6555 -0.2187 -0.5076 -1.6562 
15.6911 10.5877 -3.5750 -1.1503 2.4808 -1.4287 -1.4535 1.2318 -1.2673 -2.8940 -0.4159 -0.3334 -1.5505 
15.6827 10.4299 -3.9760 -1.6413 2.0105 -1.8724 -1.7887 1.1799 -0.9528 -2.4036 -0.1585 -0.5183 -1.9066 
15.6814 10.4420 -3.9373 -1.4194 2.6450 -1.1292 -1.6296 0.7459 -1.3075 -2.4067 0.0642 -0.0243 -1.3895 
15.9041 10.7071 -3.7087 -1.4322 1.9271 -2.2039 -2.0702 1.0001 -1.0490 -2.2322 0.2989 -0.0675 -1.7238 
15.7601 10.4791 -3.7301 -0.9845 2.4767 -1.9824 -1.9612 1.1682 -1.1040 -2.3275 0.7680 0.7168 -1.4267 
15.9383 10.3954 -4.3272 -1.6130 2.2332 -1.7789 -1.4193 1.7603 -0.8679 -2.6334 0.0915 0.0471 -1.7120 
15.8210 10.5742 -3.8044 -1.2455 2.6444 -1.0680 -0.9281 1.8105 -0.6930 -2.2356 0.2118 -0.0175 -1.4688 
15.8797 10.9318 -3.2093 -1.0152 2.3216 -1.7573 -1.8279 1.0158 -1.0523 -2.2674 0.1344 -0.3521 -1.9297 
16.2562 11.0331 -3.3991 -0.7715 2.4782 -2.3063 -2.3818 0.9829 -1.0989 -2.5528 0.0225 -0.2579 -1.9869 
15.8399 10.5886 -3.9544 -1.6072 2.2765 -1.5394 -1.6899 1.1527 -0.9279 -2.3850 0.0845 0.3337 -0.7338 
15.3725 9.9612 -4.3471 -1.6334 2.3772 -1.5274 -1.7462 1.0028 -1.1208 -2.4736 -0.2298 -0.7237 -2.1363 
15.7819 10.5563 -3.7011 -1.0198 2.7016 -1.6096 -2.0272 0.7245 -1.4052 -2.6608 -0.0357 -0.2373 -1.9615 
16.2905 10.9324 -4.0462 -1.6944 2.4816 -1.2331 -1.6400 0.6967 -1.7887 -3.1477 -0.3868 -0.4204 -2.0807 
15.9080 10.5751 -4.0524 -1.4715 2.7930 -0.8775 -1.2265 1.3186 -0.8395 -2.1766 0.1816 -0.1432 -1.8561 
15.7440 10.8025 -3.3914 -1.3461 2.2108 -1.4446 -1.3881 1.3878 -0.8173 -2.3676 -0.1060 -0.1566 -1.3766 
15.0763 10.1551 -3.7327 -1.7399 1.9945 -1.3401 -1.4766 0.9063 -1.2210 -2.3240 0.2919 0.0677 -1.8328 
15.6408 10.6773 -3.5019 -1.3982 2.2534 -1.6210 -2.0973 0.4801 -1.3394 -2.3806 0.1828 0.1621 -1.3233 
15.3472 10.0874 -4.2677 -1.8853 2.3214 -1.2928 -2.0373 0.1125 -1.8584 -2.8846 -0.4315 -0.5404 -1.9036 
16.5432 11.5295 -3.2878 -1.2481 2.7257 -0.9734 -1.6373 0.5058 -1.5764 -2.5058 0.1923 0.1581 -1.2423 
15.4285 10.5343 -3.5574 -1.5803 2.2050 -1.4563 -2.0983 0.3147 -1.3411 -2.1975 0.4942 0.4897 -1.3961 
16.6072 11.4906 -3.6765 -1.8998 2.2049 -1.1944 -1.5951 0.9075 -1.0264 -2.4080 -0.1771 -0.1215 -1.4074 
16.1114 10.7512 -4.1371 -1.7113 2.6580 -1.0034 -1.8334 0.1210 -1.9938 -2.6267 0.4201 0.2663 -1.7205 
17.0136 11.7547 -3.5522 -1.2548 3.0637 -0.7639 -1.6295 0.4809 -1.6646 -2.7116 -0.0609 -0.0753 -1.5094 
16.7288 11.5629 -3.5192 -1.3448 2.8903 -0.7879 -1.7578 -0.1162 -2.3897 -2.8533 0.4185 0.3709 -1.4390 
18.7735 13.5882 -3.0370 -1.3397 3.6174 0.5361 -0.5592 0.8105 -1.7097 -2.6808 0.2529 0.3762 -1.5584 
21.6783 17.3214 -0.2167 0.4321 4.5462 0.9793 -0.5682 -0.1036 -3.6571 -4.9363 -1.6027 -1.0224 -2.4505 
24.2353 18.9209 -1.3183 -0.2999 5.2638 1.4317 -1.1997 -0.9588 -3.7505 -3.9741 -0.2899 -0.3726 -2.4974 
25.7960 20.9639 -0.3108 -0.7558 4.6387 1.3313 -1.9748 -2.7582 -5.1814 -4.3845 -0.1717 0.1459 -1.7144 
27.7177 21.8621 -1.0660 -0.2699 5.3367 0.4624 -2.3782 -1.3389 -3.7306 -3.8373 -0.0241 -0.1588 -1.9840 
29.0738 22.9955 -1.5970 -1.6800 4.7609 1.1761 -1.7100 -1.8558 -4.9224 -4.3416 0.7150 0.8967 -1.8394 
33.0117 25.5582 -3.9957 -5.2571 3.4001 1.5755 -1.4632 -2.0370 -4.1860 -2.6627 0.9513 -1.2296 -3.5951 
37.4554 28.1347 -6.5140 -7.5953 2.8981 0.3095 -3.3562 -2.2872 -2.9417 -1.6288 0.9961 -1.8732 -3.7438 
40.4143 29.6805 -7.8697 -7.6393 3.9905 -0.1196 -4.1323 -1.6292 -2.1149 -1.4080 1.5284 -1.2617 -3.6325 
41.5047 29.8505 -8.9947 -8.0855 3.7555 -0.6074 -4.0188 -1.5512 -2.5211 -1.1422 1.8753 -1.9691 -3.9480 
41.7328 29.5924 -9.5735 -7.6671 4.4337 -1.3209 -4.9930 -0.8967 -1.6390 -1.7560 1.3598 -1.2890 -3.7954 
42.2438 29.6492 -10.1820 -7.8378 4.4925 -1.8037 -5.4923 -0.8356 -1.6336 -2.0898 1.3590 -0.9706 -3.9827 
42.3757 30.1293 -9.5816 -7.6531 4.6925 -1.2401 -5.0951 -0.6661 -1.2351 -1.7197 1.4081 -0.7893 -3.6107 
41.8449 30.0254 -8.8906 -7.3605 4.2879 -1.3149 -4.6330 -0.5995 -1.5297 -1.4936 1.8159 -1.0045 -3.8495 
42.1496 29.9240 -9.5940 -7.6717 4.4782 -1.5137 -5.2486 -0.7852 -1.2810 -1.4726 1.6591 -1.0009 -3.8959 
42.1866 30.1078 -9.3187 -7.5741 4.4521 -1.5222 -5.4061 -1.1010 -1.3428 -1.1506 1.9181 -1.0916 -4.0701 
41.6032 29.8398 -9.1154 -7.9037 3.8417 -1.6870 -5.4972 -1.5004 -1.6748 -1.3648 1.5952 -1.2987 -4.1810 
40.9374 29.5220 -8.7161 -7.7387 3.8322 -1.2555 -5.0361 -1.5860 -1.8549 -1.1895 1.7664 -1.3005 -4.0147 
40.2138 29.4206 -7.8915 -7.5243 3.7044 -0.7083 -4.5872 -1.8067 -1.6077 -0.4901 1.4203 -2.2039 -3.7934 
40.0425 28.9210 -8.6018 -8.1503 2.8370 -1.9236 -5.6799 -2.6487 -2.2805 -0.9030 0.9861 -3.0034 -4.7464 
40.7274 29.4089 -8.0233 -6.5938 3.8493 -2.1554 -5.2234 -1.1069 -1.3719 -0.6120 1.8274 -1.8965 -3.8338 
39.1814 28.3168 -7.9319 -6.9594 3.0875 -2.6417 -5.8694 -1.9770 -1.9991 -1.0569 1.5159 -2.2515 -4.7549 
39.8109 28.9869 -7.4042 -6.3151 3.4639 -2.5366 -5.2654 -0.9416 -1.4989 -1.1154 1.8079 -1.3505 -3.7836 
39.4091 28.0003 -8.8091 -7.2922 3.0016 -3.2347 -6.3845 -1.8937 -2.1210 -2.0158 0.4179 -2.5314 -4.4347 
39.3321 28.8475 -6.8560 -5.8564 3.6944 -2.1273 -4.7260 -0.6050 -1.4857 -1.2952 1.7748 -1.0829 -3.5399 
38.9325 27.7049 -8.6593 -7.1194 3.5309 -1.9135 -4.9091 -1.2406 -2.4019 -2.5430 0.3789 -1.9532 -3.7081 
38.8212 27.7562 -8.3721 -6.8216 4.1025 -0.7619 -3.6708 -0.7186 -2.6364 -2.8113 0.5924 -1.5014 -3.4514 
37.7828 27.3043 -7.6625 -6.6141 3.7567 -0.4304 -2.8950 -0.7250 -3.4636 -3.4530 0.5400 -1.4940 -3.6610 
37.7869 27.0413 -8.1761 -6.6014 4.5256 0.0764 -3.3438 -1.3483 -3.4897 -3.2239 0.7144 -1.1216 -3.2062 
37.8753 27.5034 -7.5155 -6.3928 4.4803 0.0941 -3.4124 -1.3002 -3.1978 -3.1490 0.8041 -0.3059 -2.2850 
37.4236 27.3876 -7.2820 -7.0326 3.2399 -0.3381 -3.1829 -1.7846 -4.3214 -3.6435 0.8826 -0.7591 -3.1396 
37.7078 28.0657 -6.4793 -6.5288 3.7807 0.2462 -2.9278 -1.3416 -3.3608 -2.9403 1.2171 -0.1340 -2.5543 
36.2775 26.8600 -6.2447 -5.8588 3.8447 -0.1271 -3.2250 -1.6036 -3.6983 -3.3689 0.5055 -0.9222 -2.8031 
35.4956 26.2800 -5.8862 -5.0924 4.4408 0.1947 -3.1326 -1.8375 -4.2319 -3.7512 0.6960 -0.4334 -2.5412 
34.6358 25.9127 -5.3241 -5.1697 3.4516 -0.5223 -3.0411 -1.3795 -3.9536 -3.9606 0.1822 -0.7464 -2.6273 
33.3451 24.9102 -5.0964 -4.8495 3.2856 -0.5690 -2.5706 -0.8060 -3.7493 -4.0767 0.1659 -0.4606 -2.4671 
31.1828 23.6425 -4.3024 -4.8022 2.4632 -0.5391 -1.9339 -0.4170 -3.5133 -4.2933 -0.6121 -0.7370 -2.0275 
30.7077 23.3795 -3.9764 -4.5675 2.1387 -1.1157 -2.2936 -0.6121 -3.8653 -4.6499 -0.4921 -0.3201 -2.1442 
30.7155 23.5552 -3.2956 -3.4085 3.1795 -0.5629 -1.9306 -0.1217 -3.2700 -3.9732 0.3410 0.6210 -1.3417 
28.7509 21.6134 -3.5934 -2.7536 3.6411 -0.7675 -2.5995 -1.0126 -4.3512 -5.1845 -0.8346 -0.4040 -2.1003 
27.8761 20.9331 -3.2206 -1.8558 4.3658 -0.2093 -1.7287 0.1673 -3.4393 -4.6214 -0.0242 0.6612 -1.5180 
26.7021 19.9938 -3.3274 -2.2288 3.6863 -0.6085 -1.9410 0.2077 -2.6951 -3.6021 0.3872 0.5306 -1.6325 
26.2387 19.9693 -2.4631 -1.5868 3.2916 -1.5652 -2.4549 0.4298 -2.3697 -3.7010 0.0918 0.3599 -1.6686 
24.7260 18.1587 -3.3999 -1.5936 3.7293 -1.0953 -2.0024 0.8783 -1.9727 -3.4564 0.0476 0.1165 -1.8469 
23.7852 17.2897 -3.3301 -1.1057 3.6845 -1.7845 -2.5999 0.7033 -1.9913 -3.3239 0.4045 0.2504 -2.2555 
23.0494 16.3017 -4.3568 -2.3240 2.5147 -2.5496 -2.9869 0.4648 -2.2577 -3.8304 -0.3430 -0.2385 -2.0695 
22.2810 15.6866 -4.3422 -2.2938 2.4727 -2.5165 -3.2980 -0.2455 -2.5041 -3.2989 0.1273 -0.4062 -2.5825 
21.7448 14.8862 -4.6789 -1.4894 3.8279 -1.6017 -2.5497 0.9254 -1.4716 -3.0082 0.2638 0.2627 -1.6270 
21.0943 14.2983 -4.9583 -2.0819 2.9591 -2.1702 -2.5696 1.2386 -1.2992 -3.2564 -0.0517 0.3109 -1.3343 
20.8725 14.2128 -4.8800 -2.3877 2.3945 -2.2242 -2.0377 1.6654 -1.1075 -2.8212 0.5239 0.4134 -1.7776 
21.2057 14.7430 -4.3146 -1.9583 2.5827 -2.3357 -2.4661 1.1337 -1.5255 -3.3836 -0.5276 -0.7638 -2.4142 
19.9139 13.1341 -5.2278 -1.9517 3.0295 -2.2324 -2.9098 0.5666 -1.8056 -3.1737 0.2069 0.0321 -2.2750 
21.4863 14.7023 -5.0115 -2.4057 3.1118 -1.5615 -2.4797 0.5854 -1.9089 -3.5259 -0.3215 -0.0827 -1.9113 
20.8866 13.8637 -5.3207 -1.8299 3.8835 -0.8065 -1.2200 1.9211 -1.2092 -3.1091 0.0468 -0.0906 -1.9934 
20.6711 13.9306 -5.1712 -2.4892 2.8433 -1.4831 -1.8722 0.9227 -2.3444 -4.2220 -0.7897 -0.3711 -2.0487 
21.4137 15.2697 -3.3585 -0.7175 4.1160 -0.3928 -0.6431 1.9125 -1.6645 -3.1712 0.6899 0.7264 -1.5477 
25.1603 19.3913 -1.3037 0.6112 5.7013 0.3518 -1.6977 0.2722 -2.5567 -3.8737 -0.5518 -0.4760 -2.2463 
28.2003 20.8403 -4.1548 -2.4287 5.1430 0.6568 -2.5671 -1.5997 -4.1899 -4.6535 -0.9336 -1.0676 -2.9376 
29.6152 21.9803 -4.2168 -2.5548 5.4548 1.1915 -2.0176 -1.3429 -4.0832 -4.0466 0.0367 -0.3485 -2.2044 
30.9697 23.1758 -4.2275 -2.9252 5.3911 1.2434 -2.0179 -1.2148 -3.9460 -4.1640 -0.0153 0.0537 -1.7493 
31.6805 23.7227 -4.5586 -3.5926 5.2242 1.6555 -1.6903 -1.3478 -4.2277 -4.3190 -0.2430 -0.3417 -1.9250 
33.4784 24.7797 -5.6425 -5.0087 4.0744 0.4376 -2.2166 -0.6703 -3.2190 -3.7365 -0.2470 -1.0887 -2.9148 
36.6119 27.2249 -6.2417 -6.0473 4.0714 0.2896 -3.3462 -1.4937 -2.0250 -1.1309 1.1909 -1.5423 -3.0644 
38.3196 28.8013 -6.2653 -6.9183 3.3447 -0.2591 -4.1443 -2.2209 -1.9734 -0.7143 0.8627 -2.3818 -3.1454 
39.1878 28.2012 -8.2847 -7.0647 3.9386 -1.2037 -4.8964 -1.6861 -2.1498 -1.7146 0.8696 -1.9036 -3.6849 
39.0834 28.3534 -7.9765 -7.1094 3.8541 -1.1574 -5.0610 -1.7290 -1.6864 -1.3571 0.7828 -1.9344 -3.6345 
39.3785 28.7591 -8.0326 -7.7579 3.5383 -0.9913 -5.2672 -2.0319 -1.3849 -1.1757 0.2833 -2.3104 -3.6639 
39.6857 28.9562 -7.9149 -7.4464 3.5698 -1.1514 -5.0800 -1.9161 -1.5123 -0.7894 0.8556 -2.4961 -3.9680 
39.8837 28.3844 -8.8080 -7.0944 3.8707 -1.9663 -5.4744 -1.5142 -1.5217 -0.9332 1.1123 -2.5185 -4.2102 
39.3849 27.9821 -9.0337 -7.6674 3.1785 -2.5902 -6.2040 -2.1058 -1.9162 -1.5463 0.4905 -2.8256 -4.6589 
40.7717 29.0307 -8.8460 -6.8451 4.4359 -1.6799 -5.3640 -1.2754 -1.3044 -0.8295 1.3129 -2.1290 -3.8505 
40.6038 28.8635 -9.0701 -7.1599 4.4233 -1.4379 -5.2458 -1.2381 -1.4324 -1.2636 1.1718 -1.8103 -3.9531 
39.8459 28.2586 -8.9794 -7.0007 4.3705 -1.3951 -5.0578 -1.1941 -1.5703 -1.4501 0.9318 -1.9990 -3.9092 
40.1288 28.2877 -9.1108 -6.6882 4.6436 -1.3206 -4.6549 -0.8906 -1.7828 -1.4270 1.2274 -2.1839 -4.0292 
40.3556 28.5041 -9.0738 -6.6631 4.8027 -1.1722 -4.6875 -0.9882 -1.7832 -1.3576 1.2914 -2.1744 -4.0686 
40.0683 28.5204 -8.7504 -6.7797 4.5406 -1.1078 -4.6699 -1.1574 -1.8037 -1.2863 1.4051 -1.7934 -3.7367 
39.7297 28.2967 -8.6301 -6.8407 4.0867 -1.3401 -4.3764 -1.0274 -2.1975 -1.5721 1.5313 -1.7085 -3.8057 
39.8049 28.8680 -8.0974 -7.1568 4.1886 -0.3907 -4.1109 -1.3854 -1.9483 -1.2147 1.4220 -1.4976 -3.2321 
39.0720 27.8052 -9.3454 -8.5344 3.0739 -1.2942 -5.1655 -2.4724 -2.9840 -2.5295 0.0049 -2.4753 -3.9683 
39.5004 28.0773 -9.1973 -7.7747 4.0297 -0.7827 -4.6334 -1.6683 -2.5583 -2.4091 0.6315 -1.5499 -3.4833 
39.6203 28.4832 -8.5783 -7.4586 4.2071 -0.0303 -3.6641 -1.4329 -2.6028 -1.8666 1.1707 -1.4558 -2.9944 
39.7328 28.7170 -8.3417 -7.4589 4.0430 -0.0604 -3.5124 -1.2719 -2.5666 -2.0561 0.8446 -1.5558 -2.8370 
39.8177 28.3904 -8.9768 -7.5144 4.2923 -0.1559 -3.5727 -1.1440 -2.9268 -2.6723 0.9054 -1.2233 -3.1492 
39.7953 28.5698 -8.6391 -7.2684 4.8230 0.8251 -2.8556 -1.1517 -3.2333 -2.8016 1.0475 -0.8402 -2.6750 
38.9330 27.7183 -9.2379 -8.0483 4.3768 0.6521 -3.7665 -2.7300 -4.6486 -3.9764 0.1958 -1.0720 -2.8060 
39.4703 28.4186 -8.4885 -7.1815 5.1072 1.3560 -2.8371 -2.0214 -4.3819 -3.3964 1.2867 -0.2879 -2.3883 
38.8259 28.0371 -8.2204 -7.0746 4.9858 1.5480 -2.4436 -1.8650 -4.3558 -3.2426 1.4564 -0.2461 -2.3932 
37.5032 26.8101 -8.6614 -7.7677 3.9101 0.8344 -2.8560 -2.5873 -5.2605 -3.8909 0.8976 -1.0532 -3.4051 
37.6824 27.0518 -8.0642 -6.6618 4.6816 1.0040 -2.3099 -1.4825 -4.5678 -3.6485 1.6047 0.2024 -2.2148 
36.3065 26.5455 -7.2812 -7.0972 3.3321 0.1573 -2.9209 -1.7656 -4.1811 -3.7271 0.6394 -0.5614 -2.7989 
34.5300 25.7662 -5.9332 -6.4203 2.7863 0.2135 -1.8482 -0.5556 -3.1711 -3.1385 0.6055 -0.6798 -2.6311 
33.3534 24.9804 -5.6948 -6.3784 2.7583 0.6782 -1.6073 -1.0413 -3.9140 -4.0453 -0.3866 -1.0081 -2.4978 
32.4664 24.2091 -5.3875 -5.5132 3.0049 0.2820 -1.4740 -0.0667 -2.9858 -3.5941 -0.0915 -0.7661 -2.4215 
30.5771 22.6742 -5.1818 -4.9893 2.9300 -0.2611 -2.2752 -0.8980 -3.6750 -4.2610 -0.7781 -1.4701 -3.3489 
30.1756 22.1621 -5.2313 -4.3444 3.6052 -0.0950 -2.2527 -0.7144 -3.5711 -4.2689 -0.5031 -0.6515 -2.1525 
29.8447 22.0997 -4.8252 -4.0915 3.6813 0.2246 -1.6023 0.0912 -2.9049 -3.9708 -0.3123 -0.2519 -1.8282 
28.3920 21.0566 -4.1315 -2.8973 4.1716 0.2528 -1.2521 0.7982 -2.2984 -3.5091 0.1824 -0.0319 -2.2505 
27.2159 19.7778 -4.6593 -2.9581 4.1331 0.0676 -1.4115 0.9648 -1.7947 -3.0330 0.4206 0.1645 -2.0145 
27.2916 19.3505 -5.5157 -3.3860 3.7693 -0.5429 -1.4321 1.4703 -1.9963 -3.9744 -0.2496 -0.0717 -2.1013 
24.8250 17.5947 -4.9394 -3.0388 2.9669 -1.3842 -1.9643 1.0962 -1.8309 -3.2913 0.4690 0.7187 -1.1263 
24.0820 17.0419 -4.7424 -2.6713 3.1878 -1.3674 -2.2966 0.5847 -2.1500 -3.4782 0.1227 0.1413 -1.8616 
23.6838 16.3547 -5.5063 -3.2223 2.8193 -1.7254 -2.4295 0.9584 -1.5478 -3.2356 -0.2097 -0.5673 -2.7170 
22.9762 15.8205 -5.2844 -2.7831 3.1182 -1.4286 -2.0531 1.2510 -1.4162 -3.0814 0.1662 -0.0408 -2.2346 
22.2660 14.9495 -5.7446 -2.7781 3.2601 -1.4618 -2.2712 0.9845 -1.6325 -3.3180 -0.1651 -0.1559 -1.8568 
20.9832 14.1826 -5.2404 -2.6279 2.7047 -2.0486 -2.9305 0.1642 -2.2566 -3.7228 -0.4290 -0.1536 -1.8235 
21.9481 14.4932 -6.0245 -2.5856 3.7754 -1.1465 -2.2975 0.9593 -1.4903 -3.1678 -0.1391 -0.3300 -2.1989 
21.2160 14.4455 -4.9424 -2.3598 2.5993 -2.0254 -2.1220 1.0853 -1.7542 -2.8405 0.9100 0.5313 -1.8204 
20.4263 14.0519 -4.3477 -1.4980 3.6676 -1.0307 -1.9537 0.8558 -1.6115 -2.9494 0.1481 0.1788 -1.2530 
20.0462 13.6726 -4.7121 -2.2062 2.9560 -1.2961 -2.0336 0.6251 -1.8588 -3.0333 0.2635 0.3708 -1.4678 
20.1676 13.2364 -5.6340 -2.7002 2.4199 -2.1217 -2.1941 0.8604 -2.4375 -3.9125 0.1685 0.5454 -1.6533 
20.1318 13.3879 -5.2249 -2.2460 2.7933 -2.1494 -2.6712 0.7151 -1.8612 -3.3735 0.1702 0.3766 -1.7249 
20.6610 14.2102 -4.4007 -1.5752 3.5744 -1.0161 -1.6858 0.9810 -2.0328 -3.5276 -0.0153 0.3512 -1.1889 
20.8461 14.3738 -4.1937 -1.0142 4.1907 -0.8870 -1.8801 1.0511 -1.6324 -3.2231 -0.1162 -0.2272 -2.0897 
23.1630 17.4337 -1.6010 0.9992 5.3903 -0.5962 -2.1778 0.6029 -2.0252 -3.6008 -0.5773 -0.6728 -2.3178 
25.1948 19.5227 -0.8981 1.0891 5.6437 -0.1887 -2.0623 0.1814 -2.6757 -4.0405 -0.7698 -0.6421 -1.9592 
26.0043 20.3380 -0.8657 0.5554 5.1241 -0.6813 -2.7407 -0.4001 -3.0470 -4.4944 -1.2087 -0.9177 -2.3347 
25.9420 20.2239 -0.6144 1.4529 5.9884 -0.3508 -2.8124 -0.8901 -3.5978 -4.3507 -0.6904 -0.7979 -2.2402 
28.0559 21.4445 -1.7684 0.2667 5.1912 -1.6586 -3.7844 -0.6744 -3.1686 -4.4398 -0.8619 -0.8807 -2.3137 
28.0262 21.8211 -1.1303 0.4398 5.3619 -1.1130 -3.8434 -1.6677 -3.8417 -4.1669 -0.4350 -0.7861 -2.1967 
28.9107 22.7335 -0.9225 0.3429 5.5395 -1.0411 -4.5460 -2.5223 -3.6991 -3.2333 0.1883 -0.7370 -2.1100 
31.0818 24.2223 -1.7518 -0.5597 5.7590 -0.6884 -4.8965 -3.2697 -4.2128 -3.2694 0.2695 -0.9133 -2.1926 
33.4474 25.0098 -3.8806 -1.5769 6.0033 -1.4877 -5.9473 -3.1374 -3.6991 -2.9794 0.5645 -0.9825 -2.6358 
33.3739 24.7910 -4.5249 -2.5342 5.4144 -1.8113 -6.8722 -4.3280 -3.9281 -2.5077 0.4418 -1.6615 -2.9823 
34.3578 25.3886 -4.8475 -2.4037 6.1806 -1.4561 -7.0324 -4.1567 -3.1974 -1.6824 1.1174 -1.0540 -2.4407 
35.4634 26.4644 -4.7087 -2.6433 6.3634 -0.8608 -6.5581 -3.8604 -2.7163 -0.9524 1.7939 -0.6937 -2.3395 
36.1244 26.4323 -5.5462 -2.8228 6.2234 -1.5321 -6.8065 -3.7936 -2.9391 -0.8448 2.0193 -1.3225 -3.0171 
37.1672 26.6890 -6.9436 -4.0299 5.8183 -2.0302 -7.1770 -3.3314 -2.5370 -1.3140 1.6356 -1.2219 -3.4923 
36.9451 27.0282 -6.3120 -4.4854 5.0512 -1.8510 -6.8311 -3.4077 -2.1391 -0.6224 1.3951 -1.9488 -3.5114 
37.8467 27.6625 -6.6250 -4.9669 4.7619 -1.9436 -6.4013 -2.5893 -1.7279 -0.6930 1.5046 -1.7274 -3.6532 
38.1160 28.0044 -6.8011 -5.9166 3.9988 -1.8159 -6.1503 -2.8690 -2.0709 -0.8158 1.2559 -2.1011 -3.8947 
37.8575 27.8571 -6.8456 -6.2522 3.6285 -1.9707 -6.2658 -2.8711 -1.9452 -1.0040 0.8039 -2.3157 -4.0745 
38.4575 27.8613 -7.4455 -6.0198 4.0367 -2.1163 -5.9028 -1.9359 -1.6420 -1.0700 1.1829 -1.9688 -4.0540 
38.7272 27.9850 -7.7103 -6.2397 4.2181 -1.6029 -5.2161 -1.2920 -1.4966 -1.5154 0.7855 -1.9160 -3.8821 
38.5565 28.0408 -7.6157 -6.7625 3.7888 -1.0380 -4.4047 -1.2326 -1.8363 -1.7345 0.5117 -2.1553 -3.7414 
38.6866 28.1053 -7.8055 -7.0671 3.6899 -0.8199 -4.1377 -1.2405 -2.1618 -2.1422 0.3424 -1.9720 -3.4686 
38.1238 28.0656 -7.0483 -6.7632 3.6292 -0.3616 -3.4964 -1.2997 -2.7792 -2.4049 0.7834 -1.4892 -3.3999 
37.6872 27.6455 -7.1728 -7.0316 3.0037 -0.6741 -3.1519 -1.2269 -3.5172 -3.0522 0.7566 -1.6018 -3.9282 
35.9162 26.8580 -5.9649 -6.4093 2.8922 -0.2987 -2.7162 -1.0692 -3.1833 -2.8936 0.6365 -1.2806 -3.6511 
34.8622 25.8956 -5.8566 -5.7120 3.2434 -0.4951 -2.5579 0.1000 -1.8758 -2.6662 0.1773 -1.1628 -2.9696 
34.1498 25.6633 -5.3430 -5.6852 3.0636 -0.2450 -2.6195 -0.6709 -2.6630 -3.2527 -0.2696 -1.0728 -2.6038 
34.1296 25.8157 -4.7988 -4.8122 4.0147 0.4474 -2.4116 -0.8125 -2.7385 -3.0227 0.0550 -0.9770 -2.6803 
33.5343 25.1557 -4.9097 -4.5016 4.0117 0.0012 -2.5823 -0.5373 -2.5966 -3.1506 0.0073 -0.9595 -2.9247 
31.9452 24.2576 -4.3673 -4.6407 3.4187 0.2697 -2.1525 -0.7171 -2.6963 -3.0341 -0.2110 -1.1420 -2.5520 
32.1637 24.0770 -4.7953 -4.4794 3.3826 -0.5908 -2.6003 -0.1771 -2.3539 -3.2509 -0.1550 -0.9695 -3.0770 
31.4174 23.6401 -4.1818 -3.4360 4.3042 0.0009 -2.5271 -0.5130 -2.6075 -3.1401 0.2060 -0.4540 -2.3616 
30.3816 22.5073 -4.3645 -2.7873 4.7071 -0.2824 -2.6115 0.0631 -2.1650 -3.3995 -0.3671 -0.9377 -2.7195 
28.5349 21.2269 -3.9132 -2.4843 4.4748 -0.2732 -2.6481 -0.3092 -2.2946 -3.2799 -0.4379 -0.8859 -2.3213 
26.8844 19.5338 -4.3018 -2.3385 3.8905 -1.4054 -3.1841 -0.3727 -2.9079 -4.2776 -0.8789 -0.8277 -2.5308 
25.9197 19.1168 -3.4670 -1.6203 4.0734 -1.2010 -2.8078 0.2475 -1.8750 -3.2184 -0.1627 -0.1393 -1.6903 
24.7044 18.0280 -3.6171 -1.6704 3.7039 -1.4290 -2.4435 0.9861 -1.4403 -3.3850 -0.5877 -0.6449 -2.3871 
23.5818 16.9474 -3.8806 -1.5928 3.8512 -1.3768 -2.8207 0.3743 -1.5556 -2.8599 -0.0678 -0.5093 -2.2697 
22.7417 16.0716 -4.0548 -1.4546 3.5273 -1.9563 -2.7957 0.7911 -1.6343 -3.2099 0.2157 0.3147 -1.7501 
22.5646 15.9245 -4.1111 -1.5268 3.5773 -1.7832 -2.8079 0.5079 -1.9584 -3.4356 0.0523 0.0462 -2.2958 
22.0027 15.1147 -4.6156 -1.4030 3.9598 -1.4783 -2.4358 0.9275 -1.6383 -3.1828 0.0913 -0.1356 -2.1417 
21.5973 14.7301 -4.7176 -1.5726 3.4875 -1.9549 -2.5879 0.9779 -1.5866 -3.1597 -0.0165 -0.3878 -2.2979 
20.5257 13.8553 -5.0364 -2.3553 2.8407 -1.4835 -1.8062 1.1265 -1.5964 -3.0157 -0.2079 -0.8909 -2.7304 
20.2744 13.5333 -5.0455 -1.8973 3.2551 -1.5034 -1.8489 1.4665 -1.0668 -2.5075 0.3272 -0.3199 -2.0778 
20.1277 13.2409 -5.4376 -2.1864 3.1238 -1.7217 -2.2184 1.2169 -1.0908 -2.3914 0.6087 -0.0789 -2.3872 
20.1842 13.4837 -5.0567 -1.8580 3.5465 -1.2703 -2.1367 0.9470 -1.3859 -2.5510 0.7754 0.4762 -1.7348 
19.9526 13.1952 -5.3860 -2.5485 2.4478 -2.2069 -2.4874 0.9234 -1.4039 -2.7522 0.1127 -0.3833 -2.1076 
20.0432 13.5117 -4.8147 -1.8411 3.4740 -0.8391 -1.2840 1.5594 -1.2683 -2.9105 -0.1199 -0.4967 -2.1251 
20.9501 14.0458 -5.3225 -2.2480 3.5523 -1.0906 -2.0406 1.0848 -1.2352 -2.8135 0.0209 -0.1101 -1.6982 
21.8240 14.2457 -6.2178 -2.3146 4.3303 -1.2049 -2.9645 0.9163 -0.6999 -2.6915 -0.0376 0.2802 -1.5517 
20.6700 13.6720 -5.1629 -1.4986 3.6146 -1.9273 -2.2569 1.7447 -0.9614 -3.0346 0.0731 0.0209 -1.9857 
21.7233 13.4936 -7.6821 -3.3400 4.3865 -0.3711 -2.2094 0.7501 -1.3291 -2.4621 0.7949 0.2847 -2.1939 
21.3194 13.4066 -7.0007 -2.5265 4.8309 -0.1995 -2.0481 1.0126 -1.0503 -2.3935 0.5488 -0.0917 -2.4343 
24.2912 15.0129 -8.8633 -4.5662 3.3709 -1.6428 -2.6663 0.6214 -2.4682 -3.5383 0.7545 0.1719 -2.4838 
21.6479 13.0783 -7.6738 -2.2677 4.6732 -1.4136 -2.3152 1.7775 -1.2164 -3.0096 0.9302 0.3658 -2.6885 
19.6940 11.9499 -6.9849 -2.4407 3.5360 -1.8741 -2.4110 1.2981 -1.5472 -3.2222 0.3259 0.0807 -2.1346 
19.7807 13.3549 -4.6385 -1.6370 3.3477 -1.4517 -2.1071 1.0834 -1.2351 -2.6635 0.1836 -0.1338 -1.7614 
19.3853 12.0749 -6.4359 -2.4834 3.1430 -2.1099 -2.7907 0.9904 -1.2654 -2.9388 -0.0206 -0.4399 -2.4749 
26.6125 14.6399 -11.8405 -3.0983 7.1022 -0.9489 -2.6195 2.1364 -2.3564 -4.5204 1.6932 1.9615 -2.1818 
33.1196 18.7136 -14.3673 -4.8784 7.4016 -2.2614 -5.1167 0.3074 -4.0307 -5.9130 1.1726 1.6574 -1.9572 
29.9064 17.1902 -13.0883 -5.4418 6.6401 -0.5785 -3.8749 0.0553 -3.2163 -4.9015 0.4016 0.9951 -1.2273 
30.0445 19.5382 -9.1825 -4.3794 5.6136 -0.3184 -2.6078 1.1398 -2.0522 -4.2594 -0.0326 0.4580 -1.4349 
31.6047 22.6129 -6.0479 -3.6523 4.7069 -0.7550 -2.8512 0.4597 -2.6465 -5.0637 -1.7445 -1.5721 -3.1108 
31.8253 23.7803 -4.1441 -2.9365 4.0291 -1.2246 -2.5376 0.9815 -1.9892 -4.1681 -1.0627 -1.2712 -2.7737 
29.9316 22.9003 -3.3374 -3.6537 2.0280 -2.5555 -3.7718 -0.5330 -2.4919 -4.1578 -2.3471 -3.4688 -4.3185 
30.4134 24.0082 -1.7184 -2.3166 2.7803 -1.8940 -2.8047 0.6522 -1.3524 -3.2537 -1.7283 -3.0141 -3.7129 
31.2029 24.3525 -2.0215 -2.1689 2.6110 -2.9657 -3.3858 1.0570 -1.1137 -3.3271 -1.4976 -2.7722 -3.7063 
32.3640 25.1402 -2.6280 -2.9555 2.6439 -2.6987 -3.7762 0.3853 -1.1849 -2.9832 -1.6637 -3.5855 -4.2588 
34.6154 26.7641 -3.5090 -4.1096 3.1677 -1.2095 -3.1327 -0.0748 -1.4786 -2.6669 -1.6058 -3.7482 -3.5267 
35.6832 27.3346 -4.4522 -5.2577 2.9891 -0.6172 -2.6189 -0.2093 -2.1906 -3.3379 -1.8535 -3.8930 -3.7658 
37.5516 27.4648 -7.0667 -6.3293 3.9120 -0.1424 -2.6481 -0.2533 -3.0514 -4.4519 -1.7652 -3.0274 -3.3409 
38.1704 27.8574 -7.5021 -6.8094 4.3493 1.0477 -1.8255 -0.3912 -3.4731 -4.1726 -0.7804 -2.1569 -3.0245 
39.1504 27.8085 -8.9470 -7.1495 4.8911 0.8254 -2.3303 -0.5439 -4.0013 -4.8360 -0.6106 -1.7451 -3.3822 
40.0934 28.2830 -9.1256 -6.3820 6.1534 1.3997 -2.1099 -0.3982 -4.2303 -4.8339 0.1758 -0.8938 -3.0367 
40.2773 27.9988 -9.8159 -6.3692 6.7268 1.7277 -2.0062 -0.3667 -4.5109 -5.3007 -0.0555 -0.8434 -2.9519 
39.1074 27.0655 -9.9131 -6.7236 6.0830 1.3602 -2.3649 -0.9976 -5.0869 -5.7156 -0.4061 -1.0355 -3.2075 
38.1681 27.1046 -8.6646 -6.3511 6.4791 2.8155 -1.6656 -1.6059 -5.1677 -4.9749 0.2029 -0.3697 -2.4049 
37.3664 26.6126 -8.2727 -6.0311 6.3825 2.7869 -1.6358 -1.9485 -5.6624 -5.0828 0.3119 -0.5887 -2.9228 
37.0216 26.3668 -8.2316 -6.2083 5.7974 2.2558 -1.7643 -1.9209 -5.8054 -5.3854 -0.0632 -1.0777 -3.5037 
36.7232 26.3463 -7.7842 -5.8555 6.1378 2.9137 -1.1235 -1.6516 -5.6288 -5.0242 0.2743 -1.0008 -3.4781 
35.9802 25.6348 -7.5969 -5.1293 6.1871 2.1994 -1.4052 -1.4070 -5.8848 -5.6182 0.3814 -0.3425 -3.1960 
35.1666 25.1621 -7.2475 -4.9062 6.1146 1.9505 -2.0009 -1.8010 -5.5649 -5.4439 -0.1487 -0.6458 -2.9637 
34.6638 25.2526 -6.2784 -4.3770 6.1463 2.2611 -1.5491 -1.6180 -5.5251 -5.4096 -0.0739 -0.4957 -2.9336 
34.6139 24.7167 -7.1011 -4.3778 6.7649 2.3419 -2.0134 -1.7887 -5.3351 -5.3012 -0.0316 -0.3749 -2.9183 
34.9057 24.5602 -8.1399 -5.3143 6.6813 2.4301 -2.5414 -2.3657 -5.3194 -5.3445 -0.6680 -0.9145 -2.9495 
35.3193 24.9303 -7.7455 -4.4490 7.4334 2.6139 -2.3703 -1.9814 -5.0082 -4.8095 0.2558 -0.3155 -2.9473 
34.8820 24.6478 -7.5813 -4.1043 8.1215 3.5587 -1.7885 -1.8864 -5.1039 -5.1309 -0.1214 -0.1744 -2.3120 
34.7171 24.1220 -8.0137 -4.0795 7.4231 2.1214 -2.2399 -1.3774 -4.9797 -5.1585 0.1228 -0.5066 -3.3272 
33.8205 23.6812 -7.8030 -4.5904 6.8448 2.4370 -1.8996 -1.5081 -4.9757 -5.2637 -0.5104 -0.9262 -3.1448 
31.9665 22.1500 -7.4125 -3.3410 7.7895 2.6227 -2.3851 -1.9753 -4.8334 -4.8698 -0.3455 -0.7384 -2.8871 
30.9817 21.7332 -7.0283 -3.8644 6.7612 2.1472 -2.5455 -1.7247 -4.0340 -4.5769 -0.7521 -0.7676 -2.7251 
29.7521 20.2615 -7.3425 -2.8437 7.6409 2.3026 -1.8023 -0.2687 -3.4434 -4.9155 -0.4754 0.3329 -1.9906 
27.9023 19.3070 -6.3411 -2.6072 6.6698 1.7668 -1.6263 0.0590 -2.9651 -4.4839 -0.3179 0.5715 -1.6850 
27.1229 19.1533 -5.4904 -2.5895 5.5857 0.9499 -1.9735 -0.5122 -3.3419 -4.1482 -0.1784 -0.1394 -2.3039 
25.3722 17.6942 -5.5949 -2.9126 4.5293 0.1997 -1.8480 -0.0452 -3.2122 -4.4289 -0.4171 -0.2109 -2.7155 
24.4781 17.0062 -5.2117 -2.1703 4.7856 0.1763 -1.6526 0.0794 -3.4191 -4.4722 -0.0068 0.3298 -2.1895 
23.5689 15.4269 -6.7009 -2.6244 4.6861 -0.9130 -3.1460 -0.3817 -3.2599 -5.0120 -1.1531 -0.6315 -2.9455 
21.8936 14.7431 -5.3998 -2.0678 4.2830 -0.3188 -1.6316 0.7447 -2.3805 -3.9704 -0.5520 -0.5907 -2.6428 
21.3459 14.5695 -4.8882 -1.9758 3.7417 -0.6273 -1.4007 1.0456 -2.2247 -3.8406 -0.4927 -0.6252 -2.4806 
21.7194 14.6020 -5.3626 -2.0506 4.1208 -0.3427 -1.0490 1.8025 -1.4068 -3.3025 -0.1125 -0.3684 -2.3947 
20.7573 13.9880 -5.1753 -2.4883 2.7403 -1.7890 -2.2490 0.7223 -2.0985 -3.4267 0.1437 0.1601 -1.8136 
20.4399 13.7022 -5.0516 -1.9847 3.2643 -1.5655 -2.1716 1.1021 -1.3226 -2.7356 0.1951 -0.5009 -2.7782 
19.9071 13.0786 -5.5499 -2.5785 2.6667 -1.9052 -2.3963 0.5635 -2.2906 -3.8042 -0.5449 -0.7193 -2.6700 
20.8160 14.1824 -4.6992 -1.8401 3.1648 -1.7082 -2.0805 1.3591 -1.2259 -2.8330 0.3369 0.2496 -1.6456 
20.4196 13.6342 -5.0081 -1.6514 3.5477 -1.6039 -2.0166 1.7938 -0.7899 -2.7908 0.3004 0.1980 -2.0858 
20.2583 13.3687 -5.2250 -1.6738 3.7070 -1.3238 -1.8544 1.6149 -0.9351 -2.5462 0.5488 0.3362 -1.6213 
20.5178 13.8564 -4.7445 -1.5921 3.4430 -1.6581 -2.2710 1.1102 -1.2786 -2.5901 0.6809 0.5307 -1.3618 
19.5654 12.6286 -5.7259 -2.4228 2.5310 -2.7333 -3.2735 0.2963 -2.2696 -3.9915 -0.8386 -1.0007 -3.0699 
19.5755 12.9249 -5.0239 -1.6570 3.4305 -1.2122 -1.2371 2.0363 -1.2387 -3.2720 0.0061 0.0025 -1.9567 
19.9094 13.2473 -4.9468 -1.5526 3.6684 -1.3776 -2.1108 1.1990 -1.3826 -3.1773 -0.0810 0.1803 -1.3585 
19.3881 12.9699 -5.0167 -2.3543 2.7626 -1.3629 -1.6962 1.1494 -1.7371 -3.3490 0.0169 0.2481 -1.6131 
19.3565 13.1270 -4.2971 -1.3343 3.1602 -1.7495 -1.9604 1.5188 -1.0308 -2.6525 0.4308 0.2289 -1.8582 
18.9918 12.5052 -4.7550 -1.2904 3.2757 -1.8139 -1.9441 1.4037 -1.5010 -2.9896 0.3653 -0.0068 -2.1116 
19.1805 12.5409 -5.1705 -1.7646 3.3558 -1.2743 -1.5600 1.5370 -1.2777 -2.6960 0.4688 -0.0935 -2.1216 
18.7943 12.3617 -4.8198 -1.5126 2.9963 -2.0396 -2.0632 1.6725 -0.9368 -2.7674 0.2105 0.0597 -1.8275 
18.4506 12.1343 -4.6755 -1.1546 3.7602 -0.8845 -1.1497 2.0523 -0.6401 -2.3349 0.4228 -0.1122 -2.1160 
24.7981 15.5036 -9.7078 -5.7711 5.6822 3.1768 -1.3607 -1.8224 -3.1463 -1.5662 1.8932 0.0501 -1.9895 
22.4160 14.6568 -6.9060 -3.4676 4.7866 1.1144 -1.9522 -1.2624 -3.1088 -2.4478 0.8792 -0.6152 -2.5483 
31.3794 21.4340 -9.1388 -6.5537 5.9044 3.1546 -2.1083 -2.4872 -4.2104 -4.0033 -1.0687 -1.5603 -1.8512 
32.8257 23.2849 -7.6830 -5.5757 6.2149 2.8600 -2.5914 -2.9201 -4.5141 -3.8172 -0.1333 -0.2618 -0.8232 
39.1433 26.7344 -9.8397 -5.0531 7.6169 0.9528 -2.8620 0.6614 -2.3536 -3.8610 0.6829 0.1271 -2.1362 
36.2156 24.9774 -8.9207 -5.0119 7.0465 1.6311 -2.4873 -0.5140 -3.4176 -4.1059 0.1851 -0.8621 -3.2935 
32.5238 23.1200 -7.4684 -5.4885 6.0312 3.1366 -1.8536 -3.1163 -5.9021 -4.6517 0.0086 -1.1417 -3.4649 
29.9225 21.9412 -4.9688 -3.2772 5.3254 1.4710 -1.6974 -1.2244 -4.3007 -4.3562 -0.0743 -0.6286 -2.9328 
29.0326 21.4183 -4.6667 -3.2497 5.2922 2.2173 -0.7611 -1.0490 -4.5448 -4.3619 0.0518 -0.5844 -2.8659 
27.4607 20.1153 -4.3336 -2.3396 5.5419 1.7575 -1.1705 -1.0340 -4.4794 -4.5507 -0.1328 -0.5965 -2.8810 
26.5748 19.2432 -4.6289 -2.5885 5.1106 1.5786 -0.9056 -0.8587 -4.8194 -5.0910 -0.4159 -0.5699 -2.5732 
26.2106 18.1180 -6.2483 -3.2846 5.2245 0.8258 -2.6183 -1.7158 -4.3914 -4.9554 -1.0496 -0.8266 -2.5217 
25.6216 17.6792 -5.9391 -2.6665 5.5093 0.7804 -2.3490 -0.7713 -3.2045 -4.0511 -0.3294 0.0070 -1.7447 
23.2640 16.3885 -4.8860 -2.7171 4.0534 0.5431 -1.1390 0.0219 -3.3429 -4.3521 -0.4071 -0.0780 -1.9919 
23.1637 16.2462 -4.8354 -2.5260 3.7590 -0.2533 -1.6642 -0.1529 -3.6514 -4.5548 -0.1884 0.0640 -2.1983 
23.1933 15.8539 -5.6736 -2.9472 3.8248 -0.5266 -2.4348 -0.6070 -3.4897 -4.6430 -1.0906 -0.8310 -2.2726 
21.9331 14.5791 -5.9372 -2.5963 4.0445 -0.7141 -2.4647 0.1901 -2.1784 -3.6741 -0.5985 -0.4775 -2.1703 
21.2464 14.4520 -5.1508 -2.3411 3.8259 -0.2592 -1.6709 0.2658 -2.4718 -3.5274 -0.3746 -0.6340 -2.0720 
21.6377 14.3707 -5.8729 -2.6461 3.7866 -0.8075 -2.3845 0.1179 -2.0905 -2.9675 0.1297 -0.4902 -2.5066 
21.1490 14.3058 -5.4230 -2.9762 2.7689 -1.3341 -2.1350 0.5515 -2.0153 -3.3670 -0.2255 -0.2448 -2.0052 
20.9756 13.9611 -5.5417 -2.3810 3.6186 -0.9238 -2.1130 0.4546 -2.1984 -3.6185 -0.5604 -0.6185 -2.1671 
20.4159 13.3258 -5.7601 -2.2595 3.6062 -1.2430 -2.2471 0.8370 -1.6918 -3.3845 -0.5006 -0.6325 -2.2836 
20.4355 13.6732 -5.1200 -1.9731 3.5022 -1.1955 -1.7837 1.5807 -0.9663 -2.9522 -0.3350 -0.4829 -1.9978 
20.5365 13.4687 -5.5994 -2.2354 3.1262 -1.9074 -2.3443 1.2807 -1.2071 -2.9605 -0.0889 -0.1632 -1.5517 
19.9996 12.9264 -6.0590 -2.8774 2.7951 -1.8093 -2.3465 1.3300 -0.7850 -2.7248 -0.4207 -0.7768 -2.4293 
20.6443 13.6207 -5.6683 -2.4912 3.2355 -1.5790 -2.5118 0.7466 -1.5561 -3.0568 0.0460 -0.0521 -2.0669 
23.1473 15.1319 -7.3015 -4.4461 2.8201 -1.6194 -3.2540 0.1274 -1.2957 -2.6031 -0.1260 -0.6251 -2.3501 
19.5057 13.0617 -5.0091 -2.3642 2.7095 -1.4195 -1.6451 1.4526 -1.0008 -2.4887 0.2059 -0.2290 -1.8718 
19.7170 12.9902 -5.4822 -2.6300 2.6268 -1.7237 -2.0017 1.3731 -0.8816 -2.1763 0.9186 0.7233 -1.1513 
18.9526 12.4057 -5.3562 -2.4507 2.6022 -1.7637 -2.1859 0.8809 -1.3908 -2.5170 0.3491 -0.3686 -2.2590 
19.3673 12.9401 -5.1377 -2.6934 2.2512 -1.9137 -2.1673 1.0721 -1.1017 -2.3825 0.4094 -0.2379 -2.5019 
19.5602 13.0447 -5.2114 -2.4698 3.0781 -0.8630 -1.4581 1.3635 -1.0456 -2.4944 0.3941 0.3103 -1.4598 
19.5396 13.1588 -4.7942 -1.9763 3.1485 -1.3609 -2.0797 1.1226 -0.7997 -2.0481 0.5456 -0.1169 -2.1318 
20.2322 13.2951 -5.4857 -1.9474 4.0037 -0.6162 -1.6537 1.1943 -1.2714 -2.6966 0.1437 -0.3028 -2.0801 
19.5395 13.2294 -4.5289 -1.7498 2.8600 -1.9456 -2.3550 0.8588 -1.6841 -3.1402 -0.0373 -0.3490 -2.3296 
19.3255 13.1910 -4.3173 -1.6801 3.0047 -1.4304 -1.8539 1.1606 -1.1337 -2.4009 0.3069 -0.2447 -2.0181 
19.0023 12.3946 -5.1899 -1.9231 2.9432 -1.6048 -1.5178 1.7544 -1.2313 -3.0070 -0.1904 -0.7017 -2.2928 
19.3102 13.0331 -4.2311 -0.9869 3.4335 -1.6384 -1.7379 1.6215 -1.4185 -3.2432 0.0107 0.0180 -1.6815 
19.7285 13.2547 -4.3165 -0.8085 3.6052 -1.7779 -1.7998 1.7034 -1.3995 -2.9509 0.6302 0.2669 -2.0455 
19.2371 12.5239 -4.9289 -0.9909 3.7854 -1.6775 -2.0241 1.4166 -1.3591 -2.6412 0.8644 0.4672 -1.5348 
19.7717 12.6053 -5.5402 -0.9862 4.5367 -1.2167 -2.0373 1.4806 -1.3211 -3.0495 0.1739 -0.1330 -1.9604 
26.1982 13.7660 -12.5493 -2.8728 7.2093 -2.0305 -3.7522 2.1846 -1.8288 -4.5793 0.8637 0.5009 -3.5372 
31.8792 16.8729 -15.5042 -4.6110 7.6139 -3.0344 -5.1063 2.1634 -1.8870 -4.6225 1.8015 1.1866 -3.4956 
32.0122 21.8068 -7.2851 -2.7471 5.2472 -2.7754 -4.5832 0.6344 -1.8804 -3.2699 1.2868 0.2080 -3.3494 
37.8021 26.8151 -7.4316 -4.4043 4.6352 -2.9378 -5.0067 0.1782 -1.8881 -2.6784 1.7395 -0.0753 -3.6510 
39.4265 28.1607 -7.8252 -5.3301 4.4900 -2.7962 -5.3841 -0.0175 -1.3461 -2.2832 1.5836 0.0616 -2.9311 
41.4074 28.6004 -9.7725 -6.0925 4.4143 -3.5939 -5.6217 -0.0315 -2.3851 -2.8364 2.0636 -0.2693 -3.6864 
42.1824 29.3937 -9.5599 -6.1007 4.7178 -3.0288 -5.3072 0.0173 -1.9857 -1.9566 2.7027 -0.2192 -3.5920 
42.0713 29.4176 -9.7033 -6.7772 4.3842 -2.6786 -5.2365 -0.3055 -1.9318 -1.6957 2.7140 -0.1764 -3.4837 
41.9240 29.3906 -9.8671 -7.4453 4.0286 -2.3417 -5.1043 -0.5995 -2.0313 -1.7744 2.2990 -0.4949 -3.5873 
42.0790 30.3642 -8.8930 -7.9616 3.7454 -1.3663 -4.8054 -1.0374 -1.4701 -1.0257 1.9666 -0.7673 -3.1978 
42.2149 30.5924 -8.7827 -8.0818 3.6763 -1.3402 -4.9473 -1.2782 -1.6370 -1.1018 2.1404 -0.5047 -3.4276 
41.3140 30.3741 -7.8719 -7.8392 3.2697 -1.1341 -4.4114 -1.2613 -1.7531 -0.8747 2.3320 -0.5666 -3.4877 
41.3565 29.7599 -8.6507 -7.5829 3.3109 -1.9689 -4.5878 -0.8514 -2.1893 -1.6303 2.1520 -0.7664 -3.8139 
41.1022 29.3816 -8.6741 -7.0055 3.7517 -2.0627 -4.5008 -0.3640 -2.0491 -1.9926 1.9249 -0.6598 -3.6827 
38.9827 28.9743 -6.5252 -6.5186 3.0183 -1.8460 -4.4551 -0.8044 -1.6132 -1.5009 1.5010 -0.8753 -3.4589 
37.8647 28.4754 -5.9478 -6.7812 1.9798 -2.3071 -4.4375 -1.0011 -1.9505 -1.7864 1.3414 -0.8651 -3.6354 
37.5715 28.0164 -5.7339 -5.3426 3.2937 -2.1262 -4.3712 -0.3049 -1.2791 -1.6146 1.2382 -0.7934 -3.0223 
37.3624 28.2167 -5.3059 -5.5495 3.0446 -2.0132 -4.4667 -0.3519 -0.9667 -1.7182 0.8199 -0.5127 -2.4194 
36.7479 27.6808 -5.7590 -6.5680 2.2796 -1.7456 -4.4424 -1.6798 -2.3296 -1.7651 1.1540 -0.9829 -3.1586 
38.0834 28.0160 -6.4357 -5.5520 3.4664 -2.0451 -3.9060 0.3276 -1.4783 -2.2558 1.2816 -0.3609 -2.9910 
37.6390 27.9811 -6.4151 -6.3858 3.5035 -0.5519 -3.4712 -0.7027 -1.6207 -1.6451 0.7835 -1.2205 -2.6338 
38.2907 27.8362 -7.7754 -7.0025 3.9697 -0.4758 -3.9955 -0.9250 -1.7105 -1.9720 0.9204 -0.5197 -2.4316 
37.1176 27.4471 -6.6686 -6.5198 3.4861 -0.4893 -3.3147 -0.5696 -2.2289 -3.0230 0.1892 -0.3819 -1.8743 
36.0472 26.3473 -7.0182 -6.5221 3.5243 -0.1955 -2.8325 -0.5863 -2.9649 -3.8055 -0.2282 -0.7450 -2.3133 
36.0587 26.4710 -6.8024 -5.9958 4.7781 0.9176 -3.0364 -1.2874 -2.8902 -3.4250 -0.0750 -0.2988 -1.7005 
36.1432 26.2351 -7.4662 -6.2885 5.2779 1.4552 -3.3693 -2.1538 -3.2236 -3.1084 0.0833 -0.5247 -1.7977 
35.5513 25.7981 -7.2384 -5.8887 5.3421 1.0820 -3.9229 -2.4420 -3.0987 -2.9748 -0.0966 -0.7660 -1.8297 
35.1168 25.9020 -6.5030 -6.0153 4.3656 0.5946 -3.5762 -1.8489 -2.6137 -2.8766 -0.4945 -1.0225 -1.3951 
33.8695 25.1757 -5.9591 -5.9786 3.5652 0.4711 -2.6397 -1.1980 -2.9821 -3.5344 -0.7394 -1.0634 -1.6224 
32.5729 23.8893 -6.1105 -5.4575 3.7347 -0.1034 -3.2119 -1.0334 -2.4926 -3.4781 -1.1225 -1.6018 -2.2110 
31.1861 23.0814 -5.0446 -4.2459 3.6660 -0.5924 -2.9484 -0.5443 -2.5318 -3.6072 -0.8943 -1.2781 -1.9958 
28.5468 21.0729 -4.7196 -4.1393 2.5491 -1.8042 -3.5469 -0.6169 -2.5158 -4.0687 -1.5985 -1.6550 -2.5344 
28.4675 20.5823 -4.7208 -2.4960 4.1981 -1.3556 -2.9056 0.4696 -2.2687 -4.0278 -0.4467 -0.1263 -1.5854 
28.7127 19.3309 -7.1958 -3.0563 4.7702 -2.2716 -4.4477 0.0385 -2.2367 -4.1379 -0.2700 -0.1267 -2.3373 
29.9748 19.2442 -8.7673 -2.3548 7.2823 -0.8432 -4.0436 0.2496 -2.6931 -4.5711 0.4075 0.6085 -2.7054 
28.5682 18.3813 -8.5624 -3.0471 6.0144 -1.1362 -3.6460 0.4627 -2.6644 -4.8506 -0.2308 0.3430 -2.3158 
27.9817 17.6779 -8.9635 -3.3778 5.2667 -2.1673 -4.2166 0.8359 -1.3884 -3.3271 0.3432 -0.3701 -3.0582 
28.5333 17.0879 -10.2887 -2.5715 7.0439 -1.6944 -3.8449 1.8919 -1.4171 -4.3662 0.3666 0.6004 -2.7034 
27.7114 16.5202 -10.1656 -2.4916 7.1548 -1.5331 -4.0313 1.9940 -0.2886 -3.0848 0.9899 1.1069 -2.2491 
25.3755 15.6824 -8.6589 -2.8852 5.4888 -1.6646 -3.8874 1.0524 -0.8284 -3.2102 -0.2809 -0.5863 -2.8191 
23.9762 15.3694 -7.1026 -2.2964 4.8825 -1.4577 -2.8580 1.5471 -0.9488 -3.2611 0.0696 0.2301 -1.9453 
26.4813 15.4395 -10.5167 -3.6053 5.0076 -2.9140 -4.1327 1.4080 -1.7776 -4.1110 0.3518 0.1584 -2.5953 
25.1802 15.4602 -8.6689 -3.0472 4.7236 -2.0038 -3.0012 1.6541 -1.3352 -3.1510 0.8556 0.1723 -2.4787 
22.2077 14.1747 -6.5911 -2.0464 4.4354 -1.4361 -2.5153 1.2541 -1.4187 -2.9648 0.7790 0.7067 -1.3372 
21.8643 14.1951 -5.9841 -1.8275 3.8757 -2.2083 -2.9702 1.1201 -1.4875 -3.0566 0.7670 0.5205 -2.2097 
21.1844 14.1465 -5.4630 -2.5287 2.6943 -2.4939 -3.3177 -0.0716 -2.5520 -3.7477 -0.2613 -0.5166 -2.5535 
21.2283 14.2438 -5.2632 -2.0955 3.4932 -1.4557 -2.3238 0.8031 -1.7456 -3.0627 0.3530 0.2378 -1.6982 
21.0579 14.0700 -4.9225 -1.2535 3.8746 -1.5551 -1.9834 1.2972 -1.8918 -3.4581 0.2025 0.1568 -1.6908 
20.8566 13.6907 -5.6114 -2.0873 3.3889 -1.8197 -2.3782 1.1532 -1.5688 -3.2159 0.1909 0.1532 -1.8186 
20.2190 13.4826 -4.9913 -1.7036 3.2674 -2.1375 -2.7812 1.0223 -1.3006 -3.1939 -0.2405 -0.1125 -1.6755 
20.1511 12.7673 -6.5668 -3.2350 2.3560 -2.4429 -2.7892 0.8074 -1.6385 -2.9901 0.3281 -0.0948 -2.3495 
20.4109 13.8211 -4.7569 -1.7560 3.3603 -1.6110 -2.2636 1.3290 -0.8039 -2.5484 -0.0023 -0.3615 -2.1489 
19.3854 12.6936 -5.1078 -1.5868 3.3382 -1.8495 -2.2717 1.3628 -1.0301 -2.6999 0.0216 -0.5077 -2.2031 
19.4485 13.1912 -4.3577 -1.3475 3.4026 -1.4318 -1.8857 1.3749 -1.2502 -2.9094 0.2181 0.0104 -2.2523 
20.3305 14.0877 -3.9768 -1.0928 3.6391 -1.4151 -2.2447 0.7195 -1.7296 -2.8748 0.4171 0.0913 -2.0289 
19.9918 13.5660 -4.5983 -1.6218 3.6120 -0.9145 -1.7189 0.8342 -2.0450 -3.2774 0.4020 0.5091 -1.6868 
19.8868 13.5000 -4.2749 -0.8769 4.0803 -1.1436 -1.9974 1.1642 -1.3792 -2.8412 0.3858 0.0369 -2.3439 
19.7588 13.4479 -4.3622 -1.3290 3.6368 -1.1116 -1.7219 1.4286 -1.0349 -2.6996 -0.0697 -0.5980 -2.5973 
19.2203 13.0971 -4.1938 -1.2476 3.5196 -1.0911 -1.5376 1.5946 -0.8692 -2.3220 0.6636 0.3629 -1.5778 
19.3454 13.2693 -4.1238 -1.3872 3.2243 -1.4836 -1.9977 1.2794 -0.9004 -2.3613 0.3301 -0.1514 -2.1489 
19.0981 12.8452 -4.5872 -1.6428 3.2869 -1.2436 -1.7941 1.2605 -1.1612 -2.5488 0.5704 0.4726 -1.4248 
19.1979 12.8884 -4.3456 -0.9452 3.7445 -1.3633 -1.8571 1.3442 -1.3953 -2.8146 0.6444 0.3592 -2.0918 
18.5615 12.3816 -4.9107 -2.5182 2.1409 -1.8653 -1.9851 0.9574 -1.6113 -3.1084 -0.3789 -0.8529 -2.6687 
18.6627 12.5613 -4.3123 -1.2810 3.3447 -1.2889 -1.8368 0.9768 -1.4226 -2.2388 1.0869 0.3997 -1.9867 
18.5051 12.3277 -4.6951 -1.8443 2.8764 -1.5240 -1.8069 1.4468 -0.8303 -2.3167 0.3911 -0.0191 -1.8541 
17.9878 12.2096 -4.1510 -1.6441 2.7108 -1.5370 -1.9070 1.0736 -1.0685 -2.3660 0.3325 0.1861 -1.3203 
18.1924 12.0763 -4.4456 -1.2648 3.2233 -1.4279 -1.5762 1.5802 -1.2198 -2.9288 -0.0077 -0.2748 -2.0527 
18.5197 12.6552 -3.9720 -1.3352 2.8824 -1.5911 -1.7537 1.2144 -1.4237 -2.8504 0.0061 -0.4133 -2.1124 
17.9629 12.1573 -4.1553 -1.7374 2.1202 -2.4173 -2.3958 0.9119 -1.3891 -2.6450 0.3934 0.1806 -1.7215 
17.8737 11.9905 -4.5996 -2.4640 1.7220 -2.1776 -1.9825 1.1691 -1.1639 -2.4487 0.4518 0.1384 -1.7974 
17.4785 11.8872 -3.9659 -1.6578 2.2511 -1.8578 -1.6968 1.4478 -0.9315 -2.2427 0.7247 0.4799 -1.5156 
17.2388 11.5759 -3.8069 -0.7707 3.0446 -1.7975 -1.9318 1.2385 -1.3525 -2.8645 0.0965 -0.0457 -1.6683 
16.8521 10.7533 -5.0889 -1.8909 2.8968 -1.2074 -1.7076 0.6974 -1.9958 -3.1170 0.0529 -0.1634 -2.0073 
17.4776 11.4213 -5.0498 -2.6078 1.6024 -2.8889 -3.2331 0.0913 -1.9778 -3.5397 -0.8006 -0.7106 -2.4509 
17.0999 11.6592 -3.5541 -0.7983 2.9895 -1.7948 -2.2045 1.1191 -0.7742 -2.1601 0.3119 -0.1617 -2.0944 
17.4364 11.6851 -4.1857 -1.3960 3.0506 -0.9969 -1.2401 1.3585 -1.3183 -2.5763 0.3656 -0.2415 -2.5162 
17.3268 11.6588 -4.0109 -1.1781 3.0205 -1.5786 -2.0386 1.2604 -0.7040 -2.2644 0.2525 0.0858 -1.8126 
16.6109 11.0725 -3.9941 -1.2363 2.6787 -1.5645 -1.5572 1.4217 -1.0288 -2.3077 0.6898 0.4701 -1.5230 
16.4873 11.0172 -4.0219 -1.4497 2.5030 -1.5894 -1.7107 1.1559 -1.1484 -2.3940 0.4582 0.2082 -1.8159 
17.0591 11.2252 -4.4499 -1.5804 2.4864 -2.2030 -2.6031 0.5574 -1.5884 -2.9462 -0.2507 -0.5911 -2.4007 
16.0266 10.7356 -3.9213 -1.3769 2.7974 -1.1862 -1.9739 0.5475 -1.0231 -1.8216 0.4861 -0.0488 -1.5803 
16.1881 11.1331 -3.4518 -1.3376 2.4558 -1.1531 -1.0868 1.7282 -0.5981 -2.3345 -0.0450 0.0459 -1.1842 
15.9095 10.7367 -3.4721 -0.8464 2.5300 -2.0418 -2.3631 0.4304 -1.7650 -2.6630 0.5096 0.2730 -1.8894 
16.2427 10.8365 -3.9857 -1.5151 2.1648 -1.9798 -1.9158 1.1169 -1.1509 -2.5278 0.0317 -0.3248 -1.9607 
16.3009 11.2213 -3.5340 -1.4419 2.5143 -1.3360 -2.0816 0.1939 -1.9126 -3.1777 -0.6229 -0.4968 -1.8606 
15.9495 10.8643 -3.5992 -1.2819 2.8231 -0.7787 -1.1709 1.3362 -0.7656 -2.1672 0.1351 -0.0743 -1.6618 
15.3871 10.4321 -3.5545 -1.1755 3.0966 -0.1210 -0.6007 1.4027 -0.9961 -2.6054 -0.5353 -0.4838 -1.5593 
15.6983 10.3145 -4.1124 -1.2156 3.0469 -1.1318 -1.8906 0.9552 -0.6325 -1.9729 -0.0102 -0.2931 -1.5066 
16.1261 10.1602 -5.2835 -2.2017 2.9066 -0.6287 -1.1329 1.1335 -1.6547 -3.2337 -0.1915 0.1212 -1.6927 
15.9225 10.6814 -3.8971 -1.7366 1.8135 -1.9319 -1.6642 1.0600 -1.5481 -2.9997 -0.3130 -0.5021 -2.1914 
16.5441 11.2440 -3.6256 -1.3344 2.0013 -2.3382 -2.1787 0.9634 -1.2265 -2.3795 0.3982 0.0750 -1.6303 
15.8810 10.5536 -4.0543 -1.6348 2.2104 -1.7358 -1.9283 0.8579 -1.2481 -2.4959 0.0279 -0.3376 -2.1871 
15.8188 10.4100 -3.9257 -0.8526 3.0490 -1.5722 -2.0685 1.1217 -0.7250 -2.2789 -0.0218 -0.0337 -1.2548 
15.0637 9.9455 -3.9227 -1.6344 1.8157 -1.7998 -1.3560 1.4419 -1.0564 -2.2781 0.6683 0.5888 -1.1144 
