19.1308 11.9547 -6.5125 -2.9451 2.7743 -2.0517 -2.5821 1.6014 0.0499 -1.4455 1.4030 1.2113 -1.0491 
22.1982 13.2555 -8.8389 -4.0683 3.6158 -1.9661 -3.2815 1.3575 -0.2206 -2.4531 -0.3395 -0.6882 -1.7392 
22.7548 12.8759 -9.5392 -2.8225 4.7008 -2.9615 -4.0392 1.7806 -0.1594 -1.8302 1.7923 0.4511 -2.4600 
21.5813 12.6029 -8.5457 -2.8374 4.4368 -1.7579 -2.4659 2.4505 -0.0415 -2.4152 0.4717 -0.2918 -2.4535 
22.1965 14.0962 -7.0652 -3.0669 3.5272 -1.5374 -1.8744 2.4043 0.1203 -1.7107 0.9101 -0.0743 -2.1620 
21.3751 13.5973 -6.9286 -3.4154 2.7517 -2.1611 -2.3822 2.1577 0.2695 -1.6322 0.9472 0.4056 -1.6388 
21.3266 13.7384 -6.3608 -2.7540 2.9644 -2.3266 -2.5181 1.9473 -0.2706 -2.3421 0.1668 -0.5300 -2.5188 
22.3440 14.5015 -6.5727 -2.8866 3.4976 -1.6683 -2.1919 2.1167 -0.1240 -2.2878 0.2514 -0.2502 -2.0922 
22.4128 14.4392 -6.9336 -3.3760 3.1422 -1.8757 -2.5423 1.5927 -0.2735 -1.7534 1.0277 0.4162 -1.5055 
22.6648 14.3796 -7.0601 -2.6491 3.9431 -1.9541 -2.7136 2.0591 0.2366 -1.6602 0.9066 0.2735 -1.2957 
21.7609 13.4185 -7.5901 -3.2457 3.1087 -2.6276 -3.0502 1.5349 -0.9560 -3.0340 0.1071 -0.3041 -2.4558 
22.6414 14.7517 -6.4017 -2.5488 3.6620 -1.8287 -2.1446 2.5815 0.3765 -1.9137 0.5987 0.0482 -1.9141 
23.1924 15.0359 -6.7990 -2.8714 3.7567 -1.6820 -2.2524 2.2375 0.0753 -1.7988 0.9692 0.0464 -2.2229 
21.8795 13.4196 -7.9693 -3.6566 3.4085 -1.6841 -2.3740 1.7544 -0.4903 -2.2562 0.5158 -0.4074 -2.6999 
22.2156 13.9380 -7.7203 -4.0089 2.9135 -1.8617 -2.2945 2.2034 0.3077 -1.7983 0.4700 -0.1136 -1.7488 
22.6564 14.6313 -6.8065 -3.0558 3.3719 -1.9174 -2.3944 2.0433 -0.1614 -2.2801 0.2672 -0.2023 -1.7505 
22.6033 14.6584 -6.7595 -3.1831 3.3220 -1.7388 -2.4753 1.4887 -0.5843 -2.2393 0.3691 -0.2424 -1.8528 
22.6498 14.6525 -6.6744 -2.6938 3.9732 -1.3569 -2.1652 2.0734 0.0398 -1.7611 0.9978 0.4712 -1.5128 
23.3098 14.5630 -8.0429 -3.8667 3.3169 -1.8653 -2.1562 2.5765 0.3696 -1.6764 0.8438 -0.3557 -2.6666 
24.4024 15.4819 -8.1164 -4.1087 3.4484 -1.7688 -2.6411 1.4297 -1.1665 -3.0856 0.1145 -0.2497 -2.0255 
24.6910 16.0395 -7.5623 -4.0617 3.0741 -2.0066 -2.4555 2.1214 0.0842 -1.6333 1.1717 0.2751 -1.8088 
25.5929 16.7217 -7.9143 -4.7692 2.7520 -1.8112 -1.9547 2.6245 0.3175 -1.6755 0.9731 -0.1558 -2.4751 
24.4639 16.0843 -7.0736 -3.4571 3.9851 -0.9837 -2.1350 1.8077 -0.1976 -2.1440 0.0714 -0.6158 -1.8090 
24.1891 15.7791 -7.0118 -3.1467 3.8233 -1.5298 -2.0871 2.3905 -0.0256 -2.2006 0.5750 -0.0400 -2.0800 
23.8596 15.4395 -7.2330 -3.4489 3.5233 -1.5844 -1.8135 2.8771 0.3729 -2.0883 0.6052 0.0159 -2.3282 
24.8377 16.3527 -6.9917 -3.3381 3.5822 -1.8769 -2.4717 1.9794 -0.5398 -2.5893 0.6439 0.3423 -1.7558 
24.9845 16.6105 -6.5943 -2.8859 3.8217 -1.9777 -2.8598 1.4426 -0.9113 -2.6100 0.7470 0.4383 -1.5787 
23.8612 15.2547 -7.5388 -3.4594 3.6326 -1.9731 -2.7648 1.9250 -0.0793 -1.9284 1.1011 0.4865 -1.7609 
23.8764 14.8840 -8.2505 -3.8197 3.6062 -1.9563 -2.8361 1.2895 -1.4252 -3.2890 0.0274 -0.6309 -2.7869 
23.8160 15.2851 -7.2238 -3.0567 3.5880 -2.3407 -2.8227 2.1385 -0.1172 -2.3921 0.2957 -0.4055 -2.3304 
24.3521 15.6124 -7.5177 -3.3031 3.7489 -2.1572 -2.9793 1.7253 -0.6022 -2.7515 0.4885 0.6002 -1.0768 
24.0301 15.3734 -7.4548 -3.1246 4.0969 -1.6022 -2.3440 2.5112 0.3688 -2.0459 0.3526 -0.4364 -2.3295 
23.6944 14.9287 -7.9858 -3.8589 3.5871 -1.4430 -2.1043 1.9881 -0.4754 -2.2680 0.6881 0.0083 -1.8907 
23.8904 14.9273 -8.0832 -3.6032 3.4719 -2.6213 -3.6192 1.0796 -0.7158 -2.2280 0.4838 -0.7220 -2.6719 
23.9862 15.3976 -7.2621 -3.0722 3.6291 -2.2977 -2.9740 1.4877 -1.0168 -2.6994 0.8769 0.4182 -1.9271 
23.9557 15.2819 -7.2488 -2.5800 4.3413 -1.7856 -2.5352 1.9209 -1.0214 -3.2359 0.2667 -0.1043 -2.4582 
24.0147 15.6295 -7.0779 -3.2545 3.7227 -1.7033 -2.5519 1.7577 -0.5574 -2.6663 0.1520 -0.2249 -2.0348 
23.3394 15.0419 -7.3344 -4.0219 2.3653 -2.8694 -3.3778 0.8662 -1.1471 -2.3934 0.7403 -0.0275 -1.9186 
22.6183 13.7227 -8.6517 -4.4277 2.6010 -2.8102 -3.4116 0.8848 -1.6817 -3.6499 -0.5097 -0.8970 -2.7038 
23.3129 14.8655 -7.4262 -3.6246 2.9491 -2.3178 -2.5465 1.7548 -0.8020 -2.4042 0.7733 -0.2642 -2.5834 
23.3898 14.6887 -8.0059 -4.0932 2.8777 -2.3417 -2.7425 1.6592 -0.7854 -2.6697 0.2418 -0.6320 -2.7032 
23.6924 15.2749 -7.3173 -3.5470 3.4445 -1.6505 -2.1172 2.2324 -0.1991 -2.0945 1.1549 0.7718 -1.6065 
23.7911 15.5276 -6.8086 -3.0699 3.3251 -2.2663 -2.5507 2.0394 -0.6535 -2.8276 0.4971 0.3812 -1.4689 
24.6071 15.9239 -7.2720 -3.0768 3.9350 -2.0745 -3.0887 1.4149 -0.7379 -2.3356 0.8438 -0.1591 -2.5833 
27.4838 17.1590 -9.6517 -5.0756 2.9976 -3.4943 -4.1943 0.8968 -2.2735 -4.3386 0.3061 0.1623 -2.7676 
26.1351 16.0858 -8.9229 -3.2831 4.2629 -3.0976 -3.8188 1.5842 -1.4552 -3.4082 1.1045 0.6348 -2.2618 
25.3870 15.9360 -8.2368 -3.1884 4.2469 -2.3206 -3.0031 1.8853 -1.3290 -3.5952 0.6214 0.4532 -2.3300 
24.6793 15.2226 -8.6778 -3.7572 3.8301 -2.2205 -2.6907 2.3124 -0.4662 -2.6583 1.0246 0.7613 -1.5714 
24.2570 15.4915 -7.5209 -3.1328 3.8977 -2.1289 -2.8014 2.1678 -0.1962 -2.4988 0.6493 0.3243 -1.8406 
24.1716 15.5982 -7.4070 -3.6762 3.0910 -2.2895 -2.5705 2.0427 -0.4266 -2.4475 0.5488 -0.0985 -2.2690 
23.2859 14.8417 -7.4357 -3.5989 3.0568 -2.2227 -2.6020 1.6184 -0.9679 -2.8013 0.1293 -0.7797 -2.8629 
23.8830 15.5463 -7.0515 -3.4961 2.9257 -2.6648 -3.0889 1.6170 -0.6307 -2.6801 0.2687 -0.1377 -2.1565 
23.8037 15.4020 -7.1366 -3.2751 3.5355 -1.8395 -2.3043 2.2134 -0.0739 -1.8653 1.2111 0.4244 -1.9244 
23.6594 15.0997 -7.4846 -3.4955 3.2727 -2.3441 -2.8638 1.8738 -0.2942 -2.4090 0.2056 -0.4900 -2.3818 
24.0017 15.5256 -7.2064 -3.1717 4.0614 -1.2842 -2.4401 1.3921 -0.7689 -2.1371 0.9148 0.1338 -1.8890 
23.5623 15.0827 -7.2029 -3.0372 3.6295 -1.9735 -2.3371 2.0714 -0.6660 -2.5561 0.7986 0.1681 -2.1832 
23.9045 15.2407 -7.3350 -2.9481 3.7655 -2.0380 -2.2161 2.5699 -0.1272 -2.2568 0.7742 0.0488 -1.8836 
23.7938 15.3187 -7.1234 -3.0114 3.6679 -1.9931 -2.4473 1.9387 -0.8593 -2.9179 0.4444 0.1943 -1.7651 
24.5880 16.1046 -7.1291 -3.5427 3.3932 -1.7731 -2.0946 2.4448 0.0514 -1.9554 0.9592 0.3981 -1.5171 
23.6457 14.9891 -7.6324 -3.3203 4.0222 -1.1999 -1.8542 2.4372 0.1978 -1.5091 1.2547 0.2136 -1.9004 
23.7591 14.9982 -7.7560 -3.4332 3.5608 -2.2745 -3.0159 1.7097 -0.3205 -2.0681 0.9368 0.2631 -1.8913 
22.1627 13.1395 -9.1097 -4.7392 2.4371 -2.8862 -3.3213 1.3755 -0.8858 -3.0059 -0.2361 -0.9506 -3.1840 
23.7455 14.9816 -7.8217 -3.5865 3.4397 -2.1773 -2.6552 2.0797 -0.2859 -2.2536 0.9535 0.4594 -1.7438 
24.8650 15.4499 -8.1675 -2.7711 4.4421 -2.5684 -3.1198 2.6752 0.3495 -1.9297 1.4251 0.3681 -2.7224 
26.0367 15.3879 -9.4306 -2.1445 5.3244 -3.8499 -4.0672 3.6831 0.4527 -3.5265 0.9174 1.2939 -2.3102 
24.6399 14.2201 -9.9612 -3.0987 4.9950 -3.0084 -3.7932 2.9962 0.1850 -3.5720 0.3045 0.8222 -2.4837 
24.7065 15.5422 -8.0279 -3.2548 3.9702 -2.2613 -2.4861 3.0189 0.1857 -2.6886 0.7296 0.6262 -1.9858 
23.9033 15.2593 -7.3355 -2.9503 3.8700 -1.9421 -2.1720 2.8533 0.3089 -2.1586 0.5869 -0.1246 -2.2084 
23.8115 15.1524 -7.6104 -3.5899 3.2311 -2.2946 -2.8080 1.4763 -1.0893 -2.7353 0.5828 -0.0464 -1.8844 
23.6359 14.9843 -7.4396 -2.9115 4.0235 -1.9537 -2.6998 1.9676 -0.3513 -2.1865 1.0691 0.2742 -2.3382 
24.0847 15.7142 -6.9117 -3.0017 3.7851 -1.8063 -2.3574 2.4609 0.4280 -1.7127 0.8488 0.2176 -1.7189 
23.6061 15.1274 -7.3034 -3.1829 3.9242 -1.2659 -1.8706 2.2299 -0.2795 -2.0265 0.8981 -0.1925 -2.6310 
22.8555 13.8269 -8.7191 -4.1440 3.2878 -2.0382 -2.6947 1.4520 -1.3779 -3.5234 -0.4181 -0.7920 -2.5706 
23.8845 14.9920 -8.1020 -3.9523 2.9845 -2.8748 -3.2511 2.0532 -0.1644 -2.7523 -0.0616 -0.5880 -2.8263 
23.8018 15.1992 -7.5054 -3.5045 3.3008 -2.1513 -2.2692 2.6341 0.0882 -2.3093 0.5243 -0.0576 -2.1775 
23.0578 14.6895 -7.3822 -3.3697 3.6654 -1.4641 -1.9964 2.4603 0.2179 -1.8147 1.0253 0.4628 -1.6777 
23.3556 14.1909 -8.6172 -3.8049 3.4931 -2.1625 -2.3446 2.6314 0.1064 -1.9620 1.1722 0.3446 -2.0686 
22.7415 13.8189 -8.4642 -3.7698 3.5633 -2.0912 -2.9676 1.6358 -0.3120 -2.1421 0.4954 -0.4406 -2.5980 
23.9950 15.4650 -7.2024 -3.1125 3.5836 -2.3467 -2.9044 2.1306 0.1194 -1.9026 0.9691 0.2091 -2.1784 
23.3992 14.7183 -7.8470 -3.7992 2.9955 -2.5749 -3.0754 1.4246 -0.9857 -2.7473 0.4963 -0.2208 -2.5462 
31.3400 20.0763 -10.2566 -4.7282 6.9142 0.7932 -3.5429 -0.9729 -2.4651 -2.2389 1.5689 -0.1523 -2.5863 
40.7893 28.0548 -10.5413 -6.5522 7.0899 0.6400 -4.7798 -1.6398 -2.4680 -2.6313 0.7151 -0.7981 -2.7371 
42.0161 28.1941 -12.5909 -8.5381 6.1312 0.1447 -5.0053 -1.8919 -3.2485 -3.6506 -0.0830 -1.5038 -3.5177 
42.6829 28.6404 -12.2714 -7.3579 7.2796 0.4544 -4.4593 -0.7058 -2.4128 -3.1142 0.7735 -0.9225 -3.5550 
42.5793 28.8837 -11.6694 -7.2939 6.7216 0.1725 -4.3187 -0.9330 -3.0476 -3.4183 0.8204 -0.9813 -3.5565 
42.5092 29.0066 -11.0189 -6.4189 7.1773 0.3193 -4.0373 -0.8574 -3.3847 -3.4958 1.0761 -1.0383 -3.4994 
41.7730 27.1395 -12.8319 -6.2385 7.4449 -1.4797 -6.2493 -2.1006 -4.7231 -4.9754 0.3982 -1.5013 -4.5171 
42.6173 27.8092 -11.8568 -3.9205 8.9521 -1.6206 -5.1827 0.6412 -3.1635 -4.7112 1.3125 -0.6882 -4.8593 
40.8919 26.7351 -11.6100 -4.3880 8.4014 -1.3258 -5.4669 -0.5441 -3.9102 -5.3686 -0.0618 -1.7340 -5.0456 
41.0126 27.4704 -10.1343 -3.2145 8.9120 -0.5373 -4.1029 0.4494 -3.3630 -4.2467 1.3925 -1.1325 -4.9151 
40.2268 27.1813 -9.5316 -2.7967 9.2952 -0.2368 -4.7122 -0.2254 -2.8443 -3.7771 0.6740 -1.5570 -4.2587 
39.3586 26.2126 -10.1777 -3.4431 8.6519 -0.8317 -5.5473 -1.4032 -4.0085 -4.5634 0.3012 -1.7111 -4.3559 
39.3721 26.6936 -9.1797 -2.7525 8.8874 -0.5292 -5.0357 -0.7774 -3.1982 -3.7358 0.8312 -1.3922 -4.0473 
38.4378 25.9817 -9.0069 -2.5136 8.8741 -0.4388 -4.8733 -0.7967 -3.1689 -3.3898 1.3263 -0.9540 -3.8123 
36.7983 24.9052 -8.6760 -2.5228 8.7830 0.1824 -4.7012 -1.7092 -4.0273 -3.8378 0.7706 -1.2359 -3.5772 
37.5620 25.1483 -9.6962 -3.6872 8.1516 -0.0777 -4.4936 -0.8982 -3.1851 -3.5560 0.6297 -1.5206 -4.0167 
36.5451 23.9951 -10.2564 -3.8821 7.7939 -0.8792 -5.4775 -1.6620 -3.7364 -4.0170 0.5901 -0.9095 -3.3603 
35.9160 23.8495 -9.5372 -3.3640 8.1165 -0.2955 -4.9503 -1.3050 -3.1957 -3.3339 1.3103 -0.1680 -3.1174 
34.8610 23.9537 -7.8560 -2.8660 7.6093 -0.0618 -4.5824 -1.8818 -4.3236 -4.6844 -0.0809 -0.8543 -3.0391 
32.9192 22.5416 -7.6685 -2.9325 7.2194 0.0079 -4.2956 -1.2608 -3.0620 -3.5632 0.4269 -0.5097 -2.8189 
31.4660 21.7142 -7.1687 -2.9783 6.7243 -0.0796 -4.5915 -2.0620 -3.7805 -4.2674 -0.3382 -0.8358 -2.8347 
29.9520 20.6037 -6.7964 -2.6444 6.3222 -0.3687 -4.2873 -1.5195 -3.0958 -3.4621 0.0495 -1.0808 -3.1852 
30.8858 20.6142 -8.0346 -2.9084 6.6288 -0.9469 -4.8360 -1.2011 -3.0715 -4.1759 -0.4579 -1.2606 -3.4232 
31.8429 20.2543 -9.4687 -1.9424 8.6108 -1.0956 -5.7145 -0.4935 -1.6951 -3.3965 -0.0767 -0.9631 -2.8620 
32.5994 19.5388 -11.5111 -1.7946 10.0993 -0.9584 -5.9267 0.2519 -1.3462 -3.8742 -0.1444 -0.7036 -3.0550 
33.2227 19.3747 -13.0352 -3.0646 9.6011 -1.3979 -6.3190 0.2771 -1.1371 -3.6011 0.4351 -0.1318 -3.0177 
35.3630 21.4608 -13.2928 -5.2637 7.7264 -1.4839 -5.6099 0.2545 -2.0523 -4.7869 -0.3771 0.0301 -2.0233 
34.2521 21.0514 -12.2514 -4.5285 7.6385 -1.8213 -6.0119 0.1195 -1.7354 -4.6748 -0.5822 0.2969 -1.3114 
31.3730 19.1160 -11.1720 -3.0170 8.8812 -0.2051 -4.5964 1.1344 -0.7246 -4.3685 -1.2186 -0.0862 -1.3123 
31.4373 20.1022 -9.7604 -3.2640 7.4893 -1.1682 -5.4646 0.1995 -0.5711 -3.2566 -0.5275 0.0104 -1.1656 
29.8654 19.2496 -8.9647 -2.6818 7.9258 -0.1048 -4.6034 0.4991 -0.0715 -2.8087 -0.7535 -0.4055 -1.5281 
27.6478 17.6486 -8.5156 -2.8245 6.1714 -1.3756 -4.1612 1.2556 -0.0925 -3.0204 -0.7465 -0.4452 -1.4820 
26.8544 17.4081 -8.2462 -3.7187 5.1705 -0.9342 -3.5835 0.7697 -0.4741 -2.6493 -0.4550 -0.3539 -1.2442 
26.4200 17.0985 -7.8735 -3.1172 5.0918 -1.5855 -3.9429 0.7334 -0.5681 -2.5515 -0.2208 -0.6170 -1.7396 
25.1482 15.9272 -8.1846 -3.5248 4.2609 -2.2965 -4.5659 -0.3445 -1.8519 -3.3268 -0.5404 -0.9794 -2.2388 
25.3578 16.4418 -7.3230 -2.6673 4.7388 -2.0358 -3.8291 1.1265 -0.4163 -2.5584 -0.0093 -0.3125 -1.7835 
25.3596 16.6105 -6.9360 -2.4727 4.5934 -1.8876 -3.0704 1.7425 -0.3826 -2.4894 0.3616 -0.1628 -1.9031 
25.0003 16.3079 -7.1523 -2.8704 4.4515 -1.6632 -3.0897 1.4485 -0.4657 -2.4162 0.3341 -0.2577 -2.0185 
23.7697 14.9762 -7.7035 -3.0578 4.1078 -2.1149 -3.4335 1.1025 -0.9161 -2.8109 0.2395 0.1241 -1.4316 
24.2060 15.5227 -7.4411 -3.3294 3.4244 -2.5386 -3.1225 1.7767 -0.4477 -2.5799 0.3097 -0.0822 -1.6934 
23.9386 15.7900 -6.5853 -2.8170 3.9868 -1.6204 -2.7750 1.4421 -0.5397 -2.3763 0.3262 -0.1922 -1.8237 
23.3811 15.0098 -7.0802 -3.1780 3.0246 -2.6211 -2.6897 1.7493 -1.2082 -3.0765 0.4777 -0.1775 -2.6745 
24.0221 15.4295 -7.3387 -3.4028 2.9744 -3.1155 -3.5441 1.4916 -0.6384 -2.4935 0.7338 0.2726 -1.9169 
23.6856 14.9985 -7.7281 -3.5010 3.6541 -1.9526 -2.6338 2.2368 0.1536 -2.2194 0.3794 0.1173 -1.5330 
23.4593 14.9008 -7.6567 -3.6734 3.3956 -1.9853 -2.7759 1.7248 -0.0940 -1.6008 1.3139 0.4388 -1.7357 
23.5658 15.0266 -7.4386 -3.2971 3.6647 -1.8693 -2.5179 2.0574 -0.1263 -2.1838 0.3725 -0.4681 -2.2717 
22.9443 14.4908 -7.4742 -3.4076 3.1380 -2.3707 -2.4760 2.4837 0.1621 -2.1659 0.4708 -0.0883 -1.9760 
22.1864 13.5090 -8.2948 -3.9722 3.0201 -2.2841 -2.7979 1.6608 -0.6903 -2.7828 0.0653 -0.3657 -2.4343 
23.3467 14.8130 -7.5014 -3.4419 3.2987 -2.0499 -2.1708 2.4588 -0.2393 -2.5802 0.1108 -0.7267 -2.7006 
22.9668 14.5826 -7.4310 -3.5025 3.2328 -1.9805 -2.1596 2.6490 0.4438 -1.7896 0.7567 0.1640 -1.6116 
23.7396 15.2568 -7.3248 -3.4673 3.2006 -2.3548 -2.7526 1.9932 -0.2603 -2.3197 0.4954 -0.1682 -2.1633 
23.7158 15.4416 -6.9111 -3.1126 3.6477 -1.6877 -2.3228 1.9494 -0.3121 -2.1276 0.5986 -0.2594 -2.1704 
23.2161 14.5960 -7.7635 -3.5521 3.5096 -1.9093 -2.6407 1.5836 -0.7990 -2.4284 0.8383 0.1143 -2.2267 
23.0691 14.8338 -7.0749 -3.1987 3.4869 -1.8332 -2.3427 2.1264 -0.1615 -2.2385 0.5785 0.0904 -1.9650 
23.1635 14.5837 -7.6491 -3.5130 3.1481 -2.4418 -2.6175 2.2816 -0.1878 -2.3774 0.7022 0.1001 -2.3630 
22.8660 14.3717 -7.6965 -3.5956 3.4011 -1.9200 -2.7328 1.4419 -0.7717 -2.4821 0.4611 -0.2158 -2.2809 
22.5030 14.1941 -7.3908 -3.4492 3.0084 -2.2318 -2.3462 2.1444 -0.3582 -2.3140 0.6316 -0.0036 -2.0412 
23.1701 14.5865 -7.8122 -3.7772 3.2916 -1.9658 -2.5308 1.9980 -0.2553 -2.4144 0.3293 -0.0052 -1.6662 
23.4014 14.9159 -7.5886 -3.8471 3.0081 -2.0986 -2.4097 2.0597 -0.3111 -2.2572 0.5064 -0.4975 -2.5843 
22.7085 14.3789 -7.1735 -2.8399 3.7600 -1.9781 -2.6064 1.9588 -0.1550 -1.8413 1.2885 0.8632 -1.0383 
22.9291 14.5965 -7.0488 -2.6755 3.9333 -1.7635 -2.1431 2.5398 0.0138 -2.2957 0.4848 -0.1021 -2.0834 
22.4467 14.0310 -7.5995 -3.6156 2.6101 -3.0308 -3.1426 1.6568 -0.8233 -2.9965 -0.1412 -0.7972 -2.7508 
22.6376 14.3098 -7.6033 -4.0207 2.5257 -2.4578 -2.6912 1.5936 -0.7005 -2.1624 1.1945 0.7131 -1.4039 
22.9609 14.5816 -7.3877 -3.5530 2.7791 -2.8829 -3.4370 0.9169 -1.4919 -3.4045 -0.5133 -0.9334 -2.2987 
22.3590 14.3300 -7.1044 -3.6830 2.5558 -2.5591 -2.7908 1.7815 -0.4303 -2.5703 0.2916 0.2882 -1.4097 
22.4707 14.3668 -6.9657 -3.0764 3.2508 -2.2013 -2.6529 1.7613 -0.4758 -2.1827 0.8223 -0.0868 -2.6193 
23.3171 14.9881 -7.1574 -3.3325 3.2274 -2.1820 -2.6383 1.6621 -0.8595 -2.7637 0.2507 -0.3150 -2.1670 
23.2107 14.7584 -7.3554 -3.2862 3.3142 -2.1830 -2.3007 2.5305 -0.0300 -2.4168 0.3843 -0.0816 -1.8549 
22.8955 14.8923 -6.6491 -2.9558 3.3712 -1.9741 -2.4281 1.8918 -0.4235 -2.2112 0.7642 0.0159 -2.2915 
23.0553 15.2837 -6.3732 -3.2047 3.1437 -1.8685 -2.4557 1.9374 0.2080 -1.6227 0.7782 0.3096 -1.2112 
23.0919 14.6304 -7.2314 -2.6238 4.4044 -1.2959 -2.0912 2.3380 -0.0808 -2.3178 0.3317 -0.1845 -1.6637 
22.5667 14.3392 -7.0432 -2.6434 4.1515 -1.6112 -2.5852 1.9552 -0.0501 -2.2284 0.2848 -0.1673 -1.8155 
22.9301 14.6523 -7.2389 -3.2380 3.7277 -1.5555 -2.4038 1.9781 0.0727 -1.8017 0.8972 0.5002 -1.4195 
22.8440 14.5322 -7.3541 -3.4273 3.3920 -1.8523 -2.5024 1.8457 -0.2571 -2.1759 0.3167 -0.5378 -2.2447 
23.0778 14.7642 -7.0933 -2.8892 3.8881 -1.7702 -2.5265 2.0879 0.0613 -1.9259 0.7477 0.0106 -2.1244 
22.7792 14.6019 -6.9405 -2.9092 3.6315 -1.7184 -2.0926 2.2706 -0.1956 -2.1256 0.8422 0.3406 -1.4043 
22.1672 13.9360 -7.4449 -3.4850 3.2378 -1.9709 -2.8442 1.0583 -1.0920 -2.5855 0.3396 -0.2600 -1.9061 
21.7627 13.7022 -7.0308 -2.8945 3.3173 -2.2659 -2.8383 1.2394 -1.4756 -3.3534 0.0904 -0.0889 -2.3485 
22.2929 14.1848 -7.3427 -3.9127 2.6233 -2.0091 -2.2383 1.6512 -0.9509 -2.6832 0.4467 0.1349 -1.6381 
22.4889 14.4245 -6.9814 -3.1505 3.5671 -1.4110 -2.0060 1.8937 -0.6577 -2.5563 0.2784 -0.4492 -2.4108 
22.5054 14.3253 -7.1497 -3.1126 3.6836 -1.5582 -2.2740 1.9747 -0.2058 -2.1737 0.4878 -0.0037 -1.7085 
22.3907 14.4263 -6.9854 -3.5110 3.0091 -1.9657 -2.4613 2.0050 0.0789 -2.0286 0.4140 0.1355 -1.4319 
22.6048 14.5979 -6.7940 -2.9278 3.7358 -1.5608 -2.3031 2.2422 0.5427 -1.4372 0.6177 -0.5026 -2.3506 
22.2742 14.5814 -6.4285 -2.9904 3.4612 -1.3976 -1.9930 2.0551 -0.2110 -2.2247 0.6165 0.4104 -1.5789 
22.5909 14.8055 -6.3443 -2.7666 3.3705 -2.0837 -2.6649 1.8869 -0.0500 -2.1018 0.4570 0.1235 -1.6804 
24.6504 15.7765 -7.8475 -3.6317 4.2099 -1.0117 -2.1159 1.8079 -0.8711 -2.8246 0.5474 0.2144 -2.1569 
24.5196 15.8095 -7.8138 -4.3771 2.8100 -2.0285 -2.2937 2.0601 -0.4363 -2.1676 1.2060 0.7773 -1.2505 
