24.4768 15.6630 -7.3623 -2.5557 4.8853 -1.1743 -2.4450 1.6621 -1.0404 -3.0669 0.1137 -0.4581 -2.4766 
24.1646 15.2846 -7.4991 -2.5196 4.7620 -1.2802 -2.0934 2.2101 -0.6578 -2.4851 1.0456 0.2536 -2.2144 
24.1929 15.4886 -7.1282 -2.1756 4.9786 -1.5211 -2.6908 2.2169 0.0324 -2.3729 0.3059 -0.3304 -2.4719 
24.5924 15.7820 -7.5018 -3.1160 4.1843 -1.5635 -2.3810 2.0758 -0.3884 -2.2627 1.0248 0.4172 -2.0587 
24.1625 15.3954 -7.3305 -2.5954 4.3705 -1.8581 -2.6960 1.7222 -1.1435 -3.1303 0.5456 0.2511 -1.9292 
24.4464 15.5650 -7.6601 -3.0598 4.4241 -1.4227 -2.5113 1.7771 -0.7283 -2.6212 0.5874 -0.0980 -2.2062 
24.4838 16.0143 -6.9327 -3.0538 3.7923 -1.5538 -2.0574 1.9110 -0.9563 -2.8304 0.0493 -0.8718 -2.3902 
24.5813 16.0909 -6.7273 -2.3984 4.4450 -1.7834 -3.0581 1.0880 -1.2672 -2.8625 0.2848 -0.6541 -2.7376 
25.0000 16.0034 -7.7840 -3.3868 4.1158 -1.7474 -2.7838 1.6682 -0.7677 -2.7854 0.2880 -0.3981 -2.5985 
24.4655 15.7498 -7.4199 -3.0618 4.3387 -1.6045 -3.1519 0.9260 -1.1773 -2.7176 0.5097 -0.2042 -2.5061 
24.1347 15.2413 -7.6759 -2.9519 4.1502 -2.1263 -3.1784 1.4936 -0.5155 -2.0992 0.9368 0.0301 -1.9607 
23.8230 15.0221 -7.8318 -3.4400 3.8833 -1.5567 -2.2318 2.0852 -0.4306 -2.3260 0.6528 -0.2598 -2.5115 
24.5737 15.8825 -7.3468 -3.3351 3.5385 -2.0783 -2.3880 2.1694 -0.7449 -2.9157 0.5108 -0.0360 -2.6299 
24.0663 15.1373 -7.8482 -3.3835 3.3560 -2.9723 -3.7737 0.8362 -1.6567 -3.4676 -0.1338 -0.7343 -2.7058 
24.4873 15.5760 -7.6964 -3.3383 3.5621 -2.4722 -3.0738 1.3543 -1.6940 -3.8642 -0.3303 -0.6812 -2.8956 
24.7785 16.1026 -7.1473 -2.9672 3.9318 -2.0114 -2.5103 2.3557 -0.2560 -2.5887 0.5365 -0.0264 -2.3586 
24.7443 16.1351 -6.9010 -2.5161 4.2877 -2.2411 -3.4923 1.1242 -1.1033 -3.0484 0.0880 -0.5206 -2.7210 
24.9232 15.8877 -7.7039 -2.9545 4.4708 -1.9568 -3.4650 0.8581 -1.4905 -3.2508 0.1676 -0.2868 -2.4814 
24.4235 15.7538 -7.2602 -2.8800 4.2810 -1.7527 -2.9705 1.3713 -0.9154 -2.7223 0.5634 0.1507 -1.9993 
24.8898 16.2069 -7.0980 -2.8858 4.0867 -1.8704 -2.7039 1.7003 -0.8313 -2.6670 0.5732 -0.0678 -2.0654 
24.5807 15.8917 -7.0438 -2.4593 4.4857 -1.8082 -2.8469 1.5657 -0.9413 -2.7880 0.4210 -0.2904 -2.3757 
24.7246 15.9788 -7.1614 -2.6815 4.2598 -1.9512 -2.8426 1.5864 -0.9996 -2.5882 1.0541 0.0999 -2.7634 
24.6529 15.6434 -7.6626 -2.8727 4.3469 -1.7995 -2.5335 2.0111 -0.7287 -2.5764 0.8771 -0.0143 -2.4481 
25.1140 16.1352 -7.6651 -3.3034 4.1220 -1.6182 -2.5286 1.6451 -1.0036 -2.7788 0.2668 -0.9084 -3.1544 
25.2385 16.3570 -7.2536 -2.7188 4.4364 -1.8281 -2.6223 2.3236 -0.0520 -2.2418 0.8887 0.4420 -1.6914 
25.2549 16.3989 -7.1992 -2.6110 4.7547 -1.3551 -2.4308 1.9122 -0.8780 -3.1763 -0.1931 -0.8963 -3.0217 
25.3553 16.5394 -7.3801 -3.4265 3.6891 -2.2494 -3.2812 1.0557 -1.4139 -3.1358 0.3861 -0.1064 -2.3745 
25.3887 16.3734 -7.5029 -2.8963 4.6087 -1.3973 -2.5004 1.6040 -1.2400 -3.1546 -0.0010 -1.0777 -3.3191 
24.5286 15.6837 -7.3906 -2.7413 4.1776 -2.2743 -3.1757 1.5119 -1.1822 -3.3314 0.1366 -0.3073 -2.7438 
24.4718 15.4856 -7.7537 -2.9574 4.4141 -1.7491 -2.6979 1.9791 -0.5396 -2.5631 0.9363 0.4679 -2.1350 
24.5773 15.7652 -7.3756 -2.8078 4.2889 -1.9759 -3.1566 1.1592 -1.4011 -3.3049 0.0949 -0.2098 -2.1739 
24.5804 15.5647 -7.8033 -3.0501 4.4011 -1.6592 -2.6713 1.8130 -0.7935 -2.9190 0.2999 -0.1606 -2.2957 
24.9903 15.9981 -7.5274 -2.8494 4.2850 -2.0124 -2.6634 2.2635 -0.4084 -2.6834 0.5296 -0.2684 -2.8846 
24.7491 15.5566 -7.8458 -2.5110 5.1414 -1.4186 -2.8055 1.5320 -1.3429 -3.4527 0.1387 -0.3471 -2.8683 
25.1147 16.2064 -7.3750 -2.7896 4.5031 -1.6797 -2.6299 2.0353 -0.5144 -2.7503 0.3025 -0.3094 -2.4913 
25.4508 16.2867 -7.8620 -3.2297 4.4676 -1.6116 -2.8189 1.5898 -1.0048 -3.0613 0.3800 0.1737 -2.0073 
26.1838 17.4835 -6.6463 -2.4539 4.7176 -1.8849 -3.4243 1.4554 -0.3130 -2.4326 0.1547 -0.5576 -2.5274 
25.1423 16.3318 -7.1101 -2.4340 4.9216 -1.4012 -2.7884 1.6925 -0.3035 -1.8972 0.9531 -0.3763 -2.7664 
25.0802 16.0946 -7.7783 -3.4143 4.1555 -1.8427 -3.1741 1.3438 -0.7395 -2.6540 0.3496 -0.3102 -2.5696 
25.1379 16.2180 -7.5835 -3.2432 4.2964 -1.5032 -2.6640 1.6307 -0.6574 -2.3642 0.7938 -0.0394 -2.4322 
25.4051 16.2284 -7.8332 -3.2141 4.1430 -2.1004 -2.9025 1.8671 -0.7556 -2.7193 0.8085 0.0938 -2.5508 
24.9205 16.3195 -7.1540 -3.3190 3.7132 -2.0315 -2.8976 1.7813 -0.2949 -2.3345 0.4118 -0.3311 -2.4339 
25.0193 16.2148 -7.4020 -3.2920 3.7512 -2.2246 -3.0640 1.5170 -0.8851 -2.7206 0.5313 -0.3316 -2.7516 
24.2500 14.9950 -8.3645 -3.4332 3.8848 -2.3899 -3.1174 1.8026 -0.6978 -2.7166 0.7813 0.3323 -2.1787 
25.0395 15.8667 -8.1131 -3.7251 3.5221 -2.6585 -3.5671 1.1432 -1.2170 -2.9614 0.5747 0.0584 -2.2106 
25.5224 16.6512 -7.2604 -2.8628 4.6615 -1.3541 -2.7198 1.5640 -0.6678 -2.5915 0.1255 -0.7288 -2.5641 
24.6353 15.5856 -7.5230 -2.3336 4.7386 -2.1524 -3.4273 1.0190 -1.6723 -3.3230 0.3787 -0.4978 -2.8631 
25.2085 16.3233 -7.3392 -2.9273 4.1814 -2.1001 -3.1078 1.5043 -0.9693 -2.9405 0.4051 -0.0819 -2.3544 
24.9145 16.0511 -7.4088 -2.9160 4.2850 -1.9021 -2.8770 1.7447 -0.8615 -3.1322 -0.0350 -0.6530 -2.7931 
24.9783 16.2557 -6.8594 -2.0689 4.9268 -1.8680 -3.2197 1.6752 -0.2592 -2.1531 0.8150 0.0858 -2.1090 
24.6399 15.6305 -7.8909 -3.4523 3.8336 -2.0209 -2.7817 1.6334 -1.1667 -3.3128 -0.0167 -0.3887 -2.4546 
24.9200 15.8566 -7.7275 -2.8558 4.7082 -1.5922 -2.8034 1.8849 -0.5354 -2.8484 0.1719 -0.2738 -2.4890 
25.3385 16.6676 -7.0240 -2.8635 4.6199 -1.1436 -2.5912 1.2892 -1.1377 -2.7474 0.6432 0.1276 -2.0825 
25.7196 16.7431 -7.0892 -2.1840 5.2255 -1.3242 -2.4933 2.2719 -0.0137 -1.8221 1.3939 0.3307 -2.2291 
25.3558 16.4242 -7.3114 -2.7001 4.6619 -1.5032 -2.4381 2.1590 -0.5123 -2.6601 0.5569 -0.3202 -3.0274 
24.8754 15.9502 -7.3327 -2.4336 4.6928 -2.1015 -3.4298 1.4242 -0.7136 -2.6409 0.5698 -0.1017 -2.5072 
25.3920 16.6552 -6.6551 -1.8493 5.1656 -1.3426 -2.1474 2.6441 -0.1233 -2.4445 0.7656 0.1634 -2.1796 
25.6937 17.1702 -6.4088 -2.3318 4.5713 -1.3329 -1.9660 2.4593 -0.2663 -2.0855 1.2755 0.2338 -2.5179 
25.2063 16.6707 -6.4856 -1.9978 5.1471 -0.8056 -1.7278 2.5040 -0.1746 -2.0658 0.9877 0.0136 -2.0886 
25.7770 17.0199 -6.5751 -1.8406 5.2972 -0.9968 -1.6234 3.1284 0.2085 -2.1847 0.8193 -0.1101 -2.2839 
25.0577 16.2497 -7.0061 -2.2510 4.7673 -1.7363 -2.7591 1.8446 -0.6424 -2.5078 0.7784 0.1752 -1.7952 
25.3545 16.9785 -6.1257 -1.9470 4.6684 -1.5902 -2.3643 2.2283 -0.2626 -2.0991 1.1587 0.3134 -2.1624 
25.7627 17.3649 -6.1781 -2.0800 5.0591 -0.9980 -2.2135 2.2137 -0.2256 -2.4910 0.5962 0.4298 -1.6099 
25.3536 16.4891 -6.9852 -2.1959 4.8774 -1.6251 -2.5613 1.8677 -1.2100 -3.2139 0.7339 0.4242 -2.0119 
25.7631 16.7513 -7.1833 -2.2113 5.4814 -0.9377 -2.2306 2.4729 0.1035 -2.0063 1.1789 0.6448 -1.5687 
28.3366 18.5707 -7.6852 -2.4573 5.8891 -1.1592 -2.9492 1.7943 -0.5696 -2.3984 1.0372 0.3059 -1.6620 
31.5217 18.8903 -11.3685 -3.2126 6.7667 -2.9488 -4.9219 1.3872 -2.1753 -4.8159 0.1722 -0.1639 -2.4906 
33.3046 19.3002 -13.1566 -3.3673 8.8028 -0.8016 -3.0879 2.9248 -1.4034 -3.9989 1.6886 0.8571 -2.5845 
38.8068 24.2696 -12.6414 -4.2015 8.3729 -1.3170 -3.6287 2.5294 -2.0695 -4.8110 1.1747 0.6614 -2.4653 
41.1832 27.2132 -11.1015 -4.2674 7.8896 -1.6208 -4.4567 1.1519 -3.1212 -5.4127 0.4884 -0.2354 -3.2582 
44.6519 28.9223 -13.7270 -6.4746 8.0164 -0.9438 -3.7385 2.2088 -2.4724 -5.2530 0.8297 -0.0227 -3.5227 
45.7742 28.6317 -15.6089 -6.3376 9.8036 -0.0035 -3.2086 3.1473 -2.2055 -5.7868 0.7115 0.5270 -2.9230 
44.2132 28.4146 -13.2855 -4.6225 9.8951 -0.1966 -3.6309 2.0086 -3.1805 -5.9595 0.5834 -0.1495 -3.7116 
43.1948 28.4007 -11.7983 -4.0179 9.5278 -0.4079 -4.1198 1.2257 -3.1904 -5.6003 0.2311 -0.7120 -3.9227 
44.4101 29.0399 -12.4412 -4.3289 9.8865 0.2686 -3.1401 1.4421 -4.5765 -6.8700 0.6371 0.0925 -3.8411 
43.1825 28.1017 -12.1277 -3.5370 10.7186 0.7709 -3.4332 1.1133 -3.7622 -5.5756 0.9660 -0.3681 -4.1751 
42.3167 27.6288 -11.6421 -3.3438 10.0735 -0.2299 -4.4495 0.1354 -4.5983 -6.2076 0.4983 -0.7894 -4.6284 
41.3435 27.9566 -9.6921 -2.7323 9.7354 0.4791 -3.5114 0.0852 -4.8434 -6.0249 0.8866 -0.0900 -3.7931 
40.3426 27.4676 -8.8546 -1.8663 10.0680 0.8059 -3.0553 0.4229 -4.6984 -6.2650 0.4096 0.0155 -3.1129 
41.1432 27.6171 -9.8441 -2.6980 9.2566 -0.3026 -3.5074 0.8612 -4.1735 -5.8467 0.5367 -0.7891 -4.4505 
40.7018 27.2057 -9.9326 -2.3558 10.2074 0.5500 -3.3205 1.1329 -3.6333 -5.8937 0.3091 -0.3444 -4.0904 
38.9462 26.0796 -9.2770 -1.7343 10.7091 1.7891 -2.6007 0.1103 -4.9008 -6.0544 0.3159 -0.6359 -3.8241 
38.6350 25.7654 -9.0664 -1.3295 10.1247 0.5547 -2.7807 1.0840 -3.9758 -5.4961 0.5163 -1.0521 -4.4941 
38.4676 25.1145 -10.3427 -2.5154 9.4650 -0.1452 -3.8292 0.3921 -4.0914 -5.9013 -0.4465 -1.8827 -5.0448 
37.9245 25.1868 -9.5680 -2.4450 9.2949 0.3133 -3.3743 0.5430 -3.7167 -5.3862 0.0668 -1.1900 -4.6398 
37.4003 25.2171 -8.5260 -1.3933 10.1788 1.2375 -2.8189 0.7216 -3.3160 -4.7689 0.4724 -0.9669 -4.3385 
37.3379 25.0585 -8.6567 -1.3919 10.0404 0.9424 -2.9410 0.5634 -3.8984 -5.3290 0.4451 -0.8482 -4.4170 
37.5803 25.1068 -9.0710 -1.7560 10.1984 1.2453 -3.3422 -0.5426 -4.7742 -5.5614 0.4555 -0.7811 -4.3854 
37.0077 25.0488 -8.5203 -1.7624 10.2073 1.8872 -2.8673 -0.2621 -3.9683 -4.7462 0.6060 -0.8561 -4.3468 
34.5088 23.6535 -7.1380 -1.0630 9.0277 0.9458 -2.3630 0.8140 -3.5009 -5.2673 -0.0797 -0.5753 -3.4813 
31.7403 22.0800 -5.9672 -0.5917 8.6373 1.2321 -2.0748 0.9613 -2.4102 -4.0452 -0.0258 -1.0004 -3.5915 
30.8073 21.6528 -5.7164 -1.3567 7.3077 0.6487 -2.2517 0.7246 -2.3664 -3.9364 -0.1706 -0.9651 -3.4254 
29.7822 20.7197 -5.8987 -1.3836 7.1857 0.4895 -2.3377 1.0864 -1.5097 -3.1343 0.4197 -0.3186 -2.9198 
29.2165 20.3981 -5.8499 -1.8112 6.7155 0.7309 -2.0976 0.5388 -2.2199 -3.3609 0.4547 0.0095 -2.0431 
28.8202 20.2079 -5.5688 -1.7423 6.2970 0.3919 -1.8883 0.9815 -2.1118 -3.6793 -0.0874 -0.7630 -3.0476 
28.6344 20.3523 -4.7872 -0.9618 6.4102 -0.1403 -2.4096 1.0016 -1.7454 -3.3673 0.1964 -0.4181 -2.6927 
27.6445 19.2314 -5.3311 -1.1929 6.0313 -0.6864 -2.8201 0.7861 -2.0189 -4.0025 -0.8543 -1.5270 -3.5869 
28.2257 19.5620 -5.6168 -1.4028 6.0568 -0.5213 -2.2587 1.6975 -1.1930 -3.3717 -0.3600 -1.2361 -3.2813 
27.6403 19.1155 -5.5089 -1.1402 6.2754 -0.4841 -2.3709 1.9385 -0.5020 -2.7600 0.2141 -0.3246 -2.4605 
26.5890 18.4163 -5.2540 -1.2159 5.7402 -0.4693 -1.8552 2.0721 -0.6469 -2.4858 0.7238 -0.2072 -2.6916 
27.6032 18.3573 -6.7124 -1.4779 6.2250 -1.0223 -2.4937 2.4475 -0.4604 -3.1565 0.1735 -0.4095 -3.2003 
26.9500 18.0650 -6.5827 -2.0457 5.5106 -1.1896 -2.8920 1.6775 -0.6326 -2.7807 0.4659 0.1061 -2.3212 
26.5813 18.0705 -5.8979 -1.5542 5.6378 -0.7091 -2.1160 1.8861 -0.9810 -2.9341 0.4997 -0.1007 -2.4867 
25.5032 17.1475 -5.9716 -1.4982 5.6031 -0.7658 -2.4317 1.4448 -1.0844 -2.8021 0.5400 -0.0134 -2.2640 
25.9765 17.3394 -6.4058 -1.8622 5.4907 -0.9083 -2.4909 1.6473 -0.8725 -2.8432 0.2482 -0.3685 -2.2764 
25.5114 17.2152 -5.8599 -1.5540 5.3066 -1.0214 -2.5024 1.3682 -1.0787 -2.4778 0.7910 -0.2394 -2.4494 
24.8409 16.1180 -6.9296 -2.2570 4.6277 -1.7365 -2.3527 2.6345 0.1008 -2.2191 0.7510 0.0702 -2.0908 
25.7101 16.9173 -7.0240 -2.9651 3.8696 -2.3628 -3.1503 1.3560 -1.4846 -3.5683 -0.1206 -0.5657 -2.5993 
25.5406 16.4710 -7.5187 -2.8177 4.6966 -1.5422 -2.7093 1.6256 -1.1949 -3.2939 0.1463 -0.2227 -2.2317 
25.4873 16.7456 -6.7739 -2.2122 4.9648 -1.0725 -1.9142 2.1671 -1.0112 -3.0596 0.2238 -0.6880 -2.7302 
26.1781 17.2863 -6.8550 -2.2858 5.0851 -1.3040 -2.7014 1.4005 -1.2356 -2.9098 0.2654 -0.9526 -3.0982 
26.9970 17.8790 -6.6351 -1.7056 5.1986 -1.8428 -2.6084 1.8201 -1.8848 -4.0754 -0.2256 -1.0996 -3.3942 
26.1224 16.1997 -8.7500 -3.3558 4.3544 -2.1120 -2.5282 2.0119 -1.4510 -2.9566 1.2261 -0.2239 -3.1512 
25.4087 15.8306 -8.1760 -2.7366 4.4274 -2.3599 -2.5130 2.6984 -0.5301 -2.7042 0.8470 -0.4153 -2.9682 
25.2940 16.6871 -6.7743 -2.6587 4.2054 -1.9064 -2.7691 1.8263 -0.5187 -2.4159 0.6474 -0.0416 -2.0831 
24.6010 16.0173 -6.8178 -2.2877 4.5911 -1.6772 -2.5686 2.0460 -0.5718 -2.9462 -0.0916 -0.6240 -2.3970 
24.6200 15.7199 -7.3608 -2.4548 4.7552 -1.4684 -2.4136 1.7306 -1.3803 -3.2085 0.6919 0.3006 -1.9247 
25.4651 16.5175 -7.2604 -2.6227 4.6515 -1.7740 -3.1259 1.1412 -1.2566 -2.7550 0.6524 -0.2512 -2.4908 
25.3802 16.5525 -7.1694 -2.7918 4.4358 -1.5843 -2.2397 2.6843 0.1384 -2.3776 0.3909 -0.3311 -2.5009 
24.6103 15.6569 -7.7658 -3.2225 4.1748 -1.8145 -2.8209 1.7855 -0.5186 -2.4453 0.7184 -0.0777 -2.6999 
24.9913 15.9550 -7.5844 -2.6624 4.7694 -1.7551 -2.9353 1.9692 -0.4366 -2.8228 0.3759 0.1315 -2.1053 
25.2677 16.1283 -7.6426 -2.7263 4.5227 -2.2124 -3.2441 1.7991 -0.7139 -3.1265 0.0295 -0.3744 -2.3500 
25.5327 16.3654 -7.6114 -2.7981 4.4218 -2.0914 -2.7309 2.2758 -0.6919 -3.2253 0.1340 -0.4804 -2.9888 
25.3387 16.1103 -7.4978 -2.1538 4.9171 -2.1037 -2.7273 2.4874 -0.5865 -3.1611 0.3285 -0.3225 -2.9008 
24.7614 15.6093 -7.7499 -2.4121 5.1438 -1.6589 -3.0701 1.7415 -0.8059 -3.3034 -0.1992 -0.6337 -2.7990 
25.1883 15.7078 -8.2131 -2.9194 4.4028 -2.2613 -2.6020 2.7288 -0.3071 -2.7509 0.8796 0.1623 -2.5944 
25.7266 16.3061 -7.8382 -2.3816 5.3566 -1.3273 -2.2397 2.6306 -0.4793 -2.9304 0.6846 0.0615 -2.5869 
25.3651 15.9783 -8.0556 -2.8505 4.6564 -2.3211 -3.7811 0.9988 -1.4049 -3.2712 0.3351 -0.2865 -2.7648 
25.9091 16.5718 -7.6851 -2.5205 4.9886 -1.7369 -2.6345 2.2658 -0.7190 -2.9879 0.7454 0.1513 -2.5204 
25.7846 16.4942 -7.5042 -2.2666 4.8788 -2.1100 -2.7412 2.5100 -0.4369 -2.9515 0.2837 -0.6689 -3.0595 
25.0464 15.9182 -7.5115 -2.0528 5.6318 -1.1566 -2.6590 2.0033 -0.5557 -2.9209 0.1721 -0.3933 -2.6562 
24.4822 15.5994 -7.4135 -2.3983 5.1211 -0.9801 -2.0378 2.3223 -0.5326 -2.7206 0.7487 0.3401 -2.1472 
25.0991 15.8557 -7.7852 -2.5217 4.8590 -1.8958 -2.5516 3.0491 0.6692 -1.7022 1.8225 1.3631 -1.5407 
24.9515 15.9152 -7.4972 -2.6535 4.2463 -2.4445 -3.0818 2.2213 0.0297 -1.8592 1.4058 0.5519 -1.8502 
24.6084 15.7580 -7.4836 -2.9593 4.1007 -2.1670 -2.8739 2.2539 -0.1698 -2.5851 0.6297 0.1254 -2.6128 
25.2201 16.7434 -6.3705 -1.9789 4.9289 -1.3265 -2.3048 2.3342 0.0900 -1.8343 0.9126 -0.2882 -2.4668 
24.8119 16.0530 -6.9500 -2.0184 5.2312 -0.9902 -1.9198 2.4979 -0.3272 -2.4767 0.6807 -0.1128 -2.4050 
25.5637 16.8959 -6.7502 -2.4291 4.7314 -1.4996 -2.6982 1.7932 -0.5454 -2.5070 0.5981 -0.0493 -2.2783 
25.2666 16.6104 -6.8956 -2.5215 4.8637 -1.2776 -2.8331 1.4714 -0.5013 -2.1782 0.8277 0.1511 -1.9809 
25.1947 16.7695 -6.3025 -1.9332 5.1012 -0.9462 -1.9569 2.3457 -0.3287 -2.4234 0.7034 0.0515 -2.1448 
25.2122 16.6303 -6.5160 -1.6472 5.8524 -0.6674 -2.4535 1.9362 -0.2661 -2.3133 0.9897 0.7366 -1.8496 
24.7331 15.9100 -7.1803 -2.2598 5.1975 -0.7650 -1.6208 2.7401 -0.2074 -2.6071 0.3693 -0.2587 -2.2641 
24.9918 16.5682 -6.4369 -2.2594 4.5061 -1.4932 -2.1634 2.3749 -0.2633 -2.2683 1.0280 0.4432 -1.8137 
24.7443 16.2946 -6.5104 -2.2163 4.2678 -2.2914 -3.1755 1.7232 -0.5688 -2.7229 0.1919 -0.5792 -2.6839 
24.9741 16.9962 -5.8063 -2.1428 4.8210 -0.7950 -2.3525 1.3703 -0.6633 -2.0828 0.8952 0.0560 -2.1806 
24.9939 16.6691 -6.0407 -1.5086 5.3277 -1.0674 -2.2696 2.1516 -0.1677 -2.0385 0.8797 -0.0958 -2.2858 
24.7685 16.1405 -6.7869 -1.9217 5.5405 -0.5994 -1.8975 2.4859 0.1158 -1.8917 1.1074 0.2183 -2.4088 
25.1672 16.8051 -6.1100 -1.7824 4.8730 -1.3936 -2.0198 2.8760 0.4995 -1.4566 1.8368 1.1954 -1.2605 
