17.4467 11.5786 -5.3284 -4.0359 0.5006 -2.2698 -1.9920 0.7100 -1.5268 -2.8464 -0.2302 -0.1675 -1.4374 
18.5291 12.7706 -4.8646 -3.8660 1.0996 -1.4758 -1.5460 1.2844 -0.4247 -2.0396 -0.3458 -0.8247 -2.3864 
18.5256 12.9107 -4.3166 -3.1524 1.2658 -1.8645 -1.8192 1.2515 -0.4221 -1.8341 -0.0361 -0.8732 -2.6822 
18.1278 12.3634 -5.0310 -3.9828 0.9909 -1.4755 -1.5618 1.0704 -0.6359 -1.9897 -0.2996 -1.1334 -2.7528 
18.5777 12.8286 -4.7834 -3.9081 0.6756 -1.9933 -1.7316 1.2012 -0.6023 -1.9826 -0.0001 -0.3757 -1.7129 
18.0124 12.0689 -5.4010 -4.2667 0.4208 -2.5822 -2.6367 0.3831 -1.5384 -3.3373 -1.1899 -1.0999 -2.6508 
17.9613 12.1886 -5.0747 -4.0436 0.7527 -1.6101 -1.3088 1.4241 -0.4075 -1.5725 0.5048 -0.1184 -1.7304 
18.5185 12.9503 -4.3598 -3.4326 1.1204 -1.4618 -1.1297 1.6909 -0.3185 -1.7652 0.1955 -0.6139 -2.6366 
18.7141 13.3045 -4.2348 -3.7759 0.9412 -1.3459 -1.4998 0.9233 -0.6525 -1.8048 -0.0540 -0.6740 -2.1101 
19.0223 13.4910 -4.1747 -3.4365 1.2124 -1.3555 -1.4197 0.9001 -1.1696 -2.2524 0.0216 -0.6572 -2.4156 
18.5705 13.0592 -4.3778 -3.6568 1.1029 -1.2066 -1.1286 1.4288 -0.2916 -1.4059 0.5553 -0.1609 -1.8450 
18.0868 12.4449 -4.6430 -3.4809 1.2503 -1.3318 -1.1055 1.7098 -0.2908 -1.8820 -0.0845 -0.8794 -2.6589 
17.9643 12.3262 -4.6090 -3.5059 0.7891 -2.0601 -1.7842 0.9731 -0.9178 -2.0850 -0.3343 -1.4667 -2.9084 
18.2745 12.8414 -3.9812 -2.8647 1.3565 -1.5455 -1.1581 1.6829 -0.5580 -2.1346 -0.1412 -0.9101 -2.6397 
17.9451 12.3392 -4.2549 -2.5296 1.9719 -1.2252 -0.9799 2.0902 -0.2443 -2.3189 -0.4235 -0.6612 -1.9471 
19.3026 13.7647 -4.0117 -3.1868 1.4197 -1.4404 -1.5711 1.2067 -0.3566 -1.5585 0.1175 -0.7470 -2.0387 
18.5130 13.0808 -4.0584 -3.1508 1.2369 -1.7776 -2.0209 0.7803 -0.5846 -1.6008 0.2456 -0.5341 -2.1164 
19.0290 13.0107 -4.9689 -3.5870 1.3319 -1.6428 -1.4863 1.5571 -0.4724 -2.0383 -0.0363 -0.8202 -2.6296 
18.3660 12.3655 -5.3296 -4.0881 0.9514 -1.5173 -1.3561 1.1423 -0.9979 -1.9931 0.5322 -0.1863 -2.1241 
18.3488 12.8583 -4.4018 -3.7867 0.5892 -1.8181 -1.3801 1.3341 -0.6619 -1.8202 0.4386 -0.2868 -2.1434 
18.3731 12.7566 -4.3704 -3.1987 1.2199 -1.6944 -1.4039 1.4633 -0.6585 -2.0432 0.1279 -0.6290 -2.2909 
18.4586 12.6849 -4.6634 -3.4111 1.1478 -1.7240 -1.3667 1.6031 -0.4458 -1.8422 0.2511 -0.4918 -2.2246 
18.3021 12.9036 -3.8828 -2.6145 1.8793 -1.0792 -1.1408 1.5150 -0.5111 -1.9728 0.1487 -0.1020 -1.4478 
18.1876 12.1009 -5.2690 -3.3405 1.8679 -1.1009 -1.1571 1.5603 -0.8638 -2.7668 -0.7476 -1.1477 -2.6934 
18.5689 12.8159 -4.6346 -3.4730 1.1070 -1.8187 -1.6826 1.1324 -0.9116 -2.2098 0.0643 -0.6286 -2.5359 
18.3922 12.8013 -4.5414 -3.5664 1.3461 -1.0820 -1.1442 1.3184 -0.7752 -2.3509 -0.3276 -0.6835 -2.4011 
18.1592 12.4048 -4.6015 -2.9959 1.7058 -1.3404 -1.2885 1.3918 -1.0032 -2.6125 -0.3959 -1.0997 -3.0364 
17.7387 12.2432 -4.3240 -3.0414 1.3444 -1.5238 -1.3123 1.5069 -0.5679 -2.2652 -0.4881 -0.8937 -2.0700 
17.6500 12.1018 -4.5680 -3.4974 0.8110 -1.7211 -1.0390 1.8427 -0.4225 -2.0615 -0.2603 -1.1046 -2.5552 
17.9354 12.4532 -4.4956 -3.6638 0.8642 -1.5282 -1.1583 1.6865 -0.2291 -1.8402 -0.0606 -0.5175 -1.9183 
18.7258 13.2730 -3.9561 -2.9724 1.4756 -1.3437 -1.1181 1.7924 -0.2866 -2.1520 -0.5428 -1.1699 -2.6172 
18.4244 12.5964 -5.0629 -4.1293 0.6465 -2.0906 -2.2206 0.5995 -0.8911 -2.1448 -0.4957 -1.3093 -2.7700 
18.1068 12.3921 -5.0092 -4.1723 0.6229 -1.8524 -2.0284 0.3214 -1.5333 -2.6273 -0.4255 -0.8255 -2.2941 
17.5221 11.6809 -5.1244 -3.5366 1.3186 -1.2902 -0.9768 1.7698 -0.3754 -1.8041 0.1386 -0.8222 -2.6315 
18.4015 12.6461 -4.6732 -3.3206 1.5050 -1.3690 -1.3734 1.4534 -0.5828 -2.2396 -0.1853 -0.4084 -1.8031 
18.3618 12.9240 -4.1160 -3.0980 1.7065 -0.4557 -0.2597 1.7081 -1.0360 -2.7201 -0.8674 -1.4299 -2.4482 
18.4556 12.9731 -4.2027 -3.1781 1.6589 -0.7315 -0.7074 1.7039 -0.3609 -1.8716 -0.2084 -1.0438 -2.7083 
18.5867 12.7981 -4.8859 -3.8597 1.1129 -1.4707 -1.5461 1.2254 -0.4283 -1.7351 0.1562 -0.4284 -1.8827 
17.8344 12.0755 -5.0239 -4.0464 0.2099 -2.6318 -2.0826 1.1477 -0.8044 -2.4849 -0.5569 -0.9911 -2.5144 
19.0105 13.3981 -4.2689 -3.3646 1.2385 -1.5687 -1.4788 1.4013 -0.4974 -2.0823 -0.1886 -0.5344 -1.8690 
18.0044 12.1477 -5.1549 -3.8566 1.2136 -1.1710 -1.0427 1.4945 -0.7139 -2.4400 -0.7837 -1.4068 -2.6078 
17.9592 12.3246 -4.6982 -3.5315 1.1847 -1.5834 -1.6903 1.0583 -0.6855 -2.0804 -0.1542 -0.7493 -2.5773 
18.5229 13.0169 -4.1426 -3.0268 1.7220 -0.8061 -0.8396 1.3676 -0.7682 -1.7346 0.4602 -0.5879 -2.4971 
17.8641 12.0282 -5.0203 -3.6445 0.8995 -2.1033 -1.9802 0.9160 -0.9051 -2.0520 0.0289 -0.9467 -2.8404 
18.0375 12.3186 -4.6682 -3.2985 1.1858 -1.8547 -1.6630 1.2692 -0.8661 -2.5226 -0.5235 -1.0717 -2.6496 
18.3328 12.7114 -4.1729 -2.5923 1.8532 -1.4000 -1.3198 1.4797 -0.7703 -2.2329 -0.0243 -0.7714 -2.5401 
18.7909 13.0979 -4.5536 -3.5402 1.3321 -1.2375 -1.0287 1.9350 -0.0552 -1.9445 -0.2696 -0.7234 -2.1604 
18.5468 12.5414 -5.1072 -3.5916 1.4388 -1.3807 -1.3033 1.4223 -0.8796 -2.5509 -0.3517 -0.5753 -2.0720 
17.1975 11.3326 -5.2111 -3.5944 0.7559 -2.3366 -1.8412 1.2405 -1.1775 -2.9575 -0.5015 -0.4999 -2.0959 
18.1341 12.2092 -4.9852 -3.3597 1.4477 -1.3043 -0.7828 2.0900 -0.4096 -2.0006 0.2697 -0.6106 -2.7452 
18.7689 12.9803 -4.5029 -3.0231 1.8061 -1.2351 -1.1935 1.6950 -0.5539 -2.2452 0.1535 -0.0160 -1.8495 
18.8133 13.0464 -4.4952 -3.1831 1.4751 -1.6131 -1.4469 1.7148 -0.2433 -1.8397 0.3956 0.0815 -1.6159 
18.5034 12.7830 -4.6605 -3.6227 1.0879 -1.3195 -0.9070 1.6123 -0.6408 -1.7023 0.6937 -0.1275 -1.9595 
19.0801 13.5772 -4.1096 -3.4772 1.0272 -1.5894 -1.5955 0.8463 -0.9453 -1.6932 0.5654 -0.4447 -2.2632 
17.2741 11.3515 -5.6260 -4.5260 -0.2294 -3.4171 -3.5140 -0.5288 -2.1082 -3.4406 -1.5440 -2.0421 -3.4619 
19.2382 13.8666 -3.6018 -2.8460 1.3611 -1.5585 -1.2733 1.5944 -0.5339 -2.1714 -0.3204 -0.9992 -2.5798 
17.7500 12.1710 -4.7736 -3.9969 0.2567 -2.4329 -2.2202 0.4781 -1.4469 -2.7568 -0.7029 -1.1171 -2.4227 
18.5863 13.3821 -3.4597 -2.6357 1.3942 -1.6712 -1.6500 1.1677 -0.4662 -1.6238 0.2280 -0.5253 -1.9997 
19.0171 13.3895 -4.0080 -2.6926 1.6418 -1.7847 -1.7425 1.2624 -0.8418 -2.2515 0.1880 -0.4286 -2.5735 
18.4722 12.8094 -4.6391 -3.7113 0.9902 -1.6215 -1.5642 1.2595 -0.2438 -1.3536 0.2602 -1.0020 -2.8939 
17.8676 12.4099 -4.3278 -3.3860 0.8071 -1.9477 -1.5475 1.3845 -0.4893 -1.9008 -0.2007 -1.1675 -2.6611 
18.0285 12.3565 -4.8168 -3.8956 0.5723 -2.0821 -1.7920 1.0456 -0.9239 -2.3511 -0.2414 -0.6262 -2.1467 
18.3311 12.6219 -4.7720 -3.7861 0.8930 -1.7995 -1.8493 0.8014 -0.8848 -2.0215 -0.1368 -0.8230 -2.1899 
17.3171 11.4058 -5.5259 -4.1907 0.5239 -2.2403 -1.9762 1.2331 -0.4899 -2.1724 -0.3096 -0.6324 -2.2293 
17.5582 11.6210 -5.4838 -4.0306 1.0382 -1.6034 -1.7293 0.7604 -1.6157 -3.4721 -1.2200 -1.1317 -2.7320 
17.9031 12.1949 -4.9165 -3.9630 0.3300 -2.5540 -2.0474 1.3978 -0.2424 -1.7046 0.3935 -0.1498 -2.0134 
18.2638 12.6704 -4.5474 -3.6057 1.0021 -1.5538 -1.3072 1.5303 -0.3151 -1.7216 0.2137 -0.3135 -1.8304 
18.6076 12.6311 -4.7958 -3.0316 1.5858 -1.9654 -1.8848 1.5274 -0.2359 -1.7556 0.3195 -0.2676 -2.0132 
18.5302 12.7920 -4.5772 -3.4615 0.7983 -2.3607 -1.9818 1.1702 -1.0147 -2.6462 -0.2218 -0.3958 -2.0784 
18.7120 13.2133 -4.0691 -2.9462 1.9741 -0.4052 -0.4000 1.8160 -0.5289 -2.1075 -0.2916 -0.8410 -2.1832 
18.1650 12.6895 -4.4475 -3.7227 0.8846 -1.5031 -1.5617 0.8524 -0.7364 -1.7639 -0.1658 -1.1039 -2.3593 
18.1704 12.4690 -4.7430 -3.6574 0.9623 -1.6036 -1.2479 1.4541 -0.7234 -2.0162 0.3662 -0.1319 -2.0001 
18.1608 12.5314 -4.4202 -2.9028 2.0601 -0.6712 -1.0040 1.1589 -0.8971 -1.8984 0.2920 -0.5327 -2.1979 
18.1488 12.2425 -5.4022 -4.5160 0.3831 -1.9203 -1.6754 0.9896 -1.0169 -2.5470 -0.7777 -1.3856 -2.6901 
18.5217 12.4330 -5.3609 -3.9155 1.0256 -2.1297 -2.3003 0.7466 -1.0521 -2.5958 -0.4300 -0.6202 -2.0623 
23.5819 17.2109 -4.3460 -3.1836 3.9528 0.6866 -2.7586 -2.1461 -3.1974 -3.0965 -0.8559 -1.6218 -2.4874 
24.4947 17.8517 -4.1390 -2.1843 5.1739 1.0692 -2.5867 -1.4161 -2.2743 -2.3114 -0.2386 -1.3804 -2.5183 
29.4334 21.8701 -4.8192 -3.4855 6.1989 2.5957 -3.1382 -3.5272 -3.7695 -2.4895 -0.0738 -1.4228 -2.2406 
30.5706 22.5546 -5.2559 -3.3397 7.3173 3.0915 -3.8719 -4.1990 -3.7373 -2.5910 -0.5798 -1.6181 -2.1572 
32.4074 23.1906 -6.7123 -3.8938 7.6279 3.2749 -3.0318 -3.5147 -4.7737 -3.7972 -0.3409 -1.2888 -2.5729 
33.3998 23.9026 -7.5585 -5.3599 7.3796 3.9454 -2.9495 -3.6561 -4.5222 -4.1930 -1.3665 -1.2908 -1.5745 
34.4622 24.6413 -8.0843 -6.3230 6.6376 3.4632 -3.2490 -3.9251 -4.9147 -4.5968 -1.6636 -1.6470 -2.1300 
33.3254 24.7590 -5.9711 -5.2553 6.0013 3.1445 -2.5435 -3.0780 -4.3767 -4.2182 -1.2339 -1.1352 -1.8238 
34.8018 24.6848 -8.1775 -5.8964 6.6814 2.8355 -3.3713 -3.5942 -4.9469 -4.3903 -0.8946 -1.3487 -2.3493 
34.8915 25.0816 -7.6764 -5.5217 7.7021 4.4825 -2.2299 -2.8711 -3.9559 -3.8887 -1.4306 -1.8513 -2.2892 
35.4813 25.2214 -7.8201 -5.0791 7.1884 2.8163 -2.6463 -2.0722 -3.9222 -4.0276 -0.6626 -1.4071 -2.6967 
35.0575 24.9420 -7.6435 -4.8716 7.3001 3.0278 -2.4469 -2.1334 -4.0664 -3.9301 -0.4379 -1.3990 -2.9384 
33.6200 24.6506 -6.3497 -4.7670 7.0969 4.0772 -1.8426 -2.6724 -4.0529 -3.4865 -0.8450 -2.0991 -3.1996 
33.1719 24.5160 -5.5938 -4.1137 6.6221 3.4359 -1.4266 -2.2276 -4.6598 -3.9377 -0.1068 -1.2318 -3.2735 
33.2981 23.6558 -6.6799 -3.5396 6.5664 1.1784 -2.8317 -1.4163 -4.0563 -4.2029 -0.1537 -1.5073 -3.9216 
32.0121 23.2708 -6.1319 -4.3425 6.1959 2.6522 -2.2858 -2.7415 -4.7936 -3.9744 -0.1465 -1.1385 -2.9433 
31.9221 22.7289 -7.2314 -4.9824 6.8607 3.9243 -1.5734 -2.4323 -4.2717 -3.7722 -0.7993 -1.7887 -2.8419 
30.5562 21.9224 -6.6505 -4.8125 6.0469 2.8109 -2.6736 -3.1961 -4.3753 -3.7619 -1.2407 -2.3344 -3.1440 
29.7318 21.5267 -5.7172 -4.0254 5.2358 1.9076 -1.4808 -1.2385 -4.0827 -4.1565 -0.3796 -1.1439 -3.0067 
26.9716 19.8556 -4.7457 -3.8303 4.3666 1.8935 -0.8991 -0.8275 -3.3499 -3.1837 0.1932 -1.0051 -3.3635 
27.3086 19.5862 -5.6048 -3.9928 4.4392 1.4834 -0.9251 -0.2980 -3.5814 -4.3551 -0.7129 -1.3062 -3.6794 
27.1683 19.7403 -4.9099 -3.4667 4.1127 0.7401 -1.0644 0.2737 -3.1013 -4.2622 -0.4852 -0.7068 -3.1302 
25.5465 18.3688 -5.1742 -4.0549 3.0710 0.1500 -1.2572 0.1168 -2.8893 -3.6339 0.0486 -0.3712 -2.8863 
26.9596 18.0198 -7.8493 -4.4601 5.2880 1.3286 -1.8711 -0.2755 -2.3854 -2.8391 0.5347 -0.6278 -3.1932 
34.0544 20.1549 -13.4457 -4.7688 8.2931 -0.4053 -4.4044 -0.0069 -3.1520 -4.5530 0.2388 -1.2824 -3.9916 
31.4482 19.1795 -11.5573 -4.4630 7.0856 -0.5130 -3.8251 0.7752 -1.3553 -3.0007 0.0365 -1.9541 -3.8725 
29.0999 18.4277 -10.1048 -5.4746 4.6569 -0.6699 -2.6851 1.2138 -1.1604 -3.1388 -0.7911 -2.3040 -3.5928 
27.6098 18.2262 -8.3576 -4.8593 4.3856 -0.1845 -2.2706 1.1090 -0.7177 -2.3128 -0.1190 -1.2654 -2.5593 
26.5475 17.1531 -8.9011 -5.4894 3.6702 -0.5278 -2.2537 1.2612 -0.4542 -2.1112 -0.2875 -1.7262 -2.8755 
26.1414 16.9243 -8.6493 -5.3523 3.2664 -1.2590 -2.8078 1.0559 -0.7640 -2.9387 -1.2293 -2.2826 -3.4522 
25.4024 16.0757 -8.8256 -4.7338 3.9158 -1.3218 -3.1065 1.5269 0.5180 -1.6222 -0.2709 -1.4574 -2.5705 
24.9284 16.3133 -7.6425 -4.4057 3.1720 -1.6533 -2.8410 1.2846 -0.2690 -2.2157 -0.7508 -2.2045 -3.5353 
25.4968 16.3389 -8.4119 -4.6282 3.4554 -1.6429 -2.6887 1.9574 0.2141 -2.0868 -0.3429 -1.7166 -3.4442 
25.6467 15.4059 -9.9753 -4.5129 4.2250 -1.9916 -2.9702 2.6199 0.5622 -2.3975 -0.4301 -1.5193 -3.3710 
25.2500 15.1761 -9.5858 -3.9606 4.2201 -2.6380 -3.6398 2.2362 0.1463 -2.6806 0.2608 0.0549 -2.1952 
24.2869 15.3281 -8.3157 -4.3753 3.2475 -1.8512 -2.5616 1.9388 -0.3063 -2.6187 -0.1522 -0.7941 -2.7371 
23.0531 14.8864 -7.2866 -4.0613 2.6122 -2.1166 -2.6223 1.2600 -1.1404 -2.7154 0.4021 -0.5096 -3.2905 
22.5577 14.5209 -7.3605 -4.4229 2.1090 -2.3551 -2.6931 1.4073 -0.5529 -2.1889 0.2087 -1.0651 -3.4690 
22.1328 14.5439 -6.5362 -3.8587 2.0848 -2.2144 -2.1790 1.6663 -0.7346 -2.3311 0.4675 -0.3192 -2.3948 
22.4789 14.9459 -6.2231 -3.3309 3.0017 -1.2852 -1.6810 1.7646 -0.8842 -2.6975 0.0435 -0.7360 -2.9816 
22.7282 15.0607 -6.1145 -2.7494 3.4924 -1.4248 -2.1130 1.2527 -1.4081 -2.8029 0.2729 -0.7579 -3.0761 
23.1739 15.2549 -6.4931 -3.2568 2.7636 -2.2730 -2.2317 1.9719 -0.8625 -2.8265 0.2590 -0.5920 -3.0731 
24.3649 15.0160 -8.1307 -2.7913 3.8733 -3.1427 -3.0160 2.9529 0.0184 -2.6243 0.9655 0.1222 -3.0047 
26.6103 15.5802 -9.8942 -2.6019 5.0715 -3.0877 -2.7534 3.1539 -1.2727 -3.6340 1.1249 -0.4330 -3.8262 
26.6993 15.4537 -10.4870 -3.3173 4.4655 -4.1396 -4.4878 1.9074 -1.2503 -3.6486 -0.0914 -1.6962 -3.8753 
24.1752 13.8597 -10.7601 -5.6375 2.1399 -4.0296 -4.4610 0.6227 -1.8609 -3.6258 -0.4513 -1.7937 -4.0541 
23.1431 14.8014 -7.5237 -4.2331 2.1336 -2.9785 -3.3448 0.7797 -1.6401 -3.3224 -0.3452 -0.9194 -2.5675 
26.3959 19.9705 -2.7222 -1.7038 3.4599 -1.3675 -2.4275 0.4551 -2.0577 -3.3646 -0.2248 -0.4321 -1.8017 
29.2314 23.0902 -1.0144 -0.6560 3.8675 -2.0885 -3.9712 -0.9450 -2.4863 -2.9818 -0.1524 -0.9755 -2.0171 
29.6359 23.2331 -1.5607 -1.2294 3.6820 -2.4846 -4.9643 -1.7929 -2.6742 -3.1456 -0.7865 -1.6027 -2.1083 
28.7657 22.4248 -1.5869 -1.0443 3.2916 -3.3498 -5.5511 -2.0801 -3.3906 -4.1508 -1.0162 -1.0625 -2.0505 
29.8280 23.5574 -0.8960 -0.3328 3.9613 -2.8498 -4.9656 -1.5025 -3.0171 -3.5225 0.0131 -0.4303 -1.9812 
30.3310 23.7263 -1.2932 -0.4472 4.0433 -2.9876 -4.9616 -1.2157 -3.0132 -3.9554 -0.3815 -0.4945 -1.8674 
29.7580 23.4837 -0.9502 -0.3580 4.0654 -2.6807 -4.9899 -1.7250 -3.1943 -3.6957 -0.3420 -0.7445 -1.9908 
28.7785 23.1395 -0.3430 -0.6810 3.0884 -2.7985 -4.3543 -1.1459 -2.9490 -4.0050 -0.8887 -0.6227 -1.2626 
28.7650 22.7028 -1.1901 -1.1758 2.9701 -2.9970 -4.5977 -1.3318 -3.2069 -4.1910 -0.9422 -0.9829 -1.9571 
29.1266 23.0029 -1.0438 -0.7943 3.3839 -3.0029 -4.8945 -1.4350 -2.8371 -3.4119 -0.1591 -0.6873 -2.2710 
29.0671 23.2901 -0.5956 -0.8413 3.4259 -2.3774 -4.3907 -1.3402 -2.7318 -3.4769 -0.5301 -0.7017 -1.7915 
29.5886 23.7113 -0.5087 -0.6140 3.6158 -2.6549 -4.8178 -1.4702 -2.7816 -3.5972 -0.3514 -0.2044 -1.4396 
31.2408 24.1519 -1.8111 -0.5530 4.3186 -3.0679 -5.0180 -0.8260 -2.5139 -3.4222 0.2893 -0.0032 -1.6300 
29.8578 23.4811 -1.4505 -1.3296 3.1584 -3.3665 -5.5052 -1.7010 -2.7186 -3.4736 -0.3858 -0.6950 -2.1099 
30.1809 23.6035 -1.4567 -0.7364 3.9956 -2.9330 -5.2910 -1.3925 -2.2716 -2.9004 0.0230 -0.5880 -1.8954 
31.1381 24.0357 -2.1067 -1.0780 4.1611 -2.7584 -4.9841 -1.0996 -2.3142 -2.8468 0.3327 -0.5919 -2.1110 
30.6889 23.8382 -2.1240 -1.5493 4.0101 -2.3696 -5.0060 -1.3637 -2.2840 -3.1818 -0.3691 -0.7007 -1.8736 
30.5092 23.6519 -2.1719 -1.5898 3.8072 -2.6039 -5.0489 -1.2309 -2.0373 -2.9257 -0.3894 -0.9552 -1.9458 
30.6367 23.3112 -2.8031 -1.6454 3.6941 -3.1889 -5.1918 -0.9278 -2.1166 -3.0542 -0.1376 -0.9847 -2.3998 
29.9274 23.4724 -1.9928 -2.6432 1.8789 -3.5320 -4.6713 -0.6099 -1.5249 -2.5425 -0.6737 -1.9346 -2.8626 
30.6456 23.6784 -2.6339 -3.0307 1.4040 -4.3777 -4.7094 0.3034 -1.0101 -2.6063 -0.5756 -1.9378 -3.2606 
29.7121 23.3741 -1.8642 -2.8099 1.3090 -3.6392 -3.7783 0.3843 -1.2927 -2.4580 -0.1378 -1.7051 -3.4110 
29.6079 23.0765 -2.1192 -2.8019 1.1045 -4.0235 -3.7388 0.6071 -1.2531 -2.1280 0.3618 -1.9503 -4.2688 
28.9150 22.3279 -2.4792 -2.8797 1.2422 -3.8698 -3.5713 1.1159 -0.7884 -2.5613 -0.4884 -2.0258 -3.9049 
28.9346 22.0367 -2.8206 -2.3652 2.2753 -3.3305 -3.4317 1.4405 -0.5107 -2.6361 -0.5343 -1.8717 -3.8949 
27.4901 20.7972 -3.1227 -2.7137 2.3176 -2.2786 -2.4269 1.5536 -0.6962 -2.7728 -0.7534 -1.7432 -3.3758 
26.5496 20.3314 -2.4326 -2.0915 2.6135 -1.6669 -1.7675 1.5726 -0.9935 -2.6659 -0.2946 -1.3800 -3.2152 
25.7470 18.7535 -4.1461 -2.7330 2.7412 -1.9519 -2.3373 1.4292 -0.9874 -2.9251 -0.4854 -1.3287 -3.2237 
24.7795 17.3582 -5.4041 -3.5730 2.2705 -2.1706 -2.1726 1.8241 -0.8899 -3.0213 -0.0380 -0.3561 -2.5316 
23.8337 16.8760 -4.9769 -3.6224 1.7268 -2.5513 -2.5637 1.6547 -0.2247 -2.2427 -0.1075 -0.7267 -2.5670 
23.8986 16.8162 -5.2401 -3.7307 2.1309 -1.7556 -1.9004 1.8417 -0.3936 -2.5395 -0.3805 -0.6850 -2.1081 
24.0677 17.0936 -5.0177 -3.6332 2.3171 -1.4505 -1.6852 1.9969 -0.2136 -2.4547 -0.4373 -0.9062 -2.5186 
23.4903 16.7347 -4.8045 -3.5791 2.0010 -1.8684 -2.3466 0.9632 -1.1264 -2.8649 -0.6172 -1.1067 -2.6217 
22.9845 16.0665 -5.0230 -3.0114 2.8750 -1.2486 -1.8902 1.3732 -0.8817 -2.6386 -0.2317 -0.7581 -2.4425 
22.6338 15.5887 -5.5344 -3.5549 2.4413 -1.6546 -2.4506 0.7751 -1.4674 -3.3871 -0.9220 -0.9788 -2.3566 
22.3766 15.4488 -5.2844 -3.4107 1.8822 -2.4811 -2.4672 1.6655 -0.5627 -2.9176 -0.6683 -0.8223 -2.3601 
22.6550 15.5457 -5.5584 -3.3645 2.6209 -1.6944 -2.2405 1.6594 -0.2796 -2.2012 0.4156 0.0366 -2.4043 
22.9518 15.7469 -5.4548 -3.1948 2.4990 -1.7030 -1.7829 1.4952 -1.2719 -2.6276 0.4161 -0.6236 -2.9319 
22.8353 15.8337 -5.4045 -3.7074 1.9438 -2.1104 -2.5245 1.0191 -0.7377 -2.0155 0.2980 -0.6990 -2.5650 
21.5210 14.4710 -5.9822 -4.0641 1.5478 -2.1749 -2.0106 1.6415 -0.7891 -2.6652 0.0686 -0.1715 -2.1005 
21.9454 15.3520 -5.0221 -3.6496 1.8950 -1.2761 -1.2938 1.4900 -1.1284 -2.7060 -0.1871 -0.5201 -1.7038 
22.0481 15.2881 -5.2245 -3.5097 2.1688 -1.6073 -2.1050 1.2077 -0.5130 -1.8728 0.2035 -0.7158 -2.3323 
22.1762 15.3911 -5.0689 -3.2653 2.0313 -1.8866 -1.5424 2.1744 -0.7136 -2.9822 -0.0935 -0.1899 -2.3318 
22.1449 14.7524 -6.1910 -3.6000 2.4795 -1.7181 -1.9141 1.8487 -0.4726 -2.1758 0.6304 -0.1284 -2.6228 
21.9917 15.0267 -5.7348 -4.0140 1.8668 -1.5272 -1.5894 1.7371 -0.3092 -1.5547 1.0450 0.1374 -2.0839 
22.0470 15.1861 -5.6543 -4.2465 1.6098 -1.5206 -1.4293 1.8754 -0.4254 -2.0487 0.5574 -0.0815 -2.3544 
24.4563 14.1554 -9.4359 -2.5931 4.4539 -3.4921 -3.0468 3.3872 -0.4962 -3.6090 0.6302 0.1080 -2.7373 
27.2748 15.9645 -10.0569 -2.3819 5.2282 -4.0020 -3.6724 3.8301 0.0477 -3.2658 1.3023 0.7450 -2.5050 
23.8098 14.9005 -7.5490 -2.6643 3.5641 -3.1011 -2.7010 3.2539 0.4572 -2.3734 0.6660 0.1838 -1.8430 
22.1769 15.3009 -5.4663 -3.5992 2.6746 -0.5637 -0.8406 2.3191 -0.1109 -2.2359 -0.0436 -0.2920 -1.7682 
21.2965 14.4782 -5.5901 -3.7132 1.7844 -2.1851 -2.5768 0.8545 -1.2255 -2.9001 -0.2694 -0.3876 -1.9506 
22.2156 15.4169 -5.2465 -3.5923 2.0710 -1.5055 -1.6481 1.5029 -1.0222 -2.8504 -0.3943 -0.8274 -2.4583 
21.3863 14.5428 -5.5342 -3.4462 2.3619 -1.3788 -1.7823 1.4335 -0.8004 -2.6634 -0.5229 -0.9822 -2.3089 
21.6891 14.8831 -5.3639 -3.5541 1.7893 -2.1567 -2.1097 1.6668 -0.4656 -2.2654 0.1823 -0.3940 -2.4338 
20.7872 13.8842 -5.9302 -3.8022 2.1364 -1.1477 -1.2637 1.7345 -0.5397 -1.7904 0.6303 -0.6954 -2.9070 
21.2021 14.5718 -5.4598 -4.0365 1.4128 -2.1226 -2.3372 1.1787 -0.6492 -2.4829 -0.4510 -0.9748 -2.8054 
21.1796 14.4829 -5.5051 -3.9767 1.3689 -2.0277 -1.6283 2.1851 0.1165 -1.8524 0.0495 -0.8681 -2.6976 
21.1425 14.8873 -4.5700 -3.1986 1.9854 -1.2910 -1.2753 1.6643 -0.7607 -2.2963 0.1802 -0.4748 -2.3700 
20.5853 14.1745 -5.2376 -3.8386 1.6097 -1.4016 -1.3224 1.7599 -0.5785 -2.3544 0.1166 -0.0918 -1.8930 
20.5611 13.9188 -5.7124 -4.3167 0.8448 -2.5428 -2.3237 1.1460 -0.9888 -2.7007 -0.4730 -1.1599 -2.9327 
20.5090 13.8147 -5.8804 -4.1994 1.7500 -1.3243 -1.8308 0.9742 -0.9662 -2.2736 0.0952 -0.5622 -2.4823 
20.1937 13.6388 -5.6856 -4.0833 1.5584 -1.5112 -1.6485 1.4287 -0.6803 -2.2321 0.4222 0.2449 -1.8886 
20.5968 14.3749 -4.8582 -3.5300 1.8605 -1.2705 -1.3668 1.8996 -0.1465 -2.0364 0.2742 0.0049 -2.2785 
20.5144 14.1665 -4.8235 -2.9220 2.4057 -1.2924 -1.8125 1.0411 -1.0821 -2.3946 0.0936 -0.5818 -2.5153 
19.8845 13.5549 -5.3564 -4.0718 0.9214 -2.2703 -1.9463 1.5726 -0.5339 -2.5076 -0.4553 -1.0038 -2.9734 
19.8110 13.5547 -5.2112 -3.7625 1.6137 -1.3895 -1.6435 1.1593 -0.8647 -2.3754 -0.0926 -0.2424 -1.7889 
19.6594 13.5342 -4.7861 -3.2477 1.5164 -1.8376 -1.4473 1.9096 -0.4946 -2.3532 0.0709 -0.3961 -2.5722 
18.8432 12.6979 -5.2040 -3.3887 1.9223 -1.2558 -1.6009 1.3768 -0.3273 -1.6523 0.5891 0.1676 -1.5600 
18.7691 12.8621 -5.0381 -3.8832 1.3671 -1.0480 -1.2627 0.9945 -1.0098 -2.0094 0.3823 -0.1045 -1.8045 
18.9786 12.7182 -5.4326 -3.8990 0.9389 -2.2964 -2.0556 1.1418 -0.9998 -2.5021 -0.0185 -0.2914 -1.9198 
18.8865 13.1702 -4.4189 -3.2026 1.5763 -1.4088 -1.8174 0.4373 -1.5395 -2.3047 0.3201 -0.2987 -2.1922 
18.4772 12.1882 -5.9063 -4.4687 0.8308 -2.0070 -2.3541 0.2990 -1.3347 -2.2246 0.1884 -0.3437 -2.1679 
18.7563 12.6533 -5.4468 -4.3333 0.6598 -1.8841 -1.5247 1.3680 -0.8065 -2.4273 -0.3690 -0.8066 -2.2931 
18.4560 12.3583 -5.5554 -4.2914 0.9733 -1.4480 -1.4109 1.1571 -0.8761 -2.1155 0.1612 -0.4287 -2.3633 
17.9522 11.8767 -5.7468 -4.6905 -0.0028 -2.8636 -2.9370 -0.1808 -1.7886 -2.7479 -0.7207 -1.6923 -3.4917 
18.2515 12.2186 -5.5603 -4.4775 0.5042 -2.0659 -1.9788 0.8063 -1.1446 -2.6204 -0.5140 -0.8848 -2.5258 
18.2714 12.0982 -5.4350 -3.7730 0.7919 -2.5811 -2.1688 1.2261 -0.9371 -2.5287 -0.0474 -0.5071 -2.5509 
18.4565 12.9759 -4.1465 -3.1135 1.4451 -1.4292 -1.7401 0.7257 -0.8640 -1.8055 -0.0349 -1.2264 -3.0923 
18.7471 12.9914 -4.7094 -3.7489 1.0580 -1.5016 -1.5356 0.8687 -0.9776 -1.7657 0.4972 -0.4823 -2.5231 
18.6839 13.0373 -4.4901 -3.6532 0.7838 -2.0298 -1.9896 0.6050 -1.2507 -2.2033 -0.0677 -1.0973 -2.9304 
17.7316 11.9824 -4.9375 -3.5401 1.2573 -1.5417 -1.7091 0.7903 -1.2099 -2.5372 -0.3857 -0.7662 -2.2903 
17.4278 11.9170 -4.5729 -3.4070 0.9220 -1.9591 -1.8522 1.0036 -0.7491 -1.9671 0.2732 -0.1620 -2.0747 
18.0759 12.2975 -4.9843 -3.7548 1.2433 -1.3186 -1.4863 0.9589 -0.9745 -2.1708 0.0726 -0.4808 -2.5108 
17.8271 11.9381 -5.3771 -4.2262 0.7444 -1.6555 -1.6478 0.7037 -1.4756 -2.8516 -0.6879 -0.9880 -2.3469 
18.2469 12.3892 -5.0327 -3.8513 0.8479 -1.9224 -1.8325 0.7629 -1.3698 -2.5331 -0.0176 -0.3854 -2.0508 
17.9340 11.9095 -5.6193 -4.3480 0.8632 -1.4790 -1.4825 1.0022 -0.9269 -2.1742 -0.2913 -1.1453 -2.6824 
17.9625 12.4985 -4.3610 -3.3926 1.1556 -1.3184 -1.0914 1.4970 -0.7000 -2.4787 -0.6202 -0.5936 -1.5059 
17.8750 12.5834 -4.0077 -3.0617 1.4011 -1.0773 -0.9345 1.5842 -0.3928 -1.7976 0.0182 -0.6721 -2.2671 
19.0414 12.8906 -5.0874 -3.3701 1.5143 -2.0493 -2.2427 0.9427 -0.9764 -2.4279 0.1040 -0.1221 -1.9209 
19.2050 13.2490 -4.7939 -3.3172 2.0620 -0.6741 -1.0993 1.1521 -1.0281 -2.2834 0.0587 -0.3823 -2.1090 
18.5887 12.4927 -5.4038 -4.0759 1.0774 -1.3430 -1.0972 1.3761 -0.9847 -2.2797 0.0271 -0.6022 -2.3515 
18.5624 12.7612 -4.7210 -3.3495 1.6265 -1.2047 -1.4445 0.9950 -1.2271 -2.8246 -0.7953 -1.0854 -2.2072 
18.6539 12.6137 -4.9417 -3.1788 1.6876 -1.3933 -1.1696 1.5487 -1.1562 -2.9464 -0.6170 -0.9239 -2.2638 
19.4859 12.9844 -5.5208 -3.4245 1.8104 -1.9473 -2.3757 0.6910 -1.1379 -2.2848 0.1139 -0.6363 -2.4580 
19.3524 13.1467 -4.8817 -2.7864 2.2429 -1.5787 -1.8393 1.5246 -0.3580 -2.0018 0.0877 -0.6363 -2.4281 
25.3410 15.1972 -9.3062 -3.3346 4.1407 -3.2552 -3.1964 3.7106 1.4543 -1.4214 1.6477 0.6672 -2.3926 
35.3009 21.2558 -13.1690 -5.5907 4.8671 -4.4519 -3.9394 5.0695 1.3592 -2.6368 1.7962 0.6184 -3.3277 
27.6916 18.6759 -7.1350 -3.8692 3.3450 -2.2178 -2.1959 3.0412 -0.0264 -3.0652 -0.0201 -0.5463 -3.4656 
