nan nan nan nan nan nan nan nan nan nan nan nan nan 
nan nan nan nan nan nan nan nan nan nan nan nan nan 
nan nan nan nan nan nan nan nan nan nan nan nan nan 
nan nan nan nan nan nan nan nan nan nan nan nan nan 
nan nan nan nan nan nan nan nan nan nan nan nan nan 
17.0440 -1.8659 -0.8590 0.1417 -2.5015 -1.0218 -1.2358 -0.2606 -0.0536 -0.6601 0.0407 -0.7492 0.1848 
15.8325 -0.3308 1.7645 -0.4137 -1.3229 -0.4881 -0.7942 -0.3320 0.5280 -0.3595 -0.1862 -0.0172 0.0108 
13.0317 -0.8992 1.4995 0.5436 -1.2359 0.3770 -0.0229 0.0462 -0.3536 -0.4349 0.6061 0.2339 -0.0619 
15.7425 0.1701 2.3628 -0.6331 -1.2885 -0.5491 -1.1103 0.4538 -0.3402 -0.7383 0.0073 0.0459 0.0796 
14.5250 1.3910 1.9025 -0.9770 -1.4217 0.2601 -0.8308 -0.0460 -0.6037 -0.1868 -0.5515 -0.4816 0.8197 
13.7720 -0.8591 0.6017 -1.1372 -1.1463 -0.5401 0.1860 0.4909 0.5246 -0.5380 -0.5896 0.3882 0.6066 
13.9358 -0.2350 1.4256 -1.1281 -0.6517 -0.0779 -0.1245 -0.0777 -0.3202 -0.3234 -0.1732 -0.4212 -0.2205 
14.1568 -1.3147 0.7682 -0.9253 -1.4707 -0.8577 -1.1383 0.3360 -0.3220 -0.3981 0.1168 -0.8979 0.4674 
13.4680 -2.1390 0.0310 -1.2709 -1.8755 0.2002 -0.0719 -0.5400 -0.5470 0.4742 0.7226 0.3949 0.1267 
13.3523 -1.6035 -0.4016 -1.1310 -0.0251 0.5361 -0.9190 -0.0718 0.3159 -0.1238 0.5183 -0.5514 -0.4007 
13.4472 -1.3607 -0.2011 -1.3502 -0.7387 0.6012 -0.0851 1.0125 -0.0151 -0.5593 0.1950 -0.2541 -0.0940 
26.0693 -2.7704 -4.4003 -0.4056 -2.2487 -0.7039 0.4444 -0.0174 -0.7301 0.1779 -0.2575 -0.2653 0.3721 
31.4438 -1.1800 -4.8456 1.7571 -2.0542 -0.2209 -0.0453 0.4226 0.1108 1.3877 0.2372 -0.6128 0.1381 
32.2741 -1.3548 -4.8338 0.3044 -1.5958 -1.3457 -0.9814 -0.6068 -0.1408 0.9031 0.3930 -1.6039 -0.2771 
31.7866 -0.1206 -4.3314 -1.0460 -1.2330 -0.1150 -1.9071 0.0686 1.1470 1.3872 0.2030 -1.0565 0.3302 
32.5782 -0.1180 -5.6871 -0.8299 -0.9009 -1.0676 -0.4232 0.0766 1.8043 2.0502 0.3683 -0.3353 0.6806 
30.5687 0.3702 -5.9969 -3.3161 -0.7820 -0.7858 -1.2390 0.6476 2.8177 2.4046 0.4213 1.2595 1.6738 
29.6618 0.4658 -5.3292 -1.5435 -1.3418 -1.8134 -0.3543 0.8928 2.1768 1.1499 -1.4397 0.2890 1.4532 
29.6353 1.1147 -4.0766 -1.7869 -2.0250 -1.0423 -0.1531 1.0928 1.5522 0.2787 -1.2479 0.1505 0.5200 
29.5331 1.5794 -3.8956 -2.5416 -1.7695 -0.9648 -0.2422 1.9620 1.6693 0.4871 -1.0437 0.4155 0.3851 
28.2932 1.1308 -4.7295 -2.3486 -1.2488 -0.5427 0.1269 2.0952 1.7212 -0.1891 -1.1193 0.1387 -0.5321 
26.7879 2.6238 -4.8075 -1.8218 -1.4684 -0.7801 -0.6155 1.4310 1.3092 -0.7222 -0.8245 0.5972 -0.3438 
25.1815 2.4221 -3.7937 -1.4772 -1.1508 -1.1489 0.0504 0.5200 1.3610 -0.6899 -1.1929 -0.0004 0.0654 
22.3538 1.6145 -2.2552 -1.7736 -0.8348 -0.1194 -0.4965 -0.3906 0.6384 -1.1825 -1.5650 -0.0805 0.6024 
21.5026 1.8863 -3.1431 -1.9757 -2.2764 -1.0802 -0.4203 0.0620 0.6842 -0.8232 -0.7514 -0.5450 0.0827 
21.0603 2.4656 -2.9633 -1.4051 -0.2794 -1.0403 -0.7212 0.6759 1.1110 -0.6676 -0.8017 -0.3345 -0.1702 
19.3568 2.2334 -0.4239 -1.9031 -1.0308 -0.8345 -0.2018 0.3205 0.9902 -0.6742 -1.2763 -0.0649 0.1330 
18.3768 0.0753 -0.6976 -2.0302 -0.9768 0.0971 -0.4388 0.4960 0.2153 -0.3767 0.2341 -0.5162 0.4579 
17.6457 -0.5949 -1.2535 -2.3251 -0.7562 -0.4270 -0.3703 -0.4817 0.2006 -1.0601 -0.5155 -0.6732 -0.3538 
18.2160 1.0849 -0.8858 -2.0109 0.9035 0.3910 -1.4078 -0.1658 -0.0286 -0.6506 0.1120 0.1054 -0.2302 
18.1731 0.3463 -0.5683 -0.8290 -0.0413 0.1700 -0.7894 -0.0592 -0.4429 -0.5396 -0.8838 -0.7805 0.1033 
17.0940 0.1285 0.8235 -0.7151 -0.9824 -0.5040 -1.1133 0.1526 -0.1357 -0.7742 -0.4306 0.2679 0.0245 
8.1085 -0.2952 1.0560 -0.7239 0.1188 0.2222 -0.7891 0.3400 0.3035 -0.2790 -0.1063 -0.1080 -0.6407 
-3.5673 -2.7395 1.3802 -0.5604 -0.4187 -0.7518 -1.1477 0.4113 0.2005 -0.4410 -0.2738 -0.0564 -0.1717 
-13.7297 -4.2062 1.5269 -0.6315 -0.2460 -0.7207 -1.1207 0.4347 0.2167 -0.3317 -0.2300 -0.0591 -0.0248 
-23.7934 -5.6598 1.5916 -0.8176 -0.0452 -0.5387 -1.0871 0.3383 0.1437 -0.2650 -0.1092 -0.0651 -0.0857 
-33.8616 -7.1396 1.6821 -0.9973 0.1166 -0.3563 -1.0793 0.2406 0.0994 -0.2644 -0.0455 -0.0684 -0.1795 
-44.0188 -8.7665 1.6674 -1.2904 0.1296 -0.2731 -1.2058 0.0175 -0.0056 -0.3766 -0.1165 -0.2023 -0.4956 
-54.1747 -10.3641 1.8705 -1.1725 0.6799 0.5166 -0.6040 0.4588 0.5009 -0.0804 -0.0793 -0.5009 -1.2613 
-62.5761 -9.9272 3.1711 -0.9725 0.5557 0.4320 -0.8490 0.0813 0.3505 -0.1493 0.0669 0.0643 -0.5211 
-71.2034 -9.8815 4.0545 -1.1120 0.2575 0.4626 -0.7549 0.1016 0.4590 -0.2944 -0.1653 0.2156 -0.1317 
-79.9546 -10.0896 4.9059 -1.0341 -0.1432 0.2892 -0.5776 0.1954 0.6160 -0.3151 -0.5418 0.1738 0.3343 
-88.5741 -10.2699 5.5190 -1.2736 -0.5349 0.5173 -0.2796 -0.1401 0.5167 -0.0437 -0.6251 0.0853 0.4964 
-96.4253 -10.1886 5.5517 -1.5039 -0.3505 0.8847 -0.0831 -0.3141 0.4604 0.1676 -0.5637 -0.0466 0.3765 
nan nan nan nan nan nan nan nan nan nan nan nan nan 
-101.4071 -4.1845 2.3783 -1.8438 0.2642 -0.5399 0.4354 1.2658 0.8715 0.2946 -0.0938 0.2024 0.4390 
nan nan nan nan nan nan nan nan nan nan nan nan nan 
-97.1119 -0.1618 0.0293 -0.0794 1.0513 -0.7977 0.0303 0.5732 -0.4198 0.3849 -0.3690 0.0008 -0.1349 
-95.0752 -0.4735 0.3234 0.0251 0.3751 0.2215 -0.1248 -0.2586 -0.0036 0.0987 -0.2371 0.4495 0.8189 
-92.0497 -0.1772 0.0720 -0.7295 -0.0356 -0.0534 0.1726 -0.5108 0.3606 -0.0021 -0.5299 -0.5102 0.1644 
-90.1834 0.2167 0.0781 0.0182 0.2802 -0.7422 0.2621 -0.5772 0.2459 -0.3578 -0.5446 -0.1085 0.3614 
-87.4113 -0.1322 -0.3686 -0.7010 -0.2691 -0.6941 -0.4629 0.6290 -0.1328 -0.1357 -0.3803 -0.5708 0.4237 
-83.8310 -0.4694 1.1451 0.5150 -0.1914 -0.1490 -0.2279 0.9947 0.2414 0.7525 -0.2646 -0.2364 -0.2479 
-82.0681 -0.7855 0.5315 0.8021 0.2395 0.0761 0.6627 0.0629 -0.3697 -0.1399 0.3437 -0.0106 -0.7779 
-79.8283 -0.3567 0.5304 -0.3306 0.5770 -0.2551 0.3041 -0.0889 0.2936 -0.1600 -1.0204 -0.1217 0.2155 
-77.2715 -1.1453 -1.2064 -0.5713 0.2551 -0.1865 -0.1108 -0.0407 -0.2093 -0.0531 0.5972 0.0402 -0.0169 
-74.8201 -1.7829 -0.1666 0.0983 0.5147 -0.2680 -0.2428 -0.6420 -0.6641 -0.4081 0.5278 1.3884 1.0007 
-72.1791 -0.8491 -0.6052 -0.6227 0.2887 -0.5144 -0.0311 -0.2444 -0.2464 0.7649 -0.2167 0.1557 0.3111 
-68.6688 -1.0357 -0.0200 -0.0660 0.0571 0.2024 0.2592 -0.0001 -0.3195 -0.6151 0.2671 0.7897 0.6090 
-66.3376 -1.0338 0.3354 -0.8764 -0.2804 -0.3749 0.4590 0.2219 -0.4319 -0.3985 0.0673 0.2432 -0.2276 
-63.3741 -1.3183 -0.1816 -0.1956 0.3287 -0.6673 -0.1602 -0.0619 -0.6341 -0.4809 0.2034 0.3529 1.0128 
-60.4170 -0.9743 -0.4529 -0.0396 -1.3642 -1.1822 -0.5326 0.7614 -0.1989 -0.1115 -0.2658 0.5483 0.4788 
nan nan nan nan nan nan nan nan nan nan nan nan nan 
-55.8882 -1.3930 -0.0851 -0.8996 -0.0067 -0.1645 -0.0366 -0.1665 -0.6304 -0.6003 -0.4900 0.0670 0.0431 
-54.5639 -2.2115 -0.4694 -0.7894 0.4972 0.0379 0.8416 0.2612 -0.0162 -0.0981 0.2716 1.0080 0.8675 
-51.5960 -1.8313 -0.2859 -0.5675 -0.7458 -1.7997 -0.5608 -0.0088 -0.7964 -0.4096 -0.2493 -0.0365 0.0866 
-48.4292 0.1858 0.6768 -0.1685 0.5583 0.1969 0.1288 0.3349 0.7567 -0.1495 -0.2835 -0.2581 -0.0484 
nan nan nan nan nan nan nan nan nan nan nan nan nan 
-42.8627 -0.4377 0.0105 0.2739 0.7273 0.2007 -0.0219 -0.0124 0.1649 -0.0548 -0.0706 0.0673 0.6999 
