nan nan nan nan nan nan nan nan nan nan nan nan nan 
nan nan nan nan nan nan nan nan nan nan nan nan nan 
nan nan nan nan nan nan nan nan nan nan nan nan nan 
nan nan nan nan nan nan nan nan nan nan nan nan nan 
nan nan nan nan nan nan nan nan nan nan nan nan nan 
17.9955 -0.3774 0.8353 1.0531 -0.6145 -0.7199 -1.1024 0.2436 -0.3878 -0.3014 -0.2874 -0.0389 0.2447 
20.3306 -0.0773 -1.3567 -0.4890 -0.2834 -0.2672 -0.2430 -0.3313 -0.5267 0.1159 -0.1016 0.2929 0.5010 
21.4992 -0.4922 -2.7597 0.7947 0.0673 0.5224 -0.5327 -0.6636 -1.6114 -1.1556 -1.4757 -0.5245 0.1828 
20.5007 1.6824 -0.2626 -0.2868 -1.5181 -1.5748 -0.0679 0.1362 0.0261 0.3036 0.1025 -0.6553 0.4868 
21.6648 2.7209 -0.6803 -1.2290 -1.3035 -0.5529 -0.4558 -0.5111 -0.2021 -0.3245 -0.2091 -0.1227 -0.0687 
20.3830 1.6283 0.8463 -1.2664 -1.1709 -0.6642 -0.1076 -0.7998 -0.1194 0.2819 0.4470 -0.1180 0.0272 
25.5294 -3.0131 0.6603 -2.1050 -0.4379 0.3091 -1.3062 0.9954 1.0622 -0.1696 0.9196 0.5336 -0.0606 
28.0116 -1.7965 -0.7970 -1.6322 -0.9972 -0.0312 -0.3480 -0.5393 -0.1327 0.0652 -0.2663 0.0404 -0.4372 
26.2434 -1.1156 -0.1926 -2.6111 -1.5078 -0.4113 -0.5225 -0.5943 -0.0627 0.4858 -1.3315 -0.1899 -0.4627 
24.3958 0.4084 -0.2710 -1.8412 -0.2146 0.5454 -1.1926 1.0457 -0.4588 -0.1123 -0.0774 -0.5258 -0.3935 
25.0016 -0.6027 -0.4293 -0.7733 -0.7300 -0.3428 -0.0698 0.2260 -0.3652 -0.2561 -0.5006 -0.1250 -0.4763 
25.6557 0.0817 -0.0789 -1.0084 -1.2892 -0.5577 -0.9611 -1.9111 -0.0340 -0.0364 -0.2819 -0.1119 0.2330 
24.9230 0.5228 0.6493 -0.9755 -0.8222 -0.4133 -1.7865 -0.3905 0.0504 0.4842 -0.3925 -0.4117 -0.0966 
24.4466 0.1343 -0.2904 -1.3933 -0.0383 -0.3957 -0.5634 0.0619 0.0690 0.0403 -0.0196 -0.1453 -0.1637 
22.1601 1.1716 0.6483 -0.7576 0.1532 0.1909 -0.8034 -0.2716 -0.5106 -0.3584 -0.1095 0.2235 0.1571 
22.5209 -1.0471 0.3106 -0.2109 -0.2112 -0.5370 -0.5895 -1.0035 -1.2673 0.1421 0.2263 -0.3924 0.1987 
22.2051 -0.3024 -0.8359 -1.7412 -0.6601 -0.8763 -0.2071 -0.5678 -1.1089 0.0160 -0.3183 -0.1493 -0.0304 
21.7370 -1.0268 -0.7165 -1.3927 -0.8119 -0.1141 -0.1804 -1.2994 -0.3904 0.4160 0.3743 0.3586 0.4860 
22.0499 0.8054 0.0033 -1.5754 -1.7320 -0.1690 0.4539 -0.4476 -0.0607 0.4531 0.0365 -0.0233 0.0345 
22.4587 -0.1382 0.1096 -0.9329 -2.1066 -1.2781 -0.1553 -0.5741 -0.3145 0.7064 -0.2492 -0.2670 -0.3846 
24.1533 0.5961 -1.9633 -0.7936 -1.5291 -1.3185 -0.4769 -0.5605 -1.1530 -0.3134 -0.5759 -0.2297 -0.4161 
32.2412 -0.7056 -4.2672 0.4898 -1.3279 -0.9653 -0.2993 -0.0709 -0.2490 0.2274 -0.3007 -0.6171 -0.7012 
31.7494 -1.0523 -4.4765 -0.2966 -0.7993 -0.0835 0.3901 0.5214 1.4854 1.4472 -0.8753 -1.8460 -0.8130 
32.2231 -0.3365 -4.5627 -0.8970 -1.4269 -1.2626 -1.0175 -0.6860 0.6964 1.2329 -0.4882 -1.0373 0.1111 
31.1595 0.6538 -4.8758 -1.0293 -1.3944 -1.2585 -0.8915 -0.5319 1.0619 1.5580 -1.3099 -0.9285 0.4864 
29.3837 1.2022 -4.0343 -1.9072 -1.1910 -0.9127 -0.6680 0.9444 2.1354 0.6610 -2.1843 -0.2648 0.7777 
28.9011 1.8734 -3.0771 -1.8404 -1.6402 -1.8652 -0.8550 0.8062 1.6491 -0.5250 -2.4395 -0.0678 0.4232 
29.0155 1.0355 -4.4080 -1.4828 -2.1428 -1.2689 0.3945 1.2511 2.0242 -0.5431 -1.2584 0.3502 -0.0211 
28.1441 0.7520 -3.0019 -1.6887 -1.6374 -1.3766 -0.2951 0.8187 0.7644 -1.5033 -1.6169 0.2574 -0.0205 
26.4226 0.7879 -3.5661 -2.2137 -0.1785 -0.2009 -1.0914 -0.6609 -0.2714 -0.2944 -0.0496 -0.3051 0.0051 
24.1001 -1.0930 -2.8174 -0.9942 -1.1634 -1.8047 -0.5798 -0.7774 -0.3183 -1.7241 -1.1440 -0.0739 -0.4189 
23.8011 0.7106 -0.4940 -0.7905 0.8378 -1.0337 -0.0818 -0.4681 -0.3666 -0.1234 -0.7094 0.1078 0.0485 
23.7576 2.0359 -0.2758 -1.3194 0.1936 -0.9749 0.3648 -0.2850 -0.2469 -0.6773 -1.0727 -0.1087 0.2559 
24.4490 0.1900 -0.7036 -1.9371 -1.0064 -0.4426 -0.1199 -0.4347 -0.2604 0.0748 0.0994 -0.2344 0.5759 
24.7136 1.4465 -3.1237 -0.5895 0.2899 -0.7459 0.3815 -0.0294 -0.4688 0.1040 0.2441 0.1991 -0.1627 
23.4880 0.2595 -3.2588 -0.1813 0.7551 -0.2599 -0.4314 -0.0897 -0.8828 -0.3216 -0.5622 0.3367 -0.0411 
23.9889 0.8450 -2.1487 -1.0386 -0.3030 0.1735 -0.4792 -0.6680 -0.2053 -0.8600 0.4336 -0.3413 -0.4359 
23.1274 -0.0426 -2.4313 -0.6793 -0.7637 0.2807 -0.1776 0.0538 0.4939 -0.5750 0.0204 0.0790 0.0108 
23.4153 -0.0983 -2.3971 -2.0442 -0.7001 -0.9193 -0.1475 -0.5961 -0.5348 0.3184 -0.0594 -0.4004 0.3308 
22.2586 0.2750 -1.7797 -0.7951 -0.3376 -0.6884 -0.8885 0.5310 -0.2183 0.2078 -0.7687 -0.1506 -0.4274 
23.5222 -0.9036 -0.3408 -1.3641 -1.1064 -0.5712 -0.2812 0.1034 -0.8270 -0.6616 0.0618 0.2477 -0.2734 
23.3405 -1.4238 -0.5056 -0.3297 -0.1965 -0.9615 -0.7633 -0.1900 0.3009 -0.5695 0.2289 0.0413 -0.2013 
24.0660 -0.5354 -1.2603 0.1047 -0.4975 -1.6763 -0.6093 0.2209 -0.9829 -0.7047 -0.2386 0.0738 0.0605 
23.9026 -0.3837 -0.5570 -0.4534 -0.2137 0.4776 0.0258 -0.3632 -0.7320 -0.7659 -0.6547 -0.2591 0.1002 
22.5234 -0.1997 -2.2564 -0.9144 -0.8504 -0.3917 -0.9761 -0.4449 -0.8392 -0.8858 -0.4841 -0.5442 -0.8007 
24.3348 0.0569 -0.9896 -1.6934 -0.8023 -0.2881 -0.7086 0.2641 -0.8277 0.0842 -0.5571 -0.3134 0.3038 
21.7588 0.0821 -1.8882 -1.3548 -0.9045 -1.9975 -0.9357 0.0458 -0.5988 -0.4790 0.0930 -0.5097 0.0283 
22.6327 1.9557 -1.0754 -1.3420 -0.4497 -0.7172 0.1871 -0.5012 -0.7643 0.6993 0.0723 -0.7324 0.0168 
19.8966 -1.8160 -1.9944 -1.6799 -1.3155 -0.4197 -0.4402 0.4338 -1.0133 -0.8251 -1.0925 -0.3572 0.4815 
21.6011 0.1570 -0.6104 -0.8126 -1.7612 -1.7614 0.1511 0.2888 -0.3954 -0.7716 0.0518 0.3752 -0.1428 
21.9118 -0.0918 0.1664 -1.2243 -2.2293 -1.1905 0.4208 -0.0812 0.8808 0.3632 0.1222 -0.3623 0.4159 
26.3576 -0.9408 -2.8457 -0.8680 -0.2058 -1.4072 -0.3307 1.1116 0.0484 -0.8972 -0.1643 -0.4806 0.1437 
24.4740 -1.6487 -1.4718 -0.0217 0.7555 -0.7967 0.2400 0.6110 0.0584 -0.6368 0.3225 -0.2977 -0.2165 
25.1706 -0.1848 -1.4118 -0.1595 -0.9310 -0.6179 -0.0578 -0.0805 -0.0244 -0.7174 -0.8505 0.2392 0.2300 
24.3836 -1.5919 -1.7297 -1.0574 -0.6360 -1.2536 -0.0196 -0.6899 -0.3896 -0.3948 0.3049 -0.3185 0.5870 
22.5297 -1.9601 -1.5601 -0.2699 0.0312 -0.1525 -0.9347 -0.2679 -0.4985 -1.2490 -0.5431 -0.3689 0.5640 
23.4771 0.0787 -1.3284 -0.9868 0.0815 -0.5350 -1.0050 -0.8188 -0.4008 -0.2151 -0.0316 0.0453 -0.3182 
22.5154 -0.9077 -1.7972 -0.2131 -1.1491 -0.7560 -0.0733 0.3699 0.2941 -0.5996 -0.4139 -0.2769 0.5233 
25.4514 -1.1677 -1.4063 -2.1147 -0.8904 -1.9691 -0.4871 0.5333 -0.0042 -0.4482 -0.2274 -0.0497 0.1375 
25.9022 -1.3830 -0.6770 -1.8107 -0.9257 -1.5496 -0.3969 0.1961 -0.7529 -0.9977 -0.6507 -0.1645 -0.2007 
25.1816 -0.1505 1.9793 -1.6781 -0.9194 -0.7783 0.1089 0.1630 -0.0001 -1.1413 -0.4539 -0.2379 0.0274 
21.5653 -0.9501 0.8768 -0.6346 -1.2432 -0.7384 -0.4929 -0.7100 0.0860 -0.7348 -0.5518 -0.1906 0.3091 
22.9325 -1.4111 -0.9619 -1.8165 -0.5149 -0.4758 0.1367 -0.0184 -0.1051 -0.0445 -0.6116 -0.0571 0.2543 
21.7192 -0.3055 -0.5561 -1.9418 -1.8669 -2.3654 -0.1372 0.3781 0.2424 0.1942 -0.0453 0.0275 0.4367 
22.0766 -2.5398 0.3801 -2.1325 -1.8231 -0.4554 0.3858 -0.1188 0.1081 -0.5817 -0.6321 -0.5464 0.5554 
24.5915 -0.2163 -0.2408 -1.8679 -0.7292 -0.1007 -0.4655 -0.5194 0.5402 -0.6314 0.0053 -0.2060 -0.0401 
24.4575 -0.7530 -1.8330 -1.3649 -0.3873 -1.2381 -1.1465 -1.3673 -0.1970 0.5807 -0.4637 -0.7297 0.3302 
24.7917 0.9698 -2.0008 -1.1052 -0.2203 -1.1760 -0.9107 -0.3777 0.4238 -0.1499 0.0875 -0.3567 0.2337 
23.6511 -0.3788 -1.2561 -1.2743 -0.0100 -0.5069 -0.7628 -0.7765 -0.3695 -0.1847 0.3740 -0.4473 0.3778 
17.7777 0.1137 -0.6204 -1.8452 0.0268 -0.6187 0.0932 -0.4025 0.0061 0.0996 0.0271 0.0125 0.0805 
4.7282 -2.6906 -0.4605 -1.3616 0.1960 -0.5176 -0.3691 -0.7107 0.1338 0.0122 -0.0366 -0.3434 0.0828 
-7.5542 -4.8567 -0.2183 -1.1768 0.6516 0.3412 -0.0221 -1.0130 -0.3367 -0.7093 -0.5461 -0.6611 0.2786 
-18.2895 -5.7315 0.6113 -1.6267 0.3900 0.7226 0.3466 -0.9015 -0.0951 -0.1514 -0.3940 -0.3983 0.3219 
-28.8303 -6.8365 1.1997 -2.0355 0.0731 0.7735 0.6117 -0.8169 -0.1584 0.2795 -0.2925 -0.3625 0.2890 
-39.0597 -8.0695 1.5428 -2.1759 -0.0657 0.5505 0.8172 -0.5322 -0.4328 0.4908 0.0115 -0.3970 0.1587 
-49.1276 -9.3241 1.7989 -2.2696 -0.0403 0.3261 0.8472 -0.1598 -0.5260 0.6168 0.3443 -0.2638 0.2620 
-59.3670 -10.9443 1.7610 -2.5545 -0.0416 0.1414 0.8790 0.4210 -0.2415 0.9861 1.0695 0.3438 0.9135 
-68.7989 -11.6241 2.6627 -2.0105 0.4921 0.2320 0.7333 0.4123 -0.7170 0.1536 0.5322 -0.1462 0.6252 
-78.5467 -12.8442 3.1585 -1.7654 0.7885 0.2568 0.6389 0.5102 -0.8321 -0.3765 0.3214 -0.2553 0.5785 
-88.4248 -14.5348 3.0723 -2.1891 0.2026 -0.3823 0.0895 0.2456 -0.7390 -0.6001 0.2682 -0.4385 -0.2351 
-95.2194 -12.2711 6.0716 -0.6739 0.5503 -0.6127 -0.3581 -0.1162 -0.4800 -0.3113 1.0430 0.3682 -0.1583 
-97.6566 -7.9518 5.4775 -2.4873 0.7265 0.1747 -0.2638 -0.4266 -0.1041 -0.3584 0.1062 -0.4436 0.1977 
-99.7162 -4.9835 3.7741 -2.8865 0.8797 0.2013 1.0377 -0.1001 -0.0738 0.3907 -0.0655 -1.1188 0.3523 
-99.5806 -2.8891 1.5614 -0.4284 1.4183 -1.1313 0.6879 0.3069 0.2192 -0.8595 -0.1060 0.3528 1.5757 
-97.7409 -0.2752 0.4731 0.5062 0.4711 -0.3268 0.9457 -0.2931 -0.8812 -1.0327 -0.1089 0.7078 0.3756 
-96.1206 0.3605 0.6332 -0.8634 -0.5050 1.1559 -0.6698 -0.5198 0.2883 0.1324 -0.6627 1.1516 0.6191 
-92.2154 -0.7478 0.0489 0.0698 -0.1191 -0.8338 -0.3016 -0.4258 -0.4033 0.2145 0.1936 0.6559 0.3316 
-90.6777 -1.3484 0.0663 0.0247 -0.1279 -0.2473 0.5103 0.2129 -0.4071 -0.2214 -0.3108 0.4829 0.7892 
-88.0604 -0.3738 -0.1343 -0.3649 0.3001 -0.2814 -0.3402 -0.6742 -0.5588 0.2765 -0.1863 -0.5515 -0.1570 
-86.5479 0.2745 0.5701 0.3682 -0.0325 -0.4364 -0.1198 0.0226 -0.0245 -0.6223 -0.4912 0.4001 0.2049 
-83.4993 -0.2737 0.4905 1.0701 0.5491 -1.0287 -0.8255 0.0598 0.2804 0.7649 0.3060 -0.0055 0.5344 
-79.7033 0.0422 0.2344 0.1838 -0.1589 -0.7820 0.3229 -0.1394 -0.2678 0.4839 -0.2897 0.3713 0.7429 
-77.9970 -0.9751 -0.0020 0.5712 -0.8077 -0.7290 -0.4617 -0.3191 -1.0185 -0.1690 -0.3061 0.2653 -0.0714 
-74.7828 -0.3011 -0.2828 0.7692 0.5525 -0.4112 -0.0627 -0.5063 0.8523 -0.4270 0.2617 0.2850 0.6578 
-72.6736 -0.5271 0.0918 -0.2340 -0.1476 -0.5387 -0.8997 -0.1801 -0.7505 -0.1463 0.0979 0.5552 -0.1911 
-71.2505 -0.2151 -0.2198 -0.9261 0.1228 -0.2850 0.5086 -0.7822 -1.0652 0.1577 0.0618 -1.1163 0.3001 
-68.9466 -0.3434 -0.0229 0.2032 -0.5467 -0.0933 0.0192 0.2357 -0.1697 -1.1638 -0.1063 0.0068 -0.7445 
-65.7055 -0.5052 -0.4056 -0.0921 -0.2227 -1.1751 0.5567 -0.3184 -0.4019 -0.3466 0.0851 0.1401 -0.0971 
-63.2640 -0.7373 0.3509 1.3388 1.2653 -0.1189 0.6137 -0.5075 -0.5475 -0.8976 -0.8566 -0.4057 0.3796 
-60.9760 -0.7397 0.3451 0.5999 -0.1795 -0.9956 0.6630 0.3989 -0.0375 0.5654 -0.0062 0.0484 -0.1051 
-58.1178 -0.7601 -0.5160 0.0497 0.0071 -0.5114 0.5659 0.4478 0.6373 -0.0673 1.2565 0.2376 -0.1877 
-55.1895 0.5133 -0.5705 1.0989 -0.1176 0.6188 -0.1424 -0.0329 -0.2398 0.6639 0.3235 0.5302 0.1759 
-52.3004 -0.3071 -0.4574 -0.2572 0.1674 -0.8222 -0.2209 0.1036 -0.4483 -0.1054 0.1894 -0.2478 -0.0599 
-50.9794 0.5921 1.6695 -1.0220 -0.4596 0.0623 0.2412 0.6535 1.2641 -0.6306 0.6323 0.3072 -0.4718 
-47.3121 -0.6801 -0.1708 0.0018 -0.0828 -0.0023 0.2244 -0.3348 0.0929 0.4712 0.4957 0.3530 0.5487 
-45.3027 0.3078 0.1914 -0.2628 0.4390 -0.0021 -0.2541 -0.1674 1.0289 -0.1405 -0.1875 0.4499 -0.2463 
-43.2359 -0.8548 1.2095 0.8238 0.0267 -0.1161 0.4526 -0.6835 -0.6583 -0.2100 0.1270 -0.0742 0.6591 
-39.6311 -0.3686 0.1246 -0.3066 -0.0646 -0.0595 0.2956 0.1446 0.6936 -1.1850 -0.3258 -0.0475 -0.2013 
nan nan nan nan nan nan nan nan nan nan nan nan nan 
-34.6468 0.0323 0.2751 -0.2708 -0.3016 -0.6002 0.2020 -0.4653 -0.1245 -0.0135 -0.4852 0.3706 0.0384 
-31.9145 -1.1253 0.5154 0.5347 0.2144 0.8506 0.8159 -0.1169 -0.9683 -0.6927 -0.1865 -0.3866 0.3060 
-29.9622 0.1093 0.9966 0.0745 -0.5292 -1.1805 -0.0268 0.0696 0.4934 0.1318 0.4183 0.3436 -0.0583 
-26.0834 -0.4771 -0.0987 0.8878 -0.4438 0.0927 -0.2187 0.4014 -0.9741 -0.3107 0.0907 -0.0815 -0.1768 
-25.1887 -0.4557 0.6443 -0.6890 -0.1177 0.3363 -0.2484 -0.0551 0.8865 0.1350 0.1353 -0.2688 0.6909 
nan nan nan nan nan nan nan nan nan nan nan nan nan 
-19.3840 -0.6369 0.1801 -0.1899 0.5411 -1.3748 -0.8514 0.2617 0.1105 0.0646 0.2129 -0.5282 -0.1284 
-16.1097 0.4109 -0.2287 -0.2834 0.2167 0.6742 0.2332 0.4555 0.3032 0.4253 -0.0463 0.1100 0.1147 
nan nan nan nan nan nan nan nan nan nan nan nan nan 
-10.9809 0.9199 -0.0878 0.2279 0.6455 0.6694 0.3727 -0.5103 -0.3624 -1.1607 -0.3436 -0.4603 1.2432 
-8.0525 0.5339 0.6417 -0.3199 -0.4377 -0.6696 0.7282 0.5517 -0.0441 0.3853 -0.0917 0.4278 0.0568 
nan nan nan nan nan nan nan nan nan nan nan nan nan 
nan nan nan nan nan nan nan nan nan nan nan nan nan 
-0.1183 -0.3208 0.3825 1.2479 0.0109 -0.4251 0.9626 -0.1249 0.3191 -0.8447 -0.5028 -0.2355 0.4979 
2.9658 -0.7961 -0.6116 0.3770 -0.7049 0.0430 0.4745 0.1677 -0.1365 0.1412 -0.4818 -0.2121 0.3556 
4.0682 -0.6918 -0.3395 0.1852 -0.2311 -0.2561 -0.2387 -0.4214 -1.0074 -0.0676 -0.2582 0.0137 -0.2675 
6.4194 -0.3480 0.4719 0.1855 0.3480 -0.6578 -0.8530 0.8034 -0.0534 0.5489 0.0600 -0.0234 0.2902 
9.9018 -0.2601 0.5635 0.8081 -0.1851 -0.6795 0.5349 1.2502 0.8387 0.2774 -0.7027 -0.1222 0.4826 
12.1308 -0.8150 -0.5778 -0.4432 1.1880 -1.0476 0.9938 0.6178 -0.1106 1.1478 -0.4911 0.0492 -0.0764 
14.9641 -0.0616 -0.3759 -0.6605 0.0464 -0.6629 0.0931 -0.9826 0.3979 -0.1510 -0.4093 -0.2360 -0.2550 
nan nan nan nan nan nan nan nan nan nan nan nan nan 
18.7973 0.5155 -0.2618 2.2032 -0.8664 -0.7659 0.0069 1.3969 1.3316 0.2738 -1.0388 -0.4584 0.6133 
23.6372 0.1208 0.4548 -0.2942 0.3907 -0.3250 0.1371 0.1664 -0.0955 -0.0625 -0.0857 0.4853 0.1238 
24.6897 -1.1027 -0.0016 1.5744 -0.2363 -0.9484 -1.4721 -0.4251 0.4989 0.8344 -0.9337 -0.2598 0.5417 
26.3672 -0.9204 0.1732 0.6804 0.1757 0.6680 -1.1595 -0.9798 0.6651 0.5984 -0.3740 -0.5567 0.0772 
30.7238 -0.7037 -0.2925 -0.4975 -0.3033 -0.4187 -0.0238 -0.9362 -0.3571 -0.7127 -0.2692 -0.2297 -0.1570 
32.2154 1.4407 -0.6759 0.6231 -1.0238 1.3728 -0.8710 0.2179 -0.1560 0.2701 -0.0461 0.5591 -0.8861 
nan nan nan nan nan nan nan nan nan nan nan nan nan 
39.2090 -1.2546 -1.0398 -0.4261 0.6559 -0.0871 -0.2779 -0.0357 0.2806 0.6430 0.0953 0.1050 0.0911 
nan nan nan nan nan nan nan nan nan nan nan nan nan 
nan nan nan nan nan nan nan nan nan nan nan nan nan 
nan nan nan nan nan nan nan nan nan nan nan nan nan 
49.1099 -0.5541 -0.3600 0.0654 -0.5289 0.0611 0.2853 0.1987 1.5018 0.0441 0.4174 0.1459 0.8451 
nan nan nan nan nan nan nan nan nan nan nan nan nan 
