20.4365 12.0617 -7.8145 -2.5557 3.8647 -2.3979 -2.7193 2.8378 0.7378 -1.7919 1.4666 1.4684 -1.2533 
20.0513 12.1789 -7.2801 -2.8151 3.6116 -1.5644 -2.0573 2.1920 -0.2008 -2.4198 0.3582 0.1179 -1.7422 
21.2854 13.9295 -5.9941 -2.5937 3.2186 -1.7481 -2.1357 1.8452 -0.5092 -2.4296 0.4077 0.2156 -1.5098 
21.1630 13.7020 -6.4410 -3.0731 3.1852 -1.5966 -2.3185 1.6841 -0.3923 -2.5654 0.0250 0.1044 -1.5999 
20.8168 12.9158 -7.3372 -3.4407 3.0450 -1.9322 -2.4888 1.8833 -0.0314 -1.9964 0.7183 0.4932 -1.5168 
21.4107 13.3252 -7.2096 -2.8430 3.8126 -1.3833 -2.0032 1.9855 -0.4372 -2.1725 0.8305 0.3166 -1.5744 
22.1267 14.1266 -7.0503 -3.3694 3.1703 -1.6937 -2.0263 2.1900 -0.0644 -1.9250 0.8133 0.2366 -1.5546 
22.5416 14.4942 -6.8393 -3.0378 3.3074 -1.8943 -2.2036 1.9438 -0.6928 -2.6156 0.3978 -0.1045 -1.9657 
22.5128 14.6243 -6.3531 -2.3889 3.6984 -1.8914 -2.2406 2.1890 -0.2817 -2.3418 0.3927 -0.3223 -2.1547 
22.1659 14.0018 -7.2823 -3.4415 2.9931 -2.1101 -2.3096 2.0213 -0.4644 -2.3155 0.8199 0.3765 -1.5982 
23.0451 14.8275 -7.4181 -3.9971 3.0387 -1.7883 -2.4583 2.0241 0.0143 -2.3849 0.1928 0.3299 -1.2350 
22.7879 14.7289 -6.7614 -2.8230 3.8131 -1.4680 -2.0259 2.3104 -0.0598 -2.1699 0.7439 0.5278 -1.3883 
22.2964 14.2384 -6.8536 -2.8199 3.4651 -2.1062 -2.5852 1.9327 -0.2728 -2.2316 0.5355 -0.0152 -1.7994 
21.8819 13.5909 -7.6847 -3.8794 2.3800 -2.8825 -3.0468 1.5215 -0.5810 -2.1970 0.7494 0.0733 -1.8434 
23.3341 14.8123 -7.7237 -3.8151 3.3911 -1.9063 -2.9288 1.4164 -0.4737 -2.2833 0.5746 0.1982 -1.6757 
22.8287 14.5912 -7.1712 -3.3620 3.0996 -2.2507 -2.5755 2.0702 0.0298 -1.7987 0.8057 -0.2201 -2.4942 
22.9053 14.6707 -7.5552 -4.4661 1.9662 -3.0410 -3.5494 0.7627 -1.2861 -3.0605 -0.1528 -0.5359 -2.5822 
23.5459 15.1326 -7.1843 -3.1998 3.4520 -2.1757 -2.6668 2.0193 -0.1992 -2.1046 0.9234 0.2829 -2.0809 
23.6650 15.1403 -7.4164 -3.3498 3.6690 -1.8087 -2.6046 1.7611 -0.3230 -1.8707 1.1908 0.3243 -1.9000 
23.5347 15.2902 -6.8751 -3.1051 3.3456 -2.1605 -2.5627 1.9764 -0.1884 -1.6587 1.5943 0.5559 -2.2625 
24.0541 15.6694 -7.1518 -3.6055 3.1674 -2.0708 -2.6207 1.6508 -0.6152 -2.0609 1.3526 0.6736 -1.7979 
23.5967 15.2642 -7.0321 -3.0288 3.7862 -1.9668 -2.9728 1.5213 -0.5389 -2.5646 0.3656 0.1940 -1.6096 
24.0907 15.6494 -7.0127 -2.9969 3.7789 -1.9635 -2.5361 2.1938 -0.3248 -2.8005 0.2427 0.3788 -1.3259 
23.0716 15.0495 -6.5194 -2.7143 3.4910 -2.0544 -2.2021 2.7185 0.4834 -1.8202 0.7930 0.1709 -2.0751 
23.0760 14.8336 -7.0820 -3.2946 3.0303 -2.7766 -3.3883 1.4867 -0.4207 -2.4756 0.3475 0.0849 -1.8804 
24.1134 15.4947 -7.3728 -3.2129 3.8224 -1.8801 -2.6897 1.7682 -0.5734 -2.4350 0.8146 0.3607 -1.9357 
24.9235 16.3851 -6.8466 -2.9311 3.7924 -1.8733 -2.2334 2.1928 -0.6579 -2.6988 0.4548 -0.3075 -2.4358 
24.1877 15.6351 -7.1679 -3.1078 3.6022 -2.2100 -2.6046 2.3349 0.0484 -2.0583 0.8480 0.0266 -2.3172 
23.9049 15.4517 -7.0668 -2.9521 3.8613 -1.7852 -2.2555 2.4196 -0.2193 -2.7655 0.1283 0.0807 -1.5684 
23.7020 15.0303 -7.6581 -3.5939 3.1985 -2.2502 -2.3571 2.3220 -0.5148 -2.9000 0.0138 -0.7229 -2.8571 
23.7599 15.3486 -7.2608 -3.5782 3.1850 -1.9962 -2.3200 2.0313 -0.6087 -2.7075 0.2756 -0.2967 -2.3113 
23.2803 14.8119 -7.3296 -3.0213 3.9728 -1.6940 -2.7752 1.3135 -0.8751 -2.3728 0.7327 -0.0300 -1.9940 
24.0457 15.5752 -7.3276 -3.6318 3.3978 -1.7426 -2.2007 2.3308 -0.0090 -2.2191 0.5312 0.0877 -1.8257 
24.2260 15.7436 -7.3388 -3.9297 2.7480 -2.3845 -2.4944 2.0267 -0.6736 -2.8465 0.2687 -0.1083 -2.1140 
24.3850 15.5245 -7.5202 -2.9308 4.0892 -1.8425 -2.1068 2.8400 0.1339 -1.9815 1.3930 0.7011 -1.6734 
24.0553 15.1951 -7.7834 -3.3260 3.6658 -2.4525 -3.0490 2.1783 0.0041 -2.4026 0.5436 0.4522 -1.1541 
23.7869 15.1967 -7.4388 -3.4753 3.0712 -2.6055 -2.8807 1.8071 -0.4969 -2.0203 1.1886 -0.0509 -2.6817 
23.9931 15.3928 -7.4144 -3.3181 3.7155 -1.8734 -2.7726 1.3576 -1.1135 -2.8557 0.4127 0.0299 -1.8967 
28.6803 15.4678 -13.0260 -3.6507 5.5464 -4.1057 -3.4381 4.2712 -0.8888 -4.6326 0.8841 0.4308 -2.7161 
26.8526 15.0394 -11.2315 -2.8683 5.6915 -3.5114 -3.7810 3.5980 -0.0653 -3.9456 0.0062 -0.0166 -2.2988 
26.2227 15.6769 -9.2406 -2.4378 4.7331 -3.8134 -3.5333 3.6289 0.1600 -3.2644 0.8750 0.6949 -2.1974 
25.1736 15.6081 -8.2633 -2.8412 4.2686 -2.4511 -2.3257 3.1180 -0.3686 -2.8569 1.1453 0.5177 -2.2311 
24.5853 15.2636 -8.2779 -3.2717 3.9167 -2.5185 -2.9463 2.2532 -0.4090 -2.5302 0.9771 0.3135 -2.0712 
24.2912 15.4470 -7.6088 -3.1216 3.9210 -2.0624 -2.5720 2.4487 0.2161 -1.6634 1.6832 1.1307 -1.2225 
23.9324 15.5897 -7.0833 -3.4330 3.4152 -1.8637 -2.4659 1.9410 -0.3344 -2.1783 1.1060 0.9349 -1.1897 
25.6579 15.3144 -8.9637 -2.0497 5.0829 -3.3768 -3.5055 2.6947 -1.0985 -3.7002 1.1093 0.5504 -2.6431 
26.2566 15.9457 -8.8483 -2.3020 4.9013 -3.3600 -3.2967 3.2825 -0.4308 -3.7351 0.4300 0.0572 -2.8071 
24.9148 15.6307 -8.0203 -3.0408 3.9039 -2.8772 -3.0565 2.8223 0.1417 -2.6210 0.9450 0.9523 -1.4769 
24.5534 15.5820 -7.8294 -3.3735 3.8196 -2.1432 -2.7616 2.0072 -0.6944 -2.8957 0.7049 0.6545 -1.4928 
24.3484 15.6266 -7.4331 -3.2377 3.6015 -2.4052 -3.0835 1.6700 -0.6528 -2.5316 0.7911 0.3933 -1.5738 
23.7604 14.8887 -8.1200 -3.9030 3.3266 -2.1742 -2.7366 1.9333 -0.5033 -2.7079 0.4236 0.2886 -1.6151 
24.1605 15.9022 -6.6586 -2.9542 3.4990 -2.0920 -2.3325 2.3635 -0.3986 -2.8563 0.2148 -0.1303 -2.3338 
24.6540 15.8829 -7.6061 -3.5532 3.8337 -1.6870 -2.6852 1.5970 -0.6656 -2.3753 0.9672 0.6395 -1.5423 
26.2584 16.6974 -8.7689 -4.5116 3.9779 -1.3761 -2.6425 1.6716 -0.4969 -2.3559 0.5701 0.0209 -1.7551 
26.3810 16.8483 -8.1994 -3.0396 5.5129 -0.9342 -2.6658 2.5610 0.9879 -1.4440 0.9507 0.2939 -1.8954 
28.6183 16.6811 -11.7788 -4.3758 6.6642 -0.1737 -2.2672 2.4777 -0.0809 -1.6865 1.9278 0.5202 -1.9404 
26.1735 16.0096 -9.6080 -3.8784 5.6896 -0.3882 -2.4838 2.2132 0.5279 -1.6738 0.7822 0.2232 -1.4556 
25.0441 15.8876 -7.9847 -3.1545 4.7922 -1.1777 -2.5116 2.1168 0.1200 -2.1019 0.0917 -0.8972 -2.2794 
25.1512 15.4805 -8.9285 -3.7927 4.1498 -2.2112 -3.0034 2.5959 0.5387 -2.0511 0.7895 0.4581 -1.7812 
24.0704 14.5321 -9.1584 -4.0111 3.9890 -2.1925 -3.3467 1.8178 -0.2210 -2.8254 -0.0474 -0.0843 -2.1152 
24.4211 15.5568 -7.6297 -3.0292 4.3712 -1.6171 -2.6382 1.9408 -0.6163 -2.9179 0.4020 0.2019 -2.4322 
23.7321 15.0849 -7.5261 -3.1821 3.8850 -1.8490 -2.4769 2.3370 -0.1028 -2.6344 0.2872 0.2284 -1.7108 
24.4052 15.7359 -7.3208 -3.2086 3.5647 -2.3760 -2.8283 2.1504 -0.2866 -2.6231 0.3765 -0.0647 -2.1152 
26.9805 15.8478 -10.5904 -3.6214 5.3591 -2.6152 -3.6018 3.0483 0.2670 -2.9827 0.9482 0.6770 -2.8629 
27.6670 15.7138 -11.1404 -2.4579 6.3667 -3.6751 -4.3158 4.0115 0.5199 -3.8154 1.3515 2.2000 -1.9935 
27.4496 16.7530 -9.1530 -2.0607 6.0228 -3.0368 -3.8064 3.7212 0.4886 -3.8814 0.5846 1.8167 -1.5411 
24.9189 15.1883 -8.7148 -2.8192 4.9455 -2.1922 -2.9710 2.7251 -0.4111 -3.8022 -0.1951 0.0719 -2.5202 
24.1579 14.9754 -8.2626 -3.3937 3.8088 -2.4199 -2.7411 2.7171 0.1499 -2.4931 0.8307 0.7183 -1.8488 
24.8250 16.1167 -7.1944 -3.0847 3.6328 -2.3979 -2.6373 2.7250 0.5237 -1.8116 0.9326 0.1579 -2.0590 
24.9054 15.8690 -8.0587 -3.8034 4.0913 -1.0297 -1.8747 2.0906 -0.7142 -2.6187 0.7453 0.2919 -1.9163 
35.7540 23.7978 -9.8171 -4.4716 7.2880 0.6477 -3.0185 -0.1942 -2.8534 -2.6805 2.1393 0.3337 -2.5048 
42.7103 28.9426 -11.4704 -6.8786 6.4390 -0.8515 -4.9522 -1.0116 -3.1372 -3.4062 1.0275 -0.7163 -2.8891 
44.7316 30.5399 -11.8482 -7.5200 6.7166 -0.1833 -4.4253 -0.4605 -2.5763 -3.0027 1.4036 -0.3689 -2.7184 
43.6916 29.4222 -12.3176 -7.5344 7.0417 0.3880 -3.9604 -0.3472 -2.6202 -2.9593 1.3572 -0.9350 -3.8838 
42.6149 27.9452 -13.2129 -7.6548 6.6554 -0.6589 -4.8392 -1.1434 -4.0471 -4.4314 0.5147 -1.8193 -5.1323 
43.1791 29.2031 -11.6902 -6.9640 6.6766 -0.3483 -4.3045 -0.9490 -3.9245 -3.7881 1.5548 -0.9153 -4.3784 
43.3467 29.1261 -11.7647 -6.4226 7.0886 -0.4541 -4.0002 -0.2799 -3.9174 -4.1407 1.6650 -0.7652 -4.5839 
43.1373 29.3075 -11.2208 -6.4135 6.7456 -0.6493 -4.3313 -0.7727 -4.1380 -4.2371 1.4271 -0.8112 -4.2926 
42.8634 29.1567 -10.5966 -5.0842 7.8117 -0.2085 -3.8882 -0.1629 -3.7320 -4.0450 1.4039 -1.1322 -4.3891 
42.2074 28.4157 -10.9258 -5.1955 7.3836 -1.1950 -5.0038 -0.9611 -4.4253 -4.9252 0.7247 -1.1940 -4.2830 
41.5663 28.3389 -9.8590 -4.1125 8.2143 -0.0545 -3.7553 -0.0922 -3.6461 -4.0155 1.2261 -1.3202 -4.3769 
41.0833 27.9810 -9.6465 -3.7786 8.1607 -0.3957 -3.9602 -0.0786 -3.6153 -4.0148 1.2901 -1.1507 -4.1105 
39.3083 26.6660 -9.6346 -4.1141 7.7086 -0.4017 -4.6202 -1.4410 -4.2100 -3.9203 0.9996 -1.5134 -4.0724 
39.5113 26.5816 -9.3186 -2.4699 8.6938 -1.3379 -5.0182 -0.0300 -3.3883 -4.5407 1.0955 -0.4742 -4.0360 
39.3869 26.0989 -10.0583 -2.8660 8.6182 -1.4853 -5.2792 -0.3727 -3.7839 -4.6798 1.3148 -0.3749 -4.3865 
37.7965 25.1963 -9.1684 -2.0224 8.9656 -0.9437 -4.6949 0.0574 -3.3144 -4.5111 1.0507 -0.3584 -3.9085 
37.5592 24.9340 -9.7474 -3.3109 7.8789 -0.8626 -4.0514 0.4679 -2.6852 -3.4371 1.6895 -0.2937 -3.3774 
34.6024 21.9379 -10.2082 -2.3273 8.1260 -1.6666 -4.9134 -0.7167 -4.7856 -5.5899 0.3529 -1.1173 -4.0820 
33.8578 21.7485 -9.2457 -1.6067 8.0959 -1.6423 -4.6338 -0.5979 -4.3970 -4.3504 1.7531 -0.4165 -3.7026 
31.9963 20.9246 -8.2242 -1.6685 7.2495 -1.5587 -4.3774 -0.8216 -4.3626 -4.3777 1.1301 -0.8624 -3.8529 
31.0216 20.7189 -7.5207 -2.0925 6.4499 -1.4041 -4.2286 -1.1269 -4.2479 -4.0911 1.0613 -0.7299 -3.4338 
30.4082 20.6120 -7.1050 -2.4135 6.2311 -0.5171 -3.1848 -0.5288 -3.5850 -3.5547 1.0688 -0.9008 -3.6094 
29.5337 20.1452 -6.7554 -2.4735 5.7728 -0.7763 -3.4313 -0.8113 -3.6516 -3.6229 0.9747 -0.7548 -3.6261 
28.4438 19.8598 -5.8966 -2.5130 5.2618 -0.7928 -3.7116 -1.1610 -3.1563 -3.2973 0.3032 -1.2701 -3.6481 
27.8501 19.3153 -5.9003 -2.3214 5.1407 -1.2082 -3.7215 -0.4594 -2.5424 -3.2831 0.4551 -0.5338 -2.9687 
29.3125 19.4527 -7.9461 -3.3792 5.3838 -1.2277 -3.2409 1.1620 -1.7189 -4.1328 -0.2548 -0.2145 -2.7537 
38.7220 23.8167 -13.3086 -4.9770 6.5141 -3.7415 -4.3122 3.6396 -1.3966 -4.9809 1.2801 0.5419 -3.8764 
38.4210 22.5207 -14.6945 -4.2708 7.8317 -4.2650 -5.4895 3.5017 -1.4754 -5.5901 1.2953 1.2323 -3.5543 
35.7034 20.1064 -14.4488 -2.8904 8.4941 -4.1834 -5.0365 4.0610 -1.5925 -6.2394 0.7441 1.1111 -3.2704 
34.6335 19.1682 -15.0840 -4.0906 7.7805 -3.7430 -4.9585 3.1281 -2.3800 -6.6092 0.3048 1.0015 -2.9006 
33.9767 19.0927 -14.4552 -4.1691 7.6392 -2.8560 -3.8661 3.7068 -1.8581 -6.2529 0.0654 0.6076 -3.0597 
32.5839 18.5873 -13.2755 -3.7020 7.0449 -3.2152 -3.9002 3.7956 -1.1838 -5.1633 0.9247 1.1541 -2.7410 
31.7852 18.6125 -12.3922 -4.1681 5.7293 -3.8876 -4.3251 3.3564 -1.3394 -5.9745 -0.8706 0.0429 -2.4924 
29.8588 17.5110 -11.4340 -3.5225 5.5416 -3.9432 -4.4354 2.9226 -1.5063 -5.6876 -0.3947 0.5402 -2.3225 
28.2875 16.8335 -10.3962 -3.1643 5.2320 -3.7039 -4.2557 2.6383 -1.3110 -4.9597 0.0610 0.6040 -2.5407 
27.1152 16.6183 -9.1798 -2.9582 4.6607 -3.4857 -3.7739 2.6743 -1.0664 -4.3648 0.5456 1.1533 -1.8120 
26.7576 16.8160 -8.4973 -2.9787 4.5012 -3.2902 -4.1127 2.1791 -0.4227 -3.3229 0.6675 0.8145 -2.1528 
26.1688 16.5892 -8.2724 -3.2770 4.4062 -2.2690 -2.9723 2.4443 -0.5447 -3.4778 0.1293 0.0784 -2.4423 
25.1832 15.8414 -8.3763 -3.7882 3.6970 -2.4858 -3.2085 1.7224 -1.1816 -3.8264 -0.3874 -0.4676 -2.6380 
24.2215 15.2049 -8.0412 -3.4973 3.7154 -2.1674 -2.5131 2.5961 -0.1262 -2.7720 0.5230 0.4671 -1.9592 
25.1344 16.3246 -7.3639 -3.1902 4.0020 -1.9067 -2.6318 2.1714 -0.3685 -2.7514 0.3988 0.0711 -2.1907 
26.1732 16.5496 -8.8513 -4.4147 4.0009 -1.6410 -2.7710 2.0271 -0.1167 -2.2534 0.7010 -0.0952 -2.6280 
26.3823 16.9707 -8.2062 -3.6325 4.6873 -1.4836 -3.2392 1.6480 0.2414 -1.5363 1.0687 -0.0390 -2.4001 
24.3037 15.4116 -7.5054 -2.6498 4.2247 -2.6033 -3.4617 2.2839 0.6531 -1.7949 0.5647 -0.2414 -2.1937 
23.8520 15.1957 -7.5539 -3.2623 3.9619 -1.6793 -2.6237 1.7914 -0.5287 -2.6734 0.2169 -0.0543 -1.7442 
24.0743 15.3244 -7.6121 -3.4124 3.4005 -2.5631 -3.2078 1.6170 -0.5184 -2.4193 0.5288 -0.0307 -1.7574 
24.3048 15.4349 -7.6509 -2.9706 4.3910 -1.7278 -2.7513 2.0800 -0.1590 -2.3657 0.7054 0.1725 -2.3039 
23.6263 15.1243 -7.3741 -3.3145 3.5824 -2.0400 -2.6445 2.3116 0.4839 -1.6024 0.9203 0.2774 -1.5081 
23.5869 14.6666 -8.3694 -4.4383 2.4392 -2.9366 -3.1065 1.6120 -0.7997 -2.7346 0.1434 -0.7523 -2.7289 
23.9839 15.3463 -7.5765 -3.4500 3.9457 -1.2787 -1.8155 2.9889 0.8280 -1.6978 0.5550 -0.1604 -2.1420 
23.9516 15.6822 -6.7371 -2.8626 3.8374 -1.6536 -2.1401 2.4115 0.0142 -2.1251 0.6994 0.0943 -1.9373 
23.9696 15.4918 -7.2395 -3.2709 3.8196 -1.5136 -2.2085 2.0515 -0.4308 -2.1808 1.3535 0.9839 -1.5454 
23.8791 15.3782 -7.2589 -3.3930 3.1296 -2.5597 -2.8326 1.9747 -0.4888 -2.5593 0.6603 0.2665 -1.9197 
23.8009 15.4410 -7.0306 -3.2538 3.2943 -2.2359 -2.6566 1.8005 -0.7354 -2.6713 0.4802 -0.1998 -2.5878 
22.9341 15.0066 -6.6271 -3.2915 2.7948 -2.6528 -3.3131 0.9345 -1.1020 -2.6114 0.3896 -0.3408 -2.4440 
23.3923 15.2277 -6.6926 -2.9178 3.2596 -2.3708 -2.5531 2.1022 -0.4303 -2.4782 0.5594 0.0020 -1.9173 
24.1984 16.1900 -6.0383 -2.5215 3.2998 -2.6488 -2.7338 2.2574 -0.2388 -2.5512 0.3534 -0.0893 -1.8763 
24.1463 16.0012 -6.5458 -3.0414 3.5082 -1.8612 -2.3669 2.0499 -0.2348 -2.0439 0.9231 0.0738 -2.2396 
23.7495 15.5442 -6.6589 -2.7976 3.6890 -2.0565 -2.6983 1.9531 -0.1601 -2.1460 0.6903 0.2805 -1.4485 
23.1720 15.0330 -6.8689 -3.1990 3.2647 -2.0385 -2.4755 1.9059 -0.3462 -2.0872 0.9445 0.3210 -1.8624 
23.4487 15.4962 -6.4503 -3.0531 3.3601 -1.6641 -2.0226 1.9956 -0.6755 -2.5613 0.5031 -0.0337 -1.9593 
23.3485 15.4212 -6.4611 -3.0841 3.3120 -1.7859 -2.2571 1.8267 -0.6993 -2.6347 0.2924 -0.3378 -2.4060 
23.2910 15.1099 -6.9905 -3.4514 3.0049 -2.3533 -2.9444 1.4282 -0.6472 -2.3541 0.5407 -0.0222 -1.9851 
22.9530 14.8775 -6.8673 -3.3796 2.9081 -2.0968 -2.1677 1.9500 -0.9261 -2.8776 0.3853 -0.0628 -2.2601 
23.7259 15.3204 -7.2483 -3.6373 2.8982 -2.3478 -2.4350 1.9944 -0.9720 -3.3437 -0.2545 -0.5434 -2.2909 
24.3077 16.0014 -6.6946 -2.9286 3.6311 -2.1495 -2.8738 1.6067 -0.7735 -2.8810 0.0581 -0.2461 -2.0825 
23.5246 15.0611 -7.2471 -3.1688 3.3984 -2.4898 -3.0493 1.7627 -0.5541 -2.8957 -0.3930 -1.3713 -3.4735 
24.2231 15.8627 -6.8732 -3.1442 3.4854 -1.9931 -2.4242 1.9490 -0.7135 -2.7889 0.2467 -0.3131 -2.2353 
24.2615 15.9034 -6.8132 -2.9822 3.5945 -2.2905 -2.9414 1.9534 -0.0410 -2.0622 0.7392 0.1085 -1.9099 
23.9668 15.6529 -6.7594 -2.8286 3.5687 -2.5029 -3.1234 1.8204 -0.4006 -2.7082 0.2178 0.0943 -1.4903 
23.2030 14.6370 -7.5994 -3.2420 3.9090 -1.6073 -2.3854 2.0599 -0.3740 -2.5975 0.4061 0.0755 -2.1776 
23.2072 14.9575 -7.0131 -3.1208 3.4456 -2.1058 -2.7032 1.8327 -0.2735 -1.9956 1.0138 0.1861 -2.2263 
24.2643 15.8850 -6.9390 -3.1935 3.6778 -1.6198 -2.2391 1.8692 -0.6970 -2.5215 0.5143 -0.0472 -1.6403 
23.4301 15.2343 -6.9541 -3.2932 3.5153 -1.4764 -1.9100 2.2660 -0.3099 -2.4203 0.4632 0.0303 -1.8489 
24.1233 15.9635 -6.6098 -3.0631 3.6247 -1.7561 -2.4553 1.8193 -0.6532 -2.7272 0.3772 0.0352 -2.1833 
24.5770 16.3221 -6.6031 -3.1037 3.4676 -2.0553 -2.6258 1.7256 -0.8452 -2.7807 0.5836 0.2230 -2.1149 
24.3101 15.7964 -6.9127 -2.5492 4.4815 -1.2683 -1.9856 2.3639 -0.3751 -2.5063 0.5775 -0.0922 -2.1271 
23.5463 14.9290 -7.6423 -3.4556 3.5879 -2.0730 -2.7081 2.3010 0.2055 -2.4592 -0.0965 -0.3346 -1.8869 
