-inf -inf -inf -inf -inf -inf -inf -inf -inf -inf -inf -inf -inf -inf -inf -inf -inf -inf -inf -inf -inf -inf -inf -inf -inf -inf -inf -inf -inf -inf 
-inf -inf -inf -inf -inf -inf -inf -inf -inf -inf -inf -inf -inf -inf -inf -inf -inf -inf -inf -inf -inf -inf -inf -inf -inf -inf -inf -inf -inf -inf 
-inf -inf -inf -inf -inf -inf -inf -inf -inf -inf -inf -inf -inf -inf -inf -inf -inf -inf -inf -inf -inf -inf -inf -inf -inf -inf -inf -inf -inf -inf 
-inf -inf -inf -inf -inf -inf -inf -inf -inf -inf -inf -inf -inf -inf -inf -inf -inf -inf -inf -inf -inf -inf -inf -inf -inf -inf -inf -inf -inf -inf 
-inf -inf -inf -inf -inf -inf -inf -inf -inf -inf -inf -inf -inf -inf -inf -inf -inf -inf -inf -inf -inf -inf -inf -inf -inf -inf -inf -inf -inf -inf 
4.1213 5.1263 4.9406 4.0210 3.7607 3.9402 4.5666 4.7524 4.6274 4.9739 5.1371 4.3402 4.4685 4.8705 5.1778 5.0973 6.1962 6.9527 5.6955 5.0917 5.2747 4.9306 4.8901 4.4379 5.5179 6.1282 7.6275 6.7864 5.3925 4.7553 
4.1126 4.9222 5.2193 5.0543 5.6642 5.5915 5.3416 5.3709 5.1381 4.7592 5.0290 4.7910 5.0898 4.6871 4.7931 4.2925 4.6691 4.7317 4.5214 5.0626 5.0800 4.5735 5.2972 4.7922 4.7076 5.0291 7.1036 6.9947 6.0736 5.0190 
3.4984 5.8018 4.9269 5.6668 5.8662 6.2609 6.4222 6.1987 6.0310 5.2884 5.3766 4.1125 5.1226 4.8264 5.0371 5.8074 5.9810 6.5497 6.3738 5.5845 5.4338 4.9860 5.5559 6.8180 7.6226 7.5883 7.0033 6.3126 6.1743 4.9597 
4.6115 5.6468 6.5371 6.4100 5.1458 4.8579 4.5997 5.4337 5.0237 4.5341 4.6623 4.2441 4.5400 4.4394 4.7689 4.5173 5.0756 4.7289 4.6882 4.9357 4.4693 4.2817 4.8741 5.4854 5.6276 5.8828 5.6632 5.3267 4.7659 4.7103 
4.6213 6.3605 6.7731 6.7849 6.2277 5.5910 5.3115 4.7935 5.1003 4.5482 4.7303 4.1112 4.7298 4.5748 4.8667 5.1422 4.9963 5.3974 5.2013 4.4668 4.6827 5.1990 4.9190 5.6318 5.6336 5.5941 5.9114 6.3214 6.6924 6.9581 
4.7962 5.8419 6.5270 5.8266 5.4078 4.9433 3.9593 4.4554 4.7395 4.6407 4.7403 4.9860 5.2712 5.3196 5.8273 6.9800 6.8412 6.0973 5.8949 5.4284 5.1289 4.8165 5.2461 5.0052 4.8252 4.7834 4.2846 4.2309 5.0189 5.1844 
5.2649 5.0421 6.2826 6.6720 6.0081 6.2582 6.5963 5.8539 5.9954 7.9518 8.0141 7.8509 7.0843 8.2046 9.1697 9.9525 9.6599 9.3531 9.0801 8.4937 7.2321 7.8891 8.0956 8.5822 8.2365 7.7048 7.3978 7.1442 6.8023 5.9916 
4.8254 6.2141 6.9920 7.2126 7.4259 7.4023 6.6659 6.8263 7.4102 7.4544 7.5693 7.7212 8.0651 8.4202 8.7052 9.3277 9.2781 8.9801 9.6442 9.1714 7.9581 8.0610 8.0536 7.9342 8.0510 7.9350 8.4464 8.6022 8.4525 7.9756 
3.9734 6.1903 7.0788 7.8191 6.8927 6.7333 6.3997 5.9318 6.6430 6.4531 7.3762 7.6814 6.8916 7.2821 7.7397 8.7445 9.0613 8.7368 8.6856 8.1333 7.2319 7.2352 7.4016 7.3256 7.7810 7.7197 8.6276 9.2837 8.9455 8.8037 
5.2393 6.0914 6.3999 6.9573 6.6704 6.5361 6.1839 5.5696 4.7125 6.4905 6.7892 6.2235 5.9071 6.1017 7.0356 7.9381 7.9516 7.1172 7.5392 7.4374 6.7761 6.6998 6.8993 7.1056 7.0865 7.2422 7.8482 8.8230 8.3438 7.9767 
4.9365 6.1532 6.3345 6.6683 6.6117 6.1099 6.1909 6.3478 6.3401 6.1806 6.7062 6.3470 6.5681 7.1067 8.4891 9.1959 8.7047 7.7357 8.0339 7.9106 7.2522 6.9244 7.1952 7.3887 6.9157 6.7541 7.7129 8.4921 7.8505 8.1022 
4.5472 7.0155 7.4428 6.3033 6.5403 6.6629 6.2331 5.9763 6.7135 6.6388 6.1513 6.4327 6.3795 6.7654 7.5024 8.2454 8.4445 7.5508 7.3552 7.4497 6.6041 7.0903 7.4614 7.1754 6.9384 6.4296 7.0731 8.0473 7.5393 7.5435 
5.2499 6.8559 7.3514 6.6105 5.7729 6.7367 5.7986 5.4694 5.6840 6.5168 6.5472 6.4652 6.4163 6.5027 7.4636 8.4688 7.9195 7.6606 7.0896 6.6170 5.8288 6.7685 7.0287 6.0697 5.8937 6.0263 7.8527 8.2659 7.6282 7.2179 
5.3218 5.9932 6.4881 6.6849 6.3326 6.5839 6.0907 5.8605 5.3796 5.9852 6.1696 6.4938 6.2898 6.3791 7.2825 7.3450 7.3350 6.8432 6.3877 5.7545 5.3753 6.3621 6.9916 6.4479 6.0944 6.0550 7.3440 8.0172 7.3100 6.7901 
5.5304 6.3493 6.1422 5.2889 6.0621 5.6718 5.4406 4.8468 4.5886 5.5678 5.4908 5.6242 5.4091 6.1046 7.0805 7.6549 6.8292 6.4736 6.5684 6.4204 5.8463 6.0985 6.8623 6.4942 6.2466 6.0208 7.6606 7.8583 7.5542 7.3350 
4.2727 5.9931 5.8850 4.5563 5.5562 5.6760 4.9692 5.9473 5.7296 5.7952 6.2809 6.0559 6.0641 6.3839 7.2798 6.8492 6.6002 7.2553 6.8515 6.0868 5.8789 6.1098 6.0872 6.1322 5.8340 5.7534 7.2430 7.4495 7.1458 7.1672 
3.4798 5.5794 5.9220 6.0269 6.2412 5.7972 5.3372 5.6143 5.3921 5.0301 5.7197 5.9357 5.4720 5.9959 6.7442 6.7245 6.7155 6.2646 6.0522 6.4180 5.9402 6.0459 6.4937 6.4178 6.3799 6.6542 8.2336 7.8132 7.7108 7.8241 
3.8274 5.0818 5.8364 4.9647 6.1110 5.9628 4.8590 5.2962 5.8541 5.5374 5.5244 5.8853 5.4220 6.1435 6.3944 6.0416 6.1063 6.0479 5.5713 5.3467 5.0169 5.8333 5.8556 5.1182 5.4855 5.2635 6.4852 6.7359 6.0191 5.6519 
4.7493 5.4612 6.5222 6.5592 6.3784 5.4822 4.3062 5.1129 5.5015 5.3639 5.2904 5.4374 5.2670 6.1438 6.6329 6.1023 6.1247 7.0544 7.0713 6.4396 6.0779 5.9008 5.8288 5.6963 5.6155 5.5178 6.6268 6.7404 6.0037 5.6226 
3.9523 5.7523 6.7661 6.5971 5.4466 5.2847 4.4477 5.7259 6.1254 5.4764 5.7091 5.8246 5.7739 6.2508 6.7249 6.5513 6.0597 5.8123 6.0729 6.4781 5.5839 5.2767 5.6814 5.4749 5.5396 4.9404 5.5287 6.0200 5.2376 5.4825 
3.5269 6.4331 6.7383 6.9077 6.6914 6.2421 6.1342 6.6411 6.2086 5.5478 5.4642 5.4225 5.8025 5.8076 5.9937 5.8483 5.8927 5.9645 6.3355 6.7538 6.6812 7.3880 6.4129 6.1513 5.7718 5.5144 5.3424 5.5300 5.5240 5.6549 
5.3783 7.1105 8.0791 8.7337 8.3286 9.0760 9.0684 9.7291 9.0169 8.1633 7.2425 6.7635 6.3695 6.7051 6.8463 7.6234 8.1926 9.0127 10.2270 11.1164 10.8383 10.7422 10.3058 10.2825 10.7783 10.1072 8.3292 7.7699 7.6935 6.5747 
5.7713 6.6040 8.5945 9.3078 8.1223 9.8564 9.1735 9.1769 9.0027 7.8342 7.2056 6.9632 7.0208 7.1070 7.3359 7.6259 8.0526 8.8582 9.6240 10.8804 10.7229 10.4286 10.0182 9.9065 10.0587 8.7237 7.9894 7.5653 7.5782 6.4677 
4.8857 6.9250 8.9277 9.3474 8.2848 10.0768 9.2642 9.0973 8.8079 7.7575 7.0218 6.9272 6.7061 6.9588 7.2611 7.6942 8.0263 8.8477 9.4872 10.7422 10.7768 9.9251 9.5132 8.9929 9.1827 7.6891 7.2012 7.2069 7.2743 5.8368 
4.9111 6.7132 8.9802 9.5845 8.1293 10.0342 9.4785 8.6136 8.7083 6.6910 6.8645 6.0595 6.6725 6.7551 6.4362 7.7233 7.9440 8.6802 9.2116 10.6006 10.8454 10.5546 9.9432 9.4530 9.1947 7.4616 6.3661 7.0915 6.9512 5.4629 
5.2733 6.0915 8.7761 9.8365 8.4434 9.4076 9.6013 6.9755 7.7996 6.0830 6.7236 5.6544 6.1344 6.3265 5.8364 6.8062 7.2515 7.7792 8.2675 9.2590 9.7616 9.4466 8.6100 8.0782 7.9035 6.3944 6.4063 7.1873 6.8126 5.1418 
4.8132 6.9919 8.7364 9.9716 8.5140 8.5238 9.1563 6.8266 7.4700 5.9260 6.0844 5.9812 5.9734 5.9181 5.9478 5.9569 6.6302 6.7624 7.2481 8.6033 9.4437 9.0193 8.5395 8.0977 7.9699 6.5543 6.8255 7.0746 6.3599 5.5881 
5.0757 5.7350 8.5134 10.0427 8.9775 8.1002 9.1758 7.6287 7.9409 6.6747 5.8168 5.6047 6.0306 5.8313 5.9485 6.1259 6.5850 7.2367 7.3262 8.5076 9.4793 9.2538 8.9116 8.2690 7.9881 6.8276 6.7057 7.4109 6.7140 5.0736 
4.4294 6.6074 7.5026 9.3501 8.6354 7.4309 8.6444 7.2338 7.2514 6.5025 6.1177 6.1537 6.0930 5.6512 5.7034 5.9588 6.1550 7.1880 7.7551 8.9874 9.8628 9.6739 9.2504 8.7439 9.2491 8.3160 6.0022 6.8576 6.6031 5.0926 
4.1044 6.2594 6.9144 7.5267 7.9738 8.3468 7.8269 6.5683 5.8460 6.2291 5.7212 5.7563 6.3815 6.2848 6.4913 6.2439 6.2703 6.0886 7.1357 7.2019 7.3790 7.3262 6.8562 6.4670 6.9362 5.9755 5.2567 5.4718 5.3907 5.0998 
2.2842 5.9606 5.9383 7.1310 6.4578 6.1751 7.5374 6.7216 6.6873 5.9376 5.3792 5.8313 5.9970 6.4341 7.2297 7.6787 7.0135 6.0343 6.0674 6.3527 5.7262 6.6296 6.8761 6.5823 7.0761 6.6735 7.3613 8.1490 8.4205 7.6486 
5.3725 6.4047 6.1700 6.3531 6.0975 6.3276 6.5257 5.9322 5.6364 4.8315 5.3808 6.3133 6.4859 7.5762 7.7831 8.2071 7.4761 7.0252 6.1810 6.8216 7.1502 6.4113 7.1236 7.1083 6.8147 7.3571 8.9105 9.7159 9.4035 8.9570 
5.5736 6.8267 6.4741 7.4156 6.6938 6.0695 6.2096 5.5263 5.2844 4.6014 4.9576 5.9400 5.9673 5.8414 6.1461 6.6030 6.7980 6.0507 5.6838 6.1390 6.4298 6.3710 6.7737 6.4438 6.7736 7.0047 8.2271 9.1068 8.8354 8.6454 
4.6426 5.9429 6.7720 6.9042 6.9474 6.3657 5.9343 5.8111 5.7752 5.9823 6.0279 6.1918 6.0974 6.4638 6.9430 6.5956 6.8132 7.2393 6.9577 6.5470 6.3514 6.2398 6.7400 6.4430 6.0552 6.7307 8.2920 8.8686 8.3370 8.0887 
5.2718 5.8204 6.5794 6.5561 7.3547 7.1040 7.2278 7.0490 6.0342 4.8316 5.0034 5.0248 5.4413 5.3868 6.4699 7.1954 6.5300 6.2306 5.8542 5.6793 5.9516 6.3308 6.8135 6.5761 6.0158 6.1213 7.8009 8.2924 7.7105 7.4855 
4.3710 5.6266 5.4397 5.6307 6.8130 6.9034 7.6796 6.6381 5.9186 5.0249 5.2628 5.1035 5.8660 5.4293 5.7313 8.2743 7.5570 5.5044 5.5521 6.0869 5.9775 6.0704 5.9816 5.5744 5.6880 6.0867 7.5294 7.9307 7.4261 7.2748 
4.5424 6.0311 6.1501 6.4664 7.0050 6.9446 6.4743 6.1176 5.6957 5.9705 5.1864 5.2078 5.5566 5.6053 7.1858 7.2174 6.7420 6.0867 6.4402 6.3224 5.9469 6.6618 6.6434 5.9793 6.8123 6.4272 7.1933 7.9603 7.8029 7.4410 
4.5539 5.0288 5.5960 6.6276 6.5617 6.4608 6.6355 5.9432 5.9383 6.2290 5.1001 5.0083 5.9047 6.1776 6.3765 6.1814 6.0812 6.0233 5.7978 6.0949 5.6760 5.8877 6.3702 5.7410 5.8253 5.9739 7.2785 7.6481 7.4105 7.3387 
3.4464 5.3057 6.3602 6.6119 6.8737 6.7889 6.1378 6.1661 5.7289 5.1846 5.5535 5.6272 6.0236 5.7459 5.6910 5.7927 6.2436 5.6492 5.1240 5.5291 5.0133 5.6038 6.1042 6.0149 6.2413 5.8595 6.7703 7.4040 7.4714 7.4266 
4.0465 5.3803 5.9962 6.2682 5.8396 6.2503 6.3907 5.8612 5.3130 4.9630 5.6419 5.2518 5.6266 6.1747 6.0820 5.4065 5.8314 6.0604 5.3380 5.4764 5.4649 5.8556 5.5297 5.9077 6.3492 6.3282 6.9460 7.1066 7.4004 7.1845 
4.0490 5.6789 6.1239 6.1813 6.6015 5.5430 5.5438 6.0840 5.7775 6.1280 6.3624 6.3030 6.7694 6.3095 6.7195 6.8316 7.0906 6.7558 6.1765 5.7135 5.8957 6.1009 5.6223 6.0061 6.0316 6.4578 7.9863 7.4018 7.3795 7.5184 
4.4583 5.5361 5.8578 5.8508 5.3567 5.8666 6.3896 6.2124 5.7875 6.5700 5.7038 6.4456 6.7140 6.6639 6.6364 6.3803 6.2377 6.3262 6.0997 6.1878 5.6642 5.5365 5.5807 5.6178 5.7458 5.7444 6.0540 5.8314 5.9420 6.1624 
4.1451 6.1664 6.2970 5.9524 6.0887 5.5973 6.9865 7.0001 6.1015 5.7475 6.0155 5.8930 5.7757 7.6105 8.5603 8.2590 8.7095 8.9652 8.6757 8.0559 7.4524 7.3125 8.3786 7.7303 7.7899 7.5045 8.8990 9.0371 8.8654 8.0815 
5.0088 6.1816 5.4831 6.2460 6.5482 6.1729 5.9301 5.9066 6.1579 6.1022 6.1574 5.8548 6.2924 6.9426 7.6430 7.3590 7.6372 7.3371 7.3281 7.5834 6.9906 7.1702 7.7842 7.3898 7.3776 7.3619 8.6148 8.6802 7.9486 7.6172 
3.0238 5.7409 5.5699 6.3830 6.1950 6.4112 5.9714 6.1864 5.4779 5.9248 5.2733 5.2304 5.9468 6.7682 6.2973 6.9847 6.4136 6.9647 6.3763 5.5803 5.4971 6.2357 6.8281 6.0269 6.6617 6.8746 7.2350 7.7029 7.3997 6.4551 
4.3856 5.9729 6.4348 6.8492 6.9280 6.5715 6.0073 5.9579 5.5462 5.8597 6.6101 5.9884 5.9397 5.9972 6.5354 6.5131 6.5014 6.2979 5.7558 5.4601 5.6905 5.9143 5.9084 5.7996 5.9145 5.9362 6.4402 6.3566 6.3362 5.4387 
2.8659 5.5022 6.2894 6.3408 5.7890 5.7440 6.0102 6.2175 4.9375 5.0199 5.1958 5.0838 6.1075 5.8052 5.5084 5.2543 6.5456 5.6893 5.7761 5.2315 5.1813 5.5231 5.6545 5.5373 5.6792 5.4082 5.6812 5.7812 5.6202 5.0188 
4.8980 6.0607 6.6423 6.5681 6.4814 6.3805 4.9875 5.7762 5.1723 4.4499 5.0332 4.9983 5.8610 5.6634 5.6299 5.6420 5.4893 5.5230 5.4781 5.7109 5.0647 5.0621 5.6836 5.9624 6.0835 5.8568 5.5566 5.6899 5.2082 5.2965 
2.0173 4.4399 4.4743 6.4239 5.8403 5.3378 5.1921 5.4580 5.2002 5.1818 5.9119 4.9166 5.7564 5.9819 5.8641 5.5338 5.9489 5.9163 5.5959 5.8681 5.2349 5.1654 5.3681 5.3570 6.3998 6.2815 5.7188 5.6436 5.4419 5.2485 
3.7421 5.4908 6.2959 6.4527 5.9236 4.4452 5.6029 5.8566 5.4539 5.2437 5.0598 5.3086 6.1050 5.8425 5.1189 5.5707 5.6924 5.7592 5.5473 5.5767 5.4054 5.3938 5.3663 5.7914 5.9368 6.1072 6.8043 6.9518 6.7808 6.2467 
4.4598 5.1693 6.6252 7.0661 5.5383 5.0132 4.5575 5.4324 5.7728 5.7256 5.2523 5.6788 5.8957 5.4638 6.3731 5.7357 5.9075 5.6154 5.5373 5.7733 5.3186 5.1761 5.0514 5.7215 6.3517 5.9141 5.2772 5.5501 5.3103 4.9253 
4.3699 5.6046 6.4313 7.4575 7.2024 7.1191 8.0506 7.9024 6.3431 6.4751 6.3490 6.2849 6.7361 6.7357 7.0291 7.4024 7.6447 7.9107 7.0881 6.7636 6.0353 6.1735 6.0444 5.7207 6.2874 5.5860 4.9866 5.1189 5.0856 5.1202 
5.0910 5.2700 5.4236 5.8581 6.1466 6.3882 6.9591 7.3899 6.0985 6.2777 5.9094 6.5792 6.2185 6.1104 6.7448 7.0778 7.7205 7.8357 7.2741 7.2157 6.5177 6.0161 6.0479 5.9714 6.7300 6.0718 5.1357 5.4044 4.9778 4.9361 
4.8647 6.1791 6.2969 6.8155 6.8553 6.2151 7.1190 6.5456 6.7841 6.2599 5.9393 5.8945 6.2776 6.4867 7.1229 6.9515 7.4115 7.4286 6.3756 6.4596 5.7953 5.9682 5.4153 5.9671 6.3282 5.6511 4.7227 5.2901 4.9016 4.7588 
3.6893 5.5012 6.1007 6.1417 6.5297 6.4446 6.2991 6.8369 6.4889 6.0536 6.1347 6.4777 6.7874 7.3165 6.9896 7.0879 7.3550 6.8500 6.4601 6.9177 6.3687 6.3812 6.8601 7.1444 7.5920 7.0377 8.7236 8.8240 8.7250 8.4291 
3.4050 5.3136 4.8822 5.2293 5.8552 6.0289 6.8901 5.9885 5.8205 6.3154 6.1771 5.6793 6.3979 7.0352 7.2468 6.9266 6.9467 8.1562 7.5264 7.0448 6.4531 6.0690 6.7649 7.2942 7.6951 7.8127 8.9807 9.5483 9.5227 9.2400 
4.2422 6.0010 6.2581 5.6914 6.2540 6.7138 6.2790 5.9518 5.6512 5.5373 5.6209 5.7463 6.1198 6.0394 6.5709 6.4100 6.1095 7.3426 7.1801 6.3264 6.0459 6.6655 6.9622 6.5471 7.4018 7.6065 8.8085 9.6872 9.0744 8.7534 
3.9513 4.9437 5.5206 6.4151 5.9644 5.6671 6.4174 6.1950 6.2156 5.8712 5.6092 5.1562 6.0782 5.6635 6.3753 6.9163 6.4338 7.0065 6.0031 6.5477 6.5394 6.4921 6.6126 6.6581 7.1629 7.1525 8.4818 9.1708 8.9980 8.4181 
3.7198 5.7061 6.8896 7.5810 6.7482 6.3328 7.0554 6.8411 6.1327 5.9090 6.7329 6.8822 6.9098 6.5977 7.2543 8.2880 7.8528 7.5613 7.7705 7.4023 6.9721 6.9239 7.5067 7.0553 6.9668 6.7225 8.6423 8.9860 8.3601 7.9434 
3.6874 6.2809 6.5800 7.3207 6.9713 6.0448 6.8821 6.7514 6.2140 6.3836 6.9813 7.2652 6.8869 6.6951 6.9449 8.3438 7.4260 6.6858 7.5890 7.4532 6.6863 6.4016 6.8746 6.9294 7.2687 6.6362 8.2143 8.6408 8.2007 7.8230 
5.5357 6.8429 6.7283 7.3545 6.6798 5.2966 5.3924 5.5429 5.8692 6.4818 6.6959 7.4148 7.5790 6.7118 8.0317 7.8259 6.7582 6.4589 6.5982 6.9874 6.7917 6.7498 7.6270 6.7933 7.2173 6.8520 7.2548 8.2549 7.6809 7.4842 
3.9684 5.7660 5.7786 5.7739 5.1779 4.9098 4.9583 5.0120 5.7820 5.9846 5.6673 6.0316 6.2714 6.5540 6.2936 6.5575 6.0987 5.9554 6.4714 6.5396 6.3786 6.4620 7.1802 6.4975 6.4795 6.3000 7.6712 8.0955 7.5107 7.3904 
3.8898 4.9088 5.4906 6.4695 6.3438 6.0221 5.8992 5.6871 5.8093 5.6106 6.1163 6.4640 5.9753 6.1787 6.2706 6.1664 6.5445 6.1223 6.0376 5.7155 5.4780 6.2758 6.2213 6.0687 6.1036 5.9485 6.9811 7.8631 7.3139 7.0167 
3.3882 5.2679 6.8425 6.9443 5.8289 5.1026 5.1137 5.7141 5.2818 5.0424 5.3739 5.8493 6.2447 6.7708 6.4137 6.4497 6.1815 6.5909 6.1074 6.3229 5.7936 5.5720 6.0583 6.3690 6.1373 6.5055 8.0468 7.7077 7.8734 7.7059 
3.1504 4.6837 5.2441 6.6967 5.9922 4.9066 4.9211 5.3041 5.8769 6.3756 6.4843 6.8218 6.3198 6.3144 6.0384 5.8715 6.6746 6.5281 6.3721 5.8569 5.6932 5.3861 5.0908 5.6571 5.8226 5.7147 5.7408 5.9756 6.2358 6.1632 
4.8068 5.9938 6.4551 7.0577 6.5670 6.4809 5.9924 5.4347 5.9604 6.5024 6.0260 6.4939 6.6612 5.8830 6.6184 6.7326 6.5191 5.9039 5.9545 5.8481 5.2042 5.2704 5.5031 5.6159 5.7134 5.6651 6.1408 6.1534 5.8114 5.2667 
3.3988 5.9470 6.6801 6.2325 6.1585 7.3903 6.5481 6.3256 6.3126 5.6415 6.1173 6.1764 6.3157 6.9463 8.1074 7.0772 6.9590 6.4014 7.0738 6.7459 6.0058 7.0193 7.8533 7.5192 6.9926 6.5569 8.4262 8.5058 7.8822 7.2829 
4.7401 6.2202 7.0110 7.0112 6.4836 7.2032 7.0477 6.3580 5.7474 5.6410 5.3533 5.5490 5.7390 6.2715 6.8412 6.9415 6.7681 6.6716 6.7817 6.5578 6.4296 6.5130 7.1024 6.4214 6.7467 6.3446 7.6212 7.7968 7.7578 7.1609 
4.1675 5.7491 6.2599 5.6529 6.4154 6.6688 6.2751 5.9450 5.5176 5.8842 5.9114 5.9102 6.5095 6.6827 6.8967 6.7043 6.5087 6.5975 6.2838 5.6431 5.4192 5.8052 5.8245 5.8025 5.9252 5.7571 6.3591 6.6444 6.3035 5.4721 
3.4388 4.1785 4.7878 5.0962 5.0213 4.9219 4.3855 4.1852 4.1342 3.7243 4.2859 4.8895 5.0721 5.1516 5.8170 5.4722 5.5964 5.5592 5.0501 4.4007 4.3412 4.9560 4.8707 5.2756 5.1887 5.3411 5.8706 6.1263 5.8202 5.2432 
-0.7546 0.3086 0.6324 1.1108 0.9466 1.6586 1.3528 1.2061 1.4956 1.4892 1.9173 2.4994 2.9420 3.2157 3.8718 3.8814 3.9535 3.9607 3.6331 3.1313 3.0589 3.9774 3.8925 4.3324 4.4224 4.6857 5.2929 5.7008 5.4837 5.0243 
-4.3571 -3.0856 -3.6066 -2.4464 -2.1566 -1.4431 -1.7865 -1.7598 -1.0835 -0.8221 -0.4424 0.2462 0.9274 1.3497 2.1852 2.3862 2.5273 2.5596 2.2899 1.9914 1.9996 3.1063 2.9924 3.5239 3.7613 4.1049 4.8158 5.3088 5.1941 4.8419 
-6.8583 -6.2840 -6.5216 -5.5070 -4.8083 -4.4049 -4.9592 -4.6557 -3.6121 -3.1565 -2.6416 -1.8161 -0.9959 -0.4415 0.5839 0.9277 1.1738 1.2176 0.9843 0.8795 1.0189 2.2543 2.1504 2.7680 3.1390 3.5767 4.3843 4.9402 4.9377 4.6698 
-9.7250 -9.3754 -9.2384 -8.3191 -7.5174 -7.2840 -8.1332 -7.1911 -6.1065 -5.4690 -4.7173 -3.8186 -2.8564 -2.1722 -0.9773 -0.5131 -0.1566 -0.1023 -0.2969 -0.2178 0.0684 1.4071 1.3342 2.0388 2.5352 3.0749 3.9693 4.5820 4.6933 4.5016 
-12.5844 -12.3933 -11.9862 -11.0599 -10.2640 -10.1060 -11.1557 -9.4723 -8.5985 -7.7235 -6.7105 -5.7947 -4.6796 -3.8720 -2.5185 -1.9441 -1.4793 -1.4067 -1.5578 -1.3027 -0.8675 0.5616 0.5386 1.3260 1.9432 2.5831 3.5598 4.2302 4.4541 4.3358 
-15.2945 -15.4014 -14.7354 -13.7849 -13.0282 -12.8859 -13.7485 -11.7626 -11.1168 -9.9004 -8.6662 -7.7534 -6.4844 -5.5467 -4.0478 -3.3683 -2.7992 -2.6977 -2.8018 -2.3755 -1.7926 -0.2823 -0.2400 0.6249 1.3597 2.0973 3.1534 3.8833 4.2178 4.1720 
-17.8321 -18.4542 -17.5319 -16.4959 -15.7964 -15.6405 -16.1401 -14.0830 -13.6509 -11.9967 -10.6095 -9.6940 -8.2841 -7.1884 -5.5684 -4.7865 -4.1177 -3.9782 -4.0331 -3.4366 -2.7088 -1.1245 -1.0057 -0.0672 0.7826 1.6156 2.7490 3.5409 3.9836 4.0102 
-20.3245 -20.7056 -20.4707 -19.2101 -18.5651 -18.3875 -18.4223 -16.4353 -16.0804 -14.0207 -12.5532 -11.6110 -10.0871 -8.7941 -7.0820 -6.1991 -5.4351 -5.2505 -5.2547 -4.4866 -3.6172 -1.9651 -1.7618 -0.7517 0.2106 1.1374 2.3462 3.2025 3.7511 3.8502 
-23.0440 -23.2696 -23.3707 -21.9815 -21.3407 -21.1457 -20.6476 -18.8173 -18.4028 -16.0126 -14.5034 -13.4985 -11.8983 -10.3736 -8.5893 -7.6059 -6.7517 -6.5164 -6.4684 -5.5262 -4.5183 -2.8038 -2.5110 -1.4296 -0.3572 0.6622 1.9444 2.8681 3.5202 3.6920 
-27.2554 -26.0903 -25.8191 -24.9371 -24.1086 -23.8908 -22.8523 -21.2248 -20.4462 -17.9889 -16.4628 -15.3539 -13.7184 -11.9342 -10.0908 -9.0068 -8.0673 -7.7772 -7.6752 -6.5563 -5.4126 -3.6408 -3.2550 -2.1014 -0.9213 0.1898 1.5435 2.5375 3.2909 3.5356 
-26.3430 -26.2419 -26.2566 -27.3652 -26.7416 -26.5963 -25.0839 -23.6535 -22.3549 -19.9563 -18.4327 -17.1781 -15.5382 -13.4769 -11.5867 -10.4019 -9.3818 -9.0336 -8.8753 -7.5778 -6.3004 -4.4761 -3.9950 -2.7674 -1.4821 -0.2797 1.1434 2.2108 3.0630 3.3810 
-26.1115 -25.7267 -26.0629 -25.8945 -26.1404 -25.8607 -26.2519 -25.5446 -24.2397 -21.9221 -20.4147 -18.9760 -17.3465 -15.0047 -13.0769 -11.7910 -10.6952 -10.2863 -10.0679 -8.5914 -7.1820 -5.3095 -4.7319 -3.4280 -2.0398 -0.7464 0.7438 1.8877 2.8365 3.2282 
-25.8541 -25.9767 -26.1753 -25.3608 -25.4738 -25.6692 -26.6268 -25.5194 -25.4067 -23.8366 -22.3751 -20.7578 -19.1391 -16.5235 -14.5615 -13.1741 -12.0073 -11.5359 -11.2516 -9.5979 -8.0579 -6.1411 -5.4661 -4.0833 -2.5946 -1.2101 0.3449 1.5684 2.6113 3.0772 
-24.9455 -25.5171 -25.6079 -25.9552 -24.7856 -25.2005 -24.7761 -24.5842 -25.0540 -24.7532 -24.0923 -22.5042 -20.8820 -18.0353 -16.0403 -14.5515 -13.3181 -12.7828 -12.4236 -10.5979 -8.9284 -6.9710 -6.1980 -4.7336 -3.1465 -1.6708 -0.0536 1.2526 2.3874 2.9279 
-24.2582 -24.0174 -24.7170 -25.0895 -23.9693 -25.2341 -24.0920 -24.1296 -24.2133 -24.6242 -24.7991 -23.9482 -22.4959 -19.5437 -17.5133 -15.9233 -14.6276 -14.0274 -13.5807 -11.5919 -9.7940 -7.7990 -6.9277 -5.3790 -3.6955 -2.1285 -0.4515 0.9405 2.1648 2.7804 
-23.8512 -23.8332 -23.6920 -24.0288 -23.5529 -23.9910 -23.7227 -25.2635 -23.9357 -23.6495 -23.8154 -23.6693 -23.0882 -20.9848 -18.9737 -17.2883 -15.9349 -15.2699 -14.7214 -12.5803 -10.6551 -8.6253 -7.6552 -6.0197 -4.2418 -2.5832 -0.8490 0.6320 1.9434 2.6347 
-23.5670 -22.9362 -22.6890 -23.5742 -23.2987 -23.2541 -22.9769 -22.7269 -22.9074 -23.0350 -22.9715 -22.4746 -23.2452 -22.3094 -20.4228 -18.6490 -17.2407 -16.5113 -15.8456 -13.5632 -11.5124 -9.4498 -8.3806 -6.6559 -4.7853 -3.0349 -1.2459 0.3269 1.7230 2.4907 
-23.0074 -23.1000 -23.1000 -22.9534 -22.3371 -23.0855 -22.6355 -22.3166 -22.2613 -22.5685 -22.2410 -22.0606 -22.4635 -22.0428 -21.7823 -20.0189 -18.5564 -17.7552 -16.9538 -14.5408 -12.3661 -10.2725 -9.1039 -7.2879 -5.3260 -3.4836 -1.6422 0.0253 1.5038 2.3484 
-22.8435 -21.7524 -22.0305 -22.2910 -22.0921 -21.6342 -22.0721 -21.8806 -22.1807 -22.0959 -21.9609 -21.6274 -21.7850 -21.2674 -21.6004 -21.0349 -19.9369 -18.9929 -18.0367 -15.5130 -13.2169 -11.0935 -9.8249 -7.9159 -5.8639 -3.9294 -2.0378 -0.2731 1.2856 2.2079 
-21.4573 -21.1281 -21.4294 -21.4601 -21.7859 -22.0518 -21.4681 -21.6901 -21.5566 -21.7688 -21.6562 -21.5447 -20.7548 -21.0471 -20.9289 -21.5838 -20.8791 -20.1836 -19.1550 -16.4812 -14.0651 -11.9127 -10.5435 -8.5401 -6.3990 -4.3723 -2.4328 -0.5681 1.0684 2.0692 
-20.3239 -20.6470 -20.3902 -21.4712 -22.0660 -20.5161 -20.7606 -20.3477 -21.0282 -20.7586 -20.9210 -20.4411 -20.3855 -20.3420 -20.6452 -20.6763 -20.2675 -20.6299 -20.1839 -17.4369 -14.9113 -12.7299 -11.2595 -9.1609 -6.9314 -4.8124 -2.8269 -0.8600 0.8522 1.9321 
-19.8585 -19.8481 -19.5762 -20.1297 -19.8796 -20.1453 -20.0838 -19.6327 -19.6132 -20.4984 -19.9091 -19.7457 -19.5274 -19.4224 -19.9518 -19.9697 -19.8304 -19.8789 -19.4637 -18.2341 -15.7443 -13.5442 -11.9727 -9.7784 -7.4610 -5.2499 -3.2200 -1.1488 0.6368 1.7967 
-20.6828 -19.2136 -19.3466 -19.9471 -19.8045 -20.0880 -19.4679 -18.9863 -18.9358 -19.2478 -19.1814 -19.1133 -19.2408 -18.7015 -19.3343 -19.1549 -19.5213 -19.3465 -19.3322 -19.2818 -16.5881 -14.3559 -12.6831 -10.3929 -7.9879 -5.6849 -3.6120 -1.4346 0.4224 1.6631 
-18.3060 -18.6742 -18.6717 -18.9511 -19.1936 -18.3733 -18.1880 -18.4478 -18.2962 -18.6044 -19.1142 -18.6349 -17.8786 -18.2403 -18.4826 -18.5387 -18.7393 -18.4398 -18.5663 -18.7540 -17.3773 -15.1868 -13.3902 -11.0047 -8.5119 -6.1175 -4.0026 -1.7176 0.2087 1.5310 
-19.0615 -17.9505 -17.7793 -18.8492 -18.1744 -18.2774 -18.1301 -17.9832 -18.3734 -17.9848 -17.8224 -17.6705 -17.1962 -17.4900 -17.7272 -18.0114 -17.9927 -17.9137 -18.0009 -17.9700 -17.7878 -15.9360 -14.0947 -11.6144 -9.0331 -6.5479 -4.3918 -1.9978 -0.0041 1.4007 
-18.7150 -17.6322 -17.9888 -17.5605 -17.4158 -17.4027 -18.5972 -17.3583 -17.9534 -18.1272 -17.7905 -17.4148 -17.0615 -17.5204 -17.8817 -18.1241 -17.4762 -17.3139 -17.4761 -17.5938 -17.1885 -16.5821 -14.7602 -12.2177 -9.5514 -6.9763 -4.7791 -2.2753 -0.2161 1.2719 
-17.9103 -16.8436 -17.4100 -17.1495 -17.0719 -17.8500 -16.9881 -17.0286 -17.1467 -16.5628 -17.4802 -17.1226 -19.5082 -16.7872 -16.6909 -16.5727 -16.8312 -16.8058 -16.7730 -16.5844 -16.6356 -16.5272 -15.4298 -12.8264 -10.0674 -7.4027 -5.1643 -2.5502 -0.4274 1.1447 
-17.3287 -16.4854 -16.2872 -16.5907 -16.2362 -16.8035 -16.4152 -15.7879 -16.0799 -16.8240 -16.6898 -16.1557 -15.9869 -15.7224 -16.0709 -16.3719 -16.1400 -16.3550 -16.1846 -16.2321 -16.0658 -16.5244 -16.1009 -13.4554 -10.5807 -7.8274 -5.5472 -2.8227 -0.6379 1.0191 
-15.4719 -15.1820 -16.3731 -16.2761 -16.2516 -15.7611 -15.7192 -15.2212 -15.4262 -16.0020 -15.9309 -15.3611 -15.4762 -15.0478 -15.4384 -16.1517 -16.0099 -16.4474 -15.8654 -15.6968 -15.2571 -15.6562 -15.7101 -14.0161 -11.0865 -8.2506 -5.9272 -3.0928 -0.8477 0.8950 
-15.2189 -15.4884 -14.9835 -15.4515 -15.7144 -15.9015 -15.3828 -14.5927 -14.6484 -15.5991 -15.0255 -14.8285 -14.8843 -15.1442 -14.9005 -14.8048 -14.9524 -14.7991 -14.5359 -14.4657 -14.9761 -15.1365 -15.2854 -14.4120 -11.5966 -8.6723 -6.3041 -3.3607 -1.0568 0.7724 
-14.4445 -15.4538 -14.3524 -14.6372 -14.5987 -14.7965 -14.2856 -13.8380 -14.3602 -14.3356 -14.7804 -14.2512 -14.1297 -14.0393 -14.2430 -14.1869 -14.3734 -14.4937 -13.8587 -14.0779 -14.4876 -14.3733 -14.1940 -14.2372 -12.1373 -9.0961 -6.6777 -3.6264 -1.2652 0.6513 
-13.0279 -13.8629 -13.7044 -14.3798 -13.7544 -13.4452 -14.0377 -13.4505 -13.3233 -13.9543 -13.7053 -14.6132 -13.6127 -13.6151 -13.7877 -14.0672 -13.3524 -13.6085 -14.1857 -13.4232 -13.6244 -13.6560 -13.4264 -13.7567 -12.5877 -9.5190 -7.0472 -3.8900 -1.4729 0.5316 
-13.8629 -13.0916 -12.8795 -13.2981 -13.0339 -13.0261 -12.8782 -12.5720 -13.3496 -13.3756 -12.9089 -13.0090 -12.8091 -12.7572 -12.8771 -12.8324 -13.1785 -12.7161 -12.5755 -12.5722 -12.8191 -13.2436 -12.7137 -12.7509 -12.3718 -9.9221 -7.4121 -4.1517 -1.6798 0.4133 
-11.7835 -12.8211 -12.1768 -11.8971 -12.4614 -12.9404 -14.1506 -12.8347 -12.8638 -12.3312 -12.9015 -12.1669 -11.9737 -12.0843 -11.8492 -12.0625 -12.4637 -12.1002 -12.1050 -12.0361 -12.2212 -12.3684 -12.3403 -12.0506 -11.9711 -10.2779 -7.7714 -4.4114 -1.8861 0.2963 
-11.7835 -12.2805 -11.8103 -12.2572 -11.7969 -11.6965 -12.0712 -11.6579 -11.4586 -11.8929 -11.5425 -11.7641 -12.1285 -11.5264 -11.2697 -11.1811 -11.8312 -11.6001 -11.5420 -11.4567 -11.6512 -11.9980 -11.5424 -11.4113 -11.4291 -10.3990 -8.1097 -4.6689 -2.0916 0.1807 
-11.0904 -11.2424 -10.8754 -11.6176 -11.3417 -11.1181 -10.7577 -11.9059 -11.2127 -11.4496 -11.5955 -11.2341 -10.7474 -10.7144 -11.2471 -10.9513 -10.8014 -10.7574 -11.4052 -10.9589 -10.9881 -11.1275 -10.6820 -10.9353 -11.0058 -10.5678 -8.4538 -4.9247 -2.2963 0.0664 
-10.5010 -10.4262 -10.7858 -11.7078 -10.9494 -11.0114 -12.0712 -10.3982 -10.4145 -10.4982 -10.5318 -10.2699 -10.4196 -10.0289 -10.3177 -10.4482 -10.2835 -10.8047 -10.4455 -10.4984 -10.5666 -10.6481 -10.2996 -10.3004 -10.4762 -10.4375 -8.8007 -5.1770 -2.5000 -0.0467 
-10.1741 -9.9157 -10.3160 -9.3196 -9.7876 -10.1507 -9.6894 -10.0019 -9.5589 -9.6719 -10.0383 -9.6812 -9.3502 -9.8974 -9.5733 -9.8997 -9.8959 -10.0156 -9.4761 -9.3395 -9.8390 -9.8905 -9.5338 -9.5618 -9.5454 -9.5538 -9.0056 -5.4337 -2.7037 -0.1586 
-10.3972 -8.7949 -9.3311 -9.0912 -10.0506 -9.4809 -9.6434 -9.1562 -9.9722 -9.8287 -9.6325 -9.0460 -8.6932 -9.2016 -9.2716 -9.0100 -9.1692 -8.9679 -8.9972 -8.8516 -9.1806 -9.2680 -8.9756 -8.9028 -9.0063 -9.0015 -8.9349 -5.7012 -2.9060 -0.2693 
-8.8993 -8.3165 -8.3375 -8.1494 -8.7404 -8.6994 -9.1553 -8.6509 -8.3983 -8.9334 -8.8809 -8.1584 -8.2769 -8.1199 -8.5435 -8.7493 -8.6059 -8.4599 -8.3604 -8.0638 -8.3354 -8.3588 -8.5254 -8.2845 -8.0409 -8.4265 -8.6697 -5.9640 -3.1090 -0.3789 
-7.8007 -7.8769 -8.7878 -8.1304 -7.8273 -8.2589 -8.6925 -7.6369 -7.6930 -7.4730 -7.4247 -7.7871 -7.3469 -7.7018 -8.1111 -7.7674 -8.3831 -8.0687 -8.0953 -7.6805 -7.7944 -7.9700 -7.7619 -7.2204 -7.3716 -7.5969 -7.7877 -6.1115 -3.3070 -0.4875 
-7.2192 -7.2384 -6.7554 -7.0550 -8.1768 -8.0485 -8.0974 -7.2416 -7.1700 -7.7812 -7.4973 -7.1166 -7.2192 -6.8366 -6.9821 -7.1996 -7.2471 -7.0895 -7.1453 -7.5874 -7.0520 -7.1268 -6.8153 -6.7442 -6.8783 -6.9852 -7.0384 -6.0928 -3.5037 -0.5948 
-6.8199 -6.3107 -6.7501 -6.9361 -6.5506 -6.9024 -6.7626 -5.8437 -6.3731 -6.0061 -6.1650 -6.7068 -6.6755 -6.5935 -6.4417 -6.0808 -6.7184 -7.0227 -7.0884 -7.1490 -6.8280 -6.5957 -6.2350 -6.0193 -6.2018 -6.4501 -6.8563 -6.1041 -3.6729 -0.7026 
-6.1268 -6.6438 -6.2370 -6.0091 -6.4864 -6.1127 -6.3719 -6.8669 -6.6090 -5.6344 -6.0992 -5.9303 -5.3046 -5.5533 -5.6021 -5.1622 -5.8908 -5.7031 -5.9470 -5.9216 -5.9369 -5.9117 -5.4043 -5.5099 -5.8393 -5.9920 -5.9462 -5.6122 -3.8305 -0.8078 
-5.4336 -7.3369 -5.7259 -4.6957 -5.5161 -5.6787 -4.6841 -4.7554 -5.0947 -5.3806 -5.3627 -5.4900 -5.2680 -4.6167 -4.9575 -5.2004 -5.0448 -5.2072 -5.2465 -5.3694 -5.3276 -5.3264 -5.0328 -5.2809 -4.9049 -5.2269 -5.3498 -5.4269 -4.0608 -0.9137 
-5.5452 -4.8134 -4.5131 -4.8481 -5.6990 -4.9116 -4.2149 -4.5000 -5.3117 -4.9348 -4.5930 -4.2528 -4.1109 -4.6769 -4.8285 -5.2223 -4.8333 -4.6201 -4.7988 -5.1397 -5.0814 -5.0434 -4.7138 -4.3434 -4.4891 -4.6607 -4.7286 -4.8522 -4.1728 -1.0213 
-3.4897 -4.2510 -3.8706 -4.0788 -3.5763 -3.7824 -3.8561 -4.3247 -4.1589 -4.1883 -3.9150 -4.3094 -3.5480 -3.6146 -3.5959 -3.7944 -3.6306 -3.9439 -3.5750 -3.4925 -4.0046 -4.1765 -4.1112 -3.7707 -3.7554 -3.6390 -3.8058 -4.2493 -3.8691 -1.1008 
-3.4354 -5.1459 -5.1459 -3.5340 -3.6777 -4.1724 -3.5534 -3.8965 -2.9821 -3.6539 -3.7912 -3.1575 -3.1920 -2.9430 -2.6504 -2.8431 -3.1308 -2.9817 -3.2212 -3.3632 -3.6885 -3.8401 -3.0973 -3.3341 -2.9866 -3.1525 -3.9150 -3.6818 -3.4064 -1.1753 
-2.2556 -2.0359 -2.8647 -2.6770 -2.0955 -2.5261 -2.5372 -2.9763 -2.9130 -3.0383 -2.7497 -3.3604 -1.8917 -2.5143 -2.6901 -2.6527 -2.2759 -2.4846 -2.4506 -2.4686 -2.7454 -2.7423 -2.6941 -2.4456 -2.4484 -2.6215 -3.1941 -3.2341 -2.9540 -1.2162 
-1.5624 -2.0620 -1.5139 -1.4520 -1.8294 -2.7137 -2.2822 -1.9734 -2.1428 -2.5421 -1.9671 -1.7453 -1.1549 -1.4467 -1.7951 -1.4174 -1.6249 -1.8799 -2.2544 -2.0193 -1.9140 -1.9439 -1.9861 -1.8684 -1.8456 -1.8080 -2.3543 -2.6889 -2.3186 -1.1143 
-1.3785 -1.1471 -1.7344 -1.7918 -2.7120 -1.3863 -1.6740 -2.1484 -1.8381 -1.9460 -2.1476 -0.7954 -1.0545 -0.8622 -1.4847 -1.7171 -1.5745 -1.7146 -1.4061 -0.9203 -1.0923 -1.4624 -1.3762 -1.1788 -1.0048 -1.3297 -1.6746 -1.6828 -1.3639 -0.8350 
-0.4089 -1.2570 -0.4704 -0.8686 -1.3802 -inf -2.0622 -0.8182 -1.0270 -0.7435 -0.5680 -0.3591 -0.2692 0.0542 -0.4370 -0.5261 -0.9551 -1.0264 -0.9050 -0.6598 -0.5149 -0.9870 -0.7321 -0.5536 -0.4799 -0.4783 -0.8931 -1.0553 -0.4717 -0.0830 
0.4192 0.2392 -0.4737 -0.0127 -0.1360 -0.3747 -0.2119 0.4922 0.6051 0.2039 -0.5631 0.0364 0.8819 0.7362 0.2102 0.2684 -0.0740 -0.2370 -0.4033 0.2396 0.1960 0.0228 0.0958 -0.1002 0.2238 0.0302 -0.4884 -0.4262 0.0713 0.2594 
0.3466 0.2973 0.2973 1.0896 0.8936 0.9521 0.2231 1.2889 1.4192 0.8895 0.9522 0.5900 1.1191 1.1482 1.0990 0.7582 0.8713 0.7730 0.6429 0.9431 0.9382 0.8385 0.3328 0.5930 1.0498 0.9995 0.6296 0.5364 0.4003 0.4895 
0.0000 1.2406 0.8702 0.6200 1.0189 0.9194 1.0561 1.3770 1.4173 1.0651 1.3000 1.0537 1.3743 2.0611 1.2149 1.3947 1.5671 1.3140 1.5469 1.7862 1.7967 0.9653 1.2224 1.2089 1.3923 1.0299 1.0202 0.9972 1.0673 1.1009 
1.7329 1.5156 1.9824 1.2587 1.0116 1.6731 1.8303 1.8441 1.1206 1.5281 2.2543 2.0642 2.1704 1.6341 1.9276 1.6567 1.9680 1.8287 1.6059 1.7324 1.9257 1.6480 2.0440 1.7586 2.0689 2.2687 1.9153 1.7877 2.0512 2.1370 
3.2896 2.1552 2.3671 3.1928 1.9626 2.1401 2.5382 2.8243 2.9099 2.3170 2.6706 2.6070 3.2327 3.0026 2.5873 2.3042 2.4777 2.5832 2.3282 2.4146 2.3739 2.2970 2.2320 2.3988 2.7433 2.5931 2.3723 2.6711 2.8801 2.8586 
3.1192 2.2088 2.4260 3.7659 2.7356 3.1787 3.4852 3.6889 3.4144 1.9320 3.4373 3.7381 3.6197 3.5706 3.1011 2.6158 3.3643 2.5160 3.1684 3.0572 2.8919 3.0633 2.8979 3.2209 3.1653 3.0831 2.9187 3.1911 3.7481 3.5994 
2.7726 3.9197 4.0237 3.7842 3.8150 4.1106 3.8712 3.5686 4.0029 3.3509 3.0856 4.1888 4.3407 3.9120 3.9575 4.1203 4.0511 4.0491 3.2463 4.0150 3.7955 3.6956 3.7657 3.5972 3.7715 3.7799 3.5767 3.5997 3.8895 3.9057 
-inf 3.0603 3.7534 2.7137 3.4782 3.8936 -inf 3.5400 3.6493 3.7882 4.5503 4.5518 4.6712 5.1118 5.2968 4.8866 4.5315 4.3782 4.0432 4.4725 4.3913 4.2203 4.4513 4.5417 4.5898 4.3674 4.0987 4.3679 4.5339 4.6557 
5.5452 4.7599 5.1026 5.2974 4.0718 4.8543 5.1917 5.4019 5.4978 4.8572 4.2549 3.9766 5.3207 5.5284 5.7806 5.6968 5.3183 4.9150 4.6875 4.9204 5.0294 4.7768 4.9083 4.8944 5.1544 5.5079 5.1520 4.7507 5.3774 5.4181 
6.2461 6.0018 5.9642 6.1579 5.8489 5.6576 6.0401 5.8087 5.7759 5.3898 6.0657 6.2795 6.5572 5.7656 5.6245 5.7326 5.6839 5.8767 5.8812 5.6508 5.4451 5.2950 5.3663 5.6319 6.4919 6.3345 5.9387 5.7895 6.0442 6.0176 
5.5452 6.3345 6.4577 5.5452 4.5643 6.6194 6.9961 6.7211 6.9551 6.5463 6.5375 6.1848 6.2173 6.4700 6.8947 6.8121 6.6038 6.1172 6.3835 6.6710 6.3534 6.1487 6.1333 6.5398 6.9652 6.7391 6.3139 6.4732 6.8378 6.7762 
6.2686 6.7735 6.4822 5.8329 5.9506 7.0821 7.3225 6.5232 6.9414 7.3731 7.1509 6.3088 6.6238 7.2612 7.3825 7.1426 6.8865 7.1039 7.3043 7.0446 6.7160 6.9618 6.9532 7.0421 6.9226 7.0603 6.8312 6.9136 7.1640 7.1648 
6.2383 7.9521 7.6449 7.3369 8.0078 7.7126 7.6246 7.7182 7.9336 7.7862 7.5731 8.0665 7.9727 8.1175 7.9015 7.1770 7.6812 7.9822 7.7282 7.6221 7.3327 7.6153 7.6273 7.5848 8.1073 8.1692 7.7586 7.6835 8.0524 8.0054 
8.4355 8.3935 8.3935 8.4030 8.3601 8.3527 8.0687 7.7120 8.5554 8.2855 8.1816 6.7819 7.9300 8.8369 8.1729 8.6223 8.3774 8.2349 8.4904 8.4103 8.1079 8.2367 8.1990 8.5322 8.7908 8.7989 8.6307 8.4183 8.7455 8.6070 
9.0109 7.9123 7.9123 9.1402 9.4123 9.0412 9.4648 9.1603 9.1067 9.0734 9.0564 9.5495 9.5917 9.7465 9.4321 9.4485 9.5383 9.1909 9.5322 9.4138 9.2568 9.1234 8.6775 9.1030 9.1065 9.2456 8.8204 9.0925 9.3517 9.0790 
9.3575 9.0312 9.3139 10.0118 9.6105 10.5833 10.2406 10.1053 10.0671 9.6416 10.1791 10.0402 10.1221 10.2238 9.8126 9.8756 9.8087 9.6549 9.4172 9.5161 9.3666 9.4251 9.3733 9.6043 9.5435 9.7627 9.7292 9.7117 9.8905 10.0678 
9.7344 8.7170 10.6127 10.2149 9.7647 10.2319 9.8218 10.1741 9.0109 10.8808 10.3583 10.5900 11.0162 10.9229 10.9791 10.9713 10.4786 9.9084 10.3802 10.2259 10.3580 10.5971 10.5385 10.2486 10.8382 10.7848 10.0290 10.0145 10.4470 10.5788 
10.6204 11.4029 10.8281 10.8027 10.8988 10.3972 10.7980 9.7041 10.7688 11.2247 11.1723 11.6146 11.4783 11.7145 11.8078 11.4286 11.1192 10.9640 10.6187 10.8680 10.6244 10.8787 11.2016 11.2934 11.7031 11.6233 11.1593 10.9817 11.3504 11.1555 
11.1207 10.3383 12.0380 12.2288 11.5027 11.5161 11.7988 11.1391 11.0124 11.0474 10.5273 12.3314 12.5201 12.1362 12.1166 12.0386 11.6310 11.8341 12.0885 12.1857 12.0959 11.6872 11.4339 11.5173 11.5392 11.8069 11.8961 11.7612 11.5629 11.6724 
12.5424 11.3780 12.4766 12.4816 12.2220 12.2333 12.7886 12.1746 12.6853 12.9272 11.7231 12.4766 11.8525 12.1717 12.5664 11.7801 12.6574 12.2332 12.3997 12.0632 12.0270 12.2311 12.4486 12.4620 12.4721 12.6756 12.3394 12.0293 12.4250 12.4935 
13.2814 11.9128 12.6883 13.6510 13.2348 12.9822 13.0959 12.4248 10.4617 12.9616 12.7554 13.2213 13.3436 13.0490 13.4070 13.0380 13.1748 13.0998 13.2879 12.9652 13.2348 13.0867 12.6946 12.9787 13.2800 13.3769 13.2116 13.1729 13.2301 13.0766 
