-inf -inf -inf -inf -inf -inf -inf -inf -inf -inf -inf -inf -inf -inf -inf -inf -inf -inf -inf -inf -inf -inf -inf -inf -inf 
-inf -inf -inf -inf -inf -inf -inf -inf -inf -inf -inf -inf -inf -inf -inf -inf -inf -inf -inf -inf -inf -inf -inf -inf -inf 
-inf -inf -inf -inf -inf -inf -inf -inf -inf -inf -inf -inf -inf -inf -inf -inf -inf -inf -inf -inf -inf -inf -inf -inf -inf 
-inf -inf -inf -inf -inf -inf -inf -inf -inf -inf -inf -inf -inf -inf -inf -inf -inf -inf -inf -inf -inf -inf -inf -inf -inf 
-inf -inf -inf -inf -inf -inf -inf -inf -inf -inf -inf -inf -inf -inf -inf -inf -inf -inf -inf -inf -inf -inf -inf -inf -inf 
4.1213 5.1263 4.7616 3.9410 3.8686 4.6196 4.6977 4.7783 5.1225 4.4948 4.4694 5.0362 5.0990 5.6401 6.8849 5.7808 5.1902 5.1180 4.9902 4.4825 5.4413 6.6929 7.4290 5.9501 4.9196 
4.1126 4.9222 5.0666 5.5311 5.6012 5.3281 5.3778 4.8898 4.9064 4.8696 5.0586 4.6649 4.7122 4.2846 4.8091 4.5704 5.1693 4.6903 5.1881 4.8955 4.7131 5.6718 7.1957 6.4869 5.1756 
3.4984 5.8018 5.1573 5.7865 6.1999 6.3782 6.1914 5.6609 5.3477 4.4275 5.1098 4.8136 5.4771 5.9350 6.4218 6.3241 5.6015 5.1712 5.3004 6.5881 7.5906 7.5087 6.7032 6.3186 5.1952 
4.6115 5.6468 6.5469 5.8253 4.8110 4.7908 5.4105 4.5933 4.7211 4.2655 4.5263 4.5920 4.4242 5.0757 4.7481 4.7046 4.9344 4.2667 4.5269 5.4181 5.6270 5.8499 5.5526 5.0207 4.6429 
4.6213 6.3605 6.8275 6.4317 5.7532 5.2356 4.8291 4.9372 4.6891 4.1975 4.6786 4.7031 4.9783 5.1049 5.2911 5.1451 4.4838 4.9540 5.0283 5.4765 5.6443 5.6319 6.1397 6.5039 6.9268 
4.7962 5.8419 6.4376 5.4826 5.0987 4.0452 4.6108 4.5981 4.7658 4.9501 5.2723 5.4621 6.4603 7.0279 6.2629 5.8456 5.3974 4.8870 5.1455 5.0651 4.8434 4.6946 4.2651 4.7375 5.1505 
5.2649 5.0421 6.4449 6.3004 6.1943 6.5313 5.6188 7.3498 8.0353 7.8739 7.1998 8.6432 9.5209 9.9257 9.3710 9.0517 8.2733 7.2082 8.1373 8.4409 8.2851 7.6088 7.3773 6.9109 6.1781 
4.8254 6.2141 7.0643 7.3193 7.4246 6.6979 6.9982 7.4983 7.4906 7.7233 8.1311 8.4653 9.0031 9.4243 8.9763 9.5983 8.8972 7.8357 8.1653 7.9178 8.0496 7.9971 8.5447 8.5684 8.0280 
3.9734 6.1903 7.3752 7.3613 6.7016 6.2334 6.2769 6.6611 7.0611 7.6900 6.9284 7.4416 8.0815 9.1520 8.7337 8.6665 7.8996 7.2024 7.3339 7.3254 7.7484 7.9838 8.9258 9.1272 8.8513 
5.2393 6.0914 6.6123 6.7694 6.5625 6.1191 5.3005 5.7077 6.8195 6.2883 5.9448 6.2876 7.5168 8.1113 7.2567 7.5219 7.2978 6.6607 6.8435 7.0319 7.1159 7.3031 8.3921 8.5888 8.0701 
4.9365 6.1532 6.4783 6.5822 6.2593 6.2437 6.3331 6.2945 6.5049 6.4681 6.6015 7.6118 8.9190 9.0332 7.9124 8.0084 7.8121 6.9027 7.2029 7.2994 6.9851 6.8993 8.1598 8.1554 8.0485 
4.5472 7.0155 7.2525 6.4484 6.6483 6.0823 6.3819 6.6766 6.2967 6.3956 6.4336 7.0110 7.8216 8.4956 7.7948 7.3808 7.3362 6.4965 7.4711 7.1834 6.9694 6.3403 7.6789 7.7727 7.5394 
5.2499 6.8559 7.2610 6.0543 6.6165 5.7308 5.5780 6.0168 6.6516 6.4408 6.4171 6.7661 8.0834 8.2738 7.6533 7.1217 6.3526 6.1351 7.0774 6.3139 5.9034 6.5615 8.0995 7.9924 7.1924 
5.3218 5.9932 6.5228 6.5370 6.5053 6.0738 5.6734 5.8258 6.0221 6.4856 6.2768 6.6990 7.2979 7.4598 6.8794 6.3643 5.7542 5.6044 6.8675 6.6055 6.1075 6.4771 7.6386 7.7708 6.7830 
5.5304 6.3493 5.8794 5.9289 5.7430 5.3435 4.7777 5.2055 5.4868 5.6213 5.5085 6.3185 7.5250 7.2399 6.4768 6.5367 6.3606 5.6984 6.6730 6.6251 6.2313 6.5711 7.7584 7.7454 7.3382 
4.2727 5.9931 5.6340 5.3023 5.6656 5.1825 5.9950 5.4815 6.2549 6.0781 6.0159 6.7818 7.1400 6.5492 7.1628 6.8095 6.0651 5.9223 6.0981 6.1490 5.8371 6.1590 7.3818 7.3017 7.1376 
3.4798 5.5794 5.9147 6.1834 5.9022 5.3807 5.6108 5.0505 5.6151 5.9099 5.5610 6.2268 6.8031 6.6598 6.4254 6.0980 6.4087 5.7083 6.4455 6.3888 6.3828 7.2041 8.1529 7.6716 7.7987 
3.8274 5.0818 5.5990 5.8212 6.0151 4.8855 5.5469 5.6756 5.5931 5.8202 5.4623 6.3230 6.1349 6.0868 6.0933 5.5988 5.2101 5.3074 5.9752 5.2787 5.4303 5.5915 6.6438 6.3977 5.6611 
4.7493 5.4612 6.5268 6.4736 5.7056 4.3940 5.2861 5.5229 5.2133 5.4392 5.4330 6.2718 6.4667 6.1216 6.8439 7.0140 6.4401 5.9072 5.8628 5.7149 5.6320 5.7480 6.7731 6.3275 5.6603 
3.9523 5.7523 6.7862 5.9846 5.2894 4.7452 5.9342 5.8092 5.6625 5.8123 5.8390 6.3922 6.7099 6.2249 5.8869 6.1272 6.3682 5.1860 5.6023 5.5107 5.5176 4.9742 5.8577 5.5861 5.4039 
3.5269 6.4331 6.6948 6.9037 6.2526 6.2635 6.5706 5.8223 5.4935 5.4209 5.8181 5.7829 6.0485 5.7747 5.9675 6.4194 6.6547 7.0923 6.9302 6.1780 5.8015 5.4183 5.5007 5.5067 5.6017 
5.3783 7.1105 8.3785 8.4334 8.9730 9.2459 9.6142 8.5386 7.4588 6.8449 6.4031 6.7619 7.1715 8.0091 8.8647 10.3589 11.1110 10.7041 10.5820 10.2081 10.7413 9.8781 8.1569 7.7529 6.7993 
5.7713 6.6040 8.9054 8.7305 9.6632 9.0570 9.3501 8.2186 7.5790 6.8709 7.0188 7.1727 7.4237 7.9304 8.7002 9.7179 11.0100 10.4481 10.2676 9.8769 10.0219 8.6028 7.7431 7.6922 6.7366 
4.8857 6.9250 9.1367 8.7704 9.8899 9.1423 9.2311 8.0511 7.4086 6.8331 6.7126 7.0338 7.4564 7.8950 8.7120 9.5482 10.9199 10.3748 9.7922 9.0247 9.1289 7.5954 7.0962 7.3971 6.2110 
4.9111 6.7132 9.2554 8.9141 9.8326 9.2916 8.8742 7.7990 6.9809 6.1165 6.7100 6.6223 7.2424 7.8604 8.5240 9.3925 10.7671 10.7141 10.2809 9.4848 9.2020 7.2846 6.5687 7.2094 5.7310 
5.2733 6.0915 9.2281 9.2444 9.2183 9.3907 7.3696 7.2363 6.6367 5.8813 6.1845 6.1923 6.2008 7.1713 7.6815 8.2942 9.5133 9.6690 8.9987 8.1961 7.8817 6.3097 6.7813 7.1250 5.4811 
4.8132 6.9919 9.2744 9.3755 8.3594 8.9595 7.0644 6.9544 6.1188 5.9811 5.9814 5.8872 5.9301 6.3221 6.8271 7.3023 8.9069 9.3993 8.7228 8.1348 7.9702 6.5520 6.9777 6.7572 5.6794 
5.0757 5.7350 9.1812 9.5920 8.1134 9.0143 7.6472 7.6621 5.6990 5.6860 6.0162 5.8120 6.0987 6.3518 7.1143 7.5206 8.8531 9.4334 9.1096 8.4141 7.9763 6.6928 7.0713 7.2069 5.1857 
4.4294 6.6074 8.3087 9.0597 7.5960 8.5009 7.1139 7.0858 6.0908 6.1673 6.0635 5.6041 5.9032 6.0101 6.9982 7.8838 9.3503 9.7834 9.5365 8.7630 9.2046 8.0596 6.3302 6.9017 5.3369 
4.1044 6.2594 7.0895 7.8005 8.2974 7.6774 6.3954 6.0685 5.8446 5.7436 6.3494 6.3932 6.3377 6.3085 6.0874 7.0974 7.2615 7.3542 7.1340 6.4990 6.8791 5.8141 5.3785 5.4425 5.1720 
2.2842 5.9606 6.3962 6.8244 6.1582 7.4402 6.6311 6.5210 5.3483 5.7935 6.0182 6.6231 7.5767 7.3580 6.2357 6.1356 6.1584 6.0205 6.9369 6.5543 7.0375 6.7603 7.7293 8.4087 7.8144 
5.3725 6.4047 6.2410 6.1951 6.2806 6.4423 5.8699 5.1744 5.3037 6.2221 6.6497 7.5631 8.1339 7.8448 7.0083 6.3373 7.0070 6.8240 6.9166 7.1101 6.8562 7.8283 9.3338 9.5531 9.1288 
5.5736 6.8267 6.8191 7.0800 6.1263 6.1016 5.5013 4.9520 4.8156 5.8571 5.9659 5.7492 6.5703 6.6359 6.3420 5.7192 6.2661 6.3646 6.6987 6.4719 6.7520 7.3340 8.6864 8.9664 8.7268 
4.6426 5.9429 6.7938 6.9425 6.5074 5.8449 5.9241 5.6957 6.1303 6.1318 6.1635 6.5733 6.8811 6.5886 7.1863 6.8975 6.6395 6.1426 6.5949 6.5246 6.1109 7.2136 8.6007 8.6011 8.1487 
5.2718 5.8204 6.6164 7.0215 7.2154 7.2334 6.8174 5.4016 4.9485 5.0242 5.3860 5.6848 7.0038 6.7991 6.3353 5.8123 5.7827 5.9775 6.7177 6.6536 6.0505 6.5643 8.1182 7.9569 7.5478 
4.3710 5.6266 5.3922 6.4703 6.9160 7.5560 6.4680 5.3555 5.2961 5.0974 5.8281 5.4739 7.5206 8.1089 5.9875 5.6455 6.0574 5.9821 6.0607 5.6692 5.6858 6.3609 7.8152 7.6558 7.2624 
4.5424 6.0311 6.3540 6.6905 7.0160 6.4603 5.8898 5.9221 5.4683 5.1564 5.5188 6.1269 7.3679 6.9289 6.1613 6.3792 6.3457 6.1234 6.7313 6.1843 6.7315 6.5404 7.5983 7.8703 7.6020 
4.5539 5.0288 5.8717 6.6568 6.4469 6.5443 5.8807 6.1860 5.4963 4.9821 5.9188 6.2894 6.1649 6.2989 5.9343 5.8249 6.1162 5.5475 6.2590 5.9617 5.7909 6.3096 7.5087 7.4544 7.4258 
3.4464 5.3057 6.4272 6.7620 6.8219 6.0958 6.1874 5.1962 5.5134 5.6151 5.9835 5.7801 5.5844 6.1856 5.8019 5.2739 5.3788 5.1057 6.0462 5.9852 6.2139 6.0362 7.0979 7.3889 7.5527 
4.0465 5.3803 6.0814 6.0490 6.1597 6.3305 5.7066 5.0663 5.4622 5.3639 5.6931 6.1945 5.7934 5.4768 6.1021 5.4042 5.4677 5.6072 5.7130 5.8136 6.3207 6.4617 7.0134 7.2740 7.3057 
4.0490 5.6789 6.0130 6.5385 5.8268 5.7636 5.8935 6.0016 6.2904 6.3256 6.7147 6.4593 6.6573 7.1349 6.7923 6.1957 5.6471 6.0675 5.8590 5.8663 6.0389 7.0018 7.8441 7.2897 7.5185 
4.4583 5.5361 5.8861 5.5647 5.7730 6.3958 5.9888 6.3668 5.9662 6.3585 6.6780 6.7275 6.4546 6.3047 6.3048 6.1411 6.0767 5.6006 5.4974 5.6595 5.7242 5.8132 5.9872 5.7816 6.2159 
4.1451 6.1664 6.1907 6.0750 5.7024 7.0266 6.7989 5.7315 5.9965 5.9050 6.2220 7.9356 8.4761 8.4641 8.9598 8.6151 7.9992 7.2117 8.0824 7.9625 7.7585 7.8606 9.0296 8.9367 8.3189 
5.0088 6.1816 5.7408 6.4143 6.2849 5.9245 5.9573 6.1401 6.1834 5.8773 6.3417 7.2100 7.5048 7.5595 7.4267 7.3508 7.5290 6.8506 7.6237 7.5148 7.3659 7.5560 8.8026 8.1706 7.7384 
3.0238 5.7409 5.8225 6.3042 6.3535 6.0924 5.9295 5.7821 5.4456 5.2402 6.1136 6.6399 6.7134 6.6797 6.8293 6.3541 5.6553 5.6700 6.7051 6.2837 6.6193 6.9282 7.4557 7.6112 6.6270 
4.3856 5.9729 6.5348 6.9114 6.6504 5.9893 5.8923 5.5513 6.4684 6.1301 5.9462 6.1512 6.5371 6.5440 6.3377 5.6895 5.6658 5.6697 6.0165 5.7567 5.9211 6.0373 6.4116 6.4148 5.6276 
2.8659 5.5022 6.3222 6.0509 5.7201 6.1173 5.9244 4.8730 5.1271 5.1157 6.0695 5.7828 5.1105 6.2400 6.0373 5.6876 5.2028 5.2651 5.7009 5.5027 5.6665 5.4643 5.7130 5.7456 5.1494 
4.8980 6.0607 6.6323 6.5107 6.4004 5.1446 5.7401 4.5805 4.9191 5.0112 5.8543 5.6122 5.7043 5.4517 5.5701 5.4934 5.6481 4.8217 5.4867 5.9250 6.0726 5.7536 5.6831 5.3764 5.2781 
2.0173 4.4399 5.3966 6.1528 5.3821 5.2981 5.3189 5.1662 5.7608 5.1651 5.7929 5.9662 5.6797 5.7617 5.9595 5.6922 5.7165 5.1701 5.3356 5.2840 6.3580 6.1620 5.7192 5.5020 5.2998 
3.7421 5.4908 6.3469 6.1908 4.8552 5.6868 5.7562 5.3250 5.0624 5.2951 6.0997 5.6617 5.3437 5.6091 5.7655 5.5648 5.5672 5.3805 5.3187 5.7310 5.9372 6.2300 6.9393 6.8029 6.4447 
4.4598 5.1693 6.8083 6.4290 4.9061 4.6421 5.6450 5.7619 5.3605 5.6313 5.8601 5.7665 6.2076 5.6953 5.7512 5.6057 5.6632 5.2223 5.0383 5.6118 6.3024 5.7646 5.4521 5.4128 5.0110 
4.3699 5.6046 6.7772 7.3480 7.1062 8.0963 7.5158 6.2730 6.4895 6.2364 6.7139 6.8275 7.1448 7.6543 7.8199 7.1872 6.5607 6.0363 6.1663 5.7672 6.2310 5.4579 5.0603 5.0697 5.1304 
5.0910 5.2700 5.6208 5.9603 6.3749 7.1709 7.0298 6.1281 6.1112 6.4742 6.1769 6.2958 6.9964 7.2965 7.9385 7.3094 7.0334 6.3189 6.0266 5.9950 6.6591 5.9186 5.2504 5.1682 4.9514 
4.8647 6.1791 6.3674 6.9095 6.3357 7.0089 6.6468 6.6312 5.9178 5.9198 6.2683 6.6991 7.1068 7.1114 7.5126 6.4815 6.3529 5.7752 5.6524 5.8586 6.2926 5.4740 5.0229 5.0695 4.7985 
3.6893 5.5012 6.0834 6.3950 6.4748 6.4453 6.7842 6.1137 6.2132 6.4125 6.8443 7.3090 6.8930 7.2916 7.0144 6.5648 6.8442 6.2831 6.6603 7.0788 7.5493 7.4322 8.8776 8.7486 8.4738 
3.4050 5.3136 4.8645 5.6856 6.0022 6.7639 5.9426 6.0164 6.3099 5.7013 6.4355 7.1461 7.1092 6.8538 7.9599 7.5497 7.0234 6.1050 6.5050 7.1625 7.6790 8.1236 9.2605 9.5259 9.3830 
4.2422 6.0010 6.1389 6.0368 6.6551 6.2626 5.7920 5.6198 5.5913 5.7332 6.1249 6.1868 6.5460 6.1935 7.1222 7.1374 6.2846 5.9796 7.0884 6.5023 7.3680 7.7879 9.3374 9.3615 8.8354 
3.9513 4.9437 5.8264 6.2026 5.6834 6.3758 6.2119 6.0182 5.7759 5.1479 6.0633 5.7227 6.7903 6.6382 6.8620 6.1928 6.6364 6.3521 6.6954 6.5728 7.1102 7.4191 8.8656 9.1089 8.5715 
3.7198 5.7061 7.1261 7.2053 6.3208 7.0710 6.5847 5.9888 6.5512 6.8818 6.8609 6.7683 7.8684 8.1724 7.5279 7.7250 7.3356 6.7898 7.3829 7.1726 6.9566 7.1931 8.9223 8.6273 8.0028 
3.6874 6.2809 6.7925 7.1775 6.2275 6.8870 6.5862 6.2953 6.7909 7.2586 6.8574 6.6754 7.9133 7.9506 6.7726 7.5427 7.3337 6.3911 6.7644 6.8753 7.2306 6.8762 8.5255 8.4139 7.8613 
5.5357 6.8429 6.8985 7.0815 5.5356 5.4659 5.5427 6.2168 6.6689 7.3391 7.5137 7.0468 8.1601 7.0967 6.4699 6.5878 7.0773 6.4143 7.4914 7.0268 7.1656 6.8325 7.8097 8.0030 7.5055 
3.9684 5.7660 5.8072 5.4455 4.9383 4.9293 5.2232 6.0021 5.7346 5.9793 6.3182 6.4737 6.4743 6.2955 5.9490 6.4472 6.5615 6.1230 7.1004 6.6500 6.4708 6.7183 7.8752 7.8395 7.3690 
3.8898 4.9088 5.8128 6.4231 6.0733 5.8341 5.7644 5.6854 5.9893 6.4330 5.9966 6.1969 6.1861 6.4896 6.1970 5.9832 5.7643 5.5894 6.4451 5.9653 6.1160 6.1822 7.4213 7.6520 7.0420 
3.3882 5.2679 6.9084 6.4197 5.1573 5.2857 5.6061 5.1199 5.2851 5.7987 6.3534 6.6724 6.4750 6.1388 6.5607 6.1318 6.3453 5.4827 5.8926 6.2809 6.1780 7.0534 7.9658 7.7711 7.7570 
3.1504 4.6837 5.8392 6.3846 5.0776 4.8585 5.6055 6.1344 6.4547 6.7888 6.3250 6.2600 5.8034 6.4797 6.5767 6.3256 5.8402 5.5835 5.1535 5.5235 5.8099 5.7690 5.7516 6.1552 6.2301 
4.8068 5.9938 6.6417 6.8274 6.4516 5.9223 5.4794 6.3364 6.2167 6.4136 6.5855 6.1058 6.7773 6.5008 6.1562 5.9226 5.7610 5.0830 5.4399 5.5843 5.7106 5.7355 6.1925 5.9814 5.3741 
3.3988 5.9470 6.5726 6.2189 7.2323 6.4472 6.4715 5.7848 6.0806 6.1604 6.2957 7.4585 7.8006 6.9078 6.5234 7.0143 6.6057 6.2784 7.6481 7.6087 7.0423 7.0835 8.5868 8.1015 7.4637 
4.7401 6.2202 7.0459 6.7021 7.0872 6.9654 6.1695 5.6602 5.4851 5.4906 5.7172 6.5628 6.8603 6.8219 6.7234 6.7168 6.6140 6.2331 7.0181 6.6085 6.6886 6.6526 7.7452 7.7908 7.3478 
4.1675 5.7491 6.0566 6.2304 6.6259 6.2086 5.8873 5.5609 5.9875 5.8808 6.5318 6.7437 6.8285 6.5494 6.6163 6.2259 5.5703 5.5065 5.8979 5.7754 5.9217 5.8546 6.5175 6.4910 5.6713 
3.4388 4.1785 4.8590 5.0737 4.9293 4.3686 4.1304 3.9546 4.1539 4.8291 5.0407 5.4338 5.6997 5.4092 5.6366 5.0309 4.3400 4.5534 4.9964 5.1358 5.2259 5.4621 6.0016 5.9657 5.3983 
-0.7546 0.3086 0.7464 1.0555 1.5376 1.3220 1.2821 1.4699 1.8388 2.4364 2.9462 3.4677 3.9152 3.8295 4.0113 3.6113 3.1042 3.3631 4.0456 4.1836 4.4507 4.8092 5.5069 5.5768 5.1625 
-4.3571 -3.0856 -3.2173 -2.2564 -1.5465 -1.8163 -1.5275 -0.9860 -0.4874 0.1699 0.9578 1.6452 2.3349 2.3931 2.6053 2.2776 1.9929 2.4108 3.1597 3.3601 3.7842 4.2457 5.0784 5.2333 4.9601 
-6.8583 -6.2840 -6.2251 -5.0465 -4.4563 -5.0136 -4.2195 -3.4383 -2.7095 -1.9003 -0.9502 -0.0844 0.8107 1.0138 1.2629 0.9849 0.9138 1.5228 2.3052 2.5941 3.1579 3.7427 4.6762 4.9298 4.7685 
-9.7250 -9.3754 -9.0087 -7.7775 -7.3057 -8.1312 -6.6986 -5.8774 -4.8354 -3.9031 -2.8064 -1.7481 -0.6896 -0.3448 -0.0574 -0.2823 -0.1479 0.6524 1.4641 1.8565 2.5511 3.2676 4.2845 4.6422 4.5817 
-12.5844 -12.3933 -11.7677 -10.5169 -10.1152 -10.8867 -9.0624 -8.2851 -6.8804 -5.8757 -4.6337 -3.3773 -2.1776 -1.6957 -1.3645 -1.5285 -1.1962 -0.2128 0.6339 1.1372 1.9569 2.8023 3.8980 4.3629 4.3981 
-15.2945 -15.4014 -14.5089 -13.2680 -12.8938 -13.2845 -11.4300 -10.6368 -8.8755 -7.8307 -6.4463 -4.9827 -3.6572 -3.0425 -2.6615 -2.7571 -2.2326 -1.0745 -0.1867 0.4309 1.3718 2.3428 3.5155 4.0891 4.2173 
-17.8321 -18.4542 -17.2418 -16.0285 -15.6502 -15.5855 -13.8232 -12.8832 -10.8447 -9.7691 -8.2493 -6.5655 -5.1302 -4.3866 -3.9506 -3.9716 -3.2586 -1.9335 -0.9991 -0.2658 0.7939 1.8874 3.1362 3.8196 4.0388 
-20.3245 -20.7056 -20.0102 -18.8040 -18.3967 -17.8639 -16.2493 -14.9638 -12.8040 -11.6868 -10.0438 -8.1280 -6.5970 -5.7280 -5.2334 -5.1744 -4.2752 -2.7900 -1.8045 -0.9549 0.2219 1.4353 2.7598 3.5540 3.8627 
-23.0440 -23.2696 -22.8049 -21.5920 -21.1548 -20.1376 -18.7025 -16.9755 -14.7623 -13.5783 -11.8337 -9.6756 -8.0577 -7.0670 -6.5113 -6.3668 -5.2835 -3.6442 -2.6039 -1.6377 -0.3453 0.9861 2.3861 3.2918 3.6888 
-27.2554 -26.0903 -25.6394 -24.3635 -23.9122 -22.4072 -21.0900 -18.9416 -16.7249 -15.4406 -13.6176 -11.2120 -9.5122 -8.4034 -7.7848 -7.5490 -6.2843 -4.4961 -3.3980 -2.3149 -0.9083 0.5397 2.0149 3.0330 3.5171 
-26.3430 -26.2419 -26.4527 -26.9568 -26.6046 -24.7038 -23.3838 -20.8916 -18.6943 -17.2738 -15.3803 -12.7382 -10.9603 -9.7373 -9.0545 -8.7207 -7.2779 -5.3459 -4.1875 -2.9869 -1.4674 0.0959 1.6463 2.7772 3.3475 
-26.1115 -25.7267 -25.9312 -26.1471 -25.8824 -26.1483 -25.2669 -22.8401 -20.6742 -19.0814 -17.1069 -14.2556 -12.4017 -11.0688 -10.3208 -9.8810 -8.2647 -6.1937 -4.9727 -3.6541 -2.0229 -0.3454 1.2804 2.5243 3.1802 
-25.8541 -25.9767 -26.0119 -25.3372 -25.6798 -26.6269 -25.2763 -24.7210 -22.6276 -20.8712 -18.7972 -15.7664 -13.8362 -12.3979 -11.5840 -11.0283 -9.2448 -7.0395 -5.7539 -4.3165 -2.5752 -0.7842 0.9170 2.2742 3.0149 
-24.9455 -25.5171 -25.8097 -25.0836 -25.0751 -24.7226 -24.7025 -24.8983 -24.3024 -22.6152 -20.4325 -17.2712 -15.2638 -13.7245 -12.8442 -12.1608 -10.2181 -7.8835 -6.5313 -4.9743 -3.1242 -1.2207 0.5564 2.0267 2.8517 
-24.2582 -24.0174 -24.8246 -24.3247 -24.7358 -24.1217 -24.0796 -24.5062 -24.6970 -24.0431 -21.9864 -18.7712 -16.6842 -15.0489 -14.1019 -13.2767 -11.1844 -8.7258 -7.3049 -5.6276 -3.6702 -1.6548 0.1987 1.7817 2.6907 
-23.8512 -23.8332 -23.7488 -23.7705 -23.8419 -23.9218 -24.7526 -23.6831 -23.7812 -23.6938 -22.8334 -20.2417 -18.0945 -16.3703 -15.3570 -14.3756 -12.1434 -9.5664 -8.0748 -6.2764 -4.2132 -2.0868 -0.1560 1.5389 2.5318 
-23.5670 -22.9362 -22.8765 -23.3533 -23.2703 -22.9464 -22.7317 -22.9668 -23.0587 -22.5146 -23.2210 -21.6442 -19.4994 -17.6897 -16.6102 -15.4585 -13.0947 -10.4055 -8.8410 -6.9208 -4.7531 -2.5167 -0.5077 1.2983 2.3750 
-23.0074 -23.1000 -23.1556 -22.5073 -22.8718 -22.6042 -22.2307 -22.4884 -22.3062 -22.0782 -22.3706 -22.0770 -20.9082 -19.0185 -17.8669 -16.5267 -14.0382 -11.2430 -9.6036 -7.5610 -5.2902 -2.9446 -0.8561 1.0597 2.2203 
-22.8435 -21.7524 -22.0401 -22.2570 -21.6841 -22.1082 -21.8724 -22.1431 -22.0430 -21.6625 -21.7226 -21.3143 -21.4588 -20.3541 -19.1283 -17.5762 -14.9736 -12.0791 -10.3624 -8.1970 -5.8243 -3.3707 -1.2011 0.8231 2.0678 
-21.4573 -21.1281 -21.4418 -21.6130 -22.0293 -21.4885 -21.7038 -21.5460 -21.8124 -21.5178 -20.7903 -20.9836 -21.2217 -21.2279 -20.2886 -18.6385 -15.9015 -12.9139 -11.1176 -8.8290 -6.3556 -3.7952 -1.5427 0.5882 1.9173 
-20.3239 -20.6470 -20.5452 -21.8625 -20.6857 -20.6803 -20.4591 -20.9005 -20.9549 -20.4817 -20.3950 -20.3560 -20.7980 -20.4056 -20.4734 -19.6440 -16.8184 -13.7472 -11.8688 -9.4572 -6.8839 -4.2181 -1.8807 0.3550 1.7690 
-19.8585 -19.8481 -19.7644 -19.8651 -20.1269 -20.0642 -19.5138 -20.0779 -20.0484 -19.7555 -19.5022 -19.5533 -19.9451 -19.9690 -19.8112 -19.3908 -17.6563 -14.5753 -12.6158 -10.0818 -7.4094 -4.6397 -2.2149 0.1235 1.6227 
-20.6828 -19.2136 -19.4232 -19.9607 -19.9736 -19.3834 -18.9327 -19.1277 -19.1555 -19.1422 -19.0995 -18.8853 -19.2449 -19.3241 -19.4288 -19.3832 -18.6413 -15.4021 -13.3591 -10.7030 -7.9319 -5.0600 -2.5455 -0.1066 1.4785 
-18.3060 -18.6742 -18.6804 -19.1829 -18.4779 -18.2099 -18.4671 -18.3130 -19.1058 -18.6676 -17.8973 -18.3688 -18.4038 -18.7447 -18.5132 -18.5604 -18.6370 -16.2528 -14.1009 -11.3210 -8.4514 -5.4793 -2.8721 -0.3353 1.3364 
-19.0615 -17.9505 -17.9964 -18.3580 -18.2470 -18.0490 -18.1638 -18.1341 -17.8813 -17.6800 -17.2000 -17.6011 -17.8697 -17.9203 -17.9802 -17.9564 -18.0737 -16.9150 -14.8278 -11.9366 -8.9679 -5.8976 -3.1949 -0.5627 1.1964 
-18.7150 -17.6322 -17.8441 -17.4985 -17.3900 -18.4526 -17.2697 -18.4483 -17.9009 -17.4350 -17.0991 -17.6232 -18.0526 -17.6642 -17.3547 -17.5091 -17.4336 -17.0341 -15.5071 -12.5438 -9.4813 -6.3152 -3.5138 -0.7889 1.0584 
-17.9103 -16.8436 -17.2847 -17.1674 -17.5913 -16.9516 -17.2812 -16.5866 -17.2786 -17.1812 -18.5257 -16.7353 -16.6505 -16.6961 -16.8350 -16.7380 -16.5868 -16.6742 -15.9960 -13.1582 -9.9919 -6.7321 -3.8288 -1.0138 0.9224 
-17.3287 -16.4854 -16.3414 -16.4051 -16.6219 -16.2250 -15.8923 -16.3268 -16.8124 -16.2112 -15.9587 -15.7831 -16.1925 -16.3506 -16.2382 -16.2331 -16.1463 -16.2172 -16.4672 -13.7930 -10.4996 -7.1486 -4.1399 -1.2377 0.7884 
-15.4719 -15.1820 -16.4087 -16.1932 -15.8598 -15.6059 -15.2628 -15.6123 -16.1041 -15.4006 -15.4298 -15.0677 -15.9098 -15.9933 -16.3679 -15.9589 -15.4519 -15.3983 -15.7467 -14.3192 -10.9999 -7.5648 -4.4473 -1.4606 0.6563 
-15.2189 -15.4884 -15.0436 -15.6721 -15.8396 -15.1864 -14.5496 -15.1723 -15.0913 -14.8586 -14.9553 -14.9677 -14.9498 -14.8301 -14.8545 -14.5312 -14.5577 -15.0753 -15.2739 -14.5922 -11.5030 -7.9808 -4.7508 -1.6825 0.5261 
-14.4445 -15.4538 -14.4642 -14.5431 -14.7862 -14.0886 -14.0564 -14.3496 -14.5886 -14.3361 -14.1368 -14.0443 -14.2482 -14.3206 -14.4396 -13.9038 -14.1941 -14.5202 -14.1943 -14.2585 -12.0279 -8.3983 -5.0508 -1.9034 0.3979 
-13.0279 -13.8629 -13.8088 -14.0422 -13.4662 -13.8579 -13.3934 -13.6394 -13.7939 -14.3538 -13.6259 -13.6006 -14.1050 -13.5035 -13.5521 -13.9962 -13.4300 -13.6915 -13.4918 -13.6733 -12.4663 -8.8162 -5.3472 -2.1235 0.2714 
-13.8629 -13.0916 -13.0367 -13.0491 -13.0496 -12.7733 -12.7436 -13.4707 -13.0616 -12.9565 -12.7858 -12.8214 -12.7989 -13.0981 -12.8004 -12.6169 -12.5213 -13.1045 -12.9271 -12.7043 -12.3153 -9.2268 -5.6401 -2.3428 0.1467 
-11.7835 -12.8211 -12.0962 -12.1627 -12.8964 -13.4658 -13.2087 -12.3278 -12.8105 -12.2475 -11.9744 -12.0329 -11.9310 -12.2790 -12.1798 -12.1133 -12.0290 -12.3314 -12.3645 -12.1255 -11.9268 -9.6214 -5.9294 -2.5614 0.0238 
-11.7835 -12.2805 -11.9228 -11.9602 -11.7012 -12.0066 -11.5821 -11.5785 -11.7288 -11.6848 -12.1211 -11.3850 -11.1874 -11.6329 -11.6044 -11.5449 -11.4943 -11.7468 -11.8022 -11.4158 -11.3932 -9.8823 -6.2138 -2.7792 -0.0974 
-11.0904 -11.2424 -10.9771 -11.5468 -11.1220 -10.8950 -11.7537 -11.2092 -11.5992 -11.2753 -10.7243 -10.8673 -11.1159 -10.8348 -10.7664 -11.2715 -10.9501 -11.0770 -10.8646 -10.8051 -11.0212 -10.1772 -6.4957 -2.9962 -0.2170 
-10.5010 -10.4262 -10.9447 -11.2421 -10.9599 -11.4803 -10.4165 -10.3620 -10.6161 -10.2863 -10.2954 -10.1798 -10.3782 -10.2839 -10.6671 -10.5062 -10.4497 -10.6985 -10.4081 -10.2856 -10.4620 -10.2671 -6.7732 -3.2123 -0.3349 
-10.1741 -9.9157 -9.9052 -9.5929 -10.0859 -9.6923 -10.0681 -9.4286 -9.9948 -9.7353 -9.3927 -9.8347 -9.6578 -9.9692 -9.9555 -9.5008 -9.3765 -9.9830 -9.6899 -9.5239 -9.5450 -9.5808 -7.0503 -3.4291 -0.4514 
-10.3972 -8.7949 -9.2313 -9.5500 -9.6140 -9.5357 -9.2833 -10.0523 -9.6746 -9.1110 -8.7423 -9.2027 -9.2603 -8.9423 -9.0813 -8.9557 -8.9300 -9.2241 -9.1204 -8.9071 -8.9853 -9.0402 -7.3232 -3.6454 -0.5663 
-8.8993 -8.3165 -8.3154 -8.3794 -8.7851 -9.0185 -8.6182 -8.5091 -9.0169 -8.2193 -8.2234 -8.2299 -8.7006 -8.6780 -8.4663 -8.3194 -8.1161 -8.3558 -8.4787 -8.3277 -8.0691 -8.5379 -7.5115 -3.8633 -0.6799 
-7.8007 -7.8769 -8.5646 -7.9677 -8.1276 -8.4068 -7.5998 -7.6530 -7.4192 -7.7200 -7.3674 -7.8699 -7.8216 -8.1896 -8.1112 -8.0244 -7.6995 -7.8724 -7.9058 -7.3219 -7.3458 -7.6331 -7.3162 -4.0687 -0.7921 
-7.2192 -7.2384 -6.8243 -7.4955 -8.2099 -7.7315 -7.2877 -7.4519 -7.5614 -7.1474 -7.1864 -6.8263 -7.1818 -7.1264 -7.1760 -7.1949 -7.4838 -6.9908 -7.0119 -6.7181 -6.8736 -7.0137 -6.8115 -4.2630 -0.9028 
-6.8199 -6.3107 -6.9386 -6.5586 -6.8687 -6.4331 -6.0235 -6.2173 -6.0501 -6.6699 -6.6820 -6.5660 -6.2227 -6.3412 -7.0288 -7.1005 -7.0767 -6.7172 -6.4203 -6.0414 -6.1802 -6.5437 -6.6629 -4.4209 -1.0132 
-6.1268 -6.6438 -6.1936 -6.2096 -6.2176 -6.5040 -6.7308 -6.0196 -5.9007 -5.9818 -5.3502 -5.5215 -5.3948 -5.4654 -5.8154 -5.9475 -5.8677 -5.9600 -5.6277 -5.4270 -5.8303 -5.9991 -5.8283 -4.5195 -1.1205 
-5.4336 -7.3369 -5.3709 -5.0340 -5.7585 -4.6538 -4.9251 -5.1654 -5.3973 -5.4729 -5.1755 -4.6549 -5.1605 -5.0619 -5.1975 -5.2486 -5.3411 -5.3890 -5.1172 -5.1843 -4.9603 -5.2550 -5.3877 -4.7006 -1.2301 
-5.5452 -4.8134 -4.5873 -5.2119 -5.0741 -4.2378 -4.6728 -5.4276 -4.5678 -4.3099 -4.1468 -4.7297 -5.0682 -5.0400 -4.5847 -4.8578 -5.1250 -5.0513 -4.9181 -4.3819 -4.4746 -4.6722 -4.8054 -4.5995 -1.3394 
-3.4897 -4.2510 -3.9735 -3.7201 -3.7305 -3.9503 -4.2177 -4.2866 -3.9224 -4.2549 -3.5224 -3.6556 -3.6892 -3.6652 -3.8629 -3.5863 -3.5559 -4.1623 -4.2110 -3.7912 -3.7560 -3.6625 -3.9535 -4.2151 -1.4074 
-3.4354 -5.1459 -4.7373 -3.4746 -4.1617 -3.6689 -3.5498 -3.0867 -3.9914 -3.1961 -3.1499 -2.9158 -2.6257 -3.1115 -2.9927 -3.2688 -3.2979 -4.0428 -3.2608 -3.2935 -3.0107 -3.2633 -3.8554 -3.5771 -1.4656 
-2.2556 -2.0359 -2.8818 -2.2739 -2.4067 -2.6366 -2.8804 -3.0521 -2.8183 -3.2253 -1.9528 -2.5500 -2.7065 -2.4337 -2.3808 -2.4709 -2.5176 -2.7497 -2.7236 -2.5352 -2.4227 -2.7143 -3.2550 -3.0969 -1.4810 
-1.5624 -2.0620 -1.4792 -1.6650 -2.4950 -2.2641 -1.8979 -2.4774 -2.1541 -1.7346 -1.1728 -1.5709 -1.5981 -1.4812 -1.8317 -2.2535 -1.9313 -1.9688 -1.9223 -1.9226 -1.8326 -1.9062 -2.4683 -2.5009 -1.3388 
-1.3785 -1.1471 -1.7750 -2.1264 -1.5888 -1.7918 -1.9725 -1.9882 -1.9491 -0.9286 -0.9845 -1.0492 -1.5760 -1.6592 -1.6640 -1.3609 -0.8969 -1.3049 -1.3997 -1.2449 -1.0108 -1.4080 -1.6930 -1.4796 -0.9614 
-0.4089 -1.2570 -0.5751 -1.0661 -3.4012 -1.5878 -0.9692 -0.7804 -0.6667 -0.3709 -0.1797 -0.1001 -0.4894 -0.6786 -1.0933 -0.9187 -0.5368 -0.7448 -0.8015 -0.6206 -0.4700 -0.5403 -1.0264 -0.6498 -0.1719 
0.4192 0.2392 -0.2552 -0.1683 -0.2884 -0.0520 0.5355 0.4986 -0.3887 -0.0405 0.8871 0.5752 0.2835 0.0634 -0.2309 -0.3374 0.3231 0.0432 0.1068 -0.0543 0.1914 -0.0666 -0.4792 -0.1356 0.2439 
0.3466 0.2973 0.6220 0.9340 0.9497 0.5133 1.3437 1.2338 0.8690 0.6719 1.1421 1.0710 1.0743 0.6649 0.8589 0.6553 0.9832 0.9207 0.5310 0.5083 1.0306 0.9300 0.5694 0.4891 0.4312 
0.0000 1.2406 0.7727 0.9020 0.9451 1.1206 1.3986 1.1766 1.3413 1.0407 1.5847 1.7976 1.3168 1.5296 1.3808 1.5371 1.8566 1.5079 1.0494 1.2655 1.3503 1.0307 0.9990 1.0181 1.1252 
1.7329 1.5156 1.8646 1.0783 1.5747 1.8540 1.6935 1.1968 2.0800 2.1305 2.1243 1.7155 1.7542 1.9173 1.8606 1.5896 1.8828 1.7205 1.9434 1.8421 2.0555 2.1887 1.8863 1.9333 2.1205 
3.2896 2.1552 2.6620 2.6979 1.9741 2.6107 2.8662 2.5607 2.6618 2.5977 3.2213 2.8786 2.4908 2.3551 2.5656 2.3783 2.3797 2.3614 2.2464 2.3650 2.7102 2.5396 2.4839 2.8134 2.8807 
3.1192 2.2088 3.0674 3.2368 3.0735 3.5602 3.6199 2.7300 3.2325 3.7119 3.5907 3.5365 2.6631 3.2189 2.7668 3.1205 3.0181 2.9598 2.9688 3.1275 3.1925 3.0470 2.9673 3.5696 3.6798 
2.7726 3.9197 3.9106 3.8864 4.0317 3.7962 3.7626 3.7326 3.1496 4.0887 4.3036 3.8853 4.0982 4.0187 4.0835 3.4741 3.9670 3.7303 3.7352 3.6634 3.7516 3.7186 3.6181 3.7322 3.9434 
-inf 3.0603 3.4657 3.3793 3.8043 2.0104 3.4830 3.7565 4.3760 4.5705 4.6966 5.2161 5.1234 4.6628 4.3732 4.1304 4.4840 4.3170 4.3486 4.5163 4.5883 4.3064 4.2002 4.4444 4.6774 
5.5452 4.7599 5.1586 4.8176 4.6568 5.2056 5.5006 5.1362 4.5908 3.8947 5.3676 5.5780 5.7699 5.5044 5.0026 4.7140 4.9711 4.9228 4.8585 4.8993 5.1555 5.4682 4.9441 5.1222 5.4738 
6.2461 6.0018 6.0425 5.9685 5.6902 6.0232 5.7112 5.7307 5.8241 6.2821 6.5130 5.6247 5.7368 5.7207 5.7960 5.8542 5.6638 5.3199 5.3379 5.5480 6.4374 6.2857 5.7956 5.9957 6.0271 
5.5452 6.3345 6.3530 4.8520 6.4381 6.8504 6.9434 6.7090 6.5574 6.2176 6.1958 6.6665 6.8238 6.7528 6.2139 6.4123 6.6193 6.2423 6.1172 6.4354 6.9357 6.6802 6.2959 6.7315 6.8179 
6.2686 6.7735 6.3172 5.9726 6.9282 7.1272 6.7953 7.2507 7.1171 6.5445 6.7347 7.3030 7.2687 7.0329 7.0014 7.2749 6.9747 6.7593 7.0089 6.9856 6.9603 7.0110 6.8397 7.0757 7.1870 
6.2383 7.9521 7.5085 7.8200 7.7914 7.6246 7.7997 7.9263 7.5493 8.0260 8.0016 8.0671 7.6384 7.2976 7.9852 7.7402 7.5497 7.4245 7.6241 7.6120 8.0753 8.1103 7.6609 7.9179 8.0570 
8.4355 8.3935 8.4026 8.3712 8.3550 8.0447 7.9225 8.5206 8.1927 7.1530 8.2383 8.5588 8.4642 8.5276 8.2498 8.4512 8.3899 8.0738 8.2442 8.4289 8.7763 8.7968 8.4982 8.6268 8.6742 
9.0109 7.9123 8.3178 9.3286 9.1320 9.4541 9.0529 9.1250 9.0673 9.4909 9.6362 9.6419 9.3810 9.6163 9.2220 9.5145 9.3207 9.2999 8.7607 9.0271 9.1254 9.1652 8.8839 9.3124 9.1358 
9.3575 9.0312 9.5058 9.8502 10.4290 10.2507 10.0426 9.8302 10.1002 10.0583 10.1836 10.0125 9.9860 9.7428 9.7127 9.4281 9.5390 9.3581 9.3460 9.5670 9.5624 9.7825 9.6828 9.8153 10.0436 
9.7344 8.7170 10.5630 9.9138 10.1570 10.0164 9.7841 10.2794 10.6195 10.5200 11.0188 10.8965 11.0105 10.7923 9.9118 10.3263 10.2751 10.4628 10.5643 10.3350 10.7961 10.6740 9.9791 10.2643 10.5800 
10.6204 11.4029 10.7365 10.9553 10.4683 10.5749 10.2314 11.0808 11.1454 11.5746 11.4993 11.7725 11.6071 11.3084 10.9606 10.6656 10.8447 10.6233 11.1476 11.2333 11.6799 11.5735 11.0046 11.2338 11.2216 
11.1207 10.3383 12.0929 11.9008 11.4443 11.7276 11.0693 10.9878 10.7412 12.2020 12.5112 12.0769 12.1060 11.8352 11.7349 12.0907 12.2051 11.9308 11.5100 11.5034 11.5475 11.8384 11.8492 11.6210 11.6507 
12.5424 11.3780 12.4006 12.4582 12.1581 12.6530 12.3516 12.8863 12.2701 12.3225 11.8082 12.4274 12.0834 12.4248 12.3833 12.3473 12.0452 12.0625 12.4013 12.4537 12.4890 12.6230 12.2068 12.2613 12.4847 
13.2814 11.9128 13.0450 13.4357 13.0046 13.0152 12.1379 12.1828 12.8629 13.1634 13.2588 13.2545 13.1886 13.1260 13.1420 13.2303 12.9716 13.2898 12.7885 12.9034 13.2689 13.3501 13.1926 13.1978 13.1297 
