19.0821 11.9149 -6.7282 -3.5833 2.1247 -2.1682 -2.4778 1.3435 -0.4639 -2.0523 0.4521 0.1724 -1.4801 
18.4916 11.5683 -6.2950 -2.8826 2.8103 -1.5199 -2.0815 1.5136 -0.1738 -1.8433 -0.0282 -0.8720 -2.4371 
18.6356 11.5797 -6.4410 -2.9037 2.7124 -1.8291 -2.1964 1.6026 -0.4434 -2.4383 -0.4018 -0.9295 -2.1365 
19.1699 11.7137 -6.9233 -2.9744 2.7952 -2.4753 -3.1573 1.1893 -0.3735 -2.1385 0.3105 0.0369 -1.5884 
20.5505 12.2815 -8.0707 -3.8466 2.5447 -2.7698 -3.2314 1.1483 -1.0335 -2.8221 0.2273 -0.0754 -1.9263 
21.8599 13.3577 -7.9277 -3.4184 3.2867 -2.5676 -3.0795 2.1873 0.1519 -2.5766 0.1592 0.4259 -1.4750 
21.6398 13.6920 -7.1516 -3.3557 3.2915 -1.7272 -2.5298 1.6011 -0.3741 -2.2133 0.5560 0.1795 -2.0188 
21.6297 13.6972 -6.9392 -3.0601 3.1685 -1.9145 -2.0642 2.2178 -0.2328 -1.9895 1.0592 0.2842 -2.0562 
22.9568 15.0001 -6.4232 -2.6630 3.5124 -1.8609 -2.1064 2.1650 -0.4300 -2.2411 0.8124 0.0667 -1.9054 
23.2442 15.4915 -6.0421 -2.6261 3.5763 -1.5727 -1.8953 2.3147 -0.2570 -2.4098 0.3724 -0.0492 -1.8640 
22.6553 14.9088 -6.1039 -2.4488 3.5606 -1.6779 -1.8899 2.1450 -0.6365 -2.4847 0.6354 0.0824 -1.8047 
21.4431 13.0615 -8.2065 -4.3448 2.5085 -2.2280 -2.5704 1.7963 -0.1734 -1.9370 0.6371 -0.1018 -1.8957 
21.8593 13.9784 -6.7489 -2.8540 3.3898 -2.1640 -3.0209 1.3130 -0.5248 -2.2953 0.4293 0.1807 -1.4879 
21.9358 13.6900 -7.5964 -3.8072 2.6176 -2.3823 -2.4426 2.0595 -0.1955 -2.0763 0.5526 -0.3279 -2.2483 
22.9381 14.7092 -7.3932 -4.0434 2.4697 -2.6240 -3.0673 1.4136 -0.5212 -2.0840 0.9778 0.2603 -2.2054 
22.1284 13.4328 -8.4217 -4.2129 2.7588 -2.4504 -2.9225 1.5345 -0.6099 -2.3256 0.5990 -0.0706 -1.9509 
21.9518 13.5300 -7.7142 -3.4601 2.9397 -2.5328 -2.6616 1.9545 -0.4340 -2.2409 0.6542 -0.3460 -2.4468 
23.2834 15.0813 -6.8383 -2.7695 4.1034 -1.3519 -2.1921 2.2611 0.3336 -1.7036 0.5300 -0.2902 -1.8107 
23.6924 15.3146 -7.2067 -3.4911 3.2384 -2.1160 -2.5712 2.0362 -0.2069 -2.2839 0.5781 0.1539 -1.8262 
23.5684 15.2589 -7.0328 -3.2223 3.4540 -1.8413 -2.1361 2.3528 -0.2220 -2.3092 0.7387 0.0806 -2.2842 
23.1384 14.5610 -7.7290 -3.6816 2.9958 -2.7482 -3.3728 1.3909 -0.6957 -2.7665 -0.0068 -0.4615 -2.1969 
22.9268 14.3191 -7.7505 -3.4128 3.3213 -2.6117 -3.3538 1.3761 -0.8330 -2.8775 0.1071 -0.5436 -2.8918 
23.5995 14.7970 -7.8984 -3.5274 3.5612 -1.9083 -2.0872 2.7512 0.1142 -2.1567 1.0190 0.6168 -1.6489 
23.1606 14.3797 -8.0218 -3.6912 3.0895 -2.6403 -2.8817 2.0272 -0.5636 -2.8508 0.3546 0.0091 -2.2610 
22.6435 13.9056 -8.1850 -3.8147 3.1338 -2.3991 -2.7976 2.1633 0.1580 -2.0930 0.2036 -0.5731 -2.1788 
22.9196 14.4191 -7.4918 -3.2121 3.3639 -2.5517 -3.2921 1.3021 -0.7639 -2.4675 0.5668 0.0850 -1.7861 
23.4057 15.2582 -6.7183 -2.9262 3.5319 -1.9957 -2.4358 2.2342 0.0579 -1.9329 0.9072 0.2398 -1.9834 
24.4348 15.5399 -7.7532 -3.2751 4.2076 -1.3445 -1.9698 2.4810 -0.4189 -2.7303 0.7321 0.6144 -1.6533 
24.3621 15.6058 -7.6919 -3.8089 3.1212 -2.4486 -2.9188 1.7517 -0.5739 -2.4335 0.6580 -0.1346 -2.4927 
23.9376 15.6127 -6.8431 -3.0921 3.3322 -1.9813 -1.8011 2.9162 0.1714 -1.9207 1.0485 0.0745 -2.1434 
24.2994 15.9130 -6.9384 -3.2200 3.5152 -1.9581 -2.3707 2.3810 0.1165 -2.1982 0.3046 -0.2066 -1.6894 
23.6694 15.3150 -6.9603 -2.7585 4.2152 -1.5023 -2.4960 1.9965 -0.1194 -2.3398 0.2654 0.0141 -1.4741 
23.3813 14.8662 -7.4415 -3.3371 3.5163 -1.8644 -2.4292 1.7141 -0.7375 -2.2127 0.9975 0.0690 -2.0946 
23.6826 14.9580 -7.5829 -3.0200 4.0267 -1.9045 -2.7329 1.8136 -0.4677 -2.1552 1.1263 0.3382 -2.1076 
23.8926 15.1518 -7.6564 -3.4704 3.3647 -2.1224 -2.0772 2.7875 -0.0198 -2.3893 0.5621 -0.1409 -2.2145 
23.9979 15.0510 -8.1423 -3.7914 3.6016 -1.9677 -2.5836 2.3017 0.2534 -1.7276 1.0359 -0.0118 -2.4500 
27.3668 16.1619 -10.5197 -3.4547 5.5575 -2.5176 -3.3602 3.5265 0.7552 -2.4689 1.6930 1.5171 -2.2754 
26.2255 14.9206 -10.6432 -2.3990 6.5238 -2.8063 -4.2253 3.3031 0.8175 -2.9130 1.2994 1.8572 -1.5791 
24.8994 14.6440 -9.4702 -2.6767 5.3340 -2.4942 -2.9205 4.0755 1.1975 -2.8502 0.6797 1.1713 -1.8594 
24.6658 15.4856 -7.9511 -2.9304 4.1989 -2.6363 -3.2947 2.5191 0.1925 -2.7113 0.5322 0.6978 -1.7369 
24.2076 15.1349 -8.1238 -3.4590 3.6731 -2.7512 -3.5628 1.7728 -0.3831 -2.7765 0.4738 0.3540 -2.0407 
23.7244 14.6226 -8.4170 -3.6252 3.9234 -1.9137 -2.5941 2.4091 -0.1599 -3.0732 -0.2784 -0.1351 -1.6631 
25.9707 15.8755 -9.1373 -3.3523 4.7372 -2.1362 -2.8391 2.5781 -0.3108 -2.5946 1.2767 0.6251 -2.1975 
29.6017 16.7121 -12.5036 -3.6964 6.5540 -2.4642 -3.1046 4.1027 0.1318 -3.3716 1.3406 0.4986 -3.2874 
31.3986 17.8359 -13.7582 -5.2620 6.6676 -1.3998 -2.6880 3.9590 0.2095 -3.0768 1.7205 0.8936 -3.2764 
29.6978 16.7729 -12.7990 -3.7339 7.8512 -1.1539 -3.5394 3.5664 1.1986 -2.3133 1.3942 0.7744 -2.8508 
27.2071 15.5634 -11.3707 -3.3708 6.6546 -2.1919 -4.4681 2.7078 0.8863 -3.0051 0.0475 0.2751 -2.4505 
26.4559 15.9605 -9.8161 -3.4571 5.7779 -1.3548 -3.0305 2.8434 0.9498 -1.8215 1.1109 0.5743 -1.9588 
25.6195 16.0935 -8.4816 -3.3064 4.9661 -1.5507 -2.9154 2.6861 0.8548 -1.9808 0.8829 0.9735 -1.3199 
24.7062 15.0289 -9.1276 -3.8617 4.1595 -2.4934 -3.9912 1.2578 -0.5537 -2.9794 -0.2247 -0.3524 -1.9701 
26.1468 15.9562 -9.9401 -4.8634 4.0347 -2.3494 -4.0373 1.6645 0.5220 -2.1017 0.0609 0.0164 -1.2150 
24.6466 15.4121 -8.0703 -2.6631 5.2598 -1.4726 -2.8248 3.0475 1.5040 -1.8396 -0.0498 -0.0267 -1.2642 
24.0687 15.0759 -7.9589 -3.0299 4.5847 -1.5761 -2.7906 2.2655 0.5686 -1.7757 0.5010 0.0289 -1.4247 
23.6076 14.4086 -8.8802 -4.3524 3.4267 -1.9428 -2.7098 1.9562 -0.2135 -2.2975 0.6773 0.3928 -1.5990 
23.7494 15.0008 -7.6236 -2.9349 4.4591 -1.3651 -2.4089 2.0488 -0.3616 -2.6923 0.0132 -0.4656 -2.1807 
23.6942 15.0517 -7.4636 -3.1573 3.6076 -2.1935 -2.5846 2.1535 -0.3860 -2.3770 0.9989 0.5914 -1.7302 
23.9387 15.2845 -7.4482 -3.1092 3.9603 -1.8523 -2.5597 2.3300 0.1600 -2.2286 0.4599 0.2407 -1.4421 
23.3665 14.5033 -8.1221 -3.4593 4.1271 -1.4193 -2.3249 2.2995 0.1211 -2.1457 0.5067 -0.0552 -2.0257 
24.6509 15.6177 -7.9006 -3.2784 4.1462 -1.9853 -2.9769 1.8737 -0.3888 -2.5343 0.6340 0.2854 -1.6819 
23.8656 14.9868 -7.7622 -2.9468 4.3845 -1.5964 -2.6143 1.7937 -0.5274 -2.1396 1.2453 0.6031 -1.5639 
23.9461 15.1251 -7.6728 -3.1726 3.7358 -2.3169 -3.0873 1.2909 -1.4577 -3.3348 0.1893 -0.2494 -2.3920 
24.9883 16.3010 -7.1232 -3.0098 3.8737 -2.2193 -2.9161 1.8985 -0.7357 -3.1228 0.2206 0.0577 -2.2954 
24.5104 15.9854 -6.9175 -2.8102 3.8378 -2.2128 -2.8381 1.8602 -0.6074 -2.4757 1.0237 0.5972 -1.7060 
23.4788 14.9553 -7.4119 -3.3127 3.4484 -2.0604 -2.3381 2.4333 0.0914 -1.8759 1.2269 0.6813 -1.4987 
23.5055 14.8399 -7.7311 -3.6463 3.1089 -2.4965 -2.8556 1.7581 -0.8406 -2.7874 0.7285 0.4633 -1.9009 
23.5915 14.6373 -8.2075 -3.8371 3.0406 -2.8538 -3.3559 1.3258 -1.1616 -2.8737 0.7555 0.3176 -2.0227 
22.8383 14.2444 -7.9951 -4.0673 2.7802 -2.4491 -2.8175 1.7515 -0.4608 -2.2749 0.7205 0.0157 -2.1869 
22.5901 13.8461 -8.1381 -3.6275 3.3851 -2.0767 -2.5755 1.8917 -0.3145 -1.8777 1.0175 -0.1390 -2.2172 
22.5712 14.5295 -6.9131 -3.2286 3.1142 -2.2901 -2.8952 1.5241 -0.4865 -2.1853 0.7656 0.1729 -2.0508 
23.0231 14.2932 -8.1268 -3.9982 3.0241 -2.1850 -2.4949 1.9640 -0.5586 -2.4257 0.8458 0.4123 -1.6332 
23.4234 14.9595 -7.4086 -3.4711 3.3254 -2.1169 -2.7547 1.6466 -0.4623 -2.0806 0.8193 -0.0353 -2.0065 
23.2982 14.8746 -7.2351 -2.9187 4.1317 -1.4727 -2.4279 1.8502 -0.5293 -2.6238 0.3641 0.1281 -1.6740 
23.2386 15.1832 -6.5198 -2.5068 4.2494 -1.1622 -2.1218 1.9553 0.0017 -1.5744 0.8888 -0.1220 -1.7045 
22.6286 13.8314 -8.2178 -3.6061 3.5369 -1.9449 -2.5332 1.7672 -0.8357 -2.6886 0.5144 -0.1338 -2.1677 
23.3901 14.6690 -7.8123 -3.5289 3.2797 -2.4267 -2.6915 2.2823 -0.1629 -2.5524 0.2708 -0.1885 -2.1307 
23.7517 14.9858 -7.9073 -3.7655 3.3738 -2.1554 -2.8639 1.6626 -0.5887 -2.5167 0.4264 -0.1869 -2.1010 
22.5873 13.7590 -8.3904 -3.9625 3.1065 -2.2483 -2.6610 1.8032 -0.6289 -2.4854 0.5293 -0.2004 -2.3117 
22.9141 14.0947 -8.1685 -3.6497 3.3865 -2.1623 -2.3871 2.6648 0.5386 -1.4026 1.6216 0.9468 -1.3388 
23.1938 14.7236 -7.4840 -3.4549 3.2985 -2.2379 -2.7249 1.9268 -0.4861 -2.6834 0.3740 0.0653 -2.0040 
22.9443 14.4014 -7.4542 -2.8940 3.8704 -2.0204 -2.6051 2.1315 -0.1963 -2.2787 0.6955 0.1168 -2.1347 
23.3198 14.8337 -7.3981 -3.3050 3.4605 -1.9568 -2.3234 2.0998 -0.5419 -2.6879 0.1716 -0.4744 -2.3038 
23.3482 14.8291 -7.5606 -3.6768 3.0501 -2.2071 -2.5588 1.6569 -0.9086 -2.5160 0.7229 -0.1657 -2.5459 
23.8668 15.2236 -7.7922 -3.9634 3.3513 -1.7177 -2.4274 1.8721 -0.4129 -2.4992 0.2362 -0.1059 -1.6805 
23.9378 15.4104 -7.3285 -3.4006 3.3731 -2.3044 -2.8654 1.8884 -0.3253 -2.2500 1.0042 0.6023 -1.8296 
23.6475 15.2701 -7.0701 -3.0682 3.6515 -1.9995 -2.5501 2.2575 0.2158 -1.6773 1.3534 0.8123 -1.5102 
23.1428 14.3963 -8.1848 -4.2162 2.6351 -2.8593 -3.3834 1.2128 -1.0364 -2.8074 0.5416 0.2104 -1.9559 
21.9103 13.0734 -9.0543 -5.4001 1.0442 -4.2254 -4.2655 0.4445 -2.1502 -4.3277 -0.9927 -0.9515 -2.8198 
23.4850 14.8739 -7.5551 -3.2977 3.6757 -1.7246 -1.9917 2.7028 0.1916 -2.1328 0.4139 -0.3959 -2.1570 
23.0573 14.5817 -7.6344 -3.7304 3.0733 -2.2799 -2.9119 1.4008 -0.8564 -2.4948 0.7870 0.4198 -1.4826 
23.0807 14.6768 -7.4485 -3.6391 2.8477 -2.7492 -3.3512 1.0647 -1.2381 -2.9948 0.2473 -0.1164 -2.1143 
22.8704 14.3484 -7.6587 -3.5299 3.0899 -2.5849 -3.0803 1.6400 -0.4887 -2.2747 0.9040 0.5235 -1.5461 
35.8473 23.1546 -11.7330 -5.8219 8.3013 2.3077 -3.0766 -0.6656 -2.1698 -2.4474 1.1948 0.0558 -1.8835 
42.1506 28.2577 -11.9529 -6.6682 7.8995 0.7094 -4.9226 -1.8317 -3.4279 -3.6112 0.4795 -0.8975 -2.9008 
43.5117 28.8531 -12.8063 -7.0388 7.7660 0.0734 -4.8817 -0.8626 -2.9585 -3.6574 0.7764 -0.8199 -3.5088 
42.7216 28.6487 -11.9916 -6.6751 7.6901 0.5252 -4.2299 -0.7696 -3.1854 -3.8158 0.5756 -1.0637 -3.6326 
41.9617 28.6331 -10.7618 -6.0543 7.3076 0.3647 -3.9814 -0.8586 -3.4402 -3.6273 0.8823 -1.1948 -3.8493 
41.6061 28.6592 -9.8397 -5.0123 7.7208 0.4316 -3.7435 -0.5873 -3.3146 -3.4943 0.9807 -1.0939 -3.3406 
40.9152 28.2215 -9.8195 -5.4886 7.0851 0.3777 -3.9173 -1.5865 -4.2562 -3.6216 0.8863 -1.8168 -3.9867 
40.3808 27.6594 -9.5389 -4.2341 8.0177 0.1365 -4.2144 -1.0560 -3.8435 -3.8482 0.9746 -1.3083 -4.0154 
39.6508 27.0472 -9.2279 -3.5245 8.0929 -0.3171 -4.2542 -0.6849 -3.7197 -4.0164 0.6984 -1.6794 -4.1977 
38.2577 26.3142 -8.4680 -2.8402 8.8767 0.9835 -3.5999 -0.7421 -3.1979 -3.3578 0.2892 -2.3742 -4.1190 
37.9048 25.8998 -8.7064 -2.9412 8.7492 0.6324 -4.1264 -1.1975 -3.4303 -3.1488 1.0634 -1.7801 -4.6228 
37.7854 25.6338 -8.6667 -2.3068 8.9929 0.0642 -4.2990 -0.3862 -2.6287 -3.1160 0.7179 -1.7213 -3.8997 
37.0747 25.1926 -8.5532 -2.4566 8.8313 0.2946 -4.1301 -0.4421 -2.6316 -3.1414 0.6534 -1.6927 -3.9451 
36.1968 24.9942 -7.6098 -2.0250 8.8647 0.9426 -3.5383 -0.7585 -3.1692 -3.2393 0.7595 -1.4770 -3.6382 
35.7414 24.4320 -7.8823 -2.0517 8.5316 -0.0539 -4.7181 -1.4436 -3.3623 -3.4069 0.3899 -1.9325 -4.0349 
35.2547 23.5534 -8.4576 -1.5193 9.3922 0.0340 -4.9461 -1.3613 -3.4616 -3.7742 0.6477 -0.9997 -3.4971 
35.2397 23.4102 -8.7683 -1.8998 8.7475 -1.0080 -5.7077 -1.1674 -3.0204 -4.1421 -0.1215 -1.2901 -3.5703 
36.9434 23.7246 -10.1248 -1.5976 9.2916 -1.5078 -4.6607 0.7978 -3.2965 -4.8473 1.3855 0.0326 -3.9656 
36.8836 23.2381 -10.7055 -1.3178 10.0309 -1.0455 -4.4262 0.5586 -4.2895 -5.8773 0.8137 -0.4775 -4.3074 
34.4289 21.3433 -10.7106 -1.7645 8.9316 -1.6002 -4.4553 1.0110 -3.1698 -5.0270 0.7961 -0.5182 -4.0294 
31.9757 20.3614 -8.8510 -0.8797 8.6218 -1.2625 -3.9832 1.2151 -2.5042 -4.5195 0.4220 -1.0688 -4.4001 
31.1363 20.4775 -7.6633 -1.0321 7.6871 -1.3550 -4.2897 -0.0943 -3.2723 -4.2638 0.5971 -0.7982 -3.5865 
29.1422 19.0047 -7.9248 -2.1876 6.4529 -1.1991 -3.6560 0.3442 -2.6971 -4.0604 0.1444 -1.4021 -4.4701 
28.5378 19.2230 -6.8013 -2.1669 5.6864 -1.4388 -3.9450 -0.4406 -2.9751 -3.7624 0.1563 -1.2853 -3.6208 
27.7209 18.8967 -6.2013 -1.8866 5.7508 -0.7400 -2.7254 0.8112 -2.1014 -3.6777 -0.0912 -0.9650 -2.9521 
27.2141 18.5213 -6.1486 -2.0318 5.1003 -1.5603 -3.3339 0.4216 -2.5256 -4.1616 -0.2253 -0.6712 -2.9188 
26.7933 18.3976 -6.1201 -2.7524 4.4527 -1.2812 -2.8342 0.8305 -1.7429 -3.4616 -0.1639 -0.6816 -2.7140 
34.1513 21.0587 -11.9678 -4.9060 5.7015 -3.4448 -5.2196 1.5586 -1.8611 -5.0766 -0.1341 0.0909 -2.8442 
38.3584 22.7725 -13.9415 -3.6817 7.7423 -4.6911 -5.7705 3.5018 -1.1302 -5.2952 0.9444 0.8873 -2.9202 
37.2874 20.7674 -15.4245 -2.8970 9.2957 -4.2465 -5.4750 4.2716 -1.0425 -5.8217 0.9821 1.3531 -2.8143 
36.6601 19.9318 -16.0008 -3.0304 9.4483 -4.1023 -5.4334 4.1541 -1.4400 -6.3898 0.4724 0.8387 -3.3876 
35.9427 19.2318 -16.3915 -3.5020 9.1959 -3.9097 -5.3463 3.9082 -1.5567 -6.2131 0.8144 1.4818 -2.4800 
36.1781 19.6239 -16.4338 -4.4190 8.2835 -4.0876 -5.2863 3.8410 -1.5209 -5.9537 1.4384 2.4488 -1.7405 
35.5838 19.6311 -15.9190 -5.0511 7.2157 -4.3463 -5.4817 3.2275 -1.8421 -6.1025 0.9651 1.9773 -2.2646 
34.1504 19.0221 -14.7564 -4.2256 7.4255 -3.5750 -4.4198 3.8117 -1.4804 -5.9014 0.6701 1.7928 -1.5071 
33.4796 18.8807 -14.4507 -5.0338 6.2062 -4.0724 -4.5813 4.0890 -0.3948 -5.0512 0.6567 1.6374 -1.7530 
32.4693 19.0481 -12.7327 -4.5729 5.5733 -4.0743 -4.4787 3.7612 -0.2322 -4.7785 -0.1053 0.7221 -1.5690 
29.2239 16.6914 -12.1226 -3.9805 5.4910 -3.7848 -4.2525 3.5981 -0.1898 -4.6505 -0.1831 0.4858 -2.4963 
29.8043 18.0908 -10.6550 -3.8975 4.9372 -3.7915 -4.4238 2.9075 -0.2260 -3.6156 1.2250 2.0015 -0.9772 
29.8986 17.8184 -11.2523 -4.1635 4.5822 -4.8553 -5.7055 1.9215 -0.9974 -3.8546 1.7594 2.4428 -1.2579 
28.7374 17.5567 -10.0119 -3.4980 4.8091 -4.1742 -5.3852 1.7406 -0.6056 -3.2134 1.6723 1.9444 -1.7293 
27.7201 17.2815 -9.0115 -3.0697 4.7950 -3.2758 -3.8139 2.9900 -0.1028 -3.7077 0.5448 1.2859 -1.6269 
26.2747 16.3731 -9.0994 -4.2258 3.7201 -2.9756 -3.9910 1.4902 -0.9853 -3.6260 -0.1159 -0.2026 -2.6979 
25.4507 15.7312 -9.1255 -4.3979 3.4932 -2.7076 -3.5071 1.7634 -0.7016 -3.1737 0.4547 0.6734 -1.7756 
25.5870 15.7119 -9.3532 -4.3687 3.8777 -2.3544 -3.3765 1.8700 -0.4057 -2.7043 0.7760 0.5319 -2.0572 
25.3003 15.8801 -8.7066 -4.2950 3.7049 -1.8700 -2.6906 2.0324 -0.4408 -2.6877 0.4922 0.0877 -2.1928 
25.0077 15.3083 -9.3910 -4.6775 3.7565 -1.6879 -2.8169 1.3887 -1.2949 -3.3341 -0.1270 -0.9067 -3.3031 
25.3334 16.0844 -8.6299 -4.7036 3.6051 -1.1216 -2.0571 1.8874 -0.6076 -2.3252 0.9956 0.4437 -1.9959 
25.4250 15.8676 -9.0207 -4.6399 3.6838 -1.4326 -2.1120 2.3890 0.0172 -1.6661 1.6196 0.6248 -2.0379 
24.8736 15.5655 -8.7719 -4.4593 3.8375 -1.1978 -2.0915 2.2967 -0.0506 -2.0333 1.0975 0.3579 -2.4829 
26.2535 16.7831 -8.7259 -4.9768 2.9959 -2.1149 -2.4998 2.2962 -0.1733 -2.2101 1.0291 0.2202 -2.6184 
25.3088 15.7338 -9.1822 -4.9728 3.1827 -1.9367 -2.4568 2.0946 -0.5953 -2.6182 0.7940 0.0677 -2.6189 
25.2471 16.2158 -8.3019 -4.6560 3.4963 -1.0087 -1.8252 2.0345 -0.5127 -2.3898 0.4793 -0.4505 -2.6154 
25.1522 15.6416 -9.3515 -5.5254 2.7164 -1.9316 -2.2882 2.2724 -0.4405 -2.8733 0.2895 0.0843 -2.2156 
25.5144 16.3564 -8.4699 -4.9084 3.0298 -1.7458 -2.3640 1.9560 -0.5530 -2.7705 0.0235 -0.5346 -2.3833 
24.7971 15.4766 -8.7398 -4.2906 4.0544 -0.8605 -1.7754 2.1298 -0.5624 -2.3003 0.9638 0.0999 -2.3186 
24.1599 15.0210 -8.6537 -4.3037 3.8352 -1.0426 -1.8368 2.3838 0.0184 -1.7978 1.3269 0.6003 -1.8446 
23.7787 14.9932 -8.1046 -4.1859 3.2132 -1.7390 -2.3052 1.9552 -0.2291 -1.7057 1.4240 0.5371 -1.7246 
23.8709 15.1742 -7.8092 -3.9189 3.1508 -2.0747 -2.4719 1.9204 -0.8134 -3.0088 0.1357 -0.2674 -2.3950 
24.2362 15.1315 -8.3064 -3.6890 4.0208 -1.5999 -2.3937 2.3243 -0.0511 -2.3936 0.3535 -0.3425 -2.5250 
24.2714 15.4876 -7.8351 -3.8086 3.4574 -2.3311 -3.4768 1.3507 -0.1429 -1.9707 0.5636 -0.0675 -1.7582 
23.6320 14.9766 -7.8639 -4.0770 2.7845 -2.6918 -3.2206 1.5969 -0.3264 -2.1558 0.7466 0.1584 -1.8175 
22.4778 14.0990 -7.4698 -3.3496 2.9660 -2.8986 -3.2024 2.0624 0.2359 -1.9649 0.6162 0.2013 -1.4427 
22.9039 14.2419 -8.0049 -3.9185 2.8879 -2.3989 -2.4919 2.2847 -0.0836 -2.0154 1.0326 0.2593 -2.1047 
23.1464 14.4395 -8.1995 -4.3209 2.7384 -2.5279 -3.1166 1.5809 -0.2373 -1.9230 0.9552 0.2543 -1.8011 
22.2961 13.8295 -7.5396 -3.0355 3.4704 -2.2698 -2.6482 1.7720 -0.9425 -2.8581 0.4257 -0.1560 -2.2560 
22.7223 14.0015 -8.1075 -3.7390 3.1442 -2.5293 -2.9639 2.0680 0.0696 -2.0467 0.6252 -0.1196 -2.2638 
23.1066 14.6912 -7.4462 -3.5648 3.0218 -2.5413 -3.0678 1.5838 -0.5518 -2.4562 0.5437 0.1043 -2.0191 
23.2649 14.8268 -7.3064 -3.1149 3.8193 -1.6263 -2.3972 1.6864 -0.8018 -2.4862 0.6881 -0.0535 -2.2165 
23.6657 15.6409 -6.6512 -3.3240 3.3626 -1.8033 -2.7963 1.0855 -1.1392 -2.7764 0.4547 0.2518 -1.7504 
23.0931 15.0738 -6.7804 -3.2558 3.3454 -1.9445 -2.8454 1.4425 -0.3566 -2.0158 0.8379 0.4376 -1.5697 
23.6379 15.5958 -6.5228 -3.0441 3.2650 -2.2398 -2.7150 2.0607 0.2484 -1.6360 0.8739 0.0660 -1.9091 
21.9205 13.2677 -8.4700 -4.3818 2.5679 -2.3242 -2.5172 1.8069 -0.6957 -2.6644 0.1124 -0.7265 -2.7502 
22.8590 14.4650 -7.4451 -3.4118 3.2038 -2.5990 -3.6593 0.7324 -0.8976 -2.2092 0.4350 -0.8834 -3.0374 
23.2769 14.7458 -7.5001 -3.3822 3.1544 -2.8907 -3.5300 1.6726 0.0896 -1.7916 0.8497 0.1575 -1.7955 
22.9741 14.6341 -7.3357 -3.5626 2.8380 -2.5010 -2.5276 2.2806 -0.0637 -2.0808 0.8876 0.2546 -2.0885 
23.9096 15.6389 -6.7951 -2.9361 3.8604 -1.6284 -2.5057 1.4867 -1.0659 -2.7890 0.5842 0.2205 -1.8286 
23.3887 15.0741 -7.0501 -3.1708 3.3321 -2.1626 -2.3816 2.5321 0.4578 -1.6848 0.6811 -0.2290 -2.0031 
22.9974 14.2737 -7.8052 -2.8928 4.5509 -1.1897 -2.1436 2.3974 -0.0222 -2.3905 0.5781 0.4193 -1.5757 
23.0017 14.6383 -7.2519 -3.1801 3.4104 -2.1252 -2.5298 2.1963 0.1644 -1.7229 0.8554 -0.0293 -1.9222 
22.6445 14.3206 -7.3710 -3.4980 2.8191 -2.5271 -2.4013 2.5680 0.2326 -2.0713 0.4191 -0.3639 -2.2273 
22.5026 14.2090 -7.2883 -3.1040 3.5611 -1.8648 -2.3078 2.1682 -0.3339 -2.4505 0.7560 0.6878 -1.3284 
22.7926 14.4133 -7.3486 -3.1075 3.6972 -1.8369 -2.5339 1.9247 -0.1501 -1.8500 1.0549 0.2701 -1.8747 
22.7547 14.5629 -7.0044 -2.9628 3.6358 -1.6984 -1.9229 2.8484 0.5439 -1.7259 0.9865 0.4351 -1.6978 
21.9765 13.8037 -7.4189 -3.6969 2.4862 -2.8137 -2.8433 2.1377 0.2057 -1.9059 0.3794 -0.5834 -2.4189 
22.2263 14.0708 -7.4203 -3.8409 2.6395 -2.4125 -2.7263 1.8064 -0.3821 -2.5175 0.1628 -0.3230 -2.3381 
22.8776 15.1118 -6.3071 -2.9177 3.4649 -1.5359 -2.1749 1.8046 -0.3479 -2.0637 0.5503 -0.1330 -1.7556 
22.2287 14.0855 -7.1170 -3.0526 3.4851 -1.8956 -2.4408 2.0554 0.1160 -1.5934 1.0530 0.0976 -2.1257 
22.1377 14.1331 -6.9311 -3.0277 3.4672 -1.8200 -2.5702 1.6258 -0.2691 -1.8415 0.7392 -0.2496 -2.3672 
22.4594 14.4661 -6.8231 -3.0557 3.4531 -1.6326 -2.1070 2.0906 -0.1854 -2.1139 0.5517 0.0223 -1.6924 
21.3235 13.2606 -7.4158 -3.5106 2.9815 -1.8733 -2.1853 2.0279 0.0865 -1.4097 1.0229 -0.1228 -1.8442 
21.0169 12.9144 -7.5912 -3.5942 2.7840 -2.2432 -2.3207 2.3715 0.2813 -1.8174 0.6204 -0.2220 -2.3556 
21.6867 13.4869 -7.4031 -3.2226 3.1535 -2.4488 -3.1246 1.2668 -0.7725 -2.4130 0.5828 0.0804 -1.8843 
21.8319 13.9549 -6.8587 -3.1340 3.2287 -1.8932 -2.5654 1.4593 -0.6557 -2.3140 0.4219 -0.2160 -2.0023 
