-inf -inf -inf -inf -inf -inf -inf -inf -inf -inf -inf -inf -inf -inf -inf -inf -inf -inf -inf -inf -inf -inf -inf -inf -inf -inf -inf -inf -inf -inf -inf -inf -inf -inf -inf -inf -inf -inf -inf -inf 
-inf -inf -inf -inf -inf -inf -inf -inf -inf -inf -inf -inf -inf -inf -inf -inf -inf -inf -inf -inf -inf -inf -inf -inf -inf -inf -inf -inf -inf -inf -inf -inf -inf -inf -inf -inf -inf -inf -inf -inf 
-inf -inf -inf -inf -inf -inf -inf -inf -inf -inf -inf -inf -inf -inf -inf -inf -inf -inf -inf -inf -inf -inf -inf -inf -inf -inf -inf -inf -inf -inf -inf -inf -inf -inf -inf -inf -inf -inf -inf -inf 
-inf -inf -inf -inf -inf -inf -inf -inf -inf -inf -inf -inf -inf -inf -inf -inf -inf -inf -inf -inf -inf -inf -inf -inf -inf -inf -inf -inf -inf -inf -inf -inf -inf -inf -inf -inf -inf -inf -inf -inf 
-inf -inf -inf -inf -inf -inf -inf -inf -inf -inf -inf -inf -inf -inf -inf -inf -inf -inf -inf -inf -inf -inf -inf -inf -inf -inf -inf -inf -inf -inf -inf -inf -inf -inf -inf -inf -inf -inf -inf -inf 
4.1213 5.0462 5.2695 4.7240 4.0210 3.9029 3.1474 4.1078 4.5666 4.8072 4.6641 4.6180 4.9152 5.1989 4.7301 4.1415 4.5550 4.4925 5.3262 4.9874 5.1633 5.4908 6.8937 6.7765 5.3782 4.8926 5.3271 5.2322 4.7830 5.1730 4.3075 4.5711 5.6347 5.3499 7.1360 7.6749 6.6808 5.4938 5.2908 4.2867 
4.1126 4.3303 5.5606 4.9919 5.0543 5.7312 5.4308 5.6399 5.3416 5.2720 5.5030 5.0214 4.8356 4.8704 5.0162 4.6107 5.1890 4.8404 4.5154 4.9305 4.2385 4.1429 4.9473 4.6746 4.4272 4.8438 5.3023 4.8980 4.1301 5.4981 4.9024 4.7754 4.7574 4.5215 6.0075 7.3824 6.9174 6.3975 5.3576 4.9168 
3.4984 5.7223 5.9440 2.7853 5.6668 5.7100 6.2264 6.2722 6.4222 6.1797 6.2265 5.9755 5.2733 5.4325 4.7797 3.8818 5.2414 4.9959 4.6715 5.1601 5.8763 5.9250 6.1783 6.6819 6.3351 5.5896 5.6436 5.2625 4.9657 5.2365 6.1258 7.0603 7.6063 7.7947 7.2351 6.8167 6.2152 6.4915 5.2786 5.0216 
4.6115 5.2081 6.1834 6.6759 6.4100 5.2941 4.4923 4.9551 4.5997 5.3189 5.5844 4.8156 4.3454 4.8704 3.9976 4.6405 4.5450 4.2979 4.7019 4.6802 4.0440 5.2654 4.5846 5.0158 4.5294 4.7624 5.0368 4.1606 4.2950 4.3847 5.4298 5.4513 5.5900 5.8921 5.8024 5.6309 5.2992 4.9567 4.4169 4.8955 
4.6213 6.1588 6.6720 6.8201 6.7849 6.2534 6.1462 5.3067 5.3115 4.8565 4.6909 5.1810 4.4170 4.8662 4.0897 4.4830 4.7876 4.3358 4.9255 4.8143 5.1509 5.1247 5.1061 5.4532 5.1762 4.5354 4.4874 4.7655 5.2568 4.8494 5.1940 5.8131 5.6126 5.5204 5.6954 6.0201 6.4111 6.3500 6.9110 7.0805 
4.7962 5.3968 6.3834 6.5918 5.8266 5.3911 5.4562 4.6905 3.9593 4.3297 4.6186 4.7676 4.5927 4.7786 4.6505 5.3025 5.3341 5.0402 5.6576 5.8729 7.0365 7.0334 6.4461 6.0093 5.8912 5.4825 5.3509 4.9725 4.7202 5.3047 5.1141 4.9223 4.7901 4.9494 4.4218 4.2980 4.2106 4.8074 5.0505 5.3611 
5.2649 3.9975 5.8735 6.4378 6.6720 5.9267 6.2187 6.2710 6.5963 6.2186 4.7746 6.1578 7.9290 8.0503 7.8746 7.8545 6.8467 7.7358 8.8730 9.1807 10.0147 9.9024 9.4904 9.1050 9.1553 8.7266 7.9513 6.8729 7.8035 8.2270 8.2218 8.6337 8.2859 7.8220 7.3250 7.5455 7.0748 6.9276 6.3153 6.0413 
4.8254 6.0336 6.4995 7.1697 7.2126 7.4200 7.4433 7.3883 6.6659 6.8165 6.8408 7.5132 7.5229 7.3525 7.8825 7.4599 8.0353 8.4363 8.5116 8.7901 9.2972 9.4896 8.8594 9.1734 9.6841 9.5591 8.3488 7.7015 8.0389 8.2244 7.8507 7.9772 8.0518 8.0518 7.9322 8.6009 8.5787 8.6463 8.0294 8.0009 
3.9734 6.1215 6.3151 7.3155 7.8191 6.8416 7.0319 6.6101 6.3997 4.9457 6.5947 6.6547 6.6120 6.7661 7.9956 6.9771 6.8321 7.2391 7.5544 7.7442 8.5014 9.3114 8.6449 8.8775 8.6004 8.4756 7.3899 7.1791 7.2896 7.3787 7.2027 7.4895 7.8199 7.6368 8.2023 8.6633 9.4086 8.9739 8.9773 8.6260 
5.2393 6.2048 5.8168 6.5995 6.9573 6.6901 6.6088 6.5106 6.1839 5.8071 5.0551 4.6047 6.2689 6.8947 6.6318 5.5098 5.8497 6.2665 6.1741 7.3180 7.8174 8.2246 7.4356 7.0249 7.6264 7.5729 7.1492 6.6232 6.6769 6.9390 6.7785 7.3016 6.9591 7.2542 7.3111 8.0779 8.9506 8.4043 8.2335 7.8340 
4.9365 6.3008 5.7705 6.5296 6.6683 6.7294 6.1421 6.0990 6.1909 6.4307 6.2088 6.3704 6.2796 6.4308 6.7204 6.1984 6.5701 6.8055 7.7850 8.7003 9.2676 9.0132 8.0734 7.6418 8.1656 7.9187 7.7412 6.9988 6.7781 7.3468 7.1939 7.3708 6.8824 6.8398 6.9076 7.9610 8.6017 7.9358 7.9368 8.0977 
4.5472 6.6477 7.4951 7.4156 6.3033 6.4201 6.8328 6.5991 6.2331 5.0300 6.6275 6.7339 6.7274 6.1491 6.1770 6.6840 6.1570 6.6769 7.1100 7.6214 8.1811 8.5735 8.0686 7.2635 7.3844 7.5435 7.2297 6.2482 6.9526 7.6371 7.1189 7.2717 6.8425 6.7625 5.9114 7.4609 8.1411 7.6214 7.5142 7.5052 
5.2499 6.5777 7.2518 7.3978 6.6105 5.7344 5.8802 6.9122 5.7986 5.4019 5.5627 5.7121 6.3795 6.6425 6.6940 5.8861 6.5525 6.4189 6.7844 7.7022 8.5644 8.2076 7.6816 7.5781 6.9363 6.9626 5.7899 5.8842 6.6888 7.2277 6.4719 5.9612 5.8855 5.8900 6.7886 8.1105 8.2874 7.9579 7.0271 7.3257 
5.3218 5.7368 6.3663 6.5439 6.6849 6.3517 6.2730 6.6692 6.0907 6.0032 5.5989 5.3163 6.1092 5.8674 6.5576 6.2953 6.3220 6.2605 6.8312 7.3950 7.2067 7.5727 6.8600 6.9735 6.2128 5.6050 5.8529 5.1153 6.3074 7.0115 6.7671 6.3338 6.0946 5.8024 6.8045 7.4180 8.1116 7.6849 6.6886 6.7998 
5.5304 6.2914 6.4561 5.9384 5.2889 6.1835 5.5725 5.7028 5.4406 4.8195 4.8865 4.4978 5.6392 5.2668 5.8650 5.2609 5.3146 5.9510 6.4363 7.3372 7.7751 7.1116 6.4910 6.4467 6.6162 6.4109 6.3817 5.5612 5.8860 6.8613 6.7893 6.3443 6.3092 5.7289 6.9150 7.7994 7.8581 7.7217 7.3820 7.2967 
4.2727 5.9218 6.1219 5.7415 4.5563 5.4822 5.7501 5.6500 4.9692 5.7525 6.1829 5.5749 5.5492 6.3752 5.9899 6.1933 6.0986 5.8679 7.0384 7.3322 6.8722 6.3347 6.9930 7.3901 6.6673 6.0392 6.1434 5.7508 6.1125 6.0955 6.1997 6.0088 5.9047 5.5411 6.3750 7.4737 7.4012 7.3168 7.1032 7.0782 
3.4798 5.2878 5.9888 5.8869 6.0269 6.2335 6.2639 5.5763 5.3372 5.5381 5.7187 5.2906 4.7708 5.6905 5.9067 5.8239 5.3217 5.9902 6.2051 6.8984 6.7987 6.6108 6.5096 6.3290 5.9467 6.2207 6.5668 5.5007 5.9268 6.6355 6.2183 6.5452 6.4279 6.1037 7.5524 8.3749 7.7141 7.6477 7.7940 7.7961 
3.8274 4.2673 5.8305 5.8394 4.9647 6.0832 6.1901 5.8739 4.8590 4.9851 5.6334 5.9025 5.4377 5.6547 5.6106 5.9885 5.3391 5.7334 6.5564 6.2060 6.0601 6.0707 6.1502 5.9310 5.4891 5.5342 4.9989 5.0441 5.7965 6.0690 5.3566 5.1081 5.5723 5.1912 5.7644 6.6557 6.7908 6.2444 5.6956 5.6233 
4.7493 5.1038 5.9318 6.7235 6.5592 6.5081 5.8414 5.3266 4.3062 4.6837 5.5339 5.4932 5.4574 5.1191 5.4993 5.3628 5.1172 5.9952 6.3318 6.7852 5.7683 6.2781 6.3520 7.2714 7.0826 6.2960 6.5291 5.8208 5.9607 5.8399 5.6852 5.7662 5.5904 5.4838 5.9216 6.8180 6.7840 6.1281 5.7438 5.6453 
3.9523 5.2821 6.3120 6.9337 6.5971 5.4537 5.4251 5.2331 4.4477 5.4530 6.0320 6.1475 5.4264 5.6131 5.9754 5.5505 5.8139 6.1098 6.4786 6.7972 6.6135 6.1031 6.0056 5.7490 6.1064 6.4898 6.2950 5.1511 5.2345 5.6702 5.5813 5.5294 5.5935 4.9594 5.0283 5.7449 6.1168 5.2863 5.3002 5.5231 
3.5269 6.1662 6.8174 6.6963 6.9077 6.7446 6.5124 6.1328 6.1342 6.6591 6.6136 6.0752 5.5442 5.4147 5.6848 4.9834 5.9271 5.7877 5.7616 6.1754 5.7681 5.8357 5.8841 6.0464 6.3068 6.8772 6.5096 6.7765 7.5125 6.5661 6.2443 6.0738 5.7172 5.7256 5.0872 5.5448 5.4998 5.5513 5.4230 5.8042 
5.3783 7.0672 7.1919 8.3369 8.7337 8.1522 8.7241 9.1703 9.0684 9.7471 9.7016 8.7349 8.3012 7.2470 7.1493 6.2607 6.3852 6.6396 6.7723 6.8771 7.5823 8.0107 8.5678 9.1895 10.2205 11.0638 11.1669 10.6390 10.7826 10.5129 10.0304 10.4048 10.8231 10.5609 8.7252 8.3970 7.5469 7.9327 6.9724 6.5567 
5.7713 6.9697 4.4586 8.9947 9.3078 7.7658 8.7639 10.0565 9.1735 8.3750 9.7797 8.6550 7.7618 7.6303 6.7849 6.7492 7.0501 7.0649 7.3865 7.2384 7.5144 8.0647 8.3683 8.9723 9.5543 10.3910 11.3192 10.2788 10.4461 10.2230 9.8065 9.9139 10.1840 9.1950 7.8852 7.8779 7.4581 7.8360 7.0727 6.0586 
4.8857 6.3295 7.5655 9.2439 9.3474 7.8303 9.0246 10.2732 9.2642 8.4115 9.6538 8.4037 7.7286 7.3944 6.8437 6.6923 6.6943 6.8045 7.2905 7.2122 7.6057 7.9905 8.4766 8.8861 9.4097 10.2714 11.1853 10.5143 9.7832 9.8578 8.9741 8.9499 9.3390 8.1531 6.9598 7.1484 7.1453 7.5411 6.6251 5.3799 
4.9111 6.3539 7.1854 9.3287 9.5845 7.8531 8.6740 10.2555 9.4785 7.5650 9.2938 8.4864 6.3804 7.1555 6.1144 6.0176 6.6203 6.9868 6.4602 6.4053 7.8903 7.8260 8.2407 8.7830 9.2135 10.0482 11.0714 10.6961 10.5822 10.2043 9.4683 9.4511 9.3011 7.9559 6.3057 6.3526 7.0560 7.3656 5.9893 5.2107 
5.2733 6.1118 6.0495 9.1595 9.8365 8.6792 6.8451 9.6758 9.6013 6.6098 7.3536 7.8857 5.7726 6.8266 6.0210 5.8335 6.1450 6.3339 6.0875 5.8339 6.6400 7.2215 7.4083 8.0181 8.2124 8.8012 9.7194 9.7515 9.5115 8.7109 8.3142 8.0561 7.9778 6.8257 5.7317 6.6396 7.1889 7.2223 5.7081 4.9653 
4.8132 6.9274 7.1095 9.0741 9.9716 8.7836 5.8825 8.7935 9.1563 6.9180 6.6716 7.5989 5.8197 6.1279 6.0835 5.8732 5.9632 6.0085 5.7635 6.0736 5.7239 6.3647 6.9389 6.5587 7.1972 7.9421 9.1940 9.5419 8.9354 8.7597 8.0220 8.2344 8.0297 6.9129 6.1276 7.0316 7.1049 6.6526 5.7917 5.5226 
5.0757 5.5801 5.9874 8.8919 10.0427 9.2390 6.7084 8.3237 9.1758 7.8071 7.2820 8.0548 6.8613 5.6150 5.7637 5.6533 6.0299 5.9888 5.7033 6.0861 6.1205 6.3755 6.9284 7.2884 7.3799 8.1271 8.9855 9.5702 9.2409 9.0990 8.5746 8.0753 8.0777 7.2668 5.9353 7.0052 7.4132 7.2241 5.2563 5.1150 
4.4294 6.4262 6.8937 7.7080 9.3501 8.8987 6.2948 7.6349 8.6444 7.5407 6.4598 7.3795 6.6214 5.9869 6.2586 6.0495 6.1190 5.8063 5.4647 5.8431 6.0348 5.9571 6.5027 7.4550 7.8034 8.5366 9.5038 9.9122 9.6531 9.5557 8.6744 8.8078 9.3348 8.8304 6.5683 6.0764 6.8513 7.0190 5.5481 4.9692 
4.1044 5.6989 6.8790 6.9316 7.5267 7.7218 8.4855 8.2960 7.8269 6.6414 6.4478 5.6149 6.3085 5.7487 5.7649 5.6935 6.4726 6.2025 6.5681 6.3708 6.1998 6.3472 5.9216 6.3844 7.2099 7.1708 7.3463 7.3407 7.3571 7.0743 6.4560 6.5214 7.0353 6.3943 5.1344 5.3625 5.4608 5.4270 5.3306 4.9876 
2.2842 5.6063 6.4285 5.5580 7.1310 6.5306 6.2011 6.1663 7.5374 6.9155 6.3347 6.7589 6.0807 5.2069 5.6132 6.0472 5.9400 6.1372 6.8648 7.4095 7.7525 7.3014 6.5091 5.7702 6.0604 6.5432 5.8772 5.7758 6.4378 7.1539 6.3362 6.7810 7.1547 6.6690 6.8533 7.5412 8.1449 8.5375 8.0162 7.6393 
5.3725 6.2217 6.6932 5.7489 6.3531 6.0443 6.2420 6.3546 6.5257 6.0142 5.7952 5.5925 4.6192 5.2449 6.0799 6.3026 6.4317 7.3570 7.6218 8.0347 8.2318 7.8413 7.0316 6.8942 6.0499 6.4318 7.2222 7.0353 6.2422 7.0952 7.0602 7.1925 6.7083 6.8909 8.2153 9.0643 9.8388 9.3629 9.4435 8.5760 
5.5736 6.6459 7.1125 5.8822 7.4156 6.8481 5.9993 6.0919 6.2096 5.4931 5.5743 5.1966 4.6248 4.6992 5.6367 6.0271 5.9288 5.9914 5.5278 6.4965 6.6305 6.6150 6.6707 5.7759 5.6201 5.8359 6.5058 6.3619 6.2165 6.9368 6.2752 6.6743 6.7674 6.6806 7.6460 8.3780 9.2333 8.7890 8.9002 8.4712 
4.6426 5.4349 6.5288 6.8744 6.9042 7.0032 6.7584 6.1909 5.9343 5.3765 6.2355 5.6172 5.7960 6.2389 5.8426 6.4175 5.9290 6.3853 6.6782 7.0424 6.5475 6.5821 7.0962 7.2653 6.9355 6.2411 6.8433 6.0376 6.1919 6.7313 6.6248 6.3365 6.0166 6.3076 7.5770 8.4422 8.9687 8.4704 8.1833 8.0219 
5.2718 5.7665 5.9203 6.7955 6.5561 7.2799 7.5505 6.8961 7.2278 7.2556 6.6269 5.8083 4.7942 4.9857 4.9793 5.1399 5.5461 4.9271 5.9721 6.7107 7.3464 6.5469 6.5728 5.9641 5.8230 5.6143 5.8569 5.9384 6.1374 6.9050 6.7467 6.4237 5.9426 5.9529 6.8786 8.0306 8.3893 7.6998 7.7349 7.3222 
4.3710 5.6760 5.5200 5.3970 5.6307 6.7109 7.0688 6.8415 7.6796 6.8091 6.3098 5.7911 4.8220 5.3677 5.2792 4.6774 6.0029 5.5844 5.4928 5.7788 8.4182 8.0422 6.3775 5.0610 5.5336 6.2311 5.8892 5.9879 6.1092 6.0185 5.8063 5.5016 5.6429 5.8515 6.6253 7.8182 7.9529 7.5601 7.2519 7.2895 
4.5424 5.9901 6.1084 6.1702 6.4664 6.7754 7.4845 6.6720 6.4743 6.4018 5.4383 5.7509 6.0278 5.4664 4.7233 5.4631 5.6411 5.2098 6.2898 7.5005 7.1564 6.9885 6.1150 6.2902 6.4906 6.1054 6.5142 5.6019 6.6999 6.7309 6.4225 5.6673 6.9021 6.6378 6.5495 7.3689 8.0587 7.7461 7.8747 7.0540 
4.5539 4.6999 5.4739 5.6519 6.6276 6.5851 6.4881 6.4516 6.6355 6.0631 5.7310 5.9840 6.3497 5.2710 4.9550 4.9884 6.0009 6.0074 6.4810 6.2266 5.9922 6.4285 5.7150 6.1911 5.6576 5.8762 6.2327 5.3827 5.8395 6.3251 6.2687 5.4575 5.7860 5.9447 6.5145 7.4641 7.7261 7.2327 7.6413 7.0726 
3.4464 4.8160 5.8793 6.5349 6.6119 6.8433 6.9596 6.7248 6.1378 5.9075 6.4601 5.4151 5.0543 5.5786 5.4561 5.8359 6.0761 5.6527 5.9771 5.3808 5.6847 6.3020 5.8947 5.6893 4.8324 5.6222 5.2395 4.9947 5.3640 6.2794 5.8513 6.1073 6.3116 5.8417 6.1789 6.9428 7.4716 7.2713 7.7565 7.0829 
4.0465 5.4368 5.2569 6.2283 6.2682 5.8898 5.6717 6.3869 6.3907 6.0456 5.4991 5.2605 4.9557 5.4554 5.6986 4.5438 5.6491 6.1512 6.2224 5.9511 5.4241 5.2944 6.2967 5.7110 5.2585 5.5162 5.4407 5.4728 5.8808 5.6161 5.6664 5.9657 6.3932 6.3444 6.5311 7.0371 7.0882 7.3128 7.5155 6.8651 
4.0490 5.4034 6.0721 6.1488 6.1813 6.7570 5.8987 5.3894 5.5438 6.3453 5.4900 5.8381 6.1205 6.2716 6.4602 6.1195 6.8994 6.3422 6.5106 6.7421 6.5921 7.2561 6.8641 6.7317 6.0353 5.7671 5.5161 6.0677 6.1010 5.8047 5.5451 6.1739 6.0347 5.8951 7.3865 8.0868 7.2472 7.2785 7.5758 7.3908 
4.4583 5.0145 6.1310 5.6870 5.8508 5.2922 5.5284 5.9579 6.3896 6.4201 5.7874 5.7876 6.6817 5.6723 6.2332 6.4700 6.8581 6.4203 6.8521 6.4960 6.3912 6.3020 6.3065 6.2072 6.1069 6.2748 5.9285 5.6182 5.5486 5.4119 5.7402 5.5923 5.6680 5.8983 5.7717 6.0727 5.8413 5.5777 6.3898 5.8869 
4.1451 5.9982 6.4361 6.2194 5.9524 6.2057 5.6224 5.5888 6.9865 7.1726 6.6683 5.8900 5.6385 6.0871 5.9073 5.7454 5.3336 7.4150 7.9537 8.7729 8.0320 8.5085 8.9491 8.9523 8.6630 8.0005 7.9890 7.2174 7.1580 8.3046 8.1691 7.6139 7.9040 7.2971 8.1377 9.0818 9.0413 8.9502 8.5972 7.7750 
5.0088 6.2212 6.0975 4.9310 6.2460 6.6112 6.3314 6.1139 5.9301 5.9022 5.9132 6.2107 6.0079 6.2594 5.9332 5.8928 6.2445 6.6869 7.4007 7.7129 7.1397 7.6534 7.5583 7.2075 7.3569 7.5442 7.5392 6.6782 7.0689 7.8133 7.5732 7.3968 7.3968 7.2579 7.7071 8.8993 8.6789 7.9547 7.9284 7.4081 
3.0238 5.6375 5.9204 5.3344 6.3830 6.1264 6.3763 6.4226 5.9714 6.4678 5.5179 5.4677 6.0435 5.2120 5.4669 4.7219 5.9291 6.7886 6.4983 6.3102 7.1547 6.5365 6.5750 7.0371 6.2448 5.3021 5.8519 5.3270 6.1662 6.8781 6.4764 5.9114 6.6552 6.9385 6.8884 7.3595 7.7491 7.6592 6.7100 6.4315 
4.3856 5.7227 6.3393 6.4793 6.8492 7.0779 6.2643 6.6560 6.0073 5.9139 6.0205 5.3817 5.6808 6.5559 6.4303 5.5743 6.0755 5.8783 6.1595 6.6807 6.4212 6.6087 6.2981 6.3983 5.5568 4.6411 6.0253 5.4965 5.8278 6.1194 5.6736 5.8707 5.8992 5.9568 6.0753 6.5256 6.2552 6.5590 5.8268 5.3208 
2.8659 4.8822 6.1567 6.3497 6.3408 5.8757 5.4721 5.8204 6.0102 6.4583 5.6923 4.6065 5.0294 5.1595 5.0185 5.2969 6.2428 5.8119 5.7662 5.3363 4.6424 6.3854 6.3519 5.4532 5.8864 5.2889 5.0941 5.2545 5.4080 5.8355 5.4134 5.5974 5.7290 5.4514 5.4690 5.7219 5.7764 5.7841 5.3074 4.8965 
4.8980 5.9682 6.2234 6.8002 6.5681 6.4195 6.6469 6.2733 4.9875 5.6029 5.9902 4.7919 4.2867 5.0293 4.9136 5.1310 5.9455 5.7997 5.4843 5.6898 5.7264 5.3053 5.7180 5.3059 5.5769 5.5909 5.6654 4.8110 4.8821 5.6084 5.9142 5.9144 6.0352 6.2060 5.2498 5.7031 5.7390 5.2144 5.2281 5.3169 
2.0173 3.5783 5.2076 3.6957 6.4239 6.0235 4.9159 5.4464 5.1921 5.6361 5.1123 5.2211 5.0010 5.9076 5.4386 4.7692 5.8735 5.9824 5.8317 5.9080 5.4521 5.8121 5.9722 5.8986 5.5381 5.8956 5.6028 5.1807 5.0846 5.5011 4.8418 5.7335 6.3988 6.5234 5.7254 5.7921 5.6614 5.4369 5.3628 5.2420 
3.7421 4.9874 6.0737 6.3909 6.4527 6.1033 5.0309 4.1367 5.6029 5.9660 5.6662 5.3929 5.3476 4.9199 5.2457 5.3457 6.1989 6.0300 5.4114 4.9354 5.7476 5.5064 5.7437 5.8060 5.5132 5.4744 5.6102 5.3332 5.4261 5.1983 5.6779 5.8188 5.9001 6.1702 6.2034 6.9790 7.0091 6.6538 6.7853 5.9505 
4.4598 4.3527 5.9189 6.8510 7.0661 5.7043 4.7586 5.0855 4.5575 4.9231 5.9015 5.7378 5.8254 5.2562 5.2467 6.0022 5.9155 5.4434 5.8482 6.4874 5.6949 5.6518 5.8907 5.6088 5.4440 5.8952 5.5119 5.2274 5.2521 4.7364 5.5170 5.8060 6.4053 6.2111 5.2511 5.4161 5.5652 5.3990 5.0983 4.9273 
4.3699 5.5241 5.7485 6.6523 7.4575 7.3905 6.2330 7.2980 8.0506 8.2609 6.8618 6.1568 6.3305 6.6075 5.9921 6.4963 6.8289 6.5603 6.9192 7.1201 7.2198 7.7803 7.8139 7.6875 7.0326 7.0349 6.2120 5.9888 6.1878 6.1575 5.7968 5.7209 6.3867 5.9215 4.9777 4.9953 5.2042 4.9133 5.2615 5.0016 
5.0910 5.3915 4.9711 5.5908 5.8581 6.2185 5.8934 6.5105 6.9591 7.7381 6.4097 6.0028 6.2109 6.1245 6.0843 6.8417 6.0849 5.8984 6.3781 6.9455 7.1508 7.1262 8.1732 7.3481 7.3189 7.4086 6.7660 6.4556 5.9158 6.1238 5.9531 6.0140 6.8137 6.4548 5.2278 5.1717 5.4912 4.9804 5.0189 4.8472 
4.8647 6.0717 6.3646 6.2613 6.8155 7.0373 5.9416 6.2918 7.1190 6.3823 6.7493 6.7926 6.3687 5.8481 5.9951 5.7789 6.4386 6.1466 6.9512 7.1319 6.9657 7.0746 7.7311 6.9693 6.3191 6.5381 6.2787 5.5047 6.1030 5.3399 5.7579 5.9418 6.4174 6.0368 4.7824 4.7856 5.4235 4.8431 4.9157 4.7069 
3.6893 4.8230 6.1868 6.0548 6.1417 6.5925 6.3136 6.4847 6.2991 6.8796 6.7693 6.4045 5.9063 6.3358 5.6459 7.0076 6.7198 7.0594 7.4823 6.5893 7.1671 7.2481 7.2672 6.6391 6.4200 6.8521 6.8607 6.1476 6.3916 6.7594 6.9382 7.2441 7.6756 7.1971 7.5604 9.0020 8.7652 8.8229 8.4314 8.5176 
3.4050 5.2673 5.4002 4.4677 5.2293 5.9344 5.5710 6.1444 6.8901 5.9916 5.9839 5.7751 6.2130 6.4297 5.4782 5.9377 6.4573 6.7216 7.3444 7.2160 6.8381 6.8484 7.5743 8.3098 7.2313 6.8977 7.1708 5.8745 6.1184 6.6034 6.7719 7.6054 7.6823 7.5802 8.4187 9.1049 9.6203 9.4387 9.6338 8.9169 
4.2422 5.7802 6.3348 6.2174 5.6914 6.1038 6.6035 6.7480 6.2790 6.1940 5.4222 5.7011 5.5322 5.5573 5.7600 5.7414 6.1493 6.1149 6.1600 6.6785 6.4499 6.0767 6.3453 7.7462 6.9308 6.3623 6.2680 5.8887 6.4111 7.3180 6.1649 6.8107 7.3900 7.5703 7.8822 9.1123 9.8115 9.1447 8.9274 8.6759 
3.9513 4.7265 5.2733 5.6245 6.4151 6.1387 5.1173 5.7990 6.4174 6.1892 6.2037 6.2185 5.7696 5.9113 4.8828 5.4236 6.1654 5.9143 5.3722 6.7027 6.9959 6.5670 6.6863 6.9857 5.6372 6.2909 6.7850 6.3752 6.4178 6.7671 6.4193 6.8026 7.3249 6.5954 7.7277 8.7527 9.2078 9.0933 8.8212 8.1223 
3.7198 5.0012 6.4051 7.0653 7.5810 6.9042 6.0423 6.4135 7.0554 7.1308 6.1396 6.1310 5.7589 6.6683 6.6197 7.1695 6.9039 6.5143 6.7920 7.4529 8.3659 8.1601 7.4204 7.6447 7.8220 7.4802 7.2839 6.7980 6.7576 7.5958 7.2660 6.9359 7.0840 6.5241 7.3870 8.9758 9.0132 8.4977 8.1001 7.8419 
3.6874 6.0970 6.5706 6.5847 7.3207 7.1435 6.1417 6.0103 6.8821 6.9063 6.4620 6.1410 6.4211 6.7178 7.2713 7.2514 6.8793 6.5703 6.7335 7.1510 8.5504 7.7249 6.8322 6.7533 7.7053 7.5819 7.2041 6.3894 6.2972 6.9401 6.6259 7.1778 7.3615 6.5435 7.0242 8.5622 8.6134 8.4327 7.8776 7.7425 
5.5357 6.7946 6.9331 6.6077 7.3545 6.9082 5.2114 5.3234 5.3924 5.7154 5.2108 5.9831 6.4227 6.6630 6.9269 7.7435 7.5922 6.8932 6.7715 8.4048 7.7761 7.0075 6.4796 6.4811 6.5847 6.7586 7.2388 6.4774 6.4471 7.7417 7.1694 6.7790 7.2918 6.9480 6.7621 7.4889 8.3600 7.8581 7.5671 7.3258 
3.9684 5.4036 6.2409 5.4307 5.7739 5.3326 4.4813 5.0197 4.9583 4.8040 5.2601 5.8788 6.0250 5.7224 5.7136 6.2479 6.3328 6.4463 6.4058 6.3742 6.6686 6.1851 5.8487 6.1407 6.5274 6.4924 6.5773 6.2532 6.0377 7.4099 6.6479 6.5035 6.4709 6.3362 6.9099 7.8089 8.1686 7.7421 7.2883 7.3586 
3.8898 4.6234 5.3120 5.5693 6.4695 6.4624 5.8695 6.0682 5.8992 5.5207 5.8941 5.7870 5.5368 5.9800 6.4132 6.4351 5.7977 6.1747 6.1905 6.3566 5.8524 6.6552 6.1422 6.3240 5.9853 5.4216 5.9471 5.1931 6.2219 6.5187 5.7033 6.2812 6.0734 5.8639 6.3751 7.1442 7.9536 7.5638 7.0958 6.8333 
3.3882 3.9759 6.1643 7.0627 6.9443 6.0520 4.4437 5.2517 5.1137 5.7754 5.6146 5.1778 4.9795 5.2269 5.7008 6.0051 6.1887 6.7804 6.5133 6.4869 6.6001 5.7837 6.5908 6.5234 6.0545 5.9983 6.5131 5.3085 5.5642 6.0078 6.0948 6.4955 6.0900 6.0722 7.3916 8.1643 7.6151 7.8408 7.8394 7.6141 
3.1504 4.3665 5.1178 5.3017 6.6967 6.1884 4.9411 4.8949 4.9211 4.5600 5.8848 5.8750 6.3929 6.4899 6.3885 7.1370 6.0553 6.3017 6.1817 5.9883 5.5012 6.5916 6.7238 6.3528 6.4257 5.9587 5.7879 5.6124 5.4545 5.0418 5.2421 5.8068 5.8687 5.6208 5.8534 5.6231 5.9987 6.1234 6.4186 5.9451 
4.8068 5.6248 6.4744 6.4453 7.0577 6.5897 6.4958 6.4759 5.9924 5.5790 5.1697 6.0884 6.5147 6.1598 6.0093 6.8821 6.6707 5.7695 6.2365 6.7211 6.8918 6.2849 6.4768 5.6536 6.0182 5.8773 5.7156 4.9428 5.2330 5.5568 5.4464 5.7001 5.6643 5.7783 5.7126 6.2726 6.1140 6.0074 5.4852 5.1641 
3.3988 5.5190 6.4755 6.7686 6.2325 5.8636 6.7274 7.5401 6.5481 5.8940 6.7482 6.1659 5.4209 6.2083 5.8732 6.4461 6.2681 6.3655 7.7540 8.1796 6.7175 7.0622 6.5140 6.5993 7.1826 6.8298 6.4644 5.8179 6.9610 7.8233 7.6461 7.5926 6.9068 6.4040 7.2903 8.7225 8.4904 7.9660 7.7019 6.9677 
4.7401 5.6590 6.8402 7.0866 7.0112 6.4363 6.6133 7.3417 7.0477 6.5446 5.9904 5.6761 5.6029 5.5256 5.1265 5.9246 5.5904 5.8289 6.9096 6.6488 7.0918 6.6731 6.7990 6.6382 6.8776 6.3191 6.7490 6.2368 6.2809 7.2501 6.7708 6.2139 6.9194 6.1893 6.7847 7.8730 7.7073 7.8625 7.6024 6.7970 
4.1675 5.5214 6.0907 6.3348 5.6529 6.3242 6.6476 6.6758 6.2751 5.8871 6.0260 5.3365 5.7661 6.0787 5.4654 6.3546 6.4605 6.6102 6.8931 6.8272 6.7148 6.5005 6.7306 6.3617 6.3390 5.7056 5.5499 5.3547 5.7939 5.9316 5.6720 5.9071 5.9461 5.8424 5.7683 6.5302 6.6919 6.4754 5.8302 5.3786 
3.4388 3.8036 4.6642 4.8444 5.0962 4.9893 5.1116 4.8498 4.3855 4.2980 3.9880 4.1676 3.5970 4.2209 4.4677 5.1882 5.0960 4.7888 5.7320 5.7084 5.6274 5.2668 5.8147 5.2443 5.1211 4.5566 4.1922 4.3880 4.9423 5.0189 4.8465 5.4342 5.1292 5.2723 5.5668 5.9276 6.2185 5.8955 5.5374 5.1615 
-0.7546 -0.0837 0.8089 0.5309 1.1108 0.6212 1.5527 1.6915 1.3528 1.1883 1.2322 1.5519 1.3675 1.9344 1.9349 2.8732 2.9620 2.9117 3.7513 3.7970 4.0425 3.6967 4.1567 3.6945 3.7080 3.2668 2.9981 3.0348 3.9730 4.0595 3.8851 4.4873 4.3702 4.6624 4.8636 5.3980 5.8072 5.5015 5.2931 4.9444 
-4.3571 -3.2391 -2.8351 -4.4778 -2.4464 -2.4839 -1.5483 -1.4104 -1.7865 -1.9452 -1.5337 -0.9967 -0.9721 -0.3535 -0.4963 0.6652 0.9285 1.0785 1.9085 2.2150 2.5037 2.2921 2.7518 2.2817 2.3637 2.0779 1.9370 1.9740 3.1086 3.1628 3.0385 3.6755 3.7138 4.1030 4.2788 4.9558 5.4169 5.1645 5.0783 4.7728 
-6.8583 -6.3062 -6.2409 -6.6984 -5.5070 -4.9978 -4.3910 -4.4096 -4.9592 -5.2664 -4.1336 -3.5153 -3.3477 -2.6125 -2.4403 -1.4737 -1.0089 -0.7200 0.1696 0.6884 1.0037 0.9460 1.4106 0.9354 1.0534 0.9067 0.9079 1.0200 2.2598 2.3061 2.2498 2.9231 3.0902 3.5592 3.7952 4.5395 5.0429 4.8803 4.8712 4.6151 
-9.7250 -9.3942 -9.3388 -9.1917 -8.3191 -7.6572 -7.1871 -7.3185 -8.1332 -8.1231 -6.5443 -6.0216 -5.7082 -4.7935 -4.3056 -3.5601 -2.8719 -2.4990 -1.4947 -0.8233 -0.4716 -0.3869 0.0891 -0.3810 -0.2329 -0.2539 -0.1084 0.1018 1.4135 1.4666 1.4881 2.2020 2.4809 3.0239 3.3548 4.1321 4.6766 4.6140 4.6668 4.4631 
-12.5844 -12.4920 -12.2210 -11.8867 -11.0599 -10.3839 -9.9720 -10.1550 -11.1557 -10.2223 -8.8893 -8.5374 -8.0085 -6.8897 -6.1834 -5.5975 -4.6872 -4.2794 -3.1181 -2.3297 -1.9316 -1.7189 -1.2245 -1.6711 -1.5006 -1.4043 -1.1166 -0.8025 0.5672 0.6407 0.7462 1.4996 1.8803 2.4949 2.9241 3.7290 4.3156 4.3544 4.4639 4.3143 
-15.2945 -15.7570 -14.9323 -14.6499 -13.7849 -13.1438 -12.7449 -12.9378 -13.7485 -12.3742 -11.2400 -11.0882 -10.2198 -8.9214 -8.0897 -7.5838 -6.4775 -6.0601 -4.7150 -3.8331 -3.3814 -3.0519 -2.5339 -2.9370 -2.7540 -2.5438 -2.1182 -1.6974 -0.2789 -0.1738 0.0190 0.8098 1.2861 1.9707 2.4968 3.3288 3.9591 4.0976 4.2619 4.1682 
-17.8321 -20.2005 -17.4792 -17.5593 -16.4959 -15.9044 -15.5285 -15.6808 -16.1401 -14.5912 -13.6144 -13.6602 -12.3331 -10.9113 -10.0214 -9.5155 -8.2590 -7.8225 -6.2909 -5.3336 -4.8234 -4.3853 -3.8406 -4.1850 -3.9968 -3.6719 -3.1146 -2.5849 -1.1245 -0.9795 -0.6979 0.1299 0.6966 1.4502 2.0707 2.9308 3.6065 3.8425 4.0607 4.0243 
-20.3245 -21.4364 -19.9942 -20.8349 -19.2101 -18.6455 -18.3567 -18.3980 -18.4223 -16.8663 -16.0132 -16.0979 -14.3545 -12.8785 -11.9731 -11.3898 -10.0421 -9.5480 -7.8496 -6.8310 -6.2589 -5.7186 -5.1450 -5.4211 -5.2316 -4.7880 -4.1068 -3.4660 -1.9694 -1.7784 -1.4079 -0.5418 0.1109 0.9326 1.6454 2.5343 3.2577 3.5887 3.8601 3.8825 
-23.0440 -23.7403 -22.7095 -24.0028 -21.9815 -21.4000 -21.1815 -21.1340 -20.6476 -19.1828 -18.4395 -18.3938 -16.3440 -14.8365 -13.9393 -13.2099 -11.8334 -11.2373 -9.3959 -8.3247 -7.6885 -7.0511 -6.4476 -6.6495 -6.4601 -5.8918 -5.0953 -4.3414 -2.8132 -2.5721 -2.1134 -1.2059 -0.4717 0.4174 1.2208 2.1389 2.9125 3.3361 3.6600 3.7426 
-27.2554 -26.0576 -26.1592 -25.6845 -24.9371 -24.2465 -23.7819 -23.9299 -22.8523 -21.5164 -20.9032 -20.3584 -18.3213 -16.7938 -15.9131 -14.9887 -13.6381 -12.8877 -10.9332 -9.8144 -9.1122 -8.3826 -7.7482 -7.8730 -7.6830 -6.9830 -6.0805 -5.2115 -3.6560 -3.3616 -2.8161 -1.8631 -1.0517 -0.0958 0.7968 1.7443 2.5709 3.0847 3.4606 3.6044 
-26.3430 -26.4434 -25.9307 -26.4706 -27.3652 -27.1752 -26.0211 -26.8962 -25.0839 -23.8863 -23.3823 -22.2060 -20.2908 -18.7558 -17.8839 -16.7430 -15.4610 -14.4833 -12.4632 -11.2996 -10.5301 -9.7127 -9.0469 -9.0933 -8.9006 -8.0618 -7.0627 -6.0768 -4.4975 -4.1477 -3.5171 -2.5139 -1.6291 -0.6072 0.3737 1.3503 2.2327 2.8345 3.2616 3.4680 
-26.1115 -25.8814 -25.4746 -26.5746 -25.8945 -26.2441 -25.8814 -25.8539 -26.2519 -25.8163 -25.2394 -24.0930 -22.2549 -20.7291 -19.8384 -18.4872 -17.3066 -16.0252 -13.9869 -12.7799 -11.9421 -11.0414 -10.3437 -10.3118 -10.1122 -9.1284 -8.0418 -6.9376 -5.3377 -4.9308 -4.2169 -3.1587 -2.2042 -1.1168 -0.0486 0.9567 1.8979 2.5857 3.0632 3.3332 
-25.8541 -25.7503 -26.6862 -25.9930 -25.3608 -25.4637 -25.5046 -25.7307 -26.6268 -26.6273 -24.8240 -25.6270 -24.1491 -22.6843 -21.7445 -20.2385 -19.1747 -17.5396 -15.5049 -14.2552 -13.3479 -12.3685 -11.6386 -11.5292 -11.3159 -10.1832 -9.0176 -7.7946 -6.1766 -5.7113 -4.9159 -3.7979 -2.7768 -1.6245 -0.4699 0.5636 1.5665 2.3381 2.8652 3.1999 
-24.9455 -25.9930 -24.9533 -26.2280 -25.9552 -24.5247 -27.0327 -24.9537 -24.7761 -24.5335 -24.6656 -25.1804 -24.7037 -24.3651 -23.5317 -21.9801 -21.0334 -19.0351 -17.0177 -15.7249 -14.7478 -13.6940 -12.9313 -12.7462 -12.5084 -11.2267 -9.9898 -8.6480 -7.0140 -6.4892 -5.6140 -4.4320 -3.3469 -2.1305 -0.8903 0.1709 1.2384 2.0919 2.6678 3.0681 
-24.2582 -24.0174 -24.0174 -25.4233 -25.0895 -23.8349 -24.5341 -25.6464 -24.0920 -24.2499 -23.9725 -24.2839 -24.6443 -24.7991 -24.2941 -23.8067 -22.7281 -20.5255 -18.5257 -17.1890 -16.1414 -15.0178 -14.2218 -13.9633 -13.6852 -12.2598 -10.9579 -9.4984 -7.8498 -7.2648 -6.3112 -5.0615 -3.9144 -2.6345 -1.3098 -0.2215 0.9135 1.8469 2.4708 2.9376 
-23.8512 -24.3640 -23.2323 -24.0370 -24.0288 -23.5110 -23.6904 -24.1153 -23.7227 -26.0519 -24.6656 -23.8139 -23.6279 -23.9178 -23.3847 -24.4678 -23.1396 -21.8014 -20.0152 -18.6418 -17.5276 -16.3392 -15.5095 -15.1810 -14.8440 -13.2838 -11.9212 -10.3462 -8.6842 -8.0379 -7.0073 -5.6867 -4.4793 -3.1364 -1.7283 -0.6134 0.5920 1.6033 2.2744 2.8086 
-23.5670 -23.8020 -22.1667 -23.1089 -23.5742 -23.3085 -23.2697 -23.2490 -22.9769 -22.8330 -22.5862 -23.0068 -22.9526 -23.2530 -22.4050 -22.8019 -23.2607 -22.9686 -21.4284 -20.0949 -18.9074 -17.6596 -16.7947 -16.4002 -15.9846 -14.2998 -12.8790 -11.1919 -9.5170 -8.8085 -7.7019 -6.3080 -5.0414 -3.6362 -2.1459 -1.0049 0.2736 1.3609 2.0785 2.6808 
-23.0074 -23.4554 -22.6311 -23.4554 -22.9534 -22.1437 -23.3591 -23.0088 -22.6355 -22.4876 -22.1050 -22.3046 -22.6315 -22.2905 -22.0689 -22.1730 -22.7379 -21.8799 -22.2361 -21.5766 -20.2934 -18.9887 -18.0854 -17.6244 -17.1067 -15.3091 -13.8308 -12.0357 -10.3482 -9.5765 -8.3948 -6.9259 -5.6007 -4.1337 -2.5626 -1.3959 -0.0417 1.1198 1.8831 2.5544 
-22.8435 -21.6637 -21.9576 -22.0691 -22.2910 -22.3581 -21.5611 -21.6598 -22.0721 -22.2677 -21.4876 -22.4684 -22.0979 -22.0659 -21.6416 -21.7367 -21.8111 -21.3515 -21.3018 -21.7657 -21.1351 -20.3575 -19.4042 -18.8401 -18.1970 -16.3125 -14.7758 -12.8780 -11.1778 -10.3417 -9.0857 -7.5406 -6.1569 -4.6287 -2.9786 -1.7863 -0.3538 0.8799 1.6883 2.4292 
-21.4573 -21.3760 -20.7641 -22.0691 -21.4601 -21.6430 -22.4034 -21.9576 -21.4681 -21.5746 -21.8930 -21.4876 -21.6241 -21.9380 -21.4548 -21.6211 -20.5537 -21.2838 -20.7406 -21.1468 -21.6331 -21.2462 -20.5161 -20.0132 -19.3581 -17.3153 -15.7140 -13.7190 -12.0059 -11.1041 -9.7741 -8.1526 -6.7102 -5.1211 -3.3938 -2.1758 -0.6629 0.6411 1.4941 2.3052 
-20.3239 -21.3760 -19.9364 -20.7286 -21.4712 -22.1050 -21.9576 -20.2894 -20.7606 -20.4113 -20.2593 -21.3698 -20.6560 -21.0780 -20.4358 -20.8383 -20.2974 -20.2857 -20.3622 -20.8933 -20.6932 -20.4349 -20.1961 -20.9790 -20.3539 -18.3136 -16.6404 -14.5592 -12.8321 -11.8634 -10.4597 -8.7621 -7.2603 -5.6107 -3.8084 -2.5645 -0.9691 0.4036 1.3004 2.1824 
-19.8585 -20.2051 -19.3778 -19.6923 -20.1297 -19.7257 -20.5713 -20.0359 -20.0838 -19.9897 -19.2609 -19.7248 -20.6186 -20.0145 -19.7261 -19.7985 -19.4684 -19.4230 -19.6516 -19.9650 -19.9542 -20.0034 -19.7625 -19.8843 -19.4529 -18.8284 -17.5299 -15.3883 -13.6556 -12.6189 -11.1420 -9.3693 -7.8074 -6.0974 -4.2223 -2.9520 -1.2722 0.1672 1.1074 2.0608 
-20.6828 -19.4081 -18.9109 -19.6655 -19.9471 -19.8047 -19.8039 -20.2040 -19.4679 -19.1027 -18.8337 -18.9630 -19.3459 -19.0852 -19.0076 -19.7547 -19.1339 -18.6777 -18.9940 -19.4092 -19.0741 -19.3586 -19.6977 -19.1550 -19.3371 -19.7744 -18.5877 -16.2194 -14.4762 -13.3714 -11.8206 -9.9746 -8.3512 -6.5809 -4.6358 -3.3382 -1.5725 -0.0682 0.9151 1.9402 
-18.3060 -19.4081 -17.9612 -19.4004 -18.9511 -19.1965 -19.1850 -18.2033 -18.1880 -18.3026 -18.7150 -18.2141 -18.4428 -19.2020 -19.2997 -18.1554 -17.8093 -18.1431 -18.4837 -18.4416 -18.4702 -18.8144 -18.6990 -18.2339 -18.7019 -18.7788 -18.6299 -17.0625 -15.3230 -14.1214 -12.4949 -10.5783 -8.8918 -7.0612 -5.0489 -3.7229 -1.8700 -0.3024 0.7234 1.8208 
-19.0615 -18.2568 -17.5268 -17.9343 -18.8492 -18.1253 -18.3381 -18.2579 -18.1301 -17.7780 -18.4012 -18.3666 -17.9778 -18.0395 -17.3804 -18.2709 -17.0694 -17.2657 -17.9508 -17.6351 -18.2214 -17.8020 -18.1331 -17.7943 -18.0823 -17.8824 -18.2205 -17.5674 -16.0689 -14.8623 -13.1673 -11.1804 -9.4292 -7.5382 -5.4616 -4.1057 -2.1648 -0.5357 0.5325 1.7025 
-18.7150 -17.6753 -17.5513 -18.3095 -17.5605 -17.5605 -17.0764 -17.5403 -18.5972 -18.0218 -16.8116 -18.7150 -18.0536 -17.9361 -17.7375 -17.1405 -17.0923 -17.2027 -18.0314 -17.8602 -18.4273 -17.5039 -17.4338 -17.3000 -17.4848 -17.7963 -17.2579 -17.2117 -16.6822 -15.5541 -13.8145 -11.7787 -9.9630 -8.0117 -5.8742 -4.4863 -2.4570 -0.7679 0.3424 1.5852 
-17.9103 -16.6052 -17.6164 -17.3209 -17.1495 -16.9696 -17.4622 -18.0218 -16.9881 -16.8179 -17.4622 -17.0812 -16.4474 -17.4055 -17.2148 -17.3134 -21.4230 -17.4157 -16.4071 -16.7831 -16.5131 -16.7489 -16.9429 -16.7152 -16.7995 -16.5782 -16.6336 -16.6392 -16.5942 -16.0559 -14.4923 -12.3817 -10.4948 -8.4815 -6.2865 -4.8644 -2.7466 -0.9991 0.1530 1.4690 
-17.3287 -16.5240 -16.4124 -16.2301 -16.5907 -16.1383 -16.6052 -16.8794 -16.4152 -15.6985 -15.9389 -16.1185 -16.8245 -16.8204 -16.4695 -15.8277 -16.1008 -15.7431 -15.8714 -16.0907 -16.3329 -16.4353 -16.0634 -16.4769 -16.0808 -16.3999 -16.0651 -16.0646 -16.5680 -16.6025 -15.2076 -13.0003 -11.0245 -8.9474 -6.6989 -5.2396 -3.0336 -1.2295 -0.0354 1.3538 
-15.4719 -15.0844 -15.4116 -18.0218 -16.2761 -16.1751 -16.5240 -15.5974 -15.7192 -15.2492 -15.1805 -15.4983 -15.8740 -16.1380 -15.6701 -15.1644 -15.6547 -15.1033 -14.9872 -15.8883 -16.1586 -15.9718 -16.2887 -16.3877 -15.7184 -16.2973 -15.1688 -15.3514 -15.6250 -15.7511 -15.4712 -13.5875 -11.5441 -9.4088 -7.1114 -5.6115 -3.3183 -1.4589 -0.2230 1.2396 
-15.2189 -15.3531 -15.8308 -14.7322 -15.4515 -15.6563 -15.9121 -15.8980 -15.3828 -14.6482 -14.5149 -14.6848 -15.8535 -14.9767 -14.9850 -14.8052 -14.8218 -15.3064 -14.7586 -15.1620 -14.7223 -14.8693 -14.9503 -14.7333 -14.4639 -14.5144 -14.5571 -15.1249 -15.1061 -15.3862 -14.9962 -14.1745 -12.0707 -9.8681 -7.5237 -5.9797 -3.6007 -1.6874 -0.4095 1.1264 
-14.4445 -15.5958 -15.2189 -14.0979 -14.6372 -14.6984 -14.3482 -15.0054 -14.2856 -13.5492 -14.5358 -14.3207 -14.3323 -14.5511 -15.0128 -13.8373 -14.1414 -14.3580 -13.7547 -14.6739 -14.0405 -14.3871 -14.5578 -14.2875 -13.7878 -13.9835 -14.2785 -14.5611 -14.4180 -14.1531 -14.3009 -14.1190 -12.6391 -10.3423 -7.9369 -6.3440 -3.8808 -1.9152 -0.5950 1.0141 
-13.0279 -14.1506 -13.4575 -13.8552 -14.3798 -13.8078 -13.6095 -13.3960 -14.0377 -13.3521 -13.6191 -13.2613 -13.8746 -13.7719 -14.1311 -15.0261 -13.5279 -13.4575 -13.7088 -13.9500 -14.3329 -13.3659 -13.4737 -13.6914 -14.3121 -13.6241 -13.2918 -13.7786 -13.6593 -13.4232 -13.5855 -13.7748 -13.0759 -10.7993 -8.3517 -6.7034 -4.1587 -2.1421 -0.7794 0.9027 
-13.8629 -13.0582 -13.1620 -12.7635 -13.2981 -12.9924 -13.1698 -12.9825 -12.8782 -12.4381 -12.8142 -13.5445 -13.3289 -13.0523 -13.0172 -12.8387 -12.8098 -12.7587 -12.8427 -12.8660 -12.7397 -13.2255 -12.9825 -12.5809 -12.5697 -12.7601 -12.3928 -13.0826 -13.2804 -12.8610 -12.6284 -12.7690 -12.5801 -11.1385 -8.7661 -7.0578 -4.4346 -2.3682 -0.9626 0.7923 
-11.7835 -13.0582 -12.4689 -12.0575 -11.8971 -12.2372 -13.8629 -12.7574 -14.1506 -12.3728 -14.9616 -12.6655 -12.2394 -12.9435 -12.5820 -11.8796 -11.9776 -12.1111 -12.0348 -11.7879 -12.1052 -12.2564 -12.4639 -11.9340 -12.1904 -12.0928 -11.9763 -12.3539 -12.3321 -12.3955 -12.2578 -11.9544 -12.1015 -11.2637 -9.1800 -7.4056 -4.7082 -2.5936 -1.1446 0.6827 
-11.7835 -12.8232 -11.6719 -11.8873 -12.2572 -11.8222 -11.7246 -11.6874 -12.0712 -11.7835 -11.4948 -11.4497 -11.8136 -11.6543 -11.8353 -11.4884 -12.5820 -11.7049 -11.1779 -11.3830 -11.0071 -11.9274 -11.5161 -11.8362 -11.4559 -11.4839 -11.4533 -11.7315 -12.0053 -11.7476 -11.3616 -11.4643 -11.5341 -10.9150 -9.5206 -7.7391 -4.9795 -2.8183 -1.3252 0.5740 
-11.0904 -11.0600 -11.7532 -10.6191 -11.6176 -11.2783 -11.5604 -11.0055 -10.7577 -11.7835 -12.1232 -11.0735 -11.4040 -11.7364 -11.3683 -10.9800 -10.7524 -10.7653 -10.7925 -11.3627 -11.0117 -10.8207 -10.6911 -10.8743 -11.5926 -11.0309 -10.9013 -11.0394 -11.1903 -10.7893 -10.5772 -11.2509 -11.0054 -10.8549 -9.8684 -8.0735 -5.2488 -3.0422 -1.5043 0.4662 
-10.5010 -10.7438 -9.9917 -11.7177 -11.7078 -10.7766 -11.7835 -10.8465 -12.0712 -10.4561 -10.3172 -10.4403 -10.4200 -10.6454 -10.4409 -10.0838 -10.7565 -9.8438 -10.4368 -10.2435 -10.6286 -10.1768 -10.4882 -10.9821 -10.3558 -10.5567 -10.3515 -10.7129 -10.6945 -10.3592 -10.2209 -10.3533 -10.5445 -10.4320 -10.1470 -8.4119 -5.5132 -3.2651 -1.6819 0.3592 
-10.1741 -9.8079 -10.1741 -10.3953 -9.3196 -9.6459 -10.3972 -10.0804 -9.6894 -9.7041 -10.7369 -9.3993 -9.6300 -9.9958 -10.1875 -9.1870 -9.4568 -9.7322 -9.8536 -9.5162 -9.9253 -10.0075 -9.9324 -9.9030 -9.4409 -9.3455 -9.3788 -10.0820 -9.8652 -9.6380 -9.5200 -9.5411 -9.6014 -9.3974 -9.7773 -8.6967 -5.7851 -3.4889 -1.8581 0.2531 
-10.3972 -8.7136 -8.9806 -9.5666 -9.0912 -9.7630 -inf -9.1932 -9.6434 -9.1932 -9.1030 -10.3972 -9.8803 -9.7010 -9.2803 -8.9320 -8.5927 -9.1970 -9.1341 -9.4308 -9.0846 -8.8305 -9.3288 -8.9020 -9.0213 -8.8278 -8.9653 -9.2265 -9.2745 -9.1258 -8.8050 -9.0228 -8.9956 -8.9264 -9.1435 -8.7937 -6.0810 -3.7116 -2.0324 0.1477 
-8.8993 -9.0109 -7.6227 -9.0755 -8.1494 -8.6643 -9.0109 -8.6139 -9.1553 -8.6054 -8.7232 -8.3312 -8.8420 -9.2986 -8.1084 -8.4761 -8.3261 -7.9500 -8.3906 -8.7181 -8.6869 -8.7278 -8.5294 -8.3673 -8.3531 -8.1491 -8.1083 -8.3696 -8.3630 -8.5816 -8.2750 -8.3864 -7.9978 -8.1107 -9.0676 -8.4428 -6.3819 -3.9355 -2.2057 0.0432 
-7.8007 -7.8596 -7.9123 -9.9917 -8.1304 -7.7836 -7.9712 -8.3767 -8.6925 -7.7167 -7.5281 -7.7389 -7.4675 -7.4385 -7.6825 -7.5673 -7.3906 -7.4646 -8.1171 -8.0577 -7.6406 -8.3666 -8.0854 -8.2414 -8.0603 -7.7055 -7.7104 -7.8197 -7.9543 -7.9654 -7.4557 -7.1323 -7.4366 -7.4143 -7.8233 -7.8097 -6.4735 -4.1480 -2.3764 -0.0608 
-7.2192 -7.9712 -6.5260 -6.8934 -7.0550 -8.1339 -8.3178 -7.9727 -8.0974 -6.9315 -8.0301 -7.0353 -7.7621 -7.5553 -7.4454 -6.9024 -7.3369 -6.9850 -6.6810 -7.1575 -7.3637 -7.0545 -7.3111 -6.9732 -7.1677 -7.6472 -7.4670 -6.9138 -7.1282 -7.0801 -6.5552 -6.9031 -6.8613 -6.9201 -7.0729 -6.9978 -6.3577 -4.3508 -2.5463 -0.1637 
-6.8199 -6.2383 -6.4733 -6.9237 -6.9361 -6.4749 -6.8199 -6.9315 -6.7626 -5.6804 -6.1531 -6.4365 -6.0856 -5.9988 -6.3800 -7.2192 -6.5950 -6.6182 -6.5365 -6.3829 -6.0436 -6.3390 -7.1122 -6.9822 -7.1997 -6.9856 -7.1975 -6.7586 -6.5385 -6.5071 -5.9411 -6.1110 -6.2238 -6.2397 -6.7974 -6.8420 -6.2943 -4.5072 -2.7091 -0.2671 
-6.1268 -6.9315 -6.2383 -6.2364 -6.0091 -6.4556 -6.5849 -5.9945 -6.3719 -7.3369 -6.4206 -6.6622 -5.6145 -5.9943 -6.1884 -5.5890 -5.2188 -5.6325 -5.5995 -5.5177 -5.0639 -5.5854 -6.0688 -5.5661 -6.0404 -6.0792 -5.8207 -5.9447 -5.9351 -5.5779 -5.2616 -5.7323 -5.8042 -5.9641 -5.9775 -5.9262 -5.6527 -4.6422 -2.8606 -0.3687 
-5.4336 -inf -6.2383 -5.5432 -4.6957 -5.3579 -6.2383 -5.5452 -4.6841 -4.5408 -5.2002 -5.0699 -5.3920 -5.3250 -5.3130 -6.1268 -5.2575 -4.6782 -4.5125 -5.4013 -5.1720 -4.9991 -5.3008 -5.0401 -5.2859 -5.4237 -5.3215 -5.3564 -5.3690 -5.0850 -4.9799 -5.4997 -4.7943 -5.1550 -5.3281 -5.3522 -5.4999 -4.8315 -3.0445 -0.4707 
-5.5452 -4.8520 -4.7405 -4.4163 -4.8481 -5.9429 -5.1986 -4.8317 -4.2149 -4.3351 -4.8134 -5.4878 -5.1588 -4.4583 -4.6481 -4.0442 -4.1568 -4.3371 -4.9580 -4.9462 -5.2821 -5.1017 -4.4735 -4.8166 -4.7506 -5.1397 -5.1327 -5.0618 -5.0560 -4.9300 -4.3862 -4.3720 -4.5198 -4.4886 -4.8318 -4.7572 -4.8469 -4.7323 -3.2043 -0.5754 
-3.4897 -4.0473 -4.8520 -3.5986 -4.0788 -3.5086 -3.8123 -3.7727 -3.8561 -4.4528 -4.1589 -4.1589 -4.3153 -3.8608 -4.1330 -4.3427 -3.5089 -3.4251 -3.8532 -3.5338 -3.8782 -3.5802 -3.8387 -3.9456 -3.4926 -3.4973 -3.5614 -4.2410 -4.1265 -4.3371 -3.7232 -3.9279 -3.7914 -3.5090 -3.7655 -3.8823 -4.2328 -4.4012 -3.0502 -0.6688 
-3.4354 -inf -4.0473 -inf -3.5340 -3.5796 -4.0473 -4.2178 -3.5534 -4.3412 -3.4657 -2.8905 -3.4718 -4.1589 -3.6734 -2.6410 -3.4416 -3.0962 -2.8062 -2.5443 -2.8752 -3.0853 -3.0500 -2.9899 -3.3031 -3.4552 -3.1541 -4.1726 -3.9248 -3.0761 -3.3137 -3.2557 -2.9857 -2.9981 -3.4605 -4.1140 -3.6139 -3.6444 -2.8971 -0.7568 
-2.2556 -2.0717 -1.9679 -4.1589 -2.6770 -1.9610 -2.6610 -2.4849 -2.5372 -3.1781 -2.7340 -2.9633 -3.0603 -2.6807 -3.9828 -2.5494 -1.7590 -2.5115 -2.4713 -2.8768 -2.6580 -2.3836 -2.3039 -2.5302 -2.4960 -2.3431 -2.5925 -2.7988 -2.7599 -2.6964 -2.6482 -2.3529 -2.5333 -2.3756 -2.9942 -3.3550 -3.1649 -3.1415 -2.6507 -0.8150 
-1.5624 -2.1833 -1.8563 -1.3785 -1.4520 -1.6898 -2.4260 -2.8315 -2.2822 -2.1946 -1.7128 -2.2871 -2.4379 -2.4383 -1.5155 -1.9617 -1.0469 -1.3000 -1.8201 -1.7168 -1.4152 -1.4650 -1.7371 -2.0269 -2.2384 -2.3535 -1.7660 -1.9446 -2.0304 -1.8591 -2.0247 -1.8232 -1.9705 -1.5782 -2.2080 -2.4072 -2.7223 -2.4402 -2.2417 -0.7360 
-1.3785 -1.0889 -1.2747 -2.0794 -1.7918 -2.4243 -inf -1.0986 -1.6740 -2.4849 -1.7918 -1.8501 -2.1233 -1.8988 -1.1902 -0.9400 -1.2040 -0.5379 -1.6376 -1.3322 -1.8467 -1.6603 -1.5749 -1.7459 -1.4234 -0.9235 -0.8996 -1.2329 -1.4791 -1.3480 -1.3667 -1.0965 -0.9919 -1.1224 -1.6506 -1.6984 -1.6775 -1.4713 -1.2935 -0.5912 
-0.4089 -1.3863 -1.0397 -0.2740 -0.8686 -1.0926 -inf -inf -2.0622 -0.6672 -1.0986 -1.0098 -0.7135 -0.7311 -0.4073 -0.1970 -0.3732 0.0914 -0.2426 -0.4439 -0.5670 -0.6253 -1.1563 -1.1236 -0.7886 -0.9502 -0.3703 -0.6169 -1.0646 -0.7342 -0.6806 -0.5165 -0.5540 -0.3027 -0.7340 -0.9800 -1.1793 -0.5217 -0.4289 0.1055 
0.4192 0.2974 0.1116 -0.9808 -0.0127 0.0774 -1.3863 -0.1823 -0.2119 0.4124 0.6011 0.6062 0.3043 -0.5828 -0.4055 0.4596 0.8978 0.9009 0.2376 0.3217 0.3026 -0.0206 -0.1417 -0.2671 -0.5068 0.0440 0.4374 0.0723 -0.0450 0.1977 -0.0365 -0.1497 0.2493 0.2372 -0.3553 -0.5123 -0.4033 -0.1391 0.2507 0.2669 
0.3466 0.1116 0.5893 0.1116 1.0896 1.0598 0.1116 1.1256 0.2231 1.2102 1.3965 1.4248 0.9320 0.9028 0.8229 0.4055 1.2069 1.2144 0.9491 1.2613 0.6479 0.6364 1.0637 0.5030 0.6883 0.8014 1.0840 0.8776 0.8907 0.3852 0.3944 0.6385 1.0146 1.2251 0.6908 0.5860 0.5252 0.4775 0.3246 0.5907 
0.0000 1.2825 1.1513 0.6931 0.6200 0.8543 1.3940 0.6931 1.0561 1.3437 1.4249 1.4154 0.7790 1.4207 1.2798 0.8650 1.2528 2.1566 1.5549 1.1606 1.3949 1.5785 1.3915 1.4199 1.5439 1.6226 1.9732 1.6988 0.8720 0.9994 1.4214 1.1451 1.4293 1.1482 0.9608 0.9934 1.0372 0.9447 1.1906 1.0561 
1.7329 1.3863 1.7329 2.0872 1.2587 1.0986 0.6931 1.8622 1.8303 1.9433 1.6740 0.9163 1.4921 2.1581 2.2592 1.5523 2.3857 1.8281 1.5039 1.9769 1.4663 2.0317 1.9104 1.7668 1.6523 1.2763 2.1142 1.7921 1.5844 2.0296 1.9710 1.6715 1.9689 2.4326 1.9954 1.9424 1.6890 2.0178 2.0792 2.1784 
3.2896 2.1910 2.0794 2.4849 3.1928 2.1775 0.6931 2.3671 2.5382 2.8574 2.7726 2.9415 2.1021 2.7643 2.5908 2.5649 3.3290 3.1052 2.7992 2.5406 2.2186 2.4298 2.5094 2.5778 2.2777 2.4369 2.3422 2.4192 2.2803 2.2188 2.2864 2.4549 2.7872 2.6849 2.3879 2.4168 2.6736 2.8229 2.9646 2.7839 
3.1192 2.0794 2.4260 2.4260 3.7659 2.2896 3.4677 3.0603 3.4852 3.8140 3.4657 3.4012 0.9163 3.3173 3.6230 3.8665 3.5000 3.5322 3.6946 2.4204 2.3246 3.3730 2.9655 2.6205 3.2457 3.1225 2.9308 2.9024 3.0922 2.9094 2.9612 3.3347 3.1031 3.1813 2.9931 2.8217 3.1968 3.6197 3.8517 3.4488 
2.7726 4.0551 3.5773 4.1892 3.7842 3.7956 3.8712 4.1792 3.8712 3.4232 3.7534 4.0566 3.4094 3.0816 3.5750 4.4616 4.3652 4.0411 3.7122 4.0493 4.2028 3.9425 4.1374 4.0069 2.8043 3.9559 3.9859 3.7436 3.6852 3.7544 3.7287 3.5372 3.7278 3.9398 3.5559 3.6162 3.5930 3.7136 4.0203 3.8891 
-inf 3.4657 -inf 4.1589 2.7137 3.0164 4.2247 3.7534 -inf 3.6199 3.4068 3.7017 3.6346 4.3820 4.8873 3.5773 4.7086 5.1078 5.2499 5.2832 4.8781 4.6600 4.3484 4.3193 3.9669 4.4009 4.5394 4.3601 4.1764 4.4185 4.4338 4.6131 4.5789 4.5020 4.1784 4.0762 4.4146 4.3334 4.8148 4.4909 
5.5452 4.9636 4.1589 5.3691 5.2974 4.3248 2.0794 5.1262 5.1917 5.2592 5.5838 5.4751 4.7875 4.6685 3.8932 3.4657 5.4208 5.5657 5.6269 5.8063 5.7162 5.4850 5.0892 4.8194 4.5779 4.9514 4.9882 5.0019 4.7185 4.9351 4.9197 4.8360 5.0903 5.5250 5.4568 4.9538 4.6797 5.1046 5.6519 5.2575 
6.2461 5.6567 6.4615 5.5755 6.1579 5.8342 5.8918 5.5655 6.0401 5.9524 5.5452 5.8261 5.4047 5.8422 6.2816 6.2674 6.6824 6.0096 5.2003 5.7910 5.7472 5.7600 5.5673 6.0416 5.9108 5.4335 5.7838 5.2726 5.3222 5.3516 5.3149 5.8458 6.5403 6.4211 6.2065 5.7812 5.6928 6.1010 6.0718 5.9135 
5.5452 6.1345 6.6438 6.3499 5.5452 4.4466 4.8520 6.8635 6.9961 5.8632 7.3438 6.8287 6.4804 6.5922 6.5055 5.7683 6.3336 6.1380 6.9236 6.7606 6.8371 6.7669 6.4583 5.6437 6.5124 6.6865 6.6195 6.2213 6.1513 6.1535 6.1968 6.6751 6.9901 6.8699 6.5763 6.1377 6.4654 6.7603 6.9658 6.6219 
6.2686 6.9618 6.2383 6.5849 5.8329 5.1397 6.9315 7.1277 7.3225 5.1397 7.2765 6.8365 7.5066 7.0534 6.6633 6.5849 6.4732 7.0615 7.5068 7.3082 7.1128 7.0658 6.7129 7.2911 7.3460 7.0505 6.9106 6.6717 6.9318 7.0759 6.8497 7.1225 6.8078 7.1371 6.9278 6.8087 6.8945 7.0689 7.3083 7.0438 
6.2383 8.0828 7.6246 7.6549 7.3369 8.0842 7.7362 7.7047 7.6246 7.6246 7.8440 7.9548 7.9013 7.4872 7.6784 8.3178 7.8610 8.1824 7.9100 7.9012 7.1521 7.2820 7.9572 7.9687 7.6852 7.6495 7.5281 7.2663 7.6508 7.5562 7.7193 7.5129 8.0920 8.3039 7.9792 7.6089 7.6846 7.9196 8.1862 7.8981 
8.4355 8.4293 8.3178 8.4293 8.4030 7.9841 9.0230 7.9696 8.0687 7.9426 7.2192 8.7245 8.3197 8.2468 7.5801 5.7683 7.9123 8.9796 7.9487 8.5491 8.5939 8.5232 8.2646 8.1841 8.5745 8.3611 8.4379 7.9540 8.2477 8.2485 8.1736 8.7177 8.8212 8.6663 8.8934 8.4811 8.3710 8.6287 8.8669 8.4587 
9.0109 8.3178 -inf 8.3178 9.1402 9.2769 9.7344 8.6358 9.4648 9.4102 8.6054 9.2008 9.0701 9.1366 8.9840 9.8798 9.5982 9.6727 9.5992 9.3716 9.3287 9.7377 9.2391 9.2227 9.5777 9.5247 9.2512 9.2715 9.1956 8.5204 8.9623 9.1229 9.0356 9.3685 8.9591 8.8064 9.0682 9.3994 9.2383 9.0233 
9.3575 8.3178 9.7344 9.0109 10.0118 9.0636 10.4275 10.6302 10.2406 10.2900 9.7427 10.1340 9.4266 10.1518 10.1291 10.1677 10.0912 10.2081 9.9058 9.9772 9.8791 9.7390 9.7095 9.7697 9.3167 9.2843 9.6889 9.1888 9.5174 9.2334 9.5477 9.6151 9.4988 9.6701 9.8970 9.5946 9.7407 9.8009 10.0224 10.0680 
9.7344 -inf 9.8156 10.8554 10.2149 9.7041 9.9272 10.3158 9.8218 10.5514 9.0109 9.0109 10.8827 10.5407 10.2661 10.8827 11.0214 10.9390 10.8686 11.0626 10.9138 10.8788 9.7471 10.0501 10.4279 10.2711 10.2783 10.3626 10.6470 10.5449 10.4123 10.1980 10.8442 10.9924 10.3531 9.9235 10.0162 10.2799 10.5949 10.5905 
10.6204 11.3135 11.5608 10.0506 10.8027 11.1078 9.7041 10.5514 10.7980 -inf 10.6204 10.8027 11.2962 11.0008 11.5777 11.5089 11.2900 11.8925 11.6504 11.7851 11.3515 11.3552 11.0069 10.8046 10.5691 10.8391 10.8817 10.5275 10.7556 11.3094 11.1015 11.3752 11.7392 11.6747 11.5221 10.8999 11.0080 11.2719 11.3146 11.1643 
11.1207 -inf 11.4369 12.2416 12.2288 11.6094 11.0904 11.6255 11.7988 11.3780 10.6204 11.0904 11.1207 10.3972 11.1391 12.9282 12.3371 12.3212 11.8073 12.2678 12.0614 11.7227 11.5961 11.9567 12.1240 12.0766 12.2885 11.9944 11.7109 11.3933 11.5348 11.4824 11.5058 11.7142 11.9580 11.8236 11.7963 11.5381 11.6055 11.7156 
12.5424 11.0904 11.7835 12.6998 12.4816 12.3338 11.7835 12.3473 12.7886 11.7835 12.5704 12.7120 12.9519 12.3108 11.5604 12.6998 11.7835 11.7835 12.5909 12.4669 11.3355 12.5275 12.5078 12.3230 12.4068 12.1051 11.9998 12.0253 12.2004 12.4287 12.5279 12.3802 12.5039 12.6000 12.6228 12.2358 11.9786 12.3058 12.4811 12.5558 
13.2814 11.7835 12.1301 12.8821 13.6510 13.3414 12.8232 13.0300 13.0959 12.6060 12.0712 -inf 12.9937 12.6790 13.1467 13.1851 13.4495 12.7913 13.4601 13.3000 12.9145 13.1794 13.2398 12.9609 13.3641 13.0440 12.9623 13.3214 13.1280 12.6520 12.8107 13.0215 13.2845 13.3866 13.3514 13.1538 13.1736 13.1944 13.2325 13.0194 
