24.0748 14.8880 -9.9669 -6.2546 5.0679 2.3297 -2.7537 -3.4108 -4.9632 -3.7897 0.7393 0.8256 -1.4532 
25.4375 15.3066 -10.7542 -5.8941 5.2303 0.8848 -3.5745 -2.9215 -5.5642 -5.6534 -0.3329 0.7620 -1.5627 
22.6131 14.4022 -7.3749 -2.7659 6.1148 1.4448 -1.9374 0.0349 -1.7133 -2.6777 0.8458 1.6848 -0.0580 
31.0968 23.0939 -4.9999 -3.9567 5.0357 1.1009 -2.9177 -2.2431 -4.6490 -5.5678 -1.6565 0.2490 -0.1301 
34.2389 24.5620 -7.2417 -5.1389 6.1271 1.9212 -2.7671 -1.9769 -4.9833 -6.3082 -1.3017 1.3039 0.1859 
33.5690 23.3065 -8.1739 -4.8657 6.3131 1.1260 -2.9041 -0.4751 -3.1820 -5.2680 -0.9289 1.0335 -0.5210 
31.8947 21.5548 -8.7006 -4.6063 6.8005 1.8087 -2.2685 -0.5421 -3.8746 -5.8586 -1.4190 0.2401 -1.3177 
36.4688 26.2293 -7.4130 -5.3182 5.7714 0.8709 -3.1537 -1.0198 -3.4913 -4.9549 -1.0374 0.0252 -0.8418 
38.9281 27.5866 -9.0307 -6.2746 7.5091 3.0081 -2.8817 -1.9444 -4.3414 -5.4264 -0.9029 0.6028 -0.6254 
39.8977 27.7461 -9.8727 -6.1365 7.6974 1.9954 -3.3004 -0.8875 -3.7989 -5.9200 -0.9357 0.7787 -1.4040 
39.9641 27.6281 -10.1880 -6.3333 7.6139 2.0123 -3.2097 -0.9960 -3.9470 -5.6735 -0.6636 0.6418 -1.4385 
39.6285 27.4247 -10.1236 -6.3790 7.6877 2.4935 -2.8135 -1.1289 -4.1747 -5.4945 -0.3571 0.6425 -1.5297 
39.5548 27.0454 -10.7413 -6.6526 7.7627 2.4207 -3.1065 -1.3711 -4.3386 -5.6730 -0.5287 0.4049 -1.9752 
39.6491 26.7980 -10.8006 -5.6175 8.6937 2.4187 -2.9152 -0.8899 -4.5630 -5.9328 0.0173 0.7712 -2.1743 
39.9386 26.6179 -11.4226 -5.7611 8.5989 2.0874 -2.8066 -0.6076 -4.6817 -5.8332 0.3986 0.4917 -2.8015 
40.4549 26.9516 -11.4620 -5.7926 8.1798 1.4390 -2.9090 -0.5593 -5.0958 -6.1087 0.4306 0.1143 -3.3462 
40.0919 26.7452 -11.0084 -4.8725 9.1010 2.1021 -2.5710 -0.6416 -5.5003 -6.4035 0.5313 0.4266 -3.1115 
39.4103 25.8856 -11.6223 -5.2975 8.6675 1.5262 -3.3248 -1.4518 -6.0330 -6.5666 0.2889 -0.2174 -3.9156 
39.9891 26.5503 -11.1469 -4.8467 9.0625 1.8889 -2.8085 -0.7953 -5.3202 -5.7116 1.2142 0.5669 -3.1866 
40.1766 26.6334 -11.5112 -5.6053 8.4106 1.8693 -2.4212 -0.7650 -5.8060 -6.1683 1.0416 0.4787 -3.2845 
39.2262 26.1714 -11.0804 -5.7008 7.8966 1.5778 -2.9313 -1.3875 -5.6828 -5.6762 0.9262 -0.0614 -3.7235 
37.3684 25.2411 -10.2217 -5.6186 7.4632 1.7608 -3.0700 -2.0094 -5.7955 -5.7146 0.4981 -0.1781 -3.7042 
35.3945 24.1239 -9.3136 -5.4712 6.1670 0.6533 -3.4214 -1.9913 -5.4318 -5.3160 0.4380 -0.4067 -3.6451 
34.5846 23.6723 -8.5026 -3.8609 7.9694 1.9602 -2.9881 -1.8256 -4.9413 -4.8700 0.5953 -0.0813 -3.0216 
31.5841 21.9579 -7.3162 -3.6967 7.0372 2.2551 -2.1227 -1.5715 -4.6957 -4.8811 -0.2945 -0.8016 -3.1455 
30.6390 21.0305 -7.7117 -3.9055 7.1753 2.5744 -2.2730 -1.8825 -4.3612 -4.2052 0.0813 -0.4740 -2.5888 
28.8960 19.4753 -7.7458 -3.6355 6.6825 1.7885 -2.5381 -1.9070 -4.8400 -5.0158 -0.5015 -0.7907 -2.9470 
27.0759 18.6451 -6.8072 -3.7988 5.8335 2.2947 -1.4779 -1.6610 -4.8466 -4.7507 -0.1504 -0.2495 -2.3602 
26.1268 17.9146 -6.6090 -3.7010 5.1820 1.7253 -1.2170 -1.1980 -4.7608 -4.5549 0.3177 -0.2176 -2.9058 
24.7050 16.7914 -6.2775 -2.9091 5.6422 1.9464 -0.7222 -0.1173 -3.6505 -4.2428 0.0863 -0.3303 -3.1811 
23.0517 15.4220 -6.3650 -3.1614 4.7505 1.0485 -1.4491 -0.6589 -3.7813 -4.2966 -0.2323 -0.3378 -2.6413 
22.5436 14.8181 -6.7181 -3.4569 4.2088 0.4513 -1.7637 -0.9393 -4.2299 -4.3802 0.3418 0.3035 -2.3708 
21.4654 13.9761 -6.6481 -3.3755 4.0439 0.2413 -1.9963 -0.8054 -3.5014 -3.8461 0.1792 0.1979 -1.8444 
