nan nan nan nan nan nan nan nan nan nan nan nan nan 
nan nan nan nan nan nan nan nan nan nan nan nan nan 
nan nan nan nan nan nan nan nan nan nan nan nan nan 
nan nan nan nan nan nan nan nan nan nan nan nan nan 
nan nan nan nan nan nan nan nan nan nan nan nan nan 
18.4804 -0.8282 0.3395 0.4356 0.7853 -0.5054 -0.4309 -0.5252 -0.8860 0.0238 -0.1316 -0.3589 -0.0407 
19.9641 0.4941 -1.0046 -0.6608 -0.6466 0.0953 -0.2831 -0.1208 -0.2074 -0.2076 -0.4203 -0.1537 0.0042 
21.5610 0.2893 -1.5843 -1.8820 0.4075 -0.4598 -0.3053 -0.4570 -0.4091 -0.7003 -0.1636 -0.9401 -0.2746 
19.9931 1.7511 0.3098 -0.4202 -0.3743 -1.1035 -1.2904 -0.5406 -0.0300 0.2156 -0.1464 -0.0079 0.2074 
21.0668 2.2551 0.6396 -1.2474 -0.7962 -1.2135 -0.7196 -0.4000 -0.3113 -0.4063 -0.0833 -0.2672 -0.1069 
21.0655 -0.1865 2.2708 -0.7739 -0.3406 -1.4832 -0.3413 -0.5431 0.1658 -0.6974 -0.2011 -0.0635 0.3415 
28.0503 -4.6077 1.1042 -0.9322 -0.1791 -1.6451 0.9589 -0.3314 -0.7093 0.6811 0.7628 0.3384 -0.0743 
29.5595 -3.3005 0.3015 -1.5631 -0.8467 -1.1933 -0.2580 -0.1059 -0.1523 -0.6107 -0.2246 -0.0727 0.1637 
27.4577 -2.3270 0.4251 -1.5636 -1.5323 -2.0001 -0.1462 -1.1121 -0.1690 -0.1982 -0.2879 0.1106 0.0111 
25.2115 -0.8327 0.9732 -1.3440 -0.7543 -1.3787 1.1113 -0.6101 -0.6027 0.2813 0.3463 -0.4412 -0.3027 
26.5716 -2.5410 1.3104 -1.8848 0.3066 -1.3879 -0.0033 -0.4831 -0.0639 0.0839 -0.3789 -0.3055 -0.1625 
26.3876 -1.2334 0.7733 -1.3512 -0.0069 -1.4912 -0.5098 -0.7792 -0.8185 -1.2199 -0.5398 0.0183 -0.1435 
25.9775 -1.2253 1.6451 -0.8608 -0.1964 -1.4973 0.2633 -1.0109 -0.9090 -0.7698 0.0802 0.2157 0.1112 
25.1700 -0.9457 0.8800 -1.2095 -0.6552 -0.6123 0.2681 -0.5162 -0.3161 0.0905 -0.0844 0.2029 -0.1684 
23.2132 -0.8917 2.1569 -1.0535 0.2164 -0.6635 0.7535 -0.3212 -0.7107 -0.3217 -0.3188 -0.2844 -0.3041 
23.3236 -2.1996 0.5378 -0.3542 0.1595 -0.5402 -0.2496 -0.4023 -0.8079 -0.5122 -1.2489 -0.3361 0.1382 
22.7530 -1.2864 0.3289 -1.6833 -0.9058 -1.0885 -0.3766 -0.6785 -0.3098 -0.0867 -1.0076 -0.2314 -0.0905 
22.1855 -1.4091 -0.1411 -0.9599 -0.6612 -0.7537 -0.3058 0.1628 -0.4843 -0.6384 -1.0653 0.1710 0.3363 
22.5777 -0.2803 1.1675 -0.9547 -0.9373 -1.4936 -0.7561 0.5099 -0.0237 0.0978 -0.6603 0.2228 0.2526 
23.1022 -1.1328 0.7564 -0.6275 -0.6382 -1.7484 -1.4898 -0.4602 -0.1037 -0.1669 -0.6872 0.2099 0.3516 
23.8525 0.4136 -0.7798 -1.7128 -0.8683 -1.0142 -1.4810 -0.7378 -0.3280 -0.4555 -0.7075 -0.5506 -0.3048 
31.0585 1.1482 -3.2552 -2.5003 0.5187 -1.1785 -0.9329 -0.7436 -0.0870 -0.2242 -0.0953 -0.1355 0.1820 
31.6755 1.0339 -2.7417 -2.7992 -0.1925 -0.8081 -0.9667 -0.5857 -0.1801 -0.2019 0.3960 0.8412 0.6152 
31.4859 1.2122 -2.8602 -3.3373 -0.4954 -1.1949 -1.1149 -1.0296 -0.6106 -0.5483 0.1010 0.7005 0.4749 
30.5888 1.8692 -2.5991 -3.8102 -0.6085 -0.9971 -1.1725 -1.2610 -0.3877 -0.6263 0.6542 0.5239 1.0166 
28.9424 2.7279 -2.1119 -3.6845 -1.5399 -0.9748 -0.5445 -0.8174 -0.4807 -0.0157 1.2528 0.7529 0.7481 
28.1979 3.2062 -1.7437 -3.1863 -1.9231 -1.1269 -1.1897 -1.0229 -0.4444 -0.0151 0.4796 0.6069 -0.3217 
28.3056 2.8740 -2.5527 -3.4855 -1.3673 -1.4313 -1.4379 -0.3086 0.4077 0.4095 1.0548 0.5804 -0.2879 
27.3164 2.2299 -2.2868 -2.6128 -1.6482 -1.2630 -1.0003 -0.7381 0.2364 0.1529 0.3437 -0.2245 -0.9718 
26.1187 0.8020 -1.2585 -3.0710 -1.6549 -0.1907 -0.2510 -0.3300 -0.9182 -0.5707 0.0392 -0.2188 -0.5092 
24.8452 -1.7335 -1.0601 -3.2321 -0.2976 -1.2913 -1.4418 -1.2602 -0.4508 -0.3794 -0.2751 -0.3971 -1.1713 
25.3494 -1.6449 1.9592 -2.0541 -0.0209 0.3776 -0.3948 -0.6472 -0.1503 -0.0581 -0.3201 -0.0182 -0.0433 
24.0326 0.9890 1.4139 -1.5057 -0.9298 -0.1822 -0.3415 -0.7350 0.4694 -0.0666 -0.1722 -0.0913 -0.5540 
24.8493 -0.4868 0.3201 -1.3539 -1.1951 -1.0135 -0.4342 -0.1360 -0.3666 -0.0126 -0.3869 0.0021 -0.1786 
24.5876 0.9337 -0.1998 -3.1656 0.4207 -0.0811 -0.0730 -0.7217 0.3760 -0.0738 -0.3232 -0.1578 0.0686 
23.9282 -0.5156 -0.6489 -3.2141 0.7232 0.1025 0.6512 -1.2803 0.3794 -0.9019 0.2715 -0.8979 -0.0936 
24.3392 -0.1509 0.1215 -2.6568 0.0238 -0.8733 0.0985 -0.1304 -0.4348 -0.4336 -0.3599 -0.0656 -0.6695 
23.5808 -0.3953 -0.7182 -2.0683 -0.3587 -0.3502 -0.4990 0.5600 -0.2213 -0.0759 0.5784 0.0055 -0.5064 
23.2595 -0.0051 -1.0539 -2.0857 -1.5954 -0.5545 -0.7028 -0.5944 -0.1243 -0.4450 -0.3855 -0.2447 0.1540 
22.6231 -0.1974 -0.4547 -1.5744 -0.9393 0.0532 -0.7680 -0.4710 -0.8164 0.3194 -0.1204 -0.1080 0.0882 
24.2516 -1.6687 -0.0197 -0.7598 -1.0532 -1.0229 -0.5306 -0.4103 0.0471 -0.2342 -0.3947 -0.6403 -0.3335 
24.1075 -1.7567 -0.3946 -0.4931 -0.3586 0.0305 -0.7668 -0.5046 -0.5046 -0.2403 0.3346 0.0716 -0.5465 
25.5491 -2.4862 0.7771 -2.3484 0.8492 -0.5947 -1.0884 -0.8368 -0.9414 0.6075 -0.7443 -0.5376 -0.3908 
24.9966 -1.6573 0.6601 -1.3146 -0.0174 -0.5390 -0.0941 0.4490 -0.3098 -0.0646 -0.5156 -0.3676 -0.4285 
23.3463 -1.4009 -0.3417 -2.3657 -0.6922 -0.7837 -0.9009 -0.2865 -0.6323 -0.6555 -0.0635 -0.9230 -0.2529 
24.5243 -0.3201 -0.1775 -1.3443 -1.2463 -1.0947 0.0628 -0.4159 -0.4702 0.0910 -0.4305 -0.4169 -0.0423 
21.9179 -0.2322 -0.7226 -1.6463 -1.4561 -0.3439 -1.6007 -1.0989 -0.6197 -0.1964 -0.0465 -0.7169 -0.2228 
22.5611 1.0158 0.7614 -1.3844 -1.1412 -0.2840 -0.7712 -0.2248 0.1375 -0.4055 -0.5209 -0.2866 0.5190 
20.8826 -1.8853 -1.1557 -1.7880 -1.6834 -1.1366 -0.9130 0.0146 -0.3093 0.2793 -0.2224 -0.9040 -0.3039 
21.8782 -0.1949 -0.1536 -0.6925 -1.0597 -0.8063 -1.7445 -0.7521 0.3284 -0.0937 0.2610 -0.7874 -0.3673 
22.4399 -0.3772 0.4986 -0.3744 -0.9791 -1.6599 -1.3587 -0.1339 0.3499 0.1798 0.0037 0.6394 -0.2031 
26.8733 -0.8968 -1.4242 -2.6239 -0.4723 -0.2630 -0.6308 -0.9025 -0.0240 0.4455 0.3571 -0.5300 -0.3963 
24.8857 -1.4133 -1.0116 -1.3190 0.4713 0.2458 0.0887 -0.6825 0.3441 0.2774 -0.0790 -0.1051 -0.3482 
25.6519 -0.6243 -0.4002 -1.6209 0.0081 -0.5878 -0.7253 -0.1782 -0.1575 -0.0136 -0.1263 -0.1487 -0.6636 
25.2199 -2.1543 -0.6840 -1.6462 -0.7549 -0.3520 -1.0339 -0.3963 -0.2001 -0.3712 -0.5137 -0.4146 0.1286 
23.7979 -2.8043 -0.7522 -1.6820 -0.1113 -0.0023 -0.3080 -0.1226 -1.1468 -0.1915 -0.0591 -0.6420 -0.6747 
23.7717 -0.6219 -0.1280 -1.5587 -0.5414 -0.1064 -0.2816 -0.5942 -0.7384 -0.6633 -0.5069 -0.0968 -0.1309 
23.2400 -1.2338 -0.7435 -1.8049 0.0456 -0.9302 -0.6244 -0.3871 0.2060 -0.0476 0.4304 -0.2202 -0.4201 
26.3952 -1.8112 -0.1940 -2.1980 -1.1105 -1.3395 -0.5989 -1.6705 0.1562 0.1890 0.0937 -0.3274 -0.2196 
26.5583 -1.9326 -0.2888 -1.5709 -1.1003 -1.5051 -0.3525 -1.5835 0.1619 -0.1160 -0.1610 -0.8305 -0.5286 
26.4958 -1.7854 1.9002 0.0493 -1.2116 -1.3599 -0.3006 -0.4305 0.4051 0.0044 -0.3110 -0.0525 -1.0056 
22.6217 -1.9169 0.6378 -0.0461 -0.6194 -1.0171 -0.9287 -0.2600 -0.3344 -0.6073 -0.0731 -0.1845 -0.2921 
23.3256 -1.3585 -0.7137 -1.1776 -1.3599 -0.6638 -0.1666 -0.2599 0.0771 0.2092 -0.3074 0.0591 -0.1352 
22.9071 -1.2787 0.7673 -1.3689 -1.6222 -1.2122 -1.8302 -0.8000 -0.0566 0.1319 -0.0960 -0.2189 0.1899 
22.7504 -2.2647 -0.8708 -0.0543 -1.9641 -1.6063 -0.6930 -0.0145 0.2663 0.2181 -0.1538 -0.2006 -0.4574 
24.9166 -0.5805 0.0968 -0.8275 -1.2206 -1.0852 -0.0364 -0.2527 -0.0594 -0.5415 0.1695 0.3136 -0.6058 
25.3438 -1.8292 -0.1636 -2.4159 -0.6982 -0.5124 -0.8473 -0.7193 -1.3452 -0.4288 -1.0005 0.4602 0.0514 
25.0397 0.2771 0.1547 -2.4599 -0.3373 -0.4248 -0.5430 -0.7612 -0.7548 -0.1853 0.0486 0.1958 -0.1057 
24.2875 -1.3523 -0.0019 -1.5623 -0.8005 -0.0986 -0.3009 -0.3509 -0.8764 -0.5610 -0.3077 -0.2854 -0.0569 
18.6406 -1.1714 0.9209 -1.5229 -1.0714 -0.2293 -0.2604 -0.2647 0.0143 0.0050 -0.4115 0.2947 -0.0451 
6.9434 -4.5581 0.6362 -1.5099 -0.5999 -0.2384 -0.1810 -0.3280 -0.2797 -0.2685 -0.1835 0.2539 -0.0948 
-3.9737 -7.4515 0.7587 -1.6388 -0.3666 -0.2191 0.1905 0.0998 -0.1481 -0.4711 -0.3315 -0.0103 -0.3943 
-13.7878 -9.3780 1.5453 -1.4803 -0.3236 -0.3744 0.4677 0.4799 0.1249 -0.4535 -0.3371 0.0855 -0.2083 
-23.3535 -11.3472 2.1433 -1.4389 -0.4080 -0.6982 0.4389 0.5925 0.3299 -0.3883 -0.4379 0.0698 0.0388 
-32.7158 -13.3094 2.6049 -1.4167 -0.4127 -0.9398 0.3727 0.6071 0.5170 -0.2268 -0.5200 -0.0361 0.2562 
-41.8813 -15.2015 2.9815 -1.4358 -0.3314 -0.9976 0.4089 0.5443 0.5848 0.0322 -0.3899 -0.1037 0.3463 
-50.9381 -17.0666 3.3327 -1.4440 -0.1877 -0.9411 0.5499 0.5225 0.6267 0.3690 -0.1076 -0.1223 0.3773 
-59.7371 -18.7096 3.8362 -1.2583 0.1383 -0.8014 0.6866 0.4510 0.4809 0.4525 -0.0634 -0.3995 0.0669 
-68.6254 -20.5630 4.1300 -1.1941 0.3956 -0.7438 0.7513 0.3725 0.3309 0.5342 0.0391 -0.5511 -0.1707 
-77.7951 -22.9570 3.8119 -1.6216 0.2071 -1.2626 0.2084 -0.1635 -0.2305 0.1666 -0.1369 -0.6714 -0.3293 
-84.3020 -21.8611 6.4425 0.2369 1.5856 -0.8544 0.1899 -0.3130 -0.4863 0.0283 -0.0171 -0.3488 -0.0679 
-87.5912 -18.1069 8.0271 -1.1735 0.2685 -1.2165 0.6723 0.2026 -0.4309 -0.1278 -0.0049 -0.1011 -0.0286 
-90.6076 -14.9304 8.2128 -2.7443 0.2189 -0.8618 0.6193 0.3848 0.2647 0.2988 -0.2268 -0.2665 0.1895 
-91.8212 -11.2936 7.0010 -3.9998 1.8807 0.2725 0.3833 0.1103 0.1901 0.1944 -0.2496 -0.2953 0.0713 
-92.1420 -7.4748 6.0991 -4.0202 2.8270 -0.4271 -0.1633 0.2297 0.1284 0.0364 -0.3928 -0.6466 -0.3778 
-91.8350 -5.1112 4.7588 -3.0656 1.6185 -1.4550 0.9485 0.2432 -0.5039 -0.3296 0.2468 0.2364 -0.2113 
-90.2594 -3.0088 2.1341 -1.8639 1.7998 -1.3338 0.6018 -1.1857 0.0380 -0.2130 -0.4714 0.0930 0.0364 
-89.4936 -2.1724 0.5984 -0.8543 0.7738 -0.7167 0.5704 -0.4071 0.7842 -0.0543 -0.0937 -0.4441 0.1739 
-87.5373 -1.1010 0.3369 -0.5955 -0.1320 -0.0101 -0.0355 -0.4330 -0.3304 -0.4664 -0.3310 -0.3173 0.1855 
-85.8279 -0.4287 0.7370 0.2483 -0.1219 0.3952 -0.6671 -0.0166 -0.0887 0.0374 0.0441 -0.0414 -0.3913 
-82.9302 -0.4620 0.3804 0.5930 0.5624 0.8606 -0.2775 -0.6069 -0.4398 -0.1925 0.2349 0.3853 0.4787 
-79.4479 -0.1659 0.2333 0.1695 -0.1118 0.3875 -0.5850 -0.1520 0.2696 -0.0552 -0.3222 -0.1131 0.4623 
-77.6117 -1.2214 -0.3937 0.2053 0.1203 -0.2753 -0.9452 -0.5002 -0.3211 -0.2824 -0.4297 -0.5201 0.0292 
-74.1489 -0.3749 0.0399 0.0148 0.4103 0.8913 -0.4002 -0.0121 0.0254 -0.4245 0.4398 0.3526 -0.0024 
-72.1204 -1.1772 0.0294 0.1770 -0.5601 0.2667 -0.4893 -0.4755 -0.5395 -0.4640 -0.2939 -0.4115 -0.0699 
-71.1360 -0.3691 -0.2215 -0.1458 -1.0892 0.1422 -0.4639 -0.0094 0.3344 -0.3847 -0.6802 -0.4380 0.1366 
-69.0308 -0.1617 -0.0492 -0.6831 1.0471 -1.2683 -0.0006 0.0384 -0.7244 0.7262 -0.7121 -0.2366 -0.5009 
-65.4591 -0.8029 -0.1562 -0.4122 -0.2352 0.2212 -1.0639 -0.2552 0.1901 -0.0507 -0.5491 -0.2830 0.0145 
-62.7726 -0.4412 0.0287 0.4945 0.4617 1.1168 -0.4295 0.1337 -0.0454 0.0037 -0.5958 -0.0627 -0.1039 
-60.6422 -0.7701 0.0742 0.3477 0.4843 -0.0217 -0.5888 -0.5708 0.5705 0.2527 -0.2433 0.1661 0.3216 
-57.6833 -0.7940 -0.2279 -0.2383 0.2098 0.2717 -0.4804 -0.0369 0.4600 0.3418 0.3941 0.2129 0.2206 
-55.0855 0.3258 -0.0183 0.1360 0.6551 0.5250 -0.1331 0.6836 -0.0291 -0.1706 -0.0829 -0.0818 0.7201 
-52.1403 -0.5541 -0.1303 -0.4863 -0.2406 0.1510 -0.3379 -0.5717 -0.2432 0.0122 -0.2491 -0.4227 0.1494 
-49.8247 -0.4968 1.5377 0.4602 -0.4834 -0.5612 -0.2773 0.7254 0.8029 0.1301 0.0675 0.3924 0.2012 
-47.0295 -0.7358 0.0983 -0.2853 0.4824 -0.2288 0.2119 0.1683 0.0155 0.1329 -0.3629 0.2033 0.5590 
-44.7753 -0.2329 0.5258 -0.1589 -0.1249 0.5413 -0.0950 -0.0636 -0.2752 -0.5542 0.4488 0.2567 0.0988 
-42.6950 -1.0366 0.5697 0.9551 0.3884 0.0339 -0.2403 0.4136 0.1407 -0.4255 -0.8765 -0.2334 0.5265 
-39.2565 -0.3943 -0.1651 -0.0662 -0.2787 -0.0876 -0.2905 0.1806 0.3699 0.0166 0.1767 0.1268 -0.7094 
-37.6503 -0.6287 0.5211 -0.1750 -0.5259 0.0923 -0.6380 -1.0073 -0.0580 -0.3491 -0.1164 -0.3355 -0.2589 
-34.2523 -0.1408 0.4065 0.1755 -0.5717 -0.0423 -0.7431 -0.0611 0.2408 -0.1845 -0.3275 0.1770 0.1118 
-31.5791 -0.7565 -0.1793 0.7678 0.0659 -0.0431 0.1703 0.5600 0.5842 -0.1490 -0.1237 -0.6861 0.0198 
-29.4087 -0.3880 0.9390 0.5297 0.1107 -0.2307 -0.9942 -0.2994 0.2097 0.2759 -0.1420 0.3414 0.4137 
-25.9796 -0.4829 -0.3111 0.1805 0.6925 -0.4543 -0.0368 -0.0835 -0.0137 -0.0196 -0.2632 -0.6768 -0.0537 
-24.1874 -1.3091 0.8468 -0.0601 -0.3717 -0.1601 0.2966 0.2077 -0.0602 -0.2388 0.8660 0.2194 -0.0583 
-21.2992 -1.0518 -0.7182 -0.8522 0.0267 0.1878 -0.5237 0.3931 0.5724 1.3215 0.9738 0.4491 0.3842 
-19.2441 -0.5344 -0.3459 0.3057 -0.5581 0.5701 -0.5511 -1.1198 -0.5010 0.1464 0.2965 0.0760 -0.1941 
-15.5885 -0.1245 0.5336 -0.3133 -0.1792 0.3656 0.2145 0.4658 -0.0516 0.0519 0.2578 0.0208 0.1969 
-14.4436 -2.0347 0.0178 -0.4168 0.2739 0.2974 0.2391 0.9391 1.0845 0.6648 0.3455 0.6106 -0.2879 
-10.4446 0.4074 0.6308 -0.2037 -0.2047 0.5941 0.0913 0.4168 0.0335 -0.4085 0.1518 -0.6529 -0.2200 
-7.4001 -0.3542 1.0830 0.1388 -0.4394 0.0253 -0.5192 -0.2080 0.7613 0.2982 0.2910 -0.1952 0.2160 
-6.4546 -0.5259 0.8291 0.5701 -0.2544 1.0165 -0.2611 -0.3056 -0.2634 -0.4298 0.0914 0.6290 -0.0590 
nan nan nan nan nan nan nan nan nan nan nan nan nan 
0.5801 -0.6127 0.2950 0.2774 0.4827 0.5761 -0.7585 0.5284 0.6971 -0.3237 0.1285 -0.2176 -0.2274 
3.3410 -0.6943 -0.5127 -0.2428 -0.0744 -0.2010 -0.4742 0.6517 0.4116 0.0775 -0.2318 -0.0656 0.2910 
4.4958 -1.1331 -0.2525 -0.2303 -0.0378 0.0550 -0.6660 -0.0481 -0.3679 -0.3466 -0.3647 -0.6660 0.2040 
6.8012 -0.5300 0.1356 0.4733 -0.1496 0.4273 0.1574 -0.7465 -0.3716 0.2702 0.1365 0.1244 0.2220 
10.5254 -0.2218 0.1560 0.5571 0.0299 0.4902 -0.5919 0.2240 0.6363 0.6222 0.5956 0.2770 0.2354 
12.5093 -0.5407 -0.5648 -0.1429 -0.5887 1.0265 -0.3592 -0.2465 0.8395 1.0161 -0.0062 0.3929 0.4777 
15.2061 -0.4789 0.1109 -0.7096 -0.5481 0.1152 -0.5249 -0.5102 0.0905 -0.8636 -0.2738 0.3166 -0.2145 
nan nan nan nan nan nan nan nan nan nan nan nan nan 
20.2844 -0.3856 0.7394 -0.6133 1.2501 0.2680 -0.9657 0.2842 0.1196 0.1432 0.7571 0.4090 0.1928 
23.7290 0.1644 0.2361 0.4286 -0.4719 0.4409 -0.0152 -0.4071 0.4744 0.1070 0.1822 0.0028 -0.0435 
25.3503 -1.1346 -0.5245 -0.0652 1.2433 0.1202 -0.4857 -0.9216 -1.0778 -0.3052 0.1316 0.5734 0.2522 
27.1050 -1.0841 -0.2597 -0.1348 0.8239 0.1208 0.1526 0.0753 -1.3090 -0.2915 0.2009 0.0437 0.0063 
30.6909 -0.6482 -0.6045 -0.1812 -0.7275 -0.0021 -0.7031 -0.0347 -0.4654 -0.5324 -0.7847 -0.2260 -0.3841 
32.8714 0.3310 0.5554 -0.5144 0.4901 -0.4299 -0.2576 0.9082 -0.4713 -0.2780 0.4798 -0.3913 0.5260 
36.5148 -1.3548 -0.3863 -0.5416 -0.2989 0.6222 0.3362 0.5548 0.6953 0.4949 0.3539 0.0432 -0.1721 
39.5540 -0.7267 -0.8382 -0.5396 -0.3368 0.4493 0.1252 -0.0124 0.0410 0.1704 0.2332 0.2378 0.4628 
41.0003 -1.7909 0.4776 -0.3312 -0.7874 -0.2305 0.0165 -0.1179 -0.2620 0.3906 0.9706 0.2833 0.3348 
44.1654 -1.2528 1.0709 0.4394 -0.5906 -0.2232 0.0896 0.1635 -0.5073 -0.2769 -0.1036 0.0871 -0.6738 
46.3531 -0.9744 0.7161 -0.9722 -1.1928 0.3699 -0.5953 -0.3842 0.5938 0.1102 0.7495 0.9579 -0.1434 
49.1200 0.1292 -0.5963 -0.1128 0.1917 -0.0930 -0.2041 0.4455 -0.0124 0.4051 0.4493 1.0582 -0.3245 
51.3772 -0.3257 1.0106 -0.6387 -1.3997 0.4426 0.9543 -0.0059 -0.0489 1.1474 1.0883 -0.0331 -0.5424 
