20.8253 12.6368 -7.3955 -2.0805 5.1137 -1.0507 -2.7751 1.9330 0.5177 -1.8021 0.7078 0.8727 -0.9105 
20.9295 13.6022 -6.2366 -2.7907 3.5633 -1.2465 -2.3535 1.4765 -0.2244 -2.1845 0.1361 0.0866 -1.4977 
20.6839 13.0071 -6.8350 -2.9118 3.4284 -1.5091 -1.9467 2.5452 0.9079 -0.8478 1.5790 0.8156 -1.4237 
21.2409 13.8773 -5.9919 -2.3998 3.7103 -1.1682 -1.7475 2.2191 0.1832 -1.6015 0.9484 0.3978 -1.5856 
21.5107 13.9068 -6.2424 -2.3565 3.7817 -1.3484 -1.6204 2.7950 0.6187 -1.2952 1.4675 0.7056 -1.8497 
21.9055 14.4579 -5.8610 -2.2584 3.6985 -1.7513 -2.4829 1.8841 -0.0385 -1.9746 0.7432 0.3607 -1.7253 
22.4040 14.6522 -6.4441 -3.0308 3.1168 -2.0993 -2.7998 1.0931 -1.3086 -3.0019 0.2022 -0.0896 -2.1307 
22.6118 14.7813 -6.4733 -2.9156 3.3532 -2.0235 -2.8883 1.1979 -0.7770 -2.4249 0.2328 -0.4403 -2.2201 
23.0222 14.6599 -7.3637 -3.3891 3.3867 -2.0980 -2.7422 1.9721 0.0346 -2.0455 0.5550 0.1137 -1.6066 
22.9156 14.6229 -7.4181 -3.6417 3.2078 -2.2505 -3.1662 1.5768 -0.2044 -2.6659 -0.3160 -0.2982 -1.6819 
22.1825 13.9835 -7.3259 -3.3639 3.1005 -2.3995 -2.9659 1.6667 -0.4625 -2.8013 -0.4116 -0.9116 -2.6350 
22.1972 13.7373 -7.8654 -3.7023 3.0781 -2.3731 -2.9360 1.8063 -0.1713 -2.2360 0.3741 -0.4008 -2.6659 
22.4801 14.1802 -7.4742 -3.5277 3.2183 -2.0276 -2.6222 1.7421 -0.4946 -2.5477 0.1691 -0.2884 -2.0995 
22.5805 14.3520 -7.1106 -2.8258 4.0242 -1.4830 -2.1872 2.4589 0.3235 -2.0839 0.2827 -0.3648 -2.3324 
23.2614 15.0773 -6.7359 -2.7528 3.6545 -1.9711 -2.3820 2.1271 -0.4187 -2.5520 0.4689 0.1180 -1.7662 
23.2168 14.8051 -7.1895 -2.9284 3.7852 -1.9127 -2.4541 2.1003 -0.5230 -2.9232 0.0011 -0.2151 -2.0355 
22.6895 14.2211 -7.6078 -3.3224 3.6792 -1.5987 -2.1714 2.0718 -0.4972 -2.4644 0.7537 0.4122 -1.7131 
22.6451 13.6143 -8.6151 -3.8399 3.1404 -2.7157 -3.0562 1.7735 -0.8756 -2.9512 0.5283 0.1859 -2.0175 
23.4814 14.9809 -7.2687 -3.0720 3.5150 -2.3040 -2.6961 2.1576 -0.0913 -2.0462 1.0365 0.6252 -1.2795 
23.4003 14.6199 -8.0470 -3.7618 3.5980 -1.4712 -1.8371 2.3534 -0.6897 -2.9051 0.4469 -0.0218 -2.4257 
23.6056 15.0279 -7.4609 -3.1413 4.0941 -1.3243 -2.1384 2.0888 -0.3303 -2.1929 0.9263 0.4279 -1.6971 
23.2981 14.9021 -7.0760 -2.6520 4.3452 -1.2054 -1.9766 2.2896 -0.0153 -1.6449 1.4819 0.6445 -1.6537 
23.5921 15.3368 -6.7869 -2.5735 4.5448 -0.9517 -2.1174 1.9718 -0.0961 -1.9616 0.4906 -0.3776 -2.1362 
23.7372 15.7463 -6.4033 -2.9100 3.6713 -1.4709 -1.8840 2.5419 0.1797 -2.0186 0.6792 0.1426 -1.9253 
23.5479 14.9041 -7.6040 -3.3671 3.4648 -2.2516 -2.6215 2.2623 -0.2335 -2.6173 0.2793 -0.2007 -2.1894 
23.5310 15.2125 -6.9517 -2.9782 3.5232 -2.1458 -2.4124 2.4356 -0.1540 -2.6557 0.3031 0.0688 -1.9260 
23.6917 15.2458 -7.2015 -3.1532 3.6892 -1.8973 -2.4447 2.3964 0.4425 -1.4875 1.2924 0.6032 -1.5553 
23.1590 14.7144 -7.3258 -3.0297 4.0635 -1.1101 -1.6930 2.3360 -0.2391 -1.9902 0.9397 0.0330 -1.9204 
24.3807 15.1586 -8.5521 -3.6600 4.8941 -0.5666 -2.4705 1.4341 -0.3304 -2.0115 0.3636 -0.5209 -1.9819 
25.9696 15.9615 -9.3924 -3.6313 5.9939 -0.3632 -3.0436 1.7421 0.5932 -1.7608 0.2896 -0.0308 -1.3976 
25.7621 15.8059 -9.0837 -3.0820 5.9560 -0.7739 -2.6658 2.6949 0.7934 -2.2186 0.4081 0.7879 -0.7831 
25.0714 15.7537 -8.0672 -2.7388 5.1325 -1.5852 -2.9630 2.5143 0.9044 -1.5362 0.9497 0.5389 -1.2517 
23.6821 14.5948 -8.5709 -4.0350 3.5524 -2.2339 -3.3326 1.5430 -0.0181 -1.7818 0.8576 0.0388 -1.8277 
23.1911 14.3018 -8.2770 -3.8810 3.2114 -2.3040 -2.7003 1.9529 -0.5353 -2.5298 0.6602 0.1005 -2.1870 
23.4245 14.6374 -7.9576 -3.5410 3.5923 -2.1299 -2.8188 1.9769 -0.2160 -2.3967 0.5257 0.2268 -1.7222 
23.6247 14.8538 -7.7698 -3.5288 2.9822 -3.0144 -3.1061 2.1534 -0.1130 -2.0174 1.3217 0.6254 -1.9597 
23.4660 14.9129 -7.3014 -2.8168 4.0220 -1.9528 -2.7121 1.9518 -0.2961 -2.1136 1.1267 0.4784 -1.9504 
23.5389 14.5409 -8.0304 -3.2333 3.4013 -2.9321 -2.9193 2.6568 0.2033 -2.0198 1.3506 0.7702 -1.7466 
25.9481 14.9396 -10.3860 -2.9680 5.3552 -3.2287 -3.9319 3.0196 -0.0144 -3.1970 1.2914 1.2027 -2.2959 
27.2756 15.2683 -12.2958 -4.7524 5.0716 -3.0538 -4.3360 2.4031 -0.1628 -3.0513 1.0409 0.4465 -3.0159 
26.4522 15.5061 -10.2876 -3.0001 6.1809 -1.8084 -3.2605 3.1037 0.6515 -2.3603 1.3597 1.1089 -2.0414 
24.9779 14.9055 -9.5451 -3.4795 5.1129 -1.6312 -2.9167 2.6139 0.5950 -1.8552 1.1209 0.6801 -1.3282 
24.1968 14.9916 -8.3700 -3.3453 4.4613 -1.6799 -2.8195 2.2722 0.3704 -1.9245 0.8341 0.4292 -1.4477 
23.3297 14.5902 -7.7188 -2.9917 4.1311 -1.8535 -2.7015 1.9914 -0.4351 -2.7501 0.2815 0.1066 -1.6487 
23.5102 14.6826 -8.2534 -4.2132 3.0716 -2.2248 -2.9189 1.6860 -0.3184 -2.3816 0.0485 -0.7291 -2.4692 
23.7919 14.3554 -9.3500 -4.6331 3.5241 -2.1433 -3.4299 1.4661 -0.2276 -2.5134 0.0495 -0.0716 -1.4339 
23.9610 15.3445 -7.5270 -3.4724 3.6367 -2.0020 -3.0015 1.5577 -0.0704 -1.5200 1.0792 -0.2041 -2.2318 
23.4135 14.8357 -7.5848 -3.4072 3.4851 -2.2901 -3.0259 1.8662 0.0156 -1.8447 1.2139 0.9145 -1.1096 
23.1667 14.6017 -7.7187 -3.6019 3.4782 -1.7235 -2.1293 2.4211 -0.0779 -2.4943 0.1463 -0.3554 -2.3260 
23.9188 14.7143 -8.6654 -3.9842 3.6969 -2.2916 -3.6630 0.8416 -1.2957 -3.3992 -0.2995 -0.0673 -1.2380 
23.1740 14.6752 -7.4952 -3.3871 3.2959 -2.5074 -3.3981 1.0923 -0.7167 -2.1285 0.7741 -0.0923 -1.9776 
24.0520 14.7117 -8.6704 -3.5224 4.3087 -1.8922 -3.0435 2.0110 0.0734 -2.3262 -0.0047 -0.7766 -2.2913 
23.4412 14.3266 -8.7823 -4.1877 3.7919 -1.4938 -2.5992 1.8588 -0.0879 -2.3133 -0.1512 -0.8944 -2.3318 
23.1128 14.5584 -7.9348 -4.0710 3.2840 -1.5792 -2.3913 1.5860 -0.8829 -3.0313 -0.1234 -0.0634 -1.5789 
23.6467 15.2637 -7.2132 -3.5049 3.0800 -2.4313 -2.8994 1.8682 -0.0311 -1.7499 1.1635 0.5788 -1.4291 
34.7711 21.7575 -13.1317 -7.5656 6.6042 1.4473 -3.3194 -1.2718 -3.0761 -2.6526 1.6648 0.3309 -1.7568 
40.8043 27.5890 -11.1115 -6.4812 6.8900 0.2294 -4.1734 -1.0869 -3.4258 -3.6621 0.7303 -0.8699 -3.0011 
42.1609 28.4021 -11.8370 -7.3718 6.2746 -0.3853 -4.7047 -1.6922 -4.0850 -3.7565 0.9187 -1.3415 -3.7370 
42.4096 28.8206 -11.5469 -7.2430 6.8373 0.5871 -3.9340 -0.9307 -3.0598 -3.0740 1.0939 -1.1291 -3.6484 
41.7619 28.9814 -10.2369 -6.6584 6.5027 0.4360 -3.8257 -1.0115 -3.3728 -3.4763 1.0013 -0.7672 -3.4698 
41.3271 28.7529 -9.9196 -6.3502 6.5660 0.5783 -3.4276 -0.7327 -3.5928 -3.8060 1.1708 -0.4155 -3.5019 
41.5048 28.9850 -9.6372 -6.0123 6.7054 0.4850 -3.4216 -0.5912 -3.6156 -3.9152 1.3254 -0.0578 -3.2267 
41.0083 28.4749 -9.9104 -6.3037 6.4724 0.4708 -3.5824 -1.1603 -4.0741 -3.9949 0.9619 -0.8820 -3.6602 
41.4508 28.4283 -10.2195 -5.5886 7.2325 0.2945 -3.6063 -0.7196 -4.2045 -4.4208 1.0373 -0.8835 -4.0216 
40.5857 27.9128 -9.6311 -4.8077 7.5389 0.1686 -3.9913 -1.0618 -4.1758 -4.2284 0.9778 -1.0739 -4.0574 
39.3913 27.3262 -8.9528 -4.3817 7.8154 0.6878 -4.1857 -1.8796 -4.2800 -3.8101 0.9000 -1.2752 -3.8622 
38.5503 26.5381 -8.8138 -3.5833 8.4649 0.9135 -3.9411 -1.3705 -3.7918 -3.7370 0.3958 -2.0607 -4.3193 
38.2829 25.9741 -9.1229 -3.1895 8.5093 0.1866 -4.1034 -0.6754 -3.5239 -3.9931 0.5732 -1.7026 -4.5880 
38.1233 26.3546 -8.3508 -3.1335 8.4129 0.7622 -3.5571 -0.6179 -3.4482 -3.8766 0.7213 -0.8768 -3.3155 
38.8048 26.1038 -9.7861 -3.5062 9.0964 0.9602 -3.6373 -0.2295 -3.1809 -4.0653 0.7388 -0.6708 -3.6304 
36.7336 24.3344 -9.9068 -3.6587 7.9805 -0.6828 -5.3292 -1.7279 -4.4739 -5.4351 -0.6132 -1.5479 -4.1516 
36.9719 25.1326 -8.2856 -2.1546 8.3601 -0.6373 -4.5319 -0.7848 -3.7575 -4.0737 0.9703 -1.0816 -4.0863 
35.8396 24.2572 -8.3855 -2.5237 7.8205 -0.9474 -4.7463 -0.5410 -3.0778 -4.1569 0.1004 -1.2490 -3.5935 
33.0997 22.1411 -8.0136 -1.6202 8.8191 0.2301 -4.4160 -0.9186 -3.1068 -4.1354 0.0437 -0.3441 -2.0064 
33.7835 20.6659 -10.6218 -1.0936 9.0225 -2.2534 -4.5974 1.5086 -3.3082 -5.7128 1.0231 0.5527 -3.7395 
33.4481 20.7810 -9.9855 -0.8985 9.0310 -1.9635 -4.5595 1.1352 -3.5884 -5.9052 0.8304 0.6698 -3.4307 
31.6289 19.8381 -9.5235 -1.7784 7.5676 -2.2625 -4.5545 1.0913 -2.8620 -5.0996 0.9793 0.7851 -3.3408 
29.9282 19.2050 -8.3537 -1.6152 7.2169 -1.5179 -4.1822 0.1252 -3.3760 -4.6536 0.9449 0.2953 -3.3183 
28.3286 18.3832 -7.7352 -1.9014 6.1659 -2.1761 -4.7261 -0.0498 -2.7593 -4.5483 -0.0314 -0.3810 -3.4267 
28.4281 19.4084 -6.1937 -1.6594 5.7033 -1.9535 -4.1524 0.5358 -1.9964 -4.1973 -0.1403 -0.0045 -2.8192 
29.0075 19.7915 -6.7523 -2.6349 5.4662 -1.2130 -3.3268 0.9806 -1.5918 -3.8226 -0.0550 0.1760 -2.1357 
38.9800 23.3747 -14.3905 -5.0539 7.1330 -3.9637 -5.1635 3.2402 -1.6937 -6.0225 0.0307 0.2363 -3.3386 
38.7693 22.0465 -15.3867 -3.0702 9.3422 -4.4567 -5.8297 4.3071 -0.9384 -6.2659 0.2196 0.6950 -3.4504 
37.0505 19.9929 -16.1497 -2.4436 10.0862 -4.1720 -5.3374 5.0422 -0.3451 -5.4900 1.1522 1.1951 -3.1471 
35.9631 19.4872 -15.5606 -2.2253 10.2483 -3.4402 -4.9611 4.6513 -0.8742 -6.0379 0.8075 1.6427 -2.3805 
36.6414 20.5583 -15.1363 -3.2410 9.1062 -3.4301 -4.6786 4.3441 -1.1920 -5.9970 0.8392 1.5391 -2.5005 
35.6598 20.2507 -14.6124 -3.7862 8.1493 -3.5889 -4.8552 3.9131 -1.0226 -5.7658 0.3490 1.0039 -2.7873 
35.2352 20.1743 -14.3222 -4.3159 7.0158 -4.0025 -4.3416 4.5370 -0.6638 -5.6296 0.2729 1.0400 -2.2033 
32.9073 18.2980 -14.5918 -4.8437 6.5959 -3.6981 -4.7219 3.1886 -1.5419 -5.8719 0.1271 1.2759 -1.8967 
31.6000 17.9476 -13.2474 -4.3262 5.9585 -3.9231 -4.2602 3.8620 -0.7308 -5.3648 -0.1139 0.7301 -2.1033 
30.1549 17.5061 -11.8113 -3.5038 5.7925 -3.9759 -4.2388 3.9511 -0.2326 -5.0106 -0.1214 1.1187 -1.4653 
28.9285 16.7290 -11.7168 -4.0587 5.1087 -3.9596 -4.6701 2.6784 -0.9286 -4.9433 -0.3661 0.7542 -1.2500 
27.6789 15.7668 -11.7102 -4.0178 5.1678 -4.1132 -5.6044 1.7988 -0.9917 -5.0194 -0.8521 0.1458 -2.5728 
26.6464 15.9637 -9.8805 -3.2622 5.4233 -2.5240 -3.9709 2.0919 -0.8742 -4.4076 -0.4478 0.5518 -1.6623 
26.5272 16.0829 -9.6023 -3.4968 4.7492 -3.0735 -4.0809 2.5741 -0.0211 -3.7998 -0.1482 1.0286 -1.0742 
24.7319 14.5611 -10.0605 -4.3262 4.0351 -2.8280 -3.8821 2.1515 -0.1675 -3.4747 0.0025 0.9026 -1.2573 
25.1079 15.6226 -8.4958 -3.5819 3.5921 -3.3254 -4.0393 1.6571 -0.7222 -3.4166 -0.0167 0.2660 -1.7586 
24.9997 15.7136 -8.1296 -3.1657 4.4006 -1.8435 -2.4126 2.9278 0.3936 -2.3406 0.5483 0.0859 -2.1119 
24.1143 15.0597 -8.1483 -3.5501 3.6804 -2.2970 -2.9331 1.9973 -0.2404 -2.1501 1.0042 0.1646 -2.3470 
25.0433 16.3937 -7.1829 -3.2667 3.8242 -1.9801 -2.6862 2.3098 0.0836 -2.4343 0.3877 0.1869 -1.8310 
24.3936 15.3406 -8.0089 -3.4362 3.6357 -2.5794 -3.0327 2.2696 -0.2088 -2.5976 0.8449 0.6359 -1.7983 
22.5238 13.7707 -8.2339 -3.8280 2.9338 -2.9781 -3.6783 1.0809 -1.1788 -3.4465 -0.7334 -1.2843 -3.1635 
23.3225 14.7623 -7.4694 -3.1819 3.5527 -2.2562 -2.7861 1.9426 -0.4217 -2.4042 0.8377 0.4014 -1.8862 
23.7994 14.7721 -8.1292 -3.2809 4.1052 -1.8693 -2.6515 2.1550 -0.1112 -2.0153 1.2222 0.6434 -1.4864 
23.6468 15.3333 -6.9783 -3.1121 3.4804 -2.1844 -2.7398 2.0125 -0.1164 -2.1208 0.8072 0.2575 -1.8473 
23.1174 14.2502 -8.0803 -3.3146 3.7789 -2.2699 -3.0504 1.8234 -0.4205 -2.5554 0.6134 0.3309 -1.8989 
23.1262 14.6130 -7.6821 -3.7737 2.9771 -2.5049 -2.9917 1.8598 -0.1436 -2.3853 0.1553 -0.1833 -1.8316 
22.8106 14.1719 -7.7856 -3.2858 3.5620 -2.1899 -2.8134 1.6105 -0.9648 -2.7767 0.6507 -0.0040 -2.4332 
23.3466 14.8348 -7.4291 -3.2648 3.5150 -2.1925 -2.8749 1.7559 -0.2995 -2.0799 0.8391 0.1115 -2.0237 
23.1656 14.7228 -7.2773 -3.0051 3.7949 -1.6659 -2.0403 2.4422 -0.0095 -1.7026 1.6562 0.9582 -1.5547 
22.8345 14.4320 -7.6084 -3.8626 2.7722 -2.3368 -2.5828 1.7915 -0.5550 -2.1082 1.1103 0.1588 -2.4313 
22.2543 13.7041 -7.8810 -3.5702 3.0081 -2.5147 -2.6800 1.9993 -0.5852 -2.6030 0.7038 0.2582 -2.1073 
22.7243 14.3705 -7.5392 -3.6915 3.0752 -2.1695 -2.8566 1.4043 -0.7752 -2.6912 0.0782 -0.2911 -2.0313 
22.9250 14.8546 -6.8904 -3.2158 3.5042 -1.4770 -1.8870 2.4745 0.0268 -2.4828 -0.0993 -0.5271 -2.3198 
23.4472 15.1861 -7.0404 -3.2635 3.5564 -1.6405 -2.2014 2.0743 -0.3547 -2.3860 0.4647 -0.1309 -2.0610 
22.8525 14.8625 -7.1139 -4.1837 2.2705 -2.4137 -2.9012 1.2159 -0.6862 -2.1223 0.8563 0.2937 -1.9711 
22.6736 14.6230 -7.0782 -3.7002 2.8293 -1.9529 -2.2875 1.7660 -0.6804 -2.5017 0.4326 -0.2228 -2.3965 
22.0518 13.5398 -7.8387 -3.4701 3.0665 -2.4095 -2.4527 2.3711 -0.0209 -2.0457 0.8281 0.0309 -2.0732 
22.3535 14.0704 -7.6298 -3.9272 2.7553 -2.3685 -2.9282 1.3788 -1.1000 -3.5576 -0.8053 -0.7729 -2.6183 
22.2478 14.0579 -7.3004 -3.2996 3.3559 -2.0715 -2.8441 1.6204 -0.3818 -2.4229 0.2497 -0.1699 -2.1575 
23.3739 15.1168 -6.9423 -2.9966 3.5722 -2.2133 -2.8905 2.0181 0.0543 -2.2862 0.2556 -0.0513 -1.7822 
22.4893 14.4814 -6.9710 -3.3170 3.3139 -1.9269 -2.8966 1.3637 -0.2314 -1.7295 1.0264 0.4415 -1.7541 
22.6593 14.4509 -7.1464 -3.1544 3.5736 -1.6552 -2.0951 2.4865 0.3726 -1.7377 0.8130 0.2218 -1.6889 
22.0694 13.7583 -7.4690 -3.2414 3.4169 -1.6415 -1.6738 2.7070 -0.0033 -2.0710 0.9285 0.4126 -1.5379 
22.1310 13.9640 -6.9805 -2.5942 3.7541 -1.9561 -2.4025 2.0375 -0.4170 -2.1718 1.1421 0.6003 -1.7701 
22.5295 14.2533 -7.3578 -3.3583 3.3513 -2.0504 -2.9396 1.1305 -1.0363 -2.6866 0.2436 -0.3079 -2.1492 
22.4291 14.4990 -6.7376 -3.1443 3.0352 -2.2838 -2.6479 1.8661 -0.3490 -2.4323 0.2529 -0.2944 -2.2404 
21.1628 13.0741 -7.7564 -4.1172 2.5135 -2.1292 -2.5499 1.6493 -0.2951 -2.1488 0.2839 -0.2478 -1.9646 
22.4875 14.0283 -7.6156 -3.2584 3.6549 -1.6701 -2.1478 2.2477 -0.1125 -1.9131 1.0967 0.2326 -2.1483 
22.3641 14.2239 -7.0474 -3.0481 3.3589 -2.0622 -2.5243 1.8355 -0.4677 -2.2291 0.8323 0.1860 -2.2489 
22.2573 13.7126 -8.0555 -3.9432 2.9000 -2.4248 -3.0573 1.3155 -0.8108 -2.5551 0.3296 -0.3337 -2.2973 
22.6879 14.0915 -7.8544 -3.4617 3.5915 -1.8332 -2.4757 1.9206 -0.4144 -2.2348 0.8639 0.1050 -2.3923 
22.6703 14.2470 -7.2858 -2.5423 4.4366 -1.5954 -2.7729 1.7984 -0.2006 -2.3725 0.3226 0.1069 -1.6252 
22.4597 14.1429 -7.6404 -3.7542 3.2575 -1.9412 -2.9317 1.5242 0.0118 -1.8456 0.4442 -0.0313 -1.5600 
22.0800 13.8955 -7.3367 -3.3769 3.1405 -2.1407 -2.6718 1.4532 -1.2501 -3.4297 -0.3066 -0.3614 -2.1812 
22.0650 13.8899 -7.2438 -3.1781 3.1623 -2.5302 -3.1343 1.5089 -0.5717 -2.4967 0.4368 -0.1918 -2.5134 
22.2324 14.1665 -7.1158 -3.2489 3.4713 -1.7235 -2.5486 1.6783 -0.3742 -2.3066 0.5193 0.2530 -1.7542 
22.0692 14.0890 -6.7728 -2.7216 3.5414 -2.0603 -2.8068 1.3544 -0.7737 -2.0781 1.3256 0.7040 -1.7656 
21.6567 13.5534 -7.3617 -3.4989 2.7845 -2.6014 -3.2031 1.0711 -1.0327 -2.6259 0.4797 -0.0127 -2.1522 
21.6491 13.9291 -6.4188 -2.6247 3.2359 -2.1583 -2.5405 1.6079 -0.6317 -1.9076 1.5844 1.2018 -0.9589 
22.3691 14.1516 -7.3970 -3.5687 3.1082 -2.0596 -2.5750 1.8810 -0.2582 -2.2545 0.5445 0.0296 -2.1405 
21.1396 13.0829 -7.4520 -3.5924 2.3845 -3.2315 -3.6044 1.3202 -0.4276 -2.3531 0.3005 -0.2913 -2.2855 
22.1217 14.0464 -7.3619 -3.7322 3.1447 -1.7254 -2.6331 1.4446 -0.3687 -2.0875 0.6667 0.3953 -1.6042 
22.4732 14.6507 -6.4715 -2.7989 3.6557 -1.3025 -1.6602 2.5946 0.2621 -1.9154 0.5839 0.1247 -1.6471 
21.5641 13.5968 -6.9624 -2.8828 3.4007 -1.9347 -2.2762 2.1840 -0.1522 -2.2492 0.6033 0.3023 -1.6412 
21.8929 14.0021 -6.8874 -3.3118 2.8051 -2.3575 -2.7421 1.3529 -1.0991 -2.6567 0.9228 0.7744 -1.3326 
21.8257 14.0766 -6.5628 -2.7984 3.6278 -1.3459 -1.8197 2.4570 0.3917 -1.5814 0.8724 0.1143 -2.0090 
22.7507 15.1481 -6.0985 -2.8845 3.3455 -1.7633 -2.3733 2.0480 0.0736 -2.1116 0.4560 0.1596 -1.9815 
