nan nan nan nan nan nan nan nan nan nan nan nan nan 
nan nan nan nan nan nan nan nan nan nan nan nan nan 
nan nan nan nan nan nan nan nan nan nan nan nan nan 
nan nan nan nan nan nan nan nan nan nan nan nan nan 
nan nan nan nan nan nan nan nan nan nan nan nan nan 
nan nan nan nan nan nan nan nan nan nan nan nan nan 
nan nan nan nan nan nan nan nan nan nan nan nan nan 
nan nan nan nan nan nan nan nan nan nan nan nan nan 
nan nan nan nan nan nan nan nan nan nan nan nan nan 
5.7285 -3.7019 -2.0913 0.1221 -0.4067 0.1920 0.1918 0.1986 0.1559 0.0758 0.0971 0.0521 0.0496 
17.0440 -1.8659 -0.8590 0.1417 -2.5015 -1.0218 -1.2358 -0.2606 -0.0536 -0.6601 0.0407 -0.7492 0.1848 
16.4253 -1.0407 1.3777 -0.3147 -1.7897 -0.6126 -0.8827 0.6964 -0.5552 0.5076 0.0862 0.0018 -0.0645 
15.8325 -0.3308 1.7645 -0.4137 -1.3229 -0.4881 -0.7942 -0.3320 0.5280 -0.3595 -0.1862 -0.0172 0.0108 
13.6410 -1.2437 1.5217 0.2612 -1.5143 0.8390 -0.2308 -0.1499 -1.0749 -0.4051 0.0899 -0.8233 0.5530 
13.0317 -0.8992 1.4995 0.5436 -1.2359 0.3770 -0.0229 0.0462 -0.3536 -0.4349 0.6061 0.2339 -0.0619 
14.4475 0.3407 1.3799 0.5340 -1.3808 -0.4441 -0.5910 0.0673 -0.2642 -0.5404 -0.2415 -0.3971 0.5483 
15.7425 0.1701 2.3628 -0.6331 -1.2885 -0.5491 -1.1103 0.4538 -0.3402 -0.7383 0.0073 0.0459 0.0796 
16.5647 -0.1849 3.8292 -1.0066 -1.7575 0.5034 0.0264 -0.3878 -0.7884 0.0379 -0.3377 -0.2802 0.1168 
14.5250 1.3910 1.9025 -0.9770 -1.4217 0.2601 -0.8308 -0.0460 -0.6037 -0.1868 -0.5515 -0.4816 0.8197 
14.2552 -1.4379 0.1020 -1.3347 -1.2618 0.2853 -0.4530 0.1871 -0.3349 -0.3933 0.5958 0.6050 -0.2325 
13.7720 -0.8591 0.6017 -1.1372 -1.1463 -0.5401 0.1860 0.4909 0.5246 -0.5380 -0.5896 0.3882 0.6066 
14.8049 0.0762 0.3990 0.0432 -1.0117 0.5037 0.7299 -0.3959 -0.3565 -0.4011 -1.0322 -0.1987 0.1948 
13.9358 -0.2350 1.4256 -1.1281 -0.6517 -0.0779 -0.1245 -0.0777 -0.3202 -0.3234 -0.1732 -0.4212 -0.2205 
13.9489 -0.9326 1.6323 -0.5433 -2.1202 -0.2843 -0.2709 -0.0537 -1.0980 -0.9513 -0.0573 -0.0766 -0.0918 
14.1568 -1.3147 0.7682 -0.9253 -1.4707 -0.8577 -1.1383 0.3360 -0.3220 -0.3981 0.1168 -0.8979 0.4674 
13.6020 -0.9209 1.2733 -1.7196 -1.3958 -0.1007 -0.7528 0.3777 0.5082 -0.4774 0.4828 0.1011 -0.7109 
13.4680 -2.1390 0.0310 -1.2709 -1.8755 0.2002 -0.0719 -0.5400 -0.5470 0.4742 0.7226 0.3949 0.1267 
13.1799 -1.4448 -1.0419 -1.6450 -1.1194 0.2900 0.4999 -0.4954 -0.2461 0.2142 0.1600 0.0247 -0.1459 
13.3523 -1.6035 -0.4016 -1.1310 -0.0251 0.5361 -0.9190 -0.0718 0.3159 -0.1238 0.5183 -0.5514 -0.4007 
13.5726 -1.0727 0.1856 -0.7727 -0.4122 -0.7569 -0.5114 0.6457 0.0587 -0.3776 -0.1245 -0.0548 -0.0477 
13.4472 -1.3607 -0.2011 -1.3502 -0.7387 0.6012 -0.0851 1.0125 -0.0151 -0.5593 0.1950 -0.2541 -0.0940 
17.3579 -1.4133 -1.7857 0.9767 -0.2420 0.2861 -0.3494 0.0605 -0.3744 -0.1395 -0.2212 -0.0949 -0.1151 
26.0693 -2.7704 -4.4003 -0.4056 -2.2487 -0.7039 0.4444 -0.0174 -0.7301 0.1779 -0.2575 -0.2653 0.3721 
30.9167 -1.6474 -3.8932 1.5835 -1.7781 -0.6245 0.5490 0.8792 -0.3293 0.1280 -0.9964 -0.3665 0.7754 
31.4438 -1.1800 -4.8456 1.7571 -2.0542 -0.2209 -0.0453 0.4226 0.1108 1.3877 0.2372 -0.6128 0.1381 
32.5241 -1.6977 -4.8710 0.7895 -1.0810 -1.1812 -0.0875 0.2206 -0.0024 0.9083 0.0683 -0.9341 -0.2048 
32.2741 -1.3548 -4.8338 0.3044 -1.5958 -1.3457 -0.9814 -0.6068 -0.1408 0.9031 0.3930 -1.6039 -0.2771 
32.7088 -0.5550 -4.3574 -0.2720 -1.3557 -0.8410 -1.0774 -0.1882 0.4637 1.1321 -0.0272 -0.9475 -0.1975 
31.7866 -0.1206 -4.3314 -1.0460 -1.2330 -0.1150 -1.9071 0.0686 1.1470 1.3872 0.2030 -1.0565 0.3302 
32.6786 -0.6523 -5.3761 -0.7195 -1.4526 -0.7404 -1.3290 0.1894 0.9599 1.4649 0.1770 -1.0976 0.2665 
32.5782 -0.1180 -5.6871 -0.8299 -0.9009 -1.0676 -0.4232 0.0766 1.8043 2.0502 0.3683 -0.3353 0.6806 
32.2341 1.2611 -5.1009 -1.4287 -0.3302 -1.0038 -0.5036 -0.3138 1.9892 1.8805 -0.4546 -0.0727 0.7667 
30.5687 0.3702 -5.9969 -3.3161 -0.7820 -0.7858 -1.2390 0.6476 2.8177 2.4046 0.4213 1.2595 1.6738 
31.0273 0.8190 -5.3471 -2.6041 -1.1858 -1.0643 -1.7945 0.1604 1.5696 0.5652 -0.9933 -0.5130 0.5911 
29.6618 0.4658 -5.3292 -1.5435 -1.3418 -1.8134 -0.3543 0.8928 2.1768 1.1499 -1.4397 0.2890 1.4532 
28.5764 -0.0396 -5.8411 -2.1486 -1.7415 -1.1096 -1.0713 1.0781 1.8968 0.7196 -1.2690 0.8297 1.5323 
29.6353 1.1147 -4.0766 -1.7869 -2.0250 -1.0423 -0.1531 1.0928 1.5522 0.2787 -1.2479 0.1505 0.5200 
29.4514 1.3429 -3.4854 -2.2109 -2.3811 -1.2107 -0.2028 1.6924 1.7560 0.4134 -1.1009 0.3284 0.8604 
29.5331 1.5794 -3.8956 -2.5416 -1.7695 -0.9648 -0.2422 1.9620 1.6693 0.4871 -1.0437 0.4155 0.3851 
28.7237 1.6947 -4.1785 -2.3415 -1.5218 -1.0150 -0.2972 1.8705 1.6773 -0.2793 -1.5528 0.2093 -0.0621 
28.2932 1.1308 -4.7295 -2.3486 -1.2488 -0.5427 0.1269 2.0952 1.7212 -0.1891 -1.1193 0.1387 -0.5321 
27.5509 1.8324 -4.0363 -2.0924 -1.1698 -2.0391 -0.0561 2.3421 1.2856 -0.5418 -1.3517 0.2883 0.3215 
26.7879 2.6238 -4.8075 -1.8218 -1.4684 -0.7801 -0.6155 1.4310 1.3092 -0.7222 -0.8245 0.5972 -0.3438 
25.0736 2.0879 -3.3998 -2.5264 -1.0718 -0.3132 -0.4858 0.7669 0.9767 -0.9089 -0.4036 -0.6077 -0.2697 
25.1815 2.4221 -3.7937 -1.4772 -1.1508 -1.1489 0.0504 0.5200 1.3610 -0.6899 -1.1929 -0.0004 0.0654 
24.7857 1.2493 -3.4941 -2.2205 -1.7238 -1.2844 -0.8347 0.0952 0.3892 -1.5672 -1.3165 -0.3960 -0.0886 
22.3538 1.6145 -2.2552 -1.7736 -0.8348 -0.1194 -0.4965 -0.3906 0.6384 -1.1825 -1.5650 -0.0805 0.6024 
22.0525 1.9681 -2.9745 -0.9137 -0.6576 -1.0035 -0.9541 0.7563 0.7432 -0.9585 -1.3306 0.2323 0.0192 
21.5026 1.8863 -3.1431 -1.9757 -2.2764 -1.0802 -0.4203 0.0620 0.6842 -0.8232 -0.7514 -0.5450 0.0827 
21.6888 1.4795 -3.3253 -1.4777 -1.9338 -1.3176 -1.2107 0.7779 1.0498 -1.1971 -1.2908 -0.6109 0.3878 
21.0603 2.4656 -2.9633 -1.4051 -0.2794 -1.0403 -0.7212 0.6759 1.1110 -0.6676 -0.8017 -0.3345 -0.1702 
19.9156 0.5825 -0.9648 -2.7345 -2.3785 -1.7504 -0.9942 0.6038 -0.0188 -1.3394 -0.7541 -0.5226 -0.3548 
19.3568 2.2334 -0.4239 -1.9031 -1.0308 -0.8345 -0.2018 0.3205 0.9902 -0.6742 -1.2763 -0.0649 0.1330 
18.4195 1.4007 -1.2979 -1.7827 -1.1921 -1.9572 -0.8047 0.0447 0.6920 -0.7841 -1.4016 -0.2060 0.1685 
18.3768 0.0753 -0.6976 -2.0302 -0.9768 0.0971 -0.4388 0.4960 0.2153 -0.3767 0.2341 -0.5162 0.4579 
17.3904 0.6045 -1.0504 -1.8412 -0.5646 -0.0772 0.0544 0.6707 0.6130 -0.4672 -0.4419 -0.8450 0.1315 
17.6457 -0.5949 -1.2535 -2.3251 -0.7562 -0.4270 -0.3703 -0.4817 0.2006 -1.0601 -0.5155 -0.6732 -0.3538 
17.1435 -0.1825 -0.0018 -1.5902 -0.4814 -0.2264 -0.7836 -0.4306 0.3283 -0.3964 -0.4010 -0.0188 0.2501 
18.2160 1.0849 -0.8858 -2.0109 0.9035 0.3910 -1.4078 -0.1658 -0.0286 -0.6506 0.1120 0.1054 -0.2302 
16.3994 0.6439 0.4581 -0.8281 -0.7099 -0.4712 -2.2812 0.2617 0.0349 -0.1286 -0.6577 -1.2033 0.2714 
18.1731 0.3463 -0.5683 -0.8290 -0.0413 0.1700 -0.7894 -0.0592 -0.4429 -0.5396 -0.8838 -0.7805 0.1033 
15.7099 0.3140 0.6073 -1.5633 -1.6974 -0.9874 -0.4599 0.3423 -1.0680 -1.6890 -1.0224 -0.6683 0.3753 
17.0940 0.1285 0.8235 -0.7151 -0.9824 -0.5040 -1.1133 0.1526 -0.1357 -0.7742 -0.4306 0.2679 0.0245 
17.1367 0.1072 -0.0262 -0.9390 -0.0592 -0.0401 0.1931 -0.1933 0.2650 -0.4178 -0.2411 0.0154 -0.2713 
