19.8861 12.5391 -7.5763 -4.8485 3.4076 1.2616 -0.8870 0.1978 -1.4795 -1.7326 1.1820 0.9298 -0.9126 
32.6477 22.8923 -8.2511 -5.9675 6.1404 2.8729 -2.2494 -2.0465 -4.1651 -4.4910 -0.1564 0.9858 -0.3942 
36.6844 26.0986 -8.8944 -7.2320 6.1101 2.9450 -2.7545 -2.5137 -4.4380 -4.9573 -0.8221 0.4333 -0.6744 
38.0523 26.4033 -9.6518 -6.2179 7.1872 1.9840 -3.5839 -1.9553 -4.0876 -4.9567 -0.5348 0.1938 -1.3393 
38.6669 27.2185 -9.3919 -6.5352 7.3534 2.5357 -3.8921 -2.6723 -3.8976 -4.3386 -0.4172 0.0917 -1.5725 
39.4433 27.4642 -10.1463 -7.0369 7.1446 2.2391 -3.4856 -1.5068 -3.5861 -5.3483 -1.2105 0.2356 -1.4246 
39.6303 27.3987 -10.6810 -7.6158 6.6341 1.6249 -4.0983 -2.0018 -4.0221 -5.4683 -0.8550 0.3255 -2.2188 
39.6192 28.3254 -9.3110 -7.4324 7.0432 3.3123 -3.1223 -2.2604 -3.7107 -4.7055 -0.8880 0.1610 -1.6566 
39.5467 27.7715 -9.9953 -7.4215 6.9888 2.6438 -3.6573 -2.6540 -4.3923 -5.0850 -0.9088 -0.4080 -2.5224 
40.8106 28.3687 -10.4747 -6.9785 7.9009 2.7826 -3.5662 -2.0723 -3.9339 -4.6839 -0.2638 0.0665 -2.3557 
41.1142 27.2772 -12.3567 -6.6355 8.8895 2.0784 -4.2849 -2.0705 -5.0042 -6.1355 -0.3839 0.0301 -3.1727 
41.8741 27.7136 -12.4100 -6.2444 9.2037 2.1133 -3.6020 -1.0409 -4.5068 -5.6784 0.2234 0.0123 -3.4431 
41.2248 27.1171 -12.5049 -6.3276 8.7625 1.5266 -4.0867 -1.5643 -5.1121 -6.0177 0.2751 0.0785 -3.5882 
39.5478 26.7828 -11.3615 -7.0527 8.0324 2.7475 -3.7131 -2.6297 -4.9002 -5.1791 -0.1439 -0.1890 -3.0239 
37.8501 26.2468 -9.6635 -6.2699 7.3673 2.8664 -2.6208 -2.0996 -4.8608 -4.8524 0.0545 -0.2853 -2.5987 
37.2688 26.0038 -9.0400 -5.6986 7.2591 2.5350 -2.6444 -2.0750 -5.1655 -5.1905 0.0968 -0.0731 -2.5607 
35.9919 24.5074 -9.6575 -5.6683 6.9228 1.8467 -2.6620 -1.4475 -4.6965 -4.8633 0.4502 -0.2007 -3.3438 
35.2087 24.3786 -8.7914 -5.2178 7.3579 2.8585 -2.1550 -1.7335 -4.6844 -4.4857 0.6592 0.1814 -2.7034 
34.0146 23.7322 -8.0269 -4.3679 7.7949 2.7724 -3.0445 -2.6012 -4.7484 -4.7074 -0.2618 -0.2460 -2.3073 
32.9315 22.7850 -7.9223 -4.0705 7.2871 1.7997 -3.5503 -2.5744 -4.5348 -4.3454 0.0521 -0.2041 -2.3276 
30.1990 20.6309 -7.8974 -4.2340 6.6765 1.8891 -3.2296 -2.6950 -4.6181 -4.2027 0.0484 -0.4722 -2.8053 
31.1351 21.0283 -8.5218 -4.2122 7.5381 2.3622 -3.3153 -2.7709 -4.8406 -4.5330 0.5241 0.9350 -1.6906 
27.4660 18.4365 -7.9264 -4.3751 6.1441 2.1122 -2.5121 -1.9502 -3.6617 -3.5319 0.0792 -0.2502 -2.0662 
25.9924 17.4844 -7.4405 -4.2860 5.6120 2.6431 -0.9605 -1.4202 -4.5197 -4.0274 0.4473 -0.1608 -2.2976 
24.6845 16.6165 -6.9586 -3.9552 5.0695 1.7648 -1.7769 -1.9205 -4.3087 -3.3234 1.0051 0.1890 -2.0236 
23.2799 15.1388 -7.3939 -3.9222 4.4156 0.2744 -2.8170 -1.8148 -4.2438 -4.3139 -0.2509 -0.5915 -2.9080 
