-inf -inf -inf -inf -inf -inf -inf -inf -inf -inf -inf -inf -inf -inf -inf -inf -inf -inf -inf -inf -inf -inf -inf -inf -inf -inf -inf -inf -inf -inf -inf -inf -inf -inf -inf -inf -inf -inf -inf -inf 
-inf -inf -inf -inf -inf -inf -inf -inf -inf -inf -inf -inf -inf -inf -inf -inf -inf -inf -inf -inf -inf -inf -inf -inf -inf -inf -inf -inf -inf -inf -inf -inf -inf -inf -inf -inf -inf -inf -inf -inf 
-inf -inf -inf -inf -inf -inf -inf -inf -inf -inf -inf -inf -inf -inf -inf -inf -inf -inf -inf -inf -inf -inf -inf -inf -inf -inf -inf -inf -inf -inf -inf -inf -inf -inf -inf -inf -inf -inf -inf -inf 
-inf -inf -inf -inf -inf -inf -inf -inf -inf -inf -inf -inf -inf -inf -inf -inf -inf -inf -inf -inf -inf -inf -inf -inf -inf -inf -inf -inf -inf -inf -inf -inf -inf -inf -inf -inf -inf -inf -inf -inf 
-inf -inf -inf -inf -inf -inf -inf -inf -inf -inf -inf -inf -inf -inf -inf -inf -inf -inf -inf -inf -inf -inf -inf -inf -inf -inf -inf -inf -inf -inf -inf -inf -inf -inf -inf -inf -inf -inf -inf -inf 
-inf -inf -inf -inf -inf -inf -inf -inf -inf -inf -inf -inf -inf -inf -inf -inf -inf -inf -inf -inf -inf -inf -inf -inf -inf -inf -inf -inf -inf -inf -inf -inf -inf -inf -inf -inf -inf -inf -inf -inf 
-inf -inf -inf -inf -inf -inf -inf -inf -inf -inf -inf -inf -inf -inf -inf -inf -inf -inf -inf -inf -inf -inf -inf -inf -inf -inf -inf -inf -inf -inf -inf -inf -inf -inf -inf -inf -inf -inf -inf -inf 
-inf -inf -inf -inf -inf -inf -inf -inf -inf -inf -inf -inf -inf -inf -inf -inf -inf -inf -inf -inf -inf -inf -inf -inf -inf -inf -inf -inf -inf -inf -inf -inf -inf -inf -inf -inf -inf -inf -inf -inf 
-inf -inf -inf -inf -inf -inf -inf -inf -inf -inf -inf -inf -inf -inf -inf -inf -inf -inf -inf -inf -inf -inf -inf -inf -inf -inf -inf -inf -inf -inf -inf -inf -inf -inf -inf -inf -inf -inf -inf -inf 
-0.4202 -0.6496 -0.2490 0.3612 0.9332 1.3130 1.5962 1.8468 2.1387 2.3819 2.5405 2.5874 2.5072 2.2530 1.9592 1.8145 1.8400 1.8239 1.5615 0.8646 0.9771 1.8313 2.1956 2.3096 2.3785 2.5430 2.7553 2.7376 2.4567 2.9366 3.4608 3.6572 4.2037 4.5227 4.7984 4.2594 4.0965 4.0286 2.3971 2.9358 
1.5042 3.6454 4.5257 4.8310 4.5911 3.8559 3.4069 3.9497 4.2748 4.6866 4.9958 5.0614 5.6752 5.3154 3.7634 4.0933 3.9403 4.4029 4.5081 3.5339 3.1895 4.1803 5.2171 4.9734 4.5968 4.5340 5.5186 5.3521 4.7688 5.8886 6.1065 6.4976 6.8912 6.6319 7.4692 6.6427 6.8002 7.0584 7.3528 6.2559 
3.2557 3.7228 4.6296 4.9747 4.5013 3.4897 3.3116 2.9448 3.2906 3.9858 4.0957 4.2471 4.5202 5.6497 5.0760 4.0057 4.4830 4.8313 4.1385 4.4821 4.6776 4.7484 4.3905 4.4318 4.9660 4.0561 4.7606 4.6321 5.1775 6.0738 6.7607 7.7518 7.9665 6.9384 7.5339 7.1374 6.8434 7.6245 7.9804 7.0831 
3.4254 4.2149 4.8040 4.7232 4.3227 3.4531 2.9597 3.2460 3.3956 3.0333 3.3731 4.2408 4.7965 4.4043 4.3666 4.5708 4.7262 5.0156 4.4325 3.5928 4.4199 4.4093 4.6427 4.6187 4.4236 4.7112 4.6641 4.2780 5.2728 6.0854 6.5260 7.1200 7.4816 6.7066 7.0742 7.0837 6.1263 6.8403 6.8831 6.2770 
2.9004 3.6799 3.9445 2.6711 3.2551 3.5128 2.7401 2.7404 1.7350 3.0198 3.7905 3.5796 4.7396 5.0102 3.7341 3.5109 3.4336 4.1957 3.9614 4.2888 4.1162 3.8262 4.3975 3.8930 4.6789 4.3521 4.0219 3.9496 4.7854 5.7134 6.3815 6.3813 6.2176 5.9833 6.6671 6.6029 5.8953 6.4300 6.1357 5.6376 
3.2669 3.4727 3.3429 3.4618 2.7448 3.0710 2.9457 1.6460 2.6257 2.9276 3.3185 3.7384 4.3813 4.2410 3.4514 3.4911 4.2706 4.2231 3.1947 3.3529 3.9600 4.1845 4.1423 3.9888 4.0139 3.9049 3.6294 3.4508 3.8999 4.4399 5.2555 5.6912 6.2108 5.3829 5.8586 5.2588 4.9053 5.3634 5.4654 4.7815 
3.3930 4.4326 4.5866 4.1067 3.8067 3.5148 2.3492 2.7550 3.1040 3.1131 3.8060 3.5791 4.1981 4.2679 3.3532 3.4240 3.1505 3.1344 3.5591 4.0962 3.6530 4.3294 3.8332 3.4672 3.4813 4.1850 3.9922 3.9646 3.8470 4.2637 4.9142 5.5562 5.1527 4.5877 5.2368 5.2893 4.5023 5.2051 5.0459 4.3570 
3.5635 4.6585 5.1301 4.8115 4.2615 3.8868 2.7143 2.6656 3.2456 3.3354 2.9365 3.3984 4.5714 4.9306 4.5733 4.2873 4.4807 5.3835 5.9017 5.1099 4.9408 5.4699 6.0415 4.9792 4.8124 5.4997 4.4764 5.0114 6.7809 8.0812 7.7545 6.8083 6.0075 5.8960 7.4569 7.3056 7.5561 7.3501 7.3890 8.0528 
4.2380 5.2452 5.0990 4.6198 4.5426 4.1018 3.5423 2.2703 1.9629 2.1003 3.6876 4.1423 4.7047 5.5685 5.3616 5.0719 4.6121 5.1383 5.2934 4.5385 4.9716 5.5903 5.8270 4.8624 4.9339 5.0311 4.4890 5.0801 6.6567 7.2436 7.1257 6.4985 6.5095 7.8796 7.9587 7.8590 8.0421 8.0599 8.1189 8.6659 
3.5181 4.6868 5.0282 4.4181 4.3260 4.2858 2.9047 3.1555 2.5347 1.9790 3.1681 2.8214 3.7698 4.4871 3.7178 3.2991 3.6842 4.4220 4.6627 4.5768 4.2360 4.5985 4.8746 4.5157 4.3063 3.4405 3.6493 4.4233 5.7700 6.4199 6.1646 5.6873 5.5766 6.7024 7.5659 7.2328 7.2625 6.3110 7.1016 7.4477 
2.3264 2.3021 3.7910 3.5523 3.8478 3.9746 3.9641 2.8554 3.1262 3.5829 2.8481 3.7233 4.5714 4.3555 4.3619 3.8379 4.1722 4.4725 3.6196 3.9363 3.7836 4.1586 4.0454 3.7717 4.1888 3.5265 4.0246 4.0629 4.3851 5.7700 5.3039 5.1873 5.0298 5.7223 6.7168 6.8061 5.9496 5.7360 6.1728 6.6244 
2.6964 2.5993 3.6224 3.6263 4.2851 4.2760 2.1480 3.0281 3.2963 2.8731 3.2662 3.5038 4.0508 3.4957 4.2141 4.1064 3.5136 4.0108 4.1387 4.2619 3.8055 4.2416 4.5915 4.4706 4.0069 3.8814 4.6813 4.7665 4.9239 5.2692 5.2822 5.4485 4.8266 5.3840 6.6906 6.7228 5.9736 5.9756 5.7510 6.3151 
3.4848 4.1688 3.9746 2.9644 4.3633 4.3503 3.3354 3.3847 2.9384 2.9731 4.1554 4.2700 4.0672 3.4833 3.8820 3.4241 3.5897 4.4169 3.8500 3.5086 4.0593 4.1122 3.7740 4.3466 4.0391 3.8002 3.6198 3.4823 4.1884 4.7103 4.9102 4.7154 4.4705 4.6534 5.3678 5.8848 5.5003 4.8737 5.3601 5.9339 
2.9245 3.9888 3.7127 3.7955 3.8842 3.7515 3.0996 3.0599 2.4454 2.9341 2.9157 3.1125 3.7941 3.9405 4.1689 4.2150 3.3470 3.8483 4.5439 3.9959 3.9301 4.1155 3.4576 3.0795 3.3252 3.8802 3.6161 3.9109 4.0032 3.9148 3.9004 4.3014 4.3230 4.2572 5.0310 5.3445 4.7614 4.2909 4.3617 4.7205 
2.1524 3.8758 4.3499 3.5799 3.8907 3.7672 2.9143 1.6584 2.4079 3.0556 3.4532 3.6415 4.5587 4.5041 4.1736 3.8124 3.1864 4.0479 4.3127 4.0126 4.1083 3.5998 3.8232 3.8319 3.3125 3.9080 4.1715 3.7254 3.9724 3.9414 3.6867 3.9263 3.9524 3.7446 4.5028 5.0015 4.2798 4.1066 3.7911 4.1547 
1.7860 3.2887 3.9675 4.1288 4.0220 3.2848 2.6257 3.0479 3.1493 3.3160 3.6504 2.9901 4.3625 4.9827 3.8418 4.1830 3.3617 3.7207 3.6895 4.2307 3.9963 4.2837 4.0067 3.9284 3.8554 3.8813 3.7667 3.7174 3.8102 3.9786 3.8366 4.2231 3.6827 3.8961 4.2796 4.2799 3.9702 4.2453 4.2560 4.1190 
2.3942 2.8448 3.5223 4.2313 4.3159 3.1967 3.3175 2.4765 2.7871 2.9615 1.9307 3.3759 4.3956 4.2706 4.1435 4.2440 3.2281 3.9764 3.5019 3.8441 4.2006 3.6002 4.2530 3.7457 4.1519 3.8966 4.0587 3.6959 3.7805 3.9273 3.6523 3.7614 3.8277 3.4210 3.8028 3.6754 3.8943 3.5208 3.6458 3.9574 
1.6312 1.8801 3.1959 3.9348 3.0681 3.7603 3.9600 2.6172 2.4005 2.8982 3.7237 4.0695 4.2305 4.5157 4.0962 3.8903 2.5704 3.3376 3.3577 4.2723 4.2796 3.8028 3.9711 3.9112 4.0630 3.8961 3.4514 3.3812 3.7538 3.1209 3.7365 3.7483 3.2508 3.5910 4.1002 3.8403 4.0302 3.8127 3.4600 3.6914 
1.6669 1.8562 2.8676 3.1416 3.8369 4.0871 4.1782 3.4749 2.5989 3.0857 3.6182 3.5869 3.9100 3.2682 3.8907 3.6515 3.0748 3.4506 3.3080 3.8558 3.9324 3.9354 3.6270 3.5912 3.7431 3.7059 3.6404 3.4193 3.2023 3.4987 3.3519 3.3976 3.7018 3.6771 3.7393 3.8481 3.9074 4.0733 3.8438 3.7653 
2.1088 2.6717 2.5631 3.3227 3.2245 3.0124 3.9513 3.9204 3.4238 3.2346 2.7837 3.0249 4.3457 4.1672 3.6888 3.9655 3.3343 3.8486 4.5178 3.7934 3.8059 4.0023 4.0493 3.3227 3.9310 3.6334 2.9918 2.9013 3.8085 3.8364 4.1454 4.1984 4.3852 4.3530 4.0699 3.9417 3.9791 3.7444 3.6907 4.1475 
2.3362 3.0154 3.1680 3.7200 3.7028 3.3944 2.7276 3.0821 3.6852 3.6461 3.0877 3.1767 3.5961 4.0246 3.9640 3.9634 3.5665 3.6375 3.8829 4.3343 4.2046 4.1228 4.1027 3.8389 3.2768 3.9218 3.4660 3.8275 3.5525 4.0171 3.9613 3.5619 4.1132 3.6649 3.6901 4.1140 3.8978 3.9632 3.8804 4.0078 
2.4341 2.4594 2.5501 3.0529 4.1152 4.0382 3.3951 3.1240 3.1966 3.4402 2.8231 2.9902 4.2899 4.3278 3.8906 3.6614 3.4903 3.6738 3.5479 3.9734 4.3426 4.6096 3.9985 4.0260 3.7512 4.0641 3.6196 3.7961 3.8848 4.0423 3.9775 3.6712 3.8206 3.9529 3.5536 4.0420 3.5074 3.7324 3.9630 4.0598 
3.2652 3.8647 3.6282 3.5553 3.8506 4.1728 4.5495 4.7236 5.1234 5.1357 5.2318 5.0006 4.9554 4.6802 4.2018 3.4929 3.6685 3.9680 4.2113 3.8530 3.8133 4.3812 4.6684 5.4206 6.2717 6.7439 6.9017 7.0601 7.1965 7.0742 6.5221 6.1181 5.9658 5.9198 5.4343 5.0504 3.9992 3.7121 3.8117 3.8885 
2.8696 4.0125 5.3535 6.1118 7.1630 7.5319 7.1271 7.0511 7.1392 7.8981 8.7809 7.8207 6.9803 6.8363 6.0587 5.5426 5.1897 5.4669 5.4255 5.4703 5.4326 5.8435 6.3878 7.5314 8.4053 8.6454 9.0800 8.9989 9.2019 9.2673 8.3136 8.2538 8.1572 8.0482 7.5731 6.9876 5.5105 4.8747 3.9923 4.2887 
5.7713 6.1680 6.6089 7.0527 8.2437 8.6132 6.6426 8.6782 8.4274 9.6807 10.0236 9.3655 7.8290 7.9756 6.7793 5.8069 6.2498 6.1685 5.9579 6.2492 6.6417 6.7923 7.3064 8.4194 9.2724 9.5437 9.8063 9.6665 10.0585 9.9820 9.0306 9.1602 9.2257 9.2749 8.8688 7.6284 5.9856 5.0866 4.6460 4.3477 
6.0900 5.5283 6.8065 7.9521 8.4750 7.5744 8.3277 9.2934 8.4122 9.8733 10.3181 9.4242 8.3124 7.9262 6.3115 5.1496 6.4944 6.8055 6.6797 7.2559 6.9293 7.4473 7.5396 8.5721 9.1766 9.6333 10.1736 9.8323 9.8587 9.9535 9.1026 8.9303 9.1235 8.9114 8.4680 7.7519 6.5449 5.4712 4.9130 4.8428 
5.4307 6.2536 6.6049 8.4135 8.4767 7.9641 8.5604 9.7618 9.1823 10.3230 10.4813 8.9309 8.2239 7.7936 7.0720 6.6236 7.0489 6.4909 6.6080 7.6443 7.5111 7.7505 7.5071 8.6780 9.0970 9.9088 10.4097 10.0052 10.4501 10.2001 8.9248 9.0854 8.9615 8.5830 8.1685 7.8215 6.4849 5.5254 5.2527 5.1558 
4.5530 6.4658 7.3092 8.7921 8.5904 7.4315 9.0063 9.9733 8.7754 9.8593 10.2957 8.5203 8.4657 7.8801 6.5818 6.5967 7.2710 6.6962 6.4799 7.0974 7.1830 7.2731 7.6940 8.1604 9.4000 10.0943 10.6269 10.4225 10.4089 10.1757 9.2579 9.4185 8.8565 9.2531 8.6467 7.8972 6.7045 6.3549 6.1371 6.0785 
5.4992 6.4430 7.5246 9.0970 9.1462 7.8134 9.0656 10.1814 9.1513 9.1580 9.5984 8.4751 8.3325 7.7844 7.1028 6.4624 7.5659 7.1721 6.6483 6.9911 7.2937 7.1825 7.8632 8.1775 8.9333 10.0545 10.4971 10.1095 9.8039 9.6081 9.0816 9.4970 8.6542 8.4768 8.5442 7.8322 6.9191 5.7351 5.0099 4.8609 
5.5742 5.8172 7.3345 9.2371 9.1990 7.5272 9.2132 10.4196 9.4053 7.8995 8.8158 7.5680 8.3618 8.0608 6.6110 6.1022 7.1499 6.8194 5.6764 6.5735 6.9056 6.9035 6.6987 7.4633 8.7924 9.4418 9.8696 9.8349 9.8550 9.7519 8.5947 8.5137 8.6803 8.8328 8.3409 7.3421 5.8231 5.2846 4.6201 4.5784 
5.2417 5.5915 7.1453 9.3709 9.4983 7.9103 9.3367 10.6670 9.7301 9.0145 9.7439 8.2403 8.2826 8.0535 6.6417 6.2459 6.3289 6.6842 6.5877 7.0054 7.6472 6.7519 6.8010 7.7174 8.4881 8.8875 9.2387 9.9445 10.0288 10.2146 9.1130 8.5602 7.8314 8.1938 8.2028 7.6026 6.1642 5.5747 5.0304 5.1324 
6.1954 4.6236 7.2370 9.4940 9.6595 8.0287 9.4213 10.8596 9.9463 8.9014 9.8116 8.4852 7.5526 7.0734 6.4508 6.5725 5.6048 5.6297 7.0809 7.1123 7.5189 6.6280 7.2787 7.7117 8.0454 8.2011 9.4608 9.8237 10.1766 9.9527 9.0193 8.6403 8.7606 8.3095 7.5282 6.7989 6.1385 5.4285 4.5860 4.5197 
6.5358 5.4646 7.6091 9.6039 9.7977 8.3158 9.3631 10.9729 10.1272 7.8275 9.0482 8.1732 6.6650 6.4523 6.4092 6.5709 5.8919 5.8440 6.2818 6.5263 7.2686 7.4622 7.4411 7.6001 8.3737 8.4437 9.9098 10.0756 10.0831 9.7125 8.9715 8.3652 8.4066 8.1787 7.5800 6.5130 5.9378 5.9377 5.7902 5.7368 
5.7898 2.1151 7.4748 9.6177 9.9089 8.5326 9.2615 10.9495 10.2873 7.2987 7.5736 7.5401 6.4356 6.7802 6.4655 6.2438 6.1752 6.3770 6.1929 6.5574 7.1080 7.1677 7.3518 7.6636 7.7050 8.1532 9.5176 9.6384 9.5886 9.7294 8.9513 8.6909 8.3635 8.1972 7.6544 6.7406 6.2801 6.0871 5.9924 6.0940 
4.3618 5.7113 7.2277 9.5208 9.9626 8.7069 8.6941 10.5949 10.2701 7.4564 7.8398 7.4283 6.9146 7.0974 6.1818 6.1407 6.1509 6.2041 6.1911 6.6953 6.7893 6.3192 6.4194 7.0785 7.1301 7.8179 8.7523 9.3053 9.4189 9.4909 8.1419 8.0515 8.0475 8.4692 7.3285 6.6946 5.8958 5.8431 5.8112 5.9617 
5.0755 4.4043 6.6092 9.0741 9.7632 8.6180 6.9715 9.8816 10.0032 7.6041 8.3941 8.1871 5.7809 6.4885 5.8802 5.9116 5.3775 5.4431 5.5242 5.8976 6.0760 6.5546 6.2761 6.1747 7.2320 7.3661 7.5803 9.0651 9.4420 9.3920 8.1598 7.8762 8.0798 8.2317 7.3031 6.1605 4.8712 5.1965 4.8712 5.5194 
4.2456 3.3058 6.7770 8.2345 9.6096 8.7675 7.0880 9.7824 9.7859 7.5406 7.2403 8.1074 5.9678 6.8392 5.8006 5.2133 5.2640 5.1867 5.6255 6.0585 5.9072 6.6274 6.3981 6.4198 6.9061 6.8787 7.8366 9.0854 9.7255 9.3655 8.7348 8.4703 7.4196 8.4708 7.4665 6.4392 5.0644 5.0761 4.7070 5.5782 
5.2567 5.6945 6.4976 9.2029 10.0174 9.0170 7.3414 8.5960 9.2184 7.3360 7.5600 8.0178 6.3138 6.7839 5.9358 5.7521 5.3298 4.9460 4.8140 5.7669 5.7039 5.9951 5.6502 5.9914 6.5243 7.0823 7.8242 8.6166 9.3318 9.2345 8.6955 8.1029 7.7090 7.8796 7.5568 6.2501 5.1374 4.7485 4.5322 5.2108 
5.5578 5.2359 6.7458 9.5721 10.3344 9.2688 6.6702 8.4344 8.8353 7.1723 7.2502 7.5408 6.4055 6.8434 6.2040 5.7344 5.6748 4.6593 5.1988 5.3826 5.2337 5.7809 5.6575 6.0579 6.7626 7.0549 8.0782 8.2440 8.9541 8.7707 7.5338 7.5636 7.4877 7.7905 7.4926 6.3330 5.0048 4.6620 4.9696 5.1622 
5.7039 5.2906 6.4049 9.5160 10.3823 9.3966 7.1884 8.7633 9.0617 7.4852 6.8633 7.2190 6.1887 6.6598 6.4388 5.5701 5.9490 5.4973 5.3954 5.4766 5.5749 5.4622 5.5940 5.6151 5.8470 6.8801 7.8124 8.4122 8.5938 8.8606 7.7760 7.7846 7.6960 7.8514 6.9492 5.9929 5.2848 5.1741 5.2432 5.5762 
5.1290 5.8884 5.9034 9.0400 10.1861 9.3464 6.8084 8.7110 9.1891 7.6027 6.3168 7.2573 5.9396 6.2221 6.0044 5.3499 5.2334 4.8964 4.5545 5.5718 5.6486 5.2872 5.0649 5.3492 5.6228 6.5105 7.1200 8.4118 8.8478 8.8045 7.9386 7.5301 7.2110 7.7607 6.7539 5.3470 4.7322 4.6836 4.7260 4.9126 
5.0857 5.4217 4.9371 8.6654 9.9776 9.2318 7.3276 8.5852 9.1739 7.8005 6.4284 7.0153 6.2757 5.9552 6.0415 5.2501 5.5956 5.3527 5.3945 5.2395 5.4049 5.7607 5.3449 5.3480 5.3011 6.3878 7.3888 7.7199 7.7681 8.0949 7.5637 7.0783 6.7509 7.0281 6.3258 5.3724 5.0291 5.2693 5.3813 5.2897 
5.0065 5.4940 6.1092 8.6560 9.8640 9.1720 5.8735 8.0522 9.1337 7.9283 6.5679 6.1512 5.5198 5.4695 5.9164 5.2898 5.6038 5.2163 5.2951 5.4085 5.2304 5.3127 5.5583 5.4463 5.6510 6.4616 7.1791 7.9808 7.9623 7.9675 7.5191 7.1984 6.6230 7.0225 6.5638 5.6791 5.3600 5.7725 5.9342 5.3528 
4.9082 5.3588 6.4295 8.2190 9.4949 8.8829 7.0377 8.2811 8.7432 7.6752 5.6397 6.4707 6.0171 4.8720 5.0615 4.0600 5.0131 4.8830 5.0706 4.6292 4.9075 4.5275 5.0334 5.1987 5.5857 6.5731 7.3667 7.4176 7.7308 8.2267 6.9920 6.8788 6.2104 6.7055 6.0746 5.2312 4.6771 5.1325 4.9920 4.4191 
4.3928 5.6963 5.8068 7.5104 8.8007 8.1554 7.0279 7.6886 7.4210 6.4004 5.2981 5.2337 6.0517 5.0643 4.7446 5.0017 4.9785 4.4330 4.5398 4.8259 5.1283 4.7346 4.6756 4.8505 5.4762 6.2824 7.0322 6.6569 7.0252 7.5884 6.5923 5.8512 5.6008 6.3333 5.8379 4.6596 4.5162 4.8487 5.3651 5.1170 
4.6917 5.7201 6.0839 7.6112 8.7606 8.1426 6.2407 7.7340 7.9160 6.6038 5.9940 6.2741 5.3646 4.3084 4.5477 4.7327 4.6143 4.3202 4.4475 4.9122 4.8808 4.7521 5.1179 5.4396 5.2531 5.7631 6.3576 6.1619 6.4986 6.7565 5.9627 5.4073 5.3065 5.9764 5.3757 4.4212 4.3943 4.5288 4.6379 4.8053 
2.8637 5.9711 6.3873 7.0941 8.5579 7.9767 6.3817 7.1410 7.7272 6.4352 5.6039 6.1096 5.7135 5.2457 4.7915 5.1428 4.4571 5.6216 5.1993 5.3055 4.5636 5.2041 5.4672 5.9838 6.3504 5.5573 5.3449 6.3481 6.9719 6.8178 5.7594 5.2298 5.3370 5.2887 4.9695 4.4570 4.4024 4.5481 4.5018 4.8682 
3.9048 5.5349 6.2166 5.6037 7.4531 7.2202 5.8003 6.7563 6.8317 4.6000 5.0295 5.4437 5.2563 4.4879 4.5414 4.7346 4.4630 4.6152 4.3797 4.5023 5.1540 4.9275 5.1080 5.2904 5.5570 5.6364 5.0096 5.9703 6.5020 6.1464 5.8972 4.9464 4.7779 5.2399 4.9419 4.0004 3.9952 3.7680 4.5773 4.4663 
3.9915 5.4738 5.6995 6.4383 7.1103 6.9733 4.9420 6.8988 7.2577 6.1125 4.7181 5.3460 4.7498 4.2995 4.4000 3.7988 4.0172 4.5629 4.2083 3.4889 4.0428 4.3665 4.0097 4.4522 4.9930 5.1001 4.9437 5.3673 5.7968 5.7881 5.3769 4.7727 4.9776 5.1155 4.2884 4.3814 4.3115 4.1708 3.8865 4.4504 
2.8294 4.8990 5.6681 6.9197 7.8773 7.1109 5.5401 6.3319 6.0226 5.4573 5.0311 5.3723 4.9469 4.3484 3.5819 4.0734 3.8539 4.2111 4.3928 4.2091 4.3291 4.7237 4.0225 4.6661 4.7355 5.1547 5.3792 5.4942 5.3573 5.1672 4.5226 4.1882 4.4840 4.5530 4.1408 3.7953 3.9604 3.8735 3.9409 4.4324 
2.7477 5.0451 5.5013 6.8113 7.7655 6.9954 4.5159 6.8468 6.9274 5.8111 4.9081 5.3124 5.1662 4.7875 3.7136 3.9001 3.8459 4.4915 4.8039 4.5158 4.6294 5.1400 4.4687 4.3610 4.7994 4.3970 5.2399 5.0065 5.4383 5.3283 4.8965 4.2267 4.2437 4.7580 4.4685 3.9741 4.2607 4.1571 4.2312 4.2605 
4.0742 5.1714 5.3275 6.4086 7.3800 6.2901 5.4227 6.7153 6.9422 5.6561 4.4508 4.4988 4.3411 3.8097 3.7703 3.9824 3.8891 4.5968 4.0645 4.1949 4.6755 4.5002 4.3984 4.2873 4.1971 4.7241 4.8676 5.1316 4.8493 5.5417 5.1569 4.3808 4.2242 4.0333 4.1759 4.3051 4.2058 4.3733 4.1730 4.0139 
1.8363 4.9858 5.4778 6.6230 7.3009 6.2591 4.4308 4.5873 5.3136 4.8824 4.1369 4.2198 5.0528 4.8843 4.8117 4.8600 3.8305 4.4517 4.3808 4.4411 4.4731 4.6337 3.6896 3.9736 4.5608 4.9527 4.5994 4.8877 4.9825 5.0277 4.3424 4.0674 4.4262 4.3440 4.2604 3.7341 4.0697 4.3495 4.0428 4.0548 
4.1143 5.2365 5.4388 6.0920 6.9915 6.1313 4.1336 5.3108 5.1628 3.9529 3.7210 4.4304 4.1079 3.8071 4.3120 4.4841 4.3190 4.0828 4.0347 3.8903 4.3490 4.4702 4.6388 4.1985 4.1031 3.8167 3.9597 4.3753 4.3924 4.6545 4.6317 4.3182 4.2511 4.4829 4.1666 4.0471 4.2318 4.3393 4.4173 4.1835 
2.5191 4.7337 5.4132 6.0084 6.4300 5.6712 3.4860 5.4779 5.3215 4.4745 3.9959 4.2800 3.8596 3.5124 4.1681 4.3267 3.8489 3.8858 3.7288 3.8584 4.5180 4.2893 3.9006 4.5240 4.4126 4.1482 4.1393 4.5830 4.2557 4.2787 4.3737 3.6745 4.0063 4.5962 4.5348 4.2934 3.8464 4.1389 4.3955 4.2677 
3.4348 3.7031 4.6476 5.0744 5.8444 5.5987 4.7995 4.9869 4.4701 4.1575 4.0911 3.6246 5.0770 4.9510 4.3744 4.6718 3.6489 4.4075 4.2507 4.2996 4.7030 3.9629 3.9471 4.2134 4.0329 4.4029 4.4829 4.6083 4.8029 4.2180 4.1181 4.2912 4.2398 4.2114 4.1846 4.2688 4.2298 4.1377 4.5150 4.4170 
3.3697 4.1293 3.6965 4.8858 5.9809 5.4177 4.3940 4.9377 4.6830 3.8404 4.0715 3.3667 4.4366 4.0691 3.9363 4.3465 3.8274 4.4880 4.2754 4.4681 4.7610 4.1538 4.5983 4.9236 5.0295 4.1710 4.8781 4.9175 4.0945 4.1745 4.6412 3.9773 4.3688 4.6461 4.0384 4.1606 3.9704 3.9372 3.9062 4.1349 
1.9646 3.9786 4.3475 4.3429 5.7347 5.2698 4.8017 5.1441 4.4970 4.2239 3.8107 4.0172 4.9310 3.9642 4.4939 5.0611 3.5483 3.8194 4.6233 4.8783 4.8604 4.9148 5.1960 5.5891 4.9680 4.7790 4.6330 4.4309 4.9335 4.3087 4.4839 4.3860 4.3395 4.2208 4.0358 3.9696 4.1436 4.0574 4.0404 4.2219 
3.0722 3.9712 4.7983 4.5943 4.8468 4.6626 4.2354 4.7328 4.3588 3.5418 3.4789 4.1494 4.3749 4.4628 4.4795 4.8143 3.8508 4.3676 4.4707 4.5476 4.3503 4.8678 4.8085 5.5592 4.9761 4.4119 4.0134 4.0126 4.4214 4.3291 4.1222 3.8771 4.2244 4.3526 4.6887 4.4265 4.0454 4.0763 3.9459 4.0132 
3.7456 4.7257 4.9208 4.9004 4.6889 5.3525 5.6190 5.7036 5.3552 4.1910 2.8978 3.1834 4.3588 4.2838 4.4986 4.4389 5.0355 5.5411 5.1956 5.5604 5.4841 5.0149 5.0356 5.1901 5.2092 4.8043 4.7700 4.6851 4.5674 4.7019 4.2422 3.8734 4.0497 4.3959 4.3747 4.3868 4.2229 4.3020 4.2580 4.1753 
2.9427 4.7863 5.1635 4.8202 5.0153 3.4825 3.3199 4.9235 4.2134 3.3725 3.5179 2.8779 4.5016 4.9394 4.1469 3.5740 3.4490 4.3454 4.8221 4.5930 4.3963 4.6056 4.6719 5.0645 4.5700 4.4117 4.3818 4.1456 3.9582 3.9147 4.2350 4.0803 4.1410 4.4840 4.1590 4.0553 4.1158 4.0504 4.2103 4.3939 
3.5655 4.8996 5.1479 3.7416 5.5479 4.6695 4.7835 5.2376 4.7849 4.1979 4.3056 3.8509 4.5877 4.6503 4.5776 4.1441 4.1880 4.3927 4.1674 4.6913 4.2913 4.1383 4.3492 4.4371 4.3211 4.4686 4.6964 4.0338 4.1262 4.0706 4.0620 4.3071 4.2690 4.7116 4.3707 4.1352 4.2149 3.8731 3.9996 3.6729 
1.9382 4.7514 5.0896 3.9073 5.4935 5.0852 2.9934 2.9782 3.5697 3.6089 3.5209 3.2551 4.0007 4.4913 4.0153 4.1412 3.7450 3.6595 3.7959 4.3711 4.5498 4.0481 4.5343 4.7080 4.9799 4.4329 3.7087 3.9798 4.2914 4.6706 4.5407 4.1938 3.9967 4.4730 4.4810 4.6180 4.1148 4.0156 3.9858 4.1299 
3.3312 4.6810 5.1418 4.8265 4.7283 4.3382 3.7327 3.5049 4.5865 3.6786 3.5004 4.1140 4.5598 4.8130 4.5737 4.2653 3.5653 3.1919 3.7016 4.5379 4.5574 4.5162 4.4165 4.4100 3.7760 3.9398 3.8988 3.9290 4.7180 4.2475 4.1635 4.2857 3.8007 3.8049 4.2603 4.0893 4.0218 3.8880 4.0394 4.0199 
3.8563 4.3479 4.1654 4.3479 4.7804 4.6797 4.5058 4.2705 4.3341 3.9191 3.8427 4.1708 4.3267 3.8615 4.4213 4.7167 4.5396 4.4136 3.8524 4.2310 4.4717 4.7698 4.8565 3.9318 3.7473 4.5516 3.6498 3.5803 3.5978 3.3350 3.9195 4.0321 3.7708 3.8795 4.3902 4.2922 3.8095 3.8043 3.9452 3.9593 
