19.3747 1.8438 -1.5857 -1.4435 -1.7149 -0.5424 0.6918 -0.6523 0.9007 0.4084 -0.6733 -0.6774 -0.2521 
18.6959 0.4792 -1.4491 -2.1993 -2.3755 -1.0165 -0.6888 -0.5422 0.4866 -0.5420 0.6753 -0.1144 0.3801 
17.9277 0.5573 -1.1433 -1.3379 -2.5149 -0.1400 -0.8399 -0.5690 -0.2755 -0.2927 -0.6763 0.1037 -0.2699 
17.8588 0.0115 -2.2408 -2.1167 -1.5629 -0.3967 -0.3921 -0.7732 0.2276 0.2304 -0.5405 -0.2924 0.0090 
18.9468 1.0148 -0.9876 -1.1494 -1.3638 -0.2874 -0.9054 -1.1008 0.4173 0.1125 -0.2728 -0.2091 -0.1854 
17.9600 0.4491 1.0410 -0.4496 -1.5245 -0.3131 -0.6612 -1.3076 0.1571 -0.7741 -1.0449 -0.2084 0.2682 
17.2964 0.7238 0.2629 -1.9700 -1.5592 -0.7163 -1.1277 -0.2899 -0.7624 -0.9628 -0.2309 -0.6471 -0.2720 
18.0824 0.6248 0.2657 -0.2646 -0.1323 0.0582 -0.5781 -1.1772 0.5778 -0.7606 -0.4045 -0.1676 -0.0527 
16.8918 0.9308 -1.3231 -0.0982 -1.2570 0.0893 -0.4878 -0.6751 0.6058 -0.1136 -0.8287 -0.4532 -0.3215 
17.1477 1.2201 -0.2803 -1.0116 -1.9523 -1.1659 -0.1072 -1.2080 -0.6608 -0.3715 -0.8885 -0.7150 0.1765 
19.9347 2.6627 -0.4072 -1.5257 -1.1593 -0.7844 0.2149 0.0955 0.8135 -0.9076 -0.6812 -0.0611 -0.4099 
19.8076 3.2293 -0.8580 -1.8934 -1.5008 -0.4557 0.0979 -0.3433 0.9062 0.0178 -0.3451 -0.1873 -0.6120 
19.5062 2.6501 -1.0166 -0.7409 -2.1505 -0.6354 -0.8940 0.0612 0.3567 -0.1964 -0.4198 -0.6543 0.0073 
18.9151 1.6183 -0.2419 -0.5723 -1.6826 -1.1132 -0.3098 -0.5142 -0.2157 -0.8485 0.2007 -0.5945 -0.1039 
19.1635 1.6386 -0.6770 -1.0479 -1.7962 -0.5236 -0.3083 -1.1343 0.3264 -0.3980 -0.2520 -0.6197 0.0088 
19.5524 2.5507 0.0954 -1.8477 -0.5944 0.4335 -0.2105 -0.6167 0.1603 -0.6345 -0.7893 0.0329 0.0072 
18.8259 0.4673 -1.3150 -0.4437 -0.3687 0.6046 0.0215 -0.8180 0.1409 0.0438 -0.1111 -0.4114 -0.3747 
17.5245 0.0139 -0.5858 0.3951 -0.8488 -0.3183 0.2471 -0.6287 -0.4786 -0.5422 -0.2717 0.1184 0.4022 
19.0677 0.9940 0.2138 0.2296 -0.7990 -0.1125 -0.4268 -0.5303 0.6615 0.2453 -0.6147 -0.5500 0.1656 
19.0155 1.6097 -0.6620 0.4651 -0.9118 0.0959 -0.4326 -0.6677 -0.3681 -0.6529 -0.5586 -0.7136 0.3279 
18.9610 0.4698 -1.3022 -0.9297 -0.4335 -0.5027 -0.0327 -0.7062 -0.2805 0.0419 -0.8029 -0.5937 0.0288 
17.0058 0.6254 -0.7411 -0.2417 -0.6989 -0.0469 0.7193 -0.8482 -1.1904 0.6122 -0.3464 0.0828 -0.4431 
18.8251 0.7001 -1.2380 -1.0951 -1.4736 -1.0510 -0.4615 -0.9123 -1.1679 -0.1402 -0.3254 0.2163 -0.4955 
18.5265 0.3884 0.2189 -0.0965 -1.1427 -1.2973 -0.2698 -1.0806 -0.1814 -0.4529 -0.4403 0.0424 -0.0820 
17.5012 1.1635 -0.0635 -0.7943 -1.4550 -0.3222 0.9266 -1.1627 -1.0350 -0.1047 -0.3685 0.1970 -0.0893 
18.5489 1.4125 -0.3182 -1.1926 -1.0323 -0.4482 0.0780 -2.0401 0.0744 0.0482 -0.3675 -0.5876 0.0040 
18.2627 2.1413 0.5429 -0.8816 -1.5825 -0.2644 0.0705 -1.3000 0.4954 -0.5474 -0.5274 0.0551 0.0125 
17.3354 1.1949 -1.0588 -0.5829 -1.4788 0.2441 -0.3262 -0.3752 -0.4062 -1.1902 -0.1311 0.1636 -0.6573 
17.7425 2.3225 -0.1116 -0.4284 -0.3996 -1.0929 0.8270 0.5406 -0.6566 -0.3620 -1.1434 -0.2714 0.4965 
18.5927 2.2483 -0.8856 -0.6708 -0.6087 -0.7990 0.2991 -1.1934 -1.0197 -0.2896 0.0743 -0.5787 -0.1586 
18.1092 1.0241 -1.3341 -1.0613 -1.3742 -1.1519 -0.4895 -1.2702 -0.6141 -0.3653 -1.1697 -0.6699 -0.3068 
18.9818 1.5108 0.1612 -0.9606 -0.5383 -1.0331 -0.3050 -0.7152 -0.2845 -0.1316 -0.0154 -0.3104 0.1335 
17.5201 -0.2496 -0.9494 -0.5828 -1.8587 -1.0822 -0.2365 -1.7635 -0.3638 -0.5608 -0.5428 -0.2213 0.1584 
18.3803 0.4883 -0.6632 0.0097 -1.3880 -1.0104 0.2956 -0.3299 0.0470 -0.0031 -0.3668 -0.0182 0.0885 
18.6188 0.5247 -0.7378 -1.4176 -2.2476 -0.7683 0.3812 -1.3700 -0.0161 0.3075 -0.2807 -0.4802 -0.0921 
17.5966 1.5775 0.1617 -0.4813 -1.2220 0.1263 -0.7814 -0.3404 0.4655 -0.4584 -0.1054 0.2217 -0.2590 
18.3094 0.0928 0.2956 0.2576 -0.7711 0.0881 -0.7508 -1.8212 0.0717 -0.4893 -0.5564 0.0904 0.2715 
19.0317 0.9670 0.7595 -0.2138 -0.7279 -0.0156 -0.1471 -1.5637 -0.6125 -0.2755 -0.1330 -0.1481 0.2759 
18.8986 1.5768 0.9380 0.1457 -1.3406 -0.9731 -0.1791 -1.1833 -0.4542 -0.6715 0.5723 0.0948 -0.2262 
19.2375 2.1322 0.1596 -0.1314 -1.6265 -0.0446 0.1959 -0.9614 -0.4444 -0.6618 0.6287 -0.0286 -0.1403 
19.2636 1.7036 -0.5666 -0.9218 -2.4562 -0.2427 -0.2088 -0.6679 -0.0379 -0.1736 -0.5365 0.1090 -0.0317 
18.8369 1.0914 -0.6001 -0.3043 -1.7744 -0.6221 -0.0631 -1.1223 -0.6838 -0.1873 -0.5922 -0.3631 -0.4001 
20.3440 2.3238 0.0495 -1.4748 -0.1739 -0.5594 -0.5030 -0.3585 -0.2126 -1.1772 -0.5986 -0.3421 0.0600 
20.6520 3.0626 0.8149 -0.8286 -1.3840 -1.3937 -1.5087 0.1192 0.6698 -0.6403 -0.7535 -0.2265 -0.0198 
20.5450 2.5187 0.2154 -1.4466 -1.2572 -0.5954 -0.3800 -1.3053 0.0038 -0.5027 0.0420 -0.6321 -0.1952 
19.9955 1.2634 0.2927 -0.3235 -0.7900 -0.5717 -0.1938 -0.0836 0.0185 -0.5718 -0.3520 -0.3537 -0.3429 
19.3021 1.1462 -0.9805 -0.8597 -1.7942 -1.4144 -0.8886 -1.3008 -0.5001 -0.2669 -0.6747 -0.5069 -0.3519 
18.6204 0.7917 1.1091 -1.0628 -1.6404 -0.1623 -1.3239 -0.7090 -0.8838 -0.0748 -0.9183 0.2479 -0.0201 
20.7221 1.2798 1.2273 -0.7394 -0.9270 0.4084 -0.1982 -0.4105 -1.2679 -0.1491 0.0940 0.1278 -0.6156 
19.4747 1.1047 -0.5181 -0.9229 -0.3617 0.3302 0.3604 -0.8100 0.3771 -0.6533 -0.0002 0.7243 -0.4971 
19.3705 -0.3786 -1.4711 -0.6863 -0.5885 -0.1639 0.7385 -0.8883 1.0843 -0.0058 -0.3217 -0.4944 -1.0329 
19.7087 0.7232 0.2543 0.2956 -0.9452 -1.2996 -0.2232 -0.2734 -0.0976 0.0840 -0.7219 -0.1023 0.1797 
18.7182 0.3229 -0.1111 -0.3702 -0.9309 -0.7402 -1.1943 -0.6645 0.1777 -0.4644 -0.4358 -0.5778 -0.4463 
18.3351 0.5120 -0.2692 0.2213 -1.3220 -1.2674 -0.8757 -1.4469 0.4250 0.1306 -0.7828 -0.0889 -0.0088 
18.4014 -0.5927 -1.8644 -2.1280 -2.2507 -2.0310 -1.2305 -2.0966 -1.1258 -0.5469 -1.4632 -0.4375 0.1472 
19.1845 0.8265 -0.5853 -0.3636 -0.7900 -0.1696 0.3853 -0.9219 -0.7083 -0.5551 -0.0328 0.2117 -0.1087 
18.0617 0.3455 -0.6969 -0.0255 -0.4680 0.7004 -0.0807 -2.1702 0.0151 -0.0546 -0.5076 -0.1174 0.4347 
19.0558 0.1457 -0.3511 -1.0490 -1.6147 -1.2080 -1.3780 -1.6513 0.2452 0.7019 -1.2376 -0.5360 0.1214 
18.5671 0.2979 -0.3502 -0.6723 -1.1957 -0.6306 0.1358 -0.4720 -0.5318 -0.2892 -0.8021 0.1826 -0.0934 
20.6789 -1.7230 -0.6834 -1.3946 -0.8127 -0.2497 0.0048 -0.1980 0.2609 0.0951 -0.0649 0.6085 0.3412 
19.7577 0.5165 0.9660 -0.9606 -0.7589 -1.4490 -0.3502 0.4043 -0.0668 -0.0852 -0.2539 -0.0405 0.1670 
21.0891 1.8242 -0.9457 -2.3838 -0.6927 -0.8173 -0.5751 -1.1051 -0.2814 -0.5412 -0.6496 -0.4673 0.1766 
19.2715 1.2008 -0.1855 1.1843 -1.0388 -1.6357 -0.8647 -0.6655 0.1064 -0.9401 -0.2967 -0.5773 0.5491 
19.3631 1.9492 -0.4113 -0.0466 0.0786 0.1894 0.1705 -1.2634 -0.5615 -0.6384 -1.0958 -0.2909 0.7070 
20.1470 0.8731 -0.5542 -0.3941 -0.5547 -0.9848 -0.8969 -1.2916 -0.2426 -0.4567 -0.7296 -0.4823 0.3963 
19.7811 0.7966 1.0086 0.2845 -0.9026 -0.6042 -0.3774 -0.6402 0.0344 -0.8955 -0.3991 -0.2562 0.0382 
19.5472 2.1209 -0.1120 -1.1105 -0.9748 -0.9076 -1.0089 -0.7661 -0.1641 -0.8040 -0.6110 -0.4766 0.2582 
19.4603 1.9141 0.1968 0.2681 -1.1417 -0.0587 -0.3570 -0.3806 -0.5427 0.2869 -0.9923 -0.3657 0.1693 
18.7840 0.7948 -0.5659 -0.9805 -0.7826 -1.7119 -0.3309 0.2574 0.6224 -0.9033 -0.8407 0.1548 0.4943 
19.5204 -1.1506 -1.0599 -0.3634 -1.0547 0.1760 0.1616 -0.1538 0.8406 0.3556 -0.2392 -0.3411 -0.4122 
17.7242 -0.9134 -2.6797 -0.7105 -0.1159 -1.4273 0.6359 -1.2430 -0.0584 -0.6119 -1.2153 0.0274 0.3071 
19.2313 -0.3760 -1.1516 -0.7380 -0.0270 -0.9169 -0.3974 -0.3432 0.6871 -1.1528 -0.5109 -0.0663 0.1733 
18.9426 0.5236 -1.1252 -1.1473 -0.3018 -0.0589 -0.5222 0.6891 -0.5623 0.2111 0.0510 -0.4410 -0.5600 
18.8659 -0.0902 -2.0763 -0.5695 -0.4982 -0.5576 0.5089 -0.4777 0.3005 -0.4539 -0.3676 0.0347 -0.4464 
19.4508 1.7251 -1.1645 -1.5954 -1.1947 -0.2566 -0.1546 0.1783 -0.5043 -0.0436 0.0152 -0.4364 -0.0266 
18.1299 -0.0638 -1.6039 -2.0965 -3.0125 -0.5692 -0.1301 0.1719 -0.1750 -0.0685 0.2215 0.2827 -0.4123 
17.7926 0.6454 -0.4410 -1.0673 -2.5757 0.6371 -0.0034 -0.0251 0.1372 0.5939 -0.2697 -0.9782 0.0192 
18.7968 1.6439 -0.3895 -0.7869 -1.3512 -0.2177 0.0290 -0.2854 -0.5981 -0.2700 -1.0372 -0.5937 0.4798 
19.8222 0.8922 0.0393 -0.3445 -0.6253 -1.3923 0.0230 -1.3135 -0.0561 -0.2390 -0.3223 -0.2809 0.1611 
19.3696 0.7709 -0.4142 -0.7419 -2.3856 -0.6974 -0.1547 -0.7748 0.3200 -0.9168 -0.2201 -0.8704 0.3730 
20.0237 1.2906 -0.3448 -0.4992 -0.4992 -0.8695 -0.3543 -0.8368 0.4575 0.4313 -0.6981 -0.7796 -0.1644 
19.9774 0.9946 -0.8313 -0.8222 -0.3706 -1.7076 0.0686 -0.4083 -0.2969 -0.5843 -0.9291 -0.4094 -0.1201 
23.6363 -0.6317 -1.8256 -0.6822 0.4886 -1.7217 0.1435 -0.2698 0.0625 -0.0188 -0.3726 -0.2161 -0.6016 
29.0564 0.2462 -2.4648 -0.4624 -0.5263 -0.4629 0.1174 -0.2932 -0.1413 -0.2009 -0.0174 -0.0516 -0.4009 
36.2733 -1.0339 -2.6723 -0.9629 -0.8567 -1.5475 -0.8247 -0.2812 -0.7824 -0.1792 0.1985 -0.0544 -0.5420 
38.6746 -3.3903 -2.2112 -1.2931 -1.0033 -1.9164 0.5810 -0.8024 -0.8068 -0.1260 -0.7440 -0.2176 -0.2054 
38.7610 -3.6478 -2.0977 -0.5846 -1.0934 -1.4522 0.4530 -0.3132 -0.5918 -0.4051 -0.4575 -0.3283 0.0554 
37.1777 -3.9306 -2.3411 -0.7427 -1.0530 -0.6261 -0.3504 -0.5468 -0.9655 -1.3169 -1.1323 -0.6646 -0.0322 
37.8308 -4.5375 -1.8776 -0.7068 -0.8266 -1.2699 0.2176 -0.2750 -0.9909 -0.3216 -1.4118 -0.4117 0.1943 
37.4985 -4.6794 -1.9860 -1.3045 -1.6659 -0.7181 0.0238 -0.7707 -0.5125 -0.6783 -1.0573 -0.7109 0.1861 
37.3977 -3.3759 -1.5583 -1.1861 -0.6773 -0.7692 0.4006 -0.3517 -0.2932 -0.3920 -0.5828 -0.4740 0.5106 
37.2533 -3.6056 -1.8473 -0.8473 -0.5475 -0.9071 0.8596 -0.9351 -0.1333 -1.0285 -0.9529 -0.4890 -0.0239 
37.7404 -3.9209 -1.4987 -0.7282 -0.5793 -1.0985 0.3929 -0.8511 0.0324 -0.8149 -0.4814 -0.6332 -0.3873 
37.3542 -3.7679 -1.6484 -0.9523 -0.3378 -1.3118 0.2366 -0.6469 -0.3856 -0.2209 -0.5976 -0.4113 -0.2051 
37.4986 -3.6434 -1.0355 -0.4749 -0.6861 -0.9758 0.9063 -0.8592 0.1902 -0.4919 -0.2662 -0.2888 -0.1299 
37.3831 -4.0053 -1.6252 -0.8265 -1.3853 -1.5109 0.7211 -1.2869 -0.0577 -0.9418 -0.5629 -0.5874 -0.5599 
37.6991 -3.4858 -1.4193 -0.8123 -0.9854 -1.1714 1.0692 -0.8263 0.2396 -0.4950 -0.2712 -0.6895 -0.3264 
37.6212 -3.3564 -1.4528 -1.0385 -1.1753 -0.9141 0.8290 -0.9462 -0.0038 -0.9151 -0.5514 -0.5332 -0.5266 
37.4858 -3.2394 -1.5419 -0.5527 -1.7058 -0.6704 0.5957 -0.3015 -0.1345 -0.4865 -0.7737 -0.0795 -0.5557 
37.4087 -3.1361 -1.2012 -0.9422 -1.9151 -1.0933 0.3771 -0.2888 -0.1065 -0.5265 -0.8888 -0.0037 -0.5732 
37.2495 -3.2503 -1.1570 -1.0268 -1.2028 -0.6525 0.2459 -0.1565 -0.0306 -0.4960 -1.0445 -0.0724 -0.2569 
36.3806 -3.8496 -1.8504 -1.2421 -1.7955 -1.3821 0.1395 -0.8110 -0.5697 -0.9148 -1.2627 -0.4918 -0.5869 
36.5967 -3.2610 -1.6190 -0.6910 -1.6889 -0.7733 0.1503 -0.1042 -0.3753 -0.3754 -0.9444 -0.2590 -0.6931 
36.3022 -2.4399 -1.9029 -0.4473 -1.9558 -0.3560 0.0829 0.0132 -0.4488 -0.1009 -0.9182 0.0500 -0.6825 
36.4037 -3.5015 -2.0623 -1.1915 -2.3097 -1.1744 -0.0816 -0.6238 -0.3306 -0.6084 -1.2336 -0.2318 -0.8570 
36.5419 -2.8559 -1.6713 -0.2061 -1.8761 -0.6734 0.4753 0.0319 -0.2486 -0.3162 -1.0184 0.2175 -0.5687 
36.1931 -3.0021 -2.1432 -0.1113 -1.7673 -0.8139 0.5881 -0.3608 -0.4529 -0.5672 -0.8684 -0.3509 -0.4101 
35.8532 -2.3082 -2.8689 -0.0765 -1.4362 -1.2865 0.9621 -0.5154 -0.1356 -0.7809 -0.6199 -0.6097 -0.0700 
36.0607 -2.1036 -3.1444 -0.3272 -0.8060 -1.6937 0.8491 -0.2744 -0.4475 -0.6235 -0.4701 -0.8798 0.0950 
36.1471 -2.5483 -3.6645 -0.3108 -0.6423 -1.7631 0.4032 -0.2801 -1.0266 -0.4208 -1.0263 -0.5022 -0.2279 
35.3312 -1.8411 -4.3192 0.3898 -0.6274 -1.7395 0.1275 -0.5167 -0.9613 -0.3950 -0.9518 -0.0747 -0.3417 
35.3828 -1.6078 -3.7525 -0.1802 0.3119 -1.3955 -0.2041 -0.2044 -0.2938 -1.2588 -0.1649 -0.2089 -0.2266 
35.2964 -0.3718 -3.3244 0.3612 0.1970 -2.3691 0.1026 0.6980 -0.1521 -0.8437 -0.7914 0.0246 0.5284 
35.1808 0.3868 -4.1566 -0.9193 0.0683 -1.9559 -1.0947 0.3328 -0.5554 -1.3924 0.0236 -0.2293 -0.5705 
35.2420 -0.6149 -3.9356 0.3007 -0.3296 -1.7965 -0.9655 0.2622 -0.4466 -1.3917 -0.3655 -0.1461 0.2966 
34.0574 -0.0757 -4.1599 -0.0030 -0.1385 -0.9840 -0.9710 -0.9392 -0.3250 -0.7463 -0.2700 0.2771 0.2931 
35.0147 0.4936 -4.0599 -0.7104 -0.0739 -1.4091 -0.6492 -0.2872 -0.3738 -0.9475 -0.2156 0.1648 0.1497 
34.0898 0.8691 -4.1322 -1.4360 -0.1074 -1.7221 -0.8887 -1.0811 -0.3672 -1.0783 -0.8154 0.2941 -0.0247 
33.1321 0.8704 -3.4409 -1.3358 -0.6194 -1.1632 -0.7794 -0.9266 -0.4958 -0.6254 -0.1264 0.3312 0.1580 
30.9575 1.3453 -4.1786 -1.7191 -1.1689 -1.4629 -0.9744 -0.8784 -0.7841 -1.0052 -0.5268 0.4320 -0.2602 
31.2158 0.3640 -3.5936 -0.4508 -0.8213 -1.4359 -0.8271 -0.0766 0.1506 -0.4263 -0.4589 0.1329 0.6596 
29.8856 0.4041 -4.0632 -0.7591 -0.0593 -1.6736 -1.0479 0.0552 -0.1033 -0.7021 0.0862 0.0089 0.0073 
27.9600 1.0298 -4.1089 0.2604 0.2147 -1.6205 -0.7908 -0.8971 -0.2635 -0.3165 -0.2955 0.1708 0.1107 
26.7728 0.6616 -2.6900 0.3839 -1.1063 -0.8491 -0.9971 -0.7665 -0.1423 -0.8162 -0.7688 -0.1686 0.1398 
26.3369 0.3656 -3.4469 -0.2664 -0.5767 -0.9449 -1.4966 -0.5164 -0.1322 -0.2965 -0.9178 -0.2777 -0.1436 
24.4107 -1.3334 -2.3990 1.0500 0.1659 -0.6022 -1.2231 -0.1348 0.4472 -0.2161 -0.9847 0.2794 0.7334 
25.9294 0.3238 -3.7880 -0.3846 -0.2128 -1.0723 -0.5711 -0.6826 0.5153 -0.5390 -0.5387 -0.5677 0.0344 
25.4554 -0.5089 -2.8121 -0.4930 -0.7774 -2.0561 -1.0649 -0.5690 0.0555 -0.9953 -0.5287 -0.1983 0.1678 
24.7277 -2.6639 -3.3257 -0.1908 -0.6961 -0.7548 -0.0243 0.3014 1.4006 0.3234 -0.3979 -0.5487 0.4488 
25.3184 0.3223 -2.9616 0.4821 -0.9844 -0.9771 -0.5466 -0.4231 -0.1024 -0.2552 -0.7188 -0.0438 0.0787 
23.9995 0.0340 -1.9446 0.9288 -0.0104 -2.3591 -0.1411 -0.4894 -0.3027 -0.1643 -0.8665 0.0153 0.2263 
22.8380 -1.1799 -2.5530 -0.3213 -0.6494 -1.7595 -0.5403 -0.5554 -0.6292 -0.3960 -0.2588 -0.0571 -0.2362 
22.5146 0.4356 -1.3107 -1.3258 0.4393 -1.2289 -0.7622 -0.3244 -0.4663 0.8941 -0.5498 -0.4749 0.4353 
22.6583 0.2901 -0.6106 -1.1848 -0.5171 -1.8093 -0.9596 -0.4318 0.0609 -0.6140 0.1275 -0.1277 -0.2027 
22.8404 0.4696 -0.7002 -0.5494 0.1786 -1.5858 -1.1687 -0.6470 0.3738 -0.4112 -0.8557 -0.4299 -0.0515 
23.4760 0.0955 -0.6501 -0.3677 -1.2840 -0.9743 0.4920 -0.4418 -0.4063 0.1726 -0.9171 0.0387 -0.2702 
21.3205 -0.0135 -0.5058 -1.1514 -1.9718 -1.5217 -0.5541 -0.2300 -0.4060 -0.3685 -0.0860 -0.2353 -0.5354 
21.6020 -1.0893 -0.7012 -0.4717 -1.6375 -0.0955 0.3891 -0.3808 0.3115 0.1295 -0.1535 -0.0493 -0.2339 
21.2801 0.3298 -0.6928 -0.6972 -1.1191 -1.5741 -0.7061 -0.4296 0.4116 -0.5762 -0.5490 0.0813 0.3310 
21.4661 0.8368 -1.3200 -1.2866 -1.4668 -0.8374 -0.8982 -0.9506 -0.2222 0.6089 -1.1317 -0.7596 0.0627 
22.0897 0.9523 -1.3831 -0.3676 -0.5063 -0.4868 -0.0203 -0.3583 -0.2478 -0.5058 -0.9907 -0.4063 -0.0969 
22.3692 0.0288 -0.4270 -0.2341 -0.8469 -1.2272 -0.2481 -0.3996 0.0703 -0.0463 -0.8893 -0.3837 -0.0319 
21.1961 0.2841 -0.7354 -1.1631 0.0428 -0.4674 0.0730 -1.2423 -0.9411 -0.5761 -1.4066 -0.7910 -0.0384 
21.6730 0.8345 -0.5427 -0.5073 -1.4471 -1.3090 -0.3152 -1.3929 -0.5572 -0.0561 -0.4602 0.1426 -0.5843 
21.1717 0.3692 -1.0322 -0.3726 -1.2122 -0.5820 0.1655 -1.0737 0.0699 -0.4742 -0.9876 -0.3525 -0.4492 
22.2355 0.2924 -1.4572 -1.2600 -1.4557 0.2105 -0.3571 0.1341 -0.1817 -0.1039 -0.7291 -0.4189 0.1760 
19.4126 -0.4403 -1.7647 -2.1792 -1.9930 -1.0693 -0.2206 0.6716 0.4935 -0.1633 0.6802 -0.2589 -0.4827 
21.0075 -0.7715 -0.6258 0.0419 -0.3271 -0.1378 -0.8314 -0.3102 0.0737 -0.7153 -1.1393 -0.8620 0.3254 
21.2963 0.0615 0.1718 -0.8068 -0.6529 0.1136 0.0686 -0.6230 -1.3511 -0.9057 -0.5579 -0.3788 0.1133 
21.2209 1.2801 0.4889 -0.7923 -1.3821 -0.5615 0.1757 -0.6794 -0.7311 -0.9329 -0.7614 0.0345 -0.0822 
21.1954 1.3286 -0.2839 0.2828 -0.6515 -1.1088 0.3060 -1.0357 -0.7002 -0.1927 0.2882 0.1774 -0.0728 
20.8895 -0.0336 -1.3118 -0.4884 -2.0590 -0.7806 0.1338 -0.9529 0.2615 -0.3094 0.3837 0.0009 0.1425 
20.9311 0.8671 -1.4152 -1.1886 -1.3536 0.3008 -0.4385 -0.6908 0.5309 -1.3390 -0.4549 -0.0406 0.1219 
20.5099 0.6428 -1.1783 -0.3839 -1.3282 0.4707 -0.3357 -1.3743 -0.0109 -0.2645 -0.6357 0.2823 0.7305 
21.0926 1.3319 -0.9063 -0.7993 -0.4526 -1.0440 -0.5991 -1.6161 -1.0703 -0.2320 0.1754 0.1956 -0.3583 
20.9971 0.5165 -0.4739 -0.4808 -0.4060 -0.6117 -0.6691 -1.2967 -0.3133 -0.4000 -0.5965 0.1955 0.5230 
20.3754 -0.3411 -0.8403 -0.6593 -0.0896 -1.2523 -0.1724 -1.0561 0.3166 -0.3181 -0.2593 -0.1966 0.1103 
18.9105 -1.4880 -0.9805 0.4206 -0.7504 -0.0175 -0.1871 -0.4131 -0.2025 -0.4354 -0.0235 0.3620 -0.2431 
21.0099 1.7774 -0.3936 -1.3901 -1.0785 -1.4009 -0.1436 0.0700 -0.6457 -0.1113 -0.2142 0.1143 -0.2282 
20.9639 0.6660 -0.4427 -1.2415 -1.6062 -0.3381 -0.1155 -2.1908 -0.0797 -0.5666 -0.5077 -0.2028 -0.4265 
20.1912 0.2926 -1.2414 -0.7318 -1.2662 -0.6556 -0.6959 -0.7874 -0.7989 -0.1396 -0.3204 -0.0843 -0.0332 
19.1065 -0.8377 -0.3190 0.5725 -0.9723 -0.4222 -0.7837 -0.4862 -0.1279 -0.2935 -0.8388 -0.1327 0.4637 
18.3521 -1.0815 -0.5827 -0.1017 -1.5035 -0.6835 -0.1555 -0.3881 -0.5368 -0.6089 -0.2648 -0.0934 -0.3417 
21.0505 0.5743 -0.9999 -0.1795 -0.9991 -1.1055 -0.6665 -0.6594 0.0691 -0.1936 -0.0803 -0.7007 0.1190 
20.6481 1.4298 -1.3421 -1.4258 -1.3595 -0.9960 -0.7305 -0.4963 -0.4135 -0.3438 -0.3775 -0.1089 -0.3602 
19.4648 0.0701 -0.3023 1.0069 -0.2559 -0.3919 -0.5433 -0.9359 -0.1785 -0.0748 -0.2809 -1.0029 -0.2594 
19.7027 0.3405 -0.7918 -1.1172 -1.5556 -0.1462 0.0910 -0.6020 -0.7288 -0.1907 -0.1483 -0.6645 -0.3825 
19.2188 0.3280 -1.0276 -0.7806 -1.5906 -0.3984 -0.4446 -1.9049 0.1806 -0.6651 -0.6477 0.1623 0.0575 
20.1372 1.5010 -0.5065 -1.1203 -1.2703 -0.6999 -0.9126 -0.4603 -0.0908 -0.2843 -0.3392 0.0014 -0.3157 
19.9332 1.1779 -0.6378 -0.9180 -1.2722 -0.8532 -0.6384 -0.3726 0.2259 -0.0445 0.2367 -0.0881 -0.1964 
20.8835 1.5270 -0.6039 -1.8743 -0.9431 -0.3137 -1.0292 -0.3186 0.1927 -0.3058 -0.0592 -0.0537 -0.6024 
18.8498 1.1167 -0.0743 -1.2060 -1.4305 -1.5045 0.0167 -0.0872 -0.0002 -0.2283 -0.6221 -0.2685 -0.5856 
20.5750 0.1529 -1.0415 -2.3504 -1.4522 -0.9750 -0.5449 -0.7753 -0.6937 -0.1566 -0.2787 -0.6302 -0.4062 
19.5903 1.5124 -0.5879 -0.9287 -1.8259 -1.4711 0.1842 -1.6656 -0.3103 -0.3299 -0.1141 -0.1462 -0.3895 
19.0533 0.2063 -0.3641 -0.9316 -1.7874 -1.5677 0.5383 -0.5379 -0.6898 -0.3751 -0.7024 -0.6682 -0.0081 
20.1524 0.4419 -0.6104 -0.5362 0.3769 -1.0994 -0.1447 -0.7795 -0.5446 -0.1834 0.3165 -0.2396 0.2184 
19.4790 0.5151 -0.1299 -1.6365 -0.6718 -0.6965 -0.8262 -0.3679 -0.3190 -0.2225 -0.2279 -0.4434 -0.1913 
18.2594 -0.1752 0.4748 -1.2917 -2.6781 -0.3921 -0.1091 -0.4228 -0.0845 -0.4187 -0.6272 -0.2931 -0.5368 
20.0763 0.8771 -0.6340 -0.9963 -1.8505 -0.9722 -0.1046 -0.6080 0.0543 -0.0073 -0.5780 0.2011 -0.0730 
18.9680 0.0737 -1.4944 -1.2806 -0.8175 0.2545 0.8208 -0.6110 -0.3846 0.0862 -0.6279 0.2814 -0.4251 
19.0523 -0.4198 -1.1535 -0.2087 -1.2367 -0.3362 -0.0541 -1.0789 0.1741 0.6961 0.0018 0.0859 0.0385 
18.2610 0.1973 -1.7588 -1.1744 -0.7651 -0.5906 -0.2151 -0.3270 0.0881 -0.5700 -0.6165 -0.0767 -0.5625 
19.4341 0.4188 -1.1395 -1.2243 -1.7233 -0.9673 -0.7672 -0.4381 0.2458 0.0894 -0.6400 0.3472 -0.0173 
18.1475 1.1200 -0.9454 -0.9071 -1.1815 -0.2990 0.0354 -1.7052 -0.2966 -0.2054 -0.8825 -0.5424 -0.0500 
18.1775 0.9210 -0.5281 0.1281 -1.4491 0.0073 -0.7085 -1.4913 -0.4911 -0.1284 -0.8590 -0.0148 0.6470 
