19.7323 12.8130 -5.9505 -2.9404 2.7505 -1.5981 -1.9960 1.9227 0.2164 -1.4955 0.7983 0.2320 -1.6955 
20.4395 13.6392 -5.2580 -2.1858 3.2681 -1.4682 -1.9143 1.9418 -0.0907 -1.7596 1.0732 0.8034 -1.3069 
20.9539 13.7167 -5.8527 -2.4334 3.2827 -1.7053 -2.0798 2.1994 0.4619 -1.2539 0.9829 0.1019 -1.7727 
22.9510 14.1981 -7.4679 -2.0240 4.7132 -2.2020 -2.5993 3.3105 0.5537 -2.8137 0.6365 0.9649 -2.0240 
25.7349 15.0861 -9.9074 -2.7685 5.8392 -2.0524 -2.6492 4.1869 0.8829 -3.1486 1.0001 1.4602 -2.2864 
24.8599 14.5264 -9.5969 -2.6628 5.1685 -3.3915 -4.2180 3.2774 0.7738 -3.6593 -0.2955 0.5385 -2.6183 
24.3370 15.4526 -7.4288 -2.4085 4.6592 -2.0300 -2.5762 3.3712 1.0781 -2.1476 0.8250 0.9941 -1.6814 
23.6605 15.6251 -6.3293 -2.3567 4.3106 -1.4974 -2.3487 2.5650 0.5759 -2.0613 0.5040 0.6180 -1.1590 
23.8915 15.7245 -6.6695 -2.7650 4.3756 -1.1443 -2.3973 2.0534 0.1769 -2.1607 0.3295 0.2160 -1.4504 
22.7912 14.5978 -6.9382 -2.7227 4.0017 -1.5882 -2.2838 2.3839 0.3653 -1.8098 0.7611 0.4060 -1.2457 
22.9449 14.6790 -7.0793 -2.9854 3.6666 -1.8602 -2.2347 2.7193 0.7051 -1.4694 1.1206 0.2909 -2.0946 
23.2755 15.0245 -7.0349 -3.1145 3.8319 -1.2667 -1.8520 2.3971 0.1182 -1.7987 1.0098 0.4627 -1.5328 
22.7584 14.7712 -6.7354 -2.9616 3.8025 -1.1575 -1.6396 2.6834 0.4668 -1.5669 1.1224 0.5452 -1.4674 
22.5715 14.3121 -7.2335 -3.1570 3.5737 -1.5202 -1.7273 2.7037 0.2251 -1.8091 1.0501 0.4508 -1.5330 
23.0131 15.1306 -6.3746 -2.7338 3.7273 -1.4208 -2.0244 2.0359 -0.1469 -1.7236 0.9957 -0.0791 -2.1477 
23.2582 15.1562 -6.7335 -2.8812 3.8060 -1.8511 -3.0221 1.1936 -0.7778 -2.4836 0.6066 0.2928 -1.7778 
22.1208 13.8346 -7.4239 -3.1375 3.6805 -1.6590 -2.4561 1.6041 -0.6617 -2.2402 0.9205 0.3943 -1.6314 
23.8540 15.5815 -6.8174 -2.9489 3.7639 -1.9038 -2.6992 1.9065 -0.1416 -2.1810 0.6908 0.4707 -1.4436 
24.3661 16.1223 -6.5824 -2.9115 3.6950 -1.8163 -2.2578 2.3222 -0.0803 -2.0887 0.9756 0.3710 -1.9749 
24.1996 15.8233 -6.8733 -3.0826 3.4430 -2.1969 -2.3526 2.7111 0.3422 -2.1689 0.4231 -0.1115 -2.0443 
23.7146 15.3065 -6.8406 -2.2890 4.5884 -1.5740 -2.6883 1.8687 -0.3771 -2.6807 -0.0245 -0.3591 -1.9380 
23.6534 15.1254 -7.4370 -3.5624 3.0852 -2.4337 -2.9094 1.4908 -0.9121 -2.7081 0.2546 -0.4031 -2.1489 
24.1138 15.6567 -7.1830 -3.3996 3.4672 -1.9743 -2.5564 1.9782 -0.3025 -2.2907 0.5732 -0.2046 -2.4473 
23.9643 15.5850 -7.0711 -3.3638 3.2954 -2.1656 -2.5799 2.0440 -0.2714 -2.1452 1.0659 0.4761 -2.0615 
23.6543 15.2374 -7.3932 -3.9509 2.5359 -2.5853 -2.4688 2.3777 0.0443 -1.9733 0.8667 0.0508 -2.1050 
23.6549 15.3470 -7.1891 -3.7015 3.0553 -1.9231 -2.2003 2.2260 -0.1670 -2.3165 0.2591 -0.4885 -2.3860 
23.4532 14.8468 -7.7784 -3.7931 3.2513 -2.2893 -3.1703 1.3256 -0.9187 -3.1663 -0.2921 -0.4425 -2.3468 
23.6332 15.1060 -7.5270 -3.7559 2.9654 -2.3623 -2.6300 1.8839 -0.8424 -3.1198 0.0529 -0.1311 -2.2439 
24.3275 15.9304 -6.9689 -3.3028 3.4464 -1.8836 -2.2383 2.2939 -0.1064 -2.1547 0.5321 -0.3705 -2.4111 
23.8256 15.5008 -6.8248 -2.8443 3.6698 -2.0797 -2.4142 2.5055 0.2690 -1.7297 1.3768 0.7958 -1.6443 
24.4419 16.1647 -6.6599 -2.8840 4.0926 -1.4058 -2.4654 1.6916 -0.3409 -1.8232 1.2482 0.4581 -1.7377 
23.6055 15.1495 -7.4432 -3.6451 3.3049 -2.0218 -2.5680 2.2317 0.2624 -1.8659 0.8295 0.3588 -1.6610 
23.3751 14.9931 -7.3187 -3.5623 3.1313 -2.0344 -2.1603 2.4899 -0.0274 -2.3289 0.3970 -0.2274 -2.2580 
23.7871 15.4561 -7.1056 -3.5333 2.9661 -2.6231 -3.0440 1.9659 -0.0350 -2.4445 0.0241 -0.2355 -1.7574 
23.6744 15.4306 -6.8167 -3.0319 3.4551 -2.0670 -2.3541 2.3480 -0.1366 -2.3322 0.6314 0.0140 -2.1891 
23.8661 15.7076 -6.5695 -2.8525 3.5421 -2.1466 -2.4759 2.4817 0.1143 -2.3451 0.5919 0.2501 -2.3391 
24.8229 16.3686 -6.7216 -2.7534 4.0970 -1.5717 -2.0750 2.5372 0.0512 -1.9540 1.1498 0.4329 -1.9368 
24.3413 16.0427 -6.7836 -3.2784 3.2516 -2.0538 -2.0921 2.7127 0.2012 -2.0225 0.9656 0.4780 -1.6723 
23.6896 15.2523 -7.2235 -3.2822 3.4884 -1.9656 -2.2218 2.6611 0.2304 -2.1681 0.7987 0.5305 -1.7027 
24.0911 15.4109 -7.4993 -3.2916 3.7665 -1.9285 -2.5748 2.1317 -0.1942 -2.3729 0.4655 -0.2984 -2.7912 
23.8706 15.5600 -6.8847 -2.9582 3.9618 -1.4083 -2.2162 1.8639 -0.5425 -2.3443 0.5330 -0.2713 -2.2226 
23.6774 15.3069 -7.1167 -3.2503 3.5303 -1.8433 -2.2988 2.2641 -0.0240 -2.0638 0.7215 0.1105 -1.7498 
24.2245 15.6063 -7.3132 -3.2523 3.5188 -2.2651 -2.6034 2.4391 0.0906 -2.3164 0.5249 0.2632 -1.5293 
23.4869 15.2782 -6.7458 -2.8520 3.6694 -1.7159 -2.0254 2.3744 -0.1117 -1.9354 1.1591 0.6449 -1.1394 
24.0349 15.6720 -6.6979 -2.5418 4.0139 -1.7183 -1.9169 2.8704 0.3484 -1.6068 1.5219 0.6285 -1.8710 
23.5604 14.9367 -7.6200 -3.4075 3.7384 -1.5935 -2.1313 2.3697 0.0610 -1.9544 0.8165 0.1942 -1.6678 
23.5712 14.9964 -7.5132 -3.4317 3.3656 -2.2555 -2.7487 1.9160 -0.4991 -2.7514 -0.0084 -0.5960 -2.4527 
22.9620 14.3456 -7.9460 -3.9792 2.8413 -2.2673 -2.1374 2.7846 0.2410 -2.1894 0.5509 -0.0351 -2.0531 
23.7679 15.1983 -7.2153 -2.7589 4.0346 -2.1519 -3.0217 1.8033 -0.4006 -2.6404 0.1522 -0.2980 -2.0676 
23.1511 14.4916 -7.6805 -3.2351 3.5029 -2.3948 -2.8665 2.0044 -0.2390 -2.1142 1.1714 0.8284 -1.2006 
24.5886 16.0965 -7.2172 -3.6642 3.4024 -1.8899 -2.8099 1.3310 -0.8692 -2.6871 0.0374 -0.7216 -2.5774 
23.3526 14.7964 -7.4495 -3.1535 3.6554 -1.9866 -2.3522 2.2981 -0.5127 -3.0965 -0.2594 -0.7081 -2.6126 
23.7284 15.3752 -7.0414 -3.4093 2.8288 -2.6363 -2.6161 1.8704 -1.0789 -3.0988 0.2173 -0.6254 -3.1991 
23.9997 15.6273 -6.7963 -2.9293 3.1638 -2.8162 -3.0650 1.4864 -1.2204 -2.8777 0.5893 -0.3641 -2.7960 
23.8817 15.3606 -7.1901 -2.9832 3.9153 -1.7544 -2.4044 2.1051 -0.2369 -2.2010 0.6571 -0.0401 -1.9260 
23.6979 15.1956 -7.3360 -3.2443 3.7705 -1.7126 -2.4075 2.1764 0.1988 -1.5364 1.3000 0.5596 -1.4058 
24.4799 15.9680 -7.1543 -3.3654 3.6848 -1.6179 -2.3417 1.8015 -0.5709 -2.3034 0.4592 -0.6761 -2.7845 
24.1303 15.5739 -7.3144 -3.3596 3.6604 -1.6399 -2.0456 2.4688 -0.0066 -2.1400 0.7012 0.1574 -1.8174 
24.1034 15.2485 -7.9589 -3.9661 2.8784 -2.8376 -3.1779 1.7129 -0.7409 -2.8730 0.3124 -0.1654 -2.3986 
23.9685 14.4877 -9.2974 -4.6094 3.3009 -2.3604 -3.2851 1.3739 -0.9844 -3.0779 0.0656 -0.5585 -2.9294 
24.4584 15.1517 -8.5981 -3.7115 4.1467 -2.1297 -3.2849 2.2818 0.5585 -2.3530 0.0388 -0.0884 -2.1209 
24.4778 15.5939 -7.6654 -3.0402 4.4382 -1.6187 -2.6633 2.3288 0.2659 -2.1819 0.6110 0.4579 -1.4377 
24.7730 16.3526 -6.8157 -3.0394 3.7523 -2.1537 -2.8531 2.2907 0.2640 -2.2326 0.6571 0.7217 -1.2887 
24.2494 15.6586 -7.2467 -3.1184 3.7232 -2.2687 -2.9094 2.1288 -0.1512 -2.5470 0.4031 -0.1633 -2.6468 
23.7222 15.3185 -6.9802 -2.7302 4.1241 -1.6630 -2.5055 1.9069 -0.4802 -2.4562 0.6196 0.0431 -2.2441 
24.5178 16.0681 -6.8449 -2.8363 4.0085 -1.6959 -2.1392 2.7472 0.2381 -2.4401 0.1529 -0.2178 -1.9856 
24.5879 16.7268 -5.8317 -2.7037 3.5516 -1.7200 -2.1945 1.9589 -0.3817 -1.9015 1.2779 0.5288 -1.7694 
23.7466 15.6969 -6.5563 -3.0353 3.7082 -1.3979 -2.0493 2.0887 -0.3137 -2.2386 0.8949 0.6792 -1.3564 
23.9620 15.2228 -7.6166 -3.3401 3.6154 -2.1263 -2.7077 1.8061 -0.7911 -2.8626 0.0966 -0.8009 -3.0286 
23.9799 15.5739 -7.0927 -3.2330 3.5826 -2.1121 -2.9257 1.9939 0.5418 -1.2790 0.9678 0.0103 -1.7639 
24.2794 15.8822 -6.8756 -2.9758 3.9598 -1.2024 -1.5943 2.4290 -0.3881 -2.0225 1.3918 0.6146 -1.6599 
24.3074 16.1199 -6.4772 -2.8361 3.6922 -1.7997 -2.1883 2.3848 -0.0846 -2.2759 0.6115 0.2457 -1.5004 
24.5578 16.2825 -6.5464 -2.7991 4.0030 -1.3698 -1.9621 2.2411 -0.1889 -1.7963 1.4448 0.8146 -1.2861 
23.8774 15.3917 -7.4501 -3.7138 3.3792 -1.8313 -2.3975 2.3015 0.1167 -2.3237 0.2597 -0.0052 -1.9413 
24.3476 15.7181 -7.1491 -2.9840 3.5015 -2.5547 -2.6541 2.4034 -0.5991 -3.3555 -0.1852 -0.3517 -2.3841 
22.8828 14.0986 -8.3153 -4.1711 2.8645 -2.3945 -2.8244 1.5263 -1.0019 -2.7579 0.5304 -0.2253 -2.5989 
23.6307 14.7945 -7.9599 -3.4782 3.7878 -1.8955 -2.6685 1.8192 -0.7031 -2.7740 0.4601 0.0815 -2.0426 
24.0879 15.5761 -6.9957 -2.7125 4.0520 -1.7847 -2.2407 2.4802 -0.0868 -2.2961 0.8221 0.5539 -1.3271 
23.9949 15.3256 -7.3663 -2.9796 3.9083 -1.8688 -2.0541 3.0374 0.3975 -2.2984 0.4650 0.0306 -1.9976 
24.0846 15.6718 -7.0762 -3.2354 3.6877 -1.8219 -2.8218 1.1817 -1.1888 -2.8562 0.2445 -0.4208 -2.5148 
24.2511 15.6256 -7.5196 -3.6072 3.5830 -1.9895 -2.9804 1.6786 -0.0704 -2.0018 0.6397 0.1979 -1.6796 
24.5041 15.4013 -8.4845 -4.3830 3.3393 -2.0766 -3.0776 1.6416 -0.0181 -1.9486 0.3771 -0.4984 -2.3453 
24.1593 15.5710 -7.4363 -3.6347 3.2308 -2.2402 -2.8238 1.6562 -0.5278 -2.1888 0.8398 0.0870 -2.0357 
24.5133 16.1013 -6.7832 -2.8771 3.8928 -1.6597 -2.0564 2.5114 -0.0765 -2.2288 0.7649 0.2750 -1.6149 
24.3122 15.8674 -6.9568 -2.9604 3.9637 -1.6908 -2.4342 2.1089 -0.1769 -2.2186 0.7551 0.3998 -1.3580 
23.9338 15.5826 -7.0172 -3.2548 3.5921 -1.6303 -2.1046 2.1971 -0.3026 -2.2749 0.7328 0.2730 -1.6097 
24.6461 15.9120 -7.2613 -3.0037 3.7928 -2.1554 -2.3692 2.6328 -0.1361 -2.4480 0.8744 0.2578 -2.2415 
24.1218 15.7664 -6.7107 -2.7068 3.7824 -1.8943 -2.1052 2.3767 -0.6069 -2.6527 0.9854 0.7024 -1.5808 
24.1851 15.6032 -7.3199 -3.2868 3.6440 -2.1620 -2.9719 1.7956 -0.1702 -2.0646 0.7712 -0.0714 -2.4646 
24.1520 15.5735 -7.3731 -3.4309 3.5965 -1.7990 -2.3728 2.0986 -0.1933 -2.0352 0.9097 0.1618 -1.8842 
25.7258 16.6380 -7.6490 -3.5688 3.4941 -2.0193 -2.0367 2.1697 -1.2502 -2.8862 0.8858 -0.3453 -2.9075 
29.1671 19.5541 -7.9302 -4.8148 2.8660 -2.3707 -2.2836 2.1500 -1.5740 -3.6009 0.6401 0.0447 -2.5784 
26.7974 17.6944 -7.4966 -3.5071 4.3968 -1.0863 -1.8916 2.5072 -0.5732 -3.2341 0.1382 0.2788 -1.7768 
24.6589 15.8838 -7.7605 -4.0400 3.2163 -2.0285 -2.7294 1.5352 -0.8464 -2.5828 0.6273 0.0587 -2.1334 
24.1309 15.4130 -7.6209 -3.4483 3.7702 -1.8379 -2.7839 1.6108 -0.3763 -1.8249 1.2836 0.4417 -1.6971 
24.2188 15.4555 -7.6290 -3.5168 3.3593 -2.3953 -2.8497 1.9647 -0.1694 -1.6804 1.6686 0.7550 -1.7139 
24.7031 16.0871 -7.1477 -3.1233 3.8219 -1.9774 -2.6267 2.2138 0.1273 -1.8374 1.0702 0.5230 -1.3519 
24.1028 15.5265 -7.3034 -3.2478 3.6150 -2.1277 -2.7936 1.8265 -0.5041 -2.5333 0.4420 -0.1991 -2.3545 
24.6369 16.3003 -6.7062 -3.0063 3.8427 -1.6266 -2.2741 2.1983 -0.0456 -1.8831 1.1680 0.5617 -1.6462 
23.9025 15.1260 -7.7828 -3.4875 3.7257 -1.8187 -2.4442 2.1149 -0.2414 -2.1127 1.0234 0.3562 -1.7522 
24.9823 15.1193 -9.0938 -3.4552 4.5034 -1.7655 -2.1899 2.7010 -0.4516 -2.4504 1.4198 0.5814 -2.0311 
30.8606 17.4324 -13.6307 -5.5750 5.2192 -2.8784 -3.4267 2.8670 -1.4081 -4.0038 1.1134 -0.2089 -3.8259 
31.4427 17.7181 -13.6613 -4.8016 6.3608 -2.3796 -3.1752 3.4897 -0.8489 -3.9103 1.0753 0.0094 -3.3402 
33.3806 21.2971 -10.2432 -4.4277 4.1688 -4.6649 -4.8764 2.3824 -1.0879 -4.1180 0.1518 -0.8053 -3.4765 
35.8482 25.1142 -6.6778 -2.5725 4.4995 -4.5492 -4.5863 2.6219 -0.7490 -3.5119 0.8403 -0.3419 -3.4523 
39.1911 28.2212 -6.8041 -4.9772 1.6482 -6.4653 -5.4707 1.7261 -1.7638 -3.5354 1.2200 -1.6844 -6.1906 
39.8436 29.1227 -6.0843 -4.5917 1.9926 -5.6441 -4.2163 2.9700 -0.4432 -1.8851 2.5891 -1.1616 -5.7042 
40.0423 28.9343 -6.8211 -4.9099 2.3976 -5.3549 -4.3991 2.9439 -0.2129 -2.0317 2.1620 -1.2202 -5.6114 
40.4528 28.9834 -7.4222 -5.2582 2.6401 -4.7937 -3.5666 3.7555 -0.0947 -2.4309 2.1096 -1.0074 -5.8352 
40.2372 28.8150 -7.5913 -5.5760 2.6137 -4.5217 -3.4953 3.7425 0.0190 -2.4860 2.0217 -0.8567 -5.9376 
39.6070 28.3298 -7.8488 -6.3136 1.8280 -5.0079 -4.2653 2.8059 -0.3645 -2.5586 1.7662 -1.0888 -6.1502 
40.1922 28.8544 -7.3525 -5.2990 2.5985 -4.9441 -3.9824 3.5938 0.2020 -2.1650 2.3902 -0.6118 -5.9460 
40.5635 29.1057 -7.4648 -5.3016 2.9847 -4.3552 -3.5204 3.7138 0.0536 -2.2609 2.4987 -0.4485 -5.8207 
40.0034 28.4552 -8.0663 -6.1148 2.1913 -4.9152 -4.0324 3.2388 -0.2662 -2.6503 1.8902 -1.0678 -6.4020 
41.2083 29.2647 -8.3573 -6.1604 2.6911 -4.4200 -3.5876 3.6794 0.0093 -2.5145 2.0607 -0.5877 -5.6013 
40.5607 29.4583 -7.3543 -6.3301 2.0264 -4.3322 -3.4432 3.6154 0.2515 -2.3816 1.8313 -0.7696 -5.7783 
41.3250 29.9042 -7.6736 -6.5302 2.0382 -4.3180 -3.2159 3.7605 -0.1058 -2.6522 2.1178 -0.4942 -5.7382 
41.1100 29.3596 -8.5968 -7.5421 1.2378 -4.8278 -3.7560 2.8376 -1.0988 -3.2694 1.6559 -1.0237 -6.2024 
41.9290 29.8554 -8.7037 -7.0523 2.1366 -4.4302 -3.5687 3.4327 -0.3874 -2.8602 1.8994 -0.7143 -5.8204 
42.2813 30.4044 -8.4835 -7.3852 2.0260 -4.0248 -3.2601 3.5725 -0.1806 -2.8140 1.8380 -0.5303 -5.4221 
42.2741 30.2430 -8.9943 -8.0585 1.6722 -3.9768 -3.3042 3.1347 -0.7285 -3.1750 1.5114 -1.0611 -5.9430 
43.1122 30.6918 -9.3058 -7.9594 2.1354 -3.6713 -2.8897 3.6676 -0.4523 -3.0331 1.6584 -0.8823 -5.3961 
43.0670 30.8031 -9.0099 -7.7657 2.3350 -3.1700 -2.3815 3.6969 -0.6718 -3.0036 1.9099 -0.5617 -4.9620 
43.1626 30.4390 -9.7558 -7.8716 2.8172 -2.8181 -2.3786 3.3661 -1.1346 -3.2129 1.8277 -0.7325 -4.8521 
43.5738 30.1455 -10.4856 -7.3698 3.5664 -3.1273 -2.8687 3.2769 -1.2711 -3.3140 1.8513 -0.6359 -4.3527 
42.9989 29.8485 -10.3225 -7.5348 3.5551 -2.4899 -2.7996 2.1506 -2.0749 -3.0927 1.8830 -0.8900 -3.9190 
42.2443 29.0602 -10.9312 -8.2950 3.0363 -2.8306 -3.6277 1.0991 -2.8175 -3.8761 1.1139 -1.0037 -3.8638 
42.5395 29.3315 -10.6737 -7.6110 4.0796 -1.7999 -2.7480 1.7058 -2.6438 -3.8882 1.4635 -0.0972 -2.7811 
42.5967 29.0490 -11.3506 -7.7760 4.8809 -0.8808 -2.6658 1.3475 -2.4897 -3.4123 1.4952 -0.2855 -2.6614 
41.9565 28.3782 -11.8856 -8.5572 4.1666 -1.2629 -3.0385 0.9751 -2.7002 -3.9088 0.5578 -0.9545 -2.8329 
41.6110 28.3242 -11.3089 -7.9757 4.3002 -1.6619 -3.9351 -0.0027 -3.1351 -3.7305 0.8693 -0.8646 -2.9069 
41.5131 28.4195 -10.9590 -7.8941 3.9535 -2.0214 -4.2439 -0.6829 -4.1256 -4.5254 0.3542 -1.2118 -2.9460 
41.4238 28.4173 -10.3626 -6.3913 5.6780 -0.9131 -3.3506 0.6471 -3.0777 -4.4889 0.3586 -0.3586 -2.1206 
40.2503 28.1118 -9.2052 -6.0030 5.1698 -1.2053 -3.6539 0.3631 -2.5392 -3.7643 0.0793 -1.0682 -2.2882 
38.6180 27.0047 -8.4457 -4.8043 5.8094 -1.2100 -4.1095 0.0757 -2.3201 -3.5434 0.1025 -0.8978 -2.1000 
36.3693 25.2561 -8.5687 -5.4487 4.9203 -0.6819 -2.7123 0.9035 -2.0872 -3.2821 0.7038 -0.1487 -1.9023 
34.7897 23.4319 -9.2824 -5.4424 4.2987 -1.8442 -3.0818 1.0579 -2.5224 -3.6580 1.1360 -0.0933 -2.8155 
35.6694 23.2295 -10.4530 -4.7561 5.6222 -2.4083 -4.0097 1.6647 -1.8965 -4.2138 0.5656 -0.2015 -3.1477 
36.1065 22.9546 -11.1374 -4.2587 6.0796 -2.8824 -3.7600 2.5207 -2.3169 -4.9952 1.2535 0.8512 -2.9729 
34.7671 21.3725 -12.0018 -4.4664 6.2059 -2.7224 -3.8768 2.0237 -2.7638 -5.0331 1.3490 0.9503 -2.5039 
33.5056 20.7335 -11.2781 -4.1110 5.8873 -3.1283 -4.4862 1.4678 -2.7963 -5.0989 0.9752 0.9955 -2.1567 
33.4950 20.5421 -11.5839 -4.1271 6.1313 -2.9061 -4.2770 1.6209 -2.9941 -5.5580 0.7333 1.0160 -2.1942 
33.5948 20.4024 -12.0075 -4.1713 6.7576 -2.0757 -3.6962 2.1593 -2.2000 -5.0340 0.3309 0.2956 -2.2069 
34.3907 21.1210 -12.0414 -4.7960 5.6272 -3.4399 -4.6594 1.8561 -2.1316 -4.8170 0.5338 0.2586 -2.3137 
33.9809 20.8169 -12.1109 -4.9008 5.9072 -2.6780 -4.0021 2.3802 -1.4671 -4.3180 0.7544 0.4220 -2.5778 
32.9582 20.0316 -12.1592 -5.0081 6.0494 -2.0841 -3.7588 2.3060 -1.1737 -4.0987 0.5440 0.7321 -1.4853 
30.8853 19.0000 -11.1338 -4.8687 5.4692 -1.8582 -3.5901 1.9468 -0.9718 -3.6590 0.2215 0.1036 -2.1183 
29.4289 18.7341 -9.5328 -4.3451 4.9101 -1.9981 -3.6563 1.7271 -0.9835 -4.1222 -0.5758 0.3694 -1.0277 
28.6164 18.8042 -8.4490 -4.4098 4.2070 -1.9631 -3.4873 1.8561 0.0272 -2.7713 -0.1353 0.0106 -1.5716 
26.8692 17.4980 -8.2012 -4.2250 3.9450 -2.0350 -3.6988 1.1884 -0.3199 -2.4698 -0.0182 -0.5394 -2.2208 
26.1687 16.7511 -8.5956 -4.5520 3.8018 -1.5139 -2.7655 1.5001 -0.9356 -3.1022 -0.0572 -0.5561 -2.8597 
25.9495 17.1056 -7.5024 -3.9527 3.5887 -1.8865 -3.1207 1.1252 -0.9247 -2.6395 0.3018 -0.4716 -2.6553 
25.7797 16.8252 -7.8156 -4.2995 3.1697 -2.1139 -2.7973 1.8667 -0.2230 -2.2599 0.3672 -0.4358 -2.4220 
25.2532 16.5507 -7.4381 -3.8306 3.5521 -1.7586 -2.5140 2.1709 0.0337 -2.2696 0.3836 -0.0651 -2.0079 
25.5946 17.2486 -6.4883 -3.1480 3.6593 -1.9238 -2.7084 1.8147 -0.3886 -2.4653 0.3119 -0.1508 -1.9042 
25.0902 16.7706 -6.4675 -2.9877 3.3280 -2.5895 -2.9675 2.0402 -0.1495 -2.2657 0.6013 -0.0360 -2.1159 
24.8146 16.5312 -6.5343 -2.9438 3.8450 -1.5045 -2.0906 2.1335 -0.3867 -2.3440 0.5296 -0.1353 -2.0446 
23.7693 15.5716 -6.9987 -3.7311 2.8046 -2.5287 -3.2418 1.1037 -1.1116 -3.0166 0.2355 0.1755 -2.0949 
24.3659 16.4233 -5.9527 -2.5800 3.5404 -2.1069 -2.7213 1.5595 -0.5038 -1.7404 1.3611 0.3040 -1.9206 
24.2503 16.1915 -6.1114 -2.2527 4.3968 -1.1267 -1.8580 2.2405 -0.3406 -2.2838 0.5642 -0.3346 -2.4597 
23.9097 15.5109 -7.0526 -2.9585 4.3354 -0.7616 -1.3906 2.7858 0.0837 -2.2120 0.6855 0.2601 -1.7556 
23.7674 15.5107 -6.6830 -2.6100 4.0792 -1.5992 -2.2612 2.2484 -0.0583 -2.1127 0.6226 -0.1561 -2.2447 
23.9408 15.8075 -6.3400 -2.3656 4.1968 -1.4179 -1.9466 2.4830 0.0631 -1.7530 1.3374 0.4832 -2.0466 
24.0293 15.6863 -6.8214 -2.8266 3.9868 -1.4872 -1.8487 2.8792 0.3888 -2.0689 0.6605 0.3146 -1.6071 
23.2394 14.9356 -7.1331 -3.0927 3.7869 -1.8595 -2.7787 2.1019 0.5828 -1.6026 0.4734 -0.0903 -1.4502 
23.6248 15.7132 -6.3297 -2.9504 3.5544 -1.6120 -2.2391 2.0382 -0.0385 -1.8162 1.0785 0.7040 -1.2000 
23.7374 15.4210 -6.8104 -2.7790 3.7934 -1.7513 -1.9792 2.5870 -0.1712 -2.3770 0.7014 0.1340 -1.9344 
23.7685 15.3035 -7.1013 -2.9801 3.6340 -2.1063 -2.4436 2.2385 -0.4000 -2.4781 0.8171 0.2852 -1.9866 
23.6455 15.4693 -6.7507 -2.9988 3.7022 -1.7443 -2.5862 1.6954 -0.3322 -2.0375 0.7454 -0.0083 -2.0724 
23.3729 15.3662 -6.4898 -2.9254 3.4406 -1.6897 -2.0020 2.0553 -0.4695 -1.9685 1.1781 0.1766 -2.1204 
23.4506 15.4005 -6.7515 -3.3984 3.0693 -2.3094 -3.1486 1.1760 -0.7795 -2.6232 0.1296 -0.3965 -2.5032 
23.0615 14.7139 -7.3960 -3.6248 3.0782 -2.0767 -2.1293 2.9428 0.8344 -1.7065 0.5848 0.1128 -1.5221 
22.7845 14.6132 -7.0820 -3.2095 3.6474 -1.2254 -1.6543 2.2244 -0.6752 -2.7939 0.2050 -0.3794 -2.4893 
23.4776 15.1595 -7.1379 -3.3947 3.3251 -1.8487 -2.1869 2.1981 -0.2909 -2.3538 0.4508 -0.2583 -2.3363 
23.0900 15.3242 -6.3189 -3.2556 2.7528 -2.4830 -3.0958 1.0757 -0.8035 -2.1609 0.7977 0.2707 -1.4524 
22.7943 14.9938 -6.1543 -2.2881 3.9796 -1.6998 -2.4879 1.9480 -0.2352 -2.4243 0.3336 0.1709 -1.5683 
23.4353 15.4320 -6.4960 -2.7445 4.1321 -0.9897 -1.8497 2.1787 -0.0914 -2.1012 0.5244 -0.0004 -1.7473 
22.9624 14.9463 -6.8883 -3.3723 3.4966 -1.3482 -2.0428 2.0743 -0.2565 -2.6685 -0.2947 -0.6175 -2.3100 
23.8060 15.8783 -6.0992 -2.4404 3.9659 -1.5360 -2.0719 2.4219 0.0480 -2.2796 0.2193 -0.4264 -2.2343 
23.3702 15.1992 -6.7756 -2.7849 4.1370 -1.1692 -2.0820 1.8598 -0.6439 -2.6271 0.2475 -0.2674 -2.1010 
23.3843 15.1571 -6.8088 -2.7253 4.0616 -1.4442 -2.2391 2.0339 -0.1501 -1.9108 0.9347 0.1780 -1.9337 
23.0266 15.1353 -6.4018 -2.8189 3.4322 -2.0500 -2.5779 2.1821 0.4382 -1.5604 0.6879 -0.3283 -2.4527 
23.2949 15.7318 -5.7142 -2.5344 3.5268 -1.6241 -1.9340 2.4726 0.0502 -2.1720 0.8695 0.9117 -1.1654 
23.1571 15.3566 -6.0150 -2.2446 3.9597 -1.6730 -2.1903 2.5103 0.4357 -1.7271 0.8721 0.4231 -1.3672 
22.9793 15.3301 -6.0114 -2.7715 3.2339 -2.0173 -2.3585 2.2377 0.3094 -1.5310 1.2285 0.7308 -1.2361 
22.9750 15.2383 -6.1554 -2.7495 3.5086 -1.5283 -1.8318 2.4407 0.0335 -1.9836 0.9400 0.5999 -1.4202 
23.1431 15.4765 -5.7660 -2.0180 4.3063 -1.2695 -2.1919 2.0450 -0.0192 -1.8855 0.9645 0.6100 -1.2968 
23.4428 15.2789 -6.5675 -2.4667 4.0471 -1.6593 -2.1466 2.5876 0.4443 -1.5274 1.3025 0.6834 -1.3574 
23.2243 15.6636 -5.6164 -2.2553 3.7379 -1.6486 -2.1944 2.1494 0.1870 -1.4765 1.1127 0.0939 -1.9966 
22.6656 14.8151 -6.5719 -3.0324 3.5771 -1.3532 -2.0032 2.1500 0.0656 -2.0517 0.1563 -0.4908 -2.0841 
22.6951 14.8223 -6.3716 -2.6113 3.5127 -1.9718 -2.1868 2.6458 0.5526 -1.5043 1.3063 0.8888 -1.1110 
22.3526 14.6525 -6.2610 -2.5940 3.8369 -1.1531 -1.6140 2.6988 0.5597 -1.6395 0.6581 0.1661 -1.3632 
22.4094 14.4511 -6.7197 -2.7951 3.8646 -1.2313 -1.8167 2.3776 0.0857 -2.0252 0.4607 -0.2233 -2.1398 
22.3534 14.3327 -6.9570 -3.1786 3.4142 -1.6302 -2.0799 2.3327 0.3669 -1.3996 1.2381 0.4779 -1.5163 
21.8402 14.2539 -6.2315 -2.6527 3.4389 -1.8155 -2.5624 1.5757 -0.3410 -2.1372 0.3127 -0.3174 -2.0218 
22.7233 14.8587 -6.6682 -3.3255 3.0876 -2.0094 -2.5287 2.1022 0.2566 -2.0051 0.2446 -0.3550 -2.4035 
22.8347 14.8462 -6.7210 -3.1256 3.1880 -2.2717 -2.9417 1.4501 -0.7235 -2.7837 -0.0220 -0.3881 -2.2656 
22.0662 14.4325 -6.4632 -3.2850 2.8315 -2.0731 -2.5756 1.5991 -0.3742 -2.2311 0.3182 -0.0878 -1.7590 
21.8171 14.2138 -6.3867 -3.0407 2.9993 -1.8734 -2.0185 2.4081 0.2605 -1.8499 0.5831 -0.0706 -2.0439 
21.3276 13.7510 -6.1567 -2.3550 3.2160 -2.1101 -2.0771 2.1164 -0.6425 -2.5343 0.4536 -0.2436 -2.1460 
21.5243 13.7904 -6.6853 -3.1361 2.7657 -2.6018 -3.2228 0.9353 -1.2714 -3.3906 -1.0486 -1.4889 -2.8023 
22.1519 14.6269 -5.9384 -2.2581 4.0684 -1.1140 -2.1130 1.6670 -0.3800 -2.0196 0.6421 0.0509 -1.7648 
21.9770 14.2894 -6.3763 -2.6503 3.7781 -1.1960 -1.7567 2.3694 0.1623 -1.8903 0.6528 0.2467 -1.4623 
22.2570 14.7823 -5.8485 -2.3666 3.7375 -1.4317 -1.8681 2.7735 0.9998 -1.1366 1.0857 0.4134 -1.5397 
