nan nan nan nan nan nan nan nan nan nan nan nan nan 
nan nan nan nan nan nan nan nan nan nan nan nan nan 
nan nan nan nan nan nan nan nan nan nan nan nan nan 
nan nan nan nan nan nan nan nan nan nan nan nan nan 
12.1677 -1.8718 -1.4817 -1.4581 -0.5689 1.3694 -0.3207 -1.0580 0.0919 0.2288 -0.7365 0.2288 0.1281 
20.5983 -1.3655 0.4933 -1.0438 -1.4088 1.0582 -2.5408 0.3541 -0.5534 -0.3025 0.3605 -0.7258 0.0797 
20.9540 -2.0106 1.2425 -0.1488 -2.4276 -0.1282 -1.7520 -0.1003 0.0444 -0.6018 0.1747 -0.4995 0.0932 
nan nan nan nan nan nan nan nan nan nan nan nan nan 
nan nan nan nan nan nan nan nan nan nan nan nan nan 
nan nan nan nan nan nan nan nan nan nan nan nan nan 
21.0476 -1.4319 1.1704 0.6853 -1.3176 -0.9936 -0.3803 -0.4811 0.3249 -0.4392 -0.2648 0.3138 -0.6045 
23.1817 0.1143 -0.8631 -0.7293 -0.8301 0.3836 -0.4449 -0.8360 -0.9376 -0.3916 0.1168 0.6266 0.1334 
22.9795 0.6025 -0.7703 -0.2394 -0.3339 -1.0075 -1.0261 -1.6567 -1.2591 -0.6583 -0.4828 -0.5564 -0.0319 
24.9035 -1.9539 0.5865 -0.5870 -1.0358 0.6666 -0.0244 -1.0094 0.0596 -0.7638 -0.2177 0.3176 -0.0633 
22.8302 -0.2993 -0.8577 -0.9450 -1.3376 -0.4408 -0.5390 -0.3123 -0.5046 -0.5618 -0.3428 -0.2306 0.0820 
22.8906 1.1933 0.7736 -1.2267 -2.2805 -0.6685 -0.9976 -1.4990 0.1392 0.2408 -0.0082 0.2938 -0.3594 
22.7832 1.2835 0.8807 0.0889 -1.3867 -0.7121 -0.5940 -0.7922 -0.4454 -0.7129 -0.1485 -0.2307 -0.2903 
21.9360 0.8325 -0.7425 -0.4006 -0.9844 -1.0828 -0.3123 0.0062 0.2407 -0.4461 -0.0936 0.2460 0.2075 
21.3858 0.3737 0.8223 0.4364 -0.5780 -1.1604 -1.1732 -0.1861 0.8730 -0.1975 -0.0873 0.0275 -0.5333 
22.4073 1.0240 0.9051 0.5116 -0.5231 -0.6472 -0.6676 -0.5551 -0.4591 -0.5713 -0.6110 -0.1894 -0.0786 
27.5380 -2.2641 0.6665 -2.1875 -1.0233 0.0718 -0.7584 -0.4475 -0.3405 -0.4155 -0.1477 -0.1393 -0.1996 
33.8687 -1.1341 -4.8332 -1.2870 -1.4992 -1.5414 -1.0433 -1.8537 0.0076 0.1562 -0.3765 0.4268 0.1131 
35.5298 -2.5845 -4.0295 -0.4052 -0.4331 -1.5310 -0.8899 -1.2287 0.4457 0.3289 0.6581 0.5255 0.5505 
36.0688 -2.6111 -3.6161 -0.1354 0.3100 -1.4795 -0.7442 -0.8637 0.5695 0.3502 0.5352 1.0175 0.2525 
36.0417 -3.5048 -4.0100 -0.1970 -0.1007 -1.6538 -0.8688 -1.1884 0.3123 0.6543 0.4149 1.1856 0.4610 
36.2281 -3.1603 -3.7704 0.0301 -0.4805 -1.8029 -0.8122 -1.6891 -0.0932 0.0373 -0.2106 0.5933 0.1278 
36.1350 -3.8401 -3.6425 -0.2123 -0.6377 -1.5147 -0.9053 -1.3755 0.3304 0.3179 0.2881 0.9591 0.3276 
36.2507 -4.4669 -3.4899 -0.6011 -0.9756 -1.5754 -1.8470 -1.3678 -0.1437 -0.2668 0.4288 0.4880 0.2660 
36.7171 -4.4753 -2.8836 -0.6975 -0.3671 -0.8497 -1.6485 -0.1460 0.4876 0.1709 1.1795 0.8655 0.7805 
36.1978 -4.1407 -2.7422 -1.8061 0.6479 -1.2291 -2.1774 -0.0599 -0.2644 0.2437 0.7840 0.7766 0.4717 
35.3642 -3.4140 -2.5183 -2.5530 0.7045 -1.0893 -1.5495 -0.5924 -0.1100 0.8362 0.7330 0.5551 0.5413 
34.1597 -4.2064 -3.2339 -4.2929 -0.2462 -1.7288 -2.6855 -2.1856 -0.7135 0.0588 -0.1193 -0.2168 0.1041 
33.0719 -1.7500 -1.5535 -3.0814 0.0142 -1.2555 -1.3389 -1.0516 -0.0402 0.3745 0.0851 0.6919 0.4918 
31.8497 -1.5887 -1.7224 -4.3121 -0.8704 -0.1474 -1.2782 -0.2105 0.1624 0.2119 0.8526 0.9760 -0.3545 
27.8906 -1.9707 -0.1005 -0.9793 -0.1543 -0.4989 -1.5033 -0.0882 0.1669 0.3024 -0.0371 0.2093 0.0471 
26.6479 -1.9952 0.1644 -1.2260 0.1403 -0.2848 -1.3620 0.2470 0.1198 -0.1685 0.0732 0.1289 -0.3455 
25.8819 -3.4322 0.1430 -1.3771 0.6370 -0.5152 -0.8418 0.2260 0.5046 -0.0007 -0.3234 0.0307 -0.0262 
27.9092 -4.5111 0.4248 -0.7889 -0.8641 0.8936 -0.9196 -0.4205 0.0429 -0.6327 -0.4828 -0.0502 -0.5055 
25.4081 -3.9910 -0.2531 -1.7513 -1.0261 -0.0269 -0.7679 -0.9142 0.3674 -0.6385 -0.4456 -0.5115 -0.8451 
26.0664 -3.3472 1.3739 -0.7396 -0.2056 -0.0964 -1.4908 -1.3332 -0.0755 -0.6641 0.0904 0.0706 -0.2661 
23.9122 -1.4146 1.2565 -0.0679 -0.6258 -0.6956 -1.1822 -0.9848 -0.7659 -0.7720 -0.0264 0.2371 -0.3967 
23.3402 -0.9371 0.5074 -0.2262 -0.1751 -0.5827 -0.4914 -1.0276 0.3011 -0.3628 -0.3231 0.1038 -0.4391 
22.9993 -0.0320 -0.2842 0.2384 0.4634 -0.4019 -1.5860 -1.1788 -0.0832 -0.6172 -0.1458 0.1185 0.0272 
21.9703 -0.6879 0.3428 -0.3199 -1.5043 -0.8707 -0.6558 -0.5333 0.0150 -0.5132 -0.5508 -0.2149 -0.3932 
22.5057 0.4680 0.3299 0.3065 -0.3856 -1.0297 -0.6077 -0.7916 -0.8383 -0.1242 -0.5533 -0.0511 0.1339 
20.9725 -1.6279 -0.6841 -0.4487 -1.0305 -1.1469 -1.2746 -0.8327 0.0824 -0.3889 -0.2634 -0.1418 -0.3513 
22.3437 -0.5653 -0.2417 -0.1428 -0.5569 -1.5501 -1.0111 -0.9850 0.4068 -0.0444 -0.1899 0.2534 -0.8469 
22.4243 -0.7650 -0.6701 -0.3044 -0.3947 -0.9767 -0.8818 -0.1232 -0.3419 -0.0952 -0.5844 -0.0576 0.1611 
24.2996 -1.1360 -0.8563 -0.3277 -0.7851 -0.7120 -1.0766 -1.0717 0.4085 0.4230 0.2121 -0.5451 -0.3245 
25.5711 -2.1583 -0.8829 -0.6325 -1.1038 0.5043 -1.4930 -1.3187 -0.6971 0.1231 0.5294 -0.4176 -0.4256 
25.8876 -2.2740 -0.6263 -2.2152 -0.2718 0.4699 -0.4961 -0.3145 -0.2444 0.4080 -0.3274 -0.2874 -0.4074 
25.2886 -1.4688 -0.5156 -2.2883 -1.0894 0.6578 -2.0159 -0.0838 -0.3652 0.9008 -0.4314 -0.0778 -0.2134 
24.7976 -1.6603 -0.3511 -1.4506 -0.4856 0.7293 -1.3253 0.2590 -0.5409 0.3230 0.1940 0.0839 0.1645 
24.4940 -2.0644 0.9063 -1.6824 -1.2607 0.6598 -1.8830 -0.2427 -0.5401 -0.3052 0.2616 0.0220 -0.1875 
24.3923 -1.7419 -0.0624 -0.5775 0.0625 0.6309 -1.9751 -1.0194 0.2848 -0.7483 0.2906 -0.1000 -0.2233 
22.6211 -1.7080 -0.2426 -0.7833 -0.7276 -0.2910 -1.2900 0.1301 0.2504 -0.2766 -0.1949 -0.1368 -0.2827 
22.1799 -0.7584 -0.3491 -0.5888 -0.9336 -0.3766 -0.8355 -0.9676 -0.3654 -0.5537 -0.0497 0.3224 -0.0449 
22.0449 -0.6127 -0.1459 -0.7944 -1.2169 0.2773 -0.2720 -0.3233 -0.3003 -0.0345 -0.1117 -0.3788 -0.1498 
22.8831 -0.2332 0.2388 -0.7193 -0.5864 -0.3535 -0.5979 -0.5412 -0.1868 0.0303 -0.1253 -0.1559 -0.2847 
22.7232 -0.5039 0.0105 -0.8192 -0.8789 -0.6591 -1.0712 -1.1671 -1.1074 -0.6448 -0.3252 0.0270 -0.2569 
22.5901 -4.5625 -0.5229 -1.5116 -0.5605 0.1569 -0.8945 -1.4145 0.3109 -1.0235 0.1397 0.3574 -0.1560 
23.8040 -1.5389 -0.2614 -1.6331 -0.6549 -0.6032 0.2127 -0.6104 -0.0534 -0.5616 -0.2739 -0.1861 -0.2476 
22.3917 -1.6763 0.7169 -1.4517 -0.1161 -0.5959 -1.4107 -1.0202 -0.8658 -0.9384 0.2293 -0.9587 -0.0276 
23.2947 -0.0060 0.6239 -1.1415 -1.0164 -0.6242 -0.4448 -1.1462 -0.5272 -0.4883 0.1049 0.2294 0.4391 
20.8578 -1.8422 -0.6787 -0.5067 -0.0872 -1.0606 -1.5153 -0.7591 -0.6590 -0.9266 -0.0776 -0.8129 -0.4523 
20.5744 -1.9095 -0.1260 -1.2229 -1.3727 -1.1888 -0.9784 -0.2839 -0.2052 -0.0125 0.1133 -0.6094 -0.7579 
21.5079 -0.8866 0.2307 -0.6351 -0.8533 -1.2128 -1.3554 -1.0360 0.4407 0.1985 0.5256 -0.5800 0.1179 
21.3269 -0.5843 0.4600 -0.1464 -0.2883 -1.4753 -0.5869 -0.4519 -0.2618 -0.0715 -0.3654 -0.5140 -0.0299 
22.6086 -0.3941 -0.2206 -0.9568 -1.0777 -0.6418 -1.1154 -0.0881 -0.8492 -0.6927 -0.1204 -0.1490 -0.1661 
22.1936 -0.5157 0.5470 -0.4334 0.0880 0.4716 -0.7105 -0.5684 -0.1329 -0.0716 -0.8702 -0.4834 -0.1095 
22.3292 0.2693 0.6164 -0.6134 -0.8855 -0.2136 -1.2420 -0.6715 -0.5405 -0.3566 -0.3469 -0.1165 -0.2500 
21.8695 -0.5141 -0.4005 -0.8053 -0.3220 -0.9146 -0.4904 0.5537 -0.2430 0.5059 -0.2002 -0.2434 0.1165 
21.7503 -3.1637 -1.1874 -0.4303 -2.9770 -1.2454 -0.8608 -1.4758 -0.5160 -0.6706 -0.4690 -0.5602 -0.4528 
23.6937 -2.8236 0.6784 -1.6560 -1.0986 -2.2646 -0.2259 -0.9414 -0.3916 0.3005 -0.4867 0.2725 -0.5205 
19.2375 -0.5675 2.2627 -1.9870 -0.7455 -1.0651 0.9554 -0.5689 -0.1039 0.5564 -0.3317 0.1633 -0.4837 
8.6173 -4.6629 1.7622 -2.1488 -0.4735 -1.2937 0.9898 -0.5944 -0.2223 0.5244 -0.4944 0.1812 -0.6047 
-1.4967 -8.5418 1.4502 -2.1394 -0.3107 -1.6793 0.6759 -0.7501 -0.4109 0.3928 -0.6020 0.1927 -0.6252 
-10.7118 -11.4184 1.9435 -1.5159 0.2619 -1.7455 0.5312 -0.7236 -0.4023 0.4978 -0.4652 0.3681 -0.4319 
-19.5483 -14.0946 2.2312 -1.3251 0.4699 -1.9006 0.4145 -0.6388 -0.4572 0.4415 -0.5526 0.2810 -0.4125 
-28.1424 -16.6567 2.3981 -1.3369 0.5608 -2.0278 0.3225 -0.5300 -0.5112 0.4110 -0.6208 0.1515 -0.4339 
-36.5845 -19.1353 2.5316 -1.3877 0.6728 -2.0790 0.2813 -0.3781 -0.5130 0.4455 -0.6255 0.0669 -0.4015 
-44.9601 -21.6185 2.5730 -1.5239 0.7485 -2.1298 0.2247 -0.2551 -0.5468 0.4404 -0.6499 0.0002 -0.3206 
-53.1622 -23.9239 2.7357 -1.5352 0.9463 -2.0830 0.2316 -0.0848 -0.5365 0.4412 -0.6747 -0.0461 -0.2067 
-60.5766 -25.2072 3.7954 -0.7575 1.7943 -1.5378 0.5889 0.3370 -0.3287 0.5715 -0.5839 0.0294 0.0224 
-67.9487 -26.5398 4.6511 -0.3188 2.1740 -1.5359 0.3768 0.2617 -0.4724 0.4735 -0.5842 0.0931 0.2656 
-74.8082 -27.3369 5.7288 0.1160 2.4985 -1.4486 0.4154 0.5709 -0.1773 0.7280 -0.3642 0.1716 0.3370 
-inf -inf -inf -inf -inf -inf -inf -inf -inf nan nan nan nan 
-81.3998 -21.9200 8.9778 -1.5403 1.0996 -1.1256 1.2479 0.9731 -0.4994 0.5661 -0.0808 -0.0700 -0.2624 
-83.1969 -18.2880 9.8439 -3.0567 0.7917 -0.5156 1.0714 0.2822 -0.8036 0.7453 0.1972 0.1961 0.5235 
-84.6092 -15.6940 8.3510 -5.3041 0.9136 -0.4781 0.2660 0.7020 0.6056 1.5390 0.5136 0.5739 0.9717 
-84.9163 -11.4550 9.0680 -5.1400 2.2991 -0.0294 0.0576 0.9010 0.0934 0.1549 -0.5097 -0.0522 0.7417 
-inf -inf -inf -inf -inf -inf -inf -inf -inf nan nan nan nan 
-inf -inf -inf -inf -inf -inf -inf -inf -inf nan nan nan nan 
-83.3428 -5.0132 5.0178 -2.0682 2.4310 -1.6139 1.1068 -0.2617 -0.4646 0.3705 0.1211 1.1605 0.6506 
-82.7944 -4.0713 1.9395 -2.9310 1.4099 -0.6590 2.6333 0.3842 0.8332 1.1144 0.4977 0.1968 -0.5501 
-79.0925 -1.1516 1.0733 -1.1701 1.2135 -0.4607 0.8362 -1.4198 0.0670 -0.0095 -0.2199 0.0647 0.1660 
-78.4298 -0.2275 0.8586 -0.3791 0.9755 0.9464 0.7439 -0.7339 0.3161 0.2648 0.0790 0.3237 0.4690 
-75.5050 -0.1735 -0.3180 -0.3438 0.1285 0.0589 -0.0841 -0.8170 0.2169 0.3165 0.0665 -0.4537 -0.4653 
-72.8394 0.3321 0.0045 0.2539 0.3349 0.4580 -0.0555 -0.5320 0.3243 0.4623 0.0325 -0.5063 -0.6965 
-inf -inf -inf -inf -inf -inf -inf -inf -inf nan nan nan nan 
-67.1360 0.4631 -0.0073 -0.1805 0.5038 0.3140 0.4626 0.0231 0.6311 0.6878 0.2534 -0.1331 -0.0030 
-64.9938 0.4218 -0.5474 -0.4859 -0.4461 0.2518 -0.2217 -0.4687 0.0855 0.5545 0.0247 -0.0230 -0.0806 
-63.0138 -0.0941 0.5043 0.0112 -0.1552 -0.1320 0.6975 0.2350 -0.6199 -0.3839 -0.2557 -0.0374 -0.6069 
-59.6497 0.7847 0.1822 1.0710 0.1902 0.2451 0.0128 -0.5902 0.1301 -0.0349 -0.1071 -0.0542 0.0552 
-58.0077 -0.4536 0.3842 0.7168 0.9151 0.5312 0.4701 0.0379 -0.1575 -0.1532 0.2363 0.1525 -0.6034 
-54.3124 0.2478 0.0451 0.0869 0.6451 0.1299 -0.1069 -0.7341 -0.8339 0.0001 -0.6751 -0.5580 -0.2782 
-51.6977 0.0647 0.1359 0.0558 0.3336 0.7219 -0.2028 -0.3559 0.5736 0.1485 0.1043 0.0911 -0.0859 
-inf -inf -inf -inf -inf -inf -inf -inf -inf nan nan nan nan 
-inf -inf -inf -inf -inf -inf -inf -inf -inf nan nan nan nan 
-inf -inf -inf -inf -inf -inf -inf -inf -inf nan nan nan nan 
-41.6080 0.4540 0.0344 0.7329 0.6330 0.5465 0.7002 0.5639 0.4289 0.4152 0.0644 0.1711 0.2775 
-39.0881 0.6262 0.1675 0.2620 0.3280 0.3489 0.4109 0.3514 -0.1669 0.0001 0.2338 -0.0465 -0.1611 
-37.2075 0.5652 0.5747 0.6297 0.8573 0.3506 -0.2225 -0.3004 0.0158 0.9196 0.3773 -0.6244 -0.6775 
-inf -inf -inf -inf -inf -inf -inf -inf -inf nan nan nan nan 
-32.1623 -0.7524 0.2506 0.6308 0.3837 -0.4769 -0.9850 -0.7501 0.4032 0.8357 0.1299 -0.3646 -0.5584 
-inf -inf -inf -inf -inf -inf -inf -inf -inf nan nan nan nan 
-inf -inf -inf -inf -inf -inf -inf -inf -inf nan nan nan nan 
-24.0086 -1.1245 -0.2949 0.4897 0.9843 1.6539 1.2602 0.6374 -0.0023 -0.0615 -1.0025 -0.4725 0.0718 
-inf -inf -inf -inf -inf -inf -inf -inf -inf nan nan nan nan 
-18.2504 0.1904 -0.3971 0.0002 -0.0249 -0.2086 0.0720 -0.4679 -0.2347 -0.2123 0.2018 0.1197 -0.1139 
-15.8943 -0.0908 -0.1541 0.7059 0.8582 0.3756 0.1509 -0.2531 0.2582 0.2071 -0.2498 -0.1075 0.0603 
nan nan nan nan nan nan nan nan nan nan nan nan nan 
-10.2345 0.8583 0.7237 0.3141 -0.3524 0.2534 0.0644 -0.5432 -0.1193 0.4634 0.3850 -0.3521 -0.2194 
-7.8952 0.9570 0.4839 0.2187 0.1134 -0.6912 -0.5288 -0.4736 0.2569 -0.4197 -0.6619 -0.1331 -0.2455 
-inf -inf -inf -inf -inf -inf -inf -inf -inf nan nan nan nan 
-2.7366 0.6809 0.1656 0.1586 -0.1741 0.3835 -0.1754 -0.1556 -0.2850 -0.6253 0.0955 -0.0089 -0.4409 
nan nan nan nan nan nan nan nan nan nan nan nan nan 
3.2267 0.5282 0.2153 0.9342 0.2496 0.0374 0.5661 0.0357 0.4917 0.4111 -0.0592 -0.1453 -0.2967 
-inf -inf -inf -inf -inf -inf -inf -inf -inf nan nan nan nan 
nan nan nan nan nan nan nan nan nan nan nan nan nan 
10.8130 1.0725 0.3355 0.3780 -0.1029 0.1650 0.5566 -0.4072 0.0879 0.5027 -0.1966 0.1928 -0.1948 
12.4167 0.6092 -0.2281 -0.1824 -0.0339 -0.2972 -0.5955 -0.2994 0.0126 0.0679 0.0319 -0.0590 -0.4216 
14.6226 -0.7813 0.7334 1.2995 0.5092 -0.4439 -0.6660 -0.7126 -0.4235 -0.2582 -0.6710 -0.1848 0.4226 
18.1230 -0.2400 0.0576 1.9298 1.6057 0.5086 -0.4782 -0.6368 0.0147 0.7855 0.1754 -0.3674 -0.4808 
21.4904 0.4421 -0.1163 0.6145 0.5226 0.6627 0.6875 -0.0621 -0.0371 -0.2191 -0.6059 0.0908 0.5254 
23.2975 0.4973 0.9245 0.1851 0.1292 0.5229 0.0973 0.5236 0.0409 -0.0564 0.1784 0.0060 0.3743 
26.7943 1.1809 0.9217 0.4797 -0.2893 0.5372 0.1616 -0.1067 -0.0369 -0.7306 0.3743 0.3578 -0.3946 
-inf -inf -inf -inf -inf -inf -inf -inf -inf nan nan nan nan 
30.9475 0.5629 0.5296 0.7901 -0.3852 -0.8353 -0.2111 -0.0792 0.3202 -0.7087 -0.5904 -0.0925 -0.1497 
nan nan nan nan nan nan nan nan nan nan nan nan nan 
36.5008 -0.2013 -0.2028 0.5901 0.6954 0.7024 -0.0052 -0.8324 -0.2644 -0.5544 -0.6041 -0.6010 0.0114 
-inf -inf -inf -inf -inf -inf -inf -inf -inf nan nan nan nan 
41.2750 0.2454 0.5125 1.1302 0.9666 0.4169 -0.0727 -0.6718 -0.1852 -0.0700 0.4100 0.2175 0.1790 
-inf -inf -inf -inf -inf -inf -inf -inf -inf nan nan nan nan 
46.0865 -0.0496 0.7902 1.8823 1.2302 0.1720 -0.8088 -0.5971 0.0369 -0.0169 0.1590 -0.3328 -0.0244 
-inf -inf -inf -inf -inf -inf -inf -inf -inf nan nan nan nan 
nan nan nan nan nan nan nan nan nan nan nan nan nan 
55.5829 0.6165 0.3826 0.3054 0.1481 0.6139 0.6476 0.3775 0.6670 0.4587 -0.1408 -0.4760 -0.3861 
