23.8516 15.2914 -7.2682 -3.0837 3.5339 -2.5019 -2.9356 2.2212 -0.0527 -2.3968 0.7016 0.4753 -1.7742 
22.8632 14.6963 -6.8413 -2.7920 3.5020 -2.3444 -2.8751 1.8760 -0.2998 -2.3495 0.4690 -0.2261 -2.3825 
23.0015 14.2381 -8.0217 -3.4809 3.5725 -2.3819 -3.4729 1.1026 -0.7438 -2.5172 0.0983 -0.7740 -2.6273 
23.2644 14.8966 -7.2852 -3.4378 3.2121 -2.2191 -2.8403 1.4246 -0.8590 -2.4579 0.6234 -0.2121 -2.3488 
23.9860 15.3313 -7.4900 -3.2413 3.9395 -1.6543 -2.5372 1.7257 -0.7532 -2.7326 0.3485 -0.1503 -2.3085 
23.7920 15.3100 -7.3961 -3.4750 3.7049 -1.6920 -2.8400 1.1933 -1.0750 -3.0368 -0.1907 -0.5627 -2.4083 
23.2765 14.7770 -7.5302 -3.5255 3.3845 -1.8068 -2.1913 2.1198 -0.3920 -2.1694 1.0575 0.5022 -1.5951 
24.9573 15.4680 -8.3952 -3.1508 4.0901 -2.8457 -3.3240 2.4155 -0.3241 -2.9555 0.7664 0.3858 -2.4868 
24.7854 15.4439 -8.1072 -2.7450 4.6653 -2.1012 -2.7698 2.6213 -0.2372 -2.9567 0.5453 0.1897 -2.3405 
23.8407 15.0119 -7.8038 -3.4499 3.2101 -3.1106 -3.6182 1.7411 -0.4011 -2.6658 0.4407 0.0582 -2.1225 
23.6625 14.9804 -7.6547 -3.3801 3.7632 -1.5521 -2.0270 2.1318 -0.7808 -2.7332 0.7574 0.4598 -1.6172 
23.7013 15.3180 -6.8545 -2.5800 3.9743 -1.9387 -2.2575 2.7054 0.1786 -2.2781 0.5339 -0.1225 -2.4124 
24.0805 15.7411 -7.0724 -3.5537 3.2835 -1.8987 -2.4903 1.8246 -0.3849 -2.0991 0.9196 0.2396 -1.9970 
23.7922 15.5721 -6.7213 -2.7514 4.1893 -1.3719 -2.5168 1.6223 -0.4585 -2.3284 0.2564 -0.5735 -2.5796 
23.6822 15.4455 -6.7838 -2.8321 3.9793 -1.5264 -2.2898 2.0823 -0.3047 -2.6230 -0.1116 -0.7512 -2.5918 
24.3078 15.7080 -7.1498 -2.9181 3.9472 -1.8950 -2.4793 2.0991 -0.4760 -2.4093 0.9345 0.3296 -1.9551 
23.7669 15.8462 -5.9293 -2.0647 4.1853 -1.5325 -2.1611 2.0022 -0.6109 -2.5598 0.3359 -0.3656 -2.1901 
23.6183 15.1846 -7.3368 -3.5587 3.2662 -1.9300 -2.3642 1.8445 -0.9289 -3.2297 -0.4362 -0.8593 -2.4303 
23.6059 15.1414 -7.3453 -3.3246 3.7060 -1.7474 -2.5816 1.8343 -0.3336 -2.4024 0.3627 0.0405 -1.7411 
23.5284 15.2610 -7.0384 -3.3631 3.3742 -1.6658 -1.9419 2.2762 -0.4851 -2.5238 0.7185 0.2837 -2.1278 
23.3161 15.1338 -6.7604 -2.7747 3.7780 -1.8952 -2.4499 2.3860 0.3488 -1.8685 0.6711 -0.0205 -2.1882 
23.5788 15.4109 -6.4025 -2.1261 4.4398 -1.2533 -1.7657 2.5302 -0.2366 -2.3917 0.5883 0.1195 -1.7357 
23.5338 15.3432 -6.6734 -2.9395 3.0737 -2.6880 -2.6842 2.1229 -0.6871 -2.9635 0.3180 -0.1445 -2.6374 
23.3732 14.9426 -7.2681 -3.3031 3.1122 -2.7233 -3.1796 1.4838 -1.1253 -3.3667 -0.0534 -0.1466 -2.4309 
23.5488 15.0808 -7.1672 -2.8980 3.8816 -1.8485 -2.4506 1.9995 -0.6926 -2.9885 -0.0313 -0.5929 -2.9070 
24.4952 16.0491 -6.6761 -2.3844 4.4053 -1.6395 -2.2938 2.5586 0.2040 -1.9725 1.0760 0.5014 -1.9210 
24.1037 15.7180 -6.8816 -2.7357 4.4726 -0.8658 -1.7151 2.4950 0.2092 -1.8374 0.6034 -0.2062 -1.8053 
24.0761 15.7432 -6.8494 -3.0026 3.7753 -1.6199 -2.0730 2.3377 -0.2365 -2.2228 1.0751 0.7352 -1.6106 
23.4932 14.9896 -7.3410 -3.3449 3.1214 -2.5212 -2.8033 1.5818 -1.2234 -2.9370 0.7362 0.1441 -2.4251 
23.9614 15.3842 -7.3157 -3.1371 3.7632 -2.0067 -2.5653 2.3004 -0.0160 -2.3301 0.4495 -0.3015 -2.7616 
23.6179 14.8842 -7.6838 -3.2898 3.6701 -1.9373 -2.3670 2.0280 -0.7298 -2.6220 0.6330 -0.1613 -2.2918 
23.8522 15.2091 -7.4628 -3.2359 3.6564 -2.0219 -2.5425 2.0743 -0.2641 -2.1287 0.8378 -0.0251 -2.1340 
24.0918 15.5676 -7.3392 -3.4894 3.5130 -1.9133 -2.6349 1.7781 -0.4923 -2.4211 0.5151 -0.0679 -2.0691 
24.5127 15.7492 -7.3664 -2.9999 3.9672 -1.9816 -2.5492 2.1816 -0.3419 -2.4290 0.5555 -0.3218 -2.4660 
23.6313 15.0942 -7.4524 -3.5653 3.0798 -2.2878 -2.3848 2.1798 -0.6051 -2.7428 0.4211 -0.2107 -2.6067 
23.9095 15.8577 -6.6248 -3.4036 3.2390 -1.6724 -2.0900 2.1447 -0.1948 -2.1394 0.7114 0.1926 -1.7507 
23.3702 14.9864 -7.1354 -2.9995 3.7364 -1.8923 -2.4518 2.1410 -0.1586 -1.9872 1.2437 0.5184 -2.1855 
25.4661 15.1328 -9.5344 -3.0278 5.0173 -2.6260 -3.1032 3.4218 0.3241 -3.2396 0.6675 0.8941 -2.3878 
27.6026 16.5674 -10.1773 -3.3664 5.5223 -2.6733 -3.6342 3.3516 0.3795 -3.4510 0.7245 1.1598 -2.3867 
26.3194 15.7905 -9.6605 -2.9651 5.6998 -2.2260 -3.3368 3.5289 0.9672 -3.0172 0.4925 1.0109 -2.3874 
24.8701 15.3673 -8.6759 -3.4994 4.3744 -2.1163 -2.9497 2.7300 0.2307 -2.9881 0.2354 0.4578 -2.3278 
24.4811 15.9032 -6.8941 -2.4968 4.1915 -1.9763 -2.2833 2.9535 0.4030 -2.1176 0.9517 0.3449 -2.4276 
24.4737 15.9153 -7.0249 -2.6380 4.6620 -1.2712 -2.4512 2.2611 0.3832 -1.6626 1.1118 0.5891 -1.6247 
23.6910 15.1223 -7.3573 -3.0459 3.8632 -1.9661 -2.4291 2.8276 0.7581 -1.8708 0.6035 0.2105 -1.8568 
22.9171 14.0373 -8.3467 -3.9535 2.9710 -2.6031 -2.8405 2.0630 -0.2593 -2.4530 0.0600 -0.9661 -2.7561 
24.4040 16.1567 -6.4129 -2.3773 4.3467 -1.5353 -2.2214 2.5944 0.1706 -2.4943 0.2634 0.3605 -1.1220 
24.1087 15.8590 -6.3902 -2.1407 4.5255 -1.2105 -1.4463 3.4912 0.8723 -1.8191 0.7220 0.1214 -1.8080 
23.8161 15.6755 -6.3413 -2.3125 3.9490 -2.1376 -2.6139 2.5234 0.5784 -1.5804 0.9899 0.1850 -1.8842 
24.0436 15.7921 -6.5666 -2.4625 4.3855 -1.2451 -1.8444 2.9352 0.7573 -1.6137 0.7491 -0.0575 -1.9426 
25.1862 16.6857 -6.4205 -1.8956 5.3138 -0.6329 -1.5233 2.8506 0.0553 -2.2077 1.0133 0.7312 -1.3204 
25.5038 16.1382 -7.7415 -2.3376 5.1083 -1.3516 -1.6149 3.4339 0.1976 -2.0647 1.6719 0.9312 -1.7632 
24.7241 15.7650 -7.5681 -2.8250 4.5349 -1.3019 -1.7162 3.0055 0.0609 -2.2604 1.0780 0.5732 -1.7659 
24.7090 16.6466 -5.7176 -1.5784 4.8923 -1.1849 -1.7616 3.0533 0.5775 -1.8648 0.8484 0.2986 -1.6722 
25.0469 16.9216 -5.8384 -1.9252 4.6908 -1.0440 -1.6808 2.6131 0.1463 -1.4772 1.6246 0.5645 -1.7174 
24.3950 16.3262 -5.9325 -1.8311 4.7901 -1.0000 -1.4924 3.3192 0.9242 -1.4754 1.3109 0.8780 -1.2722 
24.0251 15.5074 -7.2075 -3.0928 3.9399 -1.5949 -2.2632 2.1519 -0.4291 -2.5879 0.5336 0.1446 -2.0072 
25.0419 17.1176 -5.5323 -1.8613 4.6176 -1.2381 -2.0310 2.4825 0.0783 -2.1163 0.9480 0.7413 -1.3114 
24.6511 16.2692 -6.5948 -2.4147 4.7132 -0.8725 -1.4750 3.2529 0.8122 -1.5713 1.4000 1.0758 -1.2574 
25.3364 16.6898 -6.5611 -2.0639 4.7566 -1.2340 -1.5157 2.9980 0.0736 -1.6229 1.7477 0.6010 -1.4635 
25.5284 15.9183 -7.7238 -1.5704 5.5377 -1.4822 -1.1777 4.0050 -0.0806 -2.3887 1.7346 0.4995 -2.2849 
32.6103 19.8873 -11.7643 -5.0283 5.2368 -1.7209 -1.4227 3.7898 -1.6040 -3.5618 2.2212 0.1865 -3.8708 
30.8995 18.3429 -11.7310 -4.0916 6.2959 -1.1424 -1.5742 3.5979 -1.1804 -3.0363 2.4096 0.6032 -3.1085 
29.6643 17.8097 -10.6783 -3.2132 6.4292 -1.2029 -1.7368 3.5511 -0.8075 -2.7740 2.2355 0.6097 -2.7537 
27.9478 16.4893 -10.2866 -2.6535 6.0102 -2.1023 -2.0484 4.1565 0.0744 -2.1864 2.8056 1.3796 -2.2880 
27.1983 16.4125 -9.3234 -2.1861 6.0411 -1.9600 -2.4685 3.3186 -0.0489 -2.1145 1.9040 0.2577 -2.6441 
26.5867 16.9063 -7.5752 -1.7019 5.5242 -1.5059 -1.4088 3.5844 -0.3867 -2.2480 2.1170 0.6420 -2.2293 
26.2860 16.8458 -7.3397 -1.9112 4.7942 -2.4257 -2.2566 3.3460 0.0687 -2.0260 1.7711 0.6194 -1.6595 
24.7872 15.6098 -7.6635 -2.3439 5.0464 -1.0016 -1.2639 3.1061 -0.4980 -2.4274 1.7281 1.3139 -0.7924 
26.3320 16.6086 -8.3860 -3.5108 3.7030 -2.6752 -2.4604 2.8080 -0.3799 -2.2299 1.5697 0.2367 -2.3666 
33.2719 22.0085 -9.2290 -5.1789 2.9117 -3.6972 -2.6389 3.1535 -1.5191 -3.8594 1.0488 -0.3182 -3.3146 
36.9165 26.6379 -5.8477 -3.1993 3.3687 -4.9096 -4.6370 1.9615 -1.5202 -3.3835 1.6445 -0.0580 -4.1546 
39.9642 28.6357 -7.2877 -5.2521 2.1837 -5.5735 -4.9992 1.5665 -1.7875 -2.9410 1.6895 -1.4796 -5.2113 
40.4889 28.6466 -8.2705 -5.9680 2.2990 -5.4332 -5.1230 1.8521 -1.1764 -2.7596 1.6337 -1.2363 -5.0586 
40.8791 28.8667 -8.7179 -6.5270 2.4402 -4.8991 -5.0272 1.6146 -1.2458 -2.6281 1.8977 -1.0267 -5.1954 
41.6651 29.1781 -9.2584 -6.5806 2.8702 -4.6926 -4.5168 2.8568 -0.2192 -2.3803 1.9841 -0.9206 -5.4904 
40.9439 28.5032 -9.9629 -8.0451 1.5461 -5.1795 -5.2190 1.4447 -1.3592 -2.9190 1.3556 -1.8244 -6.2725 
41.3426 28.5522 -10.0582 -7.1308 2.8740 -4.2686 -4.1344 2.8400 -0.4575 -2.4572 1.9412 -1.3280 -6.1119 
41.1918 28.9633 -8.9363 -6.3911 2.9282 -4.3038 -3.8093 3.5628 0.3114 -1.9829 2.2879 -0.9576 -5.8532 
40.6183 28.7758 -8.4365 -6.2375 2.5242 -4.8561 -4.2525 3.5258 0.4813 -2.2823 1.7787 -0.9783 -5.8321 
40.9039 28.8328 -8.8094 -6.3997 2.9316 -4.1813 -3.8375 3.5852 0.6811 -1.7943 1.9152 -1.3423 -5.9287 
41.0904 28.7238 -9.5277 -7.1918 2.4732 -4.6670 -4.7700 2.5722 0.1958 -1.8888 1.6325 -1.8263 -6.1527 
41.3617 29.4335 -8.4516 -6.2135 3.3769 -3.6195 -3.7034 3.4141 0.6345 -1.6388 2.3386 -0.7185 -5.5087 
40.8575 28.7322 -8.9519 -6.5857 2.6491 -4.4576 -4.0081 3.1927 -0.1505 -2.4201 2.0408 -1.1190 -6.2647 
41.2059 28.6683 -9.5101 -6.5748 3.2724 -3.7741 -3.2954 3.8290 0.0811 -2.4682 2.0057 -1.1419 -6.3632 
40.3696 28.1199 -9.3513 -6.7668 2.5270 -4.5696 -3.8742 3.6162 -0.0061 -2.9992 1.2688 -1.4317 -6.4606 
41.3339 28.7703 -9.6744 -6.8904 3.3038 -3.3289 -2.8763 4.1514 0.4373 -2.4257 1.5445 -1.5041 -6.1096 
41.5419 28.4570 -10.4652 -7.1051 3.4156 -3.3949 -2.8776 4.0068 -0.0420 -2.5617 1.8233 -1.4755 -6.1403 
41.7134 28.4687 -10.8618 -7.4988 3.5295 -3.0532 -3.0119 3.6083 0.0258 -2.4386 1.2546 -1.9047 -5.4895 
42.5373 28.8981 -11.3231 -7.7331 3.6943 -2.9943 -2.9602 3.7087 -0.1702 -2.7606 1.3261 -1.3752 -4.7094 
42.2667 28.4995 -11.6208 -8.0243 3.0713 -3.6099 -3.1948 3.1785 -1.2873 -3.4918 1.3588 -1.2173 -4.6021 
41.6493 28.4944 -10.5501 -7.2135 3.2544 -3.5769 -3.2430 3.1718 -1.0659 -3.3915 1.3642 -0.5946 -3.5271 
41.8393 28.4200 -10.9167 -7.0702 4.0716 -2.8949 -3.5124 2.2075 -1.5822 -3.1991 1.3009 -0.9535 -3.1965 
41.6055 28.6347 -10.2111 -6.7196 4.1753 -2.9041 -3.9086 1.8749 -1.4967 -3.0850 1.6734 -0.1216 -2.9897 
41.3409 28.3511 -10.4209 -6.8784 4.4501 -2.1329 -3.4805 1.5064 -1.9883 -3.4435 0.9926 -0.6478 -2.7151 
40.7774 28.0441 -9.9827 -6.4953 4.2135 -2.4943 -3.3327 1.9733 -1.6948 -3.2957 1.3550 -0.0042 -2.1565 
39.9694 27.3352 -9.8809 -5.8556 4.8607 -2.5424 -4.2213 1.1290 -2.0095 -3.7613 0.5341 -0.4101 -2.0577 
39.1844 26.6370 -10.1057 -6.1694 4.6472 -2.2937 -4.1969 0.2987 -2.9147 -3.8004 0.9140 -0.5829 -2.8014 
37.9318 26.2195 -9.2481 -6.1258 4.4798 -1.6746 -4.1298 -0.5528 -3.3754 -4.0001 0.3089 -0.9187 -2.6436 
36.5316 25.1123 -8.8375 -5.2982 4.3440 -2.8655 -4.9625 0.0738 -2.3433 -4.0940 -0.1805 -0.3915 -1.8520 
34.8426 23.8873 -8.5731 -4.9855 4.6502 -2.2041 -4.6297 0.1169 -1.6170 -2.6831 1.0079 -0.0836 -2.2952 
33.2805 23.1598 -7.3642 -4.1195 4.4744 -2.2199 -4.2087 0.3217 -1.7704 -2.9508 0.8903 0.1164 -2.1242 
33.6899 23.3735 -7.6406 -4.5030 4.0915 -2.3136 -3.6702 0.9129 -1.7543 -2.9626 1.2825 0.2152 -2.6058 
33.0339 22.6378 -7.9645 -4.5553 3.9887 -2.5901 -4.0186 0.4907 -2.4305 -3.8675 0.6542 0.3999 -1.7883 
33.2650 21.6095 -9.9616 -4.7770 5.0276 -2.2527 -3.9094 1.1384 -1.6875 -3.0021 1.4507 0.2464 -2.2425 
33.9824 21.8419 -10.4074 -4.6790 5.2186 -2.4263 -3.4786 1.8247 -2.3745 -4.4658 1.0810 0.5890 -2.6175 
33.3472 21.1806 -10.3986 -4.0807 5.7099 -2.3663 -3.4379 2.2640 -1.5166 -3.6030 1.3984 0.6054 -2.0513 
32.7240 20.5909 -10.5666 -3.9762 6.2356 -1.5865 -2.9006 2.5717 -1.3652 -3.9372 0.8080 0.4186 -2.0028 
32.1415 20.2212 -10.7893 -4.8420 5.5376 -1.5480 -2.9138 2.5016 -0.9026 -3.4125 1.0719 0.8269 -1.8591 
31.3993 19.8600 -10.5553 -5.1111 5.0384 -1.9007 -3.5396 2.1758 -0.2031 -2.7707 0.8310 0.8406 -0.9214 
30.1156 19.1907 -10.0632 -5.2565 4.6875 -1.1972 -2.7020 1.9312 -1.1306 -3.7706 -0.1101 0.0507 -1.7528 
29.3253 18.8582 -9.1419 -4.2158 4.8468 -1.6063 -2.7714 2.4999 -0.2986 -2.8799 0.9631 1.1233 -1.0622 
28.3915 18.6530 -7.9775 -3.3669 5.0360 -1.4729 -2.9423 2.0487 -0.2590 -2.5096 0.7999 0.4358 -1.7475 
26.3390 17.3321 -7.5410 -3.5723 4.5073 -0.6406 -1.5543 2.6608 -0.0642 -2.5038 0.2525 -0.1522 -1.6925 
26.5204 17.8421 -6.9406 -3.5937 3.8745 -1.3632 -2.2096 2.1272 -0.2532 -2.3961 0.3771 -0.1678 -2.0134 
25.2815 16.7433 -6.9994 -3.4453 3.6261 -1.7324 -2.1359 2.8972 0.8818 -1.5091 0.9253 0.3790 -1.5719 
25.9419 17.5164 -6.5280 -3.1082 4.1121 -1.0665 -1.7344 2.6917 0.4968 -1.6490 0.5872 -0.3374 -1.7383 
25.4536 17.0160 -6.5327 -2.7302 4.3813 -0.9835 -1.4692 3.0429 0.5534 -1.5740 1.1931 0.3817 -1.6677 
25.1215 16.7551 -6.5956 -3.0286 3.8029 -1.4962 -1.8378 2.6426 0.1406 -1.8601 0.9714 0.0625 -2.0510 
24.0475 15.5346 -7.2408 -3.2123 3.8795 -1.4875 -2.1163 2.3122 0.0191 -1.7986 1.2951 0.6680 -1.6514 
24.1693 15.8858 -6.5967 -2.6370 4.0234 -1.5580 -2.0661 2.3132 -0.1420 -1.7710 1.5334 0.6826 -1.7172 
24.3938 16.0795 -6.3825 -2.1280 4.4796 -1.4129 -1.7883 2.7980 -0.1731 -2.4573 1.0910 1.0229 -1.0953 
24.1336 15.9953 -6.4986 -2.9007 3.8108 -1.3129 -1.7273 2.4508 -0.0761 -1.8462 1.2628 0.5840 -1.4926 
23.9898 15.4802 -6.9963 -2.4735 4.7254 -0.8727 -1.6068 2.5663 -0.4338 -2.7550 0.5234 0.2609 -1.8879 
23.5255 15.2200 -6.7175 -2.1657 4.8900 -0.8050 -1.6494 2.7564 0.2387 -2.1106 0.8444 0.8244 -0.9860 
23.4483 15.3903 -6.2616 -1.9518 4.7308 -1.1294 -2.0911 2.2165 -0.2302 -2.3018 0.9631 0.9256 -1.1738 
24.6246 16.4533 -6.2621 -2.5364 4.0683 -1.4794 -1.8313 2.9415 0.6427 -1.4697 1.3760 0.7063 -1.4607 
23.7740 15.6803 -6.4068 -2.6014 3.8681 -1.6453 -2.0585 2.5198 0.2213 -1.8013 0.9565 0.2189 -1.8689 
24.3053 15.7647 -6.9610 -2.5338 4.4027 -1.7818 -2.5676 2.5592 0.3476 -2.1405 0.9599 0.9413 -1.4363 
24.5973 16.3175 -6.4461 -2.5683 4.0342 -1.7645 -2.1833 2.7284 0.2953 -2.1427 0.7347 0.3942 -1.6235 
24.3668 16.2462 -6.3153 -2.5827 4.1991 -1.2065 -1.7542 2.8718 0.5709 -1.8045 0.8635 0.6218 -1.1244 
23.7231 15.9263 -5.8193 -2.1707 4.2171 -1.0875 -1.6797 2.2821 -0.3090 -2.1127 0.9306 0.3602 -1.6243 
23.2875 15.0574 -6.7129 -2.4622 4.1302 -1.5415 -2.0516 2.3792 -0.1822 -2.1896 0.8432 0.1730 -1.9049 
22.6469 14.4425 -7.2010 -3.3590 3.1997 -2.1801 -2.7720 1.7144 -0.3806 -2.3535 0.4818 0.2225 -1.6223 
23.6644 15.4885 -6.7240 -2.9112 3.9194 -1.2956 -1.8464 2.5389 0.2050 -2.0111 0.5954 0.2152 -1.4651 
23.9100 15.8312 -6.4056 -2.6884 3.9369 -1.4614 -1.9781 2.5947 0.4594 -1.4976 1.1819 0.2333 -2.1390 
23.6893 15.7294 -6.2278 -2.3352 4.6503 -0.5822 -1.6187 2.3454 0.1045 -1.7509 1.1308 0.5867 -1.6704 
23.6302 15.5262 -6.6219 -3.0552 3.3785 -1.9407 -2.3738 1.9458 -0.5132 -2.6627 -0.1277 -0.8068 -2.3501 
23.6099 15.4236 -6.6539 -2.6461 4.1544 -1.2466 -1.9100 2.3102 -0.2158 -2.2868 0.6017 0.1576 -1.4589 
23.5286 15.0961 -7.0898 -2.7137 4.2086 -1.7216 -2.8277 1.6526 -0.2754 -2.0442 0.8018 0.3490 -1.2437 
23.6182 15.4815 -6.5615 -2.5256 4.3535 -1.2249 -2.3121 1.9155 -0.1158 -1.9733 0.7956 0.3902 -1.3651 
24.2465 16.0225 -6.3532 -2.2455 4.2631 -1.9351 -2.7237 2.3004 0.2917 -2.0851 0.4511 0.0832 -1.4347 
23.4261 15.1341 -7.1275 -3.4650 3.1175 -2.1000 -2.2315 2.4577 -0.0089 -2.1946 0.6883 -0.0906 -2.5651 
23.1774 14.6090 -7.5996 -3.1990 3.9161 -1.7893 -2.6527 2.0759 -0.0790 -2.5135 0.1268 -0.1554 -2.1493 
23.0465 14.7045 -7.3399 -3.3701 3.5747 -1.6794 -2.3362 2.1114 -0.0163 -1.9705 0.8794 0.4526 -1.3648 
23.6087 15.1417 -7.4190 -3.4627 3.7345 -1.3741 -1.8746 2.7442 0.5112 -1.8258 0.6758 0.1207 -1.6439 
23.6828 15.6127 -6.3809 -2.3751 4.4047 -1.2400 -2.2126 2.2780 0.3320 -1.8179 0.5120 -0.1204 -1.7136 
23.4900 15.4718 -6.5568 -3.1355 3.1798 -2.1335 -2.6172 1.7296 -0.4757 -2.3756 0.2690 -0.3854 -2.1343 
22.7658 14.1205 -7.8420 -3.4396 3.1689 -2.8808 -3.5064 1.4627 -0.5560 -2.5912 0.1631 -0.6307 -2.7841 
23.6584 15.3138 -6.9070 -2.7854 3.9070 -1.8795 -2.7240 1.6527 -0.5178 -2.2164 0.7246 -0.0444 -2.0756 
23.2360 15.4772 -6.0448 -2.6841 3.3157 -1.9730 -2.1456 2.4791 0.4291 -1.4928 0.8697 -0.1690 -2.1140 
22.6615 15.1224 -5.7585 -2.2903 3.6826 -1.5665 -1.9286 2.4108 0.2856 -1.4775 1.1302 0.0688 -2.1536 
22.4105 14.6435 -6.4114 -2.8768 3.2846 -1.9635 -2.2917 2.4763 0.6625 -1.4604 0.9151 0.4802 -1.3523 
23.0227 15.0553 -6.7737 -3.5410 2.7346 -2.3402 -2.5385 2.1745 0.0691 -2.2819 0.0293 -0.4808 -2.1545 
23.1732 15.1464 -6.7314 -3.2412 3.2793 -1.7465 -2.0488 2.3897 0.1411 -1.9125 0.6473 -0.1235 -2.0073 
22.7085 15.0104 -6.1100 -2.6176 3.4524 -1.8417 -2.2008 2.3405 0.3225 -1.7093 0.5965 -0.2806 -2.0836 
23.4625 15.4949 -6.1181 -2.0207 4.4075 -1.5773 -2.6978 1.4857 -0.6391 -2.1556 0.9994 0.1745 -2.2144 
22.8188 14.9008 -6.4043 -2.5384 3.7744 -1.8107 -2.4789 1.9938 -0.0339 -1.9108 0.8786 0.5431 -1.0991 
23.0700 15.1986 -6.5182 -3.1091 3.4805 -1.6290 -2.4659 1.7453 -0.1976 -2.1490 0.4843 0.2635 -1.3940 
22.9163 14.6715 -7.1853 -3.2497 3.4945 -2.0437 -2.6750 2.3724 0.5378 -2.0934 0.2600 0.3244 -1.2957 
22.5385 14.9197 -6.0524 -2.5519 3.6873 -1.5106 -2.2535 1.8280 -0.2509 -2.1153 0.4328 -0.1251 -1.7337 
22.5978 14.5865 -6.9289 -3.3778 3.2717 -1.2769 -1.3254 2.8173 0.3178 -1.6416 1.0201 0.4093 -1.2076 
22.8836 14.9101 -6.6542 -3.0640 3.4953 -1.1976 -1.4202 2.3739 -0.2025 -1.6297 1.3226 0.1759 -1.8684 
22.8960 14.9250 -6.6697 -3.1589 3.0431 -2.3984 -2.8856 1.7221 -0.2921 -2.3680 0.1185 -0.5356 -2.5144 
22.3967 14.5094 -6.6402 -2.8964 3.6142 -1.4897 -2.0846 2.1061 -0.0112 -1.7386 1.1009 0.4841 -1.5409 
22.7698 15.1476 -5.8960 -2.3848 3.6748 -1.6256 -2.0199 2.4067 0.2394 -1.7233 1.0282 0.5357 -1.4836 
22.6659 14.7616 -6.3073 -2.1504 4.3374 -1.1732 -1.8241 2.4668 0.0880 -1.9713 0.8480 0.3621 -1.6516 
22.3210 15.2296 -5.1663 -2.1607 3.6792 -1.3001 -1.9479 2.1805 0.3172 -1.6413 0.6989 0.2046 -1.6337 
