18.5228 0.3378 -0.1919 -1.3966 -0.2162 0.0271 0.0430 -0.5478 -1.1368 -1.3819 -1.0085 -0.4881 0.1616 
20.6517 1.8648 -0.8458 -0.1917 -0.8914 -1.7493 0.7743 -1.0191 0.3733 -0.9431 -0.4668 0.0782 -0.1766 
19.6307 1.3006 -1.3256 0.5719 -0.2775 -1.3322 -0.3773 -1.7398 0.6532 -0.0380 0.2025 -0.4410 -0.5024 
18.2812 -1.4452 -2.3122 -1.2169 0.1578 -0.5443 -0.0155 -0.6948 0.1188 -0.6136 -0.5707 -0.0333 -0.3692 
17.5171 -0.9113 -0.6394 -0.9610 -1.7264 -0.3838 0.6097 -1.6169 -0.6656 0.7001 -0.2942 -0.2050 0.0355 
18.0661 0.1763 0.0513 -2.1646 -1.0061 -0.4532 -0.7102 -1.9166 -0.6348 -0.1170 -0.4710 -0.8001 -0.1556 
18.0240 2.5490 -0.1484 -0.9023 -1.7792 -0.4377 0.3597 -0.8886 -0.2260 -0.3189 -0.6308 0.0945 -0.4141 
18.1766 0.8046 -0.5389 -0.9262 -1.8910 0.4047 0.6471 -0.8855 0.2810 -0.0973 -0.2093 -0.6904 -0.1899 
16.9017 -0.0055 0.5643 0.0556 -0.9469 -1.8053 -0.7440 -1.2556 0.2552 -0.2991 -0.5856 0.1961 0.4014 
19.6165 0.6706 -0.4320 -0.2801 -0.5679 -0.3165 -0.1159 -0.8543 -0.4196 0.3911 -0.4408 -0.5066 -0.1043 
18.1841 0.5986 -1.8950 -0.4987 -1.0652 -1.2644 -0.3696 -0.1852 -0.3435 -0.2049 -0.3879 -0.0560 0.3133 
18.4635 2.0458 -0.9665 -1.0428 -1.4523 -0.7413 -0.0568 -0.5273 -0.5376 0.1707 0.2137 -0.4203 -0.2208 
17.5419 0.5711 -0.5950 -0.8022 -0.2664 0.0245 0.3101 -1.2785 0.4148 0.5400 -0.2619 -0.3749 -0.5741 
16.4579 0.9645 -0.3333 -0.5453 -1.0700 -1.8505 -0.7028 -0.0128 0.5216 -0.3001 -0.5484 -0.0796 0.5414 
18.3669 2.3449 -1.2454 -1.2721 -0.7140 -1.1319 -0.5036 -1.0902 -0.5229 0.0310 -0.1365 -0.3613 -0.2205 
19.4314 1.4170 -1.1713 -0.9861 0.4295 -0.6197 0.0018 -0.2695 -0.6221 -0.1536 -0.4748 -0.1677 0.1845 
18.3519 0.6697 -0.5740 -0.9412 -1.3997 -0.7774 0.3212 -0.9760 -0.3987 -0.2221 -0.2812 -0.0645 -0.0770 
17.0863 0.8948 -0.2179 -0.2349 -1.5190 -2.6457 -0.6030 -0.4312 -0.9740 0.5236 -1.2021 -0.2263 0.0061 
18.7176 1.0554 -0.9521 -1.3578 -0.3989 -2.0927 -0.8539 -0.6508 -0.2979 0.1885 -1.2935 -0.3537 0.4603 
19.1387 1.3192 -0.2046 -0.6049 -1.2965 -0.6087 0.3019 -0.3011 0.1390 -0.5868 -0.5413 -0.6144 0.3916 
18.9103 1.9322 0.2209 -0.9453 -0.8586 -0.9995 -0.6951 -0.5990 -0.1243 0.1452 -0.1929 -0.8669 -0.0992 
18.6431 2.0760 0.1200 -0.7179 -1.2772 0.2825 -1.3238 -1.0704 -0.5506 -0.1914 -0.1453 -0.3408 0.1630 
18.3997 0.3571 0.5809 -0.3093 -1.9542 -0.6091 -0.3084 -2.2337 -0.1517 -0.4298 -0.5501 0.1368 0.5246 
17.9236 0.2689 -1.4268 -1.1185 -1.9468 -0.9590 -0.8731 -1.8172 0.1373 -1.0087 -0.5634 -0.8305 0.0233 
20.3597 0.2971 -0.9566 -0.9893 -1.2432 -0.2229 -0.7006 -0.6946 -0.2018 -0.0855 -0.1955 -0.1787 -0.1943 
17.6550 0.9680 -1.6585 -1.0827 -2.0565 0.6353 -0.2113 -1.1876 0.3894 -0.4787 -0.1335 -0.3508 0.7369 
18.4134 0.5796 -1.4074 -0.6723 -1.3781 0.3457 -0.8691 -1.1153 -0.2383 0.0096 0.0387 0.1968 -0.4775 
18.6127 2.3814 -0.7915 -0.4223 -0.7842 -0.4767 -0.7580 -0.5235 -0.5621 0.2868 -0.2988 -0.1556 0.2138 
17.5555 1.3608 0.0243 0.1242 -1.1948 -0.7387 -0.0953 0.2003 0.4173 -0.5417 -1.1275 -0.7035 0.8807 
18.6609 2.3210 -0.4448 -0.8913 -0.8540 -0.5099 -0.2128 -0.7301 0.1091 -0.1324 -0.3248 -0.1861 0.0003 
18.1354 1.2496 0.1190 -0.2782 -1.1598 -1.0348 -0.0104 -1.1639 -0.3387 -0.5048 -0.7839 -0.0788 0.0309 
18.0520 -0.2259 -0.6260 0.1132 -0.8864 0.2715 1.1764 -0.3484 0.2045 -0.2933 -0.8377 -0.4546 -0.0981 
17.7988 0.1658 -1.3379 -1.2138 -1.9207 -0.5252 -0.8378 -1.8607 0.0890 -0.5104 -0.1005 -0.1525 -0.2873 
17.8879 0.1072 0.2228 -1.3366 -0.9561 0.4627 -0.6460 -1.0236 1.0182 -0.3949 -0.1106 0.4596 0.1869 
16.9314 0.0820 0.0957 -0.0810 -0.4669 -0.2456 1.2465 -0.3182 -0.2492 -0.9731 -0.9940 -0.2544 -0.0897 
18.3869 1.0987 -0.0208 -1.8309 -0.9473 -1.2190 -0.3235 -1.1505 0.1151 -0.0349 -1.1251 -0.0996 0.1482 
17.8805 1.4656 -0.4333 -1.0254 -1.0111 -1.3795 -1.0616 -1.0774 -0.6059 0.0817 -0.5680 -0.4075 0.1837 
19.8746 1.1157 -1.4156 -0.8898 -0.2349 -0.8777 -0.6352 -0.7527 -0.1971 -0.4887 -0.5736 -0.2577 -0.1154 
18.9134 1.6112 -1.7357 -0.8286 -1.2645 0.0844 -0.0641 -0.4945 -0.1610 -0.1349 0.1117 -0.2633 -0.7216 
18.5201 0.1995 -1.3110 -1.4713 -0.2519 -0.7129 -0.1244 -0.9496 -0.2008 -0.0131 -1.3502 -0.1044 0.1623 
20.8670 0.1380 -0.5596 0.3681 -0.5317 -0.0811 0.0141 -0.0097 -0.6438 0.3193 -0.9083 -0.0277 -0.2109 
19.7283 1.7174 -0.4966 0.7258 -1.1108 -0.1419 -0.1705 -1.0321 0.0248 -0.6455 -0.3164 -0.0300 -0.1810 
19.4592 1.0228 -1.4786 -0.2099 -0.5786 -0.8560 -1.1905 -1.5681 -0.2679 -0.4676 -0.1825 0.0698 0.1162 
18.8854 1.4668 -0.2722 -0.2651 -1.2331 -0.7664 -0.4835 -0.7044 -0.1207 -0.4233 -0.2728 -0.0252 0.2990 
17.8720 0.8579 -0.6572 -0.8579 -0.1506 -0.9673 0.1561 -1.0566 -0.7649 -0.1191 -0.0362 0.0593 -0.5567 
19.1724 1.8875 -0.4187 -0.9937 -0.6292 -0.7484 -0.6399 -1.1540 0.1089 -0.1661 -0.0429 -0.3573 -0.0580 
18.5097 0.5028 -0.1885 -0.3042 -0.4605 -0.5704 -0.2831 -0.8591 0.0774 -0.0404 -0.7595 -0.2809 -0.2281 
18.8082 0.7754 -3.1361 -1.1929 0.1662 -0.6803 0.0194 0.0634 0.1777 -0.1894 -0.0575 -0.7510 -0.2194 
17.9887 0.2140 -2.1681 -0.0523 -1.3775 -1.5184 0.4052 -0.4806 0.8290 -0.6115 -0.4115 0.1267 0.2403 
18.2535 0.3591 -1.4503 -0.6296 -1.8501 -0.2709 0.5408 -0.1678 -0.3954 -0.3271 -0.1635 0.0628 -0.1573 
20.5470 -0.9971 -0.7585 -2.2685 -0.3403 -0.5972 -0.2405 -0.0631 -0.5395 0.2650 -0.5360 -0.0964 -0.2880 
20.6014 1.4735 0.2718 -2.0574 -1.0600 -1.1648 -0.4213 -0.7620 0.4256 0.1889 -0.2014 0.4618 -0.6661 
18.6856 1.0342 -0.9875 0.1183 -0.6103 0.4757 0.9059 -1.1835 0.4930 -0.3493 -0.1341 0.1407 -0.6116 
18.6574 1.3444 -0.0141 -0.6730 -0.6404 -0.3987 -0.5599 -0.8681 0.4361 -1.1188 -0.6492 0.0424 -0.1684 
19.2343 1.7750 -0.3660 0.9211 -0.8593 -1.0232 -1.0972 -0.3766 0.7368 -0.7257 -1.5627 -0.3493 1.0905 
20.5828 3.0266 -0.1791 -0.8941 -0.1583 0.0872 -0.5337 -1.4865 0.0761 -0.5807 -0.3857 0.1075 0.1589 
19.2298 0.9205 -0.1628 0.0914 -0.6173 -0.9757 0.4381 -0.6100 0.1163 -1.1036 -0.6461 -0.4637 0.1000 
17.0105 0.1700 -0.8769 -0.4280 -1.2417 0.7739 -0.3804 -0.4996 -0.2735 0.0356 -0.3290 -0.0393 -0.0020 
16.4885 -0.5876 -0.2602 -0.0290 -1.0440 -0.8340 0.2429 -0.5373 -0.0450 -0.7270 -0.3617 0.0284 0.4614 
16.8065 0.7463 -1.5780 -0.8863 -0.9500 -0.1390 -1.8319 -1.1055 0.4949 -0.3896 0.1551 -0.3632 -0.6200 
18.1502 1.1153 -0.9936 -1.4491 -0.7499 -0.5257 -0.3137 -1.0509 0.4301 -0.4574 -0.3524 -0.0380 -0.1789 
18.4933 0.9652 -1.0799 -0.5681 -0.7145 -0.2829 -0.7440 -1.0446 -0.1996 -0.3417 0.3364 -0.2582 -0.3152 
19.4504 0.7540 -1.4191 0.0798 -0.8906 -0.8221 -0.4734 -1.3595 -0.5746 -0.2569 -0.6499 -0.4375 0.2630 
18.6023 2.1415 -0.5566 -0.4761 -0.8856 -0.4911 -1.0540 -0.3513 0.1302 -0.3575 -1.2946 -0.0498 -0.1918 
18.8884 2.2090 -0.5506 -0.2574 -0.1265 -0.1027 -0.3930 -0.5292 -0.1018 -0.6055 -0.3499 -0.0607 -0.1395 
17.5369 0.6602 0.0830 0.2075 -0.4922 -0.2737 -1.2796 -1.1209 0.1112 -0.5725 -0.9828 -0.4743 0.0884 
17.9807 1.2712 -0.4076 -1.1531 0.2243 -0.6175 -0.6664 -1.4154 -0.2891 0.4985 -0.8325 0.1224 0.3221 
17.7763 -0.6723 -0.9963 -0.0124 -1.1585 -1.3413 -1.1732 -1.1638 -0.0721 -0.2828 -0.8562 -0.3115 0.2483 
18.4690 -0.3209 -1.7308 -1.1734 -1.5252 -1.1333 -0.4161 -0.9059 0.2931 -0.3204 -0.6783 -0.3285 0.0567 
16.6950 -0.7802 -0.9184 -1.7106 -1.9436 -1.9062 -0.2663 0.3453 0.0362 -0.3198 -1.0629 -0.3286 -0.3068 
16.9479 2.0622 0.1085 -1.4151 -2.3193 -0.1328 -0.3850 -0.8909 0.6103 0.0322 -0.7381 -0.0322 -0.0184 
17.8726 0.7246 -0.8234 -0.3479 -1.3733 -0.9731 -0.4814 -0.0755 -0.2070 -0.5209 -0.9068 -0.2040 -0.1985 
18.5361 0.6123 -1.2184 -1.5856 -0.8678 -0.2133 -0.3856 -0.8782 0.2723 -0.6275 -0.3454 -0.3610 0.0916 
18.5454 0.6007 -1.7372 -0.9449 -0.1228 -0.3325 -0.3214 -1.1041 -0.2400 0.1593 -0.7543 -0.4144 -0.0072 
17.3049 1.0857 -0.5211 -0.8151 -2.2271 -1.4380 -0.9345 -0.5178 -0.2253 -0.2937 -0.0336 -0.2762 -0.6798 
17.4454 0.5164 -0.4633 -1.2738 -1.7483 -0.3233 0.5608 -0.2981 -0.4512 -0.6025 -0.5461 -0.5904 0.3271 
17.3318 0.8636 -1.0965 -0.8249 -0.2941 -0.1815 0.0687 -2.1859 -0.5039 0.7962 -0.6104 -0.2335 0.1700 
17.7182 0.6281 -1.3664 -1.5862 -0.9167 -0.4853 -0.0762 -1.0270 -0.0841 0.3223 0.0429 -0.3596 -0.2225 
18.4274 -0.4945 -1.3544 -0.7300 -0.6682 -0.5760 0.1638 -0.6027 0.0334 -0.0615 -0.3746 -0.7330 -0.9028 
21.5532 1.0486 -1.0457 -1.1656 -0.6593 -0.6341 -0.6220 -0.0297 -1.0346 0.2134 -0.2657 0.0766 0.0874 
32.3576 0.1939 -2.3134 -1.6947 -0.6074 -1.3414 -0.1141 -0.2980 -0.2182 0.2278 -0.1380 -0.2371 -0.0165 
35.8246 -1.6366 -2.4319 -1.6384 -1.7032 -1.6365 -0.3170 -0.6036 -1.3023 -0.8577 -0.0550 0.1592 -0.2397 
36.8984 -2.5161 -2.0475 -0.2763 -0.2231 -0.5594 0.5435 -0.0346 -0.9330 -0.7352 -1.2412 -0.2488 0.3096 
37.3849 -2.8895 -2.0973 -0.8179 -1.1250 -1.3536 0.0539 -0.3712 -0.3082 -0.8161 -0.6759 0.0083 0.0144 
37.1569 -3.8860 -2.2446 -0.6562 -0.8690 -0.4808 0.3739 -0.2694 -0.8541 -1.0458 -1.0921 -0.6240 0.1714 
36.0687 -4.0671 -2.2744 -1.0183 -1.1115 0.3061 0.2964 -0.9333 -0.7129 -1.4759 -1.5518 -1.1400 0.8495 
36.7468 -3.0169 -2.3106 -0.8168 -0.9136 -0.4287 0.2742 -0.4962 -0.1423 -0.8388 -0.4926 -0.8608 0.1633 
36.9621 -3.3129 -2.4361 -1.7389 -0.8061 -1.5077 0.1437 -0.5910 -0.0825 -0.9064 -0.5641 -0.5255 -0.2846 
36.8859 -3.6517 -2.6395 -0.9217 -0.9310 -1.1886 0.7549 -1.1395 0.0821 -1.2819 -0.5563 -0.8901 -0.2866 
36.6522 -4.0509 -1.7411 -0.3850 0.0690 -0.7762 0.3468 -1.0641 -0.7610 -1.0899 -0.7997 -1.0361 0.3696 
37.0970 -3.7456 -1.4506 -0.7379 -0.6365 -0.9039 0.6254 -0.9949 -0.1903 -0.9430 -0.4164 -0.7540 -0.0630 
37.5822 -3.6915 -1.3963 -0.9710 -1.1259 -1.1357 0.6072 -0.7297 0.0243 -0.7844 -0.1811 -0.6162 -0.1032 
37.8431 -3.4619 -1.4472 -1.0266 -1.0034 -1.1646 1.1047 -0.6809 0.1397 -0.3376 -0.3919 -0.2660 -0.1572 
37.2507 -3.2854 -1.9170 -1.1434 -1.5007 -1.3063 0.8817 -1.0271 0.0728 -0.6009 -0.3368 -0.7864 -0.5722 
37.1201 -2.8200 -1.7526 -0.5096 -1.6308 -0.9331 0.7242 -0.6894 -0.2210 -0.2775 -0.6605 -0.4075 -0.6778 
37.3703 -2.9123 -1.4386 -0.8630 -1.4675 -0.7675 0.5006 -0.3503 0.0189 -0.6332 -0.8073 -0.2890 -0.5897 
37.6451 -2.6440 -1.5494 -0.9864 -1.2784 -0.9238 0.4871 -0.5253 0.1723 -0.6215 -0.6462 -0.0678 -0.5553 
37.0752 -3.2468 -2.5056 -1.2691 -2.3330 -1.1683 0.0674 -0.8105 -0.4184 -0.8027 -1.1203 -0.3961 -0.9178 
37.8186 -3.1719 -1.5221 -0.9281 -1.8507 -0.6379 0.7054 -0.4204 0.0499 -0.3543 -0.6133 -0.1563 -0.6159 
37.1780 -2.9613 -1.7002 -0.8234 -1.8032 -0.4697 0.6450 -0.6343 0.1022 -0.3519 -0.6756 -0.2945 -0.7023 
37.1461 -2.6296 -1.7229 -0.2718 -1.6660 -0.5209 0.5329 -0.6919 0.2600 -0.3686 -0.5461 -0.1826 -0.6026 
36.9420 -2.5402 -2.3029 -0.7208 -1.8238 -0.6396 0.6230 -0.8014 0.2338 -0.6686 -0.7049 -0.2499 -0.7063 
37.2792 -2.6437 -2.3120 -0.6581 -1.7930 -0.7789 0.6479 -0.5846 0.2519 -0.5068 -0.7001 -0.0610 -0.7665 
37.4522 -2.6095 -2.5556 -0.3218 -2.0041 -0.6038 0.5628 -0.2949 -0.0194 -0.2404 -0.6000 -0.1065 -0.4605 
37.2024 -2.8198 -2.7932 -0.1342 -1.9911 -0.8085 0.7683 -0.3278 -0.2683 -0.4899 -0.5011 -0.5836 -0.4614 
36.8410 -2.6685 -3.0778 0.0327 -1.6538 -1.1222 0.7007 -0.6102 -0.2702 -0.6798 -0.4303 -0.8567 -0.3230 
36.4188 -2.3905 -3.5238 -0.2884 -1.0975 -1.5859 0.8861 -0.4007 -0.3492 -0.5654 -0.5955 -0.8500 -0.2758 
36.0762 -1.8851 -3.8647 -0.2811 -0.7468 -1.2935 0.9174 -0.1104 0.2578 -0.1736 -0.5112 -0.0674 0.4730 
36.0261 -2.0236 -4.1684 -0.2037 -0.6413 -1.3861 -0.0941 -0.2162 -0.4642 -0.3081 -0.8211 0.2336 -0.3317 
35.2324 -1.8296 -4.0669 -0.3180 -0.1002 -1.3116 -0.8026 -0.6532 -0.5014 -1.4261 -0.4381 -0.0930 -0.6966 
35.4601 -0.7451 -3.7095 -0.1777 -0.3141 -1.6019 -0.8229 0.5501 -0.4674 -1.3227 -0.5987 -0.2246 0.0211 
34.1248 0.8195 -3.9636 -1.1939 0.1332 -1.7950 -0.7017 0.1514 -0.2035 -1.7730 -0.2116 -0.1557 -0.2921 
34.6134 -0.3099 -3.6128 -0.1367 -0.7163 -2.0379 -0.5314 -0.0244 -0.2914 -1.4604 -1.0879 -0.2538 0.3231 
34.4642 -0.1649 -3.5887 -1.1341 -0.5855 -1.2284 -1.2814 -0.6853 -0.5075 -0.6061 -0.8899 0.0557 0.5561 
34.8515 -0.2943 -3.9061 -0.9630 -1.2163 -1.3629 -1.1945 -0.4632 -0.6989 -1.1533 -0.6486 0.1066 -0.0174 
32.8451 0.8900 -3.6999 -1.6965 -1.1801 -1.6591 -1.4670 -1.0307 -0.1643 -1.5719 -1.1671 -0.3986 0.5285 
31.5686 0.8997 -3.2114 -1.0180 0.0520 -2.2039 -0.7874 -1.0675 -1.2444 -0.1851 -0.6435 -0.1724 0.3759 
29.9071 1.5817 -2.7208 -0.8115 0.2031 -2.2378 -0.7283 -0.6472 -1.4798 0.3626 -0.1229 -0.4610 0.3033 
28.9750 -0.7759 -3.0395 0.0463 -0.0110 -1.4456 -0.5296 -0.3137 -0.4204 -0.0148 -0.3922 0.0570 0.4538 
28.2291 -0.4328 -3.9953 -0.3681 0.3828 -1.9638 0.4588 -0.0820 -0.4780 -0.3495 -0.5608 0.0316 0.0958 
27.6301 -0.0180 -4.2014 -0.7258 -0.9480 -1.5819 -0.9459 -0.8626 -0.0205 -0.3290 -0.5251 0.3885 -0.1314 
26.0572 0.3005 -3.8541 -0.3274 -1.2163 -0.5705 -0.3049 -0.6436 -0.5534 -0.8187 -0.8470 -0.7423 0.3946 
25.9372 0.4683 -1.8749 -0.2666 -1.2944 -0.6801 0.0233 0.0972 -1.0090 -0.5024 -0.2851 -0.2544 0.0066 
25.0813 -0.4833 -2.2767 -0.4355 -1.1267 -0.2083 0.0706 -1.3459 -0.3758 -0.0449 -0.5108 -0.7867 -0.2140 
25.1567 -1.1377 -4.0108 0.0430 -0.9213 -1.4882 -0.7813 -1.4151 -0.6134 -0.8576 -0.6859 -0.7047 -0.2249 
24.9425 -1.4980 -1.2697 -0.4345 -1.0555 -0.6145 -0.9529 -0.0166 0.1646 -0.4614 -1.1914 0.2731 0.4759 
24.5213 -1.8667 -2.7014 -1.2778 -0.5618 -0.8208 -0.0361 -0.7394 1.2608 -0.0379 0.3660 0.1045 -0.5582 
22.5725 -2.0315 -2.6443 -0.6641 -0.5563 -0.6616 -0.1306 0.0314 0.1384 0.2865 0.1282 0.5294 0.2426 
23.7301 0.4696 -1.8992 -1.0109 -0.5624 -1.3642 -0.5306 -0.2278 -0.0223 -0.2292 -1.2632 -0.2462 0.1382 
22.6516 0.6712 -0.9059 -0.5781 -1.2220 -1.6769 0.3298 -0.4709 -0.4431 -0.4549 -0.6519 -0.2997 -0.3794 
22.1499 0.8351 -0.2919 -0.7189 -1.1950 -0.0476 -0.5935 -1.5138 -0.2156 -0.2422 -0.2301 -0.0969 -0.2097 
23.1641 0.1030 -1.4867 -0.8303 -1.7469 -1.3867 -0.0536 -0.1046 -0.1473 -0.8174 0.1139 -0.2381 0.1727 
21.0938 -0.2982 -0.7102 0.2923 -1.0998 -1.0389 -1.0978 -0.4365 0.5328 -0.5689 -1.3676 -0.4960 0.8380 
21.8287 0.0257 0.1761 -0.1390 -0.7229 -1.1123 -0.8579 -0.8591 -0.3693 -0.3853 -0.5011 -0.0841 -0.1237 
22.4882 0.3789 -0.1743 -1.2448 -0.5750 -0.2828 -0.0551 -1.1784 0.3755 -0.0430 -0.8824 -0.3853 -0.2232 
22.2776 0.1676 -1.3318 -1.0684 -1.2419 -0.6540 -1.3983 -0.8792 -0.1331 -0.0936 -0.2721 -0.0520 0.2102 
21.1029 -0.1816 -2.0408 -0.2942 -1.8820 -0.9699 -0.3499 0.3055 0.3160 -0.0733 -0.4480 -0.5654 0.4183 
21.8624 -0.8537 0.0759 0.4757 -0.9685 -0.5797 -0.0913 -0.7040 -0.9036 -0.5447 0.8053 0.1963 -0.1387 
21.9027 -0.3683 -1.3620 -0.8473 -1.2235 -1.7827 0.0989 -1.1943 -0.1108 0.1102 -0.8091 -0.3212 0.4340 
22.0139 0.0916 -0.8563 -1.5114 -1.4280 -0.4137 -0.6162 -0.6160 0.1517 -0.5246 -0.7522 -0.2006 0.1256 
21.0638 -0.6347 -0.8346 -1.3324 -0.9745 -1.2743 -1.9509 -0.4169 -0.9008 -0.6236 -0.6738 -0.2650 0.2282 
21.3673 -0.0228 0.2392 0.3550 -0.1768 -1.1084 -1.0927 0.2386 -0.1902 -0.7597 -0.4936 -0.4801 0.4856 
20.5578 -0.2726 -0.0667 -0.8929 -1.2275 -0.7797 0.6708 -0.6535 0.6832 -0.1746 -0.6040 -0.3178 -0.3312 
21.6338 0.9182 -0.5987 -1.2085 -1.5260 -0.8837 -0.2657 -0.7797 -0.1195 -0.2005 -0.3726 0.1823 -0.5470 
21.8625 0.4334 -1.3126 -0.9547 -1.5858 0.2287 0.0214 -0.8646 -0.9817 -0.2571 -0.5294 -0.3222 -0.1921 
21.5387 0.8654 -0.1542 -1.0231 -1.0424 -1.0582 -0.2458 -0.8151 -0.2196 -0.7048 -0.4813 -0.4166 -0.4560 
22.1971 2.1489 -0.2820 -0.5160 -0.9273 -1.3192 -0.8612 0.0131 -0.1950 -0.3531 -0.1488 -0.4672 -0.1179 
22.1420 0.8280 -1.0285 -0.9752 -1.1245 -0.1962 -0.7525 -0.9573 -0.3557 -0.4862 -0.2830 0.0560 -0.1436 
21.0254 0.2035 -1.2117 -1.4525 -1.1320 -0.2521 1.0871 0.0829 -0.4867 -0.0616 -0.4030 0.0451 -0.4100 
20.5216 -0.3673 -1.6211 -1.0249 -1.9266 -1.4160 0.8933 0.2088 1.2945 0.4950 -0.9463 0.4059 0.5796 
20.4987 -0.1181 -1.4503 -1.4600 -1.0926 0.5205 0.0266 -0.8881 0.5125 -0.0855 0.2677 -0.6380 -0.5305 
20.4056 0.3904 -1.2559 -1.7973 -1.0033 -0.0259 -0.5654 -1.7376 0.8212 -0.3662 -0.6236 -0.4392 -0.3269 
21.7381 1.5594 -0.3187 -0.9767 -0.2284 -0.8795 -0.8720 -0.4743 -0.0591 -0.3342 -0.0980 -0.5423 0.0032 
21.7079 1.2174 -0.5815 -1.1121 -0.8150 -0.8377 0.3205 -0.6299 0.1142 -0.7697 -0.2360 -0.5011 0.3571 
20.9532 0.5206 -0.5563 -1.2900 -1.8072 -1.8246 -0.3697 0.0197 0.2215 -0.8054 -0.1851 -0.5114 0.0399 
20.9346 1.0774 -0.4690 -1.7425 -1.0808 -0.1055 -0.5147 -0.8279 0.2403 -0.1705 -0.0298 -0.4646 -0.1202 
22.0871 -0.3011 -2.1397 -1.0487 -2.1110 -0.6440 0.1069 -0.2865 -0.3811 -0.4140 -0.4768 -0.3668 -0.0793 
19.6074 -0.3429 -1.2801 -0.6069 -0.8891 0.8966 0.2836 -0.4432 -0.8072 -0.4870 -0.3752 0.4059 -0.3069 
20.5608 -0.4707 -1.9039 -1.8720 -1.4955 -0.3266 -0.0466 -1.1111 0.3020 0.6207 -0.0870 -0.3096 0.1416 
20.2159 0.7232 -1.1190 0.4406 -1.2285 0.2056 -0.8776 -1.2090 0.0077 0.5857 -0.4539 -0.0394 -0.3938 
20.4387 1.5082 0.2758 0.5533 -1.4279 -1.5212 -0.5787 -0.3022 0.6392 0.1507 -0.6827 -0.4620 0.2836 
20.2775 0.1526 -0.2340 -1.1078 -2.2985 -1.6329 -0.7165 -0.1305 -0.2022 -0.2576 -0.5035 -0.7491 -0.2528 
20.9542 -0.2934 -0.8879 -0.2464 -1.5903 -1.3542 -0.9225 -0.5196 -0.6226 -0.8381 -0.1079 -0.3830 -0.0932 
21.2079 -0.4240 -0.6765 -0.3617 -1.5049 -0.4894 -0.1916 -1.1844 -0.7905 0.5122 0.0554 -0.3160 0.0760 
21.3894 0.8118 -0.8150 -0.8191 -2.0614 -0.5037 -0.2884 -0.8304 -0.5159 -0.0446 -0.3997 0.0085 -0.0349 
21.1388 1.7785 -1.3224 -0.6747 -0.8734 -0.9501 -0.2641 -0.8432 -0.2375 0.3502 -0.5195 0.0277 -0.3943 
20.8607 0.9318 -1.0503 -1.0885 -1.7600 -0.8260 -0.5314 -0.7168 -0.0893 -0.3276 0.0463 -0.2559 0.1747 
20.6713 0.7728 -0.5458 -0.2131 -0.8554 -0.6681 -0.2570 -1.2972 -0.7659 -0.3105 0.2249 0.2306 -0.3761 
20.8315 0.3482 -0.8096 -0.9038 -1.7643 -0.7570 0.4116 -0.5120 0.0394 -0.0839 -0.0074 -0.4620 -0.8568 
20.4999 -0.3685 -1.0364 -0.8801 -1.4922 -1.0760 -1.1552 -1.2725 -0.0494 0.4596 -0.5393 -0.4100 -0.6757 
20.0303 -0.7788 -0.5270 0.5945 -0.7887 -0.3076 0.7915 -0.1453 -0.8211 -1.0699 -2.0079 -0.5034 0.9458 
20.9131 0.8537 -0.0803 -0.8159 -1.5560 -1.0814 0.0945 -1.4523 -0.0658 -0.5628 -0.3348 0.0820 0.2686 
19.8426 0.3019 -0.5619 -0.5121 -1.3479 -0.3632 -0.3313 0.7250 0.0984 0.3607 -0.6584 -0.6307 -0.8496 
21.2403 1.0869 -1.0427 -0.2988 -0.5410 -0.4616 -0.6571 -1.3101 -0.0199 -0.4816 -0.2215 0.1406 0.0645 
19.8710 0.2689 -1.2104 -1.7081 -1.3218 -1.2441 -1.0715 -1.7247 0.2335 -0.3492 -0.6311 -0.5490 -0.3981 
20.0480 0.0233 -0.4948 -0.1035 -0.4804 -0.6692 -0.9754 -0.3452 -0.4182 -0.1028 -0.3126 -0.8026 0.0172 
19.7266 1.5502 -1.2889 -1.2770 -0.5327 -0.9841 0.2501 0.0538 0.8374 0.1292 -0.1668 -0.8077 -0.1982 
19.9372 1.1118 -0.7775 -2.0268 -1.3632 -0.9239 -0.3892 -1.2097 -0.6793 -0.1697 -0.2468 -0.5888 -0.2701 
19.3422 0.4979 -0.2854 0.0490 -1.0126 0.0639 0.0212 -1.1825 -0.7627 -0.7598 -1.2781 -0.2237 0.1397 
19.8372 0.4287 -0.7010 -0.8838 -1.9147 -0.3928 -0.4143 -0.1110 0.2365 0.0313 -0.2827 0.1469 0.4767 
19.0460 0.8267 -0.5253 0.2744 -1.2788 0.6144 0.3237 -1.6064 -0.9759 -0.1126 0.0001 -0.1968 0.4596 
19.4946 1.5870 -0.6430 -1.1801 -0.3404 0.1882 0.2421 -0.4314 0.0173 -0.8379 -0.3418 -0.3124 -0.0260 
20.4434 1.6728 -1.0476 -0.3075 -1.1689 -0.2327 -0.6626 -0.2086 -0.1360 -0.4849 0.2201 -0.5213 -0.1168 
19.7961 0.5844 -0.0107 -1.5020 -1.1051 -0.6606 -0.0450 -1.0074 0.0649 0.2774 -0.4315 0.0617 -0.3396 
19.4822 1.3558 -0.3614 -1.2099 -1.5437 -0.7994 0.4124 -0.5732 -0.2954 -1.1574 -0.2635 -0.0208 -0.0448 
