-inf -inf -inf -inf -inf -inf -inf -inf -inf -inf -inf -inf -inf -inf -inf -inf -inf -inf -inf -inf -inf -inf -inf -inf -inf -inf -inf -inf -inf -inf -inf -inf -inf -inf -inf -inf -inf -inf -inf -inf 
-inf -inf -inf -inf -inf -inf -inf -inf -inf -inf -inf -inf -inf -inf -inf -inf -inf -inf -inf -inf -inf -inf -inf -inf -inf -inf -inf -inf -inf -inf -inf -inf -inf -inf -inf -inf -inf -inf -inf -inf 
-inf -inf -inf -inf -inf -inf -inf -inf -inf -inf -inf -inf -inf -inf -inf -inf -inf -inf -inf -inf -inf -inf -inf -inf -inf -inf -inf -inf -inf -inf -inf -inf -inf -inf -inf -inf -inf -inf -inf -inf 
-inf -inf -inf -inf -inf -inf -inf -inf -inf -inf -inf -inf -inf -inf -inf -inf -inf -inf -inf -inf -inf -inf -inf -inf -inf -inf -inf -inf -inf -inf -inf -inf -inf -inf -inf -inf -inf -inf -inf -inf 
1.1992 1.8022 2.0889 2.2305 2.3056 2.3730 2.5913 3.0713 3.6518 4.0510 4.2428 4.2134 3.9161 3.2227 2.0393 1.6925 3.0361 3.6863 4.0137 3.9600 3.3071 3.4486 3.7538 3.5718 2.9657 2.5775 2.9418 2.6386 2.5180 3.1966 2.5037 4.4186 5.3705 4.5549 5.1592 5.5267 5.5340 4.8553 3.3185 3.2468 
3.4459 4.6165 5.3653 5.6802 5.1535 5.5036 5.3312 5.0380 4.5163 4.9856 5.7042 5.3478 4.7232 5.2357 4.2859 4.3531 4.4676 4.1113 4.4228 5.3154 7.7436 7.4816 6.0718 4.4564 4.4096 5.2641 5.3772 4.7751 4.9348 5.9247 6.5290 6.3177 5.6479 5.3125 6.4462 7.5710 8.2434 7.8860 7.3569 7.0507 
3.3542 4.7277 5.4197 5.7938 5.9488 5.8149 5.4242 5.0260 4.5361 4.1673 4.0744 4.4878 4.2356 4.7167 4.7385 4.6063 5.0019 5.3142 5.8448 6.9126 7.6793 6.9074 5.7459 5.3809 5.4756 5.5722 5.2072 4.5773 5.1681 5.9666 6.2685 6.3829 6.0378 5.8397 6.6370 7.4673 7.2334 7.1151 6.5046 6.1808 
-inf -inf -inf -inf -inf -inf -inf -inf -inf -inf -inf -inf -inf -inf -inf -inf -inf -inf -inf -inf -inf -inf -inf -inf -inf -inf -inf -inf -inf -inf -inf -inf -inf -inf -inf -inf -inf -inf -inf -inf 
-inf -inf -inf -inf -inf -inf -inf -inf -inf -inf -inf -inf -inf -inf -inf -inf -inf -inf -inf -inf -inf -inf -inf -inf -inf -inf -inf -inf -inf -inf -inf -inf -inf -inf -inf -inf -inf -inf -inf -inf 
-inf -inf -inf -inf -inf -inf -inf -inf -inf -inf -inf -inf -inf -inf -inf -inf -inf -inf -inf -inf -inf -inf -inf -inf -inf -inf -inf -inf -inf -inf -inf -inf -inf -inf -inf -inf -inf -inf -inf -inf 
4.2445 5.4712 5.8044 4.4021 6.0272 5.9442 3.7253 4.8106 4.4111 4.6425 3.6331 3.7458 4.4299 5.1794 5.2498 5.0286 5.6370 5.5792 6.5372 6.6510 5.8467 4.9931 5.9691 5.9005 5.9359 5.3182 4.7594 4.9999 5.3181 5.9074 6.1527 5.3423 5.3611 5.4636 6.6326 7.4834 7.2054 7.9342 6.9694 6.8622 
4.5858 5.3611 5.9262 6.6630 6.2899 5.6483 5.5212 5.2474 6.7601 7.1631 6.3464 5.8498 5.5688 5.8220 5.5768 5.2415 5.8049 5.8646 5.7440 6.2867 6.0249 5.5488 5.6961 5.8302 4.7818 5.2664 5.4359 4.0531 4.6204 6.1260 6.1156 5.8723 5.5800 5.7474 7.1220 8.1388 6.9312 7.1806 7.7508 7.4916 
3.7721 6.4567 7.3413 7.3514 6.3258 5.3090 5.1788 5.5893 5.7331 6.2088 5.8325 6.5200 5.8384 5.7406 5.8135 5.8767 6.2898 5.7405 5.1607 5.4433 5.7226 4.9476 4.9300 5.7255 5.4335 5.3008 5.0689 5.0624 5.2349 5.1611 5.4374 5.7407 5.6079 5.0746 5.7134 5.9481 5.8296 5.8281 6.2723 5.9876 
4.9344 5.8605 6.1861 5.5985 6.1781 5.4497 5.4944 5.8117 6.5601 7.0032 4.8926 5.1826 6.1858 5.6916 5.3011 5.3406 6.1702 6.4501 7.3554 7.9777 7.0360 6.5649 6.8134 7.0365 7.2618 6.4770 6.2772 5.5590 5.9580 6.8094 6.8143 5.8887 5.7322 5.8511 6.5581 6.9303 6.6440 6.0538 6.4274 6.7932 
3.7987 5.1153 6.1076 6.2236 5.8555 5.9355 6.1303 6.5177 6.1871 6.3518 5.6888 5.5994 5.3566 5.9265 5.8145 5.0408 5.8133 6.0072 5.7282 5.7200 6.0952 6.0622 5.3851 5.5906 5.5318 5.1246 4.9806 4.9393 5.4378 5.4566 5.7381 5.3090 5.2080 5.5452 5.5080 5.9686 5.8633 6.1327 5.6213 5.5839 
4.4191 5.3850 6.6434 7.4090 7.8494 7.6132 6.4164 5.7390 5.6069 6.1023 5.8927 5.5507 5.1297 4.5893 4.2691 4.6628 5.1692 5.3915 6.4719 6.1957 5.5341 5.1930 5.6048 5.6996 5.4139 5.1228 5.0463 4.8388 4.8669 5.2277 5.2544 4.9633 5.2146 4.8034 5.3256 5.6954 5.5715 4.6818 4.4984 4.8903 
5.0454 6.5857 7.3424 7.3313 6.5070 6.3943 6.5313 5.9991 5.2956 5.8907 5.5335 4.6255 4.8477 5.2028 5.4771 4.8201 5.6155 5.5730 5.8448 5.9366 5.8006 5.3816 5.1994 5.0830 5.5109 5.2185 5.1558 4.6415 5.1231 4.9800 5.0376 5.1433 4.8914 5.0951 4.8484 5.1659 5.3388 5.0119 5.2731 5.1098 
4.6262 4.8451 5.8769 6.2519 6.2615 6.4552 6.6173 5.7502 6.0297 5.5229 4.9099 4.8859 5.5901 6.0063 5.7870 5.3818 5.3084 5.5787 5.5933 5.3675 4.7790 5.1084 4.9442 4.5547 5.2429 5.2097 4.5822 4.6461 5.2162 5.2050 4.8908 4.9008 5.0698 5.0292 5.2009 4.6516 4.9127 4.7598 4.5303 4.6568 
5.0472 5.7656 6.0373 5.6088 6.7524 6.2878 5.5252 5.3557 4.3338 4.1105 4.4836 4.4346 5.7379 5.2809 5.6681 5.2736 4.3439 5.0658 5.9251 5.8830 4.9906 5.2312 5.1978 5.3202 5.2726 5.7120 5.1298 4.9072 4.9514 5.0019 4.9124 5.2912 5.2724 4.8576 4.5021 4.5400 4.8953 4.7404 4.9542 5.2739 
5.2799 6.9420 7.3293 6.3519 6.1583 6.0894 5.5244 5.4125 5.2676 5.5130 4.6938 4.8296 5.2127 5.7457 5.0499 5.2723 5.6067 5.7277 5.4185 5.4696 5.6034 5.3521 5.4616 5.3295 5.2585 5.3016 5.0639 4.8079 4.8688 5.1428 5.4149 5.1711 4.8139 4.8837 5.0168 4.7262 4.7755 4.9801 4.8498 4.9468 
4.6105 6.2577 6.4859 6.4265 7.0547 7.0597 6.5687 7.0960 7.0995 7.3227 7.0854 6.6264 6.4566 6.5483 5.6310 6.2883 6.0620 6.6991 6.8826 7.6429 7.9790 8.1597 8.1426 8.1037 8.4067 7.4695 7.7955 7.8335 7.4400 7.5653 7.9030 8.2011 7.8952 7.2818 6.9947 6.8981 6.8260 7.1198 6.9048 7.6692 
4.1597 6.0918 7.1267 8.3226 9.4848 9.4433 8.6039 8.0184 9.1451 9.6222 9.8114 9.7665 10.4760 9.8702 9.1086 9.1511 9.2759 10.0363 9.5245 8.1139 7.7903 7.4704 7.4142 7.6602 7.6512 7.7684 7.3380 6.6780 6.0330 6.6443 7.2384 7.2360 7.1995 6.8395 5.9460 5.4550 5.1602 5.7462 5.5179 5.8301 
5.6924 5.8158 6.5125 8.1453 9.6022 9.0122 7.4849 7.8791 9.1008 7.7901 8.6860 10.8738 10.0775 10.2241 10.8462 8.5735 10.3772 9.3865 10.2917 8.8879 8.8897 8.2703 8.2247 8.5090 9.2696 9.0298 8.8813 7.8926 7.1569 8.1868 9.0974 9.0473 8.6487 8.4512 7.9063 7.4578 7.9026 7.9325 7.7482 8.0129 
6.5145 6.2514 6.5150 8.0687 9.5083 8.7931 6.9740 8.0713 8.8751 7.5699 9.2826 10.7877 9.6315 10.9786 11.0670 9.2337 10.0211 9.8065 10.3846 8.6118 8.7053 8.5838 8.6815 8.9900 9.4974 9.3566 9.1064 9.3552 9.4370 8.8133 9.3350 8.9929 8.6044 8.4538 7.9346 7.5675 7.7134 7.7106 7.0797 7.4746 
5.7745 5.5752 6.0204 8.5170 9.3941 8.5653 6.7375 7.9597 8.7540 6.9129 9.5506 10.8340 9.3839 11.0773 10.9155 9.7333 10.5346 10.2554 10.7652 8.6739 8.5948 8.9589 8.9247 9.2946 9.2435 9.7479 9.4379 9.4124 9.1562 9.0798 9.0289 8.9051 8.2539 8.1123 8.0499 7.8401 7.8221 7.9377 7.8601 8.5848 
5.2343 7.0126 7.1871 8.4945 9.4515 8.4735 6.5717 8.2446 8.8647 7.3083 9.4757 10.6716 8.9634 10.9623 10.6187 10.0688 10.6563 10.6457 11.0052 8.5945 8.4666 8.9963 8.6492 8.9647 9.4418 9.6154 9.1924 8.8610 8.4354 8.7730 8.6509 7.9241 8.8338 8.6394 8.5389 8.6512 9.6763 9.6800 9.4576 8.9776 
5.4426 5.8648 6.3016 8.4048 9.4214 8.4559 6.1763 8.2307 8.7413 7.0825 9.4592 10.6238 8.9043 10.8906 10.5204 9.9519 10.5244 10.4079 11.0265 9.4393 8.8917 9.1857 9.0463 9.2498 9.4597 9.9050 9.5540 8.8585 7.8642 8.6532 8.3164 8.0248 8.2690 8.1785 8.2940 8.7677 9.4889 9.2358 9.2296 8.9953 
4.4298 5.9038 6.8813 8.6689 9.4949 8.5424 5.3440 8.0458 8.7254 6.9168 9.3928 10.5652 8.9211 10.9693 10.5994 9.8364 10.4310 9.9855 10.3851 10.2907 10.0557 9.7499 9.3551 9.3282 9.6209 10.0625 9.5675 8.9711 8.0110 8.5468 8.8757 8.8295 8.1353 7.9077 7.9078 8.0753 8.9498 8.8533 8.8439 8.5417 
6.1374 5.6430 5.0184 8.4254 9.4166 8.6001 6.3547 8.2509 8.7943 7.1338 9.4033 10.5670 8.9188 11.1970 10.7221 9.5671 10.0671 9.5213 9.8513 10.5380 10.4873 10.4395 9.7057 9.5954 9.8845 10.2883 10.1547 9.5268 8.5166 8.7434 9.3357 9.4435 9.3054 8.6987 7.5452 7.9369 8.4095 8.1866 7.8773 7.9474 
5.5228 5.6174 6.4497 8.1241 9.4433 8.6487 6.3138 7.8647 8.9303 7.5382 9.3757 10.8292 9.5571 11.1364 10.8701 7.9802 9.3991 8.3738 9.0657 9.0821 9.6023 10.4653 10.4417 9.9946 10.0699 10.3778 10.2000 9.8446 9.0467 8.4759 8.6476 9.0594 9.4741 8.5392 7.1541 7.6048 8.2693 7.5406 7.7574 7.8843 
5.6603 4.9900 6.4700 7.8982 9.4541 8.8944 3.9487 7.9406 9.1648 8.0361 8.9457 11.0951 10.3366 9.5977 10.2357 7.4067 9.1097 8.0170 8.8500 8.0783 9.1596 9.5506 9.8066 10.5179 10.0778 10.0457 10.3113 10.1347 9.4516 8.6376 8.6152 7.9393 8.3857 8.5785 8.0876 7.9723 8.6313 8.3187 7.7257 8.0200 
2.1775 5.9776 6.4697 7.6711 9.5299 9.1891 5.2858 7.2463 9.3056 8.7472 8.6916 11.2659 11.0950 8.4221 9.1349 7.6783 8.4806 8.2357 8.1947 8.4797 9.1445 9.0755 9.6943 10.5011 10.4200 10.0808 9.8188 9.8212 9.3636 8.4198 7.9835 7.5608 7.5057 8.0546 8.0399 7.8308 8.0531 7.7289 7.8940 7.9082 
5.1640 6.2192 6.9565 7.2526 9.6180 9.5772 6.5908 5.8043 9.0657 9.6106 7.7202 8.7366 10.1022 8.5593 7.5107 8.2054 7.4660 8.1999 7.6430 7.7815 7.7392 8.6022 8.9889 9.4115 9.7596 9.1392 9.1248 8.2618 9.2482 8.5405 7.8434 8.1838 8.2689 8.1009 7.6248 7.7113 7.6256 7.8859 7.8684 7.7973 
4.8850 5.6557 5.1550 5.9282 9.2382 9.7692 8.4112 6.4476 9.0280 10.1826 9.0911 8.8413 8.5068 8.3362 7.7207 7.3568 6.0718 6.2084 7.7016 8.2935 7.9400 8.5919 8.7268 9.3777 8.5017 8.4715 8.0017 8.2135 8.3560 8.3072 7.5873 7.9256 8.1661 7.8943 7.7102 7.6009 7.2028 7.6293 7.6375 7.4335 
5.3186 6.0090 6.2857 6.3131 7.6516 7.4032 7.0161 5.1932 6.5987 6.3473 6.3279 7.4973 7.4957 7.5073 7.0974 6.2825 6.7209 6.6652 6.9550 7.5620 7.4364 8.0025 8.0068 8.0821 7.3793 7.4506 7.4482 7.4717 7.1097 7.4786 7.6629 7.6446 7.8332 7.5220 7.7848 8.2231 7.6234 7.5048 7.7583 8.0201 
5.1537 6.0540 6.0028 6.1031 6.7866 7.0951 6.0756 5.9151 6.3542 6.1588 6.5745 6.8814 6.8522 7.1586 7.2255 5.2654 5.7339 6.1072 6.3689 7.3164 7.2959 7.7628 7.7807 7.8720 7.2391 7.8960 7.8839 6.8641 7.4369 7.2582 7.4107 7.5248 7.4873 7.5132 7.4582 7.5120 7.3533 7.0942 7.5713 7.3053 
4.7638 5.0979 5.2306 5.2810 5.9243 6.0533 6.2318 5.7704 6.0339 5.6228 5.3745 6.8442 7.3572 6.9797 6.5411 6.6601 5.7294 6.3600 6.5730 6.9977 7.1001 7.5445 8.1594 8.3163 8.2484 8.3778 8.0249 8.0193 8.6282 8.2963 8.0833 7.7172 7.7406 7.6950 7.5744 8.0299 7.8113 7.2499 7.7192 8.3724 
4.5505 5.9258 6.2886 5.5582 5.4667 6.1391 5.3772 6.4035 6.5078 6.6927 6.5707 6.7908 7.1554 6.5645 6.6823 6.8380 6.2361 7.0586 8.8483 9.0425 8.3796 9.1405 8.7875 8.1881 8.3245 8.4936 8.1263 7.6939 8.6797 8.6821 8.3122 7.8905 8.2808 8.0145 8.5384 8.9660 9.1211 9.0208 8.5253 8.1512 
3.1005 5.2946 5.4414 5.1488 5.3532 5.9874 6.3720 6.3809 5.7545 6.4537 6.3934 6.6469 6.5388 6.1983 5.9326 6.0461 5.8581 6.6634 7.3569 8.3163 7.6990 7.2163 7.4115 8.1821 7.9437 8.1295 7.5842 7.1213 7.2316 7.4578 7.4986 7.4226 7.2132 7.3136 7.3059 7.7742 8.2483 8.0127 7.1337 7.4825 
4.4196 6.1456 6.7046 6.3292 6.5369 6.1838 4.5835 4.7052 5.6625 5.4329 6.3310 6.5351 6.2691 6.4101 5.8917 6.0482 5.7836 5.9802 7.5937 8.1084 7.5426 8.0883 7.5265 8.1902 8.6157 8.0542 7.0936 7.2342 6.9073 7.2977 6.8897 7.2432 7.0590 6.6665 6.7330 7.3696 7.3989 6.8078 6.4736 6.9228 
4.4308 6.3586 6.9313 6.8378 6.5888 5.6645 5.3341 4.7049 5.4505 4.9657 5.8941 5.3456 4.9862 5.9624 5.5742 5.9627 5.0960 6.3944 6.1374 6.8865 6.7317 6.4522 6.9465 6.7506 6.3446 7.3648 6.5040 5.5301 6.1364 6.3923 6.5742 7.0383 6.9733 6.5907 6.3267 6.8398 6.7666 6.2165 6.2228 6.4412 
4.8322 5.7172 6.4556 6.0708 6.0459 5.7017 5.6249 5.4631 5.3463 5.0583 5.4674 6.1125 5.6856 5.7190 5.7216 5.6947 5.4740 5.5416 6.9270 6.2201 5.9024 5.4276 6.1732 6.4598 6.8577 6.3163 5.5260 5.1776 5.7509 6.7214 7.3898 7.3585 5.8837 4.9426 5.6254 6.5643 5.7088 5.4480 5.4785 5.8094 
4.7256 6.2485 6.7861 6.5705 6.1679 5.7700 4.9110 4.1757 5.1796 5.3593 5.9301 6.3459 6.2215 6.8826 5.9245 4.5242 5.3370 5.8305 5.6892 5.9067 5.9911 5.6543 5.3303 5.5827 5.9255 5.6681 5.3274 5.3780 5.5090 6.3131 7.1458 6.7924 5.8360 4.8582 5.5164 5.4108 5.0296 5.4569 5.2293 5.2236 
3.8258 5.6477 6.0555 5.9134 5.9125 5.9478 6.3297 5.9266 4.9605 5.1298 5.3072 4.4720 4.8570 5.6482 5.3224 4.6077 5.3419 6.1757 5.9432 6.2689 5.6820 5.6986 5.8273 5.4809 5.7903 5.6467 5.0456 5.3706 5.4044 6.0709 6.5240 6.6634 6.4305 5.8023 6.1304 6.6320 6.5167 6.3871 6.1854 5.8624 
4.8313 6.2423 6.7670 6.9778 6.5355 5.1953 4.6432 5.7111 5.4826 4.7042 5.4569 5.4020 5.4480 5.6259 5.4396 5.5452 6.2653 5.9123 5.2174 5.4199 5.1934 5.2121 5.9299 5.5198 5.3610 5.4444 4.8986 4.9882 5.7513 5.7540 6.6062 6.2272 6.2117 6.5355 5.8679 6.1583 6.1193 5.8949 5.5166 5.4959 
2.7871 4.7416 4.9417 5.5489 5.9046 5.5417 4.9168 5.2753 4.5393 4.2569 5.0964 5.7488 4.5836 5.9240 5.4586 5.3472 5.1487 5.6965 6.0252 6.0805 5.2817 5.6878 5.4380 5.4933 5.6987 5.7906 5.6866 5.1258 5.8387 5.6207 6.5078 6.9139 7.5549 7.7862 6.3987 6.0798 5.2817 5.4211 5.6660 5.5698 
3.9785 5.3590 6.0248 5.9041 6.6310 6.6140 5.1294 5.1818 4.3553 5.0629 5.5669 5.7515 5.1625 6.3208 5.8689 5.3075 5.5668 5.9020 6.1072 6.0648 5.3420 4.6426 5.7735 6.1791 6.0089 5.3197 5.6682 4.5541 5.3658 5.2456 5.5975 5.2683 6.3814 6.6635 5.8648 6.0817 5.5938 5.4668 5.4236 5.6373 
4.1185 5.0662 5.4629 6.4201 5.8924 5.3207 5.5781 6.0090 5.4353 4.6054 5.0076 6.0831 5.7254 6.1421 6.1494 5.4290 6.0827 5.3895 5.8413 5.5198 5.5006 5.8212 6.0749 5.8033 5.4195 5.5668 5.2340 5.1488 5.5326 5.2931 5.1641 5.5066 6.0383 5.6785 5.8576 5.9292 5.6258 5.7419 5.5045 5.6200 
4.3107 5.2104 5.6961 6.5054 6.5514 6.6446 6.2357 5.9283 5.0124 4.7858 6.4378 7.2889 5.6084 6.3170 5.9387 6.0897 6.5088 6.4800 6.4238 6.9286 6.2446 6.2441 5.7572 6.1769 6.4957 5.8085 5.8473 5.9180 5.9727 6.5304 6.2879 6.5276 6.7794 6.6165 7.1565 7.7823 7.9658 7.3563 7.2359 7.5966 
3.9039 5.6148 6.0740 6.2455 6.6848 6.4252 4.9583 5.3583 5.8543 6.4386 7.5048 7.6358 6.0940 5.6393 6.3648 6.6008 5.6872 7.1181 7.1111 7.4669 7.4826 7.8311 6.6780 6.4733 6.3897 6.5004 6.1942 5.5280 5.4460 7.1443 7.1716 7.3944 6.7073 7.2491 8.2120 9.3586 9.8239 9.6016 9.5108 8.7869 
4.4045 5.2336 5.5355 5.4198 5.9889 6.2776 6.3767 6.8249 6.8500 6.2220 7.3420 7.7750 6.5507 6.0021 6.2148 5.8553 6.0386 6.4021 6.3877 7.0568 6.6424 7.4307 7.6866 8.0658 7.0029 6.2268 6.4805 5.9058 6.0789 6.9918 7.3531 7.3428 6.9430 7.5381 7.8395 8.9066 9.6533 9.4628 9.2771 8.9728 
4.0381 5.2284 5.5183 6.2342 6.7834 7.2532 6.2474 6.4440 6.5171 5.5002 7.0789 7.7535 6.6398 6.0114 5.8031 4.5889 5.4124 5.9251 6.3650 6.3316 7.0009 8.1271 7.9704 6.7545 5.6377 5.5846 6.4527 5.9545 5.7912 6.9048 7.4353 7.2970 7.5787 7.2239 8.2200 9.2952 9.2911 9.1137 9.1586 8.3065 
4.6835 5.4221 5.0939 5.5676 6.4229 6.6076 5.6294 5.3673 6.4604 6.9461 6.2514 6.9064 6.1918 6.3687 5.9146 5.3235 5.9168 5.8002 5.6279 6.3233 7.4365 7.7767 7.4721 6.5805 5.9822 6.0791 6.2073 5.7173 6.2069 7.1369 6.6622 6.6042 6.6404 7.0702 7.9813 8.7383 9.1549 8.7684 8.6034 8.2968 
4.0900 5.2951 6.1599 6.4108 6.3870 6.6331 5.1984 5.5822 6.1153 5.8264 6.5984 6.2033 5.4870 5.7515 5.1695 5.3285 4.5543 5.7803 6.2294 6.1166 8.2668 8.0185 7.6124 6.7355 6.4193 6.9021 6.7656 5.8052 5.4808 7.2341 7.5431 7.5317 7.3172 6.6254 7.5654 8.8120 8.7031 8.5038 7.9001 7.7697 
4.5107 5.7990 6.1803 6.0825 6.2979 5.2918 5.4862 4.9733 4.9979 6.2199 6.6835 6.7526 6.7689 6.7448 5.7327 5.4194 4.9555 5.5772 6.5042 7.5507 7.1950 7.2079 6.4861 5.9153 6.8256 7.0899 7.4521 6.6813 5.9649 7.1268 7.1798 6.7216 7.1176 7.2040 7.4823 8.1102 8.5293 8.3227 7.2588 7.3922 
3.8827 5.1251 5.2448 4.2193 6.0835 6.1350 5.8085 5.1964 5.4833 5.1767 5.2750 5.3647 6.3260 5.7887 5.9523 5.4022 5.0318 5.3981 6.0712 6.4861 6.3854 6.6360 6.5730 5.5598 6.0659 6.0711 6.1485 5.9320 6.3072 7.3738 6.8637 5.8019 6.5634 6.6120 6.5029 7.5089 8.4866 7.9717 7.3975 7.0565 
3.8142 5.4730 5.2712 6.0670 6.4585 5.2473 5.3549 5.0586 5.7189 6.1924 4.9399 5.6345 5.3198 5.5726 5.6270 5.0113 5.2205 5.7800 6.2976 5.8625 6.0108 5.6505 5.7367 5.4383 5.7569 5.8470 5.8374 6.0825 6.1197 6.7242 6.2166 5.6817 6.0837 5.7622 6.3537 7.6655 8.1147 7.6017 7.1877 6.6524 
4.3018 5.1379 5.6160 5.7126 5.2083 5.5372 6.2437 5.9525 5.5536 6.0974 5.8715 5.4159 5.2136 5.0052 4.9642 5.0459 5.8176 5.3511 5.8118 6.1185 6.0893 5.9359 5.9771 5.1616 5.3057 5.8249 5.7735 5.5472 5.3167 6.0017 6.0654 5.7563 5.1837 5.5537 6.8285 7.5067 7.5263 7.5521 7.1352 6.7948 
4.6728 5.7531 6.2627 5.7654 6.2822 6.0192 6.4435 5.4671 5.4005 5.6775 6.2506 5.7445 5.2134 5.7498 5.3758 4.9238 5.6342 5.6720 5.7620 5.9806 5.3917 6.1237 5.8022 6.1323 6.0346 5.4527 5.4275 5.3499 5.2168 5.4638 5.9267 5.7069 5.6542 5.9497 7.9149 8.5285 7.4749 7.7699 8.2642 7.8032 
3.5874 5.6684 6.6699 6.9562 6.3264 5.4046 5.5508 5.3903 5.7720 5.7972 6.0986 5.6583 5.3492 5.4399 5.5581 5.3930 5.5835 5.5077 5.7823 6.1124 5.7445 5.8072 6.2367 5.8821 5.6494 6.2207 5.8067 5.3072 5.3545 5.3567 5.5682 5.3580 5.2460 5.1431 5.7144 6.0560 5.9915 5.8977 5.6831 5.5355 
2.4805 3.0719 4.7239 5.3308 4.1959 4.8069 5.0071 4.4338 4.8045 6.3292 6.1139 5.6462 5.8099 6.2986 5.2959 5.2465 4.8977 6.2148 6.9469 7.8392 6.8682 6.7378 6.5367 7.1839 8.0200 7.1050 6.6249 6.2748 6.9594 7.3812 6.9071 6.6065 6.7277 6.4705 7.5948 8.3267 8.4244 8.2828 7.2613 6.5301 
3.9618 5.4836 5.5415 5.3808 5.8793 6.0055 6.1226 6.4855 6.4395 6.0739 6.3566 5.6981 5.8083 5.8715 5.6215 5.7587 5.7491 6.2902 6.2258 6.0601 6.2689 5.9504 6.4089 6.4903 7.4353 7.1628 6.0270 6.2376 6.7544 7.6319 7.3987 6.5768 7.4583 6.6398 7.4353 8.2276 8.4950 7.9773 7.6804 6.7627 
3.2569 5.6515 6.5559 6.2374 5.0493 5.8662 4.0559 4.9468 5.3288 5.4002 5.7669 5.8188 5.5730 5.2421 5.2007 5.4733 5.2711 4.7536 4.7065 6.0442 6.6857 6.6844 6.0732 6.2825 7.3245 7.0859 6.0176 5.5239 5.8845 6.4818 6.7980 6.3324 5.9654 5.7664 6.6509 7.5619 7.3861 6.9131 6.3960 5.4178 
4.5363 5.1822 6.5962 7.1874 6.9698 5.8110 5.9798 5.6424 6.4932 5.3565 6.1970 5.4999 5.1515 5.3157 5.2148 5.0122 5.4853 5.9252 5.8360 5.8167 5.9573 5.9793 5.8160 5.8096 6.7612 6.1875 5.4146 4.8235 5.2043 5.7482 5.9102 5.4828 5.3407 5.3217 5.9396 6.6680 6.3770 6.1618 5.2991 4.7869 
2.5130 5.2758 5.8567 4.6741 5.3657 4.6933 5.1855 4.4157 4.2370 5.1859 5.0778 5.7720 5.1398 5.9682 5.8180 5.7349 5.3781 4.7491 4.9017 5.9749 5.7379 5.8506 5.6664 5.1471 6.0132 6.3183 5.4962 5.0816 5.4680 5.4086 5.0894 5.0134 5.2861 4.8887 4.8775 5.3030 5.3442 4.5551 4.8833 5.0319 
2.5653 4.4474 4.9040 4.3650 5.8241 5.9067 5.9878 5.3981 4.2830 4.4276 5.6746 4.7592 4.7752 4.9422 5.2809 5.2924 5.4317 4.6068 5.6476 5.2699 6.0819 5.9723 5.7284 5.8981 5.7649 6.2664 6.0159 5.9203 5.6381 6.3058 5.8124 6.0539 5.5191 4.9898 6.0363 6.8807 6.0526 5.3397 5.4027 5.5338 
3.7746 4.3269 5.5363 6.4211 6.3993 6.5020 5.6707 4.1104 4.2809 4.3621 5.0328 5.9874 5.2858 5.2890 4.7813 5.3621 5.5339 5.2224 5.3035 5.8957 6.2208 5.5103 5.1409 5.4795 6.3585 6.4014 6.2410 5.7335 5.4186 6.1164 5.5517 5.7576 5.7021 5.8333 5.9378 6.7198 6.5194 6.2962 5.7884 5.2791 
4.1571 5.5122 5.8258 5.9938 6.0083 5.2338 5.6479 5.4353 4.4459 4.9984 4.3834 4.8554 5.4730 5.2528 5.1803 5.7856 5.6847 5.6082 4.9141 5.1327 5.1526 5.4339 5.6976 5.7049 6.1071 5.9768 5.3952 4.7254 4.8690 6.0105 5.7605 5.0088 5.4602 5.6056 6.1243 7.2834 6.5551 6.6711 5.8851 5.3250 
3.7621 5.5740 6.0520 6.5096 6.0728 6.1239 5.9455 5.9148 5.9466 5.4809 5.8512 5.5361 4.9300 5.8095 5.8553 5.5688 5.3855 5.2197 5.3242 5.8074 6.1089 6.3718 5.8677 5.8239 5.2711 5.6922 5.4259 5.2373 5.2005 5.1009 5.0494 5.0582 4.9180 5.0431 4.7537 4.8115 5.0488 4.3624 4.4565 4.6654 
4.8906 6.2743 6.0722 5.2059 5.1509 5.2740 5.5904 5.4917 5.1847 5.0580 5.8303 5.8810 5.9061 5.5670 4.8691 3.9712 5.5295 5.4393 5.4903 5.8276 5.9537 6.0247 6.0167 6.1981 5.7117 5.3923 5.7010 4.8715 5.3659 5.6007 6.0783 5.9970 4.9356 4.9288 4.8250 4.9965 5.1009 4.3907 4.3678 4.7458 
4.3830 6.0730 6.9206 5.9055 6.4903 6.1129 6.1159 4.6782 5.6337 5.4548 5.6391 5.2164 5.6117 5.2605 5.0742 4.6834 5.2740 4.9601 5.5019 6.0500 5.8180 5.9068 5.9969 5.6120 5.0572 5.8050 5.3765 4.7853 5.3876 5.1140 6.2404 5.6463 4.8147 4.7126 4.8616 5.1601 5.0462 4.2049 4.4273 4.8238 
4.4304 5.3433 3.5089 5.3706 5.6914 6.3852 6.5564 4.8305 5.4261 4.6648 5.5877 5.4021 5.5472 5.8946 5.7620 5.0636 6.0052 5.4347 4.5822 4.8852 5.1164 6.1664 6.0925 5.5338 5.6456 5.2833 5.2959 5.3710 5.4807 5.2399 6.2118 5.8204 4.9618 4.5014 5.0357 4.9263 4.7928 4.4189 4.5537 4.9184 
1.1545 4.5841 5.1660 5.3858 5.5633 6.0575 5.9783 4.4076 5.2643 5.0437 4.9447 5.0884 5.2678 4.8213 5.1060 6.4042 5.9106 7.0920 7.5965 6.4692 6.8015 6.1840 5.5881 5.5711 5.7102 6.4423 6.5169 5.6335 5.5920 6.8135 6.3174 6.1484 6.9396 6.2409 7.2788 8.6446 8.4103 8.5815 8.2714 8.4698 
3.1240 4.3992 5.3513 6.5279 6.7147 5.6991 6.4576 6.2695 5.1201 5.1010 5.7182 5.3517 4.9370 5.4356 5.8225 6.0761 6.4243 6.5417 6.5048 6.0314 5.7142 5.9497 7.4473 8.3681 7.7337 7.1010 6.1506 5.6262 5.7208 6.7480 6.5601 6.5119 6.5609 6.5983 7.3119 7.8613 8.1558 8.0778 7.7223 8.4177 
4.2883 4.5839 5.0003 5.0447 5.5388 5.6755 5.7491 5.3985 4.9770 4.6054 4.4385 4.1594 3.2203 3.0735 3.7041 3.8950 4.7866 4.5975 4.7176 4.5809 4.3544 4.2558 6.1832 6.9491 6.6406 5.8652 5.2924 4.8706 5.1265 5.4909 5.6874 5.8930 6.1414 5.8720 6.8647 7.4880 7.6949 7.7440 7.4620 8.2107 
-0.1274 0.5993 1.0183 0.4317 1.7580 1.8344 2.1583 1.8785 1.7007 1.5946 1.6274 1.4218 0.7783 0.9380 1.4581 2.0515 2.8051 2.8570 2.9485 2.5761 2.6057 2.6318 4.8755 5.6791 5.4624 4.6794 4.1882 3.6514 4.0948 4.6102 4.7376 5.1451 5.3891 5.2535 6.3709 7.0452 7.2603 7.3949 7.1487 8.0395 
-4.4313 -3.0339 -2.8663 -3.0386 -1.7186 -1.9566 -1.2597 -1.6056 -1.6425 -1.5301 -1.1655 -1.2370 -1.6336 -1.0215 -0.6726 0.2211 0.9095 1.1426 1.2352 0.7618 1.0725 1.1346 3.6032 4.4277 4.3031 3.5473 3.1308 2.5887 3.1733 3.7366 3.8730 4.4614 4.7540 4.6900 5.9211 6.6462 6.8376 7.0642 6.8960 7.8828 
-7.0914 -6.3024 -6.0000 -5.4134 -4.9937 -5.5112 -4.4817 -5.0240 -4.9599 -4.7407 -3.8792 -3.8475 -3.9272 -3.0202 -2.7231 -1.6156 -0.9505 -0.5613 -0.4581 -0.9577 -0.4516 -0.2488 2.3419 3.1848 3.1501 2.4369 2.0989 1.6112 2.3123 2.8643 3.0368 3.7985 4.1486 4.1521 5.4804 6.2596 6.4225 6.7461 6.6614 7.7321 
-10.1187 -9.3014 -8.7752 -8.2637 -8.1308 -8.3784 -7.5086 -7.7825 -7.7789 -7.9407 -6.4820 -6.4110 -6.1126 -5.0491 -4.6946 -3.4551 -2.7842 -2.2573 -2.1406 -2.6120 -1.9707 -1.5180 1.0880 1.9489 2.0003 1.3363 1.0796 0.6801 1.4800 1.9940 2.2181 3.1460 3.5506 3.6302 5.0431 5.8778 6.0139 6.4383 6.4360 7.5848 
-13.1900 -12.1169 -11.6623 -11.1885 -11.1238 -11.0051 -10.4074 -10.3870 -10.4918 -10.4792 -8.9986 -8.9303 -8.2253 -7.0958 -6.5905 -5.2947 -4.5946 -3.9486 -3.8168 -4.2172 -3.4850 -2.6926 -0.1624 0.7196 0.8525 0.2405 0.0671 -0.2379 0.6535 1.1267 1.4143 2.5003 2.9559 3.1199 4.6081 5.4982 5.6113 6.1392 6.2180 7.4398 
-16.1073 -14.9554 -14.6247 -14.1182 -14.0002 -13.6583 -13.1960 -12.9887 -13.1497 -12.7271 -11.4664 -11.4014 -10.2940 -9.1469 -8.4369 -7.1324 -6.3840 -5.6373 -5.4885 -5.7829 -4.9942 -3.8358 -1.4114 -0.5037 -0.2939 -0.8526 -0.9412 -1.1511 -0.1725 0.2634 0.6237 1.8596 2.3631 2.6190 4.1751 5.1200 5.2150 5.8473 6.0070 7.2966 
-19.1090 -17.7988 -17.6305 -17.0227 -16.8110 -16.3407 -15.9047 -15.6100 -15.6782 -14.9262 -13.9224 -13.8104 -12.3370 -11.1876 -10.2575 -8.9665 -8.1546 -7.3243 -7.1564 -7.3173 -6.4960 -4.9739 -2.6594 -1.7213 -1.4389 -1.9441 -1.9463 -2.0615 -0.9992 -0.5946 -0.1558 1.2224 1.7717 2.1255 3.7438 4.7426 4.8255 5.5617 5.8021 7.1547 
-21.7996 -20.2456 -21.3547 -19.6806 -19.6510 -19.0158 -18.5849 -18.2402 -18.1105 -17.1842 -16.3899 -16.1191 -14.3688 -13.2031 -12.0662 -10.7952 -9.9087 -9.0100 -8.8202 -8.8289 -7.9835 -6.1267 -3.9063 -2.9335 -2.5827 -3.0345 -2.9488 -2.9692 -1.8270 -1.4456 -0.9260 0.5877 1.1813 1.6382 3.3144 4.3661 4.4443 5.2816 5.6022 7.0141 
-22.6648 -22.3092 -22.9646 -22.0040 -22.6527 -21.7585 -21.0964 -20.8957 -20.4678 -19.4837 -18.9014 -18.2579 -16.3977 -15.1821 -13.8711 -12.6168 -11.6485 -10.6948 -10.4796 -10.3246 -9.4432 -7.2952 -5.1518 -4.1405 -3.7255 -4.1241 -3.9490 -3.8741 -2.6561 -2.2845 -1.6874 -0.0449 0.5917 1.1562 2.8868 3.9903 4.0731 5.0063 5.4063 6.8744 
-24.4981 -24.3544 -24.4981 -24.2131 -24.3401 -24.7726 -23.4196 -23.5828 -22.7962 -21.8044 -21.4997 -20.2504 -18.4258 -17.1194 -15.6765 -14.4295 -13.3764 -12.3786 -12.1338 -11.8095 -10.8620 -8.4766 -6.3955 -5.3428 -4.8672 -5.2128 -4.9467 -4.7758 -3.4862 -3.1058 -2.4400 -0.6754 0.0029 0.6787 2.4610 3.6151 3.7155 4.7354 5.2138 6.7356 
-25.5807 -25.9930 -26.6273 -26.6862 -26.0541 -25.8762 -25.4745 -26.2774 -24.9647 -24.0963 -24.1458 -22.1977 -20.4525 -19.0168 -17.4838 -16.2315 -15.0943 -14.0617 -13.7816 -13.2865 -12.2324 -9.6692 -7.6370 -6.5404 -6.0080 -6.3005 -5.9421 -5.6738 -4.3174 -3.9163 -3.1836 -1.3036 -0.5852 0.2051 2.0371 3.2406 3.3810 4.4690 5.0244 6.5976 
-inf -inf -25.6464 -26.3396 -25.5426 -26.7451 -26.3093 -25.9946 -26.2280 -25.3297 -25.4026 -23.9972 -22.4492 -20.8793 -19.2925 -18.0213 -16.8041 -15.7441 -15.4213 -14.7572 -13.5526 -10.8710 -8.8761 -7.7336 -7.1477 -7.3870 -6.9350 -6.5679 -5.1494 -4.7196 -3.9142 -1.9289 -1.1727 -0.2650 1.6151 2.8668 3.0638 4.2056 4.8379 6.4603 
-24.9533 -24.9533 -inf -26.3396 -25.5883 -25.1925 -25.6292 -25.0605 -25.8226 -24.4191 -24.8494 -25.6312 -24.2598 -22.7545 -21.1059 -19.7983 -18.5070 -17.4257 -17.0509 -16.2219 -14.8270 -12.0805 -10.1125 -8.9226 -8.2865 -8.4719 -7.9254 -7.4577 -5.9821 -5.5170 -4.6339 -2.5518 -1.7593 -0.7320 1.1949 2.4937 2.7560 3.9442 4.6540 6.3237 
-24.2602 -24.9533 -25.6464 -24.8417 -24.4425 -24.8776 -25.2410 -24.9823 -24.1616 -24.8240 -24.6656 -24.5420 -24.8878 -24.4170 -22.9466 -21.5645 -20.2081 -19.1074 -18.6668 -17.6793 -16.0655 -13.2960 -11.3459 -10.1077 -9.4244 -9.5549 -8.9132 -8.3430 -6.8154 -6.3092 -5.3470 -3.1733 -2.3452 -1.1962 0.7767 2.1212 2.4545 3.6841 4.4726 6.1876 
-24.2602 -inf -25.6464 -24.9533 -23.4870 -24.1060 -23.5593 -23.5475 -23.8988 -24.9533 -23.4913 -24.0216 -23.4597 -23.6384 -23.8519 -23.1322 -21.8138 -20.7479 -20.2756 -19.1321 -17.2801 -14.5163 -12.5760 -11.2891 -10.5614 -10.6355 -9.8984 -9.2236 -7.6491 -7.0969 -6.0546 -3.7935 -2.9301 -1.6577 0.3603 1.7495 2.1575 3.4251 4.2937 6.0521 
-22.7623 -23.5670 -23.8547 -23.4554 -23.6591 -24.2602 -23.3439 -22.8700 -23.0299 -23.5670 -inf -23.1118 -23.7955 -23.3491 -23.9512 -23.7508 -23.1965 -22.3969 -21.8448 -20.6091 -18.4879 -15.7406 -13.8026 -12.4669 -11.6975 -11.7132 -10.8809 -10.0995 -8.4833 -7.8807 -6.7543 -4.4124 -3.5139 -2.1169 -0.0541 1.3785 1.8638 3.1667 4.1170 5.9171 
-inf -inf -22.1807 -22.8739 -inf -23.2793 -23.5670 -22.6803 -22.1619 -22.8295 -22.9327 -22.9852 -23.2486 -23.3577 -22.9003 -22.7392 -22.7794 -22.3202 -22.3407 -21.8403 -19.6747 -16.9679 -15.0257 -13.6414 -12.8328 -12.7875 -11.8607 -10.9706 -9.3177 -8.6612 -7.4392 -5.0299 -4.0964 -2.5739 -0.4666 1.0084 1.5728 2.9090 3.9424 5.7826 
-inf -21.8341 -21.3227 -22.1807 -23.9725 -22.3630 -22.8739 -22.0957 -22.3644 -22.1807 -22.2396 -21.5128 -22.4684 -21.8136 -22.4097 -22.6563 -22.4959 -21.9284 -22.3989 -22.2661 -20.7874 -18.1897 -16.2439 -14.8124 -13.9672 -13.8577 -12.8378 -11.8372 -10.1524 -9.4391 -8.1072 -5.6459 -4.6774 -3.0287 -0.8772 0.6390 1.2839 2.6515 3.7699 5.6485 
-20.7641 -inf -20.7867 -21.4876 -21.4220 -21.7212 -inf -23.0562 -22.0089 -21.1393 -inf -inf -21.8623 -21.5225 -22.1725 -21.3859 -21.0699 -21.0637 -21.2295 -21.6927 -21.2031 -19.3879 -17.4542 -15.9811 -15.1018 -14.9241 -13.8123 -12.6993 -10.9873 -10.2151 -8.7649 -6.2609 -5.2566 -3.4816 -1.2859 0.2706 0.9969 2.3943 3.5993 5.5148 
-20.7944 -inf -21.7752 -inf -21.5465 -21.5465 -20.3890 -20.5189 -20.8346 -20.3591 -21.5465 -20.4081 -inf -22.3512 -20.8210 -20.7929 -20.8221 -20.7573 -20.5695 -21.2853 -21.1195 -20.5246 -18.6696 -17.1366 -16.2376 -15.9920 -14.7851 -13.5570 -11.8222 -10.9898 -9.4146 -6.8751 -5.8336 -3.9326 -1.6927 -0.0969 0.7115 2.1372 3.4306 5.3814 
-20.1013 -20.1013 -19.2965 -20.1013 -20.2836 -19.9974 -20.7944 -20.5547 -19.9390 -19.2607 -19.8574 -19.4453 -19.9192 -20.1471 -20.5161 -20.4385 -19.8615 -19.3930 -19.9066 -20.6182 -19.9920 -20.3727 -19.5795 -18.3073 -17.3771 -17.0514 -15.7555 -14.4084 -12.6570 -11.7641 -10.0531 -7.4884 -6.4081 -4.3818 -2.0976 -0.4635 0.4275 1.8801 3.2639 5.2484 
-18.6847 -19.4081 -19.8781 -inf -19.2949 -20.0806 -inf -20.2836 -19.0957 -19.1265 -19.8136 -19.0027 -19.5417 -20.1013 -20.5082 -20.5839 -20.1992 -19.1968 -19.5125 -19.7172 -20.0556 -19.6209 -19.3006 -19.4482 -18.6090 -18.0131 -16.7132 -15.2593 -13.4929 -12.5390 -10.6776 -8.1009 -6.9796 -4.8292 -2.5007 -0.8290 0.1448 1.6228 3.0991 5.1156 
-19.4081 -18.7150 -18.5501 -inf -18.5727 -18.4147 -19.4081 -19.0901 -19.8781 -18.1998 -18.1139 -18.3280 -18.6329 -19.1042 -18.8656 -19.5875 -18.5765 -19.1231 -18.4764 -19.1278 -18.7175 -19.1918 -19.0231 -19.1449 -18.4524 -18.2715 -17.4838 -16.1318 -14.3268 -13.3139 -11.2931 -8.7127 -7.5476 -5.2750 -2.9020 -1.1934 -0.1368 1.3653 2.9361 4.9831 
-17.9103 -17.6753 -17.7376 -inf -18.0644 -17.9855 -18.7150 -18.2041 -18.8485 -18.8973 -17.2705 -17.5679 -17.8371 -18.7489 -18.4926 -18.0798 -18.8025 -17.9241 -18.0167 -18.1922 -18.2621 -18.5661 -18.3570 -18.3998 -18.2928 -18.3632 -18.5429 -17.1547 -15.1896 -14.0896 -11.9027 -9.3238 -8.1114 -5.7192 -3.3016 -1.5566 -0.4174 1.1074 2.7751 4.8509 
-inf -16.6355 -17.7987 -17.2171 -18.3970 -17.1658 -inf -18.4273 -18.7150 -17.2252 -17.1414 -17.2229 -17.9040 -17.5002 -17.6523 -18.6432 -17.3480 -18.0790 -17.6529 -17.9926 -17.5032 -17.5928 -17.6627 -17.3547 -17.4147 -17.5988 -17.2693 -16.9365 -15.8697 -14.8374 -12.5079 -9.9345 -8.6704 -6.1617 -3.6994 -1.9186 -0.6969 0.8491 2.6161 4.7188 
-15.9424 -17.3287 -16.6052 -inf -16.3895 -16.4360 -16.9821 -16.7542 -16.6160 -17.0329 -16.5774 -16.1782 -16.1921 -17.3846 -16.9215 -16.9933 -16.7456 -16.8188 -17.3783 -16.8819 -16.7364 -17.6167 -16.9198 -16.6716 -16.7505 -16.5993 -16.8579 -16.4694 -16.1228 -15.4678 -13.1078 -10.5461 -9.2238 -6.6027 -4.0957 -2.2793 -0.9756 0.5904 2.4589 4.5869 
-16.6355 -16.6355 -15.9424 -16.6355 -15.8119 -15.4657 -15.8308 -16.6944 -16.2949 -15.4573 -15.6470 -15.9929 -15.7559 -16.6286 -16.5812 -16.6077 -16.2585 -16.2490 -15.8140 -16.9126 -16.2792 -16.1521 -16.5977 -16.5169 -16.6705 -16.6298 -16.4096 -16.8798 -16.3394 -15.9028 -13.7030 -11.1610 -9.7720 -7.0421 -4.4903 -2.6387 -1.2533 0.3312 2.3037 4.4551 
-15.9424 -14.5258 -15.9424 -inf -15.6353 -15.5941 -15.5958 -15.9424 -15.4569 -15.5941 -15.3786 -17.3287 -16.4637 -15.7827 -15.5286 -16.1394 -15.5892 -15.2963 -16.0294 -15.8510 -16.2370 -15.6139 -15.3955 -15.5673 -15.6578 -15.3025 -16.0224 -15.6779 -15.2768 -15.6012 -14.2720 -11.7599 -10.3128 -7.4802 -4.8834 -2.9965 -1.5303 0.0713 2.1504 4.3234 
-14.2095 -14.5561 -13.8457 -14.5561 -15.2492 -15.0951 -15.2492 -15.1199 -15.5659 -14.9616 -14.9312 -14.5408 -15.1919 -14.7741 -15.0453 -15.2712 -14.7423 -14.4093 -14.6257 -14.8620 -15.1093 -15.3553 -15.3504 -15.7310 -15.1446 -15.3815 -15.1985 -14.8616 -15.1689 -14.6335 -14.3719 -12.3758 -10.8459 -7.9166 -5.2751 -3.3529 -1.8064 -0.1893 1.9988 4.1917 
-13.7514 -13.8629 -15.2492 -inf -14.2684 -16.3479 -inf -14.5561 -15.5369 -14.0919 -13.7595 -15.1377 -14.6206 -14.4867 -14.0444 -14.2112 -15.0399 -14.1825 -14.2189 -14.4547 -14.6110 -14.4149 -14.1676 -14.5760 -14.2271 -13.8423 -14.0969 -13.9380 -14.0480 -14.4111 -14.0562 -12.8996 -11.3358 -8.3514 -5.6654 -3.7076 -2.0818 -0.4506 1.8489 4.0601 
-13.8629 -12.4766 -12.9467 -13.1698 -14.2684 -14.9616 -13.1698 -13.8629 -14.1506 -13.1698 -13.0753 -13.1092 -13.1504 -14.0569 -13.7238 -13.6617 -13.4890 -13.2540 -14.0046 -14.0804 -14.1288 -13.6237 -13.3150 -13.5588 -13.5911 -13.6793 -13.7784 -13.7736 -13.8068 -13.8203 -13.4830 -13.3241 -11.8422 -8.7807 -6.0543 -4.0607 -2.3565 -0.7127 1.7006 3.9285 
-12.4766 -12.4766 -inf -12.4766 -13.5753 -12.4753 -inf -13.1698 -12.9869 -13.2378 -12.5499 -12.3483 -12.5927 -12.9890 -13.1823 -13.3506 -13.5081 -13.0170 -12.4233 -12.7888 -12.6953 -12.9246 -13.0608 -13.0987 -12.8067 -12.8196 -12.9615 -13.0218 -12.8384 -13.1083 -13.3008 -13.4372 -12.1606 -9.2093 -6.4420 -4.4118 -2.6304 -0.9753 1.5540 3.7968 
-inf -12.4766 -11.7532 -13.1698 -12.8821 -13.5753 -12.4766 -12.3473 -12.2110 -11.7959 -12.4766 -11.7262 -11.9170 -12.6282 -12.0282 -11.7034 -11.4089 -11.9858 -11.8030 -12.3412 -12.5076 -12.6153 -12.5677 -12.4212 -12.5856 -12.2694 -12.0533 -12.3034 -12.3892 -12.0912 -12.1930 -12.3093 -11.8815 -9.6587 -6.8300 -4.7611 -2.9037 -1.2379 1.4089 3.6652 
-inf -inf -10.3799 -inf -11.6542 -12.4508 -11.0904 -11.7078 -11.7544 -11.5093 -12.8821 -12.4766 -11.0938 -11.7198 -11.5605 -12.1524 -11.8478 -11.3203 -11.7255 -11.9568 -11.8790 -11.6727 -11.7680 -11.8892 -11.7579 -11.5880 -11.8775 -11.8278 -12.0113 -11.8129 -11.6823 -11.7268 -11.5415 -10.0151 -7.2102 -5.1092 -3.1764 -1.5000 1.2655 3.5334 
-inf -11.0904 -11.7835 -inf -12.8821 -11.1028 -inf -11.0904 -11.7262 -10.9788 -10.2820 -10.3953 -10.7139 -10.9757 -11.3208 -11.3065 -10.5430 -10.2659 -10.6697 -10.7180 -11.2172 -11.2333 -11.7015 -11.3909 -11.5826 -11.0374 -11.0290 -11.1116 -11.2964 -10.9948 -11.3504 -11.4344 -11.3305 -10.2495 -7.5930 -5.4593 -3.4488 -1.7617 1.1235 3.4017 
-9.0109 -10.3972 -10.3972 -inf -10.3972 -10.5795 -10.3669 -10.8027 -10.2090 -10.3972 -10.8007 -10.3962 -10.2143 -10.1705 -10.4857 -10.3910 -10.1095 -10.1413 -10.6109 -10.3855 -11.2099 -10.4250 -10.5066 -10.8324 -10.7914 -10.2741 -9.9977 -10.3290 -10.3605 -10.1793 -10.4055 -10.6609 -10.5189 -10.1353 -7.9861 -5.8069 -3.7204 -2.0236 0.9827 3.2701 
-9.0109 -9.0109 -inf -9.7041 -9.6655 -10.0522 -9.9917 -9.6002 -9.5863 -9.7041 -9.4103 -9.6980 -10.6849 -9.7750 -9.5890 -9.7813 -9.6098 -10.2338 -10.1318 -9.6898 -9.9650 -10.0508 -9.7347 -10.1174 -9.9996 -9.8164 -9.2575 -9.8697 -9.5405 -9.6727 -9.5852 -9.6737 -9.8890 -10.0954 -8.3151 -6.1347 -3.9884 -2.2854 0.8429 3.1391 
-8.3178 -9.0109 -8.2875 -9.7041 -10.1095 -8.9352 -10.3972 -9.4164 -11.0904 -9.7041 -8.2792 -8.5387 -9.7479 -9.8284 -9.1025 -9.7349 -8.9668 -9.9377 -9.5512 -9.3289 -9.6371 -9.3895 -9.1060 -9.4912 -9.4714 -9.2250 -9.2639 -9.1023 -8.9876 -9.2232 -9.1362 -8.9151 -9.2010 -9.5819 -8.6517 -6.4338 -4.2486 -2.5474 0.7041 3.0086 
-inf -8.3178 -7.6246 -9.7041 -8.2139 -8.4099 -9.2986 -inf -9.7041 -8.6117 -8.6659 -8.9536 -8.4513 -9.4958 -8.7562 -8.9835 -8.8698 -8.0682 -8.1573 -8.2367 -8.6617 -8.5882 -8.6197 -8.8074 -8.7087 -8.3864 -8.1860 -8.8127 -8.4310 -8.2765 -8.4307 -8.5623 -8.3869 -8.8255 -8.2430 -6.6971 -4.5207 -2.8023 0.5666 2.8785 
-8.3178 -7.6246 -inf -7.5130 -7.5860 -8.6117 -7.4597 -9.4164 -9.7041 -inf -7.5489 -7.2179 -8.1295 -7.8077 -8.0477 -7.9717 -7.8022 -7.8836 -7.5715 -7.8687 -8.1132 -7.9267 -7.6202 -7.7966 -7.8091 -7.6591 -7.4593 -7.6542 -7.8904 -7.6739 -7.7169 -8.2238 -7.8927 -7.5013 -7.6833 -7.0875 -4.8519 -3.0555 0.4303 2.7486 
-inf -inf -6.5849 -6.9012 -inf -7.1138 -6.7083 -7.5489 -6.4866 -8.0301 -6.8199 -7.4557 -6.9532 -7.0155 -7.3607 -7.9070 -6.6307 -6.6725 -7.1332 -7.2607 -7.2428 -7.8004 -7.8130 -7.3288 -7.0270 -7.2298 -7.0933 -6.8583 -6.9014 -7.1713 -7.4899 -7.4942 -6.9595 -7.1563 -7.2448 -7.3587 -5.2356 -3.3048 0.2947 2.6192 
-inf -5.8918 -5.5149 -6.2383 -7.3369 -6.2180 -inf -inf -6.8741 -6.1997 -7.1138 -6.9797 -6.4408 -6.9250 -6.9794 -7.2238 -6.9068 -6.9367 -6.7344 -6.6404 -6.7724 -6.8502 -6.6462 -6.7188 -6.6073 -6.1845 -6.1913 -6.5338 -6.4929 -6.5935 -6.3523 -6.8884 -6.5636 -6.7724 -6.6593 -6.4638 -5.2539 -3.5314 0.1595 2.4903 
-5.1986 -5.5452 -inf -6.9315 -inf -inf -6.0665 -5.4600 -5.6609 -6.5322 -5.5350 -5.5891 -5.8778 -5.7176 -6.1916 -6.2560 -5.3555 -5.5111 -5.6658 -5.7659 -6.1029 -5.5187 -5.4471 -5.7763 -6.1189 -5.7735 -5.9447 -6.2376 -5.8593 -6.1766 -5.8573 -6.0581 -6.0156 -6.0606 -5.6812 -5.9006 -5.1166 -3.7060 0.0257 2.3620 
-inf -4.8520 -inf -6.2383 -inf -5.0344 -4.5133 -5.2272 -5.5890 -4.7481 -4.5778 -4.4170 -4.7602 -5.6373 -5.3776 -5.0549 -5.3272 -5.2380 -5.2598 -5.8477 -5.6846 -5.2489 -4.9940 -5.3456 -5.5374 -5.2376 -5.0788 -4.8611 -5.0252 -5.1876 -5.1568 -5.2661 -5.0096 -5.4797 -5.6318 -5.2844 -4.7828 -3.8138 -0.1073 2.2344 
-4.8520 -inf -3.4657 -5.1397 -4.5643 -4.4528 -4.1123 -5.5452 -4.6289 -3.8314 -4.5643 -4.5759 -4.4466 -4.7473 -4.2904 -4.3298 -4.4333 -4.5186 -4.7982 -4.3510 -4.5246 -5.4301 -4.6404 -4.9102 -4.5259 -4.5373 -4.1653 -4.2525 -4.7883 -4.6316 -4.5029 -4.6873 -4.4689 -4.4157 -4.6029 -4.5799 -4.4154 -4.0725 -0.2389 2.1083 
-3.3542 -3.4657 -inf -3.4354 -5.2575 -4.5643 -5.5452 -3.8712 -4.6638 -4.0295 -3.8712 -3.4323 -3.5096 -3.6924 -4.2017 -3.5904 -3.9102 -3.9191 -3.3838 -4.2033 -4.4843 -3.9770 -4.1968 -4.0408 -3.8664 -4.0711 -3.8086 -3.9444 -3.8309 -3.9866 -3.9869 -4.1904 -3.9034 -3.7416 -3.8853 -3.8322 -3.5598 -3.7008 -0.3615 1.9833 
-3.4657 -inf -inf -2.7423 -2.7726 -2.7726 -2.7726 -3.3364 -3.3672 -2.7726 -3.1781 -3.7960 -2.8732 -3.4971 -3.4277 -3.2650 -3.4492 -3.8923 -3.7361 -3.3364 -3.6592 -3.4653 -3.3768 -3.4904 -3.4087 -3.0450 -2.9555 -3.4883 -3.5381 -3.5379 -3.6547 -3.2517 -3.2339 -3.0514 -2.9405 -3.0316 -2.7369 -3.1360 -0.4755 1.8608 
-1.9679 -2.0794 -2.0794 -2.0717 -2.0037 -2.0794 -2.7726 -2.8596 -2.6878 -2.7340 -2.4276 -2.3192 -2.5378 -4.3769 -2.7746 -2.2258 -2.9805 -2.6056 -2.2336 -2.6929 -2.5768 -2.6028 -3.0151 -2.6963 -2.8707 -2.6273 -2.5604 -2.5547 -2.8099 -2.7566 -2.5054 -2.7853 -2.7274 -2.5807 -2.3108 -2.4326 -2.4267 -2.6717 -0.5190 1.7442 
-2.0794 -1.0397 -0.6931 -1.3863 -1.9501 -1.4890 -1.3785 -2.3131 -2.4592 -1.7344 -inf -2.0745 -1.5170 -1.9156 -2.0455 -2.0954 -2.9957 -1.8380 -1.9253 -2.1458 -2.6926 -2.5222 -2.2046 -2.0717 -1.9373 -1.8976 -1.6736 -1.8277 -1.8170 -2.1212 -1.9596 -1.9101 -2.1021 -2.1555 -1.9027 -1.8798 -1.8519 -1.9814 -0.7487 1.6192 
-inf -0.6931 -0.5816 -0.6759 -0.8755 -2.4849 -0.6274 -2.8596 -3.4657 -1.7918 -0.8755 -1.8075 -1.0237 -1.1338 -1.4588 -1.6247 -1.1580 -1.5547 -1.7998 -1.6986 -1.4053 -1.5169 -1.1863 -1.2363 -1.1431 -0.9151 -1.0110 -0.8786 -1.2645 -1.5142 -1.6924 -2.0104 -1.8332 -1.3717 -1.4114 -1.3917 -1.3700 -1.5775 -0.8111 1.5114 
-0.6931 0.3466 0.0000 -1.3863 -0.6931 -0.1823 -0.6931 -1.5686 -0.4424 0.0303 -0.9870 -0.7614 -1.1632 -0.6604 -0.9568 -0.4306 -1.5540 -0.9094 -0.6328 -0.3054 -0.7077 -0.6875 -1.1297 -0.9874 -0.9977 -1.2665 -0.4426 -0.6453 -0.9193 -0.8896 -0.9180 -1.3526 -0.8551 -0.7374 -0.7592 -0.5850 -0.3221 -0.6695 -0.5242 1.3556 
0.8047 -inf -inf 0.7009 0.7513 0.7317 0.8047 0.0153 0.2019 0.4342 0.5108 -0.5754 -0.1889 0.0760 -1.0940 -0.2249 -0.1264 0.3650 0.0904 -0.1881 -0.0852 -0.1060 -0.4023 -0.4088 -0.1355 0.4791 0.4753 0.5272 0.0970 0.0992 0.0620 -0.2860 -0.1209 0.1426 -0.2123 0.0224 0.0204 -0.4968 -0.0926 1.1548 
1.7329 1.7329 -inf -0.5754 1.3060 0.8225 1.4166 0.0443 0.1476 1.0415 -0.0589 0.7520 0.9406 0.7470 0.5482 0.9930 1.2591 1.2834 0.8370 0.7885 0.5736 0.1528 0.5613 0.5444 0.7375 0.2525 0.6774 0.7597 0.4405 0.3425 0.8223 0.7653 0.9588 0.8275 0.3684 0.5155 0.8223 0.4354 0.6432 1.2972 
-inf 2.0794 -inf 0.4055 1.6740 0.9808 1.3863 -0.6931 1.0772 1.2993 1.5825 1.2458 1.8023 0.3251 0.9351 1.5209 1.1420 0.8950 1.4876 1.7062 1.5453 1.7067 1.5740 0.8629 0.4754 1.1419 1.6384 1.6280 1.0497 0.6457 1.1873 1.3328 1.6620 1.4260 0.9609 1.5118 1.8526 1.3447 1.4347 1.7228 
-inf -inf -inf 0.0000 -inf -inf 1.3863 1.1527 1.9667 1.7398 2.0794 2.5044 1.8203 2.0793 1.8471 1.7411 2.4234 1.9953 2.1244 1.9999 2.0868 1.7291 2.1665 1.8042 1.2853 2.0062 2.0807 2.1278 1.8958 1.7702 1.7153 1.5456 2.0297 1.9655 1.8296 1.7798 2.0263 1.8155 1.9236 2.1626 
3.4657 3.1192 3.4657 -inf 3.2834 3.3736 2.7726 1.9198 2.9475 2.9228 2.3671 2.7726 2.8462 1.7568 2.5104 1.9007 3.0587 2.9109 2.9449 2.5909 2.1153 1.6189 2.8058 2.3616 2.0335 2.8052 2.7027 2.7719 2.8061 2.4775 2.3559 2.7416 2.5664 2.4199 2.4785 2.6550 2.7274 2.2649 2.5178 2.7488 
2.7726 3.8123 -inf 4.1666 2.7137 3.5951 4.2705 0.9808 2.4366 3.5954 3.2485 3.5643 2.8904 3.4225 3.1408 2.7765 3.1087 2.5713 2.7782 3.2673 2.8752 2.5084 3.2858 2.5697 2.6723 3.3580 3.6807 3.3433 3.2556 2.6330 3.1130 3.0494 3.0231 3.0235 3.1566 3.5268 3.4410 3.4960 3.6151 3.5119 
3.4657 4.5055 4.1589 4.8520 -inf 3.7534 -inf 2.2336 2.9957 0.9808 2.3671 3.8712 3.8712 3.9894 2.9908 4.1303 4.2543 4.3025 3.5711 3.9109 3.9701 3.7525 4.1150 3.8452 3.9405 3.9283 4.0614 3.9883 3.7547 3.5646 3.4451 3.1541 3.6175 3.8262 4.1066 4.1890 3.8379 4.3092 4.2252 3.8969 
5.5452 5.1986 5.5452 -inf 3.7534 3.7534 -inf 3.6199 2.7081 3.1781 5.3629 5.4502 4.8366 5.0152 4.6987 5.0738 4.9125 5.1235 4.5873 4.4952 4.3396 4.6776 4.6139 3.9374 4.2828 4.6019 4.7818 4.9780 4.2943 4.6063 4.6764 4.5912 4.5583 4.8019 4.4690 4.3979 4.6330 4.6293 5.1610 4.8614 
6.2686 5.8918 -inf 6.2461 3.7534 -inf 5.8918 5.6440 5.7124 5.4448 5.1397 5.5743 5.6052 5.4796 5.1342 5.2778 5.4021 6.0339 5.2217 5.4036 4.6764 5.1886 4.8930 5.4017 4.9660 4.9949 5.3725 5.3838 5.3715 5.4328 5.7765 5.5023 5.4422 5.3909 5.4765 5.3439 5.4079 5.2816 5.3733 5.2470 
6.9315 6.2383 -inf 6.9315 4.4466 6.0560 -inf 6.3371 6.0868 5.0584 5.1397 6.0264 5.4467 5.1765 5.8425 5.3332 5.3824 5.6567 5.1292 6.2129 5.7792 6.0929 6.2324 5.2087 5.8361 5.9155 6.2049 5.9814 5.6182 5.4327 5.5075 5.7021 6.0450 5.6585 5.6821 5.7025 6.0128 5.7158 5.8719 5.9014 
7.6549 7.2780 7.6246 7.6324 6.2383 6.7492 7.0430 6.5866 7.0596 5.7430 6.9701 6.6824 5.1240 5.8906 6.9396 6.5076 5.4336 6.2102 7.1749 7.3201 6.4521 6.4238 6.2426 6.2998 6.4075 6.3069 6.0690 6.7320 6.2520 6.2545 6.1123 6.4862 6.6220 6.4513 6.5511 6.9073 6.8259 6.7126 6.8526 6.5088 
-inf 7.6246 8.4293 6.9315 6.9315 7.6246 -inf 6.9518 8.0682 7.3402 7.3307 6.9315 7.8992 6.4031 7.1057 6.5988 7.1147 7.6069 7.1509 7.3061 7.9443 7.6111 7.2214 7.0327 6.8818 7.0860 6.7148 7.4602 7.0252 7.1623 7.2860 7.2145 7.4307 7.2080 7.1626 7.0264 7.4163 7.1567 7.2931 6.9615 
7.6246 8.6643 9.0412 7.6246 7.5657 8.4471 7.6246 7.6246 7.6852 7.3369 5.8329 6.2383 7.9500 7.9318 7.9335 7.6820 7.8264 7.6830 8.1895 7.8598 7.7364 7.1425 7.2782 7.6403 7.6692 7.5974 7.7770 7.6849 7.3677 7.6265 7.2686 7.6696 7.7728 7.3302 7.7408 7.5904 7.9971 7.7623 7.8293 7.7576 
-inf -inf -inf 9.0412 7.9123 8.3178 9.0109 9.0109 8.7241 8.9008 8.0239 8.3751 7.8966 8.3339 8.0076 7.9380 7.8069 8.0665 8.8586 8.8208 8.9056 8.9871 8.7090 7.7827 8.2524 8.5296 8.7402 8.6233 8.1623 8.1582 8.0740 7.9104 8.1185 8.2673 8.1782 8.3101 8.5019 8.5743 8.8477 8.4997 
9.0109 9.7041 10.3972 -inf 7.2192 8.6054 -inf 9.0867 8.9427 8.8286 9.7484 9.2341 10.0546 8.9929 8.5088 9.3294 9.2010 9.4627 9.3996 9.4029 9.0070 9.1702 8.7585 8.8534 9.0899 9.6650 9.5356 9.4507 8.9752 8.6130 8.7598 9.1628 9.3985 9.0072 8.8683 9.2439 9.6055 9.2695 9.3133 8.7728 
-inf 10.3972 9.7041 9.7041 8.6054 10.2149 9.7041 9.5217 9.5880 9.6170 10.0524 9.9272 8.7232 8.6516 9.4939 8.7232 8.8678 9.5217 9.2116 9.6751 10.1022 10.1075 10.1247 10.1908 10.2178 10.1560 10.3140 9.9015 9.4952 9.2149 9.3925 9.8527 9.8180 10.0248 10.0173 9.9914 10.2985 10.0409 9.8773 9.3495 
11.2019 11.0904 11.0904 -inf 10.9142 9.2986 -inf 9.2986 10.1298 10.1095 10.5096 10.4049 10.3972 10.4626 10.3889 9.8218 10.5710 10.6788 9.8462 10.5254 10.4745 9.8527 10.3946 9.5372 10.5732 10.5061 10.4578 10.5376 10.4533 10.2016 10.1636 10.1754 10.5060 10.2622 10.4168 10.5001 10.9778 10.5825 10.6036 10.5020 
-inf 12.1301 11.8951 -inf 11.8271 11.6140 -inf 11.2865 11.7958 11.1415 11.2427 10.5981 11.2440 11.3666 10.6385 9.7041 10.6116 11.1835 10.9237 11.0332 11.3298 10.9932 10.6517 10.9051 11.1958 11.1930 11.5707 11.1520 10.4386 11.0957 11.0301 10.6010 10.9047 10.7288 10.4508 10.9709 11.0861 11.2193 10.9732 11.0451 
12.4766 12.4766 12.4766 11.0904 12.0789 -inf -inf 10.6849 10.3972 -inf 11.0904 12.0066 12.2647 11.1857 11.9861 11.7942 11.7237 10.9080 11.9477 11.8431 11.7812 11.5430 11.4285 11.3056 11.3136 12.0047 11.9136 11.5339 11.2746 11.4698 11.5901 11.4550 11.7381 11.6259 11.1995 11.5219 11.9502 11.7488 11.9721 11.7597 
-inf 13.1698 13.1698 11.7835 11.6012 12.2943 12.4766 13.0108 12.3763 11.7835 12.9952 12.4786 12.7951 11.9400 12.1934 11.7352 12.8346 12.5081 12.9724 12.8320 12.4384 12.6438 12.6390 12.0263 12.2870 12.5127 12.4436 12.5190 12.0736 11.7845 12.4961 12.3131 12.4643 12.2642 12.0297 12.1525 12.6134 12.6705 12.9108 12.6399 
-inf -inf -inf 13.8933 13.1049 12.7946 -inf 13.2455 12.8821 13.3239 13.2134 12.9937 12.6998 12.9262 13.3892 12.9622 13.2464 13.3714 12.8517 12.9961 12.5679 11.9526 12.6372 12.7617 12.7203 13.0242 13.4511 13.3262 12.8525 12.5721 12.8234 13.1548 13.3831 13.1412 12.7852 12.9242 13.3016 13.4027 13.5641 13.3417 
14.9027 14.9027 -inf 13.1698 13.8204 14.5561 13.8629 14.2295 13.7984 13.6023 13.9337 14.1225 13.7626 13.7636 13.2850 13.3387 14.1068 14.1389 13.5224 13.9697 13.9485 13.6218 13.6533 13.7266 13.6983 13.8445 13.5333 13.5545 13.5925 13.8297 13.7539 13.9930 13.7828 13.6626 13.5248 13.6519 13.8621 13.8043 13.9489 13.8011 
