14.9753 -0.4863 -1.1252 -0.4920 -1.0242 -0.0191 -1.0932 0.1017 -0.4610 -0.0422 -0.2188 -0.4586 -0.4208 
15.8001 -1.0223 -0.1454 -1.5019 -2.0244 -0.4895 -0.5050 -1.4104 -0.0194 0.2443 -0.0241 -0.4417 -0.4104 
15.7306 -1.4830 0.1810 -1.5347 -1.3733 0.0126 -0.8935 -0.1794 1.4587 0.2914 -0.2981 0.1171 0.0966 
17.0305 -0.8462 0.4575 -0.8393 -0.7329 -0.4486 -0.7580 0.1054 -0.3974 0.1071 -0.2504 -0.3261 -0.1888 
17.0614 -0.2391 0.0118 -1.2878 -2.6788 -0.5089 -0.7025 -0.5896 -0.2730 0.0288 0.0314 -0.6717 0.0451 
16.1466 -1.5224 0.2520 -1.0161 -2.1577 -0.5686 -0.6123 0.5856 0.6235 -0.3963 -1.1724 -0.5939 0.4019 
15.8216 -1.4699 1.4083 0.4207 0.1078 -0.5376 -0.9689 -0.4267 0.1533 -0.6091 -0.2928 0.0695 -0.3486 
17.6962 -0.6630 -0.4884 -0.8329 -0.3873 0.1198 -0.0876 -0.1848 -0.0962 0.2532 0.0855 0.0352 -0.6308 
17.4673 -0.7341 0.5678 -1.2636 -1.2421 -0.8507 -0.6597 -0.4148 -0.0405 -0.0469 -0.1972 0.1568 -0.4149 
16.4590 -0.5940 1.8824 -0.5867 -1.1157 0.4183 -0.5777 0.1281 0.1108 -0.8737 -1.0144 0.2391 0.0878 
17.8130 -0.4292 -0.3783 -0.8944 -1.0345 -0.7850 -1.8719 -0.6178 -0.8035 -0.0446 -0.3862 -0.3365 -0.8310 
18.0446 -0.5347 0.1755 -0.3349 -1.0743 -1.0948 -0.1617 0.0088 -0.2984 -0.1552 -0.4298 -0.2474 -0.0419 
17.3248 -1.4837 0.1133 -1.2191 -1.0695 -0.6921 -1.0205 -0.5030 0.3025 -0.7677 -0.0171 0.0345 -0.2451 
18.0637 -1.6079 0.3058 -1.6519 -0.7502 -0.2784 -0.0837 0.0273 0.1588 -0.8404 -0.2510 -0.3419 -0.3658 
18.4249 -2.0921 -0.0472 -1.4639 -1.9540 0.3460 0.0446 -0.7062 -0.8835 0.0677 -0.7717 -0.4430 -0.1760 
17.7535 -1.3391 -0.5987 -1.5278 -1.3951 -0.5720 -0.2750 0.5209 0.5823 -0.4724 -0.1579 0.2438 -0.5363 
18.1458 -1.8195 0.3177 -0.7614 -0.2810 -0.5624 -1.0429 0.2702 0.0632 -0.3958 -0.1329 -0.4999 0.1442 
17.4073 -1.4277 -0.3834 -1.5292 -1.8543 -0.0840 -0.5429 -1.3230 -0.9949 0.1953 0.6267 -0.5633 -0.0983 
19.5498 -0.0172 0.9847 -1.3135 -1.6112 -1.0041 0.1596 -0.9222 -0.5531 -0.5715 -0.2611 -0.0389 -0.2375 
18.8260 0.5387 0.7757 -0.6307 -0.7362 -0.6300 -0.7689 -0.2925 -0.1790 -0.3044 -0.5646 -0.4749 0.0544 
19.2630 -0.2127 0.8045 -1.0394 -0.5355 -0.4625 -1.6999 -0.9142 0.0941 0.0157 -0.0122 -0.6890 -0.3597 
18.2407 -0.8599 0.8506 -1.2579 -0.9417 -0.6580 -0.2862 -0.1903 -0.0138 -0.8359 -0.3287 -0.5977 -0.0044 
18.6496 -0.5738 1.2308 -0.0014 -2.0857 -0.7762 -0.1238 -0.0476 -0.7538 -0.5447 -0.0099 0.2473 -0.0921 
18.7146 -0.6792 0.5833 -0.4631 -1.9429 -1.0278 -0.7805 -0.5379 -1.0310 -0.8631 0.0338 0.1430 -0.8432 
18.7271 0.8049 1.5570 -1.0788 -1.2535 -0.6650 -0.5125 0.9799 -0.1951 -0.6815 -0.6627 0.0037 -0.1150 
18.1812 -0.5885 1.2587 -1.6188 -1.0959 0.3708 -1.4435 0.6920 1.1044 -1.0431 0.1793 0.1051 -0.9845 
17.8674 -0.1509 0.6417 0.8980 -0.5029 -0.5185 -0.7962 -0.8018 0.2358 0.3126 -0.6138 -0.7780 -0.1950 
17.8323 -0.1484 0.3740 -1.6751 -0.8413 1.1203 -0.7339 -0.9243 -0.7779 -0.2051 -0.1703 -0.3877 0.0867 
18.0754 -0.4905 0.9399 -1.2993 -1.0142 0.9563 -1.0215 -0.4504 0.1530 -0.3575 0.1073 -0.5052 -0.0508 
18.7451 -1.4749 0.5870 0.0151 -0.1982 -0.0074 -0.2930 0.1449 0.1734 -0.6150 -0.5282 -0.5739 -0.2423 
18.4515 -1.2399 -0.2089 -1.2884 -1.7515 0.1912 -0.6079 0.0498 0.2442 -0.4480 -0.7805 -0.1355 0.1762 
18.6627 -0.9124 1.1466 -1.7999 -1.5081 0.8579 -0.4329 -0.5460 0.5782 0.0818 -1.1861 -0.3685 0.3884 
17.9477 -0.7599 1.2698 -0.9967 -1.0058 0.2342 -1.9143 -0.8688 0.7434 -0.2893 -0.0683 -0.6075 0.2195 
18.4289 -1.3785 -0.1078 -1.0398 -0.8903 -1.2063 -1.1158 -0.1944 -0.8922 -0.8492 -0.0585 -0.0583 -0.6058 
17.7815 0.0977 1.6407 -1.0983 -0.6292 -1.0434 -0.9850 -0.1194 -0.0107 0.1955 -0.4461 -0.2900 -0.3295 
17.5013 -1.3613 0.3078 -2.7539 -1.2874 -0.9355 -0.3485 -0.6151 -1.3168 -0.2954 -0.8524 -0.9822 -0.1182 
18.8065 -0.5821 0.8865 0.5272 -0.8933 -0.4727 -0.3277 0.0931 -1.0419 -0.4513 0.2961 -0.2426 0.1163 
18.8707 -1.4017 0.0643 -1.2781 -0.2663 0.7497 -0.1156 -0.0745 -0.2462 -0.2719 -0.0345 -0.3356 -0.0604 
18.7256 -1.5063 0.2311 -0.9533 -1.1042 -0.5787 -0.4617 -0.1026 -0.9071 -1.1497 0.0504 -0.5158 -0.0924 
17.9162 -0.2068 1.4514 -0.5051 -1.0416 0.1039 -0.3815 -0.3287 0.0848 -0.7773 -0.4929 -0.8554 0.4204 
18.2813 -0.5727 1.2571 -0.5042 -0.7542 -0.2331 -0.2341 -0.6894 -0.6076 -0.8114 -0.1163 0.1682 -0.5249 
19.2758 -0.2387 0.2826 -1.5798 -2.2987 -0.9555 -0.0100 -0.1693 -0.5620 -0.3293 0.4555 -0.3218 -0.0811 
17.1423 -1.3565 -1.0132 -1.2253 -1.4071 0.9537 -0.5210 -0.2327 -0.8646 -0.7333 0.0052 0.2828 -0.0886 
18.9629 -0.3573 0.8777 -0.1458 -1.4893 -0.4215 -0.0968 -0.7872 -0.6500 -0.6939 0.2182 -0.2983 -0.0663 
18.7940 -0.2785 0.2228 -1.2406 -1.5486 -0.6717 -0.6748 -1.0534 -0.3170 -0.4892 -0.2252 -0.6609 0.1681 
17.7438 -1.6988 0.2160 -1.0720 -0.4411 -0.6444 -0.5340 -0.5775 -0.0816 0.0907 0.8428 0.4611 -0.0369 
18.4255 0.7757 0.0225 -0.8261 -1.0395 -0.3301 -0.3881 0.3616 0.2718 0.0965 -0.5440 -0.0816 -0.0311 
18.3911 -1.2675 1.5457 0.2479 -1.3990 -0.8718 -0.8804 0.0555 0.6010 -0.7951 -0.8297 -0.2800 0.8649 
19.0975 0.3644 -0.4443 -0.6222 -1.3425 -0.1427 -1.7326 0.1045 -0.2989 0.0415 0.1667 -0.4567 -0.5320 
17.0167 -1.2163 -1.5075 -2.8781 -0.5805 -0.7648 -1.0627 1.1950 0.3229 0.0104 -0.5786 -0.5056 -0.2087 
18.6053 -1.3034 0.1120 -0.8022 -1.4975 -0.9282 -0.9367 -0.5073 0.7168 -0.4909 0.3852 -0.2366 0.2083 
18.6465 -0.5607 0.6792 -0.4060 -1.4182 -0.4835 -1.4759 -0.7443 -0.3311 0.2601 -0.0251 -0.3822 0.2103 
17.9740 -1.6504 0.4163 -0.4033 -0.3583 0.1071 -0.6591 0.9131 0.4244 -1.0569 -0.9829 -0.5341 0.4177 
19.4571 0.1326 -0.5213 -1.5287 -1.3104 -0.0945 0.1079 -0.5511 -0.1464 0.1817 -0.0084 0.1588 0.5422 
19.7887 -1.2656 -0.0720 -0.1628 -0.7561 0.7385 0.2664 -1.0263 -1.0296 -0.6275 -0.2277 0.0789 0.0461 
19.9220 -0.9642 0.7456 -0.9835 -1.0002 -1.0187 -1.0593 0.0032 -0.2130 -0.0801 -0.1973 -0.4082 -0.1292 
18.8364 -0.6901 -0.0136 -2.3380 -0.0984 0.3717 -0.3773 0.9142 0.1745 -0.0451 -0.2425 -0.3134 -1.2095 
18.7097 -1.1707 0.2352 -1.4105 -1.1390 -0.0693 0.4498 0.4074 -0.0116 -0.2445 -0.2408 0.1174 -0.2376 
17.9975 -0.7633 -0.6151 -1.4807 -0.1125 -0.5387 0.0612 -0.8341 0.6893 -0.6131 0.0377 0.3816 -0.4365 
18.6496 0.5047 -0.0432 -1.3857 -1.6718 -0.1136 -0.9115 -1.0741 0.3245 0.3975 -0.3984 -0.1289 -0.0325 
18.3890 0.3732 0.0962 -0.0549 -0.8333 -0.5614 -0.4939 -0.3332 0.2573 -0.6646 0.3908 -0.5440 0.2021 
19.4661 0.6645 0.7334 -1.1959 -1.4949 0.0030 0.3241 0.1654 -0.6371 -1.6951 -0.1399 -0.0334 -0.3773 
18.6245 -0.2349 0.8390 -0.2840 -1.0938 -1.8864 -0.3459 0.6489 -0.0308 -1.1841 -0.8711 -0.1231 0.1347 
19.3530 -0.6939 0.1202 -0.5573 -1.8527 -0.7499 -1.0957 -0.9054 -0.2104 -0.2968 0.0048 -0.3261 -0.4545 
18.9113 0.1071 1.0388 -0.4535 -0.8978 0.1469 -0.1575 -1.4340 -0.3256 -0.3924 0.3897 0.1040 -0.3303 
19.3043 -1.6274 0.0100 -1.9169 -1.1723 0.2186 -0.3715 -0.2140 0.0872 -0.3302 0.3778 0.1149 0.8349 
18.0988 -1.5038 0.6034 -1.0796 -2.0501 -0.7188 -0.1796 0.2875 -0.1179 -0.7130 0.1936 -0.5001 -0.4834 
18.7501 -0.6948 0.3231 -0.6145 -0.7801 0.5046 -0.5108 -0.5036 0.3350 -0.5758 -0.5614 0.0927 0.3860 
19.6198 -1.3238 0.7255 -0.8067 -0.5972 -0.1984 -0.0776 -0.4964 0.3756 -0.4627 -0.5409 -0.1986 0.3939 
19.0418 -1.7296 -0.0446 -1.9271 -0.8870 0.3470 0.3123 0.0690 0.1406 -0.0983 -0.5567 0.1491 0.4523 
18.8958 -0.6113 0.6000 0.0951 -0.5103 -0.6213 -0.9766 0.5076 -0.3597 -0.4453 -0.1931 0.3525 -0.2909 
18.4728 -0.8671 0.3782 -0.7206 -0.3749 0.5884 -1.0531 0.2414 -0.5445 -0.4339 -0.7346 -0.3684 -0.2044 
19.0989 -0.0053 0.8422 -0.7257 -0.6387 -0.0104 -0.3579 -0.1184 -0.8265 -0.5292 -0.8706 -0.2482 0.5819 
19.3280 0.4528 0.0447 -0.7556 -1.1920 -0.0196 -0.7754 -0.4987 -0.1543 -0.4326 -0.2179 -0.6624 -0.1648 
18.9507 -0.2328 -0.5056 -1.5225 -0.3430 -0.4015 -0.5103 -0.8611 0.2803 0.1402 -0.7814 -0.2150 0.2327 
18.9220 -1.8710 0.1952 -0.7038 -0.9326 -0.7242 -0.5867 -0.5511 0.3421 -0.3469 -0.0959 -0.3328 -0.0150 
19.0297 -0.0018 0.4455 -0.8204 -0.3179 0.1834 -0.6805 -0.5102 -0.9976 0.0266 0.8661 -0.6414 -0.1437 
20.7742 -0.0276 0.7313 -0.9768 -1.4863 0.0629 0.0583 -0.9225 -0.5920 -0.2149 -0.0366 -0.1682 -0.3268 
19.9381 1.0292 0.3513 -1.8937 -1.0545 -0.4051 0.1168 -0.5035 -0.7758 0.0165 -0.0379 -0.6122 -0.0810 
19.4842 0.1858 0.7333 -2.6018 -1.4857 0.0546 -0.6487 -0.8486 -0.7024 -0.4987 0.0250 -0.6671 -0.1150 
19.6503 -1.0238 0.1440 -0.7959 -0.7490 0.6839 -0.5546 -0.4069 -0.5094 0.2158 0.3940 0.0302 -0.6171 
19.2921 -1.1173 -0.0826 -2.3057 -1.2651 -0.2495 -0.4485 -0.7406 0.0064 -0.8950 -0.3358 -0.5112 0.2939 
18.8224 -1.6530 -0.0189 -1.5273 -1.3169 -1.0453 -1.6601 -0.1280 -0.6527 -1.0318 -0.5799 -0.7261 0.4194 
21.2005 -1.5690 -1.1470 -0.3486 0.4662 -0.0438 0.3238 -0.1496 0.2790 -0.7517 0.1429 -0.3037 -0.1406 
24.4543 -2.4363 -2.9843 -2.0161 0.4067 0.0124 1.0895 -0.0261 -0.1167 -0.6159 0.1891 -0.2266 -0.3928 
20.6185 -1.5494 -1.8556 -1.6331 -2.2200 0.2554 0.4252 -0.4101 -0.0276 0.0426 0.5149 0.1773 0.2970 
19.4726 -1.0350 0.5123 1.0133 -0.9749 -1.8592 0.6819 0.1058 -0.1221 -0.5415 -0.2355 0.0724 -0.1845 
20.1076 -1.0356 -0.5078 -1.6012 -1.1842 0.0547 0.4883 -0.3765 0.3002 0.1505 0.0413 -0.1154 0.2399 
18.2212 -0.9952 -0.2947 -2.4884 -1.2758 -0.8567 -1.1076 -0.2615 0.2648 -0.5872 -0.4111 -0.2354 0.7245 
18.9444 -1.0279 -0.3181 -0.6958 -1.3620 0.5538 0.1802 -0.9277 -0.7503 -1.3040 -0.1974 0.1392 0.0834 
18.7287 -1.0654 0.4925 -0.7629 -1.2179 1.2113 -0.9344 -0.3956 1.0616 -0.0175 -0.1233 -0.3152 -0.3075 
18.3128 -0.0219 0.1182 -1.7968 -1.3818 -1.2795 -0.4640 -0.6025 0.0553 -0.8271 0.0422 0.0266 0.0143 
19.3236 -1.1010 -0.0988 -2.4808 -1.3857 1.8778 -0.2628 -0.6584 0.6063 -0.3333 -0.1429 -0.2506 -0.0488 
22.0623 -0.8759 -1.3922 -0.8909 0.1217 -0.7914 0.0981 -0.6285 0.0117 -0.0440 0.2704 -0.2642 0.3512 
24.0189 -2.6756 -2.6849 -1.7192 -0.8161 -0.3021 0.1202 -0.1803 -0.2761 -0.5106 0.0619 -0.4089 -0.4727 
27.5617 -1.2036 -2.2498 -1.0956 -0.8240 -0.3380 0.6228 0.4792 0.1390 -0.0849 0.1911 0.0368 -0.0974 
34.7894 -3.4655 -3.1716 -2.2339 -2.5724 -0.9546 -0.0208 0.6253 0.1520 -1.2313 0.1661 0.1037 -0.3931 
34.9651 -3.8274 -1.4580 -1.7037 -2.7181 -0.9769 -0.0021 0.7005 2.3848 -0.6548 -0.5217 -0.3814 0.7245 
34.7510 -3.8460 -0.6750 -1.8396 -2.5811 -1.5945 0.3584 0.9328 1.8991 0.7162 -1.4440 -0.2889 1.3120 
35.3712 -3.7743 -0.6011 -2.7370 -2.2779 -0.8349 0.2628 0.6826 1.3383 0.7711 -1.1211 -0.4467 1.2864 
34.6413 -4.0951 0.4465 -2.8401 -1.9484 -1.1718 -0.3595 0.3169 1.7082 0.9035 -1.1533 -0.7127 1.4465 
34.3617 -4.3612 -0.3944 -3.1681 -1.8255 -1.8612 -0.0487 -0.1032 1.8275 1.1023 -1.2094 -0.3160 1.2843 
32.8831 -3.9774 -0.4751 -4.7105 -1.8076 -2.5650 -0.6772 -0.9791 1.9880 0.3941 -1.6033 -0.2594 0.9308 
33.8662 -4.8651 -0.5462 -4.3221 -1.6937 -1.7219 -0.3512 0.3865 2.2994 1.7138 0.0982 0.4906 1.7080 
34.3411 -4.9516 -0.5678 -3.9603 -2.1452 -1.7940 -0.5092 0.3282 1.9028 1.0907 -0.4726 -0.2497 1.4893 
34.9484 -4.4457 0.0041 -3.5826 -2.0690 -1.4215 -0.6833 -0.0209 1.4423 0.7676 -0.7947 -0.8518 0.9926 
35.3294 -4.2382 0.1690 -3.2617 -1.7202 -1.3797 -0.8252 0.3417 1.3672 0.6761 -0.6654 -1.0239 0.7809 
35.1981 -4.3319 -0.2042 -3.6090 -1.8319 -1.7124 -0.9745 0.0170 1.1676 0.2912 -0.9499 -1.1896 0.5448 
35.1492 -3.1262 1.2518 -2.9275 -1.0008 -1.4823 -0.1762 0.8725 2.1473 0.7439 -0.9490 -0.6677 1.2339 
34.9030 -3.5803 0.6743 -3.8146 -1.3724 -1.4861 -0.7802 0.2263 1.7931 0.9079 -0.7248 -0.5789 1.2964 
35.0363 -4.2279 0.2799 -3.7029 -1.6976 -1.4771 -0.6161 0.3741 1.7605 0.9164 -0.6441 -0.6153 1.0567 
35.3364 -3.5061 0.8711 -3.4513 -1.3491 -1.5324 -0.6505 0.2774 1.7733 0.7859 -0.8772 -0.6405 1.2595 
34.9611 -4.1949 0.1889 -4.0747 -1.4679 -1.7845 -0.9514 0.7544 1.5812 0.9064 -0.1578 -0.5445 1.1463 
35.2059 -3.5290 0.5543 -3.8531 -1.2418 -1.3088 -0.6631 0.5941 1.6836 0.7514 -0.5534 -0.6916 0.9642 
35.0679 -3.8079 0.4333 -3.4120 -1.7409 -1.7451 -0.8402 0.7249 1.7445 0.2123 -1.1952 -0.8568 1.0023 
33.6435 -3.0285 0.8863 -4.0045 -1.3407 -1.8297 -0.8233 0.9700 2.4974 0.1627 -1.5012 -0.5441 1.3938 
33.2700 -2.5953 0.2236 -3.7683 -1.3809 -1.8479 -0.5466 0.8337 2.3248 0.3363 -1.1509 -0.4746 1.4567 
33.0620 -2.3881 0.0717 -2.9054 -2.0613 -0.6817 -0.6644 1.0367 2.4510 -0.0037 -1.1225 -0.6227 1.5066 
32.9576 -4.1232 -1.8662 -2.7501 -3.0392 -0.9884 -0.6663 0.8260 1.8118 0.3079 -0.5825 -0.5421 1.6735 
33.5248 -3.9936 -1.3117 -1.3020 -2.6485 -0.9590 0.2541 1.3744 2.1045 0.5073 -2.0802 -0.4656 1.7588 
34.0057 -3.2443 -1.9077 -1.4434 -2.0877 -1.0716 1.4010 0.9832 2.3288 0.8158 -1.8394 -0.2748 0.9218 
32.9304 -3.0933 -2.4663 -1.1515 -3.2478 -1.5517 0.9082 1.8866 2.4992 0.3004 -2.4882 -0.1570 1.0604 
33.8053 -2.0432 -1.8518 -1.4594 -2.3468 -1.4087 0.4052 2.0760 1.8787 -0.3463 -1.7973 -0.0116 0.9547 
32.4819 -1.8093 -3.1781 -1.2556 -2.3964 -1.9887 0.8224 1.8538 1.8892 -0.9473 -1.7188 0.3335 0.6608 
32.5513 -2.8996 -3.2285 -1.6159 -2.6112 -1.3722 0.7114 2.1271 1.5961 -0.9520 -1.1004 0.3527 0.5293 
30.3366 -1.6135 -3.2765 -2.4191 -2.0306 -0.5091 0.3413 1.8740 1.4240 -0.8356 -0.4401 0.1733 -0.4695 
28.8913 -2.5686 -2.2423 -1.5266 -2.5326 -0.9624 0.4470 1.3648 1.1967 -0.6726 -0.5182 -0.0384 -0.2312 
28.4777 -1.9956 -2.4846 -2.0583 -1.4603 -0.9193 0.3182 0.7946 0.5571 -1.0989 -1.6240 0.1693 0.4088 
27.6392 -2.1859 -1.6437 -2.2963 -2.3888 -0.7637 0.0974 -0.1518 0.2690 -1.3170 -1.5036 -0.0518 0.2703 
26.8249 -1.2809 -1.9347 -0.5101 -1.0177 -0.0047 0.4145 0.2951 -0.0020 -1.5492 -1.3684 0.3376 0.3117 
27.0230 -1.9086 -1.1780 -0.2756 -2.0193 -1.2917 -0.2790 0.9099 0.8217 -0.9509 -1.9546 -0.0585 0.9096 
24.3313 -0.8239 -1.0567 0.3055 -2.3652 -0.4058 0.9593 0.2264 0.3924 -1.0881 -1.0714 -0.5091 0.6686 
24.6737 -2.6730 -3.2410 -1.1527 -2.7614 -1.3323 0.0891 -0.0936 0.3068 -0.8279 -1.6030 0.1066 -0.1790 
25.0188 -0.8616 -1.4132 -0.7935 -2.1204 -1.1611 -0.0350 0.1446 1.8275 -0.4825 -1.7464 0.0615 0.7656 
23.4019 -0.7402 -0.8792 -0.8749 -1.5967 -0.8070 0.4500 0.5666 0.5574 -0.1021 -0.5532 -0.7397 0.3105 
22.6058 -2.2275 -0.0932 -0.6623 -1.5904 -1.6817 0.0781 0.6076 0.5450 -0.7706 -1.4391 -0.0833 1.2962 
22.1650 -2.1817 -1.2211 -1.0501 -1.5361 -1.8285 -1.0989 -1.2111 -0.5229 -0.6770 -0.5086 0.2228 -0.2337 
21.3349 -0.6185 -1.0539 -0.5219 -1.0865 -1.3557 0.4131 -0.0705 -0.1098 -0.8192 -1.0737 -0.1359 0.1467 
20.5212 -0.8239 -0.0245 -1.3339 -2.4655 -1.5715 0.9244 -0.4826 -0.1734 -0.3308 -1.2346 -0.0684 0.3589 
20.4421 -1.4105 0.1165 -1.2694 -1.9240 -0.0713 0.8057 0.1059 -0.2804 -0.2534 -0.6176 -0.5490 0.1232 
20.6072 -0.1077 -0.5737 -1.0738 -1.4787 -0.4594 -0.6192 0.1643 0.1438 -0.0470 -0.8145 0.0235 -0.0511 
20.4498 -1.3310 -0.6174 -1.0856 -1.9486 0.3264 0.6065 -0.2710 0.0826 -0.2078 -0.6198 -0.1954 0.3657 
21.2060 -0.6252 -0.4517 -1.5872 -1.1611 -0.3139 -0.1543 0.4460 0.3097 -0.8900 -0.1101 -0.1800 -0.0106 
21.1032 -1.4886 -0.0740 -0.4351 -1.6687 -0.4540 -0.4267 0.1341 0.3117 -0.4277 -0.6396 -0.5315 0.2923 
18.5284 -1.9959 0.0078 -0.8457 -2.8696 -0.1100 0.2315 -0.5677 -0.4263 -0.2826 -0.4243 -0.2202 -0.3943 
19.5903 -0.6046 -1.0100 -1.2719 -2.3157 -1.1771 0.3914 -0.0099 0.1957 -0.0395 -1.1641 -0.2456 0.6261 
20.3169 -0.7989 1.7674 -1.1882 -1.0782 -0.5507 -0.4818 0.7283 0.1499 -0.9054 -0.4513 -0.3360 0.2537 
19.6571 0.5483 0.8357 -0.8330 -1.8617 -0.3401 -0.3580 -0.6740 0.1427 -0.5203 -0.5569 -0.1217 -0.0484 
17.9343 -0.9706 0.3788 0.2219 -1.4311 -0.7116 -0.6613 -0.1487 -0.5998 -0.9691 -0.3044 -0.8958 0.5082 
19.4031 -0.6695 -1.0159 -1.3785 -1.0813 -0.4510 -1.2576 -0.5891 -0.6249 0.2312 -0.6513 -0.3087 0.0071 
19.1686 -0.3929 0.8868 -0.8167 0.8380 -0.1217 -1.1569 -0.0476 -0.3539 -0.2466 -0.3002 -0.7413 0.1978 
19.7560 -0.4282 0.1194 -1.0307 -1.2895 0.2230 -1.7684 -0.3315 -0.3850 -0.2676 -0.1526 -0.7584 -0.0898 
19.3620 -0.3709 1.1722 -0.0126 -0.7498 -0.0291 -1.0981 -0.0224 0.0155 -0.3770 -0.6906 -0.1453 0.1711 
19.2162 -0.2511 0.0713 -1.7627 -0.6569 -0.6243 -0.0423 -0.2856 -0.1975 -0.8749 -0.4860 0.1740 -0.2217 
18.4604 -0.4117 1.0308 -0.5789 0.1310 0.0470 -0.4809 -1.4043 -0.1308 -0.4560 -1.2484 -0.1478 0.6258 
19.4057 1.0256 0.0806 -0.3631 -1.0507 0.1298 -1.6979 -0.4397 -0.4641 -0.6824 -0.2504 -0.0412 -0.5764 
19.8071 0.0990 1.0886 -1.1585 -0.6389 0.3254 -0.7916 -1.0457 -0.5993 -0.4225 -0.8764 -1.0669 0.4487 
19.9887 -1.1241 1.0401 0.4513 -1.0850 0.0487 -0.9775 -0.3155 -0.3758 -1.3086 -0.9269 -0.3492 0.0901 
19.1299 -0.0360 -0.4328 -0.3706 -1.2246 -0.9239 -1.3545 -0.5146 -0.9762 -0.1971 -0.1383 -0.8504 -0.0147 
18.8940 -0.8674 0.0029 -1.9415 -1.2704 -0.5085 -1.7381 -0.5760 -0.6044 -1.2404 -0.8352 -0.3722 -0.6120 
20.4602 0.7793 0.0156 -0.7410 -1.0665 0.1674 -1.6141 -0.4667 -0.1904 -0.0951 -0.5121 0.4171 -0.0195 
19.1138 0.5609 -0.3092 -0.6660 -0.8361 -0.5028 0.2928 -0.8606 -0.5479 -0.0114 -0.7955 -0.2255 -0.1111 
19.2746 -0.8218 0.5859 -0.0602 -0.8724 0.6213 -1.4922 -0.4478 -0.4209 -0.3331 -0.2548 0.1673 -0.1131 
19.0803 -0.6559 0.2035 -1.1835 -0.3914 -0.3367 -0.6855 -0.1013 -0.7706 -0.8109 -0.0895 -0.7410 0.1686 
17.5369 0.3343 0.4562 0.4010 -0.1294 -0.6792 0.0471 -0.6990 -1.0483 -0.7344 -0.4769 -0.1438 0.2633 
18.7785 -0.2678 -0.1413 -0.8662 -1.0558 -0.2059 -0.1491 -0.8973 0.0323 -0.5941 -0.7677 -0.6645 0.4161 
18.4455 -1.0355 0.5328 -1.1898 -1.0704 0.4016 0.1591 -1.1498 -1.3404 -0.9198 -0.1880 -0.8060 0.4230 
18.8489 -0.2995 0.4408 -0.8800 0.7967 0.3386 -0.0313 -0.5605 -1.1783 -1.3350 -0.7447 -0.5305 0.2690 
18.4464 -0.0757 0.7781 -1.3289 -0.3811 0.1844 -0.9604 -0.2724 -0.0712 -0.5445 -0.3256 -0.0428 0.2445 
17.8402 -1.8079 -0.2574 -1.5466 0.2176 0.9506 -0.1944 -0.6098 -1.0647 -0.1539 -0.3625 0.2087 0.3895 
19.7621 -1.0243 -0.0645 -0.6383 -0.4688 -0.3845 -0.4407 -0.4441 -0.7116 -0.5452 -0.2764 -0.5745 -0.0110 
17.5831 -0.3468 2.4566 -0.6103 -0.6791 -0.8632 -2.3682 0.0989 -0.1098 -0.9739 -0.4592 -0.2772 0.7296 
19.2747 -0.2053 1.1101 -1.3990 -1.0452 -0.2430 -0.5591 -1.0498 -0.0317 -0.4652 -0.6637 0.2360 -0.1131 
19.4611 0.0832 0.9569 -1.1641 -1.1588 -0.5472 -0.7551 -0.1913 -0.3888 -0.5149 0.3084 -0.4159 -0.0947 
17.9141 -1.5766 -0.2471 -0.9541 -1.4735 -0.2542 -0.5577 -0.1351 -1.2572 -1.5207 -1.5593 -0.5754 0.7102 
18.7103 -0.0295 1.0774 -2.0114 -1.2358 0.0646 -0.8253 -1.1198 -0.2145 0.1158 -0.7115 -0.8365 0.3698 
18.2704 -0.5149 0.2975 -1.1313 -1.0312 -0.2070 -0.6410 -0.7209 -0.3591 -0.4651 -0.8374 -0.4513 -0.2154 
19.8591 -0.4983 0.2773 -0.7710 -0.6309 0.2516 -0.6702 -1.0704 -0.0295 -0.6971 -0.2455 -0.2703 0.4089 
19.0072 -1.3098 0.6365 0.2152 -0.6147 -0.1389 -0.3576 0.0897 -1.2397 -0.3857 -0.9786 -0.4042 0.6385 
17.8639 -1.1393 0.2117 -1.0869 -0.6941 -0.6524 -0.5779 0.2003 -0.0902 0.3832 -0.2212 0.4349 0.4661 
17.7001 -1.8264 0.6596 -0.4546 -1.2208 -0.9252 0.1588 -0.0938 -0.2036 -0.8039 -1.0766 0.0689 0.2416 
18.9369 -0.5129 0.8847 -1.3521 -1.2487 0.3842 -0.3617 -0.0593 0.3242 -0.9352 -0.2044 0.3514 -0.5695 
18.2106 -1.1658 1.0630 -0.8856 -0.9008 -0.7264 -0.8977 -0.3620 -0.2202 0.1264 -0.5895 0.4072 0.3535 
17.8440 0.0416 0.7489 -0.3720 -0.0937 -1.0270 -0.5134 -0.4190 0.2999 -0.6280 -0.8147 0.1092 -0.1191 
18.5489 0.3147 0.6242 -0.5948 -0.6610 -1.3198 -1.4254 -0.2211 0.2752 -0.4828 -0.6107 -0.2613 0.1734 
