18.4893 11.1517 -7.0543 -3.2091 2.7980 -1.7058 -2.2724 1.4002 -0.3818 -1.6919 0.8433 0.0492 -1.8918 
18.8455 11.8989 -6.3431 -3.2639 2.2340 -2.1027 -2.3015 1.7139 -0.1306 -2.0557 0.3235 0.1972 -1.4967 
18.9222 11.6733 -6.8880 -3.4573 2.4839 -1.9184 -2.4821 1.2925 -0.4434 -2.0870 0.2712 -0.1369 -1.8657 
18.3255 11.4973 -6.1197 -2.7952 2.5937 -1.6707 -1.8549 1.7443 -0.2340 -1.7713 0.5483 0.0104 -1.5676 
20.4660 13.2311 -6.0516 -2.6098 3.1347 -1.5595 -1.7771 2.0892 -0.2962 -2.2471 0.2421 -0.2911 -1.9375 
21.2074 13.7412 -6.2018 -2.4663 3.7664 -1.2657 -2.0076 1.9924 -0.1319 -2.1495 0.4888 0.3213 -1.4429 
21.3029 13.6063 -6.8362 -3.1680 3.7237 -0.5240 -1.1853 2.4208 0.3595 -1.2656 1.1020 0.1804 -1.7190 
21.9908 14.1170 -6.6334 -2.6124 3.8966 -1.2927 -1.9040 2.3571 0.4965 -0.9519 1.6995 0.4294 -2.1132 
21.7880 13.6918 -7.2352 -3.1892 3.4138 -1.6788 -2.1474 2.0043 -0.4670 -2.5204 0.2727 -0.1749 -2.0132 
21.0298 13.0284 -7.3646 -3.3684 3.0390 -2.0315 -2.4453 2.0386 0.2732 -1.6540 0.2725 -0.8726 -2.5310 
22.5680 14.6170 -6.7233 -2.9485 3.7465 -1.2987 -2.1005 1.8492 -0.1844 -1.6262 1.2492 0.3990 -1.8301 
22.0702 13.9345 -7.1828 -3.0985 3.4041 -2.1328 -2.6460 2.2427 0.3034 -1.9363 0.9123 1.0141 -0.8535 
21.8063 13.8312 -7.1514 -3.3001 3.5471 -1.4679 -2.5168 1.6832 0.3700 -0.9980 1.4838 0.8741 -0.8481 
22.0864 14.0232 -7.0695 -3.1189 3.4011 -1.9033 -2.5704 1.7602 -0.1728 -1.8467 0.9296 0.4183 -1.3472 
22.2766 14.2890 -6.8184 -2.9276 3.4933 -1.8092 -2.2793 2.2451 0.2676 -1.5044 1.3944 0.9007 -1.3308 
22.7217 14.7663 -6.6370 -2.8753 3.6013 -1.7335 -2.2844 2.3278 0.3631 -1.7161 0.9140 0.5159 -1.4844 
22.9484 14.7981 -6.7275 -2.5386 4.0489 -1.4558 -1.8597 2.7213 0.3188 -1.8940 0.8327 0.2702 -1.7335 
22.1361 13.9799 -7.0950 -2.7329 4.0964 -1.3354 -2.2126 2.0150 -0.1282 -2.0130 0.8140 0.4210 -1.2900 
22.4148 14.1571 -7.5162 -3.6935 3.1877 -1.8088 -2.3728 1.9753 -0.2195 -2.2418 0.6807 0.3662 -1.9158 
23.5390 15.5083 -6.3388 -2.4565 3.9968 -1.6396 -2.3188 2.0406 -0.3134 -2.2557 0.7107 0.1297 -2.0090 
23.2412 14.9628 -6.9669 -2.9933 3.3912 -2.3401 -2.7458 2.0241 -0.1255 -1.9874 0.8983 -0.0366 -2.4861 
22.6694 14.4476 -7.1534 -3.1841 3.2915 -2.4045 -3.1808 1.2440 -1.0365 -3.0043 0.2036 -0.0011 -2.2644 
22.9645 14.7049 -7.1435 -3.1783 3.6027 -1.6662 -2.2726 2.0325 -0.1394 -1.7819 1.2946 0.6583 -1.6045 
23.3271 15.0837 -6.8413 -2.6755 4.1452 -1.4441 -2.2758 2.1649 0.1514 -1.6982 0.9245 0.1597 -1.6729 
22.6757 14.4676 -7.2018 -3.4334 2.9826 -2.4525 -2.9385 1.6971 -0.2300 -2.0849 0.6236 0.2586 -1.1548 
22.6941 14.3116 -7.4824 -3.3296 3.6189 -1.6093 -2.0838 2.5143 0.2877 -2.0052 0.6044 0.3305 -1.3927 
23.7132 15.6830 -6.5244 -3.1461 3.2213 -2.0797 -2.4449 2.1942 0.1590 -1.6710 1.2322 0.6225 -1.7319 
23.3840 15.2765 -6.6996 -2.9656 3.6204 -1.7200 -2.2083 2.3065 -0.0457 -2.3719 0.3369 0.0803 -1.8887 
23.1728 14.6232 -7.7740 -3.9196 2.9508 -2.2087 -2.6133 1.7763 -0.5361 -2.3553 0.5854 -0.0419 -2.0461 
22.9868 14.5516 -7.4853 -3.4590 3.3467 -1.8816 -2.2656 2.1074 -0.2633 -2.0921 0.7142 -0.3207 -2.6256 
22.9751 14.6625 -7.2578 -3.3207 3.2814 -2.2768 -2.7234 2.2337 0.2328 -2.0754 0.5531 0.2722 -1.6006 
22.9293 14.5774 -7.4060 -3.5561 3.1169 -2.1787 -2.7637 1.4769 -0.7370 -2.3481 0.5971 -0.1690 -2.0885 
23.0988 14.8346 -7.1790 -3.5156 2.8858 -2.5889 -3.2008 1.1334 -0.8726 -2.2014 1.0167 0.3933 -1.7047 
23.1265 14.7875 -7.2301 -3.2923 3.3767 -1.9617 -2.3714 2.0543 -0.2769 -1.9454 1.4366 1.1320 -1.0164 
23.2136 14.9566 -6.9115 -2.8454 3.7077 -1.8322 -2.1093 2.6165 0.1451 -2.0148 1.1186 0.7630 -1.5400 
22.8156 14.5003 -7.4239 -3.5992 3.2046 -1.8109 -2.0516 2.4468 -0.1169 -2.4979 0.4758 0.5375 -1.2676 
23.5561 15.3355 -6.7101 -2.6556 3.9968 -1.7166 -2.4910 1.9897 -0.2598 -2.4446 0.1185 -0.4672 -2.2105 
23.5615 14.9532 -7.5498 -3.3171 3.6707 -1.9277 -2.5655 2.0422 -0.1454 -1.9975 1.0609 0.5825 -1.4156 
23.1827 14.8618 -7.3631 -3.4930 3.7295 -1.3317 -2.1968 2.1812 0.2447 -1.6986 1.1317 0.7229 -1.6279 
23.2300 14.9091 -7.0658 -2.7038 4.5328 -1.0148 -2.1994 2.1150 -0.0395 -2.4582 0.0409 -0.0612 -1.7494 
23.3331 15.1082 -7.0092 -3.3459 3.2393 -1.9204 -2.2216 2.1852 -0.1591 -2.0126 0.9005 0.2389 -1.8317 
23.2342 14.7228 -7.6961 -3.8664 3.0048 -2.2742 -2.7363 1.9018 -0.3294 -2.5585 0.0962 -0.3102 -1.8948 
23.3513 14.9824 -6.9727 -2.5655 4.2732 -1.4898 -2.3066 2.0133 -0.4990 -2.6088 0.3329 -0.0669 -1.8352 
21.9375 13.3549 -8.1383 -3.7575 3.2779 -1.5936 -1.6980 2.4600 -0.5191 -2.7191 0.4072 0.1431 -1.6826 
23.1944 14.6736 -7.5055 -3.1196 4.1651 -1.2173 -2.1637 2.0592 -0.1364 -1.9926 0.9186 0.4493 -1.5002 
23.6257 14.9145 -7.6490 -3.2024 3.8989 -1.7263 -2.2263 2.4517 -0.0780 -2.4226 0.2734 -0.4125 -2.1922 
23.8986 15.6417 -6.7483 -2.8690 3.7779 -1.9746 -2.6453 2.2154 0.1947 -2.0056 0.7128 0.1618 -2.1195 
23.1579 14.4330 -8.0177 -3.6990 3.6178 -1.6033 -2.2777 1.8572 -0.8615 -3.0116 0.0695 -0.1288 -1.7577 
23.3531 15.1521 -6.7480 -2.7527 3.7763 -1.8632 -2.7022 1.3381 -0.9095 -2.2014 1.0060 0.0392 -2.2330 
23.9200 15.6047 -6.6774 -2.5743 3.8681 -2.1806 -2.8118 1.9793 -0.1640 -2.0916 0.6920 -0.2732 -2.3862 
23.6325 15.2059 -7.1862 -3.1872 3.6093 -1.8491 -2.3829 2.0444 -0.2839 -2.0375 1.0431 0.2416 -2.1555 
23.4403 14.6477 -8.0386 -3.6960 3.6617 -1.6382 -2.2000 2.3165 -0.0979 -2.1670 0.8612 0.3439 -1.8713 
23.7588 15.0629 -7.7620 -3.5865 3.7333 -1.5502 -2.1951 2.2186 -0.1624 -2.0815 1.0178 0.3544 -2.0679 
23.5025 14.8113 -7.5525 -2.9410 4.0086 -2.0769 -2.9409 1.7869 -0.3749 -2.2801 0.7445 -0.0076 -2.4098 
22.8266 14.3077 -7.5356 -3.1653 3.5502 -2.0859 -2.5929 1.8685 -0.5118 -2.3463 0.5284 -0.3385 -2.3156 
23.5101 14.6504 -8.1532 -4.0169 2.7725 -2.9493 -3.1605 2.0426 -0.0200 -2.1229 0.5803 -0.2359 -2.2208 
23.5624 15.0488 -7.4627 -3.3011 3.9727 -1.4786 -2.5617 1.6928 -0.4954 -2.4940 0.5323 0.4403 -1.3647 
23.6430 15.0611 -7.3228 -3.0542 3.4543 -2.5859 -2.9170 2.1586 -0.1130 -2.1850 0.9137 0.3975 -1.8297 
23.5275 14.8443 -7.7204 -3.3172 3.8862 -1.9343 -2.8098 2.3644 0.8564 -1.4085 0.7022 -0.2157 -2.4225 
24.3111 14.7913 -8.5696 -2.8269 4.8141 -2.0819 -2.9883 2.5025 0.0681 -2.4723 0.8995 0.6190 -2.0094 
26.9246 15.4770 -10.4068 -2.0970 6.2134 -3.3760 -3.6915 4.2126 0.5657 -3.5774 1.1682 1.3986 -2.5927 
26.3774 15.1089 -10.7692 -3.2840 5.2123 -3.3547 -3.7534 3.5079 0.1380 -3.5034 1.2665 1.6110 -2.3258 
26.5956 16.6010 -8.6997 -3.0978 4.7240 -2.5211 -3.0022 3.0620 -0.1237 -3.2935 0.8970 1.0809 -2.3246 
24.7355 15.0170 -8.9312 -3.2650 4.6193 -2.2405 -3.2026 2.3785 -0.0406 -2.6722 0.6873 0.2649 -2.5220 
24.3220 15.4094 -7.4706 -2.3968 4.7294 -2.0254 -3.0629 2.2520 0.1517 -2.2803 0.7408 0.4927 -1.7852 
24.1818 15.3033 -7.9805 -3.8394 3.3780 -2.2098 -2.7771 2.1640 0.2092 -1.7407 1.0144 0.1989 -1.9072 
23.6030 15.1757 -7.1124 -2.9038 3.9369 -1.8342 -2.6449 1.9587 -0.1294 -2.1057 0.6507 -0.0115 -2.0875 
23.7613 15.1449 -7.3718 -2.9157 4.1920 -1.4552 -2.0346 2.4578 -0.3887 -2.8043 0.4359 0.2869 -1.8245 
23.4964 14.8476 -7.9212 -4.0163 3.1374 -2.2941 -3.3321 1.0095 -0.9544 -2.8285 -0.1152 -0.7545 -2.8828 
23.6223 15.1845 -6.9252 -2.4466 4.2643 -1.5850 -1.7987 3.2903 0.6828 -2.2449 -0.0165 -0.6941 -2.3672 
23.6879 15.2491 -6.9667 -2.6175 4.0304 -1.8890 -2.2723 2.6246 0.0898 -2.1492 1.0412 0.4621 -2.1769 
23.5411 15.1037 -7.2637 -3.2367 3.6765 -1.7364 -2.5006 1.6962 -0.5446 -2.2352 0.6459 0.0627 -1.4003 
23.6542 15.2704 -7.0398 -2.9490 3.7953 -1.9466 -2.5921 2.1295 -0.1435 -2.3637 0.5883 0.3070 -1.7918 
23.8922 15.1501 -7.6122 -3.1582 3.9173 -2.1007 -3.0232 1.7414 -0.3459 -2.1921 1.1856 0.9880 -1.2907 
23.9533 15.4860 -6.9230 -2.5431 4.2308 -1.8191 -2.6164 2.0857 -0.1314 -2.1741 0.5850 -0.2383 -2.1947 
24.7355 16.2244 -6.7179 -2.4193 4.4074 -1.7200 -2.4785 2.1711 -0.4953 -2.6998 0.6614 0.2703 -2.0039 
23.9735 15.1219 -7.6853 -2.9833 4.2634 -1.6108 -2.4745 1.7109 -1.1587 -2.9919 0.7584 0.5076 -1.7192 
23.1705 14.6433 -7.6138 -3.5395 3.2756 -2.3788 -3.2325 1.1791 -0.9711 -2.8532 0.0552 -0.3276 -2.0445 
23.1102 14.5045 -7.6613 -3.3736 3.3418 -2.4261 -2.9718 1.6006 -0.8410 -2.7101 0.5707 -0.0107 -2.3217 
23.5645 15.0344 -7.5604 -3.7388 3.0247 -2.4925 -3.1636 1.3600 -0.6522 -2.4172 0.2317 -0.7157 -2.5888 
23.6141 15.2992 -7.2988 -4.0052 2.6025 -2.3164 -2.4808 1.8255 -0.8205 -2.8695 0.2727 -0.0127 -1.9526 
23.4921 15.6746 -5.9073 -2.2442 3.8293 -1.8116 -2.3259 1.9641 -0.4926 -2.3340 0.7178 0.1799 -1.6913 
23.5600 15.3564 -6.9988 -3.4416 3.3979 -1.6765 -2.1958 2.3420 0.3080 -1.6652 1.1619 0.7692 -1.2605 
23.3828 14.6754 -8.0198 -4.0942 2.9075 -2.2454 -2.4890 2.2165 0.1028 -1.7292 0.8961 -0.2381 -2.3022 
23.8736 15.3445 -7.3437 -3.1985 4.0091 -1.5991 -2.7700 1.5576 -0.2986 -1.9246 1.0036 0.4737 -1.5544 
24.1810 15.5871 -7.1795 -2.8210 4.2147 -1.7361 -2.7308 1.7129 -0.6328 -2.5487 0.6211 0.1793 -1.8418 
23.4725 14.7137 -7.8616 -3.4767 3.6392 -1.8413 -2.2834 2.1226 -0.7246 -2.7081 1.0042 0.7675 -1.8581 
24.3381 15.5516 -7.6292 -3.3817 3.8227 -1.8538 -2.5502 2.1665 -0.0318 -2.1531 0.5331 -0.1188 -2.0058 
23.4632 14.7863 -7.4937 -2.7796 4.3986 -1.2027 -1.7564 2.6072 -0.1139 -2.1355 0.8447 -0.1580 -2.4341 
23.1760 14.4892 -7.6836 -2.9779 4.2451 -1.4156 -2.1794 2.3340 0.1437 -1.5968 1.4878 0.9088 -1.1015 
23.2093 14.4481 -8.0471 -3.5891 3.8818 -1.4235 -2.1279 2.3466 -0.1062 -2.4061 0.5060 0.1805 -1.8380 
23.5660 14.9155 -7.6928 -3.5818 3.3400 -2.1723 -2.6335 2.0113 -0.3248 -2.2970 0.7277 0.0978 -2.1995 
23.9840 15.7802 -6.5131 -2.5881 3.9358 -1.9809 -3.1183 0.9542 -1.0227 -2.1033 1.0864 -0.0760 -2.4163 
35.3651 22.9229 -11.2532 -6.7994 3.5561 -2.8549 -3.3082 2.2011 -1.7200 -4.3571 -0.2628 -1.3431 -3.7150 
39.0446 25.2374 -11.8788 -5.8000 5.3338 -3.1595 -3.7363 3.4508 -0.5468 -3.8226 0.5798 -0.7233 -3.4821 
40.4710 28.3971 -8.1585 -4.4252 4.3153 -4.8685 -5.7540 1.7350 -0.7731 -3.1048 0.8607 -0.9974 -3.9348 
41.7134 29.7519 -7.8767 -5.3850 2.9669 -5.2046 -4.9897 2.2550 -0.8348 -2.7971 1.4187 -1.0957 -4.3434 
41.3713 29.3069 -8.1891 -5.6758 2.4877 -5.5711 -4.8531 2.5590 -0.6908 -2.4497 1.9893 -1.0019 -4.8588 
41.7061 29.8574 -7.9719 -5.9728 2.7348 -4.4734 -4.0349 2.7359 -0.5798 -2.3381 2.0892 -0.6497 -4.5066 
41.6940 29.3200 -9.1295 -6.8364 2.4728 -4.5971 -4.2582 2.5726 -0.4941 -2.0968 1.9245 -1.6393 -5.7876 
41.4089 29.1507 -8.9899 -6.7557 2.3835 -4.7290 -4.6308 1.8836 -0.7801 -1.5113 2.4770 -2.0158 -6.3993 
40.7799 28.5836 -8.8709 -6.2329 2.7661 -4.5236 -4.2607 2.4523 -0.3069 -1.3719 2.3528 -2.0006 -6.0927 
40.5713 28.5221 -8.4846 -5.6408 3.1904 -4.2640 -3.8110 3.0558 -0.0557 -1.4034 2.6247 -1.6330 -6.2217 
40.7693 28.6796 -8.5464 -5.7835 3.0741 -4.3769 -3.8208 3.2003 -0.0780 -1.7141 2.4713 -1.4808 -6.1171 
40.6710 28.6630 -8.4656 -5.6551 3.5372 -3.7077 -3.4835 3.3809 0.4168 -1.2733 2.5366 -1.2553 -5.6702 
40.1409 28.0384 -9.0720 -6.6111 2.3966 -4.5762 -4.2313 2.4015 -0.4124 -1.5673 2.1875 -2.1293 -6.4217 
40.6697 27.9297 -10.0134 -6.9158 2.5823 -4.7579 -4.3383 2.5667 -0.8063 -2.3383 2.0277 -2.0245 -6.8598 
40.4833 27.9223 -10.0402 -7.4207 2.2284 -4.7607 -4.6542 2.1573 -0.8210 -2.4964 1.5710 -2.1284 -6.7539 
40.9812 28.9107 -8.6756 -6.2510 2.9794 -3.7445 -2.9061 3.9372 0.1865 -1.9955 2.2035 -1.3166 -6.0094 
40.8514 28.1789 -9.9436 -7.0519 2.7582 -3.8646 -3.0047 3.7582 -0.2239 -2.4712 1.6220 -2.1453 -6.6365 
41.2241 28.3741 -10.0451 -6.7617 3.5122 -3.1394 -2.4948 4.1908 0.1933 -2.1813 1.7128 -1.9843 -6.1386 
41.3790 28.2089 -10.7276 -7.2660 3.5180 -3.1650 -2.9595 3.6383 -0.1709 -2.6014 1.3708 -1.6496 -5.3731 
41.3747 27.9071 -11.1510 -7.2869 3.4713 -3.5648 -3.2512 3.4637 -0.5957 -3.0275 1.1767 -1.8555 -5.5203 
41.3010 27.6903 -11.4898 -7.4952 3.5474 -3.2940 -3.0509 3.2305 -1.3627 -3.8113 1.0336 -1.3837 -5.0388 
41.2062 27.8283 -10.9858 -6.9891 3.8982 -3.1978 -3.4314 2.6060 -1.6690 -3.7399 1.3443 -0.6201 -4.0795 
41.5114 28.4274 -10.4446 -6.8877 4.0475 -2.6892 -3.1715 2.3720 -1.9538 -3.9408 1.3121 -0.0044 -2.8901 
41.0013 28.5433 -9.8247 -7.3191 3.4485 -2.3752 -3.3641 1.1471 -2.3742 -3.3278 1.2862 -0.5189 -2.7180 
40.8588 28.9676 -8.9888 -7.0106 3.9129 -1.5147 -3.3036 0.5379 -2.5542 -3.3087 1.2637 -0.0936 -2.4625 
41.0631 28.8821 -9.3035 -6.7663 4.4366 -1.4530 -3.4782 0.6421 -2.3319 -3.2916 1.1201 -0.1223 -2.1436 
40.5804 28.2763 -9.7061 -6.7691 4.7849 -1.4592 -4.1424 0.1625 -2.2508 -3.4370 0.5695 -0.4907 -2.4863 
40.0316 27.9043 -9.3703 -6.1239 5.3482 -1.0797 -3.9799 0.1426 -2.3936 -3.8228 -0.0499 -0.8575 -2.2931 
39.2263 27.4599 -8.7746 -5.5334 5.2807 -1.3584 -4.1684 -0.3352 -3.1826 -4.2089 0.3699 -0.1540 -1.9893 
37.2416 26.3092 -8.0569 -5.3112 5.1224 -1.0519 -4.3612 -0.9874 -3.1393 -4.1304 -0.4750 -1.0662 -2.2893 
35.6090 24.9336 -7.7148 -4.2900 5.5034 -1.2707 -4.0979 0.3360 -1.2629 -2.4433 0.7150 -0.4786 -2.2528 
34.8045 23.4774 -8.7616 -4.0024 5.6919 -1.9468 -4.0333 0.9771 -2.1552 -4.1715 0.4638 0.1112 -2.4709 
35.6845 22.7156 -10.7222 -3.5508 6.5692 -2.9422 -4.4029 1.8308 -2.3861 -4.6952 1.2049 0.6860 -2.7299 
35.0576 21.6870 -11.8048 -4.2591 6.1894 -3.4341 -4.9445 1.5920 -2.5465 -4.9992 1.3188 1.4517 -2.1689 
35.1473 21.4341 -12.3233 -4.3272 6.3418 -3.5113 -4.9374 1.7412 -2.7676 -5.5828 0.7734 1.0093 -2.3516 
34.6300 20.6084 -13.0077 -4.5440 6.3273 -3.4180 -4.5482 2.0276 -2.9742 -5.9501 0.3814 0.3623 -3.0142 
34.7039 20.8820 -12.6754 -4.4597 6.4454 -2.9612 -3.7896 3.2419 -1.3944 -4.8125 0.7223 0.5643 -2.5415 
35.3655 21.5083 -12.6598 -4.6987 6.4826 -2.7513 -3.9294 2.7458 -1.7432 -4.8200 0.7996 0.5828 -2.4206 
34.0815 20.6843 -12.2497 -4.3019 6.8675 -2.0721 -3.5852 2.6935 -1.7329 -5.0064 0.3742 0.4552 -2.3419 
33.0428 19.8036 -12.5732 -4.9318 6.1919 -2.4798 -4.2218 2.0606 -1.6744 -4.6967 0.3158 0.3585 -2.2516 
31.8317 18.9029 -12.7662 -5.7070 5.3874 -2.4499 -4.1366 1.9023 -1.3646 -4.4047 -0.2378 -0.2729 -2.2313 
30.3430 18.4175 -11.3602 -4.9514 5.1111 -2.5381 -3.9019 2.4502 -0.4010 -3.7464 -0.1084 -0.0842 -2.2165 
28.6486 18.0659 -9.6589 -4.4515 4.8424 -1.9218 -3.6205 1.9806 -0.2371 -3.4547 -0.5965 -0.1895 -1.6274 
27.9356 18.2790 -8.3448 -4.2452 4.1765 -2.1162 -3.8825 1.2611 -0.3383 -2.7074 0.0623 -0.0058 -1.8866 
27.1349 17.6384 -7.9342 -3.2886 4.6260 -2.3097 -3.8576 1.9211 0.5471 -1.9976 0.4058 -0.1286 -2.1374 
25.4255 16.1422 -8.3607 -3.9161 4.1267 -1.7589 -3.1086 1.9210 0.5104 -1.5597 0.6017 -0.3791 -2.2037 
24.8220 15.9403 -7.8241 -3.8416 3.5421 -2.0317 -2.8807 1.8491 -0.1581 -2.3474 0.0723 -0.5817 -2.0898 
24.9614 16.3469 -7.3011 -3.7428 3.2114 -2.3399 -3.0487 1.5316 -0.7900 -2.9273 0.1576 0.1327 -1.4473 
24.6763 16.1002 -7.0875 -3.0520 4.0114 -1.7359 -2.7615 1.5403 -0.6260 -2.3695 0.4458 -0.3242 -2.0163 
24.5736 16.3012 -6.5303 -2.6790 4.2693 -1.3023 -2.3279 1.8720 -0.2320 -1.9187 0.9588 0.2829 -1.7007 
24.0805 15.3687 -7.6781 -3.6682 3.3470 -2.2508 -2.9286 1.6149 -0.7080 -2.6930 0.2976 -0.2101 -2.0814 
24.1661 15.7112 -7.0808 -3.0664 4.0740 -1.3526 -2.2961 1.7612 -0.7057 -2.5134 0.5924 -0.0487 -2.1291 
24.2179 15.9908 -6.5044 -2.5955 4.0651 -1.7203 -2.5822 1.7382 -0.7051 -2.5895 0.7786 0.5076 -1.7359 
23.8386 15.2109 -7.6530 -3.8527 2.8767 -2.6439 -2.9401 2.0313 -0.0179 -2.1248 0.3570 -0.5409 -2.3428 
23.8318 15.4252 -7.1874 -3.3993 3.3851 -2.1197 -2.7925 1.6792 -0.6035 -2.5020 0.7030 0.3560 -1.8637 
23.5962 15.6483 -6.2949 -2.7688 3.5077 -2.0472 -2.7173 1.6440 -0.4612 -2.0386 1.1029 0.3699 -2.0859 
24.1126 15.8369 -6.5939 -2.5260 4.1675 -1.8187 -2.7713 1.8531 -0.2682 -2.3426 0.4633 -0.1488 -2.2058 
24.1138 15.5824 -7.2053 -3.1104 3.8346 -2.0021 -3.0244 1.3554 -0.8737 -2.6920 0.4040 -0.1975 -2.3172 
23.1888 14.7026 -7.4022 -3.1810 3.6436 -1.7870 -2.1507 2.2583 -0.5293 -2.6571 0.7727 0.6869 -1.5337 
22.5393 13.9934 -7.8587 -3.7282 2.8429 -2.7705 -3.0643 1.8242 -0.4594 -2.6748 0.1737 -0.3081 -2.2822 
23.3456 14.7938 -7.7280 -3.8721 3.0330 -2.2838 -2.7923 1.7352 -0.6949 -2.8918 0.2706 0.3882 -1.3895 
23.9438 15.3776 -7.2373 -3.1678 3.2899 -2.6742 -3.1717 1.3039 -1.3267 -2.9436 0.7516 0.2451 -2.0989 
23.2865 14.8282 -7.3349 -3.1644 3.5823 -2.1758 -2.8550 1.8990 -0.1046 -2.0047 0.8381 0.1286 -2.0019 
24.1713 15.7796 -6.9664 -3.1437 3.5390 -2.2743 -3.0016 1.7953 -0.2813 -2.3801 0.4470 -0.2196 -2.5768 
22.9704 14.4315 -7.8052 -3.8696 2.8617 -2.7603 -3.5104 1.1096 -0.8638 -2.7056 0.2028 -0.3537 -2.4407 
22.9531 14.5659 -7.2936 -2.9415 3.9997 -1.8621 -3.0324 1.5922 -0.0311 -1.7720 1.0303 0.5583 -1.4434 
22.8351 14.3552 -7.5017 -3.1676 3.6942 -1.7623 -2.2366 2.2243 -0.2612 -2.3374 0.5727 0.0150 -1.9426 
23.3212 14.6667 -7.8381 -3.7705 3.0920 -2.4850 -3.0413 1.7368 -0.2003 -2.0427 0.5495 -0.4903 -2.4768 
22.7821 14.5960 -7.1653 -3.3376 3.4619 -1.8022 -2.6955 1.5372 -0.3120 -1.8467 1.0642 0.4568 -1.6685 
22.9319 14.5791 -7.4656 -3.6755 2.9564 -2.5188 -3.0722 1.6951 -0.2739 -2.2144 0.8127 0.4987 -1.6924 
22.4954 14.2332 -7.4187 -3.7111 2.5051 -3.2147 -3.8784 0.6594 -1.4466 -3.2610 -0.1025 -0.3148 -2.2424 
23.1080 14.6748 -7.5330 -3.7149 2.9332 -2.5188 -3.0809 1.4220 -0.7660 -2.6238 0.3081 -0.3453 -2.5346 
23.3129 14.7718 -7.6739 -3.7182 3.2542 -2.0961 -2.8104 1.4979 -0.8328 -2.8377 -0.1091 -0.8816 -2.8783 
23.3835 15.0818 -7.0506 -3.0889 3.6151 -1.9872 -2.5972 2.1314 -0.1218 -2.5611 0.1129 -0.0818 -1.9214 
22.7834 14.6214 -6.7454 -2.4612 3.9511 -1.8464 -2.3418 2.3470 0.0770 -2.0637 0.5733 -0.1886 -2.1846 
22.8780 14.6382 -7.0631 -2.8658 4.0550 -1.4586 -2.3931 2.0697 0.1859 -1.7732 0.6142 -0.3525 -2.3038 
22.9444 14.6462 -7.1765 -3.1000 3.5246 -2.2112 -2.8381 2.0809 0.0543 -2.2702 0.4391 0.1139 -1.9294 
22.5731 14.3482 -7.0249 -2.8076 3.5957 -2.1674 -2.7791 1.6136 -0.7527 -2.3721 1.0607 0.5077 -1.8043 
22.1358 13.7921 -7.5464 -3.5364 2.6580 -2.8120 -2.7974 1.9217 -0.4276 -2.0806 1.0787 0.1673 -2.0025 
23.5288 15.2231 -6.9405 -3.0207 3.4287 -2.2481 -2.5852 2.1191 -0.3963 -2.5097 0.6795 0.1848 -2.2006 
22.4382 14.3189 -6.9474 -2.7836 3.8290 -1.7362 -2.3657 2.3590 0.2968 -2.0071 0.5834 0.2591 -1.6262 
22.7481 14.4120 -7.3877 -3.4615 3.0700 -2.3998 -2.9529 1.2856 -1.3070 -3.2627 -0.1384 -0.6985 -2.8080 
22.8232 14.8980 -6.7367 -3.3734 3.1012 -1.8751 -2.4858 1.5316 -0.8047 -2.7666 -0.0123 -0.4290 -2.2293 
23.1241 15.2698 -6.3374 -2.8626 3.4523 -1.8069 -2.3239 2.0686 -0.0272 -1.9317 0.7595 0.1744 -1.7037 
22.3249 14.2460 -6.7838 -2.5691 3.6876 -2.1025 -2.5780 2.1411 -0.0958 -2.3509 0.2264 -0.1988 -1.6618 
22.6277 14.7357 -6.6586 -3.1763 3.2690 -1.6498 -2.1925 1.7962 -0.3216 -1.9595 0.5616 -0.2018 -1.5912 
22.8094 15.0376 -6.2723 -2.9000 3.1372 -2.0327 -2.3451 1.8715 -0.3857 -2.0549 0.7782 0.0588 -1.8001 
22.8367 14.7866 -6.9927 -3.5973 2.9336 -1.9523 -2.4386 1.5443 -0.7443 -2.2133 1.0050 0.4386 -1.7518 
22.8047 14.7656 -6.6952 -2.7165 3.9272 -1.5742 -2.7337 0.9894 -1.3404 -2.8231 0.4771 0.1475 -1.7855 
22.2015 13.8626 -7.6857 -3.7543 2.9231 -2.3409 -2.9438 1.4767 -0.4931 -2.3254 0.1202 -0.8292 -2.6555 
22.4371 14.3546 -7.0241 -3.1448 3.5464 -1.6275 -2.4454 1.5115 -0.7466 -2.5383 0.2101 -0.3530 -2.0124 
23.7453 15.2050 -7.1077 -2.9039 3.2281 -2.7549 -2.3278 2.8318 -0.4240 -2.8165 0.8465 0.0004 -2.9928 
