nan nan nan nan nan nan nan nan nan nan nan nan nan 
nan nan nan nan nan nan nan nan nan nan nan nan nan 
nan nan nan nan nan nan nan nan nan nan nan nan nan 
nan nan nan nan nan nan nan nan nan nan nan nan nan 
nan nan nan nan nan nan nan nan nan nan nan nan nan 
11.2989 -0.1835 -0.2040 -0.9479 -0.8990 -0.8543 -0.8228 0.4231 -0.7205 -0.3584 -0.0016 0.4981 -0.3408 
13.0570 -0.4808 -0.3162 -1.1856 -1.5712 -0.2092 -0.6638 -0.7040 -0.2417 -0.3514 -0.5022 -1.1448 0.2170 
12.4633 0.4010 0.8874 -1.4329 -0.1228 0.3276 -0.5467 -0.4367 0.2807 -0.2409 -0.6618 -0.0589 0.1906 
12.4334 -1.2329 1.9685 -0.2770 -0.6497 -0.1571 -1.3429 -0.2086 0.4731 -0.5280 -0.4438 -0.0297 0.4630 
13.6679 0.8854 1.1185 -1.3225 -0.2878 0.1659 0.5601 -0.8770 -0.4456 -0.2463 -0.5394 -0.1816 -0.4661 
16.0567 0.2408 -0.9610 -0.5081 -0.3945 -0.7966 -0.6359 0.1055 -0.3597 -0.1735 -0.0855 -0.0433 -0.0423 
15.9207 -0.2510 -1.2615 -0.3991 -1.3749 0.0835 -0.7313 -0.4673 -0.1321 -0.6817 -0.8537 -0.3516 0.1691 
14.3009 0.1890 -0.3789 -1.5247 -0.5545 0.1127 -0.6470 -1.0301 -0.4786 -0.1050 -0.3674 -0.6153 0.2788 
15.0000 -0.9185 0.5397 0.3192 0.2589 -0.1390 -1.3766 -0.3624 0.1098 -0.1959 -0.5419 -0.4104 -0.3211 
14.4768 -1.2030 0.9772 -0.7705 -0.7115 1.1260 -0.6225 -0.4014 -0.0415 -1.4991 -0.4298 -0.3795 0.2601 
15.3261 -0.9181 1.1576 -0.1611 -1.1042 -0.7898 -1.5700 -0.8586 -0.8746 -0.7390 0.0842 0.4475 -0.5615 
13.4338 -1.9754 0.6076 0.2711 -1.0725 -0.5648 -1.2718 -0.8073 -0.6237 -1.0336 -0.0500 0.5593 0.3048 
15.1692 -1.5400 0.4793 -0.4435 -1.0487 0.0695 -1.0823 -0.5243 -0.8637 -0.3505 -0.1363 -0.2276 -0.1306 
14.8517 -1.1439 -0.2772 -1.2815 -0.7298 0.1158 0.4402 -0.7061 -0.0130 -0.7345 -0.3605 -0.5774 0.1306 
13.9040 -1.2972 -0.2176 -1.9686 -0.0084 0.5021 -0.0993 -0.2830 0.0727 0.1344 0.3622 -0.2318 0.4286 
14.7575 -1.2715 -0.7368 -1.5031 -2.4160 -1.5138 -2.1771 -0.9446 -1.0702 -1.0642 -0.4558 -0.8703 -0.1957 
13.5303 -1.8213 -0.1016 -0.9713 -1.3479 0.6965 0.5161 0.8609 0.3344 -0.5120 0.1995 -0.0594 -0.6936 
13.3013 -1.5141 -0.2634 -2.0634 -0.5673 0.4161 -0.8619 0.3203 -0.0549 -0.8713 0.3903 0.0194 -0.1719 
13.9075 -1.3842 1.5495 -0.2586 -0.3499 -0.8744 -0.8315 -0.9910 -0.3955 -0.1718 -0.5111 -0.3611 0.2802 
14.1565 -0.8404 1.1502 -0.4194 -2.2681 -0.1123 0.2302 0.9637 0.7127 -0.1453 -0.9551 -0.1920 0.2645 
13.8382 -0.5848 -0.3141 0.3424 -0.0842 0.5575 -0.5760 -1.0979 0.3610 -1.8446 -0.7313 -0.9920 0.4796 
20.3211 -2.0064 -2.7105 -1.2264 -0.7202 0.4225 -0.0946 -0.5138 0.0037 -0.3941 -0.5552 -0.3682 -0.0453 
33.0214 -2.8464 -3.6495 -0.8133 -3.3637 0.1396 -0.3610 0.3561 -0.1419 -0.6827 -0.1525 0.1607 -0.4317 
34.0568 -4.2750 -1.2689 -1.2712 -3.0785 -1.3447 -0.0584 1.1828 1.1061 0.9213 -1.5224 0.2911 1.0089 
34.0289 -3.8136 -0.7870 -1.3604 -2.9342 -0.6412 0.6058 0.7265 1.4876 0.9548 -1.0962 -0.5278 1.0448 
33.4075 -4.5001 -0.6630 -2.1051 -2.5763 -1.3263 -0.2321 0.4694 1.5445 0.9183 -1.1236 -0.6479 1.6411 
32.9906 -3.8981 0.1031 -1.7910 -2.1406 -1.0657 0.2318 0.6269 1.9544 0.7304 -1.4787 -1.0175 1.5072 
32.4227 -4.4063 -0.9300 -2.5186 -2.4417 -0.7713 0.1694 0.7864 2.2028 1.4314 -0.9073 -0.4923 1.8687 
31.9950 -4.5656 -0.7826 -2.9475 -3.1189 -1.3858 -0.5304 -0.1331 1.7978 0.7386 -1.4158 -0.9198 1.9661 
32.3494 -3.6777 -0.1369 -2.0444 -2.2163 -1.1896 -0.0101 0.7164 2.1054 0.8267 -1.2576 -0.9240 2.0076 
31.7597 -4.3350 -0.7163 -2.3676 -2.5123 -0.9392 0.4424 1.0646 2.5415 1.2959 -1.0734 -0.6622 2.0575 
31.8970 -4.1968 -0.4324 -2.7382 -2.5882 -1.6665 -0.0750 0.5534 1.9552 0.9508 -1.4045 -0.6471 2.1133 
32.0821 -4.7008 -0.3338 -2.2230 -2.8222 -1.3055 0.3035 1.1779 1.9703 0.8575 -2.1674 -0.8363 1.5246 
31.2194 -5.2318 -1.3730 -2.5541 -4.3544 -1.3666 -0.3821 1.1105 1.7986 0.7325 -2.4441 -0.8079 1.7956 
31.8096 -3.6281 -1.1972 -1.2280 -3.9568 -1.8233 0.7105 0.8493 1.9040 0.1367 -2.6523 -0.3338 1.1060 
32.6893 -3.2895 -1.3967 -0.4628 -4.0708 -0.5628 0.5073 1.2156 1.6345 0.7269 -2.8151 -0.0564 1.1479 
31.4902 -3.1606 -2.7005 -0.4165 -3.8675 -0.8350 0.0983 2.1420 2.0979 -0.1516 -2.5765 0.0622 0.7915 
30.1346 -2.3721 -3.4362 -1.6503 -3.0160 -1.0379 0.3047 2.1978 2.1571 -0.6379 -1.5569 0.1520 0.2801 
28.0564 -1.1276 -2.2531 -1.5028 -3.4155 -0.6170 0.3145 1.2136 2.0319 -0.6322 -1.2516 0.4064 0.0073 
25.3289 -1.4939 -0.8084 -1.1607 -3.8135 -0.6177 1.7538 1.2526 0.8712 -0.4294 -1.5330 -0.1356 0.4031 
24.5389 -1.4216 -1.2265 -0.1546 -2.5493 -1.0799 -0.1306 0.2457 0.8210 -0.6443 -0.7870 -0.1681 -0.0117 
23.7001 -1.7214 -1.9124 -1.9654 -2.6034 -0.8564 0.3527 0.6184 1.2775 0.1496 -0.3210 0.7431 0.7899 
21.9344 -1.0807 -1.7499 -0.8558 -2.5480 -1.0729 0.4984 0.3690 0.8794 -0.3884 -0.9857 0.2263 -0.2224 
18.6323 -1.0981 -0.8640 -1.6693 -2.1438 -1.8959 0.0695 -0.1401 -0.4142 -1.3514 -1.0960 -0.0362 -0.2622 
17.0587 -1.0875 -0.0593 -0.3183 -0.6416 0.0391 0.0624 0.1024 -0.5848 -1.9093 -1.5506 -0.3850 0.5485 
18.0634 -0.3619 -0.2951 -1.3262 -1.0192 -0.4197 -0.5217 0.5810 0.0561 -0.6265 -0.8130 -0.5878 0.2588 
16.7109 -2.1970 0.4431 0.4600 -1.3547 -0.8718 -0.1808 -0.2023 0.0780 -1.0167 -1.2456 -0.2409 0.4631 
17.6238 0.0789 -0.2019 -0.3799 -0.8566 -0.6507 -0.4903 -0.7564 -0.0763 -0.0624 -0.7090 -0.0980 0.2181 
17.0507 -1.2358 0.0550 -0.9899 -1.0213 -1.0308 -1.3422 -1.2043 -0.1548 -0.6826 0.0448 -0.7375 0.0443 
15.9137 -1.0493 0.3310 -0.8331 -0.6922 0.1921 -1.4508 0.2202 -0.1227 -0.1180 -0.3451 -0.2770 -0.2427 
15.7011 -0.1505 0.6816 -0.7136 -0.7874 -0.1059 -0.7890 -0.7499 0.0029 -0.4036 -0.3284 -0.0686 0.2579 
4.8876 -1.3549 1.0472 -0.7060 -0.3090 0.2819 -0.9284 -0.7113 0.1914 -0.2732 -0.2288 0.1641 0.1326 
-5.8522 -2.7750 1.4116 -0.7440 0.1462 0.5481 -1.0459 -0.7852 0.3012 -0.2003 -0.2138 0.4038 0.0171 
-16.5210 -4.3313 1.7194 -0.7453 0.5479 0.7469 -1.0991 -0.9645 0.3080 -0.0971 -0.2277 0.6166 0.0039 
-26.9664 -5.9945 1.8354 -0.6713 0.8053 0.7655 -0.9418 -1.1249 0.1279 0.0987 -0.2685 0.6539 0.1358 
-37.0685 -7.5985 1.7122 -0.7544 0.7815 0.5425 -0.5671 -0.9902 -0.0758 0.2577 -0.4017 0.4090 0.1816 
-47.1217 -9.1780 1.5328 -1.0010 0.6741 0.2505 -0.2991 -0.8018 -0.2739 0.3237 -0.4893 0.1673 0.0996 
-56.9824 -10.4994 1.5745 -1.1443 0.6710 0.0267 -0.0761 -0.5778 -0.3959 0.4408 -0.4477 0.0451 0.0601 
-66.2671 -11.0908 2.1822 -0.9662 0.8693 -0.0681 0.1703 -0.2653 -0.4194 0.5754 -0.3158 0.0735 0.2166 
-75.2104 -11.3790 2.9957 -0.7777 0.9061 -0.2720 0.1947 -0.0311 -0.4773 0.4602 -0.2819 0.0118 0.3477 
-84.0572 -11.6017 3.9429 -0.5951 0.7342 -0.6457 0.0742 0.3442 -0.3551 0.2118 -0.3145 -0.1137 0.5327 
-93.0698 -11.9158 4.9340 -0.4550 0.4231 -1.3507 -0.2535 0.8775 -0.0915 -0.1923 -0.6650 -0.5014 0.7319 
-97.7438 -9.2320 3.9589 -2.9193 0.6228 0.0390 -0.1714 0.2359 -0.4036 -0.0068 -0.0372 -0.6134 0.1086 
-100.0683 -5.4486 3.6557 -3.1029 0.3545 -1.1232 -0.9623 -0.3598 -0.8440 -0.3952 -0.0860 -0.2454 0.4271 
-100.5836 -3.0599 0.7501 -2.8826 0.8378 -1.0622 -0.8672 -0.4586 -0.2052 -0.5088 0.0969 -0.4290 -0.9145 
nan nan nan nan nan nan nan nan nan nan nan nan nan 
-97.4237 1.1948 -0.9240 0.3429 -0.2790 -0.7452 1.4391 -0.4101 0.7322 -0.3885 -0.0712 0.2958 0.9361 
-94.1929 -0.1546 0.3900 -0.2005 0.0146 1.1872 0.0413 -0.3771 0.0225 -0.3201 -0.3776 0.4648 1.1198 
nan nan nan nan nan nan nan nan nan nan nan nan nan 
nan nan nan nan nan nan nan nan nan nan nan nan nan 
nan nan nan nan nan nan nan nan nan nan nan nan nan 
-84.7653 -0.4920 -0.8949 0.3889 0.6989 1.1603 0.7155 -0.3226 0.7462 -0.5478 0.1074 -0.4596 -0.7971 
-82.2865 -1.0318 -0.2224 -1.0088 -0.5236 -0.2430 0.3096 -0.2816 -0.5208 0.4627 0.3531 0.4037 0.6172 
-79.6555 -0.7220 0.3156 -0.9462 -0.4618 0.4121 0.1140 0.6806 -0.2125 -0.4087 0.4584 1.1064 -0.5442 
-inf -inf -inf -inf -inf -inf -inf -inf -inf nan nan nan nan 
nan nan nan nan nan nan nan nan nan nan nan nan nan 
nan nan nan nan nan nan nan nan nan nan nan nan nan 
-69.4396 -0.9008 -0.1220 -0.1258 0.3270 0.5281 0.4612 -0.0965 -0.1396 -0.0376 -0.1442 -0.3706 0.5606 
-66.8495 -0.6768 -0.0466 0.6164 0.0107 0.6596 0.5903 -0.3096 -0.9000 -1.1458 0.3084 0.5549 0.1361 
nan nan nan nan nan nan nan nan nan nan nan nan nan 
nan nan nan nan nan nan nan nan nan nan nan nan nan 
-58.0178 0.1408 0.2640 -0.8448 -0.3137 0.9746 -0.5192 -0.3132 -0.1259 -0.1782 -0.6563 0.3523 -0.1142 
-55.3282 -0.4298 -0.1188 -0.4988 0.5252 -0.0757 -0.0082 -0.1859 0.3515 0.3632 0.9035 0.6267 -0.9241 
-53.6099 -0.5353 0.6004 -0.2073 0.8442 0.9611 0.1601 0.3218 -0.2799 -0.4423 0.0935 0.2408 0.1691 
nan nan nan nan nan nan nan nan nan nan nan nan nan 
-47.9061 -0.9516 -1.3743 -0.2566 -0.2167 0.5159 -0.7684 0.6708 -0.7687 -0.0953 -1.2130 0.1719 -0.1128 
-45.4301 -0.6283 -0.6412 -0.3769 0.5054 -0.2524 0.7317 -0.7174 0.1270 0.3828 -0.2926 0.1583 -0.3045 
-41.8023 -0.8058 -0.3745 0.1989 0.1672 0.0783 -0.3680 0.1108 -0.0578 -0.6450 -0.4880 -0.3204 0.0552 
nan nan nan nan nan nan nan nan nan nan nan nan nan 
nan nan nan nan nan nan nan nan nan nan nan nan nan 
-34.6091 0.3863 -0.0987 0.6767 0.2493 0.2041 0.3222 -0.0621 -0.5788 0.0159 -0.6573 0.4802 0.2642 
-inf -inf -inf -inf -inf -inf -inf -inf -inf nan nan nan nan 
nan nan nan nan nan nan nan nan nan nan nan nan nan 
nan nan nan nan nan nan nan nan nan nan nan nan nan 
nan nan nan nan nan nan nan nan nan nan nan nan nan 
-21.6859 -0.5819 0.1625 -0.7763 -0.8241 -0.9352 -0.4320 -0.8183 -0.3772 -0.0509 -0.2460 0.1195 -0.3042 
-19.5942 0.3352 0.2366 0.2098 -0.7380 0.5631 -0.0140 -0.1282 -0.2719 0.2395 0.0028 -0.2453 -0.8023 
nan nan nan nan nan nan nan nan nan nan nan nan nan 
nan nan nan nan nan nan nan nan nan nan nan nan nan 
nan nan nan nan nan nan nan nan nan nan nan nan nan 
-8.2313 -1.5458 0.1900 -0.7823 0.2444 0.0757 -0.1227 -0.0987 -0.9616 -0.5754 -0.6143 -0.4677 -0.5433 
nan nan nan nan nan nan nan nan nan nan nan nan nan 
nan nan nan nan nan nan nan nan nan nan nan nan nan 
nan nan nan nan nan nan nan nan nan nan nan nan nan 
nan nan nan nan nan nan nan nan nan nan nan nan nan 
nan nan nan nan nan nan nan nan nan nan nan nan nan 
