-inf -inf -inf -inf -inf -inf -inf -inf -inf -inf -inf -inf -inf -inf -inf -inf -inf -inf -inf -inf -inf -inf -inf -inf -inf -inf -inf -inf -inf -inf 
-inf -inf -inf -inf -inf -inf -inf -inf -inf -inf -inf -inf -inf -inf -inf -inf -inf -inf -inf -inf -inf -inf -inf -inf -inf -inf -inf -inf -inf -inf 
-inf -inf -inf -inf -inf -inf -inf -inf -inf -inf -inf -inf -inf -inf -inf -inf -inf -inf -inf -inf -inf -inf -inf -inf -inf -inf -inf -inf -inf -inf 
-inf -inf -inf -inf -inf -inf -inf -inf -inf -inf -inf -inf -inf -inf -inf -inf -inf -inf -inf -inf -inf -inf -inf -inf -inf -inf -inf -inf -inf -inf 
1.1992 1.9072 2.1855 2.3056 2.4322 2.9711 3.6518 4.1322 4.2193 3.8374 2.9757 1.5994 3.0429 3.8201 3.9994 3.3896 3.6336 3.6464 3.0530 2.7889 2.7151 2.7045 2.9602 3.9542 5.2342 4.6006 5.5438 5.4684 4.3811 3.2233 
3.4459 4.9324 5.5859 5.1535 5.4632 5.1197 4.5163 5.3367 5.4300 4.9083 5.0205 4.1609 4.4377 4.1577 5.0722 7.6227 7.0653 5.0595 4.4767 5.3536 4.9708 5.0634 6.2363 6.4024 5.6962 5.7664 7.3039 8.1582 7.7027 7.1331 
3.3542 5.0148 5.6840 5.9488 5.7306 5.1414 4.5361 4.1312 4.4177 4.3165 4.7794 4.6215 4.9891 5.4915 6.6142 7.5315 6.4506 5.5452 5.4560 5.4662 4.7700 5.2815 6.1142 6.3178 6.0615 6.1438 7.2611 7.2934 6.9024 6.2870 
-inf -inf -inf -inf -inf -inf -inf -inf -inf -inf -inf -inf -inf -inf -inf -inf -inf -inf -inf -inf -inf -inf -inf -inf -inf -inf -inf -inf -inf -inf 
-inf -inf -inf -inf -inf -inf -inf -inf -inf -inf -inf -inf -inf -inf -inf -inf -inf -inf -inf -inf -inf -inf -inf -inf -inf -inf -inf -inf -inf -inf 
-inf -inf -inf -inf -inf -inf -inf -inf -inf -inf -inf -inf -inf -inf -inf -inf -inf -inf -inf -inf -inf -inf -inf -inf -inf -inf -inf -inf -inf -inf 
4.2445 5.5950 5.1060 6.0272 5.6921 4.6296 4.4111 4.3492 3.7242 4.5655 5.2835 5.0644 5.5860 5.9149 6.6961 5.8242 5.3155 6.0689 5.8690 5.0884 4.9303 5.3474 6.0862 5.6885 5.3508 5.9001 7.3027 7.4152 7.6556 6.8350 
4.5858 5.5868 6.4721 6.2899 5.6180 5.3232 6.7601 6.9105 5.9708 5.5877 5.8200 5.3780 5.7609 5.7178 6.1884 5.9785 5.4406 5.8961 4.9965 5.4376 4.6273 4.9130 6.1939 5.9082 5.5739 6.2653 7.9452 7.2439 7.4166 7.6607 
3.7721 6.8447 7.3481 6.3258 5.2780 5.5014 5.7331 6.0747 6.4152 5.8446 5.7287 5.8394 6.1853 5.5749 5.3397 5.5456 4.9271 5.4699 5.5041 5.2236 5.0492 5.1902 5.2809 5.6425 5.5485 5.2813 5.9655 5.7782 6.0569 6.1324 
4.9344 5.9812 5.8348 6.1781 5.4610 5.7413 6.5601 6.5700 5.1309 6.1210 5.5530 5.3428 6.0673 6.8552 7.7844 7.1515 6.6700 6.9815 7.1648 6.4346 5.8067 6.0595 6.8964 6.2281 5.7838 6.0611 6.8976 6.5961 6.2000 6.7151 
3.7987 5.5637 6.1864 5.8555 5.9879 6.4340 6.1871 6.1363 5.6180 5.4621 5.9726 5.3932 5.8220 5.8351 5.7731 6.0654 5.8225 5.4622 5.5317 5.0472 4.9564 5.3873 5.6043 5.4963 5.3056 5.4276 5.8734 5.9270 5.9739 5.5589 
4.4191 5.9947 7.2126 7.8494 7.4215 5.9559 5.6069 6.0236 5.6291 5.0233 4.5986 4.3480 5.1159 5.9347 6.3258 5.5616 5.3108 5.7492 5.4277 5.0946 4.8938 4.9287 5.2539 5.0731 5.1184 5.0112 5.5977 5.5187 4.6206 4.7422 
5.0454 6.9056 7.3350 6.5070 6.4304 6.1609 5.2956 5.7627 4.8846 4.9208 5.3147 5.1916 5.4809 5.7432 5.8689 5.7642 5.2943 5.1207 5.4180 5.2192 4.7999 5.0707 5.0012 5.0997 4.9814 5.0064 5.0092 5.3233 5.0753 5.2024 
4.6262 5.3164 6.1418 6.2615 6.4982 6.0466 6.0297 5.3204 4.8908 5.7166 5.9167 5.6411 5.2990 5.6198 5.4492 4.8578 5.2200 4.5136 5.1939 4.9437 4.6294 5.2060 5.0860 4.8614 5.0467 5.1425 4.8590 4.8386 4.7113 4.5696 
5.0472 5.8646 5.7729 6.7524 6.1446 5.4008 4.3338 4.2768 4.4446 5.6285 5.4723 5.4796 4.5311 5.5339 5.8798 5.2095 5.1840 5.3138 5.3628 5.4753 4.9779 4.9438 5.0211 5.0835 5.2723 4.6653 4.5668 4.8218 4.8062 5.1905 
5.2799 7.0884 6.7918 6.1583 5.9752 5.4417 5.2676 5.2598 4.8039 5.3415 5.6315 5.0446 5.5947 5.6392 5.4191 5.5365 5.4247 5.3719 5.2877 5.1957 4.9123 4.8862 5.2607 5.2831 4.8263 5.0338 4.7471 4.7953 4.9704 4.8759 
4.6105 6.3397 6.4467 7.0547 6.9577 6.9879 7.0995 7.2344 6.7366 6.5451 6.2436 6.0192 6.2000 6.7001 7.4574 7.9851 8.1582 8.1285 8.2847 7.6296 7.8187 7.4881 7.6989 8.1035 7.8773 7.1720 6.9165 6.8856 7.0207 7.4435 
4.1597 6.5649 8.0579 9.4848 9.2901 8.1999 9.1451 9.7022 9.7756 10.4152 9.6310 9.0915 9.3908 9.9607 8.6605 7.7388 7.4781 7.5734 7.6633 7.6248 6.9206 6.1095 6.9212 7.2588 7.1555 6.6063 5.4728 5.3256 5.6808 5.6739 
5.6924 6.1053 7.8331 9.6022 8.7944 7.7941 9.1008 8.2474 10.6783 9.9146 10.6592 10.1214 10.1436 9.8188 9.6796 8.6856 8.4003 8.3341 9.1190 9.0449 8.2490 7.3645 8.5750 9.1434 8.6450 8.2812 7.5980 7.8759 7.7888 7.9630 
6.5145 6.3472 7.7638 9.5083 8.5581 7.8891 8.8751 8.6058 10.6186 9.6903 11.2392 10.2260 9.8513 10.2004 9.4911 8.6806 8.5582 8.9490 9.3639 9.3317 9.2347 9.3330 9.0803 9.1895 8.5832 8.2864 7.6647 7.7090 7.4956 7.2853 
5.7745 5.7466 8.1519 9.3941 8.3298 7.7656 8.7540 8.7362 10.6778 9.6160 11.2639 10.1180 10.3416 10.6574 9.7385 8.7123 8.8950 9.2101 9.2663 9.6869 9.3729 9.1554 9.0801 8.9826 8.2779 8.0770 7.9633 7.8223 7.8771 8.3658 
5.2343 7.0742 8.2159 9.4515 8.2344 8.0176 8.8647 8.7179 10.5213 9.4069 11.0861 10.0303 10.5041 10.9765 9.8885 8.7002 8.7066 8.9654 9.3617 9.4885 8.9616 8.4693 8.8003 8.1944 8.7223 8.6239 8.5747 9.5983 9.6069 9.1548 
5.4426 6.0325 8.0585 9.4214 8.2018 7.9849 8.7413 8.6733 10.4758 9.3354 11.0146 9.8910 10.3540 10.8651 10.1330 9.1252 9.0007 9.2681 9.4734 9.7763 9.1324 8.0194 8.5964 8.1072 8.2358 8.0695 8.7200 9.3921 9.1989 9.1144 
4.4298 6.3437 8.3438 9.4949 8.2682 7.7802 8.7254 8.5953 10.4166 9.3987 11.0889 9.8883 10.2575 10.3390 10.1547 10.1051 9.5356 9.4033 9.6127 9.8954 9.1857 7.9933 8.8179 8.7945 8.2176 7.9095 8.0118 8.8597 8.8638 8.6354 
6.1374 5.4748 8.0364 9.4166 8.3471 8.0121 8.7943 8.6311 10.4190 9.5706 11.2842 9.8253 9.9060 9.8334 10.1934 10.5619 10.1331 9.6832 9.8643 10.2355 9.7850 8.5254 9.0415 9.4118 9.2732 8.2789 7.8396 8.3273 8.1034 7.8690 
5.5228 5.9771 7.8082 9.4433 8.3928 7.6453 8.9303 8.6736 10.6628 9.8207 11.2772 9.7661 9.1715 8.7672 8.9782 9.6954 10.6187 10.1190 9.9998 10.3585 9.9887 8.9646 8.4722 8.9830 9.3346 8.1133 7.4237 8.1354 7.6192 7.8444 
5.6603 5.7465 7.6059 9.4541 8.6091 7.6590 9.1648 8.5020 10.9007 10.1340 10.0492 9.4572 8.8761 8.3815 8.4678 9.0043 9.8834 10.1674 10.2044 10.1880 10.1947 9.4356 8.6247 8.2338 8.3549 8.4895 7.8924 8.5430 8.1187 7.8723 
2.1775 6.1698 7.4057 9.5299 8.9082 7.0044 9.3056 8.7253 11.0617 10.8852 8.7227 8.7077 8.3583 8.1076 8.4656 9.0179 9.4925 10.1474 10.4845 9.9525 9.7930 9.3484 8.3088 7.6889 7.5940 8.0577 7.9421 7.9856 7.7381 7.9299 
5.1640 6.5292 7.1633 9.6180 9.3062 6.0659 9.0657 9.1957 8.6001 9.9603 8.1060 8.0197 7.7475 8.0298 7.6938 8.0391 8.5244 9.4140 9.6063 9.2341 8.5143 9.1322 8.2676 8.0887 8.2434 7.9279 7.6438 7.7003 7.8539 7.8527 
4.8850 5.5149 5.7304 9.2382 9.5638 7.3763 9.0280 9.8737 8.8965 8.4853 8.2093 7.4686 6.3336 6.7813 8.2102 8.0425 8.7636 9.0930 8.7925 8.2678 8.1796 8.3397 8.0950 7.7574 8.1228 7.7849 7.6875 7.3004 7.6604 7.4666 
5.3186 6.1100 6.3040 7.6516 7.3195 6.0250 6.5987 6.3396 7.3490 7.4569 7.5210 6.5519 6.6810 6.6554 7.4392 7.5774 8.0115 8.0695 7.5448 7.4471 7.4544 7.1040 7.6357 7.6628 7.7396 7.5710 8.1399 7.7173 7.5572 7.9751 
5.1537 6.0372 6.0708 6.7866 6.9210 5.9577 6.3542 6.3463 6.8271 6.8128 7.3421 6.4643 5.8102 5.9500 7.1457 7.3695 7.8082 7.8422 7.4203 7.9512 7.1958 7.3914 7.3019 7.5011 7.4813 7.5625 7.3915 7.3653 7.3346 7.4213 
4.7638 5.1441 5.2645 5.9243 6.1010 5.9072 6.0339 5.5308 6.6770 7.2895 6.8992 6.5455 5.9517 6.4944 6.8395 7.1113 7.9242 8.2350 8.2734 8.2927 7.9603 8.5400 8.2747 7.8320 7.7367 7.5795 7.9131 7.7914 7.4020 8.2135 
4.5505 6.0619 5.8647 5.4667 5.9961 6.2287 6.5078 6.6457 6.7505 7.0905 6.4973 6.8186 6.3824 7.9190 9.0830 8.6629 9.0260 8.4357 8.2983 8.3681 7.8288 8.6546 8.5394 8.0513 8.2071 8.0719 8.9507 9.0784 8.8594 8.2532 
3.1005 5.3460 5.2561 5.3532 6.0983 6.3787 5.7545 6.4300 6.6011 6.4664 6.1496 5.9946 5.9586 6.9438 8.0358 7.7668 7.1805 7.9604 8.0285 7.9646 7.2635 7.1987 7.5252 7.4351 7.2757 7.2147 7.6746 8.1968 7.7103 7.3140 
4.4196 6.3685 6.4706 6.5369 5.9612 4.6762 5.6625 5.8916 6.4975 6.3243 6.2676 5.9377 5.8567 6.6073 8.0523 7.7728 7.8237 7.9699 8.5393 7.7197 7.1705 7.0064 7.2058 7.0589 7.0622 6.6250 7.1952 7.3588 6.6711 6.7628 
4.4308 6.5879 6.8699 6.5888 5.5916 4.9029 5.4505 5.4433 5.4820 5.3114 5.8145 5.8200 5.5121 6.3224 6.6291 6.7342 6.6340 6.8779 6.5657 7.1325 5.8031 6.1325 6.4342 6.9116 6.9515 6.3622 6.7624 6.7137 6.2197 6.3395 
4.8322 6.0278 6.2161 6.0459 5.6830 5.5061 5.3463 5.2425 6.0126 5.6196 5.8472 5.6020 5.4763 6.2547 6.6395 5.7323 5.8520 6.3329 6.7906 6.0414 5.2319 5.9169 6.9510 7.4801 5.9672 5.0986 6.3629 5.8852 5.4244 5.7184 
4.7256 6.4615 6.6477 6.1679 5.6144 4.4159 5.1796 5.6277 6.2755 6.3967 6.7497 5.0266 5.3242 5.7923 5.8410 5.9186 5.4655 5.5441 5.8496 5.5060 5.4037 5.6810 6.6354 7.0395 5.8046 5.1377 5.4874 5.1392 5.4060 5.1830 
3.8258 5.8028 5.9630 5.9125 6.0578 6.0436 4.9605 5.2046 4.7039 4.9056 5.7508 4.7426 5.4678 6.0755 6.1686 5.7609 5.8135 5.5789 5.7515 5.3934 5.3215 5.4731 6.2632 6.6420 6.3825 5.8397 6.5313 6.5301 6.3134 5.9687 
4.8313 6.4493 6.9123 6.5355 5.0832 5.5319 5.4826 5.0751 5.4132 5.4962 5.5786 5.4599 6.1824 5.6243 5.4048 5.1892 5.5927 5.7197 5.3827 5.2942 4.9184 5.6785 6.1486 6.4578 6.2499 6.3179 6.0393 6.1247 5.7159 5.5083 
2.7871 4.8129 5.3844 5.9046 5.4182 5.1970 4.5393 4.6796 5.6480 4.9358 5.9027 5.2830 5.2224 5.8401 6.0823 5.4824 5.6328 5.4111 5.6484 5.8238 5.2528 5.7737 5.9177 6.8571 7.5708 7.4214 6.0322 5.4261 5.5738 5.5866 
3.9785 5.6331 5.9460 6.6310 6.3991 5.1690 4.3553 5.2957 5.7172 5.4751 6.2908 5.4699 5.5600 6.0272 6.0374 5.3718 5.1108 6.1084 5.9937 5.5253 4.9898 5.2977 5.3996 5.4220 6.3727 6.4208 5.9449 5.6833 5.4375 5.5673 
4.1185 5.2166 6.1903 5.8924 5.3915 5.9174 5.4353 4.7861 5.9418 5.7112 6.2915 5.7157 5.9631 5.4297 5.7975 5.5231 5.8719 6.0259 5.4765 5.4110 5.1821 5.4775 5.2120 5.4158 5.9506 5.6643 5.9822 5.6292 5.7236 5.5244 
4.3107 5.3997 6.3009 6.5514 6.5570 6.0145 5.0124 5.7742 7.1672 5.7779 6.2371 6.0158 6.4406 6.4511 6.7528 6.4347 5.8754 6.0938 6.4079 5.7882 5.9319 6.0519 6.4767 6.3974 6.7524 6.7518 7.6405 7.8795 7.3339 7.4556 
3.9039 5.7923 6.1915 6.6848 6.2116 5.2723 5.8543 7.0049 7.6110 6.0039 5.8071 6.5904 6.0569 7.1899 7.2893 7.6463 7.4393 6.4533 6.4027 6.4458 5.7292 5.9098 7.1784 7.2942 6.9789 7.4001 9.1384 9.7526 9.5966 9.0569 
4.4045 5.3446 5.4598 5.9889 6.3033 6.7303 6.8500 6.8241 7.7022 6.4336 6.1444 6.0113 6.0787 6.3883 6.8301 6.9634 7.4384 7.9907 7.2646 6.3308 6.1346 6.2655 7.1271 7.3653 7.1182 7.5367 8.6658 9.5775 9.3753 9.0990 
4.0381 5.3346 6.0473 6.7834 7.0805 6.3983 6.5171 6.4321 7.6503 6.5326 6.0355 5.1996 5.3668 6.1640 6.3165 7.2789 8.1988 7.2209 5.9004 6.0008 6.1793 5.9607 7.1784 7.3469 7.5167 7.4625 9.0771 9.2602 9.2077 8.6214 
4.6835 5.3242 5.4332 6.4229 6.4380 5.4396 6.4604 6.7226 6.8054 6.2116 6.3205 5.5467 5.8169 5.6782 6.1736 7.4141 7.7915 6.8077 6.0996 6.1702 5.9175 6.3990 6.9846 6.5914 6.7641 7.3381 8.5798 9.0946 8.6320 8.4907 
4.0900 5.6723 6.3340 6.3870 6.4219 5.4992 6.1153 6.2087 6.2958 5.6229 5.4959 5.3123 4.8552 5.9723 6.2075 8.1014 7.9657 6.9484 6.5670 6.8605 6.1920 5.7888 7.4497 7.4962 7.2844 6.7097 8.5838 8.7293 8.2504 7.8685 
4.5107 5.9429 6.1162 6.2979 5.3441 5.1282 4.9979 6.4317 6.7391 6.8064 6.5023 5.4967 5.0143 6.0534 7.2156 7.3054 7.0113 6.0320 6.7005 7.2928 6.9835 6.2195 7.2004 6.8871 7.1355 7.1790 7.9692 8.4798 8.0186 7.2577 
3.8827 5.1666 4.6869 6.0835 6.0628 5.3879 5.4833 5.2172 5.3474 6.2012 5.9280 5.6860 5.0783 5.7220 6.3210 6.5305 6.5686 6.1030 5.9802 6.0776 6.0523 6.4879 7.2879 6.1675 6.5463 6.3768 7.3053 8.3656 7.7097 7.2629 
3.8142 5.4102 5.8650 6.4585 5.2753 5.1413 5.7189 5.8559 5.5290 5.3938 5.5563 5.4289 5.1970 6.0657 6.0021 5.9116 5.7533 5.5516 5.6890 5.8519 6.0087 6.2931 6.5261 5.9225 5.9818 5.8826 7.3661 8.0385 7.4454 6.8588 
4.3018 5.3238 5.6814 5.2083 5.7657 6.0336 5.5536 6.0130 5.5251 5.0871 5.1578 4.8930 5.6729 5.5258 6.0261 6.0148 6.1237 5.3939 5.3178 5.8224 5.6273 5.4959 5.9804 5.9396 5.2552 6.0210 7.4047 7.5314 7.3978 6.9430 
4.6728 5.9532 5.9599 6.2822 6.1433 5.8133 5.4005 5.9471 5.8682 5.2859 5.7611 5.0122 5.6002 5.5944 5.9924 5.6879 5.9503 6.0077 6.0295 5.4467 5.3589 5.2309 5.6882 5.8243 5.6592 6.8739 8.4534 7.7106 7.9796 8.0532 
3.5874 6.1221 6.8695 6.3264 5.4432 5.4329 5.7720 5.9288 5.7633 5.3196 5.5515 5.4327 5.5337 5.5598 6.0783 5.7573 6.0019 6.0898 5.6915 6.1335 5.4293 5.2980 5.5076 5.4085 5.2425 5.3085 6.0224 6.0025 5.7810 5.5963 
2.4805 3.9498 5.1663 4.1959 4.8608 4.6107 4.8045 6.2486 5.7589 5.9679 6.0905 5.1395 5.1395 6.5028 7.5906 7.0277 6.7680 6.8665 7.8738 6.9331 6.3509 7.0181 7.2365 6.7047 6.6640 6.9252 8.1582 8.4380 7.9467 6.8345 
3.9618 5.5033 5.4373 5.8793 6.0360 6.4064 6.4395 6.1967 5.8690 5.8288 5.7971 5.6878 5.8311 6.3075 6.0687 6.1405 6.2482 6.4451 7.3064 6.8435 6.0864 6.9096 7.6239 6.8297 7.2929 6.8638 8.0676 8.4202 7.8618 7.1963 
3.2569 6.0504 6.3552 5.0493 5.6316 4.7873 5.3288 5.5633 5.8086 5.5367 5.1341 5.4269 5.2318 4.6494 5.7017 6.6625 6.5082 6.0752 7.2057 6.7702 5.6301 5.9347 6.6569 6.5294 5.9598 6.0662 7.3531 7.3837 6.7721 5.7855 
4.5363 5.8939 7.0264 6.9698 5.8560 5.7380 6.4932 5.7798 5.6835 5.1311 5.3941 5.0043 5.5026 5.9315 5.7792 5.9428 5.9563 5.7837 6.6052 5.9340 5.0245 5.2364 5.8512 5.6586 5.3063 5.5719 6.4770 6.4333 5.9030 4.9035 
2.5130 5.5089 5.2362 5.3657 4.8408 4.6702 4.2370 5.1441 5.6665 5.3744 5.9286 5.7734 5.3644 4.6459 5.7511 5.7242 5.9569 5.2013 5.9709 6.0326 5.2067 5.4556 5.2758 5.0276 5.2073 4.8410 5.1974 5.2701 4.6722 4.9879 
2.5653 4.6238 4.5786 5.8241 5.9276 5.5812 4.2830 5.1167 5.0212 4.8325 4.9771 5.3579 5.2900 5.1406 5.4446 6.0027 5.8436 5.8500 5.8292 6.1923 5.9420 5.8447 6.0917 5.9723 5.5433 5.2691 6.7320 6.1555 5.3815 5.4699 
3.7746 4.9057 6.2033 6.3993 6.3499 4.7731 4.2809 4.6858 5.8562 5.2844 5.1834 5.0620 5.4966 5.1859 5.7216 6.1079 5.2482 5.3812 6.2505 6.3574 5.9183 5.6203 5.8888 5.6737 5.7465 5.8728 6.4579 6.5642 6.1639 5.4076 
4.1571 5.6280 5.9409 6.0083 5.3544 5.4928 4.4459 4.7954 4.7772 5.4653 5.1335 5.5608 5.7115 5.4054 5.0044 5.2476 5.5098 5.7290 6.0428 5.7934 4.9184 5.2156 5.9056 5.3408 5.4602 5.7072 7.0033 6.7523 6.4808 5.4152 
3.7621 5.7599 6.3791 6.0728 6.0822 5.9225 5.9466 5.6458 5.6076 5.1873 5.8039 5.7647 5.3155 5.3033 5.6507 6.1643 6.1871 5.8175 5.4521 5.5751 5.2865 5.1976 5.0546 5.0990 4.9311 4.9724 4.7268 4.9641 4.3659 4.6294 
4.8906 6.2114 5.5839 5.1509 5.3629 5.5173 5.1847 5.4404 5.8711 5.9012 5.3255 4.4650 5.4202 5.3877 5.7567 5.9784 5.8878 6.2342 5.7495 5.5638 5.1984 5.3178 5.8309 6.0440 5.1135 4.9216 4.8680 5.0535 4.3080 4.6745 
4.3830 6.4409 6.3671 6.4903 6.1136 5.2675 5.6337 5.5327 5.3164 5.5402 5.2734 4.7907 5.1572 5.1512 5.9022 5.8900 5.8908 5.8575 5.1853 5.7121 4.9095 5.2980 5.6919 5.9620 4.8818 4.7651 5.0666 4.9924 4.2792 4.7095 
4.4304 5.0147 5.0400 5.6914 6.4308 5.5980 5.4261 5.1389 5.4420 5.6687 5.8082 5.5315 5.8376 5.1676 4.7778 5.3485 6.2810 5.6426 5.5899 5.3234 5.3034 5.4560 5.6808 6.0557 4.9988 4.6755 5.0371 4.7462 4.4370 4.8359 
1.1545 4.8177 5.3178 5.5633 6.0383 5.0767 5.2643 5.0053 5.0613 5.2078 4.7939 5.9480 6.1822 7.3740 7.0287 6.6564 5.8963 5.5605 5.7556 6.5204 5.9657 5.8006 6.7563 6.0610 6.8059 6.3659 8.3886 8.4725 8.5255 8.3263 
3.1240 4.8247 6.2658 6.7147 5.9489 6.3200 5.1201 5.3948 5.4365 4.8998 5.6941 5.8965 6.3630 6.6207 6.1654 5.7489 6.5239 8.1563 7.8830 6.7628 5.8622 5.9234 6.7207 6.4480 6.5614 6.9065 7.7142 8.1581 7.8636 8.2303 
4.2883 4.7427 5.0302 5.5388 5.6945 5.4984 4.9770 4.5419 4.2218 3.0570 3.4666 3.7345 4.6758 4.6687 4.6059 4.3551 4.9174 6.8399 6.6648 5.6175 5.0378 5.1971 5.5365 5.8156 6.0843 6.2786 7.3413 7.7220 7.5659 8.0041 
-0.1274 0.7592 0.6675 1.7580 1.9257 1.9561 1.7007 1.6079 1.4664 0.6514 1.2866 1.7083 2.7431 2.9262 2.6915 2.5948 3.5701 5.5442 5.4741 4.4503 3.8878 4.1921 4.6322 4.9806 5.3512 5.7443 6.8822 7.2982 7.2280 7.8043 
-4.4313 -2.9749 -2.9778 -1.7186 -1.7320 -1.5073 -1.6425 -1.3680 -1.2223 -1.6277 -0.7903 -0.2061 0.8762 1.2264 0.9058 1.0234 2.3040 4.2749 4.3012 3.3396 2.8397 3.2763 3.7634 4.2380 4.7167 5.2532 6.4703 6.8914 6.9225 7.6310 
-7.0914 -6.1911 -5.5735 -4.9937 -5.1397 -4.8585 -4.9599 -4.3046 -3.8538 -3.7990 -2.8605 -2.0785 -0.9614 -0.4643 -0.8117 -0.5314 1.0717 3.0172 3.1349 2.2556 1.8428 2.4101 2.9038 3.5285 4.1092 4.7771 6.0706 6.4943 6.6318 7.4669 
-10.1187 -9.0937 -8.4069 -8.1308 -8.0808 -7.7067 -7.7789 -7.0991 -6.4248 -5.9025 -4.9212 -3.9277 -2.7749 -2.1502 -2.4840 -2.0762 -0.1366 1.7677 1.9730 1.1840 0.8746 1.5682 2.0509 2.8381 3.5104 4.3090 5.6757 6.1048 6.3516 7.3078 
-13.1900 -11.9414 -11.3230 -11.1238 -10.8191 -10.3920 -10.4918 -9.6213 -8.9436 -7.9717 -6.9629 -5.7612 -4.5672 -3.8336 -4.1231 -3.5828 -1.3367 0.5250 0.8148 0.1191 -0.0824 0.7321 1.2050 2.1615 2.9164 3.8464 5.2834 5.7223 6.0800 7.1522 
-16.1073 -14.8326 -14.2603 -14.0002 -13.5212 -13.0366 -13.1497 -12.0284 -11.4141 -10.0240 -8.9773 -7.5863 -6.3407 -5.5156 -5.7348 -5.0384 -2.5408 -0.7116 -0.3404 -0.9413 -1.0334 -0.1026 0.3668 1.4955 2.3262 3.3881 4.8930 5.3467 5.8159 6.9996 
-19.1090 -17.7395 -17.1873 -16.8110 -16.2127 -15.6760 -15.6782 -14.4006 -13.8318 -12.0672 -10.9559 -9.4072 -8.0978 -7.1966 -7.3226 -6.4307 -3.7512 -1.9427 -1.4930 -1.9982 -1.9797 -0.9371 -0.4633 0.8372 1.7391 2.9331 4.5042 4.9782 5.5585 6.8494 
-21.7996 -20.4984 -19.9964 -19.6510 -18.8895 -18.3159 -18.1105 -16.7887 -16.1677 -14.1063 -12.8929 -11.2251 -9.8409 -8.8766 -8.8896 -7.7713 -4.9685 -3.1685 -2.6432 -3.0520 -2.9215 -1.7718 -1.2844 0.1847 1.1548 2.4810 4.1169 4.6176 5.3067 6.7011 
-22.6648 -22.4838 -22.2344 -22.6527 -21.5477 -20.9422 -20.4678 -19.2090 -18.3576 -16.1424 -14.7896 -13.0396 -11.5721 -10.5555 -10.4390 -9.0665 -6.1913 -4.3892 -3.7912 -4.1028 -3.8589 -2.6068 -2.0929 -0.4632 0.5733 2.0315 3.7309 4.2658 5.0596 6.5544 
-24.4981 -24.4001 -24.2994 -24.3401 -24.2319 -23.5394 -22.7962 -21.6712 -20.4043 -18.1721 -16.6534 -14.8497 -13.2933 -12.2333 -11.9731 -10.3242 -7.4182 -5.6050 -4.9374 -5.1505 -4.7916 -3.4421 -2.8857 -1.1068 -0.0054 1.5841 3.3462 3.9250 4.8168 6.4092 
-25.5807 -26.1633 -26.6661 -26.0541 -25.7597 -26.0089 -24.9647 -24.1158 -22.3859 -20.1895 -18.4942 -16.6538 -15.0061 -13.9095 -13.4939 -11.5560 -8.6481 -6.8160 -6.0818 -6.1949 -5.7194 -4.2775 -3.6694 -1.7457 -0.5812 1.1389 2.9627 3.6007 4.5780 6.2652 
-inf -26.7451 -26.0519 -25.5426 -26.6171 -26.0645 -26.2280 -25.3582 -24.1609 -22.1694 -20.3199 -18.4501 -16.7121 -15.5838 -15.0025 -12.7721 -9.8802 -8.0223 -7.2246 -7.2357 -6.6420 -5.1129 -4.4464 -2.3791 -1.1539 0.6955 2.5805 3.2887 4.3425 6.1223 
-24.9533 -25.3588 -26.7451 -25.5883 -25.2851 -25.1753 -25.8226 -24.5698 -25.4184 -24.0584 -22.1508 -20.2389 -18.4124 -17.2552 -16.4996 -13.9797 -11.1136 -9.2242 -8.3659 -8.2726 -7.5591 -5.9483 -5.2188 -3.0081 -1.7234 0.2540 2.1995 2.9839 4.1097 5.9805 
-24.2602 -25.1356 -25.0454 -24.4425 -24.9568 -25.0410 -24.1616 -24.7576 -24.5656 -24.8253 -24.0067 -22.0142 -20.1127 -18.9220 -17.9844 -15.1838 -12.3477 -10.4216 -9.5058 -9.3053 -8.4705 -6.7833 -5.9890 -3.6346 -2.2894 -0.1858 1.8197 2.6843 3.8794 5.8396 
-24.2602 -26.7451 -25.1356 -23.4870 -23.9389 -23.5504 -23.8988 -24.1092 -23.8907 -23.4413 -23.8304 -23.3953 -21.7170 -20.5704 -19.4614 -16.3878 -13.5818 -11.6147 -10.6443 -10.3336 -9.3761 -7.6180 -6.7581 -4.2590 -2.8516 -0.6237 1.4411 2.3888 3.6514 5.6995 
-22.7623 -23.6540 -23.5717 -23.6591 -23.9417 -22.9691 -23.0299 -24.0778 -23.3349 -23.5656 -23.6342 -23.8384 -23.1440 -22.1820 -20.9541 -17.5961 -14.8155 -12.8038 -11.7816 -11.3573 -10.2758 -8.4521 -7.5253 -4.8812 -3.4096 -1.0599 1.0636 2.0964 3.4256 5.5603 
-inf -23.2793 -22.5862 -inf -23.3439 -22.8393 -22.1619 -22.8695 -22.9745 -23.4717 -23.0053 -22.8390 -22.7551 -22.2524 -22.0804 -18.8013 -16.0485 -13.9889 -12.9178 -12.3761 -11.1694 -9.2855 -8.2860 -5.5008 -3.9632 -1.4943 0.6873 1.8069 3.2019 5.4218 
-inf -21.6332 -21.8072 -23.9725 -22.4684 -22.2409 -22.3644 -22.2039 -21.6219 -22.1497 -22.0929 -22.5310 -22.4380 -21.9929 -22.4067 -19.9749 -17.2765 -15.1699 -14.0526 -13.3901 -12.0572 -10.1181 -9.0377 -6.1178 -4.5119 -1.9269 0.3121 1.5197 2.9803 5.2839 
-20.7641 -21.8853 -21.1960 -21.4220 -22.0089 -23.3439 -22.0089 -21.6501 -inf -21.6246 -22.0117 -21.5483 -21.1124 -21.1304 -21.4632 -20.8239 -18.4943 -16.3469 -15.1874 -14.3995 -12.9391 -10.9498 -9.7835 -6.7332 -5.0554 -2.3577 -0.0619 1.2346 2.7608 5.1467 
-20.7944 -22.8739 -22.8739 -21.5465 -21.1111 -20.4848 -20.8346 -20.6848 -20.5542 -inf -21.6385 -20.7201 -20.8282 -20.6674 -20.9546 -21.0805 -19.7344 -17.5123 -16.3220 -15.4072 -13.8155 -11.7802 -10.5239 -7.3475 -5.5934 -2.7866 -0.4347 0.9515 2.5435 5.0100 
-20.1013 -19.7562 -19.7562 -20.2836 -20.1451 -20.6095 -19.9390 -19.4589 -19.5152 -19.9823 -20.1492 -20.6366 -19.8106 -19.5244 -20.3681 -20.1047 -20.2701 -18.6263 -17.4623 -16.4106 -14.6842 -12.6092 -11.2536 -7.9606 -6.1256 -3.2137 -0.8062 0.6702 2.3283 4.8739 
-18.6847 -19.5417 -20.9767 -19.2949 -20.3683 -20.5713 -19.0957 -19.3481 -19.1204 -19.5512 -20.4400 -20.4584 -19.9395 -19.3268 -19.6673 -19.8508 -19.4864 -19.4109 -18.6470 -17.3754 -15.5497 -13.4377 -11.9659 -8.5723 -6.6517 -3.6388 -1.1766 0.3904 2.1155 4.7383 
-19.4081 -18.6569 -19.6487 -18.5727 -18.5859 -19.1607 -19.8781 -18.1645 -18.2814 -18.7798 -18.8686 -19.2737 -18.8259 -18.7214 -18.8160 -18.8867 -19.1607 -19.0451 -18.5401 -17.9270 -16.4193 -14.2631 -12.6629 -9.1831 -7.1715 -4.0621 -1.5456 0.1120 1.9052 4.6032 
-17.9103 -17.6956 -18.8362 -18.0644 -18.1241 -18.3095 -18.8485 -17.9284 -17.5010 -18.0096 -18.5221 -18.3567 -18.4863 -17.9123 -18.1629 -18.2766 -18.5899 -18.3218 -18.3266 -18.4035 -17.4820 -15.1089 -13.3461 -9.7931 -7.6848 -4.4834 -1.9134 -0.1649 1.6975 4.4684 
-inf -16.8958 -17.3761 -18.3970 -17.4535 -18.7150 -18.7150 -17.1908 -17.2060 -17.8395 -17.4814 -18.0845 -17.5460 -17.9612 -17.7839 -17.5610 -17.7258 -17.4065 -17.4402 -17.4451 -17.0284 -15.7857 -14.0098 -10.4027 -8.1915 -4.9027 -2.2798 -0.4407 1.4926 4.3341 
-15.9424 -17.0257 -17.7038 -16.3895 -16.5472 -16.8065 -16.6160 -16.8252 -16.2463 -16.3616 -17.1610 -16.9772 -16.7438 -17.0858 -16.9715 -16.9137 -17.4238 -16.6527 -16.7077 -16.7592 -16.5533 -16.0767 -14.6195 -11.0133 -8.6917 -5.3201 -2.6449 -0.7152 1.2907 4.2001 
-16.6355 -16.3479 -16.3479 -15.8119 -15.5452 -16.3996 -16.2949 -15.5289 -15.9135 -15.8792 -16.5868 -16.6532 -16.3467 -15.9732 -16.3911 -16.2913 -16.3528 -16.5674 -16.6820 -16.4480 -16.7612 -16.3585 -15.1293 -11.6280 -9.1859 -5.7355 -3.0084 -0.9888 1.0920 4.0663 
-15.9424 -14.8168 -17.0410 -15.6353 -15.5945 -15.8438 -15.4569 -15.5022 -16.5376 -16.3991 -15.5932 -15.8517 -15.5732 -15.5144 -15.9550 -16.0921 -15.3999 -15.5642 -15.5740 -15.5532 -15.8011 -15.3389 -15.3441 -12.2261 -9.6736 -6.1490 -3.3705 -1.2613 0.8966 3.9329 
-14.2095 -14.2597 -14.2597 -15.2492 -15.1315 -15.1507 -15.5659 -14.9493 -14.6076 -14.9912 -14.9482 -15.1503 -14.6955 -14.5376 -14.7031 -15.1650 -15.2847 -15.6848 -15.2303 -15.3362 -14.9217 -15.0306 -14.6537 -12.8156 -10.1553 -6.5605 -3.7311 -1.5329 0.7045 3.7996 
-13.7514 -14.1506 -16.3479 -14.2684 -16.6355 -14.8438 -15.5369 -13.9455 -14.6717 -14.5561 -14.4080 -14.0732 -14.7092 -14.1707 -14.4215 -14.5007 -14.3291 -14.3713 -14.2466 -13.9256 -14.0069 -14.0636 -14.3260 -13.2289 -10.6181 -6.9702 -4.0900 -1.8037 0.5158 3.6666 
-13.8629 -12.6102 -13.0898 -14.2684 -14.1506 -13.6398 -14.1506 -13.1309 -13.1023 -13.2856 -13.9915 -13.6095 -13.4791 -13.4980 -13.9708 -14.0994 -13.4382 -13.4479 -13.6028 -13.7400 -13.7401 -13.8544 -13.6430 -13.4066 -11.0757 -7.3773 -4.4473 -2.0738 0.3305 3.5337 
-12.4766 -12.8821 -12.8821 -13.5753 -12.7630 -13.4575 -12.9869 -12.9043 -12.3855 -12.6248 -13.1125 -13.2424 -13.5445 -12.6658 -12.6412 -12.7854 -12.9173 -13.1437 -12.8532 -12.8506 -13.0426 -12.8873 -13.1213 -13.4586 -11.4679 -7.7830 -4.8027 -2.3431 0.1490 3.4009 
-inf -12.1737 -12.4563 -12.8821 -13.1698 -12.3781 -12.2110 -12.0160 -11.8377 -12.0629 -12.3644 -11.8586 -11.4953 -11.9212 -12.0928 -12.5437 -12.6019 -12.4412 -12.5368 -12.1637 -12.2339 -12.3536 -12.0786 -12.3024 -11.5506 -8.1940 -5.1563 -2.6119 -0.0286 3.2683 
-inf -11.4785 -11.4785 -11.6542 -11.9059 -11.5142 -11.7544 -11.8640 -12.5456 -11.1534 -11.7510 -11.7897 -11.7364 -11.4806 -11.8530 -11.8240 -11.7747 -11.7766 -11.7746 -11.6959 -11.8662 -11.9686 -11.7388 -11.7180 -11.4082 -8.5778 -5.5082 -2.8802 -0.2020 3.1357 
-inf -11.2727 -12.8821 -12.8821 -11.3904 -11.3780 -11.7262 -10.6402 -10.3716 -10.7721 -11.0249 -11.3608 -10.5652 -10.3809 -10.7506 -11.1456 -11.3482 -11.5644 -11.4885 -10.9955 -11.1455 -11.2199 -11.0663 -11.4515 -11.2753 -8.9296 -5.8631 -3.1483 -0.3716 3.0032 
-9.0109 -10.3972 -11.4958 -10.3972 -10.5220 -10.6747 -10.2090 -10.5397 -10.4651 -10.1958 -10.2489 -10.4728 -10.1486 -10.2733 -10.4840 -10.8825 -10.4335 -10.6874 -10.8097 -10.1083 -10.2281 -10.3350 -10.2347 -10.5927 -10.5372 -9.2163 -6.2167 -3.4158 -0.5379 2.8709 
-9.0109 -9.4164 -10.1095 -9.6655 -10.0367 -9.6846 -9.5863 -9.5760 -9.6335 -10.4662 -9.6700 -9.7209 -9.6477 -10.3757 -9.7609 -9.9760 -9.8557 -9.9526 -10.0642 -9.4926 -9.6588 -9.5813 -9.6752 -9.5844 -9.9342 -9.4289 -6.5477 -3.6810 -0.7011 2.7393 
-8.3178 -8.7080 -8.9906 -10.1095 -9.1484 -9.5863 -11.0904 -8.8874 -8.4811 -9.8876 -9.4153 -9.4117 -9.1367 -9.8556 -9.3490 -9.6089 -9.2046 -9.2933 -9.5048 -9.2095 -9.1806 -9.0247 -9.1762 -9.0073 -9.1921 -9.4469 -6.8503 -3.9412 -0.8615 2.6082 
-inf -8.0301 -8.5001 -8.2139 -8.5691 -10.6849 -9.7041 -8.6330 -8.8890 -8.5835 -9.2929 -8.7914 -8.7858 -8.0476 -8.2273 -8.5890 -8.6671 -8.6423 -8.7367 -8.2748 -8.5880 -8.4379 -8.3328 -8.4934 -8.4662 -8.7179 -7.0485 -4.2082 -1.0173 2.4774 
-8.3178 -8.0301 -7.9185 -7.5860 -8.1792 -8.4926 -9.7041 -8.4652 -7.2759 -7.9446 -8.0202 -7.9727 -7.8189 -7.7734 -7.7253 -8.1311 -7.6444 -7.8100 -7.7716 -7.5922 -7.5628 -7.8861 -7.6440 -7.9980 -7.8649 -7.5581 -7.3188 -4.5145 -1.1693 2.3471 
-inf -7.6835 -6.7843 -inf -6.9960 -7.2641 -6.4866 -7.3666 -7.2921 -6.9546 -7.0668 -7.7385 -6.6986 -6.8837 -7.1432 -7.4063 -7.7525 -7.5173 -7.0886 -7.1845 -6.9123 -6.9221 -7.2857 -7.5271 -7.0348 -7.1578 -7.3614 -4.8451 -1.3189 2.2172 
-inf -5.7497 -5.9354 -7.3369 -6.5057 -inf -6.8741 -6.4737 -7.0051 -6.5668 -6.7943 -7.2590 -6.9262 -6.8829 -6.6487 -6.8030 -6.7103 -6.7096 -6.5661 -6.1845 -6.4269 -6.5166 -6.4801 -6.6410 -6.6523 -6.7087 -6.5456 -4.9532 -1.4652 2.0877 
-5.1986 -5.9506 -7.3369 -inf -7.4528 -5.5807 -5.6609 -6.0109 -5.5780 -5.7718 -5.9016 -6.2844 -5.4345 -5.6004 -5.6911 -5.9339 -5.4414 -5.6745 -6.0095 -5.8216 -6.1674 -5.9176 -6.0749 -5.9350 -6.0347 -5.9131 -5.7913 -4.9234 -1.6043 1.9589 
-inf -5.2575 -6.6438 -inf -4.8765 -4.9957 -5.5890 -4.6765 -4.4472 -4.9017 -5.5352 -5.1944 -5.2646 -5.2510 -5.5376 -5.6479 -5.1381 -5.1354 -5.5207 -5.1784 -4.9072 -5.0596 -5.1130 -5.2887 -5.0731 -5.5880 -5.3814 -4.6747 -1.7381 1.8307 
-4.8520 -4.5643 -4.2459 -4.5643 -4.3562 -4.9587 -4.6289 -4.0644 -4.5736 -4.5156 -4.5612 -4.3322 -4.4033 -4.5952 -4.5489 -4.6344 -4.9966 -4.7597 -4.5890 -4.3864 -4.2087 -4.7177 -4.5805 -4.6034 -4.4781 -4.4931 -4.5988 -4.4320 -1.8777 1.7040 
-3.3542 -3.8712 -3.8409 -5.2575 -4.7342 -4.0983 -4.6638 -3.9632 -3.5060 -3.5548 -3.7555 -3.9679 -3.8115 -3.7390 -3.7178 -4.3912 -4.0280 -4.1688 -3.8935 -3.9655 -3.8834 -3.8864 -3.9533 -4.1179 -3.8847 -3.8507 -3.8128 -3.6327 -1.9528 1.5789 
-3.4657 -inf -3.1477 -2.7726 -2.7726 -3.1630 -3.3672 -2.9157 -3.6381 -2.9983 -3.4094 -3.3766 -3.5216 -3.7606 -3.4526 -3.5707 -3.4530 -3.4382 -3.3774 -2.9937 -3.3071 -3.5254 -3.6279 -3.3605 -3.2027 -3.0128 -2.9819 -2.8158 -1.9690 1.4570 
-1.9679 -2.0794 -2.0743 -2.0037 -2.2130 -2.8371 -2.6878 -2.6000 -2.3399 -2.7609 -3.6705 -2.3991 -2.8381 -2.3782 -2.5228 -2.5806 -2.8385 -2.7606 -2.8541 -2.5636 -2.5704 -2.7911 -2.6651 -2.6118 -2.7294 -2.4919 -2.3603 -2.4634 -1.8265 1.3443 
-2.0794 -0.9104 -1.0986 -1.9501 -1.4602 -1.9863 -2.4592 -2.2452 -2.2977 -1.5731 -1.9641 -2.0846 -2.5752 -1.8838 -1.9943 -2.6802 -2.3136 -2.1715 -1.9665 -1.7701 -1.7716 -1.8849 -2.0327 -1.9412 -2.0896 -2.0348 -1.8910 -1.8609 -1.7422 1.2087 
-inf -0.6546 -0.6434 -0.8755 -1.6296 -1.7346 -3.4657 -1.3218 -1.5391 -1.0865 -1.1200 -1.6398 -1.2569 -1.6770 -1.6931 -1.4890 -1.4049 -1.1420 -1.1685 -0.9448 -0.9201 -1.2659 -1.5538 -1.8970 -1.7541 -1.3940 -1.4075 -1.3866 -1.5091 1.0998 
-0.6931 0.2438 -0.6931 -0.6931 -0.2877 -1.2685 -0.4424 -0.2646 -0.8026 -0.9163 -0.9094 -0.6166 -1.2395 -0.7547 -0.4311 -0.5961 -0.9723 -0.9728 -1.0069 -0.8927 -0.5512 -0.8900 -0.9111 -1.1292 -0.8882 -0.7575 -0.6578 -0.3674 -0.7164 0.9590 
0.8047 -inf 0.2954 0.7513 0.7505 0.2781 0.2019 0.4656 -0.2442 -0.0693 -0.2426 -0.5467 -0.0501 0.2916 -0.1277 -0.0295 -0.3994 -0.2994 -0.0959 0.4658 0.5041 0.1551 0.0798 -0.1196 -0.0969 0.0098 -0.0743 -0.0061 -0.4661 0.8687 
1.7329 1.3274 -0.9808 1.3060 1.0072 0.5960 0.1476 0.7310 0.6343 0.8958 0.7165 0.7570 1.2318 1.1769 0.7621 0.4885 0.4283 0.5028 0.6745 0.4321 0.7675 0.4340 0.5368 0.8108 0.9383 0.6344 0.4496 0.7511 0.4712 1.1245 
-inf 1.6740 0.0000 1.6740 1.0986 0.3185 1.0772 1.4223 1.3228 1.5791 0.7535 1.1962 1.2340 1.0600 1.6693 1.6062 1.6609 1.2478 0.5586 1.3467 1.6535 1.0569 0.8634 1.2828 1.6355 1.1886 1.3410 1.7641 1.3934 1.6183 
-inf -inf -0.4055 -inf 0.0000 1.2164 1.9667 1.8897 2.4326 1.8968 1.9955 1.8096 2.2655 2.0858 2.0355 1.9839 1.9698 1.9721 1.4288 2.0694 2.1033 1.8968 1.7759 1.5734 1.9932 1.9070 1.7826 1.9651 1.8691 2.0755 
3.4657 3.2485 2.3671 3.2834 3.2538 2.2099 2.9475 2.7358 2.7036 2.7061 1.9370 2.4033 2.8910 2.9588 2.7246 1.9828 2.3908 2.5689 2.1906 2.7630 2.7427 2.7649 2.4210 2.6124 2.5957 2.3563 2.6523 2.6623 2.3483 2.6828 
2.7726 3.4068 3.7612 2.7137 3.8111 2.9901 2.4366 3.4707 3.5086 3.0589 3.3024 3.0353 2.9491 2.5994 3.1740 2.7903 2.9881 2.9181 2.6524 3.5582 3.4343 3.1967 2.7678 3.1547 2.9994 3.0303 3.4437 3.4735 3.5377 3.5415 
3.4657 4.4027 4.6697 -inf 3.4657 1.9459 2.9957 1.7693 3.7021 3.9552 3.7078 3.6573 4.2855 4.1036 3.6912 3.9310 3.9630 3.9626 3.9411 3.9573 4.0045 3.7323 3.6083 3.1916 3.6172 3.9295 4.1798 3.9763 4.3009 3.9706 
5.5452 5.3279 4.4466 3.7534 3.4657 3.3322 2.7081 4.6025 5.4333 4.9344 4.8529 4.9008 4.9855 4.9999 4.4348 4.4723 4.6781 4.2222 4.2456 4.6567 4.9561 4.3696 4.6609 4.6226 4.6195 4.6764 4.3907 4.6007 4.8734 5.0056 
6.2686 5.4863 5.8406 3.7534 4.5055 5.7119 5.7124 5.3337 5.5012 5.5978 5.3898 5.1512 5.5412 5.8117 5.2881 4.9100 5.0809 5.2182 5.0572 5.1542 5.4200 5.3432 5.5954 5.6251 5.4368 5.4113 5.4118 5.3862 5.2681 5.3612 
6.9315 5.8329 6.5260 4.4466 5.7683 6.0494 6.0868 5.0917 5.9013 5.3629 5.3681 5.7716 5.3786 5.4510 5.8826 5.8896 6.3154 5.5795 5.7502 6.0314 6.0840 5.6088 5.4421 5.6339 5.9851 5.5983 5.7311 5.9269 5.8085 5.8676 
7.6549 7.4074 7.6298 6.2383 6.8311 6.7217 7.0596 6.4182 6.7469 4.9772 6.4198 6.7953 5.7545 6.5441 7.3632 6.5536 6.3131 6.3021 6.3730 6.1780 6.5985 6.2780 6.2319 6.3257 6.6083 6.4408 6.8099 6.8437 6.7693 6.6376 
-inf 7.9696 7.7004 6.9315 7.3369 6.6641 8.0682 7.3364 7.0251 7.7158 6.6846 6.9430 7.1497 7.4692 7.2064 7.8358 7.4771 7.0901 6.9339 6.8954 7.2996 7.1258 7.1544 7.2804 7.3812 7.1802 7.0604 7.3419 7.2275 7.0846 
7.6246 8.8063 8.3381 7.5657 8.2961 7.6246 7.6852 6.9643 6.1693 7.9199 7.9849 7.7820 7.7144 8.0143 7.9167 7.6528 7.2252 7.5057 7.6858 7.6130 7.7793 7.4385 7.4392 7.5578 7.6884 7.5550 7.6230 7.9391 7.7744 7.7781 
-inf -inf 8.6358 7.9123 8.5409 9.0109 8.7241 8.6348 8.3140 8.1452 8.0662 8.0280 7.8749 8.4296 8.8228 8.9401 8.9445 8.1066 8.2313 8.5897 8.6977 8.2005 8.1049 7.9743 8.1419 8.2085 8.2630 8.4791 8.7077 8.6548 
9.0109 9.9917 9.2986 7.2192 8.3178 8.7990 8.9427 9.3008 9.3603 9.8984 8.9800 8.8614 9.3409 9.3463 9.4730 9.1354 8.9113 8.8196 9.1099 9.6490 9.4499 8.9758 8.6886 8.9943 9.3478 8.9194 9.1260 9.5408 9.2797 9.0090 
-inf 10.2149 9.7041 8.6054 10.1095 9.5705 9.5880 9.8144 9.9535 8.7008 8.9577 9.2437 8.9621 9.4572 9.4364 10.1045 10.0421 10.2245 10.1948 10.2475 10.0068 9.5405 9.1919 9.7456 9.8575 10.0347 9.9861 10.2350 10.0034 9.5205 
11.2019 11.0904 9.9917 10.9142 9.0109 9.0109 10.1298 10.2891 10.4267 10.4013 10.4610 10.1559 10.4908 10.4609 10.2888 10.3476 10.2229 9.9230 10.4063 10.5214 10.5073 10.4155 10.1910 10.1811 10.4189 10.3537 10.4498 10.8982 10.5602 10.5538 
-inf 12.0577 10.7965 11.8271 11.3263 10.9989 11.7958 11.1832 10.7645 11.3398 11.1194 10.2833 10.6160 11.0805 11.0348 11.2350 10.8277 10.7907 11.1491 11.3934 11.2765 10.6719 11.0746 10.7649 10.8521 10.6181 10.7866 11.1264 11.1093 11.0158 
12.4766 12.4766 11.7835 12.0789 -inf 10.3972 10.3972 10.1741 11.8788 12.1279 11.4287 11.9534 11.6593 11.2677 12.0145 11.7234 11.4735 11.2943 11.4595 11.9607 11.6513 11.3076 11.5485 11.5059 11.6943 11.4848 11.3651 11.8810 11.8560 11.8496 
-inf 13.1698 12.4766 11.6012 12.3431 12.9016 12.3763 12.4481 12.6055 12.6128 12.1555 11.9996 12.6813 12.6400 12.9507 12.5342 12.6146 12.3539 12.2605 12.4872 12.4497 12.1080 12.0583 12.4859 12.3780 12.1922 12.0785 12.5687 12.7891 12.7410 
-inf -inf 13.4878 13.1049 12.5070 12.9579 12.8821 13.2812 13.0417 12.5944 13.2253 13.1682 13.2313 13.1855 12.9932 12.4017 12.3649 12.7512 12.7431 13.2032 13.3959 12.8308 12.6962 13.0087 13.3551 12.9876 12.8766 13.2516 13.4909 13.4419 
14.9027 14.4972 12.7643 13.8204 14.4226 14.1497 13.7984 13.7483 14.0875 13.7944 13.5746 13.3892 14.0501 13.8786 13.8651 13.8897 13.5917 13.7302 13.7044 13.7538 13.5209 13.6087 13.8267 13.8999 13.8104 13.5921 13.5813 13.8532 13.8586 13.8507 
