nan nan nan nan nan nan nan nan nan nan nan nan nan 
nan nan nan nan nan nan nan nan nan nan nan nan nan 
nan nan nan nan nan nan nan nan nan nan nan nan nan 
nan nan nan nan nan nan nan nan nan nan nan nan nan 
11.1729 -1.9774 -2.4338 1.7328 -1.1918 -0.1157 -0.4077 -0.0479 -0.0327 -0.2167 0.0192 -0.1612 0.0588 
19.8215 0.0711 -1.1504 -0.4046 -1.5104 -0.4471 -0.1888 -0.6275 -0.6924 0.2917 0.0751 -0.2800 0.3654 
19.2680 0.9646 -0.5717 -2.1231 -1.0924 -0.3458 -0.4679 -0.3334 -0.2736 -0.0974 -0.3738 -0.0151 -0.0821 
nan nan nan nan nan nan nan nan nan nan nan nan nan 
nan nan nan nan nan nan nan nan nan nan nan nan nan 
nan nan nan nan nan nan nan nan nan nan nan nan nan 
19.1874 0.8029 0.9209 -1.5041 -0.2352 -0.3702 -0.4501 0.7726 -0.6376 -1.2235 -0.9855 -0.3679 0.4661 
23.3929 -0.2108 -1.3115 0.2634 -0.8449 -1.6422 -0.4531 0.7938 -0.2897 -0.1717 0.1874 0.1774 -0.3038 
23.7220 0.1482 0.0840 -0.2235 -1.7307 -2.0672 -1.2933 -0.9402 -0.2186 -0.3317 -0.3998 -0.1310 -0.5005 
22.9177 0.1753 -0.7890 0.0858 0.0320 -0.6765 -1.1399 0.6539 -0.0218 -1.2019 0.2818 -0.2174 -0.5375 
22.9124 -0.2929 -1.7076 -0.8553 -0.5203 -0.7482 -1.1959 -0.1438 -0.6227 0.1870 -0.1559 0.0386 -0.1213 
23.3195 2.3944 -2.1331 -1.5624 -2.1473 -1.0873 0.4895 -0.0107 -0.1362 -0.3847 0.1386 -0.0764 0.0925 
23.3573 2.4559 -0.4077 -1.1518 -0.7011 -0.9738 -0.8150 -0.3682 -1.1215 0.3017 0.1940 -0.2162 -0.2949 
22.6995 0.2247 -0.9081 -1.8247 -0.4569 0.0871 -0.7330 0.3813 -0.3108 -0.0941 0.4148 0.3263 -0.0071 
21.4258 1.1551 0.8659 -1.8560 -0.9623 0.6046 -0.1594 -0.0081 -0.1537 -0.3799 -0.4148 -0.4764 -0.0082 
22.6681 1.9847 0.7262 -0.6314 -0.5434 -0.5455 -1.0114 -0.2349 -0.7756 -0.8267 -0.0285 -0.3053 0.0921 
26.1545 -0.3917 -2.0052 -0.3423 -0.6694 -0.7898 -0.2890 -0.1590 -0.3252 -0.7087 -0.2643 -0.6942 0.2582 
34.5505 -4.4889 -2.7001 -1.4903 -2.8567 -0.7823 -0.0520 0.4256 -0.2885 -0.9983 0.0036 -0.2960 -0.1022 
34.0792 -4.7055 -0.8776 -1.4191 -2.7725 0.4881 -0.1175 1.1950 0.8932 0.1723 -1.7427 1.1487 -0.1925 
34.5306 -4.8625 0.1067 -1.0778 -2.2333 0.4118 0.1681 1.3811 0.8148 0.6908 -2.0006 0.6087 0.4936 
33.9263 -5.5461 0.0563 -1.6428 -2.6159 -0.0115 0.2598 1.1140 1.2490 1.1281 -1.9761 0.4555 0.8576 
34.4008 -4.7641 0.3319 -1.4991 -2.3090 -0.9041 -0.3356 0.3773 0.5959 0.3516 -2.4252 -0.1251 0.7991 
33.6180 -5.2767 0.0413 -1.6177 -2.3684 -0.6498 0.1087 0.9499 1.2424 0.8260 -2.2482 0.0664 1.1097 
33.3093 -5.4014 0.1915 -1.8495 -3.1100 -1.3935 -0.5145 0.8583 1.0345 0.4592 -2.6951 0.0954 1.3989 
33.5375 -5.4772 -0.1525 -1.5214 -2.0860 0.1834 0.5459 1.8601 1.5012 1.3083 -2.1600 0.0912 0.8064 
33.5505 -5.0894 -0.6316 -0.8013 -3.2138 0.1882 -0.4886 1.7984 0.5754 0.8622 -2.3525 0.8004 0.6859 
32.5187 -4.8695 -0.9554 0.3031 -3.7190 -0.5318 -0.3415 2.3371 1.9595 -0.2346 -2.7197 1.3841 1.0225 
31.9719 -5.2812 -2.7317 -0.5426 -4.7874 -1.4039 -0.6078 0.5462 1.0129 -2.5016 -2.4924 0.6503 -0.5950 
31.6734 -2.7014 -1.6658 -0.6675 -2.8299 -0.8709 0.5435 2.0014 0.3011 -3.1711 0.1455 0.4171 -0.0694 
31.1384 -3.3342 -3.9610 -0.5934 -1.6185 -0.0424 1.9869 1.9959 -1.0225 -1.7349 -0.2677 0.1307 -0.5245 
26.5862 -1.1777 -0.2220 -0.8804 -1.9603 0.6221 0.2034 0.5617 -0.4108 -0.8093 -0.3381 0.5300 -0.4085 
25.4141 -0.9590 -0.4834 -0.3016 -1.4635 0.5179 -0.2997 0.6743 -0.7583 -0.1114 -0.9703 0.3658 -0.1021 
23.9416 -2.3081 -0.0506 -0.7712 -0.7312 0.9562 -0.3427 -0.1427 0.3758 -0.6946 0.0157 0.1864 -0.2476 
24.8779 -2.0909 -0.3102 0.2480 -0.3390 -0.5648 -0.6240 -0.5377 -0.2425 -0.8667 -0.3418 -0.0239 0.1983 
23.2608 -2.2126 -1.6734 -0.4300 -0.7814 -0.1460 -0.4500 -1.1027 -0.7759 -0.5334 -0.1758 -0.4503 -0.3361 
23.5473 -0.5233 0.7139 -0.1122 -2.0630 -1.0914 -0.2249 -0.1199 -0.2943 -0.8070 -0.7790 -0.0603 0.5139 
22.7481 0.7871 0.8173 -0.9484 -1.3486 -1.5155 -0.4839 -0.3468 -0.5944 -0.1439 -0.4599 -0.3621 0.2908 
22.6792 0.1163 0.2940 -0.5600 -1.0075 -0.3225 -0.4049 -0.6731 -0.0537 -0.0828 -0.3663 0.1323 0.0501 
22.9307 0.0984 0.9287 0.4167 -2.5846 -0.3603 -0.8996 0.3316 -0.9753 -0.2119 -0.4630 0.2477 0.0490 
21.4659 0.8372 -0.8799 -1.4551 -0.6707 -0.1222 -0.9189 -0.3873 -1.2282 0.2504 -0.1678 -0.6169 -0.0753 
22.5019 1.0066 0.7785 -0.5450 -1.1851 -1.1826 -1.1008 -0.3222 0.4648 0.1123 -0.7065 -0.5168 0.2806 
20.1532 -0.9834 -0.3411 -1.6830 -1.5415 -0.4425 -0.3449 -0.4847 -0.2857 0.2449 -1.1174 -0.4333 0.1766 
22.0547 -0.1225 0.1589 -1.4435 -1.9313 -0.2964 0.0561 0.0584 -0.9186 0.0045 -0.7839 -0.2991 0.3887 
22.1113 -0.7204 -0.0919 -1.2011 -1.0944 0.0321 -1.1049 -0.3907 0.4451 0.5776 -0.5924 0.0866 -0.2489 
23.6403 -0.7712 -0.4790 -1.2694 -1.9026 0.0711 0.5422 -1.0194 0.0073 0.6550 -0.7317 -0.0167 0.3313 
24.3493 -1.5881 -0.6462 0.0410 -1.9212 -1.7850 0.9095 -0.6265 -0.1606 -0.3464 -1.0764 0.0575 0.0717 
24.7183 -1.8600 -2.0550 0.3531 -0.7380 0.0187 0.1496 -0.8946 0.1162 0.0715 -0.9428 0.2093 0.1191 
24.4099 -0.7672 -2.3786 -0.2202 -2.3191 0.4697 0.0737 -0.4420 0.0895 0.0427 -1.2851 0.3827 0.2191 
23.7893 -1.1820 -1.3781 0.2303 -1.1183 -0.1730 0.3428 0.8390 -0.3276 -0.7007 -0.4859 0.2728 -0.3065 
23.0591 -0.0494 -1.2620 -0.3738 -1.5958 -1.1269 -0.0375 -0.0819 -0.2571 -0.3023 -0.5480 0.0276 0.7372 
23.4854 -1.0710 0.1073 0.6368 -2.1850 -0.4223 -0.2903 -0.1607 -0.5837 -0.0505 0.0594 -0.6161 -0.2688 
21.6161 -1.2004 -0.5928 -1.0373 -0.7142 0.6526 -0.1085 0.0421 -0.6370 -1.0573 -0.5973 -0.1972 -0.1501 
21.6903 -0.2358 -0.7281 -0.6430 -1.0477 -0.9693 -0.6320 0.5571 -0.1488 -0.3793 -0.3907 -0.1541 -1.0525 
21.7193 0.0504 -1.5405 -0.1734 -0.1716 -0.4974 -0.2663 -0.6641 -0.5172 0.1455 0.3869 -0.1374 -0.2293 
22.7504 0.5131 -0.8552 -0.3770 -0.9698 -0.2185 -0.0101 -0.3742 -1.0156 0.1732 -0.2314 -0.2423 -0.0066 
22.6551 0.2204 -0.6510 -0.6690 -1.4952 -1.8135 -0.9063 -0.5460 -0.4387 0.0661 -0.2504 -0.2042 -0.2219 
19.8989 -3.0393 -1.2872 -0.0979 -1.6152 -1.0183 -0.5298 -0.0182 -0.9248 0.2369 1.1213 0.1224 0.1878 
23.1222 -0.9099 -1.6452 -0.5300 -0.1036 -0.4028 -0.4614 -0.3690 -0.4161 -0.3433 -0.4306 -0.5388 0.1383 
21.3559 -0.3433 -0.0281 -0.1024 -1.6221 -1.6948 -0.7929 -0.8581 -0.5138 -0.8741 -0.4993 0.1949 0.5231 
23.0365 1.0771 -1.2011 -0.8688 -1.3165 -1.3482 -0.6368 -0.0133 0.2099 0.4393 -0.2275 0.1124 0.2915 
20.2283 -1.6281 0.3841 -0.8942 -1.3409 -0.8503 -0.6209 -0.9910 -1.3023 -0.5131 -0.5775 -0.4423 -0.5054 
19.7084 -0.8892 -1.2747 -1.9972 -0.8873 -0.0524 0.3965 -0.9458 -1.0772 -0.0428 -0.6638 -0.8024 0.1237 
20.7807 0.1408 -0.1995 -1.8052 -2.5802 -0.2431 0.6625 -0.4765 0.0301 -0.1802 0.2183 0.4280 0.1631 
21.0472 0.3616 0.3635 -1.4812 -0.7318 -0.3633 -0.6103 -0.6077 0.0300 -0.2933 0.2741 -0.6499 -0.5491 
22.7333 -0.0111 -0.9107 -1.3162 -0.7391 -1.0096 -0.6714 -0.3951 -0.6129 0.1712 -0.5557 -0.0666 0.0693 
21.5543 0.5739 -0.3731 1.0068 -0.9799 0.6229 -0.7688 -0.7269 -0.7133 -0.1440 -0.4676 -0.2820 -0.0417 
22.3133 1.2296 -0.4852 -0.5156 -1.4205 -0.5633 -0.4485 -0.2950 -1.0122 -0.8012 -0.1239 0.0203 -0.1233 
21.3662 -0.7853 -0.8153 -1.1881 -0.6099 1.2153 0.7092 0.4252 -0.4853 0.0439 -0.3385 -0.1401 -0.6162 
20.0594 -1.5257 -1.3236 -2.6080 -1.3685 -1.4022 -0.1778 -1.2783 -0.7914 -1.4799 -0.0227 -0.1589 -0.4607 
22.0264 -0.6301 -1.3175 -2.4930 -1.0182 -0.9603 -0.2147 -0.6891 0.0341 0.8495 -0.1868 -0.6246 -0.2595 
18.3381 2.1830 -1.8673 -1.1281 0.2560 -0.3822 0.4871 -0.4667 -0.0770 0.0975 -0.2760 0.1550 -0.0679 
5.2803 -0.9530 -1.5040 -1.2192 0.4168 -0.3739 0.5393 -0.5676 -0.3338 -0.2903 -0.4200 -0.1717 0.0225 
-7.1481 -3.6059 -0.8719 -1.5826 0.1248 -0.5797 0.3830 -0.6457 -0.3950 -0.2728 -0.4285 -0.5579 -0.1448 
-18.3828 -4.9777 0.5390 -1.6436 -0.1442 -0.6822 0.3316 -0.5805 -0.0536 0.2883 0.0613 -0.5034 -0.1220 
-29.0458 -6.3105 1.3314 -1.9726 -0.1738 -0.5887 0.0923 -0.8009 0.0192 0.3396 0.0067 -0.4666 0.2190 
-39.2968 -7.6968 1.7596 -2.2155 -0.0785 -0.5849 -0.0042 -0.8181 -0.1189 0.1739 -0.0112 -0.5362 0.2860 
-49.3509 -9.1072 2.0832 -2.3578 0.0856 -0.5964 0.0140 -0.6749 -0.2450 0.0336 0.0760 -0.6097 0.1958 
-59.3283 -10.5837 2.3006 -2.5183 0.2279 -0.6451 0.0042 -0.5118 -0.3441 -0.1332 0.1395 -0.6639 0.0202 
-69.2024 -12.0107 2.6040 -2.5335 0.5401 -0.4307 0.2336 -0.1168 -0.1802 -0.2082 0.1032 -0.8604 -0.4967 
-77.8811 -11.9913 4.0690 -1.7672 1.1481 -0.2302 0.1201 -0.1418 -0.0976 -0.0633 0.5798 -0.2431 -0.3075 
-86.4201 -12.0168 5.1594 -1.6952 0.9846 -0.4793 -0.1651 -0.1044 0.1522 -0.0666 0.5576 -0.1952 -0.6005 
-94.2896 -11.5854 5.9981 -1.9738 1.1174 0.2829 0.6151 0.4115 0.0672 -0.7253 0.3683 0.2824 -0.5392 
nan nan nan nan nan nan nan nan nan nan nan nan nan 
nan nan nan nan nan nan nan nan nan nan nan nan nan 
-97.8135 -2.0824 1.6339 -1.1707 1.4455 -0.9309 1.1532 0.3427 0.9722 -0.0621 -0.3536 0.1356 -0.0295 
nan nan nan nan nan nan nan nan nan nan nan nan nan 
nan nan nan nan nan nan nan nan nan nan nan nan nan 
nan nan nan nan nan nan nan nan nan nan nan nan nan 
-inf -inf -inf -inf -inf -inf -inf -inf -inf nan nan nan nan 
nan nan nan nan nan nan nan nan nan nan nan nan nan 
nan nan nan nan nan nan nan nan nan nan nan nan nan 
-80.1884 0.0843 -0.1206 1.0599 -0.6053 -0.6390 -0.0600 0.0360 -0.2030 -0.5526 0.1286 0.4666 0.2751 
nan nan nan nan nan nan nan nan nan nan nan nan nan 
nan nan nan nan nan nan nan nan nan nan nan nan nan 
nan nan nan nan nan nan nan nan nan nan nan nan nan 
nan nan nan nan nan nan nan nan nan nan nan nan nan 
nan nan nan nan nan nan nan nan nan nan nan nan nan 
-64.6543 -0.0360 -0.9819 0.1716 -0.7763 -0.0764 0.6793 0.0272 -0.5601 -0.6083 0.3459 0.1780 -0.0073 
nan nan nan nan nan nan nan nan nan nan nan nan nan 
-59.5407 0.8021 0.8762 0.7065 -0.3631 -0.1118 -0.1838 -0.3599 -0.3116 0.3679 0.1348 0.3241 0.2959 
nan nan nan nan nan nan nan nan nan nan nan nan nan 
-54.2041 0.1276 0.4864 1.2490 -0.2629 -0.5725 -0.4319 -1.3051 -0.4139 0.2022 0.4299 -0.4383 -1.0657 
nan nan nan nan nan nan nan nan nan nan nan nan nan 
-inf -inf -inf -inf -inf -inf -inf -inf -inf nan nan nan nan 
nan nan nan nan nan nan nan nan nan nan nan nan nan 
nan nan nan nan nan nan nan nan nan nan nan nan nan 
nan nan nan nan nan nan nan nan nan nan nan nan nan 
nan nan nan nan nan nan nan nan nan nan nan nan nan 
-37.5511 0.5473 1.2028 1.2843 -0.5403 0.0583 1.0548 -0.9271 -0.7787 0.7649 -0.5057 0.3603 0.8801 
-inf nan nan nan -inf nan nan nan -inf nan nan nan nan 
nan nan nan nan nan nan nan nan nan nan nan nan nan 
nan nan nan nan nan nan nan nan nan nan nan nan nan 
nan nan nan nan nan nan nan nan nan nan nan nan nan 
nan nan nan nan nan nan nan nan nan nan nan nan nan 
nan nan nan nan nan nan nan nan nan nan nan nan nan 
nan nan nan nan nan nan nan nan nan nan nan nan nan 
nan nan nan nan nan nan nan nan nan nan nan nan nan 
nan nan nan nan nan nan nan nan nan nan nan nan nan 
-9.9993 1.2885 0.2586 0.0524 -0.1826 -0.6776 1.0852 -0.6092 0.6626 -0.4128 -0.1791 0.4022 -0.3063 
nan nan nan nan nan nan nan nan nan nan nan nan nan 
-inf -inf -inf -inf -inf -inf -inf -inf -inf nan nan nan nan 
-2.5604 0.5297 0.3476 0.2725 0.3592 -0.4104 0.2958 0.0647 -1.0090 -1.3146 -0.1307 0.1458 -0.0642 
nan nan nan nan nan nan nan nan nan nan nan nan nan 
nan nan nan nan nan nan nan nan nan nan nan nan nan 
nan nan nan nan nan nan nan nan nan nan nan nan nan 
nan nan nan nan nan nan nan nan nan nan nan nan nan 
nan nan nan nan nan nan nan nan nan nan nan nan nan 
nan nan nan nan nan nan nan nan nan nan nan nan nan 
nan nan nan nan nan nan nan nan nan nan nan nan nan 
nan nan nan nan nan nan nan nan nan nan nan nan nan 
nan nan nan nan nan nan nan nan nan nan nan nan nan 
nan nan nan nan nan nan nan nan nan nan nan nan nan 
26.9310 1.7250 0.5485 0.0155 0.6651 -0.5785 0.1561 -0.7208 -0.1881 1.0340 -0.4574 1.0009 0.3638 
nan nan nan nan nan nan nan nan nan nan nan nan nan 
30.7019 1.2449 1.1310 -1.1689 0.4458 0.3556 -1.3955 0.1351 -0.7043 -1.3682 0.1382 0.2430 0.0674 
nan nan nan nan nan nan nan nan nan nan nan nan nan 
nan nan nan nan nan nan nan nan nan nan nan nan nan 
-inf -inf -inf -inf -inf -inf -inf -inf -inf nan nan nan nan 
nan nan nan nan nan nan nan nan nan nan nan nan nan 
nan nan nan nan nan nan nan nan nan nan nan nan nan 
nan nan nan nan nan nan nan nan nan nan nan nan nan 
-inf -inf -inf -inf -inf -inf -inf -inf -inf nan nan nan nan 
nan nan nan nan nan nan nan nan nan nan nan nan nan 
nan nan nan nan nan nan nan nan nan nan nan nan nan 
