18.6267 -0.5897 -2.1140 -1.9526 -1.0992 0.1662 0.4739 -0.5996 -0.2714 -1.2026 -1.3152 -0.3051 -0.1372 
21.5340 0.7234 -0.8679 -1.3134 -1.0366 -0.4992 0.0779 0.3503 0.0702 -0.1049 -0.1078 -0.4600 -0.2016 
20.2936 -0.0656 -0.9145 -1.3552 -0.3652 0.9042 -0.3349 0.7117 0.1817 -0.5785 -0.0970 -0.2735 0.2438 
19.2522 -0.1751 -0.6782 -0.3482 0.4311 -0.0287 0.3282 -0.1445 -0.0515 0.4177 -0.8282 -0.7077 -0.0080 
18.4862 -0.2506 0.0904 -1.3949 -0.5776 -0.5001 0.2191 0.0482 0.3257 -0.3211 -0.7879 0.6159 0.0885 
18.8868 -0.9019 -1.8137 -0.4087 -1.3785 -0.7899 -0.8118 0.5857 0.1564 0.0106 0.5521 0.2501 0.2348 
18.9880 -0.5785 -1.4776 -1.9957 -0.5450 1.1154 0.2295 0.5509 -0.3471 0.0540 -0.4446 0.0232 -0.5781 
18.4740 0.2584 0.3802 -1.8496 -1.7425 -0.6126 0.0461 -1.0887 -0.0460 -0.4441 -0.3577 0.0632 -0.1463 
19.3219 0.1677 0.3455 -1.4518 -1.1559 0.1554 -0.6069 0.0306 -0.1388 -0.4121 -0.3738 0.1193 0.4672 
18.9737 -0.8739 -0.3702 -0.8816 0.0739 1.5516 -0.1646 -1.0892 -0.5615 -0.6858 -1.1133 -0.0005 1.0144 
19.7622 -0.8778 -1.5041 -0.7738 -0.8344 -0.7624 -0.4153 0.3768 -0.4204 0.7960 -0.1154 0.5691 0.1443 
19.4271 -1.6179 -1.6819 -0.1037 -0.2744 -0.3252 -0.4481 -0.0918 -0.2953 -0.4477 0.0236 -0.0154 0.4644 
19.2502 -1.4343 -1.1923 -0.8345 -1.0406 0.2375 -0.4472 -0.3928 0.6425 -0.1781 -0.0408 -0.3456 0.0969 
19.8758 0.3947 -0.8495 -1.2874 -1.7183 0.4955 0.1338 -0.1729 -0.4092 0.2161 -0.5798 -0.0695 0.3770 
19.2448 -0.4247 -0.5876 -0.7518 -1.0733 1.0663 0.0992 1.3459 0.0534 0.1670 -0.1896 -0.7227 -0.3280 
19.2383 -0.4501 0.0162 -1.2030 -1.1756 -0.2086 -0.6826 -0.0842 0.4776 -0.4816 0.0074 0.1074 -0.0037 
19.3454 0.4673 -0.8925 -1.4198 -1.6921 -0.2315 -0.9717 -0.5109 0.1616 -0.4403 0.2762 0.1980 -0.4899 
19.2338 -0.4199 -0.8736 -1.7914 -0.6292 -0.2632 0.3929 -0.4037 -0.9121 -0.2904 -0.9665 -0.2833 0.4120 
18.9803 -0.6397 -1.2217 -1.6404 -0.6811 -0.2706 -0.5068 -0.3733 -0.4755 -0.3273 -1.0620 -0.6819 0.2666 
18.7111 -0.7004 0.0021 -2.2958 -1.5671 -0.0602 0.1944 0.5015 0.2624 0.1931 -0.3597 0.1241 -0.0189 
18.5476 -0.4037 -1.6320 -1.4683 0.1700 -0.9572 -0.0427 -0.3052 -0.0600 -0.6802 0.5248 -0.0316 -0.3695 
17.5419 -2.6766 -1.2522 -0.1707 0.3285 0.2587 0.1381 1.0565 -0.1955 -0.1677 -0.9715 -0.5490 -0.0935 
18.8374 -1.1128 -1.6952 -1.5575 -0.4782 0.1007 0.2602 0.9405 -0.0907 0.0980 0.1228 -0.3185 -0.2872 
17.9221 -1.6668 -1.0571 -1.1189 -0.1414 0.9991 0.7058 -0.2358 0.4118 0.1103 -0.4406 -0.3628 0.0319 
18.8074 -0.7934 -0.1145 -1.9010 -1.4073 -0.7978 -0.6870 0.1607 0.1306 0.0638 -0.3821 0.0335 0.5413 
19.3591 -0.5495 -1.3234 -0.8476 -0.5361 0.1728 0.4909 -0.4881 -0.3608 -0.0981 -0.5679 -0.2636 -0.3424 
18.5234 -0.9381 -1.8327 -1.3987 -1.2049 -0.4559 -0.6723 -0.1960 -0.4216 -0.0342 -0.1205 0.1366 0.5138 
18.7931 -0.7258 -1.3964 -1.2863 -0.4616 -1.1567 -0.0008 0.9380 0.2564 0.2505 -0.5725 0.0567 0.3202 
18.2841 -0.2539 -1.7466 -2.3062 -0.9935 -0.4871 -0.3144 -0.0651 -1.0270 -0.5241 0.2121 -0.1190 -0.1704 
18.5821 -1.3710 -0.9371 -1.5100 -0.6857 -0.1169 -0.1522 -0.2876 -0.9899 -1.3281 -0.9121 -0.1898 0.0457 
19.9200 -0.4850 -0.2766 -1.1530 -0.7026 -2.0255 -0.5296 -0.0465 -0.4191 0.1109 -0.6272 -0.1058 0.4583 
19.3475 -1.0595 -1.6654 -2.1808 -0.7397 -0.2186 -0.3369 0.0643 -0.0717 0.3513 -0.3373 0.3780 -0.4346 
18.9989 -1.0883 -2.2664 -0.3703 0.4092 0.3145 -0.1619 -0.2561 -0.1667 -0.2990 0.2293 -0.1109 -0.3387 
19.3145 -0.5866 -0.7811 -0.9183 -0.7031 0.0817 0.0238 0.3172 0.1944 -0.0342 0.0337 -0.0514 -0.1694 
19.0139 -1.2029 -0.4332 -0.6685 -0.0058 0.1509 -1.2794 -0.8907 -0.5794 0.0046 -0.5651 0.2004 0.6093 
20.4087 0.2262 -0.6682 -0.2527 -0.8505 -0.5061 0.8676 -0.2449 0.0254 -0.4601 -0.2413 -0.0095 -0.5818 
19.2898 -0.6349 -0.3555 -0.9470 0.0018 -0.3882 -0.6111 0.4768 -0.4791 0.0383 0.6509 0.1565 -0.0508 
18.8513 -1.1855 0.4583 -0.4540 -1.0735 -0.2530 -0.4627 -0.7071 0.0413 0.3061 0.1978 -0.5932 0.2827 
20.1224 -0.8778 -0.5990 -1.0754 -1.6587 0.2897 0.3520 -0.1969 0.0870 -0.1563 -0.7816 0.1485 -0.1941 
17.9558 -0.7272 -0.1994 0.1168 -0.8196 1.1720 0.6107 0.1670 0.3455 -0.3695 -0.2067 -0.7301 -0.3744 
19.6065 0.2205 -0.2088 -0.8573 -0.5064 -0.7808 -0.5992 0.4266 0.2066 -0.4357 0.2995 -0.3771 -0.3194 
19.4636 -0.4628 -0.9654 -0.8372 -0.2958 -0.3685 0.3861 -0.4218 -0.6837 0.7919 0.0911 0.1341 -0.3988 
19.1791 -1.5159 -0.2181 0.4742 0.1051 0.6648 0.0466 -0.5661 -1.0366 0.0384 -0.7965 -0.9253 0.1385 
18.1786 -1.1023 -0.1098 -0.4935 0.3515 0.1452 -0.5002 -0.2593 -0.4987 -0.2989 0.0597 -0.0457 0.0891 
19.2884 -0.6831 -1.2368 -1.7232 -1.1923 -0.2681 -0.5995 -0.8975 -0.3705 0.0297 -0.0424 0.0386 0.2568 
17.7684 -0.6269 -0.3780 -0.3309 -0.9400 -1.0173 0.2862 -0.5532 -0.4138 -0.4061 0.3190 0.0583 0.0509 
19.8204 -0.1234 -1.2056 -1.0404 -0.8815 -0.8215 -0.6596 -0.5542 0.6622 -0.3010 -0.4629 -0.0607 0.4003 
19.1127 -0.1766 -0.6428 -0.7257 0.0024 -0.6512 -0.3642 0.2771 -0.1628 0.0412 0.1121 -0.3519 -0.6573 
19.5352 0.2268 -0.3626 -1.8752 -1.7060 -0.1159 0.0507 -0.4562 -0.2292 -0.9540 0.4830 -0.1357 0.1354 
19.4679 -0.4251 -0.7101 -0.5805 -0.7862 -0.6326 -0.3493 0.2374 -0.6579 -0.8966 -0.5776 0.1066 0.0056 
19.7595 -0.2914 -1.6919 -1.0565 -0.3214 -0.1253 0.8464 -0.4689 -0.9097 0.2034 -0.2110 0.0564 -0.0097 
19.3174 -0.4203 -0.8613 0.1300 0.2538 0.4025 0.4052 -0.3696 -0.9019 -0.4768 -0.6780 -0.2048 -0.3477 
18.8299 0.3008 0.5415 -0.9024 -1.8452 -0.8803 0.2819 -0.2730 -1.3755 -0.4455 -0.0071 0.2045 -0.1851 
18.6856 0.1968 -1.4378 -0.8149 -0.4784 -0.0800 -0.4572 0.2720 -0.2673 -0.5073 -0.9305 0.4487 -0.2612 
19.1820 -0.0430 -1.2445 -0.7163 -0.6560 0.1824 -0.1919 0.0816 0.2592 0.2735 -0.3917 -0.1350 0.0075 
18.4085 -0.4743 -0.3331 -0.1158 -0.6236 -0.0678 -0.5354 0.7420 -0.5329 -0.0632 -0.2902 -0.5833 -0.1453 
19.0587 -1.1494 -1.2239 -1.0122 -0.4545 0.7543 0.3242 0.1977 -0.7872 -0.0759 0.0963 -0.5093 -0.3137 
19.2441 -0.7480 -2.0300 -1.6068 -0.8228 -0.4980 -0.2940 -0.1671 0.3280 0.0982 0.1816 0.1688 -0.9332 
18.6901 -0.7349 -2.0952 -1.5068 -0.6514 -0.9336 0.1771 -0.0658 -0.5431 0.3206 0.0996 -0.2933 -0.6532 
18.7839 -0.5708 -0.1053 -0.9050 -0.7824 -0.1849 -0.4357 -0.6373 -0.4663 0.0009 0.1511 -0.2992 -0.2427 
19.1831 -0.9134 -0.2785 -1.2831 -1.6725 -1.5899 -0.5439 -0.0067 -0.3528 -0.1322 -0.3607 0.2702 -0.0148 
19.9336 0.0657 0.6994 -1.1135 -0.8796 -0.7946 -1.1827 0.0938 -0.3467 0.1755 -0.4143 -0.0240 -0.1237 
19.7535 -0.3004 -0.1511 -0.8122 -0.2569 -0.5964 -0.0713 0.0951 -0.4958 -0.0697 -0.5477 -0.1494 0.0184 
19.2121 -1.5401 -1.8587 -1.4082 -0.5302 -0.3452 0.2082 -0.2544 -0.4438 -0.2283 -0.3463 -0.0286 0.1055 
18.9026 -0.5170 -1.3488 -1.6966 -0.3764 -0.4933 -0.4200 0.4702 -0.7638 0.1191 -0.2260 0.2625 0.0624 
19.5874 0.0029 0.0340 -1.2103 -0.8101 0.4059 -0.0728 -0.0240 -0.4985 -0.1296 -0.1703 0.0277 -0.2897 
19.8121 0.0227 0.0603 -0.7793 -0.8655 -0.6991 -0.9801 -0.3037 -0.1444 0.0667 -0.3637 0.2698 -0.1736 
19.7940 -0.3266 -1.1347 -0.2642 -0.8245 -0.2996 -0.0428 -0.5460 -0.0857 0.4437 -0.1564 -0.1844 -0.4223 
19.6594 -0.9850 0.0492 0.3058 -0.2083 -0.5018 -1.1061 -1.0598 -0.3290 -0.3181 -0.1336 0.2561 -0.1258 
19.0199 -0.7989 -0.3095 -0.5415 -0.3909 -0.1984 -0.6366 -0.7585 0.3479 0.1302 -0.7717 -0.0519 0.2783 
18.1661 -1.0112 -0.9198 -0.5568 -0.0623 0.0495 0.1955 0.6349 0.8088 -0.0768 0.1000 -0.3952 -0.3468 
18.8396 -0.0798 -0.2348 -1.4363 0.5961 0.4397 0.1691 0.1240 -1.3594 -0.3878 -0.6519 -0.4213 0.2472 
17.2149 -2.1926 -0.3547 -0.3523 0.0161 -1.4246 -1.3448 -0.2444 0.1031 0.5992 0.5595 0.6200 0.3684 
18.2340 -1.4059 -1.3274 -0.8909 -0.9492 0.0739 -0.7368 -0.2543 -0.5477 -1.0821 -0.1820 0.0749 -0.0332 
18.6626 -0.2651 -1.0018 -1.7834 -0.8048 -0.6859 -0.9139 -0.7508 -0.5907 0.9866 -1.3478 -0.3490 0.1722 
18.1139 -1.1788 -1.1512 -0.8428 -0.7267 -0.0434 -0.5137 -1.2035 0.1901 -0.4798 -0.5696 -0.5464 -0.2548 
17.2201 -2.5575 0.3658 -0.4889 -1.5689 -0.7049 -1.9827 -0.4672 -0.1250 -1.3578 -1.5617 -0.1293 0.3438 
18.4934 -0.0339 0.3771 -1.6824 -1.0165 -0.6963 -0.6385 -0.3940 0.1352 -0.0957 -0.5857 0.0873 0.3869 
17.0952 -1.5960 -1.0813 -1.6678 0.0309 -0.2974 -0.9772 0.6771 0.5238 -1.2435 0.2449 0.0391 0.0765 
19.4282 -0.0556 -0.7250 -0.4060 -0.0999 -0.6193 -0.9037 -0.3655 -0.2759 -0.2420 0.4405 -0.3145 0.0016 
20.1603 0.4692 -0.0145 -0.7406 -1.1997 -0.8206 -0.4656 0.1152 -0.4016 -0.2727 0.7752 -1.0290 -0.1193 
19.0948 -1.3517 -1.2199 -0.8936 -0.8019 -0.8926 0.2605 0.1191 -0.2235 0.0274 -0.6344 0.1668 0.5105 
18.4423 -1.1679 -1.7093 -1.7595 -1.1300 0.3779 -0.3423 0.3915 0.2890 0.6503 -0.1116 -0.3516 -0.4291 
18.8692 0.0271 -1.0272 -1.5610 -1.2322 -0.2458 -0.9623 -0.3919 -0.3308 0.6068 -0.1270 -0.3467 -0.0308 
18.1466 -0.5073 -1.1424 -0.9238 -1.9239 0.4462 -0.0234 0.6188 -0.5983 -0.4173 -0.2943 0.1298 -0.2169 
18.4633 -1.8160 -2.0044 -1.2150 -1.4992 0.1275 -0.2462 -0.5349 -0.1403 0.6128 1.2069 1.0043 0.4427 
19.7335 -0.5931 -0.9186 -0.5757 -0.8929 -0.9155 -0.1588 -0.4718 -0.1657 0.1796 0.3509 0.2574 0.1752 
19.2473 -0.4005 0.0403 -0.0328 -0.1080 0.0318 -1.0372 0.4601 -1.0643 -0.6682 0.3806 -0.0465 -0.4564 
19.3587 0.1101 -0.2140 -0.6589 -1.1814 -0.4945 -0.6678 -0.8521 -0.3975 -0.0773 -0.2392 -0.1493 -0.2290 
19.5354 0.0870 -1.3410 -1.9627 -0.3549 -0.5357 0.1968 0.5818 0.0699 -0.3727 -0.3059 0.0673 -0.0208 
18.2876 0.6716 0.1476 -0.4242 -0.9134 0.7293 -0.1918 -1.2500 0.5940 -0.7546 0.1937 0.0004 -0.1833 
18.7215 -0.5573 -1.0556 -1.1351 -0.8315 1.0883 0.3262 0.9952 0.7235 -0.0513 -0.3419 0.0074 -0.2219 
18.4595 0.2150 0.0004 0.3023 -1.3194 -1.0307 0.5580 -0.8167 -0.1881 0.4096 -0.1836 -0.0965 0.0431 
18.5843 -0.6949 1.0428 -0.4047 -1.3701 -0.0078 -0.1239 -0.1500 -0.6589 0.3161 -1.4446 0.6609 0.3618 
19.1853 -0.3178 -0.6187 -2.0919 -1.4017 0.2676 0.7440 -0.3752 0.7699 0.4260 -0.4324 -0.0581 0.9784 
19.8176 -0.5565 -1.3394 -1.3305 -1.2285 0.3853 0.4205 -0.4598 0.3779 -0.4760 0.3106 -0.1737 -0.2348 
24.2908 -1.7113 -2.4483 -0.2316 -1.2691 -0.0049 0.1390 0.5532 -0.4110 -0.6902 0.3937 -0.5400 0.2031 
22.5395 -1.5886 -2.2520 0.6965 -0.6725 -0.0463 0.0153 0.3686 -1.0358 -0.1841 -0.1228 0.1200 -0.2383 
22.0314 -0.8879 -1.9784 0.7908 -0.6028 -0.0780 -0.2719 -0.6502 0.1085 -0.9350 -0.4029 -0.3899 -0.5027 
29.8954 1.2879 -2.7816 -0.5727 -1.6672 -1.4699 -0.5627 -0.6970 -0.8657 -0.6256 -0.3640 -0.1965 -0.2407 
34.8857 -0.2371 -3.0536 -0.0346 -2.4365 -1.1452 -0.4273 -0.3836 -0.9700 -0.3817 -0.2696 -0.2431 0.0142 
35.0151 -3.1764 -2.5839 -0.2124 -1.1682 -0.2894 -1.1178 -1.1828 -1.4759 -0.8267 0.1488 0.2344 -0.2911 
34.9566 -0.8621 -2.5634 0.1640 -1.4710 0.3931 -0.1657 -0.2867 -0.6675 -0.8256 -1.2201 -0.3464 0.3702 
34.1267 -0.4694 -2.0541 -0.7167 -1.4589 -0.0351 -0.2235 -0.0214 0.0952 -0.7665 0.0994 -0.7750 -0.3171 
34.5269 -1.0262 -2.7440 -1.2950 -1.8541 -0.2186 -0.1688 -0.1461 -0.2902 -0.2749 -1.0236 -0.5045 0.0483 
34.3202 -0.7721 -2.0420 -1.1526 -1.7902 -0.4640 -0.1779 0.2206 0.0605 -0.4548 -0.2680 -0.3784 -0.1133 
33.8556 -0.8263 -2.5893 -0.7611 -1.9830 -0.3235 -0.0434 0.3996 -0.3168 -0.6074 -0.7275 -0.5219 -0.3287 
33.4825 -0.5866 -1.6361 -1.2955 -1.6028 -0.5178 -0.4230 0.4380 -0.1873 -0.6921 -0.6906 -0.3829 -0.1939 
33.0094 -0.3696 -1.9883 -1.5161 -1.5176 -0.3092 -0.8116 0.5275 -0.4346 -0.6974 -0.3443 -1.0001 -0.1160 
33.0546 -0.1490 -2.3908 -1.3621 -1.7709 -0.3503 -0.5790 0.8127 -0.5324 -0.6931 -0.2509 -0.9229 -0.0088 
33.3453 -0.6669 -2.3682 -1.6001 -1.8424 -0.6524 -0.2916 0.1995 0.0008 -0.9657 -0.1014 -1.0564 -0.0651 
33.7136 -0.1622 -2.0382 -1.4101 -1.4294 -1.0248 0.4435 -0.3024 -0.0227 -0.4956 -0.5882 -0.2766 -0.2888 
33.3656 -0.2622 -1.9316 -1.4136 -1.6199 -0.7611 0.3052 -0.3158 0.0050 -0.5445 -0.8124 -0.1080 -0.6191 
33.5143 -0.7907 -1.8998 -1.2388 -1.9744 -0.4713 0.1689 -0.4416 0.0193 -0.5451 -0.9292 -0.3157 -0.4859 
33.9134 -0.6375 -1.6574 -1.3902 -1.5265 -0.2809 0.2616 -0.2421 0.1071 -0.5361 -0.8606 -0.1673 -0.2454 
33.6901 -0.5713 -2.4787 -1.4788 -1.6458 -0.8047 0.3075 -0.6957 0.0737 -0.9596 -0.6488 -0.8074 -0.2632 
34.1450 -0.3952 -1.9147 -1.3333 -1.7863 -0.1811 0.0018 0.0341 -0.1536 -0.4409 -0.5424 -0.2301 -0.3095 
33.6124 -0.2834 -2.3443 -1.3608 -1.7391 -0.8129 0.1081 -0.1839 -0.3846 -0.4498 -0.6506 -0.6441 -0.1881 
33.2497 0.2781 -2.3104 -1.0799 -1.3621 -0.5263 0.3271 -0.3725 0.0166 -0.5563 -0.5316 -0.5541 -0.2714 
32.8776 0.1506 -2.6745 -1.4296 -1.2888 -0.7298 0.0838 -0.2643 -0.3265 -0.6151 -0.6352 -0.8270 -0.0409 
32.7840 0.3741 -2.7939 -1.1950 -1.6700 -0.3378 -0.3328 0.3950 -0.2314 -0.9320 -0.1299 -1.0870 0.0704 
32.6160 0.9550 -3.5832 -0.3059 -2.4004 -0.1844 -0.2700 0.3634 0.1614 -1.1616 0.2943 -1.2614 0.5031 
33.1321 0.5550 -2.9450 -0.9814 -1.5587 -0.6689 -0.3760 0.9666 -0.5001 -0.5880 0.0532 -0.9621 0.0529 
32.4661 0.7332 -3.3877 -0.7588 -1.5890 -0.8876 -0.0455 0.5745 -0.3784 -0.7739 -0.0242 -0.8389 0.0201 
32.6105 0.8898 -2.8106 -0.6508 -1.2947 -0.6315 -0.1072 0.3420 -0.2298 -0.5951 -0.4905 -0.4647 -0.3658 
32.7116 0.9570 -3.6102 -0.1368 -1.4444 -0.9513 0.3232 -0.0769 -0.2295 -0.4309 -0.7361 -0.5214 -0.0416 
31.8523 1.4360 -3.8581 -0.8621 -1.4577 -0.7607 -0.2897 0.1507 -0.3000 -0.4476 -0.6153 -0.6810 -0.4965 
31.8491 1.8731 -4.2395 -0.3144 -1.8283 -0.3523 -0.3847 0.5034 -0.1831 -0.3879 -0.3327 -0.6241 0.0200 
31.8419 2.2445 -4.3668 -0.9041 -1.0934 -0.6762 -0.6260 0.7719 -0.4233 -0.5937 -0.1075 -0.9053 -0.0355 
31.6512 2.4182 -3.8730 -1.2558 -0.4469 -0.8913 -0.5110 0.9759 -0.5628 -0.4789 -0.0351 -0.8202 0.0074 
31.0521 2.7131 -4.9164 -0.6405 -1.0100 -0.6086 -0.9406 0.8065 -0.6042 -0.4512 -0.3915 -0.9028 -0.1122 
31.0857 2.2606 -4.6600 -1.2447 -0.6988 -0.9583 -0.7342 0.4698 -0.1456 -0.4602 -0.4158 -0.5904 -0.4527 
31.6721 1.6775 -3.7026 -1.5379 -0.6768 -0.2078 -0.5383 0.2982 0.1593 -0.3125 -0.3450 -0.5563 -0.2017 
30.5699 2.3652 -4.6349 -1.8098 -0.9844 -0.2911 -0.6241 -0.3074 0.2145 -0.6438 -0.3886 -0.6895 -0.3378 
30.0320 2.8068 -4.7636 -1.4157 -0.7920 -0.2373 -0.4238 0.0214 0.1234 -0.2403 -0.3809 -0.3114 -0.1384 
28.9480 2.6782 -4.8630 -1.5192 -1.0053 -1.0020 -0.1091 -0.5309 0.0104 -0.5618 -0.5886 -0.5339 -0.3864 
28.0409 2.2288 -3.4875 -1.3944 -0.9757 -0.3706 -0.3943 -0.0328 -0.2073 -0.2578 -0.7108 -0.1776 -0.2757 
25.2711 2.1175 -1.3506 -1.1245 -1.0036 -0.7654 -1.0139 -0.5403 0.6133 -0.5002 -1.3954 -0.4009 1.1502 
25.2258 1.5608 -2.4764 -1.5382 -1.2909 -0.9478 -0.8859 0.1151 0.5497 -0.9706 -0.8038 -0.2279 0.2812 
25.8838 1.6833 -2.6127 -2.3073 -0.8518 -1.1081 -0.4415 0.1809 0.4408 -0.5885 -0.1530 -0.0687 -0.0634 
25.9450 2.0550 -2.4469 -1.4263 -0.9039 -0.8924 0.5750 -0.3213 0.6225 -0.5633 -0.2593 -0.5467 -0.0025 
24.9452 0.7139 -3.1883 -2.3527 -1.6274 0.2128 0.2239 0.2330 1.1997 0.1756 -0.1542 0.2632 -0.1984 
24.6916 0.0357 -2.9791 -2.2069 -0.9465 -0.5310 0.9372 1.4234 0.8040 0.4862 -0.0855 -0.1150 -0.7114 
24.3353 0.7872 -2.1816 -1.5901 -1.2722 -0.2492 -0.0560 1.0853 -0.4317 -0.0012 -0.0208 -0.3148 -0.1369 
23.4094 -0.9089 -2.2453 -2.7824 -1.5887 0.0613 0.4926 0.4775 -0.3320 -0.0589 -0.1045 -0.9827 -0.9344 
23.3630 -0.3817 -3.1031 -2.1783 -0.2574 -0.2447 0.3421 0.3315 -0.1603 0.2022 -0.0681 -0.2770 -0.3261 
21.2475 -0.5275 -2.6645 -2.1121 -0.4779 -0.3277 0.3792 1.0375 0.3992 0.8979 0.1833 -0.4000 0.0147 
20.6937 -1.2589 -1.9183 -1.0762 -0.7910 0.9268 1.1893 1.9515 0.3711 -0.2760 0.0196 -0.7653 -1.2601 
20.9175 -0.7621 -1.4483 -0.8753 -0.7663 -0.8436 -0.4165 -0.5653 -0.7351 -0.8485 0.3550 -0.3685 -0.5486 
22.0283 -0.7218 -1.2900 -0.6304 -1.1112 -0.6838 -0.2355 -0.1969 0.2170 -0.0368 -0.1887 -0.2355 -0.2470 
20.7679 -2.0886 -2.2566 -1.3487 -0.9648 -0.2452 -0.5460 0.2235 -0.5737 0.0919 -0.5124 -0.4358 0.0709 
20.2358 -1.9598 -1.4882 -1.8026 -1.8305 -0.1923 -0.3709 1.0165 -0.5404 -1.2579 -0.6095 -0.0422 -0.3034 
19.3132 -1.9562 -2.0455 -1.3588 -1.0288 0.4075 -0.5588 0.0953 -0.2984 -0.4475 -0.5920 -0.1527 0.3323 
18.8830 -1.9157 -2.1351 -0.7161 -1.2403 -0.7484 0.1521 1.0695 1.3737 -0.3356 -0.4585 -0.7476 -0.4190 
19.5483 -0.9743 -0.1426 -0.2562 -1.1116 -0.3730 -0.7797 -0.3360 -0.3250 -0.5671 -0.0399 0.1133 -0.7626 
20.2250 0.0453 -0.5112 -1.5249 -0.8240 0.0344 -1.1431 -1.0166 -0.4535 -0.3899 -0.0633 -0.2379 -0.0430 
20.1126 -0.8834 -0.7593 -1.0968 -0.9228 -0.2377 -0.4593 0.1195 -0.3622 0.1215 -0.0330 -0.5263 -0.7892 
20.0735 0.3273 -1.3841 -1.3285 -0.8455 -0.1113 -0.2193 -0.8207 -0.6087 -0.1224 -0.6272 0.4441 -0.2957 
18.3057 -1.0699 -1.7482 -1.0927 -1.6716 -0.7714 -0.1961 -0.8688 -0.8053 -0.5108 -1.1795 0.1018 0.0006 
18.5964 -1.3943 -0.7998 -1.1906 -1.3605 -0.1986 -0.4920 -0.5107 0.2290 1.0243 0.1167 -0.0245 0.1747 
18.5870 -1.5393 -0.9668 -0.8500 -0.8739 -0.3308 0.5930 -0.0008 -0.0973 0.5453 -0.1255 -0.2756 -0.6886 
19.0829 -0.5516 -1.5410 -1.2295 -1.2419 -0.3373 -0.8356 -0.6596 0.6404 -0.3590 0.5502 1.0269 0.1363 
18.6795 0.1493 -1.3924 0.2971 -1.5826 -1.2747 -0.6670 -0.6787 0.0920 -0.3399 -0.4502 0.1884 -0.0354 
17.8547 -1.1987 -0.4370 -1.8004 -0.1832 -0.1033 -0.9673 -0.6521 0.3704 -0.5228 0.3186 -0.5591 -0.4447 
18.0546 -0.7582 -0.7653 -2.5206 -0.3872 -1.2105 -0.8915 -0.4083 -0.2563 -0.4672 -0.1385 -0.6403 -0.4226 
18.4017 -0.1956 0.0727 -1.2646 -0.5233 0.0757 -0.6674 -0.6435 -0.1015 -0.4073 -0.0020 0.5113 -0.4697 
18.5796 -0.8081 -0.2550 -1.3304 0.6917 -0.5643 -1.5159 0.1841 0.6371 -0.0246 0.1910 0.0061 -0.4134 
18.9904 0.0787 0.3646 -0.9061 0.2560 -0.1767 -0.3382 -0.3736 0.5186 -0.9842 0.1869 0.1886 -1.1900 
18.0925 -0.3648 -0.5036 -0.4282 -0.0214 0.2060 -0.0675 -0.3509 0.4556 -0.0859 -1.1687 -0.1129 0.5031 
19.5938 -0.2641 -0.5439 -1.1560 0.2239 0.0850 -0.5607 0.0176 -1.2068 0.0452 0.0639 -0.0863 0.1104 
18.7790 -0.2421 0.5644 -0.9313 -1.3110 -1.8679 -0.7362 -0.3869 -1.1168 -0.1724 0.0452 0.0752 -0.1732 
18.0174 -0.3679 -0.6432 -0.1130 -0.6090 -0.9340 -0.1200 0.5958 0.5680 -0.2510 -0.9117 0.3937 -0.2057 
17.1799 -0.2043 -0.2269 -0.8950 -0.9297 0.2810 -0.5515 1.2477 -0.5673 -0.1284 -0.6364 0.0100 0.0238 
17.8664 -0.0301 -0.7301 -1.8467 -0.5961 0.3400 -0.5914 -0.3504 0.0102 0.3344 -0.1614 -0.0567 0.0669 
16.7405 -0.5151 -0.0551 -1.1704 -0.9062 0.4125 -0.1343 -0.0348 0.3236 -0.7337 -0.2871 0.3263 -0.0420 
18.5523 -0.7450 -0.7955 0.3472 -1.0839 -0.1217 0.1025 -0.3878 -0.8721 -0.3527 -0.2204 -0.3520 -0.3535 
18.9463 0.1189 -0.8701 -1.2642 -0.8445 0.4274 -1.2341 0.0298 0.1198 0.0909 -0.4692 -0.1883 -0.1333 
19.1474 0.1100 -1.8343 -0.7646 -0.8835 0.0609 -0.4063 0.1397 -0.6870 0.1914 0.0901 0.3961 -0.2485 
18.6452 -0.1243 -1.2921 -0.9103 -1.4947 -1.3445 -0.6006 -0.0632 -0.6518 0.1159 -0.2062 0.1519 -0.2972 
16.7268 -1.4175 -0.8300 -0.2180 -0.7752 -0.8110 -0.6473 0.1276 -0.2948 -0.5207 -0.1001 0.1258 0.0963 
17.3711 -1.2762 -0.1685 0.0016 0.3087 0.2412 0.4803 0.1124 -0.7799 -1.1180 -1.8571 -0.1840 0.7621 
18.3762 -1.1050 -0.3081 -1.5899 -1.2235 -0.1629 -0.1883 -0.0484 0.0897 0.2826 0.3984 0.0673 -0.3039 
17.6866 -0.9870 -0.6409 -0.2852 -0.8384 -1.6261 -0.0597 -0.9078 -0.1733 -0.5658 -0.0867 0.5393 0.3038 
18.8651 -1.3454 -1.0747 -0.5350 -0.3406 0.3679 -0.3569 -0.3027 -0.1075 -0.1405 -0.1931 -0.1294 -0.0946 
18.4165 -0.1917 -0.9604 -0.8390 -1.1784 -0.2494 -0.2332 0.6251 -0.0165 -0.4038 0.4046 -0.6023 0.0569 
17.5911 -0.7377 -0.7029 -0.1620 -0.3041 -0.0600 -0.2099 0.3076 -0.0505 -0.2856 0.5100 -0.3044 -0.2236 
18.1574 -0.6718 -0.5330 -0.2454 -1.0216 0.3839 0.6436 -0.0676 -0.7969 -0.3247 -1.0485 0.3077 0.0417 
17.9346 -0.3995 -0.0504 -0.9439 -0.3475 0.2391 0.8645 -0.4469 -1.1337 -0.6691 0.0448 0.1173 -0.4231 
17.5731 -0.2823 0.0460 -2.0946 -0.6591 -0.1368 0.3843 -0.2549 -0.7289 0.0799 0.0931 0.7723 -0.0763 
18.1129 -1.1326 -0.5198 -0.1413 -0.2983 -0.2853 -0.3119 -0.1932 -0.1660 0.7247 -0.0918 0.0021 -0.2576 
17.3646 -0.0409 -0.2456 -0.5269 0.6934 -0.0688 -0.4759 -0.5255 -1.0812 0.0084 0.2429 0.2851 0.2610 
18.6686 -0.7795 -1.0342 -0.9831 -0.5664 0.5243 -1.2370 -0.6395 0.3359 -0.1972 0.6696 0.3404 0.0734 
17.4821 -0.2195 -0.4035 -1.0101 0.0251 -0.5447 -0.5883 0.3096 -0.2547 0.3216 -0.2127 -0.3673 -0.2959 
17.9044 -1.6448 -0.5802 -2.0391 -1.2579 -0.5140 -0.2383 -0.0940 -0.1973 0.2094 0.0106 0.5160 -0.0525 
15.8793 -0.2644 1.1308 -0.8517 -1.4377 -0.8748 -0.2908 0.4332 -0.8655 -0.4048 -1.2183 0.4738 0.5427 
18.1970 0.2099 0.0198 -0.6263 -0.7933 0.5986 -0.3175 -0.2047 -0.5066 -0.4441 -1.0142 -0.1016 -0.2267 
17.5054 -0.3664 -0.1599 0.1688 -0.4893 -0.5735 -0.5753 -0.3209 0.6313 -0.0448 -0.0184 0.1188 0.7365 
17.9251 0.2228 -0.8490 -0.2001 -0.6688 0.2031 0.1270 -0.2649 -0.7413 0.2742 0.0002 -0.5276 -0.1557 
17.2408 -1.0466 -0.3225 -0.4101 -0.2873 0.5700 -0.1211 -0.7573 -0.0937 -0.7795 -1.0955 -0.4118 0.3168 
18.1027 -0.3748 0.2385 -1.6926 -0.8409 0.0902 -0.3688 -0.6490 -0.5700 0.5384 -0.1187 -0.4241 0.3974 
17.9828 -1.3768 -1.0325 -1.0721 -1.8400 -0.6303 0.8572 0.3732 0.4838 -0.0364 -0.2410 0.0361 -0.2595 
17.0171 -0.7801 -0.9245 -0.7688 -0.1553 -0.6997 -0.9022 0.1753 0.1000 -1.1727 -0.2439 -0.2789 -0.2311 
16.8123 -0.5761 -0.5471 -1.1225 -1.2062 0.3369 -1.0806 0.0860 0.0449 -0.7265 -1.2114 -0.3087 0.3025 
17.0975 -0.9405 -1.0825 -0.3583 -0.9159 -0.1935 1.0658 1.8079 0.8265 -0.3638 -0.2929 -0.6770 -0.6830 
