24.4990 15.7917 -7.1294 -2.4728 4.5688 -1.8598 -3.0240 1.7787 -0.2433 -2.1957 0.6596 -0.1643 -2.3079 
24.7170 15.8262 -7.3510 -2.6158 4.3655 -1.9979 -2.6841 2.1814 -0.3816 -2.5275 0.5860 -0.1322 -2.3264 
24.6546 15.7183 -7.6740 -3.2778 3.6721 -2.4956 -3.2247 1.4106 -1.1783 -3.0654 0.3705 -0.2068 -2.4156 
23.7582 14.5303 -8.5625 -3.7031 3.6459 -2.2503 -2.8194 1.7585 -1.0458 -3.0032 0.6132 0.2102 -2.0788 
24.4438 15.5792 -7.8474 -3.6989 3.5248 -2.3609 -3.3479 1.3833 -0.7758 -2.9798 0.0290 -0.1402 -2.1910 
24.6571 15.2762 -8.6059 -3.9972 3.1575 -3.1584 -3.7879 1.1766 -1.3317 -3.2765 0.1060 -0.5862 -2.6524 
24.5282 15.3184 -8.4280 -3.9690 3.3473 -2.8542 -3.8990 0.9500 -1.1140 -2.9923 0.1677 -0.3853 -2.4914 
24.2043 14.9880 -8.4663 -3.7565 3.7591 -2.1255 -2.9689 1.6142 -0.8242 -2.7451 0.3787 -0.4225 -2.5920 
23.7199 14.6332 -8.4901 -4.1166 2.9521 -2.8644 -3.3850 1.4072 -0.8900 -2.6387 0.6905 0.0292 -2.2193 
24.3231 15.3474 -7.7199 -2.8866 4.2744 -2.0571 -3.1130 1.2268 -1.6475 -3.7769 -0.3667 -0.7600 -2.7839 
24.9178 15.7236 -8.1746 -3.6688 3.6161 -2.7896 -4.0614 0.5419 -1.7098 -3.5684 -0.2879 -0.7574 -2.8082 
24.2286 15.1665 -8.1518 -3.5035 4.0973 -1.4900 -2.1872 2.2461 -0.5505 -2.8774 0.0317 -0.9150 -3.5244 
24.7712 15.6926 -7.9191 -3.3789 3.7652 -2.5901 -3.6039 1.1649 -1.0639 -2.9918 -0.1062 -1.2250 -3.5132 
25.4169 16.3476 -7.6971 -3.3223 3.9103 -2.2650 -3.1532 1.5318 -0.8555 -2.6914 0.5151 -0.3661 -2.6495 
24.6756 15.6970 -7.7495 -3.1599 4.1745 -1.9347 -2.9810 1.5352 -0.9078 -2.8216 0.3803 -0.4714 -2.9164 
24.4711 15.4659 -8.1466 -3.9805 3.4383 -1.9453 -2.3749 2.3316 -0.1862 -2.3751 0.6700 0.0092 -2.4608 
24.5152 15.2397 -8.3902 -3.5940 3.8652 -2.2538 -3.1749 1.3934 -1.1154 -2.9942 0.2074 -0.5737 -2.5726 
24.9471 16.1631 -7.3521 -3.1304 4.0109 -2.0116 -2.9899 1.7741 -0.1673 -2.0843 0.4256 -0.7493 -2.7348 
24.5065 15.7120 -7.3828 -2.8531 4.1880 -2.0398 -2.9767 1.6999 -0.7637 -2.9786 0.0034 -0.5656 -2.5383 
24.8843 15.9653 -7.5577 -3.0290 4.2597 -2.0693 -3.4727 0.9592 -1.2215 -2.9270 0.3972 -0.1242 -2.3161 
24.1645 15.3497 -7.6269 -3.1958 3.8217 -2.1596 -2.8312 2.1320 0.1966 -1.7001 0.8921 -0.2020 -2.3051 
24.5576 15.7070 -7.3187 -2.4687 4.6000 -1.9568 -2.9126 2.2192 0.1186 -2.1166 0.6890 -0.0433 -2.2336 
24.9326 16.0849 -7.3650 -2.9693 4.0719 -2.0399 -2.7820 1.9031 -0.7054 -3.0183 -0.2276 -0.9864 -2.7494 
24.5498 15.5365 -7.5019 -2.2320 5.2345 -1.0864 -2.1150 2.1844 -0.8283 -2.8555 0.6952 -0.0313 -2.5857 
24.3902 15.3616 -7.6745 -2.4362 5.0757 -1.4336 -2.7343 1.9423 -0.4037 -2.5178 0.5030 -0.2874 -2.6262 
24.0574 15.0976 -7.9834 -3.4658 3.6600 -2.2949 -2.9042 1.9344 -0.5353 -2.7299 0.3144 -0.3692 -2.5914 
25.1004 16.2659 -7.4054 -3.2690 3.7331 -2.3823 -3.3569 1.2247 -1.0113 -2.7728 0.5117 0.1781 -1.6008 
24.9506 16.2363 -7.2989 -3.1980 4.1513 -1.4728 -2.4723 1.8877 -0.3239 -2.2070 0.5350 -0.3813 -2.3346 
24.0210 15.1291 -7.6508 -2.8146 4.3058 -1.8818 -2.8430 1.4987 -1.1763 -3.0765 0.1618 -0.5390 -2.5178 
24.6554 15.7542 -7.7595 -3.4123 4.0061 -1.9329 -3.1222 1.3624 -0.8947 -2.8264 0.4286 -0.0746 -2.5531 
24.9431 15.8492 -7.6319 -2.5911 4.7575 -1.8343 -2.9604 1.7596 -0.8747 -3.1476 0.0094 -0.6864 -3.0193 
24.6106 15.8062 -7.3233 -2.7424 4.3185 -1.8555 -2.5892 2.2422 -0.2853 -2.6105 0.3314 -0.3566 -2.5851 
24.8284 15.8995 -7.5128 -2.8638 4.3863 -1.9760 -3.3905 0.8206 -1.5302 -3.0886 0.2473 -0.5298 -2.6697 
24.5148 15.7523 -7.4412 -3.2073 3.6522 -2.5283 -3.3238 1.5735 -0.7013 -2.9414 -0.0069 -0.5508 -2.8573 
24.9481 16.1093 -7.4546 -3.1050 4.3225 -1.4138 -2.3278 2.0102 -0.6822 -2.8338 0.2830 -0.4247 -2.7476 
24.9903 16.2585 -7.1380 -2.8628 4.1528 -1.9006 -2.8087 1.6966 -0.6498 -2.5006 0.3857 -0.6500 -2.7102 
24.4905 15.3032 -8.2808 -3.5155 4.2013 -1.6542 -2.7901 1.4834 -0.8900 -2.4429 0.8704 -0.1754 -2.6981 
24.3119 15.4144 -7.4852 -2.4848 4.8329 -1.4364 -2.6016 1.5795 -1.2952 -3.2253 0.3480 -0.2349 -2.7520 
25.3943 16.1432 -8.0521 -3.4894 3.8079 -2.7031 -3.6883 1.4509 -0.6547 -2.7067 0.3848 -0.3656 -2.7249 
26.3294 16.6012 -8.6096 -3.5341 4.7552 -1.6465 -3.2181 1.2282 -1.1824 -2.8720 0.6613 -0.2047 -2.8325 
26.9639 16.5773 -9.5742 -3.9229 4.7742 -2.1580 -3.6597 1.5561 -0.7970 -3.0726 0.3601 0.0749 -1.9721 
27.1352 16.4422 -9.7927 -3.4708 5.3212 -1.8779 -2.9472 2.3367 -0.9782 -3.6104 0.3182 -0.2909 -3.1498 
26.8826 16.2048 -9.5981 -3.0799 5.0247 -2.7664 -3.3018 2.7429 -0.4999 -3.3041 0.5373 -0.0810 -2.6411 
26.6897 15.4490 -10.2758 -2.7942 5.1688 -2.9423 -2.7800 2.9974 -1.2836 -3.6489 0.7127 -0.6945 -3.3936 
26.6724 15.2643 -10.6776 -3.1611 5.0166 -2.9346 -2.9254 2.4435 -1.8722 -3.6461 1.2345 -0.0919 -2.6623 
28.1417 16.4807 -10.7708 -3.2989 5.4107 -2.9772 -3.5751 2.4478 -1.0798 -3.2968 0.9948 -0.2676 -2.9773 
29.1928 17.8832 -9.8887 -3.2957 5.1941 -2.4356 -2.5957 2.8262 -1.2524 -3.3488 1.0092 -0.3003 -2.6989 
28.3421 16.9679 -10.2975 -3.3575 5.2796 -2.4926 -2.8113 2.7922 -1.2714 -3.7678 0.5919 -0.3013 -2.7704 
28.1746 16.3314 -10.9282 -2.9809 5.8738 -2.7279 -3.0719 3.2235 -0.9133 -3.7800 0.7767 -0.1992 -3.2355 
29.6033 16.8580 -11.6773 -2.6134 6.4151 -3.4411 -3.7066 2.9658 -1.9153 -4.4702 1.3970 0.1128 -3.7950 
30.0920 17.1154 -12.0463 -3.0395 6.2052 -3.5443 -3.6616 3.2510 -1.5318 -4.2095 1.6034 0.5498 -3.3701 
30.4853 16.8612 -13.2675 -3.6511 6.8359 -2.6685 -3.2310 3.5210 -1.2454 -4.1175 1.4336 0.3152 -3.2419 
31.2553 17.2521 -13.7943 -4.1107 6.6777 -2.9805 -3.7123 3.0505 -1.6715 -4.3206 1.5800 0.5983 -3.2063 
32.1232 17.4801 -14.8892 -5.1233 6.1940 -3.2516 -3.5259 3.5876 -1.5631 -4.7106 1.2848 0.5574 -3.0393 
31.5000 16.6613 -15.6021 -5.6356 6.0559 -3.1902 -3.5630 3.6957 -0.9211 -3.7768 1.9799 0.9277 -2.6785 
32.1038 17.7432 -14.3395 -4.7066 6.3700 -3.5442 -4.2198 3.4571 -0.8917 -4.4102 0.7674 0.0647 -3.0511 
29.9412 16.9416 -12.8984 -4.6308 5.7051 -2.8849 -3.6987 2.9879 -0.6820 -3.5753 0.8515 -0.2238 -3.0995 
30.9367 19.1202 -10.2217 -3.1481 6.1545 -2.4610 -3.6245 2.4343 -1.3310 -4.3122 0.0824 -0.1632 -2.3213 
36.0891 25.8300 -5.6458 -1.5007 6.0995 -3.3399 -6.0304 -0.9922 -3.2344 -3.3681 2.1173 0.2469 -4.0250 
37.4079 27.6636 -4.4911 -1.3673 6.3457 -2.5560 -5.9076 -1.7012 -3.5369 -3.0549 2.3102 0.3770 -3.4749 
36.9457 27.4090 -3.9907 -0.6405 6.5583 -2.7501 -5.8702 -1.5066 -3.8082 -3.7283 1.8352 0.1665 -3.6438 
37.2066 27.5259 -4.2304 -0.9499 6.4514 -2.4828 -5.6976 -2.1023 -4.5799 -3.7822 1.9644 -0.0235 -3.6398 
38.0045 27.6923 -5.3251 -1.8018 6.2349 -2.8362 -5.7733 -1.1766 -3.8721 -4.6058 0.7079 -0.2128 -3.2172 
36.1085 27.4820 -2.9954 -0.8612 6.2604 -1.6522 -5.1554 -2.1354 -4.1717 -3.5757 1.6217 0.3721 -2.6278 
35.2522 26.5561 -3.0049 -0.2370 6.0090 -3.0039 -5.8934 -1.7222 -3.9758 -4.0224 1.3970 0.3714 -2.9728 
36.1342 26.4391 -4.5731 -1.0364 5.9413 -3.4363 -5.9189 -0.9441 -3.7901 -4.8956 0.3795 -0.5405 -3.7980 
35.8600 26.2047 -4.5177 -0.8632 6.0264 -3.3719 -5.7182 -0.7084 -3.7836 -5.2005 -0.0227 -0.7352 -3.7434 
34.7456 26.1994 -2.8268 -0.0338 5.9903 -3.0135 -5.8526 -1.6925 -3.7181 -3.7092 0.9556 -0.7513 -3.4923 
35.8198 26.5379 -3.8814 -0.6448 6.0504 -3.1369 -5.8431 -1.2763 -3.6474 -4.1138 0.8280 -0.4650 -3.2740 
35.4588 26.4683 -3.4167 -0.3185 6.0472 -3.2540 -5.9398 -1.2387 -3.5998 -4.1897 1.0745 0.2742 -2.8527 
36.3832 26.8552 -3.7741 0.1295 6.6253 -3.5588 -5.9408 -0.4097 -3.3518 -4.5522 1.5698 1.3196 -2.6447 
36.3126 26.5771 -4.4109 -0.5742 6.3022 -3.6615 -6.4261 -1.4075 -4.2645 -4.6737 2.0777 1.2852 -3.6956 
37.2453 27.3942 -4.5017 -0.8771 6.6455 -2.9061 -6.1151 -1.4567 -3.8966 -4.0443 2.2451 1.2535 -3.3707 
37.8272 27.2779 -5.4611 -1.1810 6.5581 -3.4834 -6.2279 -0.9770 -4.0925 -4.9555 1.6562 1.1451 -3.5076 
37.8540 27.5816 -5.1085 -1.2339 6.7311 -2.6946 -5.5712 -0.7811 -3.9434 -4.7999 1.8122 1.5414 -3.1343 
38.0242 27.4285 -5.7354 -1.9800 5.7752 -3.4819 -5.5707 -0.5916 -4.3001 -5.2010 1.6972 1.2414 -3.6485 
37.7547 27.6609 -4.9429 -1.8219 5.3174 -3.5685 -5.0435 0.1046 -3.7547 -4.7973 2.1337 1.5970 -3.7145 
38.1560 28.0353 -5.0307 -2.2715 4.9502 -3.5811 -4.8609 0.3256 -3.5250 -4.8009 1.8991 1.7836 -3.0491 
38.7791 28.3831 -5.1932 -2.5129 4.0712 -4.5125 -4.3009 1.5922 -3.3139 -5.1214 2.0567 1.8699 -3.3469 
38.7204 28.3256 -5.3772 -3.0078 3.4485 -4.9488 -4.2893 2.0941 -2.9684 -5.6573 1.0521 1.2587 -3.5801 
40.0125 28.7625 -6.2581 -2.7804 4.4224 -4.9389 -4.4879 2.9418 -1.7001 -4.9511 0.8796 0.4295 -3.9223 
39.2409 28.6600 -5.3512 -2.6431 3.7729 -5.0805 -4.1516 3.0882 -1.5665 -4.6550 0.9575 0.2102 -4.0500 
38.2398 27.6285 -5.9777 -3.4014 2.9154 -5.8864 -4.8743 2.7200 -1.8059 -5.3797 0.0540 -0.4031 -4.8556 
38.0231 27.7970 -4.9140 -2.1052 3.5562 -5.6762 -4.2131 3.9262 -0.5749 -4.3226 0.8668 0.0477 -4.4895 
37.0489 27.1562 -4.9269 -2.6726 2.9062 -5.7515 -4.5374 3.1829 -0.8090 -4.2845 0.3432 -0.6022 -4.6446 
36.4604 27.1395 -4.0965 -2.2926 2.9677 -5.3070 -4.2145 3.0337 -0.8024 -3.9169 0.7229 -0.1780 -4.1095 
35.5186 26.5490 -3.8212 -2.1892 2.9204 -5.1581 -4.3012 2.8604 -0.3909 -3.5001 0.2666 -0.8639 -4.2778 
33.6894 24.3680 -5.0940 -2.3505 3.7916 -4.1109 -3.9103 2.8970 -0.2488 -3.5267 0.0295 -0.8922 -4.0960 
32.1314 23.5073 -4.5505 -2.5808 2.9030 -4.3656 -3.8403 2.9562 0.1307 -3.3147 -0.0837 -0.2338 -2.6376 
31.4654 22.9392 -4.7630 -2.8922 2.8511 -4.0334 -3.9183 2.4135 0.0099 -3.0382 -0.2088 -0.7102 -2.8839 
30.4069 21.7876 -5.4529 -3.6555 1.9792 -4.4356 -3.8581 2.3601 -0.1403 -3.0412 -0.5370 -1.6204 -3.7124 
29.8853 21.2080 -5.7031 -3.5182 2.5018 -3.9356 -3.9934 1.6061 -0.8467 -3.2466 -0.4049 -1.5802 -3.9507 
29.3720 20.8875 -5.5582 -3.4997 2.5112 -3.4587 -3.2651 2.2557 -0.0973 -2.4485 0.1057 -1.0200 -2.7859 
28.7706 20.3714 -5.4742 -2.9065 3.4562 -2.8125 -3.4101 1.9955 0.1562 -2.1996 0.0182 -1.1387 -3.2383 
28.4662 20.0662 -5.5265 -2.8505 3.4481 -2.7289 -3.1628 1.8507 -0.7406 -3.1006 -0.1636 -1.0955 -3.5033 
27.9659 19.7961 -4.6895 -1.0971 4.9880 -2.2609 -3.5677 1.2772 -0.9331 -2.7975 0.3371 -0.5854 -2.8969 
27.5915 19.1357 -5.5822 -2.0039 4.3985 -2.4208 -3.4605 1.3735 -1.0361 -3.0622 -0.0512 -1.2527 -3.7431 
26.8989 18.7312 -5.4587 -2.3540 3.8076 -2.3952 -2.9127 2.1235 -0.0534 -2.1952 0.4539 -0.5514 -2.6860 
26.2423 17.7171 -6.2433 -2.4345 4.1055 -2.2309 -2.9698 1.7404 -0.7019 -2.6453 0.2036 -1.1524 -3.6336 
25.9188 17.4486 -6.1036 -1.8805 4.8600 -1.7200 -2.8089 1.9165 -0.5656 -2.9018 0.0254 -0.5359 -2.6265 
25.4450 16.6938 -6.9998 -2.7864 4.1790 -2.0223 -2.9306 1.5992 -0.9847 -2.9806 0.1491 -0.7973 -3.1531 
24.7118 15.8602 -7.5839 -3.4197 3.4628 -2.7030 -3.6635 0.8474 -1.4830 -3.2362 -0.0781 -0.8863 -3.0693 
24.6573 15.9710 -7.1911 -2.9317 3.9831 -2.1924 -3.2958 1.1693 -0.9234 -2.4217 0.7411 -0.2583 -2.6995 
24.3125 15.2696 -8.0786 -3.6266 3.4543 -2.6131 -3.3404 1.2804 -1.3503 -3.2846 0.1975 -0.3939 -2.7650 
24.3092 15.2806 -7.7597 -2.8696 4.1436 -2.1562 -2.6643 2.2960 -0.2176 -2.2633 0.7121 -0.3446 -2.4638 
24.1447 15.4242 -7.4831 -3.1716 3.7968 -2.1177 -2.9324 1.4952 -1.0239 -2.8312 0.5381 -0.1946 -2.6808 
24.5604 15.2458 -8.6538 -4.1135 3.5790 -2.0924 -2.9321 1.5403 -0.8035 -2.3671 0.8953 -0.3407 -3.0263 
25.0135 16.4200 -6.8666 -2.8023 3.8492 -2.3856 -3.1690 1.4861 -0.9827 -2.8108 0.6025 -0.2291 -2.9093 
24.5870 15.5958 -7.7793 -3.1375 4.2160 -1.7705 -2.6159 2.0070 -0.4348 -2.4865 0.4136 -0.5982 -3.0316 
24.3203 15.5804 -7.5131 -3.3060 3.7283 -2.0385 -2.7737 1.6750 -0.8256 -2.7926 0.1975 -0.6286 -2.6549 
23.7491 14.7636 -8.0717 -3.3622 3.7919 -2.1321 -2.6204 2.2838 -0.2845 -2.8095 -0.1787 -0.8287 -2.6403 
23.8470 15.4511 -6.8764 -2.6132 4.1378 -1.8146 -2.6867 1.7253 -0.8462 -3.0753 -0.1084 -0.7025 -3.0188 
24.5267 15.8039 -7.4148 -3.3145 3.5555 -2.3955 -3.0815 1.5739 -0.9941 -3.1682 0.0462 -0.3971 -2.6313 
23.7815 15.0306 -7.7292 -3.5865 2.9352 -3.2449 -3.8352 1.0151 -1.4399 -3.6083 -0.4728 -0.9395 -3.0444 
24.3544 15.7708 -7.0265 -2.6090 4.1793 -2.4702 -3.8467 1.1372 -0.5498 -2.6584 0.0067 -0.4176 -2.2478 
24.0906 15.3155 -7.6516 -3.2553 3.9715 -1.8724 -2.8711 1.5657 -0.8187 -2.8833 0.1320 -0.4848 -2.8789 
23.6000 14.6946 -7.9600 -3.2285 3.9531 -2.0265 -2.9028 1.6359 -0.6912 -2.5462 0.4883 -0.2077 -2.0704 
23.2049 14.4219 -8.0360 -3.6597 3.3156 -2.5268 -3.4566 0.9338 -1.3197 -3.0827 -0.0082 -0.6220 -2.5434 
23.8132 15.3394 -7.0721 -2.7910 3.9955 -2.0130 -2.9315 1.5844 -0.8261 -3.0031 0.0149 -0.3048 -2.2877 
24.2888 15.4817 -7.4471 -2.7790 4.3373 -1.9195 -3.0687 1.4497 -0.7111 -2.4122 0.6672 -0.1002 -2.1273 
23.9650 15.2392 -7.4323 -2.9761 3.8330 -2.0610 -2.5239 1.9428 -0.9011 -2.8491 0.6013 0.0667 -2.1595 
23.7362 14.6110 -8.4317 -3.6458 3.7373 -2.3894 -3.4231 1.3253 -0.8911 -2.9073 0.2676 -0.1752 -2.3764 
24.3704 15.6851 -7.2322 -2.6294 4.5845 -1.8287 -3.4305 1.0527 -0.9404 -2.8783 0.0726 -0.5515 -2.8569 
23.8496 15.3246 -7.2181 -2.8500 4.3997 -1.3281 -2.7550 1.0557 -1.1701 -2.5113 0.7997 0.0055 -2.4315 
24.3810 15.7259 -7.1531 -2.5858 4.7286 -1.1454 -2.3180 1.8445 -0.5525 -2.3632 0.5865 -0.2968 -2.3595 
23.5421 14.7846 -7.7244 -3.0949 4.0802 -1.8926 -2.9821 1.4709 -0.7499 -2.7155 0.2168 -0.2306 -2.0292 
23.4616 14.7177 -7.5770 -2.6577 4.6349 -1.3763 -2.6730 1.3307 -1.1273 -2.7604 0.4894 -0.1276 -2.1599 
23.8787 15.4413 -7.0387 -2.6862 4.5580 -1.2931 -2.7814 1.3548 -0.7234 -2.5909 0.3712 0.0288 -1.8525 
23.5548 14.7308 -7.7226 -2.9321 4.1144 -1.8952 -2.6101 1.9715 -0.4569 -2.3017 0.6532 -0.5780 -3.0722 
24.0429 15.4193 -7.3004 -2.9289 4.1050 -1.8217 -2.7637 1.8409 -0.2473 -2.1534 0.6361 -0.1412 -2.1566 
23.8830 15.0654 -7.8794 -3.4693 3.9645 -1.6689 -2.8491 1.2596 -0.9775 -2.5368 0.6197 -0.2062 -2.3658 
23.4017 14.4927 -7.9528 -3.0772 3.9916 -2.2046 -3.2978 0.7906 -2.0679 -3.8869 -0.2981 -0.8138 -3.0688 
24.7236 16.1470 -6.9203 -2.6084 4.3438 -2.0747 -3.5808 0.8055 -1.3021 -3.0576 0.2307 -0.1784 -2.3815 
23.5634 15.0291 -7.2816 -2.8427 4.2303 -1.5201 -2.6275 1.3481 -1.3238 -3.4794 -0.5681 -0.7799 -2.2135 
23.7405 14.8337 -8.0952 -3.6954 3.5255 -2.1222 -2.8183 1.5628 -1.1480 -3.1682 0.2439 -0.1746 -2.4553 
23.9727 15.3813 -7.2735 -2.9913 3.8815 -2.0682 -2.9228 1.6104 -0.7376 -2.6757 0.5970 0.4303 -1.4571 
23.6065 15.0577 -7.2141 -2.7996 3.8321 -2.2384 -2.7898 1.9242 -0.7910 -3.1176 0.1555 -0.0291 -2.0271 
23.4002 14.6332 -7.5304 -2.4937 4.4761 -1.9161 -2.8689 1.7135 -0.9107 -2.9364 0.4730 -0.2072 -2.9182 
23.6391 15.0966 -7.0853 -2.3415 4.6055 -1.7497 -3.1283 1.2714 -0.7710 -2.5596 0.2551 -0.5800 -2.6953 
23.6752 14.6395 -7.9752 -2.8258 4.3614 -1.9457 -2.7401 1.9796 -0.5195 -2.3554 0.9912 0.0925 -2.4239 
23.1647 14.8532 -7.0067 -2.8106 3.7676 -2.1689 -3.1625 1.1974 -0.8703 -2.5167 0.4700 -0.1817 -2.0642 
22.8947 14.2685 -7.7353 -2.9491 4.5996 -1.0334 -2.4558 1.5472 -0.7215 -2.7088 0.1821 -0.2109 -2.1421 
22.6995 14.2252 -7.6423 -3.5289 3.0190 -2.8694 -3.7501 0.7992 -1.1969 -3.0332 -0.2082 -0.7487 -2.5115 
23.0365 14.6484 -7.0589 -2.7819 3.3670 -2.6556 -2.9315 1.6838 -0.9350 -2.7646 0.3776 -0.5776 -2.8334 
23.5870 15.2569 -6.8758 -2.7547 3.7632 -2.1999 -3.0181 1.3585 -1.1178 -2.9918 0.3567 -0.0832 -2.5334 
23.1986 14.9109 -6.7253 -2.2044 4.3695 -1.6497 -2.5829 1.5361 -0.8599 -2.2328 1.0792 -0.0569 -2.6940 
22.6957 14.3228 -7.5383 -3.6206 3.0675 -2.2353 -2.7025 1.6326 -1.0999 -3.6289 -0.8328 -0.8987 -2.4140 
22.5734 14.4756 -6.6110 -2.1336 4.2786 -1.8045 -2.6280 2.0320 -0.1957 -2.3923 0.5326 0.3068 -1.6481 
