nan nan nan nan nan nan nan nan nan nan nan nan nan 
nan nan nan nan nan nan nan nan nan nan nan nan nan 
nan nan nan nan nan nan nan nan nan nan nan nan nan 
nan nan nan nan nan nan nan nan nan nan nan nan nan 
nan nan nan nan nan nan nan nan nan nan nan nan nan 
20.7556 0.1163 -3.5683 -0.9216 0.4032 -0.7553 -0.5969 0.0293 0.4182 0.4217 0.1473 -0.2380 -0.3541 
23.0730 1.9820 -1.6175 -1.8247 0.5789 0.3459 -1.3645 -0.8002 0.1612 -0.3004 -0.3042 -0.7048 -0.1305 
22.3707 1.6139 -0.0921 -1.0941 0.5686 -0.0969 -1.1872 -0.2272 0.1942 -0.4789 -0.4679 -0.3725 0.3426 
21.1938 1.6632 -0.1046 -1.7197 -0.5513 0.2901 -0.9025 -1.0780 0.0754 0.3413 0.0087 -0.7778 -0.2283 
19.1824 -0.7818 -2.0797 -1.3576 -0.6620 -0.5094 -0.8371 -1.2678 -0.2982 0.0014 0.0172 0.1649 0.0766 
21.6906 -0.5085 -0.8461 -0.2776 -0.7435 -1.3508 -0.5054 -0.7743 -0.4423 -0.4662 -0.5425 -0.5726 -0.2317 
22.5021 1.4002 -0.1180 -1.3873 -1.2152 -0.4950 -0.6489 0.4961 -0.1960 -0.4186 -0.3336 -0.2601 -0.1845 
23.0078 -0.8383 -0.4075 -1.7019 -0.8585 -0.4661 -0.6238 0.8923 -0.0421 -0.8197 -0.5845 -0.2476 -0.5584 
21.9459 -0.8617 0.2387 -0.4028 -0.4118 -0.5627 -0.4158 0.0427 0.0108 0.1390 -0.3316 -0.2287 0.4055 
23.6779 0.8335 0.0541 -1.1299 0.0098 -1.7032 -1.3761 -0.6043 -0.6435 -0.6946 -1.0561 -0.3575 -0.2102 
25.0581 -0.1195 0.0118 -1.1448 -0.0913 -1.1324 -1.5478 -0.0589 -0.4381 0.4748 -0.5388 -0.6590 -0.2850 
24.9159 0.1676 -0.6632 -2.2411 0.1716 -1.1912 -1.7316 -1.3719 -0.6571 0.0412 -0.8961 -0.3441 -0.3879 
24.3586 -2.5671 1.7937 -1.4955 0.5887 -0.6539 -0.9683 0.5132 -1.4545 0.3639 -0.6466 0.0020 -0.0607 
25.0094 -0.6935 0.3093 -2.1115 0.2096 -0.9544 -1.3491 0.0270 -0.4966 -0.1652 -0.5626 0.0672 -0.1373 
22.6052 -0.4773 0.1319 -0.7371 -0.6255 -0.6316 0.3825 0.7423 -0.2921 0.2900 0.0440 -0.5766 -0.0734 
21.9907 -1.1732 -0.5222 -0.9141 -1.3380 -1.8157 -0.8040 0.1237 -0.6335 -0.3662 -0.9018 -0.6969 -0.2413 
23.3189 0.1505 -0.1333 -0.8932 -1.0274 -1.2537 -0.2989 -0.8309 -0.2804 -0.6117 -0.7037 0.1225 0.0224 
22.7860 0.1372 -0.5614 -0.8454 -0.4081 -0.9255 -0.2867 0.6835 -0.1871 -0.1642 -0.3992 -0.1005 -0.6985 
23.2027 0.0825 0.8613 -1.0116 -0.8293 -0.5391 -0.6713 -0.2983 -0.0938 -0.0739 -0.2109 -0.5346 -0.3049 
25.1844 0.7546 -0.7085 -1.7520 -0.7383 -0.8659 -0.4256 0.3078 0.1032 0.2025 -0.0965 -0.1963 0.3591 
31.9420 1.7375 -5.1422 -1.3434 -0.9643 -1.1516 -0.5224 0.0165 -0.1794 0.7527 0.9516 0.3098 -0.2078 
30.6578 1.7798 -5.5465 -2.5723 -0.7872 -1.7643 -1.2656 -0.8258 -0.8418 -0.0557 0.5593 0.5371 -0.1445 
32.2271 0.8610 -4.0111 -2.1238 0.2075 -1.0140 -0.9056 -0.3872 -0.7528 0.6187 0.4435 1.2845 0.3483 
31.7727 1.2950 -5.3450 -0.8381 -0.1415 -1.3487 -0.4820 -0.2778 0.2119 0.4809 0.7627 0.9398 0.6415 
32.8889 -0.7738 -6.0858 -0.4657 -1.3664 -1.7321 -0.6307 -0.6844 0.0951 0.7410 0.6799 1.3537 0.7716 
35.2608 -1.8986 -4.5999 0.4496 -1.7855 -0.9675 -1.0890 -0.3887 0.3636 0.3814 0.5374 0.6774 0.5474 
35.8703 -2.8062 -4.0631 0.1820 -1.5170 -0.5735 -1.9454 0.3087 0.6723 -0.4376 1.1744 0.3584 0.1245 
35.5705 -2.8372 -3.0179 -0.6766 -0.0908 -1.0327 -1.4952 1.0633 0.2703 0.0771 0.9579 0.7139 -0.4864 
34.6887 -3.1282 -2.2142 -1.8172 -0.4322 -2.0460 -1.7496 0.3401 -0.0951 0.1504 0.6094 0.3645 -1.5070 
32.6251 -2.0904 -1.4136 -2.1660 -0.0580 -2.6174 -0.3660 0.4250 0.2457 1.3861 0.2043 -1.6865 -1.5745 
30.7400 -2.0793 -1.4447 -1.9535 -1.3269 -2.5753 -0.2195 1.2675 1.1311 0.5490 0.0520 -0.8234 -0.5928 
27.4994 -1.2297 -0.2552 -2.3787 -1.4118 -2.2738 -1.2474 -0.2362 1.5571 -0.6791 -0.3109 -0.8125 -0.5161 
26.0881 -1.1217 -0.6591 -1.4973 -0.8427 -1.1684 -0.0635 -0.0914 0.2561 -0.6170 0.0576 0.1837 -0.5100 
25.1609 -0.0994 0.1895 -0.5859 -0.8694 -1.8442 -0.4894 -0.5776 0.2661 0.0282 -0.0877 -0.4130 -0.6107 
23.6735 0.7783 0.4424 -0.1330 -0.3578 -1.8756 -0.0047 -0.2511 -0.2822 -0.0539 -0.5718 -0.6648 -0.2531 
22.7787 -0.9531 -0.3525 -0.2991 -0.4712 -1.5952 -1.7691 0.0944 -1.0316 -0.9272 -0.5036 -0.2181 -0.1978 
22.4516 -0.8369 0.1852 -0.1910 -0.2572 -1.0976 -0.9091 0.0281 -0.0214 -0.3726 -0.4067 -0.0314 0.2552 
25.4292 -2.9866 2.5019 -0.5697 0.3349 -1.6063 -0.7034 0.0537 -0.3970 0.2781 -0.5997 0.0029 -0.2872 
23.2484 -1.1642 0.7112 -0.7637 -0.1828 -0.6878 -0.2308 -0.0732 -0.1296 0.2115 -0.9278 -0.0659 -0.0672 
21.4402 -1.1159 -0.2399 -0.6306 -1.0785 -1.1768 -0.8138 -0.0812 -0.4851 -0.3185 -0.4806 -0.3896 -0.0918 
21.6734 -0.4127 0.0304 -0.4229 -0.5400 -1.0009 -0.7317 0.0050 -0.3859 0.4480 -0.1340 -0.3969 0.0793 
21.4560 -0.5691 -0.1004 -0.5373 -1.4040 -1.1966 -0.6358 -0.4053 0.2642 -0.4616 -0.4233 -0.1933 -0.2220 
23.0276 0.8963 0.8766 -0.9369 -0.3706 -0.3013 -0.5349 0.5863 0.4700 -0.4554 -0.1012 -0.8451 -0.2060 
22.2710 -0.2502 -1.1358 -1.1235 -0.8524 -0.4843 -0.2662 -0.9299 -0.7430 -0.1198 -0.1006 0.0083 0.0224 
23.1573 -0.4425 -0.1239 -0.2485 -0.0090 -0.4669 -0.0663 -0.4339 -0.8655 -0.2022 -0.2725 -0.3681 -0.1143 
21.4005 -0.5920 0.1203 -1.6344 -1.8130 -0.6183 0.0052 0.0443 -0.4607 -0.6409 0.3874 -0.4747 -0.6328 
22.9347 0.4098 -0.1660 -1.0599 -0.8085 -0.1066 0.0818 -0.3778 -0.2656 -0.7545 -0.1980 -0.0840 -0.0725 
21.2069 -0.8638 -0.9329 -1.6775 -2.0520 -1.8586 -0.8778 -0.3435 -1.3362 -0.5345 -0.9685 -0.5272 -0.9428 
20.9421 -1.3468 0.7752 0.3708 -0.2614 -1.0391 -0.1479 -0.6947 -1.4114 -0.4585 -0.6955 -0.4105 0.1886 
23.0069 -2.5352 0.5721 -0.5906 -1.7548 -1.3551 -1.0725 0.4125 -0.1683 -0.3336 -0.4087 0.0382 0.2248 
22.9430 -0.7828 1.5513 0.4133 -1.3059 0.0123 -0.4899 -0.0478 0.1680 0.1881 -0.4295 -0.7236 -0.1012 
22.6537 0.5242 0.1636 0.0968 -0.1949 -0.6621 -0.5376 -1.1966 -1.1281 -0.2123 0.0854 -0.1228 0.0421 
22.8413 -0.2684 0.1996 -1.2063 -1.2397 -1.5704 0.4421 -0.0998 -0.4786 -0.7047 0.0424 -0.4303 -0.3928 
23.3712 -0.3571 0.3110 -2.4605 0.7409 -1.0798 0.3367 -0.8886 -0.1509 -0.5458 0.3418 -0.1980 0.7635 
23.6601 -1.5274 1.0440 -1.3997 -0.6606 -1.5975 -0.3916 -0.5769 -0.7490 -0.6523 0.1394 -0.0841 -0.5902 
22.2394 -0.3007 1.2846 -2.0738 -1.2223 -0.9366 0.0050 0.3417 -1.2621 -0.1865 0.5389 -0.4671 -0.5964 
21.6029 -0.8060 -0.0939 -0.6758 -0.6806 -0.4992 0.0638 0.4663 -0.1880 -0.0614 -0.3923 -0.2506 -0.6616 
22.1685 -0.8184 -0.3087 -0.9487 -0.5586 -1.0279 -0.7359 0.3152 -0.3905 0.0750 -0.2597 -0.4347 -0.3278 
21.9275 0.9989 0.8641 -0.6907 -1.2654 -0.7415 -0.2299 -0.2221 0.0085 0.0953 -0.0495 -0.8085 -0.0501 
23.5558 0.1443 -0.5087 -1.4513 -0.7548 -0.5793 -0.1840 -0.6841 -0.5830 -0.2528 -0.1729 0.2707 -0.3839 
23.0084 -0.0501 0.5894 -1.8845 -0.2070 -0.3699 -0.3083 -0.6072 -0.9268 -0.1236 0.1689 0.0119 0.1637 
22.3535 -1.3317 0.1559 -0.8984 0.2203 0.2327 -0.6799 -0.4007 -0.2243 -0.4155 0.0194 -0.4145 -0.2648 
24.2884 0.0115 0.7142 -1.0152 -0.7145 -0.1661 -1.0349 -0.4797 -0.3125 0.1233 -0.0122 -0.6496 -0.5694 
22.4881 -1.1292 -0.3097 -1.1959 -1.0588 1.1807 0.1557 -0.8794 -0.9415 -0.6383 -0.1595 0.1520 0.3045 
24.1312 -0.1444 0.1977 -1.2861 -0.7848 0.3516 -0.9804 0.1179 -0.3325 -0.4114 0.3213 -0.8199 0.3722 
21.0923 -1.4064 -0.3429 -1.8213 -0.7111 -0.1255 0.0810 -0.1240 0.0154 0.1515 -0.5015 -0.4225 0.1298 
22.5139 -0.5060 0.8023 -0.2646 -1.1330 -0.5288 -0.6460 0.1468 -0.3687 -0.2774 -0.3325 -0.3739 -0.0710 
21.0552 -1.7561 0.3926 -0.2960 -0.4178 -0.4775 0.1575 0.2247 -0.4900 -0.0937 -0.9760 -0.0610 -0.1206 
21.5540 0.3518 -0.0696 -0.7319 -0.7265 -0.7877 -0.9521 -0.7720 -0.1468 0.3812 0.1898 -0.0174 0.1901 
15.7572 -1.3921 0.7392 -0.9941 -0.8307 -1.5740 -1.0018 0.1294 0.1871 -0.1799 0.0437 -0.2967 -0.2036 
4.0267 -3.8494 0.4622 -1.4315 -0.2450 -1.1052 -0.8242 -0.0928 -0.0950 0.0816 0.2778 -0.2243 0.3353 
-6.2128 -5.7550 0.4950 -1.4743 -0.3373 -0.8531 -0.6949 -0.5913 -0.3571 -0.0655 0.1416 -0.4205 0.1887 
-15.8226 -7.4047 0.7006 -1.4650 -0.4570 -0.6859 -0.4050 -0.7915 -0.3938 -0.1122 0.1439 -0.4800 -0.0306 
-25.1347 -9.0778 0.9355 -1.3944 -0.4186 -0.5500 -0.0426 -0.7667 -0.3367 -0.0755 0.2520 -0.3660 -0.1748 
-34.3383 -10.8747 1.0974 -1.3700 -0.3544 -0.4913 0.2206 -0.6952 -0.2930 -0.0648 0.3153 -0.2217 -0.2762 
-43.4632 -12.7400 1.2379 -1.3659 -0.2675 -0.4593 0.4012 -0.5969 -0.2592 -0.0731 0.3271 -0.0824 -0.3372 
-52.4626 -14.5684 1.4427 -1.3151 -0.1198 -0.4147 0.5314 -0.4807 -0.2369 -0.1094 0.2903 0.0315 -0.3687 
-61.2529 -16.2196 1.8202 -1.1321 0.1390 -0.3222 0.6377 -0.3602 -0.2299 -0.1739 0.2221 0.1319 -0.3532 
-69.8175 -17.6388 2.4012 -0.7801 0.5188 -0.1775 0.7043 -0.2842 -0.2806 -0.2881 0.1157 0.2277 -0.2733 
-78.0898 -18.7488 3.1786 -0.3467 0.8688 -0.1483 0.5948 -0.3465 -0.4036 -0.4218 -0.0062 0.2936 -0.2087 
-85.6722 -19.1323 4.2412 0.0062 0.9923 -0.2620 0.5590 -0.0468 0.0232 -0.0836 -0.0023 0.0836 -0.6457 
-89.8906 -16.0236 6.3049 -0.3287 0.2498 -0.6810 0.5461 0.1452 0.0587 -0.2002 -0.0810 0.5048 0.1943 
-92.3683 -12.6991 5.6260 -2.6394 -0.0343 -0.5507 -0.4728 -1.0833 -0.5743 -0.6498 -0.9139 -0.3828 -0.4131 
-93.2002 -8.0472 5.8010 -3.2442 0.8729 -0.1212 -0.2151 -0.0758 0.3825 -0.2376 -0.7736 -0.2872 -0.4295 
-93.6782 -5.7773 3.2906 -2.9440 2.0801 -0.2827 0.3359 0.3578 0.3647 0.6046 0.2322 -0.0887 -0.3845 
-92.4607 -2.8665 2.3573 -1.5940 1.5465 -0.6362 0.2903 -0.2185 0.0759 0.2738 0.0384 -0.1337 -0.0847 
-91.8825 -1.4830 0.0795 -1.0328 0.1846 -0.2627 0.2936 -0.6440 0.4509 -0.0626 -0.0211 -0.1901 -0.0113 
-89.4238 -1.3770 -0.6137 -0.5915 -0.4648 -0.2273 -0.4864 0.4949 0.5962 0.4138 -0.5146 -0.5641 -0.3205 
-87.9830 -1.3317 0.5616 0.9416 0.8836 0.6356 -0.2348 -0.3050 -0.5818 -0.1061 0.3322 0.2542 0.1655 
-84.9735 -0.9427 -0.3472 0.2474 0.3156 -0.3868 -0.6859 -0.2870 0.6884 -0.1539 -0.4670 -0.1630 0.3808 
-82.5825 -1.3155 -0.5873 -0.6999 0.1730 0.4400 -0.4154 0.3816 -0.1396 -0.4322 -0.2462 -0.0883 0.2953 
-79.4699 -1.2119 -0.4569 -0.3116 0.1551 0.1433 -0.6612 -0.2120 -0.0776 -0.0926 -0.0857 -0.2892 0.1649 
-76.4571 -0.9189 -0.6533 -0.2472 -0.1653 0.0705 -0.1704 -0.5603 -0.0123 0.4810 -0.0132 0.2472 -0.0704 
-74.1063 -1.2130 0.2125 -0.1036 -0.1824 0.7343 -0.2039 -0.6704 -0.3788 0.1377 0.7189 0.0166 0.0297 
-72.5711 0.1566 -0.5186 0.3340 0.2675 -0.2241 -0.3671 0.4068 0.5053 0.2137 0.4263 -0.0900 -0.4331 
-69.3170 -0.8336 -0.4578 -0.3294 0.2267 0.7185 -0.2199 0.1700 -0.4078 -0.4103 -0.6833 -0.4099 0.0767 
-66.1488 -0.0379 0.1616 0.3816 0.6149 0.8899 -0.4958 -0.3796 -0.4127 -0.1407 0.5318 0.3977 -0.1302 
-64.4377 -1.3648 -1.0734 -0.5542 0.3131 0.8508 -0.8912 0.4965 0.3532 0.3408 0.1427 0.1467 0.1825 
-62.5165 -1.1526 0.1631 -0.0010 0.1969 0.3263 -0.5782 0.2326 0.1980 0.7783 0.0665 -0.2180 0.2964 
-59.9220 -1.5497 -0.2437 -0.1006 0.1515 0.0992 -0.8047 -0.4088 -0.1511 -0.0012 -0.7026 -0.2069 0.8422 
-57.3833 -1.2150 -0.1955 -0.1644 0.6129 -0.0491 -0.9270 -0.2735 -0.2170 0.1459 -0.0300 0.0969 -0.0860 
-54.1159 -0.4733 -0.1442 -0.6411 -0.0622 0.7155 -0.0748 -0.4273 -0.9975 0.0285 -0.2797 -0.0608 0.5708 
-52.1069 -0.6996 0.9118 -0.4275 -0.5013 0.1635 -0.5056 -0.2260 -0.3818 0.9796 0.3582 -0.7177 0.0287 
-48.5878 -0.9004 -0.1093 -0.7054 0.2355 -0.1267 -0.8626 0.3897 -0.4403 0.1192 -0.3129 -0.5395 -0.2388 
-46.1716 -0.0335 0.0239 0.2825 0.1240 -0.0403 -0.3448 0.6136 0.9596 0.3314 0.2264 -0.0881 0.5472 
-42.4442 0.1039 0.2997 -0.6838 0.3125 0.2361 -0.4552 0.4022 -0.0121 0.0772 -0.3340 -0.2386 -0.1557 
-40.7145 -0.8731 0.2384 0.6476 0.7271 0.1579 -0.1521 0.1687 0.4440 -0.3677 -0.4085 -0.0743 0.4660 
-37.4923 0.0480 0.0383 0.3516 0.6038 0.1235 -0.5276 0.0796 0.1160 -0.0471 0.0617 -0.1603 0.2736 
-36.2401 -1.0499 1.2440 0.6581 -0.4728 -1.2433 -1.0192 1.0043 0.9010 -0.3869 -1.6409 -1.0571 0.1311 
-33.1770 -0.5337 -0.1132 -0.0083 0.1600 0.0231 -0.1340 -1.0338 -0.8320 0.1600 0.0445 0.6360 -0.4418 
-29.1898 -0.0274 0.0740 -0.3881 -0.2623 0.7008 -0.3304 0.0048 -0.2902 -0.2371 -0.1003 -0.2182 -0.4135 
-27.2584 -0.1245 -0.4661 0.2257 0.9413 0.2935 -0.2610 -0.4264 -0.7441 0.0035 -0.0963 0.1982 0.1282 
-25.0304 -0.5929 0.2483 -0.3856 0.1486 -0.0788 -0.4170 -0.1866 0.1051 -0.2175 -0.3564 -0.2910 -0.6726 
-22.5236 -0.5863 -0.3117 -0.4355 0.5225 1.1527 -0.2615 0.3500 0.2867 -0.2478 0.0210 -0.1246 0.1834 
-19.7297 -0.9200 0.4008 -0.1236 0.1283 0.3669 -0.6616 -0.0122 0.1807 0.6460 -0.0800 -0.3566 -0.2623 
-17.5163 -0.6097 0.7830 0.6207 0.3984 0.2418 -1.1187 0.3363 -0.0231 0.2427 0.1693 -0.3711 -0.1741 
-14.5340 0.2340 -0.3997 -0.6642 -0.3135 0.7424 -0.9296 -0.6560 0.0241 -0.4118 -0.5213 -0.2131 -0.1629 
-12.9640 -1.9010 -0.4237 0.0795 -0.2147 1.2123 0.9601 1.1948 0.9725 0.1915 0.0617 -0.4324 0.0231 
-10.1141 -2.0125 -0.2228 -0.1155 0.2293 0.5387 -0.8835 -0.4467 -0.1332 -0.1355 0.1523 0.5060 0.5805 
-6.6915 -0.8984 0.1311 0.3990 -0.4020 -0.1345 -1.0135 -0.2395 0.8174 0.4472 0.1188 -0.5023 -0.3030 
-2.8095 0.1718 0.3084 -0.2689 -0.6080 0.5264 -0.4612 -0.4180 0.0109 -0.3245 -0.1569 0.2604 0.0654 
-1.5801 -0.9135 -0.0934 -0.6724 0.2816 1.3225 -0.2124 0.6823 -0.0980 0.0895 -0.1877 -0.4899 0.3862 
1.6662 0.0749 -0.1897 -0.1250 -0.1803 0.3152 -0.1354 -0.5383 -0.2205 -0.3641 0.2615 -0.3932 -0.3082 
nan nan nan nan nan nan nan nan nan nan nan nan nan 
7.3772 -0.3153 0.0494 -0.3988 -0.3176 -0.3555 -0.3146 -0.2093 -0.2516 -0.2168 -0.0264 -0.3419 -0.1383 
10.7435 0.0304 -0.1195 -0.2962 -0.2685 0.6833 -0.2489 0.4225 0.0633 -0.1910 -0.0923 -0.0660 0.0199 
11.2593 -1.0087 0.3238 0.2047 0.8932 0.6772 0.0545 -0.2812 -0.4299 -0.6756 -0.9543 0.1052 0.3473 
13.8870 -1.3371 -0.7884 -0.2313 0.3459 1.1297 1.1522 0.7669 0.5873 0.2863 -0.6163 -0.5531 -0.9591 
16.3116 -0.4117 0.9581 0.0001 0.2473 -0.6574 -0.8011 1.2711 0.0911 -0.4101 0.0301 -0.4841 0.6466 
18.1841 -1.2714 -0.5980 -0.5206 -0.0734 -0.7908 -0.3848 1.1272 0.3472 0.0828 -0.8636 -0.1206 -0.1340 
21.4462 0.1978 -0.1061 0.3674 -0.6729 0.7070 0.1478 0.6922 -0.0763 0.2714 -0.8458 0.2167 0.0535 
24.9832 -1.3988 0.2970 -0.5749 -1.1252 -0.4258 -0.5758 0.3884 -0.1124 -0.3226 -0.3570 -0.4593 -0.0250 
26.3975 -0.6517 0.2402 -0.8436 0.2763 0.7341 0.4595 0.0157 -0.2936 -0.4275 -0.3798 -0.9134 0.2276 
-inf -inf -inf -inf -inf -inf -inf -inf -inf nan nan nan nan 
33.4088 -0.4520 0.2574 -0.0082 0.6072 0.2833 -0.2664 -0.3053 -0.4211 0.3005 0.0143 -0.0997 -0.1032 
34.7516 -0.7848 -0.1871 0.0228 0.1443 -0.3884 -0.1072 -0.3192 0.2199 0.9178 0.2214 1.0290 -0.2666 
nan nan nan nan nan nan nan nan nan nan nan nan nan 
40.5639 -0.8810 -0.0948 0.4607 -0.2534 -0.5502 -0.5361 -0.8454 -0.9233 0.0113 -0.1224 0.4385 -0.4419 
44.4476 -0.1495 0.6338 -0.3811 -0.1083 0.2696 0.3986 -0.3406 -0.0688 -0.4376 -0.0561 -0.1466 0.3051 
-inf -inf -inf -inf -inf -inf -inf -inf -inf nan nan nan nan 
49.0491 -0.5957 -1.5040 -0.3515 -0.2353 -0.1833 -0.1827 0.0265 -0.0168 -0.0238 -0.2831 -0.2486 -0.3846 
nan nan nan nan nan nan nan nan nan nan nan nan nan 
53.3748 -0.3831 -0.2495 -0.4429 0.1269 0.4629 -0.8603 -0.7316 -0.4836 -0.1489 0.0270 -0.5699 0.5894 
