15.9110 -0.8045 1.7364 0.8165 -1.2531 -0.8965 0.0493 0.6226 0.4691 -0.5581 -0.8164 -0.6100 0.3928 
14.9481 0.2576 1.5647 -0.0785 -0.2362 1.3092 -0.5148 -0.1782 -0.5477 -0.7256 0.5954 0.2039 -0.1175 
15.8657 1.2153 1.0448 -0.2388 -0.6771 0.2306 -0.3472 -0.4185 0.2284 0.0321 -0.2113 -0.5388 0.1001 
15.9156 -1.4604 0.0551 -1.5222 -2.3337 -0.0278 -0.8313 0.0500 -0.3733 -0.0419 0.4434 -0.3524 -0.1104 
16.1596 -1.6828 -1.0227 -0.1289 -1.0574 -0.2822 0.0613 0.1014 -0.2865 -0.4197 -0.5433 -0.1982 -0.2142 
17.0876 -1.2834 1.0678 -0.7823 -0.6136 -0.4493 -1.4442 -0.5913 0.5819 0.1185 -0.2908 -0.1851 -0.4824 
16.3173 0.0722 0.9839 -0.8593 -2.2612 -0.7139 -0.2987 -0.5836 -0.1130 -0.9928 0.4488 0.3140 -0.0481 
17.1741 -0.3204 1.7886 0.2442 -1.4836 -0.6133 -0.8473 0.2455 0.6186 -1.3995 -0.6528 -0.7265 0.6108 
17.1868 -1.1618 1.7760 0.5002 -0.6128 -1.5665 -0.8358 -0.3106 -0.6803 -0.4614 -0.2779 -0.6340 0.3981 
18.4300 0.1631 2.1489 -0.0899 -1.2654 -1.6054 -0.9656 -0.0961 -0.1878 -0.4830 -0.1952 0.3110 -0.3118 
17.9157 0.3262 1.5929 -1.5567 -1.2690 -0.4346 -1.4236 -0.6610 0.1481 -0.4769 -0.2153 0.2757 -0.1631 
17.2503 -0.1162 0.5122 -2.1575 -1.4711 -0.3768 -0.5463 -1.4036 -0.6047 -0.8101 -0.0018 -0.4560 0.2964 
18.1038 -1.3270 1.4435 -0.4416 -1.1183 -0.8714 -0.9418 -0.6384 -0.4614 -0.6491 -0.1446 -0.2689 -0.0447 
19.3085 -0.4629 -0.0699 -0.0742 -0.7845 -1.0946 -0.1200 -0.1769 -0.6060 -0.3116 -0.5753 -0.3166 0.1486 
16.6722 -0.0205 1.9953 -0.0492 -1.0601 -0.0662 -1.4845 0.5228 -0.4342 -0.7762 0.0221 -0.7787 -0.0977 
17.9947 1.1169 0.8288 -0.9648 -1.2015 -0.6783 -0.2031 -0.3882 -0.5190 -0.2889 -0.2678 -0.1237 0.0412 
17.1941 -0.5309 1.3288 -1.3622 -1.4355 -0.1830 -0.9709 -0.6055 -0.7354 -0.8522 0.1154 -0.2536 -0.3005 
17.8091 -0.4959 1.5080 -0.7397 -0.5206 0.5027 -1.1749 -0.4063 0.7543 0.2910 -0.3372 -0.5949 -0.0483 
18.2527 0.4064 1.1430 -0.7613 -1.9877 -0.6915 -0.2356 -0.7562 -0.2477 -0.6645 -0.0959 -0.0211 -0.5235 
17.8960 -0.8234 2.0335 -0.3817 -1.1627 0.5489 0.1765 -1.0095 -0.6557 -1.1441 -0.0816 0.3847 -0.4624 
18.0408 0.2867 1.4584 -1.1041 -1.7544 -1.1385 -0.2279 -0.2738 -0.4544 -0.0251 -0.6236 0.1336 0.0317 
17.7974 -0.1536 0.3567 -0.8704 -1.8722 0.2259 -0.8778 0.0502 0.1822 -0.0691 -0.3739 -0.2172 0.4553 
16.9709 -0.2930 0.3859 -0.2465 -0.6267 0.5018 -1.6489 -1.1252 0.3916 -0.6321 0.3091 -0.5153 0.1479 
18.0815 -0.7635 1.3895 -0.6388 -1.4023 -0.3557 -0.3408 -0.0005 -0.5376 -1.4954 0.6488 -0.0682 -0.3395 
19.0856 -0.6470 1.0662 -0.2610 -1.5618 -0.7347 -0.5972 -0.4454 -0.7910 -0.4900 0.2967 -0.1264 0.0201 
18.1882 0.2002 0.1253 0.5358 -0.3268 -0.2580 -0.8469 -1.1937 -0.2449 -0.3682 -0.2112 -0.0941 0.4467 
19.1720 -0.3472 -0.1850 -1.3338 -1.3308 -1.0162 -1.0977 -0.8827 -0.5704 -1.3324 0.1382 -0.0453 -0.4468 
18.5907 -0.0872 0.3963 -1.6201 -1.4262 -0.1377 0.1898 0.2302 -0.5432 -0.0607 0.0491 -0.4722 0.3898 
18.2542 -0.7818 -0.2418 -1.3186 -1.3947 0.9750 0.6000 0.0620 -0.4469 -0.1714 -0.2353 -0.0703 0.2610 
20.2315 -0.0749 0.5477 -0.4940 -1.2495 -0.0641 -0.3435 -0.1182 -0.2900 -1.4881 0.8828 -0.1780 0.0250 
17.9712 -1.2338 0.8958 -0.9910 -0.6490 -0.1709 -0.5230 -0.2870 -0.6153 -0.1566 0.0578 0.0075 0.0832 
17.8499 -0.9118 -0.4904 -1.2212 0.0883 -0.1430 0.3646 0.5901 -0.6453 0.0983 -0.5528 -0.1897 0.2338 
17.9057 -0.4291 0.6641 -0.0284 -0.9690 -0.7797 -0.4945 0.4676 0.3954 -0.3658 -0.3533 -0.7421 0.3295 
18.3491 -0.8411 -0.3981 -2.3081 -0.7431 -0.1786 -0.9204 -0.5444 0.4282 0.0896 0.0169 0.1839 0.4418 
17.4562 -1.7419 -0.4353 -1.2490 -0.0897 0.3915 -0.3616 -0.6542 -1.0748 -1.7926 -1.3160 -0.6425 0.2694 
18.0379 -1.2429 0.5966 -0.3858 -0.5473 -0.6529 -0.9372 -0.0030 0.6188 -0.1613 -0.4504 -0.8803 0.1500 
18.9856 -1.8336 0.6042 -1.4575 -1.2766 -0.9529 0.0862 0.9739 -0.3356 -0.9833 -0.1808 -0.4290 0.0754 
18.9365 -1.5950 1.4038 -0.2879 -0.2841 -0.3478 -1.5345 0.6093 0.2232 -0.3989 -0.4330 -0.2316 0.0113 
18.7351 -1.0776 0.6924 -1.1098 -0.6958 -0.7160 -0.1986 -0.4589 -0.9487 -0.6857 -0.6346 -0.3058 0.4679 
18.1176 -0.1079 -0.1211 -0.6090 -0.9269 -0.5219 -0.7559 0.0103 0.0586 -0.0831 0.1558 -0.5980 0.5124 
19.2252 -0.6943 0.2724 -1.8232 -0.9393 -0.1526 -1.4956 -0.2067 -0.4530 -0.3283 0.2038 -0.3883 -0.1166 
17.3759 -1.4587 0.6292 -1.2570 -2.1607 -1.1962 -0.2096 0.6111 -0.9337 -1.1714 -0.2642 -0.7596 -0.0108 
19.2881 -1.3392 1.0435 -0.9873 -1.6570 -0.6516 -0.8040 -0.6021 -0.5568 -0.5951 0.5110 -0.1803 -0.4103 
18.0428 -1.1137 0.2126 -0.3970 -1.3983 0.0561 -0.4605 0.5531 0.7321 -0.1076 0.1318 -0.6069 -0.4673 
19.1731 -1.6920 -0.9476 -1.1287 -0.5495 0.3013 0.1268 0.7133 -0.5025 0.3222 0.2731 0.4883 0.3202 
19.0142 -0.1010 0.7602 -0.4464 -1.3044 -0.3818 -0.2046 0.6468 -0.6375 -0.1804 -0.3203 -0.7548 0.3869 
17.8357 -2.4902 1.0927 -0.0675 -1.8992 -1.1084 -0.4937 -0.5006 -0.4871 -1.0392 -0.1465 -0.1450 -0.1337 
17.9974 -0.4360 1.0130 -1.4075 -1.1826 0.7065 -0.9664 -0.6105 -0.1304 -0.5849 -0.3147 0.4802 -0.2556 
20.3075 -1.3800 0.5062 -1.6503 -0.8725 -0.2744 -0.6995 -0.2563 0.3442 0.3054 -0.2450 -0.3988 -0.3100 
19.6385 -0.7845 1.2566 -1.0509 -1.1220 -0.0570 0.0771 -0.1068 -0.6794 0.1314 -0.2674 0.1389 0.1452 
18.8911 -0.3193 1.0386 -1.5771 -0.0716 -0.2219 -0.5568 0.0714 0.0097 0.0036 -0.5260 0.1955 -0.2692 
18.4933 -0.8440 0.3052 -1.3024 -1.1658 -1.2309 0.3837 0.9209 -0.1180 -0.8461 -0.2374 0.0440 -0.3299 
19.5534 0.1613 0.8806 -0.9628 -1.3853 0.2126 -0.5074 -0.4512 -0.0992 0.8889 0.0686 -0.2450 -0.0464 
19.9379 -0.3802 2.1408 -0.4932 1.0131 1.0286 -1.8120 -1.2786 -0.0942 0.5654 -0.5950 -0.3829 0.1319 
19.6745 -0.5855 1.6130 -0.7518 -0.9963 -0.0565 -0.5913 -0.2396 -0.0949 -0.3469 -0.4671 0.2615 0.5043 
19.3811 0.2573 1.5064 -0.9467 -1.8467 -0.4406 -0.5720 -0.6231 -0.5395 -0.4900 -0.5090 -0.3432 0.2447 
18.2274 -0.2382 1.1707 -0.6544 -0.1327 -0.1954 -0.6344 -0.4933 -0.4306 -1.2634 -1.1955 -0.0480 -0.2339 
18.6568 -0.3967 0.6341 0.1055 -2.0247 -0.8996 -0.8948 -0.0335 -0.8353 -0.6168 0.2996 -0.3609 -0.5453 
18.6858 -0.2607 0.8525 -0.8105 -1.3002 0.3262 -0.8612 0.0078 -0.6176 -1.2874 -0.0999 0.0971 -0.2547 
18.3646 -0.1701 1.4906 -0.7691 -0.2227 -0.3844 -0.6520 -0.7811 -0.5264 -0.5141 0.1688 0.0127 -0.0284 
18.9947 -0.6533 -0.3264 -1.6748 -0.4288 -0.2435 -0.8071 0.1171 0.2341 -0.1515 0.2720 0.3265 0.2415 
19.1162 -0.1846 0.7702 0.3061 -0.8923 -0.7512 -0.6203 0.0981 0.1451 -0.4158 -0.0686 -0.4844 -0.2507 
18.8137 -0.5213 0.6055 -1.0215 -0.4133 -0.8101 -1.2568 -0.2967 -0.5065 -0.1978 -0.0023 -0.3510 0.1700 
17.6865 -0.5083 2.4405 -0.7028 -1.0786 -0.9353 -1.0833 -0.8724 -0.0387 0.9100 -0.1348 -1.3611 0.1127 
17.4822 -0.1227 1.5791 -0.6198 -0.6554 -1.1617 -0.5368 -0.3185 -0.1861 -0.4129 0.3214 0.0525 -0.9862 
17.9136 -1.0462 1.2460 -0.8719 -0.8976 -0.4832 -0.2424 -0.9138 0.0067 -0.5137 -0.1483 0.5047 0.3990 
18.2563 -1.4288 -0.5037 -0.3430 -1.4531 -1.2188 -0.5077 -0.4600 0.2791 -0.0244 0.0280 0.0096 -0.7735 
18.6283 -1.4520 0.3663 -1.2927 -1.0533 0.5133 0.6600 0.5545 -0.0022 0.2978 -0.4481 -0.5705 -0.4841 
19.0934 -0.8097 0.7046 -0.3815 -1.9355 -0.0396 0.2293 0.0308 -0.6064 -1.4907 -0.6111 -0.1947 -0.2108 
18.2205 -0.4157 1.1120 -0.4769 -0.7030 -0.5653 -0.4239 -0.9466 -0.6278 -0.6082 -0.2383 -0.3354 0.5103 
17.9974 -1.0872 1.3426 -1.7413 -0.9085 0.1071 -1.0169 -0.6767 -0.6927 -1.2617 0.2322 -0.1060 -0.0289 
19.9169 -0.2114 0.4399 -1.3158 -0.6383 -1.1361 -0.6150 -0.4601 -0.6526 -0.3256 -0.0720 -0.6472 0.1152 
18.6814 -0.2308 0.9176 -0.0049 -0.6909 -1.3073 -0.8275 -0.9280 -0.4339 -0.3835 0.0277 -0.5860 -0.0446 
19.0787 -0.5773 0.8102 -0.7223 -1.4056 -0.6986 0.0382 -1.8454 -1.1566 -0.2092 0.1334 -0.0245 -0.4255 
18.8535 -0.6397 0.8850 -0.7849 -0.1843 0.3692 -0.9794 -0.3423 -0.7781 -0.6184 -0.4953 -0.3777 -0.2344 
17.5225 -0.9268 0.4163 -0.2071 -1.2309 -0.7982 -1.2465 -0.5675 -0.3154 -0.8254 -1.3952 0.1121 0.2657 
19.0474 0.6526 1.5599 -0.4952 -0.7083 -1.3528 -0.2389 -0.1295 -0.6714 -0.0583 -0.4279 -0.1264 0.2770 
18.5652 -1.0720 0.8397 0.3285 -1.5422 0.1624 -0.5723 -0.5528 -0.7061 -0.6937 -0.6269 -0.9266 0.4903 
18.9019 -1.2839 0.9146 -0.4417 -0.4452 0.6122 -0.8831 -0.2649 -0.6085 -0.8065 0.3753 -0.1738 -0.1870 
20.5331 -1.4102 -0.8101 -2.1828 0.6258 0.8633 0.0388 -0.1786 -0.0845 -1.4167 0.1925 -0.5114 -0.2015 
22.4588 -2.6679 -2.4224 -2.4352 0.7238 0.7160 0.6882 -0.1842 0.6216 -0.3250 -0.3278 -0.2751 -0.2213 
22.3699 -2.1402 -1.4764 -2.3193 -1.1185 0.7980 0.2608 -0.2641 0.1990 -1.3758 0.5023 -0.2823 -0.1262 
22.7510 -3.5992 -2.2979 -2.3709 -0.3281 -0.4249 -0.0378 -0.2282 -0.4390 -0.5164 -0.0739 -0.3609 -0.1722 
22.7652 -4.8790 -3.5826 -2.0409 0.3121 -1.5422 0.3043 -0.8709 0.0175 0.1409 0.0926 -0.2714 -0.3121 
23.6994 -2.8124 -1.7052 -1.8558 0.1102 -1.1730 0.5955 -0.8005 -0.5607 -0.5118 0.1256 0.0423 0.0258 
21.9471 -2.1967 -0.4619 -1.0254 -1.5183 -0.8466 0.4467 0.0104 -0.2556 -1.0268 0.0138 0.0677 -0.6068 
23.1167 -0.8238 -1.4661 -1.1390 -1.3059 -0.6702 -0.6000 -0.6007 0.5730 -1.2865 0.4077 -0.5137 -0.2066 
23.0013 -0.1790 -1.3293 -0.6743 -0.9871 -0.5274 -0.0220 0.1480 0.4687 0.0263 -0.4292 -0.2604 -0.3328 
29.8786 0.4505 -4.9011 -1.9344 -0.9327 -0.1815 1.2181 1.7521 0.1362 -0.1747 0.1264 -0.3548 -0.6661 
33.1262 0.1763 -4.8020 -1.1615 -1.8498 -0.3749 0.4160 2.3984 1.3335 -1.1646 0.3928 0.5677 -0.2667 
31.7044 0.2268 -4.8809 -1.2391 -1.9620 -1.5132 -1.1708 2.8132 2.1789 -1.8450 -1.1618 0.4367 0.0382 
32.6893 1.0576 -4.9297 -0.6775 -0.7948 -1.2697 -0.6702 2.4934 1.8307 -0.4023 -0.8525 0.5861 0.0758 
33.6458 -0.3010 -5.0203 -1.1148 -0.9990 -0.2301 0.0505 2.5538 2.0529 -0.2472 -1.2489 -0.1703 -0.6176 
34.4769 -1.2940 -4.0654 -1.0137 -2.2474 -0.8063 -0.3017 1.6709 2.0134 0.0865 -1.3283 0.1821 0.5138 
32.6718 -2.9189 -3.7279 -0.5560 -2.2654 -0.5795 0.8821 3.4066 3.5784 0.5542 -2.6888 -0.5493 0.3650 
33.5720 -2.6185 -3.8326 -1.2404 -2.4758 -0.6295 0.1549 1.8826 2.7348 1.0474 -1.4954 0.2689 0.9608 
34.2896 -1.8428 -2.5804 -1.3733 -2.2526 -0.5972 -0.1798 1.1808 1.9877 0.6693 -1.6991 -0.0561 0.9891 
34.6010 -2.8697 -3.1163 -2.0581 -2.2050 -0.8698 -0.2123 1.4596 1.6219 0.9890 -0.4609 0.2762 0.9721 
35.0975 -3.3407 -2.3975 -1.6739 -2.2703 -0.7360 -0.0348 1.3428 1.2750 0.7940 -0.7492 -0.2685 0.3380 
34.4278 -4.5335 -2.6016 -2.2129 -2.6296 -1.1557 0.1775 1.4631 2.0434 1.0297 -0.6334 0.3303 1.2298 
34.8481 -3.6676 -0.8041 -1.4637 -2.0007 -1.3036 0.3271 1.1841 2.1592 0.4736 -1.7309 -0.2615 1.2430 
34.6309 -4.2075 -1.4899 -2.5075 -2.0737 -1.5735 0.2803 0.4231 1.9532 0.5355 -1.3574 -0.2971 1.2437 
35.0096 -4.4488 -1.8031 -2.5534 -2.2003 -1.8929 0.0593 0.3725 1.6190 -0.1366 -1.5977 -0.6664 0.7022 
34.9279 -4.1368 -1.4613 -2.2019 -2.0631 -1.1011 0.3988 0.7603 2.1477 0.2867 -1.2624 -0.2473 0.9647 
34.0795 -3.6594 -1.7402 -2.0135 -2.4068 -1.3184 0.4043 1.1188 2.6083 0.3925 -0.9935 0.5400 1.7656 
33.5419 -3.4653 -2.2319 -1.4839 -2.4802 -0.9267 0.9118 1.2925 2.6128 -0.3357 -1.5049 -0.2595 0.4701 
33.0848 -2.7299 -2.6089 -1.4925 -2.8737 -1.2535 0.8514 1.2770 2.2826 -0.2789 -1.1057 0.4413 1.0049 
32.1519 -1.8390 -2.6228 -1.0235 -2.8569 -1.8617 1.2830 1.1407 2.5042 -1.4418 -1.7031 0.5826 0.1364 
31.7939 -2.6982 -1.8470 -0.7677 -2.9064 -1.3283 0.5211 2.7593 2.3434 -1.6635 -1.9948 0.6404 0.5244 
31.3687 -2.9754 -2.3184 -1.7706 -2.2138 -0.5016 0.8015 2.3450 1.3938 -2.0461 -0.7595 0.4361 -0.1574 
30.2994 -2.1467 -3.2502 -0.4998 -2.4268 0.6837 1.4302 1.6929 0.2393 -2.0318 -1.0707 0.3111 -0.1554 
30.7706 -2.6951 -2.6123 -1.1677 -1.9244 0.7084 1.5158 1.8539 0.3063 -1.8248 -0.6020 0.6265 0.0319 
30.0010 -1.8083 -1.7725 -1.6740 -2.8493 0.3622 1.0008 1.4070 -0.5676 -1.9315 -0.8293 0.6138 -0.3019 
27.9912 -2.4115 -3.2919 -2.4819 -3.3125 -0.5993 0.9390 0.1898 -0.5807 -2.0630 -1.3453 -0.2792 -0.0995 
28.1698 -1.2444 -3.3786 -1.1831 -2.2234 0.0559 1.5400 0.8233 -0.0144 -1.7141 -1.0996 0.6226 -0.0343 
28.0504 -1.3493 -1.1542 -1.0800 -3.2179 -0.7054 1.3126 1.7162 0.4922 -1.5168 -0.8681 0.7306 -0.0587 
26.5744 -0.7972 -1.2523 -1.4970 -2.8577 -0.8664 0.5827 0.6338 0.8445 -0.7870 -1.4347 0.8834 0.4215 
24.2651 -1.9760 -2.1798 -0.8645 -2.2244 -1.0180 -0.5151 -1.1524 0.2118 -1.4465 -0.7888 0.0333 0.0549 
23.6713 -1.0192 -1.0774 0.3207 -1.5473 -0.7669 0.1311 -0.2778 0.6105 -0.7479 -0.2718 0.1922 -0.5512 
20.7340 -2.2697 -1.8044 -2.0487 -0.5306 0.9953 1.6898 1.8198 1.6488 -0.6387 -0.6956 -0.1488 -1.1393 
22.6339 -1.3180 -0.5764 -0.4672 -1.2351 -0.5112 0.2361 0.5776 0.9403 -0.8933 -0.2714 -0.1073 -0.1688 
21.9957 -1.3354 -1.4258 -1.4134 -0.9102 -0.3083 -0.2583 0.3982 -0.3080 -1.1310 -0.7401 0.3905 -0.0948 
21.3081 -0.1126 -1.0315 -1.7355 -1.6198 -0.8084 -0.2735 0.1324 -0.2470 -0.9888 -1.1266 -0.6125 0.2016 
20.6155 0.3962 0.3445 -1.6041 -2.1499 -0.1541 0.0244 0.6969 -0.4282 -1.3481 -0.9946 0.3357 0.1464 
19.1221 -0.4831 -0.4562 -1.9797 -1.6681 -0.3579 0.1512 0.3666 -0.6993 -0.8999 -0.8783 -0.6220 0.3756 
20.2501 -1.1029 -1.0657 -1.0975 -1.9803 -0.4864 0.2586 0.7890 0.5365 -0.3295 -0.4917 0.4057 0.5856 
20.5128 -0.3526 -0.7321 -1.0797 -1.7198 -0.6071 -0.4429 0.5669 -0.0730 -0.5630 0.4162 0.0223 0.3284 
18.9573 -0.2687 0.3094 -0.7475 -1.6240 -0.5302 -0.9354 1.3399 0.9564 -1.3136 -1.0710 -0.2451 0.6101 
19.0975 -0.8591 0.4376 -0.2385 -1.2240 -0.1272 -1.1106 -0.5370 -0.2444 -0.6814 0.2091 -0.5834 0.1126 
19.4854 -0.6092 0.5847 -1.2855 -0.7559 0.2843 -1.7924 -0.6031 -0.4785 -0.8313 -0.2470 0.0148 0.0379 
18.3484 -0.1598 0.3911 -0.2393 -0.6683 -0.2163 -1.0921 -0.6205 -0.4954 -0.9481 -0.7562 -0.6016 0.5047 
18.9406 0.4876 -0.3107 -0.2502 -0.8933 0.0852 -0.9788 -0.0745 -0.6957 -1.4148 -0.2947 -0.2181 -0.0202 
19.1318 -0.3166 -0.0237 -2.1360 -1.5107 -0.3657 -0.7030 -0.9700 -0.3825 -0.5200 -0.5904 -0.6428 0.0451 
19.2631 0.3775 0.4690 -2.2828 -1.5771 -0.4807 -0.4949 -0.1956 -0.7125 -0.4421 -0.1922 -0.6811 -0.4186 
19.5653 -0.4687 0.0042 -0.9328 -0.0042 0.2414 -0.1188 -0.4411 -0.6659 -0.5166 -0.0976 -0.8484 -0.0777 
19.3695 0.0738 -0.0438 -0.8933 -2.5756 -0.5418 -0.4540 -0.9528 -0.6658 -0.3346 -0.2611 -0.1535 -0.2676 
18.5086 -0.1456 1.5539 -0.7105 -0.7301 0.4527 -0.0648 -0.1549 -1.3751 -0.1685 -0.5588 0.4817 0.0403 
18.6286 -0.4071 0.9738 -1.6369 -1.7903 -0.9792 -0.7331 -0.7086 -0.0247 -1.4023 -0.2058 -0.2702 -0.2464 
19.2665 -0.2913 0.5065 -0.5713 -1.0940 -1.2044 -0.4684 -0.1022 -0.1395 -0.9005 -0.8877 -0.2422 0.2856 
18.4898 -0.4547 1.2732 -1.3100 -1.0132 -0.8064 -1.3203 -0.3276 -0.2375 -0.7941 0.1134 -0.0976 -0.4861 
17.9066 -1.8331 -0.0006 -2.5278 -1.1337 -0.5847 -1.1737 -0.4057 0.1453 -1.1881 -0.5799 -0.4043 -0.5195 
19.4614 -0.7293 0.0572 -1.2007 -0.5948 -0.3986 -0.4258 -0.9368 -0.2530 -0.3100 -0.5232 0.0393 -0.1197 
18.1824 0.4006 0.1977 -0.3311 0.2148 -0.3622 -0.9810 0.4522 -0.4566 -1.0736 -0.6401 -0.3271 0.4251 
18.2054 0.4027 1.0555 -1.5006 -1.3089 0.6346 -0.5907 -0.2552 0.8734 -1.0583 -0.8447 -0.3595 0.7047 
18.3366 -0.2918 0.3229 -0.2893 -1.4073 0.8969 -0.3009 -0.6157 -0.8952 -0.4251 0.1135 0.0633 0.1600 
17.8678 -0.3472 0.5080 -1.9040 -0.7168 -0.3092 -1.1497 -0.4829 0.5183 -0.1351 -0.0546 -0.5201 -0.3616 
18.7433 0.4393 1.3977 -1.2377 -0.6414 -0.4342 -0.0150 0.1573 -0.7447 -0.4008 -0.3809 -0.2324 0.0669 
17.9841 -0.8003 1.9641 -0.8089 -1.6642 -0.5850 -1.1930 -0.7153 -0.4095 -0.1017 0.7399 -0.4534 -0.1833 
18.3225 -0.4516 0.8811 -0.4097 -0.6521 -0.0427 -0.0634 -0.4243 -0.3834 -1.2569 -0.3006 -0.2568 0.1817 
17.9715 -0.6082 0.3763 0.0164 -1.5202 -1.6450 -1.9789 -0.5077 0.9666 -0.8301 -0.7435 -0.3583 0.0099 
18.5366 0.9192 0.2671 -1.7177 -0.9295 -0.0095 0.3048 -0.8809 0.2793 -0.3421 -0.4977 -0.6033 0.4645 
17.5746 0.3104 1.4995 -1.5456 -1.6071 -0.5121 -0.6978 -1.0478 0.3648 -0.1100 -0.9654 0.0646 0.4204 
18.1700 0.2427 1.5197 -1.0487 0.1545 -0.7561 0.5567 -0.0914 -0.9762 -0.6795 -0.6617 -0.1740 0.0362 
17.7618 0.5505 0.7772 -1.0861 -0.7898 -0.5176 -0.3059 0.4815 -0.5958 -0.4924 -0.7349 -0.0677 0.0181 
18.6154 0.4038 0.1376 -0.6037 -0.7451 -0.1103 -0.2529 0.6932 -0.7002 -0.3645 -0.3798 -0.6400 0.1246 
18.4895 -0.6554 0.0162 -1.2154 -1.2665 -0.4206 -0.9412 -0.8228 -0.4023 -0.1868 0.8444 -1.1632 0.1336 
18.7328 -0.3140 -0.7118 -0.8232 -0.1998 -0.3711 0.3377 0.0857 -0.2415 -0.2877 0.2367 -0.3255 -0.3127 
16.9217 -0.5617 0.3773 -1.4216 -0.9279 -0.1396 0.3002 0.9476 0.7091 -0.1024 -0.4284 0.0107 0.3540 
18.8508 -0.9259 0.5417 -0.9194 -1.1927 -1.1292 -0.9566 0.7431 0.0511 -0.5264 0.2579 -0.3340 -0.0309 
18.9977 -0.5061 0.1107 -1.5129 -0.6954 -0.8401 -0.3621 0.4209 -0.2675 -0.4682 0.1285 0.0338 -0.6248 
18.2744 -1.1215 -0.7649 -0.9653 -0.6637 -0.1727 0.0360 -0.5365 0.4005 -0.2524 -0.1479 -0.0387 -0.1394 
17.5410 -1.3217 0.3785 -1.1224 -1.0460 -0.7279 0.4103 0.6143 -0.2457 -0.7535 -0.2015 -0.4947 0.0909 
17.7860 -1.3101 -0.6036 -1.2789 -1.3939 0.1075 -0.4814 0.0249 -0.3210 -0.2149 0.5171 -0.3293 0.4831 
17.7167 -2.3599 -0.5143 -0.7116 -0.9602 -0.1345 -0.8672 -0.0796 0.3496 0.4557 0.7243 -0.0202 0.2694 
17.8669 -1.3589 0.0002 -1.5119 -0.8312 0.6302 0.1161 0.6941 -0.2572 -0.5920 -0.1047 -0.3582 -0.2258 
16.5342 -1.1500 0.0831 -1.0914 -1.2637 -1.3536 -0.7927 -0.8166 -0.0352 -0.6768 -0.6460 -0.4567 0.4965 
17.3682 0.0864 -1.2179 -1.5383 -0.4141 -0.8867 -1.0622 -0.1037 -1.0800 -0.2376 0.0203 -0.6039 -0.1509 
17.2702 -0.3510 0.1115 -0.7467 -1.1147 0.4180 -0.7605 -0.3840 -0.0221 -0.6551 -0.4597 0.1299 -0.1265 
16.8231 -1.5637 0.5656 -0.5296 -0.7582 0.0304 -0.1009 -0.7934 -0.0941 -0.9891 -0.2299 -0.1472 0.0056 
17.6075 -0.9845 0.4618 -0.1376 -1.8442 -1.5324 0.6917 0.9256 -0.3828 -1.0098 -0.6347 0.1111 0.4665 
17.8453 -1.6416 -1.2009 -0.4472 -2.2984 -0.8446 -0.3441 0.7779 0.5976 0.2987 0.3304 0.5958 1.1337 
17.7487 -1.6171 0.1014 -0.7199 -1.3692 0.0752 0.0890 -0.1969 0.6743 0.0675 -0.1162 0.3016 0.6318 
17.6222 -0.7228 0.5558 -0.2763 -0.6555 0.0146 0.0944 -0.5496 -0.0295 -0.0852 -0.9937 -0.0669 0.3892 
17.9334 -0.8610 0.2644 -2.8964 -1.9791 0.6207 -0.1634 -0.3106 0.4174 0.1217 0.0482 -0.0659 0.1131 
16.7291 -2.4280 -0.6402 -0.0956 -0.4485 -0.2306 -0.0042 0.8735 0.4013 0.0552 -0.6622 -0.4907 0.3672 
16.9025 -1.0718 -0.7911 -0.0249 -0.1971 0.1434 0.4758 -0.8683 0.4938 -0.5273 -0.2351 0.0159 -0.6712 
16.9444 -0.1469 -0.1652 -1.2354 -1.4144 -0.5217 -1.2700 -1.1103 -0.7105 -0.1463 0.1458 -0.5088 0.1720 
16.3163 -0.4425 1.9782 -0.4797 -1.2330 -0.6486 0.2139 -0.1095 -1.4292 -0.4091 -0.5252 -0.1247 0.2884 
16.7880 -0.5400 1.3895 -0.3908 -1.1796 -0.8100 -1.2778 -0.0168 0.1285 -0.1878 -0.7172 -0.5209 0.6934 
16.4475 -2.1227 -0.4580 -1.4749 -0.5946 0.8649 -0.9559 -1.0555 -0.0318 -0.3367 -0.7303 0.0949 -0.3353 
17.9311 -0.3690 0.2076 -1.0753 -0.9648 -0.7993 -1.4839 0.0460 0.0644 -0.4560 -0.5018 0.0792 -0.0504 
16.9414 0.1732 -0.4462 -2.4617 -1.2798 -0.8973 -1.2546 -0.5523 -1.0322 -1.0052 -0.3705 -0.4690 -0.4493 
16.2962 -1.1558 2.1732 -0.1691 -0.9556 -0.4937 0.0078 -0.9134 -0.7259 -0.6513 0.0172 0.0363 -0.2514 
16.8033 -2.0732 0.5799 0.2211 -0.3559 -0.8182 -1.0666 -0.8074 -0.5627 0.0077 -0.5830 -0.4876 -0.2160 
17.6905 -1.0188 -0.0949 -0.1927 -1.0830 0.1644 -0.0895 0.4559 0.5571 -0.0269 -0.0955 -0.5218 -0.7521 
