-inf -inf -inf -inf -inf -inf -inf -inf -inf -inf -inf -inf -inf -inf -inf -inf -inf -inf -inf -inf -inf -inf -inf -inf -inf -inf -inf -inf -inf -inf 
-inf -inf -inf -inf -inf -inf -inf -inf -inf -inf -inf -inf -inf -inf -inf -inf -inf -inf -inf -inf -inf -inf -inf -inf -inf -inf -inf -inf -inf -inf 
-inf -inf -inf -inf -inf -inf -inf -inf -inf -inf -inf -inf -inf -inf -inf -inf -inf -inf -inf -inf -inf -inf -inf -inf -inf -inf -inf -inf -inf -inf 
-inf -inf -inf -inf -inf -inf -inf -inf -inf -inf -inf -inf -inf -inf -inf -inf -inf -inf -inf -inf -inf -inf -inf -inf -inf -inf -inf -inf -inf -inf 
-inf -inf -inf -inf -inf -inf -inf -inf -inf -inf -inf -inf -inf -inf -inf -inf -inf -inf -inf -inf -inf -inf -inf -inf -inf -inf -inf -inf -inf -inf 
3.5504 3.9507 4.5245 5.7152 5.7214 5.4145 6.3314 6.9093 6.6790 6.1076 5.6626 4.5372 4.8647 4.0550 4.6286 4.3702 4.3413 3.9260 4.7339 4.9431 5.1049 4.2335 4.7435 4.3529 4.6417 4.3194 4.5854 4.3333 3.7388 4.1455 
4.7348 6.3432 6.3130 6.2633 6.4834 6.3680 7.1272 7.5995 6.4367 5.0290 4.7167 4.4921 5.3096 5.0303 4.8961 5.1489 4.8598 4.9891 5.6109 5.4721 4.9903 5.2524 6.2469 6.5550 7.0986 6.2148 8.0172 8.1366 7.8537 7.6596 
5.3353 6.3462 6.4635 5.9613 6.0637 5.9259 5.6633 6.5586 6.1587 4.8495 4.6164 4.4502 5.1615 5.3106 5.1776 5.4406 6.1008 7.6105 9.0468 8.6984 6.0840 6.7563 7.5555 7.4073 7.2727 7.3947 8.5071 9.2335 9.0398 8.8026 
4.5944 5.7292 6.2573 6.2042 6.2035 5.4668 6.3237 6.3411 4.4728 4.1742 4.5129 4.5002 5.2052 4.8815 4.8912 5.0169 6.3125 7.6166 7.9323 7.3004 5.2846 5.8159 6.5933 6.9433 6.7428 6.8517 8.2895 9.0363 8.5290 8.4154 
2.3209 3.8138 5.1079 5.1923 4.6288 5.2935 5.8217 5.7029 5.2967 4.6903 5.0872 4.9641 4.9225 4.4504 4.6965 4.7402 5.7961 6.7626 6.9545 6.5057 5.5860 5.6407 6.3274 6.2582 6.3988 6.2036 7.8391 8.6813 8.3752 8.0589 
3.3756 5.7022 5.8693 5.6438 5.6743 5.3117 5.1245 5.6987 5.4827 5.9189 5.8981 5.6919 5.3351 5.1533 5.2875 5.5945 6.0116 6.4013 6.8659 6.6610 5.6975 6.2552 6.6451 6.6934 6.5590 6.5673 7.4930 8.0901 7.6577 7.3477 
4.6915 6.0763 6.1530 6.8198 6.8689 6.4975 5.4330 5.4872 5.4798 5.2758 4.9721 4.7671 5.5379 5.4921 5.4962 4.9601 5.4785 5.3009 5.9122 5.7462 4.8713 5.6193 6.3360 6.5474 6.2450 6.2922 6.9438 7.7487 7.4700 7.3315 
3.9171 5.5580 5.1857 6.1242 6.7990 6.4494 5.3140 5.7037 5.9740 6.0124 4.8695 5.4109 6.0556 6.2803 6.4303 5.9470 5.4603 6.0860 6.0395 5.0403 5.6225 6.0008 6.8120 6.0677 5.7074 5.9423 7.0795 7.9854 7.4185 6.5057 
4.6770 5.1903 5.5489 5.7233 5.5304 5.3802 4.8219 5.5749 5.5090 5.1834 5.8642 5.3264 5.6951 5.8945 5.9869 5.8773 5.2556 5.8972 5.6136 5.8498 5.5983 5.9734 6.5893 6.5478 6.1919 5.4431 7.0625 7.8492 7.3699 6.4359 
4.1274 7.0732 7.2625 6.4800 6.4422 5.8178 5.5778 6.1498 6.5464 5.6461 5.5566 4.9817 5.2314 5.4046 6.3042 6.1099 5.6813 6.0194 6.1364 6.3034 5.8140 5.6640 6.0429 6.4872 6.0368 5.9012 7.1660 7.6524 7.1480 6.8183 
4.7174 6.5399 6.8025 7.0701 6.6420 5.6364 6.0877 6.9364 6.3854 6.1279 6.0961 5.3355 5.8460 6.6383 7.0637 6.3072 6.9961 6.4290 6.1892 5.9784 5.6884 6.2472 6.9628 6.2391 5.5310 5.7590 7.4193 7.5419 7.4477 7.0920 
3.6412 6.6828 7.2449 6.9669 6.3768 6.2909 6.7906 7.5751 6.4295 5.7172 5.5408 5.4927 5.4082 5.8967 6.9821 6.6273 6.6185 6.3208 6.0074 5.6853 5.4520 6.1596 6.5959 6.4463 5.3585 6.2206 7.6678 7.2975 7.3251 7.1355 
4.7272 5.9522 6.1002 5.5993 5.5204 5.6154 5.5316 5.6471 5.7686 5.8915 5.8738 5.2349 5.8132 7.8258 8.8357 7.4976 7.0359 7.7544 8.2106 7.9450 7.5458 8.2379 8.0449 7.4129 7.8940 7.9620 8.6081 8.6609 7.9460 7.4001 
4.5549 5.9794 6.9422 6.5266 6.5540 6.4249 5.9893 6.7846 6.4337 5.9743 5.4682 5.0469 6.1858 6.3777 7.8560 6.9392 7.0622 7.1243 7.5313 7.1637 6.5424 6.5659 7.0772 7.0494 7.0145 6.3936 6.4353 6.8480 6.3655 6.8841 
5.0068 5.5251 4.9585 6.3362 6.2190 5.8956 5.3735 5.1555 5.3009 5.7829 6.1460 5.1604 5.4545 6.1397 5.9731 5.9929 6.0801 5.8069 5.9940 5.8912 5.5269 5.8932 6.4804 6.0165 6.0388 5.9689 6.1134 6.3076 5.8927 5.7046 
2.7913 5.5363 5.6524 6.1361 6.1783 5.6188 4.3883 5.5972 5.3877 6.1291 5.9105 5.4420 5.4795 5.8513 6.1615 5.7022 5.9921 5.6346 5.6220 5.3557 5.4289 5.7512 6.0276 6.0775 6.3721 6.4185 6.1438 6.2972 5.1503 5.4216 
4.1334 6.1761 6.6564 6.4801 6.2335 6.3303 5.4682 5.5458 5.9055 5.4383 5.9283 6.0012 5.6540 5.2696 5.9315 6.1235 5.4800 5.9146 6.0063 5.2953 5.4292 6.0445 6.7139 6.7533 6.3369 6.1146 6.6725 6.6038 6.1051 5.9086 
4.5873 5.9419 5.2229 6.6011 6.3006 6.0819 5.4496 5.5842 6.0661 6.1353 5.5263 5.1930 5.4154 5.4502 6.1380 5.4502 5.4701 5.6302 5.6210 5.5049 5.6317 6.8229 7.1676 7.0695 6.4821 6.5750 6.6225 6.5770 6.3692 6.7569 
4.8391 6.2820 6.2534 6.6438 6.2453 5.7498 5.4038 5.7776 5.1202 5.2248 5.5217 5.2351 6.2333 5.8220 6.3354 6.1234 6.0183 6.1406 6.5029 6.4915 6.4984 6.9523 7.7377 7.5041 7.3706 7.0163 6.7295 6.9792 7.0807 7.1199 
5.2079 5.7842 6.5949 7.5400 7.3053 7.1050 6.2518 6.7107 6.3815 5.9912 6.0972 5.4389 5.7736 6.1530 6.1851 6.2171 6.0622 5.9741 6.5297 6.6375 6.2697 7.0151 7.4339 7.4243 7.0330 6.5380 6.8988 6.7601 6.7173 6.7233 
5.8590 6.0899 8.1014 9.6964 9.1012 9.1013 10.1698 9.3260 9.3428 9.4503 8.5013 7.5404 6.7970 6.6677 6.1612 5.8624 5.6808 6.0248 5.8415 6.4357 6.2104 6.9315 7.6482 7.6393 7.4112 6.0092 6.3076 5.8972 5.7936 5.8955 
3.9279 6.3315 8.2601 9.6448 8.4323 9.3443 10.4515 8.8167 10.0050 8.3804 8.1576 6.4853 6.3603 5.9749 6.0990 5.9598 5.9181 5.9896 6.1106 6.5370 6.4632 6.7929 7.6585 7.4556 6.9387 6.0566 6.0633 5.8623 5.6892 5.6909 
5.8393 6.3295 8.3961 9.3505 7.9124 9.5264 10.2367 9.0724 10.1593 8.2675 8.5531 6.9046 6.8472 6.8471 7.8034 6.8629 6.4022 6.6887 7.0167 7.0185 6.8492 6.7026 7.8023 7.4413 7.0502 6.8054 7.2083 6.3152 5.8033 6.3134 
6.0421 5.8657 7.9845 9.3706 8.1517 9.1209 9.8768 9.1849 10.6699 8.7929 9.1637 7.4031 6.8970 6.2064 6.1107 6.2500 6.1427 5.8189 6.4733 6.6754 6.4628 7.0404 7.9283 7.3246 6.8041 6.6341 5.9712 5.6114 5.3428 5.2936 
4.9068 4.9444 8.1535 9.4979 8.0664 9.1142 9.9051 9.2430 10.9599 9.3801 10.3161 8.9476 7.8398 6.9575 6.8165 6.5066 6.2088 6.8610 7.6034 7.6484 6.5758 6.8415 8.1249 7.2656 7.4582 7.5204 6.3379 5.7702 5.3523 5.8123 
5.7734 6.2057 8.2989 9.6241 8.4497 8.7928 9.7170 9.3371 11.1530 9.5985 10.8023 9.8847 9.7026 8.6847 7.6944 7.3243 7.6978 8.4988 8.9427 7.0579 6.9016 7.2244 8.1712 7.9455 8.0600 7.7013 8.7166 9.6248 9.4635 9.1207 
5.7791 6.2984 8.0852 9.5328 8.4921 8.5699 9.6552 9.4075 11.4913 10.1462 9.9662 9.4174 11.0150 9.5604 8.1145 7.9500 8.4616 8.6713 7.9192 7.3576 6.7387 6.6730 7.6525 8.4605 8.5925 8.1351 8.6650 9.5176 9.1566 9.0322 
6.3737 6.4413 7.6082 9.4241 8.4597 8.3483 9.6649 9.0402 11.3414 10.3500 9.2658 8.6335 9.7055 9.4915 9.4303 8.7036 9.2793 8.4833 8.0391 6.8460 6.6543 6.3324 7.4794 7.9726 8.1444 7.6820 9.0369 9.6646 9.3351 8.5897 
4.9584 6.6555 7.9275 9.5683 8.8179 7.5639 9.5609 8.7281 10.1626 10.2980 8.3587 8.6343 8.9535 9.1986 10.0045 9.3642 9.3126 8.4968 7.6669 6.8460 6.5930 6.6241 7.6358 7.6059 7.1755 7.3449 8.4510 9.1954 8.8726 8.2421 
5.2682 7.0066 6.6894 9.5868 9.4662 6.7525 8.4802 9.1450 7.9301 9.6776 8.6484 7.4223 7.3233 8.2633 9.2407 9.5996 9.4165 8.2734 7.4876 7.1690 7.2293 6.5933 7.6975 7.9124 7.3216 7.1426 8.6102 8.8187 8.4304 8.0423 
5.0170 5.7153 6.4360 9.2825 9.5981 7.0760 6.9615 7.7683 8.2612 8.6961 8.1535 7.3938 7.6512 7.8868 8.2924 8.7702 8.5306 8.5331 7.4268 6.6224 6.4163 6.5598 7.2716 7.1877 6.5415 6.9053 8.4584 8.8031 8.1689 7.7819 
3.9150 6.0953 6.9986 8.3956 8.6512 6.1245 6.1763 6.9818 7.5322 6.4692 6.2341 6.5908 7.5429 6.6747 7.1118 8.5036 8.8406 8.1700 7.4594 6.8063 6.5781 6.9765 7.7789 7.1989 6.9222 7.1524 7.8598 8.0991 7.8558 7.8011 
4.5981 5.7135 6.3237 7.0763 7.2029 6.8124 6.5934 6.1006 6.8812 6.7712 6.3179 6.5572 6.8849 6.1678 6.9641 7.3873 7.7774 7.7630 6.8919 5.9670 5.8575 6.5729 7.4690 7.0505 6.7984 6.4348 7.3131 8.0476 7.7314 7.4974 
4.8665 6.4250 6.9118 7.4091 6.9973 5.4259 6.0016 5.9306 6.2519 6.3366 6.5057 6.2241 6.2629 5.7241 6.4590 6.9114 7.0674 7.3144 6.6568 6.6158 5.8319 6.0389 6.8607 6.6612 6.2443 6.1093 7.3995 7.7946 7.4811 7.6329 
5.2070 6.7713 6.7280 6.6531 6.5851 5.6575 4.9459 5.9034 5.4519 6.3253 6.3299 5.4782 5.2794 5.1033 6.0501 6.2245 5.9099 6.2214 6.4201 6.4049 5.5575 5.3904 6.5103 6.2870 6.2463 6.9520 8.5332 8.0195 8.1605 8.2174 
3.3513 6.0797 6.5739 5.7878 5.6529 5.2097 5.1415 5.3096 6.7361 6.2342 5.8921 4.9753 6.0538 6.1310 6.3585 5.6275 5.9224 6.2998 5.5336 4.9501 5.4577 5.5855 5.5278 5.4923 5.8463 6.0230 6.5510 6.1839 6.5884 6.5520 
4.5540 5.3500 6.3409 5.5418 5.7808 5.1157 4.7755 5.5631 6.1332 5.6672 5.7715 5.3172 5.9884 5.7176 6.2076 5.9819 6.1880 6.2645 6.2317 6.3265 6.1663 5.8422 6.0073 5.8345 5.5301 5.9864 7.1124 7.2637 6.5312 5.9236 
5.1895 6.3340 6.4170 6.2516 5.7793 4.7697 5.0809 5.3418 6.2255 6.1375 6.4606 6.3465 6.3728 7.6223 8.8302 8.5575 8.8915 8.3939 8.2012 8.1251 7.3558 7.9694 8.3109 7.9000 7.9914 7.9752 9.1604 9.1386 8.9007 8.3100 
4.8195 5.8258 5.7212 5.8274 6.0584 5.4612 5.3075 5.5873 5.8468 5.2671 5.9450 5.9682 5.5401 6.2619 6.9664 6.5900 6.3650 6.8551 6.4990 6.5130 6.1502 6.6467 7.3182 7.1362 6.9751 6.8874 7.8337 8.1048 7.7783 7.1919 
3.2937 5.2981 5.5915 5.8003 5.6362 5.2824 4.7297 5.2206 5.3945 5.6018 5.6501 5.3995 5.5779 5.8651 5.8319 5.5876 5.9521 6.5696 6.1011 5.1563 5.1763 5.5668 6.6672 6.3161 5.7800 6.1346 7.0682 7.2388 6.6006 5.6437 
4.3686 5.2325 5.8773 6.0001 5.6304 4.9917 5.0512 5.5195 5.2921 5.4622 5.8945 4.9436 5.3759 5.6917 5.9175 5.4448 5.7409 5.7703 5.9951 5.2831 5.7128 5.8303 5.4035 5.5619 5.7369 5.8164 6.0723 6.1350 5.7009 4.9009 
3.6156 5.3148 5.8082 6.0744 6.0687 5.0109 4.9260 4.8566 5.6554 5.0571 5.5601 5.6835 5.8483 5.2825 5.4241 5.6380 5.4064 5.7982 5.5766 5.4941 5.6394 5.9105 6.0394 5.4561 5.8777 5.8824 6.6133 6.3563 5.4662 5.0786 
5.6469 6.4840 5.8625 6.5306 6.8563 5.6776 5.3290 5.5819 5.6508 5.2236 5.0168 4.7403 5.9660 5.9321 5.5895 6.0222 5.7947 6.0167 5.8332 5.9107 5.4640 5.9901 6.5573 6.1919 6.2478 6.3535 7.3404 7.0225 5.8304 5.5917 
3.7384 5.1208 6.1859 5.6769 5.8880 6.0334 6.4758 5.6084 5.5912 5.3395 6.0059 5.5243 5.5402 5.2793 5.5874 5.4884 5.4194 5.6585 6.0124 5.9462 5.7094 5.7563 5.9631 5.7299 6.1781 5.9429 7.3956 7.2673 6.5359 5.9549 
4.8235 6.1609 5.9939 5.4993 5.6374 5.8595 5.8895 5.7918 5.5574 6.0457 6.1546 5.6557 5.5731 5.8704 6.0711 6.0456 5.0900 5.6489 5.5990 5.2748 5.0709 5.2371 5.4618 5.7668 6.6534 6.0368 6.2109 6.2478 5.9878 5.2851 
3.4706 5.2117 5.2666 6.2469 6.2933 5.9658 5.5432 4.3979 4.5194 5.3901 5.1226 5.0803 6.0306 5.6607 5.5618 5.8407 6.0075 5.8628 5.5006 5.5365 5.3294 5.6141 5.3030 5.3928 5.7792 5.0473 5.0299 5.1898 5.0974 5.2435 
4.7398 6.0771 5.9650 6.0145 6.3444 6.4979 6.1591 5.2402 5.6891 5.2475 5.4135 5.7205 5.6854 5.6666 5.3738 5.9043 6.4611 5.6282 5.4594 5.8360 5.5407 5.8015 5.5026 5.2340 6.0981 5.8573 4.9505 5.1631 5.0543 5.3058 
1.6019 5.5873 5.7136 6.2125 6.3405 5.7434 5.1534 4.9140 5.0257 5.7738 5.5993 5.2602 5.2489 5.3656 6.1499 5.1378 5.3252 6.1285 5.5840 5.7214 5.1611 4.9601 5.5865 5.5137 6.0594 5.7025 5.0403 4.8846 4.9967 5.0903 
3.9267 5.8308 6.0958 4.3169 4.8291 4.8107 4.5622 4.6693 4.7599 5.5731 6.0827 5.4957 5.1284 5.7522 5.9995 5.9353 5.8098 5.4318 5.5967 5.8289 5.6662 5.7410 5.9709 5.7879 6.4314 5.7840 6.9325 7.3352 6.5579 6.7693 
3.4832 4.8891 5.9953 6.1300 6.1080 5.1389 4.5362 4.7357 5.9129 5.8881 5.8198 6.5361 6.2356 7.4647 6.6184 6.5357 5.6500 5.9955 6.1130 5.7776 5.6612 6.1647 6.6929 6.9569 6.8860 7.1478 8.8385 9.3392 9.5592 9.0999 
5.3808 6.3369 5.7302 6.1442 5.9598 4.8772 4.7915 5.1527 4.9114 5.0078 5.9428 6.2808 6.4871 6.7994 6.0642 5.9050 6.3214 7.8502 7.2591 6.2845 6.0053 5.9715 6.4812 7.2750 7.0988 7.1746 8.7661 9.4964 9.1079 8.8656 
4.8202 6.5449 6.8042 5.9924 4.8786 5.7717 5.8234 5.6527 5.2315 5.6818 6.0415 5.3730 5.5136 5.3250 5.5712 5.5893 6.0835 6.4984 5.8856 5.6648 5.7239 5.8951 6.5878 6.8281 6.7795 7.0116 8.4295 8.9997 8.9059 8.5577 
4.0841 5.7931 6.0522 6.3620 6.7304 6.0830 5.4894 4.6539 5.2116 6.0214 5.9431 5.4117 5.6910 5.3992 5.8583 6.5809 6.4127 5.6964 5.6802 6.0931 5.8356 5.6542 6.2349 6.2128 6.1783 6.4875 7.9865 8.4788 8.0121 7.8880 
4.6892 5.4764 6.2392 6.1378 5.8029 6.7949 6.1441 6.0638 5.7349 5.2889 5.5238 4.7748 5.1234 5.5608 6.0160 8.1137 7.4489 6.1222 6.1059 6.3686 6.1963 5.6082 5.7780 6.1097 5.7897 6.0138 7.3526 8.4061 7.8600 7.2146 
3.8991 5.8806 6.5775 6.2386 5.9939 5.6422 5.6439 4.9927 5.3121 6.2271 5.6085 5.7275 6.1337 6.1673 7.0712 7.5246 6.6187 6.9772 7.1145 6.8292 6.3241 6.6197 6.7613 6.2119 6.1943 6.4022 7.4629 8.2945 7.8113 7.0422 
4.1176 5.8663 5.7324 6.7625 6.1657 6.1791 5.7040 4.2221 4.2933 5.4624 5.3299 4.3276 5.6414 6.1423 6.5866 6.4245 6.1426 6.0182 6.0376 5.9100 5.8030 5.6447 6.4174 5.9302 5.8952 5.8631 7.1195 8.0150 7.0847 6.6819 
4.3211 5.3518 4.8051 5.6341 6.1378 5.2688 5.4567 4.7298 5.5855 5.3369 5.7261 5.2115 5.6787 5.4948 6.1415 5.5311 5.6945 5.5560 5.1327 5.4561 5.4571 5.6898 6.0152 5.7250 5.8246 5.5308 6.7348 7.4814 7.0705 6.6754 
3.8920 5.4253 5.3284 6.2920 5.7695 5.6060 5.0623 5.7644 5.5260 5.8777 5.7098 4.9455 5.6783 5.7888 6.3198 5.6884 5.8673 6.0308 5.6200 5.6809 5.5484 5.7853 5.4352 5.3128 4.7690 5.1036 6.3667 6.8176 6.7328 6.3922 
4.9673 6.1509 6.1200 6.7360 6.3604 5.4943 5.0301 5.1895 4.5564 4.8670 5.5502 4.9520 5.5680 5.3739 5.2516 5.5425 5.6787 5.9593 5.7379 5.5521 5.2258 5.6136 5.8359 6.2391 6.0427 7.2188 8.7024 7.9308 8.1091 8.2516 
4.3044 5.9424 6.1955 6.6644 6.0341 6.7883 6.3647 5.8284 5.6908 5.6176 5.7607 5.6414 5.8267 5.3012 6.3071 5.9553 6.1743 5.5854 5.5088 5.1619 5.0960 5.6318 5.7515 5.4613 5.6180 5.4505 6.1228 6.0251 5.8835 5.7889 
4.5850 5.9285 6.2476 6.3923 5.5518 6.5417 6.3029 5.4171 5.3719 4.8510 5.6872 4.6094 5.7100 5.7846 6.5269 6.5257 6.6333 6.7876 7.4797 6.5882 6.1193 6.4890 7.0672 6.7303 6.4962 6.4172 8.0046 8.3374 7.8337 7.0198 
4.4129 5.6606 5.2083 5.3243 5.1693 5.4880 5.8768 5.8700 5.5939 5.3498 5.2167 5.3061 6.1849 6.1997 6.1557 6.3969 6.3058 6.1580 6.4861 6.3460 6.3139 6.7970 7.6064 7.2566 7.4420 6.7872 8.2680 8.6338 8.0746 7.5102 
5.0254 6.5626 6.5576 6.8086 6.3082 5.8072 6.0941 6.3846 5.1561 5.6553 5.5552 5.5228 6.5779 6.3236 6.6461 6.1681 5.1503 5.1843 5.9437 5.5705 5.8156 5.8066 6.5871 6.6517 6.2443 6.3941 7.6067 7.5339 7.1541 6.1456 
4.1971 5.2518 5.6518 4.8520 5.4384 6.9018 6.4568 5.4181 4.9565 4.7952 5.6553 6.0176 6.4571 6.1916 5.9551 5.7563 5.2128 5.7371 5.8158 5.5888 5.0233 5.2610 5.7828 5.6915 5.4263 5.0731 6.3580 6.2983 5.8583 5.0013 
5.0227 5.9560 6.3868 6.3087 6.4551 6.4843 6.0743 6.3103 5.5511 5.5002 5.6605 4.9490 6.9099 6.8431 6.0222 6.0907 5.4776 5.6738 5.6739 5.2551 4.9163 5.1663 5.3070 5.3770 5.1575 5.2708 5.1420 4.9532 4.9991 4.9419 
3.6208 4.5112 4.6172 5.4300 5.8636 5.9072 5.2771 5.6724 4.8997 4.6768 5.4263 5.1897 5.4833 5.6806 6.0573 6.0560 5.3712 5.4241 4.9022 5.3446 5.1342 5.1630 5.1289 4.9337 5.2343 5.0999 4.7457 4.7343 4.6864 4.6845 
4.5970 6.1090 5.8440 6.1825 5.8914 5.4177 5.0301 4.8449 5.4864 5.1774 5.8391 5.4500 6.1401 6.3023 6.0457 5.6983 5.3833 5.3159 5.2119 5.2716 5.2432 5.2257 5.1517 5.0988 4.6088 4.9982 5.0122 4.8784 4.5844 4.7421 
4.0956 5.2752 4.6822 4.8638 5.3306 5.2066 4.6523 4.6690 5.3717 5.0713 5.8825 5.6120 5.3701 5.8424 6.4779 5.8176 5.3028 5.4368 5.2396 5.6171 4.9988 5.2946 5.4286 5.3078 5.0649 4.8347 4.9685 5.1457 4.9815 5.0089 
4.3852 5.1608 6.4727 6.3448 5.4832 5.1349 5.5945 5.5978 5.2213 4.9615 5.3993 5.1414 5.2844 5.3353 5.3425 5.3566 4.9235 5.6216 5.7239 5.4829 5.2000 5.2691 5.5141 4.9837 5.0412 5.1905 4.9890 4.6113 4.5128 4.8164 
2.3121 3.4378 4.4007 4.6745 4.4167 3.1501 3.0910 3.5172 3.9209 4.0469 3.7546 3.6094 4.4393 4.4482 4.8108 4.9986 4.7386 4.5638 4.6151 4.7218 4.9140 4.3219 4.6304 4.2131 4.4807 4.7313 4.4722 4.2150 4.1660 4.5864 
-1.2564 -0.7466 0.7825 0.6638 0.6317 0.2040 0.4600 0.9282 1.0264 1.1137 1.3640 0.8366 1.9382 2.3417 2.7239 3.0949 2.8971 2.8816 2.7837 3.2467 3.4403 3.1425 3.6138 3.2692 3.7477 4.1092 3.8958 3.7371 3.7809 4.2275 
-4.7415 -3.5398 -2.4082 -2.5759 -2.4871 -2.5549 -2.0005 -1.7056 -1.7223 -1.4781 -0.7832 -1.1369 -0.0313 0.3196 0.7336 1.2610 1.0892 1.4222 1.3036 2.1108 2.1577 2.0804 2.7168 2.4533 3.1096 3.5386 3.3886 3.3379 3.4905 3.9832 
-7.6830 -6.2703 -5.4867 -5.4251 -5.2909 -5.1614 -4.4583 -4.3234 -4.3669 -3.8103 -2.9017 -2.9964 -1.8901 -1.6716 -1.0973 -0.4567 -0.6655 0.1044 -0.0200 1.0381 1.0324 1.0982 1.8568 1.6719 2.5011 2.9926 2.9163 2.9749 3.2268 3.7920 
-10.2820 -9.1563 -8.4981 -8.2352 -8.0379 -7.7026 -6.9390 -6.8790 -6.8690 -5.9291 -4.9961 -4.8280 -3.7290 -3.6030 -2.7718 -2.0830 -2.3376 -1.1621 -1.2587 -0.0101 -0.0007 0.1728 1.0161 0.9091 1.9057 2.4587 2.4574 2.6312 2.9717 3.6189 
-12.9755 -12.0925 -11.4685 -11.0486 -10.7648 -10.2282 -9.4394 -9.3766 -9.2289 -7.9833 -7.0682 -6.6509 -5.5544 -5.4495 -4.3610 -3.6630 -3.9263 -2.4075 -2.4430 -1.0462 -0.9929 -0.7172 0.1887 0.1606 1.3178 1.9324 2.0077 2.2996 2.7210 3.4555 
-15.7193 -15.0211 -14.4123 -13.8702 -13.4769 -12.7558 -11.9513 -11.8357 -11.4847 -10.0334 -9.1202 -8.4736 -7.3697 -7.2115 -5.9025 -5.2149 -5.4483 -3.6461 -3.5817 -2.0751 -1.9679 -1.5850 -0.6285 -0.5722 0.7350 1.4115 1.5649 1.9765 2.4733 3.2982 
-18.3877 -17.8344 -17.2982 -16.6987 -16.1717 -15.2895 -14.4669 -14.2666 -13.6611 -12.0882 -11.1545 -10.2972 -9.1757 -8.9003 -7.4192 -6.7402 -6.9052 -4.8821 -4.7034 -3.0999 -2.9348 -2.4379 -1.4373 -1.2889 0.1560 0.8951 1.1273 1.6597 2.2280 3.1452 
-20.8000 -20.4354 -20.0260 -19.5354 -18.8459 -17.8273 -16.9803 -16.6703 -15.7808 -14.1467 -13.1727 -12.1201 -10.9718 -10.5337 -8.9239 -8.2412 -8.2976 -6.1160 -5.8198 -4.1217 -3.8972 -3.2799 -2.2389 -1.9957 -0.4197 0.3823 0.6935 1.3477 1.9847 2.9954 
-22.9288 -22.7817 -22.5014 -22.4157 -21.5147 -20.3675 -19.4875 -19.0392 -17.8661 -16.2067 -15.1752 -13.9402 -12.7574 -12.1306 -10.4231 -9.7341 -9.6275 -7.3477 -6.9311 -5.1410 -4.8563 -4.1138 -3.0344 -2.6952 -0.9927 -0.1271 0.2628 1.0398 1.7432 2.8483 
-24.9594 -24.7703 -24.6605 -25.0412 -24.1860 -22.9033 -21.9867 -21.3573 -19.9334 -18.2665 -17.1608 -15.7561 -14.5323 -13.7044 -11.9198 -11.2211 -10.8974 -8.5779 -8.0355 -6.1576 -5.8127 -4.9415 -3.8240 -3.3875 -1.5632 -0.6334 -0.1652 0.7352 1.5033 2.7035 
-26.4380 -26.1569 -27.2477 -26.3428 -26.3903 -25.4390 -24.4177 -23.5674 -21.9940 -20.3248 -19.1271 -17.5668 -16.2961 -15.2622 -13.4153 -12.7025 -12.1260 -9.8080 -9.1305 -7.1718 -6.7666 -5.7641 -4.6075 -4.0713 -2.1315 -1.1370 -0.5909 0.4337 1.2647 2.5610 
-25.8524 -26.4627 -25.9809 -26.5219 -26.3205 -25.9744 -26.3243 -25.3916 -23.9797 -22.3710 -21.0673 -19.3723 -18.0487 -16.8079 -14.9100 -14.1767 -13.3138 -11.0388 -10.2132 -8.1836 -7.7180 -6.5827 -5.3848 -4.7468 -2.6980 -1.6378 -1.0141 0.1350 1.0273 2.4201 
-27.7259 -25.1539 -25.5089 -25.9946 -25.7128 -25.4451 -25.5287 -24.8768 -24.9682 -24.1865 -23.0169 -21.1757 -19.7911 -18.3443 -16.4039 -15.6401 -14.4823 -12.2713 -11.2837 -9.1929 -8.6665 -7.3977 -6.1562 -5.4165 -3.2627 -2.1361 -1.4350 -0.1612 0.7909 2.2809 
-25.3311 -24.2398 -25.3629 -24.6258 -24.6924 -24.7179 -25.4233 -24.4627 -25.0275 -24.9914 -24.6673 -22.8886 -21.5189 -19.8682 -17.8946 -17.0883 -15.6499 -13.5059 -12.3445 -10.2000 -9.6121 -8.2095 -6.9224 -6.0829 -3.8261 -2.6319 -1.8534 -0.4551 0.5555 2.1431 
-24.3354 -25.0205 -25.4923 -24.3954 -24.5084 -24.5481 -23.9461 -23.7672 -24.1806 -24.0594 -24.2731 -23.9867 -22.9327 -21.3575 -19.3886 -18.5206 -16.8231 -14.7435 -13.3976 -11.2047 -10.5544 -9.0183 -7.6838 -6.7470 -4.3882 -3.1252 -2.2691 -0.7467 0.3209 2.0067 
-23.4794 -23.5306 -23.8535 -23.5942 -23.9398 -23.8431 -23.6176 -23.3238 -23.6784 -23.5629 -23.5291 -23.5916 -23.2340 -22.2585 -20.8779 -19.9284 -18.0027 -15.9838 -14.4437 -12.2072 -11.4930 -9.8241 -8.4407 -7.4095 -4.9493 -3.6162 -2.6819 -1.0362 0.0871 1.8715 
-23.8833 -23.5475 -23.4865 -23.1812 -22.9355 -23.2065 -22.6443 -22.9257 -22.9303 -23.3771 -23.0051 -22.5889 -22.9611 -22.7499 -22.6499 -21.4573 -19.2105 -17.2272 -15.4821 -13.2076 -12.4276 -10.6271 -9.1934 -8.0701 -5.5095 -4.1049 -3.0916 -1.3238 -0.1461 1.7376 
-23.5367 -22.8975 -23.4682 -21.9940 -21.8267 -22.7949 -22.6507 -21.8691 -21.9919 -22.4228 -22.1982 -22.1489 -22.0773 -21.7259 -21.8817 -22.2108 -20.5602 -18.4793 -16.5129 -14.2060 -13.3579 -11.4273 -9.9422 -8.7288 -6.0690 -4.5913 -3.4979 -1.6095 -0.3786 1.6049 
-21.6770 -21.8821 -22.1721 -22.9327 -23.5670 -22.4078 -21.9576 -22.1162 -21.8884 -21.8518 -21.6922 -21.8923 -21.4168 -21.3912 -21.4478 -21.6391 -21.1756 -19.7138 -17.5292 -15.2023 -14.2834 -12.2247 -10.6875 -9.3851 -6.6280 -5.0756 -3.9005 -1.8934 -0.6106 1.4733 
-21.8264 -21.5421 -21.2815 -21.4774 -21.5795 -21.6595 -22.0691 -20.3081 -20.6730 -21.2100 -21.1776 -20.9436 -20.9030 -21.2166 -21.1675 -20.8592 -20.7030 -20.5423 -18.5720 -16.1965 -15.2034 -13.0194 -11.4291 -10.0384 -7.1867 -5.5578 -4.2991 -2.1757 -0.8419 1.3429 
-21.4798 -21.3602 -20.9982 -21.5465 -20.5200 -20.3710 -20.5713 -20.2595 -20.2015 -20.5619 -20.9030 -20.7648 -20.2767 -19.8785 -20.2417 -20.3955 -20.1762 -20.2329 -19.4010 -17.1838 -16.1102 -13.8115 -12.1674 -10.6875 -7.7452 -6.0379 -4.6934 -2.4565 -1.0728 1.2135 
-20.7641 -20.3437 -19.9522 -20.4494 -20.0295 -20.2256 -19.6562 -19.3930 -19.5322 -19.8830 -19.8288 -19.8517 -19.5088 -19.2543 -19.6409 -19.5662 -19.2405 -19.5853 -19.6258 -18.1899 -17.0138 -14.6000 -12.9029 -11.3308 -8.3035 -6.5160 -5.0832 -2.7357 -1.3030 1.0853 
-19.9364 -19.5488 -19.6572 -18.7243 -19.8548 -18.9394 -18.8668 -18.6427 -19.0567 -19.2988 -18.7011 -18.7443 -18.8920 -19.1495 -18.7279 -19.0878 -19.2029 -19.3623 -19.4572 -18.6456 -17.7535 -15.3852 -13.6324 -11.9668 -8.8617 -6.9921 -5.4681 -3.0136 -1.5326 0.9581 
-18.9523 -18.8448 -18.8193 -18.5608 -19.6958 -18.3744 -18.1554 -18.3726 -19.1984 -18.6951 -18.3504 -18.4328 -17.5734 -18.0459 -18.1697 -18.1840 -17.9414 -18.1109 -18.4575 -18.5208 -18.1164 -16.1485 -14.3637 -12.5954 -9.4198 -7.4662 -5.8479 -3.2901 -1.7614 0.8320 
-17.9404 -18.3753 -18.4081 -17.7969 -18.0167 -18.7832 -17.9628 -17.9767 -17.5692 -17.7312 -18.1286 -18.5048 -17.8626 -18.4671 -18.2965 -18.4644 -17.6062 -17.5174 -18.2403 -17.7469 -17.7188 -16.8743 -15.1101 -13.2103 -9.9780 -7.9384 -6.2225 -3.5653 -1.9894 0.7069 
-18.0141 -17.1518 -17.9176 -18.2624 -17.2848 -17.0095 -17.1701 -16.9460 -17.0424 -17.4796 -17.3778 -17.3172 -17.1981 -16.6267 -17.0853 -17.3846 -16.9468 -16.9628 -17.7398 -17.7890 -18.2823 -17.3897 -15.7534 -13.8261 -10.5359 -8.4087 -6.5917 -3.8394 -2.2164 0.5829 
-16.1434 -16.2679 -16.4386 -16.8234 -17.7085 -16.4970 -15.9936 -16.3744 -16.5308 -16.5273 -16.9391 -16.6623 -16.1004 -16.3644 -16.4443 -16.7799 -16.9434 -16.3387 -16.5165 -16.3513 -16.6004 -16.5567 -16.3986 -14.4526 -11.0913 -8.8769 -6.9555 -4.1123 -2.4422 0.4599 
-16.6355 -17.3967 -16.8179 -16.5062 -16.3650 -16.1172 -15.7994 -15.0488 -15.5375 -15.9939 -16.5040 -16.1650 -15.5561 -15.2828 -15.6699 -16.3548 -15.9631 -16.2845 -16.0510 -15.5621 -15.9259 -16.2906 -16.0613 -14.9306 -11.6434 -9.3434 -7.3136 -4.3841 -2.6665 0.3380 
-15.6407 -16.3661 -15.9019 -15.8131 -15.9424 -16.2301 -15.8818 -14.9602 -15.8063 -15.6975 -15.5327 -15.6299 -15.3509 -14.7690 -15.0498 -15.4935 -15.5549 -15.8283 -15.2860 -15.2573 -15.3365 -15.5649 -15.4497 -15.2964 -12.2168 -9.8078 -7.6661 -4.6548 -2.8891 0.2171 
-16.0462 -15.2750 -15.0429 -15.6394 -15.5267 -15.2492 -15.2492 -14.4446 -14.3832 -15.4973 -14.6468 -14.5240 -15.0367 -13.8135 -14.7677 -14.5454 -14.2642 -14.6185 -14.2808 -14.3049 -14.6555 -14.8040 -14.5024 -14.7294 -12.8382 -10.2718 -8.0132 -4.9246 -3.1096 0.0974 
-15.1377 -14.4969 -14.5945 -14.4709 -15.2340 -14.8438 -14.1404 -13.9254 -13.7984 -14.2741 -14.4940 -14.2974 -14.3522 -13.6780 -13.8109 -13.9846 -13.6980 -13.6780 -13.7875 -13.6698 -14.0207 -14.2549 -14.0279 -13.9818 -13.2880 -10.7521 -8.3554 -5.1933 -3.3276 -0.0213 
-14.0979 -13.6914 -13.2457 -14.2607 -13.8591 -12.7528 -13.1698 -13.1062 -14.0861 -13.8893 -13.3872 -13.6401 -13.5812 -12.9533 -13.1474 -13.5955 -13.0563 -13.5157 -13.0974 -13.4365 -13.2053 -13.4494 -13.4398 -13.4479 -13.0470 -11.2017 -8.6955 -5.4611 -3.5426 -0.1389 
-13.3033 -13.2829 -12.8002 -12.7161 -13.1092 -13.6398 -13.0520 -12.6845 -14.3738 -13.2699 -12.9053 -13.2577 -12.7663 -12.0711 -12.4292 -12.7664 -12.7460 -12.9398 -12.6878 -12.4819 -12.7289 -13.1729 -12.9344 -12.4652 -12.4079 -11.5047 -9.0416 -5.7283 -3.7541 -0.2554 
-13.1395 -12.1024 -12.5419 -12.1555 -12.2267 -12.2535 -12.3589 -11.5165 -12.1555 -11.9007 -12.3518 -12.7528 -12.0717 -11.4399 -11.3461 -12.0382 -12.2831 -11.9848 -11.7194 -11.6679 -11.9660 -12.3878 -11.9135 -12.1679 -11.8535 -11.6237 -9.3780 -5.9953 -3.9616 -0.3707 
-10.9485 -12.0811 -11.8054 -11.0709 -11.5900 -11.7262 -12.3651 -10.9930 -11.2113 -11.6441 -11.4735 -11.8964 -11.1128 -11.4783 -11.6888 -11.6011 -11.4517 -11.9912 -11.3258 -11.2360 -11.2844 -11.6373 -11.3584 -11.4122 -11.1669 -11.3980 -9.6776 -6.2607 -4.1646 -0.4848 
-10.6322 -10.4745 -10.6686 -10.6680 -10.2780 -10.5431 -10.7663 -10.0852 -10.8058 -10.6889 -11.3142 -11.0561 -10.7782 -10.2787 -10.1298 -10.6090 -11.0509 -10.4386 -10.6666 -10.2907 -10.6180 -10.7878 -10.5115 -10.6338 -10.4966 -10.9339 -9.9010 -6.5319 -4.3628 -0.5977 
-9.7984 -10.4258 -10.1095 -11.3842 -10.2535 -10.7719 -10.7719 -9.9269 -9.5776 -10.2032 -10.0765 -10.0593 -9.7756 -9.9853 -9.9729 -9.7655 -9.6284 -9.6551 -10.0987 -9.9231 -9.7816 -10.0554 -9.8115 -10.0398 -9.8933 -10.2674 -10.0163 -6.7826 -4.5537 -0.7093 
-9.0032 -9.4422 -8.9561 -9.9086 -9.4289 -9.9117 -9.4199 -8.9654 -9.0814 -9.2056 -9.6355 -9.5414 -9.4344 -9.0743 -9.5713 -9.3894 -9.6611 -9.2849 -9.1416 -8.9184 -9.2306 -9.4218 -8.9416 -9.0090 -9.2488 -9.6231 -9.3267 -6.9969 -4.7452 -0.8198 
-9.7041 -8.2536 -9.2986 -8.9309 -8.2845 -10.1741 -11.7835 -8.8523 -8.6789 -9.0979 -9.0216 -8.8730 -8.7040 -8.2198 -8.4333 -8.6507 -8.3721 -8.3876 -8.7303 -8.3325 -8.7240 -9.1683 -8.8480 -8.8210 -8.8989 -8.9237 -9.0515 -7.2008 -4.9274 -0.9288 
-8.8993 -8.2505 -7.9246 -8.5001 -9.2986 -8.2389 -7.6892 -8.2380 -8.6168 -8.1439 -8.2133 -7.8801 -8.3002 -8.6321 -7.5976 -8.2851 -7.9861 -8.7077 -8.2691 -8.0639 -8.1939 -8.1474 -7.8754 -8.0523 -8.4080 -8.4480 -8.5489 -7.4521 -5.1110 -1.0365 
-7.6169 -6.9556 -7.4696 -7.4251 -7.2130 -7.0487 -6.9947 -7.1867 -7.6191 -7.5147 -7.6949 -7.5015 -6.7739 -7.0847 -7.0364 -7.6238 -7.8768 -8.5526 -8.4318 -7.3718 -7.3279 -7.8618 -8.0171 -7.5981 -7.1160 -7.3716 -7.5606 -7.2069 -5.2419 -1.1436 
-6.9012 -6.5727 -6.7317 -7.3369 -7.9123 -6.4004 -6.6658 -5.9925 -6.7755 -6.4459 -6.7177 -7.0677 -6.9849 -7.0064 -6.4879 -7.0341 -7.1261 -7.0806 -6.6914 -6.9781 -6.8685 -7.0581 -6.9616 -6.8225 -6.7234 -6.8697 -6.9774 -6.8681 -5.4095 -1.2503 
-6.8199 -6.1078 -6.2268 -6.6876 -5.8716 -6.9007 -6.1257 -6.1301 -6.2444 -6.2998 -6.6539 -6.2946 -5.9016 -6.3133 -5.6429 -5.9009 -5.9276 -6.0762 -6.2412 -6.1734 -5.7618 -6.0716 -6.2724 -6.0701 -6.0533 -6.2669 -6.1134 -6.0859 -5.4441 -1.3547 
-5.5149 -5.9728 -6.3253 -6.2383 -5.8277 -5.1977 -5.4787 -4.8999 -5.4225 -5.8669 -6.1056 -5.9723 -4.9805 -5.2249 -5.4487 -5.6178 -5.2064 -5.5281 -5.8130 -5.5776 -5.4807 -5.8530 -5.8069 -5.5626 -5.2620 -5.4096 -5.5518 -5.7383 -5.2721 -1.4448 
-5.0870 -5.1779 -5.1779 -5.0693 -5.0104 -5.8213 -4.8477 -4.4909 -5.1498 -5.2227 -5.0366 -4.9374 -4.5576 -4.2868 -4.2499 -4.7957 -5.0197 -5.9259 -5.1085 -5.2061 -4.8935 -4.9259 -5.2778 -5.1625 -4.7053 -5.2016 -5.0511 -5.1220 -4.8897 -1.5312 
-4.1286 -4.1218 -4.3284 -4.5070 -4.9203 -5.4274 -4.7914 -4.1270 -4.3620 -4.2860 -4.5650 -4.8070 -3.7314 -3.6156 -3.8508 -4.4955 -4.9135 -4.3852 -4.2292 -4.2379 -3.9892 -4.4942 -4.6162 -4.5875 -4.0734 -4.3332 -4.3116 -4.4990 -4.2096 -1.6170 
-4.5055 -3.1742 -3.4606 -3.6830 -3.5303 -3.3809 -3.1310 -3.0260 -3.3936 -4.5397 -4.0984 -3.7591 -3.0398 -3.6614 -3.6700 -4.0826 -3.1569 -3.3770 -3.8033 -3.6176 -3.5092 -4.0580 -3.8817 -3.8693 -3.4848 -3.5771 -3.6086 -3.7150 -3.6668 -1.6345 
-2.9487 -4.2459 -5.5452 -3.7596 -2.9446 -3.0603 -3.4657 -3.2293 -3.1620 -3.2463 -2.8688 -2.6856 -2.3337 -2.3159 -3.1249 -2.9196 -2.9482 -2.6836 -2.6023 -2.9787 -3.4484 -2.9645 -2.9287 -3.0194 -2.6685 -2.8008 -3.0344 -3.0333 -2.9871 -1.6611 
-3.4657 -3.1781 -2.9549 -2.8315 -4.0411 -2.4541 -2.4858 -2.2490 -1.8925 -2.8811 -2.5049 -2.1024 -1.8861 -1.4325 -2.0704 -2.0262 -2.1064 -2.4529 -2.1972 -2.1972 -2.1013 -2.2665 -2.5598 -2.0617 -1.8805 -2.4278 -2.4530 -2.5712 -2.6599 -1.7152 
-2.0794 -2.0794 -1.6035 -1.4733 -1.5752 -3.0603 -2.0005 -1.0957 -1.7918 -1.6168 -1.8271 -1.1814 -0.9550 -1.1963 -1.6337 -1.5965 -1.6479 -1.1654 -1.4524 -1.4239 -1.5656 -1.6552 -1.8288 -1.6478 -1.5183 -1.6110 -1.6002 -1.3500 -1.7168 -1.2997 
-0.9281 -0.6174 -0.1580 -0.7123 -0.7083 -0.3763 -0.7577 -0.5945 -1.0860 -1.1549 -1.3337 -0.3395 -0.2795 -0.5379 -0.7049 -0.9490 -0.5879 -0.6390 -0.8466 -0.4336 -0.7381 -0.9884 -0.9508 -1.1450 -0.7511 -0.7933 -0.5934 -0.6548 -0.7048 -0.5641 
-0.3466 -0.9870 -0.9870 -1.4452 -0.0444 -0.1720 -0.1375 0.1815 -0.4974 -0.8022 -0.6004 -0.8986 0.1332 0.6294 0.0925 -0.4386 -0.0094 -0.0983 -0.3117 -0.0857 0.0072 -0.4618 -0.1830 -0.5396 -0.3649 -0.2814 -0.1654 -0.0649 -0.0978 -0.3322 
0.0303 0.6659 0.6080 0.1962 0.3992 0.4855 0.8245 0.6860 -0.0690 0.5830 0.1939 0.4101 0.8426 0.2942 0.1184 0.3960 0.6446 0.1152 0.4469 0.3907 0.0700 0.3517 0.4473 0.3852 0.2936 0.2622 0.3771 0.1469 0.3462 0.2876 
0.9163 -0.4055 1.2283 -inf 1.1790 0.8621 1.4581 1.0216 0.5688 0.3798 0.8936 0.6300 1.2080 1.2087 1.2902 1.0914 0.9490 0.7369 0.8612 0.8116 0.8928 0.9116 0.5099 0.8233 1.0795 0.9769 0.8013 0.9161 1.0094 1.1784 
1.0397 2.0224 1.9484 2.0224 1.9218 1.7871 1.8429 1.7481 1.7732 1.7645 1.9694 1.5581 2.1131 1.9150 2.0078 2.0748 1.9692 2.0731 1.8608 1.6776 1.6969 1.6786 1.9412 1.6388 1.9016 1.7697 1.9349 1.6967 1.8527 1.9312 
2.6688 2.6252 2.4281 2.6031 2.9183 3.0946 2.6713 2.8672 2.6520 2.4969 2.3051 2.5254 3.0999 3.0236 2.7154 2.2787 2.5360 2.6163 2.5235 2.5268 2.0126 1.8583 1.5578 2.2294 2.7288 2.4526 2.5262 2.4883 2.3116 2.4139 
2.7726 3.1000 2.8855 0.9808 2.5052 2.7879 2.7731 2.8912 3.2339 2.4848 2.7203 3.1991 2.7893 3.2661 3.3609 3.2867 3.1340 3.1988 3.1596 3.1918 2.5971 2.4928 2.7608 2.9369 3.5827 3.0443 3.1755 2.9093 2.9511 3.2174 
3.4657 3.2778 0.9808 2.7726 4.0265 3.5773 3.9274 3.7941 3.5455 3.5674 3.6514 4.0440 3.6983 3.6499 3.9673 3.6017 3.6471 3.6245 3.6676 3.8928 3.7533 3.7783 3.8381 3.7145 4.0094 3.6159 3.8208 3.7914 3.7071 4.0303 
4.1892 4.1589 4.1792 4.2705 4.0754 3.9751 2.4849 4.0650 4.3775 4.3041 4.0227 2.7726 4.6113 4.7545 4.5617 4.4440 4.5131 3.8427 3.4298 4.0083 4.3266 4.3666 4.1673 3.9719 4.3420 4.2218 4.3126 4.1897 4.2732 4.3036 
3.4657 4.1000 3.4657 4.8723 4.9270 4.6444 3.4657 4.9698 5.2487 5.0580 4.5360 4.5759 4.3245 5.0555 5.3485 4.6785 4.4658 4.8752 4.6420 5.1065 4.6781 4.8755 4.8506 4.7247 5.0139 4.7113 4.9948 4.8020 4.7869 5.0008 
5.6567 5.4531 5.0062 5.1397 5.9558 5.5452 5.2575 4.9827 5.5556 4.8982 5.5216 5.9276 5.1969 5.8836 5.4797 4.3245 5.5706 5.8373 5.8019 5.5391 5.6764 5.5736 5.3752 5.4374 5.5604 5.3546 5.4132 5.4754 5.2531 5.7714 
4.8520 5.9506 6.1244 6.3141 6.7816 6.0800 5.5452 5.9052 6.0560 6.2277 6.2669 6.3647 6.8942 7.2006 6.7957 6.5740 6.4814 6.6483 6.1074 6.1853 6.3196 6.5155 6.1937 6.3387 6.7452 6.7111 6.5098 6.4886 6.1592 6.1660 
6.2383 6.9417 5.8632 5.8329 6.7979 7.2616 6.6391 6.9452 6.1309 6.0931 6.7312 6.0329 6.9561 6.9831 6.8693 7.2737 7.5923 7.1948 6.5803 6.8889 6.7839 6.9964 7.1251 6.6217 6.9128 6.9188 6.9141 6.6716 6.7911 6.8353 
-inf 7.7098 6.5563 7.9712 7.7753 7.8128 7.5601 7.3369 7.6882 7.4015 7.7100 7.0842 8.0747 7.2555 7.7256 7.9989 7.4088 6.7531 7.0178 7.4305 7.4251 7.4393 7.3439 7.7146 7.6825 7.4824 7.4812 7.2440 7.4468 7.6025 
8.3178 8.5722 8.2165 8.1354 7.6246 8.1842 8.5409 8.7377 8.1479 8.2839 8.4262 8.0982 8.3919 8.5395 8.8963 8.5218 8.2956 8.3608 8.4637 8.2858 8.4305 8.0325 8.2854 8.0408 8.3295 8.1554 8.1233 8.1182 8.3757 8.4559 
8.6643 7.5657 8.9255 8.7937 8.3967 7.8478 9.2825 8.3939 9.1824 8.5518 9.0143 9.1083 8.6286 8.3178 9.5582 8.7751 9.0146 8.8142 8.7259 8.8256 8.5653 8.8282 8.6842 8.7602 9.0203 8.9136 8.7363 8.7962 8.9415 8.9360 
-inf 8.6054 -inf 10.2620 10.2981 9.9280 9.0262 10.2652 9.7469 9.4384 8.5948 8.7527 9.2076 9.8057 9.5888 9.4512 9.4832 9.5964 9.4555 9.6302 9.7959 9.6068 9.4174 9.6629 9.5177 9.5603 9.4081 9.4994 9.4297 9.4012 
9.0109 10.4824 10.4084 10.3781 8.8271 10.1503 9.8759 10.2248 9.8434 10.6885 10.4987 10.6299 10.3757 9.9896 10.8806 9.9913 10.5134 10.4546 10.0385 9.9622 10.0991 10.0832 10.0755 10.0114 10.4143 10.2031 10.1691 10.2376 9.9551 10.2497 
11.2019 11.0712 11.5421 10.4730 11.3695 11.4123 11.0052 10.9865 10.5514 10.7005 11.0609 10.9679 11.5449 10.9584 11.2823 11.6626 11.4293 11.0507 11.0052 10.3170 10.6313 10.8368 10.9352 10.8307 10.9366 10.8242 10.9478 10.8861 10.7147 10.7964 
-inf 10.3972 10.7004 10.8731 11.9789 8.5409 11.5729 11.9307 11.1951 10.8672 11.3135 11.1957 10.9903 11.4913 12.2798 11.3866 11.3046 11.5778 11.8391 11.6793 11.2541 11.6069 11.7506 11.5631 11.9209 11.8630 11.7600 11.6810 11.4122 11.6782 
11.0904 11.7835 11.7848 12.0712 12.7245 12.2493 12.7467 12.6954 12.8395 12.5941 12.6628 12.2766 12.4757 11.9938 12.3167 11.8914 12.2977 12.2727 12.3662 12.1603 12.3344 12.1756 12.0762 12.2433 12.3149 11.8523 12.1233 11.8857 12.0191 12.2727 
11.7835 12.9875 12.5704 12.7946 12.5882 -inf 13.2304 13.0575 12.7676 12.1652 12.8465 12.8585 12.8409 12.9098 13.1713 12.9252 12.7987 13.2013 13.0180 13.0301 12.8362 12.5167 12.4619 12.7995 12.7346 12.4351 12.6634 12.6170 12.5919 12.6874 
12.4766 13.6040 13.4970 13.2455 12.5882 13.6510 13.5753 14.1610 13.2826 12.8011 13.4989 12.8564 13.7164 13.9129 13.1766 13.4557 13.4678 13.5404 13.8117 13.6366 13.5898 13.1908 13.3416 13.5402 13.4596 13.3545 13.2953 13.5389 13.3058 13.4417 
