20.0531 13.2290 -5.8095 -3.2650 2.3526 -1.6025 -2.0628 1.0081 -1.2746 -2.6916 -0.0135 -0.6358 -2.6492 
20.5030 14.0793 -4.7720 -2.5705 2.5483 -1.4853 -1.7033 1.5026 -0.8464 -2.3191 0.4298 -0.1692 -2.3698 
20.8645 14.7883 -3.5976 -1.2321 3.3041 -1.4586 -1.8860 1.2173 -1.4681 -2.9756 0.2192 0.0731 -1.8356 
20.4350 14.1607 -4.4349 -2.3255 2.3179 -2.3376 -3.1388 -0.2370 -2.2742 -2.9306 0.3440 -0.5113 -3.0570 
20.7740 14.6100 -4.0541 -2.0311 2.5648 -1.9534 -2.4630 0.4898 -2.0405 -3.3669 -0.1496 -0.2522 -2.1171 
20.6092 14.4287 -4.0895 -1.7638 3.2317 -1.1693 -1.9415 0.7675 -1.9174 -3.5743 -0.6031 -0.4626 -1.9210 
20.4280 14.5590 -3.4382 -1.2307 3.3540 -1.0986 -1.6812 1.0357 -1.8136 -3.5568 -0.5680 -0.5461 -2.3664 
21.4805 15.1482 -4.2067 -2.1697 2.9925 -1.1591 -1.7601 1.1672 -0.9572 -2.1974 0.2107 -0.5327 -2.1354 
20.9905 14.6747 -4.0088 -1.2545 3.9256 -0.8413 -1.9546 0.6881 -1.5766 -2.2823 1.1042 0.3965 -2.0867 
20.9156 14.7409 -3.8351 -1.4496 3.4090 -0.9978 -1.5005 1.2620 -1.2839 -2.3274 0.6953 -0.1938 -2.5220 
20.5941 14.5472 -3.7422 -1.4566 3.2968 -1.0618 -1.5183 1.3658 -1.1358 -2.4806 0.2541 -0.5107 -2.5037 
20.9445 15.0654 -3.2586 -1.1004 3.5982 -0.7085 -1.1477 1.6353 -1.0173 -2.3128 0.7999 0.3298 -1.8909 
20.4856 14.4435 -3.7310 -1.2952 3.5865 -0.8389 -1.5745 1.1619 -1.0731 -1.9275 1.1274 0.3544 -1.8803 
19.4710 13.1264 -4.6147 -1.7340 3.0002 -1.7625 -2.0641 1.4527 -0.8697 -2.4208 0.4213 -0.2261 -2.5844 
20.0882 13.8308 -4.4725 -1.9694 3.3182 -0.8307 -1.5988 1.1313 -1.2330 -2.4443 0.6243 0.2370 -1.8094 
20.0112 13.9079 -4.3572 -2.5081 2.1469 -1.6834 -1.7306 1.1914 -1.2362 -2.4328 0.4543 -0.0310 -1.9710 
19.8889 13.3143 -4.8617 -1.7907 3.1450 -1.6824 -1.9915 1.4121 -1.2099 -2.8524 0.0947 -0.4382 -2.5246 
20.9970 14.3622 -4.6593 -1.7209 3.6236 -1.1603 -1.8430 1.4887 -0.8879 -2.6449 -0.0878 -0.5154 -2.1206 
22.1724 15.1622 -4.8378 -1.4890 4.3049 -0.9422 -1.9336 1.6130 -0.6814 -2.2928 0.7340 0.4272 -1.5969 
20.2533 13.9614 -4.5910 -2.4510 2.4470 -1.8311 -2.4523 0.3961 -1.8553 -2.7908 0.4977 0.0948 -2.1324 
20.1473 13.7234 -4.8742 -2.6021 2.3912 -1.7544 -1.9024 1.5471 -0.6192 -2.1526 0.5991 0.3770 -1.6147 
20.0584 13.6575 -4.7582 -2.2070 2.9521 -1.4450 -2.1082 1.1465 -0.7408 -1.9902 0.7354 0.3404 -1.6971 
20.0118 13.7540 -4.3227 -1.6898 3.3050 -0.7885 -0.8767 2.1107 -0.6605 -2.3579 0.1309 -0.5261 -2.0176 
20.1236 13.6422 -4.6978 -1.7831 3.4587 -0.9509 -1.3376 1.7758 -0.8984 -2.4865 0.4849 -0.0159 -2.1354 
20.2011 13.7402 -5.0004 -2.7481 2.5210 -1.4453 -2.1214 0.3300 -2.3365 -3.5953 -0.5537 -0.8611 -2.6561 
19.1945 12.5284 -5.7927 -3.1782 2.3031 -1.5893 -1.9406 1.2491 -1.0691 -2.7690 -0.1124 -0.5538 -3.0331 
20.3413 13.5737 -5.0436 -1.9685 3.0302 -1.5591 -1.5939 1.4989 -1.3093 -2.3342 0.8990 -0.0805 -2.3859 
21.0983 14.4427 -4.6391 -1.9466 3.1197 -1.1258 -1.3280 1.1364 -1.7863 -2.6193 0.3514 -0.5027 -1.8973 
20.6306 13.4835 -5.3812 -1.4517 4.0232 -1.1258 -1.6759 1.4821 -1.0428 -2.1621 0.3296 -1.0954 -2.8725 
20.7038 13.8697 -4.9233 -1.7353 3.1926 -1.6250 -1.8572 0.9297 -2.0097 -2.9415 0.0957 -0.8013 -2.0800 
20.8986 13.5596 -5.9128 -2.2095 3.6130 -1.2639 -1.9418 1.0152 -1.7798 -3.2387 -0.6065 -1.3468 -2.5421 
20.3861 13.3609 -5.2361 -1.6286 3.1407 -2.1434 -2.0863 1.3937 -1.6360 -3.3048 -0.6313 -1.2580 -2.1038 
20.8144 13.2831 -6.2572 -2.4371 3.3169 -1.3450 -1.3864 1.6817 -1.4369 -2.7687 -0.0425 -1.2670 -2.7086 
20.4630 13.1684 -5.8760 -2.0914 3.3613 -1.7674 -2.4100 0.5445 -2.0204 -2.7810 0.2176 -0.8863 -2.3005 
20.7227 13.4708 -5.8651 -2.4143 3.0141 -2.0886 -2.7990 0.4565 -1.7374 -2.8744 -0.3399 -0.8678 -1.4866 
21.0528 13.8645 -5.4054 -1.7150 3.5885 -1.9329 -2.8033 0.4606 -1.7246 -2.4978 0.4597 -0.5115 -2.1231 
21.4982 14.1552 -5.4933 -1.7391 3.6158 -1.8296 -2.4247 0.6885 -2.0630 -2.9269 0.2718 -0.8363 -2.5735 
20.8924 13.7330 -5.4745 -1.9884 3.2003 -1.9517 -2.4611 0.5809 -1.9862 -2.8371 0.1095 -0.8259 -2.1512 
21.1614 14.0140 -5.4091 -2.0906 3.1916 -1.5232 -1.7186 0.9637 -2.2327 -3.1791 0.0484 -0.8043 -2.0897 
20.9663 13.8267 -5.3750 -1.8949 3.1454 -2.1888 -2.6287 0.5677 -2.1598 -3.2922 -0.3993 -1.3723 -2.8316 
20.9291 13.9412 -5.2641 -2.3161 2.4865 -2.2411 -2.1279 0.8314 -2.2031 -3.0310 0.3036 -0.5250 -1.9036 
20.7974 13.5524 -5.5656 -1.8306 3.2718 -2.1852 -2.4877 1.0040 -1.6886 -2.7152 0.7614 0.2742 -1.2698 
21.3063 13.7861 -5.9355 -2.0605 3.4261 -1.8464 -2.0297 1.4425 -1.4001 -2.5199 0.7654 0.0345 -1.4464 
22.5949 14.4621 -6.7222 -2.6609 3.2965 -2.2182 -2.3046 1.5939 -1.3971 -2.6826 0.8987 0.0017 -2.0241 
21.1681 14.1847 -5.0418 -1.7247 3.4084 -1.6345 -1.8900 1.4557 -1.2113 -2.5550 0.1860 -0.6038 -1.8765 
20.6057 13.7939 -4.9180 -1.6559 3.4708 -1.1163 -1.2503 1.5428 -1.4511 -2.4465 0.7011 0.0162 -1.2508 
20.4523 13.5245 -5.3640 -2.2442 2.8570 -1.8775 -2.0708 1.0896 -1.6544 -2.8334 0.2900 -0.3214 -1.8140 
21.4236 14.3018 -5.3413 -1.9925 3.5506 -1.5316 -2.3051 0.8543 -1.5834 -2.6259 0.4818 -0.3070 -2.1884 
21.1550 13.9624 -5.5845 -2.2192 3.3011 -1.5600 -2.0685 0.9976 -1.5647 -2.4993 0.5358 -0.3454 -1.8137 
20.8364 14.0160 -4.8088 -1.3848 3.8222 -1.5125 -2.8494 -0.3507 -2.5116 -2.7432 0.4194 -0.5552 -1.8609 
21.3670 14.6013 -4.4976 -1.2355 3.8253 -1.5480 -2.5260 0.4225 -1.8875 -2.7247 0.1793 -0.6633 -2.0165 
21.2534 14.2597 -5.1860 -2.0688 3.1677 -1.7898 -2.1859 1.0459 -1.7644 -3.2112 -0.1542 -0.6982 -2.3000 
21.1175 14.0116 -5.3694 -2.0379 3.3508 -1.3034 -1.3959 1.6552 -1.3914 -2.8032 -0.1168 -1.2779 -2.8028 
27.5811 16.8794 -10.0029 -4.8388 2.9018 -3.7671 -2.3643 4.8670 0.5040 -4.5265 -0.7844 0.3645 -2.0410 
31.3098 19.3803 -11.5768 -6.8069 2.3639 -4.0507 -2.9561 4.3016 0.1929 -4.1597 0.1509 0.9859 -1.7847 
25.9828 16.8322 -7.8089 -3.8482 3.2388 -2.6447 -2.6422 2.8520 0.1103 -2.9657 -0.1569 0.0405 -1.3636 
24.9050 16.3193 -6.7821 -2.7479 3.6378 -2.1444 -2.0248 2.4376 -1.0700 -3.4739 -0.1527 -0.5541 -2.2655 
23.0911 14.7724 -7.2291 -3.5374 2.9044 -2.0327 -2.1384 1.5547 -1.5008 -3.0647 0.2805 -0.1083 -1.5078 
24.2846 16.4353 -5.9288 -2.9824 2.9274 -2.0895 -2.0271 1.9717 -0.9072 -2.6127 0.6038 0.1233 -1.6812 
21.9351 14.3348 -6.1475 -2.8325 2.7087 -2.2086 -2.3442 0.8746 -2.0330 -2.9317 0.5518 -0.1148 -1.5662 
21.8839 14.1028 -6.0883 -1.8061 3.8762 -2.0689 -2.8601 0.6725 -1.8160 -2.6528 0.6839 -0.2588 -1.9523 
21.6929 14.4137 -5.5751 -2.4877 2.5649 -2.5709 -2.6257 0.9233 -1.7932 -3.0134 0.0543 -0.7110 -2.2148 
21.7554 14.0813 -6.2469 -2.6388 3.0516 -1.7178 -1.4597 2.0266 -1.0267 -2.0957 1.3396 0.3628 -1.5665 
22.5195 14.9992 -5.5748 -2.0844 3.4513 -1.5823 -1.6232 1.5174 -1.8689 -3.1806 0.1305 -0.5984 -1.8680 
22.9449 15.4698 -5.2695 -1.6490 4.0780 -1.2257 -1.7349 1.3811 -1.8384 -3.2333 0.1373 -0.3157 -1.7668 
22.7134 15.2721 -5.3467 -1.8191 3.7841 -1.6057 -2.0391 1.5477 -1.1459 -2.5204 0.4373 -0.5223 -2.3115 
22.3412 14.8274 -5.6847 -2.0212 3.9866 -1.0199 -1.6656 1.4435 -1.2147 -2.3347 0.3295 -1.0457 -2.5309 
22.4167 14.8470 -5.7161 -2.0563 3.6399 -1.7045 -2.0996 1.4742 -1.2495 -2.5999 0.3811 -0.5282 -2.1180 
21.8223 14.1892 -5.9760 -1.9897 3.8592 -1.4703 -2.1030 0.9798 -2.1212 -3.5199 -0.3620 -0.8790 -2.0546 
22.5918 15.2901 -5.1570 -1.6501 4.1580 -1.1019 -1.9918 1.1439 -1.4833 -2.8437 -0.1086 -0.8847 -2.1145 
22.2078 14.6436 -5.6905 -1.8423 3.8302 -1.6286 -1.9975 1.6135 -1.3456 -3.1073 -0.4509 -1.5196 -2.9341 
21.3450 13.9989 -5.7769 -2.3114 3.1962 -1.7867 -2.1010 1.1799 -1.6329 -2.9414 0.1909 -0.1965 -1.3807 
22.2815 15.2647 -4.6814 -1.5035 3.5399 -2.0080 -2.5919 0.8916 -1.7370 -3.2392 -0.3346 -0.7547 -1.9951 
21.8218 14.2947 -6.0784 -2.6214 3.2908 -1.6885 -2.3923 0.8105 -1.7993 -3.2330 -0.4919 -1.0234 -2.0767 
22.3333 14.9748 -5.4538 -2.0133 3.7792 -1.4843 -2.3776 0.8969 -1.5709 -2.8742 0.0153 -0.7030 -2.3945 
21.6057 14.0165 -6.2512 -2.6368 3.2857 -1.9685 -2.9642 0.2779 -2.0532 -3.2763 -0.5708 -1.4370 -2.8231 
21.6803 14.2090 -5.8317 -2.0553 3.9296 -0.9316 -1.3044 1.8617 -1.2675 -2.7955 0.3841 -0.2778 -2.0987 
22.2631 15.2005 -4.9636 -2.0180 3.2907 -1.6314 -1.9647 1.3767 -1.1944 -2.5781 0.0004 -0.7729 -1.7645 
21.4016 13.9025 -6.0169 -2.2972 3.4404 -1.7107 -2.1498 1.4570 -0.9849 -2.3683 0.3694 -0.4200 -1.9168 
21.1020 13.7814 -5.8441 -2.4270 2.9893 -2.0248 -2.4017 0.8989 -1.6178 -2.5485 0.6252 -0.1701 -1.8802 
21.4324 14.2319 -5.3828 -1.8145 3.8267 -1.1702 -1.8147 1.1846 -1.5620 -2.7967 0.0720 -0.6953 -1.9238 
20.3734 12.8290 -6.5553 -2.8437 2.5824 -2.8247 -3.5273 -0.2055 -2.7774 -3.9947 -0.8877 -1.3769 -2.5625 
21.5119 14.0828 -6.0609 -2.9127 2.4947 -2.5116 -2.8100 0.6721 -1.9251 -3.3126 -0.5009 -1.2146 -2.4182 
22.0135 14.6705 -5.6526 -2.5096 3.0151 -1.8766 -2.1726 0.9945 -2.0681 -3.4268 -0.1072 -0.6524 -2.1531 
21.1235 13.5654 -6.3373 -2.6863 3.0486 -2.1531 -2.8151 0.5138 -2.1139 -3.2654 0.1792 -0.2999 -2.2394 
21.7236 14.7161 -5.0224 -1.8803 3.4936 -1.6852 -2.6227 0.4731 -1.7160 -2.7065 -0.1248 -1.1948 -2.4981 
21.4779 14.2793 -5.3899 -2.0677 3.0534 -2.3207 -2.8348 0.5203 -1.9854 -3.0121 0.0921 -0.5809 -2.0175 
21.2885 14.1342 -5.4000 -1.9438 3.5863 -1.4767 -2.1492 0.9593 -1.7969 -3.3508 -0.5562 -0.8475 -1.7907 
21.0443 13.9344 -5.4023 -2.0550 3.1949 -1.8665 -2.3083 0.8446 -1.9179 -3.1735 -0.1673 -0.8755 -2.4664 
21.5169 14.5103 -5.0371 -1.7783 3.4997 -1.7901 -2.4330 1.2570 -0.6747 -1.7778 0.8959 -0.0242 -1.7644 
20.8840 13.9247 -4.8999 -1.1365 4.0363 -1.4462 -1.9718 1.5793 -0.9800 -2.4159 0.5702 -0.0578 -1.9410 
22.1423 14.9135 -5.0851 -1.5421 3.9038 -1.3742 -1.7530 1.5897 -1.4220 -2.9028 0.2542 -0.4066 -2.0885 
22.6036 14.2915 -6.7664 -1.9938 3.9255 -2.6467 -2.9395 1.9935 -0.8003 -3.0836 0.2170 -0.1665 -2.3026 
25.0737 14.7738 -8.8328 -1.3951 5.7679 -2.9072 -3.3249 2.4574 -1.5180 -3.7545 1.5367 1.0443 -2.5100 
27.2755 14.8316 -11.3245 -1.3203 6.6127 -4.4353 -4.3711 3.2528 -1.5954 -4.6147 1.4524 0.6083 -3.6032 
29.6200 15.7708 -13.3730 -2.5463 7.5654 -3.0426 -3.9206 2.4015 -2.9133 -5.0629 1.3650 -0.2640 -4.4180 
29.9418 17.3035 -11.6474 -3.0009 6.6351 -2.4907 -3.4847 2.1305 -2.3130 -3.9535 1.7240 -0.0920 -3.9274 
30.2518 20.3715 -6.4424 -0.5896 6.8507 -1.8886 -3.7921 0.7788 -2.5287 -3.7414 1.0121 -0.2083 -3.0715 
33.7266 25.3918 -2.6787 -0.3478 4.2173 -4.5643 -5.3739 -0.3294 -3.2196 -3.8933 0.6123 -1.1701 -3.6434 
39.3288 28.5454 -5.8740 -2.9502 4.6648 -3.6867 -5.0058 -0.2612 -3.3186 -3.5070 0.8046 -1.7870 -3.0577 
38.9968 28.3634 -6.0720 -3.7205 4.0743 -3.6645 -5.2814 -1.0529 -3.8323 -3.7232 0.4339 -2.1143 -3.1067 
39.3700 29.2641 -4.8738 -2.9400 4.5143 -3.0662 -4.4709 -0.2767 -3.4876 -3.8411 0.6868 -1.1068 -2.2335 
38.9535 28.8479 -4.9152 -2.5605 5.1474 -2.7799 -4.8514 -0.6080 -3.2152 -3.7402 0.0401 -1.5726 -1.8607 
38.1401 28.5357 -4.2913 -2.3337 4.7859 -3.1454 -5.0454 -0.5515 -3.1185 -3.8602 0.2683 -0.9290 -1.9093 
38.3605 28.5890 -4.5204 -2.3605 4.9709 -3.1742 -5.1451 -0.2844 -2.8037 -3.9538 0.2176 -0.5364 -1.6337 
36.9454 27.7561 -3.9122 -2.0315 4.7015 -3.3895 -5.4551 -0.6833 -2.9153 -4.1911 -0.5289 -1.2431 -1.9601 
37.3500 27.3475 -5.0878 -2.2340 4.9666 -3.6746 -5.6251 -0.7088 -3.5451 -4.6141 -0.0462 -1.1263 -2.7560 
36.6344 27.2805 -4.2503 -1.9986 4.9257 -3.1345 -5.1154 -0.6409 -3.5257 -4.7055 -0.2826 -1.1740 -2.7991 
37.4818 28.0955 -4.0954 -2.0208 5.1614 -2.9101 -5.3300 -0.9343 -3.1353 -3.8396 0.0400 -1.4275 -2.5730 
36.7228 27.3025 -4.3415 -2.0302 4.8583 -3.5680 -5.8488 -1.1525 -3.5892 -4.6314 -0.3135 -1.2152 -2.7620 
37.9637 27.4512 -5.6803 -2.0743 5.6572 -3.6684 -5.8509 -0.2411 -3.1207 -4.8983 -0.0361 -0.3346 -2.3501 
36.9500 27.1305 -4.9958 -2.2131 5.2164 -3.3355 -5.7720 -0.8298 -2.9990 -4.0249 0.0684 -1.0395 -2.3564 
37.2871 27.6774 -4.1548 -1.5677 4.6539 -4.3753 -5.6626 -0.0421 -2.7391 -3.7889 0.6617 -0.9259 -2.6563 
37.8609 28.6676 -3.6009 -2.2665 3.7845 -4.1658 -5.0716 -0.0015 -2.8516 -3.5780 0.9058 -0.9564 -2.7764 
38.6409 28.5954 -4.7620 -2.6510 3.6894 -4.8811 -5.3892 0.1831 -3.3314 -4.2225 1.0023 -0.9769 -3.3569 
39.5489 28.7313 -6.0293 -3.4148 3.7952 -5.0771 -5.5931 1.0343 -2.2677 -4.2785 0.6686 -0.3944 -2.8550 
39.6069 29.0197 -5.5412 -3.2252 3.5609 -5.3195 -5.6964 0.9898 -1.8914 -3.3986 1.1338 -0.8259 -3.2955 
39.5093 29.2975 -5.1533 -3.6818 2.8588 -5.3172 -5.4933 0.9366 -1.6524 -3.0177 0.7245 -1.7578 -3.5622 
39.6576 28.8896 -6.2057 -4.4206 2.3399 -6.0559 -6.0958 0.5151 -2.2807 -3.5071 0.6189 -2.2342 -4.6049 
40.0591 29.5134 -5.8437 -4.5609 2.2554 -5.8921 -5.9644 1.0995 -0.9982 -2.5723 0.8067 -1.9503 -4.2692 
40.0309 29.3789 -5.4302 -3.3601 2.8176 -5.9203 -5.0240 2.2435 -1.0645 -2.6527 1.3804 -2.1812 -4.9745 
38.3187 28.5576 -4.7352 -3.6499 2.2564 -5.4382 -5.0076 1.4268 -1.0456 -2.4312 0.2215 -3.4884 -5.0763 
39.0837 28.3393 -6.2028 -3.7204 3.7262 -4.6380 -5.1501 1.4646 -1.2102 -3.0478 0.6359 -1.9381 -4.6003 
37.2020 27.6908 -4.7538 -3.8825 1.7705 -5.5078 -4.7864 1.3773 -1.4625 -2.7488 0.5518 -2.7719 -4.8718 
36.8907 26.9589 -5.4898 -3.5304 3.0680 -4.6655 -4.6646 1.7361 -1.0526 -3.2028 -0.1757 -2.8786 -5.0891 
37.1308 26.6049 -6.1780 -3.4626 2.9147 -5.3765 -4.6002 2.1087 -1.5730 -3.5577 0.2392 -3.0086 -5.6183 
34.9002 25.1699 -5.4475 -3.0915 2.4189 -5.6388 -4.7568 1.7361 -1.8998 -4.1003 -0.5447 -3.3520 -5.7253 
35.3175 25.5494 -5.4809 -3.1074 3.1259 -4.2795 -3.3915 3.0324 -0.4810 -2.8452 0.6343 -1.6389 -4.0008 
33.4284 24.6868 -4.4229 -3.2362 1.8121 -4.5630 -2.8833 3.0047 -0.7332 -2.7804 0.7743 -1.3874 -3.4234 
33.0401 23.9978 -5.3147 -3.6303 2.4418 -4.1877 -3.8976 1.8672 -1.0795 -3.5086 -0.2639 -1.2082 -2.8523 
32.1573 23.2312 -5.7919 -4.5330 2.0067 -3.4252 -3.0582 2.2046 -0.3923 -2.6974 -0.4654 -2.0023 -3.0542 
31.6483 23.0374 -5.4584 -4.3672 2.4751 -2.0965 -1.7363 2.5550 -0.8904 -3.4625 -0.8386 -1.5916 -2.4162 
30.5488 21.8620 -5.9092 -4.5372 1.8750 -3.2881 -3.0815 1.4321 -1.6702 -3.6950 -0.4830 -1.1805 -2.4459 
29.8550 20.8314 -6.6644 -4.4702 2.5418 -2.7414 -2.8341 1.7339 -1.2309 -3.5269 -0.8701 -1.8884 -3.2546 
28.8689 20.2713 -6.1627 -4.2266 2.1349 -3.0287 -2.5801 2.3221 -0.7236 -3.3913 -0.8473 -1.5451 -2.6959 
28.4852 20.3128 -5.4412 -3.6844 2.3858 -2.9089 -2.8473 1.9456 -0.6666 -3.1832 -0.6416 -0.7652 -1.6334 
28.1539 19.6351 -5.9693 -3.2199 3.4746 -2.3095 -2.9772 1.5361 -1.1302 -3.5402 -0.6397 -0.5838 -1.8399 
27.3522 19.0133 -5.7380 -2.7753 3.6101 -2.2860 -2.8240 1.6106 -1.2280 -3.5047 -0.5204 -0.8420 -2.2179 
26.4902 18.1931 -6.1653 -3.4128 2.9956 -2.4385 -2.9075 1.3451 -1.2068 -3.1398 -0.3712 -1.0780 -2.6390 
27.2613 18.9380 -5.7756 -2.9713 3.2651 -2.3413 -2.3559 2.2654 -0.5899 -2.7569 0.1313 -0.5820 -2.1234 
25.7174 16.9232 -7.3212 -4.1525 2.0136 -3.5998 -3.3039 1.3955 -1.5179 -3.3160 -0.1364 -1.1944 -3.0527 
26.1064 17.2426 -6.9937 -3.0410 3.7813 -2.0818 -2.6097 1.2641 -1.9905 -3.3401 0.5426 -0.3748 -2.5295 
26.0367 17.0271 -7.3083 -3.3416 3.1808 -3.1233 -3.3676 1.2533 -2.0542 -4.1250 -0.4802 -1.3481 -3.7820 
26.3228 17.4021 -7.0257 -2.9284 4.3344 -1.1852 -1.7169 1.9196 -1.4364 -2.5650 1.3467 -0.2638 -3.1013 
25.0536 16.6710 -6.5942 -3.1397 3.2747 -2.0838 -2.2738 1.7084 -1.2484 -2.7166 0.6355 -0.4595 -2.5896 
24.9173 16.7696 -6.0291 -2.4557 3.6008 -2.4375 -2.9259 1.4885 -1.2121 -2.9247 0.6224 -0.0600 -2.5355 
25.4963 17.1578 -6.1360 -2.3942 4.0269 -1.7028 -1.9721 2.1347 -1.1239 -2.9059 0.7351 -0.1051 -2.4705 
24.7587 16.6386 -6.1511 -2.7769 3.3429 -2.2579 -2.5464 1.5474 -1.4842 -3.1194 0.6453 -0.0654 -2.6968 
24.3646 16.8768 -5.1718 -2.3743 3.3141 -2.2004 -2.8719 0.9331 -1.8110 -3.5031 0.0768 -0.0938 -2.2783 
23.8562 16.1186 -5.9761 -3.1197 2.8435 -2.1808 -2.5171 1.1690 -1.8401 -3.6821 -0.3448 -0.7846 -3.0221 
24.2873 15.9719 -6.7057 -3.2152 2.8533 -2.6653 -2.7886 1.1587 -1.9862 -3.4178 0.4669 -0.0497 -2.2403 
24.6441 16.3106 -6.3476 -2.4143 3.7810 -2.0028 -2.0796 2.2263 -0.8333 -2.7855 0.1224 -0.9512 -2.5987 
24.8497 16.5384 -6.3464 -2.4980 4.1132 -1.3496 -1.8858 1.7504 -1.3120 -2.6678 0.8689 -0.0025 -2.0437 
25.2661 16.9071 -6.2693 -2.4708 3.9986 -1.7398 -2.1491 1.9591 -1.0335 -2.8510 0.2572 -0.8170 -2.9247 
25.0540 16.8340 -5.9148 -2.0556 4.0045 -2.0087 -2.4256 1.4480 -1.7525 -3.1110 0.7100 -0.0791 -2.1266 
24.4406 16.0779 -6.6270 -2.7464 3.6631 -2.2271 -3.0159 0.8139 -2.1088 -3.5905 0.0627 -0.6340 -2.8885 
24.6945 16.4751 -6.2621 -2.5804 3.7745 -1.8067 -2.3026 1.4787 -1.5969 -3.2799 -0.1051 -1.1806 -3.2667 
24.8619 16.7370 -5.8269 -2.0168 4.1263 -1.6343 -2.0929 1.5161 -1.7635 -3.2437 0.1755 -0.7702 -2.5152 
24.2293 15.8104 -6.4256 -1.8851 4.3741 -2.1009 -2.9504 1.1432 -1.4542 -2.5574 0.9430 -0.3767 -2.8709 
24.3099 15.8291 -6.8666 -2.9303 3.4109 -2.3253 -2.8729 0.7477 -2.2722 -3.3548 0.2213 -0.9793 -3.0237 
24.2646 16.2135 -5.6496 -1.4096 4.4732 -1.8263 -2.4271 1.3442 -1.9633 -3.4677 0.3953 -0.0677 -1.9872 
24.8892 16.5083 -6.3179 -2.0976 4.7642 -0.8175 -1.7433 1.4649 -1.6443 -2.7316 0.7298 -0.4773 -2.3662 
24.1507 15.7546 -6.6711 -2.6499 3.5192 -2.3711 -2.7087 1.2655 -1.8838 -3.4121 0.2356 -0.4778 -2.4390 
24.4814 16.0687 -6.6035 -2.6049 3.7238 -2.1713 -2.8190 0.9212 -2.0514 -3.3732 0.1219 -0.6639 -2.3091 
23.7895 15.5797 -6.5599 -2.7704 3.4655 -2.0576 -2.6443 0.9510 -1.7226 -2.7739 0.4247 -0.6576 -2.2950 
24.2843 16.0494 -6.5520 -2.8784 3.5956 -2.0895 -3.0008 1.0431 -1.0258 -2.2795 0.6550 -0.2488 -1.9712 
23.8947 16.0207 -6.0201 -2.8226 2.9698 -2.5582 -3.0239 0.8707 -1.6743 -3.0574 0.1102 -0.5502 -2.1560 
23.5775 15.4789 -6.2750 -2.1599 4.2170 -1.4747 -2.2906 1.2234 -1.7833 -3.3273 -0.0782 -0.9190 -2.7345 
24.1808 16.1146 -6.0821 -2.3267 3.8233 -1.9648 -2.6051 1.3360 -1.3310 -2.8275 0.4255 -0.1832 -1.7979 
23.6068 15.7517 -5.9659 -2.3308 3.8887 -1.6561 -2.6566 0.9054 -1.3756 -2.4915 0.4964 -0.4382 -2.0964 
24.2207 16.3008 -6.0210 -2.8004 3.2938 -1.9880 -2.4311 1.2649 -1.5662 -2.9915 0.3441 -0.4538 -2.4018 
23.1620 15.0182 -6.6181 -2.7901 3.0290 -2.8573 -3.1962 0.9991 -1.6631 -3.1431 0.0870 -0.9655 -3.1811 
23.8134 16.1517 -5.4798 -2.2348 3.2656 -2.4566 -2.9513 0.8026 -1.9837 -3.5606 -0.5934 -1.3400 -2.7156 
23.1165 15.4787 -5.4004 -1.6807 3.5362 -2.5291 -2.8858 0.8951 -2.1316 -3.5409 -0.0522 -0.5575 -2.0135 
23.2935 15.6453 -5.3730 -1.6184 3.8996 -1.8193 -2.1124 1.4364 -1.8123 -3.2906 0.0912 -0.6588 -2.2561 
23.8994 16.0750 -5.7215 -2.1477 3.8000 -1.8291 -2.4053 1.2689 -1.7596 -3.4987 -0.2448 -0.7604 -2.4328 
23.7163 15.9817 -5.5832 -2.1347 3.4244 -2.4338 -3.1615 0.2306 -2.7422 -3.8935 -0.3367 -1.1933 -3.1218 
23.4525 15.8578 -5.4659 -2.0987 3.5841 -1.9723 -2.6592 0.9169 -1.4519 -2.4269 0.4373 -1.1562 -3.2429 
23.0801 15.1262 -6.5414 -3.1891 2.7666 -2.6778 -3.3398 0.4939 -1.8285 -3.3022 -0.6170 -1.5319 -3.0611 
23.0193 15.2444 -5.8544 -2.0353 3.8414 -1.7297 -2.1910 1.5321 -1.3034 -2.8193 0.3056 -0.4479 -2.0775 
23.1085 15.6526 -5.2434 -1.8627 3.5686 -2.0055 -2.4367 1.2276 -1.4972 -2.9029 0.1378 -0.6614 -2.2372 
23.1893 15.5980 -5.4492 -1.8336 3.9385 -1.5257 -2.0134 1.4867 -1.5276 -3.1097 0.0812 -0.4534 -1.9471 
22.3494 14.4679 -6.4604 -2.7762 2.8881 -2.8458 -3.3904 0.5798 -1.8454 -3.3546 -0.4936 -1.2155 -2.6231 
22.7083 15.1157 -5.7626 -2.3323 3.2740 -2.2403 -2.8707 0.6719 -1.8377 -2.8337 0.5124 -0.3004 -1.9769 
23.4548 16.0688 -5.0798 -1.8888 3.7099 -1.6825 -2.2605 1.1790 -1.6703 -3.0834 0.1858 -0.4601 -2.3082 
