nan nan nan nan nan nan nan nan nan nan nan nan nan 
nan nan nan nan nan nan nan nan nan nan nan nan nan 
nan nan nan nan nan nan nan nan nan nan nan nan nan 
nan nan nan nan nan nan nan nan nan nan nan nan nan 
9.7246 -0.4837 -0.4252 1.4380 -1.1852 -0.3191 -0.4847 -0.0217 -0.0082 -0.1056 -0.0182 -0.1263 -0.0247 
12.5438 -0.2614 0.0871 -1.5355 -0.3854 0.0113 -0.2069 1.2494 -0.2076 -0.0679 0.0209 -0.2035 -0.3242 
11.2919 -0.0954 0.7462 -0.5154 -0.2197 0.5439 -0.2302 0.4692 0.1197 -0.3681 -0.1480 -0.0725 0.0414 
nan nan nan nan nan nan nan nan nan nan nan nan nan 
nan nan nan nan nan nan nan nan nan nan nan nan nan 
nan nan nan nan nan nan nan nan nan nan nan nan nan 
13.7641 -0.6610 -0.2101 -0.4842 -0.6448 0.1379 -1.1626 -0.2585 -1.0491 -0.0293 0.3107 -0.2574 -0.2021 
14.0126 0.5378 1.1401 -0.7619 0.0481 -0.4311 -1.0361 0.9712 -0.3343 -0.3307 -0.1182 -0.6327 0.1142 
16.1582 -0.8306 -2.5655 -0.2746 -0.8837 -0.0625 -0.0922 -0.2712 -0.2044 0.3047 -0.7896 -0.6533 -0.0330 
14.6643 -1.1949 0.1662 -0.5952 -2.5415 -1.1639 -1.9340 -1.2374 -0.7586 -0.2845 -0.5007 -0.8726 -0.1212 
14.8087 -1.2450 0.2912 -1.2282 -0.3908 -0.1893 -0.6125 -0.9048 -1.1245 -1.0219 0.1464 -0.3550 -0.0175 
13.6303 -0.1173 0.7406 0.1006 -0.2048 -1.2432 -0.6695 -1.3032 -0.7927 -0.3215 0.0499 0.5919 -0.4339 
15.3353 -0.0309 1.1976 -0.6987 -0.6501 0.1534 -0.5935 -1.1692 -0.1803 -0.3237 0.1189 -0.2625 -0.0357 
14.5959 -0.2620 0.5433 -0.6555 -0.6794 -0.0659 -1.2423 -0.3478 -0.1730 -0.0490 -0.3178 -0.2691 -0.0688 
15.0793 -0.7585 0.5037 -0.9454 -1.3985 -0.6122 -1.1337 -0.6467 -0.7675 -0.3261 -0.4517 -0.0725 -0.3616 
14.9669 -0.2286 1.6198 -0.8483 -0.1557 -0.1795 -1.4003 -0.2666 0.0178 -0.5853 -0.2899 -0.2156 -0.1389 
13.9513 -1.0631 1.1403 -0.3029 -0.4215 -0.3435 -0.5955 1.3880 0.4206 0.1932 0.0170 -0.8912 -0.1396 
14.8138 -0.5077 0.2864 -0.6939 -0.5942 0.6550 -1.7702 -1.1907 0.1437 -0.0807 0.5681 -0.5885 -0.6721 
13.9732 -1.9641 -0.2795 -0.3147 -1.9435 -0.6988 0.0927 -0.3894 0.4084 -0.0455 -0.1377 -0.5419 -0.0129 
15.1001 -1.3348 0.3225 -0.6248 -1.2778 -0.5160 -0.0757 -0.2322 -0.2070 -0.5843 0.1570 -0.1598 0.2356 
14.6343 0.4760 0.4280 -0.7522 -0.8196 0.1636 -0.8088 -0.7318 0.4313 -0.4619 -0.2144 0.3809 -0.4125 
15.6488 0.0111 1.1157 -1.2059 -1.1649 0.1160 -0.4952 -0.1445 -0.7200 -0.0991 0.0392 -0.0055 -0.1808 
15.1585 -0.9055 0.8336 -0.7779 -0.9119 0.2935 -1.0706 -0.4928 -0.1184 -0.8412 0.1929 -0.0488 0.0886 
17.9312 -0.4195 -0.6717 -0.2072 -0.2495 0.6795 0.6881 -0.3877 -0.0596 -0.4071 -0.4157 -0.7288 -0.1956 
21.9203 -1.0033 -4.0109 -0.4540 -1.1891 -0.2042 0.2707 -0.7137 -1.3071 -0.2174 -0.6050 -0.4546 -0.5871 
31.5620 -0.8972 -6.1164 -1.0916 -2.9240 0.2686 -0.4843 0.7374 1.2178 -0.5014 -0.4341 0.3872 -0.0689 
31.5104 -0.6337 -6.0554 0.5811 -2.3769 -0.6779 -0.5926 1.4249 2.4020 0.4269 -1.7337 -0.0326 0.0622 
30.9550 -1.2801 -5.4060 -0.1387 -3.5181 -1.5749 0.0480 0.8062 2.5745 0.0855 -2.5387 -0.3107 0.8314 
30.7675 -0.8318 -5.0477 -0.5186 -3.8198 -0.4741 0.4822 -0.1004 2.0840 1.2419 -1.8364 0.2034 0.9952 
31.5883 -1.2407 -4.2772 0.7563 -2.6835 -1.4702 0.3824 0.3297 2.5393 0.8272 -1.8010 -0.0125 1.0952 
32.1245 -1.7109 -3.3933 0.3700 -2.8192 -0.2100 0.1613 0.4098 2.0171 1.5037 -2.0123 -0.1295 1.1321 
32.3792 -4.3640 -3.2025 -1.0665 -4.2636 -1.0713 -0.0985 0.1839 1.0879 1.1595 -1.2554 -0.2573 0.9861 
33.3184 -4.3667 -1.1379 -0.8154 -2.6362 -1.0818 0.1969 0.2894 1.7716 1.3217 -1.7165 -0.4966 1.7551 
32.2983 -5.1206 -1.2963 -1.5616 -3.2810 -1.0950 0.3012 -0.0605 1.8022 1.1551 -1.7652 -0.4603 1.7747 
31.9097 -4.3358 -0.9721 -1.8148 -3.3198 -1.1808 0.6386 -0.3064 1.5600 1.0018 -1.7017 -0.3911 1.6336 
30.9339 -3.3964 -0.7263 -1.6643 -3.0450 -1.3645 1.2083 0.7239 2.2969 -0.0582 -1.4764 -0.3204 1.3908 
30.0735 -2.1723 -1.2201 -1.7112 -2.8208 -0.9999 1.0392 1.0532 1.8967 -0.3110 -0.9676 0.0166 0.8757 
27.7081 -1.5737 -1.0279 -2.2213 -3.0293 -0.9345 0.5117 1.0044 1.3910 -0.4949 -1.6984 -0.2273 0.5279 
25.8454 -1.6769 -1.4733 -2.0386 -2.2748 -1.1890 0.7865 0.3022 1.8854 -0.6778 -1.6901 -0.4583 0.4429 
23.1807 -3.3089 -0.9931 -1.5374 -2.3509 -1.4187 -0.5567 -0.1852 0.9265 -0.6822 -2.0892 -0.4740 0.9124 
21.5305 -1.2954 -1.2794 -0.3815 -1.7916 -0.5257 -0.5986 0.2202 0.7703 -0.1361 -1.8058 -0.2165 0.4351 
20.7068 -1.6807 -2.1689 -1.6453 -1.8405 -0.6780 -0.1765 1.1091 1.6100 -0.2333 -1.6288 -0.1555 -0.1562 
18.9840 -0.9675 -1.8502 -0.7878 -1.7242 0.0825 0.0440 0.5569 0.5803 0.3094 0.2853 0.5420 0.5348 
8.3003 -2.0943 -1.3087 -0.6056 -0.8604 0.0778 -0.3413 0.1580 -0.0023 -0.1239 0.1185 0.1268 0.0499 
-2.5443 -3.4354 -0.8840 -0.5549 -0.2197 0.1442 -0.4620 0.1097 -0.1267 -0.2857 0.1225 0.0658 -0.0530 
-13.4738 -4.9351 -0.5549 -0.5959 0.2733 0.2565 -0.5081 0.1140 -0.1244 -0.4434 0.1200 0.0970 -0.1122 
-24.4471 -6.6084 -0.3376 -0.6704 0.6585 0.4397 -0.4759 0.0986 -0.0716 -0.6511 0.0281 0.1647 -0.1840 
-35.3657 -8.5628 -0.3381 -0.5896 0.9486 0.6819 -0.1528 0.0338 -0.1051 -0.8453 -0.2889 0.1102 -0.1442 
-46.3932 -10.7923 -0.4886 -0.3321 1.4747 1.2255 0.4828 0.0023 -0.3789 -1.3168 -0.9572 -0.1687 0.0048 
-56.0435 -11.5229 -0.0740 -0.4883 0.8420 0.4305 0.2431 -0.0500 0.0998 -0.5279 -0.5151 -0.0454 -0.2864 
-65.5597 -12.0836 0.6018 -0.2036 0.7373 0.0223 0.1134 -0.2125 0.2115 -0.1093 -0.2974 0.0423 -0.3840 
-75.2361 -12.8825 1.1441 0.1397 0.8442 -0.1980 0.0638 -0.3214 0.2121 0.1737 -0.1510 0.1249 -0.4443 
-85.3599 -14.3316 1.1993 0.2824 1.0833 -0.1318 0.2505 -0.2623 0.0997 0.2645 -0.1152 0.2279 -0.4015 
-92.6995 -12.6457 2.7140 0.3112 0.6372 -0.4599 0.5802 0.2128 0.0433 0.1159 -0.3170 0.4198 0.2838 
nan nan nan nan nan nan nan nan nan nan nan nan nan 
nan nan nan nan nan nan nan nan nan nan nan nan nan 
-98.9031 -0.7360 1.0902 -1.4021 0.1315 -1.0532 0.0444 -0.1385 0.0460 -0.8602 -0.0556 -0.0113 -0.4618 
-96.0975 0.2080 -0.7005 -0.1630 0.0018 -0.0443 -0.0791 0.1703 -0.0181 -0.1888 -0.1196 0.0039 -0.0701 
-94.5191 -0.2342 -1.5481 -0.2712 0.7474 0.4039 0.2397 0.4795 -0.4165 -0.1175 -0.5484 -0.7193 -0.4521 
-92.4365 -0.3170 0.0876 -0.0870 -0.2835 -0.1929 -0.2874 -0.2390 0.4944 0.3499 -0.4140 -0.3734 0.0356 
nan nan nan nan nan nan nan nan nan nan nan nan nan 
nan nan nan nan nan nan nan nan nan nan nan nan nan 
-84.6794 -0.5148 -0.5959 0.1305 0.1540 0.3468 0.1931 -0.3137 -0.6251 -0.2788 -0.0603 -0.1683 0.5781 
-81.2145 1.4909 -0.3133 -0.0698 0.3673 0.2089 0.1353 0.5187 -0.3873 -0.4908 -0.3529 0.2527 0.3363 
-inf -inf -inf -inf -inf -inf -inf -inf -inf nan nan nan nan 
-inf nan inf nan -inf nan inf nan -inf -inf nan inf nan 
-74.7254 -0.6823 -0.2640 -0.0731 0.8569 -0.1143 0.4659 0.4486 0.0137 -0.3323 0.2031 -0.0765 -1.0209 
-71.6870 0.3106 -0.5149 -0.1514 0.0523 0.1841 -0.2696 0.4795 -0.0247 -0.3869 -0.2521 0.2181 0.0056 
-68.6755 -0.1708 0.0604 0.7334 0.1980 -0.1562 -0.0689 -0.7732 -0.9219 0.1407 0.4414 0.6549 0.0693 
-65.9560 0.8100 -0.5811 0.2176 0.2210 -0.4864 0.2750 0.0160 -0.8065 -0.1853 0.3138 0.3429 -0.4355 
-inf -inf -inf -inf -inf -inf -inf -inf -inf nan nan nan nan 
-inf -inf -inf -inf -inf -inf -inf -inf -inf nan nan nan nan 
-58.1775 -1.1653 -0.9899 0.8369 1.0590 0.6087 1.4047 0.0171 -1.1525 -0.4887 -0.5245 0.3948 0.7773 
nan nan nan nan nan nan nan nan nan nan nan nan nan 
nan nan nan nan nan nan nan nan nan nan nan nan nan 
-50.8636 -0.1760 -0.1778 0.4703 0.2034 -0.4404 0.0314 0.6899 0.3719 0.6852 -0.3884 -0.7192 -0.0009 
-49.4348 -0.4689 0.1609 1.1211 0.6749 -0.1582 0.9044 0.2549 -0.7898 -0.6732 -0.0918 0.9002 0.3400 
-47.7139 0.0229 0.7660 0.0974 0.6083 0.6675 0.5708 0.7307 -0.5248 -0.4892 -0.5250 0.3157 0.6129 
nan nan nan nan nan nan nan nan nan nan nan nan nan 
nan nan nan nan nan nan nan nan nan nan nan nan nan 
nan nan nan nan nan nan nan nan nan nan nan nan nan 
-36.7243 0.8494 -0.5061 0.4880 -0.4527 -0.1956 -0.0429 0.6134 0.1357 -0.1926 -0.4436 -0.5240 0.8398 
-inf nan inf nan -inf nan inf nan -inf -inf nan inf nan 
nan nan nan nan nan nan nan nan nan nan nan nan nan 
-inf -inf -inf -inf -inf -inf -inf -inf -inf nan nan nan nan 
nan nan nan nan nan nan nan nan nan nan nan nan nan 
nan nan nan nan nan nan nan nan nan nan nan nan nan 
-20.4401 0.6055 0.4517 -0.9221 0.0763 0.2516 -0.5966 -1.1722 0.1847 -0.3931 -0.0973 -0.0092 -0.1482 
