16.1278 8.3030 -7.6453 -1.1154 4.7513 -1.2064 -1.4469 2.4477 -0.7663 -2.4802 1.1094 0.2858 -2.3243 
17.4945 9.0054 -8.2571 -1.1641 5.0043 -1.8087 -2.3108 1.9807 -1.1597 -2.6579 1.4526 0.7180 -2.1644 
18.6759 9.1195 -9.6195 -1.1776 6.1492 -1.4401 -2.2541 2.6480 -0.8313 -3.2613 0.7864 0.5013 -2.3376 
21.3436 10.9889 -10.5172 -2.2787 6.0021 -1.5637 -2.5414 2.6595 -0.8420 -3.7250 0.1057 0.0128 -2.4652 
24.7240 17.2133 -4.2377 -0.1760 5.0751 -2.0411 -2.8455 1.9032 -0.5812 -2.5023 0.9727 0.8321 -1.2798 
27.9979 22.1319 -0.4647 0.6770 4.6661 -2.6776 -5.6326 -2.5746 -3.5259 -3.5698 -0.1204 -0.1860 -1.2390 
30.9401 23.8772 -1.6472 0.2744 5.5924 -2.4855 -6.2753 -3.0870 -3.5550 -3.1217 -0.2256 -1.4793 -1.8628 
31.6641 24.3041 -2.2414 -0.4725 5.6678 -1.8512 -6.2227 -3.9197 -4.1792 -2.6333 0.8718 -0.6822 -1.4787 
34.6429 25.5409 -4.6647 -1.9063 6.1336 -1.8058 -6.2371 -3.0006 -3.8018 -3.4536 0.3370 -0.6738 -2.0212 
32.5681 24.5581 -3.7611 -1.9807 6.0734 -0.6516 -6.4021 -5.1006 -5.0270 -3.4106 -0.1184 -1.3132 -1.9165 
34.8028 25.6224 -4.6278 -1.4469 7.0092 -1.0764 -5.9887 -3.0534 -3.8763 -3.4352 0.4036 -0.6963 -2.0988 
34.1746 25.0833 -4.8692 -2.0512 6.1716 -1.5864 -6.2736 -3.4327 -4.2407 -3.6770 0.1553 -1.0287 -2.5560 
33.5115 25.3200 -3.4909 -1.5307 6.2245 -0.5696 -5.2866 -3.6519 -4.4884 -3.0852 0.5676 -1.1211 -2.1887 
33.6838 24.8929 -4.3708 -1.5725 6.3942 -1.3231 -5.9559 -3.2317 -4.1394 -3.6034 0.2425 -0.9081 -2.4336 
33.9061 24.7898 -4.9036 -2.0021 5.8521 -1.9881 -5.9456 -2.6204 -4.0458 -4.2365 -0.3156 -1.1033 -2.5793 
32.6669 24.9640 -2.7976 -1.1221 5.9082 -0.9348 -5.1456 -2.9900 -3.9168 -3.1331 0.3816 -0.9842 -2.1638 
31.7386 24.3135 -2.6810 -1.3234 5.3896 -0.9838 -5.1648 -3.8017 -4.8472 -3.3360 0.2642 -1.5228 -2.3470 
32.6816 25.0460 -2.6999 -1.1968 5.7740 -0.8188 -4.9591 -3.1056 -3.9878 -2.7477 0.6968 -1.0894 -2.0013 
34.0815 25.4551 -3.7307 -1.0398 6.4476 -1.2866 -5.1836 -2.1830 -3.5991 -3.2422 0.8311 -0.3876 -1.8985 
32.7398 24.3721 -3.8616 -1.4890 5.5883 -1.9363 -6.0475 -3.5764 -4.6556 -3.6629 0.0954 -1.6277 -2.6338 
35.0383 25.3879 -5.1807 -1.5795 6.3226 -2.3689 -5.9940 -1.7835 -3.3024 -3.7454 0.2069 -0.8752 -2.2316 
34.7940 25.6545 -4.3097 -1.2134 6.3371 -1.7591 -5.2772 -2.0052 -3.8131 -3.3818 0.8411 -0.8819 -2.0399 
34.9189 25.1661 -5.5527 -2.3406 5.2661 -2.8429 -5.8497 -2.3922 -4.6226 -4.1925 0.2181 -1.7586 -2.7698 
36.9307 26.1397 -6.6985 -2.7582 5.5015 -3.3729 -5.8490 -0.8327 -3.2673 -4.0882 0.2954 -1.1630 -2.5780 
36.5717 26.4171 -5.9258 -3.1968 4.3601 -3.5935 -5.5519 -0.9393 -3.0862 -3.3929 0.1738 -2.1624 -2.7410 
36.3789 26.6019 -5.3403 -3.1073 3.9876 -3.7815 -5.5186 -0.8342 -2.8341 -3.2678 -0.1108 -2.3651 -2.3611 
37.5484 27.1609 -5.9110 -3.1343 4.1347 -4.3151 -5.4589 0.4500 -1.9965 -3.4137 0.2502 -1.4601 -2.4519 
36.9701 27.5640 -4.5194 -3.1253 3.2437 -4.2054 -4.9039 0.5513 -1.3859 -2.2626 0.3095 -2.4357 -2.6663 
36.1067 26.8693 -4.6702 -3.5485 2.5675 -4.8175 -5.5473 0.0254 -1.6703 -2.6465 -0.2349 -3.0248 -3.4804 
36.1462 26.9567 -4.4559 -3.0561 3.2615 -4.3535 -5.3885 0.3556 -1.1315 -2.2606 0.2322 -2.3347 -3.3142 
35.4767 26.8559 -3.5966 -2.7851 2.7588 -4.2425 -4.4154 1.0195 -1.1157 -2.2475 0.1256 -3.0297 -3.8210 
35.4309 26.5063 -4.2532 -3.3525 2.2262 -4.8013 -4.6975 0.8993 -1.5251 -2.8179 -0.2844 -3.5090 -4.5108 
36.4017 26.5724 -5.7455 -4.0990 2.7079 -4.7657 -5.3237 0.8433 -1.2559 -3.2262 -0.5919 -2.7730 -4.1088 
35.4139 26.8138 -3.7420 -3.3058 2.0405 -4.7012 -4.4536 1.2619 -0.7952 -2.0915 -0.0365 -3.4465 -4.3725 
34.6383 25.9224 -4.2200 -3.5987 1.5250 -5.4649 -5.1012 0.8167 -1.3550 -2.7909 -0.5904 -4.0209 -5.3001 
35.7928 26.2095 -5.3125 -3.6810 2.4876 -5.0133 -4.8723 1.4888 -1.1882 -3.4231 -0.4698 -2.6356 -4.4528 
34.0588 26.0368 -2.7919 -2.3316 1.9310 -5.0878 -4.2904 1.6059 -0.6880 -1.9065 0.4595 -3.0779 -4.6417 
33.0095 25.1466 -3.1698 -3.2495 0.7416 -5.7306 -4.7034 0.8208 -1.8046 -3.0765 -0.4023 -3.5165 -5.2229 
33.8761 24.9831 -4.4453 -2.9582 2.0638 -5.3923 -4.6545 1.5441 -1.4894 -3.4735 -0.2040 -2.5890 -4.8111 
31.8761 24.4684 -2.1431 -1.5336 1.9385 -4.9842 -3.8178 1.7970 -1.0240 -2.4780 0.0450 -3.1115 -4.5750 
31.3333 24.1799 -2.1024 -2.0377 1.2140 -5.3238 -3.9189 1.9740 -0.6907 -2.8242 -0.7599 -3.1247 -4.1817 
30.8318 23.6377 -2.3233 -2.0524 1.1824 -5.5386 -4.1847 1.9642 -0.5175 -2.7273 -0.5054 -2.5582 -3.9808 
29.2886 22.7750 -2.0045 -2.4421 1.0994 -4.4082 -3.7920 1.0118 -1.1493 -2.7817 -0.5979 -2.3667 -3.7051 
28.0097 21.6818 -1.8037 -1.7200 1.5402 -4.1524 -3.4939 1.1415 -1.2086 -2.7688 -0.4913 -2.1097 -3.1107 
27.7213 21.5349 -1.9689 -2.3799 1.0532 -4.0597 -3.2168 1.7361 -0.3446 -2.5031 -0.7187 -2.0023 -3.1216 
26.3023 19.8534 -2.8429 -2.4558 1.2103 -4.2085 -3.5196 1.6277 -0.5931 -3.2672 -1.4971 -2.3913 -3.6433 
25.6331 19.3694 -2.6975 -2.1667 1.7211 -3.3821 -2.9957 1.6920 -0.1590 -2.0830 -0.1403 -1.3126 -2.8301 
24.5650 18.3854 -2.7973 -1.9715 1.7775 -3.2691 -2.6688 1.8874 -0.5185 -2.8913 -0.8410 -1.5605 -2.8457 
24.5186 18.3384 -2.5997 -1.2837 2.7930 -2.1902 -1.5467 3.0182 0.5142 -1.8438 0.4394 -0.1045 -1.5805 
