nan nan nan nan nan nan nan nan nan nan nan nan nan 
nan nan nan nan nan nan nan nan nan nan nan nan nan 
nan nan nan nan nan nan nan nan nan nan nan nan nan 
nan nan nan nan nan nan nan nan nan nan nan nan nan 
nan nan nan nan nan nan nan nan nan nan nan nan nan 
13.1795 -0.4904 0.4967 -0.5729 -0.4440 -0.0578 -0.6243 -0.1717 -0.4890 -0.0878 0.1360 -0.3704 0.0012 
11.7151 -0.7726 0.4170 0.0375 -0.6577 -0.1177 -0.2379 0.2357 -0.4734 -0.2422 0.2953 -0.0897 -0.0872 
12.4055 0.3973 1.2548 -0.6343 -0.8716 0.2445 -1.9564 -0.8887 0.2309 0.0126 -0.4234 0.0598 0.1163 
11.9568 0.1010 0.2106 -0.7258 -0.1565 0.4603 -0.2031 -0.1929 -0.5253 0.5662 -0.4422 -0.4426 0.1747 
17.0770 -0.9363 -0.9222 -0.4815 1.1095 0.0179 -0.2964 0.1001 -0.7377 0.1254 -0.4484 -0.2677 0.1805 
16.1484 -0.5193 -1.9752 -1.5946 -0.4471 0.5512 -0.7863 -1.0107 -0.8398 -0.3976 -0.2535 -0.3287 0.0137 
13.2551 -1.1916 0.5996 -0.4629 0.4443 0.5063 -0.9958 -0.5627 -0.4784 0.4843 -0.1343 -0.3782 -0.2949 
21.9958 -1.6766 -5.1026 -1.5253 -1.2788 0.9195 -0.4948 -0.7746 0.5125 -0.0057 -0.3607 -0.0347 0.5657 
17.7099 -1.0144 -2.4152 0.3346 0.4702 0.0377 -1.1855 -1.0425 0.0447 -1.1168 -1.0312 -0.7555 0.5623 
15.6979 0.5650 -1.2996 -1.1525 1.0697 -0.8274 -0.4113 -1.3587 -0.0615 0.3378 -0.7382 -0.1041 -0.1290 
15.9478 -0.2827 -0.7345 -0.8657 -0.4737 0.2212 -0.3912 -0.3211 0.4730 -0.0530 -0.5807 -0.5120 -0.1649 
15.4899 -0.6335 -0.4707 -0.3622 0.3902 -0.1267 -1.3069 -1.1512 -0.5835 0.1864 0.4327 -0.6352 -0.0352 
14.3438 -0.7557 1.4336 0.4678 -1.4465 0.2887 -1.2631 0.1855 0.0772 -0.1485 -0.2647 -0.2759 0.0711 
14.9598 -0.7947 -0.1581 -0.4024 -0.3478 0.5175 -0.4920 -1.2916 -0.2996 -0.7614 -0.5352 -0.6711 -0.0382 
14.4271 -1.2087 0.9293 -0.6185 -0.6385 -0.7972 -0.4679 -0.2762 0.1904 0.0492 -0.3268 -0.7799 -0.0256 
14.1215 -1.3538 0.0863 0.0017 -1.3233 -0.4042 -0.3084 -0.0965 0.1481 -0.1057 -0.7656 -0.1895 -0.1191 
14.6697 0.2578 -0.1617 -0.5166 -0.8403 -0.2707 -2.2801 -0.2098 -0.5455 -0.5855 0.6245 -0.5580 -0.2544 
12.2566 -2.4676 0.1057 -0.8450 -0.1741 0.9242 -0.6819 -0.0671 0.2088 -0.9539 -1.1436 -0.4218 -0.5719 
14.8506 -1.2930 -0.2086 -0.8454 0.2102 0.2881 -0.8015 -0.3533 -1.1700 -0.2427 -0.5147 -1.0721 0.1777 
14.8215 0.3024 1.1446 -0.3129 -0.7078 -0.1178 -1.2185 -0.3764 -0.4700 -0.1449 -0.3487 0.0391 -0.3411 
15.2626 0.0168 0.2104 -1.1117 -1.3435 -0.0810 -0.9384 -0.0052 0.2706 -0.7290 -0.1520 -0.6305 0.3619 
13.9399 -0.9555 1.3994 -1.0979 -1.3238 -1.4676 -0.7940 0.5036 -0.1969 -0.4837 -0.0587 -0.5971 0.1800 
13.7359 -1.0012 -0.2121 -1.1279 -1.2956 -0.0190 -1.1793 -0.2942 0.7503 0.1852 -0.1038 -0.2598 0.1653 
14.7955 -0.2946 0.9122 -0.0389 -0.5783 0.1396 -0.7448 -1.0839 -0.9472 -0.0676 0.2613 -0.2318 0.2941 
14.1805 -0.5162 0.5955 -1.3349 -0.9522 -0.1891 -1.0968 -1.4422 0.2394 -0.2158 -0.1148 -0.0373 -0.2859 
21.1811 -3.1397 -3.4866 -1.4994 -1.1318 -0.0524 0.2962 -0.1115 0.3277 0.2098 0.0150 0.2703 0.1628 
23.9698 -2.2680 -3.7117 -2.0617 -1.4851 0.0130 -0.6277 -1.0412 0.0204 -0.7042 0.3947 -0.1561 -0.0493 
33.5167 -1.7019 -5.8662 -0.9467 -2.6188 0.9810 0.2640 1.3052 1.0342 -0.2160 -0.3805 -0.2686 -0.6057 
32.7338 -0.7262 -5.1490 0.3823 -2.3054 -0.6919 -0.0947 1.7552 2.3962 -1.2111 -1.6631 0.4156 -0.5657 
32.8775 0.0199 -5.4590 0.3465 -2.0875 -0.4313 -0.0397 2.2233 2.5454 -0.9658 -1.4376 0.6712 -0.6103 
32.4390 0.3236 -5.3272 -0.4676 -1.7823 -0.6296 -0.1761 1.9369 2.4039 -0.1373 -1.7707 0.4227 -0.1184 
33.4423 -0.1574 -4.7294 0.1783 -2.4044 -0.8927 -0.2001 1.5634 2.4950 -0.0552 -1.7768 0.7043 0.4223 
33.1094 -2.0466 -4.6390 0.5874 -3.0214 0.2620 0.7780 2.4654 3.3082 0.8970 -2.3843 -0.0286 0.1757 
33.2673 -2.7894 -3.6020 -0.2214 -3.8831 0.0461 0.7036 1.5020 2.4200 1.5603 -1.8630 0.4583 1.0063 
33.7927 -3.4906 -1.6515 0.0321 -3.8522 -0.3222 0.2989 1.5546 1.6431 1.5455 -2.5588 0.2744 1.0833 
33.8400 -5.2329 -1.0786 -1.3811 -4.2574 -0.6058 1.3742 0.7416 1.8207 1.6537 -1.2443 0.2195 1.4870 
34.2222 -5.1991 -0.4709 -0.7207 -3.4456 -1.5181 0.8668 0.8440 2.5464 0.8750 -2.4933 -0.4279 2.0634 
34.5071 -4.4290 -0.6676 -0.7192 -3.0850 -1.1310 0.8996 0.9879 2.0304 0.7668 -2.1774 -0.2967 1.5347 
33.1905 -5.2896 -1.6738 -1.1428 -2.8439 -0.2790 1.8901 2.2599 2.9063 0.8286 -2.4885 -0.6104 0.2574 
31.8763 -4.1428 -2.3285 -1.9851 -3.0980 -1.3233 0.1209 2.2779 1.9251 -0.4045 -1.8105 0.0542 0.8802 
30.1907 -3.2014 -1.7856 -1.7553 -3.0984 -0.2394 0.7395 1.9809 1.8752 -1.5864 -0.9107 0.5058 0.0692 
29.1101 -3.0670 -1.2983 -0.8472 -3.0917 0.6007 1.4014 0.9070 -0.1608 -1.1587 -0.3942 0.1553 -0.1628 
27.3095 -2.4298 -1.2156 -2.3554 -3.0389 -0.0355 0.6852 1.8446 0.8085 -1.8233 -0.9970 0.9974 -0.5871 
26.7092 -1.1217 -2.6561 -1.6324 -2.1338 -0.9977 0.5895 1.8898 0.1216 -1.0489 -0.7970 0.7648 0.2684 
25.3336 -1.3418 -2.8925 -0.6966 -2.7204 -0.6171 0.6602 1.2478 0.9944 -1.3056 -0.8485 0.2573 0.0026 
22.8068 -0.8972 -1.0236 -1.5607 -2.5548 -0.9630 0.2736 0.9949 -0.0933 -1.2107 -1.3844 0.1845 -0.0495 
19.9840 -0.8591 -0.6673 -1.0670 -2.0977 -1.1244 0.1891 0.9108 0.0419 -1.8673 -0.6557 0.3765 0.4413 
20.4232 0.0873 -0.9712 -2.3976 -2.1404 -0.1541 0.3836 1.2760 0.2877 -0.6669 -0.3685 0.1785 0.0062 
18.6120 -0.3566 -0.3825 -1.6011 -1.9624 -0.7802 1.1221 0.2654 0.5345 -1.0499 -0.4991 0.3401 0.5966 
16.8966 1.2860 -0.3352 -1.7306 -2.2519 -0.1534 -0.0579 -0.9762 0.8885 -0.4708 -1.1023 0.6608 -0.0087 
15.7887 -0.7019 0.4288 -0.1879 -0.4457 -0.4248 -0.7565 -0.0529 -0.2278 -0.0962 -0.4985 0.1051 -0.1930 
4.8812 -2.1607 0.5940 0.2534 -0.1885 -0.1660 -0.8950 0.0477 -0.1873 -0.1591 -0.5705 0.1162 -0.1629 
-5.7240 -3.8570 0.8182 0.4566 0.1656 -0.0391 -0.8099 -0.0306 -0.1733 -0.1427 -0.5632 0.0999 -0.0794 
-16.2018 -5.5783 0.9114 0.4778 0.4894 0.1198 -0.6537 -0.1723 -0.2628 -0.1363 -0.5457 0.0928 0.0104 
-26.5778 -7.2932 0.8983 0.3583 0.7436 0.2703 -0.4545 -0.2942 -0.3997 -0.1606 -0.5539 0.0744 0.1080 
-36.8282 -8.9499 0.8379 0.1376 0.8881 0.3392 -0.2503 -0.3295 -0.4924 -0.1652 -0.5591 0.0303 0.1796 
-46.8614 -10.4248 0.8402 -0.1108 0.9355 0.3051 -0.0600 -0.2330 -0.4499 -0.0518 -0.4537 0.0165 0.2227 
-56.6157 -11.6292 1.0064 -0.2883 0.9670 0.2143 0.0892 -0.0622 -0.3153 0.1613 -0.2020 0.0869 0.2967 
-66.2286 -12.7240 1.2568 -0.4025 1.0235 0.0964 0.1299 0.0381 -0.2536 0.3065 0.0640 0.1535 0.3562 
-76.1118 -14.2273 1.2194 -0.6600 1.0704 0.0459 0.2075 0.2011 -0.1986 0.3329 0.2255 0.1364 0.3911 
-85.6345 -15.3301 1.4622 -0.8004 1.1179 -0.0738 0.1199 0.1620 -0.5057 -0.2302 -0.2356 -0.3839 0.1055 
-92.6065 -13.4184 3.4759 -0.4312 0.9870 -0.4025 0.0930 0.5712 -0.0800 0.0357 0.1566 -0.1758 0.2358 
-97.1056 -9.4107 5.2494 -1.2602 0.2325 -0.6396 -0.0132 0.3546 -0.3579 -0.1514 0.2288 -0.2853 0.1125 
-100.0996 -5.8752 4.3292 -2.3828 1.3635 0.0718 0.0392 0.8908 0.1023 -0.1586 0.3534 -0.2384 0.0974 
nan nan nan nan nan nan nan nan nan nan nan nan nan 
-98.4411 0.0193 0.5905 0.1546 0.2419 -0.3083 -0.0490 -0.0027 0.2085 -0.6934 0.8364 -0.0565 0.5271 
-96.6979 -1.1850 0.3041 -0.1783 -0.2464 0.8934 -0.2932 0.5120 0.4882 -0.0077 -1.2608 -0.4831 0.2707 
-94.3386 -0.6973 -0.3662 0.4559 0.5987 0.7265 1.2627 1.3080 0.2564 -0.8914 -0.5001 -0.0846 0.1582 
-91.7819 -0.1917 -0.9511 -0.7659 -0.1125 0.0364 -0.1562 -0.0301 0.5016 0.5534 1.2489 1.3323 0.6266 
-90.5596 -0.2814 0.0874 -0.5604 -0.5347 0.5578 0.0700 0.6699 0.4778 0.4048 -0.2722 -0.2351 -0.0939 
-86.4367 -1.5666 0.3823 0.6682 0.4817 -0.5560 -0.8720 -0.6580 0.4689 1.4624 1.3418 0.6504 0.0039 
nan nan nan nan nan nan nan nan nan nan nan nan nan 
nan nan nan nan nan nan nan nan nan nan nan nan nan 
-80.4710 0.2348 -0.0387 0.9782 0.0771 0.0150 0.6068 0.3628 0.1245 -0.1011 -0.4408 -0.7021 -0.6135 
nan nan nan nan nan nan nan nan nan nan nan nan nan 
nan nan nan nan nan nan nan nan nan nan nan nan nan 
-71.8429 0.0556 1.2826 -0.7292 -1.3750 0.2915 1.2709 -0.0081 -0.9097 -0.4449 0.3257 0.2683 0.1401 
nan nan nan nan nan nan nan nan nan nan nan nan nan 
-66.5100 -1.5865 -1.5594 -0.7841 -0.7031 -0.6036 -0.5550 -0.3061 -0.7677 -0.4869 -0.7713 -0.9250 -0.6610 
nan nan nan nan nan nan nan nan nan nan nan nan nan 
-61.5853 -1.6654 -1.6589 -1.2414 -1.2133 0.4989 -0.4100 -0.8624 -0.1716 0.3569 -1.0302 -0.5859 -0.3986 
-59.4281 -1.0630 -1.3189 -1.2607 -0.3129 0.0217 0.0377 0.0380 -0.3228 -0.4545 -0.5611 -0.7012 -0.8816 
nan nan nan nan nan nan nan nan nan nan nan nan nan 
-54.0769 -1.7617 0.2306 -0.1346 -0.2249 0.8002 -0.3452 0.3852 1.2142 1.1451 -0.5902 -0.1720 0.2583 
-51.8525 -0.4218 0.8149 0.5348 -0.8389 0.0479 1.2206 0.9818 -1.4646 -0.4943 1.1561 0.7202 -0.2721 
nan nan nan nan nan nan nan nan nan nan nan nan nan 
-45.5823 -0.2316 -0.1481 0.0735 0.2554 0.4482 0.7399 -0.6960 -0.3275 -0.3598 -0.8744 -0.0782 -0.0326 
-44.6375 -2.2144 -0.3251 0.7357 0.2880 -0.4855 -0.5595 -0.8065 -1.0002 -0.5801 -0.3999 -0.1687 -0.5599 
nan nan nan nan nan nan nan nan nan nan nan nan nan 
nan nan nan nan nan nan nan nan nan nan nan nan nan 
-35.3506 -0.6960 -1.3810 -0.4406 -0.4040 0.2482 0.3235 0.3826 -0.0849 0.5216 -0.5401 -0.3707 -0.5035 
nan nan nan nan nan nan nan nan nan nan nan nan nan 
-29.5258 0.2104 -0.6044 -0.3589 -0.1480 0.1588 0.3080 -0.1211 -0.1725 0.2019 -0.2254 0.2502 -0.5908 
-27.0947 -0.6917 0.2438 -0.0451 -0.2820 -0.9506 -0.3674 0.0951 -0.9176 -0.7599 0.4208 0.7009 0.3235 
-25.0170 -0.4420 0.4048 -0.0014 -1.0179 0.6401 -0.8555 -0.9677 0.2028 0.9240 -0.5758 0.3466 0.8956 
-22.0861 -1.3712 -1.0367 -0.5592 -0.6593 0.0259 -0.5548 0.4215 0.2638 0.6827 0.3649 0.4937 0.7051 
-20.8750 -1.1533 1.3007 -1.3179 -1.6734 -0.0597 0.1016 -0.2760 -0.4572 -0.0672 0.6477 0.3522 -0.9998 
-18.0164 -0.5804 -0.4921 -0.1011 1.1542 -0.4396 0.0316 -0.8591 0.2219 0.2561 0.0694 -0.7150 -0.1468 
-15.1239 -0.6273 -1.3799 -0.2377 -0.7121 -0.4938 -0.9472 -0.2235 -0.4526 -0.4516 -0.0248 -0.6235 0.1101 
-12.4510 -0.0264 -0.1021 0.1333 1.0760 0.5060 0.4353 -0.3514 -0.7434 -0.4667 -1.2845 0.6861 0.5671 
-9.9827 -0.6541 0.2849 0.7480 0.0130 1.3437 -0.0570 -0.7009 -0.0911 0.0568 0.0669 -0.4168 1.0846 
nan nan nan nan nan nan nan nan nan nan nan nan nan 
-5.3810 0.0123 -0.4890 0.3190 0.2107 -0.7695 -0.0212 -0.7761 0.9655 -0.3838 0.5942 -0.1509 -0.1403 
-1.1230 -0.3426 0.3254 -0.6688 -0.0910 0.2319 0.0714 0.4450 -0.1786 0.4159 0.2510 0.3956 0.0074 
-0.7103 -0.7703 0.4536 0.9064 -0.0051 -0.8106 -0.6847 0.0057 0.6509 1.9860 0.5190 0.6554 -0.4030 
3.8116 0.5486 1.2714 -0.1340 -0.2933 -0.0133 -0.1373 0.5381 0.1441 -1.0529 -0.1705 1.2375 -1.3240 
