nan nan nan nan nan nan nan nan nan nan nan nan nan 
nan nan nan nan nan nan nan nan nan nan nan nan nan 
nan nan nan nan nan nan nan nan nan nan nan nan nan 
nan nan nan nan nan nan nan nan nan nan nan nan nan 
8.2574 -2.1420 1.0738 0.7295 -0.8680 -0.4661 -0.7589 -0.2818 0.4402 0.1275 -0.1290 -0.3887 -0.0463 
15.3713 -0.3502 1.8382 -1.7456 -1.4038 0.8121 0.1513 0.3204 0.9821 -0.4390 -0.9194 0.1571 -0.0212 
11.6827 -1.5445 0.6881 -0.7630 -0.2779 0.9069 0.9527 0.4442 -1.0005 -0.1978 -0.2473 -0.2302 -0.1199 
nan nan nan nan nan nan nan nan nan nan nan nan nan 
nan nan nan nan nan nan nan nan nan nan nan nan nan 
nan nan nan nan nan nan nan nan nan nan nan nan nan 
14.0387 1.1271 -1.2402 -1.6066 -1.6204 -0.2468 -0.0970 -1.3346 0.1222 -0.3751 -0.2455 -0.2235 0.1671 
14.5301 0.3069 0.9511 -1.1565 -1.6013 -0.3806 0.9210 0.3644 -0.2599 -1.0882 -1.3009 -0.2546 0.8492 
14.0248 -0.7304 -0.6321 -1.5724 -1.4953 -0.5429 0.6327 -0.9670 -1.5516 -1.0042 -1.0087 -0.7755 0.0336 
13.7212 -0.4228 -0.2264 -2.0297 -2.3556 0.3356 -0.1243 -0.4110 -0.3662 -0.2997 -0.0412 -0.5076 -0.2634 
13.2923 -1.6750 0.9214 -1.2312 -0.8711 -0.5829 -1.3963 -1.1126 -0.5216 -0.7033 -0.6668 -0.4693 -0.1562 
15.2240 -0.7479 -0.1458 -0.7844 -0.3410 -0.0771 -0.4098 -0.2884 -0.5254 -0.3518 0.1370 0.2647 -0.0604 
13.1679 -0.0320 0.0230 -0.7824 -1.3027 0.5783 -0.9601 -1.0693 -0.6784 -0.1070 0.2183 -0.6195 0.2008 
13.9677 -1.8005 0.7937 -0.0799 -1.4496 0.4387 0.3291 -0.1647 0.1597 -0.1250 0.4760 -0.5842 -0.0165 
14.3134 -2.1826 0.4056 -1.0873 -0.8926 -0.4380 -1.1537 -0.5171 -0.0836 -0.5475 -1.2949 -0.6592 0.7132 
14.0649 -1.3863 1.6753 0.1908 -0.1166 -0.4018 -1.9279 -1.4749 -0.0446 -0.1228 0.4043 -0.5018 -0.3148 
15.0598 0.1406 0.4443 -0.7621 -0.5529 -1.0484 -1.2822 -0.7287 -0.4764 0.3855 0.2122 -0.6872 0.1253 
14.3825 -0.9228 1.0569 1.1227 0.2913 1.4121 0.1970 0.1323 -1.8017 -1.2108 -1.8854 -0.4771 0.7391 
15.6546 -0.9759 0.1256 -0.0869 -0.6644 -0.3628 -0.3184 0.5983 0.3685 -0.5548 -0.1213 0.5320 -0.4558 
17.3363 -1.3144 -0.8283 -1.3936 0.0049 0.4278 -0.6692 0.3568 -0.0375 -0.5822 0.1044 -0.5870 -0.2424 
22.9029 -1.8946 -2.5018 -1.1146 -0.8085 0.4343 -0.0902 -1.0584 -0.8239 -0.7601 -0.7111 -0.5993 0.0011 
32.7186 -0.8085 -5.9781 -1.1723 -2.7924 0.1147 -0.7907 0.1755 0.0275 -0.0826 -1.3375 0.0806 -0.4815 
32.6918 -1.6161 -5.2263 -0.4137 -2.6274 -1.0732 -0.5530 1.4604 1.9607 0.6594 -1.6805 0.4630 0.3738 
32.0520 0.0304 -4.5942 -0.1732 -3.1275 -0.9881 -0.0333 0.3671 1.8581 1.0011 -1.9074 -0.4051 1.2750 
31.7871 -1.0730 -5.8616 -0.9221 -2.6348 -1.0748 -0.8023 0.5075 1.9324 2.0492 -0.5194 0.3660 1.8446 
30.9791 -0.7605 -5.6312 -0.9875 -2.2122 -1.3818 -1.5262 -0.1090 1.1647 1.4024 -0.4795 -0.8798 0.6463 
31.6221 -0.0404 -4.8591 -0.1228 -2.2884 -0.5533 -1.4516 0.0522 1.0202 1.5437 -0.6632 -0.8999 0.8190 
32.2316 -0.2316 -4.1123 -0.3984 -2.0848 -0.4562 -0.7801 0.4696 1.7022 1.6645 -0.7697 -0.5239 1.4464 
33.0553 -2.4710 -3.0932 -1.3540 -2.8032 -1.1579 -1.2667 0.2803 1.2610 1.3783 -1.1485 -0.6478 1.4573 
33.1964 -3.6376 -1.9092 -1.6064 -2.6546 -1.5841 -0.2646 -0.5491 1.7387 1.2932 -1.3321 -0.6998 1.7375 
32.6642 -4.2856 -1.4303 -0.8236 -2.3334 -1.8789 0.6339 0.4509 2.4096 1.3093 -1.4643 -0.5927 2.0686 
32.4847 -3.6749 -1.3012 -0.4240 -1.8843 -0.8062 0.7675 0.5410 2.1145 1.1446 -1.8946 -0.7812 1.7113 
31.9543 -2.6260 -2.6017 -0.5590 -3.5646 -0.4479 0.3962 0.7487 1.8345 1.3567 -1.6855 -0.0036 1.4681 
31.4256 -2.5186 -1.5870 -1.6953 -3.7954 -0.8120 0.9468 0.7347 1.9700 0.7022 -1.4040 0.2831 1.1349 
29.0652 -1.1528 -1.7814 -1.5315 -4.1127 -0.2343 0.6485 1.5300 1.6979 0.2556 -1.6471 0.2973 0.7224 
26.4927 -1.6060 -1.6647 -1.1076 -3.6985 -1.2023 0.1513 2.3573 1.5097 -0.3919 -2.5023 -0.3424 1.0641 
24.1484 -1.5541 -2.1004 -1.4146 -3.0548 -0.2485 1.4775 0.6446 1.7547 0.5572 -2.1853 -0.4466 0.8011 
21.9976 -0.2177 -1.6542 -2.1886 -2.4846 -1.0438 -0.5253 0.0678 0.5520 -0.7146 -1.4024 -0.6132 0.5875 
20.9799 -0.8059 -1.1983 -0.2070 -1.5340 -0.3380 0.1546 -0.0735 0.3972 -0.6306 -1.1666 -0.1956 0.3853 
21.4020 -0.6275 -1.5805 -0.7926 -1.7632 -0.4794 -0.0053 1.0056 1.2671 -0.3363 -1.2854 -0.0462 0.1541 
18.9498 -0.9896 -1.4471 -1.8836 -2.7048 -0.5288 0.8083 -0.0847 1.1885 -0.1654 -0.5149 -0.0811 0.5773 
16.8894 -0.5395 0.3587 -2.3017 -1.5527 0.1981 -1.0013 0.4676 1.0486 -0.7459 -0.5145 -0.1679 0.6105 
13.8412 -0.7656 0.9079 -1.6722 -1.8546 0.1485 -1.1130 -0.0981 -0.0433 -0.0662 -0.0596 -0.0360 -0.2137 
2.5554 -2.4511 1.0254 -1.1857 -1.6325 0.2208 -0.6775 -0.0798 -0.2222 0.0912 -0.0072 0.0748 0.0127 
-8.7385 -4.1856 1.0915 -0.8405 -1.5888 0.0529 -0.5957 -0.1091 -0.4627 0.1202 0.0527 0.0660 0.0236 
-19.9022 -5.8094 1.4076 -0.4156 -1.4545 -0.0714 -0.4911 -0.0622 -0.6316 0.1295 0.2075 0.1044 0.0386 
-30.9026 -7.5149 1.9499 -0.0707 -1.1887 -0.2568 -0.3205 -0.0247 -0.7437 0.0384 0.4462 0.1810 0.0830 
-41.6603 -9.2469 2.5099 0.1677 -0.7777 -0.4504 -0.2149 0.0142 -0.7882 -0.1261 0.5978 0.2109 0.1386 
-51.8662 -10.6258 2.9605 0.2283 -0.3080 -0.4999 -0.0136 0.4721 -0.3879 -0.2481 0.3357 -0.1618 0.0920 
-61.8514 -11.9447 3.1824 0.0093 0.0706 -0.3826 0.2658 0.9889 0.0445 -0.2842 0.1715 -0.5616 -0.1853 
-72.1849 -13.8138 3.0363 -0.2058 0.7344 0.0630 0.2435 0.5990 -0.4512 -0.7266 0.3313 -0.0240 0.8192 
-77.6036 -10.5214 4.8000 -0.8818 0.0782 -0.2741 -0.0513 0.4347 -0.0575 -0.5129 0.4358 -0.1319 0.0448 
-84.7428 -9.3959 5.2869 -1.6876 0.1023 0.1321 -0.1688 0.1548 0.2058 -0.5606 0.3860 0.0100 -0.1813 
-92.1453 -8.9355 5.3784 -2.2009 0.1138 0.2630 -0.1930 -0.1387 0.3251 -0.4860 0.1986 -0.0645 -0.2330 
nan nan nan nan nan nan nan nan nan nan nan nan nan 
nan nan nan nan nan nan nan nan nan nan nan nan nan 
-100.6867 -2.0005 2.2954 0.0254 2.2486 -0.5197 0.6231 -0.6803 0.0720 0.7918 0.6574 0.9922 0.3720 
nan nan nan nan nan nan nan nan nan nan nan nan nan 
nan nan nan nan nan nan nan nan nan nan nan nan nan 
nan nan nan nan nan nan nan nan nan nan nan nan nan 
nan nan nan nan nan nan nan nan nan nan nan nan nan 
nan nan nan nan nan nan nan nan nan nan nan nan nan 
nan nan nan nan nan nan nan nan nan nan nan nan nan 
-inf -inf -inf -inf -inf -inf -inf -inf -inf nan nan nan nan 
nan nan nan nan nan nan nan nan nan nan nan nan nan 
-inf -inf -inf -inf -inf -inf -inf -inf -inf nan nan nan nan 
nan nan nan nan nan nan nan nan nan nan nan nan nan 
nan nan nan nan nan nan nan nan nan nan nan nan nan 
-inf -inf -inf -inf -inf -inf -inf -inf -inf nan nan nan nan 
nan nan nan nan nan nan nan nan nan nan nan nan nan 
nan nan nan nan nan nan nan nan nan nan nan nan nan 
nan nan nan nan nan nan nan nan nan nan nan nan nan 
-58.6984 0.5253 1.2563 0.4572 0.2785 -0.2509 0.5030 -0.1330 0.0129 -0.3554 -0.3733 0.1891 0.5253 
nan nan nan nan nan nan nan nan nan nan nan nan nan 
-inf -inf -inf -inf -inf -inf -inf -inf -inf nan nan nan nan 
nan nan nan nan nan nan nan nan nan nan nan nan nan 
nan nan nan nan nan nan nan nan nan nan nan nan nan 
nan nan nan nan nan nan nan nan nan nan nan nan nan 
nan nan nan nan nan nan nan nan nan nan nan nan nan 
nan nan nan nan nan nan nan nan nan nan nan nan nan 
nan nan nan nan nan nan nan nan nan nan nan nan nan 
nan nan nan nan nan nan nan nan nan nan nan nan nan 
nan nan nan nan nan nan nan nan nan nan nan nan nan 
nan nan nan nan nan nan nan nan nan nan nan nan nan 
nan nan nan nan nan nan nan nan nan nan nan nan nan 
nan nan nan nan nan nan nan nan nan nan nan nan nan 
nan nan nan nan nan nan nan nan nan nan nan nan nan 
nan nan nan nan nan nan nan nan nan nan nan nan nan 
