nan nan nan nan nan nan nan nan nan nan nan nan nan 
nan nan nan nan nan nan nan nan nan nan nan nan nan 
nan nan nan nan nan nan nan nan nan nan nan nan nan 
nan nan nan nan nan nan nan nan nan nan nan nan nan 
nan nan nan nan nan nan nan nan nan nan nan nan nan 
21.6289 -2.2117 -2.9797 0.8559 -1.3163 -0.1292 0.4641 0.8345 -0.1898 -0.2205 -0.3106 -0.2023 -0.0306 
24.0839 1.2224 -2.9923 0.9642 -0.2604 -1.5921 0.0900 -0.2484 -0.8114 -0.6123 -0.0451 -0.2190 0.0993 
22.8256 1.7071 -1.3247 0.9635 -0.7515 -1.1984 0.2604 -0.3458 -0.2812 -0.0504 -0.3860 -0.1194 0.0267 
21.4883 1.9720 -1.7836 -0.8587 0.0534 -1.5622 -0.2975 0.6244 -0.6592 -0.6856 0.5287 0.2594 -0.0392 
19.2654 -1.7538 -2.1138 -0.6157 -0.6612 -1.4702 -0.6752 0.3831 0.2326 0.0938 -0.5243 -0.1430 -0.4494 
21.9800 -0.8474 -0.2961 -0.8553 -1.2036 -0.7675 -0.7631 -0.4293 -0.9020 -0.5619 -0.0429 -0.3761 -0.1593 
22.9195 1.6849 -1.5431 -1.2126 -0.8804 0.2409 -0.0573 -0.5502 -0.4179 -0.2941 -0.2850 -0.3646 -0.2614 
22.6034 -0.2569 -1.7571 -1.0110 -0.6957 0.5943 0.3773 -1.2366 -0.5714 -0.9364 -0.2055 -0.4753 -0.0929 
21.3955 -0.3868 -0.2367 -0.5128 -0.7770 -0.3293 -0.0012 0.0089 -0.5564 0.5333 -0.1390 -0.0941 0.5855 
24.0558 1.2180 -0.7081 -0.2688 -2.0903 -1.0460 -0.4742 -1.3936 -1.0536 -0.3181 -0.2074 -0.0858 -0.1186 
24.7506 0.4595 -0.9201 0.0898 -1.7612 -1.2594 -0.2187 0.4344 -0.8208 -0.5602 -0.3758 -0.3305 0.2249 
25.1013 0.4225 -2.1844 -0.1978 -1.3098 -2.4537 -0.6732 -0.3131 -0.9840 -0.4181 -0.0568 -0.5916 -0.1504 
22.4483 0.0554 -0.0786 -0.1490 -0.6933 -0.2974 -0.9990 -0.1867 -0.1247 -0.4888 0.0878 -0.0262 -0.1906 
24.3337 0.4769 -2.0006 -0.2506 -1.5291 -0.8686 -0.2681 -0.4836 -0.4115 0.2832 0.4763 -0.0227 0.0020 
22.0629 -0.0677 -0.4999 -0.7826 -0.2797 1.1538 -0.2055 0.3270 -0.6739 -0.5295 -0.7390 -0.3432 0.3077 
21.8150 -0.8267 -0.7294 -1.4997 -1.8126 -0.2358 -0.5445 -0.5182 -1.1156 -0.6838 -0.1024 -0.9821 -0.2498 
23.5427 0.3038 -0.4600 -1.5661 -0.8432 -0.6758 -0.7572 -0.7140 -0.3548 0.0364 -0.4275 -0.1713 -0.4071 
22.8699 0.0170 -0.9779 -0.4521 -0.8551 0.7573 0.0708 -0.4892 -0.3622 -0.8422 -0.6080 -0.6184 -0.3562 
22.8603 1.1875 -0.3838 -1.0365 -0.5754 -0.5967 -0.0990 -0.1494 -0.7286 -0.5502 0.2548 -0.5036 -0.3208 
25.4961 0.5147 -2.1086 -1.1506 -0.9727 -0.1213 0.3071 0.0260 -0.1973 0.3144 0.1053 -0.5357 0.3796 
33.6191 -2.1628 -4.2911 -0.6831 -1.8686 0.0943 -0.4882 1.3746 1.0057 -0.1881 -0.0976 0.3602 0.0487 
31.9138 -2.0565 -4.7010 0.0216 -2.7612 -1.1938 -1.2739 1.0068 1.4726 -0.3274 -2.7036 -0.0241 0.1104 
32.6628 -2.0771 -3.3722 0.4681 -1.9276 -1.1045 -0.7131 0.8215 2.0238 0.7893 -2.1218 0.0059 1.2839 
32.9203 -3.0389 -3.0780 0.4172 -2.2764 -0.0043 -0.1122 1.0708 1.8453 1.0544 -2.2945 0.1639 0.8245 
33.3634 -5.4217 -3.1562 -0.8783 -2.8369 -0.3270 -0.5075 1.3736 1.9068 1.6415 -1.9512 0.7136 0.8849 
34.9331 -5.1404 -1.1651 -0.8667 -2.4873 -0.6639 -0.1866 0.8960 1.5743 0.9482 -2.2678 0.5691 1.2013 
34.9028 -4.9329 -1.4416 -0.3088 -2.5920 -0.4430 0.4153 0.2319 1.9792 0.0559 -1.9018 0.2575 0.6185 
34.2076 -3.7875 -2.0162 0.5599 -2.6650 0.3179 0.2316 0.4610 1.7458 -0.2168 -1.6977 0.8332 0.1461 
32.6493 -3.2581 -1.8811 -0.1856 -3.1441 -1.2419 -0.4752 1.1861 1.7103 -1.9023 -1.6515 1.1034 -0.2073 
31.5548 -2.0865 -1.9523 -0.6265 -2.3242 0.1021 0.3598 1.8863 -1.0844 -2.9097 -0.0247 -0.5450 0.2531 
29.6566 -2.3446 -1.6086 -2.1558 -2.9935 0.7364 1.7072 1.0972 -0.7318 -1.7135 0.4458 0.5461 -0.1184 
26.6104 -0.5124 -1.6298 -2.1286 -2.8359 -1.1161 1.5921 -0.3370 -0.5886 -1.3537 0.0046 0.4427 0.0395 
25.5732 -0.8405 -1.3647 -1.6396 -0.9495 0.1552 -0.1640 -0.4839 0.3672 -0.6740 -0.1583 0.5129 -0.5059 
24.7558 0.4177 0.1717 -1.4892 -1.7723 -0.3976 -0.5392 0.5990 -0.2889 -1.0946 -0.2912 0.7649 -0.7331 
23.9478 0.9793 0.4545 -0.6897 -1.4388 -0.0672 -0.7339 0.2459 -0.9794 -0.6393 0.0343 -0.3018 -0.1360 
22.2294 -0.4771 0.0203 -0.1453 -2.6862 -0.7389 -1.0653 -1.0682 0.0377 -0.4499 -0.9389 0.0202 0.4058 
21.9438 -0.4433 -0.1779 -0.5359 -1.7304 -0.4771 -0.0723 -0.4051 -0.2325 0.3666 0.6566 0.7236 0.1514 
23.2417 -0.3610 1.6939 -0.3328 -1.4697 -0.6975 -0.3477 0.1486 -0.0425 -0.5636 -0.6974 0.2444 0.1701 
22.6187 -0.2800 0.1437 -0.6800 -0.4358 -0.3846 0.2014 -0.3670 -0.6149 -0.1908 -0.4987 0.0605 0.2394 
21.0812 -0.7356 -0.3429 -1.1750 -1.4378 -0.4539 -0.4082 -0.6224 -0.5617 -0.2145 -0.3803 -0.4126 0.1502 
21.3512 -0.0741 -0.2544 -0.4626 -1.3900 -0.4994 -0.4085 0.6640 -0.3836 -0.0011 -0.2136 -0.0617 0.0379 
21.2008 -0.1895 -0.1532 -1.5843 -1.5364 -0.3880 0.0368 -0.4334 -0.5607 -0.1478 -0.6682 0.4348 -0.2548 
22.8138 1.8523 -0.5543 -0.2787 -0.6624 0.3229 0.6231 -0.2304 -0.6682 -0.8518 -0.3606 -0.1728 0.1427 
22.3947 -0.6666 -1.4331 -1.3314 -0.3964 -0.8420 -1.0300 -0.1406 -0.1068 0.1749 0.0420 0.3687 0.1985 
22.8337 -0.3698 0.2304 0.1435 -0.3607 -0.6553 -1.1044 0.1369 -0.2158 -0.6883 -0.5750 -0.1949 0.5645 
20.6987 0.2432 -0.9584 -2.0822 -0.5491 0.0681 -0.7125 -0.2741 0.2548 -1.1838 -0.6342 -0.6320 0.8051 
23.0181 0.5959 -0.7997 -1.0706 -0.0352 0.0599 -0.4688 -0.9632 -0.1821 -0.0307 -0.9273 0.0479 0.3620 
21.2005 -0.6736 -1.3171 -2.4616 -1.8024 -0.5230 -1.1541 -1.1118 -1.0220 -1.1311 -0.6495 -0.8443 0.1700 
20.3277 -0.4671 1.3319 -0.6275 -0.7008 -0.7093 -1.7000 -0.4267 -0.6919 -0.2328 0.1107 0.1557 0.3447 
21.7005 -1.4145 0.2973 -2.3482 -1.8004 -0.4119 0.1981 -0.7784 0.2424 -0.1072 -0.0665 0.5477 -0.1224 
22.1252 0.4506 1.5390 -1.0970 -0.0051 -0.5478 0.4432 0.0778 -0.9352 -0.4688 -0.6099 -0.3773 0.4058 
22.7328 0.7445 0.4224 -0.1879 -0.5143 -1.0340 -2.0140 0.0711 -0.0513 -0.1083 -0.1156 -0.1972 -0.5353 
22.5661 0.3611 -0.4564 -1.9661 -1.1494 0.5813 -0.9095 -0.3490 -0.2600 -0.5591 -0.5153 -0.1694 0.3467 
22.8614 0.5519 -1.9222 -0.3049 -0.3170 -0.4580 -0.7793 -0.2348 0.0138 0.7766 -0.0288 -0.5823 0.2062 
22.5449 0.0276 -0.0692 -1.4397 -1.4754 -0.5659 -1.1153 -0.4565 0.2143 -0.5431 -0.1942 -0.2293 0.4221 
21.2283 1.5764 -0.8794 -1.8976 -0.6162 0.5805 -1.3757 -0.0524 0.1680 -1.0336 -0.5385 -0.7926 0.3321 
21.0283 -0.4106 -0.2864 -0.9264 -0.4943 0.8601 0.1542 -0.4545 -0.7107 -0.7050 -0.9039 0.2304 0.4414 
21.7969 -0.3970 -0.9880 -0.5828 -1.1489 -0.0259 -0.2563 -0.1810 -0.6681 -0.5603 0.0321 -0.8066 -0.1200 
21.8570 1.8498 -0.0830 -1.4894 -0.6532 -0.0774 -0.4641 0.5430 -0.8031 -0.4790 -0.2509 -0.0906 -0.3887 
23.6671 0.1473 -1.3201 -1.1231 -0.2192 -0.6403 -0.8232 -0.5459 0.0426 -0.0545 -0.3894 -0.7346 0.1594 
22.3074 1.0660 -1.1296 -0.4222 -0.3778 -0.6815 -1.2889 0.2948 0.2523 0.1903 -1.1502 -0.4056 0.1764 
21.4181 -0.3832 -0.5930 0.3015 0.1173 -0.6477 -0.5485 -0.1511 -0.1532 -0.9385 -0.4115 -0.1306 -0.1350 
23.8326 1.1746 -0.5881 -0.6832 -0.4598 -0.9859 -0.4709 0.2864 -0.7331 -0.7896 0.2265 -0.3674 -0.3568 
21.9273 -0.5812 -1.0983 -1.1214 1.2889 -0.7763 -1.2098 -0.5792 -0.0438 0.5098 -0.3818 -0.1261 0.3920 
23.4903 1.0618 -1.6180 -0.3846 -0.5487 -0.2337 -0.7534 0.2906 -0.5668 0.0579 -0.0405 0.0542 -0.2046 
20.4001 -0.7725 -1.7170 -1.1423 0.1796 -0.2375 -0.0656 0.2302 -0.8710 -0.0035 -0.3888 -0.2219 0.2039 
21.7544 0.6164 0.3261 -0.7733 -1.0164 0.0388 -0.5567 -0.2065 -0.6009 -0.1672 -1.2614 0.0401 0.1841 
20.2123 -0.8546 0.3393 -0.8755 -0.0063 0.5584 -0.4020 -0.4202 -0.7103 -0.3346 -0.5137 0.1096 -0.5565 
21.4661 0.2724 -0.7528 -0.9974 -1.1958 -1.3552 -0.4436 0.5457 0.2825 0.2513 0.3425 0.4086 0.1485 
14.7134 -0.1195 -0.1243 -1.3388 -1.9590 -0.3415 0.3263 0.0902 -0.1542 -0.6226 0.3600 0.2427 -0.7016 
1.9192 -2.1513 -0.9121 -1.0034 -1.4430 -0.4557 -0.2473 0.4436 -0.0768 0.2698 0.7267 0.5563 -0.2551 
-9.0507 -3.4902 -0.6511 -1.1783 -0.9000 -0.8145 -0.7561 0.3178 -0.3906 0.1175 0.3822 0.4786 -0.2008 
-19.3149 -4.5966 -0.1678 -1.4205 -0.3442 -0.8784 -0.8429 0.2930 -0.4357 -0.2119 0.0830 0.2107 -0.1964 
-29.3466 -5.8376 0.2563 -1.5391 0.0616 -0.7419 -0.7609 0.3452 -0.2543 -0.3212 0.0890 0.0794 -0.0663 
-39.3118 -7.2104 0.5725 -1.6298 0.3024 -0.6099 -0.6673 0.3290 -0.0816 -0.3573 0.1368 0.0022 0.0600 
-49.2353 -8.6183 0.8527 -1.6973 0.4704 -0.4872 -0.5746 0.2688 0.0611 -0.3715 0.1682 -0.0247 0.1440 
-59.0286 -9.9186 1.2133 -1.6754 0.6466 -0.3410 -0.4713 0.1781 0.1669 -0.3975 0.1488 -0.0704 0.1009 
-68.5950 -10.9863 1.7443 -1.5117 0.8800 -0.1489 -0.3306 0.0992 0.2897 -0.3629 0.1362 -0.1513 -0.1065 
-77.9125 -11.7908 2.4746 -1.2024 1.1303 -0.0165 -0.2644 -0.0513 0.4011 -0.2094 0.2406 -0.1404 -0.2943 
-86.8367 -12.1810 3.4387 -0.8488 1.1960 -0.1711 -0.4274 -0.3605 0.4182 -0.0495 0.3185 -0.1313 -0.3918 
-94.9699 -11.8873 4.4417 -0.7248 1.1719 0.0599 0.2718 0.0258 0.3357 -0.6244 -0.4548 -0.5326 -0.3414 
-98.5344 -7.8919 5.0936 -1.8541 0.5505 -0.3188 0.1286 -0.0735 0.6834 0.1434 0.2122 0.0888 0.4571 
-99.3370 -4.8648 2.2860 -2.0817 0.7343 -1.6740 -0.3395 -1.0615 -0.8327 -0.6143 -0.2699 -0.6666 -0.2804 
-98.6031 -1.1811 1.0166 -1.1314 1.1478 -0.6804 0.9262 -0.5265 -0.5324 -0.6100 -0.1787 -0.8459 -0.6893 
-97.6402 -1.4499 -0.3883 0.4483 0.6291 0.0204 0.8245 0.7186 0.4748 -0.6810 0.0061 -0.3582 0.0287 
nan nan nan nan nan nan nan nan nan nan nan nan nan 
-92.5620 -1.0465 -0.5331 -0.4891 0.2593 -0.2796 0.5382 0.0752 -0.0588 -0.0283 -0.3171 0.0320 -0.2826 
-90.0150 -1.2395 -0.7732 -0.2791 -0.6575 0.2048 1.1784 0.3677 -1.1522 -0.4868 -0.3526 0.0075 -0.5586 
nan nan nan nan nan nan nan nan nan nan nan nan nan 
-85.0961 -1.0454 -0.0790 0.5175 -0.5527 -0.6956 0.6424 -0.0186 -0.5292 0.3757 0.3540 -0.1873 -0.7660 
-83.4091 -1.0666 -1.5662 0.3065 -0.3450 0.2716 -0.1292 -0.5320 -0.5149 0.6913 0.3430 0.9482 0.3837 
-79.9859 -1.0110 -0.5220 0.0265 -0.1796 -0.6019 -0.2532 -0.0656 -0.1226 -0.4131 0.5264 0.6777 -0.1123 
-76.7161 -1.1990 -0.4350 -0.0122 0.3102 -0.6381 -0.2969 0.4162 0.0240 0.2161 -0.4509 -0.5192 -0.4160 
-75.0063 -0.7174 -0.0255 0.2524 0.8517 -0.7853 -1.0231 0.2580 0.1694 0.5718 0.1595 -0.6585 -0.2440 
-72.7366 -0.3001 0.0985 0.5348 -0.9044 0.3207 0.5655 0.1058 0.2345 -0.1392 -0.5513 0.3323 0.8900 
-69.6337 -0.7142 -0.7175 0.6111 0.6581 0.2396 -0.0729 -0.9098 -1.0236 -0.1671 -0.2824 0.1000 -0.3022 
-66.5794 -0.0461 0.3886 1.4163 0.7499 -0.7525 -0.8457 -0.5607 0.7705 0.6453 0.3255 -0.6929 -0.3447 
-64.9723 -1.5795 -1.4407 0.7927 0.0471 -0.5353 0.8243 0.3798 0.3839 0.1092 0.3884 -0.2040 0.3247 
nan nan nan nan nan nan nan nan nan nan nan nan nan 
-60.4695 -1.4219 0.0146 0.3032 -0.0502 -0.8964 0.2127 -0.6586 -0.5396 0.9394 0.0676 -0.2530 -0.6708 
-58.0019 -1.0746 -0.2265 0.8283 -0.2499 -0.7704 -0.2434 -0.3192 -0.1361 -0.0884 -0.1287 0.2292 -0.3943 
-54.4870 -0.0678 -0.9490 -0.0111 0.7207 -0.5351 -1.2686 -0.0010 -0.5584 0.8814 0.4660 -0.0338 0.1120 
nan nan nan nan nan nan nan nan nan nan nan nan nan 
-49.0980 -0.3207 -0.8405 0.5214 -0.4979 -0.2379 -0.0857 0.1783 -0.6267 -0.4499 -0.1377 -0.6225 -0.3019 
-46.4758 -0.1966 -0.2915 0.4424 -0.5643 0.2428 0.8861 0.3685 -0.3534 0.7693 0.7644 0.2090 0.0058 
-42.8063 0.6472 -0.5628 0.1866 0.1249 -0.0426 -0.0249 0.0686 -0.2053 -0.8180 0.2944 0.3178 -0.2367 
nan nan nan nan nan nan nan nan nan nan nan nan nan 
-37.6661 0.1400 0.1340 0.7933 -0.6676 -0.1820 0.2881 -0.0749 -0.5016 0.5374 0.7180 0.7715 0.0844 
-36.9930 -0.0520 1.6952 -0.1415 -1.8555 0.0788 2.0668 -0.8201 -1.9891 -0.8212 0.1533 -0.4086 -0.4810 
nan nan nan nan nan nan nan nan nan nan nan nan nan 
-29.4925 0.2426 -0.4773 0.1302 0.5947 -0.1040 -0.1530 -0.3602 -0.5321 -0.5847 -0.3016 -0.2567 0.4882 
-27.2517 -0.5048 -0.1207 1.3949 0.5012 -0.6296 -1.1458 -0.2249 0.0938 0.3738 0.5386 -0.6840 -0.6197 
-25.6223 -0.0337 -0.2409 0.1022 -0.2429 -0.5064 0.5040 -0.6713 -0.3379 -1.3959 0.8064 0.1306 0.9451 
-23.0201 -0.3970 -0.9480 1.0389 0.7054 -0.0970 0.4504 0.2058 0.2147 -0.0825 -0.0244 -0.3455 0.1014 
-20.4306 -0.3048 0.0624 0.2897 -0.0298 -0.7656 0.4968 0.5691 -0.5922 -0.2913 0.2038 0.1273 0.6063 
nan nan nan nan nan nan nan nan nan nan nan nan nan 
-14.4825 0.2087 -0.9887 0.1324 0.4271 -1.1463 0.0937 -0.7871 -0.7471 -0.2772 -0.5302 0.0695 0.2286 
nan nan nan nan nan nan nan nan nan nan nan nan nan 
-11.3733 -1.8969 0.1135 0.9913 0.3696 -1.2155 -0.7306 -0.9568 0.8667 1.4580 -0.1981 -0.8504 -0.4047 
-7.2901 -0.7611 0.5096 -0.2152 -0.9301 -1.1387 0.8920 0.8081 -0.6400 -0.6231 0.9515 0.7905 0.0630 
-2.8006 0.4467 -0.1447 -0.5594 0.4289 -0.8075 0.0437 -0.3634 0.2924 0.0869 0.3695 -0.2425 -0.2729 
nan nan nan nan nan nan nan nan nan nan nan nan nan 
1.4183 0.0209 0.0375 -0.0176 0.3246 -0.7791 -0.6931 0.1250 0.3412 -1.2334 0.1740 0.0796 0.4359 
nan nan nan nan nan nan nan nan nan nan nan nan nan 
6.8824 0.1325 -0.1631 0.0482 -0.6838 -0.3716 -0.6601 0.4046 -0.2841 -0.2286 -0.9522 0.0518 0.2407 
10.6500 0.1848 -0.6525 0.0453 0.3485 0.2004 0.1931 -0.2920 -0.2605 0.0340 0.0438 -0.0937 0.1325 
10.8358 -0.5681 0.4789 0.8993 0.7558 -0.1662 -0.2490 -1.2280 -0.5400 0.6483 0.4573 0.5400 -0.6071 
nan nan nan nan nan nan nan nan nan nan nan nan nan 
15.6405 0.6577 0.1834 0.6169 -1.3418 0.5172 0.2988 -0.1510 -0.0682 0.1951 0.1721 -0.7006 0.2458 
nan nan nan nan nan nan nan nan nan nan nan nan nan 
21.6013 -0.1321 0.3402 -0.5788 0.6292 0.4923 0.7052 -0.2661 -0.0256 0.0207 -0.5696 0.3382 -0.0113 
23.8997 -0.3851 -0.4534 -1.2261 -0.7136 0.6182 -0.0200 0.3645 -0.3733 -0.3555 -0.1670 0.0643 -1.3068 
nan nan nan nan nan nan nan nan nan nan nan nan nan 
nan nan nan nan nan nan nan nan nan nan nan nan nan 
33.0184 -0.1511 0.1306 0.7722 0.3272 -0.5539 -0.2197 0.4238 -0.0545 0.1114 -0.1479 -0.7054 0.0279 
nan nan nan nan nan nan nan nan nan nan nan nan nan 
nan nan nan nan nan nan nan nan nan nan nan nan nan 
40.2357 -0.9780 0.9809 0.1622 -0.4537 -1.3703 -1.0864 0.0706 0.4184 -0.2653 -0.5158 -1.2051 0.0959 
43.4622 0.1919 0.7433 0.3302 0.1724 -1.1097 -0.2944 0.9606 0.6855 -0.1640 -0.7255 -0.2731 1.4258 
nan nan nan nan nan nan nan nan nan nan nan nan nan 
48.8773 -1.5600 -0.5346 0.2647 -0.5065 -0.6749 -0.0149 0.4784 0.2858 -0.9928 -0.8217 -0.0091 0.8889 
nan nan nan nan nan nan nan nan nan nan nan nan nan 
nan nan nan nan nan nan nan nan nan nan nan nan nan 
