16.6424 -0.3230 1.4708 -0.2026 -1.7207 0.0817 -0.4330 -0.3301 0.0088 -0.5782 -0.7394 0.0416 0.3998 
16.4457 -0.6542 0.5194 -0.8972 -1.2777 -0.7951 -0.1651 0.6114 -0.1161 -0.8082 -0.5613 -0.4223 0.4642 
17.9454 -0.5251 1.8488 -0.6742 -2.5209 -1.0735 -0.3771 0.1668 -0.1024 0.0085 -0.8222 -0.3429 0.4732 
17.8791 -1.3129 0.8413 -0.6829 -1.8531 -0.3429 -0.7660 -0.2207 -0.4992 -0.5453 -0.8490 -0.1961 0.4126 
17.8676 -2.5783 0.2555 -0.7236 -1.4494 0.0694 -0.6427 0.5417 0.0839 -0.0175 0.4459 0.9586 0.7491 
17.9144 -0.9094 0.9327 -1.3850 -1.1669 -0.0372 -0.8675 0.3534 -0.3278 -0.5083 0.3894 0.0285 0.1907 
17.8956 -0.8259 0.2389 -0.1322 -1.1876 -0.7168 -0.4736 -0.4276 -0.9455 -0.4968 -1.0991 -0.6360 0.2601 
19.5808 0.0604 1.0331 -0.8837 -1.0045 -0.4554 -0.5484 -0.8323 -0.2735 0.2178 -0.0406 -0.8724 0.1866 
18.7129 -0.4679 0.5776 -0.6441 -0.8822 0.0589 -0.3765 0.1246 -0.2645 -0.0803 0.1348 -0.7708 -0.0497 
18.9744 -0.1551 0.5008 -1.4676 -1.3831 -0.3540 -0.2871 0.1480 0.2510 -0.7612 -0.4781 -0.3522 -0.2212 
18.6524 0.8329 0.4889 -1.0276 -1.4230 -0.8848 -0.0443 -0.5724 -0.2816 -0.5010 -0.6609 -0.1032 0.1731 
18.7716 0.4511 1.3555 -1.1275 -0.9444 -0.6004 -0.3897 0.0830 -0.4138 -0.2176 -0.3479 -0.8806 0.2658 
18.7001 0.3844 -0.5529 -1.2840 -0.8755 -0.2953 -0.2874 -0.7018 -0.7752 -0.0309 -0.4838 -0.4295 0.0749 
18.5293 -1.3664 1.3500 -0.5172 -1.8503 -1.0814 -0.2190 -0.3379 -0.5550 -0.3994 -0.3693 -0.3688 -0.2560 
19.0499 0.7384 1.6439 -1.1018 -1.7842 -0.8127 -0.3599 -0.1490 0.4670 -0.6256 -0.5545 0.0622 0.0894 
17.6839 -0.9653 1.2162 -0.8441 0.4402 0.2692 -0.9535 -0.2880 0.2138 0.0702 0.2070 0.0722 0.2498 
17.1635 -1.2909 -0.6992 -0.0026 0.5341 0.3719 -0.3172 -1.0077 -0.2925 -0.2900 -0.2753 -0.4612 0.1719 
17.4877 -0.9823 -0.4103 -1.8906 -0.9170 -0.5436 -0.0954 -0.7394 0.0735 -0.2732 0.6194 -0.0131 -0.3281 
18.5971 -0.6206 -0.5392 -1.0691 -0.5637 0.4327 0.2322 -0.8737 0.2404 0.0040 -0.1242 0.3696 0.2534 
19.3108 -0.1819 0.1137 -1.1334 -1.3065 -0.2377 -1.7204 -0.9221 0.6502 -0.2065 -0.3599 -0.2873 -0.1950 
18.5584 -0.7192 0.4583 -0.2146 0.7604 -0.3647 -0.4948 -1.4094 -0.7690 -0.0431 0.3389 -0.3418 -0.0716 
18.9509 -1.8100 0.3439 -0.4388 -0.9816 -0.6954 -1.2996 -0.5365 -0.2434 -0.3855 -0.0110 -0.2950 0.0896 
18.8182 -1.3450 0.4133 -1.0973 -1.0087 -0.4793 -0.2710 -0.4183 -0.0511 0.3437 -0.5758 -0.5915 -0.2273 
18.5730 0.3036 1.3465 -1.0732 -1.7027 -0.2518 -0.8977 -0.3319 -0.5273 -0.8205 0.5571 0.3058 -0.3910 
18.8717 -0.0122 0.7626 -1.5097 -0.9431 -0.6141 0.4962 -0.6029 -0.3245 -0.6239 -0.0895 -0.4178 -0.2607 
19.3779 0.0376 0.7504 0.2929 -1.1223 -1.0990 -0.2506 -0.1314 0.2872 -0.3948 -0.1771 -0.3078 -0.0644 
18.8343 -1.8557 -0.1703 -1.0544 -0.9698 0.5869 -0.8702 0.8496 0.7471 0.1711 -0.0914 -0.2141 0.1052 
18.6878 0.7181 1.6275 -0.3380 -0.7313 -0.9395 -1.0518 -0.5058 0.1671 -0.0454 -0.4521 -0.4874 -0.0385 
19.5245 0.4412 -0.2950 -0.0787 -1.1406 -0.9776 -1.0919 -0.9917 -0.2940 -0.4382 -0.3450 -0.7896 -0.3308 
20.3903 0.2206 -0.1671 -1.2779 0.3621 0.2214 -0.7234 -1.4214 0.1529 -0.3439 -0.7172 0.2790 -0.0232 
19.5855 -1.8323 -0.6071 -1.4198 -0.7312 1.3399 0.1815 -0.3489 0.0833 0.3897 -0.5493 -0.0932 0.4948 
20.5238 1.0466 0.1749 -0.7566 -1.0161 -0.7374 -0.4130 -0.2284 -0.1783 0.1641 -0.3814 -0.4170 0.0898 
18.0845 -0.2380 2.0482 -0.1593 -1.7286 -1.6368 -0.6344 0.0201 0.2954 -0.4970 -1.1832 -0.0945 0.9477 
19.2418 0.2086 1.0255 -0.4264 -0.1658 -0.6223 -0.1283 -0.0471 0.0947 -0.8765 -0.9823 0.2477 0.2339 
18.7612 -1.2025 0.8520 -1.2796 -1.3412 -1.2549 0.1135 0.8662 0.3271 -0.3994 0.8478 0.5295 0.0292 
19.0351 -0.3983 1.6044 0.3138 -0.9339 -1.4456 -1.3857 0.3850 0.0764 -0.7958 0.3363 -0.1752 -0.1617 
19.7170 -2.0670 1.2040 -1.2590 -1.3746 -0.0369 -0.5387 -0.5036 -1.2497 0.3427 -0.4976 -0.6334 -0.2631 
20.5994 -1.7998 2.3930 -1.3621 -0.2624 -0.3094 -1.3000 -0.7829 -0.8061 0.3882 -0.2439 0.0957 -0.1680 
19.9667 -1.9670 1.0984 -1.5240 -0.5978 0.5558 -1.0451 0.1929 -0.2383 0.5628 -0.0831 -0.2507 -0.1436 
19.8498 -0.5069 0.6817 -0.3876 -1.4372 -0.8191 -0.5650 -0.0103 0.2911 -0.0871 0.2578 -0.4298 -0.5294 
18.9850 -0.2314 -0.5157 -0.2799 -1.4398 -0.7309 -0.0535 -0.3059 -0.6023 -0.2064 -0.0621 0.4231 -0.0079 
19.6875 0.2934 0.8944 -0.9134 -1.0548 0.3521 -0.8790 -0.1719 -0.1821 -0.8514 0.2309 -0.0349 -0.5768 
17.9070 -2.0120 -0.1433 -2.5478 -0.3774 -0.0248 1.1859 1.5097 0.7951 -0.2163 -0.5150 -0.7125 -0.9494 
19.3682 -0.1821 1.0207 -0.8310 -0.0494 -0.0069 -1.3355 0.1597 0.1234 -0.7504 -0.1527 -0.2774 0.0557 
18.1844 -1.6057 0.0718 -1.3768 -1.5305 -0.7310 -0.5234 -1.1765 0.0200 -0.5082 -0.9755 -0.6792 -0.2725 
18.5889 -0.6422 0.6161 -1.5493 -1.2025 0.8345 -1.2944 0.2627 0.1556 0.0335 -0.3141 -0.2157 0.0758 
19.4919 -0.7919 -0.1423 -0.4770 -1.0104 -0.0748 -0.1112 -0.1217 0.3273 -0.1793 -0.1369 -0.1771 -0.4927 
19.1987 -0.0212 0.1083 -2.0434 -0.9261 -0.7902 -0.3493 -0.6509 -0.1607 -0.7683 -0.5420 0.4627 -0.0918 
19.5299 -0.9071 0.4208 -0.4572 -0.3940 -0.0386 -0.4232 -0.2828 -0.5645 -0.3541 -0.6081 0.0069 0.0607 
19.8581 -0.5877 -0.3541 -1.1218 -1.2173 -0.2701 -0.7777 0.5035 -0.2403 -0.2266 -0.1765 -0.7636 0.1759 
18.9853 -0.7852 0.8925 -0.4590 -1.5188 -0.0244 0.3882 0.4364 0.1123 -0.2559 -0.1349 -0.1751 0.0171 
18.6865 -0.8892 1.0024 1.2989 0.4387 -0.6808 -1.8688 -0.4947 0.5747 0.3543 0.2580 -0.6669 -0.5228 
18.4385 -0.6462 0.3117 -0.6332 0.9053 -0.4959 0.0066 -0.4052 -0.4184 -0.4213 -0.3287 -0.5220 0.2317 
19.7446 -0.1048 1.1061 -1.1305 -1.0083 -0.8056 -0.8112 -0.3303 -0.0155 -0.4728 0.3085 -0.4336 0.1431 
19.7744 -0.1094 0.3052 -0.4657 -1.5831 -0.6400 0.4233 -0.6410 -0.6148 -0.5844 -0.9619 -0.2943 0.2409 
18.5165 -0.9781 0.4579 -1.2306 -1.4060 -0.1284 -1.6084 0.0166 0.1345 -0.0587 -0.0833 -0.2644 0.1508 
18.7608 -0.1009 0.8023 -0.4692 0.0088 -0.3492 -1.1586 -0.1452 -0.2409 0.8564 -0.2431 0.0321 0.1086 
18.9909 0.5140 0.2817 -1.2864 -0.8126 1.1604 -0.6227 0.1533 -0.0278 -0.1538 -0.7238 0.3228 0.1280 
19.8867 0.9457 0.6017 -1.3006 -0.6810 0.3588 -0.6717 -0.2660 -0.0607 -0.6029 -0.1795 0.2893 -0.6345 
18.8920 -0.3848 1.1613 -1.1617 -0.6712 -1.2623 -0.8467 0.4867 1.0747 -0.9766 -0.9114 0.0854 0.5316 
18.6502 -0.9140 0.9757 -1.5543 -1.0782 0.7692 -0.1326 0.4544 0.4509 0.0288 -0.3191 -0.5884 -0.4986 
18.5373 -2.2133 1.3928 -0.0629 -1.5014 -0.3347 -0.8907 -0.2442 0.1422 -0.4854 -0.2829 -0.0906 0.1282 
18.7983 -0.1826 0.4525 -1.0644 -0.7563 -0.3913 -0.1645 -1.0862 -0.0518 -0.6457 -0.6011 -0.1297 -0.2650 
18.0480 -0.7075 0.4786 -2.5097 -1.1593 -1.1498 -1.2852 -0.9686 -0.6497 -1.0759 -0.9086 -0.7072 0.4089 
18.8573 0.3746 1.7822 -1.5071 -1.2301 0.3698 0.1005 -0.1917 -0.8005 -0.8576 -0.2441 -0.2642 0.0968 
18.6534 -0.3064 -0.0315 -1.0072 -1.2597 -0.7969 -1.3848 -0.4425 -0.5761 -0.8706 0.2111 -0.8790 -0.1531 
19.1868 -0.2028 0.6257 -0.5152 -1.2400 0.5594 -0.6281 -0.0289 0.1409 -0.4567 -1.1861 -0.3124 0.6437 
19.5600 -1.6156 -0.4595 -0.1009 -1.7803 -1.2740 -0.5206 -0.0782 -0.4247 -1.1665 -0.4682 -0.2622 0.1002 
18.6974 -0.6593 0.7435 0.3776 -0.9767 -0.1070 -0.0880 -0.7363 -1.2020 -0.8491 -0.3508 -0.1662 0.1809 
18.2458 0.3552 1.4530 -1.5428 -1.8208 -1.4386 -0.2943 -0.2421 -0.3985 -0.6136 -0.5802 -0.4386 -0.0816 
19.1004 -0.0055 0.1947 -1.3042 -1.5037 -0.2772 -0.5492 -0.0329 -0.5628 -0.1430 -0.7802 -0.4939 0.0378 
18.8103 -0.8366 -0.0091 -1.1201 -0.9003 -1.6574 -1.4225 -0.3905 0.1107 -0.5483 -0.4443 -0.5687 0.1054 
19.9471 0.8079 0.2458 -2.3115 -1.2695 0.4620 -0.8546 -0.1981 -0.3408 -0.0094 -0.4986 -0.2433 -0.0925 
18.5791 -1.0368 0.4959 -1.5792 -1.6306 -0.7963 -1.5070 -0.5520 -0.8694 -0.6771 -0.3352 -0.4823 -0.1389 
19.6167 -1.1435 0.2834 -1.1930 -1.5802 -0.3657 -0.2975 -0.4009 -0.2500 -0.1728 -0.3153 -0.7830 -0.5094 
19.7739 0.1144 0.6447 -1.3496 -1.1423 -0.3833 -0.2885 -0.7562 -0.0044 -0.4477 -0.7546 -0.1652 -0.1911 
18.6604 -1.0370 -0.3091 -0.6492 -1.4668 -1.6931 -1.1461 -0.4146 -0.9200 -0.9789 -0.5369 -0.6250 0.1585 
17.9924 -0.4082 0.7389 -0.1438 -0.8409 -0.7343 -0.4451 0.2160 0.4655 0.4056 -0.5373 -0.2964 0.4284 
17.4980 -2.2617 0.8043 -0.2761 -1.6947 -0.3868 -0.3630 0.3354 -0.3551 0.2908 0.9766 0.6275 0.2831 
19.3754 0.3858 -0.2196 -1.5044 -1.7379 0.0853 0.1919 -0.0035 0.0009 -0.5969 -0.0599 -0.1988 0.0615 
19.3634 0.4241 0.7656 -0.8887 -1.6008 -0.5433 -0.3267 0.5637 0.3522 -0.7282 0.1527 -0.4262 -0.2247 
18.8894 -0.3126 -0.0481 -1.5560 -0.4764 0.0824 0.0797 0.0046 0.7041 -0.1951 0.0792 -0.2761 0.2059 
19.5711 -0.9687 1.7327 -0.2637 -1.3606 0.3862 0.2110 -0.6500 -0.0772 0.0555 -0.3610 -0.2364 0.2420 
18.4314 -1.6542 0.2671 -0.5297 -0.6680 -0.0599 0.9716 0.1053 0.4697 -0.6890 -0.2557 0.4220 0.0505 
19.3570 -0.7088 -0.6891 0.8115 -0.8753 0.3682 -1.4044 -0.2690 0.4534 -0.0016 -0.0535 -0.3706 -0.0778 
17.6308 -2.3435 -1.5861 -1.0857 -0.0663 -0.1761 0.8429 0.2030 1.0600 -0.7857 -0.8227 -0.3807 -0.5252 
18.2826 -0.5252 0.0218 -0.5590 -1.5368 -0.4990 -0.5083 -0.8540 -0.2071 1.1148 -0.2165 -0.5118 -0.2856 
19.5717 -0.6302 1.0228 0.1931 -1.8705 0.1741 -0.1383 -0.2714 -0.8048 -0.3182 0.1988 -0.2961 -0.1848 
18.1212 -0.7870 -0.5980 -1.7574 -1.3579 -0.9753 -0.2429 -0.1266 0.3659 -1.1262 -0.5208 -0.3677 0.1078 
19.2675 -1.3643 0.3827 -0.3409 -0.7086 0.3903 -0.5768 -0.8383 -0.1445 -0.0832 0.0302 -0.1813 0.1083 
18.7821 -1.2386 -0.3595 -1.2244 -0.7980 -0.2519 -0.2385 -0.1207 0.3041 0.4115 0.4814 -0.4020 0.1871 
18.7984 -0.0911 0.5667 -0.7980 -1.1604 -0.5310 -0.8687 -0.0174 0.0241 -0.3986 -0.0563 0.0703 -0.2158 
19.0900 -2.5481 0.0508 -1.1168 -1.2329 -1.1390 -0.8585 -0.2632 0.1402 -0.7950 -0.6826 -1.1040 -0.4753 
19.2927 -0.3336 0.0753 -0.9981 0.1224 -1.3529 -0.4812 -0.9547 -0.4632 0.1401 0.3492 -0.4819 -0.2740 
24.8159 1.9733 -1.2012 -1.2549 -0.9634 -0.1537 0.4005 0.0266 0.2521 -0.0943 0.4062 -0.1295 0.0077 
34.3842 -0.4576 -5.7374 -1.1337 -2.3009 -0.2435 -0.0867 1.0465 -0.0722 -0.9065 0.6005 -0.2119 0.0181 
34.7889 -0.7560 -5.3807 -0.9923 -1.9678 -0.3765 -1.0386 1.6531 1.5741 0.0356 -0.0332 -0.0691 0.1974 
34.4675 -1.1376 -3.7481 -0.5422 -1.4652 -1.6268 -0.5235 1.6923 2.8616 0.0996 -1.6437 -0.1608 1.0687 
34.2090 -1.1661 -4.4357 -2.1646 -1.9913 -0.6720 -0.0213 0.2008 2.5620 1.0627 -1.2390 -0.1499 1.6971 
34.1675 -0.3515 -4.2124 -1.2226 -0.7915 -1.6612 -0.1745 0.0383 2.0314 0.9902 -1.1260 -0.5589 0.9061 
34.4536 -0.7695 -3.9121 -0.8069 -0.9697 -1.2068 -0.4005 -0.0541 2.1836 1.2463 -0.7622 -0.3804 0.9002 
33.1247 -0.3624 -4.1739 -2.2890 -1.1282 -1.4500 -1.3650 -0.6725 1.8456 0.7877 -1.1204 -0.3294 0.5766 
34.4516 -0.3497 -4.1967 -0.7531 -1.5467 -0.6547 -0.9559 -0.1898 1.4420 1.3730 -0.5023 -0.8243 0.6831 
34.6722 -0.6377 -4.0839 -1.3309 -1.6593 -0.7276 -0.7830 -0.0872 1.6926 1.5970 -0.6866 -0.5953 1.2204 
34.4342 -1.4768 -4.6156 -1.7111 -2.6582 -1.4667 -1.6472 -0.4773 0.8012 0.9212 -0.9471 -1.1657 0.6010 
34.8724 -0.9918 -4.3821 -1.2069 -2.5550 -1.1347 -1.6862 -0.0555 0.8902 0.7769 -0.7720 -1.2304 0.8663 
35.2214 -1.5192 -4.5020 -1.0993 -3.0852 -0.9028 -1.6237 0.4197 1.0256 1.0885 0.1483 -0.9403 1.2124 
36.1690 -1.7785 -3.3026 -0.9895 -2.8575 -0.5701 -1.4188 0.4881 1.0247 1.3060 -0.0708 -0.8874 1.0321 
36.5026 -2.7610 -2.8874 -1.8726 -2.4366 -1.3424 -1.0176 0.0462 1.2140 1.3634 0.0969 -0.7345 0.9761 
37.0047 -3.5560 -2.4971 -2.2278 -2.6454 -1.8384 -1.0214 -0.1417 0.8252 0.9421 -0.2090 -1.0560 0.6834 
37.6589 -3.7578 -1.5617 -2.2537 -1.9855 -1.8028 -0.5586 -0.0428 1.1748 1.1658 -0.1439 -0.8616 0.6382 
37.2716 -3.8115 -1.3860 -2.5065 -2.3876 -2.1578 -0.5078 -0.2065 1.0005 0.8762 -0.3360 -1.0020 0.6162 
36.8683 -3.2093 -1.2570 -1.8063 -2.2703 -1.7093 -0.2861 0.6697 1.5443 1.4330 0.1474 -0.6105 1.2327 
36.6725 -2.7527 -1.1947 -1.3077 -2.6597 -1.3844 -0.3907 0.7540 1.4002 1.2621 0.0684 -0.7617 1.1524 
35.5656 -3.3248 -2.0910 -2.3314 -3.4003 -1.9779 -0.8906 0.4180 1.2045 1.0264 0.1856 -0.7179 1.3481 
35.0626 -2.8976 -2.1362 -2.5932 -3.2610 -2.0055 -0.8717 0.3258 1.2086 0.9712 -0.0359 -0.7639 1.2944 
34.5391 -2.0608 -1.8590 -2.4367 -2.8883 -1.8169 -0.5563 0.4732 1.5780 0.9459 -0.2640 -0.7012 1.4403 
33.6508 -1.2397 -2.0463 -2.7629 -2.3034 -2.1913 -0.5168 0.6761 1.6442 0.5866 -0.2230 -0.7196 1.4648 
32.0736 -0.5006 -2.6696 -2.6756 -2.5986 -1.6564 -0.0371 0.3856 2.6877 1.2111 -0.2314 0.1676 2.1799 
31.8005 -1.0344 -2.0289 -2.3916 -2.5914 -2.2959 0.0931 0.6461 1.6399 0.8322 -0.8831 -0.3007 1.7468 
29.9734 -1.7915 -2.1038 -3.1414 -3.2512 -1.4240 -0.8203 0.2546 0.5888 -0.1387 -0.4402 -1.2226 0.5674 
28.3955 -1.4477 -1.9934 -1.1736 -2.0736 -0.3223 0.0462 -0.0405 0.5657 0.6811 -0.5665 -0.6704 0.7982 
28.8905 -0.6598 -2.8231 -1.4114 -2.7327 -1.8304 0.2114 -0.8757 0.3769 -0.0600 -1.1813 -1.1419 0.5171 
28.5295 0.2791 -1.7166 -1.1262 -3.2503 -1.4329 -0.0407 -0.0045 0.5226 0.3863 -1.0903 -0.9361 0.9532 
27.6860 -0.0125 -0.9289 -1.6600 -3.1409 -1.5530 0.0014 -0.2989 0.2499 0.2962 -0.6660 -0.9885 0.2465 
26.7783 0.4680 -1.1933 -1.2302 -2.3047 -1.4574 0.1116 -0.4734 0.4559 0.2091 -0.4902 -0.6865 0.2380 
25.6503 0.3171 -1.1887 -0.9062 -1.8398 -1.1058 0.1921 -0.0758 0.5820 0.5912 -0.1597 -1.1011 -0.2332 
24.1552 0.5057 -1.6273 -1.8214 -2.2418 -0.6637 -0.6277 0.5673 1.2247 1.0183 -0.3971 -0.6735 1.1886 
23.7611 -0.1290 -0.8016 -1.4392 -1.1352 -0.6149 -0.2805 0.4293 1.8964 0.5878 -1.2068 -0.9916 0.3217 
22.8241 -0.3319 -0.2380 -0.8735 -2.4450 -1.2929 -0.0268 -0.0393 -0.0034 -0.0820 -0.5868 -0.7903 0.1493 
22.1042 0.3644 -0.1008 -0.3328 -2.4297 -0.9962 -0.5907 0.0330 0.2047 0.1625 -0.7821 -0.4096 0.4103 
20.3047 0.4157 1.4817 -0.5057 -2.7530 -0.1387 0.2944 -0.5758 -0.3240 0.5737 -0.3456 -0.5083 0.0299 
18.6738 -0.4014 0.7952 0.0972 -2.0918 0.0016 -0.3269 -1.7480 0.0796 1.0220 -0.6282 -0.3841 0.6785 
21.1688 -0.6253 -0.6053 -1.0460 -1.9861 -0.2263 0.0431 -0.5375 -0.1921 -0.5116 -0.1161 -0.8502 0.3681 
19.7736 -0.6170 0.3969 0.0934 -1.1772 -0.6790 -0.9227 -0.1182 0.3969 -0.3256 -1.5394 -0.7823 0.5624 
19.4734 -0.6906 1.1245 -0.5173 -0.6096 -0.7513 -0.0730 0.0424 -0.9232 -0.7731 -0.3677 -0.3705 -0.3381 
19.4919 -1.7218 -0.5806 -0.8699 -1.5574 -0.9349 -0.2903 -0.1526 0.1273 0.7338 -0.0634 0.0059 0.5967 
18.2188 -2.6573 -0.8909 -0.3072 -0.3738 0.7503 -0.6323 -0.1114 0.0159 0.2036 0.2167 0.3886 0.9801 
18.6965 -0.4033 0.4544 -0.4025 -0.9829 -0.2563 -0.8984 -1.3606 0.2419 -0.9856 0.0971 -0.0757 0.0919 
20.3341 0.6965 -0.0812 -1.3096 -1.0844 -0.6658 -0.8722 -0.5046 -0.0996 -0.4599 -0.5959 0.0834 -0.1927 
18.9024 -0.0536 0.5123 -1.3978 -1.3060 -0.9274 -0.8223 -1.2962 -0.2157 -0.5530 -0.7322 -0.5812 0.0526 
18.4479 0.6180 2.0001 -1.5145 -0.2530 -0.6643 -0.2566 -0.3630 -0.3927 -0.6310 -0.0684 -0.2315 -0.3638 
18.2938 0.5595 0.9830 -1.0215 -0.8095 -0.1255 -0.3471 -0.5849 -0.4330 -0.2127 -0.8360 0.1305 0.1457 
17.8100 1.2314 0.7260 -0.6885 -0.5801 -0.1796 -1.2901 -1.0220 0.1917 -0.9431 -0.2675 -0.1208 -0.0280 
18.6688 0.4014 1.5319 -0.6215 -1.4566 0.3886 -1.4977 -0.2196 -0.3807 -0.3527 -0.5175 -0.0185 0.0136 
18.3328 0.5563 0.1080 -1.4488 -2.1726 -0.5594 -1.7398 -0.6291 0.1642 -0.5160 -0.9180 -0.1608 -0.2905 
19.2984 0.6018 0.1002 -2.4345 -0.3498 -0.1270 -0.7918 -0.3312 -0.0885 0.0797 -0.1893 -0.6738 0.0202 
18.5331 -1.6603 -0.4626 -1.6966 -1.2323 -1.3496 -1.1948 -0.4534 -0.1849 -0.4275 -0.1015 -0.9125 -0.5966 
18.5555 -0.5428 0.7693 -2.3722 -1.0415 -1.6802 -1.2630 -0.4143 -0.1947 0.2291 -0.9855 -0.5797 -0.0462 
19.1018 -0.5980 0.0807 -1.0968 -0.5740 -0.0608 0.0773 -0.5312 -0.0639 -0.7374 -0.5776 -0.2543 -0.1786 
18.5585 -1.7081 -0.4404 -0.9428 -0.9919 -0.0347 0.0076 -0.5697 0.1287 -0.2230 -0.0052 -0.3917 0.1322 
18.0306 -1.2589 -0.3842 -1.0557 -1.0894 -1.3248 0.2610 -0.4183 0.8987 0.6017 -0.5897 -0.0117 0.4405 
17.5573 -0.6246 0.2016 -1.5788 -2.5179 -0.7868 0.2709 -0.4735 0.1667 0.2922 -0.2869 -0.3214 -0.0220 
17.2832 -1.2942 0.6498 -1.4784 0.6056 -0.1830 -0.9665 -0.2903 0.1875 -0.4399 0.2873 0.3159 0.1820 
16.7089 -2.0798 -0.2443 -1.2025 -0.3142 -0.3606 -0.3999 0.2321 0.9358 -0.0794 -0.1834 -0.1561 0.4902 
18.8331 0.3882 1.0050 -0.7735 -1.1963 0.2006 -0.8512 -0.4893 -0.3049 -0.4393 0.4304 -0.0024 -0.0524 
17.7944 0.3620 -1.1349 -1.3696 -0.5041 -0.8066 -0.8708 -0.2036 0.1139 -0.0618 0.9480 -0.1130 0.7290 
18.9410 -0.4519 0.6429 -1.1149 -1.4571 -0.5453 -0.0465 -0.5572 -0.1969 -0.6119 -0.3697 -0.3274 0.3278 
18.7365 -0.8843 0.7402 -0.3483 -0.5647 -1.0256 -0.5875 0.4549 0.2420 0.3008 -0.3954 -0.5433 0.1956 
19.0043 -0.7488 -0.2171 -1.6556 -0.7823 0.0632 -0.5302 -0.3103 0.4300 0.1000 -0.1925 -0.2135 -0.0037 
17.6476 -0.5298 0.6307 -1.1381 -2.1093 -1.3268 -0.4581 -0.4152 0.5571 -0.9211 -0.9972 -0.3379 0.4110 
17.6550 -1.2688 0.9283 -0.4866 -1.2378 0.1176 -0.6421 0.2404 -0.3851 -1.0524 -1.1559 -0.2622 0.5005 
17.5288 -0.3411 0.6221 -1.1785 -1.0835 0.0299 -1.0949 -0.0312 -0.5096 -0.6391 -0.5070 -0.3279 0.2440 
17.9164 -0.9921 -1.2594 -1.9566 -1.5380 -0.0398 -1.9176 -0.5563 -1.1341 -0.8897 -0.6760 -0.7933 -0.5212 
17.9640 1.1152 0.8300 -0.5704 -1.5080 -0.3332 -0.5667 -0.0139 -0.1908 -1.3294 -0.2026 0.3670 0.1145 
18.1133 -0.5720 -0.1094 -0.7153 -1.2199 -0.7805 -0.7509 -1.1409 -0.5051 -0.0742 -0.2214 -0.5469 -0.0480 
17.4394 0.3335 0.5617 -0.8219 -1.8082 -1.2147 -1.1995 0.1666 -0.3587 -0.9531 -1.0824 -0.3625 0.2697 
17.5026 0.4462 0.9722 0.1030 -0.8129 -0.8141 -0.5183 -0.7898 0.0664 -0.7293 -0.6850 0.2568 0.3620 
18.6364 -0.5233 0.6153 -0.4464 -2.0513 -1.0105 -0.5265 -0.0968 -0.2487 -0.7826 -0.7964 -0.5831 0.4383 
17.9708 -0.0965 0.8406 -0.9683 -0.6107 -0.0112 -1.2054 -1.0030 -0.2001 -0.0606 -0.3111 -0.2642 0.2824 
17.7961 -0.1424 0.4688 -0.6393 -0.9035 -0.6303 0.1739 -1.4569 -0.5646 0.2971 -0.3658 -0.1651 -0.1681 
17.7579 -0.4137 -0.2599 -1.0075 -0.8097 -0.5537 -0.5517 -0.0668 -0.9419 -0.7376 -1.1205 -0.9389 0.7818 
17.2158 -0.3856 0.3297 -1.0239 -2.4128 -0.9921 -0.9888 0.4884 -1.0498 -0.7605 -1.1681 -0.5925 0.1956 
17.9726 -0.6482 0.3039 -0.3303 -0.3742 0.2197 -0.3194 -0.4690 -0.6418 -0.1433 -0.9195 -0.4664 0.7650 
17.4316 -1.0291 0.4634 -1.4165 -1.3263 0.2555 -0.8974 -0.3689 0.1883 0.2314 -0.4581 -0.5251 0.3350 
18.0161 0.2336 0.3579 -1.2136 -0.6741 -0.2254 -0.6222 -0.0551 0.1200 -0.4356 -0.4136 0.3731 0.0427 
17.6886 -0.3008 0.8234 -1.5055 -0.6269 -1.1669 -0.4267 -0.2041 -0.3262 -0.7081 -0.5396 0.1564 0.2922 
17.8535 0.1803 0.7768 -1.7086 -0.7382 0.7992 -0.9722 -0.5005 0.1207 -0.3042 -0.6373 -0.3277 -0.0732 
17.9585 -1.6843 -0.2761 -0.6815 -1.0087 -1.3974 -0.7059 0.8549 -0.2932 -0.1283 -0.3074 -0.0826 0.3976 
17.4692 -1.0116 0.6947 -0.3121 -0.2740 -0.4049 -0.7705 0.1854 0.5544 -0.5728 -0.3770 -0.3275 -0.3667 
17.4488 0.2234 -0.2624 -1.0161 -1.1833 -0.6842 -1.8270 -0.4127 0.2272 0.0407 -0.5055 0.1411 0.3029 
17.1715 -1.0959 0.8416 -1.2761 -0.1904 0.0423 -1.5760 -1.1596 -1.1216 -0.4264 0.1734 -0.1637 -0.1995 
18.5400 0.5365 0.4114 -1.0285 -1.0262 -0.0708 -1.2009 -0.9286 -0.2727 -0.1229 -0.4161 0.2988 -0.1234 
17.4774 -0.8301 0.5042 -1.2488 -2.1069 -0.3550 -0.2622 -0.7427 -1.0721 -1.0945 -1.0756 -0.5381 0.1949 
17.4826 -0.1321 0.4713 -1.1466 -0.6912 1.0669 -0.7142 -0.4709 0.0893 -1.2865 -0.8111 -0.7276 0.6087 
