nan nan nan nan nan nan nan nan nan nan nan nan nan 
nan nan nan nan nan nan nan nan nan nan nan nan nan 
nan nan nan nan nan nan nan nan nan nan nan nan nan 
nan nan nan nan nan nan nan nan nan nan nan nan nan 
nan nan nan nan nan nan nan nan nan nan nan nan nan 
20.1399 0.8706 -2.7830 -2.2070 0.0162 0.1825 -0.3444 -0.6281 0.0381 0.0855 0.5209 -0.0210 0.4690 
22.6570 1.9213 -0.4731 -2.1865 -0.7561 0.4127 0.4461 -1.2252 -0.8608 -0.2408 0.0858 -0.3079 -0.0182 
23.7599 -0.7469 2.4678 -2.7235 0.8415 -0.6061 0.6652 -1.5536 -0.2230 0.0817 -0.0278 -0.3559 -0.2203 
22.4734 -0.7119 2.2743 -2.7390 -0.1704 -1.0401 0.7022 -0.6839 -1.1186 -0.0664 -0.0583 0.5792 -0.0411 
20.1799 -2.2157 -0.3409 -2.9157 -0.0468 -1.1646 -0.1196 -0.5834 -0.9461 -0.3293 -0.1836 0.2322 0.0903 
22.2809 -1.3514 -0.0393 -1.3609 0.2033 -1.2914 -0.9046 -0.7177 -0.4393 -0.6093 -0.3194 -0.2561 -0.4244 
22.3875 0.9062 0.5208 -1.0201 -1.1319 -1.0390 -0.2483 -0.7038 0.2311 0.2011 -0.3732 -0.5080 -0.1709 
22.9758 -0.8157 -0.5093 -0.8759 -1.4416 -0.5867 -0.2517 -0.7492 0.5534 0.3093 -0.4828 -0.6639 -0.7498 
22.0039 -0.8739 -0.1279 0.0223 -0.4971 -0.3858 -0.3533 -0.4258 0.1151 0.0012 0.0980 0.1577 -0.3184 
23.6775 0.3983 0.4359 -1.0519 -0.6800 -0.4261 -1.4271 -1.6256 -0.4396 -0.6033 -0.3716 -0.5579 -0.5932 
25.1882 -0.4827 0.1275 -0.7649 -1.0670 0.1412 -1.1332 -1.1363 -0.4573 -0.1600 -0.2037 0.3495 -0.2436 
24.8566 -0.1480 -0.2377 -1.7532 -1.7104 0.2572 -1.1836 -1.3715 -1.2900 -0.8984 -0.1002 0.0856 -0.5470 
25.4088 -3.5193 1.4360 -0.1469 -1.0758 0.3673 -0.3298 -1.4789 0.8615 -0.9089 -0.6405 0.3434 -0.3341 
25.6157 -1.6500 0.7753 -1.4045 -1.3965 0.1876 -0.6269 -1.4836 0.0905 -0.2756 -0.1301 -0.1611 -0.0761 
22.8220 -0.6874 0.1781 -0.2438 -0.6104 -0.4933 -0.4734 0.0941 0.6939 -0.0671 -0.3000 0.0505 -0.1647 
22.0762 -1.2036 -0.8107 -0.7074 -1.1412 -1.1034 -1.5822 -0.7728 -0.0615 -0.2580 -0.5977 -0.4485 -0.5196 
23.2197 -0.0365 -0.1110 -0.6404 -0.8358 -1.1302 -1.0183 -0.4266 -0.2872 -0.6618 -0.1555 -0.4737 -0.3902 
22.6810 0.2058 -0.3139 -0.6703 -0.6241 -0.3734 -0.7567 -0.5648 0.4392 0.0157 -0.4285 -0.3619 -0.4164 
23.4734 -0.4743 0.8842 -0.3026 -0.9721 -0.7102 -0.3177 -0.7381 -0.2588 -0.2241 -0.1420 -0.3210 -0.0073 
25.0303 0.4828 -0.0915 -1.4541 -1.1352 -0.6225 -0.5129 -0.5165 0.3480 0.0954 0.2140 -0.0876 0.1517 
30.3471 3.2042 -4.1468 -2.9096 -0.6202 -0.8591 -0.7345 -0.4261 0.2754 0.0532 0.1466 0.9235 0.6621 
29.5169 2.7450 -4.1471 -4.2399 -1.2395 -0.9098 -1.2901 -1.1256 -0.4995 -0.4291 -0.2050 0.0709 0.4922 
31.4396 1.8525 -3.3651 -3.0831 -0.9340 0.0857 -0.6568 -0.9075 0.4188 -0.4547 0.2078 0.4272 0.4643 
30.6922 2.6695 -4.4775 -3.0226 0.2630 -0.4168 -0.9499 -0.4181 0.1784 0.2120 0.7164 0.2318 0.7724 
32.0763 0.6636 -5.5831 -3.1626 0.3711 -1.7631 -0.9395 -0.6396 0.2077 0.0230 0.8842 0.6567 0.6974 
34.9910 -0.8485 -4.6244 -1.8333 0.6652 -1.9531 -0.4763 -0.8791 -0.3446 0.6728 0.2706 0.5698 0.5706 
35.4374 -1.3941 -4.7131 -1.0700 -0.3421 -0.9627 -0.4281 -1.3578 -0.7486 1.7093 -0.0956 0.1042 0.8009 
35.3587 -1.6637 -3.4958 -1.2009 -0.6942 0.4799 -0.9609 -1.2142 -0.0507 1.3040 0.0592 0.2382 0.6553 
34.4160 -2.2440 -2.9765 -1.2082 -1.8455 0.1463 -2.0220 -1.2029 -0.2950 0.3949 -0.1505 0.3656 0.5198 
33.0296 -1.5238 -1.6026 -1.8448 -1.7144 0.4347 -2.5962 -0.3434 0.2421 -0.0844 0.0887 0.4784 0.0648 
31.1093 -1.8274 -1.4424 -1.6936 -1.8315 -0.8786 -2.0974 0.0279 0.7889 0.9958 0.1414 0.2842 -0.1930 
28.3550 -2.2764 0.1347 -1.9035 -2.1405 -0.9085 -1.9061 -0.4636 -0.6973 1.1197 0.2101 -0.7906 -0.2230 
26.5689 -1.8140 -0.1705 -1.3241 -1.1097 -0.5869 -1.0649 0.1573 -0.2943 0.4368 -0.2277 -0.3921 -0.0077 
25.5776 -0.8688 0.5248 -0.6956 -0.5098 -0.9824 -1.5096 -0.2714 -0.4567 -0.0148 -0.0640 0.0101 -0.0186 
23.9068 0.2084 0.7536 -0.4631 0.0769 -0.8085 -1.3220 -0.4293 0.1829 -0.4900 -0.1189 -0.1777 -0.3681 
22.8687 -0.9861 -0.6742 -0.3469 -0.5768 -0.5158 -1.5635 -1.6458 -0.4761 0.0528 -1.0066 -0.3940 -0.2587 
22.8715 -1.2451 0.1366 -0.3049 -0.2220 -0.4344 -0.9018 -0.8100 -0.1295 0.2450 -0.0355 -0.1851 0.1502 
26.8733 -4.3079 1.9362 0.5157 -0.5905 0.2862 -1.5247 -0.7044 0.0380 -0.2656 -0.1332 0.2039 -0.2390 
23.7367 -1.6462 0.5194 -0.1869 -0.5684 -0.2259 -0.5463 -0.3532 0.1153 -0.2833 0.0056 0.1211 -0.7856 
21.8668 -1.6791 -0.1069 -0.7061 -0.5921 -1.0823 -0.9728 -0.7424 -0.3116 0.0257 -0.5400 -0.1154 -0.5593 
21.9150 -0.7767 0.0351 -0.3929 -0.3850 -0.5743 -0.7205 -0.6579 -0.0296 -0.1539 -0.0687 0.2381 0.0819 
21.5533 -0.7472 -0.3267 -0.3657 -0.7428 -1.2969 -0.9288 -0.5528 -0.3786 0.0661 -0.0866 -0.3398 -0.2804 
23.1509 0.4176 1.1037 -0.2535 -0.8301 -0.1967 -0.1674 -0.4990 0.1724 0.5327 -0.2802 -0.4156 -0.2051 
22.2629 -0.4315 -0.7382 -1.3266 -0.7497 -0.9594 -0.2737 -0.3093 -0.4139 -0.7885 -0.2623 0.1967 0.2700 
22.9642 -0.0810 -0.4847 -0.0301 -0.3296 -0.1392 -0.4471 -0.3673 -0.0140 -0.7989 -0.3705 -0.1851 -0.1515 
21.5927 -0.9960 0.0818 -0.6809 -1.7487 -1.1902 -0.6222 0.0882 -0.1608 0.0315 -0.6800 -0.3966 0.2004 
23.0244 0.0758 0.1447 -0.6980 -1.0009 -0.4349 -0.3827 0.2724 -0.5380 -0.0627 -0.4752 -0.4652 -0.1162 
21.2892 -1.2373 -0.7876 -1.4278 -1.6370 -1.8659 -1.5485 -1.0577 -0.2261 -0.7252 -1.0503 -0.3317 -0.9224 
21.2632 -1.3089 0.1632 0.5977 -0.2009 -0.6115 -1.1672 -0.4784 -0.2458 -1.1801 -0.5766 -0.0375 -0.1710 
23.0556 -2.2563 -0.8068 0.5834 -1.4223 -1.3569 -0.9533 -1.0662 0.2994 0.2033 -0.0880 -0.2308 -0.2433 
23.9034 -1.8986 1.6155 0.4936 0.0845 -1.4055 0.2199 -0.2954 -0.5000 0.2743 -0.4009 0.4188 -0.7194 
22.9917 -0.0568 0.6075 -0.4178 0.0564 -0.5683 -0.7670 -0.3113 -0.9142 -0.7182 -0.7965 0.1251 0.0613 
22.9399 -0.6455 0.1650 -0.5507 -1.2541 -0.9667 -1.4193 0.2439 0.1892 -0.2760 -0.4747 -0.5277 0.1369 
23.8924 -1.2572 0.8938 -1.4342 -1.6414 0.9887 -1.2922 0.4055 -0.2368 -0.6606 0.1646 -0.4466 0.3725 
24.2757 -2.3019 0.7840 -0.4963 -1.1879 -0.6863 -1.2931 -0.7218 -0.0648 -0.7094 -0.3201 -0.3811 0.1771 
22.5275 -0.8998 1.1136 -0.4098 -2.0243 -0.7447 -0.8431 -0.2707 0.4494 -0.4923 -0.9056 -0.2315 0.4577 
21.6755 -0.6495 -0.4327 -0.0978 -0.8845 -0.2816 -0.5549 0.0307 0.1597 0.0031 -0.3714 -0.1596 -0.2124 
22.3263 -0.9407 -0.3280 -0.6323 -0.8711 -0.4142 -0.8725 -0.7399 0.0575 -0.0075 -0.4844 -0.0101 -0.2998 
22.1144 0.3067 1.1366 -0.2313 -0.7765 -1.1309 -0.5742 -0.1234 -0.2547 -0.0331 -0.1974 0.0175 -0.0742 
23.4037 0.0860 -0.3622 -0.8836 -1.4202 -0.4546 -0.6453 -0.0212 -0.4225 -0.5421 -0.2900 -0.2411 -0.0994 
23.8088 -1.2984 1.3595 -1.4025 -0.9982 -0.4082 -0.1687 -0.4541 -0.0786 -0.8033 -0.4506 -0.2218 0.2960 
22.8304 -1.6841 0.1750 -0.4787 -0.6017 0.2233 0.1554 -0.6111 -0.4449 -0.3538 -0.3609 -0.3855 0.1023 
23.8608 0.4107 -0.0691 0.2241 -1.3657 -0.3928 0.0216 -1.1787 -0.2467 -0.5299 0.1374 -0.1666 0.0255 
22.5016 -0.8046 -0.6915 -0.4240 -1.4222 -0.7925 0.9969 0.1225 -0.3737 -0.8082 -0.4736 -0.2081 -0.1151 
23.8166 0.1312 -0.2845 -0.1004 -1.5976 -0.3025 0.3418 -0.8148 -0.1635 0.1860 -0.5138 -0.0647 0.2698 
21.0040 -1.1436 -0.7436 -0.6433 -1.7452 -0.1748 -0.1608 0.1569 0.0324 -0.2711 0.1114 0.0116 -0.4718 
22.2736 -0.1991 -0.1308 0.7753 -0.9789 -0.7604 -0.5351 -0.6492 0.0173 -0.0835 -0.4110 -0.2407 -0.3114 
21.1530 -1.4224 -0.4634 0.4942 -0.6207 -0.3005 -0.4775 -0.1301 0.4655 -0.5598 -0.3522 -0.2575 -0.6128 
21.5088 0.0464 0.0663 -0.6749 -0.5872 -0.8125 -0.4411 -0.8345 -0.3899 -0.2854 0.1993 0.4148 0.2317 
16.1541 -1.8412 0.3325 -0.2498 -1.1476 -0.6585 -1.1967 -0.8225 0.0023 0.2308 0.0490 -0.2341 0.2735 
5.1603 -4.7072 0.0890 -0.6992 -1.0955 -0.1378 -0.8070 -0.6574 -0.0494 0.0392 0.0061 0.2493 0.5513 
-4.4176 -7.0086 0.1037 -0.8394 -1.0122 -0.3895 -0.5773 -0.6084 -0.3606 -0.3664 -0.1875 0.2158 0.3828 
-13.3784 -9.0976 0.3193 -0.9019 -0.8686 -0.6404 -0.3333 -0.4400 -0.4034 -0.5468 -0.2306 0.1864 0.2293 
-22.0225 -11.1883 0.5320 -0.9314 -0.6042 -0.7282 -0.0906 -0.2419 -0.2373 -0.5583 -0.1791 0.1932 0.1692 
-30.5443 -13.3834 0.6445 -1.0169 -0.3570 -0.7998 0.0782 -0.1393 -0.0459 -0.5346 -0.1522 0.1780 0.1138 
-38.9847 -15.6365 0.7239 -1.1130 -0.1330 -0.8632 0.2223 -0.1031 0.1461 -0.5093 -0.1456 0.1615 0.0503 
-47.3042 -17.8508 0.8565 -1.1512 0.1075 -0.8802 0.3651 -0.0967 0.3220 -0.4882 -0.1603 0.1358 -0.0311 
-55.4275 -19.9051 1.1432 -1.0566 0.4281 -0.8052 0.5327 -0.0870 0.4826 -0.4591 -0.1782 0.1030 -0.1241 
-63.3327 -21.7448 1.6133 -0.8141 0.8476 -0.6501 0.7155 -0.0983 0.6031 -0.4405 -0.1996 0.0677 -0.2247 
-70.9612 -23.3020 2.2891 -0.4661 1.2726 -0.5556 0.7469 -0.2832 0.5466 -0.5231 -0.2634 0.0205 -0.3039 
-78.0118 -24.2088 3.3916 0.0670 1.7183 -0.4954 0.7169 -0.4825 0.5061 -0.5227 -0.2406 -0.0224 -0.4673 
-82.3280 -22.0571 5.8780 0.3889 1.2220 -1.2032 0.4486 -0.4193 0.8786 -0.1283 0.0782 0.1827 -0.2612 
-85.2558 -19.3036 6.6608 -1.6732 -0.2803 -1.4789 0.4345 -1.2554 -0.3566 -1.0420 -0.3784 -0.2932 -0.9253 
-86.6301 -15.0203 8.2977 -2.4534 -0.0663 -0.6085 0.9975 -1.0153 0.1703 -0.3947 -0.0156 -0.2857 -0.9161 
-87.8379 -12.2915 7.0791 -3.8617 1.1274 0.2390 0.9820 -0.7034 0.7877 -0.1318 0.2325 0.3956 -0.0657 
-87.6219 -8.8225 6.3945 -3.7038 2.0322 -0.5717 0.6548 -0.5975 0.4321 -0.2982 0.1884 0.1069 -0.1200 
-87.9538 -6.5540 4.3733 -4.2159 2.2601 -1.7517 0.9593 -0.3322 -0.1617 -0.2405 0.3229 -0.0305 -0.0651 
-86.7129 -4.7332 2.4384 -3.2368 1.7867 -2.0285 1.2151 -1.2135 0.5923 0.0806 0.3237 0.0091 -0.5619 
-86.0389 -3.4195 2.1501 -1.0788 2.3595 -0.7454 1.6405 -1.1738 0.3957 -0.8679 -0.0156 -0.2074 0.3150 
-83.8251 -2.0592 0.6184 -1.3306 1.2104 -0.6778 0.5991 -1.1288 0.1255 -0.3906 0.8112 -0.4491 0.1207 
-81.9676 -1.7429 -0.0968 -0.9923 -0.0934 -0.1282 0.6300 -0.7121 0.3136 0.0219 0.0763 -0.4124 0.1814 
-79.1668 -1.2774 -0.4940 -0.4040 -0.2374 0.1492 0.0206 -0.4045 -0.3424 0.0381 -0.1232 0.1110 0.1797 
-76.5490 -0.4062 -0.9792 -0.1226 -0.4075 -0.0547 -0.0071 -0.0052 -0.3393 -0.4213 0.1528 0.1407 -0.0842 
-73.8174 -1.1358 -0.1742 0.2360 -0.4916 0.0847 0.4954 0.1662 -0.6920 -0.1171 -0.2700 0.1641 0.3290 
-72.3500 -0.1457 -0.0538 -0.3370 0.5365 0.2482 -0.2273 -0.0714 -0.2584 0.8855 0.0142 0.2901 0.0968 
-69.2378 -0.5993 -0.5478 -0.2206 -0.4014 0.3986 0.3165 -0.0187 -0.2569 0.2054 -0.6834 -0.0445 -0.7521 
-66.0858 0.0953 0.0674 0.2387 0.3079 0.4815 0.7558 -0.3784 -0.4031 -0.1630 -0.3050 -0.0482 0.2466 
-64.4103 -1.0207 -1.2102 -0.5205 -0.4111 0.5934 0.8081 -0.5060 0.0464 0.5288 0.3183 0.2730 0.1977 
-62.4124 -0.9306 -0.3895 0.2922 -0.1827 0.3840 0.4411 -0.4520 0.1584 0.1647 0.5926 0.3925 0.1895 
-59.4330 -1.6848 -0.4858 -0.1754 -0.0424 0.0187 -0.0441 -0.6547 -0.4140 -0.0731 -0.0757 0.0721 -0.3566 
-56.9570 -1.4314 -0.1624 -0.3562 0.0621 0.4547 -0.1316 -0.6669 -0.4263 -0.0768 -0.1581 0.1287 -0.0650 
-53.8262 -0.5777 -0.0235 -0.4729 -0.6774 -0.0405 0.4255 0.0302 -0.1473 -0.5215 -0.2492 0.1494 -0.0452 
-51.8548 -0.7771 0.2704 0.3226 -0.6591 -0.0814 0.1684 -0.4663 -0.0919 -0.2621 -0.0319 0.6111 0.3929 
-48.4663 -0.8465 -0.2947 -0.3855 -0.5329 0.2783 0.0321 -0.9818 0.2243 -0.1729 -0.2203 -0.1572 -0.2383 
-46.1005 0.0750 -0.0740 0.1320 0.2271 0.2227 0.1366 -0.1952 0.2726 0.6951 0.6016 -0.1077 0.4327 
-42.4162 0.1186 0.2591 -0.2289 -0.4877 0.3767 0.2860 -0.4773 0.1989 0.0458 -0.1012 0.0116 -0.2141 
-40.3674 -0.8046 0.0564 0.4481 0.4750 0.4893 -0.2189 -0.0200 -0.1454 0.6548 0.3048 -0.0204 -0.1465 
-37.4106 0.0630 0.1109 0.0309 0.4270 0.3031 0.1772 -0.5863 -0.0429 0.2092 0.2180 0.2266 0.1549 
-35.5430 -1.0985 0.4995 0.5947 -0.1790 -0.3586 -0.7971 -0.7738 0.0144 0.6476 -0.1040 -0.6808 -1.1481 
-33.0964 -0.3781 -0.3146 -0.0085 -0.3157 0.0787 -0.1183 -0.0496 -0.4680 -0.9028 0.1725 0.1817 0.0554 
-29.7757 0.7962 -0.6619 0.5784 -0.9404 0.2094 0.4583 -0.2899 -0.2135 -0.2948 -0.1708 -0.3479 0.1107 
-27.2528 0.1558 -0.4483 -0.2407 0.3914 0.6614 0.2902 -0.3756 -0.1303 -0.7270 -0.2707 -0.2542 0.0755 
-24.8328 -0.5771 0.0459 -0.0295 -0.5032 0.1795 -0.1420 -0.3261 -0.3509 -0.0896 -0.0215 -0.0624 -0.1007 
-22.3875 -0.4275 -0.3136 -0.1884 -0.3555 0.8163 0.7981 0.0835 -0.2241 0.5706 -0.1831 -0.2225 0.0560 
-19.9915 -0.3449 -0.4758 0.6819 -0.5800 0.4704 0.3286 -0.5311 -0.0492 -0.1407 0.6069 0.2230 0.1356 
-17.5125 -0.3442 0.1126 0.8945 0.1922 0.3169 0.3269 -1.0308 0.0418 0.2042 -0.0892 0.1671 0.3146 
-14.4126 0.0225 -0.1191 -0.5749 -0.6338 -0.0623 0.2976 -0.3472 -1.2002 0.2122 -0.3835 -0.2780 -0.1885 
-12.7067 -1.8955 -0.7420 0.1962 0.1729 0.2046 1.4058 1.0939 1.0722 0.8711 -0.0013 -0.2417 -0.4029 
-9.8627 -1.6753 -0.8875 0.1619 -0.3316 0.3570 0.3264 -0.5319 -0.4199 -0.1041 -0.1177 -0.2151 0.1132 
-6.4492 -0.8399 -0.2964 0.2321 -0.0145 -0.3494 0.1125 -0.4769 -0.6324 0.3567 0.4319 0.4801 0.0545 
-2.7714 0.0578 0.2033 0.0895 -0.5503 -0.3826 0.3239 -0.1445 -0.5791 0.0867 -0.0033 -0.1905 -0.0514 
-1.3365 -0.8066 -0.2166 -0.1525 -0.7152 0.6461 0.9531 0.0247 0.1891 0.6091 -0.1341 0.1788 -0.0182 
1.7015 0.0733 -0.1406 -0.1793 -0.1825 -0.1325 0.1525 -0.0293 -0.5772 -0.1212 -0.2354 -0.2578 0.3093 
3.3680 -0.5817 -0.3255 -0.1542 -0.6957 0.3054 0.5765 0.1800 0.0804 0.0622 0.3639 0.5717 0.6955 
7.3935 -0.3677 -0.0562 -0.1426 -0.4574 -0.2478 -0.3637 -0.2541 -0.2400 -0.1803 -0.2524 -0.1072 -0.0824 
10.6552 0.1610 -0.1708 -0.0092 -0.4100 -0.0435 0.5922 -0.1242 0.0775 0.3531 -0.1926 -0.0784 -0.1818 
11.7475 -0.8218 0.1499 0.2264 0.1386 0.4599 0.1606 -0.1277 -0.2510 -0.3294 -0.0336 -0.2826 -0.3265 
14.2155 -0.8086 -0.6808 -0.1700 0.0133 0.4143 0.8276 0.7474 0.4031 0.0197 0.0910 -0.1939 -0.6597 
16.3298 -0.2220 0.2394 0.7488 -0.4990 0.5520 -0.6606 -0.5749 0.4448 0.8566 -0.4142 -0.2912 0.1881 
18.2517 -1.0119 -0.8365 -0.4969 -0.3673 0.0622 -0.4341 -0.4842 0.8191 0.3211 -0.0750 -0.1553 -0.8851 
21.7864 -0.1233 0.1809 0.0293 0.2221 -0.5216 0.5359 0.2011 0.3976 0.2677 -0.2032 0.1763 -0.6533 
25.0345 -1.2237 -0.4039 0.2461 -1.1124 -0.7424 -0.3840 -0.4161 0.0586 0.2555 -0.5462 -0.0283 -0.3261 
26.8186 -0.9439 0.3414 -0.3146 -0.6913 0.5546 0.3174 0.5940 -0.2259 0.1078 -0.5169 -0.3925 -0.4979 
-inf -inf -inf -inf -inf -inf -inf -inf -inf nan nan nan nan 
33.4431 -0.3161 0.0577 0.1902 -0.0294 0.5233 0.2753 -0.3182 -0.2091 -0.5143 -0.0053 0.1778 -0.1176 
34.9089 -0.8346 -0.4551 -0.0260 0.0411 0.2737 -0.2991 -0.0513 0.0798 0.0095 0.8344 0.8976 0.3745 
-inf -inf -inf -inf -inf -inf -inf -inf -inf nan nan nan nan 
40.8048 -0.7392 -0.4878 0.1958 -0.1019 -0.3526 -0.6886 -0.3625 -0.5480 -0.5167 -0.4166 -0.0784 -0.4004 
44.5314 -0.1199 0.4109 0.2416 -0.6298 -0.0040 -0.0199 0.4342 -0.2221 -0.0331 0.1346 -0.1652 0.2649 
-inf -inf -inf -inf -inf -inf -inf -inf -inf nan nan nan nan 
49.0398 -0.4450 -1.2056 -0.9304 -0.1007 -0.2529 -0.1151 -0.1023 -0.0909 0.0161 -0.0563 -0.1072 -0.0607 
50.8261 -0.9753 -0.0347 0.0516 0.0871 0.0551 -0.1533 -0.9264 -0.9322 -0.5987 0.2544 0.5819 -0.1917 
53.6133 -0.4811 -0.1501 -0.5052 -0.4201 -0.0241 0.4019 -0.6473 -0.5495 -0.3308 -0.3193 0.0510 -0.1318 
