15.4778 -1.1953 0.7115 -0.7812 -0.5968 -0.3682 -0.4839 -0.3077 -0.5856 -0.9570 -0.8316 -0.0710 0.2191 
15.6468 -0.6955 0.4510 -1.4031 -0.7093 -0.2458 -0.4394 -0.4787 -0.5016 -0.7742 -0.9897 -0.2915 -0.1509 
15.8601 0.3455 0.5808 -0.8354 -0.9296 -0.2476 -1.1508 0.0132 -0.1109 -0.1515 -0.2256 -0.5224 -0.1544 
14.7469 0.0308 1.6204 -0.5035 -0.8613 -0.7627 -1.3863 0.3545 0.8988 -1.0222 -0.4614 -0.2792 -0.0130 
16.7224 0.2933 0.7035 -1.4681 -1.0478 -0.8748 -0.8365 -0.3072 -0.2165 -0.1280 0.0322 -0.5384 0.3728 
17.0849 1.4666 2.8811 -1.3194 -0.9241 0.1287 -1.7265 0.0815 -0.2068 -0.4693 -0.3349 -0.0082 -0.3348 
17.8237 0.6101 2.2367 -0.6005 -0.6953 -0.8076 -0.5250 0.4220 -0.6403 -0.7887 -0.9342 -0.0896 0.5829 
18.1125 -0.5474 -0.0017 -1.9351 -0.4018 -0.7558 0.1100 -0.6678 -1.6806 -0.7940 -0.0240 -0.7002 -0.0144 
19.3791 0.2461 0.4467 -2.6306 -1.0493 -0.7705 -0.2314 -0.6886 -0.8328 -0.1970 -0.1797 -0.8406 -0.1680 
18.6641 0.5928 2.4079 -1.1433 -0.9296 -0.3468 -1.0967 0.1392 -0.2288 -0.5129 -0.5001 -0.6799 0.3628 
17.9356 0.2196 0.1100 -0.8370 0.3602 0.3706 -0.5062 -0.9305 -0.9846 -0.9803 -1.1544 -1.0501 0.8516 
17.3847 -0.6260 0.6998 -1.7774 -2.9467 -1.1736 -0.3487 -0.7928 -0.8110 -0.7769 -0.8108 -0.1195 -0.0774 
16.6316 -0.5899 1.2597 -0.2785 -0.6928 -0.5392 -0.0237 -0.5517 -0.4479 -0.6167 -0.6449 -0.3442 -0.0819 
17.2319 -0.4074 1.8124 -0.3163 -0.8021 -1.3749 -0.4768 0.6064 -0.7867 -0.7033 -0.9283 0.0396 0.5440 
16.4569 -1.0621 0.3010 -0.8125 0.2853 0.6107 -0.9709 0.5298 -0.6881 -0.6696 -0.8571 0.2082 0.2280 
18.1405 -0.5566 1.1406 -1.2685 -1.8457 0.2341 -0.2396 0.1197 -0.9845 -0.1477 -0.3885 -0.4701 0.0005 
17.9382 0.2665 0.6249 -0.9217 -1.4062 -0.2290 -1.5559 -0.2360 -0.1941 -0.3486 -0.6665 -0.5002 -0.1893 
18.4291 0.1242 1.4566 -1.1619 -0.7883 0.1187 -0.4963 -0.8464 -0.0002 -0.1150 0.0471 -0.5433 0.1319 
17.2925 -0.6307 0.6647 0.2066 -2.1528 0.1008 -0.7011 -0.0434 -0.1517 -0.7749 -0.1788 0.4561 0.2354 
17.4932 -1.4060 -0.1308 -0.7772 -1.1694 -0.3208 -0.6864 -0.5292 0.1125 0.3970 -0.6358 0.2195 0.0342 
18.1828 -1.6724 0.1946 -1.2831 -0.9574 -0.5729 -1.0797 -0.1615 -0.1632 -0.6279 -0.3752 -0.0617 -0.0825 
18.6822 -2.1364 0.8200 -0.3198 -0.7698 0.4709 -0.7495 -0.7358 -0.4362 0.0119 -0.2423 -0.4157 0.0489 
17.6423 0.0346 0.3128 -0.1098 -1.1705 -0.4777 -0.3376 -0.8419 -0.9414 0.0235 -0.5480 -0.1618 0.3838 
16.9894 -1.0337 0.5522 0.7299 -1.0720 -0.1266 0.1185 -0.4244 0.0377 -0.4890 0.2124 -0.7067 -0.0397 
17.7897 -0.3921 0.8629 -1.2791 -1.7014 -0.2201 -0.4734 -0.9039 0.3627 -0.3783 0.1792 -0.1765 0.1279 
16.2759 -0.8040 0.9510 -0.9430 0.2395 -0.3980 -0.1748 0.1919 0.3166 -1.0706 -0.2921 -0.3594 -0.4878 
17.6556 -0.1816 0.1016 -1.3599 -1.1553 -0.4596 -1.0977 -0.5842 -0.8600 -0.0102 -0.1697 -0.5324 0.1251 
16.7110 -1.8303 -0.0485 0.1765 -1.3297 -0.3895 -0.2747 -0.6260 -0.7967 -0.7929 -0.7132 -0.1552 -0.3323 
18.4749 -0.3250 1.1997 -0.5119 -1.6372 -0.5562 0.0280 -0.6092 -0.3853 -0.0835 -0.2586 -0.4825 -0.0589 
18.3291 -0.2812 1.5522 -1.0480 -1.1142 0.2158 -0.0622 0.0559 -0.5247 -0.4364 -0.4566 -0.8458 0.4321 
17.4462 -1.6374 -0.3573 -2.3111 -0.8627 0.1389 -0.3514 0.2450 0.1747 -1.1267 0.3936 0.2065 0.0106 
17.6642 -2.1256 0.1043 -0.3858 -1.3229 0.3221 -0.3193 0.5554 -0.5393 0.4354 1.0632 0.5569 0.4996 
18.6246 -0.0001 1.5512 -1.0028 -1.2570 0.0279 -0.7060 0.2993 -0.0189 -0.7076 -0.0543 0.1091 -0.4901 
17.6395 -2.1287 0.6270 -0.5527 -1.2084 -0.3519 -1.0331 -0.9460 -0.1608 0.7585 -0.8077 -0.2503 0.1111 
17.4460 -2.5442 -0.3284 -1.6406 -0.8491 -0.0889 0.4000 -0.2241 0.4148 0.1042 -0.5519 -0.2973 0.1732 
18.3877 -0.5175 1.7056 -0.4863 -1.6056 -0.9125 0.1936 -0.1754 -0.3060 -0.5091 0.3279 -0.0961 -0.2872 
18.7938 -0.9896 0.9524 -0.6774 -2.7234 -0.5424 0.5007 0.3975 -1.1280 -0.9366 0.1974 0.7621 -0.5099 
17.5250 -0.4824 2.4922 -0.3993 -1.6403 -0.8268 -0.8533 -0.8915 0.6325 -0.0400 -0.6113 -0.0431 -0.2737 
18.6481 -0.4435 1.1336 -0.3252 -1.8246 -0.1977 -0.4270 0.2949 -0.0570 -0.3155 0.1783 -0.6176 -0.1561 
19.4849 -0.4309 0.5211 0.0647 -0.2988 -0.9697 -0.8294 -0.5334 -0.5483 -0.4929 -0.1459 0.1660 0.2700 
18.4245 -0.4563 1.6918 -0.8725 -0.3216 -0.0347 -1.1386 -0.5512 -0.5584 -0.7850 0.2507 -0.1999 -0.1955 
18.0389 -0.6279 1.3872 0.2914 -0.7048 -0.6374 -0.4807 -0.6832 -1.2441 -0.3665 0.3354 0.0048 -0.5637 
18.1753 -0.9537 -0.3810 -1.0739 -0.0837 0.2531 -0.5330 -0.2647 -1.2739 -1.5281 -0.3257 -0.9160 0.3425 
18.0135 0.3346 0.4977 0.6383 -0.3587 -0.4215 -0.1234 -1.2193 -0.5846 -0.6161 0.1233 -0.2495 0.3014 
17.5431 0.5642 0.2356 0.2020 -0.5981 0.3026 -1.1349 -0.7646 -0.8703 -0.8066 -0.1343 0.0053 -0.2290 
18.0498 -0.3841 1.5637 0.0299 -0.5437 -1.4865 -0.7568 -0.2729 -0.5907 -0.0158 0.2809 -0.9900 0.2562 
18.5626 -0.6355 1.2024 -1.1206 -0.8982 -0.7362 -0.5150 0.4999 -0.4364 -0.8928 0.1693 0.4954 -0.2665 
18.6308 0.0460 2.0538 -1.4436 -1.8012 -0.2134 -0.4586 0.0728 -0.6476 0.4364 -0.7747 -0.3165 0.6036 
18.8581 -1.8154 2.4419 -0.6372 -2.0126 0.5068 -0.5528 -0.2345 -0.1997 -0.5422 -0.1027 -0.3037 -0.2589 
19.1520 -1.0399 2.5369 -1.6200 -1.6969 -0.4671 -1.1752 0.2955 0.1519 -0.0793 -0.5436 -0.1407 0.3782 
18.9413 0.6312 1.8622 -0.7170 -1.0284 0.6579 -1.1971 -0.7392 -0.0464 -0.0339 -0.1271 0.2438 -0.4792 
17.2766 -0.6600 0.5241 -1.1010 -1.3201 0.0275 0.4071 0.2805 -0.1922 -0.0564 -0.0274 0.2633 0.1068 
17.6264 -0.1622 0.9345 0.1655 -1.2734 1.0763 -1.0702 -0.2451 -0.2547 -0.3743 -0.5589 -0.2881 -0.5444 
17.5753 0.0787 1.2120 -0.8346 -0.5750 -0.5953 -0.4999 -0.7123 -0.5196 -0.5485 -0.5341 -0.2368 -0.0921 
18.6903 -0.3588 0.8258 -0.5064 -1.3859 -1.2916 0.1635 0.1040 -1.1120 -1.3720 0.0260 0.1011 -0.2743 
19.7173 -0.3419 0.1404 -0.5078 -1.7466 0.6000 -0.6569 -0.4035 0.0586 -0.6965 -0.0406 -0.6820 0.1954 
18.9591 -0.5441 1.7163 -0.3689 -1.6601 -1.5925 -1.1285 0.8587 0.8295 -0.8362 -1.7324 -0.3015 1.1159 
18.3685 -0.7784 0.0998 -0.0940 -1.8274 0.2665 -0.9997 0.3259 0.3541 -0.1694 -0.1761 -0.2943 -0.5694 
17.5845 -0.3082 0.5190 -1.3202 -0.2515 -0.5424 -1.3597 -0.1230 -0.4185 -0.4169 0.5038 0.1955 -0.6479 
18.9679 -0.2787 1.8418 -0.7410 -1.2908 -0.9411 -0.8447 -0.2265 -0.1854 -0.3191 -0.6438 -0.4045 0.0184 
19.5448 0.5431 0.6914 -0.6707 -1.2614 -0.5836 0.1954 -1.2429 0.2127 -0.1085 -0.6338 -0.4309 0.3270 
18.6220 -1.8176 1.7442 -1.5188 -1.8904 -0.1899 -0.5695 0.2890 0.5263 -0.0023 -0.1478 -0.0867 -0.1502 
18.4735 -1.4549 1.8115 -0.7947 -1.0225 0.0604 -1.2197 -0.7754 0.0839 0.5257 -0.1435 0.1432 -0.0245 
19.3629 0.0593 1.2208 -0.3270 -0.8738 0.3759 -0.5410 -0.4956 -0.2108 0.3132 -0.7726 -0.0262 0.0215 
19.3072 -0.4195 0.4734 -0.7467 -0.8636 0.0702 -0.7956 0.0489 -0.3040 -0.2343 -0.0794 -0.4000 -0.0346 
20.0678 0.7646 0.6773 -1.2927 -0.9142 0.2984 -0.8306 -0.2684 -0.2168 -0.3986 -0.0291 -0.1464 -0.3010 
16.6017 -1.8150 -0.1816 1.3523 0.3749 -0.3173 -0.4858 -0.2674 -1.0469 -0.9213 -0.6749 0.0163 0.4956 
18.6580 -0.8762 0.6136 -0.7770 -2.5506 -0.5889 -0.4833 -0.5306 -0.9448 -0.3022 -0.0688 -0.4648 -0.3130 
19.0126 -2.3489 0.4317 -1.1279 -0.6858 0.4225 -1.0563 0.1160 0.6640 0.0941 0.1707 -0.1664 -0.0136 
17.9932 -1.2187 1.5064 -1.1685 -0.9744 0.7405 0.3857 -0.6626 -0.3246 -0.9516 -0.3845 -0.0124 -0.1476 
17.6889 -2.1866 0.2165 -1.1896 -2.0016 0.0503 -0.3524 -1.0414 0.0130 0.2681 0.0639 -0.1828 -0.2495 
19.3348 -0.1004 1.7470 -1.1659 -1.1222 -0.1174 -0.4712 -0.2289 0.1319 -0.8908 -0.3616 0.4605 -0.3377 
17.7198 -1.3336 0.4841 -0.7844 -0.6930 0.3689 -0.5593 -0.6660 -0.0595 0.0561 -1.1926 0.6793 0.5693 
18.4945 -0.0680 -0.1875 -1.9628 -1.1618 0.0709 -0.1361 0.0445 0.8647 -0.6625 -0.3098 -0.8654 0.0060 
17.4375 -1.0126 1.6905 -1.2842 -0.9087 -0.0598 0.7388 -0.1150 -0.8157 -1.2818 -1.4957 -0.3576 0.8137 
18.4531 -0.7882 0.4140 -1.1072 -1.5602 0.1254 -0.2525 -0.7484 -0.1245 -0.7302 -0.5245 -0.8127 0.1662 
20.1933 0.0280 0.5163 -1.6157 -0.5478 -0.6843 -0.3357 -0.4253 0.4482 -0.3101 -0.1980 -0.1936 -0.1395 
24.2067 -1.0627 -2.2026 -2.1904 0.1148 -1.1698 0.1125 -0.4947 -0.9859 -1.2045 -0.7563 -0.7229 -0.0095 
29.3694 -1.8998 -2.8627 -2.3655 -0.8868 -0.5841 0.1134 0.1360 0.4244 -0.1050 0.8093 -0.3734 0.1539 
31.3786 -0.2017 -5.2724 -2.6170 -1.8216 0.2720 0.1878 0.3545 -0.5934 -0.5415 0.0948 -0.6831 -0.1266 
33.9097 -0.8221 -5.1435 -2.0726 -2.6263 0.2718 -0.7340 1.5098 0.7193 -1.0461 -0.1458 0.1332 -0.5872 
32.8288 -0.5894 -4.4105 -2.0588 -2.1154 -0.2748 -1.1944 2.1394 2.4589 -0.7088 -0.3434 0.5591 0.2277 
33.3274 0.0228 -3.9143 -0.9363 -1.4901 -1.2903 -0.5657 1.2948 2.2062 0.3906 -1.5655 0.0019 0.5773 
33.6511 -0.4514 -5.0146 -2.0398 -2.1398 -0.4490 0.0591 0.9298 2.1330 0.4205 -1.1570 -0.1017 0.7853 
33.3158 -0.0411 -4.3600 -1.4795 -1.2167 -0.9844 -0.6144 1.2921 2.4015 0.8201 -1.0235 -0.0946 0.9474 
32.3512 0.1531 -4.3957 -1.2993 -1.1992 -2.2973 -0.6680 0.5763 2.4987 0.8002 -1.8821 0.0110 1.4072 
33.3131 -0.1227 -4.5427 -1.0804 -1.3873 -1.2025 -0.7516 0.4762 2.2728 0.6668 -1.2119 -0.2449 1.0253 
32.2079 -1.1369 -5.0795 -1.9844 -1.9282 -1.8671 -1.5193 0.1123 1.4696 0.8133 -1.5200 -0.5735 0.9792 
32.5118 -0.9205 -3.9217 -1.5248 -1.7674 -1.1164 -1.0297 0.0960 2.0993 1.0599 -1.0998 -0.4297 1.2764 
32.6205 -2.0399 -3.6488 -2.2199 -2.3835 -1.1414 -1.1028 0.5394 1.7937 1.0496 -0.9135 -0.3944 1.7194 
33.6257 -2.7955 -2.3329 -2.2004 -2.1193 -0.8961 -0.9193 0.9269 1.7616 1.4320 -1.2677 -0.0197 1.7213 
33.9938 -4.1916 -2.2450 -2.5051 -1.7948 -1.9359 -0.6991 0.8032 1.8762 1.4663 -0.4754 -0.0634 1.9692 
34.1827 -3.3072 -1.0194 -2.1912 -1.0503 -1.8460 0.2306 -0.2308 1.6934 0.8347 -1.1957 -0.7018 1.1616 
34.0544 -4.4736 -1.4970 -2.3354 -1.9223 -1.7330 0.6541 -0.2690 2.0919 0.7112 -0.7779 -0.7261 1.4482 
33.8868 -3.9108 -0.9710 -1.4238 -1.8264 -1.2118 0.9261 0.2635 2.2352 0.9157 -1.7870 -0.8903 1.4784 
33.7822 -3.8509 -1.4367 -0.9050 -1.8195 -1.3324 1.2014 0.9323 2.4390 0.4728 -1.8396 -0.6819 1.2616 
33.0309 -3.1886 -2.4701 -1.4691 -2.5144 -1.5307 0.8257 0.7668 2.4231 -0.0105 -1.4904 -0.1396 1.1615 
32.3692 -2.3987 -1.7972 -2.2282 -1.8395 -1.5101 0.8619 2.1728 2.1638 -0.6198 -1.0512 -0.1044 0.6318 
32.9627 -3.0138 -3.2652 -1.5426 -3.0054 -1.2037 0.6128 1.5841 1.8794 -0.5846 -0.9594 0.6436 0.6099 
32.1464 -2.8778 -2.8036 -0.7216 -2.9159 0.0831 1.1373 2.2064 1.4939 -1.8096 -0.8797 0.4280 -0.4241 
32.4049 -2.9259 -2.3034 -1.6407 -2.4204 0.8225 1.5727 1.4564 1.3858 -2.0752 0.4204 0.3094 -0.6468 
32.6482 -2.3075 -2.6548 -1.6737 -1.7996 0.0277 1.7762 2.1522 -0.4166 -1.9178 0.9239 -0.1702 -0.3568 
31.6904 -2.1663 -3.4913 -1.7630 -2.8046 -0.1805 2.1942 1.3240 -0.6445 -1.3543 0.3685 -0.3151 -0.2544 
30.1327 -2.0912 -2.4333 -1.0830 -2.2697 0.4980 2.4112 0.7700 -1.5972 -1.7453 -0.1864 -0.1187 0.1130 
29.2411 -1.3337 -3.4376 -0.8915 -1.0830 -0.2946 1.2311 0.5585 -0.2493 -0.6857 -0.3005 0.2549 -0.4814 
28.5613 -2.1117 -3.2428 -1.7482 -2.4206 0.3421 1.4579 0.0799 -0.4775 -1.3415 -0.3342 0.2383 -0.1812 
26.3971 -1.9870 -2.8545 -1.3497 -1.9576 0.6116 1.3937 0.2946 -0.5062 -0.9742 0.1881 0.6111 0.0519 
26.5759 -1.8338 -2.6949 -1.0460 -1.9625 0.4869 1.0476 -0.3299 -0.4975 -1.2010 -0.9790 0.4032 0.1890 
25.6096 -1.3865 -2.5954 -1.1688 -1.4354 0.0875 0.2973 -0.2515 0.1420 -0.6934 -0.1732 -0.1674 -0.2767 
23.9733 -1.5606 -1.6416 -0.8813 -2.1442 0.2150 0.4551 0.3480 0.2842 -1.3116 0.0432 -0.0300 -1.0461 
24.1025 0.6519 -2.6356 -1.2268 -2.2330 -0.3288 0.7856 -0.6296 -0.0886 -0.7947 -0.5324 0.2570 -0.4765 
23.0884 -1.5408 -1.1814 -0.1648 -1.6310 -1.3271 -0.6329 -0.1359 -0.4888 -0.5636 -0.7927 0.3769 0.4641 
22.5482 -1.3963 -2.0330 -0.8141 -1.3538 -0.7222 0.5314 -0.1856 -0.2296 -0.4232 -0.7128 -0.1251 -0.3781 
22.2657 -0.9513 -0.1672 -1.0534 -1.7695 -0.5197 1.3657 0.1764 -0.9500 -1.0996 -0.3046 0.1755 -0.0998 
21.9469 0.0871 -1.7115 -2.1362 -2.2866 -0.1192 0.2638 -0.1395 -0.9876 -0.9725 -0.6078 0.1898 0.0102 
21.0603 0.5964 -0.5441 -2.4874 -0.5047 0.1257 0.5023 -0.5328 -0.2201 -0.9794 -0.3643 0.3828 -0.1391 
19.9731 -0.5667 -0.8681 -1.5982 -1.3795 -0.0211 0.3291 0.4431 -1.1814 -0.1699 -0.1933 0.2500 -0.0048 
19.3480 -1.3754 -1.7773 -1.1056 -0.1042 -0.2140 0.3037 0.5693 -0.2153 -0.9776 -0.5352 0.3646 -0.1286 
19.3742 -0.0476 0.3659 -1.0637 -0.7320 0.0626 -0.1564 -0.5557 -0.4572 -0.6394 -0.2714 -0.0023 0.3553 
20.2019 0.2983 0.8605 -1.4674 -1.5005 -0.3921 -0.1286 -0.1627 -1.2159 -0.6117 0.0037 -0.1827 -0.0326 
19.3099 -0.9210 0.5859 -0.5539 -0.6400 -0.9543 -0.4027 0.7773 -0.0705 -0.3872 -1.4049 -0.3840 0.6742 
19.4394 -0.6081 0.8518 -0.8273 -1.0358 -1.1178 -0.5026 -0.9587 0.0984 -0.1754 -0.3148 0.0341 0.1755 
19.0196 -1.9197 -0.2368 -0.8372 -0.7818 -0.4759 -1.1496 -0.7118 -0.7196 -0.7672 -0.4894 -0.3993 -0.0855 
19.1281 -0.9202 1.0412 -0.3899 -0.8723 -0.6836 -0.9680 0.7289 0.1916 -1.0297 -0.4870 0.0009 0.6499 
18.0536 0.0033 0.2812 -1.2032 -1.8141 1.0090 -1.3314 0.9843 0.8138 -0.9585 0.1798 0.4361 -0.8018 
17.0203 -0.7747 0.4515 -1.3399 -0.2373 -0.4626 -0.9585 0.4381 0.6606 -0.6894 0.0202 0.2704 0.1627 
17.2855 -1.5403 1.1265 0.3331 -0.8442 -1.1133 -1.7912 -0.6063 -0.3077 -0.1836 -0.0199 -0.2468 0.3281 
16.5865 -0.7962 0.7338 -0.2008 0.0761 -0.3561 -0.1915 0.0303 0.1720 0.0071 -0.3319 -0.0974 -0.2740 
18.5794 -1.5042 0.5381 0.2489 -0.6722 0.0148 -0.0894 0.3877 -0.1409 -0.7176 -0.7649 -0.4097 0.3806 
17.9768 -1.4100 -0.4487 -0.5078 -0.3481 0.1785 0.3594 -0.2461 -0.5338 -0.2457 -0.2176 -0.3221 0.0400 
17.9263 -0.6746 1.5423 -1.3855 -1.4015 -0.4865 -0.8029 0.4471 -0.1001 -0.9136 -0.0545 -0.6767 0.2749 
19.2344 -0.1196 0.2289 -1.1160 -0.4724 -0.6918 -0.3270 -0.7001 -1.1104 0.1279 0.0413 -0.4286 0.1631 
18.0228 -0.4556 -0.3184 -1.3650 -0.7477 0.0118 -1.4632 -0.4048 -0.6966 -0.0340 -0.0100 -0.1291 0.1680 
17.2649 -1.8809 0.7991 -1.4258 -1.6238 -1.1556 -0.7199 0.8285 0.1792 -0.2032 0.5565 -0.4234 0.0741 
17.2794 -1.1717 0.2327 -1.4987 -2.8303 -0.3189 -1.5747 -0.4319 -0.7785 0.2053 -0.6495 -0.5689 -0.3927 
16.6226 -1.4386 0.5674 -2.0026 -0.6377 0.6111 -1.1288 -0.0873 -0.3580 -0.9249 -0.2717 -0.0526 -0.3644 
18.1193 -0.6890 1.1290 -1.3086 -1.3255 -0.7582 -0.6524 0.2451 0.6497 -0.7102 -0.7686 -0.3657 0.4037 
17.7124 -1.4214 -0.5724 -0.8762 -0.7172 -0.1743 0.3049 -0.7810 -1.0766 -0.8197 -0.5293 -0.6932 -0.0905 
18.3366 -0.5146 0.7636 -1.4059 -0.3344 -0.1850 -1.1342 0.0783 -0.6854 -0.2236 0.2129 -0.6923 0.1319 
18.7923 0.2498 1.1386 -0.7677 -0.4700 -0.0106 -0.6587 -0.9915 -0.4395 0.0755 0.1780 -0.1433 0.1089 
16.8540 -0.4508 1.8943 -0.4967 -2.0393 0.2306 0.4859 -0.2363 -0.4741 -0.3103 -0.3444 0.0259 -0.0481 
16.5351 -0.2677 -0.0749 -0.8540 -1.2164 -0.0162 -0.1121 0.2328 0.0477 0.1550 0.2907 -0.8156 -0.5768 
18.4345 -1.1255 0.5640 -1.0005 -1.0801 -1.4520 0.0216 -0.4201 -0.7353 0.0703 -0.5048 -0.1166 -0.0823 
18.9041 -0.3446 -0.0055 -0.4469 -0.4989 -0.3744 -0.5600 -0.4567 -0.4067 -0.1732 0.5876 -0.4576 0.1124 
17.4037 -0.7106 0.0989 -0.5153 -0.1820 1.4299 -0.7852 0.1276 -0.1936 -0.3438 -0.1916 -0.3481 0.0237 
18.6986 0.0621 1.4773 -1.7678 -1.8025 -0.2540 -0.4357 -0.2226 -0.1389 0.3038 -0.1723 -0.1739 -0.3391 
17.4623 -0.8318 1.9385 -1.0636 -2.3881 -0.7018 -0.6778 -0.3153 0.1135 -1.3802 -0.4445 -0.1668 0.3368 
17.0576 -1.0940 1.2627 -1.3846 -1.7519 -0.5877 -0.9509 -0.8165 -0.5165 -0.8125 -0.1608 -0.3339 -0.4643 
17.4392 -0.8787 0.4148 -0.9730 -0.4167 -0.3516 -0.4413 -0.2235 -0.3181 -0.5880 -0.6281 -0.3135 -0.1595 
18.1925 -0.3425 0.2929 -0.7934 -0.7707 -0.8225 0.1987 -0.0431 -0.2119 -0.3077 -0.6270 0.0457 -0.2894 
16.7672 -0.4839 0.9430 -2.0168 -1.7886 -1.2708 -1.0007 -0.0607 0.0586 -0.5622 -0.3873 -0.5888 0.4574 
18.4900 -0.9520 0.7058 -1.2384 -1.4187 -0.4988 -0.2745 -0.1258 -0.3636 -0.4321 -0.2283 -0.6145 -0.1584 
18.0151 0.4852 0.9625 -1.5314 -1.7244 -0.3774 -0.9035 0.2862 -0.6590 -0.0713 0.1622 -0.7266 -0.3225 
17.5779 -1.2413 0.3149 -0.8772 -1.8903 -0.0321 -0.4413 0.5116 0.7197 0.0385 -0.2537 -0.1457 0.1508 
17.4597 -0.6874 0.2551 -0.4513 -0.9457 -1.3823 -0.2538 0.2963 -0.0083 0.3257 -0.5699 -0.5777 0.1730 
17.6208 -1.9539 0.1988 -0.9507 -0.8693 0.0485 -0.4961 0.5485 -0.2177 -0.7458 -0.8554 -0.4170 0.6232 
17.8884 -1.2014 0.1323 -1.2293 -1.3518 -0.0171 -0.8118 -0.4052 0.4309 0.0763 0.0461 -0.3654 -0.2082 
16.0185 -1.0644 0.0660 -1.8678 -0.3838 0.1918 -1.2108 -0.4494 -0.0056 0.4466 0.0919 -0.3412 -0.1530 
17.7992 -1.3610 -1.2679 -0.9631 -0.5135 -0.8102 -0.8454 -0.8694 -0.5676 -0.3163 -0.3032 -0.5966 -0.1716 
17.4606 -0.3232 0.0782 -1.2004 -0.9663 -0.1122 0.2524 -0.5865 0.8122 0.4094 -0.5093 0.2836 -0.3720 
17.1729 -0.4457 0.6543 -1.1628 -0.4226 0.0050 -0.9084 -0.8283 0.4733 -0.5474 -0.2056 -0.3262 -0.3080 
17.5645 -0.5447 0.5865 -0.3435 -1.5310 -0.7739 -0.8539 -0.7451 -0.1076 -0.7650 -0.0250 -0.1214 -0.0499 
16.9732 -0.1866 1.2457 -1.1485 -1.3178 -0.9314 -0.4340 -0.7591 -0.5788 -0.5580 0.0650 -0.0857 0.1228 
16.5045 -2.5407 0.2745 -0.7573 -0.8086 -0.0540 0.6965 0.5001 -0.7621 0.1582 0.7549 -0.3585 0.3056 
14.4324 -1.6736 0.6292 -1.0494 -0.7115 0.1943 0.1820 -0.2858 0.4383 -0.0480 0.1512 -0.0087 -0.7046 
16.2210 -1.1910 -1.3374 -2.1169 -1.5743 0.2391 -0.6879 -0.3167 -0.2237 -0.4834 0.2059 -0.7637 0.2273 
13.5122 -3.3428 -1.9161 -0.4564 -0.8599 1.1401 0.6098 0.8699 0.6859 0.0336 0.2284 -1.3499 -0.9155 
