15.9977 -0.2290 0.9985 0.1044 -1.3348 0.1876 -1.1628 -0.1130 -0.0103 -0.1736 -0.5285 0.1858 0.1047 
17.1299 -1.0315 0.2656 -1.3771 -1.5928 -0.5335 0.0194 -0.0073 -0.2583 1.0992 -0.5022 -0.0949 0.1495 
15.8816 -0.6609 0.5848 0.2500 -1.2979 -0.3344 -0.1083 -0.0718 -0.3392 -0.2048 -0.8770 -0.1229 0.4142 
17.4206 -1.1316 0.6162 -1.0961 -0.8811 0.5061 -1.1260 -0.6228 0.5936 -0.0451 -0.1909 -0.3103 -0.2198 
17.7557 0.5651 1.5134 -0.4082 -0.5777 -1.2077 -0.6956 -0.4751 0.3096 -0.8819 -0.1209 -0.0085 0.2685 
17.9004 0.4927 1.4283 -0.3600 -1.3909 -0.6438 -0.9669 0.0031 0.3129 -1.3816 -0.1210 -0.0321 -0.3444 
18.5598 0.7358 2.5345 -0.5268 -1.0841 0.6374 -0.8016 -1.1011 -0.2258 -0.0306 -0.3402 0.0201 0.2645 
18.1038 0.3908 2.0118 -0.6787 -1.3419 -0.1367 0.1841 -0.5503 -0.4312 0.1935 0.5583 -0.1278 -0.2839 
17.9557 0.1269 1.4139 -0.1360 0.3805 -0.7277 -0.0373 0.1652 -1.2196 -0.3320 -0.2505 -0.0269 -0.2603 
17.3267 0.0691 0.5421 -2.1934 -0.1139 -0.2646 0.0013 0.0925 -0.2648 -0.0234 -0.1366 -0.4566 0.1420 
16.6749 -0.5655 0.0095 -1.7790 -0.6924 -1.3727 -0.2177 1.3297 0.6117 -0.2002 -1.1717 -0.0826 1.0137 
17.3938 -1.1901 -0.4848 -1.1596 -1.0545 -0.3457 0.0044 0.0623 0.0194 0.0292 -0.3728 0.0656 0.3558 
18.9691 -1.7422 0.1457 -2.1181 -1.2665 -0.7804 0.0217 0.2772 -0.0139 -0.0760 -0.4023 0.0485 -0.0263 
17.6102 -1.3731 0.7268 -0.5353 -0.3987 -0.2385 0.0346 -0.2808 -0.4760 -0.0472 -0.7061 -0.3716 0.4649 
18.3070 -1.2964 -0.1036 -0.5398 -1.0376 -0.4760 -0.7555 -0.8164 -0.0463 0.0263 -0.9388 -0.6791 0.0949 
17.4582 -0.7197 1.2121 -0.3939 -0.4657 -0.0665 -0.7990 -0.2278 -0.4577 -0.3528 -0.7503 -0.5793 -0.2904 
18.3929 -1.3334 0.4152 -0.5315 -1.8128 -0.5602 -0.7685 -0.5132 0.0375 -0.5861 -0.4862 0.2455 0.3446 
18.1618 -0.4797 -0.3789 -0.3080 -1.2012 0.4529 0.8605 -0.4338 -0.3968 -0.9750 -0.6379 -0.5558 0.3637 
18.6801 -0.0880 0.5364 -0.4241 -0.8365 -0.5858 -1.0073 -0.4666 -0.1360 -0.5830 0.2567 -0.3786 -0.1242 
18.9747 0.7015 1.0876 -0.4858 -0.7846 -0.4179 -0.8229 -0.4938 -0.3520 -0.1306 -1.2644 0.2828 0.4071 
18.7568 -1.1025 0.0211 -0.9399 -0.6508 0.3043 -2.3924 -0.1765 -0.6359 -0.4440 -0.7787 -0.3898 -0.1700 
19.0923 -1.8026 -0.1309 -1.3427 -1.9589 -1.3647 -1.1488 -0.0377 0.4769 0.0136 -0.9648 -0.3393 0.7549 
18.0497 -0.7051 -0.5220 -1.5417 -1.2336 -0.1320 -0.6250 0.2794 0.9966 0.3823 0.3154 0.0226 -0.2182 
18.6170 -0.8563 0.9086 -0.9645 -1.3874 -0.5041 -1.0195 -0.8523 -0.4165 -0.3979 0.1903 0.1941 -0.3610 
17.5844 -2.4530 0.2245 -0.6376 -0.3803 -0.5043 -1.3510 -1.0830 -1.3325 -1.5110 0.0257 0.0682 -0.1003 
20.0932 0.0133 0.4832 -0.9254 -1.1029 -1.4602 -1.3071 -0.4515 0.0077 -0.3814 -0.6957 -0.1420 -0.1693 
20.4854 0.4188 1.0871 -0.6278 -1.8617 -0.6621 -0.9985 -0.9978 -0.0201 0.0043 -0.9290 -0.4587 0.2141 
19.6298 -0.4678 0.8552 -0.8605 -1.0951 -0.6603 -1.0284 -0.9977 -1.1479 -0.7167 0.0280 0.0351 0.0848 
19.3187 0.2303 0.3231 -0.4077 -1.4041 -0.5204 -1.8604 -0.2001 -0.2706 -0.3294 -0.1021 -0.3553 0.3021 
20.0415 -1.1104 -0.2067 -0.5701 -0.8947 -0.1729 -0.8105 -0.6493 0.3286 -0.1734 -0.2672 -0.3567 -0.5452 
20.0246 -0.2938 0.7414 -0.6518 -1.2419 -0.5528 0.1313 -0.7338 -0.5556 -0.8025 -0.3020 0.1250 0.0780 
17.9704 -0.4402 0.1975 -2.0985 -1.5506 -0.8629 -1.5063 -0.7468 -0.7307 -1.2926 -0.4580 -0.3710 -0.6087 
19.2392 -0.4154 0.9035 -1.5453 -0.4832 -0.5923 -0.2071 0.0037 0.3748 -0.5677 -0.3508 -0.1321 -0.5774 
17.3737 -0.7920 0.1414 -1.1516 -1.2415 -1.7385 -0.4987 -0.3480 -0.5433 -1.5486 -0.5668 -0.4907 0.1508 
18.5600 -1.2131 1.0646 -0.6837 -1.3598 -1.3467 -0.8764 0.0105 -0.5278 -1.0990 -0.9160 -0.3860 0.2549 
19.3372 0.5089 1.4035 -0.9513 -1.3507 -0.9795 -0.1981 -0.3014 -0.5775 0.0429 -0.6975 -0.4519 0.2054 
18.3034 -1.1430 1.6155 0.0839 -0.4798 -1.5321 -0.3819 -0.6906 -0.0543 -0.1555 -1.1772 -0.5099 0.6162 
18.2328 -1.8074 0.8283 -0.3896 -1.2313 -1.4556 -1.2458 -0.9105 -0.4735 -0.7821 -0.6497 0.2206 -0.0813 
20.2928 -0.3780 0.3463 -0.6583 -1.3282 -0.1215 -0.8398 -0.3361 -0.6696 -0.8360 0.2928 -0.1008 -0.0151 
18.6674 -0.8334 0.1557 -0.9830 -1.2610 -0.7906 -0.0857 -0.3755 -1.2641 -0.6043 -0.7060 -0.7335 0.0601 
18.6263 -0.0585 1.1233 -1.0984 -0.8346 -0.0786 0.1229 -0.1340 -0.6388 -0.4103 0.2080 -0.6818 -0.3846 
18.6745 0.0664 1.9887 -0.9753 -2.3705 0.1707 -0.6674 -1.0246 -0.5326 -0.3189 -0.4806 -0.0521 0.0091 
18.9787 0.2509 0.8907 -1.1119 -2.3784 -1.9964 -0.5019 -0.0036 -0.1572 -1.3768 -0.5136 -0.6764 0.3297 
18.8713 -0.0341 1.4299 0.1514 -1.8750 -1.3413 -0.8053 0.9293 0.5019 -0.9304 -0.3024 -0.6498 0.1079 
19.2366 -1.5829 0.8159 -0.4236 -1.1291 -0.6060 -0.6944 -0.1485 0.1561 -0.6507 -0.3673 -0.6140 -0.0138 
20.4106 -1.0029 1.5230 -1.3703 -1.4317 -0.3591 -1.2655 -0.6961 -0.5388 0.0983 -0.6312 -0.0500 0.0007 
20.0955 -1.6805 1.9580 -0.8712 -0.8843 -0.1892 -1.0471 -0.0003 -0.6711 -0.5445 -1.0827 0.1949 0.1391 
20.7866 -2.1133 0.9881 -1.5912 -1.8962 -0.4080 -1.1007 -0.1520 -0.8760 0.0500 -0.5607 -0.0328 0.0166 
19.1320 -0.6765 0.3807 -1.1023 -1.4424 -0.6669 -0.6335 -0.3948 -0.2750 0.2449 -0.3692 -0.3181 -0.2581 
19.0647 0.0537 1.4347 -1.2485 -1.1308 0.7725 -0.8590 -0.5952 -0.6619 -0.2798 -0.5285 -0.7326 0.2613 
18.4028 -0.7547 1.2624 -1.5950 -1.8865 -0.1970 -0.3435 0.8709 0.3356 -0.4836 -0.5346 -0.1662 0.5596 
18.5472 -0.6336 0.7938 -0.8301 -1.1079 0.3076 -0.6865 -0.3521 -0.2227 -0.1836 0.4132 -0.3093 -0.5584 
18.8922 -0.7004 0.3519 -1.0039 -1.5626 -0.1299 0.0518 0.1764 -0.2298 -1.4266 -0.4611 -0.2902 0.0642 
19.2667 -0.1008 -0.3173 -0.6793 -1.8055 -0.4399 -0.9864 -0.0496 -0.3220 0.1765 -0.8592 0.0368 -0.2992 
19.7654 -1.0913 0.6062 -0.5179 -0.5937 -0.1014 -1.2763 -0.2738 -0.2581 -0.0730 0.4311 -0.5891 0.1517 
17.8860 -0.8167 0.6330 -1.8176 -1.4650 -0.9361 -0.3798 -0.6394 -0.1202 -0.5655 -0.4125 -0.1845 -0.0921 
18.3771 -0.2014 -0.2651 -1.1377 -1.2082 -0.5781 -0.7667 0.3227 -0.3599 -0.3356 -1.3110 -0.0473 0.2425 
17.8784 -0.9990 1.0250 0.2966 -1.9447 -0.8144 -0.7872 0.2447 0.6207 -0.4944 -0.8239 -0.6562 0.5054 
19.0966 0.1669 1.0037 -1.3302 -0.6906 -0.5569 -1.1888 -0.2611 0.2130 -0.2755 -0.8664 -0.0051 0.3971 
19.0803 -1.6490 0.1588 -0.6534 -0.7776 -1.1039 -1.4084 -0.4448 -0.3060 -0.3725 -0.8351 -0.7504 0.3169 
20.1614 -1.0839 0.8896 -0.5525 -0.7755 -0.5496 -1.3160 0.5900 0.3933 -0.4721 -0.5165 -0.5084 -0.2628 
19.0287 -0.3531 0.3615 -1.4131 -1.2634 -0.0791 -1.5331 -0.3725 -1.3641 -0.2464 -0.2453 -0.5019 -0.4216 
18.5408 -0.9273 1.1562 0.6370 -0.1101 -0.5343 -0.8447 -0.3107 -0.9139 -0.4303 -0.7057 -0.1375 0.0142 
18.4450 -0.0979 1.6462 -0.0252 -1.5008 -1.0966 -0.5772 -1.5038 0.3173 -0.0494 -0.2031 -0.7793 0.2406 
18.8641 -1.1962 0.5327 0.0115 0.3745 -0.1948 -0.1706 -0.7976 -0.7376 -0.3287 -0.4690 0.1403 -0.1081 
18.9155 0.1490 0.3137 -0.7582 -1.4316 -1.6127 0.1858 0.1314 0.4389 0.0656 0.1765 -0.0556 0.0229 
18.7246 -0.1366 0.0021 -0.8465 -0.7814 -0.3126 0.4627 -0.2068 0.2545 -0.4397 -0.4182 -0.5923 -0.2330 
19.1789 -0.3432 1.0840 -0.4806 -0.9741 -1.1956 -1.0647 -0.7016 0.1561 -0.4487 -0.1746 -0.2076 -0.4072 
18.9210 -0.6257 1.4351 -0.3716 -0.7249 0.0209 -1.0038 -0.9041 -0.4007 -0.6460 -0.4504 -0.3328 -0.1044 
18.8307 -0.2030 1.9620 -0.6259 -1.5579 -0.9801 -0.9072 0.0732 -0.8583 -0.4437 0.0987 0.0216 -0.6283 
17.6657 -1.8032 1.3109 -0.7814 -1.8509 -1.0544 -1.4458 -0.8257 -0.6356 -0.8215 -0.4822 -0.6990 -0.2621 
17.9896 -0.6392 0.6740 -1.0598 -1.7037 -1.1046 0.0475 -0.2673 -1.1957 -1.3861 -0.0080 -0.3699 0.1159 
18.7805 0.1791 0.2752 -1.1269 -1.7032 -0.5177 -0.1094 0.0381 0.2088 -0.9857 -0.0488 -0.1715 0.2961 
17.5801 -2.8356 0.7530 0.1596 -3.3437 -2.3186 -0.1409 1.1778 1.1160 -0.6406 -0.7424 -0.5528 1.4648 
17.7540 -1.2036 -0.4469 -0.6952 0.0655 -0.9031 -0.9697 -0.5542 -0.4787 -0.1569 -0.6793 -0.5592 -0.3831 
17.2009 -1.4915 0.4899 -0.7445 -1.0564 -1.4451 -0.2516 -0.0042 -1.1091 -0.6328 0.1158 0.4884 -0.3493 
18.5441 0.3005 1.3639 -1.0636 -2.2051 -0.0865 -0.3430 0.2565 -0.3792 -0.3351 -0.3352 -0.1655 -0.0315 
18.7004 0.6516 1.1453 -0.5127 -2.0504 -0.2743 0.2248 -0.7314 -0.3931 -0.1727 0.3344 -0.4911 -0.0685 
18.8458 -0.6853 1.2644 -0.0434 -2.4277 -1.4281 -0.3782 -0.7537 -0.4455 -0.9360 -0.1499 -0.5362 0.3147 
17.7450 -0.9334 0.8399 -0.6196 -0.5127 0.5146 -1.1639 -0.0361 -0.6770 -1.2274 -0.3547 -0.4290 0.6115 
18.4183 -1.5415 0.3057 -0.0242 -1.1557 0.7551 0.0021 -0.9617 -1.0700 -0.6054 -0.2875 -1.1971 0.1040 
19.2268 -0.6495 0.3591 -1.2664 -1.2370 -0.1270 -0.9598 -0.3050 -0.4215 -0.4878 -0.1995 -0.1945 -0.6639 
19.4566 -1.2557 0.6857 -0.5636 -0.7096 -0.4219 -0.7203 -0.3968 0.6232 0.4210 0.5013 -0.3877 -0.2767 
18.9222 -0.3507 -0.8636 -0.8311 -1.3859 -0.3320 -1.9829 -1.4545 0.1733 -0.4867 0.2453 -0.7743 0.4434 
19.6642 0.5765 0.3344 -0.6398 -1.5227 -0.3165 -1.3441 -1.1367 -0.2293 0.2603 -0.5889 -0.2717 -0.1883 
18.5046 -1.6288 1.3170 0.3785 -1.5268 -1.2620 -1.0366 -1.0298 -0.5495 -0.9517 -0.9291 -0.3915 0.3969 
19.6420 0.2045 0.4970 -0.6504 -1.5417 -0.1363 -0.6594 -1.1473 0.1638 -0.0336 -0.0585 -0.5568 0.3796 
19.6156 -0.5235 1.5387 -1.2539 -0.1391 -0.2093 -1.2058 -0.2809 -0.0466 -0.4226 0.0402 -0.9221 0.1140 
20.4201 0.0443 0.3694 -1.5205 -0.8505 -1.2706 -0.8600 -1.0293 -0.8118 0.0394 -0.7872 -0.1749 -0.2095 
19.3924 0.7193 1.1785 -0.8498 -0.7566 -0.9341 -0.9961 -0.5166 -0.6764 -0.4049 -0.0872 -0.1597 -0.4237 
22.6928 -1.7996 -0.9939 -1.0537 0.1539 -0.8999 -0.4707 -0.8819 -0.4975 -0.5465 -0.5751 -0.3280 -0.0128 
27.6240 -3.4201 -2.4840 -2.4541 -0.3721 -0.8725 0.3041 -0.2464 0.0438 -0.7029 0.0872 -0.6345 -0.5239 
30.5703 -0.2611 -4.2646 -1.9343 -1.1971 0.1009 0.4613 0.9145 -0.1281 -0.4741 0.5032 -0.6220 0.0840 
35.2638 -1.2019 -5.0240 -1.5656 -1.9374 0.0812 -0.0261 1.5405 0.8002 -1.1055 0.0488 -0.0632 -0.6563 
33.9019 -0.9405 -4.7248 -1.0749 -2.0918 -0.6621 -0.8092 2.5695 2.1612 -1.5802 -1.0429 0.2131 -0.4916 
33.3307 0.3897 -4.4431 -0.5003 -0.9002 -1.3308 -0.6648 3.0003 2.4169 -1.4003 -1.3397 0.2743 -0.1916 
33.1071 -0.1542 -6.4159 -2.2427 -1.3405 -0.9307 -0.8330 2.0916 2.1599 -0.7558 -0.5731 0.5525 -0.6626 
33.9942 0.1143 -4.7655 -0.7119 -1.3486 -1.0835 -0.2706 2.6378 2.8693 -0.6787 -1.6835 0.4783 -0.1068 
33.8376 0.0778 -4.8266 -0.7826 -1.9664 -0.9520 -0.1434 1.7596 2.8021 -0.1928 -1.8300 0.4890 0.4092 
34.1611 -0.8799 -4.9013 -1.0208 -2.3292 -0.8136 -0.4168 1.5256 2.3476 0.0781 -1.9459 0.2544 -0.0159 
33.7985 -1.6364 -4.9938 -1.2714 -2.6501 -0.8306 -0.0783 1.3055 2.6811 0.1834 -2.0880 -0.1376 0.0512 
33.6043 -1.7244 -4.7584 -0.9286 -2.3664 -0.3978 0.5998 2.2602 3.3877 0.9764 -1.6020 0.1476 0.6521 
34.6149 -0.9954 -3.7724 -1.2343 -2.2537 -0.9204 -0.3503 1.3042 1.8946 0.6428 -1.8195 -0.0046 0.8038 
33.8855 -1.6493 -3.4844 -1.7905 -2.5149 -0.8783 -0.5586 1.8721 2.1442 1.1584 -0.9290 0.3469 1.5940 
33.7487 -2.6558 -2.7419 -1.9694 -3.1575 -1.5592 -0.8891 0.6697 1.6279 0.7051 -2.2540 -0.4937 1.3032 
34.0745 -3.1208 -1.5796 -1.6834 -2.4040 -1.1176 -0.1076 1.3020 2.4004 1.5198 -2.1830 -0.0715 2.0033 
34.4529 -3.7822 -1.9094 -1.7350 -1.9784 -2.1743 -0.0395 0.8033 2.2156 0.7569 -2.0944 -0.6906 1.6304 
34.8710 -3.7503 -1.9249 -2.0013 -2.1330 -2.0211 0.6008 -0.4885 2.3592 0.8409 -1.0841 -0.4381 1.5031 
33.7787 -4.9055 -1.9881 -2.6364 -3.2906 -2.5829 0.7147 -0.6360 2.0258 1.1263 -0.7012 -0.4839 1.7770 
34.5578 -3.6911 -1.5069 -1.7662 -2.0280 -1.4678 0.6553 0.1905 2.5246 1.5365 -1.2371 -0.1290 2.0597 
33.5328 -4.2197 -1.6920 -1.2638 -2.7852 -2.7561 -0.0920 0.4835 2.4348 0.2377 -2.7123 -1.0176 2.1002 
33.4009 -3.6985 -1.5455 -1.3607 -2.4884 -1.8460 0.4656 0.0717 2.2515 0.7104 -2.0506 -0.9229 1.4808 
33.1773 -3.2287 -0.9915 -1.4989 -2.6216 -0.9002 0.9040 0.1836 2.1503 1.1214 -1.8426 -0.5550 1.8788 
32.7517 -2.1997 -1.5878 -0.3166 -3.0389 -1.0143 0.8836 0.6287 2.1400 0.5727 -2.2300 -0.4479 1.8876 
32.1379 -2.1135 -2.6071 -1.0670 -3.0166 -1.5793 1.2296 0.3759 2.2327 -0.1642 -1.7795 -0.6284 1.3377 
30.2107 -0.7197 -2.1159 -0.6985 -2.8012 -2.4158 1.5223 2.2961 3.1229 -0.5681 -1.6957 -0.0984 1.7228 
30.9693 -1.0761 -3.2752 -1.6102 -3.0209 -0.8125 1.3237 1.1680 1.8210 -0.3335 -1.1309 -0.3756 0.1021 
29.5954 -1.1043 -2.3927 -1.9229 -2.8834 -0.9617 1.0759 1.8192 2.0559 -0.2389 -1.4249 0.1446 0.8589 
28.7651 -0.6081 -1.8418 -1.7947 -3.8482 -0.5564 1.3953 0.6195 1.1087 0.2405 -0.8280 -0.3760 0.3296 
27.4483 -0.1414 -0.9146 -1.2059 -4.1568 -1.7118 1.0285 0.4826 0.8080 -0.4831 -1.8736 -0.4773 0.8316 
27.3081 -0.3279 -1.9628 -0.5924 -3.4765 -1.8666 0.2383 0.3602 0.8816 -0.6017 -2.1696 -0.0516 0.8232 
26.1863 -1.1281 -2.1965 -0.2327 -3.1303 -1.1497 -0.0699 -0.3450 0.9147 -0.1144 -2.2282 -0.1760 0.7834 
25.7116 -0.4762 -1.9385 -0.2714 -1.4287 -0.3133 -0.2768 0.1661 0.3834 0.0389 -1.3893 -0.4404 0.8256 
24.8481 -1.6208 -1.9945 1.0066 -2.1468 -1.3393 -0.1086 -0.2881 0.8663 -0.9572 -1.8177 -0.5743 1.1525 
23.9245 -1.0360 -2.3955 -0.0487 -0.9741 -0.6042 -0.5856 -0.9529 0.3931 -0.2981 -0.5350 0.2225 0.5468 
24.3097 -0.9208 -1.7306 0.1178 -1.3606 -1.2508 0.4195 0.1663 0.8349 -0.2910 -1.1972 -0.0632 0.3348 
23.6335 -0.3583 -2.5000 -0.6453 -2.2182 -0.4662 -0.6540 0.7611 0.6711 -0.0271 -1.6921 -0.0818 0.4136 
22.4300 -1.2535 -2.4226 -0.9105 -2.5376 -1.5170 -0.5236 0.5320 1.0646 -0.2207 -1.0785 -0.0982 0.6053 
22.3255 -0.3752 -1.9218 -0.4051 -1.0524 -0.2771 -0.1243 0.6668 0.9250 -0.3380 -1.2606 -0.4837 0.3391 
21.6501 -0.7382 -1.3499 -0.7632 -1.3082 -1.0237 -0.0058 -0.0178 0.0273 0.0526 -1.2584 0.0547 -0.1672 
20.6255 -1.1935 0.1504 -0.3762 -1.2990 -0.6646 -0.4141 -0.3042 0.6840 -0.2869 -1.8512 -0.1582 1.2686 
20.3951 -0.6262 0.3467 -0.8160 -0.7630 -0.9144 -0.3144 -0.1176 -0.5959 -0.0822 -0.5633 -0.2938 0.3084 
19.9285 0.0451 -0.2117 -0.8140 -0.7888 -1.2529 -0.1606 -0.5853 -0.6958 -0.3963 -1.3572 0.1228 0.2466 
20.3931 -0.1572 0.4854 -1.7343 -1.3218 0.0433 -0.8143 0.3095 0.0908 -0.4563 -0.4814 -0.5893 0.3594 
18.8102 -1.5801 -0.3742 -1.5345 -2.1817 -0.5564 -0.2563 0.6665 0.8636 0.4582 0.7288 0.5753 0.3494 
19.3110 -1.2091 0.1639 -1.2284 -1.0735 -0.2008 -0.6471 -0.0082 0.4886 -0.3628 0.2751 -0.1914 0.1491 
18.6912 -0.2612 -0.9811 -0.9731 -1.0921 0.5701 -0.6163 0.6097 0.5341 -0.2753 0.0428 -0.2447 0.2344 
18.7590 -0.8347 -0.3029 -1.1408 -1.2457 0.0168 -0.6397 0.2794 0.3068 -0.3074 -0.4120 -0.7362 0.1726 
19.5338 -0.3919 0.2947 -2.0272 -0.7120 0.5677 -0.7652 -0.2586 -0.2200 -0.9492 -0.8140 -0.4309 0.0823 
18.5872 -0.2180 -0.5813 -0.9353 0.1904 -0.8470 -0.8929 -0.7062 -0.3574 -1.0711 -0.3436 -0.4009 -0.2589 
19.1349 -1.0184 -0.1038 -0.6981 -0.0259 -0.2891 -0.2315 0.4665 -0.5200 -0.7197 -0.1766 0.0129 -0.1251 
18.9843 -0.7336 -0.5025 -1.0924 -1.0746 -0.4601 -0.4396 -0.5826 -0.6174 -0.3998 0.1588 -0.2595 0.4360 
16.9507 -1.4855 -0.8515 -0.8271 -0.8894 -0.3711 -1.4044 -0.9008 -1.0851 -0.8876 -0.3398 -1.0431 -0.5072 
19.6863 -0.2568 0.7476 -0.9327 -1.0565 -0.5932 -1.1217 -0.4449 0.2407 -0.1564 -0.3799 -0.2706 -0.1730 
18.5523 -0.4906 0.1823 -1.1071 -1.0271 -1.0515 -1.3571 -0.5745 0.4056 -0.7725 -0.6127 -0.3295 -0.4315 
18.6494 0.4836 1.0891 -1.0708 -1.0987 0.1128 -0.8612 -0.2658 -0.2653 -0.3364 -0.5332 0.2399 -0.3762 
18.6264 -0.9948 1.3315 0.0284 -0.5545 -0.5754 -0.9582 -0.7458 -0.2852 -0.9496 0.2851 0.0177 0.1754 
17.2487 -1.5911 0.9500 0.4112 -1.2340 -1.0838 -0.5290 -0.2797 -1.5634 -0.9805 -0.6901 -0.3709 0.3002 
18.6078 -0.2482 1.5676 -0.3731 -0.6683 -0.9728 -0.8781 -0.7993 -0.4067 -0.4855 0.4487 -0.6162 -0.5388 
18.5542 0.4030 0.4116 -0.5068 -0.9274 -1.2230 -0.7908 -0.5865 -0.4007 -0.6055 -0.8227 0.0558 -0.2374 
17.9656 -0.2350 0.1604 -1.0074 -2.3869 -0.4461 -2.3217 -1.3029 -0.4879 -0.5589 -0.3455 -0.6616 -0.3743 
17.6104 -0.0453 1.3149 -0.0149 -1.9096 -0.3623 -0.0869 -0.2914 -0.2446 -0.2935 -0.7797 -0.4992 -0.1370 
17.6191 -0.5142 0.4169 -2.2934 -1.5129 -1.1355 -1.3546 -0.6673 -0.0284 -0.5214 -0.9434 -0.3178 -0.1403 
17.3447 -1.4882 -0.1408 -1.4381 -0.4634 0.3103 0.1595 0.6634 0.1200 -0.0373 -0.0498 -0.8538 -0.7169 
16.9683 -1.6053 0.0347 -2.4062 -1.9452 -0.0540 -0.4081 -0.8772 -0.3354 -1.0073 -0.9195 -0.7143 0.2954 
17.8210 -0.7684 0.2148 -0.2707 -1.1786 -0.1666 -0.4235 -0.8460 -0.1647 0.0348 -0.2285 -0.5748 -0.2416 
17.1755 -1.1746 0.1216 0.3569 0.1698 -0.1296 -0.7886 -0.3267 -0.2904 -0.8973 -0.1417 -0.5773 0.2517 
18.4230 -1.2633 -0.3019 -0.6779 -0.4483 0.5764 0.4008 -1.0041 -0.2688 -0.5687 -0.5446 -0.5934 0.3602 
17.4630 -0.8619 0.5035 0.0497 -0.8953 -0.2113 -0.6348 -0.7918 -0.1023 -0.6770 -0.2621 0.0170 -0.0657 
18.2269 0.0729 0.1363 -1.1447 -1.0920 0.1025 -0.8241 -0.8972 -0.3661 -0.5129 -0.2811 -0.0882 0.0789 
17.8597 -0.3201 0.8824 -0.9749 -1.7210 0.7507 -0.6739 -1.2028 -0.1118 0.1991 -0.4113 -0.3243 -0.2652 
16.1876 -2.3026 -0.3341 -1.7992 -1.0670 -0.1996 -0.3804 -1.1785 -0.3887 -0.3171 -0.4352 -0.3753 -0.1539 
17.0896 -1.8373 0.1683 -0.2162 -0.2952 -0.1816 -0.5943 -0.8474 -0.2304 0.2425 -0.2110 -0.1068 0.3140 
17.4149 0.3721 0.1328 -1.2620 -0.8655 0.0363 -0.6510 -0.6473 0.3131 -0.5332 -0.1003 0.0591 0.0439 
17.9789 0.3109 0.6664 -0.6735 -1.0239 -0.5791 -0.5231 -0.7488 -0.3530 -0.3032 0.1906 -0.0120 0.0909 
17.1532 -0.2662 1.4881 -0.3787 -1.1831 -1.1824 -1.6450 0.8599 -0.5871 -0.3890 0.3563 -0.9438 0.1165 
18.1280 -0.6183 0.8476 -1.6572 -1.0398 -0.5266 -0.9314 0.6325 0.1741 -0.5761 -0.6874 -0.4629 0.1996 
17.0086 -0.5589 1.3045 -1.4794 -1.3686 -0.0411 -0.7920 -1.3025 -0.0241 -0.2316 0.0120 0.2284 0.6936 
16.7802 -1.4962 -0.4726 -0.7337 -1.7150 0.4355 -0.2922 -0.0829 -0.9636 0.4849 -0.0108 -0.4328 0.0953 
18.3308 -0.8039 0.5763 -1.7845 -2.0199 -0.1693 -0.4236 -0.4785 0.0418 -0.0588 -0.2346 0.1131 0.2892 
16.4144 -1.1573 0.1020 -1.2323 -1.3040 -0.3400 -0.8787 -0.3052 -0.2464 0.4056 -0.3287 -0.1590 0.3622 
16.9395 -1.1596 0.9028 -0.8321 -0.9472 -0.6031 -0.1975 1.2527 0.3413 -1.0593 -0.6463 0.2575 -0.2318 
16.9833 -1.6699 0.5331 -0.7922 -0.4977 -0.2864 -1.0933 -0.4021 -1.0406 -0.9161 -1.1053 -0.4501 0.0533 
18.0059 -0.2578 1.3057 -0.1002 -2.0100 -0.3139 0.1852 -0.0022 -0.7953 -0.3949 -0.6970 -0.4183 0.0497 
17.0515 -0.8051 0.1461 0.4387 -1.4649 -0.6658 -0.8381 0.7213 -0.5429 -0.8229 -0.5350 0.2144 0.6671 
17.3223 -1.0240 -0.5646 -1.7275 -2.5102 -0.3279 -1.3566 -0.6311 0.2560 -0.3349 -0.8627 -0.2159 0.0859 
16.9859 -0.7899 0.6809 -1.3003 -0.8804 -0.4213 -0.0036 0.1792 -0.1668 0.2801 -0.3865 -0.0555 -0.2248 
15.8405 -0.9204 0.3489 -0.6990 -1.1843 -0.9637 -0.1852 -0.2632 0.6405 -0.1587 0.1099 -0.6834 0.2256 
16.7990 -1.1391 0.4334 -1.4318 -0.7456 -0.7744 0.0660 -0.1536 -0.1041 0.0148 -0.7955 -0.2621 0.2738 
16.2947 -0.9793 -0.4972 -2.3913 -0.7411 -0.3122 -1.3113 -0.1649 0.3386 -0.5129 0.2568 -0.6614 -0.2943 
15.3046 0.1386 0.5569 -1.7687 -0.8119 0.3956 -0.8585 -0.3654 -0.1619 -0.9186 -0.7264 -0.4102 -0.0210 
16.4915 -1.3261 0.3126 -1.1846 -1.9084 -0.9611 -0.7846 -0.9887 -0.3806 -0.2015 -0.5688 -0.5669 0.0317 
16.8369 0.6043 -0.2358 -0.9671 -0.3676 -0.4421 -0.8114 -0.1376 -0.2283 -0.7657 0.0689 -0.4226 -0.4127 
17.4200 -0.1000 0.8164 -0.3615 -2.0161 -0.1954 -0.3506 -1.4322 -0.2289 -0.1054 -0.0121 0.0559 -0.3161 
16.3876 -0.6352 0.7973 0.3325 -1.0110 -0.2541 -0.0281 -0.9356 -0.2229 -0.5050 -0.6486 0.2791 -0.0631 
