18.8115 1.6076 -0.5161 -0.7562 -1.9598 -1.1107 -0.2751 -0.6050 -0.4376 0.0573 -0.4404 -0.3026 0.1202 
19.5644 1.8710 -0.9059 -1.3826 -0.9548 -0.7041 0.5241 -1.1661 0.6508 -0.1428 -0.7162 0.0171 -0.0724 
16.2863 0.4155 -1.1659 -1.4588 -1.3217 -0.1954 1.0379 -0.4010 1.2942 0.6780 -0.4393 -0.3497 0.6396 
17.8890 0.0028 -2.2615 -0.6248 -1.2460 -1.1413 -0.2115 -1.2410 -0.5679 -0.1477 0.1346 0.5021 0.2404 
18.0067 0.7214 -2.6905 -1.7070 -1.6368 -1.3477 0.1624 -0.9957 -0.4061 -0.2137 0.0909 0.5825 0.1256 
17.5347 0.4951 -1.6283 -1.2462 -0.9917 -1.0333 -0.1614 -1.4030 -0.8646 0.0224 -0.3389 0.2826 -0.4443 
17.6401 0.1848 -1.0163 -2.0426 -1.7563 -0.2210 0.9174 -1.1162 -0.5202 -0.1672 -0.2547 0.0635 0.2810 
17.5116 0.7008 -1.0633 -0.9993 -1.6543 -0.3073 0.5861 -0.4109 0.0620 0.4298 0.2117 -0.7280 -0.4954 
16.7908 0.1031 -0.4596 0.1441 -0.4735 0.2121 0.3512 -1.0043 -0.3959 -0.0999 -0.8624 -0.8133 0.2747 
17.8531 -0.3664 -2.4256 -1.0244 -0.9960 -0.0485 0.8549 -0.2811 0.5966 0.0359 -0.3641 0.0342 -0.8247 
18.1244 0.4348 -0.9907 -1.1899 -0.3094 -0.9397 -0.9396 0.1018 0.2755 0.2786 -0.2391 0.1922 -0.1982 
17.9255 -0.1762 -0.7751 -0.3835 -1.5222 -0.6904 -0.0118 -0.0233 0.0907 -0.0380 -0.2976 -1.1689 -0.0581 
18.5292 0.1480 -0.6333 -0.5700 -1.1969 1.1142 -0.2947 -1.4228 -0.4207 -0.5882 -0.8778 -0.1305 -0.1941 
17.0571 0.6079 -0.8354 0.1988 -0.9532 0.3837 -0.0624 -2.4888 -0.5436 -0.2841 -0.0927 0.4085 0.4477 
16.9908 -0.3273 0.4554 -0.6091 -2.3158 -1.9284 0.3123 -1.0247 0.3053 -0.1577 -1.1546 0.0975 -0.3288 
17.1749 -0.2955 -0.8960 -1.1984 -1.5013 -0.6630 -0.1502 -0.8701 0.4838 -0.7220 -1.0587 -0.8301 0.4310 
18.7266 1.0851 -0.5272 -1.1268 -1.8393 0.2902 -0.3931 -0.3518 -0.2463 -0.3939 -0.1435 -0.3119 -0.0985 
18.5770 1.0311 0.0046 -0.4792 -1.3951 -0.2251 -0.2977 -1.1155 -0.4005 -0.2544 -0.6141 0.1646 0.4827 
16.0301 0.1439 0.6860 -0.6166 -0.5804 0.1663 0.3105 0.2248 0.1761 -0.5503 0.0692 0.2442 0.0439 
17.7846 -0.1067 -0.2416 -0.2347 -1.6593 -0.6494 -0.5932 -0.2760 0.3298 0.0346 -0.6836 -0.6270 -0.2357 
17.6262 -0.2027 -1.9831 -0.2241 -1.8861 0.0450 0.0116 0.0348 0.1189 0.1518 0.7082 0.6876 0.0191 
17.3476 0.5276 -0.6944 -0.1904 -2.0236 -0.8418 -0.0612 0.0724 -0.0608 -0.1580 0.0918 0.0090 0.0843 
16.7361 0.2437 -1.4140 -0.7572 -0.4190 0.4513 0.6365 -1.6730 -0.3523 0.0190 -0.7518 0.0326 0.4040 
18.3820 0.1715 -1.4459 -0.9029 -1.0540 -1.0238 -0.2726 -1.1746 -0.4818 -0.0392 -0.2446 0.0109 -0.2648 
16.7042 -0.0896 -0.6692 -0.8112 -0.6481 -0.5948 1.1819 -0.6480 -0.3319 0.4829 -0.8117 0.0207 -0.2471 
18.0747 1.2215 -0.3606 -0.4421 -1.5003 -0.6008 -0.0281 -0.7900 -0.5212 0.0164 -0.5891 -0.3406 -0.2953 
19.5151 2.6725 -1.0539 -0.6306 -1.3474 -1.6846 0.1151 -0.1535 -0.6110 0.1711 -0.5366 -0.1873 -0.1692 
19.2749 0.6197 -1.9021 -0.5728 -1.5480 0.0743 -0.0542 -0.4573 0.0286 -0.3249 -0.5154 0.0104 -0.0354 
18.2371 0.3971 -1.2720 -0.6893 -0.9039 -0.4132 -0.8247 -0.5720 0.0377 0.2846 -0.2284 0.2397 0.0806 
17.4753 0.1769 -1.7046 -1.2439 -2.0721 -1.9433 -0.1984 -1.1133 -0.4322 0.1226 -1.3157 -0.1636 -0.0533 
19.4003 2.0587 -0.0810 -1.7809 -0.8928 -1.0698 -0.4673 -0.8881 0.2552 -0.2493 -0.2831 0.1507 -0.2312 
19.1953 0.5052 -0.2529 -0.9372 -2.3401 -0.4888 0.5156 -0.4506 0.3125 0.4004 0.2270 0.1978 0.5282 
18.3865 -0.2035 -1.9909 -1.7814 -1.2277 -0.5343 -0.1943 -0.1248 1.2378 0.4303 -0.0558 0.0005 0.1018 
20.6840 1.5965 -1.3140 -1.6049 -0.5599 -1.1565 -0.8065 0.1171 1.1327 -0.2810 -0.5101 -0.3557 0.3025 
20.1823 1.0687 -1.8843 -0.5866 -1.5302 0.1724 0.0195 -0.0318 -0.1772 -0.4980 -0.1713 -0.6708 0.2984 
19.0983 0.9673 -1.8038 -0.8113 -1.3160 -1.2079 -0.2720 -0.2264 0.7978 0.0372 -0.2232 -0.1821 -0.1374 
20.9256 1.7878 -2.0886 -1.8871 -0.9734 -0.7747 0.2276 -0.8005 0.4895 -1.1214 0.0138 -0.4550 -0.0800 
18.9738 1.3653 -0.5772 -0.8248 -1.4101 -0.5143 -1.1200 -0.6723 -0.0070 0.1638 -0.3071 -0.6040 -0.3208 
19.3181 0.4143 -1.0346 0.1349 -1.5698 -0.4560 0.2081 -0.4675 -0.2450 -0.4970 -0.2616 -0.0482 -0.1815 
20.4120 2.0841 -0.2220 -1.0646 -1.7866 -0.3428 -0.0313 -0.7717 0.1508 -0.6324 -0.4573 -0.2736 -0.0597 
20.0140 1.1957 1.7677 -1.1416 -0.6459 -0.6588 0.2546 -0.4790 -0.5680 -0.3316 -0.5861 -0.6111 0.2157 
20.9690 -0.8128 1.4146 -0.6631 0.1923 -1.6983 -0.6188 0.0859 -0.7773 0.8177 -0.1471 0.1359 -0.2179 
19.2746 0.4847 -0.2097 -1.1328 0.2479 -0.0632 -0.2840 -0.8862 -0.1373 -0.2947 -0.6143 -0.3606 0.4546 
20.3145 0.7401 -1.6354 -1.1420 -1.0582 -0.6418 0.2736 -0.1491 -0.2668 0.1347 -0.0261 0.1573 0.2108 
19.7116 1.3592 0.2067 0.1464 -0.7904 -0.3169 -0.6037 -1.8175 0.1734 0.3577 0.0786 -0.3383 -0.5878 
18.8326 -0.1280 -0.6837 -0.9552 -1.0509 -0.5094 -0.8569 -1.2247 0.0440 -0.9254 -0.0640 -0.7202 -0.5687 
18.3450 -0.5081 -1.2422 -0.8340 -1.1892 -0.7616 0.0552 -1.2123 -0.6111 -0.1147 -0.0637 -0.1963 0.0673 
19.0009 1.1685 -0.4516 -0.5575 -0.9217 -1.0418 -0.4180 -1.1423 0.6031 0.3239 -0.6928 -0.6219 0.4293 
18.8717 0.5028 -0.9942 -0.8637 -1.4591 -0.3464 0.8342 -0.6240 -0.0147 0.2076 -0.6820 -0.2411 -0.3362 
19.1360 0.3848 -2.2146 0.0785 -1.5473 -0.3467 -0.5938 -1.3142 -0.5933 -0.5019 -0.3242 -0.2846 -0.2784 
19.5491 -0.0082 -2.6064 -0.9971 -1.9367 -0.3964 -1.0698 -1.6916 -0.8199 -0.0618 -0.5601 -0.7203 -0.2251 
19.1975 1.1166 -0.2278 -2.1825 -1.0731 -0.2002 -0.0937 -0.2302 -0.8854 -0.5838 -0.2197 -0.4205 0.1300 
18.9456 0.5728 -0.6058 -2.4938 -1.3310 -0.1185 -0.5417 -0.4484 0.3387 -0.1212 -0.0079 -0.2802 -0.0987 
18.7197 0.8132 -0.6534 -0.4279 -1.1099 0.0060 -0.5365 -0.2819 0.7927 -0.3704 0.1131 -0.6048 0.0922 
18.1709 -0.1698 -0.4749 -1.2540 -1.6476 -0.2842 0.2253 -0.4819 0.0837 0.4714 -0.5404 -0.3385 -0.4854 
18.0059 0.0971 -1.3291 -1.8101 -0.9788 -0.1899 0.3155 -0.1766 0.1464 -0.2000 -0.1301 0.5140 0.1541 
17.9277 -0.0817 -1.2562 -0.7305 -0.9568 -0.2780 0.6280 -0.3318 -0.0796 0.0630 -0.2599 0.0709 -0.2903 
19.1928 0.3953 -1.0347 -1.0422 -1.3618 -0.4739 -0.2873 -0.3252 -0.3217 -0.3714 0.1131 -0.1402 -0.3567 
17.8946 -0.5734 -1.4263 -0.8410 -0.4795 0.4563 0.0555 0.4013 0.1927 0.2603 -0.3566 -0.3986 -0.3717 
16.9980 -0.6823 -0.6479 -0.5565 -2.1483 0.1596 1.3930 -0.0120 -0.5408 -0.1681 0.1065 -0.4881 -0.4680 
18.5121 0.2546 -0.9159 -0.1746 -0.9911 0.5880 0.1455 -1.4261 -0.0473 0.1810 -0.2482 -0.5955 0.3538 
18.4310 0.8110 -0.3265 -0.5005 -1.1462 -0.7401 -0.2736 -0.9010 -0.5541 0.3290 -0.3732 -0.6328 0.3640 
18.9362 1.5884 -0.2252 -0.8829 0.2844 -0.0975 -1.3466 -0.3173 -0.0293 -0.7014 -0.6938 -0.1780 -0.5587 
19.0007 1.6116 -0.3467 -1.0507 -0.4430 -0.6604 0.3800 -0.6494 -0.3091 0.0019 -0.2245 -0.3121 -0.2531 
17.5551 -0.9935 -1.0318 -0.3354 -1.5431 -1.0504 0.2021 -1.1697 -0.6858 0.0244 0.4088 -0.0990 -0.0371 
16.5660 0.2176 -0.8819 -1.9560 -2.3354 -0.0371 -1.2143 0.5357 0.5310 -0.0927 -0.4793 -0.3420 0.0534 
17.3933 1.3369 -0.3978 -1.2586 -1.6501 -0.3678 -0.0154 -0.5470 0.7080 0.6537 -1.8731 -0.1692 0.6296 
17.6610 0.3058 -1.8576 -0.3911 -1.8972 -0.0543 -0.4926 -0.1502 0.2851 -0.4763 -0.1644 -0.5690 -0.1777 
17.2536 0.3497 -0.6333 0.0178 -1.5119 -1.6518 -0.1536 -0.1078 0.5014 -0.2623 -0.4321 -0.5895 -0.2123 
18.2987 0.4038 -0.5197 -1.3281 -1.9792 -0.7464 -0.5968 -0.1268 0.4511 0.0188 -0.8516 -0.3289 0.3966 
18.8273 0.8085 -1.5689 -1.8707 -1.8925 -0.9304 -0.7090 -1.0648 -0.2860 -0.9085 0.3724 -0.9228 0.0230 
18.6226 0.1180 -1.1870 -0.4528 -0.6306 -0.8414 -0.7628 -0.8315 -0.3605 -0.5633 -0.3337 0.0416 -0.1803 
17.8180 0.5676 -1.6472 -1.1485 -1.3314 -0.4047 1.1173 -0.1259 -0.1167 -0.3303 0.0372 -0.2614 -0.3551 
17.4058 0.8839 -1.4780 -1.1185 -1.1225 -0.4005 0.2346 -0.6081 0.5753 0.1814 -0.3018 0.5603 0.5248 
18.8266 0.8586 -1.4444 -0.9741 -0.6575 -0.5946 0.0910 -0.2180 0.0558 -0.0181 0.2935 -0.2248 -0.5171 
18.0506 -0.5543 -1.2880 -1.0901 -1.5940 -0.8013 -0.3070 -0.6197 -0.6629 -0.3594 -0.1855 -0.0694 -0.3379 
18.3256 0.4525 -1.1314 -0.0132 -0.2944 -1.0099 -1.1512 -0.3497 -0.8112 0.4910 -0.3425 -0.5229 -0.1084 
18.8023 -0.3710 -1.6343 0.3915 -0.1771 -0.2065 0.0503 -0.3859 -0.8912 -0.6762 -0.7836 -0.8443 0.0536 
19.9974 0.2043 -1.4813 -1.1581 -0.3543 -0.1721 -0.5046 -0.3424 -0.0378 0.8505 -0.0738 -0.2181 -0.1540 
19.5091 0.3414 -1.0810 -0.3865 -0.9719 -0.2529 -0.5483 -0.7373 -0.1077 0.0387 -0.6027 -0.1605 -0.1799 
20.7691 0.4789 -1.4250 -0.8030 -1.8421 -0.6542 -0.6590 0.2649 -0.7080 -0.8601 -0.1734 0.0575 -0.3706 
20.4016 0.2953 -1.9514 -0.4652 -1.3540 -1.4081 0.5440 -1.1260 0.5411 -0.2627 0.5706 -0.0813 0.0309 
21.1097 0.9088 -1.4285 -1.2727 -0.4456 -0.7312 -0.6335 -0.4396 -0.1201 -0.9152 -0.3797 -0.1593 -0.0789 
30.8192 1.5845 -3.4879 -1.0884 -1.4043 -1.1427 -1.1380 -0.5508 -0.4712 0.0518 0.2924 -0.5450 -0.5278 
34.1145 0.2121 -4.0919 -0.6242 -1.3929 -0.3732 -1.1281 -0.3700 -1.0010 -0.3877 -0.0387 0.0263 0.3468 
35.1128 -0.8324 -4.5278 -0.3784 -1.0075 0.3142 -0.7607 -0.4381 -0.2612 -1.3879 -0.8310 -0.3998 -0.3107 
35.9212 -0.4757 -3.8017 -0.4960 -0.4173 -0.2355 -1.1806 0.3018 -0.1335 -1.2245 -0.0093 -0.0553 -0.6291 
35.8070 -1.0080 -3.8750 -0.2541 -0.0110 0.1054 -1.2316 0.1481 -0.0089 -1.6890 -0.1567 -0.0053 -1.0081 
34.9759 -0.5352 -4.5733 -0.6430 -0.0574 -0.0831 -1.2116 -0.3478 0.0871 -1.5886 -0.8524 0.3429 -1.4072 
36.1416 -0.4948 -4.4250 -0.6853 -0.4122 0.1245 -1.0060 0.1738 0.4597 -0.9841 -0.3002 0.6233 -1.0852 
35.7596 -0.6479 -4.6370 -0.6518 -0.2810 -0.0320 -0.8899 0.0039 0.4653 -0.9279 -0.6079 0.4447 -1.1110 
35.3709 -0.4285 -3.8717 0.1262 -0.2337 0.6462 -0.6216 -0.6336 0.6214 -1.3127 -0.6126 0.5981 -1.0250 
35.2370 -0.4910 -3.6697 -0.6336 -0.9564 0.2230 -0.4757 -1.0312 0.6992 -1.1840 -0.9072 0.3794 -0.9163 
36.1891 -0.0812 -3.8713 -0.6023 -1.0107 -0.1344 -0.5581 -0.4373 0.5826 -0.9093 -0.7163 0.5497 -0.8920 
36.1901 0.0708 -4.1430 -0.4858 -1.0683 0.2147 -0.4368 -0.3957 0.8445 -0.7729 -0.7978 0.5759 -0.8792 
36.1599 0.0873 -4.3563 -0.5626 -1.1024 -0.0379 -0.6382 -0.2703 0.6093 -0.7380 -0.9573 0.6264 -0.9742 
35.7933 -0.4521 -4.1531 -0.7540 -1.3582 -0.1592 -0.8954 -0.5549 0.6012 -0.9012 -1.1916 0.2583 -0.9469 
35.7042 -0.8847 -4.2001 -0.7220 -1.4221 -0.0105 -0.8730 -0.5911 0.7283 -1.0363 -1.0224 0.2492 -1.1294 
35.9478 -0.9327 -4.1568 -0.7367 -1.5425 0.1724 -0.7146 -0.3868 0.7889 -1.0719 -0.8503 0.1212 -0.9663 
36.5045 -1.0386 -3.7314 -0.6618 -1.4218 -0.0215 -0.5579 -0.0842 0.3879 -0.6578 -0.8447 0.0827 -0.5443 
36.3455 -1.7650 -3.6821 -1.1747 -1.1499 -0.5708 -0.5662 0.3306 -0.0514 -0.6042 -0.7835 -0.2184 -0.4067 
36.2816 -2.1027 -3.3418 -1.4215 -0.9467 -1.0480 -0.7703 0.4842 -0.5443 -0.4404 -0.8513 -0.5974 -0.2659 
36.5337 -2.3258 -2.6454 -1.1192 -0.6626 -0.9491 -0.6376 0.6502 -0.5234 -0.2513 -0.7235 -0.5796 -0.1916 
36.4843 -2.8328 -3.1670 -1.5385 -1.0816 -1.1118 -0.6361 0.4388 -0.7790 -0.5117 -1.1353 -0.5619 -0.3092 
37.1503 -2.6109 -2.5546 -1.4850 -0.5575 -1.0515 -0.2139 0.5236 -0.4645 -0.2015 -0.9821 -0.2900 -0.1744 
37.0356 -2.9288 -2.9565 -1.8235 -0.6533 -1.6643 -0.2110 0.1793 -0.5358 -0.3781 -1.0358 -0.5440 -0.2680 
37.0288 -2.9913 -2.7379 -1.8502 -0.1958 -1.6765 -0.1872 0.1113 -0.5277 -0.4334 -0.8339 -0.5435 -0.1924 
36.6959 -3.0887 -2.8253 -1.7888 0.3127 -1.4388 -0.1492 0.0860 -0.6808 -0.4718 -0.7822 -0.4677 -0.2467 
36.3480 -2.9052 -2.9035 -1.6534 0.8380 -0.6126 -0.1302 0.1907 -1.1093 -0.9319 -1.2266 -0.2854 -0.3143 
36.3598 -1.9295 -2.5820 -1.6483 1.0438 -0.4434 -0.7957 0.1541 -0.5083 -1.0923 -0.3262 0.0633 -0.4700 
35.8456 -1.2348 -2.9614 -1.3877 1.0799 -0.6145 -1.0396 0.1152 -0.4139 -1.6138 0.1444 -0.2018 -0.2781 
35.8525 -1.7409 -2.9077 -1.7567 0.2023 -1.0607 -1.1065 0.3288 -0.9966 -1.5579 -0.8383 -0.2825 -0.3668 
34.3897 -0.8317 -2.3456 -2.0322 -0.6226 -1.4295 -0.7456 0.1126 -0.4878 -1.8186 -0.4924 -0.6545 -0.2353 
34.1060 -0.0030 -2.6993 -1.9890 0.3243 -2.1461 -0.5536 0.5698 -0.7897 -1.5935 -0.1692 -0.6325 0.3111 
33.6286 -0.3389 -2.2182 -0.8780 -1.3026 -1.4061 -1.2651 0.4317 -0.4202 -1.7336 -0.5917 0.1319 -0.3489 
32.4638 -0.4361 -2.1362 -0.9422 -0.5891 -1.6739 -1.4834 0.0297 -0.6198 -1.5761 -0.3844 0.0189 -0.5965 
31.2538 0.5499 -1.9249 -0.7326 -0.4426 -1.1040 -1.7277 0.0916 -0.8338 -0.7453 -0.3313 -0.0537 -0.9079 
30.0312 0.6400 -0.4704 -0.9711 -1.3186 -1.6418 -0.9788 0.3382 -0.8109 -0.8039 -0.8620 -0.0094 0.3108 
30.1218 0.0169 -0.8425 -1.4336 -0.9893 -1.7103 -0.7959 -0.1140 -0.8205 -1.2346 -0.5535 -0.2337 0.3041 
27.9065 0.1612 0.1875 -1.4482 -1.5753 -2.2681 -0.4394 0.3795 -1.1531 -2.0262 -0.4374 -0.0197 0.0219 
29.1074 0.0979 -1.5899 -0.4374 -0.3995 -1.4595 -0.3969 -0.8116 -0.0219 -1.2497 0.4502 0.2364 0.0409 
27.5718 -0.9923 -2.9505 -1.2136 -0.8887 -1.0768 -0.6551 -0.5416 -0.1593 -0.6229 -0.2718 -0.0154 -0.3385 
25.3226 -0.7690 -2.0900 -1.3469 -0.5028 -1.5013 -0.4413 -0.4424 0.5635 -0.2310 -0.5997 -0.1931 -0.3783 
24.5538 -2.1504 -2.4184 -1.5913 -0.1838 -0.5254 -0.3426 -1.6663 0.2053 -0.5177 -0.7770 -0.4483 -0.2038 
24.5286 0.2827 -1.4211 -0.5924 -0.9520 -1.1947 0.2014 -1.0062 0.1932 -0.9319 -0.4716 -0.2742 -0.1082 
23.8973 0.8985 -2.4734 -2.0163 -1.4256 -0.4891 -1.1677 -1.0743 -0.6912 -0.5152 -0.8165 -0.3763 -0.1556 
23.1763 0.3003 -1.2892 -1.4589 -0.0078 -1.3102 -0.6980 0.5236 -0.7455 -0.4421 -0.3513 -0.3221 0.2248 
22.3624 -0.2780 -1.4970 -0.4513 -0.9289 -1.2785 -0.3043 0.0032 -0.1154 0.0560 -0.5736 -0.0202 -0.1344 
22.8106 -1.1966 -2.2135 -1.1500 -0.9466 -1.6075 -0.2499 -0.3479 -0.7453 -0.7920 -0.3194 -0.2368 -0.4208 
21.9748 0.0381 -1.1586 -1.1903 -0.2973 -0.7262 -0.7294 -0.2554 -0.1530 -1.5063 -0.1308 0.3388 -0.9598 
21.9114 -0.2292 -1.9249 -1.3955 -1.2267 -2.1062 -0.8858 -0.3425 0.1444 -1.4652 -0.6224 -0.3714 0.3071 
21.1559 0.1984 -1.3569 -1.1567 -0.6583 -0.3285 0.3735 0.2219 -0.0222 0.1222 -0.8183 0.1432 0.0928 
20.7323 1.1141 -0.1133 -0.4821 0.1818 -0.4401 -0.8273 -0.9451 -0.0701 -0.2149 0.0694 -0.3664 -0.3349 
21.1456 0.2098 -1.3233 -1.5821 -1.2808 -0.6446 -0.1350 -0.6764 -0.4860 -0.4869 0.0340 -0.2359 -0.6625 
20.7304 0.5472 -1.5108 -2.2117 -1.0324 -0.7229 -0.4546 -0.3764 1.0604 0.0400 -0.2975 0.2300 -0.1927 
19.9924 -0.6599 -1.9017 -1.0075 -1.0957 -0.9857 -1.4111 -0.0573 1.2954 -0.0527 -0.1880 -0.9500 -0.5362 
20.7059 0.7947 -1.9120 -1.6663 -1.0801 -0.7894 -0.6340 0.0326 -0.1192 0.0364 -0.5705 -0.6412 0.4084 
21.0669 0.2954 -1.2035 -0.6337 -1.0521 -0.7764 0.8594 -0.2817 -0.6186 -0.3742 -0.1347 0.1927 -0.2058 
20.3967 0.9470 -0.8822 -1.6147 -0.2519 0.5620 -0.1005 -0.4452 0.3928 -0.4764 0.0184 0.0333 -0.2222 
20.8569 -0.0134 -1.1961 -0.5958 -1.0746 -0.7456 -0.3459 -1.3720 0.1940 -0.5117 0.0073 -0.4760 -0.0234 
21.1516 0.8347 -1.3299 -1.3386 -1.3195 -0.9478 -0.5087 -0.8467 0.1192 -0.5435 -0.9491 -0.2204 0.0599 
22.2457 0.8952 -1.7540 -0.8645 -0.7870 0.1759 -0.2827 -0.4438 -0.7059 -0.2277 0.6455 -0.2783 0.0605 
21.4211 0.6236 -1.1096 -1.0318 -0.9721 0.4550 0.6460 -0.5544 -0.7063 -0.5397 -0.0110 0.2900 0.0396 
21.3239 0.8896 -1.3680 -1.5124 -0.8501 -0.1500 -0.4730 -0.3816 -0.3038 -0.8945 0.7285 -0.0897 -0.0584 
20.1177 0.2806 1.1420 -0.1040 -0.9199 -0.4621 -0.4132 -1.4996 -0.0708 0.6426 0.1499 -0.5325 -0.0642 
20.1106 -1.1181 -1.7294 -1.3333 -1.6233 -0.0967 -0.7934 -1.3629 -1.2894 -1.7698 -0.6866 -0.2843 -0.9023 
21.5947 0.9413 -0.4337 -0.5690 -1.2427 -0.9292 -0.5550 -0.4722 0.2795 -0.3700 -0.6308 -0.1027 -0.0540 
21.3130 0.3975 -2.1975 -1.3043 -1.4015 -0.7545 0.4462 -1.9287 -0.1829 -0.1752 -0.5994 -0.3763 -0.2331 
20.2820 0.9105 -1.0518 -1.2891 -1.2052 -0.9892 0.0914 -0.0026 0.2248 -0.2552 -1.0266 -0.1522 0.2132 
20.2611 1.2498 -0.7730 -1.6000 -0.8433 0.2154 0.1045 -0.7920 -0.8365 -0.4458 0.1550 -0.2494 -0.0575 
19.8671 -0.7430 -0.9150 -0.4413 -0.1529 -0.5750 0.0393 -0.8123 -0.8830 -0.6667 -0.8578 0.0915 -0.1135 
19.0118 -0.6704 -2.3017 -1.7503 -1.6870 0.2632 0.5522 -0.9533 -0.9066 0.0926 -0.2998 -0.6314 -0.5147 
20.9415 -0.1812 -1.3226 -1.4061 -0.6908 -0.3177 0.4138 -0.7586 -0.3490 0.2287 0.3800 0.1305 -0.0198 
20.9518 0.3113 -0.9800 -0.6767 -1.5383 0.0390 0.4419 -0.0857 -0.5799 -0.9517 -0.0589 0.3135 -0.5017 
19.1604 -1.0338 -1.1091 -0.7636 -2.2909 -1.7845 -0.5653 -0.9767 0.1504 -0.7083 -1.3703 -0.5894 0.4319 
19.4063 0.0627 -1.7783 -0.0744 -0.2197 -0.2761 0.9795 -1.1859 0.1432 -0.1778 -0.2857 -0.3083 -0.3079 
20.3606 0.6705 -0.1276 -0.3766 -1.1674 0.1893 -0.3618 -0.5484 -0.5962 -0.8124 -0.0209 0.6562 -0.0591 
19.7901 -0.8035 -1.5159 -1.0441 -0.5558 0.0505 0.4538 -0.4611 -0.0440 -0.4220 -0.0317 0.3935 0.2556 
19.9982 -0.3247 -2.5509 -2.3072 -1.6016 0.0552 -0.6832 -0.9182 -0.2458 0.1223 -0.1461 0.0932 0.1402 
19.6145 0.2616 -1.4300 -1.6660 -1.4097 0.7288 -0.6823 -0.5168 -0.2588 -0.9912 -0.6965 -0.2690 0.3628 
19.9185 -0.1005 -1.1209 -1.9268 -1.8086 -1.2294 0.3061 -0.7364 -0.5614 0.9776 0.1842 -0.2077 0.1058 
18.9931 0.1218 -0.8060 -1.3349 -0.9438 -0.2831 1.0549 -0.8788 -0.8465 -0.5964 -1.0038 -0.2467 0.3650 
20.3613 0.0010 -0.5634 0.5165 -1.3546 -1.0314 -0.1538 -0.6019 -0.1842 0.1044 -0.2428 -0.0980 -0.1869 
21.2975 0.2595 -1.7210 -1.2280 -0.9617 -0.5172 0.2012 -0.7326 -0.2782 -0.6464 -0.6515 0.2083 0.0361 
19.3486 -0.4038 -1.5301 -1.3223 -1.2175 -0.4054 0.2522 -0.8639 -0.5517 -0.8271 -0.2863 -0.1152 -0.5596 
18.6650 -0.9217 -1.4537 -0.8834 -2.3342 -1.4377 -0.5276 -0.4492 -0.4676 -1.3730 -1.3942 -0.9460 0.5387 
19.2642 0.5700 -0.7687 1.5684 -0.0569 -0.7414 -1.6793 -0.4941 -0.7924 0.4966 -0.1827 0.0642 0.2761 
20.9645 0.7157 -0.4001 -1.1085 -1.2889 -0.6225 -0.2587 -1.1976 0.0281 -0.2056 -0.6266 -0.0438 -0.0895 
19.4979 -0.5113 -0.2934 -0.5863 -1.4181 -0.3125 -0.0064 -0.9701 -0.1184 0.4588 0.2746 -0.4407 0.1562 
18.3196 -1.6404 -1.9816 -0.1543 -1.8316 -0.7355 -1.4315 -1.5411 -0.3960 -0.6025 -1.4733 -0.2266 0.1864 
18.7779 0.4286 -0.5445 -0.9870 -1.5598 -0.8478 0.2155 -1.1853 -0.3575 -0.4121 -0.7560 -0.3122 0.3520 
19.1250 -0.4217 -1.7950 -0.3347 -1.4492 -0.0014 0.3567 -1.7555 -1.5209 -1.1861 -0.7091 -0.3595 0.2531 
19.3310 0.6964 -0.3909 -0.4153 -0.5951 -0.5202 -0.7180 -1.0244 -0.4211 -0.1492 -0.8550 -0.2515 -0.1234 
18.6601 1.1163 -0.8822 -0.5806 -1.6362 -0.1405 -0.1595 -0.4051 -0.0442 -0.5721 -0.4547 -0.5330 -0.4445 
18.1155 0.3593 -2.8388 -1.2586 -1.6270 -0.3418 0.0110 -0.4260 -0.1982 -0.2527 0.1094 -0.9929 -0.5961 
18.7301 -1.2104 -1.3030 -0.0620 -1.1007 -0.5739 0.3159 -0.1391 0.3576 -0.3486 -0.6913 -0.4961 -0.0410 
18.4250 -0.7122 -1.8768 -0.6165 -1.8705 -0.2190 0.1099 -0.8573 -0.6467 0.2040 0.0104 0.4732 0.0266 
16.9358 -1.2662 -2.8434 -0.0563 -0.8578 1.0870 1.8270 0.2488 -0.3149 0.0204 -1.0881 -0.9654 -0.5094 
19.0764 0.6773 -0.9425 -1.6816 -0.3211 -0.0755 -0.9343 -0.6809 -0.6973 -0.5524 0.3028 -0.1240 -0.1127 
18.4465 0.3408 -0.8514 -1.6252 -1.7921 0.1042 0.0716 -1.3111 -0.4428 -0.9357 -0.2673 -0.0971 -0.5685 
19.7349 0.4951 -0.6273 -0.8420 -1.7714 -0.6008 -0.4501 -0.9887 0.9458 -0.3571 -0.7036 -0.2640 0.2497 
18.3312 0.6705 -0.4441 -0.7273 -0.4745 -1.1234 0.8220 0.2372 0.1843 -0.5922 -0.4912 0.3325 -0.3579 
18.5305 1.9920 -1.7802 -1.2997 -0.9227 -0.4888 0.2624 -1.0287 0.0869 0.3324 -0.3284 -0.1557 0.1608 
18.7865 1.2829 -1.4259 -1.5212 -1.3758 -0.4207 0.8566 -0.9853 0.2918 -0.0204 -0.5030 -0.3477 -0.4036 
19.4172 0.8364 -1.5893 -1.4155 -1.6411 -0.2198 0.5123 -1.6647 0.1596 0.3175 -0.3384 -0.2485 -0.0025 
