21.3736 13.6455 -7.7529 -5.3170 2.2320 -0.7444 -2.0582 0.3889 -1.4319 -2.5508 -0.0233 -0.4151 -1.9538 
21.5832 13.7505 -7.9110 -5.4514 2.2389 -0.6116 -1.5124 1.5405 -0.2347 -2.0057 -0.0341 -0.5984 -2.3961 
21.2095 13.6885 -7.8224 -6.0949 1.6751 -0.3467 -1.3113 1.2879 -0.2692 -1.9661 -0.3646 -0.7381 -2.0642 
21.2150 13.5224 -7.8665 -5.6076 2.0049 -0.7001 -1.8069 0.9953 -0.4381 -1.7711 0.1600 -0.3777 -1.7589 
21.3953 13.8290 -7.4998 -5.2589 2.3155 -0.4060 -1.4921 1.3841 -0.0537 -1.5750 0.1961 -0.3196 -1.7593 
21.4800 14.1704 -6.9327 -4.8361 2.6420 0.0894 -0.9268 1.8129 0.1383 -1.7998 -0.3151 -0.5183 -1.5692 
21.1851 13.6605 -7.5943 -5.5716 1.8076 -0.9062 -1.9092 1.0554 -0.3762 -1.9587 -0.0821 -0.4193 -1.9131 
21.5203 14.0742 -7.2898 -5.4422 1.6903 -1.1010 -2.1124 0.5572 -1.1461 -2.5755 -0.5263 -0.9172 -2.3234 
21.8606 14.7868 -6.3496 -4.6765 2.2466 -0.6285 -1.8299 0.6232 -1.1083 -2.3543 -0.0221 -0.4011 -2.1737 
21.6252 14.4201 -6.6093 -4.5153 2.8148 -0.0713 -1.5882 0.7078 -0.9000 -2.0997 0.1227 -0.0844 -1.4815 
21.7967 14.0737 -7.6111 -5.1761 2.6042 -0.3874 -1.9091 0.6619 -0.9120 -2.2829 -0.1997 -0.6017 -2.0476 
21.7219 13.8922 -7.7953 -5.2094 2.6623 -0.0790 -1.0821 1.6309 -0.3582 -1.9220 0.3948 0.0348 -1.6141 
22.0394 14.7010 -6.6424 -4.3766 2.9508 -0.3611 -1.7935 1.3055 0.0391 -1.7476 -0.0556 -0.1512 -1.3227 
23.6188 16.8594 -4.7558 -2.7857 4.5595 1.2781 -0.7904 1.3275 -0.1904 -1.5795 -0.0502 -1.0203 -2.5882 
24.8313 18.8007 -2.7274 -1.5048 4.8253 1.2116 -0.8473 0.7026 -1.5967 -2.9706 -0.8767 -1.6580 -3.2806 
26.1308 19.8784 -2.5282 -1.3051 4.6832 0.4916 -1.2296 0.6757 -2.1621 -3.7804 -1.0169 -1.1043 -2.4118 
26.6397 20.6614 -2.0032 -1.1742 5.0997 1.0143 -1.5705 -0.0832 -2.2797 -3.5928 -1.0674 -1.1201 -2.5446 
27.6828 21.6116 -1.9627 -1.4612 5.0327 1.1752 -1.2787 0.2174 -2.2874 -3.9085 -1.1779 -0.8615 -2.3519 
28.2057 21.9260 -2.0623 -1.2437 5.5616 1.5778 -1.2016 -0.2852 -3.2148 -4.3574 -0.8669 -0.6119 -2.5743 
29.9908 22.6348 -3.3726 -1.9362 5.3326 0.7645 -1.6111 -0.1652 -3.6096 -4.7593 -0.6870 -0.5955 -2.7437 
30.6286 23.1987 -3.4190 -2.0534 5.6342 0.9315 -2.0913 -0.6277 -3.5582 -4.6486 -0.4976 0.0882 -2.1211 
31.7238 23.8717 -3.7996 -2.3032 5.5545 0.7238 -1.9228 -0.1684 -3.3350 -4.2887 0.1242 0.2647 -2.1603 
31.7138 23.9407 -3.8495 -2.6444 5.4372 1.0105 -1.8285 -0.4500 -3.6447 -4.5825 -0.1255 0.2913 -2.0409 
33.5150 24.6397 -4.9389 -2.3875 6.5809 0.8424 -2.6485 -0.6251 -3.2501 -3.7315 0.4014 -0.5798 -2.9854 
38.9752 28.0263 -7.7013 -5.5032 5.1776 -1.0022 -4.2634 -0.0721 -1.5269 -2.6326 0.4175 -1.4083 -3.4284 
40.8017 28.6131 -9.3452 -6.1044 5.6217 -1.7065 -5.2893 0.2770 -0.9013 -2.8448 0.4174 -0.8619 -3.5218 
42.0775 28.8346 -10.4396 -5.9017 6.1880 -2.2149 -5.2864 1.1990 -0.7091 -3.0177 1.0534 -0.2476 -3.5514 
41.5179 28.3138 -10.7791 -6.5140 5.5448 -2.6169 -5.7434 0.5345 -1.3951 -3.5193 0.8568 -0.4821 -4.2934 
41.2623 28.2669 -10.2288 -5.6154 6.3095 -2.4471 -6.0557 0.6648 -0.3444 -2.4802 1.0724 -0.3718 -3.5591 
40.6720 27.8442 -10.1255 -5.5427 6.1919 -2.7051 -6.4626 0.4267 -0.2310 -2.4123 0.8641 -0.6998 -3.9643 
40.6076 27.9531 -9.8438 -5.5027 6.0299 -2.7538 -6.5991 -0.0378 -0.5527 -2.2482 1.0086 -0.9265 -4.2296 
41.0671 28.6000 -9.3164 -5.1942 6.2832 -2.4603 -6.3780 0.3376 0.2637 -1.5639 1.0056 -0.8937 -3.6117 
40.7459 28.3339 -9.4187 -5.4509 5.9086 -2.8528 -6.8633 -0.0643 0.0965 -1.8508 0.4353 -1.2999 -3.7022 
40.6856 28.6027 -8.9013 -5.4272 5.6268 -2.7535 -6.5396 -0.0079 0.0363 -1.6848 0.7331 -1.1337 -3.6959 
40.6546 28.5880 -8.6699 -4.9572 5.9326 -2.5517 -6.2275 0.0384 -0.1444 -1.4325 1.1975 -1.0737 -3.6108 
40.4463 28.3244 -8.8142 -4.9622 5.9237 -2.6945 -6.4517 -0.0750 -0.0271 -1.2860 1.0736 -1.3241 -3.6447 
39.6321 27.9122 -8.6344 -5.3189 5.5198 -2.7285 -6.7558 -0.3268 0.1882 -1.5700 0.1795 -1.6882 -3.6135 
39.7689 28.2400 -8.2387 -5.0768 5.8619 -2.0749 -6.1540 -0.0007 0.5118 -1.1546 0.5680 -1.2008 -3.0340 
39.6120 28.0015 -8.4876 -5.2451 5.8009 -2.1979 -6.4311 -0.2819 0.2939 -1.3841 0.3940 -1.2591 -3.1314 
39.7315 28.3585 -8.0746 -5.1440 5.8956 -1.8297 -6.1657 -0.3091 0.2679 -1.2858 0.5495 -1.0614 -3.0050 
39.6681 28.4518 -7.8235 -5.1196 5.7281 -1.8404 -6.0604 -0.2823 0.3334 -1.2504 0.2228 -1.4535 -2.8503 
39.6558 28.4205 -7.8960 -5.2456 5.6434 -1.7452 -5.9298 -0.4027 0.0845 -1.3199 0.2652 -1.4318 -2.7879 
39.8463 28.2539 -8.3691 -5.2606 5.7311 -2.0044 -5.9812 -0.1459 0.0352 -1.4932 0.3748 -1.5758 -3.3773 
39.7928 28.0626 -8.4889 -5.0891 5.9339 -1.6347 -5.3099 0.0962 -0.3146 -1.5754 0.5887 -1.5747 -3.2432 
39.1121 27.3804 -8.8584 -5.5805 5.3722 -1.9813 -5.6591 -0.4583 -0.7563 -1.8258 0.0949 -2.3186 -3.7196 
39.4434 27.6818 -8.6356 -5.2010 5.7970 -1.3186 -4.6783 0.1215 -0.7479 -1.5961 0.6938 -1.7107 -3.0167 
38.7945 27.3391 -8.3374 -5.2846 5.2943 -1.3192 -4.2200 0.0354 -1.5444 -2.1915 0.8017 -1.3114 -2.7762 
38.6581 27.4165 -8.1942 -5.5303 5.2810 -0.6919 -3.7101 -0.0404 -1.9118 -2.6197 0.6360 -0.9537 -2.3999 
38.9111 27.5172 -8.4432 -5.6709 5.5702 -0.0550 -3.0252 0.1590 -2.4751 -3.2090 0.8199 -0.5479 -2.5068 
38.6296 27.1281 -8.7746 -5.7466 5.9178 0.3599 -3.1900 -0.6340 -3.2821 -3.5740 0.8231 -0.4693 -2.5873 
38.3556 27.3990 -8.1301 -5.8677 5.7820 0.8683 -3.0382 -0.9485 -3.0907 -3.1478 0.7756 -0.6409 -2.5274 
38.3818 26.8508 -8.9183 -5.5610 6.6068 0.9765 -3.2444 -0.9445 -3.4225 -3.7820 0.6565 -0.3501 -2.6731 
36.8465 26.5263 -7.2787 -4.9707 6.2804 1.5243 -2.6977 -1.4688 -3.8527 -3.3690 1.1977 -0.0396 -2.4458 
36.1419 25.8200 -7.4381 -4.7759 6.5328 1.5677 -2.9511 -1.8251 -4.1434 -3.5422 1.2895 0.2398 -2.4764 
35.5905 25.5211 -6.9801 -4.3578 6.3472 1.3281 -2.7665 -1.5633 -3.9008 -3.1448 1.2825 -0.4922 -3.0569 
34.6253 24.9577 -6.7509 -4.6588 5.7242 1.2924 -2.5486 -1.6419 -4.1649 -3.5410 0.8331 -0.8044 -3.5155 
34.7387 25.3434 -6.1886 -4.1713 6.3581 1.9885 -2.1557 -1.3930 -4.0488 -3.7948 0.9041 0.2534 -2.3167 
33.9306 24.8896 -5.6993 -3.9209 5.7593 1.2722 -2.3274 -1.2712 -4.0587 -3.9653 0.6913 0.0505 -2.5268 
33.5645 24.6683 -5.5120 -4.0244 4.8119 0.1221 -2.5945 -0.7510 -3.8040 -4.3358 0.2713 -0.1060 -2.7132 
32.7652 23.9181 -5.1963 -2.7418 5.8473 0.1193 -2.8260 -0.1691 -2.7677 -3.9333 -0.1752 -0.5893 -2.5145 
31.0136 22.8341 -4.7757 -3.0449 4.9590 0.1732 -2.0457 0.6921 -1.7445 -3.1708 -0.0021 -0.4528 -2.5240 
30.4169 22.3743 -4.7412 -2.9064 5.3106 0.7399 -1.8376 0.3823 -2.1517 -3.5356 -0.4041 -0.7228 -2.3844 
30.0910 21.9993 -4.7674 -2.6872 5.1510 0.3014 -1.6988 0.9514 -2.1420 -3.9490 -0.2940 -0.1969 -2.2635 
29.7951 21.8498 -4.6069 -2.5988 5.1882 0.3815 -1.8297 0.7882 -1.7814 -3.4527 -0.5552 -0.9302 -2.6584 
29.4866 21.2726 -5.2840 -3.0773 4.9298 0.2839 -1.7330 0.7914 -2.1656 -3.8178 -0.5263 -1.0135 -3.1530 
29.4748 21.0291 -5.6153 -2.9590 5.2849 0.3501 -1.7924 1.0504 -1.6387 -3.4086 -0.3439 -0.7222 -2.6326 
28.7791 20.3680 -5.9409 -3.4089 4.8529 0.2576 -1.6391 1.4025 -1.1884 -3.3754 -0.9085 -1.4410 -3.3285 
28.3238 19.9054 -6.1317 -3.4724 4.8817 0.3093 -1.5895 1.6854 -0.6333 -2.8429 -0.3727 -0.6377 -2.4397 
27.8944 19.7695 -5.8344 -3.5546 4.6353 0.5261 -1.3400 1.3971 -0.9859 -2.6879 -0.0396 -0.6046 -2.4300 
27.5604 19.0201 -6.8696 -4.3561 4.1722 0.0893 -1.9459 0.6397 -1.6815 -3.0680 -0.1126 -0.5313 -2.3159 
27.1813 18.2822 -7.6364 -4.7870 3.5995 -0.8267 -2.3264 1.1098 -1.2775 -3.2478 -0.4680 -0.7602 -2.3598 
27.1245 17.9920 -8.3905 -5.7209 2.9858 -1.2031 -2.6816 1.0997 -0.7944 -2.5070 0.6208 0.5065 -1.8006 
26.5152 17.2800 -8.5728 -5.4603 3.0334 -1.2890 -2.3036 1.5855 -0.8349 -2.8899 0.0330 -0.3273 -2.2634 
26.4910 17.4104 -8.3229 -5.3685 3.1398 -1.0312 -2.3653 1.0271 -1.2294 -2.8228 -0.0192 -0.6572 -2.2895 
26.2252 17.7732 -7.1379 -4.4944 3.5449 -0.8161 -2.3800 1.2225 -0.6197 -2.4974 -0.0011 -0.3241 -2.0070 
25.8948 17.1496 -7.8419 -4.9462 3.2419 -1.1347 -2.4570 1.4878 -0.3998 -2.5920 -0.2735 -0.6116 -2.2931 
26.0206 17.2161 -7.9009 -4.8674 3.6727 -0.4364 -1.8702 1.6630 -0.4595 -2.6169 -0.4940 -1.2846 -3.0589 
25.4875 16.5647 -8.4122 -5.4081 3.0139 -1.1467 -2.5804 1.0100 -0.9000 -2.7529 -0.3923 -1.0090 -2.6746 
25.9926 16.9209 -8.2980 -4.7614 3.9686 -0.6771 -2.4350 1.3856 -0.4571 -2.3788 0.3619 0.1171 -1.8483 
25.4142 16.6170 -8.3967 -5.8088 2.6909 -0.8215 -2.0864 1.0631 -0.9629 -2.3884 0.3263 -0.3251 -2.3256 
25.7788 15.6801 -10.6942 -6.6218 3.2258 -1.3306 -3.2331 1.2913 -0.0066 -2.5904 -0.6004 -0.4296 -1.7990 
25.3912 16.5246 -8.2964 -5.1876 3.3907 -0.5785 -2.0613 1.0617 -1.4040 -3.2249 -0.1651 -0.2905 -2.2168 
25.5617 16.1248 -9.1107 -5.1190 3.7693 -1.1744 -2.9224 1.1956 -0.6446 -2.5828 0.4760 0.3310 -1.9808 
25.8767 16.2066 -9.2753 -5.0222 3.6987 -1.4412 -2.5171 1.9861 -0.7303 -3.5275 -0.3178 0.0718 -1.9238 
27.1656 16.0324 -10.9176 -4.6573 4.4841 -2.5609 -3.2545 2.7063 -0.6444 -3.6819 0.8530 1.0476 -2.3094 
28.9711 15.7545 -13.4426 -4.3147 5.9907 -3.6719 -4.4365 3.7350 -0.2014 -4.9397 0.1409 1.1344 -2.8218 
30.3710 15.9678 -14.4497 -3.3704 7.4596 -4.0124 -5.0329 4.0945 0.2421 -4.3999 0.8637 1.5004 -2.0781 
30.7159 16.3182 -14.2964 -3.3128 7.4794 -3.7386 -4.2936 4.7324 0.2233 -4.5393 1.1113 1.4017 -3.0821 
30.9357 16.2795 -14.3619 -2.8354 7.6114 -4.3187 -4.6055 4.7313 -0.0276 -4.5610 1.5136 1.6550 -2.7703 
29.9864 15.1110 -14.8627 -2.6894 7.6842 -4.2105 -3.9142 5.2900 -0.2529 -4.6637 2.0570 2.0328 -2.7795 
30.5736 15.9160 -14.3527 -2.7881 7.1079 -4.9109 -4.5317 4.7394 -0.9263 -5.4044 1.6864 2.1772 -2.3750 
30.8120 15.8238 -14.6246 -2.5443 7.2489 -5.0956 -4.3251 4.9290 -1.3257 -5.5554 1.7996 1.3407 -3.6709 
31.4127 16.2791 -14.5634 -2.1565 7.9861 -4.5153 -3.9228 5.4067 -0.8257 -5.1727 2.2512 2.1751 -2.6947 
31.2265 16.0177 -14.8582 -2.4313 7.6929 -5.2263 -4.9436 4.9033 -0.9136 -5.8662 1.0666 1.4200 -3.0820 
31.9406 16.8965 -14.6314 -2.8143 7.8471 -4.3940 -4.7209 4.4792 -0.7907 -5.4095 0.8265 0.7838 -3.4805 
31.3670 16.1214 -15.9019 -4.5561 7.2637 -3.5854 -4.3605 3.9956 -0.9788 -5.1748 1.2991 1.7913 -2.5446 
31.1897 17.7774 -12.4818 -2.9286 7.3101 -2.6882 -3.2391 3.9812 -1.1825 -4.8674 1.3829 1.5337 -2.6042 
34.5455 22.4300 -9.2428 -2.1199 7.3962 -2.2310 -3.9250 1.9786 -2.6397 -5.7322 -0.0980 -0.0522 -3.4745 
34.7048 22.9734 -8.9247 -2.7950 6.7497 -2.4454 -4.8744 0.5249 -3.3442 -5.9796 -0.4108 0.0993 -3.0179 
35.8605 24.4649 -8.0939 -2.8327 6.6901 -1.8503 -4.2832 0.4133 -3.6304 -5.7678 0.0191 0.3244 -2.7447 
35.1906 24.4343 -7.7586 -3.8196 5.7655 -1.3723 -3.7106 0.6383 -3.0768 -5.6583 -0.4843 0.6870 -1.6475 
34.7072 24.3622 -7.2167 -3.8426 5.0017 -2.1997 -4.5486 -0.3081 -3.6464 -5.7392 -0.7620 -0.0668 -2.2932 
35.8318 24.8612 -8.5626 -5.2602 5.3546 -0.8676 -3.9559 -0.0512 -2.6819 -4.9584 -1.0125 -0.0897 -1.2391 
32.6921 22.9259 -7.2986 -4.4918 4.8106 -0.9962 -3.8024 -0.4062 -3.1665 -5.4160 -1.5490 -0.3950 -1.4364 
33.4689 22.3624 -9.8373 -6.0174 5.1545 -0.6738 -4.1083 -0.2444 -2.4112 -5.0146 -1.7383 -0.5971 -1.4967 
30.8081 21.0392 -8.2560 -5.3540 4.3506 -0.9976 -4.2521 -0.9941 -3.0250 -5.3478 -2.2750 -0.9297 -1.5043 
28.7465 19.9131 -6.9668 -4.4543 3.8581 -1.0897 -3.1263 0.4167 -1.6323 -3.5340 -0.4964 -0.1075 -1.4589 
28.3365 19.7363 -6.8535 -4.8119 3.4664 -0.5735 -2.1394 0.7975 -1.7483 -3.2746 0.1989 0.3161 -1.4788 
27.2473 18.5834 -7.3394 -5.0444 3.0027 -1.4866 -3.3148 -0.1080 -2.2009 -3.7497 -0.6365 -0.6433 -2.2720 
27.4634 18.8839 -7.1280 -4.9881 3.1297 -0.9940 -2.6169 0.4718 -1.5525 -2.7308 0.4777 0.1225 -1.9680 
26.1558 17.5976 -7.3633 -4.7185 3.2101 -1.1700 -2.7679 0.3477 -1.8683 -3.2519 -0.1273 -0.3927 -1.8797 
26.6437 17.7762 -7.9984 -5.4299 3.0110 -1.1008 -2.7271 0.6308 -1.2249 -2.7995 -0.1924 -0.6328 -2.2943 
25.4739 16.5496 -8.7117 -6.2124 2.2591 -1.4329 -2.9570 0.1873 -1.4867 -2.6255 0.0121 -0.6632 -2.2825 
25.5950 16.8136 -8.2914 -5.7690 2.5248 -1.3505 -2.7193 0.7418 -1.0542 -2.6050 -0.0911 -0.8766 -2.8285 
29.5776 17.6826 -11.7177 -5.7935 3.7291 -3.1088 -3.3707 2.5434 -1.3351 -4.8137 -0.8766 -0.3295 -1.8098 
29.5525 16.9847 -12.6620 -5.6272 4.0577 -3.7836 -3.9850 2.5702 -1.6613 -5.3374 -0.7412 -0.2246 -2.2991 
28.6250 16.5184 -11.7829 -4.5597 4.4239 -3.8249 -4.0347 2.4624 -1.7115 -5.1612 -0.7651 -0.8965 -3.2437 
28.5960 16.2293 -12.3167 -4.6706 4.9648 -3.4343 -4.4162 1.9630 -1.4390 -4.4187 -0.4767 -1.1717 -3.3843 
29.6547 16.6853 -13.2261 -5.0375 5.8586 -2.7475 -4.3991 2.3201 -1.2696 -5.4611 -1.2597 -0.4054 -2.7041 
30.7542 16.6072 -14.3553 -4.1601 7.3669 -2.7927 -4.1216 4.2535 0.7112 -4.0808 -0.0043 0.3028 -2.5460 
32.2101 17.6236 -14.3752 -3.7320 7.7938 -2.8832 -3.6551 5.0954 0.5468 -4.8659 -0.3320 0.2523 -2.3779 
31.3607 16.2718 -15.5313 -4.0214 7.7645 -3.8677 -5.2951 4.0999 0.4060 -4.6379 0.4047 1.3216 -2.0175 
31.6509 16.4166 -15.8306 -4.6153 7.1019 -4.0533 -4.7639 4.7484 0.8363 -4.2371 0.4162 0.8076 -2.0413 
31.8497 16.6157 -15.4090 -3.6866 7.7854 -4.3344 -5.6919 3.7222 0.1175 -4.2490 0.7268 0.5316 -2.7179 
32.1557 17.2640 -14.6317 -3.2564 8.0954 -3.5281 -4.5838 4.4180 0.3422 -3.9494 1.3710 1.2017 -2.5089 
32.2124 17.2908 -14.6601 -3.4469 7.4037 -4.5298 -5.0549 4.5843 0.1116 -5.0038 0.5410 1.4077 -1.9626 
31.3335 16.3237 -15.0360 -3.2789 7.8327 -4.3301 -5.4335 3.8625 -0.4134 -5.1424 0.4267 0.7946 -3.0851 
31.4199 16.3620 -15.0767 -3.2396 7.9284 -4.2251 -5.0240 4.6814 0.1289 -5.4021 0.0272 1.0565 -2.4854 
31.1560 16.2982 -14.9146 -3.4483 7.5256 -4.4969 -5.6708 3.5452 -0.4784 -5.1096 0.2291 0.6756 -2.8750 
31.2032 16.2416 -15.1030 -3.4864 7.8915 -3.6544 -4.5883 4.4635 0.2656 -4.2276 1.2074 1.5533 -1.8947 
31.3386 16.8068 -14.0874 -2.6554 8.1930 -3.8914 -5.2107 3.8879 -0.1461 -4.8899 0.3383 1.0124 -2.1876 
31.6865 17.7235 -13.3212 -3.2652 7.1828 -3.9063 -4.8512 3.9336 0.1742 -4.2226 0.6370 0.8042 -2.6746 
31.0673 16.9479 -13.7728 -3.2442 7.5282 -3.5814 -4.6682 4.1195 0.3799 -4.1240 0.6804 0.9118 -2.5808 
30.6181 16.4040 -14.2535 -3.6531 7.4626 -3.4553 -4.7492 4.0208 0.4778 -4.2099 0.2288 0.4295 -2.7985 
30.5334 16.9813 -13.4328 -4.0951 6.5305 -3.7622 -5.1460 3.2114 -0.1034 -4.6553 -0.1092 0.7379 -2.3775 
29.3990 15.9935 -13.7650 -4.4949 6.4580 -3.3130 -4.9905 3.1493 0.3204 -4.1956 -0.1156 0.8560 -1.8004 
28.4653 16.0476 -12.3237 -4.1001 5.9147 -2.9742 -4.0194 3.5778 0.3995 -3.9996 0.0056 0.8030 -2.0165 
28.8790 17.3367 -11.0003 -4.1870 5.8802 -1.9575 -3.7556 2.6588 -0.2269 -4.5060 -0.9785 0.3230 -1.8017 
27.8256 17.3618 -9.9742 -4.9690 4.5930 -1.5358 -2.9956 2.7652 0.5637 -3.0321 -0.1763 0.2381 -2.3606 
27.2781 17.4406 -9.1086 -4.8889 4.1157 -1.4402 -3.0095 1.8623 -0.0016 -2.4398 0.3713 0.0558 -2.4197 
26.0678 16.4500 -9.2316 -5.0794 4.0892 -0.7555 -2.4483 1.5274 -0.6546 -2.8883 -0.0542 -0.2448 -2.4035 
26.1302 16.9911 -8.3477 -4.8101 3.8341 -0.8178 -2.4264 1.3288 -0.6582 -2.3880 0.4682 -0.2611 -2.9169 
26.6293 17.7661 -7.9806 -5.3555 3.1694 -0.8922 -2.5053 0.9944 -0.5029 -1.7698 0.7475 -0.1465 -2.2705 
26.4496 17.3330 -8.4199 -5.4467 2.9883 -1.3685 -2.5348 1.4219 -0.7820 -2.9192 -0.0749 -0.1793 -2.0550 
25.6030 16.7271 -8.3906 -5.6316 2.8116 -1.0892 -2.4565 0.9834 -0.9299 -2.5093 0.2658 -0.0299 -1.7727 
25.2258 15.9999 -8.9362 -5.3197 3.4139 -0.9569 -2.4508 1.1590 -0.9674 -2.7721 0.0715 -0.2941 -2.0921 
26.3206 17.1997 -8.3795 -5.1219 3.5058 -0.9373 -2.2872 1.6169 -0.6535 -2.9180 0.0377 0.2736 -1.3802 
25.5539 16.5229 -8.5354 -5.2094 3.5512 -0.8274 -2.8220 0.5368 -1.1161 -2.5101 0.3449 0.1044 -1.5464 
25.5660 16.5324 -8.6688 -5.7818 2.6875 -1.0712 -1.9893 1.6962 -0.2909 -1.9395 0.5440 -0.2874 -2.1659 
25.4079 16.5307 -8.3713 -5.4158 3.0102 -0.9878 -2.2584 1.2454 -1.0356 -3.1326 -0.5694 -0.9478 -2.7331 
25.3347 16.6128 -7.9280 -5.0382 2.8209 -1.3074 -2.1779 1.3182 -1.0629 -2.5287 0.6356 0.1435 -1.7954 
25.1062 16.0202 -8.9358 -5.8377 2.9225 -0.6323 -1.9035 1.0614 -1.1432 -2.3363 0.5200 -0.3032 -2.1364 
25.3036 16.3137 -8.6180 -5.3908 3.5005 -0.2408 -1.5337 2.0846 0.1848 -1.7243 0.6609 0.1037 -1.8735 
24.9794 16.1269 -8.5184 -5.5369 3.0231 -0.6287 -1.6778 2.0116 0.1015 -1.8921 0.2539 -0.4354 -2.2559 
25.4205 16.8000 -7.7473 -4.9615 2.9810 -1.0354 -1.9636 1.5949 -0.6532 -2.3341 0.4782 -0.1291 -2.2209 
24.5066 16.0546 -7.9562 -5.3461 2.6710 -1.2880 -2.8682 0.5506 -0.8633 -2.3259 -0.0485 -0.5228 -1.9692 
24.7531 16.3919 -8.0514 -6.0549 2.3647 -0.4360 -1.5609 1.3965 -0.5982 -2.3282 0.0605 -0.2829 -2.0680 
24.5205 15.9179 -8.4520 -6.0651 2.0953 -1.5143 -2.7452 0.7915 -1.0016 -2.9070 -0.4684 -0.7190 -2.6148 
24.8289 16.1890 -8.2783 -5.6440 2.7018 -1.0179 -2.5607 0.6988 -0.8825 -2.2712 0.1704 -0.3342 -1.8377 
24.8866 16.1668 -8.2305 -5.3567 2.6609 -1.5818 -2.7151 1.4091 -0.2758 -2.5247 -0.3056 -0.2589 -1.5970 
24.3198 15.8615 -7.9205 -5.0186 3.3227 -0.0573 -1.0298 2.3249 0.3126 -1.4720 0.6117 -0.5602 -2.6708 
