15.8980 -1.0070 -0.1589 -0.4001 0.1439 -0.8637 0.4933 0.3080 0.1526 0.3943 0.3021 -0.2268 0.0903 
14.5841 -0.6531 0.9096 -2.3602 -2.6206 -1.5699 -1.3874 -0.2971 0.1468 -0.7760 -0.7409 -0.0988 -0.3765 
16.3927 -0.1544 0.0248 -0.7537 -0.5810 0.3207 -1.1911 -0.9904 0.3181 -0.1378 -0.0216 0.4483 0.1504 
16.1590 -1.2850 0.0888 -0.4872 -1.6032 0.2140 -0.3220 -0.0698 0.6197 1.1847 -0.0429 -0.0309 0.0265 
16.9132 -0.9891 0.0516 -0.8934 -1.7359 0.1064 1.5532 -0.0471 -0.2712 -0.5964 0.0024 -0.1079 -0.0348 
17.3116 -1.6556 0.4907 -1.0254 -1.7057 -0.6490 0.0014 0.3791 -0.1238 0.1094 0.2056 -0.5370 0.5245 
17.0155 -0.8841 0.3038 -0.2751 -1.1754 0.2773 -0.2535 0.8277 0.0229 -0.1661 -0.5732 -0.5907 0.7976 
17.7096 0.6961 0.1387 -0.9047 -0.4337 0.0285 -0.4073 -0.2600 -0.9502 0.2667 0.6040 -0.2014 -0.0883 
20.1065 0.9900 -0.6633 -1.4109 0.4742 0.2044 -1.2849 -0.2793 -0.6328 -0.1868 0.0916 0.1881 0.0376 
20.2710 0.0667 0.0747 -2.3102 -0.5355 -0.1955 -0.5224 -0.2328 -0.4473 -0.3343 -0.0562 -0.0657 0.0392 
18.2322 -1.1786 0.1004 -0.5825 -1.4672 -0.6020 -0.9908 -0.8784 0.1385 -0.8143 -0.3650 -0.9052 -0.5454 
18.1981 0.6911 1.0260 -0.8872 -0.9250 -0.7024 -0.0989 -0.3529 -0.1116 -0.6356 -0.4336 -0.2753 0.1871 
18.5230 -0.8667 0.4114 -0.5843 -0.8818 0.2098 -0.7594 -0.2293 -0.3489 -0.9537 -0.6418 -0.4574 0.7338 
18.2264 0.6173 -0.0500 -0.3746 -0.6190 -0.5843 -1.1053 -0.3318 -0.7307 0.2219 -0.1480 0.1062 0.2811 
18.2726 0.3884 0.8019 -0.7935 -0.6676 0.4179 -0.8321 0.0031 1.0527 -0.2964 0.1918 -0.8460 -0.7818 
19.4012 -0.2198 1.1038 -1.9254 -0.7384 0.0809 -0.8730 -0.6572 0.0049 0.0627 -0.0417 -0.0723 0.2913 
18.5120 -0.1441 1.6814 0.0333 -0.7322 -0.7649 -0.3264 0.2542 -0.2913 -0.9158 -0.4885 0.1005 0.4872 
18.0038 -0.9633 -0.3251 -0.5299 -0.0893 -1.0275 -0.7750 0.0830 -0.4433 -0.5705 -0.3857 -0.0611 0.3298 
19.1923 -1.7689 -1.3133 -1.0190 -1.5977 -0.7155 -1.1255 -1.1340 0.0205 0.1395 0.4398 -0.6661 -0.1688 
19.4198 -0.7024 1.0438 -0.7181 -0.5818 -0.4901 -0.3932 -0.6711 -0.2815 -0.2427 -0.2581 0.0976 0.1335 
19.2086 -0.1914 1.1269 -0.7572 -0.9677 -0.6638 -0.4314 -0.0067 0.1722 -0.0090 -0.3475 -0.4786 -0.2044 
18.7085 0.0921 0.7721 1.1601 -1.1836 -0.1023 -1.1848 -0.9206 -0.6507 -0.2107 0.2935 0.3696 -0.1178 
19.0573 0.5504 -0.2390 -1.0441 -0.9160 -0.0425 -0.5004 -0.8318 1.0677 -0.2503 -0.1614 0.3387 0.0795 
19.5604 0.9641 0.7693 -0.7254 -0.9592 0.1213 -0.8920 0.0678 -0.5119 -0.5998 -0.2480 0.2236 0.0185 
19.1439 0.0560 0.7838 -0.7880 -1.6805 -0.1096 -1.2446 -0.5611 -0.6779 -0.4334 -0.4154 -0.1711 -0.7385 
18.9996 0.4367 0.9941 -0.1777 -0.3537 -0.0012 -1.6224 -0.9050 -0.7290 -0.1971 0.2109 -0.5780 -0.3174 
20.3970 0.7573 0.9474 -1.4125 -1.3816 -0.3170 -0.3659 -0.8155 -0.7010 0.3468 -0.1759 -0.4418 -0.2710 
18.2117 -2.0810 0.1794 -0.5219 -1.3760 -0.3803 -0.9200 -0.7306 -1.1594 -0.6642 -0.9331 -0.1080 0.1461 
19.5101 -0.9012 0.3699 -1.0623 -1.4233 -0.7123 -0.3577 -0.2968 -0.2805 0.3489 -0.2799 -0.0429 -0.4895 
19.6493 -0.7714 0.2842 -0.2554 -1.1999 0.2144 -0.8887 -0.1681 0.4969 0.1788 -0.2675 -0.8009 0.0276 
18.3155 -1.9350 1.1486 -1.1079 -0.9171 -0.6379 -0.2141 0.3470 0.2071 -0.3371 -0.7377 0.0170 0.4737 
18.7970 0.5288 0.8676 -0.9217 -0.2696 -0.5035 0.0003 0.0021 -0.0272 -0.1317 -0.4085 -0.3156 -0.1871 
19.7627 -0.3590 0.3240 -1.5077 -0.5744 0.2760 -0.0758 -0.0847 -0.3097 -0.5456 -0.5453 -0.1614 0.3363 
18.4495 0.6166 -0.2494 -1.0703 -0.2678 0.2085 1.3587 -0.7753 -0.4050 -0.6618 -0.5054 -0.1179 0.4185 
19.5081 -0.9419 -1.6169 -1.5710 -0.9000 -0.4084 -0.0150 -1.4278 -0.4740 -0.2228 -0.2428 0.0624 -0.4367 
19.5207 -1.0363 -0.0141 -1.3248 -1.3939 -0.3007 -0.7596 -0.3137 0.6552 -0.1566 -0.7310 -0.1594 0.2463 
19.9396 -0.0925 -0.2347 -1.7727 -1.2139 0.5281 -0.1805 -0.5920 -0.2194 -0.7134 -0.2676 0.4466 0.2430 
20.1408 -1.1963 -0.6084 -1.9289 -1.1644 0.3684 -0.0997 -0.3634 -0.5657 -0.8534 -0.8021 -0.1613 -0.1873 
20.5614 1.3758 0.8781 -2.4060 -1.6538 0.2753 0.6699 1.0224 -0.2154 0.0157 0.1478 -0.1043 -0.8536 
23.5340 3.0059 -1.3484 -3.0089 -1.9718 0.2293 -0.1311 0.7953 0.4222 0.3897 0.0404 0.1648 0.7896 
26.7221 3.9712 -2.7171 -4.3037 -0.7469 -0.2424 0.6285 1.5605 1.6885 0.1256 0.1355 0.7424 -0.1311 
28.8367 3.4608 -4.2090 -4.1232 -2.2972 -1.6173 -0.0383 1.7496 0.7202 -0.7286 -0.4729 -0.0362 0.1961 
29.4734 2.9686 -3.1078 -3.3299 -1.7116 -1.2315 0.8374 3.0247 2.3409 -0.0073 -0.4020 0.1258 0.5521 
30.0151 2.7108 -2.1813 -3.2842 -2.4164 -1.8652 0.3478 2.2781 1.7261 -0.1626 -1.9732 0.2460 0.5537 
30.9554 1.8242 -1.8964 -3.6627 -2.2187 -0.8665 0.5271 2.9243 2.4195 0.3233 -1.0312 0.5678 0.8627 
32.1692 1.8820 -2.2910 -2.8746 -2.6754 -1.6064 0.0091 1.8755 0.9321 0.0007 -1.0555 -0.0782 0.4878 
34.2329 -0.2249 -4.7381 -2.4578 -1.6344 -1.3361 1.6636 2.1518 1.5065 0.5925 0.6109 0.1264 -0.0690 
34.4037 -1.9963 -2.9895 -2.3543 -2.4658 -2.1168 0.5438 0.9175 1.3835 -0.0055 -1.6926 -0.9947 0.3801 
34.7368 -2.4778 -1.7248 -2.3425 -2.8318 -1.7961 0.7089 0.8032 2.0513 0.7723 -1.1179 -0.0859 1.6036 
34.9177 -2.8323 -1.0083 -2.5910 -2.4948 -1.4187 0.3514 -0.0606 2.2242 0.8853 -1.1589 -0.3970 1.5609 
34.8855 -2.3791 -0.8320 -2.5289 -1.8179 -1.8843 0.4163 0.1083 2.2537 0.6883 -1.0746 -0.4940 1.5690 
34.2512 -2.5308 -1.3313 -2.7202 -1.7609 -2.2171 1.1000 0.1208 2.9662 1.3089 -0.9805 0.2984 1.9743 
34.3777 -2.6800 -0.6313 -2.6466 -1.9459 -1.9680 0.5837 0.4492 2.6818 0.8896 -1.3085 -0.3285 2.1474 
34.0121 -3.1097 -1.0935 -2.9832 -2.2178 -2.3049 0.5756 0.2482 2.4778 0.8950 -1.2502 -0.2273 2.1865 
34.2341 -3.4417 -0.6722 -2.4592 -2.0015 -2.1274 0.4999 0.6151 2.6558 0.8231 -1.5613 -0.5018 2.1535 
33.8656 -3.4496 -1.6146 -3.1050 -1.8387 -2.0571 0.9774 0.1924 2.4957 1.2544 -1.3756 -0.2373 2.0033 
33.8869 -3.2353 -0.5189 -2.1696 -2.1395 -2.2135 0.6780 0.3496 2.8639 0.7411 -2.2601 -0.5863 2.4012 
33.9478 -2.9666 -0.5694 -2.4054 -1.9580 -1.9543 0.8966 0.3356 2.7814 1.1810 -2.0527 -0.4614 2.4269 
34.5171 -3.0170 -0.7780 -2.1903 -2.2039 -2.1987 0.6867 0.2050 2.5202 0.5538 -2.0993 -0.7119 2.0243 
34.3409 -3.1061 -1.1598 -2.2949 -2.2569 -2.0900 1.0994 0.3881 2.9029 0.9645 -1.7474 -0.4309 2.3666 
35.0985 -3.0114 -0.7565 -2.0881 -1.8712 -1.3001 1.3690 0.6729 2.7953 1.0508 -1.9356 -0.6928 1.7831 
35.1630 -2.5641 -0.6720 -2.2569 -2.0793 -1.7082 1.0020 -0.0256 2.5570 0.8357 -1.9518 -0.4305 2.0519 
34.6600 -3.0745 -0.8300 -2.2120 -2.4591 -2.0679 0.9511 0.4093 2.8644 0.7209 -2.0881 -0.4451 2.3841 
34.6077 -3.4011 -1.2914 -2.3886 -2.6623 -2.2695 0.6137 0.2514 2.4256 0.4473 -2.1164 -0.7099 1.8746 
34.2733 -3.1891 -1.2589 -2.4380 -2.3514 -1.8738 0.9957 0.5412 2.9360 1.0614 -1.9325 -0.3652 2.2946 
34.5865 -2.5590 -1.1710 -2.0880 -1.9422 -1.4281 1.3042 0.5074 2.7495 1.1645 -1.8124 -0.4449 1.8916 
34.5608 -2.5572 -1.3637 -1.9293 -2.3289 -1.6708 1.0022 0.1870 2.5870 0.9397 -1.9628 -0.4497 2.0496 
33.9986 -3.0038 -1.6378 -1.5781 -2.6841 -1.8569 1.2719 0.7981 3.0190 0.8180 -2.1845 -0.4221 2.2459 
34.0489 -3.3774 -1.7336 -1.5202 -2.6986 -1.5692 1.4283 1.0623 2.8825 0.6724 -2.6713 -0.7333 1.5611 
33.8371 -3.2483 -2.1983 -1.3449 -3.1908 -1.8002 1.0061 1.7469 2.7198 0.6882 -2.2044 0.0239 1.8901 
33.8331 -2.1267 -2.1432 -1.3707 -2.7006 -1.6475 0.8486 1.8839 2.0654 -0.1071 -2.4507 -0.4303 0.8508 
32.9712 -1.3854 -3.0609 -1.7521 -2.6464 -1.7952 0.8456 1.8083 2.7176 -0.6273 -1.4767 -0.1764 1.1988 
33.5839 -0.9147 -3.4079 -1.3330 -2.6428 -1.6209 1.0355 1.3429 2.4747 -0.8964 -1.4665 0.0509 0.5928 
33.8789 -0.5147 -4.0174 -1.8080 -1.9038 -0.1273 1.3236 1.1129 2.4206 -0.6435 -0.8268 -0.1722 -1.0258 
33.3178 -0.5239 -2.9543 -2.5792 -2.5611 -0.4554 1.1601 1.7504 1.5688 -0.8120 -0.8863 0.2685 -0.3214 
31.8289 -0.5986 -3.2415 -2.6840 -2.1815 -1.0571 1.1016 2.2739 2.2620 -1.4533 -1.4325 0.1214 -0.1366 
31.6036 -0.8054 -3.2219 -2.4774 -2.3447 -0.3304 1.1123 2.5657 0.9585 -1.4326 -0.9787 0.6364 -0.5764 
31.0253 -0.8438 -3.3698 -2.5211 -1.6220 0.0568 0.7465 1.8779 -0.0401 -2.5003 -0.9339 0.2426 -0.1924 
31.4301 -1.4504 -3.7788 -2.1347 -2.6716 0.5891 1.8056 2.0083 0.9997 -1.3269 0.2308 0.8367 0.2756 
31.6284 0.0690 -2.7048 -1.9537 -2.7617 0.9452 2.0129 1.4368 0.4076 -1.6181 0.1855 -0.4301 -0.1807 
31.0263 0.1530 -2.6215 -2.4618 -2.3885 0.7900 1.6907 1.0316 0.1311 -1.7343 -0.2708 -0.1982 0.1713 
30.0615 -1.0275 -3.2830 -2.5226 -2.2725 0.0951 1.9971 0.6714 0.9501 -1.3598 -1.0954 -0.0148 0.6905 
29.1208 0.5341 -2.2483 -2.3608 -2.8190 -0.0513 2.0911 0.7346 0.4956 -0.8780 -0.7508 0.0256 0.0902 
27.1206 0.7813 -2.1181 -2.3872 -1.3099 0.5398 0.7051 1.4345 0.3002 -1.0161 -0.7153 -0.2079 0.5911 
25.4433 -0.5178 -2.7001 -1.2288 -1.9571 0.0729 0.7415 0.3278 0.5388 -1.3448 -0.9544 0.0726 1.1015 
24.7099 0.0088 -1.9984 -0.3538 -1.4847 -0.4655 0.7026 0.3312 0.8085 -1.6742 -1.4019 -0.3568 1.0291 
23.0151 -0.7996 -1.9563 -1.3760 -0.9041 -0.1079 0.5345 0.3692 0.5858 -0.4103 -0.7979 -0.3045 0.0609 
22.7880 -0.5867 -1.5452 -1.0487 -2.2693 -0.6317 0.4655 0.4614 0.8497 -0.8043 -1.6114 -0.0671 1.2405 
23.3587 0.5454 -2.0895 -1.9016 -1.9338 0.4827 0.5513 1.0604 0.3307 -0.7757 -1.0643 0.0454 -0.2434 
22.4873 0.9392 -1.0841 -1.5288 -2.3338 -0.5210 0.2915 1.0747 0.4811 -0.6718 -1.3961 -0.2314 1.0768 
22.2955 0.6229 -1.5526 -2.2505 -1.3455 -0.6166 1.4527 1.0445 0.2224 -0.1096 -0.6434 -0.1366 0.2116 
21.4252 0.1759 -1.9426 -2.3542 -1.4292 0.9904 1.2616 0.7029 0.3093 -1.5436 -0.5303 -0.0405 0.4121 
20.9551 -0.8672 -1.3098 -2.7552 -2.3744 0.3879 0.8428 1.7562 0.4633 -0.3469 -0.8351 -0.2856 0.5709 
21.9642 -0.5015 -1.4135 -1.9095 -1.7252 -0.7190 0.7395 0.3391 0.2787 -0.0710 -0.4621 -0.0219 0.3692 
20.1181 -0.6539 -0.3166 -1.1791 0.2847 0.5395 0.3795 -0.3232 0.1164 -0.6715 -0.3712 -0.6843 0.2688 
19.6520 -1.2489 1.0475 -0.1362 -0.5071 0.1668 -0.2942 0.2108 -0.0033 -1.5291 -0.8679 -0.4403 0.8374 
21.1393 -0.0593 -0.2415 -1.2551 -1.0487 -0.4665 0.2755 0.4117 0.2074 -1.3352 -0.3626 -0.3831 0.5273 
20.7539 -0.9331 -0.7070 -2.0422 -0.4868 -0.4801 0.4136 0.3345 -0.0534 -0.1731 -0.4558 -0.2223 0.2092 
19.5770 -0.8478 0.4376 -0.1833 -1.5969 0.5516 -0.4282 -0.5285 0.2590 -0.7169 -0.9303 0.0405 0.3520 
19.4797 -0.8053 0.3266 -2.2556 -1.3449 0.4870 0.3619 -0.9358 -0.2119 -0.8570 -1.0732 -0.3158 0.8456 
20.3290 -0.1751 -0.3506 -1.3221 -1.6569 -0.0799 0.0000 -0.3432 0.1697 -1.1379 -0.2237 -0.1222 -0.3577 
20.3161 -0.6878 -0.0690 -1.6665 -0.9998 -0.2321 0.1981 -0.4292 -0.0352 -0.4037 0.1467 -0.0856 0.0131 
18.8463 -0.5386 1.6730 -1.1912 -1.2796 0.2068 0.2833 -0.0668 -0.2488 -0.8322 0.2930 -0.0418 -0.4267 
19.3629 -1.0024 -0.0656 -0.0456 -0.3933 -0.0349 -0.7061 -0.7130 -0.1572 -0.1060 0.2125 -0.0427 -0.1306 
19.3368 0.3982 0.2514 -0.6270 -0.0928 -0.2195 -1.5210 -0.7308 0.6817 -0.8640 -0.0383 0.2705 -0.4907 
18.4293 -0.6317 0.3857 -0.7287 -0.8044 0.5094 -1.2394 -0.8105 -0.5734 -0.1611 0.1859 -0.6197 0.0827 
19.3689 -0.1224 -0.5195 -0.6013 -0.4868 0.4880 0.3770 -0.9590 -0.3911 -0.4497 0.1884 -0.2805 -0.1535 
19.2502 -0.6481 -0.1678 -0.8913 -1.4195 0.5217 -0.8065 -0.8373 0.3705 0.2953 -0.3328 -0.3758 0.1644 
19.2758 -0.7048 0.5232 -1.3894 -0.4579 -0.6284 -0.6676 -0.7100 -0.4757 -0.4358 -0.5196 -0.6077 -0.0192 
18.3907 -0.4065 0.8754 -0.7295 -1.0764 -0.2770 -0.5158 -0.4277 -1.2039 -0.7959 0.6270 -0.1477 -0.1352 
18.7102 -1.5538 0.5543 -0.8418 -1.3670 -1.3137 -1.0541 -0.5563 -0.0018 -1.0285 -0.4679 -0.8436 0.2846 
19.6577 -0.6511 0.7505 -0.6420 -0.4836 -0.6709 -0.3887 -1.0492 0.0401 0.0253 -0.3802 -0.1508 -0.2959 
18.8047 -0.6631 0.4704 -1.3584 -1.0826 -0.6129 -0.4502 -0.7670 -0.3335 0.2659 -0.6366 -0.5278 -0.3219 
18.4788 -0.1781 -0.1841 -1.6679 -1.3734 -0.2858 -0.3091 0.1274 -0.6469 0.2271 -0.3344 -0.1780 -0.0984 
18.7379 -0.5416 0.6462 -0.5671 -0.9027 -0.9656 -1.3449 -0.1896 0.6179 -0.8053 0.4689 -0.8338 -0.0325 
18.5295 -1.1780 -1.0124 -0.2956 -0.7787 -0.0406 -0.4404 -0.5029 -0.5514 -1.6423 -0.5868 -0.5775 0.3941 
17.9463 -0.6450 0.4848 -1.6517 0.0092 0.0565 -0.5327 -0.8911 -0.7890 -0.4108 -0.5143 -0.5253 0.0521 
17.3654 -0.1882 1.7060 -1.1036 -0.0496 0.5434 -0.7049 -0.2277 0.7368 -0.6133 -0.7831 0.0041 0.2742 
17.3256 -2.2740 -0.2794 0.9731 -0.3853 0.3901 -0.0078 -0.2424 0.2477 0.2899 0.5484 -0.5697 -0.0907 
17.8604 -1.5912 0.4780 -0.6439 -0.2725 0.8240 0.2492 -0.1040 0.0025 -0.1001 -0.7704 0.2278 0.3583 
18.8019 -0.8088 1.0035 -1.7519 -1.2823 -0.2787 -0.1253 0.0805 0.3271 0.2793 0.3307 0.0401 -0.1386 
18.4269 -0.9885 0.2450 -1.4708 -1.8443 -0.3916 0.8525 0.0650 0.9836 0.1691 0.0181 -0.3722 0.0926 
17.3185 -1.0444 0.9587 -1.4841 0.4675 0.5272 -0.6706 0.1667 -0.7196 -0.6718 -0.1074 -0.2269 0.2654 
18.9957 -0.7039 -0.2374 -1.0700 -2.1415 -0.7417 -0.2767 -0.4534 -0.7336 0.4103 0.2062 -0.2206 0.0432 
17.2739 -1.7226 -0.9646 -2.0255 -1.7822 0.1470 -0.1113 -0.6439 0.5524 0.1173 -0.1381 -0.4001 0.0144 
18.6489 -0.5020 -0.1514 -1.1787 -1.0499 -0.2083 -0.8978 -0.1839 -0.0171 -0.2079 0.2689 -0.6745 0.0181 
16.9284 -1.9955 -0.9367 -2.9762 -2.6491 -0.9957 -1.3103 -1.4659 -0.4486 -1.2111 -1.3876 -0.4790 -0.7620 
18.0618 0.0268 0.8748 -0.1460 -1.8147 -0.4022 0.2518 -0.1503 -1.3841 -0.4963 0.4086 -0.0028 0.0660 
17.6636 -1.5296 0.0131 -1.1687 -1.2651 1.0459 -1.2630 -0.8820 -0.9866 -0.3061 -0.9937 -0.8297 0.1630 
16.9399 -1.2354 -0.6480 -0.2991 -2.0680 -1.3909 -0.4992 -0.7156 -0.3526 -1.0473 -0.1988 -0.8039 0.3947 
17.9832 -1.2394 -0.1537 -0.6247 -0.7655 0.2364 -0.3104 -0.1610 -0.4508 -0.3516 -0.3977 -0.6245 -0.4610 
18.2135 -0.6225 -0.6572 -1.2292 -1.5275 0.1372 0.1835 -0.7817 0.4681 0.1855 -0.7122 -0.8229 0.0673 
18.3703 -0.7380 1.3697 -0.1626 -0.3734 -1.9502 -0.8049 -0.3400 -0.0000 -0.1089 -0.5719 -0.5508 0.1854 
17.5564 -0.6484 1.3225 -0.5863 -1.8167 -0.5605 -1.0387 -0.5302 -0.4093 -0.4760 -0.1424 0.3836 -0.7202 
16.8518 -2.0649 1.5910 0.2506 -1.3196 -0.9817 -0.5177 0.6491 0.5489 -1.2583 -0.8476 -0.5132 0.1780 
19.6062 0.4038 1.5937 -1.4173 -1.0572 -0.0458 -1.5375 -0.7380 -0.1287 0.0584 0.2662 -0.6199 0.1196 
18.7000 -0.3542 0.5944 -0.6802 -1.5593 0.6127 -1.0081 -0.6503 -0.7332 -0.6490 -0.6353 -0.8188 0.2979 
17.5661 -0.3315 1.4663 -0.2194 -1.3289 -1.9360 -0.6030 0.0142 -0.1501 -0.7951 -1.0959 -0.5095 0.7073 
18.6053 -0.6672 0.4217 -0.5765 -0.5797 0.4624 -0.5986 -1.2026 -0.6902 -0.2187 -0.8077 -0.8306 0.5686 
19.3796 -0.1742 0.2310 -0.7627 -1.0811 -0.1284 -0.7548 -0.9384 -0.2182 -0.5179 -0.8394 -0.1595 0.2771 
19.0839 -0.1961 0.6209 -1.5581 -1.2288 -1.1994 -0.6973 -1.1284 -0.1093 -0.6932 0.0183 -0.1992 -0.5900 
19.9583 -1.1707 -0.1914 0.8314 0.7421 -0.8733 -1.2007 -0.7296 -0.0945 -0.4543 0.1740 -0.8540 0.0939 
19.6823 -1.6508 -0.8067 -0.2669 -0.8537 -0.3341 -0.8441 -1.3623 -0.7110 -0.4810 -0.0956 -0.5823 -0.0229 
18.7148 0.2652 0.6493 -0.0396 -0.9611 -0.4620 -0.2182 -0.7572 -1.0125 -0.2359 0.0197 0.2410 0.0706 
17.1511 -0.7949 0.7167 -0.6338 -1.4272 -1.1092 -0.4274 -0.6399 -1.1478 0.2301 0.5100 -0.6653 0.0113 
14.9608 -1.3136 0.5647 -0.6675 -0.6605 0.7962 -0.0115 -0.6399 -0.2335 -0.0307 -1.1094 -0.2186 0.7563 
16.6796 -0.8403 0.3378 -1.7770 -1.0625 0.2541 -0.8099 -0.5017 0.4696 0.2042 -0.0500 -0.0020 -0.2889 
16.6666 -0.7499 1.4872 -0.6218 -0.7536 -0.3889 -0.3848 -0.2796 -0.0576 -1.1274 -0.0859 -0.2128 -0.3681 
