20.1617 0.2342 -1.0723 -1.4008 -1.2246 0.0700 -0.2829 0.2451 -0.6352 -0.8709 -0.1762 -0.7743 0.4337 
21.0200 0.5836 -0.3689 -1.0252 -1.3984 0.1922 0.1747 -0.2167 -0.1913 -0.3465 -0.5069 -0.2750 -0.3878 
20.8698 0.4483 -1.2722 -1.0638 -0.4388 0.0009 -0.1928 0.2673 -0.0411 -0.2272 -0.0169 0.2450 -0.8339 
20.3099 0.3758 -0.4673 -1.0242 -1.6457 0.1992 -0.2350 0.7365 0.4141 -0.4960 -0.7873 0.0520 -0.1829 
20.5576 0.3166 -0.5405 -0.3550 -0.7925 -0.0739 0.1954 0.4567 0.1046 -0.2582 -0.4450 -0.2425 -0.3632 
20.0565 -0.2715 -1.0755 -1.6845 -0.0688 0.9279 0.5100 0.4474 -0.3112 -0.5882 -0.3183 0.0236 -0.8583 
20.6053 0.4011 -1.1045 -0.8616 -0.7711 -0.7833 -0.5991 -0.8472 -0.7200 0.0783 -0.2042 0.0656 -0.2857 
20.9263 -0.2906 -0.4709 -1.1205 -0.8032 -0.2620 -0.6464 -0.0823 -0.0249 0.2483 0.0642 0.0589 0.7957 
20.1653 -0.8217 -0.1490 -1.2477 -0.1754 0.3432 0.1118 0.3262 -0.5387 0.1622 0.2766 -0.5370 -0.2021 
19.5357 -0.3587 -1.5548 -1.5006 -0.8356 -0.4876 -0.3200 -0.2737 -0.0549 0.2259 -0.4425 -0.2120 -0.0786 
20.6584 0.0215 -0.6432 -1.5208 -1.4238 -0.1372 -0.5927 -0.3699 0.3616 -0.0747 0.1143 -0.5260 0.1688 
19.7504 -0.0025 -0.7256 -0.6514 -0.2692 -0.6671 -0.0519 0.0950 0.8935 -0.2824 0.0081 -0.6056 -0.0087 
19.6097 -0.0435 -1.1503 -1.2714 -0.9576 0.1857 -0.8381 0.0149 -1.4083 -0.6750 -0.5327 -0.3250 -0.2413 
20.2085 -0.0023 -1.0346 -0.4641 -0.4070 0.3149 -0.4317 0.1135 0.4714 -0.1493 -0.0311 0.0167 -0.9431 
19.7174 -0.1097 -0.4789 -0.8781 -1.3090 -0.1518 0.0855 -0.0602 -1.1126 0.1360 0.4351 0.2526 0.3329 
20.4869 0.2324 -0.8812 -0.7266 -1.3068 0.0084 -0.2788 -0.0757 0.1013 -0.4646 -0.7872 0.3447 -0.2507 
19.1625 -1.1111 -0.8080 -2.0717 -1.7399 -0.7151 -0.4257 -1.0024 -1.1900 0.0345 0.4116 -0.2693 -0.3126 
20.5118 -0.8443 -2.1833 -1.2279 -1.0169 -0.1246 0.5641 -0.1261 -0.5119 -0.3445 -0.3934 -0.5852 -0.1268 
18.8552 -0.8657 -1.1720 -1.8750 0.0552 -0.6551 0.5604 1.1818 0.5784 -1.1396 -0.3759 -0.2859 0.3124 
18.3862 -1.1285 -2.5711 -1.5570 -0.6496 -0.5246 0.1084 0.4054 0.6369 -0.1152 0.1710 0.3643 0.4554 
20.4302 -0.8658 -1.5676 -0.6155 -1.2870 -0.1300 0.1109 0.3849 -0.5645 -0.1726 -0.8012 -0.2376 -0.0912 
19.9234 -0.6402 -1.7491 -0.9855 -1.0587 0.4694 0.2478 -0.4102 0.2608 -0.5534 -0.5298 -0.3670 -0.2534 
19.6304 -0.0956 -0.8612 -1.3412 -1.4790 -0.4934 0.5206 0.3019 -0.1480 0.1375 0.0048 -0.7316 0.0365 
19.3094 -0.5631 0.6629 -1.0459 -1.3187 -0.9701 -1.0476 1.2254 0.7503 -1.0775 -0.6038 -0.3475 0.7713 
20.1173 -0.7613 -1.9816 -2.4342 -1.0015 0.0804 -0.0183 0.2112 0.5287 -0.3766 0.2829 0.1990 0.1246 
20.9470 0.1012 -1.2190 -0.6700 -0.9876 -0.4128 -0.0314 -0.7320 0.3173 -0.1271 -0.1556 0.1712 -0.4435 
20.4086 -0.5891 -0.5825 -0.8192 -0.3231 -0.0421 0.2342 0.3100 -0.3325 -0.5153 -0.3893 -0.6014 0.1320 
19.9403 -1.6260 -1.8024 -1.6941 -1.9329 -0.6083 -0.2432 0.5153 0.4162 -0.2432 -0.0737 0.2003 0.2597 
20.0457 -0.8718 -1.3660 -0.8585 -1.3995 -0.0504 -0.0853 -0.4588 0.0063 0.0476 0.4038 -0.4240 -0.7239 
19.6893 -0.2070 -1.9999 -1.3199 -0.1185 -0.1237 0.0712 -0.5917 -0.7679 -0.1198 -0.2540 0.1024 0.1900 
20.2025 -0.6019 -0.8883 -1.1094 -0.8856 -0.5301 0.4713 0.1495 0.2910 -0.0607 -0.7207 0.3211 0.7126 
19.9887 -0.0384 -0.0997 -1.0948 -1.3154 -0.5330 -0.3259 0.8510 0.2192 -0.6994 -0.6266 -0.0181 0.0880 
19.6476 -0.1628 -0.7533 -1.3125 -0.6731 0.4612 -0.0624 0.3751 -0.6096 0.5224 -0.1017 -0.4077 0.0107 
20.2795 -0.3895 -1.1106 -0.6504 -1.4276 -1.5887 -1.0089 -0.3196 -0.7190 -0.1209 -0.2524 -0.2073 -0.4240 
20.1989 0.1676 -1.0949 -1.3000 -1.4082 -0.8781 0.1991 -0.0324 -0.0504 0.2599 -0.6589 0.5356 0.5041 
19.5133 -1.1057 -1.6887 -1.1058 -0.6686 0.2564 1.2654 1.6567 -0.5617 -0.4769 -0.3333 -0.4684 -0.3034 
18.3088 0.5190 -1.4518 -2.5573 -0.4206 0.4024 0.4844 0.5093 -0.3343 -0.3718 -0.0616 -0.4039 0.6823 
18.9139 -1.1994 -2.5133 -1.0499 -0.3436 -0.1447 -0.6393 -0.7340 -1.3108 -1.1284 -0.6571 -0.3389 -0.2826 
20.2026 -0.2468 -0.2671 -0.1262 -1.1754 -0.2774 -0.6922 0.0886 -0.0142 -0.5433 -0.5339 -0.0331 0.1976 
19.0997 -2.1781 -2.2892 -1.6727 -1.0863 -0.0904 0.0393 0.5974 0.5200 0.7934 0.1557 0.6687 0.5266 
19.4325 -1.5369 -1.2653 -0.6059 -0.0407 -0.4560 0.3553 -0.0153 -1.1238 -1.0411 -0.6647 -0.7076 0.2257 
20.4885 0.0121 -1.2870 -0.6471 -2.1694 -0.3623 -0.2922 1.2746 -0.4562 -0.4027 0.0705 0.2961 -0.3494 
19.1238 -0.4894 -2.1103 -1.1175 -0.8631 -0.4166 -0.5871 0.3131 0.1654 -0.4504 -0.0149 -0.0825 -0.4396 
20.7067 0.0448 -1.3542 -1.0334 -1.7525 -0.1269 0.8274 0.8963 -0.8421 -0.1877 0.2390 0.2321 -0.6068 
21.1388 -0.3485 -0.5762 -1.6168 -1.2187 -0.5880 -0.6579 -0.8187 -0.6462 -0.2585 -0.1152 -0.3557 -0.0682 
19.5679 -1.0546 -0.4967 -0.9011 -1.0515 0.5014 0.6979 0.9895 0.0211 0.3200 -0.9270 -0.4658 -0.0782 
20.2677 -0.0287 -1.4121 -1.3799 -0.3298 -0.5214 -0.5762 0.4248 0.0265 0.0868 -0.0242 0.7010 0.0022 
20.7737 0.5663 -0.0153 -1.2873 -1.5384 -0.4528 -0.4895 0.8484 -0.6484 -0.5761 -0.1877 0.3878 -0.1038 
19.5202 0.7947 -0.1496 -1.4876 -0.9126 -0.6853 -1.1467 -0.0420 0.4482 0.3339 -0.0233 -0.2676 -0.0007 
20.7622 -0.3165 -0.2312 -1.4553 -0.7797 -0.3983 0.3411 0.3044 0.3654 -0.1599 -0.2272 -0.2471 0.1003 
19.0387 -1.3956 -0.6344 -1.5198 0.3441 0.5391 -0.4373 0.0195 0.0494 0.6774 0.5439 0.0245 0.0073 
19.4509 -0.7770 -1.5571 -0.8760 -0.9081 0.3213 -0.5601 -0.2806 -0.5766 -0.6722 -0.4200 -0.4848 -0.2847 
20.2519 0.7498 -0.9062 -0.5011 -1.0077 0.1840 0.0812 -1.1818 0.2718 0.1275 -0.3367 -0.4199 0.0427 
19.7340 -0.3382 -0.6179 -2.0912 -1.8245 0.4925 0.2184 0.2892 0.0338 -0.4192 -0.4115 0.1974 -0.6719 
19.7249 -0.2664 0.5626 -1.1378 -1.1878 -0.4013 0.1089 -0.8465 -0.4080 -0.1452 -0.3177 0.5368 0.2164 
20.7495 0.9203 -0.3593 -0.9551 -0.6043 -0.3901 -0.5627 -0.3932 -0.4944 0.3368 -0.1786 -0.4859 0.0882 
26.1977 3.5375 -1.1377 -1.4164 -0.8680 -1.0549 -1.3239 -0.4867 -0.2861 0.0017 0.0593 0.1792 -0.7457 
27.6574 4.6378 -1.6804 -1.0172 -1.4353 -0.9326 0.0217 0.1549 0.1082 -0.8177 0.2852 -0.6875 -0.4680 
27.2027 5.3323 -1.8822 -2.7879 -0.3534 -0.6884 -0.4058 0.0482 -0.7377 -0.8859 -0.7678 -0.4122 -0.0542 
28.0948 5.0649 -1.7904 -2.6317 -1.1360 -0.4034 -0.3010 0.2051 -0.6699 -0.3673 -0.7866 -0.7926 0.0191 
30.9595 1.9833 -0.6941 -0.3017 -1.9632 -1.3347 -0.2283 1.4529 0.4415 -1.3995 -1.6092 -0.3163 0.7615 
31.7428 2.8781 -2.5152 -0.9558 -1.9007 -0.3941 -0.3440 0.7151 -0.7697 -0.7933 -0.6216 -0.1221 -0.6417 
32.8757 2.0257 -1.8968 -1.1006 -2.2255 -0.5843 0.6220 0.4292 -0.2548 -0.1430 -0.4052 -0.4753 -0.6487 
33.0155 2.0989 -1.5043 -1.2627 -2.3009 -0.5153 0.1007 0.3292 0.0622 -0.5667 -0.5331 -0.3026 -0.6281 
33.2673 2.5891 -1.6109 -1.4522 -1.9947 -0.0791 -0.2233 0.3533 0.5039 -0.2602 -0.5080 -0.3236 -0.4521 
33.1824 2.1920 -1.6672 -1.8068 -2.0878 -0.3136 -0.5043 0.2439 0.2239 -0.4436 -0.2917 -0.5654 -0.6833 
33.5877 1.9931 -1.0843 -2.3483 -1.9205 0.0629 -0.6989 0.0735 0.5952 -0.5943 -0.4508 -0.2042 -0.5087 
34.1036 1.6399 -0.9733 -1.8173 -2.1470 -0.0915 -0.4041 0.5990 0.0136 -0.2961 -0.2502 -0.0493 -0.7874 
34.8046 1.0696 -1.4015 -1.3225 -2.6024 -0.5970 0.1978 0.1259 -0.0259 -0.1648 -0.6421 0.0379 -0.7692 
34.2620 0.9192 -0.5914 -1.9802 -2.8095 -0.4873 0.4927 0.0292 0.0374 -0.3635 -0.4226 -0.1999 -0.7853 
34.5565 1.0190 -0.7696 -1.4221 -2.8182 -0.1386 0.3809 0.4366 0.1003 -0.2064 -0.3792 0.0210 -1.0144 
34.4169 0.7453 0.1486 -1.5600 -2.8500 -0.1567 0.4354 0.6582 -0.0198 -0.4946 0.0480 -0.0439 -1.2819 
34.0741 0.7942 -0.0607 -2.0319 -2.4515 -0.1151 -0.1213 0.6820 0.2492 -0.6946 0.0412 -0.3785 -1.3134 
34.1028 0.6274 0.1123 -1.5373 -2.4804 -0.6590 0.1987 0.9033 0.0588 -0.6315 0.1215 -0.2975 -1.0479 
34.1079 0.3593 0.5464 -1.1608 -2.8752 -0.8001 0.4754 0.8096 -0.2493 -0.3532 -0.0151 -0.3128 -0.8107 
33.7773 0.7573 -0.2295 -1.2805 -2.5817 -1.0616 0.3693 0.3842 -0.5299 -0.1463 -0.3878 -0.4319 -0.6595 
33.7228 0.4984 -0.1814 -1.2645 -2.7098 -0.9316 0.4452 0.3499 -0.3779 -0.3088 -0.3617 -0.5012 -0.4416 
33.4107 0.9516 -0.2456 -1.1703 -2.6971 -0.6407 0.3213 0.4394 -0.1589 -0.6036 0.1757 -0.6459 -0.3371 
33.3024 0.7230 -0.5960 -1.1842 -2.9908 -0.9262 0.4238 0.2679 -0.3103 -0.9457 0.1019 -0.7139 -0.4297 
33.3590 0.8516 -0.5467 -1.2769 -2.2581 -0.8378 0.3452 0.3937 -0.0824 -0.5699 -0.0230 -0.5670 -0.4842 
32.7952 1.1631 -0.6056 -1.1803 -2.4577 -0.6840 0.4686 0.5825 -0.2061 -0.5148 -0.2446 -0.3443 -0.4945 
32.6742 1.0550 -0.6402 -1.2203 -2.3900 -1.0066 0.3370 0.5908 -0.4875 -0.3455 -0.6357 -0.4381 -0.4819 
32.6318 1.3063 -0.4266 -1.4600 -2.0203 -0.9975 0.5803 0.6400 -0.0712 -0.6097 -0.0048 -0.6612 -0.2957 
32.6856 1.3893 -0.9242 -1.2210 -2.6690 -0.5026 0.0472 0.6361 -0.1550 -0.5599 -0.2764 -0.5744 -0.4508 
32.5783 1.4062 -0.7796 -1.6411 -2.6386 -0.6757 -0.1863 0.6275 -0.0590 -0.8676 -0.1358 -0.6511 -0.4370 
32.1132 2.0676 -0.8750 -1.9036 -2.3773 -0.3699 -0.3718 1.0506 -0.1727 -0.7844 0.2157 -0.5199 -0.5003 
32.1562 1.7984 -1.6189 -1.4078 -3.0621 -0.5088 -0.1092 0.3150 0.0508 -0.7558 -0.4205 -0.2948 -0.8684 
31.8623 2.6375 -1.9931 -0.6643 -3.2587 -0.0317 0.3679 0.3424 0.2002 -0.0137 -0.7381 -0.1315 -0.5895 
32.0184 2.9066 -2.0153 -0.9373 -2.5667 -0.6378 0.7495 0.1015 0.3134 0.0508 -0.6999 0.1267 -0.7764 
32.2288 2.5355 -2.1493 -1.1563 -2.4349 -0.6005 0.5206 0.3839 0.1349 0.1370 -0.6171 -0.2222 -0.9873 
31.8574 2.9963 -2.2241 -1.2782 -2.1916 -1.0705 0.8852 0.1824 0.1380 0.0040 -0.3810 -0.3070 -1.0858 
32.0763 3.2225 -2.1059 -1.1086 -2.2421 -0.7083 0.4045 0.6017 0.0746 -0.2362 -0.1025 -0.3857 -0.7844 
31.7329 3.3176 -2.5625 -1.2886 -2.5032 -0.8006 -0.1519 0.7203 -0.4653 -0.2808 -0.3151 -0.6114 -0.6534 
30.6383 4.2880 -2.8809 -1.3395 -2.1355 -1.1069 0.0053 1.0663 -0.5183 -0.2743 -0.0871 -0.7705 -0.4644 
30.9128 3.6785 -1.9524 -1.7182 -1.9568 -1.1911 0.2082 1.1949 -0.6352 -0.3170 -0.0667 -0.4422 -0.3634 
30.1588 3.7022 -2.5030 -2.2595 -1.8457 -1.6108 -0.4100 0.9447 -0.9522 -0.6225 -0.3992 -0.9545 -0.2928 
29.7631 3.9892 -1.7850 -1.9147 -1.7186 -1.0801 -0.1803 1.1383 0.1480 -0.6521 -0.1387 -0.3184 -0.4510 
28.8956 4.5108 -1.8772 -1.6748 -1.8242 -0.8352 0.0756 0.1563 -0.0575 -0.5623 -0.2366 -0.5247 -0.2880 
28.0926 4.8291 -1.5447 -2.5103 -1.3434 -0.6648 -0.0579 0.4490 -0.6936 0.3133 -0.9654 -0.7908 0.0933 
28.2918 4.1937 -0.8444 -2.2347 -1.6660 -0.8571 0.3960 0.7128 0.0896 -0.3785 -0.8034 -0.1329 -0.2169 
27.7353 4.7389 -1.7280 -2.3982 -1.6394 -0.7702 -0.2675 0.5563 -0.0288 -0.3937 -1.0616 -0.4234 -0.0361 
26.9430 6.1898 -2.4747 -1.7711 -1.5012 -0.9792 0.0411 1.0455 -0.7928 0.1453 -0.7258 -0.3247 -0.2835 
27.9048 4.2995 -1.6271 -2.2446 -1.7277 -1.0440 -0.0800 0.6527 -0.5494 -0.1824 -0.5512 -0.5435 -0.2373 
27.1344 4.8439 -1.8904 -2.4764 -1.5703 -1.2470 0.2046 0.4274 -0.6368 0.1587 -0.9934 -0.3106 -0.4858 
27.3411 4.5049 -1.5303 -2.1001 -1.2553 -1.4584 0.5080 0.3871 -0.1057 -0.6091 -0.2643 -0.6017 -0.1765 
26.5017 4.6090 -0.9205 -1.9511 -2.0706 -0.6327 -0.1052 0.6392 -0.5991 -0.4781 -0.4836 -0.6453 -0.4591 
26.0174 4.4794 -0.7960 -1.8833 -1.8193 -0.8643 0.1032 0.7418 -0.5661 -0.4860 -0.3377 -0.6542 -0.1256 
25.2013 4.9803 -0.9777 -2.1953 -1.1664 -0.6746 0.0219 0.6744 -0.1309 -0.3265 -0.4518 -0.8277 0.0492 
25.3307 3.2846 -0.8050 -1.9914 -2.2272 -1.0138 -0.0568 0.3123 -0.0978 -0.4610 -1.2759 -0.2754 -0.3209 
24.9117 3.9312 0.9115 -1.5846 -1.6969 -1.2773 0.6016 0.5447 -0.1291 -0.4387 -0.5043 -0.0454 -0.5682 
23.9713 4.5737 0.7138 -1.3467 -2.2371 -2.0831 0.3555 1.0568 0.4476 -1.3235 -1.1670 0.0963 0.1759 
23.3412 4.7082 0.0911 -2.5526 -1.4084 -1.1691 -0.6100 0.3997 0.5930 -0.4806 -1.3279 -0.4009 0.1324 
24.1557 4.3876 -0.5527 -2.6511 -1.7625 -1.0737 -0.0291 0.1138 -0.1496 -0.6215 -0.4652 -0.0724 -0.7316 
24.6855 4.4610 -0.0446 -3.4156 -1.9882 -0.0406 -0.5300 0.5360 -0.6271 -0.1430 -0.4293 -0.5459 -0.2433 
24.2855 3.2211 0.0249 -1.5345 -2.0487 -1.0196 0.4393 0.8825 0.0171 -0.6429 -0.8538 -0.0923 -0.2483 
23.0903 3.2924 -0.3697 -1.6334 -1.5260 -0.2121 0.4080 0.4401 0.2895 -0.0405 -0.4349 -0.4549 -0.1001 
21.4274 1.9893 0.0955 -1.9828 -1.9865 0.2220 -0.1002 0.1615 -0.4904 0.0230 -0.2987 -0.8205 -0.2675 
21.7414 2.0009 0.2985 -0.9212 -1.0585 -0.5792 -0.3726 -0.1861 -0.3546 0.2071 -0.6870 -0.1175 -0.3432 
20.8313 0.8415 -0.5723 -0.9303 -0.8623 -0.0765 -0.9088 -0.1794 -0.6831 -0.4970 -0.7708 -0.0658 -0.2297 
19.6458 0.6358 1.1717 0.4064 -1.5332 -0.6994 0.3150 0.2861 0.3220 -0.1826 -2.0804 -0.3739 1.3946 
19.5515 -0.5074 -1.2683 -0.9257 -0.6338 -0.1822 0.3827 -0.4770 -0.9349 -0.7871 -0.3589 -0.1760 -0.2907 
19.8844 0.3111 0.2204 -0.1112 -0.0990 0.2710 0.6615 -0.4348 -1.0392 -0.8665 -0.1887 -0.3067 0.4188 
19.7919 0.6539 0.0581 -0.5719 -0.3126 -0.8944 -0.7551 -1.3604 -0.5865 0.0347 -0.1194 0.1836 -0.5566 
18.6258 0.0981 -0.8468 -0.0359 -0.1426 -0.1661 -1.5576 -0.5169 -0.6426 -0.3222 0.0874 0.7497 0.0483 
20.1381 -0.9188 -0.5305 0.2340 -0.0882 -0.4526 -0.9724 -0.2850 -1.0825 -0.4199 0.6480 0.3718 -0.0524 
18.8586 -0.9612 0.3343 0.4778 -2.3199 -3.1106 -1.3784 0.2067 0.2033 -0.9116 -2.0339 0.1064 0.8760 
19.3005 -0.3111 0.4936 -0.8852 -0.8743 -0.6367 -0.1708 0.3530 0.0399 -0.0321 0.1702 -0.0623 0.5571 
19.4623 -0.0886 -0.5206 -0.5466 -0.1802 0.0515 -0.3770 0.8009 -0.0981 -0.0982 -0.5255 -0.4817 -0.4733 
19.3730 -0.9406 -0.5469 -0.1106 0.2730 -0.5915 -0.1687 0.9731 -0.0277 -0.2244 0.0788 -0.5003 0.0301 
19.5012 -1.0479 -0.1997 -0.6984 0.4282 0.2320 0.6218 -0.4270 -0.6291 -0.0480 -0.7748 -0.3031 0.7754 
19.5341 -0.3424 -0.5288 -0.2063 0.0790 -0.8160 0.0124 0.3243 -0.5930 -0.4490 0.2303 -0.6392 0.8999 
18.4389 0.6024 1.0563 -1.3742 -1.0538 0.1403 -0.5272 -1.9927 0.3381 0.8420 -0.4918 0.4395 0.7130 
19.5272 1.0577 -0.2385 0.1833 0.1436 -0.5658 -0.1455 0.0657 -0.2089 0.2083 -0.3935 -0.3524 -0.2060 
19.4361 0.6935 -0.3443 -0.6075 -0.4768 -0.6220 -0.5071 0.5025 0.1514 0.2117 -0.6815 -0.9442 -0.0148 
20.5219 -0.1035 -1.0758 -1.1604 -0.7186 -0.5274 0.2798 0.2038 -0.4311 -1.2255 -0.0357 0.0117 -0.2208 
20.6563 -0.4707 -1.6378 -1.3399 -0.4260 -0.0891 0.2509 0.9296 -0.0754 0.2026 -0.2509 -0.7366 0.0700 
18.9037 0.0292 -0.6160 -0.2688 0.2016 0.9090 -0.2265 -0.2106 -1.0627 -0.8408 -0.1870 -0.2972 0.3570 
19.3287 0.1363 -1.4648 -1.6104 -1.8925 0.4871 -0.4907 1.2576 -0.2286 0.4177 0.5851 0.5492 0.0737 
19.1291 0.8313 -0.5329 -1.3180 -1.8061 0.0176 -0.1001 0.9254 0.0468 -0.7458 -0.9696 0.1563 0.3506 
18.7834 -0.8630 -1.7350 -2.5136 -1.5842 -0.0503 0.9116 1.1559 -0.1246 -0.1995 -0.7153 -0.0837 0.3381 
19.8802 0.1684 -0.2583 -1.3968 -1.4559 -0.2830 -0.2670 0.6773 -0.1366 -0.3229 0.3939 -0.6063 -0.0600 
18.7694 -0.8935 -0.0150 -1.1810 -1.6583 -0.8828 -0.4400 1.0344 -0.5225 -0.2769 0.4907 -0.0841 -0.1963 
19.6703 -0.1974 -0.4813 -0.0681 -0.3023 -0.3999 0.1033 0.8300 -0.7669 -0.8659 -0.6595 -0.2284 0.0278 
19.3428 -0.1189 -0.3572 -1.1000 -0.8324 0.7520 1.0195 0.7422 -0.6739 -0.6130 -0.7493 -0.5835 0.4650 
17.5268 -0.8937 -0.8308 -1.7378 -1.3897 1.1042 0.8028 1.5922 0.9013 0.3164 -0.5439 -0.2361 -1.0670 
19.1089 0.0844 -1.1829 -1.2870 -0.4376 0.5701 -0.1492 -0.2753 -0.4188 0.4043 -0.3616 0.2108 -0.2255 
18.6663 0.1464 -1.3338 -1.4990 -1.0703 -0.2347 -0.8716 0.7908 -0.2112 0.6088 -0.3580 -0.0241 0.2221 
20.7478 0.5672 -0.3314 -1.9611 -1.1363 0.1780 -0.0875 -0.4647 -0.3097 0.0336 0.1286 -0.2305 -0.0387 
18.4795 -0.5880 -0.7368 -1.5480 -1.1992 -0.7697 -0.4376 0.6664 -0.3922 0.2655 -0.4039 -0.0103 0.7098 
18.0004 -1.7829 -1.8797 -2.7232 -2.7879 -1.8908 -0.4304 -0.0909 -0.9498 -0.2853 -0.5315 0.0104 -0.6391 
19.2579 0.0699 -0.9902 -0.7761 -0.2604 -1.0288 -0.5366 -0.4413 0.1119 -0.3664 0.5967 -0.4904 0.3658 
19.1133 -0.6834 0.3687 -0.6978 -1.2171 -0.4039 -0.1611 1.3996 0.1183 -0.8814 -0.1350 -0.3803 -0.2174 
19.5646 0.4908 0.1082 -0.5862 -0.4926 0.8621 -0.5572 -0.3301 -0.2533 -0.6113 0.0072 0.0262 0.3222 
19.1757 0.9777 -1.3935 -1.1149 -0.1811 0.7458 -0.1950 0.0613 0.7714 -0.4755 -0.3060 0.0082 -0.5177 
19.9844 -0.1101 -1.6915 -1.4677 -1.8561 -0.4461 0.0807 -0.4863 -0.7034 -0.4341 -0.5396 -0.1544 -0.0226 
19.4863 0.7166 -0.1149 0.2411 -0.7940 -0.0261 0.0282 -0.4243 -0.2000 -1.0765 -0.3317 0.3824 0.2126 
18.0319 0.6686 -0.7755 -2.6319 -1.5115 1.2126 0.8462 -0.1103 0.3865 0.2209 -0.8136 0.1674 0.4966 
19.6380 0.8912 0.6758 -1.5328 -1.5787 0.1724 0.6730 0.3792 0.3145 -0.4438 0.0191 -0.3282 -0.5177 
20.8650 0.2943 -0.7042 -0.1266 -0.4148 -0.1172 0.1708 -0.6760 -0.2288 -0.5545 0.1080 -0.0072 -0.2114 
18.8530 -0.9061 -0.6462 -0.8190 -1.3745 -0.1575 1.4016 0.2151 -0.7914 -1.0077 -0.2457 -0.1892 -0.2688 
19.9536 0.3357 0.9482 -1.0666 -1.0567 -0.7446 0.9930 -0.1388 -1.0412 0.1195 -0.6889 -0.1114 0.0931 
19.5090 -0.9595 -0.2225 -1.0530 -1.8014 -0.1971 0.3166 0.5416 -0.3693 0.1163 -0.6394 0.1601 0.3872 
17.4119 -0.4482 -0.2377 0.0226 -0.6656 -0.7732 -0.2280 0.6774 0.5691 -0.4070 -0.9798 -0.5099 0.6766 
19.4420 -0.6330 -0.8034 -0.2293 -0.8085 -0.5794 -1.2679 -0.2400 -0.4805 -0.2482 0.1055 0.0858 -0.1639 
19.7632 -0.2012 -0.7233 -0.4737 -0.8633 -0.6357 -0.5271 -0.5817 -0.6575 -0.1498 0.3483 0.1435 0.1450 
18.2466 0.1668 0.3693 -1.2061 -1.1205 0.5547 0.8808 -0.5731 0.0949 -0.5012 -0.2682 0.1473 -0.5713 
16.4453 -0.4912 -0.4228 -1.5467 -0.0421 0.2488 0.0043 0.3722 0.5803 0.4686 0.1801 -0.0155 0.2517 
