-inf -inf -inf -inf -inf -inf -inf -inf -inf -inf -inf -inf -inf -inf -inf -inf -inf -inf -inf -inf -inf -inf -inf -inf -inf -inf -inf -inf -inf -inf -inf -inf -inf -inf -inf -inf -inf -inf -inf -inf 
-inf -inf -inf -inf -inf -inf -inf -inf -inf -inf -inf -inf -inf -inf -inf -inf -inf -inf -inf -inf -inf -inf -inf -inf -inf -inf -inf -inf -inf -inf -inf -inf -inf -inf -inf -inf -inf -inf -inf -inf 
-inf -inf -inf -inf -inf -inf -inf -inf -inf -inf -inf -inf -inf -inf -inf -inf -inf -inf -inf -inf -inf -inf -inf -inf -inf -inf -inf -inf -inf -inf -inf -inf -inf -inf -inf -inf -inf -inf -inf -inf 
-inf -inf -inf -inf -inf -inf -inf -inf -inf -inf -inf -inf -inf -inf -inf -inf -inf -inf -inf -inf -inf -inf -inf -inf -inf -inf -inf -inf -inf -inf -inf -inf -inf -inf -inf -inf -inf -inf -inf -inf 
1.3982 1.4226 1.5067 1.6410 1.7918 1.8129 1.6376 1.5508 2.2665 2.8442 3.1456 3.2329 3.1838 3.0793 2.8539 2.5798 3.2975 3.7207 3.6075 3.1993 2.6487 3.1237 3.7839 3.5984 2.8402 3.0511 3.7435 3.3414 2.4913 4.3439 4.7053 4.0825 4.3607 3.5140 3.1699 2.9956 3.4042 3.1918 3.0309 2.7207 
2.4933 4.5850 3.8580 4.1231 5.2277 4.9399 4.4874 4.4249 4.0592 4.0932 4.9676 4.9392 4.5158 4.7319 3.6754 3.2654 5.4235 6.3470 7.4332 7.7638 7.2009 7.5268 7.9155 8.0135 6.8881 6.5774 7.3895 6.0952 6.6488 7.0548 7.3275 6.9107 6.7078 7.2233 7.2726 8.2388 8.3007 7.8284 5.9271 6.1806 
4.3232 4.5599 4.7765 4.8691 4.8125 4.5607 4.0120 3.5705 4.1910 4.6502 4.8725 4.4978 4.7250 4.6391 3.7990 3.8337 3.7008 5.0679 6.3204 7.5132 7.7301 8.1173 7.5092 7.1761 6.7706 6.7224 6.5979 6.3776 6.5233 7.3349 7.2164 6.5261 6.3526 6.7188 7.4034 8.2680 8.3167 7.4911 7.4285 7.0567 
-inf -inf -inf -inf -inf -inf -inf -inf -inf -inf -inf -inf -inf -inf -inf -inf -inf -inf -inf -inf -inf -inf -inf -inf -inf -inf -inf -inf -inf -inf -inf -inf -inf -inf -inf -inf -inf -inf -inf -inf 
-inf -inf -inf -inf -inf -inf -inf -inf -inf -inf -inf -inf -inf -inf -inf -inf -inf -inf -inf -inf -inf -inf -inf -inf -inf -inf -inf -inf -inf -inf -inf -inf -inf -inf -inf -inf -inf -inf -inf -inf 
-inf -inf -inf -inf -inf -inf -inf -inf -inf -inf -inf -inf -inf -inf -inf -inf -inf -inf -inf -inf -inf -inf -inf -inf -inf -inf -inf -inf -inf -inf -inf -inf -inf -inf -inf -inf -inf -inf -inf -inf 
4.7038 4.8279 4.5703 3.8867 4.7383 5.6093 5.5945 5.3450 4.9481 4.6473 5.2699 4.8264 4.6760 4.8984 4.9933 5.1078 4.8069 4.2249 4.2482 4.7402 5.3201 5.4865 4.9652 4.7116 4.9238 5.3192 5.3668 5.0688 5.7881 5.4972 5.6172 6.5786 6.1363 4.8783 5.5699 6.1299 5.9725 5.6496 4.7632 4.9645 
3.0489 5.2414 6.0491 5.7959 4.3266 5.2173 4.8468 4.3842 4.6902 3.6068 5.3140 4.8933 4.3600 5.3664 4.8711 4.9133 5.4317 5.0165 4.4450 4.7253 4.8677 4.9987 5.6604 5.5944 4.7822 5.0674 4.6014 4.4401 4.6951 4.9885 5.3640 5.6611 5.0490 5.0237 5.0909 6.0381 5.7115 4.9684 4.7857 4.6893 
4.8666 5.7231 5.6708 4.6126 5.8720 5.5512 4.6204 4.2208 4.6741 5.6905 4.9970 3.8233 4.8697 5.4815 4.9987 5.2886 4.6542 4.8510 5.7310 5.6822 4.4565 5.0838 4.9807 5.1677 5.0958 5.4986 4.9743 4.3202 4.6887 5.2575 5.0742 5.4277 4.7914 5.2040 4.8282 6.5900 5.9663 4.9704 4.7474 4.4800 
4.2961 5.7302 6.1490 6.9336 6.8387 6.5527 5.8473 4.8819 4.9093 4.6831 5.0209 5.2065 5.1288 5.0218 5.1321 4.5556 5.4654 5.5252 5.2241 5.4802 4.3986 5.6306 5.5228 5.4047 5.2263 5.0427 4.9886 4.5245 4.5608 4.9033 5.3415 4.7835 4.5038 4.3394 4.5307 4.6866 4.9629 4.8654 4.3972 4.2427 
4.4104 6.0568 5.5937 5.6290 6.8006 6.5403 5.6283 5.0859 4.6610 5.0345 5.1578 5.1320 5.0554 5.2530 4.3567 4.5249 5.5959 5.3851 5.5858 5.2341 4.5578 4.9360 4.7402 5.0181 4.9953 5.1715 4.7430 4.8526 5.0913 5.1372 4.9672 4.6961 5.0827 5.1041 4.4624 4.6366 4.4654 4.5054 4.4271 4.3921 
4.3995 5.8353 6.4222 5.7588 5.0961 5.8043 4.9209 5.4690 5.1830 4.7330 4.3481 4.5463 4.7995 4.7840 4.8971 5.0057 5.4576 5.3697 4.5401 5.3495 5.6348 5.6410 5.0927 5.1646 4.8822 5.3307 5.0988 4.6346 4.6366 5.3112 5.0399 4.4275 4.8078 4.9434 4.8647 4.4809 4.4728 4.1530 3.8865 4.1206 
5.0899 6.3478 6.4524 5.5990 7.1355 7.0780 5.0521 4.5470 5.1962 4.2551 5.1843 5.4772 5.0327 5.5056 5.4001 5.5284 5.1383 5.3759 4.8718 5.3582 4.6753 5.0468 4.8433 5.2885 4.9667 4.3168 4.9356 4.6361 4.9217 4.9151 4.6503 4.7498 4.2792 4.7789 4.7634 4.8085 4.0259 4.0201 4.2102 4.2117 
4.1684 6.2432 6.4984 5.4917 6.2308 6.4152 6.1785 5.4687 4.8103 5.1911 5.9098 5.4463 5.0339 5.2097 5.0192 5.1469 5.6806 4.9152 5.2440 4.9782 5.1228 5.4332 5.3022 5.7702 5.3179 5.2378 5.2614 5.4554 4.6975 4.8772 5.2865 5.4221 5.0747 5.2135 4.8994 4.5805 4.3932 4.6163 4.7642 4.4270 
4.2631 5.5581 4.7091 6.7756 6.5895 6.3083 6.4760 6.0103 5.1251 4.9661 4.0238 4.9253 4.5670 5.0855 5.7547 6.2834 6.2637 7.0871 7.4316 6.9951 7.0487 7.3614 7.4829 8.0205 9.1410 9.1598 8.3071 7.2969 7.0403 7.7977 7.2737 7.1775 7.3826 7.1157 7.6363 8.9700 8.8375 8.9573 8.2787 8.4214 
4.8127 6.2063 6.4894 5.9701 6.2554 6.5381 5.4434 5.1467 5.0632 5.8940 4.8406 4.6522 5.0034 5.2018 5.4590 5.8004 6.4477 6.3525 6.1842 6.4015 6.1183 6.5645 7.7617 8.4981 8.6561 8.5894 7.1970 6.0399 6.3149 6.9978 6.7099 7.3367 7.0779 7.2300 8.0649 8.8114 9.2229 8.8545 8.9511 8.3904 
3.8537 5.0772 6.2930 6.2700 6.7377 6.7859 5.1189 5.9890 5.6126 5.1250 5.2325 5.0528 4.7917 5.6337 4.8865 5.2822 5.3310 5.7424 5.8456 5.6843 5.6780 6.5005 5.9586 6.9687 7.1243 6.8463 6.2035 5.9774 6.0427 7.1014 6.4709 7.0542 7.0421 7.1177 7.8772 9.3076 9.7253 8.9697 9.1009 8.3620 
4.6812 4.3989 6.2854 7.2599 8.8992 8.6563 7.7416 6.0852 6.9409 6.6211 5.7693 5.2064 5.4031 5.6108 5.6186 5.5364 6.0458 6.0760 5.7358 6.4132 6.1828 5.9746 6.5044 7.0149 6.9035 6.3121 6.9610 6.1789 6.1981 6.9441 6.7303 6.7565 6.9457 6.6604 7.7295 8.6308 9.0970 8.9851 8.2745 8.2258 
4.6834 5.5534 7.5259 9.3722 9.9410 8.8543 6.8705 8.1757 8.1512 6.7170 7.3241 7.3239 5.4266 6.3073 5.8744 5.4696 5.7498 6.2416 6.1021 6.8809 7.8731 7.9643 7.6609 7.7605 7.6268 7.4034 7.6335 7.4414 6.7541 7.5945 7.3625 7.1334 6.7776 7.2256 7.4985 8.9524 8.7777 8.5566 8.1363 8.0202 
4.9628 5.9888 5.3479 9.2285 9.8418 8.8758 7.5767 8.1932 8.9135 8.5189 7.9922 8.5136 7.8025 7.1718 7.1109 6.7103 6.4780 6.3546 7.8101 8.1176 9.6291 8.7342 8.4309 8.8593 8.8874 8.4161 8.6713 8.4237 8.3514 8.6213 7.9168 7.0521 7.0811 7.1564 7.3702 8.6350 8.7666 8.5574 7.9418 7.5633 
4.8223 6.4610 7.7443 8.9676 8.6804 6.7922 8.1229 9.1997 8.2772 8.6104 9.5061 8.4312 10.0234 9.5477 9.2259 8.2344 8.8947 8.8036 9.3027 10.0959 9.8546 9.7955 9.2538 9.4180 8.7293 8.2409 8.7028 9.0078 8.5706 8.1906 7.9496 8.6528 8.8282 8.5608 7.6016 7.4971 8.1537 7.8138 7.7551 7.7484 
5.2507 6.2521 7.6081 9.1783 9.1215 7.6166 8.2561 9.1281 8.0191 8.7952 9.2805 8.1745 10.0877 9.4000 10.1480 9.0863 9.7070 9.8778 10.5934 10.5355 9.8176 9.5955 9.2700 9.4885 8.7118 7.9360 8.8774 8.9607 8.1518 7.8354 9.1122 9.4051 9.0555 8.5450 7.7576 7.8100 7.7777 7.7274 7.5001 7.9416 
5.4904 6.2984 7.7294 9.1469 8.8059 7.1428 8.3043 9.1028 7.8016 8.4518 9.0211 8.0947 9.9386 9.2703 10.3846 9.1944 10.1938 10.5744 11.1983 9.9719 9.4998 9.5296 9.1533 9.5446 8.5158 7.5239 8.4674 8.6686 7.8088 8.3630 9.2351 9.6728 9.2470 8.5635 7.8061 7.8772 8.2037 7.9341 7.5504 7.3579 
5.5020 6.9978 7.0051 9.1602 9.2103 7.6122 8.2889 9.1120 7.7990 8.4672 9.0877 8.0313 9.9049 9.2690 10.3009 9.3290 10.3314 10.5844 11.3833 9.5579 9.0503 9.3910 8.9153 9.2692 8.5647 7.3888 8.5377 8.3305 7.8459 8.6045 9.3503 9.4842 9.1977 8.4204 8.2928 8.6373 8.0995 8.0903 8.1890 8.2283 
5.0561 6.9903 7.9077 9.2152 9.0847 7.2664 8.1797 9.0805 8.0067 8.3440 9.1740 8.1537 9.8521 9.4136 10.0994 9.4206 10.2956 10.2747 11.3218 9.7676 9.2846 9.4451 8.9361 9.3547 8.7956 7.5566 7.9576 8.1481 7.6415 8.5032 9.1857 9.3856 8.4019 8.1559 7.8489 6.8393 6.4985 6.8261 6.1630 6.3183 
5.7355 6.8004 6.4796 9.1209 9.2583 7.5181 7.7475 9.0626 8.0892 8.1678 9.2467 7.9280 9.9425 9.5825 9.8553 9.4562 10.0700 10.0166 11.2979 10.0227 9.6215 9.2986 8.9241 9.1696 8.8678 7.9212 8.2239 7.9948 7.5007 8.3711 8.9657 9.4114 8.8576 8.2495 7.3513 6.4509 6.3498 6.5176 6.3861 5.9570 
5.2498 6.6200 7.2967 9.0985 9.1863 7.4365 7.6818 8.9623 8.1102 8.1738 9.3978 8.1731 9.8633 9.5984 9.6163 9.2851 9.5108 9.5539 11.1204 10.3678 10.4615 9.5366 9.2676 9.2871 8.9630 7.7925 8.7545 8.1744 7.2309 8.3228 8.7684 9.1167 8.7087 8.5737 7.5449 6.8193 7.1290 6.2691 6.3325 6.6091 
5.0751 6.1245 7.8282 9.2235 9.2520 7.6402 7.5038 8.8495 7.9769 7.8276 9.4710 8.4609 9.6519 9.4814 9.0746 9.0775 8.6172 8.9267 10.0127 9.4596 10.2799 9.9294 9.6874 9.5301 9.0799 8.3683 9.4140 8.9229 8.0072 7.4425 8.3974 8.9150 9.2215 8.9515 7.8714 6.9125 7.1116 6.1771 5.1499 5.8583 
5.3088 6.1831 4.2464 8.9994 9.4103 8.1208 5.9247 8.7002 8.1910 7.3216 9.5519 8.8862 8.3293 9.0962 8.0430 8.3973 7.5114 8.3166 8.8309 8.5463 9.6787 9.4837 9.9476 9.7630 9.0903 8.5011 9.5523 9.3598 8.3941 7.4783 6.9099 8.1675 8.7363 8.7301 8.0414 7.2970 6.5067 6.0946 5.2995 6.6358 
5.5720 6.5579 6.5990 8.8877 9.5187 8.2563 6.5492 8.6526 8.4750 6.5051 9.5485 9.4022 7.6922 8.5130 7.3922 7.4852 6.4391 7.5491 8.0684 7.8177 7.9884 8.2901 8.7593 8.7834 8.8348 8.3539 8.9288 8.8188 7.6319 7.9794 7.7766 7.5818 8.2604 8.6909 8.0430 7.9348 6.3205 6.7593 5.3153 6.4985 
3.4567 5.8353 4.5511 8.9081 9.6831 8.4562 5.4305 8.3271 8.6529 6.6289 8.6564 8.9941 7.1619 7.9261 7.3087 7.4576 7.1614 6.7192 7.4014 7.4429 8.0331 7.2364 7.5788 7.8895 8.2740 8.5371 9.1385 8.9494 8.7735 7.9594 7.0508 7.2888 7.6063 8.2790 7.2945 7.1469 6.3078 6.2016 5.5229 6.0403 
4.4396 5.8881 5.9817 9.0922 9.7585 8.6697 8.0013 8.1112 7.4307 6.8706 6.6536 7.2057 7.4949 7.5822 6.9902 6.3472 6.5424 6.5263 7.3536 6.4841 6.8755 7.3412 7.4574 8.0255 7.3201 7.0401 7.5886 7.3769 7.2188 7.3766 7.1464 7.0360 6.8539 6.8617 6.5453 7.7120 7.2530 7.1097 6.1367 6.5856 
5.2226 5.2126 6.5413 8.9680 10.0243 9.2126 6.0011 6.6219 7.6883 6.2247 5.9476 6.1608 6.9916 6.8329 6.3058 5.9855 6.4160 6.5167 7.0915 6.0331 5.6357 6.0549 6.3683 6.7617 6.5103 6.3045 6.8716 6.2385 6.7018 7.0005 6.4453 6.1342 6.6672 6.3082 6.6088 7.5778 7.2219 6.1692 5.6631 5.8373 
5.0602 6.2647 7.2004 8.4527 9.5647 8.9420 4.2742 6.5106 7.0148 5.8395 5.9359 6.4122 5.9029 5.8894 5.5379 5.0306 5.7657 5.8641 6.3410 5.9739 6.6307 6.8072 6.4017 6.5686 6.1247 5.9488 5.8889 6.1756 6.2416 6.3234 6.1478 5.7754 5.6892 5.4433 5.9108 5.9001 5.2416 5.5177 5.3355 5.1973 
4.8942 5.6069 7.0079 7.4025 8.8227 8.2948 7.7540 8.1599 7.6106 6.7492 6.8742 7.8381 7.6725 8.2862 8.5425 9.2122 9.2944 8.9866 8.0088 8.5824 9.0442 9.2369 9.9711 9.4691 9.6886 10.1076 9.8591 8.9888 9.6192 10.0329 9.1513 8.8490 9.6680 10.1389 9.8012 9.2209 9.1841 9.5811 9.5029 9.3542 
5.7770 6.8134 6.1563 8.2289 7.7872 8.2679 7.8362 7.9464 7.1419 7.4917 8.2879 8.1074 7.9058 8.3267 7.8839 8.4488 8.5275 8.6957 8.7558 8.7323 8.3104 8.9160 9.1467 9.2217 9.4773 9.3365 9.4552 8.5456 9.0918 9.6019 8.9870 9.2874 9.1188 8.6426 8.3803 8.9638 8.6834 8.9050 8.7828 9.0901 
5.6609 7.0334 8.3176 8.4452 7.4919 7.8156 8.2457 6.6278 6.3860 6.1213 7.6744 7.0828 7.6510 7.5578 7.8568 8.1353 8.8166 9.0314 7.7247 7.6774 8.2783 8.4107 8.5063 8.9932 9.1054 8.8987 9.1849 8.5877 8.8353 9.1368 8.6714 9.0591 8.3307 8.9210 9.0023 9.2589 9.0648 8.5963 8.3506 8.4797 
4.8820 5.7360 7.5956 7.7705 7.9124 7.7579 7.9657 6.9883 6.2683 6.6653 7.8251 7.6671 7.2545 7.2878 6.7035 7.4670 7.4889 7.4508 7.4518 7.9334 8.0045 8.2711 8.1954 8.3856 8.1421 8.4834 8.8378 8.0556 8.2379 8.1047 8.3644 8.6674 8.7145 8.8173 8.5193 8.3039 8.1814 8.0855 8.2972 8.1036 
4.8758 5.7324 6.5879 7.0981 6.9643 6.6652 7.0795 7.0407 6.9188 6.9284 6.7424 6.1212 6.6789 7.0451 7.4634 6.9068 7.3669 7.6279 8.2219 8.2329 8.1582 8.2503 7.8588 7.9734 8.5533 7.9092 8.3049 8.0985 7.9969 7.6538 8.2625 8.3120 8.0414 8.2179 8.5198 8.8945 9.7660 9.5688 9.5965 9.0076 
4.8488 6.0734 5.9996 5.3343 5.7612 6.1777 6.5280 6.4423 6.3700 6.2001 5.9667 5.9105 6.0949 6.2800 6.5956 5.5290 6.8430 7.5734 7.5171 7.2073 6.8905 7.8359 7.6676 7.7119 7.6023 7.2557 7.5089 7.5022 7.5177 7.5949 7.4384 7.1044 7.4800 7.5774 8.0931 8.4834 9.2295 8.9819 9.1969 8.7267 
4.6233 5.4762 6.4932 7.0660 6.3894 6.5075 4.6482 6.4367 5.8784 5.5700 6.8285 7.1566 6.3124 6.8563 6.3997 6.5266 6.9217 6.6026 7.1051 6.7697 6.6322 7.1205 7.0337 7.6944 7.6574 7.2174 6.7898 6.5769 6.3271 6.9545 7.3653 7.4171 7.4947 7.4881 7.9510 8.4948 8.9874 8.6940 8.1577 8.2871 
4.3950 5.7806 6.0192 6.2520 6.8300 6.6440 6.2759 6.2534 5.1780 5.7540 5.9536 5.9252 5.5927 5.6372 5.9582 5.4168 5.7014 6.1227 5.5453 6.2193 6.8871 6.9111 6.9666 6.9083 6.8413 6.2707 6.1575 6.2326 6.8692 7.3826 7.3093 7.3025 6.9803 6.5544 7.1900 8.0515 8.3971 7.9016 7.8111 7.6212 
4.3629 5.6505 5.1378 5.7004 6.5580 6.0266 5.4444 4.4534 4.1686 5.5626 5.5226 6.5389 6.3676 5.7381 5.6856 5.5207 6.4604 6.4885 5.7921 5.5594 8.1176 7.7574 6.9396 6.5873 6.7242 6.0628 6.1258 5.7119 5.9125 6.3022 6.8642 6.9526 6.6085 6.3668 6.5610 7.6904 8.1493 7.4606 7.3791 7.5333 
3.8901 4.7454 6.1002 6.4130 5.2432 5.8034 5.8854 5.9034 5.5159 5.6588 5.7541 5.8278 5.8593 5.9415 5.8295 5.8477 6.0953 6.1668 5.6843 7.4885 7.7889 6.8737 6.2987 6.4430 6.1660 6.2105 6.4949 5.8507 6.3148 6.6806 5.8058 6.4497 6.3737 5.9197 6.8825 7.6823 8.3897 8.1288 7.9264 7.3295 
3.7417 3.6062 5.3405 5.9068 6.1070 5.9810 6.0532 5.9133 5.2443 4.1641 5.1671 5.8224 6.4058 5.3819 5.4343 5.1140 5.5196 5.4860 6.0294 7.2905 6.0473 6.0901 5.6255 5.9514 5.7871 5.8023 6.3024 5.9021 6.0597 6.8889 6.6740 5.5508 5.3950 5.9136 6.3904 7.6557 8.1307 7.4736 7.6486 6.9207 
3.5979 5.3704 6.0267 6.1057 5.9354 5.6235 5.7048 5.8090 4.9902 4.6198 5.2244 5.4216 5.2412 5.5832 5.7556 5.5025 4.6773 5.1853 5.5468 6.1655 5.9028 5.8866 5.4555 6.3820 5.9747 6.0306 6.0711 5.8192 5.8922 6.3925 5.8011 5.5067 5.5954 5.9734 6.5146 7.3527 7.5808 7.4066 7.8498 7.2379 
3.8758 5.4040 6.3740 5.6150 6.1467 6.1681 4.8123 3.7314 3.9621 4.5183 5.3280 4.6602 4.7987 4.9255 5.5898 5.5876 6.2046 5.8184 5.4775 5.0356 5.2010 5.8077 5.5523 5.8954 5.8766 6.0358 5.9584 5.5800 5.8207 5.9708 5.9013 6.1198 5.6153 5.6905 6.0940 6.9590 7.0617 7.1447 6.9148 6.8575 
3.7336 4.1917 4.5247 6.3019 6.5382 6.1783 5.4086 5.5390 5.1111 5.4914 5.2167 5.0897 4.9193 5.0426 5.7054 5.1720 5.9965 5.8571 5.3627 5.0523 4.7152 5.8072 6.5321 6.0039 5.5160 6.1639 6.2616 5.6415 5.8529 6.3206 6.0948 6.2516 5.7181 6.5424 7.9803 8.7357 7.9121 7.9046 8.2630 8.2153 
3.8713 5.1480 5.4777 4.6782 5.6607 6.0796 6.0108 5.6593 5.2517 4.8888 5.2856 5.5383 5.2731 6.1447 5.5530 4.7609 4.8292 5.5425 5.8851 5.8573 5.4183 5.8388 5.9732 5.6860 5.7871 5.5554 5.6775 5.6326 5.4527 5.9771 5.4261 5.1732 4.9650 5.0066 5.8598 6.2363 5.9944 6.0618 6.7432 5.6975 
4.1549 5.1916 5.2952 5.9462 6.4239 6.0361 6.0708 6.0447 5.6318 5.5146 5.8944 5.4684 6.2087 5.6406 5.3876 5.2735 5.8314 6.2310 7.4333 8.3955 7.7876 8.3125 8.6826 8.6061 8.1389 7.2824 7.4474 6.7426 6.2956 7.5403 7.4380 7.3352 7.6316 6.7568 7.5786 8.8049 8.8096 8.5199 8.3605 7.0424 
4.2218 4.8759 4.7283 5.6119 6.0900 6.2661 4.8967 4.9365 5.4092 5.7933 5.3857 5.4161 4.6138 5.4868 4.9521 5.9404 5.9460 6.7251 8.2983 8.5098 7.7849 8.1017 8.0274 7.5619 7.4941 7.8848 7.3241 6.4060 7.2414 7.7190 7.7481 7.8144 7.8937 7.8375 8.0167 8.9698 8.9993 8.4845 8.2850 7.4466 
3.9508 5.4228 6.1190 6.3874 6.5254 6.2156 5.1200 5.9180 5.2567 5.2158 5.6978 5.5898 5.5725 5.4914 4.6267 5.5074 5.6609 5.4314 5.6096 6.3288 6.5095 6.1104 6.2439 6.8896 6.4795 5.7529 5.8153 5.4937 6.2166 6.9865 6.9780 6.6875 6.5442 6.0198 6.4086 7.3979 7.8654 7.4431 6.5184 6.0950 
3.6007 5.4230 5.8137 4.0977 6.0832 6.0002 5.2563 4.7508 4.7719 4.5055 5.1435 5.8675 5.6468 5.6595 5.9039 5.6226 5.6567 5.7618 5.8137 5.1669 4.3724 5.4685 5.9553 6.0166 5.6290 5.6721 5.8589 5.3599 5.1894 5.5612 5.8039 5.8089 5.3191 5.0688 5.7652 6.5259 6.8580 6.4548 5.7415 5.0288 
4.4240 4.7078 5.0860 5.7939 6.3470 6.4588 6.2835 4.7688 4.8520 5.7419 5.5822 5.0127 4.6237 5.4438 5.4638 5.1308 5.6789 5.3007 5.4770 5.2597 5.4608 5.8599 5.3911 5.7115 6.0676 5.5179 4.9268 5.3337 5.3572 5.1479 5.5140 5.3252 5.4092 5.1418 4.8969 5.8061 5.5918 5.3769 4.9972 4.8203 
4.2887 5.6701 5.0795 5.8907 5.6485 5.2122 4.8462 4.2726 4.5529 5.1662 5.0481 5.2822 5.4786 5.7671 5.1587 5.7051 5.8710 5.3991 5.7957 6.2647 5.4404 5.5635 5.6742 5.8234 5.7172 5.9945 5.6879 5.1894 5.3575 5.0777 5.4487 5.0708 5.3909 5.0339 5.0125 4.7598 4.9402 4.7795 4.7506 4.8516 
3.2541 5.7300 5.8145 4.8053 6.1181 5.7778 5.1160 5.3501 4.8130 4.5609 4.6610 5.7281 5.5298 5.9783 5.5496 5.0557 5.6339 5.9889 5.6721 5.4139 5.2357 5.7011 5.2286 5.4697 5.9851 5.7987 5.0435 5.0807 5.2887 5.0564 5.2710 5.3408 5.0059 5.2434 5.0108 4.8191 4.7864 5.0070 4.9767 4.5952 
3.9016 5.8344 6.7130 6.3615 5.1140 5.4852 5.9554 5.7325 5.3940 5.6140 4.9075 5.4487 5.2961 5.6384 5.3137 5.7049 5.5884 5.0953 5.4213 5.6459 5.0496 5.3312 5.1417 5.6554 5.7278 5.3789 5.1899 5.0019 4.6895 5.1294 5.5940 5.3358 5.3647 5.5926 6.1881 6.5466 6.6675 6.6300 6.5742 5.8888 
4.2237 5.7249 5.7316 5.1984 6.9751 6.1215 5.1621 4.7677 5.2460 5.4120 5.8013 5.7814 4.9907 5.6823 5.4569 6.1651 6.3201 6.1121 5.5390 5.3266 5.5785 5.7319 5.4187 5.4950 5.4805 5.5215 4.7708 4.5455 5.2643 5.1071 5.3570 5.1612 5.4022 5.1398 5.0041 5.2410 4.8478 4.8196 5.1287 5.0812 
4.7362 5.7074 5.9806 5.4471 6.5716 7.2447 6.4296 5.8922 5.3614 5.3075 5.4966 4.8663 5.3775 5.0177 4.4599 4.7580 5.6674 5.7160 6.0085 5.7627 5.1005 5.3377 5.8439 5.7478 6.0287 5.6320 5.1892 5.5428 5.4050 4.8066 5.0391 4.9308 5.2368 5.4018 5.1661 5.0109 4.5309 4.5874 5.0006 4.7042 
4.7177 6.0471 6.7169 6.7480 7.1317 7.3106 6.5526 5.6633 5.7034 6.0082 5.5144 6.2340 6.1896 6.5542 5.9177 5.4230 5.3635 5.7031 5.1196 6.3256 5.7980 6.0883 5.7576 5.8655 5.4041 5.7601 5.5301 4.8861 4.9742 5.0259 5.3108 5.4529 5.2120 4.4733 5.0455 5.0600 4.8089 5.1356 4.8683 4.7351 
4.9747 6.1774 6.4042 6.4502 6.3792 6.0835 6.4588 6.0821 6.3363 6.2192 5.7328 5.9101 5.5236 5.5846 5.1939 5.2407 4.9238 5.3020 4.8420 5.5160 4.9740 5.6976 5.8810 5.2555 5.1352 5.4903 5.6081 5.2205 5.3022 5.5153 5.3206 5.2903 5.0187 4.9423 5.0041 4.7060 4.9539 4.8680 4.8688 4.7345 
5.5846 6.5817 6.4472 6.4300 7.2500 6.6096 6.3809 5.8973 5.7048 5.2281 7.2758 6.7138 5.1675 5.3488 5.3792 6.3347 6.4128 6.9693 7.5096 6.3216 6.8131 6.2165 4.8317 5.4018 6.3770 6.2832 6.2256 5.8045 5.5490 6.1673 6.1997 6.4589 6.7243 6.2062 6.8786 8.5109 8.2803 8.3171 7.9216 8.0935 
2.8162 4.3771 5.5233 6.4255 6.2657 6.7353 6.8359 6.3320 6.5047 6.6746 7.3767 6.3818 5.5453 5.8997 6.0409 6.2777 6.3918 6.9168 6.6435 6.5225 6.2622 6.0357 6.8595 7.5575 6.8019 6.6038 6.0559 5.9945 5.6108 6.6654 6.7130 7.6916 7.3425 7.4738 8.2343 9.0301 9.6696 9.2779 9.4464 9.0169 
3.0209 3.1811 5.8936 6.5822 6.4096 6.3742 5.9950 6.2898 6.7110 6.3755 7.1588 5.9356 5.0356 5.1860 5.1858 5.3428 5.5146 5.9684 6.0466 5.9983 5.8580 5.8991 7.0816 7.6392 6.6801 6.4369 5.8816 5.3916 5.4570 6.1301 6.3892 7.0125 6.9031 7.1257 7.9315 8.6208 9.4440 9.1411 9.0871 8.4046 
4.4356 6.1272 6.8709 6.5585 6.5187 6.4533 5.6608 5.7270 6.0229 6.5306 7.9272 7.2486 5.5786 5.8219 5.8253 5.1700 6.1855 6.0420 5.6295 5.6835 6.1601 6.2254 6.6201 6.2752 5.7821 6.4402 6.1176 5.4956 5.4366 6.1952 6.6607 7.3384 6.6089 6.3462 7.4978 8.3426 9.0248 8.9773 8.5412 8.1524 
4.1755 4.3649 4.8921 4.6167 5.7510 6.3880 5.3584 4.9978 6.1642 6.1182 7.1568 6.2689 4.9253 5.6401 5.1198 6.2163 5.7268 6.0325 5.9984 5.6283 7.0308 6.5733 5.7291 5.4001 5.6685 6.0137 6.6709 5.6979 5.6983 6.5886 5.8970 6.0051 5.9717 6.2314 7.0182 7.7527 8.0732 7.6803 7.6455 7.5090 
3.9763 5.3493 6.0710 6.4532 6.1259 5.1427 5.3221 5.9217 5.6292 5.1563 5.8157 4.9583 5.7707 6.2835 5.0786 5.5077 5.5380 5.7880 6.5730 6.7635 8.5420 7.7150 6.1262 5.4991 5.7386 6.0009 5.4130 5.5772 5.8830 6.4493 6.4339 6.1822 5.8070 6.0053 6.3424 7.5852 8.1321 7.7440 7.4318 7.1546 
4.4116 5.4002 6.2361 6.6276 6.7061 6.6978 6.0731 5.1663 5.9910 5.8207 6.3762 6.2569 6.4924 6.0216 5.2376 3.9629 5.7333 5.7704 6.2958 7.6145 6.8806 6.2445 5.9536 5.7429 6.3158 6.0817 5.9310 5.4016 6.0517 6.0599 5.7015 5.5905 5.6261 6.1757 6.4154 7.1631 8.0298 7.4889 6.9675 6.8430 
3.9276 5.5057 6.5957 6.6945 6.8505 6.8225 4.5332 4.6641 4.6544 4.8540 5.8239 5.2060 5.7918 6.0762 5.7086 5.8600 5.3022 5.1893 5.9400 5.8428 5.2044 6.1387 6.1054 6.0290 5.6822 5.9094 5.7686 5.1861 5.4557 6.0652 5.6344 5.2863 5.7469 5.9908 6.1834 6.9259 7.6131 7.4192 6.7350 6.8087 
4.4539 5.2427 6.2750 6.3038 5.9421 5.5514 4.8029 4.8443 5.3634 5.6989 6.1613 5.3956 4.3972 5.4222 5.7917 5.3032 5.7597 6.0462 6.0329 6.5316 7.1830 7.5555 7.7401 7.6233 6.2975 6.8149 6.4588 5.9400 5.5543 6.2538 5.9897 6.0182 6.1783 6.3518 5.9827 6.3586 7.5478 7.3711 7.2935 7.4593 
3.5135 5.4156 6.7709 6.7574 6.0021 6.3180 5.8366 6.0418 5.4456 4.9193 4.5431 5.1832 4.8942 5.5157 5.9393 4.5265 6.0936 6.2572 6.3871 6.2617 7.3468 7.8696 6.7135 7.1929 6.9093 6.9188 6.9260 6.4537 6.6310 7.1846 7.7038 7.7715 7.9630 7.9118 8.2122 7.4810 8.0670 8.3806 8.0768 8.9830 
3.9543 4.8247 4.5333 4.4413 5.7814 6.5544 6.0504 5.0215 5.4470 5.4082 5.7732 5.3787 4.9594 6.1715 5.9909 5.9589 6.4940 6.2122 6.7104 6.5039 6.9667 8.0054 8.1718 7.8449 7.7498 7.8817 7.7169 7.4488 7.6891 7.5098 7.7194 7.7698 7.5304 7.7533 7.9555 7.7951 8.1636 8.3155 8.3876 8.8931 
4.2621 5.6333 6.6256 6.5840 6.3885 6.2290 5.8534 4.9773 5.0480 4.8566 4.9881 5.3570 5.1766 6.0608 5.7160 5.7526 6.0831 5.7840 6.1392 6.3389 6.4462 7.7406 7.4034 6.7557 6.7702 7.5629 6.8014 6.6393 7.4734 7.8969 7.5880 7.5814 7.7624 7.2464 7.5961 7.4812 7.4272 7.2940 7.8251 8.4160 
3.6252 5.2759 5.6667 6.1242 6.0055 5.3349 5.2627 4.6166 4.2891 4.6377 4.7890 4.7899 5.1705 5.7716 5.7098 6.1215 5.6055 6.1349 7.5358 8.2080 7.5308 7.0250 6.9006 7.6490 7.7246 7.5648 7.4913 7.2647 7.7849 8.1056 7.9368 8.0267 7.8480 7.5866 8.0097 8.8419 8.5967 8.3410 8.2532 8.2631 
3.1883 5.2804 6.2642 6.6368 5.5213 5.5633 5.9107 5.3611 5.2882 5.2414 5.6005 5.4661 5.4906 5.4182 5.5718 5.9242 6.1318 6.3596 6.8999 6.4147 7.1961 6.9239 7.0566 8.0660 8.1790 7.7628 7.4447 7.0437 7.2943 7.9101 7.2661 7.3298 7.5877 7.5261 7.7276 7.7749 8.1446 8.1970 8.0788 8.3414 
3.9491 5.7103 6.1753 6.1032 6.5673 6.4007 4.4739 5.6367 6.2610 5.2467 5.5254 5.0409 4.6553 5.2706 5.1309 6.0688 5.7768 4.9975 5.8311 6.9740 7.0117 7.0315 7.3006 7.5204 7.4184 6.4662 5.9560 5.9814 7.4691 7.8347 7.7045 7.7920 7.5749 7.2833 7.4693 7.6355 7.3110 7.7754 7.6581 7.9281 
3.6040 3.4922 6.1090 6.5371 6.5268 6.4412 6.5939 6.5918 6.6525 5.9762 5.5309 4.9086 4.8700 5.8575 5.3346 5.3337 5.3616 5.6504 5.8415 6.0766 5.8502 7.1545 7.6122 7.5255 7.3226 6.7227 6.6517 5.9575 7.5738 7.8026 7.4271 7.7572 7.5420 7.2990 7.3063 7.2880 7.0919 7.1055 7.1081 7.7628 
4.2239 4.2099 5.0406 5.1101 5.7313 6.0920 5.3983 5.8006 6.1360 5.7455 6.2125 5.4841 4.6248 5.1491 5.4667 4.7637 6.0180 6.0457 6.0443 5.6837 6.4617 7.2251 7.3371 7.3225 7.6858 7.1620 6.1528 6.1296 6.7648 6.9376 6.8092 6.7267 7.3082 6.8334 6.6072 7.1542 6.7135 6.5255 6.5641 7.1952 
3.8626 5.5108 5.3993 5.7113 6.4309 6.2017 7.1257 6.4259 4.3552 5.1081 4.7143 5.1403 4.2831 5.0574 5.2928 5.4477 5.8935 4.9962 5.0494 5.1588 5.7554 6.8339 7.1872 7.2074 7.4560 6.3853 6.3273 6.1585 6.2984 6.8434 6.7725 6.7888 6.9326 6.5565 6.0121 6.1828 6.4320 6.3577 5.8635 6.3294 
3.4707 3.8378 5.0469 5.7299 5.2583 4.7734 5.2635 6.3457 6.2693 6.1512 6.1954 5.4720 4.8850 5.8704 5.4700 5.0766 5.7196 5.6058 6.1262 5.5541 5.7893 6.0879 5.8241 6.6859 6.9082 6.7637 5.7537 6.0552 6.8063 6.3329 6.1121 6.0966 6.0372 6.3802 6.5267 6.0418 6.2689 5.5162 5.9933 6.6925 
-0.3628 0.2689 1.7366 2.2652 1.7950 1.7538 2.8271 3.4258 3.4554 3.5361 3.7327 3.1142 2.8337 3.7550 3.4854 3.0664 3.7552 3.9020 4.4701 4.0023 4.2469 4.5502 4.5005 5.4221 5.6479 5.6151 4.5580 5.0143 5.6416 5.4592 5.1408 5.3261 5.2669 5.7353 6.0074 5.5611 5.8638 5.0151 5.5560 6.4311 
-5.9635 -2.3795 -1.3614 -0.9326 -1.1300 -0.7761 0.1545 0.6193 0.6538 0.9236 1.2708 0.7517 0.7078 1.6596 1.5119 1.1467 1.8666 2.1916 2.8267 2.4584 2.7697 3.0743 3.2066 4.1774 4.5117 4.5025 3.4446 3.9855 4.5683 4.6232 4.2677 4.5964 4.5502 5.1408 5.5224 5.1282 5.4845 4.6366 5.2029 6.1903 
-6.6724 -5.2051 -4.3874 -4.0148 -3.9198 -3.3402 -2.5621 -2.1672 -2.1416 -1.6609 -1.1821 -1.6223 -1.4106 -0.4221 -0.4685 -0.7137 0.0118 0.4854 1.1904 0.9109 1.3072 1.6238 1.9134 2.9454 3.3889 3.4007 2.3604 2.9594 3.5517 3.7956 3.4502 3.8891 3.8613 4.5746 5.0480 4.7172 5.1202 4.3042 4.8998 5.9615 
-9.1206 -8.0830 -7.3915 -7.0107 -6.6343 -5.9582 -5.2893 -4.9556 -4.9363 -4.2008 -3.6232 -3.9776 -3.4961 -2.4922 -2.4530 -2.5494 -1.8232 -1.2108 -0.4408 -0.6367 -0.1485 0.1852 0.6202 1.7249 2.2682 2.3048 1.2922 1.9417 2.5778 2.9734 2.6725 3.1931 3.1868 4.0268 4.5789 4.3211 4.7676 3.9943 4.6236 5.7445 
-11.9655 -10.9536 -10.3885 -9.9100 -9.3375 -8.6322 -8.0224 -7.7624 -7.7210 -6.6884 -6.0521 -6.2994 -5.5582 -4.5528 -4.4372 -4.3733 -3.6434 -2.8948 -2.0680 -2.1803 -1.5992 -1.2470 -0.6706 0.5150 1.1474 1.2131 0.2353 0.9361 1.6380 2.1556 1.9232 2.5031 2.5208 3.4906 4.1132 3.9335 4.4229 3.6984 4.3755 5.5403 
-14.5452 -13.8624 -13.3033 -12.7586 -12.0561 -11.3476 -10.7706 -10.6055 -10.4414 -9.1279 -8.4681 -8.5760 -7.6089 -6.6049 -6.4163 -6.1894 -5.4500 -4.5666 -3.6918 -3.7168 -3.0462 -2.6752 -1.9561 -0.6854 0.0262 0.1246 -0.8150 -0.0577 0.7251 1.3413 1.1939 1.8161 1.8616 2.9632 3.6498 3.5509 4.0829 3.4125 4.1519 5.3485 
-16.9211 -16.8995 -16.0509 -15.6576 -14.7894 -14.0829 -13.5555 -13.5081 -12.9743 -11.5334 -10.8691 -10.7929 -9.6547 -8.6497 -8.3856 -8.0003 -7.2424 -6.2269 -5.3123 -5.2439 -4.4903 -4.1007 -3.2339 -1.8774 -1.0950 -0.9614 -1.8628 -1.0410 -0.1671 0.5302 0.4784 1.1309 1.2097 2.4434 3.1882 3.1717 3.7460 3.1352 3.9477 5.1670 
-20.0167 -20.0212 -18.9596 -18.5136 -17.5649 -16.8481 -16.3540 -16.5177 -15.3264 -13.9166 -13.2515 -12.9459 -11.6980 -10.6877 -10.3407 -9.8076 -9.0189 -7.8772 -6.9297 -6.7605 -5.9324 -5.5242 -4.5018 -3.0619 -2.2161 -2.0454 -2.9110 -2.0144 -1.0439 -0.2780 -0.2275 0.4468 0.5665 1.9304 2.7279 2.7952 3.4114 2.8615 3.7523 4.9953 
-22.0938 -21.4910 -24.0174 -20.8410 -20.4466 -19.6748 -19.0953 -19.3512 -17.5801 -16.2838 -15.6083 -15.0470 -13.7399 -12.7188 -12.2782 -11.6125 -10.7777 -9.5189 -8.5436 -8.2656 -7.3731 -6.9456 -5.7585 -4.2398 -3.3366 -3.1276 -3.9560 -2.9713 -1.9091 -1.0833 -0.9263 -0.2367 -0.0666 1.4235 2.2688 2.4209 3.0786 2.5889 3.5608 4.8341 
-23.5704 -23.1865 -23.7403 -23.0363 -23.0456 -22.4255 -21.8395 -21.7478 -19.8387 -18.6418 -17.9250 -17.1152 -15.7806 -14.7420 -14.1959 -13.4161 -12.5170 -11.1536 -10.1536 -9.7594 -8.8132 -8.3646 -7.0028 -5.4119 -4.4563 -4.2084 -4.9937 -3.9082 -2.7653 -1.8856 -1.6200 -0.9198 -0.6881 0.9218 1.8108 2.0487 2.7472 2.3165 3.3720 4.6810 
-24.1944 -25.9341 -24.1944 -24.6067 -24.7991 -24.0920 -24.8417 -23.7088 -22.1201 -20.9957 -20.1768 -19.1666 -17.8198 -16.7560 -16.0934 -15.2184 -14.2356 -12.7824 -11.7588 -11.2423 -10.2534 -9.7796 -8.2345 -6.5788 -5.5751 -5.2878 -6.0315 -4.8378 -3.6140 -2.6849 -2.3100 -1.6025 -1.2970 0.4245 1.3536 1.6782 2.4171 2.0443 3.1857 4.5342 
-23.1589 -25.6464 -25.6464 -24.2298 -24.0210 -24.1486 -24.2602 -24.9533 -23.7652 -23.4818 -22.3010 -21.1934 -19.8601 -18.7611 -17.9723 -17.0191 -15.9334 -14.4063 -13.3583 -12.7153 -11.6942 -11.1885 -9.4539 -7.7411 -6.6927 -6.3658 -7.0705 -5.7633 -4.4565 -3.4810 -2.9971 -2.2851 -1.8928 -0.0692 0.8971 1.3095 2.0881 1.7736 3.0024 4.3928 
-22.8435 -23.5367 -23.4554 -23.9136 -23.4395 -23.6502 -23.2204 -23.5568 -23.3549 -23.2615 -23.2207 -23.1857 -21.9115 -20.7696 -19.8388 -18.8155 -17.6119 -16.0261 -14.9507 -14.1799 -13.1365 -12.5873 -10.6618 -8.8992 -7.8091 -7.4426 -8.0817 -6.6763 -5.2935 -4.2738 -3.6823 -2.9675 -2.4753 -0.5599 0.4412 0.9423 1.7601 1.5073 2.8228 4.2559 
-22.5039 -22.4471 -22.8435 -22.8739 -23.0522 -23.4377 -23.4554 -23.5284 -24.2028 -23.7493 -23.2526 -23.1579 -23.6585 -22.4335 -21.5952 -20.5943 -19.2803 -17.6443 -16.5344 -15.6376 -14.5812 -13.9708 -11.8594 -10.0536 -8.9240 -8.5181 -9.0677 -7.5809 -6.1257 -5.0630 -4.3659 -3.6499 -3.0450 -1.0482 -0.0141 0.5767 1.4331 1.2428 2.6457 4.1230 
-inf -21.8965 -23.3439 -22.4034 -22.6777 -22.2834 -22.1504 -22.9419 -22.7090 -23.3232 -22.2733 -23.3952 -22.8955 -22.5059 -22.5772 -22.0927 -20.8853 -19.2499 -18.1031 -17.0884 -16.0300 -15.3322 -13.0480 -11.2045 -10.0374 -9.5924 -10.0410 -8.4830 -6.9536 -5.8486 -5.0485 -4.3323 -3.6025 -1.5344 -0.4690 0.2126 1.1070 0.9782 2.4705 3.9935 
-22.5554 -22.1504 -21.8341 -22.1807 -22.1807 -22.3979 -inf -22.1007 -22.0660 -21.9884 -21.7907 -21.8403 -22.0558 -21.6165 -21.4571 -21.6670 -22.0140 -20.9539 -19.6906 -18.5317 -17.4821 -16.6632 -14.2290 -12.3522 -11.1493 -10.6654 -10.9993 -9.3822 -7.7776 -6.6303 -5.7304 -5.0147 -4.1488 -2.0187 -0.9235 -0.1500 0.7819 0.7134 2.2971 3.8672 
-22.1807 -20.6295 -21.0021 -21.2644 -21.2504 -21.1902 -21.4876 -21.1107 -21.6845 -20.9616 -21.2969 -21.9420 -21.3519 -21.4278 -21.4465 -22.0749 -21.3550 -21.1353 -20.7866 -19.8264 -18.9279 -17.9614 -15.4042 -13.4969 -12.2596 -11.7370 -11.9457 -10.2784 -8.5983 -7.4080 -6.4117 -5.6971 -4.6850 -2.5016 -1.3776 -0.5111 0.4575 0.4481 2.1256 3.7437 
-20.7125 -20.0355 -20.8982 -20.3363 -20.8747 -20.6302 -20.4478 -20.4064 -20.2218 -20.0231 -21.5405 -22.3142 -20.7575 -20.5732 -20.4735 -20.7421 -20.6036 -20.2696 -20.6719 -20.5494 -20.2999 -19.2132 -16.5776 -14.6373 -13.3681 -12.8070 -12.8841 -11.1717 -9.4158 -8.1815 -7.0928 -6.3795 -5.2125 -2.9830 -1.8315 -0.8708 0.1341 0.1826 1.9559 3.6229 
-19.4004 -19.7207 -20.3890 -20.3239 -19.7945 -19.6221 -21.4876 -20.3658 -20.7625 -21.0523 -20.4173 -20.5222 -19.7507 -20.3043 -20.9325 -20.0004 -20.0768 -20.0096 -20.4998 -20.3395 -20.2563 -19.9375 -17.7134 -15.7765 -14.4743 -13.8757 -13.8184 -12.0614 -10.2306 -8.9507 -7.7737 -7.0618 -5.7324 -3.4632 -2.2851 -1.2291 -0.1886 -0.0832 1.7879 3.5045 
-19.3474 -19.2432 -20.1013 -20.1013 -19.2140 -19.7738 -19.9897 -19.9250 -19.2095 -18.7127 -20.2774 -19.3623 -19.4996 -19.3960 -20.2807 -19.3819 -19.4986 -19.4486 -19.8411 -19.7335 -19.8722 -19.7180 -18.6889 -16.9379 -15.5731 -14.9451 -14.7527 -12.9473 -11.0429 -9.7155 -8.4545 -7.7438 -6.2459 -3.9423 -2.7385 -1.5859 -0.5104 -0.3443 1.6222 3.3883 
-19.2965 -20.1013 -19.3778 -18.8485 -20.3952 -19.5776 -18.8911 -18.6933 -19.0770 -19.0886 -19.4951 -19.8145 -19.3492 -18.9598 -19.3128 -20.7944 -19.2234 -19.1616 -19.6353 -18.8673 -19.4840 -19.3852 -19.2607 -18.0423 -16.6814 -16.0251 -15.6895 -13.8283 -11.8527 -10.4758 -9.1354 -8.4253 -6.7540 -4.4202 -3.1918 -1.9413 -0.8314 -0.5977 1.4589 3.2744 
-18.0016 -17.9752 -19.4081 -18.6847 -18.6034 -18.6034 -18.2568 -18.6682 -18.6712 -18.7246 -19.1204 -19.0027 -18.9269 -18.6249 -18.5981 -19.0273 -18.4963 -18.8835 -18.7957 -18.4293 -18.9765 -18.4164 -18.2075 -18.9813 -17.8188 -17.1539 -16.5412 -14.6947 -12.6615 -11.2320 -9.8162 -9.1057 -7.2576 -4.8972 -3.6447 -2.2953 -1.1516 -0.8504 1.2972 3.1624 
-18.7150 -17.7034 -17.4622 -18.6034 -17.6735 -18.5608 -18.6034 -18.3700 -18.4430 -17.7872 -17.7809 -17.9455 -17.9040 -17.7515 -17.8014 -18.9823 -18.2733 -17.9264 -18.3110 -18.3289 -18.2773 -18.2277 -18.4509 -18.1869 -17.8754 -17.5564 -17.4265 -15.5395 -13.4610 -11.9826 -10.4972 -9.7844 -7.7577 -5.3732 -4.0975 -2.6480 -1.4710 -1.1026 1.1370 3.0524 
-20.1013 -17.1351 -17.1055 -17.3287 -17.2158 -17.7341 -17.2171 -17.7631 -17.4739 -17.6477 -17.2474 -17.6764 -17.6764 -17.7944 -17.9575 -17.7864 -17.5918 -17.3464 -17.4418 -16.9144 -17.0742 -17.3630 -17.4620 -18.0490 -17.6351 -17.4598 -17.5051 -16.3437 -14.2769 -12.7302 -11.1787 -10.4608 -8.2548 -5.8483 -4.5499 -2.9993 -1.7897 -1.3540 0.9784 2.9443 
-16.6278 -15.8548 -17.7987 -17.3287 -16.3870 -16.3051 -17.2171 -16.6686 -16.8768 -16.4655 -16.2689 -16.8203 -16.9423 -16.7808 -16.8361 -16.9232 -16.9596 -16.8816 -17.9087 -16.8312 -17.3346 -17.5926 -16.6994 -16.6362 -16.7377 -16.5729 -16.6925 -16.5658 -15.0575 -13.4729 -11.8593 -11.1318 -8.7496 -6.3225 -5.0020 -3.3494 -2.1076 -1.6044 0.8213 2.8379 
-15.8308 -15.9121 -16.2301 -16.2890 -16.5240 -15.7269 -16.6052 -17.0400 -15.7744 -16.1540 -15.9617 -17.3287 -16.7691 -16.7045 -16.3908 -16.3699 -15.8561 -16.1331 -16.8373 -16.8820 -16.3720 -16.2514 -16.1031 -16.6566 -16.3536 -15.8461 -16.1678 -16.2798 -15.4054 -14.2149 -12.5357 -11.7961 -9.2427 -6.7958 -5.4536 -3.6982 -2.4249 -1.8535 0.6657 2.7332 
-15.5958 -15.1834 -14.8292 -15.1249 -15.6682 -15.4082 -15.8766 -15.8150 -16.2526 -15.0481 -15.1839 -15.5819 -15.6290 -16.0237 -16.0839 -16.4473 -16.6873 -15.6956 -16.0110 -15.5713 -15.3078 -16.2289 -15.8643 -15.8754 -15.5803 -15.1301 -15.4892 -15.7382 -15.7377 -15.0197 -13.2318 -12.4573 -9.7354 -7.2684 -5.9046 -4.0458 -2.7414 -2.0983 0.5117 2.6301 
-15.1118 -15.1315 -16.6355 -15.9424 -15.3413 -14.7913 -15.0261 -15.3413 -15.2332 -14.8371 -17.0410 -15.2492 -14.9308 -15.8896 -15.2907 -15.3496 -15.3642 -15.2611 -15.5940 -16.0311 -15.1503 -14.9386 -15.2835 -14.9928 -15.0227 -14.7584 -15.1890 -14.9752 -15.6149 -15.3663 -13.8501 -13.1505 -10.2211 -7.7398 -6.3548 -4.3922 -3.0573 -2.3326 0.3594 2.5286 
-15.9424 -15.9424 -13.4048 -13.7023 -14.8347 -14.0092 -14.3329 -14.4835 -14.7060 -14.6731 -15.0054 -15.3828 -14.8484 -14.6537 -14.4335 -14.3137 -14.3221 -14.4689 -15.1010 -15.0429 -14.6431 -14.5609 -14.6315 -14.9833 -15.1295 -14.0129 -14.5462 -14.6841 -15.5786 -15.1457 -14.4021 -13.6548 -10.6966 -8.2109 -6.8038 -4.7376 -3.3726 -2.5635 0.2086 2.4286 
-13.7972 -13.6398 -13.8326 -13.7514 -13.7063 -14.2192 -14.3482 -14.2684 -14.3010 -14.3101 -14.1699 -14.2534 -14.3207 -14.0060 -14.0869 -14.2542 -14.9789 -13.9490 -14.1228 -14.0811 -13.9760 -14.1363 -14.4391 -14.6809 -14.0151 -13.7766 -14.3744 -13.7574 -13.8084 -14.0442 -14.0760 -13.7726 -11.2017 -8.6807 -7.2516 -5.0818 -3.6873 -2.7923 0.0591 2.3300 
-12.4747 -13.0582 -13.3033 -13.1040 -12.9585 -13.8934 -13.3459 -12.8197 -13.1271 -13.1596 -13.4343 -13.4409 -12.7863 -13.7888 -13.3060 -13.3222 -13.1112 -13.3268 -13.6473 -13.4325 -13.1353 -13.5360 -13.9763 -13.8685 -13.1991 -13.4138 -13.0776 -12.8752 -13.2041 -13.3969 -13.7357 -13.3789 -11.6602 -9.1424 -7.6959 -5.4254 -4.0016 -3.0190 -0.0890 2.2329 
-12.4301 -11.7757 -12.1301 -12.3651 -12.7507 -12.9038 -13.4575 -12.6993 -12.6512 -12.6119 -12.9327 -12.6895 -12.5755 -12.9464 -12.9084 -12.8782 -13.2138 -12.9976 -13.1537 -12.5495 -13.0856 -13.3307 -12.7626 -13.1786 -12.8207 -12.8612 -12.9839 -12.6774 -12.8286 -12.9275 -13.3960 -13.2687 -11.9642 -9.6108 -8.1368 -5.7681 -4.3153 -3.2434 -0.2358 2.1370 
-13.8629 -11.7532 -11.7757 -11.6657 -12.3914 -12.4460 -12.0185 -12.6646 -13.6398 -12.0712 -12.7411 -12.5533 -12.6898 -12.7557 -12.4701 -12.5412 -12.5841 -12.1080 -12.0940 -12.3805 -12.2704 -11.8880 -12.1600 -12.5319 -12.0166 -11.9489 -11.6169 -12.2421 -12.1562 -11.8574 -12.5431 -12.1874 -11.7199 -10.1024 -8.5804 -6.1101 -4.6285 -3.4654 -0.3813 2.0425 
-inf -13.1698 -11.7835 -11.7835 -11.5119 -11.6236 -11.3254 -10.9650 -11.8771 -12.5355 -12.0716 -12.9979 -11.8063 -11.3099 -11.7416 -11.3145 -12.0316 -11.7403 -12.0480 -12.7103 -11.8301 -11.8040 -11.4787 -11.5576 -11.8173 -11.4953 -11.7039 -11.7912 -11.2888 -11.6512 -11.6663 -11.9439 -11.6109 -10.6302 -9.0436 -6.4462 -4.9415 -3.6736 -0.5254 1.9492 
-11.0904 -12.4766 -10.2794 -11.4369 -10.4327 -10.6141 -11.6719 -10.9140 -10.6083 -10.6648 -11.1852 -11.0532 -10.8074 -11.3613 -11.2855 -11.2405 -11.0823 -11.1751 -11.3041 -11.9330 -11.1232 -10.9534 -10.7772 -10.7561 -11.1125 -10.9530 -10.8942 -11.1910 -10.9485 -11.2892 -11.4715 -11.1766 -11.1266 -10.6987 -9.5641 -6.7779 -5.2546 -3.8772 -0.6683 1.8571 
-10.2856 -9.9917 -10.0506 -10.0999 -11.0852 -10.0751 -10.2856 -11.7835 -10.2641 -10.7309 -11.2783 -11.2279 -10.5119 -10.4033 -10.2699 -10.4343 -10.2599 -10.8946 -10.4844 -10.2595 -10.3842 -11.0477 -10.3381 -10.6754 -10.5732 -9.9366 -10.5655 -10.4496 -10.3208 -10.8978 -10.9431 -10.4948 -10.3277 -10.6129 -9.8815 -7.1048 -5.5619 -4.0783 -0.8099 1.7661 
-9.4809 -9.4809 -9.9917 -9.5925 -9.9160 -9.4794 -10.0999 -9.8544 -9.6894 -9.9433 -9.8319 -9.9844 -10.6646 -10.2995 -10.0898 -10.0252 -9.6112 -10.2936 -9.5655 -9.6244 -9.7881 -9.8075 -9.5202 -9.9338 -9.4475 -9.7404 -9.8102 -10.0966 -9.6199 -9.7315 -10.0138 -9.8639 -9.8459 -9.8037 -9.7998 -7.4348 -5.8556 -4.2752 -0.9503 1.6763 
-10.3972 -9.0109 -8.9806 -8.3178 -8.9487 -9.7041 -9.0032 -9.1136 -9.0574 -9.1245 -9.6370 -9.4834 -9.6467 -9.3537 -9.3902 -9.6434 -9.4974 -9.4210 -9.1153 -9.5976 -9.9704 -9.4397 -9.1328 -9.8388 -9.4693 -9.2360 -9.5040 -9.5959 -9.0612 -9.1423 -9.2874 -9.2915 -9.3994 -9.9513 -9.2751 -7.7906 -6.2100 -4.4736 -1.0895 1.5875 
-9.2986 -inf -9.0109 -7.9712 -8.7232 -8.1496 -9.0090 -8.5570 -8.4174 -8.2241 -8.3669 -8.6570 -8.7644 -8.7503 -9.2169 -8.2950 -8.5882 -8.7072 -8.6152 -8.9702 -8.5531 -8.5764 -8.4405 -8.5818 -8.7277 -8.6818 -8.6478 -8.3754 -8.7142 -9.0388 -8.8100 -8.6982 -8.8423 -8.4992 -8.8031 -8.2133 -6.4490 -4.6643 -1.2275 1.4997 
-8.6054 -7.6246 -7.9712 -7.5130 -8.2426 -8.0601 -8.5404 -8.4099 -7.9123 -8.1255 -9.1804 -8.9124 -8.7634 -8.0714 -8.0516 -8.2870 -8.2690 -9.3173 -8.0810 -7.8067 -8.2392 -8.0414 -7.9856 -8.4342 -7.8730 -7.7312 -7.6038 -8.0196 -7.8253 -7.9991 -7.9337 -8.2772 -8.0182 -7.9865 -7.6850 -7.5566 -6.9339 -4.8431 -1.3651 1.4130 
-8.3178 -inf -7.6246 -7.2780 -6.9649 -7.6514 -7.8473 -8.0301 -7.5457 -8.3178 -7.3462 -8.1095 -7.7298 -7.0154 -7.3583 -7.1711 -7.1057 -7.3002 -7.8804 -7.1750 -7.4776 -7.7600 -7.0954 -7.3870 -7.2966 -7.2381 -7.0737 -7.3036 -7.4908 -7.3962 -7.3777 -7.3941 -7.3408 -7.5038 -7.7804 -7.2694 -7.1159 -4.9941 -1.4991 1.3273 
-8.3178 -6.1268 -6.8199 -6.9315 -6.6040 -7.2796 -7.4015 -6.8557 -7.2192 -6.8557 -7.3472 -6.8936 -6.8835 -6.9187 -6.6739 -6.8065 -7.0561 -6.4512 -6.6418 -7.0489 -6.8230 -6.8558 -6.9933 -6.8474 -6.9487 -7.2655 -6.7105 -6.8006 -6.7889 -6.6416 -6.9488 -6.8659 -6.6055 -6.8975 -6.7930 -7.0115 -7.4361 -5.0505 -1.6311 1.2424 
-inf -5.8918 -6.2383 -5.5452 -6.0053 -6.1377 -5.8025 -6.5322 -5.7833 -5.9399 -6.0761 -6.1307 -6.6622 -6.7128 -5.9921 -5.8304 -5.7134 -6.3570 -6.2955 -6.0477 -5.6656 -6.7528 -6.6818 -6.0523 -6.3072 -5.9865 -6.1518 -6.4250 -6.0822 -5.9105 -6.0729 -6.2297 -6.3844 -6.0845 -6.3731 -6.2207 -5.7208 -5.0056 -1.7644 1.1586 
-4.7405 -6.2383 -5.5452 -5.5452 -5.5401 -6.1531 -6.0152 -6.1997 -5.9918 -5.5044 -6.0306 -5.5394 -5.5452 -5.4864 -5.4763 -6.0469 -6.6195 -5.3230 -5.4268 -5.0311 -5.9602 -5.8886 -5.4441 -5.0892 -5.2711 -5.3862 -5.5209 -5.8432 -6.0732 -5.7578 -5.4513 -5.6491 -5.8779 -5.7279 -5.7183 -5.6747 -4.9172 -4.9153 -1.9060 1.0744 
-4.1589 -4.1589 -5.5452 -4.5055 -5.3559 -5.1123 -5.1986 -4.8325 -5.1384 -4.8418 -5.2104 -5.4397 -5.1998 -5.1417 -5.1293 -4.6823 -4.5290 -4.6433 -4.6833 -4.5251 -4.8957 -5.0933 -5.4818 -5.2674 -5.1170 -5.1358 -4.7710 -5.1034 -5.1662 -4.9418 -5.0135 -5.2075 -5.0054 -5.0492 -4.9398 -4.9992 -4.3078 -4.4490 -2.0659 0.9906 
-5.5452 -inf -4.1589 -inf -5.1397 -5.0399 -4.8520 -4.4212 -4.1654 -4.2396 -4.3677 -4.6909 -5.1011 -4.9179 -4.2919 -4.7014 -4.2108 -3.8473 -4.1333 -3.8499 -4.3770 -4.3456 -4.5175 -4.5619 -4.5664 -4.6248 -4.6151 -4.2828 -4.2021 -3.9527 -4.5224 -4.5924 -4.1977 -4.3920 -4.2659 -4.2845 -3.8922 -4.0374 -2.1957 0.9077 
-4.8520 -2.7726 -3.4657 -4.1589 -3.9070 -3.7236 -4.1589 -3.8847 -3.6396 -3.4606 -4.3017 -4.9856 -3.9900 -3.5452 -3.9903 -3.9742 -3.6624 -3.1305 -3.8712 -3.5268 -4.1978 -4.1354 -3.9884 -4.1031 -3.9390 -4.0917 -3.7553 -3.7559 -3.8731 -3.3619 -3.5935 -3.9217 -3.9976 -4.0279 -3.7301 -3.7547 -3.4884 -3.7684 -2.2852 0.8318 
-2.5494 -2.7726 -2.7726 -3.4657 -2.4243 -3.6481 -3.4657 -2.7229 -3.2364 -3.1036 -4.0295 -4.5336 -3.2998 -3.6717 -3.7000 -3.0964 -3.2799 -2.4474 -2.4754 -2.5763 -2.7547 -3.2802 -3.0417 -3.2399 -3.1785 -2.7798 -2.7931 -2.9992 -2.8605 -2.3177 -2.8723 -3.1129 -3.2758 -3.1109 -3.3061 -3.3934 -2.7947 -2.8705 -2.1611 0.7728 
-2.0794 -2.7726 -2.0794 -2.7726 -1.9867 -2.9549 -2.6610 -2.2840 -2.3569 -2.1714 -2.5317 -2.6772 -2.6741 -3.2323 -2.5938 -3.1896 -2.2141 -1.9187 -2.1583 -2.4486 -1.9888 -2.2974 -2.2059 -2.1813 -2.6477 -2.5450 -2.2416 -2.1470 -2.3793 -1.9045 -2.2458 -1.9628 -2.1557 -2.3482 -2.7246 -2.3167 -1.9347 -2.1089 -1.9265 0.7056 
-1.2747 -2.0794 -1.3863 -2.0794 -1.7082 -1.6553 -2.7726 -2.0464 -2.2694 -1.7766 -1.7835 -1.4782 -1.4005 -2.0406 -1.6061 -1.5623 -1.2080 -1.3690 -1.7697 -1.6579 -1.4850 -1.5959 -1.5259 -1.6887 -1.6245 -1.8195 -1.6566 -1.7403 -1.8144 -1.6300 -1.8792 -1.8144 -1.2449 -1.2820 -2.1035 -2.1903 -1.4516 -1.7012 -1.7630 0.6455 
0.0303 -inf -1.0397 -0.5816 -1.0268 -0.4413 -1.2747 -1.7918 -1.0505 -1.2588 -1.0614 -1.1359 -0.8948 -1.6872 -1.3749 -1.5316 -0.6688 -1.0526 -0.9145 -1.1209 -1.3894 -1.6013 -1.1215 -0.8503 -1.0360 -1.1479 -1.0870 -0.8495 -0.7753 -0.6426 -0.8460 -1.1250 -0.8494 -1.0793 -1.4430 -1.1647 -0.9297 -0.9365 -1.4680 0.4812 
-inf -inf -0.3466 -0.6931 -0.9268 -1.4733 -inf -0.9808 -0.5581 -1.2321 -1.0986 -1.1600 -0.9782 -1.4202 -1.4031 -1.5198 -0.3319 -0.6027 -1.2809 -0.1645 -0.3856 -1.6129 -0.8182 -0.9219 -0.6749 -0.6695 -0.9379 -0.5811 -0.1665 -0.4836 -0.4353 -0.5069 -0.2482 -0.6919 -0.6711 -0.3662 -0.0883 -0.1847 -0.5803 0.3747 
0.8047 0.8047 0.8047 -inf 0.3368 -1.0986 0.1116 0.4066 -0.2860 -1.7918 -0.6931 -0.4578 0.4157 0.1573 -0.0005 -0.3747 0.2587 0.5902 0.2685 -0.0785 0.4863 0.2771 -0.3236 -0.0211 -0.1815 -0.0413 0.1465 -0.4891 0.1634 -0.0391 -0.2423 -0.3000 0.1447 0.1918 -0.1949 0.1345 0.2269 -0.0814 -0.1519 0.4863 
0.0000 -inf 0.6931 -inf 0.3993 1.4249 0.6931 1.0982 0.0402 0.9476 0.7328 0.9403 0.6249 0.9041 1.1552 0.9753 0.7232 0.9374 1.0858 0.1178 -0.5134 0.7295 0.8796 0.8031 0.5169 0.7567 1.1073 0.4909 0.6351 1.2270 0.7240 0.6689 1.0089 0.8680 0.5939 1.0808 1.2655 0.8622 0.3808 1.0681 
-inf 1.3863 1.7329 2.1098 1.9735 1.7047 1.0397 1.5736 0.9291 0.3993 1.5310 0.8570 -0.4700 0.4816 1.5673 -0.1335 1.4639 1.5939 1.9810 1.9676 1.3963 1.1114 1.5119 1.5458 1.5336 1.3085 1.5442 0.9289 1.5451 1.1247 1.2144 1.4196 1.6036 1.2605 1.2642 1.6714 1.9959 1.3737 1.1252 1.6099 
-inf 2.0794 2.7726 2.1910 1.0986 1.7346 -inf 1.8458 2.1351 2.6197 2.3339 1.2458 1.8770 1.7424 1.7505 2.5271 2.1096 2.0050 1.8971 1.2879 1.7177 2.0452 2.1893 1.9933 1.9336 1.9548 2.2269 2.0276 1.9200 2.0212 1.8008 1.7306 2.1162 2.0391 1.8593 2.0373 2.2628 2.0008 1.7875 2.0513 
2.0794 2.7726 2.7726 -inf 2.7252 2.9618 -inf 2.5390 3.0965 3.1678 2.6574 2.0477 2.4965 2.4812 2.5401 1.6582 2.9691 2.9670 3.2128 3.0153 2.0223 2.3235 2.9201 2.9256 2.5324 2.3807 2.6054 2.6120 2.6103 2.9459 2.4198 2.5410 2.5886 2.6370 2.5909 2.7502 3.0632 2.8623 2.5505 2.7635 
2.7726 3.4657 3.4657 3.5773 1.6740 3.1718 3.4657 3.0910 3.5892 3.0097 3.6737 2.5055 2.7770 2.8978 3.4477 3.4239 2.2618 3.6584 3.2600 3.6219 3.6234 3.2105 3.4787 3.6102 3.7003 3.5433 3.4469 3.1195 3.4125 3.4711 3.2070 3.4079 3.0839 3.2369 3.1629 3.2609 3.6362 3.3215 3.3256 3.3291 
4.1892 4.1589 4.1589 -inf 4.5262 4.5262 4.2705 4.0009 3.8240 3.5043 3.9851 3.6463 4.0796 4.2225 4.3988 2.9957 3.2426 4.2570 4.0992 3.7390 3.9566 4.1614 3.9439 3.3349 3.8399 3.9968 4.3220 3.9669 4.2269 3.5722 4.0080 3.9512 4.0448 3.9514 3.6429 4.1280 4.4083 3.7619 3.7489 3.7774 
4.8823 4.8520 4.8520 4.8520 4.8622 4.8622 4.9636 4.4773 4.3041 4.6697 3.8410 4.2036 4.8905 4.6748 4.7472 4.4995 4.0515 4.9927 4.9126 5.0271 5.0739 4.0566 4.2287 4.4436 4.7623 4.4987 4.7038 4.5929 4.7608 4.2709 4.2099 4.3413 4.4613 4.5300 4.9413 4.7324 4.8931 4.7714 4.4625 4.4027 
6.2461 5.6567 -inf 4.8520 5.2575 5.2575 -inf 5.2845 3.8712 2.3671 4.4800 4.7134 4.1150 5.3521 5.6090 3.8712 5.8814 5.6537 5.6626 5.8282 5.3748 5.0873 4.8785 5.2729 5.2709 4.5427 4.6754 5.4280 5.7863 5.6124 5.4483 5.5118 5.4747 5.4881 5.6876 5.7774 5.7577 5.3291 5.0372 5.0785 
4.8520 5.5452 6.2383 5.5452 5.8930 5.2003 6.3499 5.6745 5.8551 6.3183 6.7718 6.2750 5.8196 5.7082 5.8122 6.0621 5.3220 5.5453 6.1258 6.7154 6.2675 6.3799 6.1384 5.8806 5.7690 6.0461 6.0384 5.9945 5.8863 5.8398 6.0130 6.1070 6.0920 5.8201 6.2022 6.0544 6.0280 5.9796 6.0869 6.0703 
-inf -inf 6.9315 6.9315 6.8669 6.6712 6.2383 5.6102 6.9265 6.8865 6.3141 6.6641 6.2989 6.1847 7.3469 6.6553 6.5748 6.5668 6.5362 7.3474 6.8379 6.3487 6.4237 5.9954 5.9916 6.0868 6.8559 6.3427 6.4293 6.6427 6.6258 6.5295 6.6663 6.7153 6.4944 6.6553 6.8975 6.7017 6.6996 6.4214 
7.7362 7.7362 -inf 8.3178 7.3369 8.1061 7.2780 7.4462 7.9835 7.6779 7.8442 7.7969 8.0197 7.5986 8.0849 6.6438 8.0839 7.5236 7.4372 7.3290 7.7598 7.4117 7.2724 6.7413 7.3106 7.5383 7.3630 7.6049 7.6680 7.6849 7.4894 7.5734 7.6662 7.8739 7.4601 7.2334 7.4300 7.4356 7.4929 7.3844 
6.9315 -inf 8.6643 8.3178 7.0856 6.2383 8.3178 7.0115 8.0653 7.7203 7.6690 7.7535 7.7236 8.1499 7.7911 8.0254 8.0071 8.4721 8.2650 7.8938 6.9315 7.5912 7.8643 7.5692 7.6730 7.3684 7.6393 7.5295 7.8152 8.0602 7.7905 7.8493 7.9585 7.7172 7.9843 8.0408 8.2338 8.2794 8.1344 8.0596 
9.0109 8.3178 8.3178 -inf 8.6362 9.0315 8.3178 7.6246 8.3546 8.7591 9.0063 8.4491 8.6414 8.3962 8.6032 8.6362 8.5139 8.6429 8.4203 8.5832 8.9165 9.0460 8.6506 7.9891 8.0534 8.3974 8.9905 8.7165 8.9282 8.8040 8.7366 8.7156 8.9332 8.7901 8.6315 8.6645 9.0332 8.8238 8.3716 8.4502 
8.3178 9.8156 -inf -inf 9.4377 9.2289 9.0109 9.0333 9.2369 9.7029 10.0635 9.6445 9.1875 9.6749 9.6744 9.7193 9.8687 9.6296 10.0070 9.9468 9.8514 9.5809 8.8560 9.1632 9.0057 9.3413 9.7129 9.2689 9.4335 9.3480 9.3352 9.4055 9.6426 9.2533 9.1729 9.0704 9.0288 8.9040 8.9092 8.9571 
9.0109 10.7438 10.7438 10.3972 9.9104 10.3437 10.3972 9.9138 10.1423 10.0923 9.7427 9.6863 10.2890 9.7725 10.2347 9.5009 10.4683 10.0281 10.5467 10.2556 10.6548 9.9802 9.9063 9.7173 10.1203 10.0074 9.8243 9.7958 10.1169 10.1560 10.1350 10.0010 9.9989 10.4630 9.9855 9.7518 9.8134 9.4872 9.5658 9.8629 
10.3972 -inf 10.3972 -inf 10.7307 10.5293 10.3972 10.4230 10.8114 10.9479 11.0033 10.5733 10.6808 10.4460 10.8027 9.5342 11.0033 10.9967 10.3197 10.1592 10.9675 10.6231 10.4501 10.2909 10.3750 10.4976 10.4878 10.1762 10.5458 10.4135 10.3273 10.5208 10.6777 10.6086 10.4955 10.5788 10.6390 10.3497 10.5292 10.6506 
11.7835 11.7835 -inf 11.4369 11.5572 10.8301 11.7835 9.8582 11.3368 10.8731 11.5663 11.5116 11.7075 10.9834 11.1213 11.4088 9.8864 11.1983 11.2317 11.6156 11.5187 11.4137 11.1742 10.6963 11.0717 11.2226 11.4001 10.9400 11.3919 11.4152 11.4531 11.2656 11.1889 11.3863 11.1489 11.0792 11.3034 11.2425 11.3578 11.3190 
12.5070 12.4766 12.4766 11.7835 11.8314 12.4111 11.7835 11.6782 12.3838 11.9708 12.5434 11.6341 12.1075 12.1193 12.2898 12.0189 12.1287 11.1957 12.2626 12.4478 12.3262 12.0185 12.1032 11.7675 12.0879 12.0508 12.2162 11.9142 12.2016 12.1098 12.1347 12.2502 12.1814 12.2401 11.9302 11.6885 11.6497 11.7885 11.9233 11.8639 
12.4766 12.4766 12.4766 13.1698 13.0508 13.4975 12.4766 11.8635 12.6218 12.9259 12.2594 12.6796 12.3890 12.5801 12.8630 12.3183 12.9567 13.0528 13.0922 12.8076 13.3363 12.7216 12.9988 12.0828 12.3993 12.8023 12.8118 12.8939 13.1450 12.8042 12.7119 12.6209 12.7954 12.8044 12.6192 12.8338 12.6438 12.5174 12.5926 12.7082 
-inf -inf -inf -inf 13.8379 13.6853 13.1698 12.1015 12.9673 12.7946 12.4766 12.0066 12.7951 13.6520 13.8702 13.0363 13.3041 13.5287 13.7026 13.5041 13.4106 13.1124 13.3157 12.4054 12.9748 12.7723 12.9046 13.2192 13.1905 12.9755 13.1056 13.3928 13.6041 13.5187 13.1069 13.2014 13.2071 13.2740 12.9748 13.2109 
13.1698 14.2095 13.8629 13.8629 14.6413 13.4878 13.9745 12.0712 13.1260 13.4136 13.9211 14.1214 13.8782 14.0330 14.1244 12.8821 13.7850 14.1158 14.3185 13.9687 14.0036 14.2182 14.0550 14.0562 13.8163 14.0712 13.9865 14.1906 13.8874 14.1490 14.1937 14.1291 14.5462 14.4835 14.1732 13.9488 13.8732 13.9207 13.6878 14.0620 
15.2796 14.5561 15.2492 15.2492 14.0171 14.0171 13.8629 13.4575 14.4226 14.2916 14.8698 13.3929 13.6791 14.0019 14.1186 13.1698 14.3798 14.6166 14.9381 14.9150 14.3048 14.6622 14.7792 14.4461 14.3847 14.2383 14.4535 14.5574 14.5955 14.6467 14.8420 14.9631 14.7992 15.0146 14.9286 14.6774 14.6006 14.3401 14.4631 14.7579 
15.2492 15.3608 -inf -inf 15.1223 14.4916 15.3608 -inf 14.6677 14.1506 14.5561 14.7931 15.5584 14.1980 13.8957 15.4971 15.2120 15.2016 15.2564 15.2851 15.6847 14.9521 15.3779 15.0091 15.3715 15.4661 15.5040 15.3653 15.4588 15.5505 15.4398 15.6591 15.5191 15.7266 15.2726 15.0073 14.9594 15.0319 15.0396 15.1621 
14.5561 -inf 15.9424 16.6355 15.6817 15.4034 15.2492 15.4034 15.9681 15.5943 16.1632 14.6739 16.1138 16.1534 15.9355 15.6979 15.6698 15.8229 15.7404 16.1675 15.9844 15.8638 16.2139 15.1696 15.4518 15.7348 15.5219 15.5266 15.7032 15.9184 15.8401 15.7037 15.8036 16.0720 15.8169 15.7035 15.8025 15.6986 15.8201 15.7610 
15.2492 17.3287 -inf 16.6355 15.5374 17.1527 16.7471 15.5369 15.4724 15.8835 16.2301 16.1840 16.4280 15.6946 16.6683 16.9761 17.0125 17.1689 16.9926 16.7791 17.0074 16.5668 16.2258 16.3058 16.6763 16.7588 16.6275 16.3021 16.2952 16.2775 16.6553 16.8467 16.8550 16.6417 16.4371 16.2157 16.3019 16.1305 16.0780 16.5275 
18.0521 16.6355 18.1334 -inf 16.9839 17.1952 -inf 16.9535 17.0991 17.3673 17.4576 17.4393 16.9310 17.2540 17.1441 16.9489 16.5606 15.8721 17.8791 17.6969 17.5732 17.2857 17.5606 16.8897 16.8779 16.9555 17.2019 17.0680 16.9189 16.7080 16.7604 16.6951 16.9930 17.1055 16.9302 17.0699 16.9713 16.5834 16.5408 17.1466 
17.3287 17.3287 18.0218 -inf 17.6281 16.9466 17.3287 17.4326 17.6154 17.9629 17.8399 17.2848 17.3860 18.1214 17.2021 15.9424 17.3637 17.9930 17.9040 17.6831 17.7904 17.8452 17.6613 17.9319 17.8375 17.8052 17.5472 17.7558 17.9181 18.0289 17.9303 17.9237 18.0958 18.1159 17.8855 17.6102 17.4412 17.5153 17.5150 17.6408 
-inf 19.4081 18.7150 18.7150 17.1951 17.7615 19.0615 17.6467 17.7545 18.5327 18.5281 18.4784 18.6007 16.7880 17.8191 18.5946 18.3779 18.5464 18.4901 18.9972 18.5317 17.9422 18.1490 18.4195 18.5775 18.8893 18.6379 18.4400 18.5145 18.7161 18.8779 18.9936 19.0968 18.8976 18.5766 18.5584 18.9308 18.6127 18.6360 18.5757 
19.4081 19.4081 19.4081 -inf 18.1019 18.5814 18.7150 19.4133 19.5503 18.7150 18.1257 18.8205 18.2572 18.7950 19.1896 20.0825 19.7475 19.0412 17.9040 18.4211 18.6820 19.4946 18.8131 18.7917 19.1519 19.2424 18.9598 19.0815 18.6201 18.3715 18.6137 19.0915 19.1895 19.0992 18.8902 18.9618 19.1588 18.7791 18.6611 19.1060 
20.1013 19.4081 -inf -inf 18.5327 19.1204 20.1013 19.8840 19.3436 19.0027 19.2320 19.2243 18.9381 19.7288 20.3014 20.3367 19.3480 19.7062 19.9988 19.6174 19.7344 19.5827 19.4629 19.6851 19.7814 20.0982 19.8017 19.8387 20.0772 19.6868 19.6905 20.0231 20.0959 20.0931 19.6140 19.5531 19.7342 19.7261 19.6704 19.7064 
