nan nan nan nan nan nan nan nan nan nan nan nan nan 
nan nan nan nan nan nan nan nan nan nan nan nan nan 
nan nan nan nan nan nan nan nan nan nan nan nan nan 
nan nan nan nan nan nan nan nan nan nan nan nan nan 
8.9869 -2.5060 -0.0916 0.8033 -0.7774 -0.1611 0.2298 0.2871 -0.1646 -0.0961 0.0183 0.1003 -0.0211 
17.0967 -0.2305 -1.4033 -0.2475 -1.7146 0.3263 -0.0221 -0.1868 -0.5724 -0.3402 -0.9644 -0.8906 -0.0763 
17.6731 0.4435 0.0641 0.5667 -1.2226 -0.3375 0.0875 0.3824 -0.2618 -0.2722 0.2651 -0.1609 0.1930 
nan nan nan nan nan nan nan nan nan nan nan nan nan 
nan nan nan nan nan nan nan nan nan nan nan nan nan 
nan nan nan nan nan nan nan nan nan nan nan nan nan 
19.6608 -0.3684 -0.6368 -0.4451 0.6073 0.7096 0.5734 -0.3797 -0.5447 -0.1285 -0.3406 -0.1321 0.3606 
19.2313 0.0480 0.3403 -0.8602 -1.2215 -0.8191 -0.9318 -1.2798 -1.0252 0.0770 -0.4576 0.1632 0.7878 
20.2402 0.5116 0.6618 -0.4257 -0.1320 -0.6092 0.1746 0.9041 -1.1264 -0.9911 0.0841 -0.7465 0.2009 
21.7219 1.6957 -0.3062 -1.5787 -1.9678 -0.3977 -0.1627 -0.1147 -0.3466 -0.1137 -0.3223 0.0996 -0.2978 
21.2301 1.4782 -0.6080 -0.9538 -1.4839 0.1546 0.3190 0.0385 -0.5805 -0.6994 -0.4986 -0.7806 -0.0527 
20.5007 1.2723 0.1548 -0.8623 -0.1784 -0.5448 -0.9863 -0.6229 -0.3718 -0.6614 -0.2770 0.1641 0.2982 
22.2203 1.3632 0.8246 -1.3319 -1.3699 -0.1275 0.5835 0.0964 -0.4174 -1.0345 -1.2778 0.0504 0.6438 
22.1155 0.9811 -0.5663 -0.8480 -1.0416 -0.2797 0.1642 -1.0193 -1.2170 -0.4260 -0.5332 -0.5561 0.1047 
21.8553 0.6486 -0.3596 -2.9350 -0.0283 -0.2608 0.0560 -0.1648 0.4144 0.0869 -0.1585 -0.2877 -1.0175 
22.1942 1.1701 0.3021 -1.2657 -0.3547 -0.8895 -0.0254 0.0634 -0.8422 -0.9287 0.0064 -0.1597 -0.1213 
21.9356 0.8207 -1.0057 -1.7729 -1.1964 -0.8831 -0.5306 0.0757 -0.1408 -0.4095 -0.6077 -0.2687 0.9347 
25.1786 1.3990 -2.8475 -3.2346 -1.4141 -0.6013 0.6346 1.2438 -0.1724 -0.3793 0.3566 0.4738 0.1573 
28.3926 1.9317 -3.4065 -2.3522 -2.4999 -1.7915 -0.3683 0.5876 0.8792 0.6109 -1.3505 0.1906 0.8765 
30.6873 -0.8500 -3.7103 -1.5374 -2.1840 -0.9574 0.3773 1.3893 1.3958 -0.0520 -0.7177 -0.1751 -0.8310 
33.1617 -3.4014 -1.5156 -0.7454 -1.9773 -0.9617 -1.9410 -0.1439 0.1564 0.9908 0.1156 -1.2392 -0.3713 
33.8507 -3.5567 -1.0082 -1.7583 -1.7200 -1.0088 -1.2066 0.2576 0.1724 0.9617 0.2606 -0.9033 -0.5388 
33.5445 -3.5061 -0.4763 -1.7452 -1.3989 -0.9368 -1.3665 -0.0258 0.2432 1.2648 0.2893 -0.7712 -0.6849 
33.7694 -3.3278 -0.5196 -1.9245 -1.3447 -0.7329 -0.8594 0.2693 0.2549 0.9294 -0.0900 -1.2775 -0.9707 
33.8111 -3.3199 -0.4397 -1.8044 -1.5689 -1.2438 -1.4712 -0.2451 0.1236 0.8002 -0.1107 -1.2135 -0.5931 
33.4978 -3.5339 -0.4706 -1.7062 -1.3105 -0.6499 -0.7524 0.7170 0.7988 0.8821 -0.1384 -1.5661 -0.4449 
33.4375 -3.4808 -0.6455 -1.5684 -1.7613 -1.0492 -1.1081 0.2662 0.5268 0.7757 -0.1552 -1.3746 -0.1030 
33.1296 -3.1696 -0.8469 -1.6053 -2.3586 -1.2138 -1.0740 -0.0621 0.6540 0.8177 -0.1239 -1.0951 0.5118 
31.1776 -3.2917 -1.7337 -1.0722 -2.1217 -0.7102 0.6877 1.4888 1.9337 0.9931 -1.5486 -1.6549 0.4770 
31.4018 -1.4041 -1.8385 -0.7119 -2.5364 -0.7635 0.1352 0.1599 1.4411 0.9372 -1.9840 -0.7783 1.2120 
29.3587 -2.4945 -2.8749 -1.8755 -2.8319 -1.5585 0.2616 1.0231 1.9621 0.2779 -2.6537 -0.9539 0.5056 
29.1294 -0.0584 -2.6066 -3.0985 -2.5130 -0.0345 -0.5763 0.8591 0.8106 0.2458 -0.4749 -0.6109 -0.6058 
27.4854 1.1617 -1.6500 -3.0257 -2.8125 -0.7854 -0.1995 2.1442 1.3461 -0.6722 -0.5535 0.3049 0.6681 
25.9581 2.3919 -1.1575 -1.7676 -3.0126 -1.4706 -0.1876 1.5506 1.0162 -0.9824 -1.8603 0.1629 1.0679 
30.1821 -2.4051 -0.7658 -3.2565 -0.8522 -0.3447 -0.1967 -0.2120 0.6243 -0.2141 -0.6617 -0.0825 0.3398 
30.6019 -1.9026 -0.8751 -1.3429 -1.0241 -0.1027 0.4616 -0.2089 0.0699 0.3661 -0.0231 -0.6583 -0.0363 
29.5259 -0.3535 0.6058 -1.9105 -1.5463 -0.4989 -0.2386 -1.3268 -0.7854 0.2614 0.4461 0.0276 0.1662 
28.4367 -0.7977 -1.1346 -1.6491 -2.0923 -0.5610 0.2359 -1.1190 -0.3317 0.2996 0.3704 -0.2492 0.4329 
26.7122 -1.1323 -0.9016 -1.4506 -0.3439 -0.7405 -0.7979 0.1169 -0.4099 0.3340 0.0729 -0.1281 -0.2049 
24.0280 -0.6735 -0.8517 -0.3549 0.1608 0.2939 -0.7109 -0.1797 -0.8826 -0.2204 -0.5197 0.0264 -0.3058 
24.7923 -1.1902 0.0743 -0.4425 -1.7512 -1.0058 -0.4287 -0.3579 0.4025 0.2977 -0.8520 -0.0305 1.0317 
23.4664 0.2885 -0.8949 -1.2602 -1.1621 -0.2274 0.0492 -0.3708 -0.5449 0.1349 -0.5498 -0.3891 -0.2956 
22.1096 -0.7028 0.3310 -0.4894 -2.1863 0.1445 0.7838 -0.0991 -0.2744 -0.5349 -0.2152 -0.3453 -0.8742 
22.5547 -0.9410 -0.6901 -0.9290 -0.9144 -0.6634 -0.8313 -0.7471 -0.3045 0.2247 0.3924 0.2459 0.1877 
21.3459 -0.8341 -1.2013 -1.7526 -1.7348 0.6184 -0.5232 -0.6290 0.7817 0.3033 0.0392 0.3370 0.2813 
21.6280 -0.1044 -0.2045 -1.5407 -1.0523 -0.4659 -0.8169 -0.8766 -0.3262 0.2033 -0.5620 -0.2762 -0.0504 
20.3744 0.5052 1.0370 -1.5224 -1.6617 -1.1113 0.5510 -0.3293 -1.1856 -0.5373 -0.3582 -0.0025 0.2574 
21.0410 -0.3104 -1.2868 -1.8858 -1.0981 -0.7180 0.2700 0.6205 0.1614 0.4166 -0.2405 -0.0450 -0.3916 
21.3205 -0.5315 -0.8841 -0.9818 -0.7126 0.7204 -0.5003 -0.2873 -0.9737 -0.1886 -0.7278 -0.1290 0.2356 
22.5457 -0.3300 -1.2526 -0.9328 -1.0560 0.0259 -0.2981 -0.0806 0.0303 -0.1222 -0.0841 -0.6159 -0.1688 
21.1561 -0.4047 -0.6875 -1.0175 -0.5823 -0.9348 0.7552 0.5473 -0.0363 -0.5325 -0.2127 -0.1984 0.2750 
22.1543 0.4493 -0.7496 -0.9777 -1.5490 -0.8084 -0.3493 -0.4783 0.1997 -0.4178 -0.3044 -0.6997 0.5594 
21.0367 -0.9819 0.2688 -1.1002 -1.1701 0.2655 0.1231 -0.6438 -0.8161 -1.0424 -1.2273 -0.0984 0.1001 
21.4302 0.2019 -0.9297 -1.4801 -0.9005 -0.3084 0.8175 0.5036 -0.9537 0.2504 0.2487 0.0209 -0.2300 
20.7668 -0.3602 0.7905 -0.5127 -1.1729 -0.5355 -0.0023 0.0829 -0.2072 -0.4598 0.1158 -0.5307 -0.3842 
20.9606 -0.4727 -0.0097 -1.1754 -1.3838 0.2297 -0.8280 -0.5339 -0.6335 -0.8505 -1.2706 -0.4498 -0.0852 
22.1037 0.2359 -0.1907 -0.8606 -0.4894 -0.8579 -1.3120 -1.1471 -0.6271 -0.3367 0.3045 0.0440 -0.1926 
22.1102 -0.2414 0.0316 -0.9971 -1.0446 -0.8981 0.7491 0.0534 -0.4361 -0.7730 -0.9269 -0.5613 0.1722 
22.1636 1.5410 -1.4563 -1.2137 -0.7431 0.4501 0.3159 -0.2267 -0.6584 -0.7867 -0.1018 -0.4453 0.3945 
24.6081 0.5542 -0.5422 -1.3536 -1.7790 0.0468 -0.3899 0.0894 -0.7027 -0.5778 -0.1292 0.1492 -0.1359 
23.6878 0.9274 -1.1359 -0.3045 -0.4991 -0.5139 -0.5553 -0.2984 -0.2394 -0.2888 -0.0604 -0.0867 -0.3002 
24.5835 0.9646 -0.3602 -0.4240 -0.9520 -0.6863 1.2582 -1.0156 -0.0422 0.2399 -0.8995 -0.5557 0.4136 
24.0031 -1.7800 -2.7818 -1.4685 -1.0953 -1.4359 0.1784 -0.6291 -0.7287 0.2914 -0.0472 -0.0622 0.1611 
22.6694 -0.9300 -3.3170 -1.1929 -1.3730 -1.9388 -0.0934 -0.1869 -0.0056 0.6464 0.0943 0.3792 0.9142 
24.6193 -0.0702 -1.2577 0.7066 -1.8822 -1.4478 0.2915 -0.6425 -0.9893 0.2764 -0.9340 0.0135 0.3414 
22.0385 -1.6537 -1.6152 -0.0749 -0.4243 -0.9347 1.4423 0.0478 -0.4806 -0.4215 -0.3968 0.0285 1.0166 
22.1406 -0.1501 -0.3787 -0.7811 -1.0681 -0.8046 -1.3121 -0.1437 0.0309 0.1288 0.0429 -0.9925 0.4785 
23.3695 0.4684 -1.4837 -0.0643 -2.5187 0.0186 -0.4792 0.3250 -0.5621 -0.2322 -0.1212 0.2814 0.0282 
22.3922 0.1628 0.7343 -1.6092 -2.4140 -1.1130 -0.0814 0.1402 -0.5677 -0.5515 -0.4134 -0.3391 0.8051 
21.7374 0.2134 -0.0466 -0.3564 -0.9309 -1.7566 -0.0388 0.1624 -0.7356 0.4602 -0.4614 0.2178 0.3315 
21.9057 0.9612 -0.7072 -1.9190 -1.2213 -0.5713 -1.6407 -0.4991 -0.7235 0.1498 -0.6494 0.5421 -0.1091 
21.5623 -1.4806 -0.8216 -1.4425 -0.1611 0.2464 0.7894 0.2999 -1.0910 -0.3877 -0.5153 -0.1122 0.2235 
22.3772 0.5463 0.4739 -1.7612 -1.3816 -0.5868 -0.5597 -0.3406 -0.6042 -0.1801 -0.1180 0.0986 0.1334 
20.7978 -0.3581 0.9033 -1.8800 -1.2143 -0.8153 -0.3815 -0.3260 -0.4264 -0.1114 0.0263 -0.5316 -0.2443 
21.9318 -0.4068 -0.4406 -1.3473 -1.2092 -1.2485 -0.8348 -1.1551 -0.4935 -0.0642 0.1730 -0.0744 -0.1786 
22.0540 0.5153 -0.4753 -1.3059 -0.5275 -1.7143 -0.2965 0.0761 0.0871 -0.8880 -1.0408 -0.3149 0.8569 
22.5900 -0.1219 -2.5968 -2.2550 -0.5597 -0.9906 -1.0003 0.2908 -0.0778 0.4696 0.4434 0.3291 0.7408 
21.2973 -0.5282 -1.9714 -0.4546 -0.2350 -0.5769 0.2585 0.3736 -0.3601 0.3353 -0.6516 0.3537 0.5432 
21.5168 0.8291 -1.1294 -2.4033 -0.2563 0.1928 0.1353 -1.0225 -0.6882 0.3982 -0.2881 -0.7235 -0.7432 
21.2790 -1.5165 -2.0480 -0.2770 -0.2172 -1.2148 -1.0100 0.1795 -0.0252 0.8920 -0.1059 -0.1623 0.3553 
10.1721 -3.7791 -2.2015 -0.5525 -0.2547 -0.9996 -1.0872 -0.1775 -0.3757 0.8298 0.1402 -0.0607 0.2238 
-0.7859 -6.0519 -2.7117 -1.5890 -1.0393 -1.5135 -1.6180 -0.9540 -1.2876 -0.0284 -0.4899 -0.6004 -0.2076 
-10.4727 -6.6156 -1.5418 -1.0572 -0.3140 -0.6269 -0.7279 -0.3309 -0.8585 0.2837 -0.0869 -0.3189 0.0861 
-20.5430 -7.8024 -0.9762 -1.1206 -0.2207 -0.3532 -0.3664 -0.1525 -0.7974 0.2432 0.0235 -0.3448 0.1233 
-30.6636 -9.1348 -0.5353 -1.2832 -0.2986 -0.2691 -0.1486 -0.0738 -0.8000 0.1413 0.0997 -0.4387 0.0585 
-40.6706 -10.3900 -0.0034 -1.3069 -0.3167 -0.1844 0.0981 0.0741 -0.7200 0.0994 0.2646 -0.4189 0.0423 
-50.5812 -11.6256 0.5516 -1.1994 -0.2639 -0.1340 0.3322 0.2912 -0.5679 0.0442 0.4713 -0.1971 0.1667 
-60.6926 -13.2360 0.7830 -1.2819 -0.4288 -0.3409 0.3845 0.4185 -0.5028 -0.1754 0.5476 0.0166 0.1613 
-70.4699 -14.5072 1.3691 -0.7559 0.2045 0.2607 1.1616 1.2041 0.1138 -0.2069 0.2433 -0.5980 -1.0140 
-78.5618 -13.8778 2.9657 -0.0521 0.2633 -0.4078 0.2267 0.3930 -0.2135 -0.4302 0.3529 -0.0310 -0.2618 
-86.1795 -13.0274 4.1028 -0.0227 0.0179 -0.7287 0.1703 0.6403 0.3626 -0.1248 0.6205 0.7994 1.0199 
-90.1046 -9.1610 4.6522 -1.4424 0.0650 0.5837 1.2973 1.1037 1.0042 0.4536 0.7192 0.4793 0.2197 
-90.4936 -4.1843 3.3095 -1.7118 1.4348 -0.0622 0.2552 0.2538 -0.0169 -0.0734 0.3723 -0.1453 0.1204 
-91.6966 -0.8271 2.7916 -1.0995 0.7223 -0.6149 0.7171 -0.4387 -0.0893 0.4478 -0.1838 -0.3164 0.0236 
-inf -inf -inf -inf -inf -inf -inf -inf -inf nan nan nan nan 
nan nan nan nan nan nan nan nan nan nan nan nan nan 
-85.5755 0.5346 -0.3457 -0.0207 -0.3527 -0.2871 -0.5881 -0.0165 -0.8543 -0.2823 -0.2429 -0.6026 -0.2960 
-82.7469 0.5970 -0.0159 -0.6074 1.0787 -0.1530 -0.8943 0.8334 -0.4359 -0.4275 0.5150 -0.3743 -0.5719 
-81.2116 0.7029 1.0419 0.1389 -0.3779 0.4628 0.5569 0.3552 0.7514 -0.6946 -0.2888 -0.5719 0.7850 
-78.4539 -0.0599 -0.0629 0.5192 0.2813 -0.0278 0.1849 0.7168 0.4335 -1.0389 0.1015 -0.3129 -0.3895 
-77.7682 0.1564 -0.9432 0.3487 0.1806 0.5591 -1.2334 0.3392 -0.3661 0.9867 0.6837 0.5458 0.0685 
-74.7244 0.6174 0.1665 -0.0154 0.5754 0.7136 0.1714 0.4969 -0.0686 0.0915 -0.1035 -0.1776 -0.6044 
-72.5219 -0.1239 0.1141 0.6442 -0.8247 -0.2335 -0.5377 0.1884 -0.7965 -0.1080 -0.6642 -0.3531 -0.2115 
-70.7152 -0.1701 -0.9779 -0.6932 -1.0645 -1.0523 -0.7697 -0.9480 -0.7958 -0.5825 -0.4692 -0.6688 -0.4118 
-67.0255 0.0342 -0.1777 0.4108 0.2303 0.2527 0.8343 0.5846 -0.2619 -0.3423 -0.7960 -0.8114 -0.2031 
-65.4028 0.7603 0.1570 0.1459 0.5598 -0.5070 0.4249 0.6554 -0.5601 -0.4365 0.1100 0.2480 0.3998 
-62.4380 0.9878 -0.1092 0.7348 -0.7892 -0.4603 0.0238 -0.1972 -0.6194 0.0254 0.2515 -0.0525 -0.0411 
-61.7856 -0.0404 -0.2807 -0.4412 0.6907 1.0553 0.3676 0.5375 0.5358 -1.0947 0.0852 0.3857 -1.2722 
-58.6672 -0.0493 -0.4698 -1.6744 -0.5337 -0.9652 -0.8780 -0.4373 -0.4397 0.1417 0.8215 0.6864 0.6625 
-56.3163 0.6334 0.5538 0.0199 -0.2137 -0.1572 -0.0808 0.2035 -0.0099 0.1459 -0.2163 -0.1939 -0.0284 
-52.8307 0.4698 0.1749 0.4426 0.3881 0.0808 -0.1474 0.1268 0.8141 0.1428 0.1464 -0.2606 -0.4324 
-50.6765 0.7556 0.6056 0.6439 -0.0692 -0.4081 -0.4448 -0.0793 0.1567 -0.4241 -0.2727 -0.1049 -0.0897 
-50.0101 0.4876 0.0956 -0.6919 -0.9231 -0.7709 -0.3632 -0.9247 -0.9943 -0.0904 0.2452 -0.4240 -0.9203 
-inf -inf -inf -inf -inf -inf -inf -inf -inf nan nan nan nan 
-44.2806 -0.0645 -0.7206 -0.1617 -0.3999 -0.4181 -0.0454 0.5113 0.4889 -0.3936 0.1235 0.6288 0.8519 
-42.1944 0.5946 0.9763 -0.3774 0.1230 -0.0211 -0.3078 0.2649 -0.6517 -0.6977 0.5612 0.8180 -0.1515 
-39.6059 0.8388 -0.0651 0.0671 0.3602 -0.2666 0.3884 0.1264 0.0022 0.0850 -0.3288 0.1748 0.1535 
-37.2031 0.4619 -0.4987 -0.5491 -0.4378 -0.8101 -0.9717 -0.1934 -0.1010 0.1510 -0.0655 -0.2165 -0.6201 
nan nan nan nan nan nan nan nan nan nan nan nan nan 
-33.0679 0.6825 0.3891 -0.6554 0.1982 -0.5813 -0.8239 0.4428 -0.2552 -0.3823 -0.1143 0.1678 -0.2780 
nan nan nan nan nan nan nan nan nan nan nan nan nan 
-27.9837 -0.2961 0.2168 -0.3794 -0.4393 -0.6090 -0.6546 -0.3418 -0.2721 -0.5611 -0.7433 -0.6389 -0.6823 
-inf -inf -inf -inf -inf -inf -inf -inf -inf nan nan nan nan 
-22.8995 0.1033 0.6551 0.4733 -0.2668 0.1552 0.0289 0.6970 0.3252 0.4362 0.4197 0.4866 -0.1033 
-19.9128 0.5856 0.6165 0.2706 0.7790 0.0110 0.1924 0.2241 0.2563 0.0886 0.2565 -0.3827 -0.3206 
nan nan nan nan nan nan nan nan nan nan nan nan nan 
-15.7026 0.3398 0.0509 -0.3167 0.3142 -0.4637 -0.9396 0.2359 -0.9933 -1.0605 -0.2642 -0.7289 -0.1201 
-13.1231 1.2585 0.3927 -0.2938 0.8380 -0.1596 -0.3800 0.4640 0.4588 -0.4393 0.1696 -0.8326 -0.0661 
-10.2544 0.6993 -0.3944 0.4518 0.1467 -0.2677 -0.0547 0.2756 0.2441 0.2094 -0.1562 0.1074 -0.1687 
-7.2299 -0.1652 0.7488 0.4029 -0.3441 -0.1368 0.4286 0.1054 0.3203 -0.2344 -0.0944 0.3003 0.3813 
nan nan nan nan nan nan nan nan nan nan nan nan nan 
nan nan nan nan nan nan nan nan nan nan nan nan nan 
nan nan nan nan nan nan nan nan nan nan nan nan nan 
nan nan nan nan nan nan nan nan nan nan nan nan nan 
-inf -inf -inf -inf -inf -inf -inf -inf -inf nan nan nan nan 
nan nan nan nan nan nan nan nan nan nan nan nan nan 
nan nan nan nan nan nan nan nan nan nan nan nan nan 
12.5021 -0.0678 0.0163 0.0323 0.7896 -0.5783 -0.4324 -0.7200 -0.7969 0.2101 0.3592 0.4099 0.2583 
nan nan nan nan nan nan nan nan nan nan nan nan nan 
18.6085 0.5690 0.4066 -0.4972 -0.0751 0.3813 -0.2396 0.2319 -0.1227 -0.2505 0.3855 0.0752 -0.4148 
nan nan nan nan nan nan nan nan nan nan nan nan nan 
23.4802 -0.7764 -0.6592 0.2767 -0.3413 -0.7708 0.0761 -0.7401 -0.4920 0.1617 0.0958 -0.2599 -0.1822 
nan nan nan nan nan nan nan nan nan nan nan nan nan 
nan nan nan nan nan nan nan nan nan nan nan nan nan 
nan nan nan nan nan nan nan nan nan nan nan nan nan 
nan nan nan nan nan nan nan nan nan nan nan nan nan 
nan nan nan nan nan nan nan nan nan nan nan nan nan 
40.2304 0.5061 -0.2322 -0.3772 -0.4431 -0.2562 -0.8508 -0.4469 -0.8049 -0.5530 -0.1230 0.1384 -0.5147 
nan nan nan nan nan nan nan nan nan nan nan nan nan 
nan nan nan nan nan nan nan nan nan nan nan nan nan 
48.5039 0.2363 0.4173 0.3820 0.2628 -0.0628 0.1073 0.2426 -0.5317 -0.2856 -0.1595 0.1731 0.5029 
50.5314 0.3233 -0.0605 -0.5175 -0.6658 -0.2448 0.3718 0.7375 -0.2466 -0.2725 -0.0161 0.6529 -0.2484 
nan nan nan nan nan nan nan nan nan nan nan nan nan 
54.6949 0.1382 0.5996 0.0584 -1.6600 0.0153 0.2178 0.3216 -0.8185 -0.0162 -0.4268 0.0323 -0.8473 
56.9088 1.6288 0.5266 0.9151 -0.1800 -0.7661 -0.2930 0.6183 -0.5749 0.6929 0.4029 0.4804 0.4263 
nan nan nan nan nan nan nan nan nan nan nan nan nan 
nan nan nan nan nan nan nan nan nan nan nan nan nan 
nan nan nan nan nan nan nan nan nan nan nan nan nan 
nan nan nan nan nan nan nan nan nan nan nan nan nan 
nan nan nan nan nan nan nan nan nan nan nan nan nan 
-inf -inf -inf -inf -inf -inf -inf -inf -inf nan nan nan nan 
nan nan nan nan nan nan nan nan nan nan nan nan nan 
nan nan nan nan nan nan nan nan nan nan nan nan nan 
