16.7073 0.0258 0.2389 -0.9520 -1.3516 -0.4390 -0.2480 0.2087 0.0605 -0.1635 0.1640 -0.4129 0.0710 
17.3785 -0.4745 0.6304 -1.0643 -1.3684 -0.6208 -0.3277 -0.3597 0.1588 0.2739 -0.0092 -0.1232 0.0878 
16.8810 -1.8223 -0.8788 -0.8860 -0.8147 0.5934 0.5142 -0.8500 0.2758 0.1076 0.3403 -0.1530 0.8076 
16.8100 -0.8183 1.0345 -0.8942 -2.0691 -0.3527 -0.9074 0.0163 0.4871 -0.5447 -0.4677 -0.2481 0.5078 
18.1800 -0.3917 1.3847 -1.6434 -1.6013 -0.7294 0.7229 -0.1655 0.4196 0.2176 0.2995 -0.3597 -0.1557 
18.9371 -0.7415 2.1201 0.4333 -0.6998 -0.6172 -0.7661 -0.4371 -0.9710 -0.5033 0.7327 0.7439 -0.4031 
16.1549 -1.7663 0.9038 -1.0773 -1.6812 -0.3049 -0.5501 0.1968 0.7232 0.1346 -0.4770 -0.7886 -1.4021 
18.6407 -1.2690 1.4635 -0.9453 -0.3345 -0.6849 -0.4240 -0.2934 -0.1545 -0.1764 -0.6170 -0.3015 0.4716 
18.6907 -2.6604 0.6320 0.0404 -1.2368 -1.2796 -0.2297 0.3847 0.2594 -0.7358 -0.6028 -0.0258 0.9768 
21.1012 -0.7722 1.3768 -1.0533 -1.5258 -0.7234 -0.9962 -0.1846 -0.2312 0.0952 -0.2569 -0.4611 -0.1316 
19.4608 -1.7253 2.0193 0.1290 -1.5498 -0.7040 -0.4254 -0.2802 -0.0876 -0.5212 -0.2284 -0.4892 -0.1134 
19.6938 -1.5965 2.0437 -0.1345 -1.3468 -0.6973 -1.8274 -0.8007 0.2411 -0.6180 -0.0449 -0.2950 -0.4952 
19.0278 -1.6374 1.8705 -0.8809 -1.4865 -0.3463 -0.3330 -0.1764 -0.9074 -0.7584 -0.1643 -0.1886 -0.1586 
20.2999 -0.7882 1.5299 -0.7616 -0.6247 0.1713 -0.6697 -0.9121 -0.8909 0.1043 0.3735 -0.5480 0.1780 
18.7568 -1.9279 0.8037 -0.7824 -1.0314 -0.7106 -1.0394 -0.0957 -0.0244 -0.2873 -0.8481 -1.0522 0.1638 
19.7534 -0.4988 0.7060 -0.3938 0.0668 -0.1040 -0.1601 -0.6706 -0.0988 -0.4322 -0.1695 -0.4834 0.1360 
17.8779 -1.3671 0.0012 -0.4723 -0.7514 0.0330 -0.5993 -0.4749 0.5979 0.0542 0.8092 -0.5516 0.4395 
17.4725 -1.0139 1.0520 0.9754 -1.3798 -0.0109 -0.6691 -0.3555 0.2355 -0.2423 -0.0720 -0.2676 0.6385 
18.3149 0.1605 0.8276 0.3847 -1.5878 -0.1225 -0.7821 -0.2651 0.4097 0.5117 -0.6706 0.0841 -0.0849 
17.5668 -1.5094 -0.2124 -1.4360 -1.0321 -0.6183 0.4699 -0.2358 0.3156 0.6794 1.2429 0.1680 1.4357 
18.1342 -1.5249 -0.4001 -1.4491 -0.7621 0.2070 1.3873 0.0685 0.5151 0.5610 -0.2119 -0.7322 -0.8041 
18.4489 -1.2942 0.0299 -1.3215 -1.6341 -0.7710 0.1238 -0.4243 -0.4858 0.6877 0.7964 -0.4784 -0.2902 
18.1115 -1.2829 0.3039 -1.3921 -1.4381 0.4658 -0.2000 -0.1376 -0.7879 -0.1912 -0.5708 -0.5287 0.1006 
18.7589 -0.1242 1.3522 -0.8073 -0.8270 0.2603 -1.0318 -0.4030 -0.3868 -0.4955 -0.2856 0.0296 -0.2371 
18.9358 -0.2328 0.9851 -0.4552 -0.7590 0.2601 -0.9305 -1.3326 -0.1204 -0.6768 0.4287 0.0217 -0.0449 
18.4027 -1.4379 0.1262 -0.5551 -0.2898 -0.3141 -1.1061 -1.2617 -0.3597 -0.3146 -0.4888 0.2448 0.0100 
17.9561 -1.2607 0.7750 -0.9256 -0.8474 -0.0884 -1.2031 -0.1573 -0.4943 -1.1055 -0.7235 -0.1825 0.4633 
18.1457 -1.2445 0.7325 -0.2669 -0.8814 -1.1072 -1.6443 -1.2549 0.2351 -0.4862 -0.1037 -0.2021 -0.1311 
17.9267 -0.8384 1.3011 -0.0472 -1.0758 -0.7905 -1.1386 0.0452 -0.4855 0.1445 0.1240 -0.8905 -0.1372 
17.6069 -1.1839 -1.4156 -0.3045 -1.6712 0.2264 -0.2023 0.7131 -0.4264 0.3860 -0.1097 -0.7873 -0.5690 
19.0368 -0.8602 0.9895 -0.7200 -0.6063 -0.5777 -0.7507 -0.4944 -0.8532 -0.8002 0.3937 0.0945 -0.2024 
19.0029 -0.4727 0.7574 -0.6267 -1.3169 -0.2602 -0.9807 -0.8661 0.0362 -0.3680 0.4601 -0.6910 -0.3010 
17.7839 -1.9679 0.1303 0.3205 -1.2198 0.2735 0.0364 0.2424 -0.2113 -0.9987 -1.4537 -0.6297 1.0453 
17.9266 -1.5998 0.4338 0.3652 -0.3502 -0.3700 -0.7760 -1.2284 0.4417 -0.4578 -0.1933 -0.4511 -0.2816 
18.3711 -0.2720 -0.6395 -0.6638 -0.8601 -0.8447 -0.5642 -1.0301 -1.1226 -0.0645 -0.3728 -0.5298 0.0770 
18.2167 -0.7946 0.9323 -0.3312 -0.5575 -1.5217 -0.5669 0.0451 -0.1102 -0.1344 -0.6962 -0.3495 0.6418 
17.8707 -2.1907 -0.4534 -1.1131 -0.3171 -0.3227 -1.1975 -0.6553 -0.2301 -0.6330 -0.2551 -0.2292 -0.5603 
17.9659 -1.1211 0.6797 -1.5670 -1.3947 -0.2141 -0.2342 -0.2791 -0.5548 -0.1674 0.1241 -0.2389 -0.0382 
17.7028 0.5713 1.2458 -0.1752 -1.1816 -1.0170 -1.5501 -0.2579 -0.2964 0.0742 0.2226 -0.8221 -0.3038 
18.2221 -0.3175 0.5581 -0.1117 -0.3515 0.5788 -1.2492 -1.2263 -0.6931 0.0789 0.0156 -0.1644 0.3182 
18.9111 0.0377 1.0533 -1.2746 -2.0206 -0.9292 -0.2905 0.1969 -0.4221 -1.2129 0.1463 0.3539 -0.2760 
18.4701 -0.3065 0.5613 -1.7822 -0.1578 0.3273 -1.1382 -1.1332 -0.2781 -0.5948 -0.3031 -0.4538 0.1549 
18.7346 -0.5641 0.4839 -0.0878 -1.0065 -0.2043 -0.3636 -0.3734 -0.5706 -0.7434 -0.1087 -0.3777 0.1310 
18.2001 -0.4911 1.9196 -0.0079 -1.2135 -0.7485 -0.4046 1.0470 -0.5477 -1.3322 -0.0220 -0.7490 0.2146 
18.1907 -0.8288 1.2275 -1.3195 -0.9550 -0.7060 -0.6705 0.3447 -0.0274 -1.1977 0.2037 0.0473 -0.3787 
18.6139 -0.4457 1.2288 -0.0712 -0.8873 -1.1727 -1.0621 -0.3855 -0.0262 -0.3236 -0.1744 -0.4392 0.2655 
19.2482 -0.8025 0.7318 -0.9874 -0.9840 -1.1898 -0.4293 -0.1650 -0.5211 0.1973 -0.4743 -0.2864 -0.0248 
18.6929 -0.8504 0.7798 -1.2097 -1.5298 -1.0983 -0.4552 0.1109 -0.0043 -0.2631 -0.8784 -0.2380 0.3589 
18.1139 -0.3979 1.2291 0.2738 -2.3058 -0.8800 -0.0218 -0.1545 -0.0613 -0.4542 -0.3860 -0.5118 0.1503 
18.6121 -0.4504 0.8320 -0.8951 -0.8822 -1.1447 -0.2823 -0.4623 -0.1301 -0.2686 -0.2097 -0.0698 -0.3104 
16.9000 -0.5109 0.5598 -1.2701 -0.9756 -0.2029 -0.3656 -0.5515 0.4974 -0.6395 -1.3132 0.0182 0.6413 
19.0598 -0.5677 0.7811 -1.8839 -0.7990 -0.8611 -0.2269 -0.6065 -0.3699 -0.4607 -0.3570 0.3046 -0.3461 
18.5796 -0.3207 0.5058 -1.4097 -0.8054 -0.5005 0.5768 -0.4800 -1.1035 -0.0400 -0.5653 0.3814 -0.0752 
18.2330 -0.7967 -0.1211 -0.7521 -0.1069 0.5503 0.9030 0.0700 0.1154 0.5283 -0.5058 0.1620 -0.4183 
18.5189 -0.5287 1.0964 -0.2815 -0.7897 -0.1971 0.0088 0.2039 -0.1863 -0.9542 0.3543 0.3081 -0.2075 
18.5326 -0.2581 0.7784 -1.8621 -1.0287 -0.0880 0.1472 -0.1123 -0.2166 -0.1851 0.0156 -0.8255 -0.5149 
18.6982 0.5152 -0.2947 -1.5880 -1.2127 0.6895 -0.4187 -0.8318 0.2848 -0.8741 0.2168 -0.0439 -0.4758 
18.3167 -0.3898 -0.0872 -0.9912 -0.5871 0.0697 0.2473 -0.4881 -1.2125 -1.2579 -0.4486 -0.7867 0.4467 
19.1910 -0.0153 0.9926 -1.8677 -2.1882 -0.4180 -1.4870 -0.3521 0.7698 0.3562 -0.5178 -0.4119 0.4460 
19.8708 0.0803 0.7094 -0.9376 -0.5121 -0.2524 -0.7543 -0.1867 -0.0996 -0.4648 0.0158 -0.3554 -0.3531 
18.8584 -0.8460 -0.2606 -1.5738 -1.6568 0.2753 -0.9230 0.0126 -0.9218 -0.6196 -0.1326 -0.0325 -0.6078 
18.5289 -0.3818 2.6974 -0.8976 -1.3603 -0.7726 -0.8190 0.3046 -0.0568 -0.4411 -0.1043 -0.1400 -0.7086 
19.0901 -0.9638 1.7655 -0.2329 -0.8205 -0.3890 -0.2560 0.0389 0.0150 0.1417 -0.4794 -0.3816 0.2251 
18.6504 -0.5838 0.1883 -2.1217 -2.4368 -1.0933 -0.7350 -0.4039 0.0873 -0.4327 -1.2102 0.1967 -0.1854 
18.1929 -0.8366 0.2390 -1.1595 -1.0594 -0.1031 -0.1753 -0.9042 0.3884 1.1784 -0.8370 -0.2874 -0.0932 
19.3385 0.8022 0.0242 -0.7536 -0.6665 0.5793 0.2087 -0.5633 -0.1471 -0.0742 0.1837 0.2859 -0.6639 
20.4575 1.2447 0.5090 -1.2877 -1.3417 0.5715 -0.2319 0.0017 0.1853 -0.3009 -0.1726 -0.4910 0.2258 
25.0346 2.5235 -1.4657 -2.9434 -1.7505 -0.3497 0.3496 1.1381 1.1934 -0.1743 0.1115 0.0856 0.7782 
28.6332 3.1045 -4.4704 -4.2940 -2.7534 -0.9505 -0.9096 1.0805 0.4903 -1.7160 -0.3089 0.4162 -0.7497 
30.4014 2.9957 -3.8320 -2.9892 -2.3414 -0.3714 0.4988 2.1134 1.5911 0.2812 -0.6084 0.4934 -0.0067 
30.9486 2.5001 -2.9133 -2.9128 -2.2825 -1.2537 0.2404 1.8565 1.6827 -0.1040 -1.4720 0.1148 0.2062 
32.1618 1.6036 -3.8541 -2.7859 -2.1797 -0.7408 1.2373 2.0920 1.9668 0.2041 -0.4071 0.1229 0.6068 
34.9297 -0.5998 -4.5928 -1.8603 -2.1344 -1.7079 1.5777 1.4100 0.8984 -0.3227 -0.2094 -0.4230 -0.3830 
35.1209 -1.4636 -2.8330 -1.3661 -2.4839 -2.0260 0.8646 1.6407 1.6347 -0.0241 -1.1305 0.0034 0.6792 
35.0918 -2.4723 -1.4578 -1.7868 -2.6917 -1.3631 1.3069 1.8113 2.4730 -0.1425 -1.4163 -0.1395 0.5135 
35.6467 -2.4119 -0.7667 -1.8571 -2.9857 -1.1943 0.8730 0.6398 2.0949 0.2715 -1.9458 -0.1555 1.3972 
34.7581 -3.7111 -1.2585 -1.8756 -2.9276 -1.7705 1.3186 1.6899 2.7732 0.3019 -1.5977 -0.0883 1.4906 
34.4732 -3.4625 -1.2748 -2.5821 -2.9131 -2.0750 0.6529 1.1589 2.3274 0.1412 -1.5092 -0.1847 1.5378 
34.2571 -2.8443 -0.5640 -2.5715 -2.2306 -2.0349 0.5975 1.7267 2.1703 0.2032 -1.6969 -0.4911 1.7048 
33.8147 -3.4186 -1.1682 -3.2773 -3.0315 -1.8547 0.3447 0.6953 1.8481 0.7094 -1.7054 -0.3995 1.7060 
34.3517 -2.8382 -0.6887 -2.0890 -2.5121 -1.6087 0.8182 1.2814 2.2015 0.8169 -1.5446 -0.1199 1.7822 
34.1053 -2.3535 -0.7146 -2.4367 -2.5077 -1.4870 0.5857 0.5912 1.7975 0.8482 -1.9795 -0.3109 1.6879 
33.5889 -2.9742 -1.4378 -2.6369 -2.4066 -1.5816 0.9814 1.1784 2.6121 1.3770 -1.3979 0.2029 2.3725 
34.2686 -2.7471 -0.8845 -1.8622 -2.6288 -1.6956 0.6838 0.7221 2.3836 0.4827 -1.9818 -0.3768 1.8287 
33.4274 -3.5848 -1.9737 -2.9143 -3.2752 -1.9843 0.5137 0.2157 2.3354 0.6459 -1.5510 -0.2559 1.8780 
33.5355 -2.8553 -0.7707 -2.1047 -2.7368 -1.8862 1.0053 0.8860 2.7309 0.6206 -1.9474 -0.3756 2.2723 
33.5196 -2.9346 -1.1013 -2.3132 -2.8478 -1.9039 0.9711 0.5328 2.4157 0.7166 -1.9439 -0.3648 1.9497 
33.4869 -2.7692 -1.4916 -2.1126 -2.5379 -1.1084 1.4208 0.6111 2.7758 1.0596 -1.7205 -0.4093 1.5834 
33.1071 -2.8574 -1.9122 -2.0771 -3.1996 -1.9365 0.6560 0.2533 2.1206 0.4087 -2.3137 -0.5304 1.5522 
32.1268 -3.5831 -2.3987 -1.2891 -3.1699 -0.9825 1.6267 2.2499 3.3622 1.1096 -2.5461 -0.4772 1.4342 
33.0691 -2.8420 -2.4344 -1.3307 -3.0677 -0.9815 1.1011 1.6177 2.2345 0.4884 -2.4426 -0.4591 0.5850 
33.6190 -2.4108 -2.4455 -1.9360 -2.3623 -0.7816 1.3360 1.5600 2.5227 0.4144 -1.5100 -0.1494 0.6547 
32.6618 -0.8758 -2.5824 -1.8775 -2.1746 -0.9948 0.7231 1.7379 2.7556 -1.0197 -1.4743 -0.1172 0.0816 
32.4476 -2.2335 -2.7281 -1.0844 -3.2188 -1.8970 0.7983 2.8409 2.9487 -0.4082 -2.1083 0.3780 1.4015 
32.2724 -1.4342 -3.4281 -1.2022 -2.7189 -1.0212 1.2334 2.5831 2.7031 -0.6501 -1.8985 -0.1034 0.3802 
32.2181 -1.2191 -4.0922 -2.1497 -2.6248 -1.6311 0.5187 2.1022 1.7540 -0.3759 -1.1347 1.0271 0.6950 
32.8114 -0.5215 -3.5720 -2.4516 -1.7824 -0.3242 0.3146 1.5216 1.1636 -0.5582 -0.7385 -0.0536 -0.4304 
31.1098 -0.2937 -3.1329 -1.4560 -2.4891 -0.6749 0.9891 2.9182 2.1646 -1.5218 -1.8575 -0.1596 -0.0256 
30.7098 0.2519 -3.4751 -1.6080 -2.4324 -1.5734 0.9519 2.7069 0.9985 -0.8166 -2.0333 0.8520 0.3945 
31.2495 -0.0048 -3.5421 -2.0334 -2.2666 -0.9363 1.2780 1.5738 0.6911 -1.4649 -0.7026 0.7051 -0.1425 
28.8575 -0.4150 -3.3492 -1.5459 -1.3235 0.7357 1.6444 1.4433 -0.6492 -3.6933 -1.1668 -0.0404 -0.0790 
29.5977 0.0964 -3.0145 -1.9388 -2.9340 0.1807 1.6797 1.1456 0.9298 -0.9027 0.0985 0.6913 0.3784 
29.1302 0.4544 -2.4650 -1.1955 -2.8701 0.4821 1.6645 0.4304 0.0937 -0.9521 -0.7614 0.3669 0.2640 
27.5061 0.4248 -1.4633 -2.6860 -3.2810 0.3176 1.8242 -0.0287 -0.3004 -0.6520 -1.1088 -0.1055 -0.0599 
27.8798 0.5948 -3.1074 -2.5461 -2.6138 -0.5135 0.6804 1.3268 0.2239 -1.2446 -0.6189 0.0720 0.0197 
26.8078 1.3319 -3.1106 -1.5268 -2.3418 -0.6144 0.7955 1.1145 -0.0795 -1.3730 -1.2785 0.2801 0.1681 
25.1211 1.0977 -2.6711 -1.0420 -1.6600 -0.1938 1.0924 0.8020 -0.4251 -1.6615 -1.1680 -0.0295 0.5520 
23.1293 -0.2637 -2.7832 -0.5227 -2.0613 -0.7084 0.6278 1.0335 0.4166 -1.0970 -1.3952 0.0015 0.6233 
22.8538 -0.4042 -2.1852 -0.3350 -2.2539 -0.9215 -0.0248 -0.3932 -0.1622 -0.0787 -1.0847 -0.3745 -0.6732 
22.8798 0.8750 -1.7684 -1.3403 -2.2175 -0.2337 -0.5422 -0.8429 -0.1828 -0.5403 -0.5817 -0.4196 0.2231 
23.4199 0.4647 -1.1504 -0.9263 -1.2997 -0.1199 0.5740 0.7239 -0.1951 -1.2680 -0.3791 -0.1895 -0.2265 
21.9417 0.2318 -2.6841 -1.6683 -2.1874 -0.3228 0.4451 0.7616 -0.0996 -1.2206 -1.2736 -0.1732 -0.1249 
22.7129 0.7626 -1.1896 -1.8865 -1.4226 0.1350 0.1333 0.3517 -0.0656 -1.0136 -1.1148 -0.3619 0.7734 
21.9252 1.3999 -2.2673 -2.0379 -1.9503 0.4846 -0.0372 0.9063 0.0346 -1.4890 -0.2598 -0.1396 -0.0545 
22.2300 1.0729 -1.1799 -2.3694 -1.5683 -0.4874 0.8753 0.2200 0.0449 -0.9575 -0.7987 -0.3140 0.2379 
20.4481 -1.3943 -0.5940 -2.2268 -1.7636 0.1394 1.4479 1.0495 0.9240 -0.7252 -1.6141 -0.6455 0.4924 
19.8639 -0.1126 -1.5201 -2.7748 -0.7114 0.2401 -0.1650 0.2328 -0.2043 -0.6776 -0.9028 -0.5032 0.3241 
19.3075 -0.0761 -0.3655 -1.0080 -1.7505 -0.1124 0.2586 0.8694 0.0408 -0.9889 -0.2116 -0.2296 -0.1740 
18.9226 -0.8301 0.1339 -2.2231 -2.0984 -0.0861 -0.8390 -0.8307 0.4821 -0.4916 -0.6342 -0.2495 0.3453 
19.4272 -0.7595 0.3857 -0.3277 -1.6545 -0.8106 -1.2910 -0.5679 0.2183 -0.4667 -0.5595 -0.3112 -0.0987 
19.3408 0.3730 0.1598 -1.1830 -1.2694 0.3928 0.2314 0.1559 -0.6526 -0.3065 -0.7873 -0.2630 -0.0764 
18.4020 -0.9262 -0.5703 -1.4882 -2.0825 -1.4675 -1.0314 -0.1407 -0.7272 -0.7765 -0.1201 -0.3271 0.2371 
19.2713 -0.7664 -0.4057 -2.1278 -2.5723 -0.4465 -0.6971 -0.5129 -0.1531 -0.6759 -0.6380 -0.3491 0.5161 
21.4019 -1.1643 0.0396 -1.1833 -1.1098 -1.4303 -0.5806 -0.2180 -0.3120 -0.6160 0.0722 -0.2990 0.2318 
20.7426 -1.7849 0.0521 -0.8463 0.0021 -1.1435 0.0579 -1.1390 -0.5152 -0.3829 0.1461 -0.6565 0.0041 
18.4911 -0.9291 0.7538 -0.9999 -0.2119 -0.6606 0.6441 -0.2725 -0.4478 -0.8394 -0.9083 -0.5673 0.2745 
17.8879 -0.7217 0.6649 -0.5932 -0.9366 -1.4247 0.0257 -0.5275 -0.4187 0.0908 -0.3656 -0.8113 0.1436 
20.8120 -1.1564 0.0041 -0.2305 -0.7663 -0.7885 -0.8253 -0.0776 -0.5641 -0.3115 -0.8652 -0.6899 0.0193 
20.0948 0.0294 0.5173 -1.1852 -2.6464 -0.1723 -0.3483 -0.5759 -0.4339 -0.6675 -0.9993 -0.5976 0.6498 
20.2953 0.0189 -0.6305 -1.7867 -1.8785 -0.8031 -1.6915 -0.1881 -0.8170 0.2081 -0.5135 -0.7313 0.1578 
18.8266 -0.6798 -0.4548 -1.3692 -0.1413 0.1255 -0.1821 0.1547 0.6104 -0.1910 -0.2401 -0.9058 -0.6154 
18.8087 -0.3075 1.0426 -0.9944 -0.4200 -0.7067 -0.3444 0.2786 -0.2695 -0.6104 -0.7205 0.1858 -0.0133 
18.9808 -0.4867 0.8524 -1.8999 -0.4390 -0.1469 -0.2365 -0.4750 -0.3323 0.0934 -0.0206 -0.5537 -0.2295 
19.8875 -0.2552 0.3567 -2.6632 -0.5905 -1.2768 -0.4573 -1.6378 -0.3520 0.4970 0.1304 -0.3893 -0.5276 
19.9818 0.1705 1.3454 -2.5148 0.3523 -0.9133 -0.7690 0.2882 0.4117 -0.3964 0.2045 -0.4920 -0.2053 
19.2369 -1.0938 1.2890 -0.8752 0.1686 -1.2157 -0.9910 -0.2314 -0.6951 0.3064 0.1388 -0.2847 -0.1321 
19.7331 -0.7250 1.2043 -1.0963 -0.6259 -1.0798 -1.1126 0.0416 0.0843 -0.3300 0.4543 -0.1820 -0.8328 
18.8453 -0.8758 0.5299 -1.6895 -3.1706 -0.0023 -0.1399 0.6693 -1.4389 -0.7907 -0.3341 0.1814 -0.7717 
17.3753 -1.2517 0.1712 -1.6678 -2.2287 -1.7288 0.2043 0.6220 0.4956 0.0155 0.2418 0.0305 0.7751 
17.5644 -1.3269 0.1293 -0.8879 -1.1893 -0.3711 0.6301 0.2651 -0.7586 -0.3651 -0.6421 -0.1647 0.4646 
17.8181 -2.5761 -0.3641 -1.2842 -1.8486 -0.4000 1.2084 1.0105 0.6160 0.7305 0.3812 -0.2833 -0.2676 
18.7969 0.0918 1.1204 -1.8582 -0.8605 -0.5831 -0.8281 0.4079 0.4543 -0.2043 -0.1937 -0.1846 -0.0778 
17.9172 -0.0727 -0.2348 -1.9999 -1.7900 0.6118 -1.2564 -0.0207 -0.1165 -0.3376 -0.2345 -0.9338 -0.1052 
19.0701 -0.2890 -0.1801 -1.2189 -0.9739 -0.1734 0.3368 0.0360 -1.0959 -0.6332 -0.9565 -0.2712 0.1727 
18.2765 -0.5021 0.6054 -0.4597 -2.0620 -1.1429 -1.4141 -0.6429 -0.2813 -0.2714 -0.4854 0.1643 -0.0189 
18.3901 -0.7432 -0.5461 -0.7418 -0.8984 -0.6180 -0.4648 -0.0916 0.4433 -0.6910 -0.9387 -0.6810 0.5788 
18.2149 -0.7141 0.7730 -1.6561 -0.9181 -0.3271 -0.7362 -0.0573 0.2243 -0.2329 0.2261 -0.2153 0.0485 
17.3694 -1.3414 1.6922 -0.3873 -0.4287 -0.9281 -0.3338 0.4909 0.3462 -0.8184 -0.6327 0.0696 -0.3917 
18.4021 -1.3065 -0.8627 -1.4162 -1.7823 -0.2971 -1.1178 -0.5157 -0.4175 -0.5246 -0.4598 -0.7483 -0.1665 
18.1415 -0.8286 0.6654 -0.2436 -1.2859 -0.8984 -0.4273 -0.1602 -0.0397 -1.0028 -0.4905 -0.1601 -0.2833 
17.5247 -0.8036 0.5894 -0.4099 -0.4181 -0.2853 -1.1205 -0.7014 -0.1671 -0.0282 -1.2266 -0.7163 0.1297 
17.6002 -0.7554 -0.0153 -0.2014 -0.7591 -0.1832 -0.7202 0.2410 -0.0183 0.2053 -0.8251 -0.0381 0.2883 
17.6786 -0.4566 0.3872 -0.7296 -0.7907 -0.0918 -1.0823 0.3311 -0.3435 -0.3488 0.3923 -0.6007 -0.3752 
17.9263 -0.2729 1.5370 -0.4692 -1.7267 -0.8615 -0.5170 -0.5048 -0.2625 -0.6601 -0.1186 -0.5831 0.2575 
17.5687 -0.2998 1.2935 0.2029 -0.9395 -0.9966 -0.4415 -1.2589 -1.0245 0.5789 -0.4370 0.1413 -0.1009 
18.2800 -1.4476 -0.4320 -1.5158 -1.4909 0.2182 -1.3481 -1.1050 -0.3585 -0.3435 -0.7342 -0.4884 -0.3521 
18.0550 -0.1717 0.5435 -1.1677 -1.2625 0.0500 -0.5836 -1.2266 0.4177 0.2745 -0.4368 -0.5716 -0.1233 
17.1498 -0.4474 -0.2924 -1.0013 -0.1108 0.7213 -0.7915 -0.8671 -0.5701 -0.8708 -0.3198 -0.2245 0.1335 
16.0299 -0.5733 1.3042 -0.7574 0.2582 -0.9446 -0.5567 -0.9669 -0.0573 -0.3536 -0.8944 -0.0344 -0.1431 
16.8121 0.0476 1.1187 -0.6024 -0.8752 -0.9067 -0.7878 -0.5042 -0.0218 0.1332 -0.5206 -0.5155 -0.2921 
14.8645 -1.2427 1.7419 0.0096 -1.3682 -0.9874 -1.1241 0.3951 -0.1649 -1.1663 -0.9436 -0.7887 0.7072 
17.1588 -0.5750 -0.5157 -1.1256 -1.4918 -1.0535 0.2159 -1.4059 -0.6294 -1.1379 -0.0374 0.3466 -0.6669 
17.5428 -1.2102 -0.3527 -1.5740 -0.8455 -1.3201 -0.8248 -0.7069 -0.0647 0.7824 -0.3543 -0.4034 0.2628 
15.7713 -2.8791 -0.1979 -1.4047 -1.7323 -1.6595 -0.7693 -0.3829 -0.4044 -0.5371 -0.6237 -0.3200 -0.7261 
16.3991 -0.7037 1.3189 -0.1473 -1.5494 -0.9638 -0.8816 0.1954 0.0781 -0.5612 -0.4289 0.4021 -0.2170 
16.8668 -2.0211 0.5097 -0.5880 -1.5141 -0.6448 -0.2366 -1.0379 0.7704 0.3853 -0.1214 0.4018 0.1653 
17.1894 -0.0894 0.5227 -2.6478 -0.1041 -0.4714 0.2802 -0.2206 0.0047 -0.0232 0.0875 -0.0539 -0.3079 
