-inf -inf -inf -inf -inf -inf -inf -inf -inf -inf -inf -inf -inf -inf -inf -inf -inf -inf -inf -inf -inf -inf -inf -inf -inf 
-inf -inf -inf -inf -inf -inf -inf -inf -inf -inf -inf -inf -inf -inf -inf -inf -inf -inf -inf -inf -inf -inf -inf -inf -inf 
-inf -inf -inf -inf -inf -inf -inf -inf -inf -inf -inf -inf -inf -inf -inf -inf -inf -inf -inf -inf -inf -inf -inf -inf -inf 
-inf -inf -inf -inf -inf -inf -inf -inf -inf -inf -inf -inf -inf -inf -inf -inf -inf -inf -inf -inf -inf -inf -inf -inf -inf 
1.3982 1.4515 1.6437 1.7888 1.6111 2.4118 3.0716 3.2110 3.0709 2.7349 3.3610 3.6401 3.0549 3.1246 3.7217 3.0611 3.5474 3.1265 4.1314 4.4787 4.1964 3.2827 3.1495 3.2586 2.9186 
2.4933 4.3960 4.4261 5.0896 4.4577 4.0660 4.7812 4.6999 4.6110 3.5691 5.5465 7.1881 7.5542 7.4807 7.9798 7.1752 7.1474 6.4011 6.9804 7.1929 6.8313 7.2954 8.1970 7.9012 6.0696 
4.3232 4.6374 4.8420 4.6196 3.8632 4.3012 4.7545 4.5861 4.5843 3.8300 4.0883 6.1899 7.5613 7.9991 7.4044 6.8358 6.6349 6.4389 7.1343 7.0242 6.4359 7.1590 8.2529 7.7744 7.2959 
-inf -inf -inf -inf -inf -inf -inf -inf -inf -inf -inf -inf -inf -inf -inf -inf -inf -inf -inf -inf -inf -inf -inf -inf -inf 
-inf -inf -inf -inf -inf -inf -inf -inf -inf -inf -inf -inf -inf -inf -inf -inf -inf -inf -inf -inf -inf -inf -inf -inf -inf 
-inf -inf -inf -inf -inf -inf -inf -inf -inf -inf -inf -inf -inf -inf -inf -inf -inf -inf -inf -inf -inf -inf -inf -inf -inf 
4.7038 4.7492 4.1613 5.3734 5.4703 4.8948 5.0450 4.7190 4.8887 5.0488 4.7459 4.2549 4.9827 5.4477 4.8162 4.9900 5.3293 5.3901 5.5528 6.1439 6.1292 5.3019 6.0502 5.6926 4.8555 
3.0489 5.5880 5.6295 4.9452 4.6833 4.5483 4.9556 4.5762 5.2313 4.8535 5.3159 4.6742 4.8200 4.9932 5.6771 5.0480 4.7855 4.5215 4.8953 5.5458 5.1715 5.0866 5.9052 5.1904 4.7462 
4.8666 5.7059 5.3368 5.6606 4.5404 4.9761 5.1955 4.4186 5.3627 5.1502 4.7619 5.4851 5.3578 4.9539 5.0592 5.2089 5.1988 4.4260 5.1045 5.2475 5.0582 5.0592 6.3734 5.2543 4.6881 
4.2961 5.8901 6.7899 6.5908 5.5722 4.8680 4.9372 5.2043 5.0486 4.9120 5.4187 5.3791 5.1405 5.4676 5.4631 5.2283 5.0002 4.5541 4.8616 5.1692 4.4623 4.4785 4.7643 4.8566 4.3137 
4.4104 5.9249 6.0052 6.6428 5.4649 4.7477 5.1388 5.0463 5.1657 4.3642 5.4526 5.5164 5.0293 4.8545 4.8469 5.0693 4.8898 4.9324 5.1176 4.8799 5.0289 4.7873 4.5698 4.4742 4.4185 
4.3995 6.0713 5.7870 5.5736 5.3931 5.1078 4.5555 4.6108 4.8305 4.9464 5.4044 4.9952 5.4413 5.5889 5.1330 5.0573 5.1744 4.6372 5.1408 4.8394 4.7625 4.9089 4.4998 4.2296 4.0261 
5.0899 6.3839 6.3136 7.0520 5.4030 5.0661 5.0487 5.2706 5.4150 5.4830 5.2761 5.1287 5.0862 4.9530 5.0465 4.9346 4.7743 4.7326 4.8944 4.7249 4.4805 4.7852 4.6122 4.0663 4.1665 
4.1684 6.3357 6.0806 6.2448 5.9174 4.8990 5.6402 5.2970 5.1411 5.0478 5.4765 5.1248 5.0336 5.3578 5.5319 5.4248 5.2810 5.2421 4.8553 5.3433 5.1794 5.0500 4.5417 4.5791 4.6441 
4.2631 5.3465 6.5507 6.3566 6.2281 5.0953 4.6187 4.7365 5.1336 6.0187 6.5414 7.2766 7.0451 7.3239 7.7297 9.0102 8.6606 7.2620 7.5978 7.2375 7.3381 7.4473 8.8710 8.8499 8.3616 
4.8127 6.3098 6.1182 6.3951 5.5167 5.2935 5.2853 4.8902 5.1768 5.6522 6.3633 6.2745 6.2781 6.5934 8.1463 8.6417 7.8501 6.1976 6.8397 7.0141 7.1655 7.7893 8.9234 8.9895 8.7414 
3.8537 5.6600 6.3760 6.6851 5.9729 5.5323 5.1551 4.9794 5.4461 5.0601 5.4389 5.8341 5.6283 6.3336 6.4873 7.0673 6.4520 5.9080 6.8687 6.7477 7.0910 7.6809 9.4011 9.2702 8.8078 
4.6812 5.4516 7.8605 8.7219 7.3089 6.8846 6.0756 5.3543 5.5722 5.5910 6.0209 5.9291 6.2935 6.0339 6.7598 6.8142 6.7744 6.1531 6.7724 6.7776 6.8112 7.4023 8.7499 8.9845 8.2104 
4.6834 6.6727 9.4110 9.3676 7.9275 7.9859 7.2092 6.7000 6.1704 5.6729 5.8826 6.2157 7.3529 7.9563 7.6637 7.6291 7.5587 7.2504 7.3787 7.3151 6.9390 7.4696 8.8273 8.5780 8.0869 
4.9628 5.8171 9.2546 9.3137 8.0683 8.8461 8.3221 8.1846 7.2674 7.0125 6.4401 7.3885 8.9585 9.0005 8.6524 8.7879 8.6010 8.3626 8.5377 7.6645 7.0898 7.2791 8.6334 8.5555 7.8006 
4.8223 7.0867 8.7853 7.9366 8.8426 8.3533 9.1436 9.4327 9.6528 8.9534 8.7198 9.2113 10.0189 9.7190 9.3169 8.8569 8.6052 8.8489 8.3126 8.2909 8.7802 8.1038 7.7330 7.9212 7.7775 
5.2507 6.9252 9.0098 8.4896 8.8012 8.2299 8.9779 9.4818 9.7104 9.8625 9.5250 10.4014 10.3655 9.5201 9.3405 8.8592 8.6500 8.7416 8.1633 9.2082 9.0775 8.1851 7.7628 7.6920 7.7528 
5.4904 7.0216 8.9200 8.1388 8.7899 7.9698 8.6982 9.3530 9.6741 10.0647 10.0460 10.9977 9.9862 9.4445 9.3055 8.7665 8.2442 8.4571 8.3564 9.4093 9.2732 8.2331 7.9583 7.9800 7.4785 
5.5020 7.0003 9.0084 8.5470 8.7916 7.9731 8.7578 9.2994 9.6340 10.0390 10.1492 11.1099 9.7592 9.2481 9.0547 8.6511 8.2535 8.1841 8.5708 9.3842 9.1575 8.4010 8.4493 8.0975 8.2056 
5.0561 7.3964 9.0523 8.3721 8.7411 8.0839 8.8240 9.2484 9.6371 9.9322 10.0930 10.9514 9.9635 9.3147 9.1327 8.8093 7.8979 7.9147 8.4404 9.2609 8.6486 7.9954 6.8829 6.6966 6.2078 
5.7355 6.7045 8.9963 8.5146 8.6732 8.1054 8.8295 9.2838 9.7103 9.7807 9.9212 10.8501 10.1846 9.2815 9.0610 8.7962 8.1558 7.7808 8.2604 9.1813 8.9175 7.8332 6.5004 6.4622 6.2137 
5.2498 6.8995 8.9808 8.4409 8.5765 8.1232 8.9696 9.2490 9.6695 9.5676 9.4048 10.6333 10.5605 9.7381 9.3251 8.8508 8.5175 7.9372 8.1873 8.9093 8.7979 8.1318 6.9434 6.5802 6.4831 
5.0751 7.0400 9.1093 8.5080 8.4725 7.9487 9.0196 9.1310 9.4858 9.1549 8.6972 9.6110 9.9280 9.9976 9.6516 9.0668 9.1131 8.7753 7.6433 8.6613 9.1309 8.4830 7.0209 6.4883 5.5105 
5.3088 5.8472 8.9459 8.7566 8.2578 8.0675 9.1199 8.5329 8.9234 8.2498 7.9013 8.6012 9.1413 9.6499 9.8356 9.2170 9.2496 9.1956 7.7021 7.6088 8.6799 8.3835 7.2015 6.1539 6.0988 
5.5720 6.5718 8.9523 8.8950 8.2323 8.2861 9.1941 8.7851 8.3274 7.4206 6.9548 7.9075 7.8579 8.3527 8.7363 8.7250 8.8118 8.5112 7.8859 7.7210 8.2790 8.3868 7.6150 6.5487 6.0179 
3.4567 5.5595 9.0184 9.0712 7.8980 8.4622 8.4719 8.3955 7.7543 7.3493 7.1152 7.1674 7.7261 7.4920 7.7198 8.2752 8.9253 8.9529 8.1838 7.2073 7.7673 7.8219 6.9632 6.1434 5.7724 
4.4396 5.9203 9.1756 9.1846 8.0798 7.3411 6.8576 7.3216 7.5305 6.7556 6.4763 7.0388 6.7439 7.2813 7.7205 7.4874 7.4196 7.3267 7.3372 7.0893 6.9115 6.7211 7.5285 7.0538 6.3798 
5.2226 5.8677 9.2083 9.5662 7.0790 7.5214 6.0496 6.6544 6.8171 6.1933 6.3539 6.8567 6.0310 6.0401 6.5301 6.5487 6.6565 6.4352 6.9010 6.3455 6.5157 6.5328 7.4320 6.5263 5.7404 
5.0602 6.6810 8.7342 9.1860 6.8931 6.8660 6.0171 6.1963 5.8197 5.4004 5.7130 6.1052 6.3284 6.7426 6.4829 6.2089 5.9225 6.1923 6.2819 6.0182 5.6437 5.7405 5.7429 5.4271 5.2856 
4.8942 6.3099 7.9069 8.5529 8.0154 7.4879 7.0753 7.7747 8.2387 8.8737 9.2439 8.5254 8.7606 9.3127 9.8071 9.7610 9.9024 9.2396 9.9112 9.0448 9.6781 9.9738 9.2260 9.5080 9.4243 
5.7770 6.6384 7.8502 8.0255 7.9976 7.2223 8.0726 7.9780 8.2183 8.1642 8.5799 8.7275 8.5836 8.8021 9.2208 9.3624 9.4233 8.7390 9.4311 9.1649 9.0980 8.5028 8.8304 8.8222 8.9430 
5.6609 7.6597 8.2702 7.6934 7.5513 6.3384 7.2614 7.3784 7.6397 7.9722 8.8571 8.4191 7.9230 8.4129 8.7204 9.0411 9.0877 8.6396 9.0503 8.8645 8.6255 8.9960 9.1858 8.7172 8.3955 
4.8820 6.7681 7.7894 7.8350 7.4565 6.3613 7.5503 7.4680 7.2126 7.0656 7.5133 7.4536 7.9643 8.2182 8.2572 8.2553 8.7211 8.1625 8.1856 8.4698 8.7420 8.6600 8.2885 8.1371 8.2205 
4.8758 6.1046 7.0241 6.7678 7.0273 6.9208 6.7457 6.3729 7.0932 7.2915 7.3663 8.0120 8.2171 8.2065 7.8880 8.3223 8.1930 8.0943 7.7890 8.2974 8.1112 8.3909 9.2232 9.6562 9.3651 
4.8488 6.0494 5.6368 6.0792 6.4497 6.3382 6.0434 5.9943 6.3542 6.2112 7.0111 7.5336 7.0961 7.7027 7.6680 7.5665 7.4320 7.4955 7.5803 7.3080 7.4390 7.8945 8.7454 9.1025 9.0146 
4.6233 5.9389 6.7478 6.4351 6.1557 5.8239 6.6781 6.7960 6.7514 6.3744 6.8330 6.9051 6.7392 7.0613 7.3167 7.6165 6.9443 6.4950 6.8505 7.3941 7.4805 7.7715 8.6421 8.7342 8.2440 
4.3950 5.8666 6.3801 6.7029 6.2983 5.3228 5.9057 5.7471 5.6909 5.7767 5.7979 5.8549 6.4954 6.9391 6.9254 6.7739 6.1685 6.4415 7.2797 7.3027 7.0069 6.9182 8.1430 8.0632 7.7249 
4.3629 5.5069 5.9037 6.2692 4.9980 4.6425 5.7670 6.4898 5.8357 5.5657 6.4314 6.0672 7.2373 7.8395 6.8058 6.5782 6.0915 5.7479 6.3210 6.8729 6.6628 6.4669 7.8227 7.6946 7.4406 
3.8901 5.4177 6.1248 5.6265 5.9022 5.5462 5.7171 5.8758 5.9140 5.8068 6.0969 6.0540 7.6127 7.0685 6.3444 6.2434 6.3717 6.0281 6.5508 6.1367 6.3369 6.5922 7.9002 8.2111 7.7055 
3.7417 4.5443 5.8445 6.0600 5.9484 5.1026 5.0705 6.1507 5.6558 5.2776 5.4713 6.0753 6.9004 5.9657 5.7613 5.8181 6.1350 5.9768 6.6990 6.3558 5.5346 6.2600 7.7644 7.7389 7.3954 
3.5979 5.6398 6.0827 5.7239 5.7642 4.9263 5.1003 5.3486 5.5490 5.6907 4.9543 5.4570 6.0376 5.8229 5.9525 6.1072 6.0427 5.7978 6.2555 5.7223 5.6743 6.2995 7.3945 7.4987 7.6641 
3.8758 5.8397 5.9500 6.1044 4.7287 4.1008 5.0289 4.6956 5.0226 5.6256 6.0509 5.6112 5.0988 5.6944 5.7042 5.9239 5.9630 5.6858 5.9357 5.9826 5.7620 5.9490 6.9367 7.0739 6.9572 
3.7336 4.3154 6.1769 6.2690 5.5963 5.1996 5.2898 5.0407 5.1515 5.5125 5.9174 5.5274 4.9573 5.7984 6.3527 5.7882 6.1819 5.7638 6.1535 6.2204 5.9697 7.6292 8.4863 7.9231 8.2725 
3.8713 5.2704 5.3034 5.8361 5.8790 5.1889 5.2220 5.4296 5.9919 5.2569 5.0008 5.7898 5.7109 5.7829 5.8555 5.7150 5.6476 5.5457 5.7981 5.4019 4.9603 5.5782 6.1553 6.1669 6.3969 
4.1549 5.2273 5.9869 6.2315 6.0230 5.6094 5.6952 5.9008 5.7514 5.2967 5.8569 7.2784 8.1481 8.2528 8.6626 8.1253 7.3909 6.6659 7.2962 7.3730 7.4842 7.2901 8.7681 8.5855 7.9606 
4.2218 4.8291 5.5647 6.1173 5.2334 5.4987 5.5702 5.0552 5.3208 5.4704 6.1077 7.9526 8.2732 8.0523 7.8306 7.6019 7.5621 6.7679 7.5909 7.7868 7.8744 7.9446 8.9494 8.6232 7.9903 
3.9508 5.7120 6.3688 6.2882 5.7786 5.2486 5.5645 5.5369 5.4431 5.0442 5.6397 5.5659 6.3854 6.1836 6.5746 6.4869 5.7752 5.7569 6.8408 6.8544 6.4999 6.2684 7.5215 7.5188 6.3768 
3.6007 5.5708 5.3738 5.9962 5.1233 4.7240 5.1839 5.7524 5.6961 5.8056 5.6688 5.7593 4.9985 5.4344 5.9445 5.7488 5.7768 5.3527 5.4614 5.8162 5.3855 5.5406 6.5953 6.5411 5.4857 
4.4240 4.8504 5.8570 6.3800 5.7183 5.1043 5.5641 4.8717 5.3525 5.3417 5.5370 5.3780 5.3594 5.7701 5.5060 5.9241 5.1838 5.3128 5.2491 5.4470 5.3318 5.0616 5.6801 5.4020 4.9185 
4.2887 5.5091 5.7366 5.2922 4.6478 4.7093 5.1382 5.3619 5.6696 5.4094 5.7605 5.7104 5.9970 5.5242 5.7222 5.8198 5.7815 5.2844 5.2225 5.2864 5.2655 5.0184 4.8473 4.8169 4.8103 
3.2541 5.7590 5.5506 5.8988 5.3213 4.7674 4.8574 5.6951 5.8633 5.3223 5.7093 5.7796 5.3939 5.5888 5.2901 5.8754 5.3813 5.1414 5.1144 5.3388 5.1030 5.1286 4.8174 4.9437 4.8285 
3.9016 6.2191 6.2873 5.4136 5.7859 5.4421 5.2900 5.3788 5.5402 5.5043 5.5191 5.3072 5.4437 5.2358 5.3899 5.6549 5.2562 4.9156 5.0702 5.4971 5.3747 5.9765 6.5722 6.6446 6.2974 
4.2237 5.7271 6.0400 6.5860 4.8586 5.2815 5.7048 5.4513 5.5585 5.7998 6.2821 5.7916 5.4160 5.6938 5.4404 5.5073 5.0888 4.8239 5.1930 5.2932 5.2898 5.0995 5.1038 4.8680 5.0958 
4.7362 5.8070 5.8007 6.9665 6.3656 5.3508 5.3569 5.1116 5.0471 4.6026 5.5890 5.9072 5.5503 5.3482 5.8221 5.8964 5.3990 5.4677 5.0532 4.9817 5.2332 5.2591 4.9089 4.6232 4.8870 
4.7177 6.3232 6.8120 7.1891 6.3207 5.7722 5.8359 6.2236 6.4391 5.7228 5.5015 5.4842 6.1087 5.9650 5.8253 5.5901 5.6016 4.9634 4.9974 5.4014 5.1444 4.8368 4.9744 5.0360 4.8202 
4.9747 6.2588 6.4195 6.2863 6.1754 6.3139 5.9395 5.7788 5.4825 5.2446 5.1067 5.0772 5.2809 5.6468 5.6368 5.2481 5.5536 5.2483 5.4478 5.3179 5.0584 4.9771 4.8227 4.9048 4.7843 
5.5846 6.5388 6.7727 6.8680 6.1293 5.6259 6.8629 6.1464 5.3020 5.8820 6.5389 7.2749 6.6735 6.3196 5.1055 6.2161 6.2386 5.7316 6.0261 6.2995 6.6206 6.6960 8.3831 8.2424 8.0061 
2.8162 4.9168 6.1712 6.6045 6.5595 6.5410 7.0680 6.0350 5.8366 6.1828 6.5089 6.7776 6.4538 6.0967 7.2163 7.0106 6.2664 5.8801 6.4332 7.2141 7.4821 7.9484 9.2422 9.4287 9.2881 
3.0209 4.9196 6.3734 6.3888 6.2103 6.6523 6.8158 5.5496 5.1447 5.2742 5.5909 6.0320 5.9698 5.9687 7.3730 6.9485 6.1049 5.4007 6.0257 6.6585 7.0143 7.6314 8.9193 9.2503 8.8249 
4.4356 6.4405 6.5826 6.4962 5.7714 6.1472 7.5506 6.6751 5.7710 5.6040 6.0544 5.8175 5.9011 6.2752 6.4858 6.0716 6.2237 5.4792 6.0905 6.9744 6.7906 7.1371 8.5567 8.9675 8.3749 
4.1755 4.5731 4.7934 6.1499 5.3989 6.1551 6.8055 5.7376 5.4917 5.7032 5.9284 5.9512 6.4141 6.6769 5.5771 5.6424 6.4870 5.7121 6.3421 5.9847 6.0366 6.7829 7.8109 7.8310 7.5452 
3.9763 5.6514 6.3230 5.6572 5.6746 5.5509 5.5327 5.3690 6.1336 5.2857 5.5731 6.3382 7.7861 7.9457 5.8578 5.7744 5.6585 5.6706 6.3146 6.3496 5.9225 6.2151 7.7416 7.8400 7.3337 
4.4116 5.7618 6.5632 6.6403 5.7924 5.9592 6.1931 6.3815 6.0502 4.8229 5.6379 6.3266 7.3430 6.3086 5.8740 6.1795 5.9312 5.6914 6.0444 5.6625 5.7835 6.2940 7.4883 7.6501 6.8691 
3.9276 6.0113 6.6852 6.7459 5.2837 4.6977 5.4573 5.5704 5.9839 5.7981 5.3619 5.6884 5.6344 6.0223 6.0633 5.8076 5.8270 5.2846 5.8728 5.5452 5.7416 6.0913 7.1426 7.4398 6.7626 
4.4539 5.7143 6.2052 5.7200 4.8802 5.4401 5.9451 4.9510 5.3961 5.6351 5.7807 6.0655 6.8142 7.4709 7.7545 6.7972 6.5798 5.8205 6.0850 6.0249 6.1967 6.1443 6.8594 7.4094 7.3964 
3.5135 6.0882 6.5936 6.1767 6.0345 5.3602 4.7535 5.1420 5.5326 5.5137 6.0346 6.3349 6.7898 7.7262 6.9308 6.9762 6.9439 6.4522 7.1336 7.7355 7.8966 8.0891 7.7659 8.2478 8.5905 
3.9543 4.7367 4.7711 6.2674 5.7290 5.4393 5.6394 5.0986 6.0636 5.9466 6.3830 6.4962 6.7380 7.8982 8.0515 7.7881 7.7643 7.5614 7.5924 7.7230 7.6012 7.8889 7.9196 8.2760 8.6582 
4.2621 6.0817 6.5597 6.2491 5.5034 5.0126 4.9965 5.3172 5.9158 5.7247 5.9959 6.0014 6.3740 7.5747 7.1559 7.0078 7.1339 6.9434 7.8039 7.5524 7.6549 7.4558 7.4957 7.3682 8.1436 
3.6252 5.4238 6.0283 5.6375 4.8941 4.3692 4.7708 4.9285 5.7076 5.9002 5.8187 7.2891 7.9447 7.1262 7.2494 7.6924 7.5043 7.4572 8.0178 7.9762 7.8334 7.9123 8.7114 8.3972 8.2681 
3.1883 5.7239 6.3900 5.4913 5.6082 5.2790 5.4966 5.4240 5.4747 5.7228 6.1686 6.6693 6.8192 6.9938 7.5899 8.1010 7.5374 7.1066 7.7356 7.3174 7.5409 7.6368 7.8876 8.1759 8.2049 
3.9491 5.8904 6.2304 6.4017 5.5507 6.1247 5.3642 4.9016 5.1281 5.6490 5.6865 5.7516 6.9425 7.0776 7.3696 7.3237 6.1410 6.6836 7.7553 7.7272 7.5923 7.3864 7.5314 7.6566 7.7667 
3.6040 5.1467 6.4610 6.4801 6.5767 6.5490 5.6527 4.8137 5.7129 5.3275 5.4198 5.8384 5.9269 7.0727 7.5762 7.2634 6.6803 6.6817 7.7628 7.5722 7.5375 7.3396 7.2282 7.0858 7.4397 
4.2239 4.5687 5.1973 5.9244 5.7546 6.0692 5.9728 5.2021 5.0985 5.2526 5.9125 6.0032 6.1060 7.1574 7.2959 7.5365 6.6309 6.3517 6.9128 6.7392 7.1676 6.7062 6.9893 6.5724 6.8944 
3.8626 5.4750 5.9026 6.4725 6.6357 4.5578 4.9855 4.7293 5.0352 5.3388 5.6903 5.0417 5.4003 6.7576 7.1864 7.2504 6.3450 6.1651 6.7280 6.7877 6.8583 6.2552 6.2508 6.3231 6.1136 
3.4707 4.4164 5.5414 4.9692 6.0209 6.2468 6.1173 5.1143 5.7395 5.3440 5.5957 5.9179 5.6905 5.9975 6.2731 6.8595 6.2023 6.3698 6.4853 6.1257 6.1041 6.4544 6.1867 5.8566 6.3299 
-0.3628 1.0171 2.1084 1.9042 3.1769 3.4721 3.6151 2.8870 3.6475 3.3366 3.6948 4.2604 4.1222 4.4790 4.9808 5.6240 5.0437 5.2552 5.4980 5.2388 5.3609 5.8927 5.7292 5.4033 6.0029 
-5.9635 -1.9162 -1.0429 -0.7423 0.4068 0.7139 1.1221 0.6348 1.5683 1.3720 1.8547 2.6075 2.5953 3.0208 3.7146 4.4742 3.9356 4.1953 4.5850 4.4321 4.6686 5.3709 5.3114 5.0282 5.7221 
-6.6724 -4.8532 -4.0784 -3.3834 -2.3544 -2.0252 -1.3543 -1.6044 -0.5001 -0.5725 0.0449 0.9597 1.0794 1.5829 2.4594 3.3386 2.8430 3.1649 3.7058 3.6689 4.0049 4.8667 4.9123 4.6881 5.4673 
-9.1206 -7.7961 -7.0240 -6.0415 -5.1197 -4.7397 -3.8109 -3.7921 -2.5589 -2.5045 -1.7446 -0.6824 -0.4283 0.1541 1.2134 2.2090 1.7598 2.1592 2.8489 2.9331 3.3587 4.3731 4.5262 4.3661 5.2317 
-11.9655 -10.7279 -9.8953 -8.7301 -7.9011 -7.4123 -6.2463 -5.9314 -4.6092 -4.4242 -3.5170 -2.3186 -1.9276 -1.2694 -0.0231 1.0829 0.6839 1.1764 2.0081 2.2148 2.7244 3.8864 4.1485 4.0562 5.0164 
-14.5452 -13.6395 -12.7175 -11.4505 -10.7119 -10.0072 -8.6595 -8.0360 -6.6520 -6.3300 -5.2726 -3.9491 -3.4184 -2.6887 -1.2499 -0.0404 -0.3867 0.2138 1.1791 1.5079 2.1005 3.4047 3.7762 3.7554 4.8188 
-16.9211 -16.5311 -15.5180 -14.2019 -13.5686 -12.4766 -11.0469 -10.1152 -8.6875 -8.2205 -7.0114 -5.5741 -4.9009 -4.1045 -2.4670 -1.1612 -1.4541 -0.7318 0.3590 0.8085 1.4873 2.9270 3.4080 3.4627 4.6350 
-20.0167 -19.5324 -18.3457 -16.9789 -16.4925 -14.8446 -13.4020 -12.1765 -10.7155 -10.0957 -8.7332 -7.1935 -6.3758 -5.5163 -3.6747 -2.2799 -2.5195 -1.6626 -0.4538 0.1142 0.8854 2.4528 3.0431 3.1750 4.4608 
-22.0938 -21.8572 -21.1500 -19.7638 -19.3032 -17.1541 -15.7170 -14.2264 -12.7347 -11.9564 -10.4382 -8.8073 -7.8439 -6.9235 -4.8733 -3.3964 -3.5803 -2.5779 -1.2605 -0.5767 0.2955 1.9815 2.6810 2.8905 4.2950 
-23.5704 -23.3393 -23.2944 -22.4641 -21.8398 -19.4589 -17.9852 -16.2698 -14.7435 -13.8041 -12.1271 -10.4149 -9.3062 -8.3246 -6.0634 -4.5109 -4.6336 -3.4779 -2.0617 -1.2650 -0.2823 1.5128 2.3214 2.6087 4.1357 
-24.1944 -24.9920 -24.5966 -24.3773 -23.9523 -21.7725 -20.1974 -18.3098 -16.7397 -15.6408 -13.8008 -12.0157 -10.7638 -9.7173 -7.2459 -5.6233 -5.6839 -4.3687 -2.8576 -1.9514 -0.8483 1.0462 1.9642 2.3295 3.9814 
-23.1589 -25.6464 -24.3496 -24.1222 -24.5946 -23.7017 -22.3305 -20.3469 -18.7225 -17.4684 -15.4608 -13.6088 -12.2177 -11.0985 -8.4214 -6.7337 -6.7320 -5.2521 -3.6486 -2.6365 -1.4030 0.5814 1.6091 2.0537 3.8318 
-22.8435 -23.5089 -23.6827 -23.4521 -23.4923 -23.3355 -23.2746 -22.3829 -20.7063 -19.2859 -17.1092 -15.1933 -13.6692 -12.4643 -9.5908 -7.8421 -7.7638 -6.1253 -4.4345 -3.3205 -1.9473 0.1182 1.2560 1.7830 3.6864 
-22.5039 -22.5627 -22.8910 -23.2729 -23.5134 -24.0942 -23.3069 -23.4950 -22.3880 -21.0587 -18.7517 -16.7681 -15.1195 -13.8104 -10.7547 -8.9485 -8.7799 -6.9904 -5.2154 -4.0038 -2.4824 -0.3437 0.9048 1.5159 3.5445 
-inf -22.1907 -22.6619 -22.4054 -22.5540 -22.8053 -22.6681 -23.1557 -22.5128 -22.4338 -20.3490 -18.3274 -16.5698 -15.1325 -11.9137 -10.0529 -9.7864 -7.8499 -5.9914 -4.6867 -3.0092 -0.8044 0.5554 1.2514 3.4059 
-22.5554 -22.0335 -22.0822 -22.4183 -22.4760 -22.0500 -21.8495 -21.9556 -21.6206 -21.5793 -21.6888 -19.9083 -18.0195 -16.4262 -13.0686 -11.1553 -10.7816 -8.7039 -6.7624 -5.3691 -3.5289 -1.2640 0.2078 0.9893 3.2701 
-22.1807 -20.7390 -21.2397 -21.1855 -21.2326 -21.4922 -21.2608 -21.5904 -21.3969 -21.6903 -21.3492 -20.8648 -19.3998 -17.6926 -14.2196 -12.2558 -11.7667 -9.5529 -7.5284 -6.0513 -4.0425 -1.7225 -0.1381 0.7297 3.1371 
-20.7125 -20.2495 -20.5526 -20.7412 -20.4228 -20.1788 -20.8158 -21.2823 -20.5703 -20.5479 -20.5293 -20.5111 -20.4227 -18.9373 -15.3665 -13.3540 -12.7432 -10.3970 -8.2895 -6.7334 -4.5507 -2.1802 -0.4823 0.4727 3.0068 
-19.4004 -19.8980 -20.2692 -19.7486 -20.4356 -20.8142 -20.5933 -20.1232 -20.2345 -20.4162 -20.0207 -20.2789 -20.3340 -19.7335 -16.5054 -14.4498 -13.7132 -11.2364 -9.0456 -7.4152 -5.0545 -2.6370 -0.8250 0.2183 2.8789 
-19.3474 -19.4564 -19.8659 -19.4285 -20.0238 -19.0884 -19.3609 -19.4131 -19.5131 -19.8288 -19.4534 -19.6094 -19.8680 -19.6541 -17.6358 -15.5426 -14.6801 -12.0715 -9.7969 -8.0969 -5.5544 -3.0928 -1.1661 -0.0308 2.7535 
-19.2965 -19.7983 -19.2835 -19.5597 -18.8384 -19.0793 -19.4216 -19.4866 -19.0493 -19.7281 -19.3057 -19.3502 -19.1082 -19.4328 -18.6076 -16.6415 -15.6477 -12.9020 -10.5433 -8.7782 -6.0512 -3.5478 -1.5056 -0.2731 2.6305 
-18.0016 -18.2680 -18.7985 -18.5496 -18.5331 -18.6817 -18.9704 -18.9331 -18.6865 -18.6945 -18.6504 -18.8371 -18.6109 -18.4658 -18.4778 -17.7736 -16.5717 -13.7267 -11.2856 -9.4590 -6.5452 -4.0019 -1.8437 -0.5122 2.5096 
-18.7150 -17.6164 -17.9338 -18.0824 -18.5227 -18.2730 -17.7830 -17.9872 -17.7500 -18.1277 -18.2357 -18.1687 -18.3052 -18.2500 -18.3473 -17.8343 -17.3541 -14.5362 -12.0220 -10.1389 -7.0368 -4.4549 -2.1804 -0.7482 2.3909 
-20.1013 -17.1252 -17.2267 -17.4140 -17.6118 -17.5063 -17.4315 -17.6763 -17.8251 -17.8230 -17.5405 -17.3835 -16.9894 -17.2909 -17.7081 -17.6450 -17.4540 -15.3512 -12.7569 -10.8177 -7.5264 -4.9069 -2.5157 -0.9810 2.2742 
-16.6278 -16.1912 -17.0808 -16.4203 -16.7210 -16.7799 -16.4029 -16.8904 -16.7952 -16.9025 -16.8930 -17.3029 -17.0622 -17.4405 -16.6675 -16.6953 -16.6167 -15.9491 -13.4855 -11.4933 -8.0142 -5.3577 -2.8497 -1.2103 2.1595 
-15.8308 -16.0073 -16.3269 -16.1338 -16.5430 -15.8397 -16.1985 -16.8868 -16.7129 -16.3494 -15.9673 -16.5641 -16.5623 -16.2518 -16.3251 -16.2804 -16.0164 -15.9996 -14.1739 -12.1636 -8.5006 -5.8071 -3.1823 -1.4361 2.0467 
-15.5958 -15.0509 -15.1328 -15.6018 -15.7330 -15.8694 -15.2114 -15.5411 -16.0018 -16.2249 -16.2945 -15.8384 -15.5042 -15.9158 -15.8573 -15.5204 -15.3379 -15.7783 -14.8971 -12.8394 -8.9859 -6.2550 -3.5138 -1.6571 1.9357 
-15.1118 -15.4316 -15.7735 -15.1043 -15.0979 -15.1404 -15.6090 -15.0041 -15.6429 -15.2987 -15.3325 -15.5116 -15.5300 -15.0097 -15.1570 -14.9384 -15.0045 -15.1470 -15.2605 -13.5031 -9.4681 -6.7011 -3.8441 -1.8708 1.8267 
-15.9424 -14.3566 -13.8120 -14.3116 -14.3352 -14.6994 -14.9143 -15.1467 -14.5892 -14.4424 -14.3064 -14.7944 -14.9373 -14.5263 -14.8004 -14.7281 -14.3186 -14.8973 -15.2367 -14.0236 -9.9460 -7.1452 -4.1732 -2.0803 1.7193 
-13.7972 -13.7000 -13.8092 -13.8833 -14.3780 -14.3028 -14.2547 -14.2295 -14.0780 -14.1484 -14.5090 -14.0644 -14.0321 -14.1150 -14.5542 -14.0315 -14.1062 -13.8027 -13.9768 -13.9417 -10.4290 -7.5870 -4.5013 -2.2864 1.6137 
-12.4747 -13.1334 -13.0450 -13.4092 -13.0495 -13.1335 -13.3190 -13.1226 -13.4147 -13.3633 -13.1492 -13.5225 -13.3088 -13.4794 -13.9127 -13.3573 -13.1711 -12.9867 -13.3581 -13.5720 -10.8825 -8.0238 -4.8284 -2.4889 1.5097 
-12.4301 -11.8805 -12.4361 -12.7679 -12.9429 -12.6432 -12.8048 -12.5857 -12.9271 -12.8391 -13.1205 -13.0511 -12.7561 -13.2267 -12.9059 -12.9061 -12.8951 -12.7751 -12.9031 -13.3577 -11.2980 -8.4576 -5.1545 -2.6879 1.4073 
-13.8629 -11.7607 -11.8304 -12.3618 -12.4218 -13.0745 -12.4331 -12.6263 -12.7115 -12.4761 -12.4156 -12.1794 -12.2500 -11.9609 -12.3465 -12.0858 -11.7586 -12.1763 -11.9723 -12.3771 -11.4189 -8.8963 -5.4798 -2.8834 1.3064 
-inf -12.4766 -11.7544 -11.4781 -11.1399 -11.9785 -12.3953 -12.1729 -11.4274 -11.5443 -11.8038 -11.9784 -12.2140 -11.7598 -11.5082 -11.6882 -11.6300 -11.5784 -11.5306 -11.7792 -11.5396 -9.3502 -5.8028 -3.0718 1.2070 
-11.0904 -11.1774 -10.6579 -10.7331 -10.9646 -10.6193 -11.0095 -10.8484 -11.2847 -11.2785 -11.1117 -11.3038 -11.4862 -10.9352 -10.7930 -10.9808 -10.9315 -11.0815 -11.1929 -11.3456 -11.0577 -9.7773 -6.1244 -3.2563 1.1090 
-10.2856 -10.0110 -10.3118 -10.3776 -10.8173 -10.3416 -11.1298 -10.7338 -10.3889 -10.3729 -10.3908 -10.6361 -10.2898 -10.8567 -10.4131 -10.4338 -10.2861 -10.4014 -10.7158 -10.7450 -10.3903 -10.0291 -6.4389 -3.4377 1.0124 
-9.4809 -9.6240 -9.9964 -9.4908 -9.9470 -9.7353 -9.8754 -10.2814 -10.3282 -10.0504 -9.8075 -9.8159 -9.6522 -9.7592 -9.6885 -9.6029 -9.7922 -9.9043 -9.7092 -9.9498 -9.8126 -9.7554 -6.7443 -3.6151 0.9172 
-10.3972 -9.0007 -8.5445 -9.3161 -9.1424 -9.0705 -9.4552 -9.4625 -9.4348 -9.4872 -9.4932 -9.2946 -9.6060 -9.4697 -9.4012 -9.4764 -9.3996 -9.4321 -9.0813 -9.3110 -9.4682 -9.4826 -7.0959 -3.7924 0.8232 
-9.2986 -10.1095 -8.3616 -8.4157 -8.5715 -8.3756 -8.3455 -8.7387 -8.7933 -8.7685 -8.5178 -8.7409 -8.7024 -8.5702 -8.4813 -8.6911 -8.6432 -8.4715 -8.9272 -8.7927 -8.7316 -8.6538 -7.3704 -3.9628 0.7305 
-8.6054 -7.7274 -7.8180 -8.0938 -8.4253 -7.9515 -8.6605 -8.8532 -8.1167 -8.1832 -8.4139 -8.4443 -7.9319 -8.1058 -8.1109 -7.9522 -7.6726 -7.9220 -7.9289 -8.0644 -8.0642 -7.8252 -7.3496 -4.1345 0.6390 
-8.3178 -8.7232 -7.2482 -7.3048 -7.9986 -7.6595 -7.7206 -7.8669 -7.1381 -7.2872 -7.1308 -7.5832 -7.3002 -7.6052 -7.2306 -7.3083 -7.1352 -7.3351 -7.4148 -7.4143 -7.3607 -7.6382 -7.2765 -4.2868 0.5489 
-8.3178 -6.3091 -6.7704 -6.9842 -7.0498 -7.1351 -7.0844 -6.8807 -6.8721 -6.7343 -6.8306 -6.5856 -6.9347 -6.8491 -6.9390 -6.9934 -6.8709 -6.7994 -6.6844 -6.9400 -6.6875 -6.8505 -7.0952 -4.4073 0.4599 
-inf -5.9945 -5.7404 -6.1149 -6.2000 -5.8127 -6.0373 -6.3326 -6.6269 -5.8928 -5.8637 -6.3220 -5.8810 -6.4487 -6.3405 -6.1699 -6.0972 -6.3151 -5.9629 -6.1169 -6.2945 -6.2311 -6.0615 -4.4251 0.3719 
-4.7405 -5.9506 -5.4846 -5.9183 -6.1376 -5.8735 -5.7401 -5.5426 -5.4910 -5.6633 -6.0334 -5.3817 -5.2973 -5.9242 -5.2774 -5.2411 -5.4998 -5.8644 -5.8140 -5.5446 -5.8039 -5.7245 -5.3815 -4.3779 0.2831 
-4.1589 -4.4466 -4.8326 -5.3047 -4.9206 -5.0716 -5.1129 -5.2992 -5.1358 -4.9584 -4.5500 -4.6566 -4.6586 -5.0987 -5.3991 -5.1469 -4.9090 -5.1055 -4.9878 -5.1087 -5.0333 -5.0101 -4.7326 -4.1511 0.1939 
-5.5452 -5.2575 -5.1397 -5.1647 -4.5602 -4.1798 -4.3662 -4.8593 -4.8262 -4.4474 -4.1183 -4.0184 -4.0372 -4.4074 -4.4924 -4.5907 -4.5920 -4.3105 -4.0317 -4.5432 -4.2888 -4.3381 -4.1405 -3.8868 0.1077 
-4.8520 -2.9549 -3.8561 -3.8894 -3.8993 -3.6011 -3.9993 -4.4122 -3.6301 -3.9970 -3.5042 -3.4818 -3.7817 -4.1533 -4.0354 -4.0202 -3.8477 -3.8078 -3.5031 -3.6984 -4.0237 -3.8278 -3.6676 -3.6461 0.0312 
-2.5494 -2.7726 -2.9061 -2.9157 -3.0419 -3.2084 -3.6571 -3.8150 -3.5878 -3.3769 -2.9731 -2.4818 -2.6133 -3.1670 -3.0889 -3.0975 -2.8090 -2.9587 -2.4779 -2.9544 -3.1768 -3.2598 -3.1571 -2.8535 -0.0171 
-2.0794 -2.4849 -2.2071 -2.5705 -2.4294 -2.3169 -2.4288 -2.6446 -3.0088 -2.8416 -2.1847 -2.1064 -2.1938 -2.2209 -2.1949 -2.5134 -2.3158 -2.2668 -2.0306 -2.1139 -2.1296 -2.5471 -2.2154 -2.0784 -0.0626 
-1.2747 -1.7918 -1.8563 -1.6712 -2.1820 -2.1495 -1.6987 -1.4816 -1.8185 -1.5990 -1.2922 -1.5702 -1.5694 -1.6008 -1.5673 -1.7030 -1.6907 -1.7708 -1.7165 -1.8288 -1.3117 -1.7023 -1.8922 -1.6389 -0.1081 
0.0303 -2.1383 -0.8261 -0.7177 -1.3137 -1.0888 -1.1237 -1.0436 -1.4137 -1.5241 -0.8247 -0.9569 -1.2225 -1.5060 -0.9992 -1.0104 -1.1004 -0.8256 -0.6976 -0.9502 -0.9304 -1.2673 -1.1208 -0.9750 -0.2130 
-inf -1.4452 -0.5946 -1.4202 -1.3535 -0.6613 -1.1856 -1.0150 -1.4196 -1.3201 -0.5002 -0.8399 -0.3200 -1.1732 -0.8220 -0.7315 -0.8051 -0.4484 -0.3681 -0.4704 -0.3449 -0.7278 -0.2823 -0.1978 -0.0590 
0.8047 0.8047 -0.0416 -0.1402 0.1816 -0.4551 -0.9445 0.0670 0.2048 -0.1510 0.2883 0.3825 0.2399 0.2697 -0.2077 -0.1133 0.0671 -0.2185 0.0366 -0.2682 0.0939 -0.0052 0.1423 -0.0008 0.1615 
0.0000 -0.4055 -0.6931 1.1385 1.0529 0.2992 0.8579 0.7841 0.9224 1.0609 0.8313 0.9752 0.0251 0.5665 0.8945 0.6006 0.9919 0.5005 1.0688 0.7337 0.9408 0.7072 1.1096 0.9534 0.7332 
-inf 1.5156 2.0377 1.7022 1.4926 0.8433 1.1952 0.3224 0.7197 1.1074 1.3849 1.8353 1.8063 1.1820 1.5304 1.4930 1.4154 1.2400 1.2812 1.2806 1.5174 1.2959 1.7429 1.5740 1.3641 
-inf 2.3671 2.2484 1.2040 1.5824 2.2526 2.3076 1.6799 1.7349 2.1437 2.1741 1.8738 1.5966 1.9663 2.1477 1.9025 2.1530 2.0279 1.9325 1.8013 2.0429 1.9344 2.0967 2.0634 1.9154 
2.0794 2.7726 2.1368 2.6375 2.3795 3.1112 2.7927 2.2751 2.5303 2.2203 2.8719 3.0914 2.8102 2.2813 2.9273 2.6097 2.5248 2.5733 2.8252 2.5214 2.5923 2.5975 2.8418 2.8963 2.6590 
2.7726 3.4657 3.3282 2.7348 3.2773 3.4971 3.3735 2.5326 3.0191 3.4409 2.9223 3.5309 3.5544 3.3168 3.5590 3.6402 3.4750 3.2241 3.4412 3.3042 3.1693 3.2235 3.3767 3.4114 3.3517 
4.1892 4.1589 3.5231 4.5703 4.1176 3.7678 3.7958 3.8563 4.2639 4.0110 3.5870 4.0994 3.9153 4.0971 3.7375 3.7588 4.2137 4.0834 3.8446 3.9876 4.0191 3.7653 4.2083 3.9716 3.7736 
4.8823 4.8520 4.8520 4.8797 4.6824 4.3887 4.3002 4.4871 4.7987 4.5920 4.4810 4.9190 5.0729 4.3145 4.3609 4.6513 4.5933 4.6875 4.4331 4.2590 4.4246 4.7931 4.8095 4.7728 4.4545 
6.2461 5.2513 4.8520 4.9772 5.0271 3.7021 4.1332 4.5733 5.2880 5.1656 5.6798 5.6949 5.6713 5.0683 5.0851 5.1619 4.6685 5.5308 5.6603 5.4828 5.4813 5.6021 5.7764 5.4350 5.0587 
4.8520 5.8329 5.9608 5.5719 5.8905 5.9665 6.6058 5.9552 5.7957 5.9040 5.4757 6.0508 6.5144 6.3224 6.0530 5.8444 6.0336 5.9864 5.8511 6.0483 6.0565 6.0252 6.0767 6.0077 6.0837 
-inf 5.8329 6.9921 6.5866 6.0799 6.9186 6.6177 6.4724 6.5288 7.0645 6.6004 6.6783 7.0918 6.4950 6.2566 5.9773 6.6276 6.4071 6.5978 6.5643 6.6760 6.5834 6.7250 6.7705 6.5704 
7.7362 7.3307 7.7424 7.7859 7.5530 7.9294 7.7925 7.8861 7.8037 7.6574 7.8486 7.4826 7.4982 7.4724 7.1609 7.2414 7.4475 7.6052 7.6640 7.5376 7.7091 7.6412 7.3139 7.4565 7.4346 
6.9315 7.5657 8.2301 7.2192 7.4719 8.0052 7.6863 7.7673 8.0473 7.8753 8.1690 8.3382 7.6338 7.5200 7.7578 7.5679 7.5610 7.6189 7.9914 7.8054 7.9087 7.8615 8.1005 8.2632 8.0922 
9.0109 8.3178 7.6246 8.8582 8.1354 8.4497 8.8551 8.5266 8.4918 8.5952 8.6028 8.5056 8.6921 9.0167 8.4231 8.0856 8.8122 8.8014 8.8403 8.7342 8.8800 8.6768 8.8008 8.8470 8.4056 
8.3178 9.4102 8.4293 9.1164 9.1248 9.3491 9.9023 9.4329 9.6112 9.6942 9.8080 9.8514 9.9094 9.6024 8.9987 9.0815 9.6041 9.3558 9.3741 9.3484 9.5398 9.2146 9.0666 8.9419 8.9274 
9.0109 10.7438 10.3755 10.2199 10.1359 10.1325 9.8128 10.0848 9.9757 9.9043 10.2928 10.3354 10.4667 10.1463 9.8671 10.0124 9.8913 9.8742 10.1730 10.0905 10.1130 10.2033 9.8069 9.5737 9.7167 
10.3972 9.2986 9.9272 10.5849 10.4281 10.8402 10.8951 10.6968 10.5255 10.4437 10.8921 10.6687 10.4781 10.7268 10.4005 10.3732 10.4884 10.3065 10.4501 10.4259 10.6465 10.5328 10.5977 10.4598 10.5788 
11.7835 11.3780 11.3263 11.1907 10.9180 11.2597 11.3531 11.6346 11.1374 11.2385 10.6350 11.2917 11.5286 11.4185 11.0212 10.9884 11.3522 11.1262 11.4037 11.4033 11.2240 11.2699 11.1536 11.2726 11.3392 
12.5070 12.4766 12.0066 12.1118 11.8832 12.3137 12.2567 11.8895 12.1716 12.1580 11.9464 11.9674 12.4032 12.1115 11.9586 12.0097 12.1493 12.0393 12.1374 12.1850 12.2181 12.0630 11.7023 11.7756 11.8865 
12.4766 12.4766 12.8821 13.3228 12.3987 12.6905 12.5967 12.5633 12.6336 12.5842 12.9150 13.0826 13.0605 12.9391 12.6960 12.4336 12.8067 12.9898 12.9167 12.6632 12.7766 12.7018 12.7670 12.5482 12.6519 
-inf -inf 12.1301 13.8075 12.6692 12.9351 12.5436 12.4195 13.6398 13.5725 13.3615 13.5758 13.5222 13.2189 13.0116 12.8291 12.8692 13.2059 13.0297 13.2489 13.5679 13.2831 13.1995 13.2221 13.0818 
13.1698 14.1068 14.1322 14.2142 12.9420 13.1905 13.7788 14.0853 13.9949 13.7817 13.7164 14.2880 13.9377 14.1780 14.0634 13.9354 14.0345 14.0695 14.1003 14.1511 14.4789 14.3126 13.9396 13.8787 13.8777 
15.2796 14.8438 15.0416 14.0453 13.6398 14.3977 14.5518 13.5108 14.0030 13.8279 14.3052 14.8788 14.6527 14.6241 14.6731 14.3574 14.3736 14.5627 14.6468 14.9060 14.8693 14.9590 14.6944 14.4177 14.6090 
15.2492 14.9553 13.9745 14.8465 14.2409 14.5835 14.3048 15.3565 14.4594 14.7981 15.2989 15.1999 15.4982 15.1957 15.2310 15.3232 15.4894 15.3833 15.5244 15.5365 15.6055 15.4874 15.0195 15.0110 15.0815 
14.5561 14.8438 16.3530 15.3852 15.4034 15.9037 15.8530 15.5366 16.1568 15.8641 15.6663 15.8382 16.0877 15.9259 15.8971 15.4234 15.6394 15.5653 15.8699 15.7663 15.8539 15.9370 15.7424 15.7414 15.7947 
15.2492 16.9232 15.9424 16.7187 16.3701 15.5692 16.0717 16.3741 16.0309 16.7584 17.0592 17.0766 16.8790 16.6596 16.2282 16.6419 16.6536 16.3175 16.3274 16.7290 16.8274 16.5059 16.2910 16.1562 16.2980 
18.0521 17.4044 16.7471 17.2418 16.5204 17.1588 17.4711 17.1252 17.2566 16.9806 16.4273 17.4581 17.6844 17.3863 17.3317 16.8445 17.1547 17.0265 16.7681 16.7344 16.9645 17.0203 17.0275 16.6725 16.8738 
17.3287 17.6164 17.0410 17.4704 17.2586 17.6953 17.8444 17.2189 17.9899 16.7617 17.5153 17.8823 17.7971 17.7933 17.7834 17.8564 17.6671 17.7746 18.0121 17.9225 18.0668 17.9992 17.5840 17.4977 17.5600 
-inf 19.2258 18.5073 17.8812 18.2841 17.9659 18.5326 18.5125 17.4428 18.2723 18.4551 18.5833 18.7657 18.1181 18.2741 18.6275 18.7310 18.4708 18.6747 18.9177 19.0508 18.7294 18.6909 18.7267 18.5835 
19.4081 19.4081 18.2450 18.4273 19.1889 19.4301 18.4923 18.5980 18.7043 19.7045 19.6673 18.5152 18.5928 19.3087 18.7634 19.1257 19.0664 18.9584 18.4411 18.8366 19.1731 18.9664 19.0334 18.8758 18.8859 
20.1013 19.0027 17.3287 19.0980 19.8981 19.2841 19.2174 18.9736 19.7391 20.3700 19.5982 19.7864 19.7910 19.5656 19.5636 19.8637 19.8870 19.9438 19.8022 19.8383 20.1016 19.8420 19.6126 19.7059 19.7121 
