nan nan nan nan nan nan nan nan nan nan nan nan nan 
nan nan nan nan nan nan nan nan nan nan nan nan nan 
nan nan nan nan nan nan nan nan nan nan nan nan nan 
nan nan nan nan nan nan nan nan nan nan nan nan nan 
nan nan nan nan nan nan nan nan nan nan nan nan nan 
15.7109 -0.8578 0.1544 -0.5774 -1.8894 -1.6573 -0.4229 0.0850 -0.2559 -0.1681 -0.7423 0.0843 0.0752 
13.9264 -0.0501 1.1920 -1.7013 -1.0755 0.2672 -0.9728 0.4901 -0.8957 -0.4455 -0.1104 -0.2547 -0.1033 
13.2768 0.9339 1.5013 -1.3355 -0.6615 -0.3188 -0.2708 0.2612 0.1167 -0.7804 -0.3393 -0.0139 0.2602 
17.0122 0.1417 1.8250 -0.9261 0.1633 0.0608 -0.6253 0.3929 -1.2480 -0.3452 -0.5576 -0.0916 0.5248 
14.8717 0.8840 1.6895 -0.7862 -1.1811 -0.3535 -0.4220 -0.7383 -0.7087 -0.2923 0.2646 -0.3815 0.0061 
14.8006 -0.3850 0.6564 -1.5683 -1.1120 1.5117 0.1497 0.2339 -0.3598 -0.2190 -0.0141 -0.1608 -0.2346 
13.7086 0.4772 0.8658 -1.1773 -0.5110 0.7130 -0.1391 -1.0722 -0.0649 -0.9941 -0.1301 -0.0600 -0.4834 
13.3164 -1.1209 0.2495 0.3486 -1.0138 -0.8185 -0.5989 -0.3542 0.2043 -0.3141 -0.8019 -0.7154 0.6406 
13.3509 -1.1648 0.4218 -0.2899 -1.7090 -0.2004 -0.5757 -0.2706 -0.2939 -0.4816 0.3846 0.0134 -0.0861 
13.9040 0.4702 0.5693 -0.1741 -1.3075 -0.2500 -1.1350 -1.2296 0.7687 -0.3323 -0.1114 -0.4033 -0.2084 
13.0211 -1.8121 1.1825 0.6856 -0.0338 -0.9323 -1.3235 -0.2562 -0.1546 -0.3329 0.1333 -0.5871 0.0081 
13.3529 -0.8564 0.0336 -0.1381 -0.1083 0.5428 -0.1033 -0.3410 -0.6041 -0.4184 -0.4588 -0.6558 -0.4131 
12.9724 -1.9516 -0.9441 -2.3558 0.0735 -0.9077 0.3170 0.3751 0.5381 0.5757 -0.0166 -0.4310 -0.7223 
13.3106 -0.8415 0.4552 -0.6387 -0.3283 0.7355 -0.8299 0.0573 0.5144 -0.6581 -0.2728 -0.2496 -0.6335 
14.7566 -1.0775 -0.0657 -1.4815 -1.1607 0.3118 0.4854 -0.2705 0.2686 0.4725 -0.4264 -0.4096 -0.1217 
15.4670 0.4439 0.0078 -1.5871 -1.2440 -0.7250 -0.0292 -0.8954 -0.4463 -0.2209 -0.0624 0.3002 -0.5095 
20.8234 2.2310 -2.0291 -2.9916 -1.7564 0.4399 0.5478 1.0286 1.4233 0.0301 -0.9485 -0.8252 -0.3597 
27.6816 2.6648 -3.4642 -3.0234 -2.3328 -1.2583 -0.1489 1.5995 1.8870 0.5096 -1.1615 0.5140 0.8110 
28.9263 2.5222 -2.8432 -3.1540 -2.7287 -1.3183 -0.0548 1.1475 1.6145 0.3744 -1.7103 0.0306 1.0121 
32.5366 -0.2193 -4.2027 -1.6831 -3.0315 -0.1689 0.5705 0.9567 1.0760 0.8660 -0.7205 0.0903 0.0086 
33.9213 -2.6486 -1.8009 -1.3874 -2.2627 -0.6393 -0.3189 0.4000 1.6586 0.8918 -0.7981 -1.0835 1.2152 
33.6481 -3.5074 -1.4374 -2.4794 -1.7277 -0.9498 -1.2074 0.2737 1.4016 0.9899 -0.1054 -0.9171 1.1313 
33.5896 -4.2836 -2.4204 -2.3397 -2.0293 -1.0704 -1.1026 0.6126 1.7046 1.9456 0.9587 -0.1016 1.3453 
34.2197 -2.9056 -2.6939 -1.9976 -2.3454 -0.8272 -1.1842 0.5967 1.2799 1.6296 0.7321 -0.4526 0.8685 
34.0266 -3.2856 -2.9708 -2.8880 -2.9619 -1.7495 -2.0118 -0.3129 0.4996 0.6070 -0.2635 -1.2694 0.3545 
34.0315 -2.4066 -2.5077 -2.5973 -2.4478 -1.2088 -1.4052 0.1551 1.0999 1.1639 0.2389 -0.8135 0.6650 
33.7398 -2.4811 -2.0914 -2.6917 -2.3089 -1.5613 -1.1257 0.2615 1.2864 1.2749 -0.1022 -0.5989 1.0749 
33.2494 -2.1999 -1.3641 -2.2468 -2.6244 -1.2245 -1.1590 0.4977 1.6303 0.8911 -0.3448 -0.8708 1.4566 
32.9370 -2.2981 -1.6914 -2.8104 -2.2439 -0.7903 -1.0098 0.6016 1.9800 1.2514 0.0007 -0.4543 1.6764 
31.4474 -1.8892 -1.8084 -1.7420 -2.4966 -0.9201 -0.3756 0.1189 1.8107 0.6322 -1.6783 -1.0929 1.5421 
30.3787 -2.8391 -3.0299 -1.7028 -2.1997 -1.1285 0.2896 -0.0782 2.1133 0.9390 -1.9912 -0.4656 1.4682 
30.0714 -0.8847 -3.4438 -1.0332 -3.9075 -1.6709 -0.6662 0.9007 1.8201 0.4223 -2.2828 -0.3082 1.7305 
29.3710 0.6489 -2.6821 -2.1021 -2.9150 -0.8715 0.5051 0.3967 2.4730 0.1819 -1.4826 -0.0971 0.7733 
26.9182 1.8514 -2.4493 -2.9854 -2.7007 0.0109 0.0152 3.0844 1.2799 0.0160 -0.6543 -0.2927 0.0350 
26.7216 2.0260 -2.5743 -3.3791 -2.6205 -0.0533 0.1983 1.9246 1.2102 -0.2605 -0.7043 -0.0780 -0.2123 
24.7718 1.0593 -2.3386 -2.6947 -4.1951 -1.2452 0.2345 0.7555 0.7211 -0.7124 -1.4029 -0.2593 0.3804 
22.9048 1.2569 -3.2334 -2.1530 -2.6530 -0.6081 0.1439 0.5641 0.2628 -0.2718 -1.1318 -0.4815 0.4167 
21.2430 1.1526 -2.0647 -2.9601 -1.9113 -0.3408 -0.5675 -0.1247 0.7402 -0.1266 -0.9874 -0.1381 0.1721 
18.4705 1.4389 -1.4378 -2.6633 -2.2351 -1.1744 -0.4125 0.4784 0.5710 -1.2121 -0.6728 -0.7080 0.5245 
19.2840 0.9727 -1.2371 -3.1600 -1.6271 -0.4009 0.2324 1.2212 1.6074 -0.4787 -0.2980 0.3008 -0.2148 
17.6059 1.2721 -1.0321 -3.0658 -1.7537 -1.1325 -0.6805 0.9698 -0.0297 -0.4455 -0.7176 -0.5613 0.3582 
17.0135 2.0701 -0.0174 -0.8298 -1.0856 -0.2958 -0.2371 1.0726 -0.5530 0.0097 0.2318 0.1314 0.0997 
6.4327 0.4174 0.1952 -0.5690 -0.7082 -0.1443 -0.3647 0.5656 -0.4545 0.0366 0.1728 -0.0022 0.0494 
-4.1661 -1.3567 0.3399 -0.4071 -0.3974 -0.0568 -0.4356 0.2460 -0.2733 0.0535 0.1524 -0.0515 0.0389 
-14.8408 -3.2144 0.4130 -0.3021 -0.1777 -0.0146 -0.4917 0.0047 -0.1642 0.0486 0.1567 -0.0511 0.0288 
-25.5979 -5.1637 0.4026 -0.2520 -0.0257 -0.0034 -0.5581 -0.2286 -0.1514 0.0219 0.1734 -0.0274 0.0237 
-36.4160 -7.1955 0.2982 -0.2696 0.0751 -0.0001 -0.6276 -0.4823 -0.2407 -0.0415 0.1977 0.0297 0.0575 
-47.1039 -9.0846 0.2569 -0.2347 0.2770 0.2046 -0.4452 -0.5159 -0.2295 -0.0180 0.3349 0.2626 0.3233 
-57.9623 -11.2797 -0.1847 -0.5795 0.2687 0.5083 0.1428 0.0270 0.3469 0.5415 1.0055 1.1117 1.3024 
-67.4882 -11.7634 0.6838 -0.1261 0.5244 0.6411 0.2397 -0.1945 -0.1202 -0.1911 0.1424 0.2792 0.5876 
-78.0481 -13.7216 0.1669 -0.8607 -0.1611 0.1239 0.0264 -0.3873 -0.2431 -0.3319 -0.1208 -0.1845 -0.0802 
-85.5380 -11.7854 2.5649 0.2162 0.0655 -0.0045 0.0790 -0.2717 0.0014 -0.0297 0.1354 -0.0414 -0.0685 
-93.5273 -10.7998 3.7166 0.0266 -0.6379 -0.6584 -0.0726 -0.2150 0.2104 0.1008 0.0785 -0.0342 0.1707 
-98.2760 -7.4895 4.1184 -0.9964 -0.5750 0.1736 0.8246 -0.2917 -0.4784 -0.3481 -0.0209 -0.1018 0.1814 
nan nan nan nan nan nan nan nan nan nan nan nan nan 
-98.6435 -0.4263 0.8906 0.5118 0.1761 -0.5088 0.1363 -0.4787 -0.5304 -0.6437 0.8038 0.5740 -0.0591 
nan nan nan nan nan nan nan nan nan nan nan nan nan 
nan nan nan nan nan nan nan nan nan nan nan nan nan 
-91.0192 -1.2219 -1.1617 -0.5800 0.1929 0.5771 0.6999 0.6266 0.0885 0.1016 -0.0629 -0.0850 -0.4913 
nan nan nan nan nan nan nan nan nan nan nan nan nan 
nan nan nan nan nan nan nan nan nan nan nan nan nan 
-84.4251 1.0800 0.3358 -0.8240 0.0071 0.5511 -0.0883 -0.1343 0.2910 0.6047 -0.3251 -0.2760 0.6247 
nan nan nan nan nan nan nan nan nan nan nan nan nan 
nan nan nan nan nan nan nan nan nan nan nan nan nan 
nan nan nan nan nan nan nan nan nan nan nan nan nan 
nan nan nan nan nan nan nan nan nan nan nan nan nan 
nan nan nan nan nan nan nan nan nan nan nan nan nan 
nan nan nan nan nan nan nan nan nan nan nan nan nan 
nan nan nan nan nan nan nan nan nan nan nan nan nan 
nan nan nan nan nan nan nan nan nan nan nan nan nan 
nan nan nan nan nan nan nan nan nan nan nan nan nan 
-57.5676 -0.2676 -0.1852 0.0330 0.2143 -0.2266 -0.1144 -0.1928 -0.1763 -0.1381 0.9197 0.6822 -0.4600 
-55.1633 -0.4725 -0.3966 -0.3073 0.4511 -0.0613 -0.1884 0.2302 -0.1188 -0.1306 0.4354 0.9505 0.0462 
-inf -inf -inf -inf -inf -inf -inf -inf -inf nan nan nan nan 
-51.0940 0.0590 -1.0684 -0.2403 -0.6947 -1.1130 -0.5746 1.4920 -0.9811 -1.0706 0.7907 -0.0463 0.2107 
-47.1447 -0.3834 -0.0386 0.5508 -0.0133 -0.3467 0.0434 0.4906 0.0091 0.1906 -0.0538 -0.4052 -0.1246 
-inf -inf -inf -inf -inf -inf -inf -inf -inf nan nan nan nan 
nan nan nan nan nan nan nan nan nan nan nan nan nan 
nan nan nan nan nan nan nan nan nan nan nan nan nan 
-37.5281 -0.0544 -0.5053 -0.2728 -0.3037 -1.5521 -0.3251 0.1083 -0.1717 0.1351 -1.1469 0.0287 0.6732 
-inf -inf -inf -inf -inf -inf -inf -inf -inf nan nan nan nan 
nan nan nan nan nan nan nan nan nan nan nan nan nan 
nan nan nan nan nan nan nan nan nan nan nan nan nan 
nan nan nan nan nan nan nan nan nan nan nan nan nan 
nan nan nan nan nan nan nan nan nan nan nan nan nan 
-20.7614 0.3953 -0.7875 -0.9121 -0.2881 0.3397 -0.0802 0.1329 0.2814 0.3338 -0.5242 0.4043 -0.0656 
-inf -inf -inf -inf -inf -inf -inf -inf -inf nan nan nan nan 
