-inf -inf -inf -inf -inf -inf -inf -inf -inf -inf -inf -inf -inf -inf -inf -inf -inf -inf -inf -inf -inf -inf -inf -inf -inf -inf -inf -inf -inf -inf 
-inf -inf -inf -inf -inf -inf -inf -inf -inf -inf -inf -inf -inf -inf -inf -inf -inf -inf -inf -inf -inf -inf -inf -inf -inf -inf -inf -inf -inf -inf 
-inf -inf -inf -inf -inf -inf -inf -inf -inf -inf -inf -inf -inf -inf -inf -inf -inf -inf -inf -inf -inf -inf -inf -inf -inf -inf -inf -inf -inf -inf 
-inf -inf -inf -inf -inf -inf -inf -inf -inf -inf -inf -inf -inf -inf -inf -inf -inf -inf -inf -inf -inf -inf -inf -inf -inf -inf -inf -inf -inf -inf 
1.3982 1.4515 1.5982 1.7918 1.7719 1.5732 2.2665 2.9758 3.2161 3.1695 3.0341 2.6844 3.2945 3.7055 3.3508 2.7524 3.4825 3.7115 2.9877 3.4102 3.5099 2.9318 4.5774 4.3294 4.2431 3.2930 3.1342 3.3436 3.0730 2.8791 
2.4933 4.3960 4.0423 5.2277 4.8445 4.4409 4.0592 4.5372 4.9449 4.6414 4.4224 3.5054 5.3550 6.8325 7.7011 7.3326 7.6437 8.0509 7.1218 7.0679 6.6403 6.6439 7.2010 7.1072 6.7829 7.2314 7.9682 8.3013 7.3194 6.0554 
4.3232 4.6374 4.8392 4.8125 4.4491 3.7004 4.1910 4.7451 4.5848 4.7313 4.4493 3.7386 3.8138 5.5738 7.2227 7.8349 7.9196 7.2950 6.7934 6.7116 6.3971 6.6759 7.3341 6.8194 6.4191 6.8639 8.0906 8.2449 7.4613 7.2065 
-inf -inf -inf -inf -inf -inf -inf -inf -inf -inf -inf -inf -inf -inf -inf -inf -inf -inf -inf -inf -inf -inf -inf -inf -inf -inf -inf -inf -inf -inf 
-inf -inf -inf -inf -inf -inf -inf -inf -inf -inf -inf -inf -inf -inf -inf -inf -inf -inf -inf -inf -inf -inf -inf -inf -inf -inf -inf -inf -inf -inf 
-inf -inf -inf -inf -inf -inf -inf -inf -inf -inf -inf -inf -inf -inf -inf -inf -inf -inf -inf -inf -inf -inf -inf -inf -inf -inf -inf -inf -inf -inf 
4.7038 4.7492 4.1696 4.7383 5.6056 5.4134 4.9481 4.9441 4.9323 4.7201 4.9187 5.0661 4.8044 4.1740 4.5991 5.3223 5.3730 4.6413 4.9391 5.3748 5.1313 5.7251 5.4025 6.3608 6.0947 4.9417 6.0834 5.9704 5.3241 4.8622 
3.0489 5.5880 5.8876 4.3266 5.1367 4.5214 4.6902 4.6384 4.9928 4.6201 5.3229 4.7408 5.3533 4.8145 4.6005 4.8465 5.2476 5.7470 4.9213 4.9296 4.4644 4.7719 4.9784 5.6749 5.0861 4.9817 5.7953 5.7307 4.8805 4.7301 
4.8666 5.7059 5.0994 5.8720 5.3870 4.3366 4.6741 5.4673 4.1927 5.0730 5.3179 5.1551 4.7501 5.2352 5.7630 4.8023 4.9979 5.1227 5.1355 5.3699 4.4629 4.8243 5.1247 5.3471 4.9789 4.9809 6.1966 6.0734 4.8617 4.6508 
4.2961 5.8901 6.7336 6.8387 6.4174 5.2230 4.9093 4.8322 5.1720 5.0439 5.1719 4.8110 5.4044 5.3799 5.4246 4.9568 5.6147 5.4054 5.2552 5.0493 4.6537 4.5908 5.1221 5.0471 4.4643 4.4758 4.5846 4.9435 4.7096 4.2572 
4.4104 5.9249 5.6174 6.8006 6.3783 5.2515 4.6610 5.0857 5.1372 5.1251 5.0863 4.2344 5.4664 5.4832 5.3930 4.7298 4.8517 4.8909 5.0633 4.9809 4.8121 5.0858 5.0952 4.7968 5.0566 4.8911 4.5267 4.5327 4.4413 4.4178 
4.3995 6.0713 6.0317 5.0961 5.6457 5.3575 5.1830 4.5963 4.5097 4.7707 4.8463 4.9486 5.3974 5.1637 5.0322 5.6817 5.3434 5.1598 5.0118 5.2234 4.8293 4.7335 5.2708 4.6116 4.7887 4.9399 4.6321 4.4354 3.9751 4.0861 
5.0899 6.3839 5.9700 7.1355 6.8333 4.6991 5.1962 4.7332 5.4250 5.0811 5.5364 5.4518 5.2567 5.1374 5.2640 4.8313 4.9648 5.1314 4.9822 4.6538 4.7307 4.9065 4.7879 4.7683 4.4005 4.7414 4.8449 4.1144 4.1577 4.1537 
4.1684 6.3357 5.9484 6.2308 6.3611 5.6986 4.8103 5.5422 5.5578 5.1154 5.1143 5.0643 5.5493 5.0484 5.0776 5.2380 5.2615 5.6468 5.4376 5.2016 5.4282 4.7422 5.0756 5.3969 5.1330 5.1189 4.6846 4.4206 4.6857 4.5850 
4.2631 5.3465 6.4316 6.5895 6.3529 6.1486 5.1251 4.6863 4.7988 4.6689 5.2614 6.0952 6.4081 7.2396 7.2064 7.1155 7.3655 7.8341 9.0464 8.8779 7.6853 7.1755 7.6849 7.1110 7.3654 6.9963 8.7210 8.8946 8.7535 8.3244 
4.8127 6.3098 6.1746 6.2554 6.3561 5.2296 5.0632 5.5922 4.6928 4.9902 5.2906 5.6849 6.3719 6.2679 6.3305 6.1904 7.0248 8.3354 8.6691 8.1603 6.5568 6.4697 6.8315 7.1368 7.1384 7.5421 8.6372 9.1355 8.9149 8.6264 
3.8537 5.6600 6.2777 6.7377 6.5592 5.8320 5.6126 5.1694 5.0914 5.0424 5.4907 4.9945 5.3851 5.7700 5.8150 5.9347 6.2529 6.6422 7.1269 6.5654 6.1130 6.3100 6.8916 6.8255 7.0863 7.1562 9.0302 9.6055 9.0717 8.6500 
4.6812 5.4516 7.0273 8.8992 8.4939 6.8079 6.9409 6.3606 5.3472 5.3872 5.6913 5.5438 6.0097 5.9132 6.2149 6.1302 6.2339 6.8596 6.8639 6.6770 6.5160 6.3510 6.8063 6.8165 6.8213 7.1859 8.3811 9.0669 8.7553 8.1822 
4.6834 6.6727 9.0427 9.9410 8.6114 7.9745 8.1512 7.0052 7.3240 5.6222 6.2992 5.4920 5.8125 6.2073 6.6057 7.8582 7.8666 7.6282 7.6780 7.4786 7.5409 6.9759 7.5102 7.2417 6.8826 7.1897 8.6345 8.8162 8.4082 8.0583 
4.9628 5.8171 8.8333 9.8418 8.6752 8.0710 8.9135 8.3400 8.4289 7.7378 7.0325 7.0496 6.4512 6.9783 8.0832 9.3931 8.5076 8.7803 8.8261 8.5413 8.5226 8.4300 8.3861 7.4094 7.1040 7.1073 8.3352 8.7672 8.3475 7.6756 
4.8223 7.0867 8.6994 8.6804 7.3205 9.0196 8.2772 9.0676 8.7576 10.0123 9.2798 9.0019 8.7416 9.0604 9.7893 9.9792 9.4968 9.3379 8.9120 8.3654 9.0022 8.5342 8.0477 8.4425 8.8041 8.2574 7.4579 8.0651 7.7364 7.8007 
5.2507 6.9252 8.8718 9.1215 7.8186 8.9709 8.0191 9.0183 8.5142 10.0146 9.5397 9.9144 9.5017 10.3310 10.4472 10.0069 9.3995 9.3601 8.9312 8.3146 9.0420 8.1329 8.3673 9.3677 9.0459 8.2586 7.8165 7.7605 7.5978 7.8388 
5.4904 7.0216 8.8558 8.8059 7.5802 8.9549 7.8016 8.7194 8.3609 9.8366 9.6564 10.1023 9.9763 11.0071 10.4506 9.6775 9.3092 9.3591 8.8295 7.9292 8.6963 7.8829 8.7192 9.5773 9.2251 8.3673 7.6970 8.1723 7.7820 7.4306 
5.5020 7.0003 8.8111 9.2103 7.8288 8.9609 7.7990 8.7628 8.3499 9.8335 9.5392 10.0998 10.1221 11.0864 10.5113 9.2905 9.1461 9.0869 8.7464 7.9477 8.4853 7.9213 8.9428 9.4662 9.1363 8.3673 8.5375 8.1823 8.1311 8.2346 
5.0561 7.3964 8.9366 9.0847 7.5835 8.9198 8.0067 8.7609 8.4573 9.8349 9.4477 10.0120 10.1221 10.8537 10.6037 9.4356 9.1699 9.1910 8.9008 7.6621 8.1941 7.7640 8.8256 9.3082 8.5789 8.0946 7.2078 6.6086 6.5973 6.2066 
5.7355 6.7045 8.7504 9.2583 7.5806 8.8607 8.0892 8.7425 8.3648 9.9558 9.4158 9.8739 9.9600 10.6703 10.7431 9.5825 9.0812 9.1058 8.8789 8.0264 8.1208 7.6203 8.6371 9.2710 8.8880 8.0283 6.6091 6.4013 6.4770 6.1211 
5.2498 6.8995 8.7723 9.1863 7.5037 8.7632 8.1102 8.8469 8.5655 9.9014 9.3474 9.6628 9.4355 10.3759 10.7815 10.2914 9.3419 9.3605 8.9262 8.3023 8.4215 7.4489 8.5490 8.9818 8.7677 8.3382 6.8435 7.0232 6.2321 6.5548 
5.0751 7.0400 8.9348 9.2520 7.6078 8.6450 7.9769 8.8094 8.7604 9.7160 9.1196 9.2571 8.6967 9.4175 9.7574 10.1037 9.9081 9.5894 9.0800 8.9280 9.1044 8.0441 7.7834 8.8294 9.1504 8.6767 7.1199 6.9909 5.8596 5.5836 
5.3088 5.8472 8.5982 9.4103 7.8696 8.4331 8.1910 8.7852 9.0595 8.6786 8.7315 8.2898 7.8469 8.4595 8.7458 9.4378 9.8861 9.7485 9.2306 9.0426 9.4547 8.4068 7.2415 7.8334 8.7211 8.5016 7.5758 6.5744 5.7722 6.3066 
5.5720 6.5718 8.5317 9.5187 8.0273 8.4048 8.4750 8.7013 9.4333 7.9736 8.2903 7.2663 6.8249 7.7821 7.9600 7.9851 8.5803 8.7258 8.7994 8.6302 8.8798 7.8213 7.9016 7.6645 8.3109 8.4724 7.9433 6.8421 6.2804 6.1956 
3.4567 5.5595 8.5090 9.6831 8.1845 8.0576 8.6529 7.9204 8.9351 7.3224 7.8723 7.2148 7.1551 7.0423 7.4335 7.8704 7.2874 7.7974 8.2886 8.8114 8.9977 8.7397 7.6477 7.2038 7.7608 7.9815 7.1317 6.4790 5.9401 5.8470 
4.4396 5.9203 8.7088 9.7585 8.5398 8.0849 7.4307 6.7894 7.1170 7.5536 7.4159 6.6614 6.4961 6.9115 6.9355 6.8758 7.4698 7.7851 7.5136 7.2946 7.4514 7.3052 7.2493 7.0679 6.9099 6.6515 7.4291 7.3754 6.7751 6.4302 
5.2226 5.8677 8.6057 10.0243 8.9383 6.4990 7.6883 6.1229 6.1216 6.9823 6.6941 6.1216 6.3457 6.7973 6.5783 5.6737 6.2356 6.6160 6.5513 6.5761 6.5169 6.7316 6.8281 6.1881 6.5729 6.3276 7.3533 7.2227 5.9717 5.7668 
5.0602 6.6810 8.1808 9.5647 8.6574 6.2579 7.0148 5.8792 6.3334 5.9307 5.7514 5.3685 5.6915 6.0555 6.1251 6.6301 6.6623 6.4831 6.2193 5.8710 6.1383 6.2166 6.3258 5.8490 5.6673 5.6110 5.9696 5.3782 5.4407 5.2436 
4.8942 6.3099 7.2875 8.8227 8.1845 8.0728 7.6106 6.8011 7.7060 7.8015 8.3523 8.9325 9.2825 8.6996 8.3425 9.0169 9.6228 9.7569 9.6948 10.0116 9.3378 9.6514 9.8318 8.7826 9.7077 10.0667 9.3901 9.2746 9.5066 9.4358 
5.7770 6.6384 7.8845 7.7872 8.1762 7.9199 7.1419 7.8884 8.1462 7.9797 8.2610 8.1443 8.5564 8.6923 8.7779 8.5385 8.8950 9.2918 9.3867 9.4368 8.8798 9.1545 9.4247 9.1455 9.0992 8.4605 8.8173 8.7924 8.7928 9.0385 
5.6609 7.6597 8.4044 7.4919 7.9417 7.3263 6.3860 7.0337 7.2324 7.5479 7.7600 7.9675 8.8247 8.6946 7.6551 8.2285 8.4827 8.7886 9.0881 9.0268 8.8391 8.8906 8.9395 8.9138 8.5549 8.9704 9.1713 9.0404 8.5539 8.3766 
4.8820 6.7681 7.7155 7.9124 7.8140 7.3350 6.2683 7.2943 7.7008 7.3084 7.0934 7.1031 7.5443 7.3764 7.7751 8.0563 8.3312 8.2110 8.1951 8.7235 8.3225 8.1785 8.2292 8.5475 8.7466 8.7214 8.3573 8.1968 8.1436 8.2028 
4.8758 6.1046 6.9552 6.9643 6.7860 7.0505 6.9188 6.8581 6.2801 6.7653 7.1482 7.3070 7.3535 7.8077 8.2914 8.1775 8.1496 7.8402 8.4055 8.1570 8.1344 7.9752 7.8699 8.3424 8.0928 8.3100 8.8008 9.6760 9.5710 9.2539 
4.8488 6.0494 5.6082 5.7612 6.2774 6.4644 6.3700 6.1131 5.9220 6.0796 6.4815 6.1142 6.8772 7.5692 7.3512 7.1092 7.9005 7.5738 7.6188 7.3539 7.5099 7.5334 7.5627 7.1994 7.4730 7.6815 8.4482 9.1230 9.0635 8.9402 
4.6233 5.9389 6.9090 6.3894 6.2705 6.2033 5.8784 6.2672 7.0990 6.4882 6.7562 6.3273 6.8463 6.8137 6.9582 6.7159 7.1928 7.3528 7.6848 7.0595 6.6456 6.4302 7.1212 7.4273 7.4805 7.5679 8.4070 8.9129 8.4707 8.2528 
4.3950 5.8666 6.1802 6.8300 6.5639 6.2591 5.1780 5.8387 5.9309 5.5304 5.8203 5.7296 5.7399 5.9167 6.0178 6.8085 7.0214 6.8610 6.8441 6.1859 6.2148 6.9651 7.3282 7.3147 6.9856 6.6357 7.8787 8.3194 7.8257 7.7384 
4.3629 5.5069 5.5456 6.5580 5.9097 4.8065 4.1686 5.5468 6.4023 6.2670 5.7683 5.5221 6.4145 6.2646 5.6393 7.9547 7.4758 6.6770 6.6420 6.0708 5.9124 5.8929 6.5746 6.9148 6.6473 6.3738 7.3894 8.0583 7.3956 7.4929 
3.8901 5.4177 6.3192 5.2432 5.8245 5.8990 5.5159 5.6980 5.8135 5.8869 5.9185 5.7940 6.0749 6.0728 7.0116 7.6658 6.6507 6.3440 6.2463 6.3450 6.0851 6.3881 6.4046 6.1998 6.3520 6.2103 7.5227 8.3051 8.0373 7.5883 
3.7417 4.5443 5.7512 6.1070 5.9996 5.9501 5.2443 4.6892 5.7213 6.2533 5.4790 5.2119 5.4852 5.5231 7.0050 6.3505 5.9094 5.7906 5.8283 6.0696 6.0111 6.1976 6.8948 5.9970 5.5330 5.8581 7.4087 8.0285 7.5214 7.2805 
3.5979 5.6398 6.0800 5.9354 5.6445 5.7840 4.9902 4.9066 5.3851 5.2381 5.7004 5.6566 4.9119 5.1485 6.0654 5.9365 5.6166 6.1307 6.1024 6.0015 5.9604 5.9800 6.2011 5.6057 5.6650 6.0388 7.1861 7.5379 7.5865 7.5599 
3.8758 5.8397 5.9361 6.1467 5.9628 4.1281 3.9621 4.9230 4.8341 4.7954 5.1127 5.6771 6.0882 5.6857 5.2506 5.3335 5.7094 5.7567 5.9086 6.0255 5.6616 5.8532 5.9265 6.0461 5.7016 5.7609 6.7592 7.0978 6.9960 6.9466 
3.7336 4.3154 5.9776 6.5382 6.0342 5.5080 5.1111 5.3904 5.1164 4.8413 5.3657 5.4919 5.9262 5.6306 5.2426 4.9295 6.2399 6.2737 5.6275 6.2562 5.8197 5.9540 6.1894 6.2534 5.8707 7.1001 8.6148 8.0606 8.0240 8.2969 
3.8713 5.2704 5.0205 5.6607 6.0629 5.7594 5.2517 5.0668 5.4926 5.4503 6.1216 4.9556 4.8921 5.7330 5.8405 5.5344 5.9897 5.7707 5.7524 5.5688 5.6821 5.5817 5.7804 5.2869 4.9466 5.3503 6.1741 6.0079 6.4329 6.2101 
4.1549 5.2273 5.7725 6.4239 6.0449 6.0513 5.6318 5.6842 5.5694 6.1325 5.5734 5.2645 5.8035 6.6441 8.1799 7.9886 8.4847 8.6665 8.1738 7.4052 6.9584 6.4616 7.6509 7.2424 7.5276 6.8605 8.5600 8.7667 8.5491 7.6092 
4.2218 4.8291 5.3942 6.0900 6.0597 4.9267 5.4092 5.6495 5.4101 4.9398 5.2877 5.5306 6.0061 7.4977 8.5020 7.9624 8.1103 7.6997 7.5584 7.7262 6.7093 7.2589 7.7627 7.7629 7.8863 7.7963 8.7550 8.9524 8.4413 7.7812 
3.9508 5.7120 6.3057 6.5254 6.0335 5.7702 5.2567 5.4372 5.6124 5.6276 5.1990 5.0988 5.6772 5.3584 6.1502 6.4361 6.0222 6.7365 6.5326 5.7699 5.6325 6.2292 7.0831 6.7367 6.4920 6.1080 7.1488 7.7961 7.1461 6.2424 
3.6007 5.5708 5.0223 6.0832 5.8596 4.9030 4.7719 4.8108 5.7588 5.6380 5.7369 5.8068 5.6526 5.7877 5.4823 4.6422 5.8070 5.9357 5.7445 5.7623 5.5326 5.2608 5.6467 5.8300 5.3405 5.2523 6.3709 6.7971 6.2049 5.2957 
4.4240 4.8504 5.6087 6.3470 6.4178 5.4038 4.8520 5.6811 5.1555 4.7546 5.5329 5.2724 5.5893 5.3061 5.3769 5.5731 5.7084 5.4930 6.0149 5.2421 5.2754 5.2997 5.2911 5.4463 5.3357 5.0610 5.5174 5.6390 5.2678 4.8347 
4.2887 5.5091 5.6859 5.6485 5.1325 4.4496 4.5529 5.1206 5.2396 5.5781 5.6030 5.4087 5.8020 5.5111 6.1456 5.6066 5.6244 5.7287 5.7973 5.8959 5.3228 5.3135 5.2415 5.2370 5.3061 5.0418 4.8290 4.9231 4.7064 4.8540 
3.2541 5.7590 5.2634 6.1181 5.6488 5.2965 4.8130 4.6021 5.5875 5.5740 5.9968 5.1012 5.6677 5.8689 5.5262 5.3628 5.5957 5.2559 5.9228 5.5421 5.0622 5.2252 5.1256 5.3573 5.0705 5.1751 4.8706 4.7969 5.0356 4.7207 
3.9016 6.2191 6.4929 5.1140 5.6250 5.7931 5.3940 5.3876 5.3614 5.3709 5.5657 5.4991 5.5632 5.1523 5.6237 5.1785 5.2456 5.4777 5.6890 5.3328 5.0428 4.7436 5.3672 5.4467 5.3605 5.8243 6.4840 6.6327 6.6586 6.1206 
4.2237 5.7271 5.4093 6.9751 5.9540 4.8818 5.2460 5.5863 5.7854 5.1282 5.6721 5.8108 6.3086 5.9233 5.3896 5.6091 5.6112 5.4184 5.5144 5.2760 4.5980 5.2008 5.2007 5.2514 5.3303 5.0997 5.1466 4.8826 4.9969 5.0989 
4.7362 5.8070 5.6581 6.5716 7.0947 6.0559 5.3614 5.3875 5.0281 5.3595 4.7888 4.6323 5.5691 5.8418 5.8838 5.1962 5.5432 5.8627 5.9221 5.4817 5.4612 5.3434 4.8601 5.0034 5.2534 5.2973 5.0623 4.6202 4.7582 4.8466 
4.7177 6.3232 6.7377 7.1317 7.1681 5.9696 5.7034 5.8387 6.1257 6.2561 6.4792 5.5153 5.4880 5.3833 6.0431 5.9820 5.9175 5.8525 5.4947 5.7353 5.0651 4.9553 5.1222 5.4426 5.1375 4.6358 5.1695 4.8601 5.0303 4.7926 
4.9747 6.2588 6.4351 6.3792 6.1913 6.1904 6.3363 6.0519 5.8771 5.5637 5.4435 5.2389 5.0784 4.9657 5.4537 5.1085 5.9152 5.4525 5.1807 5.5468 5.3718 5.2434 5.5370 5.2635 5.0195 5.0040 4.7818 4.8923 4.9310 4.7233 
5.5846 6.5388 6.4358 7.2500 6.5571 6.0418 5.7048 6.5364 6.8543 5.1290 5.4300 5.9218 6.4621 7.2677 6.9051 6.6814 5.7066 5.1995 6.2434 6.2797 5.9616 5.5829 6.2545 6.3222 6.6553 6.1402 8.1998 8.3399 8.2190 7.9775 
2.8162 4.9168 6.2047 6.2657 6.7614 6.4837 6.5047 7.0162 6.6751 5.5951 5.9336 6.2096 6.4333 6.8890 6.4831 6.2550 6.2946 7.3896 7.0061 6.3882 6.0196 5.9009 6.6718 7.3742 7.4677 7.6882 8.8546 9.5639 9.3470 9.2099 
3.0209 4.9196 6.4008 6.4096 6.2920 6.2238 6.7110 6.7645 6.3274 5.0903 5.1320 5.3076 5.5129 6.0888 5.9124 5.8955 6.3263 7.5427 6.9255 6.2495 5.5558 5.5353 6.2704 6.7708 7.0233 7.2891 8.5077 9.3400 9.1089 8.7059 
4.4356 6.4405 6.6738 6.5187 6.3061 5.7109 6.0229 7.3265 7.4261 5.6278 5.8389 5.5550 6.0562 5.9437 5.5980 6.0979 6.4814 6.4039 5.9685 6.3260 5.7310 5.5474 6.3812 7.1196 6.7330 6.7083 8.1859 8.9695 8.8216 8.2702 
4.1755 4.5731 4.7172 5.7510 6.2128 5.1008 6.1642 6.6664 6.5205 5.1286 5.5161 5.7431 5.9287 6.0017 5.7542 6.8817 6.2857 5.4316 5.6277 6.3823 6.0943 5.9092 6.3680 5.9524 6.0011 6.3468 7.6672 7.9687 7.7011 7.5153 
3.9763 5.6514 6.3413 6.1259 5.1907 5.8021 5.6292 5.4736 5.1984 5.9740 5.9931 5.2316 5.5555 6.1190 6.7196 8.3277 7.2473 5.5463 5.7473 5.7991 5.5157 5.9850 6.4415 6.2906 5.8883 6.0841 7.2625 8.0569 7.6199 7.2768 
4.4116 5.7618 6.5133 6.7061 6.5743 5.4804 5.9910 6.0809 6.2820 6.3945 5.9675 4.3410 5.6202 5.8758 7.2828 6.9569 6.1405 5.7948 6.2339 5.9967 5.6079 6.0211 5.9429 5.5961 5.7745 6.1499 6.9951 7.8917 7.3493 6.7832 
3.9276 6.0113 6.6626 6.8505 6.5680 4.6330 4.6544 5.3578 5.3639 5.8617 5.9806 5.7774 5.3912 5.4053 5.9980 5.4457 6.2241 5.9861 5.7652 5.9040 5.3477 5.5326 5.9839 5.3514 5.7681 6.0285 6.6977 7.5612 7.1556 6.7757 
4.4539 5.7143 6.2943 5.9421 5.4102 4.8341 5.3634 5.9101 5.6027 4.5334 5.6241 5.5955 5.7298 6.0213 6.3785 7.2354 7.5161 7.8236 6.5943 6.6979 6.1082 5.7714 6.1159 6.0087 6.2192 6.1964 6.2136 7.4373 7.3110 7.4297 
3.5135 6.0882 6.7619 6.0021 6.2176 5.9944 5.4456 4.7853 5.0838 4.8610 5.8234 5.3669 6.0113 6.2728 6.3551 7.4884 7.4524 6.9854 6.9713 6.9491 6.6319 6.7458 7.3247 7.8129 7.9011 8.1011 7.7778 8.0397 8.2628 8.7215 
3.9543 4.7367 4.4729 5.7814 6.4502 5.3927 5.4470 5.5705 5.4710 5.2658 6.2079 5.8727 6.4093 6.4180 6.5832 7.2496 8.1155 7.9793 7.7621 7.8515 7.4906 7.6811 7.5618 7.7442 7.5841 7.9051 7.8108 8.1663 8.2882 8.7600 
4.2621 6.0817 6.5981 6.3885 6.1475 5.2777 5.0480 4.9113 5.2933 5.3703 6.0470 5.6427 6.0337 5.7741 6.3864 6.7980 7.7403 6.9176 6.8436 7.3442 6.6282 7.5201 7.8164 7.5153 7.6832 7.4357 7.4971 7.4343 7.4827 8.2561 
3.6252 5.4238 5.9937 6.0055 5.3173 4.8212 4.2891 4.7010 4.7897 5.3071 5.7653 5.9179 5.7621 6.7070 8.0626 7.5428 7.0252 7.3442 7.7297 7.5425 7.3289 7.7999 8.0816 7.9395 7.8375 7.7473 8.6093 8.6269 8.3172 8.2699 
3.1883 5.7239 6.5273 5.5213 5.6621 5.5293 5.2882 5.4008 5.4945 5.4926 5.4249 5.7695 6.1465 6.5774 6.6695 7.0633 6.8991 7.7676 8.1531 7.6600 7.1592 7.4292 7.6998 7.2774 7.5554 7.6174 7.7379 8.1433 8.1285 8.2332 
3.9491 5.8904 6.1278 6.5673 6.1604 5.4481 6.2610 5.3676 5.1584 4.8582 5.1329 5.7287 5.7600 5.2550 6.6799 7.0681 7.0998 7.4252 7.4191 6.2714 5.9552 7.4559 7.8146 7.7451 7.5706 7.3079 7.6120 7.4219 7.7524 7.8154 
3.6040 5.1467 6.4137 6.5268 6.4816 6.5923 6.6525 5.8210 5.0678 5.1627 5.7634 5.2468 5.3556 5.7395 6.0252 6.2530 7.4081 7.5563 7.3132 6.7595 6.1627 7.5704 7.6375 7.6666 7.4983 7.3575 7.2828 7.1066 7.1037 7.5540 
4.2239 4.5687 5.0874 5.7313 5.9584 5.7142 6.1360 5.9591 5.6783 4.8014 5.1776 5.2745 5.8912 6.0855 5.7778 6.5619 7.4040 7.2115 7.6136 6.8749 6.0740 6.7495 6.9443 6.6730 7.2306 6.5877 7.0868 6.7296 6.5161 7.0397 
3.8626 5.4750 5.6177 6.4309 6.5236 6.6517 4.3552 4.9686 5.0684 4.4168 5.1910 5.3396 5.7562 4.9940 5.1595 5.9698 7.0485 7.1964 7.3550 6.3529 6.2095 6.3873 6.8358 6.7607 6.8897 6.3215 6.1283 6.4157 6.1441 6.1939 
3.4707 4.4164 5.5497 5.2583 4.9202 6.1651 6.2693 6.1691 5.6645 5.1730 5.7929 5.2558 5.6036 5.8312 5.8442 5.8866 5.8171 6.4441 6.8991 6.4332 5.9433 6.7282 6.1982 6.1479 6.0698 6.4902 6.2124 6.1659 5.6920 6.4726 
-0.3628 1.0171 2.1180 1.7950 2.1467 3.3064 3.4554 3.6194 3.2722 3.0923 3.7105 3.2620 3.6692 4.1535 4.2414 4.3322 4.3744 5.1610 5.6518 5.2719 4.8700 5.6079 5.2945 5.2962 5.3171 5.9177 5.7054 5.7522 5.2107 6.1740 
-5.9635 -1.9162 -1.0562 -1.1300 -0.4511 0.5217 0.6538 1.0772 0.8793 0.9672 1.6511 1.3129 1.8025 2.4764 2.6523 2.8387 2.9873 3.9009 4.5005 4.1626 3.8202 4.5756 4.4486 4.5139 4.6191 5.3796 5.2533 5.3667 4.8484 5.9092 
-6.6724 -4.8532 -4.1243 -3.9198 -3.0822 -2.2523 -2.1416 -1.4412 -1.5174 -1.1492 -0.3982 -0.6144 -0.0310 0.8040 1.0665 1.3657 1.6078 2.6548 3.3629 3.0694 2.7773 3.5947 3.6236 3.7710 3.9510 4.8592 4.8203 4.9988 4.5372 5.6650 
-9.1206 -7.7961 -7.1223 -6.6343 -5.7447 -5.0292 -4.9363 -3.9287 -3.8960 -3.2406 -2.4408 -2.5286 -1.8443 -0.8608 -0.5165 -0.0968 0.2297 1.4198 2.2303 1.9848 1.7435 2.6513 2.8132 3.0520 3.3004 4.3501 4.3986 4.6448 4.2468 5.4377 
-11.9655 -10.7279 -10.0455 -9.3375 -8.4416 -7.8213 -7.7210 -6.3840 -6.2448 -5.3124 -4.4779 -4.4303 -3.6415 -2.5172 -2.0952 -1.5522 -1.1467 0.1950 1.1005 0.9063 0.7211 1.7369 2.0141 2.3474 2.6614 3.8486 3.9834 4.3002 3.9726 5.2289 
-14.5452 -13.6395 -12.9094 -12.0561 -11.1693 -10.6443 -10.4414 -8.8104 -8.5534 -7.3723 -6.5098 -6.3181 -5.4233 -4.1655 -3.6681 -3.0025 -2.5199 -1.0204 -0.0273 -0.1678 -0.2905 0.8447 1.2242 1.6519 2.0321 3.3529 3.5723 3.9613 3.7120 5.0366 
-16.9211 -16.5311 -15.7723 -14.7894 -13.9228 -13.5197 -12.9743 -11.2133 -10.8077 -9.4251 -8.5358 -8.1912 -7.1893 -5.8067 -5.2334 -4.4492 -3.8882 -2.2268 -1.1533 -1.2391 -1.2927 -0.0310 0.4419 0.9618 1.4132 2.8622 3.1644 3.6262 3.4644 4.8570 
-20.0167 -19.5324 -18.6413 -17.5649 -16.6999 -16.4742 -15.3264 -13.5961 -13.0000 -11.4730 -10.5548 -10.0501 -8.9384 -7.4415 -6.7898 -5.8935 -5.2492 -3.4248 -2.2776 -2.3086 -2.2856 -0.8946 -0.3334 0.2752 0.8055 2.3758 2.7594 3.2940 3.2229 4.6870 
-22.0938 -21.8572 -21.2258 -20.4466 -19.4956 -19.2808 -17.5801 -15.9573 -15.1368 -13.5172 -12.5648 -11.8961 -10.6699 -9.0708 -8.3360 -7.3364 -6.6005 -4.6149 -3.4002 -3.3771 -3.2600 -1.7489 -1.1023 -0.4090 0.2100 1.8930 2.3569 2.9641 2.9841 4.5258 
-23.5704 -23.3393 -23.2208 -23.0456 -22.2439 -21.7700 -19.8387 -18.2918 -17.2329 -15.5582 -14.5633 -13.7313 -12.3834 -10.6952 -9.8709 -8.7787 -7.9391 -5.7979 -4.5211 -4.4452 -4.2102 -2.5961 -1.8649 -1.0918 -0.3732 1.4134 1.9570 2.6360 2.7475 4.3715 
-24.1944 -24.9920 -24.4496 -24.7991 -24.2334 -23.8945 -22.1201 -20.5855 -19.3026 -17.5960 -16.5476 -15.5574 -14.0789 -12.3150 -11.3939 -10.2216 -9.2620 -6.9744 -5.6403 -5.5132 -5.1516 -3.4373 -2.6217 -1.7736 -0.9439 0.9365 1.5596 2.3096 2.5134 4.2224 
-23.1589 -25.6464 -24.5208 -24.0210 -24.1753 -24.7302 -23.7652 -22.8384 -21.3371 -19.6334 -18.5163 -17.3764 -15.7574 -13.9306 -12.9050 -11.6658 -10.5662 -8.1451 -6.7578 -6.5809 -6.0879 -4.2735 -3.3727 -2.4547 -1.5029 0.4619 1.1646 1.9845 2.2830 4.0778 
-22.8435 -23.5089 -23.7365 -23.4395 -23.5243 -23.4615 -23.3549 -23.2450 -23.1926 -21.6837 -20.4830 -19.1861 -17.4208 -15.5416 -14.4045 -13.1122 -11.8496 -9.3105 -7.8736 -7.6433 -7.0059 -5.1051 -4.1182 -3.1355 -2.0511 -0.0109 0.7721 1.6608 2.0589 3.9371 
-22.5039 -22.5627 -22.8637 -23.0522 -23.4421 -23.5097 -24.2028 -23.5203 -23.1761 -23.4206 -22.1624 -20.9649 -19.0771 -17.1481 -15.8932 -14.5617 -13.1109 -10.4714 -8.9875 -8.7001 -7.9117 -5.9326 -4.8584 -3.8160 -2.5893 -0.4821 0.3820 1.3381 1.8386 3.7998 
-inf -22.1907 -22.6305 -22.6777 -22.2485 -22.6782 -22.7090 -22.7676 -23.0486 -22.8102 -22.4633 -22.4340 -20.6717 -18.7429 -17.3698 -16.0148 -14.3502 -11.6281 -10.0997 -9.7522 -8.8140 -6.7563 -5.5935 -4.4965 -3.1189 -0.9518 -0.0056 1.0166 1.6209 3.6656 
-22.5554 -22.0335 -22.0514 -22.1807 -22.6856 -22.3883 -22.0660 -21.9046 -21.8302 -21.9437 -21.5553 -21.5863 -21.8266 -20.3977 -18.8402 -17.4689 -15.5690 -12.7810 -11.2100 -10.7983 -9.7124 -7.5766 -6.3239 -5.1770 -3.6410 -1.4204 -0.3908 0.6961 1.4057 3.5342 
-22.1807 -20.7390 -21.1691 -21.2504 -21.2567 -21.1925 -21.6845 -21.0826 -21.7755 -21.3300 -21.4739 -21.7043 -21.3960 -21.0271 -20.1183 -18.9118 -16.7707 -13.9305 -12.3185 -11.8381 -10.6078 -8.3936 -7.0499 -5.8576 -4.1566 -1.8879 -0.7735 0.3765 1.1931 3.4053 
-20.7125 -20.2495 -20.4909 -20.8747 -20.5814 -20.4166 -20.2218 -20.3975 -22.1043 -20.7383 -20.5346 -20.5605 -20.5845 -20.3626 -20.6897 -20.2124 -17.9753 -15.0753 -13.4251 -12.8718 -11.5003 -9.2076 -7.7716 -6.5382 -4.6667 -2.3545 -1.1537 0.0579 0.9831 3.2790 
-19.4004 -19.8980 -20.3451 -19.7945 -19.8595 -20.5504 -20.7625 -20.7487 -20.5003 -19.8145 -20.5308 -20.3620 -20.0121 -20.2474 -20.3095 -20.2624 -19.0373 -16.2151 -14.5292 -13.9002 -12.3900 -10.0186 -8.4895 -7.2189 -5.1721 -2.8203 -1.5314 -0.2600 0.7760 3.1549 
-19.3474 -19.4564 -20.1013 -19.2140 -19.8236 -19.9408 -19.2095 -19.0930 -19.4901 -19.4035 -19.6887 -19.7769 -19.4522 -19.5448 -19.8182 -19.8899 -19.3107 -17.3779 -15.6286 -14.9259 -13.2768 -10.8269 -9.2038 -7.8995 -5.6737 -3.2855 -1.9067 -0.5770 0.5740 3.0331 
-19.2965 -19.7983 -18.9958 -20.3952 -19.3571 -18.7392 -19.0770 -19.2320 -19.7420 -19.2508 -19.0154 -19.9006 -19.3288 -19.3207 -19.1340 -19.3178 -19.4063 -18.4105 -16.7342 -15.9563 -14.1600 -11.6322 -9.9148 -8.5798 -6.1720 -3.7501 -2.2795 -0.8934 0.3782 2.9134 
-18.0016 -18.2680 -18.8730 -18.6034 -18.5049 -18.5484 -18.6712 -18.8647 -19.0251 -18.8808 -18.6182 -18.7163 -18.6363 -18.9418 -18.4779 -18.8576 -18.1924 -18.6892 -17.8776 -16.9567 -15.0244 -12.4359 -10.6230 -9.2596 -6.6676 -4.2142 -2.6498 -1.2091 0.1850 2.7958 
-18.7150 -17.6164 -18.0668 -17.6735 -18.5713 -18.4234 -18.4430 -17.7847 -17.9104 -17.8677 -17.7590 -18.2017 -18.3014 -18.0520 -18.3671 -18.2165 -18.3815 -18.2962 -17.8951 -17.5440 -15.8795 -13.2313 -11.3280 -9.9385 -7.1608 -4.6780 -3.0177 -1.5242 -0.0056 2.6801 
-20.1013 -17.1252 -17.2486 -17.2158 -17.5778 -17.5962 -17.4739 -17.4680 -17.5746 -17.6765 -17.9181 -17.7878 -17.5734 -17.4773 -17.0158 -17.1192 -17.3580 -17.8519 -17.6835 -17.4947 -16.6060 -14.0371 -12.0314 -10.6161 -7.6521 -5.1415 -3.3832 -1.8388 -0.1937 2.5664 
-16.6278 -16.1912 -17.4622 -16.3870 -16.4671 -16.7802 -16.8768 -16.3822 -16.6831 -16.9613 -16.6993 -16.9719 -16.8934 -17.1999 -17.1468 -17.2813 -17.2044 -16.5988 -16.7306 -16.5646 -16.6612 -14.8152 -12.7307 -11.2901 -8.1417 -5.6048 -3.7464 -2.1531 -0.3791 2.4545 
-15.8308 -16.0073 -16.2689 -16.5240 -15.8849 -16.9124 -15.7744 -16.0726 -16.8683 -16.7409 -16.6781 -16.3012 -15.9358 -16.3485 -16.9730 -16.3515 -16.1653 -16.4289 -16.3774 -15.9117 -16.2902 -15.2833 -13.4316 -11.9573 -8.6300 -6.0681 -4.1072 -2.4670 -0.5618 2.3444 
-15.5958 -15.0509 -15.0164 -15.6682 -15.5064 -15.8301 -16.2526 -15.1002 -15.4886 -15.6843 -16.0557 -16.2440 -16.4080 -15.8621 -15.6694 -15.4843 -16.0751 -15.8750 -15.5935 -15.2144 -15.6934 -15.6591 -14.1814 -12.6260 -9.1174 -6.5314 -4.4658 -2.7807 -0.7410 2.2360 
-15.1118 -15.4316 -16.1247 -15.3413 -14.8450 -15.2527 -15.2332 -15.2769 -15.4316 -15.1241 -15.5578 -15.3105 -15.3296 -15.3783 -15.8925 -15.1725 -15.0140 -15.1644 -14.9450 -14.9545 -15.0319 -15.5318 -14.6883 -13.3070 -9.6011 -6.9948 -4.8223 -3.0944 -0.9155 2.1293 
-15.9424 -14.3566 -13.5930 -14.8347 -14.0809 -14.4437 -14.7060 -14.7931 -15.2950 -14.9657 -14.3812 -14.5196 -14.2755 -14.7875 -14.8582 -14.7256 -14.5298 -14.9312 -14.9341 -14.1686 -14.6649 -15.4276 -14.9220 -13.8322 -10.0802 -7.4587 -5.1767 -3.4080 -1.0873 2.0243 
-13.7972 -13.7000 -13.7777 -13.7063 -14.2500 -14.2878 -14.3010 -14.2516 -14.2361 -14.2080 -14.0807 -14.1373 -14.6013 -14.0619 -14.0516 -14.0397 -14.1945 -14.6525 -14.0693 -14.0013 -13.9139 -13.8297 -14.0781 -13.8571 -10.5685 -7.9227 -5.5291 -3.7219 -1.2570 1.9209 
-12.4747 -13.1334 -13.1661 -12.9585 -13.7260 -12.9276 -13.1271 -13.2606 -13.4396 -12.9277 -13.5939 -13.3448 -13.1431 -13.3954 -13.5942 -13.1940 -13.7281 -13.9532 -13.2897 -13.2925 -12.9258 -13.1868 -13.5370 -13.4818 -11.0254 -8.3836 -5.8798 -4.0362 -1.4246 1.8190 
-12.4301 -11.8805 -12.2805 -12.7507 -13.0162 -12.8419 -12.6512 -12.7282 -12.7337 -12.5964 -13.0888 -12.7722 -13.1476 -13.0802 -12.7601 -12.9935 -13.1152 -12.9473 -12.9112 -12.8649 -12.7905 -12.8101 -13.0551 -13.4042 -11.4270 -8.8444 -6.2287 -4.3509 -1.5901 1.7186 
-13.8629 -11.7607 -11.7011 -12.3914 -12.3208 -12.4600 -13.6398 -12.2885 -12.5882 -12.7148 -12.6817 -12.4542 -12.4461 -12.1666 -12.2364 -12.2053 -11.8793 -12.5461 -12.0804 -11.7587 -12.0595 -12.0754 -12.0627 -12.3668 -11.4938 -9.3214 -6.5762 -4.6663 -1.7535 1.6196 
-inf -12.4766 -11.7835 -11.5119 -11.5403 -11.0437 -11.8771 -12.3236 -12.7317 -11.7026 -11.3770 -11.5745 -11.8205 -11.8192 -12.4829 -11.8779 -11.7187 -11.4631 -11.7752 -11.5313 -11.7951 -11.3502 -11.6747 -11.8395 -11.5671 -9.8420 -6.9176 -4.9787 -1.9134 1.5221 
-11.0904 -11.1774 -10.8904 -10.4327 -10.7923 -11.0566 -10.6083 -10.8419 -11.0783 -10.8544 -11.4540 -11.2205 -11.1083 -11.1944 -11.6861 -11.1943 -10.8040 -10.8016 -11.0416 -10.8817 -11.1131 -11.0151 -11.3627 -11.2754 -11.0836 -10.2957 -7.2559 -5.2911 -2.0713 1.4258 
-10.2856 -10.0110 -10.0832 -11.0852 -10.1237 -11.1586 -10.2641 -10.9156 -11.2378 -10.5017 -10.3252 -10.3923 -10.3369 -10.8305 -10.2341 -10.5233 -10.7736 -10.4200 -10.5639 -10.1165 -10.5141 -10.3842 -10.9977 -10.6069 -10.3770 -10.4699 -7.5815 -5.5995 -2.2274 1.3309 
-9.4809 -9.6240 -9.7087 -9.9160 -9.6022 -9.9104 -9.6894 -9.8972 -9.9520 -10.5028 -10.3628 -9.9842 -9.7346 -10.1030 -9.4659 -9.8902 -9.5786 -9.7795 -9.5683 -9.7235 -10.0520 -9.6322 -9.8783 -9.8987 -9.8196 -9.9255 -7.8894 -5.8968 -2.3818 1.2373 
-10.3972 -9.0007 -8.4940 -8.9487 -9.4778 -9.0849 -9.0574 -9.2994 -9.5123 -9.5853 -9.3511 -9.5138 -9.5272 -9.2948 -9.3472 -9.8638 -9.1977 -9.5976 -9.4818 -9.3294 -9.5976 -9.0838 -9.2125 -9.2930 -9.4769 -9.6187 -8.1725 -6.2486 -2.5347 1.1448 
-9.2986 -10.1095 -8.2139 -8.7232 -8.3052 -8.6523 -8.4174 -8.2788 -8.5919 -8.7245 -8.9017 -8.7210 -8.5173 -8.6699 -8.8069 -8.6389 -8.4773 -8.5168 -8.7475 -8.6280 -8.4619 -8.7501 -8.8820 -8.7848 -8.7544 -8.5539 -8.4747 -6.5122 -2.6856 1.0536 
-8.6054 -7.7274 -7.6437 -8.2426 -8.1603 -8.4409 -7.9123 -8.4276 -8.9605 -8.5294 -8.0911 -8.1825 -8.3343 -8.7973 -7.8664 -8.1161 -8.0188 -8.2118 -7.9435 -7.6691 -7.8963 -7.8821 -7.9252 -8.1446 -8.0504 -7.8604 -7.6061 -6.9019 -2.8353 0.9634 
-8.3178 -8.7232 -7.3808 -6.9649 -7.6969 -7.9812 -7.5457 -7.8129 -7.9032 -7.5294 -7.0912 -7.3120 -7.1140 -7.5478 -7.3343 -7.5266 -7.3878 -7.2700 -7.3219 -7.1293 -7.2502 -7.4463 -7.3746 -7.4375 -7.3418 -7.6119 -7.4566 -7.0216 -2.9780 0.8745 
-8.3178 -6.3091 -6.8929 -6.6040 -7.3087 -6.9668 -7.2192 -7.0245 -6.9693 -6.9358 -6.7813 -6.7529 -6.9203 -6.5126 -6.8198 -6.9142 -6.8645 -6.9559 -6.9531 -7.0011 -6.7471 -6.7712 -6.7311 -6.9459 -6.6588 -6.8588 -6.9199 -7.1696 -3.1076 0.7867 
-inf -5.9945 -5.7275 -6.0053 -6.0428 -6.2943 -5.7833 -5.9922 -6.1196 -6.7797 -6.4051 -5.8593 -5.7898 -6.4088 -6.1128 -5.8405 -6.9262 -6.1904 -6.2192 -6.0425 -6.3252 -6.0759 -5.9720 -6.1776 -6.3010 -6.2055 -6.2734 -5.7803 -3.2337 0.6998 
-4.7405 -5.9506 -5.5452 -5.5401 -6.1168 -6.1503 -5.9918 -5.6831 -5.6202 -5.5362 -5.4761 -5.7008 -6.2003 -5.4108 -5.1528 -5.7879 -5.7019 -5.1982 -5.2258 -5.4460 -5.7256 -6.0603 -5.5902 -5.5678 -5.8354 -5.7117 -5.7109 -5.0288 -3.3620 0.6124 
-4.1589 -4.4466 -4.7481 -5.3559 -5.1332 -4.9123 -5.1384 -4.9734 -5.3894 -5.2237 -5.0667 -4.9584 -4.5435 -4.6783 -4.5462 -4.9013 -5.2119 -5.4073 -5.1275 -4.9671 -4.9958 -5.1379 -4.9202 -5.1832 -5.0066 -5.0670 -4.9183 -4.4060 -3.4455 0.5249 
-5.5452 -5.2575 -5.2575 -5.1397 -4.9896 -4.5127 -4.1654 -4.2889 -4.6174 -5.2722 -4.5209 -4.5054 -4.1718 -4.0198 -3.8832 -4.3117 -4.4471 -4.5087 -4.5857 -4.6619 -4.3322 -4.1366 -4.1596 -4.6096 -4.2437 -4.3865 -4.2344 -3.9614 -3.4268 0.4393 
-4.8520 -2.9549 -3.8712 -3.9070 -3.8159 -3.9465 -3.6396 -3.7187 -4.8063 -3.8492 -3.6686 -4.0308 -3.6050 -3.3160 -3.6760 -4.0676 -4.1134 -4.0404 -3.9785 -3.9269 -3.7799 -3.7785 -3.3900 -3.8339 -4.0277 -3.8563 -3.7643 -3.5456 -3.3856 0.3626 
-2.5494 -2.7726 -3.1781 -2.4243 -3.5993 -2.8634 -3.2364 -3.3801 -4.4104 -3.3764 -3.6926 -3.3366 -3.1005 -2.4261 -2.5757 -2.8178 -3.1767 -3.1317 -3.1935 -2.7326 -2.9694 -2.7301 -2.4914 -3.0814 -3.1842 -3.2541 -3.3042 -2.8766 -2.7738 0.3070 
-2.0794 -2.4849 -2.4849 -1.9867 -2.8730 -2.3658 -2.3569 -2.3003 -2.6464 -2.8244 -2.8836 -2.8858 -2.2542 -1.9701 -2.3706 -2.0880 -2.2719 -2.1930 -2.5456 -2.3794 -2.1983 -2.2305 -2.0581 -2.0471 -2.1438 -2.5179 -2.4630 -1.9831 -2.1408 0.2473 
-1.2747 -1.7918 -1.7918 -1.7082 -1.8395 -2.1846 -2.2694 -1.7793 -1.5323 -1.4954 -1.9285 -1.5574 -1.2761 -1.4772 -1.7049 -1.5237 -1.6114 -1.5737 -1.6730 -1.7312 -1.7355 -1.7602 -1.7224 -1.8419 -1.2696 -1.5767 -2.1892 -1.5643 -1.7440 0.1896 
0.0303 -2.1383 -0.7123 -1.0268 -0.5937 -1.6354 -1.0505 -1.1751 -1.1206 -1.0483 -1.4416 -1.5857 -0.7915 -0.9643 -1.0796 -1.3754 -1.4402 -0.9200 -1.0123 -1.0967 -0.9362 -0.7529 -0.6893 -1.0406 -0.9027 -1.2254 -1.2832 -0.9380 -1.1117 0.0439 
-inf -1.4452 -0.5638 -0.9268 -1.7610 -1.2685 -0.5581 -1.1766 -1.1475 -1.0012 -1.6556 -1.2321 -0.5207 -0.8019 -0.4566 -0.5212 -1.2908 -0.7817 -0.7237 -0.7811 -0.6981 -0.2524 -0.4189 -0.4858 -0.3177 -0.7652 -0.4496 -0.1088 -0.3447 0.0882 
0.8047 0.8047 -0.2939 0.3368 -0.6358 0.3406 -0.2860 -1.2040 -0.5006 0.3836 0.1052 -0.1842 0.2345 0.5370 -0.0258 0.4283 0.0416 -0.1966 -0.1169 0.0543 -0.2326 0.0964 -0.1313 -0.2817 0.1150 0.0511 0.0175 0.1725 -0.0788 0.2584 
0.0000 -0.4055 -0.4055 0.3993 1.2859 1.0113 0.0402 0.8671 0.9021 0.6202 1.0645 1.0288 0.8363 0.9321 0.7225 -0.1201 0.7288 0.9015 0.5412 0.9571 0.7171 0.7567 1.0566 0.6627 0.9772 0.7122 0.9290 1.2301 0.6586 0.8432 
-inf 1.5156 1.9992 1.9735 1.5753 1.4644 0.9291 1.0093 1.0330 -0.6931 1.1141 1.0185 1.3241 1.7766 1.9680 1.3589 1.4406 1.4844 1.5170 1.4383 1.1336 1.4572 1.1625 1.3216 1.5408 1.2607 1.5468 1.9051 1.2580 1.4456 
-inf 2.3671 2.4245 1.0986 1.4469 1.5581 2.1351 2.5150 1.5778 1.8593 1.7057 2.2054 2.2078 1.9709 1.5128 1.7570 2.1151 2.1005 1.9047 2.1144 2.0702 1.9562 1.9504 1.7376 2.0752 1.9610 1.9681 2.2314 1.8783 1.9596 
2.0794 2.7726 1.6740 2.7252 2.6741 2.2513 3.0965 2.9936 2.2030 2.4258 2.6291 2.0727 2.8486 3.0291 3.1806 2.1239 2.6247 2.9357 2.6219 2.4336 2.6578 2.6924 2.7361 2.4907 2.6100 2.5909 2.6986 3.0289 2.7054 2.6975 
2.7726 3.4657 3.5415 1.6740 3.2538 3.1987 3.5892 3.3296 2.8724 2.7073 3.1583 3.4476 2.7797 3.5493 3.5044 3.5431 3.2857 3.5821 3.6727 3.5371 3.1852 3.4278 3.3697 3.3091 3.1601 3.2645 3.1443 3.5907 3.2628 3.3842 
4.1892 4.1589 3.0603 4.5262 4.4681 4.0754 3.8240 3.7250 3.7239 4.1531 4.2267 3.9905 3.5036 4.1584 3.8595 3.9921 4.1372 3.5713 3.7558 4.1414 4.1123 4.1035 3.7497 4.0158 4.0269 3.7970 3.9638 4.3210 3.7575 3.7740 
4.8823 4.8520 4.8520 4.8622 4.8886 4.6228 4.3041 4.4144 4.1409 4.9132 4.6044 4.6300 4.3163 4.9688 5.0224 4.8752 4.1367 4.3949 4.6779 4.6108 4.5960 4.7076 4.2401 4.2823 4.4333 4.7736 4.7845 4.8680 4.6509 4.4248 
6.2461 5.2513 4.4466 5.2575 4.9698 4.9968 3.8712 3.7304 4.6709 4.2924 5.5720 5.0016 5.7096 5.6232 5.8012 5.3989 4.8982 5.1693 5.2389 4.5400 5.2545 5.7601 5.5338 5.4889 5.4760 5.5743 5.7486 5.7194 5.2322 5.0352 
4.8520 5.8329 5.8329 5.8930 5.6316 5.8906 5.8551 6.5250 6.3960 5.8254 5.6913 5.9464 5.4498 5.7172 6.6264 6.3087 6.3177 5.9727 5.7757 6.0692 5.9987 5.8665 5.9327 6.0631 6.0708 5.9373 6.1640 6.0140 6.0167 6.0771 
-inf 5.8329 6.9315 6.8669 6.5793 5.8078 6.9265 6.6949 6.6032 6.1693 6.7692 7.0603 6.5890 6.4862 7.1678 6.8087 6.4308 6.1430 5.9736 6.5035 6.5265 6.4345 6.6681 6.5519 6.6772 6.5965 6.6083 6.8369 6.7298 6.5111 
7.7362 7.3307 7.9123 7.3369 7.9544 7.4068 7.9835 7.7478 7.8065 7.9594 7.7599 7.6315 7.8868 7.4777 7.4392 7.6345 7.3212 7.0337 7.2103 7.4925 7.5207 7.6649 7.6083 7.5737 7.7012 7.7129 7.2997 7.4047 7.4659 7.4142 
6.9315 7.5657 8.4471 7.0856 7.2499 7.5262 8.0653 7.7000 7.7372 7.8208 8.0919 7.8390 8.1200 8.3524 8.1728 7.0628 7.7168 7.7378 7.6051 7.5184 7.5119 7.8521 7.9881 7.8026 7.9192 7.7716 8.0800 8.2149 8.2183 8.0781 
9.0109 8.3178 7.2192 8.6362 8.8951 7.8478 8.3546 8.8654 8.5881 8.5691 8.5131 8.5884 8.5683 8.5255 8.5996 8.8963 8.9372 8.2466 8.0219 8.7121 8.7897 8.9116 8.7600 8.7408 8.8979 8.7144 8.6328 8.9844 8.6694 8.3729 
8.3178 9.4102 -inf 9.4377 9.1787 9.0278 9.2369 9.8630 9.7435 9.3319 9.6422 9.7126 9.8239 9.7182 10.0492 9.7967 9.3479 8.9332 9.0623 9.5850 9.3502 9.4247 9.3662 9.3589 9.5639 9.2431 9.0917 9.0232 8.8820 8.9610 
9.0109 10.7438 10.5265 9.9104 10.3574 10.0583 10.1423 9.9667 9.6978 10.2106 9.9582 9.8831 10.3378 10.2333 10.4043 10.5110 9.8905 9.8163 10.0627 9.9060 9.8317 10.1086 10.0990 10.1187 10.0888 10.3043 9.7764 9.7744 9.5068 9.7751 
10.3972 9.2986 9.2986 10.7307 10.4979 10.4166 10.8114 10.9704 10.6754 10.5332 10.7257 10.3026 10.8508 10.8941 9.9849 10.8580 10.5509 10.3780 10.3565 10.5014 10.2677 10.5045 10.3500 10.4936 10.6486 10.5419 10.5565 10.5921 10.4252 10.6137 
11.7835 11.3780 11.0315 11.5572 11.1656 10.7601 11.3368 11.2096 11.5228 11.5874 11.0507 11.2557 10.5726 11.1632 11.5199 11.4872 11.3985 10.8508 10.9785 11.3538 11.0570 11.3600 11.4222 11.3984 11.1819 11.3517 11.0249 11.2689 11.3015 11.3398 
12.5070 12.4766 12.0712 11.8314 12.2872 11.7056 12.3838 12.2402 11.8938 12.1629 12.0967 12.1908 12.0254 11.6511 12.4293 12.2897 12.0639 11.8834 12.0274 12.1561 11.9873 12.1801 12.0971 12.2253 12.2116 12.1322 11.7380 11.6656 11.8644 11.8811 
12.4766 12.4766 12.9875 13.0508 13.3232 12.0554 12.6218 12.7095 12.6086 12.4010 12.7522 12.5261 12.8900 13.1435 12.8551 13.1520 12.9679 12.4702 12.3564 12.8294 12.8535 13.0854 12.7738 12.6610 12.7842 12.7083 12.7650 12.6643 12.5424 12.6693 
-inf -inf -inf 13.8379 13.5791 12.4919 12.9673 12.6793 12.1200 12.9557 13.7983 13.4945 13.2976 13.5495 13.6821 13.2752 13.3207 12.7464 12.8687 12.8173 13.1484 13.1664 12.9593 13.3547 13.5832 13.3308 13.1639 13.2538 13.1201 13.1309 
13.1698 14.1068 13.8629 14.6413 13.6334 12.9579 13.1260 13.6482 14.0844 13.8792 14.1114 13.6888 13.6293 14.2437 14.1737 14.0114 14.1342 14.0513 13.8835 14.0379 14.1403 13.9334 14.1953 14.1397 14.5137 14.3590 14.0197 13.9012 13.8051 13.9448 
15.2796 14.8438 15.2492 14.0171 13.9807 13.5753 14.4226 14.5640 13.9093 13.7247 14.0763 13.7604 14.2732 14.7331 14.9719 14.4277 14.7662 14.5526 14.3699 14.3470 14.5242 14.5951 14.6924 14.9707 14.8364 14.9979 14.7620 14.5641 14.3712 14.6857 
15.2492 14.9553 -inf 15.1223 14.7889 13.9745 14.6677 14.3329 14.7500 15.4182 14.0319 14.9044 15.2672 15.3080 15.2115 15.4981 15.2734 15.0949 15.3324 15.4868 15.4084 15.4816 15.4751 15.5960 15.5879 15.5800 15.0546 14.9620 15.0674 15.0925 
14.5561 14.8438 16.4532 15.6817 15.3670 15.3670 15.9681 15.8617 15.1967 16.1656 16.0232 15.8730 15.6960 15.8246 15.9112 15.9856 16.1623 15.6621 15.3522 15.7228 15.4488 15.7352 15.9180 15.7332 15.8547 15.9919 15.6962 15.7826 15.7459 15.7994 
15.2492 16.9232 16.2301 15.5374 17.0656 15.9997 15.4724 16.0368 16.1934 16.3584 15.9683 16.8473 17.0301 17.1802 16.7877 16.9355 16.4089 16.2038 16.6455 16.7381 16.3705 16.2898 16.4241 16.7985 16.8351 16.5762 16.2412 16.2756 16.1144 16.3835 
18.0521 17.4044 17.0348 16.9839 16.9076 16.6658 17.0991 17.4044 17.4430 16.9837 17.3059 16.8986 16.5589 17.0454 17.8273 17.5104 17.4316 17.2242 16.8144 17.1278 17.0746 16.9221 16.7088 16.7328 16.9876 17.0418 16.9992 16.9540 16.5302 16.9859 
17.3287 17.6164 16.9232 17.6281 17.0566 17.4076 17.6154 17.9155 17.4232 17.5867 17.9987 16.3058 17.4100 17.9401 17.8076 17.7978 17.7282 17.8238 17.8655 17.7251 17.6653 17.9447 17.9707 17.9531 18.0737 18.0563 17.6655 17.4897 17.5007 17.5965 
-inf 19.2258 18.7150 17.1951 18.2728 18.2227 17.7545 18.5309 18.4885 18.4416 16.7441 18.4060 18.4289 18.4863 18.8634 18.5204 17.9738 18.3015 18.5930 18.8382 18.4465 18.5356 18.7939 18.9526 19.0601 18.8047 18.5079 18.8450 18.6600 18.5671 
19.4081 19.4081 18.3095 18.1019 18.6165 19.2790 19.5503 18.5188 18.7149 18.4573 18.6984 19.8147 19.7490 18.7441 18.1067 18.9350 19.3526 18.6035 19.1250 19.1308 19.0526 18.6492 18.3870 18.9549 19.1932 18.9961 18.9294 19.1124 18.6914 18.9650 
20.1013 19.0027 -inf 18.5327 19.4687 19.9429 19.3436 19.1008 19.2259 19.0350 19.9188 20.4068 19.5495 19.8239 19.7858 19.6844 19.5325 19.5921 19.8202 19.9760 19.8211 20.0073 19.6787 19.9165 20.1047 19.9274 19.5372 19.7190 19.6859 19.7149 
