23.8116 3.0983 -2.6349 -0.3075 -0.0935 0.4453 0.9299 0.2455 -0.2978 -0.1499 -0.2909 -0.1684 -0.2420 
23.8285 4.2262 -1.0474 -0.9209 -0.5420 -0.0398 -0.1784 -0.4994 0.0811 0.1830 0.1667 -0.3171 -0.4036 
23.2776 2.9785 -2.0458 -1.1549 -0.0679 0.6151 -0.6667 -0.8251 -0.1649 -0.3954 0.1164 -0.8403 -0.2790 
23.8231 2.5221 -1.8348 -1.5017 -0.3697 0.8668 0.0452 -1.1932 -0.1744 0.1272 -0.0168 0.0939 0.2710 
21.0461 0.5452 -2.3366 -0.7825 0.1588 0.6804 1.3579 0.8020 0.2868 -0.4479 0.3184 0.1440 -0.8997 
21.2967 1.3581 -2.0067 -1.2556 -0.0603 0.9402 0.2958 -0.2277 -0.3126 0.1524 -0.2961 -0.5947 0.0592 
22.5602 0.9148 -4.0073 -2.6088 0.0714 -0.5298 0.2292 -0.1634 -1.2054 0.2102 0.1851 -0.3944 -0.0157 
22.3140 0.8148 -3.8969 -2.3778 0.0201 0.3484 0.8382 -1.2439 -0.5381 0.8785 -0.0393 0.2090 0.4107 
20.9410 1.3679 -1.3569 -1.5216 -0.9854 -0.9470 -0.1936 -0.7798 -0.4456 0.0825 -0.0353 0.1025 0.2267 
21.6668 1.0088 -2.6204 -1.7765 -0.5192 0.1184 0.0108 -1.4349 -1.1026 0.7055 -0.6773 0.3989 0.5535 
22.7343 2.5995 -2.1696 -2.1322 -0.4856 0.6163 -0.0151 -0.7555 -0.4107 0.5705 -0.1996 -0.2310 -0.2262 
25.2151 2.8334 -2.2280 -2.1631 -0.8252 0.0763 0.5447 -0.4599 -0.0947 -0.1262 -0.0391 -0.2232 -0.3593 
25.3135 2.9332 -3.0124 -1.5434 -1.2513 0.0762 -0.0736 -0.4307 -0.7072 0.1791 0.2354 0.5291 0.2652 
25.0506 3.2279 -0.8337 -2.1409 -1.0573 -0.0764 -0.1338 -0.3625 0.2254 -0.1824 -0.2454 0.0854 0.3465 
24.4635 3.3955 -2.0693 -0.3604 -0.2962 0.4333 -0.5036 -0.7072 -0.9058 -0.0138 0.1916 -0.2203 -0.0143 
23.1657 2.1157 -2.0433 -0.1716 -0.7341 0.4388 -0.0164 -0.0320 0.2049 -0.5428 0.5812 -0.1548 -0.5118 
24.7177 0.9340 -3.7459 -0.8650 -1.0520 -0.3444 0.2328 -1.2190 0.0383 -0.4615 -0.6559 -0.7630 0.2080 
25.1594 1.5774 -1.3404 -0.9256 -1.2363 0.1087 1.3983 0.1153 -0.1611 -0.6755 -0.4363 -0.0917 0.0341 
22.7444 1.6032 -1.0737 -0.3573 -0.0700 0.6695 0.3848 -0.4032 -0.7504 -0.8710 0.5023 -0.3264 -0.1392 
20.4062 0.3554 -0.5410 -0.8096 -1.0135 -0.2538 -0.2917 -0.6660 0.0146 1.1171 0.8081 0.1389 -0.0137 
20.8206 0.9795 -1.4634 -0.3380 -1.3579 -0.3709 -1.2372 -0.2115 0.6452 -0.2592 0.2723 0.3301 0.3216 
22.7278 1.4026 -1.4895 -1.2751 -0.9805 0.4579 -0.8812 -1.4102 0.1033 0.1676 -0.2423 -0.2496 -0.0058 
25.9102 0.8037 -3.3223 -3.2541 0.8414 1.7415 -0.0521 -1.0309 -0.3187 -0.3560 -0.6341 0.1611 0.2847 
25.7144 -0.0684 -4.4299 -3.8966 -0.1154 0.2021 0.5393 -0.8630 -0.3248 0.0329 0.4267 -0.5504 -0.0599 
25.4805 -0.0721 -2.7594 -3.3894 -1.4344 0.1347 1.6951 0.0964 0.6325 0.4131 0.3487 0.1918 0.2931 
26.3693 1.4175 -3.6220 -3.5639 -1.1767 0.5101 0.2734 -0.3335 -0.4319 -0.6706 -0.1917 -0.4517 -0.3635 
27.2563 2.4581 -3.7429 -2.6628 -1.8970 -0.8898 -0.0590 -1.0670 -0.7345 -0.1500 -0.9099 -0.7302 0.4071 
26.6325 0.5638 -4.8256 -1.9975 -0.9874 0.3385 0.1440 -0.4965 -1.0742 -0.4239 -0.7675 -0.6337 -0.1459 
27.9442 1.6219 -4.3860 -2.1321 -1.3429 0.2032 0.4350 0.1464 -0.6101 0.7498 0.2047 0.2244 0.0534 
25.6102 1.5252 -2.7950 -1.1512 -0.2850 0.1253 1.7794 -1.0243 -0.3866 1.0383 -1.0737 -0.5297 0.0432 
25.7349 1.0492 -2.9916 -1.1178 -0.1753 -0.3339 0.3263 -0.6230 0.0453 1.2590 0.1909 0.1907 -0.2410 
24.8426 0.7590 -3.4646 -1.2305 -0.9030 0.5438 0.6208 0.2121 -0.8054 0.5943 -0.1118 0.2427 -0.0191 
23.7425 0.0648 -2.4315 -0.9408 0.0259 -0.1794 -0.1597 -1.3682 -1.1508 0.2165 0.2005 -0.4729 0.1859 
23.7360 0.0763 -2.3084 -0.4955 -0.7788 -0.8514 0.8996 -0.0514 -0.2105 0.1859 -0.3663 0.0990 -0.0173 
23.7643 0.7184 -1.9906 -1.3765 -0.8525 -0.2670 0.3534 -1.1075 -0.3438 -0.0208 -0.0092 0.1507 -0.0062 
22.6132 -0.3173 -0.9814 -1.0972 -2.0051 -0.9723 0.6186 0.2505 -0.5409 -0.0508 0.3747 -0.0848 -0.2035 
22.2903 -0.8820 -1.5764 -1.2016 -0.4796 0.1321 0.0037 -0.3713 -0.1180 0.0226 -0.2623 0.5707 -0.3338 
23.5862 1.0625 -2.5593 -1.6776 -0.5276 -0.1382 0.1002 -0.2123 0.7462 -0.5315 0.0051 0.4105 -0.7499 
23.1751 0.1535 -1.0065 -0.6618 -1.0067 -1.0519 0.2984 -0.6382 0.2916 0.0978 0.0347 0.2746 -0.3138 
23.4115 0.3232 -1.7019 -1.2070 -0.8264 -0.6950 0.2201 -0.2771 0.0310 0.5265 0.3051 -0.3576 0.2322 
22.8574 -0.7810 -2.7583 -0.9467 -1.7259 -0.0760 0.1251 0.2077 0.3455 0.0759 -0.4807 -0.1971 -0.7732 
23.2145 0.0378 -1.7191 -0.6982 -1.8677 -1.7209 0.1560 -1.1805 -0.2670 -0.0821 -0.5542 -0.2913 -0.2259 
22.4565 0.8800 -1.4862 -1.4035 -0.8294 0.2984 0.4939 -1.2595 0.3188 -0.3105 -0.2697 -0.2788 -0.3802 
22.9171 1.0350 -1.9296 -0.7033 -1.0042 -0.1930 -0.5176 -0.6389 0.3296 0.5602 -0.1056 0.1419 -0.2675 
22.8635 0.9210 -1.8816 -1.5961 -0.8277 -0.3662 0.2558 -1.0532 1.2888 1.0041 -0.0426 0.3816 0.6087 
22.8684 0.6439 -1.5529 -0.5494 -0.8058 -0.0750 0.0310 -0.8181 0.0697 -0.0023 0.0824 -0.4235 -0.2404 
22.4266 -0.2880 -1.8005 -1.6829 -1.6385 0.1533 -0.0040 -0.5591 0.4872 0.8109 -0.0693 -0.2448 -0.3321 
21.8818 0.5213 -1.2675 -0.2257 -0.6924 -1.7551 -0.0228 -1.0371 -0.4611 0.3952 -0.1346 -0.0953 -0.0784 
20.9201 0.6822 -0.2024 -1.7334 -0.7441 -0.0733 0.2800 0.2973 0.1045 0.4596 -0.1534 -0.6281 0.3121 
25.2508 -0.6244 -0.0490 -2.0877 -0.7495 0.0968 -0.6090 -0.6553 0.4236 0.2415 0.2704 -0.2547 -0.3237 
31.9348 -2.9105 -2.6576 -2.7624 -1.2021 0.3897 0.4822 -0.5814 -0.1314 0.4432 -0.0767 0.3074 0.1335 
30.0438 -0.6532 -1.4384 -1.6127 -2.0207 -0.0571 -0.8954 -0.0330 0.0181 0.7390 -0.6237 -0.0684 0.1970 
26.7338 1.2113 -0.8767 -1.4804 -1.3908 -0.5585 -0.3665 -0.3537 0.1554 0.6308 -0.0667 0.0006 -0.4985 
24.6423 -0.0826 -1.7814 -1.2287 -1.2602 -0.1453 -0.4200 0.0499 0.2959 1.3916 -0.5638 -0.1475 -0.1516 
24.9344 0.6891 -2.6645 -1.4633 -0.9743 0.1997 -0.4409 -0.2475 -0.8390 -0.0204 -0.5456 -0.4480 -0.0359 
22.2724 -0.1359 -0.8321 -0.9266 -1.4977 0.2396 0.1621 -0.7536 -0.3749 -0.0162 -0.3271 -0.2393 -0.2347 
23.3056 1.5241 -1.0848 -0.7270 -1.2435 -0.1317 -0.1889 0.0952 -0.8815 0.7475 -0.4495 -0.2029 0.0540 
23.5280 0.7748 -0.1012 -0.5613 -0.5703 -1.1581 0.0895 -0.1185 -0.3642 0.7872 -0.5254 0.4217 0.0403 
22.1117 1.1303 -0.9566 -1.7949 -0.4371 0.0141 -1.2636 -0.0089 0.3533 1.1262 0.0228 0.1395 0.1846 
23.2721 0.6287 -0.4147 -1.4813 0.1986 -0.8570 -0.4597 -0.7997 -0.9228 0.5875 0.4235 0.2863 0.0678 
25.0195 -0.4512 -1.2038 -1.3400 -0.8154 -1.0150 -0.1479 -0.6663 -1.1099 0.8771 -0.4471 -0.2034 -0.0098 
24.1605 -1.6350 -2.7801 -0.9973 -0.5357 0.0759 0.6150 -0.8675 -0.5146 -0.3458 -0.0709 -0.2267 -0.8153 
24.3979 -1.1875 -2.5550 -0.2586 -0.4114 -0.4294 -0.8540 -0.7312 0.1010 0.9238 0.0537 -0.0938 -0.0232 
25.1965 0.7882 -1.9010 -1.2423 -0.9802 0.5263 -0.1792 -1.1268 0.1681 -0.6854 0.1780 0.1047 0.0942 
25.8646 0.7367 -2.5500 -2.2114 -0.4957 0.3456 -0.2579 -0.6697 0.2545 -0.4597 0.2215 0.2780 0.2375 
25.5501 0.1133 -3.3315 -1.3981 -0.6906 0.7864 1.1165 -0.1755 0.2682 -0.8204 0.2375 -0.2995 -0.2622 
27.5537 0.3865 -2.7604 -1.8466 -0.6136 -0.8618 -0.4388 -1.2322 -0.0922 -0.2843 -0.2973 0.1731 0.2522 
26.4367 0.7583 -3.0284 -1.2785 0.2637 -0.0835 -0.1846 -0.4901 -0.3426 -0.1363 0.0454 -0.3749 0.0458 
26.5439 -0.9428 -3.1180 -1.9122 -0.8276 0.4218 -0.2944 -0.9080 0.6555 0.2822 -0.6298 0.1356 0.5347 
26.3184 1.3254 -3.6336 -1.6822 -0.6782 0.4582 -0.1777 -0.6785 -0.4712 -0.0936 -0.5621 0.1342 0.2267 
27.2107 1.3723 -2.5545 -1.5583 0.2438 0.2357 -1.0827 -1.0791 -0.4890 0.4267 -0.5325 -0.4344 -0.2354 
27.5305 2.9421 -2.8294 -2.4628 -0.1863 -0.5393 -0.1268 -1.0595 -0.9227 -0.1040 -0.1417 0.4902 -0.3096 
26.2512 1.9318 -2.3863 -2.1715 -1.1310 -0.1272 -0.6705 -1.0146 -0.5300 -0.1572 -0.7918 0.3465 0.1151 
25.1219 1.2616 -2.1990 -2.5042 -2.2239 -0.5469 -0.7936 -0.1366 -0.5485 0.4643 0.1338 -0.3120 0.3072 
23.8061 -0.0674 -2.7843 -1.8517 -0.6438 0.1153 -0.3868 0.9013 0.1246 -0.3152 -0.0702 -0.5844 -0.8789 
24.4026 0.8345 -2.2126 -2.0653 -1.7297 -0.7279 -0.3642 -0.3812 -0.0800 0.0920 0.8037 1.1720 -0.2426 
24.3414 1.6242 -1.3041 -1.5350 -0.8265 0.9781 0.0063 -1.2736 0.0623 -0.0167 -0.2811 0.1107 -0.5902 
24.2327 0.3665 -1.7180 -1.9932 -1.0029 0.7649 1.2246 -0.7967 0.9270 0.5416 -0.9053 -0.0869 0.1022 
24.5946 0.8073 -2.2709 -1.9620 -0.3355 0.8904 0.1768 0.4702 -0.1018 0.3474 0.0326 -0.1080 -0.6966 
24.2735 1.7580 -1.2873 -0.1762 -1.3066 -0.3815 -0.3557 -0.4315 -0.0814 -0.5346 -0.0117 -0.1343 -0.1185 
22.4667 -0.1545 -1.5421 -0.7619 -1.1792 -0.5093 0.1029 -1.1208 -0.2589 -0.6974 -0.4729 -0.3447 0.6538 
23.0140 0.4049 -0.9909 -2.3742 -1.9722 -0.8699 -0.7023 -0.2655 -0.3940 -0.8693 0.1734 0.0837 0.0348 
23.1700 -0.4629 -0.5591 -1.4107 -0.8251 -0.5592 -0.3994 -0.5289 -0.8226 -0.0426 -0.4910 0.1303 0.3875 
23.8151 -0.3395 -1.2602 -1.0079 -0.6776 0.4793 -0.0426 -0.2946 -0.2028 -0.5782 -0.5793 -0.0547 0.1146 
23.2582 1.1213 -1.5941 -0.2649 -0.2481 0.1150 -1.1177 -0.7472 -0.6246 -0.5125 0.9060 -0.0780 0.1705 
24.0552 1.0896 -1.6029 -0.7805 -0.9701 -0.9832 -0.9718 -0.4909 0.3645 0.2918 0.1706 -0.0147 0.3237 
23.1246 0.3641 0.0436 0.2371 -1.2192 -0.7197 -1.4833 -0.8376 0.9278 0.5097 -0.0615 -0.2265 -0.6767 
23.6982 2.0384 -0.8687 -1.7256 -1.0973 -1.0741 0.3277 -0.4369 -0.0204 -0.4297 0.1432 -0.1355 0.0873 
24.3745 2.3243 -0.6832 -0.5500 -0.6097 -1.3986 -0.8619 -1.2147 -0.3960 0.9799 0.0248 -0.1294 -0.1478 
25.4074 2.7556 -0.0046 -0.8697 -1.9922 -1.1710 -0.8691 -0.3365 -0.2943 0.8322 0.3484 0.5289 0.1283 
29.5195 4.0181 -1.1468 -2.2059 -1.5172 -1.6982 -0.9171 -0.8678 -0.4578 -0.3206 0.3721 0.2152 -0.7664 
30.4738 4.9591 -2.5932 -2.4505 -1.6374 -0.7417 -1.1451 -0.8366 -0.2548 0.5059 0.4947 0.3068 0.0788 
30.3592 4.5236 -1.7379 -3.0734 -1.0262 -1.1867 -1.5224 -0.6118 -0.8252 -0.2030 0.5515 0.8003 -0.7291 
30.3435 4.8966 -2.4262 -1.7965 -1.7652 -0.8644 -0.9633 -1.1997 -1.0827 0.4381 0.2356 0.2067 0.0850 
29.5741 3.9595 -1.6711 -2.4880 -2.1435 -1.7673 -1.0526 -1.4848 -1.2261 -0.5742 0.0868 0.0625 -0.1332 
28.5859 4.0348 -1.4004 -2.6887 -1.9738 -1.5445 -1.6816 -1.0675 -0.8092 -0.8346 -0.0765 0.6317 -0.5260 
28.5730 3.9893 -1.9600 -2.2757 -2.3134 -1.1127 -1.5705 -1.7777 -0.9393 0.3407 -0.0152 -0.1899 -0.4377 
27.9779 4.4264 -1.6513 -2.5483 -2.4379 -0.4292 -1.0417 -1.8517 -0.6512 0.4043 0.5073 -0.1794 0.0120 
28.4459 4.2288 -1.4654 -2.5338 -0.8644 -1.0807 -1.4218 -0.5011 -0.7525 0.5556 0.6123 0.4286 0.1791 
29.0763 4.1470 -2.2541 -2.8483 -1.9092 -1.1176 -1.4293 -1.0069 -0.3356 0.3418 0.1177 -0.0772 0.1471 
29.3762 3.6710 -1.3302 -1.7621 -1.8903 -1.2415 -1.2358 -1.2012 -0.1571 0.2482 0.5361 0.3826 -0.8049 
32.9605 2.1457 -3.3632 -1.1313 -2.0580 -1.2090 -1.2525 -0.4426 -0.0090 0.2310 0.2810 0.3894 -0.5501 
36.9816 -0.9355 -2.9061 -0.4096 -1.7686 -1.3315 -1.1754 -0.5350 0.0073 0.6861 0.5355 -0.3527 -0.3409 
36.8940 -2.0141 -2.5453 0.1260 -2.6268 -0.3350 -0.5116 -0.5816 -0.3013 0.1917 0.5454 0.4513 0.0344 
37.1405 -2.3598 -2.0544 0.0522 -1.9500 -1.2202 -0.9941 -1.2030 -0.3957 0.1430 -0.2005 -0.2994 -0.3681 
36.7102 -2.5819 -2.3737 0.2110 -2.5572 -0.2979 -1.1611 -1.4788 -0.5966 -0.3837 -0.2262 0.3384 -0.1978 
38.5395 -2.3561 -1.8694 0.0290 -2.3618 -0.7633 -0.0456 -0.8909 -0.1742 -0.7942 -0.3865 0.2002 -0.1215 
36.4638 -2.3259 -2.4224 0.4332 -2.4608 -0.7114 -0.3629 -1.3773 -1.1568 -0.7456 -1.0277 -0.3525 0.0808 
36.7624 -2.1770 -1.3381 0.2222 -2.0611 -0.6796 -1.2942 -1.9532 -0.6381 0.0716 -0.2101 -0.0325 -0.5682 
38.0302 -2.0316 -2.4040 -0.1272 -1.9754 -0.8083 -0.3989 -1.4901 -0.5771 -0.9689 -0.5806 0.2166 -0.5354 
37.4665 -1.1004 -1.7950 0.1630 -1.9763 -0.6678 -0.5357 -0.8091 -0.6955 -0.1453 -1.0998 0.0771 0.1248 
38.4849 -1.9751 -1.4889 0.1291 -1.9282 -0.4669 -0.2597 -1.0450 -0.3703 -0.5293 -0.8953 -0.2083 0.2177 
37.6687 -1.7991 -2.1134 -0.0889 -2.4375 -0.8894 -0.8117 -0.9973 -0.6116 -1.0379 -1.0697 -0.6403 0.2070 
37.4373 -1.9637 -1.6900 0.0928 -2.2968 -1.0935 -0.5526 -1.0534 -0.3766 -0.6720 -1.0320 -0.4297 0.3029 
37.3833 -1.6630 -1.8430 0.2874 -2.1731 -0.4796 -0.6394 -0.5876 -0.5269 -0.8909 -1.1275 -0.2930 0.2764 
37.3697 -2.2942 -2.5475 0.0518 -2.5082 -0.7951 -1.0267 -0.9763 -0.8128 -0.9496 -1.1884 -0.3218 0.0482 
37.6270 -2.1618 -2.2361 0.0131 -2.3379 -0.7012 -0.7525 -0.7378 -0.4979 -0.5840 -0.9578 -0.1613 0.0529 
36.8203 -2.3226 -2.1865 0.3536 -2.1689 -0.7151 -0.6049 -0.4768 -0.5179 -0.8675 -1.4022 -0.1818 0.2426 
36.7547 -2.4616 -2.2962 0.3454 -2.2646 -0.9926 -0.7837 -0.7679 -0.3771 -0.6970 -1.1801 -0.0487 0.1095 
36.6036 -1.8603 -2.2543 0.6235 -2.2671 -0.4836 -0.4272 -0.7637 -0.5600 -0.4470 -1.0479 -0.1533 0.1093 
36.3876 -1.6578 -2.3333 0.7119 -2.1705 -0.8170 -0.9214 -0.6101 -0.4002 -0.4853 -1.0301 0.1516 0.1090 
37.0972 -1.2975 -2.4156 0.3388 -1.3166 -0.3807 -0.1208 -0.8639 -0.5949 -0.4240 -0.7833 0.1372 -0.0042 
35.3980 -1.4989 -2.9301 -0.2653 -2.3843 -1.1884 -0.7154 -1.1794 -0.5342 -0.9127 -1.1175 -0.2825 0.0630 
35.5495 -0.5732 -2.7834 0.0457 -1.3339 -0.4705 -0.4619 -0.8281 -0.4454 -0.6278 -0.8610 -0.0324 0.0236 
35.1661 -0.6591 -3.3030 -0.2734 -2.0179 -1.2562 -0.9099 -0.8394 -0.6878 -0.5106 -1.1422 -0.0556 -0.1685 
34.3599 0.0321 -3.5821 0.2608 -1.8624 -0.7562 -0.8985 -0.5037 -0.8224 -0.2856 -1.2963 0.1008 -0.3542 
34.4579 0.9934 -3.4829 0.5636 -1.6797 -0.2207 -1.0646 -0.1867 -0.6031 -0.4372 -0.9164 0.1334 -0.1845 
33.8622 0.8090 -3.4056 -0.0694 -1.2793 -0.4222 -1.0606 -0.4686 -0.5516 -0.4483 -0.5318 -0.1786 -0.2123 
33.1453 0.5484 -3.0996 -0.3409 -0.8750 -1.1844 -1.2106 -0.6216 -0.6711 -0.6442 -0.7807 -0.1494 -0.0461 
32.8699 0.7602 -3.7654 -0.2639 -1.5818 -1.0935 -1.6592 -0.4804 -0.7853 -0.6533 -1.0035 -0.0778 -0.0016 
32.6694 1.5899 -3.4924 -0.0655 -1.0318 -0.5323 -1.2122 -0.6636 -0.3997 -0.6443 -0.5000 -0.3127 -0.0734 
31.6745 2.0306 -2.4015 -0.6527 -0.9304 -0.3984 -0.8346 -0.7031 -0.4817 -0.4402 -0.8313 -0.1384 0.1141 
29.5091 3.7594 -2.6243 -0.5446 -0.7496 -1.2794 -1.2314 0.2278 0.0631 -1.1558 -1.5041 0.1831 0.4374 
30.5498 3.9482 -3.7996 -0.3764 -1.0019 -0.6364 -0.7277 -0.7399 -0.4083 -0.2890 -0.8313 -0.0040 -0.0488 
29.4371 2.9030 -2.7138 -0.7543 -0.5921 -0.8429 -1.3971 -0.8435 0.0897 -0.6266 -0.7595 0.2891 0.2127 
29.5947 2.9234 -3.2856 -0.4669 -0.9019 -1.3117 -0.5566 -0.8804 -0.1820 -1.0877 -0.6769 -0.2288 0.2768 
28.3945 2.9121 -2.9955 -1.3870 -0.4440 -1.2766 -1.0517 -1.3396 -0.5777 -0.7601 -0.9702 0.0206 -0.3358 
28.3141 3.3095 -1.7943 -1.8115 -0.6423 -1.3177 -1.3278 -1.1599 -0.6175 -0.5229 -0.2616 -0.1267 -0.2276 
26.9907 3.1576 -1.2330 -1.0999 -0.5634 -0.9627 -1.0598 -1.7148 -0.1988 -0.0838 -0.3467 -0.1405 -0.5275 
25.1225 1.7928 -1.2192 -0.4515 -1.3626 -1.6981 -1.7128 -1.9268 -0.8101 -0.5934 -0.0117 0.1557 -0.6927 
25.1117 2.4251 0.1741 -1.1886 -2.0184 -0.3139 -0.5453 -0.7354 -0.9096 0.0301 0.0824 0.1750 -0.2042 
23.9434 1.6283 -0.6803 -0.8187 -0.5234 -0.8508 0.2646 -0.6908 -0.1166 0.3463 0.0040 -0.1203 -0.2065 
24.0484 1.1212 -1.9818 -0.2536 -0.7361 -0.3757 -0.1085 -0.7144 0.3518 0.9965 0.6607 -0.4778 -0.1247 
23.2787 0.2659 -2.1818 -2.0618 -0.4412 0.2110 1.0172 -0.0508 1.0552 0.9741 0.3141 -0.1405 -0.5633 
24.4330 0.8416 -0.5561 -0.5802 -0.9998 0.1426 -0.3709 -0.2828 -0.0209 0.3333 -0.4571 -0.5914 -0.4546 
26.7937 0.2048 -0.2908 -1.5520 -1.1754 -0.5667 -0.5652 -0.4641 0.0021 -0.0320 -0.3776 0.7342 -0.0535 
26.5404 -1.7768 -0.7110 -0.3709 -0.4307 -0.4018 -0.7151 -0.8604 -0.1660 0.2311 -0.6081 -0.3094 -0.3702 
25.5890 -0.9804 -2.3869 -1.5213 -0.1674 -0.0469 -0.9283 -0.5862 -0.3944 -0.2679 -0.0712 0.6513 0.1706 
24.1551 -0.7593 -1.7638 -1.4564 0.2740 -0.1243 0.4446 -1.1213 -0.0592 -0.1086 -0.5346 0.7038 -0.7524 
25.1512 0.7525 -0.8246 -0.9394 -0.5102 -0.5703 -0.3088 -1.0092 -0.9247 0.6612 0.0315 -0.1177 -0.0307 
23.8374 0.1163 -1.7561 -1.6064 -0.3821 -0.9308 -0.4806 -0.5885 -0.1629 0.4763 0.3070 -0.1228 0.2562 
24.2124 0.5871 -0.4487 -1.9023 -0.8905 -0.4805 -1.6867 -0.3914 0.5658 0.6140 -0.7097 0.1305 -0.1298 
24.3300 -0.4798 -1.7745 -1.4026 -0.4261 -0.6321 0.1450 -0.6629 0.0435 0.5661 -0.8153 -0.0455 0.2772 
23.5671 0.7256 -0.9975 -2.6981 -0.5839 -0.5892 -0.1449 0.3154 -0.3562 0.3811 0.2103 -0.1019 -0.8134 
24.3506 -0.4902 -1.7346 -2.5868 -1.3740 -0.8492 -1.0959 -1.6629 -0.6751 0.5259 -0.0491 -0.2456 -0.3153 
23.7701 -0.6947 -0.9105 -1.0703 -0.3498 -0.2100 0.2861 -1.0688 -0.6945 0.2900 -0.5955 -0.1895 -0.3090 
24.9200 0.7619 -1.2331 -1.6232 -0.2267 -0.4040 -0.3441 -0.0442 -0.5877 0.5158 -0.6277 0.6308 -0.0842 
23.6163 0.3483 0.0226 -0.6783 -0.0630 -0.8439 0.2501 0.6527 -0.2541 0.0077 0.0268 0.0673 -0.6477 
25.1204 0.9256 -0.4970 -1.5420 -0.1452 0.2799 -0.5167 -0.5509 -0.0569 0.2579 -0.1466 0.0110 -0.2307 
23.0542 -0.7824 -1.1720 -1.7868 -1.2132 -0.5141 -0.6994 -0.5118 0.1153 -0.4238 -0.8090 -0.3755 -0.2722 
23.1582 -0.3369 -2.2000 -2.5101 -1.2075 -0.8130 -0.2626 -1.6630 -0.9900 -0.1989 -0.5016 0.0745 -0.5619 
22.1417 0.0776 -0.2272 -0.3293 -0.0728 0.2818 -0.3197 -0.2093 -0.5457 0.0543 -0.5511 -0.5187 0.2469 
23.4313 0.1711 -0.6075 -1.5411 -0.1118 1.1110 0.2366 -0.2274 0.5114 0.3884 0.0293 -0.1658 -1.0625 
24.3009 0.7609 -1.9229 -1.7400 -1.1364 -0.0484 0.0722 -0.0651 -0.6279 0.2097 0.5161 -0.0809 -0.1688 
24.0571 0.4664 -0.4139 -1.0760 -0.1037 0.7771 -0.4899 -2.0797 -0.3251 0.6443 -0.3264 -0.0631 -0.0916 
23.7077 -0.0277 -1.5216 -1.6877 -0.6755 -0.1210 0.3365 -1.7149 -1.0037 0.4596 -0.0342 0.0450 -0.1171 
23.8561 0.7184 -1.9687 -2.3312 -0.4306 -0.3372 0.3049 -1.1719 0.2094 0.3381 0.6616 0.3286 -0.6291 
24.3064 1.4078 -1.0927 -2.1259 -0.8703 0.6230 -1.0552 -0.7304 0.4461 0.7626 -0.1367 -0.2253 -0.3515 
23.9485 0.5969 -1.4671 -1.8393 -0.9106 -0.4624 0.0380 -1.4536 0.3312 0.6851 0.3224 0.0668 -0.1598 
23.4551 0.2477 -2.2566 -1.1949 -0.8690 -0.0047 -0.3615 -0.7638 -0.7677 0.4454 0.5664 0.0152 -0.1322 
24.0629 -0.2810 -1.9465 -1.1179 0.4053 0.9368 -0.0996 -0.1284 -0.2354 -0.2409 0.2223 0.2120 -0.1212 
24.0148 0.5189 -1.0559 -1.8162 0.1239 0.6020 0.7256 -1.4434 -0.7510 0.5189 -0.0307 0.0871 -0.1598 
23.2004 0.1136 -2.2270 -2.1444 -0.0792 1.4266 0.9593 -0.7953 0.0106 0.8000 -0.8182 -0.1776 -0.2567 
24.2650 -0.7543 -2.3211 -1.2726 0.0871 1.2057 -0.4522 -1.3397 -0.9055 0.3820 -0.0902 0.2408 -0.2057 
24.7249 -0.0700 -1.9761 -1.7683 0.0162 0.3723 -0.2125 -0.6090 0.0850 0.0212 -0.0983 -0.3223 -0.5573 
24.2678 0.8934 -1.5310 -0.6645 -0.9682 0.4244 0.0573 -0.4270 -1.1924 -0.5709 -0.2253 0.2388 -0.1079 
23.4639 0.3047 -2.4421 -0.8220 -1.0433 -0.0483 -0.9480 -1.1732 -0.4348 -0.0368 -0.3642 0.4692 -0.2496 
24.5715 0.9614 -2.5404 -0.7411 -1.2960 0.2965 -0.5521 -0.7097 0.1650 -0.0595 -0.5325 0.4831 -0.3057 
25.0407 -0.6595 -2.2714 0.4983 0.8925 0.5344 -0.6527 -1.8426 -1.2150 -0.1437 -0.2458 0.2962 0.1172 
25.2375 0.7893 -2.5598 -2.1357 -0.0248 0.7595 -1.0911 -0.2686 -0.1444 -0.8011 0.0296 0.2735 -0.4945 
24.4985 0.3235 -2.1919 -2.3842 0.9368 0.6313 -1.6044 -0.7609 -0.3682 -1.1198 0.5028 0.7068 -0.7135 
25.7004 0.0828 -3.8145 -1.2333 0.9429 0.2009 -0.4143 -0.5130 0.4254 -0.5232 0.6428 0.8701 -0.0963 
26.2175 0.1864 -4.4214 -0.5485 0.5351 -0.4958 -0.5839 -0.9462 -0.2526 0.0114 -0.4209 0.8188 0.0910 
25.6302 0.5521 -4.8329 -0.8149 1.2245 -0.1638 -0.4208 -0.9963 -0.2119 -0.8974 -0.5938 0.4005 -0.2816 
26.1181 -0.1844 -4.2371 -0.5279 0.6549 0.2473 -0.1079 -0.6282 0.8214 -0.2525 -0.1726 0.5544 -0.2606 
26.4964 0.3039 -4.5372 -0.8216 1.1909 -0.5173 -0.4220 -0.8195 0.6580 -0.4212 -0.6009 -0.2283 -0.5164 
26.3609 -0.4223 -4.6388 -0.9752 0.5333 0.1977 -0.5217 -0.2217 0.3797 -0.3450 -0.3863 0.4921 0.4530 
27.2871 0.9036 -4.7972 -1.3150 1.1521 -0.2206 -0.6094 -1.0863 0.2532 -0.4205 -0.1915 0.0545 0.3819 
26.2489 0.7395 -4.8041 -2.9897 0.7890 -0.2145 -1.5364 -0.1489 0.3511 -0.2790 -0.8840 -0.0770 0.0257 
26.8186 -0.1497 -3.8023 -2.5151 1.1916 0.2139 -1.1426 -0.0863 1.2535 -0.0973 -1.0983 0.2785 -0.2540 
26.2928 1.4247 -4.5763 -1.1023 0.5388 0.5080 -0.4935 0.4033 1.2574 0.6935 -1.1801 -0.4234 -0.3250 
27.2886 1.2280 -5.1894 -1.6473 -0.0470 -0.0107 -0.1609 0.0348 0.5532 0.4675 -0.5814 0.1520 -0.2775 
26.1454 2.0189 -3.5267 -1.2725 0.5151 -0.6104 -0.6192 0.2626 0.3046 0.3926 -0.5920 -0.1759 0.2441 
24.3934 -1.8572 -3.1998 -1.9176 -0.1739 0.1228 -0.0032 -0.0101 1.0071 0.3073 -1.0327 0.1314 0.1762 
24.4121 0.5154 -3.3662 -0.7286 -0.2581 -1.0024 -0.2128 -0.5572 0.1639 0.0482 -0.5843 -0.0440 0.0742 
26.4430 0.5687 -2.9471 -1.4589 0.2135 -0.2205 -0.3742 -0.9284 0.4022 0.8947 -0.3414 0.2324 0.1637 
26.7544 0.9306 -2.5187 -1.4259 -0.3234 0.4107 -0.5446 -0.4587 -0.0015 0.6148 -0.0875 -0.0640 -0.1373 
25.5104 1.2448 -1.8340 -1.2003 -0.6697 0.8254 -0.1288 -0.9370 0.8107 0.2887 -0.5659 -0.5069 -0.1527 
25.7938 1.1028 -2.6919 -2.8282 0.2951 0.5258 -0.2601 -0.8475 0.3913 0.8266 0.0866 0.4904 -0.0025 
24.8230 1.5750 -4.2512 -2.9794 0.6345 0.3878 -0.5699 -0.4943 0.4893 0.3147 -0.2814 0.0555 -0.3040 
25.0319 1.4948 -2.6292 -3.5051 -0.1949 0.2707 -1.4036 -0.7072 0.4704 0.5749 -0.3819 0.1051 0.1036 
26.2192 1.8680 -4.1134 -2.2445 0.2144 0.2682 -0.1877 -0.5094 0.8095 -0.2860 0.0505 -0.8360 -0.3199 
24.9387 1.4969 -3.0381 -1.9583 0.1919 1.0638 -0.9484 -0.4399 0.5591 -0.3450 -0.5078 -0.1122 -0.4357 
24.9441 0.9976 -3.0717 -1.7804 0.9235 -0.0671 -0.6665 -1.3272 -0.4487 0.2154 0.1938 -0.4480 -0.0959 
25.0706 -0.3263 -3.1149 -2.5480 -0.3875 -0.5566 -1.4406 -1.5568 0.1479 -0.0173 0.1437 -0.4404 -0.3110 
24.9393 -0.5562 -3.1160 -2.4981 -0.8340 -0.5049 -1.0458 -1.0974 -0.5360 0.0061 -0.6618 -0.4537 -0.4374 
25.1733 0.7373 -1.8530 -1.8837 -0.5130 0.3215 -0.2409 0.0284 0.3582 0.3175 0.0503 -0.2619 -0.4136 
24.5895 0.2976 -1.5555 -1.6852 -0.7337 0.9421 0.6652 -0.6144 -0.3655 0.1722 0.0631 -0.2398 -0.3843 
23.6390 -0.3924 -1.7212 -2.1862 -1.2039 0.0025 -0.2638 -0.3621 -1.1827 0.7758 0.0329 -0.1694 0.2082 
24.1561 0.3156 -1.3729 -1.3572 -1.6605 -0.3705 0.4171 -0.3965 -0.4155 0.1066 0.3743 0.1990 0.0096 
24.1555 0.3942 -0.9255 -1.0375 -0.2702 0.1269 0.1084 -0.8037 -0.3743 0.1815 -0.9269 -0.0755 0.1863 
24.8994 -0.2743 -0.9732 -1.4463 -0.7502 -0.6542 -0.2431 -0.2483 -1.0302 0.3458 0.3157 -0.2117 0.0706 
23.0933 -0.6338 -1.3329 -1.4749 -0.5345 0.4569 0.3612 0.4593 0.0663 0.9410 -0.1724 -0.7346 -0.0582 
24.3640 -2.0424 -0.3629 -1.4700 -0.0953 0.2252 0.0349 -0.3470 -0.3690 0.5793 -0.0588 -0.8917 0.0306 
24.9080 -1.2904 0.3439 -2.0162 -1.2663 -0.5736 -0.6870 -0.7714 -0.3900 0.5614 0.4920 -0.7542 0.0172 
25.0474 -1.5002 -0.7130 -1.3959 -1.3587 -0.2326 -0.5605 0.2463 0.2062 -0.0338 -0.5045 0.3224 1.0655 
24.9523 -1.1021 -0.7288 -2.4716 -0.1202 1.3692 -0.1062 0.0857 -0.2583 -1.1953 0.0494 -0.0135 -0.4380 
24.7683 -0.0258 0.0903 -1.6007 -0.7761 0.0060 -0.5383 -0.7922 -0.1936 -0.0682 0.9758 0.1284 -0.2989 
24.7670 0.7529 -0.2441 -0.8243 -0.8551 -0.0526 -0.5974 -0.2679 0.1643 0.1096 -0.1527 -0.3665 -0.1637 
24.3637 -1.5425 -0.6124 -0.9335 -0.0219 0.0162 0.1360 0.1522 -0.0211 -0.3644 -0.8369 -0.1099 -0.4559 
24.9503 -0.0822 -0.1430 -2.4753 0.0125 -1.0641 0.4583 0.0657 -0.3507 -0.3434 -0.5003 -0.1485 -0.1012 
24.7393 0.0495 -0.9887 -0.8971 0.7956 -0.1301 -1.2178 -0.8167 -0.1392 0.0058 -0.2618 0.0436 -0.2200 
24.3122 0.0220 -0.9722 -1.1271 -0.2938 -1.0501 -1.0184 -0.0430 0.7897 -0.7621 -1.2643 -0.2754 0.1579 
24.8062 0.8457 -1.6296 -1.1655 -0.3427 -1.0524 -0.3432 -0.3021 0.6410 0.3600 -0.4981 0.0552 -0.1801 
24.8020 -1.2797 -2.8860 -1.3425 -0.0203 0.6275 0.3884 0.7901 0.4490 0.4897 0.0295 0.4679 -0.2009 
25.3431 0.2506 -1.2514 -0.8457 0.2784 -0.5561 -0.6012 -0.3792 0.3381 -0.0978 -0.7438 0.3780 -0.0935 
24.6772 -1.0310 -3.6668 -1.0754 -0.3457 -0.3046 -0.5118 0.2953 -0.1611 0.8663 -0.0282 0.3561 0.3224 
25.7857 0.7239 -2.4367 -1.3231 -0.6290 0.1545 -0.5359 -0.2226 -0.1259 0.1836 -0.3031 0.2703 -0.2535 
25.0611 0.3242 -2.4269 -1.5313 -0.4221 -0.8511 -0.6409 -1.1940 -0.9491 0.7395 -0.9612 0.4563 -0.3155 
25.4760 0.4824 -2.5196 -1.8777 0.0872 0.2712 -0.6196 -0.8771 -0.2368 0.2642 -0.3640 0.6708 -0.1531 
24.4334 -1.3897 -3.8450 -2.8420 0.2683 0.4320 0.5468 0.2809 0.3196 0.6850 -0.2043 0.3303 0.1083 
23.9724 0.7199 -2.0546 -2.0154 0.0274 0.5715 -0.8046 -0.4108 0.2238 -0.2161 -0.5031 0.3583 -0.2789 
24.4790 0.3619 -2.4532 -1.4798 0.0451 0.0213 -1.2412 -0.7300 -0.9051 -0.1247 -0.0206 0.5530 0.0383 
24.6259 0.7287 -2.6041 -2.5840 -0.1622 0.3202 -0.2760 -0.1512 0.3412 -0.2208 -0.2538 0.5967 -0.4016 
23.2223 0.9224 -2.3174 -1.7685 0.2976 0.2285 -0.8270 -0.4145 0.4505 -0.5608 0.1474 0.1088 -0.4431 
23.4614 0.5313 -2.2883 -1.2773 0.9382 0.8996 -0.4746 0.0576 -0.2465 -0.3534 -0.6400 -0.1214 0.1028 
24.8288 0.8828 -2.0487 -1.8774 -1.2721 0.0023 -0.7155 -0.5630 -0.3533 -0.1875 0.5528 -0.1152 -0.3430 
23.3936 1.5328 -2.0964 -1.6629 -1.0336 -0.6954 0.3411 -0.3271 -0.0479 0.4194 -0.9214 -0.1850 -0.3722 
22.6320 -0.6415 -1.2314 -0.8305 -0.3094 0.8562 1.5536 0.1885 -0.4497 -0.3832 -0.3946 -0.9063 -0.4114 
21.7333 1.7160 -0.9128 -2.4554 -1.2237 -1.5420 -0.4188 -0.8654 -0.1959 -0.5877 -0.2385 -0.5729 -0.3728 
23.4493 1.7530 -0.8321 -1.4228 -0.6192 0.1965 -0.7070 -0.3784 -0.4631 0.4914 -0.1448 -0.5913 -0.1921 
23.6326 1.7022 -2.0973 -1.1415 0.0326 -0.4878 0.1692 -0.3708 -0.8671 0.6195 -0.3190 0.0062 -0.1698 
21.4888 -1.0470 -2.0166 -2.5491 -0.8724 0.2812 -0.3433 0.2102 0.0448 0.6794 -0.3162 -0.3738 -0.0407 
23.2098 0.2336 -2.0660 -1.3172 -0.9067 0.0087 -0.5242 -0.1754 0.5045 0.2452 -0.2821 -0.0370 0.2310 
23.6484 1.6197 -0.5315 -1.6711 -0.8000 0.6551 -0.3886 -0.9805 0.0436 -0.4907 -0.3803 0.1825 0.2182 
23.4774 0.8629 -2.1893 -2.3378 -1.1148 0.1616 -0.3101 -0.4936 0.3181 0.2107 -0.1923 0.3896 0.6876 
25.2705 1.6362 -2.1382 -1.5291 -1.5584 0.0345 -0.8441 0.1150 0.0327 0.1586 -0.2748 -0.0771 0.0658 
25.5333 1.7116 -3.1082 -1.7220 -0.1497 -0.4777 0.2572 -0.6235 0.1713 0.3196 -0.3604 0.0938 0.0627 
24.3664 0.0902 -4.4830 -3.0415 0.5250 -0.3933 -1.4118 -0.3798 -0.3674 -0.6738 0.7853 -0.3937 0.3350 
25.7900 1.0103 -4.0391 -1.2263 1.0916 0.6438 -0.3982 0.0233 -0.4561 -0.3141 -0.2691 -0.0816 0.1145 
25.0745 1.9351 -3.9962 -1.3999 0.7407 0.6928 -0.2735 -0.1672 -0.0444 -0.1065 -0.1031 -0.3156 -0.0647 
23.8843 0.6400 -4.1053 -1.7696 -0.6926 -0.1478 0.2618 0.3338 0.6774 0.5523 1.1025 0.6220 0.8106 
23.4644 1.6116 -1.5779 -1.0521 -1.0975 0.4754 -0.1744 -0.4817 0.4084 0.0950 -0.6274 -0.0974 0.2923 
24.7399 0.8678 -2.3199 -2.0409 -0.8298 0.2818 -0.8580 -0.3880 -0.4880 0.1515 0.1762 -0.3847 -0.0925 
24.8573 0.8873 -2.5247 -0.9240 -0.1378 -0.3587 -1.4208 -1.2280 -0.0403 -0.2115 0.2454 -0.8168 -0.6183 
25.5924 0.6921 -3.4543 -0.5291 0.9561 0.3447 -0.9699 -0.4472 0.0001 -0.0307 0.1254 -0.3027 -0.9396 
26.8488 0.7258 -5.1552 -0.9708 1.0851 0.3845 -1.1766 -0.1590 -0.6366 -0.0994 0.9788 -0.0591 -0.5232 
27.3621 0.4404 -5.0750 -0.6019 0.8628 0.6813 -1.0686 -0.3803 -0.4459 -0.3365 0.4726 0.0486 -0.5988 
26.7264 -0.3055 -4.1559 -0.1749 0.2566 0.5802 -0.6827 -1.4230 -0.1860 -0.0197 0.3290 -0.2316 0.1118 
24.9230 0.0741 -3.0054 0.6232 0.7771 0.1757 -0.4956 -1.0851 0.1863 0.0093 0.1814 0.4333 -0.8054 
