nan nan nan nan nan nan nan nan nan nan nan nan nan 
nan nan nan nan nan nan nan nan nan nan nan nan nan 
nan nan nan nan nan nan nan nan nan nan nan nan nan 
nan nan nan nan nan nan nan nan nan nan nan nan nan 
nan nan nan nan nan nan nan nan nan nan nan nan nan 
19.9680 -0.8924 -1.0330 1.2279 -1.9448 -0.8331 -1.2040 -0.1263 -0.0290 -0.0421 -0.1282 -0.2354 -0.0674 
15.7729 -1.4161 1.6821 -1.9921 -1.9786 0.5813 -0.1637 0.5435 -0.2312 -0.2396 0.3945 -0.1451 -0.1860 
13.8330 -0.0818 2.1177 -0.2220 -1.2481 -1.0352 -1.2172 -0.3928 -0.7535 -0.5716 -0.2653 -0.2363 0.5237 
16.5368 -1.3956 2.0264 -0.4675 -0.1366 0.3878 -0.5110 0.0580 -0.8712 -0.1113 -0.1453 -0.2636 0.2843 
13.9672 -0.6421 0.8439 -0.7774 -0.1011 -0.9199 -1.0997 -0.5212 -0.6422 0.1360 0.4108 0.2479 -0.2953 
14.6433 -0.7280 0.8383 -0.9105 -1.8211 -0.3236 -0.2782 -0.5213 -0.1101 -0.4791 -0.0917 -0.3641 0.1904 
13.8539 -1.5488 -0.5900 -1.4941 -0.8108 0.8393 -0.5128 0.1569 0.1440 0.5466 1.0171 0.1717 0.7628 
16.1052 -0.9176 -0.6559 -2.0014 0.0349 -0.4108 -0.2594 -0.6221 -0.4540 -0.3856 0.0549 -0.0703 -0.2731 
14.6649 -0.0481 1.0605 -1.0308 -0.4133 -1.4850 -0.8998 -0.4234 -0.1155 -0.3673 0.3418 -0.2687 -0.3991 
14.3198 -0.2159 0.8661 -1.2104 -0.6887 -0.1302 -0.0141 -0.8093 -1.2134 0.2131 0.0809 -0.8903 -0.2235 
13.3804 -0.9067 2.2818 1.2819 -1.0198 -1.6916 -1.2882 -0.5444 -0.3561 -0.6803 0.1535 -0.3704 0.0798 
15.3153 -0.9925 1.2510 -0.4927 -1.0963 -1.9692 -1.0056 -0.4041 0.1257 -0.9492 -0.3350 -0.0855 -0.2392 
14.2464 0.1968 0.6736 -0.1350 -1.1194 -0.4254 -1.4202 -0.7374 -0.5597 -0.2682 -0.1206 -0.3656 0.1112 
15.1708 -0.4611 0.3875 -1.1869 -0.8953 -0.1232 -1.1854 -0.5518 -0.2735 -0.7898 0.0930 -0.8932 -0.1448 
15.9587 -0.2092 0.1883 -1.7821 -1.9785 -0.2350 0.1486 -0.0782 -1.2912 -0.8668 0.0134 -0.0173 -0.3107 
23.2572 1.5791 -3.9362 -3.4750 -2.2322 -0.9155 -0.2331 0.4483 -0.0329 -0.5176 0.1217 -0.4674 -0.0918 
27.3910 2.1243 -3.7018 -2.5982 -2.3293 -1.2196 -0.0515 1.8073 1.6658 0.0723 -1.4826 0.5043 0.2863 
28.1687 2.1004 -3.7301 -2.4064 -2.7511 -0.5893 0.7651 1.9172 2.3177 0.3531 -1.3222 0.4910 0.5703 
31.8484 -0.5950 -4.1485 -1.5785 -3.3071 -0.3915 0.4272 1.3924 1.5501 -0.0568 -0.4634 0.1324 0.1304 
31.4694 -2.2670 -2.1267 -1.4078 -3.1933 -0.6475 1.2108 1.5257 2.2624 1.0839 -1.8918 -0.2303 1.1019 
31.3882 -3.0518 -1.4050 -2.0885 -2.7031 -1.3873 0.8359 0.7554 2.2342 1.4060 -1.1932 -0.2493 1.9323 
31.1462 -4.3921 -0.9429 -1.6380 -2.3725 -2.0824 0.4225 1.3377 3.0191 0.7762 -2.1103 -0.7814 2.1797 
32.0400 -3.0362 -0.6951 -1.9219 -2.1644 -0.8064 0.7541 0.5669 2.1616 1.0990 -1.8858 -0.7604 1.6234 
31.1858 -3.0458 -0.6336 -1.7121 -2.5807 -1.8272 0.3487 0.9363 2.5165 0.7285 -2.4292 -0.7054 2.4792 
31.4697 -3.1522 -0.4020 -2.3905 -1.8018 -0.8201 0.0982 0.2670 2.5058 1.1867 -1.8235 -0.7886 2.1974 
30.6555 -4.4859 -1.0828 -2.7570 -2.4864 -1.8157 -0.2933 0.1768 2.3510 0.7671 -1.9505 -0.8912 2.1245 
31.6792 -3.7512 -0.6707 -1.7293 -1.8801 -0.8019 0.5993 0.8880 2.5359 1.0209 -1.7464 -0.8317 1.7101 
31.1067 -4.0504 -1.2549 -1.6281 -2.9804 -1.4182 0.4971 0.8421 2.6992 1.0726 -2.4296 -0.5288 2.2922 
30.4193 -3.0791 -3.0601 -0.4956 -3.6481 -0.6431 1.1325 1.6138 2.6236 1.1644 -2.6815 -0.5842 0.9417 
30.8871 -2.4244 -2.3447 -1.4566 -2.7074 -1.4924 1.5748 1.2548 3.0319 0.2877 -1.4128 0.1332 1.4608 
30.6896 -1.4769 -3.2553 -2.1459 -2.0278 -0.8231 1.0373 1.2637 2.0767 0.6848 -0.9571 0.2072 0.5445 
28.9048 -0.2494 -3.1664 -2.9199 -1.9711 -1.8748 0.8374 2.2986 1.2078 0.1395 -1.1319 0.5698 1.3945 
26.2853 0.3077 -2.6664 -1.5893 -3.6113 -1.3226 1.1988 1.6341 0.7541 -1.4504 -1.0537 0.6851 -0.4074 
24.0675 -0.4900 -2.1421 -2.0976 -1.3278 -1.6233 -0.4410 0.6839 0.7078 -1.4736 -1.0501 0.1726 0.1460 
23.2037 -0.6739 -3.1124 -2.4014 -1.3853 -0.9397 0.5855 1.0862 1.4976 -1.4839 -1.0398 0.3132 0.4639 
22.4014 -0.4688 -2.9512 -1.9474 -2.2614 -1.4713 1.1843 1.1983 1.2722 -1.1163 -1.6478 -0.1296 0.2212 
19.7599 -0.1036 -2.3010 -1.6802 -1.8453 -1.5057 -0.3458 -0.7391 0.6787 -0.7923 -0.8556 -0.2190 -0.6424 
16.8932 0.6477 -1.1806 -1.6336 -1.6914 0.5004 0.5556 0.3547 0.4586 -0.7074 -0.8390 -0.3345 0.4815 
18.2264 1.3651 -0.8262 -2.0722 -1.0481 -0.5597 -0.0777 1.1271 -0.0954 -1.4828 -0.1856 -0.4260 0.0695 
17.4865 0.8709 -0.9588 -2.6027 -2.5748 -0.4711 0.0198 -0.5123 -0.3394 -1.2946 -0.6879 -0.5149 -0.0588 
17.9120 0.9534 0.1273 -2.2048 -1.3250 -0.2447 0.4130 0.3236 0.2826 -0.8531 -0.3184 -0.5947 0.4535 
14.5913 -0.3245 0.0963 -1.0779 -1.1017 0.1243 -0.0559 0.6119 0.4352 -0.7248 0.1623 0.2846 0.1746 
3.8141 -2.1015 0.4189 -0.7536 -0.6574 0.1291 -0.0014 0.1652 0.0778 -0.5115 0.0497 0.1560 0.1623 
-6.8627 -3.9473 0.4520 -0.6385 -0.1555 0.3116 0.1334 -0.0738 -0.0970 -0.3276 -0.0397 0.0401 0.1527 
-17.6431 -5.9335 0.3800 -0.6193 0.2789 0.5336 0.3677 -0.1307 -0.2691 -0.3549 -0.2088 -0.0605 0.1690 
-28.7828 -8.3386 0.1338 -0.5129 1.0095 1.1703 0.9022 -0.0972 -0.7201 -0.9211 -0.8001 -0.3248 0.3388 
-38.9852 -9.7382 0.1065 -1.1158 0.4157 0.5005 0.6801 0.0938 -0.2617 -0.2532 -0.3303 -0.2233 0.0202 
-49.3050 -11.2687 0.0800 -1.6019 -0.0154 -0.0292 0.4192 0.0661 -0.2142 -0.0444 -0.1476 -0.1565 -0.0539 
-59.0750 -12.0486 0.7935 -1.4102 0.1080 -0.1267 0.4105 0.1719 -0.1685 0.1052 0.0531 0.0295 0.0964 
-68.1512 -11.9220 2.2924 -0.6433 0.5397 -0.1018 0.3725 0.1834 -0.3626 -0.1285 -0.1031 0.0108 0.2266 
-76.9366 -11.5248 3.8054 -0.1875 0.3999 -0.5980 0.1093 0.3974 -0.2014 -0.1732 -0.2286 0.0064 0.3784 
-84.9629 -10.7811 4.5240 -0.6962 0.1348 -0.5042 0.1498 0.3402 -0.3272 -0.0248 0.0786 0.0072 0.0680 
-92.6808 -10.1115 4.6689 -1.3928 0.1936 -0.1897 0.1019 0.4375 -0.0337 0.2981 0.3759 0.2760 0.4099 
nan nan nan nan nan nan nan nan nan nan nan nan nan 
nan nan nan nan nan nan nan nan nan nan nan nan nan 
-inf -inf -inf -inf -inf -inf -inf -inf -inf nan nan nan nan 
nan nan nan nan nan nan nan nan nan nan nan nan nan 
-92.9764 -1.2355 -0.7925 -0.8404 0.1820 -0.2733 -0.1864 0.0860 -0.6409 0.3535 0.1811 0.3332 0.1641 
nan nan nan nan nan nan nan nan nan nan nan nan nan 
-inf -inf -inf -inf -inf -inf -inf -inf -inf nan nan nan nan 
-84.2595 0.0056 0.0448 0.3507 -0.6964 -0.0572 0.0519 0.3563 -0.9837 -0.2044 -0.2362 0.0754 0.1188 
nan nan nan nan nan nan nan nan nan nan nan nan nan 
nan nan nan nan nan nan nan nan nan nan nan nan nan 
-77.6785 -1.0676 0.0886 0.1197 0.3064 1.2655 0.4509 -0.8220 -0.7117 0.6480 0.1176 -0.1357 -0.2860 
-74.6337 -0.7590 0.0315 0.5438 -0.3882 -0.5600 0.1959 -0.3757 -0.2515 -0.5727 -0.1394 -0.0701 -0.6082 
-73.3418 0.9392 -0.4387 -0.1384 -0.8465 0.4491 0.8040 -1.0043 -1.0824 0.2868 -1.2794 -0.5916 0.5550 
-inf -inf -inf -inf -inf -inf -inf -inf -inf nan nan nan nan 
-67.1375 -0.0907 0.0322 0.2623 0.5706 0.4476 -0.6363 0.2552 0.9707 -0.7319 -0.6744 0.1364 0.0049 
-64.5065 -0.6668 -0.1057 1.3528 0.8635 0.0467 0.6972 -0.5309 -0.7527 -0.7611 -0.2939 0.8630 -0.3880 
-61.5533 0.1741 0.1682 0.5685 0.6980 -0.4606 0.2087 -0.2049 -0.5383 -0.4934 -0.2965 -0.5641 0.1172 
nan nan nan nan nan nan nan nan nan nan nan nan nan 
-57.3927 0.5071 -1.2404 0.5097 -0.0427 0.8632 -0.6337 -0.2966 0.0021 0.5365 -0.1247 -0.2972 -0.2307 
nan nan nan nan nan nan nan nan nan nan nan nan nan 
nan nan nan nan nan nan nan nan nan nan nan nan nan 
-49.0410 0.3358 -0.8567 -0.3447 -0.0713 -0.6437 -0.1168 -0.6612 0.2596 -0.6030 -1.1251 0.5388 0.0652 
nan nan nan nan nan nan nan nan nan nan nan nan nan 
nan nan nan nan nan nan nan nan nan nan nan nan nan 
nan nan nan nan nan nan nan nan nan nan nan nan nan 
-39.2961 -0.6309 0.2473 -0.0675 -0.5800 0.0430 0.2948 0.5772 0.6156 0.6207 -0.6955 -0.0639 0.8567 
-36.0423 -0.2064 -0.4037 -0.4440 -0.8135 -0.7887 -0.7801 -0.5255 -0.2310 0.1294 0.0041 0.1802 -1.0046 
nan nan nan nan nan nan nan nan nan nan nan nan nan 
nan nan nan nan nan nan nan nan nan nan nan nan nan 
nan nan nan nan nan nan nan nan nan nan nan nan nan 
-26.4701 -0.2793 0.5303 0.6886 1.0838 -0.2107 -0.6770 0.1845 0.3996 0.0827 -0.6581 0.0630 0.2608 
nan nan nan nan nan nan nan nan nan nan nan nan nan 
nan nan nan nan nan nan nan nan nan nan nan nan nan 
nan nan nan nan nan nan nan nan nan nan nan nan nan 
