18.5222 13.9773 -1.0458 1.2892 4.8021 -0.1336 -1.5004 0.3272 -2.5468 -4.1524 -1.2196 -0.7118 -2.1024 
23.6045 18.8344 -0.5902 -0.2091 4.5976 0.8938 -1.4283 -1.1002 -4.0437 -4.6975 -1.0395 -0.4527 -2.2302 
25.8959 19.9481 -1.8185 -0.3556 5.6046 0.9643 -2.0716 -1.4430 -3.9937 -4.1689 -0.4313 -0.3074 -1.7925 
28.3304 21.9553 -1.9130 -0.7445 5.7718 1.4350 -1.2253 -0.7130 -4.2040 -4.5480 0.1875 0.4967 -1.9869 
29.1254 22.1859 -3.1624 -2.1679 5.3422 1.4079 -1.8216 -1.4732 -4.4549 -4.8584 -0.7015 -0.1300 -1.7185 
30.8701 23.2819 -3.4955 -1.7077 6.5063 2.0669 -1.2995 -0.8707 -4.2677 -4.5756 0.1278 0.4911 -1.5005 
31.7432 23.8722 -3.8055 -2.0112 6.5035 1.9320 -1.5015 -0.8749 -4.4231 -5.0615 -0.1543 0.5490 -1.6516 
32.1289 24.3164 -4.0563 -2.9826 6.1152 2.3526 -1.6248 -1.5554 -4.4589 -4.7476 -0.5420 -0.2323 -2.0484 
34.3518 24.7553 -6.1576 -3.1468 6.9683 1.5091 -2.3928 -0.9792 -4.2161 -4.8921 -0.2607 -0.4016 -2.5630 
36.1093 26.2367 -6.3849 -4.0375 6.1965 0.8749 -2.2761 0.6889 -1.9335 -4.0207 -1.0941 -1.2531 -2.3907 
38.4408 27.6853 -7.5253 -5.3430 5.3068 -0.7434 -3.9248 0.6036 -0.8374 -3.3378 -1.3827 -1.6645 -1.9210 
41.2568 28.7917 -9.2351 -5.2745 6.0960 -1.9896 -4.7697 1.6824 -0.3982 -3.6002 -0.3528 -0.7549 -2.5756 
42.2321 28.8565 -10.2650 -5.4046 5.9333 -3.0826 -5.2723 1.8290 -0.9295 -4.1375 -0.0613 -0.6379 -3.1313 
42.8738 29.2283 -10.3676 -5.1117 6.3042 -3.2261 -5.4390 2.0117 -0.7247 -3.9007 0.3370 -0.4161 -3.0894 
42.0349 28.6541 -10.3875 -5.5186 5.8917 -3.1204 -5.5396 1.4530 -1.0049 -3.9208 0.0400 -0.7688 -3.2515 
41.7909 28.8890 -9.6218 -5.2271 5.8050 -3.0425 -5.3887 1.7782 -0.3283 -3.3639 0.3614 -0.1988 -2.6901 
42.1028 29.0881 -9.6821 -5.2096 5.8074 -3.2475 -5.6098 1.7257 -0.2202 -3.1608 0.4072 -0.4673 -2.9371 
42.5062 29.4428 -9.5847 -5.1061 5.8635 -3.3323 -5.6800 1.6894 -0.2663 -3.0398 0.6457 -0.4461 -3.0160 
42.3290 29.3479 -9.6314 -5.3020 5.8818 -3.0772 -5.7269 1.4096 -0.3599 -3.1639 0.3413 -0.5084 -2.8564 
42.3083 29.1149 -9.9143 -5.2003 6.1223 -2.9588 -5.5624 1.4854 -0.5331 -3.2283 0.4385 -0.6089 -2.9426 
41.2327 28.3054 -9.9454 -5.3052 6.2747 -2.3417 -5.2694 1.3494 -0.6978 -3.5527 0.1391 -0.5860 -3.1052 
39.6050 27.6055 -8.9547 -5.0934 6.0331 -1.6670 -4.6433 1.2692 -0.5854 -3.3852 -0.1863 -0.6380 -2.6503 
39.5160 27.1210 -9.4817 -4.8792 6.2386 -2.2182 -4.9392 1.8451 -0.2684 -3.8681 -0.5424 -0.5164 -2.6599 
37.6434 27.0707 -6.9171 -4.4430 4.6008 -2.3092 -3.7507 2.1172 -0.2179 -2.9242 0.2328 -0.7067 -3.1062 
36.4530 25.8949 -7.1066 -4.1267 4.5765 -2.9979 -4.5617 1.8192 -0.2610 -3.3595 -0.4429 -1.0018 -3.0237 
35.9540 26.2132 -5.9366 -3.7113 4.8425 -2.3344 -4.6721 1.3949 0.4284 -2.7162 -0.9061 -0.7591 -1.5090 
34.6729 25.1098 -6.0893 -3.8895 4.6798 -1.5608 -3.4843 1.3557 -0.9572 -3.9390 -1.1252 -0.5082 -1.5610 
34.5324 25.2078 -5.5827 -3.5979 4.3320 -2.1550 -3.9067 1.0891 -0.8080 -3.0775 -0.1972 -0.2955 -1.7072 
35.2076 24.9149 -6.9796 -3.8261 4.8614 -2.5131 -4.4057 1.4113 -0.8003 -4.1731 -1.3592 -0.5701 -1.3458 
34.4774 24.2339 -7.0033 -3.2855 5.7790 -1.8767 -4.5384 1.3920 0.1005 -3.5229 -1.9865 -1.1030 -0.6641 
32.5332 23.9469 -4.6684 -2.6250 4.7838 -1.2772 -2.9430 1.3144 -1.0761 -3.7681 -1.4945 -1.0976 -1.0347 
31.1508 22.7173 -4.5628 -1.9086 5.1260 -1.5949 -3.4977 0.9607 -1.2621 -3.8378 -1.2289 -0.6867 -1.0616 
33.7709 23.4393 -7.9797 -4.4935 6.3189 1.0197 -2.6027 -0.1561 -2.5020 -3.7168 -0.2457 -0.0689 -1.0142 
33.5793 23.2548 -8.1000 -4.7094 5.7994 -0.0669 -3.7942 -0.5053 -2.3822 -4.2723 -1.1149 -0.3390 -1.1097 
34.5432 23.7101 -8.7222 -4.7734 6.8665 1.2033 -3.0775 -0.4772 -2.7480 -4.3910 -0.8090 -0.1790 -1.3409 
30.3195 21.0627 -7.1872 -4.3067 5.0302 0.1719 -2.7146 -0.2258 -2.6255 -4.0493 -0.8147 -0.7862 -2.1781 
31.1429 21.8785 -7.0411 -4.1742 5.9422 1.0488 -3.3572 -1.8873 -3.4472 -3.6360 -0.2513 -0.5814 -1.8263 
29.2184 20.6990 -5.4756 -2.2767 5.4518 -0.4391 -2.7729 0.0410 -2.9606 -4.3950 -0.4570 -0.4329 -2.1686 
30.5206 21.4252 -6.3320 -3.1315 5.3905 -0.1876 -2.5832 -0.0392 -3.4454 -4.7852 -0.1242 0.3974 -1.5899 
28.3283 19.4075 -6.7848 -3.2326 5.2873 -0.1497 -2.6824 0.1405 -2.3210 -3.4348 0.3910 0.2401 -1.8305 
27.8620 19.4549 -5.8096 -2.4278 5.3494 -0.6060 -3.2089 -0.0238 -2.4021 -4.2026 -0.8717 -0.6303 -2.2447 
27.7056 19.4132 -5.4212 -1.7059 6.1259 0.1740 -2.5044 0.3348 -2.2363 -3.7573 -0.2178 -0.2132 -2.2041 
25.7901 17.9872 -4.7475 -0.5616 6.4334 0.0147 -2.5531 0.2735 -2.3457 -3.6799 -0.2173 -0.7195 -2.7463 
26.3773 18.7833 -4.4067 -0.9396 6.0041 0.0820 -2.2443 0.4633 -2.6329 -4.5855 -0.8747 -0.3263 -2.0467 
24.4528 16.5116 -5.7361 -1.6716 5.0992 -1.1961 -3.0417 1.0928 -0.8347 -2.7298 0.4067 0.3610 -2.0296 
23.7605 16.1527 -5.4018 -1.6885 4.8746 -0.6345 -2.2007 0.9992 -1.4075 -2.7469 0.6602 0.4990 -1.6779 
21.8334 14.4458 -5.6986 -1.9144 4.1931 -1.3628 -2.5347 1.3443 -0.9834 -3.1673 -0.0976 0.2744 -1.8089 
20.5817 13.2785 -5.9805 -1.6687 5.1350 -0.1807 -2.1564 1.2348 -0.7940 -3.1840 -0.5050 0.4721 -1.0737 
