15.3641 9.9928 -3.9828 -0.6927 3.6823 -0.0594 -0.2248 2.0192 -1.0634 -2.7533 0.1833 0.3920 -1.3588 
21.9560 17.5187 0.0892 1.2222 4.9415 0.3904 -1.3083 -0.3372 -3.5248 -4.4590 -0.8814 -0.4815 -2.0700 
24.9443 19.3878 -1.6300 -0.6621 5.1033 1.0799 -1.6916 -1.2944 -4.2936 -5.0008 -1.0168 -0.1468 -1.9980 
26.4254 20.5637 -1.6266 -0.3178 6.2881 2.0917 -1.4877 -1.3204 -3.7111 -4.0081 -0.5446 -0.0488 -1.2593 
28.9109 21.8487 -3.0816 -1.2966 6.0923 1.2598 -2.0873 -1.0059 -3.6208 -4.2275 -0.3231 0.0397 -1.6485 
32.2702 23.0069 -6.2747 -2.5653 8.1770 2.0070 -3.8291 -1.8212 -2.7782 -4.0430 -1.0759 -0.2355 -1.5713 
33.9858 23.9092 -7.3418 -3.3364 8.3395 2.1981 -3.5710 -1.3233 -2.6296 -4.3065 -1.2828 -0.3788 -1.6357 
36.0615 26.2714 -6.6030 -4.8347 5.4650 0.4051 -2.9731 0.3066 -1.2946 -3.1899 -0.7897 -0.8871 -1.9004 
39.1813 27.4963 -8.7510 -5.6841 4.9530 -2.0906 -4.6876 0.7226 -1.1711 -3.3396 -0.1351 -1.0145 -2.7564 
41.3361 28.4533 -9.9320 -5.7098 5.6100 -2.5555 -4.9663 1.3934 -0.9041 -3.2591 0.6874 -0.4229 -2.8693 
41.8618 28.3814 -10.7526 -5.9750 5.5074 -3.2819 -5.6037 1.3002 -1.0852 -3.6909 0.3875 -0.5676 -3.0572 
42.4269 28.8643 -10.5662 -5.5958 5.9910 -2.8895 -5.1618 1.7662 -0.6158 -3.0363 1.0776 -0.0697 -2.6018 
42.1840 28.5721 -10.8506 -5.9696 5.6438 -3.1035 -5.3389 1.5634 -0.7584 -3.0568 1.0826 -0.2180 -2.8523 
42.3076 28.6233 -10.9071 -5.9342 5.7339 -3.0446 -5.2974 1.5244 -0.8410 -3.0082 1.1675 -0.2839 -2.8989 
42.6168 28.6517 -11.2923 -5.9623 6.0406 -3.0871 -5.6307 1.4286 -0.8637 -3.3380 0.8356 -0.3221 -2.9987 
42.5873 28.7449 -11.1375 -6.0109 5.9587 -2.9872 -5.5617 1.3133 -0.9572 -3.2647 0.9680 -0.2591 -3.0228 
42.5092 28.9547 -10.7797 -6.2538 5.4266 -2.9625 -5.1105 1.6113 -0.7356 -2.8816 1.2163 -0.4760 -3.4405 
41.7117 28.3835 -10.7683 -6.4787 5.0999 -3.0482 -5.3246 1.3118 -0.7178 -2.9564 0.7014 -0.7877 -3.2547 
41.7885 28.2803 -11.2698 -7.1475 4.5687 -3.4376 -5.7417 0.8263 -1.2281 -3.5116 0.0841 -1.4313 -3.8856 
42.6132 29.0875 -10.9055 -6.6467 5.3555 -2.6961 -5.1980 1.2224 -0.8870 -3.0659 0.6480 -0.9116 -3.4027 
42.7712 29.1724 -10.9298 -6.5485 5.5445 -2.4685 -4.9394 1.2525 -1.2468 -3.5478 0.3961 -0.7047 -2.8145 
42.5216 29.1472 -10.5416 -6.2362 5.7339 -2.0897 -4.5466 1.2228 -1.5665 -3.6193 0.6990 -0.3776 -2.6239 
42.1331 28.8779 -10.5466 -6.4557 5.5383 -1.7250 -4.0943 1.0391 -1.9584 -3.6362 0.6568 -0.6151 -2.4990 
42.2069 28.8480 -10.7189 -6.4547 5.9125 -1.1441 -3.7566 0.7725 -2.6006 -4.0073 0.7636 -0.4284 -2.4890 
42.1042 28.9325 -10.5541 -6.4562 6.2661 -0.5457 -3.7574 0.3570 -2.7999 -4.1559 0.7058 -0.0812 -2.2668 
42.0286 28.7359 -10.8350 -6.6307 6.3213 -0.3333 -3.7942 -0.2594 -3.5386 -4.3897 0.7410 -0.1829 -2.3293 
41.5168 28.4423 -10.6555 -6.5033 6.5511 0.0642 -3.7287 -0.5090 -3.6617 -4.3322 0.9350 0.0673 -2.3261 
41.0861 27.8995 -11.1288 -6.9551 6.2552 0.0108 -3.7061 -0.5378 -3.6888 -4.4339 0.5249 -0.5844 -2.7800 
41.3830 28.2091 -10.8819 -6.6441 6.4573 0.1898 -3.1832 0.1553 -3.2363 -4.0736 0.9465 -0.4348 -2.9799 
41.1361 28.0743 -10.6843 -6.5119 6.3184 0.1969 -2.9756 -0.0517 -3.7810 -4.2281 1.0223 -0.7321 -3.3828 
40.7226 28.0727 -10.0856 -6.2296 6.3849 0.5172 -2.7369 -0.0959 -3.7479 -4.0536 1.1484 -0.6499 -3.3081 
39.8029 27.2017 -10.3837 -6.6258 5.6713 -0.0738 -3.0410 -0.4632 -4.4088 -4.8086 0.5545 -1.1194 -3.7433 
39.0714 27.2770 -9.2003 -6.1539 5.5918 0.3501 -2.3728 0.2040 -3.6275 -4.4420 0.4660 -0.8285 -3.0093 
37.5526 27.0199 -7.4296 -5.2921 5.6549 0.9605 -2.0104 0.1967 -3.0673 -4.1657 -0.1300 -0.8237 -2.3201 
36.3328 26.7079 -6.2643 -4.9269 5.4041 1.4255 -1.5355 -0.1502 -3.7276 -4.8637 -0.6438 -0.5808 -2.0303 
35.2061 25.7023 -6.3445 -4.7447 5.4804 1.4610 -1.6978 -0.6042 -4.1493 -5.0295 -0.7337 -0.8831 -2.7072 
34.9127 25.3604 -6.6057 -4.9963 5.3442 1.5414 -1.5349 -0.4786 -3.9631 -4.7406 -0.5646 -1.0441 -3.0670 
34.3992 25.3720 -5.9750 -5.0769 4.8823 1.6718 -1.1999 -0.3488 -3.6285 -4.2694 -0.2905 -0.6801 -2.5744 
33.7569 24.9729 -5.4761 -4.3058 5.1744 1.4299 -1.4906 -0.3317 -3.3926 -4.0788 -0.2104 -0.5613 -2.3057 
32.6093 24.3531 -4.7847 -3.7922 5.0537 1.3206 -1.4541 -0.3362 -3.4525 -4.2972 -0.5178 -0.6762 -2.3481 
32.1092 23.7366 -4.5548 -2.6082 5.5049 0.6585 -1.3795 0.7437 -3.0152 -4.6045 -0.4624 -0.3668 -2.3480 
30.7675 22.3416 -5.1136 -2.7445 5.4712 0.4538 -1.8996 0.2632 -3.2907 -5.0180 -0.9053 -0.4167 -2.3174 
29.2808 21.4936 -4.3965 -2.1932 5.7289 1.1452 -1.3189 0.3295 -3.2204 -4.8731 -0.7484 0.2230 -1.3209 
28.1616 20.4278 -4.5819 -1.9284 5.9722 0.8723 -2.1715 -0.1675 -2.7953 -4.3762 -0.7882 0.1605 -1.3561 
27.4946 19.8563 -4.4170 -1.5074 5.9879 0.7861 -1.6605 0.6310 -2.4218 -4.1938 -0.2929 0.6794 -1.1778 
25.7772 18.4559 -4.5559 -1.8894 5.2343 0.5200 -1.5045 0.9616 -1.7739 -3.7296 -0.7428 -0.3986 -2.1422 
24.0027 16.8618 -4.6258 -1.7249 4.5842 -0.1927 -1.4188 1.1351 -2.1725 -3.9300 -0.4134 -0.5373 -2.8795 
22.9436 16.1348 -4.1142 -0.8191 5.2619 0.1656 -1.2219 1.7407 -0.9457 -2.8646 0.0598 -0.0180 -2.0856 
