20.7379 14.0515 -5.3006 -2.8767 2.8620 -1.2108 -1.9342 1.3101 -0.7550 -2.3663 0.6587 1.1692 -0.6683 
21.5524 14.5446 -5.1374 -1.9061 3.5684 -1.7276 -2.0760 2.6449 0.7904 -1.7560 0.3808 0.2817 -1.5256 
21.2429 13.2071 -6.9511 -2.0708 4.6568 -1.1617 -2.0077 2.6923 0.2717 -2.7813 -0.2735 0.1149 -1.5570 
21.0038 13.2353 -6.7680 -2.7454 3.3680 -1.9135 -2.4156 1.7657 -0.4673 -2.4149 0.1780 -0.2710 -1.8364 
21.3199 13.3688 -7.3252 -3.5634 3.1089 -1.6767 -2.2388 2.0716 0.2891 -1.4429 1.3981 1.3351 -0.4311 
21.9040 14.2877 -6.4363 -3.2522 2.7417 -1.9578 -2.1342 1.7487 -0.7598 -2.4545 0.6220 0.3578 -1.3225 
21.4569 13.8084 -6.8009 -3.6960 2.2807 -2.6108 -3.0744 1.1780 -0.6914 -2.5850 -0.1004 -0.3881 -1.9186 
21.6886 13.6275 -7.4149 -3.7386 2.7564 -2.3538 -3.0926 1.1096 -0.7403 -2.3524 0.4404 -0.0244 -1.8837 
22.0157 14.0831 -6.8256 -2.7628 4.0014 -1.3078 -2.3123 1.9935 0.2080 -1.6864 0.9206 0.4081 -1.8146 
23.4314 15.5315 -6.6075 -3.5724 3.0421 -1.5282 -1.7625 2.4684 0.0831 -1.9901 0.9330 0.6712 -1.4499 
23.1346 15.0096 -7.0235 -3.5639 3.0987 -1.8648 -2.3739 1.8549 -0.2233 -1.7883 1.1707 0.3933 -1.8617 
25.6119 15.5204 -10.2413 -5.1845 4.9243 -0.2515 -2.9569 1.1016 0.1967 -1.5561 0.2055 -0.5959 -1.7983 
27.6898 15.9381 -12.0448 -4.6341 6.8779 -0.2886 -3.3449 2.3257 0.7916 -2.5213 -0.2264 -0.5467 -2.8007 
26.5743 14.9318 -11.8042 -3.6981 7.1251 -1.1703 -4.2534 2.1111 0.6275 -2.7829 0.3741 0.8586 -1.8620 
25.5873 15.0428 -10.2360 -3.4158 6.2935 -1.0707 -3.4794 2.5575 1.1689 -2.2736 -0.0648 0.0309 -1.9685 
26.0113 16.4514 -8.4669 -3.3899 5.1064 -1.2330 -2.9017 2.3045 0.7897 -1.6217 0.5315 -0.3689 -2.3157 
25.9901 16.7029 -8.1856 -3.7585 4.6342 -0.9659 -2.3673 2.3153 0.5208 -1.5550 1.0051 0.1479 -2.1507 
24.5121 15.5294 -8.0226 -3.5975 4.1459 -1.4177 -2.5597 1.7660 -0.3611 -1.9672 1.3489 0.8852 -1.2429 
23.5533 15.0964 -7.0444 -2.5088 4.4254 -1.5791 -2.5034 2.2652 0.2891 -1.7845 0.8027 0.0042 -2.0346 
23.6135 15.2551 -7.1166 -3.1537 3.8690 -1.3503 -2.0408 2.0843 -0.3926 -2.1988 0.9692 0.4089 -1.8238 
22.9701 14.6338 -7.0687 -2.6908 3.9247 -2.1328 -3.0643 1.7099 -0.1102 -2.1088 0.4725 0.0297 -1.4864 
23.0116 14.5550 -7.5622 -3.4564 3.6818 -1.4175 -2.0893 2.0349 -0.4410 -2.4983 0.3285 -0.0902 -1.8730 
23.2075 14.4345 -7.9531 -3.5688 3.2824 -2.3324 -2.5021 2.3956 -0.1003 -2.3145 0.6087 0.0795 -1.7097 
24.6199 15.9590 -7.2668 -3.0990 3.8825 -2.4626 -3.6819 1.5580 0.2210 -1.7818 0.8281 0.3654 -1.8256 
24.9199 15.6280 -8.3790 -3.5665 4.2457 -2.1508 -3.4210 2.1175 0.6269 -1.8472 0.6847 0.2846 -1.9766 
24.2738 15.4632 -7.6438 -2.9983 4.6732 -1.3683 -2.9194 1.8052 0.0405 -2.4946 -0.2616 -0.3809 -1.8037 
23.6991 15.1116 -7.3626 -2.9749 4.0227 -1.8120 -2.5799 2.1841 0.0132 -2.2886 0.3097 -0.1134 -1.8287 
23.9358 15.3890 -7.1691 -2.8893 3.9964 -1.6375 -2.0602 2.5005 -0.0477 -1.8853 1.3783 0.5679 -1.8315 
23.2077 14.8924 -7.1494 -3.1600 3.7110 -1.3709 -1.5408 3.0341 0.4862 -1.7861 1.0741 0.5977 -1.4530 
23.6196 15.0746 -7.4877 -3.4847 3.4258 -2.0216 -2.6446 1.7684 -0.5176 -2.4324 0.3153 -0.3640 -1.9099 
25.6045 15.5590 -9.5684 -4.0663 4.8655 -1.2563 -3.0915 1.1757 -0.8737 -2.1956 1.0398 -0.2898 -2.5994 
25.2556 15.1990 -9.6870 -4.0776 4.6409 -1.8988 -3.5424 1.8523 0.5274 -1.4485 0.9593 -0.1689 -1.9318 
26.5479 15.5203 -10.5790 -3.6867 5.2535 -2.5875 -3.9393 2.0322 -0.5831 -3.0263 0.9036 0.0886 -2.9202 
27.0892 15.1203 -11.4520 -2.7898 6.2864 -2.8734 -3.1789 4.1726 -0.0236 -3.6976 1.7539 1.5313 -2.9833 
25.9925 14.3933 -10.8902 -1.8076 7.0367 -2.7275 -3.6114 3.9974 0.2368 -4.0090 0.8694 1.1495 -3.0787 
25.0612 14.9874 -8.6853 -1.5799 5.9167 -2.5685 -3.0240 3.6570 -0.0138 -3.6643 1.2322 1.7833 -2.1641 
24.3815 14.8306 -8.2988 -2.1487 5.2167 -2.0638 -2.5036 3.1666 -0.2798 -3.4343 0.4294 0.1796 -2.7506 
24.2523 14.8620 -8.3042 -2.7935 4.3384 -2.5985 -3.1701 2.0135 -1.1702 -3.5026 0.7547 0.4230 -2.6744 
24.8497 15.7316 -7.8188 -3.0045 4.0957 -2.4880 -3.0899 2.2172 -0.5575 -3.1430 0.5429 0.3973 -2.3685 
26.5849 15.8076 -9.5686 -2.7262 4.5837 -3.7876 -3.4653 2.8643 -1.5192 -4.3312 0.8569 0.2972 -3.0655 
31.4715 17.7464 -13.4097 -4.1783 6.6666 -3.0360 -4.1898 2.9609 -0.9638 -3.5797 2.1840 0.9773 -3.7138 
31.6133 17.5946 -14.1641 -4.6959 7.3537 -1.7742 -3.5389 3.4483 0.1635 -2.6010 2.3462 1.1335 -3.2256 
30.4133 17.6107 -11.8454 -2.5409 8.3509 -1.3918 -3.8123 2.7607 -0.2802 -3.2101 1.0995 -0.0006 -3.7554 
31.9009 21.2673 -7.2496 -0.5413 8.0661 -1.7073 -4.5285 1.1539 -1.7114 -4.4584 -0.4008 -0.7681 -3.4253 
33.2895 23.9151 -4.8368 -0.3494 7.4930 -1.0367 -3.9355 0.2015 -3.2471 -5.4487 -0.5215 0.0525 -2.5924 
34.8018 25.0499 -5.7267 -2.5279 5.5814 -1.6002 -3.3701 0.7813 -3.1628 -5.4023 -0.3135 0.1207 -2.5908 
34.6941 25.7099 -4.5648 -2.3370 5.7492 -0.2137 -2.0889 0.8959 -3.2030 -5.1370 -0.2623 0.3438 -1.7977 
36.0643 26.5348 -4.8680 -2.2002 5.7825 -0.9641 -2.2376 1.8075 -2.6005 -5.2048 -0.4475 -0.0670 -2.3059 
40.5915 29.4873 -7.0814 -5.2293 4.2867 -1.8531 -3.0413 1.2818 -2.4732 -4.3716 -0.3894 -1.5228 -3.0444 
42.8156 30.4034 -8.6555 -6.0462 4.0187 -2.8578 -3.2640 2.2787 -1.8227 -3.8063 0.6795 -1.2141 -3.4036 
43.1727 30.4871 -8.7469 -5.8279 3.5316 -4.1399 -3.6210 3.1560 -0.9012 -2.9571 1.5037 -1.3260 -4.3094 
43.2671 30.6618 -9.0023 -6.9298 2.4561 -4.4497 -3.8535 2.4679 -1.4177 -2.9372 1.5078 -1.7153 -4.8162 
43.9743 30.9955 -9.4262 -6.9227 2.8556 -4.8558 -4.7278 2.6111 -0.6033 -2.9295 1.0201 -1.6537 -4.7409 
43.2414 30.6027 -9.1165 -7.1356 2.1390 -4.7444 -3.9016 2.6564 -1.1986 -2.7170 1.7313 -1.7562 -5.2304 
42.8422 30.5537 -8.8063 -7.1738 2.3182 -4.2588 -4.0089 2.3850 -0.7628 -2.3260 1.4638 -2.0680 -5.4783 
42.8782 31.0641 -7.8853 -6.8290 2.1346 -3.9551 -3.2275 2.7607 -0.6359 -1.6841 2.1814 -2.0143 -5.3893 
43.0425 30.5676 -8.9611 -7.0006 2.4550 -4.6370 -4.2595 2.8129 -0.4501 -2.7391 1.1581 -1.6035 -4.9492 
42.2193 30.6983 -7.4374 -6.2778 2.3468 -4.1869 -3.6844 2.6880 -0.4919 -2.2148 1.3799 -1.9001 -4.8674 
42.8759 30.8238 -8.0774 -6.3271 2.7398 -4.0866 -3.5733 2.8084 -0.8554 -2.5398 1.6957 -1.6148 -5.1309 
41.8764 30.3164 -7.8002 -6.9562 1.6363 -4.1405 -3.2061 2.2796 -1.6671 -2.6531 1.7461 -2.0144 -5.4679 
42.2020 30.7561 -7.4851 -6.6845 2.0891 -3.6837 -2.8547 2.8564 -1.0667 -2.5367 1.8455 -1.4375 -5.0173 
42.4349 30.7282 -7.9371 -7.0779 1.8775 -3.6682 -2.6400 2.8258 -1.3559 -2.5951 1.7820 -1.8395 -5.0833 
42.8119 30.5478 -8.9957 -7.7776 1.9579 -3.5027 -2.7622 2.5035 -1.9281 -3.2963 1.3911 -1.8540 -5.1520 
43.3484 30.4971 -9.5320 -7.3192 2.6348 -3.5586 -2.5595 3.1295 -2.0476 -3.8659 1.4634 -1.3967 -4.8776 
42.7766 30.4249 -8.9854 -7.4252 2.3800 -2.9228 -1.8934 2.7165 -2.8693 -3.9787 1.9731 -0.9974 -4.7620 
42.8414 30.6817 -8.7960 -7.5152 2.7383 -2.0587 -1.5980 2.3674 -2.9419 -3.7150 2.2283 -0.5416 -4.2663 
43.3246 30.5003 -9.8428 -7.7365 3.3651 -2.1375 -2.4676 1.9482 -2.8431 -3.9018 1.9581 -0.3182 -4.0796 
43.2666 30.3614 -10.1257 -7.9303 3.5455 -2.0903 -3.0618 1.4558 -2.6082 -3.7744 1.5118 -0.3951 -3.5827 
43.2495 30.3557 -9.8478 -7.2308 4.1409 -1.9992 -3.1358 1.6133 -2.2500 -3.4360 1.6748 -0.2551 -3.1982 
42.5741 29.3910 -10.5191 -7.3624 4.0896 -2.3155 -3.4937 1.2168 -2.9060 -4.2114 1.0537 -0.5322 -3.0332 
42.3268 29.2384 -10.3252 -6.8206 4.8671 -1.8794 -3.5144 1.5928 -2.0413 -3.7991 0.9748 -0.6585 -3.6317 
41.0634 27.7348 -10.8353 -6.4321 4.9937 -2.2423 -4.0237 0.2002 -4.2614 -5.2092 0.4699 -1.5353 -4.4365 
41.2281 27.6617 -10.4778 -4.7917 6.2659 -2.3615 -3.7867 1.4454 -3.5275 -5.0501 1.2231 -0.6027 -4.0970 
40.8997 27.8044 -9.4118 -3.5013 7.2834 -1.9107 -4.1046 0.7996 -3.8626 -4.9646 1.6355 -0.0843 -3.9692 
39.1430 27.2788 -8.2237 -3.9809 5.9485 -1.8577 -3.6973 0.9144 -2.9841 -4.2259 0.9585 -0.9037 -4.0052 
37.6567 26.7510 -7.0734 -3.6536 5.4999 -1.7948 -3.5593 0.7886 -2.9713 -4.4204 0.5373 -0.8488 -3.9086 
37.0295 26.1775 -6.9725 -3.1384 5.8098 -1.9071 -3.6254 1.2731 -2.1636 -4.0201 0.3920 -0.8604 -3.4510 
36.5897 26.0398 -6.7921 -3.4475 5.5292 -1.6942 -3.8048 0.3062 -3.1466 -4.5398 0.4175 -0.2527 -2.8821 
36.3398 24.8733 -7.0882 -1.4041 5.9496 -3.2706 -2.8868 2.1087 -4.3031 -5.5684 1.5825 -0.3464 -3.7768 
35.8382 23.9570 -7.6600 -0.8441 6.7369 -3.1304 -2.6806 2.6711 -4.1949 -5.8629 1.6436 -0.1081 -3.9168 
34.1290 23.3705 -6.8671 -1.6908 5.7008 -2.6791 -2.8855 1.6338 -3.6761 -4.4879 2.0912 0.3731 -2.9127 
32.3439 22.6656 -5.7414 -1.6598 4.8523 -3.0767 -3.5983 0.7101 -3.7297 -4.5202 1.4094 0.1286 -2.9869 
30.9712 21.7328 -5.3267 -1.4588 4.3507 -3.1939 -2.8117 1.6905 -3.3206 -4.7276 1.0252 -0.1376 -3.1515 
29.8264 21.0476 -5.2206 -1.8414 4.2136 -2.8151 -3.1924 1.1858 -2.6050 -4.0975 0.4934 -0.4405 -2.8181 
29.2523 20.7437 -4.9783 -1.5733 4.8284 -2.0197 -3.1519 0.7408 -2.6664 -4.0120 0.5214 -0.0743 -2.5361 
28.2354 20.0677 -4.9492 -2.1250 3.9023 -2.5624 -3.5354 0.5825 -2.2394 -3.7362 -0.0180 -0.7787 -2.9091 
27.7955 19.4797 -5.5742 -2.5900 4.1013 -2.0023 -3.3234 0.6108 -2.1317 -3.8631 -0.1779 -0.4878 -2.5361 
26.2071 18.0198 -5.8649 -2.7921 3.6080 -1.9502 -2.5476 1.1811 -2.1181 -3.7989 0.1973 -0.1323 -2.3967 
25.7898 18.0525 -5.3314 -2.7278 3.5334 -1.9887 -3.2044 0.5236 -1.8219 -3.4835 -0.3339 -0.6222 -2.3481 
26.0811 18.1627 -5.3454 -2.2614 4.0363 -2.0193 -3.2954 0.7074 -1.7536 -3.4094 0.2964 0.3048 -1.7698 
25.8471 17.5632 -6.2808 -3.0079 3.8594 -1.7405 -2.9537 0.8563 -1.7500 -3.6101 -0.3429 -0.5673 -2.3603 
25.4123 17.2863 -5.9617 -2.6560 3.5668 -2.3547 -2.9547 1.4956 -1.2236 -3.2293 0.2952 -0.1303 -2.6606 
24.5189 16.1211 -6.8283 -2.9753 3.9429 -1.6804 -2.7536 1.1332 -1.5075 -3.4522 -0.4781 -0.9765 -2.5501 
24.9765 16.3562 -6.9678 -2.7716 4.3299 -1.6007 -2.6059 1.7857 -0.6681 -2.7337 0.1631 -0.6130 -2.7205 
25.0760 16.6504 -6.4111 -2.2411 4.4894 -1.7388 -2.7820 1.5679 -0.9669 -2.9204 0.2381 -0.2920 -2.1916 
25.5039 17.3038 -6.0918 -2.6819 3.9293 -1.6645 -2.4454 1.5978 -0.9836 -2.6057 0.6762 -0.1013 -2.3149 
24.9714 16.7857 -6.4265 -3.1347 3.6149 -1.6654 -2.2425 2.1470 -0.3164 -2.4907 0.4390 -0.0146 -2.0451 
23.5087 15.4794 -6.3960 -2.6289 3.7500 -1.8128 -2.4173 1.7803 -0.8144 -2.6405 0.6438 0.0367 -2.1367 
23.3248 14.7157 -7.9128 -4.2866 2.2235 -3.3601 -3.8435 0.7775 -1.5741 -3.7373 -0.8192 -0.9817 -2.5060 
24.0093 15.7734 -6.6551 -2.7334 4.0405 -1.7145 -2.6858 1.7407 -0.5701 -2.8389 0.0142 -0.1737 -1.9752 
23.6097 15.1986 -7.0940 -2.9215 3.9369 -1.7462 -2.5552 1.8005 -0.6295 -2.6238 0.4615 0.0143 -2.0240 
24.4782 16.1524 -6.5413 -2.5617 3.9983 -2.0397 -2.8632 1.6549 -0.7009 -2.5088 0.8225 0.2474 -2.2005 
23.4901 15.3059 -6.5533 -2.3918 4.2052 -1.3717 -1.9858 2.0642 -0.6454 -2.3804 0.7632 -0.1403 -2.3032 
22.6363 14.1004 -7.9362 -3.8974 3.0778 -2.1848 -2.8087 1.7548 -0.2708 -2.4591 -0.2521 -1.2476 -3.3185 
23.3722 14.8320 -7.5841 -3.6824 2.9499 -2.5286 -2.8139 1.8718 -0.4805 -2.4765 0.3903 -0.3957 -2.5176 
22.8937 14.4250 -7.6253 -3.4218 3.7921 -1.4593 -2.3741 1.8332 -0.2937 -2.0972 0.7821 0.1598 -1.9938 
23.8895 15.4035 -7.4443 -3.6632 3.6549 -1.2806 -2.0935 1.8899 -0.4687 -2.4006 0.3611 -0.0753 -1.7618 
22.9184 14.3859 -7.5465 -3.2060 3.4598 -2.3361 -2.8428 1.9265 -0.3391 -2.4685 0.3047 -0.3666 -2.4599 
22.6901 14.5755 -6.7713 -2.6064 3.9004 -1.7105 -2.4239 1.7993 -0.5670 -2.3245 0.6893 -0.0797 -2.1933 
23.0887 14.8254 -6.9255 -2.8462 3.4847 -2.3298 -2.7753 2.0278 0.0445 -1.7926 0.8015 -0.0737 -1.7968 
22.7830 14.1888 -7.8821 -3.8257 2.7814 -2.6369 -2.7106 2.1609 -0.1535 -2.2672 0.3746 -0.5584 -2.6022 
23.7643 15.0257 -7.6289 -3.1477 3.8174 -2.2847 -3.0531 1.9165 -0.3456 -2.7110 0.2361 -0.0780 -2.0464 
23.7786 15.0536 -7.3695 -2.3978 4.7935 -1.6511 -2.9638 1.8049 -0.1799 -2.2260 0.6947 0.3401 -1.4293 
23.8961 15.2007 -7.6982 -3.5947 3.5172 -1.9738 -2.4745 2.3607 0.0804 -2.3740 0.1870 -0.1724 -1.7500 
22.7082 14.3738 -7.3760 -3.5378 2.7455 -2.6200 -2.5524 2.1604 -0.4572 -2.5969 0.3655 -0.3791 -2.6855 
22.9875 14.2037 -8.0078 -3.2441 4.1198 -1.5839 -2.5319 1.9058 -0.4695 -2.6191 0.3128 -0.0891 -1.9457 
22.6186 14.3220 -7.2720 -3.1987 3.3244 -2.1494 -2.4478 2.1953 -0.2686 -2.4427 0.5107 -0.0346 -2.2352 
22.5141 13.8217 -8.1965 -3.7907 3.4156 -1.9619 -2.5679 2.1894 0.0423 -2.3538 0.1986 -0.2123 -2.1919 
22.9802 14.7294 -7.0745 -2.9308 3.9229 -1.8074 -2.9220 1.6246 -0.2322 -2.4676 -0.0762 -0.3947 -1.9327 
22.6768 14.2939 -7.3070 -2.9166 3.7989 -1.8896 -2.5133 1.9518 -0.5225 -2.5605 0.5258 -0.0087 -2.1863 
22.8583 14.8088 -6.8839 -3.4338 2.7698 -2.4825 -2.7196 1.8520 -0.2639 -2.0318 0.7896 -0.0594 -2.2543 
22.4471 14.4949 -6.5615 -2.4125 4.2443 -1.1173 -1.9840 1.9713 -0.4379 -2.3597 0.5271 0.3026 -1.0909 
22.3431 14.1922 -7.1370 -3.1730 3.3857 -1.8387 -2.2345 2.1797 -0.0186 -1.7350 1.2840 0.6012 -1.6247 
22.2362 14.1488 -7.2635 -3.6042 3.1034 -1.8029 -2.3829 1.8067 -0.2791 -2.0207 0.9702 0.6805 -1.3692 
22.5297 14.4482 -7.1901 -3.7589 2.7576 -2.0865 -2.2898 2.2515 0.2367 -1.6968 0.9324 0.3733 -1.6253 
22.2886 14.7505 -6.0196 -2.6645 3.3614 -1.8165 -2.4924 1.5739 -0.3955 -1.9565 0.9160 0.5204 -1.3213 
23.1294 15.2350 -6.5825 -3.3666 3.1067 -1.6252 -2.0124 2.0118 -0.0990 -1.5517 1.2599 0.3793 -1.6941 
22.5334 14.5121 -6.8350 -3.0735 3.3031 -1.9403 -2.2138 2.3704 0.1132 -1.9515 0.9525 0.5949 -1.5660 
22.5572 14.3406 -7.0682 -2.8908 3.6902 -1.7603 -2.1626 2.3896 0.1029 -1.7848 1.2588 0.6826 -1.6389 
21.5346 13.3028 -7.5477 -3.2384 3.5277 -1.5739 -1.8780 2.7309 0.6856 -1.2529 1.3169 0.4538 -1.6207 
21.8671 13.7004 -7.6907 -4.2663 2.1798 -2.7199 -3.1380 1.1497 -0.9142 -2.8039 -0.1779 -0.5440 -1.9921 
22.1274 13.9210 -7.3988 -3.3886 3.3730 -1.8264 -2.5070 1.8169 -0.2111 -1.9489 1.0636 0.7248 -1.3937 
22.2040 14.4740 -6.4487 -2.8735 3.4592 -1.7168 -2.3268 2.3150 0.7903 -1.2994 0.6450 0.0693 -1.3363 
23.1094 14.9067 -6.8739 -2.9520 3.5108 -1.7640 -1.8792 2.4891 -0.2423 -2.1058 1.2134 0.6377 -1.5979 
22.2267 14.4259 -6.4228 -2.5562 3.8775 -1.2360 -1.8251 2.1349 -0.2396 -1.9775 0.8593 0.1232 -1.8496 
22.2660 14.1922 -6.9681 -2.9728 3.5016 -1.8025 -2.1727 2.2863 -0.0841 -2.0556 1.0439 0.6747 -1.4378 
21.8805 13.8019 -7.0951 -3.0235 3.3623 -2.0747 -2.6205 1.9545 0.2567 -1.3595 1.0225 0.0071 -1.6102 
22.6108 14.3421 -7.3224 -3.1852 3.9774 -1.0801 -2.0343 1.9452 -0.1225 -1.8392 0.7922 0.0931 -1.6686 
22.6546 14.3343 -7.1500 -2.7042 4.0657 -1.4992 -1.9539 2.6779 0.2415 -2.0232 0.7786 0.2932 -1.6158 
22.1726 14.4084 -6.4900 -2.8901 3.4042 -1.6246 -2.1316 1.9587 -0.1549 -1.7615 0.9996 0.2261 -1.7320 
21.8186 13.8716 -6.8973 -2.8604 3.6793 -1.6602 -2.4857 1.8251 -0.0094 -1.8344 0.6563 0.0253 -1.7974 
21.4589 13.9691 -6.4580 -3.4183 2.5241 -2.1590 -2.4866 1.5775 -0.4873 -2.2259 0.4692 -0.0382 -1.9393 
21.7384 14.0808 -6.5464 -3.0902 3.2211 -1.5825 -2.1460 1.7600 -0.4608 -2.3396 0.1169 -0.6949 -2.5790 
21.5456 13.5733 -7.1568 -3.3125 3.1100 -1.9960 -2.4792 1.9206 -0.0312 -1.8587 0.8623 0.4885 -1.2715 
21.8588 14.1377 -6.4474 -2.6752 3.6800 -1.2197 -1.5510 2.5022 0.0935 -1.6225 1.4220 0.7860 -1.4757 
22.4028 14.1306 -7.1964 -2.6187 4.5232 -1.0949 -2.4331 1.6584 -0.3562 -2.2959 0.3379 -0.0407 -1.6090 
21.1076 13.1047 -7.3782 -3.3643 3.3837 -1.1628 -1.3279 2.8217 0.4286 -1.6264 0.9142 0.2848 -1.5195 
21.2381 13.8618 -6.1769 -2.9679 2.8853 -1.8101 -1.9772 2.1638 0.0302 -1.7624 0.8750 0.2146 -1.8717 
