23.6507 3.4886 -2.4241 -0.5714 -1.1839 -0.5845 0.1079 -0.6507 0.8270 0.4395 -0.0295 -0.4606 -0.1680 
23.1500 3.0772 -1.3259 -0.1639 0.2860 -0.6661 -0.5553 0.1968 0.1835 0.0485 0.0625 -0.0016 -0.6300 
23.2465 3.5525 -1.3149 -1.8227 -0.2723 -0.6202 -0.3448 -0.4849 0.4166 0.3650 0.3578 0.1232 0.2503 
23.2819 1.9459 -2.3216 -2.4760 -0.9428 -0.5216 -0.3766 0.0287 0.4630 1.2598 0.2298 0.1556 0.0580 
20.7349 0.5974 -2.2648 -2.5158 -1.5416 -0.5509 0.0438 0.5687 2.2222 1.7207 1.6340 1.8515 2.6885 
23.0312 3.6672 -1.3014 -0.1459 0.7606 -0.6499 -1.0173 -0.8982 0.0216 0.2199 0.3397 -0.0731 -0.7087 
22.6936 2.6483 -1.9480 -0.3920 0.9399 0.2033 -0.5966 -0.7710 0.0756 0.1741 0.0180 0.5408 -0.3785 
22.9536 2.5332 -1.7037 -1.2746 0.3854 -0.7427 0.2049 -0.1157 -0.3218 0.8429 -0.5180 0.1029 -0.3305 
22.4301 0.9115 -2.8040 -1.3585 0.2134 -1.0182 0.4978 0.2751 -0.8516 -0.1083 -0.6235 0.1614 0.4041 
22.2554 0.8908 -2.5068 -2.4130 -1.4124 -0.1712 -0.1869 -0.8492 -0.2193 0.6159 0.1845 0.4901 0.2956 
22.1786 1.7149 -1.8880 -0.6725 -0.4225 0.7731 -0.7885 -0.8087 -0.5830 -0.0757 -0.2601 0.0985 0.0461 
22.6251 2.3407 -2.6063 -2.3514 0.0494 -0.5959 -0.3926 -0.5490 0.2370 -0.0506 0.4290 0.0328 0.1890 
22.6869 1.5492 -0.7749 -1.9205 -1.6499 -1.3341 0.6625 -0.3642 0.0455 0.9479 0.3358 0.5852 0.3753 
25.1559 2.2264 -3.4724 -2.4783 -1.1371 -1.1599 -0.9719 -1.0122 -0.5680 -0.0611 -0.0703 -0.5241 -0.0703 
25.9715 3.5630 -1.8163 -0.9995 -1.2792 -0.3491 0.0060 -0.3897 -0.2918 -0.1775 0.4784 -0.0333 -0.4838 
25.4382 3.1560 -2.9224 -1.0548 -0.0530 0.2112 -1.0345 -0.4971 -0.0383 0.7920 0.1145 0.0532 -0.2614 
24.2261 3.0136 -2.5984 -1.7376 -0.4369 -0.7643 -0.6114 -0.3771 -0.0914 0.8046 0.2507 -0.3178 -0.3504 
25.2711 2.7364 -1.2641 -0.6373 -0.0448 -0.3759 -0.9487 0.1397 0.9411 0.9930 0.2054 -0.0920 -0.6378 
24.4437 1.5718 -0.8154 0.0489 -0.5257 -0.5032 -0.3577 0.2178 -0.2020 0.2165 0.6864 0.5204 0.0062 
24.3229 0.5749 -2.1216 -2.7704 0.2551 -0.2255 -0.1004 -0.3272 -0.2825 -0.4792 -0.1336 -0.0474 -0.6654 
27.2173 -0.7884 -0.9844 -3.0715 0.2851 -0.2059 -0.0601 -0.1301 -0.4228 0.1198 0.3113 0.8426 0.0131 
28.0633 0.6090 -1.0382 -2.3734 0.1414 -1.0007 0.3729 -0.2805 -0.7187 0.6781 0.1442 0.0289 -0.1275 
27.5723 0.1214 -0.2513 -2.7087 0.8254 -1.4683 0.0545 0.5896 0.6572 0.1705 -0.4525 0.4368 -0.1646 
28.9837 -1.0032 -0.7150 -2.0089 0.0384 -0.8061 0.1552 1.0295 -0.2277 0.5675 -0.4904 0.0759 -0.1428 
26.4832 -0.0300 -1.5353 -1.7600 0.0485 -0.6104 0.0684 -0.1716 -0.3954 0.7350 0.0168 0.6537 -0.3364 
26.4453 -1.6397 -2.0624 -3.6412 -1.0227 0.3487 -0.4456 -1.0068 -0.4938 0.7317 -0.4671 -0.1237 -0.1008 
26.3205 -0.8649 -1.0118 -3.0022 -0.2465 0.8234 0.4714 -0.4033 0.1097 1.0221 -0.1223 -0.2077 -0.4939 
26.6449 0.5092 0.3136 -2.5057 -0.2040 -0.7642 0.2217 -0.2667 -0.5867 0.1869 -0.5344 -0.0238 -0.7886 
26.5629 0.3835 -0.1676 -1.4282 -1.3493 -1.2436 -1.4645 -1.1549 0.4411 0.2392 -0.5532 0.2809 0.1697 
27.1751 1.6553 0.3396 -2.6477 0.5857 -0.2859 -0.8343 -0.9212 -0.2744 -0.1878 -0.0121 -0.0677 -0.2532 
25.3766 0.1498 0.0445 -1.1155 -0.2979 -0.6961 -0.4860 -0.8049 -0.0584 0.1025 0.1154 0.2613 -0.1427 
25.3927 0.7029 -0.9203 -1.8445 0.0607 -0.1209 -0.4197 -1.3581 -0.0301 0.4068 -0.1813 0.7828 -0.1107 
25.9220 1.4719 0.2524 -1.8395 -0.4734 -0.2273 -0.0046 -0.9265 -0.1998 -0.3239 0.0847 0.1460 -0.1482 
24.8755 1.2517 -0.3671 -2.3544 -0.3789 0.0778 0.3699 -0.9233 0.1645 0.8732 0.2403 -0.1967 0.4938 
24.2733 0.3069 -0.3458 -1.8454 0.3160 1.1003 -0.2986 -0.7918 -0.3449 -0.0427 -0.0261 -0.4023 -0.6552 
22.8650 -0.4149 -2.8948 -4.1459 -2.7001 0.6343 -0.5525 -0.8488 -1.4057 0.9069 -0.3804 -0.2062 -0.1546 
24.6486 1.0114 -1.9546 -1.1442 -1.2802 -0.2678 0.3775 -0.5534 -0.0220 0.0320 -0.6768 0.3519 -0.1133 
24.8974 0.7824 -2.4583 -0.8643 -1.1808 -0.7130 -0.3696 -0.0592 0.2693 0.2150 0.0288 -0.1620 -0.2081 
23.4271 0.5570 -2.8167 -2.2799 -0.2775 -0.4545 0.0917 -1.1264 -0.6346 -0.5941 0.2305 -0.0830 -0.4390 
22.4916 -0.0080 -3.0912 -1.0192 -0.0274 -1.4129 -0.4792 -0.6641 -0.0894 -0.0186 0.2159 0.4378 0.6699 
22.8645 0.4907 -2.3130 -0.5415 -0.9813 -0.2918 -0.2681 -1.2231 0.3338 0.3913 0.1545 0.4400 0.1037 
31.0982 -3.4408 -1.3540 -2.8449 0.7201 0.3444 0.9413 -0.1711 -0.5644 0.2525 -0.5076 -0.0901 -0.0453 
32.9664 -1.5905 -0.0516 -2.5328 -0.5350 1.5450 0.1128 -0.1929 -0.2053 0.1576 -0.3213 -0.1536 -0.4052 
28.9773 0.8729 -0.0937 -1.0406 -0.4077 0.7359 -0.5212 -0.0441 -0.3419 0.0772 -0.0750 -0.0279 -0.1116 
25.7804 0.9648 0.3384 -0.5663 -0.7891 0.2284 0.3054 -0.0034 -0.7014 0.6361 -0.9192 -0.0330 -0.0411 
26.5772 1.0741 0.3248 -0.9465 -0.3689 -0.9313 -0.0160 0.2458 -0.1525 0.1745 -0.5796 -0.3319 -0.0970 
27.2310 0.5343 -0.6028 -0.4092 -0.4000 0.1515 0.1726 -0.4901 -0.7229 -1.1528 -0.7619 -0.2028 0.2361 
25.0275 1.7928 -1.2480 -0.7284 0.2049 -0.4346 -0.2890 -1.0579 -0.9888 -0.1693 0.1406 0.5767 -0.1286 
24.5489 0.9698 -2.2888 -1.9016 -0.0379 0.7918 0.4471 -0.3038 0.1244 0.3383 -0.3349 0.2010 -0.2737 
24.3814 -0.6769 1.0585 -1.8671 -0.6877 -0.2235 0.2580 -0.5857 0.8434 1.1840 -0.8175 -0.0081 -0.0065 
27.2834 1.0181 0.2340 -2.3555 0.1617 -0.7392 -0.2464 -0.2314 -0.3543 0.9571 -1.1411 0.3595 0.1659 
25.7968 -0.0255 -1.4970 -1.3744 -0.4886 0.3532 0.9131 -0.0554 -0.4219 0.3746 -0.1914 -0.1125 0.1567 
22.7835 0.0867 -0.3030 -1.6078 -0.9696 0.3813 0.8473 0.8540 -0.3062 -0.3313 0.7889 -0.0750 -0.3620 
22.9730 0.6350 -2.1256 -1.2719 0.6411 1.5290 0.5146 -0.0145 0.7823 -0.1072 0.0998 -0.7132 -0.6252 
22.5894 0.7731 -1.3030 0.9780 0.2314 0.3456 0.5514 -0.5925 -0.2671 -0.7361 0.1336 -0.5220 -0.2660 
24.1717 -0.3052 -1.9299 -0.0007 -0.6000 -0.3203 1.1304 -0.1949 -0.2737 -0.3837 0.4065 0.6227 -0.2666 
25.5041 -0.1196 -2.8558 0.2177 -1.3038 -1.0075 -0.2450 -1.2571 0.3470 0.4490 0.6608 0.7032 -0.3534 
26.2211 0.0485 -1.8683 -0.2712 -1.4735 -0.0770 -0.1416 -0.8457 0.5455 -0.5172 0.1191 0.6804 -0.3833 
25.1003 -0.5153 -4.4045 -0.8449 -1.0942 -0.4219 -1.0567 -0.7288 0.0313 -0.5171 -0.1497 0.4684 -0.6557 
24.5899 0.6256 -1.3636 -0.8384 -2.0671 0.1088 0.1501 -0.0864 -0.4715 0.0201 0.0730 0.4604 -0.0050 
26.4134 0.7824 -3.3684 -1.9072 -2.2323 -0.5004 0.2383 -0.3144 0.0995 -0.0906 0.4104 0.1510 -0.7465 
26.8380 2.4530 -2.8747 -1.8590 -0.9961 -0.3482 -0.7279 -0.6169 0.0838 0.9427 0.9320 0.0756 -0.1294 
26.3576 2.6402 -2.6947 -2.0147 0.6025 -0.1734 -0.6537 -0.8950 -0.3746 0.1605 0.5884 0.3915 -0.5636 
26.7622 1.7674 -3.0124 -0.7639 0.0044 -0.2325 -0.0797 -0.3607 -0.6432 0.4548 0.2194 -0.6717 -0.3122 
27.0783 1.6052 -3.9604 -1.2180 -0.1505 -0.0002 -0.6685 -0.6426 -0.7129 0.2818 0.7105 0.0494 -0.1695 
25.9572 0.9984 -4.2476 0.0778 -0.3051 1.3729 -0.2795 -0.6813 -0.0529 0.6102 0.0510 -0.3077 -1.2172 
27.0601 2.5652 -4.0017 -1.1356 -0.0185 0.5400 -1.0427 -0.4869 -1.0068 0.9496 0.2689 -0.3450 -0.4304 
26.8169 1.5994 -3.0241 -3.0650 0.3085 0.5441 -1.1027 -1.2343 0.1507 0.3502 -0.0088 -0.0763 -0.2292 
26.2127 0.8699 -3.0238 -1.4140 -0.3840 -0.0068 0.2393 -0.8356 0.4178 0.1644 0.7237 -0.6003 0.0523 
25.4753 1.3598 -3.0846 -1.3347 0.3928 -0.1028 0.2004 -0.7515 0.2317 0.1835 0.6822 -0.1764 -0.5558 
29.7026 2.3126 -3.6684 -1.2649 -1.5703 -1.2670 -1.5302 -1.5491 -0.2383 -0.2008 0.3653 -0.4567 -1.1765 
33.0704 1.9586 -2.6793 -1.7436 -0.9186 -0.5565 -0.5328 -1.1125 -0.6284 -0.0616 -0.6078 -0.3523 -0.7224 
32.8284 2.8527 -3.3991 -1.3088 -1.8820 -1.0800 -1.0809 -0.7108 -1.0908 -0.3979 -0.9214 0.3347 -0.1897 
33.2912 1.8895 -2.9610 -1.1892 -0.4399 -0.3579 -0.3032 -0.9714 -1.0629 -0.9429 -1.1757 0.1187 -0.0749 
34.1741 1.8715 -2.2691 -1.0173 -1.3282 -1.0852 -0.9786 -0.0339 -0.3108 -0.8330 -1.0431 -0.0590 0.3520 
34.4972 0.7957 -2.8812 -1.6030 -1.5434 -1.0682 -0.6923 -0.5461 -1.0209 -1.2232 -1.1891 -0.0716 -0.0217 
34.8083 1.5802 -2.9751 -1.6093 -1.5159 -0.9585 -0.8704 -0.3124 -0.9667 -0.6514 -1.0351 0.0260 -0.0983 
37.1427 -0.3077 -3.3705 -0.8917 -1.5775 -1.0469 -0.6070 -1.1447 -1.4100 -0.7587 -0.4172 0.3801 -0.3406 
37.8681 -1.3672 -3.4233 -0.4469 -1.9022 -1.2171 -0.7346 -1.0593 -1.0389 -0.8344 -0.8854 -0.2069 -0.2385 
37.3725 -1.7645 -2.9814 -0.4317 -2.6603 -1.3129 -0.8550 -1.2510 -0.9187 -1.2992 -1.0643 -0.3252 -0.2435 
38.1422 -1.5387 -2.0064 0.2948 -2.2274 -0.8958 -0.4389 -0.7076 -0.2636 -0.8770 -0.9589 -0.1113 0.2735 
37.6168 -2.1954 -2.0434 0.1211 -2.6536 -1.0888 -0.4009 -1.2392 -0.6191 -0.9446 -1.0051 -0.3066 0.1703 
37.6731 -2.0232 -2.3624 -0.0736 -2.1073 -0.5261 -0.4288 -1.2282 -0.6071 -0.7461 -1.1196 -0.4490 0.0510 
38.0159 -1.7177 -2.0647 0.5528 -1.6931 -0.2891 -0.1950 -0.7735 -0.3465 -0.6747 -0.9083 -0.2777 0.3891 
37.5912 -2.8972 -2.3870 -0.4295 -2.7978 -1.0607 -0.7117 -1.3405 -0.8856 -0.8085 -1.0296 -0.5426 -0.0064 
38.0057 -2.3286 -1.7613 0.4629 -1.8531 -0.3378 -0.0246 -0.8009 -0.3541 -0.5804 -1.1790 -0.3076 0.4449 
38.0133 -2.6628 -2.1083 0.2799 -1.5421 -0.4748 -0.3034 -1.0830 -0.3917 -0.4775 -1.1585 -0.3296 0.3616 
38.0410 -2.5508 -2.1394 0.0776 -2.2499 -0.6890 -0.4216 -0.9797 -0.3657 -0.5389 -1.1004 -0.4871 0.2116 
37.7516 -2.4547 -2.1794 0.2793 -2.1912 -0.7001 -0.4231 -1.2473 -0.5167 -0.3993 -0.7471 -0.2378 0.1765 
37.2923 -2.5974 -2.1345 0.4847 -1.7121 -0.5227 -0.0714 -1.1310 -0.4361 -0.6435 -1.2243 -0.3745 0.3687 
37.6515 -2.1157 -2.4718 0.0472 -2.0974 -0.5290 -0.2181 -1.2902 -0.4357 -0.3278 -0.8950 -0.3920 0.0721 
37.0965 -2.2833 -2.4494 0.2132 -2.3094 -1.0286 -0.8263 -1.6003 -0.6933 -0.5540 -0.9207 -0.3261 0.0598 
36.8515 -1.7317 -2.4620 0.5752 -2.1258 -0.3614 -0.5877 -0.7331 -0.5608 -0.6840 -1.1988 -0.2106 0.2202 
36.9637 -1.3984 -2.7529 0.5762 -2.3456 -0.7297 -0.9752 -0.9323 -0.6178 -0.1638 -1.1824 -0.1591 0.0273 
36.0268 -2.5960 -3.0947 -0.1371 -3.0732 -1.4497 -1.1347 -1.4278 -1.1524 -1.2162 -1.8380 -0.6761 -0.0152 
36.5222 -1.1904 -2.3260 0.7864 -1.9053 -0.4509 -0.4152 -1.1308 -0.7869 -0.1430 -0.8904 0.0822 0.0586 
36.5726 -0.9476 -2.9200 0.2404 -2.4947 -0.6112 -0.7218 -1.0710 -0.6898 -0.2165 -1.0203 -0.2661 -0.0922 
34.6797 -2.5904 -3.9777 -0.9871 -3.4380 -2.1306 -1.6950 -2.0707 -1.6984 -1.5629 -2.3616 -1.0165 -0.3252 
35.4432 -1.0373 -2.1033 0.3210 -2.0088 -1.1510 0.0959 -1.0851 -0.6358 -0.3314 -1.5494 -0.1576 0.4243 
35.8509 -0.7139 -2.4013 -0.0151 -1.9624 -0.8026 -0.0470 -1.0760 -0.9976 -0.0933 -0.8593 -0.2032 0.0044 
35.6904 -0.5947 -2.5255 0.0488 -1.3934 -0.5977 -0.3370 -1.4913 -0.7097 -0.1334 -1.1933 -0.4320 0.0393 
35.4025 -0.2960 -3.1660 0.1941 -1.3001 -0.8123 -0.8502 -1.2046 -0.5934 -0.1837 -1.0887 -0.1830 -0.0572 
35.5895 0.1875 -2.5973 -0.1225 -1.4724 -0.9010 -0.4281 -1.2257 -0.5781 -0.0247 -0.8941 -0.0892 -0.1490 
35.4875 -0.0117 -2.7413 -0.1363 -1.4391 -0.9511 -0.2211 -0.9308 -0.4935 -0.1115 -1.0292 -0.1977 -0.0307 
35.1432 0.8115 -2.6179 -0.0806 -1.3032 -0.9464 -0.6117 -0.4395 -0.5517 -0.1334 -1.4105 0.3173 -0.0485 
34.6690 0.1276 -2.8914 -0.2885 -1.4992 -1.1111 -0.8771 -1.0541 -0.8450 -0.3300 -1.3650 -0.0339 -0.2049 
34.5141 0.1361 -3.3102 -0.2104 -1.0083 -0.9038 -0.9749 -1.1883 -1.0296 -0.0867 -1.1315 -0.0743 -0.4429 
34.2525 0.7466 -2.7313 0.1908 -1.3403 -1.3590 -1.1154 -0.2015 -0.3209 -0.6171 -1.6082 0.3797 0.0714 
34.2448 0.1271 -4.5109 -0.5102 -1.8617 -1.1575 -1.4617 -1.2522 -1.3813 -0.6203 -1.4618 -0.2519 -0.4065 
34.1981 1.3626 -3.1743 0.1077 -1.1212 -0.7884 -0.7957 -0.2847 -0.9986 0.0801 -1.1903 0.2964 -0.3012 
34.1206 1.0090 -3.3874 -0.1734 -1.0324 -0.8041 -0.8542 -0.8208 -0.5268 -0.3427 -1.0758 -0.0933 0.0069 
34.0033 1.3115 -3.1928 -0.7156 -1.1902 -0.6037 -0.9216 -0.9259 -1.0214 -0.0893 -0.7311 -0.1739 -0.1794 
33.8465 1.0324 -2.4348 -0.4416 -1.7838 -1.1441 -0.6040 -0.7560 -0.6874 -0.6621 -0.8494 0.0230 0.1530 
33.0982 0.8201 -2.1324 -0.9885 -1.8039 -1.1452 -0.8394 -1.1105 -0.9672 -0.7687 -0.6196 -0.5764 0.0945 
32.5911 -0.1118 -2.5441 -0.1645 -2.1404 -2.0388 -1.5744 -0.7486 -0.4896 -0.9274 -1.4312 -0.5577 0.1447 
32.4960 1.4240 -2.6385 0.0509 -1.9153 -0.7018 -0.8411 -1.4748 -0.5518 -0.0441 -0.8748 -0.2995 0.4180 
31.6191 1.2313 -2.8934 0.5367 -1.5227 -0.8678 -0.3480 -0.9476 -0.7331 -0.8988 -1.2570 -0.6818 0.3807 
30.7584 0.5941 -0.8821 0.8344 -1.8881 -1.1511 -0.6327 -1.3649 -0.1758 0.0206 -0.4889 -0.5283 0.1761 
30.1620 1.0102 -0.7488 -0.1750 -1.7531 0.2250 -1.2135 -1.1231 -0.1607 -0.5525 -0.2418 0.3040 0.0326 
30.1824 0.8540 -2.3418 0.2394 -0.7996 0.1175 -0.2902 -0.8091 0.1864 -0.6055 -0.7659 0.0976 0.0574 
29.9200 -0.0535 -3.6057 0.1632 -1.2025 -0.2909 0.7497 -0.9135 -0.6069 -0.1373 -0.0834 0.3808 -0.0221 
26.8843 -1.7321 -3.9849 -1.0501 -1.0244 0.0026 0.3835 0.0765 0.0316 0.5177 0.2580 0.3684 0.4284 
27.5922 0.0762 -2.5968 -0.3326 -0.8904 -0.8297 -1.3969 -0.1094 -0.5674 -0.6506 0.7864 0.3442 -0.1893 
27.6464 0.6630 -2.8350 0.4302 -1.7478 -0.4987 -0.4172 -0.4692 -0.5625 0.0258 0.5660 0.5073 -0.3224 
25.7963 -0.5026 -1.9125 1.6659 -1.3208 -1.6129 -1.2060 0.7527 0.2661 -1.3363 -0.0364 0.4063 -0.3930 
27.5800 1.0327 -3.0804 0.1144 -1.6330 -1.7707 -0.9081 -0.1005 -0.3652 -0.4585 0.2266 0.5729 -0.2144 
26.9984 0.8403 -1.9654 0.0323 -0.7503 -1.1965 -0.7713 0.1945 0.3086 -0.1949 0.6649 0.3500 -0.8594 
26.4658 0.8856 -2.9835 -0.6784 -0.1397 -0.6672 -0.4202 -0.5329 0.0381 0.5589 0.2806 -0.1038 -0.4452 
24.3515 0.9065 -3.3800 -1.4530 -0.2479 0.6852 -0.5198 -1.5055 0.7165 0.7069 0.5809 0.8892 -0.3844 
25.0805 -0.0795 -2.3761 -2.0253 -0.0816 -0.9480 -0.8708 -0.4599 -0.8100 0.0992 0.7397 1.1130 -0.1878 
25.4232 2.5504 -1.9443 -0.4711 -1.3691 -1.2784 -0.8523 -0.0903 -0.5456 -0.3587 0.1210 0.6804 -0.5866 
25.2444 0.4057 -1.1534 -0.1972 -1.1684 -0.7383 -0.8912 0.2136 -0.2640 0.5055 0.5588 0.6867 -0.1430 
25.2106 0.8731 -3.2806 -1.0888 -1.3918 -0.2606 -0.9919 -0.8426 -0.9659 -0.4496 -0.2512 -0.4210 -0.5252 
26.1825 -0.9979 -2.5034 1.0713 -0.3742 -0.8331 -0.5279 -0.3595 -0.0896 -0.3528 -0.3155 0.1081 -0.5471 
26.4277 -0.1633 -3.0044 0.5391 -1.1525 -0.6641 -1.0368 0.0574 0.1786 -0.1639 -0.2155 0.4550 -1.0151 
27.4618 -0.0097 -2.6184 0.1834 -0.6184 -1.1834 -0.5843 -0.6268 0.0083 0.1601 0.3568 -0.2210 -0.4768 
26.6822 -0.1071 -3.4026 -0.2642 -1.0192 -0.9590 -0.1686 -0.4617 -0.8421 0.2815 0.1205 -0.0125 0.1163 
25.7772 -1.3234 -1.9889 0.7216 -2.0378 -1.6793 -0.5907 0.1593 0.4694 0.8076 -0.1070 0.7425 0.3638 
27.8725 -0.0325 -3.1656 -0.2396 -1.4873 -0.9135 -0.0730 -0.6578 -0.6690 0.1036 -0.3015 0.7110 -0.3960 
27.9246 0.1731 -3.2612 -0.6862 -0.2817 0.0351 0.4433 -0.5981 -0.3422 0.5350 -0.5050 0.3174 -0.0953 
25.9323 0.2897 -2.3453 -0.0294 -0.9450 -0.2317 1.1552 -0.4322 -0.0188 -0.0255 0.0650 0.4649 0.0401 
27.1284 0.7472 -3.7468 -1.3563 -0.8066 -0.8577 -0.2182 -0.7855 0.1921 0.0434 0.5206 0.9629 0.3529 
27.9499 -0.2261 -4.3443 -0.2222 -0.9180 -0.4219 0.4425 0.2644 0.4630 -0.0619 -0.7108 -0.3814 -0.2859 
27.5692 -0.0832 -3.4667 -0.6373 -0.3368 0.1220 0.1417 -0.0243 -0.0765 0.1222 -0.4819 -0.1170 -0.1944 
25.6437 0.2083 -4.6815 -0.9543 -0.4617 -0.2856 0.5338 -0.0358 0.0934 0.3824 0.9625 1.3578 0.8805 
26.4752 1.3822 -2.6811 -1.9290 0.1326 0.4368 0.5749 -0.3057 -0.5237 -0.1483 -0.0548 0.0440 0.1310 
25.1280 0.9426 -2.1356 -2.2918 -1.1550 -0.1878 1.1058 -0.0400 0.0170 -0.5978 0.3899 0.4182 -0.4252 
24.7052 0.1815 -2.0525 -0.6636 -1.0059 -1.0950 -1.4709 -0.3206 -0.0517 -0.0489 -0.4079 0.4311 -0.1841 
24.6229 1.3468 -1.7347 -0.6030 -0.3134 -0.8764 -0.6279 -1.1058 -0.5264 0.0178 -0.2349 0.4109 0.0816 
22.8943 1.1523 -0.7355 -1.6911 -0.6691 0.9024 0.4799 -0.2420 0.0960 0.1302 -0.8385 -0.0318 0.0817 
23.3802 1.5215 -1.5868 -0.9047 -0.5681 -0.4406 -0.6291 -0.3000 -0.4343 -0.1211 -0.0615 0.2038 0.1849 
23.6841 1.5706 -1.6083 -0.7934 0.2179 -0.2578 0.0049 -0.7003 -0.0522 0.3779 -0.3225 0.0565 -0.1005 
22.9318 1.5198 -1.4517 -1.8853 -0.3626 0.1618 -0.1911 -1.1326 0.3567 0.3175 0.3610 0.0959 0.3259 
23.3074 2.0400 -1.3641 -0.8043 -0.9187 -0.2534 -0.8455 -0.6761 -0.1442 0.1847 0.0239 -0.1701 0.4433 
23.4732 2.0161 -1.9898 -0.3602 -1.2444 0.9146 0.2309 -0.8766 -0.1765 0.1968 0.1198 -0.2334 -0.2790 
23.0365 2.2840 -0.5379 0.1297 -0.1841 0.0426 -0.3309 -1.4346 -0.8004 -0.1059 -0.2348 0.4443 -0.0006 
23.4551 1.2697 -1.1988 -0.6670 -0.6495 0.6695 -0.9653 -1.0860 0.2831 0.0768 -0.1847 0.4494 0.1618 
23.7478 1.7285 -1.8586 -1.6640 -1.3009 -0.7286 -1.0261 -1.5424 -0.8610 -0.5055 -0.4196 -0.2069 -0.0935 
23.5646 2.4752 -3.0071 -1.2084 0.1543 0.8645 -0.6033 -0.4605 -0.0676 0.7340 0.1516 -0.0065 -0.9656 
24.5285 2.1083 -1.7679 -1.6916 -0.8219 -0.5301 -0.5681 -0.9680 0.0534 0.5361 -0.1849 0.0662 -0.0339 
24.4289 0.9964 -0.9908 -1.0624 -1.1089 -1.0669 -0.8605 -0.2865 0.3505 0.0298 -0.2256 0.0680 -0.1336 
23.9416 0.7438 -1.9749 -1.3803 -0.5050 -0.4095 -0.1016 -1.0346 -0.3393 0.8968 0.9519 0.5168 0.1996 
24.3575 0.8053 -1.7571 -1.4587 -0.9324 -0.6946 -0.2015 -0.9172 -0.0329 0.7098 0.2723 -0.2105 -0.6564 
25.3208 1.4545 -2.4511 -2.6316 -1.1837 -0.6523 -0.8526 -1.1221 0.0958 0.2038 0.1279 0.3851 -0.7582 
25.8228 2.6849 -2.9332 -2.1769 -1.1014 -1.1113 -0.2999 -0.8001 -0.5719 -0.3228 -0.0659 0.5615 -0.4043 
24.4285 2.5861 -2.0403 -1.5785 -0.5996 -0.3301 0.2696 -0.3366 -0.1531 0.0282 -0.1203 0.1556 -0.2956 
23.4064 0.3933 -2.5132 -2.3627 -0.9012 -0.2364 0.8645 -0.5812 -0.0155 0.2936 0.9355 0.9999 0.1151 
22.9707 0.9149 -2.5997 -1.7543 -0.1425 0.3588 1.2758 -0.1977 -0.0308 0.0470 0.2056 0.1963 -0.2191 
24.2151 0.6387 -1.6399 0.1341 -0.4038 -0.1412 -0.3202 -0.2336 -0.5172 0.1834 -0.3955 0.3440 0.0816 
23.9730 0.6830 -1.9086 -0.4418 0.1595 0.4499 -0.6258 -0.4441 -0.9333 -0.1616 0.4307 0.1236 0.2445 
24.4563 1.3258 -2.9685 -1.6941 -0.3470 -0.4193 0.8680 -0.6718 -0.3590 0.1923 -0.2219 0.5981 -0.2377 
24.3244 2.8433 -3.3188 -2.6273 -0.5930 0.7285 0.7201 0.0177 -0.4425 -0.8930 0.2707 0.3139 0.2550 
24.8925 2.5349 -2.6416 -2.4895 -0.8136 0.3252 0.7010 -0.0041 -0.4491 -0.2516 0.2061 0.5135 0.0770 
25.5710 3.4132 -1.7962 -2.8086 -1.2540 0.2379 -0.4382 -0.0013 -0.2901 0.4866 -0.8922 0.3853 0.6147 
26.2599 1.7549 -2.7274 -2.7884 -0.7292 -0.3880 -0.4508 0.1232 -0.5407 -1.1283 -0.7064 -0.3136 0.6057 
26.0865 3.5616 -2.7682 -2.5714 -1.7468 -0.0560 -0.6497 -0.5045 0.0408 -0.7370 0.0379 0.0095 0.3672 
26.1051 3.2830 -2.4961 -2.9241 -0.9537 -0.7759 0.3309 -0.1360 -0.3718 -0.3759 -0.6275 0.0145 -0.0191 
25.4801 3.4789 -3.4238 -1.9315 -1.1083 -0.3477 -0.0586 -1.0610 -0.3516 -0.0997 -0.3545 0.0140 0.4413 
25.6936 2.8827 -3.6338 -1.0862 -0.1587 0.1376 -0.1140 -0.5350 -0.0482 -0.0970 -0.3722 0.0688 0.5581 
26.2799 1.4469 -4.0294 -0.6722 0.1295 0.8644 0.8544 -0.4851 -0.0758 -1.1037 -0.3487 -0.0988 0.7864 
26.8653 2.1319 -2.9008 -1.7505 -0.9191 -0.6581 -0.2676 -0.1030 -0.8538 -0.0865 -0.2308 -0.1545 -0.0408 
24.7325 0.2403 -3.8461 -2.0944 -1.8210 -0.4542 0.6456 0.2378 -0.7261 -0.4493 -0.6794 -0.9705 -0.7411 
24.5879 1.8529 -3.0102 -1.4707 -0.1855 0.1449 -0.1676 -0.3887 -0.4190 -1.6218 -0.3709 -0.0045 0.1306 
25.8143 2.0375 -4.3242 -2.2575 -0.3531 0.3140 -0.3554 -0.7071 0.0551 -0.1759 -0.1834 0.2046 0.2593 
25.3782 0.6826 -4.2490 -2.1570 -0.7162 0.3735 0.0358 -0.0304 0.3221 0.3337 -0.5328 0.2794 0.8744 
