24.7084 15.8789 -7.4026 -2.7701 4.6135 -1.6418 -3.0670 1.4250 -0.6280 -2.4404 0.5472 -0.2558 -2.5018 
24.7431 15.8958 -7.4590 -2.9770 4.2230 -1.9122 -2.9203 1.5406 -1.2298 -3.4412 0.0779 -0.0737 -2.2204 
24.3305 15.3596 -7.7373 -2.9155 4.3349 -1.8975 -2.7943 2.0106 -0.3394 -2.4923 0.4158 -0.3318 -2.3954 
24.8971 15.6446 -8.2767 -3.6500 3.8759 -2.1240 -2.9551 1.6884 -0.9007 -2.8432 0.6908 0.1944 -2.2280 
24.4589 15.2914 -8.3413 -3.8981 3.2431 -3.0934 -3.9924 1.1485 -0.9558 -3.2620 -0.3297 -0.6435 -2.5361 
24.3873 15.3201 -8.1117 -3.4911 4.1297 -1.5080 -2.3295 2.0820 -0.4663 -2.4312 0.6105 -0.3882 -2.8837 
24.1425 15.2409 -7.4918 -2.4044 4.6831 -2.0673 -3.5281 0.9606 -1.1613 -2.6412 0.7813 0.1424 -2.0076 
24.5435 15.8364 -7.1952 -2.7075 4.3561 -1.8592 -3.0849 1.2594 -1.0193 -2.7251 0.4496 -0.2849 -2.5551 
24.4587 15.7392 -7.3080 -2.8398 4.3160 -1.8263 -2.9883 1.5234 -0.8265 -2.9111 0.2524 -0.0879 -2.2627 
26.1051 17.1190 -7.3115 -3.1230 4.0843 -2.2901 -3.4091 1.2526 -1.3253 -3.5154 -0.0732 -0.3402 -2.6590 
28.5527 18.6150 -8.3241 -3.7478 4.3649 -2.6500 -4.1232 1.2602 -0.9464 -3.3798 -0.2136 -0.7684 -3.0109 
24.8983 15.5718 -8.1341 -2.8805 4.7437 -2.0460 -3.7025 0.6811 -1.7600 -3.4040 0.2703 -0.4040 -2.8543 
23.8881 14.6537 -8.5574 -3.7107 3.6943 -2.4394 -3.5559 0.7385 -1.8311 -3.4807 0.1592 -0.3606 -2.6622 
23.9589 14.9425 -8.0348 -3.3503 3.7469 -2.2384 -2.8269 1.7334 -1.0117 -2.9590 0.3993 -0.3384 -2.5944 
24.8927 16.0140 -7.5495 -3.1358 4.2742 -1.6463 -2.5476 2.1860 -0.3463 -2.9285 -0.1060 -0.4665 -2.4249 
25.2762 16.3495 -7.5408 -3.3198 4.0458 -1.6109 -2.3083 2.0660 -0.5546 -2.2292 1.2512 0.3541 -2.2475 
24.9586 15.7859 -7.9068 -3.1487 4.1123 -2.0412 -2.6404 2.1098 -0.5299 -2.5434 0.4560 -0.6199 -2.6355 
24.8069 15.7012 -7.7225 -2.6352 4.8108 -1.7258 -2.8068 2.2649 0.1517 -2.1119 0.5150 -0.4955 -2.7742 
24.5007 15.2884 -8.2577 -3.4563 3.8757 -2.5732 -3.5689 1.5382 -0.6206 -2.8552 0.1800 -0.3314 -2.5582 
24.6869 15.5601 -8.0524 -3.4169 3.9094 -2.2954 -3.1913 1.7001 -0.5952 -2.7946 0.1223 -0.5097 -2.5266 
25.3037 16.4678 -7.2273 -2.9641 4.0451 -2.0383 -2.7629 1.7833 -1.0131 -3.2021 0.0384 -0.5030 -2.6682 
25.4346 16.4982 -7.3461 -2.9571 4.2331 -1.6809 -2.2073 2.2908 -0.7001 -2.6647 0.9644 0.2369 -2.2567 
24.5788 15.5956 -7.6686 -2.9835 4.0786 -2.1201 -2.7190 2.0581 -0.5731 -2.3881 1.2853 0.6119 -2.0289 
24.7915 15.6652 -8.2410 -3.8784 3.8452 -1.7111 -2.6224 1.7934 -0.6141 -2.3527 1.0622 0.2832 -2.3744 
24.7964 15.5581 -8.1292 -3.1389 4.5411 -1.7005 -2.8301 1.8519 -0.5577 -2.6358 0.5700 0.0928 -1.9622 
25.4694 16.2204 -8.0910 -3.5961 3.8032 -2.7528 -4.0249 1.1161 -0.6132 -2.5291 0.3768 -0.3572 -2.4658 
27.7050 18.0278 -8.0199 -3.4432 4.1942 -3.0031 -4.6461 0.3528 -1.8301 -3.6606 0.0095 -0.3319 -2.3726 
25.3649 16.5434 -7.0607 -2.5288 4.4934 -2.2149 -3.5458 1.1860 -1.0829 -3.0367 0.3120 -0.1757 -2.3520 
25.2404 16.3284 -7.3762 -2.8704 4.4638 -1.6614 -2.7278 1.7218 -0.8769 -2.9910 0.1882 -0.2757 -2.2633 
24.4782 15.7508 -7.3430 -2.9937 4.0854 -1.8530 -2.7485 1.7925 -0.4572 -2.4032 0.2793 -0.7316 -2.6381 
25.6064 16.2719 -8.1219 -3.2962 4.6105 -1.6063 -2.8954 1.7821 -0.4988 -2.4276 0.9490 0.3870 -2.2039 
24.7958 15.3618 -8.5758 -3.7113 3.7653 -2.4270 -3.1392 1.5829 -1.1945 -3.2250 0.2723 -0.3602 -2.7202 
24.9770 16.2242 -7.4223 -3.5440 3.4671 -2.2539 -2.9760 1.4890 -0.9748 -2.7869 0.5079 -0.1447 -2.3270 
25.1395 16.3458 -7.2083 -2.9752 3.9277 -2.1940 -2.7760 2.1947 -0.0849 -2.1105 0.7586 -0.3743 -2.8584 
24.6099 15.3793 -8.4457 -3.9949 3.4528 -2.4121 -3.1887 1.4672 -1.0757 -3.3022 -0.3234 -0.8655 -2.6561 
24.9248 15.7860 -7.8759 -3.1404 4.0573 -2.4201 -3.5012 1.0849 -1.3549 -2.9525 0.6596 -0.1649 -2.7278 
24.5297 15.2995 -8.4227 -3.9050 3.4632 -2.4907 -3.2888 1.2472 -1.3304 -3.0797 0.4794 -0.2800 -2.8888 
24.8715 15.8252 -7.6478 -2.8555 4.2957 -2.1009 -2.8050 2.1072 -0.6613 -2.9914 0.3937 -0.1031 -2.4406 
24.4192 15.3596 -7.9818 -3.3617 3.9145 -1.9650 -2.8077 1.2856 -1.4800 -2.9804 0.3703 -0.8956 -3.1639 
24.6568 15.8488 -7.3079 -2.5479 4.7878 -1.6460 -3.0012 1.7809 -0.4048 -2.8134 -0.0558 -0.5351 -2.6123 
24.6773 15.4497 -8.2944 -3.5185 4.2077 -1.7443 -2.7151 1.9439 -0.6945 -3.2563 -0.3689 -0.6705 -2.4123 
25.2008 16.0773 -7.8103 -3.2062 4.1332 -2.0653 -2.9954 1.5352 -1.1466 -3.0321 0.6350 0.2577 -2.0557 
25.2217 16.1623 -7.6928 -3.1735 4.1071 -2.0459 -2.8641 1.8412 -0.7421 -2.8955 0.1675 -0.6002 -2.7339 
24.9901 16.2833 -7.0042 -2.6095 4.2508 -2.2019 -3.1856 1.6051 -0.8541 -3.1586 -0.1213 -0.5435 -2.5024 
24.9512 15.8959 -7.6606 -2.7761 4.7166 -1.5973 -2.7613 1.8780 -0.4764 -2.5110 0.4135 -0.6174 -2.9662 
24.6202 15.7019 -7.5303 -2.8409 4.3743 -1.7211 -2.6623 1.6096 -1.1272 -2.9438 0.3216 -0.6056 -2.7089 
24.8420 15.7663 -7.9742 -3.5104 3.8763 -2.1235 -3.0171 1.6485 -0.8411 -3.0248 0.0274 -0.5977 -2.7242 
24.4761 15.1226 -8.7287 -4.1958 3.2260 -2.6838 -3.3521 1.3077 -1.3146 -3.1378 0.5484 0.0146 -2.5596 
25.2122 16.3450 -7.2422 -2.7014 4.4733 -1.8902 -3.0008 1.6838 -0.5821 -2.4723 0.6853 -0.0340 -2.2134 
27.0410 18.8253 -4.8297 -0.2900 6.4841 -0.6385 -2.4169 1.7152 -1.0061 -3.0415 0.0570 -1.0241 -3.5764 
26.8798 18.6840 -5.0406 -0.7552 6.1135 -0.7479 -2.5194 1.6736 -0.9324 -3.2299 -0.3021 -0.9172 -3.1118 
27.4967 19.0554 -5.3481 -1.1381 5.8805 -0.6529 -1.7930 2.6434 -0.3093 -2.8513 -0.0297 -0.8407 -2.8224 
29.0299 21.1375 -3.6573 0.0717 6.9296 0.0357 -2.1478 1.4488 -1.3782 -3.4453 -0.3890 -1.0181 -2.8075 
29.7635 21.4873 -4.2046 -0.5307 6.4429 -0.2771 -1.8932 1.8327 -1.5563 -3.8253 -0.6705 -1.7128 -3.9036 
32.4425 23.1654 -5.4731 -1.4681 7.4273 0.9255 -1.7940 1.4215 -1.5967 -3.3386 0.0403 -1.0529 -3.3324 
38.0949 26.6168 -8.0558 -4.0685 6.1072 -0.9834 -3.0890 1.1025 -2.5331 -4.0436 0.4961 -1.0336 -3.7145 
39.5063 26.9733 -9.0036 -3.7195 6.6443 -1.4562 -2.9840 1.6062 -2.8826 -4.0473 0.9346 -1.9727 -4.6860 
40.1232 27.1835 -9.2440 -3.4142 6.7141 -2.0978 -3.0598 2.4343 -2.0932 -3.4020 1.5901 -1.6609 -4.4855 
41.1753 27.9112 -9.2603 -3.0751 6.9679 -2.5299 -3.2836 2.7850 -1.9771 -3.5001 1.8759 -1.2937 -4.3964 
41.2108 27.9671 -9.2289 -2.9694 7.1948 -2.6108 -3.7118 2.8152 -1.5053 -3.5946 1.4417 -1.0866 -4.1785 
41.4217 28.6081 -8.2618 -2.6994 6.2146 -3.8845 -4.0805 3.2783 -0.9398 -3.2429 1.4201 -1.6487 -4.9555 
41.4127 28.9345 -7.7485 -2.7324 5.7480 -4.3696 -4.5298 3.1671 -0.5063 -2.8437 1.3087 -1.9434 -4.9970 
41.1309 29.0307 -7.5971 -3.4351 5.4362 -3.5367 -4.2983 2.1910 -1.0243 -2.5723 1.3189 -2.0061 -4.8266 
40.4266 28.6803 -6.6550 -2.1721 5.4230 -4.5460 -4.5550 2.8088 -0.8594 -2.7224 1.8706 -1.3424 -4.9681 
38.9893 27.6194 -6.5429 -2.2690 5.1517 -4.2035 -4.0712 2.8615 -0.9588 -3.0968 0.9397 -2.0693 -4.9407 
39.4012 27.8456 -6.4182 -1.3534 6.3195 -4.0207 -4.5559 2.9768 -0.0723 -2.1840 1.5127 -1.7596 -4.7324 
38.9851 27.5085 -6.5744 -1.6011 6.3439 -3.7472 -4.6204 2.6855 -0.2178 -2.3729 1.3778 -1.5448 -4.6407 
38.9535 27.1793 -7.0314 -1.5763 6.6216 -3.6867 -4.7484 2.3922 -0.4733 -2.0525 1.9771 -1.5978 -5.1647 
38.5528 26.9630 -6.8153 -1.4481 6.5643 -3.6385 -4.4205 3.0278 0.2132 -1.7321 1.9924 -1.4776 -4.8362 
38.3598 27.1357 -6.4715 -1.9454 5.7026 -3.8690 -4.2853 2.9563 0.0641 -1.7036 2.2212 -1.3301 -5.2238 
37.9661 26.6380 -6.5766 -1.6854 5.5581 -4.4521 -4.4047 3.3278 0.1608 -1.8673 2.2589 -1.1662 -5.1701 
37.8370 26.9485 -5.9771 -1.7105 5.3825 -4.2260 -4.4460 3.0050 0.4864 -1.1883 2.2592 -1.5062 -4.9714 
38.0953 26.8223 -6.4379 -1.7721 5.2056 -4.6882 -4.3262 3.2823 -0.2385 -2.2361 2.0525 -1.4074 -5.3089 
37.5485 26.6385 -5.9016 -1.4681 5.0683 -4.8023 -4.4937 2.9366 -0.3000 -1.9497 2.0924 -1.6366 -5.2418 
37.9639 26.6080 -6.6246 -1.8448 5.0781 -5.1125 -4.9268 2.8723 -0.4169 -2.4686 1.8116 -1.3352 -5.1451 
37.5099 26.4593 -6.2095 -1.6123 5.1677 -4.7487 -4.6127 2.8714 -0.2834 -2.0507 2.1144 -1.1543 -4.8108 
38.0140 26.6093 -6.5675 -1.7246 4.9721 -5.0001 -4.0917 3.6451 -0.2641 -2.1872 2.3066 -1.3600 -5.1587 
37.7609 26.5661 -6.4704 -1.9445 5.0159 -4.4071 -3.5886 3.9231 -0.1348 -2.6150 1.7556 -1.0429 -4.4528 
37.8892 26.2080 -7.3186 -2.1453 5.6756 -3.6417 -3.2664 3.6617 -0.7192 -3.0075 1.6028 -1.2778 -4.6946 
38.2099 26.6699 -7.0621 -2.1625 5.7840 -3.4521 -3.3804 3.5330 -0.5344 -2.8712 1.5766 -1.1628 -4.5774 
38.6655 26.5830 -7.8496 -2.4554 5.9679 -3.1702 -2.9782 3.3665 -1.5177 -3.4018 1.8561 -1.2173 -4.9981 
38.5034 26.5483 -7.8401 -2.6169 6.2902 -2.1797 -2.2961 3.3747 -1.4980 -3.2153 1.7562 -1.5388 -5.1527 
37.6069 25.3658 -8.8087 -3.1585 6.3227 -2.0875 -2.8649 2.3666 -2.2769 -3.8968 0.8651 -2.1420 -5.1926 
37.6813 26.0851 -7.4474 -2.2860 6.6965 -1.2395 -1.5836 3.2245 -1.8605 -3.2697 1.7371 -1.4812 -4.7118 
38.0739 26.0592 -8.3046 -2.8872 7.0393 -0.7430 -1.7129 2.8626 -2.1499 -3.8605 1.1195 -1.3752 -4.2201 
37.7422 25.8034 -8.3082 -2.7902 7.4275 -0.1645 -1.4519 2.7856 -2.2317 -3.9044 1.1521 -1.1617 -4.0647 
38.3301 26.0260 -8.6897 -2.7901 7.6936 -0.1399 -1.3413 3.0478 -2.4063 -4.4468 0.9897 -0.8357 -3.9479 
37.2823 25.3882 -8.4077 -2.9666 7.0069 -0.5329 -1.5485 2.6351 -2.9175 -4.8447 0.8538 -0.8029 -4.1298 
36.4969 25.1372 -7.6681 -2.3512 7.6637 0.3669 -1.3188 2.3818 -2.4732 -4.1105 0.8891 -0.9047 -3.7755 
35.1111 24.3239 -7.0404 -1.9906 7.3670 0.1751 -1.2966 2.5150 -2.2709 -4.2205 0.5636 -0.9871 -4.0997 
32.3038 22.6753 -5.8614 -1.2080 7.4736 0.6923 -1.1392 2.4339 -1.5627 -3.6162 0.2390 -1.2326 -3.8664 
31.0602 22.2278 -4.9746 -1.2038 6.6166 0.2075 -1.4572 2.1000 -1.5670 -3.8081 -0.2416 -0.9583 -3.0727 
30.8782 21.9415 -4.9296 -0.6325 6.8863 -0.2289 -1.7621 2.3967 -1.1396 -3.5487 -0.1598 -1.1107 -3.2306 
30.0777 21.4944 -4.4490 -0.2523 6.7069 -0.6076 -2.1048 2.0685 -1.5597 -4.0619 -0.3319 -0.6813 -2.8501 
29.5894 21.0772 -4.4994 -0.2568 6.7371 -0.3887 -1.7292 2.5768 -0.9428 -3.5198 -0.0281 -0.6520 -3.0413 
29.0030 20.6520 -4.4507 -0.3491 6.4747 -0.4984 -1.8790 2.1048 -1.5233 -3.8761 -0.1550 -0.8031 -3.3400 
31.1074 21.5557 -6.3786 -1.6697 7.5960 1.1865 -1.8593 0.5621 -2.6181 -3.0181 1.6722 -0.1459 -4.2005 
30.1273 20.7379 -6.3980 -1.7055 7.0873 0.4085 -2.4863 0.4257 -2.5524 -3.4459 0.8043 -0.7854 -4.4887 
29.0370 20.3759 -4.8861 -0.1938 7.0017 -0.3224 -2.0353 2.0932 -1.1174 -3.1871 0.2260 -1.0718 -3.7227 
28.7287 19.8346 -5.5122 -0.5350 7.0640 -0.3438 -2.3510 2.0304 -0.7349 -2.8825 0.3940 -0.7052 -3.5313 
28.2777 19.5813 -5.2643 -0.4467 6.7348 -0.5272 -1.8621 2.8482 -0.4104 -3.0753 0.5510 0.0432 -2.9512 
27.7303 18.9636 -5.6300 -0.7249 6.3664 -1.1397 -2.6064 2.5095 -0.2478 -3.2599 -0.3246 -0.5014 -2.5867 
27.7271 18.9006 -5.5562 -0.3217 6.8638 -0.5045 -1.8253 2.6571 -0.8026 -3.2075 0.4816 -0.3530 -3.0352 
27.9123 18.7028 -6.0624 -0.2188 7.2736 -0.4674 -1.7088 3.1781 -0.5090 -3.2619 0.5743 -0.4042 -3.7450 
28.2727 18.8116 -6.6874 -1.1319 6.5942 -0.9696 -2.3047 2.6304 -0.8062 -3.6085 -0.0093 -0.6733 -3.2915 
27.4844 17.8805 -7.1540 -1.0414 7.0168 -0.7349 -2.4401 2.6746 -0.1387 -2.6776 0.7880 0.1791 -2.3035 
27.0379 17.0245 -7.8831 -1.1945 6.5678 -1.7625 -2.8604 2.8582 -0.6871 -3.8212 0.0777 -0.5037 -3.5333 
27.1496 17.0579 -8.1208 -1.3674 6.9641 -1.2047 -2.8801 2.8143 0.2387 -2.4120 0.8992 -0.1687 -3.1918 
26.8120 16.7791 -8.4808 -2.2653 6.2426 -1.1486 -2.8240 2.2614 -0.3692 -2.6822 0.6924 -0.3179 -3.0441 
26.5500 16.5324 -8.5260 -2.4114 5.6530 -1.9375 -3.2496 2.1391 -0.7368 -3.2260 0.6348 0.1008 -2.9741 
26.6111 16.7138 -8.1935 -2.0590 5.9693 -1.6459 -3.2556 1.6378 -1.2363 -3.2852 0.6406 0.1030 -2.2600 
26.0155 16.0920 -8.7692 -2.9481 5.1825 -2.1232 -3.5553 2.0075 -0.1447 -2.5298 0.7078 0.0375 -2.5351 
26.4248 16.8939 -7.9108 -2.6519 4.9992 -2.3701 -3.9363 1.4464 -0.5476 -2.6671 0.6557 0.0935 -2.2587 
25.7602 16.3090 -8.1288 -2.9646 4.8940 -1.8083 -3.0320 2.1660 -0.2214 -2.6730 0.7686 0.5938 -1.9680 
25.2869 16.0611 -7.8841 -3.0419 4.2797 -2.3629 -3.4674 1.3641 -1.1812 -3.2571 0.3367 0.0637 -2.1763 
24.4154 15.0591 -8.2909 -2.9205 4.3534 -2.7489 -4.0009 1.2631 -0.8499 -3.1543 -0.2694 -0.8735 -2.6932 
25.2157 15.8747 -8.0028 -2.8152 4.6557 -2.0192 -2.9207 2.1502 -0.5010 -2.8710 0.4735 0.0343 -2.2183 
24.9516 15.9137 -7.5211 -2.5540 4.7004 -1.9214 -3.0908 1.6225 -0.8274 -2.8416 0.5346 0.2305 -1.7146 
24.5451 15.3743 -8.0354 -3.1526 4.1325 -2.0113 -2.6555 1.9036 -0.9613 -2.7054 1.0934 0.2339 -2.5888 
24.5796 15.5376 -8.0593 -3.7217 3.5989 -2.1745 -3.0260 1.3212 -1.1203 -2.6836 0.6941 -0.1557 -2.3218 
24.2060 15.2107 -8.1929 -3.8574 3.6754 -1.9316 -3.0482 1.1405 -1.1512 -2.7673 0.6368 0.2783 -1.8083 
24.2537 15.3028 -7.7759 -2.9778 4.3421 -1.9668 -3.1690 1.5911 -0.3674 -2.0500 1.2237 0.5550 -2.0310 
24.4912 15.7322 -7.2934 -2.8101 4.1838 -1.8080 -2.5967 1.7090 -0.8622 -2.2707 1.4007 0.5607 -1.8873 
24.5553 15.8072 -7.5916 -3.6544 3.4169 -2.1907 -2.8425 1.8043 -0.3941 -2.1784 0.9884 0.2778 -2.0952 
24.5025 15.6823 -7.4248 -2.7472 4.5589 -1.6681 -2.9302 1.6881 -0.3561 -2.3113 0.5440 -0.0267 -1.9526 
24.2481 15.3006 -7.8719 -3.3457 3.7120 -2.5320 -3.2613 1.7972 -0.6817 -3.1371 0.1196 -0.1229 -2.5482 
24.3344 15.4755 -7.6352 -3.0684 4.3121 -1.4459 -2.5208 1.3810 -1.3742 -2.9905 0.4439 -0.3108 -2.4134 
24.3962 15.4056 -7.7811 -3.0457 4.2146 -1.8225 -2.6793 1.7204 -0.8375 -2.4308 1.0520 0.1163 -2.4416 
24.3440 15.5163 -7.4809 -2.9327 3.9413 -2.4475 -3.4608 1.1564 -1.0846 -2.7814 0.3235 -0.6641 -2.8597 
23.9533 15.2663 -7.6269 -3.4248 3.8317 -1.7270 -2.7584 1.4159 -0.9187 -2.8249 0.0461 -0.6063 -2.5477 
24.0387 15.3071 -7.5604 -3.2939 3.6069 -2.2691 -3.0283 1.4242 -0.8666 -2.3279 1.0504 0.0973 -2.4412 
23.9888 15.0945 -7.9027 -3.4114 3.8305 -2.0663 -3.2463 0.8279 -1.5486 -3.0769 0.2091 -0.3581 -2.1192 
24.0372 15.3162 -7.5076 -3.0375 4.2796 -1.3193 -2.2404 1.8410 -0.7517 -2.4757 0.6783 -0.3880 -2.8807 
24.8464 16.1645 -7.0496 -2.7740 4.0332 -2.1686 -2.9957 1.5449 -1.0978 -3.2190 -0.0712 -0.6529 -2.7915 
23.5649 14.9236 -7.6372 -3.4627 3.4583 -2.1510 -2.7882 1.6504 -0.8323 -2.8376 0.2786 -0.1546 -2.2651 
24.1120 15.4735 -7.4224 -3.2710 3.7361 -2.0168 -2.7715 1.8609 -0.4402 -2.5064 0.5916 0.2862 -1.6828 
23.8528 15.0655 -7.7566 -3.3614 3.6205 -2.5822 -3.6769 1.1539 -0.7444 -2.7559 0.1403 -0.1686 -2.0670 
23.9663 15.3043 -7.4177 -2.9916 4.1643 -1.6701 -2.6231 1.8879 -0.3622 -2.3909 0.5193 -0.1015 -2.4278 
24.7271 16.0675 -7.1578 -2.9056 4.1531 -2.0206 -3.1732 1.5184 -0.6811 -3.0021 -0.1958 -0.4974 -2.3844 
24.4027 15.4959 -7.7327 -3.2298 4.0075 -1.9075 -2.6299 2.1954 -0.0058 -1.9933 0.9257 0.1811 -1.8675 
24.0173 15.3241 -7.3723 -2.7533 4.4743 -1.4874 -2.5561 1.8165 -0.5535 -2.3140 1.0013 0.2537 -2.2665 
23.4698 14.7406 -7.7201 -3.2999 3.4850 -2.4854 -2.9748 1.9041 -0.6105 -2.9249 0.1051 -0.4156 -2.6432 
23.7203 14.9278 -7.7520 -3.1417 4.0348 -2.1245 -3.3047 1.4445 -0.4494 -2.3670 0.5100 -0.1569 -2.4120 
22.9998 14.0431 -8.6495 -4.4097 2.6159 -3.3432 -4.4503 0.0864 -2.2094 -4.4726 -1.3466 -1.2494 -3.1080 
23.3011 14.6329 -7.6871 -3.2999 3.5659 -2.2659 -3.1064 1.1950 -1.1462 -2.7002 0.5907 -0.1644 -2.3944 
24.2986 15.5291 -7.4628 -2.9886 4.0676 -2.0552 -2.9370 1.9002 -0.2318 -2.2676 0.5645 -0.2524 -2.3376 
24.2441 15.7447 -7.0982 -3.0105 4.0763 -1.5750 -2.6190 1.5330 -0.8834 -2.7286 0.5414 0.3387 -1.5299 
23.5964 15.1584 -7.1824 -3.1247 3.6259 -1.9029 -2.4227 2.0082 -0.3679 -2.1449 0.8905 0.0504 -2.1823 
23.7567 15.3322 -6.8284 -2.2608 4.5718 -1.6009 -2.7244 1.6222 -0.6854 -2.3879 0.9426 0.2828 -2.3101 
23.4889 14.7942 -7.6914 -3.3773 3.5101 -2.1622 -2.8446 1.2196 -1.7154 -3.5581 0.1025 -0.1886 -2.5692 
24.1476 15.5066 -7.3708 -3.2859 3.3856 -2.6430 -3.3415 1.3980 -0.8452 -2.7781 0.3166 -0.0941 -1.8778 
23.9401 15.7127 -6.5619 -2.6365 3.8536 -1.9412 -2.8938 1.0281 -1.3128 -2.4933 0.8512 -0.0717 -2.0254 
24.2571 15.8042 -7.0183 -3.2096 3.3562 -2.4581 -3.1824 1.2208 -1.1271 -2.8965 0.2091 -0.4204 -2.4599 
23.6178 15.0026 -7.3705 -3.0468 3.4133 -2.7526 -3.1605 1.7584 -0.8415 -3.1213 0.0517 -0.3773 -2.5507 
23.8027 15.3192 -7.1427 -2.8851 4.0264 -1.9662 -3.2755 0.9067 -1.1621 -2.7927 0.1352 -0.6205 -2.6172 
23.9176 15.4376 -7.3269 -3.4826 3.5184 -1.8924 -2.7239 1.5405 -0.8286 -2.8544 0.1495 -0.1561 -2.1107 
23.1964 14.5401 -7.7347 -3.3590 3.5434 -2.3162 -3.2845 1.0780 -1.0873 -2.7969 0.1991 -0.3785 -2.0846 
23.8547 15.2576 -7.5232 -3.5271 3.3534 -2.5219 -3.6624 0.7447 -1.1319 -2.6070 0.6213 0.1493 -1.9844 
24.2794 15.6959 -7.1801 -2.8927 4.2313 -1.7456 -3.0822 1.0917 -1.2156 -3.1383 -0.1387 -0.6956 -2.7645 
23.4567 15.0151 -7.2336 -3.0487 3.7878 -2.0589 -3.1520 1.1815 -0.8531 -2.5351 0.4069 -0.3653 -2.6197 
24.0264 15.5332 -7.0537 -2.7399 4.2376 -1.9138 -3.4565 0.6682 -1.3017 -2.7188 0.5398 -0.0041 -2.0640 
24.2677 15.6745 -7.2464 -3.0893 3.9167 -1.9350 -2.8669 1.7570 -0.2555 -2.1441 0.5761 -0.3227 -2.3956 
22.8812 14.1325 -7.8582 -2.9773 4.1420 -1.9725 -3.2433 1.0340 -1.1717 -2.9985 -0.1362 -0.9053 -2.9221 
23.6374 15.2081 -7.0307 -2.7029 4.2202 -1.4566 -2.3710 1.5895 -1.1658 -3.0224 0.2828 -0.2142 -2.3001 
23.9802 15.7246 -6.7141 -2.9393 3.6237 -1.9398 -2.5633 1.7219 -0.6570 -2.3416 0.7507 -0.0397 -2.1525 
23.7329 15.2610 -7.2026 -3.0599 3.8719 -1.7517 -2.5890 1.6489 -0.8771 -2.8698 0.2628 -0.1421 -2.1489 
21.6547 13.7701 -6.8570 -2.9235 3.4554 -1.8815 -2.6694 1.4715 -0.6831 -2.6144 0.0841 -0.3608 -2.0221 
