21.0678 12.9967 -7.3296 -2.7027 4.1171 -1.9031 -3.4420 1.6163 1.0445 -0.7030 1.1989 0.2010 -1.8623 
20.6758 12.9466 -6.8429 -2.5554 4.0778 -1.2533 -2.4750 1.8679 0.7810 -0.8028 1.1021 0.0880 -1.5727 
21.0645 13.7197 -6.2691 -3.1877 2.6829 -1.9791 -2.4318 1.6688 0.1509 -1.4099 0.5652 -0.2387 -1.3965 
21.7333 14.0832 -6.3625 -2.5447 3.9009 -1.1658 -1.9675 2.1267 0.2083 -1.8863 0.1194 -0.3707 -1.3357 
22.1884 14.4705 -6.5581 -3.1076 3.5548 -1.0665 -1.7092 2.2649 0.3399 -1.3087 1.2524 0.5348 -1.3475 
23.0459 15.7883 -5.0237 -1.7089 4.2558 -0.8290 -1.1991 2.9890 0.6579 -1.4836 0.8996 0.1191 -1.8519 
23.5105 16.0428 -5.4616 -2.3684 3.7551 -1.4121 -2.1316 2.0579 0.2522 -1.4489 0.9263 0.1434 -1.4783 
24.0582 15.8062 -7.1624 -3.7317 4.1357 -0.0323 -1.2784 2.0264 0.0932 -1.1905 1.3583 0.3177 -1.6380 
23.7308 15.5847 -6.8729 -3.3240 3.8975 -0.8908 -1.9749 1.5463 -0.8833 -2.5239 0.6266 0.2742 -1.7344 
22.8389 14.8157 -7.3560 -4.2954 3.2786 -0.4759 -1.7424 1.0003 -0.9762 -1.6918 1.4514 0.7300 -1.4359 
23.2414 15.3410 -6.4189 -2.6854 4.3847 -0.6633 -2.0342 1.7908 0.2105 -1.5032 0.3566 -0.6994 -2.2857 
23.6539 15.6705 -6.4577 -3.1091 3.2480 -1.9632 -2.2328 2.4696 0.4761 -1.4588 1.1125 0.2438 -1.8628 
23.7292 15.8372 -6.2314 -2.7075 4.1122 -0.9818 -1.9269 2.0975 0.0085 -1.9158 0.6482 0.1459 -1.5730 
23.5628 15.4169 -6.5268 -2.4466 4.2843 -1.3003 -2.2338 1.8798 -0.2609 -1.8337 1.0046 0.1601 -1.7881 
23.6335 15.2262 -7.2351 -3.2575 3.8925 -1.2882 -2.1370 2.0913 0.3578 -0.8887 1.6901 0.1068 -2.3273 
23.9070 15.8029 -6.4082 -2.5267 4.2543 -1.2137 -1.9862 2.4392 0.3525 -1.6424 0.8809 0.0202 -2.1215 
23.8472 16.1427 -5.5789 -1.9023 4.4442 -1.3874 -2.5879 1.6522 -0.2919 -2.2387 0.3860 0.0370 -1.5734 
23.5108 15.3415 -6.4634 -2.0446 4.8628 -0.8751 -1.8405 2.4916 0.2379 -1.8227 0.8079 0.1086 -1.6195 
23.7396 15.1389 -7.6152 -3.6895 3.3044 -1.9411 -2.2586 2.3678 -0.1561 -2.6103 -0.0415 -0.6084 -2.5272 
24.1920 15.4373 -7.4501 -2.8726 4.3988 -1.3913 -2.0750 2.6759 0.3444 -1.7094 1.5095 1.2443 -0.9560 
24.7561 16.1465 -7.1321 -3.0364 4.2268 -1.2951 -2.0501 2.4886 0.2207 -1.9043 0.7295 0.0081 -1.7826 
23.5480 15.3964 -6.6025 -2.6861 3.8679 -1.6513 -2.1263 2.4449 0.2180 -1.7211 1.0364 0.1992 -1.7915 
23.6726 15.5945 -6.4996 -2.7917 3.6788 -1.9045 -2.4397 2.3468 0.2950 -1.9276 0.6429 0.0754 -1.9605 
23.7070 15.4356 -6.7297 -2.7486 3.7564 -1.7593 -1.9949 2.4893 -0.1824 -2.1793 0.8294 -0.1020 -2.4447 
23.6524 15.3683 -6.8078 -2.7395 3.9179 -1.9068 -2.7504 1.8341 -0.0923 -1.7212 1.2533 0.3545 -2.1861 
24.0149 15.5726 -7.1109 -3.2636 3.3903 -2.2059 -2.5602 2.1053 -0.5135 -2.6412 0.6387 -0.0187 -2.7240 
23.8686 15.3920 -7.2533 -3.3362 3.4876 -1.9981 -2.4561 2.1785 -0.2001 -2.2870 0.6282 -0.0267 -2.0007 
24.4275 15.8371 -7.0702 -2.9366 3.6548 -2.3832 -2.7492 2.2235 -0.2165 -2.1963 1.2090 0.6487 -1.8368 
23.6529 15.2104 -7.1081 -2.9607 3.7012 -2.0438 -2.4549 2.2809 -0.3429 -2.7436 0.4081 0.4122 -1.5076 
23.3702 15.0478 -6.9817 -2.8358 3.7763 -2.1572 -3.0134 1.6028 -0.6042 -2.7539 0.1994 0.0277 -1.8371 
23.9429 16.0555 -5.8366 -2.1154 3.9656 -1.9877 -2.6519 1.9554 -0.1409 -2.0208 0.7377 -0.0171 -2.0386 
23.9378 15.4079 -7.3844 -3.4309 3.6539 -1.7505 -2.4375 2.2869 0.5459 -1.2538 1.1002 -0.1989 -2.4094 
23.9982 15.5929 -7.0251 -2.9676 4.1051 -1.4555 -2.3129 2.2717 0.1612 -2.0087 0.7234 0.2771 -1.7661 
23.4111 15.2371 -6.7845 -2.8753 3.8954 -1.5527 -2.3777 1.9549 -0.1650 -2.1818 0.2741 -0.5531 -2.3581 
23.8634 15.3932 -7.3155 -3.6138 3.0529 -2.2566 -2.4014 2.2523 -0.2887 -2.2299 1.0758 0.3595 -2.4835 
23.9159 15.5934 -7.1367 -3.5438 3.5917 -1.3209 -2.0206 2.0435 -0.3506 -2.3173 0.4655 -0.2687 -2.4148 
24.5130 15.9723 -7.0213 -3.0238 3.7767 -1.7571 -1.9302 2.7129 -0.1838 -2.4837 0.7404 0.2575 -1.9395 
24.2527 15.8714 -6.9079 -3.0792 3.7464 -1.7568 -2.3511 2.1425 -0.3125 -2.5704 0.2219 -0.1441 -1.8710 
24.4122 16.2958 -6.4820 -3.1756 3.4714 -1.6891 -2.3162 1.8672 -0.2640 -1.8654 1.0181 0.3517 -1.6191 
24.6917 16.2289 -7.0073 -3.2346 3.9933 -1.2463 -2.0840 2.0435 -0.4079 -2.2817 0.9921 0.8423 -1.1252 
25.8643 17.1989 -6.9329 -3.0343 4.5077 -1.0251 -2.0496 2.2572 -0.4679 -3.0372 -0.0454 -0.1502 -2.2481 
27.1789 17.7148 -7.5318 -2.5219 5.2507 -1.4633 -2.2901 2.8354 -0.3913 -3.2934 0.2988 0.1563 -2.3059 
27.2536 17.6624 -7.5349 -2.1869 5.3511 -1.7836 -2.1996 3.3273 -0.4523 -3.5683 0.8597 0.8425 -2.7818 
28.1206 19.8336 -4.7381 -0.5662 6.4016 -0.4268 -1.9398 2.1852 -1.0716 -3.4129 0.3967 0.1513 -2.5258 
33.9200 23.3435 -6.3480 -0.3372 7.9162 -0.8815 -2.3666 1.9687 -3.2910 -5.4632 0.3197 -0.4902 -3.9669 
39.1067 24.4007 -12.2496 -2.7139 9.8851 -1.0144 -4.4713 0.7886 -3.9605 -5.7111 0.5327 -1.3443 -5.2514 
41.8307 28.1859 -9.9940 -3.3638 7.9484 -2.1664 -4.4254 2.1650 -2.0991 -5.2536 0.0115 -0.7321 -3.5516 
42.4975 29.1248 -10.0314 -5.5849 4.8883 -3.4107 -3.8755 2.4403 -2.4042 -5.1167 0.2564 -1.0614 -3.9772 
43.4601 30.3375 -9.3170 -5.4875 4.7084 -3.5312 -3.6840 3.3903 -0.7204 -3.6221 0.9851 -0.6588 -3.6761 
43.6986 30.6167 -9.4954 -6.2659 3.9320 -4.1234 -4.3031 3.2131 -0.3145 -3.4526 0.8909 -0.3781 -3.5588 
43.7514 31.0764 -9.0397 -6.7422 3.3142 -3.9569 -4.1655 2.8960 -0.0276 -2.5431 1.0206 -1.0804 -3.7227 
43.5108 30.6670 -9.4961 -7.2696 2.6406 -4.2796 -3.8057 3.1435 -0.3588 -2.6292 1.3900 -1.2231 -4.4610 
43.7081 30.9006 -9.2581 -6.9372 2.9056 -4.2308 -3.7965 3.3163 -0.0590 -2.3237 1.5422 -1.3513 -4.6447 
43.4257 30.2469 -9.9546 -7.2937 2.3042 -5.2154 -4.4025 3.1546 -0.1866 -2.4059 1.2999 -1.8652 -4.8266 
43.6551 31.0459 -8.9565 -7.0411 2.2777 -4.8863 -3.9459 3.6691 0.1588 -2.5929 1.3930 -0.9604 -4.3543 
43.5425 31.0867 -8.7453 -6.9655 2.2871 -4.9114 -4.1449 3.5580 0.3912 -2.3576 1.3452 -1.1026 -4.4321 
43.2847 31.2128 -8.1657 -6.7368 2.3508 -4.5419 -3.8051 3.6537 0.4891 -2.3196 1.2485 -1.0797 -4.3292 
42.4517 30.4060 -8.5251 -7.3025 1.4481 -5.2339 -4.1288 3.2560 -0.1935 -2.9964 0.8129 -1.4276 -4.8156 
42.8942 31.1935 -7.9617 -7.4308 1.4735 -4.4187 -3.3095 3.5082 -0.1112 -2.7962 1.1827 -0.8092 -4.2516 
43.3194 30.9595 -8.8947 -7.5429 1.8532 -4.6339 -3.7627 3.2927 -0.3384 -2.9638 1.0945 -1.1461 -4.4159 
43.4198 31.4054 -8.3234 -7.3766 2.1152 -3.9373 -3.3364 3.3298 -0.0183 -2.5326 1.0983 -1.1870 -4.1030 
44.2063 31.3891 -9.4401 -7.5444 2.8792 -3.5905 -3.3109 3.4620 -0.1616 -2.7698 1.3713 -0.7259 -4.0078 
44.1140 31.1440 -9.6924 -7.5673 2.8970 -3.6552 -3.3097 3.4171 -0.4059 -3.0155 1.2863 -0.6204 -3.7105 
43.8350 30.7840 -9.7980 -7.4177 2.8345 -3.9715 -3.4808 3.2234 -0.9341 -3.4590 1.2855 -0.5343 -3.7843 
44.0702 31.2209 -9.5250 -7.4171 3.4115 -2.7945 -2.9879 2.8381 -1.1641 -3.3634 1.4694 0.1643 -2.8930 
43.0838 30.3774 -9.7153 -7.6291 3.2695 -2.7875 -3.3859 2.1028 -1.6659 -3.6980 1.1849 0.2316 -2.6616 
42.6145 29.8978 -9.8053 -7.4050 3.6623 -2.4192 -3.4435 1.5533 -1.9987 -3.4247 1.4231 0.0775 -2.7041 
42.1506 29.5980 -9.3581 -6.4303 4.7678 -1.3621 -2.7485 1.4667 -2.5682 -3.6989 1.5283 0.1994 -2.4287 
41.5418 28.7640 -9.8593 -6.3399 4.9548 -1.7503 -3.5829 0.7814 -2.8776 -3.7862 1.4467 -0.0958 -3.0167 
41.5526 28.2838 -10.3086 -5.7523 5.2748 -2.6238 -4.2114 0.8213 -3.3660 -4.4255 1.6666 0.1623 -3.3465 
41.0839 28.1697 -10.0395 -6.0054 5.0358 -2.3308 -4.1693 0.5999 -2.9935 -4.0050 1.1566 -0.5968 -3.4943 
39.3171 27.8561 -7.8997 -5.1585 4.0637 -2.8965 -4.1922 0.3706 -2.8799 -3.6067 0.9508 -1.0616 -3.4136 
38.4789 27.5757 -6.9150 -4.0088 4.8720 -2.5282 -4.2478 0.4360 -2.7531 -4.0528 0.5208 -0.7988 -3.3846 
37.0625 27.1640 -5.7955 -3.9925 4.1992 -2.3742 -4.1443 0.1181 -2.2663 -3.0407 1.0006 -0.3856 -2.7368 
36.5442 26.2968 -6.5859 -4.2469 4.2569 -2.2538 -3.4974 1.2467 -1.7551 -3.4410 0.7754 -0.0657 -2.7196 
35.2097 26.1284 -5.1297 -3.9143 4.0487 -1.7143 -3.6979 0.0003 -2.2416 -3.3638 0.1330 -0.7660 -2.7125 
35.4315 26.8270 -4.0191 -3.1112 4.3772 -1.4654 -3.3983 0.2206 -2.1484 -3.2837 0.4540 -0.1332 -2.0403 
35.5039 26.1584 -4.7253 -2.2623 5.0622 -2.2902 -3.6669 1.3268 -1.5179 -3.3937 0.7673 0.2584 -2.2913 
35.1645 24.9833 -6.6420 -3.6163 4.5663 -2.7083 -4.4745 0.0168 -3.2012 -4.8362 -0.1058 -0.5240 -3.3311 
33.4463 25.1718 -3.7763 -2.3350 4.6333 -1.3764 -2.8924 0.9380 -1.8951 -3.5790 0.3205 0.0810 -2.3366 
31.4528 23.3402 -4.1338 -2.4219 4.3705 -1.2417 -2.2066 1.8507 -1.0971 -3.3213 -0.0112 -0.2206 -2.2190 
30.1787 21.7144 -4.8963 -2.0518 4.8378 -1.4057 -2.4777 1.7649 -1.2712 -3.4526 -0.1028 -0.8097 -3.1256 
29.2028 21.1393 -4.6542 -2.3452 4.0943 -1.6774 -2.3762 1.7256 -1.6160 -3.9949 -0.2510 -0.2058 -2.4464 
28.7090 20.8150 -4.7607 -2.8627 3.6675 -1.5992 -2.5098 1.3099 -1.4685 -3.5646 -0.4312 -0.5032 -2.0890 
27.2060 19.2180 -5.1958 -2.4810 3.9392 -1.7753 -2.5851 1.6620 -1.0445 -3.2148 -0.0229 -0.3958 -2.5362 
27.4738 19.4520 -5.0547 -2.2164 4.1233 -1.8648 -2.7847 1.4385 -1.3467 -3.5389 -0.2366 -0.2942 -2.0833 
27.0395 19.0378 -5.2307 -2.3227 4.3199 -1.2348 -2.1706 1.7139 -1.1423 -3.1384 0.0983 -0.5326 -2.8733 
25.9991 18.1586 -5.0829 -1.7168 4.9535 -0.5921 -1.7609 1.7541 -0.9768 -2.6112 0.4755 -0.4055 -2.4780 
26.0247 18.3251 -4.6012 -1.0783 5.1416 -1.2069 -2.5566 1.4860 -1.1715 -3.4126 -0.4413 -0.7952 -2.7361 
26.3362 18.6508 -4.6374 -1.5057 4.6846 -1.4086 -2.6023 1.5281 -0.9023 -2.9923 -0.1843 -0.7619 -2.7390 
25.1090 17.0311 -5.7245 -1.8869 4.5352 -1.5147 -2.4125 1.6523 -1.3717 -3.5813 -0.1927 -0.3135 -2.1641 
25.0715 17.2275 -5.3233 -1.8962 3.9439 -2.2273 -2.8025 1.6888 -1.0590 -3.2036 0.1452 -0.0722 -2.0147 
24.4895 16.3620 -6.1961 -2.3263 4.4709 -1.1205 -2.0535 1.8905 -0.9589 -3.1207 0.0621 -0.2274 -2.2079 
24.6428 16.5875 -6.1349 -2.6223 4.0716 -1.2766 -1.9942 2.1803 -0.2124 -2.1432 0.6892 -0.0190 -2.1646 
25.0150 16.8700 -6.1340 -2.5697 4.0614 -1.7138 -2.7803 1.5070 -0.4202 -2.0263 0.6087 -0.4276 -2.4263 
25.0588 16.6228 -6.5258 -2.3773 4.6277 -1.3318 -2.2722 2.3209 -0.1039 -2.5460 0.1009 -0.4056 -2.3161 
25.2312 17.2773 -5.6497 -2.3399 3.8993 -1.8495 -2.4573 1.9008 -0.6971 -2.7272 0.4223 -0.0780 -2.2068 
24.2532 16.0158 -6.4032 -2.4015 4.0630 -1.8618 -2.3676 2.4037 -0.0365 -2.3875 0.3099 -0.2460 -1.9607 
24.4151 16.1074 -6.7930 -3.1288 3.8296 -1.4304 -2.0240 2.3898 -0.0479 -2.2497 0.6603 0.3413 -1.5606 
24.5184 16.4332 -6.1555 -2.5305 4.0390 -1.3815 -1.8779 2.4603 -0.0638 -2.2115 0.5967 0.2746 -1.3189 
24.3488 16.3092 -6.1390 -2.3926 4.3393 -1.3483 -2.4814 1.7843 -0.2058 -2.0306 0.7732 0.3021 -1.5877 
24.2069 15.9863 -6.6518 -3.0847 3.5548 -1.6514 -2.0134 2.1269 -0.7466 -2.8738 0.2470 -0.0799 -1.7785 
23.9815 15.7111 -6.9417 -3.4752 3.1378 -2.1219 -2.5079 1.9987 -0.3708 -2.4520 0.4373 -0.0651 -2.1558 
23.9441 15.3801 -7.3761 -3.3139 3.6568 -2.0045 -2.7640 1.8889 -0.2072 -2.2186 0.5946 0.0531 -1.9079 
24.1212 15.6093 -7.1227 -2.9542 3.9957 -1.9265 -2.9000 1.8874 0.1111 -1.7926 0.8295 0.1083 -1.7448 
24.9381 16.3151 -7.1483 -3.0275 4.3728 -1.5651 -2.9172 1.9586 0.4374 -1.7461 0.5486 0.0015 -1.6445 
24.5942 15.9268 -7.2981 -3.0594 4.2008 -1.8514 -3.2446 1.4585 -0.0674 -1.9161 0.5296 -0.0471 -1.4250 
23.8925 15.3574 -7.2743 -2.9918 4.2326 -1.4863 -2.6940 1.6861 -0.1645 -1.8703 0.9260 0.3050 -1.6171 
23.5437 15.1612 -7.2273 -3.1734 3.9526 -1.7315 -3.0635 1.4791 -0.0868 -2.2463 -0.1908 -0.7182 -1.8812 
23.9928 15.4183 -7.5077 -3.6707 3.2955 -2.2684 -3.1889 1.1471 -1.1063 -3.2242 -0.6540 -1.2955 -2.9435 
24.3692 15.7081 -7.7680 -4.1153 3.2615 -2.3227 -3.8874 0.6576 -0.4420 -2.2000 -0.1343 -0.6311 -1.6391 
24.9163 16.2766 -7.4035 -3.7376 3.4135 -2.4793 -3.9296 0.6936 -0.8343 -2.9055 -0.7360 -1.3966 -2.9032 
24.8270 16.0353 -7.6801 -3.5594 4.3803 -1.0293 -2.7180 1.4685 0.1144 -1.5491 0.4656 -0.3407 -1.3757 
24.6319 16.1592 -6.9785 -3.1308 3.7616 -2.1415 -3.0339 2.0666 0.4278 -1.9257 0.3764 0.1508 -1.2436 
23.9031 15.5774 -6.9777 -3.1528 3.7777 -1.5985 -2.3859 1.9807 -0.1519 -2.1156 0.5555 -0.0226 -1.8147 
24.3476 15.7954 -6.9834 -2.5951 4.4165 -1.6272 -2.7103 1.7506 -0.3711 -2.0064 1.1444 0.4058 -1.7373 
24.3990 16.1401 -6.5323 -2.6737 4.0035 -1.7717 -2.3775 2.5104 0.3966 -1.7837 0.9848 0.2370 -2.1338 
24.6955 16.8820 -5.4624 -1.9846 4.2256 -1.3935 -1.9918 2.1727 -0.3566 -2.1645 0.8474 0.1809 -1.7676 
24.3223 15.9856 -6.8753 -3.1150 4.0124 -1.0979 -1.6971 2.7246 0.5396 -1.5855 0.7834 0.0236 -1.4136 
23.1472 15.1444 -6.6156 -2.9360 3.6437 -1.7209 -2.5166 1.9014 0.0782 -1.7715 0.6930 0.0092 -1.6649 
22.9385 14.7393 -6.8114 -2.4720 4.2728 -1.4267 -2.2984 1.9100 -0.6619 -2.8005 0.1972 -0.2979 -2.4255 
23.3487 15.0936 -6.8735 -2.7747 3.9215 -1.7624 -2.5407 1.9126 -0.4007 -2.6039 0.0618 -0.4735 -2.3138 
24.1887 15.9630 -6.4609 -2.5618 3.8107 -2.1932 -2.7150 2.1455 -0.2549 -2.4705 0.6776 0.2726 -2.0544 
23.9820 15.6639 -7.0527 -3.4440 3.4294 -2.0334 -3.0737 1.2418 -0.6694 -2.5992 -0.1250 -0.6861 -2.1208 
23.4508 15.1543 -7.1544 -3.3113 3.7175 -1.6631 -2.8029 1.4319 -0.4302 -2.4635 -0.2375 -0.7347 -1.7675 
23.3650 15.3945 -6.1859 -2.0846 4.4350 -1.4180 -2.4553 1.9476 0.0874 -1.7546 0.6023 -0.2898 -1.8484 
24.0811 15.8895 -6.5787 -2.6927 4.2665 -1.3257 -2.5351 1.7324 -0.1223 -2.1708 -0.1338 -0.9377 -1.9491 
24.3841 15.9173 -6.9573 -2.8248 4.3252 -1.4250 -2.5522 2.0406 0.3209 -1.7727 0.1295 -0.9462 -2.3145 
24.5339 16.0255 -7.1500 -3.3576 3.6967 -1.8561 -2.8686 1.2856 -1.2227 -3.4383 -0.5668 -0.6237 -1.8046 
24.1683 15.7396 -7.0289 -3.1377 3.6608 -2.1195 -3.0421 1.5745 -0.2873 -2.2664 0.0671 -0.6637 -1.9163 
23.8396 15.6615 -6.7895 -3.2329 3.5111 -1.8104 -2.6371 1.7061 -0.1526 -1.9047 0.4657 -0.6370 -2.5136 
23.9021 15.4639 -7.1948 -3.3057 3.5626 -2.0920 -3.0119 1.5087 -0.4654 -2.5063 -0.1129 -0.8066 -2.1006 
23.6252 15.3352 -6.8864 -2.8128 4.0729 -1.5496 -2.4163 2.1465 0.0837 -2.1452 0.3507 0.0063 -1.4477 
24.2989 15.9857 -6.8545 -3.1212 3.8726 -1.6874 -2.8031 1.6320 -0.1180 -1.8681 0.8845 0.4343 -1.3270 
24.4548 15.8116 -7.3690 -3.2405 4.0128 -1.8351 -2.9770 1.8329 0.1335 -1.9445 0.6403 0.3585 -1.0615 
24.1680 15.6820 -7.1126 -2.9819 4.1967 -1.4527 -2.5073 1.9296 -0.1412 -2.0916 0.7666 0.3405 -1.4748 
23.8337 15.1428 -7.7031 -3.4044 4.0017 -1.7193 -3.0110 1.4909 -0.3516 -2.4776 -0.1088 -0.7561 -2.4469 
23.8849 15.3366 -7.7262 -4.2969 2.6022 -2.7228 -3.5546 1.0000 -0.6768 -2.3834 0.2668 -0.2376 -1.7663 
24.7017 15.7742 -8.0297 -4.0468 3.5149 -1.9458 -2.9652 1.5869 -0.3520 -2.3458 0.1813 -0.7144 -2.8252 
25.0089 16.1500 -7.5067 -3.2151 4.1323 -1.8793 -3.0805 1.5109 -0.3953 -2.0627 0.8640 0.0097 -2.0886 
24.0137 15.6168 -7.4331 -4.1787 2.8002 -2.1851 -2.9425 1.2523 -0.9792 -3.1017 -0.4045 -0.5907 -2.1612 
23.9846 15.5233 -7.3758 -3.7505 3.2083 -2.1112 -2.8620 1.6099 -0.5490 -2.8272 -0.3509 -0.6594 -2.0648 
24.7302 16.5212 -6.7198 -3.6696 2.9346 -2.3908 -2.9288 1.8599 -0.1444 -2.3494 0.4859 0.3004 -1.8501 
24.5482 16.2437 -6.6940 -3.0976 3.5049 -2.2063 -2.8931 1.7874 -0.3669 -2.5005 0.3260 0.0044 -1.8879 
24.8286 16.3190 -7.0307 -3.2885 3.6212 -2.2452 -3.2573 1.4978 -0.3400 -2.3422 0.4514 0.1452 -1.6156 
24.5051 15.7874 -7.6635 -3.7098 3.8501 -1.4410 -2.4385 2.0473 0.0344 -2.2340 0.1603 -0.1687 -1.4653 
23.7936 15.4018 -7.3674 -3.9359 2.8379 -2.3016 -2.7441 1.8080 -0.3930 -2.5569 0.0900 -0.3066 -1.9969 
24.3339 16.0008 -6.9492 -3.2976 3.7758 -1.6570 -2.7802 1.4771 -0.6081 -2.6256 0.3396 0.4782 -0.9171 
