nan nan nan nan nan nan nan nan nan nan nan nan nan 
nan nan nan nan nan nan nan nan nan nan nan nan nan 
nan nan nan nan nan nan nan nan nan nan nan nan nan 
nan nan nan nan nan nan nan nan nan nan nan nan nan 
10.0086 -2.7360 -0.7139 0.3632 0.3056 0.0044 -0.9216 0.4718 -0.0661 0.2857 0.0520 -0.2312 0.0014 
19.6941 -3.4962 1.6668 -2.6771 0.2660 -1.2239 -1.2693 0.9139 -0.5737 -0.0745 -0.3151 -0.6236 -0.2953 
19.4118 -2.0818 2.3191 -1.7867 1.8270 -1.7259 -0.2422 0.0600 -0.2608 0.6278 -0.1782 -0.2517 -0.0927 
nan nan nan nan nan nan nan nan nan nan nan nan nan 
nan nan nan nan nan nan nan nan nan nan nan nan nan 
nan nan nan nan nan nan nan nan nan nan nan nan nan 
19.4523 0.0410 -0.5106 -0.5705 -0.0558 -0.0263 0.9774 -0.0280 0.6061 -0.3532 -0.3287 -0.2068 -0.1535 
19.2823 -0.2942 -0.1889 -0.0026 -0.8051 -0.7270 -0.8295 -0.9398 -0.7403 -1.0102 -0.6444 -0.7518 0.0674 
20.4246 0.1593 0.6484 0.0685 -0.4335 -0.4962 -0.3677 -0.0686 -0.1780 1.0467 -0.5249 -0.6425 -0.6491 
21.6263 1.0823 0.5473 -0.7585 -1.5445 -1.3025 -1.1100 0.0223 -0.2619 -0.1159 -0.2028 -0.2513 -0.1650 
21.1963 0.9331 0.3388 -0.8009 -1.1939 -0.9241 -1.0134 0.7525 -0.0749 -0.0034 -0.2049 -0.7536 -0.3666 
20.6829 0.3756 0.8640 -0.6393 -0.6671 -0.2965 -0.1166 -0.6780 -0.5454 -0.9114 -0.1684 -0.5243 -0.1455 
22.0062 1.4011 0.4994 -0.0422 -1.4231 -1.1481 -0.4876 0.1869 0.3721 0.3499 -0.4302 -0.4479 -0.8123 
21.7151 0.8726 -0.0894 -0.6870 -0.9453 -0.8784 -0.7340 -0.1680 0.1407 -0.7825 -0.7315 -0.6340 -0.2114 
23.4344 -1.5867 1.9497 -1.9461 -1.8666 -0.4801 -0.5257 -0.1251 -0.2797 -0.1769 -0.2672 0.2226 0.2731 
22.9032 -0.3736 1.4275 -0.7546 -1.1405 -0.2724 -0.7491 -0.3402 0.0750 -0.0786 -0.4511 -0.7769 -0.3695 
22.3065 0.2124 0.2589 -1.7185 -1.3527 -1.1210 -0.5586 -0.2776 -0.4436 -0.0480 -0.1598 -0.4802 -0.0856 
25.2250 1.4114 -0.3585 -2.9458 -2.2949 -1.0971 -0.5420 -0.1047 0.5079 0.8712 0.3399 -0.3816 -0.3976 
28.3258 2.1454 -0.4598 -3.8694 -1.3098 -2.2670 -1.1540 -1.1426 0.0380 0.0881 0.3729 0.0965 0.4034 
31.1523 -0.1652 -1.4671 -3.6924 -0.3409 -2.6491 -0.8768 -1.0113 0.4190 0.4794 0.6959 0.6253 -0.0021 
34.3989 -3.4460 -1.4942 -1.2950 -0.4860 -2.0268 -0.8203 -0.9858 -1.2134 -0.3566 0.1823 0.3452 0.1407 
35.5664 -4.1762 -0.7859 -1.0391 -1.4771 -1.6082 -1.0380 -0.5190 -0.9933 0.1177 0.0920 0.4075 0.2711 
35.5744 -4.5030 -0.3902 -0.5126 -1.8324 -0.9952 -1.2008 -0.2908 -1.2179 0.0226 0.0915 0.3854 0.5282 
35.6770 -4.2798 -0.4688 -0.5709 -2.1896 -0.9162 -1.4340 -0.0287 -1.0939 0.2059 0.0953 0.4111 0.3381 
35.6280 -4.3172 -0.5083 -0.6832 -1.9767 -1.0636 -1.6223 -0.4564 -1.3718 -0.1095 -0.0187 0.3815 0.0675 
35.5719 -4.2957 -0.4497 -0.7752 -1.6857 -1.0603 -1.2280 -0.1196 -1.0230 0.4060 0.4531 0.7190 0.1454 
35.4233 -4.4111 -0.4418 -1.2511 -1.1378 -1.6768 -1.1730 -0.5212 -1.0524 0.2074 0.2465 0.5614 0.1281 
34.5423 -3.3132 -0.9022 -1.2686 -0.8946 -2.2590 -1.0578 -0.8366 -0.7612 -0.0945 0.2000 0.4195 0.2519 
32.9232 -2.1665 -1.6888 -1.9054 -0.6430 -2.1958 -0.9323 -0.6031 0.0807 0.4728 0.4962 0.6526 0.7898 
31.8295 -0.1329 -2.1532 -1.8902 -0.2567 -1.9148 -1.2874 -0.3011 -0.1651 0.5809 0.0479 0.5503 0.6700 
30.2174 -0.6891 -2.7688 -2.9112 -1.6645 -2.4562 -1.5708 -1.1296 -0.0074 0.1815 0.3451 0.5973 0.2722 
28.9097 0.7602 -1.4281 -2.2873 -2.4802 -2.5304 -0.8632 -0.1503 -0.5709 0.3321 0.5471 0.3343 0.2282 
27.5708 1.8418 -0.5971 -1.8651 -2.9077 -1.9883 -1.2666 0.2614 -0.2855 1.3155 1.0441 -0.0242 -0.6382 
26.2956 2.2745 0.3002 -2.4317 -1.8239 -2.2798 -1.1578 -0.1335 0.2969 0.3905 0.4610 -0.3781 -0.5664 
31.5292 -2.9696 -0.4479 -1.3464 -2.5401 -1.0184 -0.1650 -0.3555 0.2910 -0.4664 0.4067 0.1164 -0.1537 
31.5774 -2.3022 -0.4301 -0.9485 -1.0561 -0.8717 -0.6675 0.1438 -0.0704 -0.2358 -0.4057 -0.0202 0.4120 
30.4538 -1.5608 0.6988 -0.1570 -1.7268 -0.8067 -0.9839 -0.2973 -0.2631 -1.1168 -0.2942 -0.7195 0.4085 
28.9868 -1.1724 -0.2616 -1.3301 -0.9866 -1.6944 -1.0074 -0.1113 0.1667 -0.6941 -0.5348 -0.1447 0.1272 
27.9110 -2.3711 0.3061 -1.4767 -0.8441 -0.5587 -0.3138 -0.6338 -0.6099 0.1266 -0.1585 -0.0373 -0.0123 
25.2492 -2.0821 0.3153 -1.0825 -0.3757 0.2771 -0.2170 0.1463 -0.7376 -0.1917 -0.2565 -0.5825 -0.0511 
25.6212 -1.3726 -0.3530 -0.3929 -0.5604 -1.0306 -1.0224 -0.1501 -0.3518 -0.4619 -0.3419 0.0907 0.3107 
23.6514 -0.2994 0.1719 -1.3317 -0.8317 -1.3252 -0.3079 -0.2166 0.2669 -0.3990 -0.4365 -0.3238 0.2614 
23.1594 -1.8119 0.6856 -0.4148 -0.1536 -2.1130 -0.6717 0.1725 1.1761 -0.9116 0.3641 -0.8986 0.2437 
23.5114 -2.0567 0.4092 -1.3772 -0.0083 -1.1758 -0.1980 -0.7282 -0.5094 -0.7556 -0.3959 -0.0911 0.1410 
22.2641 -1.3935 -0.0993 -1.5599 -0.7051 -1.6736 -0.1182 0.5131 -0.6110 -0.2595 0.0208 0.6951 -0.4235 
21.6553 -0.4275 0.0900 -0.9338 -0.8640 -1.4918 -0.1467 -0.6590 -0.6680 -0.3273 -0.8119 0.2415 -0.0596 
20.8879 -0.4020 1.0045 0.1139 -1.7406 -1.0509 -1.2644 -0.3399 0.5328 -0.3071 -0.5773 -0.8104 -0.3326 
21.2881 -0.2765 -0.5462 -1.0235 -1.9767 -0.5901 -0.9538 -0.2086 0.2920 0.2535 0.1011 0.0469 0.3184 
21.4959 -0.6373 -0.5335 -0.9632 -0.6358 -0.9393 0.1151 0.4181 -0.7278 0.0830 -0.5830 -0.5053 0.0511 
24.0366 -2.2428 1.0105 -2.3793 0.1073 -1.3993 -0.3066 0.2148 -0.5698 0.1277 -0.0704 0.0815 -0.3881 
23.4292 -3.0768 1.8274 -2.3671 -0.0670 -0.6774 -0.9030 0.2535 0.0360 0.7991 -0.4798 -0.1304 -0.2473 
22.5378 -0.2348 0.2680 -1.4208 -0.6048 -1.4635 -0.7135 -0.3549 -0.1521 -0.5549 -0.1067 -0.0789 -0.2938 
21.2819 -0.7063 -0.5795 0.1801 -1.4974 -0.9133 -0.8009 0.3901 -0.1745 -0.1543 -0.6479 -0.3124 -0.6253 
21.5364 -0.0175 -0.0959 -1.0150 -1.1852 -0.7402 -0.3304 -0.0609 0.6937 0.3058 -0.3093 -0.4439 0.2812 
21.3206 -1.0300 0.5742 0.2273 -0.4946 -1.0397 -0.8172 -0.1878 -0.1971 0.0273 -0.2734 -0.1925 -0.4100 
21.3600 -0.8350 -0.2415 -0.3725 -1.3201 -1.2816 -0.6719 0.1845 -0.6888 -0.5031 -0.3269 -0.6188 -0.2584 
21.8105 0.1168 -0.2364 -0.3055 -0.6978 -0.5413 -0.5765 -0.8627 -0.9953 -0.8380 -0.8132 -0.1556 -0.1374 
22.4076 -0.4457 -0.0576 -0.3003 -1.3091 -0.6890 -1.0720 -0.2607 0.7189 0.0989 -0.0595 -0.5948 -0.3909 
22.2430 0.8050 0.2748 -1.5973 -1.1406 -0.3430 -0.5174 0.8992 -0.1352 -0.1232 -0.2644 -0.5867 -0.4981 
24.2157 0.7406 -0.3877 -0.7475 -0.8950 -1.8370 -0.2737 -0.0275 -0.2321 0.0130 -0.4308 -0.4649 -0.2773 
22.8868 1.4624 -0.7390 -0.8193 -0.2078 -0.4847 -0.4542 -0.4912 -0.4368 -0.0833 -0.3056 0.0116 -0.3072 
25.3251 -0.2613 0.9007 -1.1515 -0.2960 -0.1723 -1.5268 0.2481 0.5987 0.0109 -0.6096 -0.0883 0.2208 
24.3608 -1.6785 -1.6937 -2.1598 -1.2218 -0.4392 -1.4910 -0.5625 -0.1445 -0.2321 -0.6981 -0.3039 0.2636 
23.0023 -0.4207 -1.4878 -2.5128 -0.6585 -0.5324 -1.6171 -0.8396 -0.2371 -0.0656 -0.3109 -0.0825 0.1911 
24.3947 0.2385 -1.0901 -0.7121 0.2130 -0.8285 -1.7775 -0.6754 0.4664 -0.4918 -0.6797 -0.6067 0.2712 
22.7089 -1.6534 -1.0213 -1.4937 0.2372 -0.2263 -0.5405 -0.3473 1.2309 0.1673 -0.1577 -0.6238 -0.0106 
23.3274 -1.7341 1.0091 -1.6532 0.2469 -1.7617 -0.0511 -1.0549 -0.7875 -0.3812 0.4704 -0.3771 0.2099 
24.0601 -0.5433 0.1312 -1.7552 0.3755 -1.9019 -0.9413 0.2865 -0.5736 0.1852 0.0558 -0.4746 -0.4541 
22.4723 0.0899 0.2499 -0.1521 -1.4884 -2.1194 -0.9834 -0.2742 -0.1312 0.2654 -0.7128 -0.5017 -0.5568 
22.6607 -1.1377 1.1175 -1.0386 0.0652 -0.8516 -0.8745 -1.2085 0.2791 0.1260 -0.4028 -0.3671 0.3271 
23.0178 -1.0699 1.2895 -1.8408 -1.1752 -1.2723 -0.3206 -1.0061 -0.7833 -0.9332 -0.3084 -0.5875 0.3179 
22.8208 -2.5466 0.0863 -1.4448 -0.8029 -0.5092 0.2779 0.0842 0.5587 0.1285 -0.2664 -0.8431 -0.1570 
23.0151 -0.7027 1.1485 -0.7163 -1.0725 -1.5479 -0.3773 -0.6239 -0.2766 -0.3489 -0.2847 -0.3673 -0.1341 
22.5079 -2.8267 2.1772 -1.1758 -0.7933 -1.7235 -0.6129 -0.3520 -0.6771 0.2493 -0.7172 0.0781 -0.2503 
22.8699 -1.9007 0.6896 -1.3585 -0.7575 -1.0689 -1.0926 -0.8485 -0.7467 -0.8804 -0.4679 -0.3015 0.0247 
22.8533 -0.5712 0.7846 -1.9870 -0.6397 -0.9567 -0.3197 -1.2883 0.0266 -0.0896 -0.2226 -0.0400 -0.9254 
22.9632 -0.1048 -0.5761 -2.4262 -1.1417 -0.7280 -0.2190 -0.8790 -0.7848 0.1536 0.0517 -0.2355 0.1095 
22.1568 -1.1971 -0.3869 -1.8657 -0.2468 0.1225 -0.3836 -0.2888 0.4825 -0.0073 0.1715 -0.3306 0.1965 
21.4452 0.2434 0.2571 -1.5890 -1.7781 -0.8770 0.1746 -0.2080 0.5147 -0.9704 -0.6757 -0.2255 0.4299 
21.8176 -1.3985 -1.2721 -1.4675 -0.1713 -0.0213 -0.5810 -0.8740 -0.7032 0.0171 0.0852 0.0971 0.5551 
11.7071 -4.1580 -1.5349 -1.7148 -0.2044 -0.1758 -0.5226 -0.7470 -0.8402 -0.1674 -0.1620 -0.1257 0.4825 
1.5790 -7.1549 -2.1830 -2.6236 -1.0500 -1.0949 -1.1345 -1.2339 -1.3960 -0.7739 -0.7988 -0.7373 0.0381 
-7.2403 -8.3922 -1.1091 -1.8847 -0.3516 -0.5479 -0.3739 -0.4438 -0.7161 -0.2514 -0.4102 -0.4912 0.2779 
-16.4342 -10.2274 -0.6377 -1.7242 -0.2351 -0.5866 -0.1818 -0.1617 -0.4628 -0.1013 -0.3222 -0.5065 0.2993 
-25.6789 -12.1977 -0.3055 -1.6713 -0.2311 -0.7703 -0.1634 -0.0298 -0.3197 -0.0447 -0.2972 -0.5679 0.2849 
-34.8072 -14.0751 0.1011 -1.5068 -0.1027 -0.8630 -0.1179 0.1191 -0.1320 0.0690 -0.2039 -0.5721 0.2989 
-43.8206 -15.8895 0.5152 -1.2799 0.1575 -0.8314 -0.0443 0.2521 0.0786 0.2565 -0.0197 -0.5382 0.2678 
-52.9983 -18.0244 0.5810 -1.3162 0.2427 -0.9661 -0.2078 0.1421 0.1185 0.3478 0.1070 -0.5833 0.1043 
-61.6163 -19.4983 1.1660 -0.8902 0.7633 -0.7330 -0.1644 0.0816 0.1001 0.3478 0.2010 -0.5811 -0.0098 
-69.5335 -20.1672 2.2564 -0.2139 1.3753 -0.4736 -0.1629 -0.0922 -0.1054 0.1463 0.1928 -0.5377 -0.0588 
-76.5704 -19.9096 3.6618 0.2471 1.5752 -0.4477 -0.0755 0.0733 0.0840 0.2611 0.4421 -0.1955 0.2297 
-80.9946 -16.9519 5.7316 -0.1464 0.7269 -0.7350 0.4035 0.8742 0.8294 0.8134 1.0080 0.2712 0.3976 
-83.0347 -12.3471 6.7735 -1.7526 0.4212 0.1066 0.6084 0.1226 0.0526 0.2447 0.4538 -0.2621 0.0709 
-85.5153 -8.7919 7.3035 -2.2230 0.8527 -0.1811 -0.2113 0.0482 0.3662 -0.1966 -0.2272 -0.1169 0.5046 
-inf -inf -inf -inf -inf -inf -inf -inf -inf nan nan nan nan 
-85.8286 -3.8831 2.5204 -1.7585 1.6807 -1.2543 0.3042 -0.7282 -0.1906 0.1792 -0.1778 0.0318 0.1186 
-84.5731 -1.2297 1.3604 -1.4871 0.6752 -1.0433 0.1454 -0.5953 -0.2059 -0.4544 -0.2763 -0.6462 -0.0995 
-82.4330 -0.0192 0.5503 -0.3779 -0.2825 0.4874 0.4905 -0.7158 -0.5809 0.1750 0.2160 -0.7718 -0.0808 
-80.8496 0.4751 0.7833 0.4791 -0.1683 -0.1948 0.1899 0.7337 0.3796 -0.0850 0.3391 -0.1315 -0.4100 
-78.3125 0.1860 -0.3602 0.2152 0.3336 0.3359 -0.3244 0.0926 0.2690 0.3776 0.3744 -0.3074 -0.3929 
-77.4753 -0.2040 -0.1956 -0.3193 0.2943 0.4079 0.4338 0.0207 -0.8097 -0.1406 0.1045 -0.0606 0.5768 
-74.6223 0.4887 0.4658 0.1694 -0.0017 0.3386 0.4758 0.1571 0.0173 0.1789 -0.1273 -0.0076 -0.2623 
-72.4925 -0.0027 -0.2650 0.3880 0.0406 -0.6304 -0.5648 -0.2816 -0.1948 0.0526 -0.1173 -0.4018 0.0141 
-70.4874 -0.7920 -0.2639 -1.3301 -0.5603 -0.9774 -1.0964 -0.8419 -0.7216 -0.5856 -0.5540 -0.3799 -0.5952 
-67.2529 0.7287 -0.3669 0.1590 0.0474 0.1472 0.0964 0.2011 0.4060 0.1599 -0.3742 -0.5179 -0.3499 
-65.3682 0.5551 0.2986 0.1004 -0.0595 0.7505 -0.0286 -0.4233 0.4836 0.0439 0.2969 -0.7150 -0.2972 
-62.7293 0.7941 0.3627 -0.1869 0.7192 -0.6551 -0.5136 -0.0213 -0.0185 -0.1348 -0.5447 -0.2992 0.2570 
-61.4535 0.0908 -0.3087 -0.1385 0.0312 0.2509 0.5328 0.3863 0.5439 -0.1529 0.2193 -0.4468 -0.2290 
-58.6397 0.0932 -0.0146 -0.4019 -1.2223 -0.3833 -0.2560 -0.8853 -0.5937 -0.5623 -0.3916 -0.4817 0.1370 
-56.3720 0.4677 0.5577 0.1566 0.1138 -0.3629 -0.0599 -0.0858 -0.1377 0.2848 -0.0749 0.0555 0.0673 
-52.8517 0.5422 0.2188 0.2444 0.3032 0.2634 0.1732 0.0049 0.0811 -0.1375 0.7181 0.2765 0.0106 
-50.9379 0.8347 0.2961 0.3531 0.4516 -0.0846 -0.2067 -0.2941 -0.3481 -0.1730 -0.1960 0.1510 -0.3499 
-49.9796 -0.2799 0.5258 -0.3447 -0.6168 -0.8856 -0.9424 -0.3971 -0.2991 -0.7006 -0.9820 -0.4437 0.2582 
-inf -inf -inf -inf -inf -inf -inf -inf -inf nan nan nan nan 
-44.1701 0.6839 -0.4220 -0.3177 -0.1762 -0.0904 -0.2508 -0.0741 0.2907 0.0275 0.5822 -0.1256 -0.1760 
-42.0772 0.1446 0.6687 0.3925 -0.1469 0.0536 0.3396 -0.3884 -0.3730 0.0441 -0.1435 -0.3589 -0.5915 
-39.4561 0.4103 0.5761 -0.3594 0.1141 0.4334 -0.0829 -0.0865 0.2275 0.0210 -0.2754 0.1992 -0.2600 
-37.4389 0.4514 -0.2532 -0.4425 -0.6279 -0.2917 -0.7721 -0.6268 -0.8312 -0.0515 -0.1907 0.0407 0.0330 
-34.8928 -0.4097 -0.7747 -0.7987 -0.3961 -0.1323 -0.3815 -0.1187 0.3553 0.1769 0.3890 0.2700 0.4561 
-33.0095 0.2881 0.4822 -0.2169 -0.2618 -0.2688 0.1518 -0.8841 -0.5052 0.1269 -0.2256 -0.1102 -0.4673 
-30.4455 -0.8886 -0.2409 -0.1700 -0.9608 -0.5417 -0.2025 -0.2780 0.1213 0.6274 0.5988 0.2678 0.0351 
-27.8123 -0.5398 -0.0233 -0.1045 -0.5533 -0.5165 -0.6591 -0.4430 -0.5936 -0.3040 -0.4175 -0.3217 -0.1793 
-inf -inf -inf -inf -inf -inf -inf -inf -inf nan nan nan nan 
-22.6509 -0.0175 0.5305 0.5587 0.5573 -0.1671 -0.0491 0.4282 -0.0439 0.8792 0.0739 0.4532 0.2496 
-19.5436 0.0608 0.9760 0.3407 0.1924 0.6808 0.0592 0.0162 -0.1634 -0.0615 -0.1244 -0.0358 0.0603 
-18.6147 -1.5317 -0.2776 -0.7952 -0.0220 0.7292 -0.2515 -0.3112 -0.1701 0.2266 -0.2526 0.0030 0.0932 
-15.4314 -0.2266 0.2225 -0.2107 -0.5890 0.2050 -0.3893 -0.4194 -0.9704 -0.0313 -0.2471 -1.0205 -0.5052 
-12.4348 0.1075 1.4963 -0.4460 -0.2008 0.4875 0.0179 0.1019 -0.3743 0.4702 0.5180 0.0138 -0.1593 
-9.7138 0.0261 0.6267 -0.4346 0.2443 0.3859 -0.3670 0.0392 0.1568 0.1814 0.5411 -0.0009 0.2284 
-6.7837 -0.3519 0.4511 0.5408 0.1049 -0.0352 -0.2414 0.3452 0.5381 -0.1369 0.1873 0.0328 -0.0026 
-4.4272 0.3387 0.3006 0.0512 0.0404 0.2572 -0.1999 0.8093 0.6079 0.5527 0.7775 0.2675 0.2322 
-inf -inf -inf -inf -inf -inf -inf -inf -inf nan nan nan nan 
0.2113 0.0272 1.2751 0.5810 -0.0474 0.0849 0.6136 0.4809 -0.5715 -0.4210 0.7358 0.0079 -0.0914 
2.1948 -0.8878 -1.1348 -0.0853 -0.8408 0.2636 0.2174 0.9319 0.4049 0.2650 -0.6761 -0.0387 0.2735 
-inf -inf -inf -inf -inf -inf -inf -inf -inf nan nan nan nan 
-inf -inf -inf -inf -inf -inf -inf -inf -inf nan nan nan nan 
10.1949 -0.4418 -0.1955 -0.4520 -0.0448 0.6054 -0.4226 0.2965 -0.3346 0.6477 -0.1136 -0.7105 -0.7426 
12.5968 -0.5192 0.2265 -0.3271 0.4206 0.5500 0.1740 -0.6813 -0.7604 -0.2840 -0.8214 -0.2655 0.2435 
15.9087 0.1559 0.0237 -0.0805 -0.2161 -0.1726 0.6724 0.6658 0.1506 0.4035 -0.0713 -0.4285 -0.2712 
18.7874 0.0657 0.7033 -0.0795 -0.1196 -0.3476 0.1690 0.3102 -0.2825 0.2168 -0.0507 -0.0979 -0.0663 
20.2098 -0.5572 1.9447 0.6218 -0.4839 0.2889 0.7317 0.9777 0.2825 0.1916 -0.1063 0.1566 0.3439 
23.5685 -0.6537 -0.4039 -0.7340 0.5155 -0.5543 -0.5139 -0.4181 -0.0672 0.0484 -0.6871 0.2297 -0.1721 
-inf -inf -inf -inf -inf -inf -inf -inf -inf nan nan nan nan 
30.7510 -0.0017 -0.3896 0.1398 0.0588 -0.0185 0.0206 -0.0372 0.1163 -0.0852 0.2796 -0.0905 -0.0354 
30.9420 -0.7073 -0.3036 0.3148 -0.3892 0.2755 -0.8466 -0.3358 -1.0791 0.0286 -0.1165 0.1715 0.1422 
33.9988 -0.4983 0.0152 0.0876 0.4546 0.1501 0.4023 0.5669 1.0256 0.5260 -0.0332 -0.5472 -0.4759 
nan nan nan nan nan nan nan nan nan nan nan nan nan 
40.4881 -0.3130 0.3309 -0.5420 -0.3273 -0.3969 -0.3561 -0.4425 -0.6505 -0.6110 -0.2502 -0.5669 -0.4129 
41.8115 -0.8936 -0.8740 -0.4036 0.0739 0.3669 0.2032 0.4081 0.8300 0.4569 0.8021 -0.4384 0.3012 
45.0954 0.1791 0.2343 0.1308 0.7201 -0.4059 0.0842 0.2702 0.1816 0.4447 0.0556 0.2108 -0.3969 
48.5606 0.1616 0.2768 0.1426 0.4555 0.0580 0.3198 -0.2501 0.0721 0.1831 -0.1825 -0.1460 -0.5492 
51.0075 -0.2816 0.4648 -0.4197 -0.3545 -0.3790 -0.4068 0.0543 0.3609 0.3116 0.0720 -0.4818 0.0767 
nan nan nan nan nan nan nan nan nan nan nan nan nan 
55.2421 -0.4580 0.4529 0.1922 -0.2069 -1.0938 -0.7961 0.1398 0.0113 0.3747 -0.2002 -0.2849 -0.1277 
57.4522 0.4075 1.4140 0.1697 0.7465 0.4264 -0.6684 -0.2677 -0.3462 0.5450 -0.0139 -0.1149 0.1833 
nan nan nan nan nan nan nan nan nan nan nan nan nan 
62.6936 -0.8921 -0.4007 -0.3245 -0.4378 -0.7036 -0.3916 -0.7589 -0.5847 0.3310 0.4783 0.0545 0.1169 
65.4539 -1.2939 0.7275 -0.1452 -0.6526 -0.1096 -0.3789 0.1777 -0.0061 -1.0568 -0.9569 -0.7422 -0.3328 
68.7814 0.0662 0.5889 0.2121 1.1706 -0.0970 0.1451 0.1470 0.0981 0.6289 -0.3278 0.1184 0.0017 
69.9403 -0.3973 0.0005 -0.3577 0.7226 -0.0663 -0.2185 0.3394 -0.5075 0.4488 0.3365 -0.7847 0.1629 
-inf -inf -inf -inf -inf -inf -inf -inf -inf nan nan nan nan 
75.6031 -0.0455 0.0183 0.6021 -0.1639 1.4738 0.7945 -0.6565 0.3264 -0.8610 0.1544 0.0175 -0.2559 
nan nan nan nan nan nan nan nan nan nan nan nan nan 
