19.4206 12.3234 -6.1715 -2.4874 3.5191 -0.9367 -1.2924 2.6046 0.4375 -1.6625 0.7668 0.4825 -1.4738 
20.0009 12.6382 -6.5768 -3.0386 2.9592 -1.6841 -2.2532 1.3960 -0.7808 -2.4012 0.4700 0.3790 -1.1143 
20.6090 13.0532 -7.0846 -3.8730 2.8581 -1.1008 -1.8423 1.6651 -0.1142 -1.6778 0.7417 0.4816 -1.0185 
22.1980 13.9236 -7.5597 -3.4378 3.6783 -1.5621 -2.6817 1.6927 0.2356 -1.4858 0.7065 -0.2345 -1.9270 
21.7088 14.1614 -6.5704 -3.4850 2.9224 -1.7343 -2.7022 1.3199 0.1838 -1.2249 0.7308 0.0658 -1.0274 
22.0919 14.3343 -6.8726 -3.7862 2.6613 -2.0674 -2.8517 1.3301 0.0025 -1.3843 0.9849 0.2927 -1.4091 
22.0115 13.8888 -7.3237 -3.4649 3.0958 -2.2843 -3.0679 1.6301 0.3300 -1.2685 1.0548 0.2897 -1.3216 
23.0150 15.2180 -6.0482 -2.2883 3.8442 -1.6373 -1.8614 2.7753 0.3284 -1.7878 1.3950 1.2505 -0.8789 
23.1096 15.1945 -6.0217 -1.6810 4.6984 -1.4285 -2.4382 2.0635 -0.0418 -1.8665 1.3320 0.9682 -1.3739 
22.5188 13.5599 -8.3798 -3.3964 3.6027 -2.2565 -2.6313 2.1195 -0.3150 -2.0307 1.2532 0.3522 -2.0328 
23.0747 14.1222 -8.1394 -3.2979 3.5252 -2.4781 -2.7743 2.0061 -0.6634 -2.7198 0.3047 -0.5402 -2.4523 
23.9905 15.0438 -7.9256 -3.4773 3.3849 -2.4004 -2.4983 2.3628 -0.2536 -2.0838 1.1318 0.0204 -2.4011 
27.1337 16.5009 -8.6600 -1.3152 5.5707 -4.1431 -4.3269 2.6038 -1.6156 -4.6620 1.0278 0.8600 -3.1831 
27.9176 17.4005 -8.7178 -2.5527 4.2736 -4.9181 -5.1687 1.9520 -1.1864 -3.6344 1.5202 0.6980 -3.6123 
25.6047 15.4682 -8.8286 -2.6002 4.0136 -4.3645 -3.9698 2.8747 -0.8022 -3.5168 1.7945 1.3320 -2.9051 
23.7529 14.0108 -8.9389 -2.7615 4.4363 -2.6439 -2.5965 3.0552 -0.5627 -3.2262 1.0332 0.3339 -2.9520 
24.8048 15.4605 -8.1447 -2.7372 4.9266 -1.7448 -2.6385 2.7694 0.3944 -2.0789 0.9369 -0.0924 -2.6053 
23.3406 14.5644 -7.8417 -3.3978 3.3518 -2.3880 -2.4356 2.4214 -0.4576 -2.5637 0.9408 0.1384 -2.5129 
22.9759 14.6911 -6.8245 -2.5634 3.4243 -2.5150 -2.2350 2.8908 0.0987 -2.1181 1.1866 0.5191 -1.8818 
23.3122 14.9794 -7.2296 -3.3770 3.4343 -1.9601 -2.7964 1.3970 -0.7226 -2.2525 0.7691 -0.1545 -2.4286 
23.4135 15.1345 -7.0336 -3.1971 3.4623 -1.9229 -2.2289 2.5412 0.0925 -2.4830 0.0459 -0.5847 -2.8366 
23.7465 15.6216 -6.7441 -3.2984 3.3771 -1.6821 -2.2422 1.6869 -1.1261 -3.1461 0.2302 0.1661 -1.9203 
30.1564 16.8713 -14.4500 -7.3857 4.3561 -2.2935 -3.9290 1.1635 -1.9467 -3.7416 0.7326 -0.0473 -2.5993 
33.4445 18.5405 -16.0685 -7.5083 5.7040 -2.2428 -3.9253 2.6633 -0.7316 -3.4947 1.5310 1.1708 -2.0483 
31.6301 17.5657 -14.0554 -4.4332 7.1482 -2.3409 -3.3908 4.3279 0.5855 -2.8503 2.4440 2.0928 -1.9477 
29.0404 16.0991 -12.6820 -3.1982 7.6191 -1.8088 -3.3093 4.1186 0.8568 -2.9137 1.5602 1.5358 -2.0044 
27.5699 15.8013 -11.6014 -4.0890 5.8238 -1.8127 -2.9617 3.1387 0.2140 -2.4488 1.5040 0.7672 -2.1096 
26.1316 15.3696 -10.3665 -3.6708 5.6718 -1.4267 -3.0678 2.3147 0.0010 -2.2173 1.3202 0.6241 -2.0030 
25.1801 15.1367 -9.5657 -3.9377 4.3519 -2.3708 -3.5924 1.7721 -0.4189 -2.7446 0.4345 -0.1426 -2.4653 
24.6500 15.2058 -8.5274 -3.2007 4.5269 -2.3043 -3.6460 1.6956 -0.3717 -2.9325 0.0563 -0.1137 -2.1876 
23.0720 14.0612 -8.5177 -3.6863 3.9061 -1.8669 -2.7384 2.3660 0.4893 -1.9762 0.4814 -0.0845 -2.2501 
23.1488 14.2657 -8.3961 -4.2117 2.8488 -2.5308 -2.9697 1.5425 -0.8060 -2.5695 0.3701 -0.7661 -3.1555 
24.1344 15.6168 -7.0829 -2.9592 3.7316 -2.2388 -2.8350 2.1284 0.1116 -1.7698 1.2050 0.3671 -2.1742 
24.5246 15.6883 -7.7589 -3.7680 3.3071 -2.2021 -2.6099 2.0161 -0.5010 -2.4436 0.7743 0.1980 -1.8289 
26.0391 15.7291 -9.4383 -3.2230 5.1841 -2.0286 -3.0849 2.4777 -0.2201 -2.5566 1.3239 0.7648 -2.0849 
33.6123 18.8312 -15.9032 -7.5575 5.7892 -2.0950 -3.9319 2.9718 0.0941 -2.6669 2.0752 1.0658 -3.2628 
34.1644 19.0535 -15.8135 -6.6009 6.5144 -2.2992 -3.7708 3.8429 0.8522 -1.8525 3.0940 1.7524 -2.5499 
31.1710 17.8334 -13.1081 -4.2045 7.3759 -1.8403 -3.9770 3.2725 0.6940 -2.4255 2.1460 1.8843 -1.9907 
28.7877 16.2894 -12.5736 -4.4479 6.3843 -1.8894 -4.0069 2.1347 -0.3046 -2.7670 1.1543 0.1897 -3.2576 
27.8725 16.4123 -11.2247 -4.2378 6.3138 -0.4900 -2.2230 3.4563 1.4870 -0.8034 2.1520 0.6227 -2.5882 
26.5260 16.0687 -9.6840 -3.2854 6.2069 -0.4339 -2.1941 2.7320 0.3569 -1.8176 1.5387 0.7491 -2.0196 
26.4087 16.4601 -8.9704 -3.3484 5.7150 -0.8288 -3.0000 1.7478 0.1217 -1.6304 1.3046 0.2919 -2.2080 
25.6928 16.4276 -8.1336 -3.4797 4.8172 -1.1003 -2.7427 1.9232 0.2200 -1.8080 0.8453 0.2839 -1.6468 
25.0356 15.8730 -8.0320 -3.2394 4.6284 -1.5414 -2.8415 2.3527 0.9125 -1.1136 1.3961 0.6637 -1.3064 
24.0197 14.5295 -8.9230 -3.4970 4.5666 -1.7630 -3.1583 1.7797 -0.1265 -2.2529 0.5277 -0.0674 -1.9432 
23.6883 14.6518 -8.3630 -3.7970 3.5188 -2.4276 -3.3347 1.6142 -0.1141 -1.8256 1.0407 0.1469 -2.1602 
23.8753 14.9581 -8.2425 -4.2288 2.8914 -2.3933 -2.4941 2.4984 0.2113 -1.9557 0.7781 -0.1008 -2.3016 
23.2993 14.2656 -8.4620 -3.8007 3.5227 -2.1806 -2.8888 1.6540 -0.6799 -2.2518 1.3250 0.7140 -1.8331 
23.7009 14.6693 -8.3251 -3.7369 3.7256 -1.6924 -2.0984 2.4900 -0.1830 -2.2823 0.9317 0.4166 -1.6546 
23.8778 15.1045 -7.7322 -3.2887 3.9357 -1.9024 -2.6646 2.2748 0.1671 -2.0061 0.9708 0.4685 -1.8721 
23.4630 14.4449 -8.4683 -3.8920 3.6865 -1.7624 -2.3185 2.6318 0.4757 -1.8636 0.7992 0.2251 -1.7602 
23.5781 14.7870 -7.8025 -3.2621 3.8510 -1.9178 -2.5639 2.1533 -0.0094 -1.8383 1.0405 0.0366 -2.2896 
24.3136 15.9222 -6.9870 -3.4396 3.1659 -2.1466 -2.4612 1.9955 -0.2302 -1.7769 1.1002 -0.0381 -2.0884 
23.7964 15.0033 -7.9105 -3.7468 3.3312 -2.1685 -2.6038 2.1883 0.0666 -1.7802 1.0079 -0.0707 -2.3698 
23.6044 14.7092 -7.9061 -3.2480 3.5996 -2.5560 -2.9454 2.2751 0.0357 -2.0417 1.0874 0.4125 -1.9785 
23.4658 14.4215 -8.4210 -3.6527 3.8601 -2.1035 -3.2990 1.3496 -0.5934 -2.4928 0.3962 -0.1817 -2.2058 
23.3922 14.2707 -8.4851 -3.5402 4.0052 -1.5989 -2.1654 2.3596 -0.1663 -1.8391 1.6375 0.9645 -1.2685 
24.1022 15.2274 -7.7901 -3.3043 3.8440 -1.9698 -2.4068 2.5829 0.1888 -2.0357 0.9690 0.3225 -1.8637 
23.4926 14.7505 -7.7699 -3.2987 3.8242 -1.7594 -2.2520 2.3486 -0.1911 -2.2496 0.8266 0.0156 -2.4613 
24.2211 15.4155 -7.7724 -3.6639 3.4445 -2.0627 -2.5694 1.9127 -0.6707 -2.5713 0.8294 0.5128 -1.4898 
23.7485 14.7759 -8.3880 -4.3748 2.6027 -2.7329 -2.6646 2.4157 0.0969 -1.9281 0.9961 0.1358 -1.9585 
23.2931 14.3278 -8.2580 -3.6783 3.2146 -2.7041 -2.9115 2.3543 0.1177 -2.1221 0.5805 -0.4429 -2.7001 
23.5365 14.8805 -7.6427 -3.4238 3.3860 -2.3824 -2.8116 2.2326 0.1935 -1.9459 0.5997 -0.3494 -2.3302 
24.3256 15.5567 -7.5445 -3.2082 3.9890 -1.7391 -2.4414 2.1189 -0.3683 -2.3035 1.0107 0.4237 -1.8807 
24.0471 15.5980 -6.9987 -2.9769 3.6189 -2.2316 -2.6634 2.2723 0.0231 -2.1884 0.5614 -0.1017 -2.0727 
23.8456 15.0595 -7.8157 -3.6329 3.2160 -2.5616 -2.9977 1.7144 -0.9863 -3.3933 -0.4990 -1.0638 -2.8845 
24.1578 15.1112 -8.0612 -3.3519 4.0527 -1.6590 -2.1866 2.3876 -0.3417 -2.3690 0.9385 0.2726 -2.1255 
24.9504 16.1147 -7.5146 -3.4240 3.5825 -2.4123 -3.0449 2.0165 -0.1046 -2.1636 0.9411 0.4963 -1.6547 
25.0696 16.4385 -6.9236 -3.0281 3.2652 -3.0569 -3.5185 1.2698 -1.4417 -3.6895 -0.8366 -1.7474 -3.5492 
24.8831 15.9844 -7.4292 -2.8144 4.4232 -1.7958 -2.9001 1.4742 -1.1211 -3.0305 0.2309 -0.4936 -2.6029 
24.4512 16.1275 -6.8074 -3.3218 3.2099 -2.2191 -2.5000 2.1503 -0.2160 -2.1685 0.7065 -0.2425 -2.4356 
24.0681 15.3657 -7.4880 -3.3502 3.3641 -2.2548 -2.3004 2.4424 -0.3576 -2.3347 1.0238 0.0847 -2.6257 
25.1479 16.6994 -6.2027 -1.7537 4.7065 -1.9120 -2.6371 2.0786 -0.8657 -3.3057 -0.0149 -0.2534 -2.0220 
30.1827 22.2475 -3.5600 -0.9016 4.5890 -3.3721 -5.3671 -0.8902 -3.1773 -4.7999 -1.0353 -1.1413 -2.7041 
33.0918 25.4149 -2.3257 -1.0507 4.0855 -3.5763 -4.9113 0.1589 -2.1390 -4.0145 0.0188 0.2770 -1.7284 
33.5155 25.6176 -2.3516 -0.5815 4.6224 -3.5559 -5.0357 0.2027 -1.8928 -3.2859 0.9723 0.6499 -1.9015 
34.8719 25.8932 -3.9061 -1.4038 4.6079 -3.9379 -5.1308 0.7003 -1.8533 -3.6801 0.8428 0.4226 -2.4700 
35.4268 26.7786 -3.4342 -1.9469 3.8128 -4.2257 -5.2753 0.5685 -1.5755 -3.1779 1.1001 0.3768 -2.7069 
36.2614 26.9621 -4.1396 -1.9566 4.0111 -4.5833 -5.3014 0.8431 -1.9384 -3.4084 1.7492 0.6503 -3.3041 
37.4735 27.9451 -4.3415 -2.6195 3.3765 -4.9860 -5.1637 1.4432 -1.2983 -2.9963 1.7287 0.2549 -3.5109 
38.0037 28.3301 -4.7699 -3.5278 2.8329 -4.9062 -5.0133 1.3048 -1.4269 -2.8110 1.9268 -0.1428 -4.4559 
39.1707 28.7195 -5.6179 -3.4661 3.6403 -4.6080 -4.7675 1.8701 -1.2423 -2.9401 1.9429 -0.3093 -4.7299 
39.1873 28.7296 -5.6767 -3.6973 3.3224 -4.6544 -4.5113 2.0214 -1.2359 -2.9007 1.6595 -0.9820 -4.9350 
40.0548 29.1016 -6.5823 -4.7058 2.9493 -4.6208 -4.2596 2.4830 -0.8499 -2.9795 1.0962 -1.6436 -5.3585 
39.7800 28.9513 -6.4205 -4.6928 2.6804 -4.6532 -3.9283 2.5402 -1.2209 -3.2131 0.9836 -2.0129 -5.5137 
40.1647 29.1160 -6.6192 -4.4507 3.5296 -3.8407 -3.6021 2.6002 -0.9574 -2.7662 1.1747 -1.9839 -5.1179 
40.0663 29.0707 -6.5109 -4.1988 3.9733 -3.3142 -3.2116 2.8129 -0.8587 -2.7372 1.1498 -2.1213 -5.1969 
41.0610 29.1686 -7.9276 -4.9254 4.2924 -3.2543 -3.4405 2.8253 -1.1587 -3.6218 0.7278 -1.4528 -4.5107 
40.6995 28.6371 -8.5674 -5.4834 4.2514 -3.0660 -3.7852 2.0976 -1.6129 -3.9629 0.1568 -1.8491 -4.5197 
40.4044 28.4539 -8.2608 -4.9487 4.6544 -2.6946 -3.4947 1.9223 -1.8566 -3.5828 0.6112 -1.9097 -4.3044 
39.5586 27.6811 -8.1276 -4.3324 4.9715 -2.6491 -3.2765 2.0693 -2.1215 -3.8880 0.5975 -1.7964 -4.1511 
39.7894 27.4121 -8.7459 -4.1931 5.4111 -2.4701 -2.8729 2.3579 -2.6684 -4.4690 0.8443 -1.3060 -3.9988 
39.7797 26.8793 -9.7926 -4.7432 5.5043 -2.4663 -3.3053 1.8042 -2.9340 -4.5887 0.3994 -1.8102 -3.9706 
39.6467 26.2510 -10.4380 -4.2148 6.1574 -3.6103 -5.2899 1.0470 -3.1385 -5.4515 0.0780 -1.0629 -3.8373 
39.0433 26.3936 -9.0374 -2.9233 7.2410 -2.1101 -3.8477 1.8732 -2.6735 -5.1765 0.2140 -0.7376 -3.3059 
37.2218 25.6146 -8.0784 -3.3128 5.8661 -2.3470 -3.4263 2.0562 -2.2759 -4.7892 -0.0181 -1.2727 -3.9702 
36.1927 25.5607 -6.4416 -2.2931 5.7585 -2.2967 -3.0921 2.1029 -2.2330 -4.4598 0.3449 -0.8186 -3.2194 
35.7657 25.3023 -6.3586 -2.1981 6.2468 -1.5058 -2.9475 1.5933 -2.5113 -4.4325 0.2421 -1.0424 -3.5910 
34.6355 24.8465 -5.6536 -2.0904 6.1694 -0.6323 -1.9431 1.8492 -2.6292 -4.6611 0.1134 -0.6205 -3.0502 
34.0460 24.5644 -5.2976 -1.8537 6.2296 -0.6978 -2.4023 1.4242 -2.5610 -4.6945 -0.3350 -0.9246 -3.3161 
34.3036 24.5909 -5.7174 -2.2093 6.1118 -0.7467 -2.2722 1.8292 -2.2660 -4.7023 -0.0505 0.0646 -2.3431 
33.8320 24.2305 -5.7290 -2.3613 5.7486 -1.1157 -2.6536 1.4621 -2.5747 -5.1615 -0.7730 -0.7990 -3.3666 
31.8871 23.4694 -4.2611 -1.5735 5.9752 -0.3393 -2.5417 0.8377 -2.2327 -4.1849 -0.3850 -0.3603 -2.3567 
32.3055 22.8665 -5.7634 -1.9747 5.8073 -1.2957 -2.8164 1.4959 -2.1604 -4.5495 -0.4143 -0.6582 -3.0518 
30.7033 22.2055 -4.7840 -1.7981 5.5916 -0.7487 -2.6075 1.1775 -1.6954 -3.7100 -0.1704 -0.3271 -2.2624 
28.6527 20.4828 -4.7695 -1.6577 5.0459 -1.2919 -2.6783 1.3876 -1.4178 -3.5470 -0.2417 -0.4525 -2.2195 
28.0194 19.5584 -5.7229 -2.5423 4.3488 -1.7639 -3.0098 1.0383 -1.8987 -4.1842 -1.0597 -1.4356 -3.0844 
27.3688 19.3727 -4.8945 -1.7413 4.7481 -1.3200 -2.4311 1.6348 -1.1817 -3.4693 -0.5451 -0.8619 -2.3365 
26.2594 17.9253 -6.0683 -2.6542 3.9276 -2.3120 -3.7072 0.2335 -2.4924 -4.4713 -1.0082 -0.9580 -2.5991 
26.0797 17.6749 -6.3515 -2.9989 3.5728 -2.6007 -3.7912 0.4592 -2.2041 -4.4897 -1.1871 -0.8328 -2.1812 
26.0547 17.7740 -5.8397 -2.0250 4.6771 -1.6408 -2.9391 1.2995 -1.2758 -3.4594 -0.4534 -0.7097 -2.1254 
25.6278 17.3489 -5.9828 -2.2272 4.0634 -2.5005 -3.5836 0.9386 -1.6215 -3.7596 -0.6116 -1.2553 -3.5632 
25.6823 17.7231 -5.4685 -2.1487 4.0918 -2.0359 -3.1180 1.0999 -1.4919 -3.7149 -0.7738 -1.1760 -3.0390 
26.3013 17.8114 -6.1054 -1.9791 5.0787 -1.3160 -2.6533 1.8037 -0.7685 -3.1826 -0.2187 -0.5917 -2.5800 
25.4849 17.3158 -5.7890 -1.8797 4.7987 -1.3530 -2.5245 1.6215 -1.1325 -3.3585 -0.2110 -0.5109 -2.4213 
25.1802 16.7798 -6.3688 -2.3003 4.4026 -1.8314 -2.7532 1.9886 -0.2908 -2.5863 -0.0237 -0.8158 -2.6228 
24.7306 16.1318 -7.0665 -2.9294 4.2389 -1.3470 -2.1486 2.0042 -0.8191 -2.9859 0.0594 -0.5037 -2.4289 
23.9084 15.4320 -7.1784 -3.1982 3.4091 -2.6669 -3.6043 1.1329 -0.8210 -2.7403 0.0759 -0.6292 -2.7650 
24.5015 16.0285 -6.7558 -2.2867 4.8951 -1.3490 -2.9149 1.4553 -0.6653 -2.8360 -0.0368 -0.3723 -2.2855 
23.4554 15.0079 -7.4682 -3.7004 3.1323 -2.1238 -2.5826 1.9407 -0.4156 -2.7082 -0.2340 -0.9690 -2.7948 
23.5755 15.2061 -7.0368 -2.8352 4.2107 -1.2851 -2.2038 1.9840 -0.3308 -2.2223 0.5979 -0.1731 -2.2414 
23.3514 15.1132 -6.9395 -3.0807 3.4876 -2.0701 -2.6653 1.8714 -0.4051 -2.5841 0.0285 -0.6289 -2.4726 
23.9084 15.4382 -7.1946 -3.2563 3.5118 -2.0196 -2.3490 2.5009 0.1864 -2.0328 0.6947 -0.1480 -2.3903 
23.7893 15.1275 -7.2224 -2.4783 4.3248 -1.8453 -2.3467 2.5129 -0.1792 -2.6446 0.2023 -0.3842 -2.1825 
24.4672 15.9457 -6.9684 -2.9585 3.7563 -1.8866 -2.2073 2.3999 -0.1315 -2.0865 0.7699 -0.3028 -2.4870 
24.1803 15.4445 -7.3664 -2.9210 3.7921 -2.3970 -2.8302 2.1353 -0.5973 -3.0938 0.0060 -0.3536 -2.2924 
23.3137 14.5477 -7.9932 -3.5344 3.8904 -1.5457 -2.5413 1.6005 -0.7566 -2.5957 0.4675 0.0383 -1.8468 
23.5800 14.5748 -8.3924 -3.9165 3.4210 -2.2459 -2.8012 2.2381 0.1764 -1.8891 1.0874 0.4090 -2.0601 
23.4055 14.5091 -8.1606 -3.6703 3.5450 -1.9433 -2.3442 2.3386 -0.0674 -2.1047 0.6588 -0.3895 -2.6345 
23.1676 14.5898 -7.5427 -3.2274 3.4526 -2.3328 -2.7910 1.9500 -0.3315 -2.2705 0.6327 -0.2002 -2.4042 
23.3573 14.4576 -7.9811 -3.0270 4.3707 -1.4829 -2.3113 2.3704 0.2456 -1.6205 1.0681 -0.1176 -2.2543 
23.6068 14.8892 -7.9372 -3.8955 3.3510 -1.8062 -2.2645 2.2656 -0.0971 -2.1686 0.7162 0.0959 -2.0641 
22.8893 14.2232 -8.1390 -4.0862 3.1121 -1.8194 -1.9933 2.6434 0.0235 -2.5463 0.2210 -0.0370 -2.0270 
23.5035 14.7165 -7.7717 -3.1368 3.9352 -1.9499 -2.5570 2.2529 -0.1280 -2.2889 0.7901 0.5280 -1.1682 
23.8971 15.6214 -6.8357 -3.2169 3.1989 -2.0814 -1.9685 2.8730 0.4189 -1.7328 0.9317 -0.0004 -1.9626 
23.8973 15.2761 -7.5251 -3.4104 3.7915 -1.4141 -1.7316 2.8794 0.2449 -2.2324 0.4332 -0.2623 -2.4622 
23.2061 14.7260 -7.3776 -3.1299 3.7582 -1.5939 -1.8363 2.8072 0.2504 -2.0181 0.7462 -0.0325 -2.3368 
24.3754 15.4895 -7.7986 -3.6400 3.2004 -2.7406 -3.2555 1.5617 -0.6988 -2.3428 1.0983 0.4692 -1.9021 
23.8415 15.1662 -7.3066 -2.7071 4.0885 -1.9960 -2.5599 2.1809 -0.1572 -1.7318 1.6329 0.5290 -2.0788 
24.1940 15.3061 -7.7588 -3.0840 4.3797 -1.4958 -2.3245 2.5009 0.0907 -2.3346 0.6688 0.4400 -1.5061 
22.7663 13.8835 -8.4332 -3.9264 3.3741 -1.9100 -2.5026 1.8392 -0.4270 -2.1822 0.5781 -0.2381 -1.8278 
23.4848 14.7688 -7.5922 -3.1434 3.4240 -2.5757 -2.8342 1.9295 -0.8168 -2.7544 0.8710 0.5891 -1.4968 
23.1085 14.6232 -7.4771 -3.3417 3.4580 -1.9049 -2.2819 2.1630 -0.2227 -1.9487 1.1986 0.5135 -1.6787 
23.4220 15.1548 -7.0698 -3.3835 3.1286 -2.4281 -2.9176 1.9244 -0.1267 -2.3049 0.4872 0.1159 -2.0455 
22.5369 14.0212 -8.1015 -4.2527 2.9530 -1.9387 -2.6635 1.6603 -0.2552 -2.1778 0.3162 -0.2228 -1.8128 
23.0883 14.3777 -7.7172 -3.0507 3.8345 -1.9953 -2.4637 2.1921 -0.2403 -1.9881 1.1940 0.1651 -2.1893 
23.3964 14.7648 -7.6814 -3.3743 3.7878 -1.7035 -2.4037 2.1510 -0.1484 -2.3786 0.3644 0.0719 -1.4756 
23.3857 14.5187 -8.3053 -4.0927 3.3037 -1.8036 -2.3287 1.9352 -0.6904 -2.7900 0.0575 -0.6916 -2.5698 
22.6015 13.9333 -7.9188 -3.5402 3.0065 -2.5966 -2.6533 1.9996 -0.7203 -2.7711 0.1489 -0.8864 -3.0454 
23.1795 14.2648 -8.1956 -3.5309 3.6118 -2.0916 -2.5224 2.4495 0.3289 -1.9425 0.2611 -0.7370 -2.1753 
22.4514 13.7069 -8.1697 -3.5357 3.6491 -1.7114 -2.3094 1.9704 -0.4203 -2.1465 0.9095 0.2896 -1.6582 
22.8015 13.8330 -8.2472 -3.2412 3.7657 -2.0841 -2.3625 2.3307 -0.3880 -2.3382 0.8328 -0.1182 -2.3934 
23.3287 14.5600 -7.9130 -3.7181 2.8081 -3.0088 -3.2850 1.4298 -0.8936 -2.4962 0.5579 -0.4875 -2.4202 
22.9748 14.1944 -7.9576 -3.2946 3.7346 -1.9594 -2.5595 1.8050 -0.8215 -2.7225 0.4518 -0.0608 -1.7355 
23.3660 14.5835 -7.8242 -3.4062 3.2264 -2.6496 -2.9140 1.6986 -1.0850 -2.8575 0.8504 0.3029 -2.2394 
22.9730 14.0943 -8.1222 -3.3531 3.7214 -1.9998 -2.5317 1.9476 -0.6158 -2.5409 0.5765 0.1359 -1.5996 
23.4283 14.7420 -7.7644 -3.6326 3.0618 -2.5561 -2.7508 2.1396 -0.1954 -2.2714 0.5690 -0.0048 -1.6131 
22.5904 13.6792 -8.2957 -3.3900 3.6527 -2.0851 -2.4344 2.0884 -0.9061 -3.1294 0.2293 -0.2158 -2.2313 
23.2287 14.6652 -7.5035 -3.1031 3.8574 -1.7812 -2.3521 2.3319 0.0668 -1.9611 0.9161 0.1571 -2.0735 
23.3125 14.9021 -7.1472 -2.7963 4.1236 -1.6577 -2.7099 1.5622 -0.5475 -2.1981 0.7520 -0.0260 -2.0050 
23.2346 14.7809 -7.1090 -2.3869 4.7091 -1.1980 -2.3218 2.0012 -0.2098 -2.1217 0.6405 -0.2378 -2.3890 
23.5971 14.5887 -8.2561 -3.6794 3.3909 -2.4382 -2.6969 2.3526 -0.2443 -2.5497 0.6262 -0.0475 -2.5907 
22.8662 14.2318 -7.8816 -3.5140 3.5836 -1.8561 -2.5278 1.9626 -0.1668 -1.9429 0.9103 0.0196 -2.1738 
22.9956 14.5423 -7.4231 -3.2012 3.4993 -2.2687 -2.8458 2.0930 0.0983 -2.1161 0.5305 0.1474 -1.6599 
22.6388 14.0529 -7.8759 -3.6712 3.1687 -1.9557 -2.0671 2.3044 -0.3045 -2.1112 0.7333 -0.5442 -2.7431 
23.6537 15.1149 -7.3381 -3.1942 3.5935 -1.9578 -2.3326 2.2551 -0.2169 -2.2890 0.3736 -0.6684 -2.5903 
21.8748 13.7313 -6.9882 -2.2991 4.3998 -1.5460 -2.7989 1.4320 -0.4980 -2.1541 0.8452 0.5289 -1.3263 
