nan nan nan nan nan nan nan nan nan nan nan nan nan 
nan nan nan nan nan nan nan nan nan nan nan nan nan 
nan nan nan nan nan nan nan nan nan nan nan nan nan 
nan nan nan nan nan nan nan nan nan nan nan nan nan 
nan nan nan nan nan nan nan nan nan nan nan nan nan 
29.5722 0.2103 -1.8017 -1.5510 0.2536 -1.8021 0.2396 0.0724 -0.8780 -0.8060 -0.2783 -0.4081 0.1825 
30.8998 -0.1954 -1.5555 -2.4043 -0.3351 -1.8019 -1.4635 -0.9609 -0.3115 -0.1192 -1.1798 -0.6022 -0.0864 
31.1213 -0.7242 -1.2285 -1.6386 -0.0013 -1.4661 -1.0375 -0.1287 -1.6731 -0.9734 -0.9196 -0.6491 0.3829 
31.8231 -1.7028 -1.7900 -1.8796 -1.7387 -2.5740 -1.0080 -0.9994 -0.2665 -0.2900 -0.7935 -0.5883 -0.0842 
31.5060 -0.4565 -0.0885 -2.2069 -0.7687 -2.1226 -1.6458 -0.5703 -0.7009 -1.0755 -0.4430 -0.5075 0.0079 
30.7926 -1.0868 -1.3125 -2.1182 0.3252 -1.0332 -0.3761 -0.6694 0.0481 -0.9135 -0.2247 -0.6876 0.0313 
30.7283 0.0910 -1.3065 -2.7651 -0.4497 -2.4460 -0.1127 -0.5454 -0.5079 -0.4934 -1.1191 -0.5267 0.3980 
31.3903 -0.6480 -0.1916 -1.9103 -0.8525 -1.1910 -0.4960 -0.3613 -0.3975 -0.7687 -0.2799 -0.4441 -0.4630 
30.3247 -1.5708 -0.1919 -1.6960 -1.0727 -1.8344 -0.9144 -0.5226 -0.8397 -0.5111 -0.1740 -0.5060 0.5168 
30.6071 -1.0875 -0.9487 -3.1347 -0.4680 -1.9347 -1.6816 -1.1911 -0.7788 -0.8367 -1.1385 -1.3609 -0.0143 
31.3418 -1.2195 -0.6771 -1.8048 -0.9441 -1.7401 -1.1226 -0.9959 -0.3734 -0.7965 -0.4808 -0.7004 -0.1111 
30.9138 -0.6355 -0.9501 -2.0302 -2.0915 -0.8319 -0.8664 -0.0218 -0.8506 -0.8422 -0.3323 -0.3191 -0.0903 
31.6315 -0.5214 -0.3855 -1.3048 -1.0375 -1.0974 -0.9840 -0.3631 -0.4915 -0.5922 -0.7343 -0.8998 -0.0718 
30.9742 -0.4587 -1.1380 -1.6804 -0.5644 -2.4827 -0.9293 -0.6172 -0.4298 -0.7816 -0.5271 -0.2534 -0.1121 
30.8268 -0.0970 -0.9074 -2.3616 -0.7110 -1.5948 -1.2975 -1.1023 -0.9091 -1.1060 -0.1875 -0.0929 0.3105 
29.4907 -0.4236 -0.8513 -1.8711 -0.6189 -2.1909 -1.4723 -0.9098 -0.6399 -0.8936 -1.0300 -0.9853 0.3006 
29.2157 -0.5362 -0.4672 -1.5703 0.5455 -1.3159 -0.4771 -0.1624 -0.1951 -0.6207 -0.7536 -0.1487 -0.2468 
32.9797 1.1856 -1.8513 -2.3462 -0.7617 -1.1670 -0.9793 -0.1974 -0.8857 -0.4216 -0.0355 -0.3525 0.0492 
35.5067 0.8174 -3.1299 -2.3314 -0.4870 -0.7144 -0.8395 -0.8013 -0.5522 -0.0582 0.2080 0.6059 0.2761 
36.1881 -0.6984 -4.3145 -0.7468 -0.5249 -2.4585 -0.7368 -0.5052 -0.5664 0.4340 0.1293 0.4996 0.8961 
37.8799 -2.6091 -4.3398 0.0539 -1.4668 -2.3265 -1.6962 -1.0726 -0.1807 -0.3662 -0.4341 0.2772 0.3098 
37.8540 -3.6083 -3.1609 0.0924 -1.8933 -1.4253 -1.6798 -0.3362 -0.4800 0.3836 0.7171 0.5450 0.5804 
38.2122 -4.2403 -2.4671 -0.2136 -2.2723 -1.2501 -1.6439 -0.4468 -0.9092 -0.3821 0.5119 -0.2024 0.2332 
38.5791 -3.7093 -1.0082 -0.4692 -0.8818 -1.3366 -1.6376 0.3456 -0.5518 0.3081 0.5769 0.2061 0.3722 
38.1976 -4.0913 -1.1314 -1.6420 -0.3193 -1.4287 -1.1576 -0.0031 -0.3604 0.9358 0.4674 1.0797 0.5153 
37.4951 -3.7271 -1.7359 -2.2615 -0.4887 -2.5341 -1.6350 -1.0998 -0.3749 -0.3137 -0.1756 0.1458 0.2965 
36.5684 -3.2969 -2.1779 -1.9228 -0.2582 -2.4909 -1.5474 -0.7831 0.4496 0.3800 0.0645 0.1698 0.7135 
35.3449 -1.1257 -1.1879 -2.3695 -1.3102 -2.0512 -1.8018 -0.9270 0.5666 0.0301 -0.3945 -0.5105 0.4981 
34.3546 -0.3629 -1.6906 -1.4604 -2.2042 -1.5573 -0.8807 -0.3109 0.1568 0.5323 0.8283 -0.2119 -0.3016 
33.9644 -0.3891 -0.5543 -1.4936 -2.8558 -1.7457 -1.2515 0.0884 0.7930 0.2916 0.6268 -0.6551 -0.4157 
34.3433 -0.6215 -1.4109 -1.8192 -2.5965 -1.5508 -0.0932 0.2473 0.1477 0.5644 0.1203 -1.0391 -0.3901 
33.6024 -1.0805 -1.7240 -1.3576 -1.9945 -1.7945 0.0938 0.5812 0.7569 -0.4211 -0.1680 -0.8942 -0.4689 
32.7760 -1.2230 -1.3352 -0.5846 -1.5090 -1.9308 -0.7146 -0.1189 -0.9965 0.0697 -0.1091 -0.6728 -0.4069 
32.4095 -1.9740 -1.7816 0.0289 -1.0945 -1.2525 -0.1071 -0.6395 -0.7686 0.1537 0.1363 -0.7381 -0.3909 
31.5248 -2.5897 -1.8013 -1.7462 -0.9718 -0.7848 -0.9003 -0.6790 -1.1157 -0.2398 0.4109 -0.5111 0.1397 
32.3562 -2.2152 -1.8648 -2.1224 -1.5576 -1.6570 -1.0975 -0.1773 -0.9363 0.8493 0.1208 0.0490 -0.2492 
32.9169 -2.6482 -1.3880 -1.3543 -1.0786 -0.5709 -0.9608 -1.1212 -1.2383 -0.0488 -0.3881 -0.6101 -0.3594 
32.1863 -2.3162 -1.4735 -1.8339 -0.9745 -1.4472 -0.9612 -1.0861 -1.0301 -0.7613 -0.6043 -0.7938 -0.7192 
33.1131 -1.4736 -1.2214 -1.6329 -0.9523 -0.7819 0.3639 -0.5566 -1.2603 0.4375 -0.1976 -0.7430 -0.6424 
31.9450 -1.6744 -0.6605 -1.1112 -1.3407 -1.6534 -0.6349 -0.9669 -0.6877 -0.3989 -0.7474 -0.6033 0.0141 
31.6883 -2.2362 -0.7172 -0.1005 -0.6374 -1.3291 -0.8374 -1.1201 -0.3994 -1.0273 -0.0734 -0.5831 0.2181 
31.6934 -0.8732 0.3468 -1.1390 -0.5575 -0.1112 -0.3398 -0.0086 -1.0976 -0.0085 0.2218 -0.4757 0.2902 
21.6174 -3.1421 0.6976 -0.9943 -0.6322 -0.1682 -0.0050 0.3112 -0.8697 0.0073 0.3181 -0.3529 0.1534 
11.6166 -5.4884 1.0444 -0.9029 -0.7270 -0.2895 0.2367 0.4810 -0.7268 -0.0405 0.4094 -0.2407 0.0904 
1.6670 -7.9298 1.2532 -0.8715 -0.7591 -0.4200 0.3531 0.5414 -0.6077 -0.0869 0.4572 -0.1839 0.0690 
-8.2243 -10.4804 1.2229 -0.9436 -0.6979 -0.5453 0.3084 0.4994 -0.4550 -0.0717 0.4498 -0.2155 0.0940 
-18.1330 -13.1621 1.0010 -1.1357 -0.6533 -0.7166 0.1620 0.3934 -0.3343 -0.0461 0.4446 -0.2652 0.1285 
-28.0955 -15.9912 0.5934 -1.4891 -0.7249 -1.0131 -0.1213 0.1690 -0.3495 -0.1081 0.4091 -0.3415 0.1154 
-37.8938 -18.6616 0.2823 -1.7761 -0.7467 -1.3113 -0.4648 -0.1592 -0.5411 -0.3411 0.2480 -0.5382 -0.0524 
-46.9975 -20.4221 0.8238 -1.2370 0.0468 -0.8314 -0.0905 0.1631 -0.1875 -0.0843 0.5565 -0.3224 0.0652 
-56.1498 -22.3257 1.1728 -0.8990 0.6553 -0.5241 0.0978 0.2816 -0.0645 -0.0338 0.7444 -0.1403 0.1412 
-65.4041 -24.4572 1.2357 -0.8777 0.9073 -0.6323 -0.2336 -0.2040 -0.5590 -0.5258 0.5708 -0.0888 0.1879 
nan nan nan nan nan nan nan nan nan nan nan nan nan 
-75.1982 -18.7389 6.4742 0.0124 0.5415 -1.1212 -0.0784 0.1599 -0.3362 -0.9060 0.3241 0.0131 -0.0072 
-78.0041 -14.8753 7.0855 -1.8347 0.1586 -0.2781 0.3936 0.0207 -0.0647 -0.4156 0.6215 0.0519 -0.2056 
-79.5975 -10.0960 7.3943 -3.7577 0.6009 0.3185 -0.8630 -0.7233 0.7417 -0.4221 0.0834 0.1650 -0.2538 
-79.9109 -7.2951 5.2454 -3.1426 1.9139 -0.1492 0.2435 0.0576 -0.0014 -0.5501 0.2576 0.1726 0.0602 
-80.2031 -4.0976 3.9124 -2.5042 2.9218 -1.0244 -0.2922 0.0219 0.4121 0.4270 0.6874 0.1776 0.3069 
-78.9845 -1.6592 1.5861 -2.4059 1.3909 -0.7844 0.6423 -0.4627 0.9863 -0.3148 0.3813 1.1954 0.2256 
-inf -inf -inf -inf -inf -inf -inf -inf -inf nan nan nan nan 
-75.2600 -0.7447 -0.1009 -0.5774 0.1780 -0.1610 -0.2425 -0.4538 0.4476 0.2258 0.0781 -0.2624 -0.3624 
-inf -inf -inf -inf -inf -inf -inf -inf -inf nan nan nan nan 
-70.7639 0.6790 0.2526 -0.4820 -0.0096 -0.5497 -0.1389 -0.5423 -0.4346 0.0201 -0.1209 -0.2427 -0.2920 
-67.1085 0.1404 0.0907 -0.2089 -0.1078 0.0302 -0.4752 -0.7537 -0.4520 -0.1176 0.0836 -0.2885 0.0733 
nan nan nan nan nan nan nan nan nan nan nan nan nan 
-63.3128 -0.1256 0.2557 0.1197 -0.1896 0.4388 -0.1828 0.9580 0.5113 0.3145 0.9255 -0.1689 -0.1770 
-59.8225 -0.1991 0.4986 -0.4787 -0.2311 0.1088 -0.0631 -0.2440 -0.1742 0.5800 0.5546 -0.2637 -1.1757 
-56.4088 0.1635 0.1802 -0.1327 -0.6531 -0.2114 0.4520 -0.4641 -0.5256 -0.5442 0.2492 0.2872 -0.5011 
-55.1643 -0.0525 0.5762 -0.6775 0.3215 0.1807 -0.2074 -0.0463 0.0231 -0.3155 -0.1010 -0.3298 -0.3964 
-52.6095 -0.6194 0.2880 0.8685 0.6758 0.6532 0.0434 -0.3281 0.0397 0.4641 0.0272 0.4116 -0.0524 
nan nan nan nan nan nan nan nan nan nan nan nan nan 
-47.6985 -0.5073 -0.2802 -0.7803 -0.0351 0.1043 0.4955 0.7144 0.7714 0.1734 0.3457 0.6209 -0.2924 
-44.6484 -1.0927 -0.2078 -0.3585 -0.0183 0.5821 -0.1093 -0.5573 -0.1526 0.8073 1.0477 0.6036 0.5875 
-40.6503 0.0778 0.5577 0.0567 0.1486 0.1267 0.2988 -0.0735 -0.0534 -0.0587 0.1233 0.3194 0.0965 
-38.4215 0.2557 0.3350 0.1962 -0.2379 -0.4289 0.4605 0.1449 0.3054 -0.3047 -0.4709 0.0148 -0.2472 
-38.2147 -0.9098 -0.9280 -0.9823 -0.0415 0.6746 -0.3685 0.1691 0.4948 0.8898 0.9792 0.4917 0.3230 
-34.0377 -0.5379 0.2070 -0.3628 -0.6557 0.3768 0.6271 0.3392 0.2519 1.3104 1.5259 1.2606 1.0319 
-31.7239 -0.7105 -0.3146 0.5375 0.2900 -0.2429 0.0625 -0.1969 -0.1909 -0.6356 -0.1058 -0.2711 -0.0774 
-inf -inf -inf -inf -inf -inf -inf -inf -inf nan nan nan nan 
-26.2446 -0.7048 -0.1369 0.0269 0.0025 0.0654 0.4753 0.6606 0.4453 0.6580 0.5768 0.8059 0.7871 
-inf -inf -inf -inf -inf -inf -inf -inf -inf nan nan nan nan 
-inf -inf -inf -inf -inf -inf -inf -inf -inf nan nan nan nan 
-18.6273 0.5555 -0.3213 0.1163 0.4817 1.0022 0.1337 0.7017 0.3929 -0.1325 -0.3253 -1.1472 -0.5285 
-15.8674 -1.1521 -0.8198 0.1572 0.4171 0.2150 -0.4361 0.2335 0.1552 -0.0318 -0.0459 0.0984 0.7427 
-14.5317 -0.8015 -0.1188 0.2815 0.9499 -0.9915 -1.1495 0.1958 1.5833 1.3329 1.2125 -0.0994 -0.3670 
-11.1293 0.3351 1.0528 0.2507 -0.2820 0.5502 -0.5839 -0.2785 -0.3153 -0.2225 -0.6918 -0.4486 -0.2667 
nan nan nan nan nan nan nan nan nan nan nan nan nan 
