nan nan nan nan nan nan nan nan nan nan nan nan nan 
nan nan nan nan nan nan nan nan nan nan nan nan nan 
nan nan nan nan nan nan nan nan nan nan nan nan nan 
nan nan nan nan nan nan nan nan nan nan nan nan nan 
nan nan nan nan nan nan nan nan nan nan nan nan nan 
30.1782 -0.5754 -2.2382 -0.3972 -1.5242 0.7672 -1.1857 -0.7649 -0.4315 -0.2756 0.1011 0.0433 -0.1714 
31.2461 -0.4470 -2.6837 -0.7246 -2.0389 -1.5556 -0.3510 -0.4855 -1.3029 -0.4550 -0.8325 0.0940 -0.5009 
31.1246 -0.6543 -1.9840 -0.4874 -1.8581 -0.4277 -1.5276 -1.3907 -0.7783 -0.3712 0.1108 0.2753 0.3549 
31.7303 -2.1341 -1.8292 -2.3816 -2.5152 -0.9933 -0.2302 -0.3214 -1.0323 -0.3729 -0.7261 -0.2141 -0.7084 
31.3095 0.3689 -1.7313 -1.4253 -2.3396 -1.2710 -0.7604 -1.4683 -0.4039 -0.5417 0.2336 -0.6088 -0.5153 
30.6338 -1.0196 -2.4023 -0.1818 -0.9631 -0.3830 -0.1558 -0.8817 -0.7642 -0.2241 -0.4369 0.0124 -0.4297 
31.1943 -0.0858 -2.8999 -1.4640 -1.9527 -0.0997 -0.7026 -0.8410 -1.3598 0.3134 -0.4792 -0.3219 -0.4050 
31.0346 -0.0130 -1.4638 -1.4963 -1.0230 -0.3099 -0.5101 -1.0177 -0.5126 -0.9248 -0.3453 0.0208 -0.1692 
29.7159 -0.7817 -1.1712 -1.6999 -1.8388 -0.6538 -0.9654 -0.6660 -0.3869 0.1744 -0.3318 -0.4540 -0.3922 
30.3161 -0.4265 -2.6887 -0.9744 -2.0781 -1.9127 -0.8171 -1.1442 -1.6352 -0.9202 -1.3066 -0.4331 0.2184 
30.9734 -0.9060 -1.3182 -1.3175 -1.8113 -1.6365 -0.6504 -0.7294 -0.4767 -0.7333 -0.5648 -0.6112 0.4457 
30.7359 -0.2766 -1.9767 -2.4279 -1.1433 -0.1262 -0.8076 -1.0131 -0.2388 -0.4344 -1.0261 -0.1626 -0.1844 
31.5077 -0.0474 -1.0109 -1.3611 -1.3992 -0.8521 -0.1851 -0.9389 -1.0619 -0.8312 0.0038 -0.1260 0.4376 
31.1249 -0.7042 -1.6227 -1.1508 -2.5139 -0.8003 -0.7854 -0.8161 -0.3279 -0.3263 -0.4990 -0.2824 -0.0649 
30.8699 0.0039 -2.1328 -1.2819 -1.8143 -1.4304 -1.2536 -1.3725 0.2410 0.0252 -0.9402 -0.2860 0.0288 
29.2741 -0.3275 -1.2805 -0.5941 -2.5267 -1.6647 -0.9492 -0.9230 -1.0206 -0.5297 -1.8649 -0.6328 0.6449 
28.9959 -0.4249 -1.0950 0.0084 -1.1547 -0.3018 -0.0254 -1.2201 -0.3729 -0.5222 -0.9660 -0.2654 0.4998 
33.7227 0.4555 -3.3660 -0.9647 -1.6269 -0.4968 -0.9830 -0.3981 -0.2843 -0.0200 0.1182 -0.5018 0.0711 
36.2468 -1.1086 -3.5999 -0.6382 -1.0902 -1.1615 -0.5736 -0.2303 0.9432 0.5123 -0.7144 -0.7353 0.8554 
36.7369 -3.7517 -2.5853 -0.6421 -2.8242 -0.4029 -0.7134 0.4220 0.6671 1.4551 -0.5224 -0.8686 0.7943 
37.8080 -5.3611 -1.4061 -1.2218 -3.2105 -1.6355 -0.4531 -0.6235 0.5499 0.6574 -0.6243 -1.0646 1.1300 
36.7609 -5.3181 -1.0675 -1.2446 -2.4722 -1.3171 -0.4650 0.8299 1.2732 0.7974 -0.1612 -1.3004 0.8107 
36.8676 -4.7670 -0.8928 -1.7901 -2.2210 -1.0043 -1.1001 -0.0586 0.3849 0.2896 -0.3207 -1.3586 0.5390 
36.6435 -3.3082 -0.8813 -0.8105 -2.5288 -0.4860 -0.4419 0.2457 0.8389 0.9455 0.2521 -0.9256 1.0437 
35.7083 -3.8627 -1.2143 -0.7079 -2.0631 -1.1130 0.0221 0.9637 1.8232 1.1114 -0.7724 -0.8845 1.6013 
35.8262 -3.4753 -1.7491 -1.5646 -2.9357 -1.2633 -0.5743 -1.0513 0.6501 0.7125 -1.4184 -0.7903 0.9197 
35.0528 -3.7590 -1.6939 -1.2937 -2.8486 -0.8879 0.5806 -0.1826 0.8583 1.1027 -1.7101 -0.6251 0.8045 
34.9964 -1.1411 -2.4837 -1.7037 -2.5856 -1.8043 0.4493 0.0972 -0.6006 0.3227 -0.6938 -0.1859 -0.1590 
34.1984 -1.2533 -1.9702 -2.3826 -2.1116 -0.6589 -0.0494 1.1101 0.4394 -0.0780 -0.4250 -0.1162 0.5158 
33.2206 -0.5647 -1.2139 -3.1276 -2.4959 -0.9998 0.4038 1.2330 0.6053 -0.8851 -0.3714 0.4483 0.6336 
34.1069 -0.9238 -1.9481 -2.9982 -1.5283 0.2800 -0.1257 1.1643 -0.7425 -0.9392 -0.7574 -0.0564 0.0392 
33.2244 -2.1197 -1.6525 -2.2445 -1.3048 1.3123 0.8762 -0.5494 -1.2485 -1.2530 -1.2372 -0.7590 0.8276 
32.6031 -1.5552 -0.8795 -1.6887 -2.2920 -0.1451 -1.0059 0.1395 -0.9275 -0.4584 0.2436 -0.2263 0.0154 
32.2675 -2.7793 -0.3797 -1.0345 -0.9261 -0.4212 -1.1199 0.4718 -0.7575 -0.6629 -0.1229 -0.9583 0.1070 
30.6148 -2.6778 -2.4071 -1.2210 -1.1046 -0.9659 -1.4821 0.0156 -0.0451 -0.0749 0.0734 -0.3030 0.3061 
31.5331 -2.4708 -2.5224 -1.9862 -1.7355 -0.7108 -0.7896 1.0803 0.2774 -0.3662 -0.1322 -0.7749 -0.3147 
31.7391 -2.5406 -1.1530 -0.7574 -0.9276 -2.1241 -1.6426 0.7342 -0.6072 -0.7264 -0.7683 -0.4337 0.7517 
31.6978 -2.2065 -1.8388 -1.2540 -1.1161 -1.0645 -1.3094 -1.0972 -1.3127 -1.1320 -0.3055 -0.9267 -0.3807 
32.7660 -1.5963 -1.5362 -1.7223 0.0438 -0.1191 -1.4297 0.3991 -0.8416 -1.2539 0.0660 -0.3817 0.0586 
31.7098 -1.4368 -0.8971 -1.9506 -1.3005 -1.1464 -0.9394 -0.3825 -1.2746 -0.0716 0.6544 -0.6786 -0.4031 
31.1495 -2.0255 0.0391 -0.6513 -1.3348 -1.1267 -1.1784 -0.6402 -0.4545 -0.3178 -0.2198 -0.3555 -0.3625 
30.8577 0.3699 -1.0426 -0.6628 -0.3476 0.0916 -1.3665 0.2748 -0.5047 0.3319 -0.0121 -0.0161 -0.1578 
19.8018 -1.3234 -0.3526 -1.0390 -0.1662 0.4724 -0.9926 0.2808 -0.1763 0.0309 -0.0905 0.0529 -0.0591 
8.7499 -2.9947 0.2533 -1.4464 -0.0527 0.7269 -0.8308 0.2602 0.0699 -0.1224 -0.0812 0.1263 -0.0670 
-2.2358 -4.8047 0.6838 -1.6995 -0.0373 0.8056 -0.6711 0.2124 0.1657 -0.1268 -0.0779 0.1079 -0.0105 
-13.1366 -6.8353 0.8459 -1.7791 -0.1184 0.6764 -0.4544 0.2004 0.1116 -0.0390 -0.0337 0.0127 0.0805 
-24.0818 -9.0593 0.7827 -1.8898 -0.2781 0.4286 -0.3263 0.2443 0.0486 0.0073 0.0786 -0.0172 0.1156 
-35.1247 -11.4916 0.4829 -2.1637 -0.6113 0.0231 -0.3895 0.2222 -0.0202 -0.0079 0.1982 0.0365 0.1582 
-45.8909 -13.6115 0.4093 -2.2672 -0.8771 -0.4105 -0.6444 -0.0041 -0.2716 -0.3230 0.0252 -0.1135 -0.0113 
-55.9870 -14.8559 1.1629 -1.5585 -0.3566 -0.1135 -0.2922 0.3537 0.1172 -0.1109 0.3439 0.2460 0.2782 
-66.1418 -16.2682 1.7113 -1.0558 -0.0249 -0.0343 -0.1987 0.4874 0.4567 0.0257 0.5690 0.5191 0.5150 
nan nan nan nan nan nan nan nan nan nan nan nan nan 
nan nan nan nan nan nan nan nan nan nan nan nan nan 
nan nan nan nan nan nan nan nan nan nan nan nan nan 
-86.8932 -5.7901 3.8299 -1.8403 1.0473 -0.2905 -0.2081 -0.1158 0.6815 -0.7336 -0.1911 -0.7286 0.6366 
-86.5715 -1.2673 1.4892 -1.6520 0.9151 -1.9313 0.9316 -0.6291 0.3700 -0.2660 0.3994 0.0448 0.3101 
-85.0481 -0.8526 0.5895 -0.1026 0.7194 -0.0604 0.0065 -0.5582 0.5336 -0.0623 0.1282 0.2254 0.0685 
nan nan nan nan nan nan nan nan nan nan nan nan nan 
nan nan nan nan nan nan nan nan nan nan nan nan nan 
nan nan nan nan nan nan nan nan nan nan nan nan nan 
nan nan nan nan nan nan nan nan nan nan nan nan nan 
-inf -inf -inf -inf -inf -inf -inf -inf -inf nan nan nan nan 
-70.6981 0.9019 -0.0059 -0.3386 -0.5970 -0.5023 -0.3733 0.1679 -0.2230 -0.1340 -0.0815 0.0739 0.7106 
-67.3366 0.5389 -0.1616 0.1242 -0.3702 -0.5753 -0.8287 -0.0806 -0.5312 0.3977 -0.8221 0.3497 0.4592 
nan nan nan nan nan nan nan nan nan nan nan nan nan 
nan nan nan nan nan nan nan nan nan nan nan nan nan 
nan nan nan nan nan nan nan nan nan nan nan nan nan 
-56.4671 0.2347 0.3723 -0.8313 0.1665 0.1249 -0.9133 -0.5517 0.3412 -0.2535 -0.5857 -0.2911 0.5024 
-55.7980 0.8449 -0.1940 0.0577 -0.3003 0.1037 0.0290 -0.3590 -0.5440 -0.0208 -0.3050 0.5567 1.0893 
-53.1039 -0.6757 1.0281 1.0894 0.8181 -0.3131 -0.1011 -0.0740 0.0364 0.6897 0.0102 -0.0762 -0.1064 
nan nan nan nan nan nan nan nan nan nan nan nan nan 
nan nan nan nan nan nan nan nan nan nan nan nan nan 
nan nan nan nan nan nan nan nan nan nan nan nan nan 
-40.9774 0.2883 0.5167 0.1334 0.2146 -0.1587 -0.2619 0.1173 0.3591 0.2101 -0.4009 0.2066 0.6549 
nan nan nan nan nan nan nan nan nan nan nan nan nan 
nan nan nan nan nan nan nan nan nan nan nan nan nan 
nan nan nan nan nan nan nan nan nan nan nan nan nan 
nan nan nan nan nan nan nan nan nan nan nan nan nan 
nan nan nan nan nan nan nan nan nan nan nan nan nan 
nan nan nan nan nan nan nan nan nan nan nan nan nan 
-inf -inf -inf -inf -inf -inf -inf -inf -inf nan nan nan nan 
-inf -inf -inf -inf -inf -inf -inf -inf -inf nan nan nan nan 
nan nan nan nan nan nan nan nan nan nan nan nan nan 
nan nan nan nan nan nan nan nan nan nan nan nan nan 
nan nan nan nan nan nan nan nan nan nan nan nan nan 
nan nan nan nan nan nan nan nan nan nan nan nan nan 
nan nan nan nan nan nan nan nan nan nan nan nan nan 
nan nan nan nan nan nan nan nan nan nan nan nan nan 
nan nan nan nan nan nan nan nan nan nan nan nan nan 
nan nan nan nan nan nan nan nan nan nan nan nan nan 
nan nan nan nan nan nan nan nan nan nan nan nan nan 
nan nan nan nan nan nan nan nan nan nan nan nan nan 
30.1782 -0.5754 -2.2382 -0.3972 -1.5242 0.7672 -1.1857 -0.7649 -0.4315 -0.2756 0.1011 0.0433 -0.1714 
31.2461 -0.4470 -2.6837 -0.7246 -2.0389 -1.5556 -0.3510 -0.4855 -1.3029 -0.4550 -0.8325 0.0940 -0.5009 
31.1246 -0.6543 -1.9840 -0.4874 -1.8581 -0.4277 -1.5276 -1.3907 -0.7783 -0.3712 0.1108 0.2753 0.3549 
31.7303 -2.1341 -1.8292 -2.3816 -2.5152 -0.9933 -0.2302 -0.3214 -1.0323 -0.3729 -0.7261 -0.2141 -0.7084 
31.3095 0.3689 -1.7313 -1.4253 -2.3396 -1.2710 -0.7604 -1.4683 -0.4039 -0.5417 0.2336 -0.6088 -0.5153 
30.6338 -1.0196 -2.4023 -0.1818 -0.9631 -0.3830 -0.1558 -0.8817 -0.7642 -0.2241 -0.4369 0.0124 -0.4297 
31.1943 -0.0858 -2.8999 -1.4640 -1.9527 -0.0997 -0.7026 -0.8410 -1.3598 0.3134 -0.4792 -0.3219 -0.4050 
31.0346 -0.0130 -1.4638 -1.4963 -1.0230 -0.3099 -0.5101 -1.0177 -0.5126 -0.9248 -0.3453 0.0208 -0.1692 
29.7159 -0.7817 -1.1712 -1.6999 -1.8388 -0.6538 -0.9654 -0.6660 -0.3869 0.1744 -0.3318 -0.4540 -0.3922 
30.3161 -0.4265 -2.6887 -0.9744 -2.0781 -1.9127 -0.8171 -1.1442 -1.6352 -0.9202 -1.3066 -0.4331 0.2184 
30.9734 -0.9060 -1.3182 -1.3175 -1.8113 -1.6365 -0.6504 -0.7294 -0.4767 -0.7333 -0.5648 -0.6112 0.4457 
30.7359 -0.2766 -1.9767 -2.4279 -1.1433 -0.1262 -0.8076 -1.0131 -0.2388 -0.4344 -1.0261 -0.1626 -0.1844 
31.5077 -0.0474 -1.0109 -1.3611 -1.3992 -0.8521 -0.1851 -0.9389 -1.0619 -0.8312 0.0038 -0.1260 0.4376 
31.1249 -0.7042 -1.6227 -1.1508 -2.5139 -0.8003 -0.7854 -0.8161 -0.3279 -0.3263 -0.4990 -0.2824 -0.0649 
30.8699 0.0039 -2.1328 -1.2819 -1.8143 -1.4304 -1.2536 -1.3725 0.2410 0.0252 -0.9402 -0.2860 0.0288 
29.2741 -0.3275 -1.2805 -0.5941 -2.5267 -1.6647 -0.9492 -0.9230 -1.0206 -0.5297 -1.8649 -0.6328 0.6449 
28.9959 -0.4249 -1.0950 0.0084 -1.1547 -0.3018 -0.0254 -1.2201 -0.3729 -0.5222 -0.9660 -0.2654 0.4998 
33.7227 0.4555 -3.3660 -0.9647 -1.6269 -0.4968 -0.9830 -0.3981 -0.2843 -0.0200 0.1182 -0.5018 0.0711 
36.2468 -1.1086 -3.5999 -0.6382 -1.0902 -1.1615 -0.5736 -0.2303 0.9432 0.5123 -0.7144 -0.7353 0.8554 
36.7369 -3.7517 -2.5853 -0.6421 -2.8242 -0.4029 -0.7134 0.4220 0.6671 1.4551 -0.5224 -0.8686 0.7943 
37.8080 -5.3611 -1.4061 -1.2218 -3.2105 -1.6355 -0.4531 -0.6235 0.5499 0.6574 -0.6243 -1.0646 1.1300 
36.7609 -5.3181 -1.0675 -1.2446 -2.4722 -1.3171 -0.4650 0.8299 1.2732 0.7974 -0.1612 -1.3004 0.8107 
36.8676 -4.7670 -0.8928 -1.7901 -2.2210 -1.0043 -1.1001 -0.0586 0.3849 0.2896 -0.3207 -1.3586 0.5390 
36.6435 -3.3082 -0.8813 -0.8105 -2.5288 -0.4860 -0.4419 0.2457 0.8389 0.9455 0.2521 -0.9256 1.0437 
35.7083 -3.8627 -1.2143 -0.7079 -2.0631 -1.1130 0.0221 0.9637 1.8232 1.1114 -0.7724 -0.8845 1.6013 
35.8262 -3.4753 -1.7491 -1.5646 -2.9357 -1.2633 -0.5743 -1.0513 0.6501 0.7125 -1.4184 -0.7903 0.9197 
35.0528 -3.7590 -1.6939 -1.2937 -2.8486 -0.8879 0.5806 -0.1826 0.8583 1.1027 -1.7101 -0.6251 0.8045 
34.9964 -1.1411 -2.4837 -1.7037 -2.5856 -1.8043 0.4493 0.0972 -0.6006 0.3227 -0.6938 -0.1859 -0.1590 
34.1984 -1.2533 -1.9702 -2.3826 -2.1116 -0.6589 -0.0494 1.1101 0.4394 -0.0780 -0.4250 -0.1162 0.5158 
33.2206 -0.5647 -1.2139 -3.1276 -2.4959 -0.9998 0.4038 1.2330 0.6053 -0.8851 -0.3714 0.4483 0.6336 
34.1069 -0.9238 -1.9481 -2.9982 -1.5283 0.2800 -0.1257 1.1643 -0.7425 -0.9392 -0.7574 -0.0564 0.0392 
33.2244 -2.1197 -1.6525 -2.2445 -1.3048 1.3123 0.8762 -0.5494 -1.2485 -1.2530 -1.2372 -0.7590 0.8276 
32.6031 -1.5552 -0.8795 -1.6887 -2.2920 -0.1451 -1.0059 0.1395 -0.9275 -0.4584 0.2436 -0.2263 0.0154 
32.2675 -2.7793 -0.3797 -1.0345 -0.9261 -0.4212 -1.1199 0.4718 -0.7575 -0.6629 -0.1229 -0.9583 0.1070 
30.6148 -2.6778 -2.4071 -1.2210 -1.1046 -0.9659 -1.4821 0.0156 -0.0451 -0.0749 0.0734 -0.3030 0.3061 
31.5331 -2.4708 -2.5224 -1.9862 -1.7355 -0.7108 -0.7896 1.0803 0.2774 -0.3662 -0.1322 -0.7749 -0.3147 
31.7391 -2.5406 -1.1530 -0.7574 -0.9276 -2.1241 -1.6426 0.7342 -0.6072 -0.7264 -0.7683 -0.4337 0.7517 
31.6978 -2.2065 -1.8388 -1.2540 -1.1161 -1.0645 -1.3094 -1.0972 -1.3127 -1.1320 -0.3055 -0.9267 -0.3807 
32.7660 -1.5963 -1.5362 -1.7223 0.0438 -0.1191 -1.4297 0.3991 -0.8416 -1.2539 0.0660 -0.3817 0.0586 
31.7098 -1.4368 -0.8971 -1.9506 -1.3005 -1.1464 -0.9394 -0.3825 -1.2746 -0.0716 0.6544 -0.6786 -0.4031 
31.1495 -2.0255 0.0391 -0.6513 -1.3348 -1.1267 -1.1784 -0.6402 -0.4545 -0.3178 -0.2198 -0.3555 -0.3625 
30.8577 0.3699 -1.0426 -0.6628 -0.3476 0.0916 -1.3665 0.2748 -0.5047 0.3319 -0.0121 -0.0161 -0.1578 
19.8018 -1.3234 -0.3526 -1.0390 -0.1662 0.4724 -0.9926 0.2808 -0.1763 0.0309 -0.0905 0.0529 -0.0591 
8.7499 -2.9947 0.2533 -1.4464 -0.0527 0.7269 -0.8308 0.2602 0.0699 -0.1224 -0.0812 0.1263 -0.0670 
-2.2358 -4.8047 0.6838 -1.6995 -0.0373 0.8056 -0.6711 0.2124 0.1657 -0.1268 -0.0779 0.1079 -0.0105 
-13.1366 -6.8353 0.8459 -1.7791 -0.1184 0.6764 -0.4544 0.2004 0.1116 -0.0390 -0.0337 0.0127 0.0805 
-24.0818 -9.0593 0.7827 -1.8898 -0.2781 0.4286 -0.3263 0.2443 0.0486 0.0073 0.0786 -0.0172 0.1156 
-35.1247 -11.4916 0.4829 -2.1637 -0.6113 0.0231 -0.3895 0.2222 -0.0202 -0.0079 0.1982 0.0365 0.1582 
-45.8909 -13.6115 0.4093 -2.2672 -0.8771 -0.4105 -0.6444 -0.0041 -0.2716 -0.3230 0.0252 -0.1135 -0.0113 
-55.9870 -14.8559 1.1629 -1.5585 -0.3566 -0.1135 -0.2922 0.3537 0.1172 -0.1109 0.3439 0.2460 0.2782 
-66.1418 -16.2682 1.7113 -1.0558 -0.0249 -0.0343 -0.1987 0.4874 0.4567 0.0257 0.5690 0.5191 0.5150 
nan nan nan nan nan nan nan nan nan nan nan nan nan 
nan nan nan nan nan nan nan nan nan nan nan nan nan 
nan nan nan nan nan nan nan nan nan nan nan nan nan 
-86.8932 -5.7901 3.8299 -1.8403 1.0473 -0.2905 -0.2081 -0.1158 0.6815 -0.7336 -0.1911 -0.7286 0.6366 
-86.5715 -1.2673 1.4892 -1.6520 0.9151 -1.9313 0.9316 -0.6291 0.3700 -0.2660 0.3994 0.0448 0.3101 
-85.0481 -0.8526 0.5895 -0.1026 0.7194 -0.0604 0.0065 -0.5582 0.5336 -0.0623 0.1282 0.2254 0.0685 
nan nan nan nan nan nan nan nan nan nan nan nan nan 
nan nan nan nan nan nan nan nan nan nan nan nan nan 
nan nan nan nan nan nan nan nan nan nan nan nan nan 
nan nan nan nan nan nan nan nan nan nan nan nan nan 
-inf -inf -inf -inf -inf -inf -inf -inf -inf nan nan nan nan 
-70.6981 0.9019 -0.0059 -0.3386 -0.5970 -0.5023 -0.3733 0.1679 -0.2230 -0.1340 -0.0815 0.0739 0.7106 
-67.3366 0.5389 -0.1616 0.1242 -0.3702 -0.5753 -0.8287 -0.0806 -0.5312 0.3977 -0.8221 0.3497 0.4592 
nan nan nan nan nan nan nan nan nan nan nan nan nan 
nan nan nan nan nan nan nan nan nan nan nan nan nan 
nan nan nan nan nan nan nan nan nan nan nan nan nan 
-56.4671 0.2347 0.3723 -0.8313 0.1665 0.1249 -0.9133 -0.5517 0.3412 -0.2535 -0.5857 -0.2911 0.5024 
-55.7980 0.8449 -0.1940 0.0577 -0.3003 0.1037 0.0290 -0.3590 -0.5440 -0.0208 -0.3050 0.5567 1.0893 
-53.1039 -0.6757 1.0281 1.0894 0.8181 -0.3131 -0.1011 -0.0740 0.0364 0.6897 0.0102 -0.0762 -0.1064 
nan nan nan nan nan nan nan nan nan nan nan nan nan 
nan nan nan nan nan nan nan nan nan nan nan nan nan 
nan nan nan nan nan nan nan nan nan nan nan nan nan 
-40.9774 0.2883 0.5167 0.1334 0.2146 -0.1587 -0.2619 0.1173 0.3591 0.2101 -0.4009 0.2066 0.6549 
nan nan nan nan nan nan nan nan nan nan nan nan nan 
nan nan nan nan nan nan nan nan nan nan nan nan nan 
nan nan nan nan nan nan nan nan nan nan nan nan nan 
nan nan nan nan nan nan nan nan nan nan nan nan nan 
nan nan nan nan nan nan nan nan nan nan nan nan nan 
nan nan nan nan nan nan nan nan nan nan nan nan nan 
-inf -inf -inf -inf -inf -inf -inf -inf -inf nan nan nan nan 
-inf -inf -inf -inf -inf -inf -inf -inf -inf nan nan nan nan 
nan nan nan nan nan nan nan nan nan nan nan nan nan 
nan nan nan nan nan nan nan nan nan nan nan nan nan 
nan nan nan nan nan nan nan nan nan nan nan nan nan 
nan nan nan nan nan nan nan nan nan nan nan nan nan 
nan nan nan nan nan nan nan nan nan nan nan nan nan 
