nan nan nan nan nan nan nan nan nan nan nan nan nan 
nan nan nan nan nan nan nan nan nan nan nan nan nan 
nan nan nan nan nan nan nan nan nan nan nan nan nan 
nan nan nan nan nan nan nan nan nan nan nan nan nan 
nan nan nan nan nan nan nan nan nan nan nan nan nan 
29.9069 -0.4883 -0.4475 -2.4209 -0.4155 -0.1116 -1.6832 0.0121 0.2447 -0.2744 -0.7635 -0.3062 -0.2360 
31.0983 -0.7678 -0.7293 -2.5835 -1.3599 -0.3946 -1.6334 -1.2797 -0.7707 -0.6533 -0.0932 -0.4028 -0.5063 
31.2682 -0.7883 -0.8619 -1.6577 -1.2000 -0.2875 -1.5633 -1.2070 -0.2077 -0.6143 -1.1869 -0.2725 -0.1579 
32.0175 -2.0435 -1.5392 -2.0894 -1.5302 -1.6548 -2.1688 -0.7910 -0.7119 -0.5632 -0.0149 -0.2713 -0.4605 
31.8194 -1.2873 0.3081 -1.6812 -1.6584 -0.9050 -1.7169 -1.7121 -0.3742 -0.5883 -0.4672 -0.7845 -0.2166 
31.5022 -1.9983 -0.1724 -2.4210 -0.8559 0.1009 -0.8874 -0.5370 -0.4757 -0.4011 0.0414 -0.8354 -0.0441 
31.1583 -1.0038 0.0822 -2.9656 -1.3271 -0.7963 -1.9578 -0.4626 0.0521 -0.9347 0.1498 -0.7759 -0.5940 
31.5617 -1.0781 -0.0018 -1.2043 -1.5760 -0.6200 -1.1044 -0.4851 -0.3460 -0.4371 -0.2582 -0.8548 0.0689 
30.6900 -2.1117 -0.3206 -1.0220 -1.5333 -0.9979 -1.4634 -1.0055 -0.2512 -0.6500 -0.3587 -0.4307 0.0906 
30.8616 -1.6214 -0.6522 -2.2519 -2.4201 -0.2487 -2.0147 -1.4327 -1.1754 -0.8214 -0.6145 -0.7695 -0.5916 
31.3834 -1.4231 -0.7658 -1.2330 -1.7209 -0.6737 -1.7600 -0.7927 -0.9852 -0.4481 -0.2954 -0.5524 -0.2132 
30.8243 -0.7576 -0.9190 -1.3894 -1.9515 -1.7114 -0.5333 -0.9360 -0.0398 -0.4237 -0.7059 -0.5675 -0.0277 
31.5406 -0.4813 -0.5759 -0.7729 -1.4629 -0.8736 -1.0264 -0.8645 -0.3612 -0.4635 -0.2841 -0.4877 -0.2087 
30.9434 -0.7613 -0.7568 -1.7676 -1.1193 -0.6964 -2.1529 -0.9514 -0.3724 -0.4658 -0.2962 -0.4721 -0.4086 
30.9798 -0.7060 -0.3635 -2.0257 -1.7762 -0.5911 -1.5751 -1.0665 -0.9465 -0.5581 -0.7748 -0.5604 -0.1287 
29.7011 -0.9998 -0.4531 -1.7029 -1.3404 -0.7825 -1.9971 -1.4771 -0.7651 -0.7429 -0.4697 -0.8110 -0.6432 
29.5225 -1.0455 0.0210 -1.3869 -0.7352 0.3701 -1.2661 -0.5592 -0.1154 -0.3308 -0.0696 -0.5520 -0.7440 
32.3985 1.1864 -1.0290 -2.3191 -1.5866 -0.6485 -0.8897 -0.9898 -0.1113 -0.3268 -0.6377 -0.0058 -0.1156 
34.7667 1.2992 -2.2681 -2.7847 -1.4857 -0.2969 -0.6401 -0.4678 -0.4171 -0.4500 -0.0940 0.1756 0.1901 
35.3959 0.1748 -3.7259 -2.5253 -0.1268 -0.9917 -1.8329 -0.6443 0.2084 -0.3110 0.3039 0.5440 -0.0257 
37.1125 -1.2859 -4.7419 -1.5482 -0.2667 -1.6390 -1.9982 -1.2196 -0.8531 -0.1163 0.1330 -0.1888 -0.2713 
37.3528 -2.1650 -4.3156 -0.6125 -0.8872 -1.5573 -1.2070 -1.0166 -0.2529 0.3801 0.1027 0.6831 0.3312 
37.8196 -2.8861 -4.0616 -0.1927 -1.3567 -1.6865 -1.1583 -1.2131 -0.5222 0.0532 -0.6236 0.1364 0.0763 
38.2345 -2.5594 -2.6169 0.3051 -1.3758 -0.3555 -1.2812 -1.2292 0.1626 0.4617 -0.1560 0.5144 0.2726 
38.1675 -3.3015 -2.4011 -0.4810 -1.9670 0.1977 -1.3250 -0.7510 0.3827 0.1682 0.4877 0.8929 0.3352 
37.8594 -3.7065 -2.2023 -1.7774 -1.8849 -0.2492 -2.6228 -1.1043 -0.8993 -0.1441 -0.0485 -0.1971 0.0105 
37.2693 -3.7374 -1.9926 -2.2666 -0.9502 -0.2753 -2.4974 -0.9537 -0.7018 0.5301 0.4763 0.4447 0.1237 
35.3440 -1.2451 -1.3431 -1.6770 -2.1637 -0.7349 -2.0806 -1.0430 -1.0614 0.2662 0.3110 0.0871 -0.1036 
34.0022 -0.2125 -1.5518 -1.4052 -1.5133 -1.7659 -1.1646 -0.5951 -0.3587 0.2848 0.3118 0.7735 0.5054 
34.0478 -0.6927 -0.5231 -1.0680 -1.8573 -2.4131 -1.1618 -0.7769 -0.1664 0.7448 0.1455 0.4610 0.3787 
34.1388 -0.3684 -1.3913 -1.3016 -2.0026 -1.9919 -1.2448 0.0495 0.1022 0.1723 -0.1070 0.3905 -0.0383 
33.5095 -0.6400 -1.5862 -1.1926 -1.3823 -1.6948 -1.5581 -0.1898 0.2373 0.3870 0.0333 -0.4611 -0.4450 
32.4700 -0.7907 -1.7676 -0.7169 -0.8653 -1.3614 -1.5572 -0.8238 0.0173 -0.4782 -0.6384 0.2180 -0.1460 
32.4666 -1.5903 -2.0567 -0.7272 -0.1123 -1.0337 -1.1334 -0.1844 -0.3682 -0.5649 -0.4339 0.1552 -0.1752 
31.4390 -2.1678 -2.1946 -1.3205 -1.7558 -0.5588 -0.7736 -0.6048 -0.5425 -0.5884 -0.7112 0.1370 0.3351 
32.3608 -2.1292 -1.9308 -1.7339 -2.0497 -0.9820 -1.5114 -0.7424 -0.0517 -0.3022 -0.2814 0.9346 0.1006 
33.1166 -2.5016 -1.7393 -1.1828 -1.3821 -0.8303 -0.5832 -0.7705 -0.9051 -0.9333 -0.5479 0.1831 -0.3727 
32.5326 -2.5662 -1.3262 -1.8336 -1.3597 -1.0124 -1.2636 -1.0132 -0.8000 -1.0792 -0.6776 -0.6286 -0.5896 
33.6369 -1.9254 -0.7740 -1.7792 -0.9159 -0.8131 -0.6872 0.0469 -0.1203 -0.8905 -0.7421 0.5004 -0.5960 
32.3339 -1.9990 -0.7693 -1.1725 -1.0705 -1.3043 -1.3686 -0.6488 -0.6483 -0.7102 -0.2352 -0.1313 -0.5866 
32.1714 -2.4476 -0.9370 -0.5338 -0.2628 -0.8899 -1.1713 -0.7639 -0.8469 -0.5846 -0.4400 -0.5852 0.0524 
31.8688 -1.0886 0.1295 -0.2859 -1.1598 -0.3395 -0.1097 -0.3281 0.0077 -0.4164 -0.7254 0.2521 0.2778 
22.4171 -3.5864 0.1075 -0.0135 -1.0234 -0.4067 -0.0676 -0.1230 0.3574 -0.1949 -0.6607 0.2446 0.2327 
13.1425 -6.2903 0.1609 0.1458 -0.8964 -0.5402 -0.0817 0.0144 0.5734 -0.0823 -0.6222 0.2227 0.2403 
3.9807 -9.1413 0.1452 0.1548 -0.7632 -0.6296 -0.1288 0.0640 0.6593 0.0081 -0.5610 0.1957 0.2251 
-5.1257 -12.0858 -0.0500 -0.0115 -0.6534 -0.6470 -0.1928 0.0075 0.6403 0.1002 -0.4476 0.1853 0.1819 
-14.2526 -15.1447 -0.4104 -0.3343 -0.6247 -0.6835 -0.2896 -0.1100 0.5697 0.1570 -0.3475 0.1975 0.1820 
-23.4372 -18.3430 -0.9493 -0.8394 -0.7436 -0.8302 -0.4893 -0.3404 0.3971 0.1043 -0.3399 0.1766 0.1964 
-32.4672 -21.3811 -1.3849 -1.2872 -0.8338 -0.9738 -0.7273 -0.6663 0.0935 -0.1262 -0.5226 0.0043 0.1076 
-40.8096 -23.5036 -0.9554 -0.9108 -0.1285 -0.3491 -0.2400 -0.3381 0.3774 0.1406 -0.2873 0.1939 0.3333 
-49.2204 -25.7817 -0.7239 -0.7472 0.3724 0.0954 0.0914 -0.1653 0.5109 0.2532 -0.2025 0.2466 0.4631 
-57.7424 -28.2951 -0.8066 -0.9499 0.4652 0.1032 -0.0323 -0.4748 0.1628 -0.0747 -0.4871 0.0054 0.4115 
-64.1445 -28.0629 1.3439 0.5182 1.7680 1.0776 0.7673 0.1471 0.7010 0.3385 -0.3002 -0.1210 0.2039 
-67.3988 -24.2911 4.9373 1.2204 0.8710 -0.4677 -0.4827 -0.6507 0.2585 0.0446 -0.6044 -0.5236 0.0109 
-70.5925 -21.1319 6.8285 0.2311 -0.2973 -0.5917 0.2955 -0.0833 0.2708 -0.0376 -0.4079 -0.2857 0.1993 
-72.7886 -17.1118 8.6042 -1.2288 -1.3704 -0.1791 0.8678 -0.8017 -0.7322 0.1552 0.4948 -0.0715 -0.0866 
-73.8492 -13.8178 7.7720 -2.4474 0.0066 0.6173 0.4949 -0.3556 0.3381 0.1127 -0.2320 -0.2271 0.2023 
-74.9137 -10.4105 7.4231 -3.2583 1.1933 1.1551 -0.0735 -0.8136 0.3685 0.3569 0.3796 0.5141 0.5213 
-74.7343 -7.2208 5.6347 -4.1418 1.2850 -0.2965 0.1187 0.3759 0.1452 0.2708 0.8685 0.1776 0.2844 
-inf -inf -inf -inf -inf -inf -inf -inf -inf nan nan nan nan 
-73.2249 -3.3991 2.2283 -2.3922 1.2642 -0.9452 0.6827 -0.5708 -0.2657 -0.0851 0.3600 0.1682 -0.0992 
-inf -inf -inf -inf -inf -inf -inf -inf -inf nan nan nan nan 
-70.3917 -0.0079 0.9113 -0.7975 -0.0504 -0.3558 -0.3060 -0.3726 -0.2135 -0.7231 0.1384 0.0987 0.2481 
-67.1322 0.1301 -0.0201 -0.0572 -0.2558 -0.1558 -0.0063 -0.4217 -0.6066 -0.6177 -0.1707 0.0114 0.3519 
nan nan nan nan nan nan nan nan nan nan nan nan nan 
-63.3515 0.1118 -0.0235 0.4516 -0.1300 0.1320 0.4629 -0.0017 0.3425 0.8163 -0.1623 0.4645 0.8118 
-59.5558 -0.2237 0.4391 0.0527 -0.5428 -0.0112 -0.0562 -0.1475 -0.4222 -0.4039 0.0504 0.1876 0.1777 
-56.5185 0.2734 -0.0588 0.1547 -0.4259 -0.5051 -0.2772 0.3442 -0.1552 -0.5212 -0.2419 -0.6080 0.3849 
-55.1328 -0.0252 0.4234 -0.0256 -0.7032 0.3824 0.0810 -0.2060 -0.1276 -0.0426 0.2387 -0.0332 -0.0557 
-52.5119 -0.3749 -0.1079 0.7704 0.6775 0.5814 0.5473 0.0437 -0.1516 -0.4461 0.2743 0.1456 0.1968 
-49.3027 -0.0866 -0.6609 -0.1750 0.3024 0.2875 0.9354 0.5448 0.8108 0.3366 0.3143 0.0845 -0.6289 
-47.4835 -0.4073 -0.2071 -0.4158 -0.4101 0.2994 0.0699 0.3515 0.3223 0.5104 0.4385 -0.0146 0.3564 
-44.5005 -0.9908 -0.5903 -0.1817 -0.3399 0.2768 0.5949 0.0945 -0.0964 0.0185 0.4873 0.8182 0.9430 
-40.7794 0.2677 0.2281 0.4582 -0.0922 0.1440 0.1252 0.1618 0.2116 -0.1525 0.0965 0.0058 0.0077 
-38.3740 0.2752 0.2996 0.2859 0.1046 -0.2993 -0.4081 0.2724 0.0525 -0.0421 -0.1697 -0.4183 -0.5350 
-38.2900 -0.7708 -0.9179 -0.7658 -0.6046 0.2579 0.8471 -0.0298 0.2782 0.4125 0.7589 0.9673 0.8839 
-34.1845 -0.2739 -0.2780 0.2930 -0.7122 -0.1501 0.5445 0.9395 0.7793 0.5214 0.9705 1.2526 1.1368 
-31.5666 -0.5051 -0.4455 0.1328 0.3209 0.0611 -0.4778 0.0059 -0.2225 0.0465 -0.1959 -0.2627 0.1932 
-inf -inf -inf -inf -inf -inf -inf -inf -inf nan nan nan nan 
-26.2699 -0.4708 -0.3736 0.1300 0.0588 0.0406 0.3609 0.3917 0.9381 0.3950 0.7616 0.4145 0.3252 
-inf -inf -inf -inf -inf -inf -inf -inf -inf nan nan nan nan 
-inf -inf -inf -inf -inf -inf -inf -inf -inf nan nan nan nan 
-18.8146 0.8805 -0.1336 0.0608 0.1996 0.5362 0.8806 0.1077 0.0788 0.3099 -0.3159 -0.3171 -0.5399 
-15.6355 -0.8488 -0.8492 -0.3452 0.1405 0.2051 0.1512 -0.3731 0.0284 0.5478 0.3110 0.4944 0.3296 
-14.2675 -0.4992 -0.5108 -0.2400 0.1761 0.8740 -0.4199 -0.3817 0.1271 0.8348 1.1824 0.8296 1.0740 
-11.0141 0.2025 0.8110 0.6725 -0.1627 -0.2495 0.4314 -0.6064 -0.5430 -0.4287 -0.3280 -0.3445 -0.3698 
-inf -inf -inf -inf -inf -inf -inf -inf -inf nan nan nan nan 
