14.3959 -1.4928 1.8533 1.2054 -1.0064 -0.5909 0.5982 -0.1105 -0.8135 -0.3371 -1.2147 -0.5852 0.6089 
15.6162 -0.0586 0.4798 -0.9511 -1.3071 -0.6885 -0.2054 -0.3187 0.0022 -0.2080 -0.7153 -0.5907 0.4079 
15.2271 -0.9324 0.1080 -0.7095 -1.4456 -1.4517 -0.4591 -0.8167 -0.0614 -0.1217 0.2639 -0.7258 -0.0097 
14.7697 -0.1580 0.6178 -0.6914 -2.3199 -0.7598 -0.8638 -0.1898 0.6537 -0.7205 -0.5172 -0.4167 0.3367 
15.4069 0.1782 -0.2271 -0.4967 -0.9319 -0.8266 -0.6144 0.2791 0.3101 -0.0781 -0.4996 -0.3972 -0.2876 
16.0293 -1.3458 -0.8870 -1.5655 -1.0985 -0.6672 -0.1986 0.4930 0.1425 0.7827 -0.6177 -0.1793 0.1230 
15.3175 -2.2936 -0.6797 -0.0917 -0.7698 -1.3942 -0.5743 -0.5343 0.5498 -0.3861 -0.8933 -0.5734 -0.0444 
16.6277 -2.3405 0.0841 -0.8143 -1.0348 0.3833 -0.5689 -0.5368 -0.6080 -0.5934 -0.5131 -0.0246 -0.0536 
18.1927 -1.1836 1.0122 -1.6728 -1.7615 0.3897 -0.1127 -0.5683 0.5225 -0.0033 -0.5837 0.0306 -0.2561 
17.8114 -2.2191 -0.0762 -0.2701 -1.2993 -0.1157 0.4073 0.1122 -0.6522 -0.5076 -0.2503 -0.3935 -0.0310 
18.8096 -1.6768 0.5880 -1.0000 -1.4141 -0.7866 -0.4177 0.3292 -0.9658 -0.3251 0.1951 -0.4326 -0.0676 
19.1535 -0.3236 0.9421 -0.4106 -2.0956 -1.1608 0.2381 0.0151 -0.3687 -0.7595 0.3818 -0.2060 -0.4569 
17.8759 -1.0510 1.0573 -0.4884 -0.4336 0.5734 0.2346 -0.6937 -0.2691 -0.8478 -0.3428 -0.5038 0.1994 
18.0651 -0.4204 1.7169 -0.8300 -2.2998 -0.3650 -0.1083 -0.9081 -0.5664 -0.3827 0.1166 -0.2428 -0.1488 
18.4827 -0.8437 0.5488 0.0802 -1.5177 -0.6236 -1.7201 -0.5381 -0.7446 0.2249 -0.1198 -0.2351 -0.5464 
18.6640 -1.6913 1.2269 -1.1968 -0.3921 0.5127 -0.6869 -0.6710 -1.3228 -1.0276 -0.3200 0.1538 0.2768 
19.6694 -0.1439 0.4101 -0.8088 -0.6512 -0.6508 -0.6139 0.2261 -0.5728 -0.3233 -0.2311 -0.2883 -0.3588 
21.1415 -1.7727 2.3030 -1.2753 -0.5157 -0.5013 0.1541 0.1071 -0.7201 0.1056 0.1406 0.1150 0.4723 
17.1387 -0.6093 3.0477 -0.6823 -1.1638 -0.9988 0.3892 0.5215 -0.2347 -0.4598 -0.1116 0.3054 0.3806 
16.1553 -0.5470 1.4246 -0.1409 -1.3493 -0.5008 -0.9060 -0.6425 0.1599 0.4242 -0.1591 -0.4675 0.0302 
16.1691 -0.4559 0.8780 -1.4075 -2.1556 -0.0482 -0.6388 -0.2959 -1.1623 -0.6794 -0.7842 -0.4568 0.0576 
16.3102 -0.1761 1.3549 -0.0591 -0.8366 -0.6096 -0.0380 -0.2534 -0.1461 -0.4647 -0.3396 -0.5292 -0.1292 
15.0667 -0.6462 0.1517 0.0789 -1.0642 -1.1889 -1.0179 -0.1608 0.0957 -0.1318 0.2138 0.0100 0.0079 
13.6724 -2.0786 1.7080 -0.1054 -0.9655 -0.3573 -0.4041 -0.5500 -0.3801 -0.1873 -0.6211 -0.5616 0.3878 
16.3962 -0.8430 0.3799 -0.2139 -1.6033 -0.4144 -0.6069 -0.1232 -0.0521 -0.2886 -0.1972 -0.2214 0.0697 
14.8727 -1.2172 -0.3417 0.1021 -2.1136 -0.4789 0.0455 0.2666 0.1443 -0.7980 -0.0778 -0.3073 -0.0126 
13.6186 -1.9286 0.1654 -0.9265 -1.8992 -0.7693 -0.1846 0.5085 -0.0985 -0.5403 -0.8839 -0.3396 -0.1894 
14.1841 -1.2803 1.2966 -1.3074 -1.6720 0.3027 0.8769 0.4358 0.1514 0.3834 -0.1790 -0.8272 -0.4950 
15.0716 0.0343 0.6402 -1.1945 -1.2786 -0.3967 -0.4966 0.2833 0.5010 -0.2266 -0.4361 -0.4277 0.0848 
16.3305 -0.1403 0.6079 -0.6592 -1.7953 -0.8785 -0.2768 -0.0803 0.1518 -0.0955 0.2012 -0.7267 -0.0928 
16.0809 -0.6686 0.9635 -1.0653 -2.0429 -0.6710 -0.9009 -0.8730 -0.1755 -0.0844 -0.3086 -0.4450 -0.2711 
14.9427 -1.4035 1.2092 -1.6941 -0.7803 0.0313 -0.9773 0.6827 0.6390 -0.6153 -0.7772 -0.5601 -0.1285 
15.7497 -2.0988 0.3570 -1.0553 -1.2576 0.0671 -0.1105 -1.0514 -0.6660 -0.0855 0.4330 -0.5596 -0.1781 
15.3555 -1.6332 0.3764 -0.7838 -0.7623 -1.0334 -0.7307 -0.5329 -0.7170 -0.4852 -0.5238 -0.1437 -0.3052 
15.5526 -0.8379 1.7447 -0.6118 -1.8824 -0.6801 -0.3373 -0.8008 0.2077 -0.8055 -0.7322 0.1759 0.0715 
15.4488 -0.3489 1.2196 0.3381 -2.1658 -0.0075 -0.7486 0.3446 0.4405 -0.6496 -0.0737 -0.0600 -0.0817 
15.5932 -1.0890 0.7226 -0.3241 -1.1386 -0.6944 -0.3591 0.5545 0.7290 -0.3297 -0.3077 -0.0794 0.1856 
15.6907 -0.8549 1.3703 -1.0613 -0.6871 -0.1767 -0.5680 -0.0689 0.6505 -0.2211 -0.2809 -0.1457 -0.3089 
14.5643 -1.9225 0.9077 -0.5191 -1.4654 -1.2583 -0.0066 0.6893 1.2160 0.5138 -0.6301 0.1469 0.6275 
15.6216 -1.0399 0.5556 -0.2756 -1.3090 -1.1923 0.0115 -0.2554 0.2017 -0.2781 -0.4868 -0.0259 -0.0259 
16.7867 -0.2435 0.1787 -0.6213 -1.5398 -0.2919 -0.6150 -0.6328 -0.3651 -0.0921 0.2629 -0.6224 0.0050 
16.5448 -0.5324 0.8591 0.0074 -0.7696 -0.1106 -0.4457 -0.7798 -0.4423 -0.1114 0.3167 -0.1421 -0.0560 
16.1776 -0.2986 0.7330 -0.6736 -2.1723 0.1442 -0.0907 -0.6542 -0.6422 0.8278 0.0888 -0.2386 -0.2592 
15.5413 -0.4529 0.0793 0.1427 -1.1899 0.4068 -1.1791 0.2810 0.0559 -0.3259 -0.8557 -0.3622 0.4745 
16.1770 -1.9097 0.3311 -1.5167 -2.0482 -0.6884 -0.6654 -0.3126 0.0855 -0.0731 -0.7050 -0.4462 -0.0769 
17.6725 -1.3184 0.8190 -1.1357 -2.0099 -0.1004 0.2158 -0.6200 -0.9297 0.3962 -0.4998 -0.5983 -0.4026 
17.7876 -0.6143 1.9130 -1.0969 -0.6744 0.1184 -1.2842 -1.3058 -0.1004 -0.4087 0.1318 0.6397 0.1152 
17.7738 -1.0777 0.5723 -0.3846 -0.5278 -0.3491 -0.6478 0.6618 -0.4715 -0.2281 0.7016 0.1078 -0.2198 
16.7941 -0.8328 -0.0357 -0.4417 -0.8988 0.0007 -0.7527 0.1197 0.8695 0.3107 -0.0016 -1.0032 -0.4255 
17.1152 -1.4396 0.6276 -0.6890 -1.4246 -0.2838 -0.8772 0.2579 -0.2307 -0.5976 -0.6659 -0.3694 0.3427 
16.8026 -1.8425 1.7742 -0.6576 -2.6625 -0.8432 -0.8906 0.4786 0.7448 -0.6748 -1.1453 -0.3520 1.1792 
16.7518 -2.6473 0.0887 -0.6541 -0.8536 -1.6839 -0.7540 -0.1242 0.6659 0.2885 -0.8536 -0.1756 -0.0771 
17.3215 -0.4434 1.0388 -1.9656 -1.3840 -0.8473 -0.5784 -0.4078 0.4593 -0.2066 -0.6209 0.2076 -0.0508 
17.3597 -1.4942 -1.2138 -2.3271 -1.4202 -0.0918 0.2437 0.0311 0.8150 0.2136 0.3083 0.2325 -0.0911 
17.3590 -2.7903 -0.2278 -0.0996 -1.3500 -0.6235 -0.0042 0.0128 -0.4654 -0.2317 -0.1469 -0.3727 -0.4707 
16.3709 -2.1195 0.1317 -0.8700 -1.0663 -0.7622 -0.6442 -1.5127 -0.5461 -0.2602 0.0893 -0.2620 0.1057 
17.5766 -0.7068 0.3070 -0.9954 -0.5479 0.3193 -0.6319 -0.4740 0.0036 0.1420 -0.1579 -0.3879 -0.6547 
16.9591 0.2036 1.0521 -1.0796 -0.2700 0.4324 -0.7260 -1.5240 0.5816 -0.3097 -0.3876 0.1981 0.1765 
15.2620 -2.2872 -1.0146 -1.2270 0.2767 1.0822 0.9895 -0.9012 0.4091 -0.3309 -0.5537 -0.5751 0.1241 
17.8082 -2.0845 1.2099 -0.4862 -0.7792 -0.6773 -0.0285 0.7076 0.1691 0.2249 -0.3214 -0.1690 -0.3788 
18.3578 -1.2564 2.0499 -0.3015 -0.3454 0.9171 -0.3353 0.2880 -0.7128 -0.1935 -0.1471 0.3573 -0.3593 
18.6338 -0.5321 0.8745 -0.3100 -1.0061 0.1274 0.1773 -0.0632 -0.0210 0.3888 -0.3164 -0.0199 -0.1893 
18.8274 -0.2638 0.2108 -1.2931 -0.2645 -0.5713 -0.4298 -0.0516 0.5804 0.0819 -0.0557 -0.0995 -0.3240 
17.3371 -1.1070 0.2154 -1.2775 -0.2831 -0.4042 -1.1196 -0.3386 -0.5862 -0.5364 0.2910 -0.1072 -0.7092 
17.8875 -0.0476 0.2358 -0.6895 -1.0705 -0.1307 -0.9185 -1.3589 -0.5525 0.0614 0.4021 -0.4517 0.2107 
17.9203 -1.1607 0.1435 -0.1471 -1.0194 -0.0913 -0.1265 -0.4538 0.1751 -0.8427 0.2014 -0.2714 -0.0817 
17.7119 -0.2405 1.4747 -1.0529 -0.7378 -1.1574 -1.1456 0.2938 -0.4612 -0.1238 -0.1567 -0.1274 -0.2982 
17.2003 -1.1829 0.8998 -1.0597 -1.4866 -0.1294 -0.5309 0.1351 -0.1718 0.2049 0.7512 0.2038 0.2069 
18.2138 -1.3147 0.9148 -1.2595 0.0537 0.8469 -0.2583 -0.0839 -0.0385 -0.6857 -1.2203 -0.2656 0.0370 
17.0512 -0.7187 0.4276 -1.9181 -1.8340 -2.0211 -0.3468 -1.2860 -0.6215 0.1261 -0.6122 -1.0371 -0.1600 
17.6756 -1.4224 0.5553 -0.3223 0.4185 -0.7116 -0.0549 -0.4679 -0.5034 -0.1717 -0.6096 -0.1098 0.0889 
17.4515 -0.9372 0.5911 -1.9798 -1.8933 -0.4738 -0.7858 0.2502 0.0201 -0.0689 -0.0496 -0.4399 0.1998 
18.2275 -2.0271 -0.3650 -1.0247 -1.9104 -0.9186 -1.2445 0.0630 0.0224 -0.5938 -0.1043 -0.4897 -0.1772 
17.7909 0.1206 0.6615 -0.3874 -0.7713 -0.2224 -1.3229 0.0495 -0.2541 -0.4200 0.0125 -0.1710 -0.0115 
16.8288 -1.5197 0.4198 -0.2028 -1.4506 -0.2037 0.3307 0.9723 0.0591 0.2407 -0.7725 -0.3082 -0.2269 
17.1356 -0.9894 0.6198 -1.4091 -0.6559 0.0055 -1.0196 -0.2746 -0.3248 -0.1309 0.1114 -0.7909 -0.1018 
18.1125 -1.4201 0.0502 -0.9450 -1.8743 -0.2444 -0.4306 -0.5810 0.6091 0.2973 0.1439 0.3050 0.3071 
17.2706 -0.5587 0.9360 0.3391 -1.5291 -0.7675 -1.1559 0.1518 -0.2174 -0.5101 -0.9664 0.1045 0.7408 
16.5033 -1.2336 0.8274 0.1118 -1.6631 -0.2715 -0.1572 0.5022 -0.3358 -0.5399 -1.3103 0.2260 -0.0387 
16.5622 -2.7397 0.3864 -0.4500 -0.5535 0.0294 -1.1542 -0.3808 0.0121 -0.2839 -0.3745 -0.3812 -0.4599 
17.1078 -0.7102 0.8948 -0.5642 -1.1895 -0.1597 -1.3448 -0.1185 0.1074 -0.0037 -0.1805 0.0380 -0.4790 
16.9933 -1.1505 -0.0200 0.0127 -1.3244 -0.3851 -1.3200 0.1044 -0.3694 0.2432 0.2600 -0.3767 -0.2563 
16.5384 -2.0876 0.5950 -0.4085 -0.8112 -0.1813 0.1708 0.5985 0.0275 -1.1717 -0.7556 -0.2615 0.6822 
19.5816 -1.7264 -3.0749 -1.8963 -0.3896 0.0813 -0.5598 0.1180 -0.9162 -0.6320 -0.8457 -1.4076 -0.6585 
23.8574 0.6237 -3.5147 -3.3041 -0.6295 0.0704 -0.0103 0.4240 0.6420 0.4197 0.0710 -0.6057 -0.5264 
26.5330 1.7154 -3.6712 -2.7380 -1.6995 -0.6204 0.0816 1.1310 1.2097 -1.3194 -0.0729 0.7181 -0.2205 
28.6780 2.3045 -4.2489 -1.7502 -0.8767 -0.7150 -0.3323 2.7330 1.4898 -0.8833 -0.7258 0.8139 -0.6586 
29.6723 1.4853 -5.5107 -2.2009 -0.9204 -2.0656 -1.0345 2.2800 0.9017 -1.3589 -0.8831 0.3184 -0.6314 
32.1627 0.2316 -4.8579 -1.1237 -1.3697 -1.1048 -0.7388 2.7847 1.5365 -0.5808 -0.4438 0.7399 0.0189 
33.0282 -0.6562 -3.5009 -1.0258 -1.5721 -0.8652 -0.4376 2.8818 1.8633 0.0126 -1.4703 -0.1180 0.2718 
34.6586 -2.6261 -2.4150 -1.1987 -3.0227 -0.5533 -0.0918 1.7714 1.7895 0.2562 -1.1092 -0.0879 0.2925 
35.5430 -3.7316 -1.9199 -1.8152 -2.9018 -1.0929 -0.0263 1.2577 1.8718 0.9036 -1.0173 0.1609 1.2062 
35.8008 -4.5013 -1.6721 -1.8535 -2.7501 -1.6656 0.0664 1.3634 1.8752 0.6618 -1.0414 -0.1116 1.2477 
35.7831 -4.8890 -1.6908 -2.5427 -2.6828 -2.2373 0.1320 0.6733 1.5217 0.5223 -1.4729 -0.4143 1.2633 
35.9966 -4.6545 -1.1014 -2.5026 -2.3665 -2.2375 0.6458 0.0920 1.6936 0.9573 -1.3425 -0.4491 1.5597 
36.5489 -3.9897 -0.4243 -2.0794 -1.6463 -1.8755 1.1193 -0.1818 2.2223 1.0359 -1.4912 -0.3980 1.7336 
34.5996 -5.8839 -1.6487 -2.7740 -3.3182 -3.8636 0.4486 -0.3183 2.6212 0.2097 -2.2001 -0.6666 2.4847 
35.3860 -4.7461 -1.0647 -2.2321 -2.6683 -2.8453 1.1075 -0.5624 2.8102 0.6067 -2.0444 -0.5165 2.2263 
35.7984 -4.0348 -0.7711 -1.7304 -2.3560 -2.4908 1.4319 -0.2142 2.5529 0.5920 -2.0137 -0.5189 1.9268 
35.6048 -3.6247 -0.5646 -1.3751 -2.4433 -2.1119 1.6101 -0.1016 3.0234 0.6479 -1.9368 -0.6266 2.3027 
36.3480 -3.7116 -1.0379 -1.3849 -2.0649 -1.7855 1.7392 0.2334 2.5708 0.5591 -1.5386 -0.4533 1.3273 
35.4770 -4.3957 -1.3183 -1.7355 -2.7270 -1.7621 1.4846 0.8052 2.8760 0.5836 -1.7938 -0.4157 1.6235 
35.2933 -3.1851 -1.1814 -1.2976 -2.9800 -2.0177 0.5644 1.2443 2.2450 0.1126 -2.3635 -0.0663 1.7325 
34.6360 -3.7301 -2.3765 -2.4479 -2.5585 -1.4329 0.9642 1.7606 2.7938 0.0465 -1.3916 0.0352 0.8174 
34.6454 -2.2925 -2.5745 -1.7557 -2.5958 -1.6139 0.8372 1.1337 2.8364 -0.6438 -1.5949 -0.0266 0.8123 
34.5296 -2.3245 -3.2793 -1.5016 -2.7795 -1.4622 1.1414 1.6789 2.6538 -0.0377 -1.4311 0.4258 0.9430 
34.6671 -1.8883 -4.6057 -1.5787 -3.2766 -0.7744 0.4945 1.8147 1.3958 0.3624 -0.7882 0.9092 0.2798 
35.7395 -1.5933 -3.3123 -1.7920 -2.6153 -0.1990 0.9145 0.8381 0.9138 -0.4899 -0.1635 -0.4067 -0.9403 
34.6809 -1.0209 -2.7536 -2.2194 -2.7419 -0.1663 1.1088 1.3448 1.5359 -0.9109 -1.0899 -0.0106 -0.0168 
32.4775 -0.8116 -2.8867 -2.6120 -2.4850 0.0569 1.3902 2.8866 1.4265 -0.8189 -1.0385 0.5770 -0.1293 
33.2261 -1.3990 -2.7805 -1.9130 -2.6200 0.3635 2.4483 1.6752 0.3765 -1.7280 -0.6295 0.3529 -0.3452 
33.1712 -2.2853 -3.2409 -1.9361 -2.8610 0.6432 2.5819 2.1121 0.6990 -1.1117 -0.3242 0.8703 0.0700 
34.1632 -0.9043 -2.5496 -2.1737 -1.7242 0.4134 2.8384 1.4016 0.3843 -1.7945 0.0904 0.2878 -0.1753 
33.1228 -0.6035 -3.2483 -2.4958 -2.3836 1.0406 2.4181 1.1598 -0.1132 -1.8530 0.0235 -0.2819 -0.2422 
32.7144 -0.8821 -3.9223 -2.2030 -2.6666 1.0552 2.9553 1.3156 0.0988 -1.2231 0.3823 0.3461 -0.0516 
31.9046 -0.0952 -3.3519 -1.7627 -2.5700 0.4613 2.0232 0.2731 -0.3737 -0.4747 0.2359 0.5065 -0.3723 
30.1215 -0.3574 -3.3429 -2.7613 -1.8726 0.6375 2.1066 0.5165 -0.2927 -0.7656 0.5966 0.3685 0.1625 
29.3975 -0.6437 -4.1850 -2.0852 -1.4238 1.7185 3.2130 0.4487 -0.0466 -0.9566 -0.1997 -0.3458 -0.2661 
28.7795 0.5385 -4.0296 -2.2083 -2.2070 1.0956 2.4287 -0.6975 -1.1528 -1.2830 -0.0668 -0.2029 0.0291 
27.3348 -0.2864 -3.5540 -3.5110 -1.0866 1.4839 2.0245 -0.0037 -1.0784 -1.2071 -0.2564 0.2056 0.5088 
26.3105 -0.0512 -3.3764 -2.7767 -1.8217 1.7180 2.1804 -0.5546 -0.3496 -0.3899 -0.6011 -0.1112 0.0532 
26.0956 0.6802 -2.4789 -1.4791 -1.9626 -0.1191 2.3914 0.0063 -1.3346 -1.6854 0.2841 0.6258 -0.2433 
24.7456 1.1174 -2.8983 -2.9821 -2.0816 0.6731 1.5920 -0.6963 -0.7488 -1.3268 -0.8991 0.2771 -0.1310 
24.9913 0.0597 -2.9764 -1.7193 -1.6986 0.7047 1.1620 -0.7256 -1.5304 -1.1729 -0.5184 -0.2578 -0.1030 
24.4291 0.4832 -2.3920 -2.4900 -1.5571 -0.0443 2.0045 0.3844 -0.9874 -0.9070 -0.5655 0.1088 0.0640 
23.3624 0.0542 -0.8853 -2.6676 -1.5543 1.4747 1.7706 0.4051 0.0868 -0.0606 -0.6533 -0.4628 0.2026 
23.7629 0.2173 -2.1107 -2.5800 -1.8618 0.6889 1.2691 -0.9427 -0.8260 -1.6916 -0.8904 -0.0696 0.2667 
24.0592 0.4722 -1.9720 -2.4763 -1.9263 0.0299 1.1556 -0.3507 -1.3927 -1.2285 -0.3143 0.0893 -0.4038 
24.2617 1.7005 -1.6617 -2.5239 -1.2582 0.1743 1.0637 -0.6007 -1.2086 -0.5761 -0.6960 0.3451 -0.1031 
22.8465 1.2587 -2.2500 -2.2799 0.0770 0.2215 1.7212 -0.6122 -1.5868 -1.0530 -1.3490 -0.1009 0.2304 
22.1799 1.0228 -1.2295 -1.8009 -0.8266 0.2583 -0.3717 -0.6543 0.2673 -1.0396 -0.2413 0.2689 -0.0398 
21.2869 0.8422 -1.6212 -2.6309 -1.1088 -0.4461 -0.2905 -0.8607 -0.5729 -1.0897 -0.5909 0.1461 -0.1116 
21.1364 -0.6362 -0.7295 -1.7566 -1.2792 0.8592 0.0868 -0.5385 -1.3283 -0.1627 -0.4890 -0.2431 0.0812 
21.0428 0.3892 -0.9167 -2.9149 -1.7345 -0.2670 -0.5279 0.3723 -0.7972 -0.4950 -0.3198 -0.2073 -0.1514 
21.3379 -0.6031 -1.0569 -1.3942 -1.4166 0.0761 -0.7127 -0.1748 -0.6595 -0.1902 0.3388 -0.7458 -0.1004 
19.4005 -0.1323 0.0774 -1.6235 -0.7996 -0.3677 0.5941 -0.7690 -0.4810 -0.5828 -0.2374 0.0405 0.4854 
20.4100 -0.5361 -0.9804 -1.0328 -1.4219 0.0368 -0.4133 -1.0141 0.0079 -0.6305 -0.3341 0.3669 0.0228 
18.5497 -0.4212 0.5031 -1.3263 -1.0460 -0.3990 -0.1427 -0.2630 -0.4238 -0.4165 -0.1566 -0.1789 -0.0295 
18.6717 -0.9518 -0.1543 -1.6945 -1.2121 0.3023 -0.4848 -0.3299 -0.4531 -0.5516 -0.2556 -0.0928 0.3448 
18.4833 -0.4103 -0.3547 -1.6363 -0.7106 -0.5879 -0.1294 -0.4707 -0.3230 -0.2387 -0.7487 0.2254 -0.0168 
18.8670 -0.4801 1.2539 -1.0663 -0.4916 0.3875 0.1305 -0.9168 0.0238 -0.4654 -0.6963 -0.0673 0.6498 
18.7770 -0.5691 0.2070 -1.5917 -0.3866 0.1937 -0.3481 -0.4490 -0.4027 -0.6544 0.4037 -0.3087 0.3562 
18.4828 -0.3692 0.6697 -2.4382 -1.8208 0.1393 -0.3260 -0.3771 -0.1162 -0.9183 0.1884 0.2408 -0.3887 
18.2701 -0.5302 1.6214 -1.2719 -1.3011 -0.4385 0.3149 -0.3191 -0.6306 -0.2611 0.3136 -0.4389 -0.5223 
18.9694 -0.2003 0.3223 -2.1823 -1.5238 -0.2945 -0.5169 -0.6191 -0.3945 -0.6268 -0.3458 -0.6094 0.2678 
18.4715 0.2489 -0.2455 -0.9798 -0.4890 -0.0746 -0.2039 -0.5258 -0.6420 -0.2642 0.1718 -0.1553 0.2405 
16.8494 -1.5043 0.0897 -0.1765 -1.0845 -0.0777 0.3574 0.1095 0.6937 -0.0318 -0.4345 -0.1943 -0.1319 
17.8353 -0.0784 0.5951 -0.9899 -1.4392 0.1757 0.1097 -0.8410 0.8702 -0.0648 -1.4245 -0.4284 0.5223 
18.9124 -0.2826 0.1535 -1.6349 -1.1334 -0.3914 -0.4335 -0.6865 0.0770 -0.3302 -0.5701 -0.2173 -0.3552 
16.8020 -1.0471 -1.1824 -0.7913 -1.1178 -1.0640 -0.9456 -1.0682 -0.7337 -0.2166 -0.5322 -0.3793 -0.3844 
17.0199 -1.1850 0.3921 -1.1541 -1.7967 -0.3791 -0.6315 -0.0363 -0.4791 0.0379 -0.4103 -0.0571 -0.1155 
18.1543 -2.0003 0.1371 -0.0595 -0.6455 -0.8998 -0.1835 0.0445 0.3499 -0.2196 -0.2014 -0.6228 -0.0687 
17.8663 -1.0909 -0.3898 -1.2902 -1.3136 0.4196 -0.5006 -0.3289 0.4354 -0.1059 0.5853 0.5187 0.1832 
17.6063 -1.5854 0.5099 -1.2960 0.0273 0.9723 -0.1915 0.6498 0.5440 -0.5351 -0.7132 0.1191 -0.3201 
17.5471 -0.1310 1.1981 -2.1692 -0.8024 -0.2890 -1.1093 1.0064 0.7657 -0.7701 -0.5101 -0.1356 0.3867 
16.1675 -1.0559 0.9002 -1.0310 -1.0282 -0.2294 0.4813 0.2506 -0.6831 -0.4278 -0.1021 -0.6889 0.2723 
16.9955 -1.1799 -0.1877 -2.5685 -0.9193 0.4101 -1.1194 -0.2604 -0.0391 -0.0301 0.5257 0.5367 -0.0302 
17.4551 -1.7812 -0.3723 -1.2577 -0.8811 0.3079 -0.5999 -0.0686 -0.3710 -0.1693 -0.4948 -0.8720 -0.3046 
18.6533 -0.2779 0.5345 -0.5414 -0.7801 -1.0508 -1.6780 0.1944 -0.3365 -0.2605 0.0847 -0.4206 -0.0663 
18.0548 -0.4070 1.3558 -0.6267 -0.8799 -0.8420 -0.8287 -0.8008 -0.4847 -0.4099 0.3848 -0.3509 0.0231 
19.1514 -0.7612 0.4538 -1.0135 -0.5672 0.3861 -0.3904 -0.7465 -0.2472 0.3642 -0.5269 -0.4910 -0.0220 
18.3725 -0.9758 0.0979 -0.8884 -0.4849 -0.0489 -0.5870 0.4108 -0.1901 0.1915 -0.1405 -0.9581 -0.1737 
17.5063 -0.5199 0.0000 -1.0026 -0.5520 0.1942 -0.8141 -0.0013 0.2168 0.1084 -0.4304 0.2313 -0.0816 
18.6062 -0.4410 1.0597 -0.9134 -0.3652 -0.9432 -0.0775 0.0320 -0.5416 -0.1706 -1.0108 0.4420 0.3413 
17.2081 -0.2656 0.3990 -1.4994 -1.0339 -0.9847 0.2758 0.0060 -0.1740 0.2105 -0.4801 -0.5141 -0.0812 
18.6263 -0.4559 -0.3270 -0.3784 -0.2425 -0.7409 -0.3723 0.2107 -0.2365 0.1639 -0.4214 0.0831 -0.3952 
16.5668 -2.3460 -0.2345 -2.0165 -1.9332 -1.1802 -0.8442 -0.2297 0.0529 -0.7023 0.2004 -0.4097 -0.4894 
16.1514 -2.2275 0.3830 -0.5348 0.4294 0.4470 -0.1678 -0.1266 -0.8314 -0.9254 -0.2383 -0.7107 0.3648 
16.7088 -0.9683 -0.4345 -0.6426 -0.9617 0.1464 0.1298 -1.3508 0.2551 0.0948 -0.4003 0.1280 0.4294 
16.1651 -0.8568 0.3684 -0.0748 -0.7387 1.2014 -1.1782 -0.3746 0.1441 0.6181 0.0167 -0.3214 0.0742 
17.0956 0.0019 0.7360 0.4439 -0.1223 -0.7250 -0.8996 -0.5727 -0.1365 -0.1963 -0.1143 0.0406 -0.3662 
16.5699 -1.0341 -0.2634 -2.1143 -0.8554 -0.4659 -0.7115 -0.5544 -0.0201 -0.7316 -0.5572 -0.5912 -0.3771 
15.6887 -1.7361 -0.5178 -0.9363 -1.3697 1.6756 0.3247 -0.3051 -0.9303 -0.5891 -0.1105 0.0129 0.2828 
15.8504 -0.8036 1.2534 -1.1775 -0.5274 0.0304 -0.0961 0.2121 0.0939 -0.3154 -0.3614 -0.4073 -0.1110 
16.5709 -0.9407 0.6959 -1.0730 0.0807 0.0089 -0.4979 -0.5510 0.1249 -1.3208 -0.3464 -0.1866 0.0601 
16.9305 -2.0176 -0.7819 -1.4883 -1.6270 -1.0222 -0.6332 -0.4688 0.0793 0.0020 -0.0762 -0.7316 -0.4383 
17.6571 -0.7668 0.9509 -1.0162 -1.5862 -0.4075 -0.3528 -0.8154 -0.2928 0.1902 -0.1290 -0.2532 -0.0421 
15.2200 -1.1739 0.0305 0.0143 -0.3018 -0.2492 -0.2768 -1.0128 -0.4534 -0.7815 -0.5198 -0.5868 -0.3460 
17.5026 -0.8625 1.7470 -0.9618 -1.7313 -0.9934 -0.7078 -0.3265 0.1255 -0.3132 -0.0632 -0.1574 -0.3747 
15.5955 0.3933 1.1461 0.0285 -0.1382 -1.0194 -0.3467 -1.0650 -0.0395 -0.0637 -0.1742 0.2867 -0.7211 
17.7203 -0.1909 0.8936 -0.8709 -0.8752 -1.0528 -0.8265 -0.8101 -0.7643 -0.1493 -0.0137 -0.6262 -0.1212 
16.3484 -0.4144 1.7633 -1.1180 -1.8032 -0.3812 -0.0798 -0.3384 0.3607 -0.5743 -0.2394 -0.2597 -0.4037 
15.6107 -0.9685 -0.4232 -1.3026 -0.5505 -0.8342 0.1821 -0.1928 0.2248 -0.5092 0.0093 -0.1040 -0.2500 
15.2585 -1.0793 -0.8460 -0.7214 -0.5559 0.6870 -0.6452 -0.0539 -0.8281 -0.1926 0.2334 -0.2614 -0.5407 
15.1445 -0.8066 0.2315 -2.6239 -0.0990 -0.2151 -1.7164 -0.0654 0.0611 -0.5678 -0.0980 -0.3604 0.0587 
