18.1147 -0.7659 -1.0740 -0.1807 0.9548 0.2532 -1.3144 0.1165 -0.8284 -0.4303 -0.1020 -0.3043 0.0131 
17.1172 -1.8265 -1.1265 -0.9543 -1.0777 -1.4127 -0.9104 0.0632 0.3946 -0.0238 0.5006 -0.3042 -0.3934 
19.6729 -1.4994 -1.8011 -1.1531 -0.1268 -1.0096 -0.1621 -0.3155 -0.8027 0.4056 0.1263 0.5769 -0.2418 
18.1089 -0.8065 -0.2955 -1.1416 -0.3558 -0.0839 0.0132 0.2387 0.4329 -0.4887 -0.2571 -0.3020 -0.1749 
18.4104 -0.3985 -0.4975 -1.3569 -0.0873 -0.1375 -0.6224 -0.1735 0.9096 -0.0521 0.1999 -0.0265 -0.1955 
18.0904 -1.7020 -1.0473 -0.3686 -0.9716 -1.2964 -0.7666 0.7358 0.2713 0.0462 0.0638 0.7738 0.6638 
19.6284 -0.6380 -0.3451 -0.6089 -0.8473 -0.6973 0.3142 0.4799 -0.2118 -0.7185 -0.0561 -0.1729 -0.1790 
19.8744 -0.1639 -0.7675 -0.9776 -0.8980 -0.8169 -0.4870 -0.0030 -0.2588 -0.7982 -0.4775 -0.4988 0.0407 
18.2583 0.5866 0.1051 -0.4486 -1.3313 -0.3107 0.0116 -0.9750 -0.4326 -1.1143 -0.1223 -0.3532 0.5012 
18.9918 -0.3253 -0.4367 -0.2032 -1.3630 -0.8434 -1.1922 -0.3172 0.0938 -0.2763 0.2412 0.2047 0.3332 
20.1238 0.2388 0.0017 -1.3316 -0.7848 -0.1967 -0.1642 -0.2820 -0.0639 -0.3395 0.0405 -0.2543 -0.2756 
19.1655 -0.2460 -0.3883 -0.8388 -1.1556 0.7147 0.0965 0.0792 -0.2211 -0.0633 -0.6992 -0.4085 0.7382 
18.7711 -0.0073 -1.7977 -1.3400 -0.6910 -0.0207 -0.6833 -1.2856 -0.2833 -0.2142 -0.1973 0.2677 -0.3691 
19.2696 0.0155 -0.9149 -0.9493 -0.3172 0.4030 -0.3472 0.4068 -0.7100 0.0425 0.5150 0.2975 -0.4345 
18.7345 -0.1634 -0.3162 -0.6144 -0.3200 0.4146 0.1599 0.1158 -0.6940 -0.5978 0.2313 -0.0498 -0.0415 
19.1800 -1.3777 -0.0980 -0.4009 -0.8681 -1.3726 -0.4887 -0.0976 -0.3043 0.1636 -0.6082 0.4197 0.2367 
18.0534 -0.1622 -0.4045 -0.6526 -0.7876 0.0619 -0.3225 -0.7117 -0.3610 -0.7702 -0.0080 -0.0951 -0.1003 
19.3437 -0.2789 -0.2479 -0.4399 -1.8503 0.2382 -0.1583 -0.0029 -0.2062 -0.0592 -1.1693 0.2430 -0.1834 
18.7879 0.2577 -1.3599 -1.6777 -1.3437 -1.5968 -0.0594 0.2122 -0.8068 0.2798 -0.2431 0.2849 -0.3751 
18.2715 -1.2809 -1.1819 -1.2015 -0.2678 -0.6477 0.1822 0.4665 0.5405 0.6214 -0.5534 -0.1873 0.1841 
19.7857 0.0956 -0.7986 -0.3107 -0.7709 -0.6716 -0.7292 0.0232 -0.4553 0.2420 -0.5857 0.2953 -0.0411 
18.5804 -0.9642 -0.7449 -0.4318 -0.7648 -0.5824 -0.9001 -0.3022 -0.1773 -0.7553 0.2580 0.5633 -0.1567 
17.9286 -2.6977 -1.7834 -0.9416 -1.0896 -0.4564 0.1644 -0.5856 -0.7209 -0.3224 -0.6814 -0.3994 0.1887 
17.5456 -0.5955 -1.6500 -1.5635 -0.7063 -0.7685 -1.0041 0.0490 -0.0968 0.4992 -0.8886 0.1449 0.1635 
17.6994 -2.3050 -2.0490 -0.6224 -0.4814 -0.6660 -0.0651 0.2163 0.3771 0.0317 0.4351 -0.8133 0.0120 
17.8273 -1.6925 -0.4486 -1.5187 -1.4570 -0.8506 -0.6013 0.9305 0.9556 0.2918 0.2639 0.5986 0.4912 
18.0377 -0.5965 -0.0683 -0.3917 -0.4920 -0.4721 -0.7150 -0.4360 0.1533 -0.3812 0.0877 0.1385 0.1387 
19.7498 -0.3886 -0.6911 -0.7134 -1.5016 -1.0708 -0.9836 0.4175 0.4220 -0.4457 0.0015 -0.2465 -0.0365 
18.9847 -1.0563 -0.7617 -1.9340 -0.9985 -1.0501 -0.4147 -0.3541 -0.0864 0.4122 -0.0783 -0.1829 0.0192 
17.3751 -1.9329 -1.0341 -1.0080 -1.2301 -0.7604 -0.6587 -0.3988 0.2558 -0.1681 0.2685 -0.7078 -0.4762 
17.4326 0.1915 -0.6264 -0.9826 -0.3969 -0.3013 -0.2922 -0.1016 -0.7045 0.2528 0.3206 0.1477 0.0455 
18.8643 -0.8652 -0.9858 -0.4636 -1.8713 -0.2470 0.5244 -0.3041 0.0774 -0.2257 0.7133 0.1816 0.2715 
18.2813 -0.5659 -0.6329 -1.2984 -2.6592 -1.9591 -1.6602 -0.3437 0.1721 -0.6731 -0.5648 -0.3323 -0.2418 
18.6193 -0.9050 -0.6115 -0.7886 -0.9823 -0.7581 -1.0533 -0.7976 0.0259 0.7827 0.1033 -0.1095 -0.3816 
18.1489 0.1383 -0.9571 -1.7129 -1.3954 -0.0288 -0.8254 -1.2171 -0.4327 0.0819 -0.4328 -0.3392 0.1484 
18.6824 -0.4792 -0.1392 -1.5558 -1.2280 0.5437 -0.1596 0.0082 -0.4168 -0.4170 -0.6190 -0.4287 0.0121 
18.1718 -0.3025 0.1001 -1.2889 -1.2963 -1.8357 -1.0729 -0.3829 0.4975 -0.2489 -0.6267 -0.4425 0.5436 
19.2539 -0.9031 -1.5236 -1.0160 -0.5839 -0.3388 -0.2136 -0.9053 -0.4409 -0.8589 -0.5541 -0.4893 0.0729 
18.7971 -0.8872 -1.2800 -0.7535 -0.6289 -2.0418 -0.4379 -0.8451 -0.8574 0.1797 -0.0205 -0.7487 -0.2789 
18.5126 -0.4470 -0.8718 -0.6894 0.4896 -0.2192 0.6361 -0.1015 0.0290 -0.6540 -0.6501 -0.2210 0.2507 
18.9565 0.0410 -0.1593 -1.0245 -0.1984 -0.3904 -1.1218 -1.2801 -0.2473 -0.0455 0.0209 -0.3167 0.0685 
18.1006 -0.1049 -0.6263 -0.7798 -0.4947 0.0598 -1.4310 -0.0818 -1.1020 -0.5975 0.5379 0.2854 0.0622 
17.9617 -0.1046 -1.0976 -1.2768 -0.6196 -0.6892 0.1531 0.5738 0.0616 0.1482 -0.7354 -0.6534 0.4427 
20.3668 -1.6642 -0.7448 -0.2580 -0.1652 -0.5220 0.2724 -0.7869 -0.6759 0.0138 -0.2707 -0.1636 -0.6429 
19.9335 -0.0829 -0.8666 -0.9809 -1.4782 -0.8104 -0.4103 -0.9065 -0.2312 -0.7342 -1.2248 -0.2474 0.3480 
19.1769 -0.3858 -0.0277 -1.0431 -1.7878 -0.6055 -0.1421 -0.7998 -0.3776 0.1170 -0.0835 0.0028 -0.1886 
19.6081 -0.1247 -1.1312 -1.1340 -1.3692 0.2586 -0.2166 -0.4420 -0.1097 -0.5590 -0.1392 0.1118 -0.1589 
17.7440 -1.4858 -1.8404 -2.1308 -1.2921 -0.7624 -1.0861 -1.4141 -0.8047 -0.1178 -0.0179 -0.3404 -0.2586 
18.6136 0.1349 -1.4853 -1.1884 -1.5686 -1.1138 -0.9562 -0.1693 -0.5734 -0.5356 -0.4976 -0.3194 0.4562 
18.6094 0.1964 -0.2558 -1.7081 -0.4288 -0.6992 0.1558 0.2712 -1.0548 0.3927 0.4852 -0.1920 -0.3417 
19.0608 -1.1797 -0.4977 -0.6850 -0.3661 0.1359 -1.3094 0.6451 -0.0874 -0.4875 -0.6742 -0.4138 0.1139 
18.7805 -0.5458 -0.4380 -0.9730 -0.0444 -0.7664 0.0311 -0.2876 -0.2292 -0.4095 -0.6769 0.1205 -0.1672 
19.6950 -0.5478 -0.8294 -1.4394 0.2660 0.4871 -0.2454 -0.0873 -0.6117 -0.4222 -0.3847 -0.1714 -0.0215 
18.1020 -0.3826 -1.6839 -2.2110 0.0123 -0.1867 -0.1377 -0.5098 0.1348 0.0525 0.9026 0.2494 0.1498 
19.2291 -0.2889 -0.4187 -0.4146 -0.5243 0.1606 -0.0911 -0.1939 -0.9063 -0.1028 -0.3220 -0.0448 -0.1180 
18.2259 -1.5735 -0.4905 -0.7338 0.5891 0.1664 -0.6254 0.2753 -0.7485 -0.1368 -0.3600 -0.4220 -0.1214 
18.0392 -0.5228 0.1689 -0.3946 -0.9138 0.0517 -0.3494 -0.7800 -0.3124 -0.0034 -0.4294 -0.1740 0.3126 
18.0586 -0.5568 -0.3757 -1.4602 -0.2184 -0.3688 -0.9050 -0.3146 -0.5035 -0.0451 -0.0157 0.2556 0.0701 
18.1304 -1.2696 -0.9073 -2.5130 -0.8047 -1.0715 -0.8304 0.2530 0.3087 0.5382 1.1677 -0.3337 0.3009 
18.4141 -1.0745 -1.1045 -1.3305 -0.6344 -1.0354 -0.9718 0.6133 -0.2080 -0.6475 0.3753 -0.2431 -0.4433 
18.2689 -1.3100 -1.3306 -1.6540 -1.9407 -1.8850 0.0261 -0.3304 -0.6638 0.1103 -0.1895 -0.0595 0.0000 
17.2899 -1.9127 -0.9731 -0.6896 -1.1908 -0.0751 -1.0647 -0.0662 -0.5813 -0.1439 -0.5717 -0.0939 0.1489 
18.1143 -0.1020 0.7324 -0.5749 -1.1654 -0.6365 -1.2653 1.0243 -0.5749 -0.8148 -0.6538 0.1950 0.2106 
19.5747 -0.6203 -0.8167 -0.2237 -0.8727 -0.7077 -0.9437 0.3079 -0.8673 -0.3270 -1.0292 -0.3262 -0.1987 
18.4810 -0.0992 0.4233 -0.8234 -0.5059 -0.2493 -0.9984 -0.3562 -0.5000 -0.0239 -0.7444 0.1521 0.1899 
17.3738 -1.8228 -0.6576 -0.3687 -0.9089 -0.0960 0.2395 -0.1284 0.2560 -0.4286 -0.3421 -0.2257 -0.4568 
17.7158 -2.6677 -0.4228 -0.3671 0.6161 1.5485 -0.5035 -0.4522 -0.8471 -1.1585 -0.8244 -0.6186 0.5124 
20.7788 0.3283 -0.2214 -0.6787 -1.0864 -0.5467 0.5382 -0.2860 -0.6152 -0.7384 -0.1810 0.1924 -0.2194 
28.9415 2.1457 -2.7690 -0.0017 -2.3936 -1.0815 -0.4805 -0.0407 0.0472 -0.4811 -0.2838 -0.0797 -0.0878 
29.9226 2.2217 -3.2885 0.6769 -2.1979 0.1554 -1.0061 0.0907 0.1988 0.1584 0.4532 -0.0456 -0.1323 
32.8272 1.6438 -3.8705 0.0846 -1.8339 -0.2890 -1.3461 -0.2994 -0.2615 -0.4326 -0.4458 -0.2053 -0.1796 
32.8392 1.2654 -3.3750 0.4058 -2.1939 -0.1758 -0.6198 0.1685 0.4910 -0.2503 -0.2633 -0.4291 -0.3656 
33.6819 0.9839 -3.1140 -0.1686 -2.1038 0.2845 -1.4406 0.1230 -0.1812 -0.8991 -0.6140 0.0675 -0.6283 
33.6311 0.9294 -2.2535 -0.2499 -2.1415 1.1313 -1.4597 0.1004 0.2275 -0.8657 -0.7609 -0.0947 -0.4001 
33.6255 0.3326 -2.4893 0.3725 -2.0378 0.9443 -0.9763 0.2802 -0.7243 -1.2958 -1.3126 -0.3892 0.1837 
34.1715 0.6509 -2.4570 0.2164 -2.0633 0.6289 -0.7329 0.6899 -0.7552 -0.9167 -0.9529 -0.4688 0.3654 
34.4229 0.9154 -2.9569 -0.1645 -2.3016 -0.5011 -0.8727 0.8829 -0.9952 -0.2734 -0.8787 -0.5043 -0.0842 
34.4046 0.8856 -2.1967 -0.5469 -1.5371 -0.4705 -0.4528 1.0000 -0.8232 -0.0186 -0.9139 -0.0635 -0.3237 
34.4805 0.3120 -2.5513 -1.2047 -1.4068 -1.5327 -0.3039 0.3953 -1.0862 -0.0000 -0.9562 -0.4786 -0.3928 
34.0186 0.6333 -1.6499 -1.3192 -1.1463 -0.9132 -0.2741 0.6706 -0.4823 -0.1051 -0.1801 -0.7522 -0.2728 
33.5483 0.4653 -1.8020 -1.7821 -1.1151 -0.7791 -0.3322 0.6804 -1.0639 0.0980 -0.9638 -0.4340 -0.3602 
33.8512 0.4118 -1.5395 -1.4694 -1.3554 -0.3087 -0.1470 0.8477 -0.5019 -0.3069 -0.1182 -0.7680 -0.1550 
34.3697 -0.2124 -2.0673 -1.1910 -2.2516 -0.3551 0.0160 -0.0270 -0.2611 -0.5373 -0.3792 -0.6831 -0.3625 
34.6294 -0.5880 -1.0962 -1.4514 -1.8601 -0.5350 0.4639 -0.1635 0.0177 -0.3253 -0.3829 -0.4056 -0.4634 
34.6709 -0.5834 -1.1122 -1.6607 -1.6128 -0.6162 0.1876 0.1135 -0.2697 -0.2232 -0.3207 -0.3609 -0.4449 
34.0878 -0.9235 -1.0698 -2.2734 -1.5769 -0.5789 -0.2006 -0.0718 -0.2607 -0.3921 -0.4209 -0.4145 -0.6987 
34.6251 -0.8964 -0.9840 -1.1013 -1.6741 -0.1158 -0.2974 -0.2654 -0.0080 -0.2231 -0.6962 -0.0916 -0.3736 
34.4509 -0.8039 -1.2765 -1.2379 -1.3720 -0.4114 0.1985 -0.2150 -0.1694 0.0651 -0.5600 -0.3902 -0.3134 
34.9821 -1.0961 -1.4288 -0.8088 -1.1994 -0.1420 -0.0020 -0.5035 -0.2731 -0.2870 -0.9835 -0.2276 -0.1901 
35.1584 -0.4724 -1.5948 -0.9912 -1.0347 -0.4373 0.2247 -0.1735 -0.1729 0.2000 -0.7244 -0.1351 -0.1122 
35.0846 -0.4473 -1.8314 -0.9312 -1.7198 -0.2196 -0.1313 -0.2624 -0.2079 -0.0346 -0.6157 -0.3504 -0.2979 
34.9640 -0.0164 -1.8803 -1.0816 -1.6678 -0.2004 -0.2295 -0.0800 -0.1896 -0.0597 -0.5805 -0.1736 -0.3656 
34.2219 1.1433 -2.5026 -0.6693 -2.0718 -0.0138 -0.4640 0.3254 -0.2629 -0.1295 -0.2588 -0.1798 -0.5546 
33.3399 1.7958 -2.2996 -1.3196 -1.8448 -0.4099 -0.2142 -0.3134 0.4762 -0.7116 -0.0055 -0.4189 -0.4521 
31.2345 2.7947 -0.7184 -2.1575 -2.2057 -0.0584 -0.8186 -0.5637 0.3021 -0.3227 -0.7148 -0.3575 -0.2816 
31.7866 2.5164 -0.8854 -1.8906 -2.0049 0.3200 -0.5883 -0.0920 0.1579 -0.2038 -0.4190 -0.4195 -0.4261 
31.0931 2.7984 -0.8903 -1.8152 -1.9278 0.3280 -0.9177 0.1028 0.1576 -0.9647 -0.1739 -0.4845 -0.1998 
30.5284 3.0681 -1.1875 -1.8820 -1.6291 0.7461 -0.7198 -0.2762 0.2221 -0.8252 -0.2942 -0.4661 -0.4069 
29.7252 3.5884 -1.2400 -1.6555 -1.6114 0.5937 -0.2626 -0.3403 0.0464 -0.5102 -0.3871 -0.3651 -0.3054 
29.2024 3.5328 -0.7182 -2.3503 -1.3087 0.2101 -0.3144 -0.1621 -0.2422 -0.3627 -0.4632 -0.5382 -0.3671 
28.3785 4.3207 -0.8443 -2.3384 -1.1086 0.1439 -0.3263 0.1658 -0.8621 -0.1129 -0.3252 -0.4148 -0.3468 
28.1203 4.0283 -1.1584 -1.7102 -1.4722 0.1851 -0.1797 -0.2918 -0.8272 0.1822 -0.4998 -0.2356 -0.7320 
27.3236 4.5288 -0.8797 -1.7131 -1.2397 -0.0104 -0.1417 -0.6806 -1.2640 0.2126 0.0920 -0.9080 -0.3631 
26.7366 3.5967 -0.2639 -1.6529 -0.3494 -0.0889 -0.5789 -0.0591 -0.8742 -0.6140 -0.3568 -0.3858 -0.1470 
26.1101 3.8575 0.2767 -1.5504 -1.0836 0.1885 -0.7521 -0.8291 -1.0368 -0.2841 0.4278 -0.0252 -0.1156 
25.3496 3.4370 -1.1035 -1.3193 -1.2321 0.2903 -0.5970 -0.4136 -0.4910 -0.3535 -0.1885 -0.7652 -0.5603 
24.9869 3.5727 -0.7235 -1.9324 -0.9648 -0.2120 -0.4215 0.2924 -0.5059 -0.6108 0.1592 -0.3128 -0.4523 
23.2570 2.7588 0.4975 -1.7752 -1.2903 -0.0392 -0.1227 0.2441 -0.2533 -0.4228 -0.3194 0.0365 -0.1489 
29.0185 0.0606 -2.6513 0.6521 -0.2827 -0.4979 -0.4219 -0.6029 -0.4972 -0.6919 -0.6543 -0.4015 -0.1366 
26.5955 0.7829 -2.6357 1.4426 0.6154 -0.1903 0.1798 -0.5628 -1.2340 -1.2050 -1.1211 0.0131 -0.0546 
24.4020 1.1102 -0.1922 0.6642 -0.7518 -0.7743 -0.7194 -0.8596 -0.6603 -0.5298 -0.0904 -0.0889 -0.1387 
23.6094 1.6379 -0.4521 1.2442 -1.4029 -0.4605 -0.0170 -0.6363 -0.8699 -0.8992 -0.3342 -0.5270 0.3359 
23.7029 1.5930 -0.7967 -0.1460 -1.1995 -0.0621 -0.8643 -0.0909 -0.3359 -0.6373 -1.2954 -0.3472 0.3501 
22.2969 1.7223 -0.0818 0.1253 -1.3370 -0.6895 -0.1416 -0.1833 -0.0857 -0.8253 -1.2675 -0.2256 0.3802 
20.0736 0.6297 -0.0446 -0.0732 -0.9315 -0.8215 -0.4439 0.6279 0.1426 -0.6909 -1.3984 -0.2481 0.1634 
21.0874 1.3944 -0.3512 -0.7661 -0.7671 -1.0513 -0.8912 0.5584 0.1135 -0.4855 -0.8649 -0.4073 0.6369 
20.0646 0.3427 0.2685 0.3919 -0.2985 0.0450 -0.6971 0.2200 -0.1615 -0.4835 -0.7667 -0.7651 -0.0365 
19.0839 -0.5992 -0.9019 -1.3481 -2.6236 -1.3547 -1.1349 -0.6375 -0.7205 -0.3258 -1.5905 -0.6481 0.0059 
20.3343 0.6574 0.2674 -1.5827 -1.0639 -0.1946 -0.2783 -0.1542 -0.3535 -0.4750 -0.2801 -0.0825 -0.1834 
19.8515 0.2939 -0.1262 -0.9902 -0.4138 0.0794 -0.2238 -0.0299 0.1058 -0.5470 -0.6401 -0.5904 0.0954 
18.1630 0.7462 -0.3130 -1.3230 -0.6000 -0.9577 -0.7897 -0.1788 -0.9955 -0.1219 0.3941 0.1528 -0.1417 
18.2074 -0.8896 -1.4364 -1.6125 -1.5380 -0.3528 -1.3490 -0.5068 -0.1996 -0.8085 -0.1702 -0.4388 -0.0784 
18.2524 -0.7693 -1.0215 -2.1405 -0.0133 0.0113 -0.5793 0.6432 0.5890 -0.2435 0.5345 0.0405 0.5289 
19.5151 -0.8427 -0.9331 -0.1428 0.4243 0.8540 0.1825 -0.3755 -0.4989 -1.0130 -0.8240 -0.4636 0.1247 
18.4438 -0.3411 0.1024 0.2608 -1.0869 -0.8575 -0.4187 0.4133 -0.5032 -0.7865 0.2291 0.5004 -0.2131 
18.3174 -0.7721 -0.2864 -1.6205 -0.4421 -0.9523 -0.8751 0.1865 -0.1831 -0.4828 -0.0954 0.5185 -0.1877 
18.4885 -1.9692 -0.5498 0.2742 -1.1217 -0.5511 -0.6445 -0.1114 -0.1753 0.0784 0.3400 0.8767 0.0778 
17.8376 -1.7782 -1.1808 -0.4231 0.0385 0.4260 0.4914 0.7361 -0.8483 -0.4209 0.0641 0.3644 0.1036 
18.2576 0.0706 -0.4653 -1.3373 -0.5097 -0.8985 -0.7053 -0.0628 -0.3187 -1.0177 0.4494 0.2558 -0.7035 
19.1834 -0.6391 -2.1514 -1.7495 -0.8142 -0.4809 -0.0715 -0.9485 0.0288 -0.1970 0.0048 -0.1992 0.3160 
17.4803 -1.3736 -1.9322 -1.3020 -1.2543 -1.3660 -1.0988 -0.0113 -0.4804 -0.0231 0.9365 -0.0978 0.0686 
17.0092 -0.7017 0.2767 0.8463 -0.1166 -1.0303 -0.4094 0.0321 0.0003 -0.0763 -0.7863 0.0682 -0.5666 
18.7333 -0.3341 0.0169 -0.1287 -1.2195 0.1956 -1.0519 -0.1903 -0.4385 -1.1625 -0.2007 0.1737 -0.4332 
19.5224 0.0272 -0.8639 -0.9462 -0.5300 0.0262 -0.1105 -1.2672 0.0093 -0.3687 -0.1066 -0.2613 -0.0205 
19.1954 -1.0724 -1.4089 -1.1409 -0.0413 0.4413 -0.2063 -0.9636 0.1028 -0.2461 -0.0580 -0.4123 -0.2197 
19.4733 -0.8416 -0.5339 -0.3907 -1.0228 0.0637 0.2717 0.4345 -1.0157 -0.8254 -0.7868 -0.1207 0.1826 
19.1077 0.3022 -0.1575 -0.9729 -1.0982 -1.0171 -0.9757 -0.4665 -0.5993 0.2495 -0.6713 -0.3220 -0.3599 
19.1277 -0.3832 -0.2784 -0.5826 -0.0692 0.3332 -0.0176 -0.1416 -0.3100 -0.1143 0.2507 -0.7633 -0.3663 
18.2935 0.7952 -0.3728 -0.2672 -0.5872 -1.2493 -0.7855 -0.2945 -0.5714 -0.1856 -0.4442 -0.2828 0.1424 
18.9868 -0.4078 -0.1831 -0.7654 -1.9550 -0.6498 -1.1173 0.1247 -0.3757 -0.6449 -0.8529 -0.0960 -0.4503 
18.2250 -0.4815 0.3991 -0.0311 -1.1507 0.0127 -0.8318 -0.4545 -0.1594 -0.2860 -0.8697 0.0472 0.2094 
18.0028 -0.6377 -0.6523 -0.9672 -1.5115 -0.4463 -0.7477 -0.0329 -0.6883 -0.2042 0.3556 -0.1581 -0.0686 
16.7108 0.7149 -0.4743 -0.6940 -0.5469 0.1545 -0.7865 -0.1173 -0.4018 -0.3232 -0.3200 0.2598 -0.3230 
18.5495 0.2084 -0.4100 -1.7205 -0.3541 0.4494 -0.3087 0.5710 0.3418 -0.1015 -0.8102 -0.1703 0.2899 
18.5148 0.6158 -0.3979 -1.8143 -1.0243 0.3498 -0.0789 -0.0879 -0.0510 -1.0101 0.0594 0.0904 -0.1259 
17.1518 1.3566 -0.7694 -1.6367 -1.3197 -0.9261 -1.1949 -0.3052 -1.0139 -0.2022 0.2215 -0.5762 -0.0693 
17.3521 0.2118 0.0705 -0.1068 -0.9222 -0.4683 -0.0027 -0.8545 -1.2041 -0.2511 0.6691 1.0171 -0.1333 
18.2615 0.1026 -1.1067 -0.8944 -1.5593 -0.3656 -0.8111 -0.0306 -0.3086 -0.1592 0.7498 -0.2049 -0.1681 
17.5652 -0.3617 1.4916 -0.8177 -1.2217 -0.8385 -1.2746 -0.2435 -0.4326 -0.9351 0.5092 0.1829 -0.9731 
18.7036 -0.0659 0.5892 -0.3016 -0.6187 -0.2759 0.2171 -1.2634 0.1018 -0.2893 -0.7360 -0.0130 -0.0796 
18.2108 -0.9890 -0.7874 -0.9587 -1.2827 0.4467 -0.3392 -0.5082 0.3845 -0.7035 -1.5544 -0.2616 0.6931 
17.9894 0.4880 0.4755 -0.0620 -0.6601 0.0697 -0.5832 -0.6097 -0.7020 0.1479 -0.1596 -0.1833 0.1163 
17.8142 -0.3447 0.4205 -0.4505 -1.4764 -0.2460 -0.0581 -0.5013 -0.7788 -0.5687 -0.6391 -0.4364 -0.0070 
18.5831 0.4104 -0.6501 -0.5820 -2.0109 -0.2370 -0.0182 -0.1887 -1.0046 -1.0765 -0.1871 -0.2641 -0.1049 
18.0696 0.3410 -0.7951 0.7505 -1.1422 -0.7481 -0.1226 0.0558 -0.3191 -0.5533 -1.1244 -0.4069 0.5412 
18.9758 -0.2396 -0.5946 -0.4065 -0.6885 -0.6317 -1.0782 -0.2893 -0.6111 -0.2724 -0.2244 -0.2925 0.1903 
17.7279 0.7935 -0.2125 -0.4982 -0.9425 -0.5960 0.5689 -0.5071 -0.6158 -0.9593 -0.3413 0.2183 -0.3312 
18.3797 0.6321 0.9672 -0.3808 -1.3262 -0.8527 -0.4403 -0.2573 -0.3392 -0.4678 -0.1400 0.0040 -0.1418 
17.4169 -0.9445 -1.3135 -0.6508 -0.0346 -0.7381 -0.7370 -0.7277 -0.0580 -0.0093 -1.0715 -0.2961 0.0282 
17.2859 -1.4041 -0.7356 -1.2289 -1.2780 -1.0109 0.0428 0.1093 -0.0013 -0.0607 -0.8909 -0.1629 0.3398 
17.6707 0.6111 -0.3803 -2.1896 -1.0717 -0.0816 0.0979 -0.9096 -0.6517 0.0562 -0.3094 0.1595 -0.0455 
16.7427 -1.4852 -1.9916 0.3547 -0.1924 1.1522 -0.0401 -0.4561 -1.0914 -0.2167 0.0542 0.3509 -0.0058 
17.5872 -0.8927 -0.5605 -0.3819 -0.2599 -0.6881 -1.3703 -0.4892 0.1567 0.3894 0.1268 -0.4937 -0.3810 
18.2105 -0.3651 -0.5801 -1.7800 -1.4525 -0.9095 0.0679 0.1864 -0.6605 -0.4720 -0.0729 -0.3350 -0.1000 
18.6920 -0.2850 -1.0820 -1.1339 -1.3572 -1.4777 0.1619 -0.6610 -0.5630 -0.4198 0.0567 0.0461 -0.3655 
16.3285 -1.1063 -0.2523 -0.7505 -0.2635 -0.4887 -1.3216 -0.6948 0.2268 0.1858 0.2217 0.1904 -0.0357 
16.3341 -0.3970 -0.1945 0.5994 -0.4148 -0.8218 -0.4155 0.9851 0.6665 -0.1930 -0.4858 -0.2320 0.7631 
