23.6070 15.1336 -7.4296 -3.6418 3.2248 -1.8721 -2.1103 2.3930 0.0746 -1.7114 1.1798 0.2593 -1.7870 
23.8875 15.5187 -7.1000 -3.3186 3.5769 -1.8039 -2.5519 1.8075 -0.3717 -2.2370 0.6318 0.0630 -1.8531 
23.2353 14.7900 -7.3338 -3.0919 3.8846 -1.6485 -2.3938 2.0774 -0.1892 -2.2846 0.5015 0.0038 -1.8303 
23.2204 14.6973 -7.6104 -3.5764 3.3242 -2.0868 -2.7543 1.5842 -0.6301 -2.1852 1.0816 0.4695 -1.6583 
23.1863 14.8102 -7.1869 -3.0084 3.7378 -1.9470 -2.6171 2.1496 0.2957 -1.5738 0.9997 0.1040 -1.8994 
23.3235 14.9812 -7.3800 -3.5679 3.7543 -1.0931 -2.0115 1.8713 -0.4669 -2.3955 0.5231 0.2583 -1.6277 
22.9221 14.3697 -7.6638 -3.4021 3.3948 -2.1507 -2.4744 2.3020 -0.2499 -2.7072 0.2034 -0.0976 -2.2618 
23.3080 14.8446 -7.4252 -3.5397 3.0045 -2.4570 -2.7267 1.7597 -0.8222 -2.6988 0.4269 -0.4792 -2.8379 
22.8523 14.2815 -7.7665 -3.5391 3.3008 -2.2650 -2.9378 1.5269 -0.5950 -2.2403 0.8081 0.1276 -1.9795 
22.9953 14.5850 -7.3652 -3.1427 3.7805 -1.7068 -2.3894 2.1839 0.0430 -2.1318 0.4742 0.1178 -1.4210 
24.1258 15.8645 -6.7478 -3.1124 3.5083 -1.8328 -2.1388 2.5314 0.2978 -1.7885 0.7730 -0.0408 -1.9025 
23.8442 15.3830 -7.0954 -3.0537 3.4252 -2.6040 -3.0859 2.0383 0.0502 -1.9880 0.9104 0.3734 -1.5748 
22.7424 14.3109 -7.5711 -3.3388 3.8884 -1.0333 -1.5223 2.5604 -0.2142 -2.4690 0.4915 0.1910 -1.7158 
23.9400 15.3544 -7.6636 -3.9998 3.0113 -2.2878 -2.9499 1.6411 -0.3868 -2.4687 0.0697 -0.5586 -2.4072 
24.3297 15.5084 -7.7405 -3.5055 3.7417 -2.0259 -2.9355 1.7795 -0.1028 -1.9193 0.7154 -0.3435 -2.5157 
23.6288 14.8793 -7.7597 -3.4637 3.3359 -2.4874 -2.8196 2.0354 -0.6942 -3.1526 -0.0444 -0.4759 -2.7846 
23.2921 14.8375 -7.1781 -2.7522 4.0060 -1.9237 -2.6818 1.8092 -0.8644 -3.2098 -0.0234 -0.0825 -2.0110 
23.4291 15.1748 -6.7797 -2.6216 3.9481 -1.9247 -2.4742 2.5554 0.4945 -1.9531 0.4928 -0.0337 -1.9301 
22.7945 14.6783 -6.8975 -2.9906 3.6170 -1.6422 -1.9703 2.8042 0.7771 -1.4949 0.7931 0.1252 -1.6933 
23.3212 14.6809 -7.7745 -3.5843 3.4338 -2.0972 -2.6901 2.0903 0.1135 -1.8025 0.9066 0.0261 -2.1625 
23.8641 15.4311 -7.0754 -2.9396 4.0543 -1.5285 -2.3211 2.1316 -0.0313 -1.7985 1.1223 0.2231 -1.9028 
24.5140 16.1022 -6.5327 -2.1042 4.7464 -1.4285 -2.3108 2.3693 -0.1186 -2.3687 0.8608 0.7462 -1.2266 
23.6823 14.9982 -7.8015 -3.8783 2.9012 -2.7497 -3.2765 1.4968 -0.6962 -2.7735 0.1750 -0.0556 -1.7714 
23.0528 14.6939 -7.0213 -2.4925 4.2027 -1.9588 -2.9006 1.9456 -0.0925 -2.4096 0.1955 -0.2466 -2.0973 
23.5848 15.3189 -7.0072 -3.3403 3.2675 -2.1462 -2.7591 1.5903 -0.7064 -2.4866 0.7371 0.3970 -1.7718 
23.7163 15.1913 -7.5026 -3.7503 3.0076 -2.3458 -2.7750 1.7384 -0.5005 -2.2508 0.7536 0.0902 -1.8379 
23.0695 14.8950 -6.8320 -2.8441 3.5949 -2.1363 -2.6911 2.1561 0.2838 -1.5665 1.2168 0.5058 -1.6045 
22.6662 14.1077 -8.0237 -3.8580 3.7302 -0.9691 -1.7688 2.2427 0.1417 -1.5726 1.0532 0.0192 -2.4200 
23.4559 15.0244 -7.4268 -3.6887 3.0237 -2.3392 -2.7062 2.1076 0.0078 -2.1638 0.4454 -0.2149 -2.3831 
23.0542 14.5760 -7.4334 -3.1988 3.4804 -2.2823 -2.7982 2.0857 0.0728 -1.8032 1.0306 -0.0264 -2.6356 
23.5348 15.0882 -7.4670 -3.6897 3.1961 -2.2987 -3.0108 1.9402 0.3429 -1.6635 0.9092 0.4181 -1.5921 
22.9844 14.3528 -7.7964 -3.4677 3.4879 -1.9559 -2.3594 2.3866 0.3972 -1.2812 1.5046 0.4436 -1.7935 
23.8727 15.3891 -7.1946 -3.0651 3.9243 -1.7442 -2.5709 2.0868 0.1765 -1.6418 1.1579 0.4597 -1.5985 
23.5038 14.7594 -7.9195 -3.7775 3.2036 -2.2651 -2.8298 1.5322 -0.8490 -2.5462 0.4093 -0.5862 -2.4899 
25.7321 15.2631 -9.5653 -3.2540 4.0999 -3.4932 -3.3782 2.7215 -0.2070 -2.1184 1.5931 -0.0016 -2.6222 
32.7331 19.3293 -12.6505 -4.5189 6.1869 -2.6062 -3.0926 4.2933 0.7779 -2.1156 2.3072 0.7851 -2.6747 
32.4202 19.3497 -11.4878 -2.5239 7.4809 -3.0821 -4.2612 4.0633 1.2887 -1.7418 2.7401 1.3545 -2.4978 
28.1745 16.0036 -11.3517 -2.4467 6.9425 -2.8755 -4.0315 3.9046 1.5485 -1.6956 2.0596 1.3817 -1.4970 
27.2494 16.3748 -9.4793 -2.3045 5.6721 -3.0023 -3.5633 3.1119 0.1113 -2.4923 1.4804 0.2830 -2.7447 
25.8482 15.7455 -8.8091 -2.3923 5.4498 -2.3417 -3.4547 2.2078 -0.2817 -2.2949 1.3496 0.2462 -2.2788 
25.0407 15.7569 -7.9625 -2.5683 5.3441 -1.1726 -2.2292 3.2567 1.3029 -1.2505 1.3130 0.4465 -1.9525 
24.7320 15.7980 -7.5735 -2.9301 4.3448 -1.7049 -2.2300 3.0377 0.9268 -1.2337 1.5901 0.6009 -1.7795 
24.4436 15.6960 -7.2155 -2.5048 4.7352 -1.0855 -1.6489 2.7858 -0.2719 -2.4922 1.0115 0.5473 -1.8545 
23.6015 14.7286 -8.0118 -3.5141 3.6506 -2.0961 -2.8903 1.4475 -1.0745 -2.8297 0.5474 0.0606 -1.9322 
24.4501 15.9305 -6.9423 -2.9564 3.4395 -2.6881 -3.1224 1.7519 -0.6273 -2.3779 0.9632 -0.1952 -3.2149 
25.1411 16.2517 -7.8582 -4.2529 2.8297 -2.8150 -3.1829 2.3248 0.5196 -1.9998 0.2969 -0.7155 -3.2696 
26.7393 16.3291 -10.1828 -5.1880 4.0759 -1.2927 -2.4171 1.6809 -1.2497 -2.6401 1.8842 1.4852 -1.9955 
28.6293 16.2205 -13.5301 -6.9701 4.7500 -1.1908 -3.1388 1.6405 -1.4551 -3.8231 1.2392 2.0184 -1.7981 
28.6748 15.7273 -13.1675 -4.6197 5.5815 -2.7782 -3.0772 3.6324 -0.5163 -3.1531 2.6785 2.2623 -2.1685 
31.8626 17.8165 -13.8150 -4.2617 6.8144 -2.8768 -3.2545 4.6629 -0.2123 -4.5350 1.1595 1.3524 -2.5150 
31.0482 17.6058 -12.9887 -3.6990 7.3120 -2.0342 -2.8591 4.7538 0.7047 -3.1071 1.9687 1.4687 -2.7007 
28.4200 16.7552 -10.5443 -2.5800 6.5711 -2.2143 -2.8501 4.1100 0.4011 -3.0610 1.6360 1.4278 -2.1373 
26.5784 15.7968 -9.8927 -2.9239 5.9115 -1.5174 -2.2194 3.5234 -0.0613 -2.9088 1.4299 0.8085 -2.7223 
26.1082 15.9386 -9.0090 -2.7388 5.3549 -2.2984 -3.3692 2.5378 -0.0848 -2.4971 1.6790 1.3069 -1.9634 
25.5727 16.1799 -7.9098 -2.4861 5.2812 -1.5273 -2.4866 2.9594 0.4517 -2.0335 1.6281 1.4030 -1.4600 
24.7880 16.1396 -7.1714 -3.0734 3.9738 -1.8001 -2.2825 2.7190 0.2808 -2.1449 0.8665 0.2898 -2.3035 
23.7923 15.1789 -7.3082 -2.8249 4.1760 -1.5812 -2.0509 2.7511 0.1733 -2.3943 0.2213 -0.3084 -2.0144 
23.1321 14.4120 -7.7773 -3.1073 3.9719 -1.8554 -2.5532 2.2497 0.2362 -1.6415 1.0249 -0.1261 -2.3883 
23.0243 14.5475 -7.6434 -3.9864 2.2216 -3.2861 -3.2497 1.6974 -0.5676 -2.5307 0.4452 -0.1301 -2.2641 
23.7993 15.1237 -7.6750 -3.5567 3.5025 -2.0333 -2.6669 1.9048 -0.4623 -2.6452 0.1556 -0.3255 -2.0746 
24.8087 16.3292 -7.0333 -3.4301 3.5616 -1.7349 -2.2526 2.2143 -0.2962 -2.4947 0.4530 0.0479 -1.8812 
23.8454 15.4101 -7.2002 -3.3324 3.5090 -1.9752 -2.7398 1.5468 -0.6971 -2.4779 0.3682 -0.4410 -2.4868 
23.1829 14.8096 -7.1724 -3.1092 3.4126 -2.1518 -2.4679 2.0866 -0.3452 -2.0952 1.1230 0.3066 -2.1795 
24.0252 15.5459 -7.1688 -3.2702 3.4764 -2.1416 -2.8744 1.4844 -0.4982 -1.6461 1.5565 0.3993 -1.9433 
23.5360 15.0740 -7.4208 -3.6274 3.0619 -2.3803 -2.6834 2.2686 0.1880 -2.0808 0.4335 -0.1311 -1.9255 
23.9383 15.3590 -7.2666 -3.0154 3.8675 -1.8124 -2.1967 2.5851 0.0768 -2.1737 0.6872 -0.1429 -2.5301 
23.5920 14.9613 -7.7369 -3.6900 3.5363 -1.6592 -2.3881 1.7847 -0.5395 -2.2756 0.6715 -0.1240 -2.2600 
23.2568 14.5221 -8.0999 -3.9411 3.3422 -1.9430 -2.5761 2.0124 -0.2329 -2.3321 0.6663 0.2591 -1.9890 
23.5669 14.9294 -7.9429 -4.3471 2.5026 -2.6364 -2.9333 1.5884 -0.8526 -2.8492 0.2564 -0.2034 -2.3616 
24.0247 15.3902 -7.7095 -3.9012 3.3493 -1.8970 -2.6598 1.8373 -0.2556 -2.1971 0.8136 0.4996 -1.6395 
23.1054 14.7082 -7.6263 -4.1680 2.4323 -2.5642 -2.8721 1.1824 -1.6556 -3.6418 -0.2405 -0.2849 -2.1989 
27.0762 19.0823 -4.9530 -1.6364 5.0087 -0.9094 -2.2124 1.3139 -1.6261 -3.2556 0.2112 -0.4831 -2.6507 
30.1960 22.7210 -2.7012 -0.5210 4.7552 -2.6367 -4.5984 -0.8487 -3.0911 -3.8170 0.1146 -0.8665 -3.4134 
32.6861 24.1592 -3.9557 -1.3993 5.0371 -2.5605 -4.6977 -0.5899 -2.8988 -3.9518 -0.2547 -1.3777 -3.4085 
34.7459 25.9047 -4.0354 -1.9314 5.0353 -2.1198 -4.5324 -1.4595 -4.2375 -4.3522 0.2691 -0.8859 -3.0178 
36.1914 27.0005 -3.9641 -1.4463 5.7195 -2.1047 -4.5740 -0.9822 -3.6867 -3.7373 1.1407 -0.3632 -2.9635 
36.2191 27.2463 -3.7702 -2.0345 4.6310 -2.7188 -4.5917 -0.9581 -3.5754 -3.1830 1.6986 -0.3900 -3.1118 
36.8693 27.5944 -3.8812 -2.0273 3.9715 -3.8167 -4.4794 -0.0202 -3.3455 -3.0734 2.4873 0.0068 -3.5283 
39.1292 28.1303 -6.3340 -3.1629 4.2531 -4.7792 -5.7065 0.4203 -2.4610 -3.1258 2.1564 -0.1701 -3.9211 
39.2269 28.6658 -5.5472 -3.2154 3.5257 -4.6321 -4.5195 1.1825 -2.1865 -2.1434 3.2686 -0.2836 -4.4393 
39.0105 28.1704 -6.1102 -3.3128 3.7123 -4.8798 -5.1520 0.8001 -2.3295 -2.4153 2.9989 -0.4863 -4.9131 
39.9640 28.5079 -7.0950 -4.1222 3.3998 -5.4902 -5.7028 1.2251 -1.4880 -2.4298 2.1980 -1.0634 -5.0795 
39.7723 28.7284 -6.4968 -4.3757 2.3105 -5.9033 -4.9444 2.0191 -1.1881 -1.9935 2.7229 -1.1838 -5.5340 
39.9230 28.9598 -6.5192 -4.6599 2.5588 -5.0574 -4.5380 1.7503 -1.4523 -2.2163 2.2637 -1.5805 -5.6787 
40.7721 29.3885 -7.1213 -4.9253 3.2867 -4.1731 -3.9952 2.4628 -0.6054 -2.0399 1.8942 -1.5281 -5.2452 
40.5834 29.1552 -7.5096 -5.7211 2.4945 -4.2819 -3.6640 2.3330 -1.2000 -2.2814 1.9352 -1.9976 -5.9267 
40.8906 29.3959 -7.4271 -5.5069 2.6036 -4.5223 -3.9394 2.0359 -1.9018 -2.9397 2.0733 -1.4811 -5.5696 
41.1491 29.3789 -8.0317 -5.9210 3.0127 -3.9400 -3.9503 2.0393 -1.2596 -2.5740 1.4059 -2.1219 -5.1078 
41.4931 29.4058 -8.6022 -6.1149 3.8989 -2.5929 -3.3503 1.6827 -1.6284 -2.4243 1.6329 -1.9917 -4.7956 
41.1337 28.4744 -9.4062 -5.7981 4.2729 -2.8608 -3.0982 2.3783 -1.8898 -3.3041 1.3138 -1.8950 -4.6559 
40.9769 28.2614 -10.0426 -6.8803 3.9694 -2.1745 -2.9285 1.5371 -2.7579 -3.7537 1.2459 -1.5142 -4.4371 
41.8497 28.5826 -10.6013 -6.6822 4.5422 -2.7284 -3.7387 2.0725 -1.9461 -4.1412 0.9853 -0.2247 -3.0001 
41.7255 28.2798 -10.8415 -6.4320 4.8022 -3.3938 -5.0003 1.4435 -1.9336 -4.4892 0.3832 -0.2237 -2.7188 
41.1773 28.3014 -9.6611 -5.2980 5.2795 -2.9940 -4.5928 1.2575 -2.4028 -4.3961 0.6470 -0.6358 -3.2838 
39.9875 27.5770 -9.2307 -4.9732 5.4852 -2.5772 -4.4961 0.9229 -2.9224 -5.1474 0.2162 -0.4124 -3.5085 
38.3969 26.9547 -7.5800 -3.2230 6.4877 -1.7904 -3.9715 1.3525 -2.0421 -4.2548 0.5304 -0.1783 -2.9310 
37.1746 26.1981 -7.3804 -3.6773 5.6572 -1.8656 -3.7076 1.3454 -2.1438 -4.7069 -0.4643 -0.9147 -3.0565 
36.0460 25.8735 -6.4078 -3.2869 5.9691 -0.6915 -2.9390 1.3328 -1.4670 -3.5398 -0.3042 -1.4430 -3.2314 
36.6077 26.0621 -6.7697 -3.2194 6.1804 -0.8633 -2.9142 1.5779 -1.9848 -4.6351 -0.6098 -0.7550 -2.7136 
35.1297 24.8619 -6.8770 -3.6300 5.1531 -1.7596 -3.4494 1.2135 -2.4460 -5.5552 -1.7356 -1.3869 -3.0111 
34.7509 25.0139 -6.2376 -3.4886 5.6518 -0.4586 -2.8020 0.9197 -2.3979 -4.9943 -1.1342 -0.5180 -2.0088 
32.7381 23.1915 -6.3654 -3.1066 5.6330 -0.7150 -3.0810 0.6649 -2.3485 -4.6250 -0.9284 -0.5548 -1.7847 
32.9445 23.6489 -5.8155 -3.0674 4.9800 -1.3383 -3.1407 0.7163 -2.6628 -4.9927 -0.9111 -0.2603 -1.7300 
31.5204 22.5305 -5.8045 -3.2112 4.5047 -1.4426 -2.8366 1.2217 -1.9828 -4.3474 -0.3030 0.5422 -0.9600 
29.7067 21.4616 -5.2852 -3.4316 3.8144 -1.2153 -2.3950 1.2847 -1.6110 -4.0046 -0.8245 -0.2215 -1.1679 
28.6056 20.7030 -4.5746 -2.2497 4.0341 -2.1532 -3.4303 0.9578 -1.4222 -3.7273 -0.7034 -0.6225 -2.1124 
28.0831 20.3252 -4.3547 -1.9832 3.9458 -2.1508 -2.9872 1.3426 -1.4665 -3.8812 -0.7836 -0.7097 -2.0006 
27.7239 19.9398 -4.5013 -1.8321 4.4856 -1.4832 -2.6925 1.3061 -1.3210 -3.4400 -0.3817 -0.5645 -2.1813 
27.9578 20.0864 -4.4407 -1.5806 4.5891 -1.6737 -2.7111 1.3757 -1.6799 -3.8370 -0.1563 -0.1804 -2.3311 
26.9329 19.1699 -4.5498 -1.5243 4.4515 -2.0087 -3.2878 0.9610 -1.3134 -3.0621 0.1166 -0.2469 -1.9716 
26.0335 18.1938 -5.0942 -1.9959 4.0244 -2.0554 -2.9724 1.2492 -1.1956 -2.9496 0.2631 -0.1908 -1.9984 
25.5699 17.3446 -6.1632 -2.5905 4.4539 -1.2571 -2.6860 1.2085 -1.2694 -3.3172 -0.0665 0.1085 -1.6342 
25.5096 17.5803 -5.4720 -2.0648 4.3635 -1.6430 -2.9192 1.2216 -0.9065 -2.6583 0.2533 -0.3019 -2.2032 
25.5562 17.3159 -6.0858 -2.4781 4.2297 -1.6010 -2.5009 1.8978 -0.5184 -2.7965 -0.2656 -0.9361 -2.5862 
24.9731 16.9485 -5.9368 -2.5761 3.8601 -1.6428 -2.2222 2.0182 -0.6634 -2.9529 -0.2212 -0.6632 -2.2422 
25.0190 16.8158 -6.0583 -2.0953 4.6598 -1.2634 -2.2930 1.9096 -0.6474 -2.7972 0.0053 -0.6226 -2.4583 
24.8461 16.2895 -6.8309 -2.7056 4.0525 -1.9835 -2.8606 1.3900 -1.2780 -3.2269 -0.2357 -1.0704 -2.9428 
24.7513 16.3534 -6.7610 -3.0645 3.6426 -2.0790 -2.9427 1.2762 -1.1137 -2.8271 0.2851 -0.4135 -2.4798 
24.5555 16.2816 -6.4845 -2.6675 3.8414 -2.1669 -2.8604 1.9241 -0.5066 -2.9253 0.0196 -0.2994 -2.3830 
23.9754 15.9291 -6.3550 -2.7406 3.7938 -1.7566 -2.4993 1.8602 -0.5422 -2.6806 0.3425 0.0736 -2.0350 
24.0052 15.6809 -6.9233 -3.1849 3.5585 -1.8170 -2.2763 2.3196 0.0982 -1.9789 0.6396 0.0017 -1.5857 
24.2894 16.1073 -6.4972 -2.8391 3.7712 -1.8038 -2.5083 1.8159 -0.6909 -2.7625 0.3389 0.0213 -1.9512 
23.8646 15.5668 -7.0102 -3.3833 3.3574 -2.0993 -2.9474 1.4302 -0.4748 -2.0595 0.8889 0.2702 -1.8009 
23.6003 15.6323 -6.2000 -2.4032 4.0553 -1.3040 -1.6707 2.7060 0.1955 -1.8334 0.9486 -0.0670 -2.5164 
24.0604 15.7722 -6.9276 -3.3416 3.4406 -1.8870 -2.4451 2.1688 0.0546 -2.0424 0.6069 0.0214 -1.8038 
24.6091 16.4805 -6.2428 -2.5289 4.2998 -1.1974 -2.0341 2.3622 0.2078 -1.8635 0.7437 0.1313 -1.8765 
24.3185 15.8851 -6.8380 -2.7849 3.9437 -1.8063 -2.3308 2.2370 -0.3186 -2.2869 1.1554 1.0144 -1.0159 
23.8086 15.3877 -7.2000 -3.5038 3.0935 -2.0864 -1.9682 2.7573 -0.0092 -2.4560 0.3413 -0.1560 -2.0385 
24.1670 15.8226 -7.0406 -3.5075 3.3331 -1.8917 -2.4620 1.8292 -0.7160 -2.7967 0.3963 0.2058 -1.8755 
23.1141 14.6706 -7.5285 -3.4545 3.7536 -1.3189 -1.9891 2.2386 -0.1728 -2.2352 0.6877 0.2457 -1.8157 
23.3617 15.2782 -6.5397 -2.7124 3.5696 -2.1489 -2.6049 2.0165 -0.4714 -2.7011 0.3902 0.1851 -1.8564 
23.3527 15.1295 -7.0666 -3.2594 3.9436 -0.9436 -1.8658 1.9872 -0.2145 -1.9352 0.7586 -0.0423 -2.0251 
24.3065 16.1543 -6.4783 -2.9374 3.5880 -2.0633 -2.8505 1.6586 -0.3574 -2.1673 0.6722 -0.0296 -2.1903 
24.1193 16.0058 -6.3410 -2.5309 4.0894 -1.5824 -2.4315 1.8335 -0.6240 -2.7263 0.1857 -0.2015 -1.8621 
23.6632 15.4162 -6.8080 -2.6846 4.3390 -1.5730 -3.1938 1.0675 -0.5782 -2.3783 0.3834 0.3917 -0.8594 
23.5779 15.2979 -6.7586 -2.5973 3.9777 -1.9049 -2.5768 1.9970 -0.5443 -2.8667 0.1829 0.0738 -1.7159 
22.9130 14.6219 -7.2133 -3.1335 3.7031 -1.8370 -2.7037 1.8920 0.1418 -1.7028 0.8158 0.0206 -1.8464 
22.3073 13.8134 -8.1035 -4.2751 2.5625 -2.7106 -3.4611 1.0195 -0.8226 -2.4985 0.4565 -0.0488 -2.0894 
22.9009 14.6490 -7.3670 -3.6973 3.1629 -1.9926 -2.8578 1.3727 -0.5913 -2.3525 0.6128 0.4315 -1.4277 
22.2921 13.7979 -7.9892 -4.0400 2.7021 -2.4692 -2.8006 1.7563 -0.5066 -2.6547 -0.0018 -0.3357 -1.7716 
22.9767 14.7705 -6.6368 -2.1424 4.2253 -2.0407 -3.0074 1.4532 -0.7301 -2.3924 0.7808 0.0867 -2.2935 
23.1390 14.8721 -7.0149 -2.8541 4.0789 -1.4269 -2.4777 1.5705 -0.6530 -2.3219 0.7494 0.1915 -1.8968 
23.1580 15.0209 -6.7498 -2.7076 4.0486 -1.5474 -2.5667 1.7560 -0.1091 -1.8282 0.6916 -0.3331 -2.1977 
22.9479 14.7776 -6.9219 -3.1231 3.1143 -2.4639 -2.8135 1.7422 -0.5420 -2.2656 0.8514 0.0907 -2.2041 
23.0318 15.0239 -6.7243 -3.1073 3.5060 -1.6905 -2.3237 2.0696 -0.0299 -1.9773 0.9989 0.7705 -1.3754 
23.0422 14.8837 -6.9079 -3.1034 3.2986 -2.2741 -2.6401 2.3247 0.3966 -1.6138 1.1267 0.3212 -2.1017 
22.8167 14.4946 -7.4357 -3.7005 2.8899 -2.2357 -2.4038 2.2038 -0.1591 -2.3694 0.2460 -0.4783 -2.7651 
22.7232 14.4478 -7.1554 -2.8872 4.0491 -1.1804 -1.5901 2.8375 0.1411 -2.3162 0.5112 -0.0121 -2.3037 
23.0194 14.8591 -7.0418 -3.3681 3.3300 -1.6849 -1.9778 2.5345 0.2171 -2.0292 0.5336 -0.1210 -2.2424 
23.2650 14.8619 -7.2927 -3.4395 2.9191 -2.7143 -2.9367 1.8837 -0.3718 -2.2861 0.7395 0.2043 -1.7782 
22.9919 14.8277 -7.1268 -3.5888 3.0361 -1.9666 -2.2804 2.2277 0.0320 -2.0893 0.5205 0.0535 -1.6807 
23.3018 14.9179 -7.1566 -3.0580 3.4907 -2.3343 -2.8798 1.8637 -0.4206 -2.3604 0.8385 0.1545 -2.5174 
23.4868 15.4300 -6.5011 -2.5631 4.3360 -1.0467 -2.0858 1.9821 -0.2433 -2.2293 0.4707 -0.1061 -2.1792 
23.3869 15.4480 -6.1954 -2.2235 4.3285 -1.3642 -2.1603 2.4769 0.3872 -1.9976 0.4108 -0.0835 -1.9755 
22.4618 14.3694 -7.0270 -3.1892 3.3158 -2.0002 -2.5346 1.8292 -0.5711 -2.6923 0.3135 0.0634 -2.0006 
22.8269 14.7707 -6.8412 -3.0390 3.6216 -1.7136 -2.4255 2.1676 0.3585 -1.6481 0.8564 0.2787 -1.7614 
23.0768 15.5008 -5.9602 -2.8855 3.4226 -1.3535 -1.6979 2.5346 0.1406 -2.2033 0.4828 0.4328 -1.3807 
21.9568 13.9733 -6.8496 -2.7991 3.6018 -1.6416 -1.9735 2.4101 0.0143 -2.1256 0.4958 -0.0902 -1.9362 
22.0659 14.0300 -6.9210 -2.7949 3.9320 -0.8842 -1.0849 2.9358 0.2939 -1.4011 1.7297 0.9892 -1.0849 
23.0530 15.0070 -6.7294 -2.9214 3.8628 -1.3428 -2.0004 2.5534 0.6645 -1.4027 1.0563 0.4268 -1.6447 
22.5885 14.7804 -6.2624 -2.5288 3.4824 -2.1014 -2.6493 1.5271 -1.0252 -2.9272 0.3046 0.0810 -1.8991 
22.6777 14.7137 -6.8576 -3.5169 2.7468 -2.3147 -2.5873 1.8062 -0.5857 -2.7893 -0.1290 -0.6690 -2.6533 
22.6603 14.8112 -6.6112 -3.1219 3.5220 -1.3240 -1.8885 2.3474 0.2820 -1.7758 0.6749 0.1699 -1.5257 
22.7186 14.9844 -6.1726 -2.6658 3.4236 -1.8177 -2.1950 2.1110 0.0167 -1.5032 1.3855 0.4094 -1.8168 
22.2914 14.6079 -6.4239 -3.2267 2.7135 -2.4755 -2.9569 1.3502 -0.6560 -2.3839 0.5105 0.1013 -2.0022 
22.3205 14.5300 -6.5442 -2.8636 3.7988 -1.2024 -2.0321 2.0486 -0.0961 -2.3363 0.0660 -0.0908 -1.4304 
21.2870 13.3362 -7.2777 -3.4452 3.2271 -1.3586 -1.4976 2.9132 0.7373 -1.4780 0.8508 0.2604 -1.4738 
