-inf -inf -inf -inf -inf -inf -inf -inf -inf -inf -inf -inf -inf -inf -inf -inf -inf -inf -inf -inf -inf -inf -inf -inf -inf -inf -inf -inf -inf -inf 
-inf -inf -inf -inf -inf -inf -inf -inf -inf -inf -inf -inf -inf -inf -inf -inf -inf -inf -inf -inf -inf -inf -inf -inf -inf -inf -inf -inf -inf -inf 
-inf -inf -inf -inf -inf -inf -inf -inf -inf -inf -inf -inf -inf -inf -inf -inf -inf -inf -inf -inf -inf -inf -inf -inf -inf -inf -inf -inf -inf -inf 
-inf -inf -inf -inf -inf -inf -inf -inf -inf -inf -inf -inf -inf -inf -inf -inf -inf -inf -inf -inf -inf -inf -inf -inf -inf -inf -inf -inf -inf -inf 
-inf -inf -inf -inf -inf -inf -inf -inf -inf -inf -inf -inf -inf -inf -inf -inf -inf -inf -inf -inf -inf -inf -inf -inf -inf -inf -inf -inf -inf -inf 
5.4296 7.1809 7.6618 7.3900 8.2719 8.3785 7.7393 7.6036 8.1364 8.4483 7.6392 6.5675 6.0348 6.8719 6.9805 7.9546 8.3230 7.9898 7.5797 8.1885 7.6537 7.9411 8.9011 8.5360 8.4625 8.7654 8.2473 8.0339 8.0326 8.1737 
4.4244 7.7563 8.2650 8.6190 8.5957 7.8501 8.1587 8.7945 8.6645 7.2941 7.5679 7.2513 6.6069 7.5967 7.9336 8.2202 8.4391 7.9167 8.2776 8.3756 8.7055 8.4001 8.8636 9.1374 8.7091 8.6253 8.6860 8.3145 8.2517 7.9303 
4.8878 7.9454 8.5879 7.1659 8.3808 8.2762 8.0297 7.9477 8.6238 8.2823 7.9265 6.9383 6.7577 8.5049 8.0361 8.1944 8.0933 8.1435 7.7437 8.3200 8.3396 8.5193 8.5788 8.9962 8.5859 8.5573 8.5032 8.2013 8.1269 7.8907 
3.7247 7.1094 8.3982 8.9170 8.9439 7.8363 7.8373 8.2173 8.5201 8.2346 8.6187 8.4508 7.5621 8.0675 8.0774 8.7771 8.6727 8.5916 8.3445 8.8786 8.4949 8.7168 8.4511 8.3050 8.2109 8.2557 8.2784 7.8015 8.1135 7.8774 
4.7445 8.2233 9.0175 8.8832 8.3637 8.1914 7.3822 7.9773 8.1360 8.0036 7.1129 7.1259 7.4325 8.3115 8.1714 8.9473 8.4910 8.2070 8.7309 9.4999 8.9843 8.8577 8.7569 8.1750 7.7145 8.2129 8.4599 8.2378 8.0718 8.0370 
5.2553 7.2806 7.4455 7.5820 8.2208 8.1159 8.2688 8.3914 8.4519 7.7851 7.3993 7.2327 7.3633 7.6486 7.5451 9.1840 8.8599 8.5198 8.7754 9.7400 8.8277 8.7255 8.8425 8.8734 8.6735 8.6572 8.2406 8.2606 8.4183 8.3381 
4.6864 7.5396 8.2096 8.5419 8.9939 8.8250 7.5242 8.2088 8.1373 7.6605 7.8066 7.0465 6.0103 7.1586 7.7485 8.8158 8.6790 7.9819 8.7016 9.5299 8.8355 8.2778 8.7127 9.2714 9.2911 8.9173 8.2347 8.2045 7.8810 8.0923 
5.5028 7.9489 8.0226 8.4569 8.6177 8.2032 7.9855 7.5361 7.8170 7.8176 7.4078 7.5347 7.7480 8.0107 8.1793 8.7724 8.7028 7.9097 8.0363 9.0173 8.2288 7.9959 8.2932 8.9946 9.1844 8.9605 8.0493 7.7706 7.5003 8.3049 
4.6139 7.1740 8.2016 8.2185 7.7525 7.7901 7.1769 7.3084 7.5961 7.6890 7.8171 7.4009 7.2348 8.6115 7.8688 8.8447 8.4337 7.8779 8.3672 9.1933 8.5939 7.7044 7.8960 8.7053 9.2247 9.3291 9.5669 9.2400 8.6339 9.9948 
3.3758 8.0676 8.1696 8.2269 8.5389 7.8200 8.0297 8.4336 8.2783 7.0437 7.4112 6.7566 6.9251 8.2196 8.0102 9.1214 8.8139 8.0039 7.4697 9.0262 8.4840 8.0668 8.7528 9.3188 9.5577 9.7104 10.1017 9.7821 9.7095 10.2795 
4.5643 7.7889 8.3707 8.4339 8.2899 7.8747 7.7061 8.1087 8.0518 7.8651 7.7395 7.7527 7.7854 8.0962 7.9894 8.9500 8.6835 8.1348 7.6489 8.2807 8.5510 8.7552 8.4583 9.2914 9.1420 9.1475 9.5272 9.6731 9.8685 10.2226 
4.6741 7.4710 8.0044 8.5532 8.8197 8.6373 8.0896 7.0498 7.8895 7.4953 7.5686 7.5906 7.8812 8.5681 7.6945 7.6682 7.5588 7.5085 8.0339 8.8655 8.1078 8.6142 9.0407 9.6340 8.7548 9.2602 9.8564 9.6383 9.3975 10.1184 
5.5207 8.1693 8.4696 8.1401 8.9156 7.7911 7.8193 7.9300 8.0270 7.7325 7.8612 7.7017 7.7771 8.4688 7.9341 8.2678 8.0510 7.6043 7.9610 7.8505 7.4293 7.9390 8.9563 9.3750 9.2793 9.1692 9.5906 9.1089 9.3844 9.9044 
4.7339 7.6541 8.5064 8.6187 8.3274 7.9931 7.4789 7.9148 8.5286 8.2403 7.7811 7.3072 7.0893 7.2824 7.8716 8.5691 7.7901 8.2293 7.5238 8.1474 7.3081 8.3821 8.6453 8.6027 8.4045 8.5567 8.9404 8.7987 8.7969 8.8627 
4.5589 7.8407 8.8249 8.5980 7.9068 8.5604 8.2657 7.6724 8.3736 7.4262 7.1932 7.1489 7.0249 7.9479 7.4129 8.5518 8.2542 8.1925 7.6973 8.2789 7.9303 8.1462 8.3792 9.0362 8.3710 8.4116 8.5471 8.8576 8.5859 8.3033 
3.9148 8.0414 8.1090 8.2310 7.9055 7.5668 7.0590 7.8063 8.1771 7.1679 7.4041 6.8857 6.4746 7.7784 7.1346 8.3067 7.9799 7.5302 7.9356 7.6292 7.6935 8.2507 8.3516 8.9774 8.2873 8.1958 8.4683 8.0105 8.1797 8.3622 
5.5597 7.4958 7.2607 7.4445 7.6720 7.5372 7.2308 7.6316 8.0414 7.5477 6.6993 7.0065 6.3185 7.2959 7.7542 8.3670 8.1525 7.6507 7.6937 7.5953 7.1321 8.1997 8.0513 8.5190 8.1782 8.4136 8.7466 8.4974 8.1283 8.2798 
5.8815 8.0507 9.1251 9.3332 9.2815 9.5202 9.0210 8.9596 8.4905 8.5631 7.7622 7.0723 7.3755 7.9344 7.7541 7.7940 7.4305 7.8577 7.7660 7.1601 7.2170 7.8562 7.8897 8.3195 8.0567 7.8364 7.9567 7.9813 8.1247 8.2500 
6.4014 7.7801 9.3883 9.9922 9.1600 10.4629 10.5517 9.9211 9.9263 8.9459 8.6296 8.3845 7.9046 8.2025 8.1569 8.2189 8.1825 7.8866 7.9424 7.8708 8.0685 8.4818 9.0628 8.5197 8.0831 7.9391 7.9233 7.7610 7.4319 7.9263 
5.9093 6.9522 9.4701 10.0036 8.8020 9.9023 9.3955 10.4155 10.7395 10.5799 10.6665 8.9874 8.0296 8.1704 8.3720 8.3566 7.9988 8.3280 8.4290 7.6887 8.5222 8.4374 8.5267 8.6114 8.1535 7.8020 7.8438 7.6766 7.5840 7.9397 
4.8937 7.5987 9.5789 9.9817 8.8205 9.5317 9.1332 10.8575 11.3735 11.0917 11.0196 10.6980 9.9478 9.1291 9.0385 8.8258 8.8642 8.7154 8.7232 8.1035 8.7579 8.7345 9.7284 10.0131 8.6239 7.7335 7.5415 7.1852 7.4407 7.6861 
5.7299 6.6545 9.3582 10.0807 8.2717 9.3841 9.1274 10.2473 10.3012 11.1491 10.8364 10.6326 10.5487 10.5384 9.6201 8.9360 9.1048 9.0357 8.7644 8.5790 8.4761 8.8332 10.1864 10.2036 9.3570 7.9451 7.6896 7.5917 7.7337 8.0417 
5.1387 7.4707 9.2455 9.7217 8.6108 9.4667 9.1351 9.8589 9.8845 11.1319 10.7770 10.6701 11.1431 11.1666 9.8492 9.5781 9.3173 9.4138 8.9545 8.7588 8.7924 8.7421 10.2141 10.4668 9.6360 8.1271 7.4653 7.3058 7.1283 7.5620 
6.8530 7.5799 9.4139 10.0060 8.5568 9.1684 8.8122 9.9322 10.1359 10.7696 10.4620 9.6142 10.8010 11.0503 11.0056 10.1556 9.6013 9.6309 8.8394 9.0362 9.3254 8.8071 9.8316 10.2105 9.7008 8.3589 7.5447 7.4169 7.5204 7.7715 
6.7222 6.5761 9.1925 9.9857 8.3699 9.4100 9.3443 9.9471 10.2788 10.0713 10.2733 9.5677 10.0523 10.5282 11.7203 10.7509 10.1223 9.8141 9.0861 9.1374 9.6718 9.5055 9.6224 10.4240 9.9377 8.6190 7.6743 7.4681 7.4918 8.2306 
4.7301 7.6158 9.3557 10.0175 8.6528 9.2047 9.3083 9.8905 10.7647 9.6891 10.0548 9.3439 9.5842 9.9066 10.6049 11.2568 11.0387 10.1216 9.5125 9.0062 9.8868 10.1481 9.3946 9.3961 9.9001 8.7843 7.8996 7.5442 7.7746 7.7564 
5.3002 6.7438 8.9735 10.0671 8.6809 8.5847 9.1226 10.0371 10.9638 9.3053 10.0945 9.0923 9.1290 9.5381 9.8753 10.7655 10.9118 10.5788 9.8381 9.2929 9.8772 10.3216 9.6782 8.9973 9.6847 8.9641 7.8586 7.4552 7.7060 7.8172 
5.3631 7.7858 9.4876 10.4204 9.5900 8.6195 8.6540 9.6483 9.6684 8.1062 8.9086 8.5537 8.7896 9.1225 8.8724 9.7894 9.7022 8.9658 8.3620 8.1772 8.5524 9.1515 8.7645 8.5784 8.4399 8.4040 7.5212 7.5604 7.3051 7.2237 
6.0617 7.1197 9.0030 10.5366 9.5840 8.4853 9.1792 8.5658 8.5366 8.9573 8.9669 8.5761 8.8579 8.5414 8.1428 8.3041 8.2826 8.5557 8.1838 8.0511 7.7985 8.4222 8.9609 8.7931 8.3494 8.0002 7.3314 7.4875 7.6632 7.3387 
6.0469 7.3662 9.0056 10.7965 10.2041 7.7839 8.3313 8.0013 8.2254 8.4774 8.3622 8.6098 9.1033 9.0220 7.9940 8.5275 8.5667 8.9017 8.8460 8.1273 8.4515 8.6828 8.5957 8.8514 8.3858 7.8253 7.3798 7.5372 7.6549 7.3517 
5.8734 7.5090 8.1216 10.4307 10.4538 8.7629 8.7311 8.3921 8.0446 8.7991 9.2853 8.6458 8.5644 8.9212 8.2607 8.5773 8.4978 8.5648 8.2112 7.5708 8.3600 8.3724 8.5594 8.6001 8.1131 8.0402 7.5707 7.5393 7.1982 7.1020 
5.6658 7.5931 7.2275 9.9323 9.9605 8.8323 7.7970 8.2744 8.7536 9.0980 8.8951 8.6618 8.6645 8.3573 7.8905 8.8058 8.1381 8.4343 8.1792 7.8456 8.1463 8.3217 8.6543 8.6570 7.9444 7.6566 7.5301 7.6637 7.7134 6.8820 
5.3429 7.6929 8.4889 8.9031 8.7227 7.9435 7.9943 8.0971 8.1098 9.2917 9.2318 8.1096 8.2360 8.3933 8.5087 8.0379 7.8786 8.1199 7.8236 8.0122 8.4493 8.3401 8.2015 7.9194 7.9278 7.0403 7.2593 7.1594 7.9591 7.4874 
5.4871 7.4701 7.5585 8.3469 7.8226 7.9137 8.1837 8.4301 7.8323 9.4413 9.3986 8.8531 8.2598 8.3890 8.0013 8.2500 8.3516 8.3570 8.1547 7.8575 7.9491 7.7415 8.1302 8.2946 8.2187 7.9322 7.2360 7.1413 7.6553 7.0915 
4.3716 6.5890 7.6135 7.9635 7.5550 8.3163 8.6719 8.2699 7.9769 8.4508 8.4794 7.7882 8.2965 8.9398 8.2204 8.5965 8.3212 7.9692 7.7656 7.5221 8.0606 8.0906 7.7410 8.0133 7.9906 7.7176 7.3010 7.1101 7.3515 6.8733 
4.4897 6.1869 8.0677 9.2496 8.3359 8.3400 8.4738 8.5558 8.0196 8.7733 8.7730 7.9154 8.0890 8.6293 9.3411 8.1848 8.6849 8.6148 7.9850 8.0338 8.5662 8.5737 8.3836 8.1317 7.7841 7.0566 7.1570 7.1651 7.5344 7.4621 
4.6903 7.5077 8.1103 7.9222 7.9629 8.2907 8.7883 8.9062 7.8069 8.6587 8.7584 8.7418 8.6554 9.1100 9.0864 8.6714 8.7104 8.9104 8.6271 8.5556 8.6450 8.6652 8.5936 8.9420 8.1984 7.7633 7.6345 7.2555 6.7361 7.2514 
3.8991 7.9132 7.7780 8.2253 8.0975 8.3072 8.3418 8.5225 8.0944 8.6575 8.2844 8.2638 8.2320 8.4344 8.7162 8.9779 8.7080 8.8369 8.9414 8.9286 8.6851 8.5123 8.8118 8.5844 8.5078 7.8598 7.5952 7.3839 7.2502 7.3967 
5.6981 7.7387 7.7270 8.4349 8.7717 8.7460 9.1097 8.5278 7.2769 8.9740 8.8827 8.5616 7.6764 8.6937 8.8749 8.7581 8.7788 9.7286 8.9590 8.8126 8.9242 8.3352 8.6280 8.7850 8.6727 7.8351 7.4426 7.1985 7.6917 7.3357 
4.9056 7.6459 8.5637 8.1568 8.3174 8.1279 7.3048 8.4169 7.4418 8.4871 8.3853 8.5794 7.9478 8.2998 8.4510 8.7488 8.5918 8.8125 8.7349 8.3450 8.6065 8.4261 8.4727 8.9634 8.9796 8.2154 7.6219 7.5153 7.4143 7.1536 
5.2152 7.7619 8.1473 7.6925 7.2410 7.5850 7.4336 8.0125 8.3144 8.4901 8.5754 8.4671 8.6030 8.4098 7.7723 9.0321 8.4882 8.7290 8.8266 8.4292 8.2912 8.1309 8.9070 9.0351 8.5735 8.0414 7.7495 7.5110 7.2874 7.1261 
6.7568 7.7007 8.1695 7.9082 7.9349 8.2982 8.1291 7.6502 7.2713 7.7230 8.1940 7.1497 8.1743 8.8102 8.5574 8.3460 8.1485 8.4103 8.2828 7.8629 8.1810 7.5474 8.5451 8.4153 8.1354 7.8102 7.6071 7.3320 7.5779 7.1265 
3.8290 4.3822 4.7349 4.8828 5.0685 5.3091 5.2076 4.6466 4.7689 5.5206 5.9648 5.2966 6.2428 7.0208 6.8341 6.7603 6.3914 6.9230 6.7224 6.5507 7.0252 6.3587 7.4577 7.6386 7.3988 7.1802 7.0702 6.9411 7.2188 6.9099 
0.7531 1.0844 1.4537 1.8434 2.1373 2.3591 2.2990 1.6979 2.2800 3.2974 3.7990 3.4271 4.3829 5.2432 5.1511 5.2578 4.8507 5.5519 5.3918 5.2840 5.9232 5.4066 6.5137 6.9020 6.7367 6.6457 6.5855 6.5760 6.8786 6.7207 
-2.4756 -2.2318 -1.7892 -1.2345 -0.8476 -0.5820 -0.5739 -1.0484 -0.1529 1.0823 1.6706 1.5383 2.5576 3.4763 3.4973 3.7818 3.4855 4.2502 4.1643 4.0694 4.8588 4.4916 5.6771 6.1874 6.1112 6.1431 6.1185 6.2238 6.5516 6.5435 
-5.8815 -5.6279 -5.0368 -4.3350 -3.8611 -3.5207 -3.3965 -3.4603 -2.5133 -1.1106 -0.4307 -0.3738 0.7515 1.7194 1.8653 2.3148 2.1683 2.9677 2.9554 2.8970 3.8205 3.6036 4.8766 5.4852 5.4999 5.6464 5.6613 5.8797 6.2349 6.3752 
-9.5163 -9.1421 -8.2842 -7.4455 -6.8891 -6.4535 -6.1505 -5.7638 -4.8224 -3.2779 -2.5116 -2.3070 -1.0418 -0.0280 0.2503 0.8510 0.8552 1.6936 1.7533 1.7640 2.8026 2.7440 4.0929 4.7910 4.8944 5.1521 5.2112 5.5415 5.9268 6.2139 
-13.5588 -12.6957 -11.4864 -10.5559 -9.9234 -9.3721 -8.8214 -8.0752 -7.0846 -5.4220 -4.5777 -4.2567 -2.8243 -1.7668 -1.3500 -0.6110 -0.4614 0.4243 0.5553 0.6669 1.8012 1.9020 3.3196 4.1028 4.2920 4.6599 4.7668 5.2080 5.6261 6.0583 
-17.6465 -15.7966 -14.6224 -13.6579 -12.9598 -12.2626 -11.4084 -10.4192 -9.3016 -7.5468 -6.6341 -6.2165 -4.5967 -3.4979 -2.9366 -2.0716 -1.7805 -0.8415 -0.6390 -0.4012 0.8132 1.0727 2.5532 3.4201 3.6915 4.1705 4.3273 4.8785 5.3319 5.9076 
-19.2893 -18.7802 -17.7409 -16.7443 -16.0001 -15.1013 -13.9244 -12.7940 -11.4748 -9.6558 -8.6855 -8.1777 -6.3593 -5.2225 -4.5095 -3.5304 -3.0999 -2.1045 -1.8295 -1.4475 -0.1637 0.2496 1.7915 2.7425 3.0928 3.6845 3.8922 4.5523 5.0437 5.7609 
-21.4993 -21.7034 -20.7298 -19.8535 -19.0535 -17.8474 -16.3918 -15.1866 -13.6083 -11.7516 -10.7367 -10.1272 -8.1127 -6.9415 -6.0683 -4.9875 -4.4177 -3.3647 -3.0164 -2.4789 -1.1310 -0.5695 1.0335 2.0698 2.4959 3.2024 3.4614 4.2291 4.7610 5.6177 
-24.9533 -24.3190 -23.1715 -23.1600 -22.1847 -20.4704 -18.8313 -17.5712 -15.7088 -13.8368 -12.7931 -12.0478 -9.8577 -8.6557 -7.6125 -6.4427 -5.7324 -4.6219 -4.2001 -3.5008 -2.0903 -1.3851 0.2784 1.4018 1.9008 2.7239 3.0349 3.9082 4.4835 5.4776 
-23.9136 -24.9533 -25.3588 -inf -23.8738 -22.8059 -21.2390 -19.9151 -17.7868 -15.9134 -14.8613 -13.9221 -11.5958 -10.3656 -9.1420 -7.8961 -7.0429 -5.8759 -5.3811 -4.5163 -3.0424 -2.1968 -0.4742 0.7383 1.3075 2.2485 2.6129 3.5896 4.2109 5.3403 
-23.5670 -22.8303 -23.1678 -23.3232 -23.8547 -22.9742 -23.0858 -22.0631 -19.8534 -17.9864 -16.9512 -15.7317 -13.3285 -12.0712 -10.6571 -9.3474 -8.3486 -7.1266 -6.5597 -5.5267 -3.9882 -3.0044 -1.2246 0.0791 0.7162 1.7758 2.1961 3.2728 3.9432 5.2055 
-22.8739 -22.7445 -23.0911 -22.4684 -23.1615 -22.3410 -22.6507 -22.5476 -21.7551 -20.0307 -19.0901 -17.4771 -15.0577 -13.7716 -12.1589 -10.7963 -9.6493 -8.3734 -7.7364 -6.5322 -4.9281 -3.8074 -1.9727 -0.5760 0.1275 1.3061 1.7855 2.9579 3.6801 5.0731 
-22.1807 -21.8627 -21.4024 -21.7048 -21.8891 -22.2490 -21.8460 -21.7642 -22.0209 -22.3249 -21.8817 -19.1316 -16.7780 -15.4629 -13.6487 -12.2422 -10.9450 -9.6163 -8.9113 -7.5327 -5.8628 -4.6056 -2.7187 -1.2272 -0.4574 0.8394 1.3808 2.6443 3.4217 4.9428 
-21.1410 -21.4294 -21.4490 -21.8930 -21.5879 -21.1479 -21.1635 -21.5182 -21.0363 -21.2334 -21.1395 -20.5006 -18.4639 -17.1302 -15.1261 -13.6836 -12.2359 -10.8546 -10.0846 -8.5279 -6.7923 -5.3990 -3.4624 -1.8748 -1.0387 0.3749 0.9814 2.3319 3.1679 4.8146 
-19.9897 -21.1999 -20.5067 -20.7187 -21.4876 -21.5314 -20.8161 -20.3425 -20.3542 -20.8183 -21.1213 -21.5521 -20.0163 -18.6359 -16.6007 -15.1211 -13.5231 -12.0884 -11.2559 -9.5176 -7.7168 -6.1875 -4.2038 -2.5191 -1.6168 -0.0879 0.5870 2.0204 2.9186 4.6883 
-19.7547 -21.1999 -19.5904 -20.0255 -19.8954 -19.6061 -19.7988 -20.0270 -19.7072 -20.3165 -21.1686 -19.8748 -20.1419 -20.0637 -18.1975 -16.5699 -14.8108 -13.3178 -12.4246 -10.5012 -8.6363 -6.9714 -4.9424 -3.1602 -2.1915 -0.5493 0.1972 1.7097 2.6739 4.5639 
-inf -19.3695 -20.3952 -19.5904 -19.5417 -20.5713 -19.5032 -20.0367 -19.2331 -19.9727 -19.7681 -20.0199 -19.2806 -19.5947 -19.2436 -17.9126 -16.0819 -14.5425 -13.5901 -11.4789 -9.5508 -7.7508 -5.6783 -3.7983 -2.7626 -1.0094 -0.1879 1.3996 2.4339 4.4413 
-19.4081 -19.1204 -19.1204 -18.6947 -18.7795 -19.3475 -18.4920 -18.3950 -18.8401 -18.9146 -19.0537 -18.6269 -18.7478 -18.7558 -18.6108 -18.1329 -17.0785 -15.7190 -14.7391 -12.4504 -10.4600 -8.5260 -6.4108 -4.4336 -3.3299 -1.4683 -0.5687 1.0901 2.1984 4.3203 
-inf -17.6624 -17.6768 -18.2041 -18.2562 -18.4763 -17.8188 -17.9890 -18.1649 -17.9372 -17.6216 -17.6353 -17.7559 -17.7562 -17.9641 -17.7896 -17.7848 -16.9245 -15.9343 -13.4186 -11.3649 -9.2976 -7.1399 -5.0663 -3.8929 -1.9261 -0.9451 0.7811 1.9675 4.2010 
-18.0218 -17.3084 -16.7935 -17.7038 -17.1522 -18.0435 -17.2220 -17.8009 -18.0218 -17.7433 -17.8812 -17.9165 -18.2554 -17.9873 -17.6792 -17.5245 -17.2086 -17.7477 -17.2034 -14.3781 -12.2622 -10.0655 -7.8650 -5.6966 -4.4514 -2.3829 -1.3175 0.4726 1.7413 4.0833 
-17.3287 -16.3326 -16.2905 -16.7276 -17.0259 -16.9668 -16.1961 -16.9012 -16.7012 -17.3977 -16.4702 -17.1772 -16.5285 -16.7748 -16.8843 -16.7306 -16.7966 -17.1641 -16.8515 -15.1943 -13.1389 -10.8299 -8.5859 -6.3246 -5.0052 -2.8387 -1.6860 0.1645 1.5197 3.9672 
-16.6355 -inf -inf -17.7341 -15.9380 -17.7034 -15.7130 -17.5518 -inf -16.2991 -16.2075 -16.6863 -16.4894 -16.4186 -16.1691 -16.0368 -16.2867 -16.5262 -16.6894 -15.8191 -13.9982 -11.5889 -9.3018 -6.9503 -5.5540 -3.2936 -2.0508 -0.1433 1.3027 3.8525 
-15.1377 -16.3479 -16.3479 -15.4254 -15.5356 -16.3968 -15.5513 -16.3479 -15.6547 -15.8396 -15.9202 -16.3615 -15.1356 -15.2879 -15.9567 -16.0047 -15.8172 -16.0129 -16.2127 -15.5110 -14.7978 -12.3632 -10.0129 -7.5740 -6.0977 -3.7476 -2.4121 -0.4507 1.0904 3.7394 
-15.2492 -14.5459 -15.6244 -14.0209 -15.1886 -15.4076 -14.2056 -15.2492 -15.7093 -14.9312 -15.2871 -14.9385 -14.9104 -14.7403 -14.5546 -14.7271 -14.5155 -14.9993 -14.8701 -14.6232 -14.7882 -13.1555 -10.7129 -8.1951 -6.6361 -4.2008 -2.7700 -0.7579 0.8825 3.6276 
-14.5561 -13.7088 -13.8920 -13.8629 -14.2056 -13.6249 -13.8150 -14.9292 -14.5540 -13.9461 -14.1103 -13.8686 -13.8727 -14.5573 -14.1120 -14.0196 -13.9715 -14.7319 -14.3522 -14.0339 -14.4554 -13.7527 -11.4428 -8.8171 -7.1688 -4.6531 -3.1247 -1.0647 0.6792 3.5173 
-13.8629 -13.5753 -13.5753 -14.2684 -13.2472 -14.1506 -13.4575 -13.8273 -13.9484 -14.0287 -14.4431 -14.1766 -13.6547 -13.7103 -13.4340 -13.2970 -13.7278 -13.9276 -13.8128 -13.8688 -13.7066 -13.5675 -12.2117 -9.4377 -7.6962 -5.1046 -3.4763 -1.3714 0.4804 3.4083 
-12.4766 -13.1312 -13.5179 -13.5753 -14.1932 -13.6398 -12.9522 -13.0901 -12.9557 -13.4355 -12.7856 -12.7973 -12.8587 -13.1401 -12.6961 -13.1927 -13.0669 -13.4777 -12.9500 -13.1258 -12.9861 -12.8908 -12.5269 -10.0396 -8.2200 -5.5554 -3.8249 -1.6779 0.2859 3.3007 
-11.7835 -12.8821 -inf -11.9873 -12.5789 -11.6589 -12.4327 -11.7620 -12.1549 -12.2742 -12.0252 -12.0748 -12.3963 -12.1158 -12.3070 -12.5009 -12.8883 -12.3445 -12.1845 -12.0961 -12.2945 -12.6631 -12.5282 -10.7883 -8.7418 -6.0057 -4.1708 -1.9842 0.0956 3.1943 
-11.7835 -12.8821 -12.8821 -11.4958 -11.5074 -11.7396 -11.5133 -12.4526 -11.3365 -12.0937 -12.2315 -11.8705 -11.8493 -11.9797 -11.6179 -11.5585 -11.5532 -11.9236 -11.8718 -11.7328 -11.7845 -11.7229 -11.7625 -11.3346 -9.2390 -6.4558 -4.5140 -2.2904 -0.0904 3.0893 
-11.0904 -12.8821 -10.6849 -11.4655 -11.9954 -11.0464 -10.6747 -10.5200 -11.9608 -11.0594 -11.0545 -11.0607 -10.5734 -10.9324 -10.6572 -10.9357 -10.8492 -11.1015 -10.9594 -10.9355 -10.9512 -10.9552 -11.0527 -11.0011 -9.6384 -6.9054 -4.8547 -2.5966 -0.2725 2.9854 
-9.7041 -10.0943 -10.0378 -10.2288 -10.4189 -10.0061 -10.2269 -10.4763 -10.3563 -10.3152 -10.2689 -10.1230 -10.1794 -10.2385 -10.0062 -9.9206 -10.5514 -10.3541 -10.4117 -10.4169 -10.3489 -10.0392 -10.4862 -10.3711 -9.9501 -7.3230 -5.1922 -2.9024 -0.4506 2.8828 
-9.5925 -8.9257 -10.0792 -9.1122 -9.4681 -9.3956 -10.1797 -10.1017 -9.4127 -9.7857 -9.4544 -9.3782 -9.7130 -9.9919 -9.6415 -9.4538 -9.7296 -9.4555 -9.7517 -9.9768 -9.5699 -9.5934 -9.6821 -9.6235 -9.7311 -7.7525 -5.5281 -3.2086 -0.6249 2.7814 
-9.7041 -11.4958 -9.8864 -9.3590 -9.5925 -9.6467 -8.4317 -9.1504 -9.1932 -9.9157 -9.5952 -9.8218 -9.0670 -9.1367 -9.3108 -9.5517 -9.7823 -9.5479 -9.3042 -9.2952 -9.3808 -9.6808 -9.5311 -9.4439 -9.6525 -8.2233 -5.8652 -3.5150 -0.7957 2.6811 
-7.5130 -10.8027 -8.2920 -7.8068 -9.0109 -8.0227 -8.2413 -8.9539 -9.2180 -8.6804 -8.2047 -8.3210 -8.3487 -8.0671 -8.2683 -8.3992 -8.4208 -9.0007 -8.7014 -8.6566 -8.5583 -8.4769 -8.5902 -8.7744 -8.5763 -8.4145 -6.2055 -3.8215 -0.9628 2.5820 
-8.3178 -7.8853 -7.8125 -8.9070 -7.9660 -8.3178 -7.9818 -8.0142 -7.5887 -7.4297 -7.5544 -7.8431 -7.5357 -8.1063 -7.9781 -7.6571 -7.5412 -7.9176 -8.0509 -7.8375 -7.8906 -7.9265 -7.9708 -8.0691 -7.8418 -7.6768 -6.4047 -4.1319 -1.1270 2.4839 
-inf -7.0895 -7.6246 -8.5780 -7.9123 -8.2875 -6.8220 -7.3422 -7.1038 -7.6805 -7.1334 -7.3369 -7.0554 -7.5516 -7.3385 -7.3009 -6.9940 -7.2288 -7.0658 -7.4089 -7.4275 -7.3468 -7.6131 -7.6866 -7.5138 -7.0880 -6.4709 -4.4253 -1.2879 2.3870 
-5.8918 -8.0301 -6.9315 -6.3237 -6.9532 -6.1704 -6.9591 -6.5887 -6.4985 -6.3786 -6.3192 -6.3394 -6.6123 -6.2417 -6.3491 -6.3911 -6.6923 -6.8899 -6.2210 -6.6824 -6.6759 -6.6656 -6.5826 -6.5638 -6.5119 -6.4935 -6.5240 -4.7087 -1.4459 2.2911 
-inf -5.8933 -5.8933 -7.1651 -5.9199 -5.9142 -5.6523 -5.7174 -5.6585 -6.1658 -5.6955 -6.2571 -5.5301 -5.7482 -6.4024 -6.0550 -5.9397 -5.8246 -5.7938 -5.5309 -5.9601 -5.8056 -6.0042 -5.9664 -6.0521 -6.0172 -6.0072 -4.9786 -1.5983 2.1963 
-inf -4.8317 -5.0693 -5.2497 -5.1094 -5.3634 -5.5258 -5.1969 -5.2552 -5.2091 -5.5192 -6.6437 -5.6602 -6.2228 -5.9306 -5.0348 -5.4012 -5.2673 -5.1330 -5.1728 -5.4184 -5.3028 -5.5714 -5.4597 -5.4012 -5.1977 -5.2826 -4.9402 -1.7572 2.1025 
-4.1589 -3.7465 -5.9506 -4.8946 -4.0411 -4.7342 -4.3478 -4.1820 -4.4404 -4.8506 -4.7697 -5.2167 -4.4254 -4.5167 -5.1242 -5.1098 -5.1965 -4.9557 -5.0883 -4.5636 -4.5409 -5.0767 -4.8027 -4.9614 -4.7707 -5.1139 -5.0033 -4.7522 -1.8819 2.0095 
-4.1589 -5.2575 -3.6481 -5.2575 -3.8455 -4.3708 -3.9580 -3.3769 -3.2943 -3.6608 -3.8032 -3.8536 -3.7026 -3.4559 -3.8910 -3.9351 -3.8838 -3.6201 -3.8432 -3.5459 -3.9463 -4.0168 -3.9855 -4.1602 -4.0681 -3.9422 -3.8794 -3.7372 -1.9797 1.9176 
-3.1192 -5.2575 -3.3618 -3.1315 -3.4657 -6.2383 -3.3511 -2.9109 -2.9312 -2.9704 -3.9626 -3.8179 -3.5757 -3.5458 -3.5424 -2.9447 -3.3889 -3.7184 -3.6835 -3.3968 -3.5537 -3.6860 -3.6169 -3.6344 -3.5478 -3.6293 -3.5457 -3.5276 -2.0824 1.8264 
-2.7726 -1.5625 -2.4696 -2.9549 -2.7726 -3.0603 -3.0603 -2.8521 -3.2077 -3.5251 -3.0225 -2.8324 -2.3719 -2.4573 -2.4703 -3.1250 -2.8205 -2.8694 -2.5200 -2.5924 -2.8809 -3.0974 -2.8879 -2.9706 -2.8451 -2.7747 -2.7914 -2.7274 -2.0837 1.7410 
-inf -1.9501 -1.7329 -inf -2.7152 -3.0649 -2.3263 -1.6441 -1.7937 -2.4905 -2.1990 -1.9494 -1.7204 -1.7980 -1.8649 -2.0872 -1.6582 -2.2783 -2.0713 -2.0449 -2.3051 -2.3573 -2.4422 -2.1302 -2.3751 -2.3377 -2.3050 -2.0875 -1.9114 1.6459 
