17.9147 -1.3982 -0.4269 -1.4901 -0.4612 1.5100 0.1356 -0.0382 0.1409 -0.4117 -0.5550 0.1141 -0.6544 
18.8555 -0.5054 -1.1135 -0.7883 -1.1555 -0.7172 0.0482 -0.3953 -0.4209 -0.2003 -0.1042 -0.2987 -0.2645 
18.2867 -0.1844 -0.4053 -0.6864 -0.7516 0.3421 -1.1131 -0.5632 -0.3308 0.2541 -0.2993 0.0556 0.0154 
17.5271 -1.7771 -1.3962 -0.7809 -1.1139 0.7124 -0.0562 -0.2163 0.1455 0.4669 -0.0434 -0.8515 -0.4855 
18.4598 -1.7104 -1.5480 -2.1257 -1.0169 0.3606 0.0338 0.4110 -0.2530 0.1146 0.5079 0.5755 0.4091 
17.6247 -0.5361 0.3759 -0.0606 -1.0962 -1.2702 -1.8833 0.3512 0.3443 -0.0485 0.0754 0.1155 -0.4797 
18.2564 -1.4971 -1.3251 -1.7306 -1.4587 0.2602 0.4652 -0.0176 -0.0010 0.7123 -0.2710 0.3100 0.0420 
19.6864 0.4974 0.2164 -0.9739 -1.1677 -0.8970 -0.7911 0.0243 -0.4164 -0.4892 -0.0598 -0.0405 -0.0229 
18.1615 0.6160 0.1408 -0.8405 0.1651 -0.7081 -0.7531 -0.7631 -0.1906 -0.2501 -0.0014 -0.1898 -0.2620 
19.5560 0.7911 -0.9078 -0.6619 0.5086 -0.7755 -0.4874 -0.3351 -0.6176 -0.4227 -0.0867 0.4912 -0.2222 
18.9322 -1.3047 -0.8488 -1.3242 -0.7783 -0.3488 -0.6716 -0.4824 -0.3252 0.0037 -0.2334 -0.0258 0.0384 
19.6863 -0.2084 -0.6312 -1.0494 -0.8243 0.2614 0.2114 -0.1567 -0.8939 -0.5280 -0.1584 -0.2145 -0.0361 
18.6265 -0.8917 -1.0878 -1.4153 -0.1223 0.2462 -0.5381 0.1392 -0.1064 0.1888 -0.0627 -0.3208 -0.5127 
18.1454 -0.4747 0.0033 -1.1763 -0.6254 -0.6474 0.1661 0.3002 -0.7732 -0.0392 0.1402 0.6041 -0.0216 
20.4209 -0.3416 -0.0195 -1.3399 -1.3919 -0.4229 0.4707 -0.1504 -0.5799 -0.1049 -0.2469 -0.0879 -0.4226 
17.3205 -1.0822 -0.7658 -0.8313 -0.8714 -1.1414 -0.9037 0.6310 -0.2472 -0.0709 -0.6543 -0.5067 -0.2035 
20.1524 0.1108 1.0418 -0.8452 -1.2803 -0.5137 0.1609 -0.5086 -0.6480 -0.4341 -0.1457 0.4378 -0.2054 
19.6584 -0.3238 0.0555 -0.3782 -1.4930 -0.1189 -0.2421 -0.3343 -1.0870 0.2512 0.5088 -0.2109 -0.3809 
18.2528 -2.3094 0.0379 -0.9861 -0.7877 -0.9700 -1.5584 0.0875 0.4822 -0.5551 -0.9375 -0.1230 0.9462 
19.3230 -0.3609 -0.2878 -1.2797 -0.3143 -0.2074 -0.5377 -0.0841 -0.2605 -0.9201 -0.2434 -0.4999 0.2413 
19.9181 0.3674 -0.2309 -1.4148 0.0088 -1.0994 -0.7856 -0.0901 -0.4921 -0.1211 -0.1894 -0.1452 -0.2526 
19.7710 -0.4100 -0.4020 -1.1899 -0.1501 -1.2358 -0.7070 -0.5583 -0.1000 0.0521 -0.5009 0.2428 0.0563 
19.2886 -1.1034 -1.4266 -1.9595 -1.3271 -1.6613 -0.5121 -0.8079 -0.5274 -0.0289 -0.0111 -0.3869 -0.5388 
19.9863 -0.0608 0.4352 -0.6268 -0.1674 -0.2078 -1.0984 -1.0035 -0.4755 -0.2842 0.2448 -0.0347 0.1640 
19.0958 -0.1564 0.0493 -0.9163 -1.2663 -0.6778 -0.7901 0.4070 0.1327 -0.0837 0.3039 0.0823 0.1613 
18.3331 -0.4792 -1.0378 -1.2445 -1.8075 -1.0705 -1.2410 -0.6066 -0.0459 -0.4370 0.1470 -0.0437 0.4003 
17.6706 -1.2551 -1.3533 -0.7252 -1.4624 -1.2062 0.3207 0.9183 0.7308 0.8682 -0.1246 0.1010 0.7476 
19.1291 -0.5512 -0.3110 -0.6813 -0.8734 -1.1809 -1.2243 -0.7623 -0.9463 0.5839 0.3067 -0.3424 -0.4320 
19.0006 -1.0648 -0.8470 -0.4142 -0.0997 -0.4300 -0.7059 -0.3706 -0.3976 -0.9992 -0.4716 -0.2328 0.7322 
18.3136 -0.7243 -1.4804 -2.0331 -0.8356 -0.1856 -1.2008 -0.4575 0.0157 0.3873 0.0059 0.1248 -0.2038 
16.7220 -1.8944 -1.7241 -2.0130 -1.5344 -0.9470 0.0107 0.4657 0.4396 -0.6250 0.1605 0.0423 0.7515 
19.1613 -1.9330 -0.9187 -1.4709 -1.2073 -0.0267 -0.3849 -0.3485 0.1466 0.0888 -0.1408 -0.1418 -0.0576 
18.7346 -1.7970 -1.6401 -0.5034 0.1171 -0.2187 -0.4119 -0.2902 0.6182 0.6894 -0.5354 -0.2310 -0.4673 
19.5593 0.9207 0.5389 -0.9841 -1.3148 -0.0819 -0.6658 -0.7438 -0.3629 0.1600 -0.2777 0.1853 -0.1274 
18.2725 -0.5207 -1.2290 0.1013 0.4152 0.0215 -0.1426 0.5441 -0.5817 -0.5391 -0.2410 0.3658 -0.7947 
18.9420 -0.4226 -0.2983 -0.6034 -2.0429 -0.7913 -0.1899 0.6930 -0.6411 -1.1532 -0.6353 0.3760 -0.2068 
19.3217 0.3699 -2.3147 -0.6704 -2.1720 -0.5462 -0.6676 0.1493 -0.0111 0.3311 -0.0240 -0.3719 0.4467 
19.1293 0.9382 -0.8851 -0.7743 -1.9771 -0.7929 -1.5844 -0.0701 -0.0516 -0.2756 -0.2556 -0.6040 0.5536 
17.9742 0.1063 0.3256 -0.7840 -0.1275 -1.3275 -1.3387 1.4204 -0.4470 -0.4698 -0.4268 -0.4943 -0.3817 
18.6325 0.4860 -0.7113 -0.8305 0.2095 -0.1161 -0.7958 -0.9379 -0.3439 -0.8162 0.0121 -0.1401 -0.1819 
18.1382 0.7202 -0.3775 -2.1398 -0.0709 0.2596 0.6040 -1.0015 -0.0773 -0.0315 -0.8805 -0.2029 0.5493 
18.1485 -0.9607 -1.6009 0.4103 -0.4571 0.1879 0.0727 -0.7832 -0.0941 -1.0481 -0.9821 -0.0422 -0.2812 
19.4404 -0.0961 -0.4866 -0.4787 -1.0758 -0.6967 -0.1665 -0.1851 -0.1864 -0.0891 -0.6982 -0.4275 0.2977 
18.0840 -1.3391 -1.8206 -0.6060 -0.4172 0.6036 0.4951 0.9510 -1.0299 -1.3705 -0.3662 -0.3990 -0.3019 
18.1097 -1.5578 -1.9068 -1.3356 -0.7883 0.3744 0.6283 -0.5259 -1.4096 -0.3528 -0.9128 -0.3448 -0.0571 
18.3730 -0.5866 -0.6833 -1.5049 -0.8072 -0.9745 -0.9341 -0.6745 -0.1889 -0.3936 -0.2250 -0.0568 0.0217 
18.6686 -0.5750 -0.7938 -0.9488 -0.8777 -0.1419 -0.3989 0.1181 0.0295 -0.3663 -0.0094 0.4030 0.1063 
18.0376 -0.7952 -0.4391 -0.2280 -0.3272 -0.3991 -0.2321 -0.3483 -0.5179 -0.7943 -0.1158 -0.5723 0.1002 
17.9503 -0.4001 0.2671 -0.2695 0.0574 -0.7398 -0.7193 -0.3112 0.3448 -1.1543 -0.8880 0.1809 0.6016 
18.6942 -0.2771 -1.2849 -1.0591 -0.3832 -0.9322 -0.4819 0.2174 -0.9168 0.0390 -0.8072 -0.2755 0.2387 
18.0987 -0.2694 -0.9128 -1.5489 -1.1370 -0.0272 -0.4137 0.5516 -0.3478 -0.2637 -0.1471 0.1059 -0.2395 
17.5674 -0.7460 -1.6529 -1.2524 -1.1884 0.3665 -0.4382 -0.3659 -0.4963 -0.2044 -0.3440 0.2903 -0.2905 
19.0441 -1.4276 -0.7250 0.2720 0.5073 -0.1828 -1.2018 -0.5869 -0.4315 0.1577 -0.1475 0.1658 0.0308 
19.5224 -0.8386 -0.0695 -0.3861 -0.1626 -1.1399 -1.2082 -0.7608 -0.0284 -0.4601 -0.1357 -0.2774 -0.0885 
19.1709 -0.0377 -0.5871 -1.1034 -0.4038 0.8974 -0.5212 -0.1723 -0.6869 -0.2440 -0.1549 -0.3067 -0.3165 
18.4137 -0.4853 -0.5501 -0.7869 -1.1816 0.0812 -0.4959 -0.2247 -0.1322 -0.0772 -0.2221 -0.2318 0.0036 
18.6826 -0.0621 0.0838 -0.4866 -1.2206 0.2251 -0.3984 0.8986 -0.5848 -1.0725 -0.1870 0.1369 -0.1207 
18.1339 -0.2061 -1.7962 -2.1237 -0.8325 -0.8344 0.8593 -0.9179 -0.0650 -0.3026 -0.3146 -0.2199 0.1294 
18.5835 -0.7803 -0.0609 -0.9176 -1.1106 0.5788 0.9590 -0.3928 -0.3111 -0.5549 -0.0710 -0.0181 -0.3317 
19.7175 0.2395 0.0059 -1.1620 -1.2697 -0.0328 -0.1246 -0.5770 -0.3652 -0.2484 -0.0120 -0.2449 -0.3852 
17.7121 -1.8340 -1.4942 -0.2660 0.3191 0.0434 -0.5269 0.4607 -0.4642 -0.2716 -0.3797 0.4929 1.0716 
18.3008 -0.2610 0.1169 0.4248 -0.4204 -1.0646 -0.8341 1.0377 0.1985 0.1851 -1.3221 -0.6513 0.3492 
18.5094 -1.0074 -0.4848 -0.0188 -1.0656 0.4175 -0.7111 -1.2476 -0.5616 -0.1460 -0.1220 -0.1807 -0.2912 
17.6113 -0.0722 -1.7739 -1.3994 -1.2460 -2.3244 -1.1817 -0.0114 -0.4464 -1.3336 -0.0754 -0.3965 -0.1201 
18.4509 -1.6173 -1.1224 -0.8646 -0.1704 -0.3648 0.0146 0.4422 -0.8545 -1.4904 0.1112 -0.3858 0.1377 
19.4003 -0.7910 -0.7953 -0.8239 -1.3450 -1.0099 -1.0483 0.0301 0.0916 -0.4956 0.0293 0.1451 -0.3255 
16.8014 -3.1139 -2.7535 -1.6530 -0.6293 0.2579 0.6423 0.3255 0.6413 0.4321 0.8279 0.9713 0.4113 
17.2975 -2.9365 -2.0026 -2.2675 -0.4018 0.0873 0.3265 -0.4396 -0.1981 0.0695 -0.4405 -0.1061 0.4829 
16.7375 -0.8939 -1.6553 -1.9388 -1.0082 -0.7309 -0.7250 -0.0159 0.3931 0.2313 0.4590 0.5444 0.2044 
19.0664 -1.5014 -1.5533 -0.9463 -1.5087 -0.3097 -0.1701 -0.3140 -0.5855 -1.0779 -0.1816 0.0022 -0.1091 
19.2208 -1.7771 -1.4218 -1.3917 -0.7513 -0.3093 0.2269 -0.0383 -0.7806 0.3362 -0.1756 -0.0928 0.1435 
17.9949 -0.7157 -0.3999 -1.5741 -1.1019 -0.6518 -0.2030 -0.3865 -1.1002 -0.7586 0.1334 0.5319 -0.4413 
19.5542 -0.1163 -0.7737 -1.4197 -1.2011 -0.2180 -0.7357 -1.4984 -0.7275 -0.1696 0.3324 -0.3640 0.1139 
17.1609 -0.7341 -0.3305 -0.5995 -1.3475 0.9601 -0.4711 -0.7701 0.9145 0.1644 -0.6023 -0.4825 -0.5217 
18.7152 -0.8635 -0.3369 -1.3025 -1.3257 0.1313 -0.9815 -1.2185 -0.6416 -0.5745 0.0982 0.3895 -0.5124 
17.8456 0.3811 -0.4770 -1.5634 -1.1370 -0.1380 -0.3522 -0.0792 0.3070 -0.1722 -0.8021 -0.6248 0.1348 
19.4035 -1.4931 -0.5436 -0.6747 -1.4630 -0.3990 -0.4589 0.8367 0.1070 0.2000 -0.1123 -0.1400 -0.0555 
18.1182 -1.0228 -0.1539 -1.9637 -0.6783 0.2887 -0.5392 -0.2574 -0.5994 -0.5108 0.5169 0.2367 -0.3952 
26.8225 2.2637 -2.3093 -0.5118 -2.7294 -0.7510 -0.4247 -0.2790 -0.2181 -0.3606 -0.2220 0.0464 -0.1697 
25.7433 2.1744 -1.9851 -0.7322 -2.3205 -0.8711 -0.7158 -0.5049 0.9905 -0.3301 0.0719 0.3404 -0.6279 
21.9209 -0.3993 -1.6340 -0.7813 -1.8644 -0.0344 0.2434 -0.6806 -0.5388 -0.6863 -0.6932 -0.1740 0.0363 
23.7025 1.1181 -0.7031 -1.1570 -0.7777 -0.3517 -0.3233 -0.5996 0.7408 0.4459 0.0704 -0.4765 -0.3443 
29.5811 2.5360 -4.0757 -0.6975 -2.5203 -0.9436 -0.7365 -0.6563 -0.0982 -0.5035 -0.4606 -0.0224 -0.3855 
29.7969 2.3114 -3.2962 -0.3903 -1.7548 -0.9240 -1.2367 -0.2926 0.9550 -0.6052 -0.2243 0.0836 0.8230 
32.1002 1.9478 -3.5971 -0.6955 -1.1563 0.0471 -0.6549 0.4775 0.9084 -0.0543 -0.3122 -0.5728 -0.7713 
32.6252 2.1087 -4.0264 -0.6883 -1.3138 -0.3502 -0.3012 -0.0348 0.1794 -0.3364 -0.6548 0.0119 -0.7605 
33.5324 2.1252 -4.3622 -0.2346 -1.1442 0.0837 -0.5118 0.1398 -0.3839 -0.2201 -0.7742 0.0158 -0.3238 
34.1365 1.1329 -4.5906 -0.0328 -1.5439 -0.0352 -0.7480 -0.1337 -0.1928 -0.9561 -0.8103 -0.3638 -0.4511 
34.3661 1.8560 -3.7738 0.2241 -1.6591 0.6389 -1.5416 0.4155 0.1779 -1.0137 -0.5296 0.2111 -0.5328 
34.9885 0.6229 -3.7262 0.2098 -1.9186 0.2749 -1.7334 0.4214 -0.0616 -1.1881 -0.9914 0.0205 -0.7536 
35.3815 0.4906 -2.6841 -0.1059 -2.0328 0.5460 -1.3770 0.3898 -0.0183 -0.8082 -0.9191 0.1735 -0.4013 
35.4308 -0.3243 -1.8833 -0.8473 -2.2448 0.3558 -0.6294 -0.0003 0.0589 -0.5232 -1.4205 0.2381 -0.4979 
35.6372 -0.3803 -1.9443 -0.6525 -2.3099 0.3471 -0.7010 0.3937 -0.4628 -0.5686 -1.4684 0.3993 -0.6575 
36.4903 -0.9467 -1.8306 -0.7131 -2.5373 0.1432 -0.4444 0.1689 -0.3792 -0.1930 -1.0287 0.0379 -0.4720 
34.9402 -0.3185 -1.3420 -1.3025 -3.0524 0.5588 -0.2550 -0.3157 -0.1735 0.4848 -1.6761 0.2486 -0.4320 
35.2871 -0.9694 -0.9341 -1.7805 -2.4003 -0.1168 0.1104 -0.6891 -0.0218 0.2454 -1.0040 -0.3304 -0.6182 
35.5013 -1.0186 -0.8231 -1.5568 -2.1837 0.4306 -0.0263 -0.2690 0.1096 -0.1705 -0.9196 0.1132 -0.6295 
35.1549 -1.0697 -1.2780 -1.8551 -2.0746 -0.6653 0.9100 -0.5436 0.0612 0.0698 -0.7634 -0.2583 -0.8272 
34.9887 -0.8688 -1.0627 -1.7227 -1.7805 -0.7287 1.4112 -0.4897 0.5062 -0.0273 -0.5357 -0.0784 -0.7172 
34.8601 -0.7885 -1.4425 -1.5965 -2.2167 -0.4624 0.5493 -0.3186 0.1007 -0.3354 -0.5669 -0.1375 -0.7762 
34.9150 -1.0647 -0.8609 -1.2119 -2.4823 -0.0780 0.2918 -0.3641 0.2052 0.0509 -0.8598 -0.0915 -0.2119 
34.3339 -0.3904 -1.6710 -1.0366 -2.5120 -0.4289 0.2848 -0.3208 -0.0960 -0.3680 -0.6589 -0.0483 -0.8105 
33.8267 -0.1340 -1.4314 -0.8972 -1.7489 -0.3808 0.3426 -0.7557 0.3110 -0.8821 -0.7769 -0.0339 -0.7081 
33.5170 0.1915 -1.7780 -1.3779 -1.1574 -0.5147 0.0670 0.6262 -0.0189 -0.3938 0.1765 -0.3999 -1.1547 
33.5989 0.4802 -2.3178 -0.6762 -0.9815 -0.3108 -0.2601 -0.2672 -0.2402 -0.3549 -0.6007 -0.2168 -0.4224 
33.7040 0.8908 -2.8198 -1.2225 -0.6795 -0.5252 -0.1023 0.1976 -0.2362 -0.1071 -0.4407 -0.0596 -0.7174 
32.3554 1.2108 -1.0219 -1.7390 -0.8701 -1.0974 0.2348 0.1754 0.1150 0.1915 -0.1490 -0.1894 -0.7435 
31.6101 2.9440 -1.2224 -2.2346 -1.7239 -0.4945 0.0391 0.4217 0.5857 -0.7174 0.0081 -0.0755 -0.7117 
31.5508 3.3531 -1.5946 -2.1122 -1.8064 -0.7492 0.0197 0.3508 0.0930 -0.5980 -0.3345 -0.1453 -0.6585 
31.1811 3.7765 -1.7311 -1.7071 -2.0900 0.2118 -0.5973 0.6608 0.0110 -0.4499 -0.1800 -0.1441 -0.7276 
30.4917 3.5717 -0.9849 -1.4097 -2.2681 -0.2944 0.0468 0.1546 -0.1740 -0.2156 -0.2920 -0.2511 -0.4444 
28.8935 4.4115 -0.6355 -2.0649 -2.2423 -0.1418 -0.0921 -0.5104 -0.1990 -0.2232 -0.5596 -0.5086 -0.3946 
28.4993 4.3972 -0.3537 -1.9704 -1.4187 -0.1557 -0.3540 -0.0276 -0.3767 -0.6467 0.1142 -0.7961 -0.4571 
28.2105 4.5931 -1.3509 -0.4259 -1.4422 -0.5850 -0.7500 0.1335 -0.4641 -0.6001 -0.0508 -0.7310 -0.1892 
27.8553 3.4724 -0.2306 -0.4534 -0.7804 -1.3866 -1.3881 -0.3746 -0.4347 -0.4672 0.1888 -0.2075 -0.6097 
26.8593 3.3608 -0.1010 -0.8738 -1.8551 -1.0173 -0.0545 0.5887 -0.8504 -1.1871 -0.0154 -0.0649 -0.4272 
30.2407 0.6887 -2.5923 -0.3144 -1.4695 -0.9571 -0.8041 -0.2112 -0.2236 -0.3609 -0.2587 -0.4686 -0.3379 
27.1325 1.7780 -3.1342 -0.5216 -2.3182 -0.7030 -0.5172 0.3600 -0.0214 0.0651 -0.2370 -0.1502 0.3884 
26.8171 1.5487 -0.8655 -0.4340 -2.9824 -0.2193 -1.2195 0.6528 -0.3363 -0.6873 -0.8376 0.1356 -0.1873 
25.6620 1.9883 -0.2160 0.1863 -1.7400 -0.8879 -0.6138 0.2473 -0.4014 -1.0095 -0.5261 -0.1877 0.0189 
24.2290 1.6059 0.4954 0.0802 -1.6660 -1.1163 -0.1642 -0.1480 -0.7946 -0.9713 -0.1918 -0.4107 -0.3484 
23.5650 1.5580 0.4794 -0.1828 -0.7970 0.1317 -0.7787 -0.4879 -0.7745 -0.8094 -0.2135 -0.5884 -0.3861 
23.5790 2.0520 -0.3632 0.0817 -0.8199 -1.0522 -1.0902 -0.3663 -0.5966 -0.3724 -0.2802 -0.3093 0.4124 
21.1506 1.4267 0.9374 -0.9760 -0.4997 -1.5308 -0.8207 0.5420 -0.3289 -0.4769 -0.9168 -0.4394 -0.2946 
20.8837 1.5430 -0.1538 -0.3134 -1.2081 -0.2141 -0.0456 0.0493 -0.5880 -0.6962 -0.3413 -0.4206 0.0623 
19.7339 0.9761 -0.8509 -2.3623 -1.9278 -0.8106 -0.3413 -0.0329 -0.3554 -0.4090 -1.0013 -0.5935 -0.0116 
19.4387 0.4413 -1.1297 -1.3100 -1.2346 -0.0470 0.0323 0.0243 -0.0184 0.2834 -0.7613 -0.4903 -0.4144 
18.4979 -0.0771 -0.4672 -1.7502 -1.0973 -0.3995 -0.8483 0.2240 -0.5167 -0.5698 -1.0286 -0.0028 0.1411 
19.3213 -0.2880 0.1377 -1.1806 -1.7727 -1.0546 -1.3822 0.0121 0.7115 -0.1427 -0.9327 -0.2799 0.3179 
18.3560 -2.2591 -0.6937 -1.9162 -0.5929 -1.1763 -0.1494 -0.7503 -0.9229 0.0678 -0.0878 0.0602 -0.2757 
19.2374 0.0192 -0.4151 -1.0842 -1.3962 -0.6852 -0.5136 0.0724 -0.5559 -0.4466 -0.5253 0.2129 0.2396 
18.0699 -0.6195 -1.2735 0.4737 -1.1266 -0.2369 -1.5723 -0.8928 -0.3479 0.0810 -0.3044 -0.6790 -0.6359 
20.1916 0.5242 -1.0798 -0.5651 -0.9428 -0.4033 -0.1636 -0.3054 -0.5054 -0.8898 0.1906 0.0277 -0.0819 
18.0883 0.1375 0.1833 -0.8677 -0.6788 -1.2065 -1.3182 -0.8394 -0.6936 -0.1409 -0.0550 0.0147 -0.7349 
17.5773 -1.1551 -0.6423 -0.3122 -0.4763 -0.2808 -0.0305 -0.2428 -1.3234 0.0915 0.1751 0.1028 -0.2606 
19.8496 -0.5190 -0.1303 -0.4140 -0.5101 -0.7155 0.0756 -0.1340 -0.1832 -0.1482 -0.7716 -0.0284 0.2834 
20.4965 0.4060 -0.4969 -0.2365 -0.9498 -0.7796 -1.2125 -0.0823 -0.6350 -0.1237 0.5639 -0.0802 -0.5943 
18.3029 -0.5167 -0.5305 -1.8578 -0.8507 0.4601 -0.3547 -0.2651 -0.3753 0.5972 -0.3400 -0.2852 0.2564 
19.3951 0.0388 -1.8719 -1.4068 -1.6054 -0.5532 -0.4557 -0.1238 0.2743 -0.6751 0.3481 0.3778 -0.1868 
18.4577 -0.8903 -1.2471 -1.4535 0.7592 -0.2110 -0.6698 -0.9885 -0.9982 -0.4481 0.0827 0.0735 -0.1724 
18.3557 -0.5696 -1.8481 -1.7345 -0.4849 -0.6867 -0.4709 -0.9434 -0.5320 -0.4369 0.5737 -0.1353 0.3549 
19.5835 -0.7709 -0.8332 -1.0107 -0.3288 0.1773 -0.3382 -0.1113 -0.8945 -0.8558 -0.3725 0.2756 -0.4611 
19.2405 -0.9400 -1.0975 -1.5430 -1.4523 -0.3059 -0.8396 0.5147 0.1877 0.3174 0.2051 0.2113 0.1286 
16.5187 -2.1997 -1.3420 -2.2982 -0.9162 0.9420 0.1268 -0.0704 -0.5917 -0.7281 0.3861 -0.5730 -0.5518 
16.3640 -1.8648 -0.9015 -1.7068 -0.2108 0.6133 -0.0012 0.4002 -0.0284 0.2374 -0.0832 -0.7443 -0.7401 
18.6740 -0.8197 -1.3692 -0.5553 -2.4686 -0.8173 -0.8735 -0.1341 -0.7175 -0.3045 -0.2248 0.1101 0.0113 
18.5305 -1.2030 -1.4840 -1.2934 -0.8388 -0.7942 -0.2854 0.9870 0.3796 -0.6268 -0.4917 -0.2294 -0.2671 
17.7569 -0.9189 -0.4294 0.4614 -1.1178 -1.9826 -0.8337 0.0035 0.0224 -0.8086 -1.0726 0.1924 0.2580 
17.8443 -0.4434 -0.3119 -0.1847 -0.6447 -0.1022 -0.2946 -0.8849 -0.2708 -0.7505 -0.8258 0.1493 0.0917 
19.6791 0.1897 0.1220 0.3502 -0.7964 -1.1255 0.4332 -0.2762 -0.5640 -0.8387 -0.5252 -0.4246 0.2010 
19.5147 0.0421 -0.1115 -0.7062 -0.5841 0.5296 0.2392 -0.5023 -0.6419 -0.0111 -0.6778 -0.2049 -0.0087 
17.3543 -1.1031 -2.0401 -1.4352 0.3985 0.1517 0.2302 0.9785 -0.0582 0.3980 -0.3655 -0.7333 -0.6937 
17.6346 -0.4187 -0.5920 -1.4042 -1.6705 -0.4152 0.2142 -0.7833 -0.4389 -0.5524 -0.0552 0.1477 -0.2802 
17.3938 -0.1775 -1.2053 -1.3884 -0.2143 -1.6818 -0.9667 -0.6998 0.0790 0.1883 -0.2687 0.2575 -0.0361 
17.6929 -0.7734 -0.6973 -2.6274 -0.5424 0.2324 -0.2734 0.4811 0.7789 -0.2735 -0.2242 0.4255 0.0555 
18.0464 -0.0794 -0.2231 -1.3228 -1.1086 0.6743 -0.3082 -0.8628 -0.1661 0.1921 0.1955 -0.0110 0.1345 
17.4587 -0.6479 -0.0248 -1.5628 -1.7715 1.3520 0.0157 0.2963 1.0857 0.1479 -0.7828 0.1580 -0.2692 
17.6487 -0.7278 -0.6310 -0.5801 -0.7247 0.2383 -0.2528 -1.3760 0.2965 -0.3632 0.0721 0.1570 0.4047 
16.7429 -0.7247 0.3130 -1.2128 -1.3325 -0.4696 0.2012 0.1136 -0.7693 -0.7225 -0.1893 0.2700 0.3213 
16.6961 -0.5225 -0.0207 0.3782 -1.9337 -2.5800 -1.2587 1.6834 1.4978 -0.6446 -1.5969 -0.0643 1.7135 
18.3056 -0.1998 -1.7842 -2.2240 -1.5294 -0.6090 -1.4070 -0.5005 -0.4832 -0.4346 0.0807 -0.7549 -0.2260 
18.8398 -0.8564 -1.2440 -0.5557 -1.2080 -0.2626 -1.1340 0.2319 -0.8060 -0.2702 0.3961 -0.0303 -0.6366 
17.2904 0.8783 -1.0466 -2.6379 0.3905 -0.1677 -0.6865 0.3597 -1.1672 -0.4155 0.2142 -0.3538 -0.3370 
17.5153 0.4350 -0.1466 -0.9676 0.4053 -1.0964 -0.1848 -0.0083 -0.5121 -0.3416 -0.3151 -0.6540 -0.1553 
17.2585 -0.2978 -0.4970 -1.3027 -1.1265 -0.5821 -0.9032 0.3460 0.6332 0.3676 -0.3066 -0.0931 -0.6770 
18.0452 -0.3302 -0.9010 -1.2118 -0.1337 0.2715 0.1486 0.0027 -0.2244 -0.7750 -0.0926 -0.3179 -0.4083 
17.2464 -0.1216 -1.5202 -1.1306 -0.2811 -0.8395 0.6023 -0.6909 0.4152 -0.1462 -0.2183 0.0441 -0.2312 
17.9147 -1.3982 -0.4269 -1.4901 -0.4612 1.5100 0.1356 -0.0382 0.1409 -0.4117 -0.5550 0.1141 -0.6544 
18.8555 -0.5054 -1.1135 -0.7883 -1.1555 -0.7172 0.0482 -0.3953 -0.4209 -0.2003 -0.1042 -0.2987 -0.2645 
18.2867 -0.1844 -0.4053 -0.6864 -0.7516 0.3421 -1.1131 -0.5632 -0.3308 0.2541 -0.2993 0.0556 0.0154 
17.5271 -1.7771 -1.3962 -0.7809 -1.1139 0.7124 -0.0562 -0.2163 0.1455 0.4669 -0.0434 -0.8515 -0.4855 
18.4598 -1.7104 -1.5480 -2.1257 -1.0169 0.3606 0.0338 0.4110 -0.2530 0.1146 0.5079 0.5755 0.4091 
17.6247 -0.5361 0.3759 -0.0606 -1.0962 -1.2702 -1.8833 0.3512 0.3443 -0.0485 0.0754 0.1155 -0.4797 
18.2564 -1.4971 -1.3251 -1.7306 -1.4587 0.2602 0.4652 -0.0176 -0.0010 0.7123 -0.2710 0.3100 0.0420 
19.6864 0.4974 0.2164 -0.9739 -1.1677 -0.8970 -0.7911 0.0243 -0.4164 -0.4892 -0.0598 -0.0405 -0.0229 
18.1615 0.6160 0.1408 -0.8405 0.1651 -0.7081 -0.7531 -0.7631 -0.1906 -0.2501 -0.0014 -0.1898 -0.2620 
19.5560 0.7911 -0.9078 -0.6619 0.5086 -0.7755 -0.4874 -0.3351 -0.6176 -0.4227 -0.0867 0.4912 -0.2222 
18.9322 -1.3047 -0.8488 -1.3242 -0.7783 -0.3488 -0.6716 -0.4824 -0.3252 0.0037 -0.2334 -0.0258 0.0384 
19.6863 -0.2084 -0.6312 -1.0494 -0.8243 0.2614 0.2114 -0.1567 -0.8939 -0.5280 -0.1584 -0.2145 -0.0361 
18.6265 -0.8917 -1.0878 -1.4153 -0.1223 0.2462 -0.5381 0.1392 -0.1064 0.1888 -0.0627 -0.3208 -0.5127 
18.1454 -0.4747 0.0033 -1.1763 -0.6254 -0.6474 0.1661 0.3002 -0.7732 -0.0392 0.1402 0.6041 -0.0216 
20.4209 -0.3416 -0.0195 -1.3399 -1.3919 -0.4229 0.4707 -0.1504 -0.5799 -0.1049 -0.2469 -0.0879 -0.4226 
17.3205 -1.0822 -0.7658 -0.8313 -0.8714 -1.1414 -0.9037 0.6310 -0.2472 -0.0709 -0.6543 -0.5067 -0.2035 
20.1524 0.1108 1.0418 -0.8452 -1.2803 -0.5137 0.1609 -0.5086 -0.6480 -0.4341 -0.1457 0.4378 -0.2054 
19.6584 -0.3238 0.0555 -0.3782 -1.4930 -0.1189 -0.2421 -0.3343 -1.0870 0.2512 0.5088 -0.2109 -0.3809 
18.2528 -2.3094 0.0379 -0.9861 -0.7877 -0.9700 -1.5584 0.0875 0.4822 -0.5551 -0.9375 -0.1230 0.9462 
19.3230 -0.3609 -0.2878 -1.2797 -0.3143 -0.2074 -0.5377 -0.0841 -0.2605 -0.9201 -0.2434 -0.4999 0.2413 
19.9181 0.3674 -0.2309 -1.4148 0.0088 -1.0994 -0.7856 -0.0901 -0.4921 -0.1211 -0.1894 -0.1452 -0.2526 
19.7710 -0.4100 -0.4020 -1.1899 -0.1501 -1.2358 -0.7070 -0.5583 -0.1000 0.0521 -0.5009 0.2428 0.0563 
19.2886 -1.1034 -1.4266 -1.9595 -1.3271 -1.6613 -0.5121 -0.8079 -0.5274 -0.0289 -0.0111 -0.3869 -0.5388 
19.9863 -0.0608 0.4352 -0.6268 -0.1674 -0.2078 -1.0984 -1.0035 -0.4755 -0.2842 0.2448 -0.0347 0.1640 
19.0958 -0.1564 0.0493 -0.9163 -1.2663 -0.6778 -0.7901 0.4070 0.1327 -0.0837 0.3039 0.0823 0.1613 
18.3331 -0.4792 -1.0378 -1.2445 -1.8075 -1.0705 -1.2410 -0.6066 -0.0459 -0.4370 0.1470 -0.0437 0.4003 
17.6706 -1.2551 -1.3533 -0.7252 -1.4624 -1.2062 0.3207 0.9183 0.7308 0.8682 -0.1246 0.1010 0.7476 
19.1291 -0.5512 -0.3110 -0.6813 -0.8734 -1.1809 -1.2243 -0.7623 -0.9463 0.5839 0.3067 -0.3424 -0.4320 
19.0006 -1.0648 -0.8470 -0.4142 -0.0997 -0.4300 -0.7059 -0.3706 -0.3976 -0.9992 -0.4716 -0.2328 0.7322 
18.3136 -0.7243 -1.4804 -2.0331 -0.8356 -0.1856 -1.2008 -0.4575 0.0157 0.3873 0.0059 0.1248 -0.2038 
16.7220 -1.8944 -1.7241 -2.0130 -1.5344 -0.9470 0.0107 0.4657 0.4396 -0.6250 0.1605 0.0423 0.7515 
19.1613 -1.9330 -0.9187 -1.4709 -1.2073 -0.0267 -0.3849 -0.3485 0.1466 0.0888 -0.1408 -0.1418 -0.0576 
18.7346 -1.7970 -1.6401 -0.5034 0.1171 -0.2187 -0.4119 -0.2902 0.6182 0.6894 -0.5354 -0.2310 -0.4673 
19.5593 0.9207 0.5389 -0.9841 -1.3148 -0.0819 -0.6658 -0.7438 -0.3629 0.1600 -0.2777 0.1853 -0.1274 
18.2725 -0.5207 -1.2290 0.1013 0.4152 0.0215 -0.1426 0.5441 -0.5817 -0.5391 -0.2410 0.3658 -0.7947 
18.9420 -0.4226 -0.2983 -0.6034 -2.0429 -0.7913 -0.1899 0.6930 -0.6411 -1.1532 -0.6353 0.3760 -0.2068 
19.3217 0.3699 -2.3147 -0.6704 -2.1720 -0.5462 -0.6676 0.1493 -0.0111 0.3311 -0.0240 -0.3719 0.4467 
19.1293 0.9382 -0.8851 -0.7743 -1.9771 -0.7929 -1.5844 -0.0701 -0.0516 -0.2756 -0.2556 -0.6040 0.5536 
17.9742 0.1063 0.3256 -0.7840 -0.1275 -1.3275 -1.3387 1.4204 -0.4470 -0.4698 -0.4268 -0.4943 -0.3817 
18.6325 0.4860 -0.7113 -0.8305 0.2095 -0.1161 -0.7958 -0.9379 -0.3439 -0.8162 0.0121 -0.1401 -0.1819 
18.1382 0.7202 -0.3775 -2.1398 -0.0709 0.2596 0.6040 -1.0015 -0.0773 -0.0315 -0.8805 -0.2029 0.5493 
18.1485 -0.9607 -1.6009 0.4103 -0.4571 0.1879 0.0727 -0.7832 -0.0941 -1.0481 -0.9821 -0.0422 -0.2812 
19.4404 -0.0961 -0.4866 -0.4787 -1.0758 -0.6967 -0.1665 -0.1851 -0.1864 -0.0891 -0.6982 -0.4275 0.2977 
18.0840 -1.3391 -1.8206 -0.6060 -0.4172 0.6036 0.4951 0.9510 -1.0299 -1.3705 -0.3662 -0.3990 -0.3019 
18.1097 -1.5578 -1.9068 -1.3356 -0.7883 0.3744 0.6283 -0.5259 -1.4096 -0.3528 -0.9128 -0.3448 -0.0571 
18.3730 -0.5866 -0.6833 -1.5049 -0.8072 -0.9745 -0.9341 -0.6745 -0.1889 -0.3936 -0.2250 -0.0568 0.0217 
18.6686 -0.5750 -0.7938 -0.9488 -0.8777 -0.1419 -0.3989 0.1181 0.0295 -0.3663 -0.0094 0.4030 0.1063 
18.0376 -0.7952 -0.4391 -0.2280 -0.3272 -0.3991 -0.2321 -0.3483 -0.5179 -0.7943 -0.1158 -0.5723 0.1002 
17.9503 -0.4001 0.2671 -0.2695 0.0574 -0.7398 -0.7193 -0.3112 0.3448 -1.1543 -0.8880 0.1809 0.6016 
18.6942 -0.2771 -1.2849 -1.0591 -0.3832 -0.9322 -0.4819 0.2174 -0.9168 0.0390 -0.8072 -0.2755 0.2387 
18.0987 -0.2694 -0.9128 -1.5489 -1.1370 -0.0272 -0.4137 0.5516 -0.3478 -0.2637 -0.1471 0.1059 -0.2395 
17.5674 -0.7460 -1.6529 -1.2524 -1.1884 0.3665 -0.4382 -0.3659 -0.4963 -0.2044 -0.3440 0.2903 -0.2905 
19.0441 -1.4276 -0.7250 0.2720 0.5073 -0.1828 -1.2018 -0.5869 -0.4315 0.1577 -0.1475 0.1658 0.0308 
19.5224 -0.8386 -0.0695 -0.3861 -0.1626 -1.1399 -1.2082 -0.7608 -0.0284 -0.4601 -0.1357 -0.2774 -0.0885 
19.1709 -0.0377 -0.5871 -1.1034 -0.4038 0.8974 -0.5212 -0.1723 -0.6869 -0.2440 -0.1549 -0.3067 -0.3165 
18.4137 -0.4853 -0.5501 -0.7869 -1.1816 0.0812 -0.4959 -0.2247 -0.1322 -0.0772 -0.2221 -0.2318 0.0036 
18.6826 -0.0621 0.0838 -0.4866 -1.2206 0.2251 -0.3984 0.8986 -0.5848 -1.0725 -0.1870 0.1369 -0.1207 
18.1339 -0.2061 -1.7962 -2.1237 -0.8325 -0.8344 0.8593 -0.9179 -0.0650 -0.3026 -0.3146 -0.2199 0.1294 
18.5835 -0.7803 -0.0609 -0.9176 -1.1106 0.5788 0.9590 -0.3928 -0.3111 -0.5549 -0.0710 -0.0181 -0.3317 
19.7175 0.2395 0.0059 -1.1620 -1.2697 -0.0328 -0.1246 -0.5770 -0.3652 -0.2484 -0.0120 -0.2449 -0.3852 
17.7121 -1.8340 -1.4942 -0.2660 0.3191 0.0434 -0.5269 0.4607 -0.4642 -0.2716 -0.3797 0.4929 1.0716 
18.3008 -0.2610 0.1169 0.4248 -0.4204 -1.0646 -0.8341 1.0377 0.1985 0.1851 -1.3221 -0.6513 0.3492 
18.5094 -1.0074 -0.4848 -0.0188 -1.0656 0.4175 -0.7111 -1.2476 -0.5616 -0.1460 -0.1220 -0.1807 -0.2912 
17.6113 -0.0722 -1.7739 -1.3994 -1.2460 -2.3244 -1.1817 -0.0114 -0.4464 -1.3336 -0.0754 -0.3965 -0.1201 
18.4509 -1.6173 -1.1224 -0.8646 -0.1704 -0.3648 0.0146 0.4422 -0.8545 -1.4904 0.1112 -0.3858 0.1377 
19.4003 -0.7910 -0.7953 -0.8239 -1.3450 -1.0099 -1.0483 0.0301 0.0916 -0.4956 0.0293 0.1451 -0.3255 
16.8014 -3.1139 -2.7535 -1.6530 -0.6293 0.2579 0.6423 0.3255 0.6413 0.4321 0.8279 0.9713 0.4113 
17.2975 -2.9365 -2.0026 -2.2675 -0.4018 0.0873 0.3265 -0.4396 -0.1981 0.0695 -0.4405 -0.1061 0.4829 
16.7375 -0.8939 -1.6553 -1.9388 -1.0082 -0.7309 -0.7250 -0.0159 0.3931 0.2313 0.4590 0.5444 0.2044 
19.0664 -1.5014 -1.5533 -0.9463 -1.5087 -0.3097 -0.1701 -0.3140 -0.5855 -1.0779 -0.1816 0.0022 -0.1091 
19.2208 -1.7771 -1.4218 -1.3917 -0.7513 -0.3093 0.2269 -0.0383 -0.7806 0.3362 -0.1756 -0.0928 0.1435 
17.9949 -0.7157 -0.3999 -1.5741 -1.1019 -0.6518 -0.2030 -0.3865 -1.1002 -0.7586 0.1334 0.5319 -0.4413 
19.5542 -0.1163 -0.7737 -1.4197 -1.2011 -0.2180 -0.7357 -1.4984 -0.7275 -0.1696 0.3324 -0.3640 0.1139 
17.1609 -0.7341 -0.3305 -0.5995 -1.3475 0.9601 -0.4711 -0.7701 0.9145 0.1644 -0.6023 -0.4825 -0.5217 
18.7152 -0.8635 -0.3369 -1.3025 -1.3257 0.1313 -0.9815 -1.2185 -0.6416 -0.5745 0.0982 0.3895 -0.5124 
17.8456 0.3811 -0.4770 -1.5634 -1.1370 -0.1380 -0.3522 -0.0792 0.3070 -0.1722 -0.8021 -0.6248 0.1348 
19.4035 -1.4931 -0.5436 -0.6747 -1.4630 -0.3990 -0.4589 0.8367 0.1070 0.2000 -0.1123 -0.1400 -0.0555 
18.1182 -1.0228 -0.1539 -1.9637 -0.6783 0.2887 -0.5392 -0.2574 -0.5994 -0.5108 0.5169 0.2367 -0.3952 
26.8225 2.2637 -2.3093 -0.5118 -2.7294 -0.7510 -0.4247 -0.2790 -0.2181 -0.3606 -0.2220 0.0464 -0.1697 
25.7433 2.1744 -1.9851 -0.7322 -2.3205 -0.8711 -0.7158 -0.5049 0.9905 -0.3301 0.0719 0.3404 -0.6279 
21.9209 -0.3993 -1.6340 -0.7813 -1.8644 -0.0344 0.2434 -0.6806 -0.5388 -0.6863 -0.6932 -0.1740 0.0363 
23.7025 1.1181 -0.7031 -1.1570 -0.7777 -0.3517 -0.3233 -0.5996 0.7408 0.4459 0.0704 -0.4765 -0.3443 
29.5811 2.5360 -4.0757 -0.6975 -2.5203 -0.9436 -0.7365 -0.6563 -0.0982 -0.5035 -0.4606 -0.0224 -0.3855 
29.7969 2.3114 -3.2962 -0.3903 -1.7548 -0.9240 -1.2367 -0.2926 0.9550 -0.6052 -0.2243 0.0836 0.8230 
32.1002 1.9478 -3.5971 -0.6955 -1.1563 0.0471 -0.6549 0.4775 0.9084 -0.0543 -0.3122 -0.5728 -0.7713 
32.6252 2.1087 -4.0264 -0.6883 -1.3138 -0.3502 -0.3012 -0.0348 0.1794 -0.3364 -0.6548 0.0119 -0.7605 
33.5324 2.1252 -4.3622 -0.2346 -1.1442 0.0837 -0.5118 0.1398 -0.3839 -0.2201 -0.7742 0.0158 -0.3238 
34.1365 1.1329 -4.5906 -0.0328 -1.5439 -0.0352 -0.7480 -0.1337 -0.1928 -0.9561 -0.8103 -0.3638 -0.4511 
34.3661 1.8560 -3.7738 0.2241 -1.6591 0.6389 -1.5416 0.4155 0.1779 -1.0137 -0.5296 0.2111 -0.5328 
34.9885 0.6229 -3.7262 0.2098 -1.9186 0.2749 -1.7334 0.4214 -0.0616 -1.1881 -0.9914 0.0205 -0.7536 
35.3815 0.4906 -2.6841 -0.1059 -2.0328 0.5460 -1.3770 0.3898 -0.0183 -0.8082 -0.9191 0.1735 -0.4013 
35.4308 -0.3243 -1.8833 -0.8473 -2.2448 0.3558 -0.6294 -0.0003 0.0589 -0.5232 -1.4205 0.2381 -0.4979 
35.6372 -0.3803 -1.9443 -0.6525 -2.3099 0.3471 -0.7010 0.3937 -0.4628 -0.5686 -1.4684 0.3993 -0.6575 
36.4903 -0.9467 -1.8306 -0.7131 -2.5373 0.1432 -0.4444 0.1689 -0.3792 -0.1930 -1.0287 0.0379 -0.4720 
34.9402 -0.3185 -1.3420 -1.3025 -3.0524 0.5588 -0.2550 -0.3157 -0.1735 0.4848 -1.6761 0.2486 -0.4320 
35.2871 -0.9694 -0.9341 -1.7805 -2.4003 -0.1168 0.1104 -0.6891 -0.0218 0.2454 -1.0040 -0.3304 -0.6182 
35.5013 -1.0186 -0.8231 -1.5568 -2.1837 0.4306 -0.0263 -0.2690 0.1096 -0.1705 -0.9196 0.1132 -0.6295 
35.1549 -1.0697 -1.2780 -1.8551 -2.0746 -0.6653 0.9100 -0.5436 0.0612 0.0698 -0.7634 -0.2583 -0.8272 
34.9887 -0.8688 -1.0627 -1.7227 -1.7805 -0.7287 1.4112 -0.4897 0.5062 -0.0273 -0.5357 -0.0784 -0.7172 
34.8601 -0.7885 -1.4425 -1.5965 -2.2167 -0.4624 0.5493 -0.3186 0.1007 -0.3354 -0.5669 -0.1375 -0.7762 
34.9150 -1.0647 -0.8609 -1.2119 -2.4823 -0.0780 0.2918 -0.3641 0.2052 0.0509 -0.8598 -0.0915 -0.2119 
34.3339 -0.3904 -1.6710 -1.0366 -2.5120 -0.4289 0.2848 -0.3208 -0.0960 -0.3680 -0.6589 -0.0483 -0.8105 
33.8267 -0.1340 -1.4314 -0.8972 -1.7489 -0.3808 0.3426 -0.7557 0.3110 -0.8821 -0.7769 -0.0339 -0.7081 
33.5170 0.1915 -1.7780 -1.3779 -1.1574 -0.5147 0.0670 0.6262 -0.0189 -0.3938 0.1765 -0.3999 -1.1547 
33.5989 0.4802 -2.3178 -0.6762 -0.9815 -0.3108 -0.2601 -0.2672 -0.2402 -0.3549 -0.6007 -0.2168 -0.4224 
33.7040 0.8908 -2.8198 -1.2225 -0.6795 -0.5252 -0.1023 0.1976 -0.2362 -0.1071 -0.4407 -0.0596 -0.7174 
32.3554 1.2108 -1.0219 -1.7390 -0.8701 -1.0974 0.2348 0.1754 0.1150 0.1915 -0.1490 -0.1894 -0.7435 
31.6101 2.9440 -1.2224 -2.2346 -1.7239 -0.4945 0.0391 0.4217 0.5857 -0.7174 0.0081 -0.0755 -0.7117 
31.5508 3.3531 -1.5946 -2.1122 -1.8064 -0.7492 0.0197 0.3508 0.0930 -0.5980 -0.3345 -0.1453 -0.6585 
31.1811 3.7765 -1.7311 -1.7071 -2.0900 0.2118 -0.5973 0.6608 0.0110 -0.4499 -0.1800 -0.1441 -0.7276 
30.4917 3.5717 -0.9849 -1.4097 -2.2681 -0.2944 0.0468 0.1546 -0.1740 -0.2156 -0.2920 -0.2511 -0.4444 
28.8935 4.4115 -0.6355 -2.0649 -2.2423 -0.1418 -0.0921 -0.5104 -0.1990 -0.2232 -0.5596 -0.5086 -0.3946 
28.4993 4.3972 -0.3537 -1.9704 -1.4187 -0.1557 -0.3540 -0.0276 -0.3767 -0.6467 0.1142 -0.7961 -0.4571 
28.2105 4.5931 -1.3509 -0.4259 -1.4422 -0.5850 -0.7500 0.1335 -0.4641 -0.6001 -0.0508 -0.7310 -0.1892 
27.8553 3.4724 -0.2306 -0.4534 -0.7804 -1.3866 -1.3881 -0.3746 -0.4347 -0.4672 0.1888 -0.2075 -0.6097 
26.8593 3.3608 -0.1010 -0.8738 -1.8551 -1.0173 -0.0545 0.5887 -0.8504 -1.1871 -0.0154 -0.0649 -0.4272 
30.2407 0.6887 -2.5923 -0.3144 -1.4695 -0.9571 -0.8041 -0.2112 -0.2236 -0.3609 -0.2587 -0.4686 -0.3379 
27.1325 1.7780 -3.1342 -0.5216 -2.3182 -0.7030 -0.5172 0.3600 -0.0214 0.0651 -0.2370 -0.1502 0.3884 
26.8171 1.5487 -0.8655 -0.4340 -2.9824 -0.2193 -1.2195 0.6528 -0.3363 -0.6873 -0.8376 0.1356 -0.1873 
25.6620 1.9883 -0.2160 0.1863 -1.7400 -0.8879 -0.6138 0.2473 -0.4014 -1.0095 -0.5261 -0.1877 0.0189 
24.2290 1.6059 0.4954 0.0802 -1.6660 -1.1163 -0.1642 -0.1480 -0.7946 -0.9713 -0.1918 -0.4107 -0.3484 
23.5650 1.5580 0.4794 -0.1828 -0.7970 0.1317 -0.7787 -0.4879 -0.7745 -0.8094 -0.2135 -0.5884 -0.3861 
23.5790 2.0520 -0.3632 0.0817 -0.8199 -1.0522 -1.0902 -0.3663 -0.5966 -0.3724 -0.2802 -0.3093 0.4124 
21.1506 1.4267 0.9374 -0.9760 -0.4997 -1.5308 -0.8207 0.5420 -0.3289 -0.4769 -0.9168 -0.4394 -0.2946 
20.8837 1.5430 -0.1538 -0.3134 -1.2081 -0.2141 -0.0456 0.0493 -0.5880 -0.6962 -0.3413 -0.4206 0.0623 
19.7339 0.9761 -0.8509 -2.3623 -1.9278 -0.8106 -0.3413 -0.0329 -0.3554 -0.4090 -1.0013 -0.5935 -0.0116 
19.4387 0.4413 -1.1297 -1.3100 -1.2346 -0.0470 0.0323 0.0243 -0.0184 0.2834 -0.7613 -0.4903 -0.4144 
18.4979 -0.0771 -0.4672 -1.7502 -1.0973 -0.3995 -0.8483 0.2240 -0.5167 -0.5698 -1.0286 -0.0028 0.1411 
19.3213 -0.2880 0.1377 -1.1806 -1.7727 -1.0546 -1.3822 0.0121 0.7115 -0.1427 -0.9327 -0.2799 0.3179 
18.3560 -2.2591 -0.6937 -1.9162 -0.5929 -1.1763 -0.1494 -0.7503 -0.9229 0.0678 -0.0878 0.0602 -0.2757 
19.2374 0.0192 -0.4151 -1.0842 -1.3962 -0.6852 -0.5136 0.0724 -0.5559 -0.4466 -0.5253 0.2129 0.2396 
18.0699 -0.6195 -1.2735 0.4737 -1.1266 -0.2369 -1.5723 -0.8928 -0.3479 0.0810 -0.3044 -0.6790 -0.6359 
20.1916 0.5242 -1.0798 -0.5651 -0.9428 -0.4033 -0.1636 -0.3054 -0.5054 -0.8898 0.1906 0.0277 -0.0819 
18.0883 0.1375 0.1833 -0.8677 -0.6788 -1.2065 -1.3182 -0.8394 -0.6936 -0.1409 -0.0550 0.0147 -0.7349 
17.5773 -1.1551 -0.6423 -0.3122 -0.4763 -0.2808 -0.0305 -0.2428 -1.3234 0.0915 0.1751 0.1028 -0.2606 
19.8496 -0.5190 -0.1303 -0.4140 -0.5101 -0.7155 0.0756 -0.1340 -0.1832 -0.1482 -0.7716 -0.0284 0.2834 
20.4965 0.4060 -0.4969 -0.2365 -0.9498 -0.7796 -1.2125 -0.0823 -0.6350 -0.1237 0.5639 -0.0802 -0.5943 
18.3029 -0.5167 -0.5305 -1.8578 -0.8507 0.4601 -0.3547 -0.2651 -0.3753 0.5972 -0.3400 -0.2852 0.2564 
19.3951 0.0388 -1.8719 -1.4068 -1.6054 -0.5532 -0.4557 -0.1238 0.2743 -0.6751 0.3481 0.3778 -0.1868 
18.4577 -0.8903 -1.2471 -1.4535 0.7592 -0.2110 -0.6698 -0.9885 -0.9982 -0.4481 0.0827 0.0735 -0.1724 
18.3557 -0.5696 -1.8481 -1.7345 -0.4849 -0.6867 -0.4709 -0.9434 -0.5320 -0.4369 0.5737 -0.1353 0.3549 
19.5835 -0.7709 -0.8332 -1.0107 -0.3288 0.1773 -0.3382 -0.1113 -0.8945 -0.8558 -0.3725 0.2756 -0.4611 
19.2405 -0.9400 -1.0975 -1.5430 -1.4523 -0.3059 -0.8396 0.5147 0.1877 0.3174 0.2051 0.2113 0.1286 
16.5187 -2.1997 -1.3420 -2.2982 -0.9162 0.9420 0.1268 -0.0704 -0.5917 -0.7281 0.3861 -0.5730 -0.5518 
16.3640 -1.8648 -0.9015 -1.7068 -0.2108 0.6133 -0.0012 0.4002 -0.0284 0.2374 -0.0832 -0.7443 -0.7401 
18.6740 -0.8197 -1.3692 -0.5553 -2.4686 -0.8173 -0.8735 -0.1341 -0.7175 -0.3045 -0.2248 0.1101 0.0113 
18.5305 -1.2030 -1.4840 -1.2934 -0.8388 -0.7942 -0.2854 0.9870 0.3796 -0.6268 -0.4917 -0.2294 -0.2671 
17.7569 -0.9189 -0.4294 0.4614 -1.1178 -1.9826 -0.8337 0.0035 0.0224 -0.8086 -1.0726 0.1924 0.2580 
17.8443 -0.4434 -0.3119 -0.1847 -0.6447 -0.1022 -0.2946 -0.8849 -0.2708 -0.7505 -0.8258 0.1493 0.0917 
19.6791 0.1897 0.1220 0.3502 -0.7964 -1.1255 0.4332 -0.2762 -0.5640 -0.8387 -0.5252 -0.4246 0.2010 
19.5147 0.0421 -0.1115 -0.7062 -0.5841 0.5296 0.2392 -0.5023 -0.6419 -0.0111 -0.6778 -0.2049 -0.0087 
17.3543 -1.1031 -2.0401 -1.4352 0.3985 0.1517 0.2302 0.9785 -0.0582 0.3980 -0.3655 -0.7333 -0.6937 
17.6346 -0.4187 -0.5920 -1.4042 -1.6705 -0.4152 0.2142 -0.7833 -0.4389 -0.5524 -0.0552 0.1477 -0.2802 
17.3938 -0.1775 -1.2053 -1.3884 -0.2143 -1.6818 -0.9667 -0.6998 0.0790 0.1883 -0.2687 0.2575 -0.0361 
17.6929 -0.7734 -0.6973 -2.6274 -0.5424 0.2324 -0.2734 0.4811 0.7789 -0.2735 -0.2242 0.4255 0.0555 
18.0464 -0.0794 -0.2231 -1.3228 -1.1086 0.6743 -0.3082 -0.8628 -0.1661 0.1921 0.1955 -0.0110 0.1345 
17.4587 -0.6479 -0.0248 -1.5628 -1.7715 1.3520 0.0157 0.2963 1.0857 0.1479 -0.7828 0.1580 -0.2692 
17.6487 -0.7278 -0.6310 -0.5801 -0.7247 0.2383 -0.2528 -1.3760 0.2965 -0.3632 0.0721 0.1570 0.4047 
16.7429 -0.7247 0.3130 -1.2128 -1.3325 -0.4696 0.2012 0.1136 -0.7693 -0.7225 -0.1893 0.2700 0.3213 
16.6961 -0.5225 -0.0207 0.3782 -1.9337 -2.5800 -1.2587 1.6834 1.4978 -0.6446 -1.5969 -0.0643 1.7135 
18.3056 -0.1998 -1.7842 -2.2240 -1.5294 -0.6090 -1.4070 -0.5005 -0.4832 -0.4346 0.0807 -0.7549 -0.2260 
18.8398 -0.8564 -1.2440 -0.5557 -1.2080 -0.2626 -1.1340 0.2319 -0.8060 -0.2702 0.3961 -0.0303 -0.6366 
17.2904 0.8783 -1.0466 -2.6379 0.3905 -0.1677 -0.6865 0.3597 -1.1672 -0.4155 0.2142 -0.3538 -0.3370 
17.5153 0.4350 -0.1466 -0.9676 0.4053 -1.0964 -0.1848 -0.0083 -0.5121 -0.3416 -0.3151 -0.6540 -0.1553 
17.2585 -0.2978 -0.4970 -1.3027 -1.1265 -0.5821 -0.9032 0.3460 0.6332 0.3676 -0.3066 -0.0931 -0.6770 
18.0452 -0.3302 -0.9010 -1.2118 -0.1337 0.2715 0.1486 0.0027 -0.2244 -0.7750 -0.0926 -0.3179 -0.4083 
17.2464 -0.1216 -1.5202 -1.1306 -0.2811 -0.8395 0.6023 -0.6909 0.4152 -0.1462 -0.2183 0.0441 -0.2312 
