18.1401 -1.8910 -1.3529 -2.3245 0.1921 -1.2454 -1.0300 0.2978 -0.0818 -0.5328 -0.0062 -0.6241 -0.2826 
18.3424 -1.0700 -0.7552 -0.9276 -1.0605 -1.1194 -0.2590 -0.5717 -0.1952 -0.3018 -0.3781 0.0241 -0.3224 
18.5864 -0.8188 -1.0837 -0.9691 -0.5530 -0.3132 0.2062 -0.9141 -0.4599 -0.2275 -0.6427 -0.1595 0.1532 
17.4941 -1.0322 -1.2829 -2.0771 -2.1910 -1.8633 -0.5164 -0.6490 -0.8961 -0.9833 -0.8446 -0.6443 -0.1361 
18.3272 -0.6118 0.2280 -0.6526 -0.9653 -0.4757 -1.1369 -0.7866 -0.3212 -0.0886 0.0050 -0.4022 0.3526 
18.3425 -0.2118 -0.4702 -0.5462 -1.4352 -0.1131 0.0648 -0.1112 0.0829 -0.4587 -0.5249 0.1852 -0.0358 
18.6371 -0.2329 -0.3361 -1.1167 -1.9501 -1.1431 0.1919 -0.4058 -0.6113 -0.5540 -0.1463 0.0657 -0.2078 
19.4647 -0.1992 -1.1964 -1.3344 -0.8297 -0.6201 -0.2527 -0.3439 -0.2477 -0.4627 -0.1674 -0.0114 0.1019 
18.3503 0.0314 -1.4081 -0.7090 -0.7390 -0.4832 -0.0258 -1.4584 -0.0489 1.2118 0.4257 0.0112 0.4143 
18.6000 -0.0958 -0.6866 -0.0843 -0.6586 -0.4398 -0.4351 0.5447 -0.0020 -0.9144 -0.1918 0.1197 0.0438 
17.5333 -0.3592 -0.7608 -2.0207 -1.3299 0.6718 -0.7271 -1.0560 0.1367 -0.4135 -0.5579 -0.0174 0.7592 
18.5219 -0.9151 -0.2947 0.1518 -0.8381 0.8094 0.2949 -0.3955 -1.1269 -0.9112 -0.3725 0.2561 -0.2069 
18.6785 -0.1233 -0.0933 -0.5514 -0.4585 -1.3113 -0.2246 -0.4339 -0.4153 0.2118 0.3366 0.1478 -0.5530 
18.6077 -1.8813 -1.3679 -1.0722 -1.8275 -1.4505 0.0489 -0.1871 -0.6310 -0.8734 -1.0689 -0.6108 0.3520 
18.9467 -0.2139 -0.5633 -0.1118 -0.5322 -0.3470 -0.6027 -0.4628 0.2600 -0.8502 -0.2238 -0.2069 -0.2712 
18.3796 0.1815 -0.8241 -1.3010 -0.4375 -1.1550 -0.9640 -0.1086 -0.2734 -0.0302 0.0527 0.5683 -0.2439 
17.8171 -0.1754 -1.4077 -0.4748 -1.3370 -1.1769 -0.4643 -0.8204 -0.2245 -0.0573 -0.2029 -0.1561 0.3027 
18.7188 -1.6277 -1.4287 -1.0994 -1.3522 -0.6003 -0.6038 0.2161 0.1716 -0.0687 0.1169 0.1320 -0.7261 
18.6203 -1.0684 -0.4648 -1.0633 -1.4614 -0.6907 -0.0730 0.5716 -0.4254 -0.2118 0.0603 -0.5059 -0.3522 
18.3458 -0.0874 -0.4065 -0.8679 -1.2484 0.4695 -1.4539 -0.4489 -0.5962 -0.5204 0.2019 -0.4459 -0.6207 
18.3872 -0.9552 -1.0339 -2.6488 -1.0773 -0.4186 -0.9310 -0.4665 0.2112 -0.6390 0.2721 0.3998 -0.6175 
18.3943 0.0085 -0.4698 -0.5253 -0.8560 -0.9634 -1.0728 -0.8251 -0.0646 -0.5623 -0.3325 0.1469 0.2726 
18.3813 -0.4971 -0.0916 -1.1533 -0.7504 -1.7933 0.0509 0.9406 0.0731 -0.0928 -0.3763 0.0243 -0.0015 
17.9290 -0.4425 0.4664 -1.0047 -1.2401 -0.8455 -0.0020 -2.0248 -0.3393 0.1365 -0.1403 0.2327 0.3140 
19.1061 -0.5001 -0.6739 -1.4544 -0.5935 -0.7903 -0.8122 -0.5358 -1.6100 -0.8951 0.5378 0.1981 -0.2370 
19.4392 -0.3560 -1.1410 -0.6944 -0.7671 -1.2067 0.2818 0.5494 -0.3775 0.2038 -0.0403 0.0322 -0.3256 
18.4034 0.0165 -1.0682 -1.6709 -0.7554 0.6486 -0.2108 -0.1497 -0.3481 -0.0560 0.1833 0.2749 0.1565 
18.7844 -1.4809 -1.4950 -2.6019 -1.1431 0.0626 -0.7998 -0.1038 0.3076 0.4490 0.5146 0.4924 0.4987 
18.8015 -2.1058 -1.3336 -0.1491 0.0796 0.9599 0.1424 -0.3240 -1.4404 -0.4547 -0.6410 0.2213 0.1957 
17.7595 -1.4012 -0.8777 -1.4635 -0.4259 -0.2700 -0.8029 -0.0784 0.6348 0.2828 0.3589 0.2190 0.0162 
17.6387 -0.0375 -1.1862 -1.1916 -0.9379 -0.1071 -0.5513 -1.1118 -0.1207 -0.4398 -0.2787 0.2032 -0.3527 
18.4637 -0.3093 -0.1577 -1.9815 -0.9505 -1.2024 -0.0545 -0.4193 0.3602 0.1132 -0.5423 -0.1243 0.4473 
19.2449 0.0503 -0.1327 -0.6449 -1.1967 -0.6668 -0.3220 -0.5331 -0.5575 0.5607 -0.0630 -0.0180 -0.1875 
18.8791 -1.3108 -2.4669 -1.7329 -1.9377 0.4672 -0.3690 -0.1907 -0.3140 0.2949 -0.1933 -0.8840 -1.2413 
18.8808 -0.3362 -0.4704 -1.3822 -0.7495 1.0074 -0.4888 -1.1213 -0.7785 -0.2490 -0.8308 -0.2039 0.2427 
19.6833 -0.2435 -0.4301 -1.7967 -1.0879 -1.3142 -1.0901 -1.2064 0.1349 -0.3751 -0.6828 0.1584 -0.0133 
18.2999 0.0323 -0.3901 -1.3255 -0.9772 -0.4363 -0.3200 -0.2367 -0.1283 -1.0494 -0.2995 -0.1101 -0.5637 
19.0540 0.0757 -0.1266 -1.1425 -1.0938 -0.2313 0.3648 -1.3568 -0.0996 0.1375 -0.6199 -0.3740 0.2177 
19.3961 -0.6703 -1.6387 -2.3422 -1.1239 -0.5716 0.2093 -0.8999 -0.6162 -0.2146 -0.3202 -0.4181 -0.1830 
18.8765 -0.6883 -0.1618 -1.7383 0.1862 0.8718 -0.1683 -0.2458 -0.1106 -0.3280 0.1120 -0.3142 -0.3640 
19.4976 -0.8727 -0.3000 0.1774 -1.0792 0.3251 -0.7312 -0.8034 -0.7493 0.2592 0.8110 0.5159 -0.4295 
19.4111 0.5891 -0.9660 -1.1491 -1.1299 -0.3954 -0.1312 -0.4487 -0.2136 0.0459 -0.3270 0.3606 -0.1833 
18.2107 -0.1891 -1.1853 -0.8765 -1.1680 -1.4271 -1.5529 -0.0267 -0.1249 -0.4750 -0.3118 -0.2519 -0.2638 
18.3820 -0.2821 -1.0677 -0.4926 -0.7230 -0.6392 -0.9379 -0.3542 -1.6976 -0.6852 -0.3363 0.2483 0.1138 
18.6462 -0.5814 -0.4902 -0.5913 -1.4486 -0.1611 -0.6731 0.3462 -0.4724 -0.6351 -0.5939 0.3055 -0.5317 
18.2309 -1.4651 -0.6601 -1.1238 -0.5304 -0.5935 -1.1211 0.0438 -0.2768 -0.4667 -0.3260 -0.2865 0.0781 
19.4468 -0.9548 -1.2769 -0.6720 -1.1783 -0.6811 0.0085 -0.5466 -0.0355 -0.2009 0.1163 -0.0262 -0.0873 
18.1806 -1.4453 -2.0737 -0.8067 -1.0040 0.7344 0.4376 0.3301 0.1321 -0.3595 -0.1913 -0.1910 0.3734 
17.9773 -0.4873 -1.8401 -1.1540 -1.7486 -0.4844 -1.2375 -0.2227 -0.2630 -0.0997 -0.0762 -0.2861 0.2250 
17.9327 -1.0250 -2.5831 -2.4583 -0.5668 0.1991 -0.5320 0.2457 0.0485 -0.2969 0.3280 -0.1897 -0.3531 
19.0282 -0.4527 -1.0094 -1.5338 0.0394 -1.2211 -0.4172 0.1748 -0.0513 -0.1202 -0.6834 -0.4321 0.4730 
19.2119 -0.6941 -1.5695 -1.0516 -0.9547 0.4504 0.2973 -0.0791 -0.3159 -0.4964 -0.0896 -1.0636 -0.1187 
18.3816 -0.3038 -0.0697 -1.4744 -1.3555 -0.9363 -1.0900 -0.8709 0.1002 -1.2273 0.0283 0.0235 -0.0254 
18.7490 -0.7936 -0.4055 -1.0367 -0.9568 -0.6036 -0.1455 -0.0160 -0.8015 -0.6159 -0.5461 0.1473 -0.1693 
18.0082 -1.2657 0.3475 -1.7360 -0.7232 0.2417 -1.0008 -0.2092 -0.5503 -0.4126 -0.7031 -0.4061 -0.2405 
17.9568 -0.0855 -0.5742 -1.6251 -0.1755 -0.2969 -0.5772 -0.6923 -0.7368 -0.5236 -0.2334 -0.2537 -0.1846 
19.6840 -0.4561 -1.0246 -0.0153 -0.1957 -0.7863 -0.5306 -0.2332 -0.8744 -0.3830 -0.3713 0.0099 0.2972 
18.0699 0.6030 -0.6527 -1.1816 -0.8791 -1.8072 0.0395 0.0821 -0.1315 0.6506 -0.6850 0.0121 -0.1945 
19.4644 0.6131 0.1525 -0.9545 -0.7612 -0.4231 -0.8041 -0.1486 -0.2464 0.3563 -0.5140 -0.0992 -0.5720 
19.3970 -0.5953 -0.9135 -1.9968 -1.3130 0.1763 -0.6882 -0.6177 0.6331 0.8343 -0.0729 0.5022 0.6203 
17.7089 -1.1781 -1.3068 -0.9973 -0.6189 -0.4448 -0.4574 -1.3665 0.6801 -0.4383 0.1099 0.1177 -0.1060 
18.2816 -1.0593 0.0494 -0.0294 -0.6498 -0.5130 0.0423 -0.7323 -0.3881 -0.4407 0.6771 0.0988 -0.2647 
18.7622 -1.6599 0.1449 1.0729 -0.1710 -0.6829 -0.0944 0.9527 0.3032 -0.5922 -1.1493 -0.3852 0.2755 
19.1686 -0.5285 -0.7522 -1.2206 -0.1362 0.1803 -0.2466 0.2781 -0.3095 -0.7847 0.3668 -0.4532 -0.0064 
17.1334 -1.6348 -1.3185 -2.5736 -2.1168 -0.5087 -2.3256 -0.5642 -0.4864 -0.2800 0.0454 -0.4989 -0.6418 
17.9398 -0.5312 -0.7772 -0.7167 -1.7566 0.1632 0.2853 0.8262 -1.2271 -0.1549 0.2058 -0.0639 -0.4182 
18.2372 -0.4714 0.1784 -0.6583 -1.3995 -0.0226 -0.6201 -0.4757 -0.7740 -0.4314 0.1819 0.4694 -0.1816 
17.4053 -0.5774 -0.8371 0.0144 -0.1452 -0.6517 -0.0799 -0.6725 -0.5134 0.5451 0.1879 -0.0308 -0.5472 
19.1831 -0.5588 -0.1646 -1.4371 -0.8027 -0.8961 0.0564 -0.3695 -0.7768 0.1271 -0.3625 0.2065 -0.3160 
18.8623 -0.1227 -0.4398 -1.4627 -1.2802 0.1004 0.4515 -1.1119 -0.4674 -0.0373 -0.3137 -0.3490 -0.0569 
19.0893 -0.4533 -0.9391 -1.4462 -1.4915 -0.8859 -1.1017 -0.7176 0.2646 -0.3890 0.0359 -0.0086 0.2621 
19.4610 -0.8932 -1.5805 -1.4449 -0.4633 -0.9656 -0.4568 -0.2268 -0.6873 -0.3843 -0.6577 -0.7103 -0.1246 
19.2753 -1.1988 0.1252 -0.0487 -0.0932 -0.3564 -0.9509 -0.1293 -0.9343 -0.6160 0.1168 0.0642 0.0201 
19.6450 0.0181 -0.2439 -0.8519 -0.9597 -0.5820 -0.4553 0.1031 -0.9288 0.1316 0.4623 0.1927 0.0467 
19.0812 0.0173 0.3570 -1.3144 -1.5626 -0.2154 -0.1212 -0.7387 -0.3992 -0.4335 -0.2838 0.1028 -0.0105 
18.5088 -0.1217 0.0631 0.3467 -0.9391 -1.9448 -1.1090 0.9873 0.1924 -0.7890 -0.4288 -0.0135 0.9063 
24.6102 1.0501 -2.2050 -0.2759 -0.8118 -0.4444 -0.7263 -0.0106 0.0151 -0.0095 -0.2012 -0.1124 0.1480 
28.2878 2.0958 -2.7939 -0.5735 -1.3817 -0.0304 -0.3794 -0.5135 0.3663 -0.6488 -0.7351 -0.1586 -0.2906 
28.0161 2.6309 -2.5858 -0.7020 -1.7094 -1.0971 -0.9195 -0.2525 0.7896 0.1455 -0.0322 0.8856 -0.2616 
29.1742 2.9391 -2.4411 -0.4122 -1.8429 -1.1285 -0.7128 -0.1124 1.0139 -0.0185 -0.2193 0.0115 -0.2846 
30.8485 3.1325 -3.6982 -0.6030 -0.9873 -0.3998 -0.6442 0.1023 -0.4816 -0.8172 -0.6866 -0.1121 -0.4189 
30.5776 2.7278 -3.9063 -0.6839 -1.5017 -0.7090 -0.4337 0.9559 0.7939 0.2233 -0.9991 -0.9751 -0.1681 
31.7582 2.9713 -4.3961 -0.2491 -0.6626 0.0027 -0.3799 -0.2163 -0.7244 -0.7594 -0.9383 -0.6027 0.2029 
33.1981 2.5163 -4.2700 0.3176 -1.4182 0.2132 -0.7149 -0.1807 -0.5525 -0.4515 -0.7346 -0.3989 -0.0364 
33.0684 2.8280 -4.4083 0.2693 -1.3042 -0.1291 -0.3268 -0.4903 -0.1280 -0.8016 -0.5965 -0.4096 -0.2328 
33.5455 2.3995 -3.7790 0.4346 -2.1342 -0.3032 -0.4388 -0.6299 -0.2151 -0.8541 -0.6463 -0.3799 -0.2759 
32.9929 1.9125 -2.9976 0.1568 -1.8344 0.0434 0.2459 -0.4150 -0.8592 -1.0333 -1.0349 -0.6747 -0.1115 
32.9278 1.9858 -2.0021 -0.1862 -2.3050 -0.6271 -0.1545 0.0103 -1.5167 -0.2039 -1.2142 -0.7312 0.2713 
33.1423 1.8384 -1.6612 -0.0712 -2.5038 -0.3493 0.2588 -0.1724 -1.3901 0.0795 -1.0193 -0.7288 0.1244 
34.8665 0.9751 -2.0066 -0.0886 -1.8515 -0.9017 0.1856 -0.0269 -1.2932 -0.1714 -0.8754 -0.5196 -0.1882 
35.7266 0.6377 -2.1009 -0.2504 -2.1175 -0.3185 -0.2470 0.1640 -0.7281 -0.1632 -0.8639 -0.4086 -0.1171 
35.2904 0.3051 -2.1943 -0.2097 -1.6900 0.1787 -0.1993 0.1283 -0.9766 -0.6975 -1.1690 -0.4131 0.0380 
35.0489 0.1085 -1.7302 -0.4555 -2.4044 0.2390 -0.5934 0.5895 -1.1388 -0.1101 -1.4161 -0.0988 -0.2371 
35.2654 0.5554 -1.7966 -0.7959 -1.8820 -0.1935 -0.5827 0.2987 -0.2520 -0.5418 -0.3995 -0.2729 -0.2156 
34.3985 0.1248 -1.7603 -1.3125 -1.9272 -0.5683 -0.4916 0.0323 -0.3707 -0.2118 -0.8341 -0.3175 -0.6197 
34.0945 0.2780 -1.6194 -1.5882 -0.9751 -0.8780 0.0768 0.3243 -0.3048 0.0911 -0.5093 -0.4186 -0.4655 
34.2355 -0.1034 -1.8522 -1.7553 -1.1456 -0.8029 0.0049 0.1683 -0.4466 -0.1987 -0.9422 -0.2272 -0.5060 
34.0042 0.5522 -2.3235 -1.3401 -1.4083 -0.4631 0.1706 0.0507 0.0259 -0.2808 -0.6883 -0.3289 -0.2691 
34.8338 -0.3582 -2.1952 -1.9890 -1.2939 -0.8543 -0.0436 -0.2817 -0.0786 -0.8927 -0.7415 -0.3772 -0.4725 
34.2588 0.6396 -2.0522 -1.7503 -1.4132 -0.7413 0.2388 -0.0202 0.2122 -0.1837 -0.6616 -0.0852 -0.2228 
33.6025 0.4883 -2.2908 -2.0698 -1.3606 -1.2432 0.1504 -0.3717 -0.0836 -0.6089 -0.8596 -0.4245 -0.4898 
33.8252 0.5044 -1.9714 -1.6898 -1.2516 -0.8810 0.0772 -0.1809 0.1504 -0.3303 -0.4588 -0.4117 -0.5066 
33.8616 0.2997 -2.3197 -1.6299 -1.2000 -0.9327 0.1389 -0.0545 0.0200 -0.4758 -0.4205 -0.4437 -0.7370 
34.2876 0.0015 -2.1747 -1.4529 -0.9717 -0.8838 0.4210 -0.0967 0.2443 -0.2933 -0.5407 -0.3095 -0.4885 
34.1286 -0.1591 -2.4458 -1.3974 -1.2017 -0.9858 0.1411 -0.0429 0.0145 -0.2979 -0.6788 -0.2944 -0.4229 
33.9513 -0.2825 -2.3286 -1.3958 -1.0509 -0.9206 -0.0426 0.1346 -0.0622 -0.3567 -0.6631 -0.3822 -0.3640 
33.0972 0.7313 -2.0082 -1.5844 -0.9246 -0.6330 -0.2091 0.2972 -0.0493 -0.1279 -0.3567 -0.0019 -0.2137 
31.0860 3.1463 -2.3311 -2.0128 -1.2536 -0.5241 -1.1256 -0.2443 -0.1941 -0.1658 -0.4922 0.0283 -0.5318 
30.5751 3.2465 -2.8808 -1.7102 -0.9559 -0.8795 -0.1888 -0.7079 -0.0485 -0.5539 -0.4280 -0.6327 -0.1617 
30.3664 2.9850 -1.9946 -1.7528 -0.6251 -0.7847 -0.1068 -0.1069 0.0398 -0.2933 -0.4364 -0.3758 -0.3893 
29.8277 3.1512 -1.8601 -1.9042 -1.2170 0.2565 -0.5212 -0.4605 0.2954 -0.5763 -0.4994 -0.1600 -0.6186 
29.6139 2.9591 -1.6749 -1.5744 -1.6106 -0.3094 0.3428 0.1798 -0.0026 -0.6226 -0.0953 -0.1276 -1.0194 
28.9029 3.9105 -1.6883 -2.2086 -1.1393 -0.2721 -0.3312 0.9787 -0.5250 -0.2414 -0.3960 -0.1198 -0.5357 
27.9520 4.7712 -1.5812 -2.3078 -1.0571 -0.2918 -0.2750 -0.0032 0.2528 -0.1634 -0.8520 -0.0629 -0.3449 
27.1201 4.8984 -1.9243 -1.4429 -0.7381 -0.5531 -0.2429 -0.2023 -0.2746 -0.2711 -0.5904 -0.7898 0.1868 
26.3391 3.8519 -0.2270 -1.0077 -1.0880 -0.2132 -0.4542 0.0907 -0.5655 -0.8826 -0.3166 -0.1271 -0.4308 
25.6695 2.7798 -0.5015 -0.6185 -0.9172 -0.5577 0.3080 -0.4379 -0.8897 -1.3168 -0.5957 -0.0491 -0.1090 
29.8638 0.9838 -3.1970 1.1447 -0.5761 -0.7524 -0.7299 -0.9657 -0.8249 -0.3951 -0.1796 0.3110 -0.2752 
26.6973 0.6125 -1.3530 -0.1798 -1.4076 -2.0661 -0.8768 -0.3538 -1.1061 -0.3316 -0.1268 -0.0545 0.2320 
24.9138 1.1342 -1.5282 -0.4715 -0.7984 -1.6392 -0.8861 -0.1479 -0.6108 -0.3310 -1.2208 0.2430 0.0819 
26.4669 1.9994 -1.0830 -0.6257 -1.6658 -0.2441 -0.4031 -0.1786 -0.7195 -0.4638 -0.3552 -0.5153 -0.1552 
25.5492 2.7436 -0.6357 -1.0640 -2.1585 -0.0044 -1.1835 -0.1064 -0.6555 -0.4781 -0.2144 -0.4107 -0.3575 
24.4712 1.8702 -0.3207 -0.1973 -0.9352 -0.5527 -0.2047 -0.2161 -0.4413 -0.5233 -0.2771 -0.1905 -0.2449 
23.7335 2.3523 -1.4676 -1.0208 -1.5587 -0.1108 -1.2611 -1.1031 -0.2292 -0.5415 -0.5747 -0.6314 0.2041 
22.0245 2.3188 -0.2103 0.0880 -1.5284 -1.1303 0.3028 -0.3568 -0.6338 -0.4887 -0.7353 -0.1777 0.1066 
20.1184 1.2254 1.3420 -0.2827 -0.4980 -0.6057 -1.0808 -0.7037 -0.0172 -0.4892 -0.1267 -0.4060 -0.1012 
19.9332 0.5320 0.2494 -1.1069 -1.0866 -0.0160 -0.5160 -0.3395 -0.5827 -1.5331 -0.7851 0.0792 -0.4251 
19.7715 0.0703 0.2555 -0.8517 -1.1943 -0.3157 -1.1033 0.0701 -0.7879 -0.4814 -1.0318 -0.3617 0.0159 
19.7900 -0.0626 -0.6831 -1.0229 -1.7908 0.4844 0.0797 0.4182 -0.0936 0.6991 -0.2509 -0.8628 -0.6175 
18.9097 0.3159 -0.2656 -0.6166 -0.3156 -0.3753 0.2513 0.7991 -0.8763 -0.8663 -0.7736 -0.5912 0.1488 
18.9425 0.2535 -0.8788 -0.0904 -0.8088 -1.2827 -1.0374 -1.1206 0.1233 -0.1828 0.1928 -0.3812 -0.5999 
19.3505 -0.7930 -0.0393 -0.7532 -0.3280 -0.3972 -1.0563 -0.7778 0.2652 -0.1334 0.3731 -0.2748 -0.5880 
19.2028 1.2480 -0.0548 -1.6269 0.0120 -0.0408 -1.6118 -0.3060 -0.6480 -0.0131 -0.3385 0.3591 -0.0647 
18.4053 0.0906 -0.3292 -1.4588 -0.7474 -0.6394 -0.7567 0.5399 -0.4667 -0.4736 0.2603 -0.4395 0.0044 
18.2029 -1.5824 -0.5878 -1.3141 -1.5461 -0.8853 -0.4449 0.5763 0.2437 -1.1545 0.4586 0.0533 -0.2355 
18.5504 -1.9645 -1.8148 -1.1417 -1.4660 -0.9125 -1.1081 -0.3217 -0.9002 -0.5713 -0.2343 -0.1635 -0.3584 
18.5473 -0.2307 -0.0052 -0.4260 -1.0281 -0.9793 -0.2612 -0.5621 0.2157 -0.5126 -0.9645 0.2561 0.5341 
18.7468 -0.9091 -1.3195 -1.9553 -0.4030 -0.2026 0.1085 -0.0792 -1.1913 0.5799 0.0852 -0.3571 0.1041 
19.1192 -0.6781 -1.1278 -1.2315 -1.7390 -0.5321 -0.3748 0.5204 0.2848 -0.3429 -0.9456 -0.0133 -0.2070 
18.8621 -1.2452 -0.9924 -0.8713 -0.6264 -0.9735 -0.5601 -0.8130 -0.3269 -0.5550 -0.4833 0.1247 -0.6295 
18.3242 -1.2888 -1.6887 -2.2803 -1.3872 -0.4041 -1.7343 -0.7329 -1.0998 -0.9722 -0.1334 -0.9803 -0.0536 
18.4581 -0.5469 -1.6061 -0.8559 -0.7885 0.8676 0.1784 0.3352 -0.6611 -0.4638 -0.4206 0.0417 -0.3100 
17.6812 -0.8066 -0.4632 -0.0364 -0.8114 -0.0492 0.3138 0.2180 -1.5848 -0.4771 -0.1716 -0.0008 -0.4145 
18.3093 -0.7415 -0.8942 0.0831 0.2889 0.2033 -0.1770 -0.4784 -0.3361 -0.4876 -0.1047 -0.4331 -0.4713 
18.2595 -0.3232 -0.9336 -0.6184 -0.4805 0.2291 0.6511 -0.2137 0.1468 -0.1636 -0.8541 -0.1176 -0.5341 
17.7627 -1.2819 -1.1725 -1.8650 -1.3520 -0.4758 0.4671 -0.7573 -0.9960 -1.0013 -0.9865 -0.5426 -0.1556 
17.0569 -0.9211 -0.0561 -0.5819 -0.0873 0.8986 -1.0208 0.2822 0.2513 -0.7834 -0.6746 0.3694 -0.3621 
16.3974 -1.5692 0.7538 1.0800 -0.4950 -0.3823 -2.1069 -0.4295 0.5976 0.2517 -0.1614 0.2461 -0.1182 
17.0409 -0.7776 -1.5051 -3.1037 -0.9571 0.4905 -0.4179 -1.2687 0.5552 -0.5223 0.4290 0.3841 0.1507 
18.7840 -1.1248 -0.3355 -1.3056 -0.7861 -0.8962 0.3120 0.1382 -0.5905 -0.4384 -0.2563 -0.2850 -0.1033 
18.1339 -1.0312 -1.7578 -1.3483 0.1733 -0.3929 0.5801 0.4125 0.0173 -0.3864 0.3710 -0.3742 -0.4225 
17.6957 -0.9357 0.2705 -1.1915 -0.8125 -0.7471 -0.5060 -0.3949 -0.3745 0.1290 -0.6001 0.1544 0.1247 
16.4038 -1.5525 -0.7704 -1.7144 -1.8674 -0.3959 -1.2112 -0.1308 -0.7361 0.6063 0.0263 -0.0857 -0.1115 
18.2186 0.1737 -1.4377 -0.6056 -1.0161 -0.7582 -0.2154 -0.0363 -0.2573 -1.2796 0.7593 -0.4916 0.1582 
17.4973 -1.5465 -0.9984 -0.2961 -0.9298 0.2478 -0.7814 -0.3405 0.3020 0.4027 -0.1655 -0.2220 -0.9809 
19.1342 -0.4078 -0.5272 -0.7458 -1.4405 -0.2491 0.1842 -0.0718 -0.3887 0.1149 0.1302 -0.0474 -0.4948 
18.8850 0.2241 -0.7953 -0.8609 -0.6678 -0.5310 -0.2171 -0.0957 -0.7021 -0.0875 -0.2410 0.2958 -0.3220 
16.9799 -0.8273 -1.2516 -1.6237 -1.9438 -1.3433 -0.3467 -0.5129 1.0377 -0.3784 -0.3058 -0.0489 -0.7129 
17.9970 -0.9801 -1.1045 -1.4986 -1.0634 -0.6508 -0.0198 0.1282 -0.2677 -0.5203 0.1843 0.1522 -0.1157 
18.4965 0.7157 -2.0231 -0.6008 -1.6006 -0.8245 -0.8520 -0.6959 -0.0031 0.2003 -0.4131 -0.4166 -0.3486 
17.9551 -0.3364 -0.9683 -0.9621 -0.7913 -0.3551 -0.1087 -0.3592 -0.4124 -0.7767 -0.0053 0.1801 -0.7031 
18.6788 -0.9327 -0.8349 -1.5891 -1.3892 -0.8279 -0.2756 -0.2504 -0.8750 0.2346 0.2437 -0.3313 -0.1964 
18.6987 0.4987 -0.2496 -1.0046 -1.0271 -1.7128 0.1805 0.1520 -0.2372 -0.3207 -0.6636 -0.0676 0.3163 
17.0750 -1.9579 -1.2015 -0.7598 -0.1963 -0.2520 0.2660 0.3471 0.3524 -0.3026 -0.8600 0.1745 -0.3751 
17.6639 -0.2459 -1.4163 0.2785 -1.7609 -0.1646 -0.5733 0.3510 -0.6536 -0.3656 0.3885 0.0870 -0.4017 
18.2224 -1.0548 -1.6154 -0.7142 -1.5913 0.0867 0.3472 -0.4455 -0.4895 -0.3686 -0.3390 -0.0961 -0.5280 
18.1398 0.1571 -1.6988 -0.5438 -1.2284 -0.4423 0.4401 0.1979 -0.2285 -0.2876 -0.4752 -0.4770 -0.1167 
16.9805 -0.5281 -0.9597 -1.0182 -1.3146 0.0233 0.2124 -0.1970 -0.5600 0.3526 0.4169 0.4349 -0.0673 
16.5668 -1.0644 -0.4259 -1.1990 -1.1329 -0.0417 -0.2701 -0.4495 0.6515 -0.0928 -0.3550 -0.1382 -0.4851 
17.0731 -1.5416 -0.9393 -0.9384 -1.4484 -0.1954 0.1950 -0.8058 -0.3583 0.3310 0.2989 0.2964 -0.2208 
16.6283 -1.2933 -0.8750 -0.9513 -1.2162 -1.3031 -0.0068 0.0350 1.2544 -0.1018 -0.9703 -0.5813 0.3512 
16.9162 0.1330 -1.8961 -1.4004 -1.4406 -1.0013 -0.3808 -0.6766 0.2439 -0.2484 0.2370 -0.4430 -0.3505 
16.5227 -0.5193 -0.3739 -0.8477 -1.1842 0.8596 -1.3376 -0.6972 -0.3730 -0.8113 0.1351 0.3383 -0.7874 
18.1885 -0.8266 -0.7429 -1.1724 -1.4369 -0.0873 0.3737 0.2731 -0.8598 0.1497 0.1921 -0.2207 0.1051 
17.1114 0.3721 -0.4474 -1.3569 -1.0458 -1.0493 -1.0445 -0.3311 -0.4460 -0.3247 -0.0617 0.0538 0.3853 
17.4491 -1.5327 -0.5933 -0.5882 -1.0701 -0.4717 -0.2822 0.5368 0.0109 0.0070 0.5025 -0.4856 -0.5445 
16.6453 -0.6879 -1.1641 -0.9948 -0.5564 -0.9038 -1.7981 -0.8670 -0.5893 0.1907 -0.7804 -0.4078 -0.1337 
17.2233 -0.6610 -0.4342 -0.1756 -0.7823 -1.5992 -0.3944 0.0936 -0.3182 -0.0119 -0.2902 -0.0413 0.1487 
17.5187 -0.8023 -0.2133 -1.5581 -0.4180 -1.4731 -0.8368 0.3712 0.2173 0.3453 -0.6025 -0.2689 0.0947 
18.2599 -0.6243 -0.0478 0.1387 -1.0417 -0.7760 -0.5217 0.1726 0.1055 -0.7126 -0.2989 -0.1581 0.4739 
17.3454 -0.9690 -1.1291 -1.6878 -0.1995 -0.0893 -1.1012 0.0018 -0.7349 -0.3471 0.4449 -0.4297 -0.6616 
17.9726 0.1706 -0.0226 -2.2644 -0.3154 -0.5058 -0.4112 -0.5599 -0.7061 0.0914 0.3491 -0.1074 -0.6444 
17.6406 -0.9673 0.2025 -0.6138 -1.2267 -0.5247 -0.6654 -0.3752 -0.1792 -0.8148 0.2419 0.5054 0.0124 
18.0764 -0.8036 -0.0947 -0.6465 -1.1453 -0.0644 -0.1110 0.0661 -0.9143 0.1302 -0.4776 -0.2192 -0.1486 
16.5797 -0.8358 -1.3744 -1.5202 -1.6668 -0.8718 -0.7607 -0.0099 -0.1606 -0.0586 -0.5779 -0.0582 -0.0535 
