21.7694 2.4552 -2.7242 -0.9031 -0.7040 -0.3482 0.2398 -1.5249 -0.7060 0.0226 -0.6938 -0.4208 0.0311 
20.9046 1.6516 -1.4928 -0.2204 -0.7778 0.3660 -0.2514 -1.1808 -0.7993 0.1866 -0.3522 -0.2446 0.0237 
20.7767 2.9520 -1.9545 -0.8548 -1.4167 -0.5179 0.0518 -0.7154 -0.1521 -0.3608 0.0572 -0.5422 -0.0554 
21.2864 1.2700 -2.5113 0.0147 -1.0755 -1.8493 -0.2531 -0.3996 -0.8429 -0.4714 -0.4830 0.1838 0.0438 
22.3988 1.0526 -3.0086 -1.1025 -1.3772 -1.0815 0.1072 -0.8117 -0.8011 -1.2812 -0.5398 0.3030 -0.2230 
20.9415 0.0792 -1.5987 0.5395 -1.3529 -0.8413 -0.9692 0.2605 0.0258 -1.1991 -0.9204 0.1779 0.1862 
18.9440 0.4107 0.2548 1.1564 -0.2960 -0.8680 -0.0704 0.0917 -0.2479 -0.9242 -1.2916 -0.3464 0.7291 
19.1554 1.3037 -0.1019 -0.0356 -0.4368 -0.2910 -0.1951 -1.8259 0.1140 -0.3883 -0.8406 0.0247 -0.1046 
21.5281 1.8334 -0.5612 0.6937 -0.4795 -1.2410 0.0037 -0.6613 -0.3681 -0.4208 -0.4045 -0.2828 0.3044 
22.1157 2.2484 -1.2464 -0.2086 -1.7338 -1.0904 0.0247 -1.0953 -0.8379 -0.8101 -0.2531 0.0765 -0.2296 
21.0507 2.7191 -1.4517 -1.0931 -0.0680 -0.2272 0.1320 -0.1716 -0.2274 -0.1115 -0.6567 0.0243 0.0903 
21.0422 0.2772 -2.1832 -1.1921 -1.1726 -0.9758 -0.0383 0.2277 0.2902 -0.1403 -0.8812 -0.2081 0.5526 
20.6522 0.5498 -0.9869 -0.0788 -1.8846 -0.0756 -0.3950 -1.1767 0.3153 -0.1492 -0.2963 0.0783 0.4008 
20.9816 1.1733 -1.1215 0.1666 -1.0932 -0.1982 -0.5876 -0.6457 0.0405 -0.4118 -0.7714 0.0906 -0.1629 
20.9689 1.9561 -1.1114 0.2012 -0.8527 -1.2177 -0.0788 -0.4886 0.3681 0.0403 -1.4662 -0.1904 -0.1220 
21.4201 1.6870 -1.7304 -0.4249 -0.3079 -0.7901 -0.6051 -0.3650 0.2560 -1.2860 0.1348 0.2939 -0.5068 
19.5952 -0.5720 -2.1794 0.6646 -0.9758 0.2437 1.3642 0.0856 0.1262 -0.6729 -0.1470 -0.5026 -0.5609 
19.5650 0.6835 -1.3100 -0.3860 -0.5325 0.2545 0.2883 -0.6175 0.0014 0.4542 0.7881 -0.4933 0.1382 
20.4415 0.8991 0.2506 0.5547 0.1375 -0.5299 -0.0900 -0.9694 -0.4822 -0.0168 0.1777 -0.3153 -0.0579 
19.2840 0.2677 -0.0799 -0.8140 -1.1795 0.2322 -0.4847 0.0189 -0.0720 -1.2041 -0.2589 -0.0446 -0.0151 
19.7049 0.1007 -1.1607 -0.7370 -1.3027 0.1602 -0.6944 0.3120 -0.1709 -0.1467 -0.4395 -0.5742 -0.0686 
18.3969 -0.5248 -0.8160 -0.0081 -1.3149 -0.4099 -1.1522 -0.5513 -0.3527 0.4040 0.2214 0.3228 -0.1375 
20.1943 -0.2904 -1.4919 0.3734 -1.9447 -0.4843 -1.0592 -1.2148 -0.6249 -0.2977 -0.0337 -0.2744 -0.6135 
21.2850 1.0072 -1.2723 0.2394 -0.1919 -0.0952 -0.6249 -0.0424 0.1219 -0.8395 -0.5979 -0.4370 0.2112 
21.1977 1.5229 -2.8254 0.0080 -0.2691 -0.4015 -0.8411 0.4801 -0.6969 -1.0649 -0.0087 -0.4862 0.1299 
19.5447 -0.8776 -0.9888 -0.5317 0.0428 0.4627 0.1667 -0.5378 -0.6196 -0.2058 -0.0971 0.2086 -0.5284 
19.2519 0.5277 -2.0412 -0.4073 -0.4837 -0.6245 -0.2829 -0.0960 -0.6335 -0.5486 0.7533 -0.1864 0.0253 
20.3613 -0.3658 -2.1363 0.5083 -2.4605 -2.2593 -1.4581 -0.4996 -0.2842 -1.0712 -0.6606 -0.2847 -0.2972 
20.8322 -0.3937 -0.2092 1.1403 -0.9252 -1.6294 0.2722 -0.4212 -0.2705 -0.3914 0.2046 -0.3231 -0.6428 
21.2645 -0.6499 -2.0084 -0.3292 -0.9644 -0.3504 -0.2154 -0.5084 -1.0261 -0.7836 -1.0538 -0.5441 -0.0483 
20.8450 -0.0291 -0.6796 -0.7954 -1.7638 0.5107 -0.6394 -1.0037 0.2863 0.0268 -0.5794 -0.2133 -0.3564 
20.7214 0.7786 -0.1951 -0.1121 -0.2127 -0.5558 -1.0308 -1.0586 0.4814 -0.4109 -0.2675 -0.2156 -0.2517 
21.3892 0.8749 -1.5560 -1.1775 -0.9847 -0.5952 -0.4406 0.0996 -0.2329 -0.3205 -0.8094 -0.3201 -0.1169 
20.9174 1.5269 -1.1956 -1.6286 -0.4398 0.1003 -1.1711 0.1245 0.4512 -0.3961 0.3554 -0.1091 -0.5590 
19.4505 -0.2176 -0.3208 0.4309 -1.3129 -0.9099 0.9125 -0.0418 -0.3286 -0.8194 -0.7770 -0.1371 0.4191 
20.1695 0.5991 -0.9980 -0.2665 -1.1497 -0.9307 -1.6208 -1.5289 -0.3962 -0.6366 -0.6650 -0.5836 0.2930 
20.3791 2.6391 0.5939 -0.9872 -0.1792 0.0164 -0.9002 -1.1265 0.5690 -0.6748 -0.3429 0.1448 -0.1157 
19.5478 0.9420 -0.2118 -0.3953 -0.6239 -0.9134 0.0985 -1.2155 -0.3068 -0.6554 -0.6063 -0.1404 0.0103 
20.4968 0.2650 -1.2277 -0.3692 -0.7804 0.5149 0.4794 -0.1782 -0.0653 -0.0692 -0.5779 0.0645 -0.2024 
20.2269 -0.5978 -0.4004 -0.3427 -1.7136 -0.8928 0.0492 0.5271 0.6096 0.1233 -0.5953 -0.4646 0.2258 
19.6461 -0.7267 -2.4431 -1.2161 -0.3911 -0.3779 0.3442 -0.3727 -0.3067 -0.0592 -0.4675 -0.3271 -0.3987 
19.5349 0.4120 0.2230 0.4607 -0.7700 -0.1058 -0.4203 -1.0441 -0.4009 -0.3537 -0.6602 0.0877 0.3203 
19.9684 1.5590 1.1615 -0.0030 -1.2620 -1.0241 -0.9534 -0.2703 -0.3722 -0.0028 -0.9593 -0.1575 0.3838 
21.0696 0.8277 0.5776 -0.8626 -2.0761 -1.5066 0.9412 0.1640 -0.3470 -0.2899 -0.3793 0.1233 0.0008 
27.1302 -3.3210 -1.4149 -1.5109 -0.4495 -0.4926 0.6520 0.1457 0.0554 -0.2110 -0.4395 -0.0258 -0.0669 
31.2825 -2.3929 -1.8509 -3.1820 -0.0411 0.0603 0.1911 -0.4536 0.1352 0.4928 -0.2466 0.6490 0.1514 
29.0253 0.5866 -0.0704 -1.3887 -0.9495 -0.6855 -0.3355 0.6013 -0.3703 0.2372 0.0214 -0.1350 -0.2889 
27.3743 -0.2378 -0.6887 -1.8288 -1.3762 -0.0808 -0.0444 -0.5555 0.1126 -0.3180 -0.7413 -0.4445 -0.6847 
24.6788 -0.0429 0.6137 0.3469 -0.8364 -0.8459 -1.0771 -0.8174 -0.0241 0.4844 -0.4043 -0.2121 -0.0601 
23.4248 -0.2342 -0.6632 -0.3616 0.3734 0.0692 0.3829 -0.2711 0.0499 -1.0176 -1.0765 0.0768 0.3591 
22.9470 -0.1557 -1.9519 -2.0251 -0.2122 -0.2442 1.0896 0.5349 0.5544 0.1864 -0.1207 -0.4984 -0.3659 
21.4398 -0.1142 -1.9478 -1.6975 -2.1849 -1.6211 0.0739 -0.8903 0.5071 -0.9393 -0.3757 -0.6646 0.3044 
22.5805 0.5847 -0.6480 -0.6916 -0.3019 -0.7787 -0.0983 -0.5422 -0.5601 -0.3614 -0.1152 -0.1122 0.2009 
20.4025 -0.1057 -1.6219 -0.3454 -0.1500 0.7866 1.0694 -1.1173 0.1293 0.2614 -0.3791 -0.1185 -0.2406 
22.2254 -0.6122 -1.1847 -1.4844 -1.0521 0.4491 0.1029 -0.5802 -0.2646 -0.5381 -0.1831 0.0428 0.1432 
20.7601 0.1967 -0.3950 0.5545 -1.2764 -1.1473 0.3774 -0.0486 -0.2934 -0.4508 -0.3625 0.1897 -0.5418 
21.2491 -0.2417 -0.9191 -0.7174 -2.2028 -1.1833 -0.4352 0.3379 0.9273 0.5998 -0.2141 0.2230 0.7146 
21.2227 0.6641 -0.8350 0.5168 -0.3105 -0.4979 -0.5329 -0.5331 -0.0791 -0.5580 -0.0185 0.2066 0.2071 
22.2438 -0.2089 -1.8144 -0.4048 -0.5909 -1.2866 -1.3569 -0.4791 -0.5536 -0.3262 -0.3003 -0.6680 -0.3601 
21.3520 0.4090 0.2197 -1.0405 -1.0083 0.4060 0.5043 -0.6529 -0.8575 -0.6437 -0.5622 -0.0095 0.1656 
20.0815 -0.1588 -0.1049 -0.0888 -1.6851 -0.7010 -0.1290 -0.1572 -0.1149 -0.3116 -0.3071 -0.2309 -0.3634 
21.2478 1.0557 -0.6817 -1.7369 -1.1734 -0.4986 -0.6184 -0.1781 -0.4051 -0.6936 -0.1856 0.1262 -0.5192 
21.5413 1.3475 -0.6586 -0.2587 -0.9229 -0.7896 -0.2814 -0.5057 -0.5551 -0.5311 0.2776 0.2645 -0.8841 
21.0243 0.1844 -0.7221 -1.5998 -0.9045 -0.8718 -0.3296 -1.7523 -0.6271 -0.2362 -0.5041 -0.2940 -0.1050 
21.2920 1.2630 -1.5577 -0.3016 -1.1104 -0.6519 0.6139 -0.7752 -0.3630 0.0010 -0.7729 -0.3982 -0.0330 
21.4444 2.2272 -0.7945 -0.0286 -0.1853 -0.7466 -0.4628 -0.3453 -1.1841 -0.2043 -0.1305 0.2504 0.0763 
20.8778 2.1076 0.0326 -0.2254 -1.0674 -0.0964 -0.9989 -0.6322 -0.7426 -0.6085 0.3968 0.1217 -0.0726 
21.3590 0.0811 -0.8645 -0.0926 -0.0802 0.0089 -0.5371 -0.9746 -0.3606 -0.8499 -0.1568 0.2432 -0.0107 
20.0660 0.2519 -1.3366 -1.1922 -0.2315 0.4713 -0.8571 -1.1816 0.2742 -0.7637 -0.7847 -0.3671 0.0962 
21.9194 0.8534 -0.7571 -0.5606 -1.4112 -0.7493 -0.1563 -0.5429 -0.0817 -0.4952 0.2469 -0.4931 -0.1718 
21.6282 0.6248 -0.0311 -0.7396 -1.8947 -1.1114 -0.2983 -0.7812 -0.1276 -0.9593 0.1460 -0.1043 -0.1540 
20.5513 -0.5444 -1.1817 -0.1026 -1.2171 -1.2630 -0.3257 -0.1900 0.1556 -0.3960 -0.7063 -0.2589 0.1398 
22.2499 0.0222 -0.1908 -0.0881 -0.8006 -1.6115 -0.4875 -0.5760 0.1976 -0.1938 -0.8187 -0.4213 0.5434 
21.1701 0.6300 -0.0071 -0.4724 -1.5054 -0.6031 -0.8288 -0.8435 -0.2042 0.1468 -0.3694 -0.0093 -0.3706 
20.1228 0.7727 0.3375 -1.1470 -0.3827 0.0183 -0.0379 -1.2432 0.2712 -0.3349 -0.3226 0.4524 -0.0272 
20.6860 1.1959 0.1234 -1.0450 -1.3813 -0.3079 0.4775 -0.7834 -0.0256 -0.2976 0.0695 -0.2255 -0.6913 
19.2544 0.4651 0.2083 -1.7864 -0.1170 0.9828 -1.8282 -1.3111 1.0664 -0.5338 -0.0054 -0.6822 -0.3850 
20.2201 1.6675 0.3969 -2.3648 -0.6706 0.4774 -1.2614 0.1882 -0.4286 -1.2407 -0.1936 -0.1273 -0.3437 
20.3449 0.9298 -0.1784 -0.1217 -0.6602 -0.3299 -0.4820 -0.7020 0.1629 -0.7423 -0.9868 -0.5772 0.6724 
21.0017 0.3744 -0.7586 -0.6946 -1.0497 -1.3986 0.5222 -0.9693 -0.5520 0.4641 -0.0842 0.5982 0.1936 
21.0010 1.1286 -0.7312 -1.4786 -1.0549 -0.8177 -0.7037 -0.4523 -0.3806 -0.6863 -0.0641 -0.1436 -0.3446 
21.1456 1.0735 -0.5253 -0.4336 -0.9042 -0.9959 -0.6831 0.0282 0.2076 -0.0105 -0.1482 -0.2965 0.0609 
20.7178 1.1462 0.7740 0.5196 -0.7291 -0.8785 -0.4475 -1.1145 -0.2791 -0.2642 0.0110 0.0529 -0.1441 
20.7667 0.1183 -0.7566 0.0093 -1.7552 -0.3220 -0.1170 -0.1174 -0.6595 -0.9771 -0.7221 -0.3098 -0.4668 
20.0186 0.5237 -0.4418 0.9260 -0.8989 -0.6730 -0.8478 -0.7588 0.4968 -0.9333 0.0375 -0.4605 0.4522 
20.5186 0.5351 -1.3842 -0.5164 -0.7992 -1.2471 -0.2212 -0.6880 -0.7761 -0.0995 0.0943 0.2286 -0.0648 
20.8198 -0.2768 -0.2760 0.0175 -0.7522 -0.8235 -0.1198 -0.6339 0.0176 -0.1187 -0.1202 -0.2312 -0.2716 
19.4813 -0.2066 -0.7171 -0.3734 -0.5129 0.7839 -0.8627 -1.5420 -1.1194 -0.2016 0.4652 0.1491 0.0345 
20.1370 0.9973 -0.4576 -0.5146 -0.5560 -0.3934 -0.0250 -0.3761 -0.1469 -0.4629 -0.7343 -0.5974 0.2843 
19.9341 1.3936 -0.5730 -0.8902 -0.2619 -1.4773 -0.2213 -1.1726 -0.7366 -0.3113 0.1535 -0.2281 -0.0211 
18.9938 0.2814 -0.9145 0.4963 -1.1769 -0.9116 -0.6988 -0.3060 0.3319 -1.1636 -0.7472 0.1681 -0.0963 
26.8809 4.9082 -2.1097 -1.5325 -1.4023 -0.5453 -0.3986 -0.9700 -0.4720 -0.1495 0.0499 0.2008 -0.3814 
29.9415 4.3895 -3.5765 -1.8333 -0.9640 -0.7405 -0.4310 -0.7802 -0.6063 -0.1134 -0.3820 -0.1371 -0.5508 
31.6015 2.8687 -3.8025 -1.1730 -1.3093 -0.6861 -1.0612 -1.0594 -0.1600 -0.6986 -0.4195 0.0308 0.1963 
30.1747 3.4374 -4.3010 -0.8888 -0.7412 -0.2283 -0.5283 -0.9325 -0.2264 -0.8979 -0.1173 -0.1804 -0.4489 
33.0509 3.0806 -4.2630 -0.2244 -1.1387 -0.3419 -0.9380 -1.0542 -0.0676 -0.4747 -0.3156 -0.3382 0.0450 
32.6490 2.5000 -4.1515 -0.5404 0.0492 0.2755 -0.6119 -0.8664 -0.7795 -1.4442 -0.6878 -0.7806 -0.2393 
33.6961 2.7571 -4.1577 -0.1488 -0.7828 -0.2856 -1.4470 -0.7111 -0.8565 -0.0078 -0.5587 -0.4822 -0.3832 
34.9615 1.5221 -3.4808 -0.4239 -0.5043 -0.4148 -1.0120 -0.6056 -0.3688 -0.6834 -0.5335 -0.4251 -0.1574 
35.3402 1.3310 -3.4257 -0.2153 -0.7295 -0.3712 -1.1735 -0.4516 -0.5773 -0.7076 -0.4039 -0.3245 -0.3006 
35.5794 0.9976 -3.4811 -0.0047 -0.7948 -0.5014 -1.1766 -0.3237 -0.6139 -1.0210 -0.4653 -0.3691 -0.4175 
35.9908 0.5537 -3.8396 0.0414 -1.2184 -0.6018 -1.4042 -0.1311 -0.8158 -1.1139 -0.5089 -0.3132 -0.5568 
36.7713 0.0748 -3.7474 0.0851 -1.4706 -0.4556 -1.4453 0.2652 -0.7775 -1.0479 -0.3566 -0.2934 -0.4238 
36.7911 -1.0025 -3.2421 -0.0574 -1.2300 -0.2865 -1.7073 0.4699 -1.0768 -1.5147 -0.6719 -0.2644 -0.5706 
37.7125 -1.4303 -2.3692 -0.1534 -0.9426 -0.7203 -1.2406 0.7158 -0.7549 -1.1959 -0.6350 -0.0571 -0.2704 
38.0019 -2.1849 -2.4560 -0.6950 -0.7147 -1.2789 -0.7343 0.3781 -0.9261 -1.2096 -0.7069 -0.1007 -0.2411 
37.8010 -2.2303 -2.4410 -1.0690 -0.7689 -1.8163 -0.7052 0.1692 -0.9384 -1.4559 -0.8077 -0.2404 -0.2387 
38.0360 -2.2713 -1.9213 -0.8847 -0.3484 -1.2711 -0.4865 0.4309 -0.7897 -1.5720 -0.8088 -0.1623 -0.1056 
38.2439 -2.2931 -1.9094 -1.0725 -0.6450 -1.2234 -0.4952 0.3652 -0.6794 -1.1915 -0.6554 -0.1611 -0.1421 
38.0636 -2.0067 -1.8770 -0.7990 -0.8252 -1.0828 -0.1191 0.2896 -0.5739 -0.9444 -0.5077 -0.2454 0.1356 
37.7240 -2.3144 -2.0112 -0.7897 -1.0401 -0.9595 -0.0484 -0.1653 -0.8447 -1.0172 -1.0938 -0.5482 0.3269 
37.3687 -1.7859 -2.1666 -0.7290 -1.0400 -0.9573 0.2553 -0.6183 -0.5683 -0.8940 -1.1885 -0.6698 0.6777 
37.2347 -1.3458 -2.0425 -0.9229 -0.9366 -1.2648 0.3770 -0.4991 -0.4613 -0.5986 -0.9726 -0.5389 0.4219 
37.0453 -1.2953 -2.0549 -0.8579 -0.7431 -0.9992 0.2964 -0.1428 -0.7327 -0.7267 -0.6611 -0.6270 0.4427 
36.1622 -1.0114 -2.3357 -0.9631 0.0913 -1.0271 0.4722 -0.3481 -1.2251 -0.7827 -1.6133 -0.5168 0.5732 
36.3179 -0.8267 -2.6268 -0.8071 -0.3417 -0.9679 -0.2103 -0.2199 -1.0369 -0.4680 -1.3635 -0.5187 0.3504 
35.5799 0.7129 -3.4471 -0.3341 -0.7386 -0.8383 -0.5595 -0.0819 -0.6270 -0.5673 -0.7230 -0.3717 0.1238 
35.2600 0.7026 -2.8258 -1.3727 0.1029 -0.9360 -0.4881 -0.0360 -0.4564 -0.7349 -0.4989 0.0200 -0.2421 
33.4160 0.8448 -3.0996 -1.1364 -0.7013 -1.9925 -0.2013 -1.2370 -0.8162 -0.6959 -0.7078 -0.5947 -0.0010 
33.8011 1.0180 -3.1213 -0.6694 -1.1393 -1.4804 -0.5356 -0.2288 -1.2505 -0.3924 -1.3636 -0.2480 0.3398 
33.6498 1.5165 -2.4959 -1.7827 -1.4834 -1.2374 -0.3699 -0.5171 -1.0247 -0.5217 -1.0249 -0.6049 0.4612 
33.1738 2.2906 -2.1502 -2.0648 -0.6704 -1.4122 -1.0159 0.0259 -0.5042 -1.1225 -0.8214 -0.0016 -0.1276 
32.8579 1.3829 -1.9881 -1.6283 -1.4694 -1.2110 -1.3607 -0.9997 -1.0445 -0.7601 -0.9067 -0.2343 0.2721 
32.2934 2.1642 -2.1959 -2.5683 -1.1447 -1.3207 -1.5927 -1.3337 -0.4234 -1.3665 -0.5005 -0.0547 0.2280 
32.0684 2.0603 -2.5109 -1.7782 -1.4787 -1.8478 -1.4300 -1.0663 -1.1092 -0.8366 -0.5025 0.0798 0.1229 
31.0770 2.4583 -2.2592 -1.3203 -1.5650 -2.1668 -0.5841 -1.6088 -1.4020 -0.0217 -0.3829 0.2784 -0.0010 
29.9164 3.1290 -1.9562 -0.9076 -2.3457 -1.7445 -0.0707 -1.4392 -1.0894 0.0825 -0.3908 0.5079 0.2352 
29.3097 2.7200 -1.6993 -1.4153 -2.1242 -1.3985 -0.6144 -1.1079 -0.8270 0.0738 -0.1441 0.2810 0.1832 
26.2291 3.2957 -0.7393 -2.2956 -2.4039 -1.0137 -1.8789 -1.3039 0.2382 0.0122 -1.2191 -0.1450 0.8528 
26.3671 1.9938 -1.2794 -0.4567 -0.4449 -0.4900 -0.7633 -1.1713 -1.1456 0.0830 0.4491 0.2364 0.0404 
24.6825 1.0491 -1.4518 -0.8182 -0.4777 -0.6562 0.6318 -0.1140 -0.4487 -0.4895 -0.8138 -0.0615 0.5191 
23.6328 1.6613 -0.3172 -0.0967 -0.3699 -1.6343 0.5700 -0.1402 -0.1800 -0.0115 -0.6219 -0.3135 -0.0856 
23.9451 0.6648 -0.3704 -0.6565 -1.2720 -0.6845 -1.0987 -1.1521 0.0196 0.1576 -0.3242 -0.1000 0.2728 
23.3012 1.1723 -0.4201 -1.4645 -1.3125 -0.4120 -0.4178 -0.5863 0.1455 0.1393 -0.1308 0.3834 0.2680 
23.0256 0.5811 -1.2299 0.4295 -0.8401 -0.8700 -0.4320 -0.7145 -0.3354 -0.2012 -0.1322 0.1015 0.3870 
23.6508 0.9739 -0.1998 -0.2539 -1.0164 -1.4361 -0.1227 -0.5214 -1.0785 -0.3383 -0.2400 0.0798 0.1453 
22.0942 0.8515 -0.0032 -0.1266 -0.8604 -1.4803 -0.5826 -0.5708 0.5035 -1.1572 -0.6732 -0.0645 0.6244 
21.5120 -0.5354 -0.7471 -1.2630 -0.6130 -0.3942 0.1698 -0.2039 0.7490 0.0237 -0.1786 -0.3918 -0.4056 
21.0252 -0.6633 -0.4794 -1.2505 -1.3216 0.0020 0.0164 -0.2116 -0.1242 0.2453 -0.3450 -0.0111 0.1225 
22.2588 -0.1270 -1.5461 -0.6796 -0.7253 -0.5053 0.4760 -1.1226 -0.0024 0.0515 -0.3030 -0.4761 -0.7076 
22.5122 1.4465 -1.3098 -1.2418 -1.2631 -1.0190 0.0278 -0.9884 0.1612 -0.5673 -0.3628 -0.1264 -0.3496 
21.7864 0.5991 -1.3327 0.0176 -1.5413 -1.0790 -0.2825 -0.1580 -0.8277 -0.8548 -1.0360 -0.6431 0.4384 
21.7585 -0.2548 -0.6543 0.3897 -0.7135 0.0060 -0.4244 -0.9969 -0.4065 -0.7326 -0.4219 -0.2767 -0.1390 
22.3904 0.2622 0.0685 -1.1901 -1.2803 -1.0202 -0.3220 -0.0200 -0.6554 -0.4293 -0.1366 -0.1090 0.0223 
21.4830 0.2253 -0.7887 -1.5921 -0.7356 -0.5538 -0.7972 0.4577 -0.3061 0.3312 0.4181 0.2224 0.5952 
22.3184 0.1969 -0.3586 0.1629 -1.4507 0.0330 -1.1463 -0.3323 0.6385 0.0212 -1.2423 0.2301 0.7442 
22.8357 1.2834 -0.1921 -1.2732 -1.0491 -0.2787 -0.8064 0.1435 0.0636 -0.8797 -0.3446 -0.1953 -0.5048 
22.8365 1.3190 -0.1295 -0.2726 -1.9228 -0.9492 0.5510 -0.4992 -0.7332 0.1316 -0.3571 -0.1419 -0.1101 
21.0101 -0.7330 -0.9359 -0.5280 -0.6902 -2.2540 0.1040 -0.0311 -0.4042 -0.6444 -0.7568 -0.1775 -0.2166 
22.2738 1.1185 -0.7681 -0.8954 -1.1694 -0.6794 -0.4713 -0.3455 0.4653 -0.3304 0.1913 0.1535 0.1811 
21.7508 0.0800 -0.1212 -0.6920 -1.5122 -0.6623 -0.8943 -0.0062 0.7280 -0.1811 -0.6246 0.2158 0.6712 
22.3278 1.6108 -0.9459 -0.3515 -1.1912 -1.3844 -0.1924 0.2581 -0.3655 -0.1926 -0.7573 0.1735 -0.1957 
21.4073 1.0202 -0.1889 -0.7307 0.3095 -0.3501 -0.5047 -0.0144 -0.0210 -0.8459 -0.8758 -0.5380 -0.0619 
21.7566 0.1358 -0.4712 -0.0751 -0.4216 0.1680 0.4613 -0.5474 -0.9238 -1.4663 -0.9643 -0.3430 0.0108 
21.7148 0.6255 -1.8034 -0.4709 -0.3169 -0.8143 -0.2120 -1.1993 -0.2540 -0.6837 -0.2470 0.0292 0.0839 
20.8644 1.2226 -1.0754 -0.8710 -1.3201 -0.4706 -0.0363 -0.8108 -0.7574 -0.3928 -0.1001 0.2992 -0.1449 
21.5637 0.2787 -0.4222 0.6161 -1.1103 -1.0871 0.4079 -0.0241 -0.1098 -0.6135 -0.5382 0.0620 -0.0026 
21.7555 2.0072 -0.7382 -0.5174 -1.1120 -1.8589 -0.3724 -0.6237 0.3965 -0.5079 -0.8962 0.0196 -0.0311 
21.4194 2.0789 -0.2294 -0.6260 -1.3664 -0.7617 0.3147 -0.3359 -0.3241 -0.1717 -1.0207 0.0876 -0.0968 
21.2351 0.6976 -0.1035 -0.8176 -0.9685 -0.3998 -0.7592 -0.7172 -0.1350 -0.5856 -0.7560 0.0463 -0.1421 
21.8867 0.3598 -0.7641 -0.3496 -2.0646 -0.4412 0.2165 -0.3931 0.4094 -0.5662 -0.4296 -0.3070 -0.0173 
19.7983 -0.2160 -0.2743 -1.1069 -1.8113 0.3400 0.0116 -0.1964 -0.2206 -0.2751 -0.5973 -0.1050 0.4141 
22.0290 0.9112 -1.6769 -1.3565 -1.2824 -0.5314 -0.6215 -0.8474 0.0776 -0.6916 -0.1989 -0.1322 0.0192 
20.5864 -0.1403 -0.4410 -0.3142 -0.9802 -0.6472 -0.6649 -0.2092 -0.9311 -0.1111 0.3460 0.0161 -0.0635 
20.9599 0.9878 -0.5692 -1.1261 -1.6812 -1.1506 -0.5648 0.1045 0.4734 -0.5279 -0.1618 -0.0828 -0.0528 
21.1143 0.6802 -0.1059 -0.8043 -1.3886 -0.5518 -0.3329 -0.2546 -0.3243 -0.3903 -0.3461 -0.2688 -0.1112 
20.7311 -1.1441 -0.8212 -0.8054 -1.0087 -0.4831 -0.4177 -0.8882 0.0691 0.2652 -0.0753 -0.0538 -0.2631 
20.9833 0.1707 -1.2097 -1.4756 -0.2073 -0.5808 -1.0801 -0.5663 0.2718 0.1956 -0.0434 0.0872 0.0602 
20.3476 0.3969 0.0596 -0.3646 -1.5263 -1.3980 0.0919 -0.7212 -0.5438 0.2751 -0.8751 0.1452 0.5303 
19.5466 0.4205 -1.1756 -1.2120 -0.8528 -0.0127 -0.0403 -0.6165 0.2568 -0.6531 -0.5157 -0.3682 -0.8356 
19.9117 0.1060 -0.5568 -0.7374 -0.1916 -0.2109 -0.6180 -0.8826 -0.1846 -0.3155 -0.2404 0.0069 0.1574 
20.2002 -0.1847 -0.2182 0.8594 -1.6238 -1.7542 -0.3608 -0.1011 -0.0333 -0.0282 -0.8566 -0.3498 0.4486 
19.5451 0.3906 -1.4678 -0.0537 -1.6275 -0.5545 -0.6361 -0.0636 -0.5930 -0.4483 -0.6495 -0.2171 -0.0125 
19.3399 0.2483 -0.4599 -0.1355 -2.0823 -0.6398 -0.0095 -0.8342 -0.2060 -0.8290 -0.3351 -0.1939 0.4440 
20.8850 2.0268 0.3291 -1.4311 -1.3056 -0.0682 -0.6663 -0.5406 0.0173 -0.7936 -0.0479 -0.0043 -0.0895 
20.9941 1.5596 -1.1445 0.4584 -0.7431 -0.2360 -1.3576 -0.4004 -0.2676 -0.5366 0.1172 -0.4290 0.4092 
20.9774 1.1569 -0.0874 0.1005 -1.0940 -0.0108 -0.4179 -1.0906 -0.8605 0.3846 -0.6015 0.2976 0.3384 
20.5830 1.0094 -1.1297 -0.5553 -1.0098 -0.1930 -0.7492 -1.3257 -0.0601 -0.7428 -0.7465 -0.3424 -0.3362 
20.4241 1.3750 -0.4880 -1.0726 -0.7465 -0.2550 -0.3574 -0.1180 0.0717 -0.7941 -0.2763 -0.4474 -0.4702 
20.5612 1.0950 -0.9726 -1.1365 -1.5594 0.2054 -0.7276 -1.0751 0.0043 -0.3352 -0.8789 -0.1624 0.4784 
20.1753 0.4038 -1.7717 -0.8039 -0.5379 -1.3292 -0.4841 -1.4756 -0.8311 -0.1888 -0.1339 -0.2997 -0.2193 
20.1259 1.0881 -0.4490 -0.7578 -0.7831 0.0070 -0.7698 -0.2314 -0.4905 -0.4557 0.0026 -0.5987 0.2034 
20.8114 1.6004 -0.0607 -1.6862 -0.0674 -1.0911 -0.0041 -0.6499 -0.7788 -0.1883 -0.9338 -0.2010 0.3286 
20.6471 1.1809 -1.0330 -1.4717 -0.4354 0.0432 -0.1690 -0.6141 0.3495 -0.5459 -0.2530 -0.0460 -0.5453 
20.0955 1.0337 -0.6457 -0.4963 -0.7438 -1.4162 -0.5269 -0.8940 -0.7946 -0.2443 -0.0085 0.1227 -0.1439 
