16.8071 12.5637 -0.8497 1.6812 4.4055 -0.5483 -1.0045 1.5768 -0.9167 -2.2523 0.4686 0.3625 -1.1020 
21.4288 17.3637 0.9111 2.4532 5.8730 0.2188 -2.7321 -1.7733 -3.9627 -4.3958 -0.9994 -0.7753 -2.3231 
22.6511 18.2841 0.6596 1.8505 5.1444 -0.3984 -2.4851 -0.7929 -3.1755 -4.1397 -1.0758 -0.8841 -2.2160 
23.2112 18.9018 0.9294 1.8035 4.8633 -0.7993 -3.0439 -1.5723 -3.7572 -4.1200 -0.9221 -1.0708 -2.2265 
24.7830 20.5297 1.4640 1.8037 4.9434 -0.6198 -2.9357 -1.5060 -3.5641 -3.5832 -0.0772 -0.4515 -2.1407 
27.2644 21.5252 -0.6161 0.8994 6.2855 0.1025 -3.9167 -2.7475 -4.1081 -3.4878 0.2031 -0.5520 -2.4476 
31.3361 23.4077 -3.5272 -1.0909 6.1425 -0.6571 -4.4967 -2.2405 -3.8240 -3.4492 0.5848 -0.6794 -3.0009 
29.7877 23.1154 -2.1751 -0.9515 6.2277 0.2771 -5.3159 -4.5233 -4.3034 -2.4031 1.0892 -0.3604 -2.5602 
32.1058 24.4464 -3.0882 -1.0471 7.0581 0.0977 -6.1003 -4.5903 -3.7423 -1.6239 1.7018 -0.4206 -2.7390 
32.6345 24.6177 -3.6197 -1.3609 7.0268 -0.4156 -7.0484 -5.1600 -3.6864 -1.4059 1.7076 -0.5624 -2.7526 
35.2869 25.6567 -5.5309 -2.3515 6.4243 -1.9804 -7.1131 -3.2158 -2.5683 -1.6128 1.4775 -0.8544 -2.9628 
35.1859 25.6620 -5.6084 -2.7171 6.3501 -1.7867 -7.2783 -3.3505 -2.0957 -1.0210 1.8176 -0.5718 -2.8797 
36.4114 26.4883 -5.8559 -2.7072 6.6881 -1.7131 -7.0961 -2.8041 -1.6317 -0.6891 2.1360 -0.6080 -3.2240 
36.9968 26.4870 -6.6732 -3.1596 6.2734 -2.4014 -7.2031 -2.5552 -1.9321 -1.0112 2.1567 -1.1148 -4.0239 
37.5490 26.5346 -7.5864 -3.9803 5.8613 -2.7143 -7.2649 -2.3417 -1.9935 -1.5417 1.6455 -1.2667 -4.0742 
38.4723 26.9229 -8.2329 -4.2816 5.8908 -2.9422 -7.2068 -1.8234 -1.8220 -1.7543 1.6448 -1.1976 -4.2093 
39.3166 27.3019 -8.5065 -4.0627 5.8913 -3.4484 -6.9759 -1.1378 -1.7630 -1.5698 2.3565 -1.1698 -4.7578 
39.8087 27.6505 -8.5784 -4.0586 6.0749 -3.1485 -6.4265 -0.4752 -1.3095 -1.3289 2.5244 -0.9774 -4.3975 
39.8116 27.6320 -9.0219 -5.0796 5.3544 -3.0685 -6.1929 -0.5183 -1.4841 -1.6850 2.0604 -1.1701 -4.3968 
39.8312 27.7643 -8.7618 -4.8910 5.4110 -2.9207 -5.8014 -0.1743 -1.5730 -1.9947 2.0345 -1.0103 -4.4454 
39.5593 27.4273 -8.8010 -4.6384 5.4649 -3.0667 -5.7393 -0.1085 -1.7531 -2.0446 2.1435 -1.2091 -4.8003 
39.2142 26.8330 -9.1501 -4.4773 5.3656 -3.5933 -5.8156 0.2247 -1.8599 -2.6352 1.5635 -1.4790 -4.7265 
39.2669 27.0474 -8.8769 -4.4163 5.4824 -3.0561 -5.1664 0.4678 -1.9856 -2.7242 1.7231 -1.1875 -4.5080 
38.9618 26.9797 -8.6388 -4.5655 5.1975 -2.7383 -4.6329 0.4260 -2.2244 -2.5390 1.8411 -1.5830 -4.7562 
38.1737 26.6226 -8.4746 -5.2306 4.3500 -2.7481 -4.4875 0.2021 -2.4887 -2.9380 1.4102 -1.5187 -4.6779 
36.1583 25.6067 -7.2811 -4.5402 4.2559 -2.4064 -4.2136 0.0013 -2.3249 -2.3392 1.8752 -1.1956 -4.6432 
34.0328 24.5946 -6.2181 -4.2334 4.4455 -1.2280 -3.6542 -0.1521 -1.9726 -2.5387 0.8764 -1.0055 -3.9180 
33.8255 24.7478 -5.8313 -4.3249 4.5091 -0.6370 -3.3426 -0.0837 -1.4857 -2.1047 0.7687 -1.1431 -3.9305 
33.2267 24.4230 -5.4407 -3.9211 4.6592 -0.6508 -3.6252 -0.4573 -1.5850 -2.0985 0.6864 -1.0233 -3.6803 
32.3027 23.4065 -5.9424 -4.1804 4.4050 -0.8825 -3.8903 -1.0120 -2.4610 -2.8567 0.3851 -1.0933 -3.7654 
31.9743 23.5157 -5.1146 -3.5733 4.4612 -0.9140 -3.6525 -0.3930 -1.6142 -2.2584 0.5707 -0.9420 -3.4559 
31.5258 23.1215 -4.9982 -3.1723 4.7288 -0.7444 -3.2823 0.0149 -1.5704 -2.4550 0.5825 -0.7216 -3.4402 
30.7119 22.3837 -5.1601 -3.2552 4.5036 -1.1971 -3.9847 -0.5161 -1.7865 -2.9288 -0.2088 -1.1630 -3.5582 
30.4634 22.3502 -4.7199 -2.6626 5.2210 -0.2965 -3.2826 -0.2921 -1.7292 -2.7198 0.1075 -0.7305 -2.8973 
29.3411 21.5605 -4.2402 -1.9748 5.3578 -0.3605 -3.1928 -0.2803 -1.9378 -2.9205 0.0942 -0.5213 -2.5417 
29.0668 21.1371 -4.4266 -1.7550 5.3523 -0.8824 -3.5064 -0.0365 -1.7564 -3.2286 -0.4611 -0.9856 -2.7865 
28.0782 20.5038 -3.9519 -1.1624 5.6614 -0.5168 -3.1089 0.1219 -1.7509 -3.0588 0.0038 -0.5312 -2.7703 
26.6072 19.5625 -3.5906 -1.1992 5.2807 -0.3366 -2.8767 0.0684 -1.4267 -2.5804 -0.1249 -0.8249 -2.6041 
24.6301 18.1043 -3.2542 -1.0738 4.5459 -0.7832 -2.6422 0.2118 -1.9479 -3.5654 -0.9754 -1.3361 -3.1478 
24.8698 18.1242 -3.3522 -0.6512 5.0429 -0.6737 -2.3110 1.0217 -1.2851 -3.1589 -0.3944 -0.6704 -2.6415 
23.6279 16.7781 -4.0281 -1.0501 4.9187 -0.0899 -1.2194 1.9146 -0.7747 -2.9777 -0.6881 -0.9180 -1.9789 
22.4172 15.9747 -3.6796 -1.0372 4.1200 -0.9314 -1.9289 1.0527 -1.4002 -2.8910 -0.3499 -1.2429 -3.2059 
