16.0296 0.7460 -1.9270 -2.1900 -0.9924 -0.7412 -0.1021 0.4988 -0.1661 0.8113 0.2343 -0.0862 0.3585 
14.6396 -0.2441 -0.9962 0.0045 -1.9113 -0.5395 -0.5320 -0.1053 0.4662 0.3685 -1.0149 -0.3795 0.8188 
17.3832 0.3468 -0.8107 -1.4765 -1.4958 -1.1099 -0.0955 0.0148 -0.4865 -0.4343 0.0221 0.3476 -0.6268 
17.2801 0.8283 -0.8442 -0.7321 -1.4097 -0.4483 0.2393 -0.4422 0.1998 -0.0179 -0.6514 -0.1916 0.1442 
16.4138 1.5997 0.3044 -0.4815 -0.2332 -0.6742 -0.5126 -0.3472 -0.5255 -0.4947 0.2938 -0.0322 -0.6845 
17.4544 1.3273 -0.0476 -1.7399 -0.8604 -0.6508 0.1454 -0.0995 0.1368 0.2081 -0.5355 0.0553 0.1101 
15.2989 -0.4625 -2.4423 -2.1542 -2.3361 -1.1516 -0.5027 -1.7999 -0.8927 -0.7873 -1.5489 -0.1754 -0.5474 
16.0110 0.5934 0.0239 -0.6930 -0.7905 -0.2025 -0.4562 -1.3396 0.6565 0.1484 -0.3773 0.0839 -0.0529 
17.1732 -0.0048 -1.0232 -0.5053 0.3639 -0.6750 -0.1532 -0.3870 -0.3784 0.6932 -0.4687 -0.2137 -0.2538 
17.3664 0.7863 -0.8099 -1.7635 -0.5146 -0.4887 -0.6290 0.6181 0.1061 -0.6891 0.2189 -0.2679 -0.5866 
16.1020 -0.4745 -1.3237 -0.8151 -0.4633 -0.7194 -0.5429 0.8898 0.2408 -0.0203 -0.5954 -0.6529 0.0370 
16.6171 0.4697 -0.4214 -1.1833 -1.2075 -0.4653 0.9964 -0.3639 -0.1493 0.5842 -0.3736 -0.8707 -0.5412 
16.5364 0.2205 -1.2194 -0.3164 -1.4927 -1.3106 -0.1606 0.2519 0.1522 0.3527 0.2367 0.0661 -0.2629 
15.9885 -0.3220 -0.8096 -0.8146 -0.6079 -0.7108 0.3588 -0.4356 -0.6550 0.4250 0.1297 -0.4325 -0.4283 
15.5716 0.1715 -1.2096 -0.1619 0.2441 0.3231 0.0206 -0.5762 -0.7728 -0.2837 -0.5874 -0.1473 0.3272 
16.7272 2.2549 -1.1031 -1.1931 -0.9014 -1.1586 -0.2405 0.2186 0.2356 -0.0367 -0.9703 0.4668 0.3660 
17.0555 0.9946 -1.9157 -1.1699 -2.1442 -0.6488 -0.0144 -0.1838 0.4553 0.3440 0.4289 -0.0255 0.3772 
18.5390 1.1869 -0.3592 -1.3094 -1.4515 -0.8008 -0.3719 -0.0887 0.0021 0.1357 0.0890 -0.2536 0.2655 
16.7168 0.5785 -0.3875 -0.3422 -0.1203 -0.9413 -0.4596 -0.3797 0.3689 -0.5377 0.0045 0.1030 -0.0754 
16.9851 0.4664 -0.7997 -0.5058 -0.3362 -0.3923 -0.8082 0.4717 -0.0544 -1.3423 -0.3545 -0.1587 0.0558 
16.6973 0.4998 -0.0042 -0.8667 0.4968 -0.7518 -0.0888 -0.0565 -0.2962 -0.0339 -0.4783 0.0758 -0.0835 
16.1564 -0.7234 -0.2977 -0.2638 0.7772 1.1559 -0.2403 -0.8929 -0.0636 -1.2531 -1.2372 -0.6441 0.5154 
16.1202 0.0407 0.2175 -0.0817 -0.6108 -0.4726 0.0528 0.1729 -0.8035 -0.4422 -0.3995 -0.0980 -0.1494 
17.0872 1.6154 -0.5549 0.2905 -1.3423 -1.6962 -1.0135 0.3570 0.7100 -0.6919 -1.5536 -0.0110 0.6071 
16.9523 1.3193 0.0969 -0.1977 -0.9910 -0.2802 -0.4268 0.2467 -0.0849 -0.2640 -0.9266 -0.1935 0.0247 
17.9097 0.9317 -0.1132 -0.7908 -1.3639 -0.5838 -0.2289 -0.1907 0.6199 -0.7289 -0.6117 -0.3208 0.3023 
16.1502 0.1574 -0.7298 -0.4355 -0.6538 -1.2506 0.1608 -0.0718 0.2938 -0.2299 -0.5076 -0.5661 0.4385 
18.0514 0.7743 -0.8836 -0.7801 -1.1908 -0.1296 -0.2816 -0.2104 0.0809 -0.6110 -0.1287 -0.8030 0.4051 
17.0603 0.0286 -0.9335 -0.9411 -0.9703 0.0645 -0.0266 -0.5566 0.1492 -0.4039 -0.2748 0.0351 -0.1960 
17.5809 0.2794 -1.7809 -1.1109 -1.3549 0.2305 -0.5178 -0.8511 -1.1436 -0.0778 -0.4186 -0.1100 0.3493 
17.5257 0.6635 -0.9867 -0.7295 -0.7423 -0.5577 0.2461 -0.2836 0.0154 0.0288 0.0677 -0.2382 -0.1238 
17.9006 0.3266 -0.7975 0.4019 -0.9281 -0.8170 -0.9259 -0.1794 -0.3819 -0.7212 0.3468 0.0031 0.2388 
16.4189 0.0350 -0.5871 -1.3578 -0.5223 0.2149 -0.3136 -0.5207 0.0660 0.0619 0.2697 -0.3338 -0.2881 
17.1688 1.3582 -0.7950 -0.9357 0.1254 -0.6443 -0.9463 -0.7464 -0.6814 0.1373 0.1427 -0.2241 -0.3895 
17.1246 0.1143 -1.7479 -1.4106 0.4819 -1.0682 1.2288 0.1573 0.1143 0.5659 -1.1701 -0.5033 -0.7006 
17.9126 1.1097 -1.4383 -0.7769 -0.0150 -1.1061 -0.3122 -0.9642 0.1530 -0.2018 -0.5388 0.0068 -0.4772 
17.4820 0.9837 -1.1739 -1.3115 -0.7229 -0.6069 -0.5318 -0.3865 -0.4818 -0.7405 -0.0663 -0.2235 -0.1758 
17.0739 -0.6128 0.0970 0.1762 -1.1611 -0.7375 -0.3503 -0.0244 0.1181 0.5420 -0.9887 -0.4412 -0.4324 
16.8096 0.3160 -0.9294 -0.9623 -0.2482 -0.1264 -0.6579 -1.2449 -0.3109 -0.7559 0.3101 0.1198 -0.3242 
16.9111 -0.4431 -0.7946 0.3069 -0.4263 -0.7877 -0.1359 0.4364 0.1724 -1.1300 -1.3293 -0.2743 0.6850 
19.2510 0.2520 -0.3462 -1.8615 -0.7480 -2.5810 -0.7457 0.5230 -0.2897 0.0337 -0.4841 -0.2413 0.3822 
20.2153 0.8419 -0.0764 -1.4164 -0.3301 -0.8756 -0.0536 -0.6440 -0.4184 0.7050 -0.2665 -0.1622 0.0832 
18.7088 -0.4623 -0.0968 -0.1258 0.0598 0.1347 0.2524 -0.5934 0.1978 -0.8188 -0.8813 -0.3867 -0.4046 
19.6758 0.3859 -0.2652 0.1495 0.1731 -0.5824 -0.8373 -0.5024 -0.0423 -0.1129 -0.3414 0.2156 -0.2769 
19.3028 0.5173 -0.5912 -0.3344 -0.3067 -0.9911 -0.1381 -0.1616 0.7419 -0.8930 0.5064 0.1163 -0.5161 
17.4754 -0.9014 -0.0509 -0.6285 0.5977 0.2903 -0.2502 -0.7822 0.3687 -0.1824 -0.0923 -0.6002 -0.7586 
18.3709 -0.4473 -0.9831 -1.4900 -1.3625 -1.7396 -0.1454 -0.2709 -0.3240 0.1295 -0.3757 0.1681 -0.2618 
17.7253 0.5808 -0.6776 -0.2335 -0.1169 -0.5240 -0.0596 -0.1027 -0.3563 0.0371 -0.2361 -0.7266 -0.3742 
19.5334 0.8545 -0.2573 -1.5952 -1.7990 0.0126 -0.3890 -0.6599 0.1629 -0.2465 0.3739 -0.3921 -0.4488 
17.7006 -0.2196 -1.8631 -0.4543 -0.7221 -0.2384 -0.0780 0.8555 0.7234 0.2241 -0.2374 0.1561 -0.0764 
18.7008 -1.6019 -0.9134 -0.5980 0.0582 -0.2756 0.6105 0.8414 0.1069 0.0897 -0.3015 0.0533 -0.5545 
19.9145 0.5415 -0.7839 0.3378 -1.4097 -1.1515 -0.7856 0.6801 -0.0264 0.1844 -0.8201 -0.0303 0.2733 
18.4347 0.0352 -1.3220 -1.3039 -1.7665 0.4440 -0.8739 -0.1087 0.2850 -0.3844 -0.0354 0.2703 -0.1536 
18.6727 0.1645 -0.4200 -0.2015 -1.0198 -1.7508 -0.6563 0.7971 -0.0257 -0.9838 0.1326 -0.3332 0.0303 
18.5612 -0.4700 -0.3516 -0.1936 -1.3963 -1.1745 -0.7107 0.2735 0.0787 -0.1467 0.4194 -0.2570 0.1087 
18.8406 0.1323 -1.0906 -1.4706 -0.2984 -0.2575 0.4551 0.0248 0.0581 0.7862 -0.6118 -0.3686 -0.2589 
18.7061 0.5989 -0.8365 -0.3007 -1.7027 -0.1839 -0.2387 -0.3890 -0.2371 0.0139 -0.4146 -0.2246 -0.3773 
18.1634 0.0975 -0.3724 -1.0187 -1.7499 -0.4394 -0.3212 0.5757 -0.3035 -0.0527 0.0451 0.0388 -0.1118 
19.2161 0.6173 0.0260 -1.0118 -0.8974 -0.1082 0.0835 -0.3831 0.2252 -0.7003 0.2141 -0.6742 0.0445 
18.6378 0.3779 -1.0956 -1.9656 -1.4422 -0.1347 -0.5739 0.2928 0.7381 -0.0065 0.2556 0.4181 -0.0935 
16.9272 -0.5227 -0.7816 -1.6892 -1.9605 -1.0289 -2.1609 -0.2547 -0.5667 -0.3009 -1.2864 -0.4165 0.4874 
16.7769 -0.3280 -1.4258 -1.5129 -0.4586 0.3475 0.0809 -0.5606 0.7888 0.4207 0.3214 -0.3318 0.2794 
18.0384 -1.4162 -2.7543 -0.6485 -0.6062 0.5190 1.0612 0.7709 0.8732 0.8978 -0.6847 -0.7566 -0.5897 
17.0983 -1.0049 -1.8197 -1.3133 -0.8235 -1.0340 -0.6167 -0.8628 0.7737 0.2737 -0.0513 0.1087 -0.6870 
18.2796 0.6416 -0.3903 -0.1859 -1.3653 -0.9663 -1.2038 0.0100 -0.5956 -0.4552 0.3377 -0.1090 0.2989 
22.0002 2.4450 -0.7461 -1.0419 -0.0123 -0.9087 -1.0596 -0.7360 -0.3053 0.2841 0.3739 0.1875 0.1564 
27.0503 6.0619 -3.8177 -2.0793 -0.9197 -1.0542 -1.1453 -0.8686 -0.3445 -0.1550 0.3658 -0.0983 -0.5420 
27.4497 3.4746 -3.9914 -3.8293 -1.9749 -1.2334 -1.3892 -1.4912 -0.4363 -0.7519 -0.3780 -1.2414 -0.9756 
29.6629 4.5897 -4.4064 -3.1109 -1.3670 -0.5473 -1.3227 -0.3566 -0.4759 -0.6844 -0.3836 -0.3291 -0.9408 
31.1842 3.6573 -3.5218 -1.2993 -0.6299 -0.5490 -0.5506 -0.8789 -0.0756 -0.2165 -0.2377 -0.3940 -0.4908 
32.7619 2.9040 -4.1151 -0.6000 -0.9738 -0.6502 -0.2279 -0.5105 0.2481 -0.8777 -0.7976 0.0156 -0.1396 
33.9079 1.8384 -4.5807 -1.1082 -0.5154 -0.7059 -0.4879 -0.1135 -0.0849 -0.6192 -0.5493 -0.3407 -0.6211 
34.8258 1.7633 -4.6451 -0.3455 -1.0947 -0.6428 -0.2327 -0.1076 0.0378 -0.6820 -0.5544 0.2351 -0.8488 
35.5252 0.4019 -4.0835 -0.2233 -1.2240 -0.3612 -0.3881 -0.2414 -0.0367 -0.9075 -0.8692 -0.1459 -0.6836 
36.1810 -0.7706 -3.7384 0.1512 -1.3134 -0.3702 -0.4288 -0.0658 -0.3245 -0.8892 -0.8585 -0.4350 -0.2810 
36.8874 -1.1700 -3.0197 -0.1952 -1.4214 -0.4385 0.0340 0.1598 -0.3579 -0.4285 -0.8275 -0.2337 -0.0768 
37.4571 -1.8344 -2.9639 -0.7035 -1.7715 -0.6801 -0.0112 0.2230 -0.4181 -0.1152 -0.7596 -0.4528 -0.1071 
37.7567 -1.7622 -2.2501 -0.6324 -1.8371 -0.9004 0.3841 0.0549 -0.4475 -0.0683 -0.5185 -0.4201 -0.0566 
37.4165 -1.6994 -2.1738 -0.4501 -1.5617 -1.0355 0.5323 -0.1844 -0.6375 -0.1180 -0.6011 -0.7060 -0.3150 
37.2397 -1.9012 -1.9987 -0.5685 -1.7146 -0.9008 0.4876 0.2406 -0.6303 -0.1138 -0.8504 -0.3243 -0.5276 
37.5804 -2.0641 -2.0798 -0.9836 -1.6120 -1.2342 0.4187 0.1293 -0.4670 -0.2531 -0.8787 -0.3140 -0.5122 
37.7401 -2.1760 -2.1486 -1.1158 -1.4166 -1.2142 0.5781 0.0694 -0.2956 -0.3883 -0.7573 -0.2660 -0.4335 
37.4996 -2.2549 -2.3236 -1.0989 -1.6906 -1.3071 0.5504 0.0443 -0.2966 -0.2413 -0.8243 -0.3326 -0.3498 
36.6052 -1.6021 -2.3281 -0.9289 -2.2690 -1.0476 0.4028 0.0773 -0.5761 -0.1391 -1.0048 -0.1645 -0.8368 
36.4889 -1.4176 -1.6273 -1.2456 -1.9360 -0.6407 0.6519 -0.3017 -0.1055 -0.0652 -0.6684 -0.2762 -0.7271 
35.7495 -0.7281 -1.8765 -1.1578 -1.7707 -0.3618 0.3705 -0.6350 0.4528 -0.3868 -0.5461 -0.3030 -0.7537 
35.8591 0.1337 -2.7457 -0.6823 -1.6963 -0.4941 0.4105 -0.5955 0.2227 -0.2796 -0.5318 -0.2608 -0.6386 
35.6008 0.5061 -3.1426 -0.8806 -1.3206 -0.8467 0.6032 -0.6187 0.3322 -0.4321 -0.4503 -0.3363 -0.4680 
35.1040 -0.0340 -2.9445 -1.9031 -1.4298 -0.7143 -0.1131 -0.5278 0.0713 -0.6212 -0.6047 -0.4132 -0.6980 
34.4416 1.1000 -2.2233 -1.4836 -1.8898 -0.1029 -0.5094 0.3091 -0.5450 -0.0896 -0.3844 -0.2439 -0.4307 
33.7270 1.5455 -2.9286 -1.9081 -1.2434 -0.3042 -0.5560 0.4163 -0.9696 -0.2171 -0.7739 -0.6048 -0.3627 
32.8321 1.9010 -2.5725 -2.6000 -0.4927 0.1960 -1.1824 0.6740 -0.6175 -0.6010 -0.8154 -0.0170 -0.7540 
33.0781 0.7718 -3.7974 -2.1108 -1.4460 -0.6666 0.0057 -0.4913 -0.7989 -0.3675 -1.0866 -0.7771 -0.2567 
33.0657 1.0058 -3.5922 -1.9301 -1.1703 -0.7533 -0.0644 -0.3509 -0.6929 -0.1890 -1.3131 -0.1880 -0.2574 
32.6540 1.6723 -2.8357 -1.5503 -0.7802 -0.4729 -0.4199 -0.7561 -0.6588 -0.4422 -0.7704 -0.3959 0.3744 
31.9013 2.2064 -2.5663 -2.0258 -0.9546 -1.2951 -0.3904 -0.4539 -1.5355 -0.5085 -0.9803 -0.5603 0.0585 
31.8962 2.7330 -2.0605 -1.1847 -1.4052 -0.8780 -0.5544 -0.1324 -0.7850 -0.9306 -0.4532 -0.5821 0.3248 
30.6335 2.4836 -2.5392 -1.3979 -1.3745 -1.7882 -0.5169 -0.6379 -0.6794 -0.9625 -0.5178 -0.8437 0.3705 
29.1388 2.2430 -1.7616 -2.4166 -1.8409 -2.2748 -0.8260 -0.4713 -1.1892 -1.0843 -0.6683 -0.7641 -0.1023 
28.7290 2.6096 -0.3097 -0.8263 -2.3748 -1.1635 -0.6989 -0.4095 -0.2850 -0.2841 -1.0747 -0.4569 0.3859 
27.1459 1.8868 -0.8036 -0.4429 -1.4364 -1.6530 -1.1901 -0.7545 -0.4938 -1.0815 -0.8017 0.1770 0.4595 
26.1649 2.9568 -2.2522 -1.3782 -1.4819 -1.0624 -0.8164 -0.3096 -0.8941 -0.6511 -0.8410 -0.3029 0.3447 
24.3057 2.4236 -2.0524 -1.8085 -1.4237 -0.5531 -0.7784 -0.8319 -0.2443 -1.5010 -0.8701 0.0839 -0.3073 
24.4262 2.4339 -2.0884 -2.3780 -1.7983 -1.1011 -1.4630 -0.6106 -0.4948 -0.4698 -0.5664 -0.6129 -0.2083 
23.7014 1.1959 -1.3621 -0.5970 -0.9860 -0.9899 -0.7445 -0.5282 -0.8246 0.0743 -0.2565 -0.3437 0.2011 
23.6867 1.0566 -0.9775 -0.1749 -0.8507 -0.1870 -1.0231 -0.4232 -1.2623 -0.0417 -0.0192 -0.1497 0.1524 
21.1493 1.3848 -1.9458 -1.7231 -0.8256 0.0835 -0.5768 0.7046 -0.0621 -0.1967 0.0790 -0.4637 0.1274 
20.3065 -0.2021 -1.1886 -0.7989 -0.0606 -1.7458 -0.6339 0.0895 0.1503 -0.2396 -0.1569 0.6917 0.5262 
22.2325 0.8512 -1.3520 -0.6495 -0.8945 -0.4025 0.0114 -0.5851 0.3119 -0.7538 -0.1110 -0.0867 -0.2577 
21.2647 -0.1940 -1.0559 -0.4342 -1.4392 -0.3181 0.4289 0.1019 0.0581 0.2645 -0.6641 -0.4149 -0.2073 
20.7234 0.6478 -0.0712 -0.9070 -1.2246 0.6362 -0.1319 -0.4600 -0.1010 0.7062 -0.6138 -0.2664 0.4454 
21.4469 1.3891 -0.8789 -0.9393 -1.8423 -0.2848 -0.1948 -0.4227 0.2938 -0.1170 -1.0269 0.0685 -0.0410 
19.6636 -0.1221 -0.8340 -1.6638 -1.0378 0.2875 -0.0140 -0.5654 -0.1547 -0.4113 -0.7889 -0.8658 0.1586 
19.3116 -0.5214 -2.1953 -1.2347 -1.4165 -1.5051 -1.0666 -0.5556 0.5972 -0.1689 -0.3195 -0.2826 0.2951 
20.8348 0.3112 -0.5551 -0.7738 -0.8461 -1.8644 -0.6268 0.4090 0.1904 -0.0964 -0.4921 -0.1200 0.3570 
20.0611 -0.1191 -1.3489 -2.1477 -1.0472 -0.7106 -0.2437 0.1950 -0.3452 -0.0308 0.7533 0.3801 0.6214 
20.8758 0.5460 -1.5204 -1.4252 -0.2320 -0.6491 -0.2753 -0.1780 -0.0980 -0.2853 -0.6958 0.0765 -0.6072 
19.4555 0.8660 -0.6884 -1.7117 -0.7120 -0.4080 -0.1240 0.1061 0.4173 -0.5266 0.0287 -0.7126 -0.0237 
19.5422 0.5258 -0.1576 -1.6845 -1.8251 -0.9374 -0.5654 -0.0817 0.8601 -0.4058 -0.2167 0.2697 -0.3821 
21.2403 1.3007 -0.4635 -0.6674 -0.8930 -0.5798 -1.1188 -0.3045 0.1939 0.1569 0.0612 -0.8609 -0.0943 
21.0562 0.4142 -0.8769 -1.3542 -0.6336 -0.3868 -0.7805 -0.0984 0.8075 0.3043 -0.5496 -0.4348 -0.3335 
18.8369 -0.9911 -1.9377 -0.5918 -1.6001 -0.0047 -0.8180 -0.3832 0.0338 -0.1152 -0.3790 -0.4704 -0.6765 
19.1520 0.6742 -1.1385 0.5818 -1.9600 -0.7906 -0.7447 0.1491 0.3952 0.3134 -0.1677 0.0636 0.0777 
20.0141 1.8532 -0.2514 -0.0932 -1.4355 0.2577 -0.7028 -0.6933 -0.1934 0.1756 -0.3471 -0.1074 -0.1403 
19.7675 -0.0643 0.1369 -0.2959 -1.7929 -0.7373 0.0328 -0.2629 0.0298 -0.4738 0.4987 0.2740 -0.3849 
19.4509 0.7340 -1.2444 -0.6493 -1.0875 -0.6891 -0.3391 -0.7645 -0.4964 -0.3114 0.1623 -0.7127 0.4683 
18.2475 -0.8620 -1.6383 -1.2468 -1.8870 -0.2387 -0.5968 -1.2050 0.0634 -0.1546 -0.4556 -0.0545 0.2426 
18.9583 -0.2062 -1.4657 -1.4489 -1.0010 -0.8285 -0.4285 0.3669 0.5777 0.5606 0.7310 -0.2579 -0.1132 
20.7383 0.5704 -0.5704 -0.0436 -0.4889 0.1160 -0.7378 0.2059 -0.1781 -0.6468 0.0306 -0.1929 -0.4337 
19.4428 0.4384 -0.4921 -0.0038 -0.2352 -0.5359 -0.2946 0.3319 -0.8031 -0.9672 -1.2875 -0.4322 0.4428 
18.5528 0.5931 -0.1722 -1.5935 -0.7372 -1.2679 -0.8997 -0.4023 0.3226 -0.7420 -0.5167 0.2130 -1.4818 
20.0859 1.2509 -0.9749 -1.7690 -1.6329 -0.5120 0.2698 -0.0660 -0.3743 0.1860 0.5595 -0.4633 -0.3543 
19.4306 1.6436 -0.1282 -1.0166 -1.0900 0.0190 0.1982 -0.9770 -0.5825 -0.3388 -0.1099 0.1621 -0.0908 
19.1785 0.8782 -1.4422 -1.4097 -0.0677 0.1167 -0.2424 -0.2099 0.6115 -0.1580 0.0755 -0.3189 -0.8153 
17.8842 0.8251 -1.4536 -1.4415 -0.0625 -0.4488 -1.5404 -0.2312 0.5424 -0.2388 -0.0417 0.0237 -0.5801 
18.1723 0.5527 -0.2683 -0.6847 -1.1458 -1.4281 -0.5164 0.7478 0.7151 -1.0794 -0.1657 -0.0965 -0.0649 
19.7757 -0.7326 -1.6129 -1.5448 -0.8551 -1.1557 -1.2438 -0.0574 0.2439 -0.3043 -0.2863 -0.2144 -0.1067 
19.1275 0.6632 -0.9794 -1.2035 -0.5268 0.0039 -0.6062 -0.7547 -0.6800 -0.1099 0.4426 0.1796 -0.0025 
18.3687 -0.0436 -1.0661 -1.4491 -1.0788 0.0573 -1.1659 0.2401 0.1460 0.2373 0.7954 -0.1418 -0.0417 
19.4002 -0.0617 -0.6209 -1.1316 -0.6967 -0.1628 0.4643 0.0113 -0.2633 0.2876 -0.1706 -0.9089 0.0058 
19.5897 0.8510 -0.7482 -0.4971 -1.1461 -0.7735 -0.7788 -0.1818 -0.6246 -1.1404 -0.1403 -0.1638 -0.2514 
19.3281 1.3655 0.3779 -0.1854 -1.0852 -1.3895 -0.7824 -0.1710 -0.3149 -0.1892 0.3145 -0.5223 -0.2244 
18.3783 0.8353 -1.3275 -0.0965 -1.6847 -0.0884 -0.7849 -0.3134 -0.2815 0.0632 -0.4832 -0.1704 -0.1383 
19.1621 1.1526 -0.5794 -0.8011 -1.1171 -0.9147 -0.1327 -0.4869 0.3351 0.2955 -1.0263 -0.1267 0.1608 
17.8335 0.3089 0.2671 -0.5394 -1.0167 -1.1147 0.1706 0.0686 -0.7619 -0.5006 -0.4471 0.0573 -0.1942 
16.9277 0.7998 -1.6067 -1.7053 -1.3559 -1.5744 -0.1522 0.8708 -0.4512 0.3080 -0.5663 -0.2717 -0.2187 
19.1071 0.7526 -0.2142 -1.2816 -1.2637 -1.5648 -1.0843 0.1494 -0.7356 0.5386 -0.2664 -0.9662 -0.3420 
19.4180 0.2620 0.0687 -0.8562 -2.1123 -0.9268 -0.2614 -0.2418 -0.2581 0.1660 -0.1025 -0.4937 -0.1871 
18.4326 -0.7486 -1.5072 -0.8118 -0.5431 -0.4796 -0.6764 -0.7490 0.2650 0.1905 -0.2903 -0.3976 0.2929 
17.9779 -0.8586 -1.2755 -0.9963 -0.8881 -1.3679 -0.3804 -0.5701 -0.2675 0.2141 -0.3500 0.0830 0.3564 
18.4918 0.0008 -0.9058 -1.0570 -1.1323 -0.0369 -0.6882 -0.1013 0.9459 0.6240 -0.5290 0.0016 0.0916 
17.5085 -0.3272 0.1109 -0.0488 -1.2015 -0.5330 -0.2207 0.1801 -0.1334 0.4068 0.0035 -0.2403 -0.6405 
16.9769 1.1397 -1.6720 -0.1366 -1.3975 -1.5097 -0.8840 0.2539 -0.0757 -0.6949 -0.6810 0.1889 -0.4641 
17.7774 1.4776 -0.1827 -1.5460 -1.0515 -1.2135 -0.2030 -0.2829 -0.8990 -0.2858 -0.2088 0.0318 -0.6475 
17.4131 0.8663 0.2603 -0.2526 -0.1539 0.1635 -0.2693 -0.1805 -0.2452 -0.0781 -0.4963 -0.2030 -0.6624 
17.6794 0.2493 -0.8524 -1.2493 -0.5540 -0.7727 -0.1148 0.0864 0.0633 0.4211 -0.2237 -0.3812 0.0373 
18.0589 0.4791 -0.8328 -1.6776 -1.0390 -0.5571 -1.1076 -0.4491 -0.2676 0.4206 0.1759 -0.5329 -0.3016 
17.3509 0.9853 -1.7457 -0.6102 -0.5954 -0.9860 0.3205 -0.1193 -0.9738 0.1233 -0.8653 0.1153 0.3686 
17.3388 0.6718 -0.8439 -0.8049 0.0202 0.0359 -0.2862 -0.0753 -1.0632 -0.2196 0.2750 -0.5955 -0.0674 
16.6296 1.5639 -1.1006 -1.4093 -2.2791 -0.4414 -1.0798 -0.4235 -0.5796 -0.2532 -0.4004 -0.4062 -0.3344 
17.7690 1.4441 -0.6432 -1.9176 -1.2714 0.2125 -1.0958 -0.6659 0.7343 -0.7843 -0.2762 0.0689 -0.3030 
15.8712 1.5891 -1.0123 -1.1254 -0.5059 -0.9021 -1.1369 -1.2423 0.6027 -0.5011 0.2624 0.2425 -0.3605 
17.5364 0.7737 -1.1600 -1.4001 -0.5279 0.1965 -0.9500 0.2129 0.1889 -0.7158 -0.3851 0.5298 -0.4935 
15.5388 -1.1063 -2.0736 -0.7718 -1.2981 -0.6779 -0.0393 1.0810 0.3630 0.1450 0.4931 0.1754 0.7698 
17.6690 0.5845 -0.4249 -0.2660 -1.0538 -0.1131 -0.3116 -0.5027 -0.3907 0.0091 0.0404 0.0050 0.1135 
16.6159 0.3756 -1.2182 -0.2574 -0.9241 -1.1834 -1.6941 -0.8611 0.4517 0.6106 -0.1036 -0.2884 0.1228 
16.9005 0.2595 -1.7809 -1.4456 -0.8157 -0.2281 -0.3644 -0.2139 -0.1126 -0.0909 0.5480 -0.2325 0.1156 
