13.6910 0.1207 0.1310 -0.6491 -1.2786 -1.2220 -1.2325 -0.8069 -0.5855 -0.6665 -0.3658 -0.6408 -0.2887 
15.8251 1.5475 -0.4271 -0.1144 -1.3755 -1.2418 -0.1479 -0.3986 -0.1406 -0.8278 -0.1010 -0.2288 0.0225 
15.3337 0.4905 0.0148 -0.4158 -0.9851 -0.7947 0.5245 -0.5927 -0.6517 -0.4811 -0.3651 -0.5893 -0.4145 
15.4496 0.2722 0.0529 -0.3264 -1.6145 -1.4119 -0.3238 -0.8162 0.1659 -0.1018 0.0919 -0.6446 -0.1767 
14.8572 0.7193 0.5902 -1.2772 -0.4280 -1.0516 -0.7265 0.7115 -0.7971 -0.1770 0.7005 -0.5189 -0.3230 
15.3865 -0.2424 -0.6034 -0.9925 -2.0547 -1.1312 -0.7822 -0.2252 0.2139 -0.8660 0.1562 -0.5094 0.1510 
14.0662 0.2759 0.0104 -1.4457 -0.8770 -0.9294 -0.4752 -0.7721 0.0011 -1.0231 -0.5287 0.3238 -0.2972 
14.7167 0.4640 0.2195 -0.6538 -0.2073 -0.5387 -0.4809 -0.5364 0.0816 -0.2937 -0.3558 -0.1421 -0.6416 
14.0099 0.3990 0.3837 -1.1574 -0.7406 -1.4425 -1.0574 -0.0123 -0.5660 -0.9546 -0.3657 -0.8118 0.2537 
13.4737 1.2577 -0.1640 -0.1889 -0.5932 -0.9684 -0.0901 -0.3928 0.3481 -0.2477 -0.7259 -0.1857 -0.1110 
13.6658 0.4161 -0.3178 -2.3980 -1.2901 -1.5148 -0.2164 -0.3935 -0.7640 -0.4276 -0.3204 -0.1990 -0.4638 
13.0732 0.3765 -0.1805 -2.1236 -1.2245 -0.7305 -0.1396 0.0584 -0.1126 -0.8018 0.5686 -0.3282 -0.5534 
13.7818 0.7653 0.2399 -0.3760 -0.8379 -1.0309 -0.1496 0.1199 0.0164 -0.6541 -0.8264 -0.2396 0.4450 
13.3228 0.7235 -0.6620 -1.5587 -1.5850 -1.6156 -2.1251 -1.2067 -0.1204 -0.6157 -1.2436 -0.0375 -0.3865 
12.9693 1.5639 0.9635 -0.1451 -1.0251 -0.9047 -0.7581 -0.1363 0.1973 -0.0993 -1.4529 -0.4773 0.4689 
12.9503 2.4679 -0.0727 -0.0932 -0.9053 -0.7968 -0.9759 -0.7989 -0.5492 -0.0529 -0.3799 -0.4040 -0.0010 
11.8599 2.5165 1.1499 -1.5769 -0.6637 -0.4784 -0.4565 -0.6153 -0.1709 -0.4445 -0.6076 0.4470 -0.4138 
13.0786 1.5435 0.2094 -1.2981 -1.0651 -0.3413 -0.1279 -1.0100 0.5569 -0.3761 -0.6017 -0.1089 0.4088 
12.6571 -0.0555 -1.6578 -0.6620 0.3465 -0.7083 -0.7217 -0.1316 0.9496 0.1074 -0.2395 0.2030 0.1607 
13.3003 1.3292 -0.8276 0.0657 -1.3541 0.9727 -0.3023 -0.5358 -0.5625 -0.2240 0.0344 -0.3646 0.1058 
12.6297 0.5562 0.2352 0.4597 -0.9313 -0.5790 -0.7713 -0.8115 -0.3988 0.0630 -0.5080 -0.0382 -0.6528 
13.1738 1.2140 -0.0344 -0.1094 -0.4886 -0.7576 -0.0468 -0.9649 -0.1922 0.0197 -0.5158 -0.2716 -0.4165 
12.2691 0.9141 0.0011 -1.1151 0.5563 -0.1151 -1.0247 -0.6602 0.1048 -1.3094 -0.3924 -0.3020 0.0567 
13.6921 1.6657 0.2555 -1.3193 -0.9439 -1.6061 -0.8142 -0.1267 0.0667 -1.1655 -0.7645 0.0156 0.0166 
13.4684 0.7520 -0.9152 -0.3705 0.4623 -0.0226 -0.0508 -0.7995 -1.1495 -1.2148 -1.4219 -0.3271 -0.1447 
13.7836 2.0284 0.0753 -0.9534 -1.1231 -1.0551 -0.6453 -0.8258 -0.5630 -0.2000 -0.0104 -0.1429 -0.7089 
13.0544 2.2786 1.0267 -1.6156 -0.8621 -0.7184 -0.1773 -0.9383 0.0073 -0.0849 -0.8047 -0.4343 0.2654 
14.0359 1.7135 -0.5297 -0.9542 -0.8680 -0.9803 0.0129 -1.1825 -0.2463 -0.1542 -0.1186 -0.5160 -0.4237 
13.5651 2.0591 -0.1258 -1.7249 -1.2160 -0.5913 -0.1976 -1.1053 -1.2648 0.2285 0.2825 -1.0383 0.0665 
13.6637 1.5264 -0.1088 -1.5425 -0.8299 -0.1120 0.3127 -0.8440 -0.7956 -0.3205 -0.9168 -0.7252 0.3339 
14.2412 1.3270 -0.0908 -0.9157 -1.7576 -1.7621 -0.6145 -0.6297 0.3176 -0.4110 -0.5771 -0.5663 -0.0384 
12.9735 1.6585 -0.4298 -0.6908 -0.6244 -0.6238 -0.0373 -0.1694 0.1561 -0.7310 -0.2327 -0.6931 -0.4506 
11.9374 1.1909 0.9759 -0.6863 -1.7317 -0.9170 -0.8694 -0.4552 0.8349 -0.9112 -0.7550 -0.2135 0.0927 
12.7940 0.6010 -0.2168 -1.2385 -1.5503 -0.8942 0.3701 -1.1791 -0.8542 -0.6017 -0.0807 -0.1702 -0.3352 
13.9794 1.8188 -0.1713 -0.9270 -1.5636 -0.9350 -0.2029 -0.9603 0.3882 -0.3182 0.0122 -0.1019 -0.8533 
12.9982 1.7385 -0.7599 -1.2990 -0.8430 -0.2660 0.0256 -1.2974 0.0451 -0.5125 0.0773 -0.1021 -0.4064 
14.2953 1.5974 0.4630 -1.2382 -1.5858 -2.0341 -0.5618 0.2007 -0.1398 -0.9233 -0.2508 -0.2288 -0.3642 
14.6640 1.8815 0.1480 -1.2223 -0.9497 -0.4587 -0.6365 -1.0070 -0.1126 -0.3635 -0.6523 0.0420 -0.2562 
14.1775 0.9824 0.2568 -0.8281 -1.8557 -1.2214 -0.5589 0.4183 0.5777 -0.7238 -0.6928 -0.8146 0.0485 
14.8493 0.7044 -0.1927 -1.3840 -1.0267 -1.0520 0.9285 -0.0782 -1.0908 -0.6228 -0.5594 -0.2445 -0.0525 
14.3077 0.3787 0.0875 -1.3230 -1.4169 -1.2704 -0.2735 -0.1110 -0.2366 -0.1252 -0.3073 -0.5402 -0.0822 
13.3609 0.0338 -0.4964 -1.4390 -0.8119 -0.8012 -0.3416 -0.3449 0.0206 -0.0814 -0.3236 -0.7691 -0.3111 
13.6490 1.7462 -1.2499 -0.3374 -0.2320 -0.9332 -0.5823 -1.2073 0.0152 -0.0087 -0.7252 -0.0611 -0.0937 
12.4181 1.9162 -0.6316 -0.9283 -0.1858 -0.5139 -1.7269 0.0744 -0.2663 -0.7595 -0.3540 -0.8196 -0.1954 
14.2896 2.0177 -0.5066 0.3183 -0.5909 -1.1258 -0.5368 -0.3918 0.1497 -0.5037 -0.8504 0.0439 0.6124 
13.4067 1.3850 -0.2328 -1.5756 -0.4741 -0.9686 -0.3499 0.1111 0.5135 -1.0878 -0.1412 -0.6623 -0.2174 
13.1657 1.4959 -0.3568 -1.1098 -1.5272 -1.3853 0.0230 -0.7847 0.4092 -0.5600 0.2612 -0.0834 -0.2946 
12.4685 0.8376 -1.5813 -1.0866 -0.8809 -1.0589 0.1658 0.0954 0.3247 -0.2156 -0.1811 -0.2156 -0.4034 
13.3895 1.2494 -0.6954 -1.2757 -0.6396 -1.1308 -0.0900 0.2664 -0.1417 -0.0751 -0.1615 -0.3071 -0.4021 
13.4776 1.8019 -0.1619 0.5182 -0.8342 -0.4555 -1.3144 -0.6982 0.2344 -1.0147 -0.2872 -0.3884 0.2623 
13.6766 1.5256 0.3362 -0.4059 0.1526 -0.5517 -0.6159 -0.7816 -1.0982 -0.2461 0.3170 -0.4860 -0.3645 
14.0158 0.8001 -0.4105 -0.4337 -0.7817 -0.9213 -0.7112 -1.5033 -0.5150 -1.1451 0.2219 -0.2192 -0.0965 
13.5622 0.5478 -0.2998 -0.3831 -2.1118 -1.3354 -1.3050 0.0896 -0.1625 -0.0885 -0.3049 -0.5609 0.2042 
12.4260 -0.9991 -0.7311 -0.7280 -0.7478 0.4194 1.6385 0.7971 0.4961 -0.0214 -0.2525 -0.9518 -1.0671 
12.6783 0.4598 -0.1946 -1.5961 -1.6860 -0.8395 -0.8857 -1.5766 -0.1778 -0.9496 -0.2147 0.3192 -0.5317 
13.3353 1.2643 0.3553 -1.0309 -2.4620 -1.3165 -0.4215 -0.7603 0.0897 -0.7665 -0.5714 0.1592 -0.1463 
14.1981 1.2833 0.1493 0.0329 -1.5900 -0.3878 0.1381 -0.4876 -0.6234 -0.3208 -0.1743 -0.3461 -0.0845 
15.1387 2.0449 -0.9820 -1.3355 -0.9493 -0.6699 -0.2239 -0.5359 -0.4351 -0.2216 -0.3336 -0.2576 -0.0503 
12.4670 1.0521 -0.1846 -1.3188 -0.4234 0.3369 -0.0233 -1.2715 -0.2061 -0.3928 0.0635 0.2687 -0.0434 
13.4998 0.9009 -0.7411 -1.8347 -0.1067 -1.0741 -1.5723 -0.2444 0.6172 -0.7193 0.2220 -0.0115 -0.7026 
14.9360 0.9382 -0.2541 -0.9484 -1.4155 -0.7784 -0.0057 0.3193 -0.5968 -0.7230 0.0888 -0.2674 -0.2896 
13.7692 1.6534 -1.0604 -0.9525 -0.2141 -1.5612 -1.2117 -0.0170 0.0622 -0.5326 -0.2061 -0.6680 -0.3650 
13.6817 1.4276 -1.0842 -0.9639 -1.1168 -0.2765 -0.4626 -0.4850 0.7864 -0.6952 -0.5049 -0.3584 -0.6437 
13.9929 1.7795 -0.0695 -1.4442 -1.6437 -0.5036 -0.7165 -0.9877 -0.3720 0.2266 -0.3688 -0.2290 -0.3455 
13.2556 1.4280 -0.4272 -2.0473 -0.4943 -1.3993 -1.0226 -0.8703 -0.2210 -1.1002 -0.8832 -0.5121 -0.1573 
13.8982 0.6844 0.2816 0.5537 -0.4314 0.0612 -0.8222 -0.8047 -0.3374 -0.5463 -0.4720 -0.5954 -0.0929 
12.7453 1.1110 1.1382 0.2727 -1.7970 -1.4229 -0.8503 -0.7581 -0.6977 -0.5024 0.4867 -0.4125 -0.2491 
12.1007 0.0111 0.4914 0.2375 -0.0941 -0.6918 -1.7936 -1.0215 -0.1064 0.1622 -0.0798 -0.4306 -0.9838 
12.7529 0.4735 -0.4200 -0.9956 -0.3138 -0.4243 -0.2498 -0.7883 -0.0625 -0.3162 -0.2611 -0.1139 0.4506 
12.9399 -1.1080 -2.1217 -0.9805 -0.0648 0.6721 0.6704 -0.1147 0.0210 -0.6923 -0.9174 -0.5822 0.2279 
13.7037 1.5673 -1.0997 -0.9686 -1.3874 -0.3883 -1.1726 -0.3344 -0.0297 -0.6652 -0.1024 0.0197 -0.3562 
14.1480 2.0144 -0.4720 -1.1756 -1.3134 -0.4805 -0.6455 -0.4094 0.2226 -0.8556 -0.3240 0.0441 -0.4614 
12.5982 1.7175 -0.2039 -1.1215 -2.0850 -0.9475 -0.7543 -0.2130 -0.2696 -0.1411 -1.0042 -0.5087 -0.0291 
13.8509 0.8633 -0.3890 -2.1950 -0.3904 -0.0757 -1.0251 -0.1709 -0.3649 -1.0314 -0.1234 0.2519 -0.7496 
13.0380 2.0145 -0.5781 -1.3300 -1.7446 -0.8947 -1.1143 -0.7138 -0.1352 -0.6438 -0.0143 -0.0387 -0.3852 
12.4218 1.2917 -1.2210 -1.1480 -0.8621 -0.3018 0.4659 -0.0067 1.0407 -0.5022 -0.4283 -0.7208 -0.5328 
13.6563 1.1130 0.3734 -0.8640 -1.6041 -2.3355 -0.5083 -0.5473 -0.2727 -0.1121 -0.3950 -0.5790 -0.1432 
19.5667 5.1534 -1.8162 -0.8033 -0.6017 -1.5505 -0.5844 -0.4924 -0.2166 0.0532 0.0367 0.1478 -0.3801 
24.6364 5.5094 -3.6626 -0.8277 -1.8023 -1.8153 -0.6185 -1.4283 -0.7887 -0.3412 -0.4403 0.2790 -0.2146 
24.9908 4.5616 -3.3078 -0.7264 -1.4421 -1.5371 -0.4404 -0.9138 -1.3603 -0.8297 -0.5259 -0.1069 0.1121 
28.3045 3.1021 -4.1317 -0.3273 -2.2641 -0.8790 -0.3299 -0.7824 -0.8482 -0.7426 -0.1021 -0.1210 0.1497 
28.7047 2.7924 -4.4153 -0.7890 -2.3150 -1.2834 -0.6508 -1.0376 -1.2225 -0.8193 -0.1761 -0.1014 -0.0288 
28.7499 2.5017 -4.7801 -0.4972 -2.6932 -1.3024 -1.0809 -1.4135 -1.4823 -1.1584 -0.3044 -0.3299 0.0673 
30.0120 2.5874 -4.2121 -0.4401 -2.0836 -1.1327 -0.8170 -0.8297 -1.2082 -0.9692 -0.4244 -0.2289 0.0530 
29.9801 1.7304 -4.7979 -0.8108 -2.4031 -1.5785 -1.2599 -1.2303 -1.3196 -1.1994 -0.7531 -0.4452 0.0220 
30.0945 1.5672 -4.4154 -0.7415 -2.1284 -1.5674 -1.4336 -0.7627 -1.2442 -0.9537 -0.9547 -0.2232 0.2657 
30.5620 1.7667 -4.2965 -0.4441 -2.1368 -0.8638 -1.4224 -0.4484 -1.1237 -0.8346 -0.8791 -0.2284 0.1251 
30.3451 0.6342 -5.3599 -1.2333 -3.0065 -1.5751 -1.9715 -1.1508 -1.3991 -1.6008 -1.5157 -0.7383 -0.1122 
31.1981 1.7304 -4.8948 -0.3048 -1.6040 -0.6063 -0.7587 -0.6923 -0.2034 -1.3915 -1.1969 -0.3553 0.3768 
31.6348 2.1509 -6.0873 0.0353 -1.6134 -0.7477 -0.1352 -1.3513 0.0867 -1.4073 -0.9978 -0.2104 0.0587 
32.8648 0.7915 -5.5147 -0.2051 -1.5153 -1.1182 -0.6045 -0.7085 -0.0230 -1.3990 -1.0845 -0.0069 0.0834 
33.8792 0.4586 -5.8165 0.5586 -2.0567 -0.7065 -0.8238 -0.8388 -0.0661 -1.5006 -0.8493 -0.4141 0.0282 
34.7971 -0.3798 -4.9922 0.9878 -2.1496 -0.5492 -0.8717 -0.4785 -0.2890 -1.1794 -1.0581 -0.3388 0.1508 
35.3942 -0.3841 -4.2460 1.1537 -1.7888 -0.2494 -0.4228 -0.2045 -0.2929 -0.7180 -0.5773 -0.1429 0.2839 
35.4027 -0.7450 -4.7291 0.9348 -1.9559 -0.4379 -0.7466 -0.1077 -0.6689 -0.8199 -0.8004 -0.2001 0.0056 
35.3905 -1.4239 -4.1879 0.5864 -1.6265 -0.8922 -0.7882 -0.0222 -0.4800 -1.2408 -0.9252 -0.4357 0.1489 
35.6628 -1.4738 -4.1950 0.2325 -1.5280 -0.5499 -0.8203 0.1002 -0.6709 -1.2588 -0.5811 -0.3542 -0.1637 
35.8535 -1.8726 -3.7664 0.3543 -1.7620 -0.6667 -0.5386 0.2161 -0.7154 -1.3238 -0.5300 -0.2988 -0.0053 
35.6599 -2.1725 -3.5140 0.3695 -1.9109 -0.9061 -0.5048 0.2305 -0.8444 -1.4849 -0.9935 -0.4288 0.0160 
36.1029 -1.8989 -2.7716 0.1213 -1.4882 -0.5035 -0.1248 0.1703 -0.4200 -1.0969 -0.6487 -0.1002 0.0345 
36.0281 -2.0347 -2.4006 -0.2839 -1.6242 -0.5278 0.2145 -0.3027 -0.2751 -0.8632 -0.8021 -0.1585 0.1604 
35.6100 -2.3663 -2.1872 -0.6430 -1.6932 -0.4509 0.2259 -0.6830 -0.5254 -1.0216 -1.3053 -0.5798 0.3188 
35.5353 -2.6885 -2.7256 -0.9449 -1.9276 -0.9600 -0.1939 -0.7243 -0.8415 -1.2425 -1.3729 -0.7178 0.0468 
35.4529 -1.6524 -2.8646 -0.6738 -1.4489 -0.9646 0.2938 -0.3516 -0.5116 -0.7902 -1.0135 -0.3330 0.0812 
35.1106 -1.2463 -3.0889 -0.3660 -1.3649 -0.8910 0.5671 -0.4567 -0.3349 -0.9712 -0.9812 -0.4059 0.2415 
33.9746 -2.0305 -3.8800 -1.1055 -2.1935 -1.2286 -0.3343 -0.8543 -1.1737 -1.6950 -1.8435 -0.9414 0.1169 
34.7813 -1.5774 -3.0491 -1.1350 -1.6282 -0.7339 -0.1111 -0.1680 -0.5182 -1.0301 -0.9752 -0.4150 0.0629 
34.3876 -1.8712 -3.3467 -1.3557 -1.6286 -0.9363 -0.1407 -0.3088 -0.6507 -1.1720 -1.0444 -0.5354 0.0474 
33.5341 -1.3397 -3.0320 -1.0815 -1.2138 -1.0594 -0.0810 0.1378 -0.5105 -1.3201 -1.2505 -0.4625 0.3084 
32.4661 0.1330 -3.9353 -1.0363 -1.3227 -0.4264 -0.6155 0.0467 -0.6132 -1.0663 -0.8788 -0.0823 -0.2691 
30.3326 0.3874 -3.8809 -2.1190 -1.6575 -1.0749 -0.3967 -1.1543 -0.9846 -1.1266 -1.2857 -0.4293 -0.2193 
31.4366 0.8232 -3.1974 -1.6344 -1.5554 -1.1428 -0.1414 -0.3633 -1.0873 -0.9101 -0.2995 0.4991 -0.2417 
30.9664 0.9254 -3.9538 -1.9797 -1.6776 -1.0064 -0.8471 -1.3425 -1.0474 -0.9668 -0.5471 -0.1769 0.1855 
31.4824 1.1586 -3.2314 -1.7842 -1.7541 -0.6935 -0.9181 -0.9551 -1.4682 -0.7234 -0.3912 0.0558 0.0293 
31.0625 1.3158 -2.7046 -2.8522 -1.5370 -0.8695 -1.1469 -1.2189 -1.2647 -1.2207 -0.0946 -0.0357 0.0229 
30.8715 1.4203 -2.2368 -2.1603 -1.8324 -0.3388 -0.3121 -1.0614 -1.0833 -0.5866 0.3143 0.6481 0.2373 
30.3918 1.7672 -3.5025 -1.8899 -1.5766 -0.8085 -0.4558 -0.9704 -0.9445 -0.7463 0.4668 0.6606 0.1105 
29.7233 2.6751 -3.2881 -2.1730 -1.3208 -1.0774 -0.9738 -1.1655 -1.3004 -0.1388 -0.2381 0.5475 0.0497 
28.9799 2.9424 -3.5330 -1.6917 -1.3219 -0.7542 -1.1847 -0.7034 -0.9791 -0.2906 0.2445 1.0259 -0.5576 
27.4978 2.9124 -2.7892 -2.2623 -1.4616 -1.1489 -0.2127 -1.1500 -0.4087 0.1888 0.4096 1.0190 -0.0158 
26.6255 3.4369 -2.9673 -2.8371 -1.4072 -1.1258 -0.9777 -0.6173 -0.9234 -0.1152 0.2176 0.8179 0.0606 
25.5411 4.2562 -3.1796 -3.3724 -1.9405 -1.1436 -1.4485 -1.4378 -1.1611 -0.3842 -0.1682 0.5921 -0.8456 
24.6830 4.2225 -2.2622 -2.7981 -2.7504 -0.7681 -0.5470 -1.7913 -1.2770 0.0526 -0.0610 0.0307 -0.2342 
22.9073 2.2867 -1.7378 -3.1486 -2.4751 -1.1259 -1.5823 -1.4813 -0.2191 -0.1858 0.0885 0.4523 0.3137 
23.5273 3.4999 -1.7552 -1.7287 -1.1358 -0.9782 -0.9967 -0.7689 -0.5167 -0.5104 0.2069 0.3097 -0.2353 
20.8716 2.1473 -1.3377 -1.4161 -1.8176 -0.4762 -0.8603 -0.6547 0.1458 0.4426 0.0898 0.4164 -0.1059 
20.4613 2.8355 -1.3476 -1.3931 -1.5254 -0.8074 -0.6668 -0.9551 -0.1274 -0.4401 -0.1635 -0.3885 0.2121 
17.6656 2.0384 0.2129 -1.7752 -2.1508 -0.5943 -0.2345 -0.8797 -0.0585 0.1943 -0.3773 -0.2839 -0.4080 
17.9928 2.0321 -1.6166 -1.3081 -1.9233 -1.6213 -1.2836 -0.7679 0.0809 -0.6412 -0.3809 -0.4279 0.2535 
16.8706 1.2530 -0.3343 -1.3808 -1.1416 -0.5039 -1.1357 -0.7461 -0.6775 -0.5725 -0.2271 -0.0086 -0.6297 
17.2215 0.3140 -0.5611 -0.8282 -0.4669 0.3530 0.1379 -0.3540 -0.5630 -0.7582 -0.1418 -0.4358 -0.4513 
17.1432 1.1360 -1.5375 -1.0602 -1.3789 -0.9376 -0.6397 -1.2533 -0.2851 -0.8986 -0.2680 -0.0708 -0.3756 
18.0555 0.5583 -0.8391 -0.1652 -0.9632 -0.5362 -0.0372 -0.4676 -0.1728 -0.4903 -0.5335 -0.3947 0.0838 
16.3527 -0.0690 -1.9547 -1.6350 -1.9070 -1.1951 0.1012 -0.7028 -0.3227 -0.2712 -0.2701 0.1619 -0.1590 
15.4206 -0.4633 -0.8176 -0.7419 -0.9899 -0.3904 -0.4970 -1.3305 -1.1649 -0.2372 -0.0121 0.0611 0.2234 
16.4763 2.3073 0.5183 -0.2644 -1.4618 -0.7560 -0.6453 -0.4104 -0.6077 0.2605 -0.4904 -0.0245 -0.3061 
16.7828 3.1572 -0.3250 -1.7312 -1.1514 0.1363 -1.4562 0.8154 -0.4059 -0.9380 0.0678 -0.4521 -0.3208 
16.7606 1.8502 -0.3199 -1.2031 -1.4358 -0.2858 -0.4305 -0.7007 0.0704 -0.1141 -0.2975 -0.6406 0.1867 
15.3576 -0.0509 -0.0760 -1.5411 -1.0729 -0.3416 -0.9752 -0.9000 -0.4566 -1.1460 0.3124 -0.6119 -0.2025 
17.2288 0.0402 -0.7855 -1.1065 -0.5999 -0.5625 -1.2716 -0.7077 -0.2082 -0.7754 -0.1692 0.1496 -0.6693 
16.9873 1.6011 -0.3253 -0.6191 -1.7234 -0.1208 0.2369 -1.1970 -0.2341 -0.5542 0.0973 -0.5514 0.1309 
15.7129 1.2062 -0.3130 -1.0497 -0.4815 -0.6618 0.4383 -0.4357 -0.5172 -0.0836 -0.5111 -0.8981 0.4106 
15.4249 1.3230 -0.6012 -0.3968 -0.2566 -0.0506 -1.1161 -0.8457 -0.9739 -0.8091 -0.6430 -0.1635 -0.3456 
16.6739 1.3356 0.8646 -0.0907 -1.6206 -1.1261 -0.1413 -0.9573 -0.9409 -0.2626 0.3101 0.0052 -0.1823 
16.3182 1.8293 -0.9446 -1.3332 -1.0281 -0.9161 -1.0751 -0.7384 -1.2851 -0.3906 0.1282 -0.5457 -0.5733 
15.4019 1.7222 0.0100 -0.4675 -0.6761 -0.2673 -1.4190 -0.7435 -0.2946 -1.0161 -0.1462 0.0607 -0.0188 
15.5940 0.9200 -0.0210 -1.2060 -1.3077 -1.5222 -1.1017 -0.4564 -0.4964 -0.2766 -1.1790 -0.8768 0.2932 
16.8130 1.3182 0.1722 -0.2775 -1.0730 -1.3558 -0.4668 -0.5607 0.4188 0.4421 -1.0328 -0.7377 0.1136 
16.3920 1.5732 -0.0736 -1.4660 -1.0499 -1.3238 0.0137 -0.6839 0.1414 0.3003 -1.2146 -0.4374 0.1907 
20.0527 -1.0925 0.3448 0.0136 -1.4792 0.2959 -1.0855 -0.2498 -0.2812 -0.0503 -0.4417 -0.1955 -0.2388 
25.7221 -1.1368 -2.9239 -0.0929 -0.3221 0.4917 -0.4229 -0.4090 -0.0467 0.3616 0.0200 0.3773 0.6744 
25.6245 -2.0196 -5.6907 -0.2033 -1.5575 -0.3872 -0.2567 -0.3472 0.3208 -0.8680 0.3315 -0.3300 -0.3127 
22.1616 -1.8958 -3.1056 0.2303 -0.1156 0.2065 0.0542 1.9370 -0.0185 -1.1382 -0.3316 0.0348 0.0170 
23.2954 -1.6540 -2.3417 0.4119 -1.3683 -0.8424 -0.4003 -0.4993 -0.6012 -0.3868 -0.4206 -0.6980 -0.0275 
22.1656 -0.1643 -2.1091 0.0864 -0.0672 -0.4591 -0.6770 -0.4427 -0.7543 -0.4536 -0.3539 -0.5781 0.4982 
22.3908 -1.0474 -3.2730 0.1693 -0.6439 0.7239 -0.5610 -0.7270 -0.5554 -1.0092 -0.7238 0.1607 -0.0525 
20.6583 -1.1497 -2.3696 -0.7453 -0.8961 -0.1497 -0.7932 -0.3628 -0.7528 -0.7945 -0.6539 0.0005 -0.8787 
20.5025 -0.6725 -0.8450 -0.7775 -0.8173 -0.4463 -0.0903 -0.4914 0.0211 0.1160 -0.0021 -0.2661 -0.2369 
21.0829 -0.8852 -2.4055 -1.2942 -1.0191 -0.0689 -0.8962 -0.4813 -0.6176 -0.2260 -0.6606 -0.0522 -0.5151 
20.6306 -0.0853 -2.5045 -1.9319 -0.5563 0.0583 -0.6320 -0.3287 0.3645 0.0318 0.3526 -0.2464 -0.5286 
25.4658 3.4857 -1.7692 -0.9367 -0.5082 -0.9091 -0.9298 -0.9047 0.1262 0.3791 -0.1219 -0.3646 -0.0042 
30.0139 3.9519 -4.5113 -2.3816 -1.3394 -0.7553 -1.8175 -1.3889 -0.6149 -0.5012 -0.4059 -0.3819 -0.0246 
30.7595 3.7075 -5.0079 -1.6450 -1.6315 -0.6804 -0.9025 -1.3155 -0.7035 -1.1714 -0.5866 0.0476 0.1534 
31.8428 2.9626 -4.6048 -1.2130 -1.0670 -0.2941 -0.7179 -0.5397 -0.4863 -0.9993 -0.7886 -0.1125 0.6072 
31.9989 2.7020 -4.8761 -1.3023 -1.1491 -0.4748 -0.7624 -0.4030 -0.5562 -1.1369 -0.8408 -0.4166 0.5378 
32.3016 2.3592 -4.3900 -1.2795 -1.1793 -0.2841 -1.1366 -0.1546 -0.0960 -1.1504 -1.1444 -0.1558 0.2708 
31.8836 2.7237 -4.6989 -1.2021 -1.2774 -0.3216 -0.7567 -0.3967 -0.1624 -0.9446 -1.0636 -0.3444 0.1819 
30.8278 1.3942 -5.9980 -2.8653 -1.8662 -1.0054 -1.6224 -1.4821 -1.2085 -2.1128 -1.7370 -1.0248 -0.6034 
31.6833 3.1504 -4.8162 -0.9722 -0.8201 0.2619 -0.3676 -0.2385 0.0594 -1.1617 -0.8373 -0.6139 0.2606 
31.7762 3.2337 -4.7367 -1.3548 -0.9539 -0.3524 -0.1916 -0.5577 -0.1221 -0.9069 -0.8459 -0.3388 -0.0672 
31.6007 2.7332 -4.6295 -1.7721 -1.0732 -0.2439 -0.4591 -0.6195 -0.7646 -0.9077 -1.2052 -0.5046 -0.0913 
31.3662 2.9242 -4.7064 -1.4474 -1.0262 -0.0650 -0.4190 -0.4817 0.0384 -1.0822 -1.1297 -0.4172 0.0452 
31.2933 2.7244 -4.6013 -1.4363 -0.9166 0.2980 -0.1042 -0.4092 0.3087 -0.9075 -0.7826 -0.4075 0.2967 
30.7162 2.5348 -4.9106 -1.8429 -1.0406 0.3655 -0.3504 -0.4562 -0.2743 -0.9364 -1.0148 -0.4351 -0.0076 
30.4332 1.9215 -4.6614 -1.7623 -0.8169 0.2109 -0.3603 -0.3190 -0.1533 -1.3880 -1.3966 -0.4067 0.0905 
30.3848 2.3438 -4.8393 -1.2129 -1.2065 -0.3964 -0.1925 -0.1225 0.2303 -0.8397 -0.8943 -0.2053 0.5394 
30.2642 2.1421 -5.0997 -1.6863 -1.1211 -0.7838 -1.0365 -0.8969 -0.4748 -0.8623 -0.9344 -0.2576 0.0322 
30.8401 1.9083 -4.0900 -1.0181 -0.7397 -0.7811 -0.8938 -0.3339 0.0134 -1.2481 -0.9635 -0.2166 0.4981 
30.3451 1.9997 -4.4436 -1.6103 -1.1452 -0.4175 -1.0468 -0.8064 -0.3502 -0.9814 -0.9671 -0.3115 0.9329 
30.3665 2.1387 -4.2227 -1.4899 -1.1137 -1.2109 -0.6818 -0.8315 -0.8813 -1.2884 -0.0594 -0.0690 0.4713 
30.1989 2.2324 -3.7865 -1.2474 -1.0252 -1.1269 -1.2967 -0.9421 -0.4423 -1.0783 -0.4521 -0.0379 0.4191 
29.9025 2.2701 -3.6968 -1.4819 -1.1772 -1.0935 -0.9305 -0.8624 -0.5247 -0.8311 0.0819 0.4750 0.3245 
30.3598 2.0960 -3.6619 -1.7535 -1.3720 -0.7795 -1.1355 -0.3818 -0.5568 -0.6524 0.1756 0.5329 0.3293 
30.3091 2.1220 -3.6645 -1.1972 -1.5734 -0.9131 -1.5727 -0.9342 -0.8215 -0.5323 -0.2059 0.7729 -0.0304 
29.5943 2.1032 -3.3823 -1.7576 -2.1344 -1.1171 -1.4337 -0.7151 -1.0380 -0.8634 0.1108 0.3541 0.0285 
27.3603 2.5084 -3.1025 -2.0866 -2.1063 -0.9349 -1.4883 -0.7377 -0.4552 -0.1660 0.6589 0.6485 -0.2162 
26.7288 2.8327 -3.1759 -2.3926 -1.9945 -1.1277 -1.4088 -0.8887 -0.4107 -0.2903 0.5116 0.3319 -0.3775 
24.3939 4.6891 -2.3129 -2.1518 -1.8121 -1.4780 -0.7784 -0.5916 -0.5755 -0.0637 0.1828 0.6297 -0.2109 
24.3853 4.0404 -1.8235 -2.3393 -1.1734 -1.1140 -1.0785 -0.1850 -1.1228 -0.0765 -0.1224 0.5907 0.1520 
23.2849 2.1870 -2.3118 -2.0704 -1.6000 -0.8890 -0.9510 -0.7311 -0.0957 0.3818 0.7934 0.4837 0.0794 
22.3093 3.4084 -1.7134 -1.7799 -0.7916 -0.7244 -1.6196 -0.2603 -0.9734 -0.3708 -0.2280 0.3198 0.1122 
20.8863 2.1247 -1.6359 -1.3372 -1.1245 -0.5994 -1.2789 -0.3829 -0.6640 -0.5063 -0.3556 -0.0357 -0.2198 
18.6631 1.7587 -1.2559 -1.4804 -0.4326 -0.3386 -0.0501 -0.3625 -0.4559 -0.4661 -0.1344 -0.3806 -0.1470 
18.2968 1.6380 -0.5478 -0.8912 -0.1837 -0.7915 -1.3749 -0.3223 -0.1198 -1.2940 0.2269 0.0335 -0.1321 
18.4996 1.4705 -0.3326 -1.0191 -0.5663 -0.3445 -1.3773 -0.4691 -0.2681 -0.8537 -0.5943 0.3658 -0.3172 
18.0936 0.8850 -1.2972 -0.8073 -0.2941 -0.8110 -0.5816 0.0714 -0.6783 -0.2937 -0.1438 0.0951 -0.4267 
16.6726 0.6954 -0.8311 -0.2083 -1.0020 -1.8064 -1.4811 -1.2611 0.2189 0.0053 0.1292 -0.6456 -0.5194 
17.8049 1.4523 -1.4988 -1.6345 -0.3657 -0.5807 -0.1905 -0.0822 -0.9730 -0.5833 -0.9228 -0.2242 0.4115 
16.7391 0.6689 -1.5291 -0.9615 -1.5667 -1.4838 -0.2275 -0.4784 1.1148 -0.1144 0.0902 -0.4248 -0.7304 
16.5964 1.2854 -0.0540 -0.5402 -0.4588 -1.5566 -0.5399 -0.7744 0.2610 -0.1826 -1.0086 -0.0565 -0.3327 
16.1262 1.7486 -0.7616 -0.9452 -0.3573 0.6661 0.2817 -1.0094 -1.0553 -0.9814 -0.8648 -0.0507 -0.0294 
16.8134 1.4533 -0.0741 -1.1670 -0.9348 -0.6132 -0.5694 -1.8786 -0.3338 0.1271 -0.0453 -0.2167 -0.3166 
16.4145 0.0328 0.0024 -0.7519 -1.3119 -0.6296 -0.2264 -0.5315 -1.1645 -0.8448 -0.4048 -0.5291 -0.1220 
14.9657 2.3434 -1.0135 -1.5550 -0.4165 -0.7080 -0.5013 -0.8736 -0.8150 -0.4214 0.0172 -0.8436 -0.2962 
15.8945 1.9419 -1.3049 -0.4444 -0.2765 -0.2319 -0.3736 -0.0310 0.4877 -0.8219 -0.2433 -0.4443 -0.2530 
16.4442 1.6615 -0.3365 -1.1891 -0.6531 -0.4238 -1.0803 -0.5924 0.1090 -0.8746 -0.5814 -0.2775 -0.0597 
14.8220 0.6721 -1.8415 -3.1519 -2.1614 -2.1212 -1.1560 -2.0299 -1.1365 -1.7365 -1.3115 -0.8939 -0.2880 
15.9037 0.7999 0.1030 -1.0444 -1.6531 -1.5129 -0.5881 -0.2959 -0.6410 -1.0504 -0.8727 -0.4639 0.5539 
16.0199 1.2553 -0.2480 -0.6335 -0.6504 0.1129 -0.5050 -1.2475 -0.7365 -0.1063 -0.3050 -0.1352 0.0263 
13.8656 1.7655 -0.6443 -1.8221 -0.6109 -0.4942 -1.4142 -1.2302 -0.9035 -0.3037 -0.8635 -0.0163 0.0002 
15.4365 1.4383 -0.4039 -1.6382 -0.0103 0.1060 -1.2571 -0.5972 0.6180 -1.0112 -0.2259 -0.4571 -0.0500 
15.9808 1.0620 -0.6487 -0.9586 -1.4474 0.1821 -0.0261 -0.7610 -0.8143 -0.5429 0.1877 0.0354 -0.0032 
15.7246 1.6024 -1.0919 -1.3512 -1.5656 -0.3164 -0.4992 -1.0522 -0.4846 -0.9660 -0.4581 -0.5720 0.2624 
15.4919 0.9834 -0.7799 -0.6932 -1.4032 -1.1179 -0.1914 0.1187 0.4686 -0.9011 -0.4698 -0.9284 0.4188 
15.9379 1.2679 -0.6278 -1.3883 -0.9803 -0.2145 -1.1764 0.2259 -0.4630 -0.4777 -0.5291 -0.3597 -0.2541 
15.3824 1.7039 -0.0985 -0.8360 -1.0108 -0.1166 -0.8063 -0.4601 -0.3921 -0.8665 -0.5260 -0.1796 -0.2168 
14.9832 1.5897 0.2940 -1.0178 -0.8758 -1.3681 0.1590 0.3611 -0.7614 -1.2915 -0.5512 -0.8017 0.3801 
15.6134 1.3763 0.0008 -0.6029 -1.9524 -0.5701 -0.6634 0.2933 0.3630 -0.8353 -0.8998 -0.2545 0.3367 
15.2794 1.0545 -0.4755 -1.4432 -1.0521 -0.3972 -0.5099 0.0052 0.3238 -0.4225 -0.7405 -0.2405 -0.4105 
14.7313 1.7216 0.3708 -0.9890 -0.9705 -1.4210 -0.8626 -1.0177 0.3212 -0.5785 -1.0201 -0.0773 0.5762 
14.8438 1.2521 -0.2186 -0.4173 -0.5114 -1.1666 -1.1436 -1.5054 -0.5659 -0.3575 -0.0032 -0.0007 -0.4428 
14.9917 1.9604 -0.1241 -1.6780 -0.5483 -0.2519 0.0347 -0.8249 -0.8824 -0.2949 -0.1879 -0.6077 0.2382 
13.7887 1.0069 0.0195 -0.8200 -0.4527 -0.8051 -0.3130 -0.2348 0.1327 -0.4487 -0.7215 -0.7780 -0.1341 
14.8066 1.1548 -0.4845 -1.3922 -0.3821 -0.4451 -0.3172 -0.9343 -0.0821 -0.8169 -0.7502 -0.5796 0.3208 
13.5177 0.3105 -0.2056 -1.1455 -1.1406 -1.6479 -1.5205 0.1952 -0.2824 -1.0700 -0.8323 -0.3680 -0.4063 
12.9911 0.7977 0.9279 -1.3641 -0.2027 -1.1207 -1.5887 -0.9163 0.3701 -1.0881 -0.0568 0.2741 -0.8811 
13.9486 0.4008 1.7300 -0.2055 -0.5971 -1.2745 -1.3139 -0.1763 0.3399 -1.0256 -0.2710 -0.2461 -0.3288 
13.6243 0.4637 -0.4984 -0.2854 -1.4630 -0.1358 -0.6005 -0.7505 -0.7841 -0.0165 -0.4465 -0.7998 -0.4350 
15.1362 1.4317 0.8953 -1.3633 -1.4088 -1.3609 -0.6953 -0.6077 -0.0243 -0.4682 0.4064 -0.5908 -0.6470 
14.4316 1.2778 -0.0415 -0.4273 -0.3047 0.3152 0.0046 -1.2107 -0.9561 -1.0586 -0.2915 -0.4369 -0.1381 
13.7682 2.2618 -0.1164 -1.2376 -1.1434 -0.5227 -0.6538 -0.5824 -0.9431 -0.3139 -0.0939 -0.8325 0.1303 
15.1327 1.4054 0.0457 -1.3694 -1.7668 -0.7358 -0.2264 -0.1129 0.2117 -1.0451 -0.2558 -0.3936 -0.2810 
13.1625 0.7403 -0.7719 -0.9259 -0.8076 -1.2308 -0.9903 -0.9328 -0.1595 -0.3471 -0.3244 -0.2403 -0.3716 
13.1645 1.4895 -0.3799 -0.9055 0.5688 -1.1774 0.1388 -0.2655 -1.1852 0.2742 -0.1718 -0.1354 0.0404 
13.7647 1.4169 0.2796 -0.3891 0.0984 -0.2854 -1.3694 -0.8467 -0.4053 -0.6092 0.3215 0.1279 -0.2950 
12.7930 1.3787 -0.6719 -0.9306 -1.4040 -1.3354 -0.7773 -0.7641 -0.2872 -0.8867 -0.5644 -1.0027 0.4768 
13.0618 1.4276 -0.2091 -1.1229 -0.6750 -1.0983 -0.9815 -0.4925 -0.2171 -0.6227 -0.1936 -0.3443 -0.0207 
13.0593 -0.8748 -1.0750 -1.1695 -0.8253 -1.3704 -0.8274 -0.9569 -0.4494 -0.5212 -0.4925 -0.4245 -0.4822 
13.2335 -0.5082 -0.7698 -1.3816 -0.0547 0.3343 -0.0798 -0.4323 -0.8585 -1.2551 -0.4417 0.3564 -0.3984 
14.7157 0.1165 0.1778 -0.0138 -1.0299 -0.8250 -0.9222 0.3897 0.2189 -0.8331 -0.6189 -0.5142 0.3017 
13.9813 1.8547 0.2613 -1.0035 0.2822 -0.5754 -0.5434 -0.8610 0.4569 -0.2031 -0.1720 -0.0959 -0.4843 
