14.9479 9.4149 -4.5870 -1.2854 3.1609 -0.7548 -1.0596 1.9171 0.0735 -1.3313 0.6196 -0.1805 -1.9617 
14.9116 9.3422 -4.7437 -1.3246 3.5445 -0.3817 -1.3256 1.3535 -0.3027 -1.8198 0.0039 -0.3593 -1.7577 
14.5994 9.6050 -3.5418 -0.6127 2.8922 -1.3022 -1.2299 1.8872 -0.6397 -2.8588 -0.5738 -0.1808 -1.3783 
15.1881 9.2656 -5.1953 -1.3134 3.7776 -0.5784 -1.8899 0.4981 -1.4285 -2.6667 -0.2604 -0.3368 -1.4575 
15.6732 9.2207 -6.4900 -3.1821 2.1109 -1.4436 -1.9547 0.3989 -1.8159 -2.6545 0.0312 -0.5296 -1.8149 
16.9264 9.8869 -6.9312 -2.8577 3.0161 -1.1344 -1.6691 1.1810 -1.4970 -3.0023 -0.0418 -0.3772 -2.2241 
17.4577 9.9357 -7.3524 -2.4271 3.8195 -0.7894 -1.2030 1.8005 -1.4146 -2.7192 1.3759 1.2560 -1.3210 
17.1385 9.8325 -7.0012 -2.0428 4.2173 -0.3715 -1.2359 1.1764 -2.1560 -3.3376 0.8607 1.0229 -1.3775 
18.2338 10.4646 -7.5588 -2.3544 4.5095 -0.3089 -1.2617 1.8447 -1.0634 -2.5381 1.2354 0.8462 -2.1244 
18.1520 10.4366 -7.6260 -2.9074 3.4930 -1.1254 -1.4920 2.0454 -0.6247 -2.3133 0.7731 0.3758 -1.6152 
19.0920 11.1367 -7.7349 -2.8065 4.1009 -0.7159 -1.7067 1.3185 -1.6269 -3.1364 0.5446 0.5456 -1.4475 
18.4584 10.7186 -7.7556 -3.1787 3.7307 -0.6130 -1.5915 1.2197 -1.7419 -3.3704 0.3855 0.7719 -1.5086 
18.4021 10.6225 -7.8296 -3.2317 3.7484 -0.1749 -0.7765 1.7670 -1.3923 -2.5518 1.3327 1.2736 -0.8498 
18.0538 10.3708 -7.7868 -3.1122 3.9410 -0.2721 -1.6143 0.6603 -2.1416 -3.1600 0.6205 0.5002 -1.9566 
18.2948 10.9342 -7.1223 -2.8952 3.8346 -0.2154 -1.4145 0.9050 -1.5854 -2.3307 1.2518 0.9192 -1.3531 
18.4012 11.5434 -6.1682 -2.6105 3.4683 -0.4052 -1.2438 1.0329 -1.8636 -3.1733 0.1011 -0.1077 -2.1476 
18.0173 10.9715 -6.5973 -2.6530 3.5900 -0.5236 -1.5542 0.9504 -1.5414 -2.7976 0.2646 0.3170 -1.1314 
18.0006 10.8303 -6.8961 -2.7942 3.8459 -0.0428 -0.9440 1.7347 -1.0299 -2.9844 -0.2967 -0.4943 -2.4638 
16.2874 10.1023 -5.2546 -1.3316 3.8186 -0.7487 -1.7410 1.0684 -1.1959 -3.0287 -0.8145 -0.8978 -2.0335 
14.2877 8.5650 -5.1879 -1.4542 3.2950 -0.9936 -1.9848 0.8470 -0.9183 -2.5419 -0.3283 -0.1974 -1.7213 
14.7359 9.0513 -4.6719 -0.8032 3.4427 -1.2267 -1.6130 1.7097 -0.4081 -2.3744 -0.2626 -0.2774 -1.5804 
14.3020 8.6964 -4.6448 -0.6574 3.5541 -1.3485 -2.0892 1.3245 -0.2928 -2.1077 -0.1764 -0.0460 -1.0393 
14.8749 9.2058 -4.8135 -1.2376 3.2146 -1.3665 -2.3411 0.6236 -1.0857 -2.7344 -0.7628 -0.8463 -2.0511 
15.1153 9.7448 -4.0066 -0.5618 3.5108 -1.1558 -1.8824 1.1526 -0.7995 -2.5863 -0.5426 -0.6222 -1.7916 
15.3639 9.6233 -4.8454 -1.4323 3.1363 -1.1680 -1.8953 1.0504 -0.7514 -2.3228 -0.3990 -0.6997 -1.7662 
14.9638 9.0910 -5.1057 -1.3366 3.1118 -1.5996 -2.3475 0.9397 -0.5837 -2.0545 -0.1776 -0.6296 -1.9093 
14.8233 9.3065 -4.5250 -1.1822 2.8374 -1.7959 -2.3506 1.0763 -0.3959 -2.0077 -0.2654 -0.7733 -2.0806 
14.6301 8.9541 -4.8814 -1.3257 2.8466 -1.8274 -2.5392 0.6877 -0.8127 -2.1737 -0.1002 -0.3198 -1.5734 
18.4363 10.9546 -5.9069 0.0646 4.9461 -2.1133 -2.2749 2.5131 -0.3161 -2.2760 1.0831 0.4259 -1.7369 
35.6542 20.3735 -14.8198 -4.9652 7.0504 -3.2555 -4.2035 3.2186 -1.7165 -4.4089 2.3769 1.2572 -3.5502 
38.3837 23.3512 -13.5477 -4.8518 6.7118 -3.6608 -4.3322 3.2730 -2.2127 -5.8034 0.7221 0.0020 -4.4647 
32.2050 19.8632 -10.2519 -2.1193 7.1883 -2.9671 -4.0242 3.5158 -0.2044 -3.7369 1.1492 0.7114 -3.0370 
29.1760 17.4524 -10.1311 -1.8824 7.3331 -1.6810 -2.7447 3.2656 -0.9850 -3.8573 1.2169 0.6225 -3.0928 
26.0544 14.9202 -10.1504 -1.7915 7.0319 -1.7192 -2.8542 3.3238 -0.3416 -3.5695 0.8880 0.6878 -2.7582 
22.7894 12.5751 -9.7628 -1.9336 6.1885 -1.8417 -3.2067 2.1111 -1.3944 -4.5004 -0.2733 0.1781 -2.6256 
20.3148 11.2783 -8.3445 -1.1089 5.8326 -1.7634 -2.6728 2.6521 -0.6164 -3.7751 0.0162 0.1271 -2.9853 
17.2133 9.7279 -6.9102 -1.1628 4.7070 -1.4919 -2.4696 1.8259 -0.6386 -3.0592 0.0753 0.2234 -2.3497 
21.3450 12.6936 -8.1726 -3.4624 2.6975 -2.8371 -1.9040 3.2439 -0.5314 -3.7815 -0.6104 -0.8188 -2.9082 
19.8417 12.8046 -5.9853 -2.7214 2.9264 -1.4666 -1.4603 2.4464 -0.1439 -2.4800 0.0492 -0.2197 -2.2005 
17.2508 10.9838 -5.0913 -1.6654 2.8584 -1.6815 -1.5241 1.9515 -0.7046 -2.4107 0.4546 0.0279 -2.0219 
21.4371 12.5057 -8.2980 -2.3699 4.6297 -1.8359 -2.6048 1.7980 -1.3893 -3.5588 0.1914 -0.0449 -2.0479 
17.8025 10.5690 -6.8896 -2.6781 3.1316 -1.7140 -2.5938 0.4411 -2.2447 -3.8603 -0.5732 -0.2158 -1.3364 
15.3274 9.0507 -5.8051 -1.8585 2.9204 -1.6658 -2.1873 0.8607 -1.5561 -3.2150 -0.4999 -0.6794 -2.5822 
15.1519 8.7898 -5.9956 -1.9215 2.9010 -1.5012 -1.5549 1.9153 -0.3665 -2.2008 0.1168 -0.1665 -1.6370 
14.6210 8.6403 -5.7098 -2.0950 2.8384 -1.1372 -1.6049 1.6038 -0.2679 -2.1663 -0.1143 -0.0519 -1.3448 
14.9955 9.5558 -4.5131 -1.5730 2.6248 -1.2462 -1.4130 1.6431 -0.3833 -2.1804 -0.1485 -0.1736 -1.3760 
15.6280 9.6868 -5.0147 -1.2551 3.4326 -1.2236 -1.9388 1.3635 -0.4870 -2.2101 0.0775 0.0514 -1.4778 
14.6474 9.0834 -4.8068 -1.4450 3.0356 -1.1347 -1.7942 1.2673 -0.4757 -2.2317 -0.1637 0.0450 -1.1135 
14.0587 8.5143 -4.9481 -1.5091 2.8283 -1.2211 -1.5282 1.6678 -0.1992 -2.0210 0.0151 0.0088 -1.3555 
14.1845 8.9163 -4.3012 -1.1476 2.6795 -1.4116 -1.3921 1.8056 -0.4189 -2.3067 0.1403 0.5506 -0.7067 
14.6746 9.1047 -4.6804 -1.3010 2.8692 -1.2050 -1.2857 1.7166 -0.4156 -1.7572 0.5400 -0.2851 -2.2465 
15.1522 9.2362 -5.1357 -1.2823 3.4353 -1.1461 -1.8166 1.5981 -0.1816 -2.2625 -0.5212 -0.5435 -1.5868 
15.0976 9.6207 -4.4857 -1.2758 3.2837 -0.6811 -1.4346 1.2273 -0.5696 -1.9563 0.1329 -0.0863 -1.4469 
14.9571 9.1119 -5.0187 -1.1283 3.4401 -1.3640 -2.4016 0.5574 -1.2607 -2.6458 -0.2288 -0.6016 -2.5374 
14.4929 8.9594 -4.5944 -1.0008 3.1912 -1.2706 -1.8095 1.3439 -0.2626 -1.5014 0.6833 0.1650 -1.5418 
15.6043 10.0078 -4.2479 -0.9445 2.7224 -2.0705 -1.9617 1.6903 -0.5268 -2.3753 -0.0760 -0.4774 -2.2004 
15.9792 10.8586 -3.1692 -0.0379 3.9567 -0.3776 -0.7742 2.0783 -0.2511 -2.0040 0.3861 0.5052 -0.8746 
20.0595 15.9563 0.5140 2.2943 5.0363 -0.5108 -1.8177 0.4825 -2.1697 -3.9889 -1.4611 -1.1678 -2.2809 
22.8343 18.5876 1.0596 2.1417 4.9479 -0.9175 -2.5832 -0.2603 -2.6502 -4.0815 -1.3759 -1.3356 -2.5160 
24.2254 19.8907 1.0528 1.5029 4.6762 -0.9602 -3.2671 -1.5855 -3.7558 -4.5552 -1.4200 -1.0648 -1.9794 
27.6997 21.1269 -1.8537 0.0175 4.4889 -2.6321 -4.5979 -1.1673 -3.6409 -5.1644 -1.6791 -1.5604 -2.8754 
27.6992 22.5060 0.4915 0.8386 4.7516 -1.3979 -3.6862 -0.9810 -2.8701 -4.0803 -0.9565 -0.5210 -1.6248 
28.6602 22.9129 -0.2829 0.1559 4.2781 -2.0621 -4.3111 -1.7116 -3.8931 -4.7796 -1.2414 -0.9956 -1.9974 
32.6929 24.3887 -3.5895 -1.1984 5.2621 -2.4875 -5.2739 -1.4392 -3.3992 -4.2143 -0.3180 -0.9795 -2.6766 
32.6685 25.6188 -2.2587 -2.2753 4.5704 -0.9053 -4.9310 -3.0401 -3.1803 -2.1605 0.3871 -1.5805 -2.6494 
34.2738 26.2822 -3.7020 -3.5398 3.9752 -1.8504 -5.7819 -2.9584 -2.7172 -2.0388 0.1860 -1.9541 -3.0381 
35.8867 27.4795 -3.9158 -3.6718 4.2412 -1.6717 -5.3504 -2.0779 -1.8432 -1.1994 1.1056 -1.3230 -2.6907 
36.8446 27.4019 -5.4339 -4.3327 4.1059 -2.5685 -6.0529 -1.8479 -1.6385 -1.4000 0.8604 -1.7196 -3.1917 
37.5359 28.0911 -5.4134 -4.6811 4.0992 -2.1886 -5.7394 -1.5353 -1.1003 -0.8932 1.1381 -1.6188 -3.3411 
38.1378 28.3473 -6.0486 -5.3220 4.0008 -2.1426 -5.8750 -1.5705 -0.8566 -0.7103 0.9592 -2.0063 -3.6610 
38.6202 28.1310 -7.2865 -6.1338 3.8266 -2.2686 -5.8307 -1.4602 -1.2012 -1.1857 0.8429 -2.1734 -4.1213 
39.1270 28.3296 -7.6985 -6.4645 3.6326 -2.3194 -5.3887 -0.9207 -1.2041 -1.3530 0.9559 -2.1755 -4.3981 
38.8876 28.7100 -6.8803 -6.5245 3.4004 -1.7666 -4.8564 -0.7951 -0.8268 -0.9269 0.9903 -2.0244 -3.9911 
38.1845 27.9296 -7.3185 -7.1280 2.3148 -2.5282 -4.7135 -0.7115 -1.5542 -1.7056 0.6605 -2.4594 -4.6600 
38.7347 28.4592 -6.9818 -6.5738 2.9602 -1.8579 -3.7127 0.2778 -1.1965 -1.5557 1.1979 -1.9277 -4.2358 
39.1124 28.5002 -7.5618 -7.1325 2.6787 -1.7138 -3.2998 0.0683 -2.0650 -1.8980 1.4506 -2.0718 -4.5702 
38.9135 27.7450 -8.4856 -7.1993 2.8083 -2.2837 -3.7023 0.3162 -2.3461 -2.8471 1.2748 -1.4722 -4.6538 
37.6422 27.3658 -7.4898 -7.0021 2.9999 -0.7881 -2.7662 -0.3142 -2.4698 -1.9476 1.5064 -1.7026 -4.2683 
35.0033 26.3801 -5.5019 -6.4108 2.1162 -0.9428 -2.7513 -0.6586 -2.7364 -2.9084 0.0991 -1.9057 -4.0472 
35.1386 26.2805 -5.6961 -6.0214 2.8521 -0.3385 -2.1679 -0.1616 -2.6003 -2.8663 0.4218 -1.4032 -3.6197 
34.7018 25.8941 -5.8967 -6.2181 3.1029 0.3569 -1.7386 -0.0110 -2.2897 -2.6232 0.4683 -1.0725 -3.0099 
34.0230 25.0531 -6.2693 -6.0671 3.3036 0.3787 -1.9051 -0.6327 -3.2182 -3.3245 -0.1472 -1.7681 -3.1378 
33.3998 24.6039 -5.9209 -5.4467 3.4850 0.1652 -1.8118 0.0663 -2.4352 -2.9474 -0.0429 -1.7075 -3.2026 
32.8239 24.1961 -5.6479 -4.9148 3.8977 0.3344 -1.8611 0.0459 -2.2434 -2.6674 0.2951 -1.2135 -2.8197 
30.7300 22.8278 -4.8436 -4.1905 3.6410 -0.2366 -2.5071 -0.4909 -2.4210 -2.8551 -0.0050 -1.2390 -2.9097 
30.0111 22.5790 -4.2193 -4.0989 2.9421 -0.6583 -2.3170 -0.1319 -1.9583 -2.4898 -0.4079 -2.1932 -3.2853 
28.9615 21.0547 -4.9192 -3.2748 3.6595 -1.2828 -2.6830 0.8345 -1.2197 -2.6641 0.1119 -0.5402 -2.1272 
26.2210 19.1217 -4.3270 -2.8335 3.5057 -0.8367 -2.0625 0.9271 -1.3415 -2.9594 -0.3658 -0.7057 -2.0448 
25.2745 18.5719 -3.4732 -1.6609 3.6735 -1.5133 -2.4303 1.2768 -0.8574 -2.8505 -0.6450 -1.1725 -2.4836 
24.1697 17.0241 -4.5621 -1.9062 3.6950 -1.6808 -2.3817 1.5210 -0.9908 -3.0563 -0.3063 -0.8696 -2.8957 
23.5983 16.8565 -3.9169 -1.3859 3.8917 -1.4476 -2.2564 1.4397 -1.0283 -3.1494 -0.4997 -0.6949 -2.5445 
22.2290 15.5706 -4.2770 -1.2601 4.8241 0.1063 -1.3817 1.3574 -1.0992 -2.9706 -0.4162 -0.4489 -1.8406 
21.4755 14.5891 -4.9356 -1.6065 4.3515 -0.5538 -1.7346 1.3814 -1.0663 -2.8303 0.0924 0.1431 -1.4451 
20.6372 13.6006 -5.4758 -1.9986 3.5404 -1.5568 -2.1703 1.5405 -0.8110 -2.6648 0.0139 -0.3611 -2.0250 
20.3399 13.2526 -5.9189 -2.7250 2.9104 -1.8657 -2.4978 1.1314 -1.0672 -2.9677 -0.5060 -0.6598 -1.8017 
20.0213 13.3703 -5.1526 -2.3373 2.6362 -2.2017 -2.6272 0.9501 -1.5063 -3.4904 -0.7654 -0.7480 -2.2112 
20.0532 12.9833 -5.4933 -1.4518 3.9638 -1.7047 -2.4480 1.5136 -0.9266 -2.8934 0.2963 0.3402 -1.7821 
20.3710 13.3703 -5.3302 -1.6878 3.3676 -2.3387 -2.8691 1.3606 -0.7681 -2.6254 0.2239 -0.0157 -1.9480 
19.6508 12.6541 -5.5740 -1.7457 3.4079 -2.1180 -2.5144 1.7078 -0.6103 -2.6363 0.3936 0.3939 -1.7020 
20.0800 13.4430 -4.8771 -1.5773 3.6857 -1.3258 -2.1986 0.9351 -1.6028 -3.1703 -0.0742 -0.2440 -2.0693 
18.6654 11.7549 -5.7040 -1.5219 3.9430 -1.3469 -2.0973 1.7556 -0.1939 -1.8898 0.6695 0.2684 -1.4294 
19.2761 12.7254 -5.0209 -1.6460 3.5158 -1.6431 -2.6004 1.1402 -0.4780 -2.0424 0.5318 0.4665 -1.3422 
19.4950 12.4906 -6.0711 -2.6944 3.1072 -1.4697 -2.1326 1.5415 -0.4974 -2.4562 -0.0063 -0.0748 -1.6372 
21.4427 13.3201 -7.5398 -3.2380 4.1918 -0.6389 -1.8929 1.8624 -0.5523 -3.2285 -0.7207 -0.1626 -1.4114 
20.1359 12.5905 -6.6829 -2.6317 3.5288 -1.5683 -2.1984 2.0006 -0.0999 -2.5837 -0.5377 -0.6242 -1.9769 
18.7899 11.9801 -5.6158 -1.7930 3.6225 -1.4125 -2.0123 1.9495 0.0249 -2.0919 -0.0450 -0.4242 -1.9600 
18.3451 11.7788 -5.2083 -1.3648 3.7352 -1.5637 -2.3333 1.5674 -0.5076 -2.9132 -0.6661 -0.2283 -1.3906 
16.6646 10.5682 -4.9856 -1.4194 3.2188 -1.6352 -2.1853 1.3573 -0.8657 -3.0051 -0.3332 0.3517 -0.9211 
17.0961 10.9970 -4.7984 -1.3998 3.0106 -1.7451 -1.9438 1.4411 -1.0351 -2.7078 0.1648 -0.0565 -1.9496 
16.3504 10.2733 -5.0401 -1.5176 3.0198 -1.3938 -1.4494 1.8373 -0.6779 -2.5715 -0.2394 -0.6547 -2.1812 
32.8847 19.3287 -13.6988 -5.9146 6.9811 -0.6222 -3.8669 0.9547 -2.0117 -4.3283 -0.2893 -0.7808 -2.3201 
34.5611 18.9301 -15.6549 -4.2930 9.0802 -1.9427 -4.8605 2.0861 -2.3940 -6.1757 -0.6994 -0.5874 -2.9705 
31.1308 14.8127 -18.4249 -6.3289 7.2729 -3.3910 -6.0531 0.8718 -3.2549 -6.4308 -1.1638 -1.8623 -4.4148 
33.2981 17.2153 -17.0920 -5.3055 8.6186 -1.5919 -4.0309 2.3744 -2.6607 -5.8214 0.4051 0.1070 -3.0159 
31.8449 17.5955 -14.5310 -4.6774 8.2742 -0.3726 -2.8164 2.5771 -2.0948 -5.4143 -0.3187 -0.4605 -2.9838 
30.7349 17.5193 -13.1975 -4.5726 7.2917 -0.9727 -3.4825 1.6658 -2.2090 -4.8898 -0.0462 -0.3770 -3.0080 
29.8062 17.9073 -11.6288 -5.1001 5.8267 -0.8193 -3.0448 1.0655 -2.5373 -4.7073 -0.2526 -0.3902 -2.4178 
31.1661 20.4765 -8.7838 -3.2503 7.3260 0.9235 -1.9720 1.5406 -1.7133 -3.9667 -0.2901 -0.7897 -2.8398 
34.4151 23.9006 -8.0239 -4.0969 7.5803 2.6415 -1.2562 0.2586 -3.3784 -5.1288 -1.5548 -1.9933 -3.1007 
35.7070 24.4679 -9.4832 -6.0555 6.2406 1.6893 -2.1460 -0.5196 -3.9750 -5.5592 -2.0241 -2.7089 -3.7737 
35.2309 24.7603 -8.6828 -6.7042 5.2123 2.0785 -1.5446 -1.0084 -4.4246 -5.1889 -1.7959 -3.1768 -4.3204 
35.3803 25.4346 -7.6948 -6.3650 5.1301 2.3606 -1.0610 -0.6928 -4.1071 -4.8148 -1.4288 -2.6070 -3.5907 
34.4265 25.1142 -6.5767 -5.3597 5.2754 2.3173 -0.8291 -0.3441 -3.8781 -4.8888 -1.6319 -2.4533 -3.2447 
34.0154 24.5254 -7.0649 -5.5475 5.3341 2.2788 -1.1903 -0.9346 -4.4255 -5.1061 -1.5553 -2.5385 -3.5745 
33.8130 24.5915 -6.3567 -4.7886 5.3990 1.9709 -0.9298 -0.0473 -3.6616 -4.7550 -1.2262 -1.9873 -3.1224 
32.7082 24.0694 -5.4685 -4.1536 5.0707 1.6149 -0.7565 0.2700 -3.3888 -4.3363 -0.7519 -1.7431 -3.1016 
32.1932 23.4721 -5.4130 -3.3446 5.6442 1.4239 -1.0030 0.3410 -3.5606 -5.1273 -1.8485 -2.4999 -3.1896 
31.4862 23.7008 -4.1919 -3.2887 5.0507 1.3928 -1.0811 0.1610 -3.2777 -4.9866 -1.9159 -2.0004 -2.8419 
31.0261 23.0170 -4.5680 -3.3312 4.3830 0.1088 -1.6079 0.6781 -2.6998 -4.8027 -2.2460 -2.9915 -3.7941 
30.0779 22.4750 -3.5805 -1.8106 4.9189 -0.4240 -2.0417 0.8938 -2.2720 -4.3877 -1.6105 -2.2783 -3.6213 
27.9100 21.0255 -3.0036 -1.7478 3.8405 -1.2910 -2.4442 0.5451 -2.3916 -4.3988 -1.8282 -2.4021 -3.6960 
27.1945 20.5237 -2.5017 -0.5852 5.0103 -0.5962 -2.2289 0.5620 -2.5175 -4.5529 -1.5006 -1.4757 -2.7133 
26.4662 19.6988 -2.9808 -0.9083 4.6839 -0.9524 -2.4499 0.8371 -1.7078 -3.7580 -1.1468 -1.4142 -2.7314 
26.6750 19.9792 -3.2580 -2.2380 3.1670 -1.5877 -2.5554 0.4142 -2.5119 -4.6468 -1.8955 -1.8551 -3.2139 
25.1969 18.5929 -2.8698 -0.2686 5.2029 -0.5668 -2.2005 0.6629 -2.3360 -4.3344 -1.1700 -0.9599 -2.3254 
24.6396 17.9422 -3.1750 -0.0775 5.8166 -0.0242 -1.9536 1.1211 -1.4312 -3.5416 -0.8902 -1.1734 -3.0563 
24.2849 17.7928 -3.0173 -0.3979 5.1536 0.0185 -1.2197 1.4696 -1.5681 -3.4367 -0.6106 -1.0286 -2.7768 
24.2344 17.7683 -2.9481 -0.2447 5.2850 -0.0022 -1.2159 1.6841 -1.5402 -3.8671 -0.8936 -0.6973 -2.1550 
22.6194 15.8780 -3.9747 -0.5249 5.4331 0.4379 -0.6430 2.0872 -1.3615 -3.6577 -0.5160 -0.2402 -1.7638 
22.8514 16.1065 -3.8548 -0.3543 5.5233 0.1219 -1.1503 2.0158 -1.0881 -3.8125 -1.1563 -0.6221 -1.7324 
22.4127 15.5578 -4.2583 -0.7179 5.0666 -0.3242 -1.4503 1.7431 -1.3695 -3.8641 -1.0120 -0.7045 -2.1956 
21.1643 14.2602 -4.8070 -0.9454 4.9270 -0.4440 -1.5545 1.9874 -0.6346 -3.0471 -0.3227 -0.0033 -1.5566 
19.9229 12.6802 -5.9417 -1.7367 4.2542 -0.6876 -1.1700 2.3004 -0.7744 -2.9278 0.2939 0.3168 -1.7919 
19.6682 12.7461 -5.4193 -1.5594 3.8303 -1.3826 -1.8483 1.9347 -0.7159 -2.7611 0.3955 0.5082 -1.5813 
19.5820 12.7377 -5.2515 -1.1747 4.4639 -0.9565 -1.9274 1.9798 -0.1985 -2.5056 -0.0125 -0.0535 -1.9962 
19.5504 12.6417 -5.4620 -1.5049 4.1305 -1.0877 -1.9329 1.7614 -0.6183 -2.7814 -0.0490 0.0763 -1.6790 
19.0001 12.2551 -5.2424 -1.2710 4.0512 -1.0713 -1.7528 1.4917 -1.3030 -3.0321 0.3010 0.4543 -1.3848 
18.4430 12.0148 -5.0737 -1.7742 2.9603 -2.1640 -2.7398 1.0690 -0.8560 -2.6014 0.0142 -0.0452 -1.6199 
18.3513 12.1878 -4.5964 -1.3650 3.6900 -0.7425 -1.4474 1.3738 -1.0946 -2.6556 -0.0107 -0.3714 -2.0892 
18.9216 12.1026 -5.5716 -1.7358 3.7457 -1.1311 -1.5460 2.2248 -0.2676 -2.5456 0.0055 -0.0579 -1.8679 
18.4750 11.8068 -5.2418 -1.1475 4.0896 -1.1602 -1.8172 1.8798 -0.4706 -2.5406 -0.0448 -0.3586 -2.2307 
18.5468 11.7665 -5.3472 -1.0034 4.4131 -0.9044 -1.8049 1.4989 -0.9839 -2.6317 0.2582 -0.0928 -1.9815 
18.1066 11.4730 -5.4355 -1.5631 3.6139 -1.1992 -1.3929 2.2763 -0.5108 -2.8974 -0.2692 -0.2360 -1.8456 
18.2576 11.5827 -5.3998 -1.5655 3.2796 -1.8025 -1.7200 2.3414 -0.3833 -2.7699 -0.0182 0.0804 -1.6015 
17.4204 11.6398 -4.2082 -1.4879 2.5173 -1.9215 -1.8545 1.4823 -0.8418 -2.3660 0.2028 -0.2707 -1.9948 
17.3474 11.4709 -4.4079 -1.3982 3.0720 -1.2753 -1.5170 1.6307 -0.7470 -2.5027 -0.1024 -0.4351 -2.0210 
17.7736 11.5801 -4.8829 -1.5199 3.5599 -0.9318 -1.6535 1.3778 -1.0951 -3.1552 -0.6438 -0.3462 -1.6626 
17.0967 10.4842 -5.8459 -1.9205 3.2056 -1.7584 -2.4885 0.9314 -1.3948 -3.3401 -0.5787 -0.3243 -1.8315 
17.3346 10.9772 -5.3813 -1.9486 2.9743 -1.5958 -1.9807 1.4537 -0.8888 -2.8333 -0.1927 -0.1338 -1.8196 
17.7089 10.9905 -6.0057 -2.3462 3.0849 -1.4282 -1.9543 1.4861 -0.8102 -2.8821 -0.6115 -0.8987 -2.6011 
17.2052 10.5707 -5.6849 -1.5314 3.5298 -1.5670 -2.0431 1.6763 -0.6991 -2.9279 -0.5261 -0.3903 -1.6069 
17.1961 10.8541 -5.3136 -1.6494 3.4249 -1.2209 -1.8705 1.4953 -0.5977 -2.5802 -0.4380 -0.3723 -1.2381 
17.4557 11.1879 -4.8496 -1.0450 3.5902 -1.6567 -2.2818 1.3241 -0.8435 -2.7355 -0.1942 -0.0947 -1.3990 
17.3819 11.1171 -5.0117 -1.5309 2.9341 -2.0308 -2.2613 1.3847 -0.9421 -2.7395 -0.0093 -0.1630 -1.9543 
16.2866 9.6864 -6.1439 -2.2570 2.5747 -2.3527 -2.8538 0.6392 -1.6777 -3.7410 -1.5084 -1.7852 -3.2420 
17.0433 10.7451 -5.1466 -1.4923 2.9170 -2.3239 -2.7824 1.0566 -0.6788 -2.1083 0.2999 -0.4359 -2.3764 
16.9062 10.5347 -5.1493 -0.8191 4.2779 -0.9204 -1.7945 1.8095 -0.1048 -2.0303 0.1505 -0.0753 -1.6948 
16.9162 10.7721 -4.8232 -1.0901 3.3673 -1.7271 -1.9845 2.0013 -0.0618 -2.3612 -0.4573 -0.8727 -2.5360 
16.2905 9.9823 -5.4880 -1.5698 3.3521 -1.4259 -2.0225 1.4218 -0.7170 -2.7033 -0.4645 -0.6581 -2.1681 
15.7052 9.6898 -5.1279 -1.4058 3.3250 -0.8413 -0.9009 2.2872 -0.2254 -2.2685 -0.1583 -0.5126 -2.0278 
15.6219 9.3520 -5.5329 -1.3778 3.3830 -1.4178 -1.6270 2.3001 0.3672 -1.7859 0.1181 -0.1617 -1.4797 
15.9741 9.8636 -5.3580 -1.8329 2.8391 -1.7257 -2.2629 1.1548 -0.6810 -2.4838 -0.4484 -0.5909 -1.7438 
15.1891 9.5647 -4.6436 -1.0603 3.7063 -0.6651 -1.6141 1.4739 -0.2965 -2.2792 -0.1801 0.2411 -1.1245 
13.9479 7.9061 -5.9504 -2.0629 2.6677 -1.5037 -1.8691 1.3761 -0.5532 -2.3026 -0.0961 -0.0964 -1.4894 
14.2886 8.7256 -4.6260 -0.6555 3.8913 -0.5504 -1.3486 1.5588 -0.2929 -1.8316 0.2686 -0.0119 -1.4041 
15.0445 9.2239 -4.9759 -1.1868 3.4568 -0.9808 -1.6336 1.4268 -0.5084 -2.1009 0.0442 -0.4380 -2.1729 
15.2985 9.5882 -4.6463 -1.0252 3.2532 -1.5526 -2.1119 1.3472 -0.7901 -3.0648 -0.7257 -0.0984 -1.3023 
14.7915 9.2306 -4.6404 -1.2287 3.0138 -1.3370 -1.6609 1.8453 0.1451 -1.8901 -0.1856 -0.1687 -1.2206 
14.4670 8.6896 -5.1099 -1.2734 3.2764 -1.2075 -1.8801 1.3625 -0.3095 -2.0788 -0.3158 -0.4942 -1.4131 
15.0146 9.0708 -5.0862 -0.7709 4.4038 -0.0255 -1.0062 1.7913 -0.3582 -2.2491 -0.2210 -0.3432 -1.6084 
14.8579 8.9529 -5.3338 -1.6011 3.2181 -1.0451 -1.7379 1.2744 -0.7663 -2.6840 -0.5095 -0.1808 -1.1803 
14.5272 9.0451 -4.5246 -1.0018 3.3377 -0.7805 -1.1563 1.7261 -0.5271 -2.2838 0.1670 0.3646 -1.3656 
14.8565 9.0897 -5.0175 -1.5360 2.9043 -0.8808 -0.6957 2.1731 -0.4838 -2.1587 0.2554 -0.2496 -2.0786 
15.0425 9.4643 -4.5151 -0.9208 3.4584 -1.2874 -2.3058 0.7603 -1.0178 -2.7821 -0.5081 -0.2243 -1.6578 
15.1555 9.3100 -5.0268 -1.3872 3.0983 -1.3169 -1.6976 1.4127 -1.0253 -3.0843 -0.6952 -0.5454 -1.9389 
