nan nan nan nan nan nan nan nan nan nan nan nan nan 
nan nan nan nan nan nan nan nan nan nan nan nan nan 
nan nan nan nan nan nan nan nan nan nan nan nan nan 
nan nan nan nan nan nan nan nan nan nan nan nan nan 
nan nan nan nan nan nan nan nan nan nan nan nan nan 
20.9406 -3.2924 1.3535 -0.0819 -0.3807 1.2041 -1.6874 -0.2115 -0.9300 -0.3556 -0.4457 -0.1062 0.5031 
22.4610 -1.6806 -0.2513 -0.4179 -1.7366 1.0056 -1.5305 -1.2394 -0.0226 -0.7137 -0.2673 -0.0875 -0.1511 
22.1293 -0.8448 1.1383 -0.2571 -0.3876 0.5809 -1.1397 -1.0094 -0.5038 0.2240 0.1740 -0.1129 -0.3040 
20.9232 -0.9856 1.4849 -0.6058 -1.1631 -0.2813 -1.7215 -2.1241 -0.7072 -0.1907 -0.5702 -0.4611 -0.4601 
21.8851 0.1227 1.8556 -1.3759 -2.6018 -0.3558 -0.5201 -0.8406 -0.4322 -1.0001 -0.7216 0.3222 -0.4897 
21.0886 -0.7356 -0.5517 -1.0072 -2.1909 -0.3479 -0.0446 -0.9692 -0.1026 -0.5654 -0.4895 -0.2633 -0.5000 
22.9505 0.5369 1.0600 -0.6311 -0.6670 -0.8475 -0.5502 -0.4166 -0.3023 0.1592 -0.8080 -0.1317 -0.0357 
24.9022 -1.4448 1.3110 -1.0835 -1.3232 -0.6024 -0.9753 -0.9849 0.0767 -0.4928 -0.5256 -0.0134 -0.6586 
22.6834 -0.1812 1.4459 -0.5396 -1.8095 -2.0111 -1.3244 -0.3748 -0.5589 -0.7536 -0.7951 -0.1613 -0.3903 
23.0684 1.4886 1.0797 -0.1466 -0.8465 -0.7356 -0.7634 -0.9255 -0.3414 -0.2433 -0.4631 -0.0796 -0.1561 
23.1892 0.7075 -0.2291 -1.3273 -1.8102 -0.5589 -0.4647 0.0111 0.5004 0.3603 0.0218 -0.4854 -0.0662 
23.6644 0.2779 1.0300 -1.6436 -1.4657 -1.1840 -1.3188 -0.3243 -0.0711 -0.2529 -0.1758 0.1438 -0.2401 
24.2147 0.7768 -0.0815 -0.5080 -0.6338 -1.1066 -1.1743 -0.0066 -0.5077 -0.0562 0.1836 -0.0208 -0.0619 
23.5002 0.5221 0.4595 -0.7822 -0.7456 -0.7983 -0.8965 0.2271 0.2273 0.3723 0.0724 -0.3077 -0.4982 
23.3976 0.4021 0.4909 -1.4861 -1.4020 -0.4147 -0.8773 -0.5644 -0.9042 -0.5631 -0.3508 -0.0992 -0.4843 
22.0176 -0.1018 0.4815 -0.1086 -0.9012 -0.2751 -0.8049 -0.6395 -0.6567 0.0601 -0.2737 0.1191 0.0266 
23.5006 1.0446 -0.1808 -0.8072 -1.3284 -1.0929 -0.4684 0.0033 0.5436 -0.4262 0.0003 0.2214 -0.4995 
22.0605 -0.5905 -1.0326 -1.5487 -0.6309 -1.2090 -0.9960 -0.8041 -0.4772 -0.4174 -0.7423 0.3181 -0.3759 
21.5735 -0.6609 -0.8415 -0.6633 -0.0615 -1.0728 -0.4216 -0.3960 -0.3478 -0.5686 -0.1134 0.0777 -0.4137 
24.3352 -1.7966 -0.2067 0.5615 -1.7487 -0.5606 -0.7016 -1.0917 -0.4826 0.0229 0.1787 -0.3972 -0.8085 
23.7364 -1.6077 -0.0542 0.2088 -1.3308 -0.6337 -0.8037 -1.0554 -0.7865 -0.3767 -0.2981 -0.2871 0.0639 
23.0419 -0.7140 0.0644 -1.9623 -1.3343 -1.0255 -0.9263 -0.5017 -0.0672 -0.0404 -0.2169 -0.1196 -0.3271 
22.8107 -0.3467 1.0029 0.0451 -0.8637 -1.4035 -1.1788 -0.3005 0.0745 -0.5119 -0.1392 -0.1688 -0.2242 
23.7406 -1.5092 1.1631 -0.9972 -1.6344 -0.0837 -1.6334 0.3679 -0.4422 -0.9686 0.3360 0.1033 0.1362 
24.3209 -1.9396 1.1948 -1.2114 -2.1467 0.6195 -1.7927 0.5265 0.5137 -0.9199 -0.4279 -0.4827 -0.3516 
34.9282 -1.7878 -2.3790 -2.3877 -1.3130 0.4587 -1.7620 -1.1162 -0.2083 0.0534 0.4230 -0.1923 0.0901 
35.5524 -3.1229 -2.5402 -1.4559 0.0230 -0.2054 -2.1733 -0.4647 -0.1138 0.3039 0.5177 -0.0152 0.4758 
35.7387 -3.8004 -1.9509 -1.1680 0.0060 -0.4902 -2.2199 0.0464 0.1638 -0.2154 0.8143 0.6534 0.4962 
34.9158 -3.9398 -2.6466 -1.9048 -0.8279 -0.5472 -2.8697 -0.6549 -0.0731 -0.1918 0.5748 0.5863 0.5506 
34.3298 -2.2152 -2.7040 -2.1394 -1.2853 -0.1614 -2.1993 -1.4871 -0.0488 0.0339 0.2907 0.0689 -0.0275 
30.2608 -0.6109 -1.0497 -0.9185 -2.4520 -0.9805 -1.7868 -1.1317 0.0839 -0.3251 0.1673 0.4812 -0.0077 
31.1162 -2.2762 -0.0291 -1.5601 -1.0464 -0.5986 -2.3400 -1.0614 -0.3773 -0.4919 -0.4565 0.2520 -0.1745 
27.7080 -1.1169 -1.3183 -1.7302 -2.1433 -2.5418 -2.1717 -0.3505 0.1089 -0.6089 -0.0890 0.5997 0.2480 
31.6879 -1.3835 -0.6676 -2.4260 -2.1425 -0.2723 -1.7990 -0.4842 -0.3434 0.1665 0.6775 0.4021 0.6890 
32.9776 -2.1244 -1.4633 -3.6353 -1.0728 -1.1600 -2.5088 -0.7694 -0.9142 0.3108 -0.2224 0.1224 0.4603 
33.0077 -1.3857 -0.8764 -3.0197 -1.2755 -0.6624 -2.1066 -0.1615 -0.2533 0.8339 0.1769 0.6608 0.8410 
30.8249 -0.3045 -0.1429 -2.3613 -2.1618 -1.7526 -1.3970 -0.3263 -0.3597 0.4025 0.3482 0.4971 0.3669 
29.3230 1.4757 -0.1868 -1.8706 -1.9283 -1.5870 -1.1041 -0.7543 0.8880 0.0554 0.6327 0.3983 -0.1230 
28.1394 0.7714 -0.1819 -2.7841 -2.1931 -1.0358 -1.0356 -0.5359 0.7704 0.8186 0.6904 0.2509 -0.2886 
27.5814 1.2001 0.0578 -1.5198 -0.9881 -1.5671 -1.7695 -0.3947 -0.0872 -0.0846 0.3033 0.2019 -0.3847 
24.8673 0.5927 -0.4268 -1.0669 -1.0091 -0.1972 -0.7138 0.0242 -0.0060 0.0347 0.0676 0.0803 -0.5604 
24.6410 -0.1981 -1.1161 -1.0571 -1.5182 -0.9782 -0.7021 -0.5536 0.0460 0.6300 0.2409 0.0851 -0.1793 
25.2326 1.4161 -0.2854 -1.0052 -0.8117 -0.8617 -0.1983 -0.3046 0.1624 -0.1171 -0.3199 -0.3963 -0.1855 
25.7610 -1.1556 -1.2933 -0.1844 -1.2148 -0.0536 -0.3195 -1.1028 0.0385 0.0350 0.1666 0.2471 -0.5650 
24.6526 -2.8281 0.1782 -0.3734 -0.4957 -1.5526 -0.3039 -0.3338 0.2673 0.5904 -0.7504 0.1906 -0.5291 
23.0593 -0.6013 0.4409 -1.6158 -1.5320 -0.7803 -0.7800 -1.0908 0.1994 0.5735 -0.3559 0.2053 -0.3161 
23.0631 -0.8754 0.2227 -0.4439 -0.7202 -0.3286 -1.7329 -0.3180 0.1715 0.2587 0.5269 0.4028 0.2568 
23.7363 -0.3726 -0.0402 -0.2473 -1.8136 0.0177 -1.6354 0.5337 0.3462 -0.8986 0.8490 -0.6828 0.3852 
24.2647 -0.7673 1.0177 -0.0960 -1.4154 0.3939 -1.3289 0.3913 0.0857 -0.8269 0.5537 -0.2738 -0.1598 
22.5940 -0.6029 0.1469 -0.0513 -0.4705 -0.6805 -1.5091 -0.7968 0.9524 -0.5489 -0.5262 -0.2194 -0.3619 
21.9347 0.2773 1.2670 0.5707 -0.1977 -0.9219 -1.3528 -0.8388 0.0100 -0.4822 -0.0440 -0.6119 0.0416 
21.5204 -0.9100 -0.3229 -0.1621 -0.5449 -0.6426 -0.5005 -0.4877 -0.3303 -0.0028 -0.0592 -0.1318 -0.1204 
21.5840 -0.4612 0.0154 0.1028 -0.4046 -0.8276 -0.9784 -0.8522 -0.3514 -0.1768 -0.0164 -0.1847 -0.5879 
21.6754 -0.1088 1.1864 -0.1154 -0.7798 -1.0498 -1.4544 -1.1101 -0.4341 -0.5564 -0.4101 0.1528 -0.3111 
23.2006 -1.8315 1.5286 0.3500 -0.6422 -0.0669 -0.5145 -1.3417 -0.4765 -0.5390 0.4064 0.3438 -0.1816 
22.3540 -2.4930 0.2128 0.1065 -1.4733 -0.5288 -0.2533 -0.7431 0.2690 -0.6231 -0.2320 0.1972 -0.1421 
22.1807 -0.3005 0.6140 -0.3517 -0.8907 -0.6361 -0.5924 -0.9774 0.5054 0.0981 0.0256 0.0860 -0.0888 
20.7741 -0.7555 0.1398 0.5222 -0.3343 -1.9479 -1.8091 -0.0579 0.4401 -0.6001 0.1489 -0.0439 0.3606 
21.6407 -0.1773 -0.2984 -0.5012 -1.0733 -0.5980 -0.5000 -0.3340 0.0498 0.4412 -0.3825 0.0304 -0.1119 
21.5051 -0.0324 0.3387 -0.1098 -0.7034 -0.5188 -0.0154 -0.6055 -0.2506 0.0991 -0.2796 0.0393 -0.1954 
21.6213 0.4282 -0.2922 -0.1233 -0.8324 -0.4928 -0.6653 -0.7549 -0.2487 -0.7087 0.0667 -0.2369 -0.0143 
20.8972 -0.0418 0.3617 -0.0728 -1.1133 -1.7941 -0.7429 -0.3784 -0.4238 -0.0918 -0.0564 -0.1247 -0.2511 
21.6767 0.1500 -0.1213 0.0307 -0.7484 -1.1727 -1.2360 -0.7233 -0.1687 -0.1426 0.2455 -0.2346 -0.0642 
21.1456 -0.3783 -0.0622 0.5344 -0.0392 -0.9055 -0.9141 -0.4096 0.2322 0.4452 -0.3152 -0.2926 0.3825 
21.0909 0.1055 0.2182 -0.9571 -0.7322 -0.8238 -0.5807 -1.3019 -0.0420 0.0991 -0.3422 0.0422 -0.2519 
21.5045 -0.0224 0.8538 -0.4240 -1.1749 -0.8662 -1.3111 -1.0056 -0.5258 -0.4573 0.0699 -0.2471 0.0938 
22.2951 -1.6228 -0.3450 1.1055 -1.4913 -0.5963 -0.0535 -0.8296 0.0284 -0.7841 -0.1339 -0.5388 0.0335 
23.9836 -3.1346 1.4113 0.1318 -0.2453 -1.6671 0.0126 -0.8980 -0.3713 0.2427 -0.8308 0.3941 -0.4577 
23.2574 -0.1949 1.0514 -0.3024 0.5834 -0.9320 -0.3661 -0.7110 -0.5080 -0.2215 -0.4639 0.0842 -0.2741 
22.0049 -0.4090 0.7182 -0.3159 -0.9904 -0.4294 -0.9165 -0.7772 -0.6461 0.0705 -0.3130 -0.2966 -0.4035 
22.4060 -1.1211 0.2110 -0.2964 -1.5206 0.0038 -1.5892 -0.0794 -0.6281 -0.7384 -0.0877 -0.7365 0.1540 
22.9911 -2.0055 0.9291 -0.0722 -1.8786 0.4057 -1.7565 0.2749 -0.2191 -0.4337 0.4548 -0.1529 0.3863 
24.3050 -2.3505 0.2265 -0.5647 -0.9711 -0.3928 -1.1943 -1.5822 0.3970 -0.5212 -0.1794 -0.0306 -0.3525 
22.7598 -0.9665 0.5504 -0.2600 -1.1461 -0.5327 -0.2859 -1.0374 -0.4927 -0.7477 -0.5461 0.1645 -0.2132 
21.8935 -1.7909 -2.1472 -2.0657 -1.9287 -1.1174 -1.2840 -0.3211 -0.4503 -0.7287 -0.5384 -0.4760 -0.2313 
20.9407 -1.4156 -1.1869 -1.9467 -1.2003 -1.4780 -0.7947 -0.5353 -0.1779 0.3005 -0.1507 0.4754 0.5185 
21.8139 -0.3601 0.1823 -0.3637 -0.9116 -1.3933 -1.5997 -0.4213 -0.5050 -0.7307 -0.0176 -0.3788 -0.3262 
21.9910 -0.3242 0.5198 0.0308 -0.0331 -0.5980 -0.8942 -0.7614 0.3167 0.3740 -0.7070 -0.3452 -0.3195 
26.7011 -3.8192 2.0081 0.4018 -0.5997 -0.1224 -0.9885 -0.3929 -0.0883 0.2978 -0.1261 0.1388 -0.3806 
17.9807 -6.2272 1.9607 0.2073 -0.4776 0.0032 -0.7452 -0.2697 -0.0510 0.2897 -0.0090 0.0838 -0.3240 
9.3105 -8.7232 1.8560 0.0255 -0.3858 0.0998 -0.5467 -0.2049 -0.0015 0.2500 0.0739 0.0655 -0.2707 
0.6537 -11.2907 1.7058 -0.1672 -0.3201 0.1710 -0.3761 -0.1765 0.0511 0.1989 0.1391 0.0660 -0.2168 
-8.0101 -13.9324 1.4998 -0.3938 -0.2852 0.2124 -0.2315 -0.1727 0.1049 0.1449 0.1962 0.0778 -0.1578 
-16.6923 -16.6561 1.2242 -0.6720 -0.2912 0.2186 -0.1125 -0.1875 0.1630 0.0951 0.2539 0.1038 -0.0869 
-25.3980 -19.4674 0.8661 -1.0172 -0.3493 0.1828 -0.0208 -0.2172 0.2302 0.0596 0.3252 0.1565 0.0101 
-34.0936 -22.3205 0.4596 -1.4039 -0.4385 0.1212 0.0578 -0.2491 0.3151 0.0488 0.4217 0.2469 0.1468 
-42.4330 -24.7432 0.4268 -1.4777 -0.2854 0.2179 0.2196 -0.2692 0.3579 -0.0489 0.3983 0.2162 0.1739 
-50.3129 -26.5955 0.8925 -1.1284 0.2057 0.5531 0.5319 -0.2254 0.3914 -0.2134 0.2610 0.0600 0.0842 
-57.9842 -28.2488 1.4480 -0.7987 0.5792 0.6965 0.6401 -0.3591 0.3057 -0.4193 0.1419 -0.0234 0.0989 
-64.5352 -28.5439 2.9022 -0.1495 0.7132 0.1990 -0.0225 -1.1619 -0.2138 -0.8154 -0.0558 -0.2052 -0.0889 
-70.1337 -27.9543 4.2909 -0.4098 -0.2772 -0.8765 -0.2514 -0.6536 0.8892 0.1384 0.5265 -0.0228 0.0213 
nan nan nan nan nan nan nan nan nan nan nan nan nan 
-74.0126 -19.4870 8.8646 -1.5698 -1.1551 0.0984 1.5520 -0.1076 0.9869 0.2512 0.7619 0.0529 0.3236 
-75.8033 -16.0926 9.6938 -1.8755 -0.0577 0.5773 0.5575 -1.4570 0.6258 0.1979 0.5243 -0.0138 0.7241 
-76.3619 -12.5381 8.8811 -3.5073 0.1959 0.6110 0.8224 -0.6056 1.0596 -0.1411 0.6102 0.3346 0.4030 
-75.3524 -8.7958 6.8332 -4.2760 2.0722 0.5258 0.1737 -0.5032 0.9912 -0.4392 0.4348 -0.2225 -0.0716 
-77.1005 -7.8609 4.9606 -4.1361 2.1641 -1.4469 -0.5617 -1.3371 -0.6214 -1.3413 -0.3571 -1.2927 -0.5763 
-76.4361 -5.6751 3.0040 -4.1435 1.6364 -1.9943 0.7562 -0.7742 -0.1663 -1.0770 -0.3920 -0.8919 -0.5355 
-75.4308 -2.9408 2.2135 -3.0014 1.5116 -2.4797 1.1404 -1.5585 -0.1076 -0.5539 -0.0493 -0.3414 -0.2316 
-inf -inf -inf -inf -inf -inf -inf -inf -inf nan nan nan nan 
-72.2464 -0.3815 0.8281 -0.8906 1.1813 -0.3051 0.7139 -0.6439 0.5103 -1.0199 0.0553 -0.3846 0.2224 
-72.4152 -1.5946 0.0080 -0.9824 -1.1339 -1.2288 -0.4058 -0.3507 0.2481 -1.1788 0.7143 -0.0289 -0.1781 
-inf -inf -inf -inf -inf -inf -inf -inf -inf nan nan nan nan 
-66.3728 -0.5186 -0.1651 -0.8192 -0.8917 -0.0762 0.3344 -0.6258 -0.9894 -0.2610 -0.2579 -0.5050 -0.2833 
-64.4799 -0.8949 -0.5921 0.0178 0.0313 -0.4613 -0.4493 0.0367 0.2442 -0.4815 -0.4069 -0.6914 -0.4660 
-63.4668 -0.5889 -0.0728 0.6822 1.5569 0.2656 -0.6348 -0.5523 -0.2630 0.4939 0.7393 0.6008 0.5432 
-59.6105 0.0132 0.0957 -0.8065 -0.0793 -0.1827 -0.3415 0.6133 0.0550 0.9186 0.7263 0.1582 0.6579 
-56.9299 -0.3448 0.0192 -0.1558 0.1224 1.0921 0.3591 0.3733 0.2967 0.2290 0.1262 -0.5721 -0.3598 
-inf -inf -inf -inf -inf -inf -inf -inf -inf nan nan nan nan 
-53.4737 -1.2366 -1.5367 -1.3849 -0.4627 -0.4584 0.1734 -0.3575 -0.5656 -0.1230 0.0076 0.2469 -0.1560 
-51.9657 -1.8746 -1.1130 -1.0727 -0.7494 -0.6149 0.1004 -0.1489 -0.3065 0.1320 0.6416 0.8181 0.5054 
-48.6024 -0.7561 -1.0075 -0.9609 -0.2524 -0.8604 -0.6431 -0.6025 -0.4509 -0.4395 0.5498 0.0767 0.2959 
-inf -inf -inf -inf -inf -inf -inf -inf -inf nan nan nan nan 
-43.8697 0.1119 -0.2303 0.2512 0.7642 1.0628 0.4942 0.3806 -0.1001 -0.2676 -0.4881 -0.5670 -0.4559 
-41.8179 -0.3402 -0.5829 -0.3793 -0.5672 -0.1441 -0.6234 -0.1549 0.2525 -0.4354 -0.6098 -0.7104 -0.4909 
-39.9074 -0.2190 0.0057 0.7235 -0.0559 0.3758 0.5958 0.6286 0.2265 0.6308 0.6387 0.1467 -0.0193 
-36.5123 0.0921 0.3697 0.5561 0.1868 0.5584 0.2753 0.6032 0.3680 0.4287 -0.3416 -0.3473 -0.2692 
-34.1238 0.2549 -0.0992 -0.3185 0.2354 0.2803 0.3484 0.1279 -0.2442 -0.0144 0.1803 0.2412 -0.0937 
-32.9440 -0.0136 0.1105 0.1928 0.1575 0.4406 0.3929 -0.2998 0.3014 0.2602 0.3124 0.5629 -0.0960 
-30.2034 -1.0360 -0.8037 -0.9128 -0.8665 -0.5184 -0.8020 -0.7604 -0.5513 -0.4650 -0.5250 0.0153 0.3217 
-inf -inf -inf -inf -inf -inf -inf -inf -inf nan nan nan nan 
-26.2657 -0.4824 0.4982 0.1221 0.6958 0.5934 0.3479 0.7345 -0.1307 0.0471 0.7274 0.7989 0.2540 
-23.7713 -0.9433 -0.4223 -0.5406 -0.4119 -0.3703 -0.6615 -0.5348 -0.8403 -0.5844 -0.2931 -0.2772 -0.0105 
-20.6571 0.5073 0.2654 0.0483 -0.0338 0.4482 0.3201 0.2885 0.2399 0.5566 0.3576 0.2734 0.3820 
-19.6730 -0.3645 -0.4636 -0.4926 0.8129 1.6442 0.4869 0.5832 0.4359 1.0226 1.1815 1.1635 0.7353 
-16.6964 0.2057 0.5288 -0.5792 0.2758 1.8078 0.2447 -0.2975 0.3096 0.4621 -0.3268 0.1095 0.0116 
-14.1309 0.6413 0.0765 0.2860 0.8266 0.3812 -0.0126 0.5869 -0.3359 -0.2268 0.1809 -0.1898 -0.0998 
-11.0498 0.3473 0.8696 -0.0109 0.3298 1.4068 0.7299 0.4562 0.5629 0.0684 -0.1240 0.2073 -0.1739 
-9.1749 0.2612 0.6080 -0.0666 -0.2095 0.4277 0.5049 0.7538 0.2163 0.3616 0.4299 0.1875 -0.0672 
-6.9076 -0.1739 -0.0072 0.2864 -0.0074 -0.4998 -0.5316 -0.3735 -0.1672 -0.2112 0.2161 0.4314 -0.2496 
-inf -inf -inf -inf -inf -inf -inf -inf -inf nan nan nan nan 
-inf -inf -inf -inf -inf -inf -inf -inf -inf nan nan nan nan 
-inf -inf -inf -inf -inf -inf -inf -inf -inf nan nan nan nan 
4.7871 0.8864 0.4207 0.1681 0.0509 0.1968 0.5522 0.1498 -0.2370 0.5417 -0.1090 0.0623 0.2073 
-inf -inf -inf -inf -inf -inf -inf -inf -inf nan nan nan nan 
nan nan nan nan nan nan nan nan nan nan nan nan nan 
11.2791 -0.1546 -0.2340 -1.0413 -0.3341 0.2686 -0.0675 -0.1606 -0.6107 -0.4324 -0.2145 -0.2350 0.7534 
nan nan nan nan nan nan nan nan nan nan nan nan nan 
-inf -inf -inf -inf -inf -inf -inf -inf -inf nan nan nan nan 
20.1307 0.2249 0.6103 0.4629 0.1274 0.7794 0.3134 -0.2348 -0.1081 -0.0066 -0.3857 -0.1566 -0.3705 
22.1877 0.2439 -0.2715 -0.6378 -0.7647 -0.2123 -0.4615 -0.2547 -0.2656 -0.3412 0.3874 0.4825 0.0886 
nan nan nan nan nan nan nan nan nan nan nan nan nan 
28.2403 0.4293 -1.0543 0.3184 -0.4339 -0.4928 -0.1115 -0.6429 -0.1898 -0.3311 -0.2446 -0.2270 0.0265 
nan nan nan nan nan nan nan nan nan nan nan nan nan 
-inf -inf -inf -inf -inf -inf -inf -inf -inf nan nan nan nan 
35.0462 0.6874 1.3349 0.9067 -0.3281 -0.1716 -0.4497 0.4507 0.2557 0.2740 0.0357 -0.2825 -0.2993 
nan nan nan nan nan nan nan nan nan nan nan nan nan 
-inf -inf -inf -inf -inf -inf -inf -inf -inf nan nan nan nan 
nan nan nan nan nan nan nan nan nan nan nan nan nan 
45.3647 -0.2444 0.7937 0.3912 -0.4922 0.3345 0.9280 0.3323 0.1977 0.1576 -0.2729 -0.4242 -0.3802 
nan nan nan nan nan nan nan nan nan nan nan nan nan 
51.4934 0.0453 0.4702 0.4908 -0.6133 -0.0940 0.7865 -0.0621 -0.2054 -0.2692 0.3679 0.7419 -0.0232 
53.1736 -0.2214 0.0090 -1.0209 -0.8286 -0.1945 -0.3062 0.0530 0.0397 -0.1505 0.1047 0.2816 -0.0784 
-inf -inf -inf -inf -inf -inf -inf -inf -inf nan nan nan nan 
-inf -inf -inf -inf -inf -inf -inf -inf -inf nan nan nan nan 
-inf -inf -inf -inf -inf -inf -inf -inf -inf nan nan nan nan 
64.4379 0.0122 -0.1082 0.0654 -0.3224 -0.4341 -0.6175 -0.4496 -0.4756 0.0930 -0.3997 -0.3803 -0.3310 
66.4111 0.1613 -0.5395 -0.5523 -0.8650 -0.3461 -0.4966 -0.7099 -0.0454 -0.5337 -0.4724 -0.2697 -0.2865 
-inf -inf -inf -inf -inf -inf -inf -inf -inf nan nan nan nan 
72.4654 0.6683 0.4780 0.6996 -0.1122 -0.0351 -0.3666 -0.3218 0.0465 0.7312 0.0280 -0.1262 -0.0814 
-inf -inf -inf -inf -inf -inf -inf -inf -inf nan nan nan nan 
-inf -inf -inf -inf -inf -inf -inf -inf -inf nan nan nan nan 
