nan nan nan nan nan nan nan nan nan nan nan nan nan 
nan nan nan nan nan nan nan nan nan nan nan nan nan 
nan nan nan nan nan nan nan nan nan nan nan nan nan 
nan nan nan nan nan nan nan nan nan nan nan nan nan 
nan nan nan nan nan nan nan nan nan nan nan nan nan 
20.9149 -0.7037 -0.6960 1.7001 -1.7027 -1.3535 -0.9005 -0.4190 0.1991 -0.1096 -0.0042 -0.3158 -0.3280 
13.5176 0.0088 2.8782 -1.8189 -1.7798 -0.1336 -0.5530 -0.2491 -0.2688 -0.1805 -0.0387 0.4792 -0.0698 
12.2771 -0.4256 1.6180 0.3402 -1.0171 -0.1963 0.5024 0.8725 -0.4687 -0.3207 -0.3267 0.3587 0.1461 
12.2032 -0.9725 0.9237 -0.8525 -1.2434 -0.5658 -1.1342 -1.3342 -0.2948 -0.4122 -0.2857 -0.1989 0.5950 
15.2114 -0.9065 1.2070 -1.0970 -0.5635 0.3001 -0.7939 0.0267 -0.4445 -0.0090 0.0250 -0.3365 0.2843 
15.6465 2.8164 2.2248 -0.9043 -1.5473 0.7386 -0.4752 -0.7371 -0.9321 0.1211 -0.3525 -0.4026 0.5193 
16.2577 0.5709 1.3965 -1.5867 -1.1808 -0.2355 -0.3075 -0.0239 -0.6354 -0.7216 -0.4263 -0.2233 0.3579 
14.2560 0.2699 0.8508 -1.6311 -0.9902 -0.6173 -0.9083 -0.7241 -1.1335 -0.9739 -0.4421 -0.1982 0.0277 
14.4704 0.7328 0.2354 -1.0377 -0.5044 -0.8149 -0.7811 -1.6693 -0.6193 -0.0545 0.3493 -0.2361 -0.1408 
13.8074 -0.2409 1.3778 -1.2130 -1.5421 -0.1499 -0.7990 -0.2830 0.2377 -0.4377 -0.3284 0.2720 -0.4364 
14.6009 -1.8886 0.1808 -2.0296 -0.7435 -0.1506 -1.2226 -1.4760 -0.5309 -0.4630 -0.0194 -0.0822 -0.4700 
13.2301 -0.0232 1.0042 -0.5380 -0.9831 -0.3267 -1.3512 0.6994 0.6497 -0.0817 -0.5012 0.0343 0.1126 
16.1957 -0.3142 0.2029 -0.2674 -0.4777 -0.4531 -0.8245 -0.8974 -0.3684 -0.1936 -0.5224 -0.1299 0.4741 
15.2469 -0.1038 0.8615 -0.2053 -1.0070 0.1265 -0.7480 0.0083 0.4054 0.0729 -0.1716 0.2342 0.3208 
16.7429 -0.4369 0.3636 -0.5849 -0.2738 0.5107 -0.4073 0.2999 -0.3570 -0.0740 0.1363 0.0500 0.3889 
16.8603 -1.0995 0.6015 -0.2738 -0.7894 -0.3919 -0.9786 -0.8874 -0.5507 -0.0035 -0.7624 0.1289 0.2954 
18.6750 0.6918 -0.9914 -1.2043 -0.2582 0.6597 0.1480 0.0255 -0.8124 -0.9904 -0.5231 0.4862 0.4280 
31.6810 -0.6033 -4.6575 -0.3594 -2.7149 -0.6366 0.9111 0.9885 1.2396 -0.0682 -0.9316 -0.1480 -0.3864 
32.8131 -2.8799 -2.8372 -0.5300 -4.0618 0.0341 0.3246 1.1194 1.0964 1.4334 -1.8037 -0.5999 0.5091 
33.1479 -4.0033 -2.1985 -1.6115 -2.7794 -0.5709 -1.9983 0.4293 0.8984 0.5283 -0.6590 -1.4456 0.5933 
33.0121 -4.2528 -2.3745 -1.6057 -3.2482 -0.5282 -1.6810 0.2500 1.0584 0.6217 0.0833 -1.2462 0.9362 
32.0533 -3.3534 -2.8144 -1.6407 -2.6222 -0.8690 -1.0416 1.2131 1.4666 1.7596 0.8295 -0.4448 1.7528 
29.9726 -0.6113 -3.0569 -0.9364 -3.2778 -0.8513 -0.7776 -0.0039 1.0201 1.1743 -0.0985 -0.6969 0.8010 
28.6857 -0.3206 -3.1624 -1.7050 -3.6988 -1.3036 -1.2324 0.6862 1.0261 0.7466 0.1725 -0.6659 0.9558 
27.2330 -0.1211 -2.6861 -1.3621 -3.1893 -2.0118 -0.0139 1.5931 1.5621 0.4155 0.3915 -0.1266 1.7978 
28.3800 -1.9449 -4.4356 -1.2360 -2.1378 -0.7430 0.0260 0.3942 1.5903 1.3327 -1.2589 -0.9462 1.0091 
30.3099 -1.4776 -3.5021 -1.2689 -2.6888 -0.8125 -1.0844 -0.2678 1.5599 0.9913 -1.2781 -1.1376 1.1604 
29.5204 -0.7062 -3.5406 -1.8506 -2.5670 -1.6087 -0.9313 0.0822 1.7439 1.2797 -1.2274 -0.4388 1.8490 
29.1919 -0.2443 -2.8928 -1.4319 -2.0862 -0.9879 -0.4598 0.7190 2.3350 1.0437 -1.2580 -0.4618 1.8677 
26.9577 1.0391 -3.5500 -2.5150 -1.7013 -0.2754 -0.5473 -0.2303 2.1027 1.1109 -0.9405 -0.3730 1.1826 
24.4607 0.7456 -3.1853 -2.9193 -3.1626 -1.3232 -0.6511 1.8344 2.1395 0.2463 -0.2208 0.0561 1.7210 
24.1695 2.2380 -2.5716 -2.7204 -2.6530 -0.3187 -0.6797 1.3901 1.5210 0.4607 -0.9516 -0.2825 0.7821 
21.2425 1.0790 -0.9148 -1.0983 -0.7027 -0.1850 0.1291 -0.1387 0.1348 0.2933 -0.0640 0.0855 -0.1832 
6.5522 0.0802 -0.9540 -1.9212 -1.6683 -0.8491 -0.2603 0.4195 0.5225 -0.0744 -0.1448 0.1427 0.5182 
-5.3578 -0.1238 -0.3997 -1.6676 -2.1167 -0.9608 -1.0967 0.5703 0.7486 -0.8415 -0.8895 -0.1831 0.9230 
-15.3920 -0.7885 -0.3965 -1.4389 -1.9250 -0.3242 -1.0490 0.3759 0.5032 -0.7878 -0.3962 -0.1693 0.5318 
-25.4192 -1.8949 -0.1221 -1.2516 -1.7427 -0.0906 -0.9188 0.2677 0.4836 -0.7748 -0.1732 -0.1708 0.4198 
-35.4288 -3.1919 0.1656 -1.1640 -1.5751 0.0391 -0.8003 0.1299 0.4830 -0.7206 -0.0807 -0.1743 0.3465 
-45.4349 -4.6046 0.4021 -1.1465 -1.4417 0.1074 -0.7035 -0.0443 0.4641 -0.6487 -0.0616 -0.2009 0.2784 
-55.4533 -6.1086 0.5611 -1.1905 -1.3617 0.1109 -0.6281 -0.2610 0.4101 -0.5961 -0.0821 -0.2678 0.2031 
-65.3558 -7.5245 0.8059 -1.1394 -1.1939 0.1725 -0.4530 -0.4002 0.4042 -0.4903 -0.0412 -0.2879 0.1820 
-74.9145 -8.5531 1.3954 -0.7727 -0.7626 0.4193 -0.0700 -0.3660 0.4900 -0.3039 0.1253 -0.1582 0.3460 
-84.2175 -9.3377 2.1523 -0.3011 -0.3018 0.5904 0.2344 -0.4642 0.3075 -0.4485 0.0146 -0.1710 0.5365 
-93.0517 -9.6948 2.9782 -0.0553 -0.1491 0.4336 0.2456 -0.7720 0.0105 -0.6849 -0.2676 -0.3992 0.5077 
-97.9469 -6.9139 3.5044 -0.6075 0.1708 0.7240 0.7050 -0.6266 -0.1366 -0.8153 -0.1724 -0.5552 -0.0501 
-99.5325 -4.1784 1.1097 -0.4974 1.6007 0.0986 0.4293 -0.1116 0.7134 0.3554 0.7370 -0.4032 -0.9280 
-98.1017 -0.7125 -0.4026 -0.8638 -0.3265 -0.3921 0.3689 0.0329 0.1648 -0.4811 -0.1119 -0.4910 0.3786 
-96.7634 -0.5081 0.2864 0.5915 -0.2882 -0.4755 0.1619 0.2861 -0.4548 -0.2278 -1.0317 0.1619 0.9127 
-93.3631 -0.0284 0.1403 -0.1843 -0.5446 -0.2846 0.0711 -0.3735 -0.0486 0.4218 0.3844 0.4075 0.5508 
-92.8247 0.2940 0.1278 -1.6576 0.5573 0.1367 -0.8693 0.4133 0.2399 -1.6077 -0.2449 0.7635 0.4487 
-90.0813 -0.3326 -0.1625 0.1794 -0.3799 0.6664 0.3667 0.3591 -0.7394 -0.8741 -0.5561 -0.0957 -0.1147 
-86.7850 0.0525 0.3458 -0.1725 0.4116 -0.6569 0.1777 0.3285 -0.0274 0.1040 0.1535 -0.0866 0.3190 
-85.1567 -0.1510 -0.3261 -0.1068 -1.0594 -0.1289 -0.2756 0.1069 0.1828 0.0194 0.7580 0.1566 0.8201 
nan nan nan nan nan nan nan nan nan nan nan nan nan 
nan nan nan nan nan nan nan nan nan nan nan nan nan 
nan nan nan nan nan nan nan nan nan nan nan nan nan 
-75.3155 -0.3228 -0.9750 0.2618 -0.2008 -0.4615 1.1500 -0.2359 0.2960 -0.4080 -0.6185 -0.1993 -1.1139 
nan nan nan nan nan nan nan nan nan nan nan nan nan 
-68.9081 -0.1386 0.6551 -0.3952 0.1010 0.5057 -0.4161 -0.5091 -0.5290 -0.1531 0.0576 0.5563 0.0912 
nan nan nan nan nan nan nan nan nan nan nan nan nan 
-64.8421 0.5603 -0.8497 -1.1816 -0.7879 0.2326 0.2452 -0.9557 0.1892 -0.3713 -0.3005 -0.0357 -0.8647 
-61.7469 0.0893 0.2604 -0.3004 -0.2723 0.7205 -0.6994 -0.0358 -0.2956 -0.2960 -0.8687 0.2763 0.2153 
-60.2273 0.1406 0.1220 0.8149 0.7754 0.0544 -0.0407 -0.5306 -0.3944 -0.0379 -0.5011 -0.2841 0.6307 
-57.7180 -0.3813 -1.2970 -0.6967 -0.1852 0.6418 0.5551 0.3998 0.2164 -0.2719 -0.2044 -0.5605 -0.5824 
-54.9712 -0.3590 -0.0490 -0.9917 -1.0143 0.5876 -0.1086 -0.5617 1.3081 -0.0368 -0.8824 -0.2731 0.2644 
-51.7296 -0.3304 -0.0791 -0.3170 -0.1378 -0.3220 -0.4029 0.3810 -0.4347 0.3368 0.2434 0.2180 1.0320 
-49.1596 -0.3658 0.1781 -0.4193 0.2966 0.2918 -0.6283 -0.3849 -1.0105 -0.3063 0.5276 -0.0197 -0.1517 
-47.3807 -0.9104 -1.7819 -0.5450 -0.7379 -0.6272 -1.3380 -0.5263 -0.7100 -0.9517 -0.5329 -0.1509 -0.1034 
nan nan nan nan nan nan nan nan nan nan nan nan nan 
