19.7512 13.6922 -4.9953 -4.1185 0.7075 -2.1473 -1.8046 1.4777 -0.4250 -2.0796 -0.0697 -0.5284 -2.1589 
19.5830 13.7306 -4.7019 -3.8129 1.4224 -1.1277 -1.4998 0.8525 -1.1575 -2.5717 -0.5198 -0.9445 -2.5344 
18.4129 12.1001 -5.9122 -4.1645 1.5666 -1.1765 -1.9088 0.3527 -1.4112 -2.5221 -0.5539 -1.2101 -2.5050 
18.8919 12.8610 -5.1142 -3.7213 1.5029 -1.1386 -1.1658 1.4946 -0.4237 -1.6167 0.4277 -0.4733 -2.2577 
18.8040 12.2198 -6.6445 -5.6071 -0.2032 -2.4298 -1.9569 0.8327 -1.5750 -3.1122 -0.6128 -0.9500 -2.8790 
19.6070 13.3770 -5.4782 -4.4106 1.0513 -1.3443 -1.1942 1.5787 -0.5903 -2.0350 0.4277 0.0931 -1.7103 
18.5603 12.2547 -6.0133 -4.6769 0.7941 -1.7878 -1.8124 1.2214 -0.6310 -2.3920 -0.3441 -0.4647 -2.0068 
18.8047 12.6946 -5.5759 -4.4605 1.0632 -1.1803 -1.3069 1.2127 -0.6324 -1.9107 -0.0104 -0.8774 -2.6264 
19.0084 12.6887 -5.7871 -4.3583 1.2862 -1.1018 -1.1135 1.5018 -0.5285 -1.7875 0.4345 -0.2653 -2.1319 
19.1939 13.2318 -4.8905 -3.6128 1.4590 -1.6383 -2.0753 0.7553 -0.8438 -2.0099 0.1901 -0.4892 -2.4746 
18.6353 12.2876 -6.0766 -4.7458 0.8693 -1.4368 -1.5587 0.8424 -1.1595 -2.2394 0.0366 -0.6347 -2.3384 
18.6583 12.7320 -5.1106 -3.9426 1.1783 -1.4387 -1.6926 0.6430 -1.4381 -2.5874 -0.2936 -1.0185 -2.7322 
18.8930 13.3727 -4.2069 -3.3899 1.3988 -1.1369 -1.2840 1.1703 -0.6362 -1.7844 0.2016 -0.5441 -2.2716 
19.4832 13.5953 -4.8878 -4.0790 1.2145 -1.2434 -1.7350 0.4707 -1.3601 -2.4067 -0.1261 -0.4421 -2.0025 
19.2115 13.1917 -4.8950 -3.2361 2.3510 -0.4490 -0.9154 1.6276 -0.3416 -1.7390 0.3623 -0.5000 -2.7188 
19.1272 13.4380 -4.3743 -3.4127 1.3904 -1.1496 -1.0099 1.4422 -0.8563 -2.2480 0.0301 -0.2533 -1.6962 
19.3028 13.2302 -4.9140 -3.3317 1.9074 -0.9476 -0.8245 2.1354 0.0333 -1.4814 0.5724 -0.4345 -2.5795 
19.1679 13.0150 -5.3012 -4.0634 0.8882 -1.9863 -1.6037 1.6329 -0.5299 -2.2166 0.2110 -0.0701 -2.0508 
18.7999 13.1621 -4.5052 -3.5139 1.6526 -0.6850 -0.8657 1.5026 -0.6976 -2.5896 -0.8945 -1.2013 -2.5638 
19.1303 13.2840 -4.8085 -3.8875 1.1936 -1.1113 -1.1210 1.0860 -0.9177 -1.6423 0.6008 -0.6568 -2.6956 
19.5882 13.5068 -4.9060 -3.4852 1.8119 -1.0893 -1.5219 0.7782 -1.2575 -2.1809 0.1744 -0.6619 -2.2912 
19.5303 13.8927 -4.1946 -3.2791 1.8496 -0.6854 -1.0711 1.1654 -0.8732 -2.2376 -0.2150 -0.6768 -2.1452 
19.5087 13.4006 -5.3752 -4.4739 1.0757 -1.2891 -1.8121 0.4136 -1.2192 -2.0128 0.1708 -0.5754 -2.1986 
19.4200 13.4156 -5.0966 -4.1416 1.0221 -1.8789 -2.3155 0.6438 -0.7452 -2.2039 -0.5553 -1.1908 -2.6764 
18.9823 13.3203 -4.5376 -3.7596 1.1689 -1.2097 -1.1450 1.5047 -0.3550 -1.7457 0.0847 -0.6889 -2.3090 
19.3011 13.5935 -4.4440 -3.6116 1.2499 -1.3387 -1.3274 1.2558 -0.8559 -2.3060 -0.1547 -0.6534 -2.3984 
19.2941 13.4524 -4.8560 -3.9644 1.5188 -0.6843 -1.1506 1.0375 -0.5510 -1.6116 -0.1173 -1.2305 -2.6158 
18.7848 12.9161 -5.2140 -4.4617 0.9767 -0.8306 -0.7978 1.3725 -0.8126 -2.1317 0.1397 -0.0400 -1.3996 
18.8155 12.8074 -5.2877 -4.1821 1.1021 -1.2212 -1.0277 1.8012 -0.1160 -1.5207 0.4816 -0.3929 -2.3037 
19.3520 13.2639 -5.1599 -3.9264 1.2868 -1.7382 -2.1878 0.6330 -1.0285 -2.3456 -0.2165 -0.7692 -2.6010 
19.4278 13.6720 -4.5328 -3.6826 1.3625 -1.1920 -1.3097 1.3195 -0.6268 -2.1349 -0.0638 -0.2911 -1.6758 
19.1889 13.2130 -5.1199 -4.1679 1.1243 -1.1494 -1.1784 1.1602 -0.9769 -2.1316 0.1887 -0.4547 -2.2509 
19.7361 13.3790 -5.5357 -4.1736 1.2654 -1.5115 -1.4349 1.4793 -0.8130 -2.3938 0.2802 0.1892 -1.7194 
18.1905 12.1403 -5.5147 -4.0764 1.3758 -0.8803 -0.8164 1.6239 -0.7786 -2.5358 -0.5228 -0.9899 -2.6251 
19.1069 13.2053 -4.9857 -3.9999 1.2627 -1.1368 -1.0706 1.9684 0.3651 -1.4019 -0.0605 -0.8386 -2.3990 
18.5290 12.2112 -6.0051 -4.7039 0.5121 -2.1372 -1.8033 1.5373 -0.2946 -1.9777 0.3102 0.4135 -0.9915 
19.6629 13.7428 -4.9010 -4.3154 0.5337 -2.0981 -2.0039 0.9072 -0.9877 -2.7316 -1.0748 -1.5080 -2.6525 
19.3932 13.4506 -4.9319 -4.0336 1.0048 -1.5882 -1.5890 1.1818 -0.5819 -1.8849 -0.0228 -0.7305 -2.1691 
19.0417 12.8031 -5.4056 -3.7365 1.6449 -1.3009 -1.4918 1.3368 -0.5462 -1.8374 0.2312 -0.7308 -2.7271 
19.5781 13.3461 -5.4094 -4.2132 1.1113 -1.7377 -1.9591 0.9496 -0.6600 -1.7432 0.5356 -0.0395 -1.7294 
19.2263 13.2506 -4.9579 -3.8155 1.2812 -1.4486 -1.6095 0.9874 -0.8615 -1.8840 0.4413 -0.2391 -2.1076 
18.4786 12.5759 -5.1006 -3.7822 1.4307 -1.4083 -1.9821 0.7027 -0.5134 -1.3096 0.8122 0.1076 -1.7054 
18.7668 12.5400 -5.8003 -4.5718 0.9439 -1.5105 -1.7151 0.8706 -1.0876 -2.5057 -0.3633 -0.9166 -2.7748 
19.0157 13.4319 -4.3319 -3.4720 1.5674 -0.8859 -1.1715 1.2855 -0.4221 -1.7603 -0.1155 -0.9892 -2.6812 
18.7895 13.0859 -4.5949 -3.6107 1.3395 -1.0956 -1.1538 1.1105 -1.0794 -2.3096 -0.1752 -0.9558 -2.6985 
19.0066 13.3027 -4.4826 -3.3860 1.7594 -0.6352 -0.5730 2.0117 -0.2978 -2.2067 -0.2258 -0.4309 -2.1793 
18.7577 13.0135 -4.8945 -4.1986 0.8940 -1.1096 -0.9480 1.4311 -0.5774 -1.8515 0.0881 -0.5766 -2.0551 
18.7769 12.8708 -4.9889 -3.5797 2.0317 -0.4329 -0.9675 1.4921 -0.0270 -1.2608 0.4030 -0.3191 -1.7414 
19.3235 13.1773 -5.0682 -3.2020 2.6207 -0.2972 -1.0434 1.4165 -0.5366 -2.2552 -0.7331 -1.6374 -3.1638 
18.6999 12.7399 -5.0824 -3.8126 1.2069 -1.5335 -1.5294 1.2179 -0.7711 -2.1093 0.0252 -0.7827 -2.7552 
17.9090 12.1736 -5.1479 -4.2669 0.7268 -1.3366 -1.2408 0.9243 -1.2921 -2.4409 -0.1846 -0.9722 -2.9549 
19.0860 13.2610 -4.7274 -3.6397 1.5572 -0.8698 -1.0471 1.1987 -0.9559 -2.1892 0.1091 -0.1443 -1.4832 
19.6939 13.7306 -4.6438 -3.3950 1.6797 -1.1809 -1.1613 1.5048 -0.8731 -2.1349 0.9091 0.7095 -1.7792 
19.5094 13.6830 -4.5186 -3.4430 1.5148 -1.4363 -1.5820 1.3564 -0.6037 -2.4166 -0.4941 -0.8859 -2.7050 
19.1997 13.0125 -5.3695 -4.0105 1.2490 -1.5335 -1.4549 1.4857 -0.6071 -1.9710 0.6940 0.3409 -1.8034 
18.5699 12.5177 -5.5541 -4.6324 0.4837 -1.7257 -1.4839 0.9835 -1.2535 -2.5785 -0.4788 -1.4018 -3.3080 
19.1191 13.0609 -5.3708 -4.3385 1.2531 -0.8927 -1.0257 1.4062 -0.5890 -2.0378 -0.0148 -0.3604 -1.7834 
19.3311 13.0763 -5.4994 -4.2603 0.8851 -1.8716 -1.4590 1.7814 -0.5000 -2.3361 0.1880 0.1419 -1.8197 
19.1389 13.1775 -4.9071 -3.5682 1.7346 -0.9672 -1.2103 1.4132 -0.5294 -2.0181 -0.0827 -0.6152 -2.0605 
19.0202 13.1776 -5.1595 -4.6858 0.4930 -1.4597 -1.2438 1.4909 -0.2944 -1.8871 -0.1008 -0.2985 -1.4616 
18.4710 12.4436 -5.3713 -4.1211 0.9357 -1.7734 -1.7533 1.0462 -1.0390 -2.6015 -0.3745 -0.7800 -2.4636 
19.3029 13.1109 -5.3966 -4.0480 1.4283 -1.3042 -1.5416 1.2383 -0.7428 -2.3844 -0.2883 -0.6049 -2.3194 
18.8659 13.2882 -4.4103 -3.6751 1.1388 -1.3775 -1.5654 0.8117 -1.1644 -2.4023 -0.1590 -0.5994 -2.2479 
19.3559 13.3810 -4.8491 -3.6369 1.3589 -1.6390 -1.7468 1.2355 -0.6419 -2.2720 -0.2848 -0.6200 -2.0697 
19.3757 13.0526 -5.5178 -3.8593 1.6153 -1.7096 -2.1472 1.2970 -0.1771 -2.0553 -0.1894 -0.3434 -1.8701 
18.8265 12.9751 -5.1507 -4.5114 0.6735 -1.1785 -0.9100 1.3955 -0.7107 -1.7459 0.6511 0.1723 -1.4649 
19.2095 12.9110 -5.6681 -4.2874 1.2803 -1.3292 -1.5760 1.0282 -0.8356 -2.0333 0.0676 -0.6960 -2.4069 
19.0496 12.8771 -5.5678 -4.3974 1.1742 -1.0702 -1.2013 1.1273 -0.9568 -2.1829 -0.0756 -0.7811 -2.2532 
19.2318 13.1251 -5.4230 -4.4737 0.9940 -1.1281 -1.2931 0.6617 -1.6099 -2.5470 -0.1407 -0.8560 -2.5568 
18.6961 12.6699 -5.2995 -4.0264 1.3429 -0.9915 -0.9355 1.6102 -0.5633 -2.1030 -0.1401 -0.8043 -2.3861 
19.5169 13.2611 -5.3342 -3.8568 1.6511 -0.8856 -0.7468 1.8349 -0.6471 -2.1559 0.0816 -0.8767 -2.9059 
18.7534 12.8802 -4.7113 -3.2313 1.6175 -1.4378 -1.2510 2.0005 -0.0115 -1.9086 -0.0185 -0.5755 -2.4559 
19.3913 12.4231 -6.0957 -2.8441 2.9712 -1.2081 -1.3561 2.4662 0.1183 -2.1600 0.2072 -0.1460 -2.3561 
21.2845 12.9447 -7.5730 -2.9246 3.3374 -2.1674 -1.9188 2.5092 -1.1163 -3.5411 0.4738 0.3702 -2.5046 
22.1658 12.4783 -9.1148 -2.3046 4.2848 -3.8461 -3.8845 2.6975 -0.6217 -3.8785 0.6329 0.7838 -2.9114 
23.8378 12.0463 -11.3763 -1.4395 5.9389 -4.3311 -3.6252 3.9400 -1.2857 -4.9761 1.0511 0.9486 -3.2794 
25.5099 13.0736 -11.7206 -1.1034 6.5439 -4.5721 -3.5603 4.9717 -0.5984 -5.0154 1.2286 1.4060 -3.1390 
26.0515 12.7100 -12.9001 -1.0156 7.0624 -5.2759 -4.4574 5.0007 -0.3979 -5.1678 0.9892 1.1994 -3.0869 
27.5119 13.2380 -13.9723 -0.9485 8.4121 -4.5574 -4.5833 4.9465 0.0834 -3.8463 2.6972 2.0385 -3.1254 
27.9563 13.0648 -15.2151 -1.8040 8.6725 -4.1831 -4.9444 4.3248 -0.2805 -4.3946 1.4284 0.3407 -4.4880 
27.5349 12.6401 -15.1476 -1.4272 8.7316 -4.3289 -4.6561 4.7979 -0.3245 -4.8834 0.9590 0.2193 -3.9888 
28.4178 13.5557 -14.7276 -1.1865 8.7857 -4.4978 -4.6526 4.9779 -0.5616 -5.3310 1.3172 1.2525 -3.5727 
28.0913 13.3907 -14.7404 -1.5959 8.2309 -4.9917 -5.3143 4.6125 -0.1526 -4.9546 0.9548 0.7712 -3.6887 
29.0409 14.4362 -14.3020 -1.3124 9.0135 -4.0626 -4.9461 4.8584 0.5987 -4.3379 0.8408 0.5844 -3.4386 
30.3316 15.9045 -13.8961 -2.1799 7.7481 -4.6193 -5.0299 4.1708 -0.6209 -5.0349 0.8308 0.6187 -3.4623 
28.4709 15.0276 -12.8390 -1.8182 7.6354 -3.8698 -4.4872 3.7330 -1.0703 -5.2807 0.5526 0.8829 -2.8565 
29.0145 17.7405 -9.1740 -1.2560 6.9220 -2.6498 -3.1229 3.8461 -0.4245 -3.8705 1.5546 1.6334 -2.4253 
33.2143 22.9353 -6.2223 -0.7170 6.6689 -3.0852 -4.5833 1.9564 -1.4642 -4.9766 -0.8677 -0.8811 -3.4127 
37.0924 25.9308 -7.9530 -4.2328 5.3029 -2.7095 -5.0490 0.9283 -1.4591 -4.3964 -0.5307 -0.4451 -2.9265 
37.0739 26.1151 -7.9333 -4.7701 5.1547 -2.2036 -4.9842 0.6089 -1.2276 -4.0442 -0.7267 -0.6104 -2.6801 
37.4665 27.1158 -7.2838 -5.6785 4.3304 -1.6719 -4.8180 -0.2682 -1.3602 -3.1528 -0.3520 -0.9760 -3.0183 
37.9536 26.4702 -8.9708 -6.1057 4.3637 -2.5391 -5.3865 0.0707 -1.0447 -3.0047 -0.3993 -1.5143 -3.2725 
38.0169 26.9588 -8.3589 -6.2135 4.1588 -1.9873 -4.6908 0.1099 -1.4612 -3.3447 -0.4000 -1.2548 -2.9311 
38.5775 27.9538 -7.7495 -6.7770 3.5721 -1.4016 -3.9192 0.0313 -1.5905 -2.7468 0.3311 -1.0283 -2.9556 
38.1601 27.5849 -7.8990 -7.0212 3.2739 -1.7545 -4.4698 -0.3791 -1.5877 -2.8482 -0.1826 -1.4652 -3.1756 
38.1908 27.7784 -7.4907 -6.7358 3.2359 -1.7777 -4.2728 -0.2376 -1.5050 -2.5831 0.0149 -1.5831 -3.2858 
37.4915 27.3105 -7.1429 -6.1651 3.6884 -1.3783 -3.9402 0.0526 -1.1719 -2.3367 0.0852 -1.5175 -3.1849 
34.5592 25.5755 -5.6772 -4.9510 3.6052 -1.3268 -3.4725 0.5916 -0.6949 -2.3453 -0.0511 -1.0383 -2.9872 
32.9981 24.4508 -5.1180 -4.3082 3.2662 -1.8414 -3.5807 0.1787 -1.4624 -2.3854 0.6469 -0.8229 -3.5133 
32.1570 23.9074 -4.7305 -3.9920 3.1094 -1.6261 -2.6199 0.9791 -1.4625 -2.7190 0.4250 -0.9370 -3.2170 
30.5913 21.8606 -5.8793 -3.9065 3.3473 -1.9378 -2.6253 1.6738 -1.0340 -2.9809 0.1662 -0.8870 -3.2552 
30.7013 20.8544 -6.9017 -2.3666 5.0645 -2.3759 -3.0765 1.9537 -1.8100 -3.9387 0.6031 -0.3618 -3.4467 
33.5064 24.0865 -6.1555 -3.9811 4.0929 -1.9365 -3.8434 -0.0181 -2.1686 -2.9576 0.2544 -2.0390 -4.4591 
37.2942 26.7604 -7.5669 -5.9669 3.8093 -1.3735 -3.8076 -0.6598 -2.3807 -2.3520 0.3401 -2.4842 -3.6318 
38.2519 27.0127 -8.4083 -6.1616 4.0903 -1.2958 -3.4278 -0.4030 -3.1147 -3.0716 0.5056 -2.4059 -3.8654 
38.6684 27.3075 -8.2653 -5.5912 4.6778 -1.2491 -3.3098 0.3160 -2.4355 -2.7706 1.0369 -1.7042 -3.7907 
37.1045 26.6127 -7.3621 -5.6712 3.7408 -1.1768 -2.7615 0.0479 -2.7528 -2.3194 1.3093 -2.4186 -4.8692 
35.2321 25.7774 -6.1062 -4.8920 4.0793 -0.3586 -2.4406 -0.3551 -3.1357 -3.0698 0.5375 -1.9713 -4.4273 
35.1437 26.0562 -5.9107 -5.4384 4.1037 0.5568 -2.3104 -0.9556 -3.0467 -2.7342 0.3339 -1.8908 -3.7163 
34.9837 25.7978 -6.0650 -5.1587 4.7513 1.0450 -2.1017 -0.6584 -2.7576 -2.7826 0.3100 -1.5519 -3.4996 
34.0808 24.6799 -6.4594 -4.8199 4.6487 0.1233 -2.6811 -0.5873 -3.1008 -3.7071 -0.3091 -1.7279 -3.7245 
32.4749 23.8922 -5.3233 -3.9967 4.4538 -0.1760 -2.8623 -0.6127 -2.6816 -3.4055 -0.7251 -2.2665 -3.8985 
31.6920 23.6433 -4.4848 -3.3531 4.6530 0.2748 -2.2398 -0.4495 -3.0152 -3.5969 -0.3175 -1.7308 -3.8480 
31.9539 23.5803 -4.8899 -3.2890 4.8934 -0.0943 -2.8470 -0.3701 -2.2144 -2.8440 -0.1104 -1.7591 -3.7093 
30.3636 21.7645 -5.7755 -3.5914 4.6084 -0.1509 -2.4075 -0.1819 -2.9435 -3.9655 -0.9933 -2.4818 -4.3579 
29.8394 21.9967 -4.5478 -3.0551 4.3281 -0.3508 -2.2496 0.7370 -1.2328 -2.7627 -0.7536 -1.8734 -3.1214 
28.0763 20.5294 -4.4521 -2.6287 4.4552 -0.2128 -2.0473 0.7792 -1.3202 -2.6625 -0.3049 -1.5737 -3.4793 
27.1633 19.9244 -4.2436 -2.6077 4.2892 0.0156 -1.5839 1.2398 -0.7873 -2.3254 -0.2749 -1.2879 -2.7710 
26.4443 19.6761 -3.5850 -2.3707 3.7547 -0.4773 -1.6764 1.0866 -1.5600 -3.5838 -1.1330 -1.4107 -2.9603 
25.1244 17.9777 -4.4837 -2.4306 3.2701 -1.7191 -2.2896 1.5230 -1.0232 -2.9091 0.1443 -0.4310 -2.8929 
25.2869 18.2916 -4.5640 -3.1607 3.1572 -0.7035 -1.6234 1.2006 -1.3198 -3.0046 -0.2865 -0.6358 -2.4276 
24.5325 17.4598 -5.2270 -4.1340 2.0356 -1.4039 -1.8579 1.0523 -1.5382 -3.1729 -0.4414 -1.0415 -2.9995 
24.4124 17.2971 -5.3387 -3.9471 2.7265 -0.6860 -1.7221 1.0488 -0.7933 -1.8364 0.6162 -0.5533 -2.7506 
23.8143 16.6371 -5.6886 -4.3629 1.8806 -1.5717 -1.9897 1.1923 -1.0323 -2.5965 -0.0494 -0.7456 -2.7450 
23.8378 16.8496 -5.1764 -3.7405 2.4633 -1.0560 -1.5780 1.5363 -0.6392 -2.2172 0.1227 -0.7011 -2.5385 
23.5936 16.0042 -6.5146 -4.6458 2.1504 -1.2166 -1.8800 0.8144 -1.6029 -2.6793 0.2356 -0.6381 -2.5934 
22.8435 15.2112 -6.5817 -4.0467 2.7303 -0.9580 -1.3639 1.8619 -0.6909 -2.2270 0.8597 0.3786 -1.9149 
23.5987 16.1985 -6.0793 -4.2677 2.2244 -1.4846 -2.0639 1.2667 -0.8763 -2.5010 -0.0217 -0.8819 -3.0540 
22.5245 15.2714 -6.1299 -4.2284 1.9788 -1.7361 -2.2394 1.1253 -0.8711 -2.5688 -0.4439 -1.0820 -2.3500 
22.9546 15.8666 -5.8549 -4.4691 1.7426 -1.5586 -1.8899 1.3773 -0.7698 -2.4437 0.1438 -0.2217 -2.2780 
23.0211 15.5281 -6.5523 -4.7004 1.8719 -1.5854 -1.8447 1.6567 -0.7795 -3.0125 -0.5991 -0.6961 -2.2966 
22.9161 15.4289 -6.5897 -4.7846 1.7835 -1.4309 -1.5674 1.5885 -0.9984 -2.6277 0.2621 -0.3123 -2.5698 
22.5149 15.3377 -6.2707 -4.8949 1.4891 -1.3149 -1.5236 1.1793 -1.1599 -2.1801 0.6842 -0.1722 -2.1694 
23.2265 15.7852 -6.3536 -4.6158 1.7747 -1.8133 -2.2350 1.1485 -0.8753 -2.5091 -0.3715 -1.2646 -2.9089 
23.9210 16.7958 -5.0402 -2.8872 3.3677 -0.7153 -1.3711 1.7975 -0.5350 -1.8892 0.8550 -0.2892 -2.7196 
26.2944 19.7674 -2.9969 -1.5955 4.6661 0.7401 -0.6579 1.2132 -1.8321 -3.3567 -0.7762 -1.6667 -3.4347 
27.5145 20.7182 -2.9394 -1.3253 4.9501 0.2241 -1.5424 0.6294 -2.2968 -3.7466 -0.7418 -1.3669 -3.2660 
28.6762 21.7665 -2.7611 -1.2204 5.3496 0.5717 -1.5693 0.0656 -3.1666 -4.0192 0.0154 -0.5327 -3.2110 
28.2867 21.3941 -3.1724 -2.1190 4.5201 0.4903 -1.4713 -0.3953 -3.8433 -4.5334 -0.6952 -1.4885 -3.9170 
29.4498 22.4259 -3.2907 -2.7161 4.1218 -0.1211 -2.6603 -1.3434 -3.8885 -4.2046 -0.4384 -1.0436 -3.2888 
31.2981 23.7316 -3.6694 -2.9007 4.5940 0.3177 -2.1454 -0.6396 -3.3103 -3.6404 0.0365 -1.1774 -3.6657 
34.4139 25.4648 -5.4118 -4.4181 3.8260 -1.4734 -3.9082 -0.5072 -1.8753 -2.4559 0.0865 -2.0047 -3.7284 
35.7332 26.7999 -5.5582 -5.6516 3.2782 -1.0413 -3.8793 -0.9077 -1.6141 -1.7881 0.2623 -2.1680 -3.5999 
36.2067 27.2061 -5.6984 -6.0601 3.0387 -1.2156 -4.2002 -0.9504 -1.1627 -1.5444 0.0631 -2.0467 -3.2084 
36.1292 26.6421 -6.5230 -6.2319 3.1386 -1.5827 -4.6716 -1.1108 -1.2574 -1.7531 -0.2574 -2.3927 -3.3188 
36.8682 26.8770 -6.9313 -5.8719 3.6642 -2.0400 -5.2650 -0.8132 -0.5988 -1.4260 -0.1731 -2.3556 -3.4623 
36.7014 27.0186 -6.1685 -5.0609 3.9162 -2.2035 -5.1746 -0.2296 0.0035 -1.1914 -0.1773 -2.3734 -3.2692 
36.6060 26.4895 -7.0230 -5.4923 3.7444 -2.6686 -5.6268 -0.3576 -0.2719 -1.7476 -0.4633 -2.3798 -3.5413 
36.5936 26.9912 -6.2711 -5.5258 3.6848 -1.7085 -4.7161 -0.5286 -0.4035 -0.9058 0.4286 -2.1426 -3.4299 
36.8754 26.8280 -6.5136 -4.5389 4.7912 -2.0892 -5.5237 -0.1903 0.4951 -0.5485 0.4023 -2.1057 -3.4748 
36.6994 26.6569 -6.6914 -4.8500 4.5128 -2.3066 -5.7623 -0.3807 0.1094 -1.3875 -0.3440 -2.2981 -3.5513 
35.5135 26.2314 -5.8925 -5.1272 3.3654 -2.4293 -5.3467 -0.9042 -0.6466 -1.2868 -0.1612 -2.7478 -3.9215 
35.6854 25.9821 -6.1299 -4.2939 4.1727 -2.4452 -4.8486 0.2614 -0.4212 -1.8275 0.0203 -2.0921 -3.7258 
35.0568 25.8714 -5.3994 -3.8858 4.2583 -2.3287 -4.9444 0.3459 0.2590 -1.3628 -0.0292 -1.7217 -3.0565 
34.9835 25.9002 -5.4379 -4.4464 3.4878 -2.6228 -4.7603 0.5507 0.3177 -1.3770 -0.1194 -1.9584 -3.4653 
34.4661 26.0000 -4.3666 -3.7490 3.6590 -2.1676 -4.0920 1.0052 0.7339 -0.9411 0.0365 -1.9479 -3.1600 
34.3418 25.7966 -4.5125 -3.8609 3.3103 -2.5660 -4.1052 1.0309 0.2684 -1.4571 0.0287 -1.8675 -3.5371 
34.6050 26.1024 -4.3475 -3.6999 3.7480 -1.8585 -3.5928 0.9440 -0.1614 -1.5479 0.4745 -1.3131 -2.9928 
34.8512 25.6693 -5.3722 -3.5175 4.9168 -1.6752 -4.3613 1.0093 0.5943 -1.8083 -0.5071 -1.2638 -2.1548 
34.1576 24.9027 -5.9194 -4.3656 3.8811 -1.9540 -4.1367 0.1099 -1.3593 -2.8511 -0.3527 -1.5047 -3.1402 
33.9423 24.9722 -4.9199 -2.6449 5.3125 -1.4117 -3.9137 0.7412 -0.4468 -2.1133 0.2396 -0.7251 -2.1556 
34.0730 24.8975 -5.2964 -3.1617 4.5997 -1.8032 -3.6964 0.5935 -1.1572 -2.1259 0.7822 -1.0059 -2.8063 
32.3834 24.0537 -4.0802 -2.0323 4.9486 -1.5330 -3.3268 1.0529 -0.8423 -2.4094 0.4410 -0.8228 -2.8714 
32.3189 23.5086 -4.8365 -2.3260 4.4973 -2.1752 -3.4183 0.6569 -2.2431 -3.2214 0.8210 -0.9609 -3.7781 
31.7490 23.6993 -3.7005 -1.9149 4.5465 -1.3232 -2.4085 1.0669 -1.9775 -3.0167 0.6784 -0.9637 -3.3014 
31.4708 23.3483 -4.0264 -2.1499 4.6113 -1.0842 -2.2404 1.2319 -1.9182 -3.3175 0.3193 -1.0565 -3.4297 
29.3020 22.3691 -2.7079 -1.5812 4.6895 -0.2111 -1.7998 0.9327 -1.8844 -3.5927 -0.4978 -0.7095 -2.0851 
28.8642 22.2592 -2.2115 -1.2074 4.8980 0.0267 -1.9256 0.4663 -1.9293 -3.0333 0.0851 -0.5189 -2.5069 
29.0146 22.2339 -2.6508 -1.8999 4.2938 0.1039 -1.1214 1.0266 -2.1478 -3.4358 -0.2536 -1.1910 -3.2359 
28.4085 21.5182 -2.7821 -1.3515 4.7654 0.1288 -0.8197 1.7637 -2.0799 -4.3880 -1.0340 -1.1046 -2.9812 
28.1946 21.0718 -3.3122 -1.6897 4.4855 -0.3646 -1.4759 1.2767 -1.9983 -3.8063 -0.6230 -1.1322 -3.0567 
27.7822 20.6845 -3.3463 -1.5553 4.5225 -0.5328 -1.6057 1.5554 -1.3724 -3.1878 -0.1541 -0.9675 -3.4603 
26.7664 20.1548 -2.8987 -1.3861 4.7542 0.2810 -1.3042 0.9999 -1.5437 -2.7497 -0.0083 -1.0260 -3.0711 
26.5402 19.5625 -3.9081 -2.5252 3.6986 -0.4003 -1.2834 1.3467 -1.6992 -3.4608 -0.6580 -1.4839 -3.5625 
26.1530 19.5918 -3.1884 -2.0029 3.8915 -0.0722 -0.7433 2.0801 -0.7407 -2.4733 0.3680 -0.2640 -2.5762 
25.0785 18.2224 -4.1861 -2.5546 3.6776 -0.1976 -0.8421 2.2174 -0.4316 -2.5153 -0.2159 -0.7319 -2.2986 
25.1077 18.1261 -4.3759 -2.7111 3.2534 -0.9087 -1.2971 2.1543 -0.4003 -2.3015 0.2081 -0.6823 -2.7764 
24.7985 17.8502 -4.6941 -3.2924 3.1317 -0.2862 -0.8191 2.2366 0.0790 -1.3030 1.1323 0.0497 -2.1526 
24.3911 17.5684 -4.5785 -3.2661 2.8119 -0.6833 -0.9473 2.3130 -0.1148 -1.9473 0.5899 0.0728 -1.9076 
24.3495 16.9042 -5.6157 -3.3802 3.3013 -0.6327 -1.1291 2.3241 -0.2320 -2.3760 -0.0570 -0.8331 -2.8385 
23.1484 16.2180 -5.1601 -3.5075 2.3727 -1.2792 -1.4539 1.7726 -0.8468 -2.7461 -0.2241 -0.6852 -2.1821 
23.9384 16.7296 -5.2802 -3.1455 3.2399 -0.8286 -1.4262 2.0531 -0.2374 -1.9788 0.7709 0.0736 -2.4375 
24.0009 16.5396 -6.0280 -4.0867 2.8588 -0.4558 -1.1063 1.6152 -1.1557 -3.0555 -0.5795 -1.0465 -2.5724 
22.8696 15.6423 -6.0694 -4.4352 1.8749 -1.4099 -1.6741 1.2895 -1.4319 -3.2344 -0.3565 -0.4471 -2.1261 
23.5700 16.1576 -5.9542 -3.9193 2.4063 -1.5633 -1.9063 1.6938 -0.7782 -2.7269 0.0793 -0.4253 -2.8512 
22.4242 15.0181 -6.7045 -5.0773 1.2527 -2.0983 -2.3902 1.0752 -0.6939 -2.0889 0.1782 -0.6982 -2.6193 
23.6138 16.1240 -6.0865 -3.9249 2.6382 -1.2341 -1.6387 1.9412 -0.4171 -2.3190 0.3171 -0.2865 -2.4442 
22.9777 15.5039 -6.4244 -4.4942 2.0032 -1.2159 -1.0786 2.3202 -0.1073 -1.5917 0.9818 -0.2825 -2.6559 
23.5308 16.0081 -6.4297 -4.6744 2.0551 -1.0735 -1.3856 1.4089 -1.1951 -2.4358 0.6019 -0.0038 -1.9719 
22.6324 15.6106 -5.9365 -4.8307 1.0900 -2.0934 -2.3292 0.8631 -0.8854 -1.8889 0.5727 -0.4256 -2.3866 
22.4982 15.1150 -6.3528 -4.3285 1.8400 -1.8682 -1.7984 2.1429 -0.0823 -2.1562 0.2788 -0.0999 -1.8743 
21.4439 14.3524 -6.4003 -4.7496 1.3514 -1.9969 -2.4921 0.6941 -1.0861 -2.3723 0.1520 -0.3655 -2.2359 
22.4524 15.2548 -5.9819 -3.8543 2.7322 -0.6667 -1.2988 1.5115 -0.9529 -2.4851 0.2911 -0.1276 -2.0288 
22.9036 15.8442 -5.7751 -4.3677 1.8305 -1.3088 -1.5303 1.5030 -0.7483 -2.1644 0.2515 -0.7534 -2.6855 
22.5741 15.5428 -5.7972 -4.2671 1.9178 -1.2669 -1.4791 1.7091 -0.3648 -1.7695 0.6777 -0.0870 -1.9836 
22.7083 15.6216 -5.8469 -4.2955 1.7323 -1.9557 -2.4174 1.0819 -0.8073 -2.3646 0.3080 -0.0223 -2.1174 
22.2563 15.0101 -6.1974 -4.2429 1.8938 -1.8047 -2.0592 1.4691 -0.8882 -3.0274 -0.6721 -0.9057 -2.4669 
21.8350 14.9938 -5.8127 -4.4256 1.8635 -0.7599 -0.8663 1.8792 -0.6515 -2.2683 0.3653 -0.2394 -2.6363 
21.8472 15.0259 -5.8103 -4.5882 1.5007 -1.2912 -1.7166 0.7863 -1.2772 -2.1389 0.3981 -0.7381 -2.7895 
21.8825 15.1224 -5.6487 -4.3793 1.7550 -1.1082 -1.7055 0.7009 -1.4848 -2.5666 0.0503 -0.6200 -2.4577 
20.6736 13.8715 -6.0090 -4.3467 1.4830 -1.5732 -1.7465 1.1743 -0.9593 -2.3866 -0.2605 -1.2041 -2.7686 
21.7769 14.7986 -5.8450 -4.0157 1.9570 -1.5872 -2.0121 1.0749 -1.1483 -2.5868 0.2522 0.0245 -1.7735 
21.3480 14.6915 -5.6022 -4.2176 1.8818 -0.9727 -1.4773 1.1859 -0.9466 -2.5067 -0.3237 -0.9045 -2.5785 
21.1535 14.2701 -6.0450 -4.4551 1.4859 -1.6573 -1.9689 1.1157 -0.5553 -1.5184 0.6996 -0.6964 -2.8524 
21.2080 14.2211 -5.8470 -3.3694 2.8904 -0.9016 -1.5477 1.6765 -0.7163 -2.8289 -0.4004 -0.7528 -2.7718 
21.9369 15.2566 -5.3108 -4.1025 1.4139 -1.6142 -1.3318 1.7643 -0.5971 -1.7967 0.9527 0.0023 -2.2316 
21.0843 14.1481 -6.0351 -4.1248 2.0244 -0.8886 -0.7985 2.2650 -0.1587 -1.7713 0.5860 -0.4338 -2.7211 
21.4234 14.9565 -5.1786 -3.9873 1.8096 -1.0577 -1.3336 1.4569 -0.7455 -2.2753 0.2039 -0.1443 -1.9271 
20.7590 13.8984 -6.1296 -4.0885 2.7195 -0.0407 -1.1001 1.0650 -1.0667 -2.2640 0.3818 0.0105 -1.9649 
20.7447 14.0206 -5.6194 -3.5918 2.3003 -1.0913 -1.4952 1.4333 -0.8584 -2.3674 0.3005 -0.1652 -2.1961 
19.3899 12.8327 -6.0023 -4.1315 1.8377 -1.2096 -2.1107 0.3320 -1.3707 -2.3235 0.1330 -0.4404 -2.3897 
20.6185 14.1665 -5.5408 -4.3518 1.5340 -1.1312 -1.7018 0.7984 -0.8659 -1.8362 0.2798 -0.5894 -2.3893 
19.9872 13.8538 -5.0875 -3.8683 1.9014 -0.6589 -1.1270 1.5374 -0.1070 -1.4011 0.6328 -0.0096 -1.9067 
20.6225 14.2694 -5.0759 -3.6367 1.8713 -1.1283 -1.2771 1.4956 -0.7251 -1.9949 0.5874 -0.1861 -2.4651 
20.6344 14.1624 -5.6026 -4.2427 2.2739 0.2311 -0.4250 1.3731 -0.8636 -1.8226 0.5765 -0.2408 -2.0416 
19.7499 13.7209 -4.8634 -3.6755 1.6660 -0.9660 -1.0408 1.5886 -0.6573 -2.2882 -0.1386 -0.5063 -1.8894 
19.6787 13.7156 -4.7881 -3.6567 1.7587 -0.7393 -1.0869 1.1205 -0.9009 -1.8788 0.4189 -0.3189 -2.0239 
19.1332 12.8207 -5.5821 -3.8714 1.8487 -0.8234 -1.0197 1.6089 -0.6809 -2.3741 -0.1441 -0.4655 -2.1265 
19.2823 13.3448 -4.8931 -3.7258 1.6150 -0.9357 -1.2422 1.0153 -1.2554 -2.5111 0.0877 -0.3140 -2.3914 
19.6960 13.6906 -4.9919 -4.0109 1.5558 -0.6603 -0.9987 0.9464 -1.3183 -2.3422 0.0626 -0.6573 -2.4934 
18.8502 12.9983 -4.7856 -3.4937 1.6511 -1.0284 -1.1713 1.4905 -0.5174 -2.1956 -0.3902 -0.7744 -2.0406 
19.1282 12.9917 -5.4458 -4.3513 0.9787 -1.4010 -1.2015 1.5688 -0.5951 -2.0812 0.2260 -0.3515 -2.3725 
18.7966 12.9947 -4.8188 -3.8046 1.2537 -1.1111 -1.1067 1.2137 -1.0230 -2.4283 -0.4107 -1.0274 -2.5003 
19.9980 14.0146 -4.5615 -3.2839 1.9729 -0.8134 -0.9738 1.5514 -0.5470 -1.6556 0.6535 -0.3761 -2.6418 
19.7609 13.5770 -5.0860 -3.5264 2.2173 -0.4592 -0.8978 1.4831 -0.5941 -1.7746 0.5917 -0.0225 -1.7974 
19.5781 13.4006 -5.2700 -3.9672 1.6834 -0.7163 -0.9287 1.4509 -0.5394 -1.6252 0.4464 -0.6634 -2.6631 
18.8574 12.6581 -5.5474 -4.0581 1.5801 -0.7590 -0.7970 1.6808 -0.4748 -1.7795 0.4618 -0.1617 -1.8883 
19.2391 12.8239 -5.9154 -4.2806 1.8496 -0.6502 -1.3107 1.1845 -0.4554 -1.8753 -0.2754 -1.0895 -2.6255 
18.7859 12.6152 -5.4329 -3.8268 1.6578 -1.0727 -1.3657 1.2040 -0.7166 -1.8703 0.3785 -0.3898 -2.2265 
19.4061 12.9458 -5.7031 -3.8495 1.8680 -1.0373 -1.2683 1.3985 -0.8657 -2.1485 0.6395 0.3666 -1.4610 
30.2911 16.2648 -14.4239 -4.9876 5.5941 -3.8551 -3.7960 4.4327 0.5155 -3.0525 1.8815 1.3766 -1.9750 
37.5880 21.7436 -15.2005 -5.1315 7.5457 -2.7842 -3.2746 5.1057 0.3278 -3.0779 3.1022 2.0483 -2.6053 
