19.6025 -1.2344 -0.8385 -1.5457 -0.6402 -0.8942 -0.6273 -0.2670 -0.3979 -0.8230 0.1686 0.7704 -0.2994 
18.8854 -1.4383 -2.3396 -1.3148 -1.2759 1.2902 0.0983 -0.3216 0.1332 0.3476 -0.4412 -0.2759 -0.9166 
19.6737 -1.2153 -1.3096 -1.2579 -1.0756 0.3992 -0.0875 0.3347 0.5373 -0.2925 0.0038 -0.6945 -0.7365 
20.3128 -0.7666 -1.9670 -0.4075 -1.6029 -0.0168 -0.2059 0.0461 0.3980 0.1093 0.2833 0.1916 -0.1032 
19.0269 -0.9272 -1.3262 -2.3931 -1.0756 -0.0984 -0.8812 0.4638 0.0695 0.0619 -0.1896 -0.3345 0.7573 
19.0212 -1.9035 -1.6206 -1.7276 -0.3435 0.5719 0.8233 -0.1146 -1.3276 -0.7310 0.2206 -0.3628 -0.0527 
19.3651 0.2956 -1.0625 -1.8265 -0.2537 -0.6639 -0.2778 -0.0377 -0.4006 -0.3668 0.3789 0.3244 0.0320 
19.5680 -0.3804 -0.2500 -1.2131 -1.3168 0.5415 -0.2753 -0.4099 -0.5190 0.0733 0.6753 -0.4300 -0.2180 
19.2089 -2.2055 -1.1996 -0.6766 -1.0392 -0.6364 0.0604 -0.4505 -1.0439 -1.2303 -0.2254 -0.5218 -0.5003 
20.2005 -0.2045 0.0492 -1.5921 -0.0426 0.4386 -0.6651 -0.3734 -0.2496 -0.8218 -0.1991 0.0391 -0.4782 
18.9703 -0.0316 -0.5295 -1.0935 -0.7159 -0.4088 -0.4461 0.0929 0.0080 -0.6449 -0.1734 0.7221 -0.1188 
19.0124 -0.7163 -1.1466 -1.8885 -1.2503 -1.7474 0.3856 -0.2868 0.4891 -0.3388 -0.3239 0.5019 -0.2816 
18.0648 -2.1969 -1.6913 -1.5731 -0.9213 -0.7077 -1.3068 -0.0049 -0.0387 -0.2788 0.0467 -0.1589 -0.2166 
19.3701 -0.7961 -1.1497 -1.5536 -0.8145 -0.3890 -0.7430 -0.0944 -0.2488 -0.6647 -0.5355 -0.1226 0.3070 
19.0354 -1.6802 -1.7768 -1.1099 -0.4506 -0.5032 0.1860 -0.5106 0.1262 -0.1213 0.8125 0.7191 0.5320 
18.7466 -0.0231 -1.5849 -0.5496 -1.3970 -0.3235 0.0863 0.2194 0.5554 0.4498 0.4098 -0.3502 0.1104 
19.7492 0.4682 -1.2670 -0.3704 -1.2869 -0.2962 -0.8309 0.1935 -0.1810 0.4553 -0.6310 0.1945 -0.0822 
18.1045 -1.5936 -1.4246 -0.5771 0.6828 -0.1106 -0.1501 0.1960 0.0822 0.0586 0.4092 -0.2604 -0.4457 
18.9587 -0.7781 -0.3702 -0.3437 0.0633 0.4678 -0.5377 -0.3030 -0.3092 -0.8956 -0.5647 -0.0405 -0.1804 
20.3735 -0.1017 -0.9797 -1.2712 -0.6079 -0.4386 -0.4151 -0.9674 -0.5142 -0.8200 -0.1123 0.1648 -0.3425 
19.2468 -1.0098 -0.9307 -1.7149 -1.0645 -1.1277 -0.5591 0.1330 -0.4842 -0.6379 -0.5341 -0.4247 -0.6989 
17.4070 -1.5372 -0.3005 -0.5694 -1.2081 -1.3945 -1.8643 0.4578 -0.7609 -1.0758 -0.4991 -0.3231 -0.1124 
18.9935 -0.0155 -0.0296 -0.5179 -0.8512 -1.7264 -0.9591 0.5591 -0.8273 -0.0212 -0.4205 -0.1270 0.0158 
18.4898 -0.3416 -1.5697 -2.1292 -1.5824 0.6489 -0.3569 0.5449 0.1452 0.1500 1.3887 0.9478 0.1664 
19.4476 0.6644 0.3171 -1.3762 -1.2826 0.5083 -0.7440 -0.1585 -0.9104 -0.0258 -0.3387 -0.0007 0.4894 
19.6189 0.4668 -0.8687 -0.9346 -0.4889 -1.0980 -0.8657 -0.3541 0.2427 -0.4501 -0.4360 -0.0888 -0.0918 
19.1600 -0.4671 -0.9007 -1.9105 -0.9702 -0.4275 -0.6809 0.5523 0.4501 0.3156 0.5731 0.1346 -0.2594 
19.3004 -0.3977 -0.6006 -2.5264 -1.5201 -0.0922 -0.4922 0.3797 0.4521 -0.4063 -0.2568 -0.3634 -0.2453 
19.7185 -0.3393 -0.9728 -2.5758 -1.1832 -0.3464 0.1003 0.0954 0.4338 0.0230 -0.2182 0.0666 0.1510 
19.9946 -1.2161 0.3065 -0.4168 -0.4956 -0.0126 -0.4944 -0.6730 -0.8725 0.2939 0.0668 -0.1407 0.0551 
19.0804 -1.2784 -1.1658 -1.6752 -0.7268 -0.1346 -0.5085 0.1531 -0.0575 -0.2366 0.0662 -0.5089 -0.5544 
20.3323 -0.0848 -0.9840 -1.3273 -0.8366 0.5366 0.2002 -0.0775 -0.4086 -0.1014 0.1079 0.1262 -0.6022 
19.9238 -0.3515 -0.3639 -0.9561 -0.6908 -0.2876 -0.8032 -0.6336 -0.4572 0.1086 0.0586 0.0918 0.0004 
19.1566 0.7044 0.7583 -0.5009 -2.0969 0.0398 -0.0411 -0.9084 0.1981 -0.4636 -0.8085 -0.1964 0.2344 
20.2609 -0.9928 -1.0099 -0.0799 -0.3410 -0.8221 -0.2046 -0.4031 -0.5009 -0.2655 -0.1740 -0.0706 -0.4074 
19.3088 -0.2890 -1.3872 -2.0868 -1.5672 -0.1826 -0.3288 -0.9921 -0.7764 0.1967 -0.4455 -0.1268 0.0421 
18.3987 -0.7715 -1.7934 -0.6605 0.6618 0.5197 0.5624 -0.6423 0.2437 0.3922 0.4390 0.3588 -0.4552 
17.7290 -0.1179 0.3653 -0.5401 -0.7403 -0.2646 -0.4801 -0.5942 0.4629 0.1967 -0.0569 -0.1398 -0.8665 
19.5425 0.1774 0.6017 -0.3000 -1.3990 -0.9668 0.3300 -0.1478 -1.0900 -0.7800 -0.0335 0.3985 -0.1342 
19.6046 -0.6343 -0.7508 -0.7209 -0.8561 -0.1757 1.1103 0.9768 -0.2666 -0.2835 -0.3127 -0.1352 -0.4917 
18.4330 -0.7179 -0.8182 -0.7891 -0.4990 -0.2671 0.4522 -0.3314 0.4362 -0.3191 -0.7083 0.4030 -0.2890 
20.1639 0.1179 -1.2133 -0.8859 -0.8549 0.2522 -0.2061 -0.3242 -0.9705 -0.2744 -0.3335 0.0917 -0.3286 
18.8062 -0.6081 -0.6956 -0.5942 0.6178 -1.8447 0.0790 0.4920 0.1244 0.3248 -0.4052 0.1930 0.7262 
19.0018 -1.0856 -0.8984 -0.4699 -0.7819 -0.3797 0.7395 0.8955 0.1504 0.3222 0.4960 0.1819 -0.4587 
18.8645 -2.1027 -0.8370 -0.7857 -1.1554 0.5873 0.8458 0.3459 0.2110 -0.5950 -0.0449 0.6559 -0.1486 
20.3009 -1.2257 -1.5491 -0.5948 -0.6987 0.7509 0.3245 -0.1886 -0.4468 0.0093 -1.0669 0.7314 0.0510 
19.7136 -1.5439 -0.5912 -0.3785 -0.2968 0.2646 -0.5594 0.1681 -0.2859 -0.6525 -0.4847 -0.3400 -0.2691 
20.2321 -1.2668 -1.5726 -1.1999 -1.0862 0.7479 -0.0815 0.3011 -0.5940 0.1680 -0.0282 -0.1758 -0.1504 
21.4484 -1.6444 -1.8618 -1.4356 -0.0234 -0.2787 0.6208 0.1272 -0.0930 0.2907 0.0887 0.2794 0.3304 
19.8337 -1.8914 -1.1521 -1.2793 -1.6512 -2.0977 -1.4324 -1.5203 -0.3586 -0.7076 -0.6582 0.0544 -0.3485 
20.8999 -1.3451 -0.6872 -0.8307 -1.0980 -0.7666 -0.2080 -0.4771 -0.6350 -0.3727 0.1491 0.2183 -0.3077 
20.2114 -1.7708 -0.6221 0.2626 -1.1357 0.2206 -0.5329 -0.4240 0.4688 0.2127 -0.3149 -0.0627 0.0193 
22.9536 -3.5495 -3.5455 0.6892 -0.0700 -0.2158 0.4087 0.6908 0.7777 0.4771 0.7446 0.5656 0.1437 
22.1670 -1.9155 -1.4120 -0.4831 -0.4012 -0.5173 -0.1396 -0.4327 0.5261 0.1466 0.2143 0.7495 1.0831 
22.8168 -3.6437 -2.6303 -0.2041 -0.2222 0.3490 0.4403 0.6381 0.5788 -0.1457 0.1277 -0.5083 -0.1551 
23.5045 -3.1255 -2.7257 -0.3373 -0.2836 0.4162 -0.9859 -0.3548 -0.1888 -0.0460 -0.5059 -0.0542 0.1100 
22.1827 -2.2282 -3.0826 -0.6748 0.2369 1.0606 0.6444 0.3369 0.2327 -0.0615 -0.5296 -0.4292 -0.4602 
29.0678 2.1139 -2.4270 0.0747 -1.3215 -1.5575 -0.2456 0.4345 -0.3772 -0.1763 -0.4412 -0.0684 0.2950 
33.3563 2.8091 -4.7476 -0.9021 -0.6718 -1.9795 -0.5542 -0.5633 -0.6334 -0.6403 -0.1867 -0.4024 -0.0701 
32.9452 1.9684 -3.1134 0.0776 -1.1461 -1.9080 -0.7318 0.5488 0.0671 -1.3320 -0.7657 -0.2526 0.3808 
35.1130 1.0784 -4.5949 0.5571 -1.1905 -1.3625 -0.3002 0.1871 -1.0501 0.0159 -0.7931 -0.4406 -0.2277 
35.5947 -0.3778 -4.0807 0.3379 -1.4212 -1.0763 -0.0591 0.2964 -0.9010 0.0576 -0.6015 -1.0091 -0.4523 
35.9344 -0.3222 -3.7920 0.4216 -1.8650 -0.8231 0.4087 0.4940 -0.6681 -0.0595 -0.4414 -0.6653 -0.0227 
35.7959 -0.4367 -4.3283 0.2076 -2.4989 -1.2758 0.0974 0.4874 -0.9047 -0.3381 -0.4968 -0.7935 -0.2106 
35.8317 0.0166 -4.0468 0.6514 -1.7906 -0.9723 0.6877 0.7509 -0.3961 -0.2945 -0.1457 -0.6800 -0.1595 
35.3491 -0.4226 -3.7652 0.2793 -1.9711 -1.7857 0.4357 0.3653 -0.6219 -0.9270 -0.5214 -0.7996 -0.1012 
34.7988 -0.0523 -3.4162 -0.1781 -1.2251 -1.5599 0.0882 0.3610 -0.6095 -1.3761 -0.9318 -0.7115 0.4555 
35.0546 0.4135 -3.3456 -0.6108 -0.7067 -1.0380 0.2023 0.1475 -0.5883 -0.9448 -0.9425 -0.7671 0.5185 
34.3701 0.6112 -3.8001 -1.4689 -1.4173 -0.9886 -0.5433 0.0731 -0.2411 -0.8285 -0.9149 -0.9046 0.1212 
32.5266 2.0223 -2.9505 -2.1579 -1.0026 -0.6797 -0.4330 0.9029 -0.0674 -0.1035 -0.8629 -0.4905 0.5138 
32.4357 1.7909 -3.8982 -2.4279 -0.8094 -1.4721 -0.1563 0.3846 -0.4021 -0.3550 -0.9719 -0.5467 -0.1330 
32.6013 1.9814 -3.5765 -1.7294 -0.7954 -0.7853 -0.1236 0.4572 -0.1613 -0.3519 -0.4580 -0.5509 -0.0532 
31.6058 2.2525 -3.9050 -1.5976 -0.9412 -0.9129 0.0991 0.0972 -0.1948 -0.4176 -0.4818 -0.8271 -0.2704 
31.0434 2.4689 -3.2299 -2.1257 -0.9254 -0.1249 -0.5949 0.7334 0.0390 -0.2915 -0.1398 -0.7268 0.0102 
30.7666 2.1713 -4.4981 -2.0592 -1.8242 -0.4879 -0.8157 0.1321 -0.0751 -0.7887 -0.6173 -0.9752 -0.3144 
31.2927 2.7064 -3.6723 -2.0286 -0.7851 -0.2113 -0.2695 0.0876 0.8247 -0.3580 -0.5385 -0.0167 -0.1942 
30.9842 2.6374 -4.6152 -2.2749 -1.0307 -0.2232 -0.9902 -0.0849 0.4746 -0.4957 -0.7190 -0.5112 -0.1742 
31.7796 2.5833 -4.3292 -1.8419 -0.0315 -0.9241 -0.8700 0.6996 -0.1651 -0.2288 -0.5542 -0.4979 -0.2063 
32.9350 1.9153 -4.3539 -0.4591 -0.6277 -1.3066 -0.3429 0.9063 -0.0080 -0.1425 -0.1728 -0.6611 -0.3245 
32.2669 1.8349 -3.6593 -0.4429 -1.6393 -1.4244 0.0519 0.8219 -0.5805 -0.0580 -0.8400 -0.5851 -0.1280 
32.3640 2.3367 -4.0654 -0.6115 -1.5734 -1.2548 0.4006 0.4848 -0.3874 -0.1127 -0.8320 -0.4904 0.0978 
32.2606 2.4174 -4.2863 -0.6557 -1.8560 -1.2787 0.4176 0.3865 -0.7182 -0.2353 -0.7650 -0.5354 -0.3420 
31.9513 2.4177 -3.0786 -0.8503 -1.9967 -1.2471 0.8078 0.3394 -0.2377 -0.2264 -0.6440 -0.2921 -0.0698 
29.8192 2.3920 -2.7787 -1.7025 -2.7308 -1.0848 0.3752 0.2364 -0.7023 -0.8321 -0.3987 -0.6661 -0.5514 
28.6740 3.8874 -2.0331 -2.1822 -1.6661 -1.5269 -0.4217 0.8017 -0.7409 -1.5013 -1.1310 -0.1826 0.4031 
28.2036 4.2184 -1.2140 -1.0589 -2.1780 -1.3659 0.3424 0.7593 0.2997 -2.1766 -1.6864 -0.2872 1.0669 
27.8637 5.2351 -1.5278 -2.9923 -2.1673 -0.3349 0.2549 0.0261 -0.5468 -1.0701 -0.5428 -1.0207 0.0219 
28.1532 5.7306 -2.2588 -2.8443 -1.5128 -0.3299 -0.0206 0.0806 -0.1317 -0.0710 -1.2536 -0.2876 0.0907 
28.6079 5.0277 -2.1324 -2.8838 -1.1503 -0.8798 -0.1282 0.4634 -0.1573 -0.9766 -0.2795 -0.9585 0.2975 
28.2941 4.5298 -1.7439 -2.7272 -1.2761 -0.6823 0.0523 -0.0723 -0.5794 -0.6669 -0.9348 -0.5208 0.1999 
26.8698 4.4644 -2.0284 -2.3058 -0.4360 0.4894 0.1430 -0.1298 -1.0709 -2.1682 -1.4821 -0.7538 0.3081 
27.6795 5.1882 -2.0437 -2.8107 -0.8469 -0.6115 -0.2805 -0.0375 -0.7674 -1.0313 -0.5456 -0.7760 0.1528 
28.2048 5.1886 -1.9351 -2.8300 -0.9962 -0.3320 -0.7145 -0.0166 -0.3421 -0.8827 -0.3898 -0.7581 -0.0543 
28.0695 4.7315 -1.5868 -2.6380 -0.7918 -0.6622 -0.5258 0.1798 -0.4755 -0.9134 -0.6662 -0.3439 -0.2509 
27.7057 4.2101 -1.5276 -2.4409 -1.0222 -0.2473 -0.3554 -0.5103 -0.8313 -0.8438 -1.0097 -0.6116 0.0150 
26.9092 5.4207 -2.1459 -1.9776 -0.4065 -0.3473 -0.3555 -0.3522 -0.6358 -0.9603 -0.8035 -0.3931 -0.3339 
27.1481 5.1259 -1.8052 -2.4527 -1.1329 -0.1231 -0.8898 -0.5817 -0.3036 -0.8603 -0.4365 -0.4952 -0.3322 
26.6226 4.6914 -1.2604 -2.0626 -1.1346 -0.2727 -0.3328 -0.4931 0.0078 -0.7348 -0.7434 -0.3223 -0.0163 
25.1779 3.6467 -0.7340 -2.7557 -1.8330 -1.1674 -0.9356 -0.4492 -0.8653 -0.3882 -0.8324 -0.6009 -0.2614 
24.1025 2.8772 -0.9390 -1.4183 -0.8407 -0.4288 -1.3196 -0.3228 -0.5759 0.1168 -0.5908 -0.2477 0.1537 
20.7364 0.9126 -1.1752 -2.2916 -1.5320 0.1993 -0.1265 1.1597 0.2728 -0.6340 0.7236 0.9310 0.2802 
21.7053 1.3230 -0.7281 -1.5228 -0.1139 -0.4237 -0.5573 0.7618 -0.3205 -0.2593 0.0311 -0.6141 -0.1081 
21.3313 0.0557 -0.7871 -1.4739 -0.9970 -0.1171 -0.3160 -0.4243 -0.7868 -0.5412 -0.3823 -0.2572 0.0771 
19.0776 -0.0977 -1.8632 -2.1285 -1.2671 -1.5533 0.8235 0.3639 0.5563 0.0669 -0.7484 0.1458 0.5674 
20.3571 0.8814 -0.3390 -1.4038 -1.5127 -1.0657 0.6761 0.5636 0.0669 -0.6529 -0.6623 -0.1335 0.3924 
19.9084 -0.5440 -0.0679 -0.4914 -0.5220 -0.0537 0.7434 0.5620 -1.1490 -0.7193 -0.6874 -0.0917 0.1492 
19.2146 -0.7391 -0.3298 -0.3931 -1.5700 -1.6144 0.8552 0.9983 -0.8225 -0.8927 -1.3750 -0.2201 0.5232 
19.3483 -0.7416 -2.4120 -1.6648 -0.5099 -0.0623 0.7676 0.3365 -0.9713 -0.4836 -0.0420 -0.2612 0.6406 
19.3321 -0.4491 -1.0359 -2.0238 -1.4354 -0.2071 -0.2813 0.7279 0.3255 -0.0926 -0.6444 0.2560 0.7692 
17.9481 -0.9906 -0.5445 -1.1842 -1.5824 -1.3824 -0.8167 0.9715 0.6359 -1.1637 -0.0676 0.4486 -0.1517 
18.5301 -0.3891 -1.1875 -1.2590 -1.8456 -0.6910 0.7166 -0.3644 0.3381 0.2563 -0.8120 -0.0525 0.2312 
19.6083 -0.2693 -0.0096 -0.4019 -1.3248 -0.8965 0.0417 0.0159 -0.7519 -0.2920 -0.2279 0.0677 0.0872 
17.6829 -1.8994 -1.6093 -0.6540 -0.8873 -0.1264 -0.1413 -0.6742 -1.2098 0.0636 -0.2933 -0.5414 -0.1272 
18.0880 -0.7382 -2.3036 -1.4378 -1.4526 0.8149 0.6457 0.5370 -0.0631 -0.8242 -0.3762 -0.2417 0.6795 
18.9287 -1.2777 -0.5187 -1.1780 -1.6826 0.7481 0.2890 0.6013 -0.6972 -1.4523 -1.3578 -0.2787 0.6720 
19.6196 -0.5807 -1.0440 -1.7854 -0.5895 -0.1872 -0.4176 -0.6341 -0.6972 -0.7638 -0.2949 -0.1621 -0.3546 
19.7584 0.2542 -0.1348 -0.8112 -1.3744 -0.1863 -0.2505 -0.5452 -0.2923 -0.1994 -0.3841 -0.0204 -0.0237 
19.9673 0.5715 -1.3389 -1.4367 -1.7132 -1.4738 0.1468 -0.0888 -0.5633 -0.3265 -0.6225 -0.0927 -0.1107 
17.7924 -1.5624 -1.1073 -1.1155 0.2195 0.3285 -0.0048 0.3569 0.1964 -1.2885 -0.1239 0.3763 0.2422 
19.0730 -1.3089 -1.2020 -1.7558 -1.1779 0.2159 -0.1763 0.5339 0.1902 -0.4592 -0.7560 -0.5521 -0.1528 
18.8207 0.2044 -0.0385 -0.9541 -0.3353 -0.6958 -0.5125 0.4218 -0.4500 -0.8051 0.7567 0.2037 -0.4342 
19.3095 -0.5874 -0.5996 -0.3402 -0.6867 -0.0775 0.4287 0.4155 -0.2634 -0.8434 -0.1740 -0.3690 0.1879 
19.2109 -0.6021 0.3578 -0.7777 -0.7469 -1.0847 -0.2382 0.5069 -0.5548 -0.2656 -0.3207 0.0360 0.4188 
19.5411 -0.4769 -0.3905 -0.3138 -1.4908 -0.5748 -0.5160 0.0624 0.1209 -0.1425 -0.1286 -0.5553 -0.2238 
18.6961 -0.3420 -1.1744 -1.9582 -1.3727 0.2528 0.0703 -0.4250 -0.5951 0.1441 -0.6721 -0.2827 -0.1016 
19.0415 -1.1256 -0.7503 -1.1474 -2.4314 -0.9364 -0.4366 -0.7609 -0.7595 -0.4917 -0.7962 -0.0897 0.3502 
19.1183 0.4011 -1.0994 -1.5954 -1.0115 -0.4491 -0.5261 -0.1861 -0.6097 0.2073 0.1626 -0.5121 0.1437 
18.4850 -1.1344 -1.0713 -1.6190 -1.3650 -1.0819 0.3535 -0.0571 -0.0177 -0.1815 -0.6419 0.3233 0.1274 
18.5389 -0.9847 -1.5929 -1.6396 -0.3225 -0.4042 -0.5426 0.2987 -0.0775 -0.2557 0.3598 -0.3163 -0.1752 
19.7678 0.3473 -1.7742 -1.7692 -1.3770 -0.1696 0.1817 -0.1108 -0.9340 0.2154 -0.1887 0.0347 -0.5488 
17.9811 0.4866 -1.1026 -2.0782 -0.7052 0.0945 0.3107 -0.0408 -0.9582 -0.7776 0.2001 -0.1210 0.2628 
19.2601 -0.8263 -1.3298 -2.4617 -0.9547 0.2132 0.1965 0.3481 -0.5225 -0.6761 -0.6299 -0.1631 -0.2392 
19.8030 -1.0333 -1.2968 -0.4734 -0.3708 0.3454 0.6866 -0.5024 -0.3101 0.0859 -0.7691 -0.6574 -0.1761 
18.5985 1.3464 -1.3863 -1.4778 -0.9714 -0.3995 0.1366 0.0906 -1.3196 0.2425 -0.6047 0.0827 0.0701 
16.8608 -1.4185 -1.1758 -1.0510 0.1184 1.2459 1.3206 0.2492 -0.9999 -0.4124 -1.1881 -0.4050 0.2770 
16.7380 0.1168 -1.0608 -2.3767 -2.0804 0.3160 -0.2900 0.3005 -0.5188 -0.5637 -0.0337 -0.3923 -0.6695 
19.7043 0.6123 -1.0611 -1.2025 -1.2022 0.2316 0.2663 -0.2302 -0.5309 0.2080 -0.7141 -0.2522 0.0787 
19.3815 -0.6673 -2.4076 -1.3050 -1.0405 -0.9884 -0.5303 -0.7281 -1.0458 -0.9830 -0.2995 -0.1716 -0.3303 
18.1630 -0.7353 -1.2089 -1.2024 -0.9444 0.4859 0.9323 0.3496 0.0961 -0.3670 0.5550 -0.3169 0.3366 
18.4167 0.8656 0.1895 -2.0070 -0.1949 0.0827 -0.0490 0.5137 -0.6750 -0.4380 -0.4615 0.0970 -0.1703 
19.3391 -0.3149 -0.6194 -1.2718 -0.4986 0.0902 -0.0266 0.4817 -0.5513 -1.5101 -0.3533 -0.5421 -0.2204 
19.8405 0.5350 -0.8775 -0.8332 -0.8554 -0.3131 -0.2239 0.5263 -0.1465 0.0687 -0.5178 -0.1832 0.3381 
18.2837 -1.1408 -1.9274 -0.1818 -1.4910 0.1416 0.3866 0.8683 0.2934 -0.0742 0.3002 -0.2301 0.4392 
18.6013 -0.1483 -0.0080 -0.2919 -0.9513 -0.5947 0.4380 0.6295 -0.0539 0.0247 -0.2318 0.0820 -0.3124 
17.8316 -0.3715 -1.2816 -0.6021 -0.4541 0.5468 -0.0163 -0.4430 0.2521 -0.0016 -0.5021 0.2259 0.2164 
17.7881 -0.7365 -1.9683 -1.4943 -0.9394 1.4827 0.0892 0.0635 -0.3896 -0.5089 -0.8832 0.0059 0.2467 
18.6683 0.5981 -0.2042 -0.3731 -1.9829 -0.4701 0.1608 1.1975 0.4422 -0.6464 -1.9439 0.4167 0.6727 
16.8970 -1.0859 -2.3557 -2.0987 -1.4599 -0.8986 0.7481 0.9074 -0.1375 -0.1468 -0.5246 0.0944 0.7998 
