25.8887 0.3071 -1.9927 0.4132 -1.2403 -0.6733 -0.7896 -0.3352 1.1024 -0.7167 -0.8938 0.1115 0.5274 
26.0522 0.5288 -2.1397 -0.6070 -1.2604 -0.5530 -1.4224 -0.7668 0.5474 -0.5255 -0.5059 0.3612 -0.6208 
25.5538 0.3160 -3.1551 -0.1547 -0.8204 -0.9709 -0.8075 -1.4064 -0.2720 -0.5364 -0.5268 -0.2089 -0.2075 
26.6529 1.1305 -2.3485 -1.4709 -1.6927 -0.1559 0.4391 -1.6924 -0.6002 -0.7308 -0.1101 -0.1234 -0.3026 
26.4846 1.3053 -1.5885 -0.3033 -1.7280 -0.5809 0.1827 -0.1824 -0.6212 -0.0789 0.3586 0.6845 0.1881 
27.5113 2.4967 -1.8509 0.9268 -1.5147 -0.7420 -0.3648 -0.1461 -0.6112 -0.3669 0.0151 -0.1832 -0.0615 
25.5518 1.0307 -2.4761 -1.2319 -1.6134 0.1098 -0.1738 -0.1405 -0.0065 -0.3239 0.5433 0.6545 0.3553 
26.4421 1.7198 -2.8529 -1.2716 -1.4239 -0.0521 -1.0201 -0.9355 -0.2145 -0.4089 -0.0120 -0.0193 -0.1036 
26.3812 1.9203 -2.0720 -1.0098 -1.3887 -0.0283 -0.3297 -0.5613 -0.3179 -0.2311 -0.4040 -0.0264 0.1488 
25.9763 1.2411 -2.4812 -2.9284 -2.4707 -1.7403 -2.0521 -1.1036 -1.3155 -0.6371 -0.9683 -0.2819 -0.1952 
25.0510 1.6609 -1.1397 -2.3983 -1.3811 -0.8386 -0.6064 -0.6395 -0.3158 0.5292 0.8454 -0.4125 0.2123 
24.5262 2.7920 -1.8347 -0.8155 -0.8995 -0.3056 -0.4771 -0.8782 -0.3650 0.1692 -0.3275 -0.0677 -0.5330 
25.2996 2.7219 -1.2030 -1.0367 -1.2466 -0.4788 0.0044 -0.6685 0.2566 -0.9964 -0.1939 -0.4813 -0.0559 
26.6414 2.2682 -1.7710 -2.3376 -2.2020 -0.0002 -0.3054 -1.1639 0.4206 0.4913 0.2421 0.0235 0.6989 
25.9480 0.7030 -0.7990 -0.9183 -1.6843 -1.2974 -0.7135 -0.6467 -0.7452 -0.6784 -0.2580 0.0203 -0.0394 
26.4922 0.7338 -2.0738 -1.8361 -0.8056 -0.4990 -0.0269 -0.8909 -0.0370 0.7391 0.9806 0.0498 0.6771 
25.4391 1.4181 -0.7341 -0.7045 -1.9579 -2.4059 0.0136 -0.9931 0.3071 -0.2750 -0.6103 -0.4848 -0.0935 
27.0351 1.7057 -1.9661 -1.3230 -1.1242 -0.5468 0.2440 -1.5723 -0.3020 0.2026 -0.3872 -0.4653 -0.0888 
24.4516 1.5853 -1.4152 -0.0552 -0.0037 0.0447 0.3454 -0.4630 -0.0730 -0.4594 -0.4498 -0.2013 0.1497 
22.7168 0.0541 -1.5039 -0.8743 -0.2601 0.6756 0.6207 -1.4150 -1.3165 -1.3071 -0.1530 -0.0459 -0.4027 
23.5222 1.9092 -0.6921 -0.3792 -1.6375 -0.7777 0.2955 -0.9076 -0.4788 -0.0024 0.0089 -0.2249 -0.0359 
21.6864 1.3930 -2.1289 -1.6697 -0.4899 0.1689 1.0562 -0.9882 -0.2701 0.3525 0.4737 0.5560 -0.4137 
22.4107 0.5384 -1.3872 -1.3699 -0.9407 0.1557 -0.0085 -0.8902 -0.1454 0.9802 0.0932 0.2798 -0.0533 
22.0640 -0.1618 -0.6280 -1.3872 -0.9535 -0.1492 -0.5952 -0.5276 0.3193 0.8822 -0.3810 -0.2540 -0.0531 
22.0323 0.3676 -0.7682 -1.1561 -1.5555 -0.4783 -0.3081 0.0956 -0.6313 -0.3390 0.9059 -0.4824 -0.4818 
22.4012 0.5518 -1.6891 -1.6064 -1.5624 0.1320 0.5364 -1.6134 -0.3608 -0.4411 -0.2292 0.0363 0.3567 
22.7252 0.7740 -0.6442 -0.0548 -1.1346 -0.6672 -0.5607 -0.7840 -0.7560 -0.2228 0.6407 0.0147 -0.1235 
22.8238 0.6340 -1.1064 -0.3096 -0.8005 -0.0104 -0.2656 -0.5416 -0.0038 -0.0359 0.1015 0.1613 -0.2091 
22.0543 -0.2543 -1.7207 -1.5173 -0.6887 0.0412 -0.4036 -0.5304 -0.1760 -0.1119 0.0416 0.0394 -0.2264 
22.3102 0.8832 -0.3788 -0.8830 0.2115 -0.2740 -0.4601 -1.0240 -0.6418 0.3228 0.8157 -0.4778 0.1265 
21.0895 0.3626 -0.7923 -1.1453 0.6991 1.8872 -0.8193 -0.5529 -0.9877 -0.1982 -0.4667 0.0748 0.1712 
21.9592 0.0393 -1.1979 -1.7200 -1.1971 0.5126 0.1630 -0.2091 -0.1077 -0.0972 -0.3856 0.4414 0.0640 
23.2241 -0.1979 -0.3014 -1.3506 -1.3977 -0.9461 -0.3664 -0.6942 -0.9689 -0.0280 -0.0189 0.1277 -0.5302 
24.4468 0.2675 -2.0806 -1.4056 -1.1388 -0.6656 -1.3083 -0.8280 -0.8659 -0.3791 -0.0336 -0.1423 -0.3433 
23.8507 1.5376 -1.6051 -1.7464 -0.3690 -0.1982 -0.3294 -0.0925 0.3271 -0.2400 1.1904 -0.0392 -0.3211 
23.8643 1.0347 -1.2624 -0.7163 -0.3676 0.1311 0.0466 -0.6530 0.1701 0.1796 -0.8471 -0.0152 -0.0279 
21.7324 -0.4701 -1.6753 -1.2336 -2.5601 -0.6760 0.2081 -0.6977 0.1327 0.8760 0.0945 1.0284 0.2710 
20.9577 1.2304 -1.2035 -0.9357 -1.6261 -0.6075 0.2458 -0.4652 0.7008 0.0743 -0.2273 -0.2720 0.2726 
22.7716 0.9688 -0.4980 -0.2051 -0.1377 0.0337 0.1097 -0.8540 0.0630 -0.0271 -0.1018 0.6044 -0.3071 
23.7674 1.2847 -0.0277 0.1194 -0.8085 -0.2552 0.0713 -0.2912 0.0659 -0.0668 0.4193 -0.2039 0.1851 
22.5957 1.7712 0.4169 -0.4732 -0.8272 -0.2453 -0.2701 -0.5348 -0.3831 -0.5599 0.7256 0.5958 -0.1704 
22.1032 0.7440 -1.0392 -1.5578 -0.3780 -0.1359 0.1702 -0.1225 0.2345 -0.4240 -0.2068 -0.2216 0.0597 
21.7206 1.6847 -0.6223 -0.6494 -1.3885 0.0395 -0.5777 -0.5840 0.2311 -0.5362 -0.5198 0.4182 -0.0182 
22.4045 1.0916 -0.1418 -0.6151 -1.3681 -0.1357 -0.3715 -0.8401 -0.1844 0.1263 0.0651 -0.2318 -0.6419 
22.3041 0.1996 -2.8178 -0.4527 -2.0470 -0.9723 -0.2599 -0.9166 -0.5766 0.2150 -0.3743 -0.3408 -0.6310 
24.3330 -0.5499 -0.4908 -1.4908 0.2692 -1.1042 0.1589 -0.4665 -0.0598 0.2952 0.1816 0.1814 -0.3384 
23.8099 0.2755 1.2793 -1.8006 0.0764 -2.1208 0.0275 0.2671 0.1868 0.3604 -1.2973 0.0442 0.7940 
21.6652 0.1383 -0.4156 -1.2358 -0.7402 -1.9756 -0.0592 -0.4094 -0.6493 0.3648 -1.0861 0.0148 0.3271 
23.2774 -0.2375 -2.0414 -1.0595 -1.3082 -0.0020 -0.1092 -0.6569 -0.3957 0.1614 -0.3530 -0.3031 -0.3318 
21.5661 0.6496 -1.0941 -0.9378 -1.2848 -1.0097 -0.1419 0.3110 0.1901 0.1204 0.0374 0.7259 -0.0682 
22.7972 0.6055 -1.0274 -0.8143 -1.0611 -0.1002 -0.6053 -1.6068 0.9770 1.0206 0.2959 0.4069 -0.2725 
23.9055 1.0293 -0.9793 -0.6383 -1.4502 0.0987 0.6990 -0.6503 -0.5907 -0.2509 -0.3527 -0.1832 -0.0713 
21.4684 -1.4065 -2.2912 -2.7707 -1.7557 -1.0314 -0.8693 -0.5450 0.5361 0.4564 1.0486 0.9063 0.8433 
22.9123 -0.2379 -0.8366 -0.8352 -0.1379 0.6186 0.8487 -1.1173 -0.8408 -0.3726 -0.5044 -0.1444 -0.4987 
23.2981 -0.0610 0.0017 -1.1252 -1.0324 -0.0651 0.0809 -0.4441 0.2290 0.0016 -0.4537 0.0841 -0.2494 
23.3478 1.4932 -0.6566 -0.2104 -0.3963 -0.8234 -0.5485 -0.0953 -0.5686 0.0704 0.5073 -0.2828 -0.2339 
22.5197 1.3814 -1.2063 -1.2033 -0.4011 -0.0998 -0.4544 -0.2325 0.8135 -0.4369 0.2362 0.0832 0.0620 
23.1562 1.6285 -1.4749 -1.7196 -1.1734 -1.0514 -1.1605 0.4959 -0.6797 -0.3307 0.0405 0.5079 -0.5084 
21.6323 0.6147 -1.1095 -1.3453 -0.6229 0.1848 0.0253 0.4468 0.0429 0.5524 0.1560 -0.0626 -1.2461 
21.9440 1.0330 -0.9782 -1.0144 -1.4938 0.1307 0.4917 -0.7569 0.4749 0.5323 0.8160 -0.6589 -0.6979 
21.2029 0.4801 -1.0540 -0.4675 -0.9966 0.0111 -0.6628 0.0146 1.3200 -0.7675 -0.4555 0.1541 0.8698 
21.9501 0.6125 -0.2841 -1.0596 -0.4935 -0.0102 -0.1738 -0.1479 -0.1494 -0.7008 0.4930 0.4676 -0.4504 
22.6980 0.7587 -1.3462 -0.5816 -1.3519 -1.0389 0.3147 0.3063 0.3061 0.3953 -0.3931 0.1270 0.3854 
21.1536 -0.1384 0.2224 -0.2880 -0.6077 1.1243 0.9839 -1.0487 -0.6494 -0.7205 -1.2315 0.2162 0.5723 
22.1873 0.2630 -1.4140 -1.7615 -0.5380 -0.2108 0.7187 0.4545 0.1552 0.0971 -0.2159 0.3338 0.0154 
22.1863 1.1019 -0.3195 -0.9248 -1.0114 -0.6984 -0.9084 -0.4961 -0.7853 0.0592 0.1075 0.3063 -0.8407 
23.2152 -0.6447 -0.8846 -0.8390 -1.8748 -0.2490 0.1173 -0.4094 -0.8363 0.7447 0.4047 0.4152 0.0157 
23.4086 1.4467 -0.6175 -0.1737 -1.2719 -0.4962 0.2465 -0.6020 0.1347 0.0296 -0.1324 0.0126 -0.1706 
22.8781 1.1438 -1.8670 -1.1121 -0.0622 0.1659 -0.7301 0.6403 0.6835 -0.4366 0.3249 -0.2031 -0.6403 
21.8278 -0.2492 -0.9225 -1.4652 -1.3486 0.1076 0.8376 0.1678 0.4256 0.2015 -0.4595 -0.4400 -0.4790 
20.9976 -0.3033 -1.1868 -0.5242 -1.8146 0.1047 1.1595 0.1248 0.2010 -0.0521 0.0742 0.0202 -0.4681 
21.1998 -0.3461 -1.8156 -0.7672 0.0484 -0.2156 0.5252 -0.1340 0.1891 0.0851 -0.1572 -0.1359 -0.3388 
21.0529 -1.9019 -1.8191 -0.9936 -0.7991 -0.6916 -0.0387 0.0023 0.1186 0.6993 0.2496 0.4116 0.0313 
22.6886 0.1066 -0.7185 -1.2701 -1.1725 -0.2976 0.1654 0.1299 -0.0330 0.4325 -0.5736 0.3334 -0.3663 
23.5587 0.8868 -1.3491 -0.4765 -0.4895 -0.2123 -0.1512 -0.2087 -0.6657 0.1813 0.4562 -0.7176 0.1497 
23.1666 -0.0057 -1.3376 -0.5154 -2.4524 -0.6617 0.0778 -0.7877 -0.2533 -0.5374 -0.5268 -0.6310 -0.2929 
22.6237 0.8034 -0.7661 -1.2087 -1.0762 0.2679 -0.0158 -1.0497 0.8928 0.8667 -0.1980 0.5077 0.3250 
23.1080 0.5628 -0.7654 0.0230 -0.8915 -0.8972 -0.4683 -0.4465 0.7099 0.4747 -0.1843 -0.3450 0.1375 
23.1674 -0.9619 -2.5510 -0.8175 -2.1949 -0.0955 -0.0297 0.7483 0.3641 -0.1369 -0.5715 -0.5651 -1.2227 
23.0011 0.0264 -0.3773 -0.7426 -0.4845 -1.1045 0.5792 -0.5248 -0.9771 0.4811 -0.1705 -0.1923 0.0892 
23.4925 -1.0492 -0.7800 -1.0825 -1.6609 0.1734 0.2605 -1.0313 0.0357 0.7466 -0.2280 -0.1261 0.4471 
23.5505 1.1354 -0.8572 -0.9852 -0.8820 -0.0278 -0.4044 -1.2288 -0.2575 -0.0533 -0.3709 0.0913 0.2346 
23.6733 0.7595 -0.1915 -0.1757 -1.2306 -1.0647 -1.3243 -0.6080 -0.0476 0.0841 0.2357 -0.1394 -0.0997 
22.6748 0.4123 -1.4855 -1.0925 -0.6234 0.0281 0.9063 -1.2341 -0.7181 -0.2347 -0.1713 0.0866 0.1573 
22.9262 0.6230 -0.9839 -1.4047 -2.2431 -1.8857 -0.2281 -1.3798 -0.0070 0.3333 -0.4101 -0.6731 0.2820 
23.9303 0.9079 -0.6498 -0.9551 -1.7148 -1.2840 -0.7813 0.7718 -0.4213 -0.5127 0.0754 -0.0944 -0.0802 
24.8262 1.8109 -1.9545 -1.1462 -1.6742 -0.7355 -0.7446 -1.0478 -0.5856 0.0155 0.1818 -0.5512 -0.7707 
25.5256 1.5933 -1.8409 -0.8813 -0.5409 -0.1023 0.6736 -0.6479 -0.6641 0.0383 0.1957 -0.1324 -0.3205 
24.9127 1.4050 -1.4123 -0.9113 -0.7660 -0.8529 -0.0204 -0.8517 0.9211 -0.0847 0.0479 -0.0435 0.0157 
23.7306 0.5541 -3.3774 -1.1345 1.1520 0.7663 -0.1965 -0.2866 0.3274 0.1958 0.2193 -0.2473 -0.6162 
23.9671 -0.0771 -1.9338 -0.6872 -1.7403 -0.9854 -0.4650 -0.0068 -0.9357 -0.5764 -0.0361 0.4154 -0.3937 
23.5422 -0.6425 -0.4742 -0.1413 -0.4081 -0.6925 0.3885 -0.9180 -0.0715 1.2453 0.0373 0.5851 0.0600 
23.1655 0.2688 -0.5763 0.3098 -0.7307 0.7537 -0.5817 -0.0679 0.9362 1.1400 -0.6501 -0.6973 -0.7102 
23.5409 0.4854 -0.5728 -0.7970 0.0591 0.1456 0.7805 -0.8361 -0.0935 0.0502 0.1381 0.1367 -0.5191 
23.7967 0.8691 -1.2867 -1.5348 -0.7918 -0.9126 0.8626 0.1817 -1.0387 0.0401 0.5171 0.9102 -0.2924 
27.2848 -2.3887 -3.9638 0.1089 -0.2788 0.1055 0.0452 0.0448 0.0885 0.1514 0.0758 0.0620 -0.6802 
30.6094 -1.8968 -4.3743 -0.0592 -0.5161 0.0758 0.0679 -0.8143 -0.4720 -0.1308 -0.1921 -0.0701 -0.3355 
26.5216 -0.9358 -2.4230 -0.5283 -0.2178 0.0496 0.3762 0.0967 0.0743 -0.2099 0.4091 -0.1254 0.1282 
27.2384 0.2250 -2.7910 -0.1999 0.0502 0.1447 0.3497 -0.0056 -0.2887 -0.1974 -0.3288 -0.2644 -0.3543 
27.1120 0.0012 -2.6470 -0.4155 0.1317 -0.6774 -0.1539 -0.5646 -0.4114 0.0832 0.4315 -0.2727 0.4608 
36.4454 0.2035 -3.5501 0.0166 -1.2627 -0.9627 -0.8949 -0.4027 -0.5547 0.1602 -0.2606 -0.1885 -0.3646 
37.9319 -1.3738 -4.0078 0.1508 -1.6926 -1.7960 -0.6913 -1.0720 -1.0989 -0.9115 -0.6343 -0.4037 -0.3237 
37.9701 -0.9116 -3.2057 1.0734 -0.9462 -1.1111 -0.1109 -0.9980 -0.2943 -0.7213 -0.2178 -0.1093 -0.1294 
37.2927 -1.9673 -3.0957 0.5973 -1.1129 -0.7402 -0.2263 -1.4353 -0.5508 -0.6733 -0.9584 -0.4044 -0.0879 
37.5250 -1.1030 -2.9644 0.7237 -1.1587 -0.7446 -0.5528 -1.2453 -0.5932 0.3112 -0.8456 -0.3150 -0.1301 
37.6783 -1.3299 -2.8938 0.6098 -0.5558 -0.4195 -0.0381 -1.2599 -0.7435 -0.1322 -0.7569 -0.2045 -0.1032 
37.2405 -2.2083 -3.5498 0.2271 -1.0337 -1.4752 -0.3702 -1.6503 -1.2861 -0.5536 -1.2266 -0.6663 -0.5768 
37.1360 -1.0488 -3.0682 1.0019 -0.5468 -0.4927 0.1062 -1.3150 -0.6654 -0.4892 -0.7291 -0.5961 -0.3369 
37.0860 -0.1942 -3.7565 0.4247 -0.9738 -1.0279 -0.3440 -0.9865 -1.0318 0.1468 -0.8564 -0.3678 -0.1724 
35.1073 1.2786 -2.9717 -0.4215 -0.5105 -0.4823 0.0843 -1.0067 -0.3189 -0.4799 -0.1411 -0.2265 -0.3709 
32.4746 0.8008 -1.6868 -0.8446 -1.0366 -0.1904 -0.2694 -0.7728 -1.1568 0.1163 -0.0473 -0.2873 -0.4962 
30.2705 0.5581 -1.8920 0.3665 0.5347 -0.6558 0.4160 -1.1181 -1.1050 -0.3399 -0.1776 -0.3103 -0.2103 
30.1511 1.4271 -0.9274 -0.6859 -1.4569 -0.5168 -0.2612 -0.7841 -0.6523 0.0329 -0.5881 -0.5130 -0.1608 
28.9971 1.6858 -0.5200 0.4014 -1.7509 -1.0866 -0.6518 -0.6544 -0.5916 -0.7092 -0.5867 0.6394 -0.3077 
30.8138 2.0219 -3.3537 -0.2078 -1.1106 -0.6303 -0.7506 -0.4883 -1.1593 -0.4893 -0.6591 -0.7533 -0.0583 
32.1331 1.2369 -4.1833 0.3585 -0.6274 -0.3046 -0.2307 -1.1765 -0.6287 -0.7568 -0.4839 -0.8476 0.1612 
33.9299 0.7035 -3.9904 0.4121 -1.2064 -0.1538 -0.5041 -0.9830 -0.9191 -0.6438 -0.7180 -0.6457 -0.2093 
34.3780 0.3016 -3.6221 1.1546 -0.9727 0.6703 -0.2157 -0.8253 -1.0876 -0.6481 -1.0672 -0.8065 -0.1212 
34.2830 0.7054 -3.9692 0.6171 -1.8192 0.2663 -0.2816 -0.9031 -0.8138 -0.4477 -0.7346 -0.7641 -0.2248 
34.6622 1.0591 -3.7800 0.3571 -1.7451 -0.0539 -0.3235 -0.8546 -0.6638 -0.2879 -0.4074 -0.4996 -0.2202 
33.2133 2.2801 -3.9068 0.6882 -1.8587 0.0331 -0.1678 -0.8470 -0.1276 -0.4185 -0.0035 -0.6833 -0.1891 
31.9039 2.1751 -2.8451 -0.8627 -0.9909 -0.1226 -0.3334 -0.7769 -0.6895 -0.3442 -0.4849 -0.6742 -0.3240 
31.1349 3.0041 -2.6604 -0.8390 0.0388 0.3597 -0.4063 -0.6624 -0.8768 -0.2015 -0.8700 -0.9015 -0.0031 
31.5675 3.1337 -3.7337 -0.5148 -1.0347 0.4097 -0.9220 -0.4847 -1.0217 0.1365 -0.8367 -0.6210 -0.3209 
31.5837 3.2906 -3.6192 -0.7147 -1.4721 0.1396 -0.9479 -0.9228 -0.9925 0.1921 -0.8706 -0.4253 -0.3311 
31.1558 3.9911 -3.1764 -0.9510 -0.3883 -0.3277 -0.0926 -0.7576 -0.9359 0.3728 -0.7360 -0.4435 -0.0964 
30.7249 3.4175 -2.8185 -1.2022 -0.4847 -0.3139 -0.4860 -1.0538 -0.7963 0.1034 -0.5328 -0.8170 0.1732 
29.6597 2.8996 -2.8000 -1.0266 -0.2509 -0.0398 -0.5710 -0.7992 -0.9210 -0.2438 -0.5002 -1.3427 -0.1238 
28.8206 4.1279 -2.7388 -1.0677 0.6040 -0.9008 -0.4005 -1.0573 -1.0365 0.2614 -0.5845 -0.7770 0.0955 
28.3536 3.7272 -2.3824 -1.6226 -0.0607 0.2750 -0.7797 -1.4009 -0.3431 -0.5754 -0.4490 -0.5686 -0.2301 
28.0860 3.4483 -1.4151 -1.2124 -0.7580 -0.1088 -0.9246 -1.3086 -0.3893 -0.2141 -0.1777 -0.3942 -0.2668 
27.5267 3.5126 -0.9726 -1.5736 -0.4796 0.0767 -1.4913 -0.7793 -0.2440 -0.4640 -0.1790 -0.0473 -0.3542 
26.8062 1.6371 -2.2904 0.4928 -0.0061 0.1830 -0.2711 -1.5469 -1.0329 -0.7532 -0.5045 -0.0013 -0.2974 
25.6917 1.0490 -0.3895 -0.7501 -1.2866 -0.0547 0.3615 -0.8858 -1.0446 -1.1305 -0.2759 0.4529 -0.7245 
25.1887 1.6392 -1.7603 -2.0445 -0.4928 -0.3947 -0.3793 -0.8897 0.0984 0.0111 0.3564 0.0765 -0.3544 
24.6595 0.9102 -1.4010 -0.8401 -0.7547 -0.9201 -0.5822 -1.1912 -0.0711 0.0445 0.5819 -0.2559 -0.0227 
24.5277 0.5306 -1.8318 -1.5171 -0.1970 -0.5641 -0.4635 -0.5402 -0.4180 0.1017 0.1704 0.0946 -0.0069 
24.3688 -0.6095 -1.8667 -1.3245 0.5267 0.5962 0.0666 -1.1787 0.0225 -0.4600 -0.9457 -0.5143 0.2406 
24.0869 1.7720 -1.3981 -1.9559 -0.4393 -0.0325 -1.0584 -0.8325 -0.5702 -0.3588 0.4362 -0.2377 -0.4078 
24.2889 1.5331 -0.9730 -0.8372 -0.8857 -0.5335 -0.4941 -0.1078 0.5938 0.0065 -0.3604 -0.3242 0.2002 
23.2526 1.4982 -1.4897 -1.4192 -0.2917 0.1704 -0.4283 0.0912 0.2224 0.4049 -0.4418 0.3617 0.0286 
23.3086 0.7570 -0.9948 -0.5438 0.0810 0.6572 0.3601 -1.3236 -0.4859 -0.9249 -0.8493 -0.1262 0.2825 
23.8745 0.2404 -2.1632 -1.1744 -1.1067 0.1508 0.8972 -0.9462 0.4552 -0.3065 -0.1024 0.2370 -0.8115 
22.8094 -0.1333 -1.8639 -1.5235 -0.9838 -0.4144 -0.1032 -0.0398 0.1856 0.9023 0.1794 0.2336 0.6569 
24.5019 1.9094 -1.2186 -1.4215 -0.5716 -0.3868 -0.2292 -0.2188 -0.8977 0.3561 -0.0036 -0.3907 0.1061 
22.2804 0.9229 -0.6469 -0.1247 -0.6705 0.1129 0.7668 -0.7459 0.2841 0.0976 0.1806 -0.7734 -0.5351 
23.3052 0.1151 -2.0459 -1.4846 -0.6195 1.0674 0.7351 -0.1898 0.2874 -0.0650 0.5057 0.2238 -0.1888 
23.9727 1.1010 -0.8234 -0.5695 -0.7647 -0.3554 -0.5898 -0.6279 -0.6357 0.4933 -0.1157 -0.1755 0.0903 
24.1825 2.5477 -0.9600 -1.4769 -0.3483 -0.0151 -0.6550 -0.6028 -0.0815 0.3156 -0.0458 -0.1023 -0.0863 
22.6516 0.9261 -0.1054 -0.8545 0.6403 0.5713 0.7847 -0.0210 -0.4975 -0.8660 -0.8154 0.0840 0.3199 
23.2043 1.0558 -0.5370 -0.6502 -0.7711 -0.5561 0.0578 -0.0420 0.7916 -0.2871 0.0705 0.6137 -0.3753 
23.1663 0.6604 -1.1403 -0.0531 -0.2131 0.8005 -0.4458 -1.1052 -0.1162 0.1905 -0.3771 0.3102 -0.7765 
23.1600 2.2219 -1.5121 -0.6066 -0.6265 -0.3695 -0.0815 -0.4586 -0.1243 -0.2125 -0.0873 0.4566 -0.5839 
23.4946 0.5395 -2.0147 -1.0884 -0.9738 -0.8839 0.0138 -0.4279 -0.4695 0.5637 -0.4039 -0.2069 -0.0578 
22.6561 -0.0997 -0.1655 -0.6372 -0.3991 0.6422 -0.4560 -0.8096 -0.8067 0.4208 0.2692 -0.6130 -0.1150 
22.9937 1.0286 -0.7330 -1.3998 -0.8334 -1.1985 -0.2867 0.3703 -0.2277 0.5363 -0.2704 -0.0241 0.1356 
22.2710 1.4610 -1.2128 -1.4814 -1.8395 -0.1532 -0.2980 -0.0872 -0.2276 0.1492 -0.4399 0.1695 -0.3726 
22.0411 1.3981 -1.4433 -1.5226 -0.4561 -1.2324 0.1589 -0.7007 0.4269 0.4399 0.0919 -0.1932 -0.2546 
22.8912 0.3788 -2.1937 -2.3516 -0.7714 -0.6235 0.4691 -1.0867 -0.3371 0.0789 -0.3611 -0.5961 -0.0833 
22.2714 1.3228 -0.3443 -1.5626 -1.0028 -0.0462 -0.6405 -1.6065 -0.1393 0.3046 0.8196 -0.1042 -0.0345 
23.2722 1.4428 0.0627 -0.8852 -0.5025 -0.4048 -0.2773 -1.4361 -0.3459 -0.0859 0.7670 -0.1756 -0.0128 
22.5796 0.6126 -2.4651 -1.3511 -0.6442 -1.1647 0.1971 -1.1129 -0.8953 -0.4297 -0.2467 -0.3739 0.1587 
22.7786 1.4416 -1.6840 -0.8003 -1.0001 -0.5646 0.0874 0.2206 -0.0846 0.3190 -0.2499 0.5653 0.2337 
23.5290 2.5996 -1.6919 -0.7228 -1.3835 -0.2060 -0.5643 -1.2058 -0.3922 0.6773 -0.2130 -0.4516 -0.0742 
23.1279 1.2996 -1.5628 -1.1589 -0.8530 0.1268 0.3601 -0.5479 0.4550 0.2073 -0.2320 0.1122 -0.9028 
22.6426 1.3903 0.6445 -1.3697 -1.7268 0.6340 -0.1228 -0.6126 -0.2842 0.4103 0.1724 -0.1083 -0.6548 
21.8286 0.2638 -0.6950 -1.3505 -0.5874 -0.6218 -0.1348 -0.6668 0.2455 0.9256 0.0388 -0.4405 -0.1508 
23.2011 0.6893 -1.6985 -1.5165 -0.4155 -0.6587 -0.0046 -0.1658 -0.5099 0.0674 -0.4684 -0.1868 -0.2479 
23.4301 1.4414 -0.3605 -1.1437 -1.4102 -0.7651 0.1599 -0.6305 -0.6886 0.0737 0.2272 -0.0439 -0.0788 
23.1745 -0.2237 -1.3661 -0.2307 -0.7854 -0.0024 0.7371 -0.3607 -0.3495 -0.4238 -0.0176 0.1398 0.0528 
21.2756 0.4611 -1.2604 0.0838 -0.1196 -0.4558 -0.0680 -0.9183 -0.7729 1.0283 -0.1770 -0.6523 -0.3098 
21.0603 0.8043 -0.7893 -0.7342 -2.3623 -1.4428 0.5166 -0.6965 -0.2844 0.3097 -0.6054 -0.0916 -0.0701 
20.9652 0.1767 -0.2970 -1.2526 -1.0182 -0.5367 -0.6731 0.1109 -0.5983 0.4380 0.8440 -0.3162 -0.5489 
20.0474 -0.9414 -2.1336 -1.8234 0.2969 -0.7742 -0.0733 -0.5581 -0.9077 0.6755 -0.1341 -0.4632 -0.8090 
20.3652 -0.1762 -2.8321 -1.3220 -1.3175 -0.5484 -0.9868 -1.7897 -1.1637 -0.0052 -0.4378 0.4844 -0.6699 
20.4755 -0.7389 -1.8448 -2.6541 -0.8428 -0.0814 0.3439 -0.2159 0.6486 0.1005 0.2719 1.1371 0.1277 
20.2652 0.6837 -1.6379 -1.0833 -0.5552 -1.1170 -0.5958 -1.3441 -0.4615 -0.4403 0.2430 0.6845 -0.8545 
21.6871 0.9480 -1.1313 -0.3397 -1.0630 -0.2483 -0.4988 -1.2577 -0.6404 0.4616 0.0932 0.1798 0.1118 
22.0014 0.8048 -0.9300 0.3688 -0.5792 -1.1187 -0.9617 -0.6190 0.1881 0.0251 0.2956 -0.2235 -0.1947 
22.1756 0.4788 -1.5547 -0.2468 -0.6619 -0.1688 0.5953 -0.3815 -0.4503 -0.3880 -0.1350 -0.4222 -0.3382 
21.2204 1.6586 -1.3791 -1.6385 -1.9112 -0.6187 0.4838 -1.2532 -0.3981 -0.5594 0.0735 -0.2178 0.1862 
20.9178 0.8546 -1.3576 -1.5120 -1.2977 -0.3464 0.6166 -0.6411 -0.0458 0.7219 0.1872 -0.1874 -0.4503 
22.2823 0.9205 -1.1045 -1.8112 -0.0273 -0.0911 -0.3975 -0.0253 0.0901 0.5188 0.1735 -0.1085 -0.4299 
20.8552 0.9746 -0.8994 -0.2282 -0.9655 -0.5537 0.7852 -0.5034 -0.7016 -0.0939 -0.0512 -0.4568 -0.0518 
20.9231 -0.2737 -1.9616 -1.3663 -1.4170 0.7567 0.0017 -0.7714 -0.1318 0.9188 -0.1113 -0.0655 0.3463 
