19.2305 12.2737 -5.9395 -2.4341 3.0947 -1.5934 -1.8556 2.1623 0.0814 -1.8743 0.6720 0.3665 -1.7117 
20.8664 12.3358 -7.9367 -2.5652 3.9503 -2.5535 -2.9568 2.5994 0.0581 -2.8115 0.8740 1.4005 -1.2604 
23.4679 14.6637 -8.1042 -3.4701 4.4622 -1.2639 -2.8264 1.9372 0.1892 -2.2888 0.6068 0.8349 -1.3767 
22.7185 14.3963 -7.3976 -3.2485 3.7393 -1.8225 -2.7157 2.1353 0.3769 -1.7525 1.2334 1.2254 -1.0590 
22.4372 14.3664 -6.9455 -3.0290 3.4339 -2.0527 -2.6088 2.1280 0.1710 -1.9720 0.7391 0.5570 -1.1368 
21.8157 13.9425 -6.7719 -2.7963 3.7651 -1.3679 -1.8644 2.6421 0.4831 -1.9798 0.2382 -0.3173 -2.1460 
22.0184 13.9608 -7.3900 -3.8585 2.9007 -1.8755 -2.6590 1.1844 -1.0276 -2.7619 0.2240 -0.0529 -2.0284 
21.5244 13.5597 -7.1437 -3.0581 3.8711 -1.1282 -2.0963 2.0750 0.3573 -1.5010 0.8311 0.0680 -2.2099 
23.0121 15.1599 -6.4370 -2.9628 3.5694 -1.4364 -1.8968 2.5360 0.4596 -1.7166 0.5374 -0.3016 -2.1557 
23.0901 15.2308 -6.5468 -3.2804 3.3132 -1.4526 -1.8188 2.6043 0.6101 -1.4172 0.9876 0.2097 -1.8192 
22.5182 14.2359 -7.3004 -3.1516 3.6137 -1.7351 -2.2738 2.2809 0.1878 -1.8639 0.6637 0.0084 -1.7063 
22.4075 14.4218 -6.8275 -3.0929 3.3251 -1.7500 -2.1128 1.9235 -0.7943 -2.6204 0.9147 0.8494 -1.3371 
22.9068 14.7174 -7.0236 -3.0904 3.6655 -1.5587 -2.1938 1.9807 -0.3511 -2.1559 0.8535 0.3215 -1.7669 
23.0887 14.8030 -7.2056 -3.3211 3.4795 -1.7883 -2.3146 2.2188 0.0122 -2.1794 0.3163 -0.4714 -2.5357 
22.9677 14.8959 -6.6769 -2.8560 3.4376 -1.9265 -2.0419 2.5964 0.1745 -1.9346 0.7433 -0.1190 -2.1652 
23.1602 14.7944 -7.1742 -3.0716 3.6118 -1.7572 -2.0287 2.3858 -0.3458 -2.4984 0.4872 -0.1081 -2.0261 
23.2090 14.8370 -7.2286 -3.2054 3.3921 -2.2999 -2.7716 2.1590 0.1574 -1.8010 1.1799 0.6128 -1.7149 
23.7299 15.4285 -6.9112 -2.9685 3.8255 -1.7614 -2.6066 1.6957 -0.5524 -2.2036 1.1725 0.7661 -1.4958 
23.8750 15.6495 -6.6916 -2.8727 3.7902 -1.6184 -2.0973 2.2932 -0.1689 -2.1183 0.8732 0.1546 -2.1834 
24.3474 15.9505 -6.9376 -3.2733 3.3603 -2.1403 -2.6171 1.8013 -0.6353 -2.4302 0.6576 -0.1518 -2.3959 
24.4755 16.3306 -6.5842 -3.4931 2.9538 -2.0505 -2.1452 2.2493 -0.3257 -2.3007 0.6617 -0.0430 -2.0556 
24.6832 16.1124 -7.1871 -3.3154 3.8077 -1.7168 -2.4333 2.3211 0.3355 -1.7719 0.7856 0.1238 -1.8260 
23.5928 15.1993 -7.1433 -3.0348 4.0546 -1.1778 -1.5793 3.0666 0.5952 -1.8524 0.8424 0.2549 -2.0720 
24.0468 15.7052 -6.9964 -3.2925 3.6057 -1.6281 -2.2114 2.1708 -0.0770 -2.0985 0.4705 -0.2659 -1.9833 
24.1220 15.6948 -7.1919 -3.4459 3.6640 -1.5763 -2.3405 2.1030 0.0195 -2.0631 0.6237 0.3597 -1.3735 
23.6818 15.3024 -7.1451 -3.1400 4.0523 -1.0539 -1.7432 2.4154 -0.1560 -2.4844 0.1818 -0.2084 -2.0504 
23.3991 14.9947 -7.1833 -2.9443 4.0092 -1.7725 -2.8308 1.6118 -0.4984 -2.4198 0.6669 0.3357 -1.8757 
23.8461 15.7278 -6.7510 -3.2750 3.6109 -1.6851 -2.8398 1.3061 -0.5628 -2.4026 0.2725 -0.1806 -2.2841 
23.1693 14.9234 -7.1579 -3.4520 3.2296 -2.0842 -2.7206 1.7333 -0.3006 -2.0723 0.8913 0.3145 -1.9926 
23.5570 15.1701 -7.2825 -3.6615 2.7882 -2.6705 -2.8644 1.9305 -0.4108 -2.3392 0.9476 0.4159 -2.1665 
23.1199 14.8330 -7.1711 -3.4676 2.7976 -2.7495 -2.9052 1.9177 -0.4743 -2.5839 0.5461 0.2132 -1.9320 
23.4939 14.8903 -7.7953 -4.0426 2.7145 -2.7159 -3.2808 1.1272 -1.2437 -3.1525 -0.1738 -0.7530 -2.5854 
23.3871 14.9714 -7.1935 -3.0328 3.7973 -1.6709 -2.1666 2.1663 -0.5903 -2.7316 0.5012 0.1673 -1.9553 
23.5711 15.2807 -6.8533 -2.7480 4.0728 -1.3791 -1.9427 2.4207 -0.1246 -2.2799 0.5627 -0.0375 -2.0355 
23.7743 15.2701 -7.3333 -3.4077 3.3442 -2.2040 -2.6835 2.0316 -0.0117 -1.7718 1.0620 0.2040 -1.8531 
24.0052 15.4748 -7.2218 -3.1720 3.5779 -2.2386 -2.9518 1.6030 -0.7060 -2.5985 0.5478 0.1712 -1.6560 
24.1460 15.7665 -7.0826 -3.3006 3.9848 -1.0098 -1.7413 2.4168 -0.0225 -2.1932 0.5911 0.2186 -1.6232 
24.4739 15.7584 -7.4165 -3.1785 4.0528 -1.5799 -2.2678 2.4170 0.2130 -1.7693 1.0720 0.2376 -1.9863 
24.8033 16.2396 -6.9743 -2.9428 3.9212 -2.0402 -2.6783 2.3621 0.2340 -1.9304 1.1999 0.8701 -1.7336 
25.6479 16.7446 -7.4651 -3.5889 3.5547 -2.1055 -2.5450 2.1950 -0.3568 -2.4479 0.5996 -0.1845 -2.3301 
24.3998 15.5210 -7.7796 -3.3144 4.2993 -1.2573 -2.2042 2.2692 0.1416 -1.5376 1.6502 0.9666 -1.4151 
23.6861 15.3678 -6.9173 -2.8828 3.9174 -1.7312 -2.5243 2.1126 0.3227 -1.3545 1.3035 0.2698 -2.0091 
23.4976 15.0922 -7.0895 -2.9301 3.6567 -2.3562 -3.2443 1.3990 -0.4643 -2.0547 0.7283 -0.4177 -2.5938 
23.4427 14.8323 -7.5808 -3.1564 4.1535 -1.3667 -2.3192 2.0751 -0.0651 -2.0649 0.6369 -0.0032 -1.9858 
23.7397 15.1861 -7.2881 -3.0089 3.8447 -1.9604 -2.5875 2.2019 0.1356 -1.7444 1.0900 0.2451 -1.8959 
23.6807 14.9587 -7.6603 -3.2480 3.8918 -1.5874 -2.0538 2.4311 -0.0769 -2.0034 0.8673 -0.1556 -2.1256 
24.2567 15.2709 -7.5345 -2.2237 5.0323 -1.6184 -2.5781 2.5179 0.2379 -2.0420 0.7467 -0.2562 -2.5744 
24.4360 15.4560 -7.5703 -2.4930 4.7121 -1.8753 -2.6933 2.6713 0.5142 -1.9424 0.7446 -0.1469 -2.4443 
24.0886 15.3477 -7.5788 -3.3341 3.5994 -2.1688 -2.6455 2.0820 -0.4475 -2.5751 0.5167 -0.1590 -2.5339 
25.7295 15.7852 -8.9623 -3.2829 4.7030 -2.1069 -2.6329 3.0455 -0.0156 -2.9725 0.8467 0.9339 -1.7781 
28.3130 16.7927 -10.3506 -2.4747 6.3701 -3.2946 -4.4346 3.6183 0.9551 -3.0269 1.3506 1.7505 -1.9384 
26.3756 15.2761 -10.1016 -2.0679 6.4690 -2.5911 -3.2703 4.3140 1.2779 -2.5453 1.8283 1.9728 -2.0047 
25.4103 14.3811 -10.7130 -3.3947 5.1348 -2.4709 -2.5886 3.7996 0.2059 -3.1736 0.7072 0.4492 -2.2498 
28.4639 15.4027 -12.1125 -1.5869 7.3218 -3.8998 -3.9362 4.6322 0.2722 -3.7530 1.3352 1.1154 -1.9600 
29.8759 15.6545 -13.0639 -0.6849 8.4940 -4.6038 -4.3855 5.5857 0.8867 -3.4188 2.3132 1.5105 -2.6259 
29.3689 14.9098 -13.5896 -0.8169 8.4856 -4.3933 -3.8996 5.5985 0.2729 -3.8351 2.0061 0.7694 -3.0926 
29.9917 15.1409 -13.9836 -0.9035 8.4883 -4.5454 -3.8745 5.2961 -0.5761 -3.9894 2.7763 1.0488 -3.5346 
30.4229 14.9414 -15.2658 -1.8091 8.6280 -4.4166 -4.3853 4.8749 -0.7219 -4.7078 1.5461 0.3365 -3.6875 
32.1362 15.9733 -15.9296 -2.0234 9.2693 -3.9230 -3.9981 5.3785 -0.4021 -4.3149 2.2293 0.8230 -3.2326 
33.3672 16.9924 -16.2694 -2.8586 9.1051 -3.6163 -4.4259 3.9179 -1.8816 -4.9815 2.2588 1.1304 -2.9223 
33.0725 17.0521 -15.9969 -3.2938 8.6185 -3.2652 -3.7655 4.2575 -1.8831 -5.3344 1.8373 0.9196 -3.4285 
34.2015 19.5932 -12.7874 -1.5240 8.9148 -3.1431 -3.6053 4.6842 -0.5705 -3.8883 2.2201 0.6889 -3.2761 
39.2748 26.3642 -9.0966 -3.1616 4.9408 -5.6063 -5.1133 2.5231 -3.0994 -6.7305 -1.1461 -2.1596 -4.6994 
41.6590 28.4819 -9.9291 -5.8634 3.4953 -5.0499 -4.7717 1.9229 -3.1294 -5.7317 0.0864 -1.0592 -4.1244 
42.9340 29.5151 -10.4493 -6.8105 3.8062 -4.0214 -4.5201 2.0415 -2.0776 -4.7316 0.3274 -0.6150 -3.3813 
44.1083 30.2887 -11.2452 -7.9059 3.8605 -3.2021 -4.1432 2.0798 -1.5032 -3.6788 1.1618 -0.1947 -3.1283 
44.6066 30.5496 -11.6605 -8.2084 4.2686 -2.5921 -3.9626 2.1212 -1.1544 -3.2893 1.1463 -0.5660 -3.4014 
43.9090 30.0283 -11.6159 -8.3594 3.7983 -2.8674 -4.0353 1.9421 -1.2775 -3.1453 1.2878 -0.6604 -3.6170 
43.1939 29.6155 -11.3801 -8.5298 3.2227 -2.9877 -3.8664 1.6361 -1.7668 -3.1105 1.4560 -1.0816 -4.2791 
43.5520 29.9570 -11.1452 -8.1146 3.6418 -2.7845 -3.6612 1.9802 -1.4773 -3.0057 1.4086 -1.1209 -4.0433 
43.4080 30.1538 -10.5934 -8.0244 3.3363 -2.7083 -3.2192 2.1399 -1.6639 -3.0803 1.6114 -0.8500 -3.8997 
42.2165 29.3218 -10.4008 -8.1449 2.5753 -3.6259 -4.2448 1.1554 -2.3172 -3.6864 0.7936 -1.5755 -4.2731 
40.5597 28.8212 -8.4024 -6.1967 3.7014 -2.4139 -3.2583 1.4116 -2.1306 -3.1463 1.4564 -0.7203 -3.1634 
38.1785 27.3164 -7.8812 -6.5087 2.7511 -2.4636 -3.2228 0.8908 -2.5501 -3.7929 0.3881 -1.1145 -3.0650 
37.2181 26.9422 -7.0636 -5.9496 2.7632 -2.5903 -3.6355 0.4934 -2.2811 -3.0948 0.9439 -0.8772 -3.2225 
35.4481 25.6164 -6.4402 -4.5962 3.9100 -1.7766 -3.1206 1.0345 -1.5353 -2.6076 1.0601 -0.6676 -3.0464 
33.7253 24.1954 -6.6108 -4.7775 3.9512 -0.8540 -2.1592 1.1745 -2.0884 -3.5484 0.3696 -0.3611 -2.1881 
33.9250 23.8105 -6.7821 -3.4162 4.7467 -1.7547 -2.6759 1.5642 -1.8589 -3.0950 1.0018 -0.4685 -2.4049 
34.8151 24.5267 -6.8926 -3.8758 4.0678 -2.5289 -3.2362 0.9792 -2.7871 -4.0427 0.1884 -1.5338 -3.7256 
37.2741 26.9296 -6.3368 -4.1161 3.9876 -2.1817 -2.4572 1.7952 -2.1702 -3.1536 1.2133 -1.3646 -4.0022 
38.4243 27.4126 -7.2579 -4.4107 4.8063 -1.8295 -2.8332 1.9806 -1.7214 -4.0477 -0.6624 -2.1487 -3.1468 
38.8463 27.4785 -7.4841 -4.2475 4.4203 -3.0036 -3.4683 1.9658 -1.8266 -3.8094 -0.1710 -2.3204 -3.4260 
38.8220 27.5038 -7.3218 -3.8422 5.0734 -2.4506 -3.2197 2.1720 -1.5747 -3.6147 0.1794 -1.8966 -3.4944 
37.9333 26.7378 -7.2248 -3.3209 5.5356 -2.4152 -3.8652 1.1600 -2.3622 -4.1603 -0.3729 -2.2915 -3.6840 
35.7718 25.7982 -5.4244 -1.9275 5.8450 -1.4737 -2.5285 1.4613 -2.8745 -4.4377 -0.1992 -1.9954 -3.5372 
36.2002 26.0257 -5.9033 -2.5052 5.7147 -1.7392 -3.0851 1.6305 -2.2530 -4.6443 -0.3404 -0.7909 -2.6595 
34.9590 25.3598 -5.3833 -2.5013 5.2699 -1.6925 -2.9743 1.3250 -2.6109 -4.9507 -0.6107 -0.8157 -2.6945 
33.3650 24.5810 -4.6136 -2.3451 5.1144 -1.4221 -3.4127 0.3883 -2.5032 -4.3735 -0.7594 -0.9682 -2.2612 
33.6408 23.8723 -6.1208 -2.6395 5.3477 -1.9577 -3.7822 0.6083 -2.7208 -4.8678 -0.7635 -1.0405 -2.9843 
32.9962 23.5232 -5.7832 -2.5415 4.9764 -2.2357 -3.7527 0.7051 -2.7859 -5.1171 -0.8637 -0.6269 -2.2860 
30.8702 21.7274 -6.1531 -3.2391 3.9939 -2.5125 -3.7331 0.5975 -2.6120 -4.8589 -0.9473 -0.7207 -2.3523 
30.0978 21.7975 -4.6741 -2.0306 4.7934 -1.3954 -2.7524 1.0685 -2.0963 -4.1063 -0.2500 -0.1212 -1.7706 
28.7802 20.9437 -4.0584 -1.3557 4.7138 -1.9314 -3.3893 0.7341 -1.8472 -3.8075 -0.4928 -0.5854 -2.0640 
28.8789 21.0933 -3.8720 -1.2062 4.7073 -1.9953 -3.4322 0.4956 -2.2897 -4.0697 -0.5050 -0.6583 -2.2155 
28.0189 20.2296 -4.2550 -1.4434 4.6062 -2.0410 -3.5728 0.6393 -1.7331 -3.7434 -0.5824 -0.6996 -2.3715 
27.0511 19.2339 -4.5445 -1.4082 4.4840 -2.2357 -3.4952 0.8651 -1.7112 -3.8001 -0.4893 -0.7143 -2.5596 
27.2237 19.4284 -4.7079 -1.9528 4.2481 -1.9399 -3.2371 0.9575 -1.5169 -3.6401 -0.3489 -0.2436 -2.0311 
25.9997 17.7996 -5.7439 -2.1288 4.4265 -1.6214 -2.5576 1.6855 -0.9144 -2.6555 0.8019 0.1446 -2.2595 
25.4442 17.2677 -5.9241 -2.2010 4.4270 -1.6899 -2.9219 1.3701 -0.8293 -2.6788 0.3075 -0.1094 -1.7962 
25.3345 17.0750 -6.2170 -2.5886 4.0434 -1.9190 -2.8860 1.5362 -0.8628 -2.8858 0.3400 0.0783 -2.0836 
24.9245 16.7722 -6.0882 -2.3752 4.1033 -2.0201 -3.2017 1.0274 -1.3448 -3.2782 -0.1789 -0.6033 -2.6171 
24.9498 16.7589 -6.1161 -2.2353 4.5250 -1.3141 -2.2716 1.9969 -0.6382 -3.0011 -0.0870 -0.2336 -1.9206 
24.4802 16.5579 -5.7787 -2.1080 4.3463 -1.4179 -2.4080 1.7096 -0.6964 -2.7369 -0.0614 -0.8470 -2.9012 
24.6717 16.7643 -5.8079 -2.4014 4.1224 -1.2659 -2.0493 1.9132 -0.7425 -2.9208 -0.2122 -0.6953 -2.3462 
24.3889 15.9439 -6.8823 -2.9231 3.7448 -2.0646 -2.5484 2.1518 -0.5066 -2.8845 0.1832 -0.2143 -2.4022 
24.0317 15.9619 -6.3745 -2.7902 3.6605 -1.9508 -2.6488 1.8804 -0.2432 -2.4117 -0.1040 -1.0992 -3.0991 
24.4337 16.3064 -6.0468 -2.0540 4.2466 -1.9518 -2.6342 2.3036 0.2507 -2.0447 0.2319 -0.6679 -2.4810 
24.4763 15.7194 -7.3145 -2.6018 4.8294 -1.2378 -2.1817 2.8858 0.6515 -2.2224 0.1808 -0.1359 -2.0798 
24.1252 15.4094 -7.4326 -3.1089 3.7535 -2.0294 -2.3276 2.4311 -0.3927 -2.8756 0.0015 -0.5808 -2.4132 
23.6819 15.2795 -6.9559 -2.6903 4.0694 -1.6872 -2.2622 2.2970 -0.3240 -2.6641 0.3144 0.0400 -1.8746 
23.9777 15.3350 -7.3450 -2.9579 4.1101 -1.4427 -1.7936 2.7901 -0.0481 -2.3470 0.8060 0.1952 -2.1849 
23.9591 15.9081 -6.3538 -2.7344 3.7888 -1.6641 -2.2596 2.1554 -0.1696 -2.2844 0.3809 -0.3105 -2.2891 
23.8213 15.3406 -7.1495 -3.1751 3.2106 -2.6820 -2.9174 2.0477 -0.4100 -2.6432 0.2982 -0.3985 -2.7085 
23.6667 15.2485 -7.2455 -3.4475 3.2082 -2.3322 -2.9250 1.6018 -0.5659 -2.4437 0.3853 -0.1924 -1.9173 
23.2098 14.9152 -7.0196 -2.8228 3.9930 -1.8583 -2.9561 1.7144 0.0407 -2.0754 0.1221 -0.4742 -1.9432 
22.5745 14.1322 -7.7344 -3.8608 2.7411 -2.4194 -2.6044 1.8600 -0.5241 -2.4075 0.3327 -0.6067 -2.4925 
22.7328 14.2771 -7.7952 -4.0240 2.6210 -2.8084 -3.4618 1.1064 -0.8417 -2.7831 -0.1637 -0.7886 -2.8053 
23.6737 15.3564 -7.0360 -3.2694 3.3180 -2.3038 -2.7834 2.1487 0.0645 -2.1919 0.7422 0.6939 -1.3610 
24.1627 15.6317 -7.1385 -3.0023 3.8286 -2.1253 -2.7692 2.4199 0.5119 -1.9239 0.5474 0.1754 -1.5082 
23.7337 15.1597 -7.2778 -2.8258 4.2183 -1.5145 -2.1519 2.6161 0.5049 -1.4372 1.3416 0.3841 -1.9858 
22.7919 14.5573 -7.2400 -3.4158 3.2863 -1.8916 -2.2127 2.5959 0.5649 -1.8803 0.2023 -0.4772 -2.1417 
23.1666 15.1160 -6.4769 -2.4670 3.9454 -1.7624 -2.4204 2.0937 -0.1125 -2.1758 0.5438 0.1003 -1.6375 
23.0022 14.6904 -7.3890 -3.7294 2.8216 -2.5574 -2.9237 2.0303 0.0907 -2.2963 0.0899 -0.1758 -1.7325 
23.2728 15.1659 -6.5673 -2.5938 3.7783 -1.9217 -2.3183 2.4805 0.2019 -2.0638 0.6435 0.1657 -1.6493 
23.2932 15.1411 -6.7902 -2.9969 3.5224 -1.9237 -2.4583 2.0184 -0.2287 -2.2733 0.4883 0.0907 -1.5327 
23.0186 14.6506 -7.2689 -3.1513 3.5553 -2.0462 -2.6762 1.9935 -0.0405 -2.1537 0.3197 -0.2603 -1.8785 
22.4147 13.8417 -8.1438 -4.1477 2.8396 -2.2180 -2.5475 2.1796 0.1227 -2.0793 0.3631 -0.2342 -2.0395 
22.3860 13.8359 -7.9481 -3.6225 3.6175 -1.2787 -1.6712 2.5840 0.1068 -1.9379 0.9012 0.4468 -1.4589 
23.1085 15.0666 -6.5633 -2.6175 3.8529 -1.9726 -2.9165 1.6985 -0.1444 -2.1447 0.4739 -0.0096 -1.8369 
23.2843 15.0803 -6.7509 -2.7726 3.4686 -2.3988 -2.6929 2.3130 0.1066 -2.0511 0.8110 0.1994 -1.9748 
22.7735 14.6987 -6.8541 -3.0173 3.4625 -2.1312 -2.9299 1.5945 -0.4038 -2.4001 0.4437 0.1498 -1.7579 
23.2975 15.1337 -6.8673 -3.1601 3.3986 -1.8690 -2.2580 2.2027 -0.1089 -2.0302 0.9596 0.4336 -1.7536 
23.4268 15.2202 -6.8853 -2.9422 4.0259 -1.3493 -2.3224 1.8620 -0.3964 -2.4751 0.3248 -0.0369 -1.8591 
22.9399 15.0127 -6.4451 -2.7627 3.3622 -2.3356 -2.8021 2.1210 0.2385 -1.9832 0.3798 -0.2980 -2.1599 
22.5346 14.4510 -7.0280 -3.2087 3.5108 -1.6359 -2.4504 1.4714 -0.9484 -2.7793 0.3757 0.2125 -1.6266 
23.4155 15.1822 -6.8830 -2.9922 3.6209 -1.9151 -2.5893 1.8375 -0.2891 -2.1087 0.6375 -0.0891 -1.8488 
22.3062 13.9000 -7.7372 -3.7767 2.8300 -2.3569 -2.5821 1.8460 -0.6709 -2.6473 0.3652 -0.3172 -2.6685 
22.1710 14.0500 -7.0482 -3.0243 3.2794 -2.0883 -2.2453 2.4748 0.4383 -1.3118 1.3145 0.1708 -2.0946 
22.3367 14.5158 -6.4646 -2.7317 3.5038 -1.7838 -2.1782 2.2423 -0.0792 -2.2260 0.4359 -0.1651 -2.1569 
22.3062 14.1594 -7.1585 -3.3686 2.8518 -2.3684 -2.2201 2.6110 0.2456 -1.7459 1.2660 0.5118 -2.0428 
21.5381 13.1510 -7.6539 -3.0099 3.4262 -2.5699 -3.2312 1.5584 -0.4333 -2.3255 0.5398 -0.0151 -1.9445 
22.7921 14.7050 -6.8075 -2.8999 3.5899 -1.8339 -2.3899 1.9943 -0.3274 -2.3484 0.5605 0.2127 -1.6757 
22.1533 14.2034 -6.8252 -2.8822 3.9567 -0.7055 -1.1141 2.7350 0.0949 -1.9571 0.7671 0.3235 -1.2691 
22.4413 14.5398 -6.4364 -2.3963 3.9010 -1.6785 -2.2515 2.2161 0.0453 -1.8801 0.8737 0.1366 -1.9859 
21.5766 13.6465 -6.8071 -2.6442 3.4848 -2.2697 -2.9583 1.6677 -0.0213 -1.6820 0.9270 0.2453 -1.5466 
22.7065 14.6167 -6.6540 -2.4429 3.9199 -1.8709 -2.4647 2.0914 -0.1367 -2.0370 0.7875 -0.0956 -2.2514 
22.1754 14.4526 -6.2714 -2.4957 3.5489 -2.1386 -2.9860 1.3886 -0.4470 -2.1102 0.6948 0.0943 -1.9737 
22.3361 14.4304 -6.7892 -3.1789 3.3971 -1.4474 -1.9431 2.2007 0.1797 -1.5554 0.9168 0.1396 -1.5244 
