nan nan nan nan nan nan nan nan nan nan nan nan nan 
nan nan nan nan nan nan nan nan nan nan nan nan nan 
nan nan nan nan nan nan nan nan nan nan nan nan nan 
nan nan nan nan nan nan nan nan nan nan nan nan nan 
nan nan nan nan nan nan nan nan nan nan nan nan nan 
19.7032 -2.2466 1.4824 -0.6252 1.2780 -1.2789 -0.3775 -0.9325 -0.4517 -0.5660 0.4975 -0.8892 -0.2126 
22.4757 -1.8606 0.5201 -1.9208 0.7695 -1.4697 -1.1424 -0.2486 -0.9104 -0.1842 -0.3094 -0.2235 -0.3420 
21.7216 -0.1891 1.0773 -0.7323 0.7776 -1.2426 -1.1730 -0.2993 0.4200 -0.3319 -0.0987 -0.0883 -0.3582 
20.4509 0.0175 1.3488 -1.3724 -0.0221 -1.8625 -2.2102 -0.4191 -0.8120 -0.7922 -0.7403 -0.2232 -0.0896 
21.6431 1.1865 1.2824 -3.0947 -0.7396 -0.4753 -0.7807 -0.5508 -1.5805 -0.0532 -0.5843 -0.5224 -0.1463 
21.2419 -0.8652 -0.3040 -2.4225 -0.8322 -0.0623 -0.8814 -0.1693 -0.7018 -0.1318 -0.6169 -0.2871 -0.5397 
22.7769 1.3588 0.4067 -0.7512 -0.9349 -0.5918 -0.5493 0.0287 -0.5559 -0.4854 -0.0256 -0.2047 -0.1489 
24.1680 -0.2820 0.8835 -1.7627 -0.6358 -1.2286 -0.8295 0.0235 -0.8885 0.0394 -0.8407 -0.4581 -0.6319 
22.4313 0.8421 1.2904 -1.5608 -2.2839 -1.4142 -0.4103 -0.8669 -1.1685 -0.4630 -0.6237 -0.3481 -0.1315 
23.2167 1.8320 0.9681 -0.6688 -0.6939 -0.7675 -0.9909 -0.2820 -0.5196 -0.4203 -0.5942 -0.3983 0.1360 
23.5162 0.7923 -0.6494 -2.2128 -1.0601 -0.5654 0.0518 0.5921 0.1444 -0.4041 -0.3095 0.3051 -0.0833 
23.4168 1.3099 0.1785 -1.8861 -1.2885 -1.6533 -0.4552 -0.3510 -0.4087 0.0866 -0.3559 -0.4702 -0.4781 
24.4464 0.9500 -0.2779 -0.5003 -1.2368 -1.3305 -0.2315 -0.6197 0.2209 0.1010 -0.1741 -0.1157 -0.3693 
23.4223 0.9017 -0.0077 -0.9136 -0.9469 -1.1750 0.2090 0.3854 0.6555 0.0202 -0.4653 -0.5368 -0.5058 
23.3801 0.9967 -0.2023 -1.8734 -0.4903 -0.8081 -0.7890 -0.9011 -0.6527 -0.2991 -0.7457 -0.4209 -0.2252 
21.9875 0.2061 0.5881 -0.6790 -0.4544 -0.6699 -1.0180 -0.3961 -0.3087 -0.2408 -0.1761 -0.2531 0.3053 
23.9126 1.0682 -0.3387 -1.3203 -1.3959 -0.7105 0.1900 0.1161 -0.6595 0.1710 -0.6569 0.3294 -0.1892 
21.9113 -0.2680 -1.6513 -0.7487 -1.1153 -1.0405 -1.0418 -0.3725 -1.2431 -0.0117 -0.7747 -0.5392 -0.1619 
21.4967 -0.6174 -0.9490 -0.0966 -0.8630 -0.6425 -0.3532 -0.6466 -0.3855 0.0950 -0.6662 -0.4943 -0.0646 
24.2116 -1.9471 1.1053 -1.1095 -1.1736 -0.5363 -1.4728 -0.2815 0.2547 -0.1524 -1.2723 0.0263 0.2634 
23.5496 -1.5292 0.7060 -0.7563 -0.8939 -0.6335 -1.3211 -0.7348 -0.6940 -0.6370 -0.2913 -0.1633 0.0972 
22.7752 0.1622 -0.8414 -2.0374 -1.0878 -1.1831 -0.6177 -0.0948 -0.4426 -0.2597 -0.5830 -0.0558 0.3108 
22.6397 0.2452 1.1373 -0.5731 -1.3673 -1.5065 -0.1257 -0.3089 -0.4223 -0.2935 -0.5002 -0.3405 -0.0137 
23.2212 -0.4967 0.8596 -2.1292 -0.2662 -1.6239 0.2581 -1.2203 -0.1941 0.1836 -0.1114 -0.2425 0.1450 
23.6977 -1.0561 0.9891 -2.8748 0.3452 -1.6358 0.9269 -0.1775 -0.9345 -0.6756 -0.5416 -0.3414 -0.0261 
34.9931 -2.1217 -2.5980 -2.2898 0.3858 -1.9661 -1.2841 -0.3194 0.2626 0.0009 -0.0537 0.0360 0.1105 
35.0378 -3.2689 -2.3744 -0.5765 0.0138 -2.3179 -0.6666 -0.2905 0.2673 0.1319 0.4282 0.1099 0.8826 
35.0915 -3.6296 -1.8524 -0.4749 0.0251 -2.7298 -0.0712 -0.4391 -0.0699 0.7004 0.7357 0.0609 1.0369 
34.3911 -3.8463 -2.4768 -1.5600 -0.2187 -3.3330 -0.9118 -0.4464 -0.3889 0.5774 0.6349 -0.1901 0.8796 
34.3099 -2.5224 -2.5062 -2.1723 -0.1956 -2.3649 -1.6887 -0.2428 -0.1665 0.3239 -0.3347 0.0960 0.5552 
30.6776 -0.8027 -0.4188 -2.3219 -1.5122 -2.0466 -1.3552 -0.2630 -0.7242 0.5141 -0.2231 0.5063 0.3017 
30.4939 -1.3550 -0.4294 -1.5541 -0.4504 -2.5959 -1.2126 -0.5125 -1.1485 0.1079 -0.2382 0.1740 -0.1014 
27.8569 -0.9085 -1.3297 -2.1364 -2.9986 -2.7462 -0.2790 -0.5993 -0.8631 0.5397 0.3396 -0.3715 -0.2733 
31.5353 -0.9271 -1.3478 -3.0289 -0.6950 -2.0645 -0.7108 -0.4966 0.5781 0.2994 0.9685 0.2787 -0.6652 
32.2269 -1.1078 -3.2274 -2.2434 -1.1158 -2.8857 -1.1274 -0.4064 0.1385 -0.1832 0.5294 -0.1332 -1.2934 
32.4880 -0.5099 -2.3362 -2.4047 -0.7096 -2.4987 -0.6697 0.0038 0.8826 0.2083 1.3714 -0.0887 -0.9483 
30.5647 0.3898 -1.1805 -2.7354 -2.1525 -1.7589 -0.5532 -0.2823 0.8077 0.4791 0.6796 -0.7878 -0.4969 
29.3375 1.1147 -0.7448 -2.1962 -1.5994 -1.9184 -0.5107 0.7966 1.0979 1.4047 -0.0462 -1.2904 -1.1587 
28.0226 1.0659 -1.3609 -3.0862 -1.3283 -1.7002 -0.6163 1.0759 1.3507 0.9443 -0.2844 -0.7649 -0.3858 
27.8349 1.6795 -0.7012 -1.2873 -1.5586 -2.3165 -0.5100 -0.2863 0.2284 0.4256 -0.5193 -0.3855 -0.3112 
25.0349 0.4525 -0.7514 -1.3609 -0.4793 -0.8053 0.0617 0.1627 0.3761 0.4146 -0.2888 -0.7411 -0.9122 
24.8161 -0.4586 -1.0190 -1.4185 -1.5100 -1.0527 -0.8574 0.5205 0.6562 0.3465 -0.3622 -0.5312 0.0490 
25.6376 1.4043 -0.8156 -1.0610 -0.9773 -0.3790 -0.1982 0.1888 -0.0873 -0.3357 -0.2203 -0.5688 -0.4441 
25.9066 -1.7447 -0.3921 -0.9549 -0.4351 -0.5499 -1.3186 0.3302 0.0650 0.4889 -0.8753 -0.2830 0.3040 
23.8123 -1.9581 0.1357 -0.3499 -1.7156 -0.6136 -0.4311 0.7346 -0.2846 -0.2094 -0.2393 -0.3598 -0.1126 
22.8200 0.2066 -0.2101 -2.0765 -1.0041 -1.1636 -1.2880 0.6290 -0.0747 -0.0572 -0.3031 -0.2846 0.2103 
22.8633 -0.5052 0.3114 -0.7974 -0.4160 -2.1046 -0.4862 0.0461 0.6052 0.5286 0.3801 -0.4596 0.0416 
23.8835 -0.4715 0.4782 -1.5973 -0.4125 -1.6750 0.7396 -0.6106 0.1474 -0.3019 -0.2273 -0.7105 0.1945 
24.1223 -0.4734 1.3576 -1.6276 0.0974 -1.2968 0.5974 -0.5635 0.1412 0.1799 -0.1655 -0.3300 -0.4826 
22.5582 -0.4761 0.5747 -0.5134 -0.3810 -2.0304 -0.1291 0.3566 -1.0692 -0.4423 -0.2811 0.6512 -0.4389 
21.8850 0.6964 1.5309 0.1707 -0.5613 -1.6552 -0.5249 -0.4730 -0.3490 -0.6864 -0.1184 -0.0539 0.0992 
21.2726 -0.7720 -0.0918 -0.1907 -0.9119 -0.5881 -0.7401 -0.0268 -0.1159 0.1345 -0.5292 -0.5010 0.1631 
21.5339 -0.3552 0.3735 -0.0502 -0.7817 -1.0976 -0.9620 -0.3199 -0.0748 -0.2262 -0.9937 -0.3491 0.3106 
21.4715 0.6593 1.1287 -0.5070 -0.9540 -1.5945 -1.3110 -0.5663 -0.8681 -0.0392 -0.5438 0.4627 -0.4640 
22.5120 -1.0862 2.0121 -0.5667 0.0828 -0.8114 -1.4280 -0.6922 -0.0179 0.6655 -0.2954 -0.1726 -0.7912 
21.9595 -2.2500 1.0168 -1.3105 -0.8185 -0.4162 -0.6036 -0.0276 -0.7972 0.3284 -0.3066 -0.2324 -0.3097 
22.1359 0.1201 0.6309 -1.0121 -0.6874 -0.9958 -0.8458 0.4367 -0.0741 0.0962 -0.1455 0.0306 -0.1322 
20.7033 -0.5551 0.8002 0.3561 -1.8821 -2.3262 0.2366 -0.3728 -0.6069 -0.0716 0.2200 0.7641 0.1168 
21.7019 -0.1581 -0.3378 -1.0056 -0.9800 -0.5335 -0.5056 0.5436 -0.0121 0.0331 0.0251 -0.3756 -0.1172 
21.4437 0.1799 0.2765 -0.5083 -0.7773 -0.0571 -0.7256 0.2324 -0.1541 0.0992 0.0081 -0.7766 -0.3008 
21.9991 0.1848 0.0482 -0.6318 -0.5587 -0.7785 -0.7304 -0.6124 -0.4095 -0.0851 -0.3319 -0.0453 -0.0931 
20.9519 0.3631 0.4424 -0.6128 -2.0398 -0.9746 -0.5191 -0.4736 -0.0805 -0.2980 -0.2320 -0.4390 0.3463 
21.8689 0.0743 0.1925 -0.3601 -1.2588 -1.5039 -0.7083 -0.2416 0.1824 0.0975 -0.1803 -0.2193 -0.4924 
21.0878 -0.3454 0.3843 0.5005 -1.0324 -1.0730 -0.4321 0.5281 -0.1188 -0.1404 0.3837 -0.3838 -0.3983 
21.0760 0.5728 -0.1961 -1.0188 -0.7641 -0.9260 -1.3834 0.1767 -0.3268 -0.1190 -0.2171 0.1070 -0.0776 
21.4307 0.5306 0.8369 -1.0701 -0.8708 -1.4766 -1.1087 -0.9569 -0.3406 -0.2435 0.0740 -0.1140 0.1747 
22.3860 -2.1820 1.1867 -0.6548 -1.0860 -0.0558 -0.6826 -0.1466 -0.5443 -0.1775 -0.1839 -0.0975 -0.7676 
22.7473 -1.7777 1.3884 -0.0581 -1.6052 -0.2248 -1.0275 0.1067 -0.5287 0.0548 -0.1983 -0.2398 -0.1389 
22.7245 0.7100 0.4030 0.4928 -0.4365 -0.6000 -0.7187 -0.3992 -0.4411 -0.0524 -0.3801 -0.5456 -0.0783 
21.7949 0.1345 0.6707 -0.9386 -0.6189 -0.8123 -1.1231 -0.3260 -0.1082 -0.4222 -0.3817 0.1725 -0.4543 
22.2612 -0.8756 0.5825 -1.4236 -0.2687 -1.3940 -0.1713 -1.0936 -0.2737 -0.7496 -0.2557 -0.3924 -0.0436 
22.4706 -1.3107 1.3689 -1.7824 -0.1676 -1.5887 0.0985 -0.7667 0.3347 -0.1863 0.3760 -0.6470 0.4950 
23.8040 -1.9247 0.6453 -1.2675 -0.2556 -1.7624 -1.1815 0.1807 -0.6484 0.1789 -0.3134 -0.6785 -0.7584 
22.4879 -0.5818 0.7645 -1.0041 -0.5301 -0.2794 -1.1721 -0.7080 -1.2701 -0.0177 -0.3675 0.1008 0.4242 
21.9779 -1.9314 -2.2530 -2.2632 -1.4794 -1.3226 -0.4683 -0.7857 -0.9490 -0.5317 -0.5642 -0.4727 -0.0022 
20.7499 -0.9577 -1.8007 -1.5847 -1.6865 -1.0937 -0.9558 -0.2165 -0.3834 0.3380 0.5254 0.2321 0.3580 
21.7839 0.0111 0.2718 -0.6479 -1.4102 -1.8252 -0.4218 -0.9528 -0.4849 -0.2413 -0.5494 -0.1690 -0.0571 
21.7137 0.0891 0.4110 0.1048 -0.5645 -1.0268 -0.6494 0.8741 -0.4537 -0.4369 -0.1438 0.0988 -0.3938 
25.3061 -2.3660 2.2828 -0.5696 -0.2189 -0.9677 -0.6108 0.1993 -0.0390 0.0921 -0.4215 0.2177 -0.0352 
15.9040 -4.4184 2.2888 -0.7224 0.0040 -0.7880 -0.4307 0.1782 0.1245 0.0898 -0.4180 0.1987 0.0050 
6.5530 -6.5791 2.2760 -0.8719 0.1947 -0.6600 -0.2977 0.1554 0.2008 0.1080 -0.3912 0.1781 0.0231 
-2.7913 -8.8202 2.2377 -1.0321 0.3556 -0.5670 -0.2014 0.1299 0.2418 0.1364 -0.3537 0.1514 0.0322 
-12.1509 -11.1418 2.1536 -1.2206 0.4808 -0.5079 -0.1338 0.0999 0.2673 0.1689 -0.3065 0.1203 0.0387 
-21.5365 -13.5520 2.0050 -1.4551 0.5612 -0.4840 -0.0920 0.0681 0.2861 0.2081 -0.2444 0.0915 0.0504 
-30.9504 -16.0553 1.7763 -1.7511 0.5862 -0.5005 -0.0778 0.0347 0.3035 0.2619 -0.1547 0.0815 0.0836 
-40.3541 -18.6024 1.5000 -2.0842 0.5754 -0.5419 -0.0794 0.0069 0.3271 0.3399 -0.0238 0.1085 0.1538 
-49.3985 -20.7198 1.5938 -2.1048 0.7982 -0.4236 0.0019 0.0009 0.3060 0.3375 0.0096 0.0204 0.1051 
-57.9966 -22.2914 2.1608 -1.7134 1.3541 -0.0430 0.2659 0.1026 0.3074 0.2927 -0.0462 -0.1987 -0.1052 
-66.2322 -23.4841 2.9120 -1.3416 1.6929 0.0012 0.1501 -0.1340 0.0679 0.1489 -0.0395 -0.2189 -0.0453 
-73.1320 -23.1110 4.5464 -0.8726 1.4994 -0.7160 -0.5997 -0.7353 -0.3988 -0.3050 -0.4916 -0.7057 -0.2582 
-78.7792 -21.7676 5.5794 -2.0273 -0.0197 -1.4141 -0.0279 0.4481 0.5886 0.1872 -0.2176 -0.5101 -0.0005 
nan nan nan nan nan nan nan nan nan nan nan nan nan 
-81.6806 -12.1956 7.4542 -4.2552 0.9577 0.6771 0.6512 0.6375 1.0885 0.4832 0.2899 0.1997 0.4737 
-82.8111 -8.6068 7.4892 -3.2475 2.2911 -0.5113 -0.7870 -0.0680 0.1702 -0.0391 0.7581 0.7485 0.6853 
-82.4519 -5.3640 5.3219 -3.9072 2.3897 -0.3848 0.3301 0.2572 0.3592 0.2706 0.1786 0.0393 0.6622 
-80.2803 -2.6692 2.4048 -2.3243 2.8467 -1.2195 0.8073 0.1093 0.3774 0.0246 0.1222 -0.0116 -0.3353 
-81.3510 -2.5869 0.9722 -1.2924 1.0611 -1.8591 -0.0861 -1.4252 -0.4764 -1.3536 -0.8983 -0.9499 -0.5439 
-79.6480 -1.7174 -0.5514 -1.3146 0.0577 -0.3257 0.1798 -1.0919 -0.6253 -1.1453 -0.8491 -0.3284 -0.0559 
-77.3877 -0.0569 -0.5655 -0.5132 -0.8336 -0.2535 -0.7455 -0.6624 -0.2883 -0.3509 -0.0906 -0.2483 -0.4275 
-inf -inf -inf -inf -inf -inf -inf -inf -inf nan nan nan nan 
-72.8164 0.4058 -0.1988 0.1972 0.5878 0.1238 0.1487 -0.0781 -0.5733 0.1327 -0.2290 0.0434 -0.1067 
-72.7734 -1.2053 0.0413 -1.5591 -1.3037 -0.9763 0.2728 -0.6467 -0.3137 0.5584 -0.1111 -0.2288 -0.8426 
-inf -inf -inf -inf -inf -inf -inf -inf -inf nan nan nan nan 
-66.6589 -0.2618 -0.2362 -1.2684 -0.3571 0.7577 -0.8772 -1.0091 0.0257 -0.3218 -0.7131 -0.3164 0.0009 
-64.8583 -1.4164 -0.4489 0.0175 -0.3489 -0.3827 0.8086 0.4816 0.1011 0.0142 -0.3598 -1.4660 -1.1916 
-64.0442 -0.8357 0.3071 2.0958 1.0325 -0.8760 -0.7153 -0.1510 0.6306 0.5770 0.1251 -0.6080 0.0051 
-59.7724 0.4866 -0.4660 -0.3811 -0.2698 -0.5341 0.1778 0.1066 0.9456 -0.0053 0.5171 0.8115 1.0658 
-57.2465 -0.5954 -0.2353 -0.3889 1.1252 0.6469 0.6720 0.8228 0.8159 -0.0581 -0.2987 -0.2162 -0.8264 
-inf -inf -inf -inf -inf -inf -inf -inf -inf nan nan nan nan 
-53.6420 -1.2605 -1.7623 -0.9100 -0.5053 0.2584 -0.6883 -0.7511 -0.1433 0.0482 -0.3718 0.4183 0.2863 
-52.2285 -1.7374 -1.1996 -1.0090 -0.8762 -0.1395 -0.5520 -0.3946 0.4882 0.8587 0.4878 -0.0137 0.1512 
-48.5730 -0.7280 -1.1106 -0.4771 -0.6664 -1.0335 -0.7197 -0.9073 0.2076 0.0989 0.1516 -0.1237 -0.2279 
-inf -inf -inf -inf -inf -inf -inf -inf -inf nan nan nan nan 
-44.1122 -0.3742 -0.2494 0.8038 1.5310 1.0587 0.5833 -0.2118 -0.5140 -0.8306 -0.5849 -0.0346 0.6164 
-41.8160 -0.7240 -0.5340 -0.7256 -0.2078 -0.5799 0.3773 0.4480 -0.4462 -0.3642 -0.3724 -0.4945 -0.8868 
-39.9608 -0.4945 0.4756 0.2222 0.0708 0.7286 0.3536 0.4283 1.1715 0.3970 -0.0337 0.1441 0.6316 
-36.6551 -0.0222 0.4619 0.2668 0.3630 0.5367 0.8604 0.9170 0.0736 -0.3322 0.1366 -0.4666 -0.1961 
-34.1535 0.2533 -0.3837 -0.0543 0.3025 0.4037 0.0762 -0.1972 0.2832 0.4840 -0.1072 -0.1609 0.0798 
-32.9145 -0.1320 0.2719 0.0268 0.4814 0.2586 -0.2859 0.3270 0.4465 0.5653 0.0873 0.0826 0.3466 
-30.2963 -0.9585 -0.7511 -0.9899 -0.5121 -0.8526 -0.8236 -0.7299 -0.9718 -0.2808 0.1989 -0.6563 0.2063 
-inf -inf -inf -inf -inf -inf -inf -inf -inf nan nan nan nan 
-26.6945 -0.2735 0.1715 0.4243 0.7066 0.3439 0.7577 -0.1355 0.7687 1.1633 0.6453 0.0655 -0.5247 
-23.9968 -0.8041 -0.4246 -0.4152 -0.2474 -0.5165 -0.6628 -0.9693 -0.6432 -0.4416 -0.5224 -0.2541 0.3742 
-20.5955 0.5231 0.2052 -0.1028 0.2663 0.3783 0.0899 0.4178 0.3367 0.3881 0.3483 0.4328 0.4382 
-19.9538 -0.5428 -0.9113 -0.0379 1.6468 0.6183 0.4518 0.7097 1.5724 1.7672 0.9598 0.0617 0.2643 
-17.0756 0.3145 -0.1803 -0.6288 2.0195 0.5250 -0.2209 1.1209 0.2169 0.5325 0.3648 -0.5500 -0.6890 
-14.1421 0.5763 -0.1063 0.8428 0.5202 0.2120 0.5352 -0.3219 0.2515 0.0520 -0.3499 0.0718 0.0465 
-11.3863 0.3814 0.3560 -0.2698 1.4468 0.9910 0.8284 1.0751 0.2524 0.5965 0.0811 -0.2371 -0.6605 
-9.3216 0.4570 0.2847 -0.4077 0.1342 0.6640 0.6732 0.4987 0.4451 0.5852 0.2477 0.2375 -0.0853 
-6.9591 -0.2038 0.3252 0.3877 -0.4030 -0.6597 -0.3596 -0.3107 -0.3595 0.3040 -0.3660 -0.1030 0.4858 
-inf -inf -inf -inf -inf -inf -inf -inf -inf nan nan nan nan 
-inf -inf -inf -inf -inf -inf -inf -inf -inf nan nan nan nan 
nan nan nan nan nan nan nan nan nan nan nan nan nan 
4.7128 0.8567 0.2400 0.2147 0.2472 0.9810 -0.0323 0.0397 0.1650 -0.4066 -0.1431 -0.1344 0.6027 
nan nan nan nan nan nan nan nan nan nan nan nan nan 
nan nan nan nan nan nan nan nan nan nan nan nan nan 
11.1511 0.0422 -0.6951 -0.7410 0.3642 0.0416 -0.3072 -0.8220 -0.6322 -0.6915 0.7230 0.4449 0.1083 
nan nan nan nan nan nan nan nan nan nan nan nan nan 
-inf -inf -inf -inf -inf -inf -inf -inf -inf nan nan nan nan 
19.9247 0.0305 0.6082 0.1023 0.8441 0.6154 -0.0677 0.3528 0.1929 0.0796 0.0997 -0.4557 -0.5830 
22.3784 0.2823 -0.3869 -0.8188 -0.3262 -0.5647 -0.4281 -0.6516 -0.3306 0.5464 0.1329 0.4377 0.0729 
nan nan nan nan nan nan nan nan nan nan nan nan nan 
28.7459 -0.2527 -0.4330 0.0777 -0.7120 -0.1747 -0.5698 -0.1284 -0.4984 -0.1941 -0.0008 0.0106 -0.4218 
nan nan nan nan nan nan nan nan nan nan nan nan nan 
-inf -inf -inf -inf -inf -inf -inf -inf -inf nan nan nan nan 
35.0431 0.9250 1.6335 0.1086 -0.3999 -0.3401 0.4585 0.3889 0.1809 -0.1670 -0.4127 0.2135 0.3513 
nan nan nan nan nan nan nan nan nan nan nan nan nan 
-inf -inf -inf -inf -inf -inf -inf -inf -inf nan nan nan nan 
nan nan nan nan nan nan nan nan nan nan nan nan nan 
45.1574 -0.0945 0.9738 -0.4572 0.1357 1.2068 0.2899 0.3755 0.1190 -0.4984 -0.3349 -0.1217 -0.4231 
nan nan nan nan nan nan nan nan nan nan nan nan nan 
51.1990 -0.2687 0.8718 -0.0933 -0.0111 1.2152 -0.0191 -0.4112 -0.2452 0.4064 -0.7203 -0.4881 0.4451 
53.0657 0.0130 -0.4138 -1.3853 -0.3273 -0.4037 0.1463 -0.0437 0.0159 0.5234 0.0503 -0.1303 -0.1401 
-inf -inf -inf -inf -inf -inf -inf -inf -inf nan nan nan nan 
-inf -inf -inf -inf -inf -inf -inf -inf -inf nan nan nan nan 
-inf -inf -inf -inf -inf -inf -inf -inf -inf nan nan nan nan 
64.4281 -0.1015 0.0179 0.0530 -0.3046 -0.3665 -0.4972 -0.2450 -0.3121 -1.0001 -0.5261 -0.5399 0.2163 
66.6979 -0.0594 -0.4571 -0.9236 -0.4576 -0.5903 -0.5498 -0.0572 -0.6899 -0.2877 -0.4849 -0.2084 -0.2736 
-inf -inf -inf -inf -inf -inf -inf -inf -inf nan nan nan nan 
72.5588 0.6062 0.8751 0.4415 -0.2221 -0.4402 -0.5706 0.5730 0.4941 -0.3157 -0.1634 -0.0614 0.7492 
-inf -inf -inf -inf -inf -inf -inf -inf -inf nan nan nan nan 
nan nan nan nan nan nan nan nan nan nan nan nan nan 
