nan nan nan nan nan nan nan nan nan nan nan nan nan 
nan nan nan nan nan nan nan nan nan nan nan nan nan 
nan nan nan nan nan nan nan nan nan nan nan nan nan 
nan nan nan nan nan nan nan nan nan nan nan nan nan 
nan nan nan nan nan nan nan nan nan nan nan nan nan 
12.0750 -3.4638 0.3949 1.1700 -1.2872 -1.3842 -0.8378 0.8667 0.7303 -0.5548 -1.0578 -0.3849 0.4793 
15.2289 -0.5861 1.9751 -1.3760 -1.4137 -0.1918 -1.1643 -1.4985 -0.5342 -0.0183 -0.2255 -0.2331 0.1437 
13.0988 -0.4278 0.2381 -0.9107 -0.8779 0.1929 -0.3168 0.1416 -0.3641 0.5778 0.0580 -0.2361 -0.1277 
12.6780 -0.9194 0.7841 -1.2566 -0.4731 0.1571 -1.4410 0.0197 -0.0160 -0.1775 -0.1880 -0.0122 -0.0396 
16.3011 -0.4688 3.2337 -0.1176 -0.4810 0.0064 -0.3823 0.1010 -1.2139 -0.2531 -0.6174 -0.8656 0.7358 
14.5796 -0.0711 1.3690 -1.2513 -0.5637 -0.1536 -1.1683 -0.3574 -0.1375 -0.9872 -0.4324 0.2355 -0.3703 
12.0402 -0.3422 0.9833 -0.9992 0.3854 0.6660 -0.4553 -0.1742 -0.2727 -0.8769 -0.3440 -0.2184 0.5059 
14.1610 -0.9225 1.5897 0.1288 -1.1713 -0.6830 -0.8261 0.2335 -0.2122 -0.9967 -0.7759 0.3535 -0.1234 
15.9108 0.5228 0.4964 -0.7092 -0.5736 0.3593 -0.6192 -0.6746 -0.7055 -0.4336 0.6488 -0.4919 -0.0096 
14.9811 -0.7077 0.4826 -0.0941 -0.6195 -0.6980 -1.5135 -1.5951 -0.5348 0.2399 0.3726 -0.7449 -0.3131 
15.4725 -1.4750 0.2377 -0.5940 -0.3468 -1.4783 -1.0473 -1.2409 -0.9147 -0.6011 -0.3906 -0.2559 -0.1930 
14.8590 -0.7613 1.4839 -0.4779 -0.8227 0.1653 -1.1948 -0.7873 -0.8752 -0.6163 0.0850 -0.2905 -0.1884 
15.5250 -1.2666 1.2209 0.0063 -0.9160 -0.7617 -1.4087 -0.1094 0.4285 -0.5837 -0.6590 -0.6470 -0.2206 
20.1317 -0.2679 -0.0218 0.1117 0.0565 0.4086 -0.3736 -0.2276 -0.0120 0.3610 -0.0815 -0.3119 -0.2060 
17.5788 -1.2596 -2.2352 -1.2812 0.1467 0.4680 -0.8775 -0.5875 -0.5751 -0.4862 -0.0933 -0.7954 0.1733 
32.4399 -1.3490 -5.1279 -0.0493 -3.0025 -0.2609 0.6653 0.8991 0.6402 -0.0654 -0.7499 -0.0017 -0.5671 
32.1536 -4.3547 -3.3487 -0.9509 -3.7778 -1.3324 0.0243 1.5316 2.1603 0.7880 -1.2860 0.4975 1.0413 
32.7583 -4.6382 -1.5710 -1.7641 -3.4961 -1.3009 0.1926 1.2104 1.5539 1.2974 -1.5010 -0.4568 1.5497 
33.3331 -4.1709 -1.2043 -0.8103 -3.2588 -0.9317 0.3664 1.3809 1.7158 1.1550 -1.7553 -0.4297 1.6060 
33.5763 -3.9169 -1.1844 -0.7708 -3.2844 -0.5877 0.3519 0.8596 1.6444 1.2306 -1.9665 -0.6130 1.5144 
31.7036 -2.3470 -2.5275 -1.1093 -2.1967 -1.3238 0.0254 -0.2542 1.4012 1.8777 -0.7100 -0.1202 1.2723 
30.1390 -2.3514 -1.4029 -1.5063 -2.3251 -1.1682 -0.0123 -0.2296 1.4552 1.1322 -1.0084 -0.3697 1.0486 
27.9925 -1.1379 -1.3757 -2.6871 -1.7441 -1.1090 -0.3007 1.0016 0.9346 0.5893 -0.2968 -0.6208 1.6210 
30.5727 -1.6582 -4.1805 -1.3821 -2.8104 -1.5558 0.3366 0.7337 2.5254 0.6800 -0.7914 0.6379 1.5027 
30.6509 -1.7979 -3.9437 -0.9210 -2.8998 -1.5808 0.6288 1.9557 3.5754 -0.5691 -1.7273 0.1735 0.7611 
30.3887 -1.3182 -4.3718 -1.3011 -3.1315 -1.3072 0.2381 1.8109 2.9329 -0.1049 -1.5885 0.9014 0.8100 
30.3184 0.7683 -3.5698 -2.5349 -2.7944 0.4403 0.0713 0.6584 1.5299 0.2073 -1.3041 0.4263 -0.5378 
28.9711 0.7089 -3.8846 -1.8427 -3.2763 -1.5992 0.5000 2.1894 2.2628 -0.6264 -1.1925 1.0243 0.9768 
27.3664 0.8785 -2.8762 -1.5386 -2.9189 -0.6487 1.1549 2.7942 1.2921 -1.2989 -1.2781 0.5101 -0.4213 
25.7291 -0.5597 -3.1279 -1.5637 -1.7647 0.7707 0.4243 2.0247 0.9864 -0.9125 -0.6990 0.5916 -0.5573 
23.6936 0.2642 -4.5228 -1.5788 -1.7339 -0.3745 0.1279 0.8810 0.5312 -0.9707 -1.3882 0.6144 -0.1853 
23.7712 1.5001 -3.2461 -1.9069 -3.1483 -0.9424 0.5728 0.9218 0.5128 -1.6482 -0.9050 0.0215 0.0834 
22.0972 1.1065 -1.9432 -1.4313 -1.3451 -0.4474 -0.1697 1.2575 0.6987 -1.6679 -0.8543 0.1020 0.4334 
19.9560 1.4630 -1.1572 -2.1343 -1.8050 0.4043 -0.5063 0.4298 -0.3201 -0.8472 -0.7020 0.0907 -0.2304 
20.5785 1.1597 -0.6004 -1.9227 -2.0364 -0.0880 0.0380 0.4463 -0.4037 -0.6096 -0.7912 -0.1187 0.1127 
19.3864 1.4235 -1.4301 -1.7971 -1.8262 -1.6592 0.5002 1.0406 0.1994 -0.8327 -1.6985 -0.1768 0.7953 
19.2118 -0.4978 -2.7937 -3.0521 -1.6901 -1.0869 0.2728 0.7625 0.3797 -0.6519 -1.2970 -0.4170 -0.1558 
18.8131 -0.0452 -1.3535 -1.8632 -1.0454 0.4589 -0.7875 0.1645 0.1686 -0.1829 -1.1009 -0.5285 -0.0035 
16.9493 -1.5000 -0.7678 -0.6959 -0.4930 -1.0955 -0.8315 -0.4830 -0.2514 -0.5369 -0.3917 -0.1351 0.2964 
18.7014 -0.9316 -1.1624 -1.3261 -0.6541 0.3422 -0.4161 -1.3430 0.3656 -0.4233 -0.7206 -0.3170 0.0188 
18.2231 -0.0026 -0.1828 -0.1945 -1.3001 0.3347 -1.4202 0.4028 0.2279 -0.4086 0.0015 -0.4298 -0.4011 
13.1907 -0.2859 0.9436 -0.1047 -0.4881 -0.0869 -0.3167 0.0079 -0.3625 0.6770 -0.1930 -0.0194 -0.1905 
1.4682 -1.9930 0.5814 -0.2900 -0.6151 0.2360 -0.2484 0.7022 -0.4838 0.6298 -0.3208 -0.0205 -0.0283 
-9.8779 -4.2529 0.5059 -0.8279 -0.7634 0.2844 -0.0373 0.9106 -0.2977 0.5451 -0.1463 -0.1121 0.0769 
-21.1391 -6.6890 0.4497 -1.4699 -1.1886 0.0661 0.0482 0.9168 -0.0395 0.6290 0.2511 0.0645 0.3892 
-31.8272 -8.4178 1.0095 -1.6072 -1.5889 -0.2951 -0.1220 0.5401 -0.2956 0.2631 0.1601 -0.1423 0.2979 
-42.2910 -9.9100 1.8392 -1.3686 -1.8766 -0.5909 -0.1329 0.3147 -0.5398 -0.1141 0.0137 -0.3841 0.0612 
-52.6041 -11.3011 2.8172 -0.7500 -1.9433 -0.8050 0.1040 0.5373 -0.4486 -0.3523 -0.0045 -0.3278 0.0184 
-62.6896 -12.5280 3.9396 0.2413 -1.8121 -1.1196 0.4189 1.1658 -0.1609 -0.7736 -0.0400 0.1748 0.2957 
-72.5705 -14.0153 4.1405 0.6716 -1.4615 -1.1325 0.4304 1.1926 -0.0222 -0.9113 -0.0328 0.4201 0.5099 
-81.8660 -15.2662 3.8285 0.8894 -0.5630 -0.6418 0.1938 0.7361 0.3752 -0.2396 0.1564 -0.1806 -0.4638 
-87.8991 -12.9813 4.7388 0.4826 -0.6599 -0.4191 0.2991 0.2905 0.0966 -0.2902 0.3460 0.1143 0.0087 
-94.5798 -11.6296 4.9514 -0.1374 -0.7667 -0.3547 0.4534 0.5183 0.8191 0.3024 0.7445 0.7123 1.0528 
nan nan nan nan nan nan nan nan nan nan nan nan nan 
nan nan nan nan nan nan nan nan nan nan nan nan nan 
-99.8186 -1.6980 1.7996 -0.8067 1.1481 0.2774 -0.3070 0.5744 1.1260 -0.4656 0.7588 0.7789 -0.1240 
-98.0789 -0.8706 0.1385 0.9092 0.5469 0.4817 0.3728 -0.0817 0.7374 0.7667 0.5243 -0.6055 0.3843 
nan nan nan nan nan nan nan nan nan nan nan nan nan 
-90.6977 -0.4005 0.3796 -0.6890 -0.1215 0.2044 0.4112 -0.0465 0.3357 0.5277 -0.7814 -0.3978 0.0690 
-89.8878 -0.7926 1.2384 1.0875 0.4832 -0.5178 -0.9780 -0.2224 -0.2868 0.8675 0.7235 -0.1022 -0.3789 
nan nan nan nan nan nan nan nan nan nan nan nan nan 
nan nan nan nan nan nan nan nan nan nan nan nan nan 
-81.3720 0.2852 0.2807 -0.2196 -0.7672 -0.2303 0.6626 -0.0810 0.6286 -0.1462 0.1875 0.0928 0.3948 
-78.1192 0.2154 0.2265 -0.0045 0.2219 -0.0036 0.1376 0.1279 -0.9001 0.2268 0.6072 0.0450 -0.1084 
-76.9740 -0.3735 -0.6441 0.5715 0.2961 0.6209 0.8540 1.0377 0.0761 0.1969 0.5199 -0.6168 0.0654 
nan nan nan nan nan nan nan nan nan nan nan nan nan 
nan nan nan nan nan nan nan nan nan nan nan nan nan 
nan nan nan nan nan nan nan nan nan nan nan nan nan 
-inf -inf -inf -inf -inf -inf -inf -inf -inf nan nan nan nan 
-inf -inf -inf -inf -inf -inf -inf -inf -inf nan nan nan nan 
nan nan nan nan nan nan nan nan nan nan nan nan nan 
nan nan nan nan nan nan nan nan nan nan nan nan nan 
nan nan nan nan nan nan nan nan nan nan nan nan nan 
nan nan nan nan nan nan nan nan nan nan nan nan nan 
-inf nan inf nan -inf nan inf nan -inf -inf nan inf nan 
nan nan nan nan nan nan nan nan nan nan nan nan nan 
nan nan nan nan nan nan nan nan nan nan nan nan nan 
nan nan nan nan nan nan nan nan nan nan nan nan nan 
-40.3365 -0.1950 0.6083 1.2281 -0.0612 -0.2588 0.5617 0.0528 -0.3175 -0.1032 -0.8965 -0.2909 0.8232 
-inf -inf -inf -inf -inf -inf -inf -inf -inf nan nan nan nan 
-35.2518 0.0628 0.9277 0.9020 0.2990 -0.0045 -1.1086 0.0600 -0.1342 -0.2325 0.6025 0.7857 -0.4015 
nan nan nan nan nan nan nan nan nan nan nan nan nan 
-29.1081 0.6853 0.7830 0.7273 -0.8775 -0.4848 0.5431 -0.1891 -0.0589 0.4453 -0.2903 -0.2773 -1.0343 
-27.1851 -0.6840 -0.1138 1.6263 0.0881 -0.2622 0.3254 0.1735 -0.3694 -1.2710 -1.4497 -0.5825 0.7439 
nan nan nan nan nan nan nan nan nan nan nan nan nan 
nan nan nan nan nan nan nan nan nan nan nan nan nan 
nan nan nan nan nan nan nan nan nan nan nan nan nan 
