19.7287 -1.0462 -0.8402 -0.5915 -0.4895 0.6951 -0.4200 1.0476 0.7089 -0.3300 0.0215 -0.1857 -1.1727 
19.3557 -0.4013 -0.6774 0.2393 -0.1962 -0.3043 -0.9709 0.6418 -0.1089 -0.0072 -0.1548 -0.2444 -0.2551 
18.2943 -0.2788 -0.2965 -1.3546 -0.1050 -0.0776 -0.2854 1.0235 0.8300 -0.1568 0.3100 -0.9004 -0.4123 
19.5417 0.6923 -0.7789 -1.0957 -1.7038 -1.7418 0.0066 -0.6543 -0.1122 -0.8421 0.2733 -0.2287 -0.0958 
18.1337 -0.5736 -0.7893 -1.2623 -1.2429 -0.0012 -0.0529 -0.5059 -0.6875 -0.0359 -0.3986 0.1509 -0.3611 
19.3720 -0.0933 0.0649 -1.2969 -0.9100 -0.3653 -0.8111 -0.6823 -0.3583 0.2974 0.1585 -0.5690 -0.3060 
18.6845 -1.2983 -0.7404 -1.7535 -1.8123 -0.0822 -0.1261 -0.3611 -0.0639 0.0810 -1.0241 -0.8792 0.3826 
19.7554 -0.7412 -1.9341 -0.4868 -0.8898 0.3611 0.1728 0.0890 -0.5013 -0.9491 -0.5817 -0.2706 -0.1662 
19.9279 -0.9307 -0.5525 -1.3832 -1.4261 0.2685 0.4238 0.2554 -0.3022 0.1464 0.2378 -0.0877 -0.8693 
19.5014 -0.9483 -0.4794 -0.6126 -0.4524 0.5618 0.0808 -0.2271 -0.0219 0.2892 -0.1418 0.0418 -0.8436 
19.8492 0.2571 0.2626 0.1512 -1.2091 0.0976 -0.1632 -0.5207 -0.2831 -0.0163 -0.5930 -0.4110 0.5415 
19.0220 -1.4982 -1.0759 -0.4179 -0.3563 -0.2053 0.1854 -0.3122 0.1039 -0.1931 0.2855 -0.4785 -0.1627 
18.7508 -1.0385 0.0400 -0.9554 -0.1698 -0.9587 -0.8137 -0.0603 -0.3805 -1.1432 -0.5738 -0.4619 0.2355 
19.1591 0.4023 0.7581 -0.9543 -1.4423 -1.8749 -0.6437 0.0827 -0.0802 -0.0069 -1.0420 -0.5181 0.5687 
18.5285 0.7784 -1.2885 -1.6495 -0.9081 0.5809 0.8480 0.1172 0.6096 0.0947 -0.2463 -0.6069 -0.8837 
18.7733 -0.2642 -1.6306 -2.0209 -0.5881 -0.6721 -0.0929 -0.4941 -1.1807 0.2029 0.0150 0.0878 -0.6510 
19.8823 0.3651 -0.7208 -1.1217 -0.6324 -0.8342 -0.1101 -0.5566 -0.4697 -0.5398 0.4131 0.4245 -0.2654 
18.5923 -1.1776 0.9310 0.0877 -0.5348 -1.8980 -0.8696 0.2476 -0.3544 -0.1204 0.1279 0.2170 0.4765 
19.8017 -0.6017 -0.5460 -1.5764 -0.7779 -0.5048 -0.5147 -0.7857 0.0533 0.2233 -0.0100 0.0877 -0.7049 
19.2633 -0.5640 -1.3170 -1.4071 -0.1652 0.2335 -0.7511 -0.0674 0.2353 0.2842 0.4479 0.0728 -0.4646 
19.3703 0.2768 -0.2749 0.3806 -0.7840 -0.2280 -0.8461 -0.1226 -0.0780 -0.1789 -0.4279 0.0211 0.1057 
20.2215 -0.2035 -0.6170 -0.6427 -0.1933 0.0073 0.0405 -0.6322 -0.7718 -0.3697 -0.2012 -0.0952 -0.3605 
18.6241 -1.2822 -1.0483 -0.6315 -0.0568 0.0534 0.6859 -0.6829 -0.8950 0.2554 -0.1218 -0.6084 -0.4767 
19.2786 0.5988 -1.1476 -1.4146 -1.0362 -0.0284 -0.1055 0.3255 -0.6911 0.0417 0.6094 -0.2228 -0.0016 
19.3546 -0.2777 -0.5922 -0.7974 -1.2219 -0.3924 -0.0770 -0.4272 -0.7841 0.1380 -0.1625 0.0489 0.5418 
19.3389 -1.2123 -0.7388 -0.7607 -0.8581 0.7317 0.0261 0.3471 -0.2087 -0.1942 -0.0939 0.1774 -0.9078 
20.4405 -0.3954 -0.7746 -1.4485 -1.6013 0.2835 -0.3964 -0.2149 -0.9980 -0.1627 -0.3306 -0.2745 -0.0837 
19.3311 -0.5042 -0.7658 -0.6285 -0.3560 -0.6116 -0.7088 -0.2337 -0.1263 -0.1716 -0.1573 0.0874 0.3375 
19.2425 -0.4554 -0.5828 -0.3799 -0.4658 0.4594 0.2710 -0.5262 -0.6637 -1.2222 0.4525 0.3636 -0.1172 
18.8703 -1.1608 -0.7932 -0.1758 -1.2372 0.3877 0.2209 -0.7311 -0.0900 -0.7931 0.3278 -0.1666 0.4215 
19.0336 -0.9648 -0.2103 -1.3392 -1.2009 -0.3400 -0.6128 -1.0474 -0.7745 -0.4293 0.0865 0.4185 -0.3686 
19.7973 -1.5957 -0.8436 -0.7860 -1.5675 -0.9535 -0.9463 -0.2816 -0.8541 -0.5805 -0.1642 -0.0577 -0.1162 
19.4033 -0.7785 -0.0933 -0.0683 -1.3267 -0.0691 0.4425 -0.2090 -0.6391 -0.0652 -0.1363 0.0457 0.0870 
19.5406 -0.5551 -1.0095 -1.1287 -1.1225 0.6660 -0.9568 0.1211 -0.0460 0.3828 0.2341 0.1404 -0.0086 
19.3785 -0.8589 -1.0768 -0.5325 -0.6394 -1.3054 -0.8385 0.1339 -0.4160 -0.0324 -0.4833 0.2553 0.3903 
19.2329 -0.5564 -0.0185 -1.2222 -0.5534 0.0164 -1.3761 0.3331 -0.2632 -0.5819 -0.8681 -0.1425 -0.2774 
20.3604 -1.2001 -1.4505 -1.5200 -1.3976 -0.6795 -0.2285 0.5370 0.2743 0.6701 0.5715 0.5664 0.3685 
20.0593 0.2438 -0.0909 -0.6141 -1.1399 -1.1995 0.6023 0.2859 -0.5473 -0.3869 -0.0977 -0.0293 -0.5634 
18.3696 -1.7079 -0.6658 -1.2410 -1.1024 0.4762 1.4184 -0.1003 -1.0344 -1.5175 -0.5760 -0.5494 -0.0639 
20.0209 -1.0244 -0.6964 -1.6283 -2.1675 -0.3636 -0.7391 -0.4120 -0.1870 -0.2027 -0.4423 0.1236 -0.1933 
19.1646 -0.4425 -0.4463 -1.3227 -0.8720 0.2775 -0.4530 -0.5121 -0.0456 0.6127 -0.5915 0.3680 0.6537 
19.3060 -0.3271 -0.6374 -0.4701 -0.0999 0.1100 -0.4134 -0.7394 0.1143 -0.6757 0.3007 0.0986 -0.2478 
20.1611 -0.9099 -1.6490 -0.9740 -1.2111 0.3643 -0.4863 -0.2265 -0.8455 -0.1462 -0.1446 -0.2281 -0.0815 
19.3954 -1.5926 -2.0475 -1.9804 -2.0275 -0.8175 -0.0477 0.3336 -0.3401 -0.1846 0.7038 0.3557 -0.1191 
19.7731 0.4616 -0.3773 -0.5698 -0.9407 -1.0079 -0.2067 0.1514 0.0057 0.0085 0.0155 0.1455 -0.7038 
20.1382 0.4203 0.1617 -0.9437 -1.3230 -0.4195 -0.2267 -0.3415 -0.3133 0.2648 -0.3942 -0.3539 -0.6404 
20.8344 0.4796 -0.0252 -1.9721 -0.6516 -0.1040 -1.0392 -0.3271 -0.6353 -0.2231 -0.1084 -0.0329 0.1297 
19.9230 -0.5048 -1.2235 -1.5319 -1.4116 0.1474 0.4048 0.1016 0.7006 0.2032 -0.0694 0.0588 -0.7262 
19.6910 -0.1305 -1.3776 -1.1560 -0.3358 0.2440 -0.4359 -0.2852 -1.1381 -0.4033 -0.3774 0.2888 0.1355 
19.3986 -1.0851 -0.7143 -0.8725 -0.5908 -0.8216 -0.6667 0.9016 -0.8416 -1.6603 -1.2221 -0.2738 0.2938 
19.2243 -0.1330 -0.9123 -1.3862 -1.0494 -0.7458 -0.1143 0.4502 -0.2069 0.1364 -0.4066 -0.6975 -0.1376 
18.0189 -0.8119 -1.6174 -2.0841 -0.9846 -0.8052 0.1412 -0.2787 -0.1262 0.2456 0.4571 0.5905 -0.1360 
19.2782 -1.0549 -0.6502 -1.9650 -0.9678 -0.2343 -0.9287 -0.4957 -0.3386 -0.0078 -0.5414 -0.3357 0.1194 
19.4868 0.4137 -0.6822 -1.5870 0.1080 -0.2235 -0.7062 0.2124 -0.2249 -0.4814 0.2674 -0.1600 -0.1850 
20.0518 -1.3571 -0.7137 -0.1923 -0.4183 -0.3363 0.3454 0.3530 -0.0284 -0.9082 -0.6676 -0.0005 0.1672 
19.1074 -0.8091 -1.1285 -1.2648 -0.8415 -0.4780 0.4976 -0.0275 0.1583 -0.1282 -0.0160 0.0263 -0.4544 
18.6018 -1.8418 -2.2737 -1.0074 -0.5475 -0.5567 -0.1443 -0.5560 0.5134 0.2652 -0.2431 0.4797 -0.1385 
19.4586 -1.3965 -1.7585 -1.5663 -0.4212 0.0842 0.3937 0.2622 0.2746 0.0588 -0.3429 -0.0992 -0.5751 
20.4578 0.0202 -0.3996 -1.0744 -0.3592 -0.3568 -0.7344 -0.3223 0.4844 -0.5442 0.4587 0.1511 -0.3158 
20.1577 0.4860 -0.7544 -0.5886 -1.0919 -0.1762 0.2519 0.0940 0.2065 0.1050 -0.2555 -0.3542 -0.1944 
20.0095 -0.5513 -0.8453 -1.4392 -1.5679 -0.0896 0.1571 0.4730 -0.0022 0.8909 0.1745 0.3284 0.4151 
19.0408 -1.7109 -0.8565 -0.9152 -0.5079 0.1794 0.7657 0.4438 -0.6388 -0.8181 -0.7591 -0.5251 0.4176 
19.4626 -1.2581 -1.8056 -1.0327 -0.9921 -1.1617 -0.6122 -0.5294 0.1423 -0.3710 -0.1609 -0.3055 -0.5815 
19.7493 -0.5773 -1.2493 -0.4770 0.1182 -1.0357 0.0915 -0.2741 0.2730 0.2114 -0.6914 -0.2715 -0.4176 
19.7866 -0.5551 -0.5134 -0.6567 -0.2065 -1.3484 -0.3134 0.2432 -0.1176 -0.6766 -0.1400 -0.0308 0.1995 
18.8239 -0.3504 0.3103 -0.9558 -0.8752 -1.0173 -0.8164 -0.4195 -0.4026 0.1362 -0.1676 0.1974 0.1309 
18.9020 -1.0214 -0.2058 -0.5837 -0.7286 -0.1127 -0.3942 -0.2809 0.4059 -1.0084 -0.2520 -0.6155 0.0064 
19.1667 -0.7966 -0.0595 -0.3121 -1.2565 -1.1705 -0.0613 0.4557 -0.4858 -0.7530 -0.2587 0.4237 -0.2253 
20.1302 -0.0743 -1.4538 -0.7367 -1.4594 -0.0149 0.2404 0.9885 0.0178 0.5651 0.3052 0.2841 -0.1733 
19.7591 -0.4761 -1.3061 -1.3872 -0.6955 -0.9242 0.7303 0.7299 -0.0365 0.5065 0.5940 0.6647 0.6852 
21.0866 -0.9119 -1.2458 -0.7239 -1.1859 0.3429 0.1529 -0.3772 -0.3163 -0.2364 -0.0564 -0.0354 -0.0199 
21.2781 -1.1047 -1.1820 -1.2795 -1.3859 -0.7564 -0.8114 0.1463 0.1637 -0.3714 -0.2348 -0.0045 -0.1228 
21.3894 -1.3259 -0.8987 -0.4891 -1.8880 -0.5144 -0.1472 -0.0334 0.7053 -0.2649 -0.5370 -0.0194 0.5200 
20.4722 -1.2137 -1.3056 -1.0975 -0.0936 0.5961 0.1076 0.8455 0.0590 -0.2400 0.2159 -0.3838 -0.3612 
19.9022 -2.3816 -1.0304 -0.6973 -0.5638 -0.2433 0.6779 0.6760 0.0685 0.4384 -0.1774 -0.5453 -0.4120 
21.3956 -1.0684 0.2880 -0.4471 -1.9509 -0.6265 -0.4507 0.0928 0.1790 0.1104 -0.1516 -0.4937 -0.1952 
23.0090 -2.2665 -1.3694 -0.2710 -2.1683 -0.5390 -0.0399 0.1475 -0.9589 -0.0089 -0.2352 -0.0826 -0.1794 
21.3047 -2.3886 -1.6268 -0.9209 -1.2405 -0.1593 -0.8633 0.3579 -0.1414 0.5764 0.4836 0.3358 0.2664 
23.6400 -2.2552 -2.6855 0.3622 -0.9403 0.6574 0.4042 0.2372 -0.0378 0.1118 -0.3697 0.0824 0.0038 
23.0465 -3.0132 -2.0157 0.3377 -0.5589 -0.2399 -0.2967 1.2667 0.6127 -0.0709 -0.0750 -0.1039 -0.2531 
23.9103 -2.0821 -1.3129 0.6532 -1.0575 -0.5230 0.0380 -0.1342 -0.4849 0.3179 0.4757 0.0453 -0.4015 
23.0813 -2.3430 -1.6217 1.0778 -0.2261 -0.7947 -0.4249 -0.5313 -0.2508 -0.0317 0.3848 0.5064 -0.0281 
21.6171 -2.3950 -1.5809 -0.3874 -0.4509 0.1975 0.6802 0.0409 -0.2600 -0.2612 -0.2179 -0.1056 0.5080 
27.7777 1.8344 -2.6455 -0.5101 -0.3690 -1.2296 -0.7761 -0.4098 -0.7914 -0.0624 -0.1572 0.0223 0.1591 
32.4972 2.7010 -3.6040 -0.8492 -0.7834 -1.1120 -1.2137 -0.1117 -0.8757 -0.9185 0.0959 0.6994 -0.3049 
34.1269 1.2638 -4.2379 -0.0072 -0.8133 -1.2634 0.1313 0.0141 -0.6085 -0.6546 -0.6055 -0.6614 -0.0590 
34.4389 1.2521 -4.5779 -0.1472 -0.8782 -2.3778 0.5088 -0.0843 -1.1786 -0.9187 -0.4063 -0.2611 -0.2109 
33.8946 1.3201 -3.6581 -0.5445 -0.3234 -1.4055 0.2686 -0.0312 -0.4843 -0.9484 -0.8557 -0.2488 0.1214 
34.0872 0.6654 -3.7618 -0.2131 -0.6859 -1.5712 0.1677 -0.1752 -0.9598 -0.8371 -1.1361 -0.3725 0.1627 
33.2273 0.5066 -3.0306 -1.2528 -0.1415 -0.9166 -0.4019 -0.1705 -1.2896 -0.9442 -1.2578 -0.8104 0.3751 
34.2299 0.1792 -2.1720 -0.6276 -1.2976 -1.1855 -0.5916 0.0596 -0.5760 -0.9940 -0.6088 -0.3061 0.1006 
34.4150 -0.4667 -2.2455 -0.2753 -1.8235 -0.8439 -0.1055 -0.5030 -0.6825 -0.8505 -1.0285 -0.4840 0.3009 
34.2625 -0.6883 -2.2571 -0.2812 -1.5771 -0.9904 -0.6260 0.1036 -0.8048 -1.4310 -1.0287 -0.5706 0.3517 
34.3695 -0.1201 -2.1072 -0.4336 -1.3633 -1.2309 -0.4336 0.0149 -0.3087 -1.3936 -0.4928 -0.3217 0.1370 
34.4145 0.3690 -3.0528 -0.1401 -0.9747 -1.1432 -0.1480 0.3529 -0.6376 -0.7985 -0.3467 -0.6778 0.1795 
33.6679 0.3663 -3.2366 -0.8876 -0.9281 -1.0183 -0.3726 -0.0842 -0.4972 -0.9476 -0.7798 -0.5119 -0.0602 
33.2807 0.6349 -3.2622 -1.1431 0.2934 -0.9164 -0.1292 0.0097 -0.8808 -1.2565 -1.2346 -0.3867 0.0625 
33.2717 0.7050 -3.8477 -1.0870 -0.3418 -0.5742 -0.2569 -0.0537 -0.7895 -1.0119 -1.0548 -0.3339 -0.2489 
31.7056 2.2260 -4.2846 -1.4406 -1.0408 -0.5360 0.2510 -0.4871 -0.1219 -0.4131 -0.6617 -0.5684 -0.1953 
31.8172 1.6656 -3.4044 -1.2447 -1.7421 0.0552 0.0479 -0.3083 -0.0611 -0.3191 -0.4835 -0.7759 -0.1514 
30.3558 2.0280 -2.7852 -1.9428 -1.4829 -0.4149 0.1033 -1.0927 -0.1390 -0.4246 -0.8726 -0.5242 -0.4825 
28.9668 3.1871 -2.9897 -1.6565 -0.7888 -0.3270 -0.0538 -1.0814 -0.3170 -1.1466 -0.5169 -1.0172 0.1039 
29.5385 2.6855 -2.8837 -1.3065 -0.4942 -0.2190 -1.1795 -0.4296 -0.8449 -0.7688 -0.7280 -0.3807 0.1077 
30.4013 2.4163 -2.6598 -1.0393 -0.8005 -0.5935 -0.6719 -0.2633 -0.9442 -1.1814 -0.3982 -0.4542 0.1047 
31.2771 2.9138 -2.9013 -0.7585 -0.7505 -2.1218 0.1765 0.2240 -0.3570 -1.1445 -1.4320 -0.4242 0.5294 
32.7929 2.3666 -4.4031 -0.5436 -1.3090 -1.3647 -0.0709 0.4440 -0.9934 -0.4085 -1.0006 -0.2576 -0.5287 
32.9879 2.7827 -5.4679 -0.6515 -1.3221 -1.3214 0.2854 0.3713 -0.2949 0.0397 -0.3871 -0.4680 -0.5927 
33.3993 2.0848 -4.2831 -0.8305 -1.8413 -1.7576 0.5771 0.6867 -0.5569 -0.0510 -0.4284 -0.6267 -0.1953 
33.4753 2.1358 -4.2571 -0.8010 -1.9170 -1.5171 0.5204 0.2304 -0.3934 -0.1586 -0.7928 -0.5931 -0.2396 
33.8156 1.5206 -3.6634 -0.9171 -1.9941 -0.9710 0.4178 0.0677 -0.4691 -0.2287 -0.9931 -0.5239 -0.2119 
32.6762 2.3727 -3.5032 -1.1286 -1.9365 -0.7837 0.6091 -0.2516 -0.6157 -0.6266 -1.1426 -0.2732 -0.0832 
31.0520 1.6993 -2.5356 -1.4415 -2.6206 -0.7963 -0.0591 0.5543 0.1129 -0.5507 -0.9825 -0.9021 -0.5752 
29.3727 4.0883 -2.0516 -1.7949 -2.2979 -1.7876 0.1990 1.2289 -0.7806 -1.0712 -1.0190 -0.1302 0.3371 
29.8842 4.2761 -2.2676 -2.1317 -1.9907 -0.9672 0.3026 0.4723 -0.0287 -0.8602 -0.6793 -0.5684 0.0655 
30.0212 4.1798 -2.3527 -2.0391 -1.8760 -0.7483 0.3864 0.6552 0.0399 -0.3198 -1.1517 -0.4262 0.3830 
29.1019 4.4882 -2.1301 -2.7472 -1.7749 -0.4990 -0.0183 0.4855 -0.3362 -1.1992 -0.5136 -0.6158 -0.0255 
28.4904 4.9830 -2.9183 -2.6572 -1.6945 -0.5130 -0.1199 0.0024 -0.6976 -1.3992 -0.7680 -1.0580 0.2744 
28.3559 5.1667 -1.9487 -2.8447 -0.9821 -0.3611 -0.1915 0.0669 -0.1884 -1.2699 -0.8893 -0.1846 -0.1180 
28.3203 5.5560 -2.7634 -2.0208 -1.2052 -0.5729 0.0280 -0.0564 -0.2200 -0.8011 -1.0125 -0.3165 0.0270 
28.8187 4.8353 -2.6249 -2.0614 -1.1660 -0.7052 -0.7293 -0.0588 -0.5795 -1.2886 -0.4206 -0.6208 -0.0764 
28.1998 4.5326 -2.2977 -1.9643 -0.1617 -0.4313 0.0718 -0.1808 -1.1013 -1.3084 -1.2609 -0.4629 -0.1698 
27.7165 5.3713 -2.0156 -2.5251 -0.5548 -0.5763 -0.6719 0.0450 -0.0950 -1.4438 -0.4566 -0.4795 -0.0803 
27.7693 5.0955 -2.2478 -2.2149 -0.7875 -0.9576 -0.5306 -0.0566 -0.3174 -1.0324 -0.8475 0.0123 -0.4703 
27.4483 5.2006 -2.0721 -2.2384 -0.0430 -0.6061 -0.5263 0.0640 -0.5033 -1.4579 -0.6360 -0.0333 -0.4288 
27.1773 4.1975 -2.2365 -1.8065 -1.1109 -0.2954 -0.2679 -0.6780 -0.9255 -1.4111 -1.0575 -0.7454 0.0647 
25.4000 5.2003 -0.7574 -2.1776 -1.1296 -0.1154 -1.1744 -0.3579 -0.5212 -0.4425 -1.4915 -0.3660 0.1603 
24.8023 4.5166 -0.6377 -1.7702 -0.5889 -0.1501 -1.0787 -1.3013 -0.6934 0.0835 -0.6610 0.1217 -0.2619 
24.2087 2.8473 -1.1806 -1.1600 -1.3590 -0.3968 -0.4154 -0.4708 -0.4588 -0.1363 -0.1887 -0.6097 -0.2861 
22.5586 2.4942 -0.3844 -2.9201 -1.4999 -0.3931 0.7510 0.7334 -0.0832 -0.6616 0.2790 -0.3075 0.2410 
21.6392 1.8256 -0.3844 -1.9019 -0.6330 0.2055 -0.2836 0.3870 -0.1652 -0.4910 -0.4058 0.5922 -0.1634 
21.1268 0.8750 -1.4050 -1.1013 -1.3472 -0.7122 -1.0533 0.3518 -0.1581 0.3218 0.5591 0.0802 0.0881 
19.1794 -0.5879 -1.5147 -2.7131 -1.3100 0.3896 0.1194 0.8669 -0.3534 0.1592 -0.0772 -1.2970 -1.1842 
19.7040 0.6188 -0.0901 -1.8384 -1.9167 -0.1903 0.3438 -0.0530 -0.5015 0.5182 -0.4222 0.0354 0.4359 
19.3417 0.4247 -1.7584 -1.4356 -0.9689 -1.7303 -1.1339 -0.7812 -1.3898 -1.1359 -0.7037 -0.3181 -0.3084 
19.7728 0.5790 0.2386 -1.8507 -0.6209 -0.9854 -0.1348 -0.0661 0.3535 -0.4708 -0.4202 0.0869 -0.6591 
18.9561 -0.0998 -0.1619 0.2102 -0.6363 -0.7324 -0.7076 -0.3046 -0.5295 -0.4046 -0.6645 0.0272 0.2189 
19.6018 0.0130 0.0239 -0.5260 -1.2435 -1.3096 -0.6481 0.6040 -0.7204 -0.2804 -0.1882 0.0557 0.5187 
17.6505 -1.5220 -0.9632 -1.3055 -1.4055 -1.2402 -0.1033 0.7543 0.3172 0.4088 0.7261 0.2989 0.0687 
18.4884 0.0434 0.6830 -1.1266 -0.6458 0.6347 -0.7395 -0.1451 -0.5801 -0.1858 0.0717 0.1264 0.0925 
17.8752 0.7713 1.1310 -0.4222 -0.5108 0.0542 0.4161 -1.4616 -0.5779 0.2775 -0.6914 -0.2380 -0.1746 
19.0221 0.4403 -0.5654 -0.9836 -0.2217 -0.1335 0.5573 -0.3433 -0.0482 0.0603 -0.4656 -0.1777 -0.4803 
19.0829 -0.7036 -0.3118 -0.6314 -0.9544 -0.8710 0.8852 0.7359 0.6421 -0.4739 -0.7249 -0.2339 -0.5819 
19.5005 -0.0942 -0.1935 -0.0717 -1.7116 -0.0649 0.3632 0.4866 -0.4979 -0.0163 -0.5223 -0.5392 0.4134 
18.9905 -0.6225 0.3094 -0.2025 -0.8082 -0.6501 -0.1351 -0.3091 0.5173 0.2069 -0.0019 -0.1633 0.4380 
18.4998 -0.4449 0.1209 -1.0151 -1.3280 -0.2695 0.7807 0.8699 -1.3912 -0.5170 -0.0232 0.1150 -0.2243 
19.5505 0.2938 -0.8797 -2.0732 -0.9091 -0.8770 -0.0485 -0.1938 -0.8914 -0.0199 -0.0880 0.2310 0.2967 
18.3951 -0.9692 -0.2692 -1.1862 -1.9826 -1.1765 -1.1433 0.5604 0.0578 -0.4399 -0.4484 0.5236 0.2001 
18.9591 0.9248 -1.5676 -1.7895 -0.5615 0.1820 -0.8933 -0.6673 -0.3654 -0.6431 0.2101 -0.2745 0.3044 
19.8022 -0.1998 -1.7491 -1.2947 -1.0770 -1.0213 -0.5529 -0.0574 -0.4157 -0.1643 0.0359 -0.1008 -0.1106 
18.2387 -0.9157 -0.8524 -0.2757 -0.5881 -0.6283 -0.1446 -0.2469 -0.8451 -0.7617 0.4534 0.2164 -0.1271 
19.1443 -0.2576 -1.4720 -1.2200 -0.9271 -0.7502 0.3068 -0.1077 0.6295 0.0974 -0.2030 0.4848 -0.1751 
18.5200 -0.6116 -1.1433 -2.1399 -0.4319 -0.6665 -0.1561 -0.8879 -0.7139 -0.0383 -0.6785 0.1148 -0.1182 
17.8999 -0.6415 -0.4835 -1.2605 -0.7698 0.7292 -1.1510 -0.1089 1.0455 0.0288 -0.2529 -0.5476 -0.4751 
18.8478 -0.7904 -1.5496 -0.3141 -0.0653 -0.7154 0.1720 -0.8789 -0.5248 -0.3221 -0.6865 -0.3345 -0.2453 
18.9207 -0.2992 -0.8287 -0.9026 -1.2142 -0.6859 -0.2532 -0.1447 -0.3922 -0.5614 0.2368 -0.2746 -0.2517 
18.6213 -0.6198 -1.6105 -2.2855 -1.3792 -0.9750 -1.5520 -0.3438 -0.7114 -0.2788 -0.2312 -0.5450 -0.0150 
19.4668 -0.9826 -1.0243 -0.9546 -0.9715 0.5255 -0.2816 -0.6453 -0.5188 -0.2077 -0.5534 -0.5777 0.1148 
17.9785 -0.6529 -0.8278 -0.5239 -1.4532 -0.8390 -1.4511 -1.0456 -0.4995 -1.1691 0.1396 0.4396 -0.0595 
17.5930 -0.2507 -0.2945 -0.8957 -0.0220 -1.1827 -0.6307 0.5924 0.7250 -0.7274 -0.9609 -0.0312 1.1092 
18.9440 -0.3203 -0.8196 -0.5883 -0.5902 0.0534 -0.9891 -0.6570 -0.1848 -0.1724 0.2704 0.3616 -0.1682 
18.3239 -0.0664 -1.8315 -1.5898 -0.5465 0.1034 -0.5477 0.6960 0.0584 -0.3830 -0.2462 0.0552 0.1924 
18.4474 0.2019 -1.4050 -0.1709 -1.0764 -0.5992 0.0007 0.5938 -0.0587 -0.2299 0.2426 0.2533 -0.3895 
19.1161 -1.1603 -0.6609 -1.3340 -0.6024 -0.2941 -0.3592 -0.0396 -0.4122 -0.0289 -0.0236 0.1488 0.3973 
17.7857 -1.2368 -1.6569 -2.1888 -0.8979 1.1098 0.8238 0.0675 0.3551 -0.4234 -0.7125 -0.3642 0.1574 
18.4710 -0.2276 -0.8850 -1.5371 -0.7449 -0.6582 -0.8180 0.4814 -0.5043 0.0319 0.3101 0.1662 -0.4222 
18.0841 -1.0599 -0.8206 -1.7818 -0.7331 0.0843 -0.8273 -0.5662 -0.1059 -0.1856 -0.1557 -0.4159 0.6212 
18.5891 -0.8142 -0.8339 -0.8220 -0.3394 -0.0910 -0.8521 0.9683 -0.0090 -0.4343 0.0401 -0.1349 -0.7647 
18.1717 -0.0588 -0.0863 -1.1846 -0.8586 0.5932 0.8523 0.1934 0.1427 0.3455 -0.7497 -0.0821 -0.3879 
17.6271 -1.0413 0.3481 -1.2487 -1.9920 0.5266 0.0456 0.2718 0.1296 -0.5711 -1.0277 -0.0906 0.5489 
17.2258 0.0497 -0.1271 -3.2084 -1.4747 0.0997 0.0070 -0.6054 0.0461 0.1224 -0.7312 0.0458 0.2874 
18.0035 -1.0559 -0.3282 -0.5224 -1.5145 -0.4208 -0.2341 -0.9413 0.1671 0.5124 -0.6482 -0.2676 -0.1224 
17.7362 -1.1750 -1.6694 -0.8979 -0.4389 -0.6158 0.0345 0.0973 0.1364 -0.5937 0.1204 -0.3662 0.1519 
16.3903 -1.6174 -0.9146 -1.4178 -1.8015 -0.7363 0.2970 -0.3436 -0.6761 -0.2981 0.0842 0.3318 -0.0255 
17.2554 -0.2455 0.2040 -0.7640 -1.7635 -0.8165 -0.7450 -0.0395 -0.5530 0.0914 -0.1249 -0.1657 0.0734 
16.9586 -1.7586 -1.3707 -1.1880 -1.3505 -0.5615 -0.2639 0.2352 0.3334 0.1675 0.2741 -0.0106 0.7437 
17.8023 -0.3700 -1.6167 -1.0892 -0.0101 0.1364 -1.1255 0.4406 -0.1142 0.3574 0.4048 -0.3647 -0.0746 
18.0281 0.6768 -0.8570 -1.6093 -1.1245 0.7111 -0.2342 -0.4016 -1.0866 -0.9594 -0.1260 -0.4758 0.1629 
18.8528 0.7723 -1.1474 -1.0293 -0.9583 0.0650 -1.2006 -0.5829 -0.5734 -0.6249 -0.0348 0.1797 0.0557 
17.3862 -0.1895 0.3907 -2.2601 -1.6047 -1.6033 -0.1533 0.1458 0.1313 -0.2746 0.1315 0.6959 -0.2630 
18.0014 -0.6303 -2.1075 -2.6187 -1.4031 -1.0990 -0.9983 0.5078 -0.7405 -1.2893 -0.1955 -0.3097 -0.4632 
16.9334 -0.5024 -1.3123 -2.4218 -0.5634 -1.4513 -0.6375 -0.9452 -0.0699 -0.7867 -0.5405 -0.2070 -0.5467 
17.9361 -0.3132 0.6195 -1.6136 -2.0847 -1.2693 -0.2037 -0.0237 -0.2711 -0.1962 0.1278 -0.5596 -0.1090 
17.4645 -0.4697 0.5088 -0.4312 -1.0770 -0.9861 -0.4155 -0.0662 -0.3022 -0.6169 -0.0150 0.0931 -0.3926 
18.6146 -0.6846 -1.1163 -1.4942 -0.6841 -0.4223 -0.6733 -1.4211 -0.3562 -0.3950 -0.4825 0.3797 -0.1052 
17.7762 -1.5874 -0.8436 -0.5544 0.3808 1.4937 0.0626 -0.2224 -0.9144 -0.7267 -0.5215 0.1451 -0.0735 
