nan nan nan nan nan nan nan nan nan nan nan nan nan 
nan nan nan nan nan nan nan nan nan nan nan nan nan 
nan nan nan nan nan nan nan nan nan nan nan nan nan 
nan nan nan nan nan nan nan nan nan nan nan nan nan 
nan nan nan nan nan nan nan nan nan nan nan nan nan 
12.0306 -0.7360 0.6663 -1.0367 -2.2226 -0.8042 -1.1678 0.2326 0.5499 -0.8051 -0.4015 0.2247 -0.3138 
14.5608 -1.0043 0.8204 0.0649 -0.7963 -0.0225 -0.8243 -0.2199 -0.4322 0.2500 -0.1490 0.1645 -0.1252 
13.9961 -0.5347 0.5729 -0.3580 -0.0197 0.3831 -0.8661 -0.5198 -0.4788 -0.2331 -0.6590 -0.3121 -0.0078 
11.6284 -1.8692 0.7945 -0.9454 -0.9961 -0.6903 -1.7426 -1.5801 -0.4305 -1.0012 -1.7543 -0.6956 -0.0667 
16.3055 1.6489 2.4686 -1.1536 -0.9888 0.9519 -0.7599 -0.9751 -0.6577 0.0074 0.0440 0.1829 -0.0453 
12.8400 -1.1234 0.3043 -1.1429 -1.0080 -0.4215 -0.1320 0.6312 0.2221 -0.1958 0.0811 0.4631 -0.2680 
14.9445 0.0477 0.1706 -1.4711 -0.2036 -0.6269 -1.1306 -0.6007 -0.8545 0.2347 0.2954 0.0855 -0.2190 
15.6070 0.3199 1.2555 -1.3725 -1.1422 -0.7398 -0.3387 -0.5463 -0.2486 0.1034 -0.3123 -0.1220 0.1599 
15.2070 0.1380 1.0626 0.3756 -0.6915 -0.2623 -1.4050 -0.2722 -0.3861 -0.0768 -0.2191 -0.3080 0.2202 
15.2461 -1.4714 -0.1445 1.0665 0.1057 0.0986 0.3927 -0.0286 -0.0302 -0.8781 -0.5139 0.1005 0.6154 
15.3173 -0.0356 -0.4685 -1.0284 0.1594 -1.1654 -0.7900 -0.5673 -0.4437 -0.8640 -0.1117 0.0606 -0.4525 
16.0556 -0.4280 -0.6328 0.3761 -1.3253 -0.5508 -0.3592 -0.2968 0.2460 0.4304 0.0560 -0.0591 0.3428 
17.2560 -1.6767 -0.6617 -0.7238 0.4830 1.0475 -0.4389 -0.1426 0.2119 -0.1777 0.0879 -0.0179 1.0957 
17.6080 -0.7298 -0.0263 -0.3038 -0.7997 0.0895 -0.2188 -0.2882 0.3961 -0.0440 0.4907 0.7206 -0.0891 
18.8693 -0.7652 -1.0629 -0.7079 -1.4151 -0.6511 -0.2618 -0.0791 0.4207 -0.1852 -0.4003 -0.3460 0.5059 
32.7051 -1.3015 -5.0357 -0.7694 -2.4849 -0.6941 0.3197 0.8199 0.9425 0.2405 -0.5211 0.3532 -0.2442 
33.8146 -3.5422 -2.4426 0.0367 -3.5422 -0.5942 0.8829 1.0540 2.1798 1.0529 -0.8265 -0.2481 1.4304 
33.6836 -4.3507 -1.6231 -0.6677 -2.0487 -0.4143 -1.2226 0.2781 2.1272 1.3327 -0.1264 -0.8344 0.9074 
32.9719 -4.3999 -2.0968 -1.3954 -3.6459 -1.7967 -1.5861 0.2688 1.0450 0.1334 -1.2391 -1.4586 1.2680 
33.1516 -3.0516 -2.1824 -1.0503 -2.6336 -1.2314 -0.6404 0.5152 1.2991 1.0955 -0.5070 -0.9662 1.3761 
31.2767 -1.6723 -3.1808 -1.5341 -2.3027 -1.7655 -0.3914 -0.6320 1.3360 1.3202 -0.2304 -0.5978 0.8498 
29.4436 0.4497 -3.3451 -1.6802 -2.0085 -0.9658 -0.9331 0.7399 1.9856 1.1765 -0.0472 -0.4689 1.2354 
30.0521 -0.5592 -2.9479 -1.2220 -2.4045 -1.5759 0.1421 0.1521 1.9588 1.0058 -1.9240 -0.2782 1.4413 
30.3120 -2.2002 -3.3858 -0.4212 -3.2060 -0.3680 0.5491 0.9290 2.4920 0.9873 -2.1709 -0.2498 1.4302 
30.9774 -1.0616 -3.0204 -1.0737 -4.0188 -1.3789 0.0705 0.4315 1.9050 0.4764 -2.2742 0.1415 1.3036 
30.8137 -1.3633 -2.8990 -1.1737 -3.4242 -1.0188 0.3570 1.8069 2.0995 -0.1386 -2.3442 -0.1218 0.3331 
29.4649 0.4104 -3.4504 -2.4976 -3.1643 -0.3885 0.9952 1.7176 1.7267 0.5843 -0.7260 0.8495 0.5113 
28.0242 1.0348 -3.2563 -1.5680 -2.9697 -2.0509 0.1734 2.7295 1.3675 -0.9437 -2.2811 0.3262 1.0211 
26.5290 0.1741 -3.0043 -1.9811 -3.1757 0.4759 1.1244 0.7663 0.6767 -0.4831 -0.4351 0.3959 -0.0392 
24.5985 1.4589 -3.7945 -3.0977 -2.1103 0.0768 0.6353 2.3997 0.8154 -0.8245 -0.2723 0.5740 0.3685 
24.8388 1.2973 -3.4690 -1.8106 -1.8097 0.0295 0.3884 0.8207 0.3081 -1.9882 -0.8376 0.4197 -0.2943 
23.7390 2.0728 -2.5040 -1.7117 -2.3336 -0.1844 -0.3392 1.3881 0.5398 -1.3425 -1.2618 0.0460 0.2340 
20.0743 2.8462 -1.2459 -1.9449 -2.0782 -0.2460 -0.0381 -0.2695 0.0113 -1.7137 -0.7283 -0.1031 0.0152 
19.2370 0.3199 -1.8040 -2.9959 -2.1654 -1.0036 0.0055 0.0685 -0.5375 -1.5805 -1.0488 -0.3272 -0.3489 
19.0005 0.9889 -1.2879 -2.1958 -2.2802 -0.7697 0.2500 1.4913 0.0641 -1.5021 -0.7118 -0.6463 0.5668 
19.5660 -1.1320 -1.1477 -1.8375 -1.1287 -0.0031 0.9194 0.6464 0.0743 -1.5740 -1.4011 -0.5390 0.6255 
18.4209 0.1163 0.9626 -2.2621 -0.8625 0.1012 0.2986 0.5230 -0.1504 -0.8239 -0.5343 -0.5114 0.2212 
17.2572 -0.0947 -0.5508 0.0886 -1.2267 0.5601 -0.3905 -0.2158 -0.6367 -1.0091 -0.6077 -0.3048 0.5742 
16.4451 -0.0936 0.1890 -1.0338 -1.4436 -0.5434 -0.3550 -1.1045 -1.1573 -0.7130 -0.4891 0.0420 0.0338 
16.7743 -0.1590 0.1298 -0.4176 -0.6037 0.2458 -0.7138 0.7101 0.0002 -0.9832 -0.2530 -0.6264 0.2970 
15.0418 -1.7908 -0.6016 0.3854 -1.0760 -0.0178 -0.8629 -0.7481 0.2825 0.4990 0.0584 0.2354 -0.4828 
14.6266 -0.0827 -1.0362 0.0858 -0.8897 -0.6474 -0.2899 0.3231 0.2393 -0.2353 -0.0600 -0.2025 0.2433 
3.8474 -1.1865 -1.1803 0.2350 -0.5925 -0.3795 -0.1196 0.1276 0.0684 -0.1441 0.0021 -0.0652 0.0257 
-6.9677 -2.4472 -1.2765 0.2770 -0.3488 -0.2770 0.0289 0.0315 0.0464 -0.1284 0.0374 -0.0363 -0.0152 
-17.8553 -3.8077 -1.3991 0.2531 -0.1693 -0.2603 0.1498 -0.0328 0.0730 -0.1635 0.0729 -0.0526 -0.0093 
-28.8117 -5.3120 -1.5623 0.1343 -0.0389 -0.3220 0.2479 -0.1060 0.1202 -0.2512 0.1243 -0.1054 0.0320 
-39.8193 -7.0593 -1.7811 -0.1467 0.0130 -0.4737 0.2620 -0.2068 0.1358 -0.3828 0.2100 -0.1838 0.1620 
-50.6454 -8.8807 -1.8019 -0.4798 0.1674 -0.6101 0.3352 -0.1662 0.3053 -0.2743 0.5292 -0.0082 0.4943 
-60.4430 -9.4986 -0.6965 -0.0798 0.8079 -0.5514 0.3901 -0.1785 0.3292 -0.3344 0.5439 -0.2189 0.2786 
-70.2740 -10.2942 0.2711 0.1085 1.2523 -0.6489 0.3008 -0.2177 0.3211 -0.3829 0.5826 -0.2658 0.2047 
-80.7865 -12.1274 0.4340 -0.2590 1.5052 -0.6376 0.4076 -0.0406 0.3954 -0.4617 0.4410 -0.4104 0.0750 
-88.8831 -11.1503 2.2798 -0.1072 1.5506 -1.0728 0.0158 -0.1951 0.4108 -0.3824 0.5069 -0.3444 0.0168 
-96.4105 -9.8161 3.8569 -0.5340 1.2102 -1.3160 0.0571 -0.0163 0.3890 -0.9352 -0.1073 -0.2068 0.4760 
nan nan nan nan nan nan nan nan nan nan nan nan nan 
nan nan nan nan nan nan nan nan nan nan nan nan nan 
-98.7600 -1.0166 0.9047 -0.0307 0.5394 -0.9300 -0.5115 -0.4636 0.5659 0.4196 0.8427 -0.5770 -0.0139 
-96.2911 -0.6890 -0.1598 0.0391 -0.3607 -0.7646 -0.0185 -0.0516 -0.5724 -0.5076 0.2959 0.0753 -0.0482 
-94.0694 -0.2568 -0.3580 0.6493 0.3647 0.1321 -0.4883 -0.4091 -0.2937 0.3525 0.1728 0.5069 -0.0767 
nan nan nan nan nan nan nan nan nan nan nan nan nan 
-88.8545 -0.4857 -0.4518 0.8343 0.9515 0.5860 0.2845 -0.0457 -1.0189 -1.0048 -0.9219 -0.0320 0.4803 
nan nan nan nan nan nan nan nan nan nan nan nan nan 
nan nan nan nan nan nan nan nan nan nan nan nan nan 
nan nan nan nan nan nan nan nan nan nan nan nan nan 
nan nan nan nan nan nan nan nan nan nan nan nan nan 
nan nan nan nan nan nan nan nan nan nan nan nan nan 
nan nan nan nan nan nan nan nan nan nan nan nan nan 
nan nan nan nan nan nan nan nan nan nan nan nan nan 
-69.3010 -0.1241 0.0739 -0.0168 0.5415 0.2407 -0.5707 -0.3553 0.4206 -0.0910 0.2915 0.5098 -0.6836 
nan nan nan nan nan nan nan nan nan nan nan nan nan 
-inf -inf -inf -inf -inf -inf -inf -inf -inf nan nan nan nan 
-61.4754 0.3519 0.8374 -1.0423 0.8331 -0.0700 -0.3252 0.1028 -0.0992 -0.0616 -0.5939 0.1788 0.0798 
-59.5672 0.7671 -0.1193 -0.3456 0.3789 0.2453 1.0485 -0.2273 -0.2895 -0.8038 -0.3600 -0.2568 0.6178 
-inf -inf -inf -inf -inf -inf -inf -inf -inf nan nan nan nan 
nan nan nan nan nan nan nan nan nan nan nan nan nan 
nan nan nan nan nan nan nan nan nan nan nan nan nan 
nan nan nan nan nan nan nan nan nan nan nan nan nan 
nan nan nan nan nan nan nan nan nan nan nan nan nan 
nan nan nan nan nan nan nan nan nan nan nan nan nan 
-41.5483 0.5863 -0.3688 -0.1426 -0.5043 -0.2868 -0.8807 -0.3217 -1.0318 -0.1811 -0.2124 0.5162 0.4544 
nan nan nan nan nan nan nan nan nan nan nan nan nan 
nan nan nan nan nan nan nan nan nan nan nan nan nan 
-inf -inf -inf -inf -inf -inf -inf -inf -inf nan nan nan nan 
nan nan nan nan nan nan nan nan nan nan nan nan nan 
nan nan nan nan nan nan nan nan nan nan nan nan nan 
nan nan nan nan nan nan nan nan nan nan nan nan nan 
nan nan nan nan nan nan nan nan nan nan nan nan nan 
nan nan nan nan nan nan nan nan nan nan nan nan nan 
