26.0713 11.9586 -14.3841 -1.2396 8.6211 -3.9562 -4.4967 4.7233 -0.3414 -5.1766 1.4877 2.5774 -2.0354 
26.5425 12.4155 -13.8917 -0.5870 8.5512 -4.6379 -4.8081 4.4887 -0.8249 -5.2338 1.4670 1.8999 -2.2272 
26.8493 11.9956 -15.0211 -0.9044 8.5225 -5.5098 -5.4664 5.0952 -0.0239 -5.0920 1.5528 2.0109 -2.6940 
27.1846 11.9783 -15.4525 -0.6802 9.5858 -4.2586 -4.4364 5.7244 0.1389 -5.2360 1.2237 1.5910 -3.0063 
28.9135 13.5602 -15.2088 -0.7644 9.6778 -4.2500 -4.4757 5.7145 -0.0779 -5.4383 1.5980 2.3446 -2.5176 
29.1198 13.9521 -14.6710 -0.4419 9.3996 -4.8393 -4.8775 5.3782 -0.5781 -5.8762 1.3537 2.1554 -2.6910 
29.8936 14.0595 -16.1587 -1.9038 9.5778 -3.5694 -4.1495 5.2947 -0.3825 -4.8957 2.4483 2.6605 -2.6928 
31.0748 15.0370 -16.1438 -1.9045 9.7526 -3.7786 -4.4737 5.4969 -0.0758 -5.1873 1.9316 2.5897 -2.4573 
30.1119 14.0158 -16.6853 -2.2193 9.8686 -3.2510 -4.3055 5.0933 -0.3175 -5.1151 1.7932 2.4054 -2.2448 
30.2001 14.2063 -16.3677 -2.0851 9.3228 -4.3306 -5.4106 3.8136 -1.9652 -6.4101 1.3486 2.2202 -2.4598 
29.2343 14.0639 -15.7095 -2.8381 8.2907 -4.0150 -5.0240 3.8604 -0.8175 -4.8628 1.4615 1.4991 -2.7193 
32.0007 19.6120 -9.7954 -0.6586 8.1691 -3.5035 -5.1474 2.3856 -1.9796 -5.9397 -0.3119 0.2330 -3.2391 
38.3754 25.5432 -10.0339 -4.1468 6.3127 -3.0877 -5.4334 0.5791 -3.1935 -5.8490 -0.3822 -0.5655 -3.8751 
41.7058 28.2546 -10.6400 -5.5676 6.2002 -2.4395 -5.0824 0.8845 -2.3715 -4.7445 0.5717 0.3152 -2.9418 
43.4805 29.1116 -12.0028 -6.7610 6.1161 -2.2065 -4.9832 0.7165 -2.5622 -4.4123 0.9089 -0.0572 -3.1335 
43.9802 29.1120 -12.9001 -7.4711 5.8795 -2.4891 -5.3603 0.4416 -2.8036 -4.5709 0.9321 -0.1154 -3.5195 
44.3248 29.6282 -12.8367 -8.1133 5.4853 -2.3443 -5.5195 0.1953 -2.3273 -3.9403 1.0887 0.2168 -2.8210 
44.6365 30.2315 -12.0990 -7.5767 5.8541 -1.9140 -5.1962 0.2411 -2.2087 -3.5359 1.3849 0.2437 -2.6485 
44.7341 30.5640 -11.7455 -7.5939 5.8073 -1.7412 -5.1200 0.2063 -2.1332 -3.3848 1.6519 0.5914 -2.5385 
44.5046 29.8565 -12.5083 -7.6755 5.6848 -2.3843 -5.5470 0.0133 -2.6272 -3.8633 1.3712 0.1850 -2.7949 
44.4725 30.0589 -12.0571 -7.4123 5.7576 -2.1855 -5.1539 0.4436 -2.3773 -3.8730 1.3479 0.3180 -2.6852 
44.6545 30.1500 -12.0800 -7.2922 5.8849 -2.1231 -4.9995 0.5679 -2.3718 -3.7675 1.4489 0.1496 -2.8558 
44.2375 30.0511 -11.5893 -6.9223 6.0679 -1.8528 -4.7938 0.7049 -2.0796 -3.5490 1.3125 -0.0926 -2.9611 
42.8825 29.1569 -11.2247 -6.8260 5.6188 -2.1905 -5.1378 0.2009 -2.4082 -3.7313 1.0621 -0.3283 -3.2287 
41.1777 28.5894 -9.7824 -6.1626 5.7374 -1.2582 -4.5361 -0.0527 -2.1198 -2.9799 1.1773 -0.3655 -2.8503 
38.3611 27.0690 -8.4441 -5.7526 4.9237 -1.2860 -3.9674 0.4668 -1.6765 -3.3408 0.2208 -0.6844 -3.0454 
36.7061 25.9844 -7.9872 -5.4882 4.7471 -1.4887 -4.5792 -0.2821 -1.9910 -3.7629 -0.5997 -1.2608 -3.2384 
35.6378 25.1680 -7.4297 -4.3953 5.2650 -1.1179 -3.5388 0.8420 -1.4015 -3.1946 0.1261 -0.7892 -2.9065 
35.5285 24.2043 -8.7299 -4.2575 5.9828 -1.3229 -3.6961 1.6926 -0.5761 -3.0963 0.1663 -0.4171 -2.6241 
35.3266 24.1302 -8.5052 -4.1226 5.6978 -1.9099 -4.2464 1.2240 -1.0976 -3.3888 0.3647 -0.2789 -2.9018 
37.1131 26.0948 -8.0040 -4.6628 5.6938 -1.2108 -4.1970 0.5385 -1.4119 -3.2583 0.3681 -0.3891 -3.0836 
38.5742 27.4589 -8.3246 -6.0975 5.0522 -0.6150 -4.3116 -1.0796 -2.5211 -2.9021 0.3278 -1.5203 -3.5051 
40.4132 28.0917 -9.4359 -5.8156 5.7974 -0.9629 -4.1955 -0.3831 -2.7277 -3.1041 0.9950 -1.1286 -3.2405 
40.8019 27.9372 -10.1855 -5.9991 5.7861 -1.4446 -4.4477 -0.1056 -2.4627 -2.8037 1.3161 -1.4159 -3.8517 
40.4635 27.6514 -10.2185 -6.0595 5.6300 -1.5241 -4.3378 0.2169 -2.0359 -2.5472 1.2854 -1.5103 -3.7975 
40.2616 27.9926 -9.2154 -5.4979 5.7128 -1.1829 -3.8834 0.3274 -1.9770 -2.3030 1.2942 -1.8542 -3.8790 
39.5615 27.5318 -8.9205 -5.4324 5.0150 -1.7293 -3.6545 0.3037 -2.9912 -3.2394 1.2021 -2.0442 -4.6642 
39.1538 27.7264 -8.1284 -5.2608 5.2299 -0.8393 -3.2652 -0.1342 -3.1225 -2.9266 1.4012 -1.7633 -4.2295 
36.8372 26.3411 -7.2985 -4.7422 5.5077 -0.2634 -3.6535 -1.0657 -3.2696 -3.3474 0.4185 -1.4477 -3.4030 
35.6209 25.9872 -6.2988 -4.4995 5.4039 0.4234 -2.8444 -0.3533 -2.3706 -3.1929 -0.1763 -1.2482 -2.5957 
34.4610 25.4209 -5.6239 -4.1358 5.4170 0.5634 -3.2226 -1.1575 -2.5768 -2.9785 -0.1636 -1.0320 -2.1594 
33.6993 24.8947 -5.6851 -4.5590 5.0378 0.6737 -3.1970 -1.4068 -2.8146 -3.3593 -0.7402 -1.7262 -3.2286 
32.7046 24.1382 -5.2777 -3.8081 5.3764 1.1135 -2.1428 -0.5102 -2.7952 -3.7633 -1.0855 -2.0946 -3.4996 
32.3832 23.5045 -5.3879 -2.7913 5.9602 0.4826 -2.3293 0.2305 -2.5678 -4.0318 -0.7065 -1.4344 -3.3851 
31.3856 22.7053 -5.3148 -2.6531 5.8584 0.4282 -2.3228 0.1943 -2.6033 -4.1555 -0.9163 -1.4386 -3.2353 
30.0636 22.3193 -4.2499 -2.4888 5.5443 0.8639 -2.0184 0.1702 -1.9861 -3.4757 -0.8903 -1.1612 -2.5121 
28.9986 21.2752 -4.3940 -2.1618 5.7211 0.8047 -2.0811 0.2028 -1.8091 -3.1734 -0.7074 -1.1514 -2.3934 
28.2050 20.6760 -4.1367 -1.6656 5.9194 0.7032 -2.1765 0.4413 -1.2706 -2.6526 -0.2553 -0.7278 -2.2373 
27.0543 19.6430 -4.1970 -1.5879 5.4103 -0.0502 -2.4770 0.6070 -1.0769 -2.5444 -0.1509 -0.8025 -2.6083 
25.5519 18.3162 -4.3801 -1.8540 4.4446 -0.9836 -2.8100 0.4735 -1.5256 -3.2706 -0.9416 -1.6448 -3.3611 
24.2216 17.1500 -4.2586 -1.0009 5.4036 -0.2783 -2.3819 0.9605 -1.0119 -3.0873 -0.6644 -0.6214 -2.2185 
23.9410 17.4577 -3.0613 -0.0449 5.8176 0.2238 -1.7230 1.4255 -0.6073 -2.4569 0.1710 0.3680 -1.1288 
