21.7617 14.3118 -7.2223 -5.3845 1.8454 -0.9948 -2.1734 0.4420 -1.2227 -2.6035 -0.3763 -0.4882 -1.6941 
21.6517 14.2098 -7.2866 -5.4448 1.9150 -0.8362 -2.1760 0.3520 -1.0600 -2.2361 -0.1772 -0.5536 -1.8981 
21.4560 14.1094 -7.1525 -5.3514 1.8374 -0.9208 -1.9935 0.8877 -0.4136 -1.7017 0.1981 -0.5035 -2.1038 
21.6371 14.1884 -7.3443 -5.5318 1.8540 -0.8907 -2.1020 0.8121 -0.3776 -1.7125 0.3571 0.2499 -1.2319 
22.2587 14.4099 -7.9975 -6.1426 1.5370 -1.2431 -2.4089 0.6334 -0.6610 -2.1305 -0.1618 -0.5552 -2.1961 
22.0123 14.5149 -7.3356 -5.6052 1.8669 -0.7886 -2.0238 0.6913 -0.6841 -2.0628 -0.1312 -0.4879 -1.9293 
21.9860 14.2441 -7.5967 -5.3885 1.9276 -1.3465 -2.4561 0.7628 -0.5896 -1.8971 0.4613 0.2472 -1.1787 
21.8050 14.3116 -7.2046 -5.1931 2.0393 -0.9578 -2.0301 0.9767 -0.4259 -1.9023 -0.0354 -0.5306 -1.9630 
21.0983 13.5988 -7.4496 -5.2027 2.1895 -0.7148 -1.9818 0.8869 -0.1300 -1.1596 0.4390 -0.8089 -2.5602 
21.7372 14.1797 -7.4391 -5.3590 2.3253 -0.3030 -1.5802 1.0309 -0.4759 -1.9426 -0.1071 -0.5462 -1.9384 
22.8809 15.2358 -7.2233 -5.5150 1.7601 -1.2475 -2.2561 0.7994 -0.6407 -1.9041 0.3997 0.0990 -1.3782 
21.9719 14.2168 -7.7701 -5.6959 1.8649 -1.2064 -2.7007 0.1484 -1.0381 -2.4232 -0.7051 -1.1131 -2.1012 
21.5843 13.6985 -8.0315 -5.6167 1.9934 -0.9501 -2.0613 0.6660 -1.0603 -2.3244 -0.0970 -0.7505 -2.4385 
21.1880 13.5235 -7.7073 -5.4234 1.7553 -1.3935 -2.3871 0.7613 -0.6249 -2.2142 -0.6430 -1.3768 -2.6305 
21.7069 13.9951 -7.5816 -5.2074 2.2112 -0.9310 -1.8732 1.4737 -0.0536 -2.0048 -0.3159 -0.7345 -2.2540 
21.7776 14.1532 -7.3509 -5.1715 1.7784 -1.6467 -2.6343 0.5319 -1.0148 -2.4255 -0.2837 -0.8131 -2.3196 
21.5504 13.9859 -7.6387 -5.6482 2.2427 -0.0491 -1.3369 1.0293 -0.6889 -2.3974 -0.7337 -1.0144 -2.0078 
21.7316 14.4936 -6.7970 -5.0441 2.0976 -0.7397 -1.9506 0.7903 -0.6703 -2.1685 -0.2633 -0.6048 -2.0164 
21.5855 13.6149 -8.2532 -5.8192 1.8217 -1.4044 -2.7258 0.3624 -1.0749 -2.6654 -0.4956 -0.4659 -1.7276 
21.1988 13.0808 -8.6649 -6.0630 1.5217 -1.8740 -3.0840 0.3158 -1.0564 -2.8786 -0.8889 -0.7854 -1.7931 
21.8870 14.1209 -7.7660 -5.5983 2.0311 -0.7820 -2.0991 0.2999 -1.4034 -2.4166 -0.0134 -0.5058 -1.9211 
22.2869 14.3551 -7.6328 -4.9626 2.5057 -0.9493 -1.9275 1.1840 -0.9373 -2.8410 -0.5175 -0.6205 -1.9060 
23.1438 13.2749 -10.4817 -5.3019 3.3394 -2.1272 -3.0224 2.1775 -0.1456 -3.0665 0.1974 0.6319 -1.9982 
24.8399 13.5007 -11.4792 -3.5300 5.4170 -2.7589 -3.5095 3.0177 -0.5886 -4.0717 0.8339 1.4167 -2.2640 
26.2612 13.8190 -12.3928 -2.5677 6.8645 -3.3932 -4.1979 4.2782 0.6177 -4.2112 0.8358 1.9906 -2.0757 
27.8712 14.2740 -13.5519 -2.3709 7.6680 -3.4133 -3.6337 5.4544 0.6265 -4.8831 0.8243 2.3416 -1.6802 
27.2349 13.1382 -14.3102 -2.1076 7.5285 -4.8927 -5.1047 5.0286 0.8692 -4.4640 0.9140 1.9590 -1.7346 
28.5604 13.8737 -14.8204 -2.0371 8.3515 -4.1103 -4.3966 5.3885 0.6337 -4.6331 0.8600 1.3164 -2.5801 
29.3182 14.4449 -14.8925 -2.1862 8.2336 -4.0633 -4.1589 4.9957 -0.4950 -5.1769 1.0978 1.1352 -2.9664 
29.7985 14.6997 -15.2233 -2.7187 7.3637 -5.2328 -4.8247 5.0574 -0.3394 -4.9243 1.7559 1.4805 -3.4353 
29.5343 14.1934 -15.6621 -2.7068 7.5676 -5.0457 -4.4555 5.2186 -1.0308 -6.0394 0.9654 0.7512 -4.4140 
30.8630 15.6696 -14.6829 -1.5299 9.0639 -3.8909 -3.8537 5.8513 -0.0153 -4.9421 1.9532 1.8014 -3.4354 
31.4904 16.0489 -14.8987 -1.8550 8.4450 -4.4899 -3.6709 6.2119 -0.2389 -4.9336 2.6364 2.2740 -3.2280 
30.7071 15.1880 -15.3857 -2.2119 8.1296 -4.7672 -3.9145 6.1750 -0.1032 -5.0825 2.1282 1.9411 -3.2593 
31.3138 15.8731 -14.8558 -1.8068 8.0908 -4.8950 -3.5547 6.3658 -0.7396 -5.7898 1.9227 1.7874 -3.4057 
31.5064 15.8678 -15.1672 -1.8840 8.2414 -5.1005 -3.9699 6.4878 -0.2569 -5.6782 1.8803 2.0326 -3.4030 
31.2987 15.6199 -15.4779 -2.1258 8.7231 -4.0299 -3.4399 6.1204 -0.8560 -6.2252 1.3163 1.7684 -3.2025 
31.9034 16.3127 -15.2265 -2.5666 7.6128 -5.2020 -4.1744 5.5890 -1.3082 -6.2479 1.4659 1.3976 -3.8127 
31.1542 16.0060 -14.8360 -2.5860 7.5676 -4.9435 -4.4766 5.1530 -0.5222 -4.9279 1.9418 1.6019 -3.1121 
30.6093 15.7703 -15.2503 -4.2842 6.3093 -4.7562 -4.7076 4.0587 -0.9600 -4.8783 1.6073 1.4689 -2.8254 
31.2675 18.4499 -11.2024 -2.1586 7.2125 -2.9462 -3.0930 4.4551 -0.7418 -4.6639 1.3034 1.0113 -3.4512 
34.4841 22.4438 -9.0193 -1.9722 6.9675 -3.0056 -4.2338 1.9795 -3.2612 -6.7925 -0.7828 -0.6581 -4.2274 
39.5735 26.2290 -10.4530 -4.0715 7.1182 -1.9818 -3.9906 1.6859 -2.9901 -5.7590 -0.0526 -0.4116 -3.1856 
40.7376 26.9596 -11.3010 -5.2269 6.8819 -1.8222 -4.2808 1.4421 -2.6178 -5.3169 0.0266 -0.3999 -3.1512 
41.8877 27.8245 -11.7287 -6.1554 6.2317 -2.0847 -4.6403 0.6083 -3.2557 -5.0324 0.4518 -0.7151 -3.5675 
41.2312 28.0875 -10.6973 -6.6438 5.1182 -2.0560 -4.2128 0.7931 -2.8288 -4.7772 0.2979 -0.4335 -3.0458 
40.9055 27.7962 -10.8641 -6.8922 5.0201 -1.9225 -4.1593 0.7571 -2.7385 -4.6001 0.4548 -0.3449 -2.9847 
41.2535 27.7474 -11.2279 -6.5131 5.6539 -1.8995 -4.3048 0.8829 -2.6271 -4.5899 0.3540 -0.6891 -3.2758 
41.5359 28.2731 -10.8239 -6.6491 5.3886 -1.8541 -4.3151 0.6259 -2.7377 -4.5709 0.2037 -0.7074 -2.9175 
41.8582 28.7951 -10.1562 -6.0018 5.8086 -1.4399 -3.7306 0.9924 -2.7451 -4.4784 0.5548 -0.4341 -2.7233 
41.7376 28.1594 -11.0947 -6.2876 5.7690 -2.1757 -4.6258 0.7427 -2.9948 -5.3630 -0.3032 -0.8703 -3.3481 
40.6612 27.7595 -10.0707 -5.4752 6.0313 -1.7674 -4.2061 0.9000 -2.8709 -5.2873 -0.3485 -0.8267 -3.2981 
38.2445 26.6139 -8.4665 -4.3762 6.2185 -1.3662 -4.0301 1.1850 -1.7643 -4.6809 -0.7372 -0.5595 -2.4931 
35.8512 24.4870 -8.5227 -3.9988 5.7632 -1.8951 -3.5743 2.3006 -0.8649 -4.1684 -0.3641 -0.3847 -2.7353 
35.8069 24.1040 -8.6557 -3.0565 6.5496 -2.1464 -3.6482 2.7491 -0.9847 -4.4989 0.1342 0.2529 -2.7970 
34.8392 23.3036 -8.5702 -2.6469 7.0371 -1.6541 -3.5445 2.3182 -1.6279 -5.0514 -0.1371 0.3356 -2.5516 
34.1331 22.5683 -8.9647 -3.0498 6.5071 -2.2838 -4.1621 2.0729 -1.4808 -5.0322 -0.3454 0.2563 -2.6824 
33.7751 22.4505 -8.6451 -2.8980 6.5720 -1.7500 -3.2348 2.8772 -0.9519 -4.5688 0.1734 0.7611 -2.1570 
34.3371 23.2169 -8.1653 -2.6877 6.9845 -1.4330 -3.6247 2.3813 -0.9894 -4.9201 -0.7298 0.2292 -2.3284 
34.7859 25.3044 -6.0888 -4.0768 4.9979 -0.8429 -3.5641 0.1676 -2.0852 -3.9576 -0.4926 -0.7396 -2.8110 
36.7476 26.3880 -7.2817 -5.2191 4.7548 -0.7702 -3.4171 -0.0620 -2.6420 -3.7599 0.1381 -1.1755 -3.6685 
37.1499 26.5840 -7.5675 -5.4255 4.9109 -0.3509 -3.0470 -0.0356 -2.6208 -3.3441 0.3294 -1.6396 -3.7861 
37.0407 26.6771 -7.1659 -5.1936 4.7505 -0.5894 -3.1211 -0.1024 -2.7884 -3.4254 0.3723 -1.7075 -3.9249 
36.8635 26.6232 -6.5028 -4.0151 5.1731 -1.1294 -3.3181 0.3845 -2.4472 -3.2481 0.7476 -1.5750 -4.2477 
35.6737 26.0463 -6.0193 -4.1316 4.9990 -0.4804 -2.8557 0.2587 -2.5848 -3.8903 -0.4274 -1.9050 -3.8394 
34.0554 25.2644 -5.2400 -3.9023 5.2579 0.5908 -2.4585 0.0467 -1.8457 -3.0582 -0.5641 -1.6200 -3.0406 
33.4610 24.4956 -5.6156 -4.0239 4.5617 -0.5440 -3.1482 -0.6682 -3.3860 -4.3875 -0.6005 -1.2925 -3.4173 
33.7323 24.9256 -5.1220 -3.5010 5.1858 0.2406 -2.3686 -0.0618 -2.8537 -3.7782 0.1278 -0.4316 -2.6318 
33.1004 24.2226 -5.2592 -2.8643 6.2516 0.8769 -2.5846 -0.5308 -2.9151 -3.6184 0.2041 -0.1776 -2.1626 
32.1106 23.3851 -5.3937 -3.1629 5.6290 0.5253 -2.4929 -0.4438 -3.3121 -4.4731 -0.6457 -0.9073 -3.0256 
32.2946 23.7826 -4.8128 -2.5717 6.1490 0.9105 -2.2348 0.0021 -2.5491 -3.9307 -0.6759 -0.9198 -2.4690 
32.4190 23.7399 -5.1070 -2.8703 5.7570 0.4549 -2.3676 0.1174 -2.6595 -4.1413 -0.5393 -0.6660 -2.5924 
31.3621 23.1900 -4.4368 -2.3447 5.8132 0.5892 -2.2344 0.1921 -2.2576 -3.5962 -0.3744 -0.7478 -2.5887 
31.4394 22.7591 -5.3273 -2.6633 5.9406 0.4973 -2.1978 0.7410 -1.7163 -3.4167 -0.3455 -0.8303 -2.7539 
30.0103 21.5883 -5.3073 -2.5082 5.9981 0.8262 -1.8979 0.8197 -1.4702 -3.1732 -0.6859 -1.4904 -3.0214 
29.7190 21.6337 -4.8876 -2.5823 5.6064 0.7997 -1.7266 0.8220 -1.4459 -2.8920 -0.1366 -0.8229 -2.7080 
29.4071 21.1581 -5.5766 -3.5140 4.7585 0.1470 -2.3148 0.4785 -1.4499 -2.9784 -0.4785 -1.0506 -2.7364 
29.4328 20.9553 -5.6739 -2.8398 5.5586 0.3752 -1.9560 1.4614 -0.6796 -3.0015 -0.7529 -1.0031 -2.3521 
28.3947 20.2628 -5.6030 -3.4880 4.2423 -0.1888 -1.5912 1.7278 -0.7587 -2.8305 -0.3412 -1.0398 -2.9642 
27.4692 18.7851 -7.1443 -4.2674 4.7770 0.8315 -1.4671 0.9721 -1.1301 -2.3635 0.2630 -0.6516 -2.5806 
27.5118 18.8099 -7.1890 -4.3121 4.6636 0.4662 -1.5781 1.8513 0.0734 -1.9573 0.4640 0.3172 -1.5505 
26.9924 18.0458 -7.7746 -4.6528 4.0989 -0.3558 -2.2603 1.1928 -0.6445 -2.4259 -0.0504 -0.6524 -2.3116 
26.8576 17.8694 -8.1681 -5.6635 2.6263 -1.4876 -2.4893 1.4906 -0.5304 -2.4199 0.4160 0.0513 -2.1269 
26.7745 17.9163 -7.8898 -5.1676 3.5778 -0.2768 -1.7714 1.5572 -0.5129 -2.2617 0.2671 -0.5469 -2.6989 
26.2886 17.4527 -8.1234 -5.4672 3.3066 -0.4041 -1.8846 1.4804 -0.5447 -2.3566 0.3868 0.0472 -2.1375 
26.5805 17.6938 -7.8069 -4.8186 3.5945 -0.7174 -2.2889 0.8053 -1.6528 -3.1266 0.1325 -0.2832 -2.3505 
26.0400 17.1379 -8.3191 -5.7137 2.6679 -1.2905 -2.6521 0.7783 -1.2327 -2.9076 -0.2082 -0.5918 -2.3563 
26.3915 17.1361 -8.8011 -5.6793 3.2370 -1.0236 -2.6913 0.9762 -0.9537 -2.8168 0.0543 -0.0981 -2.1043 
25.8674 16.8232 -8.7113 -5.8632 2.9705 -1.0389 -2.9333 0.4177 -1.1187 -2.5464 0.0669 -0.3723 -2.1809 
25.8526 17.0688 -8.1064 -5.3644 3.1559 -0.7871 -2.2772 1.2881 -0.4719 -2.3372 -0.0110 -0.4310 -2.1199 
26.1194 17.1729 -8.3663 -5.5752 3.2665 -0.3326 -1.7495 1.3419 -0.9546 -2.7216 -0.0035 -0.3708 -2.1192 
25.5889 16.9065 -8.2413 -5.9851 2.4963 -0.7611 -1.9712 1.1487 -0.7203 -2.0175 0.7139 0.1865 -1.6470 
25.3696 16.3471 -8.5774 -5.2584 3.4678 -0.6669 -2.2970 1.0380 -1.0302 -2.7655 0.0238 -0.1682 -1.9167 
26.0042 16.8538 -8.4339 -5.0606 3.3560 -0.9615 -1.9028 1.9055 -0.4732 -2.2729 0.6932 0.2262 -1.6643 
26.1687 17.2155 -8.1139 -5.2209 2.8027 -1.5980 -2.5418 1.3592 -0.9466 -2.9555 -0.1209 -0.2735 -1.8664 
25.1495 15.6398 -9.7853 -6.5113 2.0806 -2.1830 -3.1889 0.8331 -1.6325 -4.0143 -0.9618 -0.8586 -3.0737 
25.3070 16.6675 -7.7704 -4.8121 3.2086 -0.9025 -1.9152 1.6193 -0.8160 -2.6798 0.3935 0.1839 -1.9636 
25.7903 16.9397 -7.9828 -4.8775 3.3296 -1.0450 -2.4450 0.9059 -1.3804 -2.8915 0.2725 -0.0846 -2.1582 
25.5091 16.8915 -7.6079 -4.6281 3.3848 -0.8031 -1.9204 1.5780 -0.6912 -2.4226 0.3486 -0.2932 -2.4268 
25.7681 15.6162 -10.0039 -5.1155 3.6065 -1.7828 -2.3647 2.1758 -1.0993 -3.3414 0.6885 0.2898 -2.6395 
29.3155 16.3131 -12.8963 -4.2053 5.7569 -3.3753 -3.7477 3.5561 -0.9126 -4.6415 1.1422 1.8099 -1.7801 
29.3042 17.1874 -11.3863 -3.7156 5.8129 -2.7314 -3.5696 2.8446 -1.2672 -4.8662 -0.2543 0.0217 -2.4491 
27.6989 16.4481 -11.3071 -5.3474 4.5594 -2.1090 -3.7608 1.6598 -0.9209 -3.8173 -0.3042 -0.2237 -2.5908 
26.4346 16.4276 -9.8034 -5.5464 3.3173 -1.9081 -2.8264 1.9119 -0.9767 -4.0858 -1.0214 -0.7345 -2.6986 
27.2936 18.2540 -7.7193 -4.5605 3.6794 -1.3946 -2.9620 0.9822 -1.3494 -3.5336 -0.4746 -0.5489 -2.5657 
27.5222 19.3929 -5.8742 -3.5660 4.0485 -0.4855 -1.9554 1.2990 -1.2293 -3.2985 -0.6096 -0.8459 -2.3535 
28.5990 20.5230 -5.1778 -2.8824 4.3961 -0.6044 -1.8069 1.7972 -1.2174 -3.9007 -1.2257 -1.2799 -2.5414 
29.3164 21.6584 -4.3798 -3.0138 4.0617 -0.4746 -1.9541 0.9407 -1.9087 -3.9898 -1.3974 -1.9038 -3.1622 
30.0902 22.5326 -4.0165 -2.8840 4.4770 0.0045 -1.8608 0.9761 -1.7262 -4.1720 -1.8680 -1.9699 -2.9238 
32.2205 24.4157 -3.9708 -3.5514 3.6814 -1.0621 -2.8353 0.5119 -1.9000 -4.3580 -2.1140 -2.2290 -2.9864 
33.2102 25.2264 -4.3051 -4.5608 2.6447 -1.9913 -3.6454 0.1365 -1.7873 -4.4255 -2.8865 -3.2504 -3.5857 
34.8627 26.2244 -4.9142 -4.6103 3.6096 -1.0977 -2.8814 0.9568 -1.4947 -4.6408 -2.8716 -2.7891 -2.6366 
36.1397 26.4673 -6.1948 -4.7377 4.5476 -0.5270 -2.4925 1.0672 -2.0376 -4.6751 -2.0126 -2.4567 -2.8139 
37.7350 26.5031 -8.5088 -5.6364 5.2159 -0.4417 -2.7812 0.7312 -3.2255 -5.7325 -1.6412 -1.9673 -3.3735 
38.4137 26.5206 -9.6839 -6.3718 5.5248 -0.0894 -3.0369 0.0325 -4.1542 -6.4796 -1.7160 -1.7521 -3.7495 
38.5891 26.8536 -9.1299 -5.5048 6.5861 0.6936 -2.8228 0.0188 -3.9804 -6.0667 -1.0574 -0.9223 -3.0627 
38.2954 26.9719 -8.3818 -5.1913 6.2313 0.7118 -2.1823 0.3274 -4.1555 -5.9460 -0.5705 -0.5364 -2.9131 
37.9010 26.8217 -8.3738 -5.7070 6.0284 1.3794 -1.9240 -0.4140 -4.7104 -5.8403 -0.4688 -0.4631 -2.7113 
37.7382 26.8832 -8.0379 -5.4761 6.3706 1.9045 -1.7560 -0.6255 -4.6825 -5.4228 -0.0359 -0.2966 -2.8381 
37.1284 26.7148 -7.6096 -5.6471 5.9453 2.0170 -1.6980 -1.0230 -4.8031 -5.0508 0.2174 -0.3668 -3.0483 
36.3272 26.3558 -7.0414 -5.3545 5.8872 2.3784 -1.1677 -0.9717 -5.0118 -5.1193 0.2579 -0.2788 -3.1039 
36.2108 26.0771 -7.2806 -5.1643 6.3253 2.5760 -1.2752 -1.1963 -5.2342 -5.1384 0.5251 -0.0601 -3.2243 
36.2641 25.5379 -8.0391 -5.0084 6.4221 1.8771 -1.4927 -0.6862 -5.2831 -5.7274 0.2919 -0.0215 -3.2688 
34.9765 24.6181 -7.8381 -5.0142 5.8213 1.0224 -2.3690 -0.9408 -4.8222 -5.7553 -0.5669 -0.5561 -3.2790 
33.9754 24.2106 -7.2153 -4.8591 5.9018 1.7809 -1.9883 -1.3058 -4.6138 -4.8232 -0.1440 -0.7794 -3.2818 
32.8840 23.4395 -6.8869 -4.7068 5.1432 0.8615 -2.2847 -1.1982 -4.5504 -4.7500 0.0579 -0.6461 -3.3545 
33.1094 23.9995 -5.9768 -3.7984 5.7724 1.2740 -1.7141 -0.3098 -3.9896 -5.0703 -0.4176 -0.4340 -2.9926 
32.6600 23.4535 -5.9455 -3.1267 5.9918 0.5736 -2.2673 -0.0008 -3.3506 -4.7310 -0.4658 -0.5149 -2.6777 
32.0822 23.2245 -5.7172 -3.4213 5.6342 0.8723 -1.8448 0.0745 -3.4392 -4.9135 -0.6090 -0.5105 -2.8938 
31.6893 22.6438 -6.1597 -3.5271 5.6494 0.7174 -2.1088 -0.0105 -3.1137 -4.3457 -0.2941 -0.5043 -2.7988 
30.5401 21.5648 -6.5162 -3.9044 5.0669 0.2961 -2.1258 0.3867 -2.7615 -4.5808 -0.7897 -0.6533 -2.7892 
29.8316 20.5811 -6.8398 -3.2354 5.4171 -0.4882 -2.9882 0.2367 -2.5784 -4.3552 -0.6582 -0.8076 -2.9743 
29.2391 20.1649 -6.9266 -3.5798 5.4890 0.7698 -1.2754 1.3377 -2.2281 -4.3069 -0.3829 -0.2336 -2.5830 
28.5875 19.1137 -8.0471 -4.5531 4.2724 -1.1604 -3.2274 0.5673 -1.9484 -4.2225 -1.0104 -1.0538 -3.1664 
27.6164 18.2576 -8.2663 -4.8312 3.9600 -1.1532 -3.1836 0.3163 -2.4673 -5.0099 -1.8328 -1.3854 -3.0297 
27.8772 18.7528 -7.8608 -5.0845 3.2391 -1.5645 -3.1612 0.5060 -1.7160 -3.4673 -0.4709 -1.0094 -3.0648 
26.4494 17.3895 -8.2063 -5.1821 3.0436 -1.4442 -2.5081 1.3134 -1.2710 -3.3862 -0.2263 -0.4013 -2.5297 
25.9864 16.7759 -8.7674 -5.5743 3.0037 -1.5097 -3.1721 0.3684 -1.8916 -3.9555 -0.9878 -0.7227 -2.2892 
26.6438 17.7912 -7.9464 -5.3649 3.1199 -0.7563 -2.1238 1.1618 -0.9910 -2.8288 -0.5181 -1.1204 -2.4790 
26.4207 17.5157 -8.0066 -5.1542 3.2976 -0.7260 -1.8572 1.7837 -0.5612 -2.9704 -0.9073 -1.4085 -2.7954 
25.9926 17.1653 -8.0756 -5.3403 2.8422 -1.4687 -2.6832 1.3760 -0.5755 -3.0109 -0.6878 -0.5505 -1.8200 
25.2837 16.1844 -9.1757 -6.5334 2.2037 -1.2818 -2.4867 1.0750 -0.6628 -2.4919 -0.3995 -1.0252 -2.4402 
25.1714 16.4332 -8.2932 -5.6561 2.5537 -1.1875 -2.0951 1.8539 0.1907 -1.7513 0.3155 -0.2587 -1.7180 
25.2598 16.6254 -8.2737 -6.1551 1.9513 -1.3651 -2.2568 1.1201 -0.8349 -2.6047 -0.4841 -1.1722 -2.7062 
25.6609 16.8222 -8.2721 -5.5100 2.8335 -1.2513 -2.5728 1.1756 -0.7567 -2.7741 -0.0767 0.0384 -1.5303 
25.5558 16.6293 -8.7341 -6.2649 2.3724 -1.0793 -2.3692 0.8928 -1.0974 -2.7401 -0.0624 -0.4160 -2.2635 
25.2598 16.1921 -9.0500 -6.2837 2.5108 -0.9174 -2.0584 1.4032 -0.4382 -1.8999 0.7741 0.0733 -2.0075 
25.7675 16.8940 -8.3433 -5.5621 3.1653 -0.3478 -1.5057 1.8552 -0.4071 -2.5414 -0.2422 -0.6076 -2.1722 
24.7648 15.8310 -8.6749 -5.5304 2.8698 -1.0391 -2.0040 1.8620 -0.1235 -2.1900 0.0637 -0.5356 -2.2640 
