15.1349 -1.8284 -0.6580 -1.5388 -1.5384 -0.3121 0.3167 -0.4498 0.0691 -0.1670 -0.9800 -0.2171 0.1405 
15.3965 -1.2092 0.0444 -1.0219 -1.9441 1.0003 0.1245 0.2514 -0.2607 -0.0621 0.4232 -0.6267 0.1669 
15.0613 -1.5267 -0.5344 -0.6192 -0.7337 1.4691 -0.1155 0.6407 -0.7665 0.0882 -0.0056 -0.3900 0.1684 
16.6661 -1.3144 0.8462 -0.9979 -0.0611 0.5769 -0.2094 -0.4878 -0.4111 -0.4747 -0.0335 -0.2947 -0.5485 
16.9104 -1.3121 0.5835 0.1711 -0.6106 -0.0778 0.1439 -0.5453 -0.8719 -0.9278 -0.6949 -0.0847 0.1555 
18.1619 -0.1761 0.9916 -1.2894 -0.9578 -0.3499 -0.6914 -0.5593 0.0517 -0.3687 0.0109 0.2993 -0.6530 
18.2688 -0.5386 0.5022 -1.2939 -0.3706 -0.0714 -0.7414 -0.8471 -0.2275 -0.4238 -0.0797 -0.1302 0.0018 
18.1408 -1.4655 0.4891 -1.1117 -1.3637 -0.2012 -1.0425 -0.6273 -0.2512 -0.4758 -0.0401 -0.4667 0.2088 
18.4246 -0.6966 0.6676 -0.7497 -1.4750 -1.4294 -0.0822 -0.5157 -0.3579 -0.3076 -0.7023 0.0420 0.0211 
17.3717 -1.5393 0.7069 -0.3702 -1.3789 -0.7758 0.2879 -0.0377 -0.0967 -0.5618 -0.2032 -0.1333 -0.3906 
16.8559 -1.5136 0.3031 -2.4616 -1.7535 -0.3659 -0.8016 -0.8286 -0.1471 -0.4349 -0.6419 -0.1901 -0.0008 
17.7514 -2.2231 -1.6810 -1.4350 -1.3167 -0.9125 -1.4403 -1.1024 -1.2411 -0.2831 -0.4698 -0.7496 0.1551 
19.0504 -1.5441 0.3270 -0.6653 -1.0947 0.2147 -0.1091 -0.6681 -1.1009 -0.1368 -0.1871 0.2677 -0.2625 
17.2038 -0.4777 -0.1127 -0.7198 -2.0239 -0.1131 -0.3686 -0.7553 -0.5425 -0.4391 0.0905 -0.4070 -0.7186 
18.0073 -0.6353 -1.5479 -0.7749 -0.5958 -0.1761 0.4544 -0.0632 -0.6246 -0.5239 -0.7352 -0.2294 -0.1824 
19.2388 -0.7911 0.2017 -0.5511 -1.9202 -1.5604 -0.0210 -0.2806 -0.7183 0.1810 -0.4140 -0.1989 0.0055 
17.5748 -1.5112 0.3725 -0.6192 -1.5975 -0.1944 -0.1205 -0.6142 -0.0725 0.1252 0.0600 -0.4339 0.1739 
19.0420 -0.7312 0.1432 -1.0100 -0.7419 -0.5983 0.1581 -0.1824 -0.0063 -0.0528 0.0820 -0.2670 -0.0757 
18.6722 -1.1822 0.0079 -0.4571 -0.2475 0.2251 1.1444 0.1476 -0.5108 0.7119 -0.2881 -0.6441 -0.1392 
18.1227 -0.2390 0.1319 -0.2972 -1.2908 -0.4590 -0.6174 -0.4954 -0.0734 -0.3442 0.0348 0.8005 -0.1047 
19.5635 -0.5338 0.5819 -1.7594 -0.9127 0.0796 -0.8945 -1.0191 -0.7070 -0.6268 0.1178 0.1377 -0.4001 
19.2724 0.1196 1.5382 -0.8529 -0.9041 -0.0495 -0.1465 -0.8528 0.1785 -0.6124 -0.7026 0.0121 0.1887 
18.7066 -1.2255 1.2739 -0.2046 -0.8860 0.7065 -0.7035 -0.1957 -1.0199 -1.2979 -1.0743 -0.3866 -0.0782 
19.3515 0.2031 0.4850 -0.3716 -1.2674 -1.0902 -0.9184 -0.5655 -0.4484 -0.0308 -0.5588 -0.0517 0.2489 
18.6915 -0.7138 0.5958 0.0636 -0.8043 0.0097 -0.0218 -1.0704 -0.9733 -0.7376 0.0219 -0.1823 -0.3313 
18.3378 -0.7145 -0.3170 -0.8194 -0.9555 -1.1803 -0.8019 -1.5841 -0.3257 -0.9653 -0.5455 -0.1614 -0.5665 
18.0751 -0.7218 0.4755 -0.4750 -0.3684 -0.4336 -0.9162 0.2933 -0.0841 -0.5620 -0.2438 -0.2543 0.0236 
19.3579 -0.8787 0.0568 -1.0638 -0.8120 -0.3538 -0.3737 -0.0253 -0.4805 -0.4049 0.3901 0.0904 -0.4227 
19.2465 -1.6843 -0.6825 -0.8660 -0.7410 -1.0368 -0.0559 -0.3007 0.0056 -0.1102 -0.2775 -0.4809 0.0040 
17.2414 -1.6163 -0.7025 -2.0060 -0.3990 0.0919 -0.3273 0.2911 0.9609 0.0010 -0.4748 -0.0567 -0.0155 
18.7784 -1.3094 0.4184 -0.4250 -0.6932 0.1543 -0.1499 -0.1038 0.3002 -0.8582 -1.0332 -0.6995 0.6546 
18.0901 -0.6519 0.9302 -1.2667 -0.3464 -0.4610 0.0098 -0.4251 -0.1227 0.2239 -0.9001 -0.1965 0.0807 
18.3384 -1.4878 -0.1773 -0.7082 -1.2042 0.0655 0.1293 0.4732 0.9171 0.2789 -0.5413 -0.9819 -0.9871 
18.0150 -0.5967 0.1343 0.4045 -1.4259 0.1513 -0.8759 0.0064 0.1422 -1.2505 -0.7203 -0.4624 0.7670 
19.3699 -0.6628 -0.1953 -1.5476 -1.2477 -0.2145 -0.7221 -0.3150 -0.1223 -0.2515 -0.1173 0.0295 0.2337 
18.1455 -1.4006 -0.3333 -1.6740 -0.6241 -0.3445 -0.4888 -1.6166 -0.2629 -0.3418 -0.9026 0.2359 -0.1886 
16.2843 -0.4967 0.4889 -0.9560 -0.7539 -0.4749 -0.8002 1.0067 -0.3024 0.3859 -0.4205 -0.1315 -0.0684 
18.4541 -0.7125 0.3910 -2.6347 -1.1840 -0.6188 -0.2293 -0.0844 -0.1970 -0.1077 0.3331 0.0867 0.0768 
18.6807 -0.2349 1.3424 -1.6115 -1.2975 -0.2674 -0.4729 -0.4197 -0.5213 -0.3343 0.3059 -0.1184 0.1124 
18.0990 -0.8603 0.2748 -1.3616 -1.2064 -0.7552 -0.0090 0.1904 0.2230 -0.3178 0.1654 -0.5148 -0.4983 
19.2096 -1.3724 0.3847 -1.0729 -1.2406 -0.7538 -0.5829 -0.6276 0.4755 -0.4174 -1.2569 -0.5103 0.0771 
18.4882 -0.6805 2.2926 -0.8150 -1.2430 0.0493 -0.5972 -0.5488 -0.1274 -0.8516 -0.5915 0.3029 0.2339 
18.2377 -0.9926 0.8644 -1.1787 -0.0967 -0.3915 -0.4674 -0.4537 -1.0764 0.1934 -0.0397 -0.7581 -0.3066 
18.4571 -1.5527 0.9020 0.3560 -0.2010 0.3597 -0.1769 -0.4166 -0.0988 0.0389 0.1928 -0.4125 0.2541 
19.9123 -0.0678 0.1375 0.1678 -0.9994 -0.4938 -0.2402 -0.0014 -0.3824 0.4920 -0.1821 -0.0553 0.1271 
19.0313 -1.1456 1.1839 -1.7537 -1.7817 -0.0539 -0.5661 0.0715 0.9774 0.1259 -0.4305 0.6319 0.9333 
19.1972 -1.0500 1.5835 -0.7034 -1.2290 -0.7869 -0.7508 -0.1258 -0.1423 -0.1794 -0.2851 -0.3580 -0.0600 
18.1895 -1.5848 -0.6351 -1.2607 -1.9004 0.2832 0.6381 -0.3338 0.3275 -0.2757 0.2251 -0.3612 -0.6282 
17.9251 -2.3726 -0.1631 -1.2945 -1.1018 0.5433 0.9358 0.4293 0.3226 0.2416 -0.1136 -0.4607 -1.1697 
18.8818 -1.5653 0.0218 -0.4890 -0.0645 -1.0498 -0.7056 -0.2189 0.0690 -0.2109 0.1526 0.3964 -0.0693 
19.9097 -1.2048 0.7810 0.2203 -0.5858 -0.4431 -0.2814 0.3735 0.5451 -0.3189 -0.2345 -0.2852 -0.4002 
19.8876 -0.5139 -0.0910 -1.3454 -0.2268 -0.0161 -0.3771 0.0600 0.4032 0.1417 0.3959 -0.1745 -0.1009 
19.0901 -1.4536 0.0115 -1.2143 -0.6074 -0.5891 -0.6696 -0.4336 -0.6540 -0.7877 -0.2741 -1.0211 -0.4915 
17.9082 -2.0095 0.2510 -0.2808 -1.7496 -1.0033 0.0091 1.5042 0.9686 0.1230 -0.3544 -0.1120 0.9397 
19.8512 -1.6449 0.0920 0.3242 -0.3152 0.0249 0.0605 0.2124 -0.5587 -0.1476 0.1617 0.2168 -0.0413 
19.2780 -1.3456 0.7350 0.0206 -0.3068 -0.6813 0.0359 0.3840 0.2034 0.2712 0.6583 -0.4887 0.0161 
17.9806 -1.5793 -1.0118 -1.9176 -1.1571 -0.7632 -0.7213 -0.0695 -0.1648 -0.8043 -0.8709 -0.7876 -0.9482 
19.2763 -1.5160 -1.2117 -1.8843 -1.1105 -0.2029 0.5569 0.5696 0.4010 -0.3030 -0.3580 -0.4987 -0.7911 
19.3393 -1.5318 -0.1924 -0.3962 -1.0516 0.4206 0.0538 -0.3081 0.6167 0.0455 0.9071 -0.0614 0.1685 
20.7206 -0.4684 0.6677 -0.1467 -0.2424 -0.1560 -0.0533 -0.0686 0.3500 0.0821 0.1631 -0.3731 -0.2344 
21.0541 0.2576 -0.6268 -0.3347 -0.1487 0.3323 0.0786 -0.0979 -0.0848 -0.5572 -0.2225 -0.4508 -0.1632 
19.0791 -0.7621 0.5552 -0.7230 -0.5655 -0.3189 -0.9640 -0.4237 0.0986 -0.1842 -1.1249 -0.2332 0.9510 
20.6680 -0.9680 -0.4703 0.1658 -0.8327 -0.1782 0.1786 -0.9632 0.0753 -0.3033 -0.3848 -0.4416 0.1454 
22.3404 -0.6470 -0.8426 -0.2082 -0.0291 -1.2365 -0.7414 -0.9781 -0.1247 -0.0478 -0.4959 -0.6398 -0.1545 
29.0295 0.5016 -3.2606 -0.1182 -0.8781 0.2621 0.4990 0.0985 -0.1304 0.1506 -0.2604 0.3122 0.1616 
36.0512 -2.3368 -5.3977 -1.3126 -1.8071 -0.8924 1.3233 0.3114 0.5850 -0.1012 0.2111 -0.1175 -0.0514 
35.1392 -2.7612 -3.3598 -1.1704 -2.4574 -2.0298 0.6422 0.6873 1.5760 -0.2077 -1.0256 -0.3426 0.5711 
35.5548 -4.2413 -2.1825 -1.9829 -2.3720 -1.2448 0.2628 0.4645 2.4338 0.3748 -0.4829 -0.2970 0.5849 
36.3297 -4.1484 -1.6866 -2.3124 -2.0162 -1.1188 0.6920 0.5607 1.5314 0.3557 -0.5772 -0.6984 0.5536 
35.8205 -5.0254 -1.3846 -2.2151 -2.1989 -1.5242 -1.2642 -0.2388 0.8136 0.3352 -0.3667 -1.4244 0.3096 
36.3722 -5.1369 -1.7891 -1.6346 -2.7992 -1.0700 -0.8088 0.1153 1.1471 0.9502 0.0207 -0.9312 0.8085 
35.0809 -5.6037 -1.3070 -1.8153 -3.6646 -1.9817 -1.4012 0.7293 2.0154 0.2706 -0.9969 -1.0348 1.9223 
35.5703 -3.6239 -1.1130 -1.2719 -2.1311 -2.0667 -0.0471 0.8690 2.1588 0.8295 -0.7474 -0.4960 1.5308 
34.7722 -2.2719 -1.8835 -2.1497 -1.7200 -1.9616 0.4066 -0.0530 1.8144 1.0210 -0.7651 -0.5587 1.1344 
34.1332 -2.9713 -4.0436 -2.0112 -2.5933 -2.6182 -0.3411 -0.2257 0.7878 1.0304 0.0276 -0.8274 0.5271 
33.4702 -2.0460 -3.2122 -1.4254 -3.1837 -0.8223 -0.3234 0.1467 1.8462 1.8456 -0.0391 -0.0851 1.5531 
32.6489 -1.1349 -3.0825 -1.8196 -2.7786 -1.6304 -0.4080 0.4323 1.2889 0.7933 0.1625 -0.8919 1.1330 
32.3996 -0.4759 -2.9080 -1.0442 -2.5765 -2.2711 -0.0342 0.4440 1.7073 0.3029 -0.6212 -0.5404 0.8645 
31.1689 -0.9822 -2.5093 -1.4357 -3.0278 -2.2263 -0.2156 1.4576 1.9033 0.9662 -0.3628 -0.2675 1.9964 
29.6997 -0.8433 -3.3444 -2.6959 -2.9998 -3.0587 -0.0567 0.8459 1.6078 0.5736 -0.6273 -0.0370 1.6767 
30.8578 0.1050 -2.4152 -2.0396 -1.4095 -1.9379 0.0360 0.8909 2.1316 -0.2093 -1.1452 -0.3373 0.8553 
31.0568 -1.3751 -3.2411 -2.1290 -1.5903 -2.1103 0.5763 1.0258 2.7615 -0.2723 -1.3557 -0.2465 1.1754 
31.9732 -0.2360 -3.0893 -0.9935 -2.1059 -2.2446 1.0476 0.4119 3.0374 0.0047 -2.1176 -0.0906 1.4156 
32.2345 -0.3844 -3.6460 -1.7867 -2.9661 -1.5657 0.6919 0.3369 2.4612 0.1120 -1.1479 0.1017 1.1162 
31.9622 0.6272 -2.8141 -1.1603 -2.6207 -1.7770 0.0886 1.9170 2.4016 -0.3034 -1.8394 0.2522 1.0330 
31.5806 0.5492 -3.3556 -2.2461 -2.2323 -1.8126 0.5383 1.0983 2.2681 -0.1606 -1.2112 -0.1849 1.0126 
31.5179 0.2544 -3.1643 -1.9878 -2.0790 -1.1827 0.8287 2.0747 2.1747 0.2029 -1.6801 -0.0872 0.5597 
30.7347 0.8911 -3.5725 -2.8437 -2.3821 -0.6507 0.2365 1.0306 1.9784 0.2774 -1.4276 0.0570 -0.0491 
29.8723 1.0243 -3.2729 -2.2492 -2.9725 -0.8297 0.4406 2.8414 1.7061 -0.1036 -2.0194 0.2520 0.1889 
30.2526 1.3570 -3.2852 -2.2205 -2.6788 -1.5640 0.4304 2.2147 1.7947 -0.8416 -1.1864 0.2197 0.6384 
29.0989 1.5750 -2.7282 -2.4642 -2.4401 -1.1080 0.4533 2.8952 1.2278 -1.0404 -0.7396 0.0647 0.2036 
27.5564 2.2376 -3.0879 -2.3509 -2.4818 -1.6082 0.6755 2.4455 1.4897 -0.5826 -0.8214 0.6215 0.4840 
27.6325 1.6118 -2.5247 -2.7059 -2.6073 -1.2422 0.6265 1.7240 0.4187 -0.4659 -0.7062 0.2078 -0.0516 
26.2915 1.4764 -2.6842 -1.9097 -2.2597 -1.0683 0.2100 1.4162 1.0217 -0.6220 -0.7823 -0.0053 0.6358 
25.3659 0.6799 -2.5506 -2.4018 -1.8797 -0.8773 0.2383 0.6480 0.2425 -0.4466 -1.3823 -0.3075 0.1308 
24.1331 1.0566 -0.5162 0.0196 -2.7664 -1.8667 0.2206 1.1633 1.2036 -0.9228 -2.2890 -0.1062 1.2889 
24.3657 1.3184 -2.3412 -0.8143 -1.1276 -0.8775 -0.6721 -0.5020 1.0026 -0.8190 -1.1772 -0.1337 -0.0290 
23.6234 0.4079 -2.1568 -1.9686 -2.1207 -1.3709 0.0339 -0.0063 -0.1262 -1.3811 -1.5382 -0.1002 0.4074 
22.9470 1.8383 -1.0370 -2.9281 -1.5137 -0.8688 -0.6990 1.2871 0.5102 -0.8641 -1.1444 -0.8179 0.6592 
23.1308 0.6716 -1.6980 -2.2923 -2.4989 -0.9969 -0.4543 1.6009 0.5586 -0.9807 -0.8120 0.0143 0.0884 
22.4756 0.5728 -2.4150 -1.9943 -2.5883 -1.4576 0.3210 0.3848 0.5792 -0.5618 -1.3681 0.0346 -0.1831 
21.5873 0.6884 -2.0116 -1.9630 -1.5522 -0.8899 0.3700 0.1529 0.5108 -0.0514 -0.6810 -0.3772 0.1408 
20.6406 0.9333 -0.0903 -1.3761 -1.4221 -0.7997 -0.4899 -0.0606 0.6977 -0.7219 -0.7863 -0.1951 0.3589 
19.6447 0.1874 0.8530 -0.4144 -0.5123 -0.6955 -1.3183 0.7280 0.7544 -0.8389 -0.5438 -0.0454 -0.1214 
20.5207 0.2392 -0.1944 -2.0750 -2.3378 0.3003 -0.7148 0.2665 0.3797 -0.6612 -0.3981 0.0058 0.2749 
19.3090 0.7214 -0.3047 -2.1795 -1.0449 0.0968 0.1589 0.1240 0.6424 -0.3669 -1.0006 -0.0427 -0.0427 
18.4660 -1.1731 -0.2416 -1.0311 -2.0565 -1.1287 -0.0615 1.0577 0.4822 -0.8437 -1.5894 -0.2854 0.6845 
17.7467 -0.5468 -0.5113 -0.5926 -1.4974 -0.3819 -0.6877 -0.7098 -0.6653 -0.7711 -0.3080 -0.3511 0.0927 
19.0895 -0.3224 0.0539 -1.2926 -0.9955 -0.1028 0.2307 -0.7816 0.4585 -0.4956 -0.5073 -0.0682 -0.0554 
18.9630 -1.2401 0.0876 -0.9628 -0.7786 -1.2565 -0.2059 -0.2641 0.5195 -0.0346 -0.7939 -0.6241 0.1446 
19.4444 -0.8948 -1.0586 -2.1724 -1.1737 -0.7097 -0.5179 0.9402 0.5041 0.2073 0.2960 0.0921 0.1806 
19.6881 0.6148 0.0490 -1.3847 -1.1496 -0.2047 -0.7010 0.2141 -0.0146 -0.5616 -0.4594 -0.3089 -0.1469 
17.9069 -0.5881 -0.0177 -1.6512 -0.8927 -0.5782 -0.9890 0.0940 -0.9338 -1.0170 -0.3468 -0.2935 -0.2996 
18.1333 -2.2160 -0.1009 -0.9806 -0.9489 -0.3750 -0.9052 0.8570 0.5609 -0.2286 -0.6481 -0.4679 0.5585 
19.3279 -0.4604 0.4522 -1.0455 -0.8138 -0.2810 -0.2035 -0.2915 -0.1718 -0.2983 -0.3888 -0.4848 -0.1038 
18.3799 -0.6744 0.3359 -0.7461 -0.3930 -0.5387 -0.3134 -0.3497 -0.1255 -0.2962 -0.7439 -0.4681 0.0370 
19.3622 -0.9000 -1.1041 -2.0329 -1.4703 -1.1738 -0.5745 -0.6705 -0.2958 -0.0756 -0.2856 -0.8026 0.1693 
19.0648 -1.1939 -1.1443 -1.8065 -1.2042 -0.4410 -0.6850 0.8777 0.0465 -0.2057 -0.0532 -0.3426 -0.4350 
19.2572 -0.0495 0.5448 -0.9868 -1.1988 -0.7651 -0.9468 0.2899 -0.1829 -0.7903 -0.2638 -0.1222 0.2350 
17.7276 -1.9079 -0.4875 -1.9327 -1.4281 -0.1827 -0.1221 0.3857 -0.0739 -1.5592 -0.7175 -0.0103 -0.2747 
18.8888 -1.5861 -0.0743 -1.9542 -1.0290 -1.2715 -1.0302 -0.7550 -0.1669 -0.0041 -0.2325 -0.0851 -0.0282 
18.5232 -1.7428 -0.3863 -0.3098 -1.3362 -0.8695 -0.6540 0.2210 0.0261 -0.3017 -0.8359 -0.3324 0.2112 
17.9245 -0.8486 -0.7929 -1.7556 0.4374 0.2311 -0.1657 -0.6024 -0.1284 0.2697 0.4445 -0.3131 0.1595 
18.1255 -0.0430 -0.0295 -1.8870 0.1426 0.1639 -0.4154 -0.2934 0.3011 -0.5472 0.3030 -0.2281 -0.1689 
17.4264 -0.7346 0.2609 -1.3172 0.4328 -0.2435 -0.1939 -0.4128 -0.3603 0.2871 -0.3536 -0.0041 0.3244 
18.9960 -0.4578 0.2855 -0.4561 -0.9749 0.0976 -0.6664 -0.1387 -0.8251 -0.1884 -0.1024 -0.0350 0.2202 
18.3562 -1.4420 0.3219 -0.1662 -0.6797 -0.1024 -0.2160 -0.7000 0.1248 -0.1197 -0.6141 -0.6906 0.6756 
19.0018 0.5613 0.9355 -1.3051 0.2239 -0.7249 0.0596 0.2752 -0.3448 -0.3355 -0.1756 -0.5466 0.1800 
18.5641 -0.3197 0.7268 -1.3181 -0.3008 0.2897 -0.0027 -0.4294 -0.0424 0.0422 -0.4938 -0.4373 -0.5309 
17.7918 -1.8209 -0.5061 -0.9340 0.4996 1.0007 -1.2384 -0.4778 -1.0716 -1.1974 -0.6957 -0.2746 -0.0290 
17.4209 -1.4329 -1.0157 -1.1709 -0.9947 0.0326 -0.5560 -0.0813 0.9193 0.3186 0.4746 0.6455 0.6018 
18.0214 -1.5893 -0.1602 -0.9352 0.2224 -0.5958 -1.2877 -0.5735 -0.0824 0.4182 0.0522 -0.3341 -0.1171 
17.6633 -1.7033 -0.5884 -2.5190 -0.8426 -0.1986 0.1987 -1.1566 -0.0800 -0.8561 -0.3325 -0.0228 -0.0916 
17.9648 -1.6426 -0.9190 -0.9438 0.4835 0.3817 0.1317 0.8362 0.3784 0.1790 -0.0223 -0.6364 -1.0383 
17.6607 0.1258 0.5393 -0.9231 0.0159 -0.2903 -1.0036 -0.3390 -0.4551 -0.1281 0.1351 -0.1721 -0.2736 
17.3825 0.6422 0.0288 -2.2636 -0.2764 -0.1824 0.3340 -0.0584 -0.9045 0.2633 -0.5350 -0.4004 -0.0035 
17.7700 0.1844 -0.0207 -1.1169 -0.4290 0.3325 -0.1041 -0.4979 -0.4608 -0.0150 -0.3139 -0.5252 0.2390 
18.1548 -0.3681 0.1756 0.2368 -1.2289 -1.4093 -0.2383 -0.4316 0.6326 -0.2499 -0.6351 0.1790 -0.0684 
17.5050 -1.7150 -0.1212 -0.7400 -0.7600 0.0979 0.1510 -0.1477 -0.5815 -1.0332 -0.4003 -0.4625 0.2380 
17.8679 -0.4174 0.5402 -0.6352 0.7415 -0.1095 -0.5758 -0.6664 -0.5411 -0.3725 0.3544 -0.6941 -0.0232 
18.0752 -0.0358 0.2711 -1.7740 -1.1685 -0.4005 -0.2799 -0.2862 0.0819 -0.3064 -0.2251 0.2090 -0.0551 
18.1546 0.6006 0.2957 -1.9785 -1.7125 -0.2940 -0.4672 -0.0739 -0.4796 0.0068 -0.3110 -0.3181 -0.0475 
18.3775 -1.1576 0.1331 -0.8439 -0.1569 -0.3327 -0.5137 -0.4598 0.0015 -0.2353 -0.0534 -0.6259 -0.2469 
18.2415 -0.9011 1.0358 -1.5581 -0.5224 -0.8202 -1.1229 -0.2881 -0.7433 -0.3593 0.3735 -0.5754 -0.4166 
18.1665 0.4295 -0.1985 -1.3020 -0.7687 0.1943 -0.7109 -0.7031 -0.7702 -0.3149 -0.0846 -0.5258 0.0289 
18.1256 -0.1048 -0.2918 -1.6598 -1.1017 0.4477 -0.1204 0.3261 -0.5577 -0.2516 -0.3208 -0.5262 0.1445 
17.9677 -1.4585 -0.8465 -1.0618 -0.6360 -0.7836 0.3344 0.8546 0.3505 -0.0189 -0.0489 -0.2113 -0.0294 
17.6620 -1.1456 -0.4879 -1.3083 -0.8622 -0.3824 -1.0157 -0.2851 0.5478 0.1401 0.2877 -0.6671 0.0940 
