22.5197 10.5243 -12.8811 -2.3379 7.6261 -2.1991 -4.5387 2.5681 -0.1775 -4.3881 -0.1938 1.1165 -1.8728 
24.0957 10.5736 -14.1844 -1.4510 8.1747 -3.9601 -5.2137 3.2476 -0.9628 -5.0825 0.9256 1.5441 -2.6227 
26.3975 12.4957 -13.6719 -0.4609 9.2439 -3.5993 -4.4898 4.5874 0.0304 -4.3730 1.6612 2.0550 -2.0854 
26.7397 11.6462 -15.6346 -1.0669 9.5519 -3.9715 -4.7761 4.9650 0.0050 -4.6933 2.0473 2.5520 -2.4491 
27.4389 11.8877 -16.4111 -1.6414 10.0216 -2.7034 -3.6829 4.9488 -0.8314 -5.2597 1.9220 2.3876 -2.5685 
26.6005 10.7046 -17.2223 -1.9315 9.3801 -4.1227 -4.9304 4.5630 -0.8005 -5.3458 1.5130 1.6263 -3.2092 
27.9373 12.4563 -15.6843 -0.6716 10.0739 -3.7959 -4.2875 5.4665 -0.2860 -5.0137 2.3711 2.7069 -2.7015 
27.6915 11.8901 -15.9116 0.1100 10.6047 -4.5216 -5.0289 5.7140 0.1665 -4.9784 2.3004 2.6471 -2.8644 
27.3594 11.2955 -16.4758 -0.1755 10.4253 -4.3874 -4.2921 6.3413 0.0901 -5.2716 1.9543 2.0526 -2.8795 
27.2047 11.4751 -15.8521 0.2238 10.4075 -4.6263 -4.5166 6.4987 0.4172 -5.5572 1.3477 2.1723 -2.5189 
29.6760 13.9867 -15.1208 0.1023 10.4268 -4.4918 -4.8101 5.7853 0.1700 -4.7922 2.2821 2.3788 -2.5315 
30.9624 14.9705 -15.2714 -0.0196 10.5536 -4.7586 -5.1220 6.1155 0.6158 -4.9148 2.0224 2.4139 -2.5217 
29.5613 13.4643 -15.9588 -0.1357 10.9794 -3.9913 -4.6559 6.0642 0.4026 -5.0912 1.9082 2.4114 -2.5687 
29.2482 13.1246 -16.7161 -1.8616 9.4855 -3.9853 -4.2272 5.2913 -1.1284 -6.2064 1.0761 1.4241 -3.2868 
29.9879 14.4022 -16.2535 -3.0728 8.7297 -3.3783 -4.4088 4.1266 -1.3046 -5.5288 1.6243 2.3030 -2.3054 
29.1321 14.2047 -15.4417 -2.7687 8.7695 -3.1739 -4.9231 3.1360 -1.5548 -5.4025 1.1805 1.5266 -2.9519 
31.5847 19.1691 -9.7725 -0.1426 8.9087 -2.5263 -4.1350 2.6113 -2.4667 -5.8250 0.7019 0.9891 -3.1570 
39.4880 26.0320 -9.8928 -2.3916 7.8760 -2.9021 -4.4550 2.3685 -2.4859 -5.2344 1.0741 -0.0276 -4.1339 
41.3297 27.8206 -10.5312 -4.9067 6.5994 -2.3769 -4.8075 1.0300 -2.5929 -4.6941 0.6842 -0.2112 -3.3907 
41.6234 27.7522 -11.5066 -6.2900 5.6182 -2.6519 -4.9335 0.4087 -3.3923 -5.0654 0.3961 -0.9124 -4.0745 
42.7593 28.9025 -11.2940 -6.4807 5.9102 -1.9649 -4.4595 0.9020 -2.4376 -4.1234 0.8578 -0.5334 -3.4618 
42.7126 28.7573 -11.7400 -7.1401 5.5162 -2.1306 -4.8810 0.2881 -2.8829 -4.3600 0.8520 -0.4086 -3.6707 
42.5304 28.9491 -11.0801 -6.6904 5.6897 -2.1601 -5.1012 0.4344 -2.1406 -3.6330 1.3274 0.0545 -3.2843 
41.5850 28.9452 -10.0671 -6.9500 5.1230 -1.5290 -4.5918 0.1844 -2.0480 -3.4698 0.8913 -0.1914 -3.1532 
40.7219 28.7051 -9.2215 -6.6202 4.8528 -1.4583 -4.3242 0.1887 -2.0917 -3.3818 0.9840 -0.2457 -3.4483 
39.3471 27.6115 -9.4903 -7.5252 3.4768 -2.3608 -5.0296 -0.5394 -2.4614 -3.9750 -0.5214 -1.7902 -4.2585 
39.5801 28.1088 -8.8236 -6.8570 4.2175 -1.7345 -4.7941 -0.3380 -1.9737 -3.4767 0.0793 -0.6738 -3.0675 
40.1127 28.5465 -8.9922 -7.2921 4.0183 -1.7243 -5.0493 -0.9408 -2.4233 -3.5667 0.0055 -0.7895 -2.9489 
40.3186 28.6868 -8.8868 -6.7381 4.9694 -0.9885 -4.8420 -0.9873 -2.3475 -3.2624 0.4167 -0.4529 -2.8237 
38.4729 27.2524 -8.6091 -6.3830 4.6634 -1.1195 -4.3593 -0.4252 -2.2038 -3.5445 -0.1114 -1.1427 -3.5162 
36.6272 26.0635 -7.7361 -5.4458 4.6625 -1.2766 -4.1619 -0.0279 -1.7266 -3.1730 0.0863 -0.7771 -2.9519 
35.4172 25.6036 -6.5689 -4.5150 4.7347 -1.4119 -4.3286 -0.0377 -1.2428 -2.6528 0.0951 -1.1152 -3.5301 
34.8544 24.8137 -7.1246 -4.6843 4.5849 -1.6699 -4.2289 0.3584 -1.3270 -3.2751 -0.2639 -1.0655 -3.6892 
35.8477 25.6570 -6.9763 -4.4489 4.9580 -1.5410 -4.2715 0.1549 -1.7178 -3.2975 0.3592 -0.4181 -3.2710 
35.8784 25.5679 -8.0156 -6.4017 3.9891 -1.4233 -5.3102 -1.9444 -2.7508 -3.6023 -0.7824 -1.8013 -4.0115 
37.1828 26.7312 -7.9022 -6.5548 4.2087 -0.6088 -4.3273 -1.6882 -2.9542 -3.1253 0.0700 -1.5049 -3.6454 
38.1818 28.1340 -7.1330 -6.8749 3.8877 -0.1376 -3.9852 -1.8827 -2.6146 -2.0956 0.6152 -1.5204 -3.0860 
38.7959 28.0375 -8.0190 -7.1549 3.4627 -1.1090 -4.1657 -1.5997 -3.1482 -2.5967 0.8682 -1.6430 -3.7433 
39.2189 28.1621 -8.0102 -6.2245 4.5116 -0.9514 -3.9368 -0.5079 -2.1616 -2.2846 1.2509 -0.9214 -3.1742 
38.6012 27.5860 -8.3222 -6.9006 3.4715 -1.8020 -4.5416 -1.1349 -2.7082 -2.7710 0.3632 -2.0697 -3.7351 
37.0978 26.6718 -7.6688 -6.6780 2.4295 -3.0027 -4.9042 -0.9544 -3.0280 -3.6616 0.1675 -1.4765 -3.9382 
35.9330 26.8278 -5.9363 -6.4486 2.0887 -1.8000 -3.8120 -1.3002 -3.0719 -2.8346 0.4912 -1.6242 -3.6522 
34.9538 25.6067 -5.8323 -4.4340 3.8538 -1.9471 -4.2551 -0.5547 -2.2008 -2.6529 0.7534 -1.0784 -3.5219 
32.9544 24.5911 -5.1932 -5.1211 2.6800 -1.6902 -4.0516 -1.5156 -3.0799 -3.3054 -0.2761 -1.7102 -3.6314 
32.8746 24.3271 -5.3655 -4.8247 2.9373 -1.8605 -4.2399 -1.7140 -3.7048 -3.9702 -0.3467 -1.4599 -3.5734 
32.3280 24.4246 -4.2140 -3.6949 4.1428 -0.4192 -3.3575 -1.2022 -2.6696 -2.9827 -0.1961 -1.3242 -2.7687 
31.7608 23.8193 -4.1478 -3.0807 4.2455 -1.0848 -3.6014 -0.5962 -2.3452 -3.4627 -0.6677 -1.4451 -3.1115 
30.5952 23.1161 -3.7115 -2.8707 4.1615 -0.7249 -2.9528 0.0173 -1.7807 -3.2285 -0.8161 -1.5630 -3.1779 
30.8790 23.3820 -3.7257 -2.9731 4.2495 -0.6605 -3.3350 -0.5624 -1.9392 -3.0103 -0.6377 -1.3099 -2.6616 
29.8895 22.1761 -3.9770 -2.0063 5.1462 -0.7178 -3.4267 0.0681 -1.2124 -2.7455 -0.5514 -1.1174 -2.5138 
29.1068 21.6041 -3.7652 -1.8408 4.8323 -0.9473 -3.2193 0.1043 -1.8883 -3.6876 -1.0961 -1.3916 -3.0001 
27.6846 20.8801 -2.8187 -1.0855 4.9281 -0.6724 -2.6538 0.7710 -1.0751 -2.9928 -0.7771 -1.3773 -3.1841 
26.6721 20.0348 -2.5305 -0.3123 5.2247 -0.9476 -3.0205 0.4281 -1.5172 -3.3820 -0.7969 -0.8602 -2.4670 
26.1897 19.1854 -3.4179 -0.7097 5.3510 -0.6911 -2.8375 0.4765 -1.6602 -3.5689 -0.8888 -1.1107 -3.1190 
24.5066 18.3477 -2.2458 0.0024 4.7949 -1.0388 -2.4448 0.7659 -1.7061 -3.4061 -0.4362 -0.8290 -3.0068 
23.4751 16.9387 -3.2375 -0.4526 4.1581 -2.1249 -3.2153 0.5069 -2.2306 -4.4163 -1.3249 -1.1420 -2.6332 
21.7919 15.1799 -4.1494 -1.0597 4.1088 -1.4927 -2.6234 0.9436 -1.4276 -3.4112 -0.4756 -0.3468 -2.0740 
20.6954 14.4342 -3.7038 -0.6191 3.9631 -1.5793 -2.5612 0.5919 -1.8945 -3.5612 -0.8706 -1.0862 -2.3890 
20.2803 13.6961 -4.6885 -1.7260 2.9195 -2.1728 -2.4548 1.0072 -1.5041 -2.8266 0.2517 -0.2920 -1.9623 
