17.3462 -0.8211 0.4903 -0.7556 -1.1946 -0.0872 -0.2282 -0.6627 -0.4567 -0.6007 0.2162 -0.8113 0.2669 
16.6248 0.1835 1.3193 -0.5453 -0.7474 -0.7138 -0.4228 -0.5394 -0.7445 -0.0442 -0.1029 -0.2714 0.2050 
18.6457 0.1235 1.0838 0.0189 -1.4164 -0.6879 -1.2519 -0.0403 -0.5991 -0.1983 -0.0124 -0.6995 -0.0816 
18.1218 0.5791 0.5699 -1.0099 -2.1035 -1.2220 -0.6957 -0.5925 -0.8455 -0.6175 -0.4527 -0.5144 -0.0341 
18.9369 1.4077 1.0944 -0.2428 -0.5798 -1.4913 -0.5137 -0.4623 -0.4001 -0.1616 -0.0880 -0.3083 0.3052 
17.7059 -0.5875 0.7463 -1.0982 -1.5110 -1.4660 0.0715 -0.6549 -1.3390 -0.4738 -0.9125 -0.2172 -0.3157 
17.6283 -0.5411 0.8639 -1.2302 -0.7175 -0.8532 -0.7642 0.7308 -0.4021 -0.5527 -0.4102 -0.4823 -0.3728 
17.8085 -0.5087 0.1375 -1.4444 -0.6993 -0.7657 -1.1537 -1.3149 -0.3748 -0.6224 0.0082 -0.2072 -0.5211 
18.0718 0.1908 1.2169 -1.1048 -1.1415 -0.9763 -0.7579 -0.2134 -0.0969 -1.0126 -0.2035 -0.0894 -0.2291 
17.7531 0.5627 0.9720 -0.9463 -1.3031 -0.1744 -0.4398 -0.8976 -0.1331 -0.8014 0.0432 -0.1381 0.1113 
17.3193 -0.5793 1.1729 0.1256 -0.3697 -0.8554 0.0589 -0.5273 -0.1227 -0.0716 -0.3366 -0.7117 0.3985 
18.9536 -0.7115 0.4846 -0.8095 -0.6410 -0.3211 0.2375 -0.4649 -0.3666 -0.2221 0.1388 0.2741 0.2854 
18.6118 0.7578 1.3897 -0.0812 -0.6788 -0.4358 -0.6274 -0.1835 -0.3535 -0.4034 -0.7463 -0.3076 0.3709 
19.4622 -1.7265 0.3030 -0.7597 -0.1966 -1.2877 -1.6508 -0.2220 -0.7118 -0.4061 -0.2419 -0.0476 0.0027 
18.6474 -0.6535 0.0204 -0.7319 -1.4199 0.3284 0.1843 0.0684 -0.2146 -0.6567 -0.5394 -0.2099 0.0500 
17.9311 -0.1102 0.0261 -1.5041 0.0870 -1.0106 -0.8439 -0.2303 -0.6401 0.0530 -0.4234 -0.1363 0.0714 
17.6365 -0.7750 1.0029 -1.5549 -2.0235 -0.0105 -0.6391 0.0627 -0.4735 -0.6251 0.3598 0.3852 -0.3631 
18.1770 -0.9641 0.2962 -0.9538 -0.4870 -0.7024 -0.5745 -0.4191 -0.1843 -0.2745 -0.1713 0.0558 -0.4203 
18.5785 -0.6492 0.0818 -2.1461 -0.5350 -0.0258 -0.7904 0.6817 -1.0072 -0.7607 0.4149 0.1691 -0.4149 
17.5837 -1.5082 0.0225 -0.7184 -1.4122 -1.1261 -0.2597 -0.8220 0.1366 -0.8172 -0.1480 0.3116 0.4228 
18.4940 -0.6149 1.5971 -1.4060 -0.5230 0.3276 -1.0036 0.0717 0.0184 -0.1183 -0.4310 -0.3318 0.0052 
18.7750 0.1767 -0.0346 -0.9159 -1.0992 0.1651 -0.1797 0.1711 0.1950 0.2032 -0.0791 -0.4016 -0.3714 
18.0424 -1.6331 -1.0804 -2.2222 -1.1893 -0.0615 -0.3935 -1.2269 -0.9461 -1.3051 -0.6555 -0.3556 -0.1868 
17.6683 -1.7190 -0.3880 -0.8381 -1.4342 -0.7752 0.4390 -0.0033 0.2733 0.1469 -0.0248 -0.1562 0.0166 
19.2736 -1.0702 0.2198 -0.7971 -1.8885 -0.4548 -1.0822 -0.3992 0.0563 -0.3964 -0.3955 -0.1794 0.1977 
18.2593 -1.2831 -0.1371 -1.6670 -1.0039 -0.2099 -1.5869 -0.8424 -0.4504 -0.6854 -0.0050 -0.4953 0.3146 
18.5148 -0.7840 0.6825 -0.7540 -0.1090 -0.2240 -0.3319 0.0136 -0.5812 -0.2079 -0.1393 -0.2058 -0.4561 
18.7879 -0.2072 0.7639 0.1978 -2.7585 -0.6480 -0.4453 0.5419 -1.0266 -0.7342 -0.8658 0.1797 -0.0231 
19.6817 -0.3157 -0.1494 -1.4410 -1.9671 -1.1601 -0.5414 -1.3975 -0.6616 -0.7717 0.1971 -0.3106 -0.4146 
18.8092 -1.4586 1.2293 -0.8319 -1.0099 0.1337 -1.7618 -1.3130 -0.1304 -0.3747 -0.8609 0.1239 0.6576 
19.7339 -0.9433 0.5498 -0.6749 -0.8649 -0.4756 -0.5542 0.8847 -0.4498 -0.4657 -0.2463 -0.4562 -0.3976 
17.0415 -0.5225 1.1460 -0.8759 -1.0932 -0.6792 -0.9453 -0.8416 0.2295 -0.4830 -1.5100 -0.6183 0.7092 
17.6082 -1.5842 -0.0874 -0.0476 -0.1758 -1.3587 -0.6540 -0.0702 -0.8623 -1.2189 -0.4803 -0.0899 -0.0442 
19.1947 0.0802 1.0475 -0.1445 -1.6092 -1.5903 -0.8975 1.5247 -0.2623 -0.3285 -0.7086 -0.2997 0.3677 
19.1844 -0.6720 0.2422 -0.9559 -0.5910 0.8021 -0.1938 -0.4065 -0.5112 -0.4854 0.4024 -0.1196 -0.3339 
18.7850 -0.5763 -0.0548 -1.2260 -1.7346 -0.0987 0.2690 -0.1676 0.5647 -0.7442 -0.1063 0.4037 0.2251 
17.8420 -1.1097 0.1781 -1.5542 -1.2904 -1.2733 -1.7340 -0.5633 -0.1640 -1.0095 -0.4909 -0.4481 -0.1447 
18.1731 -0.8522 1.3583 -0.4307 -1.0788 0.0558 -0.8859 -0.0616 -0.1929 -0.0893 -0.4316 -0.1428 0.1552 
18.1930 -0.4679 0.0760 -1.3224 -0.9805 0.1046 0.8540 -0.6142 -0.1916 -0.1860 0.1481 0.4809 -0.1372 
17.9506 -0.6102 0.4677 -0.4612 -1.1931 0.2614 0.5393 -1.0839 -0.0768 -0.1298 -0.8893 -0.7056 -0.0302 
18.6706 0.2109 0.8655 0.3131 -0.4741 -0.5194 -0.6899 -0.6901 -0.4018 0.3802 -1.0059 -0.2172 0.0999 
18.9438 -0.9173 1.3051 -1.5573 -1.9763 0.0462 -1.4697 -1.0114 -0.5312 -0.7637 -0.1882 -0.3943 -0.3847 
18.7760 -0.1356 0.0481 -0.2802 -0.0690 -0.1204 -0.1385 0.1401 -0.8971 -0.5992 0.0265 -0.1500 -0.3567 
18.8153 -1.2493 0.9647 -0.2937 -1.0259 -0.5649 -0.6477 -0.0305 -0.1286 0.4418 0.1945 -0.5426 -0.2106 
19.0113 -0.4067 -0.1790 -1.5307 -1.1662 -0.6388 -1.1989 -0.4568 -0.1047 0.0043 0.4898 -0.2946 -0.2045 
17.8236 -1.1350 1.1618 -0.3324 -1.2958 -0.9172 0.3507 -0.0825 -0.1784 -0.3885 -0.4515 -0.1967 -0.0131 
18.2660 -1.1031 -0.4717 -1.4466 -1.3121 -0.2317 -0.0827 -0.4447 0.2118 0.7783 0.4529 -0.6880 0.3464 
17.8875 -0.5529 -0.3081 -1.0360 -1.0428 0.9683 1.1622 0.2887 -0.4259 -0.5396 -0.2832 -0.1543 -0.2677 
17.8809 0.3191 0.1925 -1.3917 -0.8547 -0.8037 0.0727 -0.0641 -0.3221 0.2588 -0.7304 -0.1800 0.3964 
18.3474 -1.4213 -0.5521 -0.9494 -1.3947 -0.1711 0.8155 0.3857 0.6426 0.3428 -0.2980 0.3002 0.5867 
19.5488 -0.7860 0.7514 -0.9075 -0.8849 -0.2528 -0.2804 -0.4159 -0.4229 -0.3096 0.1606 -0.4060 0.4319 
19.6459 -0.9567 0.3044 -0.9102 -0.4974 -1.3126 -0.3540 -0.3623 -0.6448 -0.7059 0.3299 -0.1735 -0.0941 
18.4122 -1.1151 1.2823 -1.3055 0.1720 -0.6919 -0.4554 -0.9120 -0.6480 -0.7587 -0.5169 -0.2762 -0.3040 
18.1581 -0.9422 0.5180 -0.3795 -0.5269 0.4811 -0.4454 -0.9054 -0.4382 -0.5446 0.0345 -0.8758 -0.2950 
19.4317 -0.2258 0.0233 -1.0619 0.0094 -0.2707 0.0783 0.2004 -0.2117 0.4414 -0.4181 0.0045 0.2930 
19.8788 -1.2065 -0.4738 -1.1235 -0.4568 -0.0870 -0.6350 -0.0926 -0.7654 -0.1491 -0.3486 0.2332 0.3669 
20.1107 -0.5952 0.6188 -0.4619 -0.8302 -1.1385 -0.8527 -0.9837 -0.8036 -0.4061 -0.1102 -0.3450 -0.7337 
20.1980 -0.1245 0.0832 -0.6791 -1.1699 -0.3803 0.0102 0.1270 -0.7668 -0.3373 -0.6394 -0.5759 0.1254 
20.3161 0.1312 0.5250 -0.5184 -0.4694 -0.3156 -1.0272 -0.0211 -0.1868 -0.1623 0.1615 -0.4248 0.4059 
22.4542 -0.2298 -1.2843 -1.2633 -0.9924 0.2537 -0.7769 -0.7164 0.0090 -0.0967 -0.3641 0.0255 0.2136 
32.9753 -1.9108 -5.3010 -2.2493 -0.8848 -1.0468 1.6224 0.7088 -0.0515 -0.1651 0.3265 -0.1898 -0.3817 
34.9028 -2.5379 -4.7895 -1.1168 -1.3970 -1.3464 1.3098 2.0284 0.5247 -0.2310 -0.0328 -0.4087 -0.4150 
34.1880 -3.1326 -3.7791 -1.2952 -2.4104 -1.9060 0.4779 0.4776 2.3502 -0.8524 -0.5781 -0.5542 0.2389 
36.0374 -3.9912 -2.0239 -1.5662 -2.6859 -1.4022 0.4985 0.0266 1.8260 -0.1609 -0.7750 -0.6809 0.3807 
35.5975 -4.4820 -2.1157 -2.8149 -2.9075 -1.7908 0.0789 0.0944 1.4221 0.3168 -0.8852 -0.4750 1.0179 
34.4495 -4.8849 -1.6697 -2.8955 -2.4902 -1.6784 0.3400 1.5419 2.6208 1.7212 0.4122 0.3766 2.5000 
35.2631 -4.4107 -1.5833 -1.9785 -2.9619 -1.9069 0.1264 0.6321 1.9992 0.4673 -1.2812 -0.5046 1.6681 
35.0738 -4.2675 -1.6333 -2.0197 -2.9681 -1.7697 0.2380 0.4363 1.7531 0.7071 -1.3753 -0.8571 1.5830 
34.9213 -3.6655 -0.7959 -1.0875 -2.6694 -1.7294 0.6318 1.1752 2.9390 0.5836 -1.5279 -0.5652 2.4246 
35.2341 -3.4752 -2.1505 -1.4167 -2.7394 -1.7350 0.7123 0.4801 1.7813 0.3544 -0.6720 -0.9115 1.0346 
34.4771 -2.5020 -2.3647 -1.2832 -2.9674 -1.0869 0.2247 -0.0535 1.0836 1.2193 -0.0140 -0.6836 0.8048 
32.3011 -2.6266 -1.7754 -1.9716 -3.7213 -1.4793 -0.0887 -1.1576 0.6456 1.2112 -0.8471 -0.9684 0.9846 
31.7695 -2.3538 -1.3372 -1.6569 -3.1860 -2.0044 -0.2832 -0.1231 1.0976 0.3928 -0.8138 -0.4693 0.9943 
30.3953 -1.4488 -1.1488 -2.0683 -3.0976 -2.0219 0.1051 0.1473 0.5876 0.6217 -0.3627 -0.8028 0.8915 
29.2042 -1.2387 -0.7082 -0.9270 -3.7190 -2.3759 -0.1082 0.8351 0.6254 0.7165 -0.8219 -0.8225 1.1057 
30.3286 -0.3635 -2.5830 -2.6942 -2.0251 -0.8184 -0.3151 1.3719 0.7699 0.1970 -0.2386 0.3914 0.7373 
32.3210 -1.8368 -4.2221 -2.3957 -1.9848 -2.0548 0.0943 0.8158 0.7587 -0.8870 -1.1126 0.1237 0.7795 
33.5574 -0.9062 -2.8817 -1.2240 -1.9551 -2.1128 0.2701 1.4673 3.0799 -0.7629 -1.4010 0.0618 1.3452 
33.9714 -0.4648 -3.1121 -1.5192 -2.4830 -1.1851 0.6816 0.3811 2.8916 -0.4422 -1.0242 -0.1655 0.8943 
33.5309 -1.1956 -3.2187 -1.3208 -2.8079 -1.3748 1.0504 1.2702 3.2137 -0.5187 -1.5209 -0.2527 0.9513 
34.1761 -1.0135 -2.9487 -1.4914 -2.4629 -1.0559 0.7750 1.3809 2.3344 -0.3204 -1.2027 0.4306 0.4073 
33.6368 -0.7927 -3.4868 -1.4196 -2.5847 -1.0753 0.6870 1.8709 2.0802 -0.5042 -1.7045 0.5646 -0.2475 
33.5047 -0.9831 -4.0786 -1.6120 -2.9912 -0.7423 0.4182 1.8634 1.9332 -0.4303 -1.9867 0.5451 -0.5346 
33.3581 -0.0522 -4.3933 -2.4012 -3.0330 0.1149 0.0518 1.7575 1.3801 0.2139 -0.4926 0.9653 -0.1713 
32.6855 -0.0424 -3.2241 -2.2696 -2.7297 -1.8313 0.5795 2.1357 1.4685 -1.3892 -1.5357 0.7012 0.3593 
32.2588 0.3260 -3.0206 -1.8201 -2.7255 -0.6902 1.4049 2.3221 0.8207 -1.7199 -0.6125 1.1210 -0.4178 
31.9852 -0.5483 -3.3484 -1.9067 -1.6142 0.5896 2.0954 2.3928 0.4484 -1.0698 -0.9024 0.7734 -0.7774 
31.7676 -0.2478 -3.0684 -1.9263 -2.2072 0.5998 1.4816 1.7682 0.9919 -1.4866 -0.6635 0.3877 -0.4791 
30.2470 -1.5551 -3.7937 -2.7391 -2.3954 0.5855 2.1627 1.9651 1.4320 -0.9797 -0.2528 0.5944 -0.1172 
29.2581 -0.7121 -3.2066 -2.3241 -2.2841 0.8219 1.8530 1.4201 1.0532 -1.4723 -0.9267 0.4439 0.0962 
29.5116 0.5268 -3.3729 -2.1951 -1.3300 0.7039 1.6515 0.4532 0.3250 -1.3785 -1.5066 0.3626 0.1090 
27.6039 1.0907 -2.7286 -2.4412 -2.8506 0.4091 1.5870 1.2380 0.7413 -0.6904 -0.7019 0.5690 -0.4667 
26.7641 -0.5317 -3.9743 -2.7547 -2.2419 -0.0651 0.9805 1.3535 1.4923 -0.7879 -0.7517 0.5464 -0.2400 
25.1627 -0.1723 -2.3890 -1.9408 -1.2186 0.2700 -0.1889 1.0327 0.5475 -1.1774 -1.1626 0.1783 0.2187 
22.3231 -0.8927 -2.4955 -0.8441 -0.6079 -0.3108 0.3668 1.3615 0.3554 -0.7322 -0.8233 0.1511 0.9449 
21.6668 -1.0159 -2.1609 -0.5857 -1.9142 -0.5535 -0.4758 0.2382 -0.2016 -0.5754 -1.6155 -0.3853 0.2827 
21.9915 0.7808 -0.8576 -1.0064 -1.1162 0.4558 0.0892 0.0069 0.3506 -1.5588 -0.6357 -0.0429 0.5437 
22.5346 -0.1161 -1.7421 -2.2724 -2.0518 -0.7520 0.1259 1.4172 0.2066 -1.3358 -0.9379 -0.1943 -0.2402 
21.7072 1.1880 -0.5930 -1.8064 -2.6778 -0.6231 0.2887 1.2628 0.2402 -0.9080 -1.8392 0.1108 0.8202 
22.3564 0.8333 -0.2085 -3.2390 -2.6676 -0.2379 0.0617 0.6158 -0.0445 -1.5929 -0.4594 -0.2017 0.2773 
22.4377 1.5935 -0.8056 -3.3089 -2.1210 0.0223 0.4773 0.4718 0.0189 -0.8796 -0.4817 -0.3588 0.4240 
21.7599 -0.3200 -2.0159 -3.0594 -2.2073 0.2132 0.5307 0.4222 0.3509 -1.6003 -0.9967 -0.2981 -0.0735 
21.4640 1.0529 -1.3439 -3.0970 -1.4976 -0.1430 0.1772 0.6862 0.5130 -0.5450 -0.4682 -0.0395 0.2293 
20.9781 1.2212 -0.5729 -2.1668 -1.7187 0.3133 -0.2819 0.4696 0.1880 -0.4768 -0.5827 -0.1777 -0.0124 
19.1479 -0.7279 -0.7829 -2.5206 -0.6277 -1.0173 -0.9656 -0.0678 -0.0879 0.1264 -0.6416 -0.4875 0.2075 
19.8217 -1.0610 -0.1656 0.0832 -1.1319 -0.2920 -0.2545 -0.1075 0.5195 -0.9092 -0.8730 0.2309 0.1895 
18.6585 -1.3336 -1.8149 -1.7623 -1.6705 -2.1209 -0.9205 -0.7143 -0.8316 -2.2984 -2.0369 -0.8633 0.2782 
18.5912 0.4161 0.3549 -0.7170 -0.9381 0.1627 0.2742 0.2634 -1.3174 -0.1515 -0.2841 0.0793 -0.0945 
18.4754 0.0440 -0.9565 -2.2195 -0.9722 0.0249 0.2761 0.5212 -0.1276 0.3958 -0.9909 -0.1073 0.4827 
17.5780 -0.2647 0.4307 -2.5948 -2.4384 0.7349 -0.0298 -0.4369 0.3005 -1.0912 -0.4948 -0.4554 -0.2196 
17.3227 -0.0519 2.3327 -1.4405 -3.1160 -0.0362 -0.3521 0.5119 -0.2819 -1.2084 -0.8590 0.4242 0.4055 
17.6600 -0.6077 -0.3271 -1.0065 -1.5478 -0.1145 -0.3777 0.6605 -0.8555 -0.3746 -0.0014 -0.3643 -0.1401 
17.0301 -1.4404 -0.8777 -1.3201 -1.1673 -1.4622 0.0412 -0.4037 -0.6208 -0.1143 -0.0182 -0.2934 -0.1391 
18.5920 -0.1952 0.1200 -2.1177 -1.2686 -0.6479 -0.3443 -0.3005 -0.1297 -0.0902 -0.3425 -0.1110 -0.2235 
17.6183 -1.8382 0.0147 -1.1279 -1.1122 -0.3055 -0.7853 -0.1865 0.4717 0.0866 -0.0687 0.0121 0.1952 
18.8802 -1.0144 -0.2805 -1.3254 -1.3546 0.4786 -0.0746 -0.8038 -0.0000 -0.0902 -0.4686 -0.3918 -0.0880 
18.1774 -0.4847 -0.4301 -2.4907 -1.2830 0.0067 -0.1814 -0.6688 0.8587 -0.2249 -0.6821 -0.6594 -0.3748 
18.7161 0.8963 -0.0506 -1.0932 -1.3452 -0.0102 -0.5884 -0.2971 -0.0676 -0.5720 0.2940 -0.1665 -0.3645 
18.1088 -1.4102 -0.1473 -1.2547 -0.7652 -0.3241 -0.1993 -0.1781 -0.1427 -1.0362 -0.4311 -0.6279 -0.1264 
18.6361 -0.3299 -0.1634 -1.1030 -1.6338 -0.4173 -1.4833 -0.7841 0.5303 -1.0856 -0.3527 -0.2363 -0.7910 
18.3441 0.5568 1.2992 -0.9890 -1.1745 -1.8523 -0.3281 0.4354 -0.5249 -0.8617 -0.2884 -0.1531 0.0022 
18.4364 -0.7209 -0.4242 -0.8357 -1.4325 -0.5118 0.2026 0.3576 -0.1109 -0.1838 -0.4598 -0.1557 0.7454 
18.4653 0.2064 0.0883 -1.3900 -1.7108 -0.3291 0.3662 0.5582 0.0583 0.1514 -0.6342 -0.4145 -0.0687 
16.1783 -1.3432 0.2067 -1.3996 -0.3046 0.7880 0.0568 -0.1621 0.8545 -0.8196 -0.6497 -0.4537 1.2671 
18.6822 -0.1573 0.0535 -1.2270 -1.0241 -0.5747 0.1548 -0.2733 -0.5782 0.1257 0.1531 -0.0233 -0.0195 
16.8995 -2.2312 -1.2128 -0.2780 -0.0068 -0.1939 -0.2328 0.3753 0.3705 0.2060 -0.4379 -0.6478 -0.6626 
17.7564 -0.6543 0.1458 -0.7575 -0.9298 -0.6025 -0.2641 -0.3788 -0.1775 -0.7267 -0.3160 -0.2815 0.0412 
16.9151 -0.5874 -0.2961 -1.9130 -0.9547 -1.0865 -1.4965 -0.6873 -0.2172 -1.1305 -0.2797 -0.6484 0.1569 
16.6623 -1.1977 0.7129 -1.5095 -1.2748 0.0073 -1.7802 -0.9148 0.0403 -0.2659 -0.3148 -0.6043 -0.2262 
17.3051 -0.4968 0.6191 -0.5482 -0.8180 -0.4466 -1.4075 -0.5820 0.2808 -0.1038 -0.7763 -0.3299 -0.1474 
19.1112 -0.1435 0.6475 -0.5882 -1.4655 -0.2005 -0.1285 -0.9714 -0.5643 0.0049 0.1589 -0.3163 -0.2996 
19.0355 -0.5957 0.3673 -0.7579 -0.5068 -0.3483 -0.3243 -0.4176 -0.3147 0.4027 -0.0627 -0.4104 -0.0055 
18.6559 0.3568 -0.7297 -1.0426 -0.9289 -0.6169 -1.2334 0.2877 -0.0194 -0.1198 -0.4823 0.1258 -0.2355 
17.0511 -1.8414 -0.3299 -0.6617 -0.6883 0.3878 -0.2436 -0.5609 -0.0582 -0.5485 -0.5259 -0.6845 -0.5437 
18.2306 -0.4905 1.5967 -0.2889 -1.9942 -0.3928 -0.1886 -0.4967 0.5084 -0.2106 -1.3381 -0.1437 1.1489 
17.5967 -0.4230 0.8847 0.1473 -0.9102 -0.7468 -0.3536 -0.4144 -0.4365 -0.8106 -0.7913 -0.0207 -0.1783 
19.0013 -0.3412 -0.0935 -0.5023 -0.1508 -0.9143 -0.8630 -2.3958 0.1996 -0.7119 0.2492 -0.3078 0.0435 
18.7143 -0.8273 1.4734 -1.4249 -1.0350 -2.1235 -0.5420 0.4149 0.1094 -1.3989 0.0533 -0.2288 -0.5666 
18.9857 -0.5996 0.5670 -0.9263 -1.1572 -1.6671 -0.1685 -0.6985 -0.0402 -1.1254 -0.2812 -0.1788 0.4278 
19.5632 -0.3943 -0.0151 -0.9471 -0.8116 -1.1551 -0.9333 -0.0585 -0.1253 -0.4877 -0.0081 -0.0413 -0.0047 
18.5627 -0.7487 0.3890 -1.7316 -0.7224 -0.6817 -1.0944 -1.0210 0.8282 0.2384 0.0107 -0.3110 -0.1436 
18.1123 -0.8559 1.4725 -0.6688 -0.7632 -0.3553 0.1632 -0.5932 -0.3972 -0.7967 -1.3589 -0.4794 0.1708 
18.2059 -1.2230 -0.7387 -1.9639 -1.4831 -1.1458 -1.4457 -1.6711 -1.1900 -0.1277 -1.1712 -0.5459 -0.3790 
18.8076 -1.5064 0.4836 -0.7696 -0.8030 -0.5086 -0.0842 0.4153 0.5447 -0.2028 -0.4169 -0.5903 0.1425 
18.6757 -1.4380 -0.0980 -1.1967 -1.8120 -0.4745 -0.9766 -0.9444 -0.2273 -1.0244 -0.4476 -0.4221 -0.0594 
18.3492 -0.1827 -0.0742 -1.0172 -1.5744 0.8901 -0.1683 -0.1448 -0.6308 -0.5189 -0.8149 -0.3983 0.2877 
17.2367 -0.4010 0.4311 -1.1784 -2.1773 -0.3716 -1.5196 -0.1537 -0.3289 -0.7020 -0.1157 -0.0645 -0.1730 
17.6651 1.0874 0.3837 -1.9242 0.4047 -1.1636 -0.8980 -0.1719 0.1379 -0.3583 0.0643 -0.1495 -0.1314 
