24.7739 15.8979 -7.4791 -2.8437 4.6467 -1.4112 -2.7925 1.4407 -0.7675 -2.4402 0.5742 -0.3337 -2.5390 
24.5073 15.6272 -7.4847 -2.6550 4.6708 -1.7598 -3.2041 1.2202 -1.0536 -2.7893 0.7074 0.3222 -1.9102 
24.2651 14.9512 -8.4470 -3.2869 4.4728 -1.4127 -1.9445 2.8907 0.0198 -2.3615 0.8785 0.0405 -2.5853 
24.7939 16.1133 -6.9710 -2.3638 4.7692 -1.5251 -2.6745 1.9118 -0.4306 -2.5355 0.3882 -0.4072 -2.7339 
24.7089 15.8008 -7.6696 -3.2914 3.9519 -2.0240 -3.0223 1.4218 -0.9124 -2.6143 0.5726 -0.3478 -2.5733 
24.3629 15.6263 -7.4106 -3.1441 3.6937 -2.3148 -2.9408 1.7290 -0.8045 -2.7477 0.6111 0.0271 -2.2742 
24.2480 15.0703 -8.2357 -3.3102 4.0572 -2.3653 -3.3530 1.6731 -0.6347 -2.8329 0.4960 0.1639 -2.0483 
23.9810 14.6239 -8.7087 -3.6276 4.0539 -1.9378 -2.8570 1.6203 -0.9739 -2.8062 0.4773 -0.5241 -2.9635 
23.3576 14.1044 -8.8663 -3.9126 3.7173 -2.3383 -3.5127 1.2323 -0.7654 -2.6676 0.3181 -0.5291 -3.0752 
24.9490 15.8422 -7.9024 -3.3357 3.9105 -2.3052 -3.0245 1.9917 -0.4332 -2.6985 0.4964 0.1669 -1.9174 
24.2653 15.1820 -8.3225 -3.9530 3.6517 -1.5709 -2.1364 1.8969 -1.1235 -2.9647 0.5770 -0.0128 -2.0677 
24.6468 15.6513 -7.7565 -3.1022 4.2622 -1.8054 -2.8970 1.4609 -0.8967 -2.4838 0.8397 0.1282 -1.7444 
24.4094 15.4168 -7.9440 -3.4071 4.0256 -1.7955 -2.7833 1.5449 -0.9310 -2.7874 0.3857 -0.1958 -2.0883 
23.5877 14.6187 -8.0075 -3.1248 3.9889 -2.2267 -3.2038 1.3205 -0.9275 -2.4757 0.6942 -0.4080 -2.6320 
24.8662 15.7800 -7.7580 -2.9625 4.3186 -1.9927 -2.9777 1.5194 -1.1658 -3.1747 0.0197 -0.7476 -2.7179 
23.9928 14.8891 -8.0034 -2.7879 4.5986 -1.8526 -3.0158 1.5476 -0.9733 -2.9648 0.3485 -0.1664 -2.2650 
24.7209 15.8448 -7.4033 -2.7191 4.5040 -1.7145 -2.8996 1.2856 -1.3218 -2.9879 0.4599 -0.2749 -2.4612 
24.0632 14.9787 -7.9222 -2.7423 4.5165 -2.0493 -3.1302 1.6635 -0.6776 -2.5839 0.7559 0.1528 -2.1184 
23.2851 14.3159 -8.1119 -3.2006 3.9017 -1.9629 -2.2755 2.4083 -0.6226 -2.9164 0.5190 -0.0155 -2.3819 
24.4614 15.2934 -8.3075 -3.7356 3.8349 -1.7592 -2.4739 1.7495 -1.0277 -2.6500 0.9364 0.0165 -2.5121 
24.7968 15.8904 -7.5754 -3.1038 4.1393 -1.9047 -2.7357 1.9361 -0.7289 -3.0660 0.2506 0.0792 -2.1307 
24.2675 15.4357 -7.3265 -2.4989 4.2474 -2.3037 -2.9395 2.0697 -0.3817 -2.3645 0.9792 0.4000 -1.7223 
24.3523 15.5295 -7.6862 -3.3377 3.8513 -2.3766 -3.7613 0.9873 -0.6008 -2.3632 0.2332 -0.6175 -2.4250 
25.4937 14.9408 -9.8033 -3.1770 4.3704 -3.6390 -3.6782 2.7708 -0.9101 -3.8303 1.0940 0.8633 -2.7631 
25.4781 15.4185 -9.0757 -3.1919 4.1292 -3.4040 -3.5913 2.5114 -0.7589 -3.3517 1.2382 0.8608 -2.5249 
23.9274 14.8467 -8.0082 -2.9912 3.8760 -3.0333 -3.9359 1.4686 -0.6097 -2.7355 0.6061 0.2294 -2.1721 
24.7512 15.8091 -7.3665 -2.4596 4.5639 -2.0549 -3.1997 1.1511 -1.5944 -3.2957 0.4068 -0.1301 -2.1723 
24.1390 15.1407 -7.8609 -3.0738 3.9465 -2.4740 -3.3486 1.4995 -0.8740 -2.9231 0.1715 -0.5110 -2.5133 
24.7133 16.1007 -7.2048 -3.2942 3.6485 -2.1813 -3.1892 1.1148 -1.1632 -2.8041 0.4301 -0.3596 -2.6654 
25.0665 16.1694 -7.4233 -3.0022 4.1533 -1.8718 -2.5204 2.1863 -0.5467 -2.7899 0.4902 0.0830 -1.9086 
25.1107 16.1842 -7.4893 -3.1106 4.0680 -1.8497 -2.4116 2.2619 -0.4751 -2.6230 0.6012 -0.0925 -2.3471 
24.8278 15.9374 -7.6584 -3.4522 3.7684 -2.0325 -2.9055 1.4185 -1.1920 -3.1238 0.0824 -0.5388 -2.5783 
24.5055 15.6494 -7.5204 -2.8571 4.5455 -1.4518 -2.5951 1.6858 -0.8740 -2.8675 0.2191 -0.5489 -2.6965 
24.5998 15.4495 -8.1571 -3.4720 4.1300 -1.6978 -2.6366 1.8306 -0.4429 -2.0861 0.8600 -0.5900 -3.3118 
24.7459 15.6891 -7.9146 -3.3763 4.0239 -1.8589 -2.7801 1.4102 -1.4548 -3.3536 0.1301 -0.4973 -2.8144 
24.1849 15.0946 -8.3550 -3.9080 3.6499 -1.9724 -2.9035 1.4043 -1.1635 -3.2018 -0.1538 -0.9099 -3.1899 
24.4228 15.3847 -8.0039 -3.3542 4.1211 -1.8489 -2.7552 2.0115 -0.3606 -2.6019 0.5045 0.2369 -1.7075 
24.2435 15.3140 -7.9565 -3.3627 4.3602 -1.5228 -2.9281 1.7382 0.0077 -2.0746 0.3284 -0.5892 -2.6813 
24.7559 15.3975 -8.7147 -4.2517 3.3573 -2.6374 -3.6440 1.3138 -0.5044 -2.2732 0.8451 0.3651 -1.8443 
24.2728 15.5025 -7.6401 -3.5029 3.4833 -2.3616 -3.2101 1.3292 -0.7241 -2.1975 0.9506 -0.0343 -2.3962 
24.0785 14.8265 -8.4466 -3.2189 4.6932 -1.6412 -3.2058 1.4920 -0.5162 -2.5731 0.4680 -0.0846 -2.5075 
24.0603 15.0861 -8.0341 -3.5466 3.5778 -2.5278 -3.6749 0.6266 -1.6215 -3.0985 0.1296 -0.9080 -3.2934 
24.6987 15.6396 -7.9444 -3.3939 3.9651 -2.0909 -3.0833 1.4020 -1.0932 -2.8125 0.9306 0.5585 -2.0223 
24.0892 14.9220 -8.3053 -3.4546 4.0104 -1.9305 -2.8520 1.4258 -1.2253 -2.8433 0.7065 -0.0389 -2.2281 
26.2185 16.6327 -8.5234 -3.8117 4.2483 -2.2870 -4.2085 0.2490 -1.6807 -3.4224 -0.3547 -0.7635 -2.2606 
26.3819 16.8613 -8.2937 -3.5120 4.5985 -2.1080 -4.1429 0.5501 -1.3207 -3.4643 -0.5943 -0.8324 -2.2690 
25.0289 16.2621 -7.2413 -2.8984 4.3149 -1.9208 -3.2428 1.2445 -0.9823 -2.8750 0.3566 -0.0442 -1.9022 
25.3641 16.4296 -7.3883 -2.9664 4.1942 -2.1587 -3.2539 1.4397 -0.8565 -2.8619 0.1122 -0.7380 -2.9131 
23.9858 15.0324 -8.1647 -3.8462 3.5190 -2.0333 -2.7815 1.7779 -0.3618 -2.0518 1.0349 0.3155 -1.7416 
24.3827 15.5143 -7.6715 -3.0158 4.4288 -1.9746 -3.7175 0.8541 -0.8810 -2.7345 0.2659 -0.0231 -2.0194 
24.4630 15.3764 -7.8534 -2.9486 4.1492 -2.2959 -2.9464 2.0588 -0.6438 -2.9373 0.4903 0.0589 -2.3169 
24.2622 15.3523 -7.8131 -3.3111 4.0849 -1.4725 -2.2337 1.9313 -0.7149 -2.5084 0.4702 -0.7469 -3.2485 
24.3133 15.0631 -8.7174 -4.4147 3.0179 -2.7225 -3.4602 1.3176 -0.8929 -2.8081 0.3897 -0.0142 -1.9787 
24.7001 15.7778 -7.6872 -3.2099 4.0944 -2.0779 -3.2030 1.4931 -0.9145 -3.4242 -0.6116 -0.7891 -2.3840 
23.8721 15.0643 -7.7753 -3.2990 3.9174 -1.9983 -3.2289 0.8716 -1.5702 -3.4488 -0.4398 -0.9048 -2.3989 
25.1673 16.3652 -7.2599 -3.0662 3.9851 -1.9188 -2.6062 1.8621 -0.8199 -2.6903 0.7430 0.0882 -2.2810 
24.5130 15.4536 -7.9793 -3.2614 4.2724 -1.7285 -2.7724 1.7924 -0.5818 -2.5820 0.4647 -0.3840 -2.7417 
24.9131 16.1679 -7.3622 -3.3613 3.6804 -2.0093 -2.6738 1.7147 -0.8767 -2.6224 0.7496 -0.1964 -2.8486 
24.8641 16.1161 -7.1470 -2.9734 3.4130 -3.0725 -3.6462 1.2268 -1.1609 -2.8180 0.5648 -0.3267 -2.5243 
23.6082 14.3723 -8.5850 -3.5827 3.7311 -2.4821 -3.2457 1.7187 -0.4880 -2.3284 0.9828 0.3325 -2.0797 
24.4554 15.4639 -7.8672 -3.3179 3.8230 -2.3614 -3.0942 1.9328 -0.3324 -2.4619 0.6617 0.1103 -2.0380 
24.5529 15.6980 -7.5256 -2.9381 4.4383 -1.3994 -2.1753 2.4385 -0.0966 -2.3007 0.6601 -0.0845 -2.3797 
24.4950 15.5779 -7.6378 -2.9181 4.4549 -1.7859 -3.1735 1.1195 -1.1762 -2.7991 0.6248 0.0305 -2.1269 
24.5781 15.5948 -7.6770 -3.0335 3.9465 -2.2993 -2.8566 1.8863 -1.0402 -3.1854 0.5310 0.1880 -2.2918 
24.7738 16.0083 -7.2056 -2.8086 4.0410 -2.1216 -2.6453 2.3520 -0.0217 -2.2147 0.6254 -0.1677 -2.2213 
24.9029 15.9025 -7.7029 -3.1163 4.3243 -1.6572 -2.7250 1.5550 -0.9316 -2.4097 1.2528 0.3811 -2.4484 
25.0733 16.2316 -7.3697 -3.0335 4.1703 -1.8244 -2.4770 2.6117 0.3787 -2.0585 0.5717 -0.1162 -2.2067 
24.2322 15.2976 -7.6776 -2.7943 4.6062 -1.3593 -2.3116 1.9699 -0.6739 -2.4714 0.8575 0.1110 -2.1917 
24.7417 15.8045 -7.6072 -3.0001 4.2752 -2.0259 -3.3586 1.0518 -1.1287 -2.7731 0.3898 -0.3831 -2.4066 
25.0862 15.9773 -7.8372 -3.1229 4.4688 -1.6568 -2.8561 1.4526 -1.3170 -3.4043 0.1437 -0.0392 -2.2011 
24.4375 15.6046 -7.6992 -3.5381 3.4715 -2.3888 -3.0360 1.6874 -0.7396 -2.7704 0.5122 0.1053 -2.1211 
24.1411 15.1591 -7.8275 -2.9334 4.2239 -2.4614 -3.7810 1.1963 -0.8542 -3.1987 -0.4203 -0.8407 -2.8304 
24.4886 15.4970 -8.0211 -3.6619 3.7378 -2.0963 -3.0123 1.5612 -0.9777 -3.1999 0.1061 -0.1040 -2.2549 
25.0117 15.8199 -8.2872 -3.9341 3.6708 -2.3096 -3.5401 0.9347 -1.5820 -3.9544 -0.7429 -0.5566 -2.3580 
25.3155 15.1498 -9.7437 -4.0238 4.1804 -2.9781 -4.1380 1.8512 -0.5505 -3.8336 -0.3350 0.4195 -2.1091 
27.1549 15.4505 -10.9970 -2.5119 6.6180 -2.9706 -4.3716 3.1876 0.2171 -4.2766 -0.5760 0.3546 -2.2457 
29.4695 15.9290 -12.5748 -1.3565 8.2171 -4.1666 -5.2604 4.1305 0.3245 -4.7921 0.0532 1.2459 -1.4310 
30.0571 15.5401 -13.9129 -1.5573 8.3162 -5.0734 -5.9054 4.3664 0.4821 -4.4488 0.8154 0.9744 -2.8779 
30.6633 15.8373 -14.1588 -1.4682 8.6827 -4.6832 -5.3521 4.5847 -0.1067 -5.2094 0.5020 1.0982 -2.3277 
31.6250 16.4158 -14.7169 -2.1142 8.4215 -4.8901 -5.4865 4.6557 -0.1496 -5.4623 0.4612 1.4698 -1.7213 
31.8929 16.5930 -14.7826 -2.0271 8.8023 -4.5277 -5.2790 5.0233 0.5559 -4.7282 0.9015 1.5678 -1.9794 
33.1796 17.1917 -15.9053 -3.1772 8.4809 -4.4338 -5.3271 4.2851 -0.6808 -5.3335 1.2236 2.0226 -1.5876 
34.3659 18.4678 -15.7258 -3.8976 7.9351 -4.6794 -6.2145 2.8693 -1.5350 -5.6118 0.6153 0.8805 -2.6835 
34.7633 19.4030 -15.0830 -4.6704 6.8536 -4.8897 -6.2000 2.7966 -1.3070 -5.5014 0.4273 1.0586 -2.1670 
33.3875 19.4981 -12.9572 -3.8536 6.8213 -3.8081 -5.2230 2.6809 -1.2206 -5.0349 0.4565 1.1089 -1.9116 
34.7943 23.0552 -8.0952 -0.8801 7.9757 -2.4869 -4.3211 2.3443 -1.3127 -4.3325 0.3200 -0.2631 -2.9229 
38.2823 26.5095 -7.3263 -1.5107 7.3272 -2.9713 -5.2061 0.5889 -3.3616 -5.5622 -0.2875 -1.2131 -3.7978 
39.7241 27.6289 -7.8621 -2.8032 6.4573 -2.8365 -4.3179 1.3388 -3.1472 -5.3257 0.2151 -0.9646 -3.7841 
41.0491 28.7636 -7.9914 -3.6137 5.5250 -3.3108 -4.0983 1.3470 -3.8877 -5.7002 0.8420 -0.3503 -3.6037 
41.6797 29.1105 -8.5512 -4.2284 5.6636 -2.8515 -4.1204 1.0620 -3.8306 -5.4697 0.9582 -0.0555 -3.1264 
42.6410 29.8611 -8.5729 -4.2518 5.6193 -3.1603 -4.1664 1.4739 -3.4664 -5.1187 1.5599 0.2240 -3.5465 
42.2641 29.8848 -8.2430 -4.8674 4.4996 -3.4547 -3.7795 1.7059 -3.4367 -5.1773 1.3263 0.0769 -3.4916 
41.1403 28.8182 -8.4007 -4.8461 3.9744 -4.2327 -4.3106 1.1796 -4.2069 -5.9098 0.6919 -0.6185 -3.9938 
41.5234 29.0480 -8.4792 -4.5404 4.7698 -3.6583 -4.1994 1.4973 -3.3167 -4.9827 1.2399 -0.2398 -3.6886 
41.5520 29.1624 -8.1521 -4.0161 5.3159 -3.1734 -3.7876 1.8449 -2.8633 -4.4311 1.4952 -0.2902 -3.4850 
41.1104 28.9881 -8.0020 -4.4476 4.6452 -3.1428 -3.4580 1.5775 -3.3736 -4.4399 1.6694 -0.5374 -3.9496 
40.0067 28.4417 -7.0224 -3.3383 4.9145 -3.4598 -3.7184 1.7643 -3.0555 -4.5638 1.3579 -0.5825 -4.1599 
38.4958 27.3586 -6.7054 -2.9766 4.9167 -3.5833 -3.7749 2.4874 -1.6721 -4.0388 0.6623 -1.3551 -4.6583 
36.0541 26.1334 -5.7130 -3.2358 4.1666 -2.9617 -3.6978 1.1512 -2.3301 -4.0317 -0.0995 -1.9099 -4.2597 
34.1391 25.0264 -4.8791 -2.8022 3.9050 -2.8584 -3.3324 1.5512 -1.9597 -4.1783 -0.2665 -1.1352 -3.3598 
33.2979 23.6096 -6.0187 -2.6101 4.8994 -2.4512 -3.5808 1.4817 -1.6212 -3.6811 0.1445 -1.1325 -3.7970 
31.3847 22.4402 -5.4109 -2.4521 4.7520 -1.6725 -2.6379 1.8640 -1.3107 -3.7405 -0.6568 -1.5893 -3.3710 
31.5828 21.9508 -6.1828 -1.9311 5.5073 -2.0611 -3.2132 1.7185 -1.7267 -4.1845 -0.5650 -1.5590 -3.8010 
32.8624 22.7889 -6.3566 -1.5984 6.1357 -1.9814 -3.0870 2.1718 -1.6730 -4.2478 0.0270 -0.8513 -3.5039 
34.2710 25.1837 -4.8390 -2.4043 5.4043 -1.0699 -2.7589 1.3671 -1.6686 -3.8743 -0.6277 -1.4217 -3.0609 
37.5535 27.4837 -6.0059 -3.8663 5.5414 -0.2868 -3.0312 -0.8734 -4.4439 -4.5857 0.3562 -1.2273 -3.5705 
37.5567 26.5496 -7.2142 -3.7323 5.2042 -2.0128 -3.5057 0.3701 -3.9170 -4.9593 0.2022 -1.5987 -3.9988 
37.8171 26.7140 -6.7491 -2.4285 6.2686 -1.8281 -3.4188 0.5353 -3.9031 -4.5846 0.8800 -1.2949 -3.7849 
37.8818 26.8632 -6.6351 -2.4849 6.3173 -1.5489 -3.5017 -0.1706 -4.4150 -4.4426 0.9941 -1.5107 -3.8366 
34.6070 25.1266 -4.9094 -1.4878 6.1446 -1.2761 -3.2663 0.2041 -3.3365 -4.2301 0.0318 -1.7637 -3.7246 
32.3313 23.4964 -4.3659 -0.5909 7.1535 0.1875 -2.1052 0.9417 -2.8035 -4.5773 -0.7468 -1.3506 -2.5515 
32.6316 23.9621 -4.2641 -1.2097 6.5210 0.1987 -1.6633 1.5595 -2.2145 -4.4084 -0.9504 -1.7038 -3.2437 
31.5748 22.9498 -4.5331 -1.4284 5.8657 -0.6131 -2.2056 1.3314 -2.3053 -4.3735 -0.5378 -0.8999 -2.7116 
32.0998 23.4891 -4.3744 -1.4614 5.8529 -0.5741 -2.1039 1.3987 -2.5909 -5.0096 -1.0056 -1.0168 -2.8412 
31.1406 22.7507 -4.2270 -1.2293 6.0354 0.1806 -0.9062 2.1433 -2.5247 -4.9782 -0.6937 -0.7751 -2.8520 
30.7683 22.5392 -4.0975 -1.1443 6.2366 0.4790 -1.1603 1.4626 -2.7170 -4.8193 -1.0062 -1.2851 -2.9866 
31.1065 22.9895 -3.6662 -0.8941 5.9660 -0.0368 -1.1865 1.8378 -2.5856 -4.7569 -0.6063 -1.0920 -3.3524 
31.3285 23.0126 -3.9664 -0.9769 6.0522 -0.3983 -1.7336 2.1101 -1.6638 -4.4077 -0.9095 -1.0792 -3.0748 
31.5269 22.8636 -4.5784 -1.3807 5.9071 -0.4608 -1.5659 2.2954 -1.8785 -4.8852 -1.3814 -1.4864 -3.1606 
30.7895 22.3576 -4.3477 -1.1361 5.9700 -0.2876 -1.3988 2.2362 -1.9738 -4.8573 -1.4409 -1.7774 -3.3841 
30.1239 22.0056 -4.0313 -1.0380 5.8769 -0.0948 -1.1784 2.2298 -1.9552 -4.7101 -1.1689 -1.3808 -3.3243 
30.1540 21.6787 -4.4974 -0.8047 6.4430 0.0338 -1.3618 2.0165 -2.1175 -4.5647 -0.9226 -1.6070 -3.7475 
30.5113 21.8392 -4.7473 -1.0049 6.2176 -0.4212 -1.6481 2.1311 -2.0735 -4.8560 -1.1522 -1.4609 -3.3634 
29.3967 21.0671 -4.6448 -1.2287 5.8403 -0.2407 -1.3198 2.3212 -1.6616 -4.4955 -1.2315 -1.4630 -3.0390 
28.5836 20.5620 -4.0062 -0.1615 6.3952 -0.5794 -2.1444 1.9256 -1.2513 -3.8984 -0.9450 -1.2009 -2.6446 
28.0318 19.1383 -6.0149 -1.5491 5.7062 -1.0042 -2.0722 2.2787 -1.2231 -3.7647 -0.3228 -1.0452 -3.3794 
27.8017 18.9277 -5.7257 -0.7132 6.2352 -1.3524 -2.5682 2.3417 -1.0598 -3.8776 -0.1158 -0.2551 -2.7125 
27.6117 18.1541 -7.0541 -1.5580 6.1752 -1.4093 -2.9805 2.0164 -1.0882 -3.8284 -0.1104 -0.3880 -3.0720 
27.4227 17.9979 -6.9379 -1.3573 6.1499 -1.3881 -2.5810 2.3740 -1.1232 -3.9717 -0.3076 -0.7433 -3.1193 
27.6814 18.0334 -7.1043 -1.1387 6.3598 -1.6334 -2.6265 3.0449 -0.2771 -3.5299 -0.2054 -0.6880 -3.0255 
26.9082 17.2628 -7.6025 -1.8989 5.5168 -2.3050 -3.5169 1.9251 -1.0224 -3.8177 -0.3674 -0.7390 -3.1170 
26.1810 16.5380 -7.9705 -2.0836 5.9268 -1.3231 -2.7634 2.2555 -0.6388 -3.2980 0.0890 -0.3769 -2.7506 
25.7714 16.0901 -8.2439 -2.5512 5.0188 -2.1637 -2.8983 2.5850 -0.4491 -3.1783 0.4958 0.1441 -2.5231 
24.9513 15.6711 -8.1071 -3.0823 4.4880 -1.8867 -2.8074 2.1404 -0.3624 -2.5563 0.8171 0.3915 -1.9091 
24.9255 15.3816 -8.6775 -3.4080 4.5860 -1.7253 -2.7666 2.2110 -0.2735 -2.6085 0.6585 0.2065 -2.1379 
24.7815 15.5153 -8.3587 -3.6704 3.8761 -2.3608 -3.4206 1.5181 -0.7195 -3.0641 -0.1804 -0.6157 -2.5820 
23.7645 14.3704 -8.8296 -3.6422 3.9469 -2.3888 -3.6796 0.6356 -2.0471 -4.0906 -0.8362 -1.4294 -3.6445 
25.4077 16.3371 -7.8358 -3.6469 3.6859 -2.2293 -3.0566 1.4953 -1.1439 -3.2253 0.1297 -0.2468 -2.3073 
24.3959 15.1613 -8.5160 -4.0775 3.1843 -2.7585 -3.3949 1.4600 -0.7996 -2.5491 0.8465 0.2687 -2.0321 
24.8254 15.8460 -7.6106 -2.8169 4.6775 -1.6429 -3.1241 1.2008 -1.0712 -2.7788 0.5542 -0.0302 -2.2397 
23.7893 14.9780 -7.5008 -2.5610 4.3520 -2.1744 -3.0057 2.0702 -0.1872 -2.3804 0.6200 -0.1418 -2.5198 
23.8941 14.8445 -8.1606 -3.3910 3.7812 -2.5851 -3.5271 1.4534 -0.9096 -3.2068 0.1258 -0.0184 -2.2223 
24.4611 15.7058 -7.5059 -3.2720 3.9691 -1.5326 -2.0587 2.3709 -0.4335 -2.6021 0.4438 -0.6691 -3.3840 
24.9351 15.7153 -8.1138 -3.3831 4.1006 -2.0255 -2.9007 1.8068 -0.6889 -2.7110 0.5106 -0.0932 -2.2008 
24.1484 15.1050 -8.0893 -3.4023 4.0105 -1.8363 -2.5980 2.0088 -0.4899 -2.5117 0.6556 -0.0038 -2.2942 
24.2599 15.4118 -7.7390 -3.3121 4.0483 -1.6905 -2.6755 1.6332 -0.9008 -3.0918 -0.2691 -0.7915 -2.4661 
24.3583 15.8299 -7.1571 -3.0889 4.0493 -1.8269 -3.2295 1.0557 -0.8958 -2.7989 -0.0787 -0.5397 -2.2394 
23.8566 14.9135 -7.8587 -2.9103 4.4841 -1.6535 -2.8203 1.5853 -0.8689 -2.8792 0.2716 -0.1357 -1.9466 
24.0969 15.2536 -7.8732 -3.6317 3.4760 -2.3803 -3.1310 1.5982 -0.9787 -3.5368 -0.4566 -0.3393 -2.0644 
24.0081 15.3360 -7.3382 -2.9967 3.6738 -2.3501 -2.8552 1.8063 -0.7305 -2.6050 0.5373 -0.4040 -2.6128 
23.5100 14.4719 -8.4044 -3.7331 3.6516 -2.2475 -3.1776 1.5153 -0.7847 -2.9577 0.1099 -0.2348 -2.3129 
24.4186 15.6643 -7.5469 -3.3711 3.6313 -2.3999 -3.1708 1.8711 -0.3391 -2.8915 -0.1770 -0.4290 -2.1892 
23.7326 15.1088 -7.4574 -3.0027 4.3572 -1.1348 -2.1115 1.9600 -0.5928 -2.5118 0.5777 -0.0556 -2.2918 
24.2275 15.4924 -7.3721 -2.8115 4.2860 -1.8023 -2.7340 1.8953 -0.4500 -2.4680 0.5965 -0.0927 -2.3844 
24.2916 15.2833 -8.1218 -3.8938 3.2183 -2.4460 -2.9819 1.4466 -1.1477 -2.7254 0.8330 -0.0006 -2.5425 
23.8026 15.0573 -7.6136 -3.1565 3.8416 -2.0561 -3.0007 0.9931 -1.9879 -3.9280 -0.3569 -0.6802 -2.7684 
23.9167 15.1410 -7.5058 -2.8130 4.1600 -2.1350 -3.1630 1.4750 -0.7115 -2.5179 0.4770 -0.4866 -2.8270 
23.5259 14.8971 -7.4242 -2.8148 4.2185 -1.8504 -2.9514 1.5895 -0.5259 -2.5834 0.0463 -0.5709 -2.1240 
23.0851 14.2652 -8.0291 -3.3003 3.8971 -2.0407 -3.0628 1.5245 -0.4532 -2.0555 1.2082 0.6764 -1.6200 
23.7149 15.2482 -6.9508 -2.4911 4.1475 -1.9475 -2.5752 2.1196 -0.3181 -2.1956 1.1152 0.4187 -1.9905 
23.6153 15.0220 -7.4420 -3.1548 3.6820 -2.2500 -3.0546 1.5564 -0.8398 -3.0495 -0.1231 -0.5953 -2.4634 
23.8836 15.1998 -7.4520 -2.9983 4.0304 -1.8419 -2.6705 1.7252 -0.7768 -2.6032 0.6802 0.0333 -2.1182 
23.6533 15.0912 -7.4487 -3.1886 4.1378 -1.1613 -2.2433 1.4239 -1.1581 -2.6815 0.6034 -0.0681 -2.1652 
23.1067 14.2349 -8.1384 -3.6767 2.9328 -3.1549 -3.5909 1.2299 -1.2958 -3.3487 -0.2408 -0.9996 -3.1516 
23.3889 14.5171 -7.9767 -3.3174 3.6836 -2.2512 -2.8601 1.8704 -0.4465 -2.3548 0.5485 -0.4951 -2.7818 
24.0202 15.3033 -7.5167 -3.1078 3.9852 -1.9933 -3.0756 1.3382 -0.9226 -2.8482 0.0599 -0.6044 -2.4621 
23.4740 14.9641 -7.2355 -2.6995 4.4303 -1.3555 -2.5062 1.4654 -1.2208 -3.1162 0.3627 0.1532 -2.0170 
23.7051 15.0884 -7.3716 -2.7841 4.4590 -1.3971 -2.5342 1.7030 -0.7974 -2.8650 0.2316 -0.2960 -2.5392 
23.3148 14.8015 -7.2084 -2.4793 4.5526 -1.5759 -2.6666 1.9609 -0.4213 -2.9718 -0.2280 -0.3483 -1.9845 
23.9555 15.2294 -7.5890 -3.1756 4.0668 -1.6360 -2.5270 1.8337 -0.6736 -2.7176 0.4540 0.0601 -2.0792 
22.8191 14.3441 -7.2652 -2.6280 3.9557 -2.1292 -2.9299 1.4966 -0.8105 -2.5329 0.3960 -0.5021 -2.4228 
23.6101 15.0132 -7.6703 -3.6819 3.4233 -1.9290 -2.7155 1.5850 -0.7138 -2.7462 -0.0251 -0.6445 -2.5028 
23.7577 15.2065 -7.2548 -2.9397 3.9599 -1.8873 -2.9449 1.1283 -1.1759 -2.6642 0.3658 -0.6569 -2.6871 
22.8207 13.8172 -8.4741 -3.6227 3.5901 -2.2476 -3.1816 0.9691 -1.3989 -2.5398 1.0635 -0.1293 -2.8539 
22.1890 13.4268 -8.2944 -3.6307 3.2375 -2.8108 -3.7709 1.0312 -0.7214 -2.4750 0.4067 -0.1806 -2.2472 
22.3709 13.6965 -7.8850 -3.0797 3.7971 -1.9633 -2.5564 1.7568 -0.8998 -2.6688 0.6748 -0.0530 -2.3922 
22.7592 14.2651 -7.4412 -2.9665 3.6572 -2.2208 -2.8446 1.7048 -0.6436 -2.5728 0.3717 -0.2985 -2.3621 
23.8761 15.2952 -7.2028 -2.6711 4.4776 -1.3037 -2.2554 1.9507 -0.6297 -2.5166 0.7563 0.1874 -2.1210 
22.7553 13.7906 -8.4663 -3.6518 3.6854 -1.9006 -2.6186 1.6132 -1.1872 -3.2756 -0.0895 -0.6215 -2.6564 
22.9844 14.5847 -7.3063 -3.1191 3.4899 -2.3414 -3.0889 1.3827 -1.1048 -3.2260 0.0054 -0.2508 -2.5449 
22.4535 13.9655 -7.6101 -3.0095 4.0803 -1.4855 -2.5007 1.6749 -0.3353 -1.7748 1.1598 0.1787 -1.9458 
22.9761 14.6662 -7.2460 -3.1085 3.9115 -1.6812 -2.9522 1.2979 -0.5360 -2.3822 0.2612 -0.2609 -2.0653 
22.4359 13.8247 -8.1178 -3.9738 2.9155 -2.5377 -3.3591 0.9544 -1.1062 -2.8263 0.0786 -0.4014 -2.2133 
22.7356 14.0813 -7.9564 -3.6553 3.2013 -2.3008 -2.9167 1.2267 -1.4675 -3.3536 -0.1882 -0.8322 -3.0121 
22.2563 13.8602 -7.4949 -3.0891 3.6237 -1.7896 -2.3155 1.7088 -1.0736 -2.9049 0.2856 -0.3232 -2.1849 
