14.0283 9.1091 -3.9251 -1.6340 1.7293 -1.4099 -0.3566 2.7615 0.0198 -2.0850 0.0972 -0.0199 -1.5547 
14.3556 9.1887 -4.4107 -2.0111 2.0046 -0.7779 0.0325 2.8825 0.2997 -1.6027 0.3874 0.0156 -1.4490 
14.4691 9.5301 -3.8464 -1.4916 2.2626 -1.0871 -0.9619 1.8315 -0.0608 -1.3527 0.6857 0.0682 -1.6181 
14.4546 9.6702 -3.6243 -1.4699 2.3839 -0.5418 -0.4407 1.8156 -0.4431 -1.7646 0.3340 -0.1769 -1.8253 
13.8751 9.0061 -3.9985 -1.7232 2.1519 -0.5482 -0.3143 1.4551 -1.3877 -2.4730 0.3701 0.2803 -1.2330 
14.7603 9.6790 -3.9861 -1.5337 2.3515 -0.8796 -0.4695 2.3626 0.0623 -1.5272 0.5910 0.0920 -1.6075 
14.1519 9.4587 -3.6233 -1.4687 2.5989 -0.2159 -0.5479 1.5046 -0.3243 -1.5755 0.0495 -0.3417 -1.3010 
14.9027 10.2152 -3.3131 -1.3948 2.3425 -0.6205 -0.4942 1.8051 -0.6063 -2.2203 -0.1686 -0.4663 -1.9690 
14.1668 9.2334 -4.0940 -1.8598 2.2120 -0.4897 -0.2781 2.0105 -0.2270 -1.5750 0.3863 -0.3464 -2.2337 
14.6358 9.5956 -4.1158 -1.9439 1.9538 -1.0130 -0.6534 1.9088 -0.4472 -2.0176 -0.0762 -0.7221 -2.2357 
14.3994 9.4328 -4.0731 -1.9363 1.8797 -1.0988 -0.6622 2.0985 -0.2291 -2.0052 0.0884 -0.0974 -1.7185 
14.6147 9.7950 -3.6286 -1.5079 2.2526 -0.6699 -0.0861 2.7308 0.2494 -1.8323 0.0041 -0.2543 -1.8919 
14.4341 9.7327 -3.5302 -1.7405 1.4797 -1.8704 -1.6772 1.0870 -0.6906 -2.0013 -0.2071 -0.6877 -1.9318 
14.3484 9.3093 -4.0021 -1.3673 2.5168 -1.0024 -1.0753 1.5779 -0.5474 -2.0962 -0.1267 -0.6997 -2.4774 
13.9896 9.3387 -3.4248 -1.2952 1.9648 -1.3972 -1.2087 1.4349 -0.3198 -1.3168 0.4989 -0.5322 -2.1082 
13.8623 8.8286 -4.2632 -1.7675 2.0313 -1.1264 -0.6721 2.2672 0.0998 -1.7055 0.1073 -0.2002 -1.5314 
14.9104 9.9798 -4.0761 -2.5215 1.3480 -1.0389 -0.3276 2.2087 -0.2136 -1.8372 0.2393 -0.0570 -1.6551 
15.3336 9.9355 -4.3325 -1.5817 2.5193 -1.1707 -0.9724 2.1220 -0.2355 -2.0881 0.1860 -0.1343 -2.1113 
14.9229 9.7122 -3.9921 -1.2034 2.5567 -1.2714 -1.0758 1.8827 -0.4060 -1.9038 0.4080 -0.0516 -1.5312 
14.8237 9.5340 -4.1399 -1.1451 2.7973 -1.0504 -0.9881 1.8466 -0.6166 -2.3593 -0.0498 -0.1210 -1.4681 
14.0237 8.4409 -5.3178 -2.5765 1.3263 -2.2821 -1.9935 1.0886 -0.9880 -2.4886 -0.2613 -0.4946 -1.9794 
14.9296 9.4028 -4.6311 -1.6401 2.3032 -1.5804 -1.1417 2.2388 -0.0252 -1.6248 0.8707 0.3720 -1.7152 
14.1346 8.6017 -4.8798 -1.5754 2.4829 -1.5001 -1.3057 2.0931 0.0049 -1.7892 0.4185 0.1303 -1.5883 
14.0306 8.6823 -4.7684 -1.8305 2.4483 -1.0082 -1.1495 1.6513 -0.2199 -1.7030 0.1921 -0.3555 -2.0444 
13.8026 8.5047 -4.8231 -2.1065 1.8501 -1.6700 -1.5997 1.4110 -0.5018 -2.1208 -0.1479 -0.5427 -2.2864 
13.6890 8.1602 -4.8841 -1.4454 2.1910 -2.0507 -1.7101 1.5649 -0.8182 -2.5813 -0.4175 -0.9078 -2.4608 
14.4401 9.0868 -4.4678 -1.5030 2.4700 -1.0676 -0.6999 2.1532 -0.3116 -1.9341 0.2148 -0.3715 -2.0257 
14.1245 8.9898 -4.0349 -0.9817 2.6627 -1.3683 -1.1864 2.0131 -0.2864 -2.2755 -0.2379 -0.4920 -1.9508 
14.2892 9.0540 -4.3879 -1.7112 1.9214 -1.7329 -1.0647 2.4382 0.1059 -2.1721 -0.3622 -0.6458 -2.2147 
14.5053 9.2923 -4.3521 -1.8715 1.8371 -1.5473 -0.8506 2.4287 0.1285 -1.7779 0.2873 -0.0261 -1.7645 
13.7174 8.7835 -4.3325 -2.3554 1.1212 -1.8942 -1.3379 1.6991 -0.0931 -1.7593 -0.3940 -1.1222 -2.4229 
14.0646 8.9146 -4.3632 -1.8889 1.5815 -1.9395 -1.4217 1.5276 -0.8792 -2.5662 -0.3050 -0.3695 -1.5627 
14.6733 9.2096 -4.5684 -1.5427 2.3349 -1.5003 -0.9571 2.4286 -0.1501 -2.4955 -0.5107 -0.4805 -1.6904 
14.8005 9.4582 -4.3276 -1.5326 2.1784 -1.6089 -1.0556 2.1795 -0.4491 -2.5454 -0.2597 -0.1902 -1.3954 
14.4087 9.0652 -4.6935 -2.2193 1.4713 -1.9528 -1.2224 1.9927 -0.6129 -2.7257 -0.3507 0.0894 -0.9573 
14.4256 9.1423 -4.3749 -1.6191 2.0007 -1.7327 -1.1068 2.2154 -0.2937 -2.4164 -0.3644 -0.5480 -1.8940 
17.6239 10.5840 -6.4709 -2.6902 2.1575 -2.0695 -0.6733 3.6102 0.4467 -1.8753 0.4351 -0.7257 -2.5849 
16.9291 10.7925 -5.5700 -3.2016 1.3661 -2.0568 -1.2889 2.3982 -0.0759 -2.1405 0.3250 0.0498 -1.9845 
14.9283 10.0334 -3.4615 -1.2794 1.7982 -1.9433 -1.2307 2.0302 -0.2356 -1.8252 0.3611 -0.1752 -1.6859 
14.8354 9.6806 -3.8536 -0.9831 2.7318 -1.1566 -0.8894 2.1552 -0.3296 -2.0701 0.5482 0.5981 -1.1921 
14.5722 9.1158 -4.7037 -1.7559 2.3501 -1.2837 -0.9949 2.2112 0.0672 -1.7081 0.2669 -0.3085 -2.0897 
14.7381 9.6992 -3.8858 -1.4660 2.2557 -1.2070 -1.1663 1.2408 -1.0670 -2.1369 0.3494 -0.3718 -2.4825 
15.2936 10.5119 -3.2769 -1.3202 2.2555 -0.9534 -0.6423 1.9746 -0.3559 -1.9256 0.1370 -0.2765 -1.7749 
14.3657 9.4030 -3.8972 -1.5825 1.8105 -1.8824 -1.6844 1.2518 -0.9075 -2.5879 -0.4764 -0.5722 -1.7658 
14.4127 8.8709 -4.9348 -2.0733 1.6913 -2.2073 -2.0273 0.9424 -1.2210 -2.5563 -0.4011 -1.1912 -2.7633 
13.7711 8.5083 -4.6267 -1.8159 1.9511 -1.5041 -1.0882 1.6940 -0.8153 -2.3907 -0.0274 -0.3712 -1.9017 
14.4839 8.8746 -5.0185 -2.0247 1.9918 -1.5627 -0.9530 2.0632 -0.6606 -2.3176 0.3546 0.1357 -1.4571 
14.0320 8.6142 -4.9730 -2.1455 2.1591 -0.9175 -0.4621 2.4634 0.0690 -1.7350 0.4924 0.2487 -1.5860 
14.4840 8.7035 -5.4070 -2.1371 2.5064 -0.9494 -0.8753 1.9078 -0.5502 -2.2288 0.0202 -0.4491 -2.0877 
14.6735 8.8811 -5.2651 -1.9754 2.3201 -1.6719 -1.7441 1.3050 -0.8333 -2.4931 -0.6629 -1.4564 -2.7895 
14.3917 8.8680 -4.9461 -2.0271 2.0494 -1.5712 -1.3225 1.7911 -0.2574 -1.7944 0.2026 -0.4509 -2.0225 
13.5658 8.3793 -4.7587 -2.1846 1.9527 -0.7749 -0.2465 2.3597 -0.0162 -1.7163 0.0533 -0.5498 -1.9242 
13.9651 8.4937 -4.9994 -2.1072 1.7140 -2.1126 -1.9189 1.2369 -0.9227 -2.8453 -1.1972 -1.8630 -3.1343 
14.2078 9.1423 -4.2068 -1.9193 1.5198 -1.8791 -1.3125 1.6359 -0.7177 -2.3956 -0.3043 -0.6527 -1.9301 
13.7605 8.4043 -4.9005 -2.1866 1.6127 -1.6802 -1.0369 1.8527 -0.7545 -2.4221 0.0674 -0.0355 -1.4697 
14.5380 8.9916 -5.0158 -2.2036 2.1287 -0.8659 -0.1540 2.6902 -0.1298 -2.1058 0.0836 -0.3230 -2.0455 
14.6988 9.4462 -4.0880 -1.1114 2.6137 -1.4017 -1.1460 2.0237 -0.4799 -2.4779 -0.2217 -0.3940 -1.8925 
14.5173 9.2298 -4.5596 -1.9665 2.2486 -0.8434 -0.6827 1.7313 -0.8114 -2.3442 0.0203 -0.2417 -1.8720 
14.6565 9.3317 -4.7895 -2.6486 1.3436 -1.6617 -1.3866 1.0536 -1.3724 -2.6807 -0.2281 -0.5751 -2.2196 
14.5119 9.1377 -4.4804 -1.5547 2.2681 -1.4608 -1.0619 1.9094 -0.6759 -2.4133 -0.0196 -0.2500 -1.6346 
13.9617 8.3566 -5.0223 -1.6543 2.2103 -1.8347 -1.4598 1.8151 -0.5590 -2.3114 -0.1980 -0.8854 -2.4198 
14.4291 9.3070 -4.0782 -1.4580 2.1698 -1.4164 -1.0923 1.7607 -0.5028 -2.0267 0.0189 -0.4398 -1.6404 
14.8367 9.5169 -4.4071 -1.8523 2.0313 -1.1700 -0.4264 2.3623 -0.5706 -2.5077 -0.1967 -0.4830 -2.0849 
13.6594 8.6159 -4.4524 -2.2373 1.3132 -1.5204 -0.5961 2.2295 -0.1191 -1.5330 0.4469 -0.4821 -2.2290 
15.0234 9.8250 -3.8954 -1.1234 2.5279 -1.2848 -0.7243 2.6048 0.1959 -1.7405 0.3923 -0.0697 -2.0482 
14.4503 9.0854 -4.6082 -1.9611 1.8566 -1.3183 -0.5090 2.2618 -0.3488 -1.6433 0.5438 -0.7961 -2.8466 
14.3761 9.1389 -4.4533 -1.8933 1.9868 -1.2838 -0.7981 2.1766 -0.0116 -1.6515 0.1660 -0.5691 -2.1200 
14.5459 9.0221 -5.0905 -2.5418 1.6152 -1.5597 -1.2098 1.4878 -1.0098 -2.7445 -0.7304 -1.2477 -2.7635 
14.2709 9.2767 -4.0480 -2.0922 0.7122 -2.8762 -1.9073 1.2916 -1.0214 -2.4412 -0.3568 -1.3466 -3.0779 
14.3916 9.1643 -4.4545 -1.9837 1.9414 -0.9102 -0.0065 2.7418 -0.0721 -1.9950 -0.1817 -1.0305 -2.5314 
14.5591 9.0042 -4.7418 -1.4449 2.8057 -0.8075 -0.4493 2.3214 -0.6434 -2.5329 0.0203 -0.2796 -1.9736 
14.5456 9.2968 -4.1560 -1.2352 2.3327 -1.8226 -1.5518 1.8869 -0.3182 -2.3375 -0.2292 -0.3306 -1.9122 
14.0494 8.7204 -4.5818 -1.6125 2.2234 -1.5035 -1.2791 1.6946 -0.4894 -1.9447 0.2431 -0.4894 -2.4886 
15.0483 9.4863 -4.6598 -1.5209 2.8790 -0.7101 -0.6330 2.0628 -0.4178 -1.7765 0.7492 -0.0114 -2.2126 
14.4509 9.5737 -3.6879 -1.4381 2.0311 -1.2744 -0.8260 1.9500 -0.1295 -1.2773 0.7194 -0.5528 -2.6512 
14.6094 9.3712 -4.4040 -1.9392 1.9981 -1.1890 -0.8790 1.7028 -0.5737 -1.8246 0.4245 -0.0937 -1.6378 
14.4780 9.1675 -4.5521 -1.8941 2.1266 -1.2169 -0.9196 2.0024 -0.0810 -1.6018 0.3415 -0.2001 -1.6338 
14.2772 8.9323 -4.6781 -2.0435 1.7352 -1.6810 -1.0470 2.1407 -0.0722 -1.7438 0.1293 -0.6865 -2.2470 
15.4737 10.0867 -4.2133 -1.4000 2.7419 -1.0212 -0.9971 1.9221 -0.4710 -2.3394 -0.3007 -0.7903 -2.4292 
14.6556 9.5401 -4.1509 -1.7361 2.1212 -1.2961 -1.1078 1.8157 -0.3288 -2.0439 0.1441 0.1566 -1.3602 
14.7484 9.3316 -4.5504 -1.5980 2.6262 -0.8982 -0.6891 2.2598 -0.1129 -1.9173 0.2335 -0.1190 -1.8427 
15.8731 10.3749 -4.3569 -1.6916 2.5173 -1.0080 -0.6716 2.3433 0.0313 -1.4244 0.8767 0.0800 -1.8969 
14.8854 9.6524 -4.1267 -1.4373 2.1498 -2.1139 -2.0258 1.7832 0.1733 -1.9739 -0.4251 -0.6308 -1.9919 
14.5703 9.0832 -4.8812 -2.1844 1.7354 -1.9202 -1.5430 1.8085 -0.1638 -1.7809 0.3299 -0.1750 -2.0741 
14.5164 9.4332 -4.0300 -1.5247 2.1427 -1.2791 -0.7581 2.1814 -0.3045 -1.9657 0.4630 0.1022 -1.9442 
15.1217 9.7006 -4.5836 -1.9026 2.3865 -1.1660 -1.1319 1.9821 -0.1753 -2.2186 -0.2129 -0.2784 -1.9297 
14.7743 9.4395 -4.2012 -1.2007 2.5250 -1.4335 -1.1125 2.0391 -0.2030 -1.8237 0.2097 -0.3819 -1.8704 
14.9413 9.4256 -4.6803 -1.7663 2.2602 -1.7131 -1.7290 1.4870 -0.3811 -1.8370 0.3002 -0.2878 -2.1826 
14.5780 9.6024 -3.8752 -1.5135 2.2843 -0.9709 -0.7364 1.8233 -0.7452 -2.4782 -0.0194 0.1859 -1.2370 
13.6552 8.3581 -4.8372 -2.1165 1.7979 -1.3773 -0.9133 1.7333 -0.8632 -2.5736 -0.4206 -0.7592 -2.1166 
14.2653 9.0647 -4.5341 -2.0917 1.7445 -1.8995 -1.9667 1.1404 -0.6172 -2.2871 -0.1880 -0.1016 -1.6218 
14.4896 9.0756 -4.3408 -0.7755 3.3968 -0.9936 -1.4364 1.7865 0.1087 -1.2828 0.8696 0.2686 -1.6776 
15.2311 9.2824 -5.3046 -1.6634 3.1742 -0.9877 -1.4198 1.8862 0.1590 -1.3863 0.7168 0.1536 -1.7290 
13.7697 7.6774 -6.3877 -3.0063 1.4799 -2.5811 -2.9837 0.1654 -1.3974 -2.5221 -0.0583 -0.2194 -1.8066 
14.3265 8.6766 -5.3168 -2.1819 2.4937 -1.2149 -1.8437 1.0124 -0.5062 -1.8213 0.2549 -0.0809 -1.9824 
14.7499 8.8668 -5.3982 -1.8694 2.6592 -1.7184 -2.1756 1.3074 -0.3916 -2.2028 -0.0728 -0.1257 -1.6766 
13.6116 7.5958 -6.2416 -2.9125 1.3688 -2.3766 -2.0076 1.2333 -1.2106 -2.9041 -0.0525 0.0702 -1.9916 
14.2221 8.7197 -4.8742 -1.7129 2.4957 -1.2437 -1.3134 1.5356 -0.6318 -2.1467 0.2442 0.2207 -1.3603 
13.7082 8.0251 -5.6696 -2.5961 1.9527 -1.4527 -1.5608 1.4449 -0.3408 -1.9631 -0.1269 -0.6541 -2.4502 
14.7542 8.6743 -5.9655 -2.6553 2.0132 -1.9180 -2.2475 0.7310 -1.1643 -2.2642 0.5253 0.4479 -1.2145 
14.0778 8.1561 -5.8134 -2.3050 2.3066 -1.6916 -1.9528 1.5442 0.1353 -1.4351 0.3963 -0.0024 -1.6064 
15.3758 9.4727 -5.4055 -2.2448 2.5231 -1.3935 -1.7518 1.4246 -0.7065 -2.7783 -0.4484 -0.0489 -1.5921 
14.7663 8.8151 -5.5887 -2.2335 2.2235 -1.8110 -1.9151 1.2822 -0.8528 -2.6821 -0.5957 -0.7376 -1.9848 
13.9294 8.2666 -5.4463 -2.4490 1.6463 -2.0504 -1.9299 1.0601 -1.1295 -2.6567 -0.2127 -0.2548 -1.6978 
14.1097 8.8983 -4.4396 -1.7737 1.9031 -1.8958 -2.0228 0.6734 -1.2878 -2.4005 -0.0147 -0.2880 -1.6005 
13.9674 8.4837 -5.2052 -2.3750 2.1261 -1.0356 -1.3089 1.0472 -0.8918 -1.9620 0.2727 -0.0461 -1.3418 
14.9648 9.2075 -5.2358 -2.2477 2.0729 -1.8005 -1.9903 0.9894 -0.9824 -2.5105 -0.4725 -0.7757 -1.9245 
13.9941 8.3253 -5.1614 -1.6351 2.6161 -1.3910 -1.4272 1.6757 -0.5284 -2.3079 -0.1092 -0.1346 -1.3407 
14.9450 9.2741 -5.1746 -2.2335 2.3690 -1.3797 -1.7497 1.4362 -0.3335 -2.2810 -0.3079 -0.0984 -1.5672 
15.4432 9.6366 -5.1809 -2.0559 2.7502 -1.1582 -1.8322 1.1616 -0.3652 -1.7751 0.1661 -0.2216 -1.7567 
14.6687 8.9409 -5.2116 -1.8569 2.8345 -1.1275 -1.7044 1.3214 -0.3790 -1.8148 0.5822 0.5664 -1.3193 
14.5993 9.1997 -4.6288 -1.6037 2.9255 -0.6328 -1.1470 1.4501 -0.3023 -1.6655 0.1440 -0.3102 -1.5575 
15.0336 9.1165 -5.4917 -2.1424 2.6503 -1.3654 -1.9779 0.9815 -0.8534 -2.2436 0.3605 0.5080 -1.1666 
15.1357 9.2341 -5.4670 -2.2289 2.6093 -1.1745 -1.6364 1.3488 -0.3029 -1.5667 0.6257 0.2814 -1.2321 
13.8942 8.0514 -5.7437 -2.4684 1.7354 -2.3467 -2.7785 -0.0153 -1.8064 -2.7448 -0.4162 -1.1015 -2.6806 
15.5990 9.6791 -5.2686 -2.0841 2.5937 -1.2691 -1.5328 1.3509 -0.8344 -2.3350 0.0955 0.0186 -1.3420 
15.0934 9.1718 -5.5540 -2.2601 2.8296 -0.7167 -1.2219 1.4564 -0.5957 -2.0435 0.4573 0.6295 -0.6679 
14.6743 8.1407 -6.8587 -2.8640 2.8081 -0.8485 -1.4082 1.4543 -0.5858 -2.2081 -0.0243 -0.2849 -1.8231 
14.2505 8.6738 -4.8968 -1.4714 2.6890 -1.5971 -1.9439 1.2921 -0.5557 -2.3838 -0.5198 -0.6790 -1.8085 
15.0956 8.9526 -5.9306 -2.5405 2.3184 -1.5862 -2.1683 0.4760 -1.3768 -2.3955 -0.3001 -1.1913 -2.5648 
15.0547 9.0452 -5.6584 -2.3123 2.3668 -1.7440 -2.2860 0.6545 -1.3207 -2.7741 -0.2771 -0.2157 -1.6009 
14.2238 8.1817 -5.9066 -2.1404 2.6980 -1.3506 -1.9250 1.0041 -0.7625 -2.1126 0.0058 -0.3260 -1.6693 
14.9907 9.1035 -5.4518 -2.1767 2.5406 -1.3252 -1.7688 1.0786 -0.8930 -2.2128 0.3770 0.4033 -1.1164 
15.0294 9.0041 -5.6011 -2.0070 2.7971 -1.4501 -2.0424 1.1684 -0.6404 -2.3935 -0.2247 -0.0975 -1.4090 
15.0923 9.3771 -5.1539 -2.1825 2.3193 -1.5856 -2.1134 0.8188 -0.7773 -1.8602 0.5878 0.3043 -1.5305 
14.7639 8.9063 -5.4826 -2.2152 2.4484 -1.3402 -1.5772 1.4904 -0.4426 -2.0216 0.1363 -0.2119 -1.8854 
14.8157 9.1586 -5.1079 -2.1474 2.2388 -1.5071 -1.8962 0.7252 -1.2366 -2.2819 0.4076 0.3598 -1.3451 
15.0351 8.9988 -5.6424 -2.2310 2.3729 -1.5385 -1.5471 1.4893 -0.8493 -2.2876 0.4666 0.2725 -1.5719 
15.0515 9.0485 -5.6374 -2.3878 2.2026 -1.4565 -1.1975 1.9902 -0.2244 -1.7195 0.6198 -0.0023 -1.9671 
15.5573 9.5702 -5.5255 -2.3948 2.4678 -1.2952 -1.7274 1.0288 -1.1266 -2.5847 -0.1495 -0.4168 -2.0708 
14.8795 9.4513 -4.7532 -2.1150 2.2981 -1.0817 -1.4120 1.1459 -0.7458 -2.1021 -0.1754 -0.6138 -1.8796 
15.7047 10.2652 -4.4915 -1.9494 2.5207 -1.1512 -1.6722 1.1335 -0.7722 -2.5126 -0.4466 -0.3935 -1.7477 
14.5639 8.5336 -5.7821 -2.2965 2.0869 -2.1247 -2.0518 1.6038 -0.3393 -2.2367 -0.2145 -0.7000 -2.4896 
14.9976 9.1698 -5.2628 -2.0540 2.3808 -1.4141 -1.3289 1.7982 -0.3597 -2.0138 0.0959 -0.2356 -1.4751 
15.3435 9.1756 -5.7919 -2.1682 2.8240 -1.3415 -1.9757 1.0437 -0.8471 -2.2816 0.1703 0.0342 -1.7594 
14.6839 8.7154 -5.6093 -2.1211 2.2831 -2.1358 -2.4657 1.0769 -0.5688 -2.0538 0.4352 0.3067 -1.7308 
16.1403 9.5060 -6.2515 -2.0485 3.3386 -1.4128 -2.1719 1.3459 -0.6896 -2.5934 0.0247 0.1706 -1.5716 
14.3921 8.4544 -5.6207 -1.9360 2.7606 -1.4354 -2.0314 0.9330 -1.0214 -2.5198 -0.1032 -0.2561 -1.9324 
14.6373 8.8685 -5.1732 -1.7238 2.6799 -1.4156 -1.6471 1.4713 -0.5164 -2.1331 -0.1376 -0.7328 -2.3539 
14.9406 9.5373 -4.4998 -1.7645 2.2138 -1.4815 -1.3899 1.4802 -0.7111 -2.1135 0.2397 -0.0687 -1.5211 
15.4180 9.5106 -5.4522 -2.4487 2.2256 -1.6534 -2.1289 0.8374 -0.9151 -2.2092 0.1280 -0.1373 -1.7986 
14.5271 8.7489 -5.0370 -1.2333 3.1445 -1.1950 -1.3420 1.9376 -0.3412 -2.3123 -0.0816 -0.1371 -1.6944 
14.8015 8.8697 -5.6886 -2.6089 1.8202 -2.0406 -1.9964 1.4099 -0.4741 -2.1449 0.0139 -0.3594 -2.1939 
14.3166 8.6330 -5.1778 -1.8718 2.4260 -1.4782 -1.6836 1.1213 -0.9873 -2.1838 0.5685 0.5953 -1.1338 
15.1358 9.3022 -5.1411 -1.8160 2.6188 -1.2945 -1.2932 1.6759 -0.6647 -2.1939 0.2142 -0.1411 -1.6717 
14.2763 8.4045 -5.2747 -1.3518 2.9105 -1.6714 -1.9339 1.3355 -0.8567 -2.6166 -0.2775 -0.3596 -1.6629 
15.0903 9.3211 -5.0103 -1.6747 2.6766 -1.4859 -1.8030 1.1170 -1.0625 -2.6340 -0.4088 -0.6718 -1.8486 
14.2667 8.4615 -5.4930 -2.1112 2.3603 -1.6445 -2.0211 1.0474 -0.7145 -2.2309 -0.2305 -0.4983 -1.7575 
14.7296 9.1104 -5.0990 -2.2174 2.1859 -1.2224 -1.0983 1.7767 -0.4357 -1.9654 0.3351 0.0758 -1.4602 
14.5099 8.6383 -5.2206 -1.3054 3.2426 -0.9908 -1.1536 1.9612 -0.4262 -2.2437 0.1937 0.0671 -1.7560 
14.2486 8.3494 -5.6542 -2.0475 2.8419 -0.7850 -1.1301 1.5431 -0.5112 -1.7698 0.6088 0.2765 -1.3518 
15.1421 9.0956 -5.3365 -1.3455 3.3328 -1.3721 -2.0568 1.1215 -0.8547 -2.3095 0.3094 0.1728 -1.5568 
15.4086 9.8506 -4.4803 -1.3928 2.7596 -1.2998 -1.3098 1.7965 -0.5310 -2.1809 0.4836 0.5058 -1.3591 
14.4147 9.0219 -4.7041 -1.7127 2.6602 -1.0787 -1.5557 1.2575 -0.5690 -2.1602 -0.1431 -0.4416 -2.2677 
14.1689 8.4770 -5.5831 -2.6302 2.1757 -0.8977 -1.0927 1.3440 -0.9055 -2.4263 -0.1683 -0.3606 -2.0514 
14.3156 9.0369 -4.5882 -1.9849 1.8225 -2.0191 -2.0587 1.2690 -0.3241 -1.9445 0.0227 -0.1320 -1.6735 
14.7150 9.3046 -4.7060 -2.0098 2.1690 -1.3278 -1.2504 1.6476 -0.6460 -2.4112 -0.0593 -0.0553 -1.7376 
14.0953 8.2794 -5.4119 -1.8043 2.4208 -1.8924 -2.0194 1.3609 -0.5780 -2.0923 0.4452 0.1659 -2.1616 
14.0286 8.6445 -4.8597 -1.8691 2.4278 -1.3909 -1.9227 1.1808 -0.0628 -1.4627 0.2595 -0.0562 -1.5207 
13.9757 8.3873 -5.1490 -1.8845 2.4028 -1.2992 -1.2188 1.8307 -0.4030 -2.1699 0.0573 -0.1660 -1.8457 
13.5597 8.0412 -5.1386 -1.8352 2.3912 -1.1697 -1.0066 1.7339 -0.8962 -2.5407 0.2883 0.4225 -1.4315 
14.8231 9.0817 -5.1493 -2.0181 2.1303 -1.9868 -2.0660 1.2489 -0.5577 -2.0184 0.2445 0.0549 -1.5150 
15.0958 9.3502 -4.9563 -1.6706 2.4368 -2.0716 -2.2775 1.3805 -0.2443 -1.8436 0.4154 0.2807 -1.4107 
14.7272 8.9613 -5.3691 -2.2203 2.4517 -1.3189 -1.8316 1.1546 -0.2176 -1.2880 0.7172 0.1117 -1.5083 
13.7251 8.3503 -4.8060 -1.8726 1.7551 -2.0834 -1.8578 1.1233 -0.8294 -1.7680 0.8956 0.5175 -1.2887 
14.6047 8.5664 -5.8801 -2.5414 1.9585 -2.0450 -2.2499 0.8546 -0.9468 -2.0361 0.4012 -0.2078 -1.9736 
14.1856 8.3469 -5.5730 -2.1479 2.3591 -1.4526 -1.5079 1.6811 -0.1203 -1.4928 0.6286 0.0223 -1.7229 
15.1404 9.3239 -5.0668 -1.8254 2.0951 -2.4316 -2.2732 1.5351 -0.3556 -1.9582 0.5386 0.2183 -1.6129 
14.4052 8.8759 -4.8508 -1.7527 2.3374 -1.4747 -1.5117 1.2889 -0.8888 -2.2898 -0.1541 -0.7010 -2.0629 
15.4131 9.5503 -5.2605 -2.1291 2.5035 -1.4134 -1.8162 1.1144 -0.8018 -2.1523 0.2577 0.1018 -1.4115 
14.6503 9.0044 -4.8237 -1.4146 2.5171 -2.0350 -2.1173 1.4503 -0.5364 -2.3018 0.1820 0.1811 -1.7798 
14.9146 8.8637 -5.9791 -2.7687 2.2857 -1.3258 -1.8215 1.2579 -0.1952 -1.7372 -0.2209 -0.8145 -2.0264 
14.7166 8.8501 -5.8484 -2.9140 2.3296 -0.7339 -1.3521 1.2080 -0.2336 -1.4029 0.3108 -0.3255 -1.8520 
14.2846 9.0010 -4.8959 -2.4514 2.2339 -0.5984 -0.8506 1.8588 0.2811 -1.3284 0.2516 -0.1448 -1.8072 
14.5198 8.8108 -5.0687 -1.6868 2.5423 -1.3901 -1.3261 1.5459 -0.8615 -2.0328 0.9433 0.5752 -1.6038 
14.8595 9.2170 -5.0710 -2.1674 2.1392 -1.4936 -1.2949 1.9903 -0.0690 -1.8702 0.1820 -0.2596 -2.0975 
15.1310 9.3862 -5.1432 -2.2446 1.9795 -1.7633 -1.5693 1.6178 -0.4390 -1.9579 0.2459 -0.0726 -1.4385 
14.7782 8.8746 -5.4636 -2.0224 2.6369 -1.1902 -1.3035 1.7718 -0.2544 -1.7306 0.4695 -0.1195 -1.9133 
13.7688 8.0235 -5.5655 -2.2768 1.8994 -1.9838 -1.8644 1.5125 -0.2225 -1.6179 0.5258 0.0267 -1.6182 
15.0081 9.4403 -4.8651 -2.0290 2.3076 -1.2576 -1.3079 1.6684 -0.0462 -1.2468 0.7558 0.0916 -1.5796 
14.5908 9.2654 -4.4417 -1.5543 2.5213 -1.2229 -1.2896 1.6641 -0.4299 -2.1232 -0.0712 -0.4529 -2.0677 
14.3887 8.7300 -5.3019 -2.3829 1.9803 -1.3543 -1.2308 1.4925 -0.5407 -1.6290 0.5166 -0.4795 -2.3996 
14.4591 8.5784 -5.5455 -1.9406 2.9915 -0.7754 -1.2859 1.3472 -0.8871 -2.3259 0.1962 -0.2107 -2.2619 
14.7819 9.0214 -5.1701 -1.8381 2.6640 -1.1550 -1.1426 1.9420 -0.4050 -2.1844 0.3197 0.2815 -1.5677 
15.1284 9.2964 -5.1736 -1.7975 2.8301 -1.1397 -1.5283 1.3436 -0.6230 -1.8354 0.7037 0.4520 -1.2667 
14.4445 8.7382 -5.0419 -1.4953 2.8055 -1.3814 -1.6599 1.2163 -1.1075 -2.5507 0.2308 0.2343 -1.4370 
14.6408 8.8179 -4.9838 -0.8868 3.7497 -0.7391 -1.2300 1.9239 -0.2113 -2.0182 0.1279 -0.2203 -1.7729 
14.7484 8.8453 -5.3054 -1.5343 3.0201 -1.5555 -2.2294 1.0733 -0.5924 -2.1041 0.1967 -0.0309 -1.9386 
14.1945 8.4396 -5.4762 -2.3245 1.8980 -2.0021 -2.1493 0.8026 -1.1853 -2.4997 -0.1808 -0.7114 -2.5235 
14.7183 8.8603 -5.4668 -2.2677 2.0122 -2.0725 -2.0373 1.3618 -0.8461 -2.6961 -0.0727 0.0589 -1.8458 
14.3506 8.5648 -5.4364 -2.0336 2.5724 -1.4568 -2.1416 0.7396 -0.8014 -1.9470 0.2929 0.0377 -1.5529 
14.4945 9.1640 -4.4452 -1.6100 2.0281 -2.2223 -2.3343 1.0202 -0.6262 -2.0195 0.2686 0.0413 -1.8132 
14.9269 9.3998 -4.7478 -1.8905 2.1716 -1.6996 -1.7609 1.1911 -0.9327 -2.3977 0.0345 -0.0333 -1.4185 
15.2726 9.5938 -4.9236 -1.9893 2.3036 -1.3877 -1.2374 1.6022 -1.1243 -2.9655 -0.3024 -0.1702 -1.7213 
14.7695 9.1989 -4.9033 -1.9478 2.2709 -1.4827 -1.3971 1.8057 -0.2826 -2.0627 0.1609 0.0603 -1.7068 
15.0930 9.2010 -5.2379 -1.6939 2.8813 -1.4522 -1.9979 1.1464 -0.6631 -2.1685 0.0816 -0.0442 -1.4144 
15.1095 9.4137 -5.0393 -2.1029 2.0928 -1.8772 -1.9651 1.0250 -1.4417 -3.3486 -0.7492 -0.3657 -1.8144 
15.2310 9.2271 -5.6109 -2.2295 2.7293 -1.2532 -1.9563 1.1123 -0.2899 -1.5088 0.5718 0.1982 -1.3817 
15.3492 9.2568 -5.9476 -2.8261 2.2178 -1.6775 -2.3997 0.7954 -0.6000 -2.0449 0.1046 -0.1020 -2.0318 
16.5263 10.1897 -5.8645 -2.4242 3.0055 -1.2551 -2.1348 1.5160 0.3122 -1.5410 0.2469 0.2329 -1.1363 
16.3613 10.0627 -5.9444 -2.5785 3.1283 -0.7128 -1.8772 1.0491 -0.1489 -1.3385 0.5609 -0.0728 -1.8302 
17.1022 10.6659 -6.2729 -3.4760 2.4631 -0.8912 -2.0984 0.5309 -0.5101 -1.5286 0.0169 -0.5830 -1.5692 
17.5317 10.6766 -6.8920 -3.5066 3.2570 -0.3752 -2.4818 -0.3017 -1.2622 -2.0210 -0.2003 -0.7077 -1.7524 
17.6450 10.2591 -8.0940 -4.6471 2.4838 -1.0351 -2.7653 0.1723 -0.3617 -1.2025 0.4009 -0.3458 -1.4418 
18.0330 11.0060 -7.0063 -3.5692 3.0966 -0.9284 -2.9616 -0.2472 -0.8570 -1.4872 0.3528 -0.3669 -1.5220 
18.1450 10.9957 -7.1344 -3.5774 2.9799 -1.1798 -2.7372 0.5208 -0.4188 -1.7286 0.1602 -0.0360 -1.1000 
18.2727 10.9707 -7.6516 -4.2326 2.9547 -0.6398 -2.3200 0.7300 -0.2430 -1.6860 0.3041 0.4285 -0.8401 
18.7121 11.3695 -7.3363 -3.6913 3.1346 -1.3221 -3.4435 -0.2881 -0.8919 -2.0484 -0.3728 -0.7365 -1.7459 
18.3689 10.9026 -7.7466 -3.9598 3.2153 -0.7047 -2.4571 0.6462 -0.1454 -1.3479 0.2032 -0.4161 -1.3550 
19.2249 11.6225 -7.5850 -3.6693 3.4184 -1.1876 -3.2202 0.3151 -0.1593 -1.4854 -0.0209 -0.3752 -1.0059 
19.0507 11.3540 -8.0323 -4.3935 2.7367 -1.3634 -2.8974 0.5370 -0.4954 -1.8652 0.3427 0.2576 -1.2054 
19.6156 11.9255 -7.7824 -3.8625 3.9138 -0.3911 -2.8654 0.3856 -0.1012 -1.4940 0.2284 0.0981 -1.0363 
19.1749 11.0794 -8.7686 -4.4279 3.8276 -0.4269 -3.0667 0.2079 -0.0240 -1.4026 -0.1399 -0.4450 -0.9674 
19.1225 10.9783 -8.9556 -4.8476 3.0383 -1.4062 -3.9044 -0.4112 -0.4620 -1.6328 -0.3742 -1.1335 -2.3158 
19.0757 11.3475 -8.0531 -4.0134 3.7469 -0.6648 -3.3701 -0.0918 -0.0914 -1.3591 -0.3315 -0.8919 -1.6078 
19.3054 11.1281 -9.0137 -5.0173 3.0772 -0.7345 -2.7258 0.4646 -0.2747 -1.5962 -0.0137 -0.5505 -1.6380 
18.2789 10.1104 -9.2736 -5.0292 2.7909 -1.2673 -3.2938 -0.1163 -0.8596 -2.0985 -0.4310 -0.8551 -1.6449 
19.4602 11.3517 -8.7602 -4.6947 3.3725 -0.7439 -3.1253 -0.0583 -0.7389 -2.0834 -0.5563 -1.0129 -1.7587 
19.7802 11.5300 -8.6783 -4.1254 3.9712 -0.9240 -3.8578 -0.4593 -0.3378 -1.3021 -0.2289 -1.1561 -1.7106 
18.9650 10.7321 -8.9612 -4.2415 3.9398 -0.8222 -3.5420 0.1487 0.0070 -1.7311 -0.5785 -0.7129 -1.5347 
19.7329 11.9646 -8.1101 -4.7282 2.6759 -1.4364 -3.4193 0.0545 -0.4185 -1.8048 -0.1822 -0.2732 -1.1201 
19.6980 11.7290 -8.3598 -4.6420 2.7501 -1.5236 -3.3763 -0.0503 -0.8612 -1.8881 0.2086 -0.3368 -1.7297 
19.3066 11.0843 -9.0384 -4.7284 3.5353 -0.9906 -3.8386 -0.2669 -0.1227 -1.5529 -0.3191 -0.3033 -0.8162 
19.7729 11.7581 -8.3971 -4.4154 3.5263 -0.4953 -2.6328 0.5136 -0.0716 -1.2335 0.1864 -0.4692 -1.2078 
19.4949 11.5752 -8.5136 -4.7805 3.2986 -0.5040 -2.8786 0.2010 -0.1269 -1.3401 0.0470 -0.1983 -0.7105 
19.6559 11.8928 -7.9404 -4.1966 3.2815 -1.0769 -3.3432 -0.0243 -0.4693 -1.9455 -0.8853 -1.3575 -1.5858 
18.7989 11.2006 -7.6613 -3.6855 3.1315 -1.4612 -3.0439 0.6585 -0.1656 -1.7067 -0.0268 -0.1313 -0.7551 
20.0606 12.6430 -7.1363 -3.8106 3.3322 -0.9193 -2.9346 0.3808 -0.4614 -2.1455 -0.3960 -0.1565 -1.0074 
19.1153 11.6132 -7.7218 -4.1748 3.2936 -0.6904 -2.8802 0.3310 -0.1383 -1.6017 -0.1314 -0.1107 -0.8502 
19.3587 11.9154 -7.5825 -4.2533 3.1975 -0.5462 -2.5957 0.4019 -0.2994 -1.6098 0.1139 -0.0394 -1.2005 
18.6295 11.5124 -7.1859 -4.0676 2.9320 -0.6215 -2.4491 0.3267 -0.5222 -1.8279 -0.3005 -0.4963 -1.3270 
18.1286 10.7149 -7.6462 -3.8091 3.0371 -1.2158 -2.9400 0.3191 -0.5386 -1.8236 -0.0675 -0.4199 -1.4006 
18.5462 11.0146 -7.8581 -4.1652 2.9472 -1.0960 -2.9854 -0.1117 -1.1200 -2.0534 0.0884 -0.5632 -2.2413 
18.2106 10.9509 -7.2194 -3.3657 3.4227 -0.6828 -2.1950 0.9473 -0.2001 -1.4828 0.3693 -0.2837 -1.6695 
18.4596 11.2008 -7.1552 -3.4819 3.0567 -1.2549 -2.6765 0.7567 -0.3136 -1.7855 0.1513 0.0477 -1.0865 
18.2894 11.0348 -7.1248 -3.1854 3.5170 -0.9353 -2.5724 0.9725 0.1310 -1.4453 0.1853 -0.0548 -1.0383 
18.2804 10.7085 -7.9499 -3.8388 3.7092 -0.4248 -2.8776 -0.2426 -1.1185 -2.2297 -0.1942 0.0060 -0.5814 
18.5537 11.3336 -7.0504 -3.2408 3.7415 -0.3969 -2.3778 0.4316 -0.5928 -1.7502 0.0914 -0.2916 -1.2699 
17.9339 10.5409 -7.8890 -4.2487 2.9719 -0.7385 -2.6245 0.2501 -0.4548 -1.3224 0.7550 0.5669 -0.6331 
18.5499 11.3698 -7.0859 -3.4592 3.5924 -0.2880 -2.1016 0.7897 -0.3317 -1.7343 0.1953 0.1155 -1.0845 
18.7312 11.6687 -6.8145 -3.5109 3.1957 -0.5220 -1.9561 0.8993 -0.3494 -1.6073 0.1625 -0.3651 -1.3657 
17.8144 10.8725 -6.8764 -3.5171 2.8454 -1.0670 -2.4312 0.7471 -0.2094 -1.5663 -0.0052 -0.4932 -1.5077 
17.8355 10.8913 -6.9447 -3.4955 3.3674 -0.2796 -2.0717 0.6455 -0.3298 -1.4977 0.3883 0.1611 -1.1252 
17.7643 10.8762 -6.6987 -3.2105 3.1300 -0.8854 -2.4168 0.3612 -1.0553 -2.3157 -0.0663 -0.0636 -1.1898 
17.5833 10.7172 -6.9274 -3.8985 2.1868 -1.5750 -2.8598 0.0487 -0.9856 -2.0624 -0.3279 -0.6800 -1.3123 
17.8699 10.9376 -6.7942 -3.3916 2.9358 -1.0319 -2.3401 0.9430 0.0341 -1.3180 0.2332 -0.2192 -1.1309 
17.0362 9.8795 -7.8806 -4.8626 1.3525 -2.1887 -3.1478 -0.0641 -1.4523 -2.9522 -0.9806 -0.9962 -2.0463 
16.7788 9.8589 -7.0616 -3.4169 2.6337 -1.3521 -2.3711 0.7926 -0.5898 -1.9727 -0.1168 -0.6336 -1.6695 
17.0731 10.3444 -6.8063 -3.5383 2.8564 -0.6510 -1.8820 1.0723 -0.3327 -2.1422 -0.3546 -0.1663 -1.2190 
16.3490 9.5372 -7.3273 -4.2172 1.8189 -1.6209 -2.4459 0.8086 -0.3934 -2.1808 -0.7181 -0.6465 -1.3189 
17.1759 10.7351 -6.2093 -3.3100 2.6104 -1.0435 -2.4700 0.1683 -1.1324 -2.5638 -0.7448 -0.6118 -1.3482 
17.1311 10.6406 -6.3161 -3.4828 2.3172 -1.0007 -1.6752 1.2240 -0.3599 -1.7778 0.3114 0.4107 -0.5484 
16.6350 10.1997 -6.4292 -3.4577 2.6207 -0.6878 -2.0117 0.5294 -0.5847 -1.7426 -0.1237 -0.4410 -1.3499 
16.6140 10.1941 -6.2997 -3.2126 2.6339 -1.0084 -2.1260 0.9711 -0.0202 -1.4873 -0.1825 -0.8841 -2.0127 
15.7165 9.2186 -6.8065 -3.5857 2.2162 -1.3536 -2.4135 0.5219 -0.7324 -2.2052 -0.3758 -0.3409 -1.3452 
16.7957 10.3144 -6.2652 -2.9317 3.1579 -0.5678 -2.0227 0.6534 -0.6028 -1.8854 0.0575 0.0659 -0.8153 
16.3918 9.8073 -6.5311 -2.9753 2.9560 -1.0593 -2.3348 0.9649 0.2155 -1.0803 0.2904 -0.4856 -1.7888 
16.4285 10.0110 -6.1436 -2.7003 3.0969 -0.6276 -1.5439 1.4124 -0.1738 -1.7126 0.3371 0.2608 -1.0624 
16.8062 10.4629 -6.0114 -2.8671 2.9722 -0.8752 -2.3202 0.5742 -0.3931 -1.6499 0.0724 -0.2027 -1.4354 
16.5958 10.3752 -5.6717 -2.4028 3.0463 -1.1419 -2.4388 0.6769 -0.3938 -1.8415 -0.1368 -0.2404 -1.1405 
16.0762 9.7358 -6.1005 -2.6497 2.9225 -1.1504 -2.4611 0.4088 -0.7616 -1.7702 0.4141 0.0389 -1.5582 
16.2968 10.2087 -5.6993 -2.8912 2.3582 -1.2463 -2.1339 0.5904 -0.8188 -1.9312 0.1069 -0.1706 -1.2201 
16.8001 10.9480 -5.0701 -2.5914 2.4438 -1.1311 -1.9985 0.6237 -0.9079 -2.1315 -0.2235 -0.6341 -1.7635 
16.5620 10.5312 -5.6815 -3.2386 2.1032 -1.2181 -2.1428 0.5680 -0.5606 -1.5341 0.4874 0.3673 -0.7768 
15.0348 8.5720 -6.8163 -3.3215 2.2127 -1.5218 -2.3587 0.6383 -0.8116 -2.1639 0.0393 0.0862 -1.2406 
16.3181 9.7443 -6.6086 -3.3055 2.3524 -1.5969 -2.7996 0.0023 -1.3839 -2.6114 -0.6448 -0.9546 -2.0021 
16.6063 10.0307 -6.4842 -3.2053 2.4892 -1.3647 -2.4440 0.4270 -0.8327 -1.9496 -0.1703 -0.7871 -2.0495 
16.4717 9.9860 -6.0694 -2.3820 3.0775 -1.2870 -2.2995 0.8410 -0.7277 -2.0669 0.2437 -0.1040 -1.8592 
16.2950 10.0324 -5.8488 -2.5616 2.8046 -1.1213 -1.9700 1.0275 -0.4611 -1.6757 0.5059 0.0924 -1.4022 
15.5641 9.0028 -6.9174 -3.6888 1.6791 -2.3300 -3.4260 -0.5626 -2.0257 -3.3307 -1.0768 -0.8688 -1.9796 
16.1860 9.6016 -6.6797 -3.3168 2.5158 -1.0411 -1.8601 0.8534 -1.1797 -2.9215 -0.6397 -0.2600 -1.2613 
16.3590 10.1321 -5.7178 -2.4362 2.7759 -1.3854 -2.2522 1.0702 -0.1097 -1.3935 0.6025 0.2748 -1.1431 
15.8896 9.8084 -5.4688 -2.0725 2.9235 -1.1475 -1.7589 1.3542 -0.2660 -1.5849 0.6401 0.4472 -0.8885 
16.4160 10.3310 -5.4305 -2.4511 2.3692 -1.6587 -2.1682 0.8786 -1.0261 -2.5609 -0.2041 -0.0981 -1.3604 
15.4256 9.2267 -6.0389 -2.7004 2.4836 -1.4016 -2.2092 0.6283 -1.0704 -2.4303 -0.1733 -0.1686 -1.3384 
14.7695 8.2546 -7.2088 -4.0137 1.5415 -1.7164 -2.4090 0.1702 -1.4051 -2.4778 -0.5253 -1.1474 -2.4221 
15.4353 9.2954 -6.0318 -3.0090 2.0553 -1.4617 -1.8736 1.0968 -0.3515 -1.4197 0.5100 -0.2348 -1.6726 
15.1297 9.2636 -5.7239 -2.9816 2.0771 -1.0901 -1.5496 1.1815 -0.3957 -1.7703 0.0346 -0.2347 -1.2300 
15.5159 9.8108 -5.2431 -2.4997 2.7613 -0.4205 -1.2254 1.3899 -0.0858 -1.5896 0.1403 0.0528 -1.0875 
15.2179 9.4878 -5.4613 -2.7308 2.6665 -0.2324 -1.0575 1.3450 0.0623 -1.0957 0.5349 0.3984 -0.3347 
15.7995 10.4795 -4.3714 -2.1658 2.3361 -0.9897 -1.5071 1.1336 -0.5772 -2.1281 -0.3082 -0.4560 -1.6131 
15.3756 9.2925 -5.8553 -2.7863 1.9955 -1.8004 -1.9299 1.5250 -0.1670 -1.9488 -0.1706 -0.6967 -2.3075 
15.5470 9.3123 -5.9537 -2.4648 2.5699 -1.6667 -2.3350 1.1195 -0.2838 -2.0357 -0.4259 -0.7741 -1.7787 
15.3766 9.9426 -4.3745 -1.5883 2.4754 -1.5145 -1.8183 1.0559 -0.8602 -2.1301 0.2838 0.2014 -1.0865 
15.5435 9.6907 -5.3162 -2.2820 2.6622 -1.0359 -1.6618 1.2453 -0.3408 -1.7746 0.1545 -0.0987 -1.3600 
14.8861 9.1847 -5.2634 -2.3523 2.2245 -1.3839 -1.6373 1.3844 -0.3716 -1.7769 0.5515 0.4475 -1.3536 
15.1681 9.4439 -5.0578 -2.0099 2.3344 -1.7190 -1.9414 1.3679 -0.3961 -1.9374 0.2620 -0.1642 -2.1347 
14.6366 8.9567 -5.5678 -3.1217 1.2663 -2.2171 -2.5347 0.5777 -0.5966 -1.7177 0.1532 -0.3489 -1.9901 
14.3564 8.6937 -5.2580 -2.2867 1.8078 -1.9755 -1.8760 1.2609 -0.6463 -2.0062 0.2209 -0.2058 -1.8832 
15.4017 9.9943 -4.4154 -1.7525 2.4056 -1.5639 -2.0618 0.8930 -0.7087 -2.0035 0.1556 -0.0451 -1.4509 
13.9529 8.5726 -4.9354 -2.2011 1.8941 -1.3305 -0.9481 1.8639 -0.7156 -2.6476 -0.2461 0.0649 -1.2295 
14.7374 9.5245 -4.4024 -1.9625 2.2354 -1.0524 -1.2412 1.2775 -0.8244 -2.1883 0.2780 0.3042 -1.3042 
14.8256 9.4966 -4.5834 -2.0251 2.2878 -1.0558 -1.2326 1.4473 -0.5297 -1.9249 0.3041 -0.0193 -1.7370 
14.8165 9.7168 -4.1646 -1.9339 2.0855 -1.0093 -1.0138 1.3026 -0.9498 -2.2084 0.1336 -0.1267 -1.7402 
14.4239 9.3145 -4.2188 -1.6772 2.4092 -0.8953 -1.1287 1.2343 -0.7806 -1.9505 0.2337 -0.1686 -1.6929 
14.0315 8.5946 -4.9370 -1.9389 2.3973 -1.0418 -1.2665 1.1869 -0.9962 -2.2830 0.0874 -0.1698 -1.7214 
14.2603 9.0620 -4.4439 -1.8759 1.9964 -1.5601 -1.5619 1.3871 -0.4210 -1.9462 -0.0777 -0.4170 -1.8425 
14.4988 9.2732 -4.3820 -1.7427 2.1219 -1.8716 -2.3486 0.6550 -0.7015 -1.7230 0.6367 0.5779 -0.9516 
14.6957 9.2844 -4.9323 -2.5929 1.5713 -1.8026 -1.8593 1.1585 -0.5161 -1.9904 0.0879 0.0622 -1.2825 
14.5335 9.1079 -4.7838 -1.8855 2.5184 -1.0809 -1.2850 1.7266 -0.2906 -2.2048 -0.2209 -0.5099 -2.4323 
14.1414 8.8425 -4.6622 -1.9449 2.0710 -1.4178 -1.5021 1.1209 -0.9524 -2.3245 -0.0850 -0.1027 -1.2121 
14.3320 9.1261 -4.3838 -1.7703 2.0573 -1.5865 -1.7242 0.9496 -0.8830 -1.8570 0.4771 -0.1090 -1.9672 
13.7535 8.6386 -4.5748 -2.0302 2.1346 -1.0278 -1.2862 1.2380 -0.4415 -1.6953 0.1742 -0.1639 -1.4853 
13.9024 8.6763 -4.5923 -1.9969 1.6756 -1.7973 -1.4312 1.5054 -0.5104 -1.6198 0.8754 0.4215 -1.4505 
14.4562 9.1171 -4.4957 -1.4720 2.7796 -0.9133 -1.2120 1.4175 -0.7661 -2.2952 0.0112 -0.1155 -1.6182 
13.4063 7.8981 -5.2962 -2.2375 1.7595 -1.9960 -2.0047 1.0480 -0.7521 -2.0158 0.2519 -0.2349 -2.0568 
14.1893 8.8155 -4.7543 -2.0091 1.7376 -2.1008 -1.7957 1.5951 -0.5460 -2.4859 -0.2105 -0.2069 -2.1123 
15.4249 9.6777 -4.6904 -1.2778 2.8185 -1.5408 -1.4547 1.7300 -0.8255 -2.4133 0.5107 0.4131 -1.5350 
15.0724 9.6123 -4.5973 -1.7773 2.5299 -1.0131 -1.0066 1.9639 -0.0028 -1.5734 0.3202 -0.2576 -1.8773 
15.3445 9.4467 -5.0566 -1.3449 3.3758 -0.9433 -1.5205 1.5923 -0.1438 -1.5915 0.4435 0.1136 -1.2396 
15.7542 9.8393 -4.8674 -1.4100 2.6023 -1.9331 -1.4888 2.3266 -0.1263 -2.1920 0.3014 0.2756 -1.4367 
14.4464 8.9624 -4.7723 -1.6128 2.7329 -1.0638 -1.5033 0.9368 -1.4028 -2.6166 0.4356 0.6218 -1.4467 
13.7458 8.6033 -4.3676 -1.3794 2.7138 -0.8452 -1.0943 1.5548 -0.3216 -1.5853 0.6701 0.4943 -1.0442 
14.5331 9.2189 -4.5575 -1.7268 2.6375 -0.9746 -1.5203 1.0541 -0.8266 -2.2637 -0.1630 -0.4496 -2.1331 
14.4415 8.9136 -4.5456 -1.0110 2.7531 -1.9733 -2.0650 1.5898 -0.3028 -2.0209 0.4419 0.4857 -1.1576 
14.4667 8.1780 -6.0654 -1.7026 3.2502 -1.5672 -2.4868 0.7424 -1.1350 -2.7281 -0.0585 0.1628 -1.5829 
15.4481 9.5635 -5.0544 -1.5326 3.0201 -1.2394 -1.4221 1.8650 -0.4752 -2.3969 0.3182 0.6503 -1.2312 
15.2566 9.2147 -5.5457 -2.0407 2.7040 -1.2900 -1.3139 2.0545 -0.0915 -1.7503 0.9033 0.7668 -1.4108 
14.3955 8.8448 -4.8761 -1.7577 2.2643 -1.5878 -1.4848 1.3621 -1.0360 -2.3121 0.6487 0.6103 -1.3670 
15.0716 9.2260 -5.1567 -1.7058 2.5794 -2.0226 -2.2937 1.4926 -0.4085 -2.7226 -0.5837 -0.0821 -1.4051 
14.9719 9.2924 -4.7682 -1.2857 3.0391 -1.1649 -1.4615 1.4644 -0.7773 -2.4186 -0.1553 -0.3615 -1.8561 
15.1288 9.3883 -5.0458 -1.8425 2.6312 -1.3486 -1.5436 1.6159 -0.5022 -2.2763 0.1063 0.0437 -1.8515 
14.7783 9.6531 -4.1930 -1.8288 2.1758 -1.3301 -1.6925 0.8793 -0.9405 -2.2070 0.0771 0.1492 -1.1958 
14.8506 9.2336 -4.6785 -1.2101 3.1078 -0.8791 -0.8775 2.1243 -0.2482 -1.9437 0.3284 -0.0849 -1.8433 
14.8294 9.1126 -5.0116 -1.7853 2.3478 -1.6121 -1.3395 1.8970 -0.4837 -2.2368 0.0473 -0.4867 -2.3830 
14.5272 8.9643 -4.8614 -1.6707 2.5931 -1.1741 -1.1910 1.6616 -0.6387 -2.0887 0.5336 0.4337 -1.3372 
14.5375 8.7450 -5.3536 -1.9462 2.7360 -0.9875 -1.2660 1.4480 -0.8180 -2.2705 0.2014 -0.2071 -2.2066 
14.4178 8.7617 -4.9298 -1.4734 2.6562 -1.3534 -1.1577 1.9852 -0.3386 -1.9113 0.4660 0.0033 -1.7671 
14.0913 8.5304 -5.0529 -2.0299 1.8859 -1.7113 -1.1906 1.7908 -0.7156 -2.2143 0.2898 -0.0685 -1.7085 
13.9929 8.8015 -4.4491 -1.7037 2.2481 -1.1634 -1.1547 1.4412 -0.5176 -1.4866 0.9879 0.6499 -0.9957 
14.9713 9.7803 -4.2265 -1.6471 2.8614 -0.2471 -0.5317 1.7846 -0.5118 -2.1215 0.2008 0.4143 -0.9756 
14.8654 9.4889 -4.4495 -1.5871 2.5673 -1.0851 -1.0359 2.0624 0.1971 -1.3234 0.6047 0.0278 -1.6417 
14.8460 9.2430 -4.8331 -1.5513 2.9829 -0.8038 -0.8392 2.4400 0.3751 -1.5616 0.5517 0.3315 -1.5830 
14.0940 8.6261 -4.6244 -1.1264 2.8853 -1.3278 -1.4974 1.5792 -0.2823 -1.3698 1.2292 0.8236 -1.1447 
14.9687 9.5281 -4.4452 -1.5291 2.3166 -1.6651 -1.3502 2.0883 0.0156 -1.7498 0.3307 -0.1085 -1.7919 
14.7467 8.9231 -5.0936 -1.3516 3.1663 -1.0617 -1.4057 1.6337 -0.2569 -1.4909 0.6860 -0.1610 -1.9729 
14.9072 9.1600 -5.0264 -1.7566 2.3121 -2.0103 -2.0752 1.3348 -0.5224 -2.0680 -0.0156 -0.5895 -2.0701 
14.9021 9.0762 -5.1853 -1.7941 2.5714 -1.4751 -1.5831 1.4596 -0.6096 -1.9933 0.2611 -0.1938 -1.6140 
14.2174 8.1691 -5.9473 -2.3648 2.2235 -1.6283 -1.6652 1.1778 -1.3507 -2.9617 -0.3639 -0.5653 -2.4154 
13.5203 7.7927 -5.6282 -2.1482 2.4267 -1.3032 -1.7507 0.8559 -1.2694 -2.8433 -0.7732 -1.1160 -2.5730 
15.1686 9.0760 -5.7129 -2.2942 2.3494 -1.5886 -1.5751 1.5822 -0.6698 -2.1920 0.3145 -0.1451 -2.1510 
14.7904 9.1829 -4.8348 -1.6333 2.5955 -1.3781 -1.4569 1.6067 -0.5299 -2.1232 0.1426 -0.2360 -1.9771 
14.8858 9.2027 -5.0222 -1.9410 2.2975 -1.5042 -1.2571 2.1878 0.3065 -1.4199 0.4098 -0.1206 -1.6184 
14.7477 9.1722 -4.9768 -2.0642 2.3670 -0.9717 -0.7328 2.2587 0.0976 -1.4733 0.6849 0.1690 -1.5971 
14.7226 9.1465 -4.8272 -1.5844 2.8710 -0.9790 -1.3301 1.5187 -0.4836 -2.0896 -0.0687 -0.3668 -1.8883 
15.2311 9.2850 -5.4024 -1.8814 3.0874 -0.8984 -1.4648 1.4975 -0.5726 -2.2799 0.1051 0.0568 -1.6553 
15.0819 9.3244 -5.1031 -1.7361 3.0196 -1.0811 -1.7392 1.4268 -0.2714 -2.0362 0.0654 0.0817 -1.5578 
14.3979 8.7192 -5.2488 -2.0542 2.4574 -1.2079 -1.4260 1.3841 -0.7253 -2.2245 0.1649 0.0116 -1.8631 
14.5604 8.8975 -4.9826 -1.5772 2.7052 -1.5037 -1.7208 1.6991 -0.0475 -1.8383 0.0324 -0.3003 -1.8174 
14.8445 9.0861 -5.2457 -2.2244 1.9280 -2.1168 -2.1921 1.0014 -0.8409 -1.8996 0.8224 0.3041 -1.8435 
14.0818 8.1319 -5.9285 -2.5717 2.0724 -1.4231 -1.2207 2.0293 0.2398 -1.1048 0.9118 0.0819 -1.8607 
14.7915 8.9558 -5.4180 -2.2605 2.2162 -1.4304 -1.2665 1.8011 -0.5393 -2.2194 0.3679 0.5421 -0.9888 
14.5016 8.6186 -5.3809 -1.7201 2.6764 -1.6340 -1.8021 1.5332 -0.6874 -2.7568 -0.6141 -0.5745 -1.9634 
13.7545 8.3496 -5.0472 -2.2977 1.6813 -1.6659 -1.3439 1.6070 -0.5343 -2.2265 -0.1676 -0.0550 -0.9917 
14.1594 8.8062 -4.7551 -1.7853 2.6533 -0.9177 -1.4753 1.1568 -0.5862 -2.1825 -0.5385 -0.8158 -1.8177 
13.9163 8.6140 -4.5839 -1.5245 2.4597 -1.2780 -1.1782 1.9181 -0.1782 -2.0156 -0.2119 -0.8133 -2.4114 
14.0928 8.2186 -5.9434 -2.8132 1.8974 -1.7653 -2.2466 0.7068 -0.7935 -1.8978 0.4073 -0.0867 -2.1630 
14.9633 9.0482 -5.5887 -2.4210 2.2610 -1.5660 -1.8212 1.4110 -0.3737 -2.0786 -0.0805 -0.3257 -1.8597 
14.9017 8.9822 -5.4788 -2.0883 2.5481 -1.3652 -1.4490 1.8354 -0.1956 -1.9598 0.1868 -0.2262 -2.2003 
15.2195 9.4756 -4.8380 -1.5563 2.5271 -1.5426 -1.1057 2.3637 -0.0262 -1.9742 0.1208 -0.2773 -1.7489 
14.6130 8.7030 -5.3430 -1.5086 3.2310 -0.7577 -0.9827 1.7920 -0.7834 -2.3722 0.3313 0.0123 -2.1594 
16.9806 8.9656 -7.9907 -1.8759 4.2474 -1.7190 -2.4012 1.9050 0.1428 -1.1451 1.2658 -0.0052 -1.7060 
15.3653 9.4131 -5.3387 -1.7879 3.3220 -0.4132 -0.8962 1.9705 0.0826 -1.5166 0.2479 -0.2882 -1.5805 
14.2224 8.6790 -5.0703 -2.0541 2.2622 -1.1931 -1.0500 1.9271 -0.1583 -1.7844 0.2397 -0.0378 -1.2785 
14.4511 8.9107 -5.0130 -2.1016 2.0597 -1.7412 -1.7304 1.5773 -0.2760 -1.8853 0.5225 0.4914 -1.4858 
13.7909 8.4678 -4.9537 -2.3040 1.7841 -1.5291 -1.3375 1.7596 -0.2093 -2.1301 -0.3357 -0.5777 -2.2372 
14.4125 9.2292 -4.3261 -1.6588 2.4080 -1.1245 -1.3883 1.3093 -0.3524 -1.4660 0.4500 -0.4465 -2.4401 
15.2384 9.8990 -4.2668 -1.5124 2.6598 -1.0528 -1.1947 1.6219 -0.6000 -2.2127 0.2491 0.4107 -0.9952 
14.7583 9.2736 -4.7700 -1.8663 2.5115 -1.0072 -1.1499 1.5995 -0.4612 -1.9837 0.0344 -0.3561 -1.7295 
14.6785 9.1340 -4.7882 -1.5705 2.9606 -0.5798 -0.6838 2.0259 -0.2505 -1.8434 0.3479 0.0055 -1.7297 
13.9299 8.2944 -5.3451 -2.2384 2.0760 -1.1608 -0.4697 2.7628 0.3190 -1.6184 0.4493 -0.1863 -2.3667 
14.4437 8.7781 -5.1022 -1.7905 2.5873 -1.3022 -1.4751 1.4815 -0.6320 -2.1494 0.1530 -0.2584 -1.9885 
15.2275 9.4776 -5.0567 -1.9586 2.4769 -1.3315 -1.2732 1.9139 -0.3611 -2.2781 0.0081 0.0726 -1.4039 
14.1842 8.3683 -5.4707 -1.9158 2.6235 -1.4070 -1.7533 1.3460 -0.4018 -1.6487 0.7214 0.1466 -2.1089 
14.3107 8.7045 -5.0975 -1.8956 2.4633 -1.4218 -1.8431 0.8980 -1.0607 -2.3122 0.1172 -0.1698 -1.7291 
14.0928 8.6602 -4.8490 -1.8258 2.3946 -1.0657 -0.9922 1.7444 -0.4809 -1.9696 0.1699 -0.3764 -2.0708 
14.6424 8.8844 -5.1822 -1.8571 2.5025 -1.3121 -1.2597 1.6638 -0.6759 -2.2018 0.2202 -0.0564 -1.6585 
14.5465 8.8206 -4.8828 -1.1089 3.0007 -1.6471 -1.7319 1.8879 -0.3174 -2.4722 -0.2489 -0.2510 -1.8072 
14.9462 9.3143 -4.8468 -1.7345 2.4706 -1.3699 -1.3053 1.5905 -0.7728 -2.1680 0.4153 -0.0613 -2.0481 
15.0498 9.6213 -4.5969 -1.9452 2.2794 -1.0358 -0.8332 1.8546 -0.6387 -2.3945 -0.1931 -0.2799 -1.6304 
14.2738 8.8327 -5.0241 -2.4261 1.6701 -1.8468 -1.9754 0.8816 -0.8327 -2.0339 0.1085 -0.2931 -1.7862 
15.2432 9.7242 -4.7039 -1.8507 2.6752 -1.0054 -1.5263 1.1617 -0.5962 -1.7338 0.6042 0.2296 -1.5093 
14.6653 8.9137 -5.2097 -1.8163 2.7607 -1.2491 -1.6406 1.4737 -0.2846 -1.5934 0.8601 0.4627 -1.7016 
14.9322 9.1701 -5.3781 -2.5410 1.8420 -1.9039 -2.0104 1.1612 -0.6463 -1.9733 0.6068 0.4476 -1.6774 
14.9007 8.9125 -5.4057 -1.6552 2.8026 -1.8604 -2.5200 0.6278 -1.1598 -2.2726 0.5368 0.2640 -1.9272 
14.6670 8.9519 -5.1554 -1.8968 2.5280 -1.3982 -1.6012 1.5054 -0.4949 -2.1943 0.0788 0.1977 -1.2535 
14.4762 8.5344 -5.5966 -1.9558 2.6593 -1.5956 -2.1409 0.9310 -0.9366 -2.3846 0.0769 0.0408 -1.4989 
14.7563 8.8014 -5.6636 -2.4119 2.0701 -1.8260 -1.8711 1.3209 -0.6827 -2.2053 0.1877 0.1700 -1.1865 
14.6682 8.9464 -5.3395 -2.2881 2.3278 -1.3575 -1.8370 0.8886 -0.9609 -2.2095 0.2295 0.1707 -1.3846 
14.9447 8.7930 -6.1735 -3.0094 1.8815 -1.7899 -2.0686 0.9890 -0.8350 -2.3209 -0.2372 -0.6943 -2.3594 
15.4166 9.7651 -4.7793 -1.8500 2.2972 -1.7244 -1.7424 1.5162 -0.5132 -2.3341 -0.3572 -0.4324 -1.4442 
14.7067 8.6434 -5.8176 -2.2009 2.6215 -1.4579 -1.9303 1.1404 -0.7898 -2.3581 -0.0318 -0.1039 -1.6310 
14.4490 8.5238 -5.5867 -2.0065 2.6722 -1.1557 -1.3520 1.4088 -0.9797 -2.4282 0.2546 0.1301 -1.5937 
14.6840 9.1227 -4.7799 -1.4786 2.9107 -1.1688 -1.6618 1.3344 -0.4629 -2.0222 -0.0250 -0.4288 -2.0828 
14.6025 8.8655 -5.0820 -1.5308 2.9786 -1.1253 -1.6581 0.9829 -1.1681 -2.3412 0.3276 0.1056 -1.4441 
15.5471 9.5992 -5.4310 -2.2998 2.6026 -0.9417 -1.1377 1.7589 -0.1836 -1.5096 0.6744 0.0962 -1.6688 
15.1820 9.3914 -4.9187 -1.4108 2.8602 -1.6428 -1.8907 1.5536 -0.4523 -2.1922 0.3184 0.4487 -1.2048 
14.0315 8.1333 -5.8682 -2.5528 2.0716 -1.5170 -1.5464 1.5916 -0.1786 -1.6310 0.3345 -0.1863 -1.7619 
14.0400 8.4797 -4.9321 -1.3986 3.0234 -0.8123 -0.8963 2.2338 0.2357 -1.5430 0.3704 -0.0352 -1.7576 
15.0021 9.2795 -4.9930 -1.8353 2.2359 -1.9605 -1.8326 1.6543 -0.5675 -2.6650 -0.5328 -0.4897 -1.8692 
14.5277 8.7848 -5.2412 -2.0933 1.8678 -2.3710 -2.3659 1.0539 -0.8028 -2.4032 -0.2580 -0.4890 -1.9199 
14.3008 8.5110 -5.4316 -2.0771 2.3733 -1.4683 -1.7535 0.9023 -1.2674 -2.3827 0.3134 0.0792 -1.4881 
14.4245 8.4954 -5.7182 -2.3988 2.0251 -1.9654 -2.1410 0.8711 -1.3420 -2.8904 -0.2715 -0.2829 -2.0154 
14.8902 9.5512 -4.2802 -1.4278 2.3794 -1.5615 -1.4152 1.6328 -0.7001 -2.3923 -0.0313 -0.1427 -1.4984 
14.7124 9.6702 -4.3269 -2.5329 1.4283 -1.3047 -1.0063 1.6557 -0.2246 -1.5487 0.4681 0.1848 -1.2703 
13.8288 8.4051 -5.0987 -2.5449 1.2025 -2.0887 -1.5282 1.3185 -0.9570 -2.1454 0.3225 -0.2526 -2.0547 
14.6212 9.1568 -4.8897 -2.1394 2.2221 -1.2307 -1.3569 1.4266 -0.7159 -2.2872 0.1626 0.2010 -1.4576 
14.8625 8.8898 -5.7330 -2.5235 2.0431 -1.9969 -2.1172 1.5645 -0.1804 -2.3054 -0.3176 -0.1213 -1.7291 
14.6727 9.0080 -5.2210 -2.3129 1.9845 -1.9023 -2.3165 0.6159 -1.0417 -2.2551 0.0444 -0.0239 -1.1971 
14.6696 9.0209 -4.8699 -1.5478 2.5443 -1.5301 -1.4202 1.8438 -0.1518 -1.5761 0.6546 0.1206 -1.5579 
13.7876 7.8854 -5.9786 -2.6521 1.9030 -1.7876 -1.9713 0.9104 -1.2221 -2.8138 -0.4281 -0.4292 -2.1040 
15.1505 9.3374 -5.2090 -1.9352 2.6796 -1.4278 -1.8805 1.3736 -0.4258 -2.1760 0.0545 0.1177 -1.5059 
14.4431 8.7996 -4.9153 -1.5544 2.4063 -1.7258 -1.4378 1.8892 -0.4631 -2.1136 0.5248 0.3940 -1.4496 
14.0010 8.4591 -4.9262 -1.5634 2.6849 -0.7864 -0.3726 2.3877 -0.3535 -1.9493 0.7466 0.6582 -1.0490 
15.5100 9.7271 -4.8607 -1.4325 3.1669 -0.9897 -1.3043 1.8578 -0.3169 -2.2096 0.0605 0.1250 -1.2198 
15.7192 9.9658 -4.6709 -1.1960 3.3947 -0.9694 -1.7083 1.0049 -1.1460 -2.3267 0.6837 0.7437 -1.2068 
14.9770 9.1383 -5.4129 -2.2606 2.4100 -1.3200 -1.4060 1.9505 0.1853 -1.4057 1.0217 1.2180 -0.4053 
15.4230 9.6294 -5.0574 -1.7293 3.1661 -0.7853 -1.5967 1.1356 -0.5962 -1.9453 0.1920 0.0087 -1.3186 
21.2460 12.4514 -9.2176 -4.8950 3.2573 -0.4726 -1.2328 1.5793 -1.4961 -2.8755 1.0621 1.2826 -1.0090 
16.7293 10.0536 -6.3178 -2.5582 3.1716 -0.4346 -0.7103 1.7623 -1.1564 -2.6248 0.3558 0.2309 -1.4743 
16.2641 10.1461 -5.1166 -1.5351 3.0541 -1.1207 -1.0737 1.7498 -1.0982 -2.5100 0.4145 0.0237 -1.8469 
15.2702 9.3140 -5.3756 -2.0485 2.4412 -1.5269 -1.4310 1.7724 -0.6338 -2.5114 -0.3161 -0.7927 -2.4965 
15.3446 8.8490 -6.7623 -3.3533 2.2620 -1.0045 -1.4573 1.0225 -1.1542 -2.4175 -0.1484 -0.7980 -2.4159 
13.8162 7.6395 -6.7784 -3.7019 1.0165 -2.4246 -2.2097 1.3897 -0.3169 -2.2964 -0.4926 -0.5899 -2.0325 
14.6002 9.2399 -4.4971 -1.5661 2.5875 -1.0809 -1.1822 1.6242 -0.5342 -2.2397 -0.2101 -0.3862 -1.8896 
14.5938 8.7218 -5.5815 -2.3298 2.2157 -1.6871 -1.9613 1.1569 -0.6640 -2.1139 0.2384 0.2160 -1.2424 
14.2571 8.3416 -5.6843 -2.2822 2.0603 -1.8360 -1.5500 1.9761 -0.0829 -1.9974 0.0678 -0.0295 -1.4047 
14.4267 8.6670 -5.2757 -1.8916 2.4803 -1.4114 -1.3477 1.7503 -0.6925 -2.5177 0.1562 0.4137 -1.3384 
13.9219 8.1049 -5.8011 -2.5702 2.1368 -1.2225 -1.2778 1.5571 -0.5231 -2.0889 0.0266 -0.3169 -1.8965 
13.7061 8.2961 -5.1372 -2.3040 2.0697 -1.0473 -0.9032 1.8900 -0.3904 -2.3112 -0.0961 0.3412 -0.8393 
14.0009 8.4582 -5.2963 -2.5325 1.6231 -1.9089 -1.9663 1.0415 -0.5632 -1.8468 -0.0086 -0.6023 -1.9023 
13.7137 7.9516 -5.7583 -2.5439 1.9812 -1.5816 -1.7032 1.2827 -0.6232 -2.1245 0.0726 -0.2244 -1.8952 
15.0780 9.1776 -5.3833 -2.0138 2.6603 -1.3380 -1.6276 1.4896 -0.7081 -2.6295 -0.3134 -0.1853 -1.7231 
14.8248 9.0154 -5.2867 -2.0697 2.2344 -1.7140 -1.4913 1.9752 -0.3636 -2.6358 -0.4932 -0.2218 -1.4574 
14.5929 8.8081 -5.5865 -2.8636 1.4420 -1.7789 -1.3089 1.5622 -0.9376 -2.5908 -0.2654 -0.4479 -1.8069 
14.7754 8.9703 -5.4047 -2.2049 2.5107 -1.1087 -1.3142 1.5238 -0.8197 -2.7142 -0.3736 -0.0904 -1.4181 
14.7401 9.0424 -4.9346 -1.4465 2.8929 -1.3772 -1.7743 1.3057 -0.6012 -2.0255 0.2891 -0.1045 -1.9864 
15.9333 9.3952 -6.1804 -2.1418 3.2604 -0.9477 -1.4984 1.6312 -0.2135 -1.4601 0.8820 0.4187 -1.0278 
14.5236 8.7862 -5.1983 -1.8858 2.3456 -1.7570 -1.8227 1.4935 -0.4712 -2.1547 0.1118 -0.0059 -1.7435 
14.8681 8.8786 -5.5983 -2.2047 2.2160 -1.9200 -1.9997 1.2280 -1.0289 -2.9058 -0.7056 -0.9188 -2.4439 
14.6318 8.6591 -5.5526 -1.7590 3.0838 -1.0597 -1.5644 1.4593 -0.6184 -2.2834 0.0298 -0.2574 -2.0491 
14.4925 8.6314 -5.6388 -2.5141 1.8766 -1.9628 -1.9755 1.2719 -0.7558 -2.4995 -0.1972 -0.0816 -1.3972 
14.2371 8.3537 -5.5136 -1.8143 2.8217 -1.1054 -1.4390 1.1917 -1.0818 -2.1654 0.6311 0.1545 -1.8534 
14.1071 8.8623 -4.5631 -1.9486 1.9086 -1.4158 -1.0382 1.8978 -0.0808 -1.3359 0.8531 0.4581 -0.8410 
14.5021 9.0341 -4.7789 -1.7487 2.5748 -1.0852 -1.2173 1.7389 -0.2023 -1.7423 0.3444 -0.0374 -1.6755 
14.0397 8.2612 -5.7137 -2.6269 1.9495 -1.4433 -1.4518 1.4679 -0.4832 -1.8823 0.3933 0.2400 -1.0499 
14.2237 8.4544 -5.5087 -2.3234 2.0296 -1.7522 -1.7624 1.3489 -0.7116 -2.3165 -0.1553 -0.7409 -2.6765 
14.9916 9.4344 -4.5698 -1.3803 2.6353 -1.4117 -1.2448 1.8529 -0.6061 -2.3473 0.0742 -0.0807 -1.5779 
14.1522 8.2718 -5.4948 -1.7876 2.6501 -1.3928 -1.4831 1.4792 -0.8067 -2.2354 0.3256 0.0825 -1.4865 
14.4879 8.6790 -5.4048 -2.0371 2.3196 -1.9986 -2.4366 0.9326 -0.7478 -2.3168 0.1350 0.2578 -1.4855 
14.7664 9.2750 -4.6662 -1.5572 2.7917 -0.9787 -1.1874 1.6402 -0.5646 -2.2228 0.0964 0.0538 -1.5508 
14.6802 9.4090 -4.2778 -1.5054 2.3554 -1.3401 -1.1104 1.9122 -0.3048 -1.8623 0.5468 0.4131 -1.3006 
14.9103 9.2811 -4.8369 -1.6275 2.6002 -1.5963 -1.9629 1.1878 -0.5361 -1.9796 0.0986 -0.2550 -1.7456 
14.8301 9.4971 -4.4214 -1.7250 2.2506 -1.3901 -1.2773 1.6364 -0.5514 -1.9652 0.6057 0.4273 -1.5358 
14.8248 9.2544 -4.9851 -2.0453 2.4925 -1.2492 -1.7313 1.2414 -0.4600 -2.1037 -0.1472 -0.2586 -1.6867 
14.8686 9.4031 -4.5914 -1.5097 2.9218 -0.8248 -1.3513 1.0380 -1.1344 -2.3173 0.2559 0.0780 -1.5790 
13.8605 8.2712 -5.4416 -2.7167 1.3852 -1.7255 -1.0255 2.0065 -0.4949 -2.3444 -0.0901 -0.1289 -1.5186 
14.8576 8.8871 -5.6503 -2.3256 2.3075 -1.5401 -1.5427 1.7650 -0.3007 -2.0095 0.4267 0.4025 -1.3497 
14.2375 8.5527 -5.2561 -1.9650 2.4866 -1.1389 -1.1616 1.5597 -0.9809 -2.7371 -0.3278 -0.4128 -1.9362 
14.4204 8.4292 -5.9428 -2.7266 1.8456 -1.8119 -1.6847 1.5823 -0.4333 -2.0514 0.2678 0.1298 -1.4667 
14.3002 8.6469 -5.2138 -2.0611 2.1982 -1.7036 -1.9185 0.9876 -1.1033 -2.5035 0.0041 -0.3185 -2.2637 
14.5099 8.6106 -5.3873 -1.6660 2.6871 -1.8652 -2.1851 1.2966 -0.7044 -2.5580 -0.1263 -0.1344 -2.0592 
14.2838 8.5585 -5.2937 -1.9978 2.2150 -1.8853 -2.0638 1.0981 -0.9027 -2.5017 -0.0895 -0.0344 -1.5796 
14.6527 8.7310 -5.6098 -2.3595 1.9804 -2.0345 -1.9758 1.6015 -0.0511 -1.8068 -0.2226 -0.8489 -2.1560 
14.1748 8.4198 -5.6361 -2.7199 1.5531 -2.0142 -1.7120 1.7242 -0.1607 -1.8028 0.5644 0.5371 -1.2943 
14.3068 8.6983 -5.1623 -2.2768 1.7069 -1.7798 -1.0432 2.2713 -0.2603 -2.1946 0.2214 0.2016 -1.4622 
14.8461 8.9045 -5.2119 -1.2236 3.3454 -1.3560 -2.1149 0.8606 -1.2512 -2.7659 -0.1363 -0.0765 -1.6081 
16.8664 9.4509 -7.5952 -2.9961 3.1483 -1.4173 -1.8310 2.0113 -0.2223 -2.3107 0.3304 0.4298 -1.2797 
14.8228 9.4808 -4.5788 -2.1945 1.6445 -1.7811 -1.4900 1.4176 -0.5597 -1.7119 0.5477 -0.0649 -1.6707 
13.8499 8.1397 -5.6749 -2.8693 1.1612 -2.3694 -2.1443 0.7561 -1.3963 -2.8382 -0.7988 -1.4386 -2.7954 
15.2123 9.4434 -5.1261 -2.0217 2.5445 -1.1360 -1.2025 1.7174 -0.5662 -2.3045 -0.1416 -0.4213 -1.9206 
14.9847 8.9360 -5.7142 -2.3505 2.1966 -1.6923 -1.4399 1.9428 -0.5535 -2.7214 -0.4640 -0.5997 -2.4341 
14.3747 8.7021 -5.1675 -1.9025 2.3835 -1.5836 -1.6559 1.4784 -0.9006 -3.0151 -0.5931 -0.0414 -1.3719 
15.0469 9.7955 -4.3158 -1.7557 2.5227 -1.0692 -1.4757 1.3922 -0.3924 -2.2107 -0.4649 -0.6156 -2.1207 
15.2768 9.7130 -4.7230 -2.0033 1.8838 -2.1887 -1.9894 1.5791 -0.4319 -2.2907 0.1946 0.5911 -0.8988 
14.6591 8.4917 -6.0864 -2.5080 2.3165 -1.5989 -1.7034 1.5551 -0.5463 -2.1838 0.3918 0.3412 -1.7022 
14.3432 8.4738 -5.7626 -2.7969 1.3837 -2.3648 -2.0364 1.2843 -1.0889 -3.0982 -0.7047 -0.4664 -1.8291 
13.9094 8.1299 -5.7674 -2.6771 1.7918 -1.8337 -2.0449 0.8932 -0.9710 -2.4559 -0.3424 -0.6249 -2.1391 
14.9977 9.2082 -5.4281 -2.4548 2.3031 -1.3154 -1.5937 1.6310 -0.0938 -1.8877 0.2197 0.3685 -1.1991 
14.9169 9.2730 -5.2973 -2.6369 2.1755 -0.8615 -1.0946 1.3743 -0.7845 -2.3995 -0.4651 -0.8391 -2.2412 
13.8542 8.3033 -5.1512 -2.0434 2.0795 -1.4241 -1.0788 1.8217 -0.7093 -2.5544 -0.3422 -0.4672 -1.7953 
13.8365 8.3295 -5.3488 -2.6931 1.5719 -1.3859 -0.9549 1.8737 -0.2161 -1.5389 0.6375 0.0682 -1.6470 
14.2170 8.5476 -5.2677 -2.1080 2.0558 -1.8982 -1.8166 1.7074 0.0006 -1.5913 0.6394 0.4821 -1.2295 
15.1837 9.7521 -4.6061 -1.8269 2.7984 -0.6915 -1.1673 1.4831 -0.5870 -2.3614 -0.1982 -0.0324 -1.5371 
15.3952 9.7392 -4.7405 -1.5723 2.8703 -1.1353 -1.2857 2.1441 0.3964 -1.4762 0.3752 0.3444 -0.8855 
15.2899 9.6029 -4.6942 -1.3241 2.9087 -1.4507 -1.7301 1.4016 -0.7534 -2.4049 -0.1693 -0.6248 -2.2010 
15.2818 9.2856 -5.3834 -1.7645 2.9188 -1.5189 -1.9856 1.4790 -0.4103 -2.3195 -0.1430 -0.3810 -2.3370 
14.5614 8.8576 -5.4088 -2.4975 2.0414 -1.5433 -1.9110 0.8809 -0.9146 -2.2736 -0.1530 -0.4346 -1.8893 
14.3118 8.6551 -5.2123 -1.9713 2.5744 -0.9939 -1.1309 1.6669 -0.4686 -2.0139 0.2378 0.1252 -1.2694 
14.2545 8.7073 -5.0653 -2.1400 1.8795 -1.9116 -1.7468 1.5476 -0.4262 -2.1310 0.1584 0.3111 -1.1083 
14.5895 8.8408 -5.2736 -1.9884 2.5865 -1.1252 -1.3311 1.5252 -0.4911 -1.8053 0.5992 0.2679 -1.5408 
14.5793 8.6736 -5.5754 -2.1521 2.4430 -1.5327 -1.7477 1.5555 -0.2740 -2.1515 -0.4623 -0.9603 -2.5430 
14.7535 9.0887 -5.0040 -1.8102 2.4095 -1.6900 -1.7079 1.7750 -0.2737 -2.4223 -0.3268 -0.0116 -1.2983 
14.4844 8.8417 -5.1043 -2.0648 2.0733 -1.5442 -1.1622 1.9603 -0.2921 -1.8344 0.4712 0.1027 -1.4415 
14.7183 8.8093 -5.5204 -2.2105 2.1616 -1.8137 -1.7142 1.5619 -0.6635 -2.3009 0.2525 0.0094 -1.9805 
15.0911 9.5288 -4.7670 -1.8399 2.4079 -1.4571 -1.4851 1.7970 -0.1496 -1.8425 0.4929 0.3982 -1.6336 
14.3215 8.4437 -5.6742 -2.3738 2.0961 -1.7424 -1.6845 1.6802 -0.3236 -2.0492 0.3044 0.1846 -1.6244 
14.4899 8.8144 -5.1104 -1.8774 2.1815 -2.1981 -2.3795 1.2163 -0.5528 -2.4337 -0.2674 -0.1921 -1.6677 
14.0200 8.2471 -5.4189 -1.8637 2.5458 -1.4715 -1.5300 1.8788 0.0900 -1.5219 0.6014 0.2637 -1.3043 
14.7308 8.9786 -5.1585 -1.7452 2.8389 -1.1530 -1.6328 1.1819 -0.8662 -2.3106 0.1742 0.2543 -1.0788 
15.3108 9.4923 -5.2122 -2.1021 2.5110 -1.3077 -1.5846 1.4030 -0.4913 -1.7950 0.6066 0.2351 -1.6083 
14.4827 8.8072 -5.0227 -1.6028 2.6363 -1.5387 -1.6882 1.4694 -0.8033 -2.5436 0.3499 1.0057 -0.7061 
14.5177 8.8834 -5.0250 -1.8798 2.2792 -1.5772 -1.6229 1.1732 -1.1240 -2.5069 0.0786 0.1151 -1.0886 
15.0369 9.6867 -4.5399 -2.1139 1.9375 -1.6185 -1.8719 0.7899 -0.8429 -1.6559 0.6324 0.1528 -1.1138 
14.9725 8.7493 -6.4542 -3.4168 1.6033 -2.2131 -3.0528 -0.1437 -1.5001 -2.6803 -0.4821 -0.4086 -1.4938 
15.2851 9.1662 -6.0272 -2.8006 2.4811 -1.2425 -1.9416 1.4336 0.3026 -1.4472 0.0865 0.2060 -0.5988 
16.3995 9.8012 -6.7361 -3.5132 2.3294 -1.5634 -2.8497 0.2560 -0.8187 -2.4135 -0.7773 -0.6694 -1.4197 
17.0072 10.0573 -7.1881 -3.7228 2.4357 -1.7261 -3.1892 0.0926 -0.8949 -2.4686 -0.7259 -0.7086 -1.7863 
17.5811 10.6993 -6.8756 -3.4852 2.9877 -0.9702 -2.7700 0.0259 -1.0369 -2.4281 -0.6578 -0.7373 -1.7856 
18.1007 10.6719 -7.5764 -3.4844 3.4357 -1.0864 -3.0955 0.1178 -0.7709 -2.1996 -0.3344 -0.2125 -0.9051 
18.2031 11.0310 -7.3065 -3.8472 2.9999 -1.1081 -3.1519 -0.0153 -0.5192 -1.7537 -0.0606 -0.0073 -0.8162 
17.7312 10.4714 -7.5330 -3.6382 3.3824 -0.9627 -3.1522 0.4156 0.5430 -0.5371 0.8380 0.5946 -0.2471 
17.7668 10.3383 -7.8936 -4.0748 2.7474 -1.7273 -3.6024 0.3008 0.2745 -1.1375 0.1483 -0.0607 -0.9297 
17.9109 10.4322 -7.8680 -4.0437 2.5489 -2.0323 -3.5566 0.5899 0.4667 -0.8993 0.5202 0.2354 -0.6750 
18.2225 10.9958 -7.1377 -3.2053 3.6063 -0.8488 -2.6779 0.8821 0.1530 -1.6772 -0.2498 -0.1032 -0.8031 
18.4218 10.9682 -7.7049 -3.9122 3.2544 -0.7793 -2.5133 0.8958 0.2341 -1.1392 0.6087 0.4617 -0.7562 
17.9042 10.6363 -7.2964 -3.3655 3.1760 -1.2939 -2.9328 0.3142 -0.8219 -2.1635 -0.0092 -0.0993 -1.3869 
17.7369 10.3739 -7.5603 -3.6700 2.5703 -2.2734 -3.8634 -0.0657 -0.6111 -1.8463 -0.1059 -0.4624 -1.3603 
17.8891 10.8346 -7.0478 -3.6158 2.7098 -1.3935 -2.8115 0.4572 -0.3570 -1.4891 0.2431 -0.2210 -1.2096 
17.5510 10.6335 -6.8260 -3.1311 3.4212 -0.8407 -2.8588 0.1700 -0.5037 -1.8409 -0.2809 -0.3066 -1.0273 
17.5428 10.8831 -6.3727 -3.1084 3.0376 -0.8270 -2.1755 0.8286 -0.3882 -1.9109 -0.1019 -0.1042 -1.1651 
17.3390 10.6429 -6.6096 -3.4828 2.6147 -1.0741 -2.2935 0.6426 -0.4943 -1.6146 0.4914 0.4746 -0.5129 
17.4251 10.4504 -7.0523 -3.4609 3.0931 -0.8229 -2.3572 0.7555 -0.2984 -1.9972 -0.4465 -0.2256 -0.7819 
17.6661 10.7336 -6.8863 -3.3392 3.2135 -0.8438 -2.5370 0.6242 -0.3554 -2.0433 -0.3263 -0.0124 -0.8374 
17.5532 10.7673 -6.6227 -3.3723 2.6049 -1.4173 -2.5124 0.9003 -0.1985 -1.8386 -0.1721 -0.1504 -0.8864 
17.2872 10.3301 -7.0828 -3.6222 2.6959 -1.1347 -2.3488 0.7515 -0.6167 -2.3734 -0.5886 -0.1945 -0.6649 
17.4680 10.6825 -6.7267 -3.5790 2.3408 -1.7981 -3.0798 0.3313 -0.6579 -2.2934 -0.5361 -0.2709 -0.8799 
17.5862 10.7284 -6.9497 -3.7717 2.7477 -0.8740 -2.2721 0.8567 -0.2392 -2.0997 -0.5937 -0.3646 -1.1441 
16.2480 9.2250 -7.6306 -3.8181 2.8491 -1.0826 -3.0874 -0.4520 -1.4234 -2.5510 -0.2763 0.2847 -0.6115 
17.7084 11.0805 -6.4076 -3.4615 2.5909 -1.3389 -2.8665 0.2575 -0.5440 -1.8305 0.1529 0.5384 -0.3300 
16.4718 10.0248 -6.5535 -3.7594 1.9120 -1.6251 -2.6552 0.2772 -1.0501 -2.7497 -1.1205 -0.9609 -1.7578 
16.6824 10.2214 -6.5423 -3.8083 1.9670 -1.5147 -2.7512 -0.1014 -1.2626 -2.2007 0.1755 0.4498 -0.6459 
16.6273 10.0023 -6.6263 -3.4141 2.1731 -1.8650 -2.7474 0.7812 -0.2763 -1.8916 -0.2881 -0.5752 -1.7916 
16.1622 9.3822 -7.0885 -3.5473 2.3852 -1.6711 -3.0457 0.0176 -1.0209 -2.3213 -0.2636 0.2873 -0.1116 
16.3023 9.9498 -6.1398 -2.8460 2.8217 -1.0465 -2.0383 1.2508 -0.0071 -1.7839 0.0341 0.2369 -0.8862 
16.7713 10.2821 -6.2683 -3.0651 2.6482 -1.1498 -2.1043 1.0610 -0.0798 -1.4612 0.2264 -0.0058 -0.9364 
16.1462 9.7725 -5.8691 -2.0890 3.1047 -1.5453 -2.5348 0.8360 -0.8058 -2.5904 -0.4025 -0.1866 -1.2411 
16.8123 10.1291 -6.4168 -2.7751 2.8207 -1.4849 -2.2012 1.4056 -0.2020 -2.1156 -0.0421 0.1219 -1.0338 
16.4021 9.9172 -6.3231 -3.1729 1.9718 -2.0636 -2.5217 0.8702 -0.7585 -2.3093 -0.1805 -0.3735 -1.7258 
16.3958 9.7183 -6.5825 -2.7526 3.1824 -1.0431 -2.2131 1.2301 0.0849 -1.6295 0.2399 0.5351 -0.4092 
16.3187 9.9524 -5.8408 -2.1545 3.0730 -1.6288 -2.8396 0.5421 -0.6680 -2.1526 -0.1354 -0.0233 -0.8246 
16.2473 10.0915 -5.6965 -2.4893 2.8869 -1.0941 -2.1992 0.7865 -0.5536 -2.0640 -0.1955 -0.2508 -1.4025 
16.0346 9.8948 -5.6825 -2.3728 2.9303 -1.0390 -1.8284 1.4442 -0.0177 -1.6695 0.4754 0.5935 -1.0132 
15.0848 8.9041 -6.2381 -2.9608 2.3994 -1.2019 -1.9465 1.0809 -0.3506 -2.0332 -0.3255 -0.2732 -1.2838 
15.6092 9.4890 -5.7896 -2.5215 2.4992 -1.5611 -2.2473 1.1492 -0.0876 -1.6584 0.1042 -0.0052 -1.1413 
15.0868 9.2713 -5.5988 -2.8279 2.0935 -1.2861 -1.7143 1.2881 -0.3102 -1.9697 0.0519 0.3891 -0.6210 
15.0855 9.0713 -5.8789 -2.9125 1.9123 -1.5296 -1.6540 1.4408 -0.0885 -1.2740 0.6944 0.2798 -0.8386 
14.4265 8.3232 -6.0709 -2.6115 1.9533 -2.1835 -2.5170 0.6566 -1.2869 -3.0327 -1.1276 -1.5229 -2.7391 
14.4508 8.5413 -5.9325 -2.9028 2.0278 -1.2970 -1.8788 0.5142 -1.1593 -1.9371 0.5191 0.3976 -0.7013 
14.9442 8.7169 -6.1857 -2.6772 2.2975 -1.7146 -2.0707 1.3283 -0.4960 -2.3825 -0.2669 -0.2253 -1.6794 
15.4088 9.5347 -5.2031 -1.9597 2.5931 -1.5334 -2.0552 0.9886 -0.5656 -1.7776 0.1723 -0.3212 -1.5867 
15.5802 9.4256 -5.9338 -2.6680 2.6608 -0.9727 -1.7179 0.9661 -0.8521 -2.0989 0.2779 -0.1170 -2.0704 
15.6574 9.4237 -6.0456 -2.6870 2.7069 -1.0615 -1.8615 1.0737 -0.6067 -2.3252 -0.4572 -0.3956 -1.4280 
15.6275 9.5751 -5.6613 -2.5658 2.3397 -1.3652 -1.7723 1.1096 -0.7162 -2.1703 -0.3701 -0.9126 -1.9117 
15.6496 9.6033 -5.8595 -3.0264 2.1058 -1.3773 -2.1287 0.4675 -1.1755 -2.3349 -0.0506 0.0447 -0.8996 
15.7575 9.5330 -5.7149 -2.0027 3.0972 -1.3115 -2.1810 1.0040 -0.6222 -2.1510 -0.0149 -0.1475 -1.3990 
15.3304 9.4124 -5.4452 -2.1555 2.7881 -1.3131 -2.1298 1.2494 0.1012 -1.5985 -0.0126 -0.0491 -1.1184 
15.8487 9.5539 -5.9615 -2.3917 2.9295 -1.1603 -1.8812 1.4552 -0.0824 -1.9213 -0.1612 -0.1879 -1.1887 
15.6578 9.4758 -6.0506 -2.9611 2.3369 -1.1592 -1.6689 1.3270 -0.2971 -1.7701 0.3019 0.2967 -0.8170 
15.3942 9.3631 -5.7349 -2.5686 2.4509 -1.3268 -1.9010 1.1789 -0.4320 -2.0503 -0.1032 -0.0457 -1.0168 
15.7008 9.2684 -6.3055 -2.7830 2.2638 -2.0033 -2.4160 1.2745 -0.2605 -2.0549 0.0124 0.1872 -0.9114 
15.4725 9.0673 -6.2143 -2.3783 2.8734 -1.3835 -2.0253 1.2448 -0.6408 -2.4126 -0.1270 -0.0434 -1.4195 
14.6377 8.7267 -5.7665 -2.7098 1.7645 -2.2695 -2.6731 0.7846 -0.4433 -1.8534 0.1011 0.0045 -1.3506 
15.3440 9.4169 -5.6234 -2.5765 2.5716 -0.9661 -1.6762 1.0570 -0.7598 -2.4091 -0.2946 -0.1274 -1.4312 
14.4233 8.4546 -5.8173 -2.3494 2.4366 -1.4853 -1.9396 1.2289 -0.3344 -1.7388 0.4837 0.6103 -0.5430 
14.8970 9.1898 -5.0321 -1.8859 2.4143 -1.3347 -1.2948 1.5043 -0.7435 -1.8818 0.7188 0.2203 -1.4312 
14.9518 9.2139 -5.0659 -1.7371 2.8053 -1.2949 -1.9764 0.7616 -0.9709 -1.9089 0.7478 0.6413 -0.8633 
15.1975 9.2356 -5.5457 -2.3504 2.2510 -1.7457 -2.0739 1.0584 -0.7532 -2.1270 0.2811 0.1776 -1.2755 
14.9780 9.1240 -5.4043 -2.3166 2.0324 -1.9434 -2.0009 1.3957 -0.2415 -1.5838 0.5756 0.0420 -1.7059 
14.9741 9.1502 -5.3092 -2.1051 2.2981 -1.9487 -2.4288 0.8115 -0.8977 -2.4579 -0.1963 -0.1211 -1.3525 
14.8595 9.2843 -4.8445 -1.8170 2.3953 -1.6547 -2.0041 1.0216 -0.8832 -2.4102 -0.0179 0.1633 -1.1887 
14.8540 9.1429 -5.0271 -1.6238 2.9624 -1.0998 -1.6192 1.2168 -0.9705 -2.5374 0.1812 0.4130 -1.2651 
14.8813 9.0810 -5.3300 -2.1214 2.5770 -1.1044 -1.4378 1.3325 -0.6934 -2.0900 0.2019 -0.0646 -1.6129 
13.6746 8.0048 -5.5150 -2.3164 1.9649 -1.7363 -1.8432 0.9759 -1.2485 -2.8089 -0.2635 0.0108 -1.2288 
14.6555 9.0450 -5.1891 -2.3772 2.0842 -1.4246 -1.6659 1.2036 -0.4647 -1.5843 0.6249 0.0144 -1.8605 
15.3834 9.9835 -4.6635 -2.4059 1.9690 -1.2510 -1.5079 1.0310 -0.8815 -2.1519 0.1905 0.2857 -1.1008 
14.7459 8.9276 -5.2467 -1.7841 2.7851 -1.1119 -1.3595 1.5637 -0.2779 -1.3409 0.9584 0.2525 -1.5026 
14.3764 8.4607 -5.5919 -2.1509 2.1614 -1.8059 -1.6755 1.4279 -1.0115 -2.8197 -0.4789 -0.4503 -1.4554 
13.8143 8.0316 -5.7776 -2.7890 1.4217 -1.9418 -1.4617 1.6005 -0.5776 -1.9009 0.5703 0.2409 -1.3765 
13.7669 8.1948 -5.4109 -2.6624 1.1647 -2.5751 -2.3132 1.0111 -0.9390 -2.6876 -0.5612 -0.6275 -2.2218 
14.0317 8.6390 -4.9378 -2.2871 1.5623 -1.9950 -1.6204 1.6215 -0.5598 -2.4868 -0.3410 -0.3710 -2.0138 
13.8824 8.7323 -4.2877 -1.3420 2.4953 -1.2735 -1.2992 1.7000 -0.1544 -1.6278 0.3868 0.0123 -1.4773 
15.0185 9.5873 -4.6209 -1.9437 2.2558 -1.3626 -1.5919 1.1533 -0.6541 -1.7572 0.5523 0.2553 -1.2568 
13.9143 7.8796 -6.0339 -2.3792 2.1427 -1.9202 -1.8645 1.7208 -0.2235 -1.9944 0.5431 0.7982 -0.8447 
14.7011 8.6419 -5.8229 -2.2210 2.7425 -0.8908 -0.9250 2.1010 -0.2238 -2.0738 0.1030 -0.1023 -1.5120 
14.6841 8.6991 -5.7247 -2.3923 2.1402 -1.6885 -1.6325 1.4721 -0.8257 -2.4239 0.1678 0.0232 -1.9061 
14.8109 9.1201 -5.3784 -2.5562 2.1917 -1.2611 -1.6272 1.3657 -0.3556 -2.0018 0.1218 0.0808 -1.6616 
14.1170 8.5395 -5.0245 -1.7937 2.2454 -1.7345 -1.6388 1.5794 -0.5986 -2.3831 -0.0756 -0.0524 -1.5335 
14.6322 8.8434 -5.3668 -2.1906 2.1495 -1.8335 -2.1029 0.8237 -1.2043 -2.4693 0.1633 -0.0594 -1.8813 
14.4968 8.6685 -5.3571 -1.9724 2.1503 -2.1742 -2.2003 1.2945 -0.5844 -2.0069 0.6185 0.3636 -1.7091 
13.8724 7.8189 -6.0138 -2.2318 2.3428 -1.6915 -1.8163 1.2900 -0.7648 -2.0869 0.5030 0.2652 -1.3962 
14.3295 8.4396 -5.7276 -2.4596 2.1324 -1.4475 -1.2981 1.8866 -0.2667 -2.0228 0.2409 0.1049 -1.5672 
14.5722 8.9225 -4.9139 -1.3712 3.2054 -0.7019 -1.0436 1.7447 -0.4478 -1.9805 0.3623 0.0835 -1.6686 
14.0567 8.5380 -5.0059 -1.9299 2.1192 -1.6974 -1.7248 1.2104 -0.8208 -2.1361 0.2896 0.0784 -1.3414 
14.3116 8.8012 -5.0751 -2.3595 1.7710 -1.5173 -1.1210 1.7682 -0.5736 -2.0078 0.5727 0.3364 -1.4541 
14.1008 8.5005 -5.0166 -1.5630 2.7298 -1.2881 -1.5363 1.5299 -0.2568 -1.5548 0.7070 0.3308 -1.3493 
13.8532 8.2437 -5.0344 -1.3661 2.8387 -1.5211 -1.7803 1.7424 0.0887 -1.6288 0.4928 0.3645 -1.3714 
14.2898 8.6973 -5.1847 -2.1513 2.1861 -1.6651 -1.9479 1.3759 -0.1116 -1.9125 -0.2953 -0.3673 -1.4687 
14.4546 8.7653 -5.0475 -1.5437 2.8386 -1.3054 -1.6811 1.3383 -0.5319 -1.8910 0.3653 -0.0465 -1.6904 
14.4375 8.7146 -5.4341 -2.4190 2.0431 -1.6108 -1.7486 1.2865 -0.6232 -2.0010 0.6480 0.7635 -1.1092 
14.1728 8.1723 -5.9198 -2.3074 2.5362 -1.2386 -1.5078 1.5732 -0.2325 -1.6940 0.4297 0.1400 -1.2844 
14.7155 8.9774 -5.0977 -1.7296 2.5885 -1.4954 -1.5468 1.6573 -0.7148 -2.7528 -0.2998 0.1452 -1.1583 
14.6649 8.9197 -5.0307 -1.5178 2.7371 -1.5153 -1.7756 1.1768 -0.9510 -2.1815 0.3395 -0.3209 -2.2273 
13.9779 8.1704 -5.6118 -2.2867 2.0180 -1.8334 -1.7824 1.4658 -0.4356 -2.0473 -0.1006 -0.5297 -1.8735 
13.9549 8.6219 -4.6797 -1.6866 2.3990 -1.1497 -1.1876 1.4023 -0.9259 -2.4288 -0.1299 -0.3608 -1.9615 
13.8740 8.8010 -4.3239 -1.6235 2.4025 -1.2423 -1.8891 0.5163 -1.1282 -2.0271 0.4133 0.1249 -1.6898 
14.7077 9.1796 -4.8807 -2.0789 2.0349 -1.5621 -1.4694 1.3857 -0.7731 -2.1323 0.4176 0.5522 -0.7723 
13.8128 7.7490 -6.3462 -2.9153 1.9417 -1.6955 -2.0924 0.7613 -0.9953 -2.1919 0.0995 -0.3877 -2.2526 
13.6561 7.6990 -6.0313 -2.5262 1.8531 -2.2418 -2.5239 0.6960 -0.8558 -1.8761 0.6962 0.4589 -1.3361 
14.6972 9.1191 -4.9421 -1.9427 2.3636 -1.3468 -1.4985 1.3099 -0.8646 -2.4837 -0.2938 -0.3852 -1.6803 
14.7259 9.0556 -4.9710 -1.7033 2.4621 -1.7100 -1.6158 2.1774 0.5189 -1.4568 0.2726 -0.1021 -1.8265 
14.5297 8.7775 -5.1293 -1.7949 2.0896 -2.2487 -1.9647 1.7330 -0.2091 -1.8532 0.3867 -0.0927 -1.8742 
14.3983 8.7660 -4.9371 -1.3677 3.0866 -1.0687 -1.4299 1.8173 -0.0015 -1.7170 0.4384 0.4202 -1.0517 
14.8805 9.0040 -5.5663 -2.2872 2.8437 -0.5531 -1.0178 1.6050 -0.5640 -2.3412 -0.1997 -0.1260 -1.5388 
14.0952 8.3175 -5.5349 -2.1843 2.3663 -1.3010 -1.3452 1.6678 -0.4342 -1.8643 0.7616 0.5538 -1.5431 
14.8077 8.9611 -5.4082 -2.0435 2.5655 -1.6613 -2.1713 1.3258 -0.1550 -1.8875 0.0657 -0.2674 -2.0982 
13.6569 8.0957 -5.3421 -2.2582 1.9931 -1.5680 -1.4870 1.4762 -0.8834 -2.8208 -0.4473 -0.2022 -1.6983 
14.4905 8.9174 -5.0261 -2.0855 2.0690 -1.6228 -1.5364 1.4280 -0.8345 -2.4103 0.1546 0.1907 -1.5057 
13.4526 7.7021 -5.9545 -3.0353 1.2154 -2.2335 -2.0970 1.0204 -0.7768 -2.2317 -0.2007 -0.5988 -2.1134 
14.5403 9.0378 -4.7025 -1.6084 2.3211 -1.6659 -1.5309 1.5227 -0.8522 -2.5089 -0.1716 -0.6471 -2.2915 
14.0624 8.2283 -5.6595 -2.3076 2.1087 -1.8412 -2.0494 1.0411 -1.0394 -2.7904 -0.4363 -0.2058 -1.5179 
14.0015 8.0529 -5.7501 -2.0015 2.6540 -1.2043 -1.2483 1.7436 -0.6970 -2.5702 -0.3016 -0.5095 -2.1129 
13.7565 8.0578 -5.5232 -2.2011 2.4016 -0.9052 -0.7485 2.0294 -0.5148 -2.4874 -0.2980 -0.3404 -1.9819 
14.4492 8.5902 -5.5718 -2.3039 2.1683 -1.5550 -1.5177 1.4649 -0.7958 -2.3119 0.1463 -0.2612 -2.2467 
14.8156 9.1068 -5.1050 -1.8488 2.6842 -1.2219 -1.4790 1.7307 -0.0809 -1.8233 0.0936 -0.2042 -1.7646 
14.3867 8.4945 -5.7239 -2.4131 2.3787 -1.1233 -1.2587 1.7363 -0.0348 -1.4179 0.5596 0.0498 -1.5502 
14.5987 8.5137 -5.8618 -2.2930 2.2245 -1.9425 -2.0961 1.0875 -1.0531 -2.5183 0.2174 0.2625 -1.4413 
15.1735 9.4463 -4.8147 -1.3489 3.0140 -1.2847 -1.5461 1.7218 -0.2812 -2.0307 0.0465 -0.3065 -1.8434 
15.1233 9.8023 -4.4479 -1.7581 2.8498 -0.7137 -1.5028 1.1081 -0.4707 -1.8556 0.2109 0.1479 -1.3753 
14.3384 9.2847 -4.1096 -1.4680 2.6586 -0.8572 -1.3611 1.1642 -0.5213 -1.7628 0.2445 -0.0285 -1.4392 
13.5358 8.1945 -4.8392 -1.6314 2.7114 -0.7393 -0.9227 1.7260 -0.2108 -1.4392 0.7880 0.2707 -1.5309 
14.0473 8.3478 -5.3801 -2.1912 1.9973 -1.6519 -1.1652 2.1354 -0.4093 -2.4855 -0.0723 0.0088 -1.5521 
14.9282 9.3210 -5.0026 -2.2791 1.7850 -1.9530 -1.7895 1.4522 -0.4946 -2.1738 -0.1888 -0.3891 -1.5746 
14.5843 8.5859 -5.5587 -1.7799 2.7207 -1.6637 -1.9199 1.3495 -0.8764 -2.6955 -0.1918 -0.0748 -1.5645 
14.6594 9.1148 -4.9569 -1.9254 2.5841 -1.3071 -1.8812 1.3174 -0.0038 -1.5716 0.1296 -0.1392 -1.3880 
14.9457 9.2342 -4.9247 -1.5184 2.8549 -1.3525 -1.6404 1.6492 -0.0554 -1.4927 0.5378 -0.1302 -1.8656 
14.7754 8.9513 -5.3135 -1.8942 2.6815 -1.4322 -1.7575 1.5576 -0.3891 -2.3351 -0.2131 -0.2745 -2.0225 
14.3447 8.7686 -5.1670 -2.2529 2.0351 -1.6406 -1.7350 1.3811 -0.4982 -2.2050 -0.2122 -0.4903 -2.0746 
14.7780 9.1357 -4.9114 -1.6749 2.5565 -1.5466 -1.6943 1.5400 -0.4593 -2.1339 0.2606 0.4029 -1.0708 
14.9674 8.9642 -5.5294 -1.8767 2.9253 -1.1628 -1.4495 1.8668 0.0076 -1.5935 0.6800 0.3591 -1.6196 
14.5378 9.0454 -4.4200 -0.7587 3.3611 -1.0903 -1.3542 1.7757 -0.6625 -2.6708 -0.0402 0.4396 -1.1078 
14.3488 8.6547 -5.1575 -1.8086 2.4786 -1.3822 -1.2818 1.8489 -0.3463 -1.9449 0.4011 0.0994 -1.5391 
14.3073 8.3258 -5.7804 -2.1816 2.4431 -1.5295 -1.5253 1.9130 -0.1667 -2.0658 0.2815 0.3467 -1.2976 
14.5512 9.0637 -4.9403 -2.2031 2.1129 -1.1487 -1.0447 1.7170 -0.3000 -1.6638 0.3678 -0.1445 -1.6658 
13.7810 8.0629 -5.3831 -2.0607 1.7217 -2.5215 -2.2796 1.3523 -0.2360 -1.4979 0.6318 0.0439 -1.4862 
14.4756 8.9674 -4.8560 -1.8017 2.3964 -1.5392 -1.7424 1.4488 -0.3916 -2.0736 0.2426 0.5631 -0.8124 
14.6737 9.1885 -4.7910 -1.8721 2.4310 -1.1143 -1.0193 2.0376 0.0005 -1.4198 1.1655 0.9917 -1.2100 
14.5261 8.8847 -5.1288 -2.0189 2.3506 -1.4654 -1.6691 1.4154 -0.4710 -2.2063 -0.2256 -0.2536 -1.4996 
15.0823 9.3669 -4.9981 -1.8699 2.4552 -1.3858 -1.2668 1.9202 -0.3082 -2.0581 0.1509 -0.2455 -2.0423 
14.3184 8.6987 -5.0028 -1.7204 2.2540 -2.0040 -1.8255 1.9775 0.1083 -1.9148 0.2150 0.2018 -1.5148 
14.5064 8.8308 -5.1858 -1.9564 2.6185 -1.0176 -1.1947 1.6222 -0.6258 -2.2917 0.0163 -0.2683 -2.1930 
14.7100 9.2870 -4.4842 -1.5591 2.1537 -1.8115 -1.3831 1.8614 -0.6287 -2.4064 0.0894 -0.1628 -1.8877 
14.8455 9.0970 -5.1429 -2.0002 2.2437 -1.4496 -0.8786 2.6491 0.4362 -1.3424 0.9920 0.7589 -1.0193 
13.7543 8.3775 -4.8701 -1.7593 2.5208 -1.0356 -1.0877 2.0450 0.3293 -1.4130 0.2518 -0.1112 -1.5535 
14.6094 9.1812 -5.0788 -2.8927 1.4018 -1.3017 -0.9035 1.7457 -0.3095 -1.6269 0.3064 -0.3840 -2.0091 
13.6838 8.4319 -4.7572 -2.0133 1.9144 -1.6650 -1.6473 1.5233 -0.0984 -1.7388 0.0068 -0.1951 -1.4046 
14.2946 8.6727 -5.2314 -2.0530 2.6581 -0.8366 -1.2368 1.4297 -0.5877 -2.2361 -0.3237 -0.7608 -2.4397 
14.5423 8.9900 -4.7881 -1.6645 2.1085 -2.2744 -2.1692 1.6192 -0.0959 -2.1089 -0.4078 -0.6457 -1.9442 
14.1733 8.8751 -4.7256 -2.1849 1.6771 -1.7871 -1.3789 2.0298 0.2247 -1.4748 0.5535 0.2508 -1.6291 
14.6032 9.5248 -4.0159 -1.4322 2.5119 -1.0575 -1.3694 1.0370 -1.0362 -2.2076 0.1885 0.0270 -1.2606 
14.7096 8.8306 -5.2324 -1.3997 3.1419 -1.4602 -2.0496 1.3938 -0.3559 -2.2859 -0.4271 -0.7192 -2.2244 
14.8824 9.3125 -4.8204 -1.8258 2.3641 -1.5096 -1.5402 1.5996 -0.3938 -1.9051 0.4803 0.3208 -1.4179 
14.6636 9.2787 -4.3861 -1.3373 2.5146 -1.4747 -1.2623 1.9223 -0.4125 -2.2028 0.1984 0.1512 -1.5514 
14.8411 9.1411 -4.8638 -1.2998 3.1342 -1.0474 -1.3462 1.6790 -0.5109 -2.1507 0.2647 0.1613 -1.4116 
15.4602 9.6590 -5.1465 -2.1019 2.4897 -1.4502 -1.9039 1.1533 -0.4763 -1.7280 0.6190 0.5057 -1.0686 
14.5884 8.7190 -5.3747 -1.7998 2.6389 -1.6098 -1.7488 1.7446 -0.2315 -2.1486 0.0831 0.1101 -1.5143 
15.1301 9.2483 -5.1695 -1.6732 2.6790 -1.7216 -1.9226 1.5217 -0.3649 -1.8885 0.5441 0.2661 -1.5373 
15.3374 9.8444 -4.7183 -1.9607 2.8344 -0.5306 -1.0198 1.8261 0.2980 -1.2925 0.3454 0.1953 -0.9763 
16.0147 9.5671 -6.0499 -2.2951 2.7346 -1.6397 -1.6456 2.3694 0.3820 -1.7577 0.5360 0.3037 -1.7374 
15.9587 8.8725 -7.1559 -2.2524 4.0623 -0.4026 -1.2425 2.2884 0.2764 -1.7826 0.5600 0.5329 -1.2571 
16.1957 8.6549 -7.6178 -2.0140 3.9797 -1.7454 -2.6535 1.7005 -0.0742 -2.1222 0.3715 0.1060 -1.8841 
14.9444 8.8866 -5.7835 -2.2415 2.7992 -1.0232 -1.4367 1.6171 -0.3431 -2.0796 -0.0337 -0.3281 -1.8233 
14.2655 8.5771 -5.5494 -2.6433 1.9881 -1.5157 -1.9218 1.0631 -0.4805 -2.1095 -0.3067 -0.1806 -1.1078 
15.0194 8.9315 -5.8146 -2.2858 2.7212 -1.1416 -1.5472 1.4456 -0.7045 -2.5318 -0.2622 -0.2450 -1.8429 
13.8779 8.6139 -4.6851 -1.9368 2.0458 -1.3525 -1.1395 1.7558 -0.5293 -2.4541 -0.4899 -0.6131 -2.0547 
14.4698 8.9866 -4.8649 -2.0142 2.1079 -1.3958 -1.1443 1.8641 -0.2392 -1.6476 0.6595 0.1560 -1.7752 
14.4185 8.8195 -5.2610 -2.5777 1.6063 -1.7591 -1.5269 1.4287 -0.5666 -1.9056 0.2287 -0.4532 -2.3432 
14.7681 9.0714 -4.9726 -1.5356 2.8663 -1.3559 -1.7384 1.4508 -0.4315 -2.0451 0.1403 -0.2829 -2.2402 
14.5211 8.8726 -4.9498 -1.5121 2.7574 -1.5311 -1.9639 1.1030 -0.7931 -2.1418 0.3287 -0.1272 -2.2916 
13.9438 8.4297 -5.1452 -2.1280 2.1895 -1.3394 -1.5097 1.2791 -0.5548 -1.8000 0.4027 0.0207 -1.6123 
13.5987 8.4451 -4.4591 -1.6576 2.0588 -1.4058 -1.1261 1.4416 -1.1704 -2.6419 0.0341 -0.0115 -1.5667 
14.0858 8.5082 -5.3520 -2.3845 2.4374 -0.5599 -0.8614 1.4840 -0.3602 -1.3730 0.6396 -0.1926 -1.8171 
14.5461 9.1873 -4.5217 -1.4499 2.9889 -0.6271 -0.9269 1.8062 -0.4430 -2.3664 -0.2353 -0.0319 -1.2498 
14.1349 8.1124 -5.9919 -2.4702 2.2266 -1.4580 -1.3934 1.8288 -0.1021 -1.5773 0.7034 0.4623 -1.1283 
14.5103 8.8367 -5.1858 -1.9455 2.6323 -1.1264 -1.5000 1.2369 -0.9896 -2.5369 0.2366 0.6398 -1.1089 
14.4546 8.4446 -6.0401 -2.7537 2.2738 -1.1561 -1.4984 1.2416 -0.8078 -2.3363 -0.1403 -0.5231 -2.3724 
13.8779 7.9503 -5.7437 -2.0504 2.3406 -1.7374 -1.6656 1.6082 -0.8533 -3.0212 -0.8368 -0.8574 -2.2852 
13.4942 7.6892 -5.5461 -1.7551 2.4743 -1.6595 -1.5993 1.5585 -0.9065 -2.8354 -0.3626 -0.2092 -1.7531 
14.0360 8.8291 -4.2527 -1.1432 2.6727 -1.3993 -1.6512 1.1855 -0.9459 -2.4739 -0.0375 -0.0799 -1.8402 
14.3423 8.7513 -5.2766 -2.4647 1.8660 -1.7963 -2.0387 1.1913 -0.1971 -1.7759 -0.2192 -0.7042 -2.1625 
13.9579 8.2217 -5.3302 -1.7862 2.4105 -1.8872 -2.1602 1.1487 -0.6193 -2.1704 0.0645 -0.0494 -1.6067 
14.0917 8.1986 -5.8006 -2.5226 1.8062 -2.1766 -2.2396 1.1566 -0.5653 -2.1236 0.0119 -0.3091 -2.1554 
14.8897 9.2788 -4.9768 -1.8970 2.7247 -1.0477 -1.6076 1.2440 -0.4559 -1.9259 0.0399 -0.2573 -1.7332 
14.0364 8.3824 -5.0783 -1.5602 2.6140 -1.3212 -1.1920 1.8221 -0.5192 -2.1003 0.2434 -0.1190 -1.8571 
14.5366 8.6939 -5.4892 -2.2478 2.0781 -1.9311 -2.1124 0.9263 -1.1240 -2.6065 -0.3099 -0.7459 -2.5645 
14.0180 8.5042 -4.9945 -1.9307 2.0499 -1.6607 -1.3786 1.6114 -0.7573 -2.1554 0.6740 0.5173 -1.6098 
14.6457 8.9465 -5.0758 -1.7927 2.4322 -1.7082 -1.8050 1.5637 -0.3836 -2.1369 0.2445 0.5012 -1.0063 
15.2105 9.4900 -4.9890 -1.9151 2.4026 -1.4870 -1.3408 2.0423 -0.0742 -1.9386 0.1678 -0.2433 -2.1434 
14.6397 9.0908 -5.0425 -2.1377 2.4332 -1.1054 -1.3956 1.7094 0.0679 -1.8139 -0.2888 -0.4968 -1.6788 
14.0195 8.3074 -5.4995 -2.2743 2.2358 -1.4495 -1.5863 1.5598 -0.3659 -2.2134 -0.2196 -0.2366 -1.5272 
14.5610 9.0018 -4.9228 -1.9190 2.1840 -1.6444 -1.4891 1.6989 -0.5653 -2.3526 0.0205 -0.1576 -1.9283 
14.5498 8.8166 -5.2360 -1.9410 2.4840 -1.5399 -1.9441 1.1009 -0.5576 -1.7842 0.4373 -0.0381 -1.8327 
15.0957 9.1377 -5.4994 -2.1311 2.5591 -1.4396 -1.8404 1.2021 -0.5649 -1.8537 0.3738 0.0405 -1.2268 
14.2537 8.5629 -5.4475 -2.3853 2.1906 -1.4016 -1.7732 1.0411 -0.7589 -2.1720 -0.0824 -0.3686 -1.8329 
14.3265 9.0129 -4.7393 -2.2918 1.6357 -1.6692 -1.4213 1.4402 -0.5190 -1.7333 0.4546 -0.2466 -2.0775 
13.6409 8.3468 -4.8643 -2.0635 2.0199 -1.3742 -1.3623 1.4685 -0.4729 -1.9186 0.3169 0.2861 -1.0986 
14.8535 9.5189 -4.3006 -1.2975 2.8435 -1.1462 -1.4953 1.4997 -0.3515 -1.8817 0.3512 0.2581 -1.4364 
14.9603 9.5696 -4.3903 -1.4079 2.7551 -1.1833 -1.3999 1.6288 -0.4269 -2.1501 0.0864 -0.0289 -1.8386 
15.5019 9.5458 -5.0325 -1.1039 3.7557 -0.6834 -1.2231 2.0313 -0.0247 -2.0078 -0.1752 -0.7245 -2.3098 
14.7526 9.5328 -4.0683 -1.2346 2.4909 -1.4968 -1.4869 1.6002 -0.3353 -1.8422 0.2994 0.2482 -0.8800 
14.9091 9.1970 -5.0104 -1.7033 2.8090 -0.9769 -1.0128 2.0458 -0.1573 -1.9731 0.1237 0.0122 -1.2393 
14.4048 9.2178 -4.1028 -1.1711 2.5349 -1.4567 -1.4072 1.6510 -0.4373 -1.8963 0.5094 0.2475 -1.3775 
