13.7252 8.7125 -4.0065 -1.1405 2.4514 -1.0059 -0.3829 2.4761 -0.2823 -2.1359 0.2502 0.0783 -1.3789 
14.2502 8.9381 -4.5221 -1.6842 2.1924 -1.2777 -0.7429 2.3345 -0.0483 -1.8796 -0.0366 -0.8185 -2.4707 
13.1352 8.1761 -4.4962 -2.2122 1.3159 -1.7464 -1.2855 1.3978 -0.9333 -2.7270 -0.8659 -1.0906 -2.2935 
14.1440 9.0242 -4.3270 -1.7802 2.1331 -1.1592 -1.0336 1.5511 -0.7854 -2.3801 -0.1881 -0.3706 -1.7314 
14.4649 9.6855 -3.7553 -2.0041 1.4023 -1.6861 -1.2423 1.6386 -0.4073 -2.1149 -0.2691 -0.4934 -1.8369 
13.9340 8.8276 -4.2492 -1.4584 2.4736 -0.8297 -0.5811 2.0275 -0.3818 -1.8328 0.4892 -0.0111 -1.7612 
14.0453 8.6430 -5.0201 -2.5706 1.2574 -1.8489 -1.2093 1.5176 -1.0190 -2.4534 0.0079 -0.2646 -1.6595 
14.2122 9.0873 -4.3844 -2.0025 1.8258 -1.4453 -1.3094 1.1399 -1.4285 -3.0389 -0.4848 -0.2649 -1.5295 
14.1561 8.9249 -4.5975 -2.2084 1.4411 -1.9793 -1.6890 1.0876 -1.0128 -2.2320 0.0455 -0.3915 -1.7454 
13.3907 7.8680 -5.6315 -3.0331 1.1197 -2.1253 -2.2375 0.2257 -1.9618 -3.3928 -1.1025 -1.2110 -2.6492 
14.1737 9.0890 -4.4897 -2.3408 1.7489 -0.9887 -0.8746 1.3661 -0.7154 -1.7179 0.5081 -0.1505 -1.9378 
13.8896 8.6256 -4.6020 -1.9114 1.6380 -2.0320 -1.5997 1.4539 -0.7745 -2.3062 -0.0788 -0.4776 -2.0714 
13.4566 8.3616 -4.2831 -1.1493 2.7925 -0.9820 -1.3105 1.2515 -0.8599 -2.3229 -0.1343 -0.4314 -2.0390 
14.1692 8.9472 -4.6353 -2.2592 1.6422 -1.6054 -1.6765 0.5899 -1.5133 -2.3581 0.1034 -0.5395 -2.3534 
14.0924 9.0577 -4.1805 -1.8278 1.7962 -1.3016 -0.6740 1.8683 -1.0553 -2.9479 -0.6592 -0.8797 -2.3806 
14.8393 9.9041 -3.7320 -1.3954 2.6071 -0.6523 -0.9071 1.2540 -1.0688 -2.3079 0.1704 -0.1015 -1.7847 
14.4245 9.1737 -4.5096 -1.9746 1.9795 -1.4096 -1.2915 1.4721 -0.6371 -2.1404 -0.1263 -0.5507 -1.9309 
14.4631 9.6288 -3.7148 -1.6131 2.0480 -0.9912 -0.7236 1.7463 -0.3898 -1.6144 0.4829 0.0266 -1.3040 
12.9713 8.1764 -3.9392 -1.2925 1.9689 -1.5881 -1.2003 1.7501 -0.3821 -2.1051 -0.2356 -0.5292 -1.8581 
13.5407 8.2338 -4.7872 -1.8591 2.0063 -1.3769 -0.8975 1.9721 -0.4920 -2.1595 0.1218 -0.0467 -1.3318 
13.1568 7.9419 -4.4951 -1.1608 2.4968 -1.4713 -1.3921 1.3640 -1.1386 -2.7932 -0.4538 -0.6772 -2.1115 
13.0542 7.6892 -5.0305 -1.8897 2.0512 -1.2752 -0.8487 1.7538 -0.8878 -2.3978 0.1476 0.1426 -1.1338 
13.5481 8.7267 -3.7486 -1.1466 2.1805 -1.2067 -0.5617 2.1040 -0.8382 -2.7206 -0.0981 0.1140 -1.2830 
14.3962 9.4990 -3.6398 -1.0148 2.7406 -0.8565 -0.9231 1.6266 -0.8624 -2.6693 -0.4308 -0.5461 -2.1329 
13.9681 8.9917 -4.0886 -1.7936 1.5935 -1.6956 -1.1375 1.5845 -0.7057 -1.9210 0.3435 -0.3566 -1.9316 
13.4991 8.1509 -4.7481 -1.5348 2.2256 -1.8743 -2.0052 1.0567 -0.6894 -1.8596 0.3494 -0.3345 -2.1843 
14.5649 9.4858 -3.7451 -0.8864 2.5470 -1.4187 -0.8961 2.4064 -0.0064 -1.9003 0.3104 0.0674 -1.5178 
14.0912 9.1277 -3.9013 -1.3300 2.2501 -1.1473 -0.5248 2.6318 0.2679 -1.8266 0.0446 -0.0160 -1.2587 
13.9220 8.6100 -4.5979 -1.6997 2.0698 -1.3402 -0.7348 1.9675 -0.9295 -2.7288 -0.3346 -0.5353 -1.8900 
14.8983 9.7633 -4.0545 -1.5599 2.3647 -1.1731 -1.1549 1.6477 -0.5553 -2.1981 0.0746 -0.0323 -1.7003 
13.6252 8.4093 -4.4691 -1.4348 2.3967 -1.0518 -0.5650 2.3224 -0.0175 -1.3061 1.2227 0.6562 -1.3635 
13.3903 8.3509 -4.4474 -1.7630 2.3192 -0.6575 -0.6147 1.6652 -0.5932 -2.0134 -0.0321 -0.4587 -1.8489 
21.7913 10.7027 -10.9921 -1.5359 5.7042 -3.6101 -2.9802 4.3937 0.4532 -2.7277 1.6656 0.3646 -3.3564 
37.5381 21.0321 -16.6618 -6.5194 6.1835 -4.0866 -3.7276 5.1816 -0.3304 -4.5109 1.4015 -0.2060 -4.8844 
36.6739 22.5423 -12.5204 -4.3957 6.7770 -2.4839 -2.7823 4.3691 -0.7363 -4.0591 1.4995 0.1193 -3.8617 
29.9954 18.1239 -10.0635 -2.0230 6.9314 -1.6069 -1.2804 5.0431 -0.1894 -3.3771 1.7638 0.4529 -3.3566 
27.4622 15.6103 -11.1814 -3.1785 5.7001 -2.0328 -1.3958 4.5122 -0.5760 -3.3441 1.4507 -0.3123 -3.9247 
24.4330 13.4634 -10.4708 -2.6695 5.1451 -2.1596 -0.8145 5.3261 0.4558 -2.6201 1.2829 -0.7890 -3.8738 
22.0081 12.4125 -8.9024 -2.3048 4.1785 -2.3518 -0.7155 4.8849 0.0997 -2.7752 1.3601 0.0132 -3.0537 
19.6876 10.8777 -8.5928 -2.6261 3.7845 -1.7860 -0.6745 4.2523 0.3851 -2.0575 1.4046 0.1653 -2.4089 
17.2021 10.3060 -6.0471 -1.9146 2.5364 -2.1601 -0.7927 3.3493 -0.1909 -2.3525 0.5203 -0.5740 -2.5463 
19.6737 11.2916 -7.7945 -2.0981 4.2120 -1.4185 -1.0350 3.1901 -0.7836 -3.3074 0.2163 -0.4016 -2.5961 
22.8630 12.7221 -9.9842 -3.1667 4.7562 -1.5495 -1.1092 4.1072 -0.0528 -3.0027 0.8052 0.2984 -1.8751 
18.5655 11.5941 -5.9020 -1.9233 3.5277 -0.6597 -0.0661 3.3781 0.0724 -1.7976 1.0797 0.2355 -1.6445 
16.7561 10.8623 -4.6512 -1.5970 2.7944 -1.2474 -1.0799 1.9608 -0.7088 -2.3340 0.3136 -0.0222 -1.6407 
17.0229 9.9230 -6.4809 -2.0222 2.4883 -2.9461 -2.0970 2.5571 -0.6079 -3.0772 0.2859 0.4313 -1.6379 
16.8494 10.9604 -4.5304 -1.3680 2.9651 -1.2926 -1.1221 2.2066 -0.2330 -1.8430 0.6389 -0.0694 -1.9952 
14.7552 9.0790 -5.2582 -2.4681 1.8512 -1.6014 -1.2563 2.0559 -0.0384 -1.9976 -0.1687 -0.4702 -1.6935 
15.6273 9.6521 -5.5473 -2.6525 1.9083 -2.0509 -2.3242 0.9427 -0.9124 -2.6739 -0.5219 -0.4049 -1.6646 
15.3490 9.6386 -4.9745 -1.9762 2.4009 -1.5364 -1.5297 1.9327 -0.1797 -2.5000 -0.5944 -0.2941 -1.4064 
15.4494 9.7937 -5.0221 -2.3682 2.1764 -1.3011 -1.5267 1.3085 -0.6330 -2.3258 -0.5648 -0.8021 -1.7455 
15.9230 9.9741 -5.1816 -1.9326 2.8682 -1.0133 -1.0838 2.3038 0.1725 -2.1400 -0.5456 -0.6103 -1.3159 
15.2797 9.9257 -4.4555 -1.9481 2.3941 -0.9218 -0.8959 2.0982 0.1551 -1.6945 0.1875 0.4309 -0.4399 
15.2761 9.7333 -4.7375 -1.8580 2.7479 -0.7629 -0.9976 1.8057 -0.4010 -2.3433 -0.3646 -0.2679 -1.3110 
16.2433 10.5433 -4.8515 -2.0744 3.0442 -0.5432 -1.3055 1.7745 0.4472 -1.2602 0.3994 0.3566 -0.8556 
16.1648 10.2865 -4.9664 -1.6471 3.4571 -0.5761 -1.4207 1.6127 0.0134 -1.6254 0.2945 0.1792 -1.0761 
16.0638 10.3903 -4.9697 -2.4660 2.5127 -0.6530 -0.9757 1.9098 0.1452 -1.6919 -0.0377 -0.0730 -1.0933 
15.9539 10.5237 -4.4048 -1.9610 2.5526 -0.9406 -1.3107 1.5231 -0.3989 -2.2937 -0.4588 -0.1974 -1.0928 
15.4783 9.8638 -5.0628 -2.5914 2.1361 -0.9865 -1.1170 1.7477 -0.1093 -1.9330 -0.3690 -0.5391 -1.3157 
15.8576 10.2853 -4.6828 -1.9317 2.9030 -0.7364 -1.5245 1.1323 -0.7205 -2.5387 -0.5626 -0.0416 -0.6525 
14.8866 9.4880 -4.6841 -1.9470 2.5782 -0.9763 -1.4449 1.5417 0.0609 -1.4098 0.6298 0.6047 -0.9891 
14.9729 9.3209 -5.1552 -2.2197 2.5468 -0.9706 -1.1760 2.2026 0.5088 -1.8540 -0.5089 -0.3278 -1.1531 
15.3185 9.8443 -4.4145 -1.4087 2.8527 -1.1701 -1.6181 1.2587 -0.5873 -2.0418 -0.0215 -0.2552 -1.3245 
14.7075 8.9983 -5.2499 -1.9892 2.9204 -0.7104 -1.2298 1.7471 0.0002 -1.9181 -0.3708 -0.6264 -1.7399 
15.4328 10.1178 -4.2427 -1.7287 2.3407 -1.3763 -1.4374 1.7773 0.0399 -1.7578 -0.0750 -0.2937 -1.4655 
14.9943 9.6056 -4.5817 -1.9318 2.2966 -1.3526 -1.4867 1.6870 -0.0628 -1.9235 -0.3159 -0.7272 -2.1173 
14.0315 8.2864 -5.6138 -2.6226 1.5573 -2.1187 -1.8712 1.4256 -0.6782 -2.4941 -0.1661 0.1360 -1.0617 
15.2554 9.8195 -4.4672 -1.5274 2.9604 -0.8776 -1.3204 1.9106 0.3922 -1.5251 0.0011 -0.0040 -1.0500 
15.0182 9.6076 -4.4375 -1.4592 2.7420 -1.3928 -1.9130 1.3742 0.1064 -1.3751 0.2580 -0.1210 -1.2519 
15.1725 9.8041 -4.3401 -1.4797 2.7891 -1.0665 -1.3957 1.6912 -0.0502 -1.7820 0.0372 -0.1632 -1.4956 
14.5993 8.6147 -5.8146 -2.5971 1.8268 -2.0132 -1.7396 1.8378 -0.2205 -2.2191 -0.1275 -0.1591 -1.6402 
14.8500 9.3297 -4.8260 -1.9806 2.2362 -1.5586 -1.6760 1.4827 -0.4419 -2.3234 -0.4027 -0.2871 -1.2925 
14.7956 9.5778 -4.4808 -2.2144 1.9180 -1.3744 -1.5042 1.3162 -0.4648 -1.9883 0.0279 -0.0195 -1.3014 
14.7730 9.4972 -4.0699 -0.9189 3.0840 -0.9793 -1.2538 1.5577 -0.5611 -2.0997 -0.0819 -0.5936 -1.8950 
14.6027 9.3063 -4.4018 -1.7269 2.0427 -1.5185 -0.8543 2.5341 0.1764 -1.8532 0.2601 0.1023 -1.4776 
14.5338 9.3465 -4.0201 -1.0929 2.5843 -1.2421 -0.7809 2.4156 -0.1270 -2.2070 0.0156 0.0762 -1.3302 
14.8034 9.3409 -4.5243 -1.6402 2.0672 -1.7201 -1.1732 1.7530 -1.0223 -2.6200 -0.0312 -0.5223 -2.4125 
13.4782 8.0586 -4.9060 -1.6875 2.2702 -1.1491 -0.5990 2.2291 -0.3005 -1.8825 0.1172 -0.7618 -2.3038 
14.1054 8.7313 -4.6824 -1.6559 2.4683 -0.9906 -0.7407 2.1264 -0.1702 -1.8925 -0.1755 -1.1759 -2.8641 
13.6984 8.5043 -4.3017 -1.1583 2.5119 -1.3537 -1.1766 1.5435 -1.0637 -2.6422 -0.2038 -0.7220 -2.5935 
14.1430 9.0817 -4.0536 -1.2707 2.5972 -0.9226 -0.8595 1.7362 -0.7181 -2.2966 0.1085 -0.1750 -2.0296 
13.9473 8.8023 -4.4143 -1.8324 1.9212 -1.4573 -1.1807 1.5669 -0.7422 -2.4281 -0.4774 -0.9089 -2.3448 
13.9426 8.9146 -4.0516 -1.1328 2.9944 -0.3598 -0.5147 1.8218 -0.6637 -2.4662 -0.5741 -1.0663 -2.6741 
13.8127 8.7751 -4.1580 -1.5118 2.0997 -1.3155 -0.9642 1.6493 -0.8786 -2.3733 0.0117 -0.3501 -1.8911 
14.4614 9.2736 -4.1740 -1.3492 2.5367 -1.1170 -0.9325 1.9344 -0.6052 -2.5280 -0.2604 -0.4127 -2.0891 
13.8915 8.6089 -4.6509 -1.8740 1.9084 -1.6924 -1.4875 1.4664 -0.4768 -1.7387 0.3822 -0.2825 -1.9103 
14.8493 9.5487 -4.5666 -2.2166 1.9416 -1.1183 -0.8475 1.7878 -0.5964 -2.1524 0.1732 -0.0739 -1.7616 
16.3814 10.2380 -5.7247 -2.6817 2.9932 -0.3096 -1.3495 0.8012 -1.0342 -2.1408 -0.1574 -0.8831 -2.3933 
17.6370 11.1317 -6.3982 -3.8301 2.5288 -0.4239 -1.9658 -0.0643 -1.3978 -2.0814 0.0038 -0.2938 -1.2627 
19.6855 12.0550 -7.8156 -4.3095 3.4381 -0.3481 -2.6221 0.2009 -0.5661 -1.9523 -0.5460 -1.1359 -2.4649 
21.4926 12.7668 -9.6288 -5.4981 4.5401 1.1480 -2.4707 -0.0435 0.1387 -1.0690 -0.6882 -1.2656 -0.8950 
22.9761 13.8128 -10.0274 -5.8567 4.7502 1.3760 -2.2407 0.2381 0.0117 -1.4190 -0.4579 -0.7016 -1.0693 
23.5526 13.7043 -11.3111 -7.0458 3.7583 -0.0649 -3.8066 -0.8419 -0.4986 -1.4711 -0.4975 -1.1804 -1.6116 
23.6009 13.3091 -11.8172 -6.4721 4.9262 0.5210 -3.5593 -0.3559 -0.1727 -1.6073 -0.6434 -1.0296 -1.4027 
24.9002 14.3093 -12.2737 -7.2936 4.8303 0.8224 -3.5292 -0.3224 0.1782 -1.3462 -0.5073 -0.5359 -0.8912 
24.9453 14.2617 -12.8011 -8.2082 4.6070 1.8445 -2.3132 0.0150 -0.0043 -1.1651 0.2015 0.2465 -0.4365 
25.0448 14.7707 -11.7199 -7.3670 4.2932 0.6797 -3.1836 -0.1082 0.1798 -1.0505 0.1748 0.0969 -0.4840 
26.7201 15.5851 -13.0189 -8.4954 4.3106 1.1734 -2.4294 0.6176 0.0245 -2.1414 -1.1932 -1.2882 -1.5784 
27.6060 16.5867 -12.3598 -8.2058 3.9147 0.5661 -2.5285 0.5641 -0.2750 -1.8549 -0.3697 -0.8824 -1.3101 
27.6463 16.5654 -12.2550 -7.6347 4.5406 0.6090 -2.7877 0.5589 -0.3737 -2.4192 -0.6568 -0.2553 -0.5416 
27.5865 16.4535 -12.4715 -7.9862 4.2211 0.6261 -2.2840 1.3414 0.2497 -2.2731 -0.9884 -0.8714 -1.1689 
28.0166 16.5756 -12.7721 -8.0847 3.7630 -0.5712 -3.3507 0.6959 -0.5418 -2.9587 -0.9716 -0.4380 -0.7391 
28.1344 16.9080 -12.0291 -7.0737 4.5787 -0.1396 -3.2401 0.4134 -1.0330 -3.0771 -0.6154 -0.1607 -0.8882 
28.6950 17.5086 -11.9244 -7.3293 4.4748 -0.0059 -3.1772 0.5630 -0.4552 -2.4308 -0.4464 -0.2048 -0.4621 
28.8779 17.7518 -11.7484 -7.3433 4.1311 -0.5679 -3.4418 1.0829 0.6654 -1.4458 -0.1307 -0.5964 -1.3124 
28.7385 18.1045 -10.7293 -6.7141 4.0611 -0.3881 -2.6780 1.3685 -0.1187 -2.3187 -0.2140 -0.3803 -1.4486 
28.2117 17.2562 -11.9299 -8.0919 3.1666 -0.7718 -3.0598 1.0645 -0.2433 -2.7834 -0.9850 -0.7418 -1.4285 
27.9585 17.0454 -11.6123 -7.2188 3.9544 -0.5385 -3.3439 0.3534 -0.9988 -2.9702 -0.7071 -0.5469 -1.2391 
28.6208 17.5398 -12.0598 -8.4894 2.3837 -1.6927 -3.8353 -0.0040 -1.5596 -3.3956 -0.8529 -0.7106 -1.6083 
26.9410 15.9216 -12.1841 -7.5327 3.6167 -0.8900 -3.4993 0.4780 -0.9362 -3.3510 -1.3890 -1.1768 -1.7662 
27.1067 16.5181 -11.1708 -6.9659 3.3506 -1.1341 -2.9645 1.4264 -0.0014 -2.2758 -0.4028 -0.8384 -1.7853 
28.0774 17.6639 -10.5739 -6.7703 3.5978 -0.7880 -2.7210 1.7323 0.3349 -2.5071 -1.1061 -0.9443 -1.1164 
27.0583 16.9555 -10.1857 -6.4562 3.1140 -1.3855 -2.9023 1.5137 -0.0048 -2.3841 -0.7034 -1.0731 -1.7010 
27.4717 17.4769 -9.7154 -6.0243 3.2603 -1.5687 -2.9554 1.8175 0.2913 -2.2681 -0.5748 -1.0848 -2.0761 
27.1962 16.8257 -10.5639 -6.4355 3.3509 -1.4826 -3.0133 1.7779 0.0878 -2.7796 -0.8260 -0.4287 -0.8342 
27.8263 17.4922 -10.3658 -6.3297 3.9298 -0.7644 -2.9246 1.3879 -0.1642 -2.8656 -0.8294 -0.1730 -0.5018 
27.3779 17.0063 -10.6454 -6.7788 3.1235 -1.3849 -3.0060 1.3165 -0.5609 -3.3728 -1.7495 -1.8154 -2.0182 
27.0770 16.7152 -10.6902 -6.8783 2.4682 -2.5460 -3.9166 1.1202 -0.4411 -3.2745 -1.3098 -0.9043 -1.3010 
28.0924 17.4650 -10.8846 -6.9099 3.1610 -1.6751 -3.3320 1.5158 -0.1469 -3.1723 -1.3299 -0.9224 -1.4826 
26.5995 16.5361 -10.4110 -6.6874 3.1913 -1.1296 -3.1088 0.9725 -0.3500 -2.5284 -0.6630 -0.8624 -1.7577 
27.4146 17.3700 -9.9415 -6.1898 3.5004 -1.2853 -3.1793 1.4784 0.2379 -2.4941 -0.9153 -0.6572 -0.9753 
28.5532 18.4028 -9.6912 -6.1105 3.3973 -1.6685 -3.4605 1.3226 0.0405 -2.4492 -0.5839 -0.4210 -0.8286 
27.2250 17.0258 -10.2899 -6.4011 3.4194 -1.0769 -2.8144 1.3243 -0.3331 -2.5304 -0.5203 -0.8615 -1.7945 
27.7353 17.9525 -9.0812 -5.2128 4.2719 -0.6962 -2.4500 2.2666 0.5577 -2.7311 -1.1244 -0.5384 -0.9442 
26.2014 16.3759 -9.9545 -6.2354 3.1350 -1.4147 -2.9352 1.7812 0.5254 -1.8800 0.2847 0.5443 -0.7281 
26.8722 16.6369 -10.5039 -6.4834 3.3737 -1.4032 -3.4573 0.9436 -0.1165 -1.9299 0.3698 0.0890 -1.4712 
26.5131 16.4190 -10.0499 -5.6843 3.7355 -1.4138 -2.9504 1.9546 0.2983 -2.4762 -0.3226 -0.1668 -1.3861 
26.1522 16.0297 -10.5445 -6.4196 3.6054 -0.7131 -2.7254 1.0536 -0.6842 -2.7719 -0.3490 -0.2570 -1.3536 
26.0625 16.2318 -9.9820 -6.2569 2.9982 -1.5767 -3.2922 0.8393 -0.6173 -2.5838 -0.5281 -0.9235 -1.6856 
26.7945 16.0942 -10.1920 -4.0855 5.1125 -1.5683 -2.9305 2.0895 -0.6258 -2.7544 0.9621 0.2547 -2.3218 
25.6517 14.4697 -11.3178 -4.5295 4.5558 -1.8618 -2.0256 2.8067 -1.6382 -4.0831 0.8232 0.5363 -2.1890 
25.3635 14.2250 -11.2512 -4.1847 4.9940 -1.7898 -2.4118 2.6584 -1.1727 -3.5781 0.9162 0.3967 -2.3814 
25.4599 14.1572 -11.3334 -3.7321 5.8345 -0.9603 -1.7102 3.1722 -0.6355 -2.7645 1.5529 0.4057 -2.6859 
24.8916 13.6240 -11.5201 -4.0299 5.2070 -1.6848 -2.1916 3.0047 -0.9378 -3.6348 0.5764 0.1680 -2.1762 
26.0237 14.9756 -10.9376 -4.1966 5.0678 -1.5145 -2.2537 2.7304 -0.6915 -2.8114 1.1828 0.0858 -2.5650 
26.0091 14.9040 -11.2015 -4.4858 5.1715 -1.3063 -2.5755 2.1738 -0.9111 -2.9658 0.8812 0.0867 -2.2148 
25.5840 14.2182 -11.5332 -4.0190 5.7152 -1.1518 -2.2391 2.6712 -0.8402 -2.9842 1.2319 0.2404 -2.7088 
25.7614 14.2982 -11.9207 -4.9136 4.7242 -1.6789 -2.1450 3.1351 -0.3086 -2.6764 1.1350 -0.0669 -2.8749 
25.8648 14.2439 -11.9495 -4.3230 5.5721 -1.3157 -2.0893 3.3484 -0.1473 -2.7726 1.1380 0.2817 -2.3603 
24.9677 13.1804 -12.5749 -4.7267 5.0883 -1.7208 -2.3428 2.8600 -0.7400 -2.7931 1.5518 0.3909 -2.5908 
25.3798 13.8847 -11.7089 -3.9304 5.5901 -1.5241 -2.1618 3.3056 -0.3219 -2.9355 1.0762 0.3131 -2.2887 
25.3054 13.8274 -11.8985 -4.4156 5.1168 -1.8906 -2.6840 2.7416 -0.5945 -2.8395 1.4693 0.7038 -2.1487 
25.0758 13.7434 -11.7091 -4.3421 5.0794 -1.6944 -2.1691 3.3688 -0.1877 -2.9372 1.0960 0.6147 -2.0277 
25.8191 14.1395 -12.0793 -4.3802 5.6992 -0.8168 -1.2529 3.9232 -0.3718 -3.4756 0.5449 -0.3050 -3.2790 
25.3963 14.1405 -11.2240 -3.6056 5.8448 -1.0337 -1.7032 3.2499 -0.7453 -3.1337 1.2198 0.2642 -2.8099 
25.8478 14.5458 -11.4745 -4.3612 5.2925 -1.2679 -1.9977 3.0614 -0.6684 -3.1928 1.0424 0.3765 -2.5825 
25.6556 13.9708 -12.2221 -4.6667 5.1282 -1.9051 -2.8387 2.6408 -0.5417 -2.8293 1.3092 0.6317 -2.0456 
25.6456 14.3677 -11.2988 -3.9128 5.4438 -1.6761 -2.5782 2.7417 -0.5726 -2.8800 1.0252 -0.1074 -2.8643 
25.0555 13.4989 -12.0883 -4.2088 5.9876 -0.5464 -1.6495 2.9875 -0.7428 -3.0752 0.8861 -0.0775 -2.6854 
25.2929 13.8369 -11.7375 -3.9805 5.8602 -0.8952 -1.8171 3.0693 -0.5588 -2.7511 1.2712 0.0824 -2.6378 
25.7341 14.2289 -11.7776 -4.1861 5.7130 -1.1911 -2.3297 2.6464 -0.8231 -2.8016 1.9155 1.3302 -1.7217 
25.6122 14.0725 -11.8859 -4.3076 5.4453 -1.5154 -2.3909 2.9310 -0.6102 -3.2169 0.8232 0.1722 -2.4116 
25.9401 14.3554 -11.8598 -4.2970 5.5307 -1.4985 -2.5700 2.6442 -0.7108 -3.0570 0.8572 -0.1534 -2.7773 
25.1392 13.8577 -11.7102 -4.4887 5.2254 -1.2024 -2.0280 2.8664 -0.8399 -3.5106 0.3883 -0.0460 -2.2045 
24.7899 13.0738 -12.4974 -4.5620 5.3021 -1.7584 -2.7649 2.3769 -1.4127 -3.9696 0.5663 0.2636 -2.4848 
25.0381 13.8048 -11.6910 -4.5310 5.1516 -1.3593 -2.3785 2.6146 -0.5294 -2.6487 1.3139 0.3284 -2.7194 
25.2015 13.8191 -11.8287 -4.5505 4.9523 -1.8052 -2.6654 2.3381 -1.1132 -3.1150 1.3054 0.5159 -2.3714 
25.3528 13.9365 -11.8001 -4.3299 5.5490 -0.9959 -1.9401 2.9381 -0.4744 -2.6030 1.1436 -0.3846 -3.2069 
25.1370 13.8947 -11.4928 -4.1607 5.2317 -1.6732 -2.6685 2.2495 -1.3156 -3.5756 0.5538 -0.2984 -2.8469 
25.5835 14.1723 -11.5700 -4.0824 5.3453 -1.6932 -2.5277 2.4948 -1.1906 -3.1966 1.3957 0.4405 -2.6212 
25.5003 14.1552 -11.5522 -4.1826 5.2891 -1.7385 -2.8125 2.2846 -0.9553 -3.1030 0.7745 -0.3092 -2.9259 
24.6328 13.3118 -12.0162 -4.5790 5.4041 -1.2727 -2.8509 1.9929 -0.9628 -3.3847 0.1230 -0.3830 -2.2263 
24.9967 13.5458 -11.9263 -4.2251 5.6770 -1.0073 -1.9950 2.9800 -0.4651 -2.7575 1.0453 -0.1801 -2.7853 
25.0241 13.7033 -12.0079 -4.9323 4.9503 -1.5276 -2.8737 1.9551 -1.1792 -3.6695 -0.0742 -0.5243 -2.5572 
24.1203 12.8886 -11.9514 -4.6105 4.8071 -1.8186 -2.6138 2.5777 -0.6272 -2.9599 0.7522 -0.3679 -3.1566 
24.5005 12.9176 -12.6008 -5.1055 4.8463 -1.5991 -2.3965 2.7984 -0.6479 -3.2919 0.5081 -0.2240 -2.6891 
25.1492 13.8504 -11.7022 -4.4476 5.1933 -1.2476 -1.9189 2.9467 -0.9764 -3.4367 1.0141 0.5735 -2.1381 
25.4932 14.2367 -11.6186 -4.5194 5.4485 -0.7829 -1.8884 2.5888 -1.1224 -3.3369 0.9798 0.3060 -2.5742 
25.8799 14.3918 -11.9905 -4.8717 5.2386 -1.1199 -2.2584 2.4293 -1.1892 -3.5319 0.6569 -0.0258 -2.7726 
25.0994 13.7271 -12.0235 -4.9903 4.6698 -1.5856 -2.1152 2.9724 -0.6916 -3.3488 0.5055 -0.1391 -2.5132 
25.2326 14.0670 -11.3781 -4.0842 5.6386 -1.0654 -2.5185 2.0583 -1.1292 -3.1819 0.4851 -0.6283 -2.9979 
24.4480 13.1475 -12.2821 -5.3785 4.4147 -1.6273 -2.6747 1.8451 -1.4534 -3.5233 0.1546 -1.0900 -3.7475 
24.9128 13.7747 -11.4951 -4.2877 5.3733 -1.0898 -2.1485 2.6571 -0.5777 -2.6982 1.0740 0.0148 -2.4259 
24.5922 13.5585 -11.1985 -3.6992 5.7000 -1.3287 -2.7879 1.9524 -1.0335 -2.6954 1.3956 0.2380 -2.4420 
24.8475 13.6934 -11.5206 -4.2419 5.3550 -1.3058 -2.3903 2.6036 -0.7046 -3.2148 0.4827 -0.3152 -2.7957 
25.2402 14.1693 -11.3192 -4.3452 5.2009 -1.4080 -2.5759 2.4222 -0.6769 -3.0621 0.6841 0.0715 -2.4111 
24.4274 13.1951 -11.9663 -4.7811 4.9617 -1.3173 -2.3965 2.0772 -1.6856 -4.1304 0.1301 0.0048 -2.4423 
23.7948 12.4318 -12.3992 -4.7787 5.3773 -0.7589 -2.0233 2.3237 -1.2228 -3.5076 0.3104 -0.5798 -3.2295 
24.1245 13.4464 -10.8996 -4.0181 5.1484 -1.1607 -2.1796 2.3259 -1.0650 -3.1580 0.9213 0.4210 -2.0594 
24.8457 13.4808 -11.8215 -4.1791 5.6476 -1.0895 -2.3988 2.0990 -1.5410 -3.7072 0.3679 -0.5106 -3.0140 
24.7083 13.6307 -11.4882 -4.4531 4.8775 -1.6758 -2.4237 2.6699 -0.8828 -3.4988 0.5988 0.3479 -1.9809 
24.8589 14.0170 -10.9712 -4.2004 4.9690 -1.2660 -1.7898 3.1358 -0.4046 -2.8265 1.0756 0.5463 -1.7123 
24.1992 12.9988 -11.7567 -4.3082 5.0923 -1.5207 -2.4224 2.1208 -1.7130 -3.7008 0.8673 0.0328 -2.9854 
24.3914 13.5166 -11.4851 -4.9673 4.4679 -1.3770 -2.2143 2.3801 -0.7595 -2.7445 0.9231 -0.2508 -2.9592 
24.0983 12.9231 -12.0746 -4.9082 5.1128 -0.8590 -2.0049 2.6943 -0.3814 -2.8304 0.4486 -0.3943 -2.6170 
23.7933 12.5810 -12.1662 -4.8610 4.9824 -1.0778 -2.0830 2.4162 -1.0854 -3.3547 0.4874 -0.2847 -2.7052 
23.9062 13.0836 -11.4430 -4.7756 4.3657 -1.7325 -2.4781 2.2076 -1.1898 -3.5008 0.3499 -0.1026 -2.2846 
24.5321 13.3631 -11.7830 -4.7914 4.5106 -1.9719 -2.7559 2.0428 -1.5907 -3.8036 0.5801 0.1434 -2.3881 
24.7090 13.7030 -11.4322 -4.6602 4.5567 -1.7213 -2.2452 2.7996 -0.7092 -3.3000 0.3045 -0.6004 -3.0628 
24.1207 13.0153 -11.7972 -4.6172 4.9365 -1.4930 -2.5811 2.2260 -0.9753 -3.1612 0.7752 0.0906 -2.4665 
24.4658 13.3819 -11.7009 -4.8243 4.6425 -1.2904 -1.7431 2.8099 -1.2897 -3.7183 0.6982 0.2082 -2.4931 
24.8389 13.9553 -11.0848 -4.1883 5.2680 -1.0559 -2.2665 2.0381 -1.4455 -3.3621 0.8080 -0.0760 -2.8384 
23.5080 12.3897 -12.1459 -5.0963 4.3755 -1.7442 -2.7698 1.5631 -1.8548 -3.8075 0.0486 -0.8622 -3.0320 
24.1839 13.1837 -11.4554 -4.1742 5.3697 -1.0014 -2.0328 2.4691 -1.2578 -3.5947 0.5666 -0.0151 -2.6415 
24.6474 13.4549 -11.4196 -3.8609 5.4210 -1.3324 -2.0428 2.5037 -1.6683 -3.7047 1.1164 0.4523 -2.4494 
24.2266 13.5669 -10.8883 -4.2236 4.8507 -1.1642 -1.8608 2.4988 -1.1307 -3.1344 0.7985 -0.2790 -2.8320 
24.8004 13.9806 -10.7663 -3.5852 5.6685 -1.0974 -2.1609 2.7297 -0.7772 -3.3640 0.5144 -0.0613 -2.6237 
24.1514 13.1575 -11.5391 -4.3075 5.4441 -0.6595 -1.4879 3.3457 -0.2741 -3.0592 0.8051 0.4476 -2.1876 
24.6595 13.7102 -11.3840 -4.5837 4.9269 -1.1117 -1.8162 2.9614 -0.6527 -3.2701 0.5256 -0.0442 -2.4182 
24.0060 13.3005 -11.1833 -4.5558 4.7375 -1.0975 -1.8188 2.6533 -0.9574 -3.2948 0.7544 0.4442 -1.8773 
23.8581 13.0719 -11.2278 -4.1341 5.3885 -0.6816 -1.6064 3.0316 -0.3970 -2.9161 0.8051 0.4087 -1.8724 
23.9464 13.3245 -10.9883 -4.2418 5.1717 -0.6904 -1.6525 2.7310 -0.6952 -3.0486 0.5806 -0.0867 -2.3247 
23.9974 13.5673 -10.3861 -3.8118 4.7040 -1.5062 -2.0422 2.0884 -1.9778 -3.8283 0.6706 -0.1036 -2.5351 
23.2064 12.6709 -11.1317 -4.5389 4.5250 -1.1790 -1.8699 2.2876 -1.4581 -3.6182 0.4212 -0.1717 -2.6287 
23.6987 13.0183 -11.1865 -4.4016 4.8720 -1.1352 -2.0572 2.3836 -1.1415 -3.5037 0.4195 0.0009 -2.4063 
23.8792 13.1863 -11.2240 -4.6753 4.3885 -1.6986 -2.4888 2.1533 -1.3009 -3.6474 0.3840 0.0794 -2.2948 
23.1819 12.2948 -11.5353 -4.1152 5.1887 -1.2817 -2.3505 2.3321 -0.8014 -2.8329 0.9431 0.1642 -2.1441 
23.5758 12.6138 -11.6892 -4.6256 4.5755 -1.6729 -2.3821 2.2686 -1.3341 -3.5869 0.4480 -0.1599 -2.5417 
23.7000 12.9280 -11.2052 -4.1353 5.0838 -1.1089 -1.8108 2.8639 -0.7711 -3.2097 0.6526 -0.1163 -2.8070 
23.9677 13.1080 -11.3794 -4.5123 4.7268 -1.2270 -1.7296 2.8127 -0.9650 -3.2009 0.8379 -0.0082 -2.6190 
23.8088 12.9578 -11.2515 -4.1509 4.7944 -1.7664 -2.5308 2.1156 -1.5793 -3.8022 0.2806 -0.3899 -2.5129 
23.3053 12.7027 -11.2095 -4.3375 5.1434 -0.7404 -1.7993 2.8268 -0.2931 -2.9096 0.3464 -0.2292 -2.4111 
23.3467 12.4112 -11.6826 -4.4629 4.9001 -1.1759 -1.7099 3.0848 -0.5884 -3.0288 1.0646 0.5965 -1.8920 
22.2862 11.8864 -11.0571 -4.1816 4.5463 -1.7487 -2.6866 2.0366 -1.0516 -3.4251 0.1712 -0.1237 -2.1035 
22.6062 12.4172 -10.6980 -4.3956 4.1671 -1.5756 -2.0747 2.4656 -0.9571 -3.4119 0.1702 -0.2957 -2.5344 
22.5907 12.0279 -11.3786 -4.4566 4.8920 -0.7669 -1.4280 3.2938 0.0788 -2.4533 0.9182 0.0794 -2.7013 
23.2109 12.8476 -10.6735 -3.9873 4.9012 -1.1799 -1.9624 2.8496 -0.1721 -2.5192 0.8740 0.0880 -2.3931 
22.6009 12.2602 -10.8767 -4.1591 4.7901 -0.9103 -1.6415 2.4945 -1.1264 -3.3055 0.6029 0.1780 -2.0942 
22.9224 12.3334 -11.4627 -4.9293 4.2902 -1.2542 -2.0997 1.9235 -1.6431 -3.5320 0.7930 0.5139 -1.8663 
22.3591 12.1007 -10.5977 -3.4567 5.5522 -0.5842 -1.8129 2.2982 -1.0203 -3.1080 0.4948 -0.3571 -2.6307 
22.0871 11.4850 -11.6273 -4.7358 4.2617 -1.4814 -1.9108 2.7779 -0.6403 -3.0208 0.6506 -0.0533 -2.6146 
22.3820 12.0638 -10.7066 -3.6767 5.0572 -1.0930 -1.8787 2.5606 -0.6714 -2.4864 1.3590 0.3593 -2.1731 
22.3637 12.4084 -10.0931 -3.4860 4.9288 -1.2969 -2.3601 2.0132 -0.9829 -2.9378 0.6259 -0.2378 -2.6519 
22.4547 11.9904 -11.2112 -4.4286 4.7014 -0.6440 -0.9279 3.2485 -0.8554 -3.3192 0.7330 0.1834 -2.4466 
21.5439 11.2523 -11.3266 -4.7714 4.0513 -1.3663 -2.0175 2.0297 -1.3460 -3.1789 0.7282 0.0653 -2.3448 
21.7173 11.0665 -12.0476 -5.2135 4.2278 -1.0548 -1.8078 2.3230 -1.1533 -3.3968 0.3601 -0.1595 -2.6718 
22.2756 11.7781 -11.3380 -4.5152 4.4944 -1.2216 -1.9897 2.0241 -1.7015 -3.6983 0.4204 -0.2119 -2.6565 
21.8483 11.8302 -10.8523 -4.7866 4.0277 -1.0753 -1.9118 1.8400 -1.4861 -3.4994 0.0322 -0.4939 -2.5583 
22.3300 12.1386 -10.8824 -4.4479 4.7369 -0.3439 -0.9808 2.9353 -0.7829 -3.1578 0.5127 -0.0649 -2.5678 
21.7707 11.6524 -10.9995 -4.7097 4.1402 -1.1122 -1.7852 2.4521 -0.5172 -2.4540 0.8810 -0.0723 -2.3930 
21.3101 11.0952 -11.1194 -4.3356 4.3252 -1.5033 -2.2073 2.3192 -0.8472 -3.1919 0.2545 -0.2638 -2.4483 
21.3136 11.1021 -11.2313 -4.6768 4.0199 -1.4811 -2.1434 2.0775 -0.9941 -2.8262 0.5681 -0.6298 -2.9895 
21.8838 12.1776 -10.0100 -3.8824 4.4649 -1.1520 -1.9703 2.3260 -0.5659 -2.5753 0.8381 0.1928 -2.1286 
21.6825 12.1205 -10.0725 -4.5596 3.5978 -1.4690 -1.9942 2.1171 -0.8346 -2.8987 0.3039 -0.0639 -1.6578 
21.7306 11.8126 -10.4783 -4.1293 4.4900 -0.9126 -1.5406 2.6085 -0.7853 -3.0539 0.5747 0.2357 -1.9365 
20.5039 10.6300 -10.8842 -4.4873 3.8650 -1.5970 -2.0386 2.5353 -0.6311 -3.3338 -0.2869 -0.7280 -2.7208 
21.1337 11.3647 -10.4828 -4.1972 4.4282 -0.9685 -2.0412 1.8169 -1.2820 -3.2270 0.5333 0.1712 -2.4517 
21.5649 11.6464 -10.4409 -4.0574 4.0949 -1.7649 -2.1770 2.4477 -0.8261 -3.0332 0.7601 0.1102 -2.7436 
20.8933 10.7232 -11.1909 -4.3334 4.4754 -1.0636 -1.8595 2.0597 -1.5264 -3.4773 0.8520 0.8075 -1.6319 
21.9071 12.0569 -10.3500 -4.2738 4.1673 -1.1425 -1.6587 2.4008 -1.0373 -3.1540 0.4644 -0.1432 -2.2940 
21.0667 11.3473 -10.3125 -4.0762 4.1761 -1.1683 -1.5588 2.8102 -0.1793 -2.2622 0.8241 -0.1533 -2.3170 
21.3309 11.8086 -9.8309 -3.7577 4.4752 -0.7796 -1.4245 2.3396 -1.0735 -3.0121 0.5801 -0.1103 -2.3600 
20.7813 11.3320 -10.0228 -4.0068 4.2799 -1.1284 -2.0752 2.2731 -0.3240 -2.6917 0.2606 0.0305 -1.8612 
21.2098 11.4948 -10.5162 -4.5700 4.1440 -0.6412 -1.2243 2.7524 -0.3943 -2.6458 0.6809 0.5119 -1.2753 
21.1678 11.6330 -9.9790 -3.9295 4.3157 -1.0261 -1.6074 2.7593 -0.1617 -2.3482 1.0044 0.4960 -1.9223 
21.5053 11.8854 -9.8569 -3.5047 4.8600 -0.7567 -1.7249 2.2000 -0.9233 -2.8713 0.5953 -0.0168 -2.0476 
21.0514 11.6247 -9.6001 -3.3590 4.6967 -0.6888 -1.3223 2.2498 -1.3952 -3.0576 1.0576 0.4055 -2.1912 
21.2675 12.0032 -9.3547 -3.4694 4.6221 -0.5247 -1.2168 2.3862 -1.0499 -2.9536 0.7802 0.3376 -1.9423 
20.8556 10.9526 -10.7529 -4.1362 4.6853 -0.5798 -1.3703 2.6320 -0.6832 -2.9882 0.4310 -0.0086 -2.1187 
21.0986 11.3786 -10.3259 -4.0918 4.2016 -1.1908 -1.6465 2.5931 -0.8774 -3.3137 0.2186 -0.2827 -2.6233 
20.9068 11.3380 -10.3929 -4.5974 4.0561 -0.4884 -1.0923 2.5317 -0.6508 -2.4710 1.0642 0.4874 -1.6652 
21.2448 11.4521 -10.5302 -4.4087 4.0891 -1.1466 -1.8749 2.0318 -1.3094 -3.4407 0.2398 0.0751 -1.9016 
20.8637 11.1983 -10.0848 -3.5507 4.5716 -1.0424 -1.4574 2.7744 -0.6864 -2.8976 0.6741 0.0617 -2.0299 
20.6299 10.6332 -11.0254 -4.5134 3.8543 -1.7222 -2.2984 2.0422 -1.0817 -3.2629 0.0959 -0.4259 -2.2894 
20.3014 10.5551 -10.7638 -4.4816 3.8648 -1.5317 -2.2022 2.1988 -0.8320 -3.5794 -0.6959 -0.8389 -2.5027 
21.2834 11.7137 -9.8350 -3.6119 4.3991 -1.2186 -1.7046 2.4358 -1.1447 -3.4564 0.2478 -0.2220 -2.5621 
20.8547 11.3380 -10.0896 -4.0704 4.2201 -0.8002 -1.2642 2.7368 -0.4602 -2.5577 0.6919 -0.1198 -2.3625 
20.9851 11.7949 -9.2982 -3.3937 4.5483 -0.8064 -1.4940 2.5622 -0.5051 -2.7363 0.3394 -0.5296 -2.9833 
20.7075 11.3477 -9.5379 -3.3097 4.3406 -1.3908 -1.9099 2.1332 -1.1891 -3.0259 0.6471 -0.2210 -2.6792 
20.4511 10.6531 -10.9454 -5.0435 3.0692 -2.0579 -2.3680 1.8385 -1.3312 -3.4775 -0.1881 -0.8006 -2.7140 
20.9609 11.5707 -9.7240 -3.6406 4.5894 -0.8003 -1.8781 1.8034 -1.2171 -3.0493 0.4640 0.1374 -1.6933 
20.8038 11.1518 -10.3952 -4.2460 4.1970 -0.9978 -1.8223 1.9588 -1.3010 -3.2224 0.6273 0.3390 -2.1075 
21.4910 12.0276 -9.7862 -4.0103 4.0790 -1.2753 -1.9311 2.3086 -0.5648 -2.6326 0.6800 0.1555 -2.1043 
20.9002 11.1569 -10.4496 -4.1951 4.0472 -1.4567 -2.0858 2.2371 -0.6560 -2.6040 0.8799 0.4120 -1.6879 
20.9879 11.2417 -10.4872 -4.3082 4.1277 -1.0212 -1.5603 2.4102 -1.0212 -3.4172 -0.2079 -0.6636 -2.3354 
20.5375 10.9445 -10.3315 -4.1498 4.0751 -1.3527 -2.1583 1.9175 -1.1517 -3.2512 0.4216 0.3914 -1.6496 
20.7611 11.1632 -10.3897 -4.6292 3.4144 -1.4762 -1.6819 2.0550 -1.5771 -3.4392 0.3640 -0.3569 -2.6779 
20.6732 11.2040 -10.1227 -4.2516 3.8808 -1.1236 -1.4949 2.5173 -0.8284 -3.0089 0.4693 -0.1631 -2.5965 
20.3215 10.7466 -10.1804 -3.6949 4.4511 -1.0934 -1.7923 2.3300 -0.5987 -2.3334 1.1346 0.2794 -1.9212 
20.8797 11.1449 -10.5082 -4.4383 3.6796 -1.7049 -2.1889 2.0280 -1.0570 -3.0509 0.3414 -0.3914 -2.4859 
20.9573 11.3413 -10.1818 -4.1191 3.9054 -1.4739 -1.8437 2.4542 -0.5710 -2.4071 1.1073 0.2092 -2.2695 
20.3725 10.7109 -10.4341 -4.2087 3.6657 -1.8035 -1.8976 2.6423 -0.7672 -3.2705 0.2174 -0.0440 -2.0453 
21.5645 11.6784 -10.3903 -3.9384 4.5403 -0.9772 -1.4394 2.9594 -0.4150 -2.8719 0.5901 0.1374 -2.2285 
20.9445 11.1022 -10.4910 -4.0067 4.1780 -1.3539 -1.4790 3.0083 -0.6729 -3.1771 0.6459 0.3271 -2.1177 
21.0706 11.5915 -9.8217 -3.6569 4.6638 -0.4305 -0.8586 3.1392 -0.3857 -3.0195 -0.1393 -0.9547 -2.8883 
21.0856 11.4666 -10.2784 -4.3919 3.8107 -1.3679 -1.8450 2.3757 -0.6576 -2.8178 0.4583 -0.0199 -2.0465 
20.9991 11.2986 -10.1884 -3.7927 4.3941 -1.1163 -1.6669 2.4241 -0.8149 -2.8160 0.6546 0.1431 -1.7460 
20.4262 10.8310 -10.4724 -4.3655 4.0569 -1.0702 -1.8786 2.1274 -0.6971 -2.5511 0.9044 0.3613 -1.9363 
20.1766 10.8606 -9.9311 -3.8962 4.2308 -0.9959 -1.9151 2.0457 -0.4930 -2.2359 0.8118 0.1515 -1.6800 
21.2287 11.6264 -10.1185 -4.1078 4.1895 -1.0149 -1.6233 2.4010 -0.7168 -2.7897 0.4743 -0.1690 -2.2043 
20.7344 11.2797 -10.0057 -4.0084 4.2326 -0.8116 -1.4888 2.1707 -1.0948 -2.9113 0.6601 0.0269 -2.2268 
20.7206 11.1140 -10.3523 -4.4125 3.7218 -1.3167 -1.6978 2.2631 -0.8887 -2.8165 0.3099 -0.6993 -2.7282 
20.6883 10.9472 -10.4767 -4.0929 4.1660 -1.3945 -2.0460 2.3508 -0.4767 -2.4948 0.8363 0.2556 -1.8938 
21.2545 11.9543 -9.5870 -3.9168 4.2856 -0.6052 -1.3817 2.0375 -1.1226 -2.5952 1.0611 0.2661 -2.0489 
20.7390 11.3492 -9.7586 -3.5854 4.5206 -1.0313 -1.9467 2.1816 -0.5781 -2.4445 0.9771 0.3767 -1.9983 
20.7767 11.4050 -9.8898 -4.0803 3.9846 -1.2040 -1.8739 2.1046 -1.0160 -3.2086 0.1163 -0.2320 -2.1001 
20.8354 11.4250 -9.9211 -4.0334 4.1859 -0.8307 -1.4957 2.2625 -0.8716 -2.7096 0.8235 0.3946 -1.5082 
21.1650 12.0171 -9.0983 -3.2673 4.4397 -0.9956 -1.4524 2.6157 -0.8315 -3.1544 0.3849 -0.0289 -2.3881 
20.9777 11.5836 -9.7146 -3.6081 4.6833 -0.4822 -1.1697 2.6529 -0.7134 -2.8861 0.5645 -0.1201 -2.7341 
21.1005 11.3958 -10.5106 -4.7890 3.3271 -1.5317 -1.4886 2.6617 -0.9470 -3.2851 0.3182 0.1203 -1.8500 
20.1356 10.9211 -9.6377 -3.5523 4.3187 -1.0977 -1.8000 2.3429 -0.5281 -2.5468 0.8401 0.4125 -1.9118 
20.7484 11.3652 -9.8261 -3.9335 3.8636 -1.6802 -2.2407 2.2485 -0.4268 -2.5420 0.4810 -0.2340 -2.2895 
20.7810 11.1397 -10.1896 -3.8361 4.1399 -1.8765 -2.7304 1.8841 -0.7515 -2.7640 0.6938 0.1937 -2.1242 
20.7015 10.8146 -10.7730 -4.3529 3.9642 -1.4654 -1.9453 2.2351 -1.0876 -3.2276 0.3682 -0.0555 -2.2602 
20.4363 11.2439 -9.6103 -3.8324 4.0866 -0.9629 -1.6496 1.9772 -1.0922 -2.6630 0.9411 0.1796 -2.2268 
20.8851 11.4566 -9.7865 -3.6874 4.3287 -1.1528 -1.7710 2.4613 -0.5890 -2.8233 0.3981 -0.1301 -2.1378 
21.7222 12.0994 -10.1417 -4.5391 3.6861 -1.3153 -1.7826 2.1610 -0.9558 -2.7132 0.9046 0.3753 -1.6451 
20.6663 11.4555 -9.7154 -4.1850 3.8665 -0.8048 -1.0737 2.9185 -0.2128 -2.3086 1.0631 0.5760 -1.7503 
20.5236 11.0390 -10.0166 -3.7864 4.1899 -1.5471 -2.4194 1.8620 -0.9236 -2.9716 0.3066 -0.2616 -2.3722 
20.6382 11.3010 -9.9943 -4.4588 3.4329 -1.6532 -2.1702 2.0854 -0.5289 -2.4809 0.5142 -0.2550 -2.3629 
20.0928 10.6952 -9.8133 -3.3298 4.5155 -1.1606 -1.8485 2.1659 -0.8995 -2.7408 0.4898 -0.5627 -2.6527 
20.7466 11.2951 -9.8726 -3.8407 3.9732 -1.3784 -1.5663 2.6789 -0.7115 -2.8665 0.6921 0.1102 -2.0413 
20.4778 11.0928 -10.0688 -4.1983 4.0470 -0.9871 -1.7597 2.1515 -0.7725 -2.8642 0.2014 -0.4845 -2.4532 
20.2255 11.1030 -9.6694 -4.1310 3.6087 -1.4017 -1.8389 2.1280 -1.1741 -3.5490 -0.1302 -0.2983 -2.4338 
19.8456 10.5706 -10.0486 -4.2039 3.7346 -1.2271 -1.6659 2.3162 -0.8425 -3.1187 0.1021 -0.2490 -2.3940 
19.8154 10.3773 -10.3325 -4.3106 3.7028 -1.2735 -1.5896 2.4704 -0.6488 -2.7692 0.3743 -0.3194 -2.4197 
21.0109 11.6521 -9.7066 -3.9689 3.8202 -1.3878 -1.5859 2.6642 -0.6121 -2.8909 0.3483 -0.3778 -2.6826 
20.8458 11.5885 -9.3226 -3.2183 4.4780 -1.0202 -1.2618 3.0106 -0.4392 -2.8103 0.5724 -0.0956 -2.5342 
20.3614 10.9447 -10.1386 -4.2589 3.8678 -0.9831 -1.2136 2.8036 -0.6626 -3.0039 0.5155 0.0873 -2.4845 
20.2266 11.0109 -9.8332 -4.1268 3.9579 -0.7387 -1.2885 2.1100 -1.4656 -3.5780 -0.1588 -0.7340 -2.9955 
20.7308 11.6382 -9.4426 -4.1181 3.6054 -1.0864 -1.3282 2.3211 -0.9898 -2.7825 0.5607 -0.3689 -2.5275 
20.8368 11.8352 -9.0962 -3.6517 3.9433 -0.9557 -1.0687 2.8247 -0.8372 -3.3622 -0.0380 -0.3039 -2.3970 
20.1217 10.9869 -9.5981 -3.7405 4.1471 -1.0620 -1.8192 2.2095 -0.5177 -2.5493 0.4767 -0.0462 -1.9880 
20.6405 11.3190 -9.9000 -4.1006 4.1255 -0.9485 -1.6140 2.7254 0.0017 -2.5153 0.2731 -0.0669 -1.9448 
20.1751 11.1207 -9.7556 -4.5261 3.4455 -0.9496 -1.2446 2.5891 -0.5539 -2.8295 0.4632 0.4290 -1.5955 
20.3316 11.1653 -9.5574 -3.8128 3.9310 -1.0167 -1.4134 2.0522 -1.5396 -3.3846 0.0927 -0.8191 -2.8926 
19.4017 10.2262 -10.0129 -4.3240 3.1536 -1.8464 -1.8087 2.4950 -0.7899 -3.1106 0.2913 -0.2472 -2.7366 
19.6456 10.7270 -9.2783 -3.4865 4.1129 -0.8298 -1.1138 2.7762 -0.4496 -2.4716 0.9700 0.4260 -2.0069 
20.2399 11.2595 -9.5081 -4.2057 3.7794 -0.5576 -0.8019 2.9050 -0.4050 -2.6832 0.5600 0.3208 -1.6513 
19.7486 10.2714 -10.4058 -4.2812 3.6050 -1.8251 -2.1640 2.6013 -0.1957 -2.7813 0.2252 -0.1156 -2.2612 
21.0567 12.0095 -9.0792 -3.5382 4.0596 -1.3878 -2.1140 2.0168 -0.7690 -2.8850 0.1172 -0.4107 -2.2603 
20.6042 11.6010 -9.1741 -3.6115 4.0804 -0.8964 -1.2807 2.5203 -0.9235 -3.2446 0.1557 -0.0078 -2.0117 
20.7970 11.8929 -9.0754 -3.8996 3.7663 -0.9709 -1.4042 2.3366 -0.7367 -2.8274 0.2041 -0.2321 -1.8958 
20.5501 11.2444 -9.8851 -4.0214 4.3595 -0.4618 -1.1641 2.6742 -0.4346 -2.7422 0.4390 0.1701 -1.8531 
21.2950 11.9321 -9.6511 -3.8611 4.3303 -0.7332 -1.3213 2.6771 -0.3776 -2.5750 0.4000 -0.3122 -2.1595 
20.1955 11.0193 -9.6300 -3.8261 3.9304 -1.0661 -1.2659 2.6178 -1.2137 -3.9539 -0.4687 -0.2546 -2.0305 
20.3113 11.0824 -9.5569 -3.5456 4.0561 -1.4823 -1.9149 2.3864 -0.6341 -2.7475 0.5505 -0.0014 -1.9789 
20.1338 11.3309 -9.1232 -3.6228 4.6156 0.1675 -0.7649 2.5434 -0.5917 -2.8859 0.2555 0.3619 -1.5169 
20.3537 11.1679 -9.8198 -4.3552 3.6094 -1.0403 -1.4336 2.4116 -0.4878 -2.3164 0.8526 0.2440 -1.6126 
20.8106 11.7705 -9.2217 -3.8390 3.6703 -1.2862 -1.1962 3.1649 -0.1343 -2.5553 0.7347 0.2966 -1.9155 
20.6935 11.4379 -9.4958 -3.4353 4.6052 -0.5605 -1.0723 2.8059 -0.6663 -3.1247 -0.0308 -0.5986 -2.4733 
20.7251 11.2429 -9.8624 -3.5315 4.5625 -1.0114 -1.8022 2.1316 -1.1542 -3.2961 0.1031 -0.3991 -2.2548 
20.6764 11.3710 -9.7591 -3.9301 4.1951 -0.5890 -0.7565 3.3534 0.0096 -2.5555 0.4067 0.0441 -1.6426 
20.6764 11.6733 -9.1803 -3.7032 3.9749 -0.8405 -0.9435 2.8973 -0.8553 -3.2880 0.3667 0.1420 -2.2770 
20.2481 11.1700 -9.5064 -3.7834 4.2649 -0.5669 -1.3883 1.8876 -1.4910 -3.2056 0.7078 0.5079 -1.7107 
20.2904 11.3940 -9.2790 -4.0081 3.7975 -0.7739 -1.2077 2.4995 -0.5987 -2.7492 0.3716 -0.0119 -2.1113 
20.5879 11.2536 -9.8891 -4.0029 4.2448 -0.7641 -1.4934 2.4055 -0.6643 -3.0022 0.0421 -0.1741 -1.7312 
20.1154 11.0911 -9.6029 -4.2210 3.5886 -1.1974 -1.7188 2.2174 -0.6911 -2.8677 0.3671 0.2757 -1.8496 
21.1074 11.6966 -9.8543 -4.2092 3.6554 -1.4996 -1.8184 2.1747 -1.3510 -3.5641 0.1756 -0.1250 -2.4979 
20.6974 11.5040 -9.8123 -4.6598 3.0680 -1.6485 -1.7571 2.4752 -0.4237 -2.4127 0.9081 0.4170 -1.6426 
20.8380 11.6566 -9.4772 -3.8604 3.9357 -1.2978 -1.9820 1.9246 -1.0270 -2.8175 0.7232 0.2821 -1.8030 
19.8246 10.8360 -9.6029 -4.0757 3.8348 -0.9897 -1.8136 1.9293 -0.7269 -2.6868 0.1736 -0.3737 -2.1677 
19.8904 10.5054 -10.3520 -4.5421 3.6004 -1.2760 -1.8647 2.0286 -0.9794 -2.9348 0.4616 -0.2932 -3.0515 
20.1847 11.4526 -8.6803 -3.1391 4.1520 -1.0047 -1.4095 2.3477 -0.9798 -3.0742 0.1944 -0.3773 -2.2814 
19.5936 10.8237 -9.2175 -3.8944 3.5303 -1.3595 -1.8961 1.9654 -0.6705 -2.2795 1.0261 0.4795 -1.5068 
19.6659 10.7635 -9.4002 -3.7621 4.0508 -0.8039 -1.3269 2.7375 -0.0012 -1.9195 1.6473 1.5100 -1.0195 
19.7989 10.6788 -9.8242 -4.1151 3.8554 -1.0695 -1.7805 2.1051 -0.7130 -2.6994 0.4988 -0.0443 -2.2777 
19.3148 9.9436 -10.6364 -5.0191 2.8211 -2.0699 -2.5593 1.3506 -1.7341 -3.8350 -0.3036 -0.3125 -2.3745 
20.4343 11.5968 -9.1112 -3.9841 3.5860 -1.1600 -1.6380 2.1096 -0.8363 -2.8220 0.1783 -0.4286 -2.2353 
20.5713 11.7618 -8.8826 -3.6483 3.7768 -1.1156 -1.4001 2.4218 -0.9354 -3.2086 0.1014 -0.1260 -2.0080 
19.8806 10.7236 -10.1134 -4.7481 3.5462 -0.5612 -0.8414 2.9557 -0.0672 -2.3422 0.7488 0.7665 -0.8546 
20.1497 11.4192 -9.0342 -3.9763 3.5958 -0.9216 -1.3797 2.1429 -0.8198 -2.5626 0.5872 -0.0774 -1.9710 
19.7692 10.9969 -9.2837 -4.1471 3.4694 -1.0668 -1.5739 1.9896 -0.9753 -2.7524 0.6305 0.1161 -2.3223 
20.2302 11.0393 -9.9486 -4.3741 4.0859 -0.3204 -1.3104 1.7915 -1.2591 -2.8919 0.4253 -0.2234 -2.2962 
20.1602 11.1428 -9.4704 -3.8492 4.1551 -0.6493 -1.3809 2.2207 -0.9406 -3.0298 0.4321 0.3218 -1.7748 
20.2406 11.6085 -8.6381 -3.3341 4.1972 -0.6411 -1.2024 2.3570 -1.0813 -3.3871 0.0631 -0.0815 -2.1935 
20.6773 11.8075 -8.9035 -3.5068 4.0102 -1.0171 -1.3679 2.5546 -0.7365 -2.9218 0.5864 0.3894 -1.7051 
19.9706 11.0665 -9.4885 -4.2519 3.5898 -0.9478 -1.4711 2.1932 -1.0415 -3.5726 -0.4844 -0.1798 -1.5365 
19.4016 10.1497 -10.4939 -5.1507 2.7782 -1.7198 -2.1612 1.5437 -1.5816 -3.7998 -0.5354 -0.4460 -2.0957 
20.0721 10.9680 -9.6508 -4.0682 3.7291 -0.9730 -1.2482 2.4604 -0.8590 -2.9757 0.0583 -0.7638 -2.7152 
20.3382 11.1996 -9.6262 -3.9922 3.9565 -0.8617 -1.3739 2.2668 -1.1051 -3.2266 0.1700 -0.2451 -2.2035 
20.0146 11.1025 -9.4293 -4.1907 3.4797 -1.0978 -1.4390 2.2436 -0.8236 -2.5560 0.9244 0.1740 -2.4643 
20.1379 11.3067 -9.1449 -3.9564 3.5003 -1.0453 -1.1595 2.3110 -1.3647 -3.4689 0.1239 -0.0317 -1.9443 
20.5509 11.6526 -9.3275 -4.3042 3.5301 -1.0494 -1.7185 1.8808 -1.1119 -3.1983 0.0226 -0.1627 -2.1835 
20.0626 10.6748 -10.2019 -4.2114 4.0181 -1.0525 -1.8171 2.1493 -0.8418 -3.0434 0.4121 0.4098 -1.8112 
19.6387 10.8738 -9.4111 -4.4062 3.3230 -0.8014 -1.0855 2.3617 -0.7483 -2.7291 0.2357 -0.4701 -2.5321 
20.0525 10.9601 -9.6426 -4.0420 3.8595 -0.6817 -0.8104 3.0579 -0.1092 -2.1527 0.9427 0.2229 -1.7615 
19.8723 10.5967 -10.1672 -4.6061 3.3122 -1.0965 -0.8321 3.2935 -0.2226 -2.6805 0.6244 0.1616 -2.1505 
19.8176 10.7870 -9.4115 -3.4234 4.4733 -0.5495 -1.1966 2.5519 -0.4506 -2.3225 0.9458 0.2877 -2.0025 
20.6408 11.4426 -9.8818 -4.7504 3.1060 -1.3219 -1.1928 2.9608 -0.4348 -2.9869 0.1940 -0.1471 -2.1977 
19.7176 10.9016 -9.2934 -4.0315 3.4440 -1.2142 -1.4894 2.2028 -1.0053 -2.8821 0.7140 0.3620 -1.9940 
20.4398 11.7699 -8.8074 -3.7423 3.9880 -0.5713 -1.2595 2.3073 -0.5225 -2.5726 0.2928 -0.0568 -1.7730 
19.9305 11.3266 -8.7022 -3.4451 4.0076 -0.5828 -0.9234 2.4923 -0.9543 -3.0135 0.2322 -0.3881 -2.3689 
20.3177 11.3595 -9.2146 -3.5578 4.2838 -0.7565 -1.3520 2.8133 0.0563 -2.3254 0.3987 -0.0414 -1.7287 
19.9336 11.0528 -9.4533 -4.3258 3.2414 -1.4165 -1.7498 2.1464 -0.8516 -2.9372 0.3120 -0.1421 -2.4783 
20.4266 11.2350 -9.7245 -4.0286 4.0501 -0.9650 -1.7227 2.2886 -0.5539 -2.9365 -0.0597 -0.2792 -2.0442 
19.8498 11.0687 -9.0540 -3.4257 4.3929 -0.5867 -1.4780 2.3101 -0.4781 -2.7809 -0.0802 -0.6629 -2.7205 
20.6377 11.6714 -9.2954 -4.0233 3.8792 -0.7039 -1.1295 2.6137 -0.5385 -2.7347 0.4313 0.0885 -1.9168 
20.2703 11.7500 -8.4347 -3.2751 4.2765 -0.2215 -0.6103 2.8266 -0.6745 -3.1958 -0.1679 -0.0814 -1.5410 
20.0886 11.3015 -9.1490 -4.0983 3.2175 -1.5694 -1.7784 2.2676 -0.6791 -2.8774 0.0746 -0.3660 -2.0145 
19.8055 11.0341 -9.0292 -3.4768 4.0769 -1.0331 -1.8725 1.7532 -1.2413 -3.2036 0.1357 -0.1364 -2.0294 
19.7484 10.6724 -9.5828 -3.7517 3.8974 -1.1580 -1.3852 2.7930 -0.4142 -2.9101 0.1046 -0.2277 -2.0476 
19.9799 10.9858 -9.3972 -3.7296 3.9141 -1.1884 -1.6450 2.4248 -0.6790 -3.0471 0.0935 -0.2789 -2.3679 
20.2444 11.4937 -9.0477 -3.9458 3.6799 -1.0517 -1.6960 2.1065 -0.5812 -2.5556 0.4439 0.0977 -1.6885 
19.5685 10.9746 -8.5503 -2.8766 4.3069 -0.7532 -0.9702 2.7273 -0.9317 -3.1874 0.4097 0.0550 -2.4284 
19.9299 11.0207 -9.6250 -4.5372 3.3759 -0.9841 -1.4316 2.4538 -0.3409 -2.6480 0.2795 0.2983 -1.3296 
20.0397 11.2065 -9.2323 -3.8957 3.9848 -0.4554 -0.8912 2.6689 -0.5153 -2.5250 0.7715 0.2369 -2.1085 
19.5463 10.9286 -9.0223 -3.9677 3.3332 -1.3211 -1.5253 2.6319 -0.1216 -2.5240 0.2439 0.1289 -1.5983 
20.1377 11.3680 -8.8781 -3.3508 4.2494 -0.6852 -1.1185 2.9419 0.1460 -1.9876 0.8547 0.1036 -2.0589 
20.3935 11.8131 -8.6756 -3.9124 3.2696 -1.3501 -1.3435 2.6996 -0.5516 -2.8226 0.7963 0.8245 -1.5902 
19.9845 11.0225 -9.6402 -4.5433 3.0921 -1.4634 -1.6750 2.3300 -0.6410 -2.8404 0.3166 0.1005 -1.7943 
19.8851 11.3821 -8.5698 -3.5697 3.4286 -1.5325 -1.7519 2.4016 -0.4977 -2.7857 0.3229 0.2639 -1.5744 
19.1391 10.5016 -9.2188 -4.1173 3.2914 -0.8791 -0.7572 2.8997 -0.5214 -2.7386 0.5330 0.2398 -1.8802 
19.9966 11.4976 -8.5254 -3.3840 3.9994 -0.8504 -1.3759 2.6382 -0.1939 -2.7565 -0.0301 -0.0171 -1.6210 
20.0789 11.1148 -9.5776 -4.2511 3.7846 -0.8425 -1.7191 1.8295 -1.0194 -3.0245 0.1131 -0.1939 -2.2014 
19.7241 10.8204 -9.5115 -4.1301 3.7216 -0.7976 -1.3747 2.0049 -1.2888 -3.2135 0.3708 0.1541 -2.0249 
19.7436 10.8529 -9.4302 -4.1938 3.1018 -1.7592 -1.8784 2.1692 -0.9905 -3.1485 0.2281 -0.1091 -2.2877 
19.6539 11.0163 -9.0658 -4.0461 3.4992 -0.6596 -0.5843 3.1964 -0.1213 -2.4672 0.5179 -0.2049 -2.6505 
19.4308 11.3509 -8.2205 -3.9204 3.0717 -1.0789 -1.4355 2.1080 -0.4961 -2.4769 0.0743 -0.4127 -1.9928 
20.0302 11.3360 -8.8218 -3.5247 3.8091 -1.0297 -1.1956 2.7711 -0.5067 -2.9166 0.1891 -0.1684 -2.2348 
19.5592 11.3359 -8.1752 -3.3373 3.5665 -1.2316 -1.4626 2.5869 -0.5265 -3.2598 -0.2369 0.1061 -1.5705 
19.5620 11.1944 -8.3259 -3.1436 4.0429 -0.5744 -0.8598 2.6221 -0.7487 -2.8697 0.3831 0.0171 -2.0635 
20.2396 11.6972 -8.6630 -3.8948 3.3445 -1.1638 -1.2864 2.5468 -0.5953 -2.8366 0.2869 0.0146 -2.0100 
19.6413 10.8352 -9.4568 -4.3873 3.1587 -1.3435 -1.4580 2.5665 -0.7726 -3.4803 -0.1483 0.0929 -2.1774 
19.5285 11.2029 -8.1430 -2.9278 3.9238 -0.8888 -0.8369 2.8807 -0.9482 -3.8019 -0.7930 -0.6221 -1.8582 
19.4213 10.9764 -8.5892 -3.3834 3.7855 -1.2463 -2.0263 1.6960 -0.8865 -2.5799 0.6394 0.2277 -1.7981 
19.3154 10.9575 -8.5164 -3.5796 3.4071 -1.1383 -1.2622 2.4447 -0.5353 -2.3513 0.8197 0.1623 -2.0383 
20.0624 11.5127 -8.5465 -3.3871 3.8046 -1.2269 -1.6858 2.3893 -0.3238 -2.5213 0.2492 -0.2293 -1.9497 
19.4221 10.7419 -9.2387 -4.0941 3.5371 -0.8814 -1.3646 2.3289 -0.3065 -2.0781 0.8323 0.0644 -2.0713 
20.0334 11.3412 -9.0195 -4.0101 3.4573 -1.2169 -1.8435 1.7375 -1.0426 -2.8664 0.1636 -0.2008 -1.8607 
20.2282 11.6893 -8.6908 -3.9070 3.5214 -0.8014 -0.9434 2.9588 0.1740 -1.9407 0.6682 -0.2770 -2.4874 
20.2427 11.4692 -8.8856 -3.4696 4.1103 -0.6502 -0.8723 3.0473 -0.2277 -2.6126 0.4885 0.1198 -1.8792 
19.1618 10.7197 -8.6419 -3.4135 3.7113 -0.8557 -0.7849 3.1833 -0.0457 -2.5432 0.1842 -0.4477 -2.4736 
20.6853 12.0412 -8.7423 -3.9633 3.4745 -1.1996 -1.6649 2.1796 -0.6984 -2.7755 0.4684 0.2882 -1.8142 
19.6410 11.0198 -9.0370 -3.9943 3.6053 -0.6235 -0.8812 2.6512 -0.4612 -2.5210 0.4269 -0.2245 -2.2651 
20.2277 11.4100 -9.1240 -3.8336 3.8942 -0.8436 -1.2620 2.7989 -0.1983 -2.7548 0.2429 0.2923 -1.4723 
19.9395 11.0405 -9.4291 -4.1649 3.5864 -0.8111 -0.9698 2.7885 -0.5351 -2.9804 0.0244 -0.1639 -1.8982 
19.9001 11.5238 -8.2112 -2.9959 4.3257 -0.3779 -0.8031 2.8011 -0.4764 -2.8873 0.1347 0.1084 -1.5188 
20.2884 11.3585 -9.3440 -4.0403 3.8173 -0.6858 -1.0465 2.6136 -0.5953 -2.6544 0.6766 0.3068 -1.8244 
19.8823 10.9224 -9.4030 -3.9073 3.4354 -1.8375 -2.2178 2.1619 -0.5478 -2.7444 0.3260 0.0115 -1.9755 
19.8916 11.2342 -9.1249 -4.2544 3.3414 -1.0298 -1.4046 2.5077 -0.1592 -2.3863 0.3418 0.0922 -1.6000 
20.0172 10.7942 -10.0314 -4.3853 3.7629 -1.0771 -1.8757 2.0773 -0.4382 -2.3129 0.7578 0.3133 -1.7685 
20.2884 11.7716 -8.2487 -2.9280 4.1509 -1.1143 -1.4566 2.7298 -0.3455 -2.7555 0.4709 0.3061 -1.8288 
19.5998 10.5183 -9.6623 -3.7972 3.8520 -1.3754 -1.9341 2.0742 -0.9017 -2.7540 0.9723 0.6903 -1.7880 
20.0507 11.2165 -9.2052 -3.9818 3.5423 -1.0678 -1.2532 2.4962 -0.8240 -3.0359 0.1412 -0.3238 -2.3218 
20.2816 11.6284 -8.8241 -3.8264 3.6906 -0.7969 -1.0804 2.5199 -0.8764 -3.1848 0.1126 -0.0950 -2.3244 
19.8806 11.5014 -8.3040 -3.1448 4.2916 -0.5220 -1.5347 1.7272 -1.0443 -2.6451 0.6897 0.3785 -1.6192 
20.1879 11.7639 -8.1341 -2.7956 4.4453 -0.8211 -1.5127 2.5838 -0.2390 -2.7348 0.0878 -0.1902 -2.0696 
19.7781 11.1713 -8.9291 -3.9628 3.3746 -1.0798 -1.2213 2.4952 -0.7147 -2.8483 0.3994 0.0871 -1.9599 
19.6722 11.2496 -8.5797 -3.6075 3.8430 -0.4496 -0.9049 2.3005 -0.9491 -2.8920 0.2474 -0.2424 -2.2648 
19.7526 11.0948 -8.9188 -3.5775 4.0051 -0.7446 -1.3511 2.2005 -1.0803 -3.2805 0.2742 0.4222 -1.6278 
19.6304 10.6821 -9.6642 -4.3492 3.3159 -1.3983 -1.8321 2.2025 -0.4344 -2.5385 0.0894 -0.7127 -2.5164 
19.4438 11.0859 -8.6634 -4.0527 2.8955 -1.7046 -2.0130 1.9713 -0.5166 -2.5994 -0.0300 -0.4404 -1.9395 
19.6863 11.1332 -8.7719 -3.5805 3.8995 -0.6745 -0.9181 3.0815 -0.0522 -2.8932 -0.2227 -0.1256 -1.6561 
20.0530 11.4944 -8.8389 -4.0961 3.2588 -1.2065 -1.5505 2.2346 -0.5869 -2.6685 0.2624 -0.0732 -1.7717 
19.8982 10.9694 -9.7071 -4.6528 3.3598 -0.6751 -0.8266 2.9583 -0.1707 -2.5736 0.3862 0.1389 -1.7700 
21.0393 11.9338 -9.3244 -3.9753 3.6591 -1.3747 -1.5310 2.7204 -0.6266 -3.1604 0.2388 0.1692 -1.8963 
20.4793 11.3643 -9.5266 -4.0032 3.7303 -1.2408 -1.6114 2.3160 -0.9968 -3.3291 -0.1500 -0.6748 -2.6796 
20.8694 11.7047 -9.5052 -3.9502 4.0756 -0.7376 -1.1021 2.8351 -0.6214 -3.2543 -0.0683 -0.1937 -2.0301 
20.5065 11.0843 -10.2179 -4.5786 3.5686 -1.0517 -1.2519 2.4372 -1.4365 -3.9776 -0.3686 -0.4293 -2.4675 
20.1627 10.8705 -10.0304 -4.3595 3.6618 -0.9140 -1.0238 2.7998 -0.6267 -2.6903 0.8154 0.2656 -2.0801 
21.0265 11.9481 -9.1766 -3.5934 4.3404 -0.4867 -0.9699 2.4833 -1.2096 -3.4453 -0.0423 -0.4646 -2.3880 
20.5034 11.1356 -10.0811 -4.3017 4.0007 -0.7938 -1.2353 2.8390 -0.5004 -3.3210 -0.3142 -0.2898 -1.8756 
20.2487 11.4697 -8.9566 -3.6221 3.9201 -1.0191 -1.4489 2.6495 -0.3129 -2.8515 -0.1097 -0.4546 -2.2078 
20.6188 11.6751 -8.9075 -3.1827 4.2887 -1.1007 -1.4775 2.6305 -0.8144 -3.2597 0.2683 0.0949 -2.0519 
20.1402 11.1448 -9.4366 -3.8452 4.0393 -0.9455 -1.6544 2.3248 -0.5203 -2.7137 0.5584 0.5515 -1.3125 
20.1967 11.1789 -9.4929 -4.0946 3.4417 -1.6826 -2.0222 2.4742 -0.1276 -2.2991 0.8558 0.6535 -1.1715 
20.4843 11.3848 -9.5458 -4.1812 3.3830 -1.5742 -1.6081 2.7714 -0.5859 -3.5505 -0.5921 -0.4014 -1.9864 
20.5425 11.5328 -9.3605 -3.9617 3.8485 -1.0708 -1.7484 1.9300 -1.2077 -3.2206 0.1756 -0.2857 -2.4499 
20.4666 11.6372 -9.0104 -3.8141 3.6494 -1.1546 -1.3467 2.6352 -0.5932 -3.0091 -0.1235 -0.7713 -2.7240 
20.0956 11.0206 -9.4640 -3.6827 3.9639 -1.2157 -1.3413 3.2638 0.0668 -3.0295 -0.2629 -0.1642 -1.6514 
19.9156 10.9995 -9.5017 -4.3174 3.2681 -1.3715 -1.6881 2.1860 -0.8455 -3.1816 -0.3381 -0.5238 -1.8798 
20.0734 10.9787 -9.8462 -4.5638 3.3042 -1.2633 -1.5022 2.7070 -0.0140 -2.2583 0.5767 0.1780 -1.5741 
19.7665 10.4928 -10.3320 -4.9461 2.9646 -1.5040 -1.6114 2.2042 -1.3356 -3.7428 -0.2618 -0.3218 -2.2237 
20.3199 11.7404 -8.4845 -3.2922 3.9712 -1.0595 -1.5936 2.2083 -0.8085 -2.9183 0.1444 -0.3752 -2.2240 
20.5031 11.8908 -8.4937 -3.2786 3.9968 -1.2777 -1.8155 2.5439 -0.1695 -2.5491 0.6149 0.5951 -1.4198 
20.2201 11.4967 -8.8935 -3.5118 4.3236 -0.4564 -1.1846 2.6479 -0.3154 -2.9561 -0.3243 -0.5499 -2.2601 
20.6289 11.5934 -9.3964 -3.9588 4.0603 -0.6753 -1.3135 2.4681 -0.4756 -2.5752 0.6380 0.5339 -1.2989 
20.7047 11.9676 -8.8567 -3.8570 3.8189 -0.8014 -1.4604 2.0413 -0.9342 -2.9143 0.0336 -0.5592 -2.3636 
20.3317 11.3539 -9.1172 -3.4607 3.8571 -1.4938 -1.6242 2.7665 -0.4406 -2.8421 0.4399 0.0293 -2.1615 
19.9370 11.4098 -8.7739 -3.8789 3.6409 -0.7276 -1.0465 2.7467 -0.2258 -2.5902 0.2777 -0.0037 -2.0278 
20.4843 11.5398 -9.3733 -4.2703 3.3506 -1.4953 -1.9798 2.0688 -0.7423 -2.9385 0.2317 0.2788 -1.3673 
20.2274 11.4158 -9.1625 -4.0040 3.7707 -0.5720 -0.8419 2.7129 -0.5626 -2.5819 0.7537 0.3967 -1.5133 
19.9053 10.9361 -9.4302 -3.8024 4.0025 -0.8025 -1.0803 3.1087 0.0857 -2.4453 0.4109 -0.0326 -2.1074 
19.8472 11.0007 -9.5041 -4.4330 3.3090 -1.2290 -1.6820 2.3724 -0.3199 -2.7329 -0.0961 -0.5426 -2.4717 
19.7366 10.9894 -9.1848 -3.9601 3.6055 -0.9589 -1.0770 3.1130 0.1196 -2.6116 -0.0840 -0.3599 -1.7676 
20.0016 11.4088 -8.8037 -3.8778 3.4045 -1.1221 -1.2344 2.6383 -0.3589 -2.4158 0.5299 -0.2415 -2.2644 
19.9671 11.0837 -9.3793 -3.9912 3.9492 -0.5645 -0.9925 2.8213 -0.3759 -2.8669 0.3459 0.4530 -1.5288 
20.1425 11.5872 -8.5012 -3.2834 4.0172 -0.8646 -1.2550 2.5324 -0.6652 -2.9121 0.2599 -0.1342 -2.2490 
19.7752 10.9239 -9.5575 -4.5122 3.2702 -1.1260 -1.6433 2.0604 -0.8375 -3.1796 -0.4044 -0.5262 -2.1080 
19.6611 10.8348 -9.5939 -4.7086 2.7787 -1.8043 -2.2470 1.5484 -1.5342 -3.9239 -0.6714 -0.4943 -2.4197 
20.2402 11.4304 -9.2265 -4.1247 3.6588 -1.0141 -1.7767 1.9932 -0.6653 -2.8316 -0.0890 -0.4214 -2.0485 
20.4141 11.7634 -8.6458 -3.5550 3.5680 -1.7306 -2.4187 1.5223 -1.3140 -3.4660 -0.4993 -0.8961 -2.5154 
20.0633 11.7064 -8.4130 -3.7719 3.3868 -1.3197 -1.9149 2.0621 -0.2214 -2.2914 -0.0187 -0.8672 -2.5311 
20.1140 11.3302 -9.0006 -3.6901 3.6793 -1.3633 -1.7860 2.2855 -0.6452 -3.0867 -0.4724 -1.0005 -2.4779 
19.8104 11.0673 -9.0211 -3.6875 3.5908 -1.5112 -1.9738 2.1846 -0.3756 -2.3242 0.4763 -0.3960 -2.4338 
19.4715 10.7527 -9.2878 -4.2421 3.1741 -1.1519 -1.1709 2.5839 -0.6101 -2.8422 0.0555 -0.5334 -2.5055 
19.8412 11.1671 -9.2556 -4.5616 2.8594 -1.6148 -2.0773 1.7315 -1.0384 -3.3903 -0.8443 -1.2705 -2.9108 
19.7131 10.9392 -9.4310 -4.3957 3.4056 -1.0068 -1.6560 2.0939 -0.4304 -2.4001 0.4294 0.0792 -1.7456 
20.4620 12.0178 -8.3431 -3.7253 3.1260 -1.7014 -1.7630 2.2850 -0.8391 -3.2021 -0.1346 -0.2665 -1.8734 
18.6385 9.8372 -9.7505 -4.5064 2.6946 -2.2356 -2.6543 1.5087 -1.0418 -3.0954 0.0231 0.0296 -1.6779 
19.1825 10.6337 -9.1641 -4.4138 2.6486 -1.9162 -2.0565 2.0498 -0.7468 -3.2291 -0.4825 -0.4005 -1.8551 
20.2176 11.3731 -9.1873 -4.0639 3.2742 -1.6085 -1.7248 2.5581 -0.4126 -2.7579 0.3732 0.1061 -1.9699 
19.6430 10.8558 -9.2277 -3.8546 3.6415 -1.2425 -1.6832 2.3461 -0.5254 -2.7939 0.2023 -0.1073 -2.0467 
19.8149 10.8762 -9.6385 -4.4575 3.1776 -1.5623 -1.9643 2.1792 -0.6503 -3.2195 -0.5592 -0.8036 -2.4680 
19.9069 11.1033 -9.3815 -4.4087 3.0574 -1.8052 -2.5121 1.4419 -1.0653 -3.1452 -0.3420 -0.6718 -2.3956 
20.1062 11.1795 -9.4745 -4.2911 3.4588 -1.0337 -1.2936 2.5107 -0.7317 -3.0820 0.1038 -0.0084 -1.8130 
20.5890 11.5469 -9.6712 -4.6563 3.2870 -1.2440 -1.7108 2.3367 -0.4682 -2.9355 -0.1061 -0.1346 -1.7476 
20.0050 11.3265 -9.0888 -4.1310 3.4696 -1.1918 -1.8979 1.9556 -0.6276 -2.8679 -0.2414 -0.5551 -2.0351 
20.4918 11.7618 -8.8786 -3.5837 4.4312 -0.1999 -0.9457 2.8255 -0.2887 -3.0521 -0.2110 -0.2266 -2.1964 
20.2778 11.2402 -9.7290 -4.6203 3.2396 -1.2966 -1.6516 2.3262 -0.6761 -3.0198 0.0666 -0.1820 -2.0725 
19.7737 11.3381 -8.8037 -4.2833 2.9964 -1.2773 -1.7153 1.6973 -1.2672 -3.0811 0.2829 0.0681 -1.9897 
20.2532 11.5368 -9.2088 -4.5237 3.0985 -1.2672 -1.7294 1.9752 -1.0450 -3.4456 -0.4680 -0.4796 -2.1461 
19.6577 11.0688 -8.9860 -3.9869 3.4849 -1.1369 -1.7580 1.9939 -0.7407 -3.0167 -0.3354 -0.5195 -1.9244 
20.0976 11.3194 -9.2673 -4.3904 3.0386 -1.7045 -2.2947 1.4676 -1.3862 -3.5130 -0.4215 -0.4888 -2.1478 
19.4158 10.9633 -8.8284 -4.0197 3.1318 -1.5436 -2.0860 1.7741 -0.7257 -2.8057 -0.1435 -0.4308 -2.0694 
19.2392 10.5148 -9.3686 -4.1718 3.3078 -1.2904 -1.6453 2.2699 -0.5774 -2.7728 0.2094 -0.1356 -2.1824 
20.2506 11.4643 -9.0888 -3.8521 3.9140 -0.8588 -1.5724 2.2686 -0.5202 -2.7597 0.1770 -0.1291 -2.1907 
19.5573 11.0356 -8.9279 -4.1103 3.1485 -1.3237 -1.5237 2.4398 -0.4087 -2.6908 0.2120 -0.0342 -1.9208 
19.8885 11.4529 -8.5958 -3.7261 3.6664 -0.9840 -1.7237 1.8290 -1.0187 -3.0392 0.1141 -0.1725 -2.2634 
19.2352 10.6776 -9.2891 -4.6370 2.6917 -1.7143 -2.2698 1.3051 -1.5922 -3.7401 -0.5597 -0.5202 -2.4173 
19.0588 10.0294 -10.0371 -4.4614 3.4016 -1.4019 -2.0389 1.9993 -0.8161 -3.2448 -0.1697 -0.1823 -2.2408 
19.5705 10.9523 -9.4572 -4.7778 3.4322 -0.2652 -0.9412 2.5407 -0.1970 -2.6949 -0.0768 -0.1605 -2.2405 
19.9328 11.7001 -8.0717 -3.2266 3.8749 -1.0834 -2.0514 1.4253 -1.3172 -3.2540 -0.0328 0.0502 -1.6605 
19.5299 11.4712 -8.0159 -3.4964 3.4914 -1.0657 -1.8642 1.6289 -0.6781 -2.4184 0.0872 -0.5224 -2.0340 
19.4293 10.8533 -9.0520 -3.9173 3.8494 -0.5770 -1.4723 1.8459 -1.0152 -3.1949 -0.4066 -0.5161 -2.0289 
19.1578 11.0555 -8.2375 -3.4939 3.7662 -0.7416 -1.6923 1.8305 -0.4706 -2.6097 -0.5155 -1.1672 -2.5770 
19.6680 11.3548 -8.6742 -4.2034 3.3244 -0.7228 -1.3977 1.8777 -0.9786 -3.1013 -0.1226 -0.0734 -1.9474 
18.9549 10.8020 -8.4878 -3.8140 3.4684 -0.9010 -1.8366 1.4924 -0.9046 -2.7278 -0.1230 -0.7060 -2.6580 
18.9980 10.8485 -8.3522 -3.3927 4.0339 -0.6247 -1.7867 1.9070 -0.1087 -2.1743 0.1737 -0.0984 -1.7982 
19.6613 11.6289 -7.8015 -3.0231 4.1370 -0.5358 -1.3451 2.2655 -0.4459 -2.7887 -0.0735 -0.2118 -2.0318 
19.1301 11.1773 -8.0572 -3.5962 3.5616 -0.7450 -1.5247 2.1232 -0.0717 -2.0488 0.6158 0.5689 -1.1902 
19.5904 11.3939 -8.0258 -2.7869 4.7603 0.0153 -1.1016 2.2370 -0.5254 -2.6805 0.0739 -0.3100 -2.1396 
18.8041 10.5835 -8.7935 -4.3017 2.8875 -1.3575 -2.0185 1.5740 -0.7808 -2.8896 -0.6067 -1.0391 -2.3562 
20.1694 11.7489 -8.5596 -3.9487 3.3110 -1.3910 -2.0324 1.9263 -0.5201 -2.6731 0.0062 -0.4596 -2.4369 
19.0335 10.9566 -8.2822 -3.6208 3.5447 -1.0765 -2.0635 1.7503 -0.1208 -2.0145 0.2748 -0.2367 -1.8537 
19.5305 11.1069 -8.9045 -4.2566 3.3927 -0.5923 -1.0908 2.4687 -0.0753 -2.1058 0.3822 -0.2664 -2.1333 
19.3503 11.1991 -8.2347 -3.3869 3.8655 -1.1115 -2.3789 1.6050 -0.0362 -1.9426 0.2899 -0.2118 -1.8598 
19.6396 11.7435 -7.7350 -3.5065 3.3494 -1.0053 -1.6087 1.7959 -0.8355 -2.6597 0.2913 -0.0299 -1.9455 
19.7803 11.4348 -8.4837 -3.7370 3.4074 -1.5238 -2.3087 1.7865 -0.5088 -2.8404 -0.2985 -0.4849 -2.2891 
18.6630 10.6043 -8.5224 -4.1564 2.7501 -1.7052 -2.4158 1.2933 -1.1271 -3.5136 -1.0840 -1.0367 -2.4218 
19.8281 11.3767 -8.7494 -3.9372 3.6121 -1.0531 -2.1030 1.5875 -0.6132 -2.4634 0.3085 -0.0573 -2.0530 
18.0564 9.9010 -9.0908 -4.7246 2.6000 -1.1218 -1.6338 1.8347 -0.4408 -2.5181 -0.2890 -0.5935 -2.1056 
19.4259 11.0834 -8.6055 -3.5955 4.0287 -0.7657 -2.2553 1.2957 -0.4342 -2.0807 0.2197 -0.3080 -1.7589 
18.4109 10.4271 -8.3696 -3.9258 2.7691 -1.8376 -2.5993 1.0716 -0.9850 -2.6725 -0.2410 -1.0559 -2.9440 
19.3490 11.2742 -8.1019 -3.4766 3.6095 -0.7720 -1.1865 2.4662 -0.4313 -2.6790 0.2721 -0.0684 -2.2519 
19.4028 11.2367 -8.4531 -3.8714 3.8502 -0.0589 -0.9893 2.0211 -0.8141 -3.0266 -0.3602 -0.3439 -1.6960 
19.1100 10.8481 -8.4448 -3.3451 4.0884 -0.4268 -1.1243 2.5245 -0.1100 -2.2527 0.4805 0.1111 -1.7644 
19.5383 11.2186 -8.6146 -3.8274 3.6836 -0.9456 -1.8232 2.2834 0.0864 -2.5360 -0.3612 -0.6637 -2.4522 
19.6364 11.3166 -8.5366 -3.7548 3.6282 -1.1554 -2.1832 1.7016 -0.4447 -2.5165 0.1635 -0.0999 -2.1282 
19.3803 11.3667 -7.9078 -3.1845 3.9195 -0.7471 -1.7559 1.6802 -0.6236 -2.3411 0.3962 -0.0573 -1.8926 
19.2033 11.1714 -7.8935 -2.9813 3.9360 -1.1140 -2.1627 1.5358 -0.6803 -2.4702 0.4108 0.1955 -1.7625 
20.0407 11.6338 -8.2334 -2.8044 4.8142 -0.4395 -1.6562 2.3255 -0.2508 -2.9187 -0.1131 0.2058 -1.5351 
19.6996 11.2294 -8.8241 -3.9763 3.5323 -1.1019 -1.8232 2.2857 0.0364 -2.2488 0.4424 0.4442 -1.3519 
19.5395 11.5189 -7.9655 -3.4068 3.7742 -0.7582 -1.7370 1.8044 -0.4490 -2.5030 -0.0124 -0.0065 -1.3176 
19.5608 11.0694 -8.9176 -3.9998 3.6507 -0.8390 -1.7327 1.8684 -0.6742 -2.8098 -0.0438 -0.2261 -1.9598 
19.7865 11.1892 -9.0350 -4.1472 3.3255 -1.4051 -2.0875 1.9326 -0.5965 -2.9009 0.0313 0.1700 -1.4606 
19.2636 11.3393 -7.8165 -3.3335 3.4768 -1.0726 -1.7814 1.6833 -0.7013 -2.3044 0.5914 0.1878 -1.6500 
19.1805 10.8575 -8.6769 -3.8927 3.3441 -1.0636 -1.4892 2.3664 -0.1234 -2.1911 0.6054 0.5057 -1.1622 
18.7523 10.6761 -8.2814 -3.3622 4.0122 -0.2147 -0.7483 2.9769 0.3469 -2.3107 -0.2269 -0.6018 -2.3474 
18.8046 10.7255 -8.3065 -3.4074 4.0832 -0.1107 -0.9247 2.3519 -0.4756 -2.7573 -0.0044 -0.1326 -2.0311 
19.1313 10.8197 -8.3071 -2.9759 3.9261 -1.3762 -1.9722 2.1380 -0.6844 -3.1351 -0.0806 0.0513 -1.7084 
19.0450 10.9954 -8.2309 -3.9302 2.5778 -1.8946 -1.9009 2.0351 -0.7730 -2.9118 0.0413 -0.2593 -2.1871 
19.4862 11.0969 -8.5135 -3.3757 3.9723 -0.7691 -1.3717 2.4456 -0.3340 -2.5815 0.3405 0.0285 -2.1707 
19.8729 11.3635 -8.8788 -4.0676 3.5972 -0.9156 -1.8126 2.0596 -0.0267 -2.1095 0.1687 -0.3647 -2.1023 
20.2246 11.5922 -8.8565 -3.8325 3.7999 -0.8737 -1.3014 3.0750 0.5346 -2.3742 -0.4094 -0.9967 -2.6693 
20.0778 11.3841 -8.8871 -3.6317 3.8452 -1.1840 -1.9142 2.0640 -0.5709 -2.8628 -0.2719 -0.7147 -2.2924 
18.6550 10.0816 -9.1232 -3.6686 3.6879 -1.0288 -1.4588 2.3145 -0.6322 -2.7404 0.4184 0.1042 -2.0883 
19.7372 11.0081 -9.1844 -4.0571 3.4364 -1.1601 -1.4265 2.5220 -0.4225 -2.5637 0.6052 0.1832 -2.1044 
19.8798 11.1842 -9.0751 -4.0418 3.3741 -1.2556 -1.5387 2.5335 -0.0943 -2.2515 0.2906 -0.4484 -2.1247 
20.4250 11.8237 -8.7251 -3.8725 3.5782 -1.0286 -1.4608 2.3230 -0.6694 -2.9085 0.1664 -0.0038 -1.8275 
19.5823 10.9190 -8.9173 -3.6231 3.4529 -1.5527 -1.5376 2.8585 -0.1941 -2.7043 0.4194 0.3280 -1.5628 
19.7772 10.9857 -9.4057 -4.2898 3.5472 -0.9126 -1.5256 2.2667 -0.4349 -2.5972 0.2905 0.0080 -1.7841 
19.7619 11.2047 -8.9159 -3.9999 3.4290 -1.2585 -1.9011 2.0225 -0.4614 -2.5493 0.1972 -0.3190 -2.4003 
19.8612 10.9859 -9.5108 -4.2530 3.7938 -0.6156 -1.4580 1.8766 -1.2159 -3.5747 -0.7159 -0.6588 -1.9361 
20.2867 11.2636 -9.5980 -4.2933 3.5985 -1.1597 -1.6202 2.6851 0.0730 -2.4550 -0.0080 -0.5979 -2.3647 
19.8601 10.6346 -10.1825 -4.6568 3.4596 -1.2043 -1.5492 2.8789 0.1845 -2.3142 0.7569 0.8432 -1.1742 
19.8159 11.2369 -8.8840 -4.0388 3.1185 -1.4502 -1.5011 2.5094 -0.5241 -2.9330 -0.1647 -0.5862 -2.3304 
20.0877 11.1759 -9.3965 -3.9496 4.1504 -0.4625 -1.3758 2.0295 -1.1104 -3.4686 -0.4892 -0.5712 -2.2110 
20.1458 10.9842 -10.0345 -4.6273 3.7792 -0.6573 -1.4517 2.4871 0.0830 -2.0522 0.6011 0.1746 -1.6775 
19.6585 10.8241 -9.0772 -3.2258 4.3046 -1.1072 -1.8232 2.4019 -0.4426 -3.0345 -0.1076 0.1321 -1.1865 
20.4850 11.7250 -9.0062 -3.8648 3.9474 -0.9720 -2.0089 1.9122 -0.4032 -2.4810 0.2288 -0.0451 -1.5806 
19.9643 11.2049 -9.3054 -4.2854 3.6661 -0.4673 -0.8995 2.7224 -0.2762 -2.7466 -0.1900 -0.5824 -2.2929 
19.1868 10.1087 -10.0693 -4.3948 3.6963 -1.0092 -1.9272 1.6570 -1.2167 -3.4768 -0.6996 -1.1423 -3.0158 
20.7743 11.2363 -9.5832 -3.0703 4.1194 -1.7438 -1.1420 3.4133 -0.7599 -3.0435 0.7932 -0.3144 -2.8185 
22.2043 10.5432 -11.9583 -2.2197 5.5635 -3.1804 -2.4600 3.5097 -1.5557 -3.7330 1.6559 0.1579 -2.9391 
21.0198 11.0102 -10.3933 -3.4900 4.0300 -2.1154 -1.5229 3.3711 -0.8874 -3.3908 0.9083 0.5653 -1.8946 
20.4401 11.1789 -9.5729 -3.7909 3.4192 -1.9921 -1.8219 2.4752 -0.9609 -2.8364 0.8726 0.1042 -2.0945 
20.0550 10.5208 -10.3514 -4.2740 3.4697 -1.8973 -2.0320 2.3035 -1.1195 -3.4543 0.0934 -0.2253 -2.2058 
19.1309 10.1050 -9.5697 -3.3828 4.1489 -1.4829 -2.1507 2.2588 -0.5141 -2.7672 0.7089 0.7766 -1.4496 
19.5348 10.8273 -9.4602 -4.7547 2.6807 -1.5489 -1.6000 2.4488 -0.3381 -2.6154 0.1759 -0.2699 -2.2406 
19.4867 10.8748 -9.1853 -4.3841 2.9588 -1.3805 -1.5507 2.2840 -0.5738 -2.6196 0.3503 -0.1258 -1.9686 
19.3662 10.7691 -8.8561 -3.3231 4.0955 -1.2615 -2.4399 1.4349 -0.9405 -2.9999 -0.2056 -0.4610 -2.0865 
19.6580 10.9295 -9.2803 -4.1031 3.7345 -0.7450 -1.5397 2.0285 -0.5473 -2.3467 0.5729 -0.0411 -2.1265 
19.4188 10.3758 -10.0037 -4.6348 3.2248 -1.4474 -2.0972 1.6900 -1.2719 -3.6918 -0.7659 -0.8231 -2.4936 
19.0317 10.2105 -9.6247 -4.2003 3.5236 -1.0757 -1.4213 2.7398 -0.2114 -3.0494 -0.2509 -0.0163 -1.7562 
20.2216 11.2798 -9.1909 -3.5417 4.0975 -1.1305 -1.6147 2.7486 -0.1330 -2.6715 0.2825 -0.1302 -2.4528 
19.7773 11.3301 -8.6755 -3.8089 3.6876 -0.5951 -0.9541 2.6282 -0.4995 -2.9036 -0.0875 -0.4161 -2.3015 
20.3084 11.0883 -9.9407 -4.4005 3.7581 -0.9145 -1.4886 2.3503 -0.6025 -2.6173 0.6605 0.1833 -1.9908 
19.7893 10.9404 -9.3581 -3.9873 3.7585 -0.9231 -1.3277 2.6820 -0.2952 -2.6978 0.3315 0.0278 -2.1516 
19.5364 10.8291 -9.3830 -4.2479 3.8071 -0.5252 -1.3999 2.3488 -0.1086 -2.4780 0.0422 -0.0514 -1.7078 
20.6155 11.5494 -9.3806 -4.0075 3.4647 -1.5682 -1.5491 2.7860 -0.7018 -3.4264 -0.0077 0.1323 -1.7750 
19.9192 11.0882 -9.0461 -3.4110 3.9915 -1.5031 -2.3265 1.8667 -0.7300 -2.8956 0.1898 0.0797 -1.7347 
19.6535 10.6939 -9.5155 -3.9103 3.6834 -1.4646 -2.0242 2.1903 -0.5294 -2.6103 0.7520 0.5930 -1.4746 
19.8374 10.7304 -9.5411 -3.4779 4.3107 -1.1854 -2.0976 1.9878 -0.6186 -2.4275 0.8839 0.2938 -2.0458 
20.3846 11.3545 -9.3814 -3.7923 4.0083 -1.0256 -1.4007 2.8968 -0.2437 -2.9923 -0.0055 -0.2452 -2.2905 
18.9384 9.9375 -10.0834 -4.7460 2.8039 -1.9903 -2.4411 1.6634 -0.9850 -3.1334 -0.1638 -0.5418 -2.6580 
20.2543 10.8927 -10.4214 -5.0704 3.0929 -1.6007 -2.0262 2.4061 -0.2336 -2.7723 0.0747 -0.1384 -2.2683 
20.2609 11.1493 -9.7163 -4.3480 3.3212 -1.6564 -1.9546 2.4223 -0.4533 -2.9138 0.1691 0.0139 -2.1275 
20.8924 11.8537 -9.2281 -3.6545 4.4043 -0.5426 -1.2273 2.5913 -0.8000 -3.3445 0.1851 0.3331 -1.9628 
20.7206 11.5110 -9.3921 -3.4005 4.3556 -1.3194 -2.0762 2.1922 -0.7637 -3.0088 0.2691 -0.2078 -2.3526 
20.0608 11.0019 -9.6277 -4.1046 3.6069 -1.5275 -2.0510 2.3551 -0.3822 -2.9904 -0.2209 -0.4744 -2.3745 
20.3323 10.9910 -9.9612 -3.9394 4.2911 -0.9039 -1.7474 2.2137 -0.8863 -3.2300 0.1427 0.0437 -1.9821 
20.9074 11.6299 -9.7247 -4.1059 3.9422 -1.1003 -1.6868 2.3319 -0.7692 -2.9717 0.4350 0.1335 -1.9428 
20.5947 11.2598 -9.8505 -3.9229 4.2645 -0.8896 -1.8180 1.8566 -1.1497 -3.0091 0.2303 -0.5408 -2.4555 
20.8407 11.6013 -9.8324 -4.6126 3.2678 -1.3377 -1.5347 2.2496 -1.2244 -3.4577 0.0468 -0.1297 -2.1536 
20.0471 10.6496 -10.1394 -4.2404 3.5205 -1.5518 -1.7026 2.1305 -1.8623 -4.4755 -0.6920 -0.4828 -2.4357 
21.4095 11.7780 -10.3164 -4.5616 3.9729 -0.9685 -1.6648 2.4198 -0.3804 -2.3833 0.6716 -0.2824 -2.6150 
21.2124 11.8894 -9.6196 -3.8473 4.2908 -0.9683 -1.8501 1.9973 -1.1165 -3.2235 0.3336 0.2528 -1.8102 
21.5951 11.9115 -9.9460 -3.7824 4.1568 -1.4013 -1.4502 3.0963 -0.3586 -2.6074 1.0508 0.4245 -1.9527 
21.4330 11.5635 -10.6565 -4.6146 3.9458 -0.9991 -1.2350 2.9179 -0.6203 -3.0046 0.5851 0.3405 -1.6968 
20.8901 11.2568 -10.3570 -4.2710 4.2977 -0.6206 -1.3988 2.2377 -0.9223 -2.8668 0.3150 -0.3209 -1.9862 
21.0600 11.2108 -10.4067 -3.7949 4.4597 -1.3332 -1.8702 2.6659 -0.4354 -2.7264 0.5659 -0.1222 -2.4131 
21.1304 11.2700 -11.0296 -5.4721 2.7947 -2.3386 -2.9194 1.3401 -1.5616 -3.6524 -0.3132 -0.9497 -3.3411 
21.6470 11.6357 -10.7061 -4.3592 4.0870 -1.6217 -2.3218 2.0226 -1.2030 -3.3813 0.2682 -0.2183 -2.3479 
21.9368 12.0772 -10.4248 -4.3954 4.1093 -1.3040 -1.9653 2.3639 -0.7433 -3.0230 0.3233 -0.3449 -2.6647 
22.0809 12.2624 -10.3431 -4.3209 4.4293 -0.9354 -1.9174 2.2587 -0.8027 -3.2015 0.1959 -0.0943 -2.4381 
22.0598 11.9355 -10.9119 -4.6178 4.2826 -1.1825 -2.0228 2.4264 -0.5304 -3.0308 -0.0621 -0.7028 -2.5838 
22.2311 11.8583 -11.2585 -4.6086 4.5144 -1.3985 -2.7161 1.8273 -0.6616 -2.7911 0.1914 -0.7660 -3.0772 
22.1952 12.2546 -10.3658 -3.9597 4.9186 -0.7205 -1.9107 2.3351 -0.3545 -2.5027 0.3496 -0.6858 -2.7961 
22.4471 12.2570 -10.8937 -4.6538 4.2527 -1.1096 -1.6678 2.8703 -0.2819 -2.8410 0.2513 -0.4341 -2.5712 
22.2417 12.1363 -10.7928 -4.4463 4.5971 -0.9854 -2.3568 1.6845 -0.9993 -2.9014 0.3136 -0.4482 -2.5600 
22.4271 12.6190 -9.9659 -3.8910 4.1498 -1.9687 -2.6016 2.2678 -0.7760 -3.4169 -0.0998 -0.4069 -2.5090 
22.9133 12.7633 -10.6573 -4.4994 4.4808 -0.9404 -1.7276 2.5547 -0.9380 -3.8377 -0.6214 -0.6643 -2.2936 
21.8574 11.7944 -10.7573 -4.4540 4.1023 -1.4457 -2.1654 1.9588 -1.1359 -2.6413 1.4761 0.7922 -1.8932 
22.5258 12.0280 -11.5077 -5.1247 3.9127 -1.6002 -2.1275 2.4668 -1.0741 -3.8501 -0.0631 0.1645 -1.8267 
22.5699 12.4215 -10.8404 -4.9019 3.6417 -1.9242 -2.5311 1.9740 -1.0982 -3.2807 0.2890 -0.1422 -2.1487 
22.4428 12.5616 -10.3228 -4.4170 4.1674 -1.1907 -1.9038 2.2419 -1.0617 -3.2643 0.4404 0.0235 -2.3945 
21.9768 11.8509 -10.9387 -4.6475 4.2563 -1.0771 -1.9382 2.0871 -1.1412 -3.2031 0.4105 -0.1222 -2.3194 
22.8685 12.7537 -10.6010 -4.4188 4.6355 -0.7751 -1.8895 1.9357 -1.3842 -3.2716 0.7084 0.1625 -2.4746 
21.9632 11.5973 -11.3930 -4.9685 3.8692 -1.5924 -2.0109 2.4975 -1.0052 -3.5189 0.1677 -0.2692 -2.7352 
21.3742 10.9646 -11.7228 -5.1779 3.7239 -1.7309 -2.2476 2.3645 -0.7379 -3.0313 0.4024 -0.4366 -3.0148 
21.4633 11.5568 -10.7059 -4.6204 3.9484 -1.0866 -1.3957 2.8128 -0.5179 -2.6769 0.8330 0.0965 -2.4247 
22.0983 11.9678 -11.0893 -5.1490 3.6207 -1.8617 -3.0729 0.8701 -2.0356 -3.9356 -0.4955 -1.1096 -3.0857 
22.0396 12.0214 -11.0036 -5.2599 3.6284 -1.4323 -2.3142 1.8128 -1.3389 -3.9811 -0.7950 -0.8707 -2.7297 
22.1420 12.1432 -10.5512 -4.3065 4.3372 -1.2907 -2.1930 2.1603 -0.6463 -2.7387 0.2659 -0.8206 -2.9905 
22.0299 12.5186 -9.9032 -4.4348 3.8654 -1.5429 -2.7397 1.3001 -1.3626 -3.3997 -0.0248 -0.2062 -2.2759 
21.6824 11.6551 -10.9932 -5.0561 3.5166 -1.7870 -2.4210 1.9965 -0.9691 -3.4641 -0.6162 -1.1893 -2.6498 
22.3185 12.3714 -10.4961 -4.4363 4.2465 -1.5183 -2.8775 1.3779 -1.1047 -3.0627 0.1130 -0.3913 -2.2410 
21.7657 12.0117 -10.5149 -4.9525 3.3719 -1.9346 -2.6566 1.8415 -0.7914 -3.0215 0.1516 -0.1764 -2.1587 
22.2873 13.0537 -9.3749 -4.3537 3.8723 -1.0098 -1.8559 2.2026 -0.3664 -2.4901 0.3815 -0.1036 -1.9684 
21.4159 11.9009 -10.1610 -4.5822 3.8769 -1.1914 -2.1979 1.8102 -0.8575 -2.8306 0.5089 0.1420 -2.0684 
20.8581 11.1293 -11.0604 -5.6532 3.0134 -1.7017 -2.6049 1.4497 -1.2926 -3.7749 -0.8649 -1.0410 -2.9943 
20.2814 10.8186 -11.0496 -6.3229 2.1915 -1.5873 -2.0477 1.6401 -0.9304 -2.7362 0.2054 -0.4327 -2.4941 
20.3544 11.6418 -9.2137 -4.6663 2.9347 -1.2866 -1.7031 1.8422 -1.1943 -3.4437 -0.6131 -1.0099 -2.8209 
19.7627 11.1121 -9.4934 -5.3214 1.9161 -2.2498 -2.4788 1.4936 -0.8377 -2.8845 -0.6349 -1.5044 -3.1591 
19.5330 11.4359 -8.2478 -3.9587 3.1353 -1.0107 -1.5101 1.9615 -0.5806 -2.5170 -0.0156 -0.6844 -2.5542 
18.8807 11.2086 -8.0085 -4.4203 2.6909 -0.6286 -1.1651 1.9319 -0.3915 -2.3643 -0.1634 -0.5406 -2.1791 
18.2742 11.3469 -6.6625 -3.5816 2.4702 -1.0274 -1.4076 1.5718 -0.8188 -2.6188 -0.0936 -0.1384 -1.7855 
16.9265 9.7739 -7.7603 -4.6059 1.4858 -1.6556 -1.6292 1.7097 -0.1516 -1.5056 0.8471 0.2184 -1.5973 
16.6994 10.3964 -5.9300 -3.1587 1.8577 -1.7295 -1.9309 0.7723 -1.7659 -3.2587 -0.4733 -0.6487 -2.4742 
16.2541 10.2978 -5.3698 -2.7205 2.1662 -0.9777 -0.8890 1.6327 -1.0541 -2.6942 -0.2268 -0.3502 -1.7058 
16.1053 10.1473 -5.2899 -2.2464 2.7565 -1.0423 -1.7829 0.9029 -0.7610 -1.7164 0.6048 -0.1425 -2.1157 
15.8297 9.8695 -5.3887 -2.5318 1.9213 -1.8449 -1.5698 1.8702 -0.2430 -1.9086 0.4776 0.1174 -1.8362 
16.1160 10.2205 -5.1866 -2.2499 2.6221 -1.1800 -1.6457 1.3576 -0.5161 -1.9708 0.3236 -0.2512 -2.3303 
15.3634 9.7737 -4.8206 -1.9964 2.6829 -0.4792 -0.3453 2.4118 0.0783 -1.6043 0.4893 -0.0930 -2.2147 
15.6295 9.9032 -5.1163 -2.3821 2.4357 -0.8976 -1.0676 1.8999 0.0232 -1.6926 0.1195 -0.2735 -1.7871 
17.4640 9.6192 -8.1519 -2.4947 4.8977 -1.3138 -3.9949 1.3015 1.3469 -2.2967 -1.5363 0.2269 -0.3409 
16.8428 10.1881 -6.3784 -2.5498 3.3954 -1.2788 -2.6507 1.4574 0.5453 -2.0738 -0.6205 0.1441 -1.1589 
15.9108 9.9579 -5.1620 -1.8697 2.6032 -2.1672 -2.7632 1.2278 -0.0828 -2.0717 0.1021 0.6178 -0.9372 
15.7317 9.9263 -5.1587 -2.2402 2.6019 -1.0542 -1.5252 1.3433 -0.5775 -2.1816 0.0838 0.0699 -1.7566 
16.0598 10.2387 -4.8942 -1.8651 2.6099 -1.5396 -1.8507 1.3742 -0.4127 -1.5910 1.0174 0.4839 -1.7255 
16.2344 10.2856 -5.3566 -2.7148 1.9021 -1.9318 -2.2474 0.9475 -0.7039 -2.1309 -0.0492 -0.4871 -2.2104 
15.6945 9.6231 -5.4711 -2.0317 2.9045 -0.8720 -0.9426 2.0365 -0.4659 -2.2197 0.3343 0.0857 -1.9319 
15.9749 10.0197 -5.3556 -2.4128 2.4409 -1.1711 -1.3513 1.6827 -0.2752 -1.7982 0.2272 -0.5820 -2.6370 
15.7927 10.0487 -5.1802 -2.7727 1.7065 -1.6983 -1.8159 1.0461 -0.5896 -1.4300 0.8614 0.0102 -1.8140 
15.5379 9.8212 -5.0104 -2.2089 2.1996 -1.6211 -1.9104 0.9828 -0.9165 -2.0185 0.6513 0.3508 -1.6446 
15.6352 9.6028 -5.6206 -2.5781 2.2056 -1.5743 -1.9218 0.9755 -0.9239 -2.1028 0.2048 -0.6148 -2.5447 
15.5797 9.4030 -5.9755 -2.7537 2.4276 -1.2844 -1.8278 1.1728 -0.5408 -1.9210 0.3822 0.1717 -1.6087 
15.9177 10.5214 -4.1189 -1.3074 3.1309 -0.7880 -1.4989 1.0779 -0.8980 -2.4469 -0.5143 -0.8011 -1.8043 
15.9003 9.9477 -5.1771 -1.8070 3.1539 -0.8032 -1.2578 1.8254 -0.0788 -1.6518 0.4534 -0.1545 -2.0946 
16.4163 10.4942 -5.2380 -2.4799 2.4631 -1.4514 -2.3840 0.5861 -0.5468 -1.6676 -0.0108 -0.8847 -2.4733 
14.5336 9.1010 -5.2837 -3.3864 0.8850 -1.5750 -1.1034 1.4445 -0.5230 -1.4988 0.7252 0.0245 -1.7559 
15.4781 9.8359 -4.9940 -2.4379 1.9090 -1.6212 -1.4470 2.0430 0.4416 -1.3969 0.0011 -0.4978 -1.2327 
14.8949 9.1893 -5.2459 -2.4918 1.7182 -1.8344 -1.5096 1.8595 0.2007 -0.9478 1.3339 0.7056 -1.2722 
15.2325 9.4810 -5.3497 -2.7859 1.7191 -1.3776 -1.0990 1.6293 -0.5726 -1.7380 0.5239 -0.5113 -2.5611 
15.1595 9.5764 -4.6864 -1.6772 2.4591 -1.4494 -1.3793 1.7493 -0.3181 -1.7217 0.6344 0.0786 -1.9294 
14.9303 8.4614 -6.7565 -3.2584 1.8775 -1.9060 -2.2041 0.8154 -1.2673 -2.8097 -0.6060 -1.3565 -3.4633 
15.7662 9.9737 -4.9834 -2.0381 2.4401 -1.2981 -1.3339 1.5477 -0.7339 -2.1959 0.1902 -0.2055 -1.7999 
15.4761 9.7274 -5.0058 -2.0280 2.4390 -1.2966 -1.3591 1.6261 -0.4230 -1.8025 0.4741 -0.0425 -1.6900 
15.5641 9.6475 -5.3988 -2.4365 2.1905 -1.5605 -1.8018 0.9997 -1.2463 -2.6480 0.0558 0.0349 -1.6696 
15.4599 9.7798 -5.2304 -2.8226 1.7630 -1.5573 -1.8230 1.0577 -0.4503 -1.6069 0.3411 -0.2113 -1.6616 
15.8661 9.4469 -6.1916 -2.6725 2.5110 -1.4156 -1.8803 0.9527 -1.0598 -2.0502 0.6539 0.1123 -1.7413 
15.8779 9.5992 -6.0353 -2.8575 2.0713 -2.0447 -2.7626 0.2818 -1.0879 -1.9719 0.1422 -0.8001 -2.4457 
15.5497 9.5939 -5.4785 -2.4911 2.1018 -1.7157 -1.7841 1.4537 -0.5016 -1.9676 0.5948 0.5207 -1.3465 
15.8338 9.5468 -5.9673 -2.6883 2.2172 -1.5683 -1.6555 1.4159 -0.5646 -1.8058 0.4656 -0.1850 -1.7876 
16.2758 10.2063 -5.4426 -2.3829 2.5338 -1.4684 -1.9864 1.3607 0.0236 -1.3034 0.6390 0.1694 -1.3710 
19.6120 11.6121 -7.4969 -2.6187 3.7615 -1.4620 -1.5723 2.8579 0.2360 -2.1374 0.4452 -0.1179 -1.9337 
23.2999 10.4434 -14.1556 -3.5624 5.6618 -4.2385 -4.1977 4.2625 0.3861 -4.2491 -0.0507 -0.1519 -3.4756 
19.1650 10.3408 -8.5737 -1.9746 4.3404 -2.4143 -2.1092 3.4589 0.0049 -3.2230 0.2892 0.3882 -2.0928 
17.6025 10.6191 -6.2233 -1.9962 2.9123 -2.5444 -2.4013 2.3863 0.1306 -2.2978 0.4145 0.1586 -2.4194 
16.8981 10.6806 -5.2602 -1.8941 2.8725 -1.5477 -1.7999 1.6870 -0.2679 -1.7846 0.5767 -0.0840 -2.0977 
15.1784 9.1809 -5.6058 -2.3955 2.1955 -1.5915 -1.4828 1.7004 -0.5727 -2.1600 0.3805 -0.0471 -2.1558 
15.5441 9.8942 -4.9818 -2.3772 2.0495 -1.6190 -1.8524 1.2370 -0.4748 -2.0083 -0.0985 -0.6429 -2.3871 
16.5322 10.6656 -4.8865 -2.0603 2.4366 -1.5965 -1.7949 1.5191 -0.2325 -1.6994 0.3391 -0.3553 -2.2372 
15.3401 9.3960 -5.4998 -2.4036 2.2456 -1.6199 -1.9285 1.2110 -0.3376 -1.4074 0.8582 0.2677 -1.5470 
16.0162 10.1830 -5.1004 -2.3130 2.4141 -1.0097 -1.0597 1.7244 -0.4023 -1.6922 0.5871 -0.0786 -1.9505 
16.5479 10.9935 -4.6194 -2.5600 2.1023 -0.7659 -0.6592 1.9207 -0.2941 -1.7583 0.3402 -0.1155 -1.6613 
16.0335 10.7930 -4.2197 -2.4235 1.7655 -1.3286 -1.4159 1.2844 -0.4438 -1.7560 0.1196 -0.3993 -2.0358 
15.3350 9.9732 -4.5528 -2.2178 2.1390 -1.1401 -1.4043 1.2565 -0.3147 -1.1943 0.9289 0.0061 -2.0227 
15.6644 9.9045 -5.2621 -2.7494 1.9061 -1.4642 -1.7744 0.9647 -0.6019 -1.3373 1.1367 0.4859 -1.5094 
16.3079 10.4525 -5.2155 -2.7574 1.9728 -1.3371 -1.3654 1.4965 -0.5449 -1.7666 0.8959 0.7367 -1.0620 
16.3296 10.3957 -5.1657 -2.2097 2.7585 -0.8994 -1.2743 1.5582 -0.5687 -2.0628 0.3291 -0.1125 -2.1270 
15.8134 9.9471 -5.1230 -2.0855 2.4400 -1.6545 -1.9013 1.6152 0.1568 -1.2471 0.7463 0.0153 -1.9626 
16.6521 10.9206 -4.6916 -2.1264 2.6313 -0.5565 -0.4187 2.2879 -0.0599 -1.4891 0.7048 -0.0665 -1.9367 
15.2572 9.2275 -5.6072 -2.4475 1.9004 -2.0507 -1.8180 1.4527 -0.7622 -1.9983 0.8502 0.2276 -2.3170 
15.7308 9.8778 -5.2047 -2.3297 2.2012 -1.5263 -1.4864 1.8205 0.0299 -1.3039 0.9298 0.1122 -2.2145 
16.0165 10.0907 -5.1857 -2.1142 2.7081 -1.0241 -1.3003 1.4629 -0.9267 -2.5362 -0.0203 -0.1140 -1.5883 
15.8634 9.9214 -5.2422 -2.1346 2.4576 -1.6469 -1.9241 1.4128 -0.4048 -1.9965 0.2788 0.1678 -1.2507 
17.1789 10.3349 -6.8379 -3.3501 3.0614 -0.2233 -1.0227 1.6284 -0.2779 -1.6620 0.4513 -0.1029 -1.7637 
16.0842 10.3899 -4.8068 -2.0368 2.7844 -0.6696 -0.9381 1.9306 -0.0115 -1.5688 0.5680 0.3755 -1.2320 
