16.9962 10.6158 -5.9531 -3.0018 2.4395 -1.0224 -1.4786 1.2695 -0.5393 -1.6202 0.2475 -1.2432 -3.3056 
17.3172 10.3108 -6.9286 -3.2085 2.8397 -1.1164 -1.8507 1.3423 -0.1367 -1.1476 0.9219 -0.2720 -2.1806 
17.5252 10.4055 -6.9839 -3.0079 3.1474 -1.1404 -2.0501 1.2689 -0.3284 -1.4780 1.0264 0.1953 -2.1791 
17.1309 10.1904 -6.8365 -3.1242 2.7539 -1.2359 -1.7216 1.6557 -0.1435 -1.6417 0.4810 -0.2136 -1.7182 
17.6664 10.9960 -6.1590 -2.8372 2.7818 -1.3806 -2.1940 1.0222 -0.5916 -1.9248 0.2601 -0.3864 -2.1695 
17.9662 10.9493 -6.8105 -3.5050 2.1299 -2.0727 -2.4269 1.2541 -0.5950 -2.2262 0.1383 -0.5230 -2.6869 
18.2329 11.2444 -6.4815 -2.7839 3.1630 -1.3092 -2.3077 0.8031 -1.4292 -3.0897 -0.1743 -0.1216 -2.0747 
17.2747 10.3898 -6.9069 -3.6913 2.1179 -1.4702 -1.7471 1.4287 -0.6123 -2.0238 0.4660 -0.2102 -2.3085 
18.0336 10.9906 -6.7802 -3.3015 2.5751 -1.4980 -2.0286 1.1104 -1.2302 -2.7864 0.1206 -0.0346 -1.9946 
18.1040 11.1382 -6.6808 -3.3290 2.6141 -1.4151 -1.9862 1.4567 -0.5673 -2.4511 0.0702 0.1033 -1.8386 
18.1282 11.1348 -6.5170 -2.8714 2.9078 -1.5083 -2.2116 1.0646 -1.1588 -2.8661 -0.1859 -0.3346 -2.1048 
17.9675 10.9771 -6.6985 -3.1360 2.8757 -1.3813 -2.4863 0.4387 -1.4658 -2.5856 0.4616 0.4290 -1.5006 
18.5231 10.9854 -7.6187 -3.7220 2.8912 -1.3531 -2.3944 0.7087 -1.4934 -3.0415 -0.0360 0.0198 -1.7452 
18.5276 11.4106 -6.6742 -2.8803 3.5030 -0.8075 -2.1230 0.7912 -1.0073 -2.1504 0.6310 0.3029 -1.6597 
18.5115 11.4478 -6.7006 -3.1978 3.1504 -0.7357 -1.7023 1.0854 -1.0983 -2.5783 0.0869 -0.0247 -1.6428 
18.6427 11.5815 -6.7141 -3.3631 2.9468 -0.8935 -1.7901 1.1321 -0.9033 -2.3145 0.4407 0.3954 -1.5202 
19.0381 11.5050 -7.7005 -4.2804 2.7178 -0.6874 -1.5400 1.1582 -1.1716 -2.5640 0.3668 0.1620 -1.8882 
19.0366 11.7461 -6.8701 -3.1146 3.3834 -0.9729 -2.3529 0.5199 -1.3110 -2.4656 0.2870 0.0372 -1.7659 
18.3214 10.9795 -7.0101 -2.7580 3.6448 -0.9276 -2.0209 1.2054 -0.7662 -2.1505 0.6048 0.2154 -1.7829 
18.2935 10.9430 -7.4464 -3.9373 2.5462 -0.9954 -1.6285 0.8781 -1.7489 -2.8168 0.6609 0.6426 -1.4110 
17.0365 9.9798 -7.2536 -3.8375 1.9045 -1.8181 -2.2142 0.4232 -2.1510 -3.3735 -0.4068 -0.6995 -2.3351 
16.9768 9.9871 -7.2258 -3.8026 2.1722 -1.6357 -2.3418 0.7086 -1.3166 -2.9117 -0.3093 -0.3602 -2.2694 
16.9334 10.2538 -6.5816 -3.3252 2.5215 -0.8595 -1.1648 1.7866 -0.4335 -2.1587 0.0332 -0.4072 -2.1174 
16.4555 10.2506 -5.5606 -2.3077 2.7012 -1.3025 -1.6420 1.5307 -0.4756 -1.9253 0.6194 0.3563 -1.4178 
16.1480 9.8500 -6.2294 -3.2759 2.3073 -0.9545 -1.3460 1.8654 0.3716 -1.2473 0.5704 0.1198 -1.7315 
15.9268 10.0316 -5.3769 -2.8428 1.5812 -2.0298 -1.9114 1.3807 -0.3204 -1.4561 0.9398 0.3059 -1.7916 
15.7261 9.8863 -5.3562 -2.6820 1.9970 -1.7386 -2.2427 0.7280 -0.9298 -2.1963 0.2939 0.2193 -1.7231 
15.2584 9.2318 -5.8363 -2.9643 1.6781 -1.8526 -1.8393 1.1943 -0.6805 -1.7792 0.6727 0.0051 -2.0710 
15.8848 10.2591 -4.7896 -2.2517 2.2819 -1.0650 -1.3330 0.9988 -1.0591 -1.8267 0.5260 -0.7019 -2.9623 
14.8817 8.9920 -5.5807 -2.5565 1.9726 -1.5203 -1.2908 1.7891 -0.3733 -1.8482 0.4769 -0.0728 -2.1180 
15.2476 9.8810 -4.5593 -2.1864 2.0072 -1.6128 -2.1799 0.3843 -1.1766 -2.1590 -0.1118 -0.7472 -2.4013 
14.8606 9.1274 -5.3819 -2.6494 1.7776 -1.5800 -1.5593 1.1003 -1.1103 -2.4493 -0.2568 -0.8683 -2.3844 
15.1078 9.4297 -5.0086 -2.0731 2.2383 -1.5365 -1.7067 1.0901 -0.9293 -2.1176 0.1180 -0.6122 -2.1983 
15.7138 9.8792 -5.2045 -2.2608 2.5545 -1.0469 -1.3358 1.5265 -0.5603 -2.0268 0.4425 0.1249 -1.9565 
15.6391 10.0605 -4.9267 -2.5152 2.0949 -1.3262 -1.9387 0.5836 -1.0332 -2.1004 -0.0035 -0.4870 -2.1079 
15.4169 9.5556 -5.4326 -2.5073 2.3268 -1.3058 -1.7073 1.3500 -0.2303 -1.4731 0.8227 0.3972 -1.6641 
15.4943 9.7831 -5.1746 -2.6771 1.6545 -1.9528 -2.0232 1.1342 -0.4343 -1.5092 0.8160 0.1202 -2.2296 
16.1286 10.3750 -4.9778 -2.2255 2.8040 -0.5521 -1.1883 1.1056 -1.0044 -2.2414 0.1038 -0.3272 -2.1662 
16.0789 10.3888 -4.8817 -2.3221 2.2652 -1.3775 -1.7958 0.9946 -0.8741 -2.1674 0.2222 0.0277 -1.6245 
15.2012 9.2573 -5.4485 -2.1526 2.4362 -1.6361 -1.8505 1.4934 -0.3119 -1.7019 0.7924 0.3134 -1.9839 
16.4737 10.4698 -5.2341 -2.2981 2.5328 -1.2888 -1.6653 1.0279 -1.4441 -2.9611 -0.1299 -0.1117 -1.9051 
16.1100 10.1184 -5.4440 -2.7722 1.7420 -1.9530 -1.9518 1.0374 -1.1772 -2.6703 -0.2936 -0.6751 -2.3927 
16.2948 10.5103 -4.9638 -2.3011 2.4089 -1.2411 -1.4630 1.6838 -0.2833 -2.2535 -0.4026 -0.5483 -2.0023 
16.5066 10.5016 -5.2852 -2.5130 2.1857 -1.7367 -2.3400 0.2597 -1.7410 -2.7145 -0.0090 -0.2812 -1.8495 
16.1806 10.1889 -5.2851 -2.0843 3.0881 -0.7330 -1.4928 1.3762 -0.1078 -1.0704 1.1299 0.1637 -2.0203 
16.6755 10.4788 -5.2292 -1.7185 3.0164 -1.5998 -2.2210 0.9847 -0.6992 -1.6365 0.7323 -0.5309 -2.8384 
17.0887 10.7564 -5.6289 -2.4114 2.7353 -1.6022 -2.3815 1.0678 -0.1444 -1.3220 0.7390 0.0283 -1.8104 
17.8418 10.8123 -7.0722 -3.8697 2.3132 -1.2657 -1.9438 1.0326 -0.8313 -2.0119 0.7475 0.4781 -1.5557 
18.1598 11.3587 -6.2698 -2.9974 2.7228 -1.3667 -1.9582 1.2758 -0.8301 -2.3907 0.3642 0.1560 -1.9645 
18.7663 11.5800 -7.0188 -3.6462 2.9998 -0.7274 -1.7771 1.1671 -0.8032 -2.4842 -0.1705 -0.5603 -2.5041 
18.4148 10.8609 -7.8123 -4.1593 2.3862 -1.5247 -2.1471 1.2557 -0.6557 -2.1814 0.3542 0.0142 -1.7420 
18.3932 10.5305 -8.2662 -4.0471 2.7336 -1.7388 -2.8674 0.4893 -1.3206 -2.6833 0.0152 -0.2765 -1.8770 
20.0252 11.9636 -8.2236 -4.3511 2.7350 -1.6545 -2.7692 0.6600 -1.3317 -2.8355 0.2120 0.2060 -1.7386 
20.6058 12.4491 -8.0802 -3.8696 3.5893 -1.0918 -2.5476 1.1456 -0.5517 -2.2952 0.3777 0.1308 -2.0831 
20.7447 12.6507 -7.9397 -3.9729 3.2784 -1.2513 -2.6200 0.6157 -1.3906 -2.6949 0.4247 0.1772 -1.9510 
21.1119 12.7451 -8.2068 -3.8162 3.7356 -1.0152 -2.3759 1.1863 -0.7671 -2.4255 0.1821 -0.3560 -2.3113 
21.7193 13.1297 -8.4071 -3.8665 3.9097 -1.1446 -2.8305 0.6819 -1.2880 -2.6578 0.7603 0.7018 -1.7337 
21.8102 12.7565 -9.2708 -4.2743 4.0513 -0.9594 -2.5446 1.1870 -0.9363 -2.6951 0.4400 0.1648 -2.3471 
24.0035 14.2509 -9.9766 -4.8542 4.3401 -1.0553 -3.2895 0.4729 -1.5136 -3.0592 0.6405 0.6692 -1.9786 
24.3032 14.2397 -10.3598 -4.5749 5.4237 -0.2130 -3.3120 0.0337 -1.8723 -3.4920 -0.0715 0.0042 -2.2854 
25.3616 14.8316 -10.9648 -5.1956 5.0406 -0.5878 -3.2372 0.5683 -1.5060 -3.2772 0.2468 0.0366 -2.6341 
24.9486 14.9221 -10.3441 -5.0833 5.3095 0.4601 -2.5702 0.4015 -1.4650 -2.9728 0.0585 -0.2719 -2.5007 
25.6660 15.4691 -9.9537 -3.8640 6.4276 0.0145 -3.8944 -0.3966 -1.8407 -3.4818 -0.3180 -0.2030 -2.1456 
25.2220 15.1883 -10.2406 -5.2075 4.6416 -0.5878 -3.3101 0.1915 -1.3742 -2.6311 0.4653 -0.2023 -2.6556 
24.7667 14.7462 -10.3539 -5.1782 4.6228 -0.8153 -3.6541 0.1083 -1.3045 -3.1397 -0.8166 -1.4853 -3.2884 
24.0806 14.4731 -9.7010 -4.7858 4.1338 -1.6669 -4.3289 -0.3355 -1.6580 -3.3529 -0.3538 -0.0328 -1.8795 
23.3978 13.8531 -10.0300 -5.3696 3.7008 -1.2923 -3.6936 -0.3901 -2.2066 -3.5537 -0.3880 -0.9318 -3.4373 
23.4979 14.8204 -8.2349 -4.2509 4.1094 -0.5565 -2.6584 0.4054 -1.6328 -3.1483 -0.0733 -0.1922 -2.1141 
22.1218 13.5186 -8.7136 -4.7413 3.7306 -0.1830 -1.9124 0.9072 -1.1373 -2.4736 0.2927 -0.4323 -2.6894 
21.0397 13.1455 -7.5297 -3.9319 3.1793 -1.1587 -2.3553 1.0726 -0.7043 -2.0986 0.7508 0.4878 -1.7239 
20.1630 12.7147 -7.2291 -4.3380 2.2128 -1.8219 -2.9177 0.4503 -1.0805 -2.5218 -0.1266 -0.5070 -2.2814 
18.9679 11.8833 -6.7196 -3.7013 2.2260 -1.7824 -2.4995 0.4765 -1.8251 -3.3490 -0.5150 -0.6604 -2.4523 
17.7042 10.7035 -7.0086 -3.8494 1.8920 -2.1509 -2.9519 -0.0035 -1.9398 -2.8824 0.2815 -0.0505 -2.3370 
17.8477 11.1429 -6.3312 -3.3268 2.3237 -1.5047 -2.1214 0.9411 -0.9450 -2.3434 -0.0123 -0.6876 -2.7804 
16.9889 10.5747 -5.8766 -2.8388 1.9998 -2.3054 -2.7393 0.4761 -1.4938 -2.6454 0.3816 0.2291 -1.9348 
17.1132 10.8694 -5.5736 -2.7053 2.3727 -1.4424 -1.8110 1.2783 -0.6373 -2.0962 0.1239 -0.4230 -2.2460 
16.5458 10.4695 -5.4654 -2.7944 1.8800 -1.7260 -1.5835 1.4627 -0.9826 -2.6054 -0.0332 -0.4021 -2.2901 
15.9389 9.7751 -5.5916 -2.1637 2.7380 -1.4739 -2.0905 0.8129 -1.2392 -2.4827 0.2237 -0.1906 -2.2493 
16.1508 9.9390 -5.8648 -2.6756 2.7890 -0.8116 -1.6538 0.9445 -0.8284 -2.0797 0.0217 -0.5221 -2.0829 
15.8853 9.8284 -5.7707 -2.9701 2.0008 -1.7435 -2.4276 0.4695 -1.1385 -2.3510 -0.0135 -0.4636 -2.4744 
15.9073 9.7813 -5.9697 -3.3188 1.5011 -2.2709 -2.7211 0.4986 -1.0031 -2.3199 -0.0061 -0.2607 -2.0969 
16.0761 9.2544 -7.1108 -3.6437 1.7856 -2.2545 -2.8620 0.2332 -1.5614 -2.8580 -0.6994 -1.5506 -3.2834 
17.0318 10.4346 -6.3251 -2.9923 2.7500 -1.2807 -2.4766 0.2749 -1.4096 -2.7250 -0.4279 -0.6463 -2.1433 
17.0923 10.4594 -6.5935 -3.5879 2.2559 -1.4101 -2.3819 0.4196 -1.4429 -3.0373 -0.6939 -0.7665 -2.4803 
17.4363 10.1957 -7.2870 -3.3130 2.8002 -1.4560 -2.1077 1.2499 -0.9259 -2.6726 0.0294 0.0411 -1.6230 
18.0692 10.9207 -6.8299 -3.0524 2.7398 -1.8045 -2.2769 1.4959 -0.7104 -2.9493 -0.5754 -0.4837 -1.9769 
18.2997 10.9628 -7.0614 -3.0043 3.1694 -1.3183 -1.9768 1.5472 -0.6098 -2.3762 0.2544 0.0783 -1.6172 
18.8891 11.5195 -6.9218 -2.8693 3.5783 -0.8501 -1.8135 1.3480 -0.8767 -2.4364 0.3795 0.2146 -1.5934 
19.3195 11.1080 -8.5143 -3.8375 3.5459 -1.2394 -2.6950 0.8964 -0.9268 -2.7899 -0.4529 -1.0424 -3.2021 
20.6050 12.2348 -8.5734 -4.4463 2.9663 -1.5274 -2.6160 0.9753 -1.0737 -2.6275 0.3546 -0.0980 -2.4617 
20.8329 11.8726 -9.6626 -4.7812 3.9692 -0.1365 -1.7151 1.3991 -0.7278 -2.0740 1.0816 0.4851 -2.2175 
22.1935 12.9373 -9.2490 -3.7693 4.4156 -1.3122 -2.7896 1.5591 -0.6805 -3.0131 -0.0789 -0.0633 -1.9496 
22.2870 12.3551 -10.3527 -4.0597 4.5803 -1.5291 -3.0096 1.4406 -1.0837 -3.2314 0.2323 0.0771 -2.2457 
23.7615 13.2658 -11.1516 -4.7690 4.9916 -0.9358 -3.1719 0.8867 -1.2537 -2.9798 0.2596 -0.5235 -3.1397 
24.6426 13.6950 -11.7552 -5.4069 4.1906 -2.3439 -4.4678 0.2575 -1.7193 -3.6602 -0.3593 -0.7636 -3.1502 
25.8338 15.1218 -10.7360 -4.4937 5.2187 -1.2025 -3.3968 0.8866 -1.4981 -3.1337 0.6256 -0.1915 -3.0202 
26.1759 14.8419 -11.7443 -4.5922 6.2271 -0.4819 -3.2508 1.4207 -0.5555 -2.6383 0.6742 -0.0586 -3.0498 
26.4122 15.0410 -11.7453 -4.8280 5.6351 -1.0363 -3.2847 1.5328 -0.7586 -2.9217 0.3854 -0.4147 -2.8000 
26.6349 15.2070 -11.7780 -4.7666 5.7696 -1.3265 -3.8352 1.6405 -0.0110 -2.4438 0.6020 0.0428 -2.5139 
27.5422 16.3742 -11.1989 -4.8025 6.1782 -0.0939 -3.0898 0.9938 -1.2702 -3.3895 0.0789 -0.1549 -2.6915 
27.0676 16.0313 -11.0467 -4.5526 6.1906 -0.4527 -3.5325 1.1105 -0.6934 -3.2576 -0.3916 -0.5715 -2.9215 
26.7342 15.7604 -11.1375 -4.9569 5.5405 -0.5327 -2.9316 1.4330 -0.9446 -3.3025 -0.0082 -0.2318 -2.5684 
26.6223 16.6023 -9.5591 -4.7785 4.5329 -1.0721 -3.0824 1.0563 -0.9533 -2.6217 0.5367 -0.4265 -3.1138 
25.8931 15.9409 -9.9139 -5.4772 3.7840 -1.2104 -2.9278 0.8682 -1.4588 -3.1490 0.2837 -0.0322 -2.2527 
25.3128 15.2747 -10.0164 -5.0033 4.1948 -1.0141 -2.4534 1.5488 -0.9175 -2.4892 0.9608 -0.2120 -3.2682 
26.2089 16.2767 -9.4879 -4.7842 4.2590 -1.0184 -2.5827 1.2015 -1.2586 -2.6605 0.7843 -0.0665 -2.1958 
25.9143 16.5751 -8.4882 -4.1517 4.8099 -0.0160 -1.7023 1.6632 -0.9916 -2.6830 0.7501 0.2188 -2.4230 
24.7886 15.2417 -9.0716 -4.0416 4.8232 -0.4424 -1.9033 2.2006 -0.0478 -1.9238 0.9662 0.0791 -2.1736 
24.0125 14.7514 -9.0280 -4.4604 4.1848 -0.9616 -3.1391 0.0935 -1.8708 -2.8681 0.5622 -0.1853 -2.7500 
22.6145 13.3367 -9.4909 -4.6243 3.9003 -0.8478 -2.1535 1.3780 -1.3042 -3.1611 0.3623 0.6140 -1.1478 
23.4432 14.4940 -8.5987 -4.3271 3.6825 -1.2403 -2.4055 1.5122 -0.9047 -3.0280 -0.0736 -0.2182 -2.1865 
21.8040 13.6603 -7.5420 -3.5641 3.7034 -0.9347 -1.9388 1.7655 -0.4225 -2.3638 0.1237 -0.5314 -2.5311 
21.4440 13.3686 -7.5422 -3.6136 3.6205 -0.6169 -1.3639 1.8906 -0.7017 -2.2797 0.6350 -0.2160 -2.5433 
19.9398 12.6502 -6.5025 -3.0223 3.0845 -1.4389 -2.2159 1.1819 -1.0105 -2.7182 -0.1889 -0.7352 -2.6702 
18.7634 11.2885 -7.2449 -3.3872 2.6765 -1.9787 -2.7743 0.6546 -1.2799 -2.4537 0.2462 -0.8429 -3.3434 
18.6534 11.6444 -6.3701 -2.9918 2.4382 -2.0989 -2.3706 1.4405 -0.5037 -2.1870 -0.0430 -1.0900 -3.1050 
18.6326 11.5473 -6.6409 -3.4082 2.0400 -2.3244 -2.3810 1.3913 -1.0193 -2.9572 -0.2212 -0.6269 -2.8798 
17.7385 11.0214 -5.9584 -2.5406 2.3296 -2.1339 -1.9119 1.7631 -0.6649 -2.1594 0.6691 -0.0677 -2.2497 
18.1214 11.6982 -5.5088 -2.7064 2.1741 -2.1999 -2.6963 0.6204 -1.1166 -2.1501 0.6157 0.1448 -1.8946 
18.0177 11.4288 -6.0280 -3.2517 1.9765 -1.9865 -2.1236 1.5418 -0.2969 -1.9855 0.3386 -0.1434 -2.2586 
18.2238 11.1396 -6.6854 -3.2561 2.0813 -2.4862 -2.7916 0.7415 -1.4701 -2.8931 -0.1041 -0.8115 -2.9886 
17.5206 10.1562 -7.3141 -3.1435 2.6010 -2.0634 -2.3349 1.4597 -0.7877 -2.5130 0.3065 -0.0191 -2.2922 
17.9074 10.8433 -6.9619 -3.7967 1.5953 -2.6516 -2.8111 0.8679 -1.2629 -3.0331 -0.5022 -0.9382 -3.0285 
17.7678 10.9335 -6.4134 -3.0946 2.4481 -1.4005 -1.6025 1.3267 -1.2235 -2.6950 -0.0403 -0.5787 -2.4360 
18.0303 10.9144 -6.7334 -2.9789 2.6229 -1.9884 -2.3750 1.3801 -0.7305 -2.5413 -0.0156 -0.4834 -2.6349 
17.9019 11.4671 -5.7498 -2.8591 2.6832 -1.1320 -1.7222 1.5000 -0.3979 -2.2303 0.0231 -0.0260 -1.8811 
17.3168 10.3623 -6.9823 -3.6445 2.1113 -1.8241 -2.1878 1.4777 -0.1858 -2.0285 -0.1842 -0.6913 -2.1373 
16.6057 9.5137 -7.6631 -4.4354 1.3101 -2.2785 -2.6384 0.1858 -2.2071 -3.6368 -0.8306 -0.9276 -2.5333 
17.6503 10.3839 -7.4074 -3.7809 2.1676 -2.0778 -2.8285 0.2536 -2.0121 -3.4397 -0.3021 -0.1462 -2.0101 
18.7905 11.5860 -6.8179 -3.2926 2.7536 -1.6220 -2.4765 0.7696 -1.3020 -2.7666 0.0766 -0.2365 -2.5294 
18.6561 11.4996 -6.8063 -3.2903 2.8961 -1.2283 -1.9696 1.3152 -0.7813 -2.5570 -0.1063 -0.3224 -2.0244 
18.0912 10.7215 -7.2257 -3.1220 3.1485 -1.2029 -1.8434 1.4406 -1.1038 -2.9808 -0.0605 -0.1113 -2.0463 
18.1298 10.9662 -6.8828 -2.9799 3.4436 -0.5505 -1.4627 1.3388 -0.9821 -2.4367 0.3428 0.0799 -1.7504 
18.8985 11.9793 -6.0955 -2.7607 2.7045 -1.9173 -2.5428 0.7969 -1.4676 -2.9208 0.1268 -0.2169 -2.5493 
18.4224 11.5429 -6.4908 -3.5784 2.0382 -1.8628 -2.3500 0.6820 -1.4146 -2.4977 0.5304 0.0546 -2.3378 
18.6244 11.1678 -7.4543 -3.6818 2.9434 -1.0828 -1.8565 1.5441 -0.4895 -2.4004 -0.1106 -0.4335 -2.2198 
18.2031 11.3262 -6.2212 -2.6464 2.8523 -1.9849 -2.9276 0.6281 -1.0704 -2.5687 -0.0129 -0.3282 -2.3065 
17.5656 10.1064 -7.7229 -3.7148 2.4690 -1.8608 -2.3342 1.4292 -0.6622 -2.7150 -0.2700 -0.3045 -1.9579 
17.7224 10.5304 -7.1992 -3.4089 2.8123 -1.5088 -2.5345 0.8935 -0.8103 -2.6724 -0.5881 -0.8285 -2.4539 
18.3180 10.6010 -7.8447 -3.4020 3.4229 -0.9799 -1.9703 1.2374 -1.1419 -2.8998 -0.1130 -0.5935 -2.9923 
19.3274 11.4302 -8.0594 -4.1062 2.6925 -1.7193 -2.6075 1.0755 -0.7038 -2.3747 -0.0074 -0.5335 -2.4055 
18.5226 10.3614 -8.8393 -4.4479 2.6218 -1.7360 -2.5859 1.1113 -0.6908 -2.1814 0.5384 0.1078 -1.9692 
20.0576 12.1160 -7.9087 -4.0250 2.8862 -1.7562 -2.8508 1.0674 -0.6022 -2.6495 -0.4883 -0.7801 -2.4602 
20.3165 12.0823 -8.4946 -4.5640 2.8039 -1.4001 -2.4711 0.8359 -1.2937 -2.8425 -0.1098 -0.7481 -2.8940 
19.5709 11.6130 -8.2726 -4.6309 2.2485 -1.8938 -2.8476 0.3933 -1.6240 -2.9509 -0.0448 -0.4196 -2.5070 
19.8873 12.0921 -7.5355 -3.5759 3.1596 -1.3845 -2.5031 0.6686 -1.4696 -2.8536 -0.1032 -0.6394 -2.4189 
20.3074 12.3007 -7.8169 -3.5335 3.8243 -1.0321 -3.0866 -0.2142 -2.0966 -3.3669 -0.4348 -0.7181 -2.6974 
21.7142 13.9563 -7.2387 -4.1530 3.1245 -0.8235 -2.2570 0.6730 -1.2667 -2.8545 -0.3607 -0.4539 -1.9754 
21.1644 12.9825 -8.0506 -4.1820 3.1969 -1.4736 -3.1018 0.1955 -1.7542 -3.3815 -0.4234 -0.3272 -2.2347 
21.3552 13.1158 -8.1701 -4.6233 2.3317 -2.4201 -3.5906 0.0687 -1.9266 -3.6161 -0.7121 -0.8300 -2.7325 
21.0273 12.6720 -8.2575 -4.0003 3.3644 -1.4356 -2.7171 0.8327 -1.2761 -2.9053 0.0886 -0.0958 -2.0188 
21.4416 13.1324 -8.1531 -4.1708 3.3093 -1.3336 -2.7936 0.4691 -1.7751 -3.3364 -0.1552 -0.4814 -2.9285 
21.4309 12.9831 -8.3822 -4.3100 3.0112 -1.8792 -3.1513 0.5812 -1.3750 -2.9720 0.0318 -0.1699 -2.1711 
22.3881 13.4046 -9.1830 -4.9835 3.0194 -1.4051 -2.3277 1.3520 -0.9204 -2.5863 0.1261 -0.6514 -2.4751 
22.5531 13.8449 -8.4958 -4.3566 3.4254 -1.4090 -2.8666 0.7091 -1.2481 -2.8585 -0.2731 -0.9339 -2.9203 
21.4923 12.9333 -8.6665 -4.4730 3.4721 -0.8876 -2.2465 1.0269 -1.2966 -3.0140 -0.0300 -0.4022 -2.5503 
21.5551 12.5554 -9.7916 -5.6540 2.8981 -0.9087 -2.0915 1.2681 -0.7594 -2.1201 0.8895 0.1554 -2.4018 
20.6373 12.3541 -8.5359 -4.6312 3.1013 -0.7255 -1.8699 0.9850 -1.3790 -2.6313 0.5532 0.0571 -2.2667 
21.2450 13.1977 -7.5619 -3.5389 3.6635 -1.1476 -2.6868 0.6741 -1.1245 -2.4719 0.3078 -0.2142 -2.3890 
20.8746 13.2127 -7.2845 -4.0344 3.0352 -1.0409 -2.3651 0.9028 -0.6412 -1.9731 0.4829 -0.1567 -2.3836 
19.7713 12.3732 -7.2925 -4.2413 2.8263 -0.5649 -1.9054 0.5265 -1.2474 -2.0881 0.5460 -0.2588 -2.3326 
18.8988 11.9525 -6.3909 -3.1276 3.1068 -0.9589 -2.1047 0.9841 -0.6027 -1.8313 0.7391 0.3433 -1.8588 
17.6888 10.7998 -6.6174 -3.0540 3.0169 -1.1176 -2.2653 0.7329 -0.8860 -2.0801 0.3753 -0.1634 -2.1018 
16.9157 10.5599 -5.7448 -2.5054 2.6974 -1.4167 -2.1314 0.7772 -1.1160 -2.2218 0.3671 -0.3584 -2.5688 
15.7520 9.0396 -7.1825 -3.9539 1.6949 -1.5860 -1.7911 1.1578 -0.9282 -2.4458 -0.1874 -0.8116 -2.9248 
16.0621 9.5893 -6.3454 -2.9739 2.3321 -1.5480 -2.1680 0.6920 -1.1375 -2.3066 -0.0694 -0.7980 -2.4799 
16.4432 10.3274 -5.3306 -2.1477 2.5082 -1.7177 -1.8193 1.6435 -0.5268 -2.2804 0.2341 -0.1451 -2.2486 
15.5674 9.6673 -5.5951 -2.9735 1.8710 -1.3144 -1.4028 1.4329 -0.4140 -1.7646 0.1320 -0.6736 -2.4372 
15.6444 9.7524 -5.5940 -3.1690 1.4639 -1.7186 -1.7612 0.8554 -1.1108 -2.1151 0.0590 -0.9004 -2.7046 
15.9023 9.8599 -5.5045 -2.3714 2.6098 -1.1035 -1.5559 1.2036 -0.7613 -1.9811 0.3751 -0.1506 -1.8944 
20.8378 11.1571 -10.5689 -3.9976 5.3792 -0.9870 -4.6367 -0.2998 0.2594 -0.9726 -0.0068 -0.7203 -0.9641 
20.0703 11.1503 -9.5914 -3.9988 4.5828 -1.2224 -4.4913 -0.3438 0.0922 -1.4331 -0.7180 -1.1165 -1.1648 
17.9290 10.0761 -8.3366 -3.7197 3.4101 -1.1513 -2.5804 1.2264 0.1540 -1.7796 -0.4355 -0.8367 -1.5686 
18.5388 11.1276 -7.1332 -3.0181 3.2603 -1.5451 -2.6201 1.2430 0.0309 -1.4467 0.4237 -0.3569 -1.6801 
18.0026 10.4650 -7.4961 -3.1372 2.9485 -2.2019 -3.2667 0.6452 -0.9021 -2.5446 -0.2528 -0.8075 -2.5783 
18.1698 10.7775 -7.4054 -3.4540 3.1460 -0.9036 -1.8449 1.2820 -0.5863 -1.8339 0.8133 0.1209 -2.2068 
18.4472 10.9489 -7.0792 -2.5246 3.5616 -1.7484 -2.7357 1.1783 -0.7087 -2.4282 0.2581 -0.2101 -2.4693 
18.2619 10.8858 -7.1590 -3.0257 3.1954 -1.5862 -2.7707 0.5061 -1.4792 -2.9350 -0.1047 -0.3473 -2.1570 
18.8073 11.1818 -7.7872 -4.0604 2.6182 -1.5199 -2.6534 0.2573 -1.8238 -3.0673 -0.2116 -0.7406 -2.9186 
18.9453 11.5204 -7.3844 -3.8798 2.7254 -1.2055 -2.0633 1.0789 -1.0869 -2.6959 0.1538 -0.1062 -2.5199 
19.5572 11.6146 -8.0705 -3.9957 3.0500 -1.6075 -3.0828 0.4555 -1.0035 -2.3908 0.1974 -0.1779 -2.1464 
20.9168 13.0202 -7.6398 -4.1426 2.9094 -1.3818 -2.5220 0.9561 -0.7212 -2.0020 0.7861 0.2078 -2.1577 
20.9298 12.6160 -8.2432 -3.9406 3.6392 -1.0821 -2.6494 0.7794 -1.0676 -2.6148 0.1320 -0.2191 -2.1502 
21.6653 13.0351 -8.5421 -3.9114 4.1500 -0.7148 -2.4075 1.1432 -0.8528 -2.6192 0.2232 -0.1402 -2.3596 
22.5019 13.3748 -9.0995 -3.8220 5.1094 0.0182 -2.3474 0.9790 -0.6689 -2.0784 0.3228 -0.8590 -3.0074 
23.2774 13.6419 -10.0533 -4.9413 4.3049 -0.7737 -3.1653 0.2420 -1.4001 -2.7666 -0.2077 -1.2265 -3.2228 
24.2516 13.7539 -11.5020 -5.9031 4.2121 -1.3569 -4.3634 -0.6805 -1.8989 -2.8595 0.4224 -0.2492 -2.6052 
24.5434 13.6918 -11.9775 -6.0134 4.2598 -1.4199 -3.8695 0.4026 -1.3564 -3.3293 -0.3004 -0.5089 -2.4949 
24.0310 12.7442 -12.9043 -6.3028 4.1891 -1.9433 -4.3843 0.5600 -0.8709 -3.0816 -0.2130 -0.3604 -2.3561 
24.9966 14.4481 -11.0919 -5.1667 5.0862 -0.5483 -3.1241 0.7829 -1.4126 -3.6492 -0.4406 -0.1590 -2.0014 
25.3686 14.8595 -10.6322 -4.6635 5.0255 -0.8296 -2.5704 2.0103 -0.1710 -2.3256 0.7177 0.3144 -1.9039 
24.3518 13.8214 -10.8592 -4.3110 5.4149 -0.8362 -2.9366 1.5195 -0.8471 -3.0894 0.2825 -0.0695 -2.9015 
24.4950 14.1675 -10.8686 -5.3100 4.2245 -1.4785 -3.5705 0.6882 -1.3084 -3.1245 0.5319 0.7026 -1.8127 
23.5771 13.3187 -10.9066 -5.1375 4.0647 -1.4449 -2.7748 1.6569 -0.8875 -3.1390 0.1800 -0.0645 -2.4072 
22.8671 13.1976 -9.8258 -4.0204 4.8515 -0.7967 -2.5699 1.5472 -0.6823 -2.8913 -0.1881 -0.6964 -2.7198 
22.2669 12.7506 -9.6756 -3.9362 4.3702 -1.5913 -3.2927 0.8511 -1.3788 -3.2208 -0.0978 -0.8213 -3.2563 
22.0248 12.9462 -8.7850 -3.3054 4.3858 -1.4813 -2.6863 1.6153 -0.5198 -1.9551 1.3338 0.0752 -3.1260 
21.9858 12.8135 -8.8564 -3.0579 4.7996 -1.0609 -2.1865 1.9805 -0.5868 -2.1785 1.3777 0.3201 -2.8973 
21.5397 12.2424 -9.3689 -3.6359 4.1122 -1.8219 -2.9712 1.3171 -1.0087 -2.5749 0.6738 -0.5179 -3.3760 
22.2753 13.0454 -8.8732 -3.1180 4.6091 -1.6394 -2.8980 1.6164 -0.7844 -2.7054 0.6774 -0.0039 -2.7093 
22.0004 13.0080 -8.6322 -3.3445 3.9903 -2.0407 -3.1998 1.0728 -1.2110 -2.7159 0.7210 -0.0428 -2.4752 
21.2477 12.4431 -8.4559 -3.1074 3.9947 -1.8696 -2.7102 1.5044 -1.2167 -3.3161 -0.3255 -0.9586 -2.7846 
21.0533 12.3032 -8.3951 -2.9497 4.2289 -1.6941 -2.7393 1.6735 -0.3028 -1.9637 0.7079 -0.3950 -2.5989 
20.6339 11.6191 -8.8434 -2.7071 4.5348 -2.1838 -3.6735 0.9559 -1.0956 -3.1572 -0.3876 -0.9976 -2.8190 
20.0746 11.5259 -8.5714 -3.3981 3.7694 -1.7287 -2.7488 1.5595 -0.4431 -2.4145 0.2579 -0.2159 -2.1861 
19.7252 11.0879 -8.6062 -2.9498 4.1144 -1.5564 -2.2816 1.9945 -0.5260 -2.5054 0.5158 -0.1873 -2.6465 
20.0794 11.8624 -7.7627 -2.9081 3.2721 -2.6047 -3.0886 1.5268 -0.7694 -2.8804 -0.1056 -0.7011 -2.8587 
21.1607 12.4947 -8.2648 -3.1780 3.5313 -2.5089 -3.1050 1.7064 -0.6971 -3.0223 -0.0783 -0.4132 -2.4798 
20.2254 12.0784 -7.6115 -2.8392 3.4900 -2.1709 -2.8292 1.2518 -1.3808 -3.2607 0.0102 -0.4181 -2.7785 
20.3090 11.8117 -8.2054 -2.8970 4.0588 -1.7057 -2.8184 0.9848 -1.7569 -3.5607 0.0342 -0.0919 -2.4053 
20.2981 12.1281 -7.6998 -2.8254 3.9656 -1.6453 -2.9162 0.9449 -1.1508 -2.6563 0.5467 0.0909 -2.2760 
20.7383 13.0012 -6.7842 -2.4872 4.0324 -1.2864 -2.4205 1.3529 -0.8507 -2.7441 0.0506 -0.1859 -2.0329 
20.8683 12.8286 -7.5195 -3.5909 2.5887 -2.7002 -3.3155 0.6885 -1.6203 -3.2495 -0.1630 -0.7555 -3.1092 
20.4726 12.5839 -7.3925 -3.2633 3.3881 -1.7688 -2.9271 0.9354 -1.1294 -3.1085 -0.2492 -0.1763 -2.0892 
19.6650 12.0678 -7.0274 -3.0193 3.1468 -1.7360 -2.5256 0.9337 -1.3699 -2.8579 0.0519 -0.4376 -2.2929 
19.6433 11.9013 -7.1177 -2.6642 3.6741 -1.1649 -1.7057 1.5074 -1.5592 -3.1684 0.2005 -0.2575 -2.2371 
19.7157 12.1680 -6.6635 -2.4176 3.4621 -1.6220 -2.1063 1.1883 -1.8764 -3.4450 -0.0396 -0.6436 -2.7999 
20.4576 13.1734 -6.2887 -2.6378 4.1031 -0.0897 -1.2139 1.7190 -0.6167 -2.3293 0.2542 -0.1812 -2.2998 
20.4622 12.6603 -7.1200 -2.8378 3.9600 -0.9130 -1.8699 1.8155 -0.5324 -2.6526 -0.1220 -0.5110 -2.4271 
20.1533 12.3961 -7.3481 -3.4801 3.0411 -1.7642 -2.6984 1.0837 -0.8583 -2.7095 -0.2906 -0.6649 -2.1916 
20.9099 13.2649 -6.7938 -2.9888 3.6176 -1.2939 -2.6802 0.6112 -1.2579 -2.4089 0.6133 0.1854 -1.9101 
20.6033 12.3469 -8.0976 -3.7101 3.4316 -1.4672 -2.5943 1.1897 -0.5686 -1.9104 0.8683 0.2375 -1.7282 
21.3113 13.3067 -7.2114 -3.0306 3.7000 -1.4032 -2.4211 1.1229 -1.2668 -2.6708 0.7431 0.3722 -2.0631 
20.9436 12.7493 -7.7446 -3.3751 3.5009 -1.6323 -2.5926 1.2784 -0.8609 -2.4680 0.5027 -0.0519 -2.2570 
20.5079 12.3219 -7.9573 -3.5692 3.5317 -1.1392 -1.9120 1.7026 -0.8804 -2.8183 0.1824 -0.0842 -2.2257 
20.7122 12.8234 -7.2916 -3.2220 3.5112 -1.3471 -2.5805 0.4873 -1.8032 -2.7586 0.6379 -0.0968 -2.5190 
20.0382 12.1583 -7.6268 -3.5847 3.1596 -1.5789 -2.6453 0.8301 -1.2993 -2.8053 0.1522 -0.3462 -2.5557 
19.7313 11.2557 -9.0077 -4.5999 2.6191 -2.0772 -3.1915 0.2112 -1.9823 -3.1775 0.2296 -0.2950 -2.9180 
19.5673 11.4109 -8.0680 -3.2071 3.9698 -0.7615 -1.8441 1.1540 -1.7200 -3.1848 0.3349 -0.0936 -2.4683 
20.5283 12.5501 -7.0803 -2.1542 4.3801 -1.5896 -2.9380 1.2077 -0.5707 -2.1251 0.6249 -0.2333 -2.4616 
19.8170 11.6684 -7.7918 -2.6456 4.5502 -0.6365 -2.0332 1.1878 -1.4337 -3.1383 0.0695 -0.1743 -2.3549 
20.7650 12.4151 -8.1396 -3.7529 3.0374 -2.0184 -2.5254 1.5392 -0.9998 -2.8409 0.3477 -0.1922 -2.5248 
19.8160 11.1135 -8.9397 -3.6633 3.5486 -1.6129 -2.3654 1.3918 -0.9969 -2.1178 1.2486 0.2193 -2.1038 
19.8251 11.3242 -8.4889 -3.1849 4.0957 -1.0417 -2.0259 1.5175 -1.0110 -2.4371 0.8169 0.1265 -2.1491 
20.1565 11.4914 -8.7149 -3.5034 3.5494 -1.8500 -2.4658 1.6551 -1.0435 -2.9594 0.4800 0.2394 -2.2118 
20.7572 12.2359 -8.0695 -2.8063 4.1536 -1.6068 -2.4880 1.7782 -0.4849 -2.1824 0.7635 -0.3144 -2.7983 
21.2149 12.4440 -8.5869 -3.4228 3.9243 -1.8262 -3.0915 1.0914 -1.0035 -2.7196 0.3596 -0.1214 -2.1803 
21.2982 12.2395 -8.9577 -3.3236 4.2529 -1.6007 -2.7338 1.4472 -0.9883 -2.8265 0.2484 -0.4389 -2.5156 
21.4904 12.3408 -9.1356 -3.6300 3.9367 -1.7359 -2.4508 1.9258 -0.8015 -2.8053 0.5642 -0.0341 -2.3871 
21.0663 11.4300 -10.2920 -4.2910 3.8093 -2.0152 -3.0341 1.4709 -1.0392 -3.0482 0.2764 -0.4176 -3.0621 
21.7752 12.1683 -10.0173 -4.2201 4.0383 -1.3515 -1.9578 2.5664 -0.2544 -2.5674 0.6352 0.0340 -2.5590 
21.8442 12.1369 -9.7734 -3.3587 4.4353 -2.1411 -3.0039 1.9079 -0.8414 -2.8882 0.8795 0.3098 -2.3713 
21.5960 12.0563 -9.4641 -2.9133 5.0850 -1.1619 -2.0240 2.5698 -0.3960 -2.5908 0.8055 -0.2359 -3.1141 
22.0411 12.4508 -9.6102 -3.4881 4.4729 -1.7087 -2.8466 1.3813 -1.4253 -3.0065 0.9725 0.4438 -2.0733 
21.9609 12.4868 -9.4348 -3.2919 4.7959 -1.4285 -2.6824 1.9178 -0.6989 -2.9232 0.8964 1.1604 -1.4262 
21.8747 12.0132 -10.3443 -4.1376 4.1886 -1.7367 -2.5102 2.4091 -0.2188 -2.6655 0.5677 0.2453 -2.0821 
23.4056 12.8731 -10.9011 -3.9631 4.9814 -1.9445 -3.4864 1.6196 -0.9302 -3.2030 0.6858 0.6138 -1.9827 
23.8141 13.3857 -10.6287 -3.8725 5.2699 -1.3679 -2.8444 2.2576 -0.4061 -2.9732 0.7229 0.4502 -2.5159 
24.3050 12.9230 -12.1460 -4.4255 5.4076 -1.7933 -3.4256 1.9726 -0.7253 -3.1733 0.7101 0.1159 -3.0842 
25.7934 14.3396 -11.6212 -3.8054 6.2141 -1.4639 -3.3727 2.3758 -0.1374 -2.8443 0.8275 0.2099 -3.0117 
25.4848 13.1977 -13.2037 -4.6122 5.5572 -2.5742 -4.1171 2.0660 -0.5322 -3.0067 0.8060 -0.0578 -2.6981 
26.3087 13.9210 -13.3947 -5.1403 5.7887 -1.5208 -3.2846 2.1914 -0.6309 -2.9966 0.8537 -0.0916 -3.1228 
26.5109 14.0125 -13.1891 -4.6090 5.6263 -2.4901 -3.7867 2.0871 -1.3296 -3.7778 0.6808 -0.2311 -3.2108 
26.4616 14.2928 -12.6955 -4.6555 5.3235 -2.2398 -3.1337 2.5750 -0.9259 -3.2066 1.2377 0.0280 -3.3532 
25.9568 14.2381 -11.8924 -3.9581 5.6163 -1.9971 -2.8622 2.8385 -0.7853 -3.4083 1.0902 0.4804 -2.9190 
25.6125 14.4484 -11.2909 -4.1882 5.2471 -1.9926 -3.5458 1.6061 -1.2994 -3.2855 1.3341 1.0600 -2.2540 
24.8496 13.5018 -11.7835 -4.2361 5.0292 -2.6331 -3.9377 1.8329 -1.1636 -3.8356 0.5083 0.5761 -2.2464 
24.7338 13.7159 -11.2690 -4.2042 4.7185 -2.5320 -3.4558 2.3060 -0.5948 -3.2778 0.4710 -0.0282 -2.7148 
25.3219 14.8327 -10.2508 -4.1282 4.4174 -2.3535 -3.1823 2.1947 -0.8296 -3.4619 0.3119 0.0097 -2.5086 
25.3628 14.8396 -10.3259 -4.2219 4.3689 -2.3408 -3.1685 2.0655 -1.1843 -3.8649 0.2014 0.2645 -2.2506 
24.1933 13.9583 -10.2553 -4.1800 4.5180 -1.6800 -2.7634 1.8378 -1.1970 -3.3950 0.3922 -0.0620 -2.5918 
24.2545 13.8579 -10.8951 -5.2281 3.7480 -1.9681 -3.0017 1.5829 -1.2536 -3.4087 0.3226 -0.0404 -2.7059 
23.9735 13.7998 -10.1952 -4.0683 4.6392 -1.5424 -2.6604 2.0214 -0.7618 -2.8286 0.8481 0.1800 -2.6519 
23.1789 13.2098 -10.2235 -4.4389 3.8838 -2.1258 -2.9485 2.0118 -0.5638 -2.8109 0.5401 -0.2340 -3.1976 
23.3117 13.8808 -9.1402 -3.8551 4.0691 -1.7925 -2.8056 1.5659 -1.2461 -3.3456 0.2677 -0.0277 -2.3930 
24.0638 14.7898 -8.6579 -3.8247 3.9366 -1.9086 -2.9871 1.4821 -0.9261 -3.0052 -0.0242 -0.5939 -2.4989 
24.1101 14.8454 -8.7318 -4.1020 3.7530 -1.6421 -2.4721 1.6648 -1.1300 -2.8459 0.9968 0.5818 -2.0970 
23.3006 13.6883 -9.5228 -4.0565 4.2543 -1.4284 -2.7510 1.1393 -1.5524 -3.0662 0.6039 -0.1078 -2.5701 
22.7894 13.4871 -9.1566 -4.0377 3.7432 -2.0057 -3.2076 0.8402 -1.6663 -3.0764 0.6774 -0.0998 -2.9215 
22.6979 13.7374 -8.5461 -3.7468 3.8653 -1.4025 -2.2610 1.6278 -1.0736 -2.7073 0.6775 -0.1257 -2.6468 
21.5449 12.5305 -8.9039 -3.6267 3.7670 -1.9915 -3.0191 1.0112 -1.7435 -3.6848 -0.2789 -0.5279 -2.5212 
21.2669 12.6667 -8.5258 -4.1793 2.6272 -2.8178 -3.3892 1.3419 -0.7432 -2.9339 0.0335 0.0226 -2.0583 
21.6039 12.8058 -8.6642 -3.9023 3.2902 -2.3378 -3.2691 1.2150 -0.9308 -2.9025 0.1656 -0.2117 -2.5158 
22.9666 14.0639 -8.8070 -4.8184 2.8745 -1.9271 -2.7576 1.3990 -0.8550 -2.7695 0.3759 0.1499 -2.0439 
23.8340 14.6919 -8.7920 -4.5314 3.2151 -2.0323 -2.9250 1.3242 -1.1486 -3.0896 0.2140 -0.1675 -2.4505 
21.9739 12.8814 -9.0545 -3.9948 3.5597 -2.0791 -3.0311 1.4287 -0.8135 -2.7463 0.3314 -0.1630 -2.2902 
22.1958 13.1746 -8.5233 -2.9806 4.5796 -1.5732 -2.8535 1.4935 -0.9895 -2.9272 0.5852 0.2315 -2.3786 
21.8391 12.7363 -8.8452 -3.1987 4.4212 -1.8227 -3.1635 1.5015 -0.5222 -2.3249 1.1704 0.8800 -1.8937 
21.6079 12.3713 -9.1958 -3.3478 4.6927 -1.0359 -2.3282 1.7176 -0.7567 -2.5558 0.5351 -0.3699 -2.8114 
21.6090 12.0031 -9.9772 -4.1176 3.7644 -2.0942 -2.8425 1.7798 -0.7117 -2.4452 1.1432 0.5681 -1.9779 
22.0373 12.7582 -9.1023 -3.2529 4.7985 -1.1601 -2.6542 1.4842 -0.6774 -2.1674 1.0478 0.1368 -2.2368 
21.8594 12.6083 -9.0522 -3.1704 4.5959 -1.6425 -2.9571 1.5314 -0.7884 -2.6090 0.9751 0.6188 -2.1550 
21.8566 12.2803 -9.9018 -4.1830 3.7757 -2.0233 -2.9094 1.5096 -1.2443 -3.2533 0.2763 -0.4202 -3.4381 
22.3107 12.8656 -9.4495 -3.6965 4.4690 -1.4863 -2.7864 1.7580 -0.5676 -2.6868 0.5493 0.1123 -2.3608 
22.4244 12.7833 -9.7446 -3.7778 4.6233 -1.1445 -2.1822 2.2596 -0.6026 -3.0363 0.3491 0.2738 -1.9056 
21.8138 11.7882 -10.8732 -4.5540 4.6134 -0.7709 -2.1232 2.0040 -0.7923 -3.2336 0.0036 0.0137 -2.0582 
22.2199 12.4192 -10.2250 -4.2627 4.3275 -1.1122 -2.0512 2.0972 -0.8799 -2.9910 0.3761 -0.3635 -2.9505 
22.2268 12.6625 -9.6181 -3.7351 4.2645 -1.7456 -2.7779 1.6295 -1.0393 -2.8196 0.7650 -0.1522 -2.9305 
22.8756 12.9439 -10.4495 -4.7742 3.9398 -1.7880 -3.2443 1.2716 -0.7538 -2.7496 0.0859 -0.4870 -2.3185 
23.3187 13.8020 -9.2663 -3.9045 3.9454 -2.0612 -3.0071 1.5807 -0.9914 -2.9923 0.2713 -0.4765 -2.5872 
22.6526 12.9462 -9.8422 -4.0754 4.0620 -1.8249 -2.5027 2.4435 -0.3328 -3.0434 0.0171 -0.3474 -2.5795 
23.1404 13.1513 -10.3482 -4.6118 3.8063 -2.1322 -2.9190 2.2323 -0.3863 -3.2485 -0.2030 -0.1614 -2.0276 
23.7048 13.5940 -10.3498 -4.4096 4.5847 -1.0251 -2.0056 2.5651 -0.4525 -3.2183 -0.1187 -0.4551 -2.6009 
23.7758 13.6210 -10.4588 -4.4789 4.6621 -1.1985 -2.6543 2.0982 -0.2394 -2.8842 -0.1362 -0.4212 -2.3256 
24.2903 13.7506 -10.7310 -4.1365 4.9427 -1.8235 -3.3553 1.9050 -0.5644 -3.5200 -0.5899 -0.5870 -2.3684 
24.5013 14.1936 -10.3957 -4.4554 4.2078 -2.3298 -3.3324 2.4705 0.2227 -3.0362 -0.5844 -1.0333 -3.1583 
25.6902 14.8640 -11.2892 -5.4422 4.1446 -2.1950 -3.9816 1.1339 -1.1941 -4.2638 -1.5065 -1.3771 -2.9389 
25.2239 14.2783 -11.3599 -4.7185 5.0481 -1.6294 -3.3479 2.1996 -0.0106 -3.3004 -0.7700 -0.7605 -2.3184 
25.2433 14.7614 -10.2660 -3.8765 5.1322 -1.7917 -3.2708 2.2302 -0.2846 -3.4552 -0.4680 -0.4305 -2.4434 
26.0399 15.1735 -10.8665 -4.4066 5.2412 -1.5491 -3.3352 2.0895 -0.1547 -3.3008 -0.7991 -0.9932 -2.5890 
25.8315 15.7139 -9.7430 -4.3662 4.5935 -1.7089 -3.4502 1.5711 -0.4785 -3.2134 -0.4749 -0.3707 -1.9862 
25.3834 15.1490 -10.0825 -4.4225 4.5627 -1.9808 -3.6091 2.0976 0.4890 -2.5699 -0.3802 -0.5304 -2.0544 
25.2549 15.1155 -10.2141 -5.0322 4.1212 -1.6277 -3.1765 1.7305 -0.4072 -3.3226 -0.7798 -0.7105 -2.3868 
24.7998 14.7773 -10.2988 -5.3444 3.8461 -1.5231 -3.1048 1.5284 -0.4916 -3.1184 -0.4491 -0.3267 -2.1845 
25.0362 15.1365 -9.8652 -4.8117 4.2644 -1.5980 -3.5322 1.2353 -0.8496 -3.8640 -0.8338 0.3270 -1.1730 
25.5631 15.1114 -10.7529 -5.1896 4.5550 -1.6520 -3.9250 1.3248 -0.3333 -3.5861 -0.8728 0.2785 -1.2499 
26.0208 15.5678 -10.7236 -5.2521 4.9256 -1.2268 -4.0633 1.0731 -0.3242 -4.1515 -2.3490 -0.9669 -1.4427 
25.3189 15.2413 -10.2514 -5.2053 4.2378 -1.6176 -3.6398 1.8459 0.5925 -2.9252 -1.1224 -0.2486 -1.2462 
25.2209 15.3795 -9.5683 -4.3330 4.7400 -1.4916 -3.5839 1.7011 0.1280 -3.1026 -0.5267 0.6250 -0.6478 
24.5890 14.9735 -9.3263 -4.3098 4.1228 -2.1917 -3.8300 1.9561 0.8734 -2.0463 0.2076 0.6379 -0.9542 
24.2348 14.6479 -9.7015 -4.9839 3.9231 -1.5874 -3.3981 1.6565 0.3086 -2.5621 -0.2751 0.1428 -1.6835 
23.2625 14.1474 -9.1296 -4.7107 3.6844 -1.4643 -2.8673 2.0303 0.3962 -2.6523 -0.4388 0.0863 -1.6956 
23.2089 13.8668 -9.4234 -4.5825 3.9017 -1.4152 -2.7284 2.1499 0.3055 -2.7238 -0.5823 -0.2514 -1.5397 
22.2198 12.9312 -9.4236 -4.1573 3.8573 -2.0865 -3.5164 1.5405 -0.0781 -2.7838 -0.4293 -0.1302 -1.4372 
22.5871 13.4604 -9.0668 -4.2610 3.4672 -2.2178 -3.3360 1.3859 -0.8580 -3.4999 -0.5046 -0.0406 -1.7328 
22.2682 12.8755 -9.4992 -3.9419 4.3214 -1.4672 -2.8557 1.7394 -0.5257 -3.2217 -0.4988 -0.3531 -2.0685 
22.4462 13.2379 -9.0257 -3.5496 4.5888 -1.3262 -2.9410 1.4407 -0.8830 -3.5561 -0.8207 -0.5993 -2.0316 
22.3392 12.6377 -9.6903 -3.2781 5.0412 -1.5638 -3.1586 1.6290 -0.7942 -3.3219 -0.0490 0.0190 -2.1640 
22.0362 12.2030 -10.2406 -4.0393 4.2864 -2.0340 -3.4206 1.4888 -0.6066 -2.9002 0.1620 0.1011 -1.8423 
22.8222 13.3689 -9.3087 -3.8351 3.9682 -2.1440 -2.8804 2.4753 0.1108 -2.9527 -0.2940 -0.1336 -1.8525 
23.0578 13.2127 -9.8503 -3.8923 4.0592 -2.6640 -3.7761 1.6152 -0.6279 -3.2108 0.0705 0.2928 -1.7138 
23.1337 13.4808 -9.4965 -3.7164 4.3990 -1.8482 -3.1235 1.3778 -1.4114 -3.7646 -0.1628 0.0225 -2.0716 
23.0586 13.2989 -9.8878 -4.3073 3.7901 -2.3423 -3.4365 1.4143 -0.9818 -3.3149 -0.1209 -0.3018 -2.3998 
23.2156 13.2030 -10.3934 -4.7097 3.7056 -2.3060 -3.4336 1.2979 -1.2477 -3.6481 -0.5566 -0.8549 -2.6723 
23.5793 13.1284 -11.0153 -4.6951 4.4213 -1.7882 -3.2769 1.4931 -0.9237 -3.1402 0.2506 -0.0843 -2.3875 
23.7269 12.9814 -11.4411 -4.6449 4.9506 -1.2513 -2.7245 2.1344 -0.3713 -2.6260 0.7523 0.0593 -2.6248 
24.4890 13.9698 -10.9359 -4.9304 4.3392 -1.4542 -2.4978 2.2565 -0.6029 -2.9341 0.7189 0.2801 -2.3811 
24.6850 14.1416 -10.8581 -4.5590 5.2134 -0.6408 -2.4852 1.6068 -1.1723 -3.1016 0.7828 0.3913 -2.4173 
24.9558 14.0353 -11.4629 -4.9397 4.9513 -0.9340 -2.2531 2.3255 -0.7091 -3.0433 0.5992 -0.1716 -3.0425 
25.1754 14.3927 -11.2168 -4.9789 4.8395 -1.0770 -2.5746 2.1794 -0.3886 -2.7867 0.4019 -0.3924 -3.0580 
25.2746 14.4023 -11.0905 -4.6183 4.6839 -1.7182 -2.8617 1.9213 -1.2379 -3.5192 0.3670 -0.0905 -2.4695 
23.8283 13.1160 -11.2541 -4.5044 4.7645 -1.6221 -3.0224 1.6406 -1.1470 -3.2240 0.3590 -0.4263 -2.8962 
24.3381 13.9422 -10.4461 -4.2630 4.1785 -2.5056 -3.3498 2.0768 -0.5951 -3.0727 0.4634 0.0809 -2.3525 
25.1152 14.8042 -10.2590 -4.4434 4.5731 -1.7192 -3.2031 1.6451 -1.0725 -3.7966 -0.3271 -0.1807 -2.5663 
24.2298 14.2491 -9.9310 -4.1599 4.8834 -0.8571 -2.3988 1.8900 -0.6018 -2.8387 0.0731 -0.5027 -2.4253 
24.5704 14.8890 -9.4448 -4.4728 4.0684 -1.4847 -2.7647 1.6532 -0.6974 -2.8675 0.1501 -0.2266 -2.3197 
24.1261 14.2051 -9.9119 -4.4279 4.0701 -1.9512 -2.9414 2.3082 -0.0031 -2.7062 0.2856 0.0172 -2.3658 
24.2557 14.2570 -10.0656 -4.5074 4.3405 -1.6484 -3.3355 1.1492 -1.0101 -2.8446 0.6914 0.2698 -2.5738 
24.2378 14.7342 -9.1412 -3.9970 4.6282 -1.0544 -2.7895 1.3723 -0.8584 -2.8668 0.3524 0.1018 -2.1977 
24.2994 14.7401 -9.1529 -3.9940 4.3329 -1.5691 -2.9810 1.5266 -0.8077 -3.0634 0.0441 -0.0939 -2.0317 
24.0236 14.2213 -9.8741 -4.7466 3.5735 -2.5245 -4.0044 0.8685 -0.9741 -2.8323 0.5881 0.2323 -2.5262 
23.8887 14.5181 -9.2193 -4.6316 3.7126 -1.2341 -2.2015 1.7458 -1.0708 -3.1028 0.3511 -0.0791 -2.7117 
23.6076 14.1733 -9.2356 -4.1185 4.3174 -1.1773 -2.6060 1.5773 -0.6831 -2.5758 0.6237 0.2025 -2.1576 
23.5324 14.2148 -8.9083 -3.6977 4.5046 -1.2178 -2.5002 1.8313 -0.8708 -3.3192 0.0898 0.2832 -1.9281 
22.9737 13.3053 -10.2666 -5.4499 3.1741 -1.7095 -2.8123 1.3462 -0.9057 -2.7245 0.6027 0.4112 -1.8753 
23.5035 14.6284 -8.1166 -3.4005 4.3545 -1.4468 -3.1480 0.9014 -1.0698 -2.6195 0.7325 0.3365 -2.2374 
22.0859 13.2870 -8.4201 -3.4668 4.0122 -1.8843 -3.3839 0.9758 -0.9869 -2.9979 0.1110 0.2154 -1.7255 
21.8093 13.0977 -8.5206 -3.9854 3.3906 -1.7065 -2.4475 1.8236 -0.3572 -2.2255 0.6237 -0.0151 -2.1336 
20.6904 12.3941 -7.9942 -3.4370 3.5725 -1.3840 -2.2040 1.4944 -0.8395 -2.2895 0.8206 0.1721 -2.0455 
19.8806 11.8832 -7.8333 -3.5558 3.2529 -1.4539 -2.1178 1.8887 -0.1806 -2.1990 0.2389 -0.2872 -2.4606 
20.0450 12.2565 -7.5472 -3.7483 3.0078 -1.3661 -2.1598 1.4394 -0.6033 -2.3674 0.0515 -0.6225 -2.6403 
18.6904 11.5920 -6.5799 -3.1084 2.6846 -1.5489 -1.7588 1.9052 -0.3216 -2.0095 0.7602 0.3164 -1.9277 
18.3361 11.2922 -6.5199 -2.9554 2.6600 -1.6755 -1.8452 1.9588 0.0534 -1.5233 0.7616 -0.0886 -2.1173 
17.7733 10.4729 -7.2198 -3.2865 2.5598 -1.9819 -2.5129 1.1258 -0.7562 -2.2069 0.2223 -0.6080 -2.6174 
18.1303 10.7106 -7.2448 -2.9924 3.2674 -1.3788 -2.2567 1.1237 -1.0559 -2.5678 0.3724 -0.0513 -2.2911 
18.4584 10.9715 -7.2072 -2.8249 3.6202 -1.0127 -1.7600 2.0571 0.2446 -1.5399 0.5834 -0.3230 -2.3439 
19.1955 11.5104 -7.0614 -2.3422 3.7787 -1.8368 -2.6800 1.6858 -0.0667 -1.8213 0.8457 0.2713 -2.0241 
19.2490 11.1976 -7.8501 -2.8518 3.9248 -1.4861 -2.6954 1.1695 -0.7938 -2.3271 0.7524 0.4324 -1.8323 
18.7091 10.6574 -8.0765 -3.0491 3.6997 -1.5593 -2.6157 1.2166 -0.8563 -2.3360 0.9450 0.5748 -2.1405 
18.8641 10.8163 -8.2360 -3.6266 3.2254 -1.5059 -2.4694 1.0461 -0.9740 -2.2899 0.5988 -0.0882 -2.3529 
19.8945 11.9329 -7.5521 -3.0012 3.6266 -1.5579 -2.5424 1.2291 -0.8993 -2.4753 0.4051 -0.1709 -2.1655 
19.5812 11.2614 -8.3218 -3.2378 3.8651 -1.4728 -2.7676 0.9412 -1.2432 -2.9090 0.1128 -0.2745 -2.4109 
19.3334 10.6800 -9.2316 -4.2058 2.9547 -2.2232 -3.1072 0.9723 -1.1617 -2.8226 0.3256 -0.1293 -2.5408 
18.9507 10.4574 -8.8389 -3.3068 4.1024 -1.3365 -2.7394 1.4185 -0.1415 -1.7895 0.7782 0.0848 -2.1747 
19.5200 10.8562 -8.8359 -3.0907 4.5122 -0.7914 -2.0172 1.6411 -0.7538 -2.3508 0.6932 -0.1501 -2.6575 
19.1544 10.3742 -9.2900 -3.6513 3.7358 -1.6561 -2.6500 1.4135 -0.7127 -2.2288 0.8756 0.1480 -2.2239 
19.5434 10.5939 -9.8919 -4.9721 2.2848 -2.9566 -3.8304 0.6180 -1.0256 -2.6475 0.0376 -0.5929 -2.5612 
20.3706 11.9328 -8.4765 -3.9264 3.1626 -1.5564 -2.1475 1.3643 -1.5663 -3.3158 0.1399 -0.1807 -2.4763 
21.3056 12.5145 -8.9992 -4.2552 3.8389 -0.9221 -2.4346 1.1020 -1.0084 -2.7358 0.2809 0.2188 -1.8547 
21.2801 12.2857 -9.4417 -4.6174 3.5368 -1.2694 -2.5199 1.5902 -0.1182 -1.8699 0.7182 0.0424 -2.2683 
21.4719 12.4829 -9.0987 -4.0285 3.6752 -1.8714 -3.2841 0.8477 -0.9517 -2.3072 0.9474 0.4269 -1.9639 
21.2204 11.9747 -9.7287 -4.3758 3.7724 -1.5790 -3.0620 0.9766 -0.8798 -2.4806 0.3386 -0.3772 -2.6050 
21.1520 11.6814 -9.8243 -3.7428 4.2932 -1.8127 -3.3473 0.9950 -0.8806 -2.2818 0.8302 -0.0980 -2.2300 
21.2729 12.1297 -9.2622 -3.6243 4.3184 -1.3994 -2.8398 1.2785 -0.8341 -2.4127 0.9197 0.3495 -2.2907 
21.3803 12.2966 -9.2451 -4.0884 3.4531 -2.1040 -3.1652 0.9516 -1.3835 -3.0870 0.0741 -0.5526 -2.7272 
22.0037 13.0285 -8.8175 -3.8404 3.7144 -1.7781 -2.7836 1.2526 -1.4185 -3.2488 0.3879 0.1121 -2.5099 
22.1263 12.9638 -9.3020 -4.4754 3.2758 -1.8720 -2.5362 1.8756 -0.3869 -2.1480 0.9179 -0.0752 -2.8032 
22.5062 13.2599 -9.2544 -4.3310 3.5293 -1.5181 -2.1260 1.8432 -1.0452 -2.9050 0.2207 -0.8534 -3.1029 
22.6276 13.7455 -8.5436 -4.0917 3.2737 -1.8605 -2.4762 1.5789 -1.0586 -2.8708 0.2354 -0.5063 -2.6848 
22.6906 13.6389 -8.8273 -3.9817 4.0073 -1.0603 -2.0320 1.9770 -0.4190 -2.1656 0.7982 -0.2183 -2.6791 
22.0863 13.1495 -8.5773 -3.2715 4.6364 -0.8232 -2.2056 1.4588 -1.2244 -3.0612 0.2415 -0.2274 -2.6121 
21.7908 12.7971 -9.0980 -4.3654 3.3080 -1.5843 -2.1900 1.8748 -0.7132 -2.6928 0.2358 -0.4086 -2.5576 
22.2546 13.4137 -8.7221 -4.2911 3.4217 -1.3411 -2.2650 1.2569 -1.4813 -3.0853 0.3102 -0.3104 -2.7631 
22.1697 13.2029 -9.1383 -4.8628 2.7428 -2.1953 -3.0416 1.1053 -1.0965 -2.8818 0.1245 -0.4991 -2.7927 
22.8489 14.0532 -8.2580 -3.5658 4.3745 -0.6722 -1.9994 1.4984 -1.0739 -2.7108 0.3998 -0.5319 -2.9076 
23.0620 14.1404 -8.6129 -4.0133 4.4183 -0.2818 -1.9257 1.2066 -1.2699 -2.6919 0.5222 -0.3443 -2.8811 
22.0449 12.6339 -10.2312 -5.5861 3.0785 -1.3793 -2.7719 0.6723 -1.7038 -3.2745 0.0220 -0.5572 -3.2337 
23.0106 14.1990 -8.7276 -4.9492 2.9438 -1.3875 -2.3314 1.2782 -0.9998 -2.5798 0.3587 -0.3332 -2.4245 
22.3793 13.5731 -8.6822 -4.4543 3.0893 -1.8078 -2.6904 1.1852 -1.3122 -3.1307 0.1122 -0.2090 -2.4056 
22.1362 13.2085 -9.0250 -4.5720 3.3075 -1.5104 -2.5698 1.3042 -0.9864 -2.7795 0.2806 -0.1353 -2.2270 
21.6310 13.1086 -8.3692 -4.0683 3.5250 -1.1891 -2.3029 1.3635 -0.9308 -2.8193 -0.0064 -0.3595 -2.2425 
20.5958 12.1606 -8.3102 -3.6188 3.5027 -1.4680 -2.0731 2.0105 -0.3368 -2.0859 0.9401 0.1264 -2.4677 
20.5328 12.2260 -8.3114 -3.9339 3.4682 -1.1458 -2.2148 1.4638 -0.5640 -2.1738 0.6695 0.0387 -2.4736 
19.4514 11.2540 -8.3719 -3.7288 3.5298 -1.0216 -2.0308 1.3692 -0.9336 -2.5207 0.4470 0.0373 -2.0104 
19.4704 11.3326 -8.2147 -3.7824 2.8728 -2.0054 -2.6157 1.1627 -1.4143 -3.2901 -0.0781 -0.2414 -2.4155 
19.0728 10.9801 -8.3549 -3.8816 3.0776 -1.5605 -2.4703 1.1781 -0.8567 -2.2628 0.9108 0.5445 -1.9431 
19.2753 11.4765 -7.6621 -3.4220 3.1817 -1.6439 -2.5363 1.4376 -0.2750 -1.9616 0.6477 0.3150 -1.7230 
19.4609 11.5112 -8.0232 -3.8708 3.1751 -0.9736 -1.8406 1.2170 -1.1892 -2.5649 0.4670 0.0034 -2.2067 
18.8815 11.1458 -7.9261 -4.0334 2.7719 -1.2807 -2.0665 1.1659 -1.0721 -2.6617 0.0837 -0.4676 -2.7587 
19.1567 11.2297 -8.0672 -3.9031 2.9365 -1.2793 -1.7403 1.9311 -0.4219 -2.5156 -0.2643 -0.9086 -2.6497 
18.8379 10.5350 -8.8422 -4.1062 3.0940 -1.5464 -2.4920 1.2596 -0.6877 -2.4238 -0.0464 -0.7715 -2.5129 
19.3843 11.0232 -9.0678 -4.9184 2.4018 -1.6856 -2.3923 1.2194 -0.8466 -2.6248 -0.1913 -0.6133 -2.1458 
18.4305 10.7172 -8.0000 -3.9345 2.9686 -0.9931 -1.9024 1.2258 -0.5873 -1.6080 1.0831 0.1519 -2.2004 
18.1567 10.8626 -6.9682 -2.7560 3.5145 -1.0971 -2.2371 0.8799 -1.0962 -2.4605 0.1435 -0.3381 -2.1938 
17.3467 10.3931 -6.6827 -2.9487 2.5764 -1.9198 -2.4527 1.1626 -0.5262 -1.8803 0.4604 -0.3370 -2.3034 
17.3431 10.5321 -6.3762 -2.7365 2.6250 -1.8798 -2.4478 0.8588 -1.2805 -2.8039 -0.1288 -0.4136 -2.1553 
17.4246 10.6965 -6.3313 -3.0201 2.3311 -1.8691 -2.4055 0.6289 -1.5803 -2.8380 0.0593 -0.3694 -2.3921 
17.3592 10.3037 -6.8024 -2.7621 2.9815 -1.7814 -2.6168 1.1551 -0.2615 -1.5662 0.8829 0.2144 -2.0009 
17.1355 10.3200 -6.4850 -2.8366 2.6362 -1.5635 -1.9573 1.2966 -0.6687 -1.7451 0.9473 0.0472 -2.1772 
17.3267 10.4967 -6.6243 -3.3144 2.0954 -2.0719 -2.4766 0.9948 -0.7814 -2.2836 -0.1156 -0.7340 -2.3337 
17.2443 10.0045 -7.5583 -3.9431 2.0984 -1.8428 -2.3588 0.8850 -1.3223 -3.1513 -0.7137 -0.8108 -2.3546 
17.8591 10.8225 -6.6225 -2.8154 2.8674 -1.7827 -2.7002 0.5493 -1.2676 -2.6198 -0.3939 -1.0886 -2.4023 
19.0594 11.7605 -6.9724 -3.5580 2.5271 -1.7095 -2.2422 1.2785 -0.8185 -2.4139 0.3228 -0.1669 -2.3768 
17.7565 10.3053 -7.5027 -3.3018 2.8766 -1.6904 -2.3695 1.2066 -0.9676 -2.7581 -0.0716 -0.4063 -2.5074 
17.3126 9.9930 -7.4968 -3.5034 2.5407 -1.8222 -2.5024 0.9446 -0.9129 -2.1922 0.6206 0.1340 -2.1714 
17.2486 9.8147 -7.8036 -3.6679 2.8785 -1.0661 -1.8442 1.2469 -0.8130 -2.3235 0.0625 -0.6437 -2.7756 
17.3506 9.5702 -8.5698 -4.3800 2.3647 -1.6820 -2.3500 1.3965 -0.0562 -1.4243 0.9715 0.3434 -1.8795 
18.3257 10.8159 -7.6973 -3.9776 2.3554 -1.9632 -2.6308 1.2454 -0.3964 -2.0570 0.6000 0.4299 -1.8631 
18.4735 10.8939 -7.7864 -4.0112 2.4996 -1.8302 -2.9837 0.1916 -1.5689 -2.7334 0.1255 -0.2379 -2.3180 
19.1288 11.4314 -7.5615 -3.4790 3.1005 -1.3357 -2.0290 1.5221 -0.5657 -2.0058 0.8581 0.3212 -1.7396 
18.8517 11.1188 -7.8616 -4.0147 2.3240 -2.1685 -2.7540 1.0957 -0.7326 -2.4053 -0.0449 -0.6685 -2.4157 
18.9773 11.1861 -7.9908 -3.9675 2.9903 -1.3207 -2.5737 0.5483 -1.5205 -3.0257 -0.1555 -0.4874 -2.7697 
19.7219 11.7987 -7.8677 -3.8698 2.7781 -1.8484 -2.6314 1.0186 -1.1823 -2.8768 0.0879 -0.1051 -2.1796 
19.9647 12.0089 -7.9633 -4.1084 2.7422 -1.6950 -2.5379 1.0592 -1.0694 -2.6427 0.5037 0.3682 -1.8950 
19.3125 11.0188 -8.8098 -4.4444 2.7383 -1.7502 -2.6640 1.0381 -0.9558 -2.7158 -0.1739 -0.6978 -2.7655 
20.0134 11.9231 -8.2447 -4.3113 2.6615 -1.9864 -3.1534 0.5564 -1.0833 -2.4422 0.4860 0.3084 -1.5741 
20.3044 11.8063 -8.7098 -4.0028 3.5286 -1.4014 -2.6972 1.0988 -0.8938 -2.6533 0.2680 0.0501 -1.9842 
20.4249 11.7977 -9.0849 -4.5491 3.0158 -2.1077 -3.5533 0.9134 -0.2158 -2.2300 -0.0161 -0.0496 -1.8848 
21.5608 12.3791 -9.6082 -4.3552 4.2411 -0.8513 -2.6515 1.2307 -0.6522 -2.6001 0.3576 0.4915 -1.6010 
21.6989 12.5888 -9.4837 -4.3579 4.3157 -0.7564 -2.8605 0.8810 -0.6505 -2.3285 0.3830 0.2106 -1.7367 
22.5722 13.1690 -9.9562 -4.9092 4.4265 -0.5608 -3.2463 0.3797 -0.6861 -2.3093 -0.0164 -0.1951 -1.6047 
22.0720 12.4283 -10.3655 -4.6934 4.7101 -0.4412 -2.8347 0.8830 -0.6740 -2.5706 -0.1267 -0.1788 -1.5199 
23.1357 14.0845 -8.7255 -3.8103 4.5183 -1.0632 -3.0450 1.1586 -0.3326 -2.1666 0.4839 0.0740 -2.1632 
22.7794 13.7160 -9.1108 -4.5975 3.6480 -1.4155 -3.0736 0.8583 -0.8056 -2.2608 0.7702 0.2761 -2.1209 
22.4848 13.9343 -8.3395 -4.3871 3.6670 -0.6283 -2.0646 1.1755 -0.9064 -2.2239 0.9004 0.2871 -2.3350 
21.0456 12.6647 -8.2156 -3.7180 3.8512 -0.9006 -2.0440 1.7455 -0.3793 -2.2530 0.6093 0.3216 -1.8362 
20.7518 12.9960 -7.3634 -3.7223 3.4076 -1.0480 -2.4755 1.0163 -0.7686 -2.6501 -0.0480 0.0495 -1.7563 
19.3883 11.7948 -7.6062 -3.9855 3.0166 -1.0651 -2.3961 0.8154 -0.9292 -2.5895 0.0093 0.1375 -1.5743 
18.6473 11.5454 -6.6553 -3.2500 2.5110 -1.9073 -2.5367 0.8668 -1.2358 -2.6737 0.3559 0.1874 -1.9956 
17.6629 11.1185 -5.9105 -2.6843 2.8934 -1.0478 -1.6700 1.3238 -0.8305 -2.4125 0.1523 -0.0690 -1.9500 
17.0583 10.6956 -5.7610 -2.8408 1.8549 -2.4374 -2.6135 1.0689 -0.4281 -1.4986 1.0597 0.3988 -1.7449 
16.5055 10.0881 -5.9855 -2.6514 2.4827 -1.4774 -1.7263 1.5821 -0.1565 -1.3829 0.7751 -0.3355 -2.6347 
16.0836 9.8616 -5.6296 -2.2702 2.3371 -2.0774 -2.2313 1.4082 -0.4039 -1.8010 0.8008 0.2095 -2.2826 
15.4075 9.5395 -5.5638 -2.9319 1.7524 -1.6375 -1.8509 1.0231 -0.6089 -1.6440 0.5828 0.0504 -1.6206 
15.6383 9.4664 -5.8845 -2.7040 2.1546 -1.8413 -2.3505 0.7063 -1.0238 -2.3027 0.0051 -0.4086 -2.1025 
15.8069 9.5646 -6.0789 -3.0304 2.0415 -1.6624 -2.2401 0.4509 -1.3719 -2.2978 0.1742 -0.6676 -2.7711 
15.6765 9.3459 -6.1610 -2.7931 2.2641 -1.6636 -1.9338 1.3201 -0.7060 -2.3816 -0.1045 -0.5928 -2.5478 
15.5721 9.2840 -6.2129 -3.0591 1.8409 -2.1769 -2.6084 0.7718 -0.8211 -2.5727 -0.8466 -1.2194 -2.5328 
16.1809 9.6743 -6.4155 -3.1826 1.9701 -1.9782 -2.4120 0.7017 -1.1596 -2.5057 -0.1550 -0.5420 -2.0809 
16.7823 10.0923 -6.3930 -2.7834 2.6883 -1.4329 -2.0413 0.9884 -0.8840 -2.0103 0.3647 -0.4496 -2.1436 
16.6828 9.9424 -6.6859 -3.3028 2.1745 -1.7052 -2.0336 1.2765 -0.5540 -2.1246 -0.1489 -0.7496 -2.2837 
16.9676 9.9418 -6.9777 -3.1193 2.5323 -1.8430 -2.3948 0.9366 -1.1947 -2.7100 0.0217 -0.3120 -2.3248 
17.4380 10.4450 -6.7178 -2.7288 3.2966 -1.1600 -2.1284 1.2833 -0.4781 -2.1434 0.2205 -0.0843 -1.9889 
17.3120 10.0931 -7.1458 -2.8515 3.3960 -1.0751 -2.2164 0.7102 -1.4669 -2.9498 -0.2711 -0.5054 -2.0363 
17.2186 9.8463 -7.4780 -2.9981 3.2623 -1.7009 -2.9570 0.9309 -0.3637 -2.1207 0.0113 -0.3352 -2.2637 
18.5229 11.2581 -7.0488 -3.2847 3.0690 -1.4878 -2.8058 0.6717 -0.7508 -2.2827 0.0062 -0.3889 -2.3162 
18.0551 10.5320 -7.6012 -3.4142 2.9888 -1.6628 -2.6699 1.1886 -0.0618 -1.5358 0.4138 -0.4954 -2.2458 
18.8440 11.4912 -7.1461 -3.3533 3.3658 -0.8108 -1.9298 1.5729 -0.0068 -1.9075 0.1461 0.0009 -1.7859 
18.3536 10.9472 -7.3322 -3.2410 3.4620 -0.9746 -2.3290 1.0717 -0.3854 -1.8839 0.3185 -0.3887 -2.5347 
18.5124 10.7000 -8.0647 -3.9080 2.4167 -2.6293 -3.5574 0.6466 -1.0192 -3.0468 -0.4947 -0.5075 -2.5092 
19.1480 11.4126 -7.6126 -3.4143 3.2127 -1.4928 -2.3196 1.5830 -0.3995 -2.3232 0.3586 0.0347 -2.2436 
19.1585 11.4762 -7.6467 -3.7338 2.8751 -1.5659 -2.2544 1.6170 -0.4289 -2.4117 0.4049 0.4304 -1.7093 
19.2341 11.2201 -8.0217 -3.5414 3.0059 -2.1081 -2.8442 1.2890 -0.9287 -3.0192 -0.0448 -0.0096 -2.0764 
19.3074 11.4011 -7.7046 -3.2228 3.2053 -1.9131 -2.5784 1.4755 -0.7800 -2.6580 0.4032 0.2250 -1.8577 
19.2771 11.2492 -8.1544 -3.8257 2.9128 -1.8115 -2.4502 1.3384 -1.3997 -3.7386 -0.4747 0.0282 -1.9188 
20.3857 12.2921 -7.5672 -2.9471 3.7475 -1.2743 -1.7497 2.0016 -1.0851 -3.3523 -0.1981 -0.3448 -2.2859 
19.7236 11.6076 -7.9498 -2.9665 4.5580 -0.2864 -1.8540 1.2666 -1.1992 -2.9495 0.2077 0.0931 -2.0680 
20.0717 12.3058 -7.3907 -3.4420 3.3151 -1.1165 -1.9791 1.2122 -1.3644 -2.9043 0.3405 -0.1296 -2.6069 
20.2426 11.9647 -8.3414 -3.7619 4.0412 -0.2557 -1.7870 0.8770 -1.6830 -3.0948 0.0482 -0.3800 -2.5223 
21.2810 12.8911 -8.4146 -4.2674 3.7747 -0.3348 -2.0031 0.7667 -1.2663 -2.5194 0.1277 -0.5174 -2.2051 
21.2805 12.4360 -9.2722 -4.7888 3.3871 -0.8825 -2.2548 0.5457 -2.3216 -3.8535 -0.3367 -0.5110 -2.6474 
22.1282 13.1877 -9.3412 -5.1066 3.4344 -0.6616 -1.9944 1.4120 -0.7767 -2.3640 0.9093 0.7361 -1.7410 
22.6760 13.6920 -9.2832 -5.0349 3.9256 -0.1474 -2.0854 0.9162 -1.0060 -2.3462 0.5079 -0.3232 -2.8518 
23.5394 14.1546 -9.6565 -5.0447 4.3136 -0.0318 -2.2063 0.7042 -1.4273 -2.9377 -0.2047 -0.9327 -2.8677 
25.3737 15.2269 -10.3888 -5.2779 4.8614 0.2663 -1.9860 0.8778 -1.7503 -3.0513 0.5445 -0.2400 -3.0285 
26.2826 15.0685 -12.1896 -6.2537 4.8744 -0.5447 -3.3150 0.4741 -1.8862 -4.0813 -0.5514 -0.4229 -2.9167 
27.2497 16.2967 -11.3683 -6.0735 4.4745 -0.9054 -2.9723 1.5086 -0.6738 -3.1258 0.0656 0.1620 -2.1359 
27.6598 16.1828 -12.2546 -6.2763 5.4424 0.0122 -3.0143 1.0610 -0.7397 -2.9465 0.0122 -0.0847 -2.3578 
27.8808 16.4909 -11.9337 -6.0396 5.3595 -0.4048 -3.5932 0.3026 -1.6735 -3.7062 -0.2345 0.1689 -1.8768 
27.8718 16.5635 -11.8035 -6.1404 4.9853 -0.6038 -3.3968 0.4014 -2.0532 -4.2249 -0.6231 -0.3410 -2.4381 
27.3667 15.5715 -13.3679 -7.8870 3.8999 -0.7890 -3.4694 -0.1488 -2.5347 -4.1076 -0.4938 -0.7278 -2.7431 
28.4229 16.4960 -12.9329 -6.9707 4.9371 -0.3634 -2.9915 1.0927 -1.0855 -3.0913 0.1824 -0.0886 -1.8655 
27.9660 16.5528 -11.9532 -6.0929 5.3325 -0.1552 -2.8130 1.4177 -0.6002 -2.7993 0.1988 -0.3051 -2.6091 
28.5565 17.2912 -11.6653 -6.4790 4.8041 -0.2115 -2.8484 0.7423 -1.3618 -2.9718 0.0956 -0.6713 -2.6464 
27.8873 16.9293 -11.2604 -6.1951 4.5334 -0.8790 -3.6459 0.2320 -1.4471 -2.9842 0.0272 -0.6285 -2.4831 
27.0701 16.4347 -10.8262 -5.8093 4.5633 -0.4826 -2.6908 1.1153 -0.9288 -2.6729 0.0780 -0.9238 -2.9436 
27.3179 16.6894 -11.0671 -6.6353 3.9401 -0.4379 -2.6070 0.7540 -1.3139 -2.6195 0.4186 -0.7293 -2.9987 
26.1792 15.8574 -10.7367 -6.2318 3.8365 -0.4882 -2.1896 1.2642 -1.1753 -2.7454 0.4902 -0.3638 -2.7713 
26.0834 15.3989 -11.4477 -6.5796 3.6897 -0.9666 -2.8855 0.7436 -1.4424 -3.0272 -0.3237 -1.7627 -3.8491 
25.9118 15.7126 -10.4363 -5.7695 3.9913 -0.7190 -2.3786 1.4064 -1.0183 -2.9993 -0.1083 -0.9134 -2.9563 
25.2164 15.2624 -10.2667 -5.9222 3.3090 -1.2413 -2.3083 2.0232 -0.1218 -2.2254 0.4807 -0.2214 -2.3467 
24.3664 14.9217 -9.5412 -5.7005 2.4468 -2.1296 -2.6539 1.5020 -1.3387 -3.5749 -0.2806 -0.4501 -2.4702 
24.3606 15.2537 -8.9855 -5.4376 2.7265 -1.8104 -2.8905 1.0911 -1.1213 -3.1071 -0.1664 -0.6210 -3.0667 
23.6010 14.9651 -8.1301 -4.4532 3.4132 -1.1766 -2.5268 0.9602 -1.3746 -3.3210 -0.5906 -1.0645 -3.1255 
22.2321 13.7029 -8.6203 -5.1126 2.7188 -1.3869 -2.5945 0.9762 -0.7073 -2.1561 0.4393 -0.1766 -2.2559 
21.5315 13.6143 -7.3396 -3.8038 3.1832 -1.2053 -2.2713 0.9970 -1.0762 -2.3940 0.2689 -0.7217 -2.7735 
19.7879 11.9496 -7.8784 -4.3990 2.0339 -2.1813 -2.4739 1.3436 -0.9127 -2.8860 -0.3801 -0.7501 -2.5185 
20.1732 12.6415 -7.0842 -3.8341 2.3464 -1.9817 -2.4185 1.3924 -0.4666 -1.9609 0.5977 -0.1773 -2.4640 
19.3106 12.4396 -6.1544 -3.5882 1.6093 -2.5163 -2.5178 1.2132 -0.6753 -2.0086 0.5019 -0.4312 -2.6923 
19.5048 12.3374 -6.5606 -3.6069 1.8174 -2.5473 -2.6532 0.9129 -1.4604 -2.7990 0.3407 -0.3345 -2.6882 
19.5894 12.6198 -6.0933 -3.0110 2.8393 -1.2164 -1.6818 1.5363 -0.6771 -2.1653 0.4495 -0.0536 -1.9329 
19.7107 12.7239 -5.9687 -2.6783 3.1574 -1.1378 -1.4148 2.2874 -0.0874 -2.2233 0.1575 -0.4385 -2.6478 
19.3914 12.4468 -6.2708 -3.3888 2.5353 -1.2048 -1.3265 2.3510 0.2075 -2.0589 -0.0968 -0.3201 -1.8417 
19.4747 12.5257 -5.8692 -2.6615 2.5361 -2.0288 -1.9317 1.9773 -0.2022 -1.6678 1.0259 0.0752 -2.2560 
18.9242 11.6325 -6.8689 -3.1016 3.2105 -1.1103 -1.8624 1.7382 0.0198 -1.5799 0.5966 -0.1445 -2.0770 
19.0829 11.9532 -6.5972 -3.3804 2.3039 -2.0838 -2.4699 1.4023 -0.1928 -1.6597 0.5341 -0.3327 -2.2706 
18.8453 11.6515 -6.7899 -3.4464 2.3434 -1.9316 -2.3900 1.0680 -0.8730 -2.2316 0.1961 -0.6699 -2.6598 
19.1523 11.9533 -6.9553 -3.9246 2.2488 -1.7002 -2.3231 1.3357 -0.1415 -1.6779 0.4143 -0.3031 -2.2259 
19.1786 11.9222 -7.1896 -4.3992 1.6871 -2.2943 -3.2872 -0.1327 -1.3925 -2.0125 0.5948 -0.2785 -2.2210 
18.2135 11.0975 -7.2502 -4.2944 1.9745 -1.3417 -1.6662 1.6742 -0.0871 -1.6530 0.3507 -0.5994 -2.7154 
18.7495 12.0702 -6.0835 -3.4550 2.2981 -1.3976 -2.3144 0.3782 -1.1771 -1.8738 0.4680 -0.6027 -2.4187 
18.3860 11.5413 -6.3827 -3.3801 2.2574 -1.6310 -1.8994 1.6674 0.0075 -1.3683 0.8276 0.0286 -1.8211 
19.0945 12.2362 -6.0595 -3.0197 2.7293 -1.0959 -1.4334 1.5004 -0.9258 -2.2833 0.2550 -0.7081 -2.6034 
18.4056 11.7115 -6.0187 -3.0277 2.4489 -1.6333 -1.9699 1.7019 0.0230 -1.5149 0.7791 0.1145 -2.0344 
17.5863 11.0708 -6.0449 -3.1705 2.3789 -0.9790 -1.0712 2.0083 -0.0417 -1.5589 0.3676 -0.7520 -2.7059 
18.1705 11.4332 -6.2669 -3.3623 2.1519 -1.6645 -1.9077 1.5385 -0.1929 -1.5412 0.6570 -0.1915 -1.9900 
18.5347 11.7170 -6.3532 -3.5466 1.9422 -2.0772 -2.2834 1.5773 -0.1633 -2.1323 -0.1830 -0.6848 -2.4117 
17.7287 10.6714 -6.8878 -3.4949 1.9813 -2.0571 -1.9335 1.6925 -0.6213 -2.3340 0.2625 -0.0621 -1.7578 
18.4002 11.9862 -5.5753 -2.9693 2.4113 -1.3674 -1.9923 1.0142 -0.6223 -1.7759 0.4258 -0.2160 -1.8979 
18.2039 11.8140 -5.6105 -2.9774 2.3243 -1.6440 -2.1631 1.4153 -0.0652 -1.7746 0.2352 -0.0581 -1.7378 
18.2548 11.6348 -5.9259 -2.7492 3.2217 -0.6704 -1.8912 0.7960 -0.6602 -1.5715 0.5705 -0.2545 -1.9068 
18.9315 12.0416 -6.3878 -3.4679 2.5610 -1.2789 -2.0099 1.4074 -0.1309 -1.9339 -0.2733 -0.7635 -1.9986 
18.0096 11.0661 -6.5833 -2.9509 3.3116 -0.6173 -1.4046 1.8082 -0.2986 -2.4402 -0.4768 -0.7578 -2.2724 
18.3637 11.4998 -6.4192 -3.3479 2.4316 -1.3385 -1.7681 1.2774 -0.8319 -2.1598 0.3255 -0.4293 -2.3731 
18.2243 11.3436 -6.5666 -3.4414 2.5556 -1.2851 -2.1488 0.8982 -0.7081 -1.8661 0.5074 -0.0590 -1.8783 
18.1894 10.8234 -7.5528 -3.9038 2.7545 -1.1633 -2.1117 1.2214 -0.6705 -2.5552 -0.0273 0.1392 -1.6914 
19.1824 11.7397 -7.4985 -4.4312 1.8979 -1.9647 -2.5317 0.9380 -0.9734 -2.6496 -0.2004 -0.5695 -2.5313 
18.9984 11.1024 -8.2432 -4.3913 2.3287 -1.9037 -2.6110 0.9951 -0.8783 -2.3526 0.2182 -0.4925 -2.5611 
19.5537 11.6887 -7.8712 -3.8248 3.0720 -1.5800 -2.8762 0.7121 -0.8219 -2.1090 0.6450 0.1892 -1.8661 
19.5753 11.8471 -7.5532 -3.6600 2.9577 -1.5844 -2.5825 0.8596 -1.0500 -2.3990 0.2987 -0.5031 -2.6663 
20.2206 12.1303 -8.1313 -4.1734 2.9077 -1.3978 -2.0355 1.8320 -0.2838 -2.2871 0.2835 -0.0096 -1.9758 
19.6845 11.5713 -8.5024 -4.5633 2.7292 -1.3146 -2.1105 1.4513 -0.8110 -2.8294 0.0565 0.2677 -1.6145 
21.0597 12.6661 -8.7629 -5.0550 2.7633 -1.3531 -2.9263 0.1922 -1.7363 -3.3716 -0.7191 -0.9506 -2.7585 
22.2357 13.2839 -9.1351 -4.4737 4.2832 -0.2213 -2.1974 0.9970 -1.0243 -2.8682 -0.4190 -0.8113 -2.3095 
22.9882 13.4866 -9.8766 -4.8881 4.0581 -0.8805 -2.7320 0.9624 -0.9739 -2.6960 0.1791 0.0466 -1.4214 
24.1643 14.6555 -9.1501 -3.9743 4.5259 -1.3981 -3.2718 1.0669 -0.7697 -2.6881 0.0621 -0.5298 -2.3957 
24.3253 13.9746 -10.7982 -4.9163 4.6224 -1.1131 -2.9498 1.4186 -0.7639 -2.7287 0.4362 -0.3321 -2.8366 
25.4132 15.4234 -9.6888 -4.2048 5.2257 -0.6125 -2.8636 1.2466 -0.9621 -3.4660 -0.9966 -1.3402 -2.7658 
25.3389 14.9161 -10.9177 -5.3853 5.0017 -0.3458 -2.9996 1.1059 -0.4458 -2.6853 -0.4020 -0.9210 -2.7580 
27.4639 16.5429 -11.2806 -6.1839 4.2552 -1.0641 -2.9928 1.5885 -0.5239 -3.0427 -0.2023 -0.2866 -1.9721 
27.5785 16.2704 -11.9764 -6.4314 4.5953 -0.6916 -2.7857 1.6171 -0.8338 -3.4683 -0.3022 -0.2559 -2.2421 
28.2362 16.9634 -11.2652 -5.0899 5.9835 -0.2263 -2.9811 1.6605 -0.2920 -2.8345 -0.1426 -0.6979 -2.6680 
28.7926 16.7178 -12.6712 -5.9520 5.7742 -0.8609 -3.8971 1.0529 -0.9114 -3.6274 -0.4334 -0.2676 -2.4602 
28.3131 16.3450 -12.8648 -6.5486 5.1766 -0.7763 -3.4562 1.3345 -0.5861 -3.1593 -0.2695 -0.4303 -2.2619 
28.7944 16.9370 -12.2614 -5.9203 5.3206 -1.1182 -3.5964 1.3611 -0.9755 -3.6497 -0.2378 -0.2490 -2.4629 
32.6093 20.4689 -12.3069 -7.7096 4.5183 -0.3566 -2.5842 1.5082 -1.8246 -4.8988 -0.7567 0.7429 -0.6098 
31.6933 20.2863 -10.7696 -5.9611 5.3414 -0.3320 -2.9154 1.3593 -1.2620 -3.9121 -0.3123 0.2046 -1.6772 
32.4110 21.3370 -9.7773 -5.3749 5.2246 -1.0650 -3.8679 0.4989 -1.9361 -4.3375 -0.5156 0.0245 -1.8871 
31.0444 20.0280 -10.2318 -5.7405 4.9357 -0.8092 -3.3295 1.0557 -0.9142 -2.8140 0.7871 0.8266 -1.2922 
30.1847 18.8639 -11.0290 -5.7638 5.5431 -0.2361 -3.1911 0.9018 -1.2234 -3.4059 -0.0808 -0.0633 -2.1163 
29.7693 18.8831 -10.2894 -5.5279 4.9298 -0.4709 -2.4113 1.7300 -1.0290 -3.2458 0.4827 0.4906 -1.8524 
29.4121 18.3463 -10.8479 -6.0659 4.3686 -1.0438 -2.8799 1.3153 -1.5666 -3.8154 0.1130 0.2500 -2.1694 
28.0218 17.2559 -10.3077 -4.8099 5.1740 -0.7466 -2.4722 2.0359 -0.8555 -3.3986 0.2983 0.4709 -1.8748 
26.2478 15.7200 -10.5691 -5.0884 4.7305 -0.7750 -2.4384 1.7654 -1.0957 -3.6354 -0.2907 -0.2047 -2.1230 
26.5422 15.8871 -10.5217 -4.6550 5.2496 -0.6755 -2.5764 1.6081 -1.3819 -3.9299 -0.3570 -0.0972 -1.9830 
24.8468 15.1227 -9.4963 -4.5860 4.2072 -1.0953 -2.3993 1.8869 -0.5008 -2.7764 0.0790 -0.1028 -1.7147 
23.7663 14.9179 -8.1983 -3.8102 4.3444 -0.7278 -2.2438 1.6343 -0.4710 -2.4244 0.3880 -0.0084 -2.2338 
22.6858 13.9347 -8.1166 -3.3712 4.0852 -1.5203 -2.6130 1.7440 -0.4803 -2.5021 0.5926 0.3776 -1.7606 
23.1697 14.2102 -8.2814 -3.0950 5.0308 -0.7981 -2.7383 1.2736 -0.5397 -2.1817 0.6132 -0.3082 -2.6891 
21.0723 12.8119 -7.7445 -3.2316 3.6779 -1.4727 -2.3644 1.3341 -1.0577 -2.4491 0.6986 -0.3134 -2.7210 
21.1719 13.0863 -7.3747 -3.2752 3.0275 -2.0128 -2.2051 1.6263 -1.3164 -2.8985 0.6621 -0.0811 -2.6988 
20.3310 12.4479 -7.0695 -2.7006 3.2032 -2.1833 -2.3565 1.6955 -1.0284 -2.5534 0.9675 0.3595 -2.0458 
21.7553 12.7487 -8.6812 -3.3870 3.7203 -2.0168 -2.3363 2.2200 -0.3935 -1.9427 1.4159 -0.0645 -3.0747 
25.1606 14.7040 -10.6736 -5.1435 3.9419 -1.4963 -2.1876 2.2141 -1.1773 -3.4947 0.4507 0.5162 -1.3986 
21.2656 12.7847 -8.0840 -3.4877 3.3948 -1.8333 -2.4157 1.5662 -0.9728 -2.5395 0.7522 0.0994 -2.0638 
20.8687 12.6532 -7.6697 -3.3375 2.7970 -2.7473 -2.8520 1.8292 -0.7097 -2.8941 0.1561 -0.2026 -2.2112 
20.8293 12.7903 -7.0742 -2.6805 2.7202 -3.3235 -2.9352 2.2895 -0.3125 -2.6125 0.3511 -0.3908 -2.6881 
20.9021 12.5485 -7.7428 -3.0497 3.1022 -2.6464 -2.7500 1.7406 -1.1110 -3.0425 0.4418 -0.0672 -2.4603 
20.7061 12.5583 -7.2412 -2.4549 3.3927 -2.5022 -2.4100 2.1460 -1.0391 -3.3603 -0.0401 -0.5129 -2.6298 
20.9363 12.6464 -7.7169 -3.1318 3.3591 -1.9145 -2.0096 2.3349 -0.4428 -2.3641 1.0680 0.6383 -2.0069 
20.8782 12.0177 -8.6069 -3.2134 3.3557 -2.7906 -2.8111 2.4328 -0.2013 -2.5684 0.6342 0.0517 -2.5478 
26.0870 14.0129 -13.4621 -6.0222 5.5140 -0.9444 -3.4283 1.6539 -0.6079 -3.2544 0.6032 1.0933 -1.8143 
26.6082 14.2600 -14.0483 -6.8092 5.1417 -0.9296 -3.1662 2.1779 -0.0759 -3.0667 0.4771 0.7974 -2.2267 
21.8649 12.7269 -9.2074 -4.0278 3.7832 -1.7192 -2.6327 1.9141 -0.6097 -3.2065 -0.1798 -0.1496 -2.6147 
21.6163 13.1640 -7.6874 -2.8184 3.7332 -2.5008 -3.1613 2.0301 -0.0220 -2.3476 0.7982 0.6440 -2.1082 
20.9875 12.5240 -8.1170 -3.5846 2.7839 -2.8841 -3.1048 1.7670 -0.4901 -2.6081 0.3659 0.1021 -1.7792 
21.6444 13.3569 -7.7249 -3.7248 2.7502 -2.3535 -2.5418 1.6264 -1.2180 -3.1132 0.4556 0.1260 -2.4359 
20.8048 12.1912 -8.4936 -3.7123 3.1336 -2.1367 -2.2805 2.2123 -0.7202 -3.2572 -0.3326 -0.8670 -3.1681 
20.9179 12.8371 -7.4427 -3.1315 3.3321 -2.0464 -2.6949 1.5556 -0.7305 -2.7216 0.2000 -0.1089 -2.1477 
20.6933 12.5202 -7.8903 -3.7082 3.0474 -1.8892 -2.5388 1.4899 -0.7839 -2.7309 0.1076 -0.1386 -1.9984 
20.6509 12.5115 -7.6257 -3.2640 3.0099 -2.4821 -2.8799 1.6956 -0.4619 -2.4118 0.3798 -0.3428 -2.5465 
21.2618 13.2157 -7.5207 -3.6186 3.1699 -1.7248 -2.5109 1.5565 -0.5220 -2.4968 0.1998 -0.0954 -2.0702 
20.4243 12.5171 -7.6907 -4.1071 2.4277 -1.9917 -2.6823 0.5550 -1.9781 -3.4166 -0.3081 -0.8392 -2.9321 
20.8830 13.3544 -6.5364 -2.8968 3.2515 -1.7923 -2.5855 1.3843 -0.6556 -2.6214 -0.0636 -0.3399 -2.2039 
20.9753 12.9129 -7.4921 -3.4277 3.0129 -2.0470 -2.4511 1.8377 -0.2467 -2.0302 0.6096 -0.0359 -1.7956 
25.0778 14.0765 -10.3704 -2.3027 5.9112 -2.8383 -2.9742 4.3838 0.4860 -3.7033 1.2161 1.8031 -2.6145 
24.0893 14.1810 -8.8523 -1.7912 5.8953 -2.3275 -3.3404 2.8972 -0.3066 -3.7521 0.7927 1.5062 -2.1329 
22.7021 13.3077 -8.7789 -2.6576 4.8915 -1.6840 -2.2270 2.8670 -0.4894 -3.4341 0.3244 0.2725 -2.6177 
22.3093 12.7225 -9.4936 -3.4559 4.2672 -2.1442 -2.8011 2.2117 -1.0464 -4.0420 -0.3813 -0.1913 -2.7864 
23.3867 13.6756 -9.3847 -3.4433 4.4761 -2.1324 -3.0127 2.2164 -0.6683 -3.4654 0.3132 0.5964 -2.0923 
23.1998 13.0795 -10.1647 -3.7324 4.4568 -2.2567 -2.8983 2.6464 -0.3553 -3.2503 0.7231 1.0784 -1.7894 
22.1292 12.5775 -9.2211 -2.5987 5.3844 -1.1641 -1.8687 3.3960 0.3650 -2.6686 0.8612 1.0096 -1.7815 
