24.5538 15.4770 -7.9743 -3.3322 3.9450 -2.1460 -2.9312 1.7707 -0.7207 -2.6048 0.9012 0.5112 -1.6544 
24.3375 15.6666 -7.2908 -2.9802 3.9472 -2.2374 -3.3630 1.1669 -0.9222 -2.4883 0.9216 0.3369 -2.1315 
24.4198 15.5129 -7.5014 -2.6540 4.4483 -1.9906 -3.0836 1.4628 -1.0151 -2.8984 0.5180 0.1527 -1.9728 
24.9325 15.8942 -7.6880 -2.9498 4.3607 -2.1559 -3.4970 1.2217 -0.7824 -2.5197 0.6136 -0.0303 -2.1114 
25.0215 16.2099 -7.5432 -3.6836 3.4526 -1.9251 -2.4166 1.7816 -1.0338 -2.8307 0.4987 -0.2407 -2.2625 
24.4710 15.4709 -7.8582 -3.2543 4.0648 -1.7333 -2.1967 2.5859 -0.0527 -2.1156 1.1783 0.3388 -2.2746 
23.6187 14.6506 -7.9751 -3.1042 3.8870 -2.3763 -3.0284 1.7680 -0.9667 -3.2490 -0.0127 -0.6162 -2.8414 
23.9380 14.7544 -8.5050 -3.8512 3.4712 -2.4742 -3.2933 1.2117 -1.3169 -3.1736 0.0316 -0.8019 -2.9121 
23.7117 14.6376 -8.4630 -3.8187 3.8570 -1.8585 -3.2323 0.8192 -1.3455 -2.7944 0.5218 -0.0333 -2.0638 
24.9991 15.9044 -7.8131 -3.0731 4.4750 -1.5861 -2.5150 2.1976 -0.2165 -2.3414 0.6120 -0.2750 -2.7141 
24.3943 15.3470 -7.9875 -3.1650 4.4674 -1.5849 -2.6295 2.2591 0.0089 -2.4604 0.3293 -0.1139 -2.3007 
24.5979 15.6764 -7.6767 -3.2593 3.6989 -2.6271 -3.5321 1.2969 -0.9938 -3.0169 0.1008 -0.5458 -2.7590 
24.0875 15.3774 -7.6875 -3.5951 3.6685 -1.9103 -3.0180 1.2410 -0.8180 -2.5224 0.4288 -0.1093 -2.1157 
24.2722 15.3406 -7.8394 -3.2491 4.0767 -1.9814 -3.0289 1.5771 -0.7706 -2.8011 0.4210 -0.0711 -2.4040 
24.1059 14.9309 -8.6301 -4.3118 2.9986 -2.9849 -3.9548 0.8533 -1.3593 -3.7487 -1.1142 -1.5228 -2.9390 
24.2467 15.5566 -7.3886 -3.0109 4.2319 -1.5093 -2.5133 1.7351 -0.6383 -2.3862 0.7189 -0.0060 -1.9504 
24.7439 16.0613 -7.2885 -3.2659 3.7821 -1.8350 -2.4127 2.1565 -0.2345 -2.0580 1.0858 0.2174 -2.1600 
24.2128 15.4195 -7.5406 -2.9939 4.2116 -1.7913 -2.7943 1.7823 -0.3511 -2.0888 0.9176 -0.1579 -2.8223 
24.2970 15.0244 -8.6679 -4.1495 3.3041 -2.7025 -3.6517 1.0925 -1.2246 -3.3399 -0.2098 -0.5817 -2.5716 
24.2530 15.3041 -8.0201 -3.6414 3.7845 -1.9814 -3.1288 1.1149 -1.1641 -2.8061 0.5202 -0.0049 -2.2024 
24.6717 15.5394 -7.8723 -2.8736 4.5176 -1.8608 -2.7985 2.0110 -0.5207 -2.7244 0.4023 -0.1947 -2.3102 
25.3447 16.3033 -7.7620 -3.3457 4.3118 -1.6223 -2.7661 1.8683 -0.3431 -2.3685 0.6409 -0.1034 -2.4380 
24.5506 15.3095 -8.2983 -3.5596 3.7204 -2.5706 -3.4316 1.3776 -1.0051 -2.8832 0.3534 -0.5353 -2.8415 
23.7164 14.6239 -8.2073 -3.1568 4.2431 -1.9440 -2.9093 1.6740 -0.9458 -2.9264 0.6218 -0.0144 -2.8484 
23.9323 14.8318 -8.3273 -3.6057 3.7724 -2.4933 -3.9090 0.5259 -1.5724 -3.2247 0.1490 -0.2329 -2.3290 
24.5643 15.5448 -7.6381 -2.6552 4.5523 -1.9565 -2.9604 1.7937 -0.6428 -2.4764 0.9723 0.1874 -2.3221 
24.2222 15.4319 -7.5204 -3.0907 3.7654 -2.4222 -3.0992 1.7773 -0.6528 -2.7968 0.3181 -0.3764 -2.7189 
23.6062 14.5145 -8.4238 -3.6816 3.7835 -1.9141 -2.7507 1.5640 -0.9455 -2.6567 0.6375 -0.1677 -2.5266 
23.9645 15.0045 -8.1658 -3.9243 3.1621 -2.4673 -2.8195 1.9791 -0.6118 -2.8171 0.4121 0.1334 -1.7924 
23.8711 14.8168 -8.2736 -3.7856 3.2232 -2.8367 -3.5086 1.1995 -1.3823 -3.5637 -0.4601 -0.9061 -2.6883 
24.0951 15.1989 -7.6376 -2.6869 4.6107 -1.8713 -3.4139 0.8529 -1.5112 -3.2248 0.3183 -0.0698 -2.3712 
24.9187 15.7276 -8.2076 -3.7572 3.5361 -2.8028 -3.8409 1.2491 -0.6596 -2.7189 0.1097 -0.6330 -2.8511 
24.6983 15.7443 -7.5692 -3.0438 3.6057 -3.0622 -3.6661 1.6233 -0.7011 -2.9596 -0.0170 -0.8213 -2.8478 
24.3317 15.4757 -7.7812 -3.6581 3.2822 -2.3337 -2.5273 2.2859 -0.4039 -2.6479 0.3719 -0.3406 -2.3605 
23.9938 15.1732 -7.8246 -3.5696 3.4639 -2.2775 -2.8161 2.0033 -0.3430 -2.6606 -0.0822 -0.9154 -2.9398 
24.3275 15.3807 -7.8364 -3.2251 4.1495 -1.8855 -3.0784 1.3012 -1.0259 -3.0414 -0.2116 -0.8018 -2.3728 
24.3421 15.2385 -7.9957 -2.9207 4.8116 -1.2143 -2.3281 1.9730 -0.9156 -3.0462 0.6005 0.3213 -2.1574 
24.4762 15.7031 -7.4584 -3.0281 4.2130 -1.7863 -2.8402 1.6741 -0.7185 -2.6678 0.8038 0.5424 -1.9157 
24.9186 16.0220 -7.3699 -2.6752 4.5658 -1.8128 -3.0953 1.3012 -1.0135 -2.5103 1.0274 0.0935 -2.7095 
24.7665 15.5294 -8.2746 -3.5414 4.0749 -2.0639 -3.2710 1.2877 -0.9954 -3.0192 -0.1403 -0.9064 -2.8620 
24.8501 15.6586 -8.1466 -3.5544 3.8437 -2.1666 -2.9079 1.7348 -0.9318 -2.9620 0.3005 -0.6369 -3.2326 
24.6368 15.6261 -7.5859 -2.6993 4.3570 -2.0623 -2.7814 2.0295 -0.5081 -2.2942 1.2290 0.5351 -1.7413 
24.7595 15.5550 -8.1510 -3.4261 3.9524 -2.3073 -3.2918 1.3431 -1.2213 -3.1580 0.4777 0.3026 -1.7765 
24.6730 15.6467 -7.9272 -3.5689 3.5395 -2.4231 -2.9262 1.9380 -0.6883 -2.9210 0.2451 -0.3957 -2.6412 
24.4052 15.1924 -8.2568 -3.4643 3.6863 -2.8544 -3.8643 1.0360 -1.1850 -3.0009 0.2624 -0.6230 -3.0191 
24.5144 15.4053 -8.1669 -3.5937 3.9138 -2.0417 -3.1657 1.2166 -1.1842 -3.0122 0.2051 -0.5639 -2.9415 
24.6750 15.3477 -8.4230 -3.5008 4.1649 -2.0420 -3.0962 1.7703 -0.3537 -2.3210 0.6523 -0.1158 -2.3026 
24.1947 14.9225 -8.3567 -3.1307 4.6563 -1.4200 -2.6289 1.4696 -1.4727 -3.5592 -0.2691 -0.8384 -2.7568 
24.4991 15.4508 -8.1016 -3.6681 3.8742 -1.6515 -2.3557 1.9043 -1.0711 -3.3212 -0.0366 -0.5361 -2.7966 
24.6356 15.9939 -7.1638 -3.0788 3.7647 -2.1838 -3.1946 0.9557 -1.3710 -2.8170 0.2854 -0.6655 -2.3837 
25.1824 16.3135 -7.1471 -2.4134 4.7738 -1.7689 -3.1240 1.4534 -0.4784 -1.8977 1.1332 -0.0674 -2.3136 
24.8494 15.6998 -7.8991 -2.9183 4.6827 -1.7474 -3.2132 1.2861 -0.8699 -2.6005 0.5819 -0.0980 -2.1907 
24.7104 15.5225 -8.1504 -3.5000 3.8402 -2.2595 -3.2202 1.0898 -1.5604 -3.1261 0.5490 -0.0618 -2.1912 
24.2581 15.1319 -8.0642 -2.9990 4.5930 -1.6479 -2.8883 1.7060 -0.3626 -1.9700 1.1159 -0.0056 -2.4598 
24.2734 15.2320 -8.1162 -3.6071 3.5762 -2.7634 -4.0159 0.6645 -1.4180 -3.2671 -0.0206 -0.3832 -2.4115 
24.0125 15.0110 -8.0902 -3.6040 3.3246 -3.0625 -4.1387 0.6358 -1.3181 -2.9804 0.1051 -0.5666 -2.4971 
24.2157 15.3019 -7.7420 -3.2419 3.6276 -2.5101 -3.1404 1.4648 -1.2168 -3.1964 0.0933 -0.4554 -2.2728 
24.3819 15.3191 -8.1505 -3.6066 3.9825 -1.6695 -2.4571 2.1074 -0.3325 -2.3085 0.8133 -0.0686 -2.6030 
24.5738 15.1712 -8.5194 -3.2941 4.6296 -1.5274 -2.6667 1.9290 -0.5816 -2.6545 0.5112 -0.2083 -2.4083 
24.6615 15.8449 -7.4218 -2.8900 4.4345 -1.5715 -2.5815 2.0632 -0.1727 -2.2564 0.5536 -0.1678 -2.0854 
24.5680 15.3842 -8.5885 -4.4697 3.1720 -2.2637 -3.3342 0.7335 -1.6136 -3.1955 -0.0476 -0.7758 -2.6812 
24.4470 15.4715 -7.9555 -3.7610 3.1505 -2.7477 -3.2427 1.4099 -1.1918 -3.1261 0.1305 -0.4900 -2.4463 
24.7430 15.9386 -7.2595 -2.9165 3.5788 -2.8979 -3.3454 1.7868 -0.5909 -2.6800 0.2252 -0.7374 -2.6688 
24.3051 15.3960 -7.6828 -3.1100 3.9657 -2.0074 -2.7723 1.5593 -0.9934 -2.4828 0.8873 -0.2619 -2.7561 
25.1186 16.1501 -7.4061 -2.6224 4.6119 -2.0250 -3.2359 1.7292 -0.3788 -2.4513 0.5360 -0.2584 -2.5513 
24.5500 15.7059 -7.6304 -3.4490 3.5302 -2.2316 -2.6836 2.0585 -0.2236 -1.7811 1.5891 0.6837 -1.7450 
23.9758 14.9010 -8.3408 -3.8718 3.3309 -2.7517 -3.7984 0.8643 -1.1314 -2.8044 0.2124 -0.6375 -2.7690 
24.2137 15.1805 -7.9632 -3.1122 4.3305 -1.8182 -2.9724 1.5593 -0.7153 -2.6583 0.2723 -0.4615 -2.2556 
24.4922 15.2566 -8.4700 -3.8770 3.6918 -2.2781 -3.3131 1.3379 -0.9034 -2.8605 0.2492 -0.3123 -2.4562 
23.9580 14.8389 -8.6630 -4.3929 3.1712 -2.5689 -3.8229 0.7110 -1.2523 -3.3797 -0.7501 -1.1619 -2.8945 
24.2977 15.5561 -7.4893 -3.0280 4.3472 -1.6276 -3.0407 1.2496 -0.7929 -2.4465 0.8147 0.4950 -1.5335 
24.4387 15.5260 -7.4792 -2.5793 4.5021 -1.9919 -2.8927 1.9803 -0.4616 -2.3785 1.2667 0.8304 -1.8202 
25.0818 16.1092 -7.5491 -3.1415 3.8457 -2.3601 -3.0861 1.4997 -1.1441 -2.9135 0.5936 -0.1449 -2.4367 
24.9767 15.8594 -7.7441 -2.8454 4.5026 -1.9352 -2.9554 1.7469 -0.8385 -2.9118 0.4557 -0.0129 -2.0741 
24.6255 15.7175 -7.5028 -2.8665 4.1675 -2.0655 -2.7940 1.9106 -0.7366 -2.8869 0.2258 -0.4682 -2.5405 
24.7750 15.7232 -7.7847 -3.1164 4.0246 -2.3755 -3.2526 1.5361 -1.1957 -3.5210 -0.1102 -0.5263 -3.0611 
23.8239 14.8265 -8.3256 -3.8493 3.7902 -1.7331 -2.7614 1.5979 -0.7451 -2.9351 -0.1979 -0.6933 -2.3778 
23.8645 14.6920 -8.5185 -3.8281 3.5213 -2.5253 -3.3172 1.7143 -0.4056 -2.7121 -0.0132 -0.5150 -2.3454 
23.9440 14.7186 -8.5524 -3.6273 3.9566 -2.3864 -3.6957 1.1882 -0.9724 -3.4246 -0.6068 -1.0034 -3.1530 
24.5368 15.4028 -8.0283 -3.2386 3.9839 -2.4286 -3.4309 1.2580 -1.2807 -3.2533 0.1963 -0.3765 -2.7286 
24.7403 16.1129 -7.0372 -2.7869 4.1824 -1.8669 -2.7354 2.0286 -0.0795 -2.0159 0.9196 0.2828 -1.7375 
25.2629 16.2584 -7.4275 -2.7286 4.4670 -1.9111 -2.8144 1.8310 -0.8322 -2.7773 0.6673 -0.0522 -2.3150 
25.1440 16.3284 -7.2532 -2.9119 4.3357 -1.4756 -2.3022 1.9034 -0.9604 -3.0039 0.2851 -0.0211 -1.6538 
24.5200 15.6551 -7.8469 -3.8565 3.1771 -2.7036 -3.6202 0.9777 -1.1116 -2.8124 0.2449 -0.6224 -2.7667 
24.5428 15.4502 -7.9423 -3.1015 4.2429 -2.1248 -3.0482 2.0107 -0.3384 -2.8014 0.1220 -0.3921 -2.6491 
24.8837 15.8516 -7.7251 -2.9858 4.5659 -1.5185 -2.8269 1.2953 -1.2532 -2.9820 0.2846 -0.4076 -2.2842 
24.6765 15.5738 -7.7199 -2.6461 4.5801 -2.0015 -2.9333 1.9879 -0.3619 -2.2497 1.0614 0.2778 -2.0548 
24.7666 15.3392 -8.2551 -2.7927 4.7334 -1.9346 -2.6566 2.5986 -0.0833 -2.6910 0.2956 -0.4732 -2.8973 
27.2486 16.4472 -9.6722 -2.4545 6.5199 -2.5290 -4.7339 2.6809 1.1295 -3.4410 -1.2372 -0.1507 -1.5904 
29.5610 16.5066 -12.2770 -2.1820 7.8707 -3.7787 -5.7869 3.6771 1.4410 -3.9901 -0.6062 0.9165 -1.1318 
29.6771 15.4514 -13.9003 -2.1478 8.1561 -4.3710 -5.5906 4.1824 0.4877 -4.9013 -0.0934 1.1467 -1.8059 
30.9835 15.7414 -15.2692 -2.6430 8.6490 -4.1116 -5.4751 4.0978 0.1224 -4.4508 1.1590 1.7155 -1.6920 
32.1767 16.5557 -15.2488 -1.9967 9.5433 -3.7649 -4.9613 5.0620 0.6467 -4.6653 0.5244 0.8880 -2.2378 
33.0759 16.9728 -16.1818 -3.2692 8.5567 -4.6763 -5.8926 4.3027 0.2280 -4.7199 0.4697 0.3477 -3.0665 
34.3638 17.9418 -16.4439 -3.5004 9.1064 -3.7514 -5.0974 4.7960 0.4729 -4.3997 1.2114 1.5050 -1.8321 
35.9747 19.0458 -16.7715 -3.5124 9.5839 -3.7267 -5.3614 4.5274 -0.1585 -5.0510 1.1663 1.5790 -2.2283 
37.5750 20.3658 -16.9120 -3.8577 9.8319 -3.2764 -5.0466 4.7221 -0.2350 -5.3731 0.9786 1.6033 -2.1158 
37.8287 20.5447 -17.6349 -5.5642 8.4120 -4.1261 -6.2537 3.6027 -0.3622 -5.3387 0.5456 1.5489 -1.8454 
35.9131 19.8251 -16.2009 -5.4559 7.1002 -4.2064 -5.3100 3.6552 -0.9430 -5.5865 0.1361 0.6771 -2.3505 
33.6353 19.9583 -12.3402 -3.2871 7.1817 -3.4810 -4.5561 3.8090 0.0072 -4.1911 0.8112 1.2679 -1.6031 
37.6758 24.7739 -9.5318 -2.2197 7.5153 -3.3285 -4.9003 2.5467 -1.9764 -6.4825 -1.7491 -1.4754 -3.9286 
39.9106 27.1371 -8.9693 -2.6967 7.7116 -2.5163 -4.9255 1.8464 -1.9366 -5.6268 -1.0040 -1.0364 -3.3433 
40.0995 27.1501 -9.5946 -3.6276 7.5854 -1.5751 -4.4451 0.6594 -3.6336 -6.0969 -0.5615 -1.0221 -3.8004 
41.1756 28.0618 -9.2943 -3.1217 7.8666 -1.9531 -4.6401 0.9405 -3.5240 -5.9607 0.0230 -0.6634 -3.9080 
40.7344 27.7935 -9.1796 -3.2205 7.6783 -1.6370 -4.1162 0.8828 -4.1184 -6.4596 0.0227 -0.0566 -3.2068 
40.9143 27.9223 -9.1277 -3.0944 7.5398 -2.2215 -4.5558 0.9113 -4.1136 -6.6225 -0.0322 -0.3370 -3.8121 
40.6914 27.9321 -9.0678 -3.5201 7.4606 -1.6134 -4.4292 0.5035 -3.9112 -6.2974 -0.6079 -0.7469 -3.0482 
40.1219 27.0411 -9.9709 -4.2867 6.7765 -2.0871 -4.6804 0.0302 -4.5617 -6.6047 -0.9342 -1.6825 -3.9737 
40.2322 27.2113 -9.9222 -4.4333 6.7270 -1.8270 -4.1683 0.6411 -4.1244 -6.3520 -0.5061 -1.2270 -3.9687 
40.5357 27.6977 -9.5301 -4.2203 7.1467 -1.2657 -3.9842 0.8395 -3.2642 -5.6280 -0.8103 -1.6044 -3.3412 
39.4717 27.2502 -8.9991 -4.3191 6.9512 -0.7230 -3.6086 0.7024 -3.3837 -5.9053 -1.0467 -1.1342 -2.8240 
38.3619 26.6923 -8.2306 -3.8321 6.6902 -0.6408 -2.8655 1.3100 -3.2645 -6.0020 -1.1962 -1.1047 -2.3105 
35.0151 24.1959 -7.6642 -3.1830 6.4346 -0.9205 -3.0377 1.5704 -2.4302 -5.8734 -2.0821 -1.6543 -2.5672 
33.2959 22.6800 -7.9342 -3.2760 6.4293 -0.5096 -2.5629 2.2614 -0.9739 -4.2771 -1.3813 -1.8809 -3.3549 
31.3137 21.4547 -7.1711 -2.9155 5.8401 -1.0303 -3.3424 0.6943 -2.4393 -4.7851 -0.9999 -0.9773 -2.5913 
29.6881 20.3194 -6.9081 -3.0400 5.0025 -1.8344 -4.1277 0.0407 -2.5958 -5.0201 -1.7714 -1.6088 -2.8363 
28.8652 19.8833 -6.5453 -3.0067 4.8416 -1.3750 -3.3912 0.3404 -2.6429 -5.0823 -1.7841 -1.6204 -2.9254 
29.3636 20.5850 -5.7726 -2.2538 5.2572 -1.2376 -3.2005 0.6707 -2.1619 -4.6132 -1.7285 -1.6679 -2.3262 
28.5612 19.8397 -5.8943 -2.2742 4.9331 -1.6099 -3.0976 1.3052 -1.4548 -4.0096 -0.9379 -0.7137 -1.4729 
32.1536 21.6797 -9.1402 -6.5151 2.4418 -3.0120 -3.7769 1.5041 -1.4156 -4.8321 -1.8789 -1.4173 -2.3779 
31.9370 21.1334 -8.8674 -4.4305 3.9243 -3.8999 -4.5052 2.8784 0.1947 -4.1648 -0.7183 0.3996 -1.6236 
32.7007 21.4459 -9.5928 -5.0374 3.7635 -4.3120 -5.1240 2.6927 0.2344 -4.4972 -1.2585 0.0514 -1.8332 
33.3942 21.1956 -10.8093 -4.7515 5.2723 -3.4950 -5.1242 2.5851 0.1402 -4.7507 -2.0104 -0.8550 -1.8441 
36.3248 20.8752 -14.7969 -4.5009 7.8448 -3.3653 -4.7533 4.1393 -0.2449 -5.5849 -0.9616 -0.2036 -2.2131 
36.0592 20.1479 -15.6423 -4.7337 7.7109 -4.0116 -5.3147 3.9732 -0.6266 -6.1970 -1.2307 -0.2070 -2.2408 
35.7632 20.1338 -15.1843 -4.3223 8.1411 -3.5257 -5.3356 3.4747 -0.7001 -5.4205 -0.0270 0.8541 -1.7394 
35.1661 20.0628 -14.5626 -4.5321 7.0990 -4.2609 -5.5533 3.4037 -0.8388 -5.9763 -1.0161 0.0658 -2.0429 
33.3073 17.8256 -15.6072 -4.3457 7.5037 -4.0886 -5.1203 4.1322 -0.0687 -4.9154 0.1399 0.4040 -2.6873 
34.0005 18.8691 -14.8704 -4.3982 7.1158 -4.3204 -5.6647 2.9587 -1.1914 -5.4115 -0.0280 0.2113 -2.6718 
34.1568 18.9147 -15.2429 -4.8124 7.4200 -3.4892 -5.1453 3.2879 -0.5046 -4.7000 0.4493 0.9726 -1.7138 
33.3645 18.0277 -15.3538 -4.1516 7.9270 -3.4800 -4.7799 4.1721 -0.1584 -5.0772 0.3510 1.2874 -1.8417 
33.0211 17.9605 -15.3865 -5.1529 6.8318 -3.4365 -4.4231 3.8651 -0.4037 -4.8571 0.1678 0.6440 -1.9881 
33.2474 18.5802 -14.2595 -4.2006 6.6507 -4.5486 -5.1424 4.0002 -0.4744 -5.7248 -0.5281 0.9687 -1.1858 
32.8541 18.4846 -13.9108 -3.9757 7.0970 -3.8340 -5.0376 3.6010 -0.3167 -5.1062 -0.4823 0.2400 -1.9233 
31.7013 17.0603 -14.6469 -3.9534 7.1730 -4.1326 -5.2012 4.0204 0.4083 -4.4637 -0.0019 0.5950 -1.6493 
32.4674 18.0556 -13.9181 -3.6761 7.0704 -4.1989 -5.2234 3.5905 -0.0580 -3.9805 1.1679 1.1902 -1.9040 
32.7806 18.5271 -13.6218 -3.6534 7.2553 -3.7626 -4.9400 3.6718 -0.2435 -4.8499 -0.0488 0.6127 -1.7919 
32.4563 17.9216 -14.2920 -3.9965 7.2291 -3.8298 -5.2641 3.1811 -0.5425 -4.7303 0.1369 0.4352 -2.1245 
32.2941 17.9608 -14.0108 -3.8901 7.3180 -3.4983 -4.8704 3.6240 0.0572 -4.3597 0.0058 0.2102 -2.2010 
32.6187 18.3109 -13.7644 -3.6507 7.4649 -3.2754 -4.2694 4.2348 0.0648 -4.7182 -0.0750 0.3629 -2.2150 
32.1850 18.4650 -13.0294 -3.7235 6.9513 -3.4623 -4.5959 3.7917 -0.0374 -5.0795 -0.8207 0.2439 -2.0561 
30.1809 17.5635 -11.9444 -3.8679 5.8037 -3.5576 -4.1983 3.9988 0.9523 -3.7035 -0.6549 -0.5544 -2.4152 
29.0764 17.5805 -10.4334 -3.4373 5.5299 -3.4751 -4.9872 2.3171 0.1260 -3.7429 -0.7991 -0.3352 -1.8758 
26.8575 16.2814 -9.4848 -2.8989 5.4822 -2.6990 -3.9485 2.6169 0.0773 -3.5334 -0.1268 0.5092 -1.7381 
25.7153 15.4891 -9.5857 -3.7380 4.3377 -3.1810 -4.4238 1.7370 -0.3331 -3.2855 -0.0673 -0.0043 -2.5198 
25.7015 16.2376 -8.2202 -3.2211 4.3126 -2.6711 -3.8511 1.7328 -0.3412 -2.9481 0.1589 0.0594 -2.2270 
26.2628 16.7953 -8.1400 -3.5114 3.9625 -2.7602 -3.8230 1.3970 -0.8819 -3.0582 0.3423 -0.0655 -2.4470 
24.5740 15.1011 -8.8970 -4.1362 3.5408 -2.5842 -3.6341 1.1785 -0.9353 -2.7958 0.3156 -0.2891 -2.2029 
24.5698 15.4575 -8.0361 -3.3891 3.8214 -2.3476 -2.9885 1.8237 -1.1083 -3.6012 -0.0372 -0.0114 -2.1960 
25.0038 15.9835 -7.5652 -2.7608 4.4253 -2.3981 -3.8242 1.1329 -0.7139 -2.4771 0.6754 -0.0543 -2.3778 
24.6441 15.6709 -7.8624 -3.5695 3.5283 -2.5165 -3.3326 1.5037 -0.6310 -2.8352 -0.4880 -1.5050 -3.2284 
24.5489 15.8336 -7.3305 -2.9096 4.4393 -1.5815 -2.9830 1.3505 -0.7407 -2.5845 0.3500 -0.3128 -2.3966 
24.5582 15.7213 -7.6918 -3.5091 3.7126 -2.0522 -2.8586 1.8220 -0.3533 -2.2391 0.7887 0.0112 -2.2991 
23.5107 14.6459 -8.0476 -3.5332 3.6119 -2.3394 -3.3315 1.1154 -1.3988 -3.4855 -0.0750 -0.1405 -2.2450 
25.1165 16.3763 -7.1699 -2.9377 4.2146 -1.8376 -2.8888 1.7361 -0.3618 -2.2170 0.6717 -0.2673 -2.6988 
24.4189 15.4883 -7.7139 -3.0075 4.3925 -1.7644 -3.0070 1.6568 -0.1549 -1.8593 0.7829 -0.3518 -2.4422 
23.1395 13.7839 -9.3249 -4.8919 2.0855 -3.9119 -4.4673 0.3506 -2.0206 -3.7944 -0.3693 -0.9788 -3.1910 
23.8286 14.7190 -8.2799 -3.3814 3.9912 -2.2433 -3.4128 1.1212 -1.1445 -2.8295 0.6412 0.1462 -2.1393 
24.2716 15.4839 -7.3812 -2.6852 4.3271 -2.0688 -3.0856 1.8280 -0.2133 -2.3582 0.1781 -0.7370 -2.5946 
24.3237 15.4797 -7.3943 -2.6726 4.1232 -2.2291 -2.6873 2.3065 -0.3421 -2.3969 1.1672 0.6596 -1.8581 
24.0510 15.2567 -7.6167 -3.1999 3.7142 -2.3318 -3.1500 1.3546 -1.0412 -2.7393 0.5622 -0.2205 -2.4862 
23.6664 14.6047 -8.1485 -3.1559 4.0613 -2.2384 -3.2525 1.2772 -1.2467 -3.0809 0.3809 -0.2548 -2.7088 
24.2582 15.3673 -7.7171 -3.1151 4.2432 -1.5455 -2.5365 1.6012 -0.9103 -2.5303 0.6856 -0.1343 -2.1412 
23.6586 14.9065 -7.3664 -2.1763 5.1791 -1.0242 -2.2705 1.8784 -0.9046 -3.0134 0.2742 -0.0312 -1.9266 
23.9833 15.2654 -7.3898 -2.8124 4.0835 -2.1698 -3.1991 1.2802 -1.0856 -2.9255 0.2010 -0.4583 -2.3365 
24.3080 15.5026 -7.6349 -3.4299 3.4722 -2.3797 -2.8935 1.8548 -0.5076 -2.3167 0.8935 -0.0238 -2.6032 
23.7373 15.1858 -7.4433 -3.4937 3.1967 -2.4983 -2.9582 1.7948 -0.6364 -2.8276 0.1926 -0.4138 -2.7296 
23.8619 15.4566 -7.0299 -2.9500 4.0169 -1.5201 -2.4822 1.4468 -1.1795 -2.9677 0.2597 -0.3843 -2.6098 
23.8535 15.0313 -7.5573 -2.7702 4.2335 -1.7492 -2.3422 1.8837 -1.4172 -3.6390 -0.1697 -0.8007 -2.9973 
23.8018 14.9100 -8.1140 -3.7719 3.6242 -1.9413 -2.9031 1.3756 -1.0218 -2.9418 0.1576 -0.3341 -2.3348 
24.2678 15.5979 -7.4490 -3.3403 3.6721 -2.1803 -3.1654 1.3079 -0.9292 -3.0410 -0.4343 -1.1876 -2.9707 
23.8675 15.1731 -7.4898 -3.0421 3.9526 -2.0832 -3.1313 1.2896 -0.9313 -2.5954 0.6684 0.0211 -2.2906 
24.3724 15.5838 -7.2753 -2.5254 4.4211 -1.9821 -2.9527 1.5158 -1.2840 -3.3850 0.1517 0.0141 -1.8876 
23.6148 15.1492 -7.1113 -2.8120 3.8751 -2.1867 -3.1100 1.4239 -0.7133 -2.3628 0.8295 0.0975 -2.1623 
23.5677 14.7982 -7.7506 -3.2095 3.8170 -2.1959 -3.2471 1.0006 -1.5941 -3.6217 -0.4470 -0.8489 -2.8400 
23.4762 14.6532 -7.8995 -3.3255 3.7102 -2.3008 -3.2045 1.4299 -0.6292 -2.2490 0.8076 -0.2920 -2.9286 
24.1791 15.6603 -7.1032 -2.9955 3.8037 -2.1933 -3.1801 1.3753 -0.7594 -2.8038 -0.0815 -0.6326 -2.4508 
23.5678 14.9924 -7.2764 -2.6587 4.3284 -1.8771 -3.1443 1.4159 -0.4606 -2.3198 0.2992 -0.5380 -2.5687 
24.1445 15.7789 -6.8335 -2.9826 3.4043 -2.6806 -3.3304 1.6095 -0.4641 -2.5204 0.4983 0.2103 -1.7068 
23.6552 15.0898 -7.3164 -2.8974 4.1285 -1.7179 -2.7586 1.5487 -0.6737 -2.4665 0.4358 -0.3110 -2.2695 
23.5530 14.8992 -7.4720 -2.8531 4.1907 -1.9675 -3.2439 1.0698 -1.2660 -3.2835 -0.2998 -0.8151 -2.8514 
22.9954 14.2625 -7.9475 -3.4948 3.3194 -2.7343 -3.6889 0.9585 -0.9579 -2.6681 0.1587 -0.6472 -2.5874 
22.9304 14.4022 -7.5755 -3.2614 3.6115 -1.8926 -2.6048 1.4383 -1.1789 -2.8321 0.4827 -0.2056 -2.4287 
22.9587 14.5400 -7.2034 -2.6070 4.4208 -1.2711 -2.3018 1.6985 -0.8315 -2.5504 0.7358 0.1051 -2.2080 
23.5250 14.9838 -7.3270 -2.9612 3.9580 -1.8571 -2.7518 1.5844 -0.7979 -2.6683 0.3617 -0.4132 -2.7112 
