nan nan nan nan nan nan nan nan nan nan nan nan nan 
nan nan nan nan nan nan nan nan nan nan nan nan nan 
nan nan nan nan nan nan nan nan nan nan nan nan nan 
nan nan nan nan nan nan nan nan nan nan nan nan nan 
nan nan nan nan nan nan nan nan nan nan nan nan nan 
20.2131 -1.9293 -1.5794 1.2819 -1.7452 -0.4481 -0.1905 -0.3438 -0.6292 -0.4636 0.3473 -0.0386 -0.2980 
21.6185 0.7853 0.2058 -1.8028 -0.9177 -1.6319 -0.7505 0.4226 -0.9018 -0.5199 0.4173 0.4291 -0.8439 
23.2719 1.5152 0.1252 -2.5063 -0.2417 0.5026 -0.2078 -0.3150 -0.1845 -0.4145 -0.1786 -0.6814 -0.1603 
22.0125 1.7552 -0.4556 -0.9116 0.2914 -0.8248 -0.5959 0.0560 -1.2904 -0.1958 0.4338 0.2153 0.3137 
20.2483 0.5574 -1.7264 -1.4513 -0.9826 -0.4742 0.1459 0.5911 0.6805 0.6062 -1.1675 -0.2537 -0.0947 
21.2736 0.6905 0.4849 -1.7267 -0.3628 -0.1628 -1.4550 -1.0479 0.1871 -0.4257 -1.3204 -0.4767 0.8278 
23.3228 -1.1469 -0.2229 -0.7988 -1.5384 -0.1685 -1.3104 -1.0346 -0.1825 -0.4901 -0.7730 -0.4466 0.3820 
21.2845 1.1477 -1.1205 -2.7913 -1.6719 -0.7252 -1.3080 -0.3403 -0.8165 -0.6357 -0.1581 -0.0914 -0.4862 
22.3009 1.1974 -0.8111 -1.9530 -0.7513 0.8504 -0.9241 -0.2134 0.4958 -0.1456 -0.5516 0.1586 -0.5437 
23.3336 0.2631 -2.1329 -1.4518 -0.7458 -0.9612 0.0903 0.1499 0.1417 -0.1734 0.2309 0.4693 0.0933 
23.2770 0.0547 -2.1709 -1.6630 -0.3105 -0.9278 -0.6460 0.3603 -0.4719 0.0759 -0.1790 -0.0685 -0.4978 
24.1813 1.2392 -1.5987 -2.5294 -0.2093 0.3039 -0.5219 -0.1670 -0.2844 0.1684 0.6205 -0.0970 -0.5872 
24.2208 1.3313 -2.3317 -0.8176 0.6323 0.3653 -0.7084 -0.8561 -0.7574 -0.1534 0.1345 -0.3049 -0.0979 
24.1500 1.0777 -1.1709 -1.7756 -0.4282 0.0528 -2.3394 -2.2183 -1.2992 0.5224 -0.2931 -0.1255 0.1766 
23.6028 0.1761 -0.2932 -0.6423 -2.2576 -1.7578 -0.5383 -0.5891 -0.8869 0.1586 -0.3462 -0.3037 -0.5056 
23.7038 1.4430 -1.1535 0.0166 -0.7343 -0.7117 -0.8058 -0.8649 -0.5416 0.7154 -0.6986 -0.4065 0.0679 
22.9636 1.6758 -0.3596 -1.5110 -0.9400 -0.5951 0.2474 -0.6472 -0.8388 -0.1609 -0.6290 -0.2732 0.4152 
22.1834 -0.1068 -0.7764 -0.8508 -0.3511 0.1026 -0.7029 -0.6024 0.1704 0.0887 -0.8229 -0.4926 -0.4020 
23.9287 -0.5540 -1.0943 -1.7044 -0.6177 -1.2985 0.5592 0.0068 -0.2095 -0.4170 -0.1571 -0.1550 0.2288 
23.4591 0.4478 0.4833 -0.9394 -0.1374 -0.4047 -0.2291 -0.6727 -0.5710 0.1035 -0.0543 -0.4395 0.2987 
22.8903 -0.2232 -0.1083 -0.4990 -0.2178 0.0653 -0.1990 -0.4061 -0.7761 0.4685 0.3292 -0.5067 -0.5800 
22.8382 0.6082 -1.8140 -3.3536 -1.4162 0.2845 -0.1539 -0.3802 0.2493 1.3205 0.5730 0.7447 0.5518 
28.3385 0.7840 -3.7515 -0.9146 -0.6697 -0.2668 0.5161 0.5561 0.3645 -0.0957 -0.0468 0.2130 -0.1308 
32.3961 -2.2338 -2.8404 -0.3256 -1.9928 -1.8304 -0.5559 0.8659 1.0093 -0.2039 -1.8380 0.1205 0.4217 
32.2715 -3.0951 -2.2207 -0.2107 -2.7845 -0.6252 -0.3201 0.2251 1.7790 0.4733 -1.9378 -0.0300 0.6003 
32.5191 -2.6326 -2.6439 0.1715 -2.9744 -0.1450 -0.2801 0.8452 1.2652 -0.6397 -1.8988 0.8276 -0.4571 
31.1430 -0.8260 -1.4641 -0.9010 -3.0956 -0.9370 -0.9752 1.5615 1.4852 -2.5959 -0.8567 1.3962 -0.7550 
27.5061 1.3062 -1.5441 -2.2174 -2.4615 -0.1656 -0.7806 0.9289 0.7284 -0.6788 -0.1641 0.8955 0.1061 
25.1395 0.0772 -0.5168 -0.9842 -2.4246 -0.5643 -0.3012 -0.3759 -0.1480 0.4968 -0.3618 0.6077 0.0141 
24.9499 1.8707 0.2299 -2.1212 -2.9383 -0.1912 -0.7156 -0.6190 -0.6222 0.9441 -0.4517 -0.3982 -0.4334 
25.6756 0.4760 -1.3696 -1.7262 -2.4287 -0.5868 -0.2776 -0.6838 0.1668 0.5386 -0.2846 -0.4139 -0.2744 
25.4159 0.5666 -1.1667 -0.7416 -1.6068 -1.6741 0.4747 0.0812 0.3147 -0.2935 0.5392 -0.0672 -0.4866 
25.0538 -0.1958 -2.4946 -0.7839 -0.7896 -1.4971 0.0764 0.1805 0.2710 0.7331 0.5717 -0.7936 -0.6346 
26.9005 -2.0374 -1.2203 -1.5666 -1.3642 -0.9785 -0.1658 -0.7022 -0.4789 -0.2829 -0.5440 0.3099 0.1060 
24.6209 -1.0443 -2.9621 -0.3904 -1.1263 -1.1084 -0.2765 -0.7296 -0.7678 -0.2630 -0.5925 -0.5149 0.6077 
24.9902 -0.1597 -1.9297 0.7306 -0.5743 -0.1794 1.3033 -0.4085 -0.9905 -0.0939 -1.1130 -0.3715 0.3569 
25.3380 1.4638 -1.0350 -0.4688 -1.7281 -0.7720 -0.6748 0.0321 -0.4333 0.0644 -0.7139 -0.4452 0.3656 
25.5499 0.9205 -0.2996 0.1547 -0.9257 -0.7045 -0.2958 0.1386 -0.6516 0.3161 0.1957 -0.1663 0.5747 
24.2020 0.4980 -0.7327 0.1974 -0.7136 -1.9242 -0.0502 0.7864 -0.0924 -0.9420 -0.5262 0.0366 0.6311 
23.9676 0.1925 -1.4248 -1.7299 -0.4661 0.0053 0.2186 0.2050 -1.0473 -0.5424 -0.3659 -0.2776 0.2539 
21.9018 -1.9279 -3.4882 -2.0653 -1.3738 -0.6712 1.2923 1.2160 -0.2718 -0.4397 -0.3977 0.1100 -0.8555 
22.3253 0.0988 -1.1844 -0.6739 -0.4946 -1.9165 0.0175 -0.3536 -0.1806 0.5156 -0.3898 -0.1756 -0.3533 
22.3279 -0.7760 0.7165 -0.7484 -1.2286 -0.1268 0.6322 -0.5671 -0.1263 -0.1850 -0.5382 0.2521 0.1673 
21.3125 -0.2973 0.8924 -1.1388 -1.2938 -0.3161 -0.8401 0.4804 -0.1320 -0.2359 0.0453 -0.3646 -0.6375 
21.3588 -0.5065 0.2067 -0.5118 -1.1739 -0.6276 -0.8393 -0.0836 -0.6124 0.0603 -0.2466 0.1026 0.4128 
22.0293 0.2367 -0.8453 -0.5573 -0.6328 0.8221 0.1741 -0.4913 -0.6359 -0.7421 -0.0848 -0.3897 0.0626 
22.1887 -1.2732 -0.2141 -0.9118 -2.3515 -0.5419 -1.2175 -0.1787 -0.5020 0.5215 0.0953 0.4707 -0.1092 
22.5940 1.0905 1.2150 -0.2262 -1.3210 -0.5327 -1.2149 0.1874 -0.6354 -0.6769 0.4330 -0.7123 0.0065 
22.6335 1.5730 -0.3087 -0.5155 -1.7509 0.8230 -0.4971 -0.3441 -0.4047 -0.9021 -0.6755 -0.3465 0.3328 
23.5626 0.8991 0.1054 -1.3830 -0.6670 -0.1518 -0.6142 -0.8369 -0.2097 0.8759 -0.1045 -0.5679 -0.0143 
23.3741 0.7568 -1.0498 -2.2606 -1.0849 -0.4636 -1.2567 -0.5693 -0.0527 0.3237 -0.1663 -0.4680 -0.2128 
23.9615 1.0809 -1.0849 -2.1699 -1.1628 0.5150 -0.7537 -0.6382 -0.1510 0.4275 0.5081 -0.2956 -0.2215 
24.7802 1.8228 -1.0713 -2.7205 -1.3251 0.2240 -0.6663 -1.2881 0.3443 0.7022 0.1007 0.3597 0.1203 
22.9654 1.3891 -1.7525 -1.7774 -1.2876 0.4558 -0.0929 -1.3468 -0.5203 -0.2585 0.3774 -0.7291 -0.2249 
23.5422 0.5495 -2.4144 -1.5198 -0.0644 0.7797 -0.3970 -0.6604 -1.2521 -0.8499 -0.1448 -0.4124 -0.4136 
21.5010 0.9825 -0.4887 -0.8692 -1.2892 -0.3692 0.3848 -1.5761 -0.9251 -0.4090 0.3957 0.4885 -0.7517 
22.8211 1.7082 -0.3395 -2.6091 0.0691 -0.4555 -0.1168 -0.2546 -1.4566 0.2034 0.2463 0.1879 0.1611 
23.0873 0.7115 0.1691 -1.6386 -1.5375 -0.3783 -1.2107 -0.5765 -0.4145 0.0546 -0.3953 0.1541 -0.2104 
21.5934 0.7620 0.1752 -1.8283 -1.4397 1.1463 0.1873 -0.7104 -0.4701 0.0787 0.1814 -0.7221 -0.5949 
20.6605 -3.2716 -2.9635 -1.6431 -0.5023 0.5368 0.4757 0.4000 0.3619 0.0476 -0.0570 -1.0795 -0.7823 
21.7482 -0.2149 0.6993 -1.1551 -1.0770 -0.7971 -0.9100 -0.1422 0.1812 -1.1532 -0.0553 0.3725 -0.4860 
20.9969 -1.3099 -1.2322 -2.1663 -1.1901 -0.4724 -0.5059 -0.4960 -0.5488 -0.1985 0.8960 0.4363 0.6625 
20.3898 -2.0052 -0.7833 -1.6128 -0.8620 -0.1187 0.8418 0.1833 -0.4391 0.0324 -0.2555 0.4469 0.4310 
20.7299 -1.9772 -1.1998 -2.1970 -1.5622 0.0779 0.2377 -0.2035 -0.0709 0.0608 0.3603 -0.2490 -0.8954 
21.3236 -0.8051 -0.7669 -0.3679 -1.3834 -0.1611 -0.6320 -0.1630 -0.8200 -0.0633 -0.1101 0.6589 0.2198 
22.0652 -0.5351 0.1098 -1.2445 -1.6183 -0.6105 0.3888 -0.0432 -0.4228 -0.2486 0.4614 0.0230 0.1243 
22.6148 0.4812 0.2870 -1.5549 -0.9248 -1.3399 0.1878 -0.7853 -0.2527 0.2465 -0.2378 -0.1599 -0.2670 
20.9671 -0.6390 0.2858 -1.8548 -1.2171 -0.4056 -0.3963 0.1021 -0.2155 -0.4595 -0.0275 0.2848 -0.1741 
20.1555 -0.0411 1.7266 -0.4226 -1.5041 -0.9214 -0.5552 0.4464 -0.6522 -0.8497 0.1275 -0.3127 0.0472 
22.0760 0.2612 -0.2914 -2.2469 -0.7251 -0.3215 -0.1428 -0.0194 -0.6629 -0.6021 -0.2062 -0.2602 0.1439 
21.7212 0.6737 1.5247 -1.0364 -1.2745 -0.2751 0.1633 -0.5178 -0.6411 -0.6152 -0.0671 0.1386 -0.0893 
21.6369 -0.1691 0.6837 -1.1246 -0.9219 0.4112 -0.4052 -0.0395 -0.1401 -0.1810 0.2268 -0.4510 -0.6352 
20.6969 -0.6154 -0.2586 -0.9794 -1.6852 -0.1538 0.1864 0.4026 -0.8034 -0.4476 0.6323 0.7260 -0.6393 
21.0956 0.1814 -0.0061 -1.3620 -1.5655 -0.2093 -0.0085 -0.8745 -0.9306 0.2922 0.2200 0.2602 -0.1019 
20.9046 0.5076 0.6105 -0.7497 -1.0610 -0.2095 -0.5062 -0.2226 -0.2090 -0.3335 0.0695 -0.6291 -0.5716 
21.0759 0.8373 -0.0693 -2.2026 -1.4336 -1.0268 -0.4591 -0.5465 -0.3707 -0.3550 -0.5122 -0.3653 0.0949 
21.3165 1.3250 0.5755 -0.5026 -1.0307 -1.0342 0.1357 -0.3947 -0.1464 -0.3230 0.1225 -0.3234 0.0201 
22.5395 -0.6909 0.9503 -0.5298 -0.7512 0.8236 0.4543 -0.4946 -1.1233 -0.3981 -0.7125 -0.4117 0.1122 
20.5027 -0.3190 0.6006 -0.6304 -1.7081 -0.1911 0.2310 -0.4286 -0.8659 -0.2224 -0.0053 -0.3206 -0.6085 
21.0156 1.3495 0.8004 -0.6498 -1.6269 -0.7630 -0.1244 0.3967 -0.2578 -0.6070 -0.5074 -0.3278 0.1660 
21.7899 0.4615 0.7974 -1.6581 -1.2958 0.3631 0.8345 -0.3447 -1.3426 -0.0864 -0.2024 -0.2558 0.0945 
19.8075 -0.6792 0.4371 -0.7426 -0.4750 0.7770 1.2734 0.1263 -1.1827 -0.6381 -0.4662 -0.7880 0.0449 
20.7992 -0.9993 -1.3173 -1.0383 -0.1885 -0.0024 0.8362 0.0582 -0.4111 0.4807 -0.8094 -0.1701 0.1591 
21.3941 0.5962 -1.1332 -0.5363 -0.6355 -0.8097 0.7810 0.7337 -0.1542 0.4951 -0.3918 -0.4789 0.0328 
21.3213 1.7116 0.5614 -0.6693 -1.3890 -0.8116 0.4846 -0.4774 -0.8249 0.6778 -1.1320 -0.1019 0.6904 
21.6319 -0.7205 -0.8013 -0.6534 -1.7665 -1.3731 -0.9484 -0.0820 -0.8552 -0.5921 -0.5483 -0.7293 0.2606 
20.9661 0.1434 0.5743 0.7310 -2.2825 -0.4192 0.9872 -0.6377 -1.6064 -0.1219 -0.9672 0.5638 0.6224 
21.4755 0.4332 0.1100 -0.4036 -1.1966 -0.1949 0.3186 -0.7464 -0.7556 -0.7332 -0.5200 0.0760 0.3207 
10.6821 -0.3927 0.3579 -0.5056 -0.8432 -0.1646 0.7187 -0.5664 -0.5920 -0.4003 -0.3309 0.0550 0.2940 
0.1408 -1.6108 0.4131 -0.5019 -0.6592 -0.3341 0.9989 -0.3995 -0.5324 -0.3836 -0.1093 -0.0031 0.1871 
-10.2999 -3.0221 0.4643 -0.5104 -0.5827 -0.4537 1.1642 -0.3080 -0.4368 -0.4678 0.0549 -0.0707 0.1401 
-20.6651 -4.5846 0.5083 -0.5696 -0.5265 -0.5534 1.2471 -0.2404 -0.3284 -0.5542 0.1397 -0.1156 0.1040 
-30.9802 -6.2530 0.5100 -0.6930 -0.4370 -0.6652 1.2797 -0.1772 -0.2058 -0.5885 0.1411 -0.1309 0.0574 
-41.2560 -7.9816 0.4486 -0.8686 -0.3057 -0.7846 1.2844 -0.1099 -0.0459 -0.5535 0.0978 -0.1335 0.0052 
-51.4782 -9.7309 0.3523 -1.0784 -0.1401 -0.8955 1.2820 -0.0217 0.1514 -0.4384 0.0566 -0.1136 -0.0445 
-61.6085 -11.4525 0.2703 -1.3117 0.0272 -1.0085 1.2493 0.0698 0.3442 -0.2497 0.0743 -0.0206 -0.0306 
-71.6801 -13.1857 0.1587 -1.6154 0.1371 -1.1391 1.1896 0.1945 0.5832 0.0977 0.3083 0.2953 0.2081 
-81.2816 -14.3579 0.5515 -1.5168 0.5642 -1.0103 1.2345 0.3212 0.6566 0.2046 0.2246 0.1742 -0.0157 
-90.2947 -14.7848 1.6669 -0.8353 1.3596 -0.7248 1.1630 0.2300 0.4535 0.0892 -0.0797 -0.3158 -0.6994 
-95.9728 -11.6944 3.8522 -1.0534 0.8835 -0.9703 1.1310 0.2777 0.2022 -0.1355 -0.2650 -0.2650 -0.3694 
-99.3384 -6.6789 5.6780 -2.2059 0.6234 -0.6733 0.6755 -0.4664 -0.3573 -0.0820 0.0194 -0.1636 -0.1941 
nan nan nan nan nan nan nan nan nan nan nan nan nan 
-98.5740 -0.8793 0.6103 -1.9285 1.7939 -0.4259 0.0602 0.3151 0.3329 -0.1438 0.9722 0.1666 0.1413 
-96.2020 -0.6897 0.4302 0.2158 -0.1851 0.3007 0.4718 0.7609 -0.3180 -1.0783 -0.1464 0.3928 -0.1801 
-94.7129 -1.2104 -1.0623 -0.2429 0.8867 0.6788 -0.3476 0.5439 -0.5546 -0.9089 -0.2704 -0.0176 -0.0091 
-91.8492 -0.3093 -0.0416 -0.6617 -0.0210 1.2434 -0.6679 -1.2568 0.4630 0.9999 -0.9994 -0.0898 0.4227 
-89.5371 0.0238 -1.4746 -1.0120 -1.2476 -0.4159 0.2163 0.4505 -0.4754 -0.7704 1.0303 0.2529 0.1339 
-inf -inf -inf -inf -inf -inf -inf -inf -inf nan nan nan nan 
nan nan nan nan nan nan nan nan nan nan nan nan nan 
nan nan nan nan nan nan nan nan nan nan nan nan nan 
-78.2624 -0.8701 -0.1441 -0.0685 -0.1506 -0.3122 -0.2603 0.9375 -0.9810 -0.5039 -0.5549 0.5083 0.1044 
-76.5683 -1.4784 -0.4912 -0.0171 -0.8736 -0.5253 0.2923 0.3403 -0.0178 -0.3607 0.0810 0.2506 0.0508 
nan nan nan nan nan nan nan nan nan nan nan nan nan 
-70.4328 -0.4517 0.0680 -1.1168 -0.8741 0.2035 0.3600 -0.2682 -0.2730 0.3163 0.7532 0.0512 0.6512 
nan nan nan nan nan nan nan nan nan nan nan nan nan 
-inf nan inf nan -inf nan inf nan -inf -inf nan inf nan 
nan nan nan nan nan nan nan nan nan nan nan nan nan 
-inf nan inf nan -inf nan inf nan -inf inf nan -inf nan 
-58.6435 -0.2378 0.0333 0.0627 1.7245 -0.3482 -1.4316 -0.2592 0.0364 0.8498 0.5796 -0.2749 -0.4600 
nan nan nan nan nan nan nan nan nan nan nan nan nan 
-52.7171 0.9506 0.3564 0.4862 -1.0013 -0.4602 0.9942 1.2838 -0.5484 -0.6845 0.7296 1.1003 -0.2161 
nan nan nan nan nan nan nan nan nan nan nan nan nan 
nan nan nan nan nan nan nan nan nan nan nan nan nan 
-inf -inf -inf -inf -inf -inf -inf -inf -inf nan nan nan nan 
nan nan nan nan nan nan nan nan nan nan nan nan nan 
nan nan nan nan nan nan nan nan nan nan nan nan nan 
nan nan nan nan nan nan nan nan nan nan nan nan nan 
nan nan nan nan nan nan nan nan nan nan nan nan nan 
nan nan nan nan nan nan nan nan nan nan nan nan nan 
nan nan nan nan nan nan nan nan nan nan nan nan nan 
-26.8181 0.5144 -0.5659 -0.8777 0.1269 -0.5754 -0.1989 0.1829 -0.2321 0.1173 0.2295 -0.2404 -0.2905 
nan nan nan nan nan nan nan nan nan nan nan nan nan 
-20.8559 1.1582 -1.0777 -0.0726 0.0029 -0.1280 0.6129 0.0251 -0.8850 0.1580 0.1987 -0.8558 0.4635 
nan nan nan nan nan nan nan nan nan nan nan nan nan 
nan nan nan nan nan nan nan nan nan nan nan nan nan 
-13.7581 -0.3617 -0.3589 -2.1373 -0.6427 -0.0216 -0.4285 0.1725 -0.4905 -0.0728 -0.4439 -0.0982 0.6040 
nan nan nan nan nan nan nan nan nan nan nan nan nan 
-8.4786 -0.2201 -0.7747 -0.2444 -0.5543 -0.3754 -0.7345 -0.8616 -0.0329 -0.3592 0.5961 -0.1437 -0.6057 
nan nan nan nan nan nan nan nan nan nan nan nan nan 
nan nan nan nan nan nan nan nan nan nan nan nan nan 
nan nan nan nan nan nan nan nan nan nan nan nan nan 
nan nan nan nan nan nan nan nan nan nan nan nan nan 
nan nan nan nan nan nan nan nan nan nan nan nan nan 
nan nan nan nan nan nan nan nan nan nan nan nan nan 
nan nan nan nan nan nan nan nan nan nan nan nan nan 
nan nan nan nan nan nan nan nan nan nan nan nan nan 
16.3488 0.3751 0.2554 -0.1282 0.3017 -0.6267 -0.1548 0.4079 -0.1990 0.0674 -0.3676 0.7286 -0.4362 
nan nan nan nan nan nan nan nan nan nan nan nan nan 
nan nan nan nan nan nan nan nan nan nan nan nan nan 
nan nan nan nan nan nan nan nan nan nan nan nan nan 
nan nan nan nan nan nan nan nan nan nan nan nan nan 
nan nan nan nan nan nan nan nan nan nan nan nan nan 
nan nan nan nan nan nan nan nan nan nan nan nan nan 
34.3748 -0.1583 -0.0295 0.3165 -0.6302 -0.8069 0.0073 0.4618 0.1096 0.6249 -0.8079 0.3490 -0.1486 
nan nan nan nan nan nan nan nan nan nan nan nan nan 
nan nan nan nan nan nan nan nan nan nan nan nan nan 
nan nan nan nan nan nan nan nan nan nan nan nan nan 
43.6994 0.1142 -1.1295 -1.0046 0.1071 -1.2495 -0.3424 -0.3226 -0.2161 -1.1062 -0.2173 -0.1893 -1.0880 
nan nan nan nan nan nan nan nan nan nan nan nan nan 
-inf -inf -inf -inf -inf -inf -inf -inf -inf nan nan nan nan 
52.3274 -0.6536 1.1100 0.4591 -0.8385 0.4542 -0.6879 0.0390 0.3348 0.9291 -0.9844 -0.4652 0.2694 
nan nan nan nan nan nan nan nan nan nan nan nan nan 
nan nan nan nan nan nan nan nan nan nan nan nan nan 
nan nan nan nan nan nan nan nan nan nan nan nan nan 
61.8254 -0.4390 -1.0816 0.2233 -1.3559 -0.5875 -1.5650 -0.1845 -1.5310 -0.1391 -0.9080 0.0894 -0.2087 
nan nan nan nan nan nan nan nan nan nan nan nan nan 
nan nan nan nan nan nan nan nan nan nan nan nan nan 
70.4037 0.0621 0.0221 -1.1521 -0.6836 -0.0603 -0.0648 -0.0962 -0.3979 0.2188 0.4388 0.2167 -0.4893 
nan nan nan nan nan nan nan nan nan nan nan nan nan 
nan nan nan nan nan nan nan nan nan nan nan nan nan 
77.7853 -0.0258 -0.9109 1.7258 -1.5960 -0.7893 -1.1205 -0.4080 0.2685 -0.5164 0.0938 -0.1797 0.4840 
nan nan nan nan nan nan nan nan nan nan nan nan nan 
84.4210 0.6264 -1.0367 -0.0025 -0.0053 -0.2243 -0.1162 -0.0480 0.1276 -0.1304 0.1198 -0.6968 0.5404 
86.3105 -0.1891 -0.5345 0.7646 -1.0073 0.8171 0.0776 0.7178 -0.3543 0.3403 -0.6914 0.0866 -0.0913 
nan nan nan nan nan nan nan nan nan nan nan nan nan 
nan nan nan nan nan nan nan nan nan nan nan nan nan 
nan nan nan nan nan nan nan nan nan nan nan nan nan 
nan nan nan nan nan nan nan nan nan nan nan nan nan 
99.5695 -1.4974 -1.6755 -1.2089 0.1811 -0.1818 -0.2255 -1.2321 -0.5958 -1.7448 -1.6525 -0.2147 -0.9744 
nan nan nan nan nan nan nan nan nan nan nan nan nan 
