-inf -inf -inf -inf -inf -inf -inf -inf -inf -inf -inf -inf -inf -inf -inf -inf -inf -inf -inf -inf -inf -inf -inf -inf -inf 
-inf -inf -inf -inf -inf -inf -inf -inf -inf -inf -inf -inf -inf -inf -inf -inf -inf -inf -inf -inf -inf -inf -inf -inf -inf 
-inf -inf -inf -inf -inf -inf -inf -inf -inf -inf -inf -inf -inf -inf -inf -inf -inf -inf -inf -inf -inf -inf -inf -inf -inf 
-inf -inf -inf -inf -inf -inf -inf -inf -inf -inf -inf -inf -inf -inf -inf -inf -inf -inf -inf -inf -inf -inf -inf -inf -inf 
-inf -inf -inf -inf -inf -inf -inf -inf -inf -inf -inf -inf -inf -inf -inf -inf -inf -inf -inf -inf -inf -inf -inf -inf -inf 
3.1547 4.5406 4.7449 4.7523 4.6688 5.5351 6.3218 6.3304 5.5408 4.4776 5.0251 6.1092 6.7097 6.1269 6.1677 5.7784 7.2134 6.7259 6.7302 6.4984 6.9471 6.6141 7.9358 7.9526 7.5909 
3.9224 5.9216 6.6541 5.9312 5.1563 5.5257 5.1561 4.7444 5.3105 5.8316 5.5662 5.6498 5.9511 6.3090 6.3859 6.1263 5.8693 5.8658 7.2542 6.9044 6.5961 6.1056 7.9331 8.1534 7.4167 
5.2452 6.2734 6.5044 7.0898 6.5604 4.9368 4.6682 5.2912 5.5069 5.9547 5.3692 6.0488 7.0004 6.5144 6.4126 5.7374 5.3881 5.3265 6.8804 6.7402 6.2494 6.4810 7.7554 7.7170 7.1452 
5.0222 6.2491 6.2743 6.0513 5.8709 5.8188 5.3723 4.1072 5.2853 5.0697 5.2888 5.8505 6.0248 5.9953 6.1248 5.9944 5.6035 5.2266 5.8988 6.1078 5.4251 6.1652 7.6708 7.7353 7.5435 
3.8298 4.4487 6.1680 6.2045 5.7620 5.3127 5.0819 4.9116 4.8181 4.5771 5.2645 6.0541 6.4502 5.2624 5.7469 5.3449 4.1303 4.5864 5.6504 5.8141 5.8119 7.3564 8.2181 7.7516 7.9773 
3.9390 6.2063 5.9518 5.7635 6.0999 5.2589 4.3805 5.0221 5.3764 5.5703 5.5348 5.0933 5.5971 5.2369 5.3169 5.5288 5.1614 4.5243 4.9920 6.4737 6.4148 5.3900 6.3343 6.1435 5.7675 
3.4957 6.0573 6.1453 5.7932 6.0865 5.5826 5.7488 6.5665 6.4769 5.9896 6.0411 6.5848 7.1449 6.4118 7.2560 7.5213 6.2311 5.6055 5.9659 6.3957 6.4959 6.3441 7.0551 6.9395 7.1023 
2.6697 5.8118 6.6194 6.5912 5.9364 5.0807 4.6165 4.7986 5.2564 5.0005 5.4583 5.7426 5.9088 6.1451 5.7335 5.8693 5.5008 5.3813 5.4612 5.6347 5.5387 5.4951 6.0758 6.0979 6.3490 
4.6868 5.6098 6.3587 6.5577 6.3807 5.6028 4.5345 5.5327 5.4074 5.2780 5.0355 5.3778 5.8772 6.6750 7.7873 7.3308 6.1654 5.6148 5.5700 6.6586 6.7783 6.1581 6.1994 6.1599 6.6455 
4.3457 5.1927 6.5372 6.7324 6.3193 6.5312 6.0097 5.6158 5.2351 5.4078 5.7383 5.3956 5.2322 5.7105 6.2312 5.9656 5.6828 5.1503 5.5595 5.7263 5.3128 4.8336 4.8905 4.8799 4.9807 
3.8340 5.3284 6.4693 6.5306 6.5210 6.5234 6.0837 5.1955 5.7639 5.5981 5.7737 5.4764 6.1022 6.1249 6.6836 6.0287 5.9597 5.5803 5.6530 5.1342 4.7743 4.6278 5.1501 4.7594 4.7363 
4.8378 5.7375 6.9638 7.0964 7.3539 5.9102 5.4252 5.3239 5.7902 5.6133 5.4626 5.3217 5.5680 5.7625 6.6250 5.9151 6.0274 5.9063 7.0979 6.2322 5.3665 6.0605 7.1202 6.0675 5.6046 
5.0883 6.3140 6.0800 6.7642 7.5907 6.4466 6.0348 5.3483 5.3321 5.1673 5.7619 5.3828 5.7804 6.3411 6.4474 6.5489 7.4677 7.5910 7.7628 7.6404 7.4272 6.1253 6.9721 6.7986 6.1563 
3.6120 7.0550 7.0892 6.4950 7.5151 5.8668 5.4346 5.3868 6.0868 5.6285 5.4483 5.7511 5.2233 5.6380 6.5155 6.1285 5.8241 5.7829 6.4654 6.1197 6.4707 6.0970 7.1835 7.1756 6.0819 
3.6372 6.4564 7.1587 6.1719 5.4865 5.4515 6.3465 5.9793 5.7968 5.8252 5.6795 5.6399 5.6827 6.0351 6.7860 5.7506 5.2542 5.0070 5.7160 5.7822 5.3752 4.9225 5.1973 5.3815 4.9478 
4.9200 6.6486 6.6982 6.2143 6.3995 5.9987 6.2389 5.6443 5.5110 5.0000 5.3031 5.3515 5.2817 5.8410 5.9496 5.2715 5.1953 4.9433 4.9593 5.3611 5.1731 4.9338 4.9438 4.8116 5.0732 
4.7186 6.4728 6.6086 6.8057 6.1625 5.1717 5.5391 5.0324 5.2039 5.3434 5.6996 5.7582 6.0823 6.4308 6.7171 6.6771 6.2974 5.8514 5.1467 6.0816 6.9474 6.6592 6.9518 7.2278 7.4341 
4.2017 5.7038 5.8481 5.6369 6.2928 5.5504 5.3033 5.6815 5.5080 5.5248 5.6801 5.5895 5.5531 5.9459 5.6237 5.7300 5.1748 5.5331 5.8097 6.7233 7.3953 7.5250 7.5329 7.9225 8.7256 
4.2328 5.4739 6.4232 6.8754 6.1475 6.1176 6.2396 5.6491 5.7503 6.4075 6.7219 7.5637 7.0454 7.2977 6.7347 6.4004 6.7416 6.1293 7.1006 7.6563 8.0466 8.0218 9.0811 9.7761 9.6950 
5.3123 6.3943 6.3113 6.0392 6.0016 5.2890 5.6139 5.3310 6.0400 6.0691 6.2617 6.5050 6.3495 6.2516 6.1938 6.3465 6.4635 6.4672 6.7073 7.6595 7.8453 8.0160 9.0753 9.3767 9.3197 
5.0754 5.7809 5.8046 5.7838 6.0679 5.2139 5.8049 5.6330 5.9187 5.9025 5.8609 6.1946 6.0957 6.4994 6.5184 6.4758 6.3919 6.0149 6.8652 7.1993 7.7623 8.1490 8.6866 9.0789 9.2854 
4.3414 5.0621 6.9849 7.1434 7.0429 5.1332 5.0563 5.2744 5.5068 5.6186 4.8268 5.2319 6.0477 5.7819 6.1891 6.5542 6.2010 5.8804 6.9104 7.4708 7.8188 7.9205 8.5071 8.7291 9.7722 
5.8651 5.9597 7.5896 8.4775 8.1300 8.1152 7.6520 6.9470 5.9934 5.8693 5.7093 6.0963 7.4342 7.7953 6.8449 6.6306 6.4977 6.5579 6.7728 7.2958 7.6038 7.4506 7.9380 8.2011 8.1290 
4.9445 6.6936 8.7295 8.8863 8.4563 9.5754 9.1651 9.2200 8.2332 7.8980 7.8866 8.2154 9.1343 9.9588 9.2818 8.9897 9.3821 8.6558 7.8064 7.6095 8.6289 8.9382 8.4813 8.2166 7.7361 
5.1565 6.2087 8.6584 8.6758 8.2495 9.0222 9.5388 10.0474 8.6916 7.9693 7.9861 8.3319 8.7829 9.9220 9.8213 9.6101 9.9509 9.2564 8.3605 7.8211 8.9534 9.1983 8.1419 7.8913 8.0604 
5.3355 6.4898 8.4811 9.0517 7.9715 9.3109 9.2680 10.3351 8.4627 8.1708 7.9529 7.9120 8.0550 9.1319 9.5130 9.7650 9.9192 8.7500 7.7982 7.3093 7.5774 7.7033 7.8311 7.4701 7.4952 
5.3225 7.1260 8.8450 9.4091 7.4577 8.9806 8.0897 9.5221 8.1843 7.5250 6.5575 6.6321 7.8021 8.9896 9.4500 9.5963 8.9970 7.5542 6.7886 6.8898 6.6612 7.4663 7.2762 7.4433 7.4765 
5.4244 6.6597 8.4209 8.7407 7.1806 7.1688 6.2342 7.0596 6.7609 5.9553 6.0361 6.1610 6.2161 7.1994 8.0534 7.9779 7.6008 6.6736 6.1447 6.3060 6.2818 6.8721 7.2943 7.7437 7.4738 
4.7120 6.1801 7.3633 7.0169 6.2231 5.6313 6.4395 6.9087 6.2966 6.1443 5.5378 6.0794 5.9185 6.2727 6.6245 6.3087 6.2335 5.3139 5.2203 5.0286 5.6632 6.3742 6.6772 6.7286 6.9059 
4.7061 6.9666 8.1334 7.5545 6.3450 4.5726 5.6750 6.0877 6.4359 5.7899 5.6223 5.3819 6.1700 6.4532 6.2278 6.1805 6.1274 5.6066 5.5821 5.4424 5.6889 5.8821 6.1323 5.9056 5.9895 
4.2677 6.1664 7.8069 7.4800 6.8226 5.7389 6.5069 6.5942 6.1488 5.9181 6.0739 8.3462 8.6912 8.8893 8.8380 8.3731 8.1171 7.6252 8.3909 8.0989 7.6462 8.2365 9.1355 8.9628 8.3217 
5.0515 6.0903 7.5769 7.1295 6.0719 6.5268 6.8143 6.4271 5.5000 5.9636 6.2647 6.3821 6.9830 6.4002 6.3799 6.6794 7.1218 6.8515 6.9659 6.9549 6.8075 7.3280 8.1985 7.9276 7.4849 
4.5519 5.2966 7.2388 6.7413 6.9434 6.7603 7.2075 5.9806 5.6200 5.8167 5.9754 6.1988 6.2994 5.8185 6.2166 5.9704 5.6113 5.5352 6.4167 6.4287 6.1427 6.2614 7.3106 7.2956 6.1857 
3.8196 6.0789 6.7930 7.2092 6.8563 6.8334 7.1215 7.2327 6.9946 7.4135 8.1290 8.8020 8.7419 8.1214 7.7295 7.1344 6.9626 6.1780 5.8672 6.1867 6.6105 6.5241 6.9908 7.0583 7.3446 
3.2424 5.6958 6.0201 6.7584 7.0291 6.7020 7.2835 6.3412 5.9915 5.5020 7.0219 7.9835 7.9406 8.1506 7.3449 7.8115 7.3605 6.3490 6.6783 7.3335 8.0020 7.8214 7.8189 8.4116 9.1813 
5.3754 6.1490 6.0943 6.8300 6.7192 6.2997 7.6219 6.5338 5.5817 5.7027 5.9540 6.6167 6.8045 7.0442 6.6964 6.8025 6.6634 6.0385 6.7709 7.1587 7.6579 7.5707 8.0819 8.1026 9.6147 
5.0568 6.8712 7.4188 7.1554 6.5138 6.2073 6.4744 5.9859 6.2139 5.3010 5.5256 6.1147 6.1449 5.8352 5.8187 5.9053 6.1015 6.1133 6.5975 7.2300 7.5167 7.8289 7.8178 8.5329 9.6413 
6.0699 6.7369 7.0673 6.6988 6.5208 6.0930 6.7728 5.9605 6.3831 5.7631 5.9316 6.1859 6.2979 5.9424 5.7528 6.0347 5.9607 6.0085 6.3288 7.2417 7.3788 7.4700 7.7908 8.5491 9.4043 
5.1527 6.3168 6.6983 6.5279 5.8038 6.8827 6.6411 5.6215 5.5998 5.6973 5.8868 5.5994 6.0219 6.1349 6.4577 6.4812 6.3646 6.0638 6.5060 6.8661 7.9391 8.0512 8.0844 8.7633 9.7080 
4.5452 5.8044 6.1648 7.2606 6.6256 5.9910 5.9524 5.4262 6.0731 5.7886 5.8421 5.7046 6.6181 6.2349 5.8658 6.3197 6.6432 6.4809 6.8324 7.4626 7.5118 7.5888 7.5774 8.2281 10.0123 
2.4789 3.5577 5.9385 7.1024 6.0791 6.5297 6.3440 5.6523 5.4054 5.5448 5.8058 5.9451 6.0187 6.3324 6.0503 6.3853 6.5557 6.5433 6.5059 7.0217 7.7575 7.9851 7.9167 8.7451 10.0709 
4.0483 5.5059 6.3418 5.9170 5.6327 5.9116 6.1445 5.3064 5.0327 5.5426 6.3039 6.4532 6.7693 5.5619 6.7613 6.8362 6.5024 6.7224 6.8079 7.2889 7.5292 7.8042 7.9767 8.5616 10.3323 
4.7349 5.5294 5.5790 6.0841 5.1228 4.9493 5.7660 6.0536 5.7543 6.1859 6.7884 7.2417 6.9704 6.9709 6.8472 6.9918 6.9432 6.4200 7.0014 7.3309 7.7768 8.0264 8.8390 9.2413 9.8844 
4.3288 5.4735 6.0746 5.7876 4.7554 4.7901 4.8060 5.5470 6.1238 5.6604 6.8027 7.1660 7.2068 6.9085 8.0933 7.6680 6.7192 6.3834 6.8807 7.5129 7.6342 7.9945 9.1762 9.4422 10.1722 
4.0366 5.5163 5.8247 5.3944 4.9433 5.2929 5.4066 5.2961 6.0850 5.4216 6.5531 6.7033 6.3915 6.5462 7.4081 7.5239 6.9126 6.0751 6.3972 6.9264 7.1478 7.6364 8.7639 8.9452 8.6958 
4.7036 5.6704 5.3233 6.2592 6.0092 5.1791 5.4082 5.7491 5.5805 4.9310 6.3846 6.5729 6.6268 6.5343 6.6144 7.2887 6.5562 5.8657 6.6698 6.9189 7.0171 7.1236 8.1215 8.2469 8.0582 
3.4485 5.3822 6.4242 5.4977 5.2960 5.1027 5.6730 6.1964 6.5523 5.8118 6.1186 6.2431 7.2151 7.6611 7.4538 7.1335 6.6456 5.9011 6.8707 7.2949 6.9365 6.6393 7.9596 8.0256 7.4857 
5.1343 6.7780 6.6447 5.7819 5.0175 5.0767 5.2302 5.6755 6.2128 5.2528 5.9706 5.6465 7.7025 7.2979 6.5980 6.5538 5.7815 5.7856 6.3569 6.2475 6.4304 6.5452 7.8691 7.9796 6.9498 
4.9608 6.5048 6.3001 6.7287 5.8319 5.1981 5.2335 5.9433 5.7299 4.5689 5.7131 6.5327 6.8647 5.8187 6.0899 6.2262 5.5162 5.5755 6.1719 6.1715 5.6336 5.7003 7.3961 7.6167 6.3356 
5.1313 6.2599 6.7794 6.2274 6.4301 5.0697 5.4908 5.3769 5.9543 5.8207 5.7682 5.4958 5.8096 5.4365 6.1617 5.8519 5.7472 5.2995 5.4555 5.7117 5.3260 5.5808 7.1410 7.0507 6.4428 
3.8640 5.9436 7.0059 6.6173 6.6217 5.6623 5.1712 5.3994 5.8144 5.5772 5.8445 5.6778 5.9900 5.8040 5.9987 6.0208 5.5922 5.2434 5.7575 5.6656 5.3746 5.6066 6.6888 6.4090 6.0844 
4.6768 5.8691 7.0429 6.8812 7.0436 5.3397 5.3050 5.6553 6.1107 5.3473 5.4738 5.5361 5.6361 5.2386 6.1692 5.9371 5.5011 5.2740 6.1329 5.9127 5.8945 7.3153 8.2459 7.8352 7.9060 
4.9572 6.3818 7.6551 7.3330 7.3719 5.5954 5.2596 5.8570 5.4768 5.7628 5.9495 5.5334 5.0696 5.0687 5.6244 5.5344 5.1820 5.0840 5.3501 5.4590 5.3640 5.0178 5.8564 5.6816 5.0806 
4.0882 5.9615 6.3916 6.9661 6.9767 4.9675 5.4616 5.5812 5.2217 4.7918 5.9049 6.8161 7.0170 6.2193 6.6326 6.8637 6.3544 6.4747 6.8106 6.8153 6.5051 6.8675 7.8206 7.8618 6.3991 
4.0716 5.9722 5.8410 7.0573 7.2816 6.0570 5.8011 5.5735 5.6074 5.1546 5.8780 6.7356 6.5114 6.1501 6.2813 6.5323 6.2700 6.3299 7.3651 7.2938 7.0768 7.3428 8.4524 8.2738 7.5492 
4.1174 5.9892 6.0853 5.9939 5.9121 4.7299 5.4012 5.5879 4.5825 5.0619 5.3802 5.8907 5.9252 5.9736 5.9212 5.6991 5.8125 5.9897 6.6686 6.4769 6.3104 6.7961 7.7416 7.2684 6.6173 
4.8201 6.1796 6.4669 6.9200 6.5761 5.2118 5.0724 4.2174 5.6564 5.7211 5.9577 6.1943 6.1681 5.5972 6.0160 6.1265 5.4793 4.8484 5.6072 5.9425 5.4228 5.4907 6.3571 6.2556 5.0381 
4.2132 6.3627 6.8527 6.3286 5.8390 5.2516 5.1135 5.6466 5.9805 5.8271 5.6212 5.6496 5.3425 5.2897 6.0751 6.0541 5.5992 5.4407 5.7239 5.6248 5.0073 5.3419 5.6619 5.0193 5.0145 
4.6454 5.5930 5.9679 6.4362 6.0411 3.8284 4.6596 5.6557 5.4857 5.3373 5.3523 5.4399 5.2244 5.3276 5.9752 6.4796 6.0815 5.4790 5.4954 5.3228 5.2319 5.0227 5.7694 4.9956 4.8940 
2.4415 3.1095 4.9921 5.9224 6.0995 5.7384 5.8207 5.7817 5.8310 5.6391 5.8138 5.7449 5.3677 5.4104 5.1554 6.2134 5.9183 4.9375 5.5479 5.1834 5.4132 5.4469 5.3570 5.1505 5.2082 
4.0414 5.8255 6.1431 5.6531 4.9169 5.5163 4.8695 5.7902 5.6558 5.8699 6.0007 6.0227 5.7878 5.9317 5.9922 5.7527 5.2644 5.2563 5.5878 5.4195 5.2592 5.0400 4.7900 4.8634 4.8963 
2.9593 4.7568 5.5919 6.0230 5.7896 5.1574 5.1703 5.3346 5.7212 5.5822 5.8536 5.6214 5.2244 5.4399 6.1284 5.6598 5.4432 4.9548 4.8166 5.6264 5.5620 5.4759 5.0291 5.0440 5.7449 
3.5966 3.9769 4.9477 5.8786 5.2185 4.9621 5.4259 5.3309 5.6367 5.9265 5.4654 5.9100 5.4313 5.3967 5.5930 5.7321 5.3746 5.0802 5.3524 5.2752 5.0087 5.1262 5.0653 4.8958 5.3528 
2.6735 3.9108 5.6815 5.8419 5.6953 4.7153 5.2253 5.7943 5.7184 5.7516 5.3641 4.9558 4.6051 5.2008 5.6558 5.2627 5.3922 5.0894 5.4166 5.5044 5.3664 4.9883 4.6286 5.0491 5.1954 
3.8008 5.1663 5.4956 5.6220 5.3231 5.3810 5.5954 5.7350 5.8661 5.2836 5.4018 5.6150 5.5564 5.4810 5.4912 5.6175 5.3369 5.1447 5.2126 5.1147 5.3059 4.7635 4.9940 4.8128 4.8227 
4.3095 5.2830 6.0448 6.2109 5.3322 4.8692 5.5582 5.7627 5.7616 5.7944 6.4072 6.7594 6.6194 6.2317 5.4266 5.6791 6.3489 6.4344 6.8634 6.6836 7.2791 7.0229 8.4538 8.3047 8.1421 
4.3968 5.9982 6.6737 6.0896 5.5898 5.0183 5.5496 5.2097 5.2247 6.1418 6.5679 7.2311 6.5625 7.0642 8.0975 7.7056 6.6793 5.7029 6.8640 6.9216 6.8908 7.0787 8.2227 8.4800 8.4346 
3.6963 5.0237 5.8005 5.8779 5.1590 4.8479 4.8056 5.3496 5.8546 5.7257 5.6843 5.6620 5.3916 6.1385 6.4253 6.6999 5.8996 5.4485 6.2696 6.1261 6.1553 6.8080 8.7010 8.3762 8.0383 
4.2788 5.7958 5.8020 5.1890 4.0841 4.4383 4.7577 5.2234 5.7644 5.3222 5.8834 5.6350 5.6001 5.8727 6.0580 5.5825 6.0497 6.1544 6.5425 6.2293 7.1046 7.3940 8.8952 8.6424 8.0403 
4.0555 5.6214 6.0527 6.6419 5.8570 5.1087 4.9745 5.0499 5.6132 5.7744 6.2815 5.8419 6.6663 7.0554 6.0980 5.8306 6.0563 6.3726 7.1388 6.6628 6.2309 7.1943 8.6457 8.7760 8.2344 
4.9637 6.2525 6.0712 6.0623 5.1536 4.2573 4.9609 5.4925 5.5063 5.7696 5.5407 5.7562 7.6291 7.9816 6.0774 6.2691 6.4722 5.7160 7.1248 7.2610 7.1405 6.7532 8.4782 8.3263 8.0258 
4.7035 5.5375 5.8300 5.6748 5.4474 4.5624 4.8628 5.7949 5.8817 5.7958 5.4028 6.3015 7.6075 6.5459 5.4553 6.2000 6.9585 6.4463 7.4120 7.0510 6.8677 6.9568 8.1051 8.1750 7.6499 
3.9359 4.7541 5.6295 5.7542 5.1826 5.0072 5.1859 5.6540 5.5118 5.4485 5.6103 5.7899 6.2571 5.8022 5.6806 5.6224 6.1093 5.7876 7.0607 6.8615 6.4361 6.4078 7.9736 8.0544 7.2313 
3.9258 5.4522 5.9691 5.9028 5.5123 4.3048 5.1725 5.3697 5.4098 5.2692 5.6676 5.7815 5.3866 5.9203 5.9709 5.4551 5.7623 5.8029 7.1309 6.4265 5.5902 6.1824 7.5227 7.5589 7.2811 
4.4807 5.7900 5.9056 5.5737 5.0519 4.5235 4.8172 5.3619 5.3981 5.1216 5.5585 5.5014 5.5356 5.6734 5.8149 5.3794 5.6936 5.0296 5.6376 5.5550 5.3001 6.2770 7.1126 7.5142 7.0155 
3.3773 5.7865 6.4249 6.2773 5.3795 4.7275 4.6934 4.8357 5.1044 5.3617 5.4959 5.3543 5.4247 5.1939 5.3853 5.5141 5.5411 5.1026 5.7066 5.1801 5.0546 6.4020 7.2198 6.8570 7.2402 
4.9234 6.0941 6.3210 5.7347 4.9254 4.8359 5.1750 5.0666 4.9111 5.1186 6.0495 5.2012 5.4730 5.4270 5.2789 5.2135 5.4447 5.1583 4.9192 5.1426 5.2686 5.4425 5.5983 5.5894 5.5841 
5.1254 6.0276 5.6265 6.0552 5.5653 4.4734 5.5982 5.9540 6.2669 6.1782 5.9425 7.9381 8.3911 8.4968 9.0122 8.0905 8.3212 7.5032 8.3002 8.0696 7.6892 8.1247 9.2326 9.0144 8.1730 
3.8667 5.5264 5.6154 5.3927 4.8750 4.2255 5.2520 5.4893 5.6026 5.1969 5.6742 6.5992 7.0198 7.3248 7.0297 6.8334 6.1586 6.2998 7.5831 7.1745 7.2103 7.0596 8.1878 8.2951 7.7129 
4.7407 6.0760 6.3209 6.1629 4.6092 4.7293 4.8901 5.0513 5.3019 4.8284 5.4301 5.8901 6.0680 5.8971 6.0131 5.9581 5.5490 5.3339 5.8713 6.2643 6.1280 6.1233 7.1598 6.7681 6.0501 
4.7727 5.8247 5.7907 6.5608 5.6540 4.0467 5.1851 5.1175 5.8382 5.7218 5.4673 5.6897 5.4327 5.6377 5.6595 5.6976 5.2062 5.2351 5.3599 5.4952 5.0775 5.3683 6.3871 5.8336 4.7970 
4.5287 5.0810 4.7148 5.7923 4.9724 4.0753 5.1355 4.9503 5.3907 5.4056 5.7739 5.3096 5.5906 5.0492 5.5144 5.7310 5.3061 4.8456 5.7936 5.4455 5.0850 4.9746 5.6194 4.9014 4.7121 
4.0333 4.4080 4.9323 5.8843 5.6830 5.2215 5.6891 5.1664 5.3595 5.4707 5.3132 5.3250 5.3512 5.2114 5.8473 5.9897 5.9996 5.5354 6.1914 5.9041 5.7166 5.6758 6.8898 5.9351 5.7688 
4.8300 5.0051 6.0045 6.1601 5.5563 5.3462 5.9071 4.8014 4.9286 5.0166 5.2614 5.6198 6.1604 6.1164 5.7561 5.4919 5.4285 5.7320 6.0557 5.5812 5.3129 5.4925 6.5842 6.0790 5.6789 
4.9647 6.2107 6.3232 6.1634 5.2434 4.3184 5.6782 4.7585 4.9748 5.1624 5.2926 5.4958 6.2287 6.4056 6.0850 5.9961 5.6765 5.3221 5.4951 5.2216 5.3207 5.4276 6.4142 6.3555 5.5934 
2.7899 5.6616 6.0088 5.7932 5.1605 5.5147 5.9003 5.4575 5.8435 5.3131 5.1474 5.5534 6.0758 6.3356 5.6988 5.5638 5.4135 4.9612 5.1504 4.7936 5.0851 4.9224 4.7901 4.4651 4.4806 
4.4705 6.0053 5.5693 5.7084 4.6704 4.6061 6.4377 6.0155 5.5609 4.8817 4.9630 5.3309 5.6691 6.7582 6.0302 5.7906 5.5248 5.0722 5.0567 4.9059 4.7165 4.8160 4.3785 4.4265 4.3258 
4.4388 6.0037 5.6598 5.9694 5.2220 5.0649 5.4753 5.5720 5.1730 5.1553 5.4530 5.6910 6.1958 6.2275 6.0148 5.3946 5.2196 4.9543 5.2619 5.1445 4.9906 5.1235 4.6839 4.5960 4.4507 
1.9369 2.8318 2.6573 3.0936 2.4346 2.2514 2.9127 2.8835 2.7058 2.9649 3.4600 3.8864 4.5922 4.7073 4.4313 3.9864 4.0297 3.9537 4.3424 4.2992 4.3058 4.5575 4.2177 4.1991 4.0542 
-0.9276 -0.3019 -0.3209 0.2360 -0.3627 -0.3529 0.4977 0.4396 0.3738 0.8527 1.5649 2.1906 3.0070 3.2283 2.9528 2.7467 2.9032 2.9835 3.4682 3.5049 3.6571 4.0349 3.8128 3.8753 3.7762 
-3.9376 -3.4234 -3.2970 -2.6196 -3.1543 -2.8707 -1.8873 -1.8624 -1.8538 -1.1873 -0.2907 0.5506 1.4300 1.7695 1.5535 1.5810 1.8002 2.0323 2.6217 2.7480 3.0337 3.5326 3.4313 3.5851 3.5654 
-7.0421 -6.5594 -6.2736 -5.4753 -5.9272 -5.3395 -4.2581 -4.1017 -4.0124 -3.1431 -2.1173 -1.0623 -0.1412 0.3225 0.1877 0.4487 0.7100 1.0973 1.7959 2.0240 2.4289 3.0415 3.0602 3.3061 3.3832 
-10.2149 -9.7300 -9.2461 -8.3301 -8.6609 -7.7711 -6.6158 -6.3248 -6.1454 -5.0382 -3.9174 -2.6611 -1.7083 -1.1141 -1.1535 -0.6692 -0.3707 0.1766 0.9852 1.3137 1.8340 2.5572 2.6946 3.0319 3.2138 
-13.4179 -12.9476 -12.2029 -11.1811 -11.3310 -10.1751 -8.9611 -8.5460 -8.2680 -6.9018 -5.6912 -4.2514 -3.2719 -2.5415 -2.4755 -1.7803 -1.4437 -0.7316 0.1858 0.6104 1.2461 2.0778 2.3328 2.7604 3.0512 
-16.5892 -16.2087 -15.1291 -14.0226 -13.9264 -12.5615 -11.2951 -10.7673 -10.3654 -8.7462 -7.4391 -5.8358 -4.8298 -3.9587 -3.7831 -2.8872 -2.5099 -1.6290 -0.6049 -0.0876 0.6641 1.6022 1.9738 2.4912 2.8931 
-19.6810 -19.4766 -18.0122 -16.8462 -16.4578 -14.9376 -13.6195 -12.9875 -12.4073 -10.5768 -9.1618 -7.4153 -6.3741 -5.3631 -5.0799 -3.9910 -3.5695 -2.5171 -1.3888 -0.7816 0.0876 1.1297 1.6174 2.2242 2.7384 
-22.6300 -22.7802 -20.8519 -19.6403 -18.9471 -17.3068 -15.9364 -15.2037 -14.3856 -12.3999 -10.8610 -8.9903 -7.9037 -6.7573 -6.3680 -5.0918 -4.6222 -3.3973 -2.1670 -1.4722 -0.4841 0.6600 1.2635 1.9592 2.5866 
-25.1080 -25.5780 -23.6599 -22.3937 -21.4144 -19.6702 -18.2476 -17.4122 -16.3060 -14.2189 -12.5392 -10.5612 -9.4224 -8.1453 -7.6483 -6.1897 -5.6669 -4.2707 -2.9404 -2.1601 -1.0513 0.1928 0.9120 1.6961 2.4373 
-27.0250 -26.9437 -26.4085 -25.1976 -23.8824 -22.0298 -20.5541 -19.6079 -18.1764 -16.0334 -14.1995 -12.1280 -10.9294 -9.5287 -8.9209 -7.2846 -6.7022 -5.1381 -3.7096 -2.8455 -1.6145 -0.2720 0.5629 1.4351 2.2905 
-26.9212 -26.8786 -26.7718 -26.3304 -26.0234 -24.4193 -22.8634 -21.7831 -20.0128 -17.8418 -15.8451 -13.6908 -12.4220 -10.9075 -10.1853 -8.3766 -7.7270 -6.0004 -4.4750 -3.5287 -2.1739 -0.7345 0.2162 1.1760 2.1459 
-26.1164 -25.6056 -26.1461 -26.1435 -26.6497 -26.7091 -25.2780 -23.9501 -21.8323 -19.6421 -17.4788 -15.2500 -13.8976 -12.2820 -11.4405 -9.4658 -8.7402 -6.8584 -5.2370 -4.2098 -2.7297 -1.1948 -0.1280 0.9189 2.0035 
-25.5349 -28.1314 -25.4928 -26.1612 -25.4021 -25.0805 -25.3987 -25.4150 -23.5825 -21.4151 -19.1027 -16.8056 -15.3552 -13.6524 -12.6853 -10.5523 -9.7413 -7.7124 -5.9959 -4.8890 -3.2822 -1.6528 -0.4698 0.6637 1.8631 
-24.4952 -25.3014 -24.8685 -24.5952 -24.3717 -24.3702 -25.1395 -25.3991 -24.5220 -23.0948 -20.7158 -18.3572 -16.7953 -15.0187 -13.9185 -11.6362 -10.7301 -8.5628 -6.7519 -5.5662 -3.8316 -2.1088 -0.8091 0.4104 1.7247 
-24.0370 -23.9946 -24.4185 -23.8819 -24.5283 -23.6505 -24.0532 -23.7055 -23.6043 -23.8973 -22.2223 -19.8925 -18.2181 -16.3811 -15.1385 -12.7179 -11.7068 -9.4098 -7.5052 -6.2413 -4.3779 -2.5626 -1.1459 0.1591 1.5882 
-24.2602 -24.1060 -24.2028 -23.4806 -23.2793 -22.8739 -23.5311 -23.5705 -23.1446 -23.5611 -23.1172 -21.3799 -19.6318 -17.7372 -16.3440 -13.7972 -12.6718 -10.2536 -8.2560 -6.9143 -4.9213 -3.0142 -1.4802 -0.0902 1.4534 
-23.4554 -22.8739 -22.9384 -23.0464 -22.2376 -22.6062 -22.8106 -22.6343 -22.7917 -22.6200 -22.8350 -22.6131 -21.0490 -19.0767 -17.5354 -14.8745 -13.6256 -11.0941 -9.0044 -7.5851 -5.4619 -3.4638 -1.8121 -0.3376 1.3205 
-23.5670 -22.7981 -21.9193 -21.4698 -22.1644 -21.9884 -22.0867 -22.4512 -22.2810 -22.9226 -22.5410 -22.0868 -22.0868 -20.4845 -18.6942 -15.9488 -14.5686 -11.9312 -9.7505 -8.2534 -5.9998 -3.9112 -2.1415 -0.5829 1.1892 
-inf -21.7465 -21.7587 -21.1967 -21.3831 -21.5561 -21.7021 -21.5270 -21.9238 -21.3553 -21.3749 -21.4566 -21.2106 -21.1657 -19.8068 -17.0205 -15.5024 -12.7649 -10.4944 -8.9190 -6.5349 -4.3566 -2.4685 -0.8262 1.0595 
-21.4573 -21.2134 -21.4260 -21.3978 -20.8267 -21.0502 -20.9401 -20.6239 -20.7311 -20.4849 -20.9646 -20.9169 -20.7605 -21.0019 -20.5391 -18.0794 -16.4269 -13.5953 -11.2362 -9.5817 -7.0674 -4.7999 -2.7930 -1.0675 0.9314 
-20.7944 -20.7558 -20.1785 -20.4093 -21.1084 -20.5278 -20.0604 -20.2756 -19.8908 -20.2241 -21.4562 -20.5750 -20.0772 -20.0304 -20.2417 -19.0745 -17.3442 -14.4219 -11.9760 -10.2411 -7.5972 -5.2411 -3.1152 -1.3066 0.8049 
-20.3890 -19.5671 -19.9049 -19.3358 -19.8410 -18.9295 -19.3532 -19.7207 -18.8036 -19.1682 -20.1350 -19.9191 -19.3236 -19.2283 -19.5483 -19.4698 -18.1256 -15.2369 -12.7140 -10.8970 -8.1244 -5.6802 -3.4350 -1.5437 0.6798 
-20.1013 -19.8136 -19.5066 -18.7884 -19.8518 -18.8226 -18.6301 -18.6181 -18.8142 -18.8827 -19.2948 -19.3137 -18.6834 -18.6682 -19.2006 -19.2423 -18.5246 -16.0471 -13.4511 -11.5495 -8.6490 -6.1172 -3.7525 -1.7785 0.5561 
-20.1013 -19.7020 -19.0476 -17.9980 -18.1898 -17.8219 -17.9561 -18.2314 -18.3621 -18.7426 -18.2831 -18.8784 -18.2353 -17.8780 -18.4878 -18.4685 -18.2226 -16.8082 -14.1807 -12.1968 -9.1710 -6.5521 -4.0678 -2.0112 0.4339 
-18.0218 -18.0015 -17.3191 -17.2054 -17.3140 -18.4526 -17.6937 -17.4971 -17.2242 -17.4424 -18.2674 -18.2194 -17.6997 -17.7041 -17.8611 -17.6609 -17.7607 -17.3252 -14.9024 -12.8360 -9.6904 -6.9849 -4.3808 -2.2415 0.3130 
-17.3287 -17.2529 -17.6160 -16.7918 -17.2749 -16.9424 -16.8582 -17.5278 -16.6696 -16.5741 -16.9468 -17.2807 -16.8428 -16.7928 -17.1781 -17.2226 -17.4140 -17.1329 -15.5633 -13.4704 -10.2077 -7.4156 -4.6917 -2.4696 0.1934 
-16.6355 -16.3917 -16.7553 -15.9116 -17.5518 -16.6868 -16.4604 -16.4136 -16.5452 -16.6362 -16.8633 -17.0609 -16.6943 -16.7380 -16.7467 -16.3980 -16.6397 -16.2610 -15.9135 -14.1033 -10.7213 -7.8441 -5.0004 -2.6953 0.0751 
-15.7192 -17.7341 -15.9741 -15.9696 -15.5352 -15.5850 -15.8638 -15.4946 -15.3075 -15.6025 -16.0093 -16.1802 -15.7862 -15.3541 -16.2726 -16.3758 -15.9372 -15.3514 -15.7416 -14.7509 -11.2298 -8.2708 -5.3071 -2.9187 -0.0420 
-15.2189 -14.6241 -14.8438 -15.0862 -14.7200 -17.2641 -15.0214 -15.1626 -14.7313 -14.6688 -15.5907 -15.2079 -14.8486 -15.5193 -15.5022 -15.4401 -15.4714 -15.5624 -15.2883 -14.8521 -11.7362 -8.6946 -5.6118 -3.1396 -0.1578 
-14.5561 -14.5561 -14.6758 -15.1925 -13.9902 -14.0014 -14.8576 -15.1939 -14.3191 -14.4168 -14.6256 -14.5825 -14.9424 -14.9326 -15.1504 -14.5439 -14.4943 -14.3138 -14.5708 -14.3103 -12.2487 -9.1150 -5.9146 -3.3581 -0.2724 
-inf -14.2684 -13.8191 -13.8277 -16.1655 -13.5408 -13.7673 -14.1777 -13.9326 -13.6045 -13.9588 -14.2318 -14.0244 -14.0031 -14.1336 -13.8489 -13.8206 -14.0430 -13.9536 -14.0019 -12.7278 -9.5382 -6.2155 -3.5740 -0.3858 
-12.4689 -13.0940 -12.7330 -12.6000 -13.6562 -12.7671 -12.9192 -13.2522 -13.2568 -13.7612 -13.7661 -13.5511 -13.4035 -13.3091 -13.3586 -13.2574 -13.2011 -13.1453 -13.2693 -13.3310 -12.9207 -9.9619 -6.5146 -3.7875 -0.4980 
-13.8629 -13.4637 -12.6162 -12.6134 -11.7288 -13.4800 -12.8965 -12.9776 -12.6034 -12.2571 -12.4720 -13.0946 -12.2564 -12.7353 -13.3871 -12.7864 -12.8038 -12.8830 -12.9671 -12.5803 -12.6367 -10.4151 -6.8112 -3.9984 -0.6091 
-11.7532 -11.3780 -12.7440 -11.7535 -11.6541 -12.1536 -11.9415 -12.1620 -11.4984 -11.4631 -12.4387 -12.1580 -11.7189 -11.7461 -12.1048 -11.8533 -11.5972 -12.3530 -12.3509 -12.0162 -12.0893 -10.7162 -7.1111 -4.2068 -0.7189 
-inf -11.6542 -11.4356 -11.1683 -11.3125 -10.9609 -11.6429 -10.9314 -11.0315 -10.9852 -10.6704 -10.9018 -11.0950 -11.2837 -11.5783 -11.2168 -11.2941 -10.8824 -10.9989 -11.2295 -11.3136 -10.7459 -7.4088 -4.4129 -0.8277 
-10.6849 -10.0120 -10.0423 -11.0475 -10.8376 -10.5088 -11.0512 -10.3169 -10.1730 -10.5591 -10.5072 -10.8330 -10.5031 -10.6192 -10.6812 -10.8698 -10.5889 -10.3188 -10.4859 -10.6161 -10.7176 -10.1550 -7.7159 -4.6158 -0.9353 
-inf -10.8027 -10.3972 -10.3972 -10.1740 -9.5670 -10.1333 -10.0354 -10.0231 -9.4859 -10.3075 -10.4399 -10.4260 -10.4437 -10.8262 -10.2143 -10.1435 -10.2545 -10.1897 -10.0231 -10.0700 -9.8871 -7.9860 -4.8151 -1.0418 
-8.3178 -9.2282 -9.5863 -9.5290 -9.5571 -9.3499 -9.3335 -9.1541 -9.0971 -9.7490 -9.7057 -9.7892 -9.2641 -9.0981 -9.5033 -9.3897 -9.2319 -9.6931 -9.2554 -9.0222 -9.4749 -8.9466 -8.0041 -5.0094 -1.1471 
-8.2875 -9.0109 -9.7041 -8.3636 -8.8639 -8.1872 -8.3421 -8.3599 -8.4338 -9.0988 -9.3245 -8.9111 -8.5824 -8.7021 -8.7723 -8.6210 -8.5713 -8.2155 -8.6456 -8.6619 -9.0347 -8.5413 -7.9582 -5.1799 -1.2512 
-8.2875 -8.1884 -8.4093 -7.8990 -7.7130 -8.7064 -7.9023 -8.2915 -7.6919 -7.9207 -8.4983 -8.7509 -7.9013 -8.1041 -8.3128 -8.0884 -7.9311 -7.7841 -7.8627 -7.5096 -8.0494 -8.0738 -7.6044 -5.3930 -1.3540 
-6.9315 -8.0301 -7.4015 -7.4995 -7.1939 -7.1152 -8.1222 -8.0301 -7.2104 -6.3494 -7.9327 -7.6798 -7.6055 -7.5243 -7.6048 -7.3108 -7.3867 -7.3303 -7.4856 -7.3106 -7.4744 -7.2196 -7.2671 -5.6219 -1.4545 
-7.2192 -6.7353 -6.3144 -6.3284 -6.4546 -6.5672 -6.7108 -7.4239 -6.8964 -6.7472 -7.3980 -7.1697 -6.8560 -6.9386 -6.8372 -6.9738 -6.8769 -6.9527 -6.7709 -6.6533 -6.7679 -6.5211 -6.6926 -5.7388 -1.5553 
-5.5374 -6.9904 -6.2600 -5.9986 -5.4767 -6.6951 -6.3287 -6.0183 -6.0301 -6.3428 -6.6817 -6.1525 -5.9466 -5.8073 -6.2735 -6.0352 -6.2488 -5.7909 -6.1270 -5.8674 -5.7147 -5.8451 -5.9426 -5.3075 -1.6551 
-5.3220 -4.9548 -5.0903 -4.6620 -4.7910 -5.2765 -4.6692 -6.0868 -5.3486 -6.1278 -5.5539 -6.4896 -5.3755 -5.5237 -5.4532 -5.5553 -5.4019 -5.1646 -5.0324 -4.9889 -5.3209 -5.2650 -5.0061 -4.8376 -1.7518 
-5.5452 -4.4234 -4.5828 -4.0315 -4.0412 -5.3088 -4.8602 -4.3000 -4.8560 -5.1557 -4.8197 -5.1206 -5.3425 -4.5393 -4.3054 -4.9602 -4.8329 -4.5902 -4.9952 -4.4459 -4.7437 -4.6203 -4.0645 -4.2602 -1.8465 
-4.1286 -4.0295 -4.1806 -4.4380 -3.5301 -5.0449 -4.5783 -4.3925 -4.2123 -4.1362 -4.0685 -4.4742 -4.2636 -4.0520 -4.0189 -3.9159 -4.1084 -4.3246 -4.0408 -4.1693 -4.3262 -4.2914 -4.1669 -3.9931 -1.9402 
-4.8520 -3.6830 -2.8322 -2.7501 -3.1218 -3.2338 -3.8356 -3.9031 -2.9113 -2.9833 -3.4707 -3.8558 -3.6755 -3.1242 -3.5309 -3.5088 -3.6328 -3.5048 -3.4944 -3.6380 -3.3239 -3.1260 -3.3781 -3.3754 -1.8860 
-2.7423 -2.7726 -3.0400 -2.2767 -1.8307 -2.8184 -2.6792 -2.6723 -2.4015 -3.5466 -2.5106 -2.6353 -2.6428 -2.6994 -2.7265 -2.6784 -2.7050 -2.5272 -2.7382 -2.6949 -2.8649 -2.7645 -2.6355 -2.5339 -1.7829 
-3.4657 -2.0037 -1.8563 -1.9636 -1.9875 -1.8050 -2.0731 -1.8294 -2.1213 -2.4824 -1.8469 -2.3310 -2.0604 -1.7531 -2.6802 -2.2622 -2.1345 -2.1976 -2.4276 -2.2397 -2.1743 -2.0288 -1.8049 -1.9309 -1.6808 
-1.3560 -1.7918 -1.0098 -1.4379 -1.2251 -1.7762 -1.7622 -1.1449 -1.5987 -1.6264 -1.8589 -1.5902 -1.4622 -1.4767 -1.5055 -1.8193 -1.5867 -1.7176 -1.4855 -1.7238 -1.5331 -1.3348 -1.3735 -1.2718 -1.4591 
-0.5816 -1.0986 -0.7370 -0.6916 -1.2629 -1.1781 -0.6030 -1.3604 0.1223 0.0153 -1.2394 -1.1551 -0.6054 -0.6252 -0.5559 -0.9201 -1.0375 -0.6426 -0.5552 -0.6969 -1.0081 -1.0473 -0.3179 -0.5909 -0.6306 
0.0303 -0.0589 -inf -0.0309 0.0927 0.5346 -0.2841 0.1217 0.2547 -0.4235 -0.6402 -0.5931 0.0784 0.3362 0.2031 -0.1312 -0.5289 -0.0360 0.1413 0.0478 -0.3275 -0.0186 -0.0706 -0.0420 -0.2789 
-0.6931 -0.4055 0.8814 0.4313 0.3145 0.7577 0.0274 0.6266 1.0966 1.0969 0.5015 0.1981 0.8588 0.7032 0.3500 0.2997 0.3326 0.5616 0.5492 0.1928 0.4363 0.4930 0.4153 0.3116 0.4635 
1.3863 1.4902 0.9163 0.6242 0.8738 -0.1823 0.7732 0.9105 1.4102 1.4892 1.1457 1.1172 1.2609 1.2527 1.2875 0.9855 0.6946 0.2538 1.1121 0.9051 1.0301 1.5544 1.4675 1.3670 1.3998 
-inf 2.1376 1.4436 1.7859 1.9363 2.6015 1.8349 1.8204 1.6336 1.6278 2.0920 1.6056 1.9167 2.1980 1.8791 1.7291 1.6666 1.7026 1.5931 1.8228 1.6460 1.8717 1.8755 1.6255 1.5691 
1.3863 -inf 2.8842 2.7178 2.9919 2.8865 2.7444 2.5589 3.0172 2.7475 2.1556 1.9420 1.9772 2.2928 2.5606 2.6620 2.1453 2.1300 2.3230 2.4155 2.1172 2.4633 2.3939 2.3265 2.3570 
2.0794 3.5043 2.8842 3.2034 3.5748 2.3843 2.3671 3.1558 3.7090 3.2895 3.3095 3.1885 3.1762 3.0074 2.6197 2.7424 2.9327 2.8026 2.8439 2.6137 2.9920 3.1877 3.1299 2.8135 2.9330 
4.2247 4.2882 4.3471 4.1200 3.7021 4.6147 4.0155 3.6231 3.9788 4.5323 3.8602 3.2074 3.4956 4.1321 4.0504 3.9734 3.7351 3.6319 4.0374 3.8549 3.6150 3.9708 4.1536 3.9659 3.9706 
2.7726 3.0603 -inf 4.5754 3.5538 4.2542 4.5266 4.3762 4.7466 4.9999 4.7646 4.3942 4.4933 4.9276 4.5760 4.3580 4.1815 3.9478 4.4264 4.5884 4.5587 4.6277 4.4262 4.2471 4.4551 
5.5755 3.7534 5.0403 5.3214 5.6019 5.3197 5.4780 5.4571 5.6528 5.7894 5.0467 4.4839 4.3226 5.4314 5.3713 5.1289 4.8405 4.8586 5.2208 5.3506 4.6877 5.2642 5.1653 5.2310 5.1710 
6.2686 5.8632 5.5452 5.9357 5.6329 6.1056 6.2294 5.6829 6.5923 6.4649 5.7276 5.7956 6.2188 5.6296 5.6098 5.4965 5.9122 6.1432 5.9276 5.7038 5.5735 5.8081 5.6394 5.3950 5.4757 
5.5452 6.2383 6.7979 6.8627 6.6346 6.1693 6.6611 6.3409 6.8347 6.6073 5.5024 6.1520 6.3600 6.6464 6.3140 6.4389 6.9318 6.3256 6.2506 6.3001 6.5456 6.2535 6.1545 6.3831 6.3134 
7.0430 6.8726 6.8876 7.2435 7.2558 7.2990 7.6500 7.2073 7.9178 7.8748 6.9082 6.9603 7.1849 7.0718 6.9539 6.9255 6.7688 6.9489 7.0304 7.0072 7.1095 7.5046 7.4032 7.3709 7.1599 
7.6246 7.2192 6.2383 7.8343 8.4206 8.1291 8.2872 7.4733 7.7213 8.3179 7.8141 7.3158 7.8911 7.8036 7.8366 7.7786 7.7065 7.6985 7.9417 7.7716 7.4519 7.9890 8.0159 7.4608 7.6793 
8.3836 8.4471 8.9349 8.6948 8.3343 8.6054 8.9556 8.7929 8.5504 8.9464 8.4287 7.9169 8.2859 8.3062 8.0820 8.6018 8.4948 8.2755 8.6068 8.5834 7.9491 8.4818 8.4603 8.4078 8.5704 
9.7118 9.0495 8.7618 9.6188 9.1116 9.3108 8.2604 8.9134 9.6662 9.2316 8.8811 9.0002 9.1475 8.8834 9.1830 9.1248 9.2046 9.0191 9.1989 9.1094 8.8393 9.3848 9.1774 8.9250 9.2249 
9.7698 9.5217 9.0109 9.7686 10.1279 10.1843 10.2229 10.0734 9.8566 10.4109 8.9475 9.3578 9.1512 9.5919 9.8714 9.8639 9.5764 9.6894 9.7612 9.6774 9.7248 9.8662 9.9421 10.1737 9.9468 
10.3972 10.0221 10.3972 10.9275 9.9660 10.2176 11.0447 10.4765 10.1472 10.6367 10.4431 9.7200 10.2141 10.2910 10.3589 10.6090 10.3875 10.4334 10.4793 10.5792 10.1093 10.6207 10.4832 10.2112 10.2513 
9.0109 11.4958 11.4088 11.1883 11.2314 11.6404 11.0622 10.6849 10.1560 11.1283 11.2247 10.9595 11.0773 11.0217 10.8519 10.7239 10.6500 11.2348 11.4153 11.4501 10.9789 11.2192 11.0366 11.0693 11.0532 
9.7041 10.6849 11.4958 11.3267 11.0214 11.0904 11.8797 12.2301 11.7421 12.2381 11.3759 11.5458 11.4601 12.0260 11.6668 11.6003 11.8700 11.7200 11.6063 11.8687 11.3398 11.8765 11.7693 11.7623 11.9621 
-inf 12.8890 12.0066 11.7145 11.3780 12.6728 12.0394 12.6543 12.6248 12.5718 12.2797 11.9467 11.8105 12.1563 12.1373 12.4988 12.6180 12.6073 12.6028 12.4453 12.3273 12.2904 12.2743 12.6546 12.5284 
13.1698 13.1698 13.1698 12.8131 13.3377 12.1877 13.1378 13.6870 13.8204 13.5980 13.0592 12.8390 13.2114 13.2732 12.8679 12.8216 12.8743 12.8469 12.8496 13.0248 12.9919 13.1999 13.0539 12.8032 12.9004 
13.9505 -inf 13.8629 14.0750 14.3593 12.9467 14.3291 14.1408 14.0495 14.0844 13.9287 13.6949 13.6538 13.7398 13.6510 13.5208 13.6483 13.7853 13.8017 13.6328 13.6798 14.0666 13.8849 13.5458 13.6882 
11.7835 13.5691 14.3800 14.5729 14.3444 14.5873 14.8204 14.5275 14.6976 14.1548 13.9707 14.0436 14.0657 14.6757 14.3409 14.4608 14.5436 14.1477 14.2216 14.2396 13.9849 14.6504 14.6003 14.3436 14.7046 
14.2684 15.2936 14.5561 15.2379 15.3608 15.0624 14.3008 14.7554 15.1997 15.2879 14.1537 14.2312 14.9421 15.1186 15.2581 15.0474 14.9202 14.8219 15.1373 15.0928 14.5731 14.9613 14.9134 15.0844 15.5646 
13.1698 15.9965 15.6649 15.5936 15.4590 15.8152 15.9554 15.6170 15.9213 15.5763 15.0708 15.0960 16.0586 15.9759 15.5471 15.7644 15.6094 15.5012 15.5263 15.4011 15.3231 15.6391 15.7323 15.9560 15.9323 
16.6528 15.5369 16.3479 15.7399 15.7601 16.4226 16.9999 16.3164 15.7001 15.8217 15.8231 15.7887 16.1862 16.4690 15.9315 16.3432 16.0548 15.9169 15.9333 16.2632 15.6868 16.2903 16.2873 16.3640 16.4526 
17.3460 17.3590 17.6051 16.4816 16.0965 16.7001 15.7088 16.7533 16.6591 16.6342 16.6701 16.3796 16.5374 17.0081 16.5763 16.7782 16.8489 16.5851 17.0581 17.2336 16.8483 17.1376 16.9709 17.0016 16.7796 
17.0410 17.4828 18.0218 18.0245 17.8055 17.0185 17.4312 17.5506 17.6515 17.9501 17.2160 16.9192 17.4346 17.4298 17.2714 17.4097 17.3790 17.2362 17.4884 17.7002 17.4852 17.6035 17.6225 17.7145 17.5212 
-inf 18.4273 18.2450 15.7192 17.5110 18.4533 18.6337 18.6118 18.3050 18.4917 17.7780 17.8010 18.1652 18.5433 18.2306 18.2339 17.9777 17.6942 17.9402 18.0538 17.8805 18.2225 18.5433 18.3179 18.2636 
16.6355 17.6164 19.1962 18.7760 18.2553 19.2344 19.4487 18.7936 18.7301 18.2743 18.5203 18.4455 18.4367 19.0568 19.1252 18.9507 18.8035 18.8900 18.9459 18.7227 18.6765 19.3138 19.1072 19.0143 18.8095 
18.4273 19.8136 20.0330 18.7478 19.2258 19.9762 20.1815 20.3364 19.7264 18.2354 19.1435 18.9816 19.5568 19.7151 19.9290 20.1330 19.4471 19.4767 19.3127 19.4528 19.7107 19.9978 19.6934 19.7995 19.8398 
20.7945 20.1216 18.7150 20.8678 20.2060 20.8218 20.3800 20.9738 20.8108 20.3456 19.7243 20.3328 20.3946 20.3336 20.1897 20.6772 20.2393 19.8865 20.4231 20.4342 20.2108 20.3736 20.4014 20.5231 20.3657 
20.7944 21.1410 21.3028 21.3759 21.3696 21.6114 21.2450 20.9073 21.0343 20.4128 20.5929 21.0064 21.1136 20.7890 20.9341 20.9714 20.3517 20.5082 20.7668 20.8359 20.7485 21.0180 21.1115 20.9622 20.9601 
21.5143 21.4876 21.4193 21.8233 21.5521 21.4959 22.0600 21.9386 22.0700 21.2981 21.3186 21.3033 21.3486 21.9336 21.9032 21.5466 21.1846 21.7673 21.3200 21.2736 21.4562 21.7946 21.4370 21.6365 21.6808 
22.2273 22.4366 22.8403 22.4746 21.2644 21.8706 21.9295 22.5640 22.4069 22.2713 21.9648 22.0135 22.2215 22.2617 22.6645 22.6577 21.7884 21.4576 21.8434 22.1482 22.3681 22.5680 22.1255 22.3546 22.5608 
23.5685 22.9496 23.1872 21.5521 22.8309 23.2103 22.0629 23.0327 23.2026 22.8489 22.9233 22.8645 23.2859 23.1017 23.1347 23.0380 22.6020 22.7591 22.9036 22.5864 22.7448 23.1374 23.0765 23.1521 23.0771 
24.2760 23.7901 23.8057 23.8787 23.4616 23.5670 23.1615 23.4121 22.6625 23.7996 23.5442 23.6985 23.8829 23.6225 23.5513 23.5433 23.2274 23.2016 23.4619 23.5086 23.5298 23.5477 23.5088 23.3055 23.4585 
20.7944 24.4009 23.3594 24.5684 24.1928 24.1912 25.0678 25.1053 25.1729 24.3022 24.4074 23.8353 24.0991 24.4858 24.2858 24.1979 23.8146 24.3030 24.1744 24.3225 24.4892 24.9429 24.4334 23.9428 24.2900 
21.8930 25.3627 24.2602 25.4016 25.4717 25.8072 24.9341 25.4736 24.5815 25.3568 25.0286 24.7194 25.1980 24.9268 25.1524 24.7707 24.5704 24.8121 24.8701 24.9953 24.9172 25.1088 24.9688 24.7355 25.0292 
25.6768 25.1807 25.1415 25.6671 25.7399 25.9073 25.0587 25.1540 25.5594 25.1647 25.0049 24.5529 25.3276 25.5381 25.3835 25.6428 25.6572 25.3670 25.4540 25.6059 25.3819 25.9053 25.7583 25.2109 25.3819 
