16.3192 -0.4953 1.2134 -0.1797 -1.3389 -0.7731 -0.5140 0.3062 0.0020 -0.3651 -0.4551 -0.0079 0.3508 
16.7069 -0.6056 1.3047 -0.5957 -0.9679 -0.0750 -0.9284 0.1435 -0.4649 -0.9123 0.4057 -0.0938 -0.5558 
15.4573 -0.9858 1.4595 -1.0234 -2.1053 -0.8595 -0.2603 -0.1727 -0.8002 -0.8084 -0.7817 0.0682 0.1254 
17.4910 -0.1805 0.6271 -0.1310 -0.2673 -0.4342 -0.3693 -0.7609 -0.7327 -0.2082 -0.1286 0.1295 -0.2627 
17.0856 -1.7921 0.8849 -0.3885 -1.8184 -1.3858 -1.4510 -1.1874 0.0626 0.1048 -0.9454 -0.4076 -0.0284 
17.4792 -0.0929 -0.0739 -0.7489 -1.7548 -0.6996 -0.1799 -0.4290 -0.0700 -0.0204 0.2613 -0.7541 0.2798 
17.7941 -0.7360 1.6671 0.2638 -0.8696 -0.4805 -0.4581 -0.3309 -0.4639 -1.1431 -0.1861 -0.2062 0.3213 
17.7557 -0.3869 0.4712 -1.2395 -0.3828 -0.3171 -0.6787 -0.4252 0.2872 -1.0536 -0.4336 -0.3564 -0.2072 
17.9165 -1.3035 0.8015 -0.8701 -1.0933 -0.2025 -0.4143 -0.5160 -0.6405 -1.3629 -0.3628 -0.6531 0.0061 
17.8751 0.0761 0.2225 -0.9486 -0.1549 -0.7037 -0.1134 -0.8759 -0.7126 -0.1070 0.2072 -0.0674 0.1222 
17.1733 -0.9197 -0.3696 -0.8926 -2.2096 0.3877 -0.3783 0.4680 0.1107 0.1667 -0.8321 -0.0336 0.5679 
17.8875 -1.0812 -0.4971 -0.6699 -0.6739 -0.0511 0.0836 -0.0239 0.0810 0.4855 -0.7672 0.1435 -0.0570 
18.1824 -0.1977 0.0597 -1.3497 -0.7837 0.3934 -0.0693 0.7886 -0.3707 -0.8070 0.1982 -0.2199 -0.1255 
17.6298 -1.2283 0.1187 -2.0606 -1.7145 -0.1371 -1.0873 0.0643 0.7896 -0.2439 -0.0008 -0.0888 -0.4094 
18.1685 -0.9351 1.1026 -1.4228 -0.9201 0.0303 -0.9163 -1.3159 0.1024 0.6217 0.2905 -0.3827 0.1545 
17.1418 -0.9236 0.4893 -1.7119 -1.3614 0.1099 -1.5327 -1.3596 0.2766 -0.5416 -0.4536 0.0270 -0.3827 
16.7034 -1.4394 0.1462 -0.3576 -0.8593 -0.7322 -1.0721 -0.2045 -0.3773 -0.5234 -0.2843 -0.0719 0.1627 
16.6170 -2.0035 -0.4680 -0.1976 -1.7371 -0.6029 -0.8072 0.0476 0.1857 -0.5407 0.2506 0.0405 -0.0582 
19.7350 -1.5674 -0.9803 -0.7425 -1.5720 -1.6504 -0.1293 0.4277 0.4732 1.0378 -0.0750 0.0798 0.2906 
17.9449 -0.1933 -0.1023 -1.1864 -1.4618 -0.8742 -0.9888 0.2644 0.2964 0.3745 0.1297 0.3189 0.7440 
17.7624 0.4319 0.0333 -0.5801 -1.8317 -0.7675 0.4532 0.7676 -1.0838 0.3077 -0.7079 -0.4958 0.4276 
18.9214 0.4049 0.0806 0.0076 -2.0665 -0.5841 -0.2158 -0.4564 -0.3985 0.5079 -0.0859 -0.0454 -0.2211 
19.5088 -0.3268 0.3221 -0.7109 -0.7309 -0.2682 -0.2597 -0.1529 -0.1778 -0.1687 0.0534 -0.3658 -0.0653 
18.8719 -0.5598 1.5725 0.3893 -1.8970 -1.3802 -0.0038 1.0761 0.2112 -1.6569 -0.8023 -0.4241 0.9191 
18.9835 -0.0605 0.9967 -1.3314 -0.5996 -0.3004 -1.0028 -0.2241 0.0192 -0.0400 0.0743 -0.0257 -0.3851 
17.8590 -1.0797 -0.5281 -0.6253 -1.1767 -0.1878 -0.1006 -0.9200 -0.2364 -0.4637 0.6526 -0.0757 -0.2608 
17.3710 -1.7912 0.8361 -0.9657 -1.1356 -1.5264 -0.7574 -0.7316 -0.9517 -0.4046 -0.2403 -0.0791 -0.0551 
18.3209 -0.4694 0.1602 -0.2775 -1.6246 -0.3847 0.6418 0.3006 -0.1115 -0.2896 -0.3934 -0.3846 -0.1244 
17.7451 -1.2857 -0.7567 -1.1150 -1.1365 -0.4185 -0.7121 -0.6874 -0.4338 -0.8410 -0.1744 -0.0546 -0.5114 
18.2138 -1.3527 0.1450 -0.7060 -1.8903 -0.9423 -1.3567 -0.4465 -0.1025 -0.0398 -0.7066 -0.3856 -0.3212 
18.0574 -0.3267 0.0728 -1.2544 -1.0710 -1.8727 -0.5845 -0.9521 0.1877 -0.3156 -0.7834 -0.4147 -0.3013 
18.0499 -0.5371 0.6175 -0.4026 -0.2542 0.2483 -2.0733 0.5774 -0.3487 0.1459 -0.1685 -0.6072 -0.8166 
19.6473 -0.0916 0.2094 -0.7207 -1.7353 -0.2067 -0.3377 -0.4580 -0.6036 0.2347 0.0358 -0.3060 -0.5019 
19.4088 -0.4294 -0.1159 -1.1121 -1.1021 0.4611 -0.7418 -0.4901 -0.5006 -0.4579 0.1352 0.3490 -0.1803 
19.1021 -0.3925 1.1336 -0.9696 -1.5464 -0.6191 -0.3162 -0.2973 -0.7788 -0.1127 -0.4949 -0.1185 0.4602 
20.2345 -0.8624 0.5192 -1.7923 -1.6376 -0.2446 -0.4920 0.0156 -0.2822 -0.4416 0.1524 -0.2525 -0.0679 
17.9672 -1.4094 -0.4496 -1.6103 -1.4454 -1.5144 -0.7582 -0.2519 -1.0650 -0.8189 -0.4287 -0.4723 0.0668 
17.1329 -2.4538 -0.7632 -3.4903 -3.0101 -1.4063 -1.9053 -1.0549 -0.7960 -0.9558 -1.0916 -0.4018 -0.6812 
18.3796 -1.1618 0.4749 -1.1449 -1.0377 -0.0182 0.2186 -0.6628 0.4155 0.4154 -0.1847 -0.1150 -0.1935 
17.4038 0.1220 0.3535 -0.3313 -1.2043 0.2984 0.0453 -0.8967 -0.0661 0.2670 0.1888 0.7894 0.2303 
20.0043 0.3856 -0.1480 -1.3922 -1.3819 -0.3010 -0.2630 0.3291 0.0299 0.8305 -0.1497 -0.1444 0.7636 
19.1191 0.3158 -0.0343 -1.1370 -1.5759 0.3173 0.0946 0.2674 0.7113 0.5256 -0.2748 0.2547 -0.4960 
18.0972 0.6744 0.9857 -1.8356 -0.3283 -0.2110 -0.0886 0.5542 -0.7620 -0.0246 0.0173 -0.3956 -0.4626 
18.9510 -0.5855 0.8647 -1.4323 -1.0860 0.3999 -0.2632 -0.0991 0.1079 -0.5670 -0.1854 -0.2413 -0.4064 
18.6405 -0.2745 0.0405 -1.5536 -1.7097 -0.3124 -0.6634 -0.6363 0.2045 0.0322 0.2303 -0.3913 0.0709 
18.7004 -0.2018 1.0138 -0.6159 -1.3313 -1.3841 -0.6348 0.0100 -0.5774 -0.5122 -0.2873 -0.4202 0.2659 
18.6630 -0.3959 1.2812 -0.3455 -1.3423 -0.7764 -0.8929 -1.2424 -0.9669 -0.1266 0.2166 -0.1664 -0.4095 
19.4305 -0.6835 2.1719 0.2228 -0.7955 -0.7447 0.0172 -0.2064 -1.2596 -0.1493 -0.6223 0.0926 0.0657 
19.8755 0.7798 2.3905 -2.5643 -1.3733 -0.0446 -0.6943 -0.9082 -1.0871 0.2190 -0.6877 0.4252 -0.1656 
18.9756 -0.0869 2.3213 0.0315 -1.5142 0.1932 -0.7778 -0.3186 -0.4004 0.3914 -0.3649 -0.6320 0.0890 
19.7364 0.5294 1.9299 0.4907 -2.2290 -0.8097 -0.1651 0.2399 -0.9107 -0.0905 -0.3604 0.3291 0.1550 
19.3423 -0.9516 0.7599 -1.2423 -0.3339 -0.5783 -1.1072 -1.0444 -0.2401 -0.2649 -0.2669 -0.1790 -0.1346 
18.7359 -0.8739 0.4721 -0.4828 -1.1661 -0.2030 -0.0231 -0.8496 0.2625 -0.1382 0.2257 0.3488 0.0451 
17.3329 -1.9641 0.0301 -1.4067 -1.1914 0.3234 -1.9135 -0.8205 -1.3528 -0.6546 -0.1514 -0.7346 -0.5764 
19.3487 0.0427 0.1571 -1.0091 -1.3419 -0.4789 -1.2959 -1.0264 0.0379 0.0285 -0.3614 -0.3526 -0.4210 
18.6096 -0.7226 1.9307 0.3099 -1.5286 -1.8030 -1.1398 0.2284 0.0524 -0.5036 -0.6274 -0.3647 0.3407 
18.5317 -0.7646 -1.3474 -0.2680 -0.9470 0.6478 -0.5791 0.3364 0.5540 -1.3117 -0.1835 -0.4832 -0.1924 
17.5999 -1.7140 -0.2871 -0.6935 -0.7224 -0.0944 -0.8750 0.7752 -0.4690 -0.5317 0.1307 -0.1250 -0.6805 
18.4117 -1.4140 -0.2265 -2.0707 -1.0527 -0.1563 -0.6128 0.4842 0.6168 -0.3328 0.5975 -0.0125 -0.0378 
20.3197 -0.9576 -0.2182 -1.0682 -0.0538 -0.0873 -0.1193 0.0380 0.2941 -0.0737 0.0467 -0.0931 0.2063 
19.0100 -1.5316 -0.8588 -1.5117 -1.2049 0.7489 -0.3692 0.2450 0.2275 0.0545 0.1964 0.3742 -0.0297 
20.9011 -0.4420 -0.0010 -0.0883 0.1415 -0.2864 0.0773 -0.2041 0.3293 -0.1620 -0.4902 -0.4176 0.7309 
20.6636 -0.1249 -0.2519 0.2718 -0.3396 -0.0199 0.1769 -0.1720 0.2450 0.5828 -0.2293 -0.1514 0.0739 
19.4082 -1.2567 0.2600 -0.8819 0.0169 0.3232 0.3322 0.5275 0.3354 0.1136 -0.0515 -0.1244 0.0396 
22.8052 -0.1886 0.1402 -0.0769 -0.0535 0.0276 -0.0765 -0.0029 -0.0952 -0.2114 -0.0358 -0.2630 -0.2295 
20.3874 -0.4531 -0.0614 -0.9842 -0.1841 -0.2467 -0.7872 0.8022 0.5177 0.1390 0.1912 0.5508 0.7387 
19.8559 -1.6913 -0.6116 -1.6643 -0.2456 -0.3462 0.4258 -0.3827 0.3036 -0.3164 0.4258 0.0634 -0.1287 
20.3178 -1.3042 -0.1018 -0.4830 -0.3354 0.1354 -0.1872 0.4568 0.0377 0.2682 0.4149 0.0179 0.2933 
20.9648 -0.8546 0.0688 -0.6565 -1.3922 -1.4856 -0.6329 0.2268 0.1210 -0.3936 -0.4894 -0.3164 -0.0035 
21.4051 -0.1506 -0.8273 -1.2510 0.0701 -0.1854 0.2361 -0.0011 -0.2694 -0.9689 -0.1757 0.1317 -0.3459 
30.1039 0.5264 -3.7557 -1.2943 -0.5616 -0.4841 0.7840 0.3440 -0.1161 0.0149 -0.2659 -0.3487 0.1377 
34.6092 -1.1309 -6.1932 -1.7316 -1.5030 -1.2751 0.9697 0.8568 0.1502 -0.8638 -0.0843 -0.4115 -0.7951 
34.5258 -0.9883 -3.4915 -1.6328 -1.4001 -1.2524 -0.1636 1.7367 0.4522 -1.6069 -0.8892 0.1639 -0.5145 
33.4089 -0.6629 -3.8401 -1.2173 -1.6520 -1.2555 -0.5763 1.9741 0.9195 -1.0078 -1.5845 0.4443 -0.4500 
33.5661 -0.4301 -4.6474 -1.4166 -1.4504 -0.9579 -0.3047 1.9351 1.0852 -0.0726 -0.4839 0.8888 -0.3331 
33.0148 -1.7257 -4.7053 -1.7901 -2.4911 -1.4587 -0.0212 2.0843 1.6636 -0.3250 -1.3520 1.0508 0.2056 
32.5940 -1.3722 -5.1724 -1.3731 -2.5222 -0.6629 0.2016 2.7338 1.8104 0.3064 -0.9139 1.3685 0.0823 
32.6126 -0.4764 -3.8067 -1.2905 -2.0613 -1.1142 0.1601 2.1797 1.5265 -0.6623 -1.7647 0.9203 -0.2604 
32.4437 -1.0528 -3.9693 -1.5537 -2.3183 -0.5143 0.0611 2.0343 1.4782 -1.5564 -1.1513 0.9504 -0.9800 
31.9027 -1.9158 -3.8664 -1.6005 -2.5006 0.3396 -0.0270 2.3616 1.2930 -1.7757 -0.7887 1.0265 -0.8870 
30.1606 -2.6190 -3.8350 -2.3804 -1.5900 0.9311 1.3493 2.8608 1.4423 -0.9812 -0.8083 -0.1281 -1.6621 
28.8080 -2.0949 -2.6383 -1.8902 -1.6361 0.4037 0.7185 1.6119 0.8333 -0.6801 0.2235 1.4150 -0.8255 
27.2524 -1.4296 -2.8461 -1.1001 -2.6977 -0.6788 0.5365 2.1284 0.9195 -1.1835 -1.4318 0.8147 0.0786 
27.0231 -0.9584 -3.7967 -2.0887 -2.5435 -0.4037 0.4628 1.6791 0.1710 -1.1259 -1.0852 0.9986 -0.6798 
27.1132 0.1932 -3.4102 -1.0308 -2.2285 0.1637 0.5968 1.4964 0.3731 -1.5061 -0.8945 0.8866 -0.5987 
24.9271 -0.4806 -2.9899 -0.9083 -1.8951 -0.3059 0.0868 2.3207 1.2149 -1.0251 -1.3392 0.8832 0.1100 
24.8868 -0.6188 -2.8989 -0.7346 -1.5094 -1.2478 0.1485 1.6099 1.1015 -1.5489 -1.0626 0.2371 -0.1284 
22.9904 -0.0082 -2.1943 -0.4627 -1.5164 0.1735 0.1426 1.1238 -0.0521 -1.3346 -0.8839 0.2701 -0.4883 
22.4054 0.2381 -2.2557 -0.1627 -1.5543 -0.4063 -0.0944 0.2387 -0.3749 -1.6822 -0.9943 0.7365 -0.6815 
20.9950 -0.5962 -1.9358 -0.4203 -1.4405 -0.7528 -0.2985 -0.4047 0.0359 -1.4416 -0.7225 0.5804 -0.2821 
22.3534 0.1488 -1.1991 -0.8545 -1.0375 -0.6547 -0.2099 0.8500 -0.5623 -1.2321 -0.1400 0.3442 0.0340 
21.9873 -0.1287 -2.2118 -2.6090 -1.3769 -1.1876 -0.7307 1.5378 0.6686 -0.9005 -0.5716 0.2059 0.2722 
23.8351 -1.8865 -1.4334 -1.9069 -0.5905 -0.8965 0.5806 0.0907 -0.4376 -1.5457 -0.6932 -0.3544 0.3490 
25.4359 -2.4061 -1.3304 -1.3625 -1.3332 -1.1701 0.8291 0.2792 0.2028 -1.5001 -0.1143 -0.6821 -0.2134 
24.2814 -1.3004 0.0039 -1.0519 -1.0033 -1.2766 0.3571 0.6916 0.4102 -1.9869 -0.5632 -0.3308 0.3176 
23.9383 0.7103 -0.7047 -1.7495 -0.3594 -1.1713 -0.3492 0.1314 0.0135 -1.1523 -0.1025 -0.1550 -0.1107 
24.2863 -0.2603 -0.0518 -1.0185 -0.4380 -0.8098 0.1540 -0.3436 -0.1271 -0.6869 -0.4910 -0.1856 0.0675 
21.9702 -0.0219 -0.0872 -0.5788 -0.4156 -0.6186 -0.6916 -0.0690 0.0494 0.2011 0.0174 0.3871 0.2150 
21.9754 -0.8629 -0.5060 -0.2644 -0.5310 -0.5967 -0.1838 0.2109 0.6386 0.1659 0.7702 0.6655 0.4862 
21.5421 0.1332 -0.2521 0.0548 -0.2471 -0.0758 0.0056 0.5883 -0.7261 -0.5246 -0.0723 -0.4999 -0.2991 
20.7444 -0.8753 -0.5714 -0.7403 -0.2523 0.0364 0.0352 -0.5863 -0.2061 -0.3362 -0.2900 -0.6094 0.0676 
20.1419 -0.7454 0.0384 -0.3447 -0.5876 0.2791 0.0419 -0.5471 -0.1617 -0.5236 -0.3883 -0.3616 0.0289 
21.5706 -0.1208 -0.1921 -0.2955 0.0344 0.5581 0.0338 0.1727 -0.4558 -0.5062 -0.1554 -0.2784 -0.3281 
19.1860 -1.4474 -0.8658 -1.7933 -2.1028 -2.1522 -0.7572 -1.4143 -0.7277 -0.9751 -0.1710 -0.1122 -0.6212 
19.5056 -0.2958 0.1121 -0.4164 -0.2432 -0.3240 0.0348 -0.7438 -0.9149 0.2912 0.2236 -0.0942 0.0631 
19.8466 0.6899 0.8662 -1.4486 -1.2135 -0.9206 -0.4161 -0.4655 0.1272 -0.3248 -0.4780 -0.2952 0.1723 
20.0480 -0.9229 0.6760 -0.0918 -0.6251 0.0686 -0.4187 -0.8552 -0.2095 -0.4452 -0.1476 -0.4343 0.3837 
19.9269 -0.1728 0.7297 -1.7330 -0.8312 0.0086 -0.6821 -0.4943 -0.1324 -0.5377 -0.0292 0.0782 -0.1619 
18.5869 0.1289 0.1501 -1.0652 -0.1865 -0.0637 -0.7761 0.2177 -0.5993 0.0415 -0.7629 -0.1121 0.1770 
20.7171 -0.5274 -0.2045 0.1154 -0.1543 0.2669 0.0119 -0.1880 0.3223 -0.3535 -0.5922 -0.2009 0.5156 
19.7465 -0.7864 0.0568 0.0820 -0.2559 -0.4035 -0.0212 -0.0172 -0.8019 -0.2642 -0.1280 -0.0684 0.1394 
18.9578 -0.9384 0.2338 -0.6235 -0.1195 -0.7559 -0.0716 0.7639 -0.4234 -0.6619 -0.1861 0.2377 -0.1437 
19.8538 -2.1741 -0.3942 -1.6421 -0.4297 0.1887 0.5909 1.2001 -0.2319 0.2295 0.3928 -0.9937 -0.4885 
20.6523 -1.4586 -0.5183 0.1445 -0.5465 -1.0863 0.7628 0.1792 -0.2242 0.1235 0.0347 -0.1739 -0.0468 
21.3553 -1.6807 -1.4055 -0.9861 -0.8253 -0.8079 0.0351 0.5651 0.0146 0.1047 0.1264 0.0777 -0.2818 
19.9555 -0.3857 0.8734 -0.1739 -1.6028 -1.2351 -0.7360 -0.3266 -0.5064 -0.1314 -0.1359 -0.2251 -0.2579 
19.6534 -0.7321 -0.0521 0.4192 -1.0784 -1.5189 -1.0416 -0.0863 -1.0961 -0.3225 -0.0290 -0.3505 -0.2772 
20.0562 -2.7644 -1.8422 -0.6682 -0.9934 -0.6656 -0.7185 -1.3522 -1.1545 -0.5011 -0.5391 -0.5594 -0.3145 
18.2403 -1.7930 0.3154 0.6928 -0.0948 -0.5654 -0.7950 -0.5827 -0.5893 -0.2599 -0.6149 -0.6403 0.3461 
18.4871 -0.9063 -0.9310 0.9751 -0.4346 0.4176 -1.5593 -0.8303 -0.7638 -0.6487 -0.0996 -0.1686 -0.0951 
19.9675 -1.2997 0.1014 0.0508 -1.0805 -0.9584 -0.1112 -0.6127 -0.5456 -0.3052 -0.4308 -0.5670 0.1762 
19.2606 -2.0257 -0.4752 -0.3905 -0.8431 -0.2735 -0.1526 -0.0622 0.0976 0.1133 -0.2054 -0.9850 -0.5201 
18.4313 -2.5436 -1.0076 -1.0463 -0.7244 -0.2370 0.7703 0.0054 -0.4617 0.1931 -0.0526 -0.0093 -0.1545 
19.2816 -1.1486 0.0796 0.0896 -0.8891 -0.4809 0.0865 -0.0535 -0.2155 -0.3143 -0.1135 -0.4322 -0.0698 
18.1695 -1.1400 0.3951 0.3692 -1.8519 -1.4211 -0.8063 0.3680 -0.1575 -0.4674 -0.2175 -0.2238 0.2376 
17.8985 -1.2015 0.7583 -0.1379 -1.5468 -0.5414 -0.3470 -0.5296 -0.4208 -1.1513 -0.4124 -0.2266 -0.2920 
18.8393 -1.2504 0.8145 -0.0744 -1.4355 -0.0728 -0.9248 -0.6693 -1.3724 -0.4810 -0.0933 -0.0665 0.0571 
17.9862 -0.5600 0.4791 -1.0516 -1.0539 -0.5773 -1.0631 -0.6904 -1.3428 -0.1423 0.0426 -0.3519 0.3094 
19.2048 -0.1273 -0.3705 -1.4742 -0.5191 -0.0848 -0.5993 -0.7259 -0.2281 -0.3853 -0.7434 -0.3000 0.1106 
18.1646 -0.6958 1.7716 -0.7193 -0.2167 -0.0622 -0.0239 -0.5862 -0.4451 -0.5760 -1.4176 0.2479 0.6705 
18.3581 0.0149 1.8076 -1.1769 -0.9824 -0.8020 -0.9458 -0.6231 0.2367 -0.4807 -0.1385 -0.2875 -0.3532 
18.4644 -1.3753 -0.7343 -0.7346 -0.7488 0.3833 -0.2622 0.1166 -0.3457 -0.2942 -0.4573 -0.7276 -0.2527 
17.5277 -0.4817 0.5008 -1.4655 -1.6197 -1.1120 -0.1749 0.6584 -0.2972 -1.1898 -0.3025 -0.1408 0.3276 
17.4433 -0.6760 -1.1620 -1.5967 -2.0172 -0.7478 -1.5500 -0.8130 -0.4449 -0.0681 -0.4841 -0.3164 -0.2730 
18.2199 -0.9806 0.4164 -0.4912 -0.9976 -0.2053 -1.2181 -0.6121 -0.8139 -0.6591 0.4156 -0.3276 -0.0381 
17.4791 -1.5148 1.4232 -0.0400 -0.7598 -0.1712 -1.1560 -0.6452 -0.4618 -0.9879 -0.3720 -0.2387 0.1459 
18.6345 -0.5731 -0.0095 -0.0514 -0.7994 -0.2030 -0.5517 -0.3533 0.4565 -0.6337 -0.1331 -0.5658 -0.2413 
18.2147 -0.7519 -0.0809 -0.8059 -0.4990 -0.9630 0.0850 -0.4880 -0.2454 0.4640 -0.6081 0.0351 -0.1787 
17.5334 -0.4918 0.7453 -0.6376 -0.8795 -0.6029 -1.4308 -0.9470 -0.6998 0.0811 -0.0136 -0.2603 -0.4072 
18.2789 -0.6713 -0.7098 -0.7988 -0.7336 -0.5070 -0.9427 -0.4873 -0.4762 0.1648 -0.1205 0.2542 -0.0970 
18.2782 -2.2113 0.0752 -1.2121 -0.9332 0.0692 -0.0921 0.3023 0.8715 0.0221 -0.5637 -0.2944 0.2244 
17.9301 0.3057 0.2911 -1.6729 0.3474 -0.0694 -0.4535 0.2363 -1.1284 0.2667 -0.7692 0.1477 0.2426 
17.4074 -2.0625 0.1037 0.1215 -0.1032 0.5666 -0.8324 0.1033 0.0178 -1.4498 -0.7639 0.0927 -0.0551 
18.9006 -0.1954 -0.6103 -0.7682 -2.0595 -0.4744 -0.5886 0.4733 -0.3571 -0.7412 0.4787 0.0325 -0.2773 
17.3955 0.4950 1.0642 0.3592 -1.6227 -0.7905 -0.2519 -0.3097 0.1022 -0.2542 -0.6497 0.2504 1.0036 
19.1981 -0.3585 -0.0838 -1.5404 -0.7194 0.2799 -0.3166 -0.1322 -0.5238 -0.1284 0.5654 0.1326 0.5628 
19.1608 -0.5135 1.1026 -1.3226 -1.3523 0.0145 -0.0351 -0.4759 -0.6076 -0.1718 -0.4482 0.2363 0.3472 
17.3142 -1.3453 0.6070 -0.1251 -1.2946 -1.0679 -0.6324 0.2008 0.9765 -1.3471 -0.7151 0.3966 0.6642 
17.6178 -1.3429 0.0834 -1.2966 -1.2277 0.4754 -0.7729 -0.2569 -0.4969 -0.8895 0.6944 -0.3723 -0.2366 
18.2794 -0.7031 -0.2487 -1.5301 -1.1926 0.6151 -0.6120 -0.3055 0.3408 0.1332 -0.1127 -1.1275 -0.1243 
19.1058 -0.4780 0.0146 -1.7384 -0.4105 -0.1515 -0.0523 -0.0605 -0.1401 0.0230 -0.1984 -0.3643 0.1362 
17.8793 -1.0222 0.1772 -0.7958 -1.6159 0.0165 -0.5253 0.0280 -0.4392 -0.3205 -0.3109 0.1345 0.2052 
17.1230 -2.3146 0.5401 -0.3832 -2.4336 0.2232 0.4792 1.0869 0.4008 -0.7871 -0.2894 -0.3883 -0.2994 
18.1165 -1.5774 0.2555 -0.8484 -1.2110 -0.0974 -1.1139 -0.0811 0.0308 0.1419 0.3942 0.0151 0.2475 
18.1755 -0.5498 0.3527 -1.6329 -0.6663 0.6480 -0.3573 -0.4755 -0.1349 0.4661 -0.4836 -0.7829 0.2002 
18.1911 -1.3325 -0.2670 -1.1638 -0.7962 0.1520 0.0408 0.0699 0.3287 0.3791 -0.2454 -0.5650 -0.0536 
16.3420 -1.1071 1.4301 -0.5012 -1.1823 -1.7837 -0.1373 0.2906 0.4603 -0.2936 -0.7395 -0.0837 1.3472 
16.5204 -2.7656 -0.5182 -0.9019 -1.2830 -0.3709 0.0485 -1.0797 0.1792 0.7119 0.7832 0.2947 0.1010 
17.2826 -1.4759 -1.2125 -0.3288 -1.2114 0.6340 -0.2442 0.6109 0.1198 -0.0629 0.0453 -0.0205 0.0139 
17.4868 -0.5006 0.5122 0.1853 -0.1880 0.0569 -0.4846 -0.3781 0.0506 -0.5915 -0.4353 0.2163 -0.7005 
18.3730 -0.9836 0.8549 -0.3122 -1.6542 -0.5826 0.3480 -0.0209 1.1219 -0.6545 0.1993 -0.3500 -0.4285 
18.1105 -0.6035 0.2181 -1.3922 -1.7363 -1.2191 -0.9165 0.1899 -0.5074 -0.7602 0.2496 0.1021 -0.4136 
17.8136 -0.4303 0.8648 0.0456 -1.8040 0.4633 -0.7677 -0.7298 0.5239 -0.2263 -0.4819 -0.5048 0.5220 
17.2225 -1.6169 1.0561 -0.0146 -1.8556 0.6222 -0.2355 -0.3484 -0.1560 0.3871 -0.2400 -0.0569 0.2966 
17.0361 -1.9425 -0.1314 -0.7855 -0.3287 0.5751 -0.3624 -0.1668 -0.2058 -0.0223 -0.4617 -0.4864 0.0305 
17.8471 -0.5616 0.0322 -0.9125 -1.4432 -0.0550 -1.0410 0.1073 -0.9665 -0.3032 0.0560 0.3730 -0.2609 
17.2509 -2.1200 0.1722 -0.2546 -1.4265 0.2156 0.8445 0.0787 0.2156 -0.0287 -0.1559 -0.6083 -0.2585 
