nan nan nan nan nan nan nan nan nan nan nan nan nan 
nan nan nan nan nan nan nan nan nan nan nan nan nan 
nan nan nan nan nan nan nan nan nan nan nan nan nan 
nan nan nan nan nan nan nan nan nan nan nan nan nan 
nan nan nan nan nan nan nan nan nan nan nan nan nan 
21.4960 -2.4610 -0.9372 -1.2897 -0.4587 1.2081 -1.0999 -1.2528 0.0262 -0.2275 -0.3229 0.0687 -0.2189 
22.5356 -1.0367 0.8276 -0.4237 -0.9471 -1.0813 -0.9531 -0.4826 -1.1396 -0.6284 -0.0134 0.1804 -0.1016 
23.7784 -0.2958 1.3055 0.1533 -1.6089 -0.8239 -1.3196 0.4803 0.4617 -0.1793 -0.0567 -0.2947 -0.6603 
22.6000 -0.1226 1.3838 -0.4504 -1.1827 -0.3571 -0.1284 -0.1484 -0.4966 -0.7277 -0.1665 0.3753 -0.2751 
21.3093 -0.7595 0.1907 -0.8049 -2.1094 -0.4478 -0.6607 -0.7888 0.3783 -0.0110 0.0103 0.4825 -0.0499 
21.4691 0.0553 0.2286 -0.1966 -0.9466 -1.3594 -0.5519 -0.0425 -0.2591 -0.8854 -0.6516 -0.7472 -0.1975 
24.7256 -2.4843 -0.0380 -1.0415 -0.3881 -0.8881 -1.0804 -1.0244 0.1093 -0.8206 -0.8014 -0.4407 -0.4941 
21.8097 -0.8396 0.5350 -0.9379 -2.1140 -1.6714 -1.5116 -0.7725 -0.4232 -0.6187 -0.5715 -0.4237 -0.0562 
23.5082 -1.3321 1.9446 -1.8293 -0.4662 -1.2601 -0.8940 0.3857 0.0673 0.0415 -0.6673 0.0752 -0.0161 
23.0501 0.1607 -0.1723 -1.7729 -1.0490 -0.9162 -0.2006 -0.3640 -0.6293 0.3076 -0.0363 0.2412 0.2067 
23.5093 -0.6169 -0.1810 -1.7698 -1.4059 -0.8333 -0.5730 -0.0551 -0.7832 -0.3186 -0.1226 0.2778 -0.1241 
23.6768 0.6079 0.5291 -1.4685 -1.2288 -1.4642 -0.6647 0.4242 -0.0733 0.0689 -0.4400 0.1327 -0.2419 
24.1072 0.3274 0.8024 -1.8652 -1.1356 -0.4866 0.1842 0.3185 -0.1894 -0.0722 -0.4642 -0.6889 -0.2155 
23.7186 0.5184 0.3068 -1.4645 -1.1516 -1.8649 -0.8681 -0.3435 -0.6193 -0.8605 -1.5675 -0.4241 -0.7033 
23.4710 -0.3836 -0.0580 -0.8647 -0.4462 -0.9645 -1.6342 -1.1667 -1.3985 -0.0952 -0.4840 0.0167 -0.6017 
23.0680 1.1178 0.2909 -1.0117 -0.6212 -0.1286 -0.7561 -0.4463 -0.7711 -0.0854 -0.6503 -0.1796 -0.2558 
23.6059 -0.5018 1.5729 -0.8080 -1.0158 -1.0321 -0.7601 -0.4641 -0.3856 0.0236 -0.1385 -0.3471 -0.4826 
22.3434 -0.3989 -0.2264 -0.6474 -0.7548 -0.6257 -0.4636 -0.1307 -0.2467 -0.2982 -0.5849 -0.6314 0.0198 
25.2702 -1.9475 -0.2070 -0.3076 -2.0596 -0.4892 -0.5418 -0.5776 -0.4379 0.1347 0.1239 0.2085 -0.2008 
24.0774 -0.7086 0.5566 0.4452 -0.5880 -0.6717 -0.3057 -0.3230 -0.1149 -0.3329 -0.2222 -0.1516 -0.3039 
23.6577 -1.2003 0.3889 -0.2881 -0.2545 -0.3809 -0.3919 -0.0520 -0.0351 0.0063 -0.2331 -0.2100 -0.3457 
22.9488 -0.0938 0.8236 -1.6374 -1.3460 -1.7823 -1.1594 0.1101 0.6225 -0.2065 0.2856 -0.0660 -0.2511 
27.7774 0.7253 0.0578 -2.7043 -1.9260 0.5510 -0.9534 0.2368 0.0096 0.1658 0.7642 -0.0213 0.3057 
33.8171 -2.2503 -1.2060 -3.0673 -1.5005 0.0333 -1.6497 -0.6252 -0.7773 -0.1602 0.1671 0.0516 0.5693 
34.1681 -2.8502 -1.4426 -3.2500 -0.4521 -0.1132 -1.7833 -0.9074 -0.3953 0.5040 0.0986 0.1771 0.5975 
33.8018 -2.0947 -1.5513 -3.3538 0.1024 -0.6486 -1.3492 -1.0538 -0.3574 0.5997 0.1553 0.0870 0.5917 
32.3724 -1.2026 -0.0177 -3.6416 0.2727 -1.0369 -2.2952 -0.6131 -0.4093 -0.0424 0.1951 0.2232 0.5652 
27.8123 0.1573 1.1827 -2.3783 -0.6115 -1.7351 -1.4518 -0.4704 -0.0517 0.3344 -0.3158 0.4790 0.4825 
24.9143 0.0274 -0.1644 -1.0064 -0.2516 -0.9708 -1.6372 -0.8624 -0.1824 0.2349 -0.1494 0.0439 -0.3274 
24.5756 0.6507 0.9411 -0.3695 -0.6833 -1.7944 -2.5158 -0.7015 -0.1448 -0.0389 -0.0311 -0.4949 -0.2362 
28.1656 -3.3386 1.7511 -1.4375 -2.0915 -0.3044 -2.0982 -1.2064 0.1963 -0.0169 -0.2830 0.1941 -0.4533 
25.5603 -0.1703 0.1888 -0.9225 -1.1558 -0.3443 -0.7734 -1.3451 -0.4480 -0.0268 0.6375 0.0265 0.1031 
24.6591 0.2063 -0.7620 -1.6362 -1.4961 -0.3627 -0.3043 -0.8715 -0.5061 0.0174 0.3045 0.3496 -0.1392 
28.7528 -3.2319 -1.3379 -0.1644 -2.3071 -0.3632 -0.9530 -1.0145 -0.3574 -0.1096 -0.3082 -0.2070 -0.3689 
26.7047 -3.2254 -0.3023 -1.9051 -2.3459 0.2117 -0.4869 -1.2966 -0.1556 -0.1741 -0.4011 -0.5922 -0.1802 
25.7065 -0.6660 0.0751 -1.4187 -0.7692 0.6880 -0.3141 -0.7170 -0.0746 0.4166 0.3273 -0.4262 -0.6163 
24.6357 1.1431 0.1848 -0.8261 -0.9743 -0.5159 -1.0863 -1.0124 -0.0904 -0.4366 -0.2579 0.1102 -0.2040 
25.0529 0.9966 0.1170 -0.1890 -0.4112 -0.1114 -0.4657 -0.6067 0.0230 -0.2868 0.1222 0.0506 -0.1670 
24.3809 0.1083 0.3629 -1.2202 -0.4248 -0.2061 -0.1561 -0.6377 -0.9769 -0.3146 0.2713 0.2354 0.0115 
24.0543 -0.2656 -0.0227 -1.0416 -1.3670 -0.8650 -0.6823 0.0046 0.2322 -0.3774 0.3942 -0.2874 -0.2518 
22.7926 -1.8031 -1.3682 -2.6152 -2.1270 -1.0924 -0.6806 -0.6645 -0.2590 0.2739 0.6780 0.3521 0.3090 
23.5173 -1.5736 0.3398 -0.8545 -1.1814 -0.5840 0.1104 -1.4241 -0.5195 -0.2775 0.0610 0.1704 -0.4263 
24.3924 -2.7307 0.3038 0.4321 -0.6100 -0.3620 -0.4703 -0.8275 0.0844 0.4432 0.0956 -0.2093 -0.2683 
24.2981 -3.6929 1.3716 0.2428 -0.4812 -1.0247 -0.8109 -0.9019 -0.0064 0.1186 -0.5997 0.4483 0.0084 
23.5859 -2.9982 0.7911 -0.3858 -0.2232 -0.8572 -0.3013 -0.9952 -0.3988 -0.1998 -0.6144 0.3167 0.0852 
23.7088 -1.9796 0.8804 -0.6149 -0.8089 -0.4000 -0.1010 -0.6608 0.6862 0.2625 -0.4349 -0.5828 -0.0299 
24.3025 -3.2608 0.2894 -0.7408 -0.4343 -0.5405 -1.9538 -0.6173 -0.5112 -0.4018 -0.3516 -0.1899 0.1973 
24.1434 -1.4781 1.5443 0.4295 -0.3399 0.1585 -1.8164 -0.4490 -0.2810 -0.8096 -0.0137 -0.5083 0.2920 
23.5614 -0.3593 0.9742 -0.0994 -1.0975 -0.2399 -0.9956 -1.1371 0.8478 -0.1429 -0.6193 -0.2100 -0.2124 
23.2660 0.3519 0.4840 -0.1409 -0.4466 -1.1945 -0.6786 -0.1638 -0.1274 -0.1919 -0.3256 -0.1489 -0.4449 
23.2532 -0.1060 0.1673 -0.8816 -1.4640 -1.5649 -0.9854 -0.4321 -0.2505 -0.5214 -0.4947 -0.2599 0.0158 
23.3156 0.6536 0.2920 -1.0032 -0.9422 -1.5933 -0.9310 -0.2298 0.4228 -0.0746 -0.6240 0.0218 -0.2355 
23.6076 1.7931 0.1941 -0.6631 -1.3053 -2.0081 -0.6255 -0.3984 -0.0410 0.2415 -0.5731 -0.4050 -0.0661 
23.9653 -1.2028 1.0944 -1.0153 -2.0528 -0.8497 -0.7578 -1.0359 0.8000 0.0726 -0.6065 -0.5924 -0.6070 
24.1265 -0.7001 0.1615 -1.4100 -1.9919 -0.6723 -0.1905 -0.4810 0.5589 -0.2127 -0.6914 -0.4175 -0.5507 
22.0629 -0.5138 0.6936 -0.5012 -1.1924 -0.4057 -0.9024 -0.8696 -0.2084 0.1874 -0.4028 -0.7421 -0.5722 
23.2254 -0.0828 0.9819 -0.0321 -1.6787 -1.5683 -0.1540 -0.0697 0.1140 -0.4310 -0.1204 0.0901 -0.6017 
22.8619 0.1026 0.2306 -0.3682 -0.3642 -1.7338 -0.9791 -0.7196 -0.3349 -0.4077 -0.6450 -0.0419 -0.2898 
21.8623 -0.4266 0.8840 -0.3695 -0.1385 -1.7838 -0.8818 -0.3839 0.8417 0.4966 -0.3494 -0.5996 -0.4741 
21.2704 -1.9143 -2.2289 -1.9706 -1.2382 -1.3180 -0.1416 -0.4577 0.4307 0.0600 0.2846 -0.0646 0.3405 
22.4424 -1.0561 -0.1117 0.1882 -0.5125 -0.8764 -0.8519 -0.6731 -0.6320 -0.3287 -0.5125 -0.0278 0.1837 
21.5034 -1.2826 -0.8131 -1.0043 -1.0293 -1.5841 -0.7005 -0.3304 -0.3368 0.1428 -0.5713 0.0077 -0.2713 
21.1072 -1.6169 -1.0961 -0.6142 -0.6794 -1.0195 -0.3657 -0.2172 0.2601 0.2556 0.3438 0.3323 -0.3390 
20.5131 -1.0071 -1.5111 -1.3231 -0.5953 -1.8115 -1.1924 -0.1959 -0.2396 0.4761 -0.2181 -0.0522 -0.0865 
21.6080 -0.7681 -0.7674 -0.6713 -0.3885 -0.4907 -0.7408 -0.6177 -0.0400 -0.2513 -0.2679 -0.0337 -0.0756 
23.0125 -1.3010 -0.4741 0.6166 -1.3152 -0.5241 -0.8989 -0.8879 0.2049 0.1438 0.2074 -0.2076 0.0257 
24.7803 -2.8131 1.6962 -0.3047 -0.8964 -1.2277 -0.3885 -0.9872 -0.7753 0.2645 -0.4072 0.1670 -0.5485 
22.0356 -1.8677 0.2969 -0.6689 -0.2265 -1.6011 -0.8768 -0.3188 -0.1902 -0.0218 -0.2481 0.0338 0.0940 
21.3218 -1.3472 0.4704 0.7681 0.1028 -0.7109 -1.1328 -0.6996 -0.6432 -0.0473 -0.4285 0.0958 0.0665 
23.1307 -1.3989 0.4643 -0.0538 -1.7308 -0.9276 -1.2071 0.1934 -0.3525 -0.0462 0.1024 -0.5333 0.0600 
23.4360 -1.8565 1.5789 0.6544 -0.8809 0.1384 -2.0633 0.1176 -0.0196 -0.3860 0.6025 -1.0391 -0.0624 
22.9010 -1.6805 0.4094 0.6353 -0.8939 -0.0578 -1.3875 -0.3238 0.9047 -0.8331 0.3493 -0.5832 -0.1064 
21.7066 -1.3569 -0.3845 -0.2418 -0.8707 -0.4823 -0.9452 -0.4911 0.1474 -0.0284 0.1150 -0.0582 0.0144 
21.6175 -0.8561 0.1797 -0.1241 -0.7909 -1.0015 -1.1427 -0.5255 -0.2458 0.4387 -0.4841 -0.2807 -0.3288 
21.3718 -0.5476 0.5101 0.2833 -0.3564 -0.6566 -1.0077 -0.4800 -0.2305 0.1009 -0.4878 -0.2150 -0.1027 
21.0841 -0.1996 0.3055 -0.2596 -1.2606 -1.7321 -1.0593 -0.8392 -0.4505 -0.3564 -0.2124 -0.2916 -0.2867 
21.4372 0.2711 0.6165 0.5537 -0.5292 -0.5932 -0.5392 -0.7826 -0.7128 0.1532 0.0343 -0.3927 0.1507 
26.1854 -4.4338 2.0977 0.0646 -0.5127 0.2045 -1.4034 -0.1574 0.5078 0.1354 -0.4033 0.1512 -1.0838 
22.8809 -3.1566 1.1456 -0.0851 -0.6619 -0.1069 -1.4991 -0.7854 -0.0415 -0.0656 -0.3222 -0.2912 -0.3374 
21.9918 -0.6554 1.3405 0.2560 -0.6253 -0.5711 -1.1159 -0.9690 -0.1007 -0.0794 -0.1031 0.2019 -0.0409 
22.0242 -0.2384 0.4222 0.2730 -0.4283 -1.3301 -0.9740 -0.1223 0.3574 0.3177 0.0275 -0.2323 -0.7318 
20.7538 -1.0205 0.0470 0.2727 -0.1415 -0.8816 -0.2143 -0.2463 0.3790 0.3917 0.2829 -0.3244 -0.6416 
21.2215 -1.0359 -0.5014 -1.2025 -0.4538 -0.7766 0.0054 -0.0901 0.1748 0.2284 0.2548 0.0940 -0.4699 
21.9905 -0.4350 0.5337 -0.6366 -1.2664 0.1160 -0.5643 -0.2807 -0.2162 0.1842 0.6134 0.2439 -0.1252 
22.3253 -0.5375 1.5798 -0.0100 -0.6883 -0.3198 -1.1453 -0.5783 -0.4127 0.0801 0.4375 -0.3368 -0.5899 
21.9545 -1.1477 -0.5687 -1.0386 -1.0151 -0.4163 -1.6868 -0.8482 -0.8357 -0.7948 -0.1743 -0.1775 -0.2548 
22.1170 -0.8650 0.3912 -0.6404 0.3472 0.5101 -1.6629 -0.8092 -0.5088 0.3748 0.0882 -0.4358 -0.4143 
22.1777 -0.7022 0.4472 -0.1534 -0.7835 0.0735 -1.0845 -0.4693 -0.3495 0.0776 -0.1978 -0.3667 -0.4179 
12.9341 -2.8373 0.9420 0.0005 -0.8059 0.2620 -0.8387 -0.3104 -0.1744 0.2213 0.1004 -0.2887 -0.3586 
3.9560 -5.1844 1.1617 -0.0731 -0.8125 0.3670 -0.6600 -0.3562 -0.1044 0.2761 0.2795 -0.2408 -0.2913 
-4.8749 -7.6452 1.2441 -0.2289 -0.7792 0.4154 -0.5277 -0.4532 -0.0582 0.2915 0.3777 -0.1938 -0.2249 
-13.6236 -10.1786 1.2204 -0.4228 -0.7358 0.4073 -0.4158 -0.5507 -0.0332 0.2724 0.4492 -0.1468 -0.1651 
-22.3252 -12.7618 1.1259 -0.6551 -0.7174 0.3556 -0.2996 -0.6321 -0.0321 0.2376 0.5133 -0.0988 -0.1101 
-30.9860 -15.3680 0.9879 -0.9264 -0.7370 0.2748 -0.1662 -0.6872 -0.0377 0.2069 0.5743 -0.0486 -0.0469 
-39.5863 -17.9643 0.8309 -1.2148 -0.7793 0.1777 -0.0117 -0.7006 -0.0256 0.1919 0.6386 0.0138 0.0387 
-48.0969 -20.5206 0.6788 -1.4876 -0.8175 0.0742 0.1520 -0.6676 0.0168 0.1853 0.7051 0.0950 0.1505 
-56.5135 -23.0248 0.5458 -1.7241 -0.8286 -0.0189 0.3340 -0.5746 0.1172 0.2136 0.8025 0.2254 0.3102 
-64.6287 -25.1797 0.7064 -1.6902 -0.6269 0.0211 0.5925 -0.4289 0.2250 0.1907 0.8137 0.2729 0.3825 
-72.2125 -26.6611 1.4667 -1.1254 -0.0244 0.2818 0.8932 -0.3836 0.0968 -0.1840 0.4177 -0.0725 0.0991 
-77.8182 -25.6924 3.8978 0.1662 0.4721 -0.0388 0.5737 -0.6571 0.0381 -0.2122 0.4748 0.0043 0.1287 
-81.9719 -23.0678 7.1113 1.3098 0.2761 -0.9867 0.0931 -0.6496 0.3191 -0.2038 0.2169 -0.3582 -0.1343 
-84.9419 -20.5394 7.2770 -1.0823 -1.0265 -0.4805 1.4988 0.1260 0.5375 0.0244 1.0071 0.8809 1.2211 
-85.6498 -15.7768 8.5452 -2.1350 -0.9671 -0.1410 1.3664 -0.2120 0.5638 -0.2041 0.3349 0.0911 0.5488 
-86.0854 -12.3303 7.4086 -3.1496 0.7466 0.3603 0.2796 -0.8009 0.7926 -0.3551 0.0479 0.0498 0.4667 
-87.0043 -9.7726 5.8572 -4.3213 1.0322 -0.2731 0.3784 -0.0689 0.7323 -0.7451 0.1315 -0.0150 0.2788 
-86.4995 -6.4671 4.6618 -4.0631 1.9140 -1.1574 0.4033 -0.0384 0.1485 -0.6457 0.1110 -0.7431 0.1743 
-86.3726 -4.1931 3.3081 -4.0317 1.2211 -1.9365 0.4174 -1.0844 0.3447 -0.1562 0.1559 0.1751 0.3407 
-inf -inf -inf -inf -inf -inf -inf -inf -inf nan nan nan nan 
-83.1034 -1.7601 0.4245 -1.0871 1.1545 -0.9158 0.7818 -0.5485 0.7066 -0.7489 0.3203 -0.5893 -0.0060 
-81.4200 -0.8775 0.3248 -0.8126 0.8205 -0.1449 -0.7140 -0.4029 0.3175 -0.7006 0.7799 0.3868 -0.0087 
-78.1593 -0.3764 -0.5749 -0.6404 0.0878 -0.0538 -0.5437 0.3950 -0.2420 -0.8272 0.2627 0.2830 -0.1783 
-76.5580 -0.8091 -0.9985 -0.5272 -0.0770 0.2583 -0.7711 -0.1162 -0.1485 0.0021 0.6391 0.1324 0.0580 
-74.0960 -0.9686 -1.2272 -1.5101 -0.8595 0.0195 -0.3575 0.1751 -0.1364 0.2028 0.3177 -0.2034 0.3550 
-70.8962 0.2176 -0.1703 -0.3431 0.1120 -0.6583 -0.9443 0.2508 0.4748 0.0120 0.3648 -0.1543 -0.2385 
-68.2750 -0.3623 -0.4549 0.0727 -0.1236 -0.0705 -0.0359 0.5473 -0.1944 -0.1816 0.5117 0.0862 -0.2175 
-66.6223 0.1869 0.1114 -0.1023 0.5099 -0.1481 -0.4330 -0.3301 0.0169 0.1358 0.5936 0.0914 -0.0982 
-63.6910 -0.3249 -1.1457 -0.3564 -0.1576 0.2915 -0.2892 1.0204 0.5068 0.3415 0.6334 0.4129 0.9108 
-60.8625 0.3000 0.0955 0.9121 0.2347 -0.6262 -1.0576 -0.1161 0.6547 -0.0045 0.1708 -0.6452 -1.2044 
-58.6342 0.3698 -0.2843 -0.0143 -0.0699 -0.1904 0.7984 0.4082 -0.0261 -0.8467 -0.2960 0.0485 0.2563 
-inf -inf -inf -inf -inf -inf -inf -inf -inf nan nan nan nan 
-52.7886 0.9957 0.5178 -0.3372 0.2432 0.3576 -0.1924 -0.1937 0.0655 0.1252 0.4625 0.5864 0.3142 
-51.3078 -0.4053 -0.7546 -0.1758 -0.9236 -0.9037 -0.3961 0.3263 0.3461 -0.2706 0.4065 -0.8054 -0.1143 
-47.6303 0.0490 0.0392 0.1094 0.3027 0.0741 -0.0809 0.7472 0.3546 -0.4889 0.1446 -0.3686 -0.7146 
-inf -inf -inf -inf -inf -inf -inf -inf -inf nan nan nan nan 
-42.3117 0.2658 -0.0218 0.4746 0.2996 -0.0897 -0.5227 -0.0911 -0.3212 -0.5385 -0.4674 -0.1022 0.3637 
-inf -inf -inf -inf -inf -inf -inf -inf -inf nan nan nan nan 
-37.4130 0.3977 0.4028 0.1463 0.7023 0.7595 -0.1017 0.4045 0.3640 0.0368 0.1733 -0.0040 0.3192 
-34.8912 0.0644 -0.2590 -0.6412 0.4267 0.8243 0.1372 0.3583 0.6797 0.0889 0.2782 0.2353 -0.0887 
-32.6664 0.0568 -0.1539 -0.2443 0.1575 -0.2218 -0.4387 0.5007 0.3548 -0.1777 0.4009 -0.3656 -0.4682 
-29.8854 0.0917 0.0122 0.1490 0.1440 -0.5928 0.3767 1.1282 0.1547 -0.5705 0.5399 0.5045 0.1104 
-27.3927 0.5713 0.1808 -0.5976 -0.5314 -0.3843 -0.2881 0.1669 -0.2683 -0.4092 0.2432 0.2683 -0.2920 
-24.6437 -0.0716 0.2263 -0.2105 -0.0817 0.2063 -0.2113 0.6363 1.0460 0.3500 0.2963 -0.0072 0.1542 
-21.5700 1.1322 0.4362 -0.8633 -0.2925 0.0082 -0.1821 0.1957 -0.2454 -0.0079 0.3551 -0.1842 -0.2128 
-19.0481 0.3092 0.0935 -0.7467 -0.2992 -0.6420 -0.7928 0.0326 -0.0505 0.7006 -0.7043 -0.5932 -0.3175 
-16.8660 -0.1688 0.5150 0.1388 0.0974 -0.4740 -0.0497 0.3913 0.1885 0.0821 -0.2651 -0.6238 -0.1827 
-13.8180 -0.0978 -0.4673 -0.6102 -0.7645 -1.3044 -0.7952 0.3622 -0.4712 -0.4770 0.0471 0.0863 0.2084 
-10.6683 0.1646 -0.0185 -0.4566 -0.4511 0.0562 0.0793 0.1600 0.7283 0.3106 -0.4817 -0.2751 0.0644 
-8.6305 -0.0642 -0.6253 -0.5388 -0.7040 -0.1896 -0.5862 -0.4714 -0.3801 -0.3143 -0.2151 -0.6334 0.4654 
-6.1105 0.3159 0.0969 -0.0477 -0.1428 0.0076 -0.5148 0.0947 0.2933 0.2146 -0.0622 0.0381 0.1568 
-3.1192 -0.2517 -0.1204 0.3365 0.5265 -0.2933 -0.5900 0.7115 -0.1082 -0.2990 0.7205 0.7076 -0.3703 
nan nan nan nan nan nan nan nan nan nan nan nan nan 
1.7612 -0.7234 -0.9632 -0.2138 -0.3946 -0.6489 -0.8064 0.2856 -0.1951 -0.5532 0.2443 0.2365 0.5158 
4.1853 -0.4360 0.3987 1.0657 0.5248 -0.1687 -0.4178 0.2810 0.0990 0.0390 -0.1166 -0.2949 -0.5127 
-inf -inf -inf -inf -inf -inf -inf -inf -inf nan nan nan nan 
nan nan nan nan nan nan nan nan nan nan nan nan nan 
12.0489 -0.1464 -0.5586 0.4793 -0.4492 -0.8155 -0.6260 0.1666 0.3659 -0.4075 -0.6625 -0.6896 -0.2609 
16.0414 0.5779 0.1948 -0.2002 0.4073 -0.3061 0.0495 0.4704 -0.8789 -0.2760 0.3975 0.2023 0.1946 
nan nan nan nan nan nan nan nan nan nan nan nan nan 
20.6935 0.0183 -0.7803 -0.7313 0.6206 -0.3435 0.0789 1.1210 0.0785 0.7597 0.5407 0.4051 0.4277 
23.6996 0.2246 -0.6152 0.4377 0.3062 0.2355 0.0200 0.4465 0.1120 -0.4068 0.4913 0.4253 -0.3168 
25.5264 0.0524 -0.2454 -0.7471 -0.1822 -0.4561 -1.0012 0.0667 0.0580 -0.3839 0.2647 0.1381 -0.3451 
28.8140 0.0561 -0.9343 -0.0900 0.3070 -0.0758 -0.1786 0.4835 0.0550 -0.2829 0.4071 0.2335 -0.3262 
30.9264 -0.4781 -0.7573 -0.6568 -0.0555 0.2827 0.8296 1.0747 0.1034 0.0809 0.4438 -0.3768 -0.6643 
34.0667 0.4870 -0.4367 -0.2580 0.3793 -0.3251 -0.2256 -0.2113 -0.2865 -0.0899 0.6345 -0.1501 0.0975 
36.4640 0.2231 0.2446 0.2426 0.1605 -0.3301 0.0855 0.7952 0.6831 -0.1653 -0.0516 0.4468 0.1096 
38.9327 0.2033 -0.6104 -0.8794 0.6885 0.0768 0.2931 0.6584 0.0519 -0.0524 0.1692 0.0438 -0.5921 
41.4672 0.1105 -0.1438 -0.4051 0.3586 -0.2255 -0.0933 -0.1506 -0.2384 0.5234 0.9559 -0.0531 -0.1245 
43.7165 -0.0920 -0.4176 -0.7075 -1.3701 -0.5249 -0.2000 -0.6623 -1.2004 -0.6022 -0.2798 -0.5594 -0.2776 
45.7720 -1.3862 -1.2218 -0.5460 0.0398 -0.4902 -1.0716 -0.3914 -0.4567 0.0768 0.2258 -0.1684 -0.1677 
-inf -inf -inf -inf -inf -inf -inf -inf -inf nan nan nan nan 
52.5408 -0.0017 -0.5064 0.5389 0.5704 -0.1487 -0.7824 0.3254 0.3092 0.0189 -0.0180 -0.4935 -0.1784 
nan nan nan nan nan nan nan nan nan nan nan nan nan 
56.7487 -0.9240 -1.2318 -1.6489 -0.6072 -0.6391 -1.0245 -0.4857 -0.5007 -0.3056 -0.1081 -0.0461 0.0273 
59.5185 -0.0685 0.1920 -0.6810 0.0054 -0.5215 -0.5288 0.8799 0.0029 -0.6565 -0.2550 -0.2676 -0.4759 
62.0704 -0.7511 -0.6755 -1.1578 -0.4924 -0.3388 -1.2436 -0.5407 -0.7306 -1.1382 -0.1410 -0.5194 -0.4138 
64.4600 0.0514 0.0801 -0.5008 0.3977 0.9216 0.1091 -0.2782 -0.2163 0.2108 0.8119 0.1397 0.4604 
66.8233 0.4853 0.9965 0.7186 0.4361 -0.2143 -0.4383 -0.0083 -0.3075 -0.3264 -0.1670 -0.0101 0.8332 
69.9146 0.3968 -0.1552 -0.2098 -0.1127 -0.8037 -0.7439 0.1601 0.0037 -0.0798 0.3698 -0.2829 -0.2187 
-inf -inf -inf -inf -inf -inf -inf -inf -inf nan nan nan nan 
74.3739 -0.9898 -0.8272 -1.6928 -0.4713 -0.3236 -0.7752 -0.7908 -0.8622 0.0344 0.1446 0.4916 0.3953 
78.0406 -0.3468 -0.0011 -1.4207 0.5937 0.5991 -0.7701 -1.1547 -0.4731 -0.4630 -0.6829 -0.2332 0.5170 
81.4223 -0.1935 -0.4745 -0.4833 0.6704 0.6150 0.3137 0.6282 1.1065 0.0635 0.1916 0.0223 -0.2742 
84.1505 0.5718 0.0474 -0.7254 -0.4545 0.1856 -0.0637 -0.2462 0.1360 -0.3178 -0.1536 0.2638 0.0272 
86.5033 -0.0236 -0.1914 -0.5358 0.4191 0.2159 -0.5297 0.1485 0.0451 0.3647 -0.0673 0.1059 -0.0489 
89.0173 -0.1923 0.5815 0.1251 0.6641 -0.4243 -0.8051 -0.4685 -0.1023 0.0480 0.1752 0.3311 0.1355 
91.6985 -0.3694 0.4447 0.5717 0.5610 0.4852 0.1428 0.3876 -0.0109 -0.7155 -0.5750 0.1104 0.7782 
94.4144 0.3058 0.8205 0.4718 -0.3677 0.1179 0.2586 0.0482 -0.0066 0.1686 0.4095 -0.0907 -0.0617 
96.6167 -1.2611 -2.1377 -1.4806 -0.2473 -0.7352 -1.3711 -0.6720 -0.6336 -0.3486 -0.6653 -0.9447 -0.7197 
99.5845 -0.8076 -1.4058 -1.4680 -1.2241 -0.6793 -0.5209 -0.3126 -0.8298 -0.6871 -0.7375 -1.0168 -0.8067 
101.4250 0.3041 0.3131 -0.7213 0.1347 -0.0273 0.0975 0.8233 0.2353 -0.2439 0.1912 -0.0093 0.3635 
