20.2288 12.8652 -6.4931 -2.9969 2.9445 -1.7968 -2.2071 1.8735 -0.0971 -1.8979 0.7317 0.2869 -1.8274 
19.7620 12.3694 -6.7916 -3.3104 2.6361 -2.0130 -2.4366 1.5317 -0.5906 -2.5477 0.1449 -0.0324 -2.1275 
18.4945 11.1519 -7.4257 -4.0005 2.3500 -1.7718 -2.4955 1.2569 -0.6240 -2.9156 -0.6510 -0.3227 -1.8242 
18.9814 11.8844 -6.4917 -3.1150 2.7787 -1.2312 -1.5257 1.6954 -0.6017 -2.0337 0.4045 -0.4582 -2.0728 
20.8240 13.3190 -6.3507 -2.6220 3.1311 -2.1614 -2.6114 1.6463 -0.3623 -2.2270 0.0288 -1.0066 -2.9188 
21.1075 13.5871 -6.2625 -2.4070 3.6857 -1.5283 -2.2800 1.6084 -0.5403 -2.0243 1.0705 0.4442 -1.9918 
21.2274 13.2573 -7.2984 -3.5243 2.7688 -2.1411 -2.2580 2.0706 -0.4160 -2.5321 0.3168 -0.1440 -2.2522 
21.5695 13.6022 -7.1639 -3.4039 2.9506 -2.1999 -2.8843 1.1983 -0.8009 -2.4489 0.1758 -0.4591 -2.0846 
22.1169 14.2531 -7.0296 -3.8353 2.7094 -1.7628 -2.2335 1.5234 -0.8780 -2.8333 -0.3233 -0.8645 -2.3343 
22.5277 14.3885 -7.2963 -3.7833 2.8081 -2.1139 -2.4899 1.8633 -0.3324 -2.3420 0.3844 0.0396 -1.6474 
22.4495 13.8954 -8.0932 -4.0665 2.8953 -2.4999 -3.2657 1.3387 -0.7513 -3.0735 -0.4895 -0.8956 -2.8783 
21.6363 13.0033 -8.5336 -4.1867 3.2060 -1.6590 -2.4534 1.6058 -0.5686 -2.4711 0.1470 -0.4724 -2.2655 
22.6387 14.3732 -7.3023 -3.4028 3.1608 -2.1935 -2.6154 2.0809 0.2129 -1.6301 0.7851 -0.2516 -2.1867 
23.0232 14.7051 -7.2368 -3.2276 3.6062 -1.6334 -2.0426 2.4730 0.0564 -2.2314 0.3787 -0.1895 -1.8663 
22.3970 14.1885 -7.2185 -3.3964 2.7566 -2.6000 -2.5425 2.0356 -0.6550 -2.5515 0.8914 0.3961 -1.9802 
23.1925 14.5143 -7.8508 -3.6273 3.1936 -2.4445 -2.8264 1.9292 -0.6126 -2.8038 0.5517 0.3951 -1.9967 
22.7920 14.5531 -7.0268 -3.0270 3.2870 -2.1655 -2.3637 1.9216 -0.8426 -2.6060 0.7783 0.2090 -1.8145 
23.4690 14.9305 -7.3423 -3.0544 3.7220 -1.9072 -2.2521 2.3527 -0.2664 -2.2295 1.1334 0.6512 -1.5607 
23.9352 15.3415 -7.4300 -3.3487 3.6761 -1.7684 -2.2813 2.2089 -0.4105 -2.7822 -0.0370 -0.4623 -2.0287 
24.3239 15.8386 -7.3828 -3.9867 2.9510 -2.1595 -2.6964 1.7506 -0.3484 -2.1537 0.5577 -0.4059 -2.5511 
25.1147 16.3800 -7.7666 -4.3490 3.7245 -0.3010 -1.2240 1.4834 -1.6745 -2.5480 1.7108 0.9206 -2.4542 
24.2686 15.6211 -7.6979 -3.9227 3.6375 -1.2748 -2.2239 1.6431 -0.6753 -2.0531 1.4205 0.6274 -2.2824 
23.6482 14.9966 -7.7461 -3.7774 3.2479 -1.9511 -2.2922 2.2259 -0.0683 -1.8123 1.2374 0.5422 -1.5364 
23.6474 15.0880 -7.5544 -3.6344 3.3056 -2.0040 -2.5954 1.6057 -0.8716 -2.5324 0.8037 0.2773 -1.9201 
24.0595 15.9204 -6.6707 -3.3112 3.2444 -2.0683 -2.5867 1.9637 -0.1883 -2.1537 0.7789 0.1989 -2.2838 
24.8282 16.3891 -6.8893 -3.4245 3.0659 -2.4934 -2.7713 1.7788 -0.8169 -2.5696 0.9131 0.2704 -2.0976 
23.8451 15.1766 -7.6352 -3.4724 3.7230 -1.6391 -2.2086 2.1710 -0.4666 -2.5003 0.8270 0.4265 -1.9082 
23.8380 15.1493 -7.6307 -3.3820 3.7838 -1.6604 -2.0604 2.6964 0.1339 -2.3503 0.5465 0.2985 -1.6396 
24.4679 15.4398 -7.9847 -3.2046 4.5366 -1.6031 -2.8582 2.3305 0.6036 -2.0159 0.2389 -0.2113 -1.9863 
23.8913 15.3073 -7.4544 -3.3806 3.7781 -1.4271 -1.8276 2.6624 0.2479 -1.6289 1.3851 0.4719 -1.9742 
23.6666 14.7999 -8.4166 -4.6230 2.7829 -2.0366 -2.4558 1.7552 -0.8422 -2.7108 0.6171 0.2021 -2.0187 
23.1001 14.1898 -8.4400 -4.1676 2.9782 -2.2847 -2.5454 2.0928 -0.2353 -1.9476 1.1696 0.1571 -2.4337 
24.0952 15.4977 -7.4456 -3.6167 3.0608 -2.7118 -3.3038 1.4856 -0.5423 -2.2907 0.7882 0.2097 -1.8415 
23.9660 15.1049 -7.9412 -3.6211 3.6203 -2.0122 -2.6464 2.1343 -0.0351 -2.0630 0.8972 0.4836 -1.4461 
23.7388 15.0172 -7.7257 -3.2810 4.1908 -1.2774 -2.0652 2.4804 0.0045 -2.3671 0.6737 0.5271 -1.5456 
23.5736 15.0665 -7.2427 -3.0133 3.7554 -1.7330 -1.8444 2.9997 0.5860 -1.4866 1.2686 0.2569 -1.8413 
24.0175 15.6945 -6.6563 -2.5532 3.9914 -1.7727 -2.0123 2.8684 0.2932 -2.1336 0.6448 0.0500 -1.8769 
24.3157 15.8540 -6.9498 -2.9413 3.9137 -1.5835 -1.8962 2.7634 0.2031 -1.8344 1.3974 0.7987 -1.6733 
23.7380 15.1523 -7.4979 -3.5198 3.2614 -2.1947 -2.5583 1.8547 -0.7807 -2.5173 1.0697 0.6608 -1.6705 
24.5999 15.5654 -7.6773 -2.7584 4.4456 -1.9088 -2.7548 1.9105 -0.7014 -2.4964 1.1331 0.5024 -1.9629 
24.1811 15.5354 -7.0390 -2.4038 4.2823 -1.9781 -2.3606 2.6069 -0.2694 -2.8068 0.5571 0.4503 -1.8679 
23.7588 14.9114 -7.9617 -3.7197 3.1098 -2.7591 -3.1146 1.9569 -0.2778 -2.2547 0.9345 0.1681 -2.5133 
26.5446 17.8204 -6.6490 -2.7250 4.3641 -1.9580 -3.0552 1.5870 -1.2285 -3.8427 -0.3818 -0.0452 -1.9256 
27.7377 18.0332 -7.5617 -2.3674 4.8779 -2.4456 -2.7899 2.5117 -1.4484 -4.0221 0.8952 0.7573 -2.7763 
27.2298 16.6090 -8.9077 -1.6457 6.2998 -2.5108 -2.7012 4.8594 1.4048 -2.8757 1.1306 1.3158 -2.0876 
25.7967 15.9353 -8.3278 -1.9084 5.8189 -2.3149 -3.3207 3.3391 0.9337 -2.3402 1.4022 1.6242 -1.5010 
26.9419 16.9768 -8.9067 -3.9044 4.4659 -1.6744 -2.2291 2.9297 -0.4770 -3.4948 0.4796 0.9829 -1.2486 
26.1346 17.0137 -7.9570 -4.1670 3.7612 -1.2267 -1.6330 2.8614 -0.2721 -3.2488 -0.3727 -0.3454 -2.0061 
25.4102 16.5304 -7.5631 -3.5600 3.9951 -1.4650 -2.2280 2.2847 -0.3126 -2.6349 0.5023 0.2891 -1.8474 
25.5588 17.0917 -6.8096 -3.5609 3.3047 -1.8340 -2.0871 2.2751 -0.5168 -2.5060 1.0089 0.9519 -0.9743 
24.7605 16.2453 -7.1437 -3.5375 3.5254 -1.7370 -2.4847 1.7088 -0.5524 -2.2319 0.6644 -0.1983 -2.2217 
25.2200 16.3802 -7.6057 -3.7888 3.6274 -1.4949 -1.9213 2.3652 -0.4218 -2.3588 0.9767 0.3068 -2.0359 
24.5665 15.9814 -7.2688 -3.6397 3.1037 -2.1144 -2.3337 1.8566 -0.7196 -1.9631 1.4518 0.3180 -1.8513 
23.8907 15.4122 -7.2016 -3.1838 3.7575 -1.6767 -2.3860 1.7434 -0.7781 -2.4724 0.7550 0.0832 -2.0368 
23.7916 14.8896 -7.7154 -2.7139 4.5417 -1.5182 -2.2953 2.2195 -0.4511 -2.3406 1.0975 0.3628 -2.1355 
24.3219 15.1754 -7.9241 -2.7560 4.4902 -1.8564 -2.2848 2.8166 -0.1014 -2.6326 0.7532 0.4148 -1.7723 
28.2687 15.1892 -11.9348 -1.4881 6.3436 -4.7682 -3.3084 4.7856 -1.3076 -4.3672 2.4668 0.7869 -4.0935 
27.0479 14.0309 -12.6420 -2.1035 6.7618 -3.8951 -3.4982 4.5875 -0.7232 -4.9399 0.7915 0.5866 -3.1093 
25.7603 13.8806 -11.3272 -2.3767 5.3810 -4.3539 -4.0095 3.0200 -1.8441 -4.8662 0.9761 0.4621 -3.2151 
25.0829 14.5084 -9.3544 -2.0110 4.6061 -4.1332 -3.1303 3.8674 -0.6061 -3.6870 1.4676 0.8080 -2.7738 
24.9698 15.0115 -8.4995 -2.0233 4.5950 -3.1879 -2.4395 3.6763 -0.4804 -3.0261 1.7258 0.8673 -2.2681 
24.5947 15.0560 -8.2954 -2.7060 4.0839 -2.8422 -2.5616 2.9642 -0.5914 -3.0846 0.8196 0.1199 -2.3111 
24.0406 14.8262 -8.0729 -2.8051 4.1238 -2.5321 -2.9255 2.2257 -0.4803 -2.4327 0.9243 -0.3289 -2.7224 
24.8599 15.5695 -8.3972 -3.9554 3.3398 -2.3238 -2.3782 2.3436 -0.9433 -3.2250 0.4353 -0.1447 -2.6714 
27.6446 16.0009 -11.0493 -3.8749 4.6274 -3.1657 -3.0840 2.4693 -2.0947 -4.1865 1.2881 0.6343 -2.4420 
31.9242 17.9866 -13.0314 -3.1580 6.9366 -3.3327 -3.5233 3.4365 -1.9699 -4.5359 2.0004 0.9644 -2.6254 
33.8994 18.3867 -14.7602 -2.8651 8.3583 -3.4429 -3.6008 4.5517 -1.4823 -4.8445 2.0751 0.6300 -4.0057 
33.9145 17.9569 -15.3076 -2.7376 8.4520 -3.6158 -3.1421 5.3643 -0.9943 -4.1750 2.9383 1.0454 -3.6772 
33.4927 16.8282 -16.4959 -2.8321 8.4939 -4.3806 -3.7820 5.1568 -1.4923 -4.6039 3.0383 1.0311 -3.7379 
33.3972 17.1858 -15.9007 -3.0148 8.0419 -4.2122 -3.3476 5.4797 -1.1239 -4.4010 2.9315 0.9130 -4.0085 
34.2747 18.4703 -14.5853 -1.7219 9.2041 -3.5588 -3.3679 5.2803 -1.0698 -4.1722 3.3317 1.5805 -3.2712 
33.5149 17.3068 -15.5317 -2.0631 8.9562 -4.0916 -3.5513 5.6864 -0.8076 -4.1914 3.6771 2.1792 -3.1652 
33.3238 16.8609 -15.9460 -2.0873 8.8428 -4.5250 -3.6365 6.1136 -0.4987 -4.2986 3.1352 1.2312 -3.8002 
33.3985 16.5793 -16.3513 -1.8041 9.3286 -4.5567 -4.0940 5.2558 -1.4892 -4.5509 3.5918 1.5378 -3.6323 
35.3147 18.2019 -16.3948 -2.2360 9.2869 -4.1800 -3.3318 5.8634 -1.5006 -4.5657 4.0759 1.9267 -3.7324 
35.6089 18.3977 -16.7961 -2.8555 9.2946 -3.9764 -3.9194 4.9105 -2.2698 -5.7622 2.5386 1.0090 -4.2914 
37.5557 21.6815 -13.7054 -1.6899 9.1540 -4.1551 -4.4470 4.0088 -2.9364 -6.6487 1.1620 0.2194 -4.0750 
40.9092 26.4775 -10.5794 -2.2788 6.7237 -5.4316 -4.5988 3.8774 -3.1101 -6.9606 0.5547 -0.3468 -4.4505 
41.0052 26.8370 -10.8873 -3.9553 5.7733 -4.6298 -4.2652 2.8753 -3.7598 -6.8221 0.7272 -0.0009 -4.1051 
41.7438 27.6546 -11.0799 -5.1365 5.2597 -3.9451 -3.8859 2.5720 -3.6340 -6.4356 0.4658 -0.4668 -4.1082 
42.4060 28.3391 -11.3820 -6.2513 4.9835 -3.0740 -3.4971 2.1826 -3.5790 -5.9463 0.6190 -0.4063 -3.8710 
42.4609 28.9166 -10.6698 -6.2910 5.0722 -2.5649 -4.0024 0.9310 -3.7493 -5.3267 0.7043 -0.4140 -3.5517 
42.0107 28.4931 -11.0098 -6.9538 4.4627 -2.6043 -3.7619 0.8222 -4.3873 -5.9853 0.6922 0.0438 -3.3927 
42.1878 29.0774 -10.1606 -6.3618 5.2055 -1.2399 -2.4701 1.4430 -3.9830 -5.5215 1.0546 0.7410 -2.0700 
41.5097 28.4609 -10.0944 -6.0086 5.2506 -1.4437 -2.5642 1.3620 -4.1152 -5.3801 1.3091 0.4911 -2.6901 
39.5057 27.1818 -8.9820 -4.4392 6.0457 -1.2718 -2.8961 0.8471 -4.3085 -5.5184 0.9766 0.6289 -1.9437 
38.5924 26.7771 -8.4689 -4.3722 5.8620 -1.0332 -2.8237 0.5749 -4.1896 -5.1112 1.0804 0.5840 -1.9238 
35.4963 24.2515 -8.6544 -4.8211 4.8825 -1.2041 -2.5985 0.4413 -4.2920 -4.9995 1.1976 0.6558 -2.1887 
33.7140 23.3480 -7.6996 -4.5174 4.3983 -1.1187 -2.2231 0.7205 -3.6470 -4.4688 0.9521 0.4068 -1.7464 
32.3476 22.4245 -7.4545 -4.5027 4.1192 -1.4414 -3.1190 -0.3788 -4.1276 -4.6510 0.7364 0.3590 -1.9562 
31.1620 21.8881 -6.6512 -4.2231 3.5278 -1.8185 -2.9624 -0.1102 -4.2538 -5.4249 -0.0601 0.2682 -1.7137 
30.2512 21.1913 -6.7244 -4.4493 3.3924 -1.6743 -3.1551 -0.3125 -3.5183 -4.1711 0.8483 0.9194 -1.3874 
29.2711 20.6669 -5.9676 -3.6605 3.4233 -1.9585 -3.2038 -0.1539 -3.4830 -4.3916 0.7181 1.3121 -0.5956 
29.6771 20.7333 -6.3613 -3.3385 4.4794 -1.5593 -3.7832 -0.5674 -3.3788 -4.3876 0.5895 1.1390 -1.2286 
28.9366 20.1710 -6.1809 -3.1538 4.3395 -1.3491 -3.0219 -0.0260 -3.2459 -4.1921 0.6185 0.7050 -1.5285 
28.1589 19.6250 -6.3411 -3.8060 3.7266 -1.4884 -3.3578 -0.4261 -3.1084 -4.0674 0.4008 0.7282 -1.5472 
27.2041 18.6657 -6.3148 -3.1433 3.9083 -1.8312 -3.1523 0.3010 -2.9446 -4.5153 0.0720 0.5301 -1.7608 
27.4117 18.7689 -6.5744 -3.6374 3.3376 -2.3228 -3.2013 1.0086 -1.8497 -3.9507 -0.3052 -0.2862 -2.4517 
32.7801 21.9811 -8.3512 -4.6415 1.8419 -6.1977 -4.2001 4.4068 0.4633 -3.7948 0.6272 0.3366 -3.2911 
33.0403 21.2272 -9.3762 -3.6197 3.0539 -6.8389 -5.0552 4.1687 -0.2262 -4.3221 1.0696 0.6270 -3.7724 
34.2304 20.6539 -11.9423 -3.8264 5.3229 -4.6151 -3.2087 5.5475 0.2026 -3.8926 1.9395 1.2662 -2.9034 
35.7389 19.9105 -15.0914 -4.1880 6.8975 -4.2278 -3.1422 5.7434 -0.2060 -3.6307 2.7297 0.6474 -3.5459 
35.1406 18.3678 -16.6226 -3.7860 8.2299 -3.8615 -3.1776 5.9623 -0.5887 -4.3832 2.7958 0.9744 -4.1422 
34.4500 17.6267 -16.6703 -3.2614 8.4100 -4.5399 -4.3079 4.7883 -1.5962 -4.8554 2.8558 1.1113 -3.9346 
34.6716 18.3520 -15.2083 -1.7795 9.0981 -4.1788 -3.3750 5.9949 -0.8054 -4.2404 3.6598 1.8189 -3.6214 
32.9321 16.3162 -16.4635 -2.5331 8.6068 -4.5896 -4.1170 4.8210 -1.9179 -5.1162 2.6070 0.6552 -4.2914 
34.1894 18.3336 -14.5098 -1.4067 9.1344 -4.1174 -3.6751 5.5212 -0.6497 -3.9499 3.0703 1.0172 -3.4608 
31.8747 15.8680 -15.2992 -1.2648 8.7710 -5.1744 -4.3399 5.5768 -0.7307 -4.4232 2.8795 1.1720 -3.6022 
32.4709 16.9986 -14.1436 -0.8790 8.7888 -4.6437 -3.6557 5.6066 -1.1408 -4.6836 2.7372 0.9941 -3.5670 
32.1411 16.8637 -13.7932 -0.4610 8.9512 -4.8933 -4.1786 5.3801 -0.8029 -4.1489 3.1980 1.3813 -3.3260 
30.7633 15.0610 -15.1802 -1.3645 8.4860 -4.7739 -3.5854 5.7914 -0.8928 -4.4287 2.8602 0.9715 -3.5373 
31.0469 15.6679 -14.3866 -0.8361 8.5844 -4.9388 -3.7985 5.7176 -0.9305 -4.7332 2.4419 0.7953 -3.8077 
31.5151 15.6500 -15.2258 -1.2009 9.0103 -4.8735 -4.3615 5.5591 -0.5112 -4.4593 2.6280 1.1888 -3.6090 
32.1395 15.8605 -15.6107 -1.2115 8.9827 -5.1599 -4.1323 6.0268 -0.5142 -4.2914 3.1847 1.2537 -3.5909 
32.6315 15.9690 -16.4083 -2.0280 8.7325 -5.3615 -4.8569 4.8682 -1.8977 -5.5986 2.6148 1.4478 -3.7062 
32.5252 16.2245 -15.7324 -1.6298 8.8220 -5.1838 -4.5589 5.3710 -0.9912 -4.6777 2.9696 1.4798 -3.2410 
33.5150 17.1537 -15.8490 -2.1096 9.2790 -4.0966 -4.1709 5.3474 -0.3276 -3.7990 3.0337 0.8591 -4.0706 
32.5806 16.7707 -15.3937 -2.3931 8.4881 -4.6803 -4.8931 4.7772 -0.3577 -4.1871 2.2863 0.9813 -3.6080 
31.2109 16.3231 -14.2433 -2.0834 7.8844 -4.7863 -4.4668 5.4676 0.4406 -4.1927 1.2664 -0.0538 -4.2992 
29.6745 15.4634 -13.8733 -2.7186 6.7392 -4.8384 -4.2952 4.8902 0.1118 -3.7340 1.8952 0.7091 -3.3735 
28.7633 15.8382 -11.9152 -2.1862 6.0514 -4.6125 -3.5086 5.0469 -0.1092 -4.0377 1.4496 0.4140 -3.5211 
27.8219 15.4326 -11.3312 -2.0649 5.7217 -4.8744 -4.2411 4.0739 -0.1957 -3.6449 1.2187 0.0915 -3.1542 
27.3115 15.5988 -10.4825 -2.1143 5.4512 -4.0613 -3.2873 3.9403 -0.9975 -4.3998 0.7192 -0.0936 -3.2670 
27.0700 15.9170 -9.6446 -2.0381 5.0151 -3.9865 -2.8497 4.2703 -0.5318 -3.4704 2.0499 1.1521 -2.7734 
25.7708 15.2646 -9.1628 -2.2155 4.7107 -3.5393 -2.6843 4.0419 -0.0822 -2.9502 1.6031 0.4236 -3.1115 
24.9498 14.9065 -8.9637 -2.8686 4.0362 -3.0205 -2.0907 3.5368 -1.1135 -3.9144 0.7277 -0.0649 -3.0808 
23.9625 14.2629 -8.9027 -3.2836 3.3251 -3.7073 -3.1970 2.7779 -0.3607 -2.5841 1.2719 0.0337 -3.0599 
24.5545 15.2207 -8.3186 -3.4031 3.7424 -2.2572 -2.1002 3.0248 -0.0980 -2.3981 0.8956 -0.1896 -2.5779 
24.3222 15.0753 -8.0552 -3.0115 3.5799 -3.1439 -3.0770 2.4351 -0.3866 -2.3243 1.5116 0.5233 -2.4259 
24.2431 15.4505 -7.3327 -2.7319 3.9780 -2.0125 -2.0606 2.6884 -0.4782 -2.6143 0.9653 0.2375 -2.2574 
23.5190 14.4482 -8.1661 -3.1799 3.8560 -2.2805 -2.8876 1.5289 -1.4177 -3.3076 0.1969 -0.4124 -2.3889 
23.5648 14.4049 -8.6880 -4.2697 2.7118 -3.1678 -3.3670 1.9228 -0.3378 -2.4911 0.6336 0.1440 -2.0137 
22.4010 13.6589 -8.2681 -3.9032 2.7413 -3.2095 -3.7251 1.4004 -0.6124 -2.8377 0.1225 0.0982 -1.6580 
22.4864 13.8295 -8.0518 -3.6332 3.3625 -2.0440 -2.4952 2.1400 -0.0038 -1.7095 1.4169 0.7116 -1.7103 
23.1940 14.6710 -7.5214 -3.4776 3.0073 -2.6939 -2.9106 1.9601 -0.4300 -2.4107 0.7947 0.2563 -1.9492 
22.9579 14.2636 -7.7776 -3.1775 3.6530 -2.1964 -2.6201 2.2384 -0.0811 -1.9482 1.4197 0.9762 -1.3672 
22.8477 14.1155 -8.0082 -3.5310 3.4024 -2.3285 -3.0450 1.4774 -0.6845 -2.4046 0.6332 0.1293 -1.6410 
22.7512 14.4091 -7.3949 -3.4124 3.3548 -1.7119 -2.0702 1.9123 -0.9709 -2.8870 0.3253 -0.2332 -2.1805 
23.2526 14.9386 -7.0957 -3.1771 3.3628 -2.0916 -2.3814 2.3612 0.2319 -1.7471 0.8036 -0.1213 -2.0560 
23.4776 15.0059 -7.4099 -3.5065 3.2303 -2.2634 -2.8437 1.6227 -0.6588 -2.5309 0.5705 0.2993 -1.5755 
23.2839 14.6393 -7.9057 -3.9343 3.0973 -2.0125 -2.2980 2.1980 -0.2853 -2.3106 0.7051 0.1694 -1.8927 
22.9944 14.8021 -7.0508 -3.2934 3.3321 -1.7355 -1.8980 2.6968 0.4353 -1.5618 1.1585 0.3662 -1.8065 
22.4387 14.0383 -7.7490 -3.8450 2.9624 -2.1533 -2.7031 1.5308 -0.7033 -2.3949 0.6221 0.0147 -1.9944 
22.8175 14.3440 -7.8180 -4.0235 2.7895 -2.5396 -3.3211 1.1055 -0.7272 -2.4286 0.3268 -0.1324 -1.8401 
22.0520 13.6325 -7.8295 -3.6459 3.2337 -1.9157 -2.3865 1.9764 -0.3992 -2.4722 0.4783 0.3527 -1.2832 
22.3598 14.2345 -7.0422 -3.1666 3.0431 -2.3658 -2.3844 2.5658 0.4406 -1.6333 1.1187 0.6050 -1.2671 
22.2913 14.1396 -7.1985 -3.2971 3.2569 -1.9274 -2.4119 1.6662 -1.1005 -3.4219 -0.6720 -1.0376 -2.5309 
22.3172 13.9417 -7.6553 -3.6156 3.0512 -2.3401 -2.7917 1.9703 0.0413 -1.8933 0.8315 0.2957 -1.5324 
22.0366 13.9412 -7.1267 -3.1452 3.2313 -2.3019 -2.9341 1.6449 -0.2927 -2.2954 0.2301 -0.3314 -2.1164 
21.8400 13.6026 -7.3499 -3.1169 3.2180 -2.2047 -2.3224 2.2696 -0.1515 -1.9596 1.1928 0.5020 -1.8504 
22.5962 13.9487 -8.1250 -3.9221 3.1762 -1.9413 -2.2642 2.3873 0.1913 -1.8213 0.8952 0.1513 -1.7876 
22.5230 14.5481 -6.5355 -2.3995 4.0332 -1.5884 -2.4939 1.4227 -1.0769 -2.7218 0.7136 0.5196 -1.6023 
23.0154 14.7642 -7.0467 -3.0752 3.4524 -2.0866 -2.5371 2.1118 -0.0944 -2.0622 0.8969 0.4221 -1.7190 
22.8772 14.7712 -6.8288 -3.0332 3.2922 -2.1847 -2.7024 1.6377 -0.5115 -1.9507 1.2457 0.4637 -1.8700 
23.8354 15.6014 -6.7990 -3.3923 2.5834 -2.9751 -2.8067 2.1977 -0.0451 -1.8170 1.0826 -0.1732 -2.7061 
25.1331 15.7581 -8.7789 -5.0701 1.8541 -3.5412 -3.1303 2.0193 -0.5916 -2.5098 0.4225 -0.9178 -2.9877 
24.5298 15.5813 -7.4330 -2.5737 4.1938 -2.2510 -2.5997 2.2333 -0.7994 -2.6581 1.3489 0.5796 -2.4598 
23.4955 15.0415 -7.0842 -2.8274 3.5558 -2.4510 -2.5601 2.6535 0.1830 -2.0968 1.1247 0.5822 -1.9948 
23.1076 14.9724 -6.6862 -2.8535 3.1167 -2.6419 -2.4974 2.7015 0.2951 -2.0196 0.8905 0.1707 -2.3574 
22.6742 14.2738 -7.5336 -3.5025 3.2792 -1.8112 -2.1560 2.0453 -0.3502 -1.9934 0.8795 -0.0579 -1.9644 
22.7252 14.8385 -6.4132 -2.4951 4.0027 -1.6061 -2.4836 2.2658 0.7533 -1.3480 0.6495 -0.2001 -1.9433 
22.1203 14.1239 -7.0561 -3.3165 3.3142 -1.7210 -2.3201 2.0972 0.2538 -1.6620 0.8435 0.3684 -1.3500 
22.4469 14.2481 -7.2595 -3.4233 3.1096 -2.0973 -2.6125 1.5269 -0.8734 -2.7248 0.1156 -0.4330 -2.0589 
22.1771 14.1397 -7.0815 -3.3767 3.0817 -1.9729 -2.4367 1.8039 -0.2620 -1.9621 0.6561 -0.1984 -2.1983 
22.5179 14.4095 -6.9301 -3.0752 2.9477 -3.0062 -3.5915 1.3061 -0.5048 -2.4906 0.1734 -0.1303 -1.7534 
21.8925 13.9594 -7.0241 -3.3865 2.9306 -2.3980 -3.0931 1.5489 0.0346 -1.8453 0.5051 0.0369 -1.7100 
22.7124 14.5006 -7.0589 -2.8882 3.8591 -1.8217 -2.8438 1.6058 -0.3219 -2.3746 0.2977 0.1742 -1.3866 
22.0790 14.0431 -7.0444 -3.2326 3.0478 -2.3790 -2.8941 1.6471 -0.3301 -2.1443 0.6109 -0.0959 -2.2260 
22.3608 14.7311 -6.2380 -2.9828 3.1162 -1.7114 -2.0689 1.8141 -0.4508 -1.8616 1.0593 0.1453 -1.9442 
22.4876 14.7215 -6.2607 -2.6019 3.3751 -2.1720 -2.5289 2.1733 0.0166 -2.2201 0.4903 0.3720 -1.2475 
21.9184 13.8315 -7.2477 -3.4823 2.7716 -2.5233 -2.8076 1.8025 -0.4009 -2.5521 0.0884 -0.4262 -2.3905 
21.9537 13.9431 -7.1078 -3.4290 2.7688 -2.6313 -3.1198 1.5926 -0.0873 -1.9375 0.4742 -0.1820 -1.8279 
22.1894 14.1185 -7.1386 -3.3199 3.2372 -2.0678 -2.7918 1.7227 0.0293 -1.7787 0.6568 -0.0609 -1.8862 
21.7551 13.8658 -7.0969 -3.6522 2.7511 -2.0056 -2.2049 2.3301 0.3502 -1.6930 0.8618 0.4115 -1.4772 
21.6529 13.6621 -7.1850 -3.4345 2.9485 -2.0277 -2.2636 2.0718 -0.3688 -2.5075 0.3203 -0.1092 -2.1774 
21.2904 13.4393 -6.9204 -3.1604 2.7048 -2.6528 -2.6953 2.2033 0.2421 -1.9006 0.5414 0.0133 -1.8179 
21.4004 12.9492 -8.1430 -3.7528 3.3166 -1.8614 -2.8248 1.1830 -0.8325 -2.4258 0.2220 -0.8257 -3.0442 
22.0433 14.2803 -6.6191 -3.0972 3.2119 -1.9438 -2.8016 1.2279 -0.6262 -2.1969 0.5051 -0.0609 -1.9668 
21.8159 13.6889 -7.3364 -3.3647 3.2151 -1.9350 -2.4274 2.0137 0.0342 -1.9129 0.5352 -0.0703 -1.6774 
22.2854 14.3732 -6.7840 -3.1879 3.1327 -1.9761 -2.4496 1.7738 -0.4045 -2.2904 0.2939 -0.4169 -2.3626 
21.5990 13.7415 -6.9140 -3.2163 2.9792 -2.2503 -2.6980 1.8597 0.0033 -1.9208 0.6526 0.2453 -1.4495 
21.3164 13.5948 -6.7742 -3.2116 2.8408 -2.2265 -2.6180 1.6760 -0.3961 -2.2890 0.3959 0.0132 -1.8725 
20.9612 13.2058 -6.7749 -2.6550 3.7773 -1.2447 -1.7603 2.4221 0.2505 -1.8922 0.3566 -0.2669 -1.8264 
20.6741 12.7366 -7.2162 -3.0997 2.8677 -2.5342 -2.7659 1.6192 -0.7607 -2.5334 0.5345 -0.2921 -2.9480 
20.5375 12.7645 -7.0490 -3.0348 3.3676 -1.3271 -1.6311 2.1708 -0.4578 -2.2924 0.7873 0.5658 -1.1711 
