17.0336 -0.9174 0.3951 -0.8144 -1.3603 -0.7824 -0.4926 -0.2051 -0.1096 0.0960 -0.4983 -0.1822 0.3972 
17.0838 -0.8079 -0.3366 -0.9909 -0.4803 -0.9805 -0.1623 -0.3208 0.0233 -0.3047 -0.2036 -0.0686 -0.1740 
16.7300 -0.6721 0.6011 -1.5706 -0.4786 0.6680 -0.6092 -0.6533 0.3154 -0.6245 -0.2372 0.2059 -0.0439 
16.7749 -0.9344 -0.0905 -0.9776 -0.2469 -0.6656 -0.4820 0.3691 -0.0481 0.6680 -0.0688 -0.3993 -0.2329 
15.7817 -1.5449 -0.8257 -1.6445 -1.3308 -0.6947 -1.0825 -0.7654 -1.0277 -0.4666 -1.1180 -0.7906 -0.1432 
18.4787 -0.5988 0.0237 -1.0602 -0.9930 0.2435 -0.2204 0.1631 0.1509 -0.4480 0.4837 -0.1228 -0.4686 
17.0755 -1.1869 0.3066 -0.9542 -2.0540 -0.7596 0.1823 0.8429 0.2074 -1.6209 -0.6914 -0.2559 0.4166 
17.7267 -1.3133 -0.0582 -0.9875 -1.3298 -0.2348 -0.2158 -0.7566 -0.1962 -0.2819 0.6550 -0.5369 0.0527 
18.8186 -0.4372 0.2628 -0.5980 -0.8873 0.1739 -0.0837 -0.9603 -1.1247 0.0826 -0.3126 -0.2103 -0.0925 
17.7121 -0.1706 -0.3609 -1.3893 -0.6790 0.8930 0.0151 0.0702 0.1356 -0.3503 -0.1679 -0.4411 -0.3600 
17.6490 -0.4869 1.3511 -1.4263 -0.8315 -0.7303 -0.2256 0.3151 -0.3728 -0.6550 -0.0899 -0.3474 -0.0910 
18.2453 -1.2595 0.9067 -0.3761 -0.9593 -0.8738 -1.2963 -0.0750 -0.4674 -0.3554 -0.1448 -0.4164 -0.6292 
18.8369 -0.5678 0.2549 -0.3289 -0.5390 -0.3910 -0.8258 -0.4398 -0.1302 -0.5626 -0.2998 0.3388 -0.2340 
17.4685 -1.8789 0.0720 -1.3913 -0.4139 -0.0321 -0.2305 0.1013 0.1285 0.0374 -0.3058 -0.0377 0.1647 
18.5240 -1.3687 -0.0871 -2.0279 -0.9336 0.2515 0.2723 0.7996 -0.3306 -0.2553 -0.3340 -0.2510 0.0263 
17.0626 -0.5434 -0.2069 -0.8728 -0.2950 -0.9524 0.1480 -0.1778 -0.3503 -0.3263 0.3474 -0.6562 -0.0837 
18.4375 -0.9003 -1.0708 -0.9618 -1.4209 0.5179 0.0111 0.8614 0.3896 -0.3322 -0.5759 0.0214 -0.6178 
17.8888 -1.1330 1.1641 -0.4348 0.2461 0.4940 -0.3051 -0.5404 -0.7047 -1.0587 -0.4242 -0.5766 -0.1564 
18.9002 0.0299 -0.0899 -0.4029 -0.1936 0.5933 0.0827 -0.2288 -0.5881 0.4675 -0.5063 -0.3936 0.5328 
17.9720 -0.8049 -0.4591 -1.7808 -1.8103 -0.5321 0.2539 -0.0120 0.2064 -0.3040 0.1017 0.1518 0.2984 
18.3097 -1.1952 -0.5077 -1.0140 -1.5352 -0.3568 -0.6335 0.1376 0.5251 -0.5504 0.3267 0.2373 0.1733 
18.7318 -0.9095 1.3035 -0.1122 -0.8757 -0.3261 -0.4894 -0.2909 -0.2712 -0.5030 -0.1402 -0.1577 0.0389 
18.1515 -0.2069 0.9133 -1.3649 -1.0434 -0.0659 -1.0219 -0.0979 -0.0413 0.1399 -0.2088 -0.3280 -0.1977 
19.1355 -0.8840 0.5164 -0.7470 -0.9829 -0.4676 -1.0152 -0.2323 -0.4670 -0.4937 0.2525 -0.3228 0.1821 
18.9829 -0.7578 0.6401 -0.5525 -0.4822 -1.0732 -1.0896 -0.6239 -0.2507 -1.2249 0.0288 0.0150 -0.1190 
19.5103 -0.5694 0.6857 -1.2343 -1.3204 0.3502 -0.6801 -0.7720 0.3750 -0.6791 -0.0448 -0.3402 -0.4429 
19.2975 -0.9356 -0.3494 -1.2625 -0.4886 0.4534 -0.7005 -0.1719 0.0209 -0.7582 -0.2720 -0.0692 -0.2675 
20.1775 0.7815 -0.1167 -0.3444 -0.3159 0.0953 -0.3979 -0.6357 -0.7321 -0.3670 0.5040 -0.0238 -0.0804 
19.2931 0.3946 0.3242 -1.3130 0.4560 -0.5839 -0.5931 0.2101 -0.9350 -0.5919 0.1114 -0.1116 -0.2065 
19.0146 -1.5596 0.4590 -0.8673 -1.1672 -0.8607 0.1920 0.3144 -0.1347 0.0916 -0.5498 -0.2931 0.3114 
17.8595 -2.1333 -0.2855 -1.0480 -1.4887 0.6461 0.1450 0.2068 0.6843 0.5280 -0.6523 -0.6664 -0.0166 
18.7655 -1.5692 -0.3398 -1.4981 -1.0956 0.2157 -0.4082 0.9831 0.1910 -0.2546 -0.4555 -0.5713 -0.5413 
18.9844 1.3060 -0.8301 -1.5167 -1.5809 0.3572 -0.6670 -0.4773 0.1206 -0.1617 -0.7384 -0.3972 0.4224 
18.7178 0.0211 0.7791 -0.1870 -1.2168 -0.3047 -1.2210 0.0214 -0.4889 -0.6417 -0.4560 -0.1750 0.2947 
19.0254 -0.7121 0.9956 -0.5069 -1.4542 -0.0735 -0.3250 -0.7289 -1.2576 -0.6861 0.4419 -0.6850 -0.0412 
18.6709 -0.9598 1.6683 -1.2214 -2.1025 -0.4740 -1.1180 -0.9809 -0.4659 -0.4572 0.2861 -0.3292 -0.5048 
20.0307 -1.2662 0.4563 -1.1609 -1.4708 -0.1001 -0.5323 -0.7706 0.4974 -0.4173 -0.8891 -0.3134 0.0474 
19.7577 -0.0898 -0.4551 -0.7760 -0.8175 0.4033 -1.1356 0.2043 -0.6551 -0.4389 0.0134 -1.0096 -0.1763 
19.2354 -0.1220 1.1310 -1.2744 -2.2322 -0.5314 0.2924 -0.3260 -0.0067 -0.6139 0.0403 -0.2421 -0.3772 
19.9082 -1.0811 -0.2292 -2.1926 -1.0888 -0.7934 -0.5852 -0.0449 -1.0124 -0.0339 -0.4547 -0.0492 -0.2137 
18.0896 -1.3164 1.1596 -0.2200 -0.3218 0.4870 0.1273 0.8072 0.1159 -1.1464 -0.6300 -0.4536 0.3375 
18.8315 -0.5619 0.4226 -1.3938 -0.4607 0.4538 -0.0194 -0.0098 0.3236 0.3948 -0.3473 0.7621 0.0250 
19.2466 -0.6434 1.2318 -1.0221 -0.8983 1.5086 -0.5144 -0.0508 0.1574 -0.4772 -0.3368 0.5690 -0.8009 
20.6382 -0.2845 0.4070 -1.7766 -0.9507 0.6435 -1.0676 0.1551 -0.0186 -0.6716 0.4749 -0.3745 -0.0219 
19.7765 -0.5750 0.6404 -0.7770 0.0051 0.4952 -0.8198 0.0558 -0.4659 -0.8255 -0.0840 -0.2209 0.0566 
19.6817 -1.1954 0.7376 -1.1635 -2.0477 -1.0133 -0.0880 0.5427 0.6721 -0.3059 -0.0281 0.2854 0.6250 
19.7306 -0.3582 0.5469 -1.2658 -1.7081 0.4017 -0.5278 -0.4996 0.4188 -0.5164 -0.1939 -0.4467 -0.1305 
18.1990 -1.9193 1.0438 -0.5476 -0.6905 0.1404 0.5681 -0.0190 -1.2146 -1.6414 -1.0842 -0.4734 0.8817 
18.4641 0.3750 0.5760 -0.6867 -0.9722 0.5557 -0.8065 -0.3162 -0.8586 0.2554 -0.4596 -0.5266 -0.2458 
19.1187 -0.4059 0.3993 -1.0853 -1.8116 -0.6613 -3.1996 -0.2824 0.1339 -0.6764 -0.8385 0.0193 0.1442 
19.7485 -0.6225 0.3246 -1.8531 -0.5872 0.2749 -0.9542 0.2539 -0.5222 -1.0904 -0.0789 -0.1503 -0.4825 
19.6754 1.2542 1.8103 -2.2714 -1.1923 0.1127 -0.8323 -0.5349 0.1740 -0.0781 -0.7312 0.0450 0.1526 
19.4643 0.2392 1.5894 -1.3301 -1.3093 0.3650 -0.9130 -0.4773 0.1064 -0.1799 -0.6404 -0.5767 -0.3611 
19.9871 0.4141 0.6739 -0.2884 -0.1709 -0.9365 -0.7518 -0.6110 -0.2067 -0.5231 -0.2115 0.5763 -0.3955 
19.1109 -0.2045 0.8487 -0.5298 -0.0453 -0.3686 -1.2218 0.2027 -0.0452 -1.0090 0.0619 -0.1812 0.0924 
18.7768 -0.4381 -0.1439 -0.8482 -1.0290 -0.3812 0.0491 -0.5617 -0.0817 -0.3075 -0.0007 -0.5101 -0.3812 
19.6725 -0.7349 0.1387 -0.8743 -2.1709 -1.3684 -0.6573 0.1060 -0.7030 -0.3314 0.1493 -0.2232 -0.0396 
18.8004 -1.3256 0.1759 -0.5312 -1.2401 0.2678 -0.5349 -0.5137 -0.1049 -0.1018 0.6595 -0.1737 -0.0474 
18.1709 -1.0808 1.1536 -0.1097 -0.7788 -1.3850 -0.4460 0.5442 -0.5170 -0.4089 -0.5387 -0.3804 0.0090 
19.2779 -0.4377 0.9084 -1.8615 -1.1170 -0.6272 -2.1280 -0.4854 -0.1054 -0.3520 0.2934 -0.6049 -0.2792 
17.7775 -0.5893 0.2139 -0.3638 -0.5026 0.3912 -0.8631 -1.4683 0.2307 -0.2960 -0.1938 -0.3362 0.7111 
19.2616 -0.3497 0.8386 -0.5444 -0.2913 -0.2812 -0.9433 -0.6912 -0.0628 0.0096 -0.5230 -0.2087 0.4991 
18.7439 0.1802 0.1508 0.4229 -0.8380 -0.0069 -0.9732 -0.6681 -0.6581 0.1259 -0.4348 -0.5000 0.1502 
18.7509 -0.5462 0.2691 -1.2235 -1.0264 -0.3767 -0.7860 0.8570 0.3361 -0.3777 -0.2624 -0.1071 0.8076 
19.4974 -0.5312 -0.3601 -0.5008 -0.4435 0.0109 -0.3676 -0.0259 -0.2914 0.0709 0.4408 -0.3090 -0.3296 
19.0430 -1.0954 0.1245 -2.0863 -0.8282 -0.3506 -0.4106 -0.6162 -1.0506 -0.6759 0.0192 -0.7481 -0.3123 
19.1072 0.3314 0.7371 -0.8294 -0.9823 -0.2790 0.3055 -0.8320 -0.8154 0.5498 0.4509 -0.6475 -0.4484 
18.6463 -0.8280 0.6452 -1.0923 -0.6625 -0.3119 -1.0767 -0.5063 -0.7068 -1.1037 -0.2133 -0.6083 0.1977 
18.9802 -1.1784 -0.5699 -0.6634 0.0061 -0.5449 -0.5522 -0.4977 -0.2843 -0.9288 -0.4650 -0.7413 0.0363 
19.2867 -0.1067 -0.3373 -1.2589 -1.2525 -0.4610 -0.8409 -0.5051 -0.7362 -0.0621 -0.0143 -0.8958 0.0166 
19.5494 -0.8385 0.7553 -0.0697 -1.8920 -0.8284 -0.2485 -1.1857 -0.6542 0.0051 -0.5306 -0.9875 0.2526 
20.2240 -0.4016 0.8167 -0.2454 -0.9320 -0.1725 -0.0389 0.3764 0.0171 -0.3541 0.2107 0.0113 0.0416 
18.9419 -1.6361 0.1439 -1.3148 -0.2591 0.8033 -0.8820 0.4214 0.5861 -0.3781 0.4164 -0.2339 -0.4525 
20.1118 -0.7324 -0.9927 -0.6843 -0.5358 -0.6925 -0.9183 -0.0972 -0.6192 -0.5415 -0.4439 -0.3639 0.3010 
20.5885 -0.6599 0.5735 -1.3709 -0.3483 0.1786 0.3330 0.6200 -0.0690 -0.1337 -0.3670 -0.1541 -0.1370 
18.9284 -0.7256 1.4549 -0.4961 -0.2235 -0.0687 -1.0431 -1.3755 -1.0782 -0.3689 0.6275 -0.0190 -0.5356 
21.2839 0.0203 0.0823 -0.0754 0.0142 -0.5077 -0.0912 -0.0650 0.0568 -0.1473 0.1563 0.2882 -0.4590 
21.5811 -0.4706 0.2805 -0.3750 -0.4150 -0.3720 -0.1267 -0.1848 -0.0514 0.0247 -0.4339 -0.5473 0.3802 
19.6917 -1.0278 0.5126 -0.0688 -0.2024 -0.6155 -0.0686 -0.8087 -0.7092 0.0573 -0.1388 -0.2758 -0.5287 
19.9528 -0.8208 0.5195 -1.0220 -0.7036 -1.3580 -0.4219 -0.8479 -0.3863 -0.0045 -0.7829 -0.3308 0.2966 
21.4893 -1.5301 -0.3494 -0.6417 -0.9973 -0.7792 -1.2764 -0.2658 -0.1288 -0.8583 0.4752 0.4420 -0.5506 
20.4575 -1.9623 0.0869 -1.3391 -1.5010 -0.7041 0.2199 0.1505 0.5279 -0.6994 0.2831 0.3884 0.1311 
22.5041 -0.7878 -1.2371 -1.5998 -0.3898 0.1826 0.3527 -0.0148 0.5536 -0.8784 -0.0750 -0.6748 0.2341 
32.1676 0.2194 -4.9230 -1.9257 -0.0745 0.1619 2.2547 0.7603 0.3171 0.4501 -0.1948 -0.7106 -0.6280 
33.1271 -0.5077 -5.6756 -2.4572 -0.5594 -1.6700 0.3478 3.1476 0.3187 -0.6349 -0.0323 0.1173 -0.4775 
33.5362 -0.4085 -4.8447 -1.7301 -0.2078 -1.6098 0.1754 2.5338 1.0398 -0.5290 -1.0518 0.0658 -0.8197 
33.5930 -1.3781 -4.5553 -1.2551 -1.7427 -2.0463 -0.5539 1.3589 1.6300 -0.8623 -1.3653 0.2963 -0.3710 
34.3957 -1.2930 -4.2519 -1.8416 -1.6665 -0.7492 0.2575 1.4717 2.1433 -0.7916 -1.1314 0.5911 -0.4483 
33.9181 -1.5269 -4.0218 -1.4558 -2.1482 -0.9431 0.0665 1.9669 1.8637 -0.6746 -1.7616 0.3664 -0.4802 
33.2930 -1.7591 -3.8790 -1.9874 -2.3495 -1.0558 -0.0662 2.2441 1.5962 -0.4364 -1.7735 0.8507 -0.0552 
32.9030 -2.2406 -4.0793 -2.1202 -2.3790 -0.7028 0.0230 2.4700 1.9101 -1.2480 -0.5879 1.2261 -0.6642 
32.9304 -2.6966 -3.7804 -0.8633 -2.9351 0.1624 0.0302 3.0032 1.5265 -1.6485 -0.4624 1.4184 -0.0889 
33.1515 -2.8479 -3.0385 -1.4039 -1.9549 1.0004 1.2519 2.0708 0.2944 -2.1246 -0.1033 -0.0331 -0.4490 
32.0043 -2.5285 -3.2298 -3.0117 -2.1642 0.4175 0.6569 2.0270 0.5826 -2.1695 0.1171 1.0565 -1.3069 
30.3475 -1.4775 -2.3852 -1.2063 -2.4829 0.7543 1.1623 1.5787 0.0415 -1.0943 -0.2738 0.0897 -0.4119 
28.5538 -1.4361 -3.1899 -1.9227 -2.0545 0.4587 1.6706 2.0402 1.0255 -0.5525 -0.8959 0.1553 -0.2466 
27.9332 -1.2650 -4.1469 -2.2440 -3.3026 -0.5065 0.9448 1.1386 0.6727 -2.2587 -0.3798 0.6667 -1.0628 
27.2740 -1.6762 -4.5350 -1.5063 -2.5743 -0.5714 0.5051 0.9543 0.5578 -0.9462 -0.6371 0.3446 -0.7113 
25.1044 -1.3407 -3.7548 -0.9036 -1.9638 -0.1472 0.6405 0.4753 0.8173 -1.2918 -0.7562 0.4252 0.2461 
23.9037 -1.7540 -3.2353 -0.4090 -2.1296 -0.4294 0.0607 0.2531 0.3360 -0.7504 -0.0761 -0.0625 -0.4419 
23.4792 -1.3055 -3.7721 0.0096 -1.0806 0.8933 0.2913 1.2133 -0.3370 -1.0173 -0.4048 0.9323 -0.8428 
23.1235 -0.9410 -1.5851 -0.0880 -1.7357 -0.5818 -0.1238 0.5701 -0.1870 -1.7362 -0.3393 -0.1005 0.2261 
23.4020 -0.7126 -1.5859 -0.1691 -0.5710 -0.3832 -1.0161 0.1226 0.1429 -1.4212 -0.2777 -0.4258 -0.0923 
23.8369 0.0310 -1.3735 -0.8597 -1.9058 -0.1467 0.1933 -0.0609 -0.0939 -1.6593 -0.5550 0.1116 -0.1403 
23.2340 0.6770 -0.7561 -0.9081 -0.7819 -0.9791 -0.4389 1.6047 0.1406 -0.8887 -0.5001 0.3772 -0.2285 
24.8943 -1.0158 -0.5416 -3.1295 0.8552 -0.8929 1.3743 0.4374 -0.2879 -1.6038 -0.7071 -0.3386 -0.3218 
25.2349 0.3583 0.4341 -2.6616 -1.2182 -0.2704 0.2474 -0.0715 -0.0183 -1.3958 0.0368 -0.3388 0.3261 
23.8760 -0.2020 0.1393 -1.4208 -0.9791 -1.0723 -0.0883 0.0765 -1.0257 -1.1134 0.0754 -0.7466 -0.0736 
23.7979 -0.0822 -0.2420 0.1578 -0.7423 -1.7889 -0.6774 0.3117 -0.4257 -1.0511 -0.3775 -0.4801 -0.1541 
21.5118 -0.2366 -0.1822 -0.6374 -0.1929 -2.5469 -1.3116 0.5108 -0.3405 -1.7723 -0.4138 0.1384 0.3132 
21.1726 -0.1271 -0.0369 -0.4532 -0.4656 -0.6800 -0.8386 -0.0945 -0.4533 -0.8608 -0.0626 0.1680 -0.2638 
21.6969 -0.6938 -0.3997 -1.6983 0.3661 -0.5866 -0.6067 0.5927 0.4097 -0.2012 0.0434 0.4964 -0.7314 
20.5488 -0.6754 -0.3355 -0.3752 -0.0425 -0.0228 -0.5652 0.0342 -0.2652 -0.5377 0.0357 0.4907 0.1993 
22.3210 -0.7521 0.3147 0.0275 0.1492 -0.2350 -0.2748 0.1753 -0.0393 -0.5661 -0.4487 -0.1231 0.1009 
20.0883 -0.5768 0.3940 0.7650 -1.2098 -1.1060 -0.8306 -0.2164 -0.5164 -0.0570 0.2393 0.1121 -0.8849 
20.6213 -0.9820 0.2000 -0.6988 -0.7891 -0.6077 -0.6446 -0.0429 -0.3413 0.3346 0.0190 -0.4431 -0.2136 
20.8397 -1.2195 0.1406 -1.1019 -0.2459 -0.3908 -0.0867 -0.1636 -0.2161 -0.6877 -0.2226 -0.6578 -0.2313 
19.3876 -0.4018 -0.6013 -0.1203 -0.8183 -0.8012 -1.9530 -0.0290 0.7100 -0.4343 -0.1184 0.0770 0.0251 
19.7564 -0.5107 -0.0100 -0.2265 -2.2403 -1.0279 -0.8196 0.7607 -0.0360 -0.8490 -0.4223 0.3619 0.6443 
21.1849 -0.0729 0.1568 -0.4862 -0.2545 -0.0798 -0.5352 -0.2214 0.2740 -0.2569 0.6218 0.2677 -0.4021 
21.4758 -0.6226 0.4404 0.0929 -0.1315 0.0111 -0.4515 0.2726 0.2702 -0.4031 0.4964 0.1900 -0.7051 
20.7466 -0.5892 -0.1111 -0.0313 -0.5449 0.4362 0.0228 0.5631 -0.2149 -0.4003 0.3387 -0.4644 -0.5336 
20.7203 -1.1032 -0.4318 -0.4539 -0.3229 0.6653 0.5654 1.1706 0.3227 0.0950 0.8140 -0.4367 -1.2309 
18.9374 -2.1340 -0.9693 -1.1294 0.2126 0.0919 0.1715 0.3643 0.3750 -0.5834 -0.2694 -0.3084 -0.1767 
20.9724 -1.5215 -0.6145 -0.9158 -0.8173 -0.6603 -0.5509 0.3417 -0.1211 -0.6823 0.0025 -0.5406 -0.0932 
19.6189 -2.0443 0.0521 -0.3616 -1.3450 -0.1440 0.3119 0.0957 0.7314 -0.2872 0.0400 -0.8645 -0.8478 
19.9622 -1.8595 0.1719 -0.1239 -0.6726 -0.7679 -0.2448 -0.2569 -0.6103 -1.1543 -0.3993 0.0215 -0.3646 
21.2386 -0.4906 -0.5571 -0.1725 -0.6586 -0.5876 -0.3223 0.2343 -0.1580 -1.0408 -0.2637 -0.1838 -0.3610 
20.6805 -1.9227 0.0282 -0.5128 -0.8875 -1.3241 -0.6809 -0.4278 -0.2640 0.2547 0.3123 -0.2358 0.0276 
20.1823 -2.2057 -1.0622 -0.1652 -0.9355 -1.4922 -1.0135 -1.0376 -0.6086 -0.2135 -0.1642 -0.6715 -0.2821 
22.0119 -1.0297 0.4038 -0.9472 -1.7269 -0.3101 -0.5251 0.0568 -0.4002 -0.6695 -0.1686 -0.3473 -0.1175 
22.2605 -1.4873 0.6720 -1.7172 -0.8837 -1.3908 -0.0928 -0.0033 -1.2239 -0.5974 0.2350 -0.4085 -0.3516 
21.3030 -1.7143 -0.9822 -0.7363 -1.9577 0.1376 -0.2045 -1.0540 -1.0763 -1.2097 0.3998 -0.7067 -0.2022 
21.8966 -1.8122 0.1074 -0.9077 -1.3412 0.1214 0.6591 0.2526 -0.6948 -1.2161 0.6145 -0.8570 -0.1075 
21.3324 -1.2096 0.3549 -1.4811 -1.6232 0.9979 -0.2662 -1.6287 0.3655 -0.1612 0.1027 -0.8226 0.5843 
20.3380 -1.7253 0.4549 -0.4064 -0.7759 -0.7823 -0.3089 -0.2057 -0.0104 -0.7544 0.4313 0.2226 -0.5027 
19.7485 -2.2444 -1.2943 -1.0366 -1.6806 0.0103 0.4670 -0.1475 0.0187 0.6166 0.5279 -0.1555 0.0906 
19.3628 -2.6693 -0.7259 -1.6372 -1.9355 0.9450 1.0285 0.8704 0.4943 -0.1091 0.1095 -0.1783 -0.6116 
20.2274 -2.7904 -0.6071 -0.7639 -1.6087 -0.2408 -0.1760 -0.9738 0.0097 -0.3472 0.6041 -0.6053 -0.1381 
20.3264 -2.4971 -2.1071 -1.1859 0.1076 0.3585 0.1509 -0.0797 -0.0730 -0.8546 -0.1077 -0.7817 -0.0231 
21.4443 -0.8465 -0.0418 -0.3396 -0.7606 0.2336 -0.8193 -0.6116 -0.3562 -0.0960 0.5007 -0.1317 -0.0402 
19.9802 -0.9608 -0.0787 -0.6769 -1.2367 -0.1414 0.2013 0.5923 -0.2201 -1.3409 -0.4436 -0.2228 0.2309 
20.3139 -0.2613 0.1570 -0.9879 -1.2301 -1.2120 -0.3294 -0.7903 -0.0498 -0.5627 0.1610 -0.3291 -0.3769 
20.0835 -0.5821 0.5483 -0.8829 -0.2082 -0.7207 -1.1642 -0.5430 -0.3902 -0.5156 0.0842 -0.3731 0.4615 
20.6372 -0.8979 -1.3968 -0.6888 -0.2327 0.5488 -0.8641 -0.0445 -1.0371 -0.7767 0.0450 -0.1779 -0.1555 
19.8244 -1.3604 -1.5486 -1.6212 -0.5225 0.0699 -0.7380 -0.8173 -1.3038 -0.2976 -0.5596 -0.0343 -0.3624 
19.8173 0.0599 -0.1495 -1.4771 -0.2326 0.3884 -0.4697 -0.4765 -1.1211 -0.9793 0.2834 -0.0558 0.0003 
20.6233 -0.3303 -0.4779 -1.1541 -0.9458 0.0375 -0.7921 -0.2854 -0.8271 -0.8615 -0.2981 -0.4736 0.0221 
19.1817 0.7958 -0.1155 -1.2706 0.1181 -1.7594 -0.5628 -0.5373 -1.3194 -0.6835 0.5663 -0.5555 -0.0889 
20.3489 -0.6779 -0.9598 -1.0324 0.0333 -1.0465 -1.3042 -1.1795 -0.9036 -0.2055 -0.0054 -0.3113 0.0673 
18.9344 -0.1052 0.5427 -1.3311 -1.3909 -0.8995 -0.7906 0.3473 -0.2740 -1.0050 -0.1438 -0.3532 -0.2282 
20.1036 -0.5879 0.2700 -0.9615 -1.0315 0.3225 -0.5777 -0.5684 -0.2532 -0.6004 -0.1802 -0.6360 0.2025 
19.6114 -0.1817 -1.3586 -1.6550 -0.7183 -0.3617 -1.0933 -1.0331 -0.6491 -0.4227 -0.0304 -0.5290 -0.2638 
19.2518 -0.8884 0.0256 -0.1538 -0.7765 -0.1817 0.7077 -0.5240 -0.7748 -1.0026 0.2889 -0.5773 0.0944 
18.7768 -1.2900 -0.7791 -1.2627 -0.6103 -0.6976 0.1662 -0.4442 -0.1886 0.0756 -0.6939 -0.4303 -0.0199 
18.9851 -0.8196 -0.0824 -0.6268 -0.3132 -0.2891 -1.2616 -1.8984 -0.3819 -0.5290 0.2308 0.4802 0.0121 
19.2556 -0.4981 -0.5023 0.7479 -0.2338 -0.1644 -0.7725 -0.9870 -0.6838 -0.3312 0.1736 -1.0366 0.4258 
18.1763 -1.0077 -0.5987 -0.9100 -0.8047 0.4559 -1.3743 -0.7194 -1.2455 -0.5907 -0.8239 -0.7366 -0.1543 
19.7983 -0.1674 -0.6405 0.1450 -0.7773 -0.0817 -0.0528 0.3328 -1.1513 -0.6759 -0.3809 0.1291 0.1600 
19.1492 0.0828 -0.1198 -1.5116 -1.0487 -0.0604 -1.0410 0.1053 -0.2855 -0.1730 0.3514 -0.6391 -0.1637 
18.9106 -0.8376 -0.2959 -2.2037 -1.5388 0.0566 -1.6373 -1.3542 -0.5487 -0.6265 -0.4894 -0.5758 -0.0865 
18.9284 0.4996 0.8788 -1.6946 -0.1957 0.1781 -1.0193 -0.1081 -0.7734 -0.2282 0.2392 -0.8824 -0.0254 
18.6190 -1.1007 -0.3287 -1.4519 0.0620 -0.4631 -0.5915 0.0495 -0.5517 -0.6223 -0.9461 -0.5946 -0.0491 
18.4987 -0.5609 -0.6401 -2.3327 0.5138 0.5111 -0.4061 -1.3396 -0.0346 0.3647 -0.5928 -0.1464 0.3520 
18.8187 -2.0390 -1.4405 -0.8152 -1.9551 -1.2084 -0.1906 -0.4368 -0.9528 -0.7438 0.3387 -0.1011 -0.2097 
17.5173 -0.1698 0.0179 -1.3630 -1.2329 -0.7682 -0.4876 -0.4951 0.0059 -0.2785 -0.6186 0.1366 -0.3557 
18.6273 -1.0812 -0.9328 -1.0695 0.1677 -0.1965 0.0535 -0.8214 -0.4882 -0.3802 0.2521 -0.2163 -0.2455 
18.2297 -0.2141 0.4632 -2.0379 -0.0787 0.4148 -1.6724 1.0106 1.0337 -1.6491 -0.8200 -0.3122 0.3563 
17.3981 -0.3285 -0.5123 -0.6079 1.1585 -1.8717 -0.1186 -0.1337 -0.1787 -0.5146 -0.9417 -0.4037 0.1575 
18.4954 -0.0012 -0.8853 -1.7283 0.4187 0.2424 -0.6923 -0.7663 0.0367 -0.1028 -0.6603 -0.0421 -0.5212 
19.4387 0.0887 0.0363 -1.0164 -1.4397 0.4842 -0.0906 -0.5233 0.2209 -0.6991 0.1149 -0.0313 -0.0453 
17.5127 -0.0698 -0.4351 -0.6178 0.7841 1.0989 -0.3733 -0.8593 -0.0413 -0.6140 -0.9318 -0.8750 0.1604 
18.5681 -1.3726 -1.0186 -0.4357 -1.2708 -0.9987 -0.5505 -0.2625 0.1487 0.3535 -0.0588 -0.0892 -0.4892 
18.8831 0.1240 -0.0236 -1.6906 -0.7800 0.1418 -0.4111 -0.4208 0.1699 -0.5493 0.1887 -0.3021 -0.1360 
18.8447 0.4082 0.2841 -0.7942 -0.3496 0.0417 -1.4696 -0.8135 -0.2776 0.2164 -0.3678 0.2037 -0.1996 
18.8914 -0.5228 1.0560 -1.1492 -0.2581 -0.6932 -1.3241 0.2021 0.4868 -1.1669 -0.2298 -0.1411 -0.3612 
19.4590 0.2603 -0.0308 -1.6905 -0.6116 0.2586 -0.3002 -0.2172 -0.3953 -0.3380 -0.4668 -0.0315 -0.1624 
17.8896 -1.2276 0.3451 -1.0384 -1.1944 -0.4732 -0.6515 0.1348 -0.2396 -0.7914 -0.6019 -0.7169 0.3025 
18.9858 0.6218 -0.7599 -1.3710 -1.3076 0.1835 -0.5263 -0.5870 0.0928 -0.5582 -0.5961 -0.3230 0.2701 
17.6897 0.5845 0.1278 -1.0142 -0.7358 -0.4409 -0.2655 1.1142 -0.3380 -0.3918 -0.5567 -0.2959 -0.2278 
18.1879 -0.4884 0.4011 -1.5582 -0.7637 -1.0661 -0.8973 -0.7680 -0.3253 -0.2507 -0.1906 -0.2575 -0.2531 
17.1984 -0.2113 1.5903 -0.7500 -0.9317 -0.8559 -1.4489 -0.3360 -0.4420 -0.3198 -1.1312 -0.3467 0.3199 
18.0848 0.2687 1.0339 -0.6679 -0.3490 0.0909 -1.0085 -0.4088 -0.4318 -0.5312 -0.0199 -0.6396 0.1859 
18.5434 0.2029 -0.8545 -1.1024 -0.6174 -0.3468 -0.9137 -0.4626 -1.0576 0.1044 -0.5177 -0.2308 -0.1199 
18.4135 -0.8561 -0.0300 -1.0398 -1.0495 0.0091 -0.8423 -0.2371 -0.4524 -1.5095 -0.4169 -0.2085 0.1304 
