15.4020 -0.4496 0.3736 -1.9807 -0.1184 -0.5107 -0.4805 -0.1858 -0.1619 0.1238 -0.1048 0.0812 -0.3573 
15.9957 -0.3585 1.5447 -1.3054 -1.4139 -0.5036 -0.6182 0.5870 0.1833 -0.3312 -0.4291 -0.1863 0.5476 
15.8930 -1.0384 0.9493 -0.9242 -0.6251 -0.3900 -0.5672 0.3664 -0.2133 0.2495 0.1630 0.3393 0.4545 
17.0680 -0.9197 -0.1717 -0.4228 -0.3951 0.3966 -0.3699 -1.1490 -0.2073 -0.4415 -0.6899 -0.2690 0.0457 
17.4825 0.0902 0.8843 -0.8054 -1.4355 -0.0693 -0.1679 -1.0705 0.2506 0.1149 -0.3398 -0.3336 0.3131 
17.5913 -1.8668 -0.2114 -1.4521 -1.2115 -0.6710 -0.4757 -0.2829 -0.1149 -0.5387 -0.1722 0.4855 -0.2998 
17.5692 -0.1468 -0.2698 -2.0760 -1.5489 -0.5336 -0.2211 -0.9358 0.1782 -0.9446 0.0357 -0.8265 -0.0279 
18.3660 -0.4726 1.5154 -0.9095 -0.2890 -0.6209 -0.6328 -0.1891 0.2761 -0.3878 -0.8427 0.0868 -0.0569 
17.6501 -1.3224 -0.5690 0.1632 0.2021 -0.2359 0.3093 -1.7817 0.3864 -0.2600 -0.6882 0.3335 -0.3230 
17.2366 -1.3594 -1.5309 -0.8324 -1.0814 -0.1599 -0.0842 -0.4931 -0.3444 -0.3536 -0.1023 -0.4554 0.0608 
18.1608 -1.5207 -0.7813 -1.5270 -1.4851 -1.1282 -0.4518 -0.8050 0.2898 -0.1015 0.0390 -0.1496 0.0528 
17.4869 -1.9683 -0.0500 -0.2927 -0.7783 -0.2544 -0.6081 -1.2546 -0.7666 0.6688 -0.1969 -0.1042 -0.1969 
19.1861 0.0186 0.2730 -1.0558 -1.6797 -0.5692 -0.2418 0.0347 0.3845 -0.3172 -0.5511 0.1099 -0.1965 
17.4364 -1.6650 0.8480 -0.7151 -1.5859 -1.1166 -0.9277 0.0309 0.0787 -0.1366 -0.1326 -0.7223 -0.1499 
18.5443 -1.2833 0.3958 -0.5633 -0.6343 -0.6838 -0.0976 -0.9466 0.1870 0.3128 -0.8901 0.1880 0.1226 
17.5525 -2.5147 -0.1991 -0.7774 -1.2287 0.5370 0.4802 -0.3608 -0.2983 -0.3094 -0.0848 -0.2154 0.3857 
18.0829 -1.2253 0.5020 -2.9509 -2.2635 -0.0225 0.1109 -0.4596 0.7663 0.4872 0.0734 0.2771 0.0201 
18.5040 -1.2307 -1.2583 -1.3492 -1.7881 -0.4266 -0.8751 -0.8671 -0.8899 -1.1780 -1.0668 -1.1083 0.4393 
18.2002 -1.2561 0.6027 -0.8858 0.1404 0.6184 -0.4493 -0.5270 0.4062 0.3257 0.1678 -0.3792 -0.8492 
18.3206 -0.0307 0.5470 -0.4119 -1.1190 0.3662 -0.5299 0.0698 0.2166 -0.5541 -0.0514 -0.6600 -0.0041 
18.7496 -0.7464 0.0834 -0.0289 -1.7705 -0.7881 -0.2496 -1.2412 -0.4254 -0.5394 -0.0512 0.1318 -0.2604 
19.2105 -0.9362 0.4287 -0.9973 -1.2409 -0.4016 -0.9533 -1.1113 -0.4519 0.1431 0.1003 -0.1381 -0.2409 
18.6696 -1.6583 -0.2045 -1.2921 -1.8400 0.1703 0.0644 -0.3578 -0.1928 -0.4522 -0.2105 0.4948 0.0098 
19.5166 -0.6290 1.8980 -0.3006 -1.8831 -0.2722 -0.8809 0.0290 -0.0036 -0.5218 -0.3902 -0.2484 0.4608 
18.9940 -1.6203 -1.0331 -2.0304 -1.2630 -0.4322 -0.6277 -0.3156 -0.8936 -0.8015 -0.2508 -0.7303 -0.7466 
19.1769 -1.9738 1.3139 -1.2473 -1.4046 -0.0720 -0.2192 -0.3134 0.0478 0.9630 0.3781 -0.1930 0.4233 
19.5267 -1.8196 0.2850 -0.3650 -1.2945 0.2956 -0.2986 -0.2820 -0.4279 -1.9302 -1.2820 -0.4494 0.4188 
19.5991 -0.5048 0.6950 -1.1557 -1.5370 0.4875 -0.2627 -0.9722 -0.3013 -0.4741 -0.2955 -0.1512 -0.6568 
19.2426 -1.0670 1.5555 -0.0633 -1.1177 -0.6794 -0.2535 -0.9323 -0.1861 -0.1176 -0.1846 -0.4459 -0.0071 
21.9571 -1.4141 -3.2168 -0.9923 -0.1884 -0.1381 -0.3139 -0.3230 -0.2275 -0.7194 -0.1677 -0.1419 -0.0081 
21.5903 -0.8973 -2.1905 -1.0143 -0.8407 -0.7471 -0.0924 -0.0820 0.5401 -1.0065 -0.4878 -0.2581 -0.2631 
19.8567 -1.1665 -0.7865 -0.8415 -1.4639 -1.2018 -0.7812 -1.2769 -0.4600 -0.2899 -0.8216 -0.6675 0.3302 
19.1447 -0.0921 0.9459 -1.4780 -1.3418 -0.5488 0.1109 -0.8058 -0.8042 0.1090 -0.4627 -0.3729 0.8071 
18.9307 -0.7949 -0.2040 -0.7986 -1.6446 -0.2255 0.2965 -0.3680 -0.3556 -1.1900 -0.0771 0.3535 -0.2712 
18.4107 -2.2967 -0.1356 -0.8114 -0.9237 -0.0487 0.7523 0.4818 -0.4579 -0.7147 0.3815 -0.2572 0.5364 
18.7924 -0.5566 -0.3586 -0.6129 -1.2785 -0.7107 0.1963 0.0242 0.2408 0.0721 -0.2615 -0.4699 -0.2570 
17.8529 -0.9667 0.5698 -2.1756 -1.4182 0.6307 0.0582 -0.4178 -0.2655 0.1824 -0.0212 -0.5565 0.3380 
19.3105 -0.2270 0.9322 -0.4547 -0.8706 0.0148 -1.0228 0.0986 -0.0469 0.2114 0.2702 -0.5245 -0.4660 
19.2953 -2.1871 -0.3079 -1.6660 -0.6353 0.2005 -0.2772 0.1409 0.2766 0.3065 0.2642 0.2434 0.2500 
18.1824 -2.6762 0.5313 -1.2982 -1.2199 -1.1426 -0.1196 -0.2309 0.2531 0.2659 0.4424 0.1548 0.4688 
19.4145 0.0564 0.7323 -1.1035 -2.0938 -0.4029 0.2506 -0.6467 0.0279 0.7688 -0.2434 0.1432 0.0223 
19.1499 -0.8506 -0.2959 -0.3818 -1.2266 -0.3374 0.9496 0.5530 -0.4681 -0.1987 0.2444 0.0543 0.0195 
17.5026 -2.1398 0.5600 -0.1711 -0.3316 -1.1122 -0.0045 0.5641 -0.4107 -1.5076 -1.0835 0.5227 0.7425 
18.6174 -0.9109 0.1245 -2.1868 -1.0976 -0.7288 -0.8438 -0.3444 -0.3033 -0.5488 0.2551 0.1470 -0.6177 
19.0173 -1.0200 -0.4086 -1.0589 -1.2963 0.6351 -0.4049 0.0245 -0.2766 -0.9539 -0.1794 0.2003 0.5176 
19.8699 -0.9437 1.3440 -0.5137 -0.2579 0.5058 -0.3155 -0.5229 -0.3709 -0.8434 -0.5836 -0.1290 -0.0642 
19.6194 -0.4588 0.3223 -1.3183 -1.3902 -0.8809 -0.5176 0.4836 -0.5769 -1.0952 -0.4239 -0.8064 0.4343 
19.0994 -1.0762 0.0798 -0.4368 -1.6732 0.1809 -0.0822 -0.6155 -0.5190 -0.2542 -0.3989 -0.2172 -0.0246 
17.9801 -0.9984 0.7896 -0.3537 -1.5020 -0.3884 0.0306 -0.6181 -0.4860 -0.8459 0.3677 0.4737 -0.5821 
18.9126 -0.3888 -0.0997 -0.8978 -1.4561 -1.0770 -0.9900 -0.2456 0.4757 0.1501 -1.0838 -0.4970 0.1879 
19.3576 -0.0835 0.3085 -0.4229 -1.3100 -1.1795 -0.4518 -0.1241 -0.0983 -0.4648 0.1300 -0.3293 -0.1224 
20.0684 -0.9050 -0.1721 -0.7296 -1.1720 -1.1510 -0.6781 -0.5151 -0.7649 -0.1296 0.2096 -0.5423 -0.4231 
20.1888 -1.5811 -0.7208 -0.0474 0.7472 0.0411 0.1455 -0.0849 -0.7653 -1.1551 -0.1240 0.0800 -0.0094 
19.6968 -0.5752 -1.4051 -0.6733 -0.4258 -0.1551 -0.6537 0.1301 0.0401 -0.5084 0.7857 0.0131 0.2616 
19.8356 -0.7496 0.5964 -0.3044 -0.0147 -0.3849 0.1884 0.7356 0.2915 -0.7717 -0.8704 -0.2151 0.2579 
21.2276 -0.6739 0.3838 -1.0917 -0.4651 -0.5366 0.0829 0.3667 0.5277 -0.0498 0.0636 -0.3582 -0.2573 
19.7574 -1.1113 -0.2256 -0.6143 -0.9006 -1.1193 -0.4077 -0.4158 -0.7313 0.4019 -0.0015 -0.2957 0.1150 
19.2019 -2.0569 -0.9212 -0.5345 -0.5680 0.5773 -0.7824 0.0750 -0.8302 -0.6544 -0.7218 -0.1951 -0.4274 
23.5036 -0.1760 -0.0872 0.0002 0.0621 0.1672 0.0059 -0.0542 0.0818 -0.0792 0.2472 0.1987 -0.4694 
20.7571 -0.6783 0.4602 -0.2290 -1.1534 -0.5351 -0.7772 0.5542 -0.3978 -0.4513 0.6445 0.2627 -0.1756 
21.4007 -0.5117 0.2015 -0.3741 -0.0104 -0.1258 -0.7505 0.2918 0.5240 0.0809 0.1866 -0.1981 0.2012 
21.3716 -0.8459 0.2332 -0.6803 -0.3694 -0.4453 -0.1570 -0.1493 0.8482 -0.1679 0.2061 -0.1015 -0.0045 
20.3689 -1.8654 -0.1166 -1.5098 -0.4661 0.0529 -0.6893 0.3613 -0.1889 -1.5008 0.5404 0.1061 0.0469 
21.9627 -0.9999 -0.6419 -1.0468 -0.7738 -0.1527 -0.4232 -0.2706 -0.3917 -0.2173 -0.0601 0.1213 0.0005 
27.8852 1.1936 -2.6632 -1.4096 -0.3693 0.8054 1.6665 -0.4720 0.6313 -0.3565 -0.3190 -0.4059 -0.0345 
35.5301 -1.7468 -5.0880 -1.9262 -0.4300 -0.4594 1.5510 1.3540 0.2381 -0.9626 0.4133 -0.6124 -0.5342 
34.8032 -3.2271 -4.9911 -1.0534 -1.8398 -1.0663 0.8334 3.2632 1.1332 -0.6302 0.1372 0.5547 0.1224 
33.8627 -1.7621 -3.7356 -1.4444 -2.0383 -1.5342 -0.4826 1.9100 1.2068 -1.1115 -1.3338 0.1371 0.0592 
34.2309 -1.8223 -4.3563 -1.4879 -1.2325 -1.0056 0.3283 0.9584 2.5779 -0.1906 0.3025 1.0237 -0.1171 
34.4393 -1.2403 -3.8978 -1.1389 -1.8811 -1.1244 1.4835 0.4524 2.7873 -0.8656 -1.3571 0.0323 -0.0025 
34.2109 -2.1634 -3.6643 -1.4036 -2.4537 -0.6508 1.5750 0.6901 2.8557 -0.1903 -0.7538 -0.0061 -0.1270 
34.1575 -1.9793 -3.5328 -1.0345 -2.3428 -0.8437 1.1178 1.3167 2.6360 -0.3167 -1.2427 0.3096 0.0512 
33.0768 -2.0078 -4.8934 -0.9729 -1.9949 -0.0380 1.8462 1.9370 3.1324 -0.2789 -1.5216 -0.0419 -1.4005 
33.0272 -1.3753 -3.5555 -0.3389 -3.2882 -1.0797 0.2674 2.0085 2.3383 -0.4537 -1.7497 0.7905 0.4833 
32.2378 -1.2864 -4.0251 -1.5892 -3.1618 -0.3356 0.5476 1.7862 2.0224 0.1951 -1.1948 0.8777 -0.0023 
30.2657 -0.4794 -2.8516 -1.6189 -4.1679 -0.0259 0.9920 0.8435 1.7444 0.3997 -1.0938 0.7324 0.0090 
29.9607 -0.9170 -2.7425 -0.7158 -3.2255 -0.5840 0.5502 0.5448 1.5133 0.1280 -1.0972 0.7561 -0.4760 
28.6597 -1.8969 -3.5356 -0.8848 -3.3002 0.1124 0.5719 0.5189 0.9702 0.0876 -1.1859 1.0750 0.0302 
28.5042 -2.4298 -3.6348 -1.4116 -2.9552 -0.4828 0.4647 0.7851 1.5273 0.5991 -0.2750 1.4118 0.1245 
27.1752 -1.6183 -3.7316 0.5007 -3.0570 -0.9347 -0.7428 0.4969 1.5700 0.1388 -1.4063 0.3912 -0.3057 
25.5734 -2.9380 -3.1860 0.0587 -2.1429 -0.3205 0.8083 0.3996 2.0153 -0.2808 -1.1000 0.3502 -0.8009 
25.6355 -1.6281 -3.2721 0.7455 -2.3339 -0.4573 0.1974 -0.3879 0.8137 -1.1083 -0.8759 0.3140 0.1567 
25.4778 -0.0800 -2.5713 0.3786 -2.4258 -0.3139 0.7207 -0.2306 1.5968 -0.7618 -1.2835 0.4749 -0.2226 
25.8545 -0.9081 -2.7307 -0.5374 -1.9895 -0.9718 -0.0416 0.5437 1.4494 -0.5653 -1.0047 0.3552 -0.1868 
24.0990 -0.6969 -2.2072 -0.5629 -1.6257 -0.3557 -0.4312 0.6312 0.7521 -0.5101 -1.3333 0.4596 -0.0923 
23.2840 -1.0050 -1.3161 0.0978 -1.4221 -0.7615 -0.7253 -0.5072 0.3001 -0.6916 -1.1105 0.4842 -0.1122 
24.7852 -2.7953 -1.5463 -0.7898 -0.6661 -1.4555 -0.2015 -0.2735 0.5998 -0.9585 -0.0607 -0.1638 -0.3200 
23.1350 -2.5348 -2.0533 -0.9296 -1.3704 -0.5375 0.8280 0.7016 0.9828 -0.6373 0.5783 -0.0908 -0.3507 
24.5557 -0.8874 -2.0930 0.5185 -2.2888 -1.2207 0.3499 0.8576 -0.5761 -0.7062 0.3836 -0.2302 -0.3067 
23.3879 -0.5911 -0.8250 -1.0163 -0.7529 -1.5590 -0.8395 0.1325 -0.3467 -0.6485 0.0687 -0.7962 -0.3679 
21.8449 0.1294 0.0467 0.4940 -1.1279 -1.3769 0.5096 0.2843 -0.5756 -1.2124 -0.5783 -0.1813 0.4967 
20.9093 -0.9518 0.8010 0.6518 -1.5126 -0.8276 -1.2906 0.2566 0.0412 -0.8297 -0.8555 -0.1001 0.5556 
22.1647 -1.1967 -0.8422 0.2602 -0.5037 -0.7630 -0.5377 -0.5331 0.1310 -0.0978 -0.8594 -0.1544 0.4262 
22.0316 -0.5078 -0.1880 -0.1362 -0.8279 -0.5184 -0.0677 0.4345 0.0494 -0.2117 -0.0945 -0.1118 0.2151 
21.9123 -0.6469 -0.0150 -0.3848 -0.2669 -0.1461 0.0308 0.2195 0.0753 0.0269 0.1545 0.0522 0.8211 
21.9978 -0.4145 0.7246 -0.6571 -0.6092 -0.2949 -0.4100 -0.1498 0.1490 0.1085 -0.5218 0.0709 -0.0119 
20.3147 -0.8578 -0.2218 -0.4201 -0.1632 -0.4001 0.0936 0.6407 0.0840 -0.1131 -0.6966 0.2508 1.1781 
18.2155 -2.6159 0.0142 0.6529 -0.9540 -0.4722 0.5513 0.7244 0.6561 -0.0817 -0.5821 -0.3803 0.3685 
19.7909 -0.5423 -0.1286 -0.9276 -1.8697 -0.9349 -0.0452 1.0672 0.4844 -0.4508 0.0061 -0.6402 0.4943 
21.3098 -0.6632 -0.0437 0.2808 -0.5346 -0.1491 -0.3586 0.3563 -0.1319 -0.4453 0.3894 0.1053 0.0824 
19.3006 -0.8038 1.0073 -0.7888 -0.2156 -0.3337 -0.3169 0.5486 -0.2500 -0.3197 0.1391 -0.0920 -0.4906 
19.3468 -1.0720 1.1295 -0.0210 -0.6281 -0.5879 -1.1395 -0.0505 -0.1297 -0.7644 0.1956 0.1346 -1.3482 
19.2437 -1.1148 0.5857 -0.5782 -1.4908 -1.7219 -0.9344 -0.2214 -0.1798 -0.7660 0.2087 -0.2392 -0.5794 
19.7425 -0.9676 -0.4518 -0.9778 -0.4640 0.3604 -0.4803 -0.1431 -0.0311 -0.7241 -0.4295 -0.8482 0.1194 
19.8068 -1.6722 0.0790 0.1199 -0.5862 0.3607 -0.8211 0.3375 0.6791 0.6170 -0.5308 -0.6832 -0.4914 
18.7068 -1.5698 0.0355 -1.1937 -2.1648 -0.9836 0.2300 -0.0707 -1.1224 -1.1631 0.0316 -1.1104 -0.1267 
20.3259 -0.7424 1.1190 -0.4769 -0.7393 -0.5739 -0.4046 0.3165 0.1089 -0.9170 -0.0054 -0.1342 -0.2837 
20.8983 -0.8656 -0.3700 -0.6708 -2.2239 -0.0316 -0.7948 0.2383 0.2620 0.5479 0.0239 -0.2047 0.2980 
18.7849 -2.9616 0.2552 -0.3117 -0.7653 -0.2593 0.2115 0.7389 1.0933 -0.1500 0.0505 -0.1672 -0.6277 
18.7650 -1.1201 -1.6276 -2.6614 -0.1831 0.4562 0.4134 0.9772 0.2936 -0.0145 -0.0999 0.1997 -0.4257 
19.8128 -0.7774 -0.3189 -1.2288 -1.4676 -1.7543 0.0686 -0.1464 -0.3447 -0.1722 0.0617 -0.2262 -0.0730 
18.4669 -2.0323 0.5999 0.1635 -0.7848 -0.2318 -0.7411 -0.6695 -0.4654 -0.8587 -0.4071 -0.6638 0.1289 
19.9665 -2.4628 0.2875 -1.1145 -0.6745 -0.5264 -0.8600 -0.0516 -0.7535 -0.7442 0.2394 -0.2943 0.2380 
19.2569 -1.8371 0.8169 -0.5381 -1.3132 -0.7745 -0.1063 0.3781 0.1442 -0.3954 0.5430 -1.0376 -0.3887 
19.9927 -1.6509 -0.2645 -0.9529 -1.3875 -0.3558 0.0497 -0.3275 -0.6350 -0.0010 -0.7382 -0.1392 -0.0347 
16.9992 -2.2736 -1.1516 -0.9797 0.0178 -0.8618 -0.4871 -0.5222 -0.5115 -0.3149 0.1113 -0.1320 0.1564 
18.6750 -0.5554 -0.7629 -1.9561 -0.7839 -0.4034 -0.0509 -0.9480 -0.0668 0.0540 -0.8370 0.2884 -0.3603 
18.4088 -2.2038 -0.5328 0.1424 -0.5629 -0.2050 0.4782 0.0265 0.1709 -0.9822 -1.2792 -0.6547 0.7502 
17.4644 0.0710 0.0312 -1.0034 0.1054 -0.1821 -0.9740 0.2982 0.4769 -0.2404 -0.6769 -0.2932 0.1244 
19.0102 -0.7057 1.6071 -0.9838 -1.5105 -0.8956 -0.1311 -0.8623 -0.5726 -0.0563 -0.0570 0.0213 -0.5342 
18.0947 -0.3754 1.8186 -0.9231 -1.3647 -1.1415 -0.7279 -0.0869 0.2003 -0.7629 0.1164 -0.2331 -0.4901 
17.9976 0.1555 0.5497 -2.0742 -1.3178 -0.7311 -0.4702 -0.1583 -0.4408 -0.8034 -0.0174 -0.1336 0.1718 
18.3882 -0.7779 0.9853 -0.5048 -0.3452 0.4151 -0.5782 -0.4926 -0.0833 -1.4289 -1.3705 -0.1917 0.4347 
19.0358 -0.5789 0.1395 -0.7668 -0.3674 0.3018 -0.7275 -0.7362 -0.3605 -1.3586 -0.7563 -0.6074 0.4677 
19.1046 -0.4609 0.6742 -0.9620 -0.7595 -2.0132 -1.3349 -0.2104 0.0813 -0.3075 -0.8316 -0.4014 0.2951 
18.4830 -1.0874 0.4855 -0.6044 -1.1203 -1.3960 -0.4097 0.1050 0.4700 -0.4809 -0.6079 -0.1782 -0.2972 
19.0874 -0.7374 -0.3592 -1.0322 -1.6772 -0.4311 -0.6842 -0.5519 -0.7185 -0.4231 -0.1431 0.2540 0.1733 
19.2734 -0.5470 1.4499 -0.0445 -1.6160 -0.7723 -0.2426 -0.5252 -0.7937 -0.3669 -0.6916 0.5187 0.3806 
18.6801 0.5093 0.7676 -1.3976 -0.6125 0.3008 -0.7903 -0.1562 -0.5152 -0.8133 -0.1684 0.0012 0.0256 
18.2334 -0.2145 0.0939 -1.5798 -1.1744 0.4210 -0.4468 -0.2757 0.5937 -0.0606 0.3547 -0.1152 -0.0983 
18.5833 -1.0919 -0.6310 -2.1337 -1.6601 -1.0197 -0.5849 0.3483 0.3061 0.0109 1.3192 0.7837 0.4721 
18.1103 -1.3586 -1.8090 -0.2568 -1.9260 -0.1047 -0.7386 -0.7027 -0.2510 -0.0622 -0.2657 -0.0283 0.3632 
18.5018 -1.0166 0.0033 -0.6273 -0.2456 0.4112 -0.9339 -0.7035 -0.0763 0.0119 0.2046 -0.1980 0.5342 
17.9800 -0.8476 -0.3068 -1.4217 -0.9161 -0.1854 -0.4468 -1.6205 0.0344 0.4607 0.0802 -0.7811 -0.1491 
16.9291 -2.1440 -0.9257 -1.2663 -2.5216 -0.6151 -0.4900 0.3938 0.2185 -0.2565 -0.0776 -0.0878 0.0695 
18.4848 -0.9454 0.8733 -1.0680 -1.9056 -0.4522 -0.4308 0.7342 -0.6198 -0.1807 -0.0728 0.0066 -0.2556 
18.1110 -1.0851 1.2747 -0.5868 -0.9952 -0.5966 -0.7115 -0.1905 0.0043 -0.3332 -0.1273 -0.4174 -0.2170 
18.4550 -0.1167 0.3152 -0.0411 -0.0906 -0.6667 -0.3439 -0.3202 -0.2997 -0.8165 -0.8479 -0.6774 0.5038 
19.1464 -0.7961 0.0667 -1.6379 -1.8834 -0.6736 -0.4600 -1.2773 -0.9155 -0.1995 -0.2261 -0.8651 -0.1352 
19.1524 0.3434 -0.2151 -1.2296 -0.7353 -0.8990 -0.6304 -0.8055 0.2995 -0.2701 -0.0515 0.1360 -0.6348 
17.2797 -2.3974 0.5047 -1.7800 -1.6785 0.0706 0.3673 0.4094 0.5928 0.4248 -0.4851 -0.5916 0.1228 
17.2410 -0.9687 0.4637 -1.0245 -1.7338 -0.4951 -0.0159 -0.7436 -0.8214 -0.3069 0.4678 0.4542 -0.6195 
19.0317 -0.8460 0.5785 -1.0117 -1.3120 -0.6917 -0.6819 -0.0510 -0.2613 -1.1075 -0.9072 -0.2101 0.6749 
17.3658 -1.5873 2.1191 1.1027 -1.5007 -0.8807 -0.2395 0.7988 -0.8029 -1.4569 -1.0444 -0.4550 0.7077 
16.9880 -0.1116 1.6570 -0.6991 -0.2062 -0.9346 -0.6153 0.5557 -0.2603 -1.2368 -0.7365 -0.1590 -0.2468 
18.3146 -0.5424 0.9437 -0.8829 -1.4934 0.1068 -0.6570 -0.7839 -0.8630 -0.7679 -0.0338 -0.4801 -0.0268 
18.4661 -0.0568 0.5500 -1.3483 -0.8729 -0.4006 -0.8637 -1.0357 -0.6645 -0.6541 -0.2331 0.2243 -0.0526 
18.1505 0.4088 0.7691 -0.8338 -1.7927 -0.6311 -0.4915 0.9583 -0.2531 -0.8376 -0.4903 -0.0779 0.3524 
16.5201 -2.0401 -0.4729 -1.7794 -1.3163 0.7686 -1.5844 -1.2668 -1.0110 -1.3746 -0.9040 -0.9636 0.1280 
18.5118 -0.6293 0.0031 -2.0637 -1.3151 -0.9793 -1.0720 -0.9250 0.1365 -0.6308 -0.2716 0.0853 -0.5057 
18.6657 -0.0617 -0.0216 -0.3022 -1.0419 -0.6051 0.2206 -0.1576 -0.6366 -0.0205 -0.3755 0.1214 -0.4022 
19.6167 -0.3013 -0.0506 -0.4141 -1.5513 -0.1704 -0.7468 -0.5899 -0.1496 -0.0093 -0.3068 -0.3544 -0.3651 
17.7474 -0.5518 1.0315 -1.5796 -2.3009 -0.8345 -0.2193 -1.1563 -0.3338 -1.2935 0.3676 0.1328 -0.4391 
18.8008 -0.4941 0.2753 -1.1289 -0.1765 -0.0841 -0.6166 -0.0330 -0.7257 0.2236 -0.9226 -0.6171 0.1873 
17.6925 -0.8809 1.5545 0.0713 -1.7121 -0.6667 -0.6996 -0.6705 0.1527 -0.5132 -0.9208 0.0557 0.6868 
17.8127 -0.7689 1.4395 -1.1304 -0.4781 -0.6232 -0.8847 0.0063 0.2070 -0.9157 -0.8836 -0.6382 0.2734 
17.5791 -0.0058 1.2247 -1.0224 -0.5227 -0.3264 -1.2224 -0.5323 0.5157 -0.8962 -0.3668 -0.0811 0.0501 
17.6088 -2.3768 -0.1381 -0.9027 -0.3053 0.0909 -0.5618 -0.0912 0.4950 0.8877 0.5798 -0.2607 -0.3593 
18.8847 -0.7203 -0.2688 -0.2049 -0.3558 0.6157 -0.8817 -0.0082 -0.5831 -0.4428 -0.1540 -0.4117 0.2566 
17.3805 0.0987 0.5622 -1.2541 -1.1459 -0.6857 -0.5581 -0.3862 -0.0175 -0.0476 -0.1467 -0.0054 -0.3160 
16.3899 -1.6471 0.0497 -0.7744 -0.6308 0.5155 -0.0103 0.4122 0.0424 -0.5879 -0.3828 -0.9429 -0.3853 
17.3090 -1.5416 -0.0878 -1.0031 -0.9712 0.0506 -0.7073 -0.4988 -0.0010 -0.6602 -0.3158 -0.5283 -0.1898 
16.3245 -0.6581 0.2966 -1.2337 -1.4900 -2.0870 -0.3949 -0.0249 -0.5784 -0.5772 -0.1307 -0.4007 0.0552 
16.5296 -0.9932 0.0874 -1.7758 -1.4901 -0.3523 -0.3886 0.0383 -0.2270 -0.0663 0.1735 -0.5324 0.1218 
16.8894 -0.2101 0.8116 -0.9446 -1.4675 -0.9494 -0.3304 0.3909 -0.4214 -0.0174 0.4689 -1.1959 0.0062 
18.1679 0.1615 -0.2430 -0.0676 -1.5731 -0.1107 -0.7416 0.5499 -0.6714 -0.3253 -0.6824 -0.0354 -0.0612 
16.9478 -1.1923 -0.0222 0.6351 0.1602 -1.3426 -0.5076 -0.1015 -0.1992 -0.2019 -0.3479 0.1026 0.0766 
