nan nan nan nan nan nan nan nan nan nan nan nan nan 
nan nan nan nan nan nan nan nan nan nan nan nan nan 
nan nan nan nan nan nan nan nan nan nan nan nan nan 
nan nan nan nan nan nan nan nan nan nan nan nan nan 
nan nan nan nan nan nan nan nan nan nan nan nan nan 
21.0138 -2.3672 -0.9531 -1.2335 1.4327 -1.2400 -1.2470 0.2506 -0.5820 0.0197 -0.4190 -0.3901 -0.2073 
22.0512 -0.2446 0.8717 -0.8283 -1.2167 -1.0205 -0.7403 -1.4854 -0.3131 0.2189 -0.2506 -0.5679 -0.3164 
23.5889 0.2558 1.6505 -1.4571 -1.3249 -1.3808 0.8093 0.0711 -0.1406 -0.0981 -0.4013 0.2295 -0.6834 
22.2197 0.4761 1.0417 -1.1872 -0.3446 0.0607 -0.1349 -0.6796 -0.7134 -0.0151 -0.6271 -0.8079 0.0820 
21.2637 -0.4611 0.5268 -2.4301 -0.9144 -0.8500 -0.8336 0.0718 -0.2552 0.4734 -0.1543 0.5679 0.2798 
21.4673 0.2329 0.3819 -0.6529 -1.4486 -0.6673 0.3207 -0.7156 -1.0261 -1.0832 -0.2398 0.1165 -0.5892 
24.0355 -1.7662 -0.2788 -0.8533 -0.4778 -1.5029 -0.5027 -0.2255 -1.2322 -0.6906 -0.6131 0.0782 -0.6028 
21.6651 -0.1279 0.5454 -2.0384 -1.9860 -1.7371 -0.8257 -0.6897 -0.8612 -0.5414 -0.3271 -0.8783 -0.0428 
22.4098 0.6184 0.3561 -1.4417 -1.0654 -1.2794 0.5219 0.0025 -0.4529 -0.3981 0.3110 0.3131 -0.2807 
22.9819 0.7896 -1.0731 -1.6160 -1.1212 -0.3353 -0.7930 -0.4906 0.1576 0.1350 -0.0143 0.0585 -0.2132 
23.2676 0.0407 -0.9050 -2.0040 -1.0629 -0.6033 -0.3930 -0.9998 -0.1222 0.2425 -0.2466 -0.1181 -0.1021 
23.5992 1.4096 -0.4215 -1.5965 -1.6621 -0.7553 0.3422 -0.2362 -0.3170 -0.2490 -0.4104 -0.0129 0.2559 
23.7824 1.1650 -0.4794 -1.9910 -0.4710 0.2308 0.4557 -0.2223 -0.3017 -1.0340 -0.2449 -0.4923 0.0300 
23.3977 1.0127 -0.6658 -1.1138 -1.5220 -0.5096 -0.0669 -0.6203 -2.1415 -1.6097 -1.3015 -0.4621 0.3890 
23.2203 0.2168 -0.3991 -0.3104 -0.8746 -1.6596 -1.7639 -1.0589 -0.3285 -0.3394 -0.7990 -0.3023 0.0661 
23.0906 1.5669 -0.3897 -0.9088 -0.1553 -0.4271 -0.8538 -0.5640 -0.6301 -0.3708 -0.5212 0.0056 0.2415 
23.0174 0.7066 0.9859 -1.3157 -1.1154 -0.8798 -0.5850 -0.2727 0.0898 -0.2207 -0.7854 -0.4943 0.0037 
22.3020 -0.2473 -0.3560 -0.8600 -0.7343 -0.4694 -0.0893 -0.2952 -0.4986 -0.7783 -0.1113 0.0144 0.0737 
25.0500 -1.8298 0.4966 -1.8683 -1.1870 -0.4467 -1.0759 -0.2152 0.2745 0.3242 -0.4346 -0.2933 0.0796 
23.8874 -0.4428 0.8962 -0.1521 -0.8000 -0.2877 -0.3811 -0.1296 -0.3259 -0.2371 -0.4771 -0.1831 0.2325 
23.1684 -0.7264 0.2924 -0.2977 -0.3937 -0.4695 -0.0519 0.0347 -0.0904 -0.2472 -0.4655 -0.3163 0.4613 
22.7805 0.9106 0.0230 -1.9982 -1.7368 -1.7749 0.4457 -0.1184 -0.1150 -0.2775 -0.4684 0.4946 0.5557 
27.9045 1.3038 -1.2304 -3.3372 0.2078 -1.1336 0.1930 -0.2930 0.6396 0.3210 0.2877 0.1095 -0.1651 
33.2084 -1.5271 -2.1406 -2.8571 -0.0890 -1.6515 -1.0179 -1.1285 -0.0314 0.0420 0.4790 0.0710 0.2410 
33.2539 -2.0039 -2.5719 -2.0169 0.1923 -2.1129 -1.2027 -0.3635 -0.1237 -0.0204 0.7376 0.5824 0.4645 
33.0358 -1.1910 -3.3087 -1.3077 -0.2858 -1.9902 -1.1030 0.0967 0.2213 -0.0969 0.7604 0.3916 -0.6392 
31.3973 0.5240 -2.3645 -1.5742 -0.0656 -3.1392 -0.8056 -0.7574 0.6289 -0.0404 0.8835 -0.3894 -1.3544 
27.3029 1.8120 -0.5930 -1.5794 -1.4428 -2.1171 -0.6836 0.0306 -0.1989 0.2518 0.5198 -0.2012 -0.3762 
24.8380 0.4813 -0.5624 -0.4355 -0.7647 -1.8874 -0.9920 -0.1452 -0.2032 -0.2303 -0.7897 0.1933 0.3683 
24.5513 1.4353 0.7469 -0.4858 -1.5777 -2.9541 -0.6932 -0.4405 -0.1000 -0.6513 -0.5265 -0.0313 0.5393 
26.9931 -1.5519 1.3505 -2.7961 -0.4556 -2.3833 -1.3341 0.2589 -0.8815 0.2095 -0.7203 0.4235 0.3005 
25.5651 0.1852 0.1114 -1.3900 -0.4045 -1.1632 -1.6074 -0.5764 0.3667 0.1988 -0.0940 0.2539 -0.3182 
24.8937 0.2143 -1.0583 -1.8608 -0.6037 -0.6234 -1.2911 -0.5952 0.0396 0.2395 -0.0918 0.4040 0.4726 
28.5917 -3.5906 0.0223 -1.8771 -1.0913 -0.8327 -1.3148 -0.1923 -0.3984 -0.3239 -0.6179 -0.3425 -0.0469 
26.0547 -2.6002 -0.3936 -3.1949 -0.0715 -0.5548 -1.4106 -0.0129 -0.5391 -0.6423 -0.6163 -0.7911 0.3491 
25.3234 -0.3132 -0.5765 -1.6927 0.6448 -0.2867 -0.7808 0.4757 0.8680 0.0001 -1.0003 -0.1980 -0.1515 
25.0152 1.3086 -0.0970 -1.1778 -0.4801 -1.3298 -0.9964 -0.2346 -0.5842 -0.0109 -0.2555 -0.4069 0.1215 
25.3153 0.8379 0.1429 -0.3268 0.0487 -0.6443 -0.5017 -0.0688 -0.2571 -0.0694 -0.6014 -0.3819 0.4501 
24.1848 0.6863 -0.3619 -0.9597 -0.0866 -0.3520 -0.9040 -0.9882 0.2386 0.3535 -0.0064 -0.5661 -0.4510 
24.0794 -0.0543 -0.2575 -1.7138 -1.0726 -1.0060 0.1917 -0.1119 0.3042 0.1841 -0.4595 -0.5198 -0.4145 
22.5563 -1.4638 -1.9287 -2.9393 -1.5350 -1.1098 -1.0369 -0.3459 0.7483 0.6561 0.0535 -0.3411 -0.2478 
23.0088 -0.9558 0.3882 -1.5631 -0.5776 -0.0802 -1.5625 -0.8587 -0.0614 0.1879 -0.5729 0.3675 0.0067 
23.7690 -2.3198 1.0341 -0.3354 -0.5214 -0.6401 -0.9094 0.3916 0.2530 -0.2391 -0.2745 -0.2866 -0.0097 
23.0874 -2.5090 1.6897 -0.3319 -0.8742 -1.1156 -0.9482 0.0381 -0.5150 0.1821 0.3631 -0.4039 -0.0133 
22.5067 -1.8822 0.6192 -0.3225 -0.5857 -0.5020 -1.0526 -0.2022 -0.8427 -0.1466 0.0330 -0.6644 0.1008 
23.0355 -1.2184 0.6873 -1.2666 -0.3630 -0.4542 -0.3395 0.9122 -0.0901 -0.5031 -0.1265 -0.6988 -0.1687 
23.3242 -2.2630 0.2853 -0.7298 -0.1993 -2.2511 -0.6129 -0.7881 -0.4484 -0.6709 0.0081 -0.4823 0.4635 
23.5464 -0.8383 2.0607 -0.3272 0.3654 -1.8917 -0.0897 -0.8937 -0.4675 -0.4522 0.2994 -0.7661 -0.4380 
23.4211 0.0440 1.2099 -1.2084 -0.3210 -1.3845 -0.6641 0.9863 -0.8297 -0.1394 -0.0735 -0.4417 -0.8014 
23.2822 0.7419 0.3384 -0.2635 -1.1059 -0.9057 -0.1046 -0.3281 -0.3607 -0.4101 -0.4989 0.4037 0.1442 
23.2749 0.3918 -0.0168 -1.3919 -1.7965 -1.1654 -0.4773 -0.5680 -0.9606 -0.3984 -0.1043 0.0333 0.0527 
23.4320 1.1803 -0.2761 -1.0692 -1.5762 -1.3173 -0.0513 0.2727 -0.7817 -0.4288 -0.4050 0.1386 0.3041 
24.0515 2.0897 -0.1687 -0.9321 -2.3520 -0.7781 -0.5172 0.1387 -0.5595 -1.0313 -0.2356 0.4421 0.1932 
23.6207 -0.4075 0.9554 -2.4428 -1.0780 -1.1356 -0.7337 0.9176 -0.5536 -0.7975 -0.7626 -0.2121 0.0123 
23.9630 -0.3591 -0.1901 -2.5343 -0.9925 -0.3480 -0.1093 0.6110 -0.6380 -0.3845 -0.5571 -0.9632 -0.0120 
21.7797 -0.0958 0.6619 -1.1916 -0.4617 -0.8779 -0.9281 0.1788 -0.0562 -1.1530 -0.9520 -0.2904 0.0718 
23.1384 0.3009 1.2546 -1.3177 -1.8158 -0.2945 0.0126 -0.2802 -0.3143 -0.0691 -1.0093 -0.5954 0.3336 
22.8265 0.5566 0.0562 -0.1182 -1.5570 -1.2778 -0.6508 -0.4603 -0.8873 -0.4410 -0.3669 -0.1346 -0.0211 
21.4982 0.3295 0.5257 -0.2173 -1.5544 -1.5373 0.0301 0.9423 0.1372 -0.6454 -0.4157 -0.1524 0.1406 
21.1700 -2.2049 -2.5579 -1.7748 -1.5166 -0.5533 -0.3074 0.3914 0.0726 0.2073 0.2844 0.0680 -0.1232 
22.2948 -0.9026 0.3068 -0.0219 -0.9336 -0.8635 -0.9494 -0.5468 -0.5694 -0.2905 0.0210 -0.1229 -0.6882 
21.2377 -1.0355 -0.9510 -0.8201 -1.7266 -0.7792 -0.5001 -0.2228 -0.4993 -0.6433 -0.3776 -0.5651 -0.0663 
20.9098 -1.6865 -0.9039 -0.6766 -1.2592 -0.6533 -0.2855 0.3020 0.5268 0.5088 -0.3560 -0.2008 0.1139 
20.4332 -0.8054 -1.8742 -0.4896 -1.9718 -1.5148 -0.5545 -0.0364 0.1363 -0.4564 -0.2717 -0.0639 0.4466 
21.5225 -0.8105 -0.7569 -0.4481 -0.3418 -0.8685 -0.5789 -0.0587 -0.5648 -0.1787 -0.5011 -0.4271 -0.0260 
23.0750 -1.6852 0.7802 -0.5232 -1.0000 -1.1296 -1.0853 0.3496 0.1877 0.0276 -0.4409 -0.3821 0.0908 
23.6507 -1.3377 1.5932 -0.9713 -1.2128 -0.5743 -1.3919 -0.3945 -0.0133 -0.2845 -0.4623 -0.0524 0.3061 
21.3909 -1.0024 0.0061 -0.2799 -1.3822 -1.2798 -0.4380 -0.2665 -0.1405 -0.1593 -0.1860 -0.4359 0.1365 
20.8252 -1.0093 1.0961 0.7953 -0.6603 -1.2509 -0.8821 -0.4466 -0.2854 0.0046 0.1117 -0.9549 -0.3586 
22.8580 -0.9842 0.9297 -1.3772 -1.5264 -1.1822 0.0335 -0.4505 0.2807 -0.3439 -0.0188 -0.6773 -0.3107 
22.6657 -1.1153 2.2067 -0.4926 0.0673 -2.1674 0.2761 -0.5472 0.7466 -0.8112 -0.6142 -0.5280 0.0442 
22.6851 -1.7028 1.4897 -0.6768 -0.1655 -1.7059 0.3569 0.0999 -0.4668 0.0169 -0.4571 0.1856 -0.4237 
21.4947 -1.3322 0.0817 -0.6589 -0.6521 -1.2357 -0.4813 0.0429 -0.0465 0.1623 -0.2788 -0.2321 -0.4696 
21.2671 -0.4445 0.3312 -0.3317 -1.1974 -1.0460 -0.8343 0.1951 -0.2314 -0.5456 -0.9583 -0.3108 0.3909 
21.1740 -0.2557 0.8000 -0.0108 -0.6599 -1.1442 -0.5135 -0.1005 -0.2758 -0.3369 0.0672 -0.4205 -0.0179 
21.1228 0.1989 0.4772 -0.8639 -1.9451 -1.2666 -0.9957 -0.5319 -0.3854 -0.3298 -0.4684 -0.2387 -0.2603 
21.4849 0.4274 1.0280 0.0182 -0.7040 -0.5529 -1.0664 -0.5471 0.3704 -0.5751 0.0754 -0.3924 -0.0264 
24.4781 -2.8380 2.1405 -0.8031 0.2136 -1.4985 -0.0839 0.9335 -0.2222 0.3323 -1.1703 -0.0938 -0.0143 
21.8181 -2.2232 1.4948 -0.7174 -0.0259 -1.7426 -0.8050 0.1622 -0.0802 -0.3624 -0.7694 -0.5951 0.2238 
21.6445 0.0264 1.5338 -0.4477 -0.5309 -1.3883 -0.9848 -0.0523 -0.1713 0.3210 -0.0870 -0.4781 -0.4084 
21.8682 0.0275 0.6656 0.1001 -1.4506 -1.3324 -0.2134 0.6413 0.4216 -0.0161 -1.0336 -0.5066 0.1848 
20.4109 -1.0583 0.3322 0.1138 -0.9003 -0.5981 0.0366 0.7499 0.8931 0.1034 -0.5140 -0.7134 -0.4447 
20.9024 -0.6796 -0.9005 -1.0977 -0.7975 -0.2137 -0.0448 0.0300 0.5465 0.2572 -0.5432 -0.1254 0.3645 
21.8800 -0.0403 0.4633 -1.5500 -0.1939 -0.6518 -0.5741 -0.2055 0.6255 0.3930 -0.1866 -0.0821 0.3292 
21.8695 0.3590 1.5482 -0.7946 -0.2760 -1.1561 -0.7248 -0.4657 0.5786 -0.1202 -1.0063 -0.3010 0.3015 
21.8612 -0.9243 -0.6074 -1.1679 -0.4310 -1.7978 -0.9391 -1.0330 -0.6633 -0.1399 -0.4248 -0.5928 -0.5346 
21.4678 -0.2435 0.1333 -0.1924 0.9030 -1.5529 -1.1025 -0.2416 0.6489 -0.1345 -0.9749 -0.9221 0.1573 
21.9325 -0.3764 0.5867 -0.7148 -0.1145 -0.9947 -0.6149 -0.0481 -0.0406 -0.2325 -0.5871 -0.4591 -0.5071 
12.0331 -2.0522 1.2436 -0.9018 0.0582 -0.7702 -0.4346 0.0528 0.3115 -0.0556 -0.5599 -0.2766 -0.3250 
2.3659 -3.9666 1.5697 -1.1060 0.2115 -0.6734 -0.4774 0.0928 0.5382 0.0515 -0.5430 -0.2290 -0.2650 
-7.1676 -6.0101 1.7348 -1.2780 0.3389 -0.6451 -0.5623 0.1396 0.6487 0.1097 -0.4910 -0.2060 -0.2827 
-16.6180 -8.1455 1.7942 -1.4434 0.4219 -0.6378 -0.6425 0.1620 0.6934 0.1505 -0.4256 -0.1750 -0.3339 
-26.0213 -10.3377 1.7810 -1.6456 0.4582 -0.6146 -0.7094 0.1467 0.7060 0.1854 -0.3585 -0.1193 -0.3775 
-35.3812 -12.5540 1.7174 -1.8987 0.4569 -0.5656 -0.7554 0.1076 0.6986 0.2134 -0.2807 -0.0273 -0.3828 
-44.6747 -14.7641 1.6341 -2.1752 0.4315 -0.4958 -0.7640 0.0589 0.6819 0.2470 -0.1821 0.1015 -0.3224 
-53.8684 -16.9427 1.5676 -2.4318 0.3961 -0.4232 -0.7226 -0.0002 0.6583 0.2985 -0.0658 0.2415 -0.1878 
-62.9575 -19.0753 1.5380 -2.6453 0.3649 -0.3439 -0.6216 -0.0426 0.6587 0.3968 0.0904 0.4012 0.0304 
-71.7327 -20.8554 1.8225 -2.5803 0.5194 -0.1389 -0.4181 -0.0631 0.6328 0.4421 0.1627 0.4455 0.1882 
-79.9696 -21.9511 2.7563 -1.9300 1.0876 0.2766 -0.1987 -0.2855 0.2525 0.0617 -0.1850 0.1089 0.0887 
-85.8077 -20.2306 5.2297 -1.1191 0.9188 -0.1485 -0.3086 -0.2327 0.4891 0.2924 -0.1178 -0.0900 -0.0547 
-89.9333 -16.6955 8.2557 -0.7981 0.1008 -0.6494 -0.0303 -0.0547 0.1994 -0.3252 -0.6196 -0.3450 0.1950 
-92.3318 -13.7278 6.8916 -3.4868 0.0736 0.6104 0.4833 -0.4378 0.3575 1.0024 1.2525 0.8678 0.9321 
-92.2572 -8.8052 6.6264 -4.0593 0.7459 0.4925 0.6029 -0.1289 -0.0479 0.2725 0.6125 -0.2047 0.0992 
-91.8245 -5.9785 4.3010 -2.9041 2.1163 -0.9775 0.2219 0.3063 0.0995 0.4148 0.3864 -0.8506 -0.4556 
-91.8842 -4.0460 1.9213 -2.9845 1.5465 -0.8110 1.1060 -0.2327 -0.0149 0.3465 0.3414 -0.5468 -0.2311 
-90.3813 -1.6121 0.6591 -1.4385 0.8884 -0.6726 1.0846 -0.7752 -0.1267 -1.1026 0.1313 -0.0017 0.0755 
-89.0703 -0.3079 -0.2266 -1.6282 -0.2954 -1.0796 -0.4445 -0.0743 0.1074 0.3129 0.1693 -0.6329 -0.1418 
-inf -inf -inf -inf -inf -inf -inf -inf -inf nan nan nan nan 
-84.0371 -0.9418 -0.5412 0.2134 0.0644 -0.0009 0.2422 -0.0104 -0.1359 -0.0042 0.0844 0.3171 -0.2257 
-81.9117 -0.2589 -0.2326 0.1327 0.4967 -1.2968 0.0258 -0.4183 -0.1419 0.9189 -0.1478 0.0362 -0.0195 
-78.2743 -0.4354 -0.7842 -0.1347 0.1775 -0.5883 0.4467 -0.7435 -0.1409 0.4684 -0.4515 -0.6984 -0.3688 
-76.4612 -0.9435 -0.9102 -0.3090 0.2279 -0.8766 -0.2755 -0.3653 0.4036 0.3423 0.0707 0.0346 -0.3955 
-74.1103 -0.9011 -1.5762 -1.4319 -0.2473 -0.4823 -0.0122 -0.3430 0.2464 0.0171 0.6017 -0.4391 0.0801 
-70.9089 0.2954 -0.3158 0.0510 -0.4611 -1.3043 0.5163 0.1710 0.2592 0.0639 -0.7070 0.0496 0.3569 
-68.3790 -0.7103 -0.3468 -0.0590 -0.2613 0.0937 0.6899 -0.1796 0.6926 0.6452 -0.0210 -0.6490 -0.4505 
-66.6487 0.3549 0.0117 0.4311 0.1117 -0.8757 -0.3048 -0.0635 0.6335 0.3419 0.0634 -0.5332 -0.7384 
-63.5935 -0.7025 -0.9299 -0.2429 -0.0461 -0.3065 0.9409 -0.0302 0.3575 0.6729 1.1447 0.3100 0.7237 
nan nan nan nan nan nan nan nan nan nan nan nan nan 
-58.5689 0.0352 -0.2418 0.0385 -0.0555 1.0064 0.6391 -0.6362 -0.9082 -0.1091 0.0280 0.0010 0.3797 
-inf -inf -inf -inf -inf -inf -inf -inf -inf nan nan nan nan 
-52.8266 1.1902 0.1476 0.0663 0.5363 -0.3808 -0.4319 0.0419 0.4281 0.8404 0.1535 -0.4817 -0.1756 
-51.1477 -0.8046 -0.2679 -0.6816 -0.9385 -0.4569 0.6191 -0.3840 -0.0597 -0.8753 -0.6621 0.5649 0.7860 
-47.7765 -0.1845 -0.1609 0.1466 0.1219 0.0898 1.2927 0.3724 0.1744 0.1641 -0.4127 -0.2943 -0.6386 
-inf -inf -inf -inf -inf -inf -inf -inf -inf nan nan nan nan 
-42.5519 -0.1578 0.2790 0.8379 0.2958 -0.1478 0.3791 -0.3663 -1.1363 -1.0536 -0.1606 0.1609 -0.2440 
-inf -inf -inf -inf -inf -inf -inf -inf -inf nan nan nan nan 
-37.4837 0.4458 0.2021 0.4907 1.0599 -0.0602 0.5145 0.1311 0.1190 0.1009 0.2038 0.0633 0.1505 
-35.0637 -0.0234 -0.7022 -0.2464 0.9167 0.0156 0.7018 0.7818 0.2846 0.9175 0.1159 -0.6379 -0.7673 
-32.8571 -0.0344 -0.3750 0.0416 -0.0306 -0.7108 0.9761 0.0444 0.4583 0.1654 -0.3005 0.1110 -0.3115 
-30.0410 0.0665 -0.0020 0.2914 -0.4504 0.6661 1.1698 -0.7340 -0.1267 0.4684 -0.3885 0.4878 0.6426 
-27.2827 0.7883 -0.1602 -0.6871 -0.4521 -0.3375 0.0401 -0.5193 -0.1868 0.4138 -0.3184 0.0965 -0.0051 
-24.8261 -0.0473 0.0200 -0.2637 0.3029 -0.0837 0.8776 0.8979 0.0885 -0.2752 -0.2831 0.4682 0.7896 
-21.4489 1.4225 -0.3094 -0.7953 0.1584 -0.3440 0.1430 -0.1719 0.5241 -0.0766 -0.2667 -0.6365 0.1933 
-19.1927 0.7448 -0.5474 -0.4480 -0.8115 -0.7025 -0.0337 0.5848 -0.0205 -0.7608 0.0097 -0.5932 -0.1564 
-17.1097 0.0659 0.4177 0.1272 -0.2831 0.0618 0.6160 0.1226 -0.1584 -1.1265 -0.1588 0.3787 0.3208 
-13.8379 0.0458 -0.6461 -0.5698 -1.6363 -0.9323 0.3563 -0.6656 -0.0456 0.0194 0.4641 -0.5890 -0.1405 
-10.9489 0.1820 -0.3174 -0.9947 0.1534 0.0356 0.5013 1.4195 -0.2038 -0.0137 0.3093 -1.1190 0.2361 
-8.5078 -0.2569 -0.5558 -0.6637 -0.1376 -0.4507 -0.5012 -0.5284 -0.5265 -0.9441 0.0339 -0.1113 -0.3814 
-6.0756 0.3658 0.0885 -0.1036 -0.0586 -0.4752 0.0971 0.3122 -0.0802 -0.3036 -0.1095 0.7470 0.2040 
-3.1875 -0.2865 0.0203 0.7768 -0.0849 -0.7328 0.6598 -0.6851 0.2403 0.8775 -0.1013 0.1712 0.4024 
nan nan nan nan nan nan nan nan nan nan nan nan nan 
1.8395 -0.9973 -0.5530 -0.2190 -0.6968 -0.9391 0.3575 -0.8627 -0.1750 0.1800 0.2206 0.0186 -0.3084 
3.8271 -0.5997 1.0467 1.2578 0.0934 -0.3750 0.2120 0.1123 0.1313 -0.5970 -0.9435 0.1318 0.8400 
-inf -inf -inf -inf -inf -inf -inf -inf -inf nan nan nan nan 
nan nan nan nan nan nan nan nan nan nan nan nan nan 
12.1001 -0.6417 0.1423 0.1577 -1.0661 -0.7243 0.6195 0.3696 -0.8166 -0.7299 0.0208 0.2055 -0.2983 
15.9744 0.8475 -0.2249 0.3409 -0.1841 0.1230 0.1703 -1.0578 0.4087 0.2473 0.1666 0.1531 -0.2923 
nan nan nan nan nan nan nan nan nan nan nan nan nan 
20.5208 0.0870 -1.4643 0.2702 -0.3510 -0.0122 1.0152 0.1336 1.0859 0.2941 0.7354 0.6067 0.5721 
23.9200 -0.4023 -0.2645 0.5032 0.2819 0.0017 0.5750 -0.2260 0.2709 0.8207 0.0323 -0.0460 -0.1998 
25.5367 0.2414 -0.5472 -0.4461 -0.3242 -1.2073 0.0563 -0.3024 -0.0432 0.3281 -0.6519 -0.0075 0.4902 
28.9858 -0.3594 -0.7865 0.3565 -0.0127 -0.2766 0.5069 -0.3478 0.2277 0.4651 -0.3009 -0.0772 0.3391 
nan nan nan nan nan nan nan nan nan nan nan nan nan 
34.1567 0.4289 -0.5363 0.2888 -0.1265 -0.3401 -0.2431 -0.7209 0.4593 0.2557 -0.1929 0.3501 0.2670 
36.3318 0.1301 0.2129 0.0834 -0.3710 0.0023 1.2804 0.5377 0.0002 0.8621 0.4946 -0.4525 -0.5151 
nan nan nan nan nan nan nan nan nan nan nan nan nan 
41.2861 0.1914 -0.4042 0.1962 -0.1204 -0.4898 -0.2264 -0.1115 1.5626 0.3389 -0.1293 -0.3491 0.0576 
43.8049 -0.1355 -0.3432 -1.2995 -0.7799 0.0478 -0.8983 -1.1801 -0.3663 -0.6995 -0.5914 -0.4339 -0.7234 
45.4946 -1.5678 -1.1494 -0.0572 -0.4694 -1.0474 -0.4812 -0.2986 0.4502 0.1286 -0.2285 0.3990 -0.2281 
-inf -inf -inf -inf -inf -inf -inf -inf -inf nan nan nan nan 
52.6249 -0.3780 -0.1280 0.9504 0.0989 -0.8271 0.4938 -0.0498 -0.1346 -0.3475 -0.0346 0.4809 0.3908 
nan nan nan nan nan nan nan nan nan nan nan nan nan 
56.3038 -1.1271 -1.6576 -0.7466 -0.1860 -0.9084 -0.4202 -0.6931 -0.5595 -0.5846 -0.8257 -1.0796 0.1796 
59.2500 0.3104 -0.4413 -0.4250 -0.3624 -0.4689 1.1735 -0.5402 -0.0771 0.1232 -0.5445 -0.1291 -0.5272 
61.9448 -0.7068 -0.9428 -0.8135 0.0650 -1.2398 -0.2783 -1.2591 -0.8807 -0.6671 -0.8617 -0.5874 -0.4782 
64.1335 0.1012 -0.1845 0.0851 1.3133 0.0199 -0.7608 -0.3722 0.6662 0.2430 0.7504 0.6513 0.5134 
66.7297 0.7741 1.1399 0.7178 0.0468 -0.4587 -0.1971 -0.5411 -0.1866 -0.1254 0.8894 0.3236 -0.4977 
70.0139 0.4214 -0.1678 0.0333 -0.7656 -1.0370 0.2195 -0.2906 0.4180 -0.2465 -0.3386 -0.0997 0.3343 
nan nan nan nan nan nan nan nan nan nan nan nan nan 
74.0986 -0.6071 -1.3701 -1.0073 -0.2446 -1.1018 -1.2837 -0.7294 0.1556 0.4648 0.1681 -0.6539 0.0894 
77.6848 0.1993 -0.9691 -0.3056 1.2973 -0.8898 -1.0195 -0.4839 -0.7507 -0.8017 0.3355 -0.4225 0.1083 
81.3481 -0.2543 -0.6408 0.0674 0.7366 -0.1044 0.9790 0.8758 0.3523 0.3911 -0.0255 -0.3343 -0.5111 
84.2792 0.6523 -0.2813 -0.9236 0.2063 -0.1451 -0.1361 -0.0417 -0.4653 0.3756 0.1393 -0.1863 0.1116 
86.3904 0.1443 -0.6605 0.1050 0.3792 -0.5890 0.0760 0.3399 0.2286 -0.0373 -0.0034 -0.3291 0.0455 
88.7343 0.2343 0.4047 0.7321 0.0387 -1.0572 -0.5893 -0.2579 0.0991 0.4057 0.0671 0.1729 0.1209 
91.4132 -0.4124 0.6270 0.8358 0.9483 0.3186 0.2191 -0.7807 -0.9208 -0.0754 1.0212 0.8729 0.3937 
94.3407 0.4070 1.1223 -0.1911 -0.0798 0.3222 -0.0163 -0.0792 0.4703 0.2856 -0.1965 0.0144 -0.2878 
96.4532 -1.6723 -2.3849 -0.4770 -0.5719 -1.5925 -0.5664 -0.2125 -0.0169 -0.8032 -0.7399 -1.4980 -0.6050 
99.5764 -1.0176 -1.6631 -1.5661 -0.8819 -0.3824 -0.2212 -0.7249 -0.3193 -1.0003 -0.9088 -0.3720 -1.3912 
nan nan nan nan nan nan nan nan nan nan nan nan nan 
