-inf -inf -inf -inf -inf -inf -inf -inf -inf -inf -inf -inf -inf -inf -inf -inf -inf -inf -inf -inf -inf -inf -inf -inf -inf -inf -inf -inf -inf -inf -inf -inf -inf -inf -inf -inf -inf -inf -inf -inf 
-inf -inf -inf -inf -inf -inf -inf -inf -inf -inf -inf -inf -inf -inf -inf -inf -inf -inf -inf -inf -inf -inf -inf -inf -inf -inf -inf -inf -inf -inf -inf -inf -inf -inf -inf -inf -inf -inf -inf -inf 
-inf -inf -inf -inf -inf -inf -inf -inf -inf -inf -inf -inf -inf -inf -inf -inf -inf -inf -inf -inf -inf -inf -inf -inf -inf -inf -inf -inf -inf -inf -inf -inf -inf -inf -inf -inf -inf -inf -inf -inf 
-inf -inf -inf -inf -inf -inf -inf -inf -inf -inf -inf -inf -inf -inf -inf -inf -inf -inf -inf -inf -inf -inf -inf -inf -inf -inf -inf -inf -inf -inf -inf -inf -inf -inf -inf -inf -inf -inf -inf -inf 
-inf -inf -inf -inf -inf -inf -inf -inf -inf -inf -inf -inf -inf -inf -inf -inf -inf -inf -inf -inf -inf -inf -inf -inf -inf -inf -inf -inf -inf -inf -inf -inf -inf -inf -inf -inf -inf -inf -inf -inf 
3.1547 4.3490 4.8397 4.7597 4.6370 4.7338 5.0669 4.3986 5.2334 6.2489 6.3619 6.3658 6.2629 5.4621 4.6223 4.3558 4.7071 5.7786 6.0793 6.9611 6.3009 6.0868 6.3429 5.8513 5.6850 6.2520 7.5202 6.9515 5.6924 6.9957 6.7017 6.1372 7.1544 6.5477 6.7026 7.8701 8.2000 7.7925 7.8037 7.3649 
3.9224 5.5010 6.4443 6.7980 6.2909 5.7930 5.7344 4.2568 5.4109 5.8860 4.5166 4.3135 4.9701 5.1605 6.0047 5.4709 5.6961 5.4482 5.7178 5.8527 6.1248 6.3646 6.4009 6.2792 6.1017 6.0682 5.7937 5.4372 6.6701 7.3853 7.0381 6.7020 6.6829 6.0818 6.0522 7.5847 8.5543 7.9939 7.4090 7.3887 
5.2452 6.1805 6.4367 6.0737 7.1999 6.9565 6.6340 6.5133 4.9616 4.8307 4.6787 4.4157 5.8006 5.3061 5.8898 5.9648 5.3800 4.9239 6.3440 7.0735 6.9301 6.3793 6.5233 6.1847 5.6455 5.4450 5.3370 5.4493 5.5705 7.1347 6.9440 6.2822 6.3771 5.8762 6.7754 7.6954 7.9790 7.6424 7.2459 7.0491 
5.0222 6.1497 6.4224 6.5360 5.2163 6.4850 6.0755 5.3568 5.8242 5.7971 5.2068 4.1975 4.2220 5.4408 5.0284 5.0693 5.3833 5.4611 5.9796 6.0912 5.8862 6.0601 5.9841 6.3072 5.9429 5.6286 5.6588 5.0857 5.4097 5.9687 6.2069 6.0406 5.2895 4.7882 6.5790 7.7649 7.6416 7.8363 7.5773 7.4108 
3.8298 4.5909 4.0839 6.2396 6.6001 6.0098 4.9362 5.9768 5.4041 4.8297 4.9776 5.4440 3.9803 4.9045 4.8029 4.3830 5.2117 5.5861 6.1405 6.7674 5.9035 5.0050 5.6244 5.8400 5.3763 4.1403 4.1291 4.5246 4.7780 5.9395 5.5596 6.0373 5.6994 6.1060 7.7548 8.4498 7.6598 7.7278 8.0980 7.7867 
3.9390 6.1053 6.3820 5.8544 5.6903 5.9176 4.7939 6.4115 5.4502 3.4055 4.7012 4.6554 5.2866 5.3637 5.5039 5.6340 5.7191 4.7076 5.3295 5.5323 5.6227 5.1142 5.2441 5.4278 5.6624 5.1732 5.1676 4.6472 4.2448 4.9034 6.1772 6.8329 6.4329 5.3159 5.3395 6.2801 6.6120 5.9209 5.5845 5.9555 
3.4957 5.8338 6.3942 6.0333 5.8693 5.9892 5.4070 6.2590 5.6958 4.9299 5.9603 6.2833 6.7577 6.4933 6.0030 5.8865 6.0543 6.1057 6.6310 7.4758 6.5846 6.3623 6.8220 7.6730 7.6374 6.6391 5.9479 5.6885 5.4093 6.0989 6.4064 6.3716 6.6131 6.1556 6.5096 6.9541 7.2423 6.8479 6.8990 7.2659 
2.6697 5.3369 6.3748 6.7146 6.6502 6.6213 6.1750 5.5424 5.0655 5.1396 4.0736 4.5947 4.9560 5.3009 5.1798 4.7429 5.2940 5.8663 5.7639 5.5773 6.2121 6.1549 5.7497 5.7241 5.9459 5.7649 5.2745 5.4733 5.2804 5.6060 5.3774 5.8251 5.5546 5.1236 5.7215 6.0057 6.2548 5.9716 6.3296 6.3364 
4.6868 5.5457 5.7270 6.2597 6.7759 6.3384 6.5802 6.3180 5.7605 4.4535 4.1475 5.3554 5.6814 5.2884 5.5295 4.7555 5.1934 4.8612 5.6844 5.5960 6.1255 6.6401 7.5705 8.0265 7.1553 6.3408 6.0370 5.7202 5.3549 5.6033 6.1841 7.1237 6.8412 5.6262 6.4354 6.1515 6.1302 6.2666 5.9243 7.1497 
4.3457 4.5613 5.8535 6.6217 6.7503 6.8333 6.4908 6.0049 6.5633 6.3913 5.7111 5.8592 5.1682 5.3195 5.2230 5.6375 5.8901 5.2492 5.4236 5.5090 4.7658 5.8715 5.9829 6.4799 5.7925 5.6513 5.7216 5.0626 5.3197 5.6334 5.6603 5.7870 5.2298 4.8814 4.7964 4.9056 4.9028 4.9220 4.7515 5.1591 
3.8340 5.0535 5.7209 6.3534 6.8219 6.3011 6.7060 6.4658 6.4597 6.7440 5.3558 5.5480 4.7570 5.8887 5.7278 5.3706 5.9836 5.2747 5.4348 6.2875 5.8706 6.0609 6.7292 6.6478 5.7710 5.7876 6.0335 5.5846 5.6642 5.6399 5.1462 5.0493 4.7898 4.6259 4.5473 5.1880 5.1529 4.5862 4.7705 4.6244 
4.8378 5.6498 5.8929 7.2085 6.7740 7.2291 7.8585 6.9339 5.8649 6.0733 4.7470 5.2508 5.2549 5.9427 5.5381 5.6691 5.6045 4.8938 5.5410 5.6162 5.4194 5.8068 6.4209 6.8171 5.3691 5.6725 6.1433 5.8945 6.1636 7.3956 6.4204 5.4742 5.3565 5.4621 6.3344 7.3195 6.6780 5.7822 5.6264 5.6309 
5.0883 6.1707 6.5507 5.8767 5.9879 6.8747 7.6213 7.6631 6.4527 6.4215 5.8570 5.2373 5.5885 5.2257 5.2348 5.0325 5.9152 5.5280 5.3242 5.4900 6.1353 6.3643 6.4277 6.4738 6.5081 6.8169 7.6832 7.7346 7.2649 7.9496 7.6813 7.5260 7.5682 6.3935 5.9385 7.0515 6.9217 6.8610 6.1049 6.2495 
3.6120 6.7101 7.5146 7.2619 5.1787 6.5304 7.6595 7.5614 6.0224 4.7466 5.6772 5.4526 5.4215 6.1895 5.8705 5.1911 5.3203 5.7988 5.7973 5.1975 5.0586 5.6538 6.3388 6.7215 5.8646 5.8911 5.7706 5.8199 5.7002 6.7075 6.2547 5.9212 6.6669 5.8901 6.2205 7.3251 7.0567 7.3432 6.1757 5.9078 
3.6372 6.1412 6.8886 7.3326 6.7233 5.8717 5.6760 5.2308 5.1813 6.1179 6.4860 6.2287 5.6546 5.8047 5.9934 5.4432 5.7772 5.6294 5.5919 5.7914 5.6191 5.9031 6.9243 6.5184 5.3835 5.5160 5.0877 4.7500 5.4789 5.7449 5.8591 5.6777 5.3864 4.8395 5.0284 5.2866 5.0603 5.5430 5.0035 4.8475 
4.9200 6.4591 6.9451 6.6732 6.4562 5.6256 6.4865 6.5397 6.0721 5.6356 6.4914 6.1219 4.8335 5.6693 5.1780 4.7078 5.4070 5.1815 5.5169 5.3687 5.0465 5.9513 6.0782 5.6971 5.0574 5.3303 5.1569 4.7839 5.1256 4.8764 5.2904 5.3867 5.1841 4.9460 4.9074 5.0187 4.8587 4.8237 4.8030 5.2902 
4.7186 6.2998 6.7486 6.3942 6.7782 7.0081 6.1641 5.7053 5.2055 5.0235 5.8145 5.3071 4.6487 5.2826 5.2638 5.4919 5.6488 5.8010 5.6811 6.1468 6.0471 6.4608 6.7175 6.7462 6.6622 6.5948 6.1126 5.9670 5.3850 5.0410 5.5313 6.6054 7.0268 6.7309 6.6920 6.9359 6.9852 7.3334 7.2847 7.5968 
4.2017 5.8818 5.2103 5.8968 5.8641 5.6361 5.8250 6.5056 5.6475 5.0258 5.3016 5.7677 5.5015 5.5297 5.6157 5.3227 5.7734 5.6572 5.5280 5.3723 5.8384 6.0107 5.3888 5.9071 5.7758 5.1804 5.2312 5.4811 5.5991 5.8137 6.6005 6.8213 7.4719 7.5237 7.5888 7.3701 7.7289 8.0193 7.9191 9.2929 
4.2328 5.1003 5.9586 6.2161 6.9948 6.9027 6.0372 5.9562 5.9875 6.5152 6.0405 6.0019 5.1896 5.8696 5.8522 6.8594 6.5201 7.1830 7.8079 6.7631 7.2114 7.3506 6.8343 6.4992 6.2931 6.6976 6.7849 5.9987 6.3359 7.2770 7.6114 7.6644 8.1489 8.0171 8.0403 8.8649 9.5410 9.8666 9.6955 9.7337 
5.3123 6.1544 6.7496 6.0198 6.1766 5.8821 6.2112 5.9296 5.2392 5.4664 5.6526 5.5898 5.1197 6.2105 5.7336 6.3891 6.2069 6.4668 6.4453 6.4399 6.1862 6.2799 6.2737 6.1283 6.4489 6.2499 6.5763 6.5349 6.2835 6.8165 7.2660 8.0522 7.7907 7.6923 8.1996 8.8320 9.5578 9.3174 9.1699 9.4646 
5.0754 5.7358 5.8655 5.7382 5.7857 5.4459 6.5111 5.9226 4.8703 5.9856 5.8081 5.4535 5.7354 5.9069 6.0738 5.6474 5.9007 6.0218 6.2955 5.9532 6.2101 6.5759 6.4707 6.5916 6.3790 6.5618 6.3132 5.9311 6.2881 6.9685 7.2292 7.1378 7.7876 8.0698 8.2319 8.5175 9.0558 9.0452 9.1289 9.4852 
4.3414 3.3133 6.0374 7.2676 6.8937 7.3166 7.4092 6.6474 5.2273 4.6313 5.1778 5.3621 5.1159 5.5445 5.7476 5.3197 4.5546 5.1646 5.2120 5.8801 6.3228 5.5442 5.8211 6.5677 6.5202 6.5146 6.0007 5.8197 6.1530 6.8783 7.7191 7.0920 7.9419 7.8554 7.9582 8.5050 8.6805 8.6342 9.1001 10.2951 
5.8651 5.6449 6.3916 7.4094 8.4372 8.5388 8.0212 8.0861 8.1293 8.0568 7.4685 7.0331 6.7691 5.7666 6.0598 5.6766 5.6761 5.6350 6.1957 7.1025 7.8874 7.8174 6.8748 6.8086 6.6238 6.4538 6.4742 6.7034 6.2377 6.8900 7.3509 7.1872 7.7006 7.6327 7.2615 7.6858 8.4198 8.0646 7.9826 8.3857 
4.9445 6.4008 7.1042 8.6004 9.3668 8.5284 6.2714 8.8548 9.6926 8.8870 9.0219 9.7090 8.1048 8.3619 8.1982 7.5380 7.9716 7.9459 8.2898 8.6841 9.6094 10.0752 9.4893 8.8284 8.8306 9.4502 9.4046 8.7809 7.9812 7.7720 7.7741 7.2528 8.7531 9.0357 8.7753 8.4079 8.6179 8.0651 7.5944 7.9045 
5.1565 6.0471 6.4699 8.5859 9.2611 8.0392 6.5690 8.6892 9.2075 7.3396 9.4344 10.5472 8.9696 8.8403 8.2455 7.6841 8.0970 8.0349 8.3278 8.8744 8.6506 10.1804 9.7843 9.7088 9.4307 9.9378 10.0598 9.2757 8.7245 8.2706 7.8947 7.6432 9.0001 9.4593 8.8634 8.0583 8.2328 7.7039 7.9578 8.0859 
5.3355 6.4242 6.6093 8.1220 9.3984 8.8177 6.7541 8.1872 9.4534 8.3631 8.7247 10.5743 9.8232 8.1147 8.6999 6.6744 8.2054 7.4756 8.2418 7.6801 8.3009 9.1813 9.4783 9.6458 9.7577 9.9306 9.8929 8.8950 8.2497 7.5264 7.5370 6.8378 7.5696 7.9792 7.4093 7.9730 7.6438 7.3514 7.6201 7.2884 
5.3225 6.5919 7.7291 8.5894 9.6713 9.3018 5.7779 7.0055 9.0213 8.7988 5.9484 9.1214 9.6993 7.3674 7.8004 6.8256 6.5932 6.6077 6.6294 6.7569 8.5826 9.0047 9.4197 9.4478 9.6884 9.4271 8.7596 7.5215 7.1165 6.5201 7.1061 6.5530 6.4311 7.3784 7.5010 7.0410 7.6178 7.3228 7.5792 7.2191 
5.4244 5.5446 7.5116 8.3570 9.0068 8.6112 6.9085 6.7987 7.2703 6.6112 5.3319 7.0100 7.0193 6.7939 6.2427 5.5824 6.0376 6.0777 6.2629 6.2555 6.0905 7.3221 7.8890 8.2008 7.9893 7.7054 7.5370 6.8395 6.1070 6.1077 6.4402 6.0719 6.1893 6.6763 6.9871 7.4014 7.1991 7.9289 7.7187 6.9684 
4.7120 5.5649 6.8318 7.7532 6.9263 7.0980 6.0693 6.0495 5.5603 5.8735 6.3255 7.2322 6.2401 6.3627 6.4493 5.5094 5.5986 5.5251 6.4020 5.8584 5.8624 6.3202 6.6166 6.5869 6.1210 6.4681 6.1165 5.1980 5.4084 5.1234 4.9853 5.1150 5.6232 6.1490 6.4874 6.8077 6.4197 6.7173 7.2110 6.3126 
4.7061 6.4937 7.5282 8.2735 8.1256 6.8448 6.9496 6.0562 4.4389 4.9786 5.6275 6.3833 5.6190 6.5954 6.1262 5.0529 5.8364 5.1657 5.5259 5.8810 6.5254 6.3878 6.3736 6.0592 6.3787 5.6588 6.3359 5.6364 5.3586 5.7110 5.4047 5.4390 5.7293 5.7773 5.9550 6.1829 6.0396 5.7634 6.1878 5.6683 
4.2677 5.7422 6.6921 7.9804 7.9297 7.0562 6.9879 6.7828 5.7242 5.7958 6.6542 6.7896 6.4644 6.0622 6.0271 5.7459 5.5670 7.2782 8.5341 9.1030 7.8185 9.0752 8.8630 8.7857 8.2098 8.3014 8.0063 7.5400 7.8658 8.5460 8.3410 7.4970 7.7209 7.5858 8.5541 9.2745 8.9734 9.0185 8.4295 8.1249 
5.0515 5.7314 6.5622 7.7567 7.6211 6.7665 6.3674 5.7521 6.2412 7.2168 6.5765 6.5003 6.2153 5.4298 5.5518 6.3231 6.3358 6.0172 6.4600 7.1722 6.6557 6.3683 6.3868 6.4039 6.7449 6.7661 7.3189 6.7195 6.9389 6.9797 7.0861 6.6717 6.6907 7.1985 7.3931 8.3178 8.1008 7.8849 7.6172 7.2733 
4.5519 5.0517 5.6573 7.4188 7.3074 6.1397 6.7838 7.1260 6.3233 7.6426 7.0643 6.0106 5.9632 5.5197 5.7066 5.9485 5.9831 5.9206 6.3960 6.3114 6.2084 5.5996 6.1926 6.2533 5.9442 5.6418 5.6052 5.5707 5.4948 6.6525 6.5303 6.2580 6.2027 5.7585 6.4721 7.2863 7.5309 7.2750 6.3969 5.7799 
3.8196 5.5437 6.6826 6.8459 6.9762 7.4195 6.8343 6.6511 6.8602 6.7185 7.1718 7.4921 6.8324 6.9824 7.4061 7.3656 7.7921 8.8510 8.7486 8.7812 8.6675 7.9128 8.0309 7.0622 7.2959 6.8591 7.0501 6.1635 5.9559 5.8226 6.1030 6.2813 6.6928 6.4870 6.5853 7.0241 7.0402 7.0750 6.8722 7.7809 
3.2424 5.3202 6.1821 6.0690 6.2936 7.0590 6.1491 7.2442 6.5821 7.0750 7.4820 6.7451 5.8881 6.0692 5.4409 5.6418 6.5566 7.8362 8.1665 7.5753 8.2383 8.1733 7.2818 7.4875 7.7947 7.9857 6.8283 6.1958 6.4552 6.6590 7.3684 7.2956 8.1676 7.9227 7.7114 7.7635 8.0532 8.5336 8.4426 9.7204 
5.3754 6.1497 6.1475 4.9785 6.7490 7.1533 6.2590 6.6600 6.0589 6.9182 7.9918 7.0202 5.8092 5.4652 5.8766 5.3482 6.0476 5.9721 6.9214 6.8746 6.6589 7.1419 6.7161 6.7397 6.8229 6.8060 6.5780 6.0020 6.1325 6.8393 7.3076 6.9476 7.7727 7.6551 7.5064 8.2141 7.9547 8.1432 8.4087 10.2835 
5.0568 6.6346 7.2229 7.4118 7.5018 7.0029 6.0096 6.6047 6.2092 6.1994 6.6122 6.2947 5.7565 6.3464 5.5148 4.9738 5.5994 5.6776 6.3726 6.0545 6.1304 5.7264 5.8510 5.8180 5.8683 6.1099 6.0426 6.1370 6.1401 6.5857 7.3022 7.1850 7.5210 7.6609 8.0004 7.8301 7.7816 8.5263 9.1314 10.1210 
6.0699 6.4144 7.1761 7.3016 6.3896 6.9866 5.7448 6.6037 5.7485 6.8657 6.8284 6.0799 6.0257 6.4624 5.9248 5.5777 5.9400 6.0031 6.2656 6.4162 6.1737 5.8590 5.7510 5.7902 6.1114 5.9858 5.9845 6.0121 5.9452 6.3463 7.1125 7.4081 7.2776 7.5557 7.4210 7.6896 8.0754 8.6333 8.8316 9.8929 
5.1527 6.0610 6.6893 6.5231 6.7809 6.7053 4.5202 5.6813 6.8527 6.9947 6.5015 5.8085 5.5881 5.6091 5.5078 5.8321 5.9894 5.6194 5.5976 5.9520 6.0982 6.0826 6.5852 6.1902 6.5425 6.6012 6.2306 5.9030 6.3610 6.5124 6.6639 7.1347 8.0568 8.0207 8.0587 8.1326 8.1181 8.8396 9.2812 10.1003 
4.5452 5.5369 6.1892 5.4565 7.1011 7.3898 6.8057 6.2342 5.9077 6.2684 5.8054 5.5241 5.3102 6.2145 5.8199 5.7617 5.9410 5.5540 5.5397 6.7768 6.4579 6.2550 5.7417 6.0372 6.3423 6.5610 6.6871 6.1375 6.9390 6.6815 7.4242 7.4648 7.6077 7.2551 7.8397 7.5049 7.6229 8.2358 9.1302 10.5880 
2.4789 3.7459 3.0229 5.7156 7.0005 7.2242 6.4559 5.0466 6.4954 6.6563 6.1692 5.9629 5.2089 5.3831 5.6899 5.3511 5.8968 5.7548 6.0511 5.9852 6.1164 6.4014 5.9004 6.2896 6.4160 6.3780 6.6152 6.6593 6.2494 6.5673 6.8893 7.2205 7.8292 7.8815 8.0716 7.9683 7.7597 8.9369 9.2644 10.6286 
4.0483 5.2190 5.9106 6.4142 6.3945 5.2826 5.7253 5.7427 5.8115 6.2343 6.1332 5.8160 4.3573 4.9856 5.5212 5.7049 6.4588 5.9407 6.5976 7.1390 5.9368 5.3630 6.4121 7.1077 6.8035 6.4522 6.5314 6.7021 6.7794 6.6469 7.4835 6.9642 7.5545 7.7857 7.8592 7.9334 8.0906 8.5550 9.2242 10.9934 
4.7349 5.4971 5.5911 5.7456 5.8591 6.1385 5.3589 4.7078 5.0204 4.5995 5.9407 6.2537 5.8579 5.6675 6.1153 6.2237 6.5131 7.3563 7.2355 6.8040 7.0924 6.9238 6.8343 6.9183 7.0303 6.9539 6.9534 6.2826 6.6090 7.0750 7.4324 7.1519 7.9171 7.8159 8.1293 8.8829 8.8939 9.3562 9.5317 10.1915 
4.3288 5.3361 5.7020 5.9659 6.3586 5.0439 5.1099 4.7389 4.6140 5.2884 4.3451 5.1559 5.7357 6.2208 5.8429 5.4634 6.8785 6.9861 7.2702 7.2894 7.0105 6.8043 7.7122 8.4645 7.3083 6.9092 6.6322 6.1827 6.7277 6.9074 7.3354 7.6761 7.6015 7.6845 8.1352 9.0413 9.5646 9.3056 9.6300 10.6417 
4.0366 5.2135 5.9366 5.9920 5.3526 5.4066 5.0354 4.8085 5.3671 4.9246 5.5820 5.4097 5.3025 6.2208 5.6231 5.2240 6.6373 6.6934 6.7582 6.4181 6.1380 6.5419 7.2814 7.5633 7.5720 7.2403 6.7637 6.1003 5.8203 6.5016 6.9665 6.8582 7.2128 7.1643 7.9055 8.5891 9.1523 8.7947 8.8972 8.4535 
4.7036 5.6880 5.6342 4.8672 5.9054 6.4348 6.3108 5.6568 5.1069 5.4248 5.3455 5.6926 5.7212 5.6748 4.8173 5.1331 6.3554 6.6784 6.4589 6.6582 6.6947 6.4990 6.5057 6.6845 7.5892 6.6556 6.5481 5.7594 6.0201 6.8665 6.7939 7.0361 7.0931 6.6305 7.3966 8.0271 8.3985 8.2457 8.0206 7.9780 
3.4485 4.4188 6.1873 6.6490 5.7925 5.4642 5.5026 5.0578 5.0112 5.4026 5.5219 6.2896 6.0871 6.6471 6.2368 5.0376 6.1889 6.1083 6.3639 6.4406 7.8914 7.6216 7.2400 7.6044 6.9582 6.9926 6.4163 5.8745 6.1043 7.0398 7.3471 7.0903 7.0235 6.5603 6.7026 7.7869 8.3592 7.9165 7.5753 7.3142 
5.1343 6.6375 7.0108 6.5822 6.1537 5.5275 5.0817 4.9207 4.9133 5.5485 5.1309 4.7148 6.2302 6.2837 5.2382 5.2678 6.1435 5.6787 5.4841 7.2059 8.2015 6.8630 6.2837 6.9487 6.4808 6.0169 5.7007 5.6659 5.9245 6.5055 6.3374 6.1102 6.5045 6.2981 6.6908 7.6912 8.3118 7.8833 7.0534 6.8070 
4.9608 6.4013 6.6844 5.6889 6.7931 6.7426 5.8459 5.5385 5.3055 4.5932 5.3872 5.5610 6.2935 5.6065 4.8154 4.3164 5.7492 5.9714 6.6664 7.2213 6.1113 5.8068 5.9466 6.2029 6.3987 5.6425 5.3756 5.5844 5.6576 6.3155 6.3674 5.7779 5.7190 5.2474 5.8634 7.1307 7.9502 7.5247 6.5677 5.9188 
5.1313 6.0086 6.6276 6.8420 6.5715 5.7453 6.6829 6.4214 5.0992 4.9420 5.6657 5.5781 5.2405 6.0759 5.7964 5.8218 5.9148 5.1382 5.6879 5.9472 5.5949 5.3011 6.0439 6.2755 5.7715 5.5640 5.8567 5.2893 5.1732 5.4902 5.8531 5.4830 5.3592 5.1270 5.7454 7.0455 7.4747 6.8491 6.6050 6.1748 
3.8640 5.5400 6.4530 7.1486 6.9654 6.1906 6.7714 6.6600 5.7597 5.1357 5.2118 5.2451 5.4949 5.8806 5.6707 5.5051 5.8748 5.7865 5.5593 6.2072 5.5403 5.9193 5.8721 6.1514 6.0880 5.6359 5.5830 4.9941 5.5862 5.7609 5.9275 5.2018 5.4938 5.1331 5.8380 6.6189 6.9346 6.1171 6.0760 6.0513 
4.6768 5.6007 6.2550 7.3274 6.7529 6.8444 7.5425 6.7065 5.3469 5.3104 5.0949 5.6686 5.7007 6.2582 5.3190 5.4412 5.5282 5.1572 5.7829 5.7910 5.2544 5.1520 6.0126 6.3123 5.8656 5.5915 5.5113 5.0982 5.6156 6.3245 5.8489 5.9232 5.9090 5.8183 7.7500 8.4958 7.6532 7.8440 8.1449 7.4589 
4.9572 5.5138 7.1521 7.9605 7.2002 7.3571 7.7529 7.1074 5.7453 4.5547 5.3641 5.8790 5.7509 5.4370 5.7402 5.6483 6.0771 5.7870 5.3712 5.1863 4.7136 5.1398 5.5319 5.7104 5.5547 5.2717 5.1122 5.0349 5.2487 5.3768 5.3842 5.5511 5.3451 5.0918 4.9717 5.9707 5.7109 5.7045 5.4384 4.5270 
4.0882 5.7628 6.2693 6.3750 6.6343 7.0216 7.4602 6.6083 4.8132 5.4197 5.4059 5.5784 5.6615 5.1919 4.4400 5.1314 5.9437 6.2530 6.9855 7.2666 6.5331 6.1762 6.4279 6.8339 6.9906 6.4124 6.3240 6.4971 6.4818 6.9330 6.8653 6.6828 6.5189 6.2991 7.1110 7.8302 8.0279 7.8711 6.5777 6.0399 
4.0716 5.8758 6.1409 4.9888 6.4849 7.1803 7.7772 6.9130 5.9712 6.3411 5.3519 5.4366 5.6879 5.6155 5.3058 5.0264 5.7272 6.5385 6.8433 6.4039 6.5730 5.9952 6.1318 6.4955 6.4208 6.7171 5.9187 6.2057 6.6378 7.5374 7.4725 7.0317 7.1771 6.6335 7.6984 8.3823 8.6591 8.1189 7.8399 6.9158 
4.1174 5.7684 6.3230 6.1294 5.4460 6.2299 6.6819 4.6697 4.5443 5.2474 5.3064 5.8014 5.2904 4.2823 5.0129 5.1534 5.4226 5.5774 6.0330 5.7776 6.0963 5.8874 6.1041 5.5934 5.7789 5.6648 5.8861 5.8836 6.2490 6.8065 6.6193 6.1579 6.5081 5.6610 7.2007 7.8719 7.5539 7.1720 6.8923 6.0584 
4.8201 5.8610 6.6150 6.6643 6.1923 7.2379 7.0342 5.8092 5.1202 5.5119 4.7972 4.5035 3.8269 5.8008 5.6975 5.7925 6.0505 5.8431 6.3673 6.2253 6.0514 5.4727 5.7344 6.2600 6.1612 5.8388 5.2034 4.8645 4.9234 5.6460 6.1874 5.6033 5.3680 5.3188 5.5788 6.4508 6.3446 6.3424 5.1200 4.8145 
4.2132 5.9114 6.9088 6.9608 6.5153 6.1469 6.0825 5.6933 5.3309 4.8510 5.0284 5.6191 5.7004 5.9749 6.0998 5.3125 5.6766 5.6820 5.6178 5.4151 5.2318 5.1755 5.8295 6.3938 5.8613 5.9461 5.3965 5.3217 5.6466 5.7359 5.7723 5.3516 4.7374 5.3558 5.3405 5.7682 5.4103 4.8308 5.1568 4.7071 
4.6454 5.5840 5.6107 5.7591 6.4903 6.3054 6.5840 5.6003 3.5562 4.4978 4.7598 5.1197 5.9572 5.3895 5.3958 5.1184 5.4203 5.3460 5.6053 4.9149 5.4652 5.2365 5.4484 6.4784 6.4437 6.4354 5.8646 5.4972 5.3649 5.5731 5.3718 5.2689 5.2923 4.7837 5.1444 6.0213 5.1836 4.9852 4.8103 4.9338 
2.4415 3.3400 2.3789 4.4533 6.0213 5.4617 6.4564 6.0598 5.7226 5.7991 5.8704 5.5931 6.0344 5.8374 5.4534 5.7189 5.7137 6.0394 5.5262 5.5308 5.0794 5.5382 4.6761 5.6832 6.3052 6.2729 5.6943 4.8017 5.1565 5.7272 5.0767 5.2573 5.4221 5.5006 5.4011 5.3408 5.3555 5.0734 5.1794 5.1751 
4.0414 5.6844 6.0592 6.2604 5.8737 5.6093 5.0399 4.6101 5.5744 5.2428 4.1778 5.5896 5.8757 5.6685 5.6520 6.0334 6.0702 5.8972 6.0772 5.9211 5.5493 6.0769 5.7074 6.2680 5.7106 4.8827 5.4412 5.2594 5.3279 5.6628 5.4518 5.3415 5.2998 5.0237 5.1072 4.8211 4.4780 5.0303 4.9090 4.8358 
2.9593 3.4330 5.6601 5.8569 5.1839 6.4201 5.9911 5.3112 5.1310 5.2566 5.1864 5.0012 5.6027 5.7888 5.3551 5.8502 5.9630 5.4789 5.8121 4.8802 5.3480 5.3021 6.1991 5.9953 5.6592 5.2377 5.5923 4.9989 4.5985 4.7504 5.6480 5.6123 5.6313 5.3688 5.5412 5.0730 4.6732 5.0721 5.5700 5.9357 
3.5966 3.3313 4.6454 4.4470 5.7655 6.0326 5.4643 4.6647 4.9448 5.0281 5.5340 5.5867 5.0445 5.6465 5.9754 5.8515 5.3701 5.7293 6.0013 5.3260 5.4291 5.3982 5.3324 5.9416 5.6370 5.6422 5.1684 4.9213 5.3685 5.3271 5.4771 4.8176 5.0831 5.1690 5.0490 5.1226 4.9014 4.8532 5.3179 5.3609 
2.6735 3.9692 3.7829 5.9215 5.7471 5.9911 6.1381 5.1694 4.4776 5.3284 4.9596 5.7437 5.7723 5.7428 5.6896 5.8128 5.3117 5.1816 4.8533 4.3889 4.7266 5.1431 5.9220 5.0445 5.3301 5.4112 5.4191 4.7960 5.4673 5.3148 5.5075 5.5886 5.3392 5.1137 4.8422 4.7356 4.3891 5.2303 5.1691 5.2444 
3.8008 4.6506 5.7574 5.6167 5.0996 5.9362 5.4128 4.9870 5.3733 5.4112 5.5576 5.8883 5.5877 5.9284 5.6332 4.6540 5.5390 5.3805 5.6997 5.7517 5.1723 5.6123 5.3968 5.5547 5.7324 5.3549 5.3412 5.0876 5.2259 5.2311 4.9122 5.3855 5.4335 4.5649 4.8245 5.0137 4.9666 4.7710 4.7414 4.9241 
4.3095 4.7214 5.9032 6.0919 6.1889 6.3295 5.4027 4.8247 4.4525 5.7293 5.4496 5.6954 5.7133 5.8439 5.5963 6.0085 6.3640 6.6184 6.8878 6.6498 6.4891 6.1511 5.8525 4.3971 5.5821 6.3300 6.3563 6.5150 6.2799 7.0588 6.7487 6.6359 7.5235 6.4710 7.3052 8.4901 8.5176 8.2558 8.0645 8.2457 
4.3968 5.7161 6.3980 6.7096 6.5597 5.8294 5.8940 5.3056 4.9627 5.2140 5.6439 5.5740 4.8716 5.1479 5.8917 6.3441 6.3987 7.1389 7.2815 6.4031 6.7165 7.1560 7.5566 8.5449 7.2582 7.0374 6.4823 5.8060 5.3427 7.1108 7.2282 6.2781 6.8960 7.2036 6.9631 8.0156 8.6817 8.4466 8.3314 8.4354 
3.6963 4.8024 5.3582 6.0162 5.7908 6.0438 5.1564 4.7631 4.7866 5.0613 4.2544 5.3960 5.2331 5.9574 5.7314 5.8211 5.4354 5.9496 5.4030 5.4189 5.4395 6.3103 6.0008 6.8278 6.7611 6.1826 5.7245 5.5462 5.4705 6.4453 6.3052 5.8416 6.2316 6.0760 7.1271 8.6490 8.9186 8.0449 8.1561 7.9303 
4.2788 5.6669 6.0124 5.7389 5.5312 5.1471 3.8927 3.6560 4.2291 5.0008 4.7173 4.5367 5.6362 5.8065 5.3717 5.3997 5.9828 5.6332 5.7627 5.3603 5.7729 5.8642 6.0926 5.9729 5.1898 5.8573 6.1830 6.1654 6.1467 6.7077 6.2443 6.2068 7.3960 6.3936 7.6625 9.0690 8.7293 8.6464 8.2585 7.7557 
4.0555 5.2409 6.1117 5.6351 6.6593 6.6922 5.9266 5.5383 5.0735 5.2383 4.8961 4.7234 5.2649 5.6194 5.7527 5.8763 6.4198 5.9022 5.8143 6.2865 7.1070 7.0814 6.2084 6.0018 5.7956 5.6946 6.1834 6.4748 6.2719 7.3922 6.8773 6.2071 6.1930 6.3457 7.5943 8.4963 8.9866 8.7849 8.2339 8.0887 
4.9637 6.0900 6.5148 6.0016 5.8442 6.2915 5.0307 4.6054 3.9269 5.0114 4.5980 5.5660 5.3819 5.5312 5.6570 5.8704 5.6090 5.1306 5.9786 6.4219 8.4455 7.8338 6.3037 5.6954 6.3482 6.5354 6.4317 5.6860 5.8711 7.3510 7.3370 7.2437 7.2487 6.2051 6.9197 8.6090 8.4155 8.3539 8.0662 7.8883 
4.7035 5.6328 5.3145 5.9593 5.8141 5.6789 5.5477 5.3072 4.4126 5.0050 4.7638 4.9672 6.3045 5.6890 5.9225 5.5253 5.4483 5.2403 6.4451 7.8518 7.0749 6.6148 5.5856 5.2981 6.3535 6.5183 7.1365 6.5321 6.2867 7.6931 7.2707 6.5149 6.8780 6.9930 7.0018 7.9105 8.5123 8.0398 7.6921 7.6322 
3.9359 4.4969 5.1282 5.7894 5.5482 6.0237 5.7549 3.6793 4.8613 5.4409 5.1062 5.1761 5.9275 5.3188 5.7309 4.8691 5.8419 5.2942 5.8244 6.5734 5.7768 5.8216 5.8429 5.3313 5.4075 6.2261 6.0324 5.7349 6.1616 7.2520 7.1361 6.2532 6.4954 6.3803 6.3949 7.7286 8.5016 7.8739 7.1888 7.2089 
3.9258 5.0635 5.9493 6.2354 5.4391 6.1252 5.9727 4.8452 4.1072 4.8456 5.2001 5.5748 5.0163 5.4657 5.4302 5.1862 5.8940 5.1193 6.1046 5.5045 4.9084 6.0486 6.0986 5.7709 5.3958 5.3552 5.9099 5.7699 6.2095 7.3753 6.6645 5.8491 5.4313 5.7605 6.4177 7.3217 7.9517 7.3647 7.2508 7.3052 
4.4807 5.7768 5.8157 5.7934 6.0152 5.1589 5.2332 5.0099 4.3224 5.0710 4.6488 4.9300 5.6526 5.3175 5.2052 5.1869 5.6132 5.4532 5.5287 5.3784 5.8230 5.5564 5.8257 5.7731 5.2782 5.3967 5.8181 4.9679 5.1216 5.7600 5.6794 5.3812 5.1946 5.5410 6.6245 7.1156 7.2018 7.6959 7.1510 6.7431 
3.3773 5.4727 6.2175 6.4100 6.5625 6.1488 5.3795 5.1830 4.7692 4.5410 4.7666 4.8754 4.6791 5.2136 5.1536 5.5540 5.3581 5.6822 4.9880 5.6597 4.9658 5.2801 5.4048 5.3463 5.5874 5.5056 5.5750 4.9444 5.4320 5.8527 5.1305 5.1102 4.9748 5.4221 6.7579 7.4749 6.5440 6.8977 7.3175 7.1040 
4.9234 6.0178 6.2311 6.4199 6.0665 5.5633 5.1508 4.6170 4.7459 5.1317 5.1950 5.2257 4.7939 5.0576 4.5785 5.5480 6.1790 5.7525 4.5212 5.3563 5.6958 5.3634 5.1750 5.4380 5.1640 5.0383 5.6650 5.1495 4.9977 4.9121 4.9315 5.3732 5.2413 5.3635 5.4157 5.6886 5.4797 5.6371 5.6590 5.4678 
5.1254 5.9252 6.2054 4.2488 6.1293 6.0966 5.6976 5.3089 4.1894 5.1608 5.6118 6.0240 5.9349 6.3021 6.3260 5.8718 5.5718 7.0624 8.0649 8.7535 7.6681 8.5627 9.1250 8.7851 7.8539 7.9335 8.4991 7.2372 7.8386 8.3643 8.4256 7.3472 7.8838 7.3322 8.4784 9.2905 9.2357 9.0388 7.9615 8.3054 
3.8667 5.6660 5.1703 5.7747 5.4449 5.5386 5.2576 4.1511 3.8266 5.0653 5.0931 5.7148 5.2634 5.6960 5.2504 5.2314 5.7527 5.6691 7.0112 6.7868 7.2263 7.3808 6.9722 7.1103 6.8966 6.0563 6.2635 6.1651 6.6848 7.8366 7.2825 6.9309 7.4377 6.4435 7.3154 8.0590 8.5386 8.1891 7.9991 7.1992 
4.7407 6.0291 6.1636 6.1836 6.5865 5.8808 4.4380 4.3676 4.6953 4.8548 4.9074 5.0277 4.9957 5.4191 4.8541 4.9185 5.4578 5.4675 6.1140 6.0889 6.0577 5.8024 5.8312 6.2924 5.9221 5.4505 5.6110 5.2383 5.5144 5.8345 6.3445 6.2950 6.1624 5.7042 6.2681 7.2395 7.1526 6.6641 6.2211 5.6595 
4.7727 5.7085 6.0232 5.4260 6.3665 6.7186 6.0641 4.6497 3.7175 4.7989 5.2493 5.3737 4.9230 5.9661 5.7362 5.6655 5.4005 5.6336 5.6645 5.5862 5.2709 5.6794 5.7290 5.5930 5.8253 5.3505 5.1382 5.1231 5.4309 5.2526 5.5753 5.4039 4.9890 5.0086 5.5715 6.4890 6.2600 5.7355 4.8236 4.7582 
4.5287 5.2504 4.6205 3.5257 5.7380 5.9033 5.2415 4.3374 3.7740 4.7885 5.3796 4.7586 5.1988 5.4026 5.3941 5.3884 5.9439 5.4094 5.1546 5.7468 5.3567 4.9775 5.4122 5.5936 5.9092 5.2736 5.3512 4.7685 5.0446 6.0352 5.4849 5.3207 4.9995 4.9894 4.9393 5.7630 5.3884 4.5924 4.8405 4.6094 
4.0333 4.5127 4.1585 4.8544 5.6840 6.0165 5.6544 5.6061 5.2383 5.1513 5.9123 5.6238 4.3860 5.4328 5.5821 5.3502 5.2276 5.4095 5.3003 5.2562 5.4856 5.0905 5.5955 6.0904 5.9417 6.0182 6.0020 5.6080 5.3633 6.4773 5.7382 6.0613 5.6803 5.2255 5.8084 7.1325 6.3884 5.7710 5.6696 5.9047 
4.8300 5.1113 4.7516 6.0811 6.3916 6.1341 5.0855 5.5786 5.1677 5.8494 6.0960 5.0666 4.5131 4.9534 5.1153 4.8511 5.1490 5.5589 5.6732 5.9824 6.4175 6.0065 5.8375 5.6705 5.5290 5.1811 5.4516 5.9326 5.3773 6.3093 5.6518 5.3426 5.3508 5.1996 5.6242 6.7079 6.4259 5.9927 5.7325 5.5711 
4.9647 6.0681 6.4463 6.3533 6.2080 6.2679 4.8325 5.0072 4.3409 4.2230 6.1170 5.2877 4.0885 4.9688 5.3689 4.7425 5.3443 5.3553 5.5347 6.0827 6.4888 6.3829 6.2339 5.7795 6.1612 5.7312 5.6919 5.1698 5.5363 5.4898 5.1082 5.3930 5.3189 5.1175 5.5785 6.5729 6.1902 6.5217 5.7715 5.2554 
2.7899 5.3878 6.0530 5.8892 6.0969 5.6782 4.7636 5.2056 5.4785 5.6479 6.1615 5.1814 5.7761 5.8909 5.3912 5.1358 5.2097 4.9979 5.8216 6.0217 6.1681 6.4013 5.9010 5.3549 5.5310 5.8259 5.0829 4.9517 4.9746 5.2848 4.5296 5.0873 5.0503 5.0241 4.8577 4.8566 4.6196 4.3804 4.5005 4.4344 
4.4705 5.8779 6.2198 5.1943 5.4868 5.9179 5.0846 3.0645 4.6394 4.4602 6.7531 6.6667 4.6574 5.7302 5.1014 4.5398 5.0908 4.8222 5.5613 5.5292 5.9162 6.9339 6.1442 5.9373 5.8109 5.4859 5.6006 4.9249 5.2080 5.0076 4.7826 5.0270 4.6002 4.7715 4.8477 4.2235 4.4937 4.4820 3.9822 4.5984 
4.4388 5.9130 6.1637 5.3074 5.7828 6.1474 5.5527 4.4623 5.1492 4.6314 5.7761 5.6582 5.3615 5.2105 5.0674 5.2796 5.4105 5.5569 5.7140 6.2554 6.1584 6.2287 6.2238 5.6613 5.1480 5.6244 4.9398 4.8464 5.1518 5.3167 5.2043 5.0014 4.9984 5.1406 5.0412 4.6899 4.6371 4.6331 4.4205 4.4230 
1.9369 2.7865 2.9167 2.4386 2.9193 3.2357 2.8381 1.7321 2.2950 2.0549 3.1997 3.0546 2.6203 2.7625 2.7541 3.1835 3.4422 3.5563 3.9948 4.6412 4.5598 4.7546 4.6153 4.0975 3.6471 4.4708 3.6971 3.7985 4.2435 4.3619 4.3832 4.1657 4.3460 4.4934 4.5373 4.1946 4.2346 4.2570 3.9034 4.1586 
-0.9276 -0.3287 -0.2503 -0.4982 0.0617 0.3674 0.0510 -1.0124 -0.4171 -0.1310 0.7182 0.6369 0.1681 0.4391 0.4806 1.2054 1.5683 1.6549 2.3672 3.0446 2.9852 3.3031 3.1013 2.7012 2.3685 3.3503 2.5482 2.7726 3.3579 3.4658 3.5993 3.3844 3.7096 3.9103 4.0602 3.7670 3.8873 3.9489 3.5393 3.9618 
-3.9376 -3.4415 -3.3883 -3.4626 -2.8081 -2.4884 -2.7491 -3.7444 -3.0270 -2.4141 -1.7140 -1.6944 -2.0861 -1.7741 -1.7568 -0.7132 -0.2846 -0.1487 0.7648 1.4620 1.4142 1.8599 1.6721 1.3795 1.2085 2.2423 1.4382 1.7644 2.4789 2.6105 2.8379 2.6525 3.0846 3.3612 3.5921 3.3663 3.5589 3.6698 3.2809 3.7959 
-7.0421 -6.5740 -6.5307 -6.4388 -5.6846 -5.3410 -5.5526 -6.4291 -5.5575 -4.7610 -4.1134 -3.9907 -4.2477 -3.9308 -3.8700 -2.5963 -2.1275 -1.8767 -0.8297 -0.1103 -0.1562 0.4267 0.2701 0.0909 0.1038 1.1407 0.3513 0.7745 1.6043 1.7854 2.0937 1.9707 2.4684 2.8287 3.1294 2.9771 3.2382 3.3992 3.0647 3.6451 
-10.2149 -9.7445 -9.7017 -9.4121 -8.5626 -8.1924 -8.3563 -9.0287 -8.0232 -7.1338 -6.4884 -6.2730 -6.3984 -6.0804 -5.8512 -4.4591 -3.9600 -3.5528 -2.4207 -1.6752 -1.7267 -0.9974 -1.1126 -1.1785 -0.9837 0.0434 -0.7179 -0.1968 0.7335 0.9814 1.3584 1.3032 1.8593 2.3048 2.6704 2.5931 2.9213 3.1315 2.8644 3.5022 
-13.4179 -12.9637 -12.9161 -12.3605 -11.4377 -11.0415 -11.1516 -11.5272 -10.4427 -9.5127 -8.8445 -8.5494 -8.5578 -8.2357 -7.7543 -6.3107 -5.7792 -5.1961 -4.0088 -3.2348 -3.2961 -2.4134 -2.4787 -2.4365 -2.0679 -1.0508 -1.7734 -1.1498 -0.1335 0.1918 0.6287 0.6398 1.2562 1.7861 2.2139 2.2121 2.6065 2.8655 2.6710 3.3639 
-16.5892 -16.2359 -16.1565 -15.2655 -14.3061 -13.8848 -13.9218 -13.9527 -12.8363 -11.8880 -11.1855 -10.8234 -10.7246 -10.3851 -9.6016 -8.1558 -7.5812 -6.8197 -5.5935 -4.7904 -4.8555 -3.8215 -3.8315 -3.6881 -3.1524 -2.1425 -2.8184 -2.0855 -0.9968 -0.5879 -0.0965 -0.0212 0.6587 1.2707 1.7595 1.8329 2.2935 2.6009 2.4811 3.2289 
-19.6810 -19.5915 -19.2801 -18.1287 -17.1641 -16.7148 -16.6448 -16.3502 -15.2179 -14.2555 -13.5146 -13.0964 -12.8940 -12.4980 -11.4061 -9.9962 -9.3623 -8.4316 -7.1744 -6.3433 -6.3811 -5.2202 -5.1734 -4.9356 -4.2378 -3.2321 -3.8547 -3.0055 -1.8566 -1.3608 -0.8181 -0.6804 0.0662 0.7578 1.3067 1.4550 1.9817 2.3377 2.2937 3.0964 
-22.6300 -23.3501 -22.1549 -20.9481 -20.0111 -19.5207 -19.3035 -18.7487 -17.5945 -16.6138 -15.8348 -15.3685 -15.0610 -14.5553 -13.1937 -11.8320 -11.1198 -10.0367 -8.7509 -7.8942 -7.8706 -6.6116 -6.5062 -6.1798 -5.3235 -4.3195 -4.8825 -3.9117 -2.7127 -2.1286 -1.5367 -1.3383 -0.5217 0.2469 0.8555 1.0783 1.6712 2.0757 2.1080 2.9660 
-25.1080 -25.7743 -25.2731 -23.6410 -22.8538 -22.2965 -21.8937 -21.1589 -19.9675 -18.9629 -18.1488 -17.6385 -17.2204 -16.5457 -14.9814 -13.6620 -12.8524 -11.6377 -10.3228 -9.4437 -9.3363 -7.9990 -7.8308 -7.4204 -6.4089 -5.4051 -5.9008 -4.8062 -3.5650 -2.8927 -2.2527 -1.9951 -1.1055 -0.2623 0.4057 0.7027 1.3619 1.8149 1.9239 2.8375 
-27.0250 -26.6273 -28.3075 -26.0441 -25.9247 -25.1685 -24.3933 -23.5943 -22.3398 -21.3042 -20.4585 -19.9037 -19.3665 -18.4633 -16.7737 -15.4842 -14.5606 -13.2357 -11.8898 -10.9923 -10.7795 -9.3835 -9.1474 -8.6563 -7.4934 -6.4889 -6.9083 -5.6911 -4.4136 -3.6538 -2.9664 -2.6511 -1.6856 -0.7699 -0.0428 0.3283 1.0538 1.5553 1.7412 2.7106 
-26.9212 -26.6273 -27.7259 -26.7354 -26.3396 -26.3193 -26.3318 -25.8637 -24.7360 -23.6842 -22.7669 -22.1596 -21.4905 -20.3237 -18.5710 -17.2954 -16.2468 -14.8313 -13.4521 -12.5399 -12.1981 -10.7656 -10.4566 -9.8856 -8.5768 -7.5707 -7.9038 -6.5686 -5.2583 -4.4124 -3.6781 -3.3061 -2.2624 -1.2760 -0.4899 -0.0451 0.7468 1.2968 1.5599 2.5853 
-26.1164 -25.4233 -26.1164 -25.8226 -26.5219 -26.0519 -26.6273 -26.7451 -27.0327 -25.9643 -25.2521 -24.5011 -23.5596 -22.1516 -20.3751 -19.0920 -17.9145 -16.4244 -15.0099 -14.0860 -13.5921 -12.1452 -11.7583 -11.1061 -9.6589 -8.6506 -8.8866 -7.4406 -6.0991 -5.1688 -4.3880 -3.9603 -2.8361 -1.7806 -0.9358 -0.4173 0.4410 1.0395 1.3799 2.4614 
-25.5349 -inf -27.0327 -25.2410 -25.7053 -25.9403 -27.7259 -25.0454 -25.0216 -25.3588 -25.2376 -26.3319 -24.8548 -23.9025 -22.1573 -20.8629 -19.5671 -18.0144 -16.5634 -15.6294 -14.9662 -13.5226 -13.0529 -12.3156 -10.7398 -9.7285 -9.8568 -8.3085 -6.9359 -5.9234 -5.0963 -4.6134 -3.4072 -2.2838 -1.3803 -0.7883 0.1363 0.7832 1.2012 2.3388 
-24.4952 -25.6464 -24.8417 -24.8417 -24.8240 -24.6067 -24.1838 -24.4181 -24.3247 -24.5760 -25.5372 -26.1799 -24.8158 -24.7075 -23.7143 -22.5828 -21.2075 -19.5983 -18.1123 -17.1676 -16.3271 -14.8976 -14.3407 -13.5117 -11.8195 -10.8043 -10.8150 -9.1735 -7.7687 -6.6762 -5.8032 -5.2653 -3.9758 -2.7856 -1.8235 -1.1580 -0.1672 0.5281 1.0239 2.2174 
-24.0370 -23.8020 -24.5478 -24.7302 -23.9859 -23.6378 -24.2602 -25.3588 -23.6042 -23.8609 -24.2576 -23.8168 -23.6478 -23.5760 -23.8259 -23.8593 -22.6985 -21.1328 -19.6470 -18.6949 -17.6801 -16.2699 -15.6221 -14.6927 -12.8982 -11.8776 -11.7622 -10.0363 -8.5975 -7.4273 -6.5086 -5.9157 -4.5421 -3.2859 -2.2654 -1.5265 -0.4695 0.2741 0.8479 2.0973 
-24.2602 -24.2602 -23.8547 -25.6464 -23.4913 -23.5670 -23.1615 -23.2793 -22.8739 -22.8739 -24.1562 -23.8288 -23.4546 -23.0723 -23.3709 -23.7005 -23.5200 -22.3144 -21.1729 -20.2288 -19.0277 -17.6370 -16.8970 -15.8569 -13.9762 -12.9484 -12.6994 -10.8974 -9.4222 -8.1770 -7.2129 -6.5643 -5.1063 -3.7847 -2.7059 -1.8935 -0.7707 0.0211 0.6732 1.9783 
-23.4554 -22.6507 -23.5670 -22.5554 -23.5670 -23.0562 -22.1504 -22.1755 -22.3926 -25.6464 -22.2320 -22.9518 -22.5134 -22.8935 -22.4283 -23.1612 -22.6967 -22.8062 -22.6647 -21.8261 -20.3532 -18.9877 -18.1678 -17.0051 -15.0535 -14.0162 -13.6277 -11.7570 -10.2429 -8.9251 -7.9160 -7.2109 -5.6685 -4.2820 -3.1451 -2.2591 -1.0707 -0.2308 0.4998 1.8603 
-23.5670 -23.5670 -22.0691 -22.1504 -21.4722 -21.4774 -21.4573 -23.2793 -22.1218 -21.5831 -22.4966 -22.5354 -22.2968 -22.1685 -23.3046 -22.6019 -23.0131 -21.9892 -22.0569 -22.2935 -21.8376 -20.4084 -19.4193 -18.1214 -16.1296 -15.0805 -14.5478 -12.6151 -11.0596 -9.6718 -8.6181 -7.8550 -6.2288 -4.7779 -3.5829 -2.6231 -1.3696 -0.4816 0.3278 1.7434 
-inf -21.8341 -21.5914 -22.0691 -21.1846 -21.1425 -22.8739 -21.0883 -21.4876 -21.8900 -21.6080 -21.6115 -21.4585 -22.3465 -21.2295 -21.5314 -21.3636 -21.3394 -21.5533 -21.2445 -21.1829 -21.2091 -20.4972 -19.2387 -17.2021 -16.1421 -15.4614 -13.4718 -11.8723 -10.4170 -9.3192 -8.4964 -6.7873 -5.2722 -4.0193 -2.9856 -1.6673 -0.7312 0.1572 1.6275 
-21.4573 -21.1410 -21.3760 -22.1807 -20.9238 -21.4876 -inf -20.3872 -21.0821 -20.9318 -20.9400 -20.9138 -20.3686 -20.9767 -20.2762 -21.0618 -20.9441 -20.8113 -20.9267 -20.7982 -20.8012 -21.0693 -20.8122 -20.2035 -18.2586 -17.1995 -16.3685 -14.3271 -12.6811 -11.1608 -10.0195 -9.1346 -7.3439 -5.7650 -4.4544 -3.3464 -1.9638 -0.9798 -0.0121 1.5125 
-20.7944 -20.7944 -20.6828 -20.0355 -20.0961 -20.5067 -inf -20.7991 -20.7371 -19.9651 -19.9294 -20.8486 -19.8864 -19.9164 -19.9279 -21.0064 -21.7107 -20.9075 -20.4101 -20.0823 -20.0766 -20.0205 -20.0996 -20.4382 -19.2244 -18.2694 -17.2678 -15.1800 -13.4862 -11.9032 -10.7190 -9.7693 -7.8988 -6.2563 -4.8879 -3.7055 -2.2592 -1.2272 -0.1800 1.3985 
-20.3890 -19.4081 -19.9897 -19.6958 -19.9471 -18.8973 -20.1013 -20.2892 -18.8911 -19.1001 -19.5087 -19.5648 -19.8954 -18.6678 -18.8898 -19.8145 -20.1362 -20.0492 -19.8747 -19.4328 -19.1614 -19.2193 -19.4271 -19.7855 -19.4572 -19.1846 -18.0065 -16.0086 -14.2864 -12.6444 -11.4180 -10.3999 -8.4518 -6.7459 -5.3201 -4.0628 -2.5534 -1.4734 -0.3466 1.2854 
-20.1013 -20.1013 -19.4081 -19.4081 -18.8485 -19.1204 -19.4081 -19.8781 -18.8733 -18.6421 -18.6642 -18.5597 -18.6558 -18.8186 -18.9381 -18.8474 -19.2830 -19.5335 -19.2118 -18.7454 -18.6505 -18.5878 -19.1314 -19.3371 -19.1321 -19.3325 -18.3942 -16.8122 -15.0892 -13.3847 -12.1175 -11.0265 -9.0030 -7.2340 -5.7507 -4.4183 -2.8466 -1.7184 -0.5119 1.1731 
-20.1013 -inf -18.6034 -19.4081 -18.1088 -18.4273 -17.9103 -18.1139 -17.8529 -17.7068 -17.9418 -18.4918 -18.1416 -18.3406 -18.5955 -19.0027 -18.1271 -18.5364 -19.1552 -18.5608 -17.8520 -17.8719 -18.3098 -18.7169 -18.3927 -18.4941 -18.0935 -17.5102 -15.8789 -14.1182 -12.8130 -11.6488 -9.5523 -7.7205 -6.1799 -4.7718 -3.1386 -1.9622 -0.6758 1.0618 
-18.0218 -18.7150 -17.2984 -17.3287 -17.5048 -16.8234 -17.3287 -17.6164 -18.7150 -17.7987 -17.5988 -17.6185 -17.4642 -17.1152 -17.6414 -17.1423 -18.8533 -18.5416 -18.1367 -17.6353 -17.6877 -17.6693 -17.9344 -17.8211 -17.6397 -17.6075 -17.8615 -17.6409 -16.6514 -14.8447 -13.5003 -12.2643 -10.0997 -8.2054 -6.6076 -5.1235 -3.4295 -2.2047 -0.8385 0.9513 
-17.3287 -17.2171 -17.3287 -inf -16.6352 -16.8528 -17.3287 -17.3287 -17.0153 -16.6944 -16.7455 -17.8500 -17.3287 -16.6007 -16.5671 -16.5710 -16.9047 -17.3694 -17.1961 -16.9839 -16.7185 -16.7665 -17.1261 -17.2310 -17.1764 -17.3851 -17.4426 -17.1617 -16.9317 -15.5037 -14.2068 -12.8687 -10.6463 -8.6889 -7.0337 -5.4731 -3.7193 -2.4459 -0.9999 0.8417 
-16.6355 -16.2890 -16.6355 -16.5240 -16.2027 -15.9424 -16.6355 -inf -16.6355 -16.9232 -16.2905 -16.4666 -16.2301 -16.7666 -16.3323 -17.3287 -16.7117 -17.0470 -17.0652 -16.8311 -16.4764 -16.8799 -16.6943 -16.7843 -16.2796 -16.4399 -16.8759 -16.1464 -16.3808 -15.8789 -14.9381 -13.4650 -11.1882 -9.1706 -7.4583 -5.8207 -4.0080 -2.6858 -1.1600 0.7329 
-15.7192 -inf -16.6355 -15.9424 -15.7192 -17.0410 -15.1377 -15.5300 -15.7735 -15.0619 -16.8179 -16.2811 -15.0636 -15.4685 -15.2492 -16.0759 -15.9915 -16.1828 -16.1821 -16.2075 -15.3094 -15.3103 -16.3860 -16.1186 -16.4577 -16.5178 -15.7015 -15.3417 -15.4462 -15.9328 -15.5486 -14.1007 -11.7198 -9.6514 -7.8815 -6.1662 -4.2957 -2.9242 -1.3190 0.6249 
-15.2189 -14.6599 -14.5561 -15.2492 -14.7384 -16.3479 -14.2095 -14.7967 -inf -15.6547 -14.7141 -15.1346 -15.2298 -14.6407 -14.7219 -14.6233 -16.1612 -15.3909 -15.1160 -14.7771 -14.9326 -15.7135 -15.6865 -15.3112 -15.3796 -15.7139 -15.3226 -15.7859 -15.3422 -15.3131 -15.0634 -14.5459 -12.2626 -10.1264 -8.3029 -6.5096 -4.5822 -3.1612 -1.4767 0.5178 
-14.5561 -14.5561 -14.5561 -14.4445 -15.5369 -16.3479 -13.8629 -13.8401 -13.9291 -14.3579 -15.0951 -15.3817 -15.2483 -14.2152 -14.3686 -14.2776 -14.8409 -14.5308 -14.5954 -15.0618 -14.8812 -14.8445 -15.2921 -15.1148 -14.3831 -14.5502 -14.4364 -14.3315 -14.3673 -14.6798 -14.3180 -14.3122 -12.8396 -10.6039 -8.7206 -6.8510 -4.8678 -3.3967 -1.6332 0.4116 
-inf -14.5561 -13.8629 -13.8629 -13.4894 -14.2684 -inf -15.6547 -13.5445 -13.5261 -14.0057 -13.9256 -14.2723 -14.0298 -13.4110 -14.1480 -13.7699 -14.2403 -14.1364 -14.0669 -14.1451 -13.8934 -14.1301 -14.1853 -13.7320 -13.9085 -13.7185 -14.0726 -14.0355 -13.9471 -13.9959 -13.9957 -13.3221 -11.0999 -9.1410 -7.1901 -5.1523 -3.6307 -1.7886 0.3062 
-12.4689 -13.0582 -13.1698 -12.4463 -12.8339 -12.3914 -13.1698 -15.6547 -12.8219 -12.5736 -13.1698 -13.1083 -13.4517 -13.1782 -13.6266 -13.7452 -14.0328 -13.4165 -13.7329 -13.2930 -13.5546 -13.2831 -13.1811 -13.5783 -13.3021 -13.0166 -13.2643 -13.1340 -13.2425 -13.2513 -13.2864 -13.4339 -13.2758 -11.5882 -9.5619 -7.5272 -5.4358 -3.8631 -1.9429 0.2016 
-13.8629 -inf -12.3651 -12.3651 -13.2619 -12.4381 -12.4766 -11.4279 -13.4575 -13.5753 -12.7643 -12.6987 -13.1092 -12.7868 -12.0937 -12.2884 -12.4284 -13.0922 -13.2086 -12.2356 -12.2210 -12.8558 -13.2813 -13.5807 -12.5805 -12.8532 -12.7972 -12.6991 -13.2527 -12.9783 -12.5639 -12.5326 -12.7171 -12.1566 -10.0120 -7.8573 -5.7186 -4.0939 -2.0961 0.0979 
-11.7532 -11.0904 -12.4766 -inf -11.7254 -11.5093 -inf -11.3244 -11.9304 -inf -11.3510 -12.3589 -12.0179 -11.4161 -11.4188 -11.6521 -12.6403 -12.1766 -12.1781 -11.7573 -11.7761 -11.6401 -12.1210 -12.0622 -11.9587 -11.4516 -11.6653 -12.5930 -12.1030 -12.4748 -12.2605 -11.7502 -12.2989 -11.8061 -10.3977 -8.2031 -6.0016 -4.3227 -2.2483 -0.0050 
-inf -11.7835 -11.4369 -11.0904 -11.7835 -11.0103 -11.0904 -11.4939 -10.8664 -11.4655 -11.9658 -11.2279 -10.6742 -11.2176 -10.8942 -11.0501 -10.5883 -10.8020 -10.9263 -11.0908 -11.1774 -11.2727 -11.6017 -11.5169 -11.0287 -11.5349 -11.2499 -10.8067 -10.9814 -10.9546 -11.2738 -11.2282 -11.4139 -11.0334 -10.6811 -8.5447 -6.2839 -4.5505 -2.3995 -0.1070 
-10.6849 -10.0506 -9.9391 -9.6737 -12.1890 -11.0904 -10.0506 -11.4958 -10.2856 -inf -10.7874 -10.3930 -10.1769 -10.1920 -10.4056 -10.6070 -10.3792 -11.0281 -10.8352 -10.3734 -10.5681 -10.6618 -10.6043 -10.7890 -11.1849 -10.3965 -10.8139 -10.1564 -10.5841 -10.4221 -10.5280 -10.8241 -10.7979 -10.2721 -10.1004 -8.9699 -6.5651 -4.7749 -2.5496 -0.2081 
-inf -inf -9.7041 -10.3972 -10.5795 -10.5795 -inf -9.6632 -9.6732 -9.2282 -inf -10.2524 -9.7293 -10.3028 -9.4423 -9.7038 -10.3816 -10.2992 -10.4123 -10.7226 -10.2487 -10.4034 -11.0078 -10.6521 -10.1028 -10.1907 -10.1288 -10.1789 -10.3035 -10.1423 -10.1757 -9.8916 -10.1204 -9.9669 -9.8606 -9.1899 -6.8481 -4.9962 -2.6984 -0.3083 
-8.3178 -9.3575 -9.0109 -9.7041 -9.6838 -9.4011 -inf -9.1685 -9.4562 -9.0109 -9.6838 -9.1266 -9.2600 -8.9490 -9.8987 -9.5091 -9.6765 -9.9766 -9.7336 -9.2652 -9.2652 -8.9837 -9.5026 -9.5480 -9.3665 -9.2305 -9.2201 -9.9828 -9.2681 -9.2571 -9.1016 -9.0068 -9.7112 -9.1488 -8.8483 -8.6431 -7.0942 -5.2139 -2.8461 -0.4076 
-8.2875 -9.0109 -9.0109 -inf -8.7232 -8.3178 -7.9712 -10.4842 -8.2353 -8.0148 -8.3885 -8.9818 -7.9867 -8.5828 -8.6403 -10.1741 -9.3758 -9.0017 -8.9407 -8.4166 -8.8074 -8.6700 -8.7382 -8.7735 -8.4933 -8.8357 -8.4759 -8.2075 -8.2738 -8.8564 -8.6175 -8.7106 -9.2390 -8.6583 -8.5009 -8.5024 -7.1461 -5.4013 -2.9926 -0.5060 
-8.2875 -8.3178 -7.9712 -inf -7.5465 -8.7155 -7.6246 -7.5465 -9.0032 -7.9998 -7.7049 -8.8227 -7.7834 -7.7538 -7.7749 -7.9993 -8.4231 -9.6782 -8.4261 -7.9754 -7.7829 -8.2464 -8.1873 -8.4363 -7.8936 -8.3204 -7.8066 -7.7328 -7.9087 -7.8560 -7.4572 -7.6475 -8.0974 -8.1955 -8.0104 -7.6599 -7.3463 -5.6579 -3.1393 -0.6033 
-6.9315 -8.3178 -7.6246 -6.9315 -8.3178 -7.0185 -inf -6.8734 -7.0895 -7.2254 -inf -7.9123 -8.3178 -7.2630 -6.3246 -6.5532 -8.6744 -7.5940 -7.6374 -7.6991 -7.6096 -7.4783 -7.6135 -7.5658 -7.3355 -7.1342 -7.5778 -7.2868 -7.3356 -7.5819 -7.3058 -7.3578 -7.5541 -7.2871 -7.1513 -7.2741 -7.3181 -5.9772 -3.2824 -0.6987 
-7.2192 -6.8199 -6.5849 -6.2383 -6.1997 -6.5864 -6.2383 -6.4778 -6.6364 -6.3304 -6.9315 -7.4015 -7.2192 -6.9315 -6.7492 -6.7083 -7.9054 -7.0502 -7.3999 -6.6311 -7.2339 -6.7761 -6.9871 -6.7371 -7.1068 -6.9118 -6.8101 -6.9719 -6.9762 -6.6608 -6.7024 -6.6657 -6.9073 -6.3977 -6.6941 -6.6648 -6.6594 -6.1377 -3.4385 -0.7935 
-5.5374 -inf -5.8918 -6.2383 -7.0185 -5.5399 -5.5452 -5.5194 -6.7083 -6.6438 -6.3304 -5.8929 -6.2014 -5.8497 -6.5754 -6.3758 -6.7925 -6.2908 -5.9741 -6.1312 -5.9156 -5.7408 -6.1020 -6.4400 -5.8112 -6.4748 -6.2060 -5.6619 -6.0686 -6.1189 -6.0574 -5.6604 -5.7350 -5.7238 -5.9498 -6.0944 -5.6943 -5.4648 -3.5571 -0.8900 
-5.3220 -4.8520 -5.1986 -5.1986 -4.8016 -4.5840 -4.5055 -5.0399 -5.4274 -4.8317 -4.4196 -5.7571 -6.2383 -5.1647 -6.3857 -5.6970 -5.4387 -6.1344 -6.9644 -5.4700 -5.2298 -5.6424 -5.3520 -5.5860 -5.5947 -5.4717 -5.3607 -5.1935 -5.0298 -5.0580 -5.0538 -4.9207 -5.4827 -5.3390 -5.1697 -5.0770 -4.8889 -4.9208 -3.6705 -0.9834 
-5.5452 -4.2627 -4.8520 -4.8520 -4.1125 -3.6422 -inf -3.8106 -5.3220 -5.2575 -4.4528 -5.0548 -3.9832 -5.0998 -4.9951 -5.5452 -4.7936 -4.6758 -5.5049 -5.4651 -5.1775 -4.5103 -4.0679 -4.8168 -5.0075 -4.9118 -4.8156 -4.4246 -5.0031 -5.0619 -4.4221 -4.4918 -4.7803 -4.7632 -4.5568 -4.0284 -4.0537 -4.3143 -3.8121 -1.0721 
-4.1286 -4.1589 -3.8123 -4.1589 -4.8112 -4.8112 -3.3542 -3.4555 -4.8217 -inf -4.0831 -4.4057 -4.4466 -3.9993 -4.8859 -3.7091 -4.1309 -4.1460 -4.8377 -4.3570 -4.0047 -4.0280 -4.1632 -3.9337 -3.8569 -4.0370 -4.1299 -4.4361 -4.0807 -4.0470 -4.1524 -4.1982 -4.4341 -4.1810 -4.3618 -4.2920 -3.9319 -4.0198 -3.6780 -1.1839 
-4.8520 -4.1589 -3.1192 -3.4657 -2.3957 -2.7468 -2.7726 -3.6481 -3.0649 -4.5643 -3.4454 -4.2924 -3.5818 -2.8194 -2.9088 -3.1965 -3.6413 -3.2584 -4.4945 -4.0764 -3.2522 -3.0502 -3.5298 -3.5503 -3.4634 -3.5902 -3.6843 -3.4587 -3.5203 -3.4668 -3.7298 -3.5308 -3.4298 -2.9206 -3.3388 -3.5537 -3.0752 -3.5144 -3.2140 -1.2013 
-2.7423 -2.7726 -2.7726 -inf -2.3957 -2.3189 -1.3863 -2.0794 -2.9061 -2.5287 -2.7076 -2.8730 -2.5076 -2.3331 -2.9754 -5.5452 -2.3751 -2.4676 -2.7372 -2.6461 -2.6547 -2.6804 -2.8190 -2.6103 -2.5841 -3.0966 -2.5486 -2.4499 -2.7015 -2.8150 -2.5246 -2.9419 -2.8467 -2.7669 -2.7705 -2.8004 -2.3552 -2.5420 -2.7920 -1.1704 
-3.4657 -1.9679 -2.0794 -1.3863 -2.4546 -2.4546 -1.2747 -2.2618 -1.7610 -2.0037 -2.1981 -1.9288 -1.6898 -2.2048 -2.7081 -2.0751 -1.7011 -2.4853 -2.2164 -2.0999 -1.9631 -1.6761 -2.4771 -2.8684 -2.1246 -2.2072 -2.1301 -2.1204 -2.3139 -2.4816 -2.4255 -2.0163 -2.2693 -2.0196 -2.0839 -1.8532 -1.6576 -2.0328 -2.1524 -1.2592 
-1.3560 -inf -0.6931 -1.0397 -1.5686 -0.9538 -inf -0.9808 -1.7030 -2.1383 -2.0794 -0.9092 -1.4924 -1.4880 -2.0149 -1.2948 -1.8492 -2.2156 -1.3475 -1.3941 -1.5486 -1.5211 -1.2999 -1.8706 -1.7619 -1.7998 -1.4917 -1.8181 -1.4960 -1.4512 -1.9152 -1.5344 -1.6714 -1.1983 -1.4722 -1.4950 -1.1283 -1.2612 -1.7664 -1.1617 
-0.5816 -0.6931 -inf -0.3466 -0.4045 -1.0967 -inf -0.7520 -1.3863 -0.6174 -0.3965 -1.5982 -1.1632 0.2164 0.2588 -0.4700 -1.3434 -1.3537 -1.1135 -0.7020 -0.3806 -0.8040 -0.4212 -0.7497 -0.9119 -1.1273 -0.9740 -0.7330 -0.4954 -0.5817 -0.7339 -0.6225 -1.0998 -1.1646 -1.0486 -0.2688 -0.2765 -0.7004 -0.8193 -0.4405 
0.0303 0.3466 -inf -inf -1.0986 0.5638 -inf 0.3030 0.6331 0.0000 -0.3179 -0.2825 0.2495 0.3703 -0.2231 -0.9808 -0.5139 -0.7170 -0.5704 0.0070 0.2584 0.3533 0.2959 0.0149 -0.1134 -0.3266 -0.7502 -0.0436 0.1135 0.1327 0.1593 -0.1680 -0.3523 -0.2043 0.0769 -0.0287 -0.1931 0.0475 -0.2342 -0.3179 
-0.6931 -inf 0.6931 1.0397 0.2877 1.0466 -inf 0.2877 0.8109 0.5108 -0.1823 0.0492 0.8584 1.1423 1.0876 1.1791 0.4432 -0.1001 0.2837 0.7616 1.0658 0.5923 0.2883 0.4644 0.3588 -0.0989 0.4957 0.5300 0.6631 0.5221 0.0874 0.3006 0.4405 0.5776 0.3852 0.4801 0.2686 0.3267 0.4341 0.5181 
1.3863 1.7329 0.6931 1.3863 0.2877 0.6931 -inf 1.3274 -0.9808 0.9808 0.5108 1.1088 0.4258 1.5065 1.5613 1.5041 1.0214 1.1298 1.0112 1.2937 1.3374 1.2256 1.3649 1.0511 1.0517 0.8314 0.6618 -0.0739 0.7077 1.2312 1.0016 0.8165 0.9101 1.4919 1.5816 1.4419 1.4683 1.3121 1.4141 1.3986 
-inf 2.1098 2.1910 -inf 2.0896 1.0111 2.0794 2.0794 2.6495 2.3824 1.4620 1.4436 2.0356 1.5494 1.5297 1.7918 2.1726 1.8612 1.5039 1.5712 2.2588 2.1828 1.9953 1.7088 1.8323 1.5153 1.7284 1.7042 1.6404 1.5805 1.7826 1.8561 1.5712 1.7107 1.9844 1.8883 1.7817 1.5726 1.5203 1.6320 
1.3863 -inf -inf 3.5773 1.7043 3.2911 -inf 3.2612 2.7566 3.2834 2.3671 2.3487 2.6482 3.1285 2.8196 2.5649 2.0455 2.2578 1.7173 1.5844 2.3543 2.2182 2.5142 2.6525 2.6993 2.5055 1.8868 1.9379 2.3968 2.2868 2.4809 2.2982 1.9682 2.4114 2.5046 2.3614 2.3878 2.3460 2.2198 2.4874 
2.0794 3.4657 3.5773 -inf 3.5509 2.3974 3.4657 3.8123 2.6074 -inf 2.3671 3.1987 3.3255 3.7065 3.6209 2.8332 3.4199 3.1521 3.1572 3.1885 3.2600 2.8972 2.7983 2.3432 2.9685 2.5460 3.0767 2.6768 2.9961 2.8045 2.4716 2.7830 3.0089 3.1538 3.1740 3.1987 2.9719 2.7354 2.8657 3.0144 
4.2247 4.1589 4.5055 4.1589 4.4107 3.7687 4.1589 3.4657 4.6965 4.1975 3.7687 3.9564 3.4657 3.7717 4.7658 3.9209 4.0518 3.4472 2.9801 3.4378 3.6630 4.1998 4.1703 3.8959 3.9977 3.9537 3.6183 3.4921 3.8841 4.1126 3.8741 3.7925 3.5513 3.7457 4.0982 4.1097 4.2235 3.8208 4.0275 3.8652 
2.7726 3.4657 -inf -inf 3.7837 4.8932 4.1589 -inf 4.0254 4.8520 4.4466 4.1742 4.3943 4.7277 5.1200 4.8378 4.8406 4.4609 4.3524 4.3337 4.7584 4.9928 4.5007 4.6906 4.2683 4.2046 4.1626 3.7661 4.2348 4.4832 4.5903 4.5628 4.4871 4.7676 4.4837 4.5346 4.2019 4.2937 4.2693 4.6182 
5.5755 4.1589 -inf 4.8520 5.6491 4.3130 6.2383 5.3629 5.4448 4.5581 5.5838 5.8154 5.2575 5.6080 5.7797 5.9355 4.8520 4.3306 4.6531 3.3770 4.9307 5.4985 5.4357 5.3134 5.2381 4.4381 5.0226 4.8261 4.9519 5.2367 5.5538 4.9324 4.5475 5.0664 5.4086 5.1409 5.1093 5.2326 5.3262 4.9908 
6.2686 6.2686 -inf 5.5452 6.2769 5.4063 5.5452 5.8329 5.9810 6.4902 6.1462 5.6241 5.8636 6.7105 6.4993 6.2674 5.7694 5.5790 5.9251 6.1747 6.1958 5.3943 5.6865 5.6067 5.4146 5.6065 6.0220 6.1739 6.0443 5.9231 5.6855 5.7348 5.4418 5.8031 5.7884 5.6125 5.6355 5.2778 5.3979 5.5654 
5.5452 6.2383 6.2383 6.9315 6.9701 7.0162 -inf 6.9315 5.9506 6.7492 6.5260 6.6391 6.1048 6.8772 6.8199 6.4858 4.7089 5.7238 6.3532 6.2824 6.4651 6.7017 6.3650 6.2883 6.3960 6.7406 7.0425 6.3071 6.2095 6.2732 6.1907 6.4538 6.5384 6.5546 5.9253 6.1301 6.3190 6.4279 6.3286 6.2624 
7.0430 7.2780 -inf 7.2780 7.2344 6.7735 7.6549 7.2192 7.0430 7.9426 7.5115 7.2239 7.2499 7.9438 8.1114 7.4485 6.8918 6.7638 7.0541 7.0614 7.3447 6.9851 6.8418 7.1569 6.9580 6.5099 6.8596 6.8686 7.0930 6.9696 7.0847 6.9078 7.0740 7.4586 7.5215 7.2927 7.5575 7.2919 7.2422 7.0499 
7.6246 7.6246 -inf -inf 7.9123 7.7047 6.9315 8.8286 8.1289 8.1299 8.5616 7.3369 7.5564 7.5704 8.3484 8.2663 7.8049 7.4332 7.2699 7.6057 8.2480 7.6412 7.6132 8.0821 7.7362 7.4958 7.8183 7.5188 7.9602 7.9598 7.8189 7.6367 7.2822 7.8087 8.1131 8.1217 7.6179 7.3283 7.7531 7.6162 
8.3836 8.3178 8.6643 9.0109 9.0211 8.4166 7.6246 8.6054 8.5409 8.8286 9.0135 9.0419 8.3143 8.3178 9.3474 8.0507 8.6165 7.9419 7.8966 8.2880 8.3308 8.2737 8.1258 8.1469 8.7218 8.5804 8.4132 8.3318 8.2954 8.7087 8.6658 8.3839 7.6919 8.2812 8.6176 8.5616 8.1127 8.4401 8.7390 8.3294 
9.7118 9.0109 9.1225 -inf 9.7143 9.8071 -inf 9.2986 9.4266 8.6358 8.0019 8.3636 9.2479 9.6460 9.7763 7.6246 8.8623 9.1375 8.7998 9.2383 9.1823 8.6759 9.2589 9.0209 9.1668 9.2204 9.1610 9.1206 8.8343 9.3477 9.1652 8.9435 8.6664 9.2750 9.4813 9.2273 8.8205 8.8683 9.3474 9.0991 
9.7698 9.9272 -inf -inf 10.2149 9.0109 10.1095 10.3051 9.9760 10.7451 9.6395 10.2706 9.6358 9.9067 10.4215 10.1348 8.6389 9.3211 9.4054 9.1555 9.1021 9.6181 9.8949 9.8930 9.9539 9.4940 9.6268 9.6497 9.7306 9.7677 9.8214 9.4189 9.7375 9.8973 9.8947 9.7920 10.1690 10.1685 10.0852 9.7980 
10.3972 10.4275 -inf 10.3972 11.1006 10.5688 11.1207 -inf 9.7118 11.1685 11.0857 10.6030 10.2389 9.8941 10.8730 10.2389 10.6231 9.8899 9.5491 9.9594 10.6105 10.1063 10.3552 10.3763 10.6553 10.6461 10.1441 10.6187 10.0758 10.5789 10.7736 10.2034 10.0179 10.5294 10.6386 10.5556 10.2396 10.2241 10.2303 10.2814 
9.0109 11.7835 10.3972 11.7835 10.9080 11.5545 11.0904 11.0904 11.6136 11.7409 10.3972 10.6204 10.6204 10.0871 10.7802 11.3196 11.3834 10.7480 11.1091 11.0265 11.1296 10.9577 10.9873 10.6675 10.8455 10.3832 10.7540 11.2004 11.3190 11.4595 11.4975 11.3342 10.8606 11.0963 11.2781 11.0871 10.8510 11.1352 11.1458 10.9567 
9.7041 -inf 11.7835 -inf 12.0712 10.6849 11.4958 10.6849 11.2622 9.7041 12.1285 12.5484 11.5716 11.6803 12.4491 11.6898 11.4930 11.3534 11.5876 11.4465 11.5886 12.1346 11.6615 11.7136 11.5956 11.5295 12.0134 11.7539 11.6160 11.5914 11.8804 11.7912 11.0882 11.6902 11.9839 11.8184 11.5737 11.8529 11.9095 11.9577 
-inf 13.1775 11.7835 12.4766 11.3780 11.3780 11.7835 11.3780 12.8504 11.1704 12.3896 12.1020 13.0363 12.4077 12.7849 12.1948 12.3335 12.1742 11.8138 11.6754 11.9681 12.2237 12.0594 12.2167 12.6168 12.3946 12.7682 12.5530 12.6279 12.6430 12.3208 12.5596 12.2434 12.3305 12.2407 12.1138 12.5896 12.6737 12.5706 12.4945 
13.1698 13.1698 13.1698 13.1698 13.1698 12.4766 11.7835 13.7602 12.1943 12.1608 13.4727 13.4052 13.8673 13.6792 14.0727 12.5882 13.2016 12.6568 12.9985 12.9634 13.4943 13.1912 13.0232 12.6227 12.8438 12.9486 12.8033 12.8672 12.8687 12.8189 13.0949 12.8479 12.9166 13.3615 13.0398 13.1383 12.8766 12.7603 12.9437 12.8201 
13.9505 -inf -inf 13.8629 14.1506 14.2164 14.5561 14.1809 12.8821 13.1698 14.6318 14.4607 13.7607 13.9825 14.4194 13.3580 13.9960 14.0034 13.3731 13.5870 13.8202 13.6974 13.7984 13.3622 13.4885 13.7186 13.6194 13.7525 13.8921 13.7475 13.6822 13.5629 13.7205 13.7864 14.2374 13.9437 13.5228 13.5318 13.7154 13.6729 
11.7835 -inf 14.6677 14.6677 12.7643 14.9885 15.2512 -inf 14.2687 15.3251 14.5561 14.2394 14.6555 14.7749 14.4190 13.3929 14.2113 13.8321 14.1384 13.9170 14.2684 14.8078 14.3571 14.2465 14.4831 14.6065 14.5450 14.1179 14.2010 14.1804 14.3413 14.0173 13.9614 14.3420 14.8197 14.6241 14.4231 14.2530 14.6645 14.7345 
14.2684 15.3150 15.2492 -inf 15.2878 15.3074 14.5561 15.5943 15.0752 15.0097 13.4575 14.6350 14.5123 15.3412 15.2829 15.2783 14.0453 13.3260 14.4489 14.9187 15.0594 15.0937 15.3320 15.1231 14.9000 15.2930 14.6329 14.6815 15.1228 15.1217 15.1640 14.9530 14.4044 14.7137 15.1533 14.8440 14.9307 15.0645 15.5001 15.6095 
13.1698 16.0082 15.9727 15.9424 14.9553 15.8062 15.1157 15.5369 15.8401 15.7088 16.1862 15.4724 15.8089 15.8523 16.0626 13.8629 15.2283 15.0651 14.8055 16.1334 16.1286 15.9373 15.6502 15.4427 15.8160 15.8332 15.4441 15.5979 15.3433 15.6267 15.4420 15.3086 15.3007 15.5188 15.6907 15.6886 15.8345 16.0171 15.9392 15.9102 
16.6528 15.9424 -inf 16.6355 16.4532 14.8438 13.8629 16.2301 15.9424 17.3490 16.7649 16.4798 16.3864 15.1377 15.8841 15.9424 15.4909 16.1144 15.6170 15.9110 16.4164 16.5672 15.7813 16.1400 16.4095 16.2786 15.9185 15.9541 15.7916 15.9402 16.3145 16.2139 15.3557 16.0266 16.4422 16.2032 16.3895 16.3237 16.4839 16.4023 
17.3460 17.3590 17.3590 17.6753 17.2698 16.2301 14.9616 16.2301 16.7533 16.4532 -inf 16.3887 17.0410 16.6355 16.4124 16.6929 16.7130 16.6074 16.2066 16.4355 16.7460 17.0916 16.5870 16.5998 16.7055 17.0196 16.7920 16.4793 16.7365 17.1092 17.3304 17.1357 16.7701 16.8812 17.2848 16.9836 16.8195 17.0916 16.7640 16.8661 
17.0410 17.0410 18.0218 18.0218 18.0218 18.0218 18.0420 17.6164 16.6355 17.8395 17.0348 17.3860 17.7341 17.4538 18.1484 17.5549 17.2948 16.8337 17.1267 16.9104 17.8390 17.2253 17.4270 17.0628 17.4363 17.5920 17.2812 17.1851 17.2567 17.5760 17.7188 17.6109 17.4519 17.5684 17.6465 17.5616 17.6884 17.7559 17.5977 17.3953 
-inf 18.5814 18.0218 18.7150 -inf -inf 17.7341 17.6164 18.4531 18.4543 18.7536 18.6146 18.5814 18.3032 18.2521 18.6779 17.5376 17.7937 17.6963 18.0737 18.3268 18.5906 18.4296 17.9434 18.3329 18.2048 17.8372 17.6123 17.8163 17.9615 18.0969 18.0212 17.8787 17.8340 18.4288 18.6096 18.3885 18.3085 18.2981 18.1990 
16.6355 18.0218 -inf 19.5197 19.0027 19.1142 18.0218 17.6164 19.0615 19.7261 19.4081 18.8328 18.6467 18.8153 18.4574 17.9942 18.5996 18.5030 18.4223 18.2805 18.6724 19.1095 19.1887 19.0079 18.9712 18.8122 18.8451 18.8021 19.0135 18.9618 18.7398 18.5801 18.5797 19.1695 19.4065 19.0680 19.0606 19.0571 18.6900 18.9236 
18.4273 19.6313 20.1013 20.2128 19.0027 19.0027 18.4273 19.4081 19.9677 20.0092 20.1013 20.5313 20.1303 19.8078 17.9528 18.4273 19.2699 19.1264 18.8349 19.2835 19.8687 19.6063 19.9375 19.9652 20.2968 19.6469 19.3476 19.5042 19.3700 19.2788 19.4182 19.5336 19.6909 19.9604 20.0033 19.7036 19.6032 19.8585 19.8382 19.8628 
20.7945 20.1316 20.1013 -inf 20.0424 21.1410 20.7944 19.0027 21.0120 19.0027 20.5772 21.1398 20.5453 20.9726 20.3848 20.4197 19.0027 20.2653 20.3717 20.0776 20.7564 20.2083 19.8432 20.5501 20.7504 20.5367 20.0241 19.7340 20.2012 20.4493 20.5356 20.3329 20.0829 20.3572 20.4426 20.3769 20.3769 20.5999 20.4896 20.1433 
20.7944 21.1410 21.1410 21.1999 21.5633 21.0821 21.5179 21.3955 21.7051 21.1124 21.4876 20.8802 20.6196 21.2917 19.8132 20.9392 19.9582 21.1869 20.7797 21.2000 21.0642 20.6700 20.9257 20.9760 21.0574 20.6493 20.0970 20.3675 20.7938 20.7573 20.7819 20.9004 20.6995 20.8193 21.1496 21.0821 21.0928 20.9201 20.8895 21.0650 
21.5143 21.7107 20.7944 21.5991 21.6169 22.0780 21.1999 21.4876 21.4876 21.5284 22.1807 22.1369 21.9688 22.0376 21.7999 20.1013 21.4644 21.2830 21.2480 21.2910 21.5416 22.0011 21.9741 21.7702 21.5239 21.3689 20.9868 21.8151 21.6689 21.1200 21.3187 21.2971 21.5303 21.4213 22.0319 21.3644 21.2380 21.7045 21.8919 21.3904 
22.2273 22.3526 22.5862 22.8739 22.9854 21.8868 -inf 21.7752 21.4876 22.6916 -inf 22.6068 22.3945 22.3905 22.5411 21.8907 21.9662 21.8722 22.1576 22.2155 22.1502 22.2256 22.6724 22.6611 22.7483 22.2719 21.4529 21.3641 21.6288 21.7897 22.3082 21.9588 22.4657 22.4369 22.6690 22.0387 22.0727 22.4043 22.6383 22.4264 
23.5685 22.1807 23.6786 22.9854 22.4684 -inf 22.1807 23.1919 23.2793 22.8739 -inf 22.9186 22.9186 23.3338 22.7801 23.1207 22.7841 22.9167 22.8036 23.1746 23.4607 22.9235 23.2499 22.9593 23.1490 22.7652 22.5193 22.6364 22.9486 22.9089 22.6667 22.4602 22.7850 22.9463 23.2588 23.0715 22.9946 23.2118 23.1826 22.9258 
24.2760 23.7901 23.7901 23.9136 23.6963 24.1574 22.8739 23.3847 23.2793 24.2602 -inf 22.9854 23.3551 22.2452 23.8547 23.5670 23.6629 23.4576 23.7745 23.9474 23.8429 23.5146 23.6264 23.4957 23.6413 23.2914 23.1621 23.1518 23.3176 23.5260 23.5094 23.4876 23.5505 23.5245 23.5685 23.5202 23.4273 23.1662 23.5798 23.3163 
20.7944 24.6067 23.7901 -inf 24.6052 24.6052 -inf 24.5498 23.5670 25.2410 24.9736 24.9824 25.2235 25.2225 24.6523 23.4335 24.6393 24.0420 23.7150 23.7926 24.4566 24.4985 24.3604 24.1271 24.3912 23.6641 23.8137 24.3522 24.1935 24.1363 24.4437 24.1807 24.4386 24.8920 24.9769 24.4980 23.9810 23.9016 24.1808 24.4038 
21.8930 25.6508 24.2602 23.5670 25.0826 25.5437 25.6464 25.3356 25.9414 24.9533 24.5478 25.7053 24.9095 24.4425 25.2858 25.5129 25.0628 24.3627 24.8633 25.1612 25.2879 24.6754 25.3597 24.7270 24.8991 24.4814 24.6329 24.7490 24.9304 24.8839 24.8225 25.1355 24.8477 24.8966 25.2905 25.0476 24.5204 24.7838 25.0874 24.8841 
25.6768 24.1956 25.9930 24.9533 -inf 26.2807 26.3396 24.4833 26.0777 24.5478 25.2410 25.1764 25.1764 25.6125 25.3363 25.1193 25.0021 24.6279 24.3888 25.4376 25.1796 25.6191 25.5103 25.2566 25.6938 25.7707 25.5987 25.3722 25.3766 25.4652 25.6524 25.4908 25.3178 25.6474 26.0677 25.7975 25.4595 25.1091 25.2796 25.4756 
