20.5630 0.3650 -1.3114 -0.8017 -1.4964 -0.2506 0.0714 -0.5558 -0.2402 -0.6912 0.2059 -0.4463 0.0514 
19.4426 -0.0792 -0.6694 -1.9142 -0.5100 -0.8019 -0.6416 -0.0341 -0.4200 -1.1033 0.6277 -0.1383 0.0929 
19.3842 0.3786 -0.8628 -1.7543 -1.1171 -0.3194 -0.4096 -0.9963 -0.5250 0.7095 -0.4694 -0.1787 0.0995 
18.7323 -1.2065 -0.9368 -1.0072 -0.9729 -0.2162 -0.7215 0.4514 0.2392 -0.5097 -0.6305 -0.1298 -0.5528 
19.5645 0.1194 -1.6389 -0.9740 -0.9951 0.2981 0.0440 0.5420 0.1982 -0.4714 -0.1371 0.1714 -0.5967 
19.0571 -0.2139 -1.3238 -1.8444 -1.1482 0.4572 -1.0118 -0.9470 -0.2328 0.0692 -0.7222 -0.2917 0.1229 
18.5393 -1.6346 -0.5671 -0.2962 -0.5817 0.0458 -0.3265 0.0221 -0.9024 -0.1144 0.0738 0.0493 -0.4889 
19.0521 -0.6947 -1.8337 -1.4024 -0.2443 -0.3573 -0.3364 -0.8005 -0.7138 -0.5328 0.4131 0.0072 0.0633 
19.5183 -0.7913 -0.9295 -0.8404 -0.7423 -0.1971 -0.7457 0.0142 -0.6810 -0.2528 -0.0206 -0.0493 -0.1779 
18.7619 -1.6400 -1.3607 -1.8118 -0.7827 -0.4381 0.0379 0.6397 0.4248 -0.5269 -0.0221 0.1697 -0.2444 
19.3123 0.0808 -0.6423 -1.1091 -0.4743 0.1923 -0.4414 -0.3922 -0.5224 -0.1137 0.1953 0.4098 0.1540 
19.7502 -1.0803 -0.9169 -1.5204 -0.0441 -0.0842 0.0868 -0.8834 -0.1982 -0.8365 -0.0864 -0.0232 -0.5885 
20.0907 -0.5687 -0.1158 -1.5609 -0.2591 0.1358 -0.0404 -1.1413 -0.4421 -0.3198 -0.0865 0.1822 -0.0837 
20.0376 -0.8927 -1.0706 -1.9814 -0.4565 -1.0973 0.2646 0.4125 0.1143 -0.2515 0.3789 0.6097 -0.2669 
19.3661 -1.5633 -1.7892 -1.0094 -0.6344 0.0459 -0.9035 0.5933 -0.2336 -0.1656 -0.0136 -0.2880 -0.3081 
18.6929 0.0710 -0.8613 -0.3479 -0.3215 -0.9375 -0.4757 -0.1126 -0.2293 -0.1249 0.1329 -0.6037 0.6223 
19.5048 -0.8076 -2.6584 -1.2722 -0.6230 -1.1642 -0.1453 -0.6690 -1.0072 -0.3776 -0.7889 -0.6304 -0.5349 
19.0015 0.0899 -0.4323 -0.7622 -0.1483 0.7448 -0.6491 -0.6418 -0.1487 -1.3213 -0.1956 0.7146 -0.4108 
19.3102 -0.6265 -1.9059 -1.6244 -1.6058 0.4608 -0.7883 -0.8293 -1.1289 -0.0780 -1.1815 0.0677 -0.0896 
19.1706 -0.6598 -1.5592 -0.6298 -1.2767 -0.3391 0.2899 -0.0061 -1.4184 -1.4631 -1.1820 0.0740 -0.1241 
19.8973 -0.0198 -0.3049 -0.6869 -0.3792 -0.9277 -0.8572 -0.1949 -0.7305 -0.6384 0.0793 0.7531 0.0560 
19.3366 -0.2015 -0.5327 -0.3945 -1.0255 -1.0657 0.3173 -0.2252 -0.8231 -0.7949 -0.2615 -0.2840 0.2092 
19.1944 -0.1246 0.1336 0.3798 -0.9471 -0.8961 -0.9409 -0.0884 -0.6075 -0.0670 -0.3424 -0.3083 0.0735 
20.6854 -0.2917 -0.5025 -1.0353 -1.2815 -0.5738 -0.7005 -0.1565 -0.6959 -0.2023 -0.0622 0.1021 -0.0364 
19.9615 0.1389 -0.9918 -1.8927 -1.6874 -0.2986 -0.1325 0.1988 -1.2379 -0.5120 -0.3120 0.2393 -0.5309 
19.2782 -0.1909 0.3118 -0.9500 -2.0983 0.5033 -0.4609 -0.2370 0.0217 0.5007 -0.2453 -0.3396 0.3631 
19.7984 -1.1822 -1.2080 -1.2652 -0.7696 -0.2557 -0.5981 -0.0892 -0.9242 -0.7355 0.0176 -0.2794 0.0934 
19.5399 -0.3098 -1.9566 -0.6205 -0.4250 -0.0632 0.9992 1.0652 -0.2585 -0.3700 0.1038 -0.4510 -1.0625 
19.7151 -0.1242 -0.6999 -1.6253 -0.1872 -0.3640 -0.2884 0.6396 -0.8894 -0.8072 0.1650 0.0280 -0.4451 
18.8162 -0.0219 -0.6371 -1.5086 -1.0457 -1.7096 -0.5776 -0.6955 -1.0939 -0.4695 -0.2268 -0.3439 -0.4940 
19.2350 -0.2946 -0.1809 -0.5892 -1.3607 -0.5495 -0.4946 0.0757 -0.0549 -0.1777 0.5528 0.0452 0.3749 
19.6277 -0.1730 -0.3956 -0.0181 -0.5069 -0.7170 -1.6282 -0.3722 -0.4260 -0.2844 0.4614 -0.0076 -0.4801 
17.3624 -1.5595 -0.2210 -0.6984 -0.0326 0.3698 0.4313 -0.6614 -1.4678 -0.7019 -0.7627 -0.4774 0.3705 
18.6411 -0.0412 -0.3271 -1.5992 -0.7914 -0.2030 -0.2556 0.5150 -0.8841 -0.7368 -0.3392 0.1279 -0.4154 
18.8533 -1.7116 0.2988 -1.3431 -2.1667 -0.2686 -0.4213 0.8544 0.8037 0.3711 -0.1445 0.3743 0.3485 
20.0265 -0.7553 -0.8163 -1.0712 -1.6755 -0.7599 0.4887 1.4138 -0.1926 0.0025 -0.2540 -0.4734 0.1624 
19.3659 0.1796 -0.5201 -0.9610 0.0556 -0.6880 -0.2737 0.5021 -0.9841 -0.1659 -0.3997 -0.0649 0.2883 
19.7885 -2.1174 -2.1218 -1.0959 0.0953 -0.2594 0.8454 0.1077 -0.2766 -0.0812 -0.3249 -0.0010 0.3174 
19.1191 -1.3281 -0.7603 -2.1090 -1.9881 0.8839 -0.4509 -0.4620 -0.4375 -0.6128 -1.0179 -0.3947 -0.1548 
18.4845 -0.6488 -0.5055 -0.8145 -2.5115 -0.6566 -0.6470 -0.3926 0.8849 -0.0348 -0.2487 -0.0979 0.1619 
18.8297 -0.3273 -1.1808 -0.9767 -0.6185 -1.0012 -1.0134 -0.0016 -0.0935 -0.3939 -0.1423 -0.5290 0.2415 
20.1012 -0.4569 -1.4005 0.2076 -0.7952 -0.0359 -0.5608 -0.0055 0.0718 -0.2969 -0.5066 -0.6238 -0.3290 
19.8095 0.5490 -0.9716 -0.5427 -1.3857 -1.6662 -0.6655 0.3761 -0.4822 -0.5971 0.9574 -0.3768 0.2416 
19.4123 0.2932 -0.0412 -1.5657 -0.2910 -1.1528 -0.1412 -0.4781 -0.2147 -0.3121 -0.1545 0.1681 -0.1744 
19.4583 -0.4907 -0.9993 -0.8056 0.3297 -0.0134 -1.6003 0.2292 -0.1704 0.0400 -0.0016 -0.1395 -0.5046 
19.3245 -0.2897 -1.2726 -1.8110 -0.7409 -0.2890 -0.8635 -0.2931 -0.5294 -0.4363 0.4208 0.1845 -0.2952 
18.2602 -1.3733 -1.1330 -1.3002 -0.0779 0.8402 0.4299 -1.0341 -0.6647 -0.9477 -0.5535 -0.8527 0.2492 
20.8580 -0.2762 -0.9381 -0.8272 -0.4191 -0.2183 0.2081 -0.3784 -0.7811 0.2577 -0.0205 -0.2120 -0.2955 
20.6702 -0.2361 -0.8750 -0.1471 -0.7707 0.7454 0.1545 -0.4242 -0.4878 -0.1311 -0.5539 -0.1813 -0.3484 
20.8865 0.4057 -0.1253 -0.8817 -0.9296 0.2653 -0.2525 -0.6927 -0.4367 -0.6416 -0.0318 0.3612 -0.3259 
19.6462 -0.1622 -1.1387 0.8112 -0.6568 -0.4313 -0.8682 -0.8965 -0.5616 0.8074 0.0595 0.2957 -0.3537 
20.3132 -0.7253 -0.7789 0.1339 -0.5527 -0.1763 0.1369 -0.0232 0.1519 -0.3743 0.0938 0.5592 -0.4591 
19.2253 -0.1661 -0.7536 -0.7739 -0.4309 -0.6291 0.7243 -0.6598 -0.6479 -0.5382 -0.7426 0.1074 -0.3995 
19.3961 -0.5455 -1.5309 -2.1928 -1.5514 -1.0361 -0.3558 -0.5431 -1.0956 -0.8618 -0.6793 -0.7261 -0.3109 
19.8452 -0.6688 -0.2307 -1.5416 -1.6992 -0.3084 0.3600 -0.6077 -0.2821 -0.5659 -0.1000 0.1193 0.1671 
21.1678 -0.3060 -1.1674 -0.9397 -1.4129 -0.5165 -1.3705 -0.5573 -0.5353 -0.0669 -0.2513 0.0421 -0.2097 
20.9705 0.1737 -0.3206 -0.3881 -0.9410 -0.3102 -1.2217 -0.3598 0.2223 0.0121 -0.1231 -0.3856 -0.2899 
19.5872 0.4953 -0.4354 0.2742 -1.1878 -1.3130 -0.3008 1.0530 -0.1220 -0.4343 0.3088 0.0104 -0.2242 
19.6513 0.7737 0.0228 -1.4526 -0.6073 0.2142 -0.8803 -0.8874 0.1498 -0.0059 0.0937 0.2517 -0.0956 
19.2679 -0.1756 0.1700 -1.0287 -2.2196 -0.3106 -0.7008 -0.5178 0.8213 -0.4635 -0.2884 0.1909 0.8908 
19.2159 -1.0360 -1.7947 -1.7077 -1.4885 -0.4683 0.0706 -0.5982 0.0612 0.6047 -0.3478 0.1996 0.6838 
20.7484 -0.4374 0.3294 -1.5515 -1.0444 0.4795 0.5880 -0.2839 -0.4448 -0.5657 -1.0602 -0.2916 0.3585 
21.6050 -0.8532 -1.6682 -1.0016 -0.4696 -0.8798 -0.4351 -0.2171 0.0115 -0.4807 0.4313 0.0981 0.1169 
20.6889 -1.3337 -0.6360 -0.4384 -1.3055 0.5021 -0.1328 -1.0879 -0.5384 -0.4785 -0.2720 0.2875 -0.1755 
21.5027 -2.0789 -1.0051 -0.5541 -0.6881 -0.2494 0.1471 0.9459 -0.1947 -0.5162 -0.8239 0.0966 0.2647 
21.9736 -3.5335 -1.0436 1.3226 -0.7058 0.2267 -0.5038 -0.3478 -0.5441 -0.1939 -1.0242 -0.4575 0.6823 
22.8927 -3.2293 -1.3089 0.4285 -1.2680 -0.9249 -0.2594 0.9975 -0.1312 0.0053 0.6704 0.1891 0.5305 
23.0801 -3.6163 -2.1422 0.8399 0.6274 -0.2612 -0.2098 1.0578 -1.0115 -1.2615 -0.5163 -0.8234 0.2123 
22.9537 -2.1805 -2.4876 0.9052 -0.4794 -1.0699 -0.7174 -0.1144 -0.1690 0.0852 -0.2383 0.8316 0.0733 
23.9432 -1.4212 -2.2740 -0.1151 0.3005 -0.4392 -0.2007 -0.2978 -0.7425 -0.4177 -0.2387 0.0562 -0.1684 
24.8083 0.3494 -1.4269 0.7101 -1.3200 -1.9260 -1.1214 0.7979 -0.1664 -0.6063 -1.2564 -0.4391 0.9505 
32.1475 2.2378 -3.2248 -1.1322 -0.9078 -0.8131 -1.1249 -0.5486 -0.5941 -0.3337 0.0642 0.3058 -0.3785 
33.2238 1.9077 -4.7011 -0.8478 -0.5696 -0.8500 -0.8908 -0.1833 -0.6943 -0.7162 -1.2607 -0.1343 -0.5944 
34.4573 1.5711 -3.8358 -1.2410 -1.0326 -0.6550 -1.1482 -0.0459 -0.0206 -1.0510 -0.4532 -0.2583 -0.0520 
35.0434 0.6386 -4.8343 -1.0517 -0.7551 -0.7269 -1.2592 0.4195 -0.0852 -0.8457 -0.7394 -0.4976 -0.7466 
34.6777 0.8755 -4.1775 -1.5359 -0.1520 -0.2469 -1.6592 0.9842 0.3735 -1.4456 -0.3902 0.0201 -0.7887 
34.1776 1.0616 -5.0196 -1.3093 -0.9189 -0.4047 -1.4550 0.9804 -0.5804 -0.9608 -0.8393 -0.2502 -0.4733 
33.4359 1.1833 -5.2732 -1.8650 -0.6188 -0.6093 -1.5165 0.6727 -0.6217 -1.7209 -1.1902 -0.2686 -0.8743 
33.5781 1.6481 -4.4587 -1.8521 -0.4586 0.0170 -1.7717 1.3025 0.4568 -1.3807 -0.5156 0.5679 -1.2388 
33.2946 1.6236 -4.8112 -1.3137 -1.1007 -0.1535 -1.6045 0.9817 -0.0515 -0.7626 -0.8393 -0.1882 -0.7125 
33.4019 1.5066 -4.2580 -1.1414 -0.9658 -0.1840 -1.3720 0.8949 -0.0468 -0.9122 -0.7559 -0.0675 -0.6004 
32.8443 1.4389 -4.5129 -1.5007 -0.8058 -0.1886 -1.4387 0.8766 -0.5404 -1.3707 -0.9205 -0.0219 -0.7591 
32.0107 1.2091 -4.6794 -2.3318 -1.1582 -0.7036 -1.3569 0.1684 -0.2745 -1.4488 -1.1303 -0.1496 -0.8959 
31.2251 2.2452 -3.5505 -1.5408 -1.3978 -0.5586 -0.7325 0.6543 0.3689 -0.8334 -0.9120 0.3600 -0.3556 
28.3430 2.0874 -3.0209 -2.6753 -1.4539 -0.5374 -1.0939 0.0104 -0.0014 -0.4815 -0.4065 -0.3500 -0.6371 
26.3939 2.5018 -2.7748 -2.2418 -0.5547 -0.1975 -1.2078 0.1362 -0.4146 -0.9181 -0.5238 -0.2262 -0.2538 
26.1880 1.7635 -2.5480 -1.3820 -0.9586 0.1162 -0.9849 0.2169 0.5329 -1.2635 -0.0246 -0.2424 -0.4063 
25.6704 0.9079 -4.2029 -1.9271 -1.4219 -0.1486 -0.6976 0.7242 0.0880 -0.8564 -0.8653 -0.4317 -0.2397 
25.8789 1.0384 -3.6971 -0.9698 -1.3777 -0.5643 -0.6875 1.3056 0.9583 -1.0033 -0.6740 -0.0433 -0.1382 
24.3181 1.7173 -2.0658 -0.6139 -0.4497 -0.9018 -1.2106 2.1088 0.9481 -1.2550 -1.1710 -0.0461 -0.0925 
24.8514 0.3348 -2.4591 -0.8960 -0.1414 -1.2874 0.1898 0.7678 0.4402 -0.4013 -1.1168 0.1856 -0.0631 
21.5388 -0.3569 -3.6482 -1.1153 -0.4315 -0.0706 -0.0776 1.8581 1.0909 -1.1744 -0.1404 0.3868 0.6334 
28.6864 -2.4367 -3.4734 -0.8923 -1.1692 -0.7358 -0.3613 -0.3199 -0.2636 -0.5463 -0.3590 -0.1655 -0.0359 
24.4535 -1.2397 -3.5256 -1.2541 -0.0721 -0.4280 0.0597 0.9145 0.2362 -0.2289 -0.0626 -0.0490 0.1584 
22.9918 -0.8846 -2.4285 -0.0565 -0.6626 -1.2393 0.0142 0.5807 -0.9083 -1.4539 -0.3235 -0.4131 -0.2078 
24.4231 -1.3636 -2.8695 -0.3517 -1.2428 -0.5284 0.1617 0.4208 -0.3267 -0.2145 -0.5095 -0.4521 -0.5112 
23.2680 -2.1964 -2.9691 -0.6644 -1.6260 -1.1682 -0.2482 0.3550 -0.6508 -0.4688 -1.9016 -0.1056 0.2428 
23.8726 -2.2463 -3.3383 0.1098 -1.3690 -0.3158 -0.3758 1.0156 -0.0061 -0.0716 -0.0071 0.1108 0.0734 
22.7603 -2.0038 -2.1230 0.4795 -1.3506 -0.3417 -0.0562 -0.2647 0.1126 -0.4249 -0.2447 -0.2367 0.6487 
22.6215 -1.4936 -1.3354 0.3641 -0.4823 -0.6703 -0.4207 -0.5162 -0.1008 -0.2709 -0.1180 0.1400 -0.5123 
21.6024 -2.6073 -2.0755 -0.3813 0.4895 -0.6364 0.1767 -0.4321 0.0635 -0.7761 -0.5963 0.0297 -0.5107 
23.6841 -3.0449 -2.3411 0.1636 -0.4153 -0.2998 0.1986 -0.1582 -0.2239 0.1800 -0.2928 0.4601 -0.3276 
23.3354 -2.0510 -1.3155 -0.2985 -0.8508 -0.1133 0.4954 -0.7999 -0.1498 -0.7780 0.2461 -0.1350 -0.0079 
21.3181 -1.5390 -0.9561 -0.0286 -0.0791 -0.7842 0.0908 -0.0540 -0.1856 -0.5815 -0.0184 0.2314 0.4938 
21.3698 -1.7383 -1.9896 -1.7777 -0.6370 -0.4392 -0.4046 0.6799 -0.0420 0.2722 0.1399 0.1806 -0.2509 
20.9747 -2.5970 -1.2885 -0.5714 -0.3261 -0.8693 -0.7433 -0.1921 -0.3474 -0.3975 0.0711 -0.1388 -0.0262 
21.2983 -1.9861 -1.1889 -1.2294 -0.0713 -0.1536 0.0377 0.5706 -0.5155 -0.3306 -0.3497 0.0837 -0.1347 
21.4740 -1.4795 -0.7356 0.1664 -0.8198 -0.7013 -0.4667 0.6415 -0.2207 -0.7504 -0.9925 0.0998 -0.0256 
22.1037 -1.6185 -1.1976 -0.6534 -0.5746 0.0895 -0.3099 1.3809 0.1581 -0.2499 -0.4348 -0.2013 0.0739 
20.8157 -1.4973 -1.4449 -0.5540 -1.2714 -0.1066 -0.8180 0.1859 -0.3881 -0.2170 0.1720 -0.2175 -0.4626 
21.2776 -1.8887 -1.1877 0.0509 -1.1749 -0.5710 -1.4635 0.1965 -0.1318 -0.4587 -0.3408 0.3071 -0.1026 
21.9948 -2.2264 -1.3442 0.6835 -1.2241 -0.0953 -1.4732 -0.7110 0.0235 -0.3378 -0.2890 0.3699 0.1912 
21.9754 -1.9886 -0.8573 1.1557 -0.2769 -0.5184 -1.2467 -0.7715 -0.1859 0.0144 -0.0368 -0.0216 0.0358 
21.1815 -2.0092 -1.5873 0.0668 -0.1557 -0.5275 -0.1403 0.7605 -0.7801 0.1847 0.3776 0.2550 0.1961 
21.6765 -0.7853 -1.7343 -0.3713 -0.5274 -1.2284 -0.0292 -0.1940 -0.0659 0.2578 -0.4017 0.2135 0.0806 
20.6320 -0.3721 -2.7094 -0.1943 0.1194 -0.5877 -0.7349 0.5857 0.2777 -0.1363 -0.3006 0.5115 -0.2930 
22.0219 -1.2611 -1.9689 -0.7108 -0.1056 -0.6157 -0.3206 0.2338 -0.2415 -1.0109 0.2102 0.3408 -0.0610 
20.4400 -2.2268 -1.4980 0.0878 -0.0511 -0.8223 -0.1488 0.6073 -0.3472 -0.1534 0.3602 -0.2855 -0.4151 
21.0973 -0.4197 -0.7362 -0.2711 -1.2261 -1.7136 -0.3046 0.5623 0.2929 -0.0546 -0.3507 -0.2454 0.1038 
20.2643 -0.2671 0.3563 -0.9380 -1.3265 -1.4957 -0.8864 1.3906 -0.2084 -1.0179 0.2471 0.1414 0.1997 
21.4006 -0.0496 -1.2429 -0.6614 -0.5649 -0.7726 -0.8306 0.0257 -0.2317 -0.1273 -0.0616 -0.4002 0.0284 
19.3402 -1.7867 -1.0397 -0.8366 -0.9153 -0.1224 0.0010 0.3326 -0.1330 0.2929 -0.1127 0.0174 -0.0465 
18.9439 -0.8772 -2.0015 -1.1758 -1.7008 0.8089 1.4274 0.8645 -0.4306 0.5038 -0.2286 -0.1448 -0.3083 
20.4195 -0.1484 -1.0310 -0.5477 -0.4937 -0.5219 -0.1212 -1.0330 -0.8552 0.4159 -0.0190 0.5934 -0.1376 
20.0907 -0.7757 -0.1600 -1.3220 -0.4219 -0.4178 -0.5300 -0.4499 -0.6473 -0.3339 0.1627 0.3888 -0.1869 
18.8275 -0.4469 -1.4628 -0.7785 -0.9157 0.1056 0.0698 0.2838 -1.4612 -0.1825 -0.3759 -0.3976 -0.5143 
19.9014 -0.8538 -1.8345 -1.3100 -0.0350 -0.1105 -0.0617 0.3729 -0.4138 -1.0045 0.5085 -0.3245 0.0509 
19.1179 -0.3619 -0.7926 -1.5939 -0.5373 -0.7337 -0.6068 -0.3037 -0.7311 0.1560 -0.2203 0.5390 -0.2648 
19.1498 -0.5594 -0.2371 -0.3749 -0.4248 -0.4222 -0.8881 -0.3549 -0.3857 -0.0047 0.2281 0.4577 0.5551 
19.4258 -0.8166 -0.2922 -1.3155 -1.2817 -1.1984 -0.7293 -0.3323 -1.1967 -0.8693 -0.1451 -0.1956 -0.0899 
17.8356 0.3268 -0.6803 -1.5555 -1.3311 -1.1406 -1.0364 0.8153 -0.3761 -0.5674 0.1426 -0.1768 0.0745 
19.3521 -0.3323 -0.7215 -1.5833 -1.6519 -1.1221 -0.9032 -1.6270 -0.5109 0.0063 -0.3138 -0.5098 -0.1668 
20.1002 0.2823 -0.0437 -0.7272 -0.4997 -0.7398 -0.7134 -0.0636 -1.0273 -0.1798 -0.1536 -0.3845 -0.1681 
19.8990 -0.9197 -0.4163 -0.4132 -0.2435 0.0548 -0.2178 -0.3302 -0.4850 0.3753 0.2572 -0.0962 0.1039 
18.0515 -0.6332 0.6072 -0.6125 1.0925 0.4874 -0.8981 -0.5779 -0.5792 -1.2242 0.3671 0.2800 -0.2777 
19.5088 -1.1451 -0.9952 -0.7716 -0.9335 -0.3045 -0.8438 0.5779 0.1859 0.1712 -0.6018 0.1009 0.0647 
19.1214 -0.4766 -1.6854 -0.8782 -0.6512 0.3205 0.1000 -0.3426 -0.5503 -0.0917 -0.1465 -0.4827 0.0442 
19.9248 -0.4483 -1.0669 -1.8992 -0.8749 -0.0326 -0.0372 -0.0792 -0.6689 -0.1118 -0.1908 0.3084 -0.3255 
18.9524 -1.0879 -0.1403 -0.7475 -1.0903 -0.5738 -0.1357 -0.1041 0.3275 0.3104 0.0992 -0.4754 -0.5696 
18.7667 -0.0512 0.0935 -0.9994 -1.2727 -0.5852 -0.5451 -0.0187 -0.4047 -0.3823 0.0283 -0.4974 0.2899 
17.4815 -0.9930 -0.2704 -2.1953 -0.9321 1.1759 0.2862 -0.0422 -0.1417 0.1048 0.1648 -0.3818 -0.4277 
18.1733 -0.5491 -0.6210 -1.3258 -1.7320 -1.6055 -0.9876 0.1124 0.1488 -0.7741 -0.3187 -0.8765 0.1238 
19.2373 -0.2391 0.2902 -0.4697 -1.4854 -1.2843 -0.6450 0.5022 -0.6055 -1.1532 -0.5137 -0.0855 -0.0066 
19.1087 -0.2421 -0.8573 -1.1785 -0.8521 -1.1307 -0.0374 -0.5546 0.3650 0.4470 0.9100 0.2776 0.3087 
18.3260 -0.4223 -0.9606 -0.9545 -0.3444 -0.4161 -0.6010 -0.8092 -0.5948 -0.6864 -0.8566 0.1379 0.1955 
19.0886 -1.1933 -0.8762 -0.6052 -1.2781 -0.1181 -0.6688 -1.1167 -0.4448 -0.6162 -0.2950 -0.0709 -0.1202 
19.3697 -1.0072 -1.7411 -2.1656 -1.3720 -0.3254 -0.6692 -0.6639 -0.5663 -0.1487 -0.1321 -0.1538 -0.2765 
17.5589 -1.4586 -1.6016 -0.0795 0.4858 -0.6267 -0.1091 -0.0641 -1.1117 0.4351 0.4482 0.5607 -0.0403 
17.2499 -1.2722 -0.8108 -1.1341 -1.7549 -0.6599 -0.0900 0.1382 -0.5011 -0.3270 -0.7934 -0.4146 -0.2388 
18.7463 0.1878 -1.0567 -2.0670 -1.0134 -0.1247 -0.6460 -1.0690 -0.1953 0.4110 -0.5199 0.1255 0.3463 
18.0928 -0.3149 -0.7610 -0.7201 -1.0431 -0.5619 -0.5451 -0.2502 -0.0864 -0.2666 -0.5636 0.3442 0.1549 
17.6597 -1.7218 0.3161 -1.6765 -1.3095 -0.5662 0.0825 -0.2039 -0.1218 -0.1417 -0.2866 0.3664 0.5986 
19.5556 -0.7551 -1.2937 -1.9885 -2.2225 0.2087 -0.2413 -0.7582 -0.1953 -0.0730 -0.3740 0.0128 -0.0734 
18.1917 -0.2455 0.4682 -2.0279 -2.1662 -0.7855 -0.0548 0.1220 -0.3537 -0.6703 -0.0923 -0.0802 -0.2077 
17.8005 -0.8135 -0.2897 -0.2209 -1.0955 -0.7926 -0.6072 0.3796 -0.1885 -0.0667 -0.2631 -0.0904 -0.6365 
18.8042 0.6310 -0.7320 -0.3673 -0.8658 -0.3731 -1.0472 0.2112 -0.5349 -0.0905 0.2976 -0.4112 -0.4780 
16.8563 -1.4211 -1.7341 0.4042 -1.7428 -0.6343 -0.8429 0.0234 -0.8277 -1.4491 -0.8897 -0.3787 -0.1818 
18.2110 -0.5083 -1.6654 0.1242 -1.2395 0.3419 -0.0729 -0.0882 -1.2394 -0.8608 -1.6891 0.0896 -0.0678 
18.2227 -1.1072 0.1551 0.0699 -1.8039 -1.0177 -0.1904 0.0106 -0.3310 -0.6932 -0.4151 -0.3661 0.5265 
17.8198 0.2416 -0.6804 0.0276 -1.2294 -1.3523 0.5947 0.4756 0.1127 -0.8331 0.1890 0.3228 -0.5135 
18.6148 1.0594 -1.0839 -0.6212 -0.2494 -1.2608 -0.2851 0.5702 0.1994 0.3216 -0.2895 -0.6162 -0.5247 
18.6635 -0.5315 -1.1774 -0.9770 -1.3167 -0.4223 0.2638 0.8672 0.2226 0.3443 0.0335 -0.3813 -0.6782 
17.7575 -1.4527 -0.3869 -1.4872 -1.9658 -0.6822 -0.1858 0.0626 0.1103 0.0775 0.1299 -0.2463 -0.9620 
17.8216 -0.2198 -0.4714 -1.8794 -0.9486 -1.2712 -0.7027 -0.0962 -0.5556 -0.3109 -0.2613 0.1352 -0.0317 
18.5685 -0.1507 -0.3343 -1.7729 -0.8824 -0.9384 -0.7947 -1.0357 -0.1526 -0.1926 -0.1767 0.4383 -0.6948 
16.5882 -1.9559 -0.5213 0.0122 -0.1336 -0.9802 -0.5358 -0.1896 0.2755 -0.3554 -1.4558 -0.0567 0.6016 
18.0317 -0.2524 -1.3075 -1.0355 0.3513 -0.1079 0.4513 -0.3298 0.0412 -0.2067 -0.1515 0.1427 -0.0869 
