nan nan nan nan nan nan nan nan nan nan nan nan nan 
nan nan nan nan nan nan nan nan nan nan nan nan nan 
nan nan nan nan nan nan nan nan nan nan nan nan nan 
nan nan nan nan nan nan nan nan nan nan nan nan nan 
8.4365 -1.2777 -1.3957 1.6825 -1.4691 -0.2494 -0.8390 0.1806 0.1841 -0.1718 -0.1340 -0.2534 0.1021 
12.9195 -1.7213 0.3572 -2.0388 -0.8753 -0.8214 -0.6349 0.3327 -0.8061 -1.0367 -1.0874 -0.7267 0.1826 
12.8851 0.6740 -0.0395 -1.1354 -0.5855 0.4393 -0.2370 -0.1345 0.0982 -0.3485 0.2298 -0.2538 0.1255 
nan nan nan nan nan nan nan nan nan nan nan nan nan 
nan nan nan nan nan nan nan nan nan nan nan nan nan 
nan nan nan nan nan nan nan nan nan nan nan nan nan 
17.7635 -1.1933 -0.4675 -1.0402 -0.1152 0.2361 0.0716 -0.1752 0.1501 0.1597 0.0975 0.2948 -0.2896 
17.2609 0.0802 -0.0654 -0.2963 -0.4504 -0.1218 -0.3765 -0.3000 0.3683 -0.4013 -0.4362 -0.6513 -0.4218 
18.9059 -1.0408 0.0140 -0.2811 -0.3920 0.7392 -0.2802 0.4301 -0.4129 -0.1624 -0.4321 -0.4452 -0.3912 
20.9903 -0.4006 -3.8390 -2.5434 -2.1438 -1.0567 -0.8736 -0.7519 -0.8708 -0.4508 -0.9944 -0.5465 -0.3866 
30.6042 0.3104 -5.4011 -1.3191 -2.5392 -1.3216 -0.4781 1.0028 1.5088 -1.1339 -1.2882 0.2178 -0.4680 
31.8631 -1.6652 -4.3430 -1.2049 -3.2763 -0.7719 0.4559 1.0369 2.5054 1.0521 -1.1433 0.6741 1.4218 
32.1673 -0.8492 -3.7803 0.3875 -3.9175 -0.3969 0.3701 1.0562 1.3738 1.4043 -1.7015 0.1122 0.6570 
31.0444 -1.2866 -3.3032 -0.3903 -3.6796 -0.7809 0.9763 0.7812 2.0523 1.0373 -1.8850 0.0871 0.8189 
29.8571 -0.7820 -2.7886 -1.3857 -3.1569 -0.9260 0.1921 1.3988 1.8865 0.4818 -1.3839 0.2771 0.9824 
25.6282 -1.4487 -1.8001 -0.5018 -3.4512 -0.9023 -0.0067 0.4634 1.1315 0.7149 -1.7824 -0.2932 0.6894 
22.3302 -1.9727 -2.6561 -0.0549 -2.3022 -1.1207 -0.3597 0.9449 0.6038 0.4713 -0.9834 0.0900 0.4709 
22.5281 -0.6556 -2.8000 -0.6543 -4.0442 -1.0172 0.4468 0.1648 1.1896 0.2732 -0.9497 0.4495 0.3619 
19.9527 -0.5111 -0.9422 -0.9143 -2.4919 -0.7926 0.4047 1.0340 0.8268 0.0472 -1.3526 0.0286 0.4773 
19.0132 -1.0371 -2.3490 -1.3129 -3.1990 -1.6828 -0.3291 -0.0074 1.3793 -0.0723 -1.4477 0.1437 0.4467 
19.8236 -0.8989 -1.6981 -1.1454 -1.7221 -1.0566 -0.0858 0.2173 1.1350 -0.4836 -0.8078 -0.3303 0.0210 
23.7320 -1.3337 -2.2672 -0.0572 -1.4074 -0.4384 -0.2339 0.7724 0.4423 0.4543 -0.1015 -0.4243 0.0886 
20.5844 -0.7193 -1.2401 -0.5656 -1.2859 -0.3583 0.6441 0.6234 -0.0626 -0.0021 -0.2301 0.7604 0.4564 
18.1613 -1.0202 0.1532 0.1224 -0.9336 -0.5722 0.0514 0.4861 -0.2532 -0.0128 0.0583 -0.3296 -0.3109 
19.0054 -0.5169 0.1461 0.0465 -0.1608 0.0718 -0.1492 -0.0557 -0.1054 0.2501 0.3053 0.2355 0.3901 
17.6575 -0.3074 0.5810 0.1260 -0.8461 -0.4553 -0.2394 -0.2887 -0.0632 -0.2170 -0.1344 -0.1791 -0.3003 
16.7438 -0.9183 1.1866 -0.2281 -1.1971 -0.6750 -0.7652 -0.6449 -0.5763 -0.5632 -0.0270 -0.0646 0.1039 
16.1166 -1.5030 0.5891 -1.5756 -0.7877 -1.5410 -0.4188 -0.0460 -0.4027 -0.9879 -0.4579 -1.0282 0.0212 
17.5936 -0.9876 0.7670 -0.5350 -1.4663 -0.1360 -0.6386 -0.7811 0.0529 -0.1555 -0.4818 -0.3605 -0.0686 
17.4679 -1.4696 -0.3920 0.7853 -0.3491 -0.3853 0.4982 -1.0601 -0.0233 -0.3005 0.0817 0.0574 -0.1315 
17.2326 -0.6214 0.3104 -0.8983 -1.1144 -0.3758 -0.2752 0.6971 -0.4287 -0.2769 0.0536 -0.7394 0.1590 
15.7213 -2.3035 -0.2964 -0.9219 -1.3830 -0.5001 -0.6363 0.4241 0.5940 -0.1855 0.0490 -0.2927 -0.0013 
16.5354 0.4589 -0.0480 -0.7877 -1.5352 -0.3209 -0.2742 -0.4515 -0.1169 -0.5140 -0.1424 0.0457 0.0242 
6.5753 -1.1204 -0.9555 -0.7232 -0.9967 -0.8879 -0.6092 -0.0330 -0.6788 -0.1516 -0.3899 -0.8188 -0.3867 
-4.6150 -1.5948 0.3650 -0.9229 -0.9635 -0.3584 0.0233 -0.2458 -0.0973 -0.1244 -0.2337 -0.1283 0.1016 
-15.1166 -2.8964 0.8987 -1.0907 -0.7427 -0.4964 0.2133 -0.2639 0.0323 -0.1909 -0.3282 0.0872 0.1528 
-25.3906 -4.3707 1.3138 -1.0889 -0.5222 -0.6542 0.3612 -0.1724 0.0539 -0.1726 -0.3070 0.1107 0.1826 
-35.6065 -5.9353 1.7199 -0.9917 -0.3243 -0.8069 0.4870 -0.0105 0.0944 -0.1518 -0.2445 0.1391 0.3001 
-45.8256 -7.6158 2.0561 -0.8967 -0.1930 -0.9966 0.5191 0.1229 0.1228 -0.1810 -0.2224 0.1049 0.3442 
-56.2474 -9.6807 2.0230 -1.0989 -0.3981 -1.5602 0.1218 -0.0391 -0.0730 -0.5590 -0.6712 -0.3894 0.0019 
-64.8446 -9.6507 3.2918 -0.4026 0.3270 -1.1295 0.4343 0.2104 0.1062 -0.3381 -0.3184 -0.1208 0.2500 
-73.0754 -9.5547 3.9066 -0.6248 0.4374 -0.8953 0.5456 0.0598 -0.0997 -0.2542 0.0338 0.0150 0.1156 
-81.2557 -9.5074 4.3810 -0.9911 0.4198 -0.7609 0.5641 -0.0371 -0.1077 -0.1396 0.1188 -0.0276 0.0818 
-89.1931 -9.3256 4.7888 -1.3914 0.4586 -0.5832 0.5095 -0.1787 -0.0524 -0.0181 0.0854 -0.1115 0.1044 
-96.9269 -9.0793 5.1379 -1.9043 0.0218 -0.9664 0.2771 -0.4476 -0.6123 -0.6879 -0.3287 -0.2173 0.0188 
nan nan nan nan nan nan nan nan nan nan nan nan nan 
nan nan nan nan nan nan nan nan nan nan nan nan nan 
-99.7122 -0.8158 1.8448 -0.7173 0.1160 -0.1934 0.0480 -0.7993 0.1822 -0.7486 -0.1364 1.2066 0.6566 
nan nan nan nan nan nan nan nan nan nan nan nan nan 
-95.7055 -0.8031 -0.3774 -0.3762 -1.9081 -0.6158 0.0445 0.0130 -1.1812 -0.4727 -0.1816 0.6677 0.0894 
nan nan nan nan nan nan nan nan nan nan nan nan nan 
nan nan nan nan nan nan nan nan nan nan nan nan nan 
nan nan nan nan nan nan nan nan nan nan nan nan nan 
nan nan nan nan nan nan nan nan nan nan nan nan nan 
-82.3043 0.0942 0.2717 0.8765 1.0594 -1.0549 0.4258 0.3579 -0.0372 -0.0574 -0.4751 -0.0571 -0.4677 
nan nan nan nan nan nan nan nan nan nan nan nan nan 
-77.8439 0.3420 0.9359 -0.0049 -0.2737 -0.3621 0.0295 0.2264 0.0273 0.6979 0.3860 0.8075 1.1635 
-73.2545 -0.3023 -0.1058 0.6131 -0.1925 -0.5087 0.0067 -0.1518 0.6232 1.0480 0.4027 0.4013 0.0906 
nan nan nan nan nan nan nan nan nan nan nan nan nan 
nan nan nan nan nan nan nan nan nan nan nan nan nan 
nan nan nan nan nan nan nan nan nan nan nan nan nan 
nan nan nan nan nan nan nan nan nan nan nan nan nan 
-62.8711 0.0513 0.5563 -0.6133 -0.6067 -0.2793 -0.2541 -0.8206 -0.0350 -0.7701 -1.2361 0.1344 0.5279 
nan nan nan nan nan nan nan nan nan nan nan nan nan 
nan nan nan nan nan nan nan nan nan nan nan nan nan 
-54.0524 0.0246 -0.3123 0.4696 -0.5679 -0.0545 1.1267 0.1481 0.0348 0.3228 -0.0032 -0.0406 0.3020 
nan nan nan nan nan nan nan nan nan nan nan nan nan 
-49.0340 0.2999 -0.3370 0.4742 -0.3359 -0.6472 1.2221 -0.2872 -0.1690 -0.2986 -0.7227 -0.4454 0.1353 
nan nan nan nan nan nan nan nan nan nan nan nan nan 
nan nan nan nan nan nan nan nan nan nan nan nan nan 
