24.3783 11.8270 -12.4796 -1.1109 7.8811 -3.1171 -3.4679 4.8135 -0.0728 -4.9269 0.8791 1.6838 -2.7918 
26.7803 12.6181 -14.6368 -2.0774 8.4146 -3.2295 -3.8165 4.8707 -0.2710 -4.8974 1.6748 2.1588 -3.0752 
27.9375 13.0727 -15.1176 -1.5393 9.0249 -3.9788 -4.6764 4.8761 -0.2123 -5.1627 1.2746 1.7004 -3.0401 
28.0173 12.5813 -16.2658 -2.4999 8.1566 -4.8799 -4.9274 5.1412 -0.4699 -6.0354 0.5139 1.3726 -2.9144 
29.7275 13.9718 -16.0273 -1.7079 9.7392 -3.4843 -4.0527 5.5585 -0.2238 -5.4181 1.2407 1.5072 -3.0826 
29.3037 13.4174 -16.5053 -2.2180 9.0808 -4.0777 -4.1163 6.0482 0.2174 -5.4309 0.9711 1.2261 -3.2702 
29.1126 12.9965 -17.0759 -2.6446 8.8786 -4.2190 -4.4020 5.5179 -0.2898 -5.4324 1.5619 2.0023 -2.7906 
31.1525 15.4403 -15.2424 -0.9853 10.1548 -3.8520 -4.7437 5.2652 0.1498 -4.4875 2.2401 2.1339 -2.7438 
30.2892 14.0807 -16.4292 -1.2878 10.5863 -3.4324 -4.5901 5.2490 -0.0919 -4.9470 1.6962 1.6312 -2.8891 
31.4793 15.3113 -16.4119 -2.2725 9.9497 -3.0412 -4.0275 5.2557 -0.3235 -5.1612 1.2860 1.1110 -3.1400 
30.9850 14.5008 -17.4161 -3.2515 9.2485 -3.6023 -4.7719 4.3355 -1.0964 -5.4402 1.6533 1.8078 -2.7278 
29.9354 14.5359 -15.7387 -2.4716 8.9719 -3.5530 -4.6236 4.1528 -1.1459 -5.5219 1.1958 1.4357 -2.9831 
29.0251 14.4447 -14.9675 -2.9148 8.4073 -2.5941 -3.4766 4.4523 -0.7465 -4.9512 1.2381 1.3093 -2.9012 
33.7078 21.5017 -9.2182 -1.2310 7.7241 -2.8582 -4.1644 2.4343 -2.6088 -6.2319 -0.4522 -0.4228 -3.9422 
36.7347 24.9539 -8.0062 -1.9867 7.0478 -2.6826 -4.2152 2.0626 -2.5364 -6.1351 -0.7475 -0.3070 -3.1524 
36.4760 25.1761 -7.5666 -2.5289 6.2230 -3.0337 -4.9036 1.0505 -2.8327 -5.9958 -0.9434 -0.5187 -3.1972 
38.2892 26.3839 -8.4448 -3.4994 6.6264 -1.9157 -4.1169 1.4037 -2.5936 -5.7100 -0.5911 0.0029 -2.3007 
37.4242 25.9076 -8.3394 -4.1909 5.5092 -2.5322 -4.7682 0.3316 -3.4431 -6.2445 -1.2725 -0.7810 -3.0549 
38.4934 26.6221 -8.8093 -4.5761 6.0882 -1.5728 -4.1930 0.8129 -2.4549 -5.1516 -0.9663 -1.0798 -2.9366 
37.7747 26.7403 -7.8041 -4.5838 5.9737 -0.6075 -3.7868 -0.0367 -2.6488 -4.2426 -0.4757 -1.1762 -2.7731 
37.8713 27.0810 -7.4608 -4.8003 5.5201 -0.6160 -3.5073 -0.1030 -3.2626 -5.0170 -0.7221 -0.5685 -1.9386 
37.4121 26.6689 -7.7995 -5.5841 4.6719 -0.8991 -3.3974 0.0559 -3.1085 -5.0967 -1.1588 -1.0089 -2.1657 
37.8511 27.6313 -6.9970 -5.6979 4.6354 -0.4220 -3.4016 -0.1427 -2.6205 -4.6503 -1.1693 -0.6542 -1.7703 
37.1223 26.9408 -7.4222 -6.2646 4.5701 0.4916 -2.4494 -0.0359 -3.0816 -5.1117 -1.2403 -0.0455 -0.8006 
35.1667 24.1536 -8.4787 -4.4743 5.7559 -0.9854 -3.1880 1.7796 -1.6975 -5.7228 -2.1015 -0.2247 -0.7734 
30.6807 20.9275 -8.0899 -5.4530 3.1343 -2.0025 -3.1985 0.7364 -2.5772 -5.0205 -1.1316 -0.5410 -1.9743 
28.3300 20.3353 -5.7980 -4.6396 2.7390 -1.3233 -2.9534 -0.4906 -3.4064 -5.1569 -1.6300 -0.7607 -1.6173 
27.2000 19.9127 -4.4416 -3.2954 2.9452 -1.2506 -2.1086 0.4273 -3.1708 -5.2626 -1.6050 -0.5605 -1.1223 
25.8538 18.3842 -5.1085 -3.1823 3.3436 -0.9936 -1.9882 0.6685 -2.7037 -4.6390 -0.9575 -0.1562 -1.1106 
24.5206 17.6583 -4.3078 -2.5555 3.3303 -0.8603 -1.7578 0.4942 -3.2038 -5.3087 -1.7246 -0.7192 -1.4501 
23.3827 16.2299 -5.2083 -3.0051 2.7458 -1.6660 -2.1439 0.6379 -3.2159 -5.7054 -1.9838 -0.5215 -0.9471 
22.6807 15.3792 -5.5847 -2.8356 2.9535 -1.8698 -2.4520 0.8079 -2.5536 -5.0267 -1.6384 -0.5640 -1.3343 
24.5024 16.5354 -6.5936 -4.4161 1.6880 -2.5670 -2.0117 1.9607 -1.9100 -5.0403 -1.8206 -0.9631 -1.9274 
31.3345 19.7458 -10.0112 -4.7258 2.7497 -4.6646 -2.4287 4.2963 -2.1802 -6.4353 -0.6260 -0.2463 -3.1141 
32.2915 18.5902 -13.4735 -5.7526 3.8042 -5.2421 -4.2733 3.4971 -2.2460 -6.8045 -0.9456 -0.0122 -2.5795 
32.4076 17.5027 -15.1516 -4.9142 6.3538 -4.1265 -4.2497 4.5435 -0.6645 -5.9882 -0.2918 1.1430 -1.6271 
32.3762 16.7485 -16.1944 -4.7202 7.1263 -3.8496 -3.9686 4.8551 -0.8516 -6.0081 0.0565 0.5872 -3.0227 
32.8412 16.6649 -17.0210 -4.8060 7.9875 -3.1661 -3.8409 4.7788 -1.0834 -6.2440 0.1891 0.7904 -3.3205 
32.5023 16.2130 -17.1144 -4.3078 8.5507 -3.1111 -4.2651 4.1274 -1.5995 -6.2477 0.5055 1.0256 -2.9654 
32.2492 15.9885 -17.0170 -4.0333 8.6901 -2.9255 -3.5797 5.1627 -0.7583 -5.7870 0.6008 0.6702 -3.7174 
31.4777 15.0823 -17.2889 -3.7073 8.7427 -3.5216 -4.1005 5.1437 -0.5648 -5.2938 1.5955 1.5411 -3.4926 
30.2846 14.5800 -16.0226 -2.2261 9.4009 -3.6692 -4.7172 4.7149 -0.6162 -5.6735 0.8007 1.1413 -3.4404 
31.0653 14.7512 -16.6381 -2.0346 9.9987 -3.5633 -4.5363 5.1436 -0.3235 -4.9898 1.9328 1.7773 -3.0836 
30.9280 15.2051 -15.5370 -1.3972 10.1075 -3.5135 -4.5768 5.1936 -0.0461 -5.0314 1.5757 1.8685 -2.7126 
30.5055 14.3924 -16.3039 -1.5795 10.0970 -3.6990 -4.4626 5.6771 0.2717 -5.0381 1.3366 1.4650 -2.9805 
28.9345 12.7304 -17.1863 -2.3349 9.2662 -4.6629 -5.8140 4.3176 -0.4971 -5.4899 0.7696 0.9071 -3.6676 
29.0414 12.8671 -16.7331 -1.1758 10.7817 -3.3381 -4.7895 5.0038 -0.1619 -5.2695 0.9610 1.0490 -3.2069 
28.8020 12.9387 -16.3012 -1.2216 10.2109 -3.8622 -5.1963 4.4774 -0.6787 -5.3492 1.5430 1.9473 -2.5374 
28.5676 13.2194 -15.6345 -1.5117 9.3506 -3.9606 -4.7699 4.4701 -1.0830 -5.8977 0.6463 0.8572 -3.3964 
27.2376 11.9431 -16.1967 -2.0137 9.1618 -3.6945 -4.5476 4.8884 -0.1042 -4.9801 1.2479 1.5457 -3.0308 
27.1665 12.2474 -15.7897 -2.4451 8.3696 -4.1637 -5.3083 3.5547 -1.1576 -5.4359 0.8958 1.2204 -3.1380 
27.3623 13.4578 -13.8551 -1.5332 8.6406 -3.3784 -4.3868 4.3152 -0.2700 -4.8507 1.1084 1.8776 -2.2989 
25.9993 12.5363 -13.5232 -1.4302 8.1881 -3.8970 -5.0307 3.9263 0.1567 -4.4978 0.4862 1.2441 -2.0529 
25.2847 12.3955 -13.0644 -2.0113 7.2408 -3.8820 -4.8386 3.4448 -0.3497 -4.6393 0.3399 0.9670 -2.3786 
23.9366 12.6319 -10.9300 -1.6205 6.7833 -2.8559 -3.7256 3.5201 -0.2920 -4.8481 -0.6519 0.2767 -2.6042 
22.2279 12.3651 -8.9378 -0.9413 6.1889 -2.6126 -3.1342 3.7339 0.4735 -3.4598 0.4539 0.8661 -2.4087 
