23.0346 11.0832 -11.7155 -0.5049 7.9633 -2.8090 -3.1506 4.7178 -0.3066 -5.3715 0.0647 1.2368 -2.5497 
24.8817 11.4363 -13.6001 -1.1119 7.9216 -4.1342 -4.1459 4.7291 -0.7356 -5.5888 1.1933 2.3551 -2.3567 
26.4345 12.2430 -14.3220 -1.0310 8.9387 -3.6472 -3.9809 5.4643 0.2455 -5.1013 0.8971 1.5580 -2.8979 
28.2530 13.2846 -15.0418 -1.1099 9.6811 -3.3835 -3.9725 5.6069 0.0036 -5.5128 0.9546 1.7427 -2.9037 
27.9696 12.6954 -15.4827 -1.0223 9.4301 -4.3446 -4.5760 5.7976 0.3652 -5.1636 1.3262 1.9783 -2.4390 
28.9576 12.9140 -17.0352 -2.6050 8.9750 -4.3205 -4.9139 5.0898 -0.3592 -5.5812 1.3388 2.1416 -2.4609 
29.3183 12.9228 -17.5778 -2.6468 9.8483 -3.2894 -4.4968 5.0043 -0.2375 -4.9125 2.1091 2.5182 -2.4306 
30.7836 14.6460 -16.3753 -1.7519 10.1876 -3.6597 -5.0159 4.8170 -0.2480 -5.0965 1.4928 1.5009 -3.2852 
30.6340 13.9126 -17.8270 -2.9875 9.7399 -3.7879 -5.3244 4.4350 -0.5570 -5.3457 1.5689 2.1043 -2.6513 
33.0793 16.4337 -16.9544 -2.7018 10.6047 -2.4146 -4.4286 4.3006 -0.9237 -4.8319 2.6087 2.4744 -2.8919 
31.8318 15.0085 -18.2322 -4.3471 9.3927 -2.5159 -4.2450 4.1314 -1.1126 -5.1040 1.9673 1.9556 -2.9487 
31.1751 15.3737 -16.7448 -4.0629 8.8970 -2.3009 -4.0616 3.6865 -1.2843 -5.0802 1.4466 1.4720 -2.8111 
33.6494 20.1522 -11.4481 -1.5206 9.0341 -2.3854 -4.5581 2.3074 -2.7891 -6.7116 -0.4923 0.0187 -3.6116 
37.2316 24.4164 -10.2298 -3.8346 6.6708 -2.6612 -4.9506 0.9020 -2.9736 -5.7526 -0.8984 -1.5834 -4.2973 
38.5848 26.2395 -9.1303 -3.7702 6.6199 -2.3095 -4.5709 1.3943 -2.3739 -5.5613 -0.5772 -0.2870 -2.8944 
37.6247 25.6881 -9.0127 -4.1549 6.4777 -1.6169 -4.3786 0.6880 -2.7481 -5.3232 -0.3145 -0.0324 -2.6928 
39.5046 26.6499 -10.9314 -6.4779 5.9992 -1.5244 -5.4246 -0.3847 -2.8058 -5.4566 -0.8111 0.0289 -2.5602 
40.0175 26.8547 -11.6677 -7.5402 5.4831 -1.2915 -5.0702 -0.4391 -2.9130 -5.2955 -1.0592 -1.0407 -3.5293 
42.1313 27.9062 -12.8971 -7.9356 6.6341 0.1096 -3.7944 0.3057 -2.9983 -5.1652 -0.3121 -0.4918 -2.7658 
41.5602 26.8387 -14.2056 -8.8815 6.1283 -0.5570 -4.7620 -0.3871 -3.1567 -5.1417 -0.3350 -0.4661 -2.7218 
35.0925 23.1685 -11.4527 -7.9711 4.6709 -0.3728 -4.6152 -1.6827 -3.3291 -4.3856 -0.5956 -0.5526 -1.8580 
35.2764 23.4338 -11.2496 -7.7451 5.2872 0.7206 -3.2989 -0.3029 -2.2896 -4.2711 -0.9322 -0.1862 -1.0681 
31.3979 21.4831 -8.9965 -6.8204 4.2682 0.8426 -2.6937 -0.7707 -2.4038 -3.4971 -1.0205 -1.3972 -1.8218 
29.8891 20.4931 -8.3174 -6.0729 4.2993 0.7260 -2.8383 -1.0882 -2.2974 -2.7051 -0.2379 -0.8674 -1.2424 
31.4830 19.1700 -11.3543 -4.4560 5.8984 -1.5702 -3.2126 1.0001 -3.1144 -4.4491 0.4087 -0.7904 -2.0931 
28.8945 18.5987 -9.5074 -5.4192 4.2195 -0.8077 -3.1665 -0.8278 -3.7111 -4.0011 0.0955 -1.0041 -2.2210 
27.0666 18.0360 -7.9671 -4.8749 4.1731 0.1284 -2.3984 -0.8690 -3.6472 -4.0338 -0.2774 -1.0263 -2.2138 
25.6216 16.8447 -7.8610 -4.5419 4.2100 0.3531 -1.6811 0.1241 -2.7445 -3.5006 -0.0302 -0.8379 -2.3166 
24.0253 15.5363 -8.0423 -4.9314 3.6030 0.1432 -1.7575 0.1071 -2.4902 -3.4703 -0.4780 -1.2087 -2.4869 
23.7652 15.3148 -7.7755 -4.3177 3.6629 -0.6352 -2.4312 -0.0447 -2.9483 -4.4598 -1.0141 -0.8804 -1.9611 
22.8927 14.7778 -7.4201 -3.9832 3.9373 -0.0608 -1.9598 0.1517 -2.5223 -3.8275 -0.5869 -0.4323 -1.2599 
31.4642 19.7654 -11.1682 -6.4571 3.1617 -3.2985 -3.4615 2.8493 -1.1097 -5.2510 -0.7388 0.9094 -1.0144 
32.8942 19.6932 -12.7645 -6.3126 3.0307 -5.2671 -4.1724 3.3616 -2.3433 -6.7481 -0.4102 0.8896 -2.1492 
32.2421 17.7816 -14.3102 -4.4459 6.3180 -4.0312 -4.0813 4.1968 -1.3281 -6.0755 0.3758 1.6849 -1.7292 
32.5688 16.8318 -15.9014 -3.6688 7.9984 -4.0617 -4.5432 4.5088 -1.5027 -6.8181 0.1207 1.5855 -1.9367 
33.8349 17.7082 -16.2508 -4.0786 7.9523 -3.6720 -3.5277 5.4736 -1.1279 -6.2529 1.2207 2.3023 -1.9545 
32.7682 16.3592 -17.2997 -4.7350 7.6823 -4.1752 -4.6181 4.6621 -1.0511 -6.0235 1.0726 2.1853 -1.9243 
31.8864 15.4008 -17.6366 -4.6382 7.7360 -4.3603 -4.7729 4.7272 -1.0645 -6.4860 0.1890 1.1737 -2.7908 
30.6534 14.3173 -17.3724 -3.5787 8.5029 -4.3522 -5.0886 4.7945 -0.3452 -5.4863 1.0030 1.8244 -2.1625 
31.9188 15.7750 -16.5064 -2.9885 9.0976 -3.8219 -4.8040 4.7017 -0.7463 -5.7572 1.1702 2.0343 -2.3283 
31.5788 15.2633 -16.8759 -3.0033 9.2013 -3.8671 -4.8904 4.6694 -0.8288 -5.9624 0.8125 1.5898 -2.6114 
31.4546 15.1869 -16.7349 -2.7372 9.3231 -4.0245 -5.0276 5.0194 0.0024 -5.1155 1.4563 2.1464 -2.2771 
30.0799 13.8358 -17.3822 -3.5366 8.4768 -4.3309 -5.2739 4.2132 -0.8169 -5.3352 1.3966 1.6683 -3.0503 
30.3306 14.1306 -16.8600 -2.4044 9.6356 -4.0469 -5.6160 4.1328 -0.5874 -5.2959 1.2958 1.7892 -2.6927 
29.6832 14.0948 -16.1025 -2.4615 9.1075 -3.6078 -4.5632 4.6757 -0.4790 -5.1633 1.4449 1.9881 -2.4339 
29.6490 14.6210 -15.1955 -2.2241 9.0621 -3.3960 -4.5945 4.5806 -0.0295 -4.9081 0.8937 1.6216 -2.0591 
29.0887 14.1139 -15.2172 -2.1824 8.6841 -4.0388 -4.8860 4.6866 -0.1735 -5.4152 0.5732 1.4606 -2.4918 
27.5094 13.1374 -14.8858 -2.4478 8.1386 -3.9336 -5.0050 4.2813 0.4083 -4.2855 1.0078 1.7526 -1.6261 
26.9893 12.9176 -14.5055 -2.4031 7.7200 -3.8918 -4.1726 5.1315 0.6535 -4.3926 0.9824 1.7703 -1.8052 
25.5740 12.2597 -13.7386 -2.3504 7.0318 -4.4277 -4.9606 4.2625 0.4308 -4.7306 -0.2159 0.5315 -2.5834 
25.1840 12.9606 -11.9433 -1.5768 7.3177 -3.4289 -4.2573 4.2186 0.7310 -4.0920 0.0675 0.7203 -2.2842 
24.2934 13.1025 -10.7970 -1.9618 6.5613 -2.5583 -3.2961 3.9022 0.4200 -3.7943 0.2895 0.9724 -1.8874 
