nan nan nan nan nan nan nan nan nan nan nan nan nan 
nan nan nan nan nan nan nan nan nan nan nan nan nan 
nan nan nan nan nan nan nan nan nan nan nan nan nan 
nan nan nan nan nan nan nan nan nan nan nan nan nan 
nan nan nan nan nan nan nan nan nan nan nan nan nan 
29.7773 -0.3536 -0.6813 -1.8345 -1.6318 -0.2150 -0.6737 -0.5167 -0.3354 -0.5991 -0.7783 0.4226 -0.6879 
30.2059 -0.7302 -0.1545 -1.2284 -1.3310 -0.3156 -1.2125 -1.7046 -0.1924 -0.5677 -0.7090 -0.6615 -0.0880 
29.9336 -1.0654 -0.1781 -1.2963 -0.8472 -0.2909 -1.0756 -0.5183 0.3181 -0.1602 -0.7635 -0.4548 -0.2504 
30.9062 -0.9441 -1.3306 -0.9803 -0.9876 -0.6059 -0.8923 -0.2849 0.1246 -1.0936 -0.6451 -0.2324 -0.4991 
29.7638 -2.1747 -0.9657 -2.6284 -1.1901 -1.2578 -1.6582 -0.0258 0.9695 -0.6216 -1.1856 -0.3948 -0.5759 
30.0800 -0.4106 -0.3417 -1.5128 -0.2256 -0.8336 -1.8563 -0.8084 -0.0196 -0.4663 0.2759 -0.0508 -0.4794 
30.3330 -1.8296 -0.8300 -2.7781 -1.1180 -1.0727 -1.2451 -0.0248 0.5221 0.0328 0.0709 0.2697 -0.1729 
30.5072 -3.0827 -0.1293 -2.0712 -1.1776 -0.6788 -1.5425 -1.2682 0.0778 -1.0651 -0.6288 0.0096 -0.8038 
30.3825 -2.2094 0.8546 -1.4604 -1.3774 -0.2365 -1.3402 -0.9241 0.6876 -0.2606 -0.1639 -0.0656 -0.4678 
30.2840 -1.9315 0.4498 -1.9974 -1.1345 -0.4809 -0.8535 -0.5392 -0.0957 -0.2448 -0.1511 -0.5033 -0.4413 
31.2042 -1.3893 -0.7251 -0.5317 -1.0996 -0.5154 -0.6342 -1.4485 -0.4326 -0.2354 0.1318 0.1851 -0.2844 
31.2383 -2.0322 -1.9639 -1.9485 -1.1393 0.2582 -0.2960 -0.8912 0.2192 -0.1937 0.1450 0.4558 -0.1785 
30.8248 -1.5424 -1.4286 -1.9788 -0.5217 0.1223 -0.5742 -1.4100 -0.7869 0.7552 -0.2315 -0.0890 -0.6433 
31.3355 -2.3903 -1.4793 -2.1813 -0.3565 -0.1656 -1.0131 -1.0514 0.1013 0.2632 0.0546 -0.0031 -0.5103 
31.2771 -1.3990 -0.7499 -2.1008 -0.7234 -0.8809 -0.9080 -1.7143 -0.4907 -0.1373 -0.6159 -0.5935 -1.0013 
30.3356 -1.2658 -0.2976 -1.6987 -0.1495 -0.9521 -1.2098 -1.6347 -0.0418 -0.4165 -0.0074 0.0506 -1.1820 
30.2788 -2.4529 0.1562 -1.4697 -0.8107 -0.7752 -1.9979 -1.7152 -0.5070 0.3477 -0.7003 -0.1902 -0.4337 
29.3321 -2.3215 -0.3011 -2.0829 -0.3976 -0.4655 -1.1262 -0.9519 -0.0645 -0.2720 -0.9647 -0.0247 0.0221 
29.2181 -2.5683 -0.2209 -1.8084 -0.6670 -0.3479 -1.2390 -0.7921 -0.4391 -0.2188 -0.3370 -0.0872 -0.1695 
30.4018 -1.9105 -0.2356 -3.0154 -1.4018 -0.1111 -0.5180 -1.2388 -0.8525 -0.1128 -0.4493 -0.2323 -0.8536 
29.4361 -2.5618 0.1411 -1.9444 -0.7840 -0.0775 -0.9327 -0.9228 -0.4522 -0.1358 0.6957 -0.4072 -0.5938 
29.6956 -2.9441 1.0549 -2.2609 -0.4217 0.1090 -1.2464 -1.0534 -0.6181 -0.2984 -0.5287 -0.4179 -0.6340 
31.2123 -2.2442 0.5371 -1.5764 -1.0363 -0.3718 -0.6825 -1.0117 -0.6882 0.1679 0.2884 -0.1116 -0.1696 
35.2943 -2.1957 -0.7014 -2.8943 -2.2588 -0.8387 -0.9813 -0.4497 -0.4892 -1.4397 0.4075 0.6208 0.0446 
36.3348 -2.4851 -0.4851 -2.8037 -3.1709 -0.3290 -1.2456 -0.4810 -0.6729 -0.6294 0.1910 0.2956 0.5062 
37.2435 -2.6411 -0.0741 -2.9556 -2.5562 0.5532 -1.7174 0.4078 -0.2648 -0.6134 0.4094 0.4394 0.8122 
36.8883 -3.5079 -0.3490 -4.2460 -2.3900 -0.5131 -1.7156 -0.1985 -0.9197 -0.2195 -0.2931 0.6064 0.3080 
35.9828 -2.5979 0.1697 -4.4252 -1.4198 -2.1677 -0.2773 -0.4895 -0.8006 -0.3187 0.4532 0.3955 0.5836 
35.8672 -2.3975 -0.0864 -4.0228 -1.8200 -2.0876 -0.3766 -1.3153 -0.5769 -0.9295 0.0132 0.0669 0.5916 
36.3094 -1.0243 -0.0973 -2.9627 -1.1537 -1.4587 0.1596 -1.0395 -0.1230 -0.6076 0.2311 0.2501 0.8747 
34.8802 -0.8996 -1.3638 -3.7841 -1.0565 -1.5724 -0.3032 -0.3434 0.1850 -0.3050 0.9528 0.6989 1.2239 
34.1859 -0.2870 -0.9421 -3.4303 -1.5976 -1.2282 -0.9477 -0.9732 0.0124 -0.4857 1.0245 0.7282 0.5877 
33.8748 -0.1048 -1.4648 -2.2416 -2.0093 -1.4239 -1.2722 -0.7158 0.4326 0.0197 0.5118 0.3940 0.0872 
33.3175 -0.1950 -0.8489 -1.5854 -1.2144 -1.8232 -1.4803 -0.5327 1.4635 0.3334 0.6232 -0.4319 0.2258 
32.1342 -1.1922 -0.2067 -1.3211 -1.4726 -1.2678 -1.4475 -0.9500 0.3343 0.6044 0.1883 -0.4998 -0.5797 
29.8525 -1.6163 -1.6590 -1.2619 -0.2707 -0.7705 -0.5247 -0.9255 -0.7411 -0.1968 -0.1647 -0.3267 0.0406 
29.0786 -1.3079 -0.6690 -1.4693 -1.7769 -0.4966 -1.0107 -0.5996 -0.6910 -0.0556 0.4771 -0.2002 -0.1744 
28.1239 -1.5038 0.3145 -1.1447 -1.3948 -0.8200 -0.6392 -0.5934 -0.8051 -0.0566 0.4907 0.1273 -0.0692 
29.9485 -0.9944 -1.7777 -1.8297 -0.5365 -1.0447 -1.1675 -0.9063 -0.2787 -0.6182 -0.3837 -0.3773 -0.6079 
31.0639 -1.9759 -0.3882 -3.1452 -0.7148 -1.2343 -0.8577 -0.4657 0.0816 -0.2624 0.0326 -0.1892 -0.5444 
30.5123 -1.6894 0.5121 -2.4996 -0.8344 -2.0651 -0.5124 -0.4644 -0.2213 0.1993 -0.5119 -0.7497 -0.5305 
30.9892 0.0176 0.5869 -2.0883 -0.4741 -0.8291 -0.0356 -0.1711 0.4928 0.0193 0.0813 -0.1507 0.0178 
22.0444 -2.5807 0.4668 -2.0493 -0.2850 -0.6360 -0.0063 -0.1468 0.3649 -0.0078 0.0098 -0.0939 -0.0040 
13.0747 -5.3015 0.3011 -2.0943 -0.1440 -0.5058 0.0277 -0.1239 0.3041 -0.0027 -0.0175 -0.0406 -0.0246 
4.0510 -8.1477 0.0589 -2.2385 -0.0707 -0.4504 0.0454 -0.1242 0.2765 0.0085 -0.0309 -0.0006 -0.0499 
-5.0260 -11.1354 -0.2699 -2.5090 -0.0738 -0.4891 0.0332 -0.1661 0.2599 0.0125 -0.0411 0.0281 -0.0788 
-14.1317 -14.2219 -0.6702 -2.8864 -0.1509 -0.6135 -0.0186 -0.2518 0.2377 0.0120 -0.0474 0.0625 -0.0973 
-23.1143 -17.1862 -0.9569 -3.1922 -0.1553 -0.6879 -0.0029 -0.2860 0.2899 0.0868 0.0310 0.1828 -0.0266 
-31.9996 -20.0673 -1.1874 -3.4892 -0.1624 -0.7925 -0.0107 -0.3622 0.3191 0.1517 0.1212 0.3364 0.0988 
-40.7788 -22.8564 -1.3693 -3.7927 -0.2057 -0.9770 -0.1213 -0.5886 0.1822 0.0415 0.0425 0.3459 0.1183 
-48.7451 -24.5673 -0.5486 -3.1920 0.5632 -0.4656 0.3451 -0.3894 0.3357 0.1013 0.0345 0.3663 0.1247 
-56.4443 -25.9842 0.4778 -2.4934 1.3390 -0.0339 0.6579 -0.4170 0.2107 -0.1355 -0.2717 0.1222 -0.0707 
-62.2602 -25.0033 3.3289 -0.7246 2.4539 0.1877 0.4884 -0.9136 -0.1553 -0.2915 -0.2425 0.3269 0.1582 
-67.2744 -23.4268 5.6614 -0.4094 1.9847 -0.4499 0.5153 -0.4812 0.4655 0.0213 -0.4706 -0.2670 -0.5477 
-70.0041 -19.7683 7.8991 -1.4765 0.3409 -1.4648 0.5181 -0.2325 0.8191 0.5181 0.2914 0.7676 0.5395 
-inf -inf -inf -inf -inf -inf -inf -inf -inf nan nan nan nan 
-73.0127 -12.8352 8.1893 -4.2361 1.1762 -0.3312 0.5609 -0.5505 0.3348 -0.3731 -0.0490 0.9279 0.4894 
-72.8506 -9.5610 6.8480 -4.4409 2.6106 -0.8005 0.1659 -0.2844 0.2144 -0.3198 0.0689 0.4477 0.1272 
-71.2915 -6.4327 5.2592 -4.0565 2.3346 -1.8811 0.7340 -0.4223 -0.2540 -0.1797 0.0308 0.1916 0.1070 
-71.9490 -4.9633 4.1150 -2.9246 3.1341 -1.5762 1.5956 -0.3452 0.1334 0.0508 -0.2537 0.2073 0.0100 
-70.0130 -2.2372 2.8058 -2.5043 2.7372 -2.0581 1.4480 0.1392 0.0835 -0.0205 0.4678 -0.1336 -0.2004 
-67.8121 -1.3416 2.3559 -1.0520 0.9167 -1.0118 1.1354 -0.4053 0.5103 -0.4876 0.4267 0.0604 0.1720 
-68.3045 -0.9751 1.6343 -0.0656 1.0198 0.0745 0.8505 -0.8482 0.4152 -0.4899 -0.0859 -0.3565 0.8305 
-66.1896 -0.9348 -0.1501 -0.1453 0.0975 -0.3488 0.3860 -0.4136 0.0043 0.6594 1.0276 1.1102 1.2536 
-62.7549 -0.1496 0.2612 0.4622 -0.1695 0.1488 -0.2082 -0.0201 -0.2709 0.1085 0.0660 0.0975 0.3242 
-58.0904 0.4005 -0.0289 0.5625 0.2534 0.2773 -0.3144 -0.0346 0.0981 -0.0339 -0.2329 -0.0931 -0.1844 
-57.2297 0.5066 0.4184 0.2119 -0.5913 0.3716 0.6071 0.5684 -0.3001 -0.2351 -0.2224 0.1543 -0.0596 
-54.8668 -0.0128 -0.1144 -0.8593 -0.1627 0.1885 0.6376 0.4181 0.0675 0.2298 0.5167 0.2247 -0.0517 
-51.9368 -0.2046 -0.6317 -0.3361 -0.4081 -0.5152 0.1043 0.1744 0.2847 -0.0191 0.6436 0.9039 0.3252 
-48.5821 0.1922 -0.0550 -0.0072 -0.1317 0.2248 -0.2748 -0.0268 0.1664 -0.1834 0.1460 0.0212 0.0215 
-46.8342 -0.3277 -0.0412 0.6118 0.2957 0.2464 0.1829 0.1896 0.5613 0.0749 -0.1644 0.3251 0.8576 
-inf -inf -inf -inf -inf -inf -inf -inf -inf nan nan nan nan 
-inf -inf -inf -inf -inf -inf -inf -inf -inf nan nan nan nan 
-39.0569 0.0707 -0.1333 0.8545 0.6484 0.7983 0.2893 0.6012 0.1667 -0.3116 -0.4260 -0.3844 0.2167 
-36.0759 -0.4693 -0.3711 -0.2728 -0.2050 0.5913 0.4971 0.5800 0.6244 0.0662 0.2920 -0.0406 -0.4010 
-33.1431 0.2266 0.4650 0.4515 0.1463 0.1632 -0.0796 0.0011 0.2116 -0.0932 0.5126 0.3193 -0.1750 
-inf -inf -inf -inf -inf -inf -inf -inf -inf nan nan nan nan 
-inf -inf -inf -inf -inf -inf -inf -inf -inf nan nan nan nan 
-25.8497 0.0091 0.5270 0.3970 -0.0576 0.5889 0.3910 0.0809 -0.3756 -0.0440 -0.5498 -0.6985 -0.4007 
-23.8717 0.1659 -0.0800 0.0707 -0.4425 0.0616 0.0452 0.2851 -0.7388 -0.4239 0.0534 -0.1596 -0.3126 
-21.1309 0.4856 0.1752 0.2247 -0.0225 0.0815 0.2590 0.4432 0.0054 0.0829 0.2605 -0.1931 -0.0405 
-inf -inf -inf -inf -inf -inf -inf -inf -inf nan nan nan nan 
-15.8798 -0.0286 0.1240 -0.6633 -0.4018 0.5581 0.4042 0.0653 0.1708 0.1346 -0.0931 -0.2984 -0.7658 
-14.4049 -0.6834 -0.4686 -0.7603 -0.1085 0.6338 0.9069 0.5888 0.3301 0.1616 0.4819 0.1241 -0.1021 
-10.4537 0.2993 -0.2628 -0.0208 0.2261 -0.0359 0.0035 -0.1289 -0.3145 -0.2550 -0.3134 0.1557 0.0607 
-8.6948 0.1974 -0.4881 -0.9806 0.1813 0.2656 0.1104 0.3145 -0.0280 -0.0480 0.6680 0.3479 0.4737 
-6.6327 0.1915 -0.1920 -0.2184 0.3621 0.1136 -0.1389 -0.0380 0.1378 0.1169 0.1955 0.0514 0.5003 
