nan nan nan nan nan nan nan nan nan nan nan nan nan 
nan nan nan nan nan nan nan nan nan nan nan nan nan 
nan nan nan nan nan nan nan nan nan nan nan nan nan 
nan nan nan nan nan nan nan nan nan nan nan nan nan 
nan nan nan nan nan nan nan nan nan nan nan nan nan 
13.6129 -0.7593 0.4005 -0.6423 -1.6468 1.3141 -0.2515 -0.4371 -0.5396 -0.0093 -0.9019 -0.2608 0.2772 
13.4054 -0.1713 0.2492 -1.7871 -1.6334 0.3864 -0.1685 -0.2146 -1.0923 -0.6575 -1.6896 -0.2203 0.4565 
13.8506 0.6088 0.4675 -0.9225 -0.1022 -0.0345 -0.3564 -0.3285 -0.4539 -0.1831 -0.3260 -0.2482 -0.0262 
13.1312 -1.2573 1.5429 -0.5992 0.6835 -0.3243 -0.9485 -0.2563 -0.3018 -0.4388 -0.5445 -0.5008 0.0859 
15.7653 0.4770 1.3224 -1.7831 -1.2255 0.4604 -1.8130 0.5081 -0.6579 -0.1166 -0.4685 -0.0868 0.1518 
13.7247 -2.2564 -0.2116 -2.1037 -1.1182 0.7581 0.3497 0.0238 -0.7320 -0.6127 -0.4577 -0.6010 -0.2128 
14.7663 -0.5273 0.4754 -1.4086 -1.0048 -0.3816 -0.8712 -0.2542 -0.1759 0.1802 -0.7617 -0.3494 0.0341 
14.4456 -0.3679 0.3193 -0.4073 -0.0789 -0.3956 0.2276 0.2093 -0.5051 -0.2541 -0.4221 -0.5723 0.4855 
14.0195 -0.7209 -0.5307 -1.2273 -0.3055 0.1183 -0.3019 0.2367 0.0803 -0.5227 -0.1628 -0.3462 0.1147 
13.9520 -0.4365 0.4707 -0.8303 -0.7998 -1.3433 -0.2506 -0.1946 -0.3191 0.6024 -0.1579 -0.9779 0.2699 
13.1913 -1.5156 -0.0894 -1.1202 -1.0490 -1.0158 -1.1784 -1.3262 -0.5938 -0.4208 -0.3427 -0.4419 -0.2660 
13.1291 -1.1077 0.3280 -1.0480 -1.5917 -0.1258 -1.2787 0.9076 0.2670 -0.0211 -0.0352 -0.4082 0.0101 
15.0315 -1.0231 -0.3081 -0.5004 -0.4707 -0.2169 0.1219 -0.8404 -0.9718 -0.1000 0.5397 0.0224 -0.0323 
13.8971 -0.6443 1.5018 -0.5105 -0.9916 0.2235 -1.1388 -0.1925 -0.8207 -0.6120 0.1551 -0.3310 -0.4478 
15.2563 -0.6375 1.1098 -1.4087 -0.6696 -1.0668 -0.5893 -0.2064 0.1444 -0.0936 -0.3587 -0.2801 0.0614 
14.4775 -0.7338 0.0659 -0.5959 -0.9806 0.7201 -1.1165 0.5088 -0.2327 0.0157 0.1591 -0.6479 -0.2172 
14.6366 -0.7463 0.8595 -1.2584 -0.5425 -1.2895 -1.9274 -0.7343 -0.6731 -0.0347 -0.2233 -0.1548 -0.1168 
14.5503 -0.5758 1.2259 -0.2765 -0.6320 -0.7481 -0.4742 -0.3681 -0.5753 -0.4170 -0.0734 -0.3763 0.0439 
20.3611 -2.1677 -2.4085 -1.8136 0.6919 -0.0902 0.0818 0.1482 0.0461 -0.1160 0.7236 0.2725 0.0216 
20.0238 0.4780 -0.6552 -1.4213 0.1523 -0.6189 0.0149 0.9000 0.1647 -0.1857 -0.0628 -0.7525 0.1065 
28.9873 1.5321 -4.9568 -2.3683 -1.5178 -0.4810 0.2449 1.8388 1.6465 -1.1208 -0.5952 -0.2882 -0.7351 
28.9576 2.6070 -4.7001 -1.3639 -1.0089 -1.3010 -0.1880 2.5688 2.1712 -0.5842 -1.2242 0.4909 -0.1022 
29.7753 2.2711 -4.4353 -1.8300 -1.1679 -1.4348 0.0415 2.5988 2.6353 -0.3950 -1.1191 0.6749 0.5945 
28.8395 2.8246 -5.6950 -1.6603 -1.2266 -1.4254 -0.0030 2.3155 2.9620 -1.2076 -1.1865 0.2311 -0.1487 
29.7108 1.4726 -4.2593 -1.5517 -0.9069 -1.7259 0.2683 3.0784 3.2300 -0.7997 -2.3504 -0.0424 0.0334 
29.9507 0.2127 -4.9982 -1.9961 -1.3116 -0.9268 0.8303 2.6372 3.5645 -0.2692 -1.6783 -0.2271 -0.3130 
29.7313 1.7336 -4.9167 -1.3346 -1.7785 -1.3761 0.6537 1.5867 3.5670 -0.4413 -1.4247 0.1623 0.5458 
29.1561 1.5085 -4.0791 -2.1187 -1.4563 -0.5886 1.0589 1.4672 3.0082 0.2926 -1.5672 -0.3819 0.1555 
28.3098 1.4440 -3.5626 -2.3863 -1.6987 -1.1571 0.8899 1.7362 2.6509 0.1557 -1.2743 0.2539 0.3296 
28.0630 1.8310 -3.8562 -1.3882 -1.9719 -1.4441 0.8212 2.2366 3.0463 -0.5979 -1.3784 0.3923 0.2727 
26.9236 2.2483 -4.3993 -2.0397 -1.0894 -2.6185 -0.2924 3.6326 2.3058 -0.5597 -2.0478 0.5700 0.8321 
28.0740 2.5091 -4.8933 -2.3555 -1.5386 -1.2672 -0.0172 1.6501 1.7326 -0.4787 -0.6475 0.4932 0.3061 
25.3825 2.5709 -2.9424 -1.5404 -3.0555 -0.5120 -0.2175 2.0906 1.6645 -1.4671 -1.6429 0.5011 -0.4971 
24.4488 -0.4151 -4.4705 -2.9135 -2.2686 -0.5688 -0.4387 2.2297 2.0079 -1.3617 -1.4462 -1.1458 -0.8740 
22.4860 1.6550 -2.6946 -2.3604 -2.0967 -0.9664 -1.3318 0.6777 0.9649 -0.8037 -1.5680 -0.0374 -0.5598 
22.3771 1.1127 -3.3546 -1.8275 -1.8447 -1.3570 -1.2156 0.9547 0.6673 -0.8403 -1.4811 0.1239 -0.2853 
19.5782 0.3608 -1.7539 -2.0875 -0.6303 0.2884 -0.3196 1.3049 2.0083 -0.8505 -0.6225 -0.1010 -0.4898 
19.2441 -0.1046 -1.4267 -0.9958 0.0860 -0.2180 -0.8145 0.2036 0.2333 -1.0683 -0.6012 0.3209 0.0552 
15.7583 -1.3208 -1.2854 -1.1794 -1.9830 -0.9529 -0.7340 0.0483 -0.9875 -0.9203 -1.3373 -0.9590 0.4354 
16.2416 -1.4161 -0.3506 -1.3280 -0.4320 -0.5028 0.0490 1.0193 1.2086 -0.8425 -1.3993 -0.1355 1.6420 
16.3524 -0.6956 -1.5145 -2.2735 -1.7723 -0.8566 -0.6525 0.8087 0.4215 -1.0719 -0.6312 -0.1457 0.4430 
16.2462 0.2188 0.0480 -0.4257 -1.2489 0.6082 -0.1490 0.3829 0.1706 -0.2781 0.0253 0.1438 0.0287 
5.0965 -1.2105 0.3045 -0.1540 -1.1920 0.6808 -0.0579 0.0400 -0.0982 -0.2253 0.1192 0.0511 0.0510 
-6.1711 -2.7906 0.5622 0.0319 -1.2123 0.7371 0.1240 -0.0806 -0.2373 -0.2717 0.1733 0.0198 0.0714 
-17.4845 -4.5989 0.8371 0.0889 -1.2377 0.7652 0.4002 -0.1464 -0.3800 -0.3929 0.2014 0.0162 0.0783 
-28.7156 -6.7028 0.9845 -0.0083 -1.0807 0.8184 0.7086 -0.2082 -0.5087 -0.5803 0.0638 -0.0347 0.1048 
-39.9875 -9.2246 0.7207 -0.0822 -0.4016 1.2657 1.1026 -0.3028 -0.7665 -1.0801 -0.5689 -0.3370 0.3002 
-50.2593 -10.8056 0.6255 -0.7230 -0.7919 0.6062 0.8723 -0.2400 -0.2419 -0.4333 -0.2439 -0.3190 0.0493 
-60.3544 -12.2098 0.7652 -1.0219 -0.8709 0.2218 0.8068 -0.2080 -0.0107 -0.0343 0.0394 -0.1575 0.1214 
-70.3795 -13.5629 1.0169 -1.1132 -0.7567 0.0704 0.9867 0.0358 0.2926 0.4983 0.6463 0.4633 0.7370 
-79.6784 -13.9029 2.3889 -0.0213 0.3317 0.5241 1.2411 -0.2466 -0.6330 -0.6193 -0.3569 -0.1753 0.5472 
-88.2928 -13.6775 3.5559 0.1498 0.0635 -0.2791 0.8771 -0.1215 -0.3526 -0.1917 0.0699 0.0408 0.3445 
-95.5447 -12.1685 5.1052 0.5765 0.2209 -1.0633 -0.2045 -0.7259 -0.2696 0.3026 0.3167 -0.2595 -0.2548 
-97.3285 -6.8343 4.5417 -1.7117 0.8125 0.0015 -0.3009 -0.7544 -0.1088 -0.2388 -0.1625 0.1842 0.3376 
-98.9319 -3.4751 2.2025 -2.7336 1.2910 0.2705 0.5724 -0.3452 0.1000 -0.1246 -0.3122 0.0923 -0.0799 
-99.1582 -0.9038 1.1265 -1.3854 -0.0513 0.0178 0.3639 -1.1040 0.0933 0.3323 -0.4625 -0.9231 0.0243 
-inf -inf -inf -inf -inf -inf -inf -inf -inf nan nan nan nan 
nan nan nan nan nan nan nan nan nan nan nan nan nan 
-92.6298 -0.9157 -0.5594 -0.7057 0.9550 1.3664 0.6003 0.8857 0.6150 -0.3743 -0.4970 -0.9022 -0.7341 
-88.4122 -0.1968 -0.9713 0.2084 -0.3637 0.6792 -0.0036 0.5184 -0.0274 0.1984 0.0586 0.0124 -0.0670 
-85.5500 -0.8294 -1.1878 0.2874 0.3895 -0.1260 0.3906 -1.1316 -0.5158 -0.3195 -0.1141 0.3408 -0.0767 
-83.6806 -0.1187 -1.1387 0.0062 0.6275 0.4175 0.4223 0.4821 0.0716 0.0607 0.2518 0.2074 0.8284 
nan nan nan nan nan nan nan nan nan nan nan nan nan 
nan nan nan nan nan nan nan nan nan nan nan nan nan 
-75.9888 0.2366 0.0615 -0.2753 0.2983 0.1980 -0.1853 -0.9656 -1.0118 -0.1385 0.0764 -0.0090 -0.3148 
-73.8536 -0.6961 -0.6398 -0.5422 -0.8894 0.5722 0.3561 -0.2372 -0.3789 0.2767 -0.0359 -0.0058 -0.9692 
-71.5421 -0.8108 0.0431 -1.0553 -0.7462 0.4814 -0.8318 -0.3972 -0.4279 -0.6413 -0.4079 -0.2171 -0.7646 
-67.8336 0.1014 0.5806 -0.0849 -0.2516 0.3067 -1.0880 -0.7183 0.4617 0.2104 0.3391 -0.4505 -0.2421 
-65.0811 0.5404 0.5539 -0.5116 -0.2335 -0.3807 -0.3449 0.4214 -0.4446 -0.8480 -0.2618 0.4457 -0.1455 
-63.1726 0.1502 -0.1684 -0.7219 0.4972 0.4379 0.7242 -0.3389 -0.2753 -0.6715 -0.3409 -0.1888 -0.2570 
nan nan nan nan nan nan nan nan nan nan nan nan nan 
nan nan nan nan nan nan nan nan nan nan nan nan nan 
nan nan nan nan nan nan nan nan nan nan nan nan nan 
nan nan nan nan nan nan nan nan nan nan nan nan nan 
nan nan nan nan nan nan nan nan nan nan nan nan nan 
nan nan nan nan nan nan nan nan nan nan nan nan nan 
-44.9872 0.4993 2.4058 0.2307 -0.4326 0.8608 0.2887 -0.2809 0.4817 0.3326 -0.6613 0.0366 0.5460 
nan nan nan nan nan nan nan nan nan nan nan nan nan 
-39.6780 -0.2316 -0.6635 0.0532 0.1803 -0.5272 -0.7598 -0.6564 0.7615 0.6538 0.2563 -0.6757 -0.0587 
nan nan nan nan nan nan nan nan nan nan nan nan nan 
-34.4711 0.9315 -0.2392 -0.1389 0.4156 0.0597 0.1913 0.0017 0.1972 -0.2777 -0.1176 0.8570 -0.4467 
nan nan nan nan nan nan nan nan nan nan nan nan nan 
nan nan nan nan nan nan nan nan nan nan nan nan nan 
nan nan nan nan nan nan nan nan nan nan nan nan nan 
nan nan nan nan nan nan nan nan nan nan nan nan nan 
-21.2016 0.0812 -0.5288 0.1085 -0.8449 0.0918 1.2441 -0.4050 -0.4573 0.0694 0.4314 0.4159 -0.1733 
-20.1477 -0.1942 0.6528 0.4635 -0.1010 -0.7145 -0.7484 -0.4433 0.6443 -0.0238 -1.1474 -0.9532 0.4074 
