16.0048 -0.6231 0.6018 -0.6164 -0.7673 0.2001 -1.0068 -0.9084 -0.4573 -0.0982 -0.3265 -0.1436 0.0724 
15.9080 -1.0580 1.3136 -1.1812 -1.8608 -0.1498 -0.1210 -0.6362 -0.8396 -0.0323 -0.7005 -0.5198 0.0035 
17.0153 0.0705 1.4538 0.6180 -1.5322 -0.4894 -1.0868 0.2943 -0.3912 -0.0762 -0.2301 -0.3502 0.1830 
17.1302 0.5459 0.6348 0.6427 -1.7948 -0.4467 -0.8183 -0.0555 -0.5596 -0.4760 0.2317 -0.4730 0.9375 
18.8355 -0.2082 0.9322 -0.6886 -1.0264 -0.6502 -0.1022 -0.6685 -0.5137 -0.4498 -0.4158 -0.5986 0.3211 
17.4468 -1.3697 1.3084 -1.2039 -0.4479 0.4468 -0.3056 -0.7656 -0.5149 -0.7888 -0.9286 -0.3591 0.6177 
17.5017 1.9044 1.5515 -0.6246 -1.2754 0.0922 0.0354 -0.5179 -1.2933 0.2731 -0.8580 -0.0924 0.2695 
18.8838 0.5321 1.4619 -0.9855 -1.8658 -0.3104 -0.2973 -0.4527 -0.0652 -0.7164 -0.4248 -0.4296 0.2318 
18.9941 -1.1288 0.6412 -0.0161 -0.8147 -0.7126 -0.6898 -1.0153 -0.9148 -0.7374 0.4070 0.6471 -0.3585 
18.2455 -1.9296 -0.8459 -1.0880 -3.0533 -0.8957 -1.3186 -1.0846 -0.8859 -0.3114 -0.8528 -0.7734 -0.7222 
19.3166 -0.4575 -0.0347 -0.5546 -2.2182 -0.0062 -0.1077 -0.2162 -0.3000 -0.3849 -0.0924 0.1450 -0.1665 
18.1853 -1.2740 0.3933 -1.3822 -1.3864 -0.7678 0.1588 -0.0949 0.1648 -0.6819 -0.7283 -0.1327 0.6377 
18.4341 0.0597 0.3545 -0.9896 -1.3343 -0.2850 0.4181 0.5919 0.1908 -0.3079 -0.5949 -0.2939 -0.1677 
18.7454 0.0261 0.6073 -0.4629 -0.8358 0.9591 -0.4990 -0.4913 -0.2069 0.2729 0.2684 -0.5781 -0.0847 
18.4395 -0.1370 0.5651 -1.1984 -1.7847 -0.0020 -0.4359 -0.9695 0.2585 0.2871 0.0696 -0.0504 0.3102 
18.4468 0.2609 0.2131 -0.5952 -1.4120 0.5041 -0.8016 0.3326 -0.5008 -0.8765 0.2451 -0.3898 -0.0276 
18.2716 0.7836 0.1916 -1.5501 -1.4525 0.4691 -0.3780 -0.7106 -0.0479 0.1432 -0.9365 -0.6062 0.2354 
18.1894 -0.8142 1.1881 -0.5286 -1.9154 -0.5446 -0.9077 -0.3735 -0.1818 -0.7879 -0.4144 0.1004 0.1499 
18.9258 -1.4618 0.1170 0.0076 -0.0322 -0.2022 0.1170 0.5890 -0.2269 -1.3632 0.0478 -0.5371 0.3716 
19.0997 -0.9913 0.1066 -1.9484 -1.5712 -0.9571 -1.3162 -0.7031 -0.3491 -0.5650 -0.6805 -0.4268 0.3481 
18.4569 0.7259 1.0254 -0.6894 -2.0867 0.2633 -1.2173 0.1168 -0.1211 -0.8749 0.1158 0.2281 -0.4495 
18.8176 -0.0134 0.3724 -0.9063 -0.1789 -0.2532 -0.7825 0.2416 -0.1281 -1.1789 -0.0631 -0.2718 -0.1866 
18.9989 -0.5346 1.0974 -0.7062 -1.5786 0.0748 -0.5837 0.1569 -0.3270 -0.2597 -0.5954 0.0256 0.7014 
19.7548 0.2845 0.8458 -0.4619 -1.4236 -0.0491 -0.7134 0.3383 0.5372 -1.2201 -0.4465 -0.3246 0.2306 
20.1472 -0.5772 -0.7987 -0.7080 -1.9314 -0.6671 -1.5740 -0.6266 -1.1344 -0.8652 -1.1649 -0.3246 -0.4325 
19.9662 0.8389 1.6420 -0.5162 -1.4829 -0.3057 -1.4124 -0.0173 -0.5535 -0.9076 0.1722 0.1831 0.1574 
19.5004 1.3705 0.5442 -0.9334 -1.9018 -0.0815 -0.1850 -0.0869 -0.8379 -0.7383 0.3263 -0.4141 -0.2271 
19.3621 0.3664 1.2443 -1.2101 -1.0631 -0.0412 -0.6551 -0.3205 0.1589 -0.3246 -0.1856 0.2694 -0.2912 
19.5584 -0.3116 -0.3646 -0.2227 -0.2750 0.6584 -0.5267 -0.8067 -0.8484 -0.0400 0.0301 -0.3260 0.1639 
18.8069 -0.7901 0.1125 -0.3328 -1.4300 -0.6899 -1.1428 -1.7155 0.0328 -0.7200 0.3686 0.1348 0.0080 
19.1301 -0.7086 0.3938 -1.6930 -1.4281 0.2625 -1.1351 -0.1830 0.6194 -0.4438 -0.5335 -0.4624 -0.1300 
19.0097 -0.7689 -0.0634 -0.6031 -0.5868 0.8898 0.1132 -1.1447 -0.1030 -0.5687 -0.8464 -0.0845 -0.1995 
19.7289 -0.5982 0.5872 -0.2382 -1.4386 -0.1341 -0.2123 0.2218 0.2062 -0.2962 -0.7510 -0.5132 0.1469 
17.5361 -0.3261 0.6095 -0.4483 -0.5629 0.9345 0.4585 -0.6709 -0.6257 0.6754 0.1091 0.0924 0.0642 
17.9762 -0.6196 0.5645 -1.7403 -0.9459 0.9912 0.3352 0.5940 0.3231 -0.6480 -0.4062 -0.3063 0.2831 
18.9158 -1.6518 -0.9207 -0.4702 -1.0414 0.4489 0.6241 -0.8851 -0.5537 -0.9911 -0.0176 0.0894 0.1974 
19.6845 -1.5973 1.3840 -0.2211 -0.5411 -0.2982 -0.2707 0.0426 -0.4840 -1.0458 0.5255 0.0859 -0.0329 
18.8742 -0.5359 0.2440 -1.2548 -0.9837 0.4825 -0.5490 -0.6040 -0.1280 -0.2722 0.6078 -0.1207 -0.3250 
18.7930 -0.9762 1.0836 -0.2638 -0.8475 0.2256 -0.5637 -0.0486 -0.5512 0.1778 0.0365 -0.2400 -0.2356 
19.3292 -0.8443 1.1584 -1.0424 -2.2020 -0.5444 -0.9247 -0.1161 -0.1698 -1.1671 -0.0044 0.2456 -0.1896 
18.6739 -1.9212 1.7255 -0.5540 -1.2185 0.2006 0.3577 -1.0353 -0.5429 -0.3385 -0.9197 -0.5285 0.5777 
19.6425 -1.0683 -0.2577 -1.3734 -0.9942 -0.0447 -0.7219 -1.0296 -0.5904 -0.8899 -0.2408 -0.7333 0.5175 
21.0359 -0.9522 -0.9504 0.1610 -0.2465 0.3941 -1.6259 -0.8162 -1.1054 -0.8912 0.7875 0.0033 -0.2058 
20.4505 -0.5225 0.2798 -0.3110 -1.2694 0.2644 -1.0776 -1.0225 -0.3358 -0.0772 0.3431 -0.0213 -0.1787 
18.7218 -1.2382 1.8872 -0.7939 -1.5047 -0.2510 -0.0262 0.5171 -1.0186 0.1796 -0.9436 -0.4047 0.4377 
19.8633 -1.4859 0.9063 -1.3484 -1.3333 0.0695 -0.0021 0.4902 -0.5186 -0.6888 -0.2898 0.0754 0.3320 
19.6885 -0.2358 1.3946 -0.3984 -1.0167 0.5147 -0.1433 -0.5339 -1.0034 -0.1854 -0.2568 -0.7120 0.7167 
19.8857 0.2187 0.9464 -0.7363 -0.4177 -1.0221 -0.6622 -0.4571 -0.3124 -0.3250 -0.2651 -0.7123 0.3596 
18.9779 -0.7015 0.9529 -1.4971 -0.9494 -0.3357 -0.2132 -0.6749 -0.5479 -1.0423 -0.6431 0.0478 -0.1226 
19.6376 -0.0921 0.9149 -1.5407 -0.8441 0.0332 -1.3131 -1.0007 -0.2027 -0.1687 -0.0898 -0.4150 0.0784 
18.7380 -0.8847 0.8373 -0.1935 -0.6276 -0.2823 0.0286 0.1081 -0.8650 -0.7850 -0.2448 0.0685 -0.1842 
19.5817 -0.2041 1.4078 -1.6940 -2.4503 -0.5419 -0.6232 -0.3878 -0.4617 -0.0195 -0.5724 -0.4301 0.1483 
20.3926 -0.0881 0.9053 -0.7239 -0.3690 -0.7005 -0.5879 -0.2573 -0.0499 -0.7011 -0.3339 -0.2236 -0.2888 
20.7644 -0.8267 1.0813 -0.5065 -0.1117 -0.8191 -0.4931 0.1511 -0.3415 -0.1440 -0.7264 -0.3246 0.1882 
20.2536 -0.8549 1.6465 -0.1407 -0.6622 -0.3688 -0.7521 0.3371 -0.2172 0.0797 -0.8430 -0.7205 0.3634 
19.4744 -0.9161 1.2896 -1.2310 -0.9239 0.3421 -0.0203 0.0044 0.0998 0.6479 -0.1724 -0.0596 0.0214 
19.3099 -1.0020 2.3801 -0.5150 -1.4691 -0.6312 0.0198 -0.0872 0.2135 0.4243 -0.7213 -0.6806 0.2933 
19.0874 -0.9222 0.0265 -0.2329 -0.5668 0.2377 -0.4042 0.1154 0.1804 -0.3363 -0.2977 -0.8309 0.4358 
20.0378 0.5476 0.4138 -0.0825 -1.0615 0.0718 -0.8090 -0.2763 -0.1933 -0.0422 -0.3335 -0.2932 -0.0925 
18.9386 0.2330 1.1510 -1.0462 -1.0304 -0.5740 -1.1356 -1.6061 0.4368 0.3311 -0.8275 0.0164 0.5998 
16.7210 -0.7707 -0.1409 -1.1337 -0.3739 -0.4496 -0.8233 -0.7477 0.1269 0.3738 -0.6191 -0.7197 0.1230 
18.2968 -0.1295 -0.5917 -0.8811 -0.9190 -1.2702 -0.4959 0.2072 0.2204 0.1519 -0.0953 -0.1557 0.8834 
18.7475 0.0367 -0.2789 -1.1782 -0.9679 -0.2176 -0.0741 0.2415 0.3107 0.3169 -0.0209 -0.8834 -0.6055 
18.5577 -0.8642 0.4331 -1.6557 -1.3068 -0.8230 -0.1120 -0.5414 -0.1127 -0.1275 -1.2127 0.0891 0.2274 
21.0907 -1.1157 -2.7067 -1.0030 -0.3717 -1.2900 -0.9620 0.0963 -0.4924 0.1736 -0.1280 -0.5029 -0.1291 
21.8483 -0.4974 -1.5992 -0.0602 -0.4137 -0.9148 -0.1565 -0.2423 -0.1526 -0.6653 0.4458 -0.9208 0.0710 
20.0822 -0.4836 0.0928 -0.1024 -0.7466 -0.5938 0.1639 -0.9341 -0.1511 -1.1418 -0.0993 0.0230 -0.5367 
18.6901 -0.1083 0.8683 -0.0793 -0.6205 -0.5685 0.2730 -0.8090 -0.2906 -0.9698 -0.5445 -0.6852 0.3011 
19.3561 -0.5346 0.1237 -1.3268 -1.6444 -0.0467 -0.8322 -1.3476 -1.0036 -0.6980 -0.6838 -0.6444 0.0867 
20.2399 -0.2431 1.0710 -0.3310 -2.5644 -0.0610 -0.9793 0.2301 0.1705 -0.6526 -0.4376 -0.4956 0.3391 
19.0288 -1.1372 -0.4888 -1.5692 -1.0858 -1.0975 -1.2401 -0.8422 -0.9341 -0.2176 0.1427 -0.7288 -0.1986 
18.6341 -1.0002 -0.7294 -0.0583 -1.0738 -0.3545 -0.1803 -0.5221 0.3491 -0.4310 0.2649 -0.9288 -0.2909 
18.3537 0.4491 -0.0823 -1.3776 -1.0497 -1.1373 -0.9587 -0.0120 -0.1265 -0.3709 0.3092 -0.2553 -0.4385 
19.5547 -0.1108 -0.3753 -1.6239 -0.9870 -0.3480 0.1443 -0.3704 -0.5278 -0.2011 -0.3522 -0.1307 0.0201 
18.0701 -0.3801 0.0578 -0.9266 -1.3606 -0.0895 -0.8256 -0.5918 0.4719 -0.2930 -1.1099 0.0698 -0.3399 
18.7367 -0.4739 0.5921 -0.9257 -0.1063 -0.4014 0.1174 -0.2014 0.0287 -0.3713 -0.1678 -0.2421 -0.3518 
19.6422 -0.3272 1.6428 -2.1609 -0.4743 0.1124 -0.2854 -0.4316 -0.2830 0.3980 -0.0235 -0.6663 0.1106 
19.4274 -1.2830 0.9080 0.0607 -0.7074 -0.2831 -0.4385 -0.2591 -0.5750 -0.4416 0.7330 -0.2303 -0.1408 
19.4026 -0.7700 -0.1967 0.1078 -1.2747 0.2342 -0.4147 -0.3560 0.0479 -0.1259 -0.0563 0.2850 0.0589 
19.4348 -0.7268 0.5906 -0.6970 -0.6667 -0.6961 -0.1320 -0.1912 -0.1831 -0.4167 -0.0027 -0.2747 -0.1690 
18.4911 -0.2576 1.2251 -0.2128 -1.7025 -0.6815 -0.0297 -0.2047 -0.5835 -0.4358 -0.3357 -0.6346 0.2686 
19.8186 -0.1298 -0.3167 -1.0999 -1.2436 0.3213 -1.0189 -1.1938 -0.2138 0.0529 -0.0828 -0.6057 -0.0650 
20.1046 -0.6970 0.6128 -0.4896 -1.4932 -1.1556 -0.7713 0.1309 -0.6163 0.1536 0.0858 -0.8121 -0.2436 
19.6998 -0.3332 0.7795 -1.2640 -1.1666 0.3073 0.2175 -0.7597 -0.4789 -0.2327 -0.1804 -0.7480 0.1703 
18.7517 -0.1048 1.2800 0.1679 -1.5368 -1.0089 -0.8132 0.0607 0.4512 -0.2969 -0.1696 -0.8709 1.1020 
18.5739 -0.1418 1.7419 -0.1722 0.0627 -0.8373 -0.8936 1.1248 -0.3538 -0.6972 -1.2606 -0.5466 0.5803 
18.3675 -0.3946 1.1414 -0.6742 -0.2232 -0.2310 -0.3420 -0.5305 -0.4219 -0.8717 -1.0001 -0.5885 0.4884 
18.0789 -0.8795 1.3887 0.1544 -1.3171 -0.3357 -0.7099 -0.6330 -1.2438 -0.2993 -0.0019 -0.2381 0.3381 
17.6776 -0.2930 0.2893 -0.0808 -1.3053 0.0394 -1.2645 -0.7593 -0.8695 -0.3868 0.1241 -0.3386 0.0479 
17.4292 -0.3045 1.1324 0.8065 -0.1203 0.2012 0.1861 -0.7818 -1.0151 -0.6055 -0.7956 -0.6764 -0.0021 
17.5270 -0.6683 1.6145 -0.3250 -0.7153 -0.6444 -1.2239 0.0063 -0.1880 -0.7038 -1.1240 -0.4233 0.9968 
21.3593 -0.6958 -1.1133 -2.5853 0.7648 -0.8953 -0.2498 -0.5199 -0.8894 -0.4792 0.0031 -0.1897 -0.3773 
27.7897 -2.7181 -1.5882 -2.1772 0.0645 0.1924 -0.3778 -0.2046 -0.8807 -0.2721 0.1297 -0.9121 -0.0696 
29.6804 -1.6453 -1.3057 -0.6639 -0.2847 -0.6338 -0.5783 0.5511 -0.1420 -0.9047 0.3849 -0.7388 0.0273 
27.2493 -0.5131 -1.5947 -0.9718 -1.7962 0.5616 -0.4868 0.6023 -0.3167 -0.5549 -0.0633 -0.4992 0.5006 
31.5200 0.9050 -5.2265 -2.6976 -1.3185 -1.6190 0.5332 0.5818 -0.4585 -1.1242 0.0836 -0.5226 -0.3134 
32.2383 0.7874 -4.5358 -2.6282 -0.7664 -1.4708 -0.3311 1.9894 1.1950 -0.4277 -0.4581 0.0070 0.1906 
31.6609 0.5697 -4.2777 -2.2990 -0.8267 -2.0048 -0.4677 2.4696 1.4860 -1.0094 -1.6536 0.0655 -0.2205 
31.9754 0.5509 -4.1786 -2.9337 -0.2038 -1.8356 -0.6636 2.3624 1.8882 -0.5296 -0.7068 0.6948 0.0884 
32.9164 0.4893 -4.0704 -2.7803 -0.1190 -1.4460 0.1124 2.0677 2.0866 -0.6879 -0.7550 -0.1412 0.0302 
32.7081 0.3980 -3.2566 -2.5999 -0.6399 -1.5492 -0.0962 1.5601 2.7696 -0.7825 -1.3523 0.0224 0.5011 
32.6550 0.0852 -3.5482 -2.5032 -0.8236 -1.7487 -0.1135 1.1526 2.7258 -0.6041 -1.2740 -0.0755 0.5624 
31.7682 -0.4189 -3.4912 -2.3268 -0.6124 -1.3908 0.6595 1.9233 3.6414 -0.2755 -1.5853 -0.5517 0.5915 
31.4610 -0.3605 -3.9137 -3.4360 -0.6245 -2.4145 -0.3454 1.2850 2.5574 -0.5026 -1.6824 -0.6986 0.6559 
31.5383 0.4715 -3.2587 -3.3682 -0.0716 -1.8504 -0.0234 1.4938 2.6442 0.2733 -1.0488 -0.3176 1.2702 
31.1899 0.1032 -2.7824 -2.8787 -1.1715 -2.0451 -0.5434 0.7779 2.6479 -0.1041 -2.0345 -0.5027 1.5363 
31.2827 -0.0317 -3.7789 -2.7574 -0.9260 -1.4293 -0.1268 0.8234 2.6788 0.4229 -1.1178 -0.1964 1.1257 
30.6723 0.3173 -3.5462 -2.1961 -0.4642 -1.5440 -0.0420 1.3731 2.7116 0.1751 -1.6031 -0.6906 0.8591 
29.7368 0.0588 -4.2433 -1.6913 -0.7385 -1.6271 0.5733 2.0143 3.5764 -0.0837 -1.5210 -0.5435 0.6961 
30.1128 0.1483 -4.6471 -2.2728 -1.1349 -1.5568 -0.0248 1.5118 2.3819 -0.6077 -1.4638 -0.3967 -0.1995 
29.0291 0.2148 -5.4524 -3.1970 -0.6268 -1.2553 -0.0981 2.6451 2.0803 -0.3184 -1.4385 -0.4375 -0.8881 
29.8218 0.9534 -4.9949 -1.9610 -1.1139 -1.3028 -0.1902 2.7059 1.8313 -0.6804 -1.2481 0.1387 -0.1815 
29.0304 -0.4866 -5.5231 -2.0847 -2.7348 -1.6401 0.0216 2.5507 1.8367 -1.1604 -0.4402 0.9907 0.0151 
30.3341 0.4408 -4.2541 -1.2180 -1.7712 -0.3598 0.1435 2.2503 0.6906 -1.9231 -0.1720 0.3905 -0.5159 
29.2449 -0.3790 -3.7559 -0.9205 -2.0144 0.4180 1.1456 1.6883 0.0546 -2.4887 -0.3972 -0.2959 -0.3871 
29.5421 -0.1246 -4.5248 -1.8269 -1.7290 0.0193 0.2881 2.5955 -0.3376 -1.8737 0.1045 -0.0106 0.0475 
29.2274 0.3562 -3.3229 -1.7817 -2.0838 1.1811 0.9165 1.7872 0.2017 -1.8513 0.1789 -0.5477 -0.2783 
28.4897 0.2542 -2.7186 -1.8766 -1.2891 -0.1501 0.6221 1.8152 0.5329 -2.0847 -0.4686 -0.1589 0.3712 
27.4449 0.6901 -3.8682 -2.1102 -1.3882 -1.1536 -0.1948 1.4827 -0.3572 -2.2741 -0.6450 -0.1663 -0.0407 
26.0466 2.0804 -1.9282 -1.7687 -1.5859 -0.6010 0.3052 1.3459 0.2222 -2.3931 -0.1896 0.2524 -0.2902 
25.2532 0.5208 -2.9853 -2.0837 -2.1099 -0.7963 -0.1649 0.7105 -0.0817 -1.3237 -0.2065 -0.2112 0.2326 
22.5593 0.6152 -1.7513 0.0093 -1.2442 -1.4321 -0.6982 0.7534 0.5659 -1.0901 -0.8992 -0.1717 -0.2051 
22.9327 -0.7744 -2.0631 -1.7774 -1.3875 -0.8219 -0.5922 1.4481 0.1344 -0.6453 0.1033 -0.1183 -0.5070 
22.5291 0.8628 -1.4957 -1.9254 -1.3930 -1.2474 -0.2264 0.4573 -0.2547 -0.7671 -0.8230 0.2115 -0.0431 
22.7331 -0.0774 -1.5240 -1.9128 -1.3457 -1.5630 0.2924 1.2007 -0.1767 -0.9243 -0.2036 0.1400 -0.0982 
22.4827 0.2148 -1.3589 -0.8294 0.0274 -0.6809 -0.3522 0.8814 -0.4527 -1.1554 0.0873 -0.0491 0.0141 
21.6531 -0.4771 -1.0788 -1.2429 -0.0672 -1.1188 -0.9845 0.6782 0.1933 -1.4718 -0.7274 0.0714 -0.1864 
20.4060 0.0289 -0.8413 -1.8272 -0.5367 -0.6847 -0.1837 -0.1037 -0.2165 -0.7846 -0.7974 -0.2178 -0.1180 
20.2534 -0.9679 -0.0381 -2.7334 -1.8972 -0.4990 1.0066 0.5838 0.0347 -0.3581 -0.0475 0.2230 0.1496 
20.0936 -0.4527 -0.1838 -0.9816 -0.9360 -1.0351 0.4983 1.1721 0.1847 -0.6715 -0.8797 0.0466 0.2566 
19.3019 0.0345 -0.4141 -1.5821 -0.6246 -0.9360 -1.3504 0.3511 -0.1472 -1.8152 -0.9425 0.0655 -0.1976 
19.7778 0.5981 0.3627 -0.5071 -0.6670 -0.9804 -1.1182 0.0514 -0.0397 -1.0572 -0.0377 -0.3345 0.0076 
18.9936 0.3410 1.2819 -2.3452 -1.0275 -0.1267 -0.2597 -0.1765 -0.6289 -0.8132 0.1760 -0.4329 -0.2789 
19.1361 -0.7175 1.0044 -1.2451 -0.3203 -0.0543 -1.2803 -0.6444 -0.0559 -0.1123 -0.9520 -0.3285 0.3585 
20.4350 -0.3805 0.4901 -1.0078 -1.3058 -0.8637 -0.3633 -0.1260 0.0322 -0.2942 -0.0441 -0.3716 0.2035 
19.7828 0.2767 0.2413 -0.6208 -0.0137 -0.3503 -0.3048 -0.2472 -0.7745 -0.4987 -0.1902 0.2911 -0.0407 
16.9600 -0.2713 -0.3335 -0.9887 -0.6052 -0.4664 -0.4144 -0.6434 -1.0928 0.1009 -0.5817 -0.0723 -0.4663 
18.4346 -0.1131 1.2618 -0.6760 -0.7804 -0.6813 -1.1121 -0.2426 0.0235 -0.4865 -0.2851 -0.0662 0.6770 
19.2397 -0.4434 -0.4484 -0.6864 -1.2549 0.0500 -0.8149 0.2651 -0.5161 -0.4689 0.7520 -0.0893 0.1542 
18.8709 -0.8621 -0.9008 -0.9321 -1.3803 0.7652 0.0736 -0.2130 -0.1375 0.3544 0.0852 -0.4597 -0.5240 
17.4910 -0.2471 0.8150 -1.9286 -1.1382 0.2883 -0.8813 -0.0578 -0.0441 -0.0770 -0.3175 -0.4463 0.4970 
18.2188 -0.5587 1.2068 -0.8884 -1.2931 -0.6516 -0.7420 -0.0350 -0.3248 -0.6860 0.5955 -0.2319 -0.1674 
18.3188 -0.7185 1.1840 -0.0079 -1.4657 -0.9862 -2.2045 0.5669 0.7585 -0.8474 0.1480 -0.1802 0.4123 
18.4572 -0.3682 0.3157 -1.2031 -1.4030 0.7494 -0.2577 0.3774 0.3397 -0.3135 -0.2844 -0.2448 -0.0391 
19.3114 -0.4350 -0.9158 -1.5709 -1.2363 0.7353 -0.5656 0.7033 -0.4384 0.2656 -0.3156 -0.3653 -0.0994 
18.2354 -0.5257 0.8281 -1.0268 -1.4590 0.3976 -0.8193 -0.0214 0.7168 -0.1059 -0.6135 0.1673 0.0214 
18.9344 -0.4577 -0.3012 -0.4548 -0.6882 -0.9616 -0.8113 -0.2813 -0.0979 0.1359 -0.1992 -0.4461 -0.5560 
19.0365 -0.3170 0.7890 0.0976 -1.5128 -0.8201 -0.7684 -0.3389 -0.2953 -0.2069 0.1240 -0.6392 -0.1589 
18.0862 -1.6024 0.4386 -0.5624 -1.1792 -0.1127 -1.5225 -1.3311 0.1171 -0.1999 -0.7007 -0.2067 0.2689 
17.6540 -0.5390 0.3851 -0.0719 -0.5801 1.5689 -0.9785 -0.3582 -1.0232 0.1787 -0.2066 0.0291 -0.3489 
18.2352 -0.6861 0.4168 0.1523 -1.2146 -0.4630 -1.0266 0.1756 -0.2625 0.7213 -0.3318 0.3354 0.5188 
18.0557 0.5086 0.3077 -0.9351 -0.6939 0.8946 -0.7824 0.0074 0.2822 -0.8773 -0.3913 -0.3066 -0.4556 
18.2091 -0.6251 0.3207 -1.1557 -1.6876 -0.2058 -0.0740 0.6695 -0.2740 -0.5608 -0.8419 0.0207 0.1034 
17.0867 -3.6808 -0.7692 -1.2351 -0.9497 0.1461 0.2989 -0.6897 -0.5019 -0.0177 0.4160 0.1539 0.0604 
17.2238 -2.0257 0.2490 -1.5368 -2.6023 0.0682 -0.0914 -0.4060 0.2091 0.4154 -0.5119 -0.9919 0.2987 
18.8339 -0.0379 -0.0505 -0.7698 -1.0850 -0.0346 0.0085 -0.4586 0.0883 -0.2663 0.2789 -0.1207 0.1116 
17.4464 0.4191 0.8750 -1.0053 -0.8780 -0.5978 0.0043 0.0154 -0.4388 -0.0070 -0.2242 0.1523 0.4126 
18.8840 -0.3121 -0.1072 -0.5620 -1.5413 0.1862 -0.2050 -0.0313 -0.7021 0.4136 0.2294 -0.2837 -0.0376 
19.0654 -0.7716 0.3204 -0.1375 -0.1584 -0.1447 -0.4002 -0.6202 -0.1381 -0.1388 -0.0978 0.2639 -0.2296 
17.8869 -0.9720 -0.5113 -0.5581 -1.0311 -0.3343 -0.1109 0.2826 0.0228 0.4617 -0.2864 -0.2841 0.0318 
20.0431 -0.6295 0.3768 -0.1820 -1.0887 -1.1658 -0.8741 -0.1215 -0.1117 0.0538 -0.3379 -0.0647 0.2935 
17.6698 -1.1193 0.4230 -0.7452 -1.5683 0.2984 -0.6496 -0.3675 -0.0350 0.3520 -0.2316 -0.7925 -0.2320 
16.6574 0.2607 2.0365 -0.4414 -3.2260 -0.1116 0.0478 -0.5408 -1.0510 -0.0482 -0.1502 0.3365 0.6337 
17.8433 -0.6570 -0.0488 -1.3157 -1.4673 -0.2544 0.4469 0.5359 0.0479 -0.4514 -0.1386 -0.4742 0.4896 
18.2376 -0.2531 -0.0418 -1.6097 -0.0593 0.1427 -0.7204 -0.6679 -0.5125 -0.3024 0.0492 -0.0901 0.2967 
17.9156 -1.9782 -0.4084 -1.4238 -1.0435 -0.6793 -0.9257 -1.1563 0.0376 -0.4698 -0.3946 -0.3874 -0.5528 
17.5297 -0.3898 1.3457 -0.6481 -1.7019 -0.3408 0.2426 -0.5110 -0.5820 -0.4843 -0.3343 -0.5545 0.2716 
18.2446 0.1521 0.7296 -0.7468 -1.3601 -0.4073 -0.9510 -0.7982 0.2694 0.2656 0.0999 -0.3088 -0.1883 
17.7714 -0.8777 -0.2200 -1.2556 -1.4168 0.5774 0.0285 -0.1281 -0.0826 -0.6083 0.1336 -0.1256 -0.2708 
18.2986 -0.4239 -0.1271 -0.3398 -1.3513 -0.5323 -0.6186 0.1731 -0.0495 -0.2262 -0.7393 0.0847 0.0027 
17.1035 -0.1297 0.3662 -1.5100 -1.2176 0.0788 0.4482 -0.9584 -1.6797 0.5349 -0.3881 -0.6679 0.0795 
16.2234 -0.6243 0.2972 -1.2287 -0.8761 -0.3562 0.0949 -0.2673 0.2784 -0.4856 -0.6427 -0.3954 0.5399 
16.8948 -1.3356 1.1761 -0.1286 -1.6518 0.6042 -0.0415 -0.5410 -0.6367 -0.2427 -0.1060 -0.3320 0.1140 
17.9899 -0.5664 -0.7753 -2.0636 -1.5160 0.2800 -0.3534 -0.7965 -0.5961 -0.0736 -0.7677 -0.8697 0.1710 
17.4432 -0.5320 0.9144 -0.2255 -0.5279 0.0868 -0.5477 0.4253 -0.0429 -1.5122 -0.9280 -1.0947 0.8467 
17.4945 -2.4282 1.2950 0.6106 -0.9675 -0.9468 -1.2601 -0.0684 0.1378 -0.0641 -0.8232 -0.4606 1.0986 
16.4236 0.1552 0.6400 -1.8477 0.0471 0.7710 0.0397 -0.3899 0.5800 -0.0322 -0.0759 -0.5490 -0.5977 
17.3281 -0.2490 -0.2223 -1.2505 -1.5119 0.5660 -0.4525 0.1513 0.2095 0.1724 0.1912 -0.4384 0.0713 
16.1551 -2.4304 -0.1840 -0.3837 -0.3770 -0.9830 -0.0827 0.0211 -0.1623 -0.4825 -0.2173 -0.5667 0.3510 
17.7409 -1.7406 -0.9330 -1.2663 -1.1799 -0.2229 -0.8114 -0.7633 -0.2470 -0.1449 -0.2872 0.3759 -0.2465 
17.5374 -0.6052 -0.0701 -1.7442 -0.9268 -0.1247 -0.3554 0.1074 0.0871 0.2281 0.0247 -0.1621 -0.2107 
16.1889 -0.3620 0.0405 -1.4968 -0.3488 0.4593 -0.0308 -0.2147 0.7494 0.3986 -0.5822 -0.0046 0.0777 
17.6128 0.1606 0.6570 -1.1671 -1.4435 -0.3430 -0.2439 0.1260 -0.1211 -1.0159 0.1293 0.0475 -0.0094 
16.2775 -0.7976 1.9727 -1.3905 -1.4639 0.7693 -0.8779 -0.5188 0.5617 -0.8609 -0.3525 0.4017 -0.2445 
17.3144 -0.7126 1.4832 -1.7871 -0.6284 1.3426 -0.7730 -0.7134 -0.0076 -1.2943 -0.5942 -0.2047 -0.4920 
