20.0026 0.2491 -0.3252 -0.2859 -0.4430 0.0033 0.1578 -0.0484 -0.1967 -0.4080 -0.4101 0.1596 -0.3865 
18.7748 -0.6008 0.0450 -0.2086 -0.5856 0.6279 -0.4178 -0.3813 -0.3379 0.3301 -0.4623 -0.2200 -0.5445 
18.5772 0.1249 -1.4542 -0.9698 -1.0396 -0.0642 -0.0172 -0.3903 -0.7925 0.4087 -0.2136 0.1433 -0.6132 
17.9898 -1.4499 -1.4388 -1.0155 -1.3722 -0.4878 -0.6587 0.1015 0.2208 -0.4722 -0.1623 -0.6438 -0.3685 
18.5560 0.4927 -0.3188 -0.6692 -0.2223 0.4794 -0.5253 -0.4242 -0.7536 -0.4480 -0.3971 0.1514 -0.2431 
19.0072 -0.0876 -0.4292 -1.5125 -0.9482 0.6198 -0.2834 -0.9500 -0.0229 0.0319 -0.2987 0.3083 0.1638 
19.0370 -1.0595 -0.0474 -0.2945 -0.7454 -1.1695 -0.3415 -0.3450 0.9303 -0.2859 -0.6071 -0.3239 -0.2629 
19.6490 -0.6114 -0.9414 -1.0195 -0.7224 -0.1611 -0.8347 -0.3519 -0.1521 -0.0095 -0.1913 0.1189 -0.2388 
19.7678 -0.1039 -0.7389 -1.9631 -0.1336 0.4037 -0.9296 0.1132 -0.1232 -0.1170 -0.2865 0.4718 -0.2425 
19.1419 0.5603 0.9566 -1.4221 -1.5438 0.6646 0.0297 -1.2897 -0.3057 0.1320 -0.0139 0.0124 0.1210 
18.5985 -1.2132 -0.4408 0.0022 -0.6130 0.0566 -0.3965 0.3141 -0.2840 0.0931 -0.0793 -0.1149 -0.6571 
18.5301 -1.2557 -0.7653 -1.2073 -0.2703 -0.5704 0.1347 -0.3760 -0.2080 -0.2094 -0.4649 0.2173 0.2941 
19.3259 -0.6971 0.5940 -1.2363 -0.6949 -0.5213 -0.4874 -0.6175 -0.6285 -0.2925 0.2698 -0.0579 0.2336 
19.1579 -0.5264 -0.5096 -1.9472 -0.8338 -0.9651 0.1565 -0.3834 -0.1518 0.3618 -0.0211 0.5879 -0.2751 
18.4020 -1.4766 -0.3868 -0.8371 -0.0054 -0.2098 -0.1209 0.0509 -0.2082 -0.5183 -0.4169 -0.0030 -0.3538 
19.9116 0.0831 -2.2733 -0.2588 -0.7403 -0.9925 -0.2142 -0.3174 -0.6606 -0.7220 0.0240 -0.2787 0.3390 
17.6779 -1.9836 -2.4676 -2.3203 -1.8960 -0.6572 -1.2052 -1.7989 -0.7495 -1.4228 -1.0367 -0.5719 -0.6711 
19.1916 -0.1998 -1.2471 -1.1986 -0.7776 -1.0535 -0.4055 -0.2923 -0.5829 -0.4998 -0.3751 -0.6519 0.0282 
19.9891 -0.5980 -0.2567 -0.6480 -0.8649 -1.7472 -0.6538 0.0481 -0.2176 -0.4829 -0.5626 -0.0355 0.0843 
18.4776 -0.2198 -0.4425 -1.6025 -0.0275 -0.3716 -0.7274 -0.7976 -0.2806 -0.3190 -0.1311 0.5006 0.1251 
17.6031 -0.4751 0.6725 -0.1374 0.8307 -0.0472 -1.1077 -0.4075 -0.3206 -0.5894 -0.1667 -0.2262 -0.4114 
19.7371 0.1458 -0.0536 -1.2366 -0.6845 0.1354 -0.8175 -0.7534 -0.0834 -0.1784 -0.1916 -0.2134 -0.1636 
17.9781 0.0162 -0.1345 -1.2867 -1.1278 -0.5036 -0.1778 -1.5904 0.0836 0.0649 0.2163 0.5054 0.4719 
17.6756 -0.4423 -0.0618 -0.3330 -0.7817 -1.2117 -0.1779 -0.8732 0.3799 -0.0599 -0.1271 -0.1586 -0.7888 
18.5805 -0.5991 -0.9237 -0.9707 0.6465 0.1784 -0.2765 -0.3209 -0.8080 -0.3846 0.0198 -0.6337 -0.3931 
17.4820 -1.9318 -0.7420 -0.9480 0.4918 1.3373 0.1616 0.4632 -0.2504 -1.8748 -0.6416 0.0151 -0.0168 
19.3269 0.2714 -0.7615 -0.8222 -0.8357 -0.8605 -0.1165 -0.1675 -0.6045 0.4060 -0.5178 -0.3633 0.3718 
19.0000 -1.3896 -1.1632 -0.6679 -0.2130 0.5588 -0.2570 -0.1139 -0.0497 -0.5798 -0.2791 -0.3099 -0.0595 
18.7393 -0.6212 -1.0668 -0.4183 -0.9276 -0.4335 -0.8639 -0.2750 0.4040 -0.2994 -0.1362 0.1582 0.3516 
18.2205 -0.6397 -0.8949 -1.1013 -0.1725 0.0280 -1.0832 -0.9997 -0.2452 -0.2053 0.0871 0.3678 -0.2779 
17.6215 -1.2906 -0.9466 -1.3717 0.0469 0.0420 -0.1004 0.4076 0.4719 -0.6350 0.3026 -0.0845 -0.7521 
18.4776 -0.5519 -0.8084 -1.9512 -1.3200 0.3967 -0.6094 -0.1713 0.6506 0.2203 -0.2925 0.8342 -0.3570 
18.1249 -0.8497 -1.3581 -1.4481 -1.1004 -0.7457 -0.2841 0.1062 -0.1790 -0.2714 -0.1527 -0.6148 -0.1950 
20.0569 0.1844 -1.3079 -0.8663 -0.8458 -1.5477 -0.5331 -0.5400 0.1051 0.0707 -0.6098 -0.2340 -0.1106 
19.6615 -0.5151 -1.5932 -0.2630 -0.7995 -1.2717 -1.1117 -0.9698 -0.2517 -0.2750 -0.3033 -0.0247 -0.3159 
19.0374 -0.4676 -0.7604 -0.1300 -0.1270 -0.1432 -0.9523 -0.7734 -0.2822 0.4183 0.1342 0.3048 0.1194 
19.3504 -0.8749 -1.3016 -0.5029 0.2417 -0.7696 -1.1466 -0.7414 -0.4958 0.4321 -0.3832 0.1422 -0.6316 
17.8332 -1.5188 -0.7830 -1.1454 -1.2772 -0.3822 -0.0106 0.3172 -0.0393 0.0391 -0.3865 0.4757 0.4874 
19.2101 -1.5677 -1.5863 -0.6684 -0.5689 -0.3599 -1.1466 -0.1049 -0.7555 -0.2025 -0.0614 0.2619 -0.1776 
18.5069 -0.1786 0.3861 0.1155 -0.6461 -0.1199 -0.9534 -0.5127 -0.9144 0.1138 0.1571 0.2382 0.0007 
19.2792 0.4372 -0.1265 -1.5793 -1.6755 0.4698 -0.4765 0.1449 -0.5021 -0.3327 0.5301 0.5491 -0.2641 
18.9867 -0.8768 -0.0131 -0.5083 -1.4004 -0.3646 -0.4969 0.8339 -0.8594 -0.1586 0.1678 -0.0750 0.2434 
19.9370 -0.5047 -1.6475 -1.0917 -1.3726 0.0700 0.0181 -0.7151 -0.3469 -0.2568 -0.1091 -0.1534 0.2866 
18.7641 -1.9052 -0.8239 0.6783 -0.3636 -0.3443 -0.4122 0.2159 -0.3915 -0.1290 0.0302 0.3534 -0.3349 
18.3119 -1.6566 -1.2752 -1.8459 -2.1881 -0.4161 -1.1125 -1.3859 -1.2692 -0.3230 -0.2777 -0.6150 -0.3306 
18.9619 -0.7932 0.3437 -1.5077 -1.0469 0.4319 -0.2028 -0.4855 1.0293 -0.6835 -0.2092 0.6675 -0.0418 
19.1203 1.0755 -0.4738 -0.5855 -1.2393 0.0959 -0.5714 -1.1494 0.2170 0.5389 -0.4197 0.1598 0.3043 
20.1180 -0.8395 -1.3250 -0.8320 -1.4317 -0.4609 -0.5458 -0.5130 0.2850 -0.2766 0.3351 0.3267 -0.4325 
19.4469 -0.4107 -0.6559 -0.1595 -1.7433 -0.3254 -0.4511 0.3007 -0.2179 -0.7819 0.5417 0.5193 -0.6378 
19.7397 -0.4147 -1.5027 -1.1827 -0.4879 0.1903 -1.3022 -0.7191 -0.8349 0.1890 0.4659 0.2900 0.0702 
18.7006 0.0808 -0.0143 -1.2650 -0.4026 0.1445 -0.2590 -0.8014 -1.2194 -0.0246 0.1871 0.1757 -0.0446 
18.9494 -2.1309 -1.4719 -1.4814 -1.3733 -0.7510 0.1722 0.0786 -0.5689 -0.0013 -0.2163 0.5150 0.2654 
18.7424 -0.2345 -0.5036 -1.3378 -1.8009 -0.1953 -1.1295 -0.0925 -0.7577 0.3095 0.4158 0.2153 -0.1781 
18.3546 -0.2331 -0.0636 0.0201 -1.3096 -0.0045 -0.6123 -1.0820 -0.3096 0.7104 -0.1803 0.0094 -0.0847 
19.2294 -0.8021 0.0271 -0.4122 -1.2108 -1.1402 -0.6693 -0.3251 -0.1154 0.1001 -0.6560 -0.2520 0.0026 
19.0969 -0.7995 -0.8327 -1.5478 -1.5738 -0.7996 -0.1925 -0.4002 -0.7414 -0.3967 0.1960 0.1087 -0.0474 
18.0161 -0.9327 -2.2270 -1.1379 -1.6146 -0.7373 0.4894 0.3676 -0.0266 -0.3002 0.3398 -0.1267 -0.7579 
18.8005 -0.8082 -1.4360 -1.9441 -0.7282 -0.5181 -0.2094 0.4822 0.1032 -0.2993 0.1033 -0.7566 -0.5187 
19.3411 -0.1186 -0.5742 -1.4112 -0.7195 -1.1700 -0.2258 -0.6386 -0.1043 -0.5113 -0.4439 -0.4900 0.4210 
19.5250 -0.1594 -1.4381 -1.3126 -0.3973 -0.0425 -0.2079 0.6229 -0.9816 0.0790 0.6656 -0.0828 -0.1397 
18.4650 -1.2098 -1.6919 -0.6201 -0.3475 -0.4073 -0.9414 -0.1899 -0.2952 -0.2966 -0.0305 -0.3935 0.1189 
18.3033 -0.7547 -1.0195 -0.3254 -0.2982 0.1247 0.0970 1.0049 0.7074 0.3033 0.0116 -0.8464 -1.2062 
19.6630 0.8050 -0.5551 -1.0310 -0.4381 0.2405 0.3761 -0.4916 0.4142 -0.9507 -0.2432 0.0090 -0.8426 
18.9084 -0.9695 -0.8430 -0.5485 -0.3169 -0.1220 -1.5753 -0.8950 0.0231 0.6662 0.8325 -0.0556 0.0768 
19.3342 -1.4456 -0.2150 0.0682 -0.9030 -0.8706 -1.2681 0.0122 -0.0397 -0.9067 -0.3169 -0.1886 0.2834 
18.7391 0.0931 -0.5346 -0.2936 -1.2807 0.1056 -0.5644 0.1736 0.2072 0.1743 -0.3487 0.5242 -0.5929 
18.9371 0.2144 -0.3766 -0.5657 -0.1084 -0.2522 0.1777 -0.5801 -0.2836 0.5165 0.1821 -0.2042 -0.1651 
18.3298 -0.3758 -0.3246 -1.2253 -0.9348 -0.1157 0.4920 0.1295 -0.9030 0.1708 0.4102 -0.3743 -0.5142 
17.5998 -0.3726 -0.2094 -1.0604 -0.1950 -1.2588 -1.7190 0.2734 -0.6669 0.3694 0.4068 0.2914 -0.0326 
19.4692 -0.0863 -0.1893 -1.0504 -1.2517 -0.4947 -0.4973 -0.0284 0.3771 -0.6759 -0.1624 0.4962 -0.6329 
19.3307 -0.2509 -1.1728 -0.9099 -1.2881 -0.4120 -0.5510 -0.0329 -0.0467 -0.4889 -0.0302 -0.0574 0.0882 
18.7988 -0.7997 -1.2062 -1.9130 -0.4426 -1.4591 -1.0481 0.5536 -0.2526 -0.4205 -0.4716 0.1710 -0.2071 
18.3306 -0.7586 -0.1230 -1.1183 -1.2883 -0.7947 -0.8393 0.4006 -0.8979 -0.2127 0.5653 0.7288 -0.2665 
19.4569 -1.0533 -0.0776 -0.2534 -0.7747 -2.2189 -0.3696 0.3685 0.3521 -0.1627 -0.3424 -0.1935 -0.2855 
19.2728 -1.2327 -1.8039 -0.9503 -0.8478 0.1935 0.1995 0.0861 0.1643 0.0619 1.0206 -0.3023 0.0574 
19.2272 -1.6188 -1.3197 -1.3814 -1.4583 -1.0918 -1.4847 -0.9688 -0.0269 -0.7850 -0.6051 -0.1026 0.3429 
23.0637 -2.8702 -4.3042 -0.8846 0.0959 0.0931 -0.0617 -0.2150 -0.0143 -0.2899 0.0650 -0.1464 -0.5326 
22.4020 -2.8169 -4.0974 -0.9253 0.0908 -0.4095 0.2328 0.4126 0.1655 0.7175 -0.0314 0.0213 -0.2038 
24.7884 -3.5894 -3.3341 -0.5027 -0.5573 -0.1261 0.2115 -0.3561 -0.3750 -1.0404 0.2179 -0.2216 0.4309 
29.3872 -0.9236 -3.7181 0.5624 -1.1184 -0.8913 -0.5939 0.1152 0.0770 -0.3402 -0.3228 0.0092 -0.3603 
27.9517 -0.7284 -3.2194 0.2842 -1.7518 -1.2723 -1.8181 -0.0427 -0.4811 -0.6535 -0.0634 0.0368 -0.3264 
27.0655 1.6200 -0.8852 -0.0511 -1.7006 -0.3076 -0.8750 -1.0864 -0.7824 -0.6495 -0.1096 0.4075 0.0543 
31.3428 3.1287 -3.0363 -0.6265 -0.9009 -1.0497 -1.4329 -0.7425 -0.6988 -0.5612 0.0049 -0.1632 0.1916 
33.6833 2.3076 -3.5795 -1.3697 0.8036 -0.7125 -0.8378 -0.3824 -0.5947 -1.3285 -0.6619 -0.0989 -0.7334 
33.1024 2.1622 -3.8249 -1.0380 -0.1410 -0.4601 -0.9841 -0.0907 -0.9739 -0.9888 -0.8125 -0.2896 -0.5749 
33.7840 1.9832 -2.7963 -1.9954 0.3687 -1.1663 -0.4628 -0.1443 -0.6136 -0.3169 -0.5459 -0.3962 -0.1634 
33.1780 2.3423 -3.1568 -2.1818 0.0993 -0.8866 -0.0571 -0.2447 -0.3878 -0.2662 -0.7726 -0.4366 -0.1557 
33.9990 1.5932 -3.1047 -2.1354 0.1962 -0.5609 -0.1725 -0.3976 -0.3471 -0.4135 -0.7541 -0.4615 -0.1382 
34.1125 1.3005 -3.4122 -1.5651 0.1711 -0.6900 0.0050 -0.6923 -0.1901 -0.5354 -0.6062 -0.7253 -0.2778 
34.7818 1.5295 -4.0041 -1.2965 -0.4171 -0.8081 -0.3284 -0.4782 -0.2771 -0.5512 -0.4783 -0.7739 -0.1823 
35.1890 1.3912 -3.6887 -1.1790 -0.0678 -0.8234 -0.0247 -0.1940 -0.4296 -0.3369 -0.6900 -0.1590 -0.2996 
35.8610 1.2918 -4.0519 -1.3620 -0.0998 -0.7503 -0.5753 -0.2536 -0.3779 -0.2519 -0.8816 -0.3918 -0.2453 
35.2660 1.7996 -4.1868 -0.8084 -0.0168 -0.7505 -0.4205 -0.1629 -0.4520 -0.1870 -1.0371 -0.2474 -0.3771 
35.1895 1.7712 -4.2989 -0.5154 -0.5027 -0.3205 -0.6176 0.0555 -0.4117 -0.4103 -1.0629 -0.1654 -0.4908 
34.7743 1.9887 -4.3492 -0.6909 -0.4303 -0.8139 -0.3747 -0.0142 -0.5825 -0.6173 -1.1833 0.1500 -0.6902 
34.8110 2.5364 -4.3961 -0.5813 -0.5150 -0.5842 -0.4394 0.1477 -0.3339 -0.3954 -0.7422 0.1046 -0.4360 
34.0758 3.4282 -5.0483 -0.6117 -0.3636 -0.7291 -0.3423 -0.2963 -0.0654 -0.5033 -0.5960 -0.1573 -0.4000 
34.2785 2.7985 -4.5982 -1.0040 0.0242 -0.5874 -0.4133 -0.2982 -0.2565 -0.4001 -0.7286 -0.3608 -0.3561 
33.7721 3.2311 -5.0393 -0.6802 -0.0707 -0.3816 -0.2204 -0.4454 -0.4926 -0.3269 -0.7770 -0.5288 -0.2781 
33.9413 3.2740 -5.1988 -0.7910 -0.6119 -0.2384 -0.1106 -0.2749 -0.4426 -0.3360 -0.3443 -0.5874 -0.2539 
33.8225 3.2802 -5.4062 -1.2949 -0.8134 -0.4093 -0.2105 -0.4214 -0.6721 -0.1311 -0.5260 -0.6562 -0.3196 
33.7339 3.6784 -5.3125 -1.4901 -0.2363 -0.4911 0.2716 -0.5422 -0.3388 0.1079 -0.2604 -0.5560 -0.0871 
33.1039 3.3986 -4.8432 -2.1189 -0.3326 -0.2819 -0.1389 -0.4186 -0.2635 -0.3565 -0.1682 -0.7904 -0.2845 
32.3636 4.2986 -4.7109 -2.1524 -0.0007 -0.1271 -0.0799 -0.3252 0.0072 -0.1606 -0.3154 -0.4153 -0.6144 
32.6400 3.5895 -4.7515 -1.9225 -0.4731 -0.3019 -0.0792 -0.5073 -0.4745 0.1610 -0.6392 -0.5153 -0.5399 
31.9879 4.3183 -5.0234 -2.3128 0.2176 -0.8909 0.4775 0.1066 -0.7922 0.7095 -0.5874 -0.4477 -0.3024 
31.6187 4.0792 -5.2261 -2.3252 -0.7598 -0.6654 -0.1943 0.1104 -1.1850 0.6085 -0.7397 -0.7901 -0.2899 
31.3756 4.3313 -4.6823 -2.2765 -0.3106 -0.7461 0.4827 0.1019 -0.6145 0.4607 -0.2070 -0.4140 -0.3125 
30.9814 3.5378 -3.3565 -2.3007 -1.0379 -0.4970 0.0307 -0.0443 -0.6464 -0.1620 -0.5955 -0.2039 -0.2926 
30.4804 3.5673 -3.1943 -1.6570 -0.8016 -0.8091 -0.9850 0.1059 0.3707 -0.7638 -1.0901 -0.0682 -0.3776 
29.9296 4.7125 -3.5037 -2.0178 -0.2690 -0.4378 -0.3691 -0.2456 -0.7664 -0.2237 -0.1396 -0.1480 -0.3204 
29.2464 3.4698 -3.6889 -1.0646 0.4091 0.6051 -0.1531 -0.8135 -0.8002 -0.1572 -0.1736 -0.1853 -0.4627 
30.0643 4.5562 -3.1337 -1.8741 0.0161 -0.2270 -0.6879 -0.1216 -0.8098 0.0017 -0.4428 -0.2191 -0.2263 
29.4302 3.8714 -3.0746 -2.3144 -0.9543 0.0955 -0.5192 -0.4214 -0.0260 -0.2091 -0.1756 -0.6107 -0.1555 
27.3054 3.6463 -3.5884 -1.9337 -0.0212 0.1869 -0.0226 0.7114 0.3298 0.0710 0.0097 -0.6604 -0.7685 
27.1097 2.8524 -3.0568 -1.6686 -0.2247 0.1194 -0.4964 -0.6936 -0.6283 -0.3397 -0.5412 -0.6398 -0.1267 
27.2009 3.2008 -2.6430 -0.7510 -0.1787 0.0586 -0.4675 -1.0289 -0.6248 0.2944 -0.4530 -0.2500 -0.2640 
26.5413 2.9964 -3.0445 -0.3854 0.2196 0.6183 -0.4299 -0.4909 -1.1659 -0.6301 -0.5088 -0.4471 -0.0702 
26.2619 2.7766 -2.3955 -0.8634 0.0587 0.8160 -0.5696 -0.5470 -0.8764 -0.8332 -0.8733 -0.4606 0.3713 
25.9068 2.4550 -1.8225 -1.1273 -0.7387 -0.0173 -0.3285 -0.3444 -0.5800 -0.5474 -0.7209 -0.3195 -0.0410 
24.4415 3.5896 -0.9076 -2.4025 -0.2528 -0.0984 -0.9013 -0.2299 -0.0832 -0.1584 -0.8222 0.0681 -0.3573 
24.9105 3.0672 -0.9028 -2.0698 -0.9944 -0.8186 -0.3567 -0.2587 0.1314 -0.9104 -0.2594 -0.2415 -0.3753 
24.7405 3.0294 -1.4911 -1.7326 -1.1662 -0.2929 -0.2202 0.3597 -1.0946 -0.2169 -0.0742 -0.4020 -0.2789 
24.5318 1.1479 -3.0705 -1.6218 -0.6810 0.0198 -0.1203 -0.1003 -0.6990 -0.3516 -0.1976 -0.9269 -0.0998 
22.8466 1.8862 -2.0819 -1.7976 -0.6481 1.1742 -0.6002 -1.0377 -0.4767 -0.1847 -0.6306 -0.1657 0.0192 
22.8626 0.5701 -1.7838 -1.0960 -1.2155 0.2000 -0.7545 -0.8862 -0.4392 0.3836 -0.1958 -0.4651 -0.4477 
21.1608 0.6014 -1.1018 -0.9370 -0.5517 -0.3189 -0.6228 -0.3781 -0.4632 -0.4629 -0.3439 0.5246 -0.5232 
19.9256 -0.4769 -1.8140 -1.1832 -1.1011 0.1484 -1.1949 -0.6400 -0.8337 -0.2838 -1.0808 -0.2731 0.1298 
20.0079 -0.1062 -0.4267 -0.8459 -0.4377 0.0337 -0.9274 -0.7287 -0.4578 0.0896 -0.2887 0.3142 -0.2056 
18.7911 -1.0273 -2.0204 -2.0730 -1.2947 -0.3700 -1.1937 0.7969 -0.2290 -0.4206 -0.1861 0.8072 0.0453 
20.2233 -0.9117 -0.0860 -0.1723 -1.3447 -0.7774 -0.9936 -0.1806 0.2549 -0.2287 -0.5341 0.0596 0.6460 
20.1823 -1.5672 -0.7343 -0.7000 -0.7984 -0.4421 -0.1676 -0.1504 -0.1342 0.1954 0.6010 0.1622 0.3455 
18.9630 -0.6430 -2.3954 0.3830 -0.5179 -0.2637 -0.8835 -0.2840 -0.2036 -0.0900 -0.3047 0.1238 -0.7475 
19.7649 0.0975 -1.3616 -0.5074 -0.8586 -0.5438 0.0717 0.5866 -0.3222 0.4041 -0.4622 -0.4379 -0.0116 
19.9406 -0.2277 0.2451 -0.1413 -2.1175 -0.5448 0.9420 0.5090 -0.5799 -0.4725 -0.5185 0.1389 -0.2356 
20.2328 -0.1509 -0.4419 -0.3974 -1.1047 0.1090 -0.6951 0.0118 -0.1520 -0.0556 -0.5012 -0.6772 -0.1201 
20.5820 0.1502 -1.1056 -0.2019 -0.7480 -1.3226 0.1145 -0.5646 -0.6595 -0.2670 0.0575 -0.4252 0.0666 
19.6476 -0.0433 -0.1695 -1.5314 -0.9638 -0.4044 -0.4627 -0.9987 -0.9501 -0.1988 0.1040 -0.1869 -0.2896 
19.3716 -1.3220 -0.3549 -0.4990 -0.7697 -1.5144 -0.8939 -0.0351 0.4447 -0.0516 -0.1355 0.2546 -0.6059 
18.3348 -2.2863 -2.6529 -2.5512 -2.1410 -1.4596 -1.7929 -0.2588 -0.6339 -1.2630 -0.3388 -0.9647 -0.7456 
19.0452 -1.2519 -0.3042 -0.9541 0.3113 0.2120 -0.7613 -0.2269 -0.3566 -0.2945 0.0117 -0.2017 -0.3858 
18.6852 -0.3683 -1.7580 -1.1802 -0.9694 -0.1664 1.4905 -0.1308 -0.1205 -0.3227 0.2502 -0.3083 -0.2157 
19.4446 -1.2124 -1.6030 -2.0659 -0.4247 0.0591 -1.8970 -0.2757 -0.3681 -0.2331 0.3966 0.2995 -0.2562 
18.8986 -0.3633 -1.2348 -0.6543 -0.6627 -0.4991 -0.6509 0.6866 -0.6583 -0.0862 0.0950 0.2689 -0.1693 
17.8064 -0.6033 -0.2354 -1.4077 -1.3808 -0.8757 -0.7181 -0.0262 -0.6065 0.3396 -0.7559 0.0136 0.1164 
18.9313 -0.0672 -1.1017 -2.6219 -1.1912 -0.8658 -0.8937 -0.0011 -0.3365 -0.1703 0.2515 -0.5742 -0.0607 
19.3627 -0.5611 -1.4273 -0.7438 -1.3639 0.0816 0.1089 -0.6300 -0.0652 0.0926 -0.3394 -0.2969 0.0286 
18.4927 -1.0427 -2.2567 -0.4167 -0.6147 -0.0995 -0.3864 -0.0393 -0.0579 -0.1860 0.4031 0.8024 -0.1064 
17.8974 -2.1257 -1.9581 -1.6121 -2.0381 -1.8499 -0.2874 0.2016 0.1890 -0.4889 -0.6593 -0.0427 0.7473 
18.6843 -0.3618 -1.0641 -1.1455 -0.3042 0.3214 -0.2436 -0.6281 -0.5838 0.0889 -0.1137 -0.3017 0.0618 
17.6790 -1.0442 -0.1957 -1.1731 -0.5936 0.5226 -0.9328 0.6454 -0.1692 -0.8840 0.2034 -0.0721 -0.4136 
18.3948 -0.5375 -0.5395 -1.3463 -0.9071 -0.3835 -0.8357 0.8016 -0.0387 -1.1519 -0.2608 0.1200 -0.4107 
17.5378 -0.5073 -1.5906 -1.6741 -0.9743 -0.5636 0.3291 -0.5617 -1.5169 -0.9915 -0.7167 -0.5126 -0.2872 
18.6613 -1.1713 -0.1628 -0.6660 -1.2580 -1.9409 -0.6633 0.2611 -0.7809 -0.8860 -0.8151 -0.4367 0.4977 
18.5510 -0.4790 -1.0616 0.0663 -1.4407 -1.1816 0.3969 -0.3148 -0.3837 -0.7990 -0.8972 0.0086 0.5126 
18.0985 -1.1383 -1.4622 -0.9111 -0.8705 -0.3322 -0.3750 -0.2593 0.1818 -0.3083 0.1175 -0.1643 0.1918 
18.5513 -0.2863 -0.4376 -1.1572 -0.8394 0.2870 -1.2093 0.1188 -0.7031 0.0123 0.3574 0.1471 -0.1597 
16.5659 -0.7370 -0.0596 -1.3312 -2.3492 -0.9330 -0.7721 1.1217 1.5463 -0.4857 -0.2035 0.9616 0.6112 
18.2223 -0.3768 -0.9195 -1.7403 -0.7777 1.0289 0.2096 0.1430 0.1100 -0.2453 -0.6141 0.2717 -0.5648 
17.6160 -0.8698 -1.2477 -0.6150 -0.6364 0.4199 -1.0399 -0.3614 0.4219 -0.4178 -0.2460 -0.1911 -0.6518 
18.8329 -0.4928 -0.5191 -0.5811 -1.3666 -0.3349 -0.7824 -0.6753 -0.0579 0.2192 -0.3916 0.4002 0.1606 
17.7636 -1.0349 -0.8052 -1.5569 -1.5018 0.9233 -0.0928 -0.7209 0.2037 0.2580 -0.1303 -0.5786 0.1227 
17.2937 -1.2051 -0.8253 0.1577 0.4786 -0.4681 -1.4244 -0.3410 -0.5554 0.2794 0.6278 -0.1063 0.0080 
18.3974 -0.6464 -0.4577 -0.6854 -0.4769 -0.7534 -1.2643 -0.1194 0.0401 -0.3162 0.3947 -0.1968 -0.6377 
18.3369 0.2963 -1.2818 -1.0324 -1.3389 0.8951 -0.7525 -0.8179 -0.4384 -0.4103 0.2350 -0.5983 0.2216 
17.9035 0.7940 -1.6451 -0.2257 -0.2720 -0.0896 -0.2143 0.3393 -0.3983 0.6180 -0.0414 -1.1146 -0.0759 
17.0355 -0.8338 -0.6099 -1.5878 0.1833 0.8228 -0.3260 0.1645 0.2302 -0.0798 -0.0962 0.2136 -0.0782 
16.8395 -1.6861 -0.5786 -0.1519 -0.2285 -0.3277 -0.4610 -0.1113 -0.0863 -0.2721 0.0237 0.1021 -0.2619 
18.2577 -2.2254 -1.6277 -1.0646 -0.1411 0.0924 -1.2504 -0.1511 -0.2340 -0.4638 -0.0637 -0.0963 -0.0610 
17.9616 -1.4126 -0.3394 -0.0809 -0.8841 -0.9407 -1.0376 -0.1424 -0.3942 -0.1550 -0.0075 0.2905 0.0508 
16.6455 -0.3592 -1.7161 -0.3501 0.3762 -0.6226 -1.3259 -0.4466 -0.2294 0.2026 0.4716 0.0825 0.3166 
17.3597 -1.4002 -1.5591 -0.9436 -0.2625 -1.1669 -0.5720 0.4370 -0.1290 0.0016 0.3434 -0.0531 0.2258 
16.7194 -1.9386 -1.5030 -1.0261 -0.8787 0.0949 -0.9118 0.9862 0.6021 -0.5068 -0.2536 -0.0591 -0.2590 
17.9702 -0.5531 -1.0411 -1.3970 -1.4422 -0.2487 0.0623 0.5426 0.1912 -0.3373 0.3161 0.3816 0.1903 
18.1515 1.3462 -0.1872 -0.3571 -0.2594 -1.2966 -0.4323 0.4686 -1.0368 -0.1933 -0.4303 0.0238 0.1637 
17.1422 0.1932 -0.7353 -0.7397 -0.3399 -0.1040 -0.7068 -0.0351 -0.3184 0.3822 0.0793 0.1174 0.5053 
17.1965 -0.4925 -1.0725 -1.5672 -0.7959 -0.0575 -0.6562 -0.6246 -0.5226 -0.6332 -0.7675 -0.4917 0.1028 
17.8682 -0.7493 0.5208 -1.1046 -0.3651 -0.6225 -0.7970 -0.1804 -0.3286 -0.4754 -0.1168 -0.3267 -0.2572 
17.2343 -0.4948 -0.1440 -2.1311 -1.0070 0.5731 0.2301 0.3399 -0.3764 0.1740 0.1761 -0.0022 0.1014 
16.4938 -0.8912 -0.9718 -1.5540 -0.8751 -0.8515 -0.1419 0.1527 -0.7394 0.2377 -0.0819 0.5999 0.0518 
17.6723 -0.0273 -0.7732 -1.2955 -1.0740 -0.7618 0.5638 -0.0999 -0.5618 -0.0267 -0.6113 -0.1205 0.0501 
16.9573 -0.1853 -0.5945 -0.7296 -1.6701 -0.1984 -0.0958 -0.4377 -0.2715 -0.1965 -1.2066 -0.0473 0.4646 
18.1659 -0.5284 -0.4654 -1.3012 -0.2724 -0.0147 -1.4018 0.0345 -0.4186 -0.4181 0.1106 0.1225 -0.7741 
17.2940 -1.2750 -1.8383 -0.4321 -0.9989 -0.8806 -0.2200 -0.8863 -0.8874 -0.4256 -0.3816 -0.6949 -0.3697 
18.6257 -0.3755 0.0078 -1.1659 -0.4292 -0.6310 -1.3728 0.2596 0.2546 -0.3362 -0.4999 0.2497 -0.3867 
