25.3782 13.3701 -12.2717 -3.6023 5.6172 -2.4860 -2.8119 2.8451 -1.9619 -4.6565 1.4065 1.9936 -1.5195 
29.5386 15.3555 -14.9040 -4.8933 6.1207 -3.4395 -4.2578 2.6028 -2.3262 -5.4999 1.3343 2.5300 -0.9289 
27.1498 14.5938 -13.0656 -4.5110 5.9801 -1.8350 -3.0840 2.0567 -2.4975 -4.9726 1.1283 1.8105 -1.5642 
26.2515 15.3643 -10.8029 -4.3756 5.3001 -1.2403 -3.0323 1.3121 -2.0564 -4.3468 0.3977 1.2346 -1.0556 
28.2482 18.9770 -7.3688 -3.2712 5.4706 -0.1993 -2.1179 1.6514 -1.5014 -4.2174 -0.5942 -0.0854 -2.1748 
29.7986 21.7725 -4.8632 -3.3763 3.3032 -2.2188 -3.6505 0.1941 -2.5739 -5.4319 -2.8166 -2.3257 -3.1181 
28.7681 21.6054 -3.2040 -1.7331 4.1669 -1.3061 -2.4783 1.2618 -1.2941 -3.7414 -1.4863 -1.8254 -2.8053 
30.2369 23.5510 -2.0086 -1.9674 2.7943 -2.8305 -3.5699 0.6734 -1.3614 -3.5211 -1.6990 -2.8209 -3.6971 
30.9022 24.2058 -1.6224 -1.3799 3.3544 -2.8295 -3.8356 0.7724 -0.9849 -3.3014 -1.5637 -2.4439 -3.2086 
30.9978 23.5146 -2.7544 -1.2759 4.0774 -2.5231 -3.2870 1.5386 -0.8837 -3.3322 -1.1338 -2.3947 -3.6604 
31.7604 24.2762 -2.5774 -1.5005 3.6328 -3.0155 -3.6755 1.0851 -1.6430 -4.2365 -1.8765 -2.8287 -3.6296 
33.6989 25.4028 -3.8442 -2.7463 3.8855 -2.3747 -3.7358 0.9686 -0.9365 -3.3422 -2.0347 -3.6791 -3.5666 
33.4061 24.7029 -4.5307 -2.5625 4.6209 -2.0081 -3.8908 0.5060 -1.6109 -3.8486 -1.9031 -3.0130 -3.0304 
32.7065 24.0023 -4.8541 -2.9102 4.4170 -1.2834 -2.3377 1.2593 -2.8473 -5.8553 -2.6352 -2.5314 -2.9235 
32.8101 24.0229 -5.0451 -2.8258 5.3366 -0.2039 -2.2776 0.7421 -2.5683 -4.8231 -1.8198 -2.0900 -2.6498 
34.5215 24.5791 -7.1940 -4.9075 4.8429 -0.3225 -3.0462 -0.5016 -4.1085 -6.3053 -2.3713 -1.6708 -2.5591 
35.5792 24.6665 -8.6986 -5.1202 6.9102 1.8432 -2.2645 -0.3096 -3.7103 -5.8126 -1.7154 -0.7867 -1.9731 
32.1045 22.6816 -6.4594 -3.1891 5.9324 0.1497 -2.4299 0.5736 -3.0522 -5.7376 -1.9490 -1.0599 -2.1969 
31.4276 22.1133 -6.5572 -3.3291 5.7979 0.2125 -2.5330 0.1409 -3.4345 -5.9344 -2.1448 -1.3238 -2.6758 
32.2375 21.3773 -9.2603 -4.0433 7.9836 1.9641 -2.8658 -0.5358 -3.2059 -5.1682 -0.9140 0.2053 -2.0165 
29.9661 20.5127 -7.1755 -2.8612 7.0399 0.8719 -3.4690 -1.2818 -4.0202 -6.1853 -2.5363 -1.1806 -2.0945 
28.8432 20.1281 -6.0873 -2.1111 7.3041 1.8198 -1.9582 0.0717 -2.7000 -4.7067 -1.2222 -0.3879 -2.0163 
27.3279 19.3530 -5.2683 -1.8222 7.0608 2.4086 -1.3022 -0.6752 -4.1661 -5.4191 -1.2123 -0.4724 -2.2840 
28.2849 19.6307 -6.2715 -2.6093 6.6970 2.2329 -0.9837 -0.3526 -4.2082 -4.9967 -0.4199 -0.3844 -2.4992 
26.7141 17.1972 -7.5133 -1.5644 7.0400 0.1363 -2.2849 1.1720 -2.0748 -4.0543 -0.3726 -0.7024 -2.4727 
24.8740 16.3852 -6.8318 -2.1640 6.3247 0.6284 -2.2905 0.6976 -1.6915 -3.8401 -0.4604 0.5120 -1.1744 
26.5678 16.3147 -9.6011 -3.2504 7.3225 0.5093 -3.7860 -0.3616 -2.4293 -4.8194 -0.8886 0.7808 -1.2690 
24.5717 16.2430 -6.6549 -2.4008 5.2799 -0.6522 -3.3835 -0.6516 -3.3612 -4.8853 -0.4476 0.6885 -1.6514 
22.7569 14.3560 -7.6258 -3.3541 4.2685 -1.0355 -3.0461 0.0391 -2.5277 -4.1689 -0.0685 0.9922 -1.1024 
22.5303 14.7953 -6.1205 -1.9737 4.9084 -0.6114 -2.4530 0.7933 -1.4117 -2.7534 0.8580 0.9627 -1.4254 
