22.3176 14.7671 -6.4009 -3.6201 2.7364 -1.3871 -1.8264 1.4683 -0.9137 -2.2658 0.3823 -0.5970 -2.1501 
22.4998 15.2985 -6.2684 -4.5460 2.2433 -0.8484 -1.6878 1.1329 -0.9101 -2.6089 -0.3837 -0.5850 -1.8642 
22.8223 15.4836 -6.2420 -4.2064 2.5320 -1.1503 -2.4382 0.3077 -1.3863 -2.3978 0.0451 -0.7417 -2.5019 
22.7980 15.3868 -6.1752 -3.6514 3.2517 -0.6721 -1.9702 1.0008 -0.8376 -2.3880 -0.2432 -0.7224 -1.9991 
22.3034 15.1442 -6.0823 -3.9038 3.1679 -0.2109 -1.8364 0.4076 -1.5181 -2.8015 -0.5052 -0.9458 -2.2441 
22.4543 15.5305 -5.6678 -3.8047 3.3117 0.3112 -1.2798 0.8115 -1.0703 -2.3908 -0.2752 -0.7409 -2.0664 
23.0197 15.8688 -5.9165 -4.1165 2.7937 -0.6207 -2.0444 0.5084 -1.4384 -2.9850 -0.6449 -0.8267 -2.2180 
22.4210 15.2557 -6.2715 -4.4314 2.7623 -0.3535 -2.0792 0.1445 -1.3647 -2.3015 0.0282 -0.4447 -1.9381 
21.8605 14.6190 -6.3800 -3.9610 3.2402 -0.1703 -1.6573 1.0945 -0.6239 -2.4874 -0.7587 -1.1096 -2.2865 
22.7298 15.0130 -6.9173 -4.1362 3.3440 -0.6590 -2.5258 0.3047 -1.3553 -2.7669 -0.1723 -0.2029 -1.7390 
22.0656 14.3257 -6.9464 -3.9166 2.8794 -1.3912 -2.2555 1.4549 -0.2066 -1.7912 0.2602 -0.8225 -2.5402 
22.4711 14.1778 -7.5778 -3.6314 3.6512 -1.0610 -1.9280 1.7974 -0.5526 -2.2206 0.7196 -0.0904 -2.3862 
22.8948 14.2630 -7.9435 -3.6804 3.4121 -2.0718 -2.7915 1.6364 -0.9212 -3.0199 0.4692 0.2528 -2.3267 
23.6831 13.9478 -9.2548 -3.2915 4.4247 -2.5056 -3.1626 2.6558 -0.1787 -3.4753 0.0392 0.3874 -2.4063 
24.8288 14.4796 -9.6340 -2.9765 4.7178 -2.7117 -2.6668 3.2974 -0.7021 -4.1681 -0.0750 -0.0408 -2.7052 
25.1905 13.7845 -10.5680 -1.9542 5.3735 -3.8236 -3.1590 3.2082 -2.1220 -5.0244 0.7064 0.0552 -3.4673 
26.7218 14.5428 -11.1985 -1.6492 6.1864 -4.0903 -3.5711 3.7822 -1.3859 -4.6266 1.2913 0.7463 -2.9654 
28.6220 15.3296 -13.1733 -3.4229 6.2194 -3.9332 -4.4688 2.8939 -1.5970 -4.7645 1.1570 0.8963 -3.0330 
29.1717 15.3080 -13.9672 -3.3338 7.3553 -3.1993 -4.5828 2.7630 -1.5118 -5.0883 0.3875 0.5925 -2.5198 
29.7361 16.7370 -13.2636 -5.0456 6.2041 -1.8487 -3.7721 1.7355 -1.9372 -4.4220 0.6313 0.3069 -2.9181 
28.4898 16.8063 -11.7024 -5.2758 5.1595 -1.2523 -2.6337 2.2150 -1.3486 -3.9936 0.3927 0.5354 -2.0602 
27.6814 17.9556 -8.2310 -3.5518 4.9496 -1.0655 -2.3776 1.7282 -1.7169 -4.0477 0.1553 0.5009 -1.5904 
28.1829 19.9955 -5.1412 -2.0841 4.9585 -0.9217 -2.3693 1.4225 -1.6195 -4.2231 -1.3029 -1.4487 -3.0277 
29.1679 21.7155 -3.6448 -1.9352 4.4544 -1.0232 -2.6258 0.5810 -2.1871 -4.1360 -1.2244 -1.7246 -3.3996 
30.4322 22.8969 -3.4237 -1.8629 4.8462 -0.8208 -2.8709 0.4812 -1.9139 -4.1611 -1.7500 -1.8590 -2.5769 
30.5311 23.2897 -2.8067 -1.5181 4.9194 -0.7160 -2.8692 0.1099 -2.4399 -4.3784 -1.6335 -1.8826 -2.9608 
30.8534 22.9879 -3.6195 -1.6360 4.7245 -1.5316 -3.1099 0.4167 -2.7597 -4.9135 -1.6937 -2.1794 -3.7444 
31.0284 23.9032 -2.4913 -1.5376 4.9258 -0.2975 -2.1090 0.8507 -1.9176 -4.0467 -1.4777 -1.9831 -3.3053 
33.4651 25.8833 -2.8327 -2.4513 4.4465 -0.8664 -2.7299 0.9605 -1.2033 -3.8003 -2.1581 -2.7782 -3.1593 
35.1058 26.2851 -4.6995 -3.8318 3.8176 -1.5090 -2.6872 1.1206 -2.3396 -5.3062 -2.8617 -3.4525 -3.9252 
36.0635 27.4808 -4.4302 -4.3971 4.2294 0.1363 -1.7022 1.1443 -2.0847 -5.0113 -3.0118 -3.1750 -2.7317 
38.0927 27.7109 -6.7080 -4.5613 5.8730 0.7664 -1.7163 0.9042 -3.2866 -5.9336 -2.4554 -2.3099 -2.3797 
38.2005 28.0845 -6.5517 -5.1061 5.7102 1.5418 -1.1619 0.7446 -3.3740 -5.6328 -2.0796 -2.0834 -2.3750 
39.3732 28.0373 -8.3376 -5.4955 6.7947 1.6861 -2.0885 0.0973 -3.6775 -5.7219 -1.4255 -1.1390 -2.4469 
39.7998 27.9038 -9.0599 -5.4920 7.2308 1.8466 -1.8541 0.2426 -4.0871 -5.9016 -0.9494 -1.0582 -3.0142 
39.6521 27.7023 -9.4612 -6.1523 6.7926 1.7362 -2.1237 -0.2447 -4.4933 -6.3098 -1.4782 -1.5482 -3.4345 
40.0227 27.9213 -9.1142 -4.7210 8.5456 2.5012 -1.9545 0.1565 -4.1382 -6.0293 -0.5882 -0.2623 -2.5693 
39.5431 27.4621 -9.1345 -4.6824 8.1762 2.0384 -2.1114 0.0559 -4.2505 -5.9613 -0.5847 -0.4132 -2.7632 
39.2153 27.3270 -8.8626 -4.4505 8.3230 2.2678 -1.8557 0.3323 -3.9513 -5.8004 -0.5404 -0.3682 -2.8382 
38.2888 26.8470 -8.7233 -4.8898 8.1736 2.7638 -2.3348 -0.9369 -4.1833 -5.4275 -0.8905 -0.7883 -2.7335 
38.5604 27.2231 -8.2973 -4.2574 8.9847 3.3720 -2.1400 -0.7969 -3.7958 -4.9845 -0.4897 -0.3125 -2.3818 
38.5723 27.1522 -8.4575 -4.6202 8.1704 2.5840 -2.3002 -0.7759 -4.0244 -5.0476 -0.4262 -0.6404 -2.8306 
38.4132 27.0735 -8.4465 -4.5765 8.6079 3.2121 -2.0926 -0.7760 -3.8822 -5.0824 -0.5267 -0.3377 -2.6044 
37.9870 26.7700 -8.3873 -4.6344 8.3880 3.2250 -1.8206 -0.6341 -4.0398 -5.3054 -0.6025 -0.3391 -2.6222 
37.4969 26.4624 -8.0776 -4.1316 8.7804 3.4580 -1.7427 -0.5543 -3.8590 -5.1972 -0.5533 -0.0581 -2.1959 
37.5715 26.0742 -8.6058 -3.9247 8.6725 2.2834 -2.5653 -0.3090 -3.6041 -5.2077 -0.3150 -0.0364 -2.8594 
36.3837 26.1486 -7.0938 -3.9964 7.9383 2.6938 -2.3893 -0.7731 -3.1249 -4.3113 -0.2827 -0.0452 -2.4223 
35.6760 25.0392 -7.6591 -3.5263 8.1325 2.0300 -2.5976 -0.2509 -2.9811 -4.6702 -0.6597 -0.5247 -2.9360 
34.5544 24.3475 -7.1952 -3.2249 7.9777 2.1598 -2.0610 0.2781 -2.6919 -4.6504 -0.7795 -0.7318 -3.3481 
32.8228 23.3125 -6.4404 -2.7396 7.8555 2.5206 -1.3167 0.6987 -2.7676 -5.1428 -1.1695 -0.3430 -2.4474 
32.1854 22.7517 -6.4197 -2.9307 6.6555 1.1841 -1.4344 1.5221 -1.7837 -3.9057 -0.0172 -0.0977 -2.7719 
30.2875 21.9787 -5.0466 -2.5694 5.8809 1.3079 -0.9638 1.0823 -2.0573 -3.1584 0.7340 0.2221 -2.2296 
29.7995 21.4144 -5.6778 -3.4765 5.2552 1.2294 -0.9887 0.9727 -2.1244 -3.4630 0.2645 0.1437 -1.9976 
28.4555 20.3628 -5.4749 -3.1874 5.0553 1.1102 -0.5754 1.8807 -0.9299 -2.4663 0.6337 0.1082 -2.0295 
28.2089 20.3318 -5.1700 -3.0421 5.0037 1.0062 -0.7630 1.7173 -1.0712 -2.8372 0.0656 -0.5154 -2.7556 
27.9191 19.8125 -5.6578 -3.1590 5.0073 0.5965 -1.5893 0.8073 -1.9466 -3.6249 -0.3964 -0.5024 -2.5065 
28.0361 19.8117 -6.0279 -3.7586 4.4743 0.2429 -1.6078 1.3754 -1.0442 -2.9921 -0.1767 -0.5144 -2.6232 
27.9031 19.7971 -5.7088 -3.3787 4.4745 -0.1847 -2.0854 1.2678 -0.6567 -2.5244 -0.1477 -0.7024 -2.5195 
27.0249 18.6138 -6.7748 -4.1276 4.5094 0.7027 -1.0885 1.6224 -0.8960 -2.8816 -0.4416 -1.0343 -2.8964 
26.6116 18.2593 -6.9864 -4.7143 3.6394 0.0518 -1.3331 1.8034 -0.3213 -2.2432 0.0346 -0.3662 -1.6554 
26.6246 18.3479 -6.6917 -4.5119 3.1689 -0.8229 -1.9321 1.3002 -0.9580 -2.4661 0.3303 -0.2172 -1.9216 
26.5445 18.4571 -6.5702 -4.7172 3.1585 -0.6276 -2.2346 0.7333 -1.2677 -2.9133 -0.3242 -0.5145 -1.9551 
26.1021 17.8554 -6.7854 -4.1784 4.0179 -0.1301 -2.1123 0.8214 -1.1213 -2.7302 -0.0055 -0.0131 -1.5166 
26.3518 17.8266 -7.3715 -4.9397 3.2236 -0.7564 -2.2526 0.8211 -1.5728 -3.4817 -0.6937 -0.7127 -2.1988 
25.9404 17.5346 -7.0683 -4.3026 3.6702 -0.6727 -2.2411 0.9834 -1.3398 -3.2253 -0.4281 -0.6939 -2.4944 
25.1356 16.9508 -6.9834 -4.2958 3.6256 -0.5213 -2.3659 0.4258 -1.7735 -3.3625 -0.4273 -0.3593 -1.8637 
27.7049 18.1458 -8.6463 -4.7308 4.9988 -0.0366 -2.7490 1.0405 -0.3263 -2.1516 0.3883 -0.0801 -2.1896 
35.5247 20.4431 -14.4305 -4.3212 7.9338 -3.2798 -6.1756 0.6496 -3.2890 -5.7365 0.6841 0.5092 -2.9397 
36.1856 20.1320 -15.7239 -4.1749 9.0408 -2.9780 -5.8750 2.1103 -1.5688 -4.6627 1.2201 0.4325 -3.5070 
35.7291 19.7835 -16.1740 -5.4176 8.0842 -2.5946 -5.3541 1.3128 -3.2289 -6.0383 0.5505 0.3305 -3.5031 
35.0284 19.6319 -15.3749 -4.7939 8.7246 -1.4652 -4.2696 2.3411 -1.7935 -4.7799 1.0523 0.6529 -3.0188 
34.3293 18.8223 -16.1826 -5.8834 8.0188 -1.3602 -4.1717 1.9661 -2.0377 -4.8797 0.4509 -0.0943 -3.1269 
34.2286 19.8644 -14.3431 -5.4344 7.8698 -0.7849 -3.9081 1.4607 -2.4720 -5.2539 0.1456 0.1025 -3.0215 
33.7677 20.2707 -13.0149 -5.2545 6.9957 -1.2080 -3.7893 1.6940 -2.1511 -5.3829 -0.4582 0.3896 -1.5565 
32.4862 19.7294 -11.9132 -4.4056 7.0424 -1.1447 -3.5687 1.9071 -1.7244 -4.6846 0.2821 0.6741 -2.3308 
34.3370 23.0191 -8.5624 -2.5206 8.4001 0.3155 -3.5667 0.5686 -2.4395 -4.9888 -0.9825 -0.9319 -3.0882 
37.9553 25.9207 -9.7021 -4.9295 8.0939 1.5939 -3.3460 -0.6559 -3.6646 -5.7767 -1.6003 -1.0191 -2.3852 
38.2190 26.3064 -9.4325 -5.0694 7.6958 1.6553 -2.7947 -0.5646 -4.1635 -5.8990 -1.3404 -1.3101 -3.0636 
37.8319 26.3321 -8.8519 -5.0624 7.0335 1.2025 -2.7029 -0.2008 -3.8931 -6.0683 -1.8036 -1.4826 -2.9243 
37.8016 27.1184 -7.6291 -4.9210 7.0453 2.0337 -2.3634 -0.6417 -3.7140 -5.2781 -1.2412 -0.8693 -2.1838 
37.6803 27.1994 -7.2398 -4.6691 7.0750 2.2122 -1.9983 -0.4304 -3.6874 -5.1909 -1.0609 -0.6551 -1.8730 
37.5425 26.6853 -8.1714 -5.6598 6.1493 1.5454 -2.3132 -0.8658 -4.2785 -5.2761 -0.9120 -1.2378 -2.8618 
36.6648 26.5807 -7.1380 -5.1662 6.5105 2.4991 -1.6889 -0.5709 -3.3883 -4.5014 -1.0372 -1.2261 -2.1162 
36.2391 26.1924 -7.2848 -5.3609 6.1841 1.9737 -2.2195 -0.4377 -2.6626 -4.1871 -1.1799 -0.9704 -1.7740 
35.3625 25.7907 -6.5767 -4.9167 5.9256 1.9996 -1.6572 -0.2199 -2.9569 -4.2772 -1.0865 -1.3447 -2.4000 
34.5359 25.1037 -6.3692 -4.4985 5.7338 1.5811 -1.4346 0.4306 -2.5559 -3.9593 -0.5370 -0.9385 -2.3584 
34.2407 24.5402 -7.3643 -5.9733 4.1864 0.3570 -2.5063 -0.7606 -3.6544 -4.8931 -1.7804 -2.4521 -3.3125 
33.6744 25.2611 -4.7781 -3.9261 5.0234 0.8477 -2.3481 -0.7420 -2.8391 -3.2834 -0.1356 -1.0695 -2.3663 
31.9720 23.5743 -5.2502 -4.0030 4.7750 0.9059 -1.4872 0.4316 -2.3556 -3.7662 -0.7916 -1.1365 -2.0897 
30.2106 22.2553 -4.8131 -3.3602 4.7852 0.8344 -1.2632 0.6995 -2.3072 -3.8791 -0.8533 -1.3130 -2.8548 
30.3771 22.4703 -4.3856 -2.6968 4.9095 0.1071 -1.9947 0.5211 -2.2559 -3.6872 -0.2662 -0.5295 -2.3099 
30.1698 22.2637 -4.4309 -2.5368 5.2738 0.4392 -1.6517 1.3622 -1.1825 -3.4151 -0.7103 -0.5453 -1.8766 
29.4236 21.4365 -4.9977 -3.1102 4.8060 0.1346 -2.1270 0.8014 -1.1725 -2.6642 0.1282 -0.2238 -1.9422 
28.9703 20.9326 -5.2455 -3.2869 4.6568 0.4982 -1.0871 1.7447 -0.7777 -2.1970 0.9601 0.3104 -1.9966 
28.1407 20.0399 -5.3612 -2.7658 4.9771 0.3787 -0.9743 2.3281 -0.3381 -2.4300 0.1892 -0.3791 -2.2038 
27.6677 19.2605 -6.2928 -3.4707 4.7348 0.0027 -1.9835 1.1759 -1.2301 -3.3239 -0.6993 -1.0669 -2.8062 
27.9068 19.7072 -5.8170 -3.4138 4.3217 -0.2195 -1.6567 1.5999 -0.8296 -2.4441 0.4139 -0.5860 -2.8169 
26.9715 18.6517 -6.0977 -2.8104 5.2053 0.2981 -1.3616 2.1143 -0.3481 -2.4938 0.2504 -0.0099 -1.6470 
26.4270 17.9648 -6.8382 -3.7140 4.5932 0.1400 -1.5079 1.9776 -0.1665 -2.3249 0.1007 -0.0476 -1.4488 
26.5329 18.6038 -5.8974 -3.7329 3.6140 -0.6165 -1.7324 1.7391 -0.2913 -1.7703 0.9949 0.2314 -1.9497 
26.8367 18.5928 -6.2930 -3.6888 3.9924 -0.4967 -1.7918 1.6011 -0.8349 -2.6574 0.1526 -0.5238 -2.4937 
26.5610 18.0281 -7.0183 -4.1907 3.6888 -1.0485 -2.5333 1.2687 -0.7046 -2.6815 -0.2522 -0.9833 -2.9399 
26.5724 18.3334 -6.4113 -3.6821 4.1559 -0.6279 -2.5790 0.7768 -1.1193 -2.7219 0.1938 -0.0592 -2.0775 
26.2651 18.2600 -5.9874 -3.3783 4.1242 -0.3944 -1.7551 1.7522 -0.3888 -2.3741 -0.0469 -0.6757 -2.3281 
26.2929 17.9294 -6.9019 -4.3255 3.6151 -0.6121 -2.0540 1.2363 -1.0176 -2.9032 -0.3325 -0.8371 -2.5452 
25.8677 17.7800 -6.5293 -4.0564 3.7323 -0.6320 -2.4980 0.7849 -0.8019 -2.3177 0.1950 -0.1406 -1.8630 
26.6782 18.4459 -6.5046 -4.1342 3.6272 -0.7223 -2.3055 0.9511 -1.0647 -2.6776 -0.0108 -0.4140 -2.1387 
25.2761 16.6627 -7.9492 -5.3779 2.6336 -1.3259 -2.7810 0.2392 -1.8266 -3.1810 -0.5553 -1.3218 -3.0664 
25.9361 17.6222 -6.7985 -4.1159 3.4545 -0.9799 -2.1517 1.4056 -0.6585 -2.2004 0.4217 -0.5602 -2.6270 
25.6842 17.5821 -6.6841 -4.4155 3.1417 -0.9066 -2.1307 1.1513 -1.0094 -2.5582 0.4903 0.2434 -1.8312 
25.6575 17.8316 -6.3356 -4.4360 3.2819 -0.3899 -1.9609 1.0661 -0.7140 -2.5044 -0.4260 -0.7939 -2.1025 
25.9468 17.8886 -6.4810 -4.0649 3.9138 -0.0364 -1.7074 1.3205 -0.5474 -2.0073 0.4850 -0.2417 -2.0682 
