nan nan nan nan nan nan nan nan nan nan nan nan nan 
nan nan nan nan nan nan nan nan nan nan nan nan nan 
nan nan nan nan nan nan nan nan nan nan nan nan nan 
nan nan nan nan nan nan nan nan nan nan nan nan nan 
nan nan nan nan nan nan nan nan nan nan nan nan nan 
29.7677 -0.0305 -1.3187 -2.1095 -0.6036 -0.4969 -0.7837 -0.2483 -1.3598 0.3424 -0.7367 -0.1123 -0.2059 
30.1845 -0.4625 -0.2577 -1.7337 -0.1802 -1.4450 -1.5518 -0.2577 -1.0917 -0.9037 -0.2584 -0.4006 -0.5459 
29.6176 -0.6706 -0.6229 -1.3197 -0.1998 -1.0603 -0.3118 0.3926 -1.0445 -0.9607 -0.5351 0.1080 0.1601 
31.0124 -1.2878 -1.1086 -1.1114 -0.5705 -1.0311 -0.1045 -0.5430 -1.4190 -0.1970 -0.3890 0.4618 -0.0708 
29.2002 -1.4251 -1.9808 -2.2435 -1.1072 -2.0955 0.5945 0.5280 -1.5413 -0.6395 -0.5866 -0.0288 -0.6737 
29.9290 0.1201 -1.0385 -0.7847 -0.4382 -2.3896 -0.6345 -0.4810 -0.1906 0.1641 -0.6264 0.2552 -0.2593 
29.8398 -1.0705 -2.0364 -2.3431 -1.0547 -1.7375 0.1403 0.3078 -0.0809 0.3592 -0.0674 0.1185 -0.3173 
29.7119 -2.1159 -0.6730 -2.1404 -0.4131 -2.0003 -0.9215 -0.3441 -1.3397 0.0200 -1.0352 -0.1699 -0.4093 
29.5943 -1.1368 0.3937 -2.1090 -0.2883 -1.7873 -0.6619 0.5736 -0.4736 0.3264 -0.6969 -0.2726 -0.6034 
29.5735 -0.8384 -0.4791 -2.1702 -0.4109 -1.1073 -0.4151 -0.1448 -0.2681 -0.4397 -0.4608 -0.0371 -0.4869 
31.1342 -1.4113 -0.3154 -1.0003 -0.6500 -0.8480 -1.6436 -0.4937 -0.2813 0.3545 -0.3756 0.1170 -0.2308 
31.1118 -2.2327 -2.1695 -1.9062 0.1009 -0.5487 -0.9819 0.0855 -0.2760 0.6222 -0.1771 0.4237 -0.2715 
30.3862 -1.2633 -1.9966 -1.2115 0.0656 -0.5990 -2.0827 0.0631 0.4295 -0.2826 -0.8475 0.1733 0.0239 
30.8685 -1.9905 -2.1462 -1.3687 0.0936 -1.3985 -1.1533 0.2704 0.0051 -0.1070 -0.6459 0.3626 -0.0331 
30.9405 -0.8224 -1.4768 -1.5848 -0.5163 -1.2186 -1.7210 -0.3540 -0.4838 -0.9895 -1.0341 -0.0247 -0.0470 
29.9257 -0.5581 -1.0619 -0.8566 -0.4153 -1.9001 -1.3881 -0.1819 -0.4020 0.1583 -1.1985 0.2228 -0.3961 
29.4473 -1.3657 -0.3027 -1.1229 -0.6379 -2.3628 -2.1675 0.2453 -0.4717 -0.5047 -0.6515 -0.3389 -0.3863 
28.5455 -1.3492 -1.3119 -1.3257 -0.1352 -1.4169 -0.9639 0.0701 -1.0997 -0.3155 0.1155 -0.2356 -0.1384 
28.3735 -1.7426 -0.9899 -1.5095 -0.1921 -1.3984 -0.7976 -0.1596 -0.4723 0.2072 -0.2018 -0.4396 -0.7907 
29.6748 -0.8181 -1.6178 -2.7247 0.0127 -0.5750 -1.5711 -0.4623 -0.4389 -0.5971 -1.0678 -0.4115 -0.3145 
28.5759 -1.6150 -0.5576 -1.7585 0.2035 -1.3700 -1.0564 -0.4160 0.6101 -0.1002 -1.1190 -0.5039 0.1246 
28.4086 -1.3250 -0.2642 -1.7883 0.7154 -1.3293 -0.9858 -0.5325 -0.6230 -0.7833 -0.9928 -0.2598 -0.1160 
30.3744 -1.1085 -0.1290 -1.7943 -0.3211 -0.9244 -1.3389 -0.5009 0.5471 -0.1897 -0.1792 -0.4646 0.2250 
34.8587 -1.6376 -1.4967 -3.5235 -0.9890 -1.3523 -0.1415 -1.4212 -0.4676 0.8469 0.2250 -0.5641 -0.9140 
35.9769 -1.8653 -0.9067 -4.2543 -0.9487 -1.3727 -0.7504 -1.1359 -0.3753 0.0940 0.7533 0.2232 -0.7896 
36.5621 -1.6984 -0.9218 -3.9777 0.0887 -1.6656 0.0846 -0.8870 -0.4743 0.5638 0.8991 0.5341 -0.2049 
35.7346 -1.9107 -2.0048 -4.2056 -0.6159 -1.8920 -0.7979 -1.2329 -0.7507 0.1406 0.5570 0.6655 0.1429 
34.7879 -0.5493 -2.1841 -3.4136 -1.7383 -1.1240 -0.6870 -1.5404 -0.0191 0.0422 0.8564 0.8575 -0.3343 
34.9771 -0.7890 -1.9365 -3.5387 -1.7211 -1.2222 -1.1868 -1.4061 -0.7287 -0.0500 0.6354 -0.0474 -0.3156 
35.8160 0.0267 -1.5614 -2.5021 -1.2100 -0.5646 -0.8125 -0.7360 -0.4479 0.2835 1.0750 -0.0822 -0.6087 
34.6218 -0.2129 -3.1811 -2.7978 -1.2738 -1.2038 -0.0406 -0.7009 0.3316 0.9716 1.2651 0.3566 -0.4719 
34.0589 0.2384 -2.3350 -3.1061 -1.1458 -1.7386 -0.6830 -0.6654 0.3240 1.3858 0.5134 -0.3235 -1.1075 
33.8465 -0.4917 -1.8447 -2.3528 -1.7321 -1.8975 -0.6733 0.4531 0.6208 1.2772 0.0316 -1.2399 -1.1642 
33.2054 -0.4095 -1.2689 -1.6361 -1.8188 -2.2570 0.2182 1.4472 0.7985 0.4590 0.0931 -0.8298 -0.7484 
31.7574 -0.8519 -0.4263 -1.7367 -1.4213 -1.9751 -0.9278 0.7692 0.9101 -0.0594 -0.7142 -0.8117 -0.4587 
29.6739 -1.6353 -1.8276 -0.5755 -0.6846 -0.6695 -1.1001 -0.6420 -0.1079 -0.3058 -0.3116 -0.2047 -0.3822 
28.9082 -1.1036 -0.8135 -2.2539 -0.8347 -1.0703 -0.8612 -0.6630 0.7034 0.1308 -0.5176 -0.4824 -0.3267 
27.6435 -0.7741 0.0238 -1.6768 -1.0704 -0.8730 -0.9378 -0.7813 0.6325 0.1718 0.0429 -0.6892 -0.3361 
29.9593 -1.0691 -2.1795 -1.0150 -0.7986 -1.6353 -0.6767 -0.4665 -0.6070 -0.4652 -0.6817 -0.9315 0.0314 
30.2725 -0.7232 -1.9782 -2.1494 -0.8919 -1.5508 -0.1950 -0.2720 -0.2022 -0.1229 -0.5829 -0.2360 -0.4895 
29.6151 -0.0257 -1.1563 -1.6984 -1.9200 -0.9217 -0.5311 -0.0698 -0.3805 -0.8768 -0.6999 0.4220 -0.1422 
30.6336 1.0549 -0.8803 -1.6078 -0.5910 -0.5292 0.1048 0.2750 -0.0231 -0.0917 -0.0091 -0.0266 0.1117 
20.9980 -1.2570 -0.7804 -1.5051 -0.3173 -0.4588 0.0988 0.1712 -0.0599 -0.0742 -0.0367 -0.0510 0.0218 
11.3105 -3.6701 -0.7478 -1.4870 -0.1098 -0.4255 0.1070 0.1208 -0.0568 -0.0464 -0.0479 -0.0587 -0.0162 
1.5490 -6.1976 -0.8061 -1.5676 0.0155 -0.4408 0.1040 0.0919 -0.0447 -0.0258 -0.0613 -0.0738 -0.0419 
-8.2901 -8.8481 -0.9775 -1.7643 0.0431 -0.5202 0.0691 0.0629 -0.0355 -0.0122 -0.0782 -0.1037 -0.0729 
-18.1738 -11.5856 -1.2433 -2.0649 -0.0201 -0.6652 -0.0061 0.0243 -0.0272 0.0059 -0.0842 -0.1381 -0.1070 
-27.9341 -14.1877 -1.4072 -2.2962 -0.0257 -0.7558 -0.0263 0.0554 0.0612 0.1144 0.0118 -0.0873 -0.0639 
-37.5738 -16.6720 -1.5079 -2.5155 -0.0515 -0.8944 -0.1155 0.0220 0.1073 0.2155 0.1485 0.0215 0.0547 
-47.0782 -19.0276 -1.5451 -2.7306 -0.1206 -1.1327 -0.3657 -0.2111 -0.0541 0.1267 0.1490 0.0282 0.1120 
-55.7643 -20.2993 -0.5809 -2.0274 0.6407 -0.6643 -0.0671 -0.0553 0.0384 0.1843 0.2454 0.0792 0.1891 
-64.1891 -21.2911 0.5541 -1.2495 1.4044 -0.2600 0.0986 -0.0881 -0.0911 -0.0106 0.0968 -0.1300 0.0097 
-70.2992 -19.4317 3.5756 0.2804 2.0027 -0.4741 -0.3242 -0.3782 -0.1301 0.0273 0.1808 -0.1474 0.1115 
-75.4174 -17.0599 5.4358 -0.1711 1.3630 -0.4258 0.4195 0.2709 -0.0781 -0.5392 -0.4528 -0.6551 -0.0550 
-77.5513 -12.3958 6.4981 -2.2784 -0.1268 -0.9029 0.3538 0.4302 0.5307 0.3196 0.6849 0.3370 0.5350 
-inf -inf -inf -inf -inf -inf -inf -inf -inf nan nan nan nan 
-79.2742 -5.3865 4.0094 -3.0994 1.7779 -0.8518 0.4149 -0.4575 -0.4458 0.4260 0.7159 -0.1723 0.6407 
-78.3035 -2.9772 2.1711 -1.4551 1.7658 -1.3291 0.6300 -0.6199 0.4449 0.0742 0.1638 -0.5138 -0.2806 
-75.3349 -1.0140 0.9169 -0.9737 0.2445 -0.6182 0.2782 -0.9470 0.1686 -0.1267 0.5254 -0.2802 0.1806 
nan nan nan nan nan nan nan nan nan nan nan nan nan 
-72.2165 0.8686 -0.3998 0.6029 -0.3698 0.3276 0.8418 -0.4572 0.9233 0.0696 -0.0039 -0.2471 0.0566 
-69.0039 0.4469 0.8623 -0.1631 -0.0709 0.3009 0.2885 -0.0116 -0.0718 0.2026 0.0427 -0.0977 -0.0518 
-69.2393 -0.0571 1.1438 0.5264 0.6934 0.2751 -0.2419 0.4886 -0.3710 -0.2212 0.4596 0.1006 -0.9900 
-66.5926 -0.7703 -0.0641 0.3013 -0.2845 0.1674 -0.8452 -0.0236 0.5189 1.0952 0.6484 0.1902 0.6758 
-62.8093 -0.1856 0.5914 0.1775 0.0136 -0.0566 -0.1411 -0.1133 -0.0374 -0.0503 0.3204 -0.4339 -0.4278 
-57.9399 0.0887 0.3109 0.4805 0.3262 -0.2700 0.1399 0.2694 -0.1782 -0.2147 -0.1386 -0.1920 -0.0228 
-57.1397 0.3587 0.3572 -0.4095 0.0228 0.9174 0.4159 0.0291 -0.2091 0.3034 0.1807 -0.3305 -0.2548 
-55.0548 0.0638 -0.6029 -0.6546 0.3487 0.7338 0.4619 -0.2077 0.3917 0.0121 -0.3047 0.2432 0.2834 
-51.8383 -0.3871 -0.4995 -0.3240 -0.7182 -0.2179 0.1730 0.0458 0.0807 0.9628 0.3635 -0.1345 0.2994 
-48.5271 0.0294 0.0592 -0.1017 0.2177 -0.2904 0.1244 0.1115 -0.1469 0.0656 -0.2217 0.0861 -0.3206 
-46.8501 -0.5082 0.3920 0.4932 0.1932 0.1248 0.3795 0.4676 -0.4632 0.1109 0.9398 0.4943 0.1176 
-inf -inf -inf -inf -inf -inf -inf -inf -inf nan nan nan nan 
-inf -inf -inf -inf -inf -inf -inf -inf -inf nan nan nan nan 
-39.1485 -0.4964 0.2452 0.9487 1.0093 0.7660 1.0320 0.0831 -0.6496 -0.6381 -0.0642 0.1421 -0.0735 
nan nan nan nan nan nan nan nan nan nan nan nan nan 
-33.1192 0.2053 0.6660 0.2197 0.2336 -0.2001 0.0521 -0.0331 0.3875 0.4718 0.0750 0.2627 0.2648 
-inf -inf -inf -inf -inf -inf -inf -inf -inf nan nan nan nan 
-inf -inf -inf -inf -inf -inf -inf -inf -inf nan nan nan nan 
-26.1103 -0.0856 0.5927 0.2250 0.7296 0.8919 0.0145 -0.0808 -0.4275 -0.9620 -0.6130 -0.3941 0.4691 
-23.8628 0.0221 0.0716 -0.2231 -0.0331 0.5217 -0.0005 -0.8229 -0.2868 -0.3680 -0.6304 0.5205 0.2051 
-21.0948 0.3634 0.1836 0.0761 -0.0751 0.2670 0.5497 0.0946 0.4494 0.0818 0.1337 -0.4531 0.1578 
-inf -inf -inf -inf -inf -inf -inf -inf -inf nan nan nan nan 
-16.0547 0.0465 -0.2789 -0.9462 0.4338 0.5523 0.1281 0.5172 0.4573 0.0843 -0.7668 -0.4768 -0.4022 
-14.5554 -0.7378 -0.7174 -0.7230 0.6145 0.8721 0.6668 0.0679 0.4651 0.2619 0.0627 -0.0269 0.0780 
-10.3892 0.1612 -0.3371 0.2745 0.0535 0.0823 -0.2299 -0.3354 -0.2543 0.2942 0.1648 -0.1150 -0.2791 
-8.7759 0.1530 -1.0681 -0.3090 0.6001 0.1147 0.4672 -0.4699 0.1372 0.0311 0.2693 -0.0304 0.5663 
-6.6032 0.2102 -0.3456 0.2024 0.2385 -0.3018 -0.0447 0.0913 0.0012 0.2062 0.2694 0.1692 0.5795 
