-inf -inf -inf -inf -inf -inf -inf -inf -inf -inf -inf -inf -inf -inf -inf -inf -inf -inf -inf -inf -inf -inf -inf -inf -inf 
-inf -inf -inf -inf -inf -inf -inf -inf -inf -inf -inf -inf -inf -inf -inf -inf -inf -inf -inf -inf -inf -inf -inf -inf -inf 
-inf -inf -inf -inf -inf -inf -inf -inf -inf -inf -inf -inf -inf -inf -inf -inf -inf -inf -inf -inf -inf -inf -inf -inf -inf 
-inf -inf -inf -inf -inf -inf -inf -inf -inf -inf -inf -inf -inf -inf -inf -inf -inf -inf -inf -inf -inf -inf -inf -inf -inf 
-inf -inf -inf -inf -inf -inf -inf -inf -inf -inf -inf -inf -inf -inf -inf -inf -inf -inf -inf -inf -inf -inf -inf -inf -inf 
5.1172 7.2682 7.7404 7.9845 8.3078 8.2973 7.8806 7.2774 7.3585 6.9721 6.6283 7.9885 7.6654 7.4311 8.0076 7.1844 7.2445 6.9925 8.0936 7.9127 7.6751 7.5722 7.0500 7.2087 7.3829 
4.9941 7.9998 8.2464 7.9060 7.7112 7.5308 7.7728 7.9496 7.3424 6.3275 7.6299 7.7481 8.4347 7.5966 7.6928 7.9407 8.3227 7.7768 8.4619 8.1175 7.9033 7.8342 7.0334 7.0743 7.2749 
5.6002 7.1993 7.6492 7.6002 8.2073 7.1451 7.3841 8.0703 7.4274 6.9637 6.8900 7.9063 7.7803 8.0625 7.9371 7.9114 7.5192 7.7492 8.1766 8.1804 7.8541 7.4574 6.9941 7.2127 7.4872 
5.3538 7.3900 7.8487 7.5564 8.5418 7.9751 7.5922 8.2135 8.1621 8.2414 7.0921 8.2701 8.2231 7.7479 7.6756 7.7410 7.3891 7.8020 8.2611 8.2052 8.3270 7.9910 7.6475 7.1396 7.6910 
3.8916 6.4714 6.9651 8.1776 8.6981 7.4270 6.7385 8.3852 8.2080 7.0887 6.5195 7.5323 8.1920 7.7743 8.6039 8.3819 8.0677 8.2205 8.7589 8.3173 8.2999 7.9228 7.6450 7.5230 8.2827 
5.5287 7.3408 8.3949 8.2612 7.4686 7.1409 7.9478 8.0937 7.8789 7.4920 6.4629 6.9975 7.8872 7.5967 7.8232 8.0051 7.7224 7.4581 8.5248 8.1259 7.9370 7.3072 7.0650 6.8062 7.3315 
4.8347 5.7393 7.5756 8.6393 8.3390 7.8537 7.6113 8.1132 7.8286 7.4370 6.7434 7.3913 8.0398 8.0174 8.6442 8.5243 8.8823 9.0413 8.5784 8.1398 7.9758 8.2278 7.4430 7.1882 7.9522 
3.9532 6.9994 7.6669 7.5721 7.6116 7.3927 7.5621 7.8790 7.6466 7.3536 6.5825 8.5681 8.8067 8.3743 8.9273 9.1326 9.2577 9.0569 8.8495 8.6478 8.5541 8.2118 7.7075 7.7336 8.5984 
5.4309 7.0409 7.6164 8.2767 7.5597 7.0327 7.2079 7.6720 7.1079 6.7381 6.6890 8.3951 8.8915 8.4911 8.5737 8.8065 8.6411 8.3382 7.8768 8.0095 8.1478 7.5008 7.3107 7.3211 7.6274 
5.1885 7.0886 7.4818 8.0033 7.9864 7.4606 7.5576 7.5951 6.8686 7.1810 6.9187 7.7559 8.1638 8.5559 8.5151 8.8150 8.7354 9.0717 8.7785 8.3533 8.4815 8.0601 7.6801 7.5779 8.1844 
5.6320 7.2945 8.2701 8.0148 7.2652 7.7607 8.2561 7.8577 7.5988 7.7613 8.1750 8.4785 8.6038 7.6545 8.1013 8.0927 8.0632 8.7614 8.4783 7.7443 7.8216 7.2700 7.1963 7.2703 7.4877 
5.2574 5.8967 7.3374 7.7713 7.9825 8.6836 8.8145 8.5517 7.8714 7.6953 7.5974 8.5684 8.7203 7.7840 8.2293 8.1918 8.2042 8.4449 8.2475 7.6190 7.7211 7.4268 7.1617 7.1197 7.3453 
5.1522 6.7720 7.5162 7.7349 7.6259 7.8859 9.3259 8.7007 7.2209 7.3640 7.8286 8.0240 7.6829 7.8228 8.7079 7.9343 7.8279 8.2004 8.3833 7.8135 7.4047 7.1267 6.8984 7.1302 7.6733 
5.0460 6.2448 7.4345 7.8390 7.8428 7.6653 9.0244 8.8922 8.0186 7.7021 7.4292 8.2054 8.2915 8.2314 8.7366 8.7381 8.3418 8.3105 8.2888 7.7828 7.9073 7.0174 6.5908 6.6568 7.6756 
4.6236 7.7280 8.1127 8.0301 8.2179 7.5717 8.7363 8.5222 7.4400 7.4470 7.6746 7.9440 8.0815 7.4919 8.7732 8.7136 8.3539 8.3248 8.6133 7.6333 7.5981 7.0648 7.2572 7.1793 7.9508 
5.0833 7.4275 8.0971 7.9764 7.3726 7.0492 8.3203 8.1619 7.4707 7.6524 6.6129 7.8490 7.9308 7.1549 8.4406 8.7428 8.1214 8.0506 7.8578 7.6896 7.4328 6.9981 6.6954 6.9347 7.7796 
4.4050 7.2682 8.1543 7.9450 6.8977 6.6842 7.6655 8.3581 7.2278 6.9226 7.3177 8.2130 8.0100 8.5016 9.0574 8.4871 8.8190 8.9267 9.0679 8.6652 8.2166 8.6550 8.3040 7.0986 7.6411 
4.5528 6.6503 7.2770 7.1712 7.3349 7.3955 7.3898 7.9938 7.6335 6.5466 6.8839 7.7322 7.5367 8.0843 8.5659 8.5799 8.8191 8.6617 9.8387 9.9336 9.2683 8.5867 7.8843 7.5731 7.1120 
4.4674 6.6681 7.0282 7.4659 6.8437 7.3371 7.5043 7.6278 7.3142 6.9224 6.9210 7.6681 7.7645 8.5104 8.4228 8.4063 8.8431 8.5030 8.9725 9.3339 8.9559 7.8450 7.9250 7.3778 7.0272 
4.3241 7.1254 7.3946 7.9671 8.0691 8.2415 8.7292 7.6432 6.6363 6.8112 7.0333 7.9092 7.8974 8.2282 8.9452 8.6522 9.1201 8.8585 9.2892 9.2554 8.8910 8.7334 8.0126 7.5961 7.6260 
4.8553 6.5389 7.0828 7.5604 7.0686 6.9455 8.3828 7.1678 6.7976 7.0961 6.8928 7.4568 8.2439 8.6157 8.2221 8.8175 9.2528 8.5911 9.1800 9.1706 8.8679 8.7601 7.2857 7.2277 7.1934 
4.7348 7.2630 7.2541 7.0342 7.1488 6.9960 7.8236 7.5367 6.7212 6.5963 6.4724 7.7279 8.0608 8.9910 9.2309 9.1908 9.0740 8.7468 8.7083 8.6519 8.6480 8.5818 7.9165 7.8340 7.6753 
5.5706 7.1431 7.9224 8.1557 7.3936 7.5540 8.3258 7.3904 7.0370 7.3225 7.7258 8.2164 8.2041 9.0376 8.7699 9.0803 9.7667 9.3033 9.5908 9.3111 9.7920 9.4643 8.3978 9.0888 8.9373 
5.0694 7.4899 9.0046 9.8253 8.9544 10.4151 8.9139 8.0761 8.8677 8.6080 8.0886 8.8729 10.0796 9.5559 9.4911 9.8647 9.3872 9.2670 9.6012 9.1710 8.2028 8.7633 8.5582 7.6201 7.5427 
5.2875 7.2778 9.6024 10.0164 9.4715 10.5388 8.9238 8.6898 8.3163 8.3070 8.9483 9.1764 10.8666 10.2957 10.1216 9.4993 9.0937 9.1705 10.0509 9.4656 8.5816 8.7046 7.9610 7.6392 7.5644 
6.3755 7.1139 9.5808 9.8436 9.7542 10.5934 9.1439 9.1018 8.8327 8.4926 8.1436 9.3050 10.9762 11.6352 10.3133 9.7684 9.4858 9.4927 9.5653 9.2667 8.5438 8.5738 7.7986 7.5586 7.5172 
4.7777 6.7679 9.6477 9.7337 9.8914 10.4070 9.4623 9.1445 8.6966 8.4474 8.2003 9.2735 10.0259 11.2490 11.4345 10.3937 9.0841 8.7302 9.4247 9.3404 8.5718 8.4512 7.7442 7.5072 7.6903 
5.2998 6.6924 9.8096 9.9377 9.7245 10.3232 8.9882 8.5035 8.2094 8.7457 8.6153 8.1163 8.9431 9.5663 10.8263 11.6303 10.1908 9.1190 9.0832 9.4770 8.8030 8.6203 8.1570 7.7199 8.0109 
4.7229 7.4665 9.7548 9.9432 9.5579 10.3514 8.9127 8.5481 8.3848 8.3230 8.6932 8.7687 9.0782 9.4028 9.9839 11.5767 11.1323 9.9947 9.5199 10.0928 9.5595 8.4888 7.6709 7.5290 7.9968 
6.6044 7.8894 9.7480 10.0362 9.4789 10.4936 9.0924 8.7969 8.7205 8.3137 8.9716 8.7785 8.9268 8.9864 9.3698 11.0307 11.4562 10.5701 9.9273 9.9519 9.8889 8.9785 8.2495 7.8480 8.0292 
6.0829 6.1198 9.4071 10.1652 9.2942 10.6938 8.9558 9.1932 8.7915 8.5527 8.1945 7.7982 8.5256 8.5706 8.8961 10.2797 11.1500 10.6681 9.8719 9.8376 10.0009 9.4148 8.5233 7.3972 7.4319 
5.7425 6.8957 9.5658 10.5175 8.7882 10.2086 9.1396 8.7467 8.3199 8.1393 7.4534 8.1297 8.5322 8.5781 8.3663 9.6200 10.2990 10.4968 9.8005 9.4894 9.6097 8.2022 7.9249 7.5941 7.3990 
5.6919 7.1848 9.1012 10.7355 9.0665 9.1125 8.9052 8.6463 8.8384 8.0929 8.0758 8.4898 8.5937 8.3541 8.0579 8.5527 9.5341 9.5355 9.0476 8.9642 9.3013 8.2979 7.3590 7.0460 7.1937 
6.3422 7.1831 8.8053 10.5515 9.1277 7.6240 8.1980 8.9416 8.9190 8.0138 7.9493 8.2241 8.3422 8.4276 7.5067 9.1137 9.2177 9.8314 9.5299 8.7578 8.6518 8.0001 6.7943 6.8152 6.9393 
5.5572 7.5077 8.2566 9.6928 8.2868 7.0508 8.2522 8.2201 7.8559 7.5660 8.0916 8.2134 8.5132 8.4404 8.4345 8.5976 8.5893 7.7858 8.4912 8.5739 8.4503 7.6282 7.3020 6.8645 6.9648 
4.7916 6.8247 7.2691 7.3876 7.1854 7.7890 8.1810 8.0615 7.8674 7.7612 7.9835 7.5787 7.2915 7.7517 7.6273 8.0592 7.6001 7.8120 7.5367 7.4628 7.3071 6.9726 6.9026 6.6459 6.2348 
4.6547 6.5821 7.4344 8.2485 7.3289 7.4615 7.9751 6.8602 7.0317 7.0270 7.4369 7.3100 7.9162 8.1706 7.4516 7.4250 7.7249 7.6166 7.7460 7.6471 7.0371 6.3341 5.7251 5.5278 5.8164 
4.9908 6.4886 7.4270 7.8483 6.6953 7.0925 7.2179 6.1947 6.5396 6.8679 7.2397 7.1103 7.5246 7.8342 7.6901 7.7339 7.8188 8.0720 7.8032 7.8561 7.3472 6.2449 6.0102 5.8100 5.8987 
4.3349 7.1887 7.5063 7.8902 7.9240 7.5925 8.3556 8.0969 8.2971 7.6165 7.2279 7.4178 7.4678 7.3965 7.5703 7.9110 8.3849 7.9753 7.9747 8.3271 7.4233 6.1962 6.2598 5.8334 5.5654 
4.7261 6.6018 7.5909 8.5848 8.4416 8.0035 8.1502 8.0366 7.7148 7.5444 7.0153 7.2816 8.0661 8.0482 9.0103 9.4396 9.0517 8.8620 9.2854 8.7189 7.9829 6.6385 6.7435 6.1499 7.2500 
4.9068 7.0660 7.9402 8.3864 8.7226 7.1790 7.2473 7.6820 6.8919 7.5995 7.4523 7.2925 7.2668 7.9205 9.0624 9.4331 9.1790 8.2488 8.7822 8.3524 8.0724 6.6601 6.6111 6.2135 7.0716 
6.9065 7.2681 8.0369 8.6757 8.7273 7.9951 7.7969 7.6152 7.4050 7.0117 7.1355 7.1653 7.5235 7.6087 8.1397 8.9455 8.6487 8.6450 8.7707 8.1252 8.2334 7.4021 6.9715 6.9789 7.6921 
3.8101 4.2307 4.8690 5.5731 5.7669 5.4595 5.3874 5.3836 5.3181 5.0859 5.3008 5.5109 5.9329 6.1993 6.8266 7.5230 7.4614 7.5992 7.7460 7.1123 7.4944 6.8855 6.5581 6.6296 7.2702 
0.6228 1.0498 1.6695 2.4953 2.8509 2.8789 2.9857 3.1471 3.2335 3.1624 3.4759 3.8678 4.3662 4.7920 5.5269 6.1739 6.3312 6.6007 6.8034 6.2610 6.8280 6.3765 6.1544 6.3149 6.9203 
-2.7292 -2.2472 -1.5699 -0.5570 -0.0396 0.2766 0.5828 0.9087 1.1516 1.2350 1.6592 2.2326 2.8108 3.3816 4.2307 4.8771 5.2395 5.6258 5.9006 5.4931 6.1977 5.8716 5.7561 6.0132 6.6227 
-6.2934 -5.6571 -4.8372 -3.5807 -2.9116 -2.3315 -1.8200 -1.3285 -0.9265 -0.6957 -0.1498 0.6036 1.2616 1.9696 2.9499 3.6432 4.1780 4.6642 5.0228 4.7626 5.5833 5.3700 5.3621 5.7191 6.3612 
-10.0332 -9.1626 -8.0871 -6.5736 -5.7665 -4.9344 -4.2186 -3.5621 -3.0000 -2.6288 -1.9504 -1.0201 -0.2839 0.5571 1.6859 2.4515 3.1326 3.7109 4.1614 4.0510 4.9764 4.8711 4.9716 5.4300 6.1237 
-13.4717 -12.7121 -11.2339 -9.5396 -8.6020 -7.5238 -6.6085 -5.7898 -5.0680 -4.5629 -3.7417 -2.6388 -1.8268 -0.8554 0.4299 1.2878 2.0964 2.7634 3.3115 3.3530 4.3742 4.3749 4.5843 5.1447 5.9029 
-16.8459 -16.2348 -14.2182 -12.4904 -11.4117 -10.0932 -8.9858 -8.0091 -7.1299 -6.4967 -5.5223 -4.2528 -3.3670 -2.2681 -0.8184 0.1457 1.0664 1.8207 2.4701 2.6664 3.7757 3.8812 4.1999 4.8627 5.6950 
-20.4183 -19.3916 -17.0863 -15.4416 -14.1841 -12.6374 -11.3477 -10.2179 -9.1852 -8.4289 -7.2908 -5.8620 -4.9041 -3.6808 -2.0587 -0.9800 0.0410 0.8825 1.6355 1.9898 3.1800 3.3900 3.8182 4.5835 5.4976 
-21.8654 -21.5988 -19.9322 -18.4047 -16.9045 -15.1529 -13.6921 -12.4141 -11.2338 -10.3583 -9.0457 -7.4668 -6.4368 -5.0918 -3.2898 -2.0929 -0.9807 -0.0512 0.8065 1.3218 2.5869 2.9012 3.4393 4.3069 5.3089 
-23.4554 -23.0268 -22.5522 -21.3548 -19.5595 -17.6386 -16.0177 -14.5961 -13.2753 -12.2835 -10.7858 -9.0671 -7.9634 -6.4953 -4.5099 -3.1956 -1.9993 -0.9800 -0.0177 0.6616 1.9959 2.4150 3.0629 4.0329 5.1273 
-22.7623 -22.7400 -22.7489 -23.2940 -22.2683 -20.0782 -18.3203 -16.7616 -15.3101 -14.2030 -12.5100 -10.6635 -9.4814 -7.8891 -5.7202 -4.2898 -3.0150 -1.9037 -0.8375 0.0085 1.4071 1.9313 2.6892 3.7614 4.9514 
-22.8739 -22.3568 -23.8547 -23.0670 -22.7941 -22.1830 -20.5540 -18.9236 -17.3379 -16.1160 -14.2174 -12.2565 -10.9880 -9.2744 -6.9235 -5.3768 -4.0281 -2.8217 -1.6535 -0.6383 0.8203 1.4502 2.3181 3.4922 4.7808 
-21.8341 -23.2793 -21.5711 -21.5985 -21.9972 -22.1764 -21.9491 -20.8403 -19.3155 -17.9943 -15.9071 -13.8468 -12.4799 -10.6482 -8.1208 -6.4577 -5.0388 -3.7335 -2.4659 -1.2793 0.2355 0.9717 1.9496 3.2253 4.6199 
-inf -21.1999 -21.9576 -21.1994 -21.2977 -21.1155 -21.4343 -21.2044 -20.8466 -19.7763 -17.5777 -15.4360 -13.9548 -12.0035 -9.3124 -7.5333 -6.0471 -4.6388 -3.2752 -1.9155 -0.3474 0.4957 1.5837 2.9607 4.4635 
-20.7944 -21.5465 -20.3040 -21.1988 -20.8258 -20.3419 -20.7371 -21.0975 -20.3801 -20.5684 -19.3631 -17.0453 -15.4096 -13.3357 -10.4985 -8.6041 -7.0533 -5.5369 -4.0817 -2.5475 -0.9283 0.0224 1.2204 2.6983 4.3105 
-20.1013 -20.0810 -20.2174 -19.9603 -20.6953 -19.6261 -20.1240 -19.7756 -19.6087 -19.9335 -19.8257 -18.6231 -16.8371 -14.6425 -11.6798 -9.6708 -8.0573 -6.4276 -4.8858 -3.1755 -1.5072 -0.4483 0.8597 2.4381 4.1606 
-19.4081 -19.0901 -18.6847 -18.9376 -19.0922 -18.8027 -19.0846 -19.2788 -19.0166 -18.8820 -18.7789 -18.7609 -17.8630 -15.8948 -12.8571 -10.7337 -9.0593 -7.3106 -5.6878 -3.7988 -2.0840 -0.9163 0.5015 2.1800 4.0137 
-18.3684 -18.8071 -19.2965 -19.3653 -19.1173 -18.8390 -18.8969 -18.9247 -18.6290 -18.6675 -18.5344 -18.6140 -18.8194 -17.0956 -14.0279 -11.7933 -10.0595 -8.1856 -6.4883 -4.4185 -2.6586 -1.3817 0.1459 1.9240 3.8698 
-17.4325 -17.7687 -18.3363 -17.6515 -17.9416 -17.9397 -17.9734 -18.3200 -17.8602 -17.4188 -18.0079 -19.0093 -18.7950 -17.5557 -15.1924 -12.8489 -11.0579 -9.0527 -7.2877 -5.0360 -3.2310 -1.8444 -0.2071 1.6700 3.7292 
-16.6355 -17.0410 -17.0535 -17.1222 -17.1551 -17.3343 -17.4260 -18.1556 -17.3192 -17.5313 -17.1608 -17.2695 -17.0458 -17.0451 -16.0529 -13.9006 -12.0575 -9.9119 -8.0865 -5.6520 -3.8011 -2.3044 -0.5575 1.4179 3.5917 
-16.5240 -16.6304 -17.3287 -17.7341 -18.0053 -16.9173 -17.9134 -16.9467 -17.6715 -17.7164 -17.0663 -16.8481 -17.0836 -16.8743 -16.9927 -14.9652 -13.0521 -10.7628 -8.8845 -6.2664 -4.3687 -2.7618 -0.9054 1.1678 3.4569 
-16.2890 -18.4273 -15.8818 -16.5870 -17.3802 -16.4021 -16.3071 -16.7759 -16.5244 -16.4891 -16.0754 -16.1248 -16.8991 -16.2496 -16.5556 -15.7902 -14.0567 -11.6048 -9.6792 -6.8780 -4.9337 -3.2165 -1.2507 0.9194 3.3246 
-15.5958 -15.5369 -15.6239 -15.5824 -16.2081 -15.7372 -15.8123 -16.0099 -15.5326 -16.0461 -15.1707 -15.8307 -15.3586 -15.4368 -15.6041 -15.9335 -14.9545 -12.4624 -10.4743 -7.4880 -5.4961 -3.6687 -1.5934 0.6729 3.1945 
-14.2095 -14.0219 -14.5122 -14.6480 -14.6476 -14.8238 -14.5352 -14.2997 -14.2774 -14.5778 -14.6042 -14.4820 -14.4460 -14.6264 -14.6754 -14.9744 -15.1783 -13.2048 -11.2700 -8.0968 -6.0558 -4.1182 -1.9336 0.4279 3.0666 
-13.8629 -13.8426 -14.5408 -14.3115 -13.8284 -13.9424 -14.2164 -15.4318 -14.3241 -14.6038 -14.2370 -14.0774 -14.5076 -13.9673 -14.5089 -14.7158 -14.4155 -13.5711 -11.9977 -8.7044 -6.6122 -4.5651 -2.2713 0.1846 2.9408 
-13.5164 -14.4803 -14.0391 -13.5168 -13.2945 -13.1542 -13.3176 -13.9000 -14.1336 -13.6031 -13.9515 -13.9463 -13.8011 -13.7692 -13.5538 -13.4899 -13.5977 -13.2578 -12.5342 -9.3108 -7.1655 -5.0094 -2.6064 -0.0573 2.8171 
-13.1698 -14.2684 -12.6054 -12.6546 -12.8617 -12.7288 -12.7876 -13.4347 -12.4746 -12.7322 -12.9494 -12.8921 -12.8865 -13.2921 -13.0789 -12.9302 -13.1854 -13.1514 -12.7738 -9.9073 -7.7177 -5.4513 -2.9390 -0.2979 2.6953 
-12.1301 -12.1172 -12.0698 -12.0031 -12.2212 -12.0079 -12.2012 -11.9536 -12.1898 -12.1336 -12.4960 -12.1041 -11.9267 -12.0755 -12.3958 -12.3026 -12.6958 -12.1506 -12.5491 -10.4332 -8.2693 -5.8904 -3.2690 -0.5371 2.5752 
-10.9788 -12.4009 -11.5649 -12.3280 -11.8772 -11.6686 -12.3932 -11.3172 -11.4066 -11.8546 -11.3754 -11.5196 -11.3986 -11.8261 -11.7073 -11.7199 -11.9338 -11.9081 -11.9509 -10.9025 -8.7826 -6.3260 -3.5963 -0.7753 2.4567 
-inf -10.8027 -10.9757 -10.7579 -11.0368 -10.8746 -10.8005 -11.1778 -10.7870 -11.0883 -11.3031 -11.5880 -11.2857 -10.9843 -11.2947 -10.9701 -11.0566 -11.2711 -11.5428 -10.8131 -9.2646 -6.7591 -3.9209 -1.0126 2.3397 
-inf -11.0904 -10.5347 -10.2859 -10.7067 -10.0214 -10.7116 -10.5290 -10.1248 -10.2378 -10.4026 -10.0012 -10.1917 -10.3759 -10.4852 -10.5369 -10.6616 -10.5546 -10.6825 -10.4833 -9.9514 -7.2129 -4.2434 -1.2490 2.2244 
-8.8993 -9.4164 -10.2794 -10.7983 -9.6625 -9.7548 -10.0854 -9.4463 -9.4317 -9.6556 -9.6001 -9.8576 -9.5362 -9.6571 -9.9984 -10.1483 -9.8641 -10.0577 -10.0581 -9.8574 -9.6402 -7.6000 -4.5619 -1.4848 2.1104 
-8.8993 -9.3861 -10.3669 -8.6532 -8.9098 -8.6141 -8.9289 -8.9722 -9.0873 -8.8916 -9.2438 -8.7919 -8.6118 -8.8885 -9.0808 -8.9776 -9.1591 -8.8994 -9.0265 -9.0068 -8.7742 -7.6997 -4.8659 -1.7199 1.9976 
-7.6246 -8.2792 -8.0233 -8.2503 -8.5620 -8.6011 -8.2570 -8.5533 -8.3770 -8.0935 -8.6912 -8.1690 -8.0467 -8.3470 -8.4172 -8.2801 -8.6915 -8.5448 -8.8024 -8.4771 -8.4853 -7.9939 -5.1760 -1.9556 1.8859 
-inf -8.0301 -7.8715 -8.7964 -8.4402 -7.9953 -7.6602 -7.7219 -7.4204 -7.8559 -7.9357 -7.7782 -7.4553 -7.5058 -7.7681 -7.6280 -7.8536 -7.6872 -7.8144 -7.8892 -7.7659 -7.7219 -5.5104 -2.1918 1.7757 
-inf -7.3369 -7.0895 -7.0122 -7.1337 -7.8114 -6.8550 -7.3006 -7.5057 -7.1162 -6.8939 -6.9397 -6.9132 -6.8389 -7.0266 -6.9542 -7.1654 -7.0759 -7.1046 -7.2072 -7.1301 -7.0668 -5.8400 -2.4293 1.6668 
-6.2383 -5.5350 -6.9012 -7.0779 -6.0576 -6.8379 -6.1990 -6.9246 -6.7498 -6.8258 -6.1600 -6.3225 -6.4753 -6.0675 -6.4220 -6.6047 -6.4478 -6.5268 -6.3032 -6.5228 -6.3600 -6.2412 -5.6635 -2.6561 1.5588 
-6.2383 -5.7032 -5.7154 -6.3163 -5.5994 -5.7924 -5.7669 -6.4659 -6.2565 -5.4782 -6.0225 -6.0759 -5.8716 -5.7716 -6.0157 -6.3970 -6.2239 -6.0454 -6.0877 -6.1004 -6.0210 -5.7246 -5.6327 -2.8883 1.4513 
-4.7405 -5.1127 -5.4197 -5.1574 -4.9698 -5.4365 -5.1053 -5.7421 -5.2447 -5.2654 -5.1723 -5.5307 -5.4163 -5.1486 -5.6120 -5.4495 -5.2023 -5.3628 -5.4166 -5.2474 -5.4353 -5.3815 -5.4029 -3.0954 1.3456 
-inf -5.9506 -4.8213 -4.8115 -4.3764 -4.4928 -4.8276 -4.4952 -4.6267 -4.4037 -4.4455 -4.5199 -4.2594 -4.2708 -4.2139 -4.5033 -4.1181 -4.5049 -4.4414 -4.3836 -4.3733 -4.4586 -4.5606 -3.3207 1.2401 
-4.1589 -3.6481 -4.9166 -3.5458 -3.5894 -3.6947 -3.5381 -4.0725 -4.4956 -4.3000 -4.2941 -3.8156 -3.8187 -3.9283 -3.7813 -3.9212 -3.8669 -4.2176 -4.2102 -4.2729 -4.3053 -4.0372 -4.2365 -3.4314 1.1373 
-3.4657 -4.5643 -4.7342 -3.6581 -3.2814 -2.9508 -3.1089 -3.7398 -3.7694 -3.5552 -3.6044 -3.6414 -3.2968 -3.5202 -3.4317 -3.2968 -3.5763 -3.5050 -3.5744 -3.6075 -3.7076 -3.5425 -3.3389 -3.3499 1.0349 
-2.7726 -2.2618 -2.5471 -2.7058 -2.8416 -2.1494 -2.6662 -2.4250 -2.4732 -2.4968 -2.7142 -2.5776 -2.9715 -2.7717 -2.6714 -2.7692 -2.7074 -2.6496 -2.6767 -2.5929 -2.8583 -2.8642 -3.0482 -3.0339 0.9289 
-2.0794 -3.0665 -2.0753 -2.1335 -2.0145 -1.4477 -1.5864 -2.0958 -2.0320 -2.1732 -2.5521 -2.7540 -2.3140 -2.0709 -2.3616 -2.0224 -2.0917 -2.3049 -2.3724 -2.4148 -2.2405 -2.1210 -2.0533 -2.2045 0.8469 
-1.3863 -2.1383 -1.2480 -1.9498 -1.5276 -1.7260 -1.3959 -1.3531 -1.4565 -1.7837 -1.7855 -1.8724 -1.8888 -1.5534 -1.9103 -1.5551 -1.5785 -2.0150 -1.5610 -1.3998 -1.5186 -1.4587 -1.3604 -1.5775 0.7618 
