20.2776 -0.4639 -0.1148 -0.4333 -0.2916 -0.0348 -0.7308 -0.3226 -0.8305 0.0115 0.4428 0.5813 -0.3566 
19.2252 -0.0424 -0.4583 -1.1276 -0.4211 0.5163 -0.7150 -0.1545 0.7901 -0.0751 -0.5159 0.4983 0.5221 
20.2031 0.5462 -0.7143 -1.4655 -0.9311 0.3989 0.2336 0.0961 -0.3259 -0.6273 0.2238 -0.2869 0.2602 
18.8736 -0.3803 0.1346 -0.6848 -0.3489 -0.6150 -0.4714 0.2368 0.1721 -0.2220 0.0706 -0.5037 -0.0471 
18.9056 -0.3886 -0.4234 -1.0184 -1.5656 -1.1336 -0.7828 -0.1581 -0.4659 -0.7530 0.0121 -0.3008 -0.2263 
17.4830 -1.4689 -2.1950 -1.2942 -1.4415 -0.8623 0.4665 0.8146 0.7452 0.1953 -0.0439 0.6610 0.2762 
18.5345 -2.8744 -1.6256 -0.9761 -1.1316 -1.4348 -0.9976 -1.2489 -1.4193 0.7216 -0.5289 -0.4155 -0.0593 
19.6647 -0.5825 -0.9144 -0.1327 -1.0601 -0.8651 -0.5984 -0.4490 -0.2332 -0.8420 -0.3100 -0.0458 -0.0845 
18.6626 -0.0737 -0.6788 -0.3439 -0.5493 -0.6763 -0.4407 -0.7392 -0.6192 -0.4012 -0.7043 -0.5093 -0.1051 
19.8077 0.1186 -1.6499 -0.2352 -0.7994 0.2441 -0.2039 -0.1441 -1.4717 -0.9543 -0.4208 0.4610 -0.1252 
18.6874 -1.0294 -2.0418 -1.5335 -1.0412 -0.3163 0.1332 -0.0070 0.3983 0.7414 0.4233 1.1674 -0.1268 
18.5319 -0.4167 -0.7034 -1.2396 -0.5620 1.3457 0.1707 0.2135 -0.7121 -0.5402 0.0048 -0.1567 -0.0313 
19.0768 -0.5006 -0.7711 -0.8768 0.5601 0.3036 0.0398 0.0585 -0.5218 0.3062 -0.2642 -0.0067 0.2629 
18.3315 -0.4911 -0.5070 -0.5983 -1.3516 -0.3401 0.3838 0.4512 0.3726 -0.0401 -0.2964 0.0968 -0.0994 
18.1623 -0.5166 -1.3671 -1.3820 -0.6836 0.1143 -0.0269 -0.2797 -0.3140 -0.4412 -0.3384 -0.1289 0.3499 
18.7252 -0.5367 -0.0900 -0.2885 -0.4183 -1.2148 -0.0428 0.8840 0.7182 -0.4803 0.1390 -0.3569 -0.1527 
19.4422 -0.7171 -1.5565 -0.7430 -1.3315 -0.5026 -0.1158 0.2771 0.9208 -0.0886 0.4416 0.1309 0.8378 
18.9102 -0.5560 -1.4378 -1.0598 -0.8546 -0.7357 0.3032 -0.2798 0.5427 -0.2745 -0.1502 -0.0996 0.5391 
18.8045 -1.2306 -1.0847 -1.6523 -1.2352 -0.6778 -1.1362 -0.4484 -0.6457 -0.2421 -0.1007 -0.2504 -0.3590 
19.1889 -1.1669 -1.9163 -1.9109 -0.8584 -0.6868 0.0636 0.5666 -0.8763 0.6032 0.2472 0.1568 0.1352 
18.0373 -0.9807 -0.6080 -2.1324 -1.2798 0.3680 0.0518 -1.0078 0.2703 0.1274 -0.5415 -0.4500 0.2260 
19.1903 -0.8470 -0.7955 -1.9715 -0.6211 -0.2107 -0.6581 -0.6129 -0.3567 0.2292 -0.0450 -0.2051 -0.0212 
19.6668 -0.8965 -0.7574 -1.1940 -0.2092 -0.2044 0.0188 -0.2419 -1.4674 0.0750 0.2725 -0.0391 -0.1814 
19.2422 -0.7305 -0.9745 -1.4701 0.0253 0.2729 -0.8959 -0.4477 -0.1189 -0.3065 0.1774 -0.2566 0.1964 
18.6159 -1.2209 -0.9054 -1.2035 -0.5193 -0.1270 0.1919 -0.2611 0.2999 -0.2723 -0.1633 -0.2331 -0.1762 
18.7298 -0.4236 -1.0553 -0.6540 -0.5701 -0.1686 -1.0732 0.5100 -0.1869 -0.8686 -0.7472 0.3388 -0.5040 
19.4044 -0.1236 -0.6110 -1.6879 -1.3308 0.1654 0.6898 -0.2064 0.1904 -0.1848 -0.3303 0.0007 -0.1225 
19.6701 -1.2650 -1.1367 -0.8615 -0.8327 -0.5190 0.0654 -0.8435 -0.2942 -0.0051 0.0217 0.0201 0.3630 
19.1799 -0.7606 0.0691 -0.6371 -0.0941 -0.2944 -0.8528 -0.4664 -0.0656 -0.3078 -0.4791 -0.0546 -0.3696 
20.1443 0.5374 -1.2216 -1.1655 -0.6878 -0.4110 -0.0005 -0.4093 -0.6113 -0.9518 0.1084 0.1712 -0.4598 
18.2902 -0.9998 -1.4490 -0.1957 -1.3508 -1.5308 -1.0867 -0.6717 0.2834 -0.2436 0.5713 0.3950 -0.4576 
20.3797 0.1526 -0.7197 -1.4297 -1.4710 -0.0762 -0.8942 -0.7002 -0.4467 -0.0546 0.4409 -0.4860 0.1860 
19.0645 -0.9343 -1.3350 -1.1120 -0.1332 -0.2421 -1.0730 -0.4336 -0.7309 0.2976 0.4683 0.6527 0.4444 
19.3891 -0.9672 -1.9894 -1.4843 -1.4592 0.5189 -0.3340 -0.4945 0.2946 -0.2346 0.1901 -0.8302 -0.3133 
18.9728 0.5919 -0.0034 -0.9871 -1.1556 0.0236 -0.0314 -0.8200 -0.1276 0.0115 -0.3155 -0.1035 0.3987 
19.5908 -0.2678 -0.6443 -1.0936 -1.7303 -0.0701 -0.0874 -1.0356 -0.9264 0.0962 0.3908 -0.1284 -0.0648 
18.9678 -0.2345 0.3568 -0.9610 -1.7937 0.6741 -0.6338 -0.5964 0.5773 0.4254 -0.1691 0.0599 0.3454 
19.2594 0.7264 0.0822 -0.6442 -1.0366 -1.5835 -1.4363 -0.3417 0.1538 -0.4223 0.0005 -0.1959 -0.5086 
18.8754 0.8089 -0.1642 -1.7324 -0.1426 -0.7487 -1.1156 0.0782 -0.6370 -0.6913 0.1513 0.8948 -0.5110 
18.2282 -1.7767 -0.9219 -2.1809 -0.3450 -0.2796 -0.3099 0.3239 0.2416 -0.1232 0.0926 -0.1030 -0.6126 
18.4523 -0.7076 -1.3503 -0.9955 0.5356 0.0616 0.1472 -0.5296 -0.9502 -0.7374 -1.2632 -0.5105 0.1552 
18.9870 -0.1311 0.2062 -0.4311 -1.6681 -1.5081 0.9500 -0.0979 -0.4166 -0.4660 -1.3009 0.0831 0.4877 
19.3106 -0.4405 -0.8249 -0.6587 -1.1533 0.3305 0.1402 -0.1533 -0.3962 0.4537 -0.2657 -0.7279 -0.3505 
18.9626 -0.8990 0.3655 -0.1471 0.0705 0.5036 -0.4467 -0.2945 -0.9353 -0.7079 0.0205 -0.4097 -0.0917 
19.5457 -1.3200 -0.8339 -0.7994 -0.7273 0.3885 -0.2555 -0.6090 0.3140 0.0437 0.3482 0.1322 0.3646 
17.8952 0.0258 -0.3086 -1.3911 -1.4283 -1.5372 0.0633 -0.9372 -0.5837 0.4016 -0.4920 -0.1006 -0.1656 
19.0825 -1.0419 -0.6725 -1.8280 -1.3398 -1.0166 -1.0300 -0.8497 -0.2832 0.3480 0.1337 -0.1500 -0.5203 
18.1463 -0.9559 -1.4604 -2.6231 -1.1891 -0.9950 -0.0638 0.3761 -0.3026 -0.6072 -0.3743 -0.2087 -0.3147 
19.8676 -0.7833 -0.7250 -0.6552 -0.7111 -0.7053 -0.3932 0.0366 -0.7646 -0.6504 0.6265 0.2714 0.1935 
19.6174 1.1273 -0.0879 -0.9290 -1.2325 -0.9015 0.4879 -0.5779 -0.5397 0.4169 -0.2189 -0.0598 -0.2673 
20.3003 0.8170 -1.0852 -2.0316 -1.2682 -0.2596 0.1335 -0.2344 0.3400 -0.3643 0.3587 -0.0889 0.0332 
18.6497 -0.0380 -2.6715 -1.1458 -1.0353 -0.4309 -0.6934 0.2341 -0.3971 -0.1547 -0.0344 0.3547 0.0071 
18.6835 -0.3332 -0.0761 -1.0317 -0.3759 -0.3470 -1.1079 -0.2627 0.1080 0.1746 0.6897 -0.4178 0.0019 
19.3001 -0.2316 0.0504 -0.5699 -1.3011 -0.7765 -0.6734 -0.0689 0.7549 -0.2388 -0.3255 -0.3121 0.5978 
19.7048 0.8793 -0.0985 -1.5070 -1.1201 0.0884 0.1069 0.0645 -0.2737 -0.4935 0.0526 0.0823 0.1452 
20.3441 0.6705 -0.3201 -1.0675 0.3242 -0.3281 -0.5751 -0.1509 -0.2836 0.1122 -0.5740 -0.1783 0.1464 
19.3521 -0.7234 -0.0115 -0.6429 -1.1646 -1.3674 -0.1447 -0.3927 -0.4989 -0.5414 0.0773 0.2020 -0.0527 
18.5149 -0.1293 -0.9924 -1.4943 -0.8444 -0.9202 -0.1590 -0.1199 -0.6242 -0.0369 -0.3736 0.6732 -0.2685 
18.4315 -0.8679 -2.5714 -1.1113 -1.6942 -1.1584 -1.1080 0.2599 -0.9069 -0.3052 0.2757 -0.2461 -0.2304 
19.2822 -2.1236 -2.0494 0.0110 -1.2656 -0.8177 -0.8695 0.5950 -0.3734 0.0817 -0.7909 -0.1799 -0.5791 
19.6578 0.0200 0.1249 -1.0259 -0.7359 -0.5703 -0.4063 -0.4823 -0.4408 -0.2066 -0.3484 0.2139 -0.0646 
18.5685 -1.0313 -1.8733 -1.5913 -0.7069 0.6014 0.1549 -0.9700 -0.8503 -1.7592 -1.0399 -0.4983 0.0637 
19.8746 0.0074 -0.3775 -1.2070 -1.0186 -1.2687 -0.8408 -0.5240 0.3369 -0.0706 -0.6578 -0.0233 -0.1494 
19.5368 -0.4070 -0.5263 -1.0484 -0.8832 -0.6191 -0.2972 -0.2757 -0.4104 -0.9924 -0.1231 -0.3176 -0.5517 
18.8756 -0.8139 -0.4628 -0.6621 -0.9511 -1.2408 -1.5339 -1.0904 -0.2278 -0.3970 -0.5771 -0.6068 -0.1352 
19.7897 -0.3754 -1.7121 -1.6423 -1.3393 -1.0862 -1.2471 -0.0611 0.6623 0.5479 0.8349 0.7966 0.3269 
20.3167 0.1715 -0.5358 -0.9599 -1.2742 -1.5501 -1.2499 -0.1090 -0.9098 -0.0519 -0.2258 -0.5374 -0.0665 
19.2588 0.2470 -0.4195 -1.0697 -0.1544 -1.0900 -0.4580 0.3160 -1.3239 -1.2048 -0.1335 -0.0098 -0.0101 
20.6761 0.0772 -0.2221 -1.5046 -0.9947 0.2561 -0.9113 -0.1393 -0.1573 -0.0920 -0.5050 -0.1827 -0.1169 
18.9696 -1.5441 -0.7742 -0.1591 -0.2338 -0.5845 -0.3958 0.2785 0.3799 -0.3895 0.4202 0.2174 -0.8124 
19.1044 0.6524 -0.4388 -0.5511 -1.6421 0.3036 0.2208 0.8541 -0.3447 -0.6265 -0.1767 -0.5797 0.2254 
18.8651 0.1286 0.2919 -1.4240 -1.1915 -0.0072 -0.8726 0.3260 -0.1507 0.0336 -0.1393 0.0881 0.5909 
19.9516 -0.2425 -0.6324 0.0264 -1.2645 -0.1468 0.1553 0.3118 0.0602 -0.0817 0.3036 -0.4328 -0.6460 
19.6747 -0.0767 -0.2075 -1.8406 -1.0591 0.0818 -0.9534 -0.2913 -0.3941 -0.4173 0.3771 -0.1149 0.1240 
18.6809 -2.0606 -0.5919 -0.6805 -1.8461 0.0918 0.7437 0.6764 -0.5214 -0.0200 -0.6825 -0.0819 -0.2212 
17.7767 -1.1922 -0.0279 0.2829 -1.0483 -1.0178 -0.8643 -0.5820 -0.2860 -0.4334 0.5309 0.0514 -0.7963 
19.0698 -0.9957 -1.3338 -0.6890 -0.3188 -0.0967 -0.9096 -0.5377 -0.1601 -0.7163 0.2254 0.3689 -0.1945 
17.6059 -1.5376 -1.0840 -0.4588 -0.5495 -0.2179 -0.1210 0.7539 -0.7431 -0.3862 -1.0056 -0.2569 0.1862 
19.3675 0.0888 -0.2823 -0.1049 0.3311 -1.3233 0.4055 0.7467 -0.5250 0.0694 -0.4683 -0.3308 0.1167 
18.9018 0.0673 0.6139 0.5505 -0.3499 -0.1983 -1.7850 -0.2056 -0.6903 -0.1528 0.5359 -0.1547 0.0662 
19.3792 -0.4171 -0.8850 -0.8801 -1.1300 -0.3974 -0.5684 -0.3021 -1.1619 -0.1709 -0.0499 0.0207 0.0248 
17.7380 -0.7768 -0.6013 0.2940 0.1280 0.4865 -1.0701 -0.3239 0.0352 -0.2939 -0.2060 -0.3655 -0.9289 
18.3392 -0.4812 -1.0228 -0.5453 -0.7676 -1.2186 -1.3236 -0.9361 -0.4765 -0.8581 -0.8328 -0.0130 -0.1255 
20.8768 0.6313 -0.6607 -0.6517 -0.7109 -0.3609 -0.3807 0.1810 -0.9899 0.0246 -0.2965 -0.1268 0.0389 
17.7247 -1.5593 -1.6349 -0.7119 0.7846 2.1009 0.1082 1.1505 0.2813 -1.4911 -0.6364 0.2455 0.2183 
19.6339 0.0435 -1.2847 -0.2973 0.3340 -0.3011 -0.4766 0.5112 -0.4141 0.3039 0.2716 -0.6564 -0.3358 
18.7102 -0.4779 0.5481 -0.7646 -0.1844 -0.4579 0.1957 0.6500 -0.2086 -0.3689 -0.1172 0.1944 0.3453 
18.9383 0.1117 -0.4609 -0.7095 0.1795 -0.8169 -0.2951 0.1761 -0.3121 -0.0767 0.4002 0.1518 0.1310 
26.8855 -3.3015 -4.3785 -0.1701 -0.5677 0.3040 0.1731 -1.3438 -0.7737 -1.0782 -0.4364 -0.4624 -0.2230 
28.4619 0.6032 -4.0090 1.2836 -1.1676 -1.2024 -1.1926 -0.5832 -0.6243 -0.4943 -0.0911 -0.0298 -0.2350 
29.8798 2.5496 -3.1898 -0.1968 -1.2393 -1.3588 -1.0969 -0.8319 -0.4662 -0.7669 -0.4986 -0.0406 -0.1145 
33.2042 2.4239 -2.5278 -1.6382 -0.9994 -0.5139 -1.1205 -0.5699 -0.7148 -0.3064 -0.2757 -0.1881 -0.5730 
33.8491 1.8452 -3.2462 -2.2952 0.9222 -1.2391 -0.7691 -0.3055 -0.6691 -0.8290 -0.4240 -0.8899 -0.0763 
34.3351 1.1647 -3.0618 -1.7646 1.0368 -0.5561 -0.4676 -0.4169 -0.7084 -0.8554 -0.7324 -0.8769 -0.1062 
35.1632 1.5301 -3.4931 -1.6399 0.5986 -0.9157 -0.3449 -0.4936 -0.1505 -1.0723 -0.1061 -0.8569 0.0560 
35.7100 1.5580 -3.7971 -1.7952 0.4030 -1.0186 -0.5136 -0.1804 -0.1658 -1.0083 -0.3183 -0.5066 -0.2584 
35.7934 1.9984 -3.8041 -1.6250 0.4729 -0.7891 -0.7662 0.1826 0.0821 -0.8219 -0.4475 0.0219 -0.4550 
36.4927 0.7658 -3.7378 -1.4879 -0.0555 -0.5534 -1.4020 0.1864 0.0482 -1.0300 -0.8977 -0.0088 -0.7603 
36.4512 0.5447 -3.4418 -1.1137 0.1848 -0.4333 -1.4939 0.3478 0.1047 -1.2131 -0.8824 0.0082 -0.7224 
36.6273 0.4234 -3.9015 -0.9376 -0.1567 -0.5930 -1.3775 0.2885 -0.0115 -1.0343 -0.9241 -0.0721 -0.5140 
36.7894 0.5057 -4.0555 -1.1025 0.0645 -0.5487 -1.0787 0.0579 0.2365 -0.8947 -0.8119 -0.0974 -0.3545 
36.5853 1.0701 -4.4239 -0.9769 0.0303 -0.2048 -1.2853 0.6682 0.0173 -0.1489 -1.0505 0.2371 -0.3614 
35.9886 1.4670 -4.4586 -1.4256 0.3604 -0.6210 -0.9278 0.1824 0.5655 -0.3007 -0.7923 0.0784 -0.1714 
35.8358 0.5305 -3.8709 -1.6961 0.0955 -0.3050 -1.3633 0.2079 0.5580 -0.4402 -0.9404 -0.4066 -0.4067 
35.2347 1.3375 -3.6483 -1.4279 0.0431 0.1618 -1.7424 0.5912 0.2354 -0.0882 -1.2572 0.0704 -0.0787 
34.5890 1.7689 -3.7708 -1.7327 0.7020 -0.3806 -1.3681 0.5192 0.1764 0.0016 -1.2312 -0.0357 0.0312 
34.3895 2.0978 -4.2096 -1.4858 0.8783 -0.6052 -0.9918 -0.0138 -0.0075 -0.5976 -0.7352 -0.1086 -0.3389 
33.7886 2.6780 -3.8047 -1.5923 1.0641 -0.6154 -1.0085 0.7573 -0.6822 -0.0494 -0.5172 0.0426 0.0106 
33.2248 2.9230 -3.8078 -1.9232 0.2054 -0.0685 -1.5061 0.3856 -0.4937 -0.6648 -0.4143 -0.0426 -0.4703 
32.8255 3.3714 -3.3345 -1.9738 -0.4505 0.6201 -1.2525 0.3569 -0.6373 -0.3853 -0.2717 -0.0901 -0.3238 
32.3418 3.8012 -2.8202 -2.4865 -0.2256 0.3688 -0.8469 0.3248 -0.8780 -0.0660 -0.3034 -0.2185 -0.2747 
31.5568 3.7986 -2.8555 -2.4803 -0.5564 0.0523 -1.4440 -0.0127 -0.1988 -0.5344 -0.7736 -0.1736 -0.4560 
31.2542 4.3660 -2.8818 -1.2660 -0.3821 -0.4621 -1.1862 1.0017 -0.1768 -0.3246 -0.8926 -0.1261 -0.0994 
30.3255 4.7674 -3.3172 -1.2666 0.0363 -1.0780 -1.3070 1.3137 -0.3022 -0.7436 -0.8732 -0.6874 0.1370 
30.9034 3.9464 -2.7271 -1.4335 0.0149 -0.7069 -1.1240 0.5377 0.1842 -0.7245 -0.5490 -0.8941 0.2169 
29.8628 3.3885 -1.5429 -1.3761 -0.4445 -0.3676 -0.6093 0.0187 -0.2695 -1.0346 -0.4740 -0.5195 -0.2571 
30.2107 2.8655 -3.0596 0.0710 0.1004 -1.1002 -0.5672 -0.8593 -0.1708 -0.8453 -0.2607 -0.1281 -0.2146 
27.6880 3.2674 -1.3506 0.0327 -0.9720 -0.8437 -0.9742 -0.6706 -0.3877 -0.7046 -0.7214 0.1256 0.1551 
27.9653 3.6176 -2.5016 -1.3236 -1.5640 -0.5438 -1.0461 -0.5896 -0.1560 -0.7176 -0.4569 -0.3220 -0.1146 
27.6189 3.2908 -3.0379 -1.5203 -1.1556 -0.9034 -1.4256 -0.2894 -0.6648 -1.1003 -0.3837 -0.8378 -0.1690 
27.5174 4.1255 -2.7308 -0.7884 -0.5071 -1.0505 -1.2094 -0.1930 -0.4617 -0.7492 -0.6551 0.1959 -0.3269 
26.7454 3.3958 -2.0273 -0.8975 0.2468 -0.2018 -2.5017 0.0819 -0.8437 -0.7580 -0.5530 0.2259 -0.3341 
26.3702 3.9700 -1.6946 -0.5187 -0.1318 -0.1000 -1.3288 -0.4682 -0.4324 -0.9152 -0.3544 0.3390 -0.1829 
25.2005 3.4328 -1.6166 -0.4799 0.0755 0.1315 -1.6338 -1.1761 -1.0377 -0.4070 -0.0104 0.2254 0.0758 
25.6145 3.2502 -0.6958 -0.8269 -0.7861 -0.5878 -1.4258 -0.3452 -0.3659 -0.2374 -0.2658 -0.2333 -0.1908 
24.4098 2.7488 -0.9220 -0.7441 -0.7397 -0.6909 -1.0876 -0.5433 0.4074 -1.4388 -0.9092 -0.0939 -0.1380 
26.3322 2.3636 -1.1645 -0.7013 -0.7068 -1.1511 -1.0768 0.5587 -0.0682 -0.6947 -0.8266 -0.1964 0.1776 
24.1450 2.1972 -1.3185 -1.7816 -0.9144 -0.8980 -1.4326 -0.3126 0.0575 -0.6018 -0.9516 -0.0797 -0.1736 
22.3218 1.6692 -1.9802 -0.7760 -0.3626 -0.5242 -1.1673 0.7821 0.1731 -0.3892 -1.2169 -0.0153 0.2522 
21.6739 -0.3119 -2.3998 -1.2198 1.4304 -0.3953 0.1538 0.0155 -0.6091 -0.9235 -1.4462 -0.0601 0.0754 
21.8304 0.3012 -1.4453 -1.4532 0.3880 -0.6739 -0.5313 0.5382 0.1639 -0.2222 -0.1652 -0.1478 -0.2800 
21.1808 -0.4072 -1.9801 -0.8973 -1.3315 -0.6835 -1.1322 -0.0767 -0.7064 0.1376 -0.5866 -0.1441 -0.5161 
20.1019 -0.6665 -1.2747 -1.8704 -0.8377 -0.8422 -0.4533 -0.4761 -0.3770 0.0505 -0.4718 -0.2155 -0.2637 
20.3371 0.0394 -1.6761 -2.0416 0.4332 -0.8015 -1.2772 0.0121 -0.6105 -0.2136 -0.0427 -0.5960 -0.0528 
20.3824 0.2767 -1.5712 -1.5648 -0.3050 -0.2196 -0.7811 0.2127 -0.2749 -0.4529 0.3958 0.0382 -0.8014 
19.8042 -0.5301 -1.2569 -0.4108 -0.5050 0.7384 -0.9213 -1.2764 -0.3802 -0.1850 0.1632 0.1982 0.3022 
21.3077 -0.4535 -1.1724 -0.8565 -1.2398 0.3325 -0.9127 -1.0422 -0.1560 -0.2980 -0.3013 0.1179 0.0019 
19.3643 0.2971 0.2424 -0.3141 0.1881 -0.4239 -1.6325 0.1311 -0.5973 -0.5938 0.1874 0.3564 0.0499 
18.4714 -0.3354 -1.5858 -0.9670 -1.7311 -0.7000 -1.4245 -0.5028 -0.6923 -0.6720 -0.8709 -0.0134 -0.3961 
20.0858 -0.1597 -0.2132 -1.0958 -0.8517 -0.5797 -0.2881 -0.0660 -1.0683 0.2737 -0.0326 -0.9841 0.0832 
19.4816 -0.7589 -0.2658 -1.4127 -1.5895 -0.0841 -0.7730 -0.2826 -0.1561 -0.6713 -0.4465 0.0870 0.0047 
20.4877 -0.4374 -0.7078 -0.0602 -0.0933 -0.4989 -0.8549 -0.7833 0.0021 -0.0658 0.4714 0.0706 0.0114 
19.0410 -0.9067 -1.1729 -1.3539 -0.5731 0.1939 0.5193 0.0504 0.0419 -0.2435 -0.6460 0.2751 0.5581 
19.6009 -0.1976 -0.3950 -2.1858 -2.1290 -0.7283 -0.3776 -0.5949 -0.1426 0.2839 -0.3732 -0.1964 0.1067 
19.7555 -0.2042 0.0925 -1.1672 -1.0064 -0.4454 -0.5360 -0.7218 0.0780 -0.4361 -0.5833 0.3143 0.1536 
17.9457 -0.1407 -0.4547 -2.2308 -0.9345 -0.3435 -0.7981 0.5530 0.9204 -0.6544 0.0492 0.5886 -0.7055 
18.1735 -0.6427 -0.7871 -0.9764 -0.7252 0.2488 -0.4798 0.0748 0.2069 0.7757 0.3940 -0.3135 -0.8392 
19.1373 -1.1152 -0.9084 -0.7513 -1.3370 -0.5553 -0.0177 -0.4008 0.1588 -0.7224 -0.1627 0.5257 0.3725 
19.2705 0.2953 -0.6607 -1.3565 -0.3845 0.5383 -0.2695 -0.5860 0.0219 -0.8874 -0.2482 0.4131 -0.3604 
17.7594 -0.7061 -0.4143 -1.4895 0.2909 -1.1463 -1.7177 -0.4042 -0.1011 -0.1618 0.1292 -0.0369 0.2584 
19.4012 0.6254 -0.5807 -1.9398 -0.8212 -0.5118 0.1280 -1.2999 -0.0342 -0.2956 -0.0851 0.3372 0.0685 
19.4606 -0.6212 -1.0897 -1.1096 -1.5914 -0.3243 -0.9946 -0.4220 -0.0409 -0.0165 -0.3388 -0.3019 -0.1944 
19.2512 -0.6875 -0.3092 0.2718 -0.6353 -0.2734 0.1999 0.7656 0.1551 0.1962 -0.3159 -0.4770 -0.2350 
19.1003 0.1635 -0.8036 0.0357 0.2184 0.5943 -0.6741 -0.3847 -0.2098 0.2495 -0.0235 0.0207 -0.3602 
18.7708 -0.7146 -0.6656 -1.2980 -0.2605 -0.7173 -0.7065 0.1182 0.2532 -0.0318 0.2699 -0.1191 0.3439 
17.6564 -1.1734 -0.4530 -0.9691 -1.0853 -0.9617 -0.3595 0.7430 0.9667 -0.8152 -0.6202 -0.2001 0.9283 
18.9510 -1.2021 0.9141 -0.5536 -0.8032 -0.1849 -0.6956 -0.0571 0.1945 0.2119 -0.3059 -0.0623 -0.1779 
17.9652 -0.9007 0.1098 -1.3175 0.0339 1.5884 0.1808 -1.1005 0.0497 0.2631 -0.6977 -0.0316 0.0307 
19.2555 -0.5409 -1.5664 -1.6944 -0.5339 -0.0848 0.1274 -0.6443 -0.0445 -0.0354 -0.7219 -0.1522 -0.0069 
18.4490 -0.7334 -0.3631 -0.1892 -1.1579 -0.4587 -0.0164 -0.0509 -0.4369 -0.0049 0.0253 0.0847 -0.4145 
20.3701 -0.2552 -0.8142 -1.2687 -0.9706 0.2872 -0.2630 -0.1915 -0.5143 0.0158 -0.3974 -0.1366 0.1380 
19.4197 -1.1389 -1.7092 -2.0941 -0.8369 -0.3524 -0.4744 0.1035 -0.0883 -0.0864 0.1936 -0.2589 -0.1383 
18.7355 -0.2368 -0.8107 -1.8909 -1.1111 0.2593 -0.3767 -0.5920 0.7614 -0.3224 -0.3738 0.0381 -0.7010 
18.5496 -0.0792 -0.6862 -0.3252 -0.9678 -0.9512 -0.6259 0.5679 -0.1378 -0.3993 -0.8282 -0.2759 0.9126 
18.8794 0.8834 -0.9162 -1.1330 -0.6157 -0.8694 -0.3953 -0.5497 0.4665 -0.3745 -0.1193 0.1496 0.4737 
18.4540 0.3631 -1.1154 -1.3963 -1.5787 0.0011 -0.1673 0.5014 -0.1036 0.0626 -0.2669 0.5668 0.6977 
18.3427 0.0788 -0.5739 -0.9714 -1.2170 -0.9744 -1.2870 0.3163 -0.0006 -0.3539 0.7791 0.0355 -0.2602 
18.6920 -0.1529 -0.2398 -0.7356 -0.2074 -0.2611 -0.5045 -0.9082 -0.4121 -0.0531 0.2969 -0.2758 -0.7255 
17.4677 -1.7812 -1.7415 -1.3355 -0.2848 -0.5212 -0.9688 -0.5392 -1.0884 -0.1622 0.0633 0.0101 -0.1643 
18.6699 0.1291 -0.5006 -1.1382 -0.9767 -0.3946 -0.5989 -0.5002 -1.1273 0.2106 -0.1281 0.3486 -0.0999 
18.7417 -0.5256 -0.6458 -0.7616 -1.7054 -1.2588 -1.5034 -0.4701 -0.0805 -0.6041 -0.5585 0.1473 0.0393 
17.9219 -1.3636 -0.7451 -1.5111 -1.0745 -0.0986 -0.2865 -0.6689 -0.4845 -0.8254 0.1498 0.1162 -0.1410 
17.9961 -1.2621 -0.8506 -2.1298 -1.7259 0.7549 0.3468 -0.3134 0.4843 -0.0874 0.1249 -0.3992 -0.2265 
17.1907 -1.8181 -1.8003 -2.0507 -1.1120 -0.3930 0.3320 -0.0694 -0.4170 -0.2421 -0.5061 -0.3584 -0.3784 
17.6943 -1.5686 -2.4306 -0.5265 -1.0437 0.6696 0.9228 0.6455 0.0559 -0.4167 0.5954 -0.2618 -0.1514 
16.9756 -0.9341 -2.0193 -2.2137 -1.3990 0.8220 0.5574 0.4404 0.9621 0.5871 -0.1264 0.4089 0.1180 
17.8852 -0.3398 -0.6915 -1.4412 -0.6035 -0.3058 -0.0606 0.9087 -0.6123 0.1085 -0.2564 -0.6123 -0.1693 
18.1280 -0.3913 -1.4085 -1.3361 -0.9947 0.0727 0.4213 0.4704 -0.2331 -0.6545 -0.0115 0.1639 -0.6734 
17.7174 -0.1990 -0.5796 -1.5366 -1.7538 -0.6437 -0.8738 -0.1979 0.2193 -0.7801 -0.4700 0.3004 -0.5822 
18.5078 0.0841 -0.6918 -0.9166 -0.4199 0.1754 -0.5587 -0.6468 0.5468 0.3425 -0.3853 -0.4081 -0.6619 
18.1568 -1.4447 -0.7755 -0.9388 -1.4043 -0.7897 0.0373 0.7630 0.4706 0.0162 0.3363 0.3420 -0.0159 
17.6307 -0.3454 -0.7655 -0.8292 -0.3223 -0.1039 -0.4313 0.3027 -0.5473 0.2493 -0.3350 -0.3405 -0.1789 
17.2884 -0.3601 -0.7279 -0.5404 -0.0220 -0.9011 -0.4128 -0.5176 -0.2759 -0.0732 -0.3573 -0.1707 -0.3400 
18.2648 0.0545 -1.3486 -1.4924 -0.1653 -0.0284 -0.5649 -0.3389 -0.8010 0.0926 -0.1366 0.1947 0.0547 
17.0356 -0.4522 -0.6978 -1.4347 0.0575 -0.2015 -0.5443 0.5520 -0.1925 -0.3529 1.0057 -0.0385 -0.7247 
