24.9466 12.7419 -13.1954 -4.0244 6.8711 -1.6337 -4.4273 1.3497 -1.4578 -4.4259 0.7329 1.7189 -2.4296 
27.1527 15.1888 -11.3503 -2.7779 5.6827 -4.6391 -6.3987 0.0341 -3.5662 -5.7154 1.1417 2.3571 -1.5760 
29.6494 15.9462 -13.5333 -3.2753 7.1891 -3.3524 -5.1038 1.1957 -3.7238 -6.3783 0.8874 1.8901 -1.9280 
29.2414 16.2935 -13.2071 -4.6936 6.5870 -1.4993 -3.6013 1.4307 -2.6721 -4.9782 0.9607 1.5966 -1.5286 
28.7567 16.4794 -12.9394 -6.0792 5.3037 -1.4090 -3.8452 0.8605 -2.2786 -5.0595 -0.5484 0.7741 -1.0912 
27.6955 16.3163 -11.8266 -5.8434 5.2367 -0.3131 -2.5756 1.2599 -2.0981 -4.6667 -0.1489 1.0493 -1.1920 
28.8022 17.2475 -12.4413 -7.4229 4.5266 0.3025 -2.0951 0.9220 -2.4198 -4.6464 -0.4568 0.1720 -1.9096 
29.8136 19.5023 -9.6597 -5.9423 4.8756 0.8125 -1.2090 2.2104 -0.7829 -3.7635 -0.8526 -0.3967 -2.0464 
30.6536 21.3514 -7.2657 -4.6547 4.6036 0.1246 -1.7000 1.4260 -2.0942 -5.0556 -1.7015 -1.0527 -2.7679 
29.6686 21.6115 -5.1935 -3.8198 3.5898 -0.8326 -2.0529 1.2197 -1.8021 -4.2775 -1.3235 -1.2321 -2.9034 
29.6950 22.2414 -4.0066 -3.2996 3.3374 -0.9008 -1.7619 1.3852 -1.7525 -4.1789 -1.3739 -1.3717 -2.6922 
31.6061 24.5284 -2.4090 -2.3898 3.0730 -2.2215 -2.8953 1.3517 -0.8474 -3.1871 -1.4103 -2.5185 -3.4086 
33.0623 25.6044 -2.8019 -3.0346 2.6848 -2.8365 -3.7355 0.9065 -0.5383 -2.6510 -1.8078 -3.9680 -4.3048 
35.4483 26.5565 -4.6778 -3.9869 2.9539 -3.2843 -4.2509 1.1700 -0.5773 -3.1695 -1.9027 -3.8790 -4.4832 
37.9074 27.9818 -5.9446 -4.8273 3.5790 -2.5825 -3.8851 1.3750 -0.8149 -3.4003 -1.4896 -3.3708 -4.2358 
39.1758 28.4796 -7.1369 -5.5129 4.2936 -1.6961 -3.5610 1.2670 -1.5311 -4.3235 -1.3839 -2.2921 -3.5646 
39.7443 28.1242 -8.8078 -6.5813 4.3301 -1.2174 -3.1392 0.8382 -2.8322 -5.1175 -1.3139 -2.3607 -3.8016 
41.1842 28.6184 -9.7665 -6.3281 5.5526 -0.5338 -2.5326 1.4715 -2.9916 -5.3152 -0.6270 -1.6851 -3.7452 
41.7972 28.9187 -10.0873 -6.2393 6.1816 -0.1120 -2.4569 1.4876 -3.1045 -5.4383 -0.3148 -1.1348 -3.6023 
41.8826 28.6332 -10.7062 -6.3664 6.4857 -0.0163 -2.6220 1.1974 -3.6086 -5.8777 -0.2823 -0.9315 -3.7653 
41.7438 28.1767 -11.3689 -6.6199 6.6811 0.0390 -2.9353 0.8154 -3.8865 -6.1082 -0.3623 -0.7684 -3.7284 
41.5164 27.9908 -11.5004 -6.8613 6.7144 0.4685 -2.7908 0.3644 -4.3760 -6.2765 -0.3446 -0.6530 -3.7204 
41.3287 28.1801 -11.1948 -7.1395 6.8732 1.4060 -2.5061 -0.1031 -4.4233 -6.1578 -0.6247 -0.6876 -3.4298 
40.8939 27.7536 -11.1613 -6.8002 7.0259 1.2800 -2.5424 -0.0138 -4.4603 -6.1585 -0.3430 -0.4144 -3.4302 
39.5796 26.8040 -11.0070 -6.7860 6.9416 1.6008 -2.6033 -0.9544 -5.4214 -6.6128 -0.6247 -0.6314 -3.5812 
39.3284 27.0662 -10.1697 -6.2709 7.3852 2.1589 -2.5270 -1.0264 -4.9382 -6.0677 -0.3824 -0.2064 -3.1446 
38.6247 27.0780 -9.0361 -5.5723 7.7186 2.9406 -1.9519 -1.0965 -4.7387 -5.4479 -0.1207 -0.0280 -2.4830 
37.6868 26.2496 -9.0614 -5.6875 6.7501 1.7310 -2.5902 -1.4097 -4.9600 -5.2613 0.1329 -0.4278 -3.3366 
37.2671 26.3657 -8.3830 -5.6024 6.7546 2.2842 -2.3271 -1.6499 -4.9462 -5.2093 -0.2574 -0.6572 -2.9489 
36.6178 25.9306 -8.1853 -5.3410 6.9353 2.2649 -2.7119 -1.8977 -4.7975 -5.2781 -0.4960 -0.3323 -2.4996 
36.0559 25.5883 -7.9106 -5.2283 6.6230 2.2380 -2.2286 -1.5978 -4.8162 -5.0548 -0.2107 -0.5493 -2.8006 
35.7343 25.0109 -8.5270 -5.5837 6.4709 2.1518 -2.1717 -1.4993 -4.9028 -5.2120 -0.2504 -0.5945 -2.9357 
34.6975 24.2548 -8.2951 -5.1172 6.9102 2.2617 -2.6767 -1.9131 -4.8764 -5.4972 -0.6874 -0.3076 -2.4381 
33.8984 24.1824 -7.0464 -4.3716 6.6225 2.1656 -2.2059 -1.5524 -4.6470 -5.1579 -0.6231 -0.5435 -2.4667 
32.7803 23.3151 -6.7113 -3.7614 6.6657 1.8845 -2.2545 -1.2754 -4.1694 -4.6484 -0.3475 -0.5527 -2.5849 
31.6415 22.3415 -6.9183 -4.1654 5.9079 1.1939 -2.9081 -1.9474 -4.7712 -5.3083 -0.9085 -0.5136 -2.0623 
30.6359 21.5031 -6.6264 -3.2457 6.7078 1.6062 -2.8525 -2.2017 -5.0736 -5.2353 -0.4023 0.0554 -1.7242 
30.1546 21.3603 -6.2711 -3.3851 6.0789 1.1579 -2.9025 -1.8295 -4.4954 -4.9888 -0.3729 0.4101 -1.3804 
28.9433 20.4139 -5.7080 -2.3193 6.1988 0.7812 -2.3309 -0.6139 -3.9029 -4.8302 0.0977 0.7863 -1.6100 
27.6834 19.6833 -5.1935 -2.1107 6.0790 1.2578 -1.4656 0.1302 -3.3762 -4.8281 -0.3515 0.5329 -1.8126 
25.9780 18.1913 -5.3216 -2.0813 5.6367 0.6353 -2.1851 -0.6602 -3.9260 -5.1672 -0.8553 -0.1358 -2.3265 
25.7352 17.7729 -5.6161 -1.9541 5.8614 0.6634 -1.9515 -0.0600 -3.5354 -5.1565 -0.6728 0.3396 -1.9866 
24.4063 16.7054 -5.5448 -2.0672 5.0325 0.1797 -1.5180 0.6737 -2.7194 -4.0724 0.1235 0.4290 -2.0443 
