24.9237 13.9775 -10.1097 -1.6275 6.6298 -2.9147 -4.7488 1.1768 -2.4748 -5.5193 -0.1995 0.7262 -2.4447 
30.0157 16.3990 -13.0586 -2.5701 7.8229 -3.4844 -6.0576 0.2337 -4.1640 -6.7560 -0.0321 0.7330 -2.3325 
28.6314 15.9938 -12.8097 -4.3743 6.6504 -1.6707 -4.2543 0.6586 -3.0095 -5.2640 0.2151 0.7204 -1.9849 
27.9460 16.2297 -11.8885 -4.9718 5.8202 -1.2504 -4.1926 -0.0816 -3.0433 -5.1102 -0.4628 0.4210 -1.4167 
29.6048 19.4233 -8.4945 -3.5255 6.0925 -0.1705 -2.2967 1.9121 -1.6105 -5.1326 -1.4343 0.0264 -1.3478 
29.7004 21.2301 -5.3964 -2.5174 5.3823 -0.3661 -2.6125 0.7118 -2.3388 -5.1237 -2.0428 -1.3078 -2.4204 
31.2075 23.1326 -4.3696 -2.7639 4.5449 -0.7349 -2.3627 1.2384 -1.4437 -4.0923 -1.9812 -2.4379 -3.0792 
31.1335 23.4886 -3.4892 -2.3839 3.9092 -1.6754 -2.7781 1.3457 -1.2733 -4.0873 -2.0583 -2.4983 -3.2231 
31.7640 24.3328 -3.0325 -2.6349 3.2541 -2.2720 -3.2237 1.1718 -0.9270 -3.4505 -1.8268 -2.9603 -3.7805 
32.7535 25.2468 -2.7984 -2.6511 2.9077 -2.8796 -3.4391 1.4909 -0.4633 -2.9695 -1.5486 -3.1422 -3.9262 
33.5004 26.0782 -2.7183 -3.1336 2.9324 -2.3640 -3.4666 1.2708 0.0843 -2.4574 -2.0460 -3.6929 -3.6137 
34.0606 25.6315 -4.2447 -3.6457 2.9244 -3.0038 -3.8105 1.3807 -0.5365 -3.3944 -2.3120 -3.8974 -4.2021 
33.7667 26.3138 -2.9042 -3.6959 2.6709 -1.8102 -2.7744 1.1224 -0.5015 -2.4739 -1.8158 -4.0210 -3.8930 
35.1844 26.6288 -4.2273 -3.7842 3.4912 -1.8029 -2.7976 1.5653 -0.8281 -3.2868 -1.7136 -3.3434 -3.5259 
35.7420 26.9822 -4.5090 -3.9621 3.8278 -1.5459 -3.1152 1.0699 -1.0914 -3.4436 -1.7699 -3.1775 -3.4137 
37.0415 26.9875 -6.3490 -4.6047 4.3017 -1.4233 -2.8585 1.2303 -2.1293 -4.5357 -1.4373 -2.3248 -3.1481 
37.6436 27.4981 -6.9018 -5.7525 4.4281 0.1328 -1.9269 0.7943 -2.7501 -4.6487 -1.1687 -1.9070 -2.9547 
38.5606 27.1868 -8.4655 -5.6239 5.3964 -0.1004 -2.2874 1.0079 -3.2473 -5.5175 -1.0138 -1.2911 -2.9407 
38.5753 27.2265 -8.4131 -5.3950 5.9138 0.2252 -2.3504 1.1195 -3.0035 -5.6003 -0.9136 -0.8146 -3.0992 
39.2156 27.3750 -8.8514 -5.1677 6.3918 0.4633 -1.7425 1.7461 -3.1124 -5.7681 -0.6479 -0.7177 -3.1591 
38.2600 26.6724 -8.7381 -5.1645 6.1693 0.3966 -1.9711 1.1302 -3.5993 -5.8974 -0.7520 -0.8427 -3.2084 
37.5914 26.2642 -8.6578 -5.3092 6.2690 0.9795 -1.9336 0.4399 -4.0126 -5.8566 -0.7172 -0.8276 -3.4293 
36.9035 26.0443 -8.1158 -4.9925 6.7661 1.9326 -1.5032 0.2740 -3.9903 -5.8628 -1.0402 -0.9302 -3.2271 
36.8702 26.0103 -7.9328 -4.3732 7.5028 2.2197 -1.6694 0.0066 -4.2889 -5.9811 -0.4627 0.0246 -2.9470 
37.0892 25.9300 -8.1707 -4.0830 7.7793 2.1090 -1.5941 0.2409 -4.2113 -5.7567 -0.2931 -0.2991 -3.1232 
36.6547 25.8078 -7.9296 -4.5258 6.7808 1.4237 -1.9367 -0.0295 -4.2132 -5.5315 -0.2645 -0.5031 -3.3025 
36.2116 25.4641 -7.9775 -4.5646 6.9626 1.7589 -2.0014 -0.4687 -4.6366 -5.9154 -0.5054 -0.4935 -3.4368 
36.2933 25.5371 -7.7640 -3.9879 7.6130 2.1641 -1.7515 -0.2815 -4.4710 -5.5962 -0.1431 -0.4129 -3.4292 
35.5421 25.3960 -7.1344 -4.1637 7.1163 2.3255 -1.6890 -0.6874 -4.5906 -5.5767 -0.5052 -0.6841 -3.3806 
35.3378 25.2377 -6.9326 -3.6227 7.6886 2.7010 -1.5674 -0.7735 -4.5837 -5.2295 -0.0708 -0.4441 -3.2389 
35.9595 25.1590 -7.8169 -3.7856 7.5970 1.8563 -1.9369 -0.2241 -4.3192 -5.3775 0.0819 -0.2646 -3.4344 
35.2145 24.7200 -7.5235 -3.5636 7.8312 2.3833 -1.6268 -0.2910 -4.2862 -5.2573 0.0150 -0.3371 -3.4019 
34.6651 24.6665 -6.8452 -3.4915 7.3344 2.4478 -1.0796 -0.0667 -4.2065 -4.8647 0.3213 -0.4792 -3.6015 
33.5632 23.6732 -7.1190 -3.7739 6.9940 2.2704 -1.3980 -0.6518 -4.8366 -5.5454 -0.3919 -1.0822 -4.1877 
33.3962 23.7422 -6.6405 -3.0927 7.9251 3.0261 -1.3667 -0.7430 -4.4117 -5.2599 -0.4950 -0.5310 -2.8653 
32.9101 23.4480 -6.1653 -2.6990 7.0015 1.4046 -1.9508 -0.2901 -4.1011 -5.1230 -0.0976 -0.2827 -3.1079 
31.6245 22.7163 -5.5480 -2.1954 7.3064 1.9329 -1.9058 -0.7654 -4.0599 -4.6326 0.0682 -0.2258 -2.8639 
30.6230 21.9925 -5.2375 -1.7141 7.4474 1.8145 -2.0298 -0.4525 -3.2886 -4.0852 0.1794 0.0451 -2.3067 
28.5425 20.8604 -4.3072 -1.6533 6.5090 1.8480 -1.2716 -0.3166 -3.7449 -4.7009 -0.4520 -0.2067 -2.1528 
26.5312 19.0843 -4.0365 -0.4939 6.8343 1.2934 -1.2570 0.7251 -3.0461 -5.2040 -1.1146 -0.1153 -1.9748 
25.3961 18.1449 -4.0492 -0.6457 6.0860 0.6754 -1.3220 0.8158 -2.9400 -4.8223 -0.7128 -0.2404 -2.5543 
24.5292 17.5433 -3.8488 -0.5090 6.0920 0.9689 -1.0536 0.9281 -2.3232 -3.7816 -0.2140 -0.2783 -2.3095 
23.3630 16.8893 -3.3398 -0.5149 5.2294 0.2859 -1.1819 0.9861 -2.4687 -4.2864 -0.6475 -0.1480 -1.9615 
24.9147 17.7109 -4.1991 -1.1763 4.7751 -0.7275 -1.7083 1.9641 -0.5799 -2.4163 0.5463 0.2065 -1.5274 
