nan nan nan nan nan nan nan nan nan nan nan nan nan 
nan nan nan nan nan nan nan nan nan nan nan nan nan 
nan nan nan nan nan nan nan nan nan nan nan nan nan 
nan nan nan nan nan nan nan nan nan nan nan nan nan 
nan nan nan nan nan nan nan nan nan nan nan nan nan 
17.4859 -1.7183 0.3881 -0.9538 -1.8878 -0.6650 -0.8892 -0.0451 -0.6529 -0.2091 -0.0454 -0.2064 -0.1253 
14.5302 -0.6905 0.6545 -0.7367 -0.6760 -0.1669 -0.5409 -0.0234 0.1390 0.1077 -0.5111 -0.0905 -0.0790 
12.9109 -0.8218 1.0692 -0.7026 -2.0372 -0.1740 -0.5236 -0.5319 0.2231 -0.4944 -0.3511 -0.4156 -0.0679 
12.1635 -1.0746 0.9424 -0.7725 -1.3297 -1.7828 -0.6675 -0.1790 -1.4901 -0.9094 -0.3404 -0.3058 -0.1685 
15.2269 -0.5952 1.6765 -0.2565 1.3630 0.4320 -0.9705 -0.1922 -0.8797 0.0160 -0.1944 -0.2674 -0.0254 
14.2715 0.6313 0.5864 -1.1348 -0.7762 -0.1431 -0.5202 -0.2060 -0.2806 -0.4011 -1.1618 -0.6076 0.4621 
14.6567 0.6619 -0.1879 -2.2424 -0.8211 0.2063 -0.1268 0.0721 -0.0634 -0.7006 0.1269 -0.2851 -0.2116 
14.0403 -0.2137 0.3781 -0.2447 -0.4062 -1.1301 0.3601 -0.2766 -0.8067 -0.3769 -0.3552 0.4499 -0.4313 
14.7720 -0.0902 -0.2354 -1.0558 -0.9081 0.2634 -1.5299 -0.7384 0.6272 -0.8798 0.1552 -0.3613 -0.2399 
14.4202 -1.8261 -0.2028 0.1014 -0.5251 1.1665 -0.2513 0.2788 0.0463 0.5705 -0.0770 -0.6438 -0.4271 
15.4698 -0.8437 0.3994 -1.1754 -0.5065 -0.3512 -0.5522 -0.6543 -0.3411 0.4508 -0.3102 -0.5825 0.0187 
15.0302 -1.0298 0.2367 -0.6113 -0.5932 -0.7181 -0.2574 -0.7983 -0.3815 -0.4159 -0.1216 0.0834 -0.1518 
15.5367 -1.0490 -0.7222 -0.3600 -0.8748 -1.2273 -0.4771 -0.4905 -0.4823 -0.3024 0.1432 -0.5396 -0.3321 
14.5148 -0.6647 -0.0623 -0.5597 -0.7525 0.3016 -1.1423 -1.1165 -0.3637 -0.8790 0.1665 -0.3482 0.4901 
14.5851 -0.0267 0.6923 -0.7864 -0.1881 -0.2861 -1.6465 -0.2997 -0.4601 -0.0709 -0.1027 -0.4181 -0.2257 
15.5280 -0.3753 1.2348 -0.0380 -1.5331 -1.7919 -0.7139 0.0581 0.6641 -0.7009 -0.7596 -0.3709 0.3941 
13.9341 -0.6340 0.1675 -0.6376 -1.0390 -0.5553 -1.0435 0.1483 0.2029 -1.1340 -0.9307 -0.7921 0.1603 
14.5770 -0.0754 0.4355 -0.6097 -0.7694 -0.1095 -0.8253 -1.0057 -1.3349 0.0420 -0.0489 -0.1609 0.2082 
13.8258 -0.4071 1.4002 -0.7307 0.5641 -1.0417 -0.9960 -0.1645 -0.3882 -0.6943 0.2916 -0.0763 0.0778 
14.4766 -1.2395 1.4388 0.1066 -0.8342 -0.6679 -1.4512 -0.0704 0.1988 -0.7249 -0.0983 -0.3855 0.1627 
26.1409 -0.1114 -3.6573 -1.3861 -0.6103 -0.0504 -0.0168 -0.6040 -0.1277 -0.3492 -0.0873 -0.4836 0.0043 
26.6570 1.9814 -3.7320 -1.9981 -1.0667 -0.7477 0.3950 0.3074 -0.0226 -1.1468 0.1723 -0.5079 -0.1384 
28.1989 1.1209 -4.9730 -1.9377 -1.3833 -1.6703 -0.6224 1.2824 1.5831 -0.6149 -1.4636 0.0946 -0.2176 
29.1028 0.7973 -4.4990 -2.1182 -1.9952 -0.6019 -0.4815 1.3590 1.8025 0.3322 -2.1782 -0.0441 0.4150 
28.6814 -0.5212 -4.8542 -2.6971 -1.9405 -1.2525 -0.5016 1.9176 2.4318 1.2716 -1.2851 0.5292 1.1612 
29.6972 0.0770 -3.8911 -2.0621 -1.6238 -1.1738 -0.2251 1.7154 2.4869 0.0473 -1.7043 0.0419 0.6226 
30.0989 0.5422 -4.1823 -1.9179 -1.5831 -0.8932 -0.3547 2.6800 2.1128 0.0983 -1.4480 0.9155 0.1070 
29.9504 1.6253 -4.0630 -2.4199 -0.4762 -1.2006 -0.9042 3.3280 1.5014 -0.6170 -1.1032 0.4552 0.0193 
30.1877 0.7713 -4.4226 -1.9427 -1.6508 -0.8819 -0.0571 1.9963 1.5437 -1.2068 -1.1392 0.6074 -0.7668 
28.6771 -0.7616 -5.2937 -2.2742 -1.6692 -0.1321 0.0622 2.3761 2.1425 -1.4077 -0.5264 1.0021 -0.9233 
27.4867 -0.4945 -3.4117 -2.1994 -2.3902 0.8820 1.0651 2.1836 1.4974 -1.6067 -0.3190 0.6681 -1.0203 
28.0347 0.1835 -4.3475 -1.8792 -2.1643 1.2960 0.8520 2.2721 0.1117 -2.1919 -0.0799 -0.0283 -0.0772 
26.6864 1.1821 -4.5368 -2.3260 -1.0418 0.3289 1.0243 3.6815 0.6507 -1.2846 -0.1295 -0.3953 -0.5417 
24.2266 -0.1434 -4.2124 -2.9844 -1.7501 0.4589 0.0299 2.3555 0.1572 -1.9023 -0.1491 -0.2244 0.0634 
21.7648 0.1541 -3.3012 -2.1499 -2.1057 -0.8671 -0.3871 0.4727 -1.7087 -1.8946 -0.5657 -0.8219 -0.2378 
22.4152 1.6259 -3.0975 -1.3975 -1.4940 -0.8892 0.0835 1.2432 0.0063 -1.7072 -0.5091 0.0564 -0.2615 
21.7145 1.5317 -2.7061 -1.9838 -0.9800 -0.7523 0.9214 1.7846 0.6746 -1.4581 -0.6692 -0.1923 0.1794 
20.0209 1.5428 -1.7327 -2.4241 -0.5177 -0.2822 -0.1912 0.3976 0.3023 -0.7988 -0.9227 -0.1544 -0.0665 
18.6127 -0.2644 -1.7258 -2.3666 -0.7431 0.0335 -0.5386 0.0507 -0.0492 -2.1618 -0.5901 -0.2209 0.0871 
18.3244 -0.3892 -0.3030 -1.4793 -1.2197 0.2514 -1.0842 -0.1174 0.1577 -0.6382 0.1766 0.2106 0.5605 
17.0877 -0.1223 0.1549 -0.6783 -1.6897 0.4569 0.3022 0.3850 -0.6390 -0.9355 -0.9710 -0.0405 0.2338 
14.8504 -1.7347 -0.1971 -0.2601 -0.5185 0.5243 -0.1296 -0.3489 -0.0574 -0.5596 -0.1268 0.0623 0.0423 
3.4814 -3.8158 -0.4449 0.0203 0.0160 0.6862 0.1558 -0.1856 -0.0748 -0.4985 -0.2566 -0.0785 0.0757 
-7.2450 -5.1935 -0.4414 -0.0412 -0.0656 0.3357 0.1741 0.0031 0.1992 -0.1992 -0.0939 -0.0848 -0.0018 
-17.9316 -6.5143 -0.3752 -0.0787 -0.1043 0.0304 0.1350 0.0258 0.3252 -0.0986 -0.0059 -0.0762 -0.0144 
-28.6670 -7.8970 -0.3299 -0.1173 -0.0880 -0.2159 0.0879 -0.0348 0.4137 -0.0651 0.0620 -0.0695 -0.0171 
-39.4539 -9.3569 -0.3149 -0.1552 -0.0037 -0.3962 0.0763 -0.1096 0.5678 0.0238 0.1990 -0.0311 -0.0216 
-50.0634 -10.5910 -0.0332 0.0947 0.4399 -0.2312 0.3751 -0.0063 0.8629 0.1110 0.2324 -0.2257 -0.3840 
-59.5196 -10.4669 1.0897 0.5767 0.7449 -0.4279 0.2455 -0.4604 0.6643 -0.1604 0.2587 -0.0352 -0.1358 
-68.3342 -9.8557 2.0269 0.4099 0.5778 -0.6821 0.4067 -0.6602 0.6766 -0.3372 0.2151 -0.0627 -0.0862 
-77.2082 -9.4513 2.8231 0.1012 0.4115 -0.8434 0.7304 -0.8255 0.6793 -0.3953 0.3378 -0.0221 -0.2736 
-85.9780 -9.3241 3.5111 -0.3202 0.2857 -0.9171 0.9769 -0.8676 0.6277 -0.4371 0.3224 0.0629 -0.2075 
-94.6037 -9.2712 4.1272 -0.9044 0.1391 -0.9113 1.3252 -0.7539 0.6776 -0.3380 0.2880 0.3444 0.1916 
nan nan nan nan nan nan nan nan nan nan nan nan nan 
nan nan nan nan nan nan nan nan nan nan nan nan nan 
-98.5029 -1.2657 0.6909 -0.2119 0.9327 -0.6244 0.6627 -1.1246 0.6833 0.2854 -0.4445 -0.2172 0.2433 
nan nan nan nan nan nan nan nan nan nan nan nan nan 
nan nan nan nan nan nan nan nan nan nan nan nan nan 
nan nan nan nan nan nan nan nan nan nan nan nan nan 
nan nan nan nan nan nan nan nan nan nan nan nan nan 
-87.8033 -0.6822 0.6706 0.5268 1.0523 -0.0178 -0.2969 0.8567 0.3681 -0.0436 0.2756 -0.0049 -0.8393 
-inf -inf -inf -inf -inf -inf -inf -inf -inf nan nan nan nan 
nan nan nan nan nan nan nan nan nan nan nan nan nan 
nan nan nan nan nan nan nan nan nan nan nan nan nan 
nan nan nan nan nan nan nan nan nan nan nan nan nan 
-inf -inf -inf -inf -inf -inf -inf -inf -inf nan nan nan nan 
nan nan nan nan nan nan nan nan nan nan nan nan nan 
-68.8745 -0.2530 0.7877 0.6936 0.3253 -0.5860 -0.4656 -0.7747 -0.9619 0.4490 -0.0763 0.5631 1.2000 
nan nan nan nan nan nan nan nan nan nan nan nan nan 
nan nan nan nan nan nan nan nan nan nan nan nan nan 
-60.6894 0.9099 -0.2182 0.2310 0.3859 -0.0894 -1.0488 -0.0256 -0.8780 -0.3394 0.6270 0.4423 0.2024 
-inf -inf -inf -inf -inf -inf -inf -inf -inf nan nan nan nan 
-54.8621 0.2870 -0.1644 0.5901 -0.2944 -0.6629 1.3110 0.5744 0.5402 0.5387 0.1139 -0.2625 0.1564 
nan nan nan nan nan nan nan nan nan nan nan nan nan 
-50.9292 0.8669 -0.3160 -0.1115 0.9686 -0.4458 1.2461 0.0442 -1.0363 0.9568 -1.5984 -0.5300 0.7272 
nan nan nan nan nan nan nan nan nan nan nan nan nan 
nan nan nan nan nan nan nan nan nan nan nan nan nan 
nan nan nan nan nan nan nan nan nan nan nan nan nan 
-40.2139 0.2053 1.1595 -0.1099 -0.0938 1.1148 -0.0955 1.1747 1.3687 -0.3192 -0.6654 0.5730 -0.4191 
-inf -inf -inf -inf -inf -inf -inf -inf -inf nan nan nan nan 
nan nan nan nan nan nan nan nan nan nan nan nan nan 
-31.0660 -0.0403 -0.3023 0.6619 0.1956 0.0447 -0.0518 0.3169 -0.2570 0.8587 0.0330 -0.1506 -0.5087 
-29.9485 0.4985 0.5431 0.8932 0.1354 -1.2023 0.1404 0.3398 0.7117 0.5379 -0.2110 -0.4090 -0.9138 
nan nan nan nan nan nan nan nan nan nan nan nan nan 
nan nan nan nan nan nan nan nan nan nan nan nan nan 
-inf -inf -inf -inf -inf -inf -inf -inf -inf nan nan nan nan 
-18.6260 0.1768 0.6455 1.8807 0.2486 0.5015 0.1352 -0.0956 -0.3705 0.3639 -0.4834 0.4031 -0.1255 
