21.7192 12.4392 -8.6743 -1.6274 6.4092 -1.2103 -3.3775 2.1854 0.5730 -2.2942 0.5227 0.6163 -1.7261 
22.0889 13.6953 -7.4650 -2.4897 4.7168 -1.4814 -2.8331 2.5105 1.2330 -1.5587 0.3725 0.3278 -1.1823 
22.0619 14.2524 -6.4079 -2.1016 4.6513 -1.0503 -2.3709 2.2211 0.8907 -1.1182 1.1386 0.8088 -0.8973 
21.0845 13.3178 -7.1022 -3.5126 3.0902 -1.4475 -1.8307 2.5480 0.7798 -1.2267 1.0401 0.4675 -1.3200 
22.1071 14.2357 -6.9160 -3.5199 2.7891 -2.3466 -3.0206 1.3788 -0.4170 -2.4670 -0.1322 -0.4351 -1.8956 
22.3129 14.1424 -7.3044 -3.5591 2.8107 -2.6205 -3.0417 1.8969 0.2835 -1.5952 0.9490 0.3761 -1.4752 
22.7168 14.9104 -6.3416 -2.8017 3.2853 -2.1759 -2.6407 1.9037 -0.2350 -2.1717 0.8747 0.5473 -1.9048 
22.3103 14.1400 -7.2628 -3.2871 3.4693 -1.8011 -2.4891 1.9016 -0.3588 -2.4966 0.6218 0.6771 -1.5271 
21.8314 13.9388 -6.9145 -3.2670 2.9459 -2.2396 -2.5621 2.0163 -0.0352 -2.0022 0.8380 0.5070 -1.4571 
22.6492 14.4839 -7.0622 -3.0441 3.6676 -1.8718 -2.8043 1.7072 -0.0765 -2.1448 0.1409 -0.3667 -1.7618 
23.2744 15.2245 -6.6877 -3.1729 3.1552 -2.1810 -2.5194 2.0746 -0.0957 -1.9196 1.2187 0.8921 -1.1867 
22.2783 14.5047 -6.3367 -2.4799 3.7896 -1.7830 -2.7378 1.4937 -0.4312 -2.3199 0.3880 0.3992 -0.9631 
22.9915 14.7874 -7.3347 -3.9796 2.6366 -2.4713 -3.2207 1.1012 -0.5665 -2.1440 0.3262 -0.4993 -2.3283 
22.6478 14.7947 -6.5657 -2.9806 3.4491 -2.0856 -3.1363 1.4889 0.0590 -2.0651 0.0173 -0.3973 -1.9403 
22.6953 14.4563 -7.1689 -3.3225 2.8519 -2.9297 -3.3821 1.4621 -0.4675 -2.4308 0.0688 -0.7280 -2.3232 
22.7939 14.4090 -7.5178 -3.5843 3.1894 -2.0603 -2.6953 1.5083 -0.6347 -2.1655 0.7526 -0.1329 -2.2496 
23.3059 15.3325 -6.4575 -2.8262 3.5996 -1.8017 -2.4613 1.8145 -0.4926 -2.5213 0.3474 0.0882 -1.7412 
22.6669 14.4020 -7.3649 -3.5527 3.1151 -2.1917 -3.0055 1.1169 -0.9370 -2.4789 0.4219 -0.3361 -2.4919 
23.5458 15.1701 -7.2071 -3.3658 3.3895 -2.0819 -2.7337 1.8959 0.0544 -1.7216 0.8902 0.0711 -2.0523 
23.1943 14.7227 -7.4740 -3.5771 2.9078 -2.5507 -2.6802 2.0220 -0.3093 -1.9035 1.4842 0.6947 -1.9067 
23.7853 15.4350 -7.0852 -3.3045 3.5509 -1.7364 -2.3475 2.0656 0.1039 -1.3715 1.4325 0.2278 -1.9859 
23.2434 14.5519 -7.8892 -3.7178 3.1425 -2.3892 -2.7032 2.1563 -0.0910 -2.0937 0.9631 0.5176 -1.4709 
23.1249 14.5308 -7.8688 -3.9129 3.0059 -2.3478 -2.9361 1.5698 -0.6093 -2.5127 0.4080 -0.1441 -2.2328 
23.5692 15.1076 -7.4071 -3.6659 2.9145 -2.5901 -2.9441 1.7189 -0.7729 -3.0492 -0.1271 -0.4943 -2.3864 
23.2040 14.3244 -8.1981 -3.7590 3.1046 -2.8716 -3.4401 1.5218 -0.6787 -2.6919 0.4926 0.1309 -1.8788 
23.1152 14.6331 -7.5830 -3.5172 3.4133 -2.1434 -2.8911 1.9136 0.0635 -2.0559 0.5817 0.2094 -1.6460 
23.6367 15.0537 -7.6416 -3.5958 3.7700 -1.2953 -2.0649 2.1360 0.0216 -1.5965 1.3540 0.6515 -1.4847 
23.4366 14.9122 -7.5399 -3.4624 3.7324 -1.3897 -1.9889 2.4436 0.4621 -1.3406 1.0334 -0.1116 -2.0767 
23.6875 15.0592 -7.6582 -3.5909 3.5278 -1.7992 -2.3001 2.3668 0.2390 -1.7057 1.0166 0.1502 -1.9082 
23.5510 15.0758 -7.4802 -3.5858 3.4690 -1.9168 -2.8692 1.3426 -0.8991 -2.7998 0.3143 0.2089 -1.5473 
22.6742 14.1488 -7.7890 -3.8089 2.5892 -3.1361 -3.6385 0.9709 -1.2056 -3.0581 -0.2313 -0.8694 -2.6076 
23.6713 15.3236 -6.9609 -2.7360 4.3757 -1.2138 -2.2040 2.3414 0.4420 -1.6243 0.7979 -0.0205 -2.1259 
24.3292 16.0120 -6.6500 -2.7457 3.9008 -1.7718 -1.9955 3.1384 0.7373 -2.0477 0.3797 -0.0533 -1.7731 
23.4430 14.8932 -7.5167 -3.4306 3.4049 -2.0964 -2.5261 2.1725 -0.1371 -2.3576 0.3433 -0.0219 -1.5417 
22.5145 13.7539 -8.4789 -4.3912 2.6807 -2.4144 -2.7560 1.8048 -0.4954 -2.5684 0.2546 -0.1485 -1.8719 
23.7108 15.3526 -6.9758 -2.8677 4.0215 -1.6414 -2.4976 2.0279 -0.0822 -2.1531 0.5795 0.1664 -1.6708 
23.9869 15.1640 -7.9730 -3.8356 3.5124 -1.8507 -2.4771 2.2267 0.2977 -1.3916 1.3786 0.1292 -2.4643 
25.1607 15.8017 -8.4880 -4.0003 3.6392 -2.0784 -2.5329 2.3481 -0.2039 -2.0656 1.4845 0.6121 -2.2172 
24.6595 15.6647 -7.7546 -3.1336 4.1357 -1.8733 -2.3078 2.9833 0.8162 -1.2507 1.8774 1.0489 -1.5198 
23.7230 14.8195 -7.9673 -3.2334 4.3006 -1.2631 -2.0185 2.4631 0.0361 -2.0243 0.8615 0.2090 -1.6277 
27.4355 19.3551 -5.1548 -2.3631 3.4350 -3.4555 -4.6787 0.2876 -1.4658 -3.1928 0.0130 -0.2342 -2.0152 
25.7934 17.8270 -5.7202 -3.0875 2.6374 -3.4514 -4.0150 0.9281 -0.9687 -2.4997 1.1562 1.0200 -1.2682 
24.7278 15.8450 -7.4391 -2.9430 3.8184 -2.6632 -3.2676 1.6405 -1.2342 -3.2700 0.9190 0.8268 -1.7995 
24.5389 16.2474 -6.5865 -2.8420 3.6978 -2.2499 -2.9046 2.0118 -0.1445 -2.1473 1.2155 0.8449 -1.7603 
24.6394 16.1825 -6.6092 -2.2766 4.3620 -2.1731 -3.1318 1.8688 -0.4134 -2.6900 0.5641 0.3095 -1.9166 
23.6193 15.1496 -6.9092 -2.3029 4.3344 -1.7639 -2.2463 2.5407 -0.0180 -2.1294 0.9039 -0.0423 -2.5015 
23.0879 14.5917 -7.3821 -2.9073 4.0588 -1.6775 -2.5548 1.7766 -0.6099 -2.4783 0.6734 0.0691 -2.2540 
22.5834 13.7804 -8.5412 -4.6638 1.8914 -3.4903 -3.5662 1.0849 -1.5199 -3.5350 -0.4450 -1.1478 -3.1565 
23.1538 14.9421 -7.1459 -3.5136 3.3081 -1.6459 -2.1217 2.1211 -0.2036 -2.1515 0.6870 0.1526 -1.8150 
22.6759 14.1931 -7.8097 -3.9383 2.6723 -2.6899 -2.8913 2.0164 -0.2889 -2.7846 -0.1021 -0.2000 -1.8655 
23.1661 14.6037 -7.6033 -3.3383 3.6633 -1.6746 -2.0285 2.5937 0.2071 -1.9040 0.7480 -0.3010 -2.5465 
24.0915 15.4380 -7.3523 -3.1445 3.4981 -2.5437 -2.8060 2.5151 0.2036 -2.2369 0.7035 0.2928 -1.7934 
22.9695 14.2152 -8.1481 -3.7452 3.5598 -1.8296 -2.3655 2.5278 0.4506 -1.7952 0.8438 0.1540 -1.9295 
24.2537 15.0820 -7.9492 -2.8272 4.0283 -2.5330 -2.5371 2.9144 -0.2459 -2.8343 0.9018 0.3789 -2.3604 
24.7330 15.2197 -8.0610 -2.1285 4.6688 -3.1008 -3.1777 3.4543 0.7182 -2.1936 1.5263 0.7086 -2.7859 
24.7395 15.5814 -7.6633 -2.3048 4.7310 -2.5477 -3.2745 2.8866 0.8435 -1.9554 1.0496 0.5467 -2.1373 
24.4781 15.6838 -7.6001 -3.3442 3.8488 -1.9877 -2.5585 2.6580 0.5442 -1.8768 0.9806 0.4945 -1.9272 
23.1315 14.5970 -7.7401 -3.7767 3.1258 -2.3187 -2.9244 1.7696 -0.3006 -2.1554 1.1574 0.9610 -1.4503 
23.5798 14.7742 -7.7723 -3.2071 3.5506 -2.7916 -3.4226 1.9242 0.0028 -2.1453 0.7572 0.2153 -1.8524 
24.0186 15.3515 -7.4956 -3.3046 3.6687 -2.0739 -2.6530 2.2576 0.1986 -1.9422 0.5287 -0.4385 -2.2667 
23.6733 15.3390 -7.2313 -3.5952 3.3249 -1.9959 -2.8103 1.7603 -0.0720 -2.0484 0.5324 -0.1068 -2.2294 
23.4705 15.0678 -7.3974 -3.7013 3.0752 -2.2633 -2.8861 1.6110 -0.3827 -1.9759 1.1414 0.5084 -1.7391 
24.1022 15.7966 -6.8404 -3.1335 3.5797 -1.7303 -2.0561 2.4349 -0.1605 -2.3415 0.6727 0.3378 -1.4821 
23.7264 15.4500 -6.8532 -2.9525 3.7897 -1.6852 -2.3501 2.0945 0.0694 -1.5824 1.1974 0.3470 -1.5059 
23.8534 15.2180 -7.4195 -3.1889 3.6220 -2.0233 -2.2416 2.5942 0.0268 -2.2177 0.6211 -0.3024 -2.6509 
23.5551 14.9181 -7.4919 -3.0523 3.8762 -1.9726 -2.5804 2.1947 -0.1327 -2.1455 1.1300 0.8001 -1.4621 
23.6987 15.4621 -6.9017 -3.2514 3.3759 -1.8820 -2.0200 2.7995 0.2757 -2.2131 0.7072 0.4660 -1.5940 
24.1535 15.8205 -6.8197 -3.0587 3.4881 -2.1259 -2.4224 2.5489 0.4571 -1.6877 0.8421 0.0156 -1.7918 
23.0845 14.6037 -7.5867 -3.6034 3.1970 -2.2007 -2.7374 1.7162 -0.6362 -2.6253 0.2690 -0.3784 -2.3420 
23.1916 14.7380 -7.4161 -3.3351 3.5510 -1.6545 -2.0460 1.9879 -1.0945 -3.0762 0.6583 0.5061 -1.9557 
23.2168 15.0849 -6.8186 -3.1950 3.0964 -2.3108 -2.6340 1.7923 -0.6475 -2.4344 0.8715 0.4381 -1.8439 
23.0261 14.9420 -7.0388 -3.6775 2.9509 -1.9482 -2.3341 2.1024 -0.0907 -2.3314 0.2815 0.1123 -1.6088 
23.1040 14.9433 -6.8996 -2.9241 4.0210 -1.2686 -2.2432 1.9419 -0.0035 -1.8919 0.4191 -0.4908 -2.2407 
23.6108 15.1387 -7.1900 -2.9051 4.0698 -1.6074 -2.4140 2.1303 0.0171 -1.9321 0.8458 0.2194 -1.8153 
23.1882 15.0780 -6.6558 -2.7608 3.6680 -1.7676 -2.0610 2.4570 -0.1085 -2.3254 0.5732 0.1692 -1.6725 
23.8910 14.6306 -8.9012 -4.4799 3.1315 -2.2865 -2.7524 2.1124 -0.2190 -2.4713 0.2178 -0.5916 -2.4128 
23.4024 14.7109 -7.8132 -3.3780 3.9804 -1.7995 -3.2081 1.1024 -0.7619 -2.7241 -0.2595 -0.7954 -2.1991 
23.6781 15.3894 -6.8872 -2.8375 4.2115 -1.0835 -1.9297 2.0780 -0.3861 -2.1345 1.0073 0.4638 -1.4837 
23.4928 15.0548 -7.2833 -3.1661 3.9127 -1.4094 -2.0444 2.4944 0.4656 -1.3678 1.2622 0.1869 -2.0768 
24.0281 15.0821 -7.9607 -3.4160 3.7832 -2.0454 -2.5199 2.5469 0.4259 -1.6936 0.8461 -0.3318 -2.3431 
23.9937 14.9533 -8.2006 -3.4056 4.1616 -2.2078 -3.6255 1.8424 0.8699 -1.2514 0.8988 0.3268 -1.4639 
23.4614 15.0783 -7.3546 -3.6483 3.0502 -2.5499 -3.3186 1.6065 0.1926 -1.5527 1.0009 0.4217 -1.4202 
23.5717 15.0427 -7.4064 -3.2168 3.9291 -1.2636 -1.7115 2.6050 -0.0371 -2.1908 0.6106 -0.0986 -1.9395 
23.9237 15.0115 -8.1688 -3.9112 3.5017 -2.0408 -2.7664 2.0349 -0.2565 -2.8236 -0.1820 -0.3339 -1.9742 
23.5086 14.9934 -7.4753 -3.3935 3.6623 -1.7567 -2.3949 2.2819 0.1384 -2.1434 0.5056 0.3285 -1.1931 
23.1851 14.9522 -6.9326 -2.8412 4.0678 -1.1648 -1.7447 2.4392 -0.1873 -2.3271 0.6284 0.2415 -1.5801 
22.5679 14.1666 -7.6693 -3.7190 3.0974 -2.0338 -2.3597 2.2769 0.2443 -1.4142 1.6808 0.8623 -1.8765 
22.6888 14.3044 -7.4196 -3.2214 3.5644 -1.8259 -2.3043 2.2867 0.2306 -1.6338 0.8685 -0.2213 -2.1506 
22.4694 14.1861 -7.4350 -3.4370 3.4374 -1.6403 -2.1104 2.3665 0.2867 -1.6517 0.9687 0.1860 -1.9061 
23.4207 15.1603 -6.8873 -2.8915 3.7730 -1.7912 -2.5829 1.5913 -0.5657 -1.7843 1.6855 0.8903 -1.6672 
22.9133 14.4270 -7.5455 -3.2169 3.8771 -1.5168 -2.3654 1.7606 -0.6604 -2.5402 0.4752 -0.0713 -2.1085 
23.1467 15.0250 -6.9093 -3.2836 3.2834 -1.9452 -2.2668 2.4806 0.2107 -2.3316 0.2041 0.1347 -1.3599 
22.9833 14.5950 -7.2222 -2.6984 4.5428 -0.9359 -1.9194 2.5467 0.7881 -1.0189 1.2693 0.1125 -1.8843 
24.9451 15.2939 -9.3000 -4.5234 3.8585 -1.9223 -3.1723 1.7795 -0.1830 -2.7037 -0.1540 -0.3689 -2.0571 
24.5787 14.7866 -9.4494 -3.9172 4.7259 -1.6395 -3.2621 2.1483 0.5559 -2.2230 0.2638 0.4512 -1.2786 
24.1821 14.9173 -8.5123 -3.3956 4.5464 -1.7550 -3.1120 2.2350 0.6161 -2.0661 0.3187 0.2989 -1.4005 
23.5142 14.6886 -8.0250 -3.5360 3.8222 -1.8590 -2.5973 2.4584 0.5514 -1.9046 0.4140 -0.1373 -1.8504 
23.5063 15.1154 -7.1632 -3.2189 3.4098 -2.0808 -2.2892 2.6297 0.3414 -1.9807 0.6484 0.0471 -1.8963 
23.4880 14.6769 -8.2893 -4.2906 3.2515 -1.5215 -1.8802 2.5728 0.1173 -2.1146 0.7364 0.3599 -1.6414 
24.1900 14.7916 -8.0670 -2.5631 3.8578 -2.7560 -2.1282 2.8273 -0.8551 -2.3048 1.7652 -0.0482 -2.6941 
23.5698 14.6935 -7.3536 -2.1139 4.2415 -2.2296 -2.1114 2.6756 -0.4682 -2.0102 1.6472 0.2436 -2.0525 
23.2020 14.2955 -7.7846 -2.6537 4.0476 -2.3031 -2.6121 2.1973 -0.6142 -2.2970 1.4180 0.3678 -2.3220 
23.0042 14.4854 -7.6404 -3.5449 3.3304 -1.9431 -2.4839 1.6185 -0.8827 -2.3418 1.1181 0.4098 -2.0248 
23.2993 14.9493 -7.4016 -3.8322 2.9550 -1.8323 -1.7776 2.7449 0.1054 -2.1124 0.7713 0.0762 -2.2476 
23.0411 15.1475 -6.5755 -3.3181 3.0197 -1.8725 -2.1661 2.0028 -0.3841 -2.3428 0.3760 -0.1300 -1.8056 
40.1592 24.4231 -14.7116 -6.3884 5.9453 -4.2060 -4.8745 3.2472 -1.6931 -5.1249 1.4823 0.9842 -3.1740 
41.4855 26.4144 -12.6076 -4.5020 7.2052 -3.8003 -5.0098 3.1977 -1.5828 -5.1673 1.4965 1.2927 -3.1162 
41.2796 27.7297 -9.5642 -2.6165 7.4604 -3.5939 -4.7575 2.9254 -2.1204 -6.0655 -0.1465 -0.3735 -3.7106 
40.6553 27.5286 -9.7010 -4.2659 5.7167 -3.5428 -4.1886 2.4372 -2.9911 -6.7123 -0.8005 -0.5672 -3.2763 
40.3969 27.9872 -8.5187 -3.6833 6.0836 -2.7249 -3.4454 3.2574 -1.6332 -5.8448 -1.0097 -0.6397 -2.7022 
39.3472 27.8153 -7.4278 -3.7440 5.0044 -3.0161 -3.1813 3.1155 -1.7884 -5.8965 -1.6779 -1.6842 -3.2436 
39.1709 27.8541 -7.0675 -3.7819 4.3954 -3.2524 -2.7529 3.1860 -2.1963 -5.7013 -1.0964 -1.8354 -3.6971 
39.0453 28.1073 -6.6290 -3.8996 4.4261 -2.5434 -2.2657 3.1483 -2.0787 -5.4291 -0.8548 -1.2032 -2.8709 
38.3356 27.7549 -6.3540 -4.0605 4.1008 -2.3457 -2.2530 2.3201 -3.0121 -5.7461 -0.7024 -0.8440 -2.5695 
38.0660 27.6018 -6.4519 -4.4810 4.0844 -1.4099 -1.5303 1.8566 -3.7156 -5.8734 -0.9319 -1.2964 -2.2993 
38.0070 27.8539 -6.2001 -4.7169 4.3259 -0.5423 -1.3326 1.4696 -3.6267 -5.4912 -0.5517 -0.6361 -1.9596 
38.0830 27.4934 -7.2910 -5.4190 5.0742 0.5698 -1.6454 0.2802 -3.9625 -5.1100 -0.6049 -1.0437 -2.1627 
38.7155 27.0544 -8.8385 -5.4280 6.0798 0.1448 -2.9667 -0.1390 -3.9633 -5.4073 -0.3768 -0.3597 -2.2322 
38.9235 27.3759 -8.7714 -5.5636 6.5393 0.9926 -2.7102 -0.0866 -3.3280 -4.7035 0.0238 0.1150 -2.0281 
38.2267 25.9875 -10.2509 -6.1515 6.4925 0.7029 -3.3037 -0.9402 -4.1799 -5.1960 -0.7101 -1.2815 -3.0778 
38.3639 25.9445 -10.7727 -6.7798 6.3500 0.7905 -3.8302 -1.9305 -4.6461 -5.1162 -0.8179 -1.4507 -2.9122 
38.2950 25.9350 -10.3407 -5.9712 6.6624 0.4082 -3.9983 -1.4813 -3.9674 -4.2860 0.2627 -0.4325 -2.2731 
38.5177 26.1154 -10.2232 -5.5762 7.2289 0.7514 -3.8055 -1.0604 -3.3643 -3.8009 0.7006 0.1222 -1.8298 
38.5112 25.6962 -10.5712 -4.8998 8.0040 0.7379 -3.9926 -1.1835 -3.5796 -3.6305 1.0596 -0.1315 -2.3437 
37.2635 24.1734 -11.3169 -5.0635 7.1640 -1.1247 -5.6077 -2.0780 -4.7957 -5.3684 -0.2198 -0.9014 -3.3241 
36.6503 24.7814 -8.8969 -3.1778 8.0291 0.0208 -4.1378 -0.9922 -4.0026 -4.6986 0.3055 -0.0564 -1.9444 
36.3973 24.4814 -9.2188 -3.7493 7.2815 -0.5578 -4.4316 -1.2163 -4.2098 -4.6084 0.6442 -0.1542 -2.8198 
35.4183 23.7712 -8.9573 -3.2740 7.6199 -0.5472 -4.9239 -1.6333 -4.1239 -4.5641 0.5644 0.3073 -2.0376 
33.3621 22.5444 -8.2344 -3.1771 6.9515 -0.5913 -4.6677 -1.5534 -3.6658 -3.9825 0.3064 -0.7245 -2.8129 
32.1276 21.8394 -7.8459 -3.2704 6.5503 -0.5142 -4.4451 -1.1361 -2.7705 -3.3195 0.6131 -0.0477 -2.4326 
29.8336 20.6300 -6.7381 -2.9729 6.0256 0.0043 -3.3396 -0.4493 -2.3130 -3.0839 0.6610 0.1691 -2.4733 
29.9389 20.7076 -6.9449 -3.5791 5.3723 -0.1642 -3.1127 -0.4892 -2.8403 -3.6826 0.0992 -0.5727 -2.9441 
29.2422 20.2800 -6.4404 -2.8789 5.4963 -0.6092 -3.5504 -0.4975 -2.6041 -3.5533 0.2740 -0.0485 -2.2775 
28.2528 19.6330 -6.1660 -2.8969 4.9919 -0.7245 -3.1736 -0.3140 -2.8488 -3.9492 -0.1635 -0.6157 -2.8553 
27.2604 18.6246 -6.4402 -2.9638 4.6159 -0.8817 -2.4571 0.7318 -2.2573 -3.5527 0.4955 0.1015 -2.2637 
26.8447 18.4832 -6.1711 -3.1554 3.9484 -1.4427 -2.9142 0.2386 -2.5856 -3.8428 -0.0567 -0.4210 -2.4439 
25.9074 17.8641 -5.6400 -2.3527 4.2867 -1.3924 -2.5446 1.1877 -1.5708 -3.4609 -0.2569 -0.7395 -2.8056 
26.7435 18.4349 -5.9043 -2.5189 4.4838 -1.5022 -3.0512 0.8587 -1.7637 -3.9748 -0.8840 -1.0711 -3.1088 
26.5745 18.1041 -6.2199 -2.6587 4.2792 -1.7588 -2.9766 1.1099 -1.7341 -3.9480 -0.7176 -1.1494 -3.2387 
25.9585 17.6291 -6.0882 -2.4452 4.1887 -2.1488 -3.5369 0.6753 -1.7221 -3.5560 -0.2549 -0.7411 -2.8944 
24.7978 15.9609 -7.5049 -3.2226 3.9569 -1.9758 -2.9927 1.1611 -1.6535 -3.5864 -0.0867 -0.5179 -2.6105 
24.4215 16.0265 -6.9970 -3.4202 3.4264 -1.8675 -2.5948 1.3802 -1.1967 -2.8863 0.2846 -0.4607 -2.5435 
24.1398 16.2443 -6.1251 -3.0318 3.1704 -1.9812 -2.3009 1.8761 -0.6372 -2.5082 0.3698 -0.3850 -2.4867 
24.3591 16.2630 -6.3270 -2.8223 3.6079 -2.0945 -2.8766 1.5517 -0.6542 -2.5823 0.1539 -0.8334 -3.0903 
23.2224 14.6624 -7.5947 -3.4725 3.1972 -2.5396 -3.1108 1.4999 -0.8877 -2.9983 -0.0514 -0.5426 -2.5823 
23.6312 15.3353 -6.9144 -3.0348 3.4694 -2.2564 -2.7563 2.0735 -0.1066 -2.3760 0.2897 -0.1752 -2.1258 
23.6553 15.1904 -7.2244 -2.9243 4.3085 -1.3510 -2.5350 1.9051 0.1102 -1.7028 0.8343 -0.1080 -2.1489 
23.4995 15.0194 -7.3326 -3.1927 3.7747 -1.6974 -2.4487 1.8443 -0.3379 -1.8340 1.3459 0.5668 -1.5896 
23.5368 15.1898 -7.0389 -3.0668 3.5399 -2.1162 -2.6101 2.1694 0.1063 -1.7927 0.9835 0.0604 -2.1764 
23.2919 14.7851 -7.7070 -3.9796 2.8894 -2.2936 -2.8351 1.5507 -0.5872 -2.2613 0.7224 -0.0390 -2.3235 
23.5044 15.3426 -6.8011 -3.2129 3.2328 -1.9976 -2.0922 2.6891 0.3795 -1.9830 0.4536 -0.0955 -1.7107 
23.8460 15.2956 -7.5472 -3.7462 3.2777 -2.0382 -2.6584 2.0287 0.2137 -1.5726 1.0608 0.2758 -1.6358 
22.6402 14.1848 -7.8044 -3.9574 2.8883 -2.0008 -2.0461 2.6858 0.6403 -1.2158 1.3652 0.3452 -1.8085 
23.2718 14.9790 -7.1756 -3.1693 4.0555 -1.1579 -2.2702 1.8301 -0.2066 -2.1437 0.4658 -0.1310 -2.1614 
23.0868 15.0251 -6.9001 -3.3539 3.4395 -1.5423 -2.0838 2.5466 0.7776 -1.4974 0.3158 -0.8247 -2.8468 
22.2903 13.8052 -7.9061 -3.8343 3.0304 -1.9539 -2.2015 2.0882 -0.3978 -2.2676 0.5745 -0.3779 -2.6448 
23.4751 15.1023 -7.2725 -3.5570 3.0820 -2.2667 -2.6753 1.8313 -0.5671 -2.6398 0.2855 -0.2044 -2.2421 
23.3764 15.2251 -6.8189 -3.0915 3.6117 -1.5513 -2.0636 2.2286 -0.0688 -2.0923 0.4086 -0.4238 -2.1539 
23.8594 15.6827 -6.7504 -3.1949 3.4783 -1.7169 -2.0642 2.5803 0.3710 -1.8596 0.5736 -0.3446 -2.6041 
22.6924 14.6427 -6.7221 -2.7163 3.7751 -1.7700 -2.4302 2.1775 0.4027 -1.2845 1.3035 0.3212 -1.7535 
22.6276 14.5357 -6.8997 -3.0626 3.2671 -2.1901 -2.5793 2.0296 -0.1703 -2.2015 0.6687 0.3453 -1.5452 
22.8611 14.5480 -7.2852 -3.2853 3.4185 -1.9899 -2.5536 1.8472 -0.5930 -2.6731 0.4006 0.0759 -2.1069 
23.1447 14.7571 -7.2413 -3.2916 3.0290 -2.6152 -2.7907 1.9559 -0.3994 -2.2840 0.6127 -0.2993 -2.2846 
22.4107 13.7550 -7.9890 -3.4201 3.4752 -2.2481 -2.8133 2.0632 0.0360 -2.1066 0.4889 0.0003 -1.5700 
22.5858 14.4553 -7.0036 -2.9943 3.7041 -1.6125 -2.1499 2.3490 -0.0745 -2.5004 0.3720 0.3579 -1.6240 
22.8743 14.8640 -6.7267 -3.0535 3.4190 -1.7791 -2.1202 2.5051 0.4632 -1.5004 1.1049 0.2430 -1.9787 
22.4846 14.3204 -7.1391 -3.0891 3.7730 -1.5502 -2.5640 1.7133 0.1872 -1.1749 1.5000 0.7589 -1.1782 
22.9493 14.8052 -6.9688 -3.1740 3.4357 -1.9634 -2.6235 1.9765 0.1712 -1.5982 1.1426 0.4905 -1.6890 
21.9904 13.5963 -7.7645 -3.5991 3.0187 -2.3766 -2.6608 2.1349 -0.1493 -2.4940 0.1396 -0.3515 -2.1491 
22.2291 14.1296 -7.4252 -3.9954 2.7572 -1.8757 -2.4791 1.3709 -0.8597 -2.6076 0.0307 -0.6800 -2.4878 
22.1761 14.0182 -7.2009 -3.1322 3.6529 -1.2495 -1.6301 2.3124 -0.4689 -2.6535 -0.0569 -0.8083 -2.5691 
21.7921 13.3082 -8.2315 -4.2151 2.7452 -2.4333 -3.3700 0.9408 -0.5967 -2.1022 0.3842 -0.3047 -1.8548 
21.8365 13.3000 -8.2024 -4.2522 2.0170 -3.5107 -3.4915 1.5890 -0.7143 -3.0111 -0.1081 -0.4719 -2.4439 
22.6402 14.1012 -7.8269 -3.5340 3.6193 -1.5595 -2.0991 2.2847 -0.2090 -2.4318 0.4072 -0.1165 -2.1536 
22.5059 14.5823 -6.7388 -3.1283 3.3367 -1.7437 -2.2622 1.9934 -0.2021 -2.1294 0.6727 0.3458 -1.3235 
22.7916 14.8777 -6.7172 -3.3641 3.0547 -1.8992 -2.2795 2.1335 0.0681 -2.0562 0.2539 -0.3073 -1.7970 
21.8392 13.7519 -7.1829 -3.2552 3.0101 -2.2374 -2.3076 2.2956 -0.2619 -2.5737 0.2986 -0.0151 -1.9437 
21.8275 14.0438 -6.6611 -3.0900 2.9182 -2.3058 -2.5019 2.1754 0.1212 -2.0420 0.4497 0.0522 -1.5249 
22.4092 14.5315 -6.6936 -3.0860 3.4234 -1.5105 -1.8299 2.5472 0.1869 -1.9809 0.8893 0.5659 -1.5340 
21.5750 13.4453 -7.7777 -4.3369 2.4174 -1.9356 -2.3491 1.3630 -1.0047 -2.7800 -0.2721 -1.0770 -2.8506 
22.3095 14.6621 -6.1344 -2.5175 3.6061 -1.7894 -2.5895 1.5088 -0.5710 -2.3487 0.3990 -0.0590 -1.8795 
21.8371 14.0803 -6.4379 -2.5291 3.6141 -1.8359 -2.3364 2.2581 0.3459 -1.6515 0.8899 0.4708 -1.2243 
21.7568 13.9007 -6.7274 -2.8236 3.5723 -1.3653 -1.5968 2.5906 0.1657 -1.7636 0.9376 0.1918 -1.7156 
21.5696 13.5671 -7.1368 -3.2355 3.1137 -1.8852 -2.0800 2.2198 0.0012 -1.6668 1.0835 0.1753 -1.7632 
21.7900 14.1976 -6.4489 -3.2539 2.6434 -2.4631 -3.0168 1.0645 -1.1857 -3.1757 -0.4249 -0.8126 -2.8724 
