nan nan nan nan nan nan nan nan nan nan nan nan nan 
nan nan nan nan nan nan nan nan nan nan nan nan nan 
nan nan nan nan nan nan nan nan nan nan nan nan nan 
nan nan nan nan nan nan nan nan nan nan nan nan nan 
nan nan nan nan nan nan nan nan nan nan nan nan nan 
24.3373 1.0793 -0.5874 -1.3727 -1.9830 -0.5113 -0.5716 -1.1579 0.0517 0.2016 -0.3113 0.1304 -0.0479 
25.0967 1.4276 -0.0932 -2.7364 -0.4941 -0.1126 -0.9970 -1.7124 -1.2603 -0.1200 0.0532 -0.3477 0.0929 
25.9415 1.1373 0.3736 -2.4429 -0.8515 -0.4439 -0.5279 -1.2428 -1.2064 0.1212 -0.1405 -0.1706 -0.4608 
26.8429 0.8235 0.4827 -1.9317 -1.1772 -0.3453 -0.9352 -0.5337 -0.4164 0.2716 0.0253 -0.2421 -0.0447 
25.7851 -0.5662 -0.8764 -3.0529 -1.3207 -0.6845 -1.2405 -0.6055 -1.0308 -0.1360 -0.3257 0.1713 -0.4728 
25.8904 0.3100 -0.5010 -2.9213 -0.1896 -0.9116 -0.6294 -0.4312 -0.9532 -0.5602 -0.7247 -0.2620 -0.3152 
27.4069 -0.6295 0.3339 -2.1447 0.2580 -0.1885 -0.5987 -0.6914 -0.7729 0.0191 -0.6238 -0.1520 -0.0753 
26.3234 -1.3469 -0.8909 -2.9358 -0.7372 -0.1482 -0.2201 -0.3850 -0.4117 0.1423 0.0315 -0.7841 -0.5327 
27.2165 -0.3026 1.3467 -1.4268 -0.7765 -0.4309 -0.6779 -1.2055 -0.6132 -0.3619 -0.6646 0.2622 -0.0716 
26.5875 0.3665 -0.9031 -2.4322 -0.7483 -0.8665 -1.5022 -1.6847 -0.9694 -0.7678 -0.6329 -0.4619 -0.0087 
27.7154 -1.5502 0.4092 -1.6282 -1.3726 -0.4030 -1.4836 -0.1418 -0.0947 -0.5014 0.1056 0.2302 -0.1000 
27.9477 0.1827 0.6885 -1.7501 -1.6582 -0.2149 -1.0217 -1.2354 -1.0125 -0.6432 -0.1868 0.0965 -0.4122 
27.5519 0.2372 0.5859 -2.1081 -1.2221 -0.0036 -1.2172 -0.6931 -0.5851 -0.0097 -0.4851 0.1727 0.2302 
27.1644 0.5193 -0.2104 -1.2560 -0.6238 -0.1968 -1.2662 -1.3487 -0.8340 -0.2098 0.0149 0.1431 -0.1316 
26.8197 -0.2233 -0.5143 -1.4920 -1.8730 -0.6033 -0.9385 -0.5436 -0.6653 0.2199 0.0005 0.3506 -0.2166 
27.8596 0.6344 -0.2350 -1.5111 -1.1606 -0.6675 -1.5726 -0.4509 -0.1968 -0.6039 -0.0689 -0.4059 0.2302 
27.6624 -0.5998 -1.8155 -2.8028 -0.5218 -0.7125 -1.9314 -0.8130 -0.3240 -0.4122 -0.1166 0.1376 -0.7854 
27.7170 0.1313 0.3957 -1.3850 -0.5524 -0.6658 -1.3254 -0.1930 0.1885 -0.1393 0.0626 -0.0490 -0.3314 
26.9465 -0.5311 -0.1767 -1.1516 -0.8446 -0.9411 -1.6226 -0.8987 -0.1524 0.6393 -0.0341 0.0632 0.1847 
26.8872 -0.8345 -0.6632 -1.6696 -1.3138 -0.6646 -0.7368 -0.6695 -1.1377 -0.4108 -0.0357 -0.4992 -0.7255 
27.5899 1.1624 0.0125 -1.4859 -0.9313 -1.1086 -1.2350 -0.5910 0.0554 0.2849 -0.3407 -0.4944 -0.5154 
26.5752 -0.0231 -0.7942 -1.9521 -1.1041 -1.2869 -1.5754 -0.5031 0.3218 0.1239 -0.0928 0.5781 0.0125 
29.0064 -2.0069 0.7614 -1.7316 -0.1018 -1.5062 -0.5492 -1.0262 -0.4196 -0.1265 -0.5569 -0.3567 -0.2825 
29.8879 -0.7670 0.3729 -1.7589 -0.1708 -1.1058 -1.3314 -0.6631 0.1721 0.2623 0.2652 0.4332 -0.1060 
29.0474 -1.0208 0.3024 -1.8879 -0.2128 -1.6846 -1.6698 -1.1094 -0.4174 -0.0519 0.2336 -0.0686 -0.5946 
28.9396 -2.7604 1.6332 -3.3003 0.3512 -1.0047 -0.3290 -1.0550 -0.2789 -0.1446 -0.1477 0.0725 -0.1469 
28.3652 -0.3009 1.0540 -2.9854 -0.3721 -1.1093 -1.0619 -0.9707 -0.2440 -0.2143 -0.2166 0.4934 -0.0145 
34.5083 -1.2383 1.3473 -4.7918 -2.1256 -0.8065 -0.8677 -0.6665 -0.4785 -0.5505 -0.1591 0.8721 0.1632 
35.4715 -1.3478 1.4140 -4.9592 -1.4345 -0.8313 -0.5036 -0.3260 -0.6148 -0.5220 -0.3490 0.3168 0.4709 
34.9037 -2.3963 0.1642 -4.4341 -1.5224 -0.7406 -0.2818 0.3516 0.0245 0.1507 0.3214 1.0089 0.7086 
34.4372 -2.6745 -0.6179 -5.0205 -3.0038 -1.1626 -2.0577 -0.6689 -1.2765 -0.8780 -0.3571 -0.3020 0.2254 
34.3318 -1.5169 0.0191 -3.4650 -3.5370 -0.1520 -1.5394 -0.5017 -0.5053 -1.0466 -0.0530 -0.1690 0.6892 
33.6958 -0.8590 -0.5030 -2.3410 -3.4042 -0.2186 -0.7296 -0.7502 0.2202 -0.9128 0.2509 0.8026 0.6643 
33.3555 -0.2240 -1.5876 -1.8546 -2.6877 -1.4302 -0.4159 -1.1997 -0.3377 -0.1718 -0.5319 0.5646 0.5326 
31.7695 -1.1319 -1.5232 -1.9399 -2.4075 -2.1622 -0.8792 -1.0100 -0.5979 0.6474 0.4336 0.1596 1.0004 
29.1435 -0.7562 -0.5467 -1.1487 -2.8571 -0.6108 -0.3213 -0.0733 -0.5021 0.1404 0.6709 0.2879 0.4282 
29.7773 -0.4810 -1.0617 -1.1243 -0.7620 -0.2361 -1.2897 -0.8978 -1.2071 -0.2389 0.0379 -0.3854 -0.5287 
29.0513 -0.6898 -0.5126 -1.1080 -1.2621 -1.1499 -1.4337 -0.7143 -0.7623 0.0540 0.0793 -0.3166 -0.1429 
27.6612 -0.4277 -0.9576 -1.8602 -1.9978 -1.3925 -1.5538 -1.0564 -0.6537 -0.0511 0.0846 -0.2770 -0.1814 
27.6943 -0.9559 -0.4345 -1.7416 -1.7472 0.0158 -2.2709 -1.3290 -0.9067 -0.0251 -0.0725 -0.8693 -0.6066 
27.7191 0.4120 -0.2923 -0.8639 -1.1490 -0.2577 -1.4241 -0.8340 -1.0705 0.0714 0.1495 -0.0314 -0.3558 
28.1969 0.5940 -0.1681 -0.0093 -0.7465 -0.9603 -0.6583 -0.2857 0.2544 -0.1479 0.0001 0.1571 0.3122 
19.3309 -1.9064 -0.2211 -0.0209 -0.6023 -0.7832 -0.4072 -0.2335 0.2720 -0.2529 -0.0133 0.0151 0.2954 
10.5130 -4.4581 -0.3122 -0.0848 -0.4357 -0.6114 -0.1995 -0.2022 0.3240 -0.2865 0.0260 -0.0723 0.3129 
1.6738 -7.0901 -0.4556 -0.2078 -0.3024 -0.4885 -0.0362 -0.1996 0.3713 -0.3152 0.0740 -0.1419 0.3323 
-7.2012 -9.8188 -0.6621 -0.4028 -0.2160 -0.4210 0.0880 -0.2186 0.4086 -0.3447 0.1141 -0.2014 0.3438 
-16.1106 -12.6717 -0.9372 -0.6963 -0.1858 -0.4190 0.1706 -0.2507 0.4248 -0.3658 0.1242 -0.2444 0.3296 
-25.0666 -15.6515 -1.3094 -1.1050 -0.2401 -0.4993 0.1967 -0.3110 0.4106 -0.3983 0.0938 -0.2962 0.2801 
-34.0802 -18.7689 -1.8121 -1.6620 -0.4254 -0.7078 0.1183 -0.4502 0.3195 -0.4945 -0.0224 -0.4116 0.1540 
-42.9731 -21.7708 -2.2166 -2.1473 -0.5433 -0.8590 0.1043 -0.5170 0.2923 -0.5350 -0.1165 -0.5128 0.0172 
-51.5136 -24.3298 -2.2125 -2.2548 -0.3002 -0.6642 0.4375 -0.2319 0.6127 -0.2399 0.0894 -0.3479 0.0976 
-59.0127 -25.5221 -1.0262 -1.4242 0.6007 -0.1030 0.8752 -0.0558 0.6715 -0.2917 -0.0818 -0.5362 -0.1167 
-inf -inf -inf -inf -inf -inf -inf -inf -inf nan nan nan nan 
-68.1676 -21.0579 5.0314 0.6194 0.6806 -1.2177 0.0856 -0.5114 0.6295 -0.1976 -0.0514 -0.4434 -0.0068 
-71.7396 -18.2633 7.0827 0.0139 -0.1447 -1.3799 0.6177 -0.2357 0.5469 -0.2022 0.3088 0.0898 0.2710 
-inf -inf -inf -inf -inf -inf -inf -inf -inf nan nan nan nan 
-74.7391 -11.0172 7.4498 -3.2067 0.7586 0.6104 0.8429 -1.1303 0.2745 -0.2759 -0.2223 -0.5306 0.0725 
-75.1034 -7.7850 6.3533 -3.6946 1.7381 -0.3811 0.1556 -0.7167 0.0191 -0.8504 -0.1994 -0.1518 0.4645 
-74.4648 -5.7848 3.8967 -3.4186 2.2291 -0.8368 0.7619 -0.8939 -0.1072 0.0389 0.6181 0.2232 0.4648 
-74.4129 -3.8483 2.6467 -2.9408 2.0925 -0.9260 1.4716 -0.5804 0.1052 -0.4115 0.1617 -0.2089 -0.0403 
-73.1366 -1.6930 1.4151 -2.0295 1.5667 -1.3649 1.3532 -0.7814 0.5438 -0.4704 0.2119 -0.0900 0.1965 
-71.6321 -0.7779 1.2242 -0.9265 0.8081 -0.9827 0.6407 0.0491 0.4500 -0.4578 0.8632 0.0780 0.4137 
-inf -inf -inf -inf -inf -inf -inf -inf -inf nan nan nan nan 
-66.2715 -0.2380 0.0984 0.7662 0.4121 0.1123 0.0898 -0.1567 -0.3313 -0.1217 -0.3993 0.2603 0.4476 
-63.6030 0.2859 -0.2197 0.4631 0.0066 -0.2203 0.0480 0.2189 0.7590 -0.5114 -0.0673 0.0183 0.4696 
-inf -inf -inf -inf -inf -inf -inf -inf -inf nan nan nan nan 
-58.1364 0.2067 0.7040 0.1715 0.6432 0.5612 0.1762 0.0313 -0.4472 -0.2903 0.3331 0.3162 0.3297 
-56.2732 -0.7479 0.0469 -0.2096 -0.9608 -0.5383 0.0012 0.2494 0.3788 0.1357 0.0886 0.2573 0.0599 
-51.9931 0.1092 0.0147 0.1363 -0.6457 0.0483 0.3239 0.5939 0.1063 -0.2891 0.0206 0.2633 0.3337 
-51.0945 -0.4652 0.0972 0.5409 -0.0030 0.6099 0.2958 -0.4892 -0.7820 -0.8427 -0.3210 -0.2994 -0.0214 
-49.6018 0.0253 -0.4658 -0.5404 0.4914 0.5438 1.0093 0.5465 0.6779 0.5809 0.3348 0.2417 0.3894 
-46.5025 0.3419 0.0548 0.1986 0.7754 0.2668 -0.4100 0.0000 -0.1336 0.3466 0.5890 0.5135 -0.0815 
-inf -inf -inf -inf -inf -inf -inf -inf -inf nan nan nan nan 
nan nan nan nan nan nan nan nan nan nan nan nan nan 
-38.8338 0.3708 0.2244 -0.3519 0.2711 -0.1014 -0.3562 0.0039 0.2264 -0.2130 0.1254 0.0834 -0.3537 
-inf -inf -inf -inf -inf -inf -inf -inf -inf nan nan nan nan 
-33.4028 -0.5676 0.4048 -0.2720 -0.0614 0.2028 0.3998 0.0721 -0.0890 0.4353 0.0122 0.4955 0.7967 
-28.1280 0.2483 0.2415 0.7144 0.2641 0.1162 -0.5033 0.1461 0.4686 -0.0828 0.2056 -0.0538 -0.1528 
-29.2580 -0.9510 0.1035 0.1790 -0.3445 1.3501 0.2422 -0.3221 0.0512 0.8739 0.2192 0.6874 0.0966 
-26.7015 -1.6845 -0.3778 0.2562 0.3684 1.5039 1.3732 1.4042 0.7111 0.4048 -0.4078 -0.3815 -0.2024 
-23.8350 -1.6642 -0.4095 -0.1344 0.3670 0.9206 0.5587 0.2456 1.0910 0.8608 0.2420 0.4554 0.1496 
-19.9267 0.3581 -0.5496 -0.1653 0.0065 0.0246 0.2243 0.1840 0.8302 0.0446 0.2321 0.1690 -0.6620 
-17.3055 -0.2755 0.3278 -0.1947 -0.3672 0.7838 0.4514 -0.2714 -0.1348 0.7654 0.3223 -0.2840 0.0103 
-inf -inf -inf -inf -inf -inf -inf -inf -inf nan nan nan nan 
-12.7244 -0.6454 -0.3670 -0.8475 -0.4946 0.3652 0.4037 -0.2070 -0.4733 0.2463 0.6842 0.9948 0.4259 
-inf -inf -inf -inf -inf -inf -inf -inf -inf nan nan nan nan 
-8.0890 -0.6908 -0.0634 0.5153 0.8950 0.3671 -0.9685 -0.6224 -0.0255 0.0618 0.6338 0.2196 -0.0836 
