-inf -inf -inf -inf -inf -inf -inf -inf -inf -inf -inf -inf -inf -inf -inf -inf -inf -inf -inf -inf -inf -inf -inf -inf -inf -inf -inf -inf -inf -inf 
-inf -inf -inf -inf -inf -inf -inf -inf -inf -inf -inf -inf -inf -inf -inf -inf -inf -inf -inf -inf -inf -inf -inf -inf -inf -inf -inf -inf -inf -inf 
-inf -inf -inf -inf -inf -inf -inf -inf -inf -inf -inf -inf -inf -inf -inf -inf -inf -inf -inf -inf -inf -inf -inf -inf -inf -inf -inf -inf -inf -inf 
-inf -inf -inf -inf -inf -inf -inf -inf -inf -inf -inf -inf -inf -inf -inf -inf -inf -inf -inf -inf -inf -inf -inf -inf -inf -inf -inf -inf -inf -inf 
-inf -inf -inf -inf -inf -inf -inf -inf -inf -inf -inf -inf -inf -inf -inf -inf -inf -inf -inf -inf -inf -inf -inf -inf -inf -inf -inf -inf -inf -inf 
4.5139 5.9241 7.0345 7.5933 7.3646 6.9690 6.5624 6.7125 6.3499 6.0645 5.1962 5.1331 5.8285 6.4596 6.3440 5.5267 5.7160 5.6346 5.5202 6.1882 6.5271 6.6222 7.5225 6.9398 5.9141 6.7301 7.3052 7.2883 6.7541 5.8749 
4.4625 6.8929 7.7679 7.6882 6.8677 6.2567 7.5710 7.5628 7.4985 6.3621 4.9525 5.2595 5.4541 4.9208 5.6587 5.7318 6.0101 6.4451 6.5051 5.9251 5.8213 5.5740 6.9953 7.1872 6.6001 6.6655 7.0776 6.9101 6.3050 6.4793 
4.8635 7.1282 7.5697 7.9195 7.1257 7.0681 7.2681 7.6166 7.2033 5.4944 5.3310 5.6951 5.6572 5.9000 5.6167 5.8978 6.5396 7.0107 6.7361 5.9187 5.9970 6.1064 6.7209 7.4092 6.9330 6.8511 7.3585 6.9472 6.1397 6.5830 
5.5442 6.7191 7.5932 8.2602 7.4985 7.5486 7.2034 6.9257 7.1673 6.3068 5.7742 5.8292 6.0592 5.7512 6.5636 6.6139 7.0639 6.9946 6.7510 5.9647 6.0975 6.5092 6.9884 7.1092 7.1186 6.7425 6.8537 6.9838 6.7322 7.2328 
3.3298 5.8522 6.8722 7.3822 7.4171 7.0931 7.4098 7.4252 7.1369 6.2957 6.2731 5.8291 5.8101 5.7333 6.0965 6.5971 6.8812 7.5977 6.4779 5.9441 6.2560 7.4391 6.9595 7.2883 7.1963 7.1169 7.3609 7.5840 7.5488 7.7010 
4.1369 6.8103 6.6525 7.2672 7.0325 7.2889 7.8831 6.8659 7.1669 6.7127 6.1289 6.2148 5.6277 5.3063 5.6592 5.5622 6.8142 7.1804 7.1439 6.4602 6.1267 6.5178 7.0159 7.0834 6.7246 6.8470 6.7705 7.1046 7.1816 7.2096 
5.3111 6.9824 7.0639 7.0757 6.7345 6.9915 7.2187 7.4307 7.3884 6.9767 6.5215 5.9726 6.2283 6.4312 5.8065 6.9173 7.5364 7.9621 7.8447 7.5419 7.7305 7.1926 7.8094 7.9945 7.7778 7.8016 8.1661 7.2911 7.7197 8.1097 
4.0089 5.8771 5.4723 6.5821 7.5075 7.1111 7.4158 7.5180 7.6183 6.4658 5.8847 6.3717 6.1816 6.0896 6.4320 6.7972 7.1188 7.3868 7.5463 7.4065 7.3532 7.1416 7.5455 7.3895 7.1022 7.2700 7.4397 6.9416 7.4239 7.5797 
5.3410 7.5862 7.6548 7.6186 7.1911 6.4460 7.1538 6.9442 5.9965 6.6502 5.9305 5.5980 6.0618 7.0279 6.8322 6.7362 7.4583 7.5762 7.5761 7.9665 7.0306 7.0920 7.5498 7.2309 7.8402 7.9390 7.7763 8.0815 8.2932 8.9008 
3.5769 7.1560 8.0058 7.7587 6.7492 7.1895 7.2312 7.5764 7.6680 6.9533 6.5454 5.7876 6.0319 6.0968 6.1696 6.3868 6.5280 6.5803 6.9755 7.0359 6.6091 6.4401 7.2277 7.1372 6.9045 7.2892 7.1303 6.7538 6.8946 7.1448 
4.8273 6.1993 7.4447 7.2995 7.7244 6.8343 6.9777 6.7645 6.3630 6.9292 6.8527 6.3869 6.0248 6.5744 7.6977 7.8694 8.1401 7.5642 7.5464 7.3548 6.4691 6.3730 7.1414 7.2352 7.6447 8.0184 7.3255 6.9208 6.8867 7.2102 
4.9347 7.6412 8.0942 8.3634 7.2300 7.2527 7.6386 7.6346 6.9800 5.9519 6.1793 5.8661 6.2603 6.7010 7.2643 7.5202 7.1002 7.5801 7.0220 6.8167 6.2852 6.9739 7.3873 7.2759 7.1797 7.4555 7.3149 7.1889 6.4955 6.8385 
5.2873 7.0009 7.5962 8.3509 7.1625 7.3725 7.6460 7.3164 6.8772 6.9182 6.0329 5.4412 6.0903 6.4671 6.5328 7.2876 7.4909 7.6018 6.8590 6.6133 6.1360 6.4504 7.1595 7.3195 6.9278 6.7000 6.4412 6.7559 6.4477 6.5975 
5.1479 7.3161 7.7044 8.0909 7.1449 6.2187 7.3699 7.4191 7.4535 6.8998 6.2736 6.2651 6.0513 6.5249 6.8473 6.5466 6.9406 6.6776 6.7090 6.4220 6.0414 6.5045 6.7751 6.9312 7.1086 6.8252 6.4875 6.7801 6.3726 6.6883 
4.5996 6.1624 6.5895 8.4045 7.4550 7.0200 7.5192 6.8366 6.8826 6.4893 5.8694 6.5781 6.3876 6.8365 7.0334 6.5198 7.3378 6.9670 6.2065 6.4618 6.3389 6.6100 7.0243 6.7537 6.2035 6.9610 7.0424 6.5888 6.0689 6.1616 
5.1596 7.1859 7.8934 8.4304 7.6352 7.5777 7.5170 6.9429 6.9209 7.5086 6.6762 6.3846 6.4558 5.7247 7.0223 7.4899 6.5603 6.9243 6.8313 6.2527 6.3557 6.5072 7.1741 7.0908 6.9304 6.6874 6.8829 6.3294 6.3136 6.4599 
3.5970 6.3677 6.2953 8.1872 7.6911 7.1169 7.3994 8.0148 8.0949 7.9113 7.5515 6.6171 5.8064 5.8949 6.9723 6.9338 6.9526 7.5411 6.8712 7.2492 6.8345 7.3938 7.4607 7.3370 7.2198 7.3148 7.1793 6.9312 7.2178 6.3840 
5.7474 7.0194 7.1002 8.1870 7.9952 6.9819 6.7608 6.8707 6.9589 7.1229 6.8016 6.5111 5.8655 6.4523 6.5639 7.2776 7.1928 7.2802 7.2807 7.0419 6.9736 7.2040 7.1695 7.1308 7.0776 7.2265 7.1170 6.9056 6.7401 6.8191 
4.9074 6.2237 7.2744 8.2676 7.6304 6.0842 6.2885 6.6551 7.0933 7.3335 6.4259 6.1329 6.6450 6.7450 6.3090 7.0859 7.1875 7.1965 6.9260 6.1236 6.7352 7.2362 7.3423 7.1342 6.9197 7.1616 6.9854 6.9230 6.8593 6.6801 
4.0159 6.7144 7.1906 6.7129 7.3378 7.1280 6.9953 7.4682 7.1466 5.9165 6.3648 6.9018 6.6975 6.4005 6.7270 7.2209 6.9387 7.2618 6.8808 6.8329 6.7264 6.5334 7.2991 7.1140 7.3952 6.7300 7.0793 7.1135 6.7748 6.0662 
5.4536 7.4403 7.7269 8.2820 8.5433 7.6621 6.5084 7.0588 7.2682 7.0970 6.4969 6.3001 6.2957 6.4166 6.2472 6.5779 6.7334 6.8395 6.8148 6.4030 6.0667 6.6164 6.5788 7.0689 6.6872 6.8850 6.9089 6.5768 6.1219 5.9784 
4.5439 5.6188 7.6030 8.0644 8.0911 6.8728 6.8530 6.6572 6.8258 7.3840 6.9458 6.1314 5.9666 6.1811 6.7175 6.3866 6.6004 7.1097 6.6934 6.3085 6.5004 6.6578 6.9795 6.5305 6.8192 6.9067 7.1745 7.3545 7.0142 7.2800 
4.9060 7.1925 7.4442 7.5172 7.4047 7.1282 6.8364 6.8825 7.1396 7.0968 7.1312 6.7198 7.3118 7.1916 7.0837 7.2454 7.7689 8.8257 9.2709 8.7035 7.8983 9.0102 9.4109 8.9178 8.4615 9.1978 9.1831 8.2705 7.8145 7.8578 
5.9712 6.7396 7.9790 8.7817 8.1966 7.1833 6.6349 7.7852 7.5078 7.7451 7.7506 6.6682 6.7845 7.0041 7.0954 7.6901 7.5664 8.5671 8.5078 8.0573 7.4745 8.1482 8.6358 9.0592 9.5676 10.0481 10.5515 10.8177 9.9040 10.7850 
4.7871 7.1380 8.0941 8.5011 8.2034 6.3745 6.3091 7.5225 7.4063 7.5648 7.1166 7.1711 6.7335 6.4254 7.0655 7.3737 7.3484 8.5205 8.5299 8.3301 8.7837 8.0472 8.9629 10.0081 10.5411 10.5044 10.7739 10.7126 9.6350 10.3809 
5.0330 6.3259 7.4047 7.4566 6.9290 7.2207 6.8692 7.5939 7.2749 6.7453 6.4944 6.2335 6.3945 6.6993 6.7704 7.6764 7.9523 9.8527 10.5071 8.9396 9.1149 9.0674 9.5239 9.7412 10.0795 9.9255 10.1939 9.5797 8.4443 9.1405 
5.2284 6.8027 7.9771 8.7014 7.6695 7.3056 7.5039 7.4466 7.0980 6.9493 6.7026 5.7174 5.8456 6.0879 6.8200 6.7129 7.3951 8.6365 8.6065 7.9787 8.4259 7.7086 7.6947 8.4535 8.9075 8.6307 8.0284 8.2028 8.0256 8.0004 
5.5138 7.4742 8.7655 10.6290 9.7170 9.5210 10.7231 8.8425 8.2670 7.5444 7.3242 6.9452 6.7516 7.9720 8.5581 9.1150 9.5139 10.7964 10.4222 9.9973 9.9049 8.9119 8.7589 9.0301 9.5273 9.1798 8.5989 7.6942 7.2759 6.8976 
6.0538 7.6621 9.3723 10.3294 8.8584 10.3626 10.7849 8.7650 8.8865 7.7950 7.5877 7.2429 7.3352 7.5665 8.2682 9.3429 9.9473 11.0761 11.1466 10.6419 10.1968 9.0663 9.0455 9.7181 10.1593 9.8595 9.1619 7.6027 7.0679 6.9241 
6.2592 5.4862 8.9865 9.7534 8.5183 10.4249 10.1177 8.7787 9.0170 7.8291 8.1145 7.8871 7.6504 7.9531 8.5912 9.2801 9.9766 10.8721 10.5194 10.3847 10.0250 9.1139 9.2288 9.6386 10.2139 9.6175 8.5809 7.0623 7.0280 7.0004 
3.0639 6.8225 9.4526 10.0690 8.6106 10.3924 10.0461 8.9718 9.1379 7.7793 7.8911 7.7092 7.4221 7.9997 8.4960 9.8894 10.7046 9.7117 9.8775 10.0191 9.8207 8.8061 9.2562 9.1533 9.3531 9.0804 7.9340 6.8125 6.3009 6.9559 
4.8127 7.2346 9.4030 10.1701 8.6982 10.1584 10.2649 8.2915 8.6215 7.5151 7.5244 7.2097 7.5753 8.1712 9.1777 10.5657 9.5432 8.9919 9.1011 9.2222 9.4961 8.3528 8.8883 9.3418 9.0165 8.6461 7.4204 6.3684 6.1281 6.9803 
5.7062 6.7403 9.1071 10.1434 8.8740 9.5387 10.2176 8.3847 8.1974 7.3805 7.8648 7.3477 7.4138 8.7880 10.0170 9.1537 8.7912 8.1454 8.6040 8.2194 8.4585 7.9274 8.2135 8.4878 8.0241 8.0016 7.0187 6.0599 5.8017 6.5705 
5.2107 7.2480 8.7874 10.2192 9.1196 9.2513 9.8932 8.2326 8.6544 7.8048 8.2370 7.7939 8.4819 9.4689 8.2930 8.0383 8.0897 8.0749 8.1727 7.5060 7.7157 7.7083 7.2634 7.4087 7.5484 7.2692 6.9239 6.0454 6.0178 6.5678 
4.5912 5.9730 8.3878 10.1242 9.2696 7.9831 8.8661 7.5981 8.3517 7.6845 7.6975 7.9226 9.1609 8.0819 7.6380 8.1197 7.9887 8.1099 8.3059 7.3061 7.1554 7.1910 6.7718 6.9656 7.2485 6.5254 6.2021 5.6517 6.5809 6.5092 
5.3059 5.9623 7.3060 8.8104 8.4475 7.6758 8.3648 7.2170 6.9551 6.0178 6.6460 7.1714 7.8124 7.6744 7.7392 8.1297 7.9008 6.8826 6.8420 7.2357 6.7363 6.3355 6.6837 7.2472 6.9530 6.2141 5.7515 5.3930 6.2171 5.9782 
5.0567 7.6236 7.8572 8.0478 7.4103 7.2953 7.5816 8.2930 8.3192 7.3541 7.3253 7.7076 7.1813 7.4006 7.1658 7.8082 7.9477 7.3940 7.0664 7.0669 6.6267 6.4745 6.7424 6.8559 7.0204 6.0188 6.2871 5.4537 6.0795 5.9234 
4.8604 6.8985 7.9914 8.5319 7.8072 7.3244 6.9574 7.2933 7.6420 7.0443 7.1399 7.3748 7.3342 7.1619 7.0710 7.6786 7.7566 7.4845 7.3060 7.0270 6.5888 6.0917 6.2289 6.1145 6.6590 5.9564 5.6126 5.5198 6.1303 6.0560 
3.7046 6.4467 7.5482 8.6982 8.1197 7.2325 7.1398 7.2607 7.2719 6.7942 6.6823 6.8292 6.6333 7.0772 6.8752 7.0246 7.3246 6.7901 6.9217 6.8639 6.5420 6.6789 6.8098 7.0285 6.2518 5.6869 5.8258 5.8597 6.7958 6.1452 
3.6989 7.1988 7.5010 7.8417 7.7449 6.7493 6.4808 7.6772 7.9621 6.6259 6.2577 6.1173 6.4699 6.7842 7.1270 8.1765 7.9039 7.0550 6.6864 6.6219 6.2226 6.1711 6.4546 6.7945 6.3307 6.0769 5.8231 5.5339 6.5852 6.2550 
5.2529 7.3232 7.4988 8.5089 7.2042 6.7595 6.9859 7.5727 7.4229 6.6170 6.4114 6.7702 6.5041 6.8938 6.4200 7.3358 7.2922 6.8231 6.2613 5.9473 6.0713 6.1019 6.4206 6.7137 6.3320 5.8600 5.9482 5.7711 6.8543 6.1188 
6.4473 7.0715 7.7453 8.1396 7.8153 7.0775 6.9254 6.8314 6.2069 7.4071 7.3870 6.8259 7.0602 7.1501 7.1096 6.6663 7.0055 6.2659 6.9427 6.7614 6.8918 6.9183 6.5663 7.1127 6.9479 6.5413 6.6237 6.5415 6.8810 6.7465 
3.4771 4.0637 4.5915 4.8902 4.8096 4.4719 4.3867 4.3744 4.0898 5.0869 5.2479 4.9562 5.2406 5.4556 5.5031 5.2205 5.5112 4.8344 5.6775 5.6694 5.8958 6.0254 5.7531 6.3868 6.2747 6.0334 6.1781 6.1835 6.5749 6.5396 
0.5046 0.9609 1.4191 1.7234 1.8258 1.7979 1.8586 1.9379 1.9554 2.8488 3.1316 3.0684 3.4300 3.7633 3.9065 3.7751 4.0531 3.4372 4.4432 4.6112 4.9138 5.1384 4.9697 5.6763 5.6231 5.5291 5.7439 5.8347 6.2885 6.3421 
-2.5846 -2.2043 -1.7677 -1.4188 -1.1418 -0.9137 -0.6831 -0.4810 -0.2328 0.6447 1.0347 1.1674 1.6258 2.0725 2.3171 2.3249 2.6133 2.0555 3.2294 3.5600 3.9358 4.2558 4.1977 4.9730 4.9839 5.0267 5.3142 5.4894 6.0131 6.1489 
-5.8186 -5.4379 -4.9779 -4.5579 -4.0955 -3.6404 -3.2360 -2.8884 -2.4536 -1.5406 -1.0470 -0.7409 -0.1726 0.3842 0.7337 0.8706 1.1860 0.7061 2.0326 2.5114 2.9603 3.3771 3.4319 4.2742 4.3535 4.5261 4.8875 5.1461 5.7464 5.9589 
-9.2280 -8.7494 -8.2217 -7.7023 -7.0323 -6.3671 -5.7921 -5.2901 -4.6920 -3.7129 -3.1162 -2.6521 -1.9655 -1.3009 -0.8442 -0.5861 -0.2312 -0.5500 0.8518 1.4646 1.9871 2.5021 2.6704 3.5788 3.7300 4.0272 4.4631 4.8045 5.4870 5.7716 
-12.8720 -12.1257 -11.5068 -10.8471 -9.9438 -9.0819 -8.3440 -7.6891 -6.9378 -5.8739 -5.1743 -4.5626 -3.7527 -2.9821 -2.4171 -2.0438 -1.6387 -1.7547 -0.3180 0.4194 1.0163 1.6306 1.9122 2.8863 3.1122 3.5299 4.0409 4.4644 5.2337 5.5867 
-16.8906 -15.4926 -14.8455 -13.9625 -12.8188 -11.7752 -10.8869 -10.0860 -9.1832 -8.0243 -7.2221 -6.4699 -5.5335 -4.6585 -3.9856 -3.5011 -3.0371 -2.9320 -1.4792 -0.6238 0.0480 0.7629 1.1570 2.1963 2.4994 3.0343 3.6208 4.1256 4.9853 5.4041 
-20.6705 -18.7857 -18.2724 -16.9922 -15.6485 -14.4401 -13.4190 -12.4792 -11.4217 -10.1642 -9.2597 -8.3718 -7.3076 -6.3295 -5.5500 -4.9566 -4.4264 -4.0976 -2.6333 -1.6649 -0.9174 -0.1010 0.4044 1.5087 1.8911 2.5405 3.2030 3.7880 4.7410 5.2238 
-23.1901 -22.1943 -21.7567 -19.9001 -18.4281 -17.0732 -15.9411 -14.8648 -13.6480 -12.2935 -11.2869 -10.2664 -9.0743 -7.9943 -7.1105 -6.4092 -5.8070 -5.2604 -3.7812 -2.7037 -1.8798 -0.9611 -0.3457 0.8233 1.2869 2.0485 2.7872 3.4517 4.5004 5.0455 
-24.2602 -23.5951 -24.0230 -22.8342 -21.1834 -19.6630 -18.4534 -17.2359 -15.8583 -14.4121 -13.3032 -12.1521 -10.8331 -9.6524 -8.6674 -7.8579 -7.1792 -6.4237 -4.9235 -3.7399 -2.8390 -1.8171 -1.0932 0.1399 0.6867 1.5584 2.3737 3.1165 4.2630 4.8693 
-inf -24.2602 -24.2602 -24.6656 -23.5670 -22.2458 -20.8740 -19.5837 -18.0479 -16.5202 -15.3077 -14.0273 -12.5838 -11.3032 -10.2209 -9.3016 -8.5428 -7.5882 -6.0608 -4.7734 -3.7947 -2.6692 -1.8382 -0.5415 0.0902 1.0701 1.9624 2.7827 4.0285 4.6952 
-22.7623 -22.2820 -22.6777 -22.3630 -22.1559 -22.3426 -22.4437 -21.6578 -20.1993 -18.6251 -17.3024 -15.8907 -14.3261 -12.9462 -11.7710 -10.7396 -9.8981 -8.7537 -7.1932 -5.8043 -4.7468 -3.5172 -2.5806 -1.2209 -0.5026 0.5838 1.5534 2.4501 3.7967 4.5230 
-22.0691 -22.3686 -22.2728 -21.6456 -21.9925 -22.4298 -22.4298 -22.5037 -22.0975 -20.7921 -19.2672 -17.7333 -16.0578 -14.5807 -13.3177 -12.1712 -11.2448 -9.9197 -8.3208 -6.8324 -5.6949 -4.3612 -3.3204 -1.8986 -1.0917 0.0994 1.1466 2.1191 3.5675 4.3527 
-inf -22.4746 -21.4294 -21.4673 -21.1580 -21.9576 -21.7752 -21.8091 -21.7107 -21.1284 -20.9768 -19.5637 -17.7834 -16.2060 -14.8610 -13.5959 -12.5829 -11.0855 -9.4436 -7.8577 -6.6388 -5.2011 -4.0573 -2.5744 -1.6772 -0.3831 0.7422 1.7896 3.3407 4.1844 
-20.7944 -20.4457 -20.8865 -22.5862 -20.9279 -21.0378 -20.7064 -20.7247 -20.4400 -21.0952 -22.0266 -20.8684 -19.5993 -17.8515 -16.4078 -15.0180 -13.9137 -12.2508 -10.5616 -8.8804 -7.5783 -6.0372 -4.7914 -3.2484 -2.2592 -0.8637 0.3401 1.4617 3.1161 4.0180 
-20.4478 -19.8136 -19.7983 -20.3952 -20.6828 -20.5651 -19.7979 -20.4567 -20.4912 -20.2253 -20.4064 -20.8611 -20.0501 -19.7274 -18.0271 -16.4391 -15.2371 -13.4153 -11.6747 -9.9003 -8.5129 -6.8693 -5.5224 -3.9208 -2.8375 -1.3425 -0.0595 1.1352 2.8934 3.8535 
-19.7547 -20.3952 -19.3500 -19.5661 -20.3890 -20.1013 -19.2745 -19.1084 -19.2830 -19.1640 -20.2526 -19.3616 -19.5710 -19.0303 -19.0545 -17.6789 -16.4875 -14.5727 -12.7823 -10.9175 -9.4424 -7.6976 -6.2504 -4.5914 -3.4122 -1.8193 -0.4568 0.8101 2.6725 3.6909 
-19.4081 -19.5002 -19.3324 -inf -19.2965 -18.9641 -18.9946 -18.6535 -18.6719 -20.3244 -18.9716 -19.3783 -19.0744 -19.3181 -19.0234 -18.5451 -17.7876 -15.7317 -13.8834 -11.9323 -10.3665 -8.5223 -6.9751 -5.2603 -3.9833 -2.2944 -0.8516 0.4864 2.4531 3.5302 
-18.7150 -18.8071 -18.3700 -19.4670 -18.4879 -18.3898 -18.0665 -18.6279 -18.3178 -19.0957 -18.2055 -18.8315 -18.4602 -18.8803 -18.7274 -18.9241 -18.9403 -16.8818 -14.9753 -12.9439 -11.2847 -9.3434 -7.6966 -5.9276 -4.5506 -2.7677 -1.2439 0.1643 2.2353 3.3715 
-17.6753 -18.3970 -18.0015 -17.7780 -17.6844 -18.2687 -17.9727 -18.1119 -18.6504 -18.1818 -17.9366 -17.8341 -18.2388 -18.4437 -18.2268 -18.0288 -17.9054 -17.5790 -16.0219 -13.9495 -12.1982 -10.1611 -8.4148 -6.5932 -5.1142 -3.2393 -1.6338 -0.1560 2.0189 3.2148 
-inf -18.0218 -18.4273 -17.0410 -16.7001 -16.5836 -17.1083 -17.6388 -18.0908 -17.5741 -17.6584 -17.0753 -17.2218 -17.4629 -17.2293 -17.0998 -17.0907 -17.6694 -16.9549 -15.0075 -13.1019 -10.9754 -9.1295 -7.2570 -5.6738 -3.7092 -2.0211 -0.4742 1.8041 3.0600 
-16.2890 -16.3479 -16.3479 -16.9294 -17.1055 -17.2864 -16.4946 -16.7786 -16.9694 -16.2306 -16.5008 -16.4888 -16.1891 -16.2607 -16.3882 -16.8014 -16.4518 -16.4799 -16.7480 -15.6878 -13.9638 -11.7855 -9.8405 -7.9191 -6.2296 -4.1774 -2.4060 -0.7899 1.5906 2.9071 
-15.5958 -15.9424 -15.9424 -15.8666 -15.7902 -15.8085 -15.5153 -17.3080 -15.8532 -15.6336 -15.3336 -15.9563 -15.9034 -15.8485 -15.6031 -15.8962 -16.4124 -16.5077 -15.8146 -16.0405 -14.9621 -12.6049 -10.5505 -8.5798 -6.7813 -4.6441 -2.7882 -1.1031 1.3785 2.7563 
-inf -15.4316 -14.8438 -15.1735 -15.4569 -15.6239 -15.7192 -15.4724 -16.1973 -15.4521 -15.4234 -16.0366 -15.1772 -15.4497 -15.7975 -15.0899 -15.2243 -15.6741 -15.6330 -15.7681 -15.3484 -13.3822 -11.2631 -9.2373 -7.3290 -5.1093 -3.1679 -1.4138 1.1675 2.6075 
-13.7514 -14.1966 -14.2111 -15.6547 -14.4445 -15.9424 -14.0706 -14.4513 -14.7125 -14.5993 -14.7692 -14.6471 -14.7359 -14.9797 -14.6678 -14.3325 -14.4646 -14.3827 -14.3402 -14.6217 -14.6487 -13.7518 -11.9275 -9.8905 -7.8720 -5.5730 -3.5450 -1.7218 0.9577 2.4607 
-14.5561 -14.9616 -13.7872 -14.2684 -13.5496 -13.5463 -14.1120 -14.7589 -14.4533 -14.3479 -14.0324 -14.1244 -13.8847 -13.6685 -13.7342 -13.6357 -14.0745 -13.7209 -13.9286 -13.9954 -13.9065 -13.9045 -12.5615 -10.5572 -8.4125 -6.0353 -3.9195 -2.0269 0.7489 2.3160 
-12.7643 -13.3521 -12.6939 -13.8629 -12.6849 -12.6248 -12.3684 -13.2970 -13.8302 -13.0868 -13.1324 -12.8267 -12.8960 -13.0640 -12.7157 -12.7207 -13.0638 -13.1915 -13.3185 -13.4107 -13.1331 -13.0643 -13.0717 -11.2531 -8.9468 -6.4959 -4.2913 -2.3285 0.5412 2.1734 
-13.1698 -11.7682 -12.8518 -inf -12.9055 -13.8629 -12.2601 -12.6525 -12.8760 -12.9875 -12.9717 -12.8458 -12.3547 -12.5313 -12.3061 -12.5023 -12.6191 -12.9739 -12.7918 -12.5078 -12.5507 -12.4498 -12.7650 -11.9808 -9.4634 -6.9544 -4.6605 -2.6261 0.3345 2.0328 
-11.4369 -13.5753 -inf -12.0774 -12.6940 -11.9170 -11.7682 -12.1481 -11.9697 -12.1422 -12.5862 -12.5338 -12.0783 -13.1394 -12.2509 -12.6707 -12.7630 -12.1447 -12.2142 -12.3223 -12.2786 -12.3743 -12.2627 -12.2181 -9.9838 -7.4099 -5.0270 -2.9194 0.1287 1.8944 
-10.9788 -11.7078 -11.4385 -11.3780 -11.5604 -12.7643 -11.7532 -11.4306 -11.3239 -11.2054 -11.6320 -11.2571 -12.1335 -11.8052 -12.2504 -11.5570 -11.5379 -11.5706 -11.8247 -11.8253 -11.9712 -11.9785 -11.7666 -11.7101 -10.4101 -7.8596 -5.3906 -3.2083 -0.0761 1.7582 
-inf -11.3842 -11.3842 -10.7724 -13.8629 -inf -11.0904 -10.1915 -10.5024 -10.5360 -10.3223 -10.6535 -10.7406 -10.2943 -10.8753 -10.5824 -10.7531 -10.8463 -10.8547 -10.8665 -11.2609 -11.1620 -10.9582 -11.1263 -10.4696 -8.3450 -5.7529 -3.4926 -0.2800 1.6241 
-10.0506 -inf -10.1095 -10.3972 -10.5307 -10.8672 -9.5859 -9.8070 -10.0908 -10.1978 -10.0445 -10.0150 -9.7519 -9.9199 -10.2086 -10.2413 -10.2793 -10.4719 -10.4351 -10.0665 -10.3454 -10.4221 -10.5141 -10.5163 -10.2108 -8.6808 -6.1092 -3.7724 -0.4831 1.4922 
-9.7041 -9.3861 -10.1095 -9.0057 -9.7257 -9.6055 -9.8376 -9.6368 -9.4932 -9.8688 -9.3538 -9.9222 -10.4309 -9.8963 -9.8720 -9.8369 -9.7715 -9.7091 -9.5037 -9.7369 -10.2111 -10.1675 -10.3677 -9.8620 -9.7841 -9.0684 -6.4552 -4.0463 -0.6854 1.3624 
-inf -9.3861 -8.5223 -8.2365 -8.3534 -8.4761 -8.1854 -8.3229 -8.6737 -8.3802 -8.4881 -8.6791 -9.2109 -8.9994 -8.2645 -8.2895 -8.3925 -8.7375 -8.4515 -8.7246 -8.6611 -8.6789 -8.7211 -8.7306 -8.9171 -8.4698 -6.7145 -4.3126 -0.8868 1.2349 
-7.9712 -9.3048 -7.7836 -9.7041 -8.3178 -8.4513 -7.9597 -8.9156 -8.0364 -9.1232 -8.6333 -8.7072 -8.1094 -8.1680 -8.3883 -8.2912 -7.8638 -7.9286 -8.0801 -7.8477 -7.9532 -7.9778 -8.1080 -7.9269 -7.9310 -8.0471 -7.1296 -4.5978 -1.0877 1.1096 
-6.4733 -6.8199 -6.8929 -6.9315 -7.0606 -7.2482 -7.4528 -7.6588 -7.0252 -6.7818 -6.7897 -6.7938 -7.4759 -7.0959 -6.6932 -6.8478 -7.0905 -7.3805 -7.2058 -7.2732 -7.2000 -7.2439 -7.3611 -7.2665 -7.4431 -7.2482 -7.3473 -4.8654 -1.2873 0.9865 
-6.9315 -8.0301 -8.0301 -7.4015 -7.6246 -8.0946 -7.8942 -6.3917 -7.4632 -7.2600 -7.5764 -8.5001 -6.8804 -6.7192 -6.5497 -6.8118 -6.8002 -6.8122 -7.7638 -7.0616 -6.9945 -7.1502 -6.9740 -6.9824 -7.0011 -6.7864 -6.8349 -5.0773 -1.4864 0.8655 
-5.8918 -7.3369 -inf -8.3178 -7.1434 -6.3425 -6.1759 -6.8657 -7.1930 -6.1433 -6.8482 -6.5446 -6.2830 -6.1595 -6.2351 -6.0312 -5.9069 -6.3512 -6.6340 -6.3757 -6.6435 -6.5909 -6.4460 -6.4876 -6.4438 -6.5905 -6.4201 -5.1786 -1.6844 0.7468 
-5.5452 -7.3369 -7.3369 -6.5832 -6.0152 -6.5260 -5.9199 -5.9229 -5.6680 -5.4282 -5.6957 -6.5905 -5.7713 -5.3158 -5.2971 -5.6577 -5.5861 -5.4538 -5.4106 -5.6539 -5.5266 -5.8167 -5.6467 -5.8239 -5.4821 -5.6442 -5.4706 -5.1778 -1.8831 0.6306 
-4.8520 -5.0344 -6.6438 -4.4295 -4.2193 -4.9856 -4.9166 -4.7310 -4.8364 -4.9585 -4.4519 -4.9618 -5.4762 -4.8269 -4.7441 -5.2766 -5.4693 -5.3054 -5.0825 -5.0342 -5.3806 -5.3198 -5.3055 -4.9183 -5.0329 -5.1092 -5.1355 -5.1003 -2.0873 0.5162 
-4.0473 -4.5643 -4.5643 -4.7384 -4.0531 -4.6167 -4.2152 -4.0357 -3.8497 -4.7567 -5.4940 -4.6539 -4.0858 -4.0172 -4.3211 -3.9576 -4.0169 -4.2501 -4.2863 -4.2248 -4.2530 -4.4423 -4.5231 -4.2222 -4.2889 -4.3366 -4.2489 -4.2884 -2.2579 0.4037 
-inf -3.8054 -2.9621 -3.8829 -3.7824 -4.4466 -3.9357 -3.0621 -2.8806 -3.3672 -3.4552 -3.8297 -3.2125 -3.3367 -4.3104 -3.8777 -3.7172 -3.4026 -3.4793 -3.5763 -3.8295 -3.9289 -3.8608 -3.7807 -3.8021 -3.7760 -3.4617 -3.9288 -2.4360 0.2915 
-3.4657 -4.5643 -2.6687 -3.4657 -3.4657 -3.2998 -2.6334 -2.1238 -3.0241 -3.7983 -3.4604 -3.2651 -3.3065 -2.7899 -3.0975 -3.1355 -2.8009 -2.9850 -3.0426 -2.7909 -3.0480 -2.8776 -2.9669 -3.2807 -2.8796 -3.1940 -2.8954 -3.0214 -2.3397 0.1967 
-inf -2.2618 -2.2618 -2.0409 -2.0504 -1.8439 -2.3087 -2.0270 -2.2297 -3.4329 -3.1372 -2.6244 -2.4208 -2.3189 -2.4459 -2.3910 -2.7905 -2.6794 -2.7411 -2.4670 -2.4522 -2.6452 -2.4811 -2.5838 -2.4608 -2.5432 -2.5323 -2.4902 -2.1795 0.0921 
-2.0794 -1.9253 -2.7726 -1.4784 -2.3671 -4.4466 -3.1473 -1.7087 -1.4899 -1.5348 -1.5315 -2.0726 -2.1578 -2.2621 -1.6604 -1.5239 -2.0056 -1.8040 -1.9072 -1.8208 -2.0979 -2.2991 -2.0931 -2.2417 -2.0104 -2.0623 -1.7860 -2.0029 -2.2233 -0.0458 
