nan nan nan nan nan nan nan nan nan nan nan nan nan 
nan nan nan nan nan nan nan nan nan nan nan nan nan 
nan nan nan nan nan nan nan nan nan nan nan nan nan 
nan nan nan nan nan nan nan nan nan nan nan nan nan 
nan nan nan nan nan nan nan nan nan nan nan nan nan 
24.8942 1.0228 -0.8286 -2.2038 -1.0234 -0.6803 -1.5059 0.3903 -0.3829 -0.0293 -0.1058 -0.0773 -0.1314 
25.2269 2.1737 -1.7332 -1.7236 0.3454 -1.3235 -2.0479 -1.1301 0.0356 -0.4536 -0.0765 0.0562 -0.8468 
25.8387 2.0931 -1.1501 -1.9146 -0.3156 -0.5561 -1.7116 -0.9852 0.1507 -0.3074 -0.4950 -0.1742 0.0076 
26.8396 1.6059 -0.6653 -1.9951 -0.4390 -1.0743 -0.7554 -0.3211 0.1096 -0.2778 -0.0081 0.4326 -0.2300 
25.6383 0.1697 -2.2769 -2.5005 -0.6798 -1.4094 -0.9671 -0.9522 -0.1746 -0.2884 -0.3696 -0.4063 -0.1601 
25.5790 1.2422 -2.4387 -1.4027 -0.5588 -0.7892 -0.5522 -0.8707 -0.6420 -0.5480 -0.3181 0.0025 -0.8777 
26.7628 0.5371 -1.2741 -0.8724 0.3353 -0.8002 -0.7756 -0.5883 -0.2335 -0.6272 0.1531 -0.5867 0.1480 
25.8334 -0.6986 -2.3224 -2.1910 -0.0079 -0.3793 -0.4481 -0.1951 0.4592 -0.5715 -0.7321 -0.3517 -0.6282 
26.6922 0.9129 0.3956 -1.4537 -0.3168 -0.8196 -1.2710 -0.4213 -0.9485 0.0487 0.0384 -0.8736 -0.5764 
26.7208 0.7606 -1.9249 -1.5441 -0.4099 -1.8196 -1.8669 -1.1801 -0.9530 -0.7561 -0.3455 -0.3211 -0.0445 
27.1925 -0.6417 -0.1414 -2.0126 -0.5131 -1.7271 -0.0865 -0.4684 -0.5626 0.2218 -0.2897 -0.2348 -0.2499 
27.8781 0.9076 0.0108 -2.4235 -0.1761 -1.0821 -1.4984 -1.2507 -0.4835 -0.0508 -0.3371 -0.3489 -0.1758 
27.3450 1.1237 -0.6083 -2.1615 -0.0051 -1.2279 -0.9938 -0.5107 -0.4383 -0.1866 0.6250 -0.3408 -0.2429 
27.3185 0.8269 -0.7416 -1.0471 -0.0902 -1.3752 -1.6731 -0.6237 -0.2589 0.1937 -0.2523 -0.2098 -0.6924 
26.7959 -0.0035 -0.9826 -2.1447 -1.1820 -0.7210 -1.0434 -0.1104 0.0360 0.3153 0.0313 0.2058 -0.8297 
28.1313 0.8837 -0.7265 -1.7173 -0.5973 -1.9013 -0.2503 -0.8044 -0.4216 -0.4424 0.2557 0.0599 -0.7686 
27.6129 -0.4899 -3.0224 -1.6812 -0.3002 -2.3775 -0.5830 -0.3533 -0.1417 0.2394 -0.6759 -0.4841 -0.8101 
27.5541 0.7749 -0.4440 -1.1982 -0.5389 -1.6778 -0.0466 0.0405 0.1526 0.0683 -0.2032 -0.4695 -0.2734 
26.7755 -0.0303 -0.5530 -1.0244 -1.0092 -2.0469 -1.1899 0.2119 0.4333 -0.1757 0.4749 -0.5474 -0.2745 
26.7346 -0.5345 -1.0535 -1.7947 -0.6863 -0.6613 -0.9008 -1.3174 0.0161 -0.7963 -1.0841 -0.3528 -0.0046 
27.8438 1.5891 -0.7932 -1.3255 -1.1369 -1.5502 -0.6229 0.2588 0.0460 -0.6870 -0.5586 -0.5050 -0.0846 
26.7107 0.3637 -1.4638 -1.5931 -1.3936 -2.1434 -0.5697 0.1565 -0.3773 0.3437 0.0990 -0.0351 -0.1833 
28.0580 -0.5339 -0.4254 -0.9075 -1.0008 -1.0697 -0.8425 -0.3563 -0.4944 -0.6487 -0.2533 -0.5119 -0.1521 
29.3793 0.2686 -0.6680 -0.9625 -0.7126 -2.1190 -0.5969 0.0924 0.3133 0.3578 0.0781 -0.5348 0.3561 
28.4466 0.1008 -0.6706 -0.8251 -1.1406 -2.5530 -1.1656 -0.5698 0.4026 -0.1143 -0.6282 -0.5328 -0.4980 
27.2805 -0.2694 -0.7772 -1.6856 0.0345 -1.2035 -0.8692 -0.6411 0.0155 -0.3150 -0.0152 -0.1489 0.4384 
27.6422 1.4487 -1.0558 -1.9248 -0.4726 -1.7579 -0.9556 -0.4454 -0.4324 0.3994 0.1216 -0.1097 -0.1968 
33.4159 1.0073 -1.4888 -4.6452 -0.6557 -1.2665 -0.6788 -0.8572 -0.5254 0.6608 0.4916 -0.0496 -0.5461 
34.0534 1.1465 -1.6516 -3.9699 -0.2857 -1.0648 -0.4364 -1.3569 -0.6463 -0.2103 0.8657 0.7307 0.0267 
33.6618 -0.4632 -2.1653 -3.6440 -0.6223 -0.8245 -0.0378 -0.7858 -0.0898 0.4372 1.0817 1.6081 1.0643 
33.4384 -0.9454 -2.6075 -4.8390 -1.2483 -2.2405 -1.2848 -2.0820 -1.0015 -0.7720 0.1435 0.5577 0.4749 
33.8485 -0.5447 -0.8288 -4.8806 -0.5889 -1.7251 -0.6801 -1.5646 -0.8761 -0.4726 0.7055 0.6820 0.1636 
33.7187 -0.5571 -0.6557 -4.2047 -0.8910 -0.9510 -0.8811 -0.6273 -1.1082 1.0810 0.3798 0.9110 -0.0081 
33.6835 -0.4200 -1.6214 -2.8019 -2.1285 -0.5635 -1.5381 -0.2939 -0.8082 0.2165 0.6118 -0.0456 0.0772 
31.8625 -1.0013 -1.6879 -2.4832 -2.8223 -1.3515 -1.4341 -0.4531 0.7065 -0.1170 1.0528 0.0634 -0.4080 
29.3090 -0.7290 -0.2570 -2.9616 -1.6785 -0.2096 -0.5951 -0.5523 0.6159 0.3797 0.4320 0.0238 -0.2291 
29.8569 -0.4834 -1.2096 -0.9130 -0.3049 -1.1605 -1.3343 -1.1254 0.0552 -0.4507 -0.6087 -0.3199 -0.0677 
29.0278 -0.3573 -0.6578 -1.3032 -1.3902 -1.6083 -1.0755 -0.7042 0.2334 -0.4292 -0.2109 -0.0902 0.0543 
27.8346 -0.1857 -1.3328 -2.2364 -1.8131 -1.7667 -1.3974 -0.5184 -0.0634 -0.1092 -0.3733 -0.3558 -0.2595 
27.6033 -0.5305 -0.6647 -2.3142 -0.1963 -2.2090 -1.7221 -0.6984 0.2410 -0.9424 -0.9417 -0.8025 -0.1350 
27.8704 0.5076 -0.4817 -1.1893 -0.4877 -1.2735 -1.3449 -0.8153 0.4155 -0.1359 -0.1318 -0.4091 -0.1188 
28.4666 0.5332 0.1048 -0.3739 -1.3195 -0.8338 -0.2266 0.1090 -0.4702 0.4422 0.2612 -0.4096 -0.2226 
18.9665 -1.6898 0.1978 -0.4034 -0.9916 -0.5967 -0.1230 0.0669 -0.4372 0.2519 0.1434 -0.2894 -0.1327 
9.4768 -3.9479 0.2486 -0.4348 -0.6850 -0.4267 -0.0360 0.0696 -0.3665 0.1495 0.1141 -0.1825 -0.0782 
-0.0602 -6.2742 0.2505 -0.5069 -0.4416 -0.3164 0.0237 0.0628 -0.3103 0.0816 0.1028 -0.1211 -0.0484 
-9.6547 -8.6858 0.1837 -0.6359 -0.2632 -0.2569 0.0575 0.0423 -0.2737 0.0236 0.0898 -0.0931 -0.0326 
-19.3132 -11.1994 0.0256 -0.8414 -0.1576 -0.2471 0.0659 0.0060 -0.2610 -0.0399 0.0658 -0.0919 -0.0298 
-29.0386 -13.8293 -0.2479 -1.1491 -0.1448 -0.3012 0.0365 -0.0587 -0.2857 -0.1312 0.0124 -0.1275 -0.0540 
-38.8341 -16.5922 -0.6698 -1.6025 -0.2711 -0.4651 -0.0744 -0.1932 -0.3887 -0.2988 -0.1198 -0.2468 -0.1551 
-48.5171 -19.2438 -1.0163 -1.9952 -0.3428 -0.5543 -0.0878 -0.2236 -0.4069 -0.4060 -0.2225 -0.3715 -0.2884 
-57.8579 -21.4690 -0.9839 -2.0307 -0.0675 -0.2776 0.2917 0.1535 -0.0327 -0.1572 -0.0204 -0.2544 -0.2467 
-65.9962 -22.1304 0.3535 -1.0958 0.7897 0.2051 0.5565 0.1900 -0.1114 -0.3574 -0.1638 -0.3294 -0.2521 
-inf -inf -inf -inf -inf -inf -inf -inf -inf nan nan nan nan 
-75.1213 -15.7049 5.8431 -0.5027 -0.1837 -0.8084 0.3112 0.2760 0.0740 -0.3609 -0.1152 -0.2484 -0.1323 
-78.4324 -12.1349 6.8988 -1.7840 -0.5097 -0.3233 0.4492 -0.0092 0.2970 0.2591 0.3507 -0.1172 -0.0742 
-inf -inf -inf -inf -inf -inf -inf -inf -inf nan nan nan nan 
-80.3541 -4.9798 4.1335 -2.8737 2.7138 0.2162 -0.1917 0.0408 -0.1254 -1.1215 -0.4804 -0.1366 -0.0803 
-79.5463 -2.0727 2.4095 -1.8220 1.7133 -1.0735 0.3261 -0.8804 -0.3657 -0.3281 0.4636 -0.1905 -0.2980 
-77.8337 -1.4928 0.4648 -0.7355 1.1149 -0.4784 -0.4536 -0.5862 0.4774 0.0007 0.8552 0.3852 0.1381 
nan nan nan nan nan nan nan nan nan nan nan nan nan 
-74.5934 0.0718 -0.5204 -0.0534 0.1010 0.4975 0.1683 -0.2865 -0.3223 -0.1977 -0.2310 0.0398 0.3676 
-72.3576 0.3490 0.1475 -0.0223 -0.3214 -0.0990 0.5246 -0.1761 0.3568 0.5383 0.2076 -0.0368 -0.0843 
-inf -inf -inf -inf -inf -inf -inf -inf -inf nan nan nan nan 
-66.3521 -0.3253 0.4892 0.8241 0.0855 0.2615 -0.3081 -0.1209 -0.4236 0.1461 0.3541 -0.0990 -0.3223 
-63.4493 -0.1085 0.3331 0.2485 -0.3390 -0.2293 0.7476 0.4708 -0.6356 -0.0273 0.4137 0.4239 -0.2318 
-inf -inf -inf -inf -inf -inf -inf -inf -inf nan nan nan nan 
-58.5416 0.2657 0.5264 0.6604 1.0503 0.2440 0.0586 -0.4841 0.1767 0.1307 0.0026 -0.4431 -0.4711 
-56.3553 -0.6574 0.2756 -0.9102 -0.8021 -0.0852 0.3677 0.2270 -0.2603 -0.1752 0.1498 0.2543 0.4795 
-51.9802 -0.1710 0.3032 -0.4574 -0.1127 0.6312 0.7702 -0.3062 -0.4612 -0.1007 0.1683 0.1498 -0.0436 
nan nan nan nan nan nan nan nan nan nan nan nan nan 
nan nan nan nan nan nan nan nan nan nan nan nan nan 
-46.5440 0.3912 -0.0394 0.8578 0.4371 -0.5901 -0.1301 -0.0585 0.7344 0.4618 0.2650 -0.1273 -0.0957 
nan nan nan nan nan nan nan nan nan nan nan nan nan 
nan nan nan nan nan nan nan nan nan nan nan nan nan 
-38.9213 0.5345 -0.2017 -0.0574 0.1352 -0.4552 0.1696 0.1426 0.0435 0.4459 -0.2462 -0.1398 0.0557 
-inf -inf -inf -inf -inf -inf -inf -inf -inf nan nan nan nan 
-33.9663 -0.3068 0.2279 -0.2314 0.2951 0.7662 0.0068 0.0450 -0.0602 -0.3644 0.1934 0.5308 0.7880 
-28.0103 0.0739 0.6562 0.5074 0.1216 -0.5444 0.4425 0.2840 -0.1231 0.1736 -0.1416 0.3477 -0.0564 
-29.5398 -1.0121 0.5157 -0.3584 1.0102 0.1953 -0.6884 0.8517 0.5374 0.7181 0.4281 -0.6405 0.1557 
nan nan nan nan nan nan nan nan nan nan nan nan nan 
-24.1527 -1.5712 -0.3108 -0.0809 0.8284 0.3307 0.3029 1.3541 0.2757 0.6924 0.5663 -0.1593 0.0017 
-19.8361 -0.1437 -0.6156 -0.2249 -0.0293 0.1012 0.6757 0.9852 0.4447 0.9311 -0.4970 -0.5557 -0.4922 
-17.4928 -0.1327 0.2763 -0.6201 0.6489 0.6286 -0.5483 0.3528 0.7821 -0.3960 0.0175 -0.0058 -0.0507 
-inf -inf -inf -inf -inf -inf -inf -inf -inf nan nan nan nan 
-12.8911 -0.4857 -0.6128 -0.8147 0.3193 0.4834 -0.7856 -0.5116 0.2651 0.7076 0.2187 0.3433 0.8497 
-inf -inf -inf -inf -inf -inf -inf -inf -inf nan nan nan nan 
-8.5396 -0.9835 0.4227 1.2024 0.7875 -1.5002 -0.6795 0.2376 1.1006 0.9174 -0.1584 -0.7289 -0.7243 
