nan nan nan nan nan nan nan nan nan nan nan nan nan 
nan nan nan nan nan nan nan nan nan nan nan nan nan 
nan nan nan nan nan nan nan nan nan nan nan nan nan 
nan nan nan nan nan nan nan nan nan nan nan nan nan 
nan nan nan nan nan nan nan nan nan nan nan nan nan 
25.1461 1.0685 -2.7675 -1.1106 -1.5268 -0.5566 -0.1528 -0.1095 0.0508 -0.2852 0.1304 -0.1359 -0.2141 
26.4133 1.1337 -2.5875 0.4064 -2.1294 -2.0771 -0.0321 -0.6816 0.1447 -0.8837 -0.0261 0.2370 -0.6111 
26.8774 1.4869 -2.5707 -0.1755 -1.1495 -1.8974 0.0371 -0.6821 -0.4664 -0.0668 -0.6278 -0.0055 -0.4904 
27.3312 1.2244 -2.1770 -0.7571 -1.1789 -0.4690 0.2559 -0.2490 0.6234 0.1673 -0.8325 -0.4809 -0.4726 
26.2353 -0.7504 -3.2248 -1.1300 -1.5421 -1.1463 -0.2207 -0.3784 -0.6211 -0.1445 -0.5061 -0.4612 0.0965 
26.7438 -0.3658 -2.3285 -0.5420 -0.7119 -0.5647 -0.9431 -0.9687 -0.3734 -0.8675 -0.8781 -0.0374 -0.3839 
27.2520 -0.1338 -1.4596 0.5236 -1.1075 -0.7590 -0.5713 -0.4885 -0.3173 -0.2888 -0.4367 -0.2699 0.1837 
26.1491 -1.5572 -3.0386 -0.3284 -0.2734 -0.3802 0.8118 -1.0144 -0.5917 -1.1117 -0.6354 0.1079 -0.5046 
26.6747 1.7698 -1.0581 -0.4627 -1.1658 -1.0786 -0.7661 -0.0026 -0.8785 -1.0360 0.3369 -0.6325 0.1857 
27.5496 -0.0622 -2.3590 -0.2517 -2.4055 -1.6719 -1.4414 -0.8557 -0.4622 -0.1299 -0.4404 -0.5732 -0.5022 
26.8195 -0.1282 -1.4497 -1.6405 -1.4368 -0.3340 -0.4044 0.1697 -0.6480 0.0008 0.3379 0.0869 0.1647 
27.9694 1.5979 -2.0872 -0.4565 -1.3046 -1.9437 -0.8015 -0.1404 -0.5697 -0.2230 -0.7589 -0.3887 -0.2416 
27.5850 1.2249 -2.3171 -0.2219 -1.4370 -0.8512 -0.7258 0.1179 0.3602 -0.6076 -0.1904 -0.8841 -0.0261 
27.5764 0.3714 -0.8303 0.2134 -2.0484 -1.9349 -0.1985 0.1061 0.1924 -1.0096 -0.9143 -0.2967 0.5161 
26.6587 -0.2829 -2.0126 -1.3910 -1.0734 -1.0901 0.2684 -0.0209 0.5592 -0.8471 -1.0246 -0.3877 0.5926 
28.6121 0.6416 -1.6403 -1.2666 -1.5677 -0.3804 -1.0067 -0.2635 0.1107 -0.5284 -0.0426 -0.4974 -0.3106 
27.8525 -2.3011 -2.4858 -0.0941 -2.4356 -0.5514 -0.4310 0.3776 -0.8797 -1.0059 -1.7340 -0.5745 0.7528 
27.9496 0.4808 -0.9320 -1.0261 -1.3852 0.0678 0.1063 0.1622 -0.3746 -0.6498 -0.5011 -0.4103 0.1620 
26.5930 -0.0533 -1.0008 -1.0277 -2.6658 -0.2968 0.3224 0.4555 0.1738 -0.6572 -0.3812 -0.1831 -0.2990 
26.9763 -0.5912 -1.9021 -1.0884 -0.6555 -1.6375 -0.0973 -1.2197 -1.1379 -0.0152 -0.2880 0.0735 -0.2370 
28.7200 1.1174 -1.5276 -1.4182 -1.7614 0.0125 0.2234 -1.0304 -0.5768 -0.5688 0.0097 -0.6078 0.3581 
26.9838 -0.5957 -2.0304 -2.1510 -2.4477 -0.0868 -0.0224 0.2962 0.2475 -0.1326 0.6221 0.0419 0.5705 
27.7651 -0.2059 -0.5904 -0.9958 -1.4899 -0.4474 -0.5546 -0.6264 -0.2846 -0.1719 -1.0020 -0.6264 0.2902 
29.5098 -0.0397 -1.2202 -0.9608 -2.3071 0.0493 0.3589 0.8437 -0.6342 0.3187 0.1510 -0.5229 -0.4322 
28.7978 -0.3276 -0.4681 -1.4142 -2.6952 -1.2392 0.3864 0.0195 -0.6748 -0.6740 -0.1533 -0.5482 -0.0405 
27.2774 -0.3056 -1.8649 -0.4627 -1.0967 -0.9131 -0.2604 -0.2221 0.1349 0.0041 0.3337 -0.4348 -0.7427 
28.2159 0.8795 -2.3126 -0.9767 -1.9638 -0.7713 -0.7404 0.5267 0.0329 -0.1779 -0.0719 0.0148 -0.3108 
33.0627 0.7859 -4.1514 -1.6378 -1.1632 -1.5408 -0.9719 1.2850 1.1743 -1.2920 -1.6260 0.2365 0.2289 
33.9715 0.4338 -3.7485 -0.8526 -0.9406 -1.6281 -0.9777 0.4923 1.8454 -0.1230 -1.7507 -0.7625 0.7597 
32.8310 -1.5920 -3.9829 -1.7526 -0.4902 -0.3952 0.1375 0.7574 2.4585 1.7945 -1.1625 -0.7783 0.9507 
33.0315 -1.4995 -4.9311 -2.5101 -2.0592 -2.0527 -1.4795 -0.8503 0.8889 0.8534 -1.5775 -1.0668 0.4184 
32.5498 -0.0381 -3.6859 -1.6612 -1.6530 -2.0748 -1.3636 0.2180 1.8105 0.1489 -2.0584 -0.6802 1.3572 
32.6219 -0.1885 -3.7276 -2.0398 -1.0209 -1.5381 -0.8713 1.0918 1.5013 0.2825 -0.8888 0.1729 0.6716 
33.1507 -0.6599 -2.9798 -2.2000 -1.3580 -1.3768 -0.8037 0.4729 1.1012 -0.5547 -1.3248 -0.0734 0.4245 
31.0073 -1.3242 -2.8877 -3.0178 -2.2147 -1.0518 0.1730 0.8800 1.2062 -0.4571 -1.0402 0.6881 -0.1165 
28.0649 -0.1817 -2.3021 -1.9808 -0.6599 -1.5860 0.3487 1.1299 0.7503 -0.0724 -1.4512 0.4170 1.1127 
30.1385 -0.9761 -1.0903 -0.2887 -1.4043 -1.7019 -0.0896 -0.8669 -0.6234 -0.2315 -0.7080 -0.2671 -0.2090 
28.9605 -0.3127 -1.2489 -1.5942 -1.8891 -0.8304 0.0417 -0.3435 -0.2131 0.2380 -0.7850 -0.2787 -0.6390 
27.9642 -0.4766 -2.3134 -2.0901 -2.0564 -1.1229 0.1415 -0.1869 -0.2477 -0.4815 -0.9335 -0.5647 -0.4972 
27.4487 -0.1055 -1.9591 -0.6428 -2.6242 -1.4861 0.1927 -1.3398 -0.9626 -0.6173 -0.8216 -0.5341 0.3809 
28.1526 0.3551 -1.1482 -0.5261 -1.5113 -1.4725 0.1543 -0.2621 -0.4933 -0.3830 -0.6905 -0.2421 -0.3995 
28.5625 0.6539 -0.2010 -1.4765 -0.9077 -0.0503 -0.4258 0.6793 -0.2611 -0.2629 0.3772 -0.4019 0.1554 
18.1671 -0.9880 -0.0076 -1.2883 -0.5453 -0.0105 -0.4271 0.3886 -0.2115 -0.2108 0.2821 -0.2162 0.0287 
7.7434 -2.7083 0.1793 -1.1102 -0.2703 0.0139 -0.3485 0.2402 -0.1160 -0.1580 0.2041 -0.1227 0.0040 
-2.7518 -4.5053 0.3202 -0.9999 -0.0662 0.0030 -0.2741 0.1470 -0.0556 -0.1306 0.1601 -0.0732 0.0065 
-13.3266 -6.3978 0.3888 -0.9654 0.0792 -0.0356 -0.2209 0.0736 -0.0280 -0.1258 0.1357 -0.0438 0.0164 
-23.9874 -8.4085 0.3579 -1.0192 0.1691 -0.0984 -0.1968 -0.0001 -0.0299 -0.1451 0.1166 -0.0253 0.0276 
-34.7331 -10.5535 0.2014 -1.1816 0.1934 -0.1929 -0.2155 -0.1014 -0.0775 -0.2111 0.0717 -0.0312 0.0261 
-45.5492 -12.8343 -0.1039 -1.4835 0.1205 -0.3515 -0.3180 -0.2932 -0.2388 -0.4032 -0.0872 -0.1313 -0.0399 
-56.2413 -14.9982 -0.3288 -1.7098 0.1573 -0.3725 -0.3182 -0.4274 -0.3957 -0.6357 -0.2994 -0.2624 -0.0943 
-66.6089 -16.7776 -0.2150 -1.5974 0.5860 0.0662 0.1509 -0.1203 -0.1654 -0.5601 -0.2854 -0.2178 0.0017 
-75.3798 -16.5482 1.4097 -0.6080 1.2608 0.2602 0.0908 -0.3792 -0.3384 -0.6767 -0.3260 -0.1712 0.0882 
nan nan nan nan nan nan nan nan nan nan nan nan nan 
-83.5067 -7.7475 4.6798 -2.0731 0.3202 0.0684 0.2468 -0.2801 0.0182 -0.4513 -0.4249 -0.2558 0.2229 
-86.3944 -4.6423 3.1218 -2.9235 0.9747 -0.1654 0.5844 0.1861 0.0353 -0.0012 0.2703 0.5955 1.3421 
nan nan nan nan nan nan nan nan nan nan nan nan nan 
-84.2840 -0.0477 -0.0455 1.0131 1.0484 0.0044 0.0326 -1.3770 -0.3561 -1.1799 0.4498 1.0182 0.1586 
nan nan nan nan nan nan nan nan nan nan nan nan nan 
nan nan nan nan nan nan nan nan nan nan nan nan nan 
nan nan nan nan nan nan nan nan nan nan nan nan nan 
nan nan nan nan nan nan nan nan nan nan nan nan nan 
nan nan nan nan nan nan nan nan nan nan nan nan nan 
nan nan nan nan nan nan nan nan nan nan nan nan nan 
nan nan nan nan nan nan nan nan nan nan nan nan nan 
nan nan nan nan nan nan nan nan nan nan nan nan nan 
-inf -inf -inf -inf -inf -inf -inf -inf -inf nan nan nan nan 
nan nan nan nan nan nan nan nan nan nan nan nan nan 
nan nan nan nan nan nan nan nan nan nan nan nan nan 
-52.3696 -0.0741 -0.3863 -0.8359 0.8686 -0.0494 -0.6629 0.1196 0.3209 0.1498 1.0455 1.0497 0.9818 
nan nan nan nan nan nan nan nan nan nan nan nan nan 
nan nan nan nan nan nan nan nan nan nan nan nan nan 
-46.5909 -0.1744 0.7520 0.4582 -0.9570 -0.3000 0.9029 0.4859 -0.1958 -0.2587 0.5335 1.3711 -0.0991 
nan nan nan nan nan nan nan nan nan nan nan nan nan 
nan nan nan nan nan nan nan nan nan nan nan nan nan 
nan nan nan nan nan nan nan nan nan nan nan nan nan 
nan nan nan nan nan nan nan nan nan nan nan nan nan 
nan nan nan nan nan nan nan nan nan nan nan nan nan 
-28.3765 0.3190 1.3228 -0.2221 -0.5264 0.7642 -0.0226 -0.2922 0.4537 0.4494 -0.8324 0.1309 0.6830 
nan nan nan nan nan nan nan nan nan nan nan nan nan 
nan nan nan nan nan nan nan nan nan nan nan nan nan 
nan nan nan nan nan nan nan nan nan nan nan nan nan 
nan nan nan nan nan nan nan nan nan nan nan nan nan 
-17.9507 0.3133 -0.5972 0.7316 0.1228 -0.4663 1.1044 -0.5211 0.2787 -0.2830 -0.1654 0.7847 0.4681 
nan nan nan nan nan nan nan nan nan nan nan nan nan 
nan nan nan nan nan nan nan nan nan nan nan nan nan 
-inf -inf -inf -inf -inf -inf -inf -inf -inf nan nan nan nan 
nan nan nan nan nan nan nan nan nan nan nan nan nan 
nan nan nan nan nan nan nan nan nan nan nan nan nan 
nan nan nan nan nan nan nan nan nan nan nan nan nan 
nan nan nan nan nan nan nan nan nan nan nan nan nan 
nan nan nan nan nan nan nan nan nan nan nan nan nan 
nan nan nan nan nan nan nan nan nan nan nan nan nan 
25.1461 1.0685 -2.7675 -1.1106 -1.5268 -0.5566 -0.1528 -0.1095 0.0508 -0.2852 0.1304 -0.1359 -0.2141 
26.4133 1.1337 -2.5875 0.4064 -2.1294 -2.0771 -0.0321 -0.6816 0.1447 -0.8837 -0.0261 0.2370 -0.6111 
26.8774 1.4869 -2.5707 -0.1755 -1.1495 -1.8974 0.0371 -0.6821 -0.4664 -0.0668 -0.6278 -0.0055 -0.4904 
27.3312 1.2244 -2.1770 -0.7571 -1.1789 -0.4690 0.2559 -0.2490 0.6234 0.1673 -0.8325 -0.4809 -0.4726 
26.2353 -0.7504 -3.2248 -1.1300 -1.5421 -1.1463 -0.2207 -0.3784 -0.6211 -0.1445 -0.5061 -0.4612 0.0965 
26.7438 -0.3658 -2.3285 -0.5420 -0.7119 -0.5647 -0.9431 -0.9687 -0.3734 -0.8675 -0.8781 -0.0374 -0.3839 
27.2520 -0.1338 -1.4596 0.5236 -1.1075 -0.7590 -0.5713 -0.4885 -0.3173 -0.2888 -0.4367 -0.2699 0.1837 
26.1491 -1.5572 -3.0386 -0.3284 -0.2734 -0.3802 0.8118 -1.0144 -0.5917 -1.1117 -0.6354 0.1079 -0.5046 
26.6747 1.7698 -1.0581 -0.4627 -1.1658 -1.0786 -0.7661 -0.0026 -0.8785 -1.0360 0.3369 -0.6325 0.1857 
27.5496 -0.0622 -2.3590 -0.2517 -2.4055 -1.6719 -1.4414 -0.8557 -0.4622 -0.1299 -0.4404 -0.5732 -0.5022 
26.8195 -0.1282 -1.4497 -1.6405 -1.4368 -0.3340 -0.4044 0.1697 -0.6480 0.0008 0.3379 0.0869 0.1647 
27.9694 1.5979 -2.0872 -0.4565 -1.3046 -1.9437 -0.8015 -0.1404 -0.5697 -0.2230 -0.7589 -0.3887 -0.2416 
27.5850 1.2249 -2.3171 -0.2219 -1.4370 -0.8512 -0.7258 0.1179 0.3602 -0.6076 -0.1904 -0.8841 -0.0261 
27.5764 0.3714 -0.8303 0.2134 -2.0484 -1.9349 -0.1985 0.1061 0.1924 -1.0096 -0.9143 -0.2967 0.5161 
26.6587 -0.2829 -2.0126 -1.3910 -1.0734 -1.0901 0.2684 -0.0209 0.5592 -0.8471 -1.0246 -0.3877 0.5926 
28.6121 0.6416 -1.6403 -1.2666 -1.5677 -0.3804 -1.0067 -0.2635 0.1107 -0.5284 -0.0426 -0.4974 -0.3106 
27.8525 -2.3011 -2.4858 -0.0941 -2.4356 -0.5514 -0.4310 0.3776 -0.8797 -1.0059 -1.7340 -0.5745 0.7528 
27.9496 0.4808 -0.9320 -1.0261 -1.3852 0.0678 0.1063 0.1622 -0.3746 -0.6498 -0.5011 -0.4103 0.1620 
26.5930 -0.0533 -1.0008 -1.0277 -2.6658 -0.2968 0.3224 0.4555 0.1738 -0.6572 -0.3812 -0.1831 -0.2990 
26.9763 -0.5912 -1.9021 -1.0884 -0.6555 -1.6375 -0.0973 -1.2197 -1.1379 -0.0152 -0.2880 0.0735 -0.2370 
28.7200 1.1174 -1.5276 -1.4182 -1.7614 0.0125 0.2234 -1.0304 -0.5768 -0.5688 0.0097 -0.6078 0.3581 
26.9838 -0.5957 -2.0304 -2.1510 -2.4477 -0.0868 -0.0224 0.2962 0.2475 -0.1326 0.6221 0.0419 0.5705 
27.7651 -0.2059 -0.5904 -0.9958 -1.4899 -0.4474 -0.5546 -0.6264 -0.2846 -0.1719 -1.0020 -0.6264 0.2902 
29.5098 -0.0397 -1.2202 -0.9608 -2.3071 0.0493 0.3589 0.8437 -0.6342 0.3187 0.1510 -0.5229 -0.4322 
28.7978 -0.3276 -0.4681 -1.4142 -2.6952 -1.2392 0.3864 0.0195 -0.6748 -0.6740 -0.1533 -0.5482 -0.0405 
27.2774 -0.3056 -1.8649 -0.4627 -1.0967 -0.9131 -0.2604 -0.2221 0.1349 0.0041 0.3337 -0.4348 -0.7427 
28.2159 0.8795 -2.3126 -0.9767 -1.9638 -0.7713 -0.7404 0.5267 0.0329 -0.1779 -0.0719 0.0148 -0.3108 
33.0627 0.7859 -4.1514 -1.6378 -1.1632 -1.5408 -0.9719 1.2850 1.1743 -1.2920 -1.6260 0.2365 0.2289 
33.9715 0.4338 -3.7485 -0.8526 -0.9406 -1.6281 -0.9777 0.4923 1.8454 -0.1230 -1.7507 -0.7625 0.7597 
32.8310 -1.5920 -3.9829 -1.7526 -0.4902 -0.3952 0.1375 0.7574 2.4585 1.7945 -1.1625 -0.7783 0.9507 
33.0315 -1.4995 -4.9311 -2.5101 -2.0592 -2.0527 -1.4795 -0.8503 0.8889 0.8534 -1.5775 -1.0668 0.4184 
32.5498 -0.0381 -3.6859 -1.6612 -1.6530 -2.0748 -1.3636 0.2180 1.8105 0.1489 -2.0584 -0.6802 1.3572 
32.6219 -0.1885 -3.7276 -2.0398 -1.0209 -1.5381 -0.8713 1.0918 1.5013 0.2825 -0.8888 0.1729 0.6716 
33.1507 -0.6599 -2.9798 -2.2000 -1.3580 -1.3768 -0.8037 0.4729 1.1012 -0.5547 -1.3248 -0.0734 0.4245 
31.0073 -1.3242 -2.8877 -3.0178 -2.2147 -1.0518 0.1730 0.8800 1.2062 -0.4571 -1.0402 0.6881 -0.1165 
28.0649 -0.1817 -2.3021 -1.9808 -0.6599 -1.5860 0.3487 1.1299 0.7503 -0.0724 -1.4512 0.4170 1.1127 
30.1385 -0.9761 -1.0903 -0.2887 -1.4043 -1.7019 -0.0896 -0.8669 -0.6234 -0.2315 -0.7080 -0.2671 -0.2090 
28.9605 -0.3127 -1.2489 -1.5942 -1.8891 -0.8304 0.0417 -0.3435 -0.2131 0.2380 -0.7850 -0.2787 -0.6390 
27.9642 -0.4766 -2.3134 -2.0901 -2.0564 -1.1229 0.1415 -0.1869 -0.2477 -0.4815 -0.9335 -0.5647 -0.4972 
27.4487 -0.1055 -1.9591 -0.6428 -2.6242 -1.4861 0.1927 -1.3398 -0.9626 -0.6173 -0.8216 -0.5341 0.3809 
28.1526 0.3551 -1.1482 -0.5261 -1.5113 -1.4725 0.1543 -0.2621 -0.4933 -0.3830 -0.6905 -0.2421 -0.3995 
28.5625 0.6539 -0.2010 -1.4765 -0.9077 -0.0503 -0.4258 0.6793 -0.2611 -0.2629 0.3772 -0.4019 0.1554 
18.1671 -0.9880 -0.0076 -1.2883 -0.5453 -0.0105 -0.4271 0.3886 -0.2115 -0.2108 0.2821 -0.2162 0.0287 
7.7434 -2.7083 0.1793 -1.1102 -0.2703 0.0139 -0.3485 0.2402 -0.1160 -0.1580 0.2041 -0.1227 0.0040 
-2.7518 -4.5053 0.3202 -0.9999 -0.0662 0.0030 -0.2741 0.1470 -0.0556 -0.1306 0.1601 -0.0732 0.0065 
-13.3266 -6.3978 0.3888 -0.9654 0.0792 -0.0356 -0.2209 0.0736 -0.0280 -0.1258 0.1357 -0.0438 0.0164 
-23.9874 -8.4085 0.3579 -1.0192 0.1691 -0.0984 -0.1968 -0.0001 -0.0299 -0.1451 0.1166 -0.0253 0.0276 
-34.7331 -10.5535 0.2014 -1.1816 0.1934 -0.1929 -0.2155 -0.1014 -0.0775 -0.2111 0.0717 -0.0312 0.0261 
-45.5492 -12.8343 -0.1039 -1.4835 0.1205 -0.3515 -0.3180 -0.2932 -0.2388 -0.4032 -0.0872 -0.1313 -0.0399 
-56.2413 -14.9982 -0.3288 -1.7098 0.1573 -0.3725 -0.3182 -0.4274 -0.3957 -0.6357 -0.2994 -0.2624 -0.0943 
-66.6089 -16.7776 -0.2150 -1.5974 0.5860 0.0662 0.1509 -0.1203 -0.1654 -0.5601 -0.2854 -0.2178 0.0017 
-75.3798 -16.5482 1.4097 -0.6080 1.2608 0.2602 0.0908 -0.3792 -0.3384 -0.6767 -0.3260 -0.1712 0.0882 
nan nan nan nan nan nan nan nan nan nan nan nan nan 
-83.5067 -7.7475 4.6798 -2.0731 0.3202 0.0684 0.2468 -0.2801 0.0182 -0.4513 -0.4249 -0.2558 0.2229 
-86.3944 -4.6423 3.1218 -2.9235 0.9747 -0.1654 0.5844 0.1861 0.0353 -0.0012 0.2703 0.5955 1.3421 
nan nan nan nan nan nan nan nan nan nan nan nan nan 
-84.2840 -0.0477 -0.0455 1.0131 1.0484 0.0044 0.0326 -1.3770 -0.3561 -1.1799 0.4498 1.0182 0.1586 
nan nan nan nan nan nan nan nan nan nan nan nan nan 
nan nan nan nan nan nan nan nan nan nan nan nan nan 
nan nan nan nan nan nan nan nan nan nan nan nan nan 
nan nan nan nan nan nan nan nan nan nan nan nan nan 
nan nan nan nan nan nan nan nan nan nan nan nan nan 
nan nan nan nan nan nan nan nan nan nan nan nan nan 
nan nan nan nan nan nan nan nan nan nan nan nan nan 
nan nan nan nan nan nan nan nan nan nan nan nan nan 
-inf -inf -inf -inf -inf -inf -inf -inf -inf nan nan nan nan 
nan nan nan nan nan nan nan nan nan nan nan nan nan 
nan nan nan nan nan nan nan nan nan nan nan nan nan 
-52.3696 -0.0741 -0.3863 -0.8359 0.8686 -0.0494 -0.6629 0.1196 0.3209 0.1498 1.0455 1.0497 0.9818 
nan nan nan nan nan nan nan nan nan nan nan nan nan 
nan nan nan nan nan nan nan nan nan nan nan nan nan 
-46.5909 -0.1744 0.7520 0.4582 -0.9570 -0.3000 0.9029 0.4859 -0.1958 -0.2587 0.5335 1.3711 -0.0991 
nan nan nan nan nan nan nan nan nan nan nan nan nan 
nan nan nan nan nan nan nan nan nan nan nan nan nan 
nan nan nan nan nan nan nan nan nan nan nan nan nan 
nan nan nan nan nan nan nan nan nan nan nan nan nan 
nan nan nan nan nan nan nan nan nan nan nan nan nan 
-28.3765 0.3190 1.3228 -0.2221 -0.5264 0.7642 -0.0226 -0.2922 0.4537 0.4494 -0.8324 0.1309 0.6830 
nan nan nan nan nan nan nan nan nan nan nan nan nan 
nan nan nan nan nan nan nan nan nan nan nan nan nan 
nan nan nan nan nan nan nan nan nan nan nan nan nan 
nan nan nan nan nan nan nan nan nan nan nan nan nan 
-17.9507 0.3133 -0.5972 0.7316 0.1228 -0.4663 1.1044 -0.5211 0.2787 -0.2830 -0.1654 0.7847 0.4681 
nan nan nan nan nan nan nan nan nan nan nan nan nan 
nan nan nan nan nan nan nan nan nan nan nan nan nan 
-inf -inf -inf -inf -inf -inf -inf -inf -inf nan nan nan nan 
nan nan nan nan nan nan nan nan nan nan nan nan nan 
