17.5027 0.9834 2.3228 -0.8628 -0.3239 0.2520 -2.1630 0.0103 -0.5531 -0.2403 0.4117 -0.2154 -0.1874 
17.4197 -0.2544 1.2161 -0.8840 -1.8232 -0.7721 -1.0794 -0.3658 -1.0419 -0.0080 -0.2844 -0.3693 -0.1317 
19.2705 0.4463 1.2308 -0.6017 -1.6113 -0.5398 -0.7340 0.1763 -0.5887 0.0048 -0.3665 -0.3536 0.1425 
18.5638 -0.4391 0.3951 0.4324 -1.0906 -0.1418 0.0321 -0.5820 -1.4108 -0.5435 0.1355 -0.3619 0.1283 
18.0157 -1.6487 -0.5033 -0.4829 -0.4431 -0.6158 -1.3134 -0.1642 -1.2435 -0.2471 -0.0903 -0.3365 0.1547 
19.0633 -1.1322 1.0678 -0.2531 -1.4809 -0.2880 -1.2628 -0.1613 0.3386 -0.0237 -0.5084 -0.5548 0.3235 
19.4638 -0.2518 1.0252 -0.4587 -1.3380 -0.4756 -0.1657 0.4871 -0.2049 -0.6687 -0.5042 -0.6282 0.3023 
18.9300 -2.1538 0.7258 -0.2912 -1.2192 -0.2307 -1.1567 -1.3488 -0.7862 -0.1617 -0.4708 -0.3883 -0.2324 
18.9925 -2.1019 -0.4148 -1.1879 -1.4435 -0.6233 -0.7102 0.1526 0.4571 1.0257 0.6608 0.8364 0.8614 
18.2318 -2.4421 -0.0052 0.5303 -1.8189 -0.7444 -0.9042 -0.4592 -0.1686 0.4176 -0.1913 -0.0699 -0.0697 
19.1491 -1.3507 0.1353 0.2122 -1.4075 -0.9082 -0.6473 -0.3159 -0.5175 0.4722 0.7065 -0.5711 -0.1440 
19.1558 -0.2312 0.9457 -0.3442 -2.2294 -1.2081 -0.4625 -0.5388 -0.8016 -0.1641 0.5531 -0.2398 -0.2909 
18.3609 -0.4111 0.6958 0.5826 0.5811 -1.0430 -1.8329 -0.1505 -0.8348 0.6304 0.0609 -0.4825 -0.7518 
19.2744 -0.0985 1.2151 -0.5310 -1.2615 -0.6701 -0.7836 -0.0763 -0.4323 -0.7827 0.6156 0.1008 -0.2090 
19.3840 -0.8498 -0.3095 -1.3873 -1.6086 0.3275 -0.7837 -0.0119 -0.2056 -0.0427 -0.7978 -0.3382 -0.2569 
19.4427 -0.6657 0.5513 -0.9029 -1.3394 -0.9714 -1.3381 0.4250 -0.4499 -0.7350 -0.6537 -0.0240 0.2622 
19.3904 -0.9225 1.1740 -0.5505 -1.4038 -0.7648 -0.1650 -0.6826 -0.4235 -0.1718 0.3168 0.3273 -0.0721 
18.2175 -1.2536 0.7231 -0.2072 -1.3670 -0.4075 0.8541 0.7589 -0.3294 0.4928 0.0249 -0.1520 0.2012 
19.3704 -0.4660 1.3260 -0.0021 -0.9032 -0.7579 -1.2780 0.1311 0.2396 0.2716 -0.3532 -0.4110 -0.3027 
19.3442 -1.1283 0.2687 -0.5773 -0.4681 0.6434 -1.6633 -0.6350 -0.4340 -0.5636 -0.2596 0.0729 -0.5013 
19.7388 -0.9974 1.4705 -0.3782 -1.2075 -0.7821 -1.1819 -0.0327 0.0198 0.0724 -0.2866 -0.7059 -0.2115 
18.8689 -0.4501 1.6436 -0.3578 -1.6111 -0.4234 -1.0868 -0.1608 -0.2130 -0.4336 -0.0587 -0.2730 0.1072 
19.3541 -0.3648 1.0337 -1.7661 -1.8553 0.5913 -0.7215 -0.5854 -0.2713 -0.2764 0.2390 0.0365 -0.0153 
17.7753 -2.3948 0.0187 -0.8998 -0.3632 1.7702 1.1119 0.4633 0.3749 -0.4255 -1.1690 -0.6792 -0.3355 
18.1050 -0.3331 0.5843 -1.0363 -1.2645 -0.1329 -1.0347 0.0216 -0.2978 -0.4244 -0.1473 -0.2726 -0.1332 
18.7677 -0.6985 0.5184 -1.6661 -1.2746 -1.5708 -0.1502 0.3314 -0.2515 -0.0627 0.0717 -0.2349 0.3161 
18.5008 -1.0081 1.0636 -0.7496 -0.8635 -0.5750 -0.6377 0.5160 0.2186 -0.4591 -0.2685 -0.2583 -0.2843 
17.1715 -2.7774 -0.4759 -1.2887 0.2627 0.2625 -0.8209 -0.6812 -1.5420 -1.9877 -1.2379 -1.0306 0.5018 
17.8814 -1.7727 -0.4001 -1.3093 -1.0329 0.0133 -0.7311 -0.2191 -0.5857 -0.3738 0.9531 -0.3801 -0.0857 
17.2015 -1.0584 -0.3491 0.3155 -0.7563 0.0551 -0.2266 -0.6072 0.0534 -0.3041 -0.4520 0.1302 0.6929 
18.4571 -1.5062 -0.3945 -1.0382 0.1553 0.5643 0.2350 0.4213 0.0650 -0.3680 -0.3411 -0.3343 0.0069 
17.8197 -1.0411 0.6714 -0.3632 -2.0110 -1.0975 -0.9724 0.7727 0.2777 -0.0875 -0.4151 -0.3610 0.5945 
18.6228 -1.3847 -0.0773 -0.6899 -0.0287 0.1785 -0.0797 -0.5632 0.2550 -0.0201 -0.0447 -0.2707 -0.3159 
16.7930 -2.6811 0.0104 -0.6038 0.1266 1.1095 -0.7057 0.1506 -0.7095 -0.3719 0.5828 -0.6526 -0.5802 
19.4295 -1.3258 1.2095 -0.6579 -0.7313 -0.2363 -0.3263 -0.4969 -0.1403 0.2128 -0.7343 -0.3431 0.0220 
18.7609 -0.7450 -0.6618 -1.5315 -1.4509 0.4134 -0.1592 0.2414 0.4750 0.4488 1.4467 0.8369 0.4545 
18.6889 -1.0051 0.2048 -0.3099 0.1902 0.8656 -0.7065 -0.2854 -0.3905 0.5436 0.0925 -0.5481 -0.3280 
18.4860 -0.6129 1.9400 -0.4119 -1.9235 -0.5442 -0.2809 -0.2961 0.2369 -0.3237 -0.6694 -0.0378 0.6513 
18.1823 -0.9636 1.4900 -1.0104 -2.4470 -0.1620 -0.1464 -0.3190 -0.5053 -0.0869 -0.3202 -0.0488 -0.1266 
19.3995 0.1014 0.8120 -2.1224 -1.2618 0.1541 -1.5621 -0.5745 0.0068 -0.1485 -0.6681 0.0116 0.0914 
18.3992 -0.1870 1.2237 -0.4045 -1.4980 -0.6107 -0.4328 -0.8367 0.6378 -1.4395 -1.5615 -0.7695 0.8518 
20.2868 -0.6717 1.1604 -1.2606 -0.1060 -0.5062 -0.1444 0.1969 -0.9071 -0.8031 -0.7705 -0.2433 0.0820 
21.2360 -0.9511 1.8343 -0.8115 -0.7926 -1.4144 -0.7984 0.5024 0.3051 -0.6975 -0.3988 0.1713 -0.3200 
20.1499 -0.8460 2.6575 -0.8800 -1.0565 0.1121 -0.7765 0.3349 0.1079 0.1531 -0.4927 -0.6172 0.6968 
19.8780 0.4855 2.4550 0.0779 -1.1975 -0.5599 -1.8515 0.7669 0.1750 -0.0871 -0.5118 -0.2064 0.0768 
19.4878 -0.5692 1.0794 0.2464 -1.7668 -0.1547 -0.5546 -0.3789 -1.0547 -0.5383 -0.1107 -0.1427 -0.0403 
20.0240 0.1324 0.8741 -1.0700 -1.2872 -1.0307 -0.2471 -0.2596 0.0235 -0.4387 -0.5405 0.0711 0.1818 
18.8778 -0.8743 -0.4005 -1.4140 -0.7906 -0.1981 -1.2267 0.2580 0.0798 -0.5692 -0.5442 -0.6787 -0.1467 
18.7250 -1.1727 0.4414 -0.7165 -1.9044 0.3563 -1.2908 -0.2002 -1.3214 -0.8905 -0.2090 -0.1136 -0.0976 
19.3692 -1.0947 0.7693 -0.5172 -1.6637 0.2162 -0.7370 -0.5549 -0.2415 -0.6222 -0.3091 0.0493 -0.3920 
18.5577 -0.7802 0.4840 -1.6058 -0.5101 -0.6491 -0.4256 -0.0975 -0.4949 -0.1601 0.0354 -0.4007 -0.4548 
18.9966 -1.1697 0.7004 -1.2228 -1.2163 0.3874 -0.3414 -0.2586 -0.8229 -0.1942 -0.7168 -0.4643 0.2221 
18.6293 -2.0438 0.1052 -0.4316 -0.9696 0.6331 -0.7424 -0.3888 -0.3213 -0.1797 -0.8955 -0.4735 0.8975 
19.1308 -1.3768 0.6927 0.0873 -1.2605 -0.6560 -1.1010 -0.5449 0.8055 0.2004 -0.8238 -0.3223 0.7728 
18.4531 -1.7537 -1.3834 -1.2199 -1.8745 -0.4289 0.0184 -0.6386 0.5393 0.1771 0.4652 0.2035 0.2533 
19.4445 -1.0047 0.1184 -0.3208 -0.9373 0.3324 -0.3515 -0.6765 -0.0393 -0.5693 0.2268 -0.4212 -0.3666 
18.6536 -1.4386 0.4103 -0.8368 -2.0690 -0.1074 -1.2777 -0.7114 -0.0958 -0.8711 -0.4728 -0.4414 0.2050 
18.5329 -2.3106 0.8326 0.2652 -0.0522 0.6648 0.0123 -0.2918 -0.8693 -1.7069 -0.4062 -0.1756 -0.0256 
18.8267 -1.1882 0.7492 -0.5052 -2.0163 -0.4391 -0.2948 -0.3738 -0.2174 0.1834 0.5674 -0.0741 0.2809 
18.3021 -0.2358 1.2856 -1.4764 -0.8003 -0.2222 -0.9352 -0.0686 -0.0038 -0.6283 -0.3366 0.2396 -0.1474 
18.7579 -1.2291 0.5692 -0.8765 -1.1921 0.1768 -0.1732 -0.2155 -0.8161 -1.3677 -1.0840 -0.3483 0.2049 
18.2005 0.1275 0.3874 0.0900 -1.2499 0.0565 -0.9612 0.1883 -0.7732 0.3337 -0.6212 -0.4037 0.1733 
18.6918 -0.9097 0.6964 -0.5603 -1.9237 0.9106 -0.3478 -0.2723 0.0112 0.5791 -0.0627 -0.1956 -0.0405 
17.4483 -1.6935 0.4708 -0.6935 -2.0515 0.5989 -0.3994 0.1811 0.4664 0.0065 -0.0651 0.1628 0.0931 
18.5041 -0.6648 0.7512 -1.0503 -0.9295 0.8183 -0.1349 -1.1849 0.0996 -0.3623 -0.5853 -0.3375 0.4134 
18.2227 -0.5691 -0.2366 0.0614 -0.6558 0.0191 -0.5625 -1.1269 -0.0904 -0.8593 -0.0391 -0.6567 0.2145 
18.9029 0.9730 0.1457 -1.2301 -1.5731 -0.3796 -1.2737 0.5516 -0.0606 -0.4654 -0.4551 -0.6114 0.2400 
19.2757 0.5931 0.6038 -0.7232 -0.9423 -0.2373 -0.6168 -0.3236 0.0716 -0.4346 0.3758 -0.5956 -0.4568 
18.2674 -1.6488 0.8509 0.3375 -0.9270 -1.4116 -0.5007 -0.0882 0.1773 -0.4533 -0.3603 -0.3577 0.8646 
18.9514 -0.5100 1.1347 -1.6347 -0.5142 0.5197 -0.6693 -0.8711 -0.3391 -0.5046 -0.3276 -0.1989 0.2412 
18.4218 -0.8563 0.4465 -1.3594 -1.3447 -0.2643 -0.5201 -1.5157 -0.6513 -0.5638 -0.3893 -0.0185 -0.1536 
19.2234 -0.4538 1.5253 -1.6679 -1.4181 -0.4472 -0.0385 -0.7147 -0.4283 -0.0192 -0.4970 -0.6952 -0.0110 
17.7645 0.4028 1.5157 -1.0438 -1.0970 -0.1450 -0.1218 -1.0356 0.2441 0.0972 -0.9074 0.2514 0.0520 
17.9653 -0.6754 0.3559 -1.0929 -0.8374 -0.3451 -0.4044 -0.1779 -0.9349 0.1738 0.2178 -0.2016 0.0464 
18.4507 -0.2994 -0.6602 -0.0259 -1.0615 0.0813 -0.8101 0.3952 -0.8376 -1.0168 -0.4066 -0.2734 0.2136 
18.6407 -1.1175 0.9185 0.4150 -1.0175 -0.6223 -1.2233 0.4362 -0.7149 -0.3750 -0.2826 -0.3102 0.0712 
17.9840 -0.0876 0.4176 -0.6032 -1.3319 -0.6099 -0.5314 0.4701 0.2502 -0.3155 -0.4214 -0.5113 -0.2618 
17.5259 -1.3223 1.2498 -1.2921 -0.8537 -1.5285 -0.9921 0.1952 0.0035 -0.1359 -0.6585 -0.3174 0.3057 
18.1917 -0.9917 0.5155 -0.6931 -0.0936 -0.6621 -0.5327 -0.1404 -0.3235 -0.3742 -0.7830 0.0562 0.1002 
17.6317 -0.7125 -0.1836 -1.0474 -0.9315 -0.6079 -1.0820 -0.2026 0.5331 0.1362 0.0396 -0.8172 0.2847 
19.5572 -0.8762 0.5065 -1.3037 -0.9801 0.0995 -0.7290 -0.0617 0.2254 0.1918 -0.2793 -0.7352 0.1149 
18.6170 -1.6432 0.1375 -1.0913 -0.5951 -1.0614 -0.8538 -0.8048 -0.9108 0.0535 -0.5690 -0.3252 -0.0540 
18.1182 -0.3694 1.0804 0.5084 -0.3838 -0.1630 -1.3973 -1.1441 -1.0682 0.1243 0.5198 0.3270 -0.0721 
19.7771 -1.8195 0.0012 -1.0480 0.3846 -0.2282 -0.1095 -0.4721 -1.1978 -1.2407 -0.5959 -0.3275 0.2481 
27.7016 -2.8656 -1.9904 -3.0033 -0.3728 -0.2039 0.7373 -0.3109 0.0094 -0.4462 0.2115 -0.4469 -0.2706 
30.4476 -3.1675 -4.0606 -1.6710 0.3290 0.6120 -0.1301 -0.7928 0.1530 0.2152 -0.3428 0.3002 0.1919 
30.5855 -3.9757 -3.2401 -2.1305 -0.1904 -0.5333 0.7813 -0.4969 -0.4242 -0.6337 0.4815 -0.5578 -0.2577 
26.4013 -2.8790 -2.4765 -0.8871 0.0853 -0.5706 0.3663 -1.0780 0.5514 -0.0283 0.1249 -0.4390 -0.1736 
26.3419 -3.3604 -3.4679 -0.2128 0.3291 0.3355 0.2651 -0.5446 -0.4310 0.3707 0.3627 0.2730 0.4204 
25.4128 -3.5369 -3.6632 -2.4323 1.1848 0.2163 0.5757 0.8229 0.0821 0.2793 -0.3991 -0.7703 -0.5159 
25.4026 -1.5322 -3.1052 -0.9209 -0.4288 0.0259 0.8509 -0.5869 -1.0382 -0.0249 -0.4656 -0.5790 0.1103 
27.8579 1.2814 -1.9092 -1.5816 -0.6129 -0.5458 0.6612 0.6068 0.4901 0.3893 -0.2421 0.0473 0.4294 
32.6780 1.1471 -6.2129 -2.5733 -0.6430 -1.6921 1.1271 0.8447 0.3925 -0.4060 -0.1774 0.1170 -0.5751 
33.2847 0.1147 -6.1717 -2.3735 -0.8664 -1.4248 0.6928 2.0996 1.9662 0.6706 1.1024 1.1691 0.9438 
34.1684 0.7215 -5.6250 -1.4777 -0.5120 -1.5484 0.1816 1.2447 1.2840 -0.2354 -0.6149 0.1149 -0.1337 
34.1980 1.0323 -5.3537 -1.2504 -0.6528 -1.7318 -0.1040 1.5367 1.4409 -0.2085 -1.0365 0.1212 0.2001 
33.9177 1.2449 -4.8554 -1.1888 -0.8450 -1.3996 -0.0785 1.8075 2.3136 -0.1065 -1.2608 0.5067 0.3675 
33.4992 1.3549 -4.5601 -1.1505 -0.8282 -1.4439 -0.1897 1.3843 2.5659 -0.6486 -1.6261 -0.0826 0.2187 
32.7392 0.0180 -4.9371 -1.8150 -1.4111 -1.9220 -0.6728 1.7484 3.0107 -0.0063 -0.8034 0.8190 1.3496 
32.9998 0.3301 -4.3568 -2.3613 -0.8464 -1.8260 -0.8790 1.1232 1.9529 -0.3850 -1.7222 -0.0393 -0.0297 
32.9501 0.3193 -4.3447 -2.0598 -0.8862 -1.9140 -0.3775 1.2829 1.9701 0.0784 -1.4725 -0.1757 0.5509 
32.5455 0.7611 -4.1671 -1.8609 -1.0965 -1.4121 -0.5839 1.6434 2.0292 -0.0098 -1.3991 0.0830 0.6249 
32.3818 0.3797 -3.7378 -2.5688 -0.8514 -1.3765 -0.5175 1.6914 2.1860 -0.2447 -1.1286 0.4272 0.5477 
32.3848 0.4591 -3.4924 -2.0110 -0.4858 -1.2231 0.0919 2.2568 2.5203 -0.4363 -1.3119 0.1000 0.1781 
32.5446 0.2938 -4.1133 -1.7136 -1.2278 -1.2223 -0.1689 2.3055 2.1337 -0.6527 -1.1703 0.6008 0.1657 
31.4599 0.1382 -4.6732 -1.9212 -0.7647 -1.7035 0.4306 2.4132 2.4646 -0.9078 -1.5257 0.5430 -0.5802 
31.0797 -0.0211 -4.1589 -2.4329 -0.6759 -1.7878 -0.1175 2.8666 1.7024 -1.0662 -0.7342 0.6865 0.4122 
29.8498 -0.5539 -4.7730 -2.0898 -1.5193 -0.8240 0.1129 2.0799 0.2172 -1.1638 -0.3630 -0.4859 -0.2006 
30.2221 -0.5801 -2.7985 -2.8742 0.1169 -0.4340 -0.0864 1.0416 1.3534 -1.7692 -0.5824 0.3806 -0.1625 
30.2089 -1.0348 -4.1751 -3.1149 -0.1995 -1.0799 1.1143 1.7337 1.5414 -0.6564 0.2538 0.7960 0.9751 
28.1989 0.0726 -3.4426 -3.3663 -0.1712 0.1302 0.7675 0.7012 1.4441 -1.1933 -1.0183 0.1022 0.5719 
25.6466 -0.8711 -3.9105 -0.9309 0.7222 -0.8265 1.1227 1.9026 1.3983 -2.7739 -2.6228 -0.1573 1.1727 
26.9351 0.3835 -3.9810 -1.9954 -0.6669 -0.9658 0.4623 1.0787 1.4611 -0.9779 -0.7010 0.4637 0.6446 
24.6034 0.1896 -3.9085 -2.7061 -1.4332 -0.4321 -0.1326 0.4079 1.9378 0.2111 -0.0788 1.1442 1.0245 
24.6893 0.2913 -3.6684 -1.0217 -0.3494 -1.3395 -0.7564 1.2028 1.3401 -0.9051 -0.9234 0.3123 0.1033 
24.0672 -0.1701 -2.9874 -2.2194 -0.3044 -1.2641 -1.0107 0.1071 0.9615 -1.1276 -1.0087 0.0003 -0.4280 
22.4226 -0.5665 -2.4253 -1.1449 -0.6580 -0.9760 -1.2887 1.2619 1.2499 -0.6862 -1.3192 -0.3821 0.5952 
22.8966 -0.1568 -2.3797 -1.1346 -0.4080 0.2912 -0.6606 0.5617 -0.0055 -1.2116 -0.5769 -0.2899 0.4103 
23.0193 0.3120 -2.4590 -1.8187 0.2231 -0.9022 -1.3080 0.9344 0.5277 -0.9394 -0.1740 0.1908 0.5787 
22.7548 0.7723 -1.6127 -1.3904 0.0150 -0.9428 -0.6584 0.3441 0.5477 -0.5092 -0.5355 -0.3648 -0.1048 
21.6822 -0.1690 -3.7174 -2.1244 -1.3274 -1.3305 -1.4465 0.5599 0.8304 -1.3164 -0.6861 -0.1552 -0.1217 
21.3712 0.7028 -2.2566 -2.2999 0.1962 -0.5625 -0.3986 0.7880 0.6553 -1.5829 -1.3737 -0.0292 0.5859 
21.8321 0.3029 -1.9847 -2.0319 0.3439 -0.0638 -1.5127 0.9378 -0.1994 -1.3550 -0.9487 0.1433 0.3249 
20.9095 -0.4895 -1.6141 0.0765 0.6299 0.1816 -1.6355 -0.4261 -0.0742 -1.1691 -0.3654 -0.0684 0.2721 
21.1605 -0.8238 -2.0229 -1.5056 0.1149 -1.1898 -1.5991 0.8929 -0.0265 -0.8459 -1.1928 -0.5052 0.2612 
20.1904 -1.0059 -0.4945 -1.4020 -0.4522 -1.1029 -2.5499 0.5231 0.6365 -1.4650 -1.0637 -0.1321 0.4008 
19.4281 0.2714 -1.4129 -0.3302 -0.3141 -0.6979 -0.9472 0.0943 0.6050 -1.0550 -1.0746 -0.2804 0.3614 
19.6751 -0.7484 -1.5890 -0.8675 0.0904 -0.5343 -1.7081 -0.2235 0.3208 -0.8858 -0.7493 0.0267 -0.2280 
19.0670 -1.5427 -1.4790 -1.7393 -0.8176 0.4238 -0.9479 0.0856 0.8866 -0.8282 -0.1215 0.0032 0.3025 
19.5084 -1.0426 -0.7189 -0.7698 0.6059 -0.3188 -0.7773 0.3205 0.5776 -0.0251 -1.0335 -0.2419 -0.1320 
18.6875 -1.1401 -0.4364 -0.2351 0.5333 0.2801 -1.6192 -0.1352 1.0103 0.2037 0.3562 -0.3807 -0.6939 
19.2424 -0.8516 0.0751 -1.6701 -0.4897 -0.3713 -0.2585 0.7386 0.6182 -0.6303 -0.5018 0.0378 0.3327 
19.1258 -1.1991 -0.2706 -0.9965 -1.0285 0.0279 0.2442 0.1875 -0.4140 -0.8567 -1.2331 0.2715 0.5435 
17.3491 -1.0375 1.1057 -1.2358 -0.7460 1.0049 -1.7852 -0.7917 0.4196 -0.4480 -0.6577 0.0116 0.3329 
18.3456 0.0017 0.3883 -0.0804 0.0067 -0.1960 0.4858 -1.1520 -0.4615 -0.2620 0.1555 0.3506 -0.4554 
18.2164 -1.7125 -0.4930 -0.5334 0.6898 -0.3553 -0.0253 -0.2818 0.1147 0.4676 -0.0649 -0.7008 -0.4511 
18.5822 -0.9702 -0.6020 -2.4127 -1.1860 -0.7964 -1.3387 -0.1740 0.5438 0.4616 -0.2446 0.1119 -0.4249 
19.0883 1.0716 1.1602 -1.4367 -1.2898 -0.5539 0.2972 -0.7188 -0.3609 -0.1875 -0.3850 -0.1204 0.0197 
18.1211 -0.4162 1.0327 -1.0546 -1.3682 -1.0920 -0.4588 0.2478 0.4996 -0.1025 -1.4701 -0.5142 0.3595 
17.4857 -1.5966 -0.1966 -1.6875 -0.9640 -0.6206 -1.1152 -0.0951 -0.7095 0.3095 -0.4556 -0.8618 -0.0867 
18.0491 -0.9705 1.3628 -0.0245 -0.4595 0.1896 -0.4411 0.1786 -1.1639 -0.8199 -0.6927 -0.4344 -0.0786 
19.1780 0.5058 0.7580 -1.2699 -0.9750 -0.8155 -1.3067 -0.8184 0.2724 -0.5774 -0.4809 -0.3496 0.1181 
18.5439 -0.4852 0.4679 -0.4876 -0.9300 -0.4823 -0.8503 0.4584 -0.2375 -1.1943 -0.6237 -0.5667 0.2673 
17.7584 0.1600 0.2823 -2.0540 -1.9515 -0.7496 -1.4523 -0.5219 -0.2113 -0.5755 0.5103 -0.6198 -0.4342 
17.8170 -1.5550 0.6849 -1.1866 -1.2781 -1.0994 -0.4458 -0.2250 -0.0833 -0.4883 -0.3238 -0.4218 -0.4017 
17.2811 -1.9995 0.0840 -1.1054 -1.0735 1.0231 -0.1928 -0.4562 -0.6070 -0.3716 -0.6134 -0.5044 0.5622 
18.1998 -0.7781 -0.2033 -0.3650 -2.0494 -0.1237 0.1349 0.0895 0.2494 0.7834 -0.0265 -0.6225 -0.1645 
19.2354 -0.8281 1.1974 0.0160 -0.6015 -0.3058 0.1929 -0.3296 -0.3461 -0.2356 -0.3479 -0.1536 -0.0382 
18.5524 -1.3845 0.8576 -0.3275 -0.6373 -0.2321 -0.4329 -0.4596 -0.7265 0.4064 -0.4438 0.0310 -0.0373 
18.4811 -1.5624 -0.0059 -1.3023 -1.6221 -0.8717 -0.7258 0.2652 0.3560 -0.1276 -0.3922 -0.2137 0.2562 
17.3562 -0.4653 1.3796 -1.5658 -0.7924 -0.8095 -0.9143 0.2273 -0.5286 -0.9163 -0.0187 0.7246 -0.1956 
16.4394 -0.7043 0.7401 1.1653 -1.0651 0.1173 -1.9068 0.1071 -0.6094 -0.2943 -0.3896 0.2688 -0.3401 
18.9603 -0.8248 -0.4563 -0.9754 -1.3311 -0.0425 -1.1642 -0.7137 -0.2640 -0.1029 -0.3826 -0.3456 0.1405 
18.4497 -0.7444 0.9807 0.7333 -0.3254 -0.4375 -1.1208 -1.1435 -0.4358 0.4448 0.2311 -0.5803 -0.2626 
17.6122 -0.7939 0.9460 -1.2411 -1.1339 -0.8713 -1.0531 -0.2720 -0.1245 -0.7091 0.2407 -0.3661 0.0190 
17.0768 -1.5302 1.0859 0.0784 -0.5317 -1.4489 -1.0602 0.2164 -0.3165 0.0925 -0.6826 -0.8045 0.1013 
18.1578 -0.7623 1.4651 0.0763 -1.2795 0.3955 -0.6946 -0.4531 -0.6637 -1.1421 0.7687 -0.0725 -0.2228 
18.7644 -0.5702 0.3832 -0.1777 -0.7443 -0.9684 -0.7535 0.0162 -0.3620 -0.5119 0.0804 -0.5406 0.2024 
18.1507 -0.3415 0.0811 -0.6252 -1.9270 -0.6335 -0.6993 -0.5016 -0.8141 -0.3029 -0.1880 0.0124 -0.0121 
19.0716 -0.4225 0.4632 -1.7922 -1.2407 0.3220 -0.8527 -0.6855 -0.2501 -0.6528 -0.4090 -0.0252 0.0378 
17.6464 -0.4549 0.6987 -2.3583 -1.7687 -0.4369 -1.1933 -0.4645 -1.1277 -0.4495 -0.4294 -0.6717 -0.0887 
17.6936 -1.2393 0.2696 -0.6478 -0.2728 0.2175 -1.2389 -0.6231 -0.0563 -0.2411 0.1191 0.4399 -0.3658 
18.1352 -0.1703 0.0469 0.0095 -0.2434 0.4301 -0.7494 0.1860 -0.4302 -0.4430 0.0100 -0.5570 -0.0556 
17.9605 0.3457 2.0187 -1.9224 -1.4752 -0.9347 -0.3226 -0.2957 -0.9719 -0.3256 0.5332 -0.0456 -0.2520 
17.1566 -0.3316 1.0533 -0.7056 -0.9481 -0.3821 -1.8590 -0.3743 -0.6748 -0.5101 -0.4237 -0.1177 -0.2238 
17.8029 -0.2735 1.4302 -0.3522 -0.2038 -0.6324 -1.1081 -0.8296 -0.2986 -0.5147 0.2121 -0.2663 -0.0496 
17.2998 -1.6994 0.1289 -2.5077 -2.9304 -1.4605 -1.2288 -1.0796 -1.5819 -0.8651 -0.4871 -1.0230 -0.3498 
