20.4433 -0.1888 0.3296 0.5683 -0.0356 -0.9623 -0.2329 1.2851 0.0469 0.1466 -0.3160 -0.8008 -0.0492 
19.2118 -0.2594 -0.8755 0.2345 0.3927 -0.8082 0.3329 0.4660 0.3520 -0.2243 -0.2078 -0.2440 0.8682 
20.5447 1.6196 -0.8427 0.2805 -0.1033 0.0101 -0.8327 0.3012 -0.9702 -0.4415 0.3032 0.1371 -0.1765 
21.0770 1.1932 0.1380 -0.3200 -0.4285 -1.1123 0.0641 -0.2661 -0.0918 -0.2228 0.0124 -0.1078 0.0702 
19.8890 0.6363 -0.4164 0.2895 0.6410 -1.1632 -0.1359 -0.9229 -0.2936 0.0949 -0.3619 -0.4294 0.1506 
20.8701 0.7811 0.1250 0.1630 0.5866 -0.2488 -1.0427 -1.1951 -0.2362 -0.7030 0.7524 0.2880 -0.1894 
22.7156 0.4734 -0.4828 -0.2401 0.2212 -0.3427 -1.4588 -0.2413 -0.2833 0.7618 0.0212 0.2018 0.1559 
21.4743 0.7743 0.2224 -0.0114 0.7918 0.4022 -0.8727 -0.2507 0.3816 -0.7307 -0.5176 -0.6236 0.0868 
20.0414 -0.9772 0.5868 -0.4511 0.1069 0.1616 -1.2602 -0.2593 0.4436 0.2714 0.1725 0.0586 0.1742 
20.6929 -0.6497 -0.7745 -0.5888 0.6229 -0.0999 -0.7982 1.0058 0.1251 -0.0300 0.7160 -0.4049 0.6189 
22.5662 0.3252 1.4615 0.6502 -1.3204 -1.0477 -0.9818 0.5849 -0.1041 0.2968 -0.0572 -0.5551 -0.3331 
21.7263 -1.1778 0.1386 -0.1965 -0.0364 -0.4315 0.2937 -0.1715 -0.7863 0.2856 0.2342 0.3476 0.2602 
23.3985 1.9716 -0.0931 -2.0308 0.4312 -1.2189 -1.0340 -0.4664 0.9894 -0.5693 0.2277 -0.2673 0.0141 
23.9720 0.4160 0.2963 -0.7449 -0.0665 0.1916 -0.4663 -0.3125 0.0724 0.4259 -0.3789 -0.1448 -0.3146 
24.0116 1.4358 0.6497 -0.5408 -0.8427 -0.2732 -1.0298 -0.7310 0.0160 -0.5109 -0.0603 0.4568 0.3193 
23.9054 1.2078 -0.6307 -0.9715 0.2368 -0.2213 -0.3143 -0.4638 -0.1327 -0.2779 -0.3566 0.0555 -0.0134 
22.9274 -0.3814 -0.3565 0.7123 -0.3400 0.3591 0.1557 -0.3962 -0.2261 -1.0289 0.1679 -0.2169 0.6907 
23.3580 0.0382 1.2187 0.6161 -1.3359 -1.4971 -0.0595 0.4074 0.6229 -1.1132 -0.6695 -0.1873 0.4046 
21.5285 0.4953 1.4970 0.8878 -0.4635 -0.2910 -0.3777 -0.2311 -0.8363 -0.7659 0.0767 -0.2228 -0.0100 
20.6795 1.5274 0.6865 0.1669 -1.5334 -1.2516 -1.0156 0.3726 -0.5655 -0.6223 0.4254 -0.2004 0.2553 
22.1203 0.7967 0.3719 -0.3690 -0.4201 -0.9289 -0.8531 0.3312 -0.2786 -0.9964 -0.1775 -0.3969 0.3294 
21.0702 1.6526 0.3343 -1.1752 -0.5280 -0.7801 -0.9141 -0.2155 -0.9296 -0.1090 0.0134 -0.3005 -0.0800 
20.7886 0.5478 -0.1881 0.4120 0.4063 -0.5489 -0.8562 -1.1144 -1.2406 -0.1810 0.0632 0.3474 0.1361 
21.4966 0.9593 -0.6412 -0.1800 -0.6043 -0.7085 -0.8473 -0.6521 -1.3157 -0.4528 0.4318 -0.0294 -0.2685 
20.8321 0.9138 -0.0199 -0.2975 -0.5403 -2.1257 -0.7000 -0.4936 -1.2999 -0.6839 -0.2120 -0.1954 -0.2664 
21.4848 1.2257 0.6167 0.5074 -0.6000 -0.8872 -1.0992 -0.3085 -0.7340 -0.3681 0.1615 -0.3965 0.0865 
20.9272 0.4433 0.8522 -0.1221 -0.8494 -1.0161 -1.1673 -0.3255 -0.1754 -0.5624 -0.4219 -0.1891 -0.1233 
19.5918 -0.2143 0.4301 -0.2649 -0.0196 -0.3714 -2.7047 -1.3565 -0.9352 -0.3818 0.5748 -0.1037 -0.3747 
19.6835 1.1727 0.8140 0.3970 1.2646 -1.2912 -0.3740 -1.2818 -1.4165 0.4523 0.0103 0.4677 -0.2838 
20.1888 1.4603 0.6062 -1.6381 0.0202 -1.0130 -0.7085 -0.9053 -0.5037 -0.6858 0.2228 0.8110 -0.7538 
21.5349 1.0124 -1.1415 -0.3881 0.2719 -0.6454 -0.1253 -0.8637 -1.1329 -0.4509 0.3206 -0.1570 0.0532 
20.7812 1.3192 0.6009 -0.0588 -0.1494 -0.4718 -0.0191 -0.4770 -0.9597 -0.6789 0.3687 -0.6049 0.1168 
20.8290 0.5997 -0.0652 0.7664 -0.7434 -1.0437 -0.6132 -0.3469 -0.5006 -0.3973 1.1211 -0.2964 0.1823 
21.1633 1.6198 0.1172 -0.4571 -0.3748 -0.2954 -1.1247 -0.3602 -0.4527 -0.5968 0.3148 -0.1374 0.0704 
21.0988 0.6243 0.6564 0.0552 0.3949 -1.2720 -0.2884 -0.6987 -0.8387 -0.0064 0.2392 -0.2094 -0.2017 
20.9093 0.5655 -0.2363 0.4473 -0.7571 0.0317 -0.3678 -0.0891 -1.0827 -0.1085 0.3670 0.0088 0.1241 
22.0063 1.2232 0.2141 -0.9842 -0.1313 -0.1807 -0.7208 -0.4205 -0.3353 -0.5474 0.1250 -0.2627 0.2237 
20.7371 1.4540 0.5219 -0.1260 -0.3448 -0.8701 -1.0068 -0.0431 -0.7954 -0.3158 -0.3682 0.1136 0.0893 
21.0560 1.4536 -0.0427 -0.0336 -0.4896 -0.7255 -0.1954 -0.2735 -0.4228 -1.0489 -0.1200 0.2607 0.1779 
20.9090 2.0975 -0.3305 0.2454 -0.4222 0.1928 -0.6829 -0.3689 -0.8514 -0.3409 -0.1303 -0.5711 0.1007 
21.1921 0.7988 -0.0115 -0.3283 -0.7872 -0.8623 -1.2442 -0.6046 -0.7504 -0.6246 -0.1208 -0.2695 0.1761 
21.0556 1.1686 0.9160 0.3396 -0.4766 -0.3224 -0.6301 -0.2599 -0.7082 -0.3822 -0.3215 0.0110 -0.1614 
21.4612 1.2597 0.8009 1.1153 -1.0986 -1.4827 -0.2785 -0.5072 -0.3887 -0.3532 0.4371 0.0288 -0.0898 
21.9468 0.5111 -0.2218 0.3205 0.5723 -0.8704 -1.2682 -0.7365 -1.3458 0.0493 0.1006 -0.1546 -0.0006 
21.0759 1.2089 0.9281 1.2011 -0.2545 -0.9865 -1.1274 -0.2752 -0.9022 0.1089 0.2317 -0.6412 -0.0804 
20.6883 0.3294 0.1241 -0.3320 -0.6656 -1.1580 -1.3688 -0.4409 -0.4097 -1.1863 -0.3346 0.0387 -0.2235 
21.5110 0.7579 -1.1227 0.4681 -0.0627 -0.8797 0.0761 -0.9006 -0.9928 -0.6151 0.3118 -0.2833 0.1719 
20.4472 0.4661 1.3107 0.5932 -0.8193 -1.0257 -0.3756 0.1439 -1.0334 -0.8257 0.2038 -0.1178 0.1944 
20.7223 1.6971 -0.1686 -1.0037 -0.1379 -0.7373 -1.1692 -0.4386 -0.8792 -0.0382 -0.4432 -0.0566 -0.4417 
21.2670 1.0943 -0.9300 0.9179 -0.6170 -0.3101 -1.0991 -0.3589 -1.3270 -0.3473 -0.0371 0.3236 0.1556 
20.1373 0.6976 -0.9966 0.5426 -0.7601 -0.3275 -0.4349 -0.7987 -1.1703 -0.7765 0.1987 -0.7088 0.0912 
20.7010 0.1094 -0.1896 0.3938 -1.3678 -1.5416 -0.1840 -0.4019 0.2595 -0.5258 -0.0162 -0.6853 0.1428 
20.7788 1.1935 -0.4502 -1.3017 0.2414 -0.8198 -0.6034 0.0516 -0.9784 -0.3053 0.6125 -0.3368 -0.1327 
20.1831 0.3499 0.2079 -1.2279 -0.7133 -0.5602 -0.4307 -0.3301 -0.1237 -0.1767 -1.0436 0.2647 0.6220 
20.3508 0.6230 0.0928 0.1403 -0.7231 -0.3891 -0.3123 0.1381 -1.0027 -1.1297 0.6564 -0.2246 -0.1684 
20.4882 0.4460 -0.5051 -0.3139 -0.2763 -0.4598 -0.3647 -0.8589 -0.8215 -0.6619 0.5520 -0.2678 -0.0849 
20.7421 -0.4635 -0.6148 -0.5455 -0.6027 -0.4586 -1.4908 -0.0906 -0.6985 -0.7230 -0.0062 -0.8543 0.1505 
20.3068 0.4190 -0.5505 0.3100 -0.3693 -0.8089 -0.5343 -0.7182 -0.6864 -0.3704 -0.2702 0.1093 0.1704 
20.3013 0.8626 0.1833 -0.7525 -0.9445 -0.8109 -0.0176 -0.5915 -0.9554 -0.3412 0.5175 -0.2815 -0.4465 
20.1013 0.9349 -0.2323 -0.8228 -0.1270 0.3006 -1.1587 -0.0475 -0.6612 -0.4493 0.1561 -0.0436 0.2601 
20.3034 -0.1277 0.7017 0.0984 -0.9989 -0.8941 -0.6259 0.2723 -0.4610 -0.3914 0.0823 -0.2629 -0.2451 
20.3876 -0.3403 0.2424 -0.5156 -1.4242 -1.5266 -0.6268 -0.1648 -1.2337 -0.4826 0.4563 -0.2709 -0.2956 
20.6830 1.1644 0.0132 -1.0090 0.3297 0.1756 -0.9446 -0.4307 -1.1609 0.3115 0.0237 -0.0215 -0.1990 
20.2900 0.1674 1.2232 -0.0936 -0.3170 -1.0082 -0.6485 0.1137 -0.5340 -0.1577 0.4485 -0.2279 -0.0529 
19.9415 0.2784 -0.2359 -0.6100 -0.5218 0.0537 -0.6313 -0.1929 0.0700 -0.3255 0.4858 0.0282 -0.0751 
21.6979 0.9482 -0.0883 -0.7572 -0.3828 -0.0346 0.0351 -0.4689 -0.6043 -0.3168 0.3978 -0.2951 -0.4545 
21.0129 0.2862 0.1748 -0.8041 -0.4678 0.1762 -0.8528 -0.2275 -0.2336 -0.7469 0.3429 -0.1738 0.0157 
20.2669 1.4106 -0.2882 0.6599 -0.2791 -0.9320 -0.9033 -0.6093 -0.6006 -0.1658 0.3055 -0.3018 0.0537 
19.8185 1.5005 -0.2201 -0.2144 0.0737 -0.5099 0.0683 -0.2713 -2.0407 -0.1516 0.4135 -0.3903 0.0007 
20.5761 0.3258 -0.1093 -0.2041 -1.6783 -0.7251 -1.0112 0.1686 -1.7874 -0.9449 0.4132 -0.3404 0.0441 
20.4134 0.7042 1.1557 0.4476 -0.6858 -0.3708 -1.0781 -0.1702 -1.2050 -0.3860 0.4152 0.1408 0.1729 
20.6432 0.9939 -0.1445 -0.8178 0.2579 -0.4968 -0.9129 -0.4768 -0.7307 -0.3496 0.1789 -0.4905 0.1801 
20.8884 0.4614 -0.7989 -0.2375 0.6667 -1.1590 -0.1576 -0.4908 -0.8944 0.1320 -0.0811 -0.5522 -0.0719 
18.8623 1.7881 0.6161 1.1636 -1.4036 -0.9185 -0.9781 0.4707 -1.5833 0.1921 0.2989 0.0207 -0.5307 
19.8783 1.1066 0.1792 0.3853 -0.9840 -0.6271 -0.6947 0.0367 -0.5512 -1.0550 0.4133 -0.1625 -0.1068 
21.4693 0.6082 0.5205 0.3949 -0.0379 -1.0785 -0.8116 0.2266 -0.5295 -0.3593 0.1779 -0.3287 0.1564 
19.6616 0.1079 0.8600 0.4648 -0.6107 -1.1409 -0.3715 -0.0690 -0.5971 -0.3410 0.5489 -0.1339 -0.2596 
19.5388 0.3743 -0.2317 -0.0239 -0.9569 -0.8332 -0.4375 0.2156 -0.1370 -0.6834 0.0119 -0.0102 0.2086 
20.1507 0.3843 0.3947 -1.3153 0.1211 -0.3882 -0.5115 -0.0310 -1.0585 -0.5161 0.7416 -0.4249 -0.2916 
20.4141 -0.5522 -0.0501 0.7515 0.0799 -0.3020 -0.8264 -0.1026 -0.8427 -0.1986 -0.0810 -0.3430 -0.3650 
19.6673 0.7170 0.2168 -0.0201 -0.7409 -0.5805 -0.8050 -0.3548 -1.0584 -0.5768 0.6672 -0.5157 -0.1316 
20.0253 0.2538 0.8718 0.1842 -0.6179 -1.0173 -0.9150 -0.6717 -0.5566 0.0772 -0.1415 0.0760 0.0492 
19.0766 -0.0099 0.1391 0.3440 -0.1880 -1.0001 -0.8339 -0.5457 0.2565 -0.7981 -0.3398 0.0702 0.0751 
19.7880 -0.0598 0.4646 0.1927 -0.2986 -1.0729 -0.6041 0.3564 -0.4429 -0.3281 0.1351 -0.8197 0.5334 
19.7308 0.8414 0.8840 -0.9340 -0.5450 -0.4973 -0.0980 -0.3035 -0.7882 -0.0574 -0.0639 0.1033 -0.1479 
18.7103 0.1309 -0.3861 0.1220 -0.2839 -1.6204 0.0352 -0.3944 -0.1228 -0.2717 -0.2289 -0.4182 -0.3522 
19.2850 -0.0442 -0.6365 -0.6409 0.1826 -0.7190 -1.3635 -0.7481 -0.8392 -0.0543 -0.0283 0.1178 -0.4570 
20.2672 0.1374 0.6393 0.0629 -0.2942 -0.9446 -0.2363 -0.2650 -0.1624 -0.0441 -0.6526 -0.0091 0.1202 
28.5098 -2.6123 -3.0564 -2.6598 -0.7105 -0.2903 0.7177 0.0829 -0.3092 -0.7914 0.2118 -0.4449 -0.5001 
30.1947 -2.0401 -2.9202 -2.0021 -0.7100 0.4780 0.6858 -0.2262 -0.1196 -1.0028 0.3709 -0.5327 -0.1438 
25.8767 -1.2763 -1.0068 -0.4606 -1.2840 -0.4712 -0.6936 0.0983 0.5370 -0.2347 -0.1318 0.1052 0.8673 
25.6952 -0.5018 -0.6920 -0.2862 -0.7497 -0.7463 0.1211 0.2489 -0.1955 -0.9094 0.1820 -0.7400 0.3400 
26.1678 -0.3332 -2.5730 -1.0858 -0.6082 1.1611 0.1878 -0.1412 -0.4679 -0.2363 0.0727 -0.4395 0.9300 
24.0357 -0.9575 -1.1764 -0.1350 -0.4226 -0.7238 0.2418 -0.5405 -0.1830 -0.8125 -0.3424 0.2669 0.4222 
24.5376 -0.8350 -2.1604 -0.8216 -0.0670 -0.2927 -0.7207 -1.0389 -0.3242 -1.0074 -0.3075 -0.3490 -0.0995 
24.8705 -1.6444 -2.5570 -0.9489 -0.3524 -0.4062 -0.6372 -0.0644 -0.0778 -0.8524 0.2934 0.0621 0.7969 
25.8450 0.3983 -2.3676 -0.5401 -0.4555 -0.8071 -0.4096 0.3768 0.3871 -0.8404 0.4701 -0.7302 -0.6121 
31.5827 1.2982 -5.0662 -2.6108 -0.3066 -0.8204 0.9229 1.4932 0.2497 -0.6108 0.6095 -0.7024 -0.6085 
33.1608 0.4085 -5.6456 -2.4558 -1.0179 -1.3192 -0.1898 2.0592 1.3212 -1.3433 -0.1758 -0.6968 -0.5887 
32.6870 1.0115 -5.2650 -2.5078 -0.1951 -2.0717 -0.3832 1.4918 2.2771 -1.2051 -0.7128 -0.5033 -0.2191 
32.9320 0.0553 -4.5551 -2.6423 -0.2509 -1.8212 -0.2046 1.6005 2.7949 -0.7618 -1.1230 -0.2586 -0.3912 
32.8368 0.6442 -4.1702 -2.6895 -0.9759 -1.2191 0.6695 1.1880 3.2471 0.0504 -1.2666 0.0009 0.9944 
32.6351 0.6345 -4.2973 -2.1403 0.0198 -1.4872 0.9733 1.6737 3.0613 0.0140 -1.4303 -0.9176 -0.1129 
31.1361 0.0962 -3.4129 -2.9844 -0.4585 -1.9994 0.1099 2.0684 3.5078 0.4958 -2.1142 -0.3937 1.3046 
32.5786 0.0518 -4.1031 -2.6461 -0.9918 -2.1385 -0.4301 0.7338 2.1191 -0.2863 -1.7942 -0.7914 0.3553 
32.3813 0.2052 -3.5513 -2.3612 -0.7542 -1.2714 0.1345 0.9447 2.8054 0.3768 -1.6443 -0.6287 0.7642 
31.5582 0.1768 -3.7187 -2.0240 -0.5856 -2.5050 0.1212 1.1265 3.3313 -0.0426 -1.6975 -0.3041 1.0744 
32.1485 0.7459 -3.6830 -1.8325 -0.6790 -1.7714 0.0726 0.4954 2.6963 0.5260 -1.2111 -0.2139 1.2887 
31.3311 0.8015 -3.9299 -1.9415 -1.0705 -2.6352 -0.0794 0.3419 2.5584 -0.3978 -1.7669 -0.5176 0.9976 
31.0319 0.3110 -4.1094 -2.5731 -1.3693 -2.3971 -0.0582 0.6629 2.3760 -0.3252 -1.4639 -0.1441 0.8091 
30.8932 1.4109 -3.1716 -1.7986 -1.1934 -1.8771 0.4738 0.8878 2.8135 -0.6805 -1.6587 -0.3009 0.7848 
30.0165 1.3079 -3.9567 -2.0218 -1.4544 -2.5836 -0.0356 2.1072 2.6469 -0.8802 -0.6323 0.7636 0.9591 
30.6480 1.2979 -3.3791 -2.2758 -0.7426 -2.1692 0.3738 1.7027 2.4871 -1.1746 -1.2299 -0.0371 0.1669 
31.2933 0.3985 -3.2151 -2.5349 -1.1811 -2.2645 -0.0620 1.8707 1.4526 -1.2142 -1.4190 0.5765 0.1124 
31.3378 -0.5787 -2.5322 -2.3583 -2.0630 -1.0722 0.1644 1.7018 1.1822 -1.9958 -0.6874 0.6095 -0.6705 
30.4476 -0.3805 -0.8867 -2.0768 -1.4941 -0.6552 0.5871 0.9139 1.4154 -1.3359 -1.0907 0.4639 -0.0999 
29.3200 -0.9222 -1.0131 -2.4491 -0.1336 -0.7122 -0.1459 0.5288 0.4205 -1.4823 0.2078 0.7095 -0.3982 
27.6313 -1.0421 -2.2534 -1.7642 -0.2858 -0.3050 0.1037 0.2934 0.0061 -2.1110 -1.6184 -0.8796 1.2723 
26.7005 0.3587 -1.3471 -1.9798 -1.0592 -0.2375 0.1809 0.2407 1.2445 -1.3109 -2.2821 0.1652 0.8136 
26.9002 -0.0839 -3.1805 -1.6960 -1.0019 -1.0986 -0.4826 0.4639 -0.1000 -1.7249 -1.7153 -0.1607 0.2866 
24.4763 0.0887 -2.5021 -1.3755 -0.0470 -0.2086 -0.7471 0.9138 -0.0591 -2.2224 -1.5531 -0.1067 0.5422 
24.7861 -0.9384 -2.5134 -1.1475 -0.8186 -0.4880 -0.8053 0.4586 0.3768 -1.3712 -1.0614 -0.4333 0.0708 
24.0922 0.5546 -2.2902 -0.8026 -0.8801 -0.8022 -1.0112 0.6168 0.5770 -1.3488 -1.7932 -0.3411 0.9428 
23.7688 1.2537 -2.9303 -0.7379 -1.0731 -0.8022 -1.4993 1.2987 -0.0106 -0.9773 -0.9495 -0.3166 -0.1771 
22.7057 0.7599 -2.4262 -1.3120 -1.3695 -0.6655 -1.3749 0.5297 0.0149 -0.7052 -1.6076 -0.6051 0.4500 
21.8149 1.1552 -1.0147 -1.8345 -0.2426 -0.0958 -0.6255 0.0475 0.4469 -0.6378 -1.0202 -0.0962 0.0020 
21.4535 0.2152 -1.9949 -0.5595 -0.2032 -0.5268 -1.2361 -0.4087 0.0911 -0.6847 -1.1036 0.0993 0.2031 
21.9810 -1.3567 -1.3692 -0.2886 -0.8453 0.3372 -0.9516 0.3044 0.0541 -0.1677 -0.2765 0.0593 -0.0030 
21.6101 0.4660 -0.2555 -0.4447 -0.7896 -0.0844 -0.2983 0.1949 -0.3440 -1.3804 -0.1945 -0.1087 -0.0240 
20.8772 0.1615 -0.1830 -1.6286 -1.3807 -0.4983 -0.8898 0.1384 -0.3296 -1.1095 -0.5534 -0.2417 0.2098 
20.3095 0.8339 -1.1564 -1.4625 -0.2284 0.0304 -0.4062 0.0685 -0.3863 -0.7136 -0.4457 -0.5350 0.5602 
21.4773 0.6989 -0.1888 0.2307 -0.2172 -0.5791 -0.6920 0.5364 -0.6220 -0.3375 -0.7666 -0.1115 0.2659 
20.2262 -0.1257 0.4739 -0.3120 -0.6233 -1.2902 -0.8051 1.7342 0.4929 -1.2591 -1.1574 0.1229 0.9442 
21.1370 -0.3759 -0.1566 -0.8989 -0.2151 -0.2180 -1.0558 -0.0921 -0.2293 -0.6545 -0.6265 0.1396 0.2773 
20.7557 0.1519 0.5378 0.0953 -0.5032 -0.2530 -0.8482 0.5662 -0.2594 -0.6108 -0.7422 -0.3741 0.2148 
20.7613 1.2619 0.0102 -1.0660 -0.3231 -0.1647 -0.8361 -1.0580 0.9435 -0.4794 -0.4308 0.2900 -0.3498 
20.2869 0.4857 0.7130 -0.3908 -1.3043 -0.3127 -1.0948 0.0424 0.2389 -0.5381 -0.2719 -0.5609 0.5425 
21.0339 -0.6126 -0.1353 -0.3895 -0.5913 0.4595 -0.3754 0.0383 -0.6395 -0.5268 -0.1145 -0.2235 -0.2515 
20.1543 0.4793 -0.3108 0.5813 -0.3579 0.0830 -0.5475 -0.6185 -0.8067 0.3866 0.3521 -0.0077 -0.3140 
18.7710 0.4505 0.8374 -0.7836 0.3018 0.0552 -1.4046 0.5246 -0.0836 -0.8296 -0.1832 0.0571 0.1099 
18.9565 0.1420 1.1110 -0.9276 -0.7354 -0.4236 -0.1789 -0.2297 -0.9481 -0.7124 0.2910 0.0038 -0.1128 
18.7202 1.0603 1.4371 -0.1319 -1.0270 -0.0699 -0.3494 -0.4002 -0.9472 0.0133 -0.0005 -0.2599 0.0376 
19.2751 0.6333 0.0513 -0.0673 -0.9075 0.0346 -0.7625 -0.2265 -0.9792 -0.0135 0.4410 0.0948 -0.5699 
19.4711 -1.1658 0.0298 -0.5772 -0.5792 0.1579 -0.1163 0.0055 -0.2266 -0.0127 0.4018 -0.1592 0.1259 
19.2392 0.7789 1.2802 -0.1568 -0.8762 -0.0885 -0.9210 0.4592 -0.6047 -0.4889 -0.3287 0.0306 0.1822 
18.0658 0.1072 0.9073 -0.7133 -2.3072 -0.6743 -1.1542 0.0648 0.1818 -0.7890 -0.9144 -0.3856 0.6913 
18.2234 -0.1297 0.7816 -0.8524 -0.8111 -0.8744 -0.0483 -0.0123 -0.7849 -0.9238 0.3383 -0.0926 -0.3065 
19.7745 1.0847 0.8793 -0.5520 0.1165 -0.0303 0.2047 -0.5777 -0.6428 -1.4594 0.1287 0.1981 -0.3712 
20.0479 -0.6771 0.9449 0.0079 -0.7133 -0.8934 -1.1264 -0.4086 -0.8558 -0.4832 -0.1140 0.4964 -0.2214 
19.1196 0.4193 1.0755 -1.7713 -1.2982 -0.0362 -1.6992 -0.6847 0.3471 -1.3042 -0.3810 0.1720 -0.1737 
19.9506 0.9663 0.9185 -0.7507 -1.0023 -0.0764 -0.1509 -0.0238 -0.1303 -0.8839 -0.4160 -0.2474 0.2956 
19.6819 -0.1312 0.9596 -0.3887 -0.4909 -0.4787 -1.1088 -0.1059 -0.3166 -0.5683 0.2969 -0.3285 -0.9036 
19.5181 0.5045 0.6397 -0.5653 -1.4024 -1.2830 -0.5588 0.4416 -1.0463 -0.3060 -0.4495 -0.1336 -0.0633 
20.2290 0.9954 0.2294 -1.3442 -0.3917 -0.4181 -1.2220 -0.7415 -0.6559 -0.4222 0.6013 -0.4429 -0.5228 
19.8649 0.4885 1.6557 0.2049 -1.6304 -0.8788 -0.2278 0.4845 -0.5861 -0.9374 0.2577 -1.0846 0.3804 
19.4704 0.0678 1.3118 -1.0773 -1.7666 -0.5131 -0.9284 -0.3096 -0.5053 -0.2630 0.0499 -0.1361 -0.6234 
17.9676 0.4965 0.3845 -1.8054 -0.2318 -0.1107 -1.9415 -0.9403 -0.8705 -0.3227 -0.2929 -0.6629 -0.4612 
20.1443 0.3509 0.1540 0.6888 -0.5705 0.3874 -0.2710 -0.3120 -0.8371 -0.9230 -1.1900 -0.3336 0.3842 
19.0073 0.9056 0.4358 -0.9631 -1.8010 -0.2002 -1.7187 0.0696 -0.9313 -0.7287 -0.7111 -0.0381 0.3949 
18.2008 0.2001 0.9003 -1.9604 -0.4056 0.9163 -1.4608 -0.8000 -0.7595 -0.8764 -0.3565 -0.1365 0.4352 
18.6597 1.1644 0.9199 0.0155 -0.5949 -0.7088 -0.7737 -1.4060 0.0900 0.2746 0.1604 -0.3033 -0.7195 
19.0992 0.2847 0.2295 0.3869 -0.9290 -1.2453 -0.7033 -0.3518 -0.3550 -0.2201 -0.8406 0.0112 0.0321 
19.0200 0.6996 -0.5669 -1.7870 -0.9859 -0.2719 -0.7928 -1.2638 -0.8218 -0.0463 -0.3228 -0.1079 0.1478 
18.3448 0.3683 -0.0422 -0.1941 -0.6325 0.1277 -1.2283 0.1303 -1.3492 -0.2222 0.1316 -0.5398 -0.1545 
18.4640 0.5693 -0.4481 -0.5360 -0.4320 -0.8029 -0.9020 -0.2498 -0.3019 -0.4956 0.1428 -0.5730 0.5815 
17.2261 0.3134 0.0167 -1.4738 -0.1975 1.0856 -1.1777 -0.9222 -0.1361 -0.2323 -0.6583 -0.5260 0.2613 
18.2580 0.3156 -0.0428 -0.9257 -0.2943 0.4001 -0.6665 -1.2636 -0.6573 -0.6583 0.4990 -0.1887 0.0556 
18.0095 -0.8118 0.0175 -0.2581 1.1408 1.6360 -0.2858 -0.4700 -1.5607 -1.9788 -1.0318 -0.5001 0.2599 
17.5084 -0.0263 0.2820 -0.6210 -0.7649 -1.6251 -1.2198 -0.0107 -0.0915 -0.2585 -0.7167 0.1005 -0.0024 
18.0033 0.3230 -0.5334 -0.9408 -0.8989 0.1944 -0.7822 -1.2031 -0.7485 -0.3487 0.0107 0.0142 -0.1244 
18.1666 0.9738 1.6883 -0.4368 -1.1890 0.4753 -0.0329 -1.3135 -0.2459 -0.5308 -0.1414 -0.1877 0.0940 
18.0123 0.1322 1.3406 -0.3747 -1.3764 -0.5878 -1.1856 0.0042 -0.6008 -0.2026 0.1950 0.2602 0.0466 
18.3074 0.9816 0.4216 -1.3274 -0.1892 -0.6325 -1.2386 -1.5983 -0.4028 -0.1986 0.0227 0.0633 -0.4415 
19.8005 0.3470 0.2705 -0.8687 -0.8174 0.0546 0.5274 -0.8933 -0.8030 -0.5309 -0.1786 -0.1428 -0.2694 
17.9264 0.1828 -0.5453 -0.6605 -0.4212 -0.4972 -0.5929 -0.4341 -0.3472 -0.2554 0.4619 0.1883 -0.3432 
19.2454 0.5934 -0.2332 0.1124 -1.4474 0.4713 -0.9990 -0.1298 -1.0624 -0.5912 0.1200 0.4211 -0.5699 
18.9150 1.0030 0.3959 -0.9808 -0.9338 -0.6662 -0.4538 -0.3602 -0.7340 -0.9539 0.1285 -0.4378 0.1780 
18.3430 0.0643 -0.3564 -0.3734 0.2289 -0.4679 -0.8123 -0.6343 -1.2606 -0.4116 0.2095 -0.3103 -0.1285 
19.0713 0.7828 0.0329 -0.7254 -1.4578 -1.2135 0.0213 -0.5260 -0.4612 -0.2425 -0.1085 -0.3350 -0.2263 
18.4530 1.1122 0.8466 -0.9165 -0.0115 -0.9440 -1.2654 0.0167 -0.5027 -0.3637 0.2401 -0.2703 -0.4445 
19.2632 0.7702 0.6912 -0.1174 -0.9596 -0.0385 -0.8334 -0.0855 -1.2548 -0.5612 0.2038 -0.5378 0.0825 
18.6736 -0.0618 0.4536 -0.7008 -1.2923 -0.1756 -0.7671 -0.3954 -0.9830 -1.2619 0.0016 -0.4064 -0.1088 
18.7473 0.3525 0.4344 -0.5772 -1.8196 -0.1739 -0.1796 -0.3144 -0.7399 -1.2524 -0.4266 0.0754 -0.1415 
18.5826 0.4289 0.4282 0.4526 -0.1825 -0.8492 0.3437 -1.0623 -0.6094 -0.6941 -0.0397 -0.5865 -0.0595 
17.6253 0.7370 1.1158 -1.0853 -1.6254 -0.1012 -1.3086 -1.0671 -0.1518 -0.7819 -0.1770 0.1257 0.0023 
