17.5359 0.7087 1.9672 -0.7343 -2.0436 -1.1677 -1.1244 -1.1349 -0.0560 -0.5571 0.0536 -0.6986 0.1710 
17.9047 0.6179 0.6540 -1.2479 -0.9177 -0.5249 -0.6126 -0.8247 -0.6794 -0.5622 -0.1250 -0.6021 0.1405 
18.5591 0.8680 0.5704 -0.5424 -1.4597 -0.0120 -0.1570 -0.5366 -0.8688 -0.3238 0.0209 -0.5333 -0.0356 
18.4337 0.0939 1.0088 -1.1100 -1.3007 -0.3380 -0.9202 -0.6387 -0.3955 -0.1215 0.1785 -0.2545 -0.1756 
18.5571 0.7746 0.5460 -0.6496 -1.2860 -0.5287 -0.9189 0.4521 -0.4644 -0.3367 0.2822 -0.6331 -0.2937 
19.2585 -0.4448 0.0461 -0.9512 -2.1621 0.1188 -0.1292 -0.5108 -0.6119 0.0339 0.5931 0.3901 0.0775 
17.8236 -0.9416 0.4156 -0.9099 -2.1629 0.1717 0.0377 -0.7860 -0.9601 -0.6871 -0.0381 0.1312 -0.0273 
18.7696 0.8785 1.3495 -1.4217 -0.7592 0.4887 -0.5843 -0.6727 -0.3213 0.2475 0.0265 -0.5415 0.4489 
17.6642 0.8794 0.6547 -1.3274 -1.1876 0.5008 -0.1513 -0.5431 -0.1396 -0.0426 -0.1631 0.0756 0.3887 
20.3870 0.7171 0.1950 -1.0444 -1.0004 -0.8551 -0.5596 -0.5550 0.1964 -0.7446 0.3436 0.0199 -0.2093 
19.7304 1.5029 1.2594 -0.5240 -1.3127 -0.2329 -0.6022 -0.1195 -0.4702 -0.3450 -0.4999 0.3823 -0.0535 
18.7673 0.1183 0.6983 -0.3572 -1.0890 -0.2697 -0.1405 -0.5039 -0.6742 -0.8781 -0.3129 -0.5594 -0.1129 
20.1409 1.3167 0.4266 -1.4230 -0.4257 -0.7521 -0.9462 -0.5839 -0.2714 -1.2240 0.1645 0.1710 -0.2355 
19.5683 1.6102 0.6832 -1.8108 -0.6004 -0.3114 -0.7884 -1.2473 -0.7285 -0.1589 -0.1160 0.0073 -0.5240 
20.3064 1.2499 0.0259 -1.2063 -0.9357 -0.9487 -0.8078 -1.0239 -0.2850 -0.5609 -0.7844 -0.0258 0.0577 
19.6769 0.2890 0.4919 -0.8129 -0.1276 -1.0209 -1.3411 -1.3767 -0.7843 -0.4933 -0.1364 -0.3465 -0.4908 
20.1332 0.8560 1.3915 -0.5807 -0.4684 0.2195 -1.3275 -1.3001 0.1093 -0.7280 -0.2415 0.1549 0.0357 
19.6808 1.3367 1.6549 0.0397 -1.1696 0.2551 -1.2245 -1.4151 0.3763 -0.0809 0.4211 -0.6543 0.4049 
20.7883 -0.0039 -0.6370 -0.3398 -1.1792 -0.0329 -0.8006 -0.3470 -0.6667 -0.7331 -0.2064 -0.2889 -0.5926 
20.6240 0.1814 -0.9119 -1.3609 -2.3554 -0.2974 -0.8083 0.1843 -0.3284 -0.5453 0.1563 -0.3894 0.1098 
20.3572 1.4934 0.5377 -1.1940 -1.5574 -1.0946 -0.3006 -0.2581 -0.5203 0.7902 -0.5458 -0.1920 0.1700 
20.9025 -0.1229 -0.4334 -0.4333 -1.1299 -0.1062 -0.9187 -1.0355 -1.0565 -0.3198 -0.0301 -0.5857 -0.1339 
20.2866 0.8493 0.8687 -0.6547 0.2358 0.2593 -0.5986 -0.5230 -1.0665 -0.2668 -0.0511 -0.3542 -0.3597 
21.1541 0.8368 0.4794 -1.1714 -0.8726 -0.5501 -0.3938 -0.4633 -0.1593 -0.3200 -0.3218 -0.1895 0.3608 
20.7068 1.2791 0.0533 -1.4061 -0.7300 -1.0270 -0.8839 -1.0382 0.5981 -0.2843 -0.1516 -0.3189 -0.2588 
20.3780 1.2480 0.2420 -1.0620 -1.4704 -0.0124 -1.2925 -0.0123 -0.4666 -0.5459 -0.3093 -0.6035 0.2540 
21.0045 0.4915 0.3503 -0.1787 -1.0005 -0.0126 -0.5242 -0.4879 -0.5935 -0.4389 -0.1966 -0.3853 0.3483 
19.4779 0.5971 0.0883 -1.2160 -2.3082 -0.8128 -0.2806 -0.0932 -1.3114 -0.5490 0.0230 0.2270 -0.8021 
21.4650 1.4086 -0.5964 -1.8826 -1.3025 -0.3070 -0.2062 -0.9241 0.1011 -0.3847 0.1391 -0.4461 -0.2228 
20.0719 0.4903 0.6488 -1.2471 -1.6662 0.5289 -0.4275 -0.5894 0.0462 -0.5387 -0.4226 -0.0201 0.2555 
19.1955 0.3103 0.7040 -0.0928 -0.7603 -1.7837 -1.3290 0.1676 0.4755 -0.3162 -1.1132 -0.1786 0.3519 
20.1294 0.8745 0.4688 -1.5671 -1.7397 0.2272 -0.5816 -0.1244 -0.0579 -0.7550 -0.0768 0.5306 -0.4723 
20.5398 0.1152 0.4598 -2.2077 -1.2875 0.2578 -0.1206 -0.0812 0.0270 0.5066 -0.1191 0.1492 0.5932 
19.9727 -0.5041 0.6016 -0.6044 -0.7072 0.1246 -0.8761 0.0644 -0.1128 -0.1734 0.0274 -0.4187 0.2461 
19.2256 -0.7053 0.1588 -0.4229 -0.9462 0.6531 -0.0870 0.1542 -1.0192 -0.0921 -1.0545 0.2729 0.2657 
20.3883 0.5286 -0.3155 -1.9337 -1.4368 0.1623 -0.5109 0.1602 -0.2283 0.7456 -0.6845 -0.0122 -0.2002 
21.0934 0.0859 -0.1092 -2.2532 -1.3295 -1.0123 0.0281 -0.0349 -0.0057 0.8904 -0.4956 -0.0099 0.4265 
20.0626 -0.1284 0.6158 -1.8681 -1.1453 -0.0882 -1.2115 0.0520 0.3477 -0.4431 -0.4262 -0.3446 0.5673 
18.6811 0.1647 1.1859 -1.2982 0.5244 -0.6523 -0.9725 0.9979 -0.3285 -0.2497 -1.1041 -0.5082 0.4148 
20.6777 -0.1870 0.7650 -2.8127 -1.8231 -0.4343 -0.7406 0.4918 -0.8861 -0.4652 -0.2913 0.0149 0.0102 
20.7572 -0.1024 0.4480 -2.5718 -1.3143 -0.5386 -0.7236 0.2016 -0.3187 0.4958 -0.1216 -0.2541 -0.0683 
21.3426 -0.5575 0.2581 -1.0768 -1.4651 0.4873 -1.1397 -0.1383 -0.3520 -0.0729 -1.0926 -0.0149 0.4544 
19.6769 0.1696 0.1277 -0.6916 -1.7800 -0.2240 -1.8378 -0.2758 0.5744 0.1660 -1.3816 -0.3343 0.1192 
20.9439 0.8573 0.1380 -1.5042 -0.9945 -0.6243 -0.4269 -0.0895 -0.3744 -0.1740 -0.0468 -0.3270 -0.1747 
21.3828 0.3064 -0.1574 -1.5379 -1.7267 -0.0362 -1.0794 0.0718 0.2113 -0.4586 -0.5107 0.1657 -0.1583 
20.6455 -0.7261 0.2342 -0.3257 -0.2852 0.3716 -0.4811 -0.0700 -0.2929 -1.2707 -1.1110 -0.0351 0.1885 
19.9375 -0.6328 0.7762 -1.2711 -1.1021 0.1667 -0.9145 -0.3090 -0.0951 -0.9834 -0.3993 -0.2069 -0.1224 
20.4037 0.2018 0.6757 -1.2844 -2.9770 -0.3026 -0.9457 0.7950 0.1553 -0.5120 -0.6008 -0.1053 0.0765 
21.6193 0.6034 -0.8851 -2.0153 -1.5895 0.5289 -1.3167 0.5365 0.2905 0.6332 -0.3214 0.3450 -0.4706 
21.3419 0.0947 -0.3426 -1.8092 -0.9874 0.5803 -0.0668 0.1662 -0.2365 -0.3536 0.2224 -0.2950 -0.2259 
19.2254 -0.4053 1.6330 -0.0201 -0.4062 -1.2069 -0.7088 0.7935 -0.1066 -0.2400 -1.2521 -0.2973 0.8619 
20.6192 0.3002 -0.1300 -2.1899 -1.2876 0.3758 -0.5059 0.3609 0.4480 -0.3335 -0.2052 -0.4885 0.3918 
22.2767 -0.2339 0.0037 -2.1357 -1.0308 -0.5066 -1.0460 -0.2886 0.6625 0.5224 -0.1164 -0.6373 0.2039 
20.5707 -0.4535 -0.2581 -2.0506 -0.9004 -1.4103 -0.4572 -0.4366 0.7253 -0.6487 0.2836 0.0560 0.7373 
20.7308 -0.3819 -0.5275 -1.6345 -1.2685 0.2994 0.2035 0.1084 0.2685 0.5239 -0.8344 -0.2533 -0.4498 
20.4578 -0.2342 -0.7302 -2.8774 -2.5496 -0.4040 -0.8876 -0.9460 0.4308 -0.6911 -0.7350 -0.4125 0.1703 
21.6626 0.3829 -0.7817 -2.7119 -2.1351 0.0003 -0.7301 -0.5224 1.3463 0.2918 0.0202 0.1286 0.4392 
20.5297 -0.2404 0.3417 -0.8304 -0.6067 -0.4847 -0.9234 -0.9543 -0.2797 0.3079 0.3841 0.2460 0.4055 
20.4463 0.2427 -0.0457 -1.6653 -1.3179 -0.4244 -1.0806 -0.2421 -0.4490 -0.4012 0.2319 -0.4609 0.2612 
20.4790 0.7675 1.0507 -1.4324 -1.5399 -1.1055 -1.0017 1.0056 0.5797 -0.8160 -0.5479 -0.2710 0.5158 
20.3909 0.1668 -1.9108 -2.1691 -1.2058 -0.4864 -0.5584 -0.2533 0.1493 -0.0784 -0.5961 -0.7417 -0.8735 
20.2393 0.3343 -0.1093 -1.1735 -0.5427 -0.2246 -0.5235 -0.6828 0.0039 -0.6013 -0.1354 -0.3038 -0.0526 
18.3789 -0.6295 -0.9368 -0.8793 0.3881 0.2006 -0.1848 -0.4561 -1.4459 -0.7440 -0.5554 -0.5016 0.0506 
21.1286 0.4317 -0.1980 -1.2270 -2.0139 -0.6088 -0.7690 -0.2373 -0.2313 -0.6618 -0.1295 -0.5205 -0.0354 
20.7460 0.6031 0.4116 -1.4204 -1.1486 -0.4363 -1.5326 0.0473 0.2810 -0.2906 -0.0899 -0.7169 -0.4142 
19.6634 -1.1177 -0.7367 -1.1179 -0.9903 -0.6444 -0.7078 -0.3579 -0.3679 -1.0605 -1.1628 -0.4737 -0.0448 
18.9283 -1.6787 -0.2689 -1.5956 -1.0528 0.4824 -1.3090 -1.1495 -0.6394 -1.2233 -0.5741 -0.3144 -0.5205 
20.0686 0.0898 1.3362 -1.7275 -1.6083 -0.8563 -0.4636 -0.1877 0.2925 0.0893 -0.9879 -0.3862 0.8184 
20.0396 1.0157 -0.4124 -2.4741 -0.9771 0.1595 -0.8741 0.3721 -0.0037 0.6507 -0.4255 -0.5965 -0.2643 
18.8224 0.4427 -0.2846 -2.2798 0.0403 -0.4399 -0.5639 0.5006 -0.8852 -0.8879 -0.1624 0.0577 0.2069 
18.0851 -0.5844 1.0294 -0.7789 -0.7184 -1.2389 -1.4979 -0.8037 -0.2857 -0.4883 -0.2434 -0.0102 -0.4842 
20.7467 0.0585 0.1706 -1.2492 -1.3045 -0.7688 -0.8266 -0.1861 -0.2114 0.0778 -0.2295 -0.5913 -0.2367 
20.0847 0.9899 -0.6423 -1.5744 -1.1578 -0.0583 -0.7486 0.1729 -0.2403 0.5911 -0.2137 -1.1775 -0.5551 
19.6227 0.3330 0.1734 -1.0679 -1.5925 -1.2853 -1.2605 -0.6030 -0.6895 -0.2390 0.0835 -0.5560 -0.0249 
20.3386 -0.0170 0.0165 -1.7885 -0.8532 -0.5646 -0.4466 -0.3194 -1.0853 0.2172 -0.2873 -0.0945 -0.1355 
20.2881 1.3225 -0.0252 -1.3035 -2.0391 -1.2246 -1.3058 0.5416 0.0709 -0.5576 -0.6600 -0.2409 -0.2063 
20.8067 0.7647 -0.0412 -1.5996 -0.9090 -0.3294 -1.6063 0.2471 -0.1162 -0.5268 -0.2094 -1.0616 -0.1784 
20.5028 0.4868 0.7653 -0.7190 -1.3683 -0.4899 -0.8115 -1.0416 -0.4851 0.0015 -0.5145 -0.4229 -0.4213 
19.8981 0.3472 -0.1515 -1.2220 -1.8982 -1.4791 -1.4996 -1.1572 -0.6739 -1.1153 0.1822 -0.6331 -0.4445 
21.2390 1.0059 -0.3521 -1.0315 -1.2740 -0.7995 -1.0804 0.0967 0.0098 -0.4314 -0.0286 -0.7043 0.0146 
20.8460 0.4575 0.1008 -1.1188 -0.4333 -0.0589 -1.1529 0.0443 0.0651 -0.5775 -0.5062 -0.7170 -0.0102 
19.8329 0.1797 -0.4671 -2.3026 -0.7408 -0.7266 -2.3051 -1.4377 -0.5808 -0.7772 -0.5809 -0.6771 0.1068 
19.3764 1.2629 -0.1052 -1.4072 -0.8089 -0.3593 -0.9695 -0.3123 -0.6131 -0.6651 0.5006 -0.0790 -0.2623 
20.1693 0.7493 0.0099 -0.8806 -1.5889 -0.9325 -1.6374 0.7896 0.2413 -0.7496 0.1836 -0.4642 -0.2741 
20.5869 -0.7224 -0.1175 -1.4709 -1.1280 -1.3015 0.1076 -0.2159 0.5948 -0.2878 -0.4680 -0.4485 -0.5796 
22.6235 -2.2557 -2.0976 -1.1760 -0.6445 -1.1722 -0.4460 -1.0491 -0.1570 -0.7927 -0.0223 -0.1087 -0.5292 
29.0725 -2.0114 -2.9229 -0.7619 -0.9933 -0.7187 0.2768 0.0072 0.1718 -0.3939 0.0372 0.1917 0.2003 
30.3064 -2.7010 -4.0189 -1.6520 -0.4032 -1.7806 -1.5948 -0.3341 -1.1339 -0.6182 -0.2268 -0.8867 -0.4186 
27.7575 -2.1955 -0.9882 -0.0236 -1.0828 -0.4822 -0.7292 -0.2742 -0.5749 -0.1607 -0.4512 -1.0258 0.0097 
26.0854 -0.4973 -2.1008 -0.3176 -0.6877 -0.1286 -0.5918 -0.4094 -0.7224 -0.3257 0.0444 -0.4874 0.2729 
26.5879 -1.5525 -2.7661 -0.7215 -0.2678 -1.4199 -0.3297 -0.4535 -0.6129 -0.3181 -0.4622 -0.1559 0.0529 
25.5123 -0.3824 -2.2588 -0.7118 -0.3205 -0.2769 -1.4354 0.0626 -0.5281 0.1550 -0.5992 -0.0382 -0.1311 
24.7862 0.0012 -2.8021 -0.3933 -0.2444 -0.5508 -0.3135 -0.3492 -0.1827 -1.0688 -0.8401 -0.5771 0.8196 
24.4784 0.3156 -1.4387 -1.0639 -1.0557 -0.0075 0.5179 -0.3661 -1.3114 -1.2007 -0.7610 -0.9876 0.2709 
30.7382 1.8089 -5.0067 -1.8725 -0.7619 -1.4324 0.5847 0.6745 -0.4368 -0.7054 -0.0530 -0.2974 0.0124 
32.5324 1.6252 -5.7407 -1.8989 -0.6537 -1.7433 0.4450 1.6581 0.4856 -0.7869 -0.3079 -0.3376 -0.2326 
31.8903 0.9838 -5.3712 -1.8852 -1.0087 -1.7259 -0.8865 2.5579 1.2319 -1.0771 -0.9996 0.4083 -0.1846 
31.7970 1.1732 -5.2482 -1.2653 -0.5959 -2.0365 -0.5840 2.6533 2.1610 -0.9523 -1.1672 0.6423 -0.0416 
33.2716 0.9209 -5.3165 -1.9105 -0.7178 -1.7119 -0.3439 1.9702 1.5878 -0.7316 -0.9869 0.6100 -0.2112 
32.8150 0.3145 -4.9191 -1.8887 -1.3208 -2.1897 -0.8731 2.0153 1.8284 -1.1634 -1.6437 0.2137 0.1129 
33.2583 0.2729 -4.3409 -1.9167 -1.2131 -1.8887 -0.3591 1.8058 2.0508 -0.7190 -1.5778 0.3457 0.3169 
33.0036 0.3747 -4.1581 -1.8689 -1.0803 -1.6651 -0.3944 1.9787 2.2679 -0.9507 -1.7654 0.2898 -0.1259 
32.7687 -0.0312 -4.5750 -2.2036 -1.4556 -2.0781 -0.6894 1.5346 2.2339 -1.2798 -1.5658 0.3318 -0.1021 
32.4786 -0.6406 -4.3127 -2.3733 -2.1066 -2.6301 -1.0505 1.3304 2.0234 -1.6348 -2.4511 -0.0996 -0.0112 
32.0752 -0.3822 -3.6851 -1.6383 -1.9234 -2.5669 -0.4076 1.9310 2.9713 -1.5472 -2.4857 -0.1182 0.5788 
32.1193 -0.2392 -4.7011 -2.1173 -1.9293 -2.2830 -0.4179 1.6503 2.2756 -1.3318 -1.8373 0.2487 -0.0542 
32.7246 0.2687 -3.9148 -1.8739 -1.1679 -1.4671 -0.2153 2.4297 2.3167 -1.3009 -1.4556 0.6547 -0.3832 
32.2545 0.4204 -4.3017 -2.0801 -1.1721 -1.8816 -0.4492 2.9594 1.7565 -1.0563 -1.1286 1.2963 -0.0921 
31.4979 -0.4765 -4.6002 -2.7554 -0.5168 -2.6283 0.1854 3.0026 1.4200 -1.5842 -0.8352 0.8266 -0.0567 
32.2857 -1.2424 -3.5825 -2.3478 0.5454 -1.4578 1.7337 2.2184 1.0670 -1.7826 -0.3377 0.3609 -0.8183 
33.2737 -2.0636 -3.5662 -2.2025 -0.4668 -0.4900 2.2396 1.9110 -0.0059 -1.6337 0.4814 -0.3717 -0.2378 
31.6071 -2.1055 -4.4418 -2.3484 -1.7386 -0.7947 1.9260 1.2990 -1.3542 -2.0214 0.2118 -0.0356 0.5472 
30.9522 -1.4243 -3.2384 -1.8634 -0.0948 0.0620 2.2236 1.3405 -0.7399 -1.7611 -0.2846 -0.2651 0.2896 
30.3693 -0.7458 -3.0984 -2.2905 -0.3924 -1.0185 1.2101 1.2956 0.5565 -1.1206 0.3070 -0.2703 0.0433 
27.9600 -0.0074 -4.1794 -2.6174 -2.1929 -1.0261 -0.0981 0.2284 -1.2042 -1.7458 -0.5776 0.0186 -0.5739 
28.0496 0.4611 -3.5277 -1.3079 -1.0547 -0.8626 -0.4195 0.2604 -0.5202 -1.4996 0.0024 -0.1642 0.4239 
27.7669 0.0106 -3.2248 -1.3900 -0.7726 -0.5602 -0.1058 0.3933 -0.6104 -1.5675 -0.4783 -0.0929 -0.2096 
24.8533 -0.0640 -3.0946 -1.6215 -0.2207 0.5424 -0.5111 0.3980 -0.2475 -1.7376 -0.2017 -0.0228 -0.0747 
23.5539 1.3384 -2.7182 -1.7135 -0.9581 -0.4851 -0.3257 0.5462 -0.3811 -1.6914 0.4057 0.5221 -0.8975 
25.6141 1.3847 -2.5234 -1.4810 -1.6092 0.0154 -0.9910 0.8325 -0.8195 -0.9751 -0.1199 0.5870 -0.2752 
23.4956 0.4262 -2.2042 -1.3529 -0.2192 -0.7637 -0.5474 1.2221 0.3651 -1.7541 -0.3562 0.0378 -0.1503 
21.4864 -1.3096 -2.8859 -0.2335 -0.4252 -0.2847 -0.2507 1.4896 0.7608 -0.1968 -0.5157 -0.2146 -1.3712 
22.9973 -0.7245 -3.9767 -3.1576 -2.6750 -1.7614 -1.6211 0.1997 -1.3904 -1.3239 -0.5441 -0.5610 -0.7632 
23.1062 1.3799 -2.2885 -3.2442 -1.3049 -0.9158 -0.3588 0.1270 -0.5293 -1.1579 -0.0589 -0.0704 0.2442 
22.8750 -0.2059 -2.8455 -1.9587 -0.6380 -0.1785 0.0285 0.9103 -0.2288 -1.1218 0.0614 -0.3399 -0.1667 
21.8555 0.7491 -1.6810 -2.4421 -1.2604 -0.5786 -1.0939 0.4866 0.0639 -1.1455 -0.5410 0.2796 -0.1503 
22.1943 1.0876 -1.3797 -1.4750 -0.3750 -1.0345 -0.9434 0.7913 -0.3539 -0.0340 -0.3350 -0.2114 -0.2715 
22.6208 1.4781 -0.7545 -2.5030 -0.7565 -1.0234 -1.0464 0.8450 -0.3659 -0.5331 -0.0204 -0.1768 0.1045 
20.3242 -0.1141 -1.5848 -1.9076 -0.2145 -1.3629 -0.0168 0.2549 -0.2035 -0.9769 -0.6372 0.2123 0.0407 
20.9184 0.5496 -0.6271 -1.8821 -1.3157 -1.0045 -0.4950 0.2375 -0.0354 0.2038 -0.2395 -0.1485 -0.1873 
19.8437 -0.2015 -2.0519 -2.3626 -1.8893 -1.2481 -1.1258 0.9260 0.0710 -0.0532 -0.0445 0.4608 0.1130 
21.9055 0.4515 -0.6940 -2.5341 -1.5506 -0.0396 -0.2920 0.4258 0.2914 -0.7480 0.1235 -0.0267 -0.2792 
20.1160 0.8290 -0.7127 -2.0408 0.3658 -1.4020 -0.9397 -0.4133 -0.1037 -0.5703 0.0370 0.1108 -0.1310 
19.8683 0.1149 -1.5508 -1.5294 -2.1718 -1.5078 -0.8891 0.4213 0.3648 -0.1390 -0.7863 -0.0603 1.1065 
20.4158 -0.2435 -1.2855 -0.9996 -0.3711 -1.1379 -0.6349 0.7771 0.8493 0.0666 -0.0301 0.2279 0.2974 
20.9867 0.8928 -0.5786 -2.8447 -0.4106 -0.8730 -0.4382 0.4473 -0.1328 -0.1513 -0.3225 0.0823 0.1335 
20.3220 0.4320 0.3698 -1.0309 -1.1515 -0.6784 -0.5592 0.1671 -0.0366 -0.5556 -0.3601 -0.2571 0.4268 
19.8669 0.0172 -1.7063 -2.2963 -1.8125 -0.8217 -1.3135 0.3841 0.5419 -0.2333 0.3069 -0.0609 0.0084 
21.2576 -0.2060 -0.5998 -1.4702 -0.8670 -1.5164 -1.0050 0.6915 0.7798 -0.5891 0.1477 0.1348 -0.3230 
20.7573 1.7470 -1.1200 -2.1528 -1.3888 -0.8012 -0.6821 0.5089 -0.5373 0.4632 -0.3230 0.0884 -0.0771 
19.1067 0.2015 -1.1649 -1.0759 -1.0451 -0.5935 -0.9904 -0.5422 -1.4557 -0.8733 -0.1780 -0.4849 0.4043 
19.0852 -0.0954 -0.1000 -1.6090 -1.4431 -1.0931 -1.0280 0.8902 0.7553 0.0291 -0.6733 -0.4553 0.1215 
19.0747 -1.1858 -1.5187 -2.8199 -2.0265 -2.9388 -1.4299 -0.3239 -0.2840 -0.6406 -0.7533 -0.7760 -0.3760 
20.0086 1.0312 -1.0607 -2.1544 -3.1328 -0.5694 -1.4318 0.0483 -0.1231 -0.2997 -0.8675 0.2057 -0.2616 
20.1231 -0.1303 -0.6106 -1.5722 -1.1383 -0.4716 -0.2364 -0.5091 0.3908 -0.7265 -0.3626 -0.4910 0.4123 
19.7352 -0.2568 -1.0454 -0.9772 -1.3623 -0.9231 -0.6091 -0.1273 0.1221 -0.1551 -0.3940 -0.7521 0.3007 
19.7150 0.2591 -1.3156 -1.8143 -1.8827 -0.5846 -0.6550 0.6410 0.4732 0.4016 0.9622 0.7023 0.3869 
20.1240 1.0090 -0.2080 -2.2282 -1.5861 -0.4629 0.4725 -0.2070 0.5185 -0.3016 -0.3089 0.2318 -0.1089 
19.6019 -0.8989 -0.2940 -1.8312 -1.0232 -0.5602 -0.3195 0.5822 0.7597 -0.1896 -0.5281 -0.1418 0.5267 
19.9051 0.3726 1.5092 -1.4619 -2.0160 -1.6673 -0.2620 0.5979 0.4921 -0.8741 -0.7258 -0.4751 0.6889 
19.8822 0.9132 -0.7072 -1.2930 -1.4638 -0.7259 -0.4718 0.3556 0.3403 0.1165 -0.5490 -0.1026 -0.6798 
19.9694 0.4900 -1.2084 -2.3450 -1.7130 -0.7475 -0.5801 0.4549 -0.2768 -0.5072 0.1141 0.0149 0.0119 
20.1327 0.0498 -0.5041 -2.4140 -0.0845 0.4614 -0.3024 0.2882 0.4061 -0.6939 -0.0114 -0.4326 0.0803 
19.4779 0.9127 0.0004 -1.5501 -1.8080 -0.7477 -0.9745 0.4196 0.4695 0.1791 -0.3894 0.4759 0.5085 
19.8922 0.5549 -1.4717 -1.3560 -1.0601 -0.0790 -0.7923 0.6187 0.6145 0.2875 -0.1698 -0.1804 -0.0366 
19.1243 0.0401 -1.3734 -2.1776 -1.4776 -0.5208 -0.8370 0.8429 0.2819 -1.0596 -0.7048 -0.1047 -0.2173 
20.8001 0.0451 -1.4249 -2.1341 -0.4704 -0.4425 -0.7864 -0.5007 0.2878 -0.8672 -0.2271 -0.4092 0.4082 
20.0136 0.0728 0.2980 -2.3382 -1.4471 -1.3276 -0.9036 0.7552 1.1521 -0.6576 -0.4117 0.2382 0.4764 
20.2790 -0.2002 -0.6042 -2.0364 -1.4074 -1.3212 -1.2052 0.6995 -0.0385 -0.6203 -0.1902 0.1639 -0.2435 
20.5658 -0.0682 -1.3239 -1.8761 -2.2484 -0.6545 -0.4422 -0.0659 -0.0019 -0.1736 -0.6772 0.1306 0.6040 
20.0869 0.5494 -0.0650 -1.5875 -0.0957 0.1142 -0.9408 -0.0911 0.0338 -0.5644 -0.6437 -0.1437 0.3036 
19.6800 -0.1021 -1.1544 -1.5419 -1.1187 -0.0927 -1.2813 1.4729 0.7646 -0.6225 -0.9707 -0.4580 -0.2731 
20.2536 -0.4502 -0.8107 -2.1938 -0.9672 -0.5151 -0.5975 0.9285 0.7852 -0.2218 0.0040 -0.1904 -0.2277 
19.4749 -0.1612 -0.5364 -1.6023 -1.2912 -1.4276 -0.9550 1.0886 0.3122 -0.2683 -0.7199 -0.0580 0.9901 
19.4359 -0.4209 -1.2917 -1.4113 -0.5242 -0.4800 -0.8060 0.8461 0.3431 -0.0493 -0.3202 0.2234 -0.3103 
19.9371 -0.0161 0.4290 -1.0308 -1.5372 -1.3127 -1.1929 0.3145 0.3068 -0.2972 -0.8029 -0.1314 0.1006 
19.2733 0.9133 -0.0269 -1.5913 -0.9363 -0.9159 -0.8532 -0.0094 0.1282 -0.4037 -0.7975 -0.4717 0.1337 
19.6199 0.3757 0.4828 -0.8416 -1.1024 -0.4993 -0.0837 0.2736 -0.1085 -0.8134 -0.9535 -0.0304 -0.0742 
19.6231 0.0433 -0.1113 -1.4995 -0.8615 -0.2518 -1.2017 -0.0812 -0.4614 -1.1071 -0.6759 -0.0090 -0.3315 
19.7123 0.1759 -0.3881 -2.7378 -2.5027 -1.8221 -1.1394 -0.7916 -0.7444 -0.6453 -0.9802 -0.7077 0.1288 
19.5014 0.8227 0.7649 -1.2848 -1.6828 -0.1234 -0.1035 0.4230 0.1237 -0.2551 -0.2001 -0.4577 -0.6686 
19.6189 -0.4479 0.1664 -1.2805 -1.8532 0.3031 -0.7322 0.0971 -0.1638 -0.4959 -0.9928 -0.2833 0.0427 
19.2938 1.2782 -0.0066 -0.9997 -0.2449 0.4016 -0.7967 -0.0474 -0.3667 -0.6989 -0.3681 -0.2422 0.0813 
19.5496 0.9547 0.2733 -1.9008 -1.9048 -0.7596 -0.5570 0.1134 -0.3006 -0.0550 -0.5775 0.2633 0.4315 
17.7122 0.3206 -0.0015 -1.4989 -1.9885 -1.1312 -1.1300 1.1291 0.3889 -0.0728 -0.5888 -0.2670 0.0688 
19.7383 0.0294 0.0449 -0.7513 -0.0981 -0.1071 -0.4420 -0.1647 -0.3232 -0.5782 -1.0961 -0.3360 0.1750 
19.7187 -0.4389 0.3342 -1.4407 -1.5271 -0.4260 -0.9219 -0.6595 -1.1256 -0.7644 -0.1333 -0.2143 -0.4739 
19.5716 0.6446 0.2917 -1.6545 -1.8110 -1.2370 -1.0543 0.2466 -0.0734 -0.1483 -0.2020 -0.2098 0.1589 
18.3542 0.8658 0.1975 -1.2878 -1.0110 -0.6030 -0.2028 0.1213 1.1646 0.3864 -0.8082 -0.4269 -0.2576 
19.1453 0.7837 -0.6046 -2.0827 -1.0358 -0.0758 -0.3712 -0.0656 0.0983 -0.4514 0.0257 -0.4765 0.0219 
18.6762 1.5858 0.2972 -1.6160 -1.2107 -0.3755 -0.5918 -0.2393 -0.2520 -1.0553 -0.1946 -0.0223 -0.0744 
18.5354 1.1652 0.2115 -0.5823 -1.7404 -1.5374 -1.0122 0.2305 0.3010 -1.0838 -0.3892 -0.1163 -0.0869 
18.6044 0.2336 0.0455 -1.5886 -1.1671 -1.1377 -1.0793 0.9923 0.2208 -0.8510 -0.2819 -0.0881 -0.0918 
18.7851 0.1736 -0.8570 -1.4855 -0.1122 0.3262 -0.6475 -0.0496 -0.4217 -0.4423 -0.5090 -0.6292 0.1298 
19.2055 0.2421 -0.1529 -1.1335 -1.6562 -0.3619 -1.1708 0.2128 0.0708 -0.7847 -0.1034 -0.0494 -0.1869 
