18.5026 -0.7391 -1.8230 -1.0113 -1.1490 -0.1937 -0.3609 -0.2415 0.2503 0.0808 0.9117 0.1652 0.2250 
18.2758 -1.2454 -1.6394 -1.5223 -0.7231 -0.4367 -1.1187 0.7160 0.4533 -0.3868 0.1118 0.4579 -0.2474 
19.0113 -1.7887 -1.0224 -0.8367 -0.2992 -0.7356 0.1569 -0.2547 0.0975 -0.9412 -1.3130 0.1349 0.6463 
19.0661 -0.6936 -1.2252 -0.6606 -0.3432 -0.8681 0.3938 0.2186 0.2675 -0.4908 0.1407 -0.4410 -0.4965 
19.2857 -0.9066 -0.5949 0.0597 -0.9491 -0.4717 -0.0683 -0.2079 -0.6195 0.1689 -0.0578 0.0139 -0.2653 
18.4559 -0.7059 -1.2600 -1.1389 -0.4039 0.1320 -1.1820 -0.4517 0.2824 -0.1247 0.6717 0.4742 -0.3076 
18.4589 -0.7880 -0.4686 -1.5228 -0.3148 -0.2616 -1.0498 -0.3827 0.0638 -0.6631 0.4038 0.1756 -0.3107 
18.8976 -0.1406 -0.7892 -0.4995 -1.5661 -0.5780 -0.3885 -0.0882 -0.2782 -0.1939 -0.0284 0.0209 -0.3783 
17.6648 -0.9011 -0.8402 -0.7718 -1.8097 0.2781 -0.2880 -0.2968 -0.1177 -0.8969 -0.0933 0.1546 0.3894 
19.1219 -1.3369 -1.9019 -1.2128 -0.9864 1.2296 0.1782 0.7284 0.7650 -0.2629 -0.2686 -0.2330 -0.2942 
18.2624 -1.9617 -1.8540 -1.2583 -0.6131 -0.5740 -0.4746 0.2009 0.3754 0.8339 1.0539 0.5556 0.3872 
19.5640 0.1537 -1.1081 -0.4442 -0.8046 -0.9935 -0.3879 -0.5773 0.2464 0.0245 -0.7153 -0.0311 0.3095 
18.2943 -0.7200 -0.5641 -0.2537 -1.6929 -0.5987 -1.1186 -0.4771 -0.9305 -0.3752 -0.3776 0.3587 -0.1591 
17.6959 -0.1960 0.4111 -0.1121 -2.0744 -1.3614 0.3369 -0.4799 -1.2947 0.0702 0.5664 0.2211 0.2487 
18.6160 -0.4576 -0.1173 -0.1171 -0.1885 0.5998 -0.2563 -0.3475 -0.7899 -0.2253 -0.2605 -0.4411 -0.1006 
18.0006 -0.4513 0.4379 1.4970 -0.3232 -1.3376 -0.6954 -0.1133 -0.1366 -0.2873 0.1382 -0.1543 -0.0896 
18.9033 -0.5838 0.0773 0.5383 -1.0889 -0.4397 -0.2249 -0.1588 0.0360 -0.4336 -0.0806 -0.6341 0.0469 
18.4650 -1.5198 -0.6477 -0.3966 -1.5240 -1.3172 -0.6507 -0.3687 -1.0435 -0.3909 -0.5600 -0.2908 0.5285 
19.4312 -0.1493 -1.0108 -1.1084 -0.7865 -1.1987 0.2058 -0.6418 0.1285 0.6437 0.3643 -0.1908 0.2222 
18.3824 -0.3940 -1.5846 -0.3705 -1.0815 0.0147 0.6234 -0.0662 -0.6689 0.5482 0.3953 0.6232 0.1472 
18.6489 0.3555 -0.5077 -0.4366 -0.7463 -0.3675 -0.2602 0.0084 -0.3027 -0.3595 -0.6676 -0.0956 0.2118 
18.8773 -0.5030 -0.8155 -0.8631 -0.4931 0.5250 -0.6864 -0.5089 -0.3194 -0.4404 -0.5292 -0.2569 0.0414 
19.9039 -0.6481 -0.0116 -0.4871 -0.7257 -0.3029 -0.2730 -0.1583 0.0993 0.0496 -0.3606 -0.3680 0.1832 
18.7032 -0.1579 -0.2128 -1.3854 -0.4306 -1.3859 -0.6509 -0.1146 -0.2332 -0.8538 0.1433 0.3818 -0.4330 
18.9367 -0.4316 -0.8669 -0.3514 -0.2320 0.3447 0.2081 -0.2185 -0.1226 0.0571 0.0625 0.0713 -0.4167 
19.1433 -0.1903 0.0427 -0.1053 -0.7689 -0.3092 -1.2865 -0.1062 -0.5432 0.2029 -0.1714 0.2629 -0.3526 
18.4542 -2.7837 -1.6318 -1.6985 -0.0147 0.5098 -0.6449 -0.5576 -0.8065 -0.2974 -0.4172 0.0731 0.0395 
17.9507 -1.7183 -1.5785 -1.6341 -0.3179 0.0001 -0.3920 0.4967 0.5868 0.2192 -0.0890 -0.3088 -0.7712 
18.2993 -0.4234 -0.9897 -1.2272 -0.5083 -0.2324 -0.2769 0.1227 -0.2680 -0.7708 0.0818 0.1849 -0.5058 
17.3479 -1.5704 -1.5847 -0.6010 0.0298 -0.3475 0.6250 0.1475 0.1767 -0.0236 -0.0586 0.3271 0.3651 
17.2093 -1.2124 -1.8021 -1.5524 0.2060 0.9139 0.8579 -0.5234 0.5474 0.4708 -0.0165 -0.1656 0.3299 
18.2424 -0.7866 -0.5286 -0.7735 -0.1811 0.2167 0.4551 -0.1804 -0.0506 -0.7895 -0.0829 -0.0556 0.1603 
17.9108 -1.2760 -1.2900 -1.7024 0.5294 0.5195 0.1380 0.7502 -0.2844 -0.4273 0.1846 0.2740 -0.4180 
16.8917 -2.2628 -1.2278 -1.0311 0.4181 1.0567 0.4195 0.3892 0.2674 0.0509 -0.3375 -0.4748 -0.4784 
18.7845 -0.4116 -1.0694 -0.7227 -0.7726 0.2050 -0.5782 -0.9219 0.7876 0.0055 0.0642 -0.4715 -0.0331 
16.9905 -2.2061 -1.0287 -0.7364 -0.5261 -0.1887 -0.9181 -0.1326 -0.2638 0.1940 0.5161 0.4174 -0.4995 
18.7768 -0.5216 -1.5093 -0.9056 -1.1516 -0.8873 -0.6515 -1.1659 -0.3411 0.0794 -0.0569 -0.2991 0.0924 
17.1990 -1.3467 -0.9169 -1.4310 -1.7498 -1.0324 -0.7470 1.0992 0.5525 0.4523 0.3514 0.4531 -0.1217 
19.5891 -1.3431 -1.4013 -0.5988 -0.6321 -0.5272 -0.6359 -0.3211 -0.4757 -0.1191 0.1598 -0.2403 -0.5515 
18.0643 -0.3929 -1.1585 -1.1234 -1.3307 -0.7049 -0.9466 -1.1122 -0.6909 -0.3076 -0.0943 -0.2451 -0.3551 
18.5377 0.5139 0.2823 -2.2346 -1.3199 -0.6929 0.0540 -0.2550 -0.1180 -0.1363 -0.9721 -0.1687 0.1408 
18.9365 -0.0864 -0.3946 -0.9067 -0.5456 -0.2314 -0.7613 0.7087 -0.5472 -0.3569 0.0049 0.7069 -0.0504 
18.3161 -0.9570 0.0295 -0.1556 -2.1941 -0.2013 -0.6428 -0.6000 0.4068 0.1790 -0.6947 -0.1372 0.2300 
18.5763 -0.0105 -0.1150 -0.3219 -1.0567 0.2213 -1.0692 -0.0208 0.0748 -0.1837 -0.2537 0.1522 -0.3138 
19.9196 -0.3509 -1.3082 -0.0331 -1.6793 -0.6658 -0.0556 0.1245 -0.3590 -0.1229 -0.3755 0.6056 -0.0832 
17.1952 -1.3264 -1.3305 -0.9355 -0.6835 0.0279 -1.2680 -0.0374 -0.0277 -0.5060 -0.6489 -0.3213 -0.1714 
19.8082 -0.7209 -1.6888 0.0574 -0.4839 -0.6169 1.3299 -0.0294 0.0721 -0.4728 -0.0651 0.0093 -0.6725 
18.9358 -0.7827 -1.1653 -0.4535 0.1873 0.4444 -0.1607 -0.8702 -0.6347 0.2676 -0.3028 -0.7392 -0.0124 
18.0319 -0.6901 -1.1025 0.1008 -1.2775 0.2118 -0.4786 -0.7310 -0.5173 -0.7639 0.0484 -0.9757 -0.0391 
18.1026 -0.9393 -0.2935 -1.2609 -0.5314 -1.1175 -0.6389 -0.3513 -0.3198 0.0082 -0.5544 -0.0443 -0.0727 
18.9973 -1.1801 -0.0249 -1.3510 -1.2237 -0.6341 -0.0853 -0.3946 -0.2065 0.1528 0.3921 0.6693 -0.1415 
19.7040 0.4872 -0.0442 -0.3365 -0.6816 -1.3980 0.3933 -0.3680 -0.8945 -0.1599 -0.2552 0.5110 -0.1272 
21.8187 -1.8138 -1.6096 0.3255 0.4890 -0.0224 -0.0223 -0.2266 -0.3259 -0.3583 -0.0244 0.0362 -0.1164 
26.3818 -3.0064 -3.2012 -1.0970 -0.5675 -0.4375 -0.2996 -0.4093 -0.6460 -0.6743 -0.1413 -0.0589 -0.0868 
29.0762 -4.0884 -2.0283 0.1489 -1.1573 -1.5627 -1.0164 0.3307 0.2324 -0.2556 -0.4259 -0.0322 0.3355 
23.8873 -3.4432 -1.9406 0.4250 -0.2491 1.5721 -0.2831 0.3563 -1.4693 -1.4906 -1.4034 -0.3705 0.1466 
23.5525 -3.9139 -1.8146 0.8873 -0.5424 -0.1017 -1.0951 0.3122 -0.0690 -0.3171 -0.0477 0.0635 0.2694 
24.0845 -1.6339 -1.6250 -0.8275 -0.1028 0.1169 -0.7680 -0.4458 -0.4100 0.0872 0.1277 -0.5037 -0.1733 
24.8386 -2.5099 -2.3313 -0.7002 0.3962 -0.1634 -0.4475 -0.4418 -1.1189 -0.0822 0.4833 -0.4563 -0.4895 
24.4207 -2.0754 -3.6824 -0.3595 0.8869 -0.9750 -2.1001 -0.1780 0.1845 -0.5000 -0.1765 -0.3375 -0.6549 
24.1342 -0.2921 -1.9031 0.0395 -0.4489 -0.7166 -0.7702 -0.6139 -0.9658 -0.0367 -0.4831 0.0794 -0.1400 
26.2624 3.1442 -1.2257 -0.4012 -0.8085 -0.8210 -1.7214 -0.3608 -0.6905 0.1123 -0.0648 -0.0934 -0.4962 
30.8796 3.6705 -2.4075 -1.3690 -0.6950 -0.2473 -2.1094 -1.1831 -0.2567 0.1723 -1.0399 0.0741 0.1219 
31.3748 4.9077 -3.0489 -1.9438 -0.5386 -0.5838 -0.8403 -1.0722 -0.0175 -0.8135 -1.2700 -0.1545 0.3493 
32.5274 4.1861 -3.7304 -2.1602 0.1651 -0.7275 -0.8718 -0.6405 -0.6620 -0.7548 -0.7493 -0.5421 -0.4553 
33.1087 4.4482 -4.0230 -1.6818 0.0453 -0.2024 -1.3054 -0.1342 -0.3315 -0.7409 -0.4985 -0.1469 -0.6597 
32.9627 4.0852 -3.6564 -2.2352 0.5439 -0.3515 -1.2875 -0.1424 -0.5230 -1.0417 -0.1776 -0.6463 -0.5296 
32.9137 3.5110 -4.1612 -1.8036 1.0762 0.3383 -1.0353 -0.2264 -0.6123 -1.7890 -0.5305 -0.8055 -0.3515 
33.3379 4.0062 -4.1469 -2.2844 0.5303 -0.8519 -0.8010 -0.6414 -0.3534 -0.9572 -0.4378 -0.4385 -0.7041 
32.8297 4.9196 -4.1838 -2.3843 0.8231 -0.2655 -1.1414 -0.0687 0.0779 -1.2407 -0.0964 -0.0768 -0.9606 
32.8225 4.5124 -4.2661 -2.1522 0.6602 -0.2764 -1.3486 0.0812 -0.4728 -1.0008 -0.5455 -0.2324 -0.9578 
32.0116 4.3281 -3.9210 -2.4988 1.5567 0.3167 -1.2233 0.0585 -0.4149 -2.0761 -0.8758 -0.0841 -1.0492 
32.9516 3.6798 -3.9850 -2.3672 -0.0180 -0.6748 -0.6684 -0.5817 -0.6504 -1.0293 -0.8259 -0.5530 -0.5485 
32.8099 4.5602 -3.7832 -1.9845 -0.0472 -0.5436 -0.2227 -0.6383 -0.0428 -0.8355 -0.2926 -0.4642 -0.2834 
32.8207 4.1560 -3.5580 -2.3015 0.0826 -0.6268 -0.5579 -0.5284 -0.3482 -0.5359 -0.6491 -0.5173 -0.3171 
32.3038 4.1255 -3.6461 -1.6419 -0.0117 -0.2656 -0.4330 -0.6418 -0.3279 -0.7396 -0.3705 -1.0524 -0.0231 
32.1989 4.0594 -4.1130 -1.3844 0.3392 -0.0467 -0.2825 -0.5919 -0.2899 -1.3893 -0.4363 -0.8730 -0.0414 
32.4025 3.9905 -4.1807 -1.9195 -0.4127 -0.4015 -0.5984 -0.5657 -0.1516 -1.1591 -0.5292 -0.3806 -0.5419 
32.5057 4.3908 -4.5820 -1.4970 -0.0349 -0.3873 -0.5906 0.0014 -0.0447 -0.9705 -0.1077 -0.3896 -0.2076 
32.4978 3.7894 -4.3364 -1.8314 0.1317 -0.7064 -0.6681 -0.1063 -0.1546 -0.7573 -0.3855 -0.4269 -0.1904 
32.3429 3.4185 -3.9916 -1.8499 0.3889 -0.5379 -0.5604 -0.3663 0.2056 -0.8757 -0.3674 -0.3449 -0.4582 
31.9016 3.2879 -3.8063 -1.7774 0.2884 -0.1902 -0.7287 -0.1045 -0.0322 -0.8381 -0.1472 -0.7962 -0.0400 
31.8124 3.3163 -3.8706 -2.4610 0.7638 -0.6544 -0.4592 -0.0451 -0.1055 -0.8938 0.0692 -0.7022 -0.1935 
32.4377 2.6500 -3.7492 -2.8990 0.7050 -0.7119 -0.4662 -0.2991 -0.1845 -0.8718 -0.0481 -0.8398 -0.2138 
33.1694 2.4367 -3.6348 -2.8166 0.8546 -0.7117 -0.1201 -0.5742 0.3671 -0.5204 -0.2844 -0.1852 -0.3459 
32.7690 1.8974 -3.4888 -3.4671 0.8587 -1.1323 -0.3035 -0.5181 0.1559 -0.6247 -0.5231 -0.2524 -0.7334 
31.6487 2.7454 -2.7302 -3.6929 1.2312 -0.7324 -0.5121 0.0343 0.0141 -0.4709 -0.4999 -0.0367 -0.6358 
31.5303 2.3499 -2.2226 -3.1853 0.6181 -0.2077 -1.0454 0.5837 -0.8174 0.2339 -0.7500 -0.4310 -0.4948 
31.5416 1.4852 -1.3361 -1.9459 -0.3366 -0.5198 -1.0828 0.9586 -0.7531 -0.2915 -0.6765 -0.4593 -0.2828 
31.1525 1.7053 -0.8737 -2.4036 -1.0408 -0.0595 -1.2256 0.6489 -0.8222 -0.3963 -0.8868 -0.3422 -0.0370 
31.8701 1.3751 -1.6415 -0.7087 -2.0224 -0.0642 -0.5653 -0.2601 -0.2109 -0.3625 -0.3245 -0.3207 -0.3825 
29.8697 0.8138 -1.6198 -0.7465 -0.4120 1.0489 -0.4229 -0.8676 -1.0183 -0.6938 -0.7244 -0.7382 0.0807 
28.7179 1.8591 -1.8673 -1.9631 -0.2674 0.1751 -1.2989 -0.1430 -0.6983 -0.4551 -0.3640 -0.7421 -0.0007 
27.8518 1.8228 -3.0692 -1.1313 -1.2270 0.2868 -0.7938 -0.3900 0.2975 -0.5043 -0.6087 -0.1605 -0.7398 
27.4247 1.6713 -2.7999 -1.3288 -1.0484 0.1713 -1.1126 -0.4287 -0.2535 -0.2751 -0.7347 -0.0927 -0.3229 
26.0665 1.5793 -2.5217 -0.2728 -0.1237 1.1770 0.0193 -1.1557 -1.4561 -1.0319 -1.5201 -0.6929 0.1216 
26.5773 1.9540 -1.6752 -1.1076 -0.1363 0.2666 -0.5911 -0.7929 -1.0956 -0.6031 -0.1630 -0.6367 -0.5554 
26.1675 1.5442 -2.5944 0.1155 -0.4532 0.5910 -0.0662 -1.6059 -0.7730 -0.9565 -0.8080 -0.0777 -0.4008 
26.2696 1.0078 -1.5280 0.3241 -0.9785 0.3304 -0.2650 -1.5619 -0.3019 -0.2111 -0.5118 -0.0476 -0.2291 
24.5106 1.6262 -1.3735 -0.4994 -1.1733 -0.4932 0.2991 -1.2906 -0.1375 -0.1657 -1.0008 -0.2207 -0.2005 
22.8829 1.8177 -0.3213 -0.3713 -1.2495 -0.1788 -0.8773 -0.0693 -0.0829 -0.1173 -1.2512 -0.0007 0.2828 
20.9031 1.4294 -1.1659 -1.3718 -1.3477 0.3081 -1.0593 -0.0254 -0.3290 -0.3888 -0.8439 -0.6312 -0.2481 
20.4177 0.9521 -1.5286 -1.6831 -1.8676 -0.5941 -0.6176 -0.1405 0.2379 0.0651 -0.5181 -0.4377 -0.2239 
20.4002 0.2567 -1.1711 -1.1159 -1.0300 -0.0244 -0.3015 -0.4219 -0.3867 -0.0439 -0.2260 -0.2696 -0.2927 
18.7801 -0.2683 -1.1408 -1.5763 -1.0843 -0.5222 -1.3320 -0.0230 -0.3832 -0.1886 -0.2584 -0.9868 -0.3748 
19.4751 0.3468 -0.6603 -2.1816 -0.1886 0.9499 -0.8269 0.2556 -0.4322 0.0498 -0.9350 -0.0229 -0.1632 
19.0311 -1.0260 -0.7635 -1.9663 -0.9885 -0.3573 -0.8138 -0.4745 -0.1398 -0.2354 0.0201 0.0865 -0.6491 
20.0497 -0.5666 -1.6535 -1.1035 -1.0282 -0.2638 -0.6342 -0.2216 -0.6988 0.0782 -0.1331 0.2951 -0.5951 
18.5601 -0.4446 -0.9586 -0.5572 0.9282 0.0738 -0.0501 -0.5695 -0.8365 -0.4198 -0.4434 -0.3445 -0.5232 
18.6624 -1.3180 0.1506 -2.1574 -0.1644 0.7355 -1.4864 -1.2104 -0.4307 -0.4237 -0.2301 0.2840 0.1427 
17.8456 -0.5917 0.2534 1.0145 -1.5445 -0.0699 -0.3944 1.3762 -0.2734 -0.5979 -0.4417 -0.7244 0.4631 
19.9390 -0.0654 -1.2450 -0.7401 -1.1409 -0.7321 -0.2412 0.1333 0.0137 0.3347 -0.2130 0.2057 -0.0305 
18.4541 -0.4661 -0.3417 -1.7383 -1.6366 -0.8318 -0.8895 -0.8679 -0.6478 -0.2731 -0.3203 -0.4062 0.3912 
18.8151 -0.1510 -0.6779 -0.7599 -1.1416 -0.7987 -0.9496 -0.7313 0.0223 -0.0608 -0.8021 0.2535 0.1116 
18.3650 -0.7079 -1.3391 -0.5927 -0.2064 0.3770 -0.2500 -0.8061 -0.8905 -0.7499 -0.3791 -1.0144 0.3081 
18.6860 -0.8615 -1.4461 -0.5218 -0.7427 -1.8581 -0.7146 -0.7021 -0.5975 -0.6060 0.1049 -0.5787 -0.6050 
18.4421 -0.9737 -1.4828 -1.0033 -1.4767 0.0775 -1.2602 0.5081 -0.3197 0.4332 0.5516 0.9153 0.3853 
18.6553 -1.1045 -0.5439 -0.2958 -1.2013 -0.7566 -0.8938 0.3030 -0.1902 0.4422 0.2254 0.1032 -0.1156 
19.2267 -0.6167 -0.0684 -1.3865 -1.1446 -0.1615 -0.4735 -0.6447 -0.1902 -0.2203 0.1605 -0.4052 -0.5627 
18.0404 0.0956 -1.3853 -0.8881 -0.9206 -0.1500 0.0993 0.6390 0.1774 0.5728 0.1678 -0.4600 -0.2582 
18.4497 -1.0385 -0.5943 -0.9478 -0.7782 -0.5332 -0.0989 0.1952 0.0866 -0.3076 0.3469 -0.6197 0.5355 
16.9886 -1.0509 0.3113 -1.4468 -2.6455 -2.7740 -0.9561 1.3277 -0.3906 -1.1107 -1.5575 -0.3037 0.5365 
18.0183 -1.0199 -1.2318 -1.0337 -0.5660 -0.1062 -0.2059 -0.1243 -0.3584 -0.3881 0.5851 -0.1568 -0.0034 
17.5008 -1.3056 -2.0123 -2.1723 -1.3862 -0.4627 0.8842 -0.3401 0.5589 0.4351 0.8662 -0.0201 0.2757 
18.9341 0.2115 -0.6820 -1.1917 -1.6940 0.4350 -0.3688 -0.1518 -0.8205 -0.2777 0.1622 -0.3445 -0.3340 
18.2205 0.1828 -0.3293 -1.3521 -1.1343 -1.0938 -0.0573 -1.0052 -0.6456 -0.3319 -0.0954 -0.4121 -0.1442 
18.4746 -0.0424 -0.2546 -1.1736 -0.8185 0.1753 -0.2836 -0.8572 -1.3274 -0.2404 0.0715 0.1486 -0.2842 
16.9080 -1.7481 -0.1308 0.3062 -0.8219 -0.9262 -0.8648 0.7208 0.4264 0.0921 0.1227 -0.7375 -0.5123 
18.7784 -1.0833 -0.5687 -0.9183 -0.7745 -1.3462 -0.7362 -0.4377 -0.3426 -0.6958 0.3073 0.3121 -0.0899 
18.9280 0.3786 -0.1268 -1.5472 0.0355 -0.4902 -0.1430 -0.6987 -0.6065 -0.0561 -0.1856 -0.3945 0.3043 
18.7112 -0.7649 -0.8459 -1.0768 -1.3002 -0.8832 -0.5681 -1.0906 -0.1683 0.4287 -0.4400 -0.6382 -0.0836 
18.5363 -1.6979 -0.5280 0.4475 0.3202 -0.2994 0.0753 0.3601 -0.1315 -0.5592 -0.2944 -0.3828 0.1769 
17.8559 -0.7121 -0.5196 -1.0325 -0.4265 -0.0551 0.4286 0.3693 -0.2085 -0.1145 0.3140 0.0349 -0.0322 
18.3805 -0.8394 -0.0323 -1.1310 -1.2806 -0.5258 -0.8371 -0.1068 -0.0924 -0.7383 0.4056 0.1247 0.1831 
16.6833 -1.5608 -2.6155 -1.3151 -1.0909 -0.1573 -0.4746 -0.5159 -0.4146 -1.0176 0.5036 -1.0786 -0.2303 
18.1890 -0.7471 -0.0069 -1.4984 -1.1253 -1.0245 -1.3060 -1.2163 0.5416 -0.4119 -0.4511 0.0445 0.0223 
18.0305 -0.8734 -0.7621 -1.3964 -1.2303 -0.0723 -1.1684 -1.5062 -0.6612 0.3729 -0.3715 0.1207 -0.0893 
17.6778 -1.1657 -2.2595 -2.7986 -1.2828 -0.2415 -0.4024 0.2240 0.3281 0.3294 0.5512 0.9515 0.5923 
18.2226 0.2535 -1.1566 -0.6952 -0.8510 -0.5018 0.2452 -0.1441 -0.0177 -0.1519 -0.0532 0.2089 -0.2665 
18.1693 -1.2282 -0.7236 -0.9153 0.1982 -0.2593 -0.1631 -0.3746 -0.3696 0.3622 0.5332 -0.4789 -0.0054 
18.2680 0.1371 -0.3329 -0.7346 -1.0727 -1.7246 -0.3584 0.1355 -0.8291 0.0439 0.1980 0.1227 -0.2610 
19.0577 0.3199 -0.6517 -1.2222 -1.3814 -0.1587 -0.6479 0.1812 -0.2783 -0.1238 -0.3954 0.1580 0.4454 
18.1147 -0.1575 -1.0355 -0.9289 -1.0796 1.1688 -0.4442 -0.6123 -0.1455 0.2255 0.6467 0.2564 0.2147 
18.6204 -0.5780 -1.9114 -0.9841 -0.6059 -0.1142 -0.7012 0.0548 -0.4794 -0.0123 0.8595 0.2019 0.2568 
17.9459 -0.8735 -1.4030 -1.6801 -0.8064 -0.0399 0.3050 -0.3715 -0.3716 0.6993 0.0239 -0.1934 0.2102 
17.8741 -0.4456 -0.8596 -1.6083 -1.4468 -0.6070 -0.9513 0.2101 -1.0667 -0.7017 0.2480 -0.1977 -0.5588 
16.6979 -1.5491 -1.2123 -0.4447 -0.0923 -0.2180 0.2433 -0.2716 -0.9039 -1.3722 -0.8998 -0.5552 -0.1272 
17.7026 -1.6663 -0.8074 -1.5369 -0.7421 -0.3484 0.1504 -0.7305 -0.5872 0.1790 0.4515 0.4539 0.4757 
