nan nan nan nan nan nan nan nan nan nan nan nan nan 
nan nan nan nan nan nan nan nan nan nan nan nan nan 
nan nan nan nan nan nan nan nan nan nan nan nan nan 
nan nan nan nan nan nan nan nan nan nan nan nan nan 
nan nan nan nan nan nan nan nan nan nan nan nan nan 
12.8128 -1.4138 -0.1023 0.3083 -1.5300 -0.4597 -0.7475 0.3034 0.0233 -0.6409 0.3262 -0.3729 0.1664 
13.0889 0.5580 1.1682 -1.8290 -1.3389 0.4170 -0.4457 -0.6279 -0.8951 0.0942 -0.5232 -0.2081 -0.3965 
11.6424 0.2735 1.1882 0.3774 -1.1692 -0.7720 -0.5625 -0.4662 0.5496 -0.7035 -0.8767 -0.1755 0.9554 
12.3642 -2.7504 0.4221 -2.9320 -1.1124 -0.8412 -0.2517 -0.4088 -0.7678 -1.2291 0.0093 -0.2682 -0.2165 
15.1399 0.7719 2.4722 -1.6280 -0.0266 0.0349 -0.6808 -0.3604 0.1483 -0.1415 -0.5805 -0.3722 -0.0657 
13.3008 -0.4319 0.3823 -1.4221 -2.5688 -1.4167 -0.7928 -0.6163 -1.0650 -0.3204 -0.4683 -0.1012 -0.1738 
14.8359 -0.8916 0.1080 -1.9518 -0.7613 -1.1415 -0.0826 -0.1139 -0.8487 -0.2105 -0.4416 -0.1273 0.0541 
13.8807 -0.1458 -0.6874 -0.6249 -1.1304 -1.3086 -0.4273 -1.2058 -1.1599 -0.5671 -0.4688 -0.5169 0.0382 
14.4763 -0.4499 1.6346 -0.4956 -1.4814 -0.2481 -0.8035 -1.2303 -0.6202 -0.3858 0.1613 -0.1081 0.3120 
13.3491 -0.2061 1.9922 -0.8661 -1.0911 0.6252 -0.3589 -0.2273 0.0707 -1.2697 -0.8441 -0.2282 -0.0418 
14.8478 0.4032 0.8022 -0.3467 -0.5026 -0.7243 -0.9525 -0.5793 -0.1002 -0.3158 -0.1234 -0.5091 0.4797 
13.7108 -0.4480 1.0215 -0.1030 -0.6472 0.5473 -0.6705 -0.8277 -0.9510 -0.9580 0.0333 -0.1152 0.0610 
14.2668 -0.5577 1.1073 -0.4447 -0.3999 0.4553 -1.2060 -0.5560 0.3264 -0.9238 -0.2510 -0.4756 0.0253 
14.0765 -1.0861 1.3003 -0.7390 -0.7657 -0.1106 -1.4913 -0.1161 0.3650 -0.8084 0.3312 0.5148 -0.7198 
24.8610 -3.4738 -3.6149 0.9470 -0.4136 0.8912 0.3493 -0.5242 -0.8808 0.3269 -0.4335 0.2759 -0.0618 
21.5353 -1.8369 -1.9138 0.8092 -0.9034 0.4648 0.8804 -0.3603 -0.2457 -0.6930 0.0563 0.2437 0.1580 
21.8771 -2.9931 -2.2277 -0.0899 -0.2720 -0.0418 0.4668 -0.4243 -0.5782 0.0214 -0.0473 -0.4232 0.2609 
21.3769 -2.2398 -2.9509 -0.7116 -0.3025 -0.3044 0.0575 -0.4843 0.4865 -0.1406 -0.4977 -0.1201 -0.2239 
28.5307 2.0741 -4.2607 -2.2690 -1.2567 -0.3985 -0.6301 1.5180 -0.3423 -0.3471 0.1194 -0.0719 -0.0722 
29.5106 0.8798 -4.4976 -2.1286 -1.3618 -1.1991 -0.5690 2.7585 1.9000 -1.3419 -1.3263 0.8874 -0.6182 
30.3678 1.8688 -4.9632 -1.0120 -0.7792 -1.3236 0.0467 2.3589 2.6786 -0.8054 -1.5257 0.3998 -0.1422 
30.7415 0.7265 -4.5671 -1.5691 -1.3963 -0.9850 -0.1657 1.5694 2.6783 0.6884 -1.6298 0.0542 1.2070 
29.5124 0.1473 -5.2318 -2.4760 -1.3329 -1.0414 -0.8124 0.2382 3.0029 1.4314 -1.0195 0.2659 2.0298 
29.8039 1.2580 -5.0765 -1.4873 -0.0806 -0.8366 -1.3970 -0.2537 1.1479 1.3713 -1.0311 -0.7525 0.1690 
29.0207 2.2444 -4.1704 -2.2844 -0.4331 0.1280 -1.9924 0.4548 1.9930 0.8157 -0.8862 -0.5288 0.8070 
27.5607 1.5142 -3.7203 -2.2208 -0.8829 -1.4614 -2.0525 1.1904 1.5486 0.3077 -0.3823 -0.4373 1.0510 
26.7958 1.6829 -2.7290 -1.9511 -2.5747 -0.5635 -0.9051 0.0692 1.2727 0.5470 -0.5652 -0.8186 0.7765 
25.1965 2.1043 -2.7796 -2.4701 -1.1002 -0.7782 -1.6217 0.1551 1.4642 0.3054 -0.0266 -0.8630 0.0166 
23.1355 2.0324 -1.5698 -4.0613 -2.8900 -1.5236 -1.1558 -0.1103 0.7983 0.3119 -0.7912 -0.7263 0.5871 
22.4003 2.3423 -1.9014 -2.6491 -2.5393 -0.3740 -1.7298 0.2444 0.8449 0.4545 -0.5786 -0.7088 0.1945 
21.3522 1.6422 -1.2780 -2.2625 -1.3579 0.0278 -1.2274 0.1721 1.8227 0.2709 -0.4647 -0.5873 0.1724 
20.1988 1.2126 -0.8248 -1.4117 -0.6880 -0.5424 -1.8790 0.2760 1.0892 -0.2155 -0.6877 -0.4962 -0.1207 
12.1105 -0.1342 -0.9048 0.1173 -0.5357 0.0281 0.0199 0.7842 0.5501 0.3891 -0.1796 -0.2222 -0.3888 
-0.0604 -1.5337 -0.6649 -1.3104 -0.3962 0.2040 -1.0221 0.5625 0.8244 0.0733 -0.1764 -0.0193 -0.0296 
-10.3623 -3.0462 -0.6015 -1.6883 -0.4625 0.1488 -1.1998 0.2616 0.6298 -0.1485 -0.1165 0.0821 0.0717 
-20.4712 -4.5348 -0.4853 -1.8206 -0.4117 0.2024 -1.1560 0.0988 0.5214 -0.2044 -0.0570 0.0996 0.0742 
-30.5372 -5.9823 -0.2982 -1.9100 -0.3430 0.3007 -1.0755 -0.0410 0.4724 -0.2238 -0.0388 0.1107 0.0933 
-40.5398 -7.3819 -0.0464 -1.9378 -0.2585 0.4323 -0.9364 -0.1595 0.4643 -0.2011 -0.0518 0.1000 0.1303 
-50.3437 -8.5492 0.4291 -1.7667 -0.0410 0.6914 -0.6721 -0.2177 0.5091 -0.1427 -0.1319 -0.0336 0.0269 
-59.9508 -9.4842 1.1340 -1.3652 0.3673 1.1350 -0.2117 -0.1062 0.7216 0.0753 -0.1484 -0.2422 -0.2781 
-68.7989 -9.5935 2.2609 -0.9223 0.3849 0.8999 -0.4045 -0.5442 0.4836 0.1175 0.0117 -0.0468 0.0013 
-77.4154 -9.6306 3.1368 -0.8093 0.1375 0.6365 -0.2502 -0.5362 0.4140 0.0536 -0.0507 -0.0888 0.1550 
-86.1332 -9.8325 3.9212 -0.6957 -0.1161 0.3171 -0.1023 -0.4348 0.4331 -0.0446 -0.2126 -0.1152 0.3977 
-94.6892 -9.9801 4.5537 -0.8114 -0.6253 -0.2322 -0.0424 -0.3506 0.3814 -0.1386 -0.2161 -0.0266 0.6203 
-99.9565 -7.8952 3.8313 -2.5840 -1.5817 -1.6111 -1.2155 -0.7466 -0.2001 -1.6948 -1.6537 -0.4666 0.5928 
-99.2637 -3.1560 1.9091 -1.8005 1.0222 0.0786 0.9036 0.6967 0.8057 0.2365 0.2256 -0.2116 -0.2586 
-99.1840 -1.1024 -0.1597 -0.2780 0.6829 0.2004 0.8541 -0.2918 0.2542 0.0838 0.2962 -0.8912 0.0548 
-97.8113 0.1159 0.0543 -0.0391 0.0303 0.2399 -0.1496 -0.1673 -0.7561 0.1747 0.6742 -0.3298 0.7660 
-94.6741 -0.7599 0.4853 0.6323 -0.7762 -1.1551 0.0310 0.2914 0.1385 -0.2092 -0.6311 -0.5101 0.5997 
-93.0117 -0.0029 0.5016 -1.3197 -0.3978 -0.2421 0.7667 -0.0755 -0.5559 -0.0651 -0.3182 -0.0408 0.0932 
-90.0882 0.2191 0.3431 -1.0311 0.2919 -0.3318 -0.6136 0.0270 -0.3822 -0.3160 0.3710 0.6577 0.1555 
-87.8226 0.1371 -0.6795 0.4443 -0.0281 0.8436 -0.1394 -0.9363 -0.5341 -0.5416 0.2091 -0.0827 0.8047 
-85.3021 0.2639 1.0974 0.5728 0.4927 -0.5672 0.3953 -0.2185 0.3552 0.2859 -0.4117 0.1553 -0.2945 
-83.5410 0.0974 1.0636 -0.1910 -0.1436 -0.3889 0.2562 0.1792 0.1462 0.3123 -0.8186 -0.2859 1.0079 
-79.8653 0.0423 -0.2019 -1.0159 -0.1598 -0.1445 -0.1785 -0.7242 -0.6646 -0.1787 -0.4839 -0.7361 -0.1528 
-78.4752 -1.6215 -1.2789 -1.5569 -1.2675 -0.7382 -0.7935 -0.2710 0.3241 0.6266 0.6422 0.3994 0.6423 
-75.1881 -0.5131 -0.1551 -0.9183 -0.2149 0.4357 -0.7266 0.0670 -0.8322 -0.9054 -0.2736 0.1668 -0.7132 
nan nan nan nan nan nan nan nan nan nan nan nan nan 
-70.4308 -0.3963 -0.0655 -0.6273 -1.5837 -0.7816 0.1726 0.7634 0.5514 0.0662 0.2497 0.7069 1.4246 
-68.5536 -1.7465 -0.9306 -0.5976 0.2833 -0.2261 1.0709 2.2029 1.7688 0.7992 0.0708 0.2841 0.1830 
-65.3521 -1.2207 -1.1307 0.1387 -0.2508 0.4577 0.0436 1.0513 0.5749 0.8865 0.8147 0.8122 0.4406 
nan nan nan nan nan nan nan nan nan nan nan nan nan 
-60.1176 0.1882 0.3717 -0.5419 0.0526 -0.3989 0.4512 -0.6859 -0.5533 0.4533 0.3868 0.6465 0.4014 
-58.1824 -1.1074 -0.0712 -0.1125 -0.1228 0.4802 0.2140 0.8864 0.3672 0.7163 0.1137 1.0205 0.7268 
-54.5853 -1.4965 -1.1255 -0.5049 -0.4398 -0.8877 -0.4179 0.0108 -0.0294 -0.3180 -0.4635 -0.7930 -1.3673 
-52.9783 -0.7726 -0.4992 -0.5561 0.5038 -0.1052 0.3217 1.3252 0.7052 0.5535 0.0174 -0.3663 -0.0465 
-49.8075 -0.7006 -0.0580 -0.2206 0.7114 -0.7264 -0.9573 -0.9572 0.0908 -0.0130 -0.0963 -0.3821 -0.3939 
nan nan nan nan nan nan nan nan nan nan nan nan nan 
nan nan nan nan nan nan nan nan nan nan nan nan nan 
