17.7019 10.6057 -7.6168 -4.1551 3.9686 1.2351 -1.9960 -1.2432 -1.7114 -1.1276 0.5937 -1.3283 -3.1606 
31.3372 18.1029 -13.8218 -6.1902 6.3947 -1.8430 -6.2805 -1.2634 -2.3842 -3.1811 1.4208 0.1472 -3.6537 
31.4447 16.3678 -15.7648 -4.0543 9.3155 -2.2092 -7.2861 -0.9464 -2.4756 -3.5597 1.5802 -0.0328 -3.7745 
31.6417 15.8434 -16.6452 -3.3958 10.9691 -1.2246 -6.8728 -0.6180 -2.4463 -3.4067 2.4203 0.9523 -3.1161 
31.8170 16.2971 -16.0663 -3.3374 10.6441 -0.6392 -5.0511 0.8600 -2.2456 -3.4230 2.9944 1.5381 -3.0374 
31.4726 15.8020 -17.3097 -5.6995 8.9654 -0.2393 -4.0112 0.7252 -3.4754 -5.0188 1.4907 0.6920 -3.0768 
31.2075 15.7790 -17.2861 -6.2848 8.4841 -0.1916 -4.1128 0.6149 -3.1983 -5.2187 0.6862 0.6979 -2.1392 
30.7493 16.3359 -15.3154 -4.9548 8.5253 -0.5233 -4.0959 1.4498 -1.6992 -4.0713 1.1210 0.9226 -2.1539 
29.9067 15.5399 -16.0218 -6.3685 7.2184 -0.8596 -4.3409 0.5723 -2.5448 -4.4481 0.8910 0.7130 -2.4243 
29.3954 16.3676 -14.0510 -6.2556 6.2453 -0.6969 -3.9103 0.1297 -3.1083 -4.8616 0.2587 0.1473 -2.7569 
29.3278 17.7851 -11.6825 -5.6764 6.3198 0.4194 -3.6160 -0.7699 -3.4748 -5.3149 -1.2439 -0.8783 -2.6105 
27.5189 17.2579 -9.8483 -4.6147 6.5314 1.6265 -2.1500 -0.1956 -2.8235 -4.0658 -0.2783 -0.4101 -2.3590 
30.0854 21.2434 -6.2251 -2.8750 7.0565 2.3642 -1.8071 -0.9972 -3.5735 -3.9969 -0.4489 -1.1741 -2.7082 
32.1295 23.1057 -6.3947 -4.2942 5.6299 1.3875 -2.5438 -1.8349 -4.6113 -4.9298 -1.1765 -2.1681 -3.8360 
33.8101 24.5657 -6.3881 -4.6506 5.8013 2.2112 -1.4976 -1.3688 -4.7949 -4.8786 -0.6857 -1.8091 -3.4001 
34.9875 25.3842 -6.7113 -5.0612 5.5277 1.9884 -1.1367 -0.7208 -4.9071 -5.3909 -0.5302 -1.4531 -3.7046 
36.0742 25.8631 -7.4761 -5.4847 5.4245 1.2241 -2.0200 -0.7213 -4.4089 -5.3006 -0.8645 -1.6580 -3.8794 
36.7476 26.6316 -7.0056 -5.1276 5.8810 1.9503 -1.1449 -0.0956 -4.0343 -4.8075 -0.2910 -1.2284 -3.3911 
36.2869 26.2009 -7.3018 -5.6045 5.5635 1.9452 -1.3890 -0.6899 -4.4655 -4.9934 -0.5646 -1.6590 -3.8331 
36.2245 25.7926 -8.0932 -6.3390 4.9035 1.2223 -2.0172 -1.1843 -4.9263 -5.3513 -0.8962 -2.2222 -4.5463 
37.5417 26.8925 -7.8707 -5.8407 5.7276 1.8585 -1.2753 -0.2317 -4.2821 -4.9651 -0.2993 -1.5160 -3.9289 
36.8133 26.2626 -8.1127 -6.3150 5.1521 1.4199 -1.9650 -1.1061 -4.7022 -5.0508 -0.6962 -2.1702 -4.4406 
37.8052 27.2859 -7.4927 -5.7460 5.4639 1.7804 -0.9654 -0.0886 -4.2497 -4.5175 0.0179 -1.9085 -4.1975 
37.4720 27.3149 -7.1759 -6.0999 4.8653 1.6093 -1.0943 -0.3561 -4.3399 -4.4849 0.0837 -1.8770 -4.5424 
37.3133 26.6512 -8.0565 -6.2848 4.7996 0.6732 -2.2029 -0.5799 -4.2012 -4.9604 -0.7430 -2.2380 -4.5943 
37.4586 27.1084 -7.2087 -5.4789 5.2127 0.9612 -1.5949 0.3275 -3.3053 -4.2334 -0.2085 -1.8518 -4.1774 
36.7098 27.3120 -5.9904 -5.5947 4.3635 1.0945 -1.3099 -0.0131 -3.2209 -3.7577 -0.4775 -2.3549 -3.8381 
35.8798 26.4529 -6.1678 -5.4344 4.0553 0.0837 -2.3839 -0.6121 -3.4831 -3.9870 -0.8134 -2.9140 -4.5612 
36.0798 26.5618 -5.8848 -4.5098 4.7927 -0.0267 -2.4726 -0.0558 -2.9459 -3.7894 -0.4109 -2.2197 -4.0746 
34.3405 25.7539 -4.8909 -4.3263 4.2521 0.1400 -2.4397 -0.9847 -3.7117 -3.6841 0.0514 -1.8372 -4.2088 
33.1728 24.8042 -4.5014 -3.5198 4.0863 -0.8768 -2.8080 -0.1709 -2.8912 -3.7209 -0.2455 -1.7457 -4.1003 
31.5063 23.3765 -4.6170 -3.5698 3.6183 -1.3635 -3.3115 -0.7759 -3.4299 -4.3687 -1.1554 -2.4313 -4.2884 
30.0303 23.0356 -3.0849 -3.0699 3.1943 -0.6166 -1.7057 0.4330 -2.4798 -3.5503 -0.6524 -1.6238 -2.7853 
28.7220 21.8901 -3.1131 -2.8574 2.9283 -1.4043 -2.7769 -0.6397 -3.4119 -4.2594 -1.0443 -2.0439 -3.7058 
28.4577 21.4355 -3.1452 -1.9024 4.0204 -1.1026 -2.7260 -0.1184 -2.7233 -3.8784 -0.8423 -1.6414 -3.1503 
28.2058 21.6991 -2.1307 -1.2378 3.9531 -1.2691 -2.6513 -0.0611 -2.8539 -3.9428 -0.4536 -0.8392 -2.4445 
27.7960 21.3616 -2.1086 -1.0972 4.0811 -1.2416 -2.6714 0.1680 -2.4451 -3.7768 -0.4450 -0.6325 -2.1697 
26.8161 20.4005 -2.1108 -0.5913 4.1065 -1.7110 -2.8882 0.2897 -2.2955 -3.6140 -0.5028 -1.1793 -2.8180 
24.5736 18.6154 -1.6351 0.5898 4.9921 -0.7388 -1.7372 1.1023 -1.9406 -3.3416 -0.1223 -0.9895 -3.1431 
24.7147 18.3353 -2.5993 -0.2435 4.7111 -1.0081 -2.2138 0.9801 -1.6705 -3.3226 -0.3487 -0.9669 -3.0951 
22.9595 16.8729 -2.5342 0.0406 4.6520 -0.7746 -1.5337 1.5591 -1.4078 -3.1425 -0.0759 -0.5857 -2.6492 
22.4517 16.0492 -3.8261 -1.6568 3.3113 -1.6960 -2.7152 0.2646 -2.3457 -4.1842 -1.4955 -1.7533 -3.4617 
22.3670 16.5349 -2.3156 0.0214 4.3424 -1.0396 -1.9142 1.1528 -1.3946 -3.0044 -0.3711 -0.9413 -2.5308 
22.1641 16.0081 -2.9420 -0.3283 3.9540 -1.4225 -1.7364 1.5089 -1.5140 -3.1465 -0.1456 -0.7722 -2.3676 
