16.4548 -0.9517 -0.1690 -1.7379 -1.4693 -0.7874 -0.9027 0.4818 0.6033 0.0624 -0.0133 -0.7282 -0.2822 
17.3027 -0.7249 -1.3010 -1.5578 -1.0063 -0.0706 -0.6982 0.4420 -0.1941 0.1092 0.0729 -0.4149 0.5909 
19.5426 -1.1089 -0.9406 -1.9823 -1.1646 -0.4356 -0.5893 0.0134 -0.2596 -0.5501 -0.3451 -0.3591 -0.0274 
18.3414 -0.5121 -0.2698 -1.6763 -1.0596 0.1255 -0.4225 0.2401 0.0798 -0.6849 -0.3284 -0.3082 -0.6953 
18.4622 -1.2907 -1.6538 -1.2230 0.1091 -0.7811 -0.9056 -0.1912 0.8600 1.1425 0.8412 -0.4793 -0.1589 
19.1479 0.3972 -0.3266 -1.6962 -0.6168 -1.1284 -0.8539 -0.3069 -0.6739 -0.1105 0.3989 -0.2932 -0.1674 
18.0065 -1.0789 -1.7154 -2.2426 -0.1857 0.2131 -0.3734 -0.5350 0.0625 0.1014 0.2546 0.7084 0.1533 
18.9306 0.0041 -0.6323 -0.7482 -1.1907 -0.0194 -0.4413 -0.6841 -0.8253 0.1024 0.2885 -0.5942 -0.4270 
17.3434 -0.9220 -1.2195 -1.8608 -0.8589 -0.7710 -1.9901 -0.3984 -1.0251 -0.1528 -0.3961 -0.1319 -0.1386 
17.8754 -1.0753 -0.1302 -0.9395 -0.3565 0.5690 -1.1646 0.2290 0.8414 0.3592 -0.8246 -0.3525 -0.0267 
18.4374 0.0580 0.4149 -0.8249 -0.8940 1.0595 -0.8272 -0.7329 -0.6032 0.0772 0.0727 -0.0241 -0.1619 
17.8021 -0.7447 -1.1157 -2.2370 -1.8528 -0.3831 -1.2339 -0.7928 -0.1658 -0.2543 -0.2476 -0.1545 -0.3032 
18.9107 0.0119 -0.4047 -1.5048 -1.6223 0.0846 -1.3270 -0.2706 -0.1430 -0.4200 0.0613 -0.7047 0.3046 
18.8024 -0.2620 -1.0685 -1.2131 -0.7091 0.2871 -0.9040 -0.1271 -0.1661 -0.0737 -0.4000 -0.7701 -0.0599 
19.2156 -0.7445 -0.1484 -1.4373 -1.0827 0.2455 -0.5096 -0.1730 0.6347 -0.3024 0.3024 -0.1982 -0.3464 
20.5074 -0.3684 -0.8431 -1.1465 -0.5608 -0.0327 -0.2378 -0.2204 -0.2445 -0.2407 0.3329 -0.0224 -0.8298 
19.0543 -0.8844 -1.1613 -2.0119 -1.0281 0.1538 -0.6962 0.4189 0.3540 -0.6839 0.2179 -0.5993 0.6272 
18.6440 -0.4871 -0.1532 -1.8033 -2.1827 0.5226 -0.2879 -0.3824 0.5335 -0.5729 0.4163 -0.4757 -0.4573 
19.0015 0.1481 -0.7374 -1.0408 -0.8772 1.1398 -1.5364 -0.1794 0.2394 -0.1788 0.1676 -0.7576 -0.1183 
18.3673 -0.1682 -0.8682 -1.3137 -1.2016 0.1032 -0.4924 0.0189 -0.0774 -0.2596 -0.0194 -0.2743 -0.0929 
16.9170 -2.0089 -1.8608 -1.9745 -2.0302 -1.2503 -1.9648 -0.7386 0.1267 -1.0703 -0.5449 -0.2583 0.2615 
17.3462 -0.9733 -0.7366 -1.5985 -1.8331 -0.4177 0.0718 -0.4545 0.0023 -1.3215 -0.2449 0.0339 0.4216 
17.5633 -2.4507 -1.8088 -3.2475 -2.2225 -1.6496 -0.8063 -0.0267 -0.0355 -1.2822 -0.5874 -0.3008 -0.6870 
19.4881 -0.7688 -0.9037 -0.8490 -0.4976 0.3411 -0.8898 0.1462 0.1323 -0.9274 0.1100 -0.4656 -0.1354 
18.5543 -0.5630 -0.4178 -0.9822 0.6786 -0.8116 -0.5839 -0.2023 0.1786 -0.1454 -0.4548 0.0197 -0.2336 
18.7097 -1.9504 -0.7941 -1.0435 0.0314 0.2518 -0.6583 -0.2072 -0.3946 -0.9812 0.2559 0.0248 0.6792 
18.6672 -0.3736 0.1893 -1.2557 -0.5926 -0.5339 -0.1798 -0.5584 -0.2112 -0.3770 -0.0509 -0.2382 -0.3115 
18.4152 -1.7201 -1.7072 -1.4593 -1.2782 -1.0907 -0.8422 -0.8209 -0.6011 -1.2201 0.3384 -0.4270 0.1813 
18.4322 -1.0813 -0.4573 -1.6298 -1.2918 0.2794 -0.6722 -0.9470 1.0106 -0.8329 0.2367 -0.2746 0.0018 
20.1717 -0.2112 -0.8251 -1.5611 -1.4385 0.4824 -0.6363 -0.6172 0.4763 -0.2511 0.2297 -1.0000 -0.1072 
18.5269 0.8500 -1.0196 -1.7573 -0.3930 -0.7236 -0.6529 -0.5100 1.1401 -0.7396 -0.0808 -0.1997 0.1128 
18.3901 -0.0506 -0.7742 -1.1521 -1.9841 -1.2168 -0.6889 -0.5361 0.7680 -1.1720 0.0711 0.0369 -0.1380 
19.2807 -1.6641 -0.3438 -1.6222 -1.4150 0.2285 -0.2908 0.3819 0.7121 -1.3519 -0.0395 0.3039 0.0193 
18.4906 -0.4123 -0.7478 0.4167 -1.1921 0.0965 -1.2696 0.1828 0.3254 -1.2496 -0.5810 -0.0440 -0.4280 
18.7308 -0.3665 -1.5325 -0.0933 -0.9260 0.6454 -1.0652 -0.0765 0.5385 -0.0497 -0.1469 -0.7974 0.0942 
18.2547 -1.2842 -0.3517 -1.1444 -1.5640 -0.1393 -0.7732 -1.6361 0.1486 -0.0430 -0.1155 -0.1208 0.0178 
18.9852 -1.0084 -0.2646 -0.1725 -1.8674 -0.4734 -0.4897 -1.2242 -0.3606 -0.8567 0.4105 0.0027 0.0470 
17.7165 -2.2707 -0.4062 -0.5290 -0.3055 0.9226 -1.2595 -0.8367 0.2682 -0.1561 0.8645 0.4642 -0.3999 
19.4471 -0.0037 -0.5302 -1.4387 -1.4964 0.3726 -0.3129 -1.0163 0.1937 -0.3119 0.1915 -0.2594 -0.5896 
18.2688 -0.6276 -1.4552 -0.7272 -0.6011 1.0459 -0.4800 -0.3578 0.6553 0.4162 -0.3889 -0.4449 -0.8481 
17.2894 0.4120 -1.4489 -0.8427 -2.2061 -0.5357 -0.9709 -0.8886 0.1210 -0.6749 -0.3640 -0.6895 -0.0208 
18.1669 -0.2042 -1.2087 -0.0727 -0.4143 0.0964 -0.0505 -0.9084 -0.5432 -0.4503 -0.2905 0.2591 -0.3907 
18.6066 -0.9881 -1.0601 -0.1834 -1.2671 0.2316 0.1255 -0.6982 -0.1421 -1.3608 -0.7535 0.3523 -0.1694 
18.3495 -0.1491 -1.2962 -1.2576 -1.5960 -0.4304 0.0024 -0.2764 0.0453 -0.0412 0.1989 0.4831 -0.0695 
17.4133 -0.2880 -1.8249 -2.0850 -2.1232 0.0431 0.2140 -0.0339 0.2204 0.0718 0.2921 0.6698 0.2687 
17.9977 -1.7317 -0.9917 -1.6624 -3.3446 -1.1926 -0.3350 -1.2071 -0.1225 -1.4533 -0.5056 -0.1436 -0.5344 
18.6776 -0.5050 -1.5691 -1.2804 -0.9066 -0.8186 -1.1965 -0.9716 0.2180 -0.2055 -0.4996 -0.4099 -0.6861 
19.0992 -0.4279 -0.1289 0.5764 -1.4241 -0.8811 -0.7190 -0.7518 0.2882 -0.1602 -0.0440 -0.2739 -0.5718 
17.3017 -0.8623 -0.1374 0.3578 -0.5078 -0.4128 -0.6906 -0.8369 0.1730 -0.2385 -0.1692 0.3598 0.0513 
17.1289 -0.7714 -2.0528 -0.2522 -1.4511 0.2001 -0.3590 -0.4486 0.6156 -0.6765 -0.3684 -0.1416 -0.3199 
17.7586 -1.5901 -1.9159 -1.1776 -2.4049 0.0920 -0.8717 -0.3608 -0.0268 -0.6057 -0.3814 0.3732 0.0988 
18.0426 0.1365 -1.6030 -0.0770 -1.6428 -0.7035 -0.0540 -0.9795 0.3129 -0.4199 -0.4291 0.5332 -0.1763 
17.9627 0.1704 -1.1511 -0.6879 -1.5720 0.3251 -0.7016 -0.6263 0.8839 -0.5132 -0.4307 -0.2979 -0.4268 
18.2488 -0.1389 -1.7274 -0.2930 -2.3076 0.8127 -0.1393 -1.2397 -0.0742 -0.1104 0.3263 -0.0532 -0.0966 
17.4866 -0.0798 -0.7904 -0.8961 -1.7048 0.9310 -0.4846 -0.3715 0.4512 -0.6050 -0.7538 0.0257 0.3582 
19.2925 -1.4407 -0.9600 -1.2056 -1.7785 0.3750 -0.2564 -1.1552 0.7167 0.0743 -0.6059 0.0704 -0.5530 
17.3754 -1.1464 -1.2708 -1.2352 -1.2067 1.1286 0.2439 -1.7363 0.3819 -0.3602 0.1155 0.3090 -0.0485 
18.5690 0.2535 -1.5049 -0.1908 -2.1286 -0.5318 -0.5272 -0.2670 0.1461 -0.1678 -0.2663 0.3045 -0.3487 
17.9191 -0.6738 -1.6209 -1.2801 -1.8447 0.0589 0.2226 -0.8663 -0.0721 -0.0362 -0.0519 -0.1011 0.3642 
18.8072 -0.6141 -1.7925 -0.8934 -1.7991 -0.1932 0.3806 -0.0046 0.3772 0.3520 -0.5724 0.1492 -0.6984 
18.8578 -0.5834 -0.8109 -0.3347 -1.4544 -0.9822 -0.4461 -0.3582 1.2223 -0.4152 -0.1436 0.4708 -0.2851 
18.2013 0.3863 -0.7579 -0.4171 -1.7541 -0.8108 0.0328 -0.4901 -0.4258 -0.1945 -0.0714 -0.2112 -0.3134 
23.5949 -2.7078 -2.7427 -1.2727 0.0199 -0.7084 0.9750 0.4652 -0.1444 -0.8336 -0.0800 -0.3822 -0.6980 
25.7875 -2.1574 -3.8299 -0.5263 0.5622 -0.9388 0.6209 0.0721 -0.1053 -0.3130 -1.1086 -0.0492 0.9651 
26.5587 -1.3845 -4.6276 -1.3438 0.8941 -1.3384 0.2176 0.4431 -0.7949 -0.3234 0.1096 0.3029 0.1781 
23.9863 0.4258 -2.6729 -1.0563 -0.5288 -1.1006 0.9896 -0.2432 -0.4713 -0.1107 0.2249 0.6730 -0.3383 
22.5045 -0.2261 -2.4151 -0.3408 0.1700 -1.3103 -1.1772 -1.1030 0.4471 0.0831 -0.6993 0.2553 -0.2019 
23.0074 -1.5267 -3.7938 -0.7355 -0.4717 -0.8550 -0.1359 -0.2847 0.2439 0.1248 0.3687 0.6537 0.3944 
23.3272 0.0881 -2.1126 -1.6473 -0.3505 -0.4291 0.1344 -0.6146 0.0662 -0.4934 0.0448 0.0015 -0.5791 
24.0061 0.1877 -3.7126 -1.1629 -0.7414 -0.0246 -0.7569 -0.9735 0.5720 0.2676 0.2125 -0.1061 -1.1458 
23.4376 -0.2384 -1.7758 -3.0843 -1.4821 0.4235 0.5482 -0.9417 -0.4893 0.3795 -0.5526 0.1425 0.7937 
24.4771 -0.2065 -4.7062 -1.3885 0.6398 -0.3947 -0.7095 -0.6789 -0.2153 -0.5231 -0.1124 -0.3491 -0.3573 
27.3838 2.6214 -2.3117 -0.2844 0.2214 -1.1286 -1.1337 -0.7613 0.1014 -0.2163 0.1075 -0.0325 -0.4245 
30.7023 4.1233 -3.1073 -2.2242 -0.3434 -1.4527 -0.8052 -1.5264 -0.4887 -0.4187 -0.4324 0.1002 -0.0229 
32.4347 3.7261 -4.0371 -2.3924 0.2553 -0.8088 -1.2564 -0.3667 -0.5668 -0.7404 -1.0407 -0.2677 0.3099 
33.4609 3.4304 -4.2960 -2.0421 0.4740 -0.6570 -0.3533 -0.9119 -0.1366 -1.0888 -0.9577 -0.2780 -0.1612 
33.9476 2.8580 -4.2296 -2.5057 -0.0472 -0.9350 -0.8912 -0.9776 -0.3255 -1.2409 -0.6689 -0.4555 -0.4024 
34.0616 2.7704 -4.8407 -2.4943 -0.1125 -1.1169 -1.0271 -0.9741 -0.6714 -0.8459 -1.0282 -0.6460 -0.4057 
34.1979 3.2550 -4.1231 -2.4956 0.8369 -0.9456 -0.4048 -0.6886 -0.3987 -0.4995 -0.8558 -0.3337 -0.2595 
34.1782 2.5234 -4.0282 -2.5568 0.6665 -0.5160 -0.7457 -0.7017 -0.7373 -0.6394 -0.9995 -0.4648 -0.2150 
34.1773 1.9156 -3.9904 -2.7710 0.1817 -0.4504 -1.1504 -0.7604 -0.6293 -0.8615 -1.1185 -0.4748 -0.4619 
34.4313 2.4848 -3.9061 -2.5261 0.4878 -0.4969 -0.8150 -0.4751 -0.4223 -0.5640 -0.7525 -0.4835 -0.1296 
33.7173 2.1782 -4.4818 -3.1204 0.1993 -0.9271 -1.0818 -0.9311 -0.8335 -0.9760 -1.1594 -0.6981 -0.4089 
34.2316 2.0396 -4.2592 -2.5841 0.4033 -0.4440 -0.5554 -0.9080 -0.5166 -0.8708 -1.2276 -0.5813 -0.3609 
34.5413 2.7455 -4.0374 -2.3903 0.6238 -0.5201 -0.5275 -0.2971 -0.4836 -0.2502 -0.8508 -0.4697 0.1948 
34.5033 2.6547 -3.9960 -2.5432 0.5404 -0.2371 -0.5144 -0.4582 -0.4660 -0.3320 -0.8483 -0.4093 -0.1344 
33.9849 1.9691 -4.2527 -2.8387 0.5051 -0.5795 -0.6640 -0.6491 -0.8913 -0.7785 -1.0488 -0.8045 0.0098 
34.2164 1.7427 -4.1037 -2.9541 0.4812 -0.7090 -0.7007 -0.7215 -0.7508 -0.4610 -1.2234 -0.5979 -0.3600 
34.3016 1.5859 -4.1401 -3.0583 0.5374 -0.9336 -0.3266 -0.6636 -0.8299 -0.2034 -1.0788 -0.6683 -0.0492 
34.5249 1.3573 -3.4800 -2.8508 0.5921 -0.2627 -0.3304 -0.6254 -0.5716 -0.5182 -0.9687 -0.4852 -0.1402 
33.6394 0.1859 -3.7079 -4.2490 0.7440 -1.3233 -1.0608 -0.9892 -1.1824 -1.3110 -1.3991 -1.0549 -0.3729 
34.5516 0.0767 -2.5951 -3.2411 0.5186 -0.9822 -0.4174 -0.3453 -0.3619 -0.1954 -1.5228 -0.0972 -0.0340 
34.1885 0.2538 -2.1677 -2.8913 0.1983 -1.1369 -0.9519 -0.0570 -0.3961 -0.6552 -1.2620 -0.0697 -0.0154 
32.7785 0.9542 -2.7028 -1.4641 -1.1980 -1.0925 -2.1916 0.2311 -0.6094 -1.2607 -1.4316 -0.3246 0.1335 
31.8874 0.1551 -2.9373 -2.0619 -1.5382 -1.4936 -2.5653 -1.6701 -1.1131 -0.9889 -1.1601 -0.8393 0.1507 
31.3878 1.3408 -2.9501 -1.4873 -1.1023 -1.9957 -1.6922 -1.8481 -0.7266 -0.8962 -0.6311 -0.5499 -0.0000 
30.9604 1.6857 -1.2067 -2.1677 -2.4444 -0.5615 -1.5339 -0.9813 -1.0248 -0.3986 -1.0218 -0.2746 0.1580 
30.2375 2.0132 -2.5044 -1.9767 -1.3842 -0.8321 -1.6554 -1.3816 -0.5208 -0.1938 -1.0510 -0.2559 0.0375 
29.1307 2.0967 -2.5005 -1.9029 0.1735 -0.2811 -1.4577 -1.3427 -0.5561 0.0707 -1.0879 -0.1718 -0.0700 
27.2548 2.0868 -2.0675 -2.6255 -0.5436 -0.0377 -1.7487 -1.3240 -0.3640 0.1438 -1.1452 -0.3942 0.1532 
26.2088 0.6933 -2.6613 -1.4146 -0.2630 -0.7686 -1.5571 -1.9927 -0.4587 0.0090 -0.1420 0.1633 -0.3446 
25.7717 0.7048 -4.2194 -2.0392 -0.5872 -0.1326 -1.2483 -1.6125 -0.3576 -0.9696 -0.6643 -1.2105 0.1747 
26.1787 0.9546 -3.9403 -1.3435 -0.4548 0.5793 -0.5260 -0.4077 -0.2109 -0.2688 -0.8043 -0.4141 -0.3132 
24.3277 0.2376 -2.7599 -2.5175 -1.1142 0.7215 -0.5934 -0.3350 0.4733 -0.3375 -0.2295 0.0520 0.6276 
24.0493 0.9110 -2.5075 -2.3463 -1.0835 -0.0569 -0.8007 -0.6740 0.4296 -0.0734 -0.5054 -0.1665 -0.5959 
21.2897 -1.7566 -3.5775 -2.1292 -0.9900 0.6177 0.0161 0.1059 0.7287 0.1361 -0.6836 -0.5731 -0.6247 
23.0512 -0.8593 -2.3293 -0.4751 -0.4471 0.6989 -0.6557 -1.3903 0.2471 0.1031 -0.5460 0.1940 -0.1394 
23.4312 -0.8902 -2.2155 -0.9180 -1.1071 0.6674 -0.3796 -1.6001 0.3897 -0.0985 -0.0916 -0.2243 -0.2793 
21.5734 -1.9372 -2.1586 -0.3375 -1.5671 -0.5625 -0.5556 -1.7300 0.4087 -0.3120 -0.6116 -0.2241 -0.3046 
21.9814 0.0510 -1.4899 -0.8178 -1.2742 0.0581 -1.4315 -1.8583 0.1188 -0.5397 -0.3565 0.2642 -0.9700 
21.4634 1.1758 -1.4733 -0.2666 -1.3389 -0.4442 -0.7866 -1.6075 0.1928 -0.2619 -0.0463 -0.5928 -0.3064 
20.3728 -1.2047 -1.6023 0.1444 -0.3510 0.8556 1.2188 0.1949 1.3760 0.1820 -0.7296 -0.7624 -1.1942 
21.0319 0.5842 -1.0372 -0.4166 -1.2712 -0.7156 0.1936 -1.3412 0.4820 -0.5111 -0.7739 0.4051 0.3441 
21.0562 -1.0869 -2.1921 -1.2820 -1.2775 -0.3395 0.1613 -1.0241 -0.1177 0.0224 -0.2430 0.4513 -0.5865 
20.9944 0.2183 -0.8073 0.2012 -1.0631 -0.8048 -0.7151 -1.5492 0.2534 0.7933 -0.4247 -0.1576 -0.0662 
21.5750 -0.8044 0.1910 0.5783 -1.2292 -0.3626 -0.1938 -1.1566 0.0484 -0.3287 -0.5024 -0.0037 -0.1349 
21.1095 -0.8642 -0.8532 -0.5914 -0.9018 0.9193 -0.5585 -0.6953 1.5880 0.3439 -0.0491 -0.4499 -1.0691 
21.0768 -0.3628 -1.4236 -0.1433 -1.1752 0.6618 0.4113 -1.2222 0.0590 -0.7896 -0.0699 -0.2709 -0.2051 
21.6799 0.0132 -0.4339 -0.7417 -1.3822 -0.5819 0.2794 -1.0511 -0.6523 -0.2890 -0.0312 0.0172 -0.3910 
21.9026 -1.1891 -1.7584 -0.6254 -1.3335 0.6369 0.2011 -0.7985 -0.2082 0.4697 0.3274 0.5687 -0.1456 
21.4821 1.6613 -0.8938 -1.7482 -0.8828 -0.0304 -0.5705 -0.6533 0.1209 -0.1689 -0.4463 -0.3537 0.0114 
20.3732 -0.9228 -1.1920 -0.2710 -1.4424 -0.3649 -0.7800 -1.3461 -0.6572 -0.4285 -0.0989 -0.1717 -0.4819 
20.5146 -0.6342 -0.1387 -0.6219 -1.7377 -0.2397 -0.5547 -0.5489 0.4451 -0.5394 0.0815 0.0826 -0.0320 
18.9183 -1.7367 -0.7699 -0.6296 -1.1990 -0.3238 -0.3248 -1.0989 0.3754 -0.6354 0.1713 -0.2250 -1.0977 
19.8629 -0.9071 -1.4378 -1.2538 -2.6465 0.0625 0.3290 -0.4002 0.4924 0.1099 0.3908 -0.4280 0.2130 
20.2621 -0.2204 -0.9186 -0.4305 -1.6854 -1.2455 -0.8531 -0.3639 1.7304 -1.4521 -0.4109 -0.0991 0.0049 
20.3744 0.7270 -0.3548 -2.0542 -1.1289 0.4330 -1.3003 -0.1603 -0.1109 -0.3904 0.4986 -0.5933 -0.5859 
21.0010 0.1519 -1.0223 -1.2803 -1.5111 -0.1095 -0.6807 -1.2013 0.1976 -1.0872 -0.0444 0.0346 -0.3655 
21.3771 0.3146 -1.6183 -0.2172 -1.4258 -0.9772 0.4527 -1.2554 0.4689 -0.2190 -0.1615 -0.5274 -0.6861 
21.3909 -0.2040 -1.4326 -1.2248 -1.2918 -1.0296 -0.9561 -0.4191 0.8658 -1.3275 -0.6294 -0.3437 -0.3193 
20.7734 -0.4288 -1.0025 -1.3008 -1.8270 -0.6095 -1.0134 -1.2216 1.0093 -0.2219 -0.1586 0.3847 -0.6127 
18.7887 -0.5976 -1.3558 -1.8926 -2.0298 -2.5750 -1.3377 0.3495 0.6340 0.3443 -0.6899 0.2022 -0.0064 
20.1376 -0.0749 -0.1533 -0.3344 -1.4570 -0.6451 0.4253 -0.5871 0.1672 -0.7136 -0.3686 -0.2832 0.0999 
20.5442 -0.0594 -0.5120 -0.6743 -2.1392 0.3562 -0.0139 -0.8443 0.4777 -0.6839 -1.1081 -0.2347 -0.0133 
20.6329 -0.4510 -1.4500 -0.2817 -0.9438 0.0719 0.2231 -1.0159 -0.2046 -1.1417 -0.1016 -0.6288 0.2777 
19.2414 0.0645 -0.8318 -0.8158 -2.6054 -0.3097 -0.0704 -0.1185 0.4694 -0.3392 0.2755 0.3948 -0.0048 
20.5878 -1.0278 -1.7860 -0.5418 -2.1091 -0.6083 -1.7141 -1.4155 -0.0828 -1.0566 -0.3600 0.1593 -0.2965 
19.5720 0.5154 -1.1382 -0.6355 -1.6099 -0.6955 -0.5906 -0.2663 0.4709 -1.2711 -0.8827 0.1063 0.1083 
20.2555 -1.6986 -2.0398 -0.9136 -1.3635 0.7064 0.6699 0.2407 0.9567 -0.0759 0.3699 -0.0508 0.2085 
20.4942 -0.0857 -0.0375 -0.3819 -2.0951 0.0787 -0.9202 -0.6997 0.2506 -0.7438 0.4406 -0.2838 -0.2581 
19.8835 -0.8276 -1.0216 -0.1196 -1.8390 0.1799 -0.3394 0.0820 0.6230 -1.1159 -0.3686 -0.4543 -0.4044 
20.1114 0.3137 -0.7092 -1.2537 -1.8891 0.3247 -0.5708 -0.3953 0.5186 -0.9753 -0.4149 -0.0336 0.0414 
19.6752 0.2742 -0.5778 -0.3896 -0.8072 -0.3362 -0.8997 -0.5291 0.5162 0.0081 0.2231 0.0867 -0.7544 
19.8047 -0.1534 -0.1733 -0.8638 -1.5003 -0.1063 -1.3075 -0.2245 0.4950 -0.8627 0.0774 -0.1377 -0.6093 
19.4711 0.0105 -0.2767 -0.7989 -1.6685 -0.2261 -0.8563 -0.6431 0.2898 -0.2074 0.2786 0.2944 -0.2054 
18.3097 -0.8847 0.3878 0.1369 -2.2932 -0.7475 -1.5624 -1.2777 -0.9485 -0.6063 -0.0914 0.3788 -0.0587 
19.6675 -1.0327 0.0235 -0.0986 -1.0508 -0.4386 -0.2610 -0.2897 0.0175 -1.1214 -0.6425 -0.3785 0.3499 
18.6036 -0.3707 -0.9444 -0.2621 -1.3853 1.0715 -0.8934 -0.3292 0.3058 -0.0266 -0.1681 -0.1698 -0.7749 
18.4302 0.2871 -2.0766 -0.6471 -0.5774 0.2958 -0.0811 0.0367 -0.0238 -1.1992 -0.1592 -0.1767 -0.0946 
17.6398 -0.5022 -1.5413 -0.1309 -2.7321 -1.1152 -0.5870 0.2925 0.0219 -0.6667 0.5950 -0.5730 0.0907 
17.5693 -0.3767 -0.7427 -0.7095 -1.5071 -0.6562 -1.3908 -0.4052 0.8984 -0.6267 -0.5725 -0.0783 0.1944 
18.6512 -0.9033 -0.3807 -0.6668 -1.2486 0.4775 -0.7393 0.1330 0.5388 -0.3848 -0.0607 -0.7175 -0.1079 
18.8908 -0.7559 -0.9466 -0.2238 -1.7622 0.1653 -0.1857 -0.9795 0.1260 -0.8964 -0.5900 0.2271 -0.0667 
19.0423 -1.1684 -0.6741 -0.3127 -1.1777 0.9239 0.2368 -0.3161 0.6853 0.2924 -0.4861 -0.7466 -0.5958 
17.9700 -0.1348 0.7047 -0.7396 -1.7768 0.6496 0.0361 -0.9544 0.3653 -0.7152 0.2845 -1.0558 -0.0638 
18.4628 -0.8037 -0.2852 -0.2173 -0.6579 0.6375 1.1594 0.1172 -0.6990 -1.5560 -0.4959 -0.0878 -0.1673 
18.1383 0.3224 -0.5120 -1.4158 -0.6187 -0.3784 -0.5977 -0.6722 0.4696 -0.2159 -0.4293 0.0090 -0.4489 
18.6585 -0.3600 -0.3314 -0.6347 -1.0477 -0.4261 -0.4396 -0.0618 0.6452 -0.4220 -0.3061 -0.7419 -0.1074 
18.2036 -0.1367 -0.6089 -1.2260 -1.7480 -0.3369 0.4584 -0.2918 -0.5731 -0.6631 -0.0110 0.0817 -0.3464 
17.8325 -0.2290 -0.3957 -1.5004 -0.6826 -1.3186 0.6685 0.0038 -0.2260 -0.0778 -0.5612 -0.1964 -0.2503 
16.7811 -1.4841 -1.8280 -1.4620 -1.6874 -0.8524 -0.1622 -0.4746 0.3389 -0.6316 0.5395 -0.0421 -0.2534 
18.1134 0.1147 0.1007 -0.7319 -2.1254 0.2065 -0.5350 -0.1591 -0.3167 -0.2432 -0.3448 0.3317 -0.2040 
18.0501 -1.2829 -1.1108 -0.5765 -1.4380 -0.1533 0.0478 -0.0380 0.3272 -0.2648 -0.1635 -0.1462 -0.3161 
18.3350 0.3160 0.0975 0.0669 -1.5775 -0.5667 -0.7657 -0.9838 0.3990 -0.4781 -0.1110 -0.2771 0.1887 
17.9859 0.2175 -0.0843 -1.0321 -0.3826 -0.9461 -0.0912 -0.4237 -0.6206 -0.4421 -1.0942 -0.0219 -0.0283 
16.7813 -0.4939 -1.8309 -1.7502 -1.0327 1.0567 0.0935 0.1007 -0.1662 0.1645 -0.1061 -0.4059 0.0887 
16.6486 -0.4638 -0.6600 -0.5457 -1.6879 -0.1112 -0.1612 -0.4814 0.1841 0.1144 -0.1923 -0.1411 0.2582 
