nan nan nan nan nan nan nan nan nan nan nan nan nan 
nan nan nan nan nan nan nan nan nan nan nan nan nan 
nan nan nan nan nan nan nan nan nan nan nan nan nan 
nan nan nan nan nan nan nan nan nan nan nan nan nan 
nan nan nan nan nan nan nan nan nan nan nan nan nan 
16.9511 -1.5712 -0.2036 -0.6395 -2.3909 -2.1196 -1.0549 -0.3507 0.1160 -0.8755 -0.5108 -0.5035 0.0476 
16.1952 -2.1703 0.3353 -1.7274 -1.8442 1.2481 1.0234 1.1879 -0.2820 0.0625 -1.2734 -0.0192 0.5038 
15.4070 0.5265 0.0650 -1.0543 -1.3659 0.3969 -0.5422 0.1529 0.1391 -0.0400 0.1340 0.5945 1.0273 
13.9937 0.3047 1.5258 -1.2210 -1.6761 0.5395 -0.3920 -0.1113 -0.5643 0.2768 -0.6618 0.4240 0.2238 
16.7891 2.5778 2.0001 -0.5708 -0.2309 -0.4216 -1.2038 -0.8040 -0.3414 -0.0152 0.4829 -0.4231 -0.4047 
14.9015 0.0150 0.8613 -0.6339 -0.2058 0.8504 -1.1394 -0.5216 0.1329 -0.0115 0.0670 -0.5298 -0.3320 
14.1590 -0.3798 0.9896 -0.5768 -1.5411 0.7204 -1.3539 -0.3621 -0.0190 0.2173 -0.4447 -0.2977 0.2626 
15.0484 -0.3307 0.9789 -0.5729 -0.8684 -0.0200 -0.6359 -1.5885 -0.1461 -0.3095 -0.0853 0.2190 0.2736 
13.9336 -0.2400 -0.0645 -0.4483 -0.8139 -0.5858 -0.7483 -0.4959 -0.3771 -0.3300 -0.9824 0.0040 0.4499 
14.7476 0.3068 1.9503 -0.6152 -1.3984 -0.8906 -0.7103 -0.9240 -0.3929 0.3575 -0.6597 -0.7175 0.3848 
15.0026 -0.1105 1.0119 -0.6545 -1.6971 -0.7485 -0.8379 -1.0967 -0.8250 0.2141 -0.1560 -0.3149 -0.2682 
13.3325 -0.8713 0.0924 -1.6496 -0.7549 -1.7908 -1.0486 0.0617 -0.6775 -0.0089 -0.7353 -0.6576 -0.4120 
14.6022 -0.8947 0.5536 -1.1927 -0.7887 -0.4674 -0.6467 -0.3835 -0.7258 -0.1299 0.3990 -0.1116 0.2273 
15.1340 -0.8306 0.1821 -0.7199 -0.3015 -0.7269 -0.7126 -0.4228 -0.8065 -0.2981 -0.5142 -0.2829 -0.1071 
14.1976 -0.2092 1.4918 0.4680 -0.6323 -1.2463 -0.7887 -1.2800 0.4469 0.1272 -0.3149 -0.2222 -0.1203 
13.7991 -0.6008 0.3451 -0.8393 -0.4928 0.1926 -0.4483 -0.3978 0.0041 0.0361 -0.2513 0.0660 0.2695 
24.0780 -3.1545 -3.7578 -0.5007 -1.7116 -0.1061 -0.3004 0.2615 0.5659 0.3622 -0.4818 -0.0421 0.3911 
20.4140 -0.8349 -2.0326 -0.2286 0.0611 -0.7326 -0.2398 -0.1958 -0.2372 0.3574 -0.1889 -0.6478 0.5192 
20.8152 -0.9928 -2.7651 0.0768 0.1294 -0.1772 0.3900 0.2056 -0.1144 -0.5134 0.5102 -0.7154 0.3481 
20.1216 -1.9520 -2.4776 -1.7889 -0.4313 0.2747 0.1579 -0.9463 -0.2341 0.3119 -0.5044 0.1577 -0.0847 
22.0946 -1.4009 -2.5906 -1.1847 -1.4156 0.3555 -0.6151 0.1606 0.7866 -0.0271 -0.1035 -0.3987 0.3603 
29.3352 1.8124 -5.0204 -3.1976 -1.5113 0.0099 -0.3939 1.7851 1.5350 -1.2361 -0.0320 0.1094 -1.0616 
30.6392 1.5400 -4.4835 -1.6185 -0.8236 -1.4542 -0.2168 2.1706 1.9862 -0.8461 -1.4040 0.3158 -0.2671 
30.4048 1.2419 -4.5666 -1.9787 -1.3238 -2.3991 -0.7721 2.5546 2.5372 -0.9233 -1.9924 0.2859 0.6143 
30.3451 1.2586 -5.3761 -1.5642 -1.5583 -1.8525 -0.4290 2.0726 2.9049 -0.3303 -1.7167 0.3211 0.7186 
30.8341 1.7903 -4.8463 -1.4708 -1.6277 -1.2497 -0.0988 1.2560 2.7613 0.3543 -1.3164 0.3187 0.9174 
29.4733 2.3524 -4.4950 -1.2091 -1.9533 -0.9203 -0.1732 0.9207 2.5584 1.0613 -2.1412 0.0820 1.2356 
30.0813 1.2023 -4.4713 -0.9104 -1.3946 -1.6707 -1.1856 1.1185 2.4454 0.9150 -1.9902 -0.0972 1.3200 
29.1842 -0.2640 -5.3879 -2.4948 -2.4235 -1.3190 -0.8688 0.6868 2.2061 1.2076 -1.7448 -0.1018 1.3272 
29.0107 -0.3586 -3.9656 -1.6561 -2.2801 -2.6006 -0.2719 1.3264 2.9780 0.0048 -2.4297 -0.0684 1.6162 
30.6440 -0.5740 -3.7716 -2.3273 -1.6838 -1.7462 0.1192 1.9747 2.0700 -0.4960 -1.0979 0.2260 0.2277 
29.7081 -0.6332 -3.7445 -2.2836 -1.8952 -1.4413 -0.0863 1.7112 1.9861 -1.2588 -0.6040 0.5178 0.5788 
26.5912 -1.9885 -2.4096 -2.9209 -1.5304 -0.2020 1.1526 2.2466 1.6720 -0.3136 0.1219 0.0778 -0.2067 
25.3506 -1.1714 -3.2783 -2.4415 -0.7321 -0.1568 0.0739 1.5479 0.7206 -0.9264 -1.0809 0.0073 -0.2912 
22.1585 0.2707 -3.4675 -1.7177 -0.7718 -1.5306 -0.6381 3.0871 1.9151 -1.5007 -1.0621 0.3646 0.8349 
22.8838 -0.0024 -2.6779 -1.2801 -1.1196 -1.4467 -0.5413 2.3324 1.1547 -1.0253 -1.7493 0.2093 0.5729 
20.5374 0.8241 -2.5421 -1.4563 -0.3315 -0.7021 -1.4143 1.0794 1.1391 -0.1436 -0.7065 -0.1054 0.0972 
19.0185 0.9875 -1.9052 -1.5070 -1.0694 -1.4925 -0.6165 1.6073 0.8024 -0.7391 -1.1175 -0.0874 1.0650 
17.1025 -0.9223 -1.1468 -1.9353 -1.2130 -0.8219 -0.6566 0.5095 -0.3530 -1.9761 -1.8489 -0.4442 0.6520 
16.6583 0.1618 -1.1786 -2.3457 -2.1614 -0.5479 -0.3004 1.0433 0.2819 -0.4751 -0.9858 -0.0009 0.5287 
15.0588 -0.7292 1.7379 -1.1429 -1.4038 -0.5260 0.6503 -0.0942 0.6707 -0.5580 -1.5124 -0.1193 0.9204 
14.1883 -0.9237 1.3662 0.2017 -0.9414 -0.9351 -0.8921 0.4013 -0.0282 0.0063 -0.2311 0.0726 -0.3867 
3.0177 -3.1088 1.4627 0.4300 -0.5475 -0.9534 -0.8780 0.3685 0.2505 0.2302 -0.2446 -0.1064 -0.3550 
-7.7251 -4.9956 1.4387 0.3724 -0.3615 -0.7516 -0.6163 0.4231 0.2639 0.2054 -0.2222 -0.0469 -0.1712 
-18.2995 -6.8025 1.2411 0.0865 -0.2526 -0.4927 -0.3630 0.4014 0.1621 0.1588 -0.1347 0.0544 -0.0768 
-28.9070 -8.6885 0.9635 -0.2829 -0.2334 -0.3543 -0.2177 0.3685 0.1112 0.1601 -0.0486 0.1319 -0.0179 
-39.5857 -10.6917 0.6084 -0.7369 -0.3389 -0.3704 -0.1766 0.3388 0.1158 0.2041 0.0431 0.2266 0.0778 
-50.1585 -12.5793 0.3765 -1.1198 -0.4723 -0.4924 -0.2528 0.2297 0.0477 0.1584 0.0172 0.2194 0.1039 
-60.2146 -13.7899 0.7930 -0.9460 -0.2061 -0.3546 -0.1660 0.2320 0.0298 0.1154 -0.0457 0.1828 0.1343 
-70.1520 -14.8763 1.3622 -0.5987 0.1984 -0.1128 -0.0191 0.2750 0.0390 0.1294 -0.0122 0.2998 0.3898 
-80.3137 -16.3258 1.6250 -0.4553 0.4558 0.0299 0.0386 0.2581 0.0204 0.1614 0.0238 0.3421 0.5275 
-89.1609 -16.1556 3.0458 0.2577 0.6928 -0.1656 -0.2595 0.0974 0.0692 0.3584 0.1533 0.2395 0.2015 
-95.3210 -13.5167 4.3985 -0.5315 -0.1176 -0.2940 -0.3059 -0.3648 -0.4053 0.4263 0.5319 0.4140 0.2296 
nan nan nan nan nan nan nan nan nan nan nan nan nan 
-98.8296 -3.9715 2.5767 -2.6787 1.0905 -0.4622 -0.3273 0.4452 -0.1602 0.7013 0.5068 -0.1119 0.3045 
nan nan nan nan nan nan nan nan nan nan nan nan nan 
-98.4580 0.0067 -1.5426 -0.0478 -0.3797 0.1028 0.2442 -0.0612 0.2916 -0.4616 -0.4841 0.1374 -0.0147 
-94.5634 -0.2580 -0.0703 -0.6302 -1.0013 -0.0914 0.3117 -0.6801 -0.4053 0.1002 -0.4458 -0.2965 -0.0068 
nan nan nan nan nan nan nan nan nan nan nan nan nan 
nan nan nan nan nan nan nan nan nan nan nan nan nan 
nan nan nan nan nan nan nan nan nan nan nan nan nan 
-85.3749 -0.2694 -1.6669 0.0679 1.3443 1.0673 0.5966 0.3018 -0.6174 0.5537 0.1495 -0.7623 -0.0807 
-82.8049 -0.4990 0.6558 -0.2729 -0.4161 1.2631 -0.2683 -0.8198 -0.0613 -0.3932 -0.3037 -0.1573 0.5655 
nan nan nan nan nan nan nan nan nan nan nan nan nan 
-77.9782 -0.3775 -1.0919 -0.4876 -0.4803 -0.4379 -0.1040 0.3480 0.1436 0.1489 0.0385 -0.3760 -0.3381 
-74.7942 0.4455 0.4458 0.2309 0.5378 0.6141 -0.2998 0.1304 -0.7616 -0.4423 -0.1090 0.1463 0.1964 
-72.6264 0.0741 0.9438 -0.0665 -0.4835 0.3560 1.6005 -0.4156 -1.6397 0.1596 0.5326 -1.3018 0.1122 
-69.6099 -0.7124 -1.4380 1.0641 0.5019 0.3728 -0.4882 -0.6702 -0.9010 0.2580 0.4624 -0.0165 -0.1524 
-67.9286 0.0796 -0.8219 -1.0243 0.6329 0.7424 -0.4339 0.4179 -0.1999 -0.3808 0.5701 -0.3784 -0.0359 
-65.2437 -0.5522 -0.0997 0.7900 0.6317 0.4882 -0.2832 0.7711 -0.3787 -0.6937 -0.2447 0.3720 -0.4746 
nan nan nan nan nan nan nan nan nan nan nan nan nan 
-58.3217 -0.4276 -0.4225 0.1115 -0.1029 0.0579 0.9469 0.1331 0.1264 0.5285 0.4376 0.0418 -0.2387 
nan nan nan nan nan nan nan nan nan nan nan nan nan 
nan nan nan nan nan nan nan nan nan nan nan nan nan 
-51.5433 0.0892 -0.7661 0.2297 -0.5873 -0.0500 0.5191 -0.1082 0.4552 0.1510 0.0861 0.3047 -0.7426 
-50.1492 -1.7800 -0.4702 0.4542 -0.9689 -0.5505 -0.2929 -0.5557 0.2573 0.2583 -0.0133 -0.1870 -0.6360 
nan nan nan nan nan nan nan nan nan nan nan nan nan 
-44.2236 -0.2717 -0.6744 -0.0035 0.0810 -1.7852 -0.3498 0.7927 -0.1566 -0.8672 0.0566 0.4623 0.7257 
-41.7154 -1.0712 -0.4968 -0.0960 -1.0855 -0.6392 -0.0080 -0.5820 -0.4687 0.1244 -0.8288 0.5310 1.0183 
-39.8880 -0.6170 0.0095 2.0077 1.0133 -2.4835 -0.3054 1.1592 0.9820 0.9914 -1.3190 0.8058 1.1741 
nan nan nan nan nan nan nan nan nan nan nan nan nan 
nan nan nan nan nan nan nan nan nan nan nan nan nan 
nan nan nan nan nan nan nan nan nan nan nan nan nan 
-28.9053 -0.7885 0.1444 -0.3805 -0.4855 -0.1822 0.2705 0.3283 0.6491 -0.3368 -0.9032 0.1887 0.8656 
nan nan nan nan nan nan nan nan nan nan nan nan nan 
-23.7162 -0.0687 -0.9096 0.4930 -1.0913 0.3808 -0.0268 0.9858 0.2199 -0.5922 -0.6827 -0.0918 0.6618 
nan nan nan nan nan nan nan nan nan nan nan nan nan 
