nan nan nan nan nan nan nan nan nan nan nan nan nan 
nan nan nan nan nan nan nan nan nan nan nan nan nan 
nan nan nan nan nan nan nan nan nan nan nan nan nan 
nan nan nan nan nan nan nan nan nan nan nan nan nan 
nan nan nan nan nan nan nan nan nan nan nan nan nan 
16.7191 0.5798 1.3650 1.0504 -1.4006 -0.7023 -1.3304 -0.4594 -0.0096 -0.2721 0.4538 -0.6180 0.1173 
14.5203 -0.0992 0.4309 0.3627 0.6835 0.2260 0.0817 -0.6434 -0.8779 -1.1125 -0.2534 0.1978 0.2569 
13.7437 -0.4444 0.7378 -0.4986 -1.5487 -1.1894 -0.2222 -0.5671 -0.3075 0.8657 0.0078 0.0634 0.0921 
11.1040 -2.1293 0.8213 -1.7075 -2.2290 0.1334 -0.2238 0.2615 1.0801 0.2283 0.3650 0.4139 0.6559 
11.7533 -1.4850 1.7980 -0.4251 -1.1812 -0.0088 -1.4784 -1.0476 0.2076 -0.0754 -0.7065 -0.1735 0.2572 
14.2236 -1.7000 1.0243 -1.0165 -0.7603 -0.1661 -0.8075 -0.1314 -0.5325 0.3743 -0.5013 -0.4978 0.1150 
17.6737 1.3962 1.9968 -1.0085 -0.3977 -0.7647 -0.7527 -0.3634 -0.5825 0.2042 -0.2440 -0.0411 0.4181 
14.7234 -0.2608 0.4519 -1.9053 -1.7669 0.5195 -0.0619 0.2590 -0.5229 -0.4168 -0.5189 -0.1006 0.0369 
15.6183 0.8124 0.2783 -0.6055 -1.0530 -0.1154 -0.6272 0.1274 0.5662 -0.8066 -0.8257 -0.1490 0.3678 
15.3213 -0.2688 0.7750 -1.1185 -0.5203 0.0909 -0.5593 -0.0783 -0.2412 -1.2918 -0.2063 -0.1305 0.3703 
13.9102 0.6117 -0.0222 0.5268 -1.5943 0.4660 0.0085 -0.4715 -0.7247 -0.7830 -0.7895 -0.2112 -0.3126 
14.5265 0.6561 0.0672 -2.3889 -1.0393 -0.1636 -1.5287 -0.4823 -1.0708 -0.7113 -0.3226 -0.5468 0.0155 
15.0405 -0.5764 1.0488 -1.1631 -1.3918 -0.0200 -1.1016 -0.2170 -0.3117 -1.1781 -0.2974 -0.4837 0.2326 
15.2793 0.1206 1.9580 -0.2210 -0.7271 -0.7323 -1.3697 -0.6147 -0.3060 0.3048 -0.0144 -0.4602 -0.1073 
15.2829 -1.6937 -0.3106 -0.9432 -0.8997 1.1208 -0.0638 -0.4289 -0.1670 -0.6128 -0.1228 -0.3559 -0.0448 
14.2425 -1.5598 0.6426 0.2324 -1.4659 -0.1096 -0.5801 -0.2520 -0.3331 -0.8286 -0.5242 -0.7115 0.3269 
15.2024 -1.1515 1.2392 -0.2075 -0.7628 0.2671 -0.6880 0.2098 -0.1404 -0.6089 -0.5903 -0.7855 0.5950 
15.6582 -0.6791 0.2717 0.0639 -1.4906 0.5623 -0.9495 -0.3780 -0.1018 -0.1595 -0.0086 -0.3298 -0.4234 
15.9245 -0.7183 0.8903 -1.0532 -0.8050 0.3735 -1.2047 -1.2131 0.0954 0.0538 -0.0366 -0.6973 -0.0935 
13.8866 -1.2169 0.1743 -0.4112 -0.7227 -0.7568 -1.4078 -1.1517 -0.9953 -0.2658 -0.4260 0.0135 -0.4037 
14.9424 -0.1534 -0.0049 -1.2137 -1.0125 0.8392 -1.4876 -0.3344 -0.4618 -0.6065 0.0949 0.4207 -0.8012 
20.7221 -1.1973 -1.6619 -0.9990 -0.8422 0.3025 -0.4808 -0.9252 0.1996 -0.2174 -0.2458 -0.2728 0.3865 
24.9708 -0.4510 -1.9299 -1.9949 -0.2453 0.2658 0.6032 -1.4702 0.2930 0.2445 -1.2327 -0.1513 -0.0601 
22.5765 -0.8540 -2.9729 -1.3984 -0.7155 0.3348 -0.0451 -0.8649 -0.5714 -0.6647 -0.6669 -0.2987 0.0896 
22.2689 -1.6240 -2.9717 0.0189 -0.4565 -0.3603 -1.0755 0.1269 0.0235 -0.7830 -0.0062 -0.7387 -0.3118 
22.6319 -2.9083 -3.7816 -1.6163 -1.6818 0.4778 -0.6437 -0.9068 -0.0616 -0.6358 -0.4459 -0.4974 -0.0378 
28.9187 2.5828 -4.8096 -1.7877 -1.3561 -0.7209 0.1163 0.5654 0.4169 -0.2426 0.3537 0.2317 -0.0265 
29.9360 1.7600 -4.7643 -2.5104 -0.8790 -1.5854 0.0165 2.6297 2.1482 -0.3311 -0.9545 0.4148 -0.0564 
31.5326 2.0206 -4.9076 -2.0005 -1.0614 -1.2727 -0.1515 2.0424 2.1432 -0.0491 -1.1964 0.7122 0.2851 
30.8448 2.1815 -5.1070 -1.5799 -1.5041 -1.8838 -0.2252 1.1459 2.7156 -0.4348 -1.5602 0.2736 0.5077 
30.3572 1.2845 -5.1058 -2.3558 -1.5450 -1.4120 -0.5474 1.5351 2.4308 0.6961 -1.3869 0.2684 0.9992 
30.8044 1.4388 -4.3621 -1.4070 -1.3120 -1.3736 -0.7013 1.1353 2.6601 0.8986 -1.6660 -0.0226 1.4325 
30.7137 1.2769 -5.2364 -1.0048 -1.3111 -1.1347 -0.5977 1.4198 2.5949 0.9480 -1.6528 0.0440 1.1338 
29.4602 0.8123 -5.0780 -1.7999 -1.5412 -1.2766 0.3587 1.8641 3.4283 0.9033 -1.5032 0.1802 1.3480 
29.9333 1.0324 -3.6482 -2.6670 -1.7305 -1.3553 0.1217 2.0122 2.3173 -0.6030 -0.7797 0.3784 0.1590 
30.0418 0.6097 -4.0790 -3.2911 -0.6684 -1.7803 -0.3197 2.6955 2.4138 -0.8053 -0.7403 0.5193 0.2586 
29.6791 0.3560 -3.3046 -2.4218 -1.0065 -1.1454 -0.0183 2.2701 1.5418 -1.4037 -1.0947 0.6641 -0.1014 
29.3144 -1.5811 -2.9966 -3.1196 -0.7342 -0.3154 0.6247 2.1139 0.6695 -0.9227 0.2633 0.0456 0.1508 
26.2083 0.4375 -3.4101 -2.4178 -0.8853 -0.0309 0.9188 1.6806 0.3942 -1.1173 -0.9873 0.3684 -0.3095 
23.1278 0.3604 -3.4741 -2.1583 -1.2359 -0.7797 0.2905 3.0275 0.9467 -1.7818 -1.0230 -0.3652 0.0596 
23.2613 0.1920 -3.4397 -1.2550 -1.1380 -2.1886 -1.4027 1.7901 1.2425 -1.1427 -1.2985 -0.2346 0.7903 
21.8792 1.5010 -2.3502 -2.5432 -1.4221 -1.0797 -0.8216 1.4193 0.4418 -0.7359 -1.0734 -0.1725 0.3863 
20.5735 0.6259 -2.1717 -1.8765 -0.6266 -1.2562 -0.6701 0.9054 0.1011 -1.0495 -0.7245 0.1103 0.4577 
18.7901 1.6109 -0.5635 -2.4048 -1.5808 -0.9294 -0.7520 1.8483 0.8843 -2.1717 -1.4906 -0.4265 0.8897 
18.9025 0.2118 -1.0228 -2.2539 -0.5725 -0.1770 -0.5751 0.7097 -0.2454 -1.3855 -0.9527 0.4491 -0.0059 
16.6234 -0.8188 -1.2465 -1.6952 -1.4638 -0.9715 -1.3206 -0.3666 0.2634 -1.0841 -1.1785 -0.5044 0.7291 
16.8540 -1.3860 -0.6393 -0.9443 0.3587 0.3632 -0.5854 0.2174 0.5797 -1.3451 -1.4648 0.3505 0.1483 
16.0148 -1.9161 -0.7603 -0.5508 0.2372 0.5143 -0.5549 0.3326 0.6514 -0.6442 -0.9693 -0.0753 0.0535 
16.6759 -0.5879 0.1049 -1.1155 -1.0843 -1.0323 -0.9949 -0.3114 0.2587 -0.6310 -0.8170 -0.2439 0.2720 
14.8851 -0.5467 -0.0150 -1.7943 -1.0075 -0.4990 -0.9258 -0.3790 -0.9278 -0.9549 -0.3358 -0.5468 -0.4410 
14.4985 -1.6972 0.7192 -1.0758 -0.2090 0.9402 -0.1008 -0.1145 0.6332 -0.3410 -0.0675 0.1074 -0.6063 
3.5699 -3.5386 1.0785 -1.2382 -0.2885 0.9978 -0.0709 0.0038 0.8330 -0.2243 -0.0649 0.2419 -0.4820 
-7.1678 -5.3503 1.3189 -1.4730 -0.3943 1.0723 -0.0590 0.0087 0.9947 -0.1272 -0.1259 0.3441 -0.3144 
-17.6906 -7.1977 1.3952 -1.6838 -0.6502 0.9857 0.0071 -0.1198 1.0420 0.1200 -0.1754 0.4117 0.0532 
-28.0254 -9.0117 1.3808 -1.8598 -0.9413 0.7817 0.0646 -0.2984 0.9817 0.3692 -0.1876 0.4425 0.3986 
-37.9819 -10.5353 1.4785 -1.7846 -1.0442 0.4884 0.0716 -0.4656 0.6640 0.3087 -0.2787 0.2377 0.3252 
-47.7357 -11.8908 1.6606 -1.5621 -0.9769 0.2778 0.1841 -0.4559 0.4400 0.3115 -0.1994 0.1346 0.2347 
-57.3140 -13.0472 1.9891 -1.2224 -0.7544 0.2233 0.4228 -0.2741 0.4321 0.5372 0.1471 0.3147 0.3821 
-66.2825 -13.4460 2.8888 -0.5123 -0.3086 0.2112 0.4952 -0.3714 0.0670 0.3225 0.0477 0.0977 0.1864 
-74.9869 -13.6198 3.7588 -0.0329 -0.1163 0.0263 0.5062 -0.3911 -0.1754 0.1814 0.0057 -0.0706 -0.0241 
-83.5405 -13.7524 4.4067 0.0918 -0.1886 -0.2521 0.5701 -0.2385 -0.2599 0.1115 0.0759 -0.0215 -0.0640 
-92.4407 -14.3298 4.8489 0.2486 -0.2327 -0.7351 0.3429 -0.1219 -0.2135 -0.0022 -0.0317 0.0378 0.1695 
nan nan nan nan nan nan nan nan nan nan nan nan nan 
nan nan nan nan nan nan nan nan nan nan nan nan nan 
nan nan nan nan nan nan nan nan nan nan nan nan nan 
-98.6980 -1.2992 0.1742 -1.0884 -0.1615 -1.0100 0.0397 0.0196 0.1640 0.0502 0.2866 -0.2599 0.0018 
nan nan nan nan nan nan nan nan nan nan nan nan nan 
nan nan nan nan nan nan nan nan nan nan nan nan nan 
nan nan nan nan nan nan nan nan nan nan nan nan nan 
nan nan nan nan nan nan nan nan nan nan nan nan nan 
-inf -inf -inf -inf -inf -inf -inf -inf -inf nan nan nan nan 
nan nan nan nan nan nan nan nan nan nan nan nan nan 
nan nan nan nan nan nan nan nan nan nan nan nan nan 
-78.9798 -1.1132 -1.1857 -0.2092 -0.5506 0.7488 0.9494 0.0269 0.2601 0.3267 1.2660 1.1403 0.3071 
nan nan nan nan nan nan nan nan nan nan nan nan nan 
nan nan nan nan nan nan nan nan nan nan nan nan nan 
nan nan nan nan nan nan nan nan nan nan nan nan nan 
nan nan nan nan nan nan nan nan nan nan nan nan nan 
nan nan nan nan nan nan nan nan nan nan nan nan nan 
nan nan nan nan nan nan nan nan nan nan nan nan nan 
-60.4593 0.3759 0.3447 0.3341 -1.0847 0.0592 0.0948 -0.5560 -0.7668 0.0677 0.6590 0.4735 0.0927 
nan nan nan nan nan nan nan nan nan nan nan nan nan 
-55.2587 0.6126 -0.2598 -0.1111 -0.8649 0.2797 0.7507 0.3994 -0.5818 -0.4916 0.5087 0.1151 -0.5933 
nan nan nan nan nan nan nan nan nan nan nan nan nan 
-50.4012 -0.7063 0.6394 -0.8044 -1.0350 0.0131 0.1710 -0.5215 0.1310 0.6431 -0.4513 -0.4736 0.7118 
nan nan nan nan nan nan nan nan nan nan nan nan nan 
-45.9942 0.3084 0.5092 1.1708 0.1511 -1.3033 0.3231 0.6392 -0.0716 -0.9647 -0.4431 0.3316 0.2829 
nan nan nan nan nan nan nan nan nan nan nan nan nan 
-inf -inf -inf -inf -inf -inf -inf -inf -inf nan nan nan nan 
nan nan nan nan nan nan nan nan nan nan nan nan nan 
-34.5343 1.2844 0.1364 0.3168 -0.2555 -0.6741 -0.0037 -0.0424 -0.6058 0.0127 0.7372 0.0549 -0.3152 
nan nan nan nan nan nan nan nan nan nan nan nan nan 
nan nan nan nan nan nan nan nan nan nan nan nan nan 
nan nan nan nan nan nan nan nan nan nan nan nan nan 
nan nan nan nan nan nan nan nan nan nan nan nan nan 
-21.1253 1.0955 -0.0117 1.1717 0.9289 -0.2386 0.2581 0.6696 -0.1740 -0.8284 -1.1402 -0.3205 1.6493 
-inf -inf -inf -inf -inf -inf -inf -inf -inf nan nan nan nan 
nan nan nan nan nan nan nan nan nan nan nan nan nan 
nan nan nan nan nan nan nan nan nan nan nan nan nan 
nan nan nan nan nan nan nan nan nan nan nan nan nan 
nan nan nan nan nan nan nan nan nan nan nan nan nan 
-6.7994 0.1290 0.4947 0.7358 0.9406 0.9386 0.1680 0.0299 -0.0225 0.0780 -0.6540 0.0431 0.6830 
-1.8601 -0.5493 -0.2267 -0.0622 -1.0002 -1.0823 0.1019 0.5505 -0.1749 0.3429 -0.1411 -0.5117 -0.6495 
nan nan nan nan nan nan nan nan nan nan nan nan nan 
nan nan nan nan nan nan nan nan nan nan nan nan nan 
nan nan nan nan nan nan nan nan nan nan nan nan nan 
