16.7423 0.3309 -0.5641 0.0361 -0.4186 -0.7652 -0.3766 -0.4159 -0.0211 -0.1137 -0.4054 0.0007 -0.1618 
16.0440 -0.3220 -1.2905 -2.3044 -1.0230 -0.5674 0.5352 0.5827 -0.1028 1.0957 0.2431 -0.1400 0.0548 
17.6607 0.8466 -1.2892 0.1727 -1.4680 -0.4538 -0.7990 -1.1032 -0.1196 0.3514 0.2243 -0.1420 0.0591 
18.2296 0.7418 -0.8193 -0.4161 -0.4981 -0.5460 -1.3493 -0.0984 -0.5207 0.2569 -0.3871 -0.0332 0.0069 
16.4756 0.3339 -0.0355 0.9831 -0.9521 -0.7924 -1.3210 -1.3652 0.8451 -0.1185 -0.5079 -0.1161 0.2630 
17.7861 0.5685 -0.5168 -0.7130 -0.6190 -0.0190 -0.9091 -0.4428 0.3498 0.4416 -0.2662 -0.7726 -0.1092 
17.8411 0.8418 -0.5585 -0.4594 -0.4980 -1.4996 -0.0493 -0.2375 -0.3748 -0.1862 -0.8071 -0.5925 0.1916 
18.0453 0.8317 -2.1213 -1.2531 -1.0755 -1.1531 0.1644 -0.2350 0.3151 0.7166 -0.0195 -0.5076 0.7636 
19.5768 1.5469 -0.5902 -1.8152 -1.2528 -1.7925 -0.3978 -0.6070 0.1340 0.4209 -0.6430 -0.4075 -0.0116 
18.8731 1.2967 -0.8066 -0.7236 -1.4501 -0.4944 1.3984 -0.5503 0.2072 -0.0233 -0.2129 -0.4035 -0.5570 
17.8307 -0.0020 -1.5885 0.1609 -0.4715 -0.9238 0.0443 -0.1786 -0.0834 -0.8544 -1.1127 -0.1150 0.3457 
18.8391 0.8572 -1.2636 -0.7319 -1.4313 -0.4078 -0.4645 0.0239 0.2869 -0.9617 -0.7481 0.1837 -0.2524 
17.3379 -0.1318 -3.1378 0.0354 -1.4802 -1.5211 -0.6773 0.3173 0.1011 0.0063 0.0396 -0.1503 0.3779 
17.6877 -0.0662 -1.7241 0.0306 -0.6370 -0.4991 0.7262 -0.9476 0.4691 0.2412 0.2656 -0.1674 -0.2062 
17.4570 1.5547 -1.2906 0.4468 -0.8444 -0.8851 -0.4969 -0.9065 0.4657 -0.0338 -0.1686 -0.4916 0.0730 
16.9648 0.0206 -0.0973 -1.5142 -0.1133 -0.0141 0.2075 -0.0628 0.2350 -0.5756 -0.4445 -0.4664 -0.2577 
17.7159 0.6781 -1.4215 -0.8841 -1.7146 -0.6669 -0.1407 -0.1056 0.6443 -0.2175 -0.9522 -0.4551 0.2837 
18.0289 1.1456 -1.7532 -1.0534 -1.7732 -0.8725 0.8290 0.2177 0.2044 0.1581 -0.3479 -0.5021 0.1925 
17.7190 0.1205 0.1124 -0.6985 -0.9375 -0.6580 -0.6492 0.1016 0.0307 -0.0574 0.4031 0.2917 0.4736 
17.4290 -1.0330 -0.7608 0.1614 -1.4405 0.0980 1.0359 0.3121 0.5070 0.5465 0.0430 -1.0620 -1.0249 
17.0973 -0.8427 -1.4299 0.0335 -2.1557 -0.8658 -0.0359 -0.9899 -0.8275 0.1426 -0.2952 -0.8428 -0.3821 
17.0018 -1.7022 -1.7271 -0.7001 -1.0682 -0.7658 0.5177 0.1834 -0.4240 0.5983 0.4897 0.2174 0.0769 
16.6821 -1.9185 -1.6074 -0.8942 -1.0971 -0.1464 0.0847 -0.0574 0.2201 0.6850 0.1589 -0.5721 -0.5828 
17.4948 -0.6981 -2.6177 -1.0979 -1.1562 -1.2658 -0.9608 -0.5585 -0.5324 0.1219 -0.7293 -0.3336 -0.2933 
16.5892 -2.1783 -2.1858 -0.4839 -0.5784 -0.9101 -0.1840 -1.6908 -0.8389 -0.2551 -0.6916 -0.6087 -0.1086 
18.1338 -1.2515 -1.5478 -0.4575 -1.2043 -0.7919 0.6272 0.3275 -0.6096 -0.4730 -0.4576 -0.4165 0.2417 
15.6754 -2.4248 -0.8193 -0.1243 -1.5542 -1.4094 0.3842 -0.6014 -0.1279 0.2115 -0.1187 -0.4191 -0.4672 
17.1367 -0.6472 -0.9816 -0.6668 -0.8623 -0.2283 -1.1326 -0.9289 0.7182 -0.8623 -0.0404 -0.1025 0.3888 
16.4417 -2.1421 -1.9695 -1.1470 -1.2224 -0.3975 -0.4159 -0.5512 0.2475 -0.1812 -0.4275 0.0154 0.8888 
16.1079 -1.2488 -0.4970 1.2410 0.5195 -0.7923 -0.4559 -1.1573 -0.4824 0.1991 -0.0784 -0.0458 0.3265 
17.2817 0.9499 -1.3693 -1.0754 -0.8467 -0.7884 0.2361 -0.1121 -0.8373 -0.2049 -0.4741 -0.1792 -0.1340 
18.1389 -0.1863 -0.8107 -0.4761 -0.4078 -0.6859 -0.0694 -0.0408 -0.7943 -0.0783 -0.5829 0.2606 0.0041 
17.7458 -0.1107 -1.0319 -0.3523 -0.8609 -0.9885 0.3106 -0.1614 -0.0357 0.2396 -0.7807 -0.2976 0.2962 
15.8294 -0.7931 -0.5323 0.6811 -0.4571 -0.9211 -0.1415 -0.7187 -0.5377 -0.0305 -0.9345 -0.6099 0.4088 
17.5266 -0.0852 -0.9956 -1.2934 0.1640 0.0854 -0.3938 -0.0805 -0.4621 0.7405 -0.3605 -0.4820 0.2265 
17.8514 -0.1426 -0.9443 -0.5132 -1.5650 -0.1503 0.0211 0.4574 0.2018 0.7293 0.4115 0.1205 -0.6125 
19.5303 1.1991 -1.7291 -0.9637 -0.5941 -0.1935 0.0509 -0.5583 -0.0646 0.5466 -0.2771 0.4264 0.2974 
17.1056 -0.1524 -0.9917 -1.6370 -2.1473 -0.0685 0.9443 0.1593 0.3111 0.1441 -0.0090 -0.7042 -0.6397 
17.6346 -1.0607 -1.6398 -1.0818 -1.2165 -1.6989 -0.0932 0.3576 0.2131 0.6453 -0.0643 -0.6956 0.4653 
18.5141 0.4797 -1.2596 -0.9229 -1.4722 -0.3317 -0.2287 -0.0995 0.2243 -0.2351 -0.4575 -0.1695 -0.3125 
18.0653 0.6952 -1.7467 0.2623 -1.0541 -0.5853 0.8213 -0.2862 -0.3274 0.1297 -0.4016 -0.4657 -0.3814 
18.0832 1.2586 -1.4682 -1.8105 -0.7423 -0.3439 -1.0104 0.0900 -0.4759 -0.4089 -0.3986 -0.5402 -0.1936 
17.7624 -0.6753 -0.9428 -0.9772 -0.8574 -0.9179 0.2898 0.3290 0.2094 -0.1210 -0.8974 -0.3484 0.0593 
16.3446 -0.1258 -0.7820 -1.7260 -1.7394 -0.0643 0.6920 -0.0220 0.1219 -0.0062 -0.0831 -0.3070 0.2920 
17.4700 1.1026 -0.4259 -1.2786 -1.0942 -0.7490 0.1219 -0.7319 -0.3024 0.4411 -0.8174 -0.2758 0.2031 
17.9792 0.1737 -0.1764 -0.0309 -0.6924 -0.1576 -0.0190 -0.0667 -0.2709 -0.4720 -0.5295 -0.4998 0.5021 
19.0338 1.0958 -0.5549 0.0124 -1.4017 -1.2467 0.0351 0.6141 0.6685 -0.3662 -1.3997 -0.4001 0.7869 
17.7256 0.4462 -1.3650 -1.3774 -1.0587 -0.8161 -0.7080 -0.5006 0.3938 -0.0578 -0.1658 -0.6921 -0.0001 
16.4662 0.0108 -1.3290 -0.5547 -1.7168 -1.2508 -0.3613 -0.7513 0.2729 0.3929 -0.1966 0.0118 -0.3869 
18.8019 0.4759 -2.1075 -1.1618 -0.8962 -0.8365 0.0984 -1.0665 -0.1337 0.5306 0.1222 -0.3098 -0.5855 
16.8510 -0.4342 -1.4510 0.4625 -0.3230 0.2199 0.3053 0.1831 0.2404 0.1716 -0.5407 -0.9757 0.2560 
18.0860 1.2067 -1.2389 0.1514 0.2841 -1.7633 -0.8724 -0.4172 0.1614 0.0592 -0.2999 -0.6648 -0.0301 
18.0175 1.4254 -1.5309 -1.1076 0.8603 -1.0782 -0.6873 0.0054 -1.3670 -0.4324 0.5510 -0.8461 0.2610 
18.4555 0.3986 -2.1107 -0.7672 -0.5888 -0.3445 0.8702 0.5067 -0.3315 0.3203 -0.0054 -0.6620 -0.8143 
18.7845 0.5971 -0.7244 -0.8178 -0.0987 -0.9242 -0.6336 -0.1737 -0.0206 -0.1627 -0.0812 -0.3221 0.0604 
17.4070 -0.4425 -2.2557 -1.1116 -2.3152 -1.1808 1.2430 0.4532 -0.0763 0.1387 -0.3464 -0.2569 -0.0057 
17.6972 -0.0342 -1.0607 -1.0162 -1.2997 -1.7083 -0.0336 0.6369 0.8290 -0.2222 -0.2299 -0.4411 0.4754 
18.3582 0.4331 -0.5524 -0.4470 -1.2323 -0.8969 0.7920 -0.0909 0.3264 -0.5389 -0.5017 -0.2036 0.0016 
17.9467 1.1747 -0.3600 -0.9286 -1.8783 -1.0929 0.5046 -0.5467 -0.4651 -0.5025 0.0540 -0.0810 -0.5029 
16.9309 0.8037 -1.1421 -0.3273 -0.9228 0.9030 0.4141 -0.4920 -0.3269 -0.5723 -0.4593 -0.8221 0.1383 
18.2963 1.3153 -0.2303 -0.9869 -1.0711 -0.2596 -0.4491 -0.8099 -0.4849 -0.2014 0.3863 -0.1882 -0.1117 
17.5745 -0.0140 -1.2671 -0.3964 -0.4902 -0.3864 -0.0770 0.2549 0.1104 -0.1438 -0.2630 -0.0085 0.0362 
17.2451 -0.0414 -1.0777 -1.0936 -0.8085 -0.3800 -0.2538 -0.7731 -0.1977 0.0673 -0.3451 -0.0628 0.0773 
18.3008 1.6193 -1.2630 -1.6849 -0.5646 -0.6952 -0.2701 -0.0717 -0.6193 0.1133 -0.3820 -0.2790 0.0128 
17.3623 1.7706 -0.4006 -0.5786 -0.8117 -0.8589 -0.8007 0.1922 0.1666 -0.5331 -0.5676 -0.0176 0.0169 
16.6140 0.7733 -1.9272 -1.4342 -1.2026 -0.2911 0.1124 0.1866 -0.2156 -0.1309 -0.7547 -0.5608 -0.4215 
16.6243 0.6703 -0.0631 -1.0748 -1.6590 -1.1121 -0.2362 0.4658 0.3596 -0.6028 -0.1764 -0.3001 0.0759 
17.0619 0.2459 -0.6401 -1.8091 -1.6912 -0.5694 -0.1879 0.7990 -0.2745 0.0272 -0.5639 -0.2455 0.1238 
18.1957 -0.0396 -0.8927 -0.6489 -0.2992 -0.2048 0.2135 -0.3749 -0.0528 -0.7776 -0.2725 -0.3812 -0.0656 
17.3839 0.5008 -1.1318 -1.7177 -0.4646 -0.3879 -0.2274 -1.2112 0.7300 -0.8767 -1.0429 -0.1317 -0.3882 
17.6278 0.9124 -1.7190 -0.9330 -0.4427 0.5756 -0.2261 -0.6428 0.1646 -0.8850 -0.4384 -0.1788 -0.1679 
19.4908 0.0532 -0.2571 -0.0960 0.3556 0.1588 0.3220 0.0709 -0.1500 -0.3489 -0.3793 -0.3757 0.0415 
26.2205 -2.0006 -3.3316 -0.1047 1.0743 -0.2767 0.9976 -0.8390 0.6558 -0.1421 -0.5365 -0.2520 0.0233 
24.6792 -2.2371 -4.4593 -1.7074 0.8869 -0.0435 1.0962 -0.7325 0.7289 0.0519 0.1354 0.7133 0.0315 
24.9407 -1.0383 -3.9340 -1.3030 0.2487 -0.8513 -0.0755 -0.7426 0.0713 -0.5216 -0.7338 -0.2283 -0.2612 
24.8108 -0.2305 -4.1100 -1.0375 0.8520 -0.3119 -0.1992 -1.3191 0.3171 -0.1993 -0.2213 -0.3045 0.3458 
22.9023 -1.0230 -3.3642 -0.4352 0.8526 -0.5277 0.0003 -0.8159 0.6927 -0.0884 -0.5103 -0.2330 -0.1197 
23.3943 0.7554 -3.4172 -1.4282 -0.1144 -0.8842 -0.4892 -0.2570 -0.2627 -0.5699 -0.0949 0.0095 -0.0415 
22.6144 -1.3012 -3.8676 -1.0307 2.0476 -0.6455 -0.4411 0.1300 0.5877 -0.6295 -0.1433 0.7009 0.8618 
22.3607 -1.6285 -3.9432 -1.0292 0.2717 -1.0763 0.0467 0.1389 1.4887 1.3831 0.2684 0.6306 0.2983 
24.2495 1.5250 -4.2184 -1.9210 1.1899 -1.2463 -0.5580 -0.6041 0.1009 -0.1036 -0.9089 -0.0900 0.0309 
23.8928 -0.3105 -3.6272 -1.3682 0.2764 0.0718 -0.6605 -1.1461 -0.6762 -0.8396 -0.3524 -0.1364 0.1584 
25.7502 3.0169 -1.4738 -0.6371 -0.7401 -1.0111 -0.7847 -0.8868 -0.3903 -0.0018 0.3630 -0.2774 0.1764 
29.8434 3.9515 -3.2000 -2.6183 -0.5837 -2.1659 -1.0893 -0.6703 -1.2227 -0.5317 -0.1164 0.2482 -0.2871 
30.8467 3.8114 -3.8476 -2.1576 -0.1981 -0.9453 -1.8285 0.0034 -0.2525 -1.2327 -1.6814 -0.2014 0.5131 
32.1558 3.9383 -4.1379 -2.4678 0.6810 -0.9281 -0.6017 -0.7118 -0.2500 -0.8951 -0.5064 -0.5782 0.0346 
32.8157 2.9560 -4.2472 -2.4477 -0.0856 -0.7289 -1.0815 -0.7783 -0.7640 -0.8195 -0.9212 -0.5279 -0.3885 
33.0091 2.3011 -4.1064 -3.0638 0.5284 -1.3625 -0.7361 -0.8323 -1.1061 -0.4166 -1.2978 -0.6227 -0.4175 
33.3326 1.8712 -4.2984 -2.8429 0.1019 -0.6169 -1.1731 -0.5213 -0.9148 -0.5770 -1.1181 -0.6741 -0.6172 
33.8552 2.0911 -3.9380 -2.4508 0.3234 -0.2254 -0.3416 -0.4991 -0.1366 -0.4195 -0.5463 -0.4042 -0.4519 
33.2737 1.8209 -4.6125 -2.2865 0.3673 0.0174 -0.2014 -0.7537 -0.5485 -0.6678 -1.1011 -0.7787 -0.3274 
33.6527 1.9511 -4.5204 -2.6154 0.5452 -0.4135 -0.3491 -0.6191 -0.3319 -0.5974 -0.8370 -0.6021 -0.5431 
34.4510 1.8038 -4.2636 -2.3833 0.5292 -0.2603 -0.2799 -0.2400 -0.1337 -0.3355 -0.3471 -0.5581 -0.2218 
34.6180 1.7044 -4.3693 -2.2597 0.6113 -0.0854 -0.3342 -0.1515 -0.2731 -0.2096 -0.4463 -0.3507 -0.2363 
34.0371 0.9788 -4.7347 -2.0900 0.5258 0.2532 -0.6883 -0.5500 -0.6810 -1.1095 -0.8819 -0.7600 -0.4957 
34.1293 1.7235 -4.5608 -1.6603 0.5615 -0.0133 -0.5820 -0.5511 -0.1055 -0.4577 -0.3777 -0.6818 -0.5170 
34.0142 2.2469 -4.8778 -1.7467 0.3789 0.1034 -0.7719 -0.0846 -0.3317 -0.1795 -0.1821 -0.5681 -0.3597 
34.0959 1.8199 -4.8877 -1.9480 0.7121 0.0567 -0.4053 -0.3518 -0.3480 -0.4442 -0.3696 -0.4882 -0.3244 
33.8950 1.1481 -4.6527 -2.1377 0.8866 0.1782 -0.7762 -0.6517 -0.7067 -1.0303 -0.8015 -0.5865 -0.4911 
34.0677 1.3312 -4.0905 -2.0995 0.8318 -0.0390 -0.9552 -0.5155 -0.2042 -0.3619 -0.3331 -0.6204 -0.7445 
34.1217 1.4482 -3.7513 -2.4484 0.7898 0.0436 -0.7273 -0.2707 -0.3213 -0.2616 -0.3188 -0.4216 -0.4733 
33.2499 1.4309 -3.7766 -3.0314 0.8016 -0.2351 -0.3326 -0.6901 -0.3920 -0.7711 -0.6739 -0.5901 -0.3232 
32.9662 0.6485 -3.6830 -3.2181 0.7711 -0.0488 -0.1955 -1.0191 -0.8432 -0.7898 -1.3868 -0.9444 -0.0899 
32.4704 1.3872 -3.0962 -3.2109 0.8153 -0.8728 -0.5826 -0.2137 -0.4744 -0.6169 -0.9547 -0.3881 -0.1774 
32.4954 0.6137 -2.5953 -2.6321 -0.2393 -1.2408 -0.6736 0.1231 -0.7657 -0.9352 -1.3251 0.1135 -0.3465 
32.2306 1.5106 -2.6679 -1.7559 -0.8720 -0.8308 -0.7718 -0.2746 -0.1271 -1.1867 -0.8248 0.0376 -0.1478 
31.9482 1.4023 -2.2776 -1.6660 -0.8469 -0.0583 -1.6909 -0.6702 -0.9548 0.0794 -1.2989 -0.1230 0.2140 
29.5122 0.8856 -1.6163 -2.7369 -1.1693 -1.1276 -3.2567 -1.4417 -0.7065 -1.2074 -0.6866 -0.3244 -0.9171 
29.3304 1.8705 -0.8105 -1.0573 -2.1061 -1.0711 -1.6652 -0.5509 -1.1084 -0.8277 -0.4144 0.1279 -0.2011 
28.6739 2.5661 -1.0251 -1.6740 -0.9704 -1.3620 -1.5318 0.0558 -1.6111 -0.3927 -0.1163 -0.3242 -0.0597 
28.2298 2.7774 -1.9522 -1.7571 -0.9557 -0.4600 -0.9350 -1.1827 -0.2195 -0.4322 -0.6316 -0.2403 0.2953 
26.9621 2.4644 -2.3578 -2.2403 -0.2266 -1.2486 -0.6005 -1.4840 -0.1385 -0.2920 -1.7080 0.2832 0.0156 
26.4723 2.5194 -1.9666 -2.4002 -0.6240 -0.8478 -1.0683 -1.2863 -0.5484 -0.3937 -1.0290 -0.1907 0.0740 
23.9194 3.0438 -1.7839 -1.0979 -0.2978 -0.4509 -1.0320 -1.5058 -0.7744 0.3729 -0.5205 -0.1364 0.0273 
24.6230 1.3699 -3.3225 -1.2552 -0.3072 -1.6278 -1.6181 -1.7943 -0.5372 0.0235 -0.2498 -0.8855 -0.2662 
23.6083 0.9293 -1.7143 -1.2277 0.5577 0.2248 -0.6667 -1.2361 -0.2799 0.2605 -0.6404 -0.8180 0.5166 
22.3059 0.5030 -2.1897 -1.2323 -0.0885 0.3355 0.2189 -0.3829 1.1637 0.0970 -0.5862 -0.8431 -0.3929 
22.3761 0.5085 -1.8716 -0.0188 0.0390 -1.0348 -0.7308 -0.3710 -0.2964 0.3981 -0.3658 -0.1833 -0.3360 
21.5945 -0.1290 -1.7529 -0.2796 0.2151 0.0789 -0.4622 -1.3472 -0.8281 0.5282 0.3832 -0.2421 0.5070 
20.9908 -0.4768 -1.1275 -1.0847 -0.7487 -0.5181 -0.3920 -0.9291 -0.0575 0.0191 -0.5651 -0.7445 -0.3050 
19.6545 0.3918 -0.8234 -0.8967 -1.9441 -0.9470 -0.3474 -0.1520 0.0838 0.6758 -0.9491 -0.1026 0.1635 
21.7101 -0.4038 -2.6595 -1.9096 -1.7397 -0.8356 -0.9266 -1.0649 -0.4275 -0.0407 -0.5462 -0.3312 -0.1611 
20.3727 -0.3675 -1.9744 -0.9872 -1.3743 0.0366 -0.2085 -0.7247 -0.4762 0.1305 -0.6181 -0.2180 0.2105 
18.9312 -0.3951 0.3118 0.1324 -0.9185 -0.9885 -0.4199 -0.3008 -0.1335 -0.0460 0.7184 -0.6252 0.1854 
21.1259 0.2429 -0.0450 -1.1785 -0.7026 -0.7299 -0.7934 -0.3221 0.3277 -0.5013 0.1876 -0.2627 0.1200 
19.9743 -1.0391 -2.2131 -1.5588 -1.4190 -0.5513 0.5707 0.5721 0.0696 0.1756 -0.0086 0.1433 -0.0382 
20.5908 -0.8291 -1.2281 -1.2293 -0.5235 -0.8224 -0.0413 -0.3902 -0.3629 0.3800 -0.4115 -0.3410 -0.3562 
20.5243 0.1384 -1.5375 -1.0897 0.0528 0.0123 0.0564 -0.9405 -0.6949 -0.1299 -0.3632 -0.0028 0.1134 
21.2442 -0.5919 -1.2973 -1.4161 -0.8029 0.0936 -0.0794 -0.3296 0.1885 -0.4284 -0.0219 -0.2800 -0.0832 
19.7695 -0.0283 -1.7031 -0.1993 -0.5885 -1.2249 0.8580 -0.8827 -0.7138 0.0247 -0.4164 0.1944 -0.1942 
19.7476 0.2504 -0.4107 0.0487 -1.5470 -0.8753 -0.8001 -0.4196 -0.5720 -0.0770 -0.5382 0.3537 -0.2069 
19.6846 0.4539 -0.2365 -0.2202 -1.8098 1.0367 -0.3964 -0.3241 0.0984 0.0152 0.3536 0.2294 -0.6086 
20.4357 -0.1487 -2.2338 -0.9744 -0.6803 0.4561 -0.0048 -0.3788 -0.1720 0.1503 0.5898 -0.0569 0.7057 
19.5028 0.5559 -1.3882 -0.5507 -0.4885 -1.5440 -0.5460 -0.2052 -0.1189 -0.8648 -0.4576 0.4613 -0.2869 
19.8728 0.3006 -0.9917 -0.3066 -0.8774 -1.4005 -0.2832 -0.5343 0.0252 -0.0811 0.0329 -0.5500 -0.2837 
19.4724 0.4446 -0.4073 -0.1376 -0.2238 -0.3861 -0.3000 -0.9169 -0.1637 0.4591 -0.3087 -0.6005 0.2041 
19.9621 -0.2553 -0.4133 -0.8776 -0.8009 -0.4911 -0.9100 -0.7910 0.2556 0.0072 -0.6991 -0.4224 0.1382 
19.8535 0.0708 -1.0558 -1.1471 -1.0673 -0.8840 -0.2859 0.3408 0.7889 0.1686 -0.5004 -0.2961 0.6708 
19.0758 0.0131 -0.9406 -1.5276 -0.4179 0.1863 0.7133 0.2779 0.0808 0.4985 -1.0582 -0.0911 -0.2645 
20.3635 -0.2801 -1.2129 -1.4994 -0.6730 -0.3038 -0.1021 -0.4101 0.1673 0.6618 0.6071 -0.2103 -0.3114 
21.5097 0.3610 -0.9028 -0.6165 -0.1017 -1.1408 0.0901 -0.1367 -0.1761 0.7909 -0.2282 -0.4769 -0.2359 
19.4733 1.0230 -1.3918 -1.1215 -0.8735 -0.7826 -0.3943 0.6797 -0.3968 -0.6794 -0.1840 -0.0890 -0.2943 
18.9106 -0.3503 -1.5183 -0.1740 -1.2567 -0.9971 0.0547 0.6436 -0.2301 0.4689 0.5554 -0.3993 0.0151 
19.9265 0.0085 -1.3239 0.2554 -0.6915 -0.7840 -0.1994 -0.9022 -0.0705 0.1332 -0.2108 -0.3593 -0.2526 
20.1786 0.3250 -1.2766 -1.1068 -0.2717 -0.1462 0.1482 -0.2888 -0.3110 -1.1172 -0.3516 -0.1756 -0.1882 
19.9993 0.5450 -0.8774 -0.7346 -0.8723 -0.7110 -0.3436 0.4143 -0.6647 -0.2023 0.0400 -0.1042 -0.4160 
19.8080 0.7234 -1.0005 -1.1148 -0.3622 -0.5654 0.1201 0.2852 -1.1053 -0.7003 -0.0129 -0.3311 -0.3578 
19.0349 0.1276 -0.1228 0.5855 -0.5409 -1.3579 -1.2336 -0.2322 0.2743 0.0054 -0.4213 -0.3415 -0.1247 
18.1260 -0.1377 -1.6605 -1.6627 -0.8697 -1.8221 -0.5171 0.2320 0.4065 -0.2307 -0.1877 -0.0773 0.0348 
18.9581 0.4326 -2.5019 -1.2104 -0.3645 -0.0061 -0.5784 0.1282 -0.1599 0.4402 -0.6396 0.4023 -0.3310 
19.5819 0.1822 -0.7325 -1.1902 0.3347 -0.7543 -0.2159 -0.1341 -0.2595 -0.2066 -0.3942 -0.2281 0.0706 
19.8238 1.5927 -0.9414 -0.7720 -0.2142 -1.5167 -0.0683 -0.2089 -1.0196 0.7245 -0.9182 -0.0865 0.0630 
20.0836 0.9442 -1.7456 -0.1864 -0.3735 -0.9093 -0.1789 -0.1223 -0.1863 0.1855 0.2105 -0.3403 -0.1707 
19.1409 -0.7138 -1.8365 -1.5685 -1.3038 -0.8743 -0.2595 0.1047 1.0381 -0.5127 0.2334 -0.1827 0.2129 
18.6168 0.0289 -1.4676 -1.5606 -0.8448 -0.6541 -0.3582 -0.5669 0.4309 0.3192 -0.0591 -0.3353 -0.1063 
18.1140 -0.3039 -1.5866 -1.1746 0.0067 -0.6842 -0.1336 0.4082 -1.3701 -0.6014 -0.1448 -0.4423 0.2006 
19.7919 0.7092 -1.9679 -0.6237 -1.1841 -0.7925 -1.1867 0.4851 0.2005 -0.6451 -0.3209 -0.6953 0.2104 
19.0016 1.0402 -0.7302 -1.0942 -1.0997 -0.1852 -0.8808 -0.7420 0.5016 -0.4343 -0.4198 -0.3710 -0.1812 
18.9074 1.3797 -0.6268 -0.5219 -1.7713 -0.9338 0.6405 0.0360 -0.1699 -0.6920 0.3802 -0.2286 -0.4721 
19.2157 1.0873 -0.1118 -1.8956 -1.0838 -0.2352 -0.8512 0.0757 0.4047 -0.2404 -0.4355 -0.1908 -0.2905 
17.7941 0.0688 -2.4167 0.1970 -1.3991 0.2670 0.6339 0.5316 -0.3141 -0.3881 -0.2383 -0.0324 0.3184 
17.5336 -0.2891 -2.0467 -0.8250 0.4058 0.0844 0.5224 0.3402 0.1450 -0.2716 -0.0941 -0.6255 -0.2568 
20.0678 0.3640 -1.7028 -0.8864 -1.3124 -0.5068 -0.7673 -1.1318 -0.7980 0.5044 -0.0480 -0.1381 -0.3892 
18.9874 0.6600 -1.5161 0.2362 -0.7683 -0.7050 0.1517 -0.6726 0.3450 -0.9937 0.0286 -0.5112 -0.1569 
19.4394 1.3298 -0.8267 -0.5934 -0.4529 -1.9825 0.0606 -0.4017 0.6489 -0.6289 -0.9387 -0.5494 0.7746 
19.0128 0.9999 -1.6172 -0.8000 -0.9196 -0.2356 -0.9354 -0.7355 0.7873 0.1757 -0.2332 -0.3496 -0.6112 
16.3737 -2.1020 -4.8253 -0.7831 -1.5563 -0.9570 -0.7461 -1.2791 -0.1881 0.0364 0.2717 0.0388 -0.3266 
