14.7178 9.1901 -4.8027 -1.4777 3.5696 0.2484 -0.3451 2.0228 -0.0927 -1.7868 -0.0249 -0.3665 -1.5543 
29.2382 16.3448 -14.2501 -6.3908 7.6617 1.0166 -4.3987 -0.5554 -1.1473 -2.4717 0.7418 0.3840 -2.0862 
31.0057 15.2404 -17.2130 -4.7646 9.3688 -1.4057 -5.2069 1.4940 -1.4821 -3.7781 1.8509 0.9796 -3.0968 
32.2389 16.3430 -16.7294 -4.0531 9.8430 -1.6125 -5.4571 1.1562 -2.6594 -5.6654 0.0094 -0.0329 -2.7126 
33.5950 18.0103 -16.0950 -4.5737 9.6164 -0.7204 -4.5902 1.2774 -2.4511 -5.0111 0.6258 0.6488 -1.8596 
32.4213 16.7314 -16.5047 -4.4934 9.2571 -1.6701 -5.6200 -0.0225 -4.3099 -6.4512 0.4547 0.8210 -2.4174 
32.9697 17.9890 -15.4588 -4.9157 8.7557 -0.8256 -4.4914 0.7277 -3.2048 -5.3624 0.6576 0.7146 -2.1231 
32.0229 17.5719 -15.2382 -5.8213 7.3956 -1.1078 -4.2200 0.6633 -3.3994 -5.5330 0.5048 0.7253 -2.2314 
30.8425 17.2759 -14.3492 -5.9182 7.0863 -0.5478 -4.0175 0.4686 -2.9582 -5.5536 -0.8414 -0.4437 -2.5403 
30.9895 18.7683 -11.8200 -4.8075 7.1903 0.2284 -3.1546 0.6675 -2.8039 -5.3937 -0.8915 -0.0755 -1.9298 
31.9059 21.4071 -8.2694 -3.0802 7.6419 1.2000 -2.3431 0.7154 -2.6115 -4.9788 -0.8183 -0.2044 -2.1940 
33.7906 23.3172 -7.5984 -3.0181 7.4590 0.8380 -2.9733 -0.3392 -3.5030 -5.1719 -1.1600 -1.1120 -2.4589 
35.5773 24.8247 -8.2978 -5.0652 6.1264 0.9565 -2.5822 -0.5663 -3.8381 -5.1872 -1.4349 -1.9771 -3.0903 
37.3368 25.9755 -8.9178 -5.6245 6.2318 1.3693 -1.9076 -0.2862 -4.3560 -5.3835 -0.8924 -1.8476 -3.3373 
37.2979 26.8347 -7.6378 -5.8355 5.5710 1.8911 -1.4618 -0.9197 -4.6095 -4.5745 -0.1907 -1.7075 -3.2540 
38.0896 27.2087 -8.0129 -5.9402 5.3399 1.1716 -1.6651 -0.4134 -4.3700 -4.6568 -0.0830 -1.6325 -3.3766 
37.1474 26.4471 -7.6161 -5.0925 5.3710 0.3125 -2.3275 -0.5090 -4.5577 -5.1106 -0.2654 -1.4389 -3.2162 
35.4372 25.9900 -5.7741 -3.8782 5.6530 0.7236 -2.3765 -0.9077 -4.1796 -4.4689 -0.1880 -1.3140 -2.8951 
34.8020 25.5976 -5.8726 -4.4234 5.4215 1.1483 -2.4371 -1.5270 -4.3033 -4.1661 0.0301 -1.0244 -2.8311 
33.7447 24.7477 -5.6054 -3.9186 5.2889 0.7180 -2.4029 -1.0022 -3.6904 -3.7528 0.0412 -1.2747 -2.8677 
32.7570 24.1090 -5.7426 -4.7032 4.9672 1.8089 -1.4419 -1.1849 -4.1310 -4.0262 -0.3490 -1.5458 -2.7245 
32.2052 24.2219 -4.8288 -4.6094 4.3088 1.2447 -1.9856 -1.4189 -3.6320 -3.8059 -1.2463 -2.6634 -3.3030 
30.9993 22.8477 -5.1186 -4.0794 4.1256 0.3902 -1.6926 -0.0455 -3.0438 -4.0187 -0.8304 -1.7527 -3.0308 
31.3586 23.3850 -4.8406 -4.1884 4.2845 0.9058 -1.7475 -0.8570 -3.7380 -4.2592 -1.1184 -2.4193 -3.8268 
28.2020 20.4377 -5.3029 -3.8612 4.1918 0.6809 -1.6129 -0.1128 -2.5317 -3.2696 -0.5071 -1.6180 -3.1052 
26.5834 19.2034 -5.1114 -3.9004 3.2824 -0.1293 -1.8762 -0.3656 -2.9708 -3.5824 -0.7415 -2.1054 -3.6650 
25.4363 18.6473 -3.7749 -1.8861 4.5479 0.2788 -1.5123 0.3010 -2.6084 -3.8706 -0.8520 -1.2842 -2.5204 
25.3139 18.9342 -2.6851 -0.8823 4.3374 -0.7838 -2.0740 0.5064 -2.5346 -4.3633 -1.4554 -1.5128 -2.3948 
24.5566 18.0512 -3.3064 -1.3800 3.9549 -1.2473 -2.7509 0.1233 -2.2875 -4.0482 -1.5093 -1.6893 -2.7189 
23.2642 16.7809 -3.1905 -0.3483 4.6184 -0.7964 -1.6867 1.0121 -2.3022 -3.8602 -0.5624 -1.0781 -2.8915 
22.2002 15.5413 -3.9310 -0.9270 3.8594 -1.5395 -2.2701 0.4369 -2.5803 -3.5450 -0.1680 -0.8119 -2.1774 
23.7865 16.9362 -3.8910 -0.9205 4.7397 -0.5722 -1.5161 1.9763 -0.4564 -2.1384 0.6718 0.0923 -1.8487 
