19.0761 -0.3924 -1.0701 -1.0573 -0.8261 0.2427 -0.4395 -0.6542 0.1173 -0.6599 -0.3094 0.0054 -0.3605 
19.5821 -0.5809 -0.6088 -0.6477 -0.8884 -2.2142 -0.6487 -0.9755 -0.4089 0.0191 -0.2823 -0.3756 0.2370 
18.0552 -1.0327 -1.3707 -0.8494 -1.3216 -0.9573 -0.9051 -0.6591 -0.7886 -0.3808 -0.6492 -0.3015 -0.4840 
19.9269 0.2495 -0.3161 -0.5960 -0.6870 -0.8702 -1.0016 0.2742 -1.2691 0.1442 -0.1175 0.4325 -0.4220 
18.0690 -0.6818 -0.6125 -0.4807 -1.2242 -0.3560 0.2094 -0.1234 -1.1434 -1.1503 0.2163 0.4861 -0.3321 
18.1775 -0.6916 -0.6949 -1.1078 -0.5677 -0.6192 -0.0978 0.3959 -0.0257 -0.6845 0.0823 -0.2357 -0.1671 
18.1047 -0.8032 -0.2638 -0.8992 0.4390 0.3619 -0.2863 -0.7368 -0.5139 -0.7420 -0.5552 -0.1339 -0.1726 
19.1219 -0.4135 -0.4712 -1.3895 -0.9075 0.5591 -0.8559 0.2367 -0.0154 0.0237 -0.5514 -0.4592 0.2025 
18.5323 -0.2835 0.1282 -1.0662 -1.8090 -1.1166 -0.1801 -0.0171 0.5626 -0.3509 -0.2883 0.2515 0.0064 
19.7754 0.6795 0.1107 -0.5804 -1.2920 -0.9190 -0.5383 -0.4742 -0.1653 -0.1270 -0.0878 -0.4484 -0.2898 
18.1526 0.2394 -1.9290 0.0928 -0.2066 0.5506 -0.5355 -0.2842 -0.7740 -0.6082 -0.0557 0.1543 -0.1143 
17.3806 -0.0375 -0.8249 -0.9115 0.7929 0.1726 -0.2702 0.0449 -0.8389 -0.4034 0.3429 -0.5412 -0.0032 
18.2580 -1.2478 -1.3764 -1.7546 -0.0482 -0.4409 -0.3232 -0.2981 -0.4497 -0.7331 -0.1817 -0.6305 -0.1098 
18.3497 -1.4333 -0.2339 -0.2338 -0.5457 0.7397 -0.3403 -0.5372 -0.6266 -0.8429 -0.6570 -0.6819 0.2775 
20.3833 -0.2743 -0.9886 -1.8281 -1.1895 -0.2081 -0.3799 -0.4466 0.1814 -0.2048 -0.0437 -0.2701 -0.1421 
17.5444 -1.6329 -1.3003 -1.1151 -0.1111 0.0183 0.2076 -0.0110 0.5069 -0.3524 -0.3975 -0.2414 -0.2371 
17.5673 -2.6378 -1.6244 -1.4455 -0.8323 0.6970 -0.9269 -0.5862 -0.6767 -0.2058 -0.0102 0.1331 0.0457 
17.8669 -0.0158 -0.7421 -0.7911 -0.7755 -1.2920 -0.1082 0.9607 -0.2470 -0.5178 -0.1952 0.2345 -0.1800 
19.0426 -0.4996 -0.6848 -1.1060 -1.5637 -0.6121 -0.7435 -0.1034 -0.7506 0.1070 0.1933 -0.0640 -0.3112 
20.9083 -1.1320 -1.3408 -0.8168 -0.5117 0.1102 0.0264 -0.2856 -0.2647 -0.3947 -0.1911 0.2994 0.3707 
22.6122 -0.1952 -1.0793 -0.4642 -0.6546 -0.2415 -0.4596 0.0987 -0.3316 -0.8879 -0.1125 0.0914 -0.1223 
19.9496 0.2047 -1.0594 -0.8645 -1.1978 0.4676 0.1987 0.5870 -0.1839 -0.4147 0.1766 0.0258 -0.2012 
18.1914 0.4438 -1.4542 -1.9809 -0.6265 -0.3673 -0.4625 -0.7230 -0.4608 -0.1764 -0.7354 -0.5147 0.2961 
18.5203 -0.0630 -1.3698 0.1098 0.2206 0.0069 -0.3063 -0.6711 -0.9584 0.0283 -0.3953 0.3695 -0.0425 
17.7357 -2.3024 -1.8617 -0.9657 -0.2556 0.5131 0.4965 0.5364 0.3250 0.1066 0.1475 -0.3822 -0.6632 
19.0770 -1.1062 -0.7295 -1.2950 0.2118 0.8503 -0.3101 -0.6180 -0.9087 -0.1704 -0.2281 -0.1583 -0.1353 
18.8897 -0.2575 -0.3447 -0.4122 -0.2814 -0.9369 -0.9932 -0.7910 -0.6625 0.3170 -0.4913 -0.2713 0.1979 
18.8514 -0.2738 -0.6780 -1.5606 -0.2553 0.5771 -0.7239 -0.1688 -0.3020 -0.2912 0.0801 -0.0508 -0.1688 
17.8002 -0.5762 -0.6592 -1.3428 -0.8367 -0.8754 -1.1076 -0.0633 0.0541 -0.2762 -0.3928 -0.5959 -0.2113 
18.5397 -0.2423 -0.9586 -0.6248 -0.3431 -0.9512 -0.5729 0.4094 -0.4434 -0.5375 -0.2153 0.1098 0.3525 
18.2794 -0.4467 -1.1755 -0.7537 -0.6096 0.1091 -0.7109 -0.6483 -0.5589 -0.3105 0.3984 0.1482 -0.1259 
19.3721 -0.6243 -1.4621 -1.6502 -0.7468 -0.2660 -0.6943 0.0264 0.1845 -0.5415 -0.0466 -0.4822 -0.3665 
19.5637 -0.4359 -2.1447 -1.0334 -0.8308 -0.0579 -0.3236 -1.0245 0.4213 0.7764 0.7616 1.0759 0.5185 
19.5350 0.4241 0.7761 -0.2973 -1.0346 -1.3983 -0.4529 0.4283 -0.1872 -0.2262 -1.2007 0.5520 0.5631 
18.9927 -0.7781 -0.2608 -1.0939 -0.8525 -0.6580 -0.8197 -0.3375 0.1421 -0.3112 0.4115 0.3340 -0.3361 
18.6059 0.1115 0.5881 -0.3538 -0.7058 -0.9397 -0.3145 -0.8902 -0.1228 0.0393 0.0408 -0.0714 0.0964 
18.1039 -1.1281 -1.8164 -0.9450 -0.4561 0.1433 0.4178 -0.8994 0.0694 -0.0612 -0.4377 0.0413 -0.4795 
20.4144 0.3751 -0.9040 -0.7811 -0.3128 -0.9706 0.1805 -0.5866 0.4038 -0.5414 -0.6542 0.1036 0.2458 
18.3905 -0.6963 -0.6816 -1.4377 -0.3578 -0.2052 -0.2496 -0.1891 0.5658 0.1065 -0.0850 -0.5027 -0.4214 
19.3210 0.2506 -0.2913 -0.9058 -1.2165 -0.3335 -0.0383 0.2927 0.1380 -0.4618 -0.0423 0.0279 -0.4534 
17.8991 -1.2670 -0.9383 -1.3631 -1.0999 -0.3697 0.1857 0.3938 -0.3996 -1.1012 -0.2527 -0.7151 -0.1372 
19.0052 -0.5133 -0.9642 -0.0185 0.8278 -0.4378 -0.1572 -0.4786 -0.5060 -0.1488 -0.2839 -0.4736 0.0180 
16.8052 -1.4358 0.6415 -0.4384 0.3256 0.2469 -1.3888 -1.2886 0.6390 1.0062 0.5607 -0.0668 0.3072 
17.9248 -0.8966 -0.0406 -0.9267 -1.0155 -1.2209 -0.0478 -0.1190 0.0576 -0.6497 -0.0040 -0.0725 -0.5017 
18.5441 -0.4690 -1.2058 -1.2101 -0.4989 -0.1354 -1.1053 0.2033 -0.8806 -0.5151 0.2662 -0.1790 -0.6063 
20.1723 -0.3805 -0.7764 -2.0894 -0.7521 -0.0142 -0.3733 -0.7783 -0.4048 -0.2843 0.1981 -0.2084 -0.4538 
18.6523 0.0308 -1.0233 -1.0835 -0.7664 -0.2007 -0.1277 -0.8840 0.0057 -0.5882 0.6344 0.2531 -0.5066 
18.9673 -1.0969 -0.8233 -0.5543 -1.8072 -0.6984 -0.1336 -0.1938 -0.8446 -0.2912 -0.4552 -0.0769 0.2716 
17.0710 -0.8918 -0.2585 -2.6263 -0.2503 0.3720 -0.6458 -0.2435 -0.3507 -1.3243 -0.7609 -0.0057 -0.0033 
18.7308 -0.6198 -0.1845 -1.3945 -0.6710 0.1289 0.9967 -0.7341 -0.0737 0.3045 -0.7167 -0.3140 -0.2282 
20.2493 0.1351 -1.1363 -1.5157 -0.6911 -1.1248 -0.0634 -0.1146 -0.5800 -0.5417 -0.0865 0.0417 -0.3877 
17.5737 -1.8448 -0.8533 -1.6734 -0.9601 -0.2752 0.4754 1.0553 0.1586 -0.2540 0.1155 0.2166 0.6735 
18.8444 -0.5836 -1.8682 -1.2348 -1.0350 -1.3883 -0.1266 0.1680 -0.5931 -0.3306 -0.1801 0.1584 -0.1894 
19.9049 -0.2545 -1.6175 -0.7776 -0.2256 -0.1643 0.1922 -0.2684 -0.0907 0.0839 0.3882 -0.0542 -0.0778 
20.6454 0.0372 -0.4902 -0.9311 -0.7178 -0.3593 -1.2548 -0.5349 0.0159 0.7784 -0.3390 -0.1816 -0.2204 
19.0578 -0.4310 -0.6362 -1.3124 -0.2799 -0.1355 -0.2022 -0.7619 0.0926 0.0428 0.1556 0.0762 -0.4523 
18.6149 -1.4108 -0.8988 -1.0265 -0.7261 -0.6946 0.1401 0.4784 0.4083 0.3806 -0.4090 -0.1491 0.9204 
19.3502 1.0001 0.1352 -0.9149 -1.1711 -1.1652 -0.1779 -0.4432 -0.1504 -0.4639 -0.0916 0.1383 -0.3011 
18.0860 -1.0500 0.1002 0.1335 -0.1284 0.2676 -0.2013 0.2764 -0.5577 -0.3149 -0.1469 0.4882 -0.6376 
18.2530 -1.5216 -0.7573 -0.2984 -0.9946 -0.0768 -0.2723 0.5066 -0.0581 -0.0267 0.0163 -0.2759 -0.3068 
19.1790 -0.6842 -0.5812 -2.0908 -1.1656 -0.7889 -0.9822 0.5650 -0.1335 -0.7482 -0.0327 0.6153 -0.7647 
18.2332 -0.5818 -1.4062 -0.9490 -1.4646 -0.5704 -0.3494 -1.4404 -0.0795 0.2083 0.1390 0.3231 -0.1876 
17.8281 -0.7155 -0.2656 -1.6475 -2.2362 -1.0691 -0.9819 -0.3762 -0.3449 0.4670 -0.2150 0.8645 -0.2646 
18.8184 -1.4037 -1.2344 -0.8553 -0.7435 0.1039 -0.3600 -0.6761 -0.8618 -0.6445 0.1053 -0.2991 0.0558 
17.7232 -1.5392 -1.4506 -1.1908 -1.4066 -0.9701 0.3774 1.0275 -0.7501 0.5381 0.8244 1.0107 0.7946 
18.7946 -0.8785 -1.0016 -1.1633 -1.0807 -1.3841 -0.6556 -0.7153 -1.0952 -0.7602 -0.2261 -0.1096 -0.3051 
17.6056 -0.1274 -0.1389 -0.4325 -0.4769 -0.6477 -0.5494 0.0168 -0.4960 -0.7106 0.0856 -0.1039 0.0007 
18.7638 0.8446 -0.3546 -0.9453 -0.8416 -0.1706 -0.9536 -0.7495 -0.5925 -0.0274 0.1083 0.3218 -0.5115 
19.1741 -0.2338 0.0006 -1.2407 -1.3791 -0.9344 -0.4695 -0.9441 -0.7326 -0.0268 0.1108 -0.5202 -0.4778 
18.7440 0.4664 -0.3989 -1.7332 0.1611 -0.1911 -0.5551 0.2040 0.1793 -0.5283 -0.0576 -0.3484 0.1058 
17.9529 0.0800 -1.1637 -1.9560 -0.9519 -0.8355 -1.1025 0.1015 -0.3054 -0.6997 -0.4423 -0.1012 -0.5489 
18.2767 -0.2484 0.4567 -0.3439 -2.1292 -0.9791 0.3027 0.3438 -0.5306 -1.1825 0.3208 -0.0433 0.3795 
18.5616 0.6745 0.1994 -0.3149 -1.3060 -1.6906 -0.0920 -1.1497 -1.1311 0.0860 0.4280 -0.1193 -0.0748 
19.5403 0.5550 0.3628 -0.2270 -0.8585 -1.1887 -1.0796 -1.0566 -0.0479 -0.6510 -0.6302 -0.5769 0.6220 
20.9532 2.1528 0.4586 -0.1191 -1.5672 -0.5248 -0.9127 -1.7278 -0.2652 -0.2108 -0.0372 0.3079 -0.5129 
22.9420 2.0816 -0.5608 -0.1582 -1.7932 -1.3311 -1.5896 -1.3712 -0.6021 -0.4309 -0.3486 -0.6666 0.1486 
26.4202 4.2575 -1.4933 -2.4995 -0.7752 -1.2477 -1.5576 -0.5330 -1.1137 -0.7606 0.2033 -0.0661 -0.1269 
30.4162 3.7820 -2.5983 -1.5528 -1.5596 -0.4973 -0.5508 -0.6171 -0.5680 -0.4206 -0.5584 -0.4326 0.0944 
31.2357 3.8435 -4.0192 -1.6326 -0.7196 -0.3234 -0.0497 -0.5435 -0.3122 -0.3622 -0.6467 -0.7245 -0.3528 
32.1540 3.6723 -4.6343 -1.1123 -0.8704 -0.6020 0.1623 -0.4205 -0.4259 -0.6850 -1.0054 -0.6300 0.2724 
33.0345 4.0545 -5.0511 -1.3537 -0.7544 -0.0645 -0.0181 -0.4112 -0.4375 -0.3024 -0.4753 -0.9526 0.2293 
33.5896 3.9048 -5.0276 -1.2514 -0.5471 -0.0195 -0.0493 -0.3798 -0.1505 -0.3275 -0.4696 -0.8277 0.1306 
33.7728 3.2610 -4.5056 -2.2047 -0.2248 -0.0204 -0.3437 -0.7572 -0.6686 -0.3284 -0.8868 -0.8014 -0.0939 
32.9919 3.6760 -4.3657 -1.8267 -0.0460 0.1960 -0.1294 -0.8135 -0.6087 0.3913 -1.0672 -1.1092 0.2052 
32.6288 4.0899 -5.3415 -1.2924 -1.3024 -0.2242 -0.1661 -1.1652 -0.5389 -0.1295 -0.4970 -1.2948 -0.1786 
32.9700 3.7214 -4.7773 -1.0204 -0.6023 -0.3098 0.1350 -0.5162 -0.3482 -0.1149 -0.4462 -0.6990 0.0565 
32.2993 3.3500 -4.1557 -1.0368 -0.4889 -0.8371 -0.2399 -0.4212 -0.3529 -0.7407 -0.3926 -0.5457 0.0013 
32.1315 2.9748 -3.8192 -0.5561 0.0542 -0.7366 -0.6916 -0.1336 -0.3411 -0.4172 -0.5009 -0.3097 -0.0981 
31.4850 3.6058 -4.6088 -0.8217 0.6260 -0.9893 -0.3864 -0.2275 -0.4573 -0.6894 -0.4885 -0.4362 -0.1446 
32.3879 2.7895 -4.3343 -1.3259 -0.1685 -0.1906 -0.5041 -0.0672 0.4411 -0.6112 -0.7019 0.0939 -0.5385 
33.2074 1.4360 -4.1274 -1.6399 -0.2508 -0.2009 -0.9609 0.1709 0.5166 -0.9577 -0.3442 -0.2025 -0.4316 
33.2688 1.4192 -3.8855 -1.5120 -0.0666 -0.1623 -1.0806 0.4150 0.6150 -0.6922 -0.5142 -0.0881 -0.3830 
33.8426 0.8977 -3.6612 -1.1681 0.1036 -0.8010 -0.9588 0.6032 0.3091 -0.3787 -0.5973 -0.1822 -0.1706 
33.4819 0.1740 -3.6479 -0.6123 -0.3853 -1.9947 -0.5673 0.3979 -0.1368 -0.5378 -1.1356 -0.6013 -0.0090 
34.3308 0.0647 -3.6044 -0.0428 -0.0630 -1.5271 -0.0694 0.3110 -0.6136 -0.3110 -0.0048 -0.5672 -0.0835 
34.3654 0.0718 -3.7189 -0.0648 0.0330 -1.5227 0.2552 0.3651 -0.6522 -0.1478 0.1132 -0.7696 -0.2459 
34.0212 0.2716 -3.8817 0.1087 -0.2576 -1.6131 -0.0611 0.5783 -0.6429 -0.2311 -0.2135 -0.8187 -0.1416 
34.6711 0.1187 -3.9416 -0.2022 -0.3711 -1.1257 0.1325 0.5066 -0.3691 -0.2699 0.0476 -0.7951 -0.3993 
34.4011 0.5274 -3.8155 -0.2250 -0.6739 -1.3850 0.5289 0.1280 -0.1180 -0.3247 0.2631 -0.6804 -0.3820 
33.4077 0.2966 -2.3156 -0.6348 -1.6950 -1.2837 0.2694 0.2699 -0.3426 -0.9491 0.3312 -0.4104 -0.9120 
33.3442 0.7946 -2.4789 -0.0879 -1.6255 -1.0477 -0.1989 0.5247 -0.0159 -0.8246 0.3087 -0.8008 -0.2584 
33.0811 1.2809 -2.4274 -0.7064 -1.0742 -0.5385 -0.8414 0.2632 0.3952 -0.9472 0.2513 -0.9226 -0.1703 
34.2423 -0.3456 -2.1174 0.1075 -1.5526 -1.0460 -0.3364 -0.0252 -0.1232 -0.5101 -0.6529 -0.4400 -0.0933 
34.0298 -0.9124 -1.8017 0.5644 -0.8509 -1.6503 0.5375 -0.2822 -0.3896 -0.6907 -0.3764 -0.5175 0.0488 
32.9575 -1.4989 -1.0395 0.6447 -0.6115 -1.0429 0.9302 -0.1935 -1.4857 -1.1496 -0.4479 -0.4739 -0.1717 
32.2895 -0.4138 -1.1325 0.0467 -0.3906 -0.8141 -0.1643 -0.0853 -1.2822 -0.8535 0.1793 -0.7943 -0.1445 
30.4991 -0.5550 -0.1570 0.4991 -0.5754 -0.5768 -0.0731 -0.2547 -1.2012 -1.1759 -0.1092 -0.3390 -0.2749 
31.3780 -1.3448 0.1751 0.0894 -0.6473 -0.7445 -0.6892 -0.0340 -0.7902 -0.3485 -0.0102 -0.2947 -0.6411 
29.3320 -0.3177 -1.6329 0.3141 0.1556 -0.4988 -0.3810 0.3484 -1.0429 -0.8481 -1.2874 -0.2105 -0.2804 
29.5871 -1.4607 -1.0191 0.0649 -1.7237 -1.0000 0.2269 0.7131 -0.2389 -0.4972 -0.1711 -0.2966 -0.7508 
27.6972 -0.8436 -1.8164 -0.5200 -0.5941 -0.4347 -0.3128 1.2658 -0.6657 0.1223 0.1883 -0.5564 -0.7836 
26.5943 -1.5517 -1.4541 -0.0318 -0.4727 -0.9825 -1.0628 0.1559 -0.7960 -0.5498 -0.6419 0.0960 -0.8467 
26.4231 -0.5486 -1.0565 1.3462 -0.4669 -0.8625 -1.6997 -0.0502 -0.6571 -0.6139 0.0873 -0.0696 -0.2781 
25.6442 -1.0351 -0.9006 0.8270 0.1821 -0.1632 -1.0674 0.3858 -1.1165 -1.1619 -0.1243 -0.6376 0.0557 
25.0529 0.4602 -1.1499 0.1713 0.2579 -1.5512 -1.8837 0.6468 -0.8429 -0.0775 0.5882 -1.2363 0.0107 
22.7921 -0.7202 -1.2317 -0.0129 -0.9035 -1.1754 -0.3169 0.8500 -1.2510 -1.6390 -0.6988 -0.8779 0.3765 
22.5789 0.3821 -0.4820 -0.4116 -1.2823 -0.7202 -0.4242 0.5480 -0.3220 -0.5496 0.1779 -0.5103 -0.2247 
21.4611 -0.4695 -1.7629 -1.6290 -0.8297 -0.7791 -1.0457 0.0969 -0.0712 -0.5652 -0.5120 -0.7533 -0.4839 
21.7206 -0.4083 -0.4216 -1.0576 -0.3118 -0.4623 -0.5489 0.4349 -0.3207 -0.5161 -0.1699 0.0878 -0.4525 
20.4536 -0.7513 -0.6440 -0.5128 0.0386 0.5825 -0.9733 0.0881 -0.8605 -0.6802 -0.3401 -0.0834 -0.3021 
20.4748 -0.0500 -1.4797 -0.9043 -0.5479 -1.2518 -0.6180 0.0216 -0.8122 -0.0269 0.5070 -0.5030 -0.4006 
19.0240 -0.7690 -0.7456 -0.2027 -1.2164 -1.0054 -0.7639 0.5868 -0.6049 -0.4806 -0.1689 -0.3961 -0.1492 
19.9967 -1.7800 -1.0803 -0.7997 -0.3945 -1.0662 -0.8150 -0.1288 -1.0457 -0.6143 -0.0323 -0.4111 -0.4943 
19.0056 -0.8469 -1.3709 -0.4405 -1.0851 -1.1578 -0.3827 -0.0473 -0.4220 0.0982 0.0624 0.0511 -0.6227 
19.3031 -0.7288 -1.8620 -2.1412 -0.5673 -0.3055 -0.9934 -0.8852 -0.3526 -0.4691 -0.1466 -0.1862 0.0632 
19.3009 0.0288 -1.5669 -1.4085 -0.8880 -0.6546 -0.1727 -0.6181 -0.1387 -0.0508 0.1239 0.7019 0.1476 
17.6632 -1.0888 -1.5774 -0.7275 -0.8259 -1.0280 -1.0622 -1.1419 0.1959 -0.3318 -0.3107 0.0050 -0.1948 
18.3884 -0.7888 -1.0944 -1.6372 0.1122 -0.2771 0.4953 -0.2448 0.7179 0.3559 -0.5065 -0.4113 -0.3164 
17.7796 -0.5659 -0.4463 -1.2420 -1.1256 -0.4666 -0.3042 0.3786 0.1262 -0.3791 -0.1608 0.2015 -0.0062 
19.0443 0.4397 -0.6626 -0.9898 0.1024 0.7795 0.2226 0.3937 0.4419 -0.2268 -0.2656 -0.3108 -0.1215 
17.8466 -0.2548 -0.6435 -0.4869 -0.8420 -1.1032 0.2924 -0.3980 -0.7425 -0.4014 -0.1659 0.3787 -0.4747 
18.3572 -0.5524 -0.7016 -0.4452 -0.2204 -0.9277 -0.2427 -0.5965 -0.3855 -0.0734 -0.5859 0.0924 -0.2853 
17.6655 -0.9757 -0.2068 0.0991 -0.7248 -1.8863 -0.2055 -0.0258 0.0908 -0.5864 -0.6472 -0.2225 0.3969 
18.4967 -0.3708 0.0774 -0.8965 -1.1953 -0.8451 -0.0213 0.2937 -0.2959 -0.0321 -0.0426 0.0510 0.2997 
16.9023 -1.3837 -0.8016 -0.8630 -0.5775 0.0769 0.1645 0.2412 -0.4022 0.0629 -0.1664 -0.5818 -0.2399 
17.9428 -0.5242 -1.0497 -0.3753 -1.2317 -0.6202 0.0921 0.1048 -0.2502 -0.9536 0.2437 -0.5223 0.3517 
15.7921 -1.6168 -0.5829 -0.5216 -0.2802 0.9481 0.0257 0.8464 0.4201 -0.5987 -0.0808 -0.2712 -0.4665 
17.1702 -0.4151 -0.2905 -0.8115 -0.3230 -0.3968 -0.2608 0.3520 0.3268 -0.7267 -0.5189 -0.3940 -0.0110 
17.5312 -0.3505 -0.4274 -0.1933 -0.1455 0.0691 -0.6407 0.1808 0.6494 -0.3482 -0.4199 -0.3750 0.3996 
17.4576 0.3109 0.0071 -0.3500 -0.6095 0.4587 -0.9670 -1.0942 0.2206 0.5352 -0.3288 -0.1198 0.0529 
17.6971 -1.2243 -1.2742 -0.9283 -0.1157 0.5113 -0.2741 1.0035 -0.9682 -0.3687 -0.0350 -0.2723 -0.0384 
16.7651 -0.4859 0.3850 -0.6230 -2.3194 -0.6733 0.1753 -0.4607 -0.3829 0.2502 -0.2709 -0.1076 0.4553 
17.8043 0.0618 -0.5870 -1.5101 -1.2396 -0.1731 0.7660 -0.3277 -1.4111 -0.6651 -0.6323 -0.2752 -0.0252 
17.6988 -0.1440 -1.3256 -0.1876 -0.8617 -0.6516 0.4705 -0.0572 0.8182 0.0563 0.2053 -0.4645 -0.5311 
17.7470 0.1908 0.1235 -0.7009 -1.1690 -0.4739 0.0689 0.1208 -0.1555 -0.3784 0.0757 0.3203 -0.2628 
17.3422 -0.8224 -1.6207 -2.1358 -0.0570 0.4368 -0.8751 -0.0746 0.2955 0.0856 0.9150 0.9652 -0.6212 
17.0191 -0.2269 -0.1553 -0.1069 -1.6397 -1.0396 -0.8886 -0.0343 0.1948 0.0896 -0.6141 -0.1119 -0.2417 
18.1878 -1.3346 -1.3880 -1.0303 -0.9340 0.2375 0.5183 0.8138 0.4896 -0.2889 -0.1056 -0.0156 -0.4045 
