24.3561 15.1734 -8.1088 -3.1516 3.9434 -2.7227 -3.5011 1.8833 -0.2560 -2.4822 0.6320 0.1446 -2.0464 
24.3768 15.1349 -8.3704 -3.6672 3.5797 -2.3944 -2.7758 2.0039 -0.9205 -3.0987 0.3019 -0.4018 -2.5806 
23.5473 14.2597 -8.8292 -3.9083 3.5849 -2.5213 -3.5320 1.2438 -0.7798 -2.3467 1.0774 0.4639 -1.7081 
23.5912 14.6259 -7.9052 -2.9209 4.0223 -2.4596 -3.4202 1.2013 -1.1984 -2.8671 0.4911 -0.4520 -2.7979 
23.9039 15.0027 -7.8216 -3.1152 4.0489 -2.0587 -3.0798 1.4114 -0.7970 -2.4099 0.7402 -0.1533 -2.3257 
24.3886 15.4418 -7.7074 -2.9400 4.3626 -1.8996 -3.0785 1.4562 -0.8305 -2.6143 0.6521 -0.1454 -2.6986 
24.1060 15.3131 -7.4833 -2.7859 4.3464 -1.8131 -2.9333 1.2710 -1.4586 -3.2979 0.4454 0.3324 -1.8596 
23.4078 14.4219 -8.1341 -3.3254 3.6856 -2.2802 -2.6803 1.9628 -1.0814 -3.4370 -0.0287 -0.3204 -2.3017 
24.6266 15.3944 -8.0591 -3.0811 4.1190 -2.1659 -2.6100 2.2393 -0.7872 -3.0738 0.4448 0.0566 -1.9386 
23.4532 14.3382 -8.1878 -2.8624 4.4043 -2.0481 -2.9923 1.7666 -0.7312 -2.7887 0.3951 -0.2876 -2.3600 
23.9157 15.0119 -7.7404 -2.8640 4.3772 -1.7433 -2.6950 1.7329 -0.9767 -3.0787 0.2391 -0.1934 -2.3335 
23.8419 14.8004 -8.3435 -3.8812 3.4443 -2.3676 -3.4311 0.8742 -1.2157 -2.5369 0.6806 -0.3712 -2.6696 
23.9021 14.8403 -8.4057 -3.9491 3.3971 -2.6142 -3.6328 1.3360 -0.5189 -2.6194 0.1187 -0.5464 -2.6991 
24.2175 14.8899 -8.6432 -3.8958 3.4532 -2.5943 -3.3263 1.2258 -1.4942 -3.4274 -0.0439 -0.6700 -2.6575 
24.2424 15.2543 -7.7610 -3.1193 3.5425 -2.8314 -3.2179 1.5623 -1.3698 -3.2909 0.4841 -0.1281 -2.6896 
24.7406 15.2916 -8.5318 -3.4018 4.2852 -1.9544 -2.8726 1.7570 -0.9531 -3.0140 0.2719 -0.4082 -2.4191 
24.0424 14.7647 -8.4030 -3.1984 4.1017 -2.8049 -4.0511 1.3366 -0.4602 -2.6730 0.2449 -0.1840 -2.1261 
23.9563 14.8902 -7.8341 -2.5626 4.4671 -2.3910 -3.3935 1.6268 -0.8920 -3.1927 0.2797 0.3351 -1.6406 
25.3116 15.5410 -9.3226 -4.4790 3.8571 -1.9710 -3.2137 1.1128 -1.5155 -3.2970 0.3583 -0.3909 -3.0487 
24.7226 15.5670 -8.1248 -3.4401 4.1812 -1.7134 -2.6966 1.7813 -0.6697 -2.6157 0.3891 -0.5573 -2.7594 
24.9751 15.8725 -7.7829 -3.0011 4.3954 -1.9132 -3.1273 1.2119 -1.2762 -2.9026 0.5348 -0.1906 -2.1689 
24.2601 15.0231 -8.1204 -2.7970 4.5961 -2.1132 -3.4454 1.1295 -1.1954 -2.8210 0.6024 -0.1582 -2.2405 
24.4916 15.4610 -7.8217 -3.0271 4.2209 -2.0781 -2.8844 2.0467 -0.5754 -3.0535 0.1587 -0.1623 -2.5719 
24.9641 15.6167 -8.3058 -3.4744 3.9209 -2.3893 -3.2040 1.5697 -0.9805 -2.8569 0.5783 -0.0637 -2.1731 
24.4330 15.4997 -7.6280 -2.8270 4.4521 -1.8500 -3.0395 1.5080 -0.6463 -2.1846 1.1521 0.1598 -2.5552 
24.6369 15.7431 -7.6126 -3.1215 4.2247 -1.5147 -2.1580 2.4315 -0.1489 -2.1839 0.9697 0.1676 -2.2767 
22.9419 14.0338 -8.1347 -3.2590 3.6115 -2.7185 -3.6464 0.9286 -1.5392 -3.3782 0.1129 -0.2779 -2.4822 
25.5335 15.9306 -8.6395 -3.6645 4.0473 -2.6080 -3.8018 1.3308 -0.7691 -2.7857 0.5029 0.1141 -1.8944 
24.6129 15.3272 -8.3520 -3.5334 3.8584 -2.4070 -3.1751 1.8185 -0.6577 -2.9487 0.2280 -0.0997 -2.0179 
24.3106 15.1113 -8.3182 -3.3782 4.3777 -1.6721 -2.9436 1.4799 -0.9178 -2.9536 0.0933 -0.6294 -2.9342 
23.8071 14.4636 -8.9044 -4.0381 3.6554 -2.3544 -3.7062 0.5703 -1.5591 -3.0093 0.2672 -0.4284 -2.1993 
23.8728 14.8883 -8.2168 -3.7296 3.7767 -1.7518 -2.6772 1.5028 -0.9999 -2.8284 0.3064 -0.3113 -2.2902 
24.1876 14.8051 -8.7524 -3.8493 3.6721 -2.5023 -3.3961 1.3428 -1.2776 -3.5627 -0.4025 -0.8090 -2.6261 
24.0090 14.7718 -8.6933 -4.0058 3.8126 -1.7429 -2.5500 2.1251 -0.2002 -2.4164 0.4099 -0.1759 -2.1057 
23.6554 14.4297 -8.7773 -4.0468 3.5560 -2.3233 -3.3259 1.4531 -0.6338 -2.7377 0.1750 -0.2098 -2.0132 
24.0603 15.1247 -7.9421 -3.3908 3.8256 -2.2042 -3.1053 1.5832 -0.7070 -2.5512 0.7869 0.0716 -2.4802 
24.0982 15.0449 -8.4031 -4.1580 3.3342 -2.1733 -3.2644 0.8628 -1.1800 -2.5988 0.1228 -1.0453 -2.7193 
23.8893 14.7815 -8.4019 -3.7734 3.6102 -2.3922 -3.4528 1.2265 -0.6912 -2.3291 0.7367 0.1896 -1.5046 
23.9327 15.0648 -7.9617 -3.6280 3.6388 -1.9510 -2.7492 1.4916 -1.1642 -3.1290 0.0872 -0.4279 -2.4341 
24.2605 15.1780 -8.1609 -3.5175 3.8801 -2.1608 -3.2927 0.9770 -1.6074 -3.3627 0.1796 -0.3327 -2.4889 
24.7355 15.5113 -8.2015 -3.4814 3.9630 -2.0673 -2.9562 1.3890 -1.3330 -2.9480 0.7970 0.1465 -2.2212 
24.2172 15.3685 -7.6926 -3.2239 3.9443 -2.0279 -3.0176 1.5347 -0.5460 -2.3623 0.3348 -0.5495 -2.2996 
24.8434 15.9819 -7.5045 -3.0842 4.3258 -1.4914 -2.5641 1.6910 -0.6586 -2.2815 0.9611 0.2080 -1.9849 
24.0968 14.8654 -8.3594 -3.3274 4.2120 -1.8030 -2.6433 1.8400 -0.9033 -3.0417 0.0382 -0.6496 -2.5616 
24.1261 15.4437 -7.1626 -2.4761 4.2190 -2.4659 -3.4035 1.6083 -0.8802 -3.3183 0.0741 0.1361 -2.0504 
24.1565 15.5731 -6.8893 -2.1708 4.5357 -2.0500 -3.1118 1.5267 -0.8171 -2.5215 0.9848 0.2378 -2.4708 
24.0087 14.9827 -7.9286 -2.9750 4.1853 -2.3191 -3.4439 1.3390 -0.8308 -2.7048 0.4232 -0.2893 -2.4967 
24.0357 15.0507 -8.0013 -3.3023 4.0361 -1.9920 -2.9873 1.5940 -0.7205 -2.6533 0.4165 -0.3819 -2.7723 
24.2645 15.2462 -8.1064 -3.7095 3.4712 -2.5606 -3.5939 0.8233 -1.5245 -3.2315 -0.0234 -0.8887 -3.0691 
24.5900 15.5779 -7.7714 -3.1783 3.8909 -2.1247 -2.5209 2.2537 -0.5944 -2.7922 0.4153 -0.4755 -2.9797 
23.9035 15.0643 -7.7444 -3.1936 3.9029 -2.0076 -2.7785 1.8699 -0.2530 -2.0376 0.6634 -0.4111 -2.1919 
23.9685 15.0919 -7.8496 -3.3141 3.8802 -2.1136 -3.1732 1.1878 -1.0706 -2.5311 0.6685 -0.8411 -3.6974 
23.9744 14.8901 -8.2729 -3.5611 3.8315 -2.2449 -3.1817 1.7176 -0.3951 -2.4299 0.6454 0.0881 -2.1782 
24.1618 15.3688 -7.6453 -3.3555 3.5811 -2.4038 -3.2106 1.3668 -1.0108 -2.9548 0.1565 -0.3590 -2.2489 
24.4758 15.3706 -7.9929 -3.2689 3.8846 -2.3008 -2.9607 1.6770 -1.1713 -3.1031 0.7129 0.3116 -2.1275 
23.3160 14.0992 -8.6894 -3.7474 3.5389 -2.4080 -2.9645 1.7284 -0.9715 -3.0161 0.4199 -0.0227 -2.2314 
24.4358 15.3433 -8.0424 -3.3599 3.9176 -2.2395 -3.1908 1.3973 -1.0167 -2.8957 0.3757 -0.0840 -1.9953 
24.7974 16.0434 -7.3324 -3.0300 4.1533 -1.9824 -3.2295 1.2845 -0.8730 -2.7031 0.6680 0.4665 -1.7166 
24.1518 15.1487 -7.9687 -3.2714 3.9766 -2.1795 -3.1779 1.4216 -0.9422 -2.8399 0.3822 -0.2361 -2.3092 
25.2378 16.4240 -6.8770 -1.9602 4.9919 -2.1061 -3.4291 1.6435 -0.6402 -2.8649 0.5661 0.3122 -2.0740 
25.4945 15.8193 -8.1271 -2.1824 4.9154 -3.0034 -3.8026 2.1715 -0.4243 -2.7657 1.1778 0.5045 -2.7460 
27.3931 15.7486 -10.3598 -1.4744 7.0670 -3.1595 -4.0881 3.8088 0.3921 -3.9552 0.3578 0.9622 -2.2435 
28.8114 16.0650 -11.0462 -0.1791 8.5134 -3.5120 -3.8777 5.1998 0.7865 -4.0472 1.0542 1.1270 -2.8165 
30.6112 17.2685 -11.1724 0.4647 9.5510 -3.2170 -3.6666 5.4384 0.3297 -4.5180 1.3349 1.5036 -2.8503 
32.1097 18.3249 -11.3791 0.5458 9.9582 -3.2740 -3.8672 5.1616 -0.8725 -6.5126 -0.2944 0.6005 -3.4771 
35.2565 20.6657 -11.8505 0.3610 10.9050 -2.9751 -4.5296 4.7634 -0.5750 -6.1202 -0.4738 0.0635 -3.2508 
36.6360 21.6360 -12.2924 0.0535 11.6179 -2.1184 -4.5892 3.7518 -1.8013 -6.7306 -0.3387 0.2201 -3.4943 
38.8046 23.7515 -12.1127 -0.8498 11.1540 -1.9758 -4.9362 2.7553 -2.2540 -6.3266 -0.2180 -0.2823 -3.5712 
38.6712 24.5404 -10.8550 -0.6650 11.9239 0.1512 -4.3265 1.0539 -3.4932 -6.1141 0.1862 -0.0059 -3.3817 
39.4934 25.6654 -10.5263 -1.6379 11.0327 0.4422 -3.9012 0.7946 -3.5952 -5.7422 0.1278 -0.6012 -3.5150 
39.8010 26.3625 -9.9443 -2.1179 9.9521 -0.0435 -3.9486 0.3828 -3.9828 -5.3933 0.6183 -0.8603 -4.1331 
39.3700 26.5811 -8.9617 -1.7821 9.8593 0.2255 -3.8438 -0.0935 -4.5485 -5.7751 0.4381 -0.8495 -4.2529 
39.6836 27.1076 -8.7868 -2.3187 9.5652 0.8340 -3.1631 -0.0596 -4.9415 -6.1752 0.5381 -0.1103 -3.7802 
40.2026 27.6328 -8.8838 -3.3115 8.0029 -0.2739 -3.1442 0.6198 -4.3687 -5.9428 0.3930 -0.5755 -4.1815 
39.2495 26.9365 -8.9211 -3.7831 7.3057 -0.1561 -2.2844 1.2969 -4.5249 -6.9162 -0.5806 -0.7465 -3.9284 
39.2592 27.8739 -7.1851 -3.1910 6.7783 -0.2190 -1.8900 1.3312 -4.3332 -6.1506 -0.1339 -0.7861 -3.3944 
39.0903 27.6768 -7.3883 -3.6540 5.7667 -1.6532 -2.8751 1.4327 -3.9563 -6.5922 -1.0197 -1.3051 -3.7502 
38.4056 27.9193 -6.0441 -3.3070 5.4129 -1.4377 -2.4718 1.8009 -3.1814 -5.8793 -0.6397 -0.6241 -3.0110 
37.8558 27.9081 -5.5897 -4.0603 3.8593 -2.3365 -2.8071 1.5286 -3.1221 -5.6461 -0.8911 -1.3847 -3.8197 
38.0992 28.4025 -5.0529 -3.9232 3.7755 -2.0371 -2.2951 1.6603 -3.1135 -5.3477 -0.8380 -1.8633 -4.0015 
38.1369 28.6616 -4.8242 -4.0975 3.7748 -1.6559 -2.1839 1.6136 -2.7637 -5.0289 -0.9084 -1.7202 -3.5031 
38.3455 28.6358 -4.8819 -3.7225 3.6076 -2.7168 -2.7407 2.0562 -2.3938 -5.0983 -0.8051 -1.2712 -3.1759 
39.2573 28.8466 -5.8232 -4.0402 3.8784 -2.9531 -3.1832 1.9091 -2.6666 -5.5461 -1.0230 -1.3092 -3.0902 
38.5527 28.8139 -5.0028 -4.1719 3.1090 -2.8543 -2.6619 1.6334 -3.4662 -5.9978 -0.9131 -0.8274 -2.5796 
39.3551 28.7427 -6.3447 -4.6452 3.5303 -3.0890 -3.3349 1.4146 -3.6983 -6.3593 -0.4835 0.1031 -2.3783 
38.8548 28.5432 -6.1158 -5.1596 2.3416 -3.5493 -2.8844 1.4437 -4.3596 -6.5143 0.0911 0.2011 -3.1698 
39.0947 28.8625 -6.0713 -5.2464 2.7939 -3.0235 -3.2187 1.1437 -3.5136 -5.5848 0.1713 0.5531 -2.0423 
38.9951 28.5526 -5.8469 -4.2130 2.8661 -3.9517 -3.0547 2.1092 -3.3561 -5.6165 0.6274 0.6623 -2.1805 
38.8069 28.5406 -5.5464 -3.6892 3.7012 -3.5523 -3.7909 1.3379 -2.9695 -4.8221 0.7618 0.3161 -2.4987 
38.7013 28.3709 -5.7453 -3.8761 3.5017 -3.7892 -3.7857 1.8292 -2.3848 -4.6392 0.5879 -0.1237 -3.1268 
37.8094 27.7462 -5.5531 -3.5923 3.7773 -3.6178 -3.9488 1.8376 -2.0090 -4.4951 0.6079 0.0828 -3.3230 
36.9386 27.2077 -5.4282 -3.5889 4.4301 -2.1236 -3.3456 1.3541 -1.5556 -2.7728 1.8152 0.0873 -3.8388 
36.6101 27.1838 -5.0414 -3.7407 3.6941 -2.5545 -3.3426 1.1942 -1.8680 -2.8955 1.7579 0.0409 -3.7074 
36.6376 27.2804 -4.8709 -3.6113 3.6685 -2.8311 -3.8471 0.8940 -1.5332 -2.4219 1.5613 -0.3761 -3.3933 
35.5478 26.7162 -3.9205 -2.5375 3.8687 -3.0641 -3.9659 0.7633 -1.8293 -2.6843 1.6156 0.0041 -3.1733 
34.8204 25.8403 -4.6670 -3.4753 2.9331 -3.3100 -3.5073 1.0487 -2.1974 -3.3092 1.1316 -0.2136 -3.0262 
34.5810 25.8747 -4.5314 -4.0933 1.9339 -4.0825 -4.1520 0.9713 -1.0001 -1.4170 2.5751 0.4584 -2.9034 
33.1398 24.3854 -4.4108 -2.3455 3.6801 -3.5861 -4.2934 0.9600 -1.3428 -2.4901 1.4572 0.0603 -2.7838 
32.5835 24.1375 -3.8958 -1.7983 3.8101 -3.8844 -4.7805 0.7780 -1.1574 -2.3773 1.4883 0.1918 -2.8285 
31.1545 22.9548 -3.7107 -1.2239 4.1074 -3.6005 -4.3638 0.9849 -1.3837 -2.8929 0.9946 0.0224 -2.6396 
30.9334 22.5127 -4.3709 -1.7161 4.2304 -3.1860 -4.2253 1.0833 -0.8850 -2.2286 1.4475 0.1667 -2.8327 
30.6644 22.2003 -4.7628 -2.3526 3.7040 -3.4361 -4.6320 0.4492 -1.2757 -2.3405 1.3726 0.3994 -2.1311 
29.8168 21.4406 -4.6514 -1.8434 3.7372 -4.0728 -5.1870 0.5082 -1.0331 -2.2998 1.5128 0.6661 -2.1678 
29.4918 21.2504 -4.7373 -2.3178 3.4642 -3.4914 -4.4260 0.7092 -1.1397 -2.5654 1.0116 0.6031 -1.3889 
28.9802 20.4956 -5.3441 -2.5150 3.4627 -3.6743 -4.7380 0.5312 -1.0972 -2.3907 0.9783 -0.0040 -2.2060 
28.9050 20.5521 -5.1324 -2.3449 3.7469 -3.1996 -4.3796 0.6595 -1.0431 -2.4133 0.8865 -0.0428 -2.3179 
28.9441 20.8642 -4.5821 -2.0523 3.7956 -2.9779 -3.9614 0.9004 -1.1857 -2.7125 0.7610 -0.0453 -2.4236 
28.5248 20.2360 -5.1044 -2.3655 3.2994 -3.8510 -4.5638 1.1796 -0.4578 -2.3959 0.6084 -0.1725 -2.6941 
28.0260 19.7745 -5.0278 -1.8373 3.9368 -3.4427 -4.5037 1.0231 -0.5261 -2.1263 0.9936 -0.1253 -2.6894 
27.1725 18.7080 -6.0475 -2.8461 3.7102 -2.5682 -3.5323 1.3773 -0.4331 -2.2097 0.5606 -0.3100 -2.2961 
26.2816 17.2226 -7.4806 -3.5248 3.5335 -2.7125 -3.3214 2.0535 0.0692 -2.1881 0.4319 -0.2750 -1.9066 
26.2396 17.6477 -6.5965 -3.2137 3.0275 -3.4970 -4.2816 0.8661 -0.9278 -2.7533 0.1242 -0.2076 -1.2801 
25.5811 16.7327 -7.3031 -3.5082 3.0131 -3.4188 -4.0789 1.2431 -0.3682 -2.0664 0.5674 -0.4249 -1.9984 
24.7537 15.6262 -8.1395 -3.9733 2.6956 -3.7406 -4.3342 0.8627 -1.0628 -2.5166 0.9254 0.2447 -1.6169 
25.1047 15.8866 -8.1171 -3.7357 3.2501 -3.0079 -3.4088 1.6214 -1.1952 -3.4342 0.1144 -0.3040 -2.4361 
25.8856 16.9767 -7.3836 -3.6401 3.1025 -3.1472 -3.7102 1.4958 -0.7466 -2.9739 0.0965 -0.2757 -2.0905 
25.3156 16.6051 -7.2275 -3.6119 3.0106 -2.8253 -3.0550 1.9831 -0.5665 -3.0332 -0.2630 -0.9297 -2.8683 
24.5551 15.3071 -8.4695 -3.9263 3.4099 -3.0293 -4.4323 0.3003 -1.5658 -3.3337 -0.3879 -1.1142 -3.0182 
25.2425 16.3817 -7.4808 -3.3550 3.9312 -2.0576 -3.2171 1.3877 -0.6002 -2.5028 0.2475 -0.4712 -2.3229 
25.0748 16.2977 -7.4857 -3.6983 3.3156 -2.4056 -3.1907 1.2691 -1.1933 -3.2334 -0.0749 -0.2497 -1.8431 
24.6344 15.7414 -7.5833 -3.2401 3.4781 -2.9431 -3.5252 1.6779 -0.6827 -2.9437 0.4251 0.4312 -1.4801 
24.4707 15.7938 -7.1015 -2.6996 3.9244 -2.4117 -2.9494 2.1515 -0.1309 -2.3065 0.6104 0.0121 -1.8590 
25.0208 16.2181 -7.2506 -2.8470 4.2092 -2.1893 -3.3293 1.5673 -0.3230 -2.1758 0.7266 -0.1629 -2.5383 
24.1991 15.4709 -7.3938 -3.0256 3.7123 -2.5104 -3.2367 1.6429 -0.4069 -2.0256 1.0950 -0.0216 -2.5532 
23.6783 14.4513 -8.9497 -4.6708 2.6946 -2.8338 -3.4136 1.3347 -0.7622 -2.4683 0.6683 0.0538 -1.8708 
24.1872 15.2201 -7.8996 -3.3506 3.6466 -2.6112 -3.4142 1.5881 -0.3833 -2.2170 0.6541 -0.2669 -2.2574 
24.5564 15.4315 -8.1926 -3.7635 3.4655 -2.5533 -3.4199 1.0785 -1.4303 -3.2154 0.1185 -0.6361 -2.7971 
24.0279 15.1357 -7.7875 -3.1725 3.8907 -2.3121 -3.1963 1.5514 -0.8363 -2.9056 0.2364 -0.4523 -2.7504 
24.1150 15.3200 -7.5007 -2.9864 3.5991 -3.1271 -3.9440 1.4827 -0.4362 -2.8402 -0.3752 -1.1667 -2.7657 
24.1741 15.4553 -7.3993 -3.0211 3.7082 -2.7140 -3.6311 1.4465 -0.4793 -2.6315 0.1225 -0.1940 -1.6362 
23.6182 14.5826 -8.4455 -3.9791 3.4615 -1.9846 -2.7102 1.3906 -1.5310 -3.4738 0.0637 -0.3545 -2.5596 
23.3838 14.9530 -7.1515 -2.9399 3.6792 -2.1098 -2.7565 1.7228 -0.4405 -1.8932 1.3315 0.3683 -2.1651 
23.4747 14.7898 -7.6204 -3.1662 3.8221 -1.8897 -2.6401 1.6402 -0.7009 -2.1330 1.0596 -0.1561 -2.6429 
24.1005 15.5829 -7.0169 -2.7578 3.9826 -1.9691 -2.6951 1.7985 -0.6575 -2.5914 0.3883 -0.4435 -2.5036 
23.7424 15.3388 -6.9585 -2.8634 3.5984 -2.2883 -2.7349 1.7998 -1.0426 -3.2836 0.0100 -0.4024 -2.5772 
23.4887 14.8828 -7.4970 -3.0637 3.9367 -2.0947 -3.1935 1.5480 -0.2528 -2.2161 0.4159 -0.2200 -2.0872 
23.7880 14.9325 -7.9864 -3.6529 3.4972 -2.2627 -3.1374 1.2607 -1.1210 -2.8851 0.5081 0.1282 -1.9927 
23.7538 14.9532 -7.8760 -3.6153 3.3605 -2.4705 -3.3546 1.0034 -1.2763 -2.8226 0.5784 0.1213 -1.8425 
23.7277 14.9977 -7.7134 -3.3088 3.9329 -1.7455 -2.6487 1.8304 -0.3360 -2.0905 1.0683 0.4016 -2.0926 
23.3155 14.4848 -7.7662 -2.8671 4.0081 -2.2911 -2.9377 2.0925 -0.1177 -2.1051 1.0081 0.3998 -1.7072 
23.7154 14.9274 -7.6739 -3.0514 3.9535 -2.1915 -3.1738 1.4144 -0.7947 -2.6370 0.3701 -0.3147 -2.1872 
23.3068 14.7246 -7.4292 -2.9449 3.8340 -2.2358 -3.1887 1.2427 -1.0950 -2.9789 0.0503 -0.5762 -2.4009 
22.9864 14.4369 -7.6180 -3.3502 3.3091 -2.7369 -3.7081 0.9555 -0.9896 -2.9594 -0.2706 -0.8256 -2.6060 
22.9109 13.9354 -8.1986 -2.9622 4.4090 -1.7312 -2.9636 1.1211 -1.6114 -3.4860 -0.0587 -0.5423 -2.6367 
23.1887 14.6187 -7.4952 -3.0343 3.7779 -2.3394 -3.3608 1.3917 -0.4829 -2.4603 0.0984 -0.7783 -2.7728 
23.0527 14.2949 -8.0171 -3.5628 3.4969 -2.1662 -2.8687 1.6388 -0.7782 -2.8675 0.1213 -0.3226 -2.2684 
23.3286 14.9087 -7.2065 -3.1310 3.4480 -2.1021 -2.5639 1.5734 -1.2765 -3.1702 -0.0184 -0.8383 -2.8922 
23.5615 14.9632 -7.3812 -3.0356 3.6530 -2.2006 -2.6544 2.0154 -0.4174 -2.3236 0.6920 -0.1426 -2.1957 
23.3709 14.6521 -7.7169 -3.1836 3.8369 -2.0232 -3.0412 1.0796 -1.3645 -3.0060 0.2872 -0.1683 -2.0544 
22.9035 13.9126 -8.3588 -3.3849 3.7870 -2.4529 -3.6283 0.8676 -1.2647 -2.8089 0.5779 -0.1314 -2.5811 
22.9460 14.2970 -7.5456 -2.6839 4.0268 -2.5350 -3.5846 1.3449 -0.7767 -2.9244 0.1666 -0.1985 -2.4247 
23.3364 14.5395 -7.9660 -3.5511 3.3310 -2.6584 -3.4524 1.2073 -1.1346 -3.3044 -0.4305 -0.9063 -2.7716 
23.1672 14.5102 -7.8297 -3.5310 3.4451 -2.3816 -3.3185 1.3814 -0.5987 -2.7681 -0.1147 -0.3684 -1.9303 
22.6636 14.0529 -7.9288 -3.5823 3.5181 -1.7942 -2.4435 1.8606 -0.4544 -2.3147 0.4453 -0.5205 -2.5956 
22.3348 13.4172 -8.3818 -3.2328 4.1129 -1.7591 -2.6759 1.9015 -0.2600 -2.2791 0.1856 -1.0838 -3.2770 
22.8684 13.9800 -8.4235 -4.0497 2.8646 -2.9672 -3.6758 1.0180 -1.0973 -2.7952 0.4124 -0.3161 -2.7237 
22.8793 14.4135 -7.4974 -3.2579 3.5334 -2.0625 -2.8037 1.5589 -0.6126 -2.2796 0.7260 0.0862 -1.7858 
22.8443 14.1589 -7.7869 -2.9882 4.2508 -1.3948 -2.1907 2.2336 -0.0890 -1.9843 0.9825 0.2257 -2.0887 
22.8151 14.2095 -7.5833 -2.8562 4.0364 -1.8632 -2.6856 1.5808 -1.0433 -2.9200 0.3530 -0.2378 -2.4451 
22.4469 14.0662 -7.0947 -2.1342 4.7362 -1.1055 -1.9387 2.1893 -0.4885 -2.5632 0.1289 -0.7784 -2.5269 
21.5641 12.6688 -8.7697 -3.8758 3.1645 -2.5394 -3.1655 1.3589 -1.2293 -3.5741 -0.6998 -1.0390 -2.7744 
23.0095 14.5967 -7.1681 -2.6704 4.0383 -2.0053 -2.9758 1.4846 -0.6852 -2.2998 1.0797 0.4049 -2.3580 
23.0220 14.6054 -7.3581 -3.1153 3.7017 -2.1895 -3.2936 1.2979 -0.4599 -2.2989 0.4153 -0.0544 -1.7552 
22.8291 13.9168 -8.2364 -3.3035 3.8785 -2.2026 -3.2227 1.3815 -0.7813 -2.6583 0.4841 0.1722 -1.6970 
23.5198 15.0405 -7.0087 -2.4443 4.2707 -1.6723 -2.2552 2.2147 -0.5559 -2.8947 -0.0891 -0.6526 -2.3515 
22.3899 13.8749 -7.4796 -2.5052 4.3912 -1.9993 -3.4811 0.9600 -0.9660 -2.9975 -0.4661 -1.0095 -2.5529 
21.7948 13.5866 -7.1740 -2.2510 4.9700 -0.8497 -2.5640 1.3357 -0.5967 -2.3547 0.4119 -0.1526 -2.0814 
