19.9475 12.7635 -6.3869 -3.1063 3.0436 -1.1594 -1.5646 2.3058 0.4235 -1.5395 0.5587 0.0452 -1.5303 
21.4392 13.2637 -7.8536 -3.8406 3.8703 -0.2672 -1.4895 1.7023 -0.4651 -2.2721 -0.0589 -0.6207 -1.7701 
21.4540 12.3430 -9.4061 -4.0403 4.3369 -1.1654 -3.0319 1.4327 0.3285 -1.5353 0.3978 -0.5335 -1.9532 
20.9754 12.3498 -8.5102 -3.4888 4.0371 -1.4625 -2.8850 1.4677 -0.0097 -1.9163 0.1868 -0.5952 -2.2067 
21.7199 13.3784 -7.7835 -3.5096 3.4219 -1.8303 -2.7004 1.5015 -0.4928 -2.3350 0.1715 -0.4756 -1.8798 
21.5977 13.6587 -6.9884 -2.9099 3.7834 -1.3487 -2.2051 1.8839 -0.1177 -1.9957 0.6451 0.4585 -1.0107 
26.6314 17.2607 -8.3711 -4.4662 3.7624 -2.0000 -3.2871 2.1899 0.6325 -2.9376 -1.6565 -1.2132 -1.2539 
29.1171 18.6683 -9.9559 -6.1233 3.0595 -3.2265 -5.0097 1.3247 0.3369 -3.8669 -2.9468 -1.8939 -1.5585 
26.2465 16.6670 -8.6996 -4.0588 4.4617 -1.9023 -3.7201 2.0365 1.0289 -2.2163 -0.6452 -0.1582 -0.8770 
24.4655 15.4928 -7.9511 -3.3443 4.2695 -1.9661 -3.1496 2.6128 1.3507 -1.7305 0.1306 0.5042 -0.5217 
24.0567 15.2107 -8.1252 -4.1578 3.1250 -2.5771 -3.4056 2.0807 0.8556 -1.6642 0.2431 -0.0389 -1.4162 
23.4809 14.7112 -8.1140 -3.9568 3.4524 -1.9014 -2.7279 1.9543 -0.1177 -2.6780 -0.4826 -0.8430 -2.1834 
26.3364 15.7902 -10.6133 -5.2838 4.1797 -1.8981 -3.7234 1.2846 -0.5377 -3.0611 -0.5535 -0.8662 -2.3980 
25.0077 14.8997 -9.8644 -4.1803 4.5706 -1.8230 -3.3131 2.0170 0.3552 -2.1697 0.1007 -0.1994 -1.3360 
24.3361 15.0169 -8.4847 -3.4386 4.2445 -1.7753 -2.4353 2.6325 0.1882 -2.3461 0.3817 -0.1186 -1.8404 
23.8922 15.1499 -7.8635 -3.8789 3.2649 -1.9540 -2.1777 2.7108 0.3931 -2.1050 0.3628 0.1064 -1.1392 
23.1427 14.8162 -7.4310 -3.7991 3.0425 -2.1483 -3.0219 1.1254 -0.8273 -2.3637 0.5809 0.0150 -1.9612 
23.7904 15.2754 -7.4046 -3.3822 3.7961 -1.5493 -2.3482 2.0139 -0.2433 -2.1194 1.0889 0.8175 -1.2960 
24.6198 15.8833 -7.6284 -3.7249 3.6223 -1.8191 -2.7122 1.7891 -0.2722 -2.1273 0.7779 0.1843 -1.6783 
23.7629 14.8768 -8.3640 -4.5175 2.8366 -1.9814 -2.1250 2.3354 -0.3308 -2.4189 0.7222 0.2936 -1.5805 
24.5885 15.9538 -7.5864 -4.1722 2.8475 -2.1789 -2.6365 1.4431 -1.2889 -3.0521 0.4243 0.0040 -2.2715 
24.1247 15.5064 -7.7477 -4.1726 3.2192 -1.3516 -1.7423 2.2088 -0.4761 -2.2526 0.9209 0.1524 -2.2598 
23.6289 15.0886 -7.7578 -4.2181 2.9011 -1.6690 -1.8186 2.1995 -0.6659 -2.4874 1.0649 0.9537 -0.9445 
24.1846 15.7408 -6.9011 -2.6743 4.4279 -1.0680 -1.8645 2.1718 -0.6500 -2.7101 0.4749 0.0794 -1.8631 
23.1031 14.3461 -8.4408 -4.8419 2.0037 -3.1353 -3.3309 1.4398 -1.0268 -3.4767 -0.5441 -0.6380 -2.6157 
23.6091 14.9748 -7.9794 -4.3156 2.9943 -1.8192 -2.4036 1.8556 -0.3220 -2.1611 0.7499 0.4242 -1.3429 
24.3829 15.6898 -7.8558 -4.3201 3.1352 -1.5730 -1.9671 2.4056 -0.0454 -2.1445 0.8349 0.4053 -1.6236 
24.1914 15.4236 -7.8268 -3.7601 3.7282 -1.5424 -2.4736 1.6895 -0.6767 -2.5328 0.5630 0.0760 -2.0617 
23.6905 15.1837 -7.4260 -3.5638 3.3188 -1.8646 -2.2428 1.8792 -0.9822 -2.8162 0.7008 0.2346 -2.0694 
23.0032 14.8291 -7.0252 -3.2597 3.3754 -1.9194 -2.5192 1.7946 -0.6116 -2.8101 -0.0336 -0.2875 -1.8325 
23.9879 15.4807 -7.2448 -3.3601 3.2577 -2.5007 -2.9863 1.7372 -0.7044 -2.7845 0.5418 0.3460 -1.9113 
23.8189 15.3641 -7.2789 -3.5482 3.0375 -2.5080 -2.9237 1.6359 -0.9123 -3.0874 -0.0534 -0.4278 -2.3193 
24.2120 15.7504 -7.0866 -3.1334 3.8927 -1.6271 -2.5061 1.7822 -0.4338 -2.0989 1.1194 0.6188 -1.6014 
23.7292 15.1798 -7.5000 -3.6562 3.1440 -2.0503 -1.9811 2.8729 0.2510 -2.0209 1.0865 0.6209 -1.6580 
22.7779 13.6687 -8.9103 -4.3219 2.8615 -3.0059 -3.7462 1.2600 -0.5893 -2.5565 0.3079 -0.0764 -1.8642 
23.5741 14.7137 -8.1069 -3.8960 3.0892 -2.3106 -2.3205 2.5177 -0.2550 -2.4070 1.0696 0.5844 -2.0274 
23.3549 14.7697 -7.5537 -3.2665 3.7101 -1.8000 -2.2902 2.3479 0.0540 -1.8871 1.1989 0.7985 -1.2094 
23.4607 14.6820 -7.6827 -2.8258 4.4641 -1.3350 -2.1797 2.1099 -0.4641 -2.1071 1.4353 0.6407 -2.1580 
24.2354 15.5221 -7.5123 -3.3799 3.5338 -2.2010 -2.6193 2.2121 -0.2474 -2.3179 0.9451 0.4023 -2.0005 
23.4954 14.8205 -7.4568 -2.7858 4.0939 -1.9514 -2.5105 2.4773 0.3176 -1.7330 1.0666 0.2417 -1.7605 
23.8633 15.1034 -7.5118 -2.8102 4.3062 -1.6820 -2.4423 2.1792 -0.3323 -2.4110 0.6554 -0.1826 -2.6421 
23.8649 15.1296 -7.7579 -3.6340 3.3139 -2.4887 -3.3110 1.3737 -0.5338 -2.2613 0.5468 -0.1960 -2.0533 
23.2625 14.5404 -7.8787 -3.5463 3.4255 -2.1330 -2.4761 2.4892 0.4075 -1.7478 0.6759 -0.3065 -2.2335 
23.7799 15.3355 -7.2262 -3.1469 4.1015 -1.1499 -1.9761 2.2840 0.0452 -1.8965 0.8116 0.0169 -1.9390 
24.1081 15.4397 -7.2505 -2.6976 4.2463 -1.9313 -2.7363 2.2144 0.1414 -1.8915 1.0220 0.3930 -1.7043 
23.6828 15.0930 -7.3465 -2.9847 3.9275 -1.8136 -2.5453 1.8356 -0.4601 -2.1444 0.7173 -0.2461 -1.8986 
23.9943 15.0807 -8.0562 -3.9101 2.8989 -3.0866 -3.6074 1.4480 -0.6160 -2.5908 0.2380 -0.6474 -2.7084 
23.4942 15.1220 -7.3225 -3.6912 3.1255 -1.7037 -1.6748 2.8727 0.3715 -1.8035 0.7418 -0.2808 -2.4612 
23.1792 14.6146 -7.7192 -3.6474 3.4794 -1.4416 -1.7681 2.2790 -0.5181 -2.3272 0.9373 0.2695 -1.9709 
23.9303 15.2533 -7.7680 -3.9549 3.0282 -2.2422 -2.5479 2.0373 -0.6375 -2.9480 0.1521 -0.1370 -2.0394 
24.3256 15.4840 -7.8108 -3.7889 3.1129 -2.4774 -2.5253 2.5936 -0.0023 -2.5318 0.3955 -0.0450 -2.2217 
23.8621 15.1998 -7.5228 -3.2133 3.9262 -1.6582 -2.2329 2.4283 -0.1569 -2.7738 -0.1208 -0.3147 -1.7315 
25.9131 16.0102 -9.4565 -4.4478 4.7643 -0.8367 -2.8876 1.2209 -0.3732 -1.7315 0.9350 -0.2767 -2.2483 
27.7760 16.2769 -11.4761 -4.4875 6.4793 -0.3659 -3.2563 1.5119 0.0543 -1.5537 1.0983 -0.5382 -2.7548 
27.2673 15.7368 -10.8289 -2.6995 6.8903 -1.8815 -3.7574 2.8767 0.9045 -1.6621 1.7024 0.6158 -2.2948 
26.4883 15.6865 -10.1342 -3.2337 5.7557 -2.2070 -3.7842 2.7693 1.0331 -1.8311 1.1173 0.5251 -2.0320 
25.3345 15.5075 -9.0045 -3.4878 4.4026 -2.7366 -3.8750 2.2686 0.6969 -1.9742 0.5684 0.0409 -1.8341 
24.3633 15.1446 -8.1227 -2.8888 4.5916 -2.0362 -3.0927 2.2580 0.4046 -1.7623 1.0377 0.3462 -1.6975 
24.7112 15.5124 -8.3304 -3.8698 3.6765 -1.9399 -2.3249 2.7667 0.5128 -1.8090 0.6834 -0.3374 -2.3242 
24.0962 15.6034 -6.9916 -2.7696 3.9890 -1.8465 -2.2604 2.7088 0.3852 -2.0810 0.2543 -0.6773 -2.4314 
24.4305 15.4388 -7.9379 -3.4391 3.9274 -1.8300 -2.4298 2.3838 -0.0318 -2.2489 0.7382 0.3551 -1.4671 
27.3276 15.9742 -10.6221 -3.0650 6.1698 -2.0196 -2.9561 3.6807 0.5771 -2.7363 1.2708 0.9591 -2.1565 
29.1889 16.8275 -11.1647 -2.1720 6.7929 -3.5775 -3.8611 4.8042 1.0130 -3.5297 1.1829 1.1270 -3.0149 
28.8111 18.0140 -8.0888 -0.1854 7.1938 -3.3817 -4.0041 4.1994 0.9790 -3.0486 1.2954 1.0894 -2.9488 
31.0590 21.2156 -5.4430 0.8348 6.8672 -3.5927 -4.3541 1.9676 -2.6541 -5.9141 -0.6912 -0.9364 -4.2461 
33.8556 22.6201 -6.9154 0.2739 7.2204 -3.7904 -3.8201 3.2667 -2.4194 -6.0309 0.1622 -0.3327 -4.4304 
35.5574 23.2676 -7.9666 0.7157 8.9050 -3.3043 -4.0453 4.0211 -1.2835 -5.8163 -0.2337 -0.1022 -3.2043 
36.6014 23.4715 -8.8668 0.7095 9.0851 -3.8182 -3.9543 4.5142 -1.9926 -6.8176 -0.0064 0.3821 -3.3070 
38.0456 24.0698 -10.3920 -0.6943 9.1864 -3.3875 -4.5255 3.3257 -2.7616 -6.9529 0.0533 0.2765 -3.8172 
38.2279 24.2481 -10.7025 -1.2171 9.7142 -2.0899 -4.2048 2.6461 -3.1997 -7.2107 -0.4434 0.0116 -3.7884 
38.3830 24.6493 -10.5489 -1.8838 9.0246 -2.0825 -3.9662 2.6845 -3.5279 -8.0684 -1.1895 0.0538 -3.6026 
38.8192 25.1234 -10.6556 -2.3111 9.5363 -0.7073 -3.4517 2.1508 -3.4674 -7.1382 -0.6249 -0.0071 -3.7077 
39.3357 25.7917 -10.5157 -2.8003 9.2810 -0.6281 -3.8618 1.5615 -3.3433 -6.6849 -0.4724 0.1167 -3.5649 
39.1748 26.3919 -9.7124 -3.4705 8.5742 -0.0687 -3.8653 0.3646 -3.7252 -5.9791 -0.3063 -0.3851 -3.9015 
40.0445 27.5150 -9.3446 -4.1504 8.1241 0.6314 -3.2623 -0.2491 -4.4498 -5.7170 0.0267 -0.8228 -4.1404 
40.1984 28.4245 -8.2094 -4.2806 7.5809 0.8892 -2.8836 -0.1076 -4.0475 -5.4723 -0.1726 -0.6544 -3.5213 
40.8672 28.9562 -8.6456 -5.6422 5.9515 -0.1534 -3.2032 -0.3882 -4.5671 -5.7386 -0.0762 -0.6451 -3.6556 
40.6490 29.6830 -7.1941 -5.6912 4.8089 -0.3390 -2.3685 0.4129 -4.0441 -5.5234 -0.0994 -0.2826 -2.7375 
40.0687 29.8467 -6.1281 -5.5222 4.1239 -0.7984 -2.4760 0.8135 -3.1146 -5.2325 -0.8055 -0.5076 -1.9322 
40.1037 29.5494 -6.4516 -5.4229 3.7443 -1.5286 -2.2601 1.3367 -3.5573 -5.7471 -0.5441 -0.3229 -2.0547 
39.8311 29.4388 -6.2796 -5.7109 2.7541 -2.3603 -2.3958 1.4418 -3.4395 -5.5522 -0.6764 -0.7759 -2.1478 
39.4580 29.9502 -4.7678 -5.2180 2.0933 -2.7452 -2.2233 1.8663 -2.5466 -4.5724 -0.4794 -1.0234 -1.7878 
39.0744 29.7655 -4.4491 -5.0719 1.5847 -3.4891 -2.5133 2.0640 -2.3041 -4.4031 -0.1714 -0.6484 -1.6422 
39.1812 29.1052 -5.6932 -5.6100 0.9713 -4.8008 -3.2246 2.0547 -2.8346 -4.8995 0.2760 -0.3855 -2.2524 
39.5019 28.1596 -7.8890 -6.5472 0.7789 -6.1088 -4.7274 1.6897 -2.9840 -5.6790 -0.5712 -0.9175 -2.5199 
39.7875 28.6405 -7.5377 -6.5873 1.0944 -4.4860 -2.5969 2.6869 -2.8352 -4.9762 0.2468 -1.2086 -3.1905 
39.9760 28.6432 -7.7013 -6.5039 1.0633 -4.9659 -3.0924 2.5492 -2.6130 -4.5621 0.2484 -1.9083 -3.6785 
38.7825 27.4221 -8.1252 -6.5461 1.0283 -5.1439 -3.3977 2.2536 -2.9149 -4.7188 0.8095 -0.7425 -3.0202 
39.5245 29.0361 -6.4030 -6.2617 0.3399 -5.2676 -2.8054 2.9321 -2.4809 -4.7162 0.5259 -1.0507 -3.6143 
39.7797 28.8444 -6.5480 -4.8759 2.1849 -4.7256 -2.9336 3.2612 -1.9924 -4.2614 1.3213 -0.1952 -3.1573 
38.5936 28.0430 -6.4160 -5.3245 1.1640 -5.2195 -3.0911 2.7144 -2.6432 -4.5934 1.1079 -0.4936 -3.6778 
36.8606 25.8693 -7.4594 -4.7923 2.1454 -5.1864 -3.8546 2.0421 -2.9645 -4.5298 1.5441 -0.3725 -4.4943 
37.2954 26.9746 -6.0206 -4.0888 2.2951 -4.6772 -3.0228 2.8464 -2.0267 -3.6198 1.8872 -0.4606 -4.3854 
36.9176 26.8863 -5.6523 -3.5853 3.3789 -3.5371 -3.1499 1.9086 -2.5531 -4.0047 1.2644 -0.7518 -4.1881 
35.7464 25.9993 -5.4692 -3.5581 2.6234 -4.4457 -3.6262 1.8039 -2.5463 -4.1115 0.9180 -1.2786 -4.8312 
34.8281 25.6462 -4.8210 -3.2182 2.8463 -4.0595 -3.7338 1.6770 -1.8464 -3.2921 1.3593 -0.6849 -4.4009 
33.1980 24.5245 -4.4813 -2.8620 3.3165 -3.2076 -3.4209 1.6613 -1.3510 -3.2169 0.4534 -0.9438 -3.3584 
31.8868 23.3901 -4.4790 -2.5724 3.2665 -3.5980 -3.8927 1.4393 -1.4711 -3.6925 0.0087 -0.6929 -3.0534 
31.5482 23.3348 -4.3705 -3.0285 3.0926 -2.8386 -3.3305 1.3707 -1.0098 -2.6243 0.5311 -0.6741 -2.7334 
30.0992 22.0754 -4.3124 -2.3969 3.5758 -2.9520 -3.8709 1.3465 -0.4329 -2.4974 0.2109 -0.6012 -2.6949 
29.9482 21.9456 -4.3161 -2.3808 3.5992 -2.8318 -3.7605 1.1955 -0.8335 -2.9039 -0.0644 -0.6042 -2.1850 
28.5063 20.7762 -4.2910 -2.1907 3.7812 -2.5014 -3.8983 0.3714 -1.7309 -3.4816 -0.1299 -0.0632 -1.7362 
27.9121 20.1239 -4.5785 -2.3821 3.4712 -2.4773 -3.1985 1.1975 -1.2839 -3.2861 -0.2093 -0.5383 -2.2332 
26.9659 18.9686 -5.0308 -1.9811 3.8041 -3.0010 -3.8299 1.4248 -0.7804 -3.4280 -0.6061 -0.5171 -1.9464 
26.4430 18.0797 -6.0054 -2.5512 4.0485 -1.9278 -2.5711 2.0586 -0.5892 -2.9723 -0.1601 -0.7309 -2.5353 
26.6650 18.1411 -6.2713 -2.5901 4.4386 -1.8059 -3.1221 1.4039 -0.9763 -3.2186 0.0566 0.1621 -1.6691 
26.1098 17.7999 -6.2490 -2.9568 4.0340 -1.6508 -2.9274 1.2774 -0.8285 -2.7821 -0.0467 -0.5313 -2.2119 
25.5474 16.8364 -7.0483 -3.2195 3.5318 -2.6101 -3.2413 1.6488 -1.0438 -3.6296 -0.4544 -0.4470 -2.3920 
25.1489 16.6026 -6.8341 -3.0919 3.2638 -3.1934 -4.0805 0.7823 -1.4154 -3.4150 -0.2781 -0.7542 -2.8786 
25.1385 16.6748 -6.7771 -3.0251 3.9445 -1.8269 -2.7493 1.9279 -0.1701 -2.5092 -0.1004 -0.7333 -2.6218 
25.5319 16.8644 -6.8712 -2.7707 4.2849 -1.8247 -2.7555 1.9418 -0.6246 -3.1467 -0.0874 0.0249 -1.6389 
25.1806 16.4455 -7.1385 -2.8532 4.4133 -1.6003 -2.4847 2.4266 0.0629 -2.5829 -0.0004 -0.5841 -2.6083 
24.3511 15.5431 -7.6023 -3.1887 4.1678 -1.3861 -1.9335 2.7034 0.0700 -2.4031 0.1888 -0.6935 -2.7499 
25.0123 16.4933 -6.9870 -3.1227 4.2132 -1.3928 -2.6907 1.4927 -0.7817 -3.0233 -0.3729 -0.7523 -2.4998 
25.0921 16.2249 -7.6760 -3.4947 4.2717 -1.4922 -2.8952 1.8466 0.0242 -2.5609 -0.3638 -0.6161 -2.1112 
24.8447 15.9074 -7.8799 -3.7171 3.7859 -1.9887 -3.0723 1.6324 -0.4783 -2.8333 -0.2022 -0.5993 -2.4502 
24.6500 15.8618 -7.6507 -3.6309 3.6088 -2.0487 -2.6640 2.3817 0.1391 -2.5509 0.0617 -0.0926 -1.8525 
23.7005 15.0749 -7.7943 -4.0227 3.0627 -2.0215 -2.5583 1.8346 -0.2108 -1.9496 0.5617 -0.4850 -2.3629 
23.9034 15.4525 -7.1902 -3.3060 3.5173 -1.8796 -2.2371 2.4191 -0.1025 -2.5747 0.0385 -0.3719 -1.9922 
23.4646 14.7917 -7.6144 -3.2037 3.7363 -1.8693 -2.1653 2.5972 0.0447 -2.0981 0.9739 0.3416 -1.9107 
23.4685 14.5693 -8.1586 -3.6932 3.5663 -1.8261 -2.1617 2.3761 -0.4374 -2.7943 0.0391 -0.8373 -3.0330 
23.5797 14.8759 -7.6693 -3.2367 3.8023 -2.0558 -2.7727 2.1568 0.2369 -1.7163 0.9793 0.0381 -2.1699 
23.9187 15.7078 -6.8701 -3.5644 2.9042 -2.1877 -2.5433 1.6049 -0.7118 -2.2144 0.6212 -0.5127 -2.4915 
23.3415 15.1381 -6.8748 -3.1754 3.0774 -2.4641 -2.5213 2.5636 0.4828 -1.6427 0.9888 0.1540 -1.9517 
23.8412 15.6196 -6.8089 -3.0887 3.6611 -1.8208 -2.4514 2.3157 0.2066 -2.2103 0.4295 0.2629 -1.5781 
23.6114 15.5330 -6.4258 -2.5795 3.8315 -1.9122 -2.7112 1.6559 -0.4198 -2.0063 0.9642 0.0830 -2.1575 
23.3476 14.9588 -7.2342 -3.1643 3.7160 -1.7973 -2.4799 2.1300 0.0015 -2.1061 0.7290 0.5673 -1.0711 
23.5853 15.1258 -7.5033 -3.8890 2.8810 -2.3539 -2.8746 1.5483 -0.5786 -2.3233 0.5057 -0.2601 -2.2844 
23.7662 14.9122 -8.0414 -3.7487 3.5002 -2.0684 -2.6844 2.0476 -0.3152 -2.7136 -0.1731 -0.9157 -2.7369 
23.6887 15.0689 -7.4896 -3.2809 3.5901 -1.9621 -2.2466 2.5046 0.0319 -2.0092 1.0261 0.1454 -2.4551 
24.4334 15.9259 -6.9920 -3.0655 3.6015 -1.9664 -2.0804 2.6835 -0.1394 -2.7558 -0.0911 -0.4877 -1.8961 
23.1791 14.5207 -7.8454 -3.5517 3.6744 -1.4950 -1.9138 2.4547 -0.2315 -2.4054 0.7458 0.5375 -1.3104 
23.1018 14.5488 -7.5754 -3.2772 3.6358 -1.7975 -2.1095 2.5840 0.1333 -2.0225 0.8530 0.1181 -2.1813 
23.3607 14.5000 -8.0382 -3.6461 3.0496 -2.7758 -2.8682 2.1753 -0.3114 -2.4473 0.4800 -0.4829 -2.8528 
22.8415 13.7823 -8.7613 -4.1900 3.0602 -2.3672 -2.5024 2.6096 0.2892 -2.1774 0.3095 -0.4672 -2.4038 
23.3706 15.0604 -7.0269 -3.0408 3.5003 -2.3500 -3.1171 1.6345 -0.2556 -2.2509 0.2078 -0.7183 -2.6648 
22.7308 14.2350 -7.5919 -3.2761 3.4410 -2.4082 -3.2796 1.2829 -0.6811 -2.4144 0.5134 0.0213 -1.6159 
22.7157 14.4186 -7.4450 -3.6307 3.1484 -2.0699 -2.7132 1.7917 -0.0938 -2.1039 0.2043 -0.3938 -1.6690 
22.7620 14.0952 -8.1805 -4.1417 2.8159 -2.5960 -3.1395 1.7841 0.0718 -1.7931 0.8642 0.0870 -2.0542 
23.2785 14.9544 -7.1703 -3.2853 3.3883 -1.9965 -2.3345 2.4016 0.1199 -2.1099 0.6122 0.0663 -1.9574 
23.1096 14.7958 -7.1893 -3.2738 3.3593 -1.9944 -2.3700 2.1038 -0.3828 -2.4837 0.5511 0.2966 -1.5481 
22.8472 14.4740 -7.5562 -3.7594 3.1280 -1.6986 -1.8835 2.4297 -0.1604 -2.3315 0.5895 0.4337 -1.2221 
23.4009 14.9864 -7.1897 -3.1347 3.4717 -2.0719 -2.2950 2.5439 0.2067 -2.1038 0.2896 -0.6790 -2.5967 
22.6124 14.0742 -7.8357 -3.6252 3.3920 -1.7407 -2.2326 1.9550 -0.5379 -2.3671 0.6793 0.1346 -1.8031 
22.9731 14.6884 -7.3647 -3.6800 3.0317 -2.3234 -3.2049 1.0918 -0.7990 -2.5128 0.1522 -0.6110 -2.5995 
22.9736 14.7263 -7.0384 -2.9572 3.7572 -1.7300 -2.3657 2.1789 0.1174 -1.8711 0.6516 -0.1228 -1.8227 
22.9730 14.6545 -7.1964 -3.1229 3.4685 -2.3742 -3.3355 1.1685 -0.7641 -2.6090 0.1394 -0.4333 -2.3127 
23.0013 14.7962 -6.9929 -3.0143 3.6939 -1.8195 -2.7912 1.2746 -0.9054 -2.4805 0.5908 -0.0848 -2.2226 
23.1703 14.7892 -7.3723 -3.3980 3.5597 -1.7787 -2.5682 1.7646 -0.4145 -2.3602 0.4984 0.0618 -1.8444 
22.9080 14.8575 -6.9386 -3.4646 3.1770 -1.6170 -1.9103 2.3755 0.2137 -1.4750 1.3811 0.5736 -1.6625 
23.0820 14.8831 -7.0230 -3.3205 3.1804 -1.9345 -1.9526 2.7693 0.4030 -1.8763 0.6783 0.1384 -1.5893 
22.7573 14.5544 -7.0510 -3.0032 3.8242 -1.2391 -1.7866 2.3150 0.2184 -1.1867 1.4815 0.2649 -1.5985 
22.5342 14.6937 -6.4794 -2.7558 3.6879 -1.5899 -2.1553 2.7427 1.5737 -0.0842 2.0182 0.9823 -1.1419 
23.1709 14.9815 -6.7859 -2.6100 4.1694 -1.4503 -2.2569 2.3110 0.3169 -1.7247 0.7806 -0.0383 -2.1091 
23.3967 14.9768 -7.2059 -2.7318 4.7758 -0.6543 -1.9008 2.2584 0.0175 -2.1833 0.6401 0.5210 -1.2944 
22.5449 14.0197 -7.7064 -3.3131 3.5991 -1.7030 -2.0703 2.2735 -0.3196 -2.2398 0.8429 0.2673 -1.5879 
23.0894 14.9265 -7.0913 -3.5611 3.1841 -1.6241 -1.9409 2.4626 0.5533 -1.2397 0.9209 -0.1532 -1.6022 
23.7003 15.7535 -6.3145 -2.8906 3.6496 -1.2550 -1.7243 2.0071 -0.5576 -1.9837 1.0203 -0.1016 -2.2264 
23.4910 15.1165 -6.9360 -2.5573 4.3000 -1.3962 -2.0245 2.6177 0.4029 -1.7007 0.9536 0.4109 -1.1232 
24.0701 15.5412 -7.0170 -2.5825 4.4165 -1.4233 -2.1637 2.4462 0.1900 -1.7242 1.0567 -0.0691 -2.3504 
23.0226 14.6718 -7.1874 -2.9531 3.9104 -1.5375 -2.1912 2.0628 -0.4548 -2.4013 0.6777 0.1788 -1.6920 
22.4844 13.9377 -7.9739 -3.8012 3.2013 -2.1837 -2.8847 1.7236 -0.2638 -2.1820 0.7381 0.3232 -1.7141 
22.6364 14.2318 -7.5213 -3.4134 3.2440 -2.1594 -2.3270 2.5841 0.2103 -2.2388 0.4791 0.1317 -1.7115 
22.5813 14.3455 -7.1052 -2.9438 3.6517 -1.7223 -2.0839 2.2784 -0.3690 -2.5526 0.2939 -0.3628 -2.3935 
22.6553 14.4176 -7.1155 -2.9193 3.9610 -1.2502 -1.9575 2.0603 -0.2497 -1.9259 0.7497 -0.3062 -2.1794 
23.0398 14.8699 -6.8238 -2.8302 3.6558 -1.9540 -2.6394 1.7902 -0.1442 -1.6491 1.1606 0.2720 -1.5741 
22.0214 14.1573 -6.5968 -2.6592 3.5667 -1.9146 -2.4171 2.2014 0.2121 -1.8542 0.7956 0.6189 -0.8480 
