nan nan nan nan nan nan nan nan nan nan nan nan nan 
nan nan nan nan nan nan nan nan nan nan nan nan nan 
nan nan nan nan nan nan nan nan nan nan nan nan nan 
nan nan nan nan nan nan nan nan nan nan nan nan nan 
nan nan nan nan nan nan nan nan nan nan nan nan nan 
12.8410 -1.9634 0.4074 0.1235 -1.2532 0.0884 -0.2257 -0.1505 0.1810 -0.1862 0.1077 -0.2321 0.2874 
12.3958 -0.3859 1.0961 -1.0505 -1.6423 0.0296 -1.0784 -0.4287 -0.0690 -1.0120 -0.7493 -0.2058 0.4496 
12.9458 -0.2152 0.6881 -0.6047 -1.1136 0.6204 -0.8094 -0.1313 -0.3142 -0.1331 0.1355 -0.5586 -0.2280 
13.0736 -2.4769 0.3952 -1.1485 -0.2101 0.4790 0.6958 0.2614 0.0734 0.2016 -0.0180 -0.6377 -0.1967 
16.0907 -0.2475 2.4521 -0.9858 -0.5808 -0.1106 -0.1943 -0.3155 -0.1658 -0.3739 -0.5188 -0.8314 0.5506 
13.2841 -0.6770 0.4402 -0.4150 -1.2598 0.0534 -1.0518 0.7285 0.6790 -0.3172 0.6117 0.9801 0.0917 
15.4483 -0.8779 -0.3265 -0.6400 -1.1198 0.8847 -0.5012 -0.3413 0.1820 -0.1701 -0.3707 -0.0564 0.3401 
16.8473 -0.6766 0.0963 -0.2473 -0.3070 0.3583 0.6010 0.5115 0.0862 -0.3971 -0.4853 -0.2555 -0.2358 
24.8242 1.0093 -3.2667 -0.2667 -1.1053 0.2302 0.0796 0.4548 -0.0250 0.3553 0.0586 -0.2495 -0.2371 
28.4698 1.4988 -5.2036 -2.2693 -1.5616 -1.2412 -0.0668 2.3123 1.7175 -1.0072 -0.9412 0.7401 -0.5847 
29.4473 0.3686 -5.4891 -2.1665 -1.1051 -0.8873 -0.5071 3.0443 2.2277 -0.4164 -1.1880 0.4282 -0.8655 
31.0041 0.0390 -4.8443 -1.9879 -1.3992 -1.5998 -0.3615 2.5756 2.4444 -0.5623 -1.4634 0.6785 0.1952 
31.7911 -0.4455 -5.2701 -0.9206 -1.9958 -1.6052 0.1873 1.6495 2.6898 -0.4378 -1.8078 0.1466 0.0113 
31.9616 -0.8961 -4.3456 -0.8017 -3.3037 -0.8634 0.1247 0.8634 2.2467 0.9875 -2.0737 0.1159 1.2218 
33.0890 -2.7201 -3.3115 -1.2333 -2.3696 -1.6875 0.4332 -0.2571 1.7437 1.0476 -1.5470 -0.7674 1.2520 
32.9019 -3.6481 -3.7619 -1.1243 -2.1571 -1.8296 -0.2506 -0.4975 1.7470 1.5279 -0.6850 -0.5205 1.4738 
33.6049 -3.4751 -3.4090 -0.5833 -2.2090 -1.2434 -0.8070 -0.0034 1.3995 1.4117 0.0036 -0.7703 1.2652 
33.7490 -2.2070 -3.4569 0.5932 -2.4869 -0.3817 -0.8649 0.4428 1.0579 1.3093 0.1640 -1.2314 0.7751 
33.2326 -1.8339 -4.6252 0.0954 -3.5364 -0.3216 -0.8497 0.8804 1.4559 1.7683 1.0340 -0.6788 1.4633 
33.8442 -1.1741 -3.8434 0.4024 -3.2685 -0.1997 -1.3792 0.7235 0.9435 1.2873 0.7086 -1.2352 0.8662 
34.2825 -2.2334 -3.1906 -0.8527 -2.9225 -0.3735 -1.2226 0.7689 1.2419 1.3195 1.2285 -0.9596 0.8556 
33.6327 -2.7272 -3.5930 -1.3382 -3.0336 -0.6587 -1.4843 0.7225 1.1642 1.6251 1.2890 -0.7253 0.8648 
33.0674 -1.6186 -3.2577 -1.5324 -2.7494 -0.6945 -1.4225 0.2672 1.1212 1.3560 0.6337 -0.8910 0.8746 
31.6308 -1.2821 -2.6665 -2.5946 -2.0780 -1.2791 -1.0426 0.2345 1.0826 1.5037 0.2370 -0.3482 0.6210 
29.1731 0.1988 -2.8172 -2.7593 -1.6354 -1.1344 -0.8478 0.1415 1.1992 1.5865 -0.0254 -0.2578 0.6539 
27.4495 0.7253 -3.0428 -2.4599 -1.4854 -1.4743 -1.1895 -0.1163 0.8000 1.0857 0.0991 -1.1127 0.4214 
25.7350 0.3219 -3.5294 -2.5045 -2.0187 -1.2599 -1.4159 -0.0786 1.2697 1.2621 0.0817 -0.4173 0.4929 
24.1600 0.7436 -2.8184 -2.7505 -1.0862 -1.3098 -1.0045 0.1982 0.8321 1.4147 -0.5047 -0.5873 0.0906 
23.1582 0.5542 -2.5983 -1.8161 -1.2458 -1.3152 -0.7868 -0.6514 0.9636 1.0844 -0.6766 -0.7223 0.0410 
21.2183 1.5938 -1.5163 -2.1755 -1.0960 -0.6235 -1.1868 -0.6432 0.9503 0.7588 -0.7798 -0.8596 0.6402 
20.1163 -0.0151 -1.2759 -0.6178 -1.0786 -0.0681 -0.9554 0.4968 1.0115 0.8885 -0.1953 -1.4273 -0.4711 
18.3414 -0.2306 -0.7249 -2.2517 -1.6601 -0.8687 -0.9005 0.1828 0.8350 -0.0975 0.2145 -0.1570 0.2761 
9.5130 -0.1928 0.5383 -1.9899 -0.4132 0.6240 -0.1259 0.1062 0.7989 0.1982 -0.0909 -0.3892 -0.4439 
-2.0068 -1.9268 0.2952 -2.2232 -1.2809 -0.2362 -0.7555 -0.4606 0.5504 -0.2768 -0.2575 -0.2869 0.3475 
-12.2069 -3.1966 0.5405 -2.2741 -1.1223 -0.2240 -0.8309 -0.5546 0.4332 -0.2946 -0.3145 -0.2912 0.3784 
-22.2639 -4.3789 0.9894 -2.2541 -0.8244 0.0211 -0.7499 -0.5144 0.4343 -0.1856 -0.2933 -0.2070 0.3528 
-32.3637 -5.6667 1.3881 -2.2808 -0.6187 0.2311 -0.6979 -0.5030 0.4514 -0.1107 -0.2842 -0.1110 0.3350 
-42.4549 -7.0236 1.7523 -2.2984 -0.4707 0.4019 -0.6483 -0.5082 0.4600 -0.0692 -0.2753 -0.0276 0.2919 
-52.4084 -8.3531 2.1244 -2.1949 -0.3046 0.5198 -0.5615 -0.4909 0.4132 -0.0659 -0.2354 -0.0257 0.1012 
-62.1268 -9.5114 2.6398 -1.8688 -0.0339 0.6687 -0.3703 -0.3999 0.4035 0.0135 -0.1275 -0.1062 -0.2507 
-71.5232 -10.3430 3.4399 -1.2992 0.2735 0.7226 -0.2913 -0.4682 0.3470 0.2118 0.1197 -0.0564 -0.4381 
-80.1246 -10.4468 4.3015 -1.1685 0.0362 0.5170 -0.1638 -0.4562 0.2717 0.1883 0.0343 -0.0368 -0.1921 
-88.5016 -10.4789 4.9770 -1.2017 -0.2159 0.3125 -0.0168 -0.3176 0.2974 0.0437 -0.2109 0.0204 0.2241 
-96.5093 -9.8865 6.0337 -1.5456 -0.6288 0.6901 0.9013 0.1860 0.1957 -0.3117 -0.2497 0.2056 0.0051 
-98.5507 -6.4112 4.0078 -2.9645 -0.3884 -0.0480 0.1681 -0.2556 0.0613 0.4363 0.4238 0.1041 0.4439 
-98.6819 -2.8257 2.2460 -1.1803 1.0405 -0.7254 0.3846 -0.2482 -0.0757 -0.1694 -0.2002 0.4217 0.7317 
-98.4491 -0.4810 0.9707 -0.0861 0.4342 -0.3938 1.2449 0.8531 -0.0247 -0.6914 0.5902 0.1201 -0.2329 
-97.7811 0.4650 1.1494 0.0260 -0.6634 0.0717 0.1650 -1.2184 -0.4994 0.6473 0.1159 -0.7450 0.6475 
-94.8197 -0.2780 0.3361 0.3457 0.3519 -0.4507 -0.9883 0.0730 -0.0565 0.8098 -0.0425 -0.6616 -0.6170 
-92.2788 -0.7822 -0.2138 -0.1495 -0.4496 0.0562 1.1598 0.9775 -0.1673 0.1610 0.6881 -0.1204 0.0650 
-inf -inf -inf -inf -inf -inf -inf -inf -inf nan nan nan nan 
nan nan nan nan nan nan nan nan nan nan nan nan nan 
-83.4394 0.9418 -0.4255 -1.0719 0.3935 -0.0830 -0.4195 0.0423 -0.8775 -0.5789 0.0806 0.5337 -0.6047 
nan nan nan nan nan nan nan nan nan nan nan nan nan 
nan nan nan nan nan nan nan nan nan nan nan nan nan 
-76.4701 -0.2211 -0.1151 -1.0719 -0.2672 -0.0519 -0.1026 -0.5403 -0.6615 -0.8444 -0.6729 0.4258 0.3575 
-73.3805 0.7826 -0.2529 -0.4389 -0.8978 -1.1084 -0.0827 0.3305 -0.4116 -0.6353 -0.4365 0.2019 0.6251 
-71.3204 0.0658 -0.3418 -0.5869 -0.9597 -1.3427 -0.5529 -0.0012 -0.6546 -0.6570 -0.5334 -0.0016 0.3024 
-69.6830 0.1384 0.1174 -0.0409 -0.4087 -1.6741 -0.1618 -0.2302 -0.1045 -1.4116 -1.7458 0.0347 0.6100 
-65.4688 0.6635 -0.3459 -0.6358 0.2873 0.0013 -0.5807 0.5866 -0.2835 -0.8941 -0.2554 -0.0120 0.2626 
-inf -inf -inf -inf -inf -inf -inf -inf -inf nan nan nan nan 
nan nan nan nan nan nan nan nan nan nan nan nan nan 
-58.5929 -0.1066 -0.4611 -0.7681 -0.1358 -0.8151 -0.3988 -0.3651 -0.3822 -0.1913 -0.6764 -0.1989 0.1097 
-55.6299 -0.7604 0.4650 0.8011 0.9246 0.2497 -0.1381 -0.5137 -0.5901 -0.7426 -0.8503 -0.4230 0.6399 
nan nan nan nan nan nan nan nan nan nan nan nan nan 
-49.9719 0.5493 0.5712 0.4501 -0.7795 -0.4845 -0.2455 0.3364 -0.2422 -0.1035 -0.0290 0.2369 -0.2557 
nan nan nan nan nan nan nan nan nan nan nan nan nan 
-43.9315 -0.2004 0.5875 0.5983 -0.0582 -0.3238 0.0961 0.5340 -0.6060 -0.4402 -0.8245 -0.0184 0.6675 
-42.0203 0.3739 -0.3528 0.8333 -0.1404 0.4277 -0.7991 -0.0470 -1.3623 -0.0068 -0.1185 0.2318 0.0701 
