15.5734 9.6185 -5.2582 -1.9505 2.6978 -1.0960 -1.1459 1.6164 -0.8645 -2.2760 0.2862 -0.0341 -1.5056 
14.9003 9.2199 -4.7827 -1.4432 2.4126 -2.0741 -2.0353 1.3929 -0.6441 -2.1651 0.1824 -0.2281 -1.8416 
15.2514 9.0035 -5.4413 -1.2728 2.7718 -2.3216 -2.2274 1.3755 -0.8468 -1.9965 0.7596 0.0476 -1.4765 
15.1229 9.0546 -5.0340 -0.7819 3.3050 -1.5037 -1.2586 1.9069 -0.9489 -2.1519 1.0365 0.3700 -1.7114 
20.4527 15.3941 -0.9651 1.8709 5.2377 -0.7989 -2.0426 0.4721 -2.3455 -3.6429 -0.4749 -0.5545 -1.8870 
24.0908 17.6675 -1.7002 2.3203 5.9052 -2.1034 -3.0665 0.5926 -3.2540 -5.0315 -0.7863 -1.2724 -3.7431 
26.5580 17.7891 -3.8451 3.9578 8.3989 -2.9141 -3.2840 2.7140 -2.6639 -5.8191 -0.3869 -1.0836 -4.4426 
29.9948 19.2557 -6.0913 3.1785 8.8341 -3.7945 -3.8243 3.4124 -2.5974 -6.0213 0.5452 -0.0247 -4.1983 
31.2929 19.5890 -7.4055 2.6711 9.1205 -4.1632 -4.1344 3.9883 -2.3130 -6.4875 0.4915 0.4214 -4.1839 
32.3507 19.7658 -8.3325 2.8821 9.7287 -4.5392 -4.2617 4.5696 -2.5460 -7.3996 0.3847 1.0362 -3.6334 
32.2483 19.2564 -9.5312 1.7601 9.5492 -4.6917 -5.6057 3.1457 -2.6406 -7.2604 -0.5445 -0.1622 -4.2971 
32.7760 19.5960 -9.7570 1.7655 10.3064 -3.7967 -5.3543 3.0271 -2.3948 -6.7414 -0.3360 -0.1230 -3.7757 
34.1250 20.1613 -10.9445 1.2242 11.5384 -2.2627 -4.7039 3.3074 -1.8511 -6.1162 -0.0087 -0.2682 -4.2047 
34.6749 20.7876 -11.3027 -0.4111 10.1717 -2.3938 -4.6615 2.7015 -2.8126 -7.1103 -0.3931 0.4817 -3.4924 
36.4415 22.4522 -11.1072 -0.8798 9.8933 -2.1809 -3.9356 3.6554 -2.2121 -7.2860 -1.0464 0.3550 -2.5949 
37.7126 24.0425 -10.6403 -1.4863 10.1657 -0.8969 -3.8602 2.5565 -2.3535 -6.4420 -0.6438 0.2888 -2.4577 
37.9613 24.8843 -10.0861 -2.5273 9.1534 -0.3722 -3.4092 1.8105 -2.9910 -6.4197 -0.8395 -0.1572 -2.5922 
38.0532 25.9290 -8.9975 -3.6247 7.6752 0.2357 -2.6000 0.7486 -4.1967 -6.1680 -0.3178 -0.3712 -2.9571 
38.9308 26.6784 -9.4292 -5.0261 6.4084 -0.1412 -2.6564 0.2087 -4.8698 -6.4482 -0.8079 -1.4708 -3.6557 
39.2041 27.5647 -8.3918 -4.9863 6.1584 0.5066 -1.7577 0.5940 -4.4418 -5.8469 -0.5720 -1.2299 -2.9007 
39.2237 28.0464 -8.2677 -6.2564 5.1567 0.4794 -2.3100 0.0196 -3.7269 -5.2467 -1.1500 -1.6727 -2.8436 
38.7925 27.9759 -7.8307 -6.4728 4.1718 -0.2737 -2.5793 -0.1711 -3.6671 -4.9238 -1.3698 -2.4878 -3.2169 
38.7041 28.6601 -6.3208 -5.7945 3.7847 -0.2847 -1.7718 0.5891 -3.1215 -4.1072 -0.6842 -2.5596 -3.3396 
38.4716 28.2754 -6.8660 -6.2826 3.5461 -0.8477 -2.7711 0.2243 -2.8499 -4.5046 -1.5349 -2.7378 -3.4033 
38.0922 28.2083 -6.3397 -6.2146 2.7093 -1.4876 -2.6471 0.1402 -3.2389 -4.0795 -0.7799 -3.0904 -4.2165 
38.4932 28.4031 -6.3288 -5.7781 2.9298 -1.9617 -2.8793 0.6566 -2.6840 -3.8578 -0.6764 -3.1098 -4.3080 
38.3179 28.4100 -5.9015 -5.3327 2.9803 -2.2077 -3.0253 0.8642 -2.1808 -3.4623 -0.7575 -3.3918 -4.2421 
38.0424 28.0614 -6.0721 -5.3156 2.8609 -2.6488 -3.4023 0.9223 -1.9519 -3.4537 -0.9102 -3.5589 -4.4083 
37.8749 28.3073 -5.3500 -5.0934 2.5548 -2.5873 -2.9020 1.2914 -1.5747 -2.8628 -0.7071 -3.8667 -4.3897 
37.5602 27.9957 -5.2592 -4.8279 2.3375 -3.1624 -3.2320 1.0645 -1.8041 -2.6136 -0.3581 -4.3182 -5.1165 
38.3026 27.6231 -6.7866 -4.6234 3.6670 -3.4431 -4.3329 1.3685 -1.2262 -3.4109 -0.9042 -3.2724 -4.3908 
36.5411 27.2462 -5.3722 -5.3263 1.7422 -3.5682 -3.9949 0.3212 -1.9432 -2.8497 -0.9155 -4.4165 -5.0637 
37.3769 28.2710 -4.6666 -4.9048 2.1132 -2.8339 -2.9631 0.9751 -1.7199 -2.3078 -0.0200 -3.8532 -4.7201 
37.8880 28.2690 -5.5323 -5.3213 2.4129 -2.9080 -3.6183 0.6893 -1.5448 -2.5265 -0.5478 -3.8460 -4.3881 
38.7110 27.6644 -8.1099 -6.9618 2.0138 -3.5665 -4.3873 0.0595 -2.7516 -3.9171 -1.0695 -3.7745 -4.5871 
40.0135 29.1361 -7.4214 -6.6596 2.8398 -2.0315 -3.1777 0.3275 -2.3841 -2.5225 0.5729 -2.6583 -3.5012 
40.1284 28.7012 -8.4799 -7.1656 2.9767 -2.3262 -4.0237 -0.2008 -2.5415 -2.8854 0.2221 -2.5454 -3.3877 
39.6156 27.6379 -9.8964 -8.2455 2.3274 -3.1378 -5.0656 -1.0216 -3.2398 -3.8002 -0.5640 -2.9448 -4.0584 
40.7005 29.0560 -8.6538 -7.0443 3.5532 -1.9152 -3.8443 0.2464 -1.9210 -2.5738 0.4726 -1.8662 -2.7928 
40.4052 28.7145 -8.8597 -7.1795 3.3786 -2.1552 -3.9615 0.2921 -2.0973 -3.0145 0.3357 -1.7220 -3.0458 
39.7612 28.3278 -8.8217 -7.5481 2.9677 -2.2270 -4.3051 -0.2419 -2.1413 -3.0196 -0.1557 -2.0272 -2.9779 
39.3551 27.8689 -9.0263 -7.5307 3.0242 -2.3535 -4.6631 -0.7524 -2.7642 -3.5652 -0.3711 -2.1483 -3.4121 
38.7691 28.4234 -7.3778 -7.1105 3.1167 -1.2722 -3.9559 -0.6504 -1.8119 -2.3068 0.0919 -1.6682 -2.5658 
38.2403 28.0710 -7.0325 -6.6923 2.9393 -1.7131 -4.0347 -0.5137 -1.7644 -2.2095 0.2131 -1.7231 -2.6462 
37.6226 28.2276 -6.0225 -6.7724 2.1568 -1.7076 -3.7361 -0.8369 -2.2292 -2.3400 0.1875 -1.7159 -2.5200 
36.8446 27.6070 -5.5471 -5.5576 2.9463 -1.9251 -4.1549 -0.6043 -1.7629 -2.2645 0.2779 -1.2281 -2.2260 
35.8247 26.4641 -6.2843 -6.2066 2.4156 -2.2391 -4.5008 -1.1668 -2.4413 -2.8481 -0.0643 -1.5875 -3.0262 
34.8818 25.8781 -5.9903 -6.1915 1.9832 -2.5503 -4.6191 -1.1421 -2.3906 -3.2641 -0.9193 -2.1690 -3.1569 
34.4141 25.9624 -5.1299 -5.6210 2.4819 -1.7739 -4.2585 -1.1145 -1.8323 -2.4861 -0.5843 -1.7490 -2.2125 
33.2840 24.7326 -5.2833 -5.0456 2.2787 -2.9441 -5.0188 -1.2402 -2.1438 -2.7175 -0.2018 -1.4078 -2.5567 
32.2476 24.0768 -4.8002 -4.5380 2.3138 -2.9994 -4.8356 -0.7090 -1.5441 -2.5772 -0.4236 -1.5511 -2.7987 
31.1428 23.3059 -4.1268 -3.2879 3.1268 -2.5988 -4.3704 -0.1913 -1.1883 -2.2025 0.2515 -0.7566 -2.3805 
29.6683 22.3044 -3.7736 -3.1265 2.8430 -2.7171 -4.4584 -0.2894 -1.1648 -2.5869 -0.5165 -0.8863 -1.8578 
29.3461 21.6321 -4.3342 -2.8480 3.5331 -2.3889 -4.2068 0.3877 -0.2584 -1.6973 0.3152 -0.3307 -1.6237 
28.1187 20.9970 -3.7089 -2.7020 3.0029 -2.7774 -4.6331 -0.3315 -0.8689 -1.9794 0.2933 -0.3753 -2.0935 
26.7557 19.9081 -3.1963 -1.5984 3.5116 -2.3462 -3.5021 0.6885 -0.7214 -2.1115 0.2797 -0.4894 -2.2188 
25.4458 18.7115 -3.4941 -1.8259 3.3095 -1.9270 -2.6127 1.3821 -0.4350 -1.9844 0.4909 -0.2189 -2.0504 
24.8871 18.0095 -3.9075 -1.8385 3.4317 -2.1356 -3.0992 1.1130 -0.4615 -2.1235 0.2983 -0.3037 -2.2245 
23.4942 16.6598 -4.4373 -2.3858 2.7580 -2.5465 -3.5601 0.2758 -1.1174 -2.0453 0.8577 0.2801 -1.7590 
21.9903 14.9504 -5.1339 -2.3132 2.7803 -2.6475 -3.1946 0.9072 -1.0572 -2.6773 0.1176 -0.1223 -1.7556 
21.9141 15.2052 -4.5030 -2.0828 2.5582 -2.3842 -2.2097 1.7079 -0.7380 -2.1644 0.7191 -0.2740 -2.3328 
20.7209 14.3072 -4.3413 -1.9199 2.3351 -2.8793 -2.9870 1.1487 -0.7184 -2.2579 0.1986 -0.4196 -1.8474 
20.6946 14.3816 -4.1587 -1.7794 2.5585 -2.4612 -2.6780 1.1602 -0.5980 -1.6731 0.9657 0.0733 -1.7975 
20.2380 13.6880 -4.7851 -1.9944 2.8752 -1.8813 -2.1675 1.4318 -0.6452 -1.9942 0.6263 -0.1121 -1.9753 
19.1931 13.1476 -3.8155 -0.6365 3.7684 -1.2730 -1.4640 2.0600 -0.6136 -2.3388 0.8920 0.8214 -1.3720 
