15.1353 -1.1158 -0.0078 -1.4155 -0.4195 -0.7436 -0.5289 -0.3991 -1.3856 -0.6545 -0.8499 -0.1516 -0.3440 
16.2946 -0.3718 1.1268 0.8438 -0.9678 -0.3881 0.1346 0.4751 0.3177 -0.2970 0.5238 -0.3537 -0.2960 
15.9101 -1.2512 0.5608 0.7056 0.2433 0.7934 0.0737 0.8838 0.0454 -0.7718 -0.2584 -0.3272 0.2189 
16.2845 -1.0669 1.4334 0.2479 -0.6846 0.0200 -0.1606 0.1036 0.4579 0.0636 -0.8662 -0.5043 0.2533 
16.3298 -0.7883 0.3221 0.0978 -0.9807 -0.1595 -1.0098 -0.7238 -0.2469 -0.2057 -0.9702 0.2213 0.4757 
16.0975 -1.3598 -0.9544 -1.1171 -1.2313 -0.9690 -0.9953 -0.9858 -1.6365 -1.3100 -0.5261 -0.0780 -0.5646 
17.1879 0.0413 1.9477 -0.5623 -1.0284 -0.7337 -0.2264 -0.0951 -0.5741 -0.6915 -0.0746 0.1639 -0.3492 
18.1466 -0.2782 0.5761 -0.9413 -0.8380 -0.0546 -0.8516 -0.1893 0.7086 -0.1886 0.3302 -0.9159 -0.1704 
17.7921 -1.5315 0.3335 -2.0865 -0.9207 0.2125 -0.6918 -0.1357 0.3948 -0.0945 -0.2659 -0.3049 0.3130 
18.8103 0.7751 1.4112 -1.4887 -0.4633 -0.2051 -0.6211 -0.3871 0.1341 0.5345 -0.5634 -0.3108 0.0868 
18.4801 0.6607 2.4252 -0.9522 -1.0764 0.5882 -0.9358 -0.6291 1.1155 0.3556 -0.8290 -0.1663 0.4678 
18.6569 -0.6565 0.2188 -0.8579 -0.9433 -0.5210 -1.1394 -0.4708 0.3744 -0.1037 -0.7204 -0.6502 -0.8741 
18.9848 0.5689 0.8820 -0.4821 -1.0934 0.6518 -0.8421 0.1542 -0.2124 0.0991 -0.2084 -0.6939 0.0727 
18.1880 0.1073 0.3396 -1.3945 -1.1166 -0.8673 -0.7563 0.1569 0.2054 -0.6687 -0.1266 -0.3586 0.4128 
17.1953 -1.3990 0.4203 0.0399 -0.1912 0.6547 -0.3607 -0.6825 -0.9017 -1.2129 -0.4148 -0.4940 0.0510 
18.0668 -1.1358 -0.2191 -1.1053 -0.7650 -0.2033 0.0699 0.4781 -0.2039 0.0733 0.7606 0.3144 0.2942 
18.0430 -0.6015 0.3438 -0.3630 -1.3060 -0.2913 -0.2483 -0.3481 0.0863 -0.3911 0.2671 -0.0876 -0.1730 
17.8689 -1.0477 0.8272 -0.3298 0.0173 -0.2963 -0.8480 -0.7152 -0.5998 0.1400 0.4161 -0.0233 -0.1841 
17.8425 -0.8501 1.6208 -1.0689 -1.0733 -0.0127 0.2405 -0.0791 -0.2718 0.1614 -0.1186 -0.4682 0.8193 
17.4480 -0.8621 1.5855 -0.2139 -1.6596 -0.2968 -0.7393 0.0095 0.9071 -0.8414 -0.9584 -0.5823 0.6141 
17.9072 -0.0548 -0.0240 -2.0804 -1.2463 -0.1325 -1.1420 -0.2155 1.4814 -0.9671 -0.2297 0.4225 -0.2484 
18.4040 0.1230 1.9614 -0.4084 -0.8376 -0.9110 -0.8080 -0.5890 0.5923 0.1644 -1.0155 -0.4304 0.1692 
19.2920 -0.7346 0.1500 -0.7289 -1.4238 0.3204 -0.7384 -0.9302 -0.3327 -0.1424 -0.1845 -0.5433 0.5014 
18.8821 -1.6130 0.0741 0.2469 -0.3902 0.0937 0.0028 -0.8773 -0.4005 0.1066 -0.5050 -0.1403 0.2996 
18.8086 -0.9368 0.1984 -0.3793 -0.4616 -0.1849 -0.7329 0.3463 0.3850 0.1121 0.5313 -0.0154 0.1650 
19.1184 -0.2804 0.6049 -0.4730 -0.3476 0.0012 -0.2209 -1.1071 -0.5165 0.0743 -0.0518 0.1843 -0.0051 
18.6394 -1.5574 0.0431 -0.8814 -0.8726 0.5369 0.7245 -0.0234 0.3755 -0.4493 0.2423 -0.4810 -0.2612 
17.3664 -0.8626 2.2191 0.3148 -1.5546 -0.2886 -0.6805 -0.0987 0.0490 -0.5737 -0.1334 0.0235 0.3938 
18.8656 -1.6346 0.8657 0.1717 -0.4334 0.9204 -0.9663 -0.5708 -0.4651 0.4534 0.1916 0.4206 -0.0587 
18.8807 -0.5454 0.8209 -1.3270 0.4562 -0.7446 -0.2888 -0.2991 -0.3263 0.3730 0.0921 0.5461 0.1364 
18.9539 -1.3959 1.4584 -0.6174 -1.4798 -1.2718 0.0183 0.4548 -0.5648 -0.2782 0.3460 0.7284 0.0928 
19.2405 -1.0827 0.6067 -0.7081 -0.3153 -0.2566 -0.7716 -0.7580 0.3175 -0.0773 -0.3086 -0.4111 -0.1808 
19.5384 -0.9974 1.9373 0.0105 -1.5552 -0.1038 -1.4277 0.0538 0.5193 -0.1201 -0.3815 -0.1098 -0.2537 
18.9568 -1.3833 0.4798 -1.0731 -0.5273 -0.7807 -0.6511 -0.3978 0.2664 0.3927 -0.3594 -0.1714 -0.0117 
17.4368 -0.9608 0.4250 -0.9376 -1.8471 -0.7349 -1.0895 0.2154 0.3889 -0.5545 -0.8619 -0.0352 0.5951 
18.4033 -0.5911 0.3766 -1.5533 -1.1919 -0.7415 -0.4684 -0.1936 0.5473 0.0315 0.2445 -0.0123 0.2610 
18.8941 -0.5904 1.0162 -1.3472 -0.8181 -0.0389 -0.3704 -0.7348 -0.0464 0.0281 0.0104 0.0697 0.4892 
18.6779 -0.4604 0.9614 -0.9495 -1.7502 0.4770 -0.1354 -0.6013 0.1345 0.4275 -0.2982 -0.5630 -0.1400 
19.5627 -1.3187 0.4121 -0.4891 -0.3658 0.1583 -1.1248 -0.7528 0.1212 -0.4341 -0.5986 -0.0305 -0.1713 
20.7283 -0.1610 0.2198 0.2538 0.6251 0.1578 0.0058 -0.6251 -0.4686 -0.0862 -0.2585 0.2049 -0.0508 
21.8576 0.1972 0.2609 -0.2880 -0.5974 -0.0637 -0.1228 0.2572 -0.2026 -0.2869 -0.0719 -0.2705 0.0310 
19.0116 0.6549 0.4363 -0.0595 -0.5899 -0.5322 -0.5991 -0.1976 0.1684 -0.6159 -0.6627 0.2358 0.1215 
19.0014 -1.8429 -0.4422 -0.8027 -1.7806 -0.3129 -0.2468 -0.3261 0.2559 -0.1612 -0.6493 0.0556 0.3447 
20.0732 -1.2281 1.1310 0.8938 -0.2611 0.7876 -0.5215 0.1531 0.6078 -0.9887 -1.3240 -0.3514 0.6523 
20.2258 0.4763 1.2006 -1.1460 0.2766 0.6901 -0.0927 0.0094 -0.4099 -0.3799 -0.5239 -0.4194 0.0988 
20.0600 0.1601 0.4274 -1.2848 -1.0137 0.1044 0.6228 -0.1776 -0.0197 -0.2704 -0.0764 0.1009 0.1038 
19.6205 -0.7038 0.7922 0.8417 -0.9880 -0.1703 -0.3995 -0.2288 -0.1044 0.0949 -0.6537 -0.3092 0.3849 
19.8956 -0.3017 1.8110 0.4579 -1.1666 1.2309 0.0492 -0.5311 -0.3254 -0.2494 -0.1029 0.1970 0.2527 
19.4147 1.3247 1.6657 -0.1287 -0.8694 0.1112 0.4587 0.2449 -0.3475 -1.1092 -0.1079 -0.3261 0.0906 
20.6171 0.8403 1.5254 -0.3010 -0.7489 -0.7277 -0.8090 -0.4339 -0.3685 -0.1977 0.0061 0.3154 0.1269 
18.7703 -0.7670 1.5243 -0.1482 0.3212 0.0910 -0.2662 -0.4836 0.2197 0.1672 0.6136 -0.1582 0.0986 
19.2734 -0.6250 0.5061 0.3635 0.2129 0.6890 -0.0254 -0.0773 0.6158 0.2082 -0.5635 -0.1839 -0.2588 
19.0431 -0.3306 2.0207 0.3694 -0.6030 0.6550 0.0076 0.4318 0.2295 -0.5212 -1.3321 -0.5687 0.9862 
19.0424 -1.1234 -0.0490 -1.3654 -0.4423 -0.2173 -1.4932 0.3535 -0.4150 -0.2708 -0.4059 -0.3638 -0.2896 
19.4892 -0.8336 -0.1387 -0.7539 -0.4927 -0.1798 0.0619 0.5448 -0.0848 0.8263 -0.4992 -1.0748 -0.2132 
19.6487 -1.0110 0.4846 -1.2668 -1.5614 -0.0835 0.3033 0.5098 0.6775 -0.0728 -0.1186 -0.4578 0.1199 
19.5532 -0.6325 1.1231 -0.5349 -0.4971 0.4863 -1.0177 -0.0700 0.4348 0.2072 -0.6784 -0.4975 0.1406 
20.0247 -0.4240 1.0326 -1.0917 -0.4833 0.0491 -0.2202 0.1416 -0.4261 -0.1009 -0.4762 -0.2476 0.1370 
19.4437 -0.4363 0.3611 -0.9119 -0.0736 -0.1890 0.3650 0.8890 0.3739 0.1129 -0.6513 -0.3995 -0.4762 
19.5156 -0.1686 1.2338 -0.3511 -0.8178 0.3518 -0.2206 -0.3425 -0.5425 0.6261 -0.2965 -0.1648 -0.4072 
19.4017 -1.4637 0.1959 -0.5064 -0.8430 0.3695 -0.1096 0.3165 0.1532 -0.4356 -0.4830 0.0433 0.1189 
19.1333 0.1051 1.6103 -0.5570 -1.0765 0.0727 -1.0078 0.0936 0.3211 -0.7451 -0.4030 0.1068 -0.1800 
18.6592 -0.2141 -0.5277 -0.6166 -2.3451 0.4996 0.5330 1.1082 -0.5102 -0.0422 -0.6252 0.4617 -0.1073 
18.3319 -0.4208 1.1353 -1.7816 -2.3057 -0.4016 -1.1315 -0.1314 0.1353 -0.7594 0.2109 -0.0169 -0.6305 
19.2866 -1.5801 0.0727 -1.6760 -1.7684 -0.2737 0.2904 0.8156 1.1309 -0.1091 -0.3222 -0.1062 0.7394 
21.3478 1.1240 0.3906 -2.0092 -2.3371 -0.9475 0.1850 0.3781 0.0570 -0.5654 -1.1542 -0.4450 0.4310 
28.7315 2.6593 -4.0080 -3.7030 -1.0871 -0.8720 0.8757 1.0302 0.4174 -0.0524 0.6511 0.7784 -0.0815 
29.6763 2.4932 -3.9215 -2.8859 -2.3146 -0.6255 0.6203 1.3973 1.7020 -0.0930 -0.3193 0.5105 -0.0137 
29.7966 2.1417 -2.3162 -2.3236 -2.1324 -1.4729 0.3374 2.3239 2.5715 -0.0308 -1.5574 0.3064 0.9554 
29.8965 1.9985 -2.5543 -3.3474 -2.0721 -0.8664 0.6194 1.7502 2.3030 0.0558 -1.2115 -0.0346 0.3210 
29.7249 2.7109 -2.5231 -3.4196 -1.5415 -0.6305 0.1956 2.0057 2.2281 0.0374 -0.8643 -0.3058 0.2773 
29.3492 2.4646 -2.5675 -3.5435 -2.5944 -1.4718 -0.0528 0.5269 1.8047 0.1660 -1.5985 -0.0284 0.6890 
29.1547 2.7190 -2.2272 -2.9563 -2.7838 -1.1202 -0.2256 0.6767 2.3327 0.4405 -1.1612 0.2392 1.2232 
28.7384 2.6983 -1.5975 -2.7388 -2.2505 -1.8638 -0.9490 1.1233 2.4642 -0.4639 -1.3111 -0.2104 0.8138 
29.0028 2.1555 -2.4631 -3.1707 -2.0905 -1.9550 -0.3867 0.9125 2.4078 -0.4302 -1.5054 -0.3105 0.6831 
30.0988 2.7925 -3.1133 -3.4999 -0.6332 -1.5002 -0.0393 1.5698 2.5804 -0.2051 -1.0163 0.2822 0.4418 
31.0015 1.5157 -4.3153 -2.8878 -1.2963 -1.6790 0.0302 1.0831 2.5393 -0.4014 -1.6747 -0.3586 0.1545 
32.1810 1.5892 -4.3394 -2.0605 -1.5171 -1.7723 0.5699 1.5076 2.9284 0.0418 -1.2019 0.2749 0.9584 
32.7381 0.9167 -4.6496 -2.8698 -1.7955 -1.8110 -0.1205 1.4041 2.2176 -0.2006 -1.3570 0.2231 0.2710 
33.0519 2.0448 -4.5132 -2.1227 -0.8811 -1.0998 0.4342 1.6948 3.1071 -0.2024 -0.8586 -0.1223 0.3429 
32.5770 1.7096 -3.4085 -1.9910 -1.0678 -3.0195 -0.3797 2.1058 3.1151 -0.8691 -2.1402 -0.0661 1.6143 
33.2657 1.6507 -4.4340 -2.4637 -0.3794 -2.1517 0.3582 1.4477 3.2518 -0.3297 -0.7948 0.2024 0.7575 
33.5762 -0.6180 -4.9501 -3.2718 -1.2017 -2.5661 -0.4571 1.1497 2.4597 -0.2222 -1.4038 -0.2705 0.5549 
34.0014 0.4756 -4.2010 -2.1382 -0.6071 -1.8676 0.5772 1.0382 3.2194 0.1478 -0.9214 -0.0475 0.9163 
34.4880 -0.0262 -3.8014 -2.2493 -1.0661 -2.2581 0.0316 0.2025 2.4132 -0.0677 -1.2394 -0.2822 0.7721 
34.3747 -0.8144 -3.1575 -2.3478 -1.3025 -1.9857 0.2323 -0.0323 2.6571 0.9713 -1.2057 -0.1076 1.5212 
34.1345 -0.9169 -3.2901 -2.4358 -1.1424 -2.6331 -0.0195 -0.5174 2.0356 1.0638 -1.4447 -0.1730 0.9767 
34.1720 -0.7358 -2.8588 -2.6784 -0.7142 -2.4400 -0.2054 -0.0487 1.6288 1.3804 -0.7034 -0.2829 0.7230 
35.5022 -1.6694 -3.4298 -1.7017 -2.0982 -1.5600 -0.7660 0.0505 1.2203 1.5977 -0.3037 -0.3916 0.7725 
36.0215 -3.0708 -4.2315 -2.0466 -3.2242 -2.4171 -1.4150 -0.8051 0.2125 0.8045 -0.4704 -1.2753 0.0755 
37.0775 -2.1445 -3.7385 -0.6521 -2.8085 -1.5592 -0.9112 0.0715 0.4938 1.2732 0.1053 -0.9983 0.1066 
37.4068 -2.1663 -3.4960 -0.5017 -2.9462 -1.4429 -0.8460 0.1753 0.5098 1.2100 0.4514 -0.9587 0.1719 
36.8045 -2.5841 -3.4675 -0.5865 -3.7503 -1.3288 -0.9165 0.3906 0.4319 1.4040 0.9376 -0.6450 0.2841 
36.6016 -2.5926 -2.7257 -0.9444 -3.4570 -1.1128 -1.2551 0.3029 0.5537 0.9355 0.9561 -0.7221 -0.0936 
36.6607 -2.7381 -2.4153 -0.5480 -3.2863 -1.1649 -0.6913 0.1571 0.8701 0.5653 1.2839 -0.6530 -0.1999 
36.6901 -3.4116 -2.7998 0.0923 -3.2595 -1.3554 -0.1285 -0.1261 0.6768 0.4343 1.6083 -0.9838 -0.1852 
36.5766 -3.9822 -3.0533 0.8264 -1.7587 -0.7219 -0.4117 -0.6690 0.8645 0.2538 1.2857 -1.0768 -0.6324 
35.2669 -4.5891 -3.5386 -0.1311 -2.0993 -0.3940 -1.2928 -1.3677 1.0634 -0.1566 1.2238 -0.8763 -0.5866 
35.6745 -3.9045 -3.0397 0.1349 -2.3823 -0.7030 -0.9157 -1.0303 1.4368 -0.1070 1.4210 -0.6363 -0.3735 
34.6187 -4.2750 -2.5341 0.5063 -3.4201 -1.4501 -0.0973 -0.0074 1.3711 0.2618 2.0241 0.2545 -0.0718 
35.6710 -3.0515 -2.4593 0.4154 -2.7720 -0.6093 -0.6025 -0.5939 1.0696 -0.0384 1.2506 -0.6574 -0.6208 
35.3650 -3.2117 -1.8896 0.3029 -1.9388 -0.4626 -0.8803 -0.8327 1.4645 0.1289 1.4702 -0.4730 -0.8133 
34.8301 -3.7352 -2.7750 0.5073 -2.5765 -0.9392 -1.0617 -0.9735 1.0123 0.1481 1.5456 -0.7839 -0.5725 
34.2835 -3.5558 -2.2192 0.3293 -2.7641 -1.0870 -0.6352 -0.5871 1.2595 0.2079 2.0773 -0.5402 -0.4155 
34.5723 -3.1675 -2.1778 -0.3912 -2.3262 -1.0955 -0.6057 -0.7817 1.2370 -0.0511 1.5985 -0.4146 -0.6493 
33.7768 -2.8828 -3.1087 -0.3330 -2.5244 -1.3409 -0.4775 -0.6172 1.4150 0.6541 1.7993 -0.1798 -0.2810 
32.9093 -2.8574 -3.3636 -0.3752 -2.6679 -1.9341 -0.8690 -0.7363 1.3141 0.3942 1.8256 -0.5534 -0.2277 
33.2365 -3.3441 -2.5190 -1.0861 -2.3854 -2.3214 -0.6902 -0.9929 0.5974 -0.0199 1.2886 -1.0062 -0.6398 
32.7930 -3.8310 -2.4059 -1.7236 -1.8562 -2.2078 -0.9949 -0.6191 0.6290 0.4757 1.6729 -0.6157 -0.2276 
30.6630 -1.7948 -2.1143 -2.3816 -1.0788 -2.9361 0.3569 -0.4378 0.1888 0.4309 0.4827 -0.3745 0.2759 
29.3667 -1.0445 -1.9994 -2.3229 -1.1588 -2.0937 -0.4737 -0.4376 0.0627 1.1546 0.3451 -0.8556 -0.1474 
28.5715 -1.1167 -0.4563 -2.8576 -1.3068 -0.5537 -1.2913 -0.7004 1.0361 -0.4718 0.2095 0.0543 -1.3118 
27.6430 -2.7476 -1.0311 -1.5210 -2.5733 -1.1156 -0.3087 0.1089 0.4080 -0.1246 0.2799 -0.4506 -0.5562 
27.8101 -1.3045 -0.8802 -1.4447 -1.5619 -0.4419 -0.4244 -0.0258 0.3386 0.2602 0.1937 -0.4583 -0.7087 
26.0768 -1.4989 0.4335 -1.3121 -1.7554 0.3673 -1.1171 -0.5207 1.2474 0.4615 -0.0542 -0.3769 -0.2525 
24.3520 -1.5501 -0.6564 -0.3884 -1.9602 -0.7417 -0.3831 -0.1067 1.0629 -0.0424 0.3850 -0.1535 -0.0559 
22.9701 -1.2086 -1.1411 -1.7784 -1.3541 0.5030 -0.8373 -0.8315 1.1609 -0.7833 0.3569 -0.1627 -1.1863 
22.6947 -0.7658 -1.5769 -0.7786 -2.2472 0.0252 -1.4832 -0.3949 0.5567 0.1474 0.4546 -0.2157 -0.0980 
22.0503 -0.4012 -1.0264 -0.4408 -2.0421 -0.8158 -0.0419 0.2206 0.1094 0.6153 0.2485 -0.5923 -0.9375 
21.6283 -0.0960 -0.8659 -1.3131 -1.7166 -0.7507 -1.0135 0.2022 0.2707 0.4586 0.8614 -0.4853 -0.3668 
20.7469 -1.1895 -0.9210 -0.5177 -1.5262 -1.5645 -1.2842 -0.0184 0.2461 0.4459 0.3549 -0.8527 0.0416 
20.2027 -0.2273 -0.1064 -1.1687 -0.9999 -0.6788 -0.8890 0.6928 1.0698 -0.1661 0.0915 -0.4228 -0.1998 
20.7099 -0.8067 -1.8822 -1.6050 -1.7655 -0.8106 -1.2899 0.3303 0.5879 0.0786 0.3728 -0.5772 -0.2866 
20.0925 -1.5653 -1.6709 -1.6685 -1.7576 -1.6942 -0.8709 -0.1822 0.3106 0.3297 0.1540 -0.7324 -0.1828 
18.9669 -1.2381 0.3177 -0.8467 -1.5053 -1.4660 -0.4409 0.4313 0.2445 -0.6159 0.3929 -0.2687 -0.4609 
19.5428 -0.5412 -0.3998 -1.3779 -0.4995 -0.8442 -0.6780 0.0477 0.0640 0.0565 -0.0359 -0.1544 0.0547 
19.0648 0.1587 0.2026 -2.4515 -1.3992 0.4536 0.1063 0.3133 0.2134 -0.3026 0.1028 0.3338 -0.4739 
18.2635 -0.6123 1.3530 -0.3135 -0.2691 -0.7006 0.3937 -1.1544 -0.2265 0.1863 -0.2006 -0.2806 -0.3709 
19.0705 -1.1950 0.0559 -1.0532 -0.8601 -1.0679 -0.7476 -1.1834 -0.5475 0.4301 -0.0366 -0.1335 -0.1644 
19.1592 -0.7103 0.4654 -0.7996 -1.0286 0.0302 -1.1766 -0.0880 0.2460 -0.7219 -0.2377 -0.1782 -0.4366 
19.3518 -0.5245 1.2029 -0.5819 -0.8984 -0.3686 -0.5442 -0.6627 -0.0476 -0.1788 -0.1436 -0.1835 -0.2181 
18.3364 -1.1536 0.7893 -0.5927 -1.2479 -0.4938 -0.1864 0.5166 1.0370 -0.6804 -0.4001 0.4708 0.8784 
18.7024 -0.6415 1.6381 -1.1310 -1.1786 0.6660 -1.1938 -0.5601 0.1454 -0.0394 -0.7473 -0.0257 0.5081 
18.0530 0.0939 0.6642 -1.8169 -0.4514 0.0681 -0.5610 -1.0076 -0.4430 0.1379 -0.4531 0.1409 0.5730 
18.1658 -1.2247 0.3931 -2.1990 -1.0009 -0.2309 0.3121 -0.4546 -0.0579 0.1744 0.5880 0.1231 -0.5521 
18.1619 -0.5523 0.6844 0.6146 -1.4940 -1.5173 -0.3111 0.7346 -0.4948 -0.3318 -0.4563 -0.1121 0.5462 
17.9114 -0.6392 -0.6141 -1.5602 -1.1636 0.3020 -0.9181 0.5104 0.4887 0.0935 -0.1487 -0.2941 -0.3856 
18.3730 -0.6311 0.1670 -1.2864 -1.4314 0.4558 0.1272 0.8012 0.3924 -0.8473 0.3713 -0.5379 -0.1595 
18.7453 0.0849 1.4800 -1.1666 -0.6996 -0.2647 -1.5020 -0.3722 0.9298 -0.0583 -0.5589 -0.2003 -0.1188 
17.9028 -0.2239 0.2781 -0.0459 -0.4910 -1.3891 -0.6415 -0.0382 0.5930 -0.0210 -0.0672 -0.4039 -0.0316 
18.6939 -1.1173 0.4851 -1.3792 -1.8097 -1.2475 -0.8432 -0.5846 0.4196 0.2125 -0.2306 0.1648 0.1405 
18.5913 -0.0924 0.5929 -1.2493 -1.2858 0.7767 -0.5283 -0.5437 -0.8712 0.2787 -0.7604 -0.0008 0.2264 
20.4253 0.9747 0.6534 -2.4514 -1.3936 0.8524 -0.8305 -1.5120 -0.3399 0.1147 -0.1339 0.4081 -0.0518 
20.9993 -0.6388 0.8733 -1.1658 -1.8689 0.6624 -0.6250 -1.5423 0.2427 0.3787 -0.0508 0.1074 0.3507 
23.0651 -1.2435 -1.1470 0.0829 -3.4071 -0.1686 -0.1953 -1.1691 0.3529 -0.4998 -0.3359 -0.0782 -0.4537 
20.8253 -1.9987 -0.6021 0.7466 -1.5515 -0.0099 -0.7666 -2.0504 0.2149 -1.0472 -0.2004 0.2104 -0.0968 
22.0341 -0.3165 -0.5477 -0.7355 -2.5509 0.2171 -1.3104 -0.8933 -0.6356 -0.6040 0.1639 0.1162 -0.6218 
20.3742 -1.5896 0.7537 -0.3699 -1.1959 -1.1886 -0.8583 -0.0188 0.6270 -0.9206 -0.6498 0.2938 -0.5067 
20.1162 0.2622 0.4130 -0.9383 -0.9916 -0.5642 -0.8821 -0.9134 -0.0969 0.1601 -0.4161 -0.1133 0.2500 
19.1473 -1.2493 0.6166 -0.6769 -1.1749 1.0233 -0.5880 -1.3481 -0.4350 -0.3163 -1.1962 -0.2161 0.5283 
19.3872 0.1160 -0.0376 -0.4234 -0.6895 -1.2022 -1.0721 -0.6640 0.0479 -0.0466 0.1168 -0.4444 -0.2690 
18.0794 -0.8182 -0.3199 -2.9874 -1.4504 0.2336 -0.1865 -0.7353 -0.7047 -0.3782 -0.5090 -1.0735 0.1879 
17.6785 -0.4658 -0.1154 -0.0966 -1.3202 0.1144 -0.4200 -0.5063 0.0237 -0.6882 0.2870 -0.4356 0.1040 
18.6048 -0.9269 -1.0247 -1.6058 -1.3793 0.2330 -0.8728 -0.4348 -0.1534 -0.0953 -0.6145 -0.3522 -0.2656 
19.3024 -0.4424 0.3936 -1.3140 -0.7430 -0.3217 -0.6086 0.0069 0.0800 0.2532 -0.0239 -0.4840 -0.0037 
18.9720 0.3118 1.3245 -1.6912 -0.9184 0.4813 -0.5730 -0.1556 -0.4665 -0.7058 0.4955 -0.9776 -0.1568 
19.3141 0.3219 0.8437 -1.1002 -0.5073 -1.4363 -0.8943 -0.4815 -0.9329 0.1402 0.3981 -0.3036 -0.4046 
17.4860 -0.2489 -0.3553 -1.9218 -1.1580 -0.2731 -0.0172 -0.3850 -0.0182 -0.5201 0.5147 0.3408 -0.2958 
18.3658 -0.2489 0.0120 -0.7940 -0.5270 -0.0279 -0.3776 0.1372 0.4642 -0.1651 -0.0425 -0.7393 -0.2721 
18.2853 0.9762 0.3646 -1.9884 -0.8563 -0.2438 -0.5962 -0.2891 -0.1242 0.0416 0.3063 -0.0793 -0.0736 
18.2370 -0.7519 1.2881 -0.5877 -1.0104 -0.2409 -0.3346 0.3848 -0.6126 -0.7322 0.0009 0.6850 -0.0221 
17.3968 -0.6830 0.0234 -0.1907 -0.7165 -0.1858 0.2007 0.3765 -0.5605 -0.0604 -0.1691 -0.2904 -0.4311 
18.0328 -0.9092 0.4709 -1.1615 -1.5650 0.2505 -0.4310 0.3819 0.6172 0.1066 -0.0134 -0.0459 -0.0498 
16.7910 -1.1413 0.0614 -0.1954 -0.2946 1.5727 -0.0043 -1.0822 -1.0802 -1.5013 -0.9340 -0.2678 0.6960 
17.0557 -1.4476 1.0710 -0.3773 0.6110 0.7299 -1.2814 0.4559 -0.3778 -0.8987 0.0576 -0.8122 0.4420 
18.4924 0.4443 1.5186 -0.0108 -1.3930 -0.3379 -0.5183 0.1762 -0.3996 -0.2460 0.0347 0.0713 -0.1569 
17.0123 0.6834 1.4974 -0.2970 -0.9446 -0.4669 0.3967 -0.7128 0.1951 -0.4412 -0.2438 0.0721 -0.0397 
