25.0225 1.0285 -3.6968 -0.7762 -1.0539 1.2923 0.7822 -0.0133 -0.0993 0.0912 0.2512 0.3479 -0.3810 
24.7110 1.1053 -2.2049 -1.2482 -0.2375 1.0827 0.7339 -0.2575 -0.3312 -0.7898 -0.1122 -0.5868 -0.3222 
25.5660 0.2262 -3.3120 -1.1134 -0.6768 -0.0527 0.0846 -0.8553 0.8982 0.4459 -0.1166 0.3109 0.2701 
23.1289 0.7506 -3.1782 -1.6015 0.8705 -0.3467 -0.2833 -0.7074 -1.3310 -0.1551 -0.7513 -0.0518 -0.1498 
24.1773 2.2933 -1.6329 -0.7447 -0.6838 0.0174 -0.2042 -1.1871 0.1608 0.2868 -0.7274 -0.1764 0.3863 
25.3397 1.3407 -2.0894 0.2475 -0.1719 -0.8270 0.3121 -0.2846 -0.4199 0.4012 -0.2325 -0.3272 0.3493 
25.6927 1.3861 -3.0812 -2.0295 -0.6038 -1.2614 -0.5086 -0.3789 -0.2153 0.4755 0.4731 0.2794 -0.1053 
23.6724 1.4985 -2.0467 -2.8174 -1.3633 0.7449 0.3807 -0.6467 0.9025 0.9065 -0.1176 -0.9954 -0.4049 
24.7729 2.9529 -2.6104 -2.1421 -0.8692 0.3362 -0.0809 -0.9652 0.8527 0.1433 0.1857 -0.5175 -0.6254 
26.2147 2.6905 -1.7913 -1.6908 -0.2554 -0.1169 -0.4181 -1.0477 -0.5958 0.2988 0.0115 -0.0447 -0.1376 
24.9335 1.7624 -1.8961 -1.5944 -0.3798 -0.3447 -0.0056 -0.5209 -0.5873 0.4568 -0.0506 -0.4324 0.0952 
21.7148 1.1882 -0.6170 0.2906 0.2649 -0.4023 -1.0373 -0.1502 -0.2040 -0.6242 -0.3308 0.9175 0.3711 
23.1818 2.2234 -1.2103 -1.0151 -0.6463 -0.8915 -0.7589 -0.9910 -1.1020 -0.2934 0.4243 -0.6550 -0.3905 
25.4282 1.7522 -2.4004 -1.4114 0.2051 0.2695 -0.1186 -0.4819 -0.1159 0.0231 0.5793 0.0044 0.0820 
25.2611 1.7562 -1.6710 -0.7831 0.1632 0.0260 -0.4543 -1.2107 -1.0446 -0.0561 0.0022 -0.4087 -0.0553 
25.8517 2.7402 -2.3292 -1.7575 -0.3341 -0.3922 -0.4945 -1.6190 -0.1575 0.0461 -0.1556 0.3472 -0.0300 
25.5564 2.3861 -1.8995 -1.9102 -0.3606 -0.7651 -0.2790 -0.3774 -0.0375 -0.2474 -0.0627 -0.3030 -0.2168 
26.5213 2.9502 -1.1339 -1.0448 -0.4909 0.0597 -0.4065 -0.4510 -0.2181 0.0916 0.0570 0.1553 -0.4301 
25.4040 1.8297 -1.3132 -2.0280 -0.7168 -0.1826 -0.0520 -0.5109 0.0289 0.1375 -0.1673 0.4183 0.0128 
24.2747 2.1435 -0.7925 -0.3875 -0.6739 -0.7533 -0.3838 -1.2562 -1.1902 -0.0586 0.3921 0.1623 -0.4124 
23.8870 1.8365 -1.1456 -0.8443 -0.0085 0.3745 -0.4420 -0.8783 -0.6524 0.0116 -0.3198 0.4512 -0.6763 
25.3740 1.6101 -2.6389 -2.2834 -1.0870 0.3011 0.0562 -0.7006 0.0011 0.4301 0.1300 0.2575 -0.0351 
25.3053 1.4685 -1.5361 -0.7405 -0.8776 -0.6370 -0.7253 -0.2676 0.3276 -0.2812 -0.6203 -0.3845 1.0370 
23.0688 1.1427 -1.6825 -1.8217 -1.1602 -0.7873 0.1892 -0.0744 -0.0191 0.5539 -0.3270 -0.1083 0.4638 
23.8454 2.7159 -0.2187 -1.2724 -0.1262 -0.9425 0.5751 -1.2960 -0.5840 -0.1218 -0.2030 0.6803 0.0483 
22.9931 1.7900 -2.4347 -2.4424 -0.8666 -0.4554 0.2090 -1.4006 -0.0173 -0.3978 -0.5617 -0.7491 0.2108 
24.5865 1.5273 -2.8129 -2.2894 -0.2366 -1.0174 -0.2394 0.1494 -0.9955 0.7430 -0.0137 -0.2834 0.0945 
24.4190 -0.2107 -4.1439 -1.4789 -0.8083 -0.9836 0.7017 -0.5357 0.1611 -0.2411 -0.3236 -0.1000 -0.0253 
23.5889 0.2348 -2.1228 -1.4982 0.1363 0.0587 0.3018 -0.5358 0.2531 0.2283 0.3574 -0.0499 -0.5759 
25.0120 3.1238 -1.6852 -1.4708 -0.8206 -0.7761 0.1416 0.2415 -0.9714 -0.8298 -0.1246 0.4788 -0.6328 
23.9167 2.6793 -1.1499 -2.2254 -0.9525 -0.0083 -0.4444 -0.1177 -0.3050 0.1628 0.6361 0.0396 -0.8227 
24.9350 1.6528 -1.2002 -1.7158 -1.1606 -0.3513 -0.3026 -1.5516 -0.7382 -0.0008 -0.4548 -0.4668 -0.4438 
26.2255 2.6089 -3.1856 -2.8765 -0.7732 -1.6832 -0.4199 -0.5433 -0.8252 -0.1604 -0.5969 -0.2553 0.0406 
25.7061 1.8129 -2.7390 -1.8027 -0.0592 -0.6993 0.0638 -0.2795 -0.1658 0.4015 0.3442 0.2848 0.6304 
25.2954 -0.0853 -3.1356 -0.6251 -0.4234 -0.0776 0.1457 -0.3328 -0.3437 -0.6739 -0.8759 -0.2581 -0.0341 
25.0751 0.6978 -1.2788 -0.7994 -1.1647 0.1865 0.1037 -0.4823 0.0578 -0.8248 0.0922 0.0542 -0.5037 
27.2846 -1.1686 -2.9317 -1.2207 -1.0832 -0.8101 0.2931 0.3065 0.3741 -0.0887 -0.4654 -0.2832 0.2669 
27.4589 -2.7479 -2.1165 -1.5214 -0.7897 0.6064 1.2020 0.2546 0.0609 -0.5865 0.0733 0.3761 -0.1619 
27.1641 -1.0658 -1.3075 -0.7615 0.5128 -0.8682 -0.2635 -0.2203 -0.2174 -0.2053 -0.1508 0.5166 -0.2706 
28.0892 -0.0434 -1.7475 -1.1180 -1.7603 -0.4407 -0.5830 -0.1250 -0.0858 -0.7259 -0.0262 0.2815 -0.5968 
27.4342 -0.7314 -2.3939 -1.1478 1.1831 0.4149 -0.0994 -0.1942 0.3012 -0.3596 -0.1305 0.1472 -0.9130 
28.4611 1.2361 -1.7563 -0.0867 -0.6257 -0.5173 -0.2358 -0.4169 -0.3147 0.0584 -0.0837 -0.0265 0.0934 
27.5255 -0.2326 -3.1116 -0.6457 -0.2818 0.1447 0.7260 -0.6887 0.4066 0.2516 0.0065 0.0708 -0.5967 
26.4996 1.3811 -2.4162 -0.8953 -0.6874 0.1733 -0.5511 -0.5582 0.0861 -0.1834 -0.2637 -0.3736 0.1992 
27.8997 2.0511 -2.0816 -1.1193 -1.0362 -0.3310 -0.3517 -0.8263 -0.0720 0.3650 0.1011 -0.8381 -0.1782 
31.0956 -1.9218 0.3264 -2.6243 -0.3721 -1.2779 -0.6932 -1.0843 -0.1543 0.1928 -1.3043 -0.0658 0.7497 
32.1259 -2.3381 -1.3398 -3.4656 -1.3511 0.0482 -0.1417 -0.5889 -0.5225 0.1042 -0.5368 -0.0477 -0.1080 
28.5800 -0.0700 -0.4912 -1.9885 -1.0405 -0.3271 0.1095 -0.4886 0.1844 0.4500 -0.1622 0.2162 0.2866 
25.9869 -0.4760 -1.8444 -1.5970 -0.0387 -0.3804 -0.3052 -0.1138 -0.4008 0.1389 -0.3382 -0.1605 0.1326 
26.6510 0.4913 -0.7665 -2.0462 -2.2563 -0.5292 -0.1911 -0.1685 -0.9185 0.3381 0.3471 0.2426 -0.4178 
25.6628 0.8236 -1.6414 -0.9358 -1.6905 -0.5261 0.1363 0.1184 0.6817 0.0072 0.2484 0.2041 0.8763 
26.0285 1.3015 -1.6153 -0.1371 -0.2171 0.0433 -0.8806 -0.9632 -0.6379 -0.2854 -0.1526 0.1601 -0.3057 
26.1135 0.6888 -1.9726 -1.4668 -0.7732 -0.7173 -1.0685 -0.9384 0.0156 -0.2577 -0.1103 -0.0571 -0.2753 
25.6211 -0.6952 -2.6416 -0.9715 -1.3106 -0.1606 0.4502 -1.2373 0.6035 0.1126 0.1360 0.3434 0.1103 
25.0126 0.1185 -1.1285 -1.4387 0.0173 0.5488 -0.8327 -0.0729 0.3683 -0.0555 -0.9576 0.1179 -0.1586 
24.3592 0.9845 -0.9665 -0.9400 -2.0021 -0.4163 -0.0565 -0.7797 0.1968 -0.6596 -0.1677 -0.2179 -0.5411 
25.3387 1.1883 -2.5664 -1.1246 0.0091 -0.4750 0.2621 -0.7102 -0.1051 0.2990 -0.6797 0.0250 0.2418 
24.7497 0.8775 -1.0962 -1.6869 -0.1553 -0.4005 -0.0152 -0.0569 -0.6936 -0.4834 0.7213 0.3591 -0.1212 
24.8585 -0.7241 -3.2318 -0.3832 0.7397 1.9260 1.1544 0.0950 -0.4685 -0.4010 -0.1878 -0.6239 -0.2792 
26.6039 1.0003 -1.4572 -1.1107 -0.0826 0.0696 -0.1025 -1.0540 0.0123 -0.0006 -0.2951 0.3201 -0.3265 
27.4789 1.5559 -1.3196 -0.7427 -0.4016 -0.8903 0.1392 -0.7524 -0.5047 -0.6934 -0.1516 -0.1340 0.1002 
26.5510 0.9985 -1.1800 -0.3934 0.5571 -0.0767 -0.5488 -0.8940 -0.5144 -0.3316 0.3865 -0.1513 -0.1248 
26.7907 1.0381 -1.1741 -0.7711 0.3321 -0.3602 -0.6994 -1.4837 0.0564 0.6187 -0.8779 0.4176 0.8491 
27.1609 1.9733 -1.5226 -0.3852 -0.5013 -0.8380 0.4480 -0.6696 0.0268 0.0164 -0.2344 0.2626 0.3719 
27.6294 2.2386 -2.8534 -0.9179 -0.2730 -0.4251 -0.5921 -1.2154 0.1730 -0.1554 -0.0494 0.5808 -0.3887 
26.4644 0.7226 -3.3378 -1.0628 0.5232 0.1567 -0.0564 -0.8073 0.6333 -0.1613 -0.6158 -0.3348 0.1224 
26.1112 1.6785 -1.9962 -0.6896 1.0726 0.7337 -1.1779 -0.5231 -0.6963 -0.7118 -0.1159 -0.0552 0.1710 
25.0562 0.8119 -2.2213 0.6825 -0.4519 0.6469 -1.1112 -1.0967 0.2324 0.0099 -0.7030 -0.2955 -0.0376 
25.8945 0.8368 -0.7453 -1.2213 -1.7111 0.3588 0.0286 -0.7858 0.2048 0.4338 -0.3577 -0.0949 -0.7323 
27.4309 2.0485 -1.2063 -0.9120 -1.1536 -1.1575 0.7408 -0.9839 -0.3021 0.3968 0.0782 -0.0419 -0.1572 
26.9016 1.5577 -1.8913 -1.6486 -2.2102 -0.7981 -0.3490 -0.7613 0.5324 0.0908 -0.1166 -0.2209 0.3285 
26.9541 0.4054 -2.1760 -0.7208 -1.1374 0.0586 0.9635 -1.0514 0.1090 -0.2919 -0.0472 0.0582 -0.2751 
25.9051 -0.5469 0.1272 -0.2318 -1.1550 -0.6288 -0.4919 -1.1366 -0.2220 -0.8153 0.4612 0.3415 -0.0957 
25.2826 0.7585 -1.6883 -1.3401 -1.2584 -0.5724 0.2419 -0.4699 -0.2687 -0.2991 -0.3358 0.3883 -0.7035 
26.6681 2.2084 -0.8153 -1.8901 -1.5443 0.2483 -0.2121 -1.5037 0.2020 0.4361 -0.0797 0.3786 0.0436 
27.0968 1.4646 -0.1529 -0.6469 -0.5629 -0.0349 -0.6823 -0.3880 0.7567 -0.5655 -0.0274 -0.4562 -0.5341 
28.6531 1.0946 -1.7209 -1.4406 -1.1587 0.2514 -0.0832 -1.1007 0.3638 0.6407 0.3011 0.0639 0.3232 
28.7929 0.4425 -2.1710 -0.2615 -0.1319 0.7674 -0.3059 -0.7619 0.1062 0.0279 -0.5101 -0.1620 -0.1691 
27.8885 1.3027 -3.0466 -1.2622 -0.7756 0.2032 0.0529 -1.0731 -0.0254 0.2474 -0.4408 -0.2216 -0.1645 
28.0787 0.5968 -2.4305 -1.3692 -0.4457 -0.5338 -0.3244 -1.1038 0.9890 0.8483 0.5354 0.2100 0.2553 
29.1690 1.9274 -2.1169 -1.5199 -0.2863 -0.4646 -1.6333 -1.9282 -0.4873 0.0235 -0.0189 -0.2065 0.1204 
29.6885 3.1416 -2.8860 -1.6643 -1.7410 -0.6231 -0.5043 -1.5652 -1.0295 -0.3359 0.0528 -0.6252 -0.2597 
31.0205 2.7212 -1.9136 -1.5991 -1.1837 0.0764 0.4685 -1.8483 -0.0577 -0.3217 -0.2693 -0.5896 -0.0271 
29.4031 3.1587 -3.0092 -0.5743 -0.3485 -0.1610 -0.4996 -1.8908 -0.7323 0.3822 -1.1515 -0.6493 -0.1342 
29.7807 3.9751 -2.7816 -1.3646 -0.6241 -0.1531 -0.2379 -2.0153 -0.1288 0.3031 -1.2545 -0.0402 -0.3502 
29.6813 2.9655 -2.0782 -1.7718 0.1954 0.2643 0.0734 -1.8736 -0.4999 -0.1468 -0.7910 0.0850 -0.6745 
28.2945 3.4707 -1.7491 -1.0285 0.8291 -0.2640 -0.7665 -1.8129 -0.4868 0.7827 -0.5171 -0.6052 -0.1998 
28.6664 4.1674 -2.0404 -1.6014 -0.1016 -0.7925 -0.9019 -1.0097 -0.5716 0.2859 -0.6674 -0.1778 -0.4158 
27.7881 3.3470 -0.7738 -0.2997 -1.3499 -0.4321 0.1308 -0.7817 -0.4194 -1.0755 -0.2693 -0.5018 0.2194 
28.2269 2.7647 -1.1890 -0.9760 0.0749 -0.7219 -0.4609 -0.8762 -0.2170 -0.8240 -0.7663 -0.1736 -0.3418 
28.1850 3.2876 -1.4417 -1.5244 -0.7535 -0.1949 -0.5147 -0.6122 -0.1747 -0.5039 -0.3012 -0.4116 0.1221 
27.8047 2.0627 -1.3645 -1.0571 -0.3020 -0.7617 0.0264 -0.6675 -0.0390 0.5327 -0.4279 -0.5536 -0.2421 
29.3624 3.1638 -2.0791 -0.5931 -0.9706 -1.3489 -0.7017 -0.8280 -0.2914 -0.4045 -0.0709 0.0694 -0.1157 
31.4019 3.3657 -2.7417 -1.3005 -0.4062 -0.3967 -1.3215 -0.8660 -0.3348 -0.3833 -0.3633 -0.3326 0.1909 
33.1194 3.4742 -4.0130 -0.8601 -0.4667 -0.2796 -0.6258 -0.8028 -0.4935 -0.7683 -0.5791 -0.4974 -0.1343 
34.0131 2.8437 -4.2670 -1.0367 -0.2411 -0.1564 -0.5465 -0.9968 -0.7565 -0.3288 -1.1851 -0.5716 0.0006 
34.6829 2.7227 -4.6995 -0.9133 -0.3467 -0.0867 -0.6367 -1.0182 -0.6558 -0.0531 -1.3063 -0.5339 -0.0436 
34.9873 2.6014 -4.6210 -1.0485 0.0070 -0.0400 -0.3413 -1.2613 -0.5604 0.3221 -1.1639 -0.4512 0.1142 
34.9385 2.1021 -5.0326 -1.4295 -0.3739 -0.4303 -0.5684 -1.6787 -0.6595 -0.1130 -1.1575 -0.5479 -0.1191 
34.5471 1.9389 -5.3596 -0.7393 -0.8293 0.0835 -1.0371 -1.4196 -0.6482 -0.0163 -1.0466 -1.1423 -0.1671 
34.6104 1.6190 -4.6890 -1.3192 -0.3622 -0.4716 -1.0786 -1.7533 -0.7783 -0.1931 -1.0882 -0.9491 -0.4859 
34.9123 2.7462 -4.6982 -0.4362 -0.2300 -0.2458 -0.9196 -0.8887 -0.5437 -0.0786 -0.3922 -0.8272 -0.0166 
35.1128 1.8550 -4.5621 -0.8288 0.0206 -0.4439 -1.2032 -0.9717 -0.8924 -0.5351 -0.7508 -0.6251 -0.2612 
34.9835 1.4896 -4.0733 -0.2182 0.0671 -0.1450 -0.8520 -0.8390 -0.7176 -0.6506 -0.5393 -0.6658 -0.2784 
35.2355 1.4397 -4.2393 -0.2991 -0.0699 -0.2293 -0.9620 -0.6135 -0.8227 -0.6741 -0.5475 -0.5460 -0.5091 
35.6370 1.8484 -3.8547 -0.6465 0.1987 -0.2566 -0.9602 -0.2800 -0.6841 -0.2210 -0.3563 -0.1288 -0.3565 
35.3906 0.9511 -3.7014 -0.8614 0.4197 -0.4867 -0.6733 -0.8713 -0.6779 -0.4361 -0.5605 -0.2761 -0.2522 
34.4520 0.2267 -3.8183 -0.8812 0.4676 -0.7184 -1.1231 -1.1348 -0.9918 -0.7109 -0.7886 -0.6739 -0.6579 
34.7821 0.9529 -3.0923 -0.1251 0.7924 -0.8075 -0.7937 -1.0157 -0.4570 -0.2604 -0.2608 -0.3960 -0.7843 
34.7739 1.3735 -3.4585 -0.7579 0.2580 -0.8820 -0.7162 -1.0343 -0.5159 -0.4128 -0.3550 -0.0373 -0.5870 
34.8020 1.0718 -3.2868 -0.7284 0.6505 -0.9097 -0.4484 -1.1595 -0.5316 -0.4916 -0.5685 -0.0308 -0.5763 
34.5671 0.9304 -3.4681 -0.4713 0.1414 -1.3517 -0.7320 -1.3041 -0.5384 -0.3864 -0.5319 -0.1639 -0.6266 
33.9350 0.4423 -3.6610 -0.4403 0.1998 -1.3705 -1.1741 -1.1766 -0.9135 -0.7897 -0.8189 -0.4344 -0.8311 
34.9605 0.9835 -3.3285 -0.1943 0.2496 -1.4804 -0.8214 -1.0272 -0.4709 -0.3853 -0.3313 -0.1252 -0.6495 
35.0236 0.1887 -3.6549 -0.0605 -0.2151 -0.7918 -1.7536 -1.0607 -0.7949 -0.4838 -0.0640 -0.4376 -0.6710 
36.6307 0.5220 -2.2383 -0.1586 -0.4997 -0.9789 -0.6621 -0.6475 -0.3509 0.1029 -0.7839 -0.3487 -0.2765 
36.2417 0.9346 -2.9602 -1.0625 -0.3618 -0.9568 -1.4170 0.3590 -0.8404 0.2332 -0.3392 0.3409 -0.7932 
37.2792 0.9129 -2.6092 -0.9105 0.4161 -0.4579 0.2858 0.2523 -0.7041 -0.7591 -0.8587 -0.2504 -0.0110 
37.2308 1.3967 -2.2048 -0.5111 -0.6057 -1.2993 -0.3852 -0.3329 -0.1620 0.0878 0.1161 -0.1418 -0.3670 
35.5651 -0.4281 -2.2481 0.6547 -0.1153 -0.6738 -0.7154 -1.4579 -0.6913 -0.2949 -0.8166 -0.0634 -0.2604 
35.8213 0.5831 -2.1212 0.2401 -0.2679 -0.2106 -0.6248 0.0325 -0.5760 -0.7779 -0.9619 -0.0354 -0.2679 
35.8211 1.4198 -2.8623 -0.3848 -1.1293 -1.3772 -0.9763 -0.4050 -0.5200 -0.4304 -0.1248 -0.0889 -0.2767 
35.0428 0.6727 -2.3780 0.1322 -0.4674 -1.4625 -0.1085 -0.2078 0.0573 0.6391 -0.0729 0.5778 -0.1095 
35.1958 0.7321 -1.5833 -0.0512 -0.3017 -1.4798 -0.6647 0.4436 0.0765 -0.0241 -0.8057 -0.0136 -0.2866 
35.1551 0.3778 -2.2214 0.2247 0.4732 -1.1851 -0.5958 -1.2531 -0.5219 -0.2169 0.0878 0.0579 -0.2775 
34.5894 0.7706 -1.3853 0.0326 0.0427 -1.2736 -1.4337 -0.7575 -0.5663 -0.2985 0.1588 0.1756 -0.4273 
33.9891 1.3018 -1.5253 -0.2460 -0.4335 -2.1802 -0.7242 0.2018 -0.3623 -0.1965 -0.9507 -0.2126 0.1901 
32.1296 0.4154 -3.2818 -0.4743 0.7315 -0.7531 -0.9653 -1.1954 -1.5381 -1.0772 -0.5420 -0.3014 -0.1228 
33.1650 0.6924 -2.5139 -0.2552 0.3125 -1.5477 -1.6848 -1.4794 -0.5610 0.5735 -0.1492 -0.2476 -0.5521 
33.2485 0.8755 -2.5565 -0.4156 0.6185 -0.8311 -0.5790 -0.6129 -0.3577 -0.4013 -0.7719 -0.3835 -0.5981 
33.0192 1.3993 -3.0188 -1.6413 0.4189 -1.6404 -0.2792 -0.4603 -0.3178 -0.5739 -0.1025 -0.1119 -0.4069 
32.5123 1.9592 -2.2905 -1.0636 0.1537 -1.4834 -0.4065 -0.3826 -0.6175 0.0656 -0.7882 -0.2937 -0.4944 
31.3214 0.9325 -2.5056 -0.7552 -0.0935 -1.1610 -1.0251 -1.5277 -0.8473 0.2498 -0.6848 -0.0133 -0.4475 
30.5750 1.1354 -2.1703 -0.6062 -0.5466 -0.6937 -1.1412 -1.0171 -0.7114 0.0287 -0.1247 -0.3171 -0.4966 
29.5589 2.5060 -1.5512 -0.4148 0.0847 -0.8521 -0.8142 -1.2312 -0.4370 -0.2547 -0.4880 0.0078 -0.3688 
29.6531 2.2773 -0.8139 -0.5354 -0.6456 -0.6352 -1.0860 -1.2665 -0.6650 0.5155 -0.4858 -0.1078 -0.6239 
27.8746 2.3783 -0.8309 -1.4834 -2.4121 -0.4805 -1.2216 -1.5980 -1.5142 -0.0387 -0.3243 0.1348 -1.0535 
29.5521 1.6586 -1.0796 -0.4942 -0.5272 0.0648 -0.5807 -1.1160 -0.1074 0.1588 -0.1255 -0.2267 -0.2500 
32.0013 0.8993 -1.6243 -0.4487 -0.8093 -0.8813 -0.2614 0.2683 -0.2039 0.2484 -0.2682 -0.3907 0.0225 
32.6047 2.2136 -2.1551 -1.1088 -1.3444 -1.2241 -0.2684 0.5969 -0.1122 0.6603 0.5185 0.2725 0.7279 
32.8416 1.2325 -1.6411 -1.9310 -0.5605 1.3300 0.5791 0.1816 0.3682 -0.3191 -0.7429 -0.3113 -0.2562 
32.4404 1.7150 -1.1386 -1.8890 -1.0665 1.1145 -0.7997 0.7254 -0.4418 -0.0372 -0.1784 0.5743 -0.2519 
32.4952 0.1109 -2.1952 -1.7690 -2.3186 -1.6324 -2.1578 -1.6386 -0.7061 -0.8269 -1.2238 -0.3484 -0.3821 
33.7861 0.2869 -1.8385 -1.5425 -0.2499 0.0589 0.0951 -0.3673 0.0126 0.3520 0.0250 -0.3423 -0.1206 
33.0814 -0.0270 -2.9255 -1.5005 -1.4046 0.1886 -0.5900 -0.9745 0.2459 0.3870 0.1727 0.1197 0.5151 
32.1925 0.5948 -2.9494 -1.4501 -1.4380 -0.4880 -0.5005 0.2187 1.0882 0.5020 0.6194 0.4046 1.0434 
32.8482 -0.1251 -1.5303 -0.4090 -0.6641 0.4727 -0.6722 -0.2912 -0.4248 -0.7274 -0.6892 -0.1507 0.0494 
32.9309 -0.0662 -2.1418 -1.8695 -0.4244 0.6126 -0.4142 -0.6785 -0.2013 -0.0657 -0.2960 -0.5743 -0.0699 
33.7543 -0.5214 -0.9182 -0.8045 0.4409 -1.0001 -1.4172 -0.7060 -0.4586 0.6494 0.1041 -0.3675 -0.6356 
33.3011 -1.1748 -3.0688 -2.0434 0.1703 -1.3894 -0.5853 -0.6785 -0.2302 -0.8693 -0.3052 -0.3483 -0.7685 
32.6881 -0.5456 -2.5463 -1.1736 0.6669 -0.7060 -0.5359 -0.0472 -0.2822 -0.5170 -0.2909 -0.3683 -0.3165 
32.0377 -1.2208 -2.5883 -0.3354 0.3237 0.2137 -0.0757 -0.3862 0.3306 -0.1181 -0.0738 -0.2842 0.1270 
31.1737 0.4867 -2.2709 -0.8352 0.6225 1.0373 -1.2991 0.2646 -0.3656 0.0973 0.2293 -1.1143 -0.5938 
30.4023 -0.2445 -2.5222 -0.4805 0.3621 -0.6061 -0.4013 -1.3445 0.5886 0.4080 0.3643 -0.1845 -0.0101 
30.4409 0.8186 -2.1054 -0.6384 0.7899 0.5972 -1.0814 -1.4495 -0.5760 -0.2482 -0.4984 -0.2367 0.2744 
31.0126 0.7016 -1.8279 -0.7467 -0.8719 -0.7647 -1.3541 1.0209 0.4788 -0.6485 -0.4232 0.1093 0.6005 
31.4180 1.2593 -2.0009 -1.9316 -0.3478 0.0604 -0.2850 -1.1779 0.3608 -0.1650 -0.1123 -0.3443 -0.0713 
30.6907 1.8622 -1.1698 -1.9672 -0.1528 -0.1717 -0.0625 -0.0009 -0.3473 -0.3203 -0.1174 -0.2822 -0.0286 
29.0774 1.2254 -1.9341 0.1640 -0.3628 0.2524 0.1625 0.2996 -0.7475 -0.1926 -0.4953 0.4009 -0.1441 
28.0979 0.4833 -1.3906 -0.9094 -0.9175 -1.0889 0.2202 1.0808 -0.1824 -0.0742 0.0908 -0.1051 -1.0304 
28.8113 1.4139 -1.9511 -1.8057 -0.9630 -0.6068 0.5611 0.3316 -0.1899 -0.7854 -0.3347 0.1283 -0.1591 
27.0307 0.3498 -1.4525 -0.2773 -0.6382 -1.1665 -0.5518 0.5156 -0.3082 -0.4860 -0.3011 0.0814 0.4395 
25.4352 0.6219 -2.4325 -1.7719 -0.0692 -0.7194 -0.1802 -0.3052 0.0051 -0.5622 0.5342 0.1646 -0.4800 
25.1838 1.1717 -2.8895 -0.5910 -1.0813 0.4276 0.7700 -0.0579 -0.6239 0.4891 0.0009 -0.3894 -0.2602 
24.6131 1.4517 0.4921 -0.4456 -1.1398 -1.5060 -1.2169 0.5686 -0.3534 -0.3189 0.2013 -0.4907 0.0833 
24.5686 0.6431 -1.4341 -1.0328 0.3612 -0.6924 -0.1088 -0.6402 0.0474 0.0970 0.4908 -0.7425 -0.5218 
24.4312 0.8961 -0.5769 -0.8867 -1.2965 -0.7442 -0.6678 -0.5691 -1.0568 -0.4415 -0.4071 0.4906 -0.4459 
25.8484 -0.4507 -1.3789 -1.9108 0.0150 -0.0395 -0.3159 -0.1158 -0.6591 -0.9012 -0.1306 0.0594 -0.2339 
27.1879 0.2743 -1.5006 -1.2355 -2.3251 -0.8172 -0.2195 -0.4744 0.0078 -0.1316 0.1975 -0.0713 0.0379 
27.6100 -1.3462 -1.3076 0.9344 -1.7856 0.4345 0.4327 -0.3263 -0.2476 -0.6381 -0.5328 -0.4834 0.4098 
26.6132 -0.9998 -1.6535 -1.4072 -1.0119 0.7312 0.6223 0.0830 0.2738 0.1282 0.6078 -0.1051 -0.2795 
27.0612 0.2502 -2.1122 -0.9383 -0.3708 -0.8586 -0.8021 -0.8706 0.1172 -0.3471 -0.5075 -0.0581 -0.4106 
28.1768 2.4359 -3.3624 -1.0185 0.1057 0.1646 -0.9387 -0.3705 0.1002 -0.1705 -0.4953 -0.3607 0.2204 
28.9266 0.1541 -3.8330 -1.4317 -0.9925 0.4052 0.9689 0.0403 0.3754 -0.2422 -0.0288 0.3977 0.3819 
27.8212 2.4708 -1.9576 -1.8584 -0.8811 0.8539 0.2495 -1.1529 0.5640 0.3070 -1.4616 -0.2738 1.2407 
28.5381 1.9125 -3.7310 -1.3696 0.0840 0.5335 -0.7840 -1.0414 0.2585 -0.3699 0.5001 0.2072 0.2755 
28.7234 2.3081 -2.8864 -0.9623 0.8854 -0.4110 -1.2464 -0.9076 0.0326 -0.0253 0.1612 -0.5255 -0.1429 
27.5276 1.5216 -3.1734 -1.9304 -1.1125 0.2419 -0.7725 -1.0679 -0.1010 0.8125 -0.7550 0.0721 -0.0249 
27.5950 2.0970 -3.1741 -1.2587 -0.3065 -0.3620 -0.4358 -1.1981 0.2732 0.4309 0.0958 -0.2448 0.0898 
27.4185 1.4163 -2.1923 -1.2617 0.0034 -0.0009 -0.3488 -0.7897 -0.3444 -0.4923 -0.6062 -0.4452 0.1862 
25.9403 1.6840 -1.3352 0.8152 -0.7504 -0.4342 -1.4060 -0.6647 0.7699 0.4537 -0.4254 -0.9268 -0.1467 
27.4392 3.7274 -2.4152 -0.6083 -1.4789 0.4417 -0.9689 -0.8438 -0.3355 0.5216 -0.1161 -0.5906 0.1506 
25.9470 0.8657 -3.2249 -3.1566 -1.7750 -0.3120 -0.2938 -0.8686 -0.6457 -0.3592 -0.9479 -1.1577 -0.8359 
26.7218 1.4629 -1.5711 -1.3622 -0.5420 -0.0658 -0.3638 -0.2632 -0.4461 -0.3209 -0.2115 -0.3881 0.3565 
26.2265 1.6137 -1.5928 -0.9682 -0.6084 0.0119 -0.5364 -1.2748 -0.0775 0.3870 -0.0099 -0.3194 0.5073 
25.4143 2.0381 -0.7268 -0.3410 -1.5431 -1.1343 -0.5811 -0.1204 0.2879 0.2443 -0.5475 0.0403 0.3827 
25.9494 -0.2966 -1.6165 -1.2595 -2.3681 -0.2700 -0.6517 -0.3913 0.2247 -0.2281 -0.6018 -0.4752 -0.8534 
29.0191 -1.4664 -1.0820 1.5078 -2.2550 -1.2463 -0.4344 0.1778 -0.5091 -0.2174 -0.2962 0.3388 0.1785 
29.5614 -1.3548 -1.5949 1.1629 -1.2141 -0.3011 -0.5024 -0.1717 -0.0803 0.3970 -0.4675 -0.1407 -0.6385 
29.3284 -0.5201 -1.2596 0.8315 -1.1634 -0.6191 -0.1806 -0.0181 -0.9983 -0.1761 0.2474 0.1310 -0.2478 
28.9124 -1.7068 -2.7984 -0.0393 -1.4964 -0.7325 -0.5783 -0.4160 0.1416 0.5468 -0.1394 -0.0266 -0.4260 
28.1462 -1.7922 -2.8824 0.0313 -1.1088 0.7757 0.4123 -0.1008 0.0601 0.1383 0.0576 -0.1452 -0.5221 
26.9681 -1.9559 -1.6314 1.3655 -0.0803 -0.2832 -0.9862 -0.6518 -0.4956 -0.7604 0.0435 -0.1703 0.0034 
27.2385 -1.5598 -2.5686 0.1660 -1.0485 -1.1004 -1.1326 -0.0909 -0.6816 -0.3204 0.1657 -0.5645 -0.3314 
27.3060 -1.8107 -3.3951 -0.2295 -1.1533 0.2396 0.2961 -0.4558 -1.0255 -0.9543 -0.5543 0.0105 0.0925 
27.8244 -1.3364 -3.3458 0.4277 -1.4740 1.0705 0.5634 0.1809 1.0407 0.0946 -0.3194 -0.6503 -0.7883 
28.3387 -0.0287 -1.6736 0.4776 -1.8913 -0.6244 -0.4994 -0.4002 -0.3654 -0.1925 -0.2863 -0.1367 -0.0907 
27.2932 -0.2670 -1.5464 -0.4210 -2.4661 -1.2294 -0.1739 0.0081 0.0631 -0.3994 0.0619 -0.2892 -0.0501 
27.1782 -0.2331 -1.0612 0.3661 -1.1580 -0.1467 -0.2276 -2.0030 -0.5648 0.2535 -0.1776 0.2918 0.1087 
26.6808 0.6292 -2.1027 0.2804 -1.4934 -0.7064 0.5909 -0.8547 -0.6362 0.2144 -0.7545 -0.2871 -0.4278 
25.4965 0.5666 -1.4938 -1.1555 -0.4070 -1.4546 -0.5335 -1.1244 -0.7431 0.1545 0.4649 -0.8966 -0.2450 
23.6385 -1.0835 -1.8249 -0.9829 0.0173 0.1814 1.3430 0.2835 0.8987 -0.0678 -0.7146 -0.6414 -0.9162 
23.3928 -0.3734 -0.8613 -0.5611 -0.4142 0.0084 -0.4377 -1.0887 -0.4577 -0.6745 -0.7188 -0.9957 0.3331 
25.0641 0.7008 0.1009 -0.4173 -1.1735 -0.5495 -0.8604 -0.5234 -0.4847 0.0797 0.0699 -0.2182 -0.5046 
23.8665 0.8319 -0.7957 -0.0360 -1.0355 -0.6942 0.4051 0.6305 -0.4854 -0.5170 -0.0605 -0.2713 -0.5547 
24.6324 0.0559 -1.5767 -1.4156 -1.0922 -0.7962 -0.7012 -0.3791 -0.2480 -0.5710 0.2410 -0.3374 -0.3230 
25.1913 0.0504 -0.1926 -0.2104 -1.7006 -0.0697 -0.4610 -0.7891 -0.7518 -0.1798 -0.2302 -0.4425 0.3813 
24.9366 0.5559 -0.9436 -1.2398 -0.4358 -0.2633 0.8123 -0.4138 0.2375 0.3746 0.2594 -1.2358 -0.5809 
23.4913 -0.6973 -2.4967 -1.2395 -1.0446 0.3431 -0.5856 -1.5523 -1.3401 -0.5964 -0.2449 -0.3703 -0.5316 
22.9887 -0.4454 -0.7511 -0.5450 -0.7824 -0.1327 -1.3567 -1.8311 -0.3726 -0.0229 0.4470 0.1079 -0.6080 
23.6167 -1.3197 -2.5942 -1.9758 -1.3337 -1.2761 -0.0899 -0.6611 -0.0944 0.4506 0.4212 0.0085 -0.0805 
23.8548 -0.3193 -1.9089 -1.2198 -0.1754 0.1549 -1.0524 -0.3062 -0.0371 -0.8345 -0.4467 -0.1810 -0.1055 
24.3164 0.5593 -1.8451 -1.6998 -0.7799 0.1881 0.1357 -0.7265 0.7992 -0.2454 -0.1525 -0.0509 0.4402 
25.7836 2.1025 -1.9465 -1.4940 -0.3103 -0.2996 -0.8815 -1.6435 0.2336 0.2624 -0.1986 -0.3487 -0.3437 
27.0904 0.8539 -3.0414 -1.5831 0.8175 0.3590 -0.7428 -0.9780 0.3159 -0.2521 -0.6055 -0.0862 -0.9620 
27.2839 0.6047 -2.2381 -1.5099 0.5419 -0.4687 -0.5734 -0.2271 -0.0526 -0.2946 0.1182 -0.0206 -0.0619 
26.2942 0.4404 -2.8054 -1.3081 1.0779 0.1309 -1.1191 0.0206 -0.0162 0.3592 0.4457 -0.1670 -0.5563 
26.5615 -0.2679 -4.1316 -1.6589 -0.7088 -0.5090 -0.1456 -0.3774 0.8631 0.3582 0.2445 0.7696 0.3268 
26.0276 0.3457 -1.9889 -2.0775 0.1740 0.1182 0.1946 0.0038 -0.0804 -0.3872 -0.1380 -0.2391 -0.4052 
24.6764 1.0275 -1.8277 -0.9970 -0.9917 -1.1574 -0.0801 -0.4575 -0.1286 -0.2753 0.1319 0.2406 -0.0611 
25.0220 0.0051 -3.0707 -1.8532 -0.1710 0.3317 0.6684 -0.8721 0.2477 -0.5688 -0.1044 0.7652 -0.2016 
25.6635 0.9731 -1.4773 -0.8385 0.0748 -0.6570 -0.6223 -1.4667 0.2903 0.5724 -0.1253 -0.6773 -0.3748 
26.0759 0.7732 -2.0585 -1.9656 0.4333 0.3847 0.3836 -1.2723 -0.5936 -0.5206 -0.5173 -0.5746 -0.0261 
26.1617 -0.1838 -2.8304 -3.0721 -0.4312 -0.2259 -0.8172 -0.8050 -0.1984 -0.4483 -0.1139 -0.1382 0.2957 
25.8502 -0.2698 -3.7062 -0.5139 -0.4427 -0.6786 0.3848 -0.2538 -0.0569 -0.1781 0.1586 -0.4129 -0.1119 
26.6262 -0.3607 -3.0707 0.3959 -1.0911 -1.3985 -0.4075 0.4726 0.6222 -0.1465 0.1873 -0.0128 0.2636 
28.7584 -0.4520 -3.8195 0.6934 0.1235 -0.7552 -0.1434 -0.6522 -0.4722 -0.5746 0.1596 -0.2688 -0.1497 
28.9684 -1.2128 -5.1607 0.1904 -1.1060 -0.8061 -0.2718 -0.5700 -0.3344 -0.4426 0.9540 0.4381 0.1978 
27.9129 -2.3083 -5.0337 0.5655 -0.5126 -0.7134 -0.5099 -0.5089 -0.0394 0.1900 0.9664 0.6595 0.4628 
29.0368 -0.8901 -4.1760 0.7579 -0.4922 -0.1720 -0.6226 -0.7258 -0.5947 -0.1266 0.1598 -0.0812 0.2162 
28.8566 -1.2534 -4.2469 -0.4633 -1.9627 -0.4347 0.2768 -0.7411 0.2938 0.1485 -0.4194 -0.3382 0.0231 
28.4968 -0.9721 -4.3022 1.5974 -1.9351 -1.4271 0.0565 -0.3676 -0.4730 0.5659 -0.8313 0.1275 -0.0736 
29.2929 -1.2982 -4.1014 0.7182 -1.3381 -0.5440 1.3603 0.5712 0.7644 0.0731 -0.5667 -0.9193 -0.8091 
29.3559 0.2944 -3.9274 1.8646 -0.6198 -2.4645 -0.2342 -0.8385 0.2545 0.3407 -0.8483 -0.3230 -0.2123 
29.6581 -1.2289 -2.8871 1.5286 -0.1584 -0.4594 -0.5107 -0.2433 -0.6360 -0.6996 -1.0474 0.0320 0.2256 
29.2794 -0.1545 -4.1117 1.1154 0.3717 -0.1297 -0.2306 0.0624 -0.8580 -0.2903 -0.6445 0.0861 -0.2933 
29.1751 0.4129 -4.7375 0.1789 0.0336 -0.4133 -0.4157 -0.2994 -0.1674 -0.3174 -0.3807 -0.0860 -0.6273 
28.8403 -0.7349 -5.2802 -0.4292 -0.3687 -0.9844 -0.9415 -1.1304 -0.4239 -1.4905 -0.4631 -0.7486 -0.2004 
29.4451 -1.3249 -3.5468 -0.6182 0.0663 -0.9214 -0.5371 0.3346 0.6903 0.3025 0.1658 0.3239 0.2301 
30.1345 -0.7536 -4.5309 -0.4204 0.4305 -0.6466 0.3555 -0.5996 -0.0866 0.5357 -0.5965 0.3558 -0.1813 
29.2885 -1.5076 -5.2021 -1.0223 -0.0876 -0.9488 -0.8913 -0.6849 -1.1660 0.2755 -0.9182 0.2385 -0.2402 
29.3639 -1.2402 -4.0901 -0.7031 0.2038 -0.6229 -0.8425 -0.0608 0.4424 0.4271 -0.0888 0.4697 -0.2841 
29.1911 -1.1410 -3.1259 -0.7692 -0.3104 -1.8072 -0.4618 -0.4075 1.2640 0.4446 -0.5398 -0.0844 0.0643 
29.6026 -0.3054 -3.3732 -1.6389 -0.2553 -0.7309 -0.0041 -0.4021 0.3068 -0.0923 0.1431 0.0345 -0.3203 
28.2096 -0.8878 -2.6942 -0.7726 -0.8287 -0.6665 0.0513 -0.2734 -0.4565 -1.0641 -0.3952 0.0705 -0.3916 
27.6851 0.1264 -3.5502 -0.3326 -0.1379 -0.7129 -0.7802 -0.4698 -0.2501 0.1462 -0.4256 -0.2173 -0.5246 
26.5639 -0.2886 -3.6037 -0.5708 0.3209 0.3455 -0.2781 -0.8696 0.2499 0.1995 -0.7669 -0.5016 -0.1821 
27.2951 1.3848 -2.9733 -2.1992 0.4050 0.5268 -0.4826 -0.5152 0.1148 -0.2261 -0.6537 -0.2285 -0.1938 
27.3056 1.3978 -2.2110 -1.3735 -0.5921 -0.4095 -0.4087 -0.3530 0.3911 0.6800 -0.0541 -0.2569 -0.3889 
26.5811 1.2268 -2.4750 -1.6039 -0.2845 -0.6202 -1.0525 -0.0109 0.5009 1.1095 -0.4154 0.1447 -0.5736 
26.5749 0.2875 -4.0024 -1.8579 -0.8607 -0.7668 -1.0175 -0.7359 0.4115 0.8992 -0.9381 -0.8021 -0.2368 
25.0803 0.5003 -2.9911 -2.0034 -0.3800 -0.1224 0.0700 -0.2612 0.5890 0.6547 -0.2729 0.2101 -0.2504 
25.6709 1.8817 -2.1350 -1.9476 0.2235 -0.2019 -0.2786 -0.2954 0.5879 0.2932 0.0952 -0.3635 -0.2762 
25.4684 1.5525 -2.0543 -1.2163 -0.6251 -0.6706 -0.2126 0.4241 0.7157 0.4206 -0.3443 -0.3368 0.5776 
24.7206 1.8413 -3.5215 -3.1225 -0.7493 -0.5694 -0.4362 -0.1064 0.3939 0.4834 0.3569 0.1642 -0.0147 
26.1913 1.5521 -2.4141 -1.9397 -0.0367 -0.0680 -0.3359 0.2545 0.6547 0.0903 -0.7333 -0.2107 0.2142 
26.0806 0.7870 -3.0180 -1.0341 -0.5864 -0.8943 0.4673 0.2671 0.2546 0.6721 -0.2967 0.2013 0.2623 
24.2803 1.1312 -2.3406 -2.0057 -0.8116 0.2071 -0.5073 -0.3182 0.2251 0.4129 -0.0431 -0.4067 -0.1655 
24.5120 0.6535 -1.8385 -1.6762 -1.0995 -0.0700 -0.1183 -1.1021 -0.1999 0.1328 -0.2968 -0.1095 -0.0003 
23.6570 -1.2154 -1.4513 -1.7443 -0.9547 -0.6026 0.2681 -0.5405 0.4820 0.7929 -0.5063 0.5703 0.5488 
23.0489 0.1779 -1.3748 -1.9411 -0.7696 0.6900 0.6003 0.1045 -0.0451 1.0461 -0.6287 -0.3587 0.3243 
25.8667 0.9227 -1.3653 -0.0480 -2.0474 -0.3823 0.1284 -0.7989 0.1134 -0.3296 -0.0071 0.0159 -0.2793 
24.8942 1.3952 -0.5703 -1.0540 -0.9025 -0.4722 0.6803 0.0588 -0.7508 0.4195 -0.4833 -0.1305 -0.6528 
24.6171 1.6304 -1.3621 -1.6210 -1.1470 0.6368 -1.0523 -0.4728 -0.5169 0.0224 -0.3304 -0.1905 -0.6314 
25.7620 1.3711 -1.8872 -0.8553 -2.1622 0.3870 -0.3127 -0.0454 -0.1439 0.1398 -0.3362 -0.0415 -0.6580 
25.6547 1.2846 -1.4330 -1.5326 -1.6052 -0.5354 -0.8695 0.1260 0.3779 -0.3636 -0.3762 0.2965 -0.7494 
25.5918 1.7534 -2.2552 -1.8242 -0.8799 -1.7885 -0.3714 -0.2931 -0.0149 0.6379 -0.3829 -0.0152 -0.2447 
26.2131 1.7341 -3.0696 -1.7347 -1.1603 -0.8987 -0.0510 -1.3115 0.6528 -0.2940 -0.3610 -0.0624 0.0400 
25.6761 1.7307 -2.8130 -0.6740 -0.8571 -0.1131 -0.0856 -0.4431 -0.0483 -0.3563 -0.1291 -0.3942 -0.0769 
24.7006 1.2686 -2.0951 -2.3415 -0.2783 -0.4781 0.5275 -0.6683 0.5285 -0.2596 -0.1756 -0.1804 -0.9227 
24.9373 0.5763 -1.1663 -1.0798 -1.3238 -0.2423 -0.3183 -0.0911 0.4122 -0.0491 -0.1586 -0.5052 -0.2269 
23.2217 0.1398 -1.1522 -2.2221 -1.6647 -0.9026 -0.5236 -0.4765 0.0625 -0.8181 -1.1655 -0.4456 -0.1630 
25.3366 1.9894 -1.5301 -1.2761 -0.0720 -0.6694 0.5268 -0.4178 -0.3559 0.5139 -0.5087 -0.0804 -0.6634 
25.6286 1.5874 -2.1258 -0.6068 -1.3388 -0.3006 -0.2945 -0.2082 0.8660 -0.0036 -0.0019 0.1534 -0.7775 
24.6913 1.0004 -3.1658 -1.7673 -0.4474 -0.1501 -0.4428 0.4046 1.0260 0.1633 -0.2185 0.2085 0.1559 
23.9318 1.1647 -1.8338 -2.2706 0.7888 0.1162 -0.8762 0.9708 0.9568 -0.2932 -0.2471 -0.5696 -0.5841 
24.1712 0.4954 -2.6810 -2.4206 -0.3318 -0.4600 0.3564 -1.0871 0.6354 -0.0051 -0.2611 -0.2561 -0.1931 
23.3563 0.5536 -0.9661 -1.2692 -1.7428 0.2154 0.5770 -0.0032 0.5517 -0.2051 -0.1059 0.0284 -0.0614 
25.3859 1.9886 -1.0477 -1.0920 -1.6297 -0.4445 -0.1911 -0.8614 0.1974 -0.0244 -0.3770 -0.0545 -0.2627 
24.6296 1.0305 -0.9606 -1.2207 -1.3180 -0.0744 -0.3553 -0.4625 -0.0835 0.0732 -0.2827 -0.9041 -0.5003 
23.8006 2.5679 -0.7568 -0.4829 -1.0744 -0.0976 -0.2513 -0.3992 0.4275 -0.4497 -0.1230 -0.5132 -0.1795 
24.6993 1.1257 -0.7877 -0.2243 -1.5006 -0.5034 0.1603 0.2343 0.3720 0.2389 -1.2447 -0.1404 0.2019 
24.1932 0.9667 -2.4930 -1.8183 -2.1640 -0.3481 -0.6485 -0.3083 -0.3788 0.2994 0.0431 -0.4858 -0.3539 
24.1099 1.2585 -1.2139 -2.1000 -1.1130 1.1924 -0.3597 0.0909 0.1655 0.2449 -0.3797 -0.2026 -0.5060 
22.7714 -1.1468 -1.2218 -0.0707 -0.9170 -1.1446 0.0031 0.3116 1.0070 0.5732 0.4110 0.2496 0.7764 
26.0026 0.4381 -1.9704 -0.4036 0.1934 -0.2594 0.0221 -0.1834 -0.3340 -1.0150 -0.3262 0.1800 -0.5106 
26.2993 0.5234 -2.6649 -0.4957 -0.1375 -1.0180 -0.2247 0.1058 0.1640 0.0150 0.7867 0.3371 -0.6603 
25.1438 -0.6831 -4.0383 -2.5208 -2.0918 -2.3644 -1.1680 -1.3575 -1.1649 -1.3397 -0.7993 -0.4587 -1.0582 
26.1420 0.6326 -1.5324 -0.6318 -1.4255 0.2335 0.4851 -0.4801 -0.0477 -0.3220 -0.1766 -0.1475 -0.4338 
25.4208 -0.1862 -1.9278 -0.9946 -0.3546 -0.1910 0.1561 -1.2165 -0.5513 0.0306 -0.3446 -0.2023 -0.3666 
24.5260 0.4502 -1.7990 -0.4989 -1.2595 -0.7481 0.8074 -0.4421 -0.5590 -0.6848 0.0464 -0.0888 -0.4005 
23.2916 -0.6024 -1.9214 -0.6106 -0.5071 -1.7445 0.8380 0.1245 0.5652 -0.3208 0.5718 0.6514 0.7146 
23.4586 -0.5560 -0.6962 0.8447 -1.4119 -2.5114 0.6046 -0.1944 -0.3535 -0.7607 -0.4439 -0.7477 0.8284 
25.6360 -0.4617 -1.4483 0.5424 -0.4976 -1.5338 -0.1638 -1.3851 -0.3684 0.4023 0.4203 -0.5937 -0.0615 
24.1429 -0.9257 -2.2198 -0.3538 -1.3769 0.6322 0.5662 -0.1880 0.7564 1.2084 -0.0240 -0.0679 -0.1114 
23.3898 0.3380 -1.0195 -0.3550 -1.2967 -1.5218 0.0606 0.5589 -0.1576 1.0455 0.0344 -0.0881 -0.2641 
23.1837 0.8795 -2.6556 0.2257 -1.9738 -1.5057 0.0695 0.2726 0.4860 0.0382 -0.2927 0.0274 0.4807 
