nan nan nan nan nan nan nan nan nan nan nan nan nan 
nan nan nan nan nan nan nan nan nan nan nan nan nan 
nan nan nan nan nan nan nan nan nan nan nan nan nan 
nan nan nan nan nan nan nan nan nan nan nan nan nan 
nan nan nan nan nan nan nan nan nan nan nan nan nan 
nan nan nan nan nan nan nan nan nan nan nan nan nan 
29.7673 3.6565 -4.4074 -1.0058 -1.3794 -1.2104 -0.5842 0.5339 0.7187 -0.4336 -0.0330 -0.1970 0.6818 
29.7552 2.4229 -4.4540 -1.6780 -1.8483 -1.6417 -0.0246 1.5874 2.2530 -0.5325 -0.9382 0.9288 0.8830 
30.4800 2.3546 -4.6033 -1.5311 -2.1772 -2.1027 -0.5746 2.3602 2.4998 -0.5143 -2.0215 0.4419 0.7335 
31.0773 0.9784 -4.8784 -1.4207 -1.5292 -1.6101 0.2418 2.1902 2.9016 0.0001 -1.8235 0.2340 0.5202 
31.4738 0.6201 -3.0560 -1.4166 -2.8727 -1.0919 0.1143 0.7253 1.8598 0.9773 -1.2768 -0.3678 1.3532 
32.1560 -0.9844 -3.5804 -1.5167 -1.5963 -1.6612 -0.6583 0.6822 2.1600 1.3481 -0.7116 -0.1916 1.7436 
31.8538 -1.5250 -3.4838 -1.9903 -2.1177 -1.6375 -0.9220 0.0701 0.9814 0.7896 -0.4967 -1.2146 0.7761 
31.7010 -1.4957 -3.6827 -0.6337 -2.3714 -1.7569 -0.8447 -0.5903 0.4851 1.5546 0.0676 -1.1147 0.0754 
32.7115 -0.8437 -4.5519 -0.5365 -3.7309 -1.0291 -0.7349 -0.1282 0.6391 1.1334 0.8118 -1.2714 0.7685 
32.7309 -1.0143 -3.5408 -0.6730 -3.3880 -1.0814 -1.1897 -0.1805 0.7663 0.5960 1.0798 -1.7128 0.4567 
32.3142 -1.7980 -2.6958 -1.5552 -3.6455 -0.9936 -1.5398 -0.2449 0.7125 0.4785 0.4520 -0.8573 -0.1658 
29.9264 -2.9802 -1.4515 -1.0444 -4.4645 -1.1400 -1.1777 0.2678 0.3029 0.5760 1.2467 -0.2343 -0.4534 
31.0321 -3.2357 -3.1015 0.1151 -2.3025 -0.4668 -1.1347 -0.5119 0.3445 0.5544 0.9416 -1.3550 -0.8340 
30.8862 -3.3685 -3.0435 -0.4494 -2.2882 -0.6986 -1.4001 -0.6128 0.3894 0.4823 0.7330 -1.1316 -0.9578 
30.1384 -2.9490 -1.7264 -1.1477 -2.6501 -1.2563 -1.1858 -0.5116 0.2575 0.5002 1.0827 -0.7618 -0.8398 
31.1755 -3.2719 -1.4278 -1.7709 -2.2514 -0.6906 -0.8899 -0.4225 0.4657 0.6109 0.2342 -0.4636 -0.5208 
28.8167 -1.3610 -1.8241 -1.9509 -3.1699 -0.2218 -0.8236 0.1229 0.4728 0.6729 0.7023 -0.1713 0.2006 
25.2991 -2.0796 0.7255 -1.1553 -2.7403 -0.4027 0.0927 -0.0031 0.2627 0.1081 -0.0476 -0.2039 -1.0207 
23.8642 -0.0142 0.2217 -3.0221 -2.9582 0.0402 -0.9677 0.1004 0.0979 -0.2214 -0.0858 -0.0686 -0.6626 
22.6199 -0.4483 -1.7380 -2.6698 -2.7212 -0.3381 -1.0328 0.0996 1.5022 0.9212 0.8570 0.1555 0.4128 
20.2683 0.3741 -1.2149 -1.8806 -2.1688 -0.4751 -0.4755 0.8856 1.1809 0.9425 0.3009 -0.1341 -0.0801 
19.1524 -0.8806 -1.6196 -1.6880 -0.6328 -1.0470 -0.4906 0.0491 0.3425 0.0462 0.0479 -0.4479 -0.6404 
18.0918 -1.5332 -2.0916 -1.7744 -1.5277 -1.4503 -0.6375 -0.0878 -0.5999 -0.2568 -1.0562 -0.2222 -0.8708 
18.2818 0.0023 0.1873 0.3393 -1.0566 -1.2408 -0.6031 -0.6207 0.1782 -0.1352 0.0393 -0.2328 -0.2432 
17.9989 -0.2733 0.4216 -1.3667 -0.7467 -0.1467 -0.0479 -0.1108 0.0541 -0.5172 0.2457 -0.5398 -0.4200 
16.8794 -0.9590 0.8314 -1.3013 -1.6277 -1.5815 -0.5506 -0.5448 0.0129 0.0375 -0.8808 -0.7265 0.4732 
17.0703 -1.0548 -0.3685 -0.4695 -0.6370 0.3599 -0.5159 0.0825 -0.3667 -1.0881 -0.2369 -0.1796 -0.1200 
15.9237 -0.3421 1.3564 -0.0917 -0.2921 -0.0325 -0.8285 -1.2541 -0.6167 -0.5453 1.0901 0.3644 -0.1340 
16.2710 -0.8231 0.2908 -0.0611 -0.7262 0.5641 -1.0634 -0.3437 -0.4666 -0.2980 0.2481 -0.6947 -0.0707 
15.5319 -0.4580 0.4691 -1.3662 -0.5933 -0.6262 -0.3837 -0.6774 -0.5719 -0.4481 0.3043 -0.4538 -0.5758 
16.8011 -0.9052 -0.1006 -0.7202 -1.1973 -1.2390 -0.5714 -0.0453 -0.0339 -0.8531 -0.5650 -0.1742 0.3450 
7.4101 -1.7876 -0.0265 -1.2831 -0.0580 -0.1628 0.3477 0.5469 0.2376 -0.2803 -0.0355 -0.4861 -0.6047 
-3.5680 -3.0948 0.6774 -0.9396 -0.2904 -0.8840 -0.3990 0.4514 0.1382 -0.5098 -0.0948 -0.1314 0.1290 
-13.8533 -4.5004 1.0512 -0.9360 -0.1528 -0.9587 -0.5893 0.5786 0.2570 -0.5072 -0.1896 -0.1260 0.1682 
-24.0069 -5.9096 1.4009 -0.9191 -0.0122 -0.9250 -0.6868 0.6313 0.3882 -0.4784 -0.2236 -0.0646 0.1371 
-34.1129 -7.3680 1.7088 -0.8777 0.1158 -0.8709 -0.7663 0.6233 0.5109 -0.4218 -0.2333 0.0089 0.1126 
-44.1457 -8.8679 1.9185 -0.8440 0.2781 -0.7367 -0.8087 0.5190 0.5858 -0.2681 -0.1351 0.0987 0.0741 
-54.1293 -10.3964 2.0761 -0.7773 0.5273 -0.4911 -0.7898 0.3792 0.6696 0.0295 0.1229 0.2635 0.1036 
-63.4746 -11.1881 2.7304 -0.4277 0.8818 -0.1992 -0.7655 0.1076 0.5021 0.0304 0.0479 0.1017 -0.1295 
-71.8677 -11.0520 3.5202 -0.5528 0.6561 -0.1039 -0.5362 0.0713 0.3626 -0.0861 -0.0783 0.1273 -0.0854 
-80.1141 -10.7926 4.3577 -0.7097 0.2845 -0.1776 -0.3438 0.1769 0.4048 -0.1723 -0.3190 0.1207 0.1897 
-88.1937 -10.5055 5.0080 -0.9941 -0.0426 -0.1397 -0.1239 0.1593 0.3051 -0.1783 -0.3224 0.1422 0.2916 
-95.9083 -10.2027 4.9482 -2.1209 -0.7332 0.0768 0.1972 -0.2288 -0.1514 -0.1630 -0.2510 0.0511 0.1610 
-98.5344 -6.7136 3.7668 -2.8641 -0.1565 -0.4856 -0.4260 -0.0964 0.0991 0.3961 0.4316 0.1930 0.4893 
-99.0212 -3.6726 1.3121 -1.6359 0.8169 -0.9431 -0.1427 -0.8395 -0.8347 -0.7415 -0.8992 -0.4660 -0.0178 
-98.3228 -1.0730 0.4667 0.0577 -0.0268 0.0366 1.3222 0.5656 0.9176 0.7992 -0.5909 0.1694 0.3090 
nan nan nan nan nan nan nan nan nan nan nan nan nan 
-91.8968 -0.1541 -0.6168 -0.0488 -0.1879 -0.7158 0.0592 0.6245 -0.4169 0.5508 -0.0302 0.1823 0.7208 
-90.5024 -0.1732 -0.4148 -0.1103 -0.3053 -0.4641 -0.1888 0.2305 0.0287 0.8441 -0.0366 -0.1589 1.0015 
-87.8815 0.6479 -0.5614 0.4515 -0.3472 0.0153 -0.1196 0.4349 -0.6806 -0.2512 0.2951 -0.0563 0.6106 
-84.8396 -0.8844 -1.1363 -0.6463 -0.7234 -0.6985 -0.6321 -0.4544 -0.6081 -0.4509 -0.6041 -0.7822 -0.7162 
-83.7682 -1.0010 0.1350 0.6805 0.7224 0.4453 -1.2113 -0.1225 -0.1441 -0.0765 0.2690 0.3624 0.6716 
nan nan nan nan nan nan nan nan nan nan nan nan nan 
-78.4889 0.0151 -0.7989 -0.0734 -0.1472 -0.3438 -0.9381 0.9999 -0.4705 -0.1670 0.3903 -0.1818 0.5553 
-77.2595 -0.4565 0.0104 -1.0495 0.5455 0.0002 -0.4421 0.5188 0.4494 0.0296 0.7528 0.2881 -1.0677 
nan nan nan nan nan nan nan nan nan nan nan nan nan 
nan nan nan nan nan nan nan nan nan nan nan nan nan 
-68.2698 -1.1963 0.1869 1.1442 -0.1188 0.1453 0.5360 0.3503 -0.5170 -1.0315 -0.4109 0.3098 0.2478 
-65.2980 -0.2688 -0.2363 -0.1231 -0.3330 -0.5895 -0.0669 0.2252 -0.6909 0.1717 0.1693 -0.3575 -0.7900 
-63.2710 -0.5446 -0.3078 0.9058 -0.5960 -0.5881 -0.0267 -0.3174 0.0679 -0.0052 -0.4646 0.0746 0.5599 
-60.4624 -0.6996 -0.4677 0.4062 -0.4549 -0.0751 0.8538 0.8536 -0.4349 -0.0457 0.2959 0.4920 -0.1284 
-56.6865 -1.0204 -0.0559 0.3213 0.3948 -0.5496 -0.2477 0.3180 0.1217 0.3349 0.8216 0.2510 0.1926 
-54.9729 -1.5429 -1.3260 0.6640 -0.3303 0.0437 0.1131 0.1224 -0.7210 -0.9475 -0.8807 -0.5148 -0.6954 
-52.1985 -0.9163 -1.2110 0.2268 -0.5730 -0.8358 -0.7612 0.8104 -0.0849 0.4073 0.3477 0.2039 0.5741 
-48.9665 -0.3873 -0.9602 0.0468 0.4686 0.4700 0.5372 0.6319 -0.2780 0.2969 0.3427 -0.3178 0.1797 
-46.4024 -1.6680 -0.5806 0.1177 0.4047 0.2569 0.2890 -0.1355 -0.4634 -0.7584 -0.4978 -0.0175 -0.4449 
nan nan nan nan nan nan nan nan nan nan nan nan nan 
-42.1981 -0.6393 -1.1798 -0.2241 0.2280 -0.2346 -0.2177 -0.0582 -0.2064 -0.0185 -0.0957 0.4011 -0.4333 
