nan nan nan nan nan nan nan nan nan nan nan nan nan 
nan nan nan nan nan nan nan nan nan nan nan nan nan 
nan nan nan nan nan nan nan nan nan nan nan nan nan 
nan nan nan nan nan nan nan nan nan nan nan nan nan 
nan nan nan nan nan nan nan nan nan nan nan nan nan 
11.1422 -1.5931 1.1044 -0.1906 -0.6299 -0.0704 -0.2402 0.0654 -0.1107 0.0788 0.2023 -0.0162 -0.3180 
12.7678 0.3340 0.9134 -0.6555 -0.7762 -0.2431 -1.5529 -0.6748 -0.4137 0.4285 -0.9209 -0.0844 0.0736 
11.6101 -0.1014 1.5736 0.4077 -0.8785 -0.5403 0.3477 -0.4155 -0.7327 -0.0961 -0.2410 0.1760 -0.2592 
12.5198 0.1314 0.7578 -0.0655 -0.5672 -0.1156 -1.5754 -0.9832 0.0024 0.1085 -0.2509 -0.1528 0.4545 
13.2302 -1.4913 -0.1578 -1.4695 -0.4166 0.3485 -0.3039 0.3089 0.5871 0.7448 1.4482 0.5624 0.4576 
15.8949 0.3098 2.7125 -1.3971 -0.0160 0.1664 -1.1630 -0.7553 -0.3760 0.2492 -0.0273 -0.3461 0.2640 
14.5697 -0.4187 1.1589 -1.3132 -0.9014 -0.4439 -0.1151 -0.2113 0.3306 -0.3955 -0.4460 -0.0251 0.3562 
14.9146 -1.0735 0.6069 -0.6766 -0.9291 -0.3651 -0.0973 0.1991 -0.3419 0.1737 0.0326 0.5414 0.2839 
15.0046 -0.5063 1.4126 -1.8746 -1.0667 -0.1314 -0.5492 -0.9578 -1.0119 -0.8084 -0.9358 -0.3160 0.2460 
14.8250 -0.3322 1.6625 -0.0603 -1.1486 -0.5415 -0.8249 0.2768 -0.5095 -0.8884 -0.3784 -0.7361 0.1196 
13.6733 -0.6595 0.2724 -1.2341 -2.0999 -0.8404 -1.8900 -0.3084 -0.8208 -1.9376 -0.0078 0.1175 -0.7835 
13.5459 -0.2741 1.3153 -0.5962 -0.2173 0.8125 -1.5553 -1.0626 0.5559 -0.4052 -0.5978 -0.2225 0.3810 
13.9154 -0.7190 1.7763 -0.0710 -0.4921 0.1331 -1.0885 -1.1985 -0.4979 -0.9184 0.0626 0.4324 -0.2851 
15.3745 -0.6260 1.8606 0.2962 -1.0426 -0.3631 -2.0449 -0.7246 -0.0351 0.4541 -0.2129 -0.3545 -0.0155 
14.1297 -2.4036 -0.9975 -2.1455 0.6089 0.8126 -0.4071 -0.2420 -0.4106 -0.2705 -0.7171 -0.3950 0.3322 
16.7499 0.3121 0.5698 -0.5141 -0.6980 -0.0344 -0.6748 -0.3165 -0.0592 -0.1752 -0.3804 -0.4556 0.1854 
16.8116 -1.9977 0.1661 -0.5820 -0.5371 1.1690 0.1449 -0.6181 -0.1401 -0.9683 -0.1166 -0.2900 -0.0840 
20.3771 0.9909 -2.1555 -1.2507 -1.1863 -0.1266 0.6850 0.5247 1.0016 -0.2239 -0.7625 -0.3148 -0.0421 
29.4541 2.1581 -5.0236 -2.7161 -1.4662 -0.4144 0.0081 1.1809 1.1649 -0.7819 -0.3468 -0.0786 -0.6738 
29.5802 1.5886 -3.6292 -2.6257 -0.4333 -1.6137 -0.7213 2.8330 1.5479 -0.0242 -0.7030 0.7622 0.1961 
31.4978 0.3786 -4.2252 -2.5639 -1.2742 -1.2443 -0.3576 1.7501 1.9921 -0.2303 -1.4227 0.2742 0.1859 
31.9713 0.4055 -4.3562 -1.3975 -0.7531 -1.6543 0.9609 1.1120 3.2636 -0.6353 -1.2108 -0.1470 0.2659 
31.5426 -1.4222 -4.5301 -1.7855 -1.6833 -2.4341 1.1147 1.2566 3.9343 0.2270 -1.2361 0.4193 1.4459 
30.6886 -1.4503 -3.9214 -2.5116 -2.7940 -2.1875 1.0793 -0.1412 2.9621 1.2001 -1.2236 0.4630 1.9248 
31.6840 -2.0898 -3.2855 -1.4921 -2.3995 -2.5507 -0.1571 0.0098 2.1784 0.6952 -2.1298 -0.6225 1.6802 
32.4695 -2.2983 -3.1751 -1.6149 -2.2168 -1.6679 -0.0489 0.1285 2.1937 1.5821 -1.1558 -0.2364 1.9883 
33.8023 -2.9070 -3.4132 -1.2032 -1.9013 -1.5714 -0.7018 0.1177 1.2362 1.3820 -0.3093 -0.4889 1.0405 
34.5755 -2.7175 -3.4210 -0.2817 -2.3064 -1.2863 -0.6980 -0.1034 0.6461 1.2615 0.3738 -0.9842 0.0682 
34.1162 -2.3052 -3.4533 -0.6296 -3.1976 -1.1509 -1.4717 -0.1274 0.6073 0.3946 0.8870 -1.4293 -0.1423 
33.4191 -3.4814 -2.0168 -0.5900 -3.7359 -1.3034 -0.4363 0.2206 0.6569 0.2852 1.4914 -0.2694 -0.5002 
32.8908 -3.9457 -3.3318 0.0690 -1.3857 -0.2066 0.1408 -0.2622 0.9532 0.3566 0.8283 -0.7498 -0.8573 
31.5813 -3.1439 -2.4878 0.1339 -2.2373 -1.3426 -0.2925 -0.4820 0.8212 0.1739 1.1469 -0.2149 -1.0231 
31.7007 -3.0643 -3.2492 -0.6405 -2.1302 -1.1301 -0.7836 -0.8582 1.2292 0.2093 1.3635 -0.3429 -0.6856 
30.2042 -3.2119 -2.6110 -0.1576 -1.3097 -1.3956 -0.9488 -1.2237 0.6441 0.0207 1.4336 -0.5545 -0.8495 
30.0530 -3.1206 -2.5641 -1.4351 -1.8281 -1.8420 -1.1451 -0.8057 0.4446 0.4642 0.7712 -0.9108 -0.9896 
27.8909 -2.2873 -0.7988 -2.2400 -2.2714 -2.0047 -1.1963 -0.8554 -0.2297 0.1634 0.1945 -0.4361 -0.9534 
25.4375 -1.4441 -1.8086 -1.7046 -1.0205 -1.2722 -0.0353 0.6585 -0.3550 0.7374 0.3860 -1.1020 -0.7304 
21.6957 -1.7881 -1.1623 0.5029 -1.8243 -0.9827 -0.3141 -0.2991 -0.3186 0.0095 0.5114 -0.5455 -0.3063 
20.5767 -0.6017 -0.8340 -0.8235 -1.4190 -0.1590 -1.0977 -0.3406 0.5069 -0.1838 0.1733 -0.2948 -0.7982 
19.0576 -1.5149 0.0580 -0.7196 -2.2977 0.1576 -0.2700 0.7540 0.0933 -0.0907 -0.0748 -0.7186 -0.9939 
17.3299 -1.1206 -0.3123 -0.6669 -1.2923 -0.3093 -0.6546 1.0009 0.7015 -0.2497 0.1681 -1.0588 -0.6028 
13.5931 -1.2460 -0.5939 -2.2565 0.0482 -0.3196 -0.6696 0.6099 -0.0339 -0.4957 0.3699 -0.2484 0.0329 
0.2581 -4.2486 -1.2551 -2.8548 -0.5139 -0.7637 -1.1307 0.2408 -0.0318 -1.2243 -0.0406 -0.4240 -0.6403 
-11.3756 -6.1318 -0.4746 -1.8741 -0.2794 -0.2916 -0.4502 1.1549 0.8841 -0.6976 0.0796 -0.3077 -0.7439 
-22.6413 -8.0356 0.3058 -0.9415 -0.9206 -1.2438 -0.8811 1.4178 1.4741 -0.3282 -0.0421 0.2266 0.5246 
-32.7553 -9.2785 0.2666 -0.8565 -0.9024 -0.9539 -1.0791 0.7598 1.1216 -0.0561 0.2129 0.3025 0.4584 
-42.6336 -10.2225 0.4738 -0.6305 -0.7056 -0.5202 -1.0923 0.2807 0.7594 -0.1102 0.1657 0.1623 0.2376 
-52.7615 -11.4501 0.5775 -0.5017 -0.6910 -0.3628 -1.2321 -0.1706 0.4847 -0.2556 -0.0414 -0.1442 -0.0824 
-62.4944 -12.1477 1.2544 0.1611 -0.1798 0.2717 -0.7764 -0.0721 0.7079 -0.0924 -0.0450 -0.3161 -0.3008 
-71.1183 -11.6141 2.5002 0.6479 -0.2293 0.3616 -0.5747 -0.2129 0.6989 -0.2017 -0.1106 -0.1224 0.3279 
-79.5202 -11.0839 3.2735 0.4666 -0.6018 0.4823 -0.2570 -0.4814 0.6712 -0.1607 -0.0751 -0.2308 0.4641 
-88.1166 -10.9167 3.8908 0.4051 -0.9140 0.4188 0.1097 -0.6703 0.5353 -0.1390 0.2285 -0.3150 0.4141 
nan nan nan nan nan nan nan nan nan nan nan nan nan 
-98.7621 -6.2618 3.2402 -2.1438 -1.5087 0.5037 0.8326 -0.9298 0.1577 -0.2864 0.0901 -0.9847 0.1945 
-98.8976 -1.6320 1.6055 -1.3804 0.4930 -0.1024 1.0558 -0.1505 0.2964 -0.0975 0.2657 -0.5975 0.1020 
-inf -inf -inf -inf -inf -inf -inf -inf -inf nan nan nan nan 
-97.1861 -0.6374 -0.2154 -0.4893 -0.2108 -0.9432 -0.7096 -0.3152 -0.5534 -0.2358 0.3464 0.0991 -0.0998 
-93.5094 0.9970 -0.5099 0.1568 0.5012 -0.0579 -0.4171 0.7563 -0.4306 -0.0499 0.3741 0.2686 -0.2979 
nan nan nan nan nan nan nan nan nan nan nan nan nan 
-88.1310 0.6717 -0.7259 -1.4628 -0.7217 -0.0080 -0.8565 -0.4490 0.1470 0.4142 -0.3812 0.6294 0.7067 
nan nan nan nan nan nan nan nan nan nan nan nan nan 
nan nan nan nan nan nan nan nan nan nan nan nan nan 
nan nan nan nan nan nan nan nan nan nan nan nan nan 
nan nan nan nan nan nan nan nan nan nan nan nan nan 
-76.2167 0.0901 -0.0366 0.2789 -0.1022 0.3890 0.0091 -0.5087 -0.0687 0.5993 -0.0579 0.6993 0.4581 
nan nan nan nan nan nan nan nan nan nan nan nan nan 
nan nan nan nan nan nan nan nan nan nan nan nan nan 
-69.0469 1.2587 0.5190 -1.1726 0.4835 -0.4000 -0.9325 1.2006 0.0453 -1.2480 0.5266 -0.0422 -0.9533 
-66.0498 -0.1815 -0.1875 -0.0167 -0.0819 1.1165 -0.3079 0.1111 -0.4636 0.1399 -1.3353 0.1172 0.7157 
-inf -inf -inf -inf -inf -inf -inf -inf -inf nan nan nan nan 
nan nan nan nan nan nan nan nan nan nan nan nan nan 
-57.0545 -0.4222 -1.3132 -0.5320 -0.4809 -0.2828 -0.5759 -0.2957 -0.7450 -0.0935 -0.1017 -0.2441 -0.2627 
nan nan nan nan nan nan nan nan nan nan nan nan nan 
nan nan nan nan nan nan nan nan nan nan nan nan nan 
nan nan nan nan nan nan nan nan nan nan nan nan nan 
-inf -inf -inf -inf -inf -inf -inf -inf -inf nan nan nan nan 
nan nan nan nan nan nan nan nan nan nan nan nan nan 
nan nan nan nan nan nan nan nan nan nan nan nan nan 
nan nan nan nan nan nan nan nan nan nan nan nan nan 
-37.0553 0.3316 -0.0503 0.7827 0.0421 -0.7451 -1.3237 -0.3307 0.6393 1.2277 1.2206 -0.1841 -0.0963 
-34.1122 0.6645 0.3756 -0.7845 0.7441 0.2334 -0.5298 -0.3263 0.6175 -0.0000 -0.1412 0.2178 0.1148 
nan nan nan nan nan nan nan nan nan nan nan nan nan 
-inf -inf -inf -inf -inf -inf -inf -inf -inf nan nan nan nan 
nan nan nan nan nan nan nan nan nan nan nan nan nan 
-23.0632 0.4913 -0.5792 -0.4403 -0.2316 -0.3348 -0.1708 0.1514 0.0372 0.3127 0.3181 -0.6336 -0.4499 
nan nan nan nan nan nan nan nan nan nan nan nan nan 
nan nan nan nan nan nan nan nan nan nan nan nan nan 
